{"target": -56.70149992330056, "params": {"max_depth": 3.7450408455106836, "n_estimators": 28.911214540860954, "random_state": 8.53858201038273}, "datetime": {"datetime": "2021-09-29 22:25:52", "elapsed": 0.175659, "delta": 0.086704}}
{"target": -56.6909446758429, "params": {"max_depth": 5.155266936013428, "n_estimators": 30.383890288065896, "random_state": 14.01917050753843}, "datetime": {"datetime": "2021-09-29 22:25:53", "elapsed": 0.286658, "delta": 0.110999}}
{"target": -57.34575513765208, "params": {"max_depth": 3.8178089989260697, "n_estimators": 39.56234872781891, "random_state": 1.520364270760597}, "datetime": {"datetime": "2021-09-29 22:25:53", "elapsed": 0.406617, "delta": 0.119959}}
{"target": -56.77814862774685, "params": {"max_depth": 3.0, "n_estimators": 33.09400930093059, "random_state": 10.580781697775876}, "datetime": {"datetime": "2021-09-29 22:25:53", "elapsed": 0.860617, "delta": 0.454}}
{"target": -56.889132443413246, "params": {"max_depth": 3.0, "n_estimators": 25.200744605518935, "random_state": 13.770684902308693}, "datetime": {"datetime": "2021-09-29 22:25:53", "elapsed": 1.236612, "delta": 0.375995}}
{"target": -55.998894273266664, "params": {"max_depth": 3.0, "n_estimators": 33.570936391979664, "random_state": 20.0}, "datetime": {"datetime": "2021-09-29 22:25:54", "elapsed": 1.663216, "delta": 0.426604}}
{"target": -56.99814737634842, "params": {"max_depth": 3.0, "n_estimators": 38.313776642057086, "random_state": 20.0}, "datetime": {"datetime": "2021-09-29 22:25:54", "elapsed": 2.155179, "delta": 0.491963}}
{"target": -56.50505767526197, "params": {"max_depth": 3.0, "n_estimators": 30.533421126717624, "random_state": 20.0}, "datetime": {"datetime": "2021-09-29 22:25:55", "elapsed": 2.690888, "delta": 0.535709}}
{"target": -57.41275740945602, "params": {"max_depth": 5.820515904639187, "n_estimators": 33.47842481903575, "random_state": 19.633945666901205}, "datetime": {"datetime": "2021-09-29 22:25:55", "elapsed": 3.223136, "delta": 0.532248}}
{"target": -56.35617764137516, "params": {"max_depth": 6.821782302164781, "n_estimators": 35.28142831684095, "random_state": 9.943692158654464}, "datetime": {"datetime": "2021-09-29 22:25:56", "elapsed": 3.436471, "delta": 0.213335}}
{"target": -56.19714302023884, "params": {"max_depth": 4.954930891499413, "n_estimators": 38.82357347464548, "random_state": 19.602300328926965}, "datetime": {"datetime": "2021-09-29 22:25:56", "elapsed": 3.645465, "delta": 0.208994}}
{"target": -57.14316630309369, "params": {"max_depth": 4.289891037747414, "n_estimators": 37.270708975546206, "random_state": 17.28227164595948}, "datetime": {"datetime": "2021-09-29 22:25:56", "elapsed": 3.887472, "delta": 0.242007}}
{"target": -55.086147336209315, "params": {"max_depth": 6.419789493528546, "n_estimators": 36.38704110320431, "random_state": 18.32744754858886}, "datetime": {"datetime": "2021-09-29 22:25:56", "elapsed": 4.102468, "delta": 0.214996}}
{"target": -56.1519810978239, "params": {"max_depth": 5.708446105070634, "n_estimators": 32.95822085407478, "random_state": 8.280974175635391}, "datetime": {"datetime": "2021-09-29 22:25:57", "elapsed": 4.354508, "delta": 0.25204}}
{"target": -56.48398890513535, "params": {"max_depth": 3.5630244040123413, "n_estimators": 24.787591137965553, "random_state": 7.019813925173072}, "datetime": {"datetime": "2021-09-29 22:25:57", "elapsed": 4.503468, "delta": 0.14896}}
{"target": -57.07990534630788, "params": {"max_depth": 4.0960018707365515, "n_estimators": 37.286968076514086, "random_state": 2.2705403675459856}, "datetime": {"datetime": "2021-09-29 22:25:57", "elapsed": 4.712472, "delta": 0.209004}}
{"target": -55.086147336209315, "params": {"max_depth": 6.783729143784204, "n_estimators": 36.63105312148133, "random_state": 18.289214897911453}, "datetime": {"datetime": "2021-09-29 22:25:57", "elapsed": 5.08446, "delta": 0.371988}}
{"target": -57.757708876161004, "params": {"max_depth": 6.483581762857888, "n_estimators": 36.90693889350427, "random_state": 19.25236548153505}, "datetime": {"datetime": "2021-09-29 22:25:58", "elapsed": 5.784198, "delta": 0.699738}}
{"target": -57.888679566795034, "params": {"max_depth": 5.454498642871535, "n_estimators": 33.14783791282319, "random_state": 13.418531485733816}, "datetime": {"datetime": "2021-09-29 22:25:58", "elapsed": 5.99077, "delta": 0.206572}}
{"target": -55.77914050800435, "params": {"max_depth": 3.0672506601170495, "n_estimators": 27.167136739953698, "random_state": 16.211109408190985}, "datetime": {"datetime": "2021-09-29 22:25:58", "elapsed": 6.144934, "delta": 0.154164}}
{"target": -55.646197389491036, "params": {"max_depth": 4.24930415291709, "n_estimators": 32.92516721464071, "random_state": 16.708406996389243}, "datetime": {"datetime": "2021-09-29 22:25:59", "elapsed": 6.326934, "delta": 0.182}}
{"target": -58.355254408987946, "params": {"max_depth": 6.656669075406462, "n_estimators": 36.377331621032376, "random_state": 17.977492921227164}, "datetime": {"datetime": "2021-09-29 22:25:59", "elapsed": 6.701923, "delta": 0.374989}}
{"target": -58.40364353850498, "params": {"max_depth": 6.645605791948111, "n_estimators": 34.45349117111113, "random_state": 19.416353470989897}, "datetime": {"datetime": "2021-09-29 22:25:59", "elapsed": 6.943564, "delta": 0.241641}}
{"target": -58.811824085548245, "params": {"max_depth": 6.2161832183660035, "n_estimators": 28.35918995563373, "random_state": 12.524058962671678}, "datetime": {"datetime": "2021-09-29 22:25:59", "elapsed": 7.174558, "delta": 0.230994}}
{"target": -57.98537835132191, "params": {"max_depth": 3.9201673940528, "n_estimators": 23.295736350680656, "random_state": 14.373067300939883}, "datetime": {"datetime": "2021-09-29 22:26:00", "elapsed": 7.327558, "delta": 0.153}}
{"target": -58.21127749753404, "params": {"max_depth": 6.432349544617984, "n_estimators": 39.067716784742316, "random_state": 17.76151947404677}, "datetime": {"datetime": "2021-09-29 22:26:00", "elapsed": 7.582564, "delta": 0.255006}}
{"target": -56.08713335024383, "params": {"max_depth": 5.393867471506059, "n_estimators": 24.30262611793939, "random_state": 8.77425377740966}, "datetime": {"datetime": "2021-09-29 22:26:00", "elapsed": 7.784562, "delta": 0.201998}}
{"target": -55.806187078819505, "params": {"max_depth": 6.356815906131153, "n_estimators": 30.37020957410381, "random_state": 6.625698930105643}, "datetime": {"datetime": "2021-09-29 22:26:00", "elapsed": 7.993568, "delta": 0.209006}}
{"target": -55.44957584968609, "params": {"max_depth": 4.23251675893143, "n_estimators": 39.14680985957227, "random_state": 15.529294374928485}, "datetime": {"datetime": "2021-09-29 22:26:00", "elapsed": 8.227559, "delta": 0.233991}}
{"target": -54.90892804540641, "params": {"max_depth": 4.309823509122278, "n_estimators": 33.02792710535457, "random_state": 5.238290693433897}, "datetime": {"datetime": "2021-09-29 22:26:01", "elapsed": 8.447562, "delta": 0.220003}}
{"target": -57.779902834379996, "params": {"max_depth": 3.17196798914133, "n_estimators": 30.297259102143762, "random_state": 1.100539887210283}, "datetime": {"datetime": "2021-09-29 22:26:01", "elapsed": 8.652569, "delta": 0.205007}}
{"target": -56.976346636584715, "params": {"max_depth": 3.458802652185167, "n_estimators": 34.64964232102743, "random_state": 8.789081453425364}, "datetime": {"datetime": "2021-09-29 22:26:01", "elapsed": 8.903797, "delta": 0.251228}}
{"target": -57.902289272899544, "params": {"max_depth": 3.5538120363955104, "n_estimators": 30.75374935271235, "random_state": 14.206384905504878}, "datetime": {"datetime": "2021-09-29 22:26:01", "elapsed": 9.111796, "delta": 0.207999}}
{"target": -56.015377368525385, "params": {"max_depth": 3.8730599609061547, "n_estimators": 36.8274894255953, "random_state": 11.17218075636702}, "datetime": {"datetime": "2021-09-29 22:26:02", "elapsed": 9.353802, "delta": 0.242006}}
{"target": -56.8451767370692, "params": {"max_depth": 3.41280507204334, "n_estimators": 23.14297735810254, "random_state": 8.023275486009604}, "datetime": {"datetime": "2021-09-29 22:26:02", "elapsed": 9.532789, "delta": 0.178987}}
{"target": -58.30457146900875, "params": {"max_depth": 4.747662427960744, "n_estimators": 25.869450100180867, "random_state": 2.439552388457891}, "datetime": {"datetime": "2021-09-29 22:26:02", "elapsed": 9.7278, "delta": 0.195011}}
{"target": -57.06231842052987, "params": {"max_depth": 3.1686877865555445, "n_estimators": 24.3367641382289, "random_state": 10.533514771414554}, "datetime": {"datetime": "2021-09-29 22:26:02", "elapsed": 9.920801, "delta": 0.193001}}
{"target": -54.344146361624425, "params": {"max_depth": 5.0818861715439745, "n_estimators": 38.532602852116966, "random_state": 15.998218478346367}, "datetime": {"datetime": "2021-09-29 22:26:02", "elapsed": 10.211425, "delta": 0.290624}}
{"target": -56.295924021886194, "params": {"max_depth": 3.7923967418239557, "n_estimators": 29.074465405280925, "random_state": 17.720697788307714}, "datetime": {"datetime": "2021-09-29 22:26:03", "elapsed": 10.45343, "delta": 0.242005}}
{"target": -56.84382664835863, "params": {"max_depth": 6.051391154728339, "n_estimators": 31.36481090209292, "random_state": 4.724007172573096}, "datetime": {"datetime": "2021-09-29 22:26:03", "elapsed": 10.697435, "delta": 0.244005}}
{"target": -59.85783615928053, "params": {"max_depth": 6.335526949595359, "n_estimators": 24.480546172235158, "random_state": 1.6877670225619603}, "datetime": {"datetime": "2021-09-29 22:26:03", "elapsed": 10.933198, "delta": 0.235763}}
{"target": -56.88316316413121, "params": {"max_depth": 4.978950691116659, "n_estimators": 39.06503473525446, "random_state": 1.7427109377006311}, "datetime": {"datetime": "2021-09-29 22:26:03", "elapsed": 11.227198, "delta": 0.294}}
{"target": -55.922202142388024, "params": {"max_depth": 4.018908042779672, "n_estimators": 38.909802073402005, "random_state": 3.4824794259076057}, "datetime": {"datetime": "2021-09-29 22:26:04", "elapsed": 11.503198, "delta": 0.276}}
{"target": -58.77555024666806, "params": {"max_depth": 6.018811349078195, "n_estimators": 26.7275305847279, "random_state": 17.628619609838978}, "datetime": {"datetime": "2021-09-29 22:26:04", "elapsed": 11.729206, "delta": 0.226008}}
{"target": -56.38989007227055, "params": {"max_depth": 3.0621121514063803, "n_estimators": 37.512290881894515, "random_state": 18.50162036598189}, "datetime": {"datetime": "2021-09-29 22:26:04", "elapsed": 11.978202, "delta": 0.248996}}
{"target": -58.355254408987946, "params": {"max_depth": 6.243478881718884, "n_estimators": 36.94492131774451, "random_state": 17.901050949579854}, "datetime": {"datetime": "2021-09-29 22:26:05", "elapsed": 12.306202, "delta": 0.328}}
{"target": -57.331881232728406, "params": {"max_depth": 5.385595631452025, "n_estimators": 31.31780276193716, "random_state": 19.78472190747504}, "datetime": {"datetime": "2021-09-29 22:26:05", "elapsed": 12.592205, "delta": 0.286003}}
{"target": -56.53291672413992, "params": {"max_depth": 4.074710996514756, "n_estimators": 35.263319310270376, "random_state": 8.784919834009793}, "datetime": {"datetime": "2021-09-29 22:26:05", "elapsed": 12.857918, "delta": 0.265713}}
{"target": -57.0039166271858, "params": {"max_depth": 3.334053777880587, "n_estimators": 26.045373502001134, "random_state": 6.658632979450196}, "datetime": {"datetime": "2021-09-29 22:26:05", "elapsed": 13.096455, "delta": 0.238537}}
{"target": -56.104336587691925, "params": {"max_depth": 3.266375028852595, "n_estimators": 32.17233324051577, "random_state": 3.0561583802350034}, "datetime": {"datetime": "2021-09-29 22:26:06", "elapsed": 13.351462, "delta": 0.255007}}
{"target": -56.5871638832936, "params": {"max_depth": 4.435453168249294, "n_estimators": 24.645359450373558, "random_state": 9.436612882940183}, "datetime": {"datetime": "2021-09-29 22:26:06", "elapsed": 13.589461, "delta": 0.237999}}
{"target": -59.0437076157738, "params": {"max_depth": 5.621244459307148, "n_estimators": 26.986077108353435, "random_state": 13.214159281188305}, "datetime": {"datetime": "2021-09-29 22:26:06", "elapsed": 13.841462, "delta": 0.252001}}
{"target": -55.054781071742, "params": {"max_depth": 6.967854470805047, "n_estimators": 39.15576613139251, "random_state": 18.188960599038158}, "datetime": {"datetime": "2021-09-29 22:26:06", "elapsed": 14.155457, "delta": 0.313995}}
{"target": -55.174439660504774, "params": {"max_depth": 4.820791768992559, "n_estimators": 32.171230992067066, "random_state": 5.6085518066495}, "datetime": {"datetime": "2021-09-29 22:26:07", "elapsed": 14.460454, "delta": 0.304997}}
{"target": -56.68316312087357, "params": {"max_depth": 3.168815664478196, "n_estimators": 35.152808591552144, "random_state": 19.832230848486024}, "datetime": {"datetime": "2021-09-29 22:26:07", "elapsed": 14.724454, "delta": 0.264}}
{"target": -56.285114807303806, "params": {"max_depth": 3.2347388964486443, "n_estimators": 22.27200219240884, "random_state": 17.458939284572196}, "datetime": {"datetime": "2021-09-29 22:26:07", "elapsed": 14.962761, "delta": 0.238307}}
{"target": -56.39473891522566, "params": {"max_depth": 3.434558160857324, "n_estimators": 38.3082530603424, "random_state": 19.517962279896484}, "datetime": {"datetime": "2021-09-29 22:26:07", "elapsed": 15.237413, "delta": 0.274652}}
{"target": -55.88482990796757, "params": {"max_depth": 6.486988007311876, "n_estimators": 25.57190343905981, "random_state": 8.956937836010184}, "datetime": {"datetime": "2021-09-29 22:26:08", "elapsed": 15.523412, "delta": 0.285999}}
{"target": -56.889132443413246, "params": {"max_depth": 3.2876486179762408, "n_estimators": 25.12214488236345, "random_state": 13.87217361607038}, "datetime": {"datetime": "2021-09-29 22:26:08", "elapsed": 15.780411, "delta": 0.256999}}
{"target": -55.806187078819505, "params": {"max_depth": 6.39893289315257, "n_estimators": 30.381963370206115, "random_state": 6.643783241958262}, "datetime": {"datetime": "2021-09-29 22:26:08", "elapsed": 16.064411, "delta": 0.284}}
{"target": -56.2431360219396, "params": {"max_depth": 5.27020864259249, "n_estimators": 27.506507483909992, "random_state": 10.736381280222997}, "datetime": {"datetime": "2021-09-29 22:26:09", "elapsed": 16.337419, "delta": 0.273008}}
{"target": -54.344146361624425, "params": {"max_depth": 5.222756663617553, "n_estimators": 38.516866324991376, "random_state": 15.976018601655127}, "datetime": {"datetime": "2021-09-29 22:26:09", "elapsed": 16.770412, "delta": 0.432993}}
{"target": -55.63610641570308, "params": {"max_depth": 4.941275322429358, "n_estimators": 38.753966741029394, "random_state": 16.119188845940126}, "datetime": {"datetime": "2021-09-29 22:26:09", "elapsed": 17.145618, "delta": 0.375206}}
{"target": -56.92570231886476, "params": {"max_depth": 3.068042184576377, "n_estimators": 27.86644610105857, "random_state": 6.920395157565025}, "datetime": {"datetime": "2021-09-29 22:26:10", "elapsed": 17.419619, "delta": 0.274001}}
{"target": -56.104336587691925, "params": {"max_depth": 3.344992560218493, "n_estimators": 32.944117679687835, "random_state": 3.755598497439697}, "datetime": {"datetime": "2021-09-29 22:26:10", "elapsed": 17.695618, "delta": 0.275999}}
{"target": -54.344146361624425, "params": {"max_depth": 5.302186322137605, "n_estimators": 38.38658448764981, "random_state": 15.746869636044828}, "datetime": {"datetime": "2021-09-29 22:26:10", "elapsed": 18.17562, "delta": 0.480002}}
{"target": -55.086147336209315, "params": {"max_depth": 6.644596646912868, "n_estimators": 36.45119573844202, "random_state": 18.74980250703183}, "datetime": {"datetime": "2021-09-29 22:26:11", "elapsed": 18.722619, "delta": 0.546999}}
{"target": -54.344146361624425, "params": {"max_depth": 5.226027460101694, "n_estimators": 38.19750398376941, "random_state": 15.808409609219078}, "datetime": {"datetime": "2021-09-29 22:26:11", "elapsed": 19.22964, "delta": 0.507021}}
{"target": -55.174439660504774, "params": {"max_depth": 4.40203964513423, "n_estimators": 32.61827536372189, "random_state": 5.657544869833536}, "datetime": {"datetime": "2021-09-29 22:26:12", "elapsed": 19.726632, "delta": 0.496992}}
{"target": -54.344146361624425, "params": {"max_depth": 5.0339290065294175, "n_estimators": 38.27632106209155, "random_state": 15.444548697290557}, "datetime": {"datetime": "2021-09-29 22:26:13", "elapsed": 20.377277, "delta": 0.650645}}
{"target": -55.51392513380715, "params": {"max_depth": 4.88747117229447, "n_estimators": 38.09553853969262, "random_state": 15.704786701263602}, "datetime": {"datetime": "2021-09-29 22:26:13", "elapsed": 21.105276, "delta": 0.727999}}
{"target": -56.34713000565712, "params": {"max_depth": 5.0228898585816495, "n_estimators": 41.79897607950768, "random_state": 8.646511190412737}, "datetime": {"datetime": "2021-09-29 22:26:14", "elapsed": 21.460284, "delta": 0.355008}}
{"target": -54.400705219547405, "params": {"max_depth": 5.369787597813812, "n_estimators": 37.9699086888303, "random_state": 15.255367957698903}, "datetime": {"datetime": "2021-09-29 22:26:15", "elapsed": 22.267277, "delta": 0.806993}}
{"target": -55.86945760091078, "params": {"max_depth": 4.833351398480574, "n_estimators": 41.38563176617838, "random_state": 11.811837247342389}, "datetime": {"datetime": "2021-09-29 22:26:15", "elapsed": 22.623277, "delta": 0.356}}
{"target": -54.344146361624425, "params": {"max_depth": 5.383897654703858, "n_estimators": 38.41406564523123, "random_state": 15.054061220507048}, "datetime": {"datetime": "2021-09-29 22:26:16", "elapsed": 23.257495, "delta": 0.634218}}
{"target": -57.530520088036226, "params": {"max_depth": 3.5378704612126475, "n_estimators": 40.77275185139397, "random_state": 1.1799534116766812}, "datetime": {"datetime": "2021-09-29 22:26:16", "elapsed": 23.625495, "delta": 0.368}}
{"target": -54.344146361624425, "params": {"max_depth": 5.0585772901767525, "n_estimators": 38.74947441143515, "random_state": 15.328622793868893}, "datetime": {"datetime": "2021-09-29 22:26:17", "elapsed": 24.486501, "delta": 0.861006}}
{"target": -55.57465959807287, "params": {"max_depth": 3.707095010312902, "n_estimators": 26.18426732463235, "random_state": 11.081408127137504}, "datetime": {"datetime": "2021-09-29 22:26:17", "elapsed": 24.771532, "delta": 0.285031}}
{"target": -58.83143735433433, "params": {"max_depth": 6.301651860127112, "n_estimators": 24.397837719955255, "random_state": 11.60786827040419}, "datetime": {"datetime": "2021-09-29 22:26:17", "elapsed": 25.087707, "delta": 0.316175}}
{"target": -56.40107085957702, "params": {"max_depth": 5.840702741537278, "n_estimators": 31.125988737688356, "random_state": 18.398624278292623}, "datetime": {"datetime": "2021-09-29 22:26:18", "elapsed": 25.440356, "delta": 0.352649}}
{"target": -56.350152296879905, "params": {"max_depth": 4.934647970727397, "n_estimators": 38.67746134367282, "random_state": 14.766792865894711}, "datetime": {"datetime": "2021-09-29 22:26:19", "elapsed": 26.406352, "delta": 0.965996}}
{"target": -57.19910325454428, "params": {"max_depth": 5.38297150819291, "n_estimators": 41.00828792585144, "random_state": 12.288122848689312}, "datetime": {"datetime": "2021-09-29 22:26:19", "elapsed": 26.774355, "delta": 0.368003}}
{"target": -56.88316276410793, "params": {"max_depth": 6.324381612948597, "n_estimators": 38.80660118679214, "random_state": 11.212290383645948}, "datetime": {"datetime": "2021-09-29 22:26:19", "elapsed": 27.145143, "delta": 0.370788}}
{"target": -54.344146361624425, "params": {"max_depth": 5.528798067174916, "n_estimators": 38.72032922856346, "random_state": 15.35400004444902}, "datetime": {"datetime": "2021-09-29 22:26:20", "elapsed": 28.253133, "delta": 1.10799}}
{"target": -57.38962032472094, "params": {"max_depth": 6.170488195000113, "n_estimators": 24.818062540262623, "random_state": 16.05297041404842}, "datetime": {"datetime": "2021-09-29 22:26:21", "elapsed": 28.608136, "delta": 0.355003}}
{"target": -54.344146361624425, "params": {"max_depth": 5.906211898118994, "n_estimators": 38.16185868722167, "random_state": 15.247295774066501}, "datetime": {"datetime": "2021-09-29 22:26:22", "elapsed": 29.570803, "delta": 0.962667}}
{"target": -55.95067379734514, "params": {"max_depth": 4.56004292893685, "n_estimators": 22.705806649396173, "random_state": 3.9421562006111417}, "datetime": {"datetime": "2021-09-29 22:26:22", "elapsed": 29.887828, "delta": 0.317025}}
{"target": -54.344146361624425, "params": {"max_depth": 5.621706068979632, "n_estimators": 38.060260069300696, "random_state": 15.708045926829042}, "datetime": {"datetime": "2021-09-29 22:26:23", "elapsed": 31.042423, "delta": 1.154595}}
{"target": -54.400705219547405, "params": {"max_depth": 5.879610916711112, "n_estimators": 37.624352053114485, "random_state": 15.409063602610658}, "datetime": {"datetime": "2021-09-29 22:26:24", "elapsed": 32.217426, "delta": 1.175003}}
{"target": -54.81818876985908, "params": {"max_depth": 6.059394334196105, "n_estimators": 37.919142720914685, "random_state": 15.8545029935655}, "datetime": {"datetime": "2021-09-29 22:26:25", "elapsed": 33.189737, "delta": 0.972311}}
{"target": -54.400705219547405, "params": {"max_depth": 5.46773127439894, "n_estimators": 37.428469117838745, "random_state": 15.885643113859675}, "datetime": {"datetime": "2021-09-29 22:26:26", "elapsed": 34.198734, "delta": 1.008997}}
{"target": -56.852239892861476, "params": {"max_depth": 5.6048529917452745, "n_estimators": 37.78159549261036, "random_state": 16.453779774801262}, "datetime": {"datetime": "2021-09-29 22:26:27", "elapsed": 35.177036, "delta": 0.978302}}
{"target": -54.400705219547405, "params": {"max_depth": 5.447517326558693, "n_estimators": 37.15896323803296, "random_state": 15.415281780093908}, "datetime": {"datetime": "2021-09-29 22:26:29", "elapsed": 36.343036, "delta": 1.166}}
