{"target": -54.133613295479364, "params": {"max_depth": 4.830717103967666, "n_estimators": 22.30807255565996, "random_state": 5.694277368338726}, "datetime": {"datetime": "2021-09-29 22:26:16", "elapsed": 16.366932, "delta": 0.497999}}
{"target": -59.4770001067826, "params": {"max_depth": 7.0, "n_estimators": 22.79514998556619, "random_state": 7.662401646377701}, "datetime": {"datetime": "2021-09-29 22:26:16", "elapsed": 16.787937, "delta": 0.421005}}
{"target": -58.37842960969961, "params": {"max_depth": 7.0, "n_estimators": 27.279454556122584, "random_state": 16.81900442815307}, "datetime": {"datetime": "2021-09-29 22:26:17", "elapsed": 17.202935, "delta": 0.414998}}
{"target": -56.09404622021918, "params": {"max_depth": 2.0, "n_estimators": 28.034191504329456, "random_state": 5.9827595282946655}, "datetime": {"datetime": "2021-09-29 22:26:17", "elapsed": 17.615147, "delta": 0.412212}}
{"target": -54.40161727287993, "params": {"max_depth": 5.44338966820871, "n_estimators": 20.0, "random_state": 2.0}, "datetime": {"datetime": "2021-09-29 22:26:18", "elapsed": 18.085795, "delta": 0.470648}}
{"target": -54.133613295479364, "params": {"max_depth": 4.115633106641612, "n_estimators": 22.411427695718867, "random_state": 5.2163444922567885}, "datetime": {"datetime": "2021-09-29 22:26:18", "elapsed": 18.482793, "delta": 0.396998}}
{"target": -55.21518981274601, "params": {"max_depth": 3.920550898632772, "n_estimators": 30.0, "random_state": 5.440618627302475}, "datetime": {"datetime": "2021-09-29 22:26:19", "elapsed": 18.983797, "delta": 0.501004}}
{"target": -54.68454058095836, "params": {"max_depth": 4.320148434678782, "n_estimators": 27.802953711301047, "random_state": 5.422936235498527}, "datetime": {"datetime": "2021-09-29 22:26:19", "elapsed": 19.430832, "delta": 0.447035}}
{"target": -55.597309204012134, "params": {"max_depth": 3.9631548006051376, "n_estimators": 27.90260909450818, "random_state": 7.2354159741020245}, "datetime": {"datetime": "2021-09-29 22:26:20", "elapsed": 19.937617, "delta": 0.506785}}
{"target": -57.238064956854295, "params": {"max_depth": 5.07979717064621, "n_estimators": 20.0, "random_state": 6.586031062367902}, "datetime": {"datetime": "2021-09-29 22:26:20", "elapsed": 20.379576, "delta": 0.441959}}
{"target": -53.875753742832856, "params": {"max_depth": 3.7743660131639345, "n_estimators": 28.38320037247906, "random_state": 4.289808557169442}, "datetime": {"datetime": "2021-09-29 22:26:21", "elapsed": 20.84258, "delta": 0.463004}}
{"target": -53.858185443745455, "params": {"max_depth": 3.0870199740024034, "n_estimators": 27.438797016662477, "random_state": 4.175252698483099}, "datetime": {"datetime": "2021-09-29 22:26:21", "elapsed": 21.327574, "delta": 0.484994}}
{"target": -54.42867175226866, "params": {"max_depth": 4.021346022600242, "n_estimators": 27.147829070422183, "random_state": 4.234746232894384}, "datetime": {"datetime": "2021-09-29 22:26:21", "elapsed": 21.791243, "delta": 0.463669}}
{"target": -55.04027780445261, "params": {"max_depth": 2.7616390612115116, "n_estimators": 28.57997636600092, "random_state": 4.410384457723247}, "datetime": {"datetime": "2021-09-29 22:26:22", "elapsed": 22.317242, "delta": 0.525999}}
{"target": -54.976180996121315, "params": {"max_depth": 7.0, "n_estimators": 21.151569600173268, "random_state": 2.0}, "datetime": {"datetime": "2021-09-29 22:26:22", "elapsed": 22.805863, "delta": 0.488621}}
{"target": -54.945086919667006, "params": {"max_depth": 4.995226042826958, "n_estimators": 29.90108648826981, "random_state": 3.821015096312669}, "datetime": {"datetime": "2021-09-29 22:26:23", "elapsed": 23.361905, "delta": 0.556042}}
{"target": -55.98690738643586, "params": {"max_depth": 3.404684381533712, "n_estimators": 27.813128221846178, "random_state": 3.2714339381956576}, "datetime": {"datetime": "2021-09-29 22:26:24", "elapsed": 23.87087, "delta": 0.508965}}
{"target": -55.05225438717913, "params": {"max_depth": 3.041559224252466, "n_estimators": 27.081766030224564, "random_state": 5.090178512486055}, "datetime": {"datetime": "2021-09-29 22:26:24", "elapsed": 24.332863, "delta": 0.461993}}
{"target": -55.27214300829102, "params": {"max_depth": 4.909383411984062, "n_estimators": 20.0, "random_state": 11.235481203925064}, "datetime": {"datetime": "2021-09-29 22:26:25", "elapsed": 24.843867, "delta": 0.511004}}
{"target": -57.037699599632944, "params": {"max_depth": 6.87520841372163, "n_estimators": 20.101490291605106, "random_state": 11.594813931830279}, "datetime": {"datetime": "2021-09-29 22:26:25", "elapsed": 25.334932, "delta": 0.491065}}
{"target": -58.83641524549618, "params": {"max_depth": 2.2771230856786704, "n_estimators": 20.0789668311831, "random_state": 10.459799683168121}, "datetime": {"datetime": "2021-09-29 22:26:26", "elapsed": 25.89618, "delta": 0.561248}}
{"target": -54.38362490504382, "params": {"max_depth": 4.838313813300903, "n_estimators": 28.772517085878025, "random_state": 4.85147984368068}, "datetime": {"datetime": "2021-09-29 22:26:26", "elapsed": 26.499173, "delta": 0.602993}}
{"target": -55.41426197803558, "params": {"max_depth": 3.9824543785432143, "n_estimators": 25.24749508978864, "random_state": 3.718465238260782}, "datetime": {"datetime": "2021-09-29 22:26:27", "elapsed": 27.062174, "delta": 0.563001}}
{"target": -56.193328566406876, "params": {"max_depth": 2.0, "n_estimators": 26.573988689387292, "random_state": 11.532916083699709}, "datetime": {"datetime": "2021-09-29 22:26:27", "elapsed": 27.553861, "delta": 0.491687}}
{"target": -54.89158479701182, "params": {"max_depth": 5.37768457683172, "n_estimators": 30.0, "random_state": 11.857534625641964}, "datetime": {"datetime": "2021-09-29 22:26:28", "elapsed": 28.049477, "delta": 0.495616}}
{"target": -55.45509714819985, "params": {"max_depth": 4.254433162655403, "n_estimators": 28.48164796092481, "random_state": 12.50651532221623}, "datetime": {"datetime": "2021-09-29 22:26:28", "elapsed": 28.612476, "delta": 0.562999}}
{"target": -56.53628260044917, "params": {"max_depth": 5.078338684817317, "n_estimators": 28.09551602431824, "random_state": 10.448869726958021}, "datetime": {"datetime": "2021-09-29 22:26:29", "elapsed": 29.178477, "delta": 0.566001}}
{"target": -56.523578707145326, "params": {"max_depth": 4.308387536073382, "n_estimators": 30.0, "random_state": 13.373487285331633}, "datetime": {"datetime": "2021-09-29 22:26:29", "elapsed": 29.75371, "delta": 0.575233}}
{"target": -56.76724461432753, "params": {"max_depth": 7.0, "n_estimators": 30.0, "random_state": 11.62573345355032}, "datetime": {"datetime": "2021-09-29 22:26:30", "elapsed": 30.27771, "delta": 0.524}}
{"target": -54.40161727287993, "params": {"max_depth": 5.290941579077444, "n_estimators": 20.942849352305913, "random_state": 2.0}, "datetime": {"datetime": "2021-09-29 22:26:31", "elapsed": 30.82171, "delta": 0.544}}
{"target": -56.46211462623072, "params": {"max_depth": 6.730380239959028, "n_estimators": 29.992967864928893, "random_state": 4.568441060931814}, "datetime": {"datetime": "2021-09-29 22:26:31", "elapsed": 31.356706, "delta": 0.534996}}
{"target": -54.95966308294564, "params": {"max_depth": 3.7245267171646734, "n_estimators": 28.583070082151593, "random_state": 5.116233411672945}, "datetime": {"datetime": "2021-09-29 22:26:32", "elapsed": 31.827646, "delta": 0.47094}}
{"target": -54.93014731130299, "params": {"max_depth": 2.0, "n_estimators": 26.871462783462075, "random_state": 4.194097382335839}, "datetime": {"datetime": "2021-09-29 22:26:32", "elapsed": 32.363635, "delta": 0.535989}}
{"target": -59.255480796326566, "params": {"max_depth": 2.108219553940307, "n_estimators": 26.897306958139247, "random_state": 8.20028045873546}, "datetime": {"datetime": "2021-09-29 22:26:33", "elapsed": 32.923306, "delta": 0.559671}}
{"target": -54.569690379268444, "params": {"max_depth": 4.2506475021597785, "n_estimators": 30.0, "random_state": 20.0}, "datetime": {"datetime": "2021-09-29 22:26:33", "elapsed": 33.443306, "delta": 0.52}}
{"target": -56.60069397882105, "params": {"max_depth": 4.642530778711426, "n_estimators": 30.0, "random_state": 18.338217786975484}, "datetime": {"datetime": "2021-09-29 22:26:34", "elapsed": 33.954891, "delta": 0.511585}}
{"target": -55.797240947133986, "params": {"max_depth": 5.211689071864319, "n_estimators": 28.23154998961822, "random_state": 19.88485920528457}, "datetime": {"datetime": "2021-09-29 22:26:34", "elapsed": 34.529885, "delta": 0.574994}}
{"target": -57.0231131851461, "params": {"max_depth": 5.512776591819284, "n_estimators": 27.299413913979812, "random_state": 6.806790434653421}, "datetime": {"datetime": "2021-09-29 22:26:35", "elapsed": 35.014884, "delta": 0.484999}}
{"target": -55.43750798272444, "params": {"max_depth": 3.5778376130551175, "n_estimators": 29.9416188145688, "random_state": 7.303631599655663}, "datetime": {"datetime": "2021-09-29 22:26:35", "elapsed": 35.55687, "delta": 0.541986}}
{"target": -54.133613295479364, "params": {"max_depth": 4.74312460727036, "n_estimators": 22.98151051820027, "random_state": 5.191558430504246}, "datetime": {"datetime": "2021-09-29 22:26:36", "elapsed": 36.182862, "delta": 0.625992}}
{"target": -53.88188589839945, "params": {"max_depth": 4.78346893665622, "n_estimators": 21.645650061080527, "random_state": 4.934264133165623}, "datetime": {"datetime": "2021-09-29 22:26:36", "elapsed": 36.70455, "delta": 0.521688}}
{"target": -57.300452313914526, "params": {"max_depth": 5.0432747474456034, "n_estimators": 22.158289693266223, "random_state": 12.058983873547154}, "datetime": {"datetime": "2021-09-29 22:26:37", "elapsed": 37.255583, "delta": 0.551033}}
{"target": -54.38362490504382, "params": {"max_depth": 4.624386575555374, "n_estimators": 28.115231412064638, "random_state": 4.201183937319968}, "datetime": {"datetime": "2021-09-29 22:26:37", "elapsed": 37.776608, "delta": 0.521025}}
{"target": -57.581856384584626, "params": {"max_depth": 2.310349236014842, "n_estimators": 29.90944072065779, "random_state": 19.769404735590207}, "datetime": {"datetime": "2021-09-29 22:26:38", "elapsed": 38.4176, "delta": 0.640992}}
{"target": -56.11320544400814, "params": {"max_depth": 4.471123921294741, "n_estimators": 30.0, "random_state": 10.8480902977946}, "datetime": {"datetime": "2021-09-29 22:26:39", "elapsed": 38.923609, "delta": 0.506009}}
{"target": -53.82048490232357, "params": {"max_depth": 4.939327122052143, "n_estimators": 24.91264482230368, "random_state": 4.980699274602774}, "datetime": {"datetime": "2021-09-29 22:26:39", "elapsed": 39.440643, "delta": 0.517034}}
{"target": -54.270000351727354, "params": {"max_depth": 4.978422586283659, "n_estimators": 24.991826566645216, "random_state": 5.931842158545378}, "datetime": {"datetime": "2021-09-29 22:26:40", "elapsed": 40.030966, "delta": 0.590323}}
{"target": -54.38960043917527, "params": {"max_depth": 5.604313321828784, "n_estimators": 24.359617319809637, "random_state": 5.1462186709348146}, "datetime": {"datetime": "2021-09-29 22:26:40", "elapsed": 40.674967, "delta": 0.644001}}
{"target": -56.045382512875776, "params": {"max_depth": 3.9403650388878844, "n_estimators": 26.363999949852115, "random_state": 12.601226143745883}, "datetime": {"datetime": "2021-09-29 22:26:41", "elapsed": 41.227924, "delta": 0.552957}}
{"target": -54.785502393879916, "params": {"max_depth": 5.040491453542925, "n_estimators": 26.0919133130944, "random_state": 5.24996552769292}, "datetime": {"datetime": "2021-09-29 22:26:41", "elapsed": 41.776373, "delta": 0.548449}}
{"target": -57.17440934503397, "params": {"max_depth": 2.0, "n_estimators": 30.0, "random_state": 6.353840086669989}, "datetime": {"datetime": "2021-09-29 22:26:42", "elapsed": 42.308375, "delta": 0.532002}}
{"target": -58.08726135679538, "params": {"max_depth": 2.053012695942691, "n_estimators": 28.043893218254656, "random_state": 13.0774573549381}, "datetime": {"datetime": "2021-09-29 22:26:43", "elapsed": 42.888976, "delta": 0.580601}}
{"target": -54.33203244391356, "params": {"max_depth": 4.218059502253319, "n_estimators": 21.40800391075946, "random_state": 5.530664351375249}, "datetime": {"datetime": "2021-09-29 22:26:43", "elapsed": 43.414971, "delta": 0.525995}}
{"target": -56.65120583534397, "params": {"max_depth": 5.703962790967882, "n_estimators": 28.641272066783447, "random_state": 12.618563562185805}, "datetime": {"datetime": "2021-09-29 22:26:44", "elapsed": 43.937768, "delta": 0.522797}}
{"target": -53.82048490232357, "params": {"max_depth": 4.344301318141933, "n_estimators": 24.37106851132817, "random_state": 4.857015651176214}, "datetime": {"datetime": "2021-09-29 22:26:44", "elapsed": 44.544809, "delta": 0.607041}}
{"target": -57.08069741017767, "params": {"max_depth": 4.017607119637568, "n_estimators": 23.294517653571013, "random_state": 17.485937694564615}, "datetime": {"datetime": "2021-09-29 22:26:45", "elapsed": 45.11781, "delta": 0.573001}}
{"target": -57.37397698668121, "params": {"max_depth": 2.0, "n_estimators": 24.284113173516552, "random_state": 12.463449111693249}, "datetime": {"datetime": "2021-09-29 22:26:45", "elapsed": 45.771833, "delta": 0.654023}}
{"target": -56.68095576035358, "params": {"max_depth": 4.986976465577088, "n_estimators": 30.0, "random_state": 6.250426697818948}, "datetime": {"datetime": "2021-09-29 22:26:46", "elapsed": 46.392863, "delta": 0.62103}}
{"target": -54.48708225963904, "params": {"max_depth": 4.227862630685513, "n_estimators": 29.51623748231249, "random_state": 4.31694148646983}, "datetime": {"datetime": "2021-09-29 22:26:47", "elapsed": 47.033867, "delta": 0.641004}}
{"target": -54.58984117837517, "params": {"max_depth": 5.231696946311907, "n_estimators": 30.0, "random_state": 20.0}, "datetime": {"datetime": "2021-09-29 22:26:47", "elapsed": 47.731737, "delta": 0.69787}}
{"target": -56.02342676384446, "params": {"max_depth": 3.8621049199517135, "n_estimators": 25.61510329407732, "random_state": 20.0}, "datetime": {"datetime": "2021-09-29 22:26:48", "elapsed": 48.413429, "delta": 0.681692}}
{"target": -54.08634943142051, "params": {"max_depth": 5.123606445527847, "n_estimators": 22.236795816037585, "random_state": 4.915327639332327}, "datetime": {"datetime": "2021-09-29 22:26:49", "elapsed": 48.986435, "delta": 0.573006}}
{"target": -53.858185443745455, "params": {"max_depth": 3.838358244397216, "n_estimators": 27.943715809073517, "random_state": 4.592620335262502}, "datetime": {"datetime": "2021-09-29 22:26:49", "elapsed": 49.622103, "delta": 0.635668}}
{"target": -54.06643880178237, "params": {"max_depth": 4.115868156687548, "n_estimators": 20.219647107262457, "random_state": 2.02064980974726}, "datetime": {"datetime": "2021-09-29 22:26:50", "elapsed": 50.248106, "delta": 0.626003}}
{"target": -55.46074100157169, "params": {"max_depth": 7.0, "n_estimators": 25.249159354414335, "random_state": 2.564047924424336}, "datetime": {"datetime": "2021-09-29 22:26:51", "elapsed": 50.973106, "delta": 0.725}}
{"target": -54.270000351727354, "params": {"max_depth": 4.773663541235607, "n_estimators": 24.56954467792147, "random_state": 5.320217098614591}, "datetime": {"datetime": "2021-09-29 22:26:51", "elapsed": 51.559113, "delta": 0.586007}}
{"target": -53.82048490232357, "params": {"max_depth": 4.8245594802211365, "n_estimators": 24.418401829641, "random_state": 4.267302879389476}, "datetime": {"datetime": "2021-09-29 22:26:52", "elapsed": 52.255708, "delta": 0.696595}}
{"target": -54.47699548664369, "params": {"max_depth": 5.694604604650709, "n_estimators": 25.384734697598446, "random_state": 4.712129462709708}, "datetime": {"datetime": "2021-09-29 22:26:53", "elapsed": 52.84135, "delta": 0.585642}}
{"target": -56.76872825068916, "params": {"max_depth": 5.24524525319337, "n_estimators": 20.0, "random_state": 18.378170727489277}, "datetime": {"datetime": "2021-09-29 22:26:53", "elapsed": 53.396343, "delta": 0.554993}}
{"target": -57.49659320851524, "params": {"max_depth": 2.0, "n_estimators": 25.281887879574352, "random_state": 18.36664040354915}, "datetime": {"datetime": "2021-09-29 22:26:54", "elapsed": 53.918644, "delta": 0.522301}}
{"target": -58.68418174571678, "params": {"max_depth": 7.0, "n_estimators": 23.914901995981804, "random_state": 15.526207456355376}, "datetime": {"datetime": "2021-09-29 22:26:54", "elapsed": 54.508603, "delta": 0.589959}}
{"target": -54.00528881978081, "params": {"max_depth": 4.178512418633851, "n_estimators": 23.522857730789074, "random_state": 4.7659189843315835}, "datetime": {"datetime": "2021-09-29 22:26:55", "elapsed": 55.198602, "delta": 0.689999}}
{"target": -55.49262693608191, "params": {"max_depth": 4.797537787918003, "n_estimators": 21.882464124118044, "random_state": 3.981949095075753}, "datetime": {"datetime": "2021-09-29 22:26:56", "elapsed": 55.812862, "delta": 0.61426}}
{"target": -55.83181761536961, "params": {"max_depth": 4.865361918472074, "n_estimators": 24.952764082058206, "random_state": 7.188029660254495}, "datetime": {"datetime": "2021-09-29 22:26:56", "elapsed": 56.422862, "delta": 0.61}}
{"target": -54.254042914071476, "params": {"max_depth": 5.0575838614123025, "n_estimators": 21.749949304904344, "random_state": 5.468765267928662}, "datetime": {"datetime": "2021-09-29 22:26:57", "elapsed": 56.976855, "delta": 0.553993}}
{"target": -58.02814574770989, "params": {"max_depth": 2.0, "n_estimators": 20.0, "random_state": 18.70023805078425}, "datetime": {"datetime": "2021-09-29 22:26:57", "elapsed": 57.595856, "delta": 0.619001}}
{"target": -54.00119036573685, "params": {"max_depth": 4.789176049060882, "n_estimators": 25.196324505803023, "random_state": 4.485203703241243}, "datetime": {"datetime": "2021-09-29 22:26:58", "elapsed": 58.330979, "delta": 0.735123}}
{"target": -54.133613295479364, "params": {"max_depth": 4.579788450288037, "n_estimators": 22.20243455980328, "random_state": 5.112708336678084}, "datetime": {"datetime": "2021-09-29 22:26:59", "elapsed": 58.888944, "delta": 0.557965}}
{"target": -56.66576608466536, "params": {"max_depth": 4.093876083281994, "n_estimators": 22.66451461683881, "random_state": 6.48436905040749}, "datetime": {"datetime": "2021-09-29 22:26:59", "elapsed": 59.397942, "delta": 0.508998}}
{"target": -53.028687826051936, "params": {"max_depth": 3.570844338622682, "n_estimators": 20.084316498472077, "random_state": 4.809314198476324}, "datetime": {"datetime": "2021-09-29 22:27:00", "elapsed": 60.006522, "delta": 0.60858}}
{"target": -53.83784071856063, "params": {"max_depth": 4.382407800567989, "n_estimators": 20.06691643889664, "random_state": 4.461361146648232}, "datetime": {"datetime": "2021-09-29 22:27:00", "elapsed": 60.622521, "delta": 0.615999}}
{"target": -53.90310217918427, "params": {"max_depth": 2.748734960760171, "n_estimators": 20.05343202608255, "random_state": 4.451348981277944}, "datetime": {"datetime": "2021-09-29 22:27:01", "elapsed": 61.195784, "delta": 0.573263}}
{"target": -53.028687826051936, "params": {"max_depth": 3.464531912842373, "n_estimators": 20.658298288083166, "random_state": 4.771748380738778}, "datetime": {"datetime": "2021-09-29 22:27:02", "elapsed": 61.847019, "delta": 0.651235}}
{"target": -55.52464568682396, "params": {"max_depth": 3.1413458933599396, "n_estimators": 20.438154396104384, "random_state": 5.185678821300234}, "datetime": {"datetime": "2021-09-29 22:27:02", "elapsed": 62.523976, "delta": 0.676957}}
{"target": -53.028687826051936, "params": {"max_depth": 3.5166625878422386, "n_estimators": 20.321597276660327, "random_state": 4.150314136108488}, "datetime": {"datetime": "2021-09-29 22:27:03", "elapsed": 63.053644, "delta": 0.529668}}
{"target": -53.028687826051936, "params": {"max_depth": 3.789864732942623, "n_estimators": 20.787025520104162, "random_state": 4.731862836370984}, "datetime": {"datetime": "2021-09-29 22:27:04", "elapsed": 63.871349, "delta": 0.817705}}
{"target": -53.028687826051936, "params": {"max_depth": 3.309202345148312, "n_estimators": 20.00441424399207, "random_state": 4.347450568155959}, "datetime": {"datetime": "2021-09-29 22:27:04", "elapsed": 64.452356, "delta": 0.581007}}
{"target": -53.028687826051936, "params": {"max_depth": 3.366758183235397, "n_estimators": 20.220605486936762, "random_state": 4.679938626980959}, "datetime": {"datetime": "2021-09-29 22:27:05", "elapsed": 65.111356, "delta": 0.659}}
{"target": -53.028687826051936, "params": {"max_depth": 3.847364650489469, "n_estimators": 20.06421128059796, "random_state": 4.621382366444905}, "datetime": {"datetime": "2021-09-29 22:27:06", "elapsed": 65.81787, "delta": 0.706514}}
{"target": -53.028687826051936, "params": {"max_depth": 3.4262627936816283, "n_estimators": 20.634234699674533, "random_state": 4.4220686905134645}, "datetime": {"datetime": "2021-09-29 22:27:06", "elapsed": 66.571877, "delta": 0.754007}}
{"target": -53.028687826051936, "params": {"max_depth": 3.6855419052640657, "n_estimators": 20.41475336660668, "random_state": 4.6480954888085595}, "datetime": {"datetime": "2021-09-29 22:27:07", "elapsed": 67.207911, "delta": 0.636034}}
{"target": -55.32873282791202, "params": {"max_depth": 4.057775072137149, "n_estimators": 20.129835992395403, "random_state": 3.369748280450052}, "datetime": {"datetime": "2021-09-29 22:27:08", "elapsed": 67.97868, "delta": 0.770769}}
{"target": -56.77170750690743, "params": {"max_depth": 7.0, "n_estimators": 25.94019839681123, "random_state": 9.592786164406249}, "datetime": {"datetime": "2021-09-29 22:27:08", "elapsed": 68.628685, "delta": 0.650005}}
{"target": -54.03420093088657, "params": {"max_depth": 2.0, "n_estimators": 22.853020691181165, "random_state": 4.477530490837966}, "datetime": {"datetime": "2021-09-29 22:27:09", "elapsed": 69.232687, "delta": 0.604002}}
{"target": -54.14749992744109, "params": {"max_depth": 2.039313580105374, "n_estimators": 24.155717148806787, "random_state": 4.744655665128727}, "datetime": {"datetime": "2021-09-29 22:27:10", "elapsed": 69.860729, "delta": 0.628042}}
