{"target": -38.653171784395894, "params": {"max_depth": 4.0, "n_estimators": 28.0, "random_state": 11.0}, "datetime": {"datetime": "2021-09-28 14:37:15", "elapsed": 54.313256, "delta": 0.584652}}
{"target": -38.812471769532074, "params": {"max_depth": 4.0, "n_estimators": 29.76880359627808, "random_state": 11.0}, "datetime": {"datetime": "2021-09-28 14:37:15", "elapsed": 54.93026, "delta": 0.617004}}
{"target": -38.427098588550294, "params": {"max_depth": 5.702293187200798, "n_estimators": 28.544401249682636, "random_state": 11.0}, "datetime": {"datetime": "2021-09-28 14:37:16", "elapsed": 55.571256, "delta": 0.640996}}
{"target": -39.993550791686125, "params": {"max_depth": 5.795033686933383, "n_estimators": 28.52383370295318, "random_state": 9.708339847700291}, "datetime": {"datetime": "2021-09-28 14:37:17", "elapsed": 56.344594, "delta": 0.773338}}
{"target": -40.10662594866529, "params": {"max_depth": 5.761731959607979, "n_estimators": 31.66624101747234, "random_state": 10.657269878256152}, "datetime": {"datetime": "2021-09-28 14:37:17", "elapsed": 57.025589, "delta": 0.680995}}
{"target": -38.31597554410464, "params": {"max_depth": 6.243990621023608, "n_estimators": 34.98513226501937, "random_state": 2.0531597466235905}, "datetime": {"datetime": "2021-09-28 14:37:18", "elapsed": 57.721592, "delta": 0.696003}}
{"target": -39.783382436805596, "params": {"max_depth": 4.131675204435919, "n_estimators": 65.45623029880491, "random_state": 10.83163641070757}, "datetime": {"datetime": "2021-09-28 14:37:19", "elapsed": 58.541786, "delta": 0.820194}}
{"target": -40.97919926584136, "params": {"max_depth": 7.783139463099223, "n_estimators": 28.525779340903608, "random_state": 10.994164553576903}, "datetime": {"datetime": "2021-09-28 14:37:20", "elapsed": 59.196457, "delta": 0.654671}}
{"target": -39.68203312307419, "params": {"max_depth": 9.74193604616558, "n_estimators": 55.538849777179024, "random_state": 2.0038576082730737}, "datetime": {"datetime": "2021-09-28 14:37:21", "elapsed": 60.083701, "delta": 0.887244}}
{"target": -40.117227638518216, "params": {"max_depth": 11.76919860465705, "n_estimators": 91.58314499732477, "random_state": 2.339434723336417}, "datetime": {"datetime": "2021-09-28 14:37:21", "elapsed": 61.016701, "delta": 0.933}}
{"target": -40.148143332454715, "params": {"max_depth": 12.0, "n_estimators": 38.808544409362455, "random_state": 11.0}, "datetime": {"datetime": "2021-09-28 14:37:22", "elapsed": 61.723698, "delta": 0.706997}}
{"target": -39.17353411678876, "params": {"max_depth": 10.55282582855149, "n_estimators": 36.46857857629975, "random_state": 2.07770341649883}, "datetime": {"datetime": "2021-09-28 14:37:23", "elapsed": 62.438045, "delta": 0.714347}}
{"target": -39.84680819279796, "params": {"max_depth": 4.9746211815416155, "n_estimators": 29.046319293676703, "random_state": 10.961960971597513}, "datetime": {"datetime": "2021-09-28 14:37:23", "elapsed": 63.076047, "delta": 0.638002}}
{"target": -38.367863691364796, "params": {"max_depth": 6.809464265828658, "n_estimators": 32.612798604810926, "random_state": 2.2114763542851894}, "datetime": {"datetime": "2021-09-28 14:37:24", "elapsed": 63.722584, "delta": 0.646537}}
{"target": -39.57320554115757, "params": {"max_depth": 5.835741512863184, "n_estimators": 36.53510521911147, "random_state": 3.031689753987414}, "datetime": {"datetime": "2021-09-28 14:37:25", "elapsed": 64.533589, "delta": 0.811005}}
{"target": -38.42027729702766, "params": {"max_depth": 7.3321245795197685, "n_estimators": 39.641778887816564, "random_state": 2.961484476151379}, "datetime": {"datetime": "2021-09-28 14:37:26", "elapsed": 65.793592, "delta": 1.260003}}
{"target": -38.808064333108874, "params": {"max_depth": 8.23211737796336, "n_estimators": 33.317350204663306, "random_state": 2.9937798822600588}, "datetime": {"datetime": "2021-09-28 14:37:27", "elapsed": 67.066115, "delta": 1.272523}}
{"target": -39.972457701445244, "params": {"max_depth": 4.17988697032375, "n_estimators": 48.496882335132725, "random_state": 10.795662335979962}, "datetime": {"datetime": "2021-09-28 14:37:28", "elapsed": 67.691118, "delta": 0.625003}}
{"target": -38.1922635648466, "params": {"max_depth": 12.0, "n_estimators": 34.77542204311309, "random_state": 2.0}, "datetime": {"datetime": "2021-09-28 14:37:29", "elapsed": 68.368376, "delta": 0.677258}}
{"target": -40.242638415591095, "params": {"max_depth": 11.48932714381688, "n_estimators": 34.90477814581169, "random_state": 3.0241291039038716}, "datetime": {"datetime": "2021-09-28 14:37:30", "elapsed": 69.149453, "delta": 0.781077}}
{"target": -38.739545565220986, "params": {"max_depth": 5.6689044790765575, "n_estimators": 32.14438524926673, "random_state": 2.26311161258218}, "datetime": {"datetime": "2021-09-28 14:37:30", "elapsed": 69.789445, "delta": 0.639992}}
{"target": -39.891677514651725, "params": {"max_depth": 4.847341700189189, "n_estimators": 46.480647119337966, "random_state": 10.785141949588128}, "datetime": {"datetime": "2021-09-28 14:37:31", "elapsed": 70.497726, "delta": 0.708281}}
{"target": -38.91521007841379, "params": {"max_depth": 8.291033132536468, "n_estimators": 31.444361494147618, "random_state": 2.8230934939093286}, "datetime": {"datetime": "2021-09-28 14:37:32", "elapsed": 71.339725, "delta": 0.841999}}
{"target": -38.724168561613695, "params": {"max_depth": 8.100649158119426, "n_estimators": 34.7401790780382, "random_state": 2.8172768038453344}, "datetime": {"datetime": "2021-09-28 14:37:33", "elapsed": 72.122138, "delta": 0.782413}}
{"target": -38.38102752388789, "params": {"max_depth": 7.38400407252939, "n_estimators": 41.56322429860007, "random_state": 2.807312146325687}, "datetime": {"datetime": "2021-09-28 14:37:33", "elapsed": 73.000301, "delta": 0.878163}}
{"target": -38.38102752388789, "params": {"max_depth": 7.974156870584434, "n_estimators": 41.12252743189287, "random_state": 2.2506299139033303}, "datetime": {"datetime": "2021-09-28 14:37:34", "elapsed": 73.823824, "delta": 0.823523}}
{"target": -38.426819860121576, "params": {"max_depth": 6.870380096816278, "n_estimators": 38.47487796113108, "random_state": 2.9494570826316453}, "datetime": {"datetime": "2021-09-28 14:37:35", "elapsed": 74.509973, "delta": 0.686149}}
{"target": -40.06609225182288, "params": {"max_depth": 8.31856208264426, "n_estimators": 37.18667780666856, "random_state": 3.393801428299432}, "datetime": {"datetime": "2021-09-28 14:37:36", "elapsed": 75.341976, "delta": 0.832003}}
{"target": -40.06138517862144, "params": {"max_depth": 8.258802708345462, "n_estimators": 41.71803299014475, "random_state": 3.265112604977975}, "datetime": {"datetime": "2021-09-28 14:37:37", "elapsed": 76.126974, "delta": 0.784998}}
{"target": -38.89097388053886, "params": {"max_depth": 8.508557035839361, "n_estimators": 39.44970230528467, "random_state": 2.5616133558113616}, "datetime": {"datetime": "2021-09-28 14:37:37", "elapsed": 76.904978, "delta": 0.778004}}
{"target": -38.31597554410464, "params": {"max_depth": 6.541387744462663, "n_estimators": 34.13928769481052, "random_state": 2.0635437949648967}, "datetime": {"datetime": "2021-09-28 14:37:38", "elapsed": 77.501974, "delta": 0.596996}}
{"target": -38.732194797647, "params": {"max_depth": 6.593121181728309, "n_estimators": 29.653106509206403, "random_state": 2.003562114634753}, "datetime": {"datetime": "2021-09-28 14:37:39", "elapsed": 78.134975, "delta": 0.633001}}
{"target": -38.69798695156945, "params": {"max_depth": 5.074051902171331, "n_estimators": 34.1438234739699, "random_state": 2.1408402387644196}, "datetime": {"datetime": "2021-09-28 14:37:39", "elapsed": 78.735012, "delta": 0.600037}}
{"target": -38.55859011200538, "params": {"max_depth": 7.436201709947472, "n_estimators": 35.634953797741794, "random_state": 2.0716011984788256}, "datetime": {"datetime": "2021-09-28 14:37:40", "elapsed": 79.537697, "delta": 0.802685}}
{"target": -38.46996624732816, "params": {"max_depth": 6.714839340030088, "n_estimators": 37.82981837802502, "random_state": 2.198374384255971}, "datetime": {"datetime": "2021-09-28 14:37:41", "elapsed": 80.352588, "delta": 0.814891}}
{"target": -39.16152813515131, "params": {"max_depth": 4.0, "n_estimators": 44.93137790452466, "random_state": 2.0}, "datetime": {"datetime": "2021-09-28 14:37:41", "elapsed": 81.022591, "delta": 0.670003}}
{"target": -38.39942256449495, "params": {"max_depth": 6.5097990925572145, "n_estimators": 45.566021588484006, "random_state": 2.1004000269290453}, "datetime": {"datetime": "2021-09-28 14:37:42", "elapsed": 81.873586, "delta": 0.850995}}
{"target": -38.84430997846206, "params": {"max_depth": 7.256264256495694, "n_estimators": 46.47967048848608, "random_state": 2.0}, "datetime": {"datetime": "2021-09-28 14:37:43", "elapsed": 82.753223, "delta": 0.879637}}
{"target": -39.693368412383215, "params": {"max_depth": 6.170163587478057, "n_estimators": 45.924320514742874, "random_state": 3.1494133963956266}, "datetime": {"datetime": "2021-09-28 14:37:44", "elapsed": 83.646746, "delta": 0.893523}}
{"target": -38.64769484833751, "params": {"max_depth": 7.045004136414254, "n_estimators": 44.602819086249745, "random_state": 2.0}, "datetime": {"datetime": "2021-09-28 14:37:45", "elapsed": 84.45402, "delta": 0.807274}}
{"target": -39.12041182707047, "params": {"max_depth": 4.213999132179456, "n_estimators": 39.48796542404194, "random_state": 2.0}, "datetime": {"datetime": "2021-09-28 14:37:46", "elapsed": 85.204025, "delta": 0.750005}}
{"target": -39.273292979664035, "params": {"max_depth": 9.098611893973985, "n_estimators": 45.51378754174178, "random_state": 2.72901447689002}, "datetime": {"datetime": "2021-09-28 14:37:47", "elapsed": 86.119021, "delta": 0.914996}}
{"target": -39.17935577296008, "params": {"max_depth": 11.940926831596407, "n_estimators": 39.39124389775615, "random_state": 2.0998086334004737}, "datetime": {"datetime": "2021-09-28 14:37:47", "elapsed": 86.867237, "delta": 0.748216}}
{"target": -40.258400090200915, "params": {"max_depth": 6.3002847254107035, "n_estimators": 31.40165925867911, "random_state": 3.21683696340177}, "datetime": {"datetime": "2021-09-28 14:37:48", "elapsed": 87.63823, "delta": 0.770993}}
{"target": -38.48110129663442, "params": {"max_depth": 7.4158398455003685, "n_estimators": 31.566104799390803, "random_state": 2.184332108046573}, "datetime": {"datetime": "2021-09-28 14:37:49", "elapsed": 88.418478, "delta": 0.780248}}
{"target": -39.08465910830364, "params": {"max_depth": 8.516423996306854, "n_estimators": 29.72455743829227, "random_state": 2.189162517938472}, "datetime": {"datetime": "2021-09-28 14:37:49", "elapsed": 88.990478, "delta": 0.572}}
{"target": -39.14095559083435, "params": {"max_depth": 4.031625323247805, "n_estimators": 34.72662489463743, "random_state": 2.0108025321987055}, "datetime": {"datetime": "2021-09-28 14:37:50", "elapsed": 89.751117, "delta": 0.760639}}
{"target": -40.4620294640207, "params": {"max_depth": 9.789654976755, "n_estimators": 98.10373599002534, "random_state": 10.01449838926458}, "datetime": {"datetime": "2021-09-28 14:37:52", "elapsed": 91.301363, "delta": 1.550246}}
{"target": -39.87951831476252, "params": {"max_depth": 4.003703575317255, "n_estimators": 50.03612981991327, "random_state": 10.235067484161128}, "datetime": {"datetime": "2021-09-28 14:37:53", "elapsed": 93.059799, "delta": 1.758436}}
{"target": -38.77736020604715, "params": {"max_depth": 6.0463330346344915, "n_estimators": 49.01282959377528, "random_state": 2.141300023558099}, "datetime": {"datetime": "2021-09-28 14:37:54", "elapsed": 93.747803, "delta": 0.688004}}
{"target": -38.96473829139687, "params": {"max_depth": 7.307425801574684, "n_estimators": 49.14031057955441, "random_state": 2.6340330812059314}, "datetime": {"datetime": "2021-09-28 14:37:55", "elapsed": 94.504245, "delta": 0.756442}}
{"target": -39.37975379156769, "params": {"max_depth": 5.091655916080364, "n_estimators": 49.282382062480416, "random_state": 3.4169747637314556}, "datetime": {"datetime": "2021-09-28 14:37:56", "elapsed": 95.26724, "delta": 0.762995}}
{"target": -38.74078380655552, "params": {"max_depth": 6.485126174894101, "n_estimators": 50.43788506519503, "random_state": 2.0}, "datetime": {"datetime": "2021-09-28 14:37:57", "elapsed": 96.199247, "delta": 0.932007}}
{"target": -38.45843572389258, "params": {"max_depth": 7.516350334982274, "n_estimators": 32.62903788357312, "random_state": 2.803925530262112}, "datetime": {"datetime": "2021-09-28 14:37:57", "elapsed": 96.996999, "delta": 0.797752}}
{"target": -39.03033780645481, "params": {"max_depth": 8.122554755980136, "n_estimators": 50.71306920520159, "random_state": 2.0405317332912403}, "datetime": {"datetime": "2021-09-28 14:37:58", "elapsed": 97.731992, "delta": 0.734993}}
{"target": -38.80554914249278, "params": {"max_depth": 6.14112048346767, "n_estimators": 51.65101370038481, "random_state": 2.0974597798391375}, "datetime": {"datetime": "2021-09-28 14:37:59", "elapsed": 98.527587, "delta": 0.795595}}
{"target": -39.778256106751655, "params": {"max_depth": 6.563095250789511, "n_estimators": 51.15104847510098, "random_state": 3.2302960734233896}, "datetime": {"datetime": "2021-09-28 14:38:00", "elapsed": 99.414244, "delta": 0.886657}}
{"target": -39.0295920071811, "params": {"max_depth": 5.75437867291941, "n_estimators": 53.79681681384808, "random_state": 2.2789516373699246}, "datetime": {"datetime": "2021-09-28 14:38:01", "elapsed": 100.452807, "delta": 1.038563}}
{"target": -39.224998696592415, "params": {"max_depth": 4.201522244492026, "n_estimators": 53.10924183332495, "random_state": 2.501226121448801}, "datetime": {"datetime": "2021-09-28 14:38:02", "elapsed": 101.303813, "delta": 0.851006}}
{"target": -38.9480659285916, "params": {"max_depth": 7.266721198488997, "n_estimators": 52.81721526730783, "random_state": 2.0}, "datetime": {"datetime": "2021-09-28 14:38:03", "elapsed": 102.142805, "delta": 0.838992}}
{"target": -39.48372513569703, "params": {"max_depth": 10.196329581589328, "n_estimators": 52.062463003417804, "random_state": 2.1732099739901916}, "datetime": {"datetime": "2021-09-28 14:38:03", "elapsed": 103.068062, "delta": 0.925257}}
{"target": -38.338845720774415, "params": {"max_depth": 6.614257783033047, "n_estimators": 43.78228230419783, "random_state": 2.0412538056036196}, "datetime": {"datetime": "2021-09-28 14:38:04", "elapsed": 103.883055, "delta": 0.814993}}
{"target": -39.1987891578367, "params": {"max_depth": 5.904960141398795, "n_estimators": 56.34978504175237, "random_state": 2.2152625180402876}, "datetime": {"datetime": "2021-09-28 14:38:05", "elapsed": 104.797576, "delta": 0.914521}}
{"target": -40.14954129107959, "params": {"max_depth": 9.71347792539974, "n_estimators": 105.0, "random_state": 4.047644733481677}, "datetime": {"datetime": "2021-09-28 14:38:06", "elapsed": 105.933567, "delta": 1.135991}}
{"target": -38.56989050144729, "params": {"max_depth": 7.8119931267828795, "n_estimators": 43.56794917224416, "random_state": 2.1041202273562476}, "datetime": {"datetime": "2021-09-28 14:38:08", "elapsed": 107.103388, "delta": 1.169821}}
{"target": -40.82838093733274, "params": {"max_depth": 11.779253836675576, "n_estimators": 64.67935214330967, "random_state": 4.383421478008144}, "datetime": {"datetime": "2021-09-28 14:38:09", "elapsed": 108.225388, "delta": 1.122}}
{"target": -39.43714135765114, "params": {"max_depth": 4.452643830707337, "n_estimators": 89.05139953880345, "random_state": 6.296153008055063}, "datetime": {"datetime": "2021-09-28 14:38:09", "elapsed": 109.017798, "delta": 0.79241}}
{"target": -39.23832205247827, "params": {"max_depth": 4.32211281385829, "n_estimators": 60.489374509709585, "random_state": 2.515733114579948}, "datetime": {"datetime": "2021-09-28 14:38:10", "elapsed": 110.038395, "delta": 1.020597}}
{"target": -39.01154907729399, "params": {"max_depth": 10.8907625740205, "n_estimators": 33.07488095254991, "random_state": 2.003975083317098}, "datetime": {"datetime": "2021-09-28 14:38:13", "elapsed": 112.294218, "delta": 2.255823}}
{"target": -39.993089641010435, "params": {"max_depth": 4.0, "n_estimators": 78.10514712379086, "random_state": 7.359958423167784}, "datetime": {"datetime": "2021-09-28 14:38:14", "elapsed": 113.373652, "delta": 1.079434}}
{"target": -39.856589531116235, "params": {"max_depth": 6.338396550813279, "n_estimators": 69.27674752114798, "random_state": 5.7290542822880415}, "datetime": {"datetime": "2021-09-28 14:38:15", "elapsed": 114.192292, "delta": 0.81864}}
{"target": -39.18981122178417, "params": {"max_depth": 9.386924721760693, "n_estimators": 43.82895475585424, "random_state": 2.073695521355779}, "datetime": {"datetime": "2021-09-28 14:38:16", "elapsed": 115.121479, "delta": 0.929187}}
{"target": -40.6030460630811, "params": {"max_depth": 12.0, "n_estimators": 86.09283982057018, "random_state": 7.584151936139195}, "datetime": {"datetime": "2021-09-28 14:38:17", "elapsed": 116.226485, "delta": 1.105006}}
{"target": -39.63442652594809, "params": {"max_depth": 12.0, "n_estimators": 55.83913374470533, "random_state": 11.0}, "datetime": {"datetime": "2021-09-28 14:38:18", "elapsed": 117.160711, "delta": 0.934226}}
{"target": -39.55995216233211, "params": {"max_depth": 9.288615360430995, "n_estimators": 76.10111443514744, "random_state": 2.0}, "datetime": {"datetime": "2021-09-28 14:38:19", "elapsed": 118.303717, "delta": 1.143006}}
{"target": -38.69421234105028, "params": {"max_depth": 4.0, "n_estimators": 57.55762175888307, "random_state": 11.0}, "datetime": {"datetime": "2021-09-28 14:38:20", "elapsed": 119.134132, "delta": 0.830415}}
{"target": -38.54542917219293, "params": {"max_depth": 5.168805532625025, "n_estimators": 56.748718944850864, "random_state": 11.0}, "datetime": {"datetime": "2021-09-28 14:38:21", "elapsed": 120.164094, "delta": 1.029962}}
{"target": -39.90352761389008, "params": {"max_depth": 4.4455592426686374, "n_estimators": 56.642636961866586, "random_state": 9.947893854041311}, "datetime": {"datetime": "2021-09-28 14:38:22", "elapsed": 121.175728, "delta": 1.011634}}
{"target": -39.89424704085428, "params": {"max_depth": 6.443963801698955, "n_estimators": 57.09608037845486, "random_state": 10.761287852894538}, "datetime": {"datetime": "2021-09-28 14:38:23", "elapsed": 122.27473, "delta": 1.099002}}
{"target": -39.56004717960522, "params": {"max_depth": 4.631337157585448, "n_estimators": 58.85104520890499, "random_state": 10.582661731855321}, "datetime": {"datetime": "2021-09-28 14:38:24", "elapsed": 123.168506, "delta": 0.893776}}
{"target": -40.34819221273808, "params": {"max_depth": 5.924996651206197, "n_estimators": 28.01608020414395, "random_state": 10.981401203437908}, "datetime": {"datetime": "2021-09-28 14:38:25", "elapsed": 124.178174, "delta": 1.009668}}
{"target": -38.34890950927909, "params": {"max_depth": 6.852502415579017, "n_estimators": 40.419743818466245, "random_state": 2.516744470923653}, "datetime": {"datetime": "2021-09-28 14:38:26", "elapsed": 125.080089, "delta": 0.901915}}
{"target": -38.30099191728973, "params": {"max_depth": 6.282950739316591, "n_estimators": 42.514828570575, "random_state": 2.5320907096483736}, "datetime": {"datetime": "2021-09-28 14:38:26", "elapsed": 125.986092, "delta": 0.906003}}
{"target": -38.75607792933815, "params": {"max_depth": 5.998892145216716, "n_estimators": 43.406081189633625, "random_state": 2.434714737845742}, "datetime": {"datetime": "2021-09-28 14:38:27", "elapsed": 126.916622, "delta": 0.93053}}
{"target": -38.43372027739915, "params": {"max_depth": 6.550661036969484, "n_estimators": 35.452873845225895, "random_state": 2.325117662044021}, "datetime": {"datetime": "2021-09-28 14:38:28", "elapsed": 127.904621, "delta": 0.987999}}
{"target": -38.46996624732816, "params": {"max_depth": 6.564762532958565, "n_estimators": 37.063585992630195, "random_state": 2.0942798008093653}, "datetime": {"datetime": "2021-09-28 14:38:29", "elapsed": 128.885754, "delta": 0.981133}}
{"target": -38.319091951380926, "params": {"max_depth": 7.5539636710205365, "n_estimators": 34.18683059007317, "random_state": 2.386721287324083}, "datetime": {"datetime": "2021-09-28 14:38:30", "elapsed": 129.729389, "delta": 0.843635}}
{"target": -38.38102752388789, "params": {"max_depth": 7.461285148652283, "n_estimators": 41.70062037569532, "random_state": 2.19289216404882}, "datetime": {"datetime": "2021-09-28 14:38:31", "elapsed": 130.51539, "delta": 0.786001}}
{"target": -38.713034154156375, "params": {"max_depth": 6.667124453398097, "n_estimators": 47.88752906008279, "random_state": 2.0}, "datetime": {"datetime": "2021-09-28 14:38:32", "elapsed": 131.378622, "delta": 0.863232}}
{"target": -38.34890950927909, "params": {"max_depth": 6.021206785680892, "n_estimators": 40.87262301149704, "random_state": 2.1338309697698516}, "datetime": {"datetime": "2021-09-28 14:38:33", "elapsed": 132.560614, "delta": 1.181992}}
{"target": -38.974958902509364, "params": {"max_depth": 7.960099973267291, "n_estimators": 47.84015516344415, "random_state": 2.2426087543849964}, "datetime": {"datetime": "2021-09-28 14:38:35", "elapsed": 134.282661, "delta": 1.722047}}
{"target": -39.726643163847584, "params": {"max_depth": 5.339045908133401, "n_estimators": 55.35699155512492, "random_state": 10.825928843401698}, "datetime": {"datetime": "2021-09-28 14:38:36", "elapsed": 135.212502, "delta": 0.929841}}
{"target": -38.30099191728973, "params": {"max_depth": 6.86357548514008, "n_estimators": 42.85638083467103, "random_state": 2.4541287344979823}, "datetime": {"datetime": "2021-09-28 14:38:37", "elapsed": 136.122508, "delta": 0.910006}}
{"target": -38.79964060499228, "params": {"max_depth": 5.702408518983217, "n_estimators": 39.2266929754778, "random_state": 2.0008552629407457}, "datetime": {"datetime": "2021-09-28 14:38:37", "elapsed": 136.959094, "delta": 0.836586}}
