{"target": -57.03368346561833, "params": {"max_depth": 6.193078531060305, "n_estimators": 32.32849624804629, "random_state": 10.098019922261443}, "datetime": {"datetime": "2021-09-29 22:00:17", "elapsed": 545.019436, "delta": 2.378609}}
{"target": -57.899490187930105, "params": {"max_depth": 30.0, "n_estimators": 37.755797780926926, "random_state": 11.0}, "datetime": {"datetime": "2021-09-29 22:00:19", "elapsed": 547.290644, "delta": 2.271208}}
{"target": -55.44514627884194, "params": {"max_depth": 5.551424761676057, "n_estimators": 88.83927907220699, "random_state": 4.751819660672103}, "datetime": {"datetime": "2021-09-29 22:00:22", "elapsed": 549.828264, "delta": 2.53762}}
{"target": -57.73551869868038, "params": {"max_depth": 22.921322149558396, "n_estimators": 31.61626293434906, "random_state": 11.0}, "datetime": {"datetime": "2021-09-29 22:00:24", "elapsed": 552.145263, "delta": 2.316999}}
{"target": -54.89158479701182, "params": {"max_depth": 5.2170551714124915, "n_estimators": 30.215787619853202, "random_state": 11.0}, "datetime": {"datetime": "2021-09-29 22:00:26", "elapsed": 554.099701, "delta": 1.954438}}
{"target": -58.64345262946248, "params": {"max_depth": 12.594079160369702, "n_estimators": 60.42833279676662, "random_state": 7.859372097816664}, "datetime": {"datetime": "2021-09-29 22:00:29", "elapsed": 556.538895, "delta": 2.439194}}
{"target": -54.900160358481855, "params": {"max_depth": 4.9473522978826345, "n_estimators": 52.472791886495884, "random_state": 4.188141725280706}, "datetime": {"datetime": "2021-09-29 22:00:31", "elapsed": 558.851281, "delta": 2.312386}}
{"target": -55.39652001019034, "params": {"max_depth": 4.647144575760433, "n_estimators": 87.15607113726823, "random_state": 1.8161319695053704}, "datetime": {"datetime": "2021-09-29 22:00:34", "elapsed": 561.76909, "delta": 2.917809}}
{"target": -55.421581771693205, "params": {"max_depth": 3.2230725457347145, "n_estimators": 56.26366658125855, "random_state": 5.982031931385543}, "datetime": {"datetime": "2021-09-29 22:00:36", "elapsed": 563.919354, "delta": 2.150264}}
{"target": -55.379183878082486, "params": {"max_depth": 3.7052400204882234, "n_estimators": 55.17537193382516, "random_state": 3.9380029761450723}, "datetime": {"datetime": "2021-09-29 22:00:39", "elapsed": 566.366284, "delta": 2.44693}}
{"target": -55.5242037457933, "params": {"max_depth": 3.865756108781047, "n_estimators": 60.268312911333126, "random_state": 5.238470753104871}, "datetime": {"datetime": "2021-09-29 22:00:41", "elapsed": 569.064483, "delta": 2.698199}}
{"target": -54.92754883294283, "params": {"max_depth": 5.352394384249019, "n_estimators": 62.64876667122624, "random_state": 3.475329316415016}, "datetime": {"datetime": "2021-09-29 22:00:44", "elapsed": 571.378878, "delta": 2.314395}}
{"target": -61.09545972408738, "params": {"max_depth": 26.3592079861918, "n_estimators": 45.460834788177436, "random_state": 8.315754258109003}, "datetime": {"datetime": "2021-09-29 22:00:46", "elapsed": 573.682119, "delta": 2.303241}}
{"target": -55.49572062417973, "params": {"max_depth": 5.946098055847928, "n_estimators": 60.42317987981377, "random_state": 4.1181013267918605}, "datetime": {"datetime": "2021-09-29 22:00:49", "elapsed": 576.771281, "delta": 3.089162}}
{"target": -57.851304471394236, "params": {"max_depth": 25.187996689856632, "n_estimators": 70.30344275866591, "random_state": 10.935942876519247}, "datetime": {"datetime": "2021-09-29 22:00:51", "elapsed": 579.104516, "delta": 2.333235}}
{"target": -58.48813563580637, "params": {"max_depth": 18.257279869129974, "n_estimators": 45.77284826022496, "random_state": 10.42187117788199}, "datetime": {"datetime": "2021-09-29 22:00:54", "elapsed": 581.571331, "delta": 2.466815}}
{"target": -55.11738379842262, "params": {"max_depth": 23.155026813572537, "n_estimators": 62.70473271683603, "random_state": 2.4760280511322756}, "datetime": {"datetime": "2021-09-29 22:00:57", "elapsed": 584.425662, "delta": 2.854331}}
{"target": -55.78082308885226, "params": {"max_depth": 6.2269000401787515, "n_estimators": 100.0, "random_state": 4.330067457395509}, "datetime": {"datetime": "2021-09-29 22:00:59", "elapsed": 586.906703, "delta": 2.481041}}
{"target": -57.92135321505334, "params": {"max_depth": 21.044650764082338, "n_estimators": 55.8900394171744, "random_state": 10.797593135460392}, "datetime": {"datetime": "2021-09-29 22:01:02", "elapsed": 589.95629, "delta": 3.049587}}
{"target": -56.77249020071022, "params": {"max_depth": 6.373399781127911, "n_estimators": 45.947040157110685, "random_state": 10.863739669202976}, "datetime": {"datetime": "2021-09-29 22:01:05", "elapsed": 592.572695, "delta": 2.616405}}
{"target": -63.846598094921234, "params": {"max_depth": 1.043741553576107, "n_estimators": 58.88236523760853, "random_state": 6.5817827099470385}, "datetime": {"datetime": "2021-09-29 22:01:08", "elapsed": 595.743436, "delta": 3.170741}}
{"target": -55.10713419530765, "params": {"max_depth": 4.078238462458837, "n_estimators": 64.43470354100938, "random_state": 4.971004966584789}, "datetime": {"datetime": "2021-09-29 22:01:10", "elapsed": 598.122402, "delta": 2.378966}}
{"target": -63.418709882105574, "params": {"max_depth": 1.0, "n_estimators": 69.1031082705908, "random_state": 6.891028972047262}, "datetime": {"datetime": "2021-09-29 22:01:13", "elapsed": 600.551608, "delta": 2.429206}}
{"target": -53.96243395246246, "params": {"max_depth": 4.784656592382692, "n_estimators": 69.53033260215321, "random_state": 3.1002891264458112}, "datetime": {"datetime": "2021-09-29 22:01:15", "elapsed": 602.963985, "delta": 2.412377}}
{"target": -55.193878908478474, "params": {"max_depth": 4.479286273723442, "n_estimators": 70.56954278482664, "random_state": 4.358934689859252}, "datetime": {"datetime": "2021-09-29 22:01:18", "elapsed": 605.720019, "delta": 2.756034}}
{"target": -60.364698420605244, "params": {"max_depth": 11.970655708468872, "n_estimators": 43.96543291256016, "random_state": 6.68593294852128}, "datetime": {"datetime": "2021-09-29 22:01:21", "elapsed": 609.05949, "delta": 3.339471}}
{"target": -55.11721520299033, "params": {"max_depth": 4.08511002351287, "n_estimators": 68.26174106062459, "random_state": 2.001029373356104}, "datetime": {"datetime": "2021-09-29 22:08:23", "elapsed": 0.0, "delta": 0.0}}
{"target": -57.62842838343484, "params": {"max_depth": 3.5116628631591986, "n_estimators": 29.832644684746576, "random_state": 2.83104735291918}, "datetime": {"datetime": "2021-09-29 22:08:23", "elapsed": 0.071, "delta": 0.071}}
{"target": -57.08615611954569, "params": {"max_depth": 2.9313010568883544, "n_estimators": 43.1525687118842, "random_state": 5.570907268076029}, "datetime": {"datetime": "2021-09-29 22:08:23", "elapsed": 0.167042, "delta": 0.096042}}
{"target": -55.31123436077772, "params": {"max_depth": 4.694083670016784, "n_estimators": 48.08603246502075, "random_state": 8.166975503570836}, "datetime": {"datetime": "2021-09-29 22:08:23", "elapsed": 0.294006, "delta": 0.126964}}
{"target": -55.11721520299033, "params": {"max_depth": 4.179066529895828, "n_estimators": 68.07233843862669, "random_state": 2.1275197250033777}, "datetime": {"datetime": "2021-09-29 22:08:24", "elapsed": 0.562038, "delta": 0.268032}}
{"target": -55.121957433372884, "params": {"max_depth": 7.0, "n_estimators": 57.00951062363017, "random_state": 11.0}, "datetime": {"datetime": "2021-09-29 22:08:24", "elapsed": 1.000001, "delta": 0.437963}}
{"target": -56.01281286523171, "params": {"max_depth": 7.0, "n_estimators": 78.2441528225418, "random_state": 11.0}, "datetime": {"datetime": "2021-09-29 22:08:25", "elapsed": 1.528999, "delta": 0.528998}}
{"target": -57.50981301420551, "params": {"max_depth": 2.0, "n_estimators": 56.84111581868667, "random_state": 2.0}, "datetime": {"datetime": "2021-09-29 22:08:25", "elapsed": 1.868035, "delta": 0.339036}}
{"target": -55.300320271920256, "params": {"max_depth": 7.0, "n_estimators": 51.612636745601655, "random_state": 11.0}, "datetime": {"datetime": "2021-09-29 22:08:26", "elapsed": 2.335072, "delta": 0.467037}}
{"target": -55.485591459993735, "params": {"max_depth": 7.0, "n_estimators": 65.47293462722571, "random_state": 11.0}, "datetime": {"datetime": "2021-09-29 22:08:26", "elapsed": 2.742032, "delta": 0.40696}}
{"target": -58.36196489985156, "params": {"max_depth": 2.0, "n_estimators": 71.0090998498327, "random_state": 7.485148823739478}, "datetime": {"datetime": "2021-09-29 22:08:26", "elapsed": 3.178072, "delta": 0.43604}}
{"target": -56.17880731429026, "params": {"max_depth": 2.906370557884095, "n_estimators": 53.888552288031555, "random_state": 11.0}, "datetime": {"datetime": "2021-09-29 22:08:27", "elapsed": 3.748169, "delta": 0.570097}}
{"target": -56.773150557831855, "params": {"max_depth": 6.789030988742745, "n_estimators": 60.900724625192204, "random_state": 9.148971122529447}, "datetime": {"datetime": "2021-09-29 22:08:27", "elapsed": 4.30084, "delta": 0.552671}}
{"target": -58.33007615812473, "params": {"max_depth": 7.0, "n_estimators": 51.020025633806654, "random_state": 7.404832986265055}, "datetime": {"datetime": "2021-09-29 22:08:28", "elapsed": 4.8068, "delta": 0.50596}}
{"target": -55.42135106525694, "params": {"max_depth": 6.964829950255173, "n_estimators": 54.77383713221503, "random_state": 11.0}, "datetime": {"datetime": "2021-09-29 22:08:29", "elapsed": 5.444798, "delta": 0.637998}}
{"target": -56.38521986074022, "params": {"max_depth": 4.8703872692947785, "n_estimators": 48.84917596964796, "random_state": 10.921923718796707}, "datetime": {"datetime": "2021-09-29 22:08:29", "elapsed": 5.881213, "delta": 0.436415}}
{"target": -53.9233470916921, "params": {"max_depth": 4.984671345629204, "n_estimators": 56.56544368742335, "random_state": 11.0}, "datetime": {"datetime": "2021-09-29 22:08:30", "elapsed": 6.455213, "delta": 0.574}}
{"target": -56.33283224644946, "params": {"max_depth": 4.876275315189916, "n_estimators": 56.74415138194137, "random_state": 9.445197620424787}, "datetime": {"datetime": "2021-09-29 22:08:30", "elapsed": 7.087204, "delta": 0.631991}}
{"target": -55.27132787304324, "params": {"max_depth": 5.422446978065755, "n_estimators": 55.29894800041192, "random_state": 10.919101419880137}, "datetime": {"datetime": "2021-09-29 22:08:31", "elapsed": 7.575207, "delta": 0.488003}}
{"target": -54.771839507256004, "params": {"max_depth": 5.537221344223229, "n_estimators": 57.89992664816955, "random_state": 10.803471347091143}, "datetime": {"datetime": "2021-09-29 22:08:31", "elapsed": 8.114427, "delta": 0.53922}}
{"target": -57.63015093321987, "params": {"max_depth": 2.9653319055058844, "n_estimators": 56.99693658067132, "random_state": 10.833488219321174}, "datetime": {"datetime": "2021-09-29 22:08:32", "elapsed": 8.45243, "delta": 0.338003}}
{"target": -55.792873924868104, "params": {"max_depth": 6.0766843139253375, "n_estimators": 56.32156654124537, "random_state": 10.194291346603025}, "datetime": {"datetime": "2021-09-29 22:08:32", "elapsed": 8.987438, "delta": 0.535008}}
{"target": -57.67291979467664, "params": {"max_depth": 2.3883485670341313, "n_estimators": 67.7453684298207, "random_state": 2.2234316523923976}, "datetime": {"datetime": "2021-09-29 22:08:33", "elapsed": 9.486073, "delta": 0.498635}}
{"target": -55.3447866140085, "params": {"max_depth": 5.377564114862561, "n_estimators": 68.76651022332709, "random_state": 2.0}, "datetime": {"datetime": "2021-09-29 22:08:33", "elapsed": 10.05424, "delta": 0.568167}}
{"target": -53.96243395246246, "params": {"max_depth": 4.516187810101062, "n_estimators": 69.1372699377904, "random_state": 3.313142866959404}, "datetime": {"datetime": "2021-09-29 22:08:34", "elapsed": 10.573241, "delta": 0.519001}}
{"target": -55.244550714050376, "params": {"max_depth": 5.1449935962630775, "n_estimators": 68.53813911702103, "random_state": 4.049989093747874}, "datetime": {"datetime": "2021-09-29 22:08:34", "elapsed": 11.087242, "delta": 0.514001}}
{"target": -54.01693237542218, "params": {"max_depth": 4.723975274685838, "n_estimators": 70.37659528947611, "random_state": 3.038143423858748}, "datetime": {"datetime": "2021-09-29 22:08:35", "elapsed": 11.488242, "delta": 0.401}}
{"target": -55.510657176907216, "params": {"max_depth": 3.7260032760761423, "n_estimators": 70.12279420137999, "random_state": 3.7669160784966134}, "datetime": {"datetime": "2021-09-29 22:08:35", "elapsed": 12.060652, "delta": 0.57241}}
{"target": -54.90130203674306, "params": {"max_depth": 5.688163654988473, "n_estimators": 70.25186455230346, "random_state": 3.6546617746023258}, "datetime": {"datetime": "2021-09-29 22:08:36", "elapsed": 12.73474, "delta": 0.674088}}
{"target": -55.669911647540346, "params": {"max_depth": 5.125380444103976, "n_estimators": 71.01027242074912, "random_state": 2.0}, "datetime": {"datetime": "2021-09-29 22:08:36", "elapsed": 13.159739, "delta": 0.424999}}
{"target": -55.08026157779484, "params": {"max_depth": 4.134828903030636, "n_estimators": 69.99361145479705, "random_state": 2.440962854401746}, "datetime": {"datetime": "2021-09-29 22:08:37", "elapsed": 13.744803, "delta": 0.585064}}
{"target": -54.14310177585166, "params": {"max_depth": 4.847222313362274, "n_estimators": 71.21589076814305, "random_state": 3.882246273107894}, "datetime": {"datetime": "2021-09-29 22:08:37", "elapsed": 14.298623, "delta": 0.55382}}
{"target": -54.92119078143274, "params": {"max_depth": 5.085755573947645, "n_estimators": 72.6640373982818, "random_state": 3.8451491691824455}, "datetime": {"datetime": "2021-09-29 22:08:38", "elapsed": 15.110665, "delta": 0.812042}}
{"target": -55.49107694599049, "params": {"max_depth": 5.501289732701784, "n_estimators": 71.71091341864339, "random_state": 5.260426525419191}, "datetime": {"datetime": "2021-09-29 22:08:39", "elapsed": 15.657046, "delta": 0.546381}}
{"target": -55.465501856415344, "params": {"max_depth": 3.8460919546185512, "n_estimators": 72.05090462627255, "random_state": 3.238681905411253}, "datetime": {"datetime": "2021-09-29 22:08:40", "elapsed": 16.364667, "delta": 0.707621}}
{"target": -55.095753036771534, "params": {"max_depth": 6.987719752064663, "n_estimators": 73.16416913044249, "random_state": 3.8924160335596225}, "datetime": {"datetime": "2021-09-29 22:08:40", "elapsed": 17.043661, "delta": 0.678994}}
{"target": -54.91661202649011, "params": {"max_depth": 5.823964425478755, "n_estimators": 74.93987112166876, "random_state": 3.8654479230265792}, "datetime": {"datetime": "2021-09-29 22:08:41", "elapsed": 17.679668, "delta": 0.636007}}
{"target": -55.56182846373382, "params": {"max_depth": 6.337564722838162, "n_estimators": 74.28599670619026, "random_state": 2.169737979578241}, "datetime": {"datetime": "2021-09-29 22:08:42", "elapsed": 18.471386, "delta": 0.791718}}
{"target": -56.292186824172944, "params": {"max_depth": 6.730008833278172, "n_estimators": 74.64946218908942, "random_state": 5.512251135140883}, "datetime": {"datetime": "2021-09-29 22:08:42", "elapsed": 19.15607, "delta": 0.684684}}
{"target": -53.96845390406578, "params": {"max_depth": 4.0900952708722205, "n_estimators": 75.15460446534992, "random_state": 3.4543317142114156}, "datetime": {"datetime": "2021-09-29 22:08:43", "elapsed": 19.771098, "delta": 0.615028}}
{"target": -54.031840318190284, "params": {"max_depth": 4.458232162749802, "n_estimators": 76.37177172121294, "random_state": 3.2379597329048844}, "datetime": {"datetime": "2021-09-29 22:08:44", "elapsed": 20.346141, "delta": 0.575043}}
{"target": -55.10765007699696, "params": {"max_depth": 3.7037009484209067, "n_estimators": 76.10163600669463, "random_state": 4.447528314942451}, "datetime": {"datetime": "2021-09-29 22:08:44", "elapsed": 20.873077, "delta": 0.526936}}
{"target": -56.24932172591778, "params": {"max_depth": 3.836808418232076, "n_estimators": 75.67576584071428, "random_state": 2.1564804012705214}, "datetime": {"datetime": "2021-09-29 22:08:45", "elapsed": 21.549578, "delta": 0.676501}}
{"target": -53.96845390406578, "params": {"max_depth": 4.89312968058794, "n_estimators": 75.79028609376168, "random_state": 3.8573677703079707}, "datetime": {"datetime": "2021-09-29 22:08:45", "elapsed": 22.206053, "delta": 0.656475}}
{"target": -54.957337534876594, "params": {"max_depth": 5.831292505560532, "n_estimators": 76.85983236889092, "random_state": 3.6251760290765644}, "datetime": {"datetime": "2021-09-29 22:08:46", "elapsed": 22.861051, "delta": 0.654998}}
{"target": -54.98785820098963, "params": {"max_depth": 3.889641516710177, "n_estimators": 74.26813719213345, "random_state": 4.3621433960672835}, "datetime": {"datetime": "2021-09-29 22:08:47", "elapsed": 23.366627, "delta": 0.505576}}
{"target": -54.05187667402346, "params": {"max_depth": 4.309339231288632, "n_estimators": 78.07946416111682, "random_state": 3.450553752904213}, "datetime": {"datetime": "2021-09-29 22:08:47", "elapsed": 24.011413, "delta": 0.644786}}
{"target": -55.32891130194088, "params": {"max_depth": 4.948181044112679, "n_estimators": 78.58349401310794, "random_state": 2.299445884685221}, "datetime": {"datetime": "2021-09-29 22:08:48", "elapsed": 24.710507, "delta": 0.699094}}
{"target": -55.20621684979788, "params": {"max_depth": 4.204971174507197, "n_estimators": 78.84476770881379, "random_state": 4.572714960059878}, "datetime": {"datetime": "2021-09-29 22:08:49", "elapsed": 25.439507, "delta": 0.729}}
{"target": -55.277812789937364, "params": {"max_depth": 3.032621453300164, "n_estimators": 77.97928678290876, "random_state": 3.1972581755704885}, "datetime": {"datetime": "2021-09-29 22:08:49", "elapsed": 26.142188, "delta": 0.702681}}
{"target": -53.964290416482264, "params": {"max_depth": 4.843326231819969, "n_estimators": 77.37407015638067, "random_state": 3.9801466636112894}, "datetime": {"datetime": "2021-09-29 22:08:50", "elapsed": 26.756084, "delta": 0.613896}}
{"target": -57.492120954197546, "params": {"max_depth": 2.0790946245889868, "n_estimators": 48.473516164160785, "random_state": 6.863464679765672}, "datetime": {"datetime": "2021-09-29 22:08:50", "elapsed": 27.18112, "delta": 0.425036}}
{"target": -56.1858701095343, "params": {"max_depth": 6.611807778815584, "n_estimators": 79.0825513085652, "random_state": 4.592864407854115}, "datetime": {"datetime": "2021-09-29 22:08:51", "elapsed": 27.779118, "delta": 0.597998}}
{"target": -57.835500377541614, "params": {"max_depth": 6.522627175438042, "n_estimators": 46.00962127325498, "random_state": 7.942341530488184}, "datetime": {"datetime": "2021-09-29 22:08:52", "elapsed": 28.42413, "delta": 0.645012}}
{"target": -56.557153317756814, "params": {"max_depth": 3.545897908099919, "n_estimators": 20.068246277120984, "random_state": 10.872856578138947}, "datetime": {"datetime": "2021-09-29 22:08:52", "elapsed": 29.009128, "delta": 0.584998}}
{"target": -55.835826172386426, "params": {"max_depth": 3.177881600241072, "n_estimators": 86.8721602837179, "random_state": 10.987859132103864}, "datetime": {"datetime": "2021-09-29 22:08:53", "elapsed": 29.609056, "delta": 0.599928}}
{"target": -56.838532242774406, "params": {"max_depth": 6.874886178041402, "n_estimators": 35.485974402586145, "random_state": 10.926789971508141}, "datetime": {"datetime": "2021-09-29 22:08:53", "elapsed": 30.28648, "delta": 0.677424}}
{"target": -55.83831351829851, "params": {"max_depth": 7.0, "n_estimators": 68.80455319235858, "random_state": 11.0}, "datetime": {"datetime": "2021-09-29 22:08:54", "elapsed": 30.92149, "delta": 0.63501}}
{"target": -55.105645243828526, "params": {"max_depth": 3.4404333640209668, "n_estimators": 65.26732992574554, "random_state": 11.0}, "datetime": {"datetime": "2021-09-29 22:08:55", "elapsed": 31.515978, "delta": 0.594488}}
{"target": -58.69238079411675, "params": {"max_depth": 2.0, "n_estimators": 64.32323855265015, "random_state": 9.363772557156109}, "datetime": {"datetime": "2021-09-29 22:08:55", "elapsed": 32.045326, "delta": 0.529348}}
{"target": -55.83572465598957, "params": {"max_depth": 4.16889014721876, "n_estimators": 66.76988716733979, "random_state": 10.750590084039029}, "datetime": {"datetime": "2021-09-29 22:08:56", "elapsed": 32.615746, "delta": 0.57042}}
{"target": -53.847564718350625, "params": {"max_depth": 6.782805147117292, "n_estimators": 20.179903317557095, "random_state": 2.001174596144013}, "datetime": {"datetime": "2021-09-29 22:08:56", "elapsed": 33.043744, "delta": 0.427998}}
{"target": -54.22934595358046, "params": {"max_depth": 6.346559265488139, "n_estimators": 21.365810574668984, "random_state": 2.541320135016618}, "datetime": {"datetime": "2021-09-29 22:08:57", "elapsed": 33.553745, "delta": 0.510001}}
{"target": -54.40161727287993, "params": {"max_depth": 5.333958194083476, "n_estimators": 20.07134603512072, "random_state": 2.0}, "datetime": {"datetime": "2021-09-29 22:08:57", "elapsed": 34.190978, "delta": 0.637233}}
{"target": -57.2660689341729, "params": {"max_depth": 6.6072950794419985, "n_estimators": 20.0, "random_state": 3.4686619361171243}, "datetime": {"datetime": "2021-09-29 22:08:58", "elapsed": 34.62419, "delta": 0.433212}}
{"target": -55.516364649194216, "params": {"max_depth": 7.0, "n_estimators": 22.149194957655915, "random_state": 2.0}, "datetime": {"datetime": "2021-09-29 22:08:58", "elapsed": 35.111189, "delta": 0.486999}}
{"target": -54.771111993410116, "params": {"max_depth": 5.185679777726209, "n_estimators": 21.504786327250027, "random_state": 2.0}, "datetime": {"datetime": "2021-09-29 22:08:59", "elapsed": 35.606148, "delta": 0.494959}}
{"target": -56.240393870308466, "params": {"max_depth": 3.082440973835439, "n_estimators": 20.913804993514717, "random_state": 2.1342318481905056}, "datetime": {"datetime": "2021-09-29 22:08:59", "elapsed": 36.170091, "delta": 0.563943}}
{"target": -53.997869130930376, "params": {"max_depth": 4.664224004656697, "n_estimators": 74.28643068788767, "random_state": 3.266143091377067}, "datetime": {"datetime": "2021-09-29 22:09:00", "elapsed": 36.848436, "delta": 0.678345}}
