{"target": -40.679576102431255, "params": {"max_depth": 11.803024764371226, "n_estimators": 90.46757719010611, "random_state": 6.74626725232529}, "datetime": {"datetime": "2021-09-28 14:46:05", "elapsed": 585.019077, "delta": 3.366589}}
{"target": -39.22530447604077, "params": {"max_depth": 4.124315818858939, "n_estimators": 68.67317592974084, "random_state": 8.901355351993232}, "datetime": {"datetime": "2021-09-28 14:46:08", "elapsed": 587.619382, "delta": 2.600305}}
{"target": -40.31157678564795, "params": {"max_depth": 12.0, "n_estimators": 74.41883622967912, "random_state": 3.6821998115376813}, "datetime": {"datetime": "2021-09-28 14:46:11", "elapsed": 590.309961, "delta": 2.690579}}
{"target": -38.809111459436146, "params": {"max_depth": 7.404312531099301, "n_estimators": 59.386994443293005, "random_state": 2.0073048765490893}, "datetime": {"datetime": "2021-09-28 14:46:14", "elapsed": 593.529516, "delta": 3.219555}}
{"target": -39.298817058961845, "params": {"max_depth": 11.12852109609448, "n_estimators": 45.24203614652402, "random_state": 11.0}, "datetime": {"datetime": "2021-09-28 14:46:17", "elapsed": 596.669512, "delta": 3.139996}}
{"target": -39.266778004929535, "params": {"max_depth": 4.833390305999162, "n_estimators": 58.431699172396364, "random_state": 2.035300745593668}, "datetime": {"datetime": "2021-09-28 14:46:21", "elapsed": 600.175046, "delta": 3.505534}}
{"target": -39.503285467627975, "params": {"max_depth": 4.0, "n_estimators": 81.90171172005644, "random_state": 6.433514610230658}, "datetime": {"datetime": "2021-09-28 14:46:25", "elapsed": 604.113833, "delta": 3.938787}}
{"target": -39.09356845664327, "params": {"max_depth": 5.987791379726178, "n_estimators": 94.9958751963981, "random_state": 3.6591098224723653}, "datetime": {"datetime": "2021-09-28 14:46:31", "elapsed": 610.101773, "delta": 5.98794}}
{"target": -39.023762203415444, "params": {"max_depth": 6.6011735553943, "n_estimators": 74.85109691148719, "random_state": 2.0}, "datetime": {"datetime": "2021-09-28 14:46:34", "elapsed": 613.138991, "delta": 3.037218}}
{"target": -39.34105773791908, "params": {"max_depth": 6.219299841467007, "n_estimators": 75.01446040016813, "random_state": 3.901206969545548}, "datetime": {"datetime": "2021-09-28 14:46:38", "elapsed": 617.767165, "delta": 4.628174}}
{"target": -39.06656506440627, "params": {"max_depth": 10.9846835204318, "n_estimators": 31.14496310356635, "random_state": 2.0}, "datetime": {"datetime": "2021-09-28 14:46:41", "elapsed": 620.902591, "delta": 3.135426}}
{"target": -39.83716614518517, "params": {"max_depth": 4.0, "n_estimators": 66.68785967083073, "random_state": 7.1184171115461226}, "datetime": {"datetime": "2021-09-28 14:46:45", "elapsed": 624.444586, "delta": 3.541995}}
{"target": -39.24759599443437, "params": {"max_depth": 5.159254407482124, "n_estimators": 95.73340979088469, "random_state": 2.1257150716131754}, "datetime": {"datetime": "2021-09-28 14:46:48", "elapsed": 627.8986, "delta": 3.454014}}
{"target": -39.46951967242761, "params": {"max_depth": 4.0, "n_estimators": 51.18465952384979, "random_state": 6.224959806101304}, "datetime": {"datetime": "2021-09-28 14:46:51", "elapsed": 631.050409, "delta": 3.151809}}
{"target": -39.430649490800576, "params": {"max_depth": 4.0, "n_estimators": 62.149232279612974, "random_state": 4.0908349787920235}, "datetime": {"datetime": "2021-09-28 14:46:55", "elapsed": 634.227981, "delta": 3.177572}}
{"target": -39.63936373165384, "params": {"max_depth": 6.944598089151361, "n_estimators": 96.2522818624131, "random_state": 4.707248932218001}, "datetime": {"datetime": "2021-09-28 14:46:58", "elapsed": 637.697236, "delta": 3.469255}}
{"target": -38.96463446611032, "params": {"max_depth": 7.944966855402584, "n_estimators": 80.65933311661448, "random_state": 2.0224883994494065}, "datetime": {"datetime": "2021-09-28 14:47:02", "elapsed": 641.303019, "delta": 3.605783}}
{"target": -38.34890950927909, "params": {"max_depth": 6.4782412363776825, "n_estimators": 40.43904495669329, "random_state": 2.0147045915759136}, "datetime": {"datetime": "2021-09-28 14:47:04", "elapsed": 644.052034, "delta": 2.749015}}
{"target": -39.420397122116455, "params": {"max_depth": 7.304973219757177, "n_estimators": 81.1717321192061, "random_state": 3.431136712192242}, "datetime": {"datetime": "2021-09-28 14:47:07", "elapsed": 647.070941, "delta": 3.018907}}
{"target": -39.5431272748931, "params": {"max_depth": 11.999141707079755, "n_estimators": 53.32378424257891, "random_state": 2.0285347948828427}, "datetime": {"datetime": "2021-09-28 14:47:10", "elapsed": 649.951218, "delta": 2.880277}}
{"target": -39.695761266668335, "params": {"max_depth": 4.0, "n_estimators": 31.5957460105226, "random_state": 6.938142437258958}, "datetime": {"datetime": "2021-09-28 14:47:14", "elapsed": 653.282377, "delta": 3.331159}}
{"target": -38.9293813770691, "params": {"max_depth": 7.806012371571267, "n_estimators": 79.13056608833558, "random_state": 2.0223233327100902}, "datetime": {"datetime": "2021-09-28 14:47:17", "elapsed": 656.637917, "delta": 3.35554}}
{"target": -39.278042179015365, "params": {"max_depth": 8.840238493135715, "n_estimators": 79.88512869835853, "random_state": 2.7243062307362598}, "datetime": {"datetime": "2021-09-28 14:47:20", "elapsed": 659.716989, "delta": 3.079072}}
{"target": -39.02145232483389, "params": {"max_depth": 6.6622547551430085, "n_estimators": 77.70257701796545, "random_state": 2.1636386950976716}, "datetime": {"datetime": "2021-09-28 14:47:23", "elapsed": 663.038876, "delta": 3.321887}}
{"target": -38.95229827421885, "params": {"max_depth": 6.526078312795734, "n_estimators": 79.20780325569287, "random_state": 2.4527014812498926}, "datetime": {"datetime": "2021-09-28 14:47:27", "elapsed": 666.57277, "delta": 3.533894}}
{"target": -39.25157636076085, "params": {"max_depth": 5.776328495385796, "n_estimators": 76.27705394710644, "random_state": 2.0}, "datetime": {"datetime": "2021-09-28 14:47:31", "elapsed": 670.704471, "delta": 4.131701}}
{"target": -39.82945212672396, "params": {"max_depth": 9.753198042323167, "n_estimators": 86.78693295569911, "random_state": 2.000114374817345}, "datetime": {"datetime": "2021-09-28 15:40:02", "elapsed": 0.0, "delta": 0.0}}
{"target": -39.59837646382412, "params": {"max_depth": 8.720993153686557, "n_estimators": 39.18073893782038, "random_state": 2.0923385947687976}, "datetime": {"datetime": "2021-09-28 15:40:02", "elapsed": 0.403001, "delta": 0.403001}}
{"target": -39.616389704109736, "params": {"max_depth": 7.676341902399038, "n_estimators": 55.681540344572966, "random_state": 2.39676747423067}, "datetime": {"datetime": "2021-09-28 15:40:03", "elapsed": 1.051919, "delta": 0.648918}}
{"target": -40.06891800290723, "params": {"max_depth": 10.849350606030212, "n_estimators": 61.793144695473465, "random_state": 2.6852195003967596}, "datetime": {"datetime": "2021-09-28 15:40:04", "elapsed": 2.051518, "delta": 0.999599}}
{"target": -39.67113710748792, "params": {"max_depth": 7.8400702475836574, "n_estimators": 99.88374722044847, "random_state": 2.0273875931979264}, "datetime": {"datetime": "2021-09-28 15:40:05", "elapsed": 3.385862, "delta": 1.334344}}
{"target": -39.59837646382412, "params": {"max_depth": 8.617739440294235, "n_estimators": 39.38023924037567, "random_state": 2.131871690728441}, "datetime": {"datetime": "2021-09-28 15:40:06", "elapsed": 3.780862, "delta": 0.395}}
{"target": -39.29927109496239, "params": {"max_depth": 6.678702673504441, "n_estimators": 50.26540530521658, "random_state": 2.232136016170938}, "datetime": {"datetime": "2021-09-28 15:40:07", "elapsed": 5.176864, "delta": 1.396002}}
{"target": -40.47953960837021, "params": {"max_depth": 12.063452656302598, "n_estimators": 48.384430037884336, "random_state": 2.0}, "datetime": {"datetime": "2021-09-28 15:40:08", "elapsed": 5.841864, "delta": 0.665}}
{"target": -39.50699397793772, "params": {"max_depth": 6.0, "n_estimators": 52.410611240580806, "random_state": 3.0}, "datetime": {"datetime": "2021-09-28 15:40:09", "elapsed": 6.69986, "delta": 0.857996}}
{"target": -39.20096268539871, "params": {"max_depth": 6.200825320532381, "n_estimators": 47.87301737359911, "random_state": 2.9752724399782045}, "datetime": {"datetime": "2021-09-28 15:40:09", "elapsed": 7.52836, "delta": 0.8285}}
{"target": -38.62764330683568, "params": {"max_depth": 6.146185272361365, "n_estimators": 44.81000743829074, "random_state": 2.08611512034396}, "datetime": {"datetime": "2021-09-28 15:40:10", "elapsed": 8.150084, "delta": 0.621724}}
{"target": -38.653985943766905, "params": {"max_depth": 6.042997837250653, "n_estimators": 43.83087144337179, "random_state": 2.974985525373694}, "datetime": {"datetime": "2021-09-28 15:40:11", "elapsed": 8.746095, "delta": 0.596011}}
{"target": -40.333765439548046, "params": {"max_depth": 12.236821736800742, "n_estimators": 28.559961180825557, "random_state": 2.0}, "datetime": {"datetime": "2021-09-28 15:40:11", "elapsed": 9.399021, "delta": 0.652926}}
{"target": -40.286350670172666, "params": {"max_depth": 14.725388708371174, "n_estimators": 109.85335597535092, "random_state": 2.8685810345180327}, "datetime": {"datetime": "2021-09-28 15:40:13", "elapsed": 10.62202, "delta": 1.222999}}
{"target": -40.062024872754534, "params": {"max_depth": 15.0, "n_estimators": 75.4767036550289, "random_state": 3.0}, "datetime": {"datetime": "2021-09-28 15:40:14", "elapsed": 11.731537, "delta": 1.109517}}
{"target": -38.653985943766905, "params": {"max_depth": 6.030506668091872, "n_estimators": 43.14809549912084, "random_state": 2.0420548121358535}, "datetime": {"datetime": "2021-09-28 15:40:14", "elapsed": 12.324075, "delta": 0.592538}}
{"target": -40.084059077135194, "params": {"max_depth": 15.0, "n_estimators": 94.96814256555145, "random_state": 3.0}, "datetime": {"datetime": "2021-09-28 15:40:15", "elapsed": 13.485115, "delta": 1.16104}}
{"target": -39.52435686518967, "params": {"max_depth": 6.0, "n_estimators": 72.90718039565154, "random_state": 2.0}, "datetime": {"datetime": "2021-09-28 15:40:16", "elapsed": 14.435114, "delta": 0.949999}}
{"target": -39.609522760464834, "params": {"max_depth": 6.0, "n_estimators": 79.85713419384956, "random_state": 2.0}, "datetime": {"datetime": "2021-09-28 15:40:17", "elapsed": 15.276728, "delta": 0.841614}}
{"target": -39.37944795971099, "params": {"max_depth": 6.0, "n_estimators": 110.0, "random_state": 2.0}, "datetime": {"datetime": "2021-09-28 15:40:18", "elapsed": 16.437732, "delta": 1.161004}}
{"target": -38.94514408940607, "params": {"max_depth": 7.568695915524129, "n_estimators": 44.06916756276071, "random_state": 2.0}, "datetime": {"datetime": "2021-09-28 15:40:19", "elapsed": 17.034738, "delta": 0.597006}}
{"target": -38.874098881462146, "params": {"max_depth": 6.023350596312292, "n_estimators": 34.26951012829024, "random_state": 2.059840284200085}, "datetime": {"datetime": "2021-09-28 15:40:20", "elapsed": 17.648915, "delta": 0.614177}}
{"target": -39.25460800370767, "params": {"max_depth": 6.0, "n_estimators": 30.54831821741095, "random_state": 3.0}, "datetime": {"datetime": "2021-09-28 15:40:20", "elapsed": 18.194919, "delta": 0.546004}}
{"target": -39.50263220513852, "params": {"max_depth": 6.0, "n_estimators": 36.78783620642121, "random_state": 3.0}, "datetime": {"datetime": "2021-09-28 15:40:21", "elapsed": 18.777921, "delta": 0.583002}}
{"target": -40.166892251706294, "params": {"max_depth": 15.0, "n_estimators": 37.17544542408918, "random_state": 2.0}, "datetime": {"datetime": "2021-09-28 15:40:21", "elapsed": 19.544358, "delta": 0.766437}}
{"target": -39.47894024368257, "params": {"max_depth": 6.003856020514564, "n_estimators": 92.83112365036376, "random_state": 2.4096217985013473}, "datetime": {"datetime": "2021-09-28 15:40:22", "elapsed": 20.499363, "delta": 0.955005}}
{"target": -39.803628233054376, "params": {"max_depth": 8.266515305862683, "n_estimators": 33.42481543149283, "random_state": 2.0}, "datetime": {"datetime": "2021-09-28 15:40:23", "elapsed": 21.136247, "delta": 0.636884}}
{"target": -39.53273574037415, "params": {"max_depth": 6.096864576110153, "n_estimators": 105.46948900597081, "random_state": 2.9520938883391974}, "datetime": {"datetime": "2021-09-28 15:40:24", "elapsed": 22.422253, "delta": 1.286006}}
{"target": -39.489732135826685, "params": {"max_depth": 6.010477044581534, "n_estimators": 67.5222630220673, "random_state": 2.283269807360664}, "datetime": {"datetime": "2021-09-28 15:40:25", "elapsed": 23.206649, "delta": 0.784396}}
{"target": -39.926416468784495, "params": {"max_depth": 15.0, "n_estimators": 83.48205806610027, "random_state": 3.0}, "datetime": {"datetime": "2021-09-28 15:40:26", "elapsed": 24.285645, "delta": 1.078996}}
{"target": -40.15810006904393, "params": {"max_depth": 14.837224062736215, "n_estimators": 67.59189843656675, "random_state": 2.2526003275371416}, "datetime": {"datetime": "2021-09-28 15:40:27", "elapsed": 25.449567, "delta": 1.163922}}
{"target": -38.62764330683568, "params": {"max_depth": 6.0, "n_estimators": 44.04583112896229, "random_state": 2.0}, "datetime": {"datetime": "2021-09-28 15:40:28", "elapsed": 26.138571, "delta": 0.689004}}
{"target": -40.34913413620943, "params": {"max_depth": 15.0, "n_estimators": 56.22853400966763, "random_state": 2.0}, "datetime": {"datetime": "2021-09-28 15:40:29", "elapsed": 27.062174, "delta": 0.923603}}
{"target": -40.52738226887706, "params": {"max_depth": 15.0, "n_estimators": 102.1855680608384, "random_state": 2.0}, "datetime": {"datetime": "2021-09-28 15:40:30", "elapsed": 28.472855, "delta": 1.410681}}
{"target": -39.36615991792271, "params": {"max_depth": 6.0, "n_estimators": 61.28858304086064, "random_state": 3.0}, "datetime": {"datetime": "2021-09-28 15:40:31", "elapsed": 29.218854, "delta": 0.745999}}
{"target": -39.15909533767664, "params": {"max_depth": 6.072290035204782, "n_estimators": 27.006795493848184, "random_state": 2.0244347735213655}, "datetime": {"datetime": "2021-09-28 15:40:32", "elapsed": 30.042853, "delta": 0.823999}}
{"target": -39.22639647385289, "params": {"max_depth": 6.0, "n_estimators": 42.16436395449723, "random_state": 3.0}, "datetime": {"datetime": "2021-09-28 15:40:33", "elapsed": 30.804852, "delta": 0.761999}}
{"target": -38.73272565176458, "params": {"max_depth": 6.148483339602185, "n_estimators": 45.3431942395696, "random_state": 2.8497481578967623}, "datetime": {"datetime": "2021-09-28 15:40:34", "elapsed": 31.56682, "delta": 0.761968}}
{"target": -40.04962266918903, "params": {"max_depth": 9.075497146653525, "n_estimators": 76.3099602981171, "random_state": 3.0}, "datetime": {"datetime": "2021-09-28 15:40:35", "elapsed": 32.606452, "delta": 1.039632}}
{"target": -39.488607501245774, "params": {"max_depth": 6.019122072862598, "n_estimators": 84.81952318107665, "random_state": 2.6847602564759523}, "datetime": {"datetime": "2021-09-28 15:40:36", "elapsed": 33.854165, "delta": 1.247713}}
{"target": -39.2096666931782, "params": {"max_depth": 6.0, "n_estimators": 89.02595836514938, "random_state": 3.0}, "datetime": {"datetime": "2021-09-28 15:40:37", "elapsed": 34.893163, "delta": 1.038998}}
{"target": -40.13392527195947, "params": {"max_depth": 9.835051959669245, "n_estimators": 91.684011773614, "random_state": 3.0}, "datetime": {"datetime": "2021-09-28 15:40:38", "elapsed": 36.226579, "delta": 1.333416}}
{"target": -39.91905262226873, "params": {"max_depth": 9.21201048533398, "n_estimators": 108.2568869331782, "random_state": 2.0}, "datetime": {"datetime": "2021-09-28 15:40:40", "elapsed": 37.573141, "delta": 1.346562}}
{"target": -39.99670118935116, "params": {"max_depth": 9.255285050397699, "n_estimators": 70.01858778994693, "random_state": 3.0}, "datetime": {"datetime": "2021-09-28 15:40:41", "elapsed": 38.773145, "delta": 1.200004}}
{"target": -39.43168272241663, "params": {"max_depth": 6.0, "n_estimators": 96.61832233640007, "random_state": 2.0}, "datetime": {"datetime": "2021-09-28 15:40:42", "elapsed": 40.017328, "delta": 1.244183}}
{"target": -39.02015067854969, "params": {"max_depth": 6.0, "n_estimators": 46.15408540087691, "random_state": 2.0}, "datetime": {"datetime": "2021-09-28 15:40:43", "elapsed": 40.827325, "delta": 0.809997}}
{"target": -39.44697617019243, "params": {"max_depth": 6.02186472508768, "n_estimators": 64.26630808463122, "random_state": 2.255485264840529}, "datetime": {"datetime": "2021-09-28 15:40:44", "elapsed": 41.746125, "delta": 0.9188}}
{"target": -40.063848608297924, "params": {"max_depth": 15.0, "n_estimators": 42.87741149474776, "random_state": 3.0}, "datetime": {"datetime": "2021-09-28 15:40:45", "elapsed": 42.641732, "delta": 0.895607}}
{"target": -39.03357229661746, "params": {"max_depth": 6.102679116632279, "n_estimators": 33.05946167945713, "random_state": 2.9854692139054606}, "datetime": {"datetime": "2021-09-28 15:40:45", "elapsed": 43.472585, "delta": 0.830853}}
{"target": -38.62764330683568, "params": {"max_depth": 6.806970779468417, "n_estimators": 44.46246192018967, "random_state": 2.81054836051549}, "datetime": {"datetime": "2021-09-28 15:40:46", "elapsed": 44.233583, "delta": 0.760998}}
{"target": -38.62764330683568, "params": {"max_depth": 6.447892128624788, "n_estimators": 44.012157428508075, "random_state": 2.4273171775156497}, "datetime": {"datetime": "2021-09-28 15:40:47", "elapsed": 45.123587, "delta": 0.890004}}
{"target": -38.62764330683568, "params": {"max_depth": 6.122520492501889, "n_estimators": 44.60134623234622, "random_state": 2.822315279545251}, "datetime": {"datetime": "2021-09-28 15:40:48", "elapsed": 45.923681, "delta": 0.800094}}
{"target": -40.3355460196356, "params": {"max_depth": 14.918591062457594, "n_estimators": 88.60076332299418, "random_state": 2.9161659754322473}, "datetime": {"datetime": "2021-09-28 15:40:49", "elapsed": 47.303242, "delta": 1.379561}}
{"target": -39.37795866414591, "params": {"max_depth": 7.769101590182219, "n_estimators": 45.931598915861116, "random_state": 3.0}, "datetime": {"datetime": "2021-09-28 15:40:50", "elapsed": 48.188922, "delta": 0.88568}}
{"target": -39.30363631560322, "params": {"max_depth": 6.0, "n_estimators": 58.40856265002418, "random_state": 2.0}, "datetime": {"datetime": "2021-09-28 15:40:51", "elapsed": 49.220924, "delta": 1.032002}}
{"target": -40.59171649380939, "params": {"max_depth": 10.531669720629825, "n_estimators": 81.52065250685988, "random_state": 2.1182257462651073}, "datetime": {"datetime": "2021-09-28 15:40:52", "elapsed": 50.35985, "delta": 1.138926}}
{"target": -39.7277633960916, "params": {"max_depth": 8.130304394227997, "n_estimators": 27.0, "random_state": 3.0}, "datetime": {"datetime": "2021-09-28 15:40:53", "elapsed": 50.964851, "delta": 0.605001}}
{"target": -38.92647689850658, "params": {"max_depth": 6.0, "n_estimators": 102.0111153661424, "random_state": 3.0}, "datetime": {"datetime": "2021-09-28 15:40:54", "elapsed": 52.342165, "delta": 1.377314}}
{"target": -39.32813139712012, "params": {"max_depth": 8.114867894525847, "n_estimators": 103.03995781964814, "random_state": 3.0}, "datetime": {"datetime": "2021-09-28 15:40:56", "elapsed": 53.67756, "delta": 1.335395}}
{"target": -39.44730904876017, "params": {"max_depth": 6.275171164621975, "n_estimators": 102.48514628224346, "random_state": 2.0309196376664906}, "datetime": {"datetime": "2021-09-28 15:40:57", "elapsed": 54.935206, "delta": 1.257646}}
{"target": -38.653985943766905, "params": {"max_depth": 6.911987188250888, "n_estimators": 43.590377515710706, "random_state": 2.9651510430728347}, "datetime": {"datetime": "2021-09-28 15:40:58", "elapsed": 55.771437, "delta": 0.836231}}
{"target": -39.415200418514836, "params": {"max_depth": 6.1075463976212365, "n_estimators": 99.67647600561587, "random_state": 2.8633282216555425}, "datetime": {"datetime": "2021-09-28 15:40:59", "elapsed": 56.988437, "delta": 1.217}}
{"target": -38.62764330683568, "params": {"max_depth": 6.436962047836631, "n_estimators": 44.09610485276957, "random_state": 2.9898058957326654}, "datetime": {"datetime": "2021-09-28 15:41:00", "elapsed": 57.832358, "delta": 0.843921}}
{"target": -39.32816323815081, "params": {"max_depth": 6.0, "n_estimators": 87.35601215912732, "random_state": 2.0}, "datetime": {"datetime": "2021-09-28 15:41:01", "elapsed": 58.882357, "delta": 1.049999}}
{"target": -38.86377499322069, "params": {"max_depth": 6.033736953368161, "n_estimators": 32.67229306438198, "random_state": 2.028820828771478}, "datetime": {"datetime": "2021-09-28 15:41:02", "elapsed": 59.803658, "delta": 0.921301}}
{"target": -38.62764330683568, "params": {"max_depth": 6.096821478553364, "n_estimators": 44.079048083326285, "random_state": 2.5470226915452043}, "datetime": {"datetime": "2021-09-28 15:41:03", "elapsed": 60.674659, "delta": 0.871001}}
{"target": -38.653985943766905, "params": {"max_depth": 6.622775987698748, "n_estimators": 43.11667223674124, "random_state": 2.0715690375674245}, "datetime": {"datetime": "2021-09-28 15:41:03", "elapsed": 61.488254, "delta": 0.813595}}
{"target": -40.004581590867794, "params": {"max_depth": 9.85083146305611, "n_estimators": 96.7728095765628, "random_state": 3.0}, "datetime": {"datetime": "2021-09-28 15:41:05", "elapsed": 63.02903, "delta": 1.540776}}
{"target": -38.653985943766905, "params": {"max_depth": 6.241151044252147, "n_estimators": 43.57647694149277, "random_state": 2.509634069244682}, "datetime": {"datetime": "2021-09-28 15:41:06", "elapsed": 63.89925, "delta": 0.87022}}
{"target": -38.62764330683568, "params": {"max_depth": 6.3008215225812005, "n_estimators": 44.6597982042225, "random_state": 2.098237361998269}, "datetime": {"datetime": "2021-09-28 15:41:07", "elapsed": 64.87225, "delta": 0.973}}
{"target": -38.653985943766905, "params": {"max_depth": 6.402407770225781, "n_estimators": 43.548832364374576, "random_state": 2.0599375455568247}, "datetime": {"datetime": "2021-09-28 15:41:08", "elapsed": 65.66584, "delta": 0.79359}}
