{"target": -38.91107080356851, "params": {"max_depth": 7.336176037620592, "n_estimators": 83.46498599504616, "random_state": 2.001029373356104}, "datetime": {"datetime": "2021-09-28 14:36:20", "elapsed": 0.0, "delta": 0.0}}
{"target": -38.379349387173676, "params": {"max_depth": 6.418660581054718, "n_estimators": 39.300203592917704, "random_state": 2.83104735291918}, "datetime": {"datetime": "2021-09-28 14:36:21", "elapsed": 0.24, "delta": 0.24}}
{"target": -39.56004146849255, "params": {"max_depth": 5.490081691021367, "n_estimators": 54.60817598231468, "random_state": 5.570907268076029}, "datetime": {"datetime": "2021-09-28 14:36:21", "elapsed": 0.535, "delta": 0.295}}
{"target": -40.39517162703971, "params": {"max_depth": 8.310533872026856, "n_estimators": 60.2779776090537, "random_state": 8.166975503570836}, "datetime": {"datetime": "2021-09-28 14:36:21", "elapsed": 0.900006, "delta": 0.365006}}
{"target": -39.54970739924452, "params": {"max_depth": 4.0, "n_estimators": 35.328704257122176, "random_state": 7.907958494523787}, "datetime": {"datetime": "2021-09-28 14:36:22", "elapsed": 1.821573, "delta": 0.921567}}
{"target": -38.75528066069347, "params": {"max_depth": 5.808235056585916, "n_estimators": 40.091894520473176, "random_state": 2.7025792594441898}, "datetime": {"datetime": "2021-09-28 14:36:22", "elapsed": 2.064574, "delta": 0.243001}}
{"target": -38.838688770734784, "params": {"max_depth": 8.406873565652148, "n_estimators": 38.250879598025925, "random_state": 2.046582655463961}, "datetime": {"datetime": "2021-09-28 14:36:24", "elapsed": 3.175261, "delta": 1.110687}}
{"target": -40.21337675413761, "params": {"max_depth": 7.225146367941176, "n_estimators": 38.825382350300956, "random_state": 4.934360224084606}, "datetime": {"datetime": "2021-09-28 14:36:24", "elapsed": 3.748506, "delta": 0.573245}}
{"target": -38.794717582059405, "params": {"max_depth": 5.922478462960896, "n_estimators": 38.31355723005359, "random_state": 2.273339026273126}, "datetime": {"datetime": "2021-09-28 14:36:25", "elapsed": 4.243529, "delta": 0.495023}}
{"target": -38.37192448406533, "params": {"max_depth": 7.738987322895426, "n_estimators": 40.13385672671781, "random_state": 2.259667518628507}, "datetime": {"datetime": "2021-09-28 14:36:25", "elapsed": 4.697514, "delta": 0.453985}}
{"target": -38.38102752388789, "params": {"max_depth": 7.9269547889663645, "n_estimators": 41.8563368556124, "random_state": 2.284517871096672}, "datetime": {"datetime": "2021-09-28 14:36:25", "elapsed": 4.951506, "delta": 0.253992}}
{"target": -39.136537747874236, "params": {"max_depth": 9.80425335236789, "n_estimators": 42.07106002260966, "random_state": 2.2105664818967528}, "datetime": {"datetime": "2021-09-28 14:36:26", "elapsed": 5.249507, "delta": 0.298001}}
{"target": -38.30099191728973, "params": {"max_depth": 6.489308189744513, "n_estimators": 42.86977200011597, "random_state": 2.0}, "datetime": {"datetime": "2021-09-28 14:36:26", "elapsed": 5.545018, "delta": 0.295511}}
{"target": -39.836349197230895, "params": {"max_depth": 7.139301064678955, "n_estimators": 43.53836520835658, "random_state": 3.6204772389577187}, "datetime": {"datetime": "2021-09-28 14:36:26", "elapsed": 5.916321, "delta": 0.371303}}
{"target": -38.289446022068425, "params": {"max_depth": 6.494338257528976, "n_estimators": 41.70899563178219, "random_state": 2.3197877603982437}, "datetime": {"datetime": "2021-09-28 14:36:27", "elapsed": 6.232312, "delta": 0.315991}}
{"target": -39.1656574260738, "params": {"max_depth": 4.4316019576036405, "n_estimators": 42.48261330801652, "random_state": 2.507936310644584}, "datetime": {"datetime": "2021-09-28 14:36:27", "elapsed": 6.759316, "delta": 0.527004}}
{"target": -39.411677530089605, "params": {"max_depth": 8.937631058799338, "n_estimators": 86.25280361895906, "random_state": 2.6624133095240765}, "datetime": {"datetime": "2021-09-28 14:36:28", "elapsed": 7.378316, "delta": 0.619}}
{"target": -39.26257981680203, "params": {"max_depth": 5.839050819877646, "n_estimators": 80.882912191246, "random_state": 2.0}, "datetime": {"datetime": "2021-09-28 14:36:28", "elapsed": 7.857067, "delta": 0.478751}}
{"target": -39.38607698601063, "params": {"max_depth": 4.5402881762686365, "n_estimators": 84.93952571253307, "random_state": 2.0}, "datetime": {"datetime": "2021-09-28 14:36:29", "elapsed": 8.448068, "delta": 0.591001}}
{"target": -38.37192448406533, "params": {"max_depth": 7.079389545811333, "n_estimators": 40.94774554421888, "random_state": 2.0}, "datetime": {"datetime": "2021-09-28 14:36:29", "elapsed": 8.956067, "delta": 0.507999}}
{"target": -39.50581879294005, "params": {"max_depth": 10.230292192061391, "n_estimators": 81.6426978551103, "random_state": 2.0}, "datetime": {"datetime": "2021-09-28 14:36:30", "elapsed": 9.691931, "delta": 0.735864}}
{"target": -39.57681791907045, "params": {"max_depth": 4.121667796358246, "n_estimators": 104.96356980769278, "random_state": 10.85300715844068}, "datetime": {"datetime": "2021-09-28 14:36:31", "elapsed": 10.272933, "delta": 0.581002}}
{"target": -40.09842718829581, "params": {"max_depth": 11.65539663219363, "n_estimators": 98.86025565539623, "random_state": 2.6174436929533256}, "datetime": {"datetime": "2021-09-28 14:36:31", "elapsed": 10.914703, "delta": 0.64177}}
{"target": -38.64957912907247, "params": {"max_depth": 12.0, "n_estimators": 37.974058449100546, "random_state": 2.0}, "datetime": {"datetime": "2021-09-28 14:36:32", "elapsed": 11.244706, "delta": 0.330003}}
{"target": -38.54056442593095, "params": {"max_depth": 12.0, "n_estimators": 35.75147848533635, "random_state": 2.0}, "datetime": {"datetime": "2021-09-28 14:36:32", "elapsed": 11.693704, "delta": 0.448998}}
{"target": -40.40627366273245, "params": {"max_depth": 12.0, "n_estimators": 36.565677298334535, "random_state": 3.895064088427815}, "datetime": {"datetime": "2021-09-28 14:36:33", "elapsed": 12.205702, "delta": 0.511998}}
{"target": -38.882238727941335, "params": {"max_depth": 10.582733443115341, "n_estimators": 34.47361900031651, "random_state": 2.0}, "datetime": {"datetime": "2021-09-28 14:36:33", "elapsed": 12.601712, "delta": 0.39601}}
{"target": -39.19722353126298, "params": {"max_depth": 10.465813325900463, "n_estimators": 39.02685622315971, "random_state": 2.0284773519052073}, "datetime": {"datetime": "2021-09-28 14:36:33", "elapsed": 13.076708, "delta": 0.474996}}
{"target": -38.37192448406533, "params": {"max_depth": 7.2259212671084985, "n_estimators": 40.76712465837992, "random_state": 2.8902533970850612}, "datetime": {"datetime": "2021-09-28 14:36:34", "elapsed": 13.531707, "delta": 0.454999}}
{"target": -38.812468105816755, "params": {"max_depth": 11.944666278821035, "n_estimators": 31.900796827077475, "random_state": 2.1215080104295354}, "datetime": {"datetime": "2021-09-28 14:36:34", "elapsed": 13.926359, "delta": 0.394652}}
{"target": -38.99936202400339, "params": {"max_depth": 10.461870473034722, "n_estimators": 29.864067537343463, "random_state": 2.5023256689420323}, "datetime": {"datetime": "2021-09-28 14:36:35", "elapsed": 14.21905, "delta": 0.292691}}
{"target": -40.91426429129321, "params": {"max_depth": 11.413845315751892, "n_estimators": 31.562046361556444, "random_state": 4.735910378368023}, "datetime": {"datetime": "2021-09-28 14:36:35", "elapsed": 14.624051, "delta": 0.405001}}
{"target": -38.735048648459184, "params": {"max_depth": 6.8838049806885255, "n_estimators": 28.255576461812517, "random_state": 2.4048937391657828}, "datetime": {"datetime": "2021-09-28 14:36:35", "elapsed": 15.011047, "delta": 0.386996}}
{"target": -38.60533828505219, "params": {"max_depth": 7.64984951882971, "n_estimators": 30.472810501907666, "random_state": 2.1122598232323364}, "datetime": {"datetime": "2021-09-28 14:36:36", "elapsed": 15.337048, "delta": 0.326001}}
{"target": -38.98082484674335, "params": {"max_depth": 5.515482064868727, "n_estimators": 30.297277569241082, "random_state": 2.2610264412769903}, "datetime": {"datetime": "2021-09-28 14:36:36", "elapsed": 15.813408, "delta": 0.47636}}
{"target": -40.41761966301539, "params": {"max_depth": 7.267590516224009, "n_estimators": 29.552109484092696, "random_state": 4.202245731256187}, "datetime": {"datetime": "2021-09-28 14:36:37", "elapsed": 16.250407, "delta": 0.436999}}
{"target": -38.45843572389258, "params": {"max_depth": 7.819097143977397, "n_estimators": 32.408361676363974, "random_state": 2.0}, "datetime": {"datetime": "2021-09-28 14:36:37", "elapsed": 16.671412, "delta": 0.421005}}
{"target": -38.49384108016976, "params": {"max_depth": 6.0459271494352045, "n_estimators": 33.03986490863633, "random_state": 2.0}, "datetime": {"datetime": "2021-09-28 14:36:38", "elapsed": 17.107476, "delta": 0.436064}}
{"target": -38.319091951380926, "params": {"max_depth": 7.138121997780915, "n_estimators": 34.80499086841101, "random_state": 2.007213104531771}, "datetime": {"datetime": "2021-09-28 14:36:38", "elapsed": 17.524592, "delta": 0.417116}}
{"target": -40.129049983093374, "params": {"max_depth": 6.339756206127708, "n_estimators": 34.17785186383977, "random_state": 3.6191258311796948}, "datetime": {"datetime": "2021-09-28 14:36:38", "elapsed": 17.918608, "delta": 0.394016}}
{"target": -38.9235472836209, "params": {"max_depth": 8.5348969288618, "n_estimators": 35.825817282607865, "random_state": 2.0527190461552163}, "datetime": {"datetime": "2021-09-28 14:36:39", "elapsed": 18.371638, "delta": 0.45303}}
{"target": -38.50758336504441, "params": {"max_depth": 7.4260707257325365, "n_estimators": 33.547881807151384, "random_state": 2.0533805788254367}, "datetime": {"datetime": "2021-09-28 14:36:39", "elapsed": 18.742633, "delta": 0.370995}}
{"target": -39.2841254702375, "params": {"max_depth": 9.477426682253798, "n_estimators": 31.82986866954546, "random_state": 2.0}, "datetime": {"datetime": "2021-09-28 14:36:40", "elapsed": 19.170378, "delta": 0.427745}}
{"target": -39.28730695873821, "params": {"max_depth": 8.925213491506687, "n_estimators": 28.0, "random_state": 2.0}, "datetime": {"datetime": "2021-09-28 14:36:40", "elapsed": 19.543379, "delta": 0.373001}}
{"target": -39.69494542971729, "params": {"max_depth": 4.794750910041658, "n_estimators": 72.68357307439643, "random_state": 10.756138757378144}, "datetime": {"datetime": "2021-09-28 14:36:40", "elapsed": 20.045265, "delta": 0.501886}}
{"target": -38.341554701326444, "params": {"max_depth": 6.552161570899419, "n_estimators": 36.19192121172764, "random_state": 2.063178151012998}, "datetime": {"datetime": "2021-09-28 14:36:41", "elapsed": 20.438269, "delta": 0.393004}}
{"target": -39.12042840728002, "params": {"max_depth": 4.893500215740133, "n_estimators": 36.422457705570025, "random_state": 2.05539781792951}, "datetime": {"datetime": "2021-09-28 14:36:41", "elapsed": 20.844268, "delta": 0.405999}}
{"target": -39.5447524695155, "params": {"max_depth": 4.165167887243047, "n_estimators": 93.01472243305665, "random_state": 10.964598460577744}, "datetime": {"datetime": "2021-09-28 14:36:42", "elapsed": 21.490267, "delta": 0.645999}}
{"target": -39.34078163977955, "params": {"max_depth": 4.954827400448679, "n_estimators": 28.001495782857116, "random_state": 2.0888819077216554}, "datetime": {"datetime": "2021-09-28 14:36:42", "elapsed": 21.980506, "delta": 0.490239}}
{"target": -39.713611786376624, "params": {"max_depth": 11.549906480803815, "n_estimators": 70.59708591837634, "random_state": 2.229309312335539}, "datetime": {"datetime": "2021-09-28 14:36:43", "elapsed": 22.629508, "delta": 0.649002}}
{"target": -38.489803732984505, "params": {"max_depth": 7.098612814319133, "n_estimators": 38.973814173877564, "random_state": 2.0274206962912396}, "datetime": {"datetime": "2021-09-28 14:36:44", "elapsed": 23.172507, "delta": 0.542999}}
{"target": -39.88620813517829, "params": {"max_depth": 12.0, "n_estimators": 49.286172203903625, "random_state": 11.0}, "datetime": {"datetime": "2021-09-28 14:36:44", "elapsed": 23.790505, "delta": 0.617998}}
{"target": -39.91465111583376, "params": {"max_depth": 8.005675836483348, "n_estimators": 82.58092748344525, "random_state": 11.0}, "datetime": {"datetime": "2021-09-28 14:36:45", "elapsed": 24.474406, "delta": 0.683901}}
{"target": -39.124440181578926, "params": {"max_depth": 4.020025617442806, "n_estimators": 32.46042219065646, "random_state": 2.0283098559536006}, "datetime": {"datetime": "2021-09-28 14:36:45", "elapsed": 24.893399, "delta": 0.418993}}
{"target": -39.37375781975554, "params": {"max_depth": 4.157715286345715, "n_estimators": 104.13221908167722, "random_state": 2.1814301115214376}, "datetime": {"datetime": "2021-09-28 14:36:46", "elapsed": 25.462401, "delta": 0.569002}}
{"target": -40.07715410475546, "params": {"max_depth": 12.0, "n_estimators": 91.58949320184459, "random_state": 11.0}, "datetime": {"datetime": "2021-09-28 14:36:47", "elapsed": 26.122401, "delta": 0.66}}
{"target": -39.28860478749885, "params": {"max_depth": 4.0, "n_estimators": 66.11055275320906, "random_state": 2.0}, "datetime": {"datetime": "2021-09-28 14:36:47", "elapsed": 26.874397, "delta": 0.751996}}
{"target": -39.40198169380555, "params": {"max_depth": 4.0, "n_estimators": 93.79341191490823, "random_state": 2.0}, "datetime": {"datetime": "2021-09-28 14:36:48", "elapsed": 27.738397, "delta": 0.864}}
{"target": -39.69790619693199, "params": {"max_depth": 6.983463197329766, "n_estimators": 83.10830280320612, "random_state": 4.961654617112184}, "datetime": {"datetime": "2021-09-28 14:36:49", "elapsed": 28.617072, "delta": 0.878675}}
{"target": -38.446746301108305, "params": {"max_depth": 6.6226147060251614, "n_estimators": 31.714752343959987, "random_state": 2.0}, "datetime": {"datetime": "2021-09-28 14:36:50", "elapsed": 29.116225, "delta": 0.499153}}
{"target": -40.280746219350426, "params": {"max_depth": 11.99659335515091, "n_estimators": 104.89794390563749, "random_state": 10.986673515574953}, "datetime": {"datetime": "2021-09-28 14:36:50", "elapsed": 29.881484, "delta": 0.765259}}
{"target": -39.02361777577556, "params": {"max_depth": 12.0, "n_estimators": 51.67296866189458, "random_state": 2.0}, "datetime": {"datetime": "2021-09-28 14:36:51", "elapsed": 30.45849, "delta": 0.577006}}
{"target": -38.914436774634524, "params": {"max_depth": 12.0, "n_estimators": 55.191593745331936, "random_state": 2.0}, "datetime": {"datetime": "2021-09-28 14:36:51", "elapsed": 31.019518, "delta": 0.561028}}
{"target": -40.83503342291476, "params": {"max_depth": 12.0, "n_estimators": 53.87612724577432, "random_state": 4.672903148783684}, "datetime": {"datetime": "2021-09-28 14:36:52", "elapsed": 31.585492, "delta": 0.565974}}
{"target": -39.512496457244154, "params": {"max_depth": 10.811879037123028, "n_estimators": 58.765461179277615, "random_state": 2.2832104441913925}, "datetime": {"datetime": "2021-09-28 14:36:53", "elapsed": 32.151342, "delta": 0.56585}}
{"target": -39.63977529481841, "params": {"max_depth": 11.186648207562241, "n_estimators": 48.46701063601493, "random_state": 2.03189834582396}, "datetime": {"datetime": "2021-09-28 14:36:53", "elapsed": 32.717335, "delta": 0.565993}}
{"target": -39.47836904063603, "params": {"max_depth": 4.0, "n_estimators": 74.12916966343245, "random_state": 2.0}, "datetime": {"datetime": "2021-09-28 14:36:54", "elapsed": 33.386337, "delta": 0.669002}}
{"target": -39.864255914591, "params": {"max_depth": 12.0, "n_estimators": 68.45145682725598, "random_state": 11.0}, "datetime": {"datetime": "2021-09-28 14:36:55", "elapsed": 34.125446, "delta": 0.739109}}
{"target": -38.65894802245616, "params": {"max_depth": 4.0, "n_estimators": 47.47606090121708, "random_state": 11.0}, "datetime": {"datetime": "2021-09-28 14:36:55", "elapsed": 34.714436, "delta": 0.58899}}
{"target": -38.65544691625548, "params": {"max_depth": 4.0, "n_estimators": 45.263183906436296, "random_state": 11.0}, "datetime": {"datetime": "2021-09-28 14:36:56", "elapsed": 35.277435, "delta": 0.562999}}
{"target": -40.30442917745968, "params": {"max_depth": 4.0, "n_estimators": 46.37924763182784, "random_state": 9.012358968812746}, "datetime": {"datetime": "2021-09-28 14:36:56", "elapsed": 35.800445, "delta": 0.52301}}
{"target": -38.7327467395073, "params": {"max_depth": 4.0, "n_estimators": 43.15485602504481, "random_state": 11.0}, "datetime": {"datetime": "2021-09-28 14:36:57", "elapsed": 36.405499, "delta": 0.605054}}
{"target": -38.405604741653306, "params": {"max_depth": 4.0, "n_estimators": 49.6117780533154, "random_state": 11.0}, "datetime": {"datetime": "2021-09-28 14:36:57", "elapsed": 36.954505, "delta": 0.549006}}
{"target": -39.963249334878974, "params": {"max_depth": 5.612913007668875, "n_estimators": 49.12572405836151, "random_state": 10.511975586314643}, "datetime": {"datetime": "2021-09-28 14:36:58", "elapsed": 37.679502, "delta": 0.724997}}
{"target": -39.835615393403415, "params": {"max_depth": 4.1045225577688065, "n_estimators": 51.61968492203997, "random_state": 10.9497564664562}, "datetime": {"datetime": "2021-09-28 14:36:59", "elapsed": 38.326015, "delta": 0.646513}}
{"target": -38.407122418054, "params": {"max_depth": 5.635681728557656, "n_estimators": 44.19475852511141, "random_state": 11.0}, "datetime": {"datetime": "2021-09-28 14:36:59", "elapsed": 38.975016, "delta": 0.649001}}
{"target": -39.244091224959995, "params": {"max_depth": 6.151262689666098, "n_estimators": 42.60270078073058, "random_state": 11.0}, "datetime": {"datetime": "2021-09-28 14:37:00", "elapsed": 39.693887, "delta": 0.718871}}
{"target": -40.025259792469384, "params": {"max_depth": 6.812857937393239, "n_estimators": 44.97033909670108, "random_state": 10.297924813580895}, "datetime": {"datetime": "2021-09-28 14:37:01", "elapsed": 40.331052, "delta": 0.637165}}
{"target": -39.78344903709446, "params": {"max_depth": 4.724325966356665, "n_estimators": 44.03781614547798, "random_state": 10.286851714909409}, "datetime": {"datetime": "2021-09-28 14:37:02", "elapsed": 41.313054, "delta": 0.982002}}
{"target": -38.51153735101106, "params": {"max_depth": 7.29995690004703, "n_estimators": 37.19537929605905, "random_state": 2.431066444996161}, "datetime": {"datetime": "2021-09-28 14:37:02", "elapsed": 42.049952, "delta": 0.736898}}
{"target": -38.55859011200538, "params": {"max_depth": 7.291669719665811, "n_estimators": 35.90259421088445, "random_state": 2.741252922947667}, "datetime": {"datetime": "2021-09-28 14:37:03", "elapsed": 42.679951, "delta": 0.629999}}
{"target": -38.82300277504082, "params": {"max_depth": 8.806862372057196, "n_estimators": 40.74089792754066, "random_state": 2.650908358739394}, "datetime": {"datetime": "2021-09-28 14:37:04", "elapsed": 43.254957, "delta": 0.575006}}
{"target": -38.48110129663442, "params": {"max_depth": 7.2394261014259715, "n_estimators": 31.88315882193612, "random_state": 2.845253304379228}, "datetime": {"datetime": "2021-09-28 14:37:04", "elapsed": 43.748951, "delta": 0.493994}}
{"target": -38.724168561613695, "params": {"max_depth": 8.596442003665386, "n_estimators": 34.13639820985342, "random_state": 2.0}, "datetime": {"datetime": "2021-09-28 14:37:05", "elapsed": 44.646855, "delta": 0.897904}}
{"target": -38.8016031778193, "params": {"max_depth": 5.564152798469157, "n_estimators": 44.11124460973163, "random_state": 2.0}, "datetime": {"datetime": "2021-09-28 14:37:06", "elapsed": 45.828851, "delta": 1.181996}}
{"target": -38.60764783130506, "params": {"max_depth": 11.861301617633835, "n_estimators": 33.75382755583687, "random_state": 2.055270146350348}, "datetime": {"datetime": "2021-09-28 14:37:07", "elapsed": 46.935187, "delta": 1.106336}}
{"target": -39.67415274647107, "params": {"max_depth": 4.10824039495664, "n_estimators": 40.30140084826869, "random_state": 10.822618831310235}, "datetime": {"datetime": "2021-09-28 14:37:08", "elapsed": 47.516178, "delta": 0.580991}}
{"target": -39.15603959538409, "params": {"max_depth": 4.7679869213833825, "n_estimators": 47.17538133015249, "random_state": 2.4268625496870713}, "datetime": {"datetime": "2021-09-28 14:37:09", "elapsed": 48.129844, "delta": 0.613666}}
{"target": -39.38994063566638, "params": {"max_depth": 11.860973519324446, "n_estimators": 28.189396008244614, "random_state": 2.0354927435345225}, "datetime": {"datetime": "2021-09-28 14:37:09", "elapsed": 48.687932, "delta": 0.558088}}
{"target": -38.51273132009527, "params": {"max_depth": 7.169497693587273, "n_estimators": 42.27196588107456, "random_state": 2.0}, "datetime": {"datetime": "2021-09-28 14:37:10", "elapsed": 49.260592, "delta": 0.57266}}
{"target": -39.84800419679893, "params": {"max_depth": 6.26691023508006, "n_estimators": 41.66623670789287, "random_state": 3.717647707405}, "datetime": {"datetime": "2021-09-28 14:37:10", "elapsed": 49.934594, "delta": 0.674002}}
{"target": -38.68571057755679, "params": {"max_depth": 5.804416651234406, "n_estimators": 41.983359170799936, "random_state": 2.045574854292447}, "datetime": {"datetime": "2021-09-28 14:37:11", "elapsed": 50.598392, "delta": 0.663798}}
{"target": -38.379349387173676, "params": {"max_depth": 6.633733450105058, "n_estimators": 39.79597011858815, "random_state": 2.06229280698129}, "datetime": {"datetime": "2021-09-28 14:37:12", "elapsed": 51.181388, "delta": 0.582996}}
{"target": -40.98073969660951, "params": {"max_depth": 12.0, "n_estimators": 76.37608193796348, "random_state": 7.922619451401733}, "datetime": {"datetime": "2021-09-28 14:37:13", "elapsed": 52.092601, "delta": 0.911213}}
{"target": -39.40290622968451, "params": {"max_depth": 4.0, "n_estimators": 98.9193093663533, "random_state": 6.798775019682458}, "datetime": {"datetime": "2021-09-28 14:37:13", "elapsed": 52.906602, "delta": 0.814001}}
{"target": -39.194557989180716, "params": {"max_depth": 4.0, "n_estimators": 50.591582840681255, "random_state": 2.0}, "datetime": {"datetime": "2021-09-28 14:37:14", "elapsed": 53.728604, "delta": 0.822002}}
