{"target": -40.49403401751251, "params": {"max_depth": 10.859170124650303, "n_estimators": 54.54833067431453, "random_state": 2.9992470037455785}, "datetime": {"datetime": "2021-09-28 15:54:23", "elapsed": 860.993214, "delta": 3.276593}}
{"target": -39.56411582259254, "params": {"max_depth": 7.447410903303981, "n_estimators": 71.78271823466501, "random_state": 2.9897829185199307}, "datetime": {"datetime": "2021-09-28 15:54:27", "elapsed": 864.872336, "delta": 3.879122}}
{"target": -40.04828806862428, "params": {"max_depth": 15.0, "n_estimators": 61.02107109874421, "random_state": 2.0}, "datetime": {"datetime": "2021-09-28 15:54:31", "elapsed": 869.28771, "delta": 4.415374}}
{"target": -39.38285948876264, "params": {"max_depth": 8.628683491015474, "n_estimators": 41.12849440248421, "random_state": 2.006425519493412}, "datetime": {"datetime": "2021-09-28 15:54:35", "elapsed": 873.256032, "delta": 3.968322}}
{"target": -39.05181105706523, "params": {"max_depth": 6.0, "n_estimators": 98.42361468096453, "random_state": 3.0}, "datetime": {"datetime": "2021-09-28 15:54:39", "elapsed": 877.259653, "delta": 4.003621}}
{"target": -39.33640436535425, "params": {"max_depth": 7.176323526737366, "n_estimators": 36.63320402250674, "random_state": 2.9126900612121824}, "datetime": {"datetime": "2021-09-28 15:54:43", "elapsed": 881.336994, "delta": 4.077341}}
{"target": -40.01888164481176, "params": {"max_depth": 13.066992726567557, "n_estimators": 68.50692016605768, "random_state": 2.0}, "datetime": {"datetime": "2021-09-28 15:54:47", "elapsed": 884.627515, "delta": 3.290521}}
{"target": -40.238000741324775, "params": {"max_depth": 10.819538583337707, "n_estimators": 29.60004456574089, "random_state": 2.923688091803092}, "datetime": {"datetime": "2021-09-28 15:54:50", "elapsed": 888.097634, "delta": 3.470119}}
{"target": -39.352246392888624, "params": {"max_depth": 6.714527422689857, "n_estimators": 86.77225734951558, "random_state": 2.694536947576924}, "datetime": {"datetime": "2021-09-28 15:54:53", "elapsed": 891.246988, "delta": 3.149354}}
{"target": -38.62764330683568, "params": {"max_depth": 6.953023401362306, "n_estimators": 44.4458181150943, "random_state": 2.6237043927913044}, "datetime": {"datetime": "2021-09-28 15:54:56", "elapsed": 894.526093, "delta": 3.279105}}
{"target": -39.02015067854969, "params": {"max_depth": 6.39647353042509, "n_estimators": 46.469343599901784, "random_state": 2.4312819572141664}, "datetime": {"datetime": "2021-09-28 15:55:00", "elapsed": 898.277082, "delta": 3.750989}}
{"target": -38.905774758794124, "params": {"max_depth": 6.472450031912373, "n_estimators": 40.32397989015661, "random_state": 2.0250230804484546}, "datetime": {"datetime": "2021-09-28 15:55:03", "elapsed": 901.288813, "delta": 3.011731}}
{"target": -39.52792448707834, "params": {"max_depth": 7.184413122315999, "n_estimators": 28.28909278999493, "random_state": 3.0}, "datetime": {"datetime": "2021-09-28 15:55:06", "elapsed": 903.64949, "delta": 2.360677}}
{"target": -39.29853786994221, "params": {"max_depth": 8.072860480528908, "n_estimators": 45.64264583071797, "random_state": 2.0386332588285625}, "datetime": {"datetime": "2021-09-28 15:55:09", "elapsed": 907.07076, "delta": 3.42127}}
{"target": -38.7768225055405, "params": {"max_depth": 6.379122844634789, "n_estimators": 42.06916217470277, "random_state": 2.3576320805728694}, "datetime": {"datetime": "2021-09-28 15:55:12", "elapsed": 909.779364, "delta": 2.708604}}
{"target": -40.082488409149, "params": {"max_depth": 13.58657119053073, "n_estimators": 90.02435779158697, "random_state": 2.026213602786153}, "datetime": {"datetime": "2021-09-28 15:55:16", "elapsed": 913.714781, "delta": 3.935417}}
{"target": -39.606892664884505, "params": {"max_depth": 6.0, "n_estimators": 74.2172086288985, "random_state": 2.0}, "datetime": {"datetime": "2021-09-28 15:55:19", "elapsed": 916.761315, "delta": 3.046534}}
{"target": -40.57033619575804, "params": {"max_depth": 12.204995320247995, "n_estimators": 65.91798315160267, "random_state": 2.0}, "datetime": {"datetime": "2021-09-28 15:55:21", "elapsed": 919.357607, "delta": 2.596292}}
{"target": -39.218179688721236, "params": {"max_depth": 7.399223071014932, "n_estimators": 68.73907370373091, "random_state": 3.0}, "datetime": {"datetime": "2021-09-28 15:55:25", "elapsed": 922.732513, "delta": 3.374906}}
{"target": -39.14687163648637, "params": {"max_depth": 6.0, "n_estimators": 85.74645536977317, "random_state": 3.0}, "datetime": {"datetime": "2021-09-28 15:55:27", "elapsed": 925.396723, "delta": 2.66421}}
{"target": -40.16183659208132, "params": {"max_depth": 14.779526769523157, "n_estimators": 65.94935878225232, "random_state": 2.9997113056007034}, "datetime": {"datetime": "2021-09-28 15:55:30", "elapsed": 928.192567, "delta": 2.795844}}
{"target": -39.78100440115945, "params": {"max_depth": 8.808087841162909, "n_estimators": 83.64048269934321, "random_state": 2.0437308742391056}, "datetime": {"datetime": "2021-09-28 15:55:33", "elapsed": 931.129865, "delta": 2.937298}}
{"target": -39.37923514014222, "params": {"max_depth": 6.008291426920174, "n_estimators": 101.51856340601182, "random_state": 2.5679079510651004}, "datetime": {"datetime": "2021-09-28 15:55:36", "elapsed": 934.142683, "delta": 3.012818}}
{"target": -38.97577901165755, "params": {"max_depth": 6.7170066604585745, "n_estimators": 31.195789545740944, "random_state": 2.7680650349547227}, "datetime": {"datetime": "2021-09-28 15:55:39", "elapsed": 937.316914, "delta": 3.174231}}
{"target": -39.609522760464834, "params": {"max_depth": 6.010048643232557, "n_estimators": 79.17226827112376, "random_state": 2.996922882187539}, "datetime": {"datetime": "2021-09-28 15:55:43", "elapsed": 940.815972, "delta": 3.499058}}
{"target": -39.997965558572666, "params": {"max_depth": 9.842771660707104, "n_estimators": 73.02923316146908, "random_state": 3.0}, "datetime": {"datetime": "2021-09-28 15:55:46", "elapsed": 943.877766, "delta": 3.061794}}
{"target": -39.36264500660445, "params": {"max_depth": 7.811944487974338, "n_estimators": 61.421670642369186, "random_state": 2.0078772385595456}, "datetime": {"datetime": "2021-09-28 15:55:48", "elapsed": 946.455282, "delta": 2.577516}}
{"target": -39.702960416629665, "params": {"max_depth": 8.57110429050722, "n_estimators": 47.62991200522591, "random_state": 3.0}, "datetime": {"datetime": "2021-09-28 15:55:53", "elapsed": 951.039269, "delta": 4.583987}}
{"target": -38.93595678174766, "params": {"max_depth": 6.631394610577742, "n_estimators": 39.81095149034277, "random_state": 2.8429988182914165}, "datetime": {"datetime": "2021-09-28 15:55:56", "elapsed": 954.160935, "delta": 3.121666}}
{"target": -39.7975432208741, "params": {"max_depth": 9.368165560742195, "n_estimators": 105.06797964063871, "random_state": 3.0}, "datetime": {"datetime": "2021-09-28 15:55:59", "elapsed": 956.959344, "delta": 2.798409}}
{"target": -40.19818112106039, "params": {"max_depth": 10.740660699842959, "n_estimators": 51.85278138793517, "random_state": 2.1479592607237343}, "datetime": {"datetime": "2021-09-28 15:56:02", "elapsed": 960.526807, "delta": 3.567463}}
{"target": -38.653985943766905, "params": {"max_depth": 6.433062427415042, "n_estimators": 43.19666358720394, "random_state": 2.5155906229537863}, "datetime": {"datetime": "2021-09-28 15:56:06", "elapsed": 963.973083, "delta": 3.446276}}
{"target": -39.44697617019243, "params": {"max_depth": 6.429616030123774, "n_estimators": 64.82071060118429, "random_state": 2.9984138909075715}, "datetime": {"datetime": "2021-09-28 15:56:09", "elapsed": 967.540219, "delta": 3.567136}}
{"target": -39.65279033069508, "params": {"max_depth": 9.630819286522764, "n_estimators": 63.355432320707465, "random_state": 2.9024410000505654}, "datetime": {"datetime": "2021-09-28 15:56:13", "elapsed": 970.910042, "delta": 3.369823}}
{"target": -39.38328272873316, "params": {"max_depth": 6.664713481359029, "n_estimators": 100.36197980937457, "random_state": 2.989417796741688}, "datetime": {"datetime": "2021-09-28 15:56:16", "elapsed": 974.430613, "delta": 3.520571}}
{"target": -39.69936443860881, "params": {"max_depth": 7.350449556592083, "n_estimators": 103.08472958824358, "random_state": 2.0635268300127905}, "datetime": {"datetime": "2021-09-28 15:56:19", "elapsed": 977.453057, "delta": 3.022444}}
{"target": -39.30000521780483, "params": {"max_depth": 7.508514780172304, "n_estimators": 30.365542573847637, "random_state": 2.0}, "datetime": {"datetime": "2021-09-28 15:56:22", "elapsed": 979.988953, "delta": 2.535896}}
{"target": -38.98584689090116, "params": {"max_depth": 6.6943301062855545, "n_estimators": 36.54519867926098, "random_state": 2.1036026747802614}, "datetime": {"datetime": "2021-09-28 15:56:25", "elapsed": 982.687158, "delta": 2.698205}}
{"target": -39.311657968773616, "params": {"max_depth": 6.749044713229663, "n_estimators": 88.61036152273246, "random_state": 2.9375087153839603}, "datetime": {"datetime": "2021-09-28 15:56:28", "elapsed": 986.052435, "delta": 3.365277}}
{"target": -40.381935589745915, "params": {"max_depth": 10.442257179506216, "n_estimators": 93.06716290782283, "random_state": 2.0}, "datetime": {"datetime": "2021-09-28 15:56:31", "elapsed": 989.104796, "delta": 3.052361}}
{"target": -39.23749196159633, "params": {"max_depth": 6.0, "n_estimators": 81.23190398422639, "random_state": 3.0}, "datetime": {"datetime": "2021-09-28 15:56:34", "elapsed": 992.370305, "delta": 3.265509}}
{"target": -39.54046219879404, "params": {"max_depth": 6.827666821641501, "n_estimators": 82.12907914887415, "random_state": 2.938460304507812}, "datetime": {"datetime": "2021-09-28 15:56:37", "elapsed": 995.096859, "delta": 2.726554}}
{"target": -40.31711372904997, "params": {"max_depth": 10.126004939625663, "n_estimators": 101.09785968931767, "random_state": 2.9980763687841163}, "datetime": {"datetime": "2021-09-28 15:56:40", "elapsed": 998.293251, "delta": 3.196392}}
{"target": -39.34930526994469, "params": {"max_depth": 6.047558515040416, "n_estimators": 89.93977111981926, "random_state": 2.5652729923664266}, "datetime": {"datetime": "2021-09-28 15:56:44", "elapsed": 1002.25011, "delta": 3.956859}}
{"target": -39.437832604769795, "params": {"max_depth": 6.010377062087857, "n_estimators": 107.05374781130125, "random_state": 2.981266879549106}, "datetime": {"datetime": "2021-09-28 15:56:47", "elapsed": 1005.48811, "delta": 3.238}}
{"target": -40.47866899489558, "params": {"max_depth": 10.850528871345652, "n_estimators": 86.8739848073657, "random_state": 2.975637256538217}, "datetime": {"datetime": "2021-09-28 15:56:51", "elapsed": 1009.403958, "delta": 3.915848}}
{"target": -39.51278934912656, "params": {"max_depth": 8.098860143651436, "n_estimators": 62.207279254234024, "random_state": 2.996036082102254}, "datetime": {"datetime": "2021-09-28 15:56:55", "elapsed": 1012.588522, "delta": 3.184564}}
{"target": -39.26723572580904, "params": {"max_depth": 7.302912051045488, "n_estimators": 56.836872089977994, "random_state": 3.0}, "datetime": {"datetime": "2021-09-28 15:56:57", "elapsed": 1015.328797, "delta": 2.740275}}
{"target": -39.929348079258766, "params": {"max_depth": 13.684876160381934, "n_estimators": 44.172462672620206, "random_state": 3.0}, "datetime": {"datetime": "2021-09-28 15:57:00", "elapsed": 1018.541145, "delta": 3.212348}}
{"target": -38.7768225055405, "params": {"max_depth": 6.057941086487521, "n_estimators": 42.9244450449926, "random_state": 2.9839130886993774}, "datetime": {"datetime": "2021-09-28 15:57:03", "elapsed": 1021.230916, "delta": 2.689771}}
{"target": -38.73272565176458, "params": {"max_depth": 6.0, "n_estimators": 45.34928223548355, "random_state": 2.0}, "datetime": {"datetime": "2021-09-28 15:57:06", "elapsed": 1024.040681, "delta": 2.809765}}
{"target": -39.369784552267134, "params": {"max_depth": 7.047677503180021, "n_estimators": 65.84730654665682, "random_state": 2.9521397566795455}, "datetime": {"datetime": "2021-09-28 15:57:10", "elapsed": 1027.727926, "delta": 3.687245}}
{"target": -39.43879590224327, "params": {"max_depth": 7.176727368017388, "n_estimators": 50.228611108086696, "random_state": 3.0}, "datetime": {"datetime": "2021-09-28 15:57:13", "elapsed": 1030.661422, "delta": 2.933496}}
{"target": -39.774314495468325, "params": {"max_depth": 8.113334210626007, "n_estimators": 31.054211389472936, "random_state": 3.0}, "datetime": {"datetime": "2021-09-28 15:57:17", "elapsed": 1034.784941, "delta": 4.123519}}
{"target": -39.081837740296635, "params": {"max_depth": 7.8439653938350675, "n_estimators": 108.24069428118122, "random_state": 3.0}, "datetime": {"datetime": "2021-09-28 15:57:20", "elapsed": 1037.988498, "delta": 3.203557}}
{"target": -39.29927109496239, "params": {"max_depth": 6.0, "n_estimators": 50.07381130408748, "random_state": 2.0}, "datetime": {"datetime": "2021-09-28 15:57:24", "elapsed": 1041.740154, "delta": 3.751656}}
{"target": -39.77749038914442, "params": {"max_depth": 8.802548471517294, "n_estimators": 108.61397945549577, "random_state": 2.986377996725857}, "datetime": {"datetime": "2021-09-28 15:57:27", "elapsed": 1045.093755, "delta": 3.353601}}
{"target": -39.38112418583215, "params": {"max_depth": 8.405865695332972, "n_estimators": 85.94982152389154, "random_state": 3.0}, "datetime": {"datetime": "2021-09-28 15:57:31", "elapsed": 1049.168966, "delta": 4.075211}}
{"target": -39.437832604769795, "params": {"max_depth": 6.9904741716871195, "n_estimators": 107.47826394169624, "random_state": 2.880664324624381}, "datetime": {"datetime": "2021-09-28 15:57:35", "elapsed": 1052.907298, "delta": 3.738332}}
{"target": -38.874098881462146, "params": {"max_depth": 6.593467596423276, "n_estimators": 34.48369680828375, "random_state": 2.0058149140565056}, "datetime": {"datetime": "2021-09-28 15:57:39", "elapsed": 1056.598096, "delta": 3.690798}}
{"target": -38.7768225055405, "params": {"max_depth": 6.745795073037499, "n_estimators": 42.08152921383753, "random_state": 2.9802676466585782}, "datetime": {"datetime": "2021-09-28 15:57:42", "elapsed": 1059.562717, "delta": 2.964621}}
{"target": -38.73272565176458, "params": {"max_depth": 6.460823412583296, "n_estimators": 45.00315649443244, "random_state": 2.9716977935185587}, "datetime": {"datetime": "2021-09-28 15:57:47", "elapsed": 1064.920487, "delta": 5.35777}}
{"target": -38.93229785631013, "params": {"max_depth": 6.4225451674841025, "n_estimators": 38.468100723414516, "random_state": 2.450698725845745}, "datetime": {"datetime": "2021-09-28 15:57:51", "elapsed": 1068.884731, "delta": 3.964244}}
{"target": -39.284847409437326, "params": {"max_depth": 6.948353669806805, "n_estimators": 67.78910227458265, "random_state": 3.0}, "datetime": {"datetime": "2021-09-28 15:57:56", "elapsed": 1074.175007, "delta": 5.290276}}
{"target": -38.98823703877618, "params": {"max_depth": 7.096645186881442, "n_estimators": 45.51835878646168, "random_state": 2.5726649382241535}, "datetime": {"datetime": "2021-09-28 15:58:00", "elapsed": 1077.6437, "delta": 3.468693}}
{"target": -39.86612576362214, "params": {"max_depth": 14.861493414298007, "n_estimators": 35.70555206270189, "random_state": 2.9287291526672274}, "datetime": {"datetime": "2021-09-28 15:58:05", "elapsed": 1082.909484, "delta": 5.265784}}
{"target": -39.344767662872634, "params": {"max_depth": 6.144396456977401, "n_estimators": 63.21081355078551, "random_state": 2.005849478769579}, "datetime": {"datetime": "2021-09-28 15:58:09", "elapsed": 1087.357358, "delta": 4.447874}}
{"target": -39.59235805760748, "params": {"max_depth": 7.95991399768478, "n_estimators": 107.65170490959885, "random_state": 2.0}, "datetime": {"datetime": "2021-09-28 15:58:14", "elapsed": 1092.398307, "delta": 5.040949}}
{"target": -39.11455757768989, "params": {"max_depth": 7.255233913160397, "n_estimators": 41.76324775622724, "random_state": 2.951009333589673}, "datetime": {"datetime": "2021-09-28 15:58:18", "elapsed": 1096.299948, "delta": 3.901641}}
{"target": -40.282390817902055, "params": {"max_depth": 13.656549093472687, "n_estimators": 83.9250271512986, "random_state": 2.067158288537569}, "datetime": {"datetime": "2021-09-28 15:58:22", "elapsed": 1099.693305, "delta": 3.393357}}
{"target": -39.55434044285272, "params": {"max_depth": 6.0, "n_estimators": 77.5736212888989, "random_state": 2.0}, "datetime": {"datetime": "2021-09-28 15:58:26", "elapsed": 1104.212863, "delta": 4.519558}}
{"target": -39.5917756993218, "params": {"max_depth": 8.126814998029214, "n_estimators": 69.94131688288444, "random_state": 2.0}, "datetime": {"datetime": "2021-09-28 15:58:29", "elapsed": 1107.51004, "delta": 3.297177}}
{"target": -39.7320681379474, "params": {"max_depth": 8.563920768166057, "n_estimators": 37.58017767863268, "random_state": 2.0}, "datetime": {"datetime": "2021-09-28 15:58:32", "elapsed": 1110.538568, "delta": 3.028528}}
{"target": -38.93229785631013, "params": {"max_depth": 6.007048983462076, "n_estimators": 38.020042130098886, "random_state": 2.8806413324100055}, "datetime": {"datetime": "2021-09-28 15:58:36", "elapsed": 1113.729574, "delta": 3.191006}}
{"target": -40.072225559677996, "params": {"max_depth": 11.192722748571445, "n_estimators": 97.43885980975415, "random_state": 2.0688713014191755}, "datetime": {"datetime": "2021-09-28 15:58:41", "elapsed": 1119.216852, "delta": 5.487278}}
{"target": -38.7768225055405, "params": {"max_depth": 6.345445700919237, "n_estimators": 42.4795228924271, "random_state": 2.000879639975993}, "datetime": {"datetime": "2021-09-28 15:58:44", "elapsed": 1122.307156, "delta": 3.090304}}
{"target": -39.66193761002702, "params": {"max_depth": 7.325084610657897, "n_estimators": 108.79171130452076, "random_state": 2.97456194652142}, "datetime": {"datetime": "2021-09-28 15:58:48", "elapsed": 1125.769315, "delta": 3.462159}}
{"target": -40.27799858145669, "params": {"max_depth": 10.481831463978992, "n_estimators": 90.3813313283283, "random_state": 2.0079707804080558}, "datetime": {"datetime": "2021-09-28 15:58:51", "elapsed": 1129.238774, "delta": 3.469459}}
{"target": -39.48789880611492, "params": {"max_depth": 6.0, "n_estimators": 53.53834857101883, "random_state": 3.0}, "datetime": {"datetime": "2021-09-28 15:58:55", "elapsed": 1133.529956, "delta": 4.291182}}
{"target": -38.995395718943264, "params": {"max_depth": 9.358578873081338, "n_estimators": 44.08248691358729, "random_state": 2.4711489557070565}, "datetime": {"datetime": "2021-09-28 15:59:00", "elapsed": 1138.30322, "delta": 4.773264}}
{"target": -39.46224540330197, "params": {"max_depth": 6.0, "n_estimators": 57.747924021024865, "random_state": 3.0}, "datetime": {"datetime": "2021-09-28 15:59:03", "elapsed": 1141.272855, "delta": 2.969635}}
{"target": -39.05181105706523, "params": {"max_depth": 6.813951156575942, "n_estimators": 98.85127483715206, "random_state": 3.0}, "datetime": {"datetime": "2021-09-28 15:59:07", "elapsed": 1144.598743, "delta": 3.325888}}
{"target": -39.68479197447032, "params": {"max_depth": 7.07200313101736, "n_estimators": 98.85870791404241, "random_state": 2.0973028543832717}, "datetime": {"datetime": "2021-09-28 15:59:10", "elapsed": 1147.891599, "delta": 3.292856}}
{"target": -40.12144262380308, "params": {"max_depth": 15.0, "n_estimators": 58.226492506444025, "random_state": 2.0}, "datetime": {"datetime": "2021-09-28 15:59:15", "elapsed": 1153.215664, "delta": 5.324065}}
{"target": -40.22971967350518, "params": {"max_depth": 12.128249678503202, "n_estimators": 41.252153399121774, "random_state": 3.0}, "datetime": {"datetime": "2021-09-28 15:59:20", "elapsed": 1157.824964, "delta": 4.6093}}
{"target": -38.9472415307123, "params": {"max_depth": 6.0, "n_estimators": 28.762396356408694, "random_state": 3.0}, "datetime": {"datetime": "2021-09-28 15:59:23", "elapsed": 1160.808127, "delta": 2.983163}}
{"target": -39.53273574037415, "params": {"max_depth": 6.957023246396116, "n_estimators": 105.71534729958225, "random_state": 2.0}, "datetime": {"datetime": "2021-09-28 15:59:28", "elapsed": 1165.751467, "delta": 4.94334}}
{"target": -38.98023258276424, "params": {"max_depth": 6.483973881255853, "n_estimators": 30.59873268871908, "random_state": 2.467769427069146}, "datetime": {"datetime": "2021-09-28 15:59:34", "elapsed": 1172.043547, "delta": 6.29208}}
{"target": -39.78410338881622, "params": {"max_depth": 8.98581470836736, "n_estimators": 57.881611015176944, "random_state": 2.0}, "datetime": {"datetime": "2021-09-28 15:59:37", "elapsed": 1175.377432, "delta": 3.333885}}
{"target": -39.42688651688951, "params": {"max_depth": 6.8976296602585405, "n_estimators": 56.569534752289535, "random_state": 2.0}, "datetime": {"datetime": "2021-09-28 15:59:41", "elapsed": 1179.020279, "delta": 3.642847}}
{"target": -39.74746022650642, "params": {"max_depth": 10.589221765615308, "n_estimators": 40.50647682286843, "random_state": 2.0}, "datetime": {"datetime": "2021-09-28 15:59:45", "elapsed": 1183.279702, "delta": 4.259423}}
{"target": -39.65664740053376, "params": {"max_depth": 7.0849942081580455, "n_estimators": 84.1089752585867, "random_state": 2.0010694020315434}, "datetime": {"datetime": "2021-09-28 15:59:49", "elapsed": 1186.97029, "delta": 3.690588}}
{"target": -39.222911231689956, "params": {"max_depth": 7.529834488385751, "n_estimators": 87.41590252829047, "random_state": 3.0}, "datetime": {"datetime": "2021-09-28 15:59:54", "elapsed": 1191.62497, "delta": 4.65468}}
{"target": -38.62764330683568, "params": {"max_depth": 6.108571778507116, "n_estimators": 44.91169549706686, "random_state": 2.9913004004646155}, "datetime": {"datetime": "2021-09-28 15:59:57", "elapsed": 1195.385502, "delta": 3.760532}}
{"target": -39.5666742349673, "params": {"max_depth": 7.12526590066266, "n_estimators": 72.52165724333881, "random_state": 2.0555624773611827}, "datetime": {"datetime": "2021-09-28 16:00:01", "elapsed": 1198.717358, "delta": 3.331856}}
