{"target": -55.048109013910754, "params": {"max_depth": 5.58370329571591, "n_estimators": 58.136555744220935, "random_state": 3.1469342501892674}, "datetime": {"datetime": "2021-09-29 22:12:19", "elapsed": 235.63748, "delta": 1.182284}}
{"target": -54.5088985072958, "params": {"max_depth": 3.847431296352815, "n_estimators": 55.74833109463665, "random_state": 4.56075124818095}, "datetime": {"datetime": "2021-09-29 22:12:20", "elapsed": 237.062671, "delta": 1.425191}}
{"target": -56.38476792129913, "params": {"max_depth": 2.5339680654348626, "n_estimators": 55.65215153659614, "random_state": 4.631763614730096}, "datetime": {"datetime": "2021-09-29 22:12:22", "elapsed": 238.597708, "delta": 1.535037}}
{"target": -54.9811043765949, "params": {"max_depth": 4.7828235268207235, "n_estimators": 56.26971247469892, "random_state": 4.958920515511831}, "datetime": {"datetime": "2021-09-29 22:12:23", "elapsed": 240.114113, "delta": 1.516405}}
{"target": -56.07705291937045, "params": {"max_depth": 6.986187828061077, "n_estimators": 38.23607590442869, "random_state": 3.062728086336731}, "datetime": {"datetime": "2021-09-29 22:12:25", "elapsed": 241.998293, "delta": 1.88418}}
{"target": -54.9510517712395, "params": {"max_depth": 4.525757546666537, "n_estimators": 54.387783339340274, "random_state": 4.45470389820013}, "datetime": {"datetime": "2021-09-29 22:12:27", "elapsed": 243.59303, "delta": 1.594737}}
{"target": -55.095766142483036, "params": {"max_depth": 4.922462574223719, "n_estimators": 81.31692956579758, "random_state": 2.8903632838952813}, "datetime": {"datetime": "2021-09-29 22:12:28", "elapsed": 245.056681, "delta": 1.463651}}
{"target": -54.031840318190284, "params": {"max_depth": 4.71572706066194, "n_estimators": 76.61240864675815, "random_state": 3.969056326595556}, "datetime": {"datetime": "2021-09-29 22:12:30", "elapsed": 246.763638, "delta": 1.706957}}
{"target": -54.749822875683876, "params": {"max_depth": 4.1962773904910025, "n_estimators": 37.13449075789444, "random_state": 3.0456182934895946}, "datetime": {"datetime": "2021-09-29 22:12:31", "elapsed": 248.267901, "delta": 1.504263}}
{"target": -54.91198542048574, "params": {"max_depth": 4.631112940701625, "n_estimators": 36.47277815776283, "random_state": 2.01431240910554}, "datetime": {"datetime": "2021-09-29 22:12:33", "elapsed": 249.874231, "delta": 1.60633}}
{"target": -54.83166945847068, "params": {"max_depth": 7.0, "n_estimators": 60.69895450848825, "random_state": 2.9834129507964677}, "datetime": {"datetime": "2021-09-29 22:12:34", "elapsed": 251.282773, "delta": 1.408542}}
{"target": -54.90802310546877, "params": {"max_depth": 4.104489778244217, "n_estimators": 35.95114915031135, "random_state": 4.456365811884517}, "datetime": {"datetime": "2021-09-29 22:12:36", "elapsed": 252.988332, "delta": 1.705559}}
{"target": -57.31229757905143, "params": {"max_depth": 2.807172627461398, "n_estimators": 36.916499218684244, "random_state": 3.860811758739133}, "datetime": {"datetime": "2021-09-29 22:12:38", "elapsed": 254.492057, "delta": 1.503725}}
{"target": -56.05260387955233, "params": {"max_depth": 5.052039839893694, "n_estimators": 36.75589478647074, "random_state": 3.840951059552723}, "datetime": {"datetime": "2021-09-29 22:12:39", "elapsed": 255.604478, "delta": 1.112421}}
{"target": -54.91000408316125, "params": {"max_depth": 4.356059644632955, "n_estimators": 34.40955150635042, "random_state": 4.444830909826655}, "datetime": {"datetime": "2021-09-29 22:12:40", "elapsed": 256.880519, "delta": 1.276041}}
{"target": -54.746802409809135, "params": {"max_depth": 6.2512442253009315, "n_estimators": 60.80056082466356, "random_state": 2.0}, "datetime": {"datetime": "2021-09-29 22:12:41", "elapsed": 258.241799, "delta": 1.36128}}
{"target": -54.78793168041596, "params": {"max_depth": 4.342867566093709, "n_estimators": 38.230143110309484, "random_state": 2.4852716064930043}, "datetime": {"datetime": "2021-09-29 22:12:43", "elapsed": 259.783672, "delta": 1.541873}}
{"target": -54.60448481339236, "params": {"max_depth": 4.461073254125836, "n_estimators": 54.945670529259594, "random_state": 5.994370671104271}, "datetime": {"datetime": "2021-09-29 22:12:45", "elapsed": 261.37688, "delta": 1.593208}}
{"target": -57.57376319267449, "params": {"max_depth": 5.367156791491331, "n_estimators": 54.345815640336774, "random_state": 7.12590229549576}, "datetime": {"datetime": "2021-09-29 22:12:46", "elapsed": 263.187638, "delta": 1.810758}}
{"target": -55.00598316904801, "params": {"max_depth": 4.431038969839323, "n_estimators": 35.48218555952399, "random_state": 5.723534691168938}, "datetime": {"datetime": "2021-09-29 22:12:48", "elapsed": 264.845292, "delta": 1.657654}}
{"target": -53.8837193164139, "params": {"max_depth": 4.608649256609837, "n_estimators": 87.0, "random_state": 3.095433060325911}, "datetime": {"datetime": "2021-09-29 22:12:50", "elapsed": 266.401981, "delta": 1.556689}}
{"target": -57.26653210511514, "params": {"max_depth": 2.0, "n_estimators": 67.18578110703056, "random_state": 6.293307671550431}, "datetime": {"datetime": "2021-09-29 22:12:51", "elapsed": 267.979282, "delta": 1.577301}}
{"target": -54.353834151494276, "params": {"max_depth": 6.902474740015556, "n_estimators": 40.759418579373516, "random_state": 2.0047540954365}, "datetime": {"datetime": "2021-09-29 22:12:53", "elapsed": 269.475644, "delta": 1.496362}}
{"target": -55.44495048719711, "params": {"max_depth": 3.9861518227567134, "n_estimators": 84.11700003680356, "random_state": 11.0}, "datetime": {"datetime": "2021-09-29 22:12:55", "elapsed": 271.384794, "delta": 1.90915}}
{"target": -55.09972117456229, "params": {"max_depth": 5.292027933606451, "n_estimators": 41.40753770895177, "random_state": 5.372588117181482}, "datetime": {"datetime": "2021-09-29 22:12:56", "elapsed": 272.664764, "delta": 1.27997}}
{"target": -53.96243395246246, "params": {"max_depth": 4.795599771787179, "n_estimators": 69.86671257338006, "random_state": 3.7783986606859266}, "datetime": {"datetime": "2021-09-29 22:12:57", "elapsed": 274.034614, "delta": 1.36985}}
{"target": -56.42734993418489, "params": {"max_depth": 6.946817447682063, "n_estimators": 23.26472075116056, "random_state": 3.7952778858796967}, "datetime": {"datetime": "2021-09-29 22:12:58", "elapsed": 275.236079, "delta": 1.201465}}
{"target": -57.79907255971482, "params": {"max_depth": 2.0, "n_estimators": 60.084557641697515, "random_state": 8.52700075629735}, "datetime": {"datetime": "2021-09-29 22:13:00", "elapsed": 277.312919, "delta": 2.07684}}
{"target": -56.31486019306416, "params": {"max_depth": 6.9409663887074355, "n_estimators": 42.77838962236474, "random_state": 6.997210108920083}, "datetime": {"datetime": "2021-09-29 22:13:02", "elapsed": 278.699917, "delta": 1.386998}}
{"target": -55.57466298296364, "params": {"max_depth": 3.6237082534552236, "n_estimators": 74.89696003346202, "random_state": 6.987716124838335}, "datetime": {"datetime": "2021-09-29 22:13:04", "elapsed": 280.47261, "delta": 1.772693}}
{"target": -55.07476682536024, "params": {"max_depth": 4.275981556716718, "n_estimators": 47.38903566209997, "random_state": 4.510640198833331}, "datetime": {"datetime": "2021-09-29 22:13:05", "elapsed": 281.929188, "delta": 1.456578}}
{"target": -55.68201610553455, "params": {"max_depth": 5.140388797064928, "n_estimators": 74.85344324597787, "random_state": 10.788370379850912}, "datetime": {"datetime": "2021-09-29 22:13:06", "elapsed": 283.293463, "delta": 1.364275}}
{"target": -56.11148684501019, "params": {"max_depth": 3.9929071636068665, "n_estimators": 77.56220898873221, "random_state": 2.4701261567284103}, "datetime": {"datetime": "2021-09-29 22:13:08", "elapsed": 285.001108, "delta": 1.707645}}
{"target": -55.533723497764356, "params": {"max_depth": 6.68704229972723, "n_estimators": 76.93219131084966, "random_state": 2.1323860058599236}, "datetime": {"datetime": "2021-09-29 22:13:10", "elapsed": 286.509951, "delta": 1.508843}}
{"target": -55.43936705120542, "params": {"max_depth": 3.6777125664810373, "n_estimators": 55.463759332347955, "random_state": 5.552395551725431}, "datetime": {"datetime": "2021-09-29 22:13:11", "elapsed": 287.932108, "delta": 1.422157}}
{"target": -56.04979785781145, "params": {"max_depth": 5.065026027471975, "n_estimators": 21.372819127242366, "random_state": 3.2970573839391535}, "datetime": {"datetime": "2021-09-29 22:13:12", "elapsed": 289.217164, "delta": 1.285056}}
{"target": -56.0677823665899, "params": {"max_depth": 5.959587640630663, "n_estimators": 28.209077876190516, "random_state": 2.0}, "datetime": {"datetime": "2021-09-29 22:13:14", "elapsed": 290.471206, "delta": 1.254042}}
{"target": -55.23247016631496, "params": {"max_depth": 3.7226368410914965, "n_estimators": 56.96120562016178, "random_state": 3.443749748710213}, "datetime": {"datetime": "2021-09-29 22:13:15", "elapsed": 291.744521, "delta": 1.273315}}
{"target": -55.3994387543678, "params": {"max_depth": 6.960287384585951, "n_estimators": 67.77400891805674, "random_state": 2.9167791318279437}, "datetime": {"datetime": "2021-09-29 22:13:16", "elapsed": 293.167791, "delta": 1.42327}}
{"target": -54.425679953666695, "params": {"max_depth": 4.0941879178266145, "n_estimators": 48.910294183132336, "random_state": 3.711816900663786}, "datetime": {"datetime": "2021-09-29 22:13:18", "elapsed": 294.478404, "delta": 1.310613}}
{"target": -54.56145204829993, "params": {"max_depth": 4.0514429215466, "n_estimators": 48.9941031339964, "random_state": 5.0947363928243234}, "datetime": {"datetime": "2021-09-29 22:13:19", "elapsed": 295.936667, "delta": 1.458263}}
{"target": -55.15563700815991, "params": {"max_depth": 4.132835282300645, "n_estimators": 50.278976879887, "random_state": 4.47557532676878}, "datetime": {"datetime": "2021-09-29 22:13:20", "elapsed": 297.28681, "delta": 1.350143}}
{"target": -54.748918250662435, "params": {"max_depth": 3.0744267533512324, "n_estimators": 48.388131806963486, "random_state": 4.561037514284395}, "datetime": {"datetime": "2021-09-29 22:13:22", "elapsed": 298.708806, "delta": 1.421996}}
{"target": -55.441205152105354, "params": {"max_depth": 5.614978927134561, "n_estimators": 31.551564883091814, "random_state": 2.0}, "datetime": {"datetime": "2021-09-29 22:13:24", "elapsed": 300.447607, "delta": 1.738801}}
{"target": -56.31634851210745, "params": {"max_depth": 2.5759999420694903, "n_estimators": 49.81167657817722, "random_state": 4.572207972502848}, "datetime": {"datetime": "2021-09-29 22:13:25", "elapsed": 301.974603, "delta": 1.526996}}
{"target": -55.38330316561162, "params": {"max_depth": 3.551144718740922, "n_estimators": 48.065072444974575, "random_state": 3.263236280099347}, "datetime": {"datetime": "2021-09-29 22:13:26", "elapsed": 303.325403, "delta": 1.3508}}
{"target": -56.52636281405733, "params": {"max_depth": 5.204210533325985, "n_estimators": 48.139400378985044, "random_state": 6.176098438255783}, "datetime": {"datetime": "2021-09-29 22:13:28", "elapsed": 304.702051, "delta": 1.376648}}
{"target": -54.788282379344075, "params": {"max_depth": 5.219987868881963, "n_estimators": 69.31054584146473, "random_state": 3.019142752914895}, "datetime": {"datetime": "2021-09-29 22:13:29", "elapsed": 306.175349, "delta": 1.473298}}
{"target": -59.4770001067826, "params": {"max_depth": 7.0, "n_estimators": 22.672949238310924, "random_state": 7.727789166472881}, "datetime": {"datetime": "2021-09-29 22:13:31", "elapsed": 307.520974, "delta": 1.345625}}
{"target": -55.36530827720573, "params": {"max_depth": 5.49987899991257, "n_estimators": 66.71587642198021, "random_state": 2.0}, "datetime": {"datetime": "2021-09-29 22:13:33", "elapsed": 309.447618, "delta": 1.926644}}
{"target": -55.265943372292156, "params": {"max_depth": 5.681902150798036, "n_estimators": 55.55329130302602, "random_state": 2.0}, "datetime": {"datetime": "2021-09-29 22:13:34", "elapsed": 311.219955, "delta": 1.772337}}
{"target": -56.52281494882463, "params": {"max_depth": 2.0, "n_estimators": 47.764525845585936, "random_state": 11.0}, "datetime": {"datetime": "2021-09-29 22:13:36", "elapsed": 312.895912, "delta": 1.675957}}
{"target": -54.82381111155292, "params": {"max_depth": 4.269072761659513, "n_estimators": 77.98975257630065, "random_state": 11.0}, "datetime": {"datetime": "2021-09-29 22:13:38", "elapsed": 314.46191, "delta": 1.565998}}
{"target": -56.37539221924145, "params": {"max_depth": 4.94126985505066, "n_estimators": 78.14425417446355, "random_state": 9.631182858521464}, "datetime": {"datetime": "2021-09-29 22:13:39", "elapsed": 316.013331, "delta": 1.551421}}
{"target": -55.22896774141598, "params": {"max_depth": 4.80016631694064, "n_estimators": 70.05736849446839, "random_state": 5.108022612088939}, "datetime": {"datetime": "2021-09-29 22:13:41", "elapsed": 317.512575, "delta": 1.499244}}
{"target": -54.874963430436964, "params": {"max_depth": 6.997524800693306, "n_estimators": 81.41000605787661, "random_state": 3.902141476579904}, "datetime": {"datetime": "2021-09-29 22:13:43", "elapsed": 319.374803, "delta": 1.862228}}
{"target": -58.31981993999562, "params": {"max_depth": 2.895738332766889, "n_estimators": 78.44279975391206, "random_state": 10.655909062649537}, "datetime": {"datetime": "2021-09-29 22:13:44", "elapsed": 321.31212, "delta": 1.937317}}
{"target": -56.088264462324474, "params": {"max_depth": 4.677440430912473, "n_estimators": 82.66670615367086, "random_state": 9.181763516450806}, "datetime": {"datetime": "2021-09-29 22:13:47", "elapsed": 323.434831, "delta": 2.122711}}
{"target": -56.00425279492455, "params": {"max_depth": 4.813740489087187, "n_estimators": 76.85934870906976, "random_state": 10.980228541406161}, "datetime": {"datetime": "2021-09-29 22:13:48", "elapsed": 325.239099, "delta": 1.804268}}
{"target": -57.45731118780459, "params": {"max_depth": 2.067920484039611, "n_estimators": 74.7483643616703, "random_state": 5.856135291552442}, "datetime": {"datetime": "2021-09-29 22:13:50", "elapsed": 326.801775, "delta": 1.562676}}
{"target": -56.69998133357094, "params": {"max_depth": 6.935634478345367, "n_estimators": 47.356720452324474, "random_state": 10.983156023123144}, "datetime": {"datetime": "2021-09-29 22:13:52", "elapsed": 328.345279, "delta": 1.543504}}
{"target": -55.65266735864615, "params": {"max_depth": 4.157018383022939, "n_estimators": 40.65038165463282, "random_state": 6.646207616705432}, "datetime": {"datetime": "2021-09-29 22:13:53", "elapsed": 329.884197, "delta": 1.538918}}
{"target": -56.787624585486896, "params": {"max_depth": 2.0, "n_estimators": 84.59549711468361, "random_state": 11.0}, "datetime": {"datetime": "2021-09-29 22:13:55", "elapsed": 331.609547, "delta": 1.72535}}
{"target": -54.9108381880929, "params": {"max_depth": 4.620293577895644, "n_estimators": 34.860317307406234, "random_state": 2.9025285567499286}, "datetime": {"datetime": "2021-09-29 22:13:57", "elapsed": 333.472785, "delta": 1.863238}}
{"target": -54.900160358481855, "params": {"max_depth": 4.791450921943471, "n_estimators": 52.48380723135138, "random_state": 4.574470654087121}, "datetime": {"datetime": "2021-09-29 22:13:59", "elapsed": 335.46739, "delta": 1.994605}}
{"target": -54.481278902029075, "params": {"max_depth": 4.903663020233425, "n_estimators": 42.40052319701098, "random_state": 3.8393557020493714}, "datetime": {"datetime": "2021-09-29 22:14:01", "elapsed": 337.344518, "delta": 1.877128}}
{"target": -54.66233736338205, "params": {"max_depth": 4.65797296844241, "n_estimators": 43.61655155859227, "random_state": 3.5391745424449526}, "datetime": {"datetime": "2021-09-29 22:14:03", "elapsed": 339.653325, "delta": 2.308807}}
{"target": -55.72189339201527, "params": {"max_depth": 5.19137173826615, "n_estimators": 43.03254030196403, "random_state": 4.8911056398123085}, "datetime": {"datetime": "2021-09-29 22:14:05", "elapsed": 341.506582, "delta": 1.853257}}
{"target": -56.76893293298738, "params": {"max_depth": 7.0, "n_estimators": 26.587369580355432, "random_state": 11.0}, "datetime": {"datetime": "2021-09-29 22:14:07", "elapsed": 343.4355, "delta": 1.928918}}
{"target": -57.21876108942433, "params": {"max_depth": 5.01023164821432, "n_estimators": 61.90765811871977, "random_state": 7.021046864457997}, "datetime": {"datetime": "2021-09-29 22:14:08", "elapsed": 345.202921, "delta": 1.767421}}
{"target": -54.26840710420424, "params": {"max_depth": 6.646642511114499, "n_estimators": 34.57569137984093, "random_state": 2.033945116208783}, "datetime": {"datetime": "2021-09-29 22:14:10", "elapsed": 347.13788, "delta": 1.934959}}
{"target": -55.147728341724246, "params": {"max_depth": 5.6459158796020965, "n_estimators": 35.30831563019676, "random_state": 2.1695748720411174}, "datetime": {"datetime": "2021-09-29 22:14:12", "elapsed": 349.037685, "delta": 1.899805}}
{"target": -54.625499456824635, "params": {"max_depth": 7.0, "n_estimators": 33.618843089129456, "random_state": 2.0}, "datetime": {"datetime": "2021-09-29 22:14:14", "elapsed": 350.590969, "delta": 1.553284}}
{"target": -55.657481225564474, "params": {"max_depth": 6.995823792109608, "n_estimators": 51.710817633828015, "random_state": 3.574426098106955}, "datetime": {"datetime": "2021-09-29 22:14:16", "elapsed": 352.612728, "delta": 2.021759}}
{"target": -56.332316656171955, "params": {"max_depth": 5.890905793291174, "n_estimators": 34.25110151530437, "random_state": 3.331268223355167}, "datetime": {"datetime": "2021-09-29 22:14:18", "elapsed": 354.811649, "delta": 2.198921}}
{"target": -54.99811506871119, "params": {"max_depth": 5.0068840366284295, "n_estimators": 61.59982045486829, "random_state": 10.991003034235872}, "datetime": {"datetime": "2021-09-29 22:14:20", "elapsed": 356.689886, "delta": 1.878237}}
{"target": -55.23610952700294, "params": {"max_depth": 5.456261750044396, "n_estimators": 48.510357710199976, "random_state": 2.0}, "datetime": {"datetime": "2021-09-29 22:14:21", "elapsed": 358.309278, "delta": 1.619392}}
{"target": -55.01209002076051, "params": {"max_depth": 5.514550714515156, "n_estimators": 71.5678806793867, "random_state": 3.330638878297614}, "datetime": {"datetime": "2021-09-29 22:14:23", "elapsed": 360.01621, "delta": 1.706932}}
{"target": -56.263183640089444, "params": {"max_depth": 4.3191723155139785, "n_estimators": 37.099670896297454, "random_state": 6.467373317754508}, "datetime": {"datetime": "2021-09-29 22:14:25", "elapsed": 361.78987, "delta": 1.77366}}
{"target": -55.449654333217346, "params": {"max_depth": 4.938968208397272, "n_estimators": 59.626175586629856, "random_state": 10.539431718286442}, "datetime": {"datetime": "2021-09-29 22:14:27", "elapsed": 363.951799, "delta": 2.161929}}
{"target": -53.92546880362885, "params": {"max_depth": 4.482169581727376, "n_estimators": 79.04614170285046, "random_state": 3.5186882004109203}, "datetime": {"datetime": "2021-09-29 22:14:29", "elapsed": 365.894142, "delta": 1.942343}}
{"target": -55.034831981674074, "params": {"max_depth": 4.799115768583335, "n_estimators": 73.60119054705677, "random_state": 5.756726775141467}, "datetime": {"datetime": "2021-09-29 22:14:31", "elapsed": 368.170919, "delta": 2.276777}}
{"target": -55.622997340026714, "params": {"max_depth": 5.734710631487918, "n_estimators": 41.498967956129164, "random_state": 3.233480580107825}, "datetime": {"datetime": "2021-09-29 22:14:33", "elapsed": 369.809147, "delta": 1.638228}}
{"target": -55.11385734201465, "params": {"max_depth": 3.8377019221995203, "n_estimators": 62.772026332361136, "random_state": 11.0}, "datetime": {"datetime": "2021-09-29 22:14:35", "elapsed": 371.566, "delta": 1.756853}}
{"target": -55.43677603628146, "params": {"max_depth": 3.9583348827048974, "n_estimators": 42.0040577227965, "random_state": 3.932118099062812}, "datetime": {"datetime": "2021-09-29 22:14:37", "elapsed": 373.555262, "delta": 1.989262}}
{"target": -57.87323893583146, "params": {"max_depth": 5.143061335966286, "n_estimators": 73.81425935353816, "random_state": 7.547041224013912}, "datetime": {"datetime": "2021-09-29 22:14:39", "elapsed": 375.668929, "delta": 2.113667}}
{"target": -55.05507851029233, "params": {"max_depth": 4.034664666630546, "n_estimators": 72.33501884129085, "random_state": 4.966595848897789}, "datetime": {"datetime": "2021-09-29 22:14:41", "elapsed": 377.428549, "delta": 1.75962}}
{"target": -55.124269278300574, "params": {"max_depth": 4.696606640709294, "n_estimators": 75.37701385487719, "random_state": 4.9832442722775045}, "datetime": {"datetime": "2021-09-29 22:14:43", "elapsed": 380.014443, "delta": 2.585894}}
{"target": -56.092417052637714, "params": {"max_depth": 2.364239448860216, "n_estimators": 46.261461676037314, "random_state": 4.9918408042001134}, "datetime": {"datetime": "2021-09-29 22:14:45", "elapsed": 381.742631, "delta": 1.728188}}
{"target": -56.96148251111902, "params": {"max_depth": 2.0, "n_estimators": 66.89272364098802, "random_state": 11.0}, "datetime": {"datetime": "2021-09-29 22:14:47", "elapsed": 384.259021, "delta": 2.51639}}
{"target": -54.17343456433545, "params": {"max_depth": 5.608661895063448, "n_estimators": 56.88922074748849, "random_state": 11.0}, "datetime": {"datetime": "2021-09-29 22:14:50", "elapsed": 386.474439, "delta": 2.215418}}
{"target": -54.95383509163263, "params": {"max_depth": 4.867177044629817, "n_estimators": 57.492675246901655, "random_state": 2.0}, "datetime": {"datetime": "2021-09-29 22:14:52", "elapsed": 388.528931, "delta": 2.054492}}
{"target": -55.16790525790992, "params": {"max_depth": 3.987175114277361, "n_estimators": 51.70561030525599, "random_state": 5.831774075554385}, "datetime": {"datetime": "2021-09-29 22:14:54", "elapsed": 390.381884, "delta": 1.852953}}
{"target": -54.68870998321245, "params": {"max_depth": 4.122925324344786, "n_estimators": 53.51710285805111, "random_state": 5.454655058286994}, "datetime": {"datetime": "2021-09-29 22:14:55", "elapsed": 392.105759, "delta": 1.723875}}
