{"target": -38.62764330683568, "params": {"max_depth": 6.231756989151072, "n_estimators": 44.56131368180881, "random_state": 2.537478780277904}, "datetime": {"datetime": "2021-09-28 15:41:09", "elapsed": 66.600842, "delta": 0.935002}}
{"target": -39.8845985866965, "params": {"max_depth": 15.0, "n_estimators": 32.23209658901414, "random_state": 3.0}, "datetime": {"datetime": "2021-09-28 15:41:09", "elapsed": 67.503264, "delta": 0.902422}}
{"target": -39.79530446396107, "params": {"max_depth": 15.0, "n_estimators": 62.301450533398445, "random_state": 3.0}, "datetime": {"datetime": "2021-09-28 15:41:10", "elapsed": 68.538912, "delta": 1.035648}}
{"target": -39.573164013134964, "params": {"max_depth": 6.04139808496235, "n_estimators": 76.02166018752274, "random_state": 2.052677315099386}, "datetime": {"datetime": "2021-09-28 15:41:12", "elapsed": 69.745965, "delta": 1.207053}}
{"target": -39.13446030992322, "params": {"max_depth": 7.135556742542409, "n_estimators": 42.35412163879461, "random_state": 2.023213412284783}, "datetime": {"datetime": "2021-09-28 15:41:13", "elapsed": 70.754967, "delta": 1.009002}}
{"target": -39.66226745011454, "params": {"max_depth": 10.207316516448488, "n_estimators": 52.87513861052447, "random_state": 3.0}, "datetime": {"datetime": "2021-09-28 15:41:14", "elapsed": 71.794332, "delta": 1.039365}}
{"target": -39.57027114986339, "params": {"max_depth": 8.528849831487927, "n_estimators": 58.713317162993704, "random_state": 3.0}, "datetime": {"datetime": "2021-09-28 15:41:15", "elapsed": 72.886956, "delta": 1.092624}}
{"target": -40.05718964359141, "params": {"max_depth": 15.0, "n_estimators": 51.494730122025956, "random_state": 3.0}, "datetime": {"datetime": "2021-09-28 15:41:16", "elapsed": 73.993967, "delta": 1.107011}}
{"target": -39.555958466572534, "params": {"max_depth": 8.806184189915907, "n_estimators": 65.62181494221255, "random_state": 2.6572257467955835}, "datetime": {"datetime": "2021-09-28 15:41:17", "elapsed": 75.067966, "delta": 1.073999}}
{"target": -40.341641784290985, "params": {"max_depth": 14.988357392811926, "n_estimators": 71.74611761686063, "random_state": 2.074854705901779}, "datetime": {"datetime": "2021-09-28 15:41:18", "elapsed": 76.317175, "delta": 1.249209}}
{"target": -39.2248643813398, "params": {"max_depth": 11.410509950576124, "n_estimators": 40.67574949921529, "random_state": 2.9769663890492817}, "datetime": {"datetime": "2021-09-28 15:41:19", "elapsed": 77.264237, "delta": 0.947062}}
{"target": -39.671710811827296, "params": {"max_depth": 11.554661188491917, "n_estimators": 38.300163878825025, "random_state": 3.0}, "datetime": {"datetime": "2021-09-28 15:41:20", "elapsed": 78.304247, "delta": 1.04001}}
{"target": -39.2493232817304, "params": {"max_depth": 6.0, "n_estimators": 28.966592434951085, "random_state": 2.0}, "datetime": {"datetime": "2021-09-28 15:41:21", "elapsed": 79.114249, "delta": 0.810002}}
{"target": -40.636582249854584, "params": {"max_depth": 14.98933926097094, "n_estimators": 79.0824959548552, "random_state": 2.074879156129567}, "datetime": {"datetime": "2021-09-28 15:41:22", "elapsed": 80.287697, "delta": 1.173448}}
{"target": -39.44423837243012, "params": {"max_depth": 7.17851006427554, "n_estimators": 44.12439900922018, "random_state": 3.0}, "datetime": {"datetime": "2021-09-28 15:41:24", "elapsed": 81.570245, "delta": 1.282548}}
{"target": -38.98823703877618, "params": {"max_depth": 7.327792866620299, "n_estimators": 45.258314670210765, "random_state": 2.0194313183949686}, "datetime": {"datetime": "2021-09-28 15:41:24", "elapsed": 82.518242, "delta": 0.947997}}
{"target": -39.252706992203954, "params": {"max_depth": 7.344970254531589, "n_estimators": 31.347272346023907, "random_state": 2.171400629373831}, "datetime": {"datetime": "2021-09-28 15:41:25", "elapsed": 83.499928, "delta": 0.981686}}
{"target": -38.7768225055405, "params": {"max_depth": 6.708702191407279, "n_estimators": 42.933655351926554, "random_state": 2.8588681016286652}, "datetime": {"datetime": "2021-09-28 15:41:26", "elapsed": 84.418906, "delta": 0.918978}}
{"target": -39.65253664459731, "params": {"max_depth": 10.548421414197492, "n_estimators": 42.33472588833797, "random_state": 2.054568928050305}, "datetime": {"datetime": "2021-09-28 15:41:27", "elapsed": 85.462906, "delta": 1.044}}
{"target": -39.15081870898728, "params": {"max_depth": 6.661521326986036, "n_estimators": 34.828367823804136, "random_state": 3.0}, "datetime": {"datetime": "2021-09-28 15:41:28", "elapsed": 86.554151, "delta": 1.091245}}
{"target": -39.81232421311646, "params": {"max_depth": 8.05069779899332, "n_estimators": 49.08568029468732, "random_state": 2.9099377254976972}, "datetime": {"datetime": "2021-09-28 15:41:29", "elapsed": 87.510152, "delta": 0.956001}}
{"target": -39.60335724901072, "params": {"max_depth": 10.496157519060564, "n_estimators": 103.89239666030903, "random_state": 3.0}, "datetime": {"datetime": "2021-09-28 15:41:31", "elapsed": 89.282055, "delta": 1.771903}}
{"target": -39.315027923430534, "params": {"max_depth": 6.683724088116057, "n_estimators": 90.35635138666304, "random_state": 2.073047270821677}, "datetime": {"datetime": "2021-09-28 15:41:32", "elapsed": 90.542835, "delta": 1.26078}}
{"target": -39.44072210162648, "params": {"max_depth": 7.902409545277829, "n_estimators": 29.504107742120706, "random_state": 2.4179010950001008}, "datetime": {"datetime": "2021-09-28 15:41:33", "elapsed": 91.544836, "delta": 1.002001}}
{"target": -39.51161799368349, "params": {"max_depth": 7.81369086815001, "n_estimators": 88.58213679773505, "random_state": 2.817116161584147}, "datetime": {"datetime": "2021-09-28 15:41:35", "elapsed": 92.965175, "delta": 1.420339}}
{"target": -40.072872771059984, "params": {"max_depth": 13.09453040725882, "n_estimators": 106.09275903329194, "random_state": 3.0}, "datetime": {"datetime": "2021-09-28 15:41:37", "elapsed": 94.667608, "delta": 1.702433}}
{"target": -39.644364551448305, "params": {"max_depth": 7.07486080681414, "n_estimators": 101.54141017964527, "random_state": 2.9957903925941527}, "datetime": {"datetime": "2021-09-28 15:41:38", "elapsed": 96.151101, "delta": 1.483493}}
{"target": -38.930547873399135, "params": {"max_depth": 6.0, "n_estimators": 103.40445427441152, "random_state": 3.0}, "datetime": {"datetime": "2021-09-28 15:41:40", "elapsed": 97.601781, "delta": 1.45068}}
{"target": -40.313653951714976, "params": {"max_depth": 10.936062807581791, "n_estimators": 56.82987965359459, "random_state": 2.0}, "datetime": {"datetime": "2021-09-28 15:41:41", "elapsed": 98.806258, "delta": 1.204477}}
{"target": -39.33640436535425, "params": {"max_depth": 7.858574805063798, "n_estimators": 36.10571776742121, "random_state": 2.0}, "datetime": {"datetime": "2021-09-28 15:41:42", "elapsed": 99.766522, "delta": 0.960264}}
{"target": -38.97577901165755, "params": {"max_depth": 6.0, "n_estimators": 31.498458217688636, "random_state": 2.0}, "datetime": {"datetime": "2021-09-28 15:41:43", "elapsed": 100.794521, "delta": 1.027999}}
{"target": -39.55680911862535, "params": {"max_depth": 11.407462979887136, "n_estimators": 34.64123762366601, "random_state": 2.853722420958633}, "datetime": {"datetime": "2021-09-28 15:41:44", "elapsed": 101.940883, "delta": 1.146362}}
{"target": -39.42333827761164, "params": {"max_depth": 11.33496176850351, "n_estimators": 100.40104937046624, "random_state": 3.0}, "datetime": {"datetime": "2021-09-28 15:41:46", "elapsed": 103.589516, "delta": 1.648633}}
{"target": -40.25164159535797, "params": {"max_depth": 13.219690763412697, "n_estimators": 98.42810117374636, "random_state": 2.0}, "datetime": {"datetime": "2021-09-28 15:41:47", "elapsed": 105.138479, "delta": 1.548963}}
{"target": -40.12516185172861, "params": {"max_depth": 12.980961896207075, "n_estimators": 40.50119600422979, "random_state": 2.0}, "datetime": {"datetime": "2021-09-28 15:41:48", "elapsed": 106.43147, "delta": 1.292991}}
{"target": -39.30108039326695, "params": {"max_depth": 7.571969701740793, "n_estimators": 62.39211100708332, "random_state": 2.0}, "datetime": {"datetime": "2021-09-28 15:41:50", "elapsed": 107.649241, "delta": 1.217771}}
{"target": -38.93595678174766, "params": {"max_depth": 6.11120766744896, "n_estimators": 39.591404017961764, "random_state": 2.1388493191183033}, "datetime": {"datetime": "2021-09-28 15:41:51", "elapsed": 108.93262, "delta": 1.283379}}
{"target": -38.93229785631013, "params": {"max_depth": 6.049292975463528, "n_estimators": 38.1890735962818, "random_state": 2.010753824740669}, "datetime": {"datetime": "2021-09-28 15:41:52", "elapsed": 109.956003, "delta": 1.023383}}
{"target": -39.35319298418719, "params": {"max_depth": 7.02980127886097, "n_estimators": 39.02071045792905, "random_state": 2.9493946346387445}, "datetime": {"datetime": "2021-09-28 15:41:53", "elapsed": 110.905002, "delta": 0.948999}}
{"target": -39.29652390773736, "params": {"max_depth": 11.679167702924657, "n_estimators": 65.75614919627967, "random_state": 3.0}, "datetime": {"datetime": "2021-09-28 15:41:54", "elapsed": 112.397173, "delta": 1.492171}}
{"target": -38.905774758794124, "params": {"max_depth": 6.109660153879936, "n_estimators": 40.85480079612016, "random_state": 2.073548452162324}, "datetime": {"datetime": "2021-09-28 15:41:55", "elapsed": 113.388889, "delta": 0.991716}}
{"target": -39.37527230097347, "params": {"max_depth": 7.2432877133445785, "n_estimators": 60.259024942583345, "random_state": 2.0}, "datetime": {"datetime": "2021-09-28 15:41:56", "elapsed": 114.482884, "delta": 1.093995}}
{"target": -39.82226622672064, "params": {"max_depth": 11.066117256539481, "n_estimators": 73.27900155196077, "random_state": 2.0}, "datetime": {"datetime": "2021-09-28 15:41:58", "elapsed": 115.818426, "delta": 1.335542}}
{"target": -39.68303684995204, "params": {"max_depth": 11.098973189149781, "n_estimators": 67.41818779629854, "random_state": 2.0}, "datetime": {"datetime": "2021-09-28 15:41:59", "elapsed": 117.15643, "delta": 1.338004}}
{"target": -39.81891281658094, "params": {"max_depth": 8.096850519228028, "n_estimators": 104.78557484205109, "random_state": 2.0936079175458917}, "datetime": {"datetime": "2021-09-28 15:42:00", "elapsed": 118.523156, "delta": 1.366726}}
{"target": -38.905774758794124, "params": {"max_depth": 6.102605801029261, "n_estimators": 40.29690785547038, "random_state": 2.907919206765153}, "datetime": {"datetime": "2021-09-28 15:42:01", "elapsed": 119.260151, "delta": 0.736995}}
{"target": -40.06250413526479, "params": {"max_depth": 15.0, "n_estimators": 27.0, "random_state": 3.0}, "datetime": {"datetime": "2021-09-28 15:42:02", "elapsed": 120.36932, "delta": 1.109169}}
{"target": -39.216994768455486, "params": {"max_depth": 6.0, "n_estimators": 82.37438786084645, "random_state": 3.0}, "datetime": {"datetime": "2021-09-28 15:42:03", "elapsed": 121.499316, "delta": 1.129996}}
{"target": -39.60691136332067, "params": {"max_depth": 7.480857636008263, "n_estimators": 83.25154952826139, "random_state": 2.881448346155032}, "datetime": {"datetime": "2021-09-28 15:42:05", "elapsed": 122.620842, "delta": 1.121526}}
{"target": -39.432641756813055, "params": {"max_depth": 6.085063049542442, "n_estimators": 70.24018948952167, "random_state": 2.82218670256647}, "datetime": {"datetime": "2021-09-28 15:42:06", "elapsed": 123.72084, "delta": 1.099998}}
{"target": -40.01069745080096, "params": {"max_depth": 13.173899736394006, "n_estimators": 64.63968841083788, "random_state": 2.6346928917225383}, "datetime": {"datetime": "2021-09-28 15:42:07", "elapsed": 124.882243, "delta": 1.161403}}
{"target": -39.71576468827601, "params": {"max_depth": 7.464718871227283, "n_estimators": 94.68348473027604, "random_state": 2.0}, "datetime": {"datetime": "2021-09-28 15:42:08", "elapsed": 126.153695, "delta": 1.271452}}
{"target": -40.175071902731844, "params": {"max_depth": 15.0, "n_estimators": 46.50468948399884, "random_state": 3.0}, "datetime": {"datetime": "2021-09-28 15:42:09", "elapsed": 127.176693, "delta": 1.022998}}
{"target": -38.73272565176458, "params": {"max_depth": 6.769167943909387, "n_estimators": 45.12610872598804, "random_state": 2.8704654843510577}, "datetime": {"datetime": "2021-09-28 15:42:10", "elapsed": 128.29403, "delta": 1.117337}}
{"target": -39.46420460761445, "params": {"max_depth": 6.09074399644134, "n_estimators": 108.18071509522613, "random_state": 2.8694486267775003}, "datetime": {"datetime": "2021-09-28 15:42:12", "elapsed": 129.62303, "delta": 1.329}}
{"target": -38.872290322634925, "params": {"max_depth": 6.110907405599463, "n_estimators": 35.369396061470326, "random_state": 2.0905188570701885}, "datetime": {"datetime": "2021-09-28 15:42:12", "elapsed": 130.497637, "delta": 0.874607}}
{"target": -40.242057327630185, "params": {"max_depth": 13.395489090583522, "n_estimators": 91.99362397401147, "random_state": 2.0}, "datetime": {"datetime": "2021-09-28 15:42:14", "elapsed": 131.956121, "delta": 1.458484}}
{"target": -39.37930575826771, "params": {"max_depth": 7.969868369376726, "n_estimators": 51.9518820233212, "random_state": 2.0}, "datetime": {"datetime": "2021-09-28 15:42:15", "elapsed": 133.021747, "delta": 1.065626}}
{"target": -40.03576616290201, "params": {"max_depth": 10.553150172467454, "n_estimators": 31.480065563291944, "random_state": 2.949559698509316}, "datetime": {"datetime": "2021-09-28 15:42:16", "elapsed": 133.944426, "delta": 0.922679}}
{"target": -40.073605996199376, "params": {"max_depth": 12.3504216188232, "n_estimators": 85.49065677663052, "random_state": 3.0}, "datetime": {"datetime": "2021-09-28 15:42:17", "elapsed": 135.265424, "delta": 1.320998}}
{"target": -39.25132822885032, "params": {"max_depth": 7.214035985395813, "n_estimators": 40.84019783244601, "random_state": 2.852594928163956}, "datetime": {"datetime": "2021-09-28 15:42:18", "elapsed": 136.260648, "delta": 0.995224}}
{"target": -39.80985464918596, "params": {"max_depth": 9.966020715882316, "n_estimators": 101.794443917747, "random_state": 2.0270493239261045}, "datetime": {"datetime": "2021-09-28 15:42:20", "elapsed": 137.576321, "delta": 1.315673}}
{"target": -38.97577901165755, "params": {"max_depth": 6.44165825306893, "n_estimators": 31.891442776667287, "random_state": 2.9737035648200374}, "datetime": {"datetime": "2021-09-28 15:42:20", "elapsed": 138.465627, "delta": 0.889306}}
{"target": -40.014395378173326, "params": {"max_depth": 14.8446563065516, "n_estimators": 59.564454355721494, "random_state": 2.941850660260742}, "datetime": {"datetime": "2021-09-28 15:42:22", "elapsed": 139.782265, "delta": 1.316638}}
{"target": -39.124580940970596, "params": {"max_depth": 6.0, "n_estimators": 27.92776820868996, "random_state": 3.0}, "datetime": {"datetime": "2021-09-28 15:42:23", "elapsed": 140.607265, "delta": 0.825}}
{"target": -39.42688651688951, "params": {"max_depth": 6.089762686872781, "n_estimators": 56.7400666825382, "random_state": 2.8848342373661207}, "datetime": {"datetime": "2021-09-28 15:42:24", "elapsed": 141.636271, "delta": 1.029006}}
{"target": -40.440625274547905, "params": {"max_depth": 9.672485204559628, "n_estimators": 36.45482215129, "random_state": 3.0}, "datetime": {"datetime": "2021-09-28 15:42:25", "elapsed": 142.59913, "delta": 0.962859}}
{"target": -39.53317982006103, "params": {"max_depth": 11.390912145244682, "n_estimators": 44.82067429532155, "random_state": 3.0}, "datetime": {"datetime": "2021-09-28 15:42:26", "elapsed": 143.694132, "delta": 1.095002}}
{"target": -39.44507666967031, "params": {"max_depth": 6.0, "n_estimators": 54.352695022971744, "random_state": 2.0}, "datetime": {"datetime": "2021-09-28 15:42:27", "elapsed": 144.679998, "delta": 0.985866}}
{"target": -39.42576374028938, "params": {"max_depth": 7.079627552195857, "n_estimators": 37.53774561266862, "random_state": 2.0}, "datetime": {"datetime": "2021-09-28 15:42:28", "elapsed": 145.716999, "delta": 1.037001}}
{"target": -40.25237658545897, "params": {"max_depth": 10.98145375847608, "n_estimators": 109.94130724076312, "random_state": 2.7231121004531023}, "datetime": {"datetime": "2021-09-28 15:42:29", "elapsed": 147.002204, "delta": 1.285205}}
{"target": -39.59528425939456, "params": {"max_depth": 8.222858787480675, "n_estimators": 63.574787857131106, "random_state": 2.987158900310031}, "datetime": {"datetime": "2021-09-28 15:42:30", "elapsed": 148.119541, "delta": 1.117337}}
{"target": -40.05727901010776, "params": {"max_depth": 9.933294718331227, "n_estimators": 40.59768145234494, "random_state": 3.0}, "datetime": {"datetime": "2021-09-28 15:42:31", "elapsed": 149.186539, "delta": 1.066998}}
{"target": -39.77201611106207, "params": {"max_depth": 8.091542997571956, "n_estimators": 73.40096009282675, "random_state": 2.8124677212754907}, "datetime": {"datetime": "2021-09-28 15:42:32", "elapsed": 150.356076, "delta": 1.169537}}
{"target": -38.874098881462146, "params": {"max_depth": 6.935943852921771, "n_estimators": 34.885018371832786, "random_state": 2.0301747413009714}, "datetime": {"datetime": "2021-09-28 15:42:33", "elapsed": 151.295073, "delta": 0.938997}}
{"target": -39.63095581213462, "params": {"max_depth": 13.362646088996897, "n_estimators": 34.272750638355944, "random_state": 2.0}, "datetime": {"datetime": "2021-09-28 15:42:34", "elapsed": 152.166666, "delta": 0.871593}}
{"target": -39.97220898146795, "params": {"max_depth": 11.857923373563416, "n_estimators": 77.04953238076064, "random_state": 2.0}, "datetime": {"datetime": "2021-09-28 15:42:36", "elapsed": 153.646289, "delta": 1.479623}}
{"target": -39.33293691066969, "params": {"max_depth": 7.1278749929009715, "n_estimators": 47.20584038357103, "random_state": 2.034649484721896}, "datetime": {"datetime": "2021-09-28 15:42:37", "elapsed": 154.74657, "delta": 1.100281}}
{"target": -39.14050532705084, "params": {"max_depth": 9.599954546413695, "n_estimators": 45.982996029344484, "random_state": 2.0}, "datetime": {"datetime": "2021-09-28 15:42:38", "elapsed": 155.805579, "delta": 1.059009}}
{"target": -38.995395718943264, "params": {"max_depth": 9.650686667261603, "n_estimators": 44.4864460798001, "random_state": 2.0}, "datetime": {"datetime": "2021-09-28 15:42:39", "elapsed": 157.089175, "delta": 1.283596}}
{"target": -39.24426049721404, "params": {"max_depth": 6.007061741314641, "n_estimators": 49.02756321272658, "random_state": 2.1423392040298648}, "datetime": {"datetime": "2021-09-28 15:42:40", "elapsed": 158.094163, "delta": 1.004988}}
{"target": -39.12803249658897, "params": {"max_depth": 7.33436344731704, "n_estimators": 86.37880863889858, "random_state": 3.0}, "datetime": {"datetime": "2021-09-28 15:42:41", "elapsed": 159.226833, "delta": 1.13267}}
{"target": -40.755091893490814, "params": {"max_depth": 12.55908658886405, "n_estimators": 53.213035573911455, "random_state": 2.0}, "datetime": {"datetime": "2021-09-28 15:42:42", "elapsed": 160.475041, "delta": 1.248208}}
{"target": -39.583112546481544, "params": {"max_depth": 7.92442536491684, "n_estimators": 85.68047625406078, "random_state": 2.0248785846602555}, "datetime": {"datetime": "2021-09-28 15:42:44", "elapsed": 161.907383, "delta": 1.432342}}
{"target": -39.143673841511, "params": {"max_depth": 6.0, "n_estimators": 86.54517246227154, "random_state": 3.0}, "datetime": {"datetime": "2021-09-28 15:42:45", "elapsed": 162.996006, "delta": 1.088623}}
{"target": -39.310284777272635, "params": {"max_depth": 7.9888239650073105, "n_estimators": 53.579751518513184, "random_state": 3.0}, "datetime": {"datetime": "2021-09-28 15:42:46", "elapsed": 163.979488, "delta": 0.983482}}
{"target": -39.698443290222166, "params": {"max_depth": 7.247910803391883, "n_estimators": 97.68796447550797, "random_state": 2.992597232684804}, "datetime": {"datetime": "2021-09-28 15:42:47", "elapsed": 165.286492, "delta": 1.307004}}
{"target": -39.27069886118832, "params": {"max_depth": 6.0703861733965665, "n_estimators": 59.70145880782374, "random_state": 2.993850597272731}, "datetime": {"datetime": "2021-09-28 15:42:48", "elapsed": 166.416327, "delta": 1.129835}}
{"target": -39.595688606436006, "params": {"max_depth": 7.445734145600046, "n_estimators": 109.97403323234869, "random_state": 2.881287124526374}, "datetime": {"datetime": "2021-09-28 15:42:50", "elapsed": 167.864068, "delta": 1.447741}}
{"target": -40.19652307569347, "params": {"max_depth": 10.636022776742873, "n_estimators": 64.85071509696327, "random_state": 2.0210541783751785}, "datetime": {"datetime": "2021-09-28 15:42:51", "elapsed": 168.973693, "delta": 1.109625}}
{"target": -39.5493214354124, "params": {"max_depth": 8.091093815523003, "n_estimators": 67.58360759785967, "random_state": 2.949359327983849}, "datetime": {"datetime": "2021-09-28 15:42:52", "elapsed": 170.135368, "delta": 1.161675}}
{"target": -39.55434044285272, "params": {"max_depth": 6.317985093471302, "n_estimators": 77.90919623382183, "random_state": 2.986663012933335}, "datetime": {"datetime": "2021-09-28 15:42:53", "elapsed": 171.390368, "delta": 1.255}}
{"target": -39.03357229661746, "params": {"max_depth": 6.689613647129464, "n_estimators": 33.47178605490683, "random_state": 2.0}, "datetime": {"datetime": "2021-09-28 15:42:54", "elapsed": 172.153561, "delta": 0.763193}}
{"target": -38.93229785631013, "params": {"max_depth": 6.006567263474569, "n_estimators": 38.80396738628532, "random_state": 2.781001995032643}, "datetime": {"datetime": "2021-09-28 15:42:55", "elapsed": 173.189112, "delta": 1.035551}}
{"target": -40.027407891883534, "params": {"max_depth": 12.306152032211992, "n_estimators": 69.84200872982018, "random_state": 3.0}, "datetime": {"datetime": "2021-09-28 15:42:56", "elapsed": 174.448274, "delta": 1.259162}}
{"target": -39.23309061442954, "params": {"max_depth": 8.604926434344652, "n_estimators": 43.08299087506917, "random_state": 2.0107121734075153}, "datetime": {"datetime": "2021-09-28 15:42:57", "elapsed": 175.492274, "delta": 1.044}}
