{"target": -55.20403625831991, "params": {"max_depth": 3.3234873449010687, "n_estimators": 34.81936853569248, "random_state": 4.019974333968494}, "datetime": {"datetime": "2021-09-29 22:10:22", "elapsed": 13.267423, "delta": 0.609995}}
{"target": -55.329692323336566, "params": {"max_depth": 4.398587511233057, "n_estimators": 35.03761207926556, "random_state": 4.49992154255398}, "datetime": {"datetime": "2021-09-29 22:10:22", "elapsed": 13.918423, "delta": 0.651}}
{"target": -56.104336587691925, "params": {"max_depth": 3.0805574510724423, "n_estimators": 32.37819740910333, "random_state": 3.902271184451984}, "datetime": {"datetime": "2021-09-29 22:10:23", "elapsed": 14.388718, "delta": 0.470295}}
{"target": -56.53625522534236, "params": {"max_depth": 5.0818861715439745, "n_estimators": 94.39671283452634, "random_state": 8.893799199129667}, "datetime": {"datetime": "2021-09-29 22:10:23", "elapsed": 15.014716, "delta": 0.625998}}
{"target": -54.72907448422072, "params": {"max_depth": 4.570469748071577, "n_estimators": 34.23333839887588, "random_state": 5.2473505988652684}, "datetime": {"datetime": "2021-09-29 22:10:24", "elapsed": 15.382521, "delta": 0.367805}}
{"target": -55.84186292247898, "params": {"max_depth": 6.051391154728339, "n_estimators": 62.14164905941815, "random_state": 2.960003775038471}, "datetime": {"datetime": "2021-09-29 22:10:24", "elapsed": 15.837518, "delta": 0.454997}}
{"target": -60.548929117110795, "params": {"max_depth": 6.335526949595359, "n_estimators": 31.162457775058204, "random_state": 1.3619826434536633}, "datetime": {"datetime": "2021-09-29 22:10:25", "elapsed": 16.20052, "delta": 0.363002}}
{"target": -56.561062926582586, "params": {"max_depth": 4.497266356821881, "n_estimators": 34.9849959315256, "random_state": 6.0142929925261175}, "datetime": {"datetime": "2021-09-29 22:10:25", "elapsed": 16.883522, "delta": 0.683002}}
{"target": -54.79797225521528, "params": {"max_depth": 5.885363849827447, "n_estimators": 34.053205287702305, "random_state": 5.241429648257734}, "datetime": {"datetime": "2021-09-29 22:10:26", "elapsed": 17.329297, "delta": 0.445775}}
{"target": -57.27911709623763, "params": {"max_depth": 6.232361319358237, "n_estimators": 35.0456354408881, "random_state": 4.74177980114104}, "datetime": {"datetime": "2021-09-29 22:10:26", "elapsed": 17.732299, "delta": 0.403002}}
{"target": -55.010049971410716, "params": {"max_depth": 5.414187401313107, "n_estimators": 33.60450518016826, "random_state": 5.892707920993444}, "datetime": {"datetime": "2021-09-29 22:10:27", "elapsed": 18.433293, "delta": 0.700994}}
{"target": -55.564134799841966, "params": {"max_depth": 6.639428525806414, "n_estimators": 33.74086301768518, "random_state": 5.804810735449921}, "datetime": {"datetime": "2021-09-29 22:10:28", "elapsed": 19.104539, "delta": 0.671246}}
{"target": -54.90892804540641, "params": {"max_depth": 4.027019033069967, "n_estimators": 33.28124955678401, "random_state": 5.9190963247228625}, "datetime": {"datetime": "2021-09-29 22:10:28", "elapsed": 19.757544, "delta": 0.653005}}
{"target": -56.38597011674181, "params": {"max_depth": 5.074389144393418, "n_estimators": 32.70206121312533, "random_state": 6.864805275083133}, "datetime": {"datetime": "2021-09-29 22:10:29", "elapsed": 20.304537, "delta": 0.546993}}
{"target": -56.96124861204495, "params": {"max_depth": 3.094811497083626, "n_estimators": 33.705962336798954, "random_state": 6.505077806908181}, "datetime": {"datetime": "2021-09-29 22:10:29", "elapsed": 20.790539, "delta": 0.486002}}
{"target": -56.08241189551438, "params": {"max_depth": 3.9165592766968973, "n_estimators": 35.71915184451835, "random_state": 3.3752128276738294}, "datetime": {"datetime": "2021-09-29 22:10:30", "elapsed": 21.302756, "delta": 0.512217}}
{"target": -56.85071686803591, "params": {"max_depth": 6.556361460939387, "n_estimators": 32.937481852090016, "random_state": 4.962454989287528}, "datetime": {"datetime": "2021-09-29 22:10:30", "elapsed": 21.777752, "delta": 0.474996}}
{"target": -54.90892804540641, "params": {"max_depth": 4.609677435237453, "n_estimators": 33.68102338574124, "random_state": 5.617208923499284}, "datetime": {"datetime": "2021-09-29 22:10:31", "elapsed": 22.259756, "delta": 0.482004}}
{"target": -56.93365807609783, "params": {"max_depth": 6.806299565072356, "n_estimators": 106.87123695523397, "random_state": 4.206217148354017}, "datetime": {"datetime": "2021-09-29 22:10:32", "elapsed": 23.200953, "delta": 0.941197}}
{"target": -55.49775357348441, "params": {"max_depth": 6.712292842308784, "n_estimators": 104.23167463500238, "random_state": 3.410431811322526}, "datetime": {"datetime": "2021-09-29 22:10:33", "elapsed": 24.459589, "delta": 1.258636}}
{"target": -54.84005569938888, "params": {"max_depth": 5.66285789466598, "n_estimators": 105.06823036826859, "random_state": 3.033073458595536}, "datetime": {"datetime": "2021-09-29 22:10:34", "elapsed": 25.377785, "delta": 0.918196}}
{"target": -56.640010312108416, "params": {"max_depth": 6.371433407430425, "n_estimators": 105.18517711152367, "random_state": 2.4219429614936785}, "datetime": {"datetime": "2021-09-29 22:10:35", "elapsed": 26.308782, "delta": 0.930997}}
{"target": -54.83815498058079, "params": {"max_depth": 5.517217709775422, "n_estimators": 104.80906883833153, "random_state": 3.920772065913819}, "datetime": {"datetime": "2021-09-29 22:10:36", "elapsed": 27.643027, "delta": 1.334245}}
{"target": -55.901896057836254, "params": {"max_depth": 4.919334471951727, "n_estimators": 104.6180415146309, "random_state": 3.3853949921720496}, "datetime": {"datetime": "2021-09-29 22:10:37", "elapsed": 28.589247, "delta": 0.94622}}
{"target": -56.97246888913514, "params": {"max_depth": 6.276152429209834, "n_estimators": 104.62113985404551, "random_state": 4.6027650416415025}, "datetime": {"datetime": "2021-09-29 22:10:38", "elapsed": 29.416104, "delta": 0.826857}}
{"target": -55.454594340989956, "params": {"max_depth": 5.291278379621346, "n_estimators": 105.537229542437, "random_state": 4.073399367001067}, "datetime": {"datetime": "2021-09-29 22:10:39", "elapsed": 30.139143, "delta": 0.723039}}
{"target": -56.07413413881761, "params": {"max_depth": 3.1066575621851764, "n_estimators": 31.05146851785156, "random_state": 3.9451416133197386}, "datetime": {"datetime": "2021-09-29 22:10:39", "elapsed": 30.501111, "delta": 0.361968}}
{"target": -56.475057702155496, "params": {"max_depth": 5.1930941424296435, "n_estimators": 105.94166792302534, "random_state": 2.9642884181231066}, "datetime": {"datetime": "2021-09-29 22:10:40", "elapsed": 31.149939, "delta": 0.648828}}
{"target": -54.83815498058079, "params": {"max_depth": 5.639776330801668, "n_estimators": 104.05621726100671, "random_state": 3.312036585295277}, "datetime": {"datetime": "2021-09-29 22:10:40", "elapsed": 31.919898, "delta": 0.769959}}
{"target": -54.79797225521528, "params": {"max_depth": 5.248113694664145, "n_estimators": 34.20235961795905, "random_state": 5.085673929532484}, "datetime": {"datetime": "2021-09-29 22:10:41", "elapsed": 32.308897, "delta": 0.388999}}
{"target": -55.47803398487613, "params": {"max_depth": 6.054924250479543, "n_estimators": 103.10492192191226, "random_state": 3.1263999283684623}, "datetime": {"datetime": "2021-09-29 22:10:42", "elapsed": 33.104896, "delta": 0.795999}}
{"target": -56.47788748031353, "params": {"max_depth": 5.262915088477418, "n_estimators": 103.64420202536569, "random_state": 2.0394236173007734}, "datetime": {"datetime": "2021-09-29 22:10:43", "elapsed": 34.230748, "delta": 1.125852}}
{"target": -56.92888822332149, "params": {"max_depth": 6.2178783104618365, "n_estimators": 34.34700775771155, "random_state": 6.581381898374413}, "datetime": {"datetime": "2021-09-29 22:10:43", "elapsed": 35.00674, "delta": 0.775992}}
{"target": -55.463758717389545, "params": {"max_depth": 6.157215289658634, "n_estimators": 105.00914293053923, "random_state": 3.4902635307416388}, "datetime": {"datetime": "2021-09-29 22:10:44", "elapsed": 35.935967, "delta": 0.929227}}
{"target": -55.174439660504774, "params": {"max_depth": 4.123821408316177, "n_estimators": 32.4145524804755, "random_state": 5.589158892498371}, "datetime": {"datetime": "2021-09-29 22:10:45", "elapsed": 36.328965, "delta": 0.392998}}
{"target": -55.61065105122134, "params": {"max_depth": 5.184434272734175, "n_estimators": 102.89546785016223, "random_state": 4.26498436485402}, "datetime": {"datetime": "2021-09-29 22:10:46", "elapsed": 37.275676, "delta": 0.946711}}
{"target": -55.68446796722707, "params": {"max_depth": 3.094645921431443, "n_estimators": 50.39151867401117, "random_state": 3.0376874435864387}, "datetime": {"datetime": "2021-09-29 22:10:46", "elapsed": 37.759703, "delta": 0.484027}}
{"target": -55.22253770898059, "params": {"max_depth": 3.1459531952925315, "n_estimators": 35.74165845672562, "random_state": 4.9418154756328105}, "datetime": {"datetime": "2021-09-29 22:10:47", "elapsed": 38.298678, "delta": 0.538975}}
{"target": -55.45484652078875, "params": {"max_depth": 3.419444891494426, "n_estimators": 37.00990259304254, "random_state": 4.311944362249406}, "datetime": {"datetime": "2021-09-29 22:10:47", "elapsed": 39.029294, "delta": 0.730616}}
{"target": -56.17717267632308, "params": {"max_depth": 3.2021220231273357, "n_estimators": 37.056036536260734, "random_state": 5.492758513491264}, "datetime": {"datetime": "2021-09-29 22:10:48", "elapsed": 39.516716, "delta": 0.487422}}
{"target": -55.537545620113214, "params": {"max_depth": 3.985321702145674, "n_estimators": 38.30948590448014, "random_state": 3.6858120705950905}, "datetime": {"datetime": "2021-09-29 22:10:49", "elapsed": 40.142709, "delta": 0.625993}}
{"target": -55.1667910410822, "params": {"max_depth": 4.920040321402589, "n_estimators": 37.556297427122985, "random_state": 4.188744102755246}, "datetime": {"datetime": "2021-09-29 22:10:49", "elapsed": 40.661715, "delta": 0.519006}}
{"target": -57.07990534630788, "params": {"max_depth": 4.756686765285011, "n_estimators": 37.49730365585995, "random_state": 2.9682743070518716}, "datetime": {"datetime": "2021-09-29 22:10:50", "elapsed": 41.220429, "delta": 0.558714}}
{"target": -54.74238340656905, "params": {"max_depth": 4.542450847289578, "n_estimators": 38.19195210457742, "random_state": 4.858120254922438}, "datetime": {"datetime": "2021-09-29 22:10:50", "elapsed": 41.805437, "delta": 0.585008}}
{"target": -54.20199176026236, "params": {"max_depth": 5.331130724440801, "n_estimators": 38.20642348035689, "random_state": 5.560449483539556}, "datetime": {"datetime": "2021-09-29 22:10:51", "elapsed": 42.491427, "delta": 0.68599}}
{"target": -54.20199176026236, "params": {"max_depth": 5.5035317761018625, "n_estimators": 38.65920135509235, "random_state": 5.128339807441586}, "datetime": {"datetime": "2021-09-29 22:10:52", "elapsed": 43.160432, "delta": 0.669005}}
{"target": -55.98432258763187, "params": {"max_depth": 5.64624214180878, "n_estimators": 37.935550150555216, "random_state": 4.927627065712205}, "datetime": {"datetime": "2021-09-29 22:10:52", "elapsed": 43.848979, "delta": 0.688547}}
{"target": -54.39435653632725, "params": {"max_depth": 4.986826734225018, "n_estimators": 38.84032193066714, "random_state": 5.597749563116044}, "datetime": {"datetime": "2021-09-29 22:10:53", "elapsed": 44.484597, "delta": 0.635618}}
{"target": -56.028055261779656, "params": {"max_depth": 5.393507632435275, "n_estimators": 38.40296463066831, "random_state": 6.300913012867864}, "datetime": {"datetime": "2021-09-29 22:10:53", "elapsed": 44.987602, "delta": 0.503005}}
{"target": -54.80945346647958, "params": {"max_depth": 4.607290660872257, "n_estimators": 39.21652642307372, "random_state": 4.973796189587873}, "datetime": {"datetime": "2021-09-29 22:10:54", "elapsed": 45.588844, "delta": 0.601242}}
{"target": -54.192038495975495, "params": {"max_depth": 5.596049074979323, "n_estimators": 39.625538323995315, "random_state": 5.121936526520392}, "datetime": {"datetime": "2021-09-29 22:10:55", "elapsed": 46.168844, "delta": 0.58}}
{"target": -55.65275446089173, "params": {"max_depth": 5.984514723940318, "n_estimators": 39.17774911615348, "random_state": 4.725089960498183}, "datetime": {"datetime": "2021-09-29 22:10:55", "elapsed": 46.753836, "delta": 0.584992}}
{"target": -54.192038495975495, "params": {"max_depth": 5.635607070093483, "n_estimators": 39.28659719409164, "random_state": 5.563782993378388}, "datetime": {"datetime": "2021-09-29 22:10:56", "elapsed": 47.408191, "delta": 0.654355}}
{"target": -54.09756201334582, "params": {"max_depth": 5.498496259924977, "n_estimators": 40.227771835006486, "random_state": 5.869541457172395}, "datetime": {"datetime": "2021-09-29 22:10:56", "elapsed": 47.915186, "delta": 0.506995}}
{"target": -54.09756201334582, "params": {"max_depth": 5.4920089739710445, "n_estimators": 40.71127568342442, "random_state": 5.162823857891559}, "datetime": {"datetime": "2021-09-29 22:10:57", "elapsed": 48.418186, "delta": 0.503}}
{"target": -54.42747712612422, "params": {"max_depth": 4.8435224533356465, "n_estimators": 40.37331093463849, "random_state": 5.454177033700551}, "datetime": {"datetime": "2021-09-29 22:10:57", "elapsed": 48.92019, "delta": 0.502004}}
{"target": -54.648356218418485, "params": {"max_depth": 6.180996550319453, "n_estimators": 40.57815725277966, "random_state": 5.761145632155243}, "datetime": {"datetime": "2021-09-29 22:10:58", "elapsed": 49.609021, "delta": 0.688831}}
{"target": -54.22408855214592, "params": {"max_depth": 5.692420153828852, "n_estimators": 41.53809544646558, "random_state": 5.840495041283747}, "datetime": {"datetime": "2021-09-29 22:10:59", "elapsed": 50.322985, "delta": 0.713964}}
{"target": -56.07319997272974, "params": {"max_depth": 4.893269109472414, "n_estimators": 41.05783126069391, "random_state": 6.157782030255166}, "datetime": {"datetime": "2021-09-29 22:10:59", "elapsed": 50.969992, "delta": 0.647007}}
{"target": -54.711916366265854, "params": {"max_depth": 6.0272111167423175, "n_estimators": 41.58111712118606, "random_state": 5.093165207739406}, "datetime": {"datetime": "2021-09-29 22:11:00", "elapsed": 51.947206, "delta": 0.977214}}
{"target": -55.69668337566619, "params": {"max_depth": 5.042612152637817, "n_estimators": 40.28235319138153, "random_state": 4.554983727700583}, "datetime": {"datetime": "2021-09-29 22:11:01", "elapsed": 52.748202, "delta": 0.800996}}
{"target": -54.711916366265854, "params": {"max_depth": 6.716479969993763, "n_estimators": 41.91071248342561, "random_state": 5.960908788668933}, "datetime": {"datetime": "2021-09-29 22:11:02", "elapsed": 53.449372, "delta": 0.70117}}
{"target": -56.198165231507836, "params": {"max_depth": 6.002152012005077, "n_estimators": 42.28670066006097, "random_state": 6.331123346961021}, "datetime": {"datetime": "2021-09-29 22:11:03", "elapsed": 54.171011, "delta": 0.721639}}
{"target": -54.192038495975495, "params": {"max_depth": 5.300181609641226, "n_estimators": 39.55033243818798, "random_state": 5.659430452753349}, "datetime": {"datetime": "2021-09-29 22:11:03", "elapsed": 54.958011, "delta": 0.787}}
{"target": -54.22408855214592, "params": {"max_depth": 5.427603231229682, "n_estimators": 41.1282579648615, "random_state": 5.526245914100041}, "datetime": {"datetime": "2021-09-29 22:11:04", "elapsed": 55.794096, "delta": 0.836085}}
{"target": -56.383670379834186, "params": {"max_depth": 6.565255802250483, "n_estimators": 41.21720874047719, "random_state": 6.206276128800763}, "datetime": {"datetime": "2021-09-29 22:11:05", "elapsed": 56.416085, "delta": 0.621989}}
{"target": -55.87858924492133, "params": {"max_depth": 7.0, "n_estimators": 42.34202934984514, "random_state": 5.250018383576288}, "datetime": {"datetime": "2021-09-29 22:11:06", "elapsed": 57.22609, "delta": 0.810005}}
{"target": -56.96267709468551, "params": {"max_depth": 6.172255307346392, "n_estimators": 40.49671324761042, "random_state": 4.927688994929777}, "datetime": {"datetime": "2021-09-29 22:11:06", "elapsed": 58.021634, "delta": 0.795544}}
{"target": -54.09756201334582, "params": {"max_depth": 5.319060537037512, "n_estimators": 40.09860223238014, "random_state": 5.336009999763155}, "datetime": {"datetime": "2021-09-29 22:11:07", "elapsed": 58.669632, "delta": 0.647998}}
{"target": -54.22408855214592, "params": {"max_depth": 5.2171629147401015, "n_estimators": 41.8775839793771, "random_state": 5.250200489870448}, "datetime": {"datetime": "2021-09-29 22:11:08", "elapsed": 59.398797, "delta": 0.729165}}
{"target": -55.88030763120047, "params": {"max_depth": 5.178286144203293, "n_estimators": 41.37538446668604, "random_state": 4.716897037798307}, "datetime": {"datetime": "2021-09-29 22:11:09", "elapsed": 60.17679, "delta": 0.777993}}
{"target": -54.192038495975495, "params": {"max_depth": 5.8398130270794475, "n_estimators": 39.86684858674144, "random_state": 5.803745280168284}, "datetime": {"datetime": "2021-09-29 22:11:09", "elapsed": 61.058796, "delta": 0.882006}}
{"target": -54.387961673698904, "params": {"max_depth": 5.723037769870382, "n_estimators": 42.24254743290206, "random_state": 5.342050799391462}, "datetime": {"datetime": "2021-09-29 22:11:10", "elapsed": 61.855398, "delta": 0.796602}}
{"target": -54.717480350761384, "params": {"max_depth": 4.728110527219767, "n_estimators": 42.445992631925066, "random_state": 5.660016312108989}, "datetime": {"datetime": "2021-09-29 22:11:11", "elapsed": 62.6444, "delta": 0.789002}}
{"target": -55.63774807694358, "params": {"max_depth": 5.041131899847605, "n_estimators": 42.9107889556946, "random_state": 4.983235864286665}, "datetime": {"datetime": "2021-09-29 22:11:12", "elapsed": 63.442693, "delta": 0.798293}}
{"target": -54.62701182428874, "params": {"max_depth": 4.644168511627788, "n_estimators": 37.86027353564462, "random_state": 5.6297624947320575}, "datetime": {"datetime": "2021-09-29 22:11:13", "elapsed": 64.299306, "delta": 0.856613}}
{"target": -56.0047158240222, "params": {"max_depth": 3.9852134588803305, "n_estimators": 39.57609622256359, "random_state": 5.656502646640575}, "datetime": {"datetime": "2021-09-29 22:11:14", "elapsed": 65.083307, "delta": 0.784001}}
{"target": -55.958680749571776, "params": {"max_depth": 6.227049067180888, "n_estimators": 39.62395134640079, "random_state": 6.668845395041058}, "datetime": {"datetime": "2021-09-29 22:11:14", "elapsed": 65.813603, "delta": 0.730296}}
{"target": -56.10422323687892, "params": {"max_depth": 3.64006067676857, "n_estimators": 42.33673711530527, "random_state": 5.4697046328784635}, "datetime": {"datetime": "2021-09-29 22:11:15", "elapsed": 66.458597, "delta": 0.644994}}
{"target": -54.62701182428874, "params": {"max_depth": 4.907344644021993, "n_estimators": 37.02569587960993, "random_state": 5.3541636047612915}, "datetime": {"datetime": "2021-09-29 22:11:16", "elapsed": 67.092606, "delta": 0.634009}}
{"target": -55.3167843769118, "params": {"max_depth": 4.704742055589703, "n_estimators": 36.58717161050383, "random_state": 4.667647719959794}, "datetime": {"datetime": "2021-09-29 22:11:16", "elapsed": 67.822205, "delta": 0.729599}}
{"target": -54.192038495975495, "params": {"max_depth": 5.288968905004559, "n_estimators": 39.15958348020091, "random_state": 5.33453426021515}, "datetime": {"datetime": "2021-09-29 22:11:17", "elapsed": 68.578206, "delta": 0.756001}}
{"target": -56.562974037272184, "params": {"max_depth": 5.407093001438644, "n_estimators": 36.60897957705889, "random_state": 6.294726432118519}, "datetime": {"datetime": "2021-09-29 22:11:18", "elapsed": 69.397501, "delta": 0.819295}}
{"target": -56.43068093381852, "params": {"max_depth": 6.822288875495264, "n_estimators": 20.79060992243392, "random_state": 10.870573631483095}, "datetime": {"datetime": "2021-09-29 22:11:18", "elapsed": 70.037535, "delta": 0.640034}}
{"target": -56.032920436564496, "params": {"max_depth": 3.8217158598832093, "n_estimators": 20.1578183434211, "random_state": 1.2972066042679156}, "datetime": {"datetime": "2021-09-29 22:11:19", "elapsed": 70.612534, "delta": 0.574999}}
{"target": -56.902657294329536, "params": {"max_depth": 6.813570354733154, "n_estimators": 100.49026099697329, "random_state": 4.2254820998161176}, "datetime": {"datetime": "2021-09-29 22:11:20", "elapsed": 71.678219, "delta": 1.065685}}
{"target": -54.09756201334582, "params": {"max_depth": 5.591527646655407, "n_estimators": 40.60528943071075, "random_state": 5.586302917673333}, "datetime": {"datetime": "2021-09-29 22:11:21", "elapsed": 72.410219, "delta": 0.732}}
{"target": -56.37569551485127, "params": {"max_depth": 3.1478893199346927, "n_estimators": 85.93774644854385, "random_state": 10.880328593411614}, "datetime": {"datetime": "2021-09-29 22:11:22", "elapsed": 73.463037, "delta": 1.052818}}
{"target": -56.55627573541832, "params": {"max_depth": 3.3990050933340026, "n_estimators": 109.65882786265657, "random_state": 10.902794419209084}, "datetime": {"datetime": "2021-09-29 22:11:23", "elapsed": 74.542686, "delta": 1.079649}}
{"target": -57.135459619714325, "params": {"max_depth": 3.017277924688251, "n_estimators": 75.98737994111411, "random_state": 1.0288417061145285}, "datetime": {"datetime": "2021-09-29 22:11:24", "elapsed": 75.490936, "delta": 0.94825}}
{"target": -56.8882575467065, "params": {"max_depth": 3.098972501065935, "n_estimators": 77.40711888784878, "random_state": 10.826168308384796}, "datetime": {"datetime": "2021-09-29 22:11:25", "elapsed": 76.283915, "delta": 0.792979}}
{"target": -57.21554020185913, "params": {"max_depth": 3.0232748399846563, "n_estimators": 27.15874779283002, "random_state": 10.968603507970805}, "datetime": {"datetime": "2021-09-29 22:11:25", "elapsed": 76.850982, "delta": 0.567067}}
{"target": -56.27193425528536, "params": {"max_depth": 4.033959150373962, "n_estimators": 102.59817931845342, "random_state": 10.763061018722421}, "datetime": {"datetime": "2021-09-29 22:11:26", "elapsed": 77.93236, "delta": 1.081378}}
