{"target": -60.576273609983076, "params": {"max_depth": 13.093638136374645, "n_estimators": 72.31212485077366, "random_state": 1.0011437481734489}, "datetime": {"datetime": "2021-09-29 21:50:56", "elapsed": 0.0, "delta": 0.0}}
{"target": -60.23785160640933, "params": {"max_depth": 9.767644606323353, "n_estimators": 15.528833190894192, "random_state": 1.923385947687978}, "datetime": {"datetime": "2021-09-29 21:50:56", "elapsed": 0.085, "delta": 0.085}}
{"target": -57.27911709623763, "params": {"max_depth": 6.4015461299524565, "n_estimators": 35.210511977261724, "random_state": 4.967674742306699}, "datetime": {"datetime": "2021-09-29 21:50:56", "elapsed": 0.361523, "delta": 0.276523}}
{"target": -60.31758727907264, "params": {"max_depth": 16.62568528609735, "n_estimators": 42.50025692592619, "random_state": 7.852195003967595}, "datetime": {"datetime": "2021-09-29 21:50:57", "elapsed": 0.781522, "delta": 0.419999}}
{"target": -58.25172862207209, "params": {"max_depth": 6.929115242214006, "n_estimators": 87.93362620270359, "random_state": 1.2738759319792616}, "datetime": {"datetime": "2021-09-29 21:50:57", "elapsed": 1.417519, "delta": 0.635997}}
{"target": -58.25172862207209, "params": {"max_depth": 6.4768301360841365, "n_estimators": 87.34345245119526, "random_state": 1.846551236941483}, "datetime": {"datetime": "2021-09-29 21:50:58", "elapsed": 2.078014, "delta": 0.660495}}
{"target": -61.940657707603265, "params": {"max_depth": 1.0, "n_estimators": 34.89086462197247, "random_state": 1.7219026702728635}, "datetime": {"datetime": "2021-09-29 21:50:58", "elapsed": 2.739406, "delta": 0.661392}}
{"target": -57.337624228067504, "params": {"max_depth": 8.744938177501263, "n_estimators": 35.04639910686628, "random_state": 6.524055245222085}, "datetime": {"datetime": "2021-09-29 21:51:00", "elapsed": 3.770411, "delta": 1.031005}}
{"target": -56.722124153220186, "params": {"max_depth": 5.958321930558783, "n_estimators": 37.541459929113444, "random_state": 8.75917614547767}, "datetime": {"datetime": "2021-09-29 21:51:00", "elapsed": 4.618515, "delta": 0.848104}}
{"target": -55.68986493882889, "params": {"max_depth": 5.302296332621781, "n_estimators": 33.20173455818983, "random_state": 10.98528197742645}, "datetime": {"datetime": "2021-09-29 21:51:02", "elapsed": 5.870516, "delta": 1.252001}}
{"target": -58.83790799449991, "params": {"max_depth": 6.47712049120995, "n_estimators": 28.023417563725193, "random_state": 11.0}, "datetime": {"datetime": "2021-09-29 21:51:02", "elapsed": 6.694954, "delta": 0.824438}}
{"target": -62.07695417948963, "params": {"max_depth": 1.7958492113501858, "n_estimators": 35.05916257896952, "random_state": 11.0}, "datetime": {"datetime": "2021-09-29 21:51:03", "elapsed": 7.446954, "delta": 0.752}}
{"target": -56.05486908651829, "params": {"max_depth": 6.874730811320949, "n_estimators": 34.222608606189404, "random_state": 9.5933438339073}, "datetime": {"datetime": "2021-09-29 21:51:04", "elapsed": 8.048951, "delta": 0.601997}}
{"target": -57.124484106196846, "params": {"max_depth": 7.6250417505338355, "n_estimators": 32.18446624780071, "random_state": 11.0}, "datetime": {"datetime": "2021-09-29 21:51:04", "elapsed": 8.569502, "delta": 0.520551}}
{"target": -56.1519810978239, "params": {"max_depth": 5.406718348134253, "n_estimators": 32.1298154828539, "random_state": 8.332797115871008}, "datetime": {"datetime": "2021-09-29 21:51:05", "elapsed": 9.190461, "delta": 0.620959}}
{"target": -56.400448148872485, "params": {"max_depth": 10.13083404782415, "n_estimators": 38.19746893527947, "random_state": 10.807567341369527}, "datetime": {"datetime": "2021-09-29 21:51:06", "elapsed": 9.842503, "delta": 0.652042}}
{"target": -56.53406774061751, "params": {"max_depth": 7.857944832978813, "n_estimators": 41.69763431089129, "random_state": 8.69956638180557}, "datetime": {"datetime": "2021-09-29 21:51:06", "elapsed": 10.301503, "delta": 0.459}}
{"target": -58.47825632281162, "params": {"max_depth": 9.19605659366984, "n_estimators": 39.86583444001359, "random_state": 4.697142628780654}, "datetime": {"datetime": "2021-09-29 21:51:07", "elapsed": 10.975461, "delta": 0.673958}}
{"target": -55.37378611711679, "params": {"max_depth": 5.638828860799516, "n_estimators": 44.222288543752015, "random_state": 11.0}, "datetime": {"datetime": "2021-09-29 21:51:07", "elapsed": 11.524455, "delta": 0.548994}}
{"target": -56.99999317476574, "params": {"max_depth": 8.32813770568389, "n_estimators": 46.25442002107412, "random_state": 11.0}, "datetime": {"datetime": "2021-09-29 21:51:08", "elapsed": 12.495788, "delta": 0.971333}}
{"target": -57.196513644487915, "params": {"max_depth": 3.9074241641657315, "n_estimators": 45.295310689512064, "random_state": 8.250885778546126}, "datetime": {"datetime": "2021-09-29 21:51:09", "elapsed": 12.992789, "delta": 0.497001}}
{"target": -56.605867452926816, "params": {"max_depth": 4.615242766659181, "n_estimators": 48.81512155045306, "random_state": 10.969334133619764}, "datetime": {"datetime": "2021-09-29 21:51:09", "elapsed": 13.452825, "delta": 0.460036}}
{"target": -55.80497470251334, "params": {"max_depth": 5.679360131306874, "n_estimators": 41.12556358760299, "random_state": 11.0}, "datetime": {"datetime": "2021-09-29 21:51:10", "elapsed": 14.124792, "delta": 0.671967}}
{"target": -61.96471389926346, "params": {"max_depth": 1.0, "n_estimators": 53.61046984605207, "random_state": 11.0}, "datetime": {"datetime": "2021-09-29 21:51:10", "elapsed": 14.579318, "delta": 0.454526}}
{"target": -57.59912859109018, "params": {"max_depth": 29.878217529632284, "n_estimators": 99.78802772223644, "random_state": 8.881505106502994}, "datetime": {"datetime": "2021-09-29 21:51:11", "elapsed": 15.432314, "delta": 0.852996}}
{"target": -57.291565860861205, "params": {"max_depth": 30.0, "n_estimators": 92.0574891060173, "random_state": 10.97877370208278}, "datetime": {"datetime": "2021-09-29 21:51:12", "elapsed": 16.401612, "delta": 0.969298}}
{"target": -57.76201506655073, "params": {"max_depth": 30.0, "n_estimators": 93.20145533762279, "random_state": 4.384619991043728}, "datetime": {"datetime": "2021-09-29 21:51:14", "elapsed": 17.775209, "delta": 1.373597}}
{"target": -58.159425764324205, "params": {"max_depth": 24.101346363144902, "n_estimators": 94.92961479434618, "random_state": 11.0}, "datetime": {"datetime": "2021-09-29 21:51:15", "elapsed": 19.389876, "delta": 1.614667}}
{"target": -57.7495931288288, "params": {"max_depth": 30.0, "n_estimators": 85.8484440388122, "random_state": 9.41388502082189}, "datetime": {"datetime": "2021-09-29 21:51:16", "elapsed": 20.479354, "delta": 1.089478}}
{"target": -63.19905340945593, "params": {"max_depth": 1.3448900923898268, "n_estimators": 44.55393116483713, "random_state": 10.640350553363584}, "datetime": {"datetime": "2021-09-29 21:51:17", "elapsed": 21.030364, "delta": 0.55101}}
{"target": -56.663341804901926, "params": {"max_depth": 6.790567636549364, "n_estimators": 44.9302544852701, "random_state": 8.463875744808206}, "datetime": {"datetime": "2021-09-29 21:51:18", "elapsed": 21.873035, "delta": 0.842671}}
{"target": -58.596235485047856, "params": {"max_depth": 6.096348739697088, "n_estimators": 49.02877114061948, "random_state": 7.502388706286147}, "datetime": {"datetime": "2021-09-29 21:51:18", "elapsed": 22.717602, "delta": 0.844567}}
{"target": -56.60944786704778, "params": {"max_depth": 9.031344726268774, "n_estimators": 42.417301469212205, "random_state": 10.70426306322789}, "datetime": {"datetime": "2021-09-29 21:51:19", "elapsed": 23.505278, "delta": 0.787676}}
{"target": -58.34356363146338, "params": {"max_depth": 12.793802719685496, "n_estimators": 35.14350295658302, "random_state": 11.0}, "datetime": {"datetime": "2021-09-29 21:51:21", "elapsed": 24.748051, "delta": 1.242773}}
{"target": -57.67145249097988, "params": {"max_depth": 7.206090354484685, "n_estimators": 30.060679362232392, "random_state": 4.79592942829364}, "datetime": {"datetime": "2021-09-29 21:51:21", "elapsed": 25.565057, "delta": 0.817006}}
{"target": -57.417659378842245, "params": {"max_depth": 7.28581123982836, "n_estimators": 37.82672362260147, "random_state": 10.74292095784823}, "datetime": {"datetime": "2021-09-29 21:51:22", "elapsed": 26.378548, "delta": 0.813491}}
{"target": -56.67461424839586, "params": {"max_depth": 5.148659607686906, "n_estimators": 42.2470549536637, "random_state": 8.583853395104974}, "datetime": {"datetime": "2021-09-29 21:51:23", "elapsed": 27.049564, "delta": 0.671016}}
{"target": -59.83310104385892, "params": {"max_depth": 26.129771329668596, "n_estimators": 89.62081127543276, "random_state": 7.495067257845348}, "datetime": {"datetime": "2021-09-29 21:51:24", "elapsed": 28.223564, "delta": 1.174}}
{"target": -56.87872007800575, "params": {"max_depth": 7.253144173955867, "n_estimators": 43.44105459907576, "random_state": 10.948216377501161}, "datetime": {"datetime": "2021-09-29 21:51:25", "elapsed": 28.896567, "delta": 0.673003}}
{"target": -57.24750416920319, "params": {"max_depth": 11.230412474644584, "n_estimators": 40.52056728528385, "random_state": 9.523759755904617}, "datetime": {"datetime": "2021-09-29 21:51:25", "elapsed": 29.541568, "delta": 0.645001}}
{"target": -55.86511618700646, "params": {"max_depth": 5.259971378145215, "n_estimators": 46.15529021626645, "random_state": 10.585459165324739}, "datetime": {"datetime": "2021-09-29 21:51:26", "elapsed": 30.320571, "delta": 0.779003}}
{"target": -58.66782381506569, "params": {"max_depth": 30.0, "n_estimators": 99.57857237890663, "random_state": 2.799907792859489}, "datetime": {"datetime": "2021-09-29 21:51:28", "elapsed": 31.826217, "delta": 1.505646}}
{"target": -57.7229006815842, "params": {"max_depth": 29.115665794566322, "n_estimators": 79.07471387313949, "random_state": 9.888998839942117}, "datetime": {"datetime": "2021-09-29 21:51:29", "elapsed": 32.990476, "delta": 1.164259}}
{"target": -57.922960379107934, "params": {"max_depth": 29.983977833806744, "n_estimators": 78.34116300175532, "random_state": 3.701775006984425}, "datetime": {"datetime": "2021-09-29 21:51:30", "elapsed": 34.122483, "delta": 1.132007}}
{"target": -58.145104900440224, "params": {"max_depth": 30.0, "n_estimators": 72.7996020865231, "random_state": 11.0}, "datetime": {"datetime": "2021-09-29 21:51:31", "elapsed": 35.243903, "delta": 1.12142}}
{"target": -58.236404400352, "params": {"max_depth": 22.862084434536218, "n_estimators": 78.8040565830233, "random_state": 11.0}, "datetime": {"datetime": "2021-09-29 21:51:32", "elapsed": 36.233903, "delta": 0.99}}
{"target": -57.15304607880745, "params": {"max_depth": 8.40133728963327, "n_estimators": 50.39741228025953, "random_state": 11.0}, "datetime": {"datetime": "2021-09-29 21:51:33", "elapsed": 37.041995, "delta": 0.808092}}
{"target": -58.9242759291163, "params": {"max_depth": 12.977526594781388, "n_estimators": 51.367272089373216, "random_state": 11.0}, "datetime": {"datetime": "2021-09-29 21:51:34", "elapsed": 38.001999, "delta": 0.960004}}
{"target": -55.90002011113435, "params": {"max_depth": 4.746891635465484, "n_estimators": 44.92706493320271, "random_state": 3.5659457465396884}, "datetime": {"datetime": "2021-09-29 21:51:34", "elapsed": 38.719385, "delta": 0.717386}}
{"target": -57.329856153833916, "params": {"max_depth": 3.5136394400208997, "n_estimators": 45.38283664508148, "random_state": 1.0}, "datetime": {"datetime": "2021-09-29 21:51:35", "elapsed": 39.536388, "delta": 0.817003}}
{"target": -56.015470298294936, "params": {"max_depth": 7.437202940966383, "n_estimators": 45.19132848310936, "random_state": 3.038621120842979}, "datetime": {"datetime": "2021-09-29 21:51:36", "elapsed": 40.347382, "delta": 0.810994}}
{"target": -55.63774807694358, "params": {"max_depth": 5.748721857984206, "n_estimators": 42.737497376417714, "random_state": 4.902436078183893}, "datetime": {"datetime": "2021-09-29 21:51:37", "elapsed": 41.042184, "delta": 0.694802}}
{"target": -59.93693308318748, "params": {"max_depth": 6.225492789940178, "n_estimators": 42.74539189715959, "random_state": 1.8049989533881696}, "datetime": {"datetime": "2021-09-29 21:51:38", "elapsed": 41.772115, "delta": 0.729931}}
{"target": -56.35785085114718, "params": {"max_depth": 7.261257611584841, "n_estimators": 44.72219932580133, "random_state": 5.3319453145706355}, "datetime": {"datetime": "2021-09-29 21:51:38", "elapsed": 42.486611, "delta": 0.714496}}
{"target": -56.40612664605218, "params": {"max_depth": 3.690871812319003, "n_estimators": 43.519766886871516, "random_state": 5.384588872006694}, "datetime": {"datetime": "2021-09-29 21:51:39", "elapsed": 43.276616, "delta": 0.790005}}
{"target": -55.93766871112192, "params": {"max_depth": 6.171105237607595, "n_estimators": 47.55884617105174, "random_state": 2.826810002547917}, "datetime": {"datetime": "2021-09-29 21:51:40", "elapsed": 43.993608, "delta": 0.716992}}
{"target": -59.65537618645107, "params": {"max_depth": 8.95816130076875, "n_estimators": 48.14493036235536, "random_state": 1.2687958502774657}, "datetime": {"datetime": "2021-09-29 21:51:41", "elapsed": 44.82981, "delta": 0.836202}}
{"target": -58.225362942245816, "params": {"max_depth": 3.111961896919578, "n_estimators": 47.609868007098946, "random_state": 2.941063221219106}, "datetime": {"datetime": "2021-09-29 21:51:41", "elapsed": 45.481809, "delta": 0.651999}}
{"target": -57.07764834513471, "params": {"max_depth": 6.394724343410292, "n_estimators": 46.63306885377903, "random_state": 4.689423677090305}, "datetime": {"datetime": "2021-09-29 21:51:42", "elapsed": 46.151809, "delta": 0.67}}
{"target": -54.42747712612422, "params": {"max_depth": 4.01292929503731, "n_estimators": 40.89831374663754, "random_state": 5.580975454855283}, "datetime": {"datetime": "2021-09-29 21:51:43", "elapsed": 46.756395, "delta": 0.604586}}
{"target": -56.40354937332071, "params": {"max_depth": 5.3363614144558635, "n_estimators": 40.24981077678112, "random_state": 6.5625307363336045}, "datetime": {"datetime": "2021-09-29 21:51:43", "elapsed": 47.370397, "delta": 0.614002}}
{"target": -56.25168869774851, "params": {"max_depth": 2.292722283911756, "n_estimators": 40.22851598942849, "random_state": 4.682328087430344}, "datetime": {"datetime": "2021-09-29 21:51:44", "elapsed": 48.1314, "delta": 0.761003}}
{"target": -55.335965965296, "params": {"max_depth": 3.7310177010847156, "n_estimators": 41.23980789508634, "random_state": 4.400334284429252}, "datetime": {"datetime": "2021-09-29 21:51:44", "elapsed": 48.696683, "delta": 0.565283}}
{"target": -58.648592941584134, "params": {"max_depth": 2.993413535612473, "n_estimators": 40.112478103322815, "random_state": 7.221601699495931}, "datetime": {"datetime": "2021-09-29 21:51:45", "elapsed": 49.319685, "delta": 0.623002}}
{"target": -54.94015318689248, "params": {"max_depth": 4.399572309711886, "n_estimators": 40.061296908111146, "random_state": 4.874784038066838}, "datetime": {"datetime": "2021-09-29 21:51:46", "elapsed": 49.999683, "delta": 0.679998}}
{"target": -76.41295654554028, "params": {"max_depth": 28.53410271746645, "n_estimators": 1.1613620899921133, "random_state": 9.223697552997074}, "datetime": {"datetime": "2021-09-29 21:51:46", "elapsed": 50.517787, "delta": 0.518104}}
{"target": -62.94708338818305, "params": {"max_depth": 1.0, "n_estimators": 100.0, "random_state": 11.0}, "datetime": {"datetime": "2021-09-29 21:51:47", "elapsed": 51.722788, "delta": 1.205001}}
{"target": -61.02233001899469, "params": {"max_depth": 30.0, "n_estimators": 26.404168392134586, "random_state": 1.0}, "datetime": {"datetime": "2021-09-29 21:51:49", "elapsed": 52.847542, "delta": 1.124754}}
{"target": -59.22751127812842, "params": {"max_depth": 30.0, "n_estimators": 58.718062418748254, "random_state": 1.0}, "datetime": {"datetime": "2021-09-29 21:51:50", "elapsed": 53.910543, "delta": 1.063001}}
{"target": -80.24511956381988, "params": {"max_depth": 1.0, "n_estimators": 1.0, "random_state": 11.0}, "datetime": {"datetime": "2021-09-29 21:51:50", "elapsed": 54.381545, "delta": 0.471002}}
{"target": -63.37940318367939, "params": {"max_depth": 1.5206212032869773, "n_estimators": 77.71261712686871, "random_state": 10.99415033311415}, "datetime": {"datetime": "2021-09-29 21:51:51", "elapsed": 55.215152, "delta": 0.833607}}
{"target": -59.85248990013239, "params": {"max_depth": 16.116478284406586, "n_estimators": 100.0, "random_state": 1.0}, "datetime": {"datetime": "2021-09-29 21:51:52", "elapsed": 56.558431, "delta": 1.343279}}
{"target": -58.04388066540282, "params": {"max_depth": 29.728641217308503, "n_estimators": 49.10239644651394, "random_state": 10.709205745395481}, "datetime": {"datetime": "2021-09-29 21:51:53", "elapsed": 57.457458, "delta": 0.899027}}
{"target": -60.59703628983386, "params": {"max_depth": 30.0, "n_estimators": 43.54102588026055, "random_state": 1.0}, "datetime": {"datetime": "2021-09-29 21:51:54", "elapsed": 58.373464, "delta": 0.916006}}
{"target": -58.03155224885275, "params": {"max_depth": 22.539580263581943, "n_estimators": 63.251815165220144, "random_state": 11.0}, "datetime": {"datetime": "2021-09-29 21:51:55", "elapsed": 59.494235, "delta": 1.120771}}
{"target": -60.28328614042372, "params": {"max_depth": 29.094269200139937, "n_estimators": 69.3233703341997, "random_state": 1.1691198157649965}, "datetime": {"datetime": "2021-09-29 21:51:56", "elapsed": 60.723391, "delta": 1.229156}}
{"target": -60.012207655391755, "params": {"max_depth": 20.947711717115624, "n_estimators": 20.65390796818593, "random_state": 11.0}, "datetime": {"datetime": "2021-09-29 21:51:57", "elapsed": 61.522392, "delta": 0.799001}}
{"target": -57.68687998347923, "params": {"max_depth": 30.0, "n_estimators": 58.33047498406916, "random_state": 11.0}, "datetime": {"datetime": "2021-09-29 21:51:59", "elapsed": 62.762943, "delta": 1.240551}}
{"target": -58.23972451124582, "params": {"max_depth": 13.467170740272458, "n_estimators": 88.59833629999024, "random_state": 11.0}, "datetime": {"datetime": "2021-09-29 21:52:00", "elapsed": 64.021941, "delta": 1.258998}}
{"target": -62.37321985843447, "params": {"max_depth": 1.0, "n_estimators": 64.8034617873159, "random_state": 1.0}, "datetime": {"datetime": "2021-09-29 21:52:01", "elapsed": 64.896668, "delta": 0.874727}}
{"target": -59.917646747599186, "params": {"max_depth": 16.93873144033912, "n_estimators": 84.57320735998998, "random_state": 1.0}, "datetime": {"datetime": "2021-09-29 21:52:02", "elapsed": 66.087671, "delta": 1.191003}}
{"target": -57.163481237981294, "params": {"max_depth": 30.0, "n_estimators": 35.746177646930775, "random_state": 11.0}, "datetime": {"datetime": "2021-09-29 21:52:03", "elapsed": 66.962835, "delta": 0.875164}}
{"target": -58.69415843410059, "params": {"max_depth": 13.158916927577486, "n_estimators": 63.542332939200584, "random_state": 11.0}, "datetime": {"datetime": "2021-09-29 21:52:04", "elapsed": 68.151828, "delta": 1.188993}}
{"target": -57.55834771242449, "params": {"max_depth": 22.706418113845476, "n_estimators": 54.444455674303995, "random_state": 11.0}, "datetime": {"datetime": "2021-09-29 21:52:05", "elapsed": 69.126988, "delta": 0.97516}}
{"target": -57.595855783467044, "params": {"max_depth": 23.445473093103956, "n_estimators": 32.08256026846681, "random_state": 11.0}, "datetime": {"datetime": "2021-09-29 21:52:06", "elapsed": 70.11098, "delta": 0.983992}}
{"target": -61.62347714377273, "params": {"max_depth": 16.552220292991944, "n_estimators": 28.486063800434476, "random_state": 1.0}, "datetime": {"datetime": "2021-09-29 21:52:07", "elapsed": 70.990655, "delta": 0.879675}}
{"target": -58.44387133703452, "params": {"max_depth": 19.41771371496056, "n_estimators": 58.75299560117738, "random_state": 2.4717233271775005}, "datetime": {"datetime": "2021-09-29 21:52:08", "elapsed": 72.137988, "delta": 1.147333}}
{"target": -57.4250017796373, "params": {"max_depth": 14.746566656602809, "n_estimators": 98.9686097217875, "random_state": 10.893153590342767}, "datetime": {"datetime": "2021-09-29 21:52:09", "elapsed": 73.649202, "delta": 1.511214}}
{"target": -62.18690892726696, "params": {"max_depth": 1.0, "n_estimators": 21.644501506276185, "random_state": 1.0}, "datetime": {"datetime": "2021-09-29 21:52:10", "elapsed": 74.422199, "delta": 0.772997}}
{"target": -57.494483854409026, "params": {"max_depth": 25.239226383545585, "n_estimators": 41.014045584781776, "random_state": 10.80819031818025}, "datetime": {"datetime": "2021-09-29 21:52:11", "elapsed": 75.460835, "delta": 1.038636}}
{"target": -57.96447804755057, "params": {"max_depth": 18.98680973086777, "n_estimators": 71.25217375296694, "random_state": 11.0}, "datetime": {"datetime": "2021-09-29 21:52:13", "elapsed": 76.785923, "delta": 1.325088}}
{"target": -58.54908853440921, "params": {"max_depth": 29.559242046138607, "n_estimators": 28.01176109050158, "random_state": 10.461223466976538}, "datetime": {"datetime": "2021-09-29 21:52:13", "elapsed": 77.647927, "delta": 0.862004}}
{"target": -60.108569144484846, "params": {"max_depth": 30.0, "n_estimators": 85.50958305587083, "random_state": 1.0}, "datetime": {"datetime": "2021-09-29 21:52:15", "elapsed": 78.998593, "delta": 1.350666}}
{"target": -92.27923445139422, "params": {"max_depth": 14.42658264359944, "n_estimators": 1.0, "random_state": 1.0}, "datetime": {"datetime": "2021-09-29 21:52:15", "elapsed": 79.568587, "delta": 0.569994}}
{"target": -62.30964452512884, "params": {"max_depth": 1.9551367409032143, "n_estimators": 94.251122345189, "random_state": 1.1303234516653784}, "datetime": {"datetime": "2021-09-29 21:52:16", "elapsed": 80.549593, "delta": 0.981006}}
{"target": -59.942140268003406, "params": {"max_depth": 30.0, "n_estimators": 15.676346996971485, "random_state": 1.0}, "datetime": {"datetime": "2021-09-29 21:52:17", "elapsed": 81.31716, "delta": 0.767567}}
