{"target": -39.700221378099236, "params": {"max_depth": 8.301206205966098, "n_estimators": 90.02927890122535, "random_state": 2.0210038623280457}, "datetime": {"datetime": "2021-09-28 15:45:16", "elapsed": 313.941946, "delta": 1.600413}}
{"target": -38.874098881462146, "params": {"max_depth": 6.018724609166854, "n_estimators": 34.42507116679246, "random_state": 2.914617112021781}, "datetime": {"datetime": "2021-09-28 15:45:17", "elapsed": 315.489369, "delta": 1.547423}}
{"target": -39.46182682126927, "params": {"max_depth": 6.024549648451414, "n_estimators": 91.57907394391655, "random_state": 2.0020445770449404}, "datetime": {"datetime": "2021-09-28 15:45:19", "elapsed": 317.206669, "delta": 1.7173}}
{"target": -40.201146492122284, "params": {"max_depth": 15.0, "n_estimators": 64.40058795781545, "random_state": 2.0}, "datetime": {"datetime": "2021-09-28 15:45:21", "elapsed": 319.02093, "delta": 1.814261}}
{"target": -39.686575568115856, "params": {"max_depth": 10.596663725670705, "n_estimators": 78.7839525119733, "random_state": 3.0}, "datetime": {"datetime": "2021-09-28 15:45:23", "elapsed": 320.690099, "delta": 1.669169}}
{"target": -40.33035073833178, "params": {"max_depth": 12.57708173542777, "n_estimators": 45.87615161370407, "random_state": 3.0}, "datetime": {"datetime": "2021-09-28 15:45:24", "elapsed": 322.278099, "delta": 1.588}}
{"target": -38.74902545353497, "params": {"max_depth": 6.574944956427459, "n_estimators": 41.238818269259085, "random_state": 2.002951339103319}, "datetime": {"datetime": "2021-09-28 15:45:26", "elapsed": 324.02463, "delta": 1.746531}}
{"target": -39.81961638412843, "params": {"max_depth": 14.91541449131117, "n_estimators": 44.844882958951146, "random_state": 2.033572511821315}, "datetime": {"datetime": "2021-09-28 15:45:28", "elapsed": 325.971992, "delta": 1.947362}}
{"target": -39.72047380743943, "params": {"max_depth": 7.310611390881146, "n_estimators": 74.75837941321934, "random_state": 2.026177945921854}, "datetime": {"datetime": "2021-09-28 15:45:30", "elapsed": 327.785733, "delta": 1.813741}}
{"target": -39.124580940970596, "params": {"max_depth": 6.0, "n_estimators": 27.0, "random_state": 3.0}, "datetime": {"datetime": "2021-09-28 15:45:31", "elapsed": 329.41599, "delta": 1.630257}}
{"target": -39.596230133685076, "params": {"max_depth": 11.854137732651289, "n_estimators": 39.70176808266702, "random_state": 3.0}, "datetime": {"datetime": "2021-09-28 15:45:33", "elapsed": 330.869595, "delta": 1.453605}}
{"target": -39.352246392888624, "params": {"max_depth": 6.271352722625422, "n_estimators": 86.0419725127525, "random_state": 2.0114240229503753}, "datetime": {"datetime": "2021-09-28 15:45:35", "elapsed": 332.937292, "delta": 2.067697}}
{"target": -38.62764330683568, "params": {"max_depth": 6.721383880966472, "n_estimators": 44.62314241203222, "random_state": 2.6947381694492565}, "datetime": {"datetime": "2021-09-28 15:45:37", "elapsed": 334.675762, "delta": 1.73847}}
{"target": -39.56251863635675, "params": {"max_depth": 9.7644140913731, "n_estimators": 47.93747447336787, "random_state": 2.0}, "datetime": {"datetime": "2021-09-28 15:45:38", "elapsed": 336.172759, "delta": 1.496997}}
{"target": -38.93595678174766, "params": {"max_depth": 6.007379467800103, "n_estimators": 39.49354333424888, "random_state": 2.889945335082639}, "datetime": {"datetime": "2021-09-28 15:45:40", "elapsed": 338.122431, "delta": 1.949672}}
{"target": -39.03357229661746, "params": {"max_depth": 6.0, "n_estimators": 33.69324114694846, "random_state": 2.496593278913007}, "datetime": {"datetime": "2021-09-28 15:45:41", "elapsed": 339.49064, "delta": 1.368209}}
{"target": -38.62764330683568, "params": {"max_depth": 6.028148816600434, "n_estimators": 44.51820872500332, "random_state": 2.283339760771696}, "datetime": {"datetime": "2021-09-28 15:45:43", "elapsed": 341.17388, "delta": 1.68324}}
{"target": -39.64984958642202, "params": {"max_depth": 11.242345711075457, "n_estimators": 50.72891189079208, "random_state": 3.0}, "datetime": {"datetime": "2021-09-28 15:45:45", "elapsed": 343.015889, "delta": 1.842009}}
{"target": -39.70512647222877, "params": {"max_depth": 7.952997622698745, "n_estimators": 106.6746784507233, "random_state": 2.992366916302267}, "datetime": {"datetime": "2021-09-28 15:45:48", "elapsed": 345.82541, "delta": 2.809521}}
{"target": -39.30000521780483, "params": {"max_depth": 7.066164378397667, "n_estimators": 30.328488895572008, "random_state": 2.9965313848376356}, "datetime": {"datetime": "2021-09-28 15:45:50", "elapsed": 347.856528, "delta": 2.031118}}
{"target": -38.93229785631013, "params": {"max_depth": 6.585257822682973, "n_estimators": 38.73913747298662, "random_state": 2.0029195005586224}, "datetime": {"datetime": "2021-09-28 15:45:52", "elapsed": 349.613788, "delta": 1.75726}}
{"target": -39.880831235973034, "params": {"max_depth": 9.146753668909248, "n_estimators": 103.3289025073646, "random_state": 2.0}, "datetime": {"datetime": "2021-09-28 15:45:54", "elapsed": 352.028, "delta": 2.414212}}
{"target": -38.98023258276424, "params": {"max_depth": 6.009000067115605, "n_estimators": 30.350991717530587, "random_state": 2.002195774279154}, "datetime": {"datetime": "2021-09-28 15:45:56", "elapsed": 353.821978, "delta": 1.793978}}
{"target": -39.66193761002702, "params": {"max_depth": 7.002097736445494, "n_estimators": 108.61034091826778, "random_state": 2.0307898638040123}, "datetime": {"datetime": "2021-09-28 15:45:58", "elapsed": 356.290662, "delta": 2.468684}}
{"target": -38.653985943766905, "params": {"max_depth": 6.043901393456073, "n_estimators": 43.59942511079187, "random_state": 2.2655421163636373}, "datetime": {"datetime": "2021-09-28 15:46:00", "elapsed": 358.177683, "delta": 1.887021}}
{"target": -38.653985943766905, "params": {"max_depth": 6.714736870531319, "n_estimators": 43.338197722928015, "random_state": 2.981633454051977}, "datetime": {"datetime": "2021-09-28 15:46:02", "elapsed": 359.798927, "delta": 1.621244}}
{"target": -39.10707445733009, "params": {"max_depth": 7.153000078903145, "n_estimators": 66.57058126870139, "random_state": 3.0}, "datetime": {"datetime": "2021-09-28 15:46:04", "elapsed": 361.613105, "delta": 1.814178}}
{"target": -38.96671056581011, "params": {"max_depth": 7.130185113005154, "n_estimators": 43.29876956359785, "random_state": 2.0}, "datetime": {"datetime": "2021-09-28 15:46:05", "elapsed": 363.351585, "delta": 1.73848}}
{"target": -40.16485170190466, "params": {"max_depth": 15.0, "n_estimators": 91.36938892490191, "random_state": 3.0}, "datetime": {"datetime": "2021-09-28 15:46:08", "elapsed": 365.755474, "delta": 2.403889}}
{"target": -39.72663661608387, "params": {"max_depth": 9.577116602787173, "n_estimators": 71.89902142662827, "random_state": 2.0}, "datetime": {"datetime": "2021-09-28 15:46:10", "elapsed": 367.844699, "delta": 2.089225}}
{"target": -39.33657683375152, "params": {"max_depth": 7.845857183206049, "n_estimators": 66.76010696602702, "random_state": 2.0}, "datetime": {"datetime": "2021-09-28 15:46:12", "elapsed": 369.818808, "delta": 1.974109}}
{"target": -39.11455757768989, "params": {"max_depth": 7.502823509856375, "n_estimators": 41.141824476818826, "random_state": 2.0}, "datetime": {"datetime": "2021-09-28 15:46:14", "elapsed": 371.646972, "delta": 1.828164}}
{"target": -39.884842728979166, "params": {"max_depth": 8.596398077475436, "n_estimators": 52.441778419518485, "random_state": 2.97122858048701}, "datetime": {"datetime": "2021-09-28 15:46:15", "elapsed": 373.55692, "delta": 1.909948}}
{"target": -38.62764330683568, "params": {"max_depth": 6.868452234815902, "n_estimators": 44.285650033658364, "random_state": 2.2403898089047507}, "datetime": {"datetime": "2021-09-28 15:46:17", "elapsed": 375.257076, "delta": 1.700156}}
{"target": -38.872290322634925, "params": {"max_depth": 6.059456833316297, "n_estimators": 35.25776589224336, "random_state": 2.9049317123130205}, "datetime": {"datetime": "2021-09-28 15:46:19", "elapsed": 376.983502, "delta": 1.726426}}
{"target": -39.411622617488554, "params": {"max_depth": 6.013587508502675, "n_estimators": 55.757610496776394, "random_state": 2.0010497929116973}, "datetime": {"datetime": "2021-09-28 15:46:21", "elapsed": 378.5971, "delta": 1.613598}}
{"target": -38.93229785631013, "params": {"max_depth": 6.007722042718751, "n_estimators": 38.85162678252086, "random_state": 2.007140437571382}, "datetime": {"datetime": "2021-09-28 15:46:22", "elapsed": 380.044415, "delta": 1.447315}}
{"target": -39.648187896384336, "params": {"max_depth": 9.298186517043373, "n_estimators": 59.80843122067486, "random_state": 2.0}, "datetime": {"datetime": "2021-09-28 15:46:24", "elapsed": 381.71871, "delta": 1.674295}}
{"target": -38.74902545353497, "params": {"max_depth": 6.423770787718914, "n_estimators": 41.79094000385385, "random_state": 2.0056439941761113}, "datetime": {"datetime": "2021-09-28 15:46:25", "elapsed": 383.330575, "delta": 1.611865}}
{"target": -39.92992541914038, "params": {"max_depth": 9.05960734800868, "n_estimators": 94.65662039900583, "random_state": 2.993699019123219}, "datetime": {"datetime": "2021-09-28 15:46:27", "elapsed": 385.440673, "delta": 2.110098}}
{"target": -39.46522745305469, "params": {"max_depth": 9.665361854611632, "n_estimators": 29.390546610689064, "random_state": 2.003475196037348}, "datetime": {"datetime": "2021-09-28 15:46:29", "elapsed": 387.396866, "delta": 1.956193}}
{"target": -38.98023258276424, "params": {"max_depth": 6.585599883369104, "n_estimators": 30.99086819508445, "random_state": 2.0}, "datetime": {"datetime": "2021-09-28 15:46:31", "elapsed": 389.051127, "delta": 1.654261}}
{"target": -38.874098881462146, "params": {"max_depth": 6.157382628751764, "n_estimators": 34.72767460985597, "random_state": 2.4970102230012152}, "datetime": {"datetime": "2021-09-28 15:46:33", "elapsed": 390.634127, "delta": 1.583}}
{"target": -39.95861616102801, "params": {"max_depth": 15.0, "n_estimators": 53.93036589538356, "random_state": 3.0}, "datetime": {"datetime": "2021-09-28 15:46:35", "elapsed": 392.735388, "delta": 2.101261}}
{"target": -39.35571887995308, "params": {"max_depth": 7.308042640936918, "n_estimators": 63.78869900360792, "random_state": 2.0}, "datetime": {"datetime": "2021-09-28 15:46:36", "elapsed": 394.528163, "delta": 1.792775}}
{"target": -38.62764330683568, "params": {"max_depth": 6.683864774399305, "n_estimators": 44.099364782923075, "random_state": 2.0327056066485816}, "datetime": {"datetime": "2021-09-28 15:46:38", "elapsed": 396.104433, "delta": 1.57627}}
{"target": -38.74902545353497, "params": {"max_depth": 6.453284920489299, "n_estimators": 41.24447762961362, "random_state": 2.5749298426816347}, "datetime": {"datetime": "2021-09-28 15:46:40", "elapsed": 397.801733, "delta": 1.6973}}
{"target": -39.35319298418719, "params": {"max_depth": 7.023754361724116, "n_estimators": 39.55027591799923, "random_state": 2.0}, "datetime": {"datetime": "2021-09-28 15:46:41", "elapsed": 399.46572, "delta": 1.663987}}
{"target": -39.06891763618524, "params": {"max_depth": 7.82498976275038, "n_estimators": 34.97546389097842, "random_state": 2.0}, "datetime": {"datetime": "2021-09-28 15:46:43", "elapsed": 401.134178, "delta": 1.668458}}
{"target": -39.54379194023621, "params": {"max_depth": 6.0, "n_estimators": 106.65706780439945, "random_state": 2.0}, "datetime": {"datetime": "2021-09-28 15:46:46", "elapsed": 403.67834, "delta": 2.544162}}
{"target": -38.653985943766905, "params": {"max_depth": 6.67462040000598, "n_estimators": 43.682901165634945, "random_state": 2.9884459865618767}, "datetime": {"datetime": "2021-09-28 15:46:48", "elapsed": 405.620233, "delta": 1.941893}}
{"target": -38.905774758794124, "params": {"max_depth": 6.544011709784584, "n_estimators": 40.784601015956426, "random_state": 2.5277588770974306}, "datetime": {"datetime": "2021-09-28 15:46:50", "elapsed": 407.6414, "delta": 2.021167}}
{"target": -38.74902545353497, "params": {"max_depth": 6.243970917935329, "n_estimators": 41.54857695355606, "random_state": 2.2039655822687267}, "datetime": {"datetime": "2021-09-28 15:46:51", "elapsed": 409.2458, "delta": 1.6044}}
{"target": -38.97577901165755, "params": {"max_depth": 6.437267415264464, "n_estimators": 31.92895620995583, "random_state": 2.047205645372816}, "datetime": {"datetime": "2021-09-28 15:46:53", "elapsed": 410.920802, "delta": 1.675002}}
{"target": -39.42045085806835, "params": {"max_depth": 8.432959110954094, "n_estimators": 87.05623305816185, "random_state": 3.0}, "datetime": {"datetime": "2021-09-28 15:46:55", "elapsed": 412.782363, "delta": 1.861561}}
{"target": -39.82868484907575, "params": {"max_depth": 9.571596322345819, "n_estimators": 88.74644665765365, "random_state": 2.9332207959150014}, "datetime": {"datetime": "2021-09-28 15:46:57", "elapsed": 415.220798, "delta": 2.438435}}
{"target": -39.187190001509066, "params": {"max_depth": 7.134076684045278, "n_estimators": 35.615621214492045, "random_state": 2.4690642811153256}, "datetime": {"datetime": "2021-09-28 15:47:00", "elapsed": 418.062025, "delta": 2.841227}}
{"target": -40.51773151943372, "params": {"max_depth": 15.0, "n_estimators": 96.87325322926856, "random_state": 2.0}, "datetime": {"datetime": "2021-09-28 15:47:03", "elapsed": 421.208961, "delta": 3.146936}}
{"target": -38.94514408940607, "params": {"max_depth": 7.050237747276032, "n_estimators": 44.827990197851776, "random_state": 2.0325525883299074}, "datetime": {"datetime": "2021-09-28 15:47:06", "elapsed": 423.586807, "delta": 2.377846}}
{"target": -39.18746361452526, "params": {"max_depth": 7.160074990100698, "n_estimators": 46.11152931954944, "random_state": 2.0250312459053594}, "datetime": {"datetime": "2021-09-28 15:47:07", "elapsed": 425.41636, "delta": 1.829553}}
{"target": -40.72561945318341, "params": {"max_depth": 12.122706632100233, "n_estimators": 71.66230681811827, "random_state": 2.0}, "datetime": {"datetime": "2021-09-28 15:47:09", "elapsed": 427.555829, "delta": 2.139469}}
{"target": -38.73272565176458, "params": {"max_depth": 6.555113607903286, "n_estimators": 45.416217548962805, "random_state": 2.5167408364909205}, "datetime": {"datetime": "2021-09-28 15:47:11", "elapsed": 429.45124, "delta": 1.895411}}
{"target": -39.82345164323496, "params": {"max_depth": 9.545689399991371, "n_estimators": 74.46058101028729, "random_state": 2.029313709821683}, "datetime": {"datetime": "2021-09-28 15:47:15", "elapsed": 432.61793, "delta": 3.16669}}
{"target": -38.74902545353497, "params": {"max_depth": 6.0629173562907, "n_estimators": 41.205768630429915, "random_state": 2.974973077490512}, "datetime": {"datetime": "2021-09-28 15:47:17", "elapsed": 434.628421, "delta": 2.010491}}
{"target": -40.03618148835956, "params": {"max_depth": 15.0, "n_estimators": 104.43054452350647, "random_state": 3.0}, "datetime": {"datetime": "2021-09-28 15:47:19", "elapsed": 437.422317, "delta": 2.793896}}
{"target": -39.68686241466908, "params": {"max_depth": 8.889598914373554, "n_estimators": 30.72227084478609, "random_state": 2.0}, "datetime": {"datetime": "2021-09-28 15:47:22", "elapsed": 439.778441, "delta": 2.356124}}
{"target": -38.981328109560756, "params": {"max_depth": 9.019814426024782, "n_estimators": 43.94706694995468, "random_state": 2.0}, "datetime": {"datetime": "2021-09-28 15:47:24", "elapsed": 442.099692, "delta": 2.321251}}
{"target": -38.73272565176458, "params": {"max_depth": 6.01638225299866, "n_estimators": 45.949251820512565, "random_state": 2.9403847289674934}, "datetime": {"datetime": "2021-09-28 15:47:27", "elapsed": 444.864636, "delta": 2.764944}}
{"target": -39.165741605077855, "params": {"max_depth": 9.942693950688955, "n_estimators": 34.483575403487194, "random_state": 2.023398776328747}, "datetime": {"datetime": "2021-09-28 15:47:30", "elapsed": 447.735484, "delta": 2.870848}}
{"target": -39.165741605077855, "params": {"max_depth": 9.665199787642269, "n_estimators": 34.18190972278582, "random_state": 2.821596461032696}, "datetime": {"datetime": "2021-09-28 15:47:32", "elapsed": 449.882079, "delta": 2.146595}}
{"target": -39.88927282693406, "params": {"max_depth": 12.290476900629903, "n_estimators": 44.07933900857979, "random_state": 2.0}, "datetime": {"datetime": "2021-09-28 15:47:36", "elapsed": 453.937515, "delta": 4.055436}}
{"target": -39.42707170581703, "params": {"max_depth": 7.163176101937157, "n_estimators": 58.961412773366604, "random_state": 2.0346879159745472}, "datetime": {"datetime": "2021-09-28 15:47:39", "elapsed": 456.802553, "delta": 2.865038}}
{"target": -39.21381337561748, "params": {"max_depth": 6.804846831164645, "n_estimators": 61.476046882221816, "random_state": 2.0}, "datetime": {"datetime": "2021-09-28 15:47:41", "elapsed": 459.084177, "delta": 2.281624}}
{"target": -39.17137943166864, "params": {"max_depth": 9.141787289462162, "n_estimators": 35.12298841399481, "random_state": 2.0041332598069483}, "datetime": {"datetime": "2021-09-28 15:47:44", "elapsed": 461.685579, "delta": 2.601402}}
{"target": -39.34930526994469, "params": {"max_depth": 6.872509933191969, "n_estimators": 89.83465876258134, "random_state": 2.9573495161149213}, "datetime": {"datetime": "2021-09-28 15:47:47", "elapsed": 465.01664, "delta": 3.331061}}
{"target": -39.22206740512565, "params": {"max_depth": 6.891764446085194, "n_estimators": 51.57608268913185, "random_state": 2.0200430623608616}, "datetime": {"datetime": "2021-09-28 15:47:51", "elapsed": 468.656696, "delta": 3.640056}}
{"target": -38.92013574133364, "params": {"max_depth": 6.0, "n_estimators": 101.01879031708731, "random_state": 3.0}, "datetime": {"datetime": "2021-09-28 15:47:54", "elapsed": 471.837135, "delta": 3.180439}}
{"target": -38.653985943766905, "params": {"max_depth": 6.0543023685887105, "n_estimators": 43.40066593227097, "random_state": 2.743198150305345}, "datetime": {"datetime": "2021-09-28 15:47:57", "elapsed": 474.926861, "delta": 3.089726}}
{"target": -39.787856621007364, "params": {"max_depth": 10.050133275040634, "n_estimators": 49.33219050750655, "random_state": 3.0}, "datetime": {"datetime": "2021-09-28 15:48:00", "elapsed": 478.264203, "delta": 3.337342}}
{"target": -38.62764330683568, "params": {"max_depth": 6.204356707950161, "n_estimators": 44.13305796593495, "random_state": 2.1736694179929312}, "datetime": {"datetime": "2021-09-28 15:48:04", "elapsed": 481.757984, "delta": 3.493781}}
{"target": -39.583112546481544, "params": {"max_depth": 7.202675390231109, "n_estimators": 85.1416608457354, "random_state": 2.989741468922445}, "datetime": {"datetime": "2021-09-28 15:48:07", "elapsed": 484.684138, "delta": 2.926154}}
{"target": -39.406769742729686, "params": {"max_depth": 6.066613044482492, "n_estimators": 109.99383155278544, "random_state": 2.9547874036182247}, "datetime": {"datetime": "2021-09-28 15:48:09", "elapsed": 487.41733, "delta": 2.733192}}
{"target": -39.887752467083445, "params": {"max_depth": 15.0, "n_estimators": 69.59755086611504, "random_state": 3.0}, "datetime": {"datetime": "2021-09-28 15:48:12", "elapsed": 489.986682, "delta": 2.569352}}
{"target": -39.589038546686844, "params": {"max_depth": 8.841408901904215, "n_estimators": 56.844877243579546, "random_state": 3.0}, "datetime": {"datetime": "2021-09-28 15:48:15", "elapsed": 492.622107, "delta": 2.635425}}
{"target": -39.25154839517225, "params": {"max_depth": 6.5610886723560755, "n_estimators": 44.41818926957594, "random_state": 3.0}, "datetime": {"datetime": "2021-09-28 15:48:17", "elapsed": 495.368714, "delta": 2.746607}}
{"target": -38.981328109560756, "params": {"max_depth": 9.465652779842584, "n_estimators": 43.576797221655184, "random_state": 2.9022593450297514}, "datetime": {"datetime": "2021-09-28 15:48:20", "elapsed": 497.986505, "delta": 2.617791}}
{"target": -39.54535988384837, "params": {"max_depth": 10.205304630790177, "n_estimators": 43.82848242828672, "random_state": 2.659914955595512}, "datetime": {"datetime": "2021-09-28 15:48:22", "elapsed": 500.260766, "delta": 2.274261}}
{"target": -38.62764330683568, "params": {"max_depth": 6.24509572918591, "n_estimators": 44.97626952325786, "random_state": 2.882394795525709}, "datetime": {"datetime": "2021-09-28 15:48:26", "elapsed": 503.736067, "delta": 3.475301}}
{"target": -39.12841375647781, "params": {"max_depth": 9.278712817861665, "n_estimators": 42.66295194949331, "random_state": 2.9968587313980852}, "datetime": {"datetime": "2021-09-28 15:48:28", "elapsed": 506.551639, "delta": 2.815572}}
{"target": -38.874098881462146, "params": {"max_depth": 6.687175310739441, "n_estimators": 34.217632970534865, "random_state": 2.4342312873654692}, "datetime": {"datetime": "2021-09-28 15:48:32", "elapsed": 510.062243, "delta": 3.510604}}
{"target": -39.49726277058498, "params": {"max_depth": 8.419377371097559, "n_estimators": 34.851418146293284, "random_state": 2.7568868721893285}, "datetime": {"datetime": "2021-09-28 15:48:36", "elapsed": 513.857511, "delta": 3.795268}}
{"target": -38.97577901165755, "params": {"max_depth": 6.0, "n_estimators": 31.378316217856593, "random_state": 2.7547664344706013}, "datetime": {"datetime": "2021-09-28 15:48:38", "elapsed": 516.464876, "delta": 2.607365}}
{"target": -38.93229785631013, "params": {"max_depth": 6.414055858914694, "n_estimators": 38.03407705526474, "random_state": 2.8256289150501974}, "datetime": {"datetime": "2021-09-28 15:48:42", "elapsed": 519.989298, "delta": 3.524422}}
{"target": -38.872290322634925, "params": {"max_depth": 6.212089374708981, "n_estimators": 35.80499036510675, "random_state": 2.602864598595583}, "datetime": {"datetime": "2021-09-28 15:48:45", "elapsed": 522.845817, "delta": 2.856519}}
{"target": -38.94514408940607, "params": {"max_depth": 7.249417716278525, "n_estimators": 44.878971386184126, "random_state": 2.6507357006223065}, "datetime": {"datetime": "2021-09-28 15:48:49", "elapsed": 526.748957, "delta": 3.90314}}
