{"target": -57.82059108495675, "params": {"max_depth": 3.0376203889519995, "n_estimators": 41.98959332120545, "random_state": 2.6400044867996737}, "datetime": {"datetime": "2021-09-29 22:36:55", "elapsed": 663.045464, "delta": 2.445557}}
{"target": -57.262869340956534, "params": {"max_depth": 4.4619346759436835, "n_estimators": 28.931642793412383, "random_state": 10.54043919447007}, "datetime": {"datetime": "2021-09-29 22:36:58", "elapsed": 665.576488, "delta": 2.531024}}
{"target": -56.113395829678666, "params": {"max_depth": 4.155959548481087, "n_estimators": 32.24117775760113, "random_state": 11.897014848420461}, "datetime": {"datetime": "2021-09-29 22:37:01", "elapsed": 668.311073, "delta": 2.734585}}
{"target": -54.60610875816424, "params": {"max_depth": 5.378228435784338, "n_estimators": 31.170677026297025, "random_state": 15.501681322316673}, "datetime": {"datetime": "2021-09-29 22:37:04", "elapsed": 671.560031, "delta": 3.248958}}
{"target": -55.60904940741443, "params": {"max_depth": 4.660349820482022, "n_estimators": 31.17925397992942, "random_state": 15.589604802516504}, "datetime": {"datetime": "2021-09-29 22:37:07", "elapsed": 675.084851, "delta": 3.52482}}
{"target": -54.60610875816424, "params": {"max_depth": 5.796852868836873, "n_estimators": 31.858952259846422, "random_state": 15.154173700805483}, "datetime": {"datetime": "2021-09-29 22:37:11", "elapsed": 678.538531, "delta": 3.45368}}
{"target": -54.98890232263503, "params": {"max_depth": 6.4994968978333425, "n_estimators": 31.501469550858495, "random_state": 15.377545372125073}, "datetime": {"datetime": "2021-09-29 22:37:14", "elapsed": 681.349785, "delta": 2.811254}}
{"target": -54.60610875816424, "params": {"max_depth": 5.927042812000355, "n_estimators": 31.41907295288654, "random_state": 15.878992082152308}, "datetime": {"datetime": "2021-09-29 22:37:16", "elapsed": 683.913437, "delta": 2.563652}}
{"target": -54.96542313553079, "params": {"max_depth": 5.804038620050343, "n_estimators": 30.901007344566892, "random_state": 15.096414640709623}, "datetime": {"datetime": "2021-09-29 22:37:20", "elapsed": 688.11582, "delta": 4.202383}}
{"target": -54.96542313553079, "params": {"max_depth": 5.449538939546817, "n_estimators": 30.437655935031316, "random_state": 15.791860897955885}, "datetime": {"datetime": "2021-09-29 22:37:24", "elapsed": 691.340725, "delta": 3.224905}}
{"target": -54.55135396888176, "params": {"max_depth": 5.829881467726835, "n_estimators": 32.78114138636218, "random_state": 15.211586651133437}, "datetime": {"datetime": "2021-09-29 22:37:26", "elapsed": 693.750431, "delta": 2.409706}}
{"target": -54.55135396888176, "params": {"max_depth": 5.5846886081109925, "n_estimators": 32.33844575642196, "random_state": 15.608667982352213}, "datetime": {"datetime": "2021-09-29 22:37:30", "elapsed": 698.138902, "delta": 4.388471}}
{"target": -56.93890608955927, "params": {"max_depth": 6.99724891718885, "n_estimators": 32.47616677834516, "random_state": 14.694785110635548}, "datetime": {"datetime": "2021-09-29 22:37:33", "elapsed": 701.247115, "delta": 3.108213}}
{"target": -54.21569287128385, "params": {"max_depth": 5.027908677503289, "n_estimators": 33.30746823345763, "random_state": 15.399717333394968}, "datetime": {"datetime": "2021-09-29 22:37:37", "elapsed": 704.427931, "delta": 3.180816}}
{"target": -54.21569287128385, "params": {"max_depth": 5.528463728673283, "n_estimators": 33.41327556067072, "random_state": 15.884304342955394}, "datetime": {"datetime": "2021-09-29 22:37:40", "elapsed": 707.292527, "delta": 2.864596}}
{"target": -54.21569287128385, "params": {"max_depth": 5.619829406486313, "n_estimators": 33.73270836491136, "random_state": 15.237921678102783}, "datetime": {"datetime": "2021-09-29 22:37:43", "elapsed": 711.235662, "delta": 3.943135}}
{"target": -56.84863399814376, "params": {"max_depth": 4.808452574126445, "n_estimators": 34.104611076684776, "random_state": 14.868932404427497}, "datetime": {"datetime": "2021-09-29 22:37:46", "elapsed": 713.770836, "delta": 2.535174}}
{"target": -55.1051827858656, "params": {"max_depth": 6.415914683387148, "n_estimators": 34.00687341697009, "random_state": 15.38418966896053}, "datetime": {"datetime": "2021-09-29 22:37:49", "elapsed": 716.345542, "delta": 2.574706}}
{"target": -54.21569287128385, "params": {"max_depth": 5.944977655543867, "n_estimators": 33.50424902556212, "random_state": 15.51456554442927}, "datetime": {"datetime": "2021-09-29 22:37:52", "elapsed": 719.679994, "delta": 3.334452}}
{"target": -56.360744997339076, "params": {"max_depth": 4.972132264890169, "n_estimators": 42.0, "random_state": 10.665240774157272}, "datetime": {"datetime": "2021-09-29 22:37:55", "elapsed": 722.72925, "delta": 3.049256}}
{"target": -54.69508559967932, "params": {"max_depth": 5.094642345865758, "n_estimators": 22.032357224205967, "random_state": 4.641027188204136}, "datetime": {"datetime": "2021-09-29 22:37:57", "elapsed": 725.175476, "delta": 2.446226}}
{"target": -57.140705008289984, "params": {"max_depth": 5.207013636368786, "n_estimators": 32.71901625796988, "random_state": 14.978292732224196}, "datetime": {"datetime": "2021-09-29 22:38:01", "elapsed": 728.344466, "delta": 3.16899}}
{"target": -54.21569287128385, "params": {"max_depth": 5.026596642704605, "n_estimators": 33.15736225921808, "random_state": 15.96732245020121}, "datetime": {"datetime": "2021-09-29 22:38:05", "elapsed": 732.891675, "delta": 4.547209}}
{"target": -58.292664423628125, "params": {"max_depth": 3.0, "n_estimators": 35.56450084312618, "random_state": 2.077666213992584}, "datetime": {"datetime": "2021-09-29 22:38:08", "elapsed": 735.443639, "delta": 2.551964}}
{"target": -54.21569287128385, "params": {"max_depth": 5.021157920415254, "n_estimators": 33.94625270236118, "random_state": 15.765494312601904}, "datetime": {"datetime": "2021-09-29 22:38:11", "elapsed": 738.960549, "delta": 3.51691}}
{"target": -54.81016896788514, "params": {"max_depth": 5.664180791699854, "n_estimators": 29.48291838568806, "random_state": 15.326355783940514}, "datetime": {"datetime": "2021-09-29 22:38:14", "elapsed": 741.510294, "delta": 2.549745}}
{"target": -56.179125423334455, "params": {"max_depth": 3.1976551609300463, "n_estimators": 29.890589379033443, "random_state": 7.110553723345196}, "datetime": {"datetime": "2021-09-29 22:38:17", "elapsed": 744.61956, "delta": 3.109266}}
{"target": -55.59328768583469, "params": {"max_depth": 3.3911284010473466, "n_estimators": 24.639993596329198, "random_state": 3.7584918833170575}, "datetime": {"datetime": "2021-09-29 22:38:20", "elapsed": 748.171413, "delta": 3.551853}}
{"target": -55.907118170395464, "params": {"max_depth": 4.74931110760232, "n_estimators": 33.98280719834223, "random_state": 16.75430523407693}, "datetime": {"datetime": "2021-09-29 22:38:23", "elapsed": 750.729525, "delta": 2.558112}}
{"target": -55.72564278551917, "params": {"max_depth": 3.0150446659445964, "n_estimators": 36.7197891295048, "random_state": 16.057967583163542}, "datetime": {"datetime": "2021-09-29 22:38:26", "elapsed": 753.310302, "delta": 2.580777}}
{"target": -56.916001899382785, "params": {"max_depth": 5.429450105507424, "n_estimators": 40.47033559932679, "random_state": 14.508561138560498}, "datetime": {"datetime": "2021-09-29 22:38:30", "elapsed": 757.316418, "delta": 4.006116}}
{"target": -54.73929039774873, "params": {"max_depth": 6.217636763695589, "n_estimators": 32.594554781787686, "random_state": 15.639005186975268}, "datetime": {"datetime": "2021-09-29 22:38:33", "elapsed": 760.74286, "delta": 3.426442}}
