{"target": -38.8133018618537, "params": {"max_depth": 7.2376913101500575, "n_estimators": 69.19349749199121, "random_state": 2.0}, "datetime": {"datetime": "2021-09-28 14:41:16", "elapsed": 295.32951, "delta": 2.221835}}
{"target": -38.805473877180404, "params": {"max_depth": 7.3507473674076556, "n_estimators": 70.58204316588595, "random_state": 2.0653791933755383}, "datetime": {"datetime": "2021-09-28 14:41:18", "elapsed": 297.913403, "delta": 2.583893}}
{"target": -38.896833997956755, "params": {"max_depth": 6.540388671568252, "n_estimators": 69.94837327184962, "random_state": 2.7597374001800747}, "datetime": {"datetime": "2021-09-28 14:41:20", "elapsed": 299.711036, "delta": 1.797633}}
{"target": -39.781556885263235, "params": {"max_depth": 7.931775598409751, "n_estimators": 69.86549438636587, "random_state": 3.113134724480512}, "datetime": {"datetime": "2021-09-28 14:41:22", "elapsed": 301.552705, "delta": 1.841669}}
{"target": -39.15301595168468, "params": {"max_depth": 5.633794957053448, "n_estimators": 71.51839539537622, "random_state": 2.1932975114614344}, "datetime": {"datetime": "2021-09-28 14:41:25", "elapsed": 304.944161, "delta": 3.391456}}
{"target": -38.84406718135253, "params": {"max_depth": 7.699840240795077, "n_estimators": 71.93458873063781, "random_state": 2.0693804757708216}, "datetime": {"datetime": "2021-09-28 14:41:28", "elapsed": 307.130686, "delta": 2.186525}}
{"target": -39.32793233215751, "params": {"max_depth": 8.52348470439824, "n_estimators": 73.12971092365055, "random_state": 2.4833112692679977}, "datetime": {"datetime": "2021-09-28 14:41:30", "elapsed": 309.728079, "delta": 2.597393}}
{"target": -39.78073572911628, "params": {"max_depth": 6.4010516159199, "n_estimators": 72.134682402765, "random_state": 4.048123765645526}, "datetime": {"datetime": "2021-09-28 14:41:32", "elapsed": 311.572413, "delta": 1.844334}}
{"target": -39.24965540838744, "params": {"max_depth": 7.425203390412009, "n_estimators": 96.44961926694538, "random_state": 2.152710672328423}, "datetime": {"datetime": "2021-09-28 14:41:35", "elapsed": 315.056811, "delta": 3.484398}}
{"target": -39.09138582120938, "params": {"max_depth": 5.637147724129073, "n_estimators": 69.208269471889, "random_state": 2.310247283124041}, "datetime": {"datetime": "2021-09-28 14:41:38", "elapsed": 317.977026, "delta": 2.920215}}
{"target": -41.51060679459504, "params": {"max_depth": 12.0, "n_estimators": 28.0, "random_state": 8.325644249030077}, "datetime": {"datetime": "2021-09-28 14:41:42", "elapsed": 321.714348, "delta": 3.737322}}
{"target": -40.56716672982424, "params": {"max_depth": 11.83106154958646, "n_estimators": 81.28136303158374, "random_state": 6.249801137267143}, "datetime": {"datetime": "2021-09-28 14:41:46", "elapsed": 325.693088, "delta": 3.97874}}
{"target": -40.6869332976613, "params": {"max_depth": 11.860444405221337, "n_estimators": 95.1012180804567, "random_state": 6.374767909522347}, "datetime": {"datetime": "2021-09-28 14:41:49", "elapsed": 328.837205, "delta": 3.144117}}
{"target": -40.400459286954124, "params": {"max_depth": 9.237330309788168, "n_estimators": 52.81342561548507, "random_state": 8.831063968825852}, "datetime": {"datetime": "2021-09-28 14:41:52", "elapsed": 331.142717, "delta": 2.305512}}
{"target": -40.16574991349646, "params": {"max_depth": 8.344186324830336, "n_estimators": 65.79979187990388, "random_state": 9.242913679213322}, "datetime": {"datetime": "2021-09-28 14:41:54", "elapsed": 333.641359, "delta": 2.498642}}
{"target": -39.05727182311231, "params": {"max_depth": 6.9364690899861845, "n_estimators": 91.61439514387021, "random_state": 2.0}, "datetime": {"datetime": "2021-09-28 14:41:58", "elapsed": 337.721227, "delta": 4.079868}}
{"target": -39.11651919138418, "params": {"max_depth": 5.867042990442598, "n_estimators": 91.6518612362906, "random_state": 3.686469825926325}, "datetime": {"datetime": "2021-09-28 14:42:00", "elapsed": 339.789539, "delta": 2.068312}}
{"target": -39.167127938010495, "params": {"max_depth": 7.892647685053188, "n_estimators": 92.90580791402918, "random_state": 2.9888330786231245}, "datetime": {"datetime": "2021-09-28 14:42:02", "elapsed": 341.934614, "delta": 2.145075}}
{"target": -39.5778027419739, "params": {"max_depth": 7.79460532337414, "n_estimators": 90.94778705427441, "random_state": 3.8113695868141986}, "datetime": {"datetime": "2021-09-28 14:42:05", "elapsed": 344.872616, "delta": 2.938002}}
{"target": -39.32945700352411, "params": {"max_depth": 4.000199672885794, "n_estimators": 55.28476975625832, "random_state": 2.0}, "datetime": {"datetime": "2021-09-28 14:42:07", "elapsed": 347.04383, "delta": 2.171214}}
{"target": -39.23218650462869, "params": {"max_depth": 5.237975259620176, "n_estimators": 91.49133344905266, "random_state": 2.0375766683089362}, "datetime": {"datetime": "2021-09-28 14:42:09", "elapsed": 348.989657, "delta": 1.945827}}
{"target": -39.27232918361059, "params": {"max_depth": 4.094086149911186, "n_estimators": 92.34603692173249, "random_state": 5.5618004963898855}, "datetime": {"datetime": "2021-09-28 14:42:12", "elapsed": 351.186924, "delta": 2.197267}}
{"target": -39.21286810828553, "params": {"max_depth": 7.119923168869629, "n_estimators": 101.5308308757134, "random_state": 2.310514212909306}, "datetime": {"datetime": "2021-09-28 14:42:14", "elapsed": 353.549423, "delta": 2.362499}}
{"target": -38.82434936723409, "params": {"max_depth": 4.15833098467736, "n_estimators": 100.52282254737526, "random_state": 3.4563016130737347}, "datetime": {"datetime": "2021-09-28 14:42:16", "elapsed": 355.93624, "delta": 2.386817}}
{"target": -38.789032589408315, "params": {"max_depth": 4.512173933069502, "n_estimators": 99.2894900378037, "random_state": 3.976624496015115}, "datetime": {"datetime": "2021-09-28 14:42:19", "elapsed": 358.276596, "delta": 2.340356}}
{"target": -39.33696647050344, "params": {"max_depth": 4.003171941407931, "n_estimators": 99.41951982579145, "random_state": 2.741533603556204}, "datetime": {"datetime": "2021-09-28 14:42:21", "elapsed": 360.854096, "delta": 2.5775}}
{"target": -39.364956604747825, "params": {"max_depth": 5.110907847124214, "n_estimators": 100.40602153396922, "random_state": 4.468353712558095}, "datetime": {"datetime": "2021-09-28 14:42:24", "elapsed": 363.405191, "delta": 2.551095}}
{"target": -39.35897545202418, "params": {"max_depth": 4.715396939451884, "n_estimators": 98.12621140148298, "random_state": 4.397040531584044}, "datetime": {"datetime": "2021-09-28 14:42:27", "elapsed": 366.621309, "delta": 3.216118}}
{"target": -39.3275758466695, "params": {"max_depth": 4.72401736569782, "n_estimators": 102.04511605332051, "random_state": 2.099375134968534}, "datetime": {"datetime": "2021-09-28 14:42:30", "elapsed": 369.547542, "delta": 2.926233}}
{"target": -38.57546050464939, "params": {"max_depth": 12.0, "n_estimators": 42.767310005085506, "random_state": 2.0}, "datetime": {"datetime": "2021-09-28 14:42:33", "elapsed": 372.525817, "delta": 2.978275}}
{"target": -38.54879521156846, "params": {"max_depth": 12.0, "n_estimators": 43.89149932169076, "random_state": 2.0}, "datetime": {"datetime": "2021-09-28 14:42:36", "elapsed": 375.61427, "delta": 3.088453}}
{"target": -40.038614032936316, "params": {"max_depth": 11.633106370282537, "n_estimators": 43.56832199645814, "random_state": 3.2714883797147634}, "datetime": {"datetime": "2021-09-28 14:42:39", "elapsed": 378.636898, "delta": 3.022628}}
{"target": -38.949833076403365, "params": {"max_depth": 11.757891439720318, "n_estimators": 41.56591591706776, "random_state": 2.4424228913745494}, "datetime": {"datetime": "2021-09-28 14:42:42", "elapsed": 381.51975, "delta": 2.882852}}
{"target": -39.08508378103551, "params": {"max_depth": 11.059204268612007, "n_estimators": 44.92294998377287, "random_state": 2.091194088897078}, "datetime": {"datetime": "2021-09-28 14:42:45", "elapsed": 384.854893, "delta": 3.335143}}
{"target": -39.187298764928805, "params": {"max_depth": 4.134880784375046, "n_estimators": 82.92721450698579, "random_state": 8.37705081610658}, "datetime": {"datetime": "2021-09-28 14:42:48", "elapsed": 387.778672, "delta": 2.923779}}
{"target": -40.203975947398675, "params": {"max_depth": 12.0, "n_estimators": 101.45365347674243, "random_state": 6.859761172188356}, "datetime": {"datetime": "2021-09-28 14:42:51", "elapsed": 391.015669, "delta": 3.236997}}
{"target": -39.735416687896176, "params": {"max_depth": 5.553780419726026, "n_estimators": 38.4488701281569, "random_state": 10.98461746953911}, "datetime": {"datetime": "2021-09-28 14:42:54", "elapsed": 393.609291, "delta": 2.593622}}
{"target": -38.49384108016976, "params": {"max_depth": 6.829376557729827, "n_estimators": 33.44809206948933, "random_state": 2.539667955014358}, "datetime": {"datetime": "2021-09-28 14:42:57", "elapsed": 396.832608, "delta": 3.223317}}
{"target": -39.915128028813385, "params": {"max_depth": 6.198708311705181, "n_estimators": 43.718747980715165, "random_state": 10.972117891306953}, "datetime": {"datetime": "2021-09-28 14:43:00", "elapsed": 399.456523, "delta": 2.623915}}
{"target": -38.801660344779464, "params": {"max_depth": 6.227992031788762, "n_estimators": 62.689737233122784, "random_state": 2.0}, "datetime": {"datetime": "2021-09-28 14:43:02", "elapsed": 402.056492, "delta": 2.599969}}
{"target": -39.69159033847554, "params": {"max_depth": 4.830557050655352, "n_estimators": 42.093031700690005, "random_state": 10.74390034863226}, "datetime": {"datetime": "2021-09-28 14:43:05", "elapsed": 404.282446, "delta": 2.225954}}
{"target": -39.43795126085991, "params": {"max_depth": 7.026053862955962, "n_estimators": 84.23400902004978, "random_state": 3.126330345090857}, "datetime": {"datetime": "2021-09-28 14:43:07", "elapsed": 406.747937, "delta": 2.465491}}
{"target": -38.338845720774415, "params": {"max_depth": 6.958451952236369, "n_estimators": 43.38079653463326, "random_state": 2.0684117660569132}, "datetime": {"datetime": "2021-09-28 14:43:10", "elapsed": 409.730475, "delta": 2.982538}}
{"target": -39.31240531399069, "params": {"max_depth": 4.079242587640433, "n_estimators": 101.8363925468485, "random_state": 4.059120955876272}, "datetime": {"datetime": "2021-09-28 14:43:14", "elapsed": 413.426699, "delta": 3.696224}}
{"target": -39.70381958437642, "params": {"max_depth": 6.81025797440029, "n_estimators": 40.11742867105244, "random_state": 3.544453309971649}, "datetime": {"datetime": "2021-09-28 14:43:17", "elapsed": 417.020457, "delta": 3.593758}}
{"target": -39.00611437623366, "params": {"max_depth": 9.373405289288208, "n_estimators": 34.05568089980725, "random_state": 2.8627282522161606}, "datetime": {"datetime": "2021-09-28 14:43:20", "elapsed": 419.794709, "delta": 2.774252}}
{"target": -38.77579458881656, "params": {"max_depth": 7.02051265053358, "n_estimators": 68.14012826372766, "random_state": 2.3268039282155923}, "datetime": {"datetime": "2021-09-28 14:43:24", "elapsed": 423.328606, "delta": 3.533897}}
{"target": -39.124005259678924, "params": {"max_depth": 10.40098677131631, "n_estimators": 40.55603949071334, "random_state": 2.9790068800582667}, "datetime": {"datetime": "2021-09-28 14:43:27", "elapsed": 426.45752, "delta": 3.128914}}
{"target": -41.044705146718485, "params": {"max_depth": 12.0, "n_estimators": 40.57660832987665, "random_state": 4.08954899089385}, "datetime": {"datetime": "2021-09-28 14:43:31", "elapsed": 430.542496, "delta": 4.084976}}
{"target": -39.20408226748858, "params": {"max_depth": 8.641834155528485, "n_estimators": 71.3579662470552, "random_state": 2.076605456481266}, "datetime": {"datetime": "2021-09-28 14:43:34", "elapsed": 433.91313, "delta": 3.370634}}
{"target": -39.92382622042558, "params": {"max_depth": 5.036444887831198, "n_estimators": 45.15941762271926, "random_state": 10.989215442548117}, "datetime": {"datetime": "2021-09-28 14:43:37", "elapsed": 436.842343, "delta": 2.929213}}
{"target": -39.03363434714169, "params": {"max_depth": 7.091451251555514, "n_estimators": 86.10101009899194, "random_state": 2.0}, "datetime": {"datetime": "2021-09-28 14:43:41", "elapsed": 440.348976, "delta": 3.506633}}
{"target": -39.22231045990112, "params": {"max_depth": 10.959923266146793, "n_estimators": 37.82858466388788, "random_state": 2.160976619254368}, "datetime": {"datetime": "2021-09-28 14:43:44", "elapsed": 443.866572, "delta": 3.517596}}
{"target": -38.37192448406533, "params": {"max_depth": 7.982894465368484, "n_estimators": 40.3651549557503, "random_state": 2.854475155820362}, "datetime": {"datetime": "2021-09-28 14:43:48", "elapsed": 447.787399, "delta": 3.920827}}
{"target": -39.06456528913727, "params": {"max_depth": 5.218715311538466, "n_estimators": 52.31534554927761, "random_state": 2.0420259467896544}, "datetime": {"datetime": "2021-09-28 14:43:51", "elapsed": 450.769917, "delta": 2.982518}}
{"target": -38.92709577668495, "params": {"max_depth": 8.369670796559266, "n_estimators": 61.31213008628714, "random_state": 2.0166398801266157}, "datetime": {"datetime": "2021-09-28 14:43:54", "elapsed": 453.369234, "delta": 2.599317}}
{"target": -39.10604603503094, "params": {"max_depth": 5.8366750582410445, "n_estimators": 66.0035195695918, "random_state": 2.0657910639521906}, "datetime": {"datetime": "2021-09-28 14:43:56", "elapsed": 456.045365, "delta": 2.676131}}
{"target": -40.347849415158265, "params": {"max_depth": 4.0094255740177775, "n_estimators": 28.03656708593425, "random_state": 9.886318005110681}, "datetime": {"datetime": "2021-09-28 14:43:59", "elapsed": 458.817906, "delta": 2.772541}}
{"target": -39.11145222865209, "params": {"max_depth": 6.203949732203693, "n_estimators": 93.1559533711455, "random_state": 2.7057627133982325}, "datetime": {"datetime": "2021-09-28 14:44:02", "elapsed": 461.752452, "delta": 2.934546}}
{"target": -39.99405064390108, "params": {"max_depth": 7.61232164907464, "n_estimators": 78.4845101709241, "random_state": 4.633795369636439}, "datetime": {"datetime": "2021-09-28 14:44:06", "elapsed": 465.174902, "delta": 3.42245}}
{"target": -39.72707567985104, "params": {"max_depth": 4.000403736035273, "n_estimators": 82.0596691838878, "random_state": 10.693233323024192}, "datetime": {"datetime": "2021-09-28 14:44:09", "elapsed": 468.433429, "delta": 3.258527}}
{"target": -39.019034490024346, "params": {"max_depth": 11.070893039378703, "n_estimators": 43.02772127283559, "random_state": 2.1699459179697613}, "datetime": {"datetime": "2021-09-28 14:44:11", "elapsed": 470.84918, "delta": 2.415751}}
{"target": -38.77287795046248, "params": {"max_depth": 5.313621325958758, "n_estimators": 45.71995189840637, "random_state": 2.0}, "datetime": {"datetime": "2021-09-28 14:44:14", "elapsed": 473.493644, "delta": 2.644464}}
{"target": -38.62934304016452, "params": {"max_depth": 7.566587439353126, "n_estimators": 29.093551605602464, "random_state": 2.247754153961801}, "datetime": {"datetime": "2021-09-28 14:44:17", "elapsed": 476.707922, "delta": 3.214278}}
{"target": -39.95436813200033, "params": {"max_depth": 9.42820208552272, "n_estimators": 94.69288295377484, "random_state": 2.153950221876876}, "datetime": {"datetime": "2021-09-28 14:44:21", "elapsed": 480.454271, "delta": 3.746349}}
{"target": -38.37192448406533, "params": {"max_depth": 7.4332382249656455, "n_estimators": 40.84200694192289, "random_state": 2.463615037018373}, "datetime": {"datetime": "2021-09-28 14:44:24", "elapsed": 483.717638, "delta": 3.263367}}
{"target": -40.42485897005411, "params": {"max_depth": 8.3586879749225, "n_estimators": 70.3816818976079, "random_state": 10.84944167043138}, "datetime": {"datetime": "2021-09-28 14:44:27", "elapsed": 486.85183, "delta": 3.134192}}
{"target": -40.37285686921972, "params": {"max_depth": 11.914699908438614, "n_estimators": 80.86098074853672, "random_state": 10.826663394837057}, "datetime": {"datetime": "2021-09-28 14:44:32", "elapsed": 491.575292, "delta": 4.723462}}
{"target": -39.034702835744774, "params": {"max_depth": 8.786769185419761, "n_estimators": 58.180358721179786, "random_state": 2.0}, "datetime": {"datetime": "2021-09-28 14:44:36", "elapsed": 496.051338, "delta": 4.476046}}
{"target": -38.92770724887571, "params": {"max_depth": 4.0, "n_estimators": 30.87680710533649, "random_state": 11.0}, "datetime": {"datetime": "2021-09-28 14:44:39", "elapsed": 499.072468, "delta": 3.02113}}
{"target": -40.70068147651937, "params": {"max_depth": 11.964215051566157, "n_estimators": 48.697108374865095, "random_state": 6.794819598028254}, "datetime": {"datetime": "2021-09-28 14:44:42", "elapsed": 501.751727, "delta": 2.679259}}
{"target": -40.33809615505549, "params": {"max_depth": 12.0, "n_estimators": 58.02713499918745, "random_state": 7.189029641303609}, "datetime": {"datetime": "2021-09-28 14:44:45", "elapsed": 504.762505, "delta": 3.010778}}
{"target": -39.47987328784578, "params": {"max_depth": 4.0, "n_estimators": 78.14811938274165, "random_state": 2.0}, "datetime": {"datetime": "2021-09-28 14:44:48", "elapsed": 507.759536, "delta": 2.997031}}
{"target": -39.32426182535881, "params": {"max_depth": 4.028379154846439, "n_estimators": 60.58466266190982, "random_state": 6.883989793785771}, "datetime": {"datetime": "2021-09-28 14:44:51", "elapsed": 510.983538, "delta": 3.224002}}
{"target": -39.59186469911106, "params": {"max_depth": 7.64267910530592, "n_estimators": 99.05713874433879, "random_state": 3.4136496220338883}, "datetime": {"datetime": "2021-09-28 14:44:56", "elapsed": 515.229076, "delta": 4.245538}}
{"target": -39.888789830532524, "params": {"max_depth": 4.161442441949441, "n_estimators": 94.99698757600024, "random_state": 7.613898050354663}, "datetime": {"datetime": "2021-09-28 14:44:59", "elapsed": 518.634504, "delta": 3.405428}}
{"target": -39.94044839602246, "params": {"max_depth": 12.0, "n_estimators": 73.15794536590725, "random_state": 11.0}, "datetime": {"datetime": "2021-09-28 14:45:03", "elapsed": 522.270714, "delta": 3.63621}}
{"target": -38.99811306474906, "params": {"max_depth": 6.789832302809431, "n_estimators": 73.05742026039488, "random_state": 2.0122352485606454}, "datetime": {"datetime": "2021-09-28 14:45:06", "elapsed": 525.579515, "delta": 3.308801}}
{"target": -39.2748366230084, "params": {"max_depth": 5.533449382756424, "n_estimators": 84.75716286546194, "random_state": 8.07903935275695}, "datetime": {"datetime": "2021-09-28 14:45:10", "elapsed": 529.176215, "delta": 3.5967}}
{"target": -39.42093316187392, "params": {"max_depth": 4.0, "n_estimators": 105.0, "random_state": 6.060021867659832}, "datetime": {"datetime": "2021-09-28 14:45:13", "elapsed": 532.490223, "delta": 3.314008}}
{"target": -40.204786379773125, "params": {"max_depth": 8.264709051652265, "n_estimators": 93.76061342620146, "random_state": 10.888253164130878}, "datetime": {"datetime": "2021-09-28 14:45:16", "elapsed": 535.982254, "delta": 3.492031}}
{"target": -38.77528759110593, "params": {"max_depth": 4.178993180054803, "n_estimators": 90.61519070585055, "random_state": 3.7101889615446053}, "datetime": {"datetime": "2021-09-28 14:45:20", "elapsed": 539.850335, "delta": 3.868081}}
{"target": -39.32907651192451, "params": {"max_depth": 4.018250130323074, "n_estimators": 89.93777459548016, "random_state": 2.686589779317997}, "datetime": {"datetime": "2021-09-28 14:45:24", "elapsed": 544.009662, "delta": 4.159327}}
{"target": -39.404095312839054, "params": {"max_depth": 4.448493378070638, "n_estimators": 91.45608050705479, "random_state": 4.242160115437234}, "datetime": {"datetime": "2021-09-28 14:45:28", "elapsed": 547.079286, "delta": 3.069624}}
{"target": -39.35189404473346, "params": {"max_depth": 5.118166661518704, "n_estimators": 90.0147344699316, "random_state": 4.393804526327589}, "datetime": {"datetime": "2021-09-28 14:45:30", "elapsed": 550.038808, "delta": 2.959522}}
{"target": -39.33900637878621, "params": {"max_depth": 4.015702975116207, "n_estimators": 99.5099361611576, "random_state": 4.915522062005161}, "datetime": {"datetime": "2021-09-28 14:45:35", "elapsed": 554.194903, "delta": 4.156095}}
{"target": -38.42027729702766, "params": {"max_depth": 7.761952568727845, "n_estimators": 39.36889208191053, "random_state": 2.0}, "datetime": {"datetime": "2021-09-28 14:45:39", "elapsed": 558.206467, "delta": 4.011564}}
{"target": -39.583157650487905, "params": {"max_depth": 12.0, "n_estimators": 87.12842088993976, "random_state": 2.0}, "datetime": {"datetime": "2021-09-28 14:45:42", "elapsed": 561.756554, "delta": 3.550087}}
{"target": -38.45843572389258, "params": {"max_depth": 7.291171084833207, "n_estimators": 32.16274682053083, "random_state": 2.3250444531983963}, "datetime": {"datetime": "2021-09-28 14:45:45", "elapsed": 564.639224, "delta": 2.88267}}
{"target": -39.42716791064482, "params": {"max_depth": 12.0, "n_estimators": 78.43129355425522, "random_state": 2.0}, "datetime": {"datetime": "2021-09-28 14:45:48", "elapsed": 567.875364, "delta": 3.23614}}
{"target": -39.46225694718929, "params": {"max_depth": 4.148280919415486, "n_estimators": 73.63960673009802, "random_state": 6.575345540232964}, "datetime": {"datetime": "2021-09-28 14:45:51", "elapsed": 570.817448, "delta": 2.942084}}
{"target": -38.69441946799011, "params": {"max_depth": 8.547616657050437, "n_estimators": 42.12087412200107, "random_state": 2.0465580064234126}, "datetime": {"datetime": "2021-09-28 14:45:55", "elapsed": 574.344005, "delta": 3.526557}}
{"target": -38.570517385049214, "params": {"max_depth": 12.0, "n_estimators": 45.96974837887734, "random_state": 2.0}, "datetime": {"datetime": "2021-09-28 14:45:58", "elapsed": 577.741254, "delta": 3.397249}}
{"target": -39.97346767957733, "params": {"max_depth": 11.998850246795705, "n_estimators": 46.26488927276364, "random_state": 3.433819156025888}, "datetime": {"datetime": "2021-09-28 14:46:02", "elapsed": 581.652488, "delta": 3.911234}}
