{"target": -56.10422323687892, "params": {"max_depth": 3.0, "n_estimators": 42.0, "random_state": 5.792828301831999}, "datetime": {"datetime": "2021-09-29 22:29:49", "elapsed": 236.598364, "delta": 1.409416}}
{"target": -55.199550170477565, "params": {"max_depth": 4.469125334527757, "n_estimators": 42.0, "random_state": 4.059965896695054}, "datetime": {"datetime": "2021-09-29 22:29:50", "elapsed": 238.021954, "delta": 1.42359}}
{"target": -54.387961673698904, "params": {"max_depth": 5.435905588419394, "n_estimators": 42.0, "random_state": 5.058501042032759}, "datetime": {"datetime": "2021-09-29 22:29:52", "elapsed": 239.707611, "delta": 1.685657}}
{"target": -54.711916366265854, "params": {"max_depth": 6.112575175044967, "n_estimators": 41.99746365466491, "random_state": 5.674873803064557}, "datetime": {"datetime": "2021-09-29 22:29:53", "elapsed": 241.236617, "delta": 1.529006}}
{"target": -54.22408855214592, "params": {"max_depth": 5.151578361934247, "n_estimators": 41.374679563834555, "random_state": 5.599295853540239}, "datetime": {"datetime": "2021-09-29 22:29:55", "elapsed": 242.822833, "delta": 1.586216}}
{"target": -55.88030763120047, "params": {"max_depth": 5.764287569588692, "n_estimators": 41.19418243578267, "random_state": 4.973948031443256}, "datetime": {"datetime": "2021-09-29 22:29:56", "elapsed": 244.098647, "delta": 1.275814}}
{"target": -56.4748489567657, "params": {"max_depth": 5.069934321821408, "n_estimators": 42.0, "random_state": 6.002706590174595}, "datetime": {"datetime": "2021-09-29 22:29:58", "elapsed": 245.504273, "delta": 1.405626}}
{"target": -55.22436586887823, "params": {"max_depth": 4.613952537835487, "n_estimators": 41.26982571336357, "random_state": 4.806483334951702}, "datetime": {"datetime": "2021-09-29 22:29:59", "elapsed": 246.891084, "delta": 1.386811}}
{"target": -54.42747712612422, "params": {"max_depth": 4.756131876131936, "n_estimators": 40.72865640683682, "random_state": 5.567546974904863}, "datetime": {"datetime": "2021-09-29 22:30:01", "elapsed": 248.770335, "delta": 1.879251}}
{"target": -56.383670379834186, "params": {"max_depth": 6.825823662934714, "n_estimators": 41.80914287801961, "random_state": 6.841920914152276}, "datetime": {"datetime": "2021-09-29 22:30:03", "elapsed": 250.303692, "delta": 1.533357}}
{"target": -56.068495900446315, "params": {"max_depth": 6.764290451785932, "n_estimators": 22.05823981888418, "random_state": 8.298306837175423}, "datetime": {"datetime": "2021-09-29 22:30:04", "elapsed": 251.814644, "delta": 1.510952}}
{"target": -55.786482564772065, "params": {"max_depth": 4.0501222114167525, "n_estimators": 40.60833083877972, "random_state": 6.728994369510911}, "datetime": {"datetime": "2021-09-29 22:30:05", "elapsed": 253.149831, "delta": 1.335187}}
{"target": -57.72698228679807, "params": {"max_depth": 7.0, "n_estimators": 22.0, "random_state": 14.448653873879564}, "datetime": {"datetime": "2021-09-29 22:30:07", "elapsed": 254.365027, "delta": 1.215196}}
{"target": -57.27806060232163, "params": {"max_depth": 6.808581410531485, "n_estimators": 41.887419211786096, "random_state": 4.8009418966200545}, "datetime": {"datetime": "2021-09-29 22:30:08", "elapsed": 255.969884, "delta": 1.604857}}
{"target": -55.11270151448545, "params": {"max_depth": 3.0, "n_estimators": 40.443362682528424, "random_state": 4.179554759719118}, "datetime": {"datetime": "2021-09-29 22:30:10", "elapsed": 257.826976, "delta": 1.857092}}
{"target": -55.28863810110114, "params": {"max_depth": 3.446298803401231, "n_estimators": 41.27441769053291, "random_state": 3.3179921418040883}, "datetime": {"datetime": "2021-09-29 22:30:12", "elapsed": 259.489401, "delta": 1.662425}}
{"target": -56.02972475175649, "params": {"max_depth": 3.7263861409083234, "n_estimators": 40.577342563323114, "random_state": 5.207824797142483}, "datetime": {"datetime": "2021-09-29 22:30:13", "elapsed": 261.09637, "delta": 1.606969}}
{"target": -56.57549172955627, "params": {"max_depth": 3.011939270842394, "n_estimators": 22.727536803020367, "random_state": 1.0107156730046953}, "datetime": {"datetime": "2021-09-29 22:30:15", "elapsed": 262.69163, "delta": 1.59526}}
{"target": -58.80451289065146, "params": {"max_depth": 7.0, "n_estimators": 42.0, "random_state": 20.0}, "datetime": {"datetime": "2021-09-29 22:30:17", "elapsed": 264.320396, "delta": 1.628766}}
{"target": -57.07477357369592, "params": {"max_depth": 7.0, "n_estimators": 29.957357249010474, "random_state": 16.19772200675118}, "datetime": {"datetime": "2021-09-29 22:30:18", "elapsed": 265.704569, "delta": 1.384173}}
{"target": -57.94362838716707, "params": {"max_depth": 3.277987857664816, "n_estimators": 33.65711195322715, "random_state": 1.0639765671165327}, "datetime": {"datetime": "2021-09-29 22:30:19", "elapsed": 266.985533, "delta": 1.280964}}
{"target": -59.36351735477041, "params": {"max_depth": 7.0, "n_estimators": 28.609577862660068, "random_state": 20.0}, "datetime": {"datetime": "2021-09-29 22:30:21", "elapsed": 268.66912, "delta": 1.683587}}
{"target": -56.20858485841204, "params": {"max_depth": 3.0, "n_estimators": 29.676979951584904, "random_state": 11.178189765446072}, "datetime": {"datetime": "2021-09-29 22:30:22", "elapsed": 270.095356, "delta": 1.426236}}
{"target": -58.27975163571688, "params": {"max_depth": 6.92543466810578, "n_estimators": 36.584671603405894, "random_state": 7.109084125122793}, "datetime": {"datetime": "2021-09-29 22:30:24", "elapsed": 271.468016, "delta": 1.37266}}
{"target": -56.94061133111268, "params": {"max_depth": 3.0, "n_estimators": 22.0, "random_state": 20.0}, "datetime": {"datetime": "2021-09-29 22:30:25", "elapsed": 272.907565, "delta": 1.439549}}
{"target": -56.19825702842846, "params": {"max_depth": 3.0, "n_estimators": 31.871228219507298, "random_state": 17.367594900466838}, "datetime": {"datetime": "2021-09-29 22:30:27", "elapsed": 274.398838, "delta": 1.491273}}
{"target": -56.79663205722297, "params": {"max_depth": 7.0, "n_estimators": 42.0, "random_state": 10.212210109813707}, "datetime": {"datetime": "2021-09-29 22:30:28", "elapsed": 275.788867, "delta": 1.390029}}
{"target": -55.73413228069764, "params": {"max_depth": 3.0, "n_estimators": 22.0, "random_state": 11.71736311250811}, "datetime": {"datetime": "2021-09-29 22:30:29", "elapsed": 277.088311, "delta": 1.299444}}
{"target": -55.45484652078875, "params": {"max_depth": 3.0, "n_estimators": 37.95344918791556, "random_state": 4.784745377164861}, "datetime": {"datetime": "2021-09-29 22:30:31", "elapsed": 278.64648, "delta": 1.558169}}
{"target": -55.66839479153243, "params": {"max_depth": 7.0, "n_estimators": 27.88018362947973, "random_state": 8.798316334426797}, "datetime": {"datetime": "2021-09-29 22:30:32", "elapsed": 279.919451, "delta": 1.272971}}
{"target": -56.48786234799687, "params": {"max_depth": 3.0, "n_estimators": 38.50333139723198, "random_state": 12.55924816162127}, "datetime": {"datetime": "2021-09-29 22:30:34", "elapsed": 282.214937, "delta": 2.295486}}
{"target": -55.50697119079212, "params": {"max_depth": 6.755418923360474, "n_estimators": 23.36145738653198, "random_state": 5.986978241103661}, "datetime": {"datetime": "2021-09-29 22:30:36", "elapsed": 283.709931, "delta": 1.494994}}
{"target": -56.03544610597198, "params": {"max_depth": 3.0, "n_estimators": 25.158640851810397, "random_state": 16.950001397355752}, "datetime": {"datetime": "2021-09-29 22:30:38", "elapsed": 285.419993, "delta": 1.710062}}
{"target": -56.92782990905019, "params": {"max_depth": 3.0, "n_estimators": 35.11995660019826, "random_state": 12.55159524605858}, "datetime": {"datetime": "2021-09-29 22:30:39", "elapsed": 286.715457, "delta": 1.295464}}
{"target": -55.41864470186586, "params": {"max_depth": 3.0187410301024533, "n_estimators": 36.31071166616861, "random_state": 4.800976491544611}, "datetime": {"datetime": "2021-09-29 22:30:40", "elapsed": 288.056833, "delta": 1.341376}}
{"target": -57.21554020185913, "params": {"max_depth": 3.0, "n_estimators": 27.343872892156675, "random_state": 10.37612964403121}, "datetime": {"datetime": "2021-09-29 22:30:42", "elapsed": 289.626444, "delta": 1.569611}}
{"target": -57.7998531594625, "params": {"max_depth": 6.967822292392903, "n_estimators": 32.80817008569913, "random_state": 11.030013215457291}, "datetime": {"datetime": "2021-09-29 22:30:43", "elapsed": 291.187511, "delta": 1.561067}}
{"target": -56.77526627520558, "params": {"max_depth": 3.0, "n_estimators": 31.483098049628513, "random_state": 8.418848967140683}, "datetime": {"datetime": "2021-09-29 22:30:46", "elapsed": 293.450149, "delta": 2.262638}}
{"target": -60.096213383697794, "params": {"max_depth": 7.0, "n_estimators": 37.77313065266383, "random_state": 1.0}, "datetime": {"datetime": "2021-09-29 22:30:48", "elapsed": 295.491317, "delta": 2.041168}}
{"target": -55.45381491609018, "params": {"max_depth": 3.0534765439266423, "n_estimators": 33.303487094560516, "random_state": 15.574240282055067}, "datetime": {"datetime": "2021-09-29 22:30:50", "elapsed": 297.557896, "delta": 2.066579}}
{"target": -57.29079578636402, "params": {"max_depth": 6.913996696420443, "n_estimators": 32.67410204078614, "random_state": 16.36313729158031}, "datetime": {"datetime": "2021-09-29 22:30:51", "elapsed": 299.070271, "delta": 1.512375}}
{"target": -56.52704980798667, "params": {"max_depth": 4.833477479849303, "n_estimators": 22.0, "random_state": 10.509158539408869}, "datetime": {"datetime": "2021-09-29 22:30:53", "elapsed": 301.013797, "delta": 1.943526}}
{"target": -60.36362510547858, "params": {"max_depth": 7.0, "n_estimators": 25.18813736084978, "random_state": 20.0}, "datetime": {"datetime": "2021-09-29 22:30:55", "elapsed": 302.892145, "delta": 1.878348}}
{"target": -56.31819205162738, "params": {"max_depth": 7.0, "n_estimators": 39.499428944248905, "random_state": 8.669375400323467}, "datetime": {"datetime": "2021-09-29 22:30:57", "elapsed": 304.691781, "delta": 1.799636}}
{"target": -57.45789827892034, "params": {"max_depth": 3.2504500948056116, "n_estimators": 27.852486100139313, "random_state": 19.894851042560084}, "datetime": {"datetime": "2021-09-29 22:30:59", "elapsed": 306.266219, "delta": 1.574438}}
{"target": -57.33084514684634, "params": {"max_depth": 3.0, "n_estimators": 27.955853242808626, "random_state": 14.52708900805173}, "datetime": {"datetime": "2021-09-29 22:31:00", "elapsed": 307.967255, "delta": 1.701036}}
{"target": -60.64277889162651, "params": {"max_depth": 7.0, "n_estimators": 28.821565470642575, "random_state": 7.336360174834273}, "datetime": {"datetime": "2021-09-29 22:31:02", "elapsed": 310.100837, "delta": 2.133582}}
{"target": -57.534940449802264, "params": {"max_depth": 7.0, "n_estimators": 32.01630176407882, "random_state": 6.9560476804304}, "datetime": {"datetime": "2021-09-29 22:31:04", "elapsed": 312.144218, "delta": 2.043381}}
{"target": -56.65978839077631, "params": {"max_depth": 7.0, "n_estimators": 26.924864478587857, "random_state": 9.903972191833196}, "datetime": {"datetime": "2021-09-29 22:31:06", "elapsed": 313.87822, "delta": 1.734002}}
{"target": -56.39369238644076, "params": {"max_depth": 3.0, "n_estimators": 40.32706928783917, "random_state": 18.30433527219302}, "datetime": {"datetime": "2021-09-29 22:31:08", "elapsed": 315.633392, "delta": 1.755172}}
{"target": -58.289474814835906, "params": {"max_depth": 5.577502464577827, "n_estimators": 22.0, "random_state": 17.08698735268783}, "datetime": {"datetime": "2021-09-29 22:31:09", "elapsed": 317.210982, "delta": 1.57759}}
{"target": -57.90178175435571, "params": {"max_depth": 5.872894141953163, "n_estimators": 22.0, "random_state": 6.678919356582893}, "datetime": {"datetime": "2021-09-29 22:31:12", "elapsed": 319.673032, "delta": 2.46205}}
{"target": -56.647195782721994, "params": {"max_depth": 7.0, "n_estimators": 36.293343675654086, "random_state": 11.990872899731183}, "datetime": {"datetime": "2021-09-29 22:31:14", "elapsed": 321.559726, "delta": 1.886694}}
{"target": -56.82102030043207, "params": {"max_depth": 5.217345300975257, "n_estimators": 41.16154306211854, "random_state": 16.568024650574024}, "datetime": {"datetime": "2021-09-29 22:31:15", "elapsed": 323.095675, "delta": 1.535949}}
{"target": -57.504246891482346, "params": {"max_depth": 3.0504015587847926, "n_estimators": 39.31449702148258, "random_state": 14.637232691877347}, "datetime": {"datetime": "2021-09-29 22:31:17", "elapsed": 325.030479, "delta": 1.934804}}
{"target": -56.1344189750677, "params": {"max_depth": 6.834052509003849, "n_estimators": 23.75721453212104, "random_state": 9.132132067698514}, "datetime": {"datetime": "2021-09-29 22:31:19", "elapsed": 327.079594, "delta": 2.049115}}
{"target": -55.93847557497143, "params": {"max_depth": 3.0, "n_estimators": 33.70856144279402, "random_state": 16.950894729163373}, "datetime": {"datetime": "2021-09-29 22:31:22", "elapsed": 329.372591, "delta": 2.292997}}
{"target": -56.97404361144473, "params": {"max_depth": 3.0, "n_estimators": 42.0, "random_state": 8.32720453956862}, "datetime": {"datetime": "2021-09-29 22:31:23", "elapsed": 331.014771, "delta": 1.64218}}
{"target": -59.890076947169625, "params": {"max_depth": 7.0, "n_estimators": 22.0, "random_state": 1.0}, "datetime": {"datetime": "2021-09-29 22:31:25", "elapsed": 332.517761, "delta": 1.50299}}
{"target": -56.70952209137933, "params": {"max_depth": 4.738052263693602, "n_estimators": 30.88485576184398, "random_state": 10.71944964844225}, "datetime": {"datetime": "2021-09-29 22:31:27", "elapsed": 334.548388, "delta": 2.030627}}
{"target": -61.177779952079035, "params": {"max_depth": 7.0, "n_estimators": 29.825389551272128, "random_state": 1.0}, "datetime": {"datetime": "2021-09-29 22:31:29", "elapsed": 336.558939, "delta": 2.010551}}
{"target": -56.08241189551438, "params": {"max_depth": 3.070005641462219, "n_estimators": 35.41129244596701, "random_state": 3.697344110357815}, "datetime": {"datetime": "2021-09-29 22:31:31", "elapsed": 338.415532, "delta": 1.856593}}
{"target": -58.18440580577685, "params": {"max_depth": 3.0, "n_estimators": 33.413198331179196, "random_state": 14.145431625222196}, "datetime": {"datetime": "2021-09-29 22:31:33", "elapsed": 340.336926, "delta": 1.921394}}
{"target": -56.636547208713786, "params": {"max_depth": 5.172791451556659, "n_estimators": 37.155769517023955, "random_state": 9.817976092121155}, "datetime": {"datetime": "2021-09-29 22:31:34", "elapsed": 341.928933, "delta": 1.592007}}
{"target": -57.37584715306865, "params": {"max_depth": 7.0, "n_estimators": 33.25986644645397, "random_state": 3.968942043548936}, "datetime": {"datetime": "2021-09-29 22:31:36", "elapsed": 343.54772, "delta": 1.618787}}
{"target": -57.50705719281179, "params": {"max_depth": 3.0, "n_estimators": 27.423504674200267, "random_state": 1.0}, "datetime": {"datetime": "2021-09-29 22:31:38", "elapsed": 345.832086, "delta": 2.284366}}
{"target": -55.660699762782315, "params": {"max_depth": 3.0, "n_estimators": 39.664256995471106, "random_state": 16.791921999620254}, "datetime": {"datetime": "2021-09-29 22:31:40", "elapsed": 347.874918, "delta": 2.042832}}
{"target": -57.13427511772372, "params": {"max_depth": 7.0, "n_estimators": 22.0, "random_state": 4.119052230033651}, "datetime": {"datetime": "2021-09-29 22:31:42", "elapsed": 349.534643, "delta": 1.659725}}
{"target": -56.26927201246868, "params": {"max_depth": 3.0049657121960562, "n_estimators": 37.3112109576811, "random_state": 7.996349050417788}, "datetime": {"datetime": "2021-09-29 22:31:44", "elapsed": 352.032835, "delta": 2.498192}}
{"target": -56.937313758473664, "params": {"max_depth": 3.0616305278836893, "n_estimators": 26.920860432803146, "random_state": 17.64094210020516}, "datetime": {"datetime": "2021-09-29 22:31:46", "elapsed": 353.583633, "delta": 1.550798}}
{"target": -55.13054665816281, "params": {"max_depth": 3.0, "n_estimators": 39.22907881655959, "random_state": 4.235804211502533}, "datetime": {"datetime": "2021-09-29 22:31:49", "elapsed": 356.426675, "delta": 2.843042}}
{"target": -57.63608421712618, "params": {"max_depth": 7.0, "n_estimators": 22.0, "random_state": 10.336651113218991}, "datetime": {"datetime": "2021-09-29 22:31:51", "elapsed": 358.783898, "delta": 2.357223}}
{"target": -55.80751911754782, "params": {"max_depth": 4.630304401275782, "n_estimators": 31.16984533111022, "random_state": 16.625039972311296}, "datetime": {"datetime": "2021-09-29 22:31:53", "elapsed": 360.576978, "delta": 1.79308}}
{"target": -55.43966833726115, "params": {"max_depth": 3.3559583796330634, "n_estimators": 39.99197973812226, "random_state": 3.383961183344383}, "datetime": {"datetime": "2021-09-29 22:31:54", "elapsed": 362.241982, "delta": 1.665004}}
{"target": -56.149322773092834, "params": {"max_depth": 4.731357409556267, "n_estimators": 31.002728836521374, "random_state": 6.6562509493066075}, "datetime": {"datetime": "2021-09-29 22:31:56", "elapsed": 364.219671, "delta": 1.977689}}
{"target": -56.62240763423506, "params": {"max_depth": 4.340222926192336, "n_estimators": 41.94027878319406, "random_state": 2.804297608714525}, "datetime": {"datetime": "2021-09-29 22:31:59", "elapsed": 366.620664, "delta": 2.400993}}
{"target": -57.12426422353496, "params": {"max_depth": 3.8675971745780724, "n_estimators": 24.032100853174956, "random_state": 17.772823567847052}, "datetime": {"datetime": "2021-09-29 22:32:01", "elapsed": 368.860897, "delta": 2.240233}}
{"target": -56.28503748520715, "params": {"max_depth": 4.870022885118906, "n_estimators": 40.72780018542789, "random_state": 10.387608898515387}, "datetime": {"datetime": "2021-09-29 22:32:03", "elapsed": 370.950776, "delta": 2.089879}}
{"target": -54.572877235179575, "params": {"max_depth": 4.056055343521974, "n_estimators": 36.64312845145495, "random_state": 5.141056388565298}, "datetime": {"datetime": "2021-09-29 22:32:05", "elapsed": 372.576524, "delta": 1.625748}}
{"target": -56.62948165622106, "params": {"max_depth": 3.151338764037532, "n_estimators": 36.16405143752716, "random_state": 6.265409588713671}, "datetime": {"datetime": "2021-09-29 22:32:07", "elapsed": 374.662373, "delta": 2.085849}}
{"target": -55.61310702465848, "params": {"max_depth": 3.096759375625435, "n_estimators": 37.1529010321735, "random_state": 3.8310955224094805}, "datetime": {"datetime": "2021-09-29 22:32:09", "elapsed": 376.320057, "delta": 1.657684}}
{"target": -58.83129100175041, "params": {"max_depth": 7.0, "n_estimators": 31.000273014407103, "random_state": 13.284485312963454}, "datetime": {"datetime": "2021-09-29 22:32:11", "elapsed": 378.282731, "delta": 1.962674}}
{"target": -55.821301291767675, "params": {"max_depth": 3.0, "n_estimators": 30.107311364742486, "random_state": 16.496376805131423}, "datetime": {"datetime": "2021-09-29 22:32:13", "elapsed": 380.284791, "delta": 2.00206}}
{"target": -55.67985776706795, "params": {"max_depth": 3.0, "n_estimators": 32.11371112449579, "random_state": 15.914798328060664}, "datetime": {"datetime": "2021-09-29 22:32:15", "elapsed": 382.974185, "delta": 2.689394}}
{"target": -55.65331493846419, "params": {"max_depth": 4.922226568084513, "n_estimators": 34.96588679017112, "random_state": 11.052668418326977}, "datetime": {"datetime": "2021-09-29 22:32:17", "elapsed": 385.031364, "delta": 2.057179}}
{"target": -55.75201539437007, "params": {"max_depth": 4.861874853102065, "n_estimators": 29.28253198169907, "random_state": 15.850597248105608}, "datetime": {"datetime": "2021-09-29 22:32:19", "elapsed": 387.200789, "delta": 2.169425}}
{"target": -55.863396240525255, "params": {"max_depth": 4.533856287245642, "n_estimators": 22.0, "random_state": 12.506145017321376}, "datetime": {"datetime": "2021-09-29 22:32:21", "elapsed": 388.735724, "delta": 1.534935}}
{"target": -57.94010541264576, "params": {"max_depth": 6.9736483408946714, "n_estimators": 39.503722155290795, "random_state": 19.962883823242763}, "datetime": {"datetime": "2021-09-29 22:32:23", "elapsed": 390.551186, "delta": 1.815462}}
{"target": -56.78201637459549, "params": {"max_depth": 3.8694413166328596, "n_estimators": 33.13663124859961, "random_state": 18.412914167800817}, "datetime": {"datetime": "2021-09-29 22:32:25", "elapsed": 393.176893, "delta": 2.625707}}
{"target": -57.84257657278251, "params": {"max_depth": 3.2269707897514213, "n_estimators": 22.005114533013018, "random_state": 9.660176008078844}, "datetime": {"datetime": "2021-09-29 22:32:28", "elapsed": 395.282933, "delta": 2.10604}}
{"target": -55.190694695408204, "params": {"max_depth": 3.8736861897690282, "n_estimators": 40.28897937906953, "random_state": 15.96404737947479}, "datetime": {"datetime": "2021-09-29 22:32:29", "elapsed": 397.184078, "delta": 1.901145}}
{"target": -56.615437072008554, "params": {"max_depth": 3.363140162298485, "n_estimators": 41.95836049539383, "random_state": 17.84933845452843}, "datetime": {"datetime": "2021-09-29 22:32:31", "elapsed": 398.967127, "delta": 1.783049}}
{"target": -55.03002540802557, "params": {"max_depth": 6.984434834629438, "n_estimators": 41.18770716934412, "random_state": 15.189389029853663}, "datetime": {"datetime": "2021-09-29 22:32:33", "elapsed": 401.121871, "delta": 2.154744}}
{"target": -57.03604022044564, "params": {"max_depth": 7.0, "n_estimators": 40.806048240153864, "random_state": 14.019316473530557}, "datetime": {"datetime": "2021-09-29 22:32:35", "elapsed": 403.162304, "delta": 2.040433}}
{"target": -54.47717113007041, "params": {"max_depth": 7.0, "n_estimators": 40.330286016906626, "random_state": 15.818164476734491}, "datetime": {"datetime": "2021-09-29 22:32:38", "elapsed": 405.339651, "delta": 2.177347}}
{"target": -54.70413644114126, "params": {"max_depth": 5.883974689025184, "n_estimators": 40.56837330675937, "random_state": 15.40456524429258}, "datetime": {"datetime": "2021-09-29 22:32:40", "elapsed": 407.744189, "delta": 2.404538}}
