{"target": -57.71300321097598, "params": {"max_depth": 20.951210376356315, "n_estimators": 43.00961027727881, "random_state": 11.0}, "datetime": {"datetime": "2021-09-29 21:54:21", "elapsed": 205.062418, "delta": 1.480031}}
{"target": -58.153720034101966, "params": {"max_depth": 22.305592913022565, "n_estimators": 26.489952965668987, "random_state": 10.839641927448497}, "datetime": {"datetime": "2021-09-29 21:54:22", "elapsed": 206.552307, "delta": 1.489889}}
{"target": -57.48905112769883, "params": {"max_depth": 30.0, "n_estimators": 53.82599269393816, "random_state": 11.0}, "datetime": {"datetime": "2021-09-29 21:54:24", "elapsed": 208.083429, "delta": 1.531122}}
{"target": -57.78013353553675, "params": {"max_depth": 25.614734083247264, "n_estimators": 100.0, "random_state": 11.0}, "datetime": {"datetime": "2021-09-29 21:54:26", "elapsed": 209.989094, "delta": 1.905665}}
{"target": -58.014388237815254, "params": {"max_depth": 15.22640706145529, "n_estimators": 74.7015930245859, "random_state": 10.63846758901039}, "datetime": {"datetime": "2021-09-29 21:54:27", "elapsed": 211.443415, "delta": 1.454321}}
{"target": -59.163931579826624, "params": {"max_depth": 18.77195750805899, "n_estimators": 32.37833167511149, "random_state": 10.967642350073161}, "datetime": {"datetime": "2021-09-29 21:54:28", "elapsed": 212.682034, "delta": 1.238619}}
{"target": -57.482873278878664, "params": {"max_depth": 27.953971020599795, "n_estimators": 41.96069737850219, "random_state": 6.977476831273128}, "datetime": {"datetime": "2021-09-29 21:54:30", "elapsed": 214.00725, "delta": 1.325216}}
{"target": -57.791169980721094, "params": {"max_depth": 19.306632992195496, "n_estimators": 100.0, "random_state": 11.0}, "datetime": {"datetime": "2021-09-29 21:54:31", "elapsed": 215.694862, "delta": 1.687612}}
{"target": -59.91761662204301, "params": {"max_depth": 25.881954085100286, "n_estimators": 65.39808272192143, "random_state": 7.677392424527789}, "datetime": {"datetime": "2021-09-29 21:54:33", "elapsed": 217.391186, "delta": 1.696324}}
{"target": -59.71504462663718, "params": {"max_depth": 18.039939679099636, "n_estimators": 87.92911606833925, "random_state": 7.038826286451337}, "datetime": {"datetime": "2021-09-29 21:54:35", "elapsed": 219.288769, "delta": 1.897583}}
{"target": -57.496779524517784, "params": {"max_depth": 24.17519545156398, "n_estimators": 59.17708998582069, "random_state": 10.867593268899626}, "datetime": {"datetime": "2021-09-29 21:54:37", "elapsed": 220.935776, "delta": 1.647007}}
{"target": -59.623277934059395, "params": {"max_depth": 10.229032205463525, "n_estimators": 84.47288929351208, "random_state": 1.0}, "datetime": {"datetime": "2021-09-29 21:54:38", "elapsed": 222.610415, "delta": 1.674639}}
{"target": -55.77026254484663, "params": {"max_depth": 6.525381745976228, "n_estimators": 86.55228478039035, "random_state": 8.186349299285162}, "datetime": {"datetime": "2021-09-29 21:54:40", "elapsed": 224.374588, "delta": 1.764173}}
{"target": -60.04954483941675, "params": {"max_depth": 18.700165001129065, "n_estimators": 68.20795414284876, "random_state": 1.0830326110139568}, "datetime": {"datetime": "2021-09-29 21:54:42", "elapsed": 226.065315, "delta": 1.690727}}
{"target": -56.83351162079554, "params": {"max_depth": 10.213100466890484, "n_estimators": 74.22658486293435, "random_state": 9.069975009898215}, "datetime": {"datetime": "2021-09-29 21:54:44", "elapsed": 227.946104, "delta": 1.880789}}
{"target": -57.0032894212037, "params": {"max_depth": 11.169625716161102, "n_estimators": 79.01884835968104, "random_state": 6.695822901424597}, "datetime": {"datetime": "2021-09-29 21:54:45", "elapsed": 229.562777, "delta": 1.616673}}
{"target": -61.66351633660633, "params": {"max_depth": 25.59069460795346, "n_estimators": 30.02701756976304, "random_state": 7.820781105255218}, "datetime": {"datetime": "2021-09-29 21:54:47", "elapsed": 230.848769, "delta": 1.285992}}
{"target": -56.83931530714654, "params": {"max_depth": 20.202574125225492, "n_estimators": 23.906577912060975, "random_state": 4.94934071477261}, "datetime": {"datetime": "2021-09-29 21:54:48", "elapsed": 232.134716, "delta": 1.285947}}
{"target": -57.47178378024047, "params": {"max_depth": 19.34010702249125, "n_estimators": 28.15856009308814, "random_state": 6.517121852636037}, "datetime": {"datetime": "2021-09-29 21:54:49", "elapsed": 233.530388, "delta": 1.395672}}
{"target": -58.97724560346093, "params": {"max_depth": 23.989947018720354, "n_estimators": 20.58256914793612, "random_state": 6.221146546136888}, "datetime": {"datetime": "2021-09-29 21:54:51", "elapsed": 234.963383, "delta": 1.432995}}
{"target": -58.63191409206242, "params": {"max_depth": 24.92136330667604, "n_estimators": 56.42534590248739, "random_state": 1.9263956603858925}, "datetime": {"datetime": "2021-09-29 21:54:52", "elapsed": 236.483808, "delta": 1.520425}}
{"target": -57.895372288004346, "params": {"max_depth": 25.47668881484286, "n_estimators": 45.50644834406149, "random_state": 10.971682435585302}, "datetime": {"datetime": "2021-09-29 21:54:54", "elapsed": 237.944915, "delta": 1.461107}}
{"target": -56.76074204349195, "params": {"max_depth": 15.496252903264612, "n_estimators": 34.95990876636238, "random_state": 5.269337793938604}, "datetime": {"datetime": "2021-09-29 21:54:55", "elapsed": 239.553195, "delta": 1.60828}}
{"target": -57.067696193102904, "params": {"max_depth": 19.673834532209355, "n_estimators": 36.82591217875012, "random_state": 6.280763453574553}, "datetime": {"datetime": "2021-09-29 21:54:57", "elapsed": 241.225194, "delta": 1.671999}}
{"target": -60.083500765055874, "params": {"max_depth": 11.550776610061202, "n_estimators": 34.601969506895685, "random_state": 1.0022646843784002}, "datetime": {"datetime": "2021-09-29 21:54:58", "elapsed": 242.738922, "delta": 1.513728}}
{"target": -60.993974005480226, "params": {"max_depth": 20.975114794380886, "n_estimators": 33.19676788758922, "random_state": 1.0}, "datetime": {"datetime": "2021-09-29 21:55:00", "elapsed": 244.121166, "delta": 1.382244}}
{"target": -56.77962469784013, "params": {"max_depth": 30.0, "n_estimators": 74.11035573059839, "random_state": 6.012036210428638}, "datetime": {"datetime": "2021-09-29 21:55:02", "elapsed": 245.787265, "delta": 1.666099}}
{"target": -59.9318638627106, "params": {"max_depth": 30.0, "n_estimators": 75.03391823298087, "random_state": 1.0}, "datetime": {"datetime": "2021-09-29 21:55:03", "elapsed": 247.59536, "delta": 1.808095}}
{"target": -56.70679943449739, "params": {"max_depth": 15.541669029362502, "n_estimators": 96.23305099357817, "random_state": 6.9678424718389875}, "datetime": {"datetime": "2021-09-29 21:55:05", "elapsed": 249.676577, "delta": 2.081217}}
{"target": -56.98099635074945, "params": {"max_depth": 11.911932718713002, "n_estimators": 95.68696345598326, "random_state": 10.425307645768271}, "datetime": {"datetime": "2021-09-29 21:55:07", "elapsed": 251.540711, "delta": 1.864134}}
{"target": -57.54136296, "params": {"max_depth": 12.552330866511168, "n_estimators": 29.9387384824328, "random_state": 6.378512453321641}, "datetime": {"datetime": "2021-09-29 21:55:09", "elapsed": 252.862412, "delta": 1.321701}}
{"target": -57.14585177920149, "params": {"max_depth": 14.436751318488195, "n_estimators": 69.71240625735237, "random_state": 10.970551061457135}, "datetime": {"datetime": "2021-09-29 21:55:10", "elapsed": 254.73163, "delta": 1.869218}}
{"target": -57.941457329940896, "params": {"max_depth": 16.111477802604448, "n_estimators": 55.33322755562072, "random_state": 6.2697801589563}, "datetime": {"datetime": "2021-09-29 21:55:13", "elapsed": 256.800398, "delta": 2.068768}}
{"target": -59.94400520398776, "params": {"max_depth": 18.795874784189763, "n_estimators": 81.37797363278267, "random_state": 7.918707533192507}, "datetime": {"datetime": "2021-09-29 21:55:15", "elapsed": 258.951603, "delta": 2.151205}}
{"target": -56.782076863187, "params": {"max_depth": 30.0, "n_estimators": 82.16644036475357, "random_state": 6.568624854157355}, "datetime": {"datetime": "2021-09-29 21:55:17", "elapsed": 260.814873, "delta": 1.86327}}
{"target": -58.025169019517165, "params": {"max_depth": 22.08923805834555, "n_estimators": 88.68112969470515, "random_state": 11.0}, "datetime": {"datetime": "2021-09-29 21:55:18", "elapsed": 262.57468, "delta": 1.759807}}
{"target": -55.502056507014544, "params": {"max_depth": 6.753994069328708, "n_estimators": 74.39695723726659, "random_state": 5.207858197796265}, "datetime": {"datetime": "2021-09-29 21:55:20", "elapsed": 264.328977, "delta": 1.754297}}
{"target": -57.595855783467044, "params": {"max_depth": 30.0, "n_estimators": 32.061078511757536, "random_state": 11.0}, "datetime": {"datetime": "2021-09-29 21:55:22", "elapsed": 265.797023, "delta": 1.468046}}
{"target": -59.381889901024905, "params": {"max_depth": 7.3652937024910985, "n_estimators": 72.03075635101509, "random_state": 1.69728105815418}, "datetime": {"datetime": "2021-09-29 21:55:23", "elapsed": 267.460897, "delta": 1.663874}}
{"target": -59.90323360241623, "params": {"max_depth": 15.160717642319506, "n_estimators": 79.00709204683027, "random_state": 1.0}, "datetime": {"datetime": "2021-09-29 21:55:25", "elapsed": 269.234875, "delta": 1.773978}}
{"target": -56.79220746868132, "params": {"max_depth": 27.405044395560154, "n_estimators": 77.35730741812095, "random_state": 6.867217883106326}, "datetime": {"datetime": "2021-09-29 21:55:27", "elapsed": 271.049524, "delta": 1.814649}}
{"target": -58.752843856918766, "params": {"max_depth": 7.07294875588526, "n_estimators": 60.46479748871641, "random_state": 7.351817388210858}, "datetime": {"datetime": "2021-09-29 21:55:29", "elapsed": 273.011411, "delta": 1.961887}}
{"target": -56.68936721490737, "params": {"max_depth": 17.67695217382228, "n_estimators": 73.14732421126472, "random_state": 6.169060393701548}, "datetime": {"datetime": "2021-09-29 21:55:31", "elapsed": 274.775675, "delta": 1.764264}}
{"target": -59.63869294671841, "params": {"max_depth": 29.999691093369158, "n_estimators": 95.86165442757331, "random_state": 7.000944403018228}, "datetime": {"datetime": "2021-09-29 21:55:33", "elapsed": 277.043897, "delta": 2.268222}}
{"target": -60.078914168712394, "params": {"max_depth": 23.43884696524799, "n_estimators": 88.4344414803956, "random_state": 1.0}, "datetime": {"datetime": "2021-09-29 21:55:35", "elapsed": 279.08078, "delta": 2.036883}}
{"target": -59.78700235779579, "params": {"max_depth": 29.95263700095053, "n_estimators": 95.30339867386526, "random_state": 1.0200518040870046}, "datetime": {"datetime": "2021-09-29 21:55:37", "elapsed": 280.954834, "delta": 1.874054}}
{"target": -57.69936915970534, "params": {"max_depth": 6.15625619037169, "n_estimators": 66.9260115691208, "random_state": 11.0}, "datetime": {"datetime": "2021-09-29 21:55:38", "elapsed": 282.710235, "delta": 1.755401}}
{"target": -56.35468572563836, "params": {"max_depth": 3.987720756662208, "n_estimators": 66.73580591193469, "random_state": 8.244647353649018}, "datetime": {"datetime": "2021-09-29 21:55:40", "elapsed": 284.317598, "delta": 1.607363}}
{"target": -57.229522416871205, "params": {"max_depth": 11.573664126754085, "n_estimators": 59.48773736458749, "random_state": 10.924929808035493}, "datetime": {"datetime": "2021-09-29 21:55:42", "elapsed": 286.019901, "delta": 1.702303}}
{"target": -58.81811392031684, "params": {"max_depth": 9.26329658714461, "n_estimators": 25.50028473432397, "random_state": 6.716175795665916}, "datetime": {"datetime": "2021-09-29 21:55:43", "elapsed": 287.418583, "delta": 1.398682}}
{"target": -55.74919462386505, "params": {"max_depth": 6.995132129089942, "n_estimators": 70.3241947246132, "random_state": 8.050057192035483}, "datetime": {"datetime": "2021-09-29 21:55:45", "elapsed": 289.548289, "delta": 2.129706}}
{"target": -61.08499721190855, "params": {"max_depth": 22.213983216189366, "n_estimators": 25.83003476028898, "random_state": 1.6339906916003453}, "datetime": {"datetime": "2021-09-29 21:55:47", "elapsed": 290.97786, "delta": 1.429571}}
{"target": -59.75479784470762, "params": {"max_depth": 30.0, "n_estimators": 22.891936489404664, "random_state": 6.570054970348628}, "datetime": {"datetime": "2021-09-29 21:55:49", "elapsed": 292.784751, "delta": 1.806891}}
{"target": -57.19626023099125, "params": {"max_depth": 6.792513362923134, "n_estimators": 95.47233587732295, "random_state": 11.0}, "datetime": {"datetime": "2021-09-29 21:55:51", "elapsed": 295.171814, "delta": 2.387063}}
{"target": -57.697480690244404, "params": {"max_depth": 29.985901161747016, "n_estimators": 51.01671035275648, "random_state": 6.151011466302364}, "datetime": {"datetime": "2021-09-29 21:55:53", "elapsed": 297.649558, "delta": 2.477744}}
{"target": -58.12011217194441, "params": {"max_depth": 18.18611518515697, "n_estimators": 61.339441450386325, "random_state": 11.0}, "datetime": {"datetime": "2021-09-29 21:55:56", "elapsed": 300.036852, "delta": 2.387294}}
{"target": -56.30019797352179, "params": {"max_depth": 6.151386481807482, "n_estimators": 77.25701456914611, "random_state": 6.52058411814181}, "datetime": {"datetime": "2021-09-29 21:55:58", "elapsed": 301.994488, "delta": 1.957636}}
{"target": -60.60974769445819, "params": {"max_depth": 30.0, "n_estimators": 34.84878093727264, "random_state": 7.189875317823061}, "datetime": {"datetime": "2021-09-29 21:55:59", "elapsed": 303.722038, "delta": 1.72755}}
{"target": -57.84017606606143, "params": {"max_depth": 29.86619822112335, "n_estimators": 39.81425626612778, "random_state": 3.7620570239278797}, "datetime": {"datetime": "2021-09-29 21:56:01", "elapsed": 305.72727, "delta": 2.005232}}
{"target": -57.59192982301248, "params": {"max_depth": 29.55968383232202, "n_estimators": 29.226035494706927, "random_state": 4.910924698434465}, "datetime": {"datetime": "2021-09-29 21:56:03", "elapsed": 307.660882, "delta": 1.933612}}
{"target": -60.701399866641715, "params": {"max_depth": 24.186766885630778, "n_estimators": 13.411261650292873, "random_state": 1.0491888286957642}, "datetime": {"datetime": "2021-09-29 21:56:05", "elapsed": 309.612094, "delta": 1.951212}}
{"target": -57.89973387462539, "params": {"max_depth": 29.90192768621091, "n_estimators": 39.30035440264094, "random_state": 9.608684473106102}, "datetime": {"datetime": "2021-09-29 21:56:07", "elapsed": 311.424767, "delta": 1.812673}}
{"target": -57.63829631913179, "params": {"max_depth": 17.186017444100617, "n_estimators": 47.298859263906955, "random_state": 11.0}, "datetime": {"datetime": "2021-09-29 21:56:10", "elapsed": 313.97277, "delta": 2.548003}}
{"target": -64.50948534045217, "params": {"max_depth": 30.0, "n_estimators": 12.681186337156106, "random_state": 11.0}, "datetime": {"datetime": "2021-09-29 21:56:11", "elapsed": 315.568773, "delta": 1.596003}}
{"target": -56.92390405258758, "params": {"max_depth": 7.130209243377622, "n_estimators": 100.0, "random_state": 6.328600317774687}, "datetime": {"datetime": "2021-09-29 21:56:14", "elapsed": 317.941087, "delta": 2.372314}}
{"target": -57.10231848520536, "params": {"max_depth": 2.3498367873650823, "n_estimators": 58.89524159722096, "random_state": 3.3920976588355893}, "datetime": {"datetime": "2021-09-29 21:56:16", "elapsed": 319.974781, "delta": 2.033694}}
{"target": -62.52801072230486, "params": {"max_depth": 1.0, "n_estimators": 100.0, "random_state": 1.0}, "datetime": {"datetime": "2021-09-29 21:56:18", "elapsed": 322.044943, "delta": 2.070162}}
{"target": -57.23793675618434, "params": {"max_depth": 11.858225363519002, "n_estimators": 96.44359560914377, "random_state": 4.363119629390498}, "datetime": {"datetime": "2021-09-29 21:56:20", "elapsed": 324.489221, "delta": 2.444278}}
{"target": -62.255028907321666, "params": {"max_depth": 1.0, "n_estimators": 87.27967193144332, "random_state": 1.0}, "datetime": {"datetime": "2021-09-29 21:56:23", "elapsed": 326.813853, "delta": 2.324632}}
{"target": -58.89954631935627, "params": {"max_depth": 20.033299798769725, "n_estimators": 24.05121660575222, "random_state": 8.161759866912746}, "datetime": {"datetime": "2021-09-29 21:56:24", "elapsed": 328.673474, "delta": 1.859621}}
{"target": -58.39658040856963, "params": {"max_depth": 11.522829121161204, "n_estimators": 84.5370119842179, "random_state": 11.0}, "datetime": {"datetime": "2021-09-29 21:56:27", "elapsed": 330.828043, "delta": 2.154569}}
{"target": -58.814490139875474, "params": {"max_depth": 9.507533104465832, "n_estimators": 97.83524807335395, "random_state": 7.557872904735176}, "datetime": {"datetime": "2021-09-29 21:56:29", "elapsed": 333.285254, "delta": 2.457211}}
{"target": -60.1522102470807, "params": {"max_depth": 29.721593207197323, "n_estimators": 70.02274425029866, "random_state": 7.128440112838614}, "datetime": {"datetime": "2021-09-29 21:56:31", "elapsed": 335.21056, "delta": 1.925306}}
{"target": -60.217208494414386, "params": {"max_depth": 20.373014460424887, "n_estimators": 46.971448720193685, "random_state": 7.0510102902644425}, "datetime": {"datetime": "2021-09-29 21:56:33", "elapsed": 337.425354, "delta": 2.214794}}
{"target": -58.36680515802931, "params": {"max_depth": 30.0, "n_estimators": 88.80984950696921, "random_state": 5.265631740300953}, "datetime": {"datetime": "2021-09-29 21:56:36", "elapsed": 339.765542, "delta": 2.340188}}
{"target": -55.73742299929165, "params": {"max_depth": 5.497019127258672, "n_estimators": 71.53620106417505, "random_state": 10.933234078299403}, "datetime": {"datetime": "2021-09-29 21:56:37", "elapsed": 341.665183, "delta": 1.899641}}
{"target": -58.086112895319765, "params": {"max_depth": 27.75450558038586, "n_estimators": 61.863692876014795, "random_state": 11.0}, "datetime": {"datetime": "2021-09-29 21:56:39", "elapsed": 343.531688, "delta": 1.866505}}
{"target": -60.1500708869252, "params": {"max_depth": 29.982617835731233, "n_estimators": 77.12521835807242, "random_state": 7.274141706480694}, "datetime": {"datetime": "2021-09-29 21:56:42", "elapsed": 345.844793, "delta": 2.313105}}
{"target": -57.704415065104484, "params": {"max_depth": 26.774545628753852, "n_estimators": 81.5656316204062, "random_state": 9.427074211807605}, "datetime": {"datetime": "2021-09-29 21:56:44", "elapsed": 348.61172, "delta": 2.766927}}
{"target": -58.83603714895382, "params": {"max_depth": 26.4322847880979, "n_estimators": 79.98192442643027, "random_state": 2.4062092350541495}, "datetime": {"datetime": "2021-09-29 21:56:47", "elapsed": 351.510368, "delta": 2.898648}}
{"target": -56.72679441190688, "params": {"max_depth": 23.46266729283453, "n_estimators": 76.0981242256184, "random_state": 6.059521765720635}, "datetime": {"datetime": "2021-09-29 21:56:50", "elapsed": 353.956384, "delta": 2.446016}}
{"target": -57.622172559815155, "params": {"max_depth": 26.56306465987519, "n_estimators": 74.49230475246277, "random_state": 4.579091565334442}, "datetime": {"datetime": "2021-09-29 21:56:52", "elapsed": 356.294576, "delta": 2.338192}}
{"target": -57.51326487136726, "params": {"max_depth": 26.00503818526979, "n_estimators": 76.31850512549002, "random_state": 10.764292758210784}, "datetime": {"datetime": "2021-09-29 21:56:54", "elapsed": 358.601941, "delta": 2.307365}}
{"target": -59.00791927779421, "params": {"max_depth": 8.533571653591885, "n_estimators": 93.28346979745693, "random_state": 1.210717416411007}, "datetime": {"datetime": "2021-09-29 21:56:57", "elapsed": 361.232281, "delta": 2.63034}}
{"target": -57.035610440291364, "params": {"max_depth": 14.983047038572161, "n_estimators": 39.593986864407796, "random_state": 10.998441004968893}, "datetime": {"datetime": "2021-09-29 21:56:59", "elapsed": 363.34178, "delta": 2.109499}}
{"target": -57.59610841031402, "params": {"max_depth": 16.27420805834829, "n_estimators": 36.597406238345435, "random_state": 8.198489874293534}, "datetime": {"datetime": "2021-09-29 21:57:01", "elapsed": 365.512289, "delta": 2.170509}}
{"target": -56.41700624114417, "params": {"max_depth": 14.243312970741627, "n_estimators": 93.04852095799951, "random_state": 8.245916922984385}, "datetime": {"datetime": "2021-09-29 21:57:03", "elapsed": 367.665236, "delta": 2.152947}}
{"target": -57.431324769409386, "params": {"max_depth": 29.908826056616288, "n_estimators": 82.27924349278425, "random_state": 10.915199470711444}, "datetime": {"datetime": "2021-09-29 21:57:06", "elapsed": 370.384247, "delta": 2.719011}}
{"target": -57.444642965430006, "params": {"max_depth": 6.6961630989926455, "n_estimators": 87.1380958122339, "random_state": 11.0}, "datetime": {"datetime": "2021-09-29 21:57:09", "elapsed": 372.887245, "delta": 2.502998}}
{"target": -56.94678356256243, "params": {"max_depth": 8.86648341442622, "n_estimators": 80.41334591247787, "random_state": 10.718294367230282}, "datetime": {"datetime": "2021-09-29 21:57:11", "elapsed": 375.079855, "delta": 2.19261}}
{"target": -58.53804440739323, "params": {"max_depth": 13.104687292635022, "n_estimators": 44.73441782710678, "random_state": 11.0}, "datetime": {"datetime": "2021-09-29 21:57:13", "elapsed": 377.499814, "delta": 2.419959}}
{"target": -56.19502167832561, "params": {"max_depth": 5.752232254980612, "n_estimators": 84.35594393923634, "random_state": 6.259331653966851}, "datetime": {"datetime": "2021-09-29 21:57:15", "elapsed": 379.738217, "delta": 2.238403}}
{"target": -57.0074454137462, "params": {"max_depth": 14.828832777663859, "n_estimators": 94.61318566650846, "random_state": 10.888150881143838}, "datetime": {"datetime": "2021-09-29 21:57:18", "elapsed": 382.284779, "delta": 2.546562}}
{"target": -55.00637023305328, "params": {"max_depth": 5.41733654351912, "n_estimators": 56.78837430679738, "random_state": 3.3117928131242773}, "datetime": {"datetime": "2021-09-29 21:57:20", "elapsed": 384.046778, "delta": 1.761999}}
{"target": -55.98150573820452, "params": {"max_depth": 8.424361774317687, "n_estimators": 84.06112866748197, "random_state": 8.146752795156168}, "datetime": {"datetime": "2021-09-29 21:57:23", "elapsed": 386.798043, "delta": 2.751265}}
