{"target": -55.406661571418724, "params": {"max_depth": 5.404678374981424, "n_estimators": 42.180144194683166, "random_state": 10.808083488789071}, "datetime": {"datetime": "2021-09-29 21:51:53", "elapsed": 40.544849, "delta": 0.631314}}
{"target": -57.52709117253626, "params": {"max_depth": 8.912082893953855, "n_estimators": 42.97219523366434, "random_state": 10.47443539020756}, "datetime": {"datetime": "2021-09-29 21:51:53", "elapsed": 41.137852, "delta": 0.593003}}
{"target": -57.6928548520475, "params": {"max_depth": 10.417189401094749, "n_estimators": 99.47916818214779, "random_state": 4.249222116476883}, "datetime": {"datetime": "2021-09-29 21:51:54", "elapsed": 42.137856, "delta": 1.000004}}
{"target": -69.75042794405579, "params": {"max_depth": 29.122380556782563, "n_estimators": 1.5665331529791062, "random_state": 7.833392186488854}, "datetime": {"datetime": "2021-09-29 21:51:55", "elapsed": 42.47809, "delta": 0.340234}}
{"target": -58.054457476208995, "params": {"max_depth": 29.17472012979852, "n_estimators": 88.2858748223476, "random_state": 10.735057344584192}, "datetime": {"datetime": "2021-09-29 21:51:55", "elapsed": 43.228624, "delta": 0.750534}}
{"target": -58.0468934979624, "params": {"max_depth": 29.80782713711464, "n_estimators": 62.15818482670912, "random_state": 10.254878571030112}, "datetime": {"datetime": "2021-09-29 21:51:56", "elapsed": 44.071628, "delta": 0.843004}}
{"target": -59.229094795368994, "params": {"max_depth": 29.439638266603108, "n_estimators": 25.14931046041829, "random_state": 10.816427600343761}, "datetime": {"datetime": "2021-09-29 21:51:57", "elapsed": 44.854784, "delta": 0.783156}}
{"target": -63.26397651382242, "params": {"max_depth": 1.3917213553617414, "n_estimators": 84.66317987402815, "random_state": 10.88414264011797}, "datetime": {"datetime": "2021-09-29 21:51:58", "elapsed": 45.66938, "delta": 0.814596}}
{"target": -64.18437374182827, "params": {"max_depth": 1.0195884471793837, "n_estimators": 1.1595415167313106, "random_state": 10.408269015769973}, "datetime": {"datetime": "2021-09-29 21:51:58", "elapsed": 46.085379, "delta": 0.415999}}
{"target": -63.30199618368666, "params": {"max_depth": 1.6565486405321406, "n_estimators": 64.1908200909041, "random_state": 9.555560421897004}, "datetime": {"datetime": "2021-09-29 21:51:59", "elapsed": 46.998335, "delta": 0.912956}}
{"target": -58.902135290322065, "params": {"max_depth": 29.02307358403211, "n_estimators": 48.68219139828993, "random_state": 1.0562596545605731}, "datetime": {"datetime": "2021-09-29 21:52:00", "elapsed": 47.896922, "delta": 0.898587}}
{"target": -58.69948947672767, "params": {"max_depth": 27.272377510825645, "n_estimators": 99.91418802927389, "random_state": 1.0508711449268917}, "datetime": {"datetime": "2021-09-29 21:52:01", "elapsed": 49.138062, "delta": 1.24114}}
{"target": -58.94748267355509, "params": {"max_depth": 28.833639421545158, "n_estimators": 77.81073044179878, "random_state": 1.0694260410263836}, "datetime": {"datetime": "2021-09-29 21:52:03", "elapsed": 50.412226, "delta": 1.274164}}
{"target": -58.94432009615843, "params": {"max_depth": 16.386974616607056, "n_estimators": 87.47717700078078, "random_state": 1.3746621753693846}, "datetime": {"datetime": "2021-09-29 21:52:04", "elapsed": 51.60622, "delta": 1.193994}}
{"target": -55.41683898053484, "params": {"max_depth": 17.396115922078927, "n_estimators": 58.414187570993725, "random_state": 2.8647530142796898}, "datetime": {"datetime": "2021-09-29 21:52:05", "elapsed": 52.591377, "delta": 0.985157}}
{"target": -59.1017235034857, "params": {"max_depth": 19.946368231641575, "n_estimators": 59.89883778648065, "random_state": 1.0005697256362225}, "datetime": {"datetime": "2021-09-29 21:52:06", "elapsed": 53.800378, "delta": 1.209001}}
{"target": -59.60820922716585, "params": {"max_depth": 15.055321311454746, "n_estimators": 57.056112188913524, "random_state": 4.5863679903880605}, "datetime": {"datetime": "2021-09-29 21:52:07", "elapsed": 54.877046, "delta": 1.076668}}
{"target": -80.54499914407324, "params": {"max_depth": 13.454708729522181, "n_estimators": 1.1182512825375714, "random_state": 1.8412211680129678}, "datetime": {"datetime": "2021-09-29 21:52:08", "elapsed": 55.573375, "delta": 0.696329}}
{"target": -59.527852020615576, "params": {"max_depth": 26.272236569679304, "n_estimators": 34.26368043579392, "random_state": 1.0}, "datetime": {"datetime": "2021-09-29 21:52:09", "elapsed": 56.510593, "delta": 0.937218}}
{"target": -60.70152239344358, "params": {"max_depth": 25.632264199851367, "n_estimators": 16.296041954691677, "random_state": 1.0}, "datetime": {"datetime": "2021-09-29 21:52:10", "elapsed": 57.429594, "delta": 0.919001}}
{"target": -57.257961576901764, "params": {"max_depth": 21.833434871054273, "n_estimators": 73.09728040093859, "random_state": 11.0}, "datetime": {"datetime": "2021-09-29 21:52:11", "elapsed": 58.522229, "delta": 1.092635}}
{"target": -57.34192441273025, "params": {"max_depth": 19.719106676297375, "n_estimators": 100.0, "random_state": 11.0}, "datetime": {"datetime": "2021-09-29 21:52:12", "elapsed": 59.882225, "delta": 1.359996}}
{"target": -62.24506734644988, "params": {"max_depth": 1.0, "n_estimators": 95.5775516731319, "random_state": 1.0}, "datetime": {"datetime": "2021-09-29 21:52:13", "elapsed": 60.837318, "delta": 0.955093}}
{"target": -58.537723927943965, "params": {"max_depth": 16.23552103176736, "n_estimators": 81.45385282336647, "random_state": 10.80930258780721}, "datetime": {"datetime": "2021-09-29 21:52:14", "elapsed": 62.154319, "delta": 1.317001}}
{"target": -62.25504442836972, "params": {"max_depth": 1.0, "n_estimators": 75.50670699507748, "random_state": 1.0}, "datetime": {"datetime": "2021-09-29 21:52:15", "elapsed": 63.156979, "delta": 1.00266}}
{"target": -58.06441704701266, "params": {"max_depth": 28.878915233475283, "n_estimators": 41.829756236442776, "random_state": 10.965970620752156}, "datetime": {"datetime": "2021-09-29 21:52:16", "elapsed": 64.178987, "delta": 1.022008}}
{"target": -60.12852655158179, "params": {"max_depth": 18.678605738970667, "n_estimators": 13.503665463450558, "random_state": 11.0}, "datetime": {"datetime": "2021-09-29 21:52:17", "elapsed": 65.068553, "delta": 0.889566}}
{"target": -58.35464639865427, "params": {"max_depth": 17.63802276531355, "n_estimators": 66.03206739901673, "random_state": 10.89818481756262}, "datetime": {"datetime": "2021-09-29 21:52:18", "elapsed": 66.067208, "delta": 0.998655}}
{"target": -58.19416893745054, "params": {"max_depth": 24.08876514435402, "n_estimators": 52.67286362880915, "random_state": 10.783961823796298}, "datetime": {"datetime": "2021-09-29 21:52:19", "elapsed": 67.241691, "delta": 1.174483}}
{"target": -57.35306863136579, "params": {"max_depth": 30.0, "n_estimators": 100.0, "random_state": 11.0}, "datetime": {"datetime": "2021-09-29 21:52:21", "elapsed": 68.563476, "delta": 1.321785}}
{"target": -57.96113907125455, "params": {"max_depth": 18.732595585594986, "n_estimators": 30.070521424945472, "random_state": 11.0}, "datetime": {"datetime": "2021-09-29 21:52:22", "elapsed": 69.532596, "delta": 0.96912}}
{"target": -59.07947813727693, "params": {"max_depth": 19.207852276392078, "n_estimators": 53.475908837921786, "random_state": 1.0}, "datetime": {"datetime": "2021-09-29 21:52:23", "elapsed": 70.679016, "delta": 1.14642}}
{"target": -55.64040967599637, "params": {"max_depth": 14.471629038271152, "n_estimators": 62.405922476528396, "random_state": 2.157593447785714}, "datetime": {"datetime": "2021-09-29 21:52:24", "elapsed": 71.826012, "delta": 1.146996}}
{"target": -59.51702227298116, "params": {"max_depth": 9.779271073569044, "n_estimators": 62.99897330942587, "random_state": 1.1670091198560653}, "datetime": {"datetime": "2021-09-29 21:52:25", "elapsed": 72.7815, "delta": 0.955488}}
{"target": -57.788955386411175, "params": {"max_depth": 17.224648190209695, "n_estimators": 61.95954623896855, "random_state": 5.673752716311003}, "datetime": {"datetime": "2021-09-29 21:52:26", "elapsed": 74.047491, "delta": 1.265991}}
{"target": -57.95987168451787, "params": {"max_depth": 13.309500209202465, "n_estimators": 93.30708797234261, "random_state": 11.0}, "datetime": {"datetime": "2021-09-29 21:52:27", "elapsed": 75.232715, "delta": 1.185224}}
{"target": -58.13688317070821, "params": {"max_depth": 29.537082775812515, "n_estimators": 71.9871829771026, "random_state": 10.405740551870425}, "datetime": {"datetime": "2021-09-29 21:52:28", "elapsed": 76.360049, "delta": 1.127334}}
{"target": -58.82468397264419, "params": {"max_depth": 30.0, "n_estimators": 89.2418562825798, "random_state": 1.0}, "datetime": {"datetime": "2021-09-29 21:52:30", "elapsed": 77.746048, "delta": 1.385999}}
{"target": -58.80293027737511, "params": {"max_depth": 30.0, "n_estimators": 66.12765424906378, "random_state": 1.0}, "datetime": {"datetime": "2021-09-29 21:52:31", "elapsed": 78.907898, "delta": 1.16185}}
{"target": -59.86587003818924, "params": {"max_depth": 18.724874284492746, "n_estimators": 26.21653867369845, "random_state": 1.0}, "datetime": {"datetime": "2021-09-29 21:52:32", "elapsed": 79.814898, "delta": 0.907}}
{"target": -55.48770917769148, "params": {"max_depth": 4.069977872135917, "n_estimators": 99.52314798552396, "random_state": 10.865125280690263}, "datetime": {"datetime": "2021-09-29 21:52:33", "elapsed": 80.989749, "delta": 1.174851}}
{"target": -56.07207222048361, "params": {"max_depth": 4.983346964704587, "n_estimators": 95.69303508560648, "random_state": 9.898640657083048}, "datetime": {"datetime": "2021-09-29 21:52:34", "elapsed": 82.140748, "delta": 1.150999}}
{"target": -57.61644718055543, "params": {"max_depth": 8.247333304182018, "n_estimators": 98.62257012267614, "random_state": 10.328731689115354}, "datetime": {"datetime": "2021-09-29 21:52:36", "elapsed": 83.460977, "delta": 1.320229}}
{"target": -63.30012821008333, "params": {"max_depth": 1.2423828071078518, "n_estimators": 97.77216779829577, "random_state": 10.016735590892772}, "datetime": {"datetime": "2021-09-29 21:52:37", "elapsed": 84.646742, "delta": 1.185765}}
{"target": -56.86529884615085, "params": {"max_depth": 7.65698709956045, "n_estimators": 92.24315804726254, "random_state": 10.570547498883178}, "datetime": {"datetime": "2021-09-29 21:52:38", "elapsed": 85.930365, "delta": 1.283623}}
{"target": -58.90704126428174, "params": {"max_depth": 16.765199537251245, "n_estimators": 66.43830270397882, "random_state": 1.898098929888077}, "datetime": {"datetime": "2021-09-29 21:52:39", "elapsed": 87.052063, "delta": 1.121698}}
{"target": -56.563897724556625, "params": {"max_depth": 7.380071142432709, "n_estimators": 93.86142864626586, "random_state": 6.0631142933469615}, "datetime": {"datetime": "2021-09-29 21:52:41", "elapsed": 88.581062, "delta": 1.528999}}
{"target": -55.788832686323374, "params": {"max_depth": 7.373823719396083, "n_estimators": 88.53718428045946, "random_state": 3.5205134550286257}, "datetime": {"datetime": "2021-09-29 21:52:42", "elapsed": 90.005067, "delta": 1.424005}}
{"target": -57.82014817156694, "params": {"max_depth": 10.05436473055289, "n_estimators": 88.49656152428241, "random_state": 6.71448053294873}, "datetime": {"datetime": "2021-09-29 21:52:43", "elapsed": 91.255046, "delta": 1.249979}}
{"target": -57.2634392083727, "params": {"max_depth": 6.7634593002865575, "n_estimators": 84.98169320910863, "random_state": 1.4811667857935875}, "datetime": {"datetime": "2021-09-29 21:52:45", "elapsed": 92.561651, "delta": 1.306605}}
{"target": -58.938279913617656, "params": {"max_depth": 9.767918782978207, "n_estimators": 92.76373857482804, "random_state": 1.0842147904179358}, "datetime": {"datetime": "2021-09-29 21:52:46", "elapsed": 93.999649, "delta": 1.437998}}
{"target": -55.13813456816059, "params": {"max_depth": 4.413796944169858, "n_estimators": 90.0651945883999, "random_state": 5.764695345088274}, "datetime": {"datetime": "2021-09-29 21:52:48", "elapsed": 95.39532, "delta": 1.395671}}
{"target": -57.379869030602606, "params": {"max_depth": 2.488356645446849, "n_estimators": 89.3290946017332, "random_state": 2.9002888425280107}, "datetime": {"datetime": "2021-09-29 21:52:49", "elapsed": 96.648566, "delta": 1.253246}}
{"target": -55.82012807914849, "params": {"max_depth": 3.9555226432517716, "n_estimators": 91.7373326677384, "random_state": 8.738016344143244}, "datetime": {"datetime": "2021-09-29 21:52:50", "elapsed": 98.022561, "delta": 1.373995}}
{"target": -59.61234506475531, "params": {"max_depth": 15.01661206558847, "n_estimators": 59.450467879305286, "random_state": 1.0}, "datetime": {"datetime": "2021-09-29 21:52:51", "elapsed": 99.351249, "delta": 1.328688}}
{"target": -55.69710455666892, "params": {"max_depth": 5.618468522019836, "n_estimators": 86.76550769836491, "random_state": 6.373355210911759}, "datetime": {"datetime": "2021-09-29 21:52:53", "elapsed": 100.608999, "delta": 1.25775}}
{"target": -57.305851829950704, "params": {"max_depth": 8.399776594191076, "n_estimators": 82.43435548863528, "random_state": 6.240162837353725}, "datetime": {"datetime": "2021-09-29 21:52:54", "elapsed": 101.887994, "delta": 1.278995}}
{"target": -58.052911566700274, "params": {"max_depth": 20.50775076793344, "n_estimators": 57.592306233185845, "random_state": 5.195211145965483}, "datetime": {"datetime": "2021-09-29 21:52:55", "elapsed": 103.083125, "delta": 1.195131}}
{"target": -57.7657920633726, "params": {"max_depth": 8.8583033374048, "n_estimators": 74.03411793359025, "random_state": 11.0}, "datetime": {"datetime": "2021-09-29 21:52:56", "elapsed": 104.259129, "delta": 1.176004}}
{"target": -61.076529025645655, "params": {"max_depth": 1.498185225785766, "n_estimators": 7.8924597756395585, "random_state": 1.2663676622663613}, "datetime": {"datetime": "2021-09-29 21:52:57", "elapsed": 105.273009, "delta": 1.01388}}
{"target": -58.54093951346503, "params": {"max_depth": 30.0, "n_estimators": 14.165447608271439, "random_state": 11.0}, "datetime": {"datetime": "2021-09-29 21:52:58", "elapsed": 106.308007, "delta": 1.034998}}
{"target": -58.39902700020916, "params": {"max_depth": 24.289684640444445, "n_estimators": 95.15969614587972, "random_state": 10.986713186727505}, "datetime": {"datetime": "2021-09-29 21:53:00", "elapsed": 107.862464, "delta": 1.554457}}
{"target": -55.65247206518217, "params": {"max_depth": 6.3047540796767505, "n_estimators": 89.4852069047802, "random_state": 8.086603484093734}, "datetime": {"datetime": "2021-09-29 21:53:01", "elapsed": 109.25572, "delta": 1.393256}}
{"target": -58.023050422921486, "params": {"max_depth": 25.63629075652888, "n_estimators": 80.02592392609574, "random_state": 11.0}, "datetime": {"datetime": "2021-09-29 21:53:03", "elapsed": 110.610714, "delta": 1.354994}}
{"target": -58.75337752957932, "params": {"max_depth": 17.838939654332936, "n_estimators": 100.0, "random_state": 1.0}, "datetime": {"datetime": "2021-09-29 21:53:04", "elapsed": 112.239718, "delta": 1.629004}}
{"target": -62.52106414523478, "params": {"max_depth": 1.0, "n_estimators": 56.594963525481, "random_state": 1.0}, "datetime": {"datetime": "2021-09-29 21:53:05", "elapsed": 113.262644, "delta": 1.022926}}
{"target": -55.32135334060928, "params": {"max_depth": 4.430033434880803, "n_estimators": 12.708595089081099, "random_state": 11.0}, "datetime": {"datetime": "2021-09-29 21:53:07", "elapsed": 114.402644, "delta": 1.14}}
{"target": -64.26757464677424, "params": {"max_depth": 1.0, "n_estimators": 11.686660520302192, "random_state": 11.0}, "datetime": {"datetime": "2021-09-29 21:53:08", "elapsed": 115.404224, "delta": 1.00158}}
{"target": -57.90388958450424, "params": {"max_depth": 7.391574700532676, "n_estimators": 13.409136750083512, "random_state": 11.0}, "datetime": {"datetime": "2021-09-29 21:53:09", "elapsed": 116.387225, "delta": 0.983001}}
{"target": -57.95021569704274, "params": {"max_depth": 4.725101969599427, "n_estimators": 16.248173430891175, "random_state": 9.65725345816545}, "datetime": {"datetime": "2021-09-29 21:53:09", "elapsed": 117.252372, "delta": 0.865147}}
{"target": -57.411912801733486, "params": {"max_depth": 5.558915801630736, "n_estimators": 100.0, "random_state": 7.498797372276253}, "datetime": {"datetime": "2021-09-29 21:53:11", "elapsed": 118.663465, "delta": 1.411093}}
{"target": -62.93290021557183, "params": {"max_depth": 6.230755940183283, "n_estimators": 9.388141663397844, "random_state": 9.751022217709886}, "datetime": {"datetime": "2021-09-29 21:53:12", "elapsed": 119.650471, "delta": 0.987006}}
{"target": -57.641114481246944, "params": {"max_depth": 25.7515906416341, "n_estimators": 34.40846503063771, "random_state": 11.0}, "datetime": {"datetime": "2021-09-29 21:53:13", "elapsed": 120.770991, "delta": 1.12052}}
{"target": -58.768738248082684, "params": {"max_depth": 21.313011519686185, "n_estimators": 42.9167535916715, "random_state": 1.0}, "datetime": {"datetime": "2021-09-29 21:53:14", "elapsed": 121.992986, "delta": 1.221995}}
{"target": -57.193994496558275, "params": {"max_depth": 8.084739678306935, "n_estimators": 54.800044602719126, "random_state": 11.0}, "datetime": {"datetime": "2021-09-29 21:53:16", "elapsed": 123.460657, "delta": 1.467671}}
{"target": -60.02327442841341, "params": {"max_depth": 30.0, "n_estimators": 25.433665260207817, "random_state": 1.0}, "datetime": {"datetime": "2021-09-29 21:53:17", "elapsed": 124.520354, "delta": 1.059697}}
{"target": -58.3370250482356, "params": {"max_depth": 21.178521598344243, "n_estimators": 75.33597329301614, "random_state": 4.705744498497708}, "datetime": {"datetime": "2021-09-29 21:53:18", "elapsed": 126.091989, "delta": 1.571635}}
{"target": -57.02665676161411, "params": {"max_depth": 13.15917065849635, "n_estimators": 50.752569815023016, "random_state": 11.0}, "datetime": {"datetime": "2021-09-29 21:53:19", "elapsed": 127.323158, "delta": 1.231169}}
{"target": -56.97100603123094, "params": {"max_depth": 15.996413994548035, "n_estimators": 22.787478318447235, "random_state": 11.0}, "datetime": {"datetime": "2021-09-29 21:53:21", "elapsed": 128.489425, "delta": 1.166267}}
{"target": -56.889207477548766, "params": {"max_depth": 21.300158122632546, "n_estimators": 22.45070800703476, "random_state": 11.0}, "datetime": {"datetime": "2021-09-29 21:53:22", "elapsed": 129.873831, "delta": 1.384406}}
{"target": -63.53146893170899, "params": {"max_depth": 1.0, "n_estimators": 90.16393944863913, "random_state": 7.038286488775921}, "datetime": {"datetime": "2021-09-29 21:53:23", "elapsed": 131.070887, "delta": 1.197056}}
{"target": -55.0558862857545, "params": {"max_depth": 5.313549335636956, "n_estimators": 91.43901307905237, "random_state": 3.9005540268898775}, "datetime": {"datetime": "2021-09-29 21:53:25", "elapsed": 132.640754, "delta": 1.569867}}
{"target": -56.331754676382694, "params": {"max_depth": 6.976222654549719, "n_estimators": 91.20972517497871, "random_state": 5.663023777080809}, "datetime": {"datetime": "2021-09-29 21:53:26", "elapsed": 134.197755, "delta": 1.557001}}
{"target": -60.545321058687975, "params": {"max_depth": 18.62028627674505, "n_estimators": 20.743853436054167, "random_state": 6.928041651472737}, "datetime": {"datetime": "2021-09-29 21:53:28", "elapsed": 135.433829, "delta": 1.236074}}
{"target": -59.4941114512968, "params": {"max_depth": 29.524158765309185, "n_estimators": 56.64909148985077, "random_state": 4.1558118609953665}, "datetime": {"datetime": "2021-09-29 21:53:29", "elapsed": 136.914435, "delta": 1.480606}}
{"target": -57.39348810954815, "params": {"max_depth": 18.121919897677746, "n_estimators": 49.039635481273294, "random_state": 11.0}, "datetime": {"datetime": "2021-09-29 21:53:30", "elapsed": 138.170437, "delta": 1.256002}}
{"target": -56.168875875378234, "params": {"max_depth": 5.927919823416218, "n_estimators": 89.45937426910258, "random_state": 1.0937324631586223}, "datetime": {"datetime": "2021-09-29 21:53:32", "elapsed": 139.533699, "delta": 1.363262}}
{"target": -58.46440085085261, "params": {"max_depth": 16.428590903838074, "n_estimators": 35.41006959102453, "random_state": 1.0}, "datetime": {"datetime": "2021-09-29 21:53:33", "elapsed": 140.836416, "delta": 1.302717}}
{"target": -58.164557021337195, "params": {"max_depth": 21.232942210065318, "n_estimators": 87.99532121331126, "random_state": 10.276165805706304}, "datetime": {"datetime": "2021-09-29 21:53:35", "elapsed": 142.666656, "delta": 1.83024}}
{"target": -58.9082266499802, "params": {"max_depth": 11.527109154410917, "n_estimators": 80.76096483512754, "random_state": 1.0}, "datetime": {"datetime": "2021-09-29 21:53:36", "elapsed": 144.199655, "delta": 1.532999}}
{"target": -57.82349965603885, "params": {"max_depth": 13.008861072019135, "n_estimators": 63.900880477036175, "random_state": 5.29963654206133}, "datetime": {"datetime": "2021-09-29 21:53:38", "elapsed": 145.582063, "delta": 1.382408}}
{"target": -58.14700294981201, "params": {"max_depth": 8.459350208147141, "n_estimators": 86.51303721769092, "random_state": 11.0}, "datetime": {"datetime": "2021-09-29 21:53:39", "elapsed": 147.150285, "delta": 1.568222}}
{"target": -63.13206423273652, "params": {"max_depth": 1.0, "n_estimators": 74.31591667574317, "random_state": 11.0}, "datetime": {"datetime": "2021-09-29 21:53:41", "elapsed": 148.455847, "delta": 1.305562}}
{"target": -57.648371617847296, "params": {"max_depth": 15.808898641096754, "n_estimators": 73.45372950222783, "random_state": 11.0}, "datetime": {"datetime": "2021-09-29 21:53:42", "elapsed": 150.207332, "delta": 1.751485}}
{"target": -58.39413132343007, "params": {"max_depth": 13.312491868480711, "n_estimators": 26.88380078002834, "random_state": 11.0}, "datetime": {"datetime": "2021-09-29 21:53:43", "elapsed": 151.26791, "delta": 1.060578}}
{"target": -57.77612652802121, "params": {"max_depth": 23.00505886282792, "n_estimators": 45.254308534586364, "random_state": 11.0}, "datetime": {"datetime": "2021-09-29 21:53:45", "elapsed": 152.643691, "delta": 1.375781}}
