{"target": -55.26305419707176, "params": {"max_depth": 6.350037980301666, "n_estimators": 40.729823587888795, "random_state": 15.774787806906573}, "datetime": {"datetime": "2021-09-29 22:32:42", "elapsed": 409.535579, "delta": 1.79139}}
{"target": -55.44957584968609, "params": {"max_depth": 4.888995096256411, "n_estimators": 39.9917319713147, "random_state": 15.332322924361186}, "datetime": {"datetime": "2021-09-29 22:32:44", "elapsed": 411.729929, "delta": 2.19435}}
{"target": -55.00474980060805, "params": {"max_depth": 6.82386879434339, "n_estimators": 39.449834854181084, "random_state": 15.915229374054512}, "datetime": {"datetime": "2021-09-29 22:32:46", "elapsed": 413.875299, "delta": 2.14537}}
{"target": -55.00474980060805, "params": {"max_depth": 6.950230394017687, "n_estimators": 39.96584266106516, "random_state": 15.188107716629705}, "datetime": {"datetime": "2021-09-29 22:32:49", "elapsed": 416.425653, "delta": 2.550354}}
{"target": -56.40354937332071, "params": {"max_depth": 5.436021966056554, "n_estimators": 40.94580119484996, "random_state": 6.080609028071352}, "datetime": {"datetime": "2021-09-29 22:32:51", "elapsed": 418.493928, "delta": 2.068275}}
{"target": -56.64931590441208, "params": {"max_depth": 4.974427054124388, "n_estimators": 26.594756317569708, "random_state": 9.13047112917313}, "datetime": {"datetime": "2021-09-29 22:32:52", "elapsed": 420.210732, "delta": 1.716804}}
{"target": -57.18248532537573, "params": {"max_depth": 4.497449083313819, "n_estimators": 40.660512627913384, "random_state": 20.0}, "datetime": {"datetime": "2021-09-29 22:32:55", "elapsed": 422.794192, "delta": 2.58346}}
{"target": -55.75488722413387, "params": {"max_depth": 4.77899848515233, "n_estimators": 37.61484475239331, "random_state": 12.264042162364921}, "datetime": {"datetime": "2021-09-29 22:32:57", "elapsed": 425.055031, "delta": 2.260839}}
{"target": -56.58558238706104, "params": {"max_depth": 3.212054492699917, "n_estimators": 40.48144343429217, "random_state": 12.01156675961624}, "datetime": {"datetime": "2021-09-29 22:33:00", "elapsed": 427.625685, "delta": 2.570654}}
{"target": -56.506553011884805, "params": {"max_depth": 3.0, "n_estimators": 26.53331356834495, "random_state": 12.257072269350308}, "datetime": {"datetime": "2021-09-29 22:33:02", "elapsed": 429.463136, "delta": 1.837451}}
{"target": -56.11801605932415, "params": {"max_depth": 7.0, "n_estimators": 26.592567424463414, "random_state": 3.8418486232488416}, "datetime": {"datetime": "2021-09-29 22:33:04", "elapsed": 431.873012, "delta": 2.409876}}
{"target": -56.17341764769085, "params": {"max_depth": 4.995634329622191, "n_estimators": 35.974802432111765, "random_state": 12.209738228620365}, "datetime": {"datetime": "2021-09-29 22:33:06", "elapsed": 434.112211, "delta": 2.239199}}
{"target": -56.26181297845234, "params": {"max_depth": 5.1409731957811085, "n_estimators": 33.948813728832576, "random_state": 9.822190539660308}, "datetime": {"datetime": "2021-09-29 22:33:10", "elapsed": 437.503782, "delta": 3.391571}}
{"target": -55.63679324577314, "params": {"max_depth": 4.530355592859544, "n_estimators": 32.43891406841271, "random_state": 15.575856550354537}, "datetime": {"datetime": "2021-09-29 22:33:11", "elapsed": 439.2225, "delta": 1.718718}}
{"target": -55.48491603206418, "params": {"max_depth": 4.129396929601344, "n_estimators": 33.84476201836091, "random_state": 15.836564266095252}, "datetime": {"datetime": "2021-09-29 22:33:14", "elapsed": 441.70654, "delta": 2.48404}}
{"target": -59.07601203206433, "params": {"max_depth": 3.0, "n_estimators": 22.0, "random_state": 2.777790598017433}, "datetime": {"datetime": "2021-09-29 22:33:16", "elapsed": 443.485244, "delta": 1.778704}}
{"target": -56.05823917776846, "params": {"max_depth": 7.0, "n_estimators": 34.15569439127211, "random_state": 8.31736975259442}, "datetime": {"datetime": "2021-09-29 22:33:18", "elapsed": 445.581017, "delta": 2.095773}}
{"target": -57.58880878249973, "params": {"max_depth": 3.0, "n_estimators": 36.42868711686551, "random_state": 9.908962641695911}, "datetime": {"datetime": "2021-09-29 22:33:20", "elapsed": 447.681729, "delta": 2.100712}}
{"target": -56.543494107046975, "params": {"max_depth": 3.0, "n_estimators": 39.61852579959892, "random_state": 7.472939695518758}, "datetime": {"datetime": "2021-09-29 22:33:22", "elapsed": 449.80994, "delta": 2.128211}}
{"target": -55.60542631864188, "params": {"max_depth": 6.993236091288752, "n_estimators": 27.808677571465267, "random_state": 15.447497514235799}, "datetime": {"datetime": "2021-09-29 22:33:24", "elapsed": 452.250736, "delta": 2.440796}}
{"target": -61.30952255164285, "params": {"max_depth": 7.0, "n_estimators": 24.02020717413558, "random_state": 7.286972095228718}, "datetime": {"datetime": "2021-09-29 22:33:26", "elapsed": 454.111935, "delta": 1.861199}}
{"target": -58.63080084972745, "params": {"max_depth": 7.0, "n_estimators": 28.73041435480451, "random_state": 10.025102815979189}, "datetime": {"datetime": "2021-09-29 22:33:29", "elapsed": 456.822318, "delta": 2.710383}}
{"target": -56.314437288855814, "params": {"max_depth": 3.9596249665027394, "n_estimators": 26.027266931853806, "random_state": 15.709134548632505}, "datetime": {"datetime": "2021-09-29 22:33:31", "elapsed": 459.003551, "delta": 2.181233}}
{"target": -54.686421022373786, "params": {"max_depth": 5.3268462576451, "n_estimators": 28.073109485112305, "random_state": 15.591397340855394}, "datetime": {"datetime": "2021-09-29 22:33:33", "elapsed": 460.939259, "delta": 1.935708}}
{"target": -54.686421022373786, "params": {"max_depth": 5.931754499775069, "n_estimators": 28.641732711749864, "random_state": 15.11267996829413}, "datetime": {"datetime": "2021-09-29 22:33:35", "elapsed": 462.744188, "delta": 1.804929}}
{"target": -55.82912677594298, "params": {"max_depth": 5.999859941313045, "n_estimators": 28.48294159900452, "random_state": 16.091632581999242}, "datetime": {"datetime": "2021-09-29 22:33:38", "elapsed": 465.310999, "delta": 2.566811}}
{"target": -56.37168415413154, "params": {"max_depth": 5.107831369794367, "n_estimators": 28.478169460268173, "random_state": 14.648587085385483}, "datetime": {"datetime": "2021-09-29 22:33:40", "elapsed": 467.367209, "delta": 2.05621}}
{"target": -55.2377959527259, "params": {"max_depth": 4.2595764107744, "n_estimators": 28.309981490540125, "random_state": 16.343197962784195}, "datetime": {"datetime": "2021-09-29 22:33:42", "elapsed": 469.874363, "delta": 2.507154}}
{"target": -55.40364437132014, "params": {"max_depth": 4.820034377449685, "n_estimators": 27.36060617148189, "random_state": 16.057367910961403}, "datetime": {"datetime": "2021-09-29 22:33:44", "elapsed": 472.103669, "delta": 2.229306}}
{"target": -55.086386987929245, "params": {"max_depth": 5.799589641469215, "n_estimators": 27.224816380285077, "random_state": 15.528452489400888}, "datetime": {"datetime": "2021-09-29 22:33:46", "elapsed": 473.946656, "delta": 1.842987}}
{"target": -56.40290644736089, "params": {"max_depth": 6.783804446983927, "n_estimators": 29.073841855452763, "random_state": 14.806147186103878}, "datetime": {"datetime": "2021-09-29 22:33:49", "elapsed": 476.27791, "delta": 2.331254}}
{"target": -56.178446015591646, "params": {"max_depth": 6.786315395544029, "n_estimators": 26.487568363613363, "random_state": 15.038601889574924}, "datetime": {"datetime": "2021-09-29 22:33:51", "elapsed": 478.844821, "delta": 2.566911}}
{"target": -55.60542631864188, "params": {"max_depth": 6.0551499216879705, "n_estimators": 27.89120693094717, "random_state": 15.013143975863594}, "datetime": {"datetime": "2021-09-29 22:33:53", "elapsed": 480.861769, "delta": 2.016948}}
{"target": -55.51820066915961, "params": {"max_depth": 3.178240921592133, "n_estimators": 28.71821354886281, "random_state": 16.187322849202452}, "datetime": {"datetime": "2021-09-29 22:33:55", "elapsed": 483.125474, "delta": 2.263705}}
{"target": -55.50697119079212, "params": {"max_depth": 6.847978161039515, "n_estimators": 23.014742647399252, "random_state": 5.069713661743292}, "datetime": {"datetime": "2021-09-29 22:33:58", "elapsed": 486.131644, "delta": 3.00617}}
{"target": -55.707264051934416, "params": {"max_depth": 3.0573371900455033, "n_estimators": 31.3841019806643, "random_state": 11.886574847914794}, "datetime": {"datetime": "2021-09-29 22:34:01", "elapsed": 488.330179, "delta": 2.198535}}
{"target": -56.15196962893465, "params": {"max_depth": 4.766378146124362, "n_estimators": 34.370563226377364, "random_state": 3.3106105455443426}, "datetime": {"datetime": "2021-09-29 22:34:04", "elapsed": 491.827994, "delta": 3.497815}}
{"target": -56.39465280938229, "params": {"max_depth": 5.329726677260005, "n_estimators": 39.42384063584858, "random_state": 8.323952204339815}, "datetime": {"datetime": "2021-09-29 22:34:08", "elapsed": 496.076492, "delta": 4.248498}}
{"target": -56.350376073849894, "params": {"max_depth": 3.0, "n_estimators": 23.279237240632508, "random_state": 12.346447122203903}, "datetime": {"datetime": "2021-09-29 22:34:10", "elapsed": 497.994276, "delta": 1.917784}}
{"target": -56.62510160034535, "params": {"max_depth": 6.973599726574024, "n_estimators": 37.62863245423495, "random_state": 9.58492928889408}, "datetime": {"datetime": "2021-09-29 22:34:13", "elapsed": 501.253063, "delta": 3.258787}}
{"target": -55.537545620113214, "params": {"max_depth": 3.0, "n_estimators": 38.42782581538988, "random_state": 3.3490662734353753}, "datetime": {"datetime": "2021-09-29 22:34:16", "elapsed": 503.751293, "delta": 2.49823}}
{"target": -55.937822495758994, "params": {"max_depth": 5.351699835751392, "n_estimators": 30.74049306792591, "random_state": 8.48534419126219}, "datetime": {"datetime": "2021-09-29 22:34:19", "elapsed": 506.665527, "delta": 2.914234}}
{"target": -54.66170186935868, "params": {"max_depth": 4.338430182474243, "n_estimators": 41.95108245826866, "random_state": 5.189645527323285}, "datetime": {"datetime": "2021-09-29 22:34:21", "elapsed": 508.712111, "delta": 2.046584}}
{"target": -55.53929821227126, "params": {"max_depth": 3.0, "n_estimators": 34.64537878145754, "random_state": 15.881236357361898}, "datetime": {"datetime": "2021-09-29 22:34:23", "elapsed": 510.702866, "delta": 1.990755}}
{"target": -54.66170186935868, "params": {"max_depth": 4.3974836890157665, "n_estimators": 41.442663877286364, "random_state": 5.7671679313657}, "datetime": {"datetime": "2021-09-29 22:34:25", "elapsed": 512.742978, "delta": 2.040112}}
{"target": -55.00474980060805, "params": {"max_depth": 6.0368591623236, "n_estimators": 39.82922458719113, "random_state": 15.624391133142742}, "datetime": {"datetime": "2021-09-29 22:34:28", "elapsed": 515.375273, "delta": 2.632295}}
{"target": -56.56782147875159, "params": {"max_depth": 7.0, "n_estimators": 35.4271533762198, "random_state": 2.5468815567670995}, "datetime": {"datetime": "2021-09-29 22:34:30", "elapsed": 517.469652, "delta": 2.094379}}
{"target": -55.954447406017906, "params": {"max_depth": 5.593096862612619, "n_estimators": 35.891237473642, "random_state": 18.772574544229}, "datetime": {"datetime": "2021-09-29 22:34:33", "elapsed": 520.991106, "delta": 3.521454}}
{"target": -57.102453851233506, "params": {"max_depth": 3.0, "n_estimators": 25.809507063766773, "random_state": 8.66664667048731}, "datetime": {"datetime": "2021-09-29 22:34:36", "elapsed": 523.7189, "delta": 2.727794}}
{"target": -56.98524311361475, "params": {"max_depth": 4.687817851340278, "n_estimators": 23.44543642036435, "random_state": 20.0}, "datetime": {"datetime": "2021-09-29 22:34:38", "elapsed": 525.955723, "delta": 2.236823}}
{"target": -55.45484652078875, "params": {"max_depth": 3.6705085173226357, "n_estimators": 37.18938358887137, "random_state": 4.981922391499567}, "datetime": {"datetime": "2021-09-29 22:34:41", "elapsed": 528.534525, "delta": 2.578802}}
{"target": -55.107597513286144, "params": {"max_depth": 3.9249786395244532, "n_estimators": 38.8983622719936, "random_state": 4.703050677642326}, "datetime": {"datetime": "2021-09-29 22:34:43", "elapsed": 531.238675, "delta": 2.70415}}
{"target": -57.72490923732472, "params": {"max_depth": 3.0, "n_estimators": 22.0, "random_state": 15.775279513729188}, "datetime": {"datetime": "2021-09-29 22:34:47", "elapsed": 534.882325, "delta": 3.64365}}
{"target": -56.90873748017755, "params": {"max_depth": 7.0, "n_estimators": 24.55010378992838, "random_state": 14.039558694073545}, "datetime": {"datetime": "2021-09-29 22:34:50", "elapsed": 537.76533, "delta": 2.883005}}
{"target": -55.41864470186586, "params": {"max_depth": 3.9390991050581503, "n_estimators": 36.43590167854552, "random_state": 4.305713313651782}, "datetime": {"datetime": "2021-09-29 22:34:52", "elapsed": 539.885965, "delta": 2.120635}}
{"target": -57.29983933941904, "params": {"max_depth": 5.218908971475445, "n_estimators": 29.802966651591916, "random_state": 17.434419147989914}, "datetime": {"datetime": "2021-09-29 22:34:55", "elapsed": 542.360715, "delta": 2.47475}}
{"target": -55.65575763168942, "params": {"max_depth": 6.998809076549371, "n_estimators": 26.796243911814848, "random_state": 8.19396406572043}, "datetime": {"datetime": "2021-09-29 22:34:58", "elapsed": 545.613821, "delta": 3.253106}}
{"target": -56.65966658365584, "params": {"max_depth": 3.0, "n_estimators": 33.16714365257996, "random_state": 7.22238177653548}, "datetime": {"datetime": "2021-09-29 22:35:01", "elapsed": 549.012514, "delta": 3.398693}}
{"target": -56.15270790475324, "params": {"max_depth": 3.0, "n_estimators": 36.90654767200241, "random_state": 13.35508848129213}, "datetime": {"datetime": "2021-09-29 22:35:03", "elapsed": 551.166856, "delta": 2.154342}}
{"target": -56.30500914966201, "params": {"max_depth": 3.0, "n_estimators": 28.81298491787454, "random_state": 12.525740700465319}, "datetime": {"datetime": "2021-09-29 22:35:07", "elapsed": 555.078644, "delta": 3.911788}}
{"target": -55.8884245204643, "params": {"max_depth": 3.4451466357359313, "n_estimators": 42.0, "random_state": 16.086970146010017}, "datetime": {"datetime": "2021-09-29 22:35:10", "elapsed": 558.227514, "delta": 3.14887}}
{"target": -55.49293618717398, "params": {"max_depth": 5.513774805532284, "n_estimators": 38.150604338803035, "random_state": 4.180569356582109}, "datetime": {"datetime": "2021-09-29 22:35:13", "elapsed": 560.74009, "delta": 2.512576}}
{"target": -57.36346230831063, "params": {"max_depth": 7.0, "n_estimators": 39.395518193807305, "random_state": 6.851837694438492}, "datetime": {"datetime": "2021-09-29 22:35:15", "elapsed": 562.965237, "delta": 2.225147}}
{"target": -60.87905455847247, "params": {"max_depth": 7.0, "n_estimators": 26.82809342678538, "random_state": 1.0}, "datetime": {"datetime": "2021-09-29 22:35:18", "elapsed": 565.522369, "delta": 2.557132}}
{"target": -56.765464818906295, "params": {"max_depth": 3.0011673067927553, "n_estimators": 24.722862995695795, "random_state": 1.009152154744187}, "datetime": {"datetime": "2021-09-29 22:35:20", "elapsed": 568.118087, "delta": 2.595718}}
{"target": -56.76007857048882, "params": {"max_depth": 4.757814510944041, "n_estimators": 32.123336946632236, "random_state": 9.27101547560962}, "datetime": {"datetime": "2021-09-29 22:35:23", "elapsed": 570.905918, "delta": 2.787831}}
{"target": -56.007858587798424, "params": {"max_depth": 3.0, "n_estimators": 32.158467708915985, "random_state": 20.0}, "datetime": {"datetime": "2021-09-29 22:35:26", "elapsed": 574.032024, "delta": 3.126106}}
{"target": -58.893904552460555, "params": {"max_depth": 6.0665446278805355, "n_estimators": 22.0, "random_state": 12.47042786694226}, "datetime": {"datetime": "2021-09-29 22:35:29", "elapsed": 576.774781, "delta": 2.742757}}
{"target": -56.80844846677432, "params": {"max_depth": 3.021883636754726, "n_estimators": 30.28280494292212, "random_state": 18.197637563232387}, "datetime": {"datetime": "2021-09-29 22:35:31", "elapsed": 579.165712, "delta": 2.390931}}
{"target": -56.5507440517033, "params": {"max_depth": 4.22092608748006, "n_estimators": 36.6954894671569, "random_state": 20.0}, "datetime": {"datetime": "2021-09-29 22:35:34", "elapsed": 581.511208, "delta": 2.345496}}
{"target": -57.472415536540325, "params": {"max_depth": 4.925655910556219, "n_estimators": 25.900874450587416, "random_state": 10.802377489662293}, "datetime": {"datetime": "2021-09-29 22:35:37", "elapsed": 584.341683, "delta": 2.830475}}
{"target": -56.75914145252376, "params": {"max_depth": 3.124885385741253, "n_estimators": 22.099660488897218, "random_state": 13.214436848663322}, "datetime": {"datetime": "2021-09-29 22:35:40", "elapsed": 588.06568, "delta": 3.723997}}
{"target": -56.5448795994953, "params": {"max_depth": 7.0, "n_estimators": 34.68448780092327, "random_state": 5.982704754544179}, "datetime": {"datetime": "2021-09-29 22:35:43", "elapsed": 590.538385, "delta": 2.472705}}
{"target": -57.26953798285733, "params": {"max_depth": 3.0, "n_estimators": 37.71990838493633, "random_state": 1.0}, "datetime": {"datetime": "2021-09-29 22:35:46", "elapsed": 593.465941, "delta": 2.927556}}
{"target": -55.42103402102614, "params": {"max_depth": 4.485117688004002, "n_estimators": 41.095023333207756, "random_state": 15.311579116071224}, "datetime": {"datetime": "2021-09-29 22:35:49", "elapsed": 596.386802, "delta": 2.920861}}
{"target": -55.744938502660446, "params": {"max_depth": 3.0, "n_estimators": 38.349811847491196, "random_state": 16.521151176496133}, "datetime": {"datetime": "2021-09-29 22:35:51", "elapsed": 598.941644, "delta": 2.554842}}
{"target": -57.49364719482203, "params": {"max_depth": 6.124337722223816, "n_estimators": 34.70624262574912, "random_state": 11.707645955025853}, "datetime": {"datetime": "2021-09-29 22:35:54", "elapsed": 601.480735, "delta": 2.539091}}
{"target": -56.30384594995127, "params": {"max_depth": 6.829771213878821, "n_estimators": 41.28122515319642, "random_state": 8.73489908312603}, "datetime": {"datetime": "2021-09-29 22:35:58", "elapsed": 605.305235, "delta": 3.8245}}
{"target": -58.35494921006191, "params": {"max_depth": 7.0, "n_estimators": 38.08800674440966, "random_state": 12.815861176830017}, "datetime": {"datetime": "2021-09-29 22:36:01", "elapsed": 609.060833, "delta": 3.755598}}
{"target": -56.6856722178087, "params": {"max_depth": 3.0, "n_estimators": 42.0, "random_state": 12.61567959111304}, "datetime": {"datetime": "2021-09-29 22:36:04", "elapsed": 611.858939, "delta": 2.798106}}
{"target": -55.818445594928725, "params": {"max_depth": 4.254821561230399, "n_estimators": 40.60741728920573, "random_state": 3.6040941962971127}, "datetime": {"datetime": "2021-09-29 22:36:08", "elapsed": 616.220634, "delta": 4.361695}}
{"target": -57.013129559394535, "params": {"max_depth": 3.0905775061038763, "n_estimators": 30.829076502291535, "random_state": 10.279076024026063}, "datetime": {"datetime": "2021-09-29 22:36:12", "elapsed": 619.753477, "delta": 3.532843}}
{"target": -56.749938967827354, "params": {"max_depth": 3.8131670772434125, "n_estimators": 34.55158724825756, "random_state": 10.926937001962902}, "datetime": {"datetime": "2021-09-29 22:36:14", "elapsed": 622.038464, "delta": 2.284987}}
{"target": -57.19569154980808, "params": {"max_depth": 5.299197341180986, "n_estimators": 32.26004772608573, "random_state": 17.259815587490667}, "datetime": {"datetime": "2021-09-29 22:36:17", "elapsed": 625.151268, "delta": 3.112804}}
{"target": -59.91750299607759, "params": {"max_depth": 7.0, "n_estimators": 23.807268221568776, "random_state": 17.64041390370492}, "datetime": {"datetime": "2021-09-29 22:36:20", "elapsed": 628.212842, "delta": 3.061574}}
{"target": -57.04553247831237, "params": {"max_depth": 6.87103523570198, "n_estimators": 41.96105272160511, "random_state": 11.962101026503174}, "datetime": {"datetime": "2021-09-29 22:36:23", "elapsed": 631.155589, "delta": 2.942747}}
{"target": -54.20199176026236, "params": {"max_depth": 5.725438944602845, "n_estimators": 38.57140506293974, "random_state": 5.445074659953149}, "datetime": {"datetime": "2021-09-29 22:36:27", "elapsed": 635.158115, "delta": 4.002526}}
{"target": -58.17715304270011, "params": {"max_depth": 7.0, "n_estimators": 26.622681997853483, "random_state": 6.135969339575387}, "datetime": {"datetime": "2021-09-29 22:36:31", "elapsed": 638.341941, "delta": 3.183826}}
{"target": -54.49707912428067, "params": {"max_depth": 3.0056906859931307, "n_estimators": 27.844812528228147, "random_state": 4.038477314013834}, "datetime": {"datetime": "2021-09-29 22:36:34", "elapsed": 641.255406, "delta": 2.913465}}
{"target": -53.90159370857095, "params": {"max_depth": 3.6757984523136273, "n_estimators": 24.93666760121619, "random_state": 4.495820310027714}, "datetime": {"datetime": "2021-09-29 22:36:36", "elapsed": 644.034983, "delta": 2.779577}}
{"target": -56.99602329072507, "params": {"max_depth": 7.0, "n_estimators": 40.11361304667407, "random_state": 10.196430144806994}, "datetime": {"datetime": "2021-09-29 22:36:39", "elapsed": 647.168348, "delta": 3.133365}}
{"target": -56.31849714755547, "params": {"max_depth": 5.228687583214128, "n_estimators": 35.54265161194658, "random_state": 9.990463440929362}, "datetime": {"datetime": "2021-09-29 22:36:44", "elapsed": 651.539107, "delta": 4.370759}}
{"target": -55.70385006252966, "params": {"max_depth": 7.0, "n_estimators": 32.46310634679969, "random_state": 8.996047681143288}, "datetime": {"datetime": "2021-09-29 22:36:47", "elapsed": 654.702851, "delta": 3.163744}}
{"target": -55.92351819960808, "params": {"max_depth": 3.9067089386863403, "n_estimators": 38.107983792554364, "random_state": 11.34638161354101}, "datetime": {"datetime": "2021-09-29 22:36:50", "elapsed": 657.35197, "delta": 2.649119}}
{"target": -58.500053498637925, "params": {"max_depth": 6.984507418651807, "n_estimators": 31.613903841635015, "random_state": 19.831166364318616}, "datetime": {"datetime": "2021-09-29 22:36:53", "elapsed": 660.599907, "delta": 3.247937}}
