{"target": -39.27022088229919, "params": {"max_depth": 5.469723624958179, "n_estimators": 38.842147138280644, "random_state": 3.7803910834652648}, "datetime": {"datetime": "2021-09-28 14:38:38", "elapsed": 137.855085, "delta": 0.895991}}
{"target": -39.63499976208196, "params": {"max_depth": 6.632078406047607, "n_estimators": 48.0540474017223, "random_state": 3.2104985397038095}, "datetime": {"datetime": "2021-09-28 14:38:39", "elapsed": 138.917833, "delta": 1.062748}}
{"target": -39.17082257855582, "params": {"max_depth": 4.861022195064233, "n_estimators": 40.89938615712642, "random_state": 2.0520955017094025}, "datetime": {"datetime": "2021-09-28 14:38:40", "elapsed": 139.801856, "delta": 0.884023}}
{"target": -38.51273132009527, "params": {"max_depth": 7.936117683695813, "n_estimators": 42.91701254520901, "random_state": 2.0478010563473372}, "datetime": {"datetime": "2021-09-28 14:38:41", "elapsed": 140.681558, "delta": 0.879702}}
{"target": -40.40020978201731, "params": {"max_depth": 6.011778425284622, "n_estimators": 29.264458818849594, "random_state": 10.787165057443758}, "datetime": {"datetime": "2021-09-28 14:38:42", "elapsed": 141.626558, "delta": 0.945}}
{"target": -38.489803732984505, "params": {"max_depth": 7.683586922542234, "n_estimators": 38.823734729450706, "random_state": 2.6470183942182515}, "datetime": {"datetime": "2021-09-28 14:38:43", "elapsed": 142.730837, "delta": 1.104279}}
{"target": -38.489803732984505, "params": {"max_depth": 7.580591158635576, "n_estimators": 38.05477099025788, "random_state": 2.1894613601270363}, "datetime": {"datetime": "2021-09-28 14:38:44", "elapsed": 143.753832, "delta": 1.022995}}
{"target": -38.463829090920385, "params": {"max_depth": 7.1710727190838, "n_estimators": 36.3498514195118, "random_state": 2.093263960181663}, "datetime": {"datetime": "2021-09-28 14:38:45", "elapsed": 144.716271, "delta": 0.962439}}
{"target": -38.91870846321082, "params": {"max_depth": 7.28795984817083, "n_estimators": 54.259669414731945, "random_state": 2.394250091549473}, "datetime": {"datetime": "2021-09-28 14:38:46", "elapsed": 145.680242, "delta": 0.963971}}
{"target": -38.8016031778193, "params": {"max_depth": 5.958353335640431, "n_estimators": 44.75612463234431, "random_state": 2.131186227658828}, "datetime": {"datetime": "2021-09-28 14:38:47", "elapsed": 146.780138, "delta": 1.099896}}
{"target": -39.98322816960762, "params": {"max_depth": 7.949861639873094, "n_estimators": 32.42771281463216, "random_state": 3.919132135865805}, "datetime": {"datetime": "2021-09-28 14:38:48", "elapsed": 147.725137, "delta": 0.944999}}
{"target": -39.93154058007395, "params": {"max_depth": 7.031576001158211, "n_estimators": 53.5207496084674, "random_state": 3.5295324270286326}, "datetime": {"datetime": "2021-09-28 14:38:49", "elapsed": 148.727135, "delta": 1.001998}}
{"target": -38.76244618272427, "params": {"max_depth": 5.497283933290436, "n_estimators": 35.49904528696205, "random_state": 2.0371019038995564}, "datetime": {"datetime": "2021-09-28 14:38:51", "elapsed": 150.879442, "delta": 2.152307}}
{"target": -38.289446022068425, "params": {"max_depth": 6.553410881357614, "n_estimators": 41.18758938338888, "random_state": 2.6268496534093115}, "datetime": {"datetime": "2021-09-28 14:38:53", "elapsed": 152.208452, "delta": 1.32901}}
{"target": -38.7285846388647, "params": {"max_depth": 7.5251974384489495, "n_estimators": 45.48381074290541, "random_state": 2.0}, "datetime": {"datetime": "2021-09-28 14:38:54", "elapsed": 153.419523, "delta": 1.211071}}
{"target": -39.62795943785689, "params": {"max_depth": 9.005143425353323, "n_estimators": 83.7351071521546, "random_state": 2.2057590596393077}, "datetime": {"datetime": "2021-09-28 14:38:55", "elapsed": 154.620724, "delta": 1.201201}}
{"target": -39.01849691632707, "params": {"max_depth": 8.884325622173623, "n_estimators": 49.09981236534162, "random_state": 2.038404274602459}, "datetime": {"datetime": "2021-09-28 14:38:56", "elapsed": 155.655717, "delta": 1.034993}}
{"target": -38.92907691907479, "params": {"max_depth": 6.147849761245366, "n_estimators": 83.19294574227428, "random_state": 2.729430605243218}, "datetime": {"datetime": "2021-09-28 14:38:57", "elapsed": 156.784716, "delta": 1.128999}}
{"target": -38.95247664076769, "params": {"max_depth": 6.515025061457773, "n_estimators": 84.9052225707103, "random_state": 2.0798756910192644}, "datetime": {"datetime": "2021-09-28 14:38:59", "elapsed": 158.174994, "delta": 1.390278}}
{"target": -39.157781671610586, "params": {"max_depth": 6.127731718616494, "n_estimators": 85.72311642848041, "random_state": 3.6437068695315054}, "datetime": {"datetime": "2021-09-28 14:39:00", "elapsed": 159.88088, "delta": 1.705886}}
{"target": -39.07969454155837, "params": {"max_depth": 11.978715056590293, "n_estimators": 30.34961406153695, "random_state": 2.454953369360846}, "datetime": {"datetime": "2021-09-28 14:39:01", "elapsed": 161.070714, "delta": 1.189834}}
{"target": -39.411084971218465, "params": {"max_depth": 4.606648307819748, "n_estimators": 82.79427617840457, "random_state": 2.877105521745039}, "datetime": {"datetime": "2021-09-28 14:39:04", "elapsed": 163.117072, "delta": 2.046358}}
{"target": -39.697496487478915, "params": {"max_depth": 7.748670627917049, "n_estimators": 93.6732697541442, "random_state": 6.21522670887597}, "datetime": {"datetime": "2021-09-28 14:39:06", "elapsed": 165.163313, "delta": 2.046241}}
{"target": -39.6909012605039, "params": {"max_depth": 12.0, "n_estimators": 43.97629378487606, "random_state": 7.835587080121068}, "datetime": {"datetime": "2021-09-28 14:39:07", "elapsed": 166.422316, "delta": 1.259003}}
{"target": -39.5318988107237, "params": {"max_depth": 4.033490080767683, "n_estimators": 86.72130947920888, "random_state": 10.72350211930708}, "datetime": {"datetime": "2021-09-28 14:39:08", "elapsed": 167.596539, "delta": 1.174223}}
{"target": -38.94482652219143, "params": {"max_depth": 6.993426071230431, "n_estimators": 82.26652765232055, "random_state": 2.0485196469265334}, "datetime": {"datetime": "2021-09-28 14:39:10", "elapsed": 170.078587, "delta": 2.482048}}
{"target": -39.06933261814897, "params": {"max_depth": 5.491341391477064, "n_estimators": 50.219565103067104, "random_state": 2.119591148757764}, "datetime": {"datetime": "2021-09-28 14:39:13", "elapsed": 172.128554, "delta": 2.049967}}
{"target": -38.69798695156945, "params": {"max_depth": 5.853289484003802, "n_estimators": 34.22086323279357, "random_state": 2.0}, "datetime": {"datetime": "2021-09-28 14:39:14", "elapsed": 173.098778, "delta": 0.970224}}
{"target": -40.51459751687959, "params": {"max_depth": 12.0, "n_estimators": 32.916918812194254, "random_state": 11.0}, "datetime": {"datetime": "2021-09-28 14:39:15", "elapsed": 174.128629, "delta": 1.029851}}
{"target": -39.21092602480391, "params": {"max_depth": 5.751335400631462, "n_estimators": 99.03140102337795, "random_state": 2.0}, "datetime": {"datetime": "2021-09-28 14:39:16", "elapsed": 175.793438, "delta": 1.664809}}
{"target": -39.906304717970755, "params": {"max_depth": 12.0, "n_estimators": 62.98511345503132, "random_state": 11.0}, "datetime": {"datetime": "2021-09-28 14:39:18", "elapsed": 177.317631, "delta": 1.524193}}
{"target": -39.03470399968327, "params": {"max_depth": 6.303822991400204, "n_estimators": 87.2726367911297, "random_state": 2.0843310463547997}, "datetime": {"datetime": "2021-09-28 14:39:20", "elapsed": 179.349517, "delta": 2.031886}}
{"target": -39.17671062166998, "params": {"max_depth": 5.995647734442709, "n_estimators": 89.17058488096973, "random_state": 2.440952152711527}, "datetime": {"datetime": "2021-09-28 14:39:22", "elapsed": 181.485412, "delta": 2.135895}}
{"target": -38.68425021901892, "params": {"max_depth": 4.8287534026506105, "n_estimators": 87.49451113513906, "random_state": 3.7514429704271306}, "datetime": {"datetime": "2021-09-28 14:39:24", "elapsed": 183.502634, "delta": 2.017222}}
{"target": -39.38795146354604, "params": {"max_depth": 4.4569293378905845, "n_estimators": 87.62941965487462, "random_state": 2.705929414715888}, "datetime": {"datetime": "2021-09-28 14:39:26", "elapsed": 185.459012, "delta": 1.956378}}
{"target": -39.38758020608491, "params": {"max_depth": 5.1167751799925085, "n_estimators": 87.21008126222708, "random_state": 4.74998996191221}, "datetime": {"datetime": "2021-09-28 14:39:27", "elapsed": 187.069897, "delta": 1.610885}}
{"target": -39.03518844404055, "params": {"max_depth": 5.245709213854703, "n_estimators": 88.54513092058917, "random_state": 3.872165349677095}, "datetime": {"datetime": "2021-09-28 14:39:29", "elapsed": 188.824789, "delta": 1.754892}}
{"target": -39.55366949719412, "params": {"max_depth": 7.359566234107362, "n_estimators": 88.11568567949217, "random_state": 3.476442895170919}, "datetime": {"datetime": "2021-09-28 14:39:31", "elapsed": 190.489865, "delta": 1.665076}}
{"target": -38.59563425678779, "params": {"max_depth": 6.03232829523144, "n_estimators": 46.362525088667276, "random_state": 2.040996682458891}, "datetime": {"datetime": "2021-09-28 14:39:33", "elapsed": 192.161517, "delta": 1.671652}}
{"target": -38.90678468152921, "params": {"max_depth": 5.0685849199638895, "n_estimators": 33.23072789104126, "random_state": 2.6288708793347313}, "datetime": {"datetime": "2021-09-28 14:39:34", "elapsed": 193.557099, "delta": 1.395582}}
{"target": -38.918391282170376, "params": {"max_depth": 11.936429406448621, "n_estimators": 36.95872686410387, "random_state": 2.083608302412157}, "datetime": {"datetime": "2021-09-28 14:39:36", "elapsed": 195.109282, "delta": 1.552183}}
{"target": -38.64209440445684, "params": {"max_depth": 6.763865781606462, "n_estimators": 30.603853742064086, "random_state": 2.0162423248716856}, "datetime": {"datetime": "2021-09-28 14:39:37", "elapsed": 196.666589, "delta": 1.557307}}
{"target": -38.90408825142218, "params": {"max_depth": 8.830563867988985, "n_estimators": 32.98481819534183, "random_state": 2.0249497221075434}, "datetime": {"datetime": "2021-09-28 14:39:38", "elapsed": 197.719539, "delta": 1.05295}}
{"target": -39.32305751618135, "params": {"max_depth": 4.450590374588138, "n_estimators": 63.86855943668591, "random_state": 5.9919271069531685}, "datetime": {"datetime": "2021-09-28 14:39:40", "elapsed": 199.809283, "delta": 2.089744}}
{"target": -39.0541772995018, "params": {"max_depth": 7.554050516343115, "n_estimators": 77.12190399196876, "random_state": 11.0}, "datetime": {"datetime": "2021-09-28 14:39:43", "elapsed": 202.877223, "delta": 3.06794}}
{"target": -40.144695823244426, "params": {"max_depth": 7.529823944420827, "n_estimators": 75.77460278963174, "random_state": 9.571671557356227}, "datetime": {"datetime": "2021-09-28 14:39:45", "elapsed": 204.307383, "delta": 1.43016}}
{"target": -40.61296203624124, "params": {"max_depth": 7.3366565718747685, "n_estimators": 78.97985564431818, "random_state": 10.583742939487486}, "datetime": {"datetime": "2021-09-28 14:39:46", "elapsed": 205.76749, "delta": 1.460107}}
{"target": -40.43794885454219, "params": {"max_depth": 7.29861456017985, "n_estimators": 102.650665713144, "random_state": 7.784862358302843}, "datetime": {"datetime": "2021-09-28 14:39:48", "elapsed": 207.481877, "delta": 1.714387}}
{"target": -38.803567802226965, "params": {"max_depth": 6.897503414604263, "n_estimators": 63.482296589234046, "random_state": 2.075715796523946}, "datetime": {"datetime": "2021-09-28 14:39:49", "elapsed": 208.756877, "delta": 1.275}}
{"target": -38.77176716189659, "params": {"max_depth": 7.6064851128779924, "n_estimators": 62.27341275822322, "random_state": 2.0}, "datetime": {"datetime": "2021-09-28 14:39:51", "elapsed": 210.783957, "delta": 2.02708}}
{"target": -39.81346717432167, "params": {"max_depth": 7.368227743641459, "n_estimators": 62.93427766083809, "random_state": 3.2283425041529665}, "datetime": {"datetime": "2021-09-28 14:39:53", "elapsed": 212.932797, "delta": 2.14884}}
{"target": -38.75709219921812, "params": {"max_depth": 7.53936544190261, "n_estimators": 60.872684972825525, "random_state": 2.1421392949298608}, "datetime": {"datetime": "2021-09-28 14:39:55", "elapsed": 214.776793, "delta": 1.843996}}
{"target": -38.749161374845784, "params": {"max_depth": 6.422895928803742, "n_estimators": 61.66095847618328, "random_state": 2.0}, "datetime": {"datetime": "2021-09-28 14:39:57", "elapsed": 216.791667, "delta": 2.014874}}
{"target": -39.53603872526115, "params": {"max_depth": 6.785565553702258, "n_estimators": 60.46618143979353, "random_state": 3.21910581598783}, "datetime": {"datetime": "2021-09-28 14:39:59", "elapsed": 218.111707, "delta": 1.32004}}
{"target": -38.92709577668495, "params": {"max_depth": 8.944141881851909, "n_estimators": 61.24563357885568, "random_state": 2.616752012692745}, "datetime": {"datetime": "2021-09-28 14:40:01", "elapsed": 220.181723, "delta": 2.070016}}
{"target": -39.09150408776419, "params": {"max_depth": 5.009567286245869, "n_estimators": 62.82320422732351, "random_state": 2.4378163880615684}, "datetime": {"datetime": "2021-09-28 14:40:02", "elapsed": 221.839324, "delta": 1.657601}}
{"target": -38.815668228604075, "params": {"max_depth": 7.133763350460693, "n_estimators": 65.31760747618539, "random_state": 2.06129766251899}, "datetime": {"datetime": "2021-09-28 14:40:04", "elapsed": 223.700962, "delta": 1.861638}}
{"target": -39.1902308054057, "params": {"max_depth": 5.938206666554888, "n_estimators": 64.58801909273498, "random_state": 2.4845193980916127}, "datetime": {"datetime": "2021-09-28 14:40:06", "elapsed": 225.25378, "delta": 1.552818}}
{"target": -38.80023228333052, "params": {"max_depth": 7.97933330654112, "n_estimators": 66.03060442052309, "random_state": 2.7852684384930937}, "datetime": {"datetime": "2021-09-28 14:40:07", "elapsed": 226.809341, "delta": 1.555561}}
{"target": -38.8292690710237, "params": {"max_depth": 6.83718518259783, "n_estimators": 66.5624145525126, "random_state": 2.5372546678566135}, "datetime": {"datetime": "2021-09-28 14:40:09", "elapsed": 228.571032, "delta": 1.761691}}
{"target": -39.08181232872591, "params": {"max_depth": 8.023172972583573, "n_estimators": 67.13321885767859, "random_state": 2.0}, "datetime": {"datetime": "2021-09-28 14:40:11", "elapsed": 230.739937, "delta": 2.168905}}
{"target": -39.87777248644512, "params": {"max_depth": 7.23501041704642, "n_estimators": 66.36027101071392, "random_state": 3.849619668581962}, "datetime": {"datetime": "2021-09-28 14:40:14", "elapsed": 233.391496, "delta": 2.651559}}
{"target": -39.01154529361144, "params": {"max_depth": 8.473971938051582, "n_estimators": 65.06546911355495, "random_state": 2.0981565133179574}, "datetime": {"datetime": "2021-09-28 14:40:16", "elapsed": 235.162704, "delta": 1.771208}}
{"target": -38.94326599935016, "params": {"max_depth": 8.559601500944899, "n_estimators": 59.71057225125559, "random_state": 2.0139983580801575}, "datetime": {"datetime": "2021-09-28 14:40:17", "elapsed": 236.589473, "delta": 1.426769}}
{"target": -39.448869792514515, "params": {"max_depth": 9.421015423118545, "n_estimators": 66.50300881856428, "random_state": 2.238126266131416}, "datetime": {"datetime": "2021-09-28 14:40:19", "elapsed": 238.276271, "delta": 1.686798}}
{"target": -39.12478298201905, "params": {"max_depth": 5.776572047141189, "n_estimators": 67.56621063712615, "random_state": 2.332001103058952}, "datetime": {"datetime": "2021-09-28 14:40:20", "elapsed": 239.815743, "delta": 1.539472}}
{"target": -39.41542067983643, "params": {"max_depth": 9.601925893390778, "n_estimators": 62.88695776823826, "random_state": 2.2190189038113}, "datetime": {"datetime": "2021-09-28 14:40:22", "elapsed": 241.505793, "delta": 1.69005}}
{"target": -40.112160006691546, "params": {"max_depth": 9.661074337964482, "n_estimators": 60.75129626155834, "random_state": 3.8022365132914735}, "datetime": {"datetime": "2021-09-28 14:40:24", "elapsed": 243.163789, "delta": 1.657996}}
{"target": -38.641808912670314, "params": {"max_depth": 4.009029712960851, "n_estimators": 86.48833008361578, "random_state": 3.782821710092483}, "datetime": {"datetime": "2021-09-28 14:40:26", "elapsed": 245.142472, "delta": 1.978683}}
{"target": -39.36048047477051, "params": {"max_depth": 4.0, "n_estimators": 85.39592319558135, "random_state": 4.330385930482906}, "datetime": {"datetime": "2021-09-28 14:40:27", "elapsed": 246.806071, "delta": 1.663599}}
{"target": -39.871312609178275, "params": {"max_depth": 8.882607810149679, "n_estimators": 49.209266748625694, "random_state": 3.7287860354547617}, "datetime": {"datetime": "2021-09-28 14:40:28", "elapsed": 247.956178, "delta": 1.150107}}
{"target": -39.37861421373561, "params": {"max_depth": 4.063501785971596, "n_estimators": 88.03138884128117, "random_state": 4.477027908187403}, "datetime": {"datetime": "2021-09-28 14:40:31", "elapsed": 251.076312, "delta": 3.120134}}
{"target": -38.69421234105028, "params": {"max_depth": 4.951168551264242, "n_estimators": 57.51547014756145, "random_state": 11.0}, "datetime": {"datetime": "2021-09-28 14:40:33", "elapsed": 252.435449, "delta": 1.359137}}
{"target": -38.97943872326415, "params": {"max_depth": 7.431179669655527, "n_estimators": 57.90696180067146, "random_state": 2.0485251263198148}, "datetime": {"datetime": "2021-09-28 14:40:35", "elapsed": 254.275172, "delta": 1.839723}}
{"target": -39.954867372592666, "params": {"max_depth": 7.087208412960989, "n_estimators": 57.59540601660879, "random_state": 3.727976515421984}, "datetime": {"datetime": "2021-09-28 14:40:37", "elapsed": 256.589548, "delta": 2.314376}}
{"target": -38.95001250827484, "params": {"max_depth": 5.000142459465234, "n_estimators": 86.5928356186462, "random_state": 3.1766139793123997}, "datetime": {"datetime": "2021-09-28 14:40:39", "elapsed": 259.030313, "delta": 2.440765}}
{"target": -38.319091951380926, "params": {"max_depth": 7.091948966304746, "n_estimators": 34.671881779207546, "random_state": 2.611517014195032}, "datetime": {"datetime": "2021-09-28 14:40:41", "elapsed": 260.726516, "delta": 1.696203}}
{"target": -39.60583809819912, "params": {"max_depth": 4.102005187080803, "n_estimators": 98.8106559821674, "random_state": 10.960854317240948}, "datetime": {"datetime": "2021-09-28 14:40:43", "elapsed": 262.619376, "delta": 1.89286}}
{"target": -39.08329654072327, "params": {"max_depth": 7.453231857832328, "n_estimators": 36.598916432123985, "random_state": 11.0}, "datetime": {"datetime": "2021-09-28 14:40:45", "elapsed": 264.990299, "delta": 2.370923}}
{"target": -40.765743461038696, "params": {"max_depth": 7.886605411337528, "n_estimators": 36.09846506762638, "random_state": 8.93851252744966}, "datetime": {"datetime": "2021-09-28 14:40:47", "elapsed": 267.028068, "delta": 2.037769}}
{"target": -39.97133565873023, "params": {"max_depth": 7.792387148544407, "n_estimators": 89.2290665501687, "random_state": 9.784989174906558}, "datetime": {"datetime": "2021-09-28 14:40:50", "elapsed": 269.260605, "delta": 2.232537}}
{"target": -39.3786423092681, "params": {"max_depth": 4.0, "n_estimators": 30.37372328433991, "random_state": 2.0}, "datetime": {"datetime": "2021-09-28 14:40:52", "elapsed": 271.358609, "delta": 2.098004}}
{"target": -40.435975336121665, "params": {"max_depth": 11.473539534405237, "n_estimators": 71.06686622689242, "random_state": 6.965009326804243}, "datetime": {"datetime": "2021-09-28 14:40:54", "elapsed": 273.275618, "delta": 1.917009}}
{"target": -38.99316896035687, "params": {"max_depth": 7.301398520215309, "n_estimators": 38.64425836354174, "random_state": 11.0}, "datetime": {"datetime": "2021-09-28 14:40:56", "elapsed": 275.582584, "delta": 2.306966}}
{"target": -40.00500039290512, "params": {"max_depth": 8.24628225020038, "n_estimators": 40.12961075821756, "random_state": 11.0}, "datetime": {"datetime": "2021-09-28 14:40:59", "elapsed": 279.003811, "delta": 3.421227}}
{"target": -38.4235789747607, "params": {"max_depth": 5.984823036051706, "n_estimators": 37.73230909064751, "random_state": 11.0}, "datetime": {"datetime": "2021-09-28 14:41:01", "elapsed": 280.261204, "delta": 1.257393}}
{"target": -39.643771816176645, "params": {"max_depth": 5.4070816494823495, "n_estimators": 36.92504302930466, "random_state": 10.95104830222813}, "datetime": {"datetime": "2021-09-28 14:41:02", "elapsed": 281.65166, "delta": 1.390456}}
{"target": -39.97084405854191, "params": {"max_depth": 6.048305857821586, "n_estimators": 38.343129923722685, "random_state": 9.954526380209956}, "datetime": {"datetime": "2021-09-28 14:41:04", "elapsed": 283.23667, "delta": 1.58501}}
{"target": -39.05904263921291, "params": {"max_depth": 6.761169614055404, "n_estimators": 37.610736700935114, "random_state": 11.0}, "datetime": {"datetime": "2021-09-28 14:41:05", "elapsed": 284.695287, "delta": 1.458617}}
{"target": -39.015362019830455, "params": {"max_depth": 7.374017935420597, "n_estimators": 55.37071059523826, "random_state": 2.034455661588368}, "datetime": {"datetime": "2021-09-28 14:41:07", "elapsed": 286.222515, "delta": 1.527228}}
{"target": -39.45942781741464, "params": {"max_depth": 11.995099248102314, "n_estimators": 56.74798932216521, "random_state": 2.1357018030116617}, "datetime": {"datetime": "2021-09-28 14:41:08", "elapsed": 287.813484, "delta": 1.590969}}
{"target": -38.82300277504082, "params": {"max_depth": 8.712133663294589, "n_estimators": 40.369000965397234, "random_state": 2.019581256794557}, "datetime": {"datetime": "2021-09-28 14:41:10", "elapsed": 289.606901, "delta": 1.793417}}
{"target": -38.379349387173676, "params": {"max_depth": 6.989709141992211, "n_estimators": 39.22051240688803, "random_state": 2.598395514680527}, "datetime": {"datetime": "2021-09-28 14:41:12", "elapsed": 291.495681, "delta": 1.88878}}
{"target": -39.34602484319646, "params": {"max_depth": 4.0, "n_estimators": 69.76427352453348, "random_state": 2.0}, "datetime": {"datetime": "2021-09-28 14:41:14", "elapsed": 293.107675, "delta": 1.611994}}
