{"target": -55.4196525815046, "params": {"max_depth": 5.083522869720387, "n_estimators": 22.74039647688919, "random_state": 2.0}, "datetime": {"datetime": "2021-09-29 22:28:34", "elapsed": 154.028947, "delta": 1.008001}}
{"target": -56.36170694440668, "params": {"max_depth": 4.998950479005818, "n_estimators": 25.965084099532145, "random_state": 8.795508354392904}, "datetime": {"datetime": "2021-09-29 22:28:35", "elapsed": 154.965342, "delta": 0.936395}}
{"target": -54.80950810727245, "params": {"max_depth": 3.1870664729737532, "n_estimators": 20.0, "random_state": 16.9630334986541}, "datetime": {"datetime": "2021-09-29 22:28:36", "elapsed": 156.184633, "delta": 1.219291}}
{"target": -55.03978572694738, "params": {"max_depth": 3.972141422858713, "n_estimators": 27.317826421882135, "random_state": 16.196116201644774}, "datetime": {"datetime": "2021-09-29 22:28:37", "elapsed": 157.128592, "delta": 0.943959}}
{"target": -53.028687826051936, "params": {"max_depth": 3.1224536653069546, "n_estimators": 20.459466123116083, "random_state": 4.2944734217407765}, "datetime": {"datetime": "2021-09-29 22:28:38", "elapsed": 158.263431, "delta": 1.134839}}
{"target": -54.4755175044807, "params": {"max_depth": 3.8296638571716564, "n_estimators": 28.702669485807633, "random_state": 11.378337050148232}, "datetime": {"datetime": "2021-09-29 22:28:39", "elapsed": 159.393431, "delta": 1.13}}
{"target": -56.79212110650524, "params": {"max_depth": 7.0, "n_estimators": 27.514568757028538, "random_state": 14.378991275917862}, "datetime": {"datetime": "2021-09-29 22:28:40", "elapsed": 160.584039, "delta": 1.190608}}
{"target": -57.47901885122566, "params": {"max_depth": 6.909716619114964, "n_estimators": 28.18479931471863, "random_state": 6.743544463363722}, "datetime": {"datetime": "2021-09-29 22:28:41", "elapsed": 161.698032, "delta": 1.113993}}
{"target": -56.19573866159546, "params": {"max_depth": 3.585725444885517, "n_estimators": 27.670540781421565, "random_state": 12.011754583643066}, "datetime": {"datetime": "2021-09-29 22:28:42", "elapsed": 162.782019, "delta": 1.083987}}
{"target": -54.739325835542864, "params": {"max_depth": 6.239242235974831, "n_estimators": 28.779766838606328, "random_state": 5.092793913457009}, "datetime": {"datetime": "2021-09-29 22:28:43", "elapsed": 163.757655, "delta": 0.975636}}
{"target": -56.12582592882619, "params": {"max_depth": 3.1922697586349438, "n_estimators": 28.38390826570249, "random_state": 10.134523122647487}, "datetime": {"datetime": "2021-09-29 22:28:45", "elapsed": 164.840185, "delta": 1.08253}}
{"target": -55.6973218548649, "params": {"max_depth": 4.831807987803955, "n_estimators": 24.53447512707762, "random_state": 12.300203764578102}, "datetime": {"datetime": "2021-09-29 22:28:46", "elapsed": 166.155185, "delta": 1.315}}
{"target": -55.22193729259097, "params": {"max_depth": 5.17099612402493, "n_estimators": 26.951288438884777, "random_state": 11.935706329294346}, "datetime": {"datetime": "2021-09-29 22:28:47", "elapsed": 167.401003, "delta": 1.245818}}
{"target": -57.52610544477375, "params": {"max_depth": 6.834301264077966, "n_estimators": 22.665647598599264, "random_state": 17.492729464844835}, "datetime": {"datetime": "2021-09-29 22:28:48", "elapsed": 168.457285, "delta": 1.056282}}
{"target": -53.94417144869114, "params": {"max_depth": 2.0, "n_estimators": 21.993691571763538, "random_state": 4.9343025472650535}, "datetime": {"datetime": "2021-09-29 22:28:49", "elapsed": 169.688424, "delta": 1.231139}}
{"target": -54.48979666458189, "params": {"max_depth": 4.688093461075683, "n_estimators": 29.030243963674007, "random_state": 11.625389428280748}, "datetime": {"datetime": "2021-09-29 22:28:50", "elapsed": 170.717825, "delta": 1.029401}}
{"target": -53.92431544509834, "params": {"max_depth": 3.4254808579380422, "n_estimators": 29.43230891816961, "random_state": 4.372569446605338}, "datetime": {"datetime": "2021-09-29 22:28:51", "elapsed": 171.750826, "delta": 1.033001}}
{"target": -53.172284705519516, "params": {"max_depth": 3.386134942013558, "n_estimators": 24.254370313599075, "random_state": 4.330080149708422}, "datetime": {"datetime": "2021-09-29 22:28:53", "elapsed": 172.921652, "delta": 1.170826}}
{"target": -54.98588722610251, "params": {"max_depth": 6.253787826343482, "n_estimators": 29.992879148181594, "random_state": 2.907766281789856}, "datetime": {"datetime": "2021-09-29 22:28:54", "elapsed": 174.244303, "delta": 1.322651}}
{"target": -54.48979666458189, "params": {"max_depth": 4.046943595116172, "n_estimators": 29.731945892015855, "random_state": 11.97304861346835}, "datetime": {"datetime": "2021-09-29 22:28:55", "elapsed": 175.309357, "delta": 1.065054}}
{"target": -53.99082254034698, "params": {"max_depth": 3.663932903595389, "n_estimators": 30.0, "random_state": 4.521249528999903}, "datetime": {"datetime": "2021-09-29 22:28:56", "elapsed": 176.597636, "delta": 1.288279}}
{"target": -53.83784071856063, "params": {"max_depth": 4.757890254248084, "n_estimators": 20.869277732072963, "random_state": 4.742895588009105}, "datetime": {"datetime": "2021-09-29 22:28:57", "elapsed": 177.653637, "delta": 1.056001}}
{"target": -57.328178839624, "params": {"max_depth": 7.0, "n_estimators": 20.0, "random_state": 3.003283907169495}, "datetime": {"datetime": "2021-09-29 22:28:58", "elapsed": 178.702472, "delta": 1.048835}}
{"target": -55.09145887366784, "params": {"max_depth": 3.275025817038167, "n_estimators": 22.49028854730699, "random_state": 5.0138228845987065}, "datetime": {"datetime": "2021-09-29 22:29:00", "elapsed": 179.893472, "delta": 1.191}}
{"target": -53.94417144869114, "params": {"max_depth": 2.8541998253409737, "n_estimators": 21.976665449994627, "random_state": 4.235473457659747}, "datetime": {"datetime": "2021-09-29 22:29:01", "elapsed": 180.900386, "delta": 1.006914}}
{"target": -53.18157502748666, "params": {"max_depth": 3.4830352115572825, "n_estimators": 23.884530616569243, "random_state": 4.470398330005812}, "datetime": {"datetime": "2021-09-29 22:29:02", "elapsed": 182.347597, "delta": 1.447211}}
{"target": -53.00612408280491, "params": {"max_depth": 3.496586292752988, "n_estimators": 21.858698848606736, "random_state": 4.524272034245714}, "datetime": {"datetime": "2021-09-29 22:29:03", "elapsed": 183.643229, "delta": 1.295632}}
{"target": -54.292353988734774, "params": {"max_depth": 4.123884891209368, "n_estimators": 26.582893911494576, "random_state": 4.961748440708579}, "datetime": {"datetime": "2021-09-29 22:29:05", "elapsed": 184.837353, "delta": 1.194124}}
{"target": -55.13515149886143, "params": {"max_depth": 3.82320741336142, "n_estimators": 30.0, "random_state": 16.725659365969772}, "datetime": {"datetime": "2021-09-29 22:29:06", "elapsed": 185.890352, "delta": 1.052999}}
{"target": -55.15602278620718, "params": {"max_depth": 3.327590369477451, "n_estimators": 28.324555196917892, "random_state": 15.952222260057574}, "datetime": {"datetime": "2021-09-29 22:29:07", "elapsed": 186.942609, "delta": 1.052257}}
{"target": -55.87554082677785, "params": {"max_depth": 3.4934365927307787, "n_estimators": 20.00156511685379, "random_state": 12.10082511889875}, "datetime": {"datetime": "2021-09-29 22:29:08", "elapsed": 188.290594, "delta": 1.347985}}
{"target": -53.15728654569853, "params": {"max_depth": 3.4253814846711284, "n_estimators": 22.48883683625658, "random_state": 4.249302054579875}, "datetime": {"datetime": "2021-09-29 22:29:10", "elapsed": 190.171589, "delta": 1.880995}}
{"target": -54.292353988734774, "params": {"max_depth": 4.808505374812026, "n_estimators": 26.177073181676914, "random_state": 4.281944903726481}, "datetime": {"datetime": "2021-09-29 22:29:11", "elapsed": 191.520116, "delta": 1.348527}}
{"target": -54.54865020413412, "params": {"max_depth": 4.607379360048887, "n_estimators": 24.27100258782105, "random_state": 3.1355290436941923}, "datetime": {"datetime": "2021-09-29 22:29:13", "elapsed": 192.94232, "delta": 1.422204}}
{"target": -58.41999468452619, "params": {"max_depth": 2.0222542727593886, "n_estimators": 25.248077443361623, "random_state": 10.535165107939498}, "datetime": {"datetime": "2021-09-29 22:29:14", "elapsed": 194.061319, "delta": 1.118999}}
{"target": -55.692910068059795, "params": {"max_depth": 4.552600191350647, "n_estimators": 21.69005045853804, "random_state": 8.645254457808253}, "datetime": {"datetime": "2021-09-29 22:29:15", "elapsed": 195.464584, "delta": 1.403265}}
{"target": -56.27155397484578, "params": {"max_depth": 3.98208796836012, "n_estimators": 21.439570301648814, "random_state": 10.304668371405082}, "datetime": {"datetime": "2021-09-29 22:29:17", "elapsed": 196.918068, "delta": 1.453484}}
{"target": -56.44091866813675, "params": {"max_depth": 4.302185407682743, "n_estimators": 27.047156587381153, "random_state": 10.86313740314182}, "datetime": {"datetime": "2021-09-29 22:29:18", "elapsed": 198.091653, "delta": 1.173585}}
{"target": -56.13725843661388, "params": {"max_depth": 3.9133022454197044, "n_estimators": 20.0, "random_state": 17.64282171978204}, "datetime": {"datetime": "2021-09-29 22:29:19", "elapsed": 199.444425, "delta": 1.352772}}
{"target": -58.46702067247771, "params": {"max_depth": 5.18880185256839, "n_estimators": 25.79858493326914, "random_state": 13.635705601839367}, "datetime": {"datetime": "2021-09-29 22:29:20", "elapsed": 200.770924, "delta": 1.326499}}
{"target": -57.069728871051495, "params": {"max_depth": 5.526298807605388, "n_estimators": 22.219089291065707, "random_state": 6.243695404399852}, "datetime": {"datetime": "2021-09-29 22:29:22", "elapsed": 202.032156, "delta": 1.261232}}
{"target": -54.8062317248088, "params": {"max_depth": 6.495025663314157, "n_estimators": 22.8478735082932, "random_state": 5.33306454209936}, "datetime": {"datetime": "2021-09-29 22:29:23", "elapsed": 203.533682, "delta": 1.501526}}
{"target": -54.004927283267726, "params": {"max_depth": 5.487389438147106, "n_estimators": 22.6573149553279, "random_state": 5.235024449796927}, "datetime": {"datetime": "2021-09-29 22:29:25", "elapsed": 205.024902, "delta": 1.49122}}
{"target": -54.24867918768918, "params": {"max_depth": 5.732737574297243, "n_estimators": 20.989463934675626, "random_state": 4.703463526411993}, "datetime": {"datetime": "2021-09-29 22:29:26", "elapsed": 206.647489, "delta": 1.622587}}
{"target": -54.3583273309705, "params": {"max_depth": 5.764520728602281, "n_estimators": 21.658931501928397, "random_state": 4.756445591083729}, "datetime": {"datetime": "2021-09-29 22:29:28", "elapsed": 207.869106, "delta": 1.221617}}
{"target": -54.39872924104652, "params": {"max_depth": 4.471419747889107, "n_estimators": 23.72128692616635, "random_state": 11.104880368839963}, "datetime": {"datetime": "2021-09-29 22:29:29", "elapsed": 209.154419, "delta": 1.285313}}
{"target": -54.748169461748866, "params": {"max_depth": 3.7615495106587415, "n_estimators": 23.56752066975439, "random_state": 11.903283996123072}, "datetime": {"datetime": "2021-09-29 22:29:30", "elapsed": 210.654814, "delta": 1.500395}}
{"target": -54.61865485169969, "params": {"max_depth": 3.878603154508956, "n_estimators": 24.443359058111685, "random_state": 11.428650100092542}, "datetime": {"datetime": "2021-09-29 22:29:32", "elapsed": 212.220812, "delta": 1.565998}}
{"target": -56.07327970114883, "params": {"max_depth": 3.627182305468637, "n_estimators": 23.46342708427956, "random_state": 10.953956286288431}, "datetime": {"datetime": "2021-09-29 22:29:33", "elapsed": 213.386454, "delta": 1.165642}}
{"target": -55.22774377345837, "params": {"max_depth": 5.352352668994769, "n_estimators": 24.179691118920047, "random_state": 11.228690133736643}, "datetime": {"datetime": "2021-09-29 22:29:34", "elapsed": 214.497999, "delta": 1.111545}}
{"target": -55.903574218045414, "params": {"max_depth": 3.726852245680666, "n_estimators": 23.768346358746275, "random_state": 13.089351276305132}, "datetime": {"datetime": "2021-09-29 22:29:35", "elapsed": 215.674993, "delta": 1.176994}}
{"target": -54.24867918768918, "params": {"max_depth": 5.492792771747374, "n_estimators": 20.016778301446127, "random_state": 4.49567520729846}, "datetime": {"datetime": "2021-09-29 22:29:37", "elapsed": 217.106401, "delta": 1.431408}}
{"target": -58.44349813024393, "params": {"max_depth": 2.0848154005922503, "n_estimators": 28.043368879580477, "random_state": 10.931475284037758}, "datetime": {"datetime": "2021-09-29 22:29:38", "elapsed": 218.487231, "delta": 1.38083}}
{"target": -55.26333667771184, "params": {"max_depth": 5.849361949941981, "n_estimators": 24.139191761179806, "random_state": 2.0}, "datetime": {"datetime": "2021-09-29 22:29:40", "elapsed": 219.916267, "delta": 1.429036}}
{"target": -55.270250713168764, "params": {"max_depth": 5.397848056045165, "n_estimators": 25.180442918471755, "random_state": 20.0}, "datetime": {"datetime": "2021-09-29 22:29:41", "elapsed": 221.392547, "delta": 1.47628}}
{"target": -53.00612408280491, "params": {"max_depth": 3.6001667379228652, "n_estimators": 21.011688181419267, "random_state": 4.995720688748988}, "datetime": {"datetime": "2021-09-29 22:29:42", "elapsed": 222.527689, "delta": 1.135142}}
{"target": -54.25886704720303, "params": {"max_depth": 5.280796783162322, "n_estimators": 20.579504010037848, "random_state": 5.1605675456520546}, "datetime": {"datetime": "2021-09-29 22:29:44", "elapsed": 224.203102, "delta": 1.675413}}
{"target": -56.900559601841586, "params": {"max_depth": 2.0, "n_estimators": 25.499102409609762, "random_state": 20.0}, "datetime": {"datetime": "2021-09-29 22:29:45", "elapsed": 225.810517, "delta": 1.607415}}
{"target": -58.62318574364157, "params": {"max_depth": 7.0, "n_estimators": 25.611845715248318, "random_state": 7.76115713764119}, "datetime": {"datetime": "2021-09-29 22:29:47", "elapsed": 227.27776, "delta": 1.467243}}
{"target": -54.148729112520755, "params": {"max_depth": 4.65294894642324, "n_estimators": 28.085979130492007, "random_state": 11.617545892215333}, "datetime": {"datetime": "2021-09-29 22:29:48", "elapsed": 228.403796, "delta": 1.126036}}
{"target": -54.06643880178237, "params": {"max_depth": 4.670150215502191, "n_estimators": 20.750459084386424, "random_state": 2.753675412709432}, "datetime": {"datetime": "2021-09-29 22:29:49", "elapsed": 229.6288, "delta": 1.225004}}
{"target": -53.028687826051936, "params": {"max_depth": 3.4143553105182685, "n_estimators": 20.5642221221734, "random_state": 4.1203682423938774}, "datetime": {"datetime": "2021-09-29 22:29:51", "elapsed": 230.909023, "delta": 1.280223}}
{"target": -54.00119036573685, "params": {"max_depth": 4.09182600717513, "n_estimators": 25.562062434745354, "random_state": 4.585372806081319}, "datetime": {"datetime": "2021-09-29 22:29:52", "elapsed": 232.161089, "delta": 1.252066}}
{"target": -55.32873282791202, "params": {"max_depth": 4.746117421143444, "n_estimators": 20.63853452883454, "random_state": 3.963352866442542}, "datetime": {"datetime": "2021-09-29 22:29:53", "elapsed": 233.466056, "delta": 1.304967}}
{"target": -56.38545274002355, "params": {"max_depth": 5.079277819938508, "n_estimators": 27.385912922801527, "random_state": 16.24211578528119}, "datetime": {"datetime": "2021-09-29 22:29:55", "elapsed": 234.922316, "delta": 1.45626}}
{"target": -57.08555514061574, "params": {"max_depth": 2.0, "n_estimators": 24.44968981637414, "random_state": 7.016896952316727}, "datetime": {"datetime": "2021-09-29 22:29:56", "elapsed": 236.160277, "delta": 1.237961}}
{"target": -53.028687826051936, "params": {"max_depth": 3.6039533006471474, "n_estimators": 20.175061655372733, "random_state": 4.414687443479143}, "datetime": {"datetime": "2021-09-29 22:29:57", "elapsed": 237.490091, "delta": 1.329814}}
{"target": -53.15728654569853, "params": {"max_depth": 3.505820601524546, "n_estimators": 22.748950621865923, "random_state": 4.525121497086387}, "datetime": {"datetime": "2021-09-29 22:29:59", "elapsed": 239.197568, "delta": 1.707477}}
{"target": -55.64051947069395, "params": {"max_depth": 3.439967162269691, "n_estimators": 25.833256990969, "random_state": 16.70860074891579}, "datetime": {"datetime": "2021-09-29 22:30:00", "elapsed": 240.653813, "delta": 1.456245}}
{"target": -54.06643880178237, "params": {"max_depth": 4.747255322723152, "n_estimators": 20.043988047573038, "random_state": 2.59214667338888}, "datetime": {"datetime": "2021-09-29 22:30:02", "elapsed": 242.030771, "delta": 1.376958}}
{"target": -55.307224681596104, "params": {"max_depth": 3.0421848543971746, "n_estimators": 27.41868592907616, "random_state": 15.163306590083636}, "datetime": {"datetime": "2021-09-29 22:30:03", "elapsed": 243.258083, "delta": 1.227312}}
{"target": -56.54354420160544, "params": {"max_depth": 3.6235971678401215, "n_estimators": 20.0, "random_state": 8.324167733729194}, "datetime": {"datetime": "2021-09-29 22:30:04", "elapsed": 244.624264, "delta": 1.366181}}
{"target": -56.560177967282335, "params": {"max_depth": 4.563340367469854, "n_estimators": 28.5494935802572, "random_state": 6.333951360733385}, "datetime": {"datetime": "2021-09-29 22:30:06", "elapsed": 245.942264, "delta": 1.318}}
{"target": -54.65804162048599, "params": {"max_depth": 4.693349217740951, "n_estimators": 28.82752049833917, "random_state": 3.487004567812587}, "datetime": {"datetime": "2021-09-29 22:30:08", "elapsed": 247.913143, "delta": 1.970879}}
{"target": -53.15728654569853, "params": {"max_depth": 3.7614637686653283, "n_estimators": 22.189496090258448, "random_state": 4.514533013543899}, "datetime": {"datetime": "2021-09-29 22:30:09", "elapsed": 249.342323, "delta": 1.42918}}
{"target": -57.42344191170792, "params": {"max_depth": 2.0, "n_estimators": 22.229560493845383, "random_state": 18.159223795534835}, "datetime": {"datetime": "2021-09-29 22:30:11", "elapsed": 251.007884, "delta": 1.665561}}
{"target": -56.000456816594976, "params": {"max_depth": 4.451201752657985, "n_estimators": 24.812248067727918, "random_state": 18.667122756214997}, "datetime": {"datetime": "2021-09-29 22:30:12", "elapsed": 252.325841, "delta": 1.317957}}
{"target": -57.935809696303295, "params": {"max_depth": 2.0, "n_estimators": 21.595161409167265, "random_state": 8.279827080826424}, "datetime": {"datetime": "2021-09-29 22:30:13", "elapsed": 253.560804, "delta": 1.234963}}
{"target": -54.03420093088657, "params": {"max_depth": 2.764921485277249, "n_estimators": 22.52536359422877, "random_state": 4.333996926172443}, "datetime": {"datetime": "2021-09-29 22:30:15", "elapsed": 255.031068, "delta": 1.470264}}
{"target": -55.11170210343985, "params": {"max_depth": 2.0, "n_estimators": 27.77156388703552, "random_state": 4.539366564948618}, "datetime": {"datetime": "2021-09-29 22:30:16", "elapsed": 256.546844, "delta": 1.515776}}
{"target": -58.891555735526715, "params": {"max_depth": 2.546043583837707, "n_estimators": 30.0, "random_state": 8.140139568062416}, "datetime": {"datetime": "2021-09-29 22:30:18", "elapsed": 258.368006, "delta": 1.821162}}
{"target": -54.29093166808041, "params": {"max_depth": 4.172243412376879, "n_estimators": 20.958954207206762, "random_state": 5.001402345156723}, "datetime": {"datetime": "2021-09-29 22:30:20", "elapsed": 259.929973, "delta": 1.561967}}
{"target": -54.29011603217211, "params": {"max_depth": 5.441127251326961, "n_estimators": 23.556282069676215, "random_state": 5.324355740850277}, "datetime": {"datetime": "2021-09-29 22:30:22", "elapsed": 262.124557, "delta": 2.194584}}
{"target": -53.847564718350625, "params": {"max_depth": 6.182156421612058, "n_estimators": 20.928152992760307, "random_state": 2.0}, "datetime": {"datetime": "2021-09-29 22:30:23", "elapsed": 263.544423, "delta": 1.419866}}
{"target": -57.07288006133717, "params": {"max_depth": 2.4853690834013453, "n_estimators": 29.986790278442534, "random_state": 17.746190284823047}, "datetime": {"datetime": "2021-09-29 22:30:25", "elapsed": 264.865036, "delta": 1.320613}}
{"target": -57.142008556102816, "params": {"max_depth": 6.108125799093926, "n_estimators": 30.0, "random_state": 10.092526199224041}, "datetime": {"datetime": "2021-09-29 22:30:26", "elapsed": 266.305, "delta": 1.439964}}
{"target": -53.414838341083396, "params": {"max_depth": 3.407399118744554, "n_estimators": 25.76321946341041, "random_state": 4.50670705092906}, "datetime": {"datetime": "2021-09-29 22:30:28", "elapsed": 267.904276, "delta": 1.599276}}
{"target": -55.05057667183786, "params": {"max_depth": 4.775234525520867, "n_estimators": 29.620206816549008, "random_state": 16.65376440285473}, "datetime": {"datetime": "2021-09-29 22:30:29", "elapsed": 269.480717, "delta": 1.576441}}
{"target": -56.11307532115062, "params": {"max_depth": 7.0, "n_estimators": 29.35570072719281, "random_state": 5.783193441455662}, "datetime": {"datetime": "2021-09-29 22:30:31", "elapsed": 271.48788, "delta": 2.007163}}
{"target": -55.16654770700548, "params": {"max_depth": 7.0, "n_estimators": 23.8989277324115, "random_state": 2.847345441676703}, "datetime": {"datetime": "2021-09-29 22:30:33", "elapsed": 273.574965, "delta": 2.087085}}
{"target": -54.872657155928685, "params": {"max_depth": 5.540858780162847, "n_estimators": 25.26937298145881, "random_state": 5.560671295226722}, "datetime": {"datetime": "2021-09-29 22:30:35", "elapsed": 275.681369, "delta": 2.106404}}
{"target": -55.723101122341724, "params": {"max_depth": 5.1147806242218286, "n_estimators": 23.073146986751933, "random_state": 10.573498749071069}, "datetime": {"datetime": "2021-09-29 22:30:37", "elapsed": 277.524776, "delta": 1.843407}}
{"target": -54.505045429511966, "params": {"max_depth": 5.14580963469933, "n_estimators": 28.090512552872642, "random_state": 5.140495007688961}, "datetime": {"datetime": "2021-09-29 22:30:39", "elapsed": 279.361894, "delta": 1.837118}}
{"target": -54.39872924104652, "params": {"max_depth": 4.599083229699664, "n_estimators": 23.67401696701534, "random_state": 11.873122217065257}, "datetime": {"datetime": "2021-09-29 22:30:40", "elapsed": 280.782261, "delta": 1.420367}}
