{"target": -54.99934403958696, "params": {"max_depth": 4.5075789106229855, "n_estimators": 86.56900601162693, "random_state": 2.143824332907233}, "datetime": {"datetime": "2021-09-29 22:10:17", "elapsed": 113.694226, "delta": 1.019}}
{"target": -55.467573685102735, "params": {"max_depth": 5.756202000991268, "n_estimators": 85.83579318103226, "random_state": 2.2132980974509553}, "datetime": {"datetime": "2021-09-29 22:10:18", "elapsed": 114.708198, "delta": 1.013972}}
{"target": -53.877901947015935, "params": {"max_depth": 4.004461130857933, "n_estimators": 86.91939376878418, "random_state": 3.326697184472812}, "datetime": {"datetime": "2021-09-29 22:10:19", "elapsed": 115.629196, "delta": 0.920998}}
{"target": -57.213110424214605, "params": {"max_depth": 7.0, "n_estimators": 76.00886508884757, "random_state": 8.902863569515633}, "datetime": {"datetime": "2021-09-29 22:10:20", "elapsed": 116.810968, "delta": 1.181772}}
{"target": -54.71703351491585, "params": {"max_depth": 4.598643446154941, "n_estimators": 71.0360723841235, "random_state": 11.0}, "datetime": {"datetime": "2021-09-29 22:10:21", "elapsed": 117.795972, "delta": 0.985004}}
{"target": -57.01478836080367, "params": {"max_depth": 2.8598496033111904, "n_estimators": 69.86381373004829, "random_state": 11.0}, "datetime": {"datetime": "2021-09-29 22:10:23", "elapsed": 119.351262, "delta": 1.55529}}
{"target": -54.87728255108253, "params": {"max_depth": 4.484354008051021, "n_estimators": 72.758773948957, "random_state": 11.0}, "datetime": {"datetime": "2021-09-29 22:10:24", "elapsed": 120.561063, "delta": 1.209801}}
{"target": -56.170596199230395, "params": {"max_depth": 6.52567765313362, "n_estimators": 70.81308550152679, "random_state": 10.755072913064097}, "datetime": {"datetime": "2021-09-29 22:10:25", "elapsed": 121.658105, "delta": 1.097042}}
{"target": -56.1521401676098, "params": {"max_depth": 7.0, "n_estimators": 65.47324945842178, "random_state": 3.8444560178901948}, "datetime": {"datetime": "2021-09-29 22:10:26", "elapsed": 122.71285, "delta": 1.054745}}
{"target": -54.698945817319775, "params": {"max_depth": 7.0, "n_estimators": 43.116397017143775, "random_state": 2.0}, "datetime": {"datetime": "2021-09-29 22:10:27", "elapsed": 124.119843, "delta": 1.406993}}
{"target": -55.5915288895328, "params": {"max_depth": 5.514971385645778, "n_estimators": 25.71046688304242, "random_state": 2.0}, "datetime": {"datetime": "2021-09-29 22:10:28", "elapsed": 125.089085, "delta": 0.969242}}
{"target": -55.11859776720491, "params": {"max_depth": 5.723511520430201, "n_estimators": 62.13416724380698, "random_state": 2.000610823230981}, "datetime": {"datetime": "2021-09-29 22:10:29", "elapsed": 126.035124, "delta": 0.946039}}
{"target": -53.877901947015935, "params": {"max_depth": 4.148095023092205, "n_estimators": 86.22205250219466, "random_state": 3.2484594903975834}, "datetime": {"datetime": "2021-09-29 22:10:30", "elapsed": 127.214342, "delta": 1.179218}}
{"target": -55.73348930459867, "params": {"max_depth": 7.0, "n_estimators": 44.22940534290223, "random_state": 11.0}, "datetime": {"datetime": "2021-09-29 22:10:31", "elapsed": 128.308309, "delta": 1.093967}}
{"target": -56.407091218738, "params": {"max_depth": 4.617659202194478, "n_estimators": 72.04889519121181, "random_state": 9.793904284086988}, "datetime": {"datetime": "2021-09-29 22:10:33", "elapsed": 129.773135, "delta": 1.464826}}
{"target": -53.74850330786659, "params": {"max_depth": 4.320200503446718, "n_estimators": 83.8811342186831, "random_state": 3.3304044695664707}, "datetime": {"datetime": "2021-09-29 22:10:34", "elapsed": 130.856327, "delta": 1.083192}}
{"target": -55.75683463327641, "params": {"max_depth": 3.286618929062927, "n_estimators": 84.15450431466851, "random_state": 2.8501554983784727}, "datetime": {"datetime": "2021-09-29 22:10:35", "elapsed": 132.028329, "delta": 1.172002}}
{"target": -55.074329162809086, "params": {"max_depth": 4.746839445777632, "n_estimators": 83.32775046217625, "random_state": 2.9752878032946417}, "datetime": {"datetime": "2021-09-29 22:10:37", "elapsed": 133.603836, "delta": 1.575507}}
{"target": -55.205683787577556, "params": {"max_depth": 4.2874800359468415, "n_estimators": 83.74303076564317, "random_state": 4.323334907192179}, "datetime": {"datetime": "2021-09-29 22:10:38", "elapsed": 134.716649, "delta": 1.112813}}
{"target": -55.05616632753283, "params": {"max_depth": 4.61601063593327, "n_estimators": 85.21400700077638, "random_state": 2.931307755789276}, "datetime": {"datetime": "2021-09-29 22:10:39", "elapsed": 135.682691, "delta": 0.966042}}
{"target": -53.82189140728959, "params": {"max_depth": 4.509805537695895, "n_estimators": 80.50050310557236, "random_state": 3.1233312459369738}, "datetime": {"datetime": "2021-09-29 22:10:40", "elapsed": 136.60845, "delta": 0.925759}}
{"target": -55.251137355769345, "params": {"max_depth": 4.6745172239796275, "n_estimators": 80.97457854213368, "random_state": 4.155990398051295}, "datetime": {"datetime": "2021-09-29 22:10:41", "elapsed": 137.558447, "delta": 0.949997}}
{"target": -55.85201571346183, "params": {"max_depth": 3.9593900730480627, "n_estimators": 80.40357981579385, "random_state": 2.0}, "datetime": {"datetime": "2021-09-29 22:10:42", "elapsed": 138.791164, "delta": 1.232717}}
{"target": -54.810949258555084, "params": {"max_depth": 5.802982889573373, "n_estimators": 80.34844711110823, "random_state": 3.4169055038813347}, "datetime": {"datetime": "2021-09-29 22:10:44", "elapsed": 140.388288, "delta": 1.597124}}
{"target": -53.92546880362885, "params": {"max_depth": 4.976387695455616, "n_estimators": 79.59449460620576, "random_state": 3.611143716167571}, "datetime": {"datetime": "2021-09-29 22:10:45", "elapsed": 141.498511, "delta": 1.110223}}
{"target": -53.92546880362885, "params": {"max_depth": 4.156880886517275, "n_estimators": 79.55884466632997, "random_state": 3.1258381990770436}, "datetime": {"datetime": "2021-09-29 22:10:46", "elapsed": 142.757222, "delta": 1.258711}}
{"target": -56.335426921452544, "params": {"max_depth": 3.461754059023196, "n_estimators": 73.98356847060788, "random_state": 2.958267782286498}, "datetime": {"datetime": "2021-09-29 22:10:47", "elapsed": 143.775229, "delta": 1.018007}}
{"target": -54.82131639953063, "params": {"max_depth": 6.998008490528592, "n_estimators": 50.39214543120981, "random_state": 2.9463346982034877}, "datetime": {"datetime": "2021-09-29 22:10:48", "elapsed": 144.815257, "delta": 1.040028}}
{"target": -53.997869130930376, "params": {"max_depth": 4.623332173519016, "n_estimators": 74.6958309320358, "random_state": 3.984151585925675}, "datetime": {"datetime": "2021-09-29 22:10:49", "elapsed": 145.887259, "delta": 1.072002}}
{"target": -56.6335053264335, "params": {"max_depth": 2.077352978193457, "n_estimators": 64.27982071479028, "random_state": 4.143502032919654}, "datetime": {"datetime": "2021-09-29 22:10:50", "elapsed": 146.867977, "delta": 0.980718}}
{"target": -55.192853471552894, "params": {"max_depth": 5.575164034953852, "n_estimators": 59.934869626607124, "random_state": 5.760546706860154}, "datetime": {"datetime": "2021-09-29 22:10:51", "elapsed": 148.008002, "delta": 1.140025}}
{"target": -56.31669182834854, "params": {"max_depth": 3.2481978353501786, "n_estimators": 42.908766227102944, "random_state": 2.083744960071863}, "datetime": {"datetime": "2021-09-29 22:10:52", "elapsed": 148.953517, "delta": 0.945515}}
{"target": -57.07491091576167, "params": {"max_depth": 2.0, "n_estimators": 38.78666154337499, "random_state": 6.219952159653354}, "datetime": {"datetime": "2021-09-29 22:10:53", "elapsed": 149.855146, "delta": 0.901629}}
{"target": -55.87118965925234, "params": {"max_depth": 3.2091112196499347, "n_estimators": 60.61966785146039, "random_state": 10.996294041994906}, "datetime": {"datetime": "2021-09-29 22:10:54", "elapsed": 151.010421, "delta": 1.155275}}
{"target": -54.58328764906537, "params": {"max_depth": 4.797285686224469, "n_estimators": 40.955213444831145, "random_state": 3.5281781957324703}, "datetime": {"datetime": "2021-09-29 22:10:55", "elapsed": 152.035391, "delta": 1.02497}}
{"target": -53.877901947015935, "params": {"max_depth": 4.42694096582453, "n_estimators": 86.93787868497296, "random_state": 3.8967595770930883}, "datetime": {"datetime": "2021-09-29 22:10:56", "elapsed": 153.158732, "delta": 1.123341}}
{"target": -55.57453356153148, "params": {"max_depth": 7.0, "n_estimators": 59.0254513025123, "random_state": 11.0}, "datetime": {"datetime": "2021-09-29 22:10:58", "elapsed": 154.343464, "delta": 1.184732}}
{"target": -54.064116307059315, "params": {"max_depth": 5.238542042251846, "n_estimators": 52.552766069922, "random_state": 11.0}, "datetime": {"datetime": "2021-09-29 22:10:59", "elapsed": 155.435531, "delta": 1.092067}}
{"target": -55.72977031676514, "params": {"max_depth": 4.387900301681676, "n_estimators": 52.05906804477755, "random_state": 10.007918063718025}, "datetime": {"datetime": "2021-09-29 22:11:00", "elapsed": 156.50753, "delta": 1.071999}}
{"target": -55.31314551455618, "params": {"max_depth": 5.945569510715978, "n_estimators": 52.92838921268398, "random_state": 10.965197524003282}, "datetime": {"datetime": "2021-09-29 22:11:01", "elapsed": 157.84175, "delta": 1.33422}}
{"target": -55.1942117516114, "params": {"max_depth": 4.979153224664591, "n_estimators": 79.92524185198455, "random_state": 2.8494124618117476}, "datetime": {"datetime": "2021-09-29 22:11:02", "elapsed": 159.325563, "delta": 1.483813}}
{"target": -55.15563938383199, "params": {"max_depth": 3.535412920781245, "n_estimators": 80.13988508087436, "random_state": 3.3929137874458766}, "datetime": {"datetime": "2021-09-29 22:11:04", "elapsed": 160.740635, "delta": 1.415072}}
{"target": -55.116663724509195, "params": {"max_depth": 5.346526561303024, "n_estimators": 59.69411055326768, "random_state": 3.729400124988819}, "datetime": {"datetime": "2021-09-29 22:11:05", "elapsed": 162.049637, "delta": 1.309002}}
{"target": -54.44873111871147, "params": {"max_depth": 7.0, "n_estimators": 20.876458352516845, "random_state": 2.0}, "datetime": {"datetime": "2021-09-29 22:11:06", "elapsed": 163.145184, "delta": 1.095547}}
{"target": -55.52531546729337, "params": {"max_depth": 5.416705477093354, "n_estimators": 51.46739233175268, "random_state": 10.67424560524982}, "datetime": {"datetime": "2021-09-29 22:11:08", "elapsed": 164.67234, "delta": 1.527156}}
{"target": -56.62255274738857, "params": {"max_depth": 2.9291297271377372, "n_estimators": 86.93336175062082, "random_state": 4.229309188303107}, "datetime": {"datetime": "2021-09-29 22:11:10", "elapsed": 166.400338, "delta": 1.727998}}
{"target": -53.67468727851269, "params": {"max_depth": 4.862062559210281, "n_estimators": 84.2844929736696, "random_state": 3.559418824241033}, "datetime": {"datetime": "2021-09-29 22:11:11", "elapsed": 167.762958, "delta": 1.36262}}
{"target": -54.01736274111764, "params": {"max_depth": 4.401133003686759, "n_estimators": 42.92941715731202, "random_state": 11.0}, "datetime": {"datetime": "2021-09-29 22:11:12", "elapsed": 169.075243, "delta": 1.312285}}
{"target": -56.38840964029605, "params": {"max_depth": 4.024777763373018, "n_estimators": 43.148308429615895, "random_state": 9.888926512262541}, "datetime": {"datetime": "2021-09-29 22:11:13", "elapsed": 170.21785, "delta": 1.142607}}
{"target": -55.552092915815535, "params": {"max_depth": 5.010070555196446, "n_estimators": 41.929755073770366, "random_state": 10.848367417442882}, "datetime": {"datetime": "2021-09-29 22:11:15", "elapsed": 171.503148, "delta": 1.285298}}
{"target": -56.01310728147868, "params": {"max_depth": 4.524844191067358, "n_estimators": 44.41161215205645, "random_state": 10.977995728543425}, "datetime": {"datetime": "2021-09-29 22:11:16", "elapsed": 172.671783, "delta": 1.168635}}
{"target": -57.68977042644341, "params": {"max_depth": 7.0, "n_estimators": 49.41189926294447, "random_state": 4.264940474857868}, "datetime": {"datetime": "2021-09-29 22:11:17", "elapsed": 174.227481, "delta": 1.555698}}
{"target": -53.964290416482264, "params": {"max_depth": 4.786698309236496, "n_estimators": 77.33456101334342, "random_state": 3.0108377210527593}, "datetime": {"datetime": "2021-09-29 22:11:19", "elapsed": 175.729045, "delta": 1.501564}}
{"target": -55.27644968255303, "params": {"max_depth": 7.0, "n_estimators": 71.8754945219195, "random_state": 2.744286377567483}, "datetime": {"datetime": "2021-09-29 22:11:20", "elapsed": 177.233767, "delta": 1.504722}}
{"target": -54.82131639953063, "params": {"max_depth": 6.679814222083716, "n_estimators": 50.91171756506163, "random_state": 2.0659527615419715}, "datetime": {"datetime": "2021-09-29 22:11:22", "elapsed": 178.777601, "delta": 1.543834}}
{"target": -55.96447922907003, "params": {"max_depth": 3.0048096073747494, "n_estimators": 42.79172876036603, "random_state": 10.93429915480939}, "datetime": {"datetime": "2021-09-29 22:11:24", "elapsed": 180.457235, "delta": 1.679634}}
{"target": -55.61440246184899, "params": {"max_depth": 4.508416064886232, "n_estimators": 53.218235555021565, "random_state": 10.881892507407336}, "datetime": {"datetime": "2021-09-29 22:11:25", "elapsed": 181.893529, "delta": 1.436294}}
{"target": -55.2723534763775, "params": {"max_depth": 5.625908070186703, "n_estimators": 46.72468225943076, "random_state": 2.3193059572066725}, "datetime": {"datetime": "2021-09-29 22:11:26", "elapsed": 183.232905, "delta": 1.339376}}
{"target": -54.60686157517787, "params": {"max_depth": 4.689901965132773, "n_estimators": 39.16884807370121, "random_state": 3.7563262503504022}, "datetime": {"datetime": "2021-09-29 22:11:28", "elapsed": 184.422605, "delta": 1.1897}}
{"target": -54.78280770475149, "params": {"max_depth": 4.561949809876598, "n_estimators": 39.99283985352618, "random_state": 4.7755163611242395}, "datetime": {"datetime": "2021-09-29 22:11:29", "elapsed": 185.902807, "delta": 1.480202}}
{"target": -54.95469787125339, "params": {"max_depth": 5.600473566714576, "n_estimators": 43.812127547159065, "random_state": 2.0}, "datetime": {"datetime": "2021-09-29 22:11:31", "elapsed": 187.511339, "delta": 1.608532}}
{"target": -55.05944346458344, "params": {"max_depth": 4.5605311784359674, "n_estimators": 37.959891681008344, "random_state": 4.833074426939719}, "datetime": {"datetime": "2021-09-29 22:11:32", "elapsed": 189.060827, "delta": 1.549488}}
{"target": -55.11845785663792, "params": {"max_depth": 7.0, "n_estimators": 49.55576826940766, "random_state": 2.0}, "datetime": {"datetime": "2021-09-29 22:11:33", "elapsed": 190.170438, "delta": 1.109611}}
{"target": -54.40403663884763, "params": {"max_depth": 4.482504089513947, "n_estimators": 57.88821879747851, "random_state": 3.3568313831134704}, "datetime": {"datetime": "2021-09-29 22:11:34", "elapsed": 191.291446, "delta": 1.121008}}
{"target": -55.13725426410366, "params": {"max_depth": 5.0273507054096, "n_estimators": 56.589392053044804, "random_state": 3.186057844349399}, "datetime": {"datetime": "2021-09-29 22:11:36", "elapsed": 192.687694, "delta": 1.396248}}
{"target": -54.60141012540812, "params": {"max_depth": 3.7690449819240053, "n_estimators": 57.294468764070444, "random_state": 4.578117984578071}, "datetime": {"datetime": "2021-09-29 22:11:37", "elapsed": 193.950025, "delta": 1.262331}}
{"target": -56.05640528772846, "params": {"max_depth": 3.647770617352451, "n_estimators": 59.09589130083445, "random_state": 2.650155169169536}, "datetime": {"datetime": "2021-09-29 22:11:39", "elapsed": 195.587138, "delta": 1.637113}}
{"target": -55.63055251348473, "params": {"max_depth": 3.6226670423770715, "n_estimators": 57.088091003582676, "random_state": 6.270136292525749}, "datetime": {"datetime": "2021-09-29 22:11:40", "elapsed": 197.272905, "delta": 1.685767}}
{"target": -54.98839640834486, "params": {"max_depth": 5.233699224397407, "n_estimators": 78.32416026297315, "random_state": 3.7458957931731}, "datetime": {"datetime": "2021-09-29 22:11:42", "elapsed": 198.886615, "delta": 1.61371}}
{"target": -55.45472669007554, "params": {"max_depth": 3.6973385295311627, "n_estimators": 40.28389266038904, "random_state": 3.7526715965251034}, "datetime": {"datetime": "2021-09-29 22:11:43", "elapsed": 200.042277, "delta": 1.155662}}
{"target": -54.20290716665516, "params": {"max_depth": 5.3517569704501735, "n_estimators": 43.16650601304776, "random_state": 11.0}, "datetime": {"datetime": "2021-09-29 22:11:44", "elapsed": 201.248919, "delta": 1.206642}}
{"target": -55.29156943670067, "params": {"max_depth": 5.667404636944693, "n_estimators": 33.3961567085645, "random_state": 2.0}, "datetime": {"datetime": "2021-09-29 22:11:46", "elapsed": 202.449447, "delta": 1.200528}}
{"target": -56.27189902351829, "params": {"max_depth": 4.633310078298611, "n_estimators": 26.92492891859716, "random_state": 10.909843424835165}, "datetime": {"datetime": "2021-09-29 22:11:47", "elapsed": 203.8995, "delta": 1.450053}}
{"target": -57.301660279985164, "params": {"max_depth": 7.0, "n_estimators": 26.094554534961695, "random_state": 4.168025222628062}, "datetime": {"datetime": "2021-09-29 22:11:49", "elapsed": 205.443733, "delta": 1.544233}}
{"target": -55.2095266935703, "params": {"max_depth": 5.943339320239083, "n_estimators": 23.826559662283643, "random_state": 2.3504676311125876}, "datetime": {"datetime": "2021-09-29 22:11:50", "elapsed": 206.793464, "delta": 1.349731}}
{"target": -56.1265036706703, "params": {"max_depth": 7.0, "n_estimators": 69.85592971201241, "random_state": 6.344852250586739}, "datetime": {"datetime": "2021-09-29 22:11:52", "elapsed": 208.403463, "delta": 1.609999}}
{"target": -53.92546880362885, "params": {"max_depth": 4.439500921514013, "n_estimators": 79.99435330952478, "random_state": 3.666165676528814}, "datetime": {"datetime": "2021-09-29 22:11:53", "elapsed": 209.723754, "delta": 1.320291}}
{"target": -57.88221656136784, "params": {"max_depth": 6.698526072273986, "n_estimators": 34.45946241109126, "random_state": 7.506675229030766}, "datetime": {"datetime": "2021-09-29 22:11:55", "elapsed": 211.338374, "delta": 1.61462}}
{"target": -57.275693194569065, "params": {"max_depth": 2.0019034725985208, "n_estimators": 23.545228069556615, "random_state": 7.164267770712941}, "datetime": {"datetime": "2021-09-29 22:11:56", "elapsed": 212.987566, "delta": 1.649192}}
{"target": -55.209738231835445, "params": {"max_depth": 7.0, "n_estimators": 24.79955980782987, "random_state": 2.0}, "datetime": {"datetime": "2021-09-29 22:11:57", "elapsed": 214.209566, "delta": 1.222}}
{"target": -57.073108673381924, "params": {"max_depth": 2.759870967115642, "n_estimators": 72.74204430758778, "random_state": 11.0}, "datetime": {"datetime": "2021-09-29 22:11:59", "elapsed": 215.607841, "delta": 1.398275}}
{"target": -58.77730504433754, "params": {"max_depth": 2.0, "n_estimators": 31.075036344560058, "random_state": 8.077050328450127}, "datetime": {"datetime": "2021-09-29 22:12:00", "elapsed": 217.090713, "delta": 1.482872}}
{"target": -55.80687547198653, "params": {"max_depth": 5.079828498807709, "n_estimators": 80.40191848944474, "random_state": 10.825601783347214}, "datetime": {"datetime": "2021-09-29 22:12:02", "elapsed": 218.960949, "delta": 1.870236}}
{"target": -58.36365896080097, "params": {"max_depth": 7.0, "n_estimators": 58.62617145208677, "random_state": 7.087187653578887}, "datetime": {"datetime": "2021-09-29 22:12:04", "elapsed": 220.496712, "delta": 1.535763}}
{"target": -55.55027623234573, "params": {"max_depth": 7.0, "n_estimators": 62.94065517823741, "random_state": 11.0}, "datetime": {"datetime": "2021-09-29 22:12:05", "elapsed": 221.84529, "delta": 1.348578}}
{"target": -54.44428034430169, "params": {"max_depth": 3.3240416875049896, "n_estimators": 35.95058110929609, "random_state": 11.0}, "datetime": {"datetime": "2021-09-29 22:12:06", "elapsed": 223.127892, "delta": 1.282602}}
{"target": -54.14064109436632, "params": {"max_depth": 4.109287362797576, "n_estimators": 34.70358494837422, "random_state": 11.0}, "datetime": {"datetime": "2021-09-29 22:12:07", "elapsed": 224.268526, "delta": 1.140634}}
{"target": -56.482043238769656, "params": {"max_depth": 3.7167468907020678, "n_estimators": 34.9816610324685, "random_state": 9.663072760855053}, "datetime": {"datetime": "2021-09-29 22:12:09", "elapsed": 225.425951, "delta": 1.157425}}
{"target": -54.33363172134483, "params": {"max_depth": 4.676890017977422, "n_estimators": 33.3007319589406, "random_state": 11.0}, "datetime": {"datetime": "2021-09-29 22:12:10", "elapsed": 226.740947, "delta": 1.314996}}
{"target": -55.93861210865173, "params": {"max_depth": 4.420330210171934, "n_estimators": 35.824942905778684, "random_state": 10.983520152564845}, "datetime": {"datetime": "2021-09-29 22:12:11", "elapsed": 228.231227, "delta": 1.49028}}
{"target": -56.11004085133197, "params": {"max_depth": 2.0, "n_estimators": 35.966014199074074, "random_state": 11.0}, "datetime": {"datetime": "2021-09-29 22:12:13", "elapsed": 229.36804, "delta": 1.136813}}
{"target": -56.01077750733066, "params": {"max_depth": 3.537545213037113, "n_estimators": 34.36588743857436, "random_state": 10.978162989031556}, "datetime": {"datetime": "2021-09-29 22:12:14", "elapsed": 230.583043, "delta": 1.215003}}
{"target": -55.892230558569224, "params": {"max_depth": 4.982828311209711, "n_estimators": 34.06439975914388, "random_state": 10.567563482579764}, "datetime": {"datetime": "2021-09-29 22:12:15", "elapsed": 231.922359, "delta": 1.339316}}
{"target": -56.09601220376699, "params": {"max_depth": 4.803967769423096, "n_estimators": 31.97804250931461, "random_state": 10.959830239150536}, "datetime": {"datetime": "2021-09-29 22:12:16", "elapsed": 233.060556, "delta": 1.138197}}
{"target": -54.91393581969395, "params": {"max_depth": 5.488820019777436, "n_estimators": 73.74439072445128, "random_state": 3.353121223463968}, "datetime": {"datetime": "2021-09-29 22:12:18", "elapsed": 234.455196, "delta": 1.39464}}
