{"target": -54.62701182428874, "params": {"max_depth": 4.431314069332002, "n_estimators": 37.349452305096335, "random_state": 5.073465296049613}, "datetime": {"datetime": "2021-09-29 22:11:27", "elapsed": 78.697399, "delta": 0.765039}}
{"target": -58.19035934989002, "params": {"max_depth": 6.99246186685417, "n_estimators": 55.892292758885745, "random_state": 1.0612605458743842}, "datetime": {"datetime": "2021-09-29 22:11:28", "elapsed": 79.619269, "delta": 0.92187}}
{"target": -57.20166458871559, "params": {"max_depth": 7.0, "n_estimators": 63.56212788350669, "random_state": 11.0}, "datetime": {"datetime": "2021-09-29 22:11:29", "elapsed": 80.977263, "delta": 1.357994}}
{"target": -55.54355640268685, "params": {"max_depth": 6.899348387901737, "n_estimators": 48.136913857552734, "random_state": 10.816015819053465}, "datetime": {"datetime": "2021-09-29 22:11:30", "elapsed": 81.964754, "delta": 0.987491}}
{"target": -55.50582942614813, "params": {"max_depth": 6.56385951593722, "n_estimators": 49.99812593904579, "random_state": 10.99478080594949}, "datetime": {"datetime": "2021-09-29 22:11:31", "elapsed": 82.915753, "delta": 0.950999}}
{"target": -55.19400376244743, "params": {"max_depth": 5.162439496665592, "n_estimators": 48.865141505558114, "random_state": 11.0}, "datetime": {"datetime": "2021-09-29 22:11:32", "elapsed": 83.938894, "delta": 1.023141}}
{"target": -56.06640327277239, "params": {"max_depth": 5.6376457748726905, "n_estimators": 49.07468779274513, "random_state": 9.742569271858788}, "datetime": {"datetime": "2021-09-29 22:11:33", "elapsed": 84.916898, "delta": 0.978004}}
{"target": -55.4503185310249, "params": {"max_depth": 4.077282217408378, "n_estimators": 48.0662929437109, "random_state": 11.0}, "datetime": {"datetime": "2021-09-29 22:11:34", "elapsed": 85.792896, "delta": 0.875998}}
{"target": -55.33336580266626, "params": {"max_depth": 4.09025250508642, "n_estimators": 49.70772755952521, "random_state": 11.0}, "datetime": {"datetime": "2021-09-29 22:11:35", "elapsed": 86.688896, "delta": 0.896}}
{"target": -56.595498770459095, "params": {"max_depth": 3.0468846242673493, "n_estimators": 49.06455498673142, "random_state": 10.331977171476778}, "datetime": {"datetime": "2021-09-29 22:11:36", "elapsed": 87.594157, "delta": 0.905261}}
{"target": -55.26390889300444, "params": {"max_depth": 5.4012871586210505, "n_estimators": 47.41559736453872, "random_state": 11.0}, "datetime": {"datetime": "2021-09-29 22:11:37", "elapsed": 88.411474, "delta": 0.817317}}
{"target": -56.13492604359623, "params": {"max_depth": 5.0452104232934945, "n_estimators": 46.56017493573836, "random_state": 9.959117162751271}, "datetime": {"datetime": "2021-09-29 22:11:38", "elapsed": 89.445592, "delta": 1.034118}}
{"target": -56.32180308224246, "params": {"max_depth": 4.723863964810599, "n_estimators": 50.859270748448886, "random_state": 10.331700526279024}, "datetime": {"datetime": "2021-09-29 22:11:39", "elapsed": 90.311593, "delta": 0.866001}}
{"target": -55.61381525836771, "params": {"max_depth": 6.722633299648775, "n_estimators": 46.34188901422582, "random_state": 10.84944557603897}, "datetime": {"datetime": "2021-09-29 22:11:40", "elapsed": 91.310589, "delta": 0.998996}}
{"target": -55.407104953288936, "params": {"max_depth": 6.9759642204289385, "n_estimators": 24.53599567155199, "random_state": 5.20146132802074}, "datetime": {"datetime": "2021-09-29 22:11:40", "elapsed": 91.961356, "delta": 0.650767}}
{"target": -57.19306701088544, "params": {"max_depth": 5.709085209787829, "n_estimators": 24.854469728741826, "random_state": 6.042806689646544}, "datetime": {"datetime": "2021-09-29 22:11:41", "elapsed": 92.803354, "delta": 0.841998}}
{"target": -55.62191774843731, "params": {"max_depth": 6.854365452079831, "n_estimators": 25.001056520217197, "random_state": 3.9545001455388498}, "datetime": {"datetime": "2021-09-29 22:11:42", "elapsed": 93.690067, "delta": 0.886713}}
{"target": -57.34847908953655, "params": {"max_depth": 7.0, "n_estimators": 23.266397842825395, "random_state": 4.4323009380685185}, "datetime": {"datetime": "2021-09-29 22:11:43", "elapsed": 94.491724, "delta": 0.801657}}
{"target": -55.80856375574638, "params": {"max_depth": 6.837748392305383, "n_estimators": 26.793925877573077, "random_state": 3.442994252493773}, "datetime": {"datetime": "2021-09-29 22:11:44", "elapsed": 95.337731, "delta": 0.846007}}
{"target": -54.22408855214592, "params": {"max_depth": 5.309975538059991, "n_estimators": 41.817852839778496, "random_state": 5.601970333226585}, "datetime": {"datetime": "2021-09-29 22:11:45", "elapsed": 96.107372, "delta": 0.769641}}
{"target": -56.85985988571747, "params": {"max_depth": 7.0, "n_estimators": 44.169624324025826, "random_state": 11.0}, "datetime": {"datetime": "2021-09-29 22:11:45", "elapsed": 97.0619, "delta": 0.954528}}
{"target": -54.20199176026236, "params": {"max_depth": 5.021550014599146, "n_estimators": 38.31525527023415, "random_state": 5.137428800338761}, "datetime": {"datetime": "2021-09-29 22:11:47", "elapsed": 98.395955, "delta": 1.334055}}
{"target": -56.762666008295945, "params": {"max_depth": 3.0912507586768228, "n_estimators": 102.08705237080775, "random_state": 5.716029658089907}, "datetime": {"datetime": "2021-09-29 22:11:48", "elapsed": 99.571183, "delta": 1.175228}}
{"target": -57.00703470147086, "params": {"max_depth": 3.1195773667255153, "n_estimators": 47.33278511501406, "random_state": 1.2454777806881436}, "datetime": {"datetime": "2021-09-29 22:11:49", "elapsed": 100.568184, "delta": 0.997001}}
{"target": -57.35322474619339, "params": {"max_depth": 3.317136868237757, "n_estimators": 66.51217116306753, "random_state": 1.5251877091821544}, "datetime": {"datetime": "2021-09-29 22:11:50", "elapsed": 101.721915, "delta": 1.153731}}
{"target": -56.5838124383681, "params": {"max_depth": 6.991981754917289, "n_estimators": 93.80465374367998, "random_state": 2.7214046804642145}, "datetime": {"datetime": "2021-09-29 22:11:51", "elapsed": 103.064914, "delta": 1.342999}}
{"target": -56.22642840317257, "params": {"max_depth": 3.0, "n_estimators": 82.06262950044119, "random_state": 6.797812364306658}, "datetime": {"datetime": "2021-09-29 22:11:53", "elapsed": 104.100208, "delta": 1.035294}}
{"target": -58.064127858695954, "params": {"max_depth": 6.838269472836444, "n_estimators": 89.16639675656627, "random_state": 7.708532373067559}, "datetime": {"datetime": "2021-09-29 22:11:54", "elapsed": 105.484824, "delta": 1.384616}}
{"target": -57.66254979317549, "params": {"max_depth": 7.0, "n_estimators": 81.89091554160997, "random_state": 11.0}, "datetime": {"datetime": "2021-09-29 22:11:55", "elapsed": 106.672821, "delta": 1.187997}}
{"target": -56.185894215863186, "params": {"max_depth": 6.762968853824125, "n_estimators": 76.34680217579228, "random_state": 6.517378741977341}, "datetime": {"datetime": "2021-09-29 22:11:56", "elapsed": 108.011021, "delta": 1.3382}}
{"target": -57.441933318495465, "params": {"max_depth": 3.104512761032998, "n_estimators": 51.63397225635214, "random_state": 1.1090055014179225}, "datetime": {"datetime": "2021-09-29 22:11:58", "elapsed": 109.081644, "delta": 1.070623}}
{"target": -59.7045921182922, "params": {"max_depth": 5.32251124475722, "n_estimators": 25.487344973179447, "random_state": 1.5727986711035793}, "datetime": {"datetime": "2021-09-29 22:11:58", "elapsed": 109.9173, "delta": 0.835656}}
{"target": -56.51160314563758, "params": {"max_depth": 6.817224097762763, "n_estimators": 79.63323632292997, "random_state": 2.7666547189468917}, "datetime": {"datetime": "2021-09-29 22:12:00", "elapsed": 111.332295, "delta": 1.414995}}
{"target": -57.383691775994905, "params": {"max_depth": 3.0, "n_estimators": 60.38472415950094, "random_state": 1.0}, "datetime": {"datetime": "2021-09-29 22:12:01", "elapsed": 112.538212, "delta": 1.205917}}
{"target": -58.9475789472201, "params": {"max_depth": 6.657057526301038, "n_estimators": 71.5925864605378, "random_state": 1.0549235121717162}, "datetime": {"datetime": "2021-09-29 22:12:02", "elapsed": 113.732405, "delta": 1.194193}}
{"target": -56.451757383451394, "params": {"max_depth": 3.210608792860655, "n_estimators": 63.55356530803064, "random_state": 6.772622651717265}, "datetime": {"datetime": "2021-09-29 22:12:03", "elapsed": 114.865164, "delta": 1.132759}}
{"target": -56.84294761173897, "params": {"max_depth": 7.0, "n_estimators": 82.24072909656225, "random_state": 6.193921616202598}, "datetime": {"datetime": "2021-09-29 22:12:05", "elapsed": 116.198784, "delta": 1.33362}}
{"target": -58.1279221288225, "params": {"max_depth": 3.213929539257253, "n_estimators": 20.282694398704887, "random_state": 6.9067542033462415}, "datetime": {"datetime": "2021-09-29 22:12:05", "elapsed": 116.978751, "delta": 0.779967}}
{"target": -57.41014139808546, "params": {"max_depth": 7.0, "n_estimators": 64.44726928762961, "random_state": 4.373831792346906}, "datetime": {"datetime": "2021-09-29 22:12:06", "elapsed": 117.985354, "delta": 1.006603}}
{"target": -55.47568931851386, "params": {"max_depth": 6.987938474339437, "n_estimators": 106.9278862618048, "random_state": 10.848180700088987}, "datetime": {"datetime": "2021-09-29 22:12:08", "elapsed": 119.364986, "delta": 1.379632}}
{"target": -56.02164538386075, "params": {"max_depth": 7.0, "n_estimators": 107.16655384145848, "random_state": 9.170076410860064}, "datetime": {"datetime": "2021-09-29 22:12:09", "elapsed": 120.887412, "delta": 1.522426}}
{"target": -55.456699778980266, "params": {"max_depth": 6.179696590106799, "n_estimators": 105.58170551758836, "random_state": 10.988844625176991}, "datetime": {"datetime": "2021-09-29 22:12:11", "elapsed": 122.314644, "delta": 1.427232}}
{"target": -55.659972373003505, "params": {"max_depth": 5.240449842824368, "n_estimators": 107.50992179552655, "random_state": 10.704128902744136}, "datetime": {"datetime": "2021-09-29 22:12:12", "elapsed": 123.619899, "delta": 1.305255}}
{"target": -55.5097271581798, "params": {"max_depth": 5.270496708013874, "n_estimators": 105.44921950559178, "random_state": 9.749038979031793}, "datetime": {"datetime": "2021-09-29 22:12:13", "elapsed": 124.698538, "delta": 1.078639}}
{"target": -55.97868356321369, "params": {"max_depth": 6.952249155984745, "n_estimators": 104.79097170845345, "random_state": 9.772474862998466}, "datetime": {"datetime": "2021-09-29 22:12:15", "elapsed": 126.307821, "delta": 1.609283}}
{"target": -55.82057046321093, "params": {"max_depth": 4.404393582424464, "n_estimators": 105.86508554458358, "random_state": 11.0}, "datetime": {"datetime": "2021-09-29 22:12:16", "elapsed": 127.551858, "delta": 1.244037}}
{"target": -55.52075247612193, "params": {"max_depth": 6.967307838635472, "n_estimators": 108.82363408082854, "random_state": 10.838127800005728}, "datetime": {"datetime": "2021-09-29 22:12:17", "elapsed": 128.799969, "delta": 1.248111}}
{"target": -56.67553954420305, "params": {"max_depth": 3.9340883728857357, "n_estimators": 106.19653357754196, "random_state": 8.667910850668829}, "datetime": {"datetime": "2021-09-29 22:12:18", "elapsed": 129.931935, "delta": 1.131966}}
{"target": -55.97301810478651, "params": {"max_depth": 6.944193008127954, "n_estimators": 109.92231001483879, "random_state": 9.89851797983418}, "datetime": {"datetime": "2021-09-29 22:12:20", "elapsed": 131.321899, "delta": 1.389964}}
{"target": -56.980818597803385, "params": {"max_depth": 3.0, "n_estimators": 110.0, "random_state": 1.0}, "datetime": {"datetime": "2021-09-29 22:12:21", "elapsed": 132.361125, "delta": 1.039226}}
{"target": -56.282361811054415, "params": {"max_depth": 7.0, "n_estimators": 99.38791127093725, "random_state": 9.425408239603742}, "datetime": {"datetime": "2021-09-29 22:12:22", "elapsed": 133.896902, "delta": 1.535777}}
{"target": -55.9184885412654, "params": {"max_depth": 6.867482313818926, "n_estimators": 47.30450617259847, "random_state": 9.302326310682938}, "datetime": {"datetime": "2021-09-29 22:12:23", "elapsed": 134.953569, "delta": 1.056667}}
{"target": -57.56290427794265, "params": {"max_depth": 7.0, "n_estimators": 74.12876414444649, "random_state": 11.0}, "datetime": {"datetime": "2021-09-29 22:12:25", "elapsed": 136.969745, "delta": 2.016176}}
{"target": -55.134884237965196, "params": {"max_depth": 6.955954331144044, "n_estimators": 52.11218947676503, "random_state": 10.806081072100397}, "datetime": {"datetime": "2021-09-29 22:12:27", "elapsed": 138.16547, "delta": 1.195725}}
{"target": -55.401661924858026, "params": {"max_depth": 5.748108488037751, "n_estimators": 52.99232236523566, "random_state": 10.70629140624315}, "datetime": {"datetime": "2021-09-29 22:12:28", "elapsed": 139.072294, "delta": 0.906824}}
{"target": -55.56049729938615, "params": {"max_depth": 6.682670466960499, "n_estimators": 52.97189300837544, "random_state": 9.820716066043481}, "datetime": {"datetime": "2021-09-29 22:12:29", "elapsed": 140.404093, "delta": 1.331799}}
{"target": -55.00411477431641, "params": {"max_depth": 6.3646664642603845, "n_estimators": 54.30221522784943, "random_state": 10.862772723147664}, "datetime": {"datetime": "2021-09-29 22:12:30", "elapsed": 141.404095, "delta": 1.000002}}
{"target": -55.23339052438189, "params": {"max_depth": 5.412001425991965, "n_estimators": 54.896189601575266, "random_state": 10.582778015548639}, "datetime": {"datetime": "2021-09-29 22:12:31", "elapsed": 142.574353, "delta": 1.170258}}
{"target": -55.18519597482315, "params": {"max_depth": 6.383019884659985, "n_estimators": 55.86781025545568, "random_state": 10.936906009925778}, "datetime": {"datetime": "2021-09-29 22:12:32", "elapsed": 143.774985, "delta": 1.200632}}
{"target": -56.11372353820968, "params": {"max_depth": 5.638614172844038, "n_estimators": 54.298994335155406, "random_state": 9.397310940647715}, "datetime": {"datetime": "2021-09-29 22:12:33", "elapsed": 144.937688, "delta": 1.162703}}
{"target": -55.761413021211524, "params": {"max_depth": 6.903376555349961, "n_estimators": 51.1610862462088, "random_state": 9.778919231695937}, "datetime": {"datetime": "2021-09-29 22:12:34", "elapsed": 146.038229, "delta": 1.100541}}
{"target": -55.634440603033994, "params": {"max_depth": 6.808786478988804, "n_estimators": 55.3067318665876, "random_state": 9.94983532226994}, "datetime": {"datetime": "2021-09-29 22:12:36", "elapsed": 147.192261, "delta": 1.154032}}
{"target": -55.23304271355526, "params": {"max_depth": 5.026197438105898, "n_estimators": 56.08193969592203, "random_state": 10.985330715945173}, "datetime": {"datetime": "2021-09-29 22:12:37", "elapsed": 148.193743, "delta": 1.001482}}
{"target": -55.02981976457486, "params": {"max_depth": 5.970096684773438, "n_estimators": 57.46231435472056, "random_state": 10.880997529253474}, "datetime": {"datetime": "2021-09-29 22:12:38", "elapsed": 149.201507, "delta": 1.007764}}
{"target": -54.96762137135318, "params": {"max_depth": 6.052492703575606, "n_estimators": 56.507691040815246, "random_state": 10.085267440469059}, "datetime": {"datetime": "2021-09-29 22:12:39", "elapsed": 150.160976, "delta": 0.959469}}
{"target": -54.96762137135318, "params": {"max_depth": 6.948538777410453, "n_estimators": 56.80792841458592, "random_state": 10.80064380822794}, "datetime": {"datetime": "2021-09-29 22:12:40", "elapsed": 151.166972, "delta": 1.005996}}
{"target": -54.819448231977766, "params": {"max_depth": 6.7219850074779375, "n_estimators": 58.338974312421975, "random_state": 10.16563419843574}, "datetime": {"datetime": "2021-09-29 22:12:41", "elapsed": 152.213291, "delta": 1.046319}}
{"target": -55.089773004053114, "params": {"max_depth": 5.685429578241602, "n_estimators": 58.898877775938274, "random_state": 10.864367781121707}, "datetime": {"datetime": "2021-09-29 22:12:42", "elapsed": 153.201255, "delta": 0.987964}}
{"target": -56.97390649387509, "params": {"max_depth": 7.0, "n_estimators": 58.10143371007696, "random_state": 11.0}, "datetime": {"datetime": "2021-09-29 22:12:43", "elapsed": 154.40912, "delta": 1.207865}}
{"target": -55.769866957041344, "params": {"max_depth": 6.415082998972036, "n_estimators": 59.24292097449652, "random_state": 9.843272234402992}, "datetime": {"datetime": "2021-09-29 22:12:44", "elapsed": 155.554155, "delta": 1.145035}}
{"target": -55.85088520758167, "params": {"max_depth": 6.561383716098474, "n_estimators": 57.5045012655475, "random_state": 9.728622019051286}, "datetime": {"datetime": "2021-09-29 22:12:45", "elapsed": 156.632896, "delta": 1.078741}}
{"target": -55.94528205818421, "params": {"max_depth": 4.874939238087393, "n_estimators": 57.83451212129719, "random_state": 10.730974714153362}, "datetime": {"datetime": "2021-09-29 22:12:46", "elapsed": 157.637857, "delta": 1.004961}}
{"target": -56.073114457420125, "params": {"max_depth": 4.131609228563397, "n_estimators": 55.00207898562158, "random_state": 10.894155532180811}, "datetime": {"datetime": "2021-09-29 22:12:47", "elapsed": 158.818093, "delta": 1.180236}}
{"target": -56.05857003674676, "params": {"max_depth": 4.88132087602523, "n_estimators": 60.18343754335634, "random_state": 10.692991303381643}, "datetime": {"datetime": "2021-09-29 22:12:48", "elapsed": 159.929436, "delta": 1.111343}}
{"target": -57.55095373921334, "params": {"max_depth": 7.0, "n_estimators": 30.124228699070233, "random_state": 11.0}, "datetime": {"datetime": "2021-09-29 22:12:49", "elapsed": 160.775479, "delta": 0.846043}}
{"target": -55.6743641533885, "params": {"max_depth": 5.588065791966337, "n_estimators": 104.08094723549254, "random_state": 10.858565099484426}, "datetime": {"datetime": "2021-09-29 22:12:50", "elapsed": 161.927729, "delta": 1.15225}}
{"target": -56.876426019834604, "params": {"max_depth": 3.0, "n_estimators": 92.31408360322845, "random_state": 5.019622624289412}, "datetime": {"datetime": "2021-09-29 22:12:51", "elapsed": 163.055737, "delta": 1.128008}}
{"target": -56.3459050993297, "params": {"max_depth": 4.893496122679226, "n_estimators": 56.28698500151237, "random_state": 9.776954289087083}, "datetime": {"datetime": "2021-09-29 22:12:52", "elapsed": 163.999096, "delta": 0.943359}}
{"target": -56.840479378317546, "params": {"max_depth": 6.970977622416308, "n_estimators": 47.285693452535114, "random_state": 4.2258682721414065}, "datetime": {"datetime": "2021-09-29 22:12:53", "elapsed": 165.017104, "delta": 1.018008}}
{"target": -56.48801415683934, "params": {"max_depth": 6.983562361313154, "n_estimators": 25.811987917198696, "random_state": 4.855824449145654}, "datetime": {"datetime": "2021-09-29 22:12:54", "elapsed": 165.883259, "delta": 0.866155}}
{"target": -56.466154469019315, "params": {"max_depth": 3.1188028805738455, "n_estimators": 46.52236951488834, "random_state": 11.0}, "datetime": {"datetime": "2021-09-29 22:12:55", "elapsed": 166.98026, "delta": 1.097001}}
{"target": -56.561022507527426, "params": {"max_depth": 3.0, "n_estimators": 74.53285042970137, "random_state": 5.93892224216198}, "datetime": {"datetime": "2021-09-29 22:12:56", "elapsed": 168.065016, "delta": 1.084756}}
{"target": -56.866915722168045, "params": {"max_depth": 6.049678524352089, "n_estimators": 51.59030026183885, "random_state": 11.0}, "datetime": {"datetime": "2021-09-29 22:12:57", "elapsed": 169.034634, "delta": 0.969618}}
{"target": -55.23304271355526, "params": {"max_depth": 5.916150128582652, "n_estimators": 56.509205415656446, "random_state": 10.911430568957503}, "datetime": {"datetime": "2021-09-29 22:12:59", "elapsed": 170.226492, "delta": 1.191858}}
{"target": -55.10768513795843, "params": {"max_depth": 6.532930023185777, "n_estimators": 53.469330456975634, "random_state": 10.841272976950984}, "datetime": {"datetime": "2021-09-29 22:13:00", "elapsed": 171.491545, "delta": 1.265053}}
{"target": -56.301457407262575, "params": {"max_depth": 3.0, "n_estimators": 90.73444988905904, "random_state": 11.0}, "datetime": {"datetime": "2021-09-29 22:13:01", "elapsed": 172.545412, "delta": 1.053867}}
{"target": -58.95306072234251, "params": {"max_depth": 7.0, "n_estimators": 51.95451588471037, "random_state": 7.796956001855001}, "datetime": {"datetime": "2021-09-29 22:13:02", "elapsed": 173.678373, "delta": 1.132961}}
{"target": -55.43966833726115, "params": {"max_depth": 3.0893263955416495, "n_estimators": 39.537287835716256, "random_state": 3.710398140989707}, "datetime": {"datetime": "2021-09-29 22:13:03", "elapsed": 174.566065, "delta": 0.887692}}
{"target": -58.01027324765621, "params": {"max_depth": 3.250897871393665, "n_estimators": 40.70268094873268, "random_state": 2.1038555988757226}, "datetime": {"datetime": "2021-09-29 22:13:04", "elapsed": 175.420077, "delta": 0.854012}}
{"target": -55.77817374878613, "params": {"max_depth": 4.771088497158631, "n_estimators": 78.98191686867881, "random_state": 6.026201046107341}, "datetime": {"datetime": "2021-09-29 22:13:05", "elapsed": 176.441641, "delta": 1.021564}}
{"target": -56.91019254162302, "params": {"max_depth": 5.278681453464135, "n_estimators": 103.8830602757792, "random_state": 8.907418110797527}, "datetime": {"datetime": "2021-09-29 22:13:06", "elapsed": 177.85192, "delta": 1.410279}}
{"target": -58.38744765694379, "params": {"max_depth": 5.496000029420994, "n_estimators": 78.95708374096021, "random_state": 7.950327990190265}, "datetime": {"datetime": "2021-09-29 22:13:08", "elapsed": 179.17556, "delta": 1.32364}}
{"target": -55.99750935219993, "params": {"max_depth": 5.788923739711943, "n_estimators": 58.29772414135758, "random_state": 9.948198436183088}, "datetime": {"datetime": "2021-09-29 22:13:09", "elapsed": 180.311406, "delta": 1.135846}}
{"target": -55.83296746113127, "params": {"max_depth": 3.1585876797577446, "n_estimators": 78.8427413158318, "random_state": 4.875515246379787}, "datetime": {"datetime": "2021-09-29 22:13:10", "elapsed": 181.390373, "delta": 1.078967}}
{"target": -55.218933481699636, "params": {"max_depth": 4.946844842270563, "n_estimators": 77.80931205767902, "random_state": 4.52838672874815}, "datetime": {"datetime": "2021-09-29 22:13:11", "elapsed": 182.583562, "delta": 1.193189}}
