{"target": -54.937031357678556, "params": {"max_depth": 5.150170373641797, "n_estimators": 54.417169499430976, "random_state": 5.197886858730675}, "datetime": {"datetime": "2021-09-29 21:56:29", "elapsed": 316.77165, "delta": 2.185225}}
{"target": -55.23632497829677, "params": {"max_depth": 5.690661312778408, "n_estimators": 51.35839415031561, "random_state": 2.334870224554826}, "datetime": {"datetime": "2021-09-29 21:56:31", "elapsed": 318.833949, "delta": 2.062299}}
{"target": -55.26908810441389, "params": {"max_depth": 3.025405322039664, "n_estimators": 52.36094420698884, "random_state": 5.138744438907983}, "datetime": {"datetime": "2021-09-29 21:56:33", "elapsed": 320.465743, "delta": 1.631794}}
{"target": -55.02022390556169, "params": {"max_depth": 5.09356726137259, "n_estimators": 53.75602206315864, "random_state": 2.428765081929723}, "datetime": {"datetime": "2021-09-29 21:56:34", "elapsed": 322.272931, "delta": 1.807188}}
{"target": -58.87083093935874, "params": {"max_depth": 29.92664078890193, "n_estimators": 31.134206401495128, "random_state": 10.680781406849462}, "datetime": {"datetime": "2021-09-29 21:56:36", "elapsed": 324.177985, "delta": 1.905054}}
{"target": -55.062605010102686, "params": {"max_depth": 7.067040293160886, "n_estimators": 56.83846263977494, "random_state": 2.500926872973094}, "datetime": {"datetime": "2021-09-29 21:56:39", "elapsed": 326.447077, "delta": 2.269092}}
{"target": -59.60041203685152, "params": {"max_depth": 18.21080252795874, "n_estimators": 70.98718308763736, "random_state": 7.157478326427588}, "datetime": {"datetime": "2021-09-29 21:56:41", "elapsed": 328.839241, "delta": 2.392164}}
{"target": -58.768738248082684, "params": {"max_depth": 27.03041168061045, "n_estimators": 42.86871393066516, "random_state": 1.0}, "datetime": {"datetime": "2021-09-29 21:56:43", "elapsed": 330.728319, "delta": 1.889078}}
{"target": -58.74416717372696, "params": {"max_depth": 22.307225768081196, "n_estimators": 87.23346427042519, "random_state": 1.0}, "datetime": {"datetime": "2021-09-29 21:56:45", "elapsed": 333.087108, "delta": 2.358789}}
{"target": -60.53534065072439, "params": {"max_depth": 25.169901270036092, "n_estimators": 10.177588872893136, "random_state": 11.0}, "datetime": {"datetime": "2021-09-29 21:56:47", "elapsed": 334.668762, "delta": 1.581654}}
{"target": -60.13260165822223, "params": {"max_depth": 29.980236171584963, "n_estimators": 19.942232087551606, "random_state": 5.614162553662603}, "datetime": {"datetime": "2021-09-29 21:56:49", "elapsed": 336.973512, "delta": 2.30475}}
{"target": -57.49023631873551, "params": {"max_depth": 19.651080509189594, "n_estimators": 77.11201388966055, "random_state": 11.0}, "datetime": {"datetime": "2021-09-29 21:56:51", "elapsed": 339.177775, "delta": 2.204263}}
{"target": -59.35535572983729, "params": {"max_depth": 9.126515051202999, "n_estimators": 56.582456463977074, "random_state": 1.0865618535139934}, "datetime": {"datetime": "2021-09-29 21:56:53", "elapsed": 341.286729, "delta": 2.108954}}
{"target": -55.20947612463969, "params": {"max_depth": 5.773053866906377, "n_estimators": 57.705333712758446, "random_state": 3.9657423562691587}, "datetime": {"datetime": "2021-09-29 21:56:55", "elapsed": 343.144332, "delta": 1.857603}}
{"target": -61.565192500673284, "params": {"max_depth": 1.0248821376493114, "n_estimators": 15.136277728548976, "random_state": 1.0714043757138183}, "datetime": {"datetime": "2021-09-29 21:56:57", "elapsed": 344.809669, "delta": 1.665337}}
{"target": -58.25614756841306, "params": {"max_depth": 22.009745446706464, "n_estimators": 63.097774420808676, "random_state": 10.78479669356484}, "datetime": {"datetime": "2021-09-29 21:56:59", "elapsed": 346.823165, "delta": 2.013496}}
{"target": -58.77076122176581, "params": {"max_depth": 29.740236464817148, "n_estimators": 94.48546369982635, "random_state": 1.1682936105955546}, "datetime": {"datetime": "2021-09-29 21:57:02", "elapsed": 349.38268, "delta": 2.559515}}
{"target": -57.97064342030631, "params": {"max_depth": 14.095995224438845, "n_estimators": 84.09198444082651, "random_state": 6.16901847747815}, "datetime": {"datetime": "2021-09-29 21:57:04", "elapsed": 351.611985, "delta": 2.229305}}
{"target": -57.426284218895084, "params": {"max_depth": 7.438268932139158, "n_estimators": 55.9163863977911, "random_state": 4.904053438533542}, "datetime": {"datetime": "2021-09-29 21:57:06", "elapsed": 353.437982, "delta": 1.825997}}
{"target": -59.007828023962325, "params": {"max_depth": 20.217571437813557, "n_estimators": 37.202091460281544, "random_state": 4.65045371012398}, "datetime": {"datetime": "2021-09-29 21:57:07", "elapsed": 355.141632, "delta": 1.70365}}
{"target": -56.47392805189605, "params": {"max_depth": 6.17428963307921, "n_estimators": 68.07866449087369, "random_state": 5.177434420306457}, "datetime": {"datetime": "2021-09-29 21:57:10", "elapsed": 357.465634, "delta": 2.324002}}
{"target": -59.49169038573321, "params": {"max_depth": 15.613594153765533, "n_estimators": 94.86379349346961, "random_state": 1.306851986480553}, "datetime": {"datetime": "2021-09-29 21:57:12", "elapsed": 360.165403, "delta": 2.699769}}
{"target": -58.544571820024615, "params": {"max_depth": 25.62052300173171, "n_estimators": 99.75048817148998, "random_state": 10.078020651821948}, "datetime": {"datetime": "2021-09-29 21:57:15", "elapsed": 362.61561, "delta": 2.450207}}
{"target": -56.67084304343481, "params": {"max_depth": 5.5289091823873715, "n_estimators": 59.612538149612575, "random_state": 1.3573997989272226}, "datetime": {"datetime": "2021-09-29 21:57:17", "elapsed": 364.608608, "delta": 1.992998}}
{"target": -59.07947813727693, "params": {"max_depth": 24.812566512690537, "n_estimators": 53.81672029187971, "random_state": 1.5239958732833183}, "datetime": {"datetime": "2021-09-29 21:57:19", "elapsed": 366.394173, "delta": 1.785565}}
{"target": -59.03659376495304, "params": {"max_depth": 27.125789435406343, "n_estimators": 61.702367409826394, "random_state": 1.0132810834020436}, "datetime": {"datetime": "2021-09-29 21:57:20", "elapsed": 368.359491, "delta": 1.965318}}
{"target": -59.41146727354373, "params": {"max_depth": 24.323471337643788, "n_estimators": 25.511484486047397, "random_state": 5.019231882594507}, "datetime": {"datetime": "2021-09-29 21:57:22", "elapsed": 370.233494, "delta": 1.874003}}
{"target": -55.45790101946674, "params": {"max_depth": 4.375444394499523, "n_estimators": 49.382998056007025, "random_state": 6.730623013206056}, "datetime": {"datetime": "2021-09-29 21:57:25", "elapsed": 372.973579, "delta": 2.740085}}
{"target": -58.26856011550734, "params": {"max_depth": 25.098868947749867, "n_estimators": 84.81083980696198, "random_state": 10.833560272522831}, "datetime": {"datetime": "2021-09-29 21:57:27", "elapsed": 375.153842, "delta": 2.180263}}
{"target": -58.3353364777377, "params": {"max_depth": 29.330446965200185, "n_estimators": 92.60629353296281, "random_state": 10.989904864218682}, "datetime": {"datetime": "2021-09-29 21:57:30", "elapsed": 377.877495, "delta": 2.723653}}
{"target": -59.10938554846541, "params": {"max_depth": 13.5588028316775, "n_estimators": 37.21346001456811, "random_state": 6.173062501154083}, "datetime": {"datetime": "2021-09-29 21:57:32", "elapsed": 379.914651, "delta": 2.037156}}
{"target": -59.58869797050541, "params": {"max_depth": 18.710841288539548, "n_estimators": 52.48422139278609, "random_state": 7.508255563032723}, "datetime": {"datetime": "2021-09-29 21:57:34", "elapsed": 382.10432, "delta": 2.189669}}
{"target": -56.79110159964493, "params": {"max_depth": 2.8980991297571523, "n_estimators": 51.5786230798492, "random_state": 1.2644438696280738}, "datetime": {"datetime": "2021-09-29 21:57:36", "elapsed": 384.184529, "delta": 2.080209}}
{"target": -58.06715119945301, "params": {"max_depth": 18.49104493496721, "n_estimators": 25.52187826222103, "random_state": 11.0}, "datetime": {"datetime": "2021-09-29 21:57:39", "elapsed": 386.490865, "delta": 2.306336}}
{"target": -59.568491730434125, "params": {"max_depth": 8.213993069878414, "n_estimators": 63.39620491654741, "random_state": 7.268909414805374}, "datetime": {"datetime": "2021-09-29 21:57:41", "elapsed": 388.586482, "delta": 2.095617}}
{"target": -58.37362245804305, "params": {"max_depth": 30.0, "n_estimators": 89.88939737240375, "random_state": 6.229748488324279}, "datetime": {"datetime": "2021-09-29 21:57:43", "elapsed": 390.824827, "delta": 2.238345}}
{"target": -80.64633773323139, "params": {"max_depth": 24.101528738951618, "n_estimators": 1.0, "random_state": 1.0}, "datetime": {"datetime": "2021-09-29 21:57:45", "elapsed": 393.056216, "delta": 2.231389}}
{"target": -59.01662467588853, "params": {"max_depth": 29.77980522844988, "n_estimators": 51.10995447709418, "random_state": 6.236859767087333}, "datetime": {"datetime": "2021-09-29 21:57:47", "elapsed": 395.240409, "delta": 2.184193}}
{"target": -57.85484671965965, "params": {"max_depth": 20.51893553571061, "n_estimators": 41.503217702311616, "random_state": 11.0}, "datetime": {"datetime": "2021-09-29 21:57:50", "elapsed": 397.500261, "delta": 2.259852}}
{"target": -57.34577150914796, "params": {"max_depth": 12.88153767725609, "n_estimators": 77.19684738011274, "random_state": 11.0}, "datetime": {"datetime": "2021-09-29 21:57:52", "elapsed": 399.784018, "delta": 2.283757}}
{"target": -58.470776082404186, "params": {"max_depth": 18.543922479660885, "n_estimators": 95.71997803693995, "random_state": 10.748623701642899}, "datetime": {"datetime": "2021-09-29 21:57:55", "elapsed": 402.708084, "delta": 2.924066}}
{"target": -58.46911258065196, "params": {"max_depth": 16.944492597989626, "n_estimators": 78.48755886436454, "random_state": 5.081775160519588}, "datetime": {"datetime": "2021-09-29 21:57:57", "elapsed": 405.111596, "delta": 2.403512}}
{"target": -58.41436518843335, "params": {"max_depth": 30.0, "n_estimators": 100.0, "random_state": 5.3454154086763515}, "datetime": {"datetime": "2021-09-29 21:58:00", "elapsed": 408.247008, "delta": 3.135412}}
{"target": -58.67116805309654, "params": {"max_depth": 30.0, "n_estimators": 37.689752998857024, "random_state": 1.0}, "datetime": {"datetime": "2021-09-29 21:58:04", "elapsed": 411.373471, "delta": 3.126463}}
{"target": -58.986924186056996, "params": {"max_depth": 24.173787129662173, "n_estimators": 75.3606338675458, "random_state": 1.0045541524725945}, "datetime": {"datetime": "2021-09-29 21:58:06", "elapsed": 414.065767, "delta": 2.692296}}
{"target": -58.24393843204126, "params": {"max_depth": 30.0, "n_estimators": 65.56149208067694, "random_state": 6.106010024082952}, "datetime": {"datetime": "2021-09-29 21:58:09", "elapsed": 417.141941, "delta": 3.076174}}
{"target": -57.64474284158, "params": {"max_depth": 10.015949731918624, "n_estimators": 31.206377308594114, "random_state": 11.0}, "datetime": {"datetime": "2021-09-29 21:58:12", "elapsed": 419.44971, "delta": 2.307769}}
{"target": -58.096735232939686, "params": {"max_depth": 29.874852726438554, "n_estimators": 30.7266535179641, "random_state": 3.211668786501726}, "datetime": {"datetime": "2021-09-29 21:58:14", "elapsed": 421.623665, "delta": 2.173955}}
{"target": -58.24789994082787, "params": {"max_depth": 24.648415750334685, "n_estimators": 92.47991020036825, "random_state": 6.730993128796839}, "datetime": {"datetime": "2021-09-29 21:58:17", "elapsed": 424.555373, "delta": 2.931708}}
{"target": -58.028956874950055, "params": {"max_depth": 18.600777490773662, "n_estimators": 86.67269692283062, "random_state": 6.389148505688365}, "datetime": {"datetime": "2021-09-29 21:58:20", "elapsed": 427.481656, "delta": 2.926283}}
{"target": -57.357367019884734, "params": {"max_depth": 11.8075274041966, "n_estimators": 83.00741968076748, "random_state": 11.0}, "datetime": {"datetime": "2021-09-29 21:58:22", "elapsed": 430.116789, "delta": 2.635133}}
{"target": -59.756935843939196, "params": {"max_depth": 21.087348705875176, "n_estimators": 31.091757882715783, "random_state": 1.060466318578366}, "datetime": {"datetime": "2021-09-29 21:58:25", "elapsed": 432.811773, "delta": 2.694984}}
{"target": -59.74667194263175, "params": {"max_depth": 14.146980014182676, "n_estimators": 25.544941703894306, "random_state": 6.098233425095492}, "datetime": {"datetime": "2021-09-29 21:58:28", "elapsed": 436.151635, "delta": 3.339862}}
{"target": -58.69948947672767, "params": {"max_depth": 22.199147435419206, "n_estimators": 99.2697174598741, "random_state": 1.1639366945007692}, "datetime": {"datetime": "2021-09-29 21:58:31", "elapsed": 439.147872, "delta": 2.996237}}
{"target": -57.924819867619206, "params": {"max_depth": 13.840660310656272, "n_estimators": 66.97232294881243, "random_state": 10.999712695539605}, "datetime": {"datetime": "2021-09-29 21:58:34", "elapsed": 441.798725, "delta": 2.650853}}
{"target": -59.05409142027666, "params": {"max_depth": 18.092287375109787, "n_estimators": 75.11214310733986, "random_state": 1.0}, "datetime": {"datetime": "2021-09-29 21:58:37", "elapsed": 444.536808, "delta": 2.738083}}
{"target": -56.484226981434816, "params": {"max_depth": 6.246910345365718, "n_estimators": 69.23642936847185, "random_state": 10.96682767566763}, "datetime": {"datetime": "2021-09-29 21:58:39", "elapsed": 447.148072, "delta": 2.611264}}
{"target": -61.04183803172094, "params": {"max_depth": 8.489839953048008, "n_estimators": 9.596342086639908, "random_state": 1.0}, "datetime": {"datetime": "2021-09-29 21:58:42", "elapsed": 449.977681, "delta": 2.829609}}
{"target": -58.902135290322065, "params": {"max_depth": 19.721037747115062, "n_estimators": 48.40037286646589, "random_state": 1.0621278868458208}, "datetime": {"datetime": "2021-09-29 21:58:45", "elapsed": 452.655087, "delta": 2.677406}}
{"target": -59.41498684164041, "params": {"max_depth": 13.082392674285908, "n_estimators": 12.844903205493088, "random_state": 11.0}, "datetime": {"datetime": "2021-09-29 21:58:47", "elapsed": 454.572916, "delta": 1.917829}}
{"target": -57.75209543110799, "params": {"max_depth": 24.848970280011716, "n_estimators": 38.85676901232161, "random_state": 11.0}, "datetime": {"datetime": "2021-09-29 21:58:49", "elapsed": 456.557138, "delta": 1.984222}}
{"target": -58.09485865868121, "params": {"max_depth": 12.613207038088113, "n_estimators": 95.61997663405243, "random_state": 6.705450568816346}, "datetime": {"datetime": "2021-09-29 21:58:51", "elapsed": 458.847684, "delta": 2.290546}}
{"target": -56.30627484843398, "params": {"max_depth": 5.483190394401042, "n_estimators": 56.32299911436218, "random_state": 1.0}, "datetime": {"datetime": "2021-09-29 21:58:54", "elapsed": 461.454776, "delta": 2.607092}}
{"target": -58.862281299857386, "params": {"max_depth": 25.070818757152328, "n_estimators": 56.30306302657221, "random_state": 7.677287004149842}, "datetime": {"datetime": "2021-09-29 21:58:56", "elapsed": 464.23366, "delta": 2.778884}}
{"target": -55.93346007944911, "params": {"max_depth": 5.961914239086201, "n_estimators": 52.15685737002495, "random_state": 8.243547500638696}, "datetime": {"datetime": "2021-09-29 21:58:58", "elapsed": 466.217657, "delta": 1.983997}}
{"target": -56.2447575614321, "params": {"max_depth": 4.464337170339686, "n_estimators": 70.06635530378983, "random_state": 7.528038548057519}, "datetime": {"datetime": "2021-09-29 21:59:01", "elapsed": 469.022198, "delta": 2.804541}}
{"target": -62.221707056421714, "params": {"max_depth": 1.0, "n_estimators": 69.79162484248107, "random_state": 1.0}, "datetime": {"datetime": "2021-09-29 21:59:03", "elapsed": 471.147196, "delta": 2.124998}}
{"target": -55.432073469320244, "params": {"max_depth": 3.499562137606685, "n_estimators": 66.79372102362963, "random_state": 3.9628100125779033}, "datetime": {"datetime": "2021-09-29 21:59:07", "elapsed": 474.619766, "delta": 3.47257}}
{"target": -58.21393058549835, "params": {"max_depth": 25.35120213239964, "n_estimators": 80.04805352231018, "random_state": 4.622854640670129}, "datetime": {"datetime": "2021-09-29 21:59:10", "elapsed": 477.940091, "delta": 3.320325}}
{"target": -55.155688008505166, "params": {"max_depth": 5.013104693220469, "n_estimators": 90.22712877139287, "random_state": 11.0}, "datetime": {"datetime": "2021-09-29 21:59:13", "elapsed": 480.530152, "delta": 2.590061}}
{"target": -55.46013560202644, "params": {"max_depth": 5.111596181715464, "n_estimators": 65.54713959457115, "random_state": 2.064144015299693}, "datetime": {"datetime": "2021-09-29 21:59:15", "elapsed": 482.652497, "delta": 2.122345}}
{"target": -58.977374144351316, "params": {"max_depth": 20.826710010032077, "n_estimators": 44.097681314464026, "random_state": 6.4337558349725255}, "datetime": {"datetime": "2021-09-29 21:59:17", "elapsed": 484.737129, "delta": 2.084632}}
{"target": -58.50593148269828, "params": {"max_depth": 29.89650654149052, "n_estimators": 82.90525505859489, "random_state": 10.986719139407782}, "datetime": {"datetime": "2021-09-29 21:59:20", "elapsed": 487.684405, "delta": 2.947276}}
{"target": -55.515224615390665, "params": {"max_depth": 4.452504731757517, "n_estimators": 92.66830249918345, "random_state": 10.734516505578721}, "datetime": {"datetime": "2021-09-29 21:59:23", "elapsed": 491.238943, "delta": 3.554538}}
{"target": -58.16658503079206, "params": {"max_depth": 18.448963255343568, "n_estimators": 100.0, "random_state": 6.002364856714449}, "datetime": {"datetime": "2021-09-29 21:59:26", "elapsed": 494.165676, "delta": 2.926733}}
{"target": -56.96309784565587, "params": {"max_depth": 14.71171357702125, "n_estimators": 31.251998879969833, "random_state": 11.0}, "datetime": {"datetime": "2021-09-29 21:59:29", "elapsed": 496.396179, "delta": 2.230503}}
{"target": -58.98238498304569, "params": {"max_depth": 15.345889122248545, "n_estimators": 20.861084039915983, "random_state": 1.0}, "datetime": {"datetime": "2021-09-29 21:59:31", "elapsed": 498.560864, "delta": 2.164685}}
{"target": -57.65294159264328, "params": {"max_depth": 16.242824684277664, "n_estimators": 58.05747270167826, "random_state": 10.510188497712882}, "datetime": {"datetime": "2021-09-29 21:59:33", "elapsed": 500.937299, "delta": 2.376435}}
{"target": -58.091372547837885, "params": {"max_depth": 14.375267281837017, "n_estimators": 89.71622766848111, "random_state": 6.183102785142325}, "datetime": {"datetime": "2021-09-29 21:59:36", "elapsed": 503.882247, "delta": 2.944948}}
{"target": -55.445852967040764, "params": {"max_depth": 22.44134070073722, "n_estimators": 65.10893314047577, "random_state": 2.5286129580887176}, "datetime": {"datetime": "2021-09-29 21:59:38", "elapsed": 506.357235, "delta": 2.474988}}
{"target": -58.92581358578882, "params": {"max_depth": 20.704836813149324, "n_estimators": 64.40938388342161, "random_state": 4.954376122535606}, "datetime": {"datetime": "2021-09-29 21:59:41", "elapsed": 509.182446, "delta": 2.825211}}
{"target": -58.80293027737511, "params": {"max_depth": 25.29094142861102, "n_estimators": 66.10721686992807, "random_state": 1.7208713779223075}, "datetime": {"datetime": "2021-09-29 21:59:44", "elapsed": 511.735575, "delta": 2.553129}}
{"target": -58.80293027737511, "params": {"max_depth": 20.646225397150765, "n_estimators": 66.40115502994651, "random_state": 1.1831446891064736}, "datetime": {"datetime": "2021-09-29 21:59:47", "elapsed": 514.496351, "delta": 2.760776}}
{"target": -58.41799626191734, "params": {"max_depth": 30.0, "n_estimators": 19.18876256064466, "random_state": 11.0}, "datetime": {"datetime": "2021-09-29 21:59:49", "elapsed": 516.905955, "delta": 2.409604}}
{"target": -59.46030290608386, "params": {"max_depth": 13.211968102216257, "n_estimators": 65.44484262761726, "random_state": 1.0}, "datetime": {"datetime": "2021-09-29 21:59:51", "elapsed": 519.286767, "delta": 2.380812}}
{"target": -55.63461064839708, "params": {"max_depth": 4.951835663803848, "n_estimators": 48.342554643603926, "random_state": 1.0199088244944412}, "datetime": {"datetime": "2021-09-29 21:59:54", "elapsed": 521.969553, "delta": 2.682786}}
{"target": -58.861020586970334, "params": {"max_depth": 10.996325416759369, "n_estimators": 87.55767843204514, "random_state": 1.393284905923894}, "datetime": {"datetime": "2021-09-29 21:59:57", "elapsed": 524.488549, "delta": 2.518996}}
{"target": -57.95332908842376, "params": {"max_depth": 30.0, "n_estimators": 77.040866795776, "random_state": 6.2738836238776265}, "datetime": {"datetime": "2021-09-29 22:00:00", "elapsed": 527.508849, "delta": 3.0203}}
{"target": -59.3574532158468, "params": {"max_depth": 12.850062072889774, "n_estimators": 100.0, "random_state": 1.0}, "datetime": {"datetime": "2021-09-29 22:00:02", "elapsed": 530.233021, "delta": 2.724172}}
{"target": -58.21594245589902, "params": {"max_depth": 24.954747303112086, "n_estimators": 90.3227059460873, "random_state": 10.933876747773086}, "datetime": {"datetime": "2021-09-29 22:00:05", "elapsed": 532.895332, "delta": 2.662311}}
{"target": -59.1411978220817, "params": {"max_depth": 22.487564602160596, "n_estimators": 21.54775559521522, "random_state": 1.0}, "datetime": {"datetime": "2021-09-29 22:00:08", "elapsed": 535.557652, "delta": 2.66232}}
{"target": -58.41799626191734, "params": {"max_depth": 18.647343122960333, "n_estimators": 19.127235595022665, "random_state": 11.0}, "datetime": {"datetime": "2021-09-29 22:00:11", "elapsed": 538.546926, "delta": 2.989274}}
{"target": -54.307358468276675, "params": {"max_depth": 4.161840695131253, "n_estimators": 32.06763097811214, "random_state": 11.0}, "datetime": {"datetime": "2021-09-29 22:00:13", "elapsed": 540.585604, "delta": 2.038678}}
{"target": -63.65176707812478, "params": {"max_depth": 1.804622294666971, "n_estimators": 31.736644040650265, "random_state": 10.936578714401756}, "datetime": {"datetime": "2021-09-29 22:00:15", "elapsed": 542.640827, "delta": 2.055223}}
