{"target": -56.23215153053906, "params": {"max_depth": 3.7741996707094674, "n_estimators": 28.1602790601535, "random_state": 14.13562520154507}, "datetime": {"datetime": "2021-09-29 22:33:54", "elapsed": 474.206203, "delta": 2.137368}}
{"target": -53.172284705519516, "params": {"max_depth": 3.4469446974557543, "n_estimators": 24.922446707075395, "random_state": 4.1592935899610195}, "datetime": {"datetime": "2021-09-29 22:33:57", "elapsed": 476.937946, "delta": 2.731743}}
{"target": -54.21359266584604, "params": {"max_depth": 5.458476596621939, "n_estimators": 28.360648915794762, "random_state": 4.3683839021213045}, "datetime": {"datetime": "2021-09-29 22:33:59", "elapsed": 479.586622, "delta": 2.648676}}
{"target": -55.937345160927386, "params": {"max_depth": 5.48414883495103, "n_estimators": 27.3835364795744, "random_state": 18.85499069931916}, "datetime": {"datetime": "2021-09-29 22:34:02", "elapsed": 482.552821, "delta": 2.966199}}
{"target": -54.465126685856234, "params": {"max_depth": 4.486982217395481, "n_estimators": 24.23429978307803, "random_state": 11.537963190676066}, "datetime": {"datetime": "2021-09-29 22:34:05", "elapsed": 485.610986, "delta": 3.058165}}
{"target": -54.21359266584604, "params": {"max_depth": 5.058132269098952, "n_estimators": 28.847036114184053, "random_state": 4.145736691372576}, "datetime": {"datetime": "2021-09-29 22:34:08", "elapsed": 488.532965, "delta": 2.921979}}
{"target": -57.681260798453195, "params": {"max_depth": 2.7777094463644167, "n_estimators": 24.64162347394152, "random_state": 16.794500335025358}, "datetime": {"datetime": "2021-09-29 22:34:11", "elapsed": 491.501115, "delta": 2.96815}}
{"target": -55.83485397306413, "params": {"max_depth": 3.8688268091809483, "n_estimators": 20.02572840477308, "random_state": 13.775172108760026}, "datetime": {"datetime": "2021-09-29 22:34:14", "elapsed": 493.850501, "delta": 2.349386}}
{"target": -56.61249139300194, "params": {"max_depth": 6.027095391869514, "n_estimators": 22.39954040275524, "random_state": 4.879224181450762}, "datetime": {"datetime": "2021-09-29 22:34:16", "elapsed": 496.382697, "delta": 2.532196}}
{"target": -54.0382858425655, "params": {"max_depth": 5.131642802713298, "n_estimators": 23.12655757341161, "random_state": 4.658431507202079}, "datetime": {"datetime": "2021-09-29 22:34:18", "elapsed": 498.225011, "delta": 1.842314}}
{"target": -56.95085880137746, "params": {"max_depth": 7.0, "n_estimators": 22.1620129343693, "random_state": 5.876788696469979}, "datetime": {"datetime": "2021-09-29 22:34:21", "elapsed": 501.140553, "delta": 2.915542}}
{"target": -54.70322832876268, "params": {"max_depth": 6.148193966528663, "n_estimators": 23.58333074475507, "random_state": 5.291590950359261}, "datetime": {"datetime": "2021-09-29 22:34:24", "elapsed": 504.418458, "delta": 3.277905}}
{"target": -53.858185443745455, "params": {"max_depth": 3.5413506481937294, "n_estimators": 27.82014488281585, "random_state": 4.179050160241401}, "datetime": {"datetime": "2021-09-29 22:34:27", "elapsed": 507.034699, "delta": 2.616241}}
{"target": -53.00612408280491, "params": {"max_depth": 3.1159998072481048, "n_estimators": 21.358496486225647, "random_state": 4.908234873107929}, "datetime": {"datetime": "2021-09-29 22:34:29", "elapsed": 508.980712, "delta": 1.946013}}
{"target": -55.196868259759135, "params": {"max_depth": 3.583786944878086, "n_estimators": 21.21539547831622, "random_state": 5.796287719409374}, "datetime": {"datetime": "2021-09-29 22:34:31", "elapsed": 510.976135, "delta": 1.995423}}
{"target": -55.77197704338149, "params": {"max_depth": 2.228769506618924, "n_estimators": 21.343549227732634, "random_state": 5.120278544028401}, "datetime": {"datetime": "2021-09-29 22:34:33", "elapsed": 513.065305, "delta": 2.08917}}
{"target": -55.19576378883117, "params": {"max_depth": 3.085162966531116, "n_estimators": 26.865854319396895, "random_state": 16.120580177545843}, "datetime": {"datetime": "2021-09-29 22:34:35", "elapsed": 515.391603, "delta": 2.326298}}
{"target": -55.12340474681473, "params": {"max_depth": 5.1643877848279125, "n_estimators": 20.01541312379695, "random_state": 16.976301637425543}, "datetime": {"datetime": "2021-09-29 22:34:37", "elapsed": 517.289379, "delta": 1.897776}}
{"target": -59.079138276286116, "params": {"max_depth": 7.0, "n_estimators": 20.0, "random_state": 17.41481371372374}, "datetime": {"datetime": "2021-09-29 22:34:40", "elapsed": 520.449974, "delta": 3.160595}}
{"target": -53.94417144869114, "params": {"max_depth": 2.8156113178642106, "n_estimators": 21.418256068742046, "random_state": 4.539213946564174}, "datetime": {"datetime": "2021-09-29 22:34:42", "elapsed": 522.395537, "delta": 1.945563}}
{"target": -54.943717635305056, "params": {"max_depth": 6.268088819621846, "n_estimators": 25.809503868522743, "random_state": 2.0}, "datetime": {"datetime": "2021-09-29 22:34:44", "elapsed": 524.333072, "delta": 1.937535}}
{"target": -54.82729947114288, "params": {"max_depth": 4.988467988711649, "n_estimators": 22.8302052697599, "random_state": 3.739045573417771}, "datetime": {"datetime": "2021-09-29 22:34:47", "elapsed": 526.840734, "delta": 2.507662}}
{"target": -55.196868259759135, "params": {"max_depth": 3.2918041824149022, "n_estimators": 21.278887187232414, "random_state": 5.108481317551567}, "datetime": {"datetime": "2021-09-29 22:34:49", "elapsed": 529.473084, "delta": 2.63235}}
{"target": -56.79845415413176, "params": {"max_depth": 4.0019079654010365, "n_estimators": 21.039158145460597, "random_state": 6.502015428782345}, "datetime": {"datetime": "2021-09-29 22:34:51", "elapsed": 531.789411, "delta": 2.316327}}
{"target": -56.86269405962919, "params": {"max_depth": 3.746017991462734, "n_estimators": 25.253533655172337, "random_state": 8.243634603094112}, "datetime": {"datetime": "2021-09-29 22:34:54", "elapsed": 534.306192, "delta": 2.516781}}
{"target": -59.80942317561375, "params": {"max_depth": 7.0, "n_estimators": 24.359228545599162, "random_state": 13.309865543869204}, "datetime": {"datetime": "2021-09-29 22:34:57", "elapsed": 537.439304, "delta": 3.133112}}
{"target": -56.36147444020379, "params": {"max_depth": 7.0, "n_estimators": 23.601493664869903, "random_state": 9.562219830609639}, "datetime": {"datetime": "2021-09-29 22:35:00", "elapsed": 540.34696, "delta": 2.907656}}
{"target": -55.52464568682396, "params": {"max_depth": 3.78553951338329, "n_estimators": 20.641606251425404, "random_state": 5.258394879563191}, "datetime": {"datetime": "2021-09-29 22:35:02", "elapsed": 542.604482, "delta": 2.257522}}
{"target": -58.857206603889736, "params": {"max_depth": 6.989446404148866, "n_estimators": 22.07265026356605, "random_state": 15.036701428601164}, "datetime": {"datetime": "2021-09-29 22:35:05", "elapsed": 545.343355, "delta": 2.738873}}
{"target": -56.51691279945199, "params": {"max_depth": 5.502460636350367, "n_estimators": 28.73445909867643, "random_state": 16.825878116669205}, "datetime": {"datetime": "2021-09-29 22:35:08", "elapsed": 548.737275, "delta": 3.39392}}
{"target": -55.839706008067324, "params": {"max_depth": 3.497030537296559, "n_estimators": 27.401603512097687, "random_state": 6.215535056860041}, "datetime": {"datetime": "2021-09-29 22:35:11", "elapsed": 551.545987, "delta": 2.808712}}
{"target": -55.683350106298505, "params": {"max_depth": 5.853979306356642, "n_estimators": 30.0, "random_state": 19.161345250402476}, "datetime": {"datetime": "2021-09-29 22:35:14", "elapsed": 554.303643, "delta": 2.757656}}
{"target": -54.0382858425655, "params": {"max_depth": 5.686098210532479, "n_estimators": 23.824577129010002, "random_state": 4.595208856398496}, "datetime": {"datetime": "2021-09-29 22:35:17", "elapsed": 557.500849, "delta": 3.197206}}
{"target": -54.5022929531871, "params": {"max_depth": 5.633629510139025, "n_estimators": 27.400166815125523, "random_state": 4.226024595197088}, "datetime": {"datetime": "2021-09-29 22:35:20", "elapsed": 559.852533, "delta": 2.351684}}
{"target": -54.22934595358046, "params": {"max_depth": 6.604819194114524, "n_estimators": 21.986704452999724, "random_state": 2.6035579906375608}, "datetime": {"datetime": "2021-09-29 22:35:22", "elapsed": 562.651766, "delta": 2.799233}}
{"target": -55.778023591728974, "params": {"max_depth": 3.3044013079614, "n_estimators": 29.323600326250606, "random_state": 12.06536291448927}, "datetime": {"datetime": "2021-09-29 22:35:25", "elapsed": 565.318582, "delta": 2.666816}}
{"target": -54.254042914071476, "params": {"max_depth": 5.882669856171267, "n_estimators": 21.42474761659371, "random_state": 5.392382317329884}, "datetime": {"datetime": "2021-09-29 22:35:28", "elapsed": 568.674226, "delta": 3.355644}}
{"target": -56.94989200328177, "params": {"max_depth": 6.057577299750639, "n_estimators": 27.521934916520554, "random_state": 8.716312392623683}, "datetime": {"datetime": "2021-09-29 22:35:32", "elapsed": 572.342177, "delta": 3.667951}}
{"target": -54.79956529125275, "params": {"max_depth": 6.6873378464247715, "n_estimators": 22.739244925431212, "random_state": 2.992876639559164}, "datetime": {"datetime": "2021-09-29 22:35:35", "elapsed": 575.526814, "delta": 3.184637}}
{"target": -56.453916717819844, "params": {"max_depth": 5.1467020684365865, "n_estimators": 21.98545934936763, "random_state": 18.0744216149336}, "datetime": {"datetime": "2021-09-29 22:35:38", "elapsed": 578.392884, "delta": 2.86607}}
{"target": -59.247799222825215, "params": {"max_depth": 7.0, "n_estimators": 20.0, "random_state": 7.791437828863822}, "datetime": {"datetime": "2021-09-29 22:35:41", "elapsed": 581.599084, "delta": 3.2062}}
{"target": -55.83510728383521, "params": {"max_depth": 3.7988228074592083, "n_estimators": 21.170842641720142, "random_state": 12.665792154510411}, "datetime": {"datetime": "2021-09-29 22:35:44", "elapsed": 584.061539, "delta": 2.462455}}
{"target": -55.83098200150478, "params": {"max_depth": 3.777484628053218, "n_estimators": 28.38974831360605, "random_state": 19.2475133987596}, "datetime": {"datetime": "2021-09-29 22:35:47", "elapsed": 587.747061, "delta": 3.685522}}
{"target": -55.820431916149445, "params": {"max_depth": 3.0694576169060515, "n_estimators": 26.659945717145877, "random_state": 18.71051488997226}, "datetime": {"datetime": "2021-09-29 22:35:50", "elapsed": 590.716039, "delta": 2.968978}}
{"target": -55.96636094405885, "params": {"max_depth": 3.2399876085702433, "n_estimators": 23.840008793114958, "random_state": 19.07195420277941}, "datetime": {"datetime": "2021-09-29 22:35:53", "elapsed": 593.464875, "delta": 2.748836}}
{"target": -55.65206896981153, "params": {"max_depth": 4.70873350353384, "n_estimators": 30.0, "random_state": 12.244516344626247}, "datetime": {"datetime": "2021-09-29 22:35:56", "elapsed": 596.690038, "delta": 3.225163}}
{"target": -56.713462064013186, "params": {"max_depth": 4.775360051203782, "n_estimators": 29.37137192439778, "random_state": 14.663435060787062}, "datetime": {"datetime": "2021-09-29 22:35:59", "elapsed": 599.333989, "delta": 2.643951}}
{"target": -54.80850224371354, "params": {"max_depth": 5.041014053713897, "n_estimators": 27.119350284816342, "random_state": 5.514158823843954}, "datetime": {"datetime": "2021-09-29 22:36:01", "elapsed": 601.763275, "delta": 2.429286}}
{"target": -57.72225435172501, "params": {"max_depth": 2.158541376045254, "n_estimators": 27.528113801130154, "random_state": 3.672440225582892}, "datetime": {"datetime": "2021-09-29 22:36:04", "elapsed": 604.393346, "delta": 2.630071}}
{"target": -54.48708225963904, "params": {"max_depth": 4.740980647412008, "n_estimators": 29.59983906463072, "random_state": 4.94126064893384}, "datetime": {"datetime": "2021-09-29 22:36:07", "elapsed": 607.158058, "delta": 2.764712}}
{"target": -54.93014731130299, "params": {"max_depth": 2.5329588887920496, "n_estimators": 26.493818908535705, "random_state": 4.4780591856419445}, "datetime": {"datetime": "2021-09-29 22:36:10", "elapsed": 610.33126, "delta": 3.173202}}
{"target": -56.48087585250037, "params": {"max_depth": 4.058658589026997, "n_estimators": 20.0, "random_state": 10.68105285287399}, "datetime": {"datetime": "2021-09-29 22:36:13", "elapsed": 613.775585, "delta": 3.444325}}
{"target": -53.98003161743237, "params": {"max_depth": 5.027421610498317, "n_estimators": 24.273382642883696, "random_state": 4.7298281933170045}, "datetime": {"datetime": "2021-09-29 22:36:16", "elapsed": 616.390105, "delta": 2.61452}}
{"target": -53.00612408280491, "params": {"max_depth": 3.224387842075267, "n_estimators": 21.572002798943913, "random_state": 4.732790356518514}, "datetime": {"datetime": "2021-09-29 22:36:19", "elapsed": 619.242132, "delta": 2.852027}}
{"target": -56.09380010048888, "params": {"max_depth": 3.394730120510429, "n_estimators": 27.115707461523343, "random_state": 17.188905943327185}, "datetime": {"datetime": "2021-09-29 22:36:23", "elapsed": 623.571073, "delta": 4.328941}}
{"target": -54.53688859742045, "params": {"max_depth": 4.6272999783209245, "n_estimators": 25.37944641060833, "random_state": 5.288176198758278}, "datetime": {"datetime": "2021-09-29 22:36:26", "elapsed": 626.58294, "delta": 3.011867}}
{"target": -56.05881510861942, "params": {"max_depth": 3.630064014737339, "n_estimators": 29.3670792734446, "random_state": 10.870462650071095}, "datetime": {"datetime": "2021-09-29 22:36:29", "elapsed": 628.988383, "delta": 2.405443}}
{"target": -55.1432959904287, "params": {"max_depth": 5.666436381123193, "n_estimators": 29.01499594171821, "random_state": 11.399186368785848}, "datetime": {"datetime": "2021-09-29 22:36:34", "elapsed": 633.917845, "delta": 4.929462}}
{"target": -54.22934595358046, "params": {"max_depth": 6.896139960305627, "n_estimators": 21.392172055789448, "random_state": 2.8596965124592666}, "datetime": {"datetime": "2021-09-29 22:36:37", "elapsed": 637.367434, "delta": 3.449589}}
{"target": -54.25886704720303, "params": {"max_depth": 5.060092027429434, "n_estimators": 20.0, "random_state": 5.072364686079521}, "datetime": {"datetime": "2021-09-29 22:36:40", "elapsed": 640.543031, "delta": 3.175597}}
{"target": -54.06643880178237, "params": {"max_depth": 4.214917216960057, "n_estimators": 20.559657726290116, "random_state": 2.477528579008123}, "datetime": {"datetime": "2021-09-29 22:36:44", "elapsed": 643.972552, "delta": 3.429521}}
{"target": -57.02937314825704, "params": {"max_depth": 3.6399055172484234, "n_estimators": 26.049886072211567, "random_state": 2.039264994681418}, "datetime": {"datetime": "2021-09-29 22:36:47", "elapsed": 647.250288, "delta": 3.277736}}
{"target": -53.847564718350625, "params": {"max_depth": 6.460063474820363, "n_estimators": 20.813105168773234, "random_state": 2.4968449786616085}, "datetime": {"datetime": "2021-09-29 22:36:50", "elapsed": 649.952409, "delta": 2.702121}}
{"target": -54.38362490504382, "params": {"max_depth": 4.132980784606179, "n_estimators": 28.911814928026075, "random_state": 4.5040475687237596}, "datetime": {"datetime": "2021-09-29 22:36:52", "elapsed": 652.684319, "delta": 2.73191}}
{"target": -56.90981847034028, "params": {"max_depth": 6.3264629061162685, "n_estimators": 21.296723518491607, "random_state": 3.2291620364554974}, "datetime": {"datetime": "2021-09-29 22:36:55", "elapsed": 655.5019, "delta": 2.817581}}
{"target": -54.40161727287993, "params": {"max_depth": 5.576526646332869, "n_estimators": 20.49961716803765, "random_state": 2.448294324260047}, "datetime": {"datetime": "2021-09-29 22:36:59", "elapsed": 658.832792, "delta": 3.330892}}
{"target": -55.43936408969795, "params": {"max_depth": 3.451874064880901, "n_estimators": 21.618457328464633, "random_state": 16.101650035861397}, "datetime": {"datetime": "2021-09-29 22:37:01", "elapsed": 661.509507, "delta": 2.676715}}
{"target": -55.4196525815046, "params": {"max_depth": 5.610388401043115, "n_estimators": 22.421151752391964, "random_state": 2.703551495008258}, "datetime": {"datetime": "2021-09-29 22:37:05", "elapsed": 665.062481, "delta": 3.552974}}
{"target": -54.63104546260807, "params": {"max_depth": 4.062321365706363, "n_estimators": 24.30701238055244, "random_state": 2.5742858871428207}, "datetime": {"datetime": "2021-09-29 22:37:07", "elapsed": 667.638288, "delta": 2.575807}}
{"target": -53.00612408280491, "params": {"max_depth": 3.03440167792295, "n_estimators": 21.268063755616833, "random_state": 4.767891926575229}, "datetime": {"datetime": "2021-09-29 22:37:10", "elapsed": 670.432972, "delta": 2.794684}}
{"target": -53.847564718350625, "params": {"max_depth": 6.654117315187232, "n_estimators": 20.47367425915501, "random_state": 2.0166413726404864}, "datetime": {"datetime": "2021-09-29 22:37:14", "elapsed": 674.035256, "delta": 3.602284}}
{"target": -57.66917507350933, "params": {"max_depth": 7.0, "n_estimators": 28.740394081510324, "random_state": 15.42242576739308}, "datetime": {"datetime": "2021-09-29 22:37:17", "elapsed": 676.892883, "delta": 2.857627}}
{"target": -54.22934595358046, "params": {"max_depth": 6.998286384440432, "n_estimators": 21.912872547496438, "random_state": 2.4425951285959977}, "datetime": {"datetime": "2021-09-29 22:37:20", "elapsed": 680.458264, "delta": 3.565381}}
{"target": -55.42129842185744, "params": {"max_depth": 3.1047022551243546, "n_estimators": 28.62966782218272, "random_state": 7.083326148916574}, "datetime": {"datetime": "2021-09-29 22:37:24", "elapsed": 684.161173, "delta": 3.702909}}
{"target": -56.08218561904863, "params": {"max_depth": 5.199187366300423, "n_estimators": 25.830229940464275, "random_state": 19.113757501985805}, "datetime": {"datetime": "2021-09-29 22:37:26", "elapsed": 686.777921, "delta": 2.616748}}
{"target": -55.281713994800306, "params": {"max_depth": 6.29947866330405, "n_estimators": 27.65229234470058, "random_state": 2.434347712225068}, "datetime": {"datetime": "2021-09-29 22:37:29", "elapsed": 689.63506, "delta": 2.857139}}
{"target": -53.172284705519516, "params": {"max_depth": 3.157413077181383, "n_estimators": 24.523249546968653, "random_state": 4.02056711927892}, "datetime": {"datetime": "2021-09-29 22:37:32", "elapsed": 692.645952, "delta": 3.010892}}
{"target": -55.557742889625025, "params": {"max_depth": 3.598888313752152, "n_estimators": 24.506421644934154, "random_state": 3.7352307620344067}, "datetime": {"datetime": "2021-09-29 22:37:35", "elapsed": 695.788276, "delta": 3.142324}}
