{"target": -55.31334619080855, "params": {"max_depth": 5.366182109555465, "n_estimators": 22.918110645492444, "random_state": 3.727378782835583}, "datetime": {"datetime": "2021-09-29 22:09:01", "elapsed": 37.414717, "delta": 0.566281}}
{"target": -54.94285019523335, "params": {"max_depth": 5.143862804174185, "n_estimators": 75.33777236230785, "random_state": 3.030877364614554}, "datetime": {"datetime": "2021-09-29 22:09:01", "elapsed": 38.093023, "delta": 0.678306}}
{"target": -55.23940672412979, "params": {"max_depth": 5.147270724433811, "n_estimators": 76.86204885952911, "random_state": 5.4057387924058675}, "datetime": {"datetime": "2021-09-29 22:09:02", "elapsed": 38.804011, "delta": 0.710988}}
{"target": -56.66837758103207, "params": {"max_depth": 5.594679441268062, "n_estimators": 24.810703375681996, "random_state": 6.156869334718965}, "datetime": {"datetime": "2021-09-29 22:09:02", "elapsed": 39.298539, "delta": 0.494528}}
{"target": -53.964290416482264, "params": {"max_depth": 4.105858920903833, "n_estimators": 77.12298342654395, "random_state": 3.612619478154587}, "datetime": {"datetime": "2021-09-29 22:09:03", "elapsed": 39.937734, "delta": 0.639195}}
{"target": -57.29831973250364, "params": {"max_depth": 2.0, "n_estimators": 87.0, "random_state": 2.0}, "datetime": {"datetime": "2021-09-29 22:09:04", "elapsed": 40.57674, "delta": 0.639006}}
{"target": -54.38710103801393, "params": {"max_depth": 7.0, "n_estimators": 37.362140049828206, "random_state": 2.0}, "datetime": {"datetime": "2021-09-29 22:09:04", "elapsed": 41.146629, "delta": 0.569889}}
{"target": -56.62487687015285, "params": {"max_depth": 6.871325194527615, "n_estimators": 36.26979840008232, "random_state": 3.253948260421932}, "datetime": {"datetime": "2021-09-29 22:09:05", "elapsed": 41.697572, "delta": 0.550943}}
{"target": -54.49475816233883, "params": {"max_depth": 7.0, "n_estimators": 38.88669378352768, "random_state": 2.0}, "datetime": {"datetime": "2021-09-29 22:09:06", "elapsed": 42.455045, "delta": 0.757473}}
{"target": -54.8879884105405, "params": {"max_depth": 5.817431197451188, "n_estimators": 38.027567455500304, "random_state": 2.0583648701369412}, "datetime": {"datetime": "2021-09-29 22:09:06", "elapsed": 43.122015, "delta": 0.66697}}
{"target": -54.353834151494276, "params": {"max_depth": 6.018289111090417, "n_estimators": 40.77117094955995, "random_state": 2.4251610618809036}, "datetime": {"datetime": "2021-09-29 22:09:07", "elapsed": 43.730401, "delta": 0.608386}}
{"target": -56.42268389194693, "params": {"max_depth": 7.0, "n_estimators": 40.11202455183305, "random_state": 3.6136520610628553}, "datetime": {"datetime": "2021-09-29 22:09:08", "elapsed": 44.439445, "delta": 0.709044}}
{"target": -54.90503407326124, "params": {"max_depth": 4.357138534588259, "n_estimators": 40.9001856795432, "random_state": 2.0357115497235245}, "datetime": {"datetime": "2021-09-29 22:09:08", "elapsed": 45.1752, "delta": 0.735755}}
{"target": -54.88265060046263, "params": {"max_depth": 5.434076791809189, "n_estimators": 42.157973276757765, "random_state": 2.176032018560014}, "datetime": {"datetime": "2021-09-29 22:09:09", "elapsed": 45.808029, "delta": 0.632829}}
{"target": -55.01326215628417, "params": {"max_depth": 5.816767103489522, "n_estimators": 39.897257761023525, "random_state": 2.0071600910198164}, "datetime": {"datetime": "2021-09-29 22:09:10", "elapsed": 46.436808, "delta": 0.628779}}
{"target": -54.2892391762437, "params": {"max_depth": 7.0, "n_estimators": 41.71775675018318, "random_state": 2.0}, "datetime": {"datetime": "2021-09-29 22:09:10", "elapsed": 47.15984, "delta": 0.723032}}
{"target": -54.64319581821011, "params": {"max_depth": 6.627438453071272, "n_estimators": 44.12588582507014, "random_state": 2.5518428189614775}, "datetime": {"datetime": "2021-09-29 22:09:11", "elapsed": 47.751709, "delta": 0.591869}}
{"target": -54.99475726465165, "params": {"max_depth": 7.0, "n_estimators": 45.966925886693204, "random_state": 2.0}, "datetime": {"datetime": "2021-09-29 22:09:11", "elapsed": 48.318082, "delta": 0.566373}}
{"target": -54.89983457130687, "params": {"max_depth": 4.978702594077409, "n_estimators": 45.07638125334977, "random_state": 2.0}, "datetime": {"datetime": "2021-09-29 22:09:12", "elapsed": 49.014529, "delta": 0.696447}}
{"target": -55.79931721564021, "params": {"max_depth": 6.841734142172229, "n_estimators": 42.53348327715375, "random_state": 3.7873187036887312}, "datetime": {"datetime": "2021-09-29 22:09:13", "elapsed": 49.660976, "delta": 0.646447}}
{"target": -55.80886091250481, "params": {"max_depth": 6.165818459060978, "n_estimators": 45.31136079325617, "random_state": 3.6482850954539296}, "datetime": {"datetime": "2021-09-29 22:09:13", "elapsed": 50.286454, "delta": 0.625478}}
{"target": -54.962163157905344, "params": {"max_depth": 4.780907889399345, "n_estimators": 47.498657329975934, "random_state": 2.0}, "datetime": {"datetime": "2021-09-29 22:09:14", "elapsed": 50.94224, "delta": 0.655786}}
{"target": -57.49923884722757, "params": {"max_depth": 2.8810412477964986, "n_estimators": 46.297873363239425, "random_state": 2.0}, "datetime": {"datetime": "2021-09-29 22:09:15", "elapsed": 51.595958, "delta": 0.653718}}
{"target": -55.00217756595981, "params": {"max_depth": 6.799139169433603, "n_estimators": 48.02982435317888, "random_state": 2.0548917582585147}, "datetime": {"datetime": "2021-09-29 22:09:15", "elapsed": 52.17911, "delta": 0.583152}}
{"target": -55.246430563824944, "params": {"max_depth": 5.434147985004879, "n_estimators": 49.975031438061905, "random_state": 2.137150368554548}, "datetime": {"datetime": "2021-09-29 22:09:16", "elapsed": 52.878881, "delta": 0.699771}}
{"target": -53.847564718350625, "params": {"max_depth": 6.094552980132954, "n_estimators": 20.68514391648305, "random_state": 2.007921004708868}, "datetime": {"datetime": "2021-09-29 22:09:17", "elapsed": 53.737079, "delta": 0.858198}}
{"target": -57.578076326001934, "params": {"max_depth": 2.14945189126474, "n_estimators": 39.261891850008, "random_state": 2.0}, "datetime": {"datetime": "2021-09-29 22:09:18", "elapsed": 54.371925, "delta": 0.634846}}
{"target": -56.32746237642934, "params": {"max_depth": 2.0, "n_estimators": 29.384518012555468, "random_state": 11.0}, "datetime": {"datetime": "2021-09-29 22:09:18", "elapsed": 54.933526, "delta": 0.561601}}
{"target": -54.945629973275786, "params": {"max_depth": 7.0, "n_estimators": 52.71439785244651, "random_state": 2.0}, "datetime": {"datetime": "2021-09-29 22:09:19", "elapsed": 55.636569, "delta": 0.703043}}
{"target": -54.91574983110122, "params": {"max_depth": 7.0, "n_estimators": 54.99587814259976, "random_state": 2.0}, "datetime": {"datetime": "2021-09-29 22:09:19", "elapsed": 56.307215, "delta": 0.670646}}
{"target": -55.02022390556169, "params": {"max_depth": 5.440228165387319, "n_estimators": 53.649125694629376, "random_state": 2.777701165331985}, "datetime": {"datetime": "2021-09-29 22:09:20", "elapsed": 57.079312, "delta": 0.772097}}
{"target": -57.38006377792687, "params": {"max_depth": 7.0, "n_estimators": 54.59258505494118, "random_state": 4.095034372088158}, "datetime": {"datetime": "2021-09-29 22:09:21", "elapsed": 57.729309, "delta": 0.649997}}
{"target": -54.76488966090124, "params": {"max_depth": 4.2043244640231965, "n_estimators": 52.25018983310879, "random_state": 2.0}, "datetime": {"datetime": "2021-09-29 22:09:21", "elapsed": 58.276636, "delta": 0.547327}}
{"target": -55.585778989325874, "params": {"max_depth": 3.1586673628100796, "n_estimators": 52.486147639193156, "random_state": 3.704261675737022}, "datetime": {"datetime": "2021-09-29 22:09:22", "elapsed": 59.15364, "delta": 0.877004}}
{"target": -55.02120627110016, "params": {"max_depth": 6.482468435143435, "n_estimators": 57.27682291249481, "random_state": 2.0894626847307043}, "datetime": {"datetime": "2021-09-29 22:09:23", "elapsed": 59.881607, "delta": 0.727967}}
{"target": -54.947795462197156, "params": {"max_depth": 7.0, "n_estimators": 59.67306430029945, "random_state": 2.0}, "datetime": {"datetime": "2021-09-29 22:09:24", "elapsed": 60.773399, "delta": 0.891792}}
{"target": -55.24384859725755, "params": {"max_depth": 6.967382978786047, "n_estimators": 59.44357842067235, "random_state": 3.9978972364721566}, "datetime": {"datetime": "2021-09-29 22:09:25", "elapsed": 61.590397, "delta": 0.816998}}
{"target": -54.76125132785323, "params": {"max_depth": 7.0, "n_estimators": 61.94727582624583, "random_state": 2.4791881337897905}, "datetime": {"datetime": "2021-09-29 22:09:26", "elapsed": 62.463325, "delta": 0.872928}}
{"target": -55.016650685944, "params": {"max_depth": 5.165863057761999, "n_estimators": 60.78722236911285, "random_state": 2.812421947777368}, "datetime": {"datetime": "2021-09-29 22:09:27", "elapsed": 63.344954, "delta": 0.881629}}
{"target": -56.5818589747879, "params": {"max_depth": 6.195622631099064, "n_estimators": 62.43325645561434, "random_state": 4.275823336980628}, "datetime": {"datetime": "2021-09-29 22:09:28", "elapsed": 64.354507, "delta": 1.009553}}
{"target": -57.41106139534507, "params": {"max_depth": 2.947745568332446, "n_estimators": 50.521147922398974, "random_state": 2.0}, "datetime": {"datetime": "2021-09-29 22:09:28", "elapsed": 65.048485, "delta": 0.693978}}
{"target": -55.23632497829677, "params": {"max_depth": 5.629283755365034, "n_estimators": 51.83794121896793, "random_state": 2.8234101849746}, "datetime": {"datetime": "2021-09-29 22:09:29", "elapsed": 65.775595, "delta": 0.72711}}
{"target": -55.94518637777113, "params": {"max_depth": 3.1024628004821437, "n_estimators": 61.95234325587974, "random_state": 2.083415279205278}, "datetime": {"datetime": "2021-09-29 22:09:30", "elapsed": 66.632523, "delta": 0.856928}}
{"target": -56.33852872031957, "params": {"max_depth": 3.9577127729032537, "n_estimators": 53.91273984304477, "random_state": 2.0}, "datetime": {"datetime": "2021-09-29 22:09:30", "elapsed": 67.272962, "delta": 0.640439}}
{"target": -55.357845775781655, "params": {"max_depth": 5.702987012929976, "n_estimators": 48.28254315199408, "random_state": 3.6469207638509955}, "datetime": {"datetime": "2021-09-29 22:09:31", "elapsed": 67.911763, "delta": 0.638801}}
{"target": -55.07888154452214, "params": {"max_depth": 5.396638856421523, "n_estimators": 58.98806247591315, "random_state": 2.1705818682758236}, "datetime": {"datetime": "2021-09-29 22:09:32", "elapsed": 68.569547, "delta": 0.657784}}
{"target": -57.49994488370789, "params": {"max_depth": 6.9257628833613945, "n_estimators": 86.69609564494542, "random_state": 7.085325057227642}, "datetime": {"datetime": "2021-09-29 22:09:33", "elapsed": 69.360719, "delta": 0.791172}}
{"target": -54.9432031187755, "params": {"max_depth": 7.0, "n_estimators": 63.91947253459186, "random_state": 2.0}, "datetime": {"datetime": "2021-09-29 22:09:33", "elapsed": 70.068918, "delta": 0.708199}}
{"target": -55.1298564833606, "params": {"max_depth": 7.0, "n_estimators": 66.04049351609676, "random_state": 2.0}, "datetime": {"datetime": "2021-09-29 22:09:34", "elapsed": 70.737985, "delta": 0.669067}}
{"target": -56.808105951387354, "params": {"max_depth": 2.0, "n_estimators": 81.09606821871954, "random_state": 11.0}, "datetime": {"datetime": "2021-09-29 22:09:35", "elapsed": 71.388857, "delta": 0.650872}}
{"target": -57.70952501990202, "params": {"max_depth": 2.0078254857761677, "n_estimators": 39.40118936150019, "random_state": 10.593971292357919}, "datetime": {"datetime": "2021-09-29 22:09:35", "elapsed": 72.117403, "delta": 0.728546}}
{"target": -59.51206003386407, "params": {"max_depth": 7.0, "n_estimators": 29.922026132640088, "random_state": 8.753157607062288}, "datetime": {"datetime": "2021-09-29 22:09:36", "elapsed": 72.768979, "delta": 0.651576}}
{"target": -55.94443821929893, "params": {"max_depth": 7.0, "n_estimators": 73.37351875773142, "random_state": 11.0}, "datetime": {"datetime": "2021-09-29 22:09:37", "elapsed": 73.591189, "delta": 0.82221}}
{"target": -55.33482865617737, "params": {"max_depth": 7.0, "n_estimators": 83.62782401380912, "random_state": 2.0}, "datetime": {"datetime": "2021-09-29 22:09:38", "elapsed": 74.443801, "delta": 0.852612}}
{"target": -55.08968705773054, "params": {"max_depth": 4.179322858539538, "n_estimators": 82.32078238115788, "random_state": 2.0}, "datetime": {"datetime": "2021-09-29 22:09:39", "elapsed": 75.336842, "delta": 0.893041}}
{"target": -56.56037267609929, "params": {"max_depth": 2.0, "n_estimators": 81.78669193534913, "random_state": 3.1715211856718395}, "datetime": {"datetime": "2021-09-29 22:09:39", "elapsed": 76.169392, "delta": 0.83255}}
{"target": -55.31637985458724, "params": {"max_depth": 5.381055299158637, "n_estimators": 82.94395755779837, "random_state": 4.200074440953336}, "datetime": {"datetime": "2021-09-29 22:09:40", "elapsed": 77.032801, "delta": 0.863409}}
{"target": -57.24666883936401, "params": {"max_depth": 2.0, "n_estimators": 34.370671731576685, "random_state": 6.864541392212115}, "datetime": {"datetime": "2021-09-29 22:09:41", "elapsed": 77.678174, "delta": 0.645373}}
{"target": -55.355620133286365, "params": {"max_depth": 6.242799337989299, "n_estimators": 81.56961526577683, "random_state": 2.118898594506757}, "datetime": {"datetime": "2021-09-29 22:09:42", "elapsed": 78.697904, "delta": 1.01973}}
{"target": -56.39127171684951, "params": {"max_depth": 7.0, "n_estimators": 23.73599428618882, "random_state": 11.0}, "datetime": {"datetime": "2021-09-29 22:09:42", "elapsed": 79.296739, "delta": 0.598835}}
{"target": -57.071523725497705, "params": {"max_depth": 2.0, "n_estimators": 75.69918982127007, "random_state": 11.0}, "datetime": {"datetime": "2021-09-29 22:09:43", "elapsed": 80.184694, "delta": 0.887955}}
{"target": -56.36211708612048, "params": {"max_depth": 7.0, "n_estimators": 82.96175619363846, "random_state": 11.0}, "datetime": {"datetime": "2021-09-29 22:09:45", "elapsed": 81.358521, "delta": 1.173827}}
{"target": -55.50256720098214, "params": {"max_depth": 6.985809477960485, "n_estimators": 86.70443692093289, "random_state": 2.191748458135195}, "datetime": {"datetime": "2021-09-29 22:09:45", "elapsed": 82.259784, "delta": 0.901263}}
{"target": -56.072988929808275, "params": {"max_depth": 7.0, "n_estimators": 41.319333936385654, "random_state": 11.0}, "datetime": {"datetime": "2021-09-29 22:09:46", "elapsed": 83.076228, "delta": 0.816444}}
{"target": -54.799469285739534, "params": {"max_depth": 4.4828305333399205, "n_estimators": 59.08009554443287, "random_state": 4.615736151695729}, "datetime": {"datetime": "2021-09-29 22:09:47", "elapsed": 84.069481, "delta": 0.993253}}
{"target": -57.2383554907, "params": {"max_depth": 2.7020401762038837, "n_estimators": 59.843097739072455, "random_state": 5.101818529987146}, "datetime": {"datetime": "2021-09-29 22:09:48", "elapsed": 84.913332, "delta": 0.843851}}
{"target": -55.71164467614721, "params": {"max_depth": 5.689600050872234, "n_estimators": 57.970236915329075, "random_state": 4.92650255178005}, "datetime": {"datetime": "2021-09-29 22:09:49", "elapsed": 85.785365, "delta": 0.872033}}
{"target": -55.41763744100634, "params": {"max_depth": 5.105933220918738, "n_estimators": 64.77186185919751, "random_state": 2.0}, "datetime": {"datetime": "2021-09-29 22:09:50", "elapsed": 86.574018, "delta": 0.788653}}
{"target": -55.102068142478245, "params": {"max_depth": 4.771126296323938, "n_estimators": 84.60627028359337, "random_state": 2.0706485501974523}, "datetime": {"datetime": "2021-09-29 22:09:51", "elapsed": 87.673061, "delta": 1.099043}}
{"target": -56.64757176173267, "params": {"max_depth": 2.0, "n_estimators": 24.70750008593756, "random_state": 11.0}, "datetime": {"datetime": "2021-09-29 22:09:52", "elapsed": 88.339989, "delta": 0.666928}}
{"target": -58.46044042919386, "params": {"max_depth": 2.0511703655412834, "n_estimators": 84.8057482598708, "random_state": 7.545430518531507}, "datetime": {"datetime": "2021-09-29 22:09:52", "elapsed": 89.172982, "delta": 0.832993}}
{"target": -56.334624693013666, "params": {"max_depth": 2.0, "n_estimators": 45.04372108273921, "random_state": 11.0}, "datetime": {"datetime": "2021-09-29 22:09:53", "elapsed": 89.867122, "delta": 0.69414}}
{"target": -57.88612562774671, "params": {"max_depth": 6.821217182273456, "n_estimators": 66.16951462083038, "random_state": 7.965647968078855}, "datetime": {"datetime": "2021-09-29 22:09:54", "elapsed": 90.72481, "delta": 0.857688}}
{"target": -58.507708964539596, "params": {"max_depth": 2.0, "n_estimators": 24.98601501597423, "random_state": 2.0}, "datetime": {"datetime": "2021-09-29 22:09:55", "elapsed": 91.410058, "delta": 0.685248}}
{"target": -57.99741376149128, "params": {"max_depth": 2.0, "n_estimators": 20.0, "random_state": 6.562144509937256}, "datetime": {"datetime": "2021-09-29 22:09:55", "elapsed": 92.107184, "delta": 0.697126}}
{"target": -56.63464897120254, "params": {"max_depth": 7.0, "n_estimators": 81.87238641645475, "random_state": 6.873965451309936}, "datetime": {"datetime": "2021-09-29 22:09:56", "elapsed": 92.97561, "delta": 0.868426}}
{"target": -55.42021331969854, "params": {"max_depth": 5.299020286325811, "n_estimators": 63.86466604281476, "random_state": 10.944469273703355}, "datetime": {"datetime": "2021-09-29 22:09:57", "elapsed": 93.709453, "delta": 0.733843}}
{"target": -54.96284553644213, "params": {"max_depth": 6.9171341425753905, "n_estimators": 26.868303329482643, "random_state": 2.1361929694852795}, "datetime": {"datetime": "2021-09-29 22:09:58", "elapsed": 94.522983, "delta": 0.81353}}
{"target": -56.00070901186953, "params": {"max_depth": 7.0, "n_estimators": 28.294681367684692, "random_state": 3.6880362332493557}, "datetime": {"datetime": "2021-09-29 22:09:59", "elapsed": 95.395426, "delta": 0.872443}}
{"target": -55.98294003316811, "params": {"max_depth": 2.0, "n_estimators": 33.6318382312352, "random_state": 11.0}, "datetime": {"datetime": "2021-09-29 22:09:59", "elapsed": 96.148257, "delta": 0.752831}}
{"target": -54.943717635305056, "params": {"max_depth": 6.821813302259821, "n_estimators": 25.142171660893023, "random_state": 2.8837254970475033}, "datetime": {"datetime": "2021-09-29 22:10:00", "elapsed": 97.026906, "delta": 0.878649}}
{"target": -57.15626918200061, "params": {"max_depth": 2.0, "n_estimators": 53.66858664689634, "random_state": 6.51786072554246}, "datetime": {"datetime": "2021-09-29 22:10:01", "elapsed": 97.738943, "delta": 0.712037}}
{"target": -56.528752224362556, "params": {"max_depth": 7.0, "n_estimators": 20.0, "random_state": 9.143323964704797}, "datetime": {"datetime": "2021-09-29 22:10:02", "elapsed": 98.398511, "delta": 0.659568}}
{"target": -57.81367638769521, "params": {"max_depth": 2.0, "n_estimators": 34.33470231240659, "random_state": 2.0}, "datetime": {"datetime": "2021-09-29 22:10:02", "elapsed": 99.099899, "delta": 0.701388}}
{"target": -59.09435166953393, "params": {"max_depth": 7.0, "n_estimators": 38.84278719552777, "random_state": 8.084732329278673}, "datetime": {"datetime": "2021-09-29 22:10:03", "elapsed": 100.09101, "delta": 0.991111}}
{"target": -57.09528447369474, "params": {"max_depth": 2.0, "n_estimators": 27.507639412746283, "random_state": 7.224124597949358}, "datetime": {"datetime": "2021-09-29 22:10:04", "elapsed": 100.802252, "delta": 0.711242}}
{"target": -56.205788761086616, "params": {"max_depth": 6.442439423318997, "n_estimators": 86.95778543424007, "random_state": 10.976869998362014}, "datetime": {"datetime": "2021-09-29 22:10:05", "elapsed": 101.757951, "delta": 0.955699}}
{"target": -58.44920999183191, "params": {"max_depth": 2.00178770206855, "n_estimators": 78.6672559920298, "random_state": 7.189731976407825}, "datetime": {"datetime": "2021-09-29 22:10:06", "elapsed": 102.814787, "delta": 1.056836}}
{"target": -54.896707702679414, "params": {"max_depth": 7.0, "n_estimators": 32.11064510421857, "random_state": 2.0}, "datetime": {"datetime": "2021-09-29 22:10:07", "elapsed": 103.712298, "delta": 0.897511}}
{"target": -57.095392968140615, "params": {"max_depth": 7.0, "n_estimators": 32.27541986590712, "random_state": 4.135147592233331}, "datetime": {"datetime": "2021-09-29 22:10:08", "elapsed": 104.53844, "delta": 0.826142}}
{"target": -55.24363104706471, "params": {"max_depth": 7.0, "n_estimators": 30.12880618026732, "random_state": 2.0}, "datetime": {"datetime": "2021-09-29 22:10:09", "elapsed": 105.358501, "delta": 0.820061}}
{"target": -56.31879185016432, "params": {"max_depth": 2.0, "n_estimators": 50.638723566024105, "random_state": 11.0}, "datetime": {"datetime": "2021-09-29 22:10:09", "elapsed": 106.278858, "delta": 0.920357}}
{"target": -55.93473116352586, "params": {"max_depth": 6.956647808397879, "n_estimators": 71.60312686986711, "random_state": 8.669678445360226}, "datetime": {"datetime": "2021-09-29 22:10:10", "elapsed": 107.209913, "delta": 0.931055}}
{"target": -54.6239386177094, "params": {"max_depth": 5.814830570562432, "n_estimators": 85.04633164259468, "random_state": 3.441600768414176}, "datetime": {"datetime": "2021-09-29 22:10:11", "elapsed": 108.20088, "delta": 0.990967}}
{"target": -56.645436846609186, "params": {"max_depth": 7.0, "n_estimators": 84.28984075970199, "random_state": 4.199364806936762}, "datetime": {"datetime": "2021-09-29 22:10:12", "elapsed": 109.130142, "delta": 0.929262}}
{"target": -53.877901947015935, "params": {"max_depth": 4.9796464982179005, "n_estimators": 86.64708632173355, "random_state": 3.4279205863027746}, "datetime": {"datetime": "2021-09-29 22:10:13", "elapsed": 110.285249, "delta": 1.155107}}
{"target": -55.2314969550874, "params": {"max_depth": 4.332924294760292, "n_estimators": 85.67477815489151, "random_state": 4.248271649821001}, "datetime": {"datetime": "2021-09-29 22:10:15", "elapsed": 111.347218, "delta": 1.061969}}
{"target": -55.47399835572831, "params": {"max_depth": 5.901900268411494, "n_estimators": 87.0, "random_state": 4.008963482216613}, "datetime": {"datetime": "2021-09-29 22:10:16", "elapsed": 112.675226, "delta": 1.328008}}
