{"target": -56.961803590959214, "params": {"max_depth": 5.253395450854323, "n_estimators": 27.161515491484487, "random_state": 6.48662644322078}, "datetime": {"datetime": "2021-09-29 22:27:55", "elapsed": 122.903602, "delta": 1.281007}}
{"target": -55.93994241369826, "params": {"max_depth": 3.2590100452089996, "n_estimators": 28.512454060809272, "random_state": 5.059437217586614}, "datetime": {"datetime": "2021-09-29 22:27:56", "elapsed": 124.026546, "delta": 1.122944}}
{"target": -54.22739152533026, "params": {"max_depth": 3.978564844649558, "n_estimators": 26.105862994673416, "random_state": 4.697979228853445}, "datetime": {"datetime": "2021-09-29 22:27:58", "elapsed": 125.355254, "delta": 1.328708}}
{"target": -54.48701861616377, "params": {"max_depth": 4.459747058252321, "n_estimators": 26.2604168098845, "random_state": 4.301313088257851}, "datetime": {"datetime": "2021-09-29 22:27:59", "elapsed": 126.611507, "delta": 1.256253}}
{"target": -54.22739152533026, "params": {"max_depth": 3.8144495900891564, "n_estimators": 26.698841175395685, "random_state": 4.400565899740937}, "datetime": {"datetime": "2021-09-29 22:28:00", "elapsed": 127.565719, "delta": 0.954212}}
{"target": -54.22739152533026, "params": {"max_depth": 3.3933748603884806, "n_estimators": 26.100344051403745, "random_state": 4.604489510354078}, "datetime": {"datetime": "2021-09-29 22:28:01", "elapsed": 128.73668, "delta": 1.170961}}
{"target": -54.49707912428067, "params": {"max_depth": 3.040979508509849, "n_estimators": 27.16633644137153, "random_state": 4.407617207125689}, "datetime": {"datetime": "2021-09-29 22:28:02", "elapsed": 129.758469, "delta": 1.021789}}
{"target": -56.3095813207501, "params": {"max_depth": 3.27110879352002, "n_estimators": 26.56008014395855, "random_state": 5.0584830464781305}, "datetime": {"datetime": "2021-09-29 22:28:03", "elapsed": 130.714359, "delta": 0.95589}}
{"target": -54.22739152533026, "params": {"max_depth": 3.188084316002049, "n_estimators": 26.557706423790638, "random_state": 4.008371290492896}, "datetime": {"datetime": "2021-09-29 22:28:04", "elapsed": 131.658134, "delta": 0.943775}}
{"target": -55.99829655320553, "params": {"max_depth": 3.592013081181634, "n_estimators": 27.0421371387122, "random_state": 3.7120313413583106}, "datetime": {"datetime": "2021-09-29 22:28:05", "elapsed": 132.904111, "delta": 1.245977}}
{"target": -53.986011636347506, "params": {"max_depth": 3.2587695418266045, "n_estimators": 25.63183265581077, "random_state": 4.329326351401281}, "datetime": {"datetime": "2021-09-29 22:28:06", "elapsed": 133.986916, "delta": 1.082805}}
{"target": -53.986011636347506, "params": {"max_depth": 3.3615327326011433, "n_estimators": 25.18260409673642, "random_state": 4.756897803842249}, "datetime": {"datetime": "2021-09-29 22:28:07", "elapsed": 134.968916, "delta": 0.982}}
{"target": -53.986011636347506, "params": {"max_depth": 3.800706731590773, "n_estimators": 25.652332619822275, "random_state": 4.383560950414906}, "datetime": {"datetime": "2021-09-29 22:28:08", "elapsed": 136.001579, "delta": 1.032663}}
{"target": -53.90159370857095, "params": {"max_depth": 3.9549811765744654, "n_estimators": 24.816916784341302, "random_state": 4.904351257900683}, "datetime": {"datetime": "2021-09-29 22:28:10", "elapsed": 137.328628, "delta": 1.327049}}
{"target": -53.90159370857095, "params": {"max_depth": 3.761436033184572, "n_estimators": 24.636080272485025, "random_state": 4.286489103462297}, "datetime": {"datetime": "2021-09-29 22:28:11", "elapsed": 138.489777, "delta": 1.161149}}
{"target": -56.2434376580588, "params": {"max_depth": 3.4539186158340396, "n_estimators": 24.372756787299405, "random_state": 5.013267305667218}, "datetime": {"datetime": "2021-09-29 22:28:12", "elapsed": 139.403824, "delta": 0.914047}}
{"target": -54.34642516239627, "params": {"max_depth": 4.274322073094024, "n_estimators": 25.02840515403323, "random_state": 4.458011966102539}, "datetime": {"datetime": "2021-09-29 22:28:13", "elapsed": 140.357954, "delta": 0.95413}}
{"target": -56.20685079828929, "params": {"max_depth": 3.9279007025677837, "n_estimators": 25.396603728533957, "random_state": 5.024258200710787}, "datetime": {"datetime": "2021-09-29 22:28:14", "elapsed": 141.46205, "delta": 1.104096}}
{"target": -53.986011636347506, "params": {"max_depth": 3.4003863753403496, "n_estimators": 25.200522971865315, "random_state": 4.30143024289188}, "datetime": {"datetime": "2021-09-29 22:28:15", "elapsed": 142.532201, "delta": 1.070151}}
{"target": -54.09631161401147, "params": {"max_depth": 4.48007192602302, "n_estimators": 24.392709485745453, "random_state": 4.856406637292709}, "datetime": {"datetime": "2021-09-29 22:28:16", "elapsed": 143.528437, "delta": 0.996236}}
{"target": -55.48569796786115, "params": {"max_depth": 4.205396122444748, "n_estimators": 24.020071429846126, "random_state": 3.9144724470181256}, "datetime": {"datetime": "2021-09-29 22:28:17", "elapsed": 144.529474, "delta": 1.001037}}
{"target": -54.595165490892775, "params": {"max_depth": 5.021008691603134, "n_estimators": 24.85545174393807, "random_state": 5.317897730005013}, "datetime": {"datetime": "2021-09-29 22:28:18", "elapsed": 145.786657, "delta": 1.257183}}
{"target": -55.13390471810138, "params": {"max_depth": 5.2124210216726645, "n_estimators": 24.785050239740645, "random_state": 4.602333421656967}, "datetime": {"datetime": "2021-09-29 22:28:19", "elapsed": 146.875694, "delta": 1.089037}}
{"target": -54.62256845489376, "params": {"max_depth": 4.958131931739312, "n_estimators": 24.012318124405073, "random_state": 5.440258305010414}, "datetime": {"datetime": "2021-09-29 22:28:20", "elapsed": 147.995916, "delta": 1.120222}}
{"target": -54.595165490892775, "params": {"max_depth": 5.749783498590594, "n_estimators": 24.36465559568591, "random_state": 5.668873563128297}, "datetime": {"datetime": "2021-09-29 22:28:21", "elapsed": 149.213872, "delta": 1.217956}}
{"target": -57.19306701088544, "params": {"max_depth": 5.188889807010897, "n_estimators": 24.066250534850425, "random_state": 6.198287598567993}, "datetime": {"datetime": "2021-09-29 22:28:23", "elapsed": 150.412896, "delta": 1.199024}}
{"target": -54.9958144316134, "params": {"max_depth": 5.659176394831057, "n_estimators": 23.667533584801863, "random_state": 4.993706621820812}, "datetime": {"datetime": "2021-09-29 22:28:24", "elapsed": 151.392935, "delta": 0.980039}}
{"target": -56.485835795151765, "params": {"max_depth": 6.260495385430329, "n_estimators": 24.572834199190805, "random_state": 4.895381064539193}, "datetime": {"datetime": "2021-09-29 22:28:25", "elapsed": 152.366803, "delta": 0.973868}}
{"target": -54.09631161401147, "params": {"max_depth": 4.1253458174925965, "n_estimators": 24.536804611376876, "random_state": 4.694218820931832}, "datetime": {"datetime": "2021-09-29 22:28:26", "elapsed": 153.2778, "delta": 0.910997}}
{"target": -54.22739152533026, "params": {"max_depth": 3.8402234873798395, "n_estimators": 26.027320046877726, "random_state": 4.231972470391984}, "datetime": {"datetime": "2021-09-29 22:28:26", "elapsed": 154.244803, "delta": 0.967003}}
{"target": -54.09631161401147, "params": {"max_depth": 4.95586342642188, "n_estimators": 24.03662700172366, "random_state": 4.7872736250303465}, "datetime": {"datetime": "2021-09-29 22:28:27", "elapsed": 155.082803, "delta": 0.838}}
{"target": -54.65076297367092, "params": {"max_depth": 4.919184245563145, "n_estimators": 23.097305594763796, "random_state": 5.218306361547853}, "datetime": {"datetime": "2021-09-29 22:28:28", "elapsed": 156.214088, "delta": 1.131285}}
{"target": -54.07071447995474, "params": {"max_depth": 4.426123904640985, "n_estimators": 23.665112737530293, "random_state": 4.713758873759515}, "datetime": {"datetime": "2021-09-29 22:28:30", "elapsed": 157.479087, "delta": 1.264999}}
{"target": -54.07071447995474, "params": {"max_depth": 4.981107614487126, "n_estimators": 23.40922988632712, "random_state": 4.566225119542922}, "datetime": {"datetime": "2021-09-29 22:28:31", "elapsed": 158.521879, "delta": 1.042792}}
{"target": -53.974365152389566, "params": {"max_depth": 4.104630709355707, "n_estimators": 22.859796524221494, "random_state": 4.817616576531816}, "datetime": {"datetime": "2021-09-29 22:28:32", "elapsed": 159.61033, "delta": 1.088451}}
{"target": -54.433930513051976, "params": {"max_depth": 4.458537305234177, "n_estimators": 22.343530243360956, "random_state": 5.035380026675032}, "datetime": {"datetime": "2021-09-29 22:28:33", "elapsed": 160.717537, "delta": 1.107207}}
{"target": -56.21327994069381, "params": {"max_depth": 3.6301796507316357, "n_estimators": 22.70901159314076, "random_state": 5.291117153753652}, "datetime": {"datetime": "2021-09-29 22:28:34", "elapsed": 161.904946, "delta": 1.187409}}
{"target": -54.69508559967932, "params": {"max_depth": 5.734771985234838, "n_estimators": 22.232818325309854, "random_state": 4.696798827790195}, "datetime": {"datetime": "2021-09-29 22:28:35", "elapsed": 162.941947, "delta": 1.037001}}
{"target": -54.87307146198073, "params": {"max_depth": 5.42619085128526, "n_estimators": 22.193036084840344, "random_state": 5.367782910906435}, "datetime": {"datetime": "2021-09-29 22:28:36", "elapsed": 163.952147, "delta": 1.0102}}
{"target": -54.69508559967932, "params": {"max_depth": 5.020722937223876, "n_estimators": 22.860716585329072, "random_state": 4.706029211890986}, "datetime": {"datetime": "2021-09-29 22:28:37", "elapsed": 164.999147, "delta": 1.047}}
{"target": -55.45031955859068, "params": {"max_depth": 6.4889717563593585, "n_estimators": 22.0, "random_state": 5.22933719018007}, "datetime": {"datetime": "2021-09-29 22:28:38", "elapsed": 166.188998, "delta": 1.189851}}
{"target": -54.65076297367092, "params": {"max_depth": 4.2457522128853356, "n_estimators": 23.45342437546195, "random_state": 5.228069904325848}, "datetime": {"datetime": "2021-09-29 22:28:39", "elapsed": 167.20499, "delta": 1.015992}}
{"target": -55.52464056892843, "params": {"max_depth": 7.0, "n_estimators": 40.25882367149958, "random_state": 18.827549944020557}, "datetime": {"datetime": "2021-09-29 22:28:41", "elapsed": 168.305592, "delta": 1.100602}}
{"target": -53.90159370857095, "params": {"max_depth": 3.002458754537907, "n_estimators": 24.797887395425413, "random_state": 4.105019510880686}, "datetime": {"datetime": "2021-09-29 22:28:42", "elapsed": 169.302589, "delta": 0.996997}}
{"target": -55.666312338226085, "params": {"max_depth": 3.129774413089796, "n_estimators": 23.892422972298682, "random_state": 3.962240726733633}, "datetime": {"datetime": "2021-09-29 22:28:43", "elapsed": 170.394572, "delta": 1.091983}}
{"target": -55.44627498895177, "params": {"max_depth": 3.0214463905430824, "n_estimators": 25.572541450688934, "random_state": 3.7991641545347714}, "datetime": {"datetime": "2021-09-29 22:28:44", "elapsed": 171.383216, "delta": 0.988644}}
{"target": -56.80205365768916, "params": {"max_depth": 6.040081104277572, "n_estimators": 25.58956571796963, "random_state": 6.637635037356751}, "datetime": {"datetime": "2021-09-29 22:28:45", "elapsed": 172.463745, "delta": 1.080529}}
{"target": -55.69967264059377, "params": {"max_depth": 3.1261639552302465, "n_estimators": 28.702084223880185, "random_state": 3.400242973464248}, "datetime": {"datetime": "2021-09-29 22:28:46", "elapsed": 173.561747, "delta": 1.098002}}
{"target": -54.610602039280664, "params": {"max_depth": 5.4064602274545726, "n_estimators": 36.779756833314856, "random_state": 5.384806511021687}, "datetime": {"datetime": "2021-09-29 22:28:47", "elapsed": 174.651562, "delta": 1.089815}}
{"target": -53.986011636347506, "params": {"max_depth": 3.0, "n_estimators": 25.04497350324986, "random_state": 4.549386093923581}, "datetime": {"datetime": "2021-09-29 22:28:48", "elapsed": 175.950847, "delta": 1.299285}}
{"target": -54.62701182428874, "params": {"max_depth": 4.789067665613403, "n_estimators": 37.42658333459272, "random_state": 5.5297127361218426}, "datetime": {"datetime": "2021-09-29 22:28:49", "elapsed": 177.105942, "delta": 1.155095}}
{"target": -54.58563295271078, "params": {"max_depth": 5.605433695194318, "n_estimators": 37.55836824987562, "random_state": 5.029568085445422}, "datetime": {"datetime": "2021-09-29 22:28:51", "elapsed": 178.468386, "delta": 1.362444}}
{"target": -54.58563295271078, "params": {"max_depth": 5.76495749388592, "n_estimators": 37.290935723120164, "random_state": 5.923363511560815}, "datetime": {"datetime": "2021-09-29 22:28:52", "elapsed": 179.489388, "delta": 1.021002}}
{"target": -54.20199176026236, "params": {"max_depth": 5.160433117308538, "n_estimators": 38.296157010360766, "random_state": 5.253434871224046}, "datetime": {"datetime": "2021-09-29 22:28:53", "elapsed": 180.85321, "delta": 1.363822}}
{"target": -54.20199176026236, "params": {"max_depth": 5.739397835640743, "n_estimators": 38.152031331636685, "random_state": 5.706632114881767}, "datetime": {"datetime": "2021-09-29 22:28:54", "elapsed": 181.835827, "delta": 0.982617}}
{"target": -54.20199176026236, "params": {"max_depth": 5.902322883586149, "n_estimators": 38.5903864922976, "random_state": 5.015301906363819}, "datetime": {"datetime": "2021-09-29 22:28:55", "elapsed": 183.086874, "delta": 1.251047}}
{"target": -54.192038495975495, "params": {"max_depth": 5.532174592864882, "n_estimators": 39.01817486391578, "random_state": 5.576375674955276}, "datetime": {"datetime": "2021-09-29 22:28:56", "elapsed": 184.208154, "delta": 1.12128}}
{"target": -55.65275446089173, "params": {"max_depth": 5.247814386212788, "n_estimators": 39.10407853303999, "random_state": 4.805438272769165}, "datetime": {"datetime": "2021-09-29 22:28:58", "elapsed": 185.435807, "delta": 1.227653}}
{"target": -54.74335419739379, "params": {"max_depth": 6.334311382250552, "n_estimators": 38.845641030841364, "random_state": 5.69589280433885}, "datetime": {"datetime": "2021-09-29 22:28:59", "elapsed": 186.659025, "delta": 1.223218}}
{"target": -55.15009477050958, "params": {"max_depth": 6.317671009980952, "n_estimators": 37.75468355735259, "random_state": 5.294438218890848}, "datetime": {"datetime": "2021-09-29 22:29:00", "elapsed": 187.769948, "delta": 1.110923}}
{"target": -56.22557843829365, "params": {"max_depth": 5.714530577620225, "n_estimators": 39.820929173346215, "random_state": 6.112950530119408}, "datetime": {"datetime": "2021-09-29 22:29:01", "elapsed": 188.973944, "delta": 1.203996}}
{"target": -54.39435653632725, "params": {"max_depth": 4.2454771956455035, "n_estimators": 38.44405952739216, "random_state": 5.4220624585235795}, "datetime": {"datetime": "2021-09-29 22:29:03", "elapsed": 190.297785, "delta": 1.323841}}
{"target": -55.1667910410822, "params": {"max_depth": 4.398773742946894, "n_estimators": 37.86163662197725, "random_state": 4.790772919196637}, "datetime": {"datetime": "2021-09-29 22:29:04", "elapsed": 191.654119, "delta": 1.356334}}
{"target": -54.39435653632725, "params": {"max_depth": 4.746558781876879, "n_estimators": 38.95571988895888, "random_state": 5.769226255398169}, "datetime": {"datetime": "2021-09-29 22:29:05", "elapsed": 193.125919, "delta": 1.4718}}
{"target": -56.0047158240222, "params": {"max_depth": 3.727461116603722, "n_estimators": 39.105065914698955, "random_state": 5.8056064612176135}, "datetime": {"datetime": "2021-09-29 22:29:06", "elapsed": 194.208176, "delta": 1.082257}}
{"target": -54.39435653632725, "params": {"max_depth": 4.855344848581915, "n_estimators": 38.28334149679813, "random_state": 5.952328447712889}, "datetime": {"datetime": "2021-09-29 22:29:08", "elapsed": 195.650829, "delta": 1.442653}}
{"target": -55.91540477494461, "params": {"max_depth": 4.054733170753447, "n_estimators": 37.600817656044875, "random_state": 6.1637829606946495}, "datetime": {"datetime": "2021-09-29 22:29:09", "elapsed": 196.794153, "delta": 1.143324}}
{"target": -56.82484817835398, "params": {"max_depth": 6.7126493243396625, "n_estimators": 38.894867698942264, "random_state": 4.651011239348442}, "datetime": {"datetime": "2021-09-29 22:29:10", "elapsed": 198.116678, "delta": 1.322525}}
{"target": -55.8355313311912, "params": {"max_depth": 6.22300511742465, "n_estimators": 38.16788741764703, "random_state": 6.6518595679921555}, "datetime": {"datetime": "2021-09-29 22:29:12", "elapsed": 199.334673, "delta": 1.217995}}
{"target": -56.024559857501146, "params": {"max_depth": 4.94004534817026, "n_estimators": 36.68847875584032, "random_state": 6.224034271661342}, "datetime": {"datetime": "2021-09-29 22:29:13", "elapsed": 200.84985, "delta": 1.515177}}
{"target": -55.24121579608824, "params": {"max_depth": 6.383430100924197, "n_estimators": 36.554112045261185, "random_state": 5.69878809883992}, "datetime": {"datetime": "2021-09-29 22:29:14", "elapsed": 202.091069, "delta": 1.241219}}
{"target": -55.190694695408204, "params": {"max_depth": 3.174490470937329, "n_estimators": 40.42130594173584, "random_state": 15.360736484882644}, "datetime": {"datetime": "2021-09-29 22:29:16", "elapsed": 203.43411, "delta": 1.343041}}
{"target": -54.07071447995474, "params": {"max_depth": 4.4458373452979, "n_estimators": 23.11713819708663, "random_state": 4.613946533051034}, "datetime": {"datetime": "2021-09-29 22:29:17", "elapsed": 204.408588, "delta": 0.974478}}
{"target": -55.01155777112221, "params": {"max_depth": 3.0, "n_estimators": 41.73991389438946, "random_state": 15.425482700489857}, "datetime": {"datetime": "2021-09-29 22:29:18", "elapsed": 205.870985, "delta": 1.462397}}
{"target": -55.80138963593342, "params": {"max_depth": 3.0, "n_estimators": 41.178694800509305, "random_state": 16.447326057880044}, "datetime": {"datetime": "2021-09-29 22:29:19", "elapsed": 207.014986, "delta": 1.144001}}
{"target": -57.213260268794265, "params": {"max_depth": 3.3179140994130063, "n_estimators": 41.1858968229312, "random_state": 14.394839659241004}, "datetime": {"datetime": "2021-09-29 22:29:20", "elapsed": 208.160446, "delta": 1.14546}}
{"target": -55.229024067575295, "params": {"max_depth": 3.0, "n_estimators": 39.393696503176564, "random_state": 15.782604033184265}, "datetime": {"datetime": "2021-09-29 22:29:22", "elapsed": 209.482709, "delta": 1.322263}}
{"target": -54.20199176026236, "params": {"max_depth": 5.411805625748131, "n_estimators": 38.63018850636403, "random_state": 5.922031707936449}, "datetime": {"datetime": "2021-09-29 22:29:23", "elapsed": 211.072236, "delta": 1.589527}}
{"target": -55.3167843769118, "params": {"max_depth": 4.977483242532603, "n_estimators": 36.9312901178371, "random_state": 4.568236157283023}, "datetime": {"datetime": "2021-09-29 22:29:25", "elapsed": 212.668452, "delta": 1.596216}}
{"target": -55.42103402102614, "params": {"max_depth": 4.397672837066024, "n_estimators": 41.93533442607898, "random_state": 15.921558988068526}, "datetime": {"datetime": "2021-09-29 22:29:26", "elapsed": 214.103051, "delta": 1.434599}}
{"target": -56.18674638497853, "params": {"max_depth": 3.4516449862212615, "n_estimators": 42.0, "random_state": 11.083874470899016}, "datetime": {"datetime": "2021-09-29 22:29:28", "elapsed": 215.677659, "delta": 1.574608}}
{"target": -54.58563295271078, "params": {"max_depth": 5.2923332949208035, "n_estimators": 37.75062742005992, "random_state": 5.663360911248549}, "datetime": {"datetime": "2021-09-29 22:29:30", "elapsed": 217.425017, "delta": 1.747358}}
{"target": -57.054767298253694, "params": {"max_depth": 6.123712126102171, "n_estimators": 36.74639351067019, "random_state": 4.607461400978687}, "datetime": {"datetime": "2021-09-29 22:29:31", "elapsed": 218.897412, "delta": 1.472395}}
{"target": -60.41434468341933, "params": {"max_depth": 7.0, "n_estimators": 22.0, "random_state": 20.0}, "datetime": {"datetime": "2021-09-29 22:29:32", "elapsed": 220.223009, "delta": 1.325597}}
{"target": -60.72633915342702, "params": {"max_depth": 7.0, "n_estimators": 33.02938395244032, "random_state": 1.0}, "datetime": {"datetime": "2021-09-29 22:29:34", "elapsed": 221.945561, "delta": 1.722552}}
{"target": -57.72268424496802, "params": {"max_depth": 3.2293303872641395, "n_estimators": 39.210402708438515, "random_state": 9.721266233305379}, "datetime": {"datetime": "2021-09-29 22:29:36", "elapsed": 223.581551, "delta": 1.63599}}
{"target": -55.0698427827379, "params": {"max_depth": 6.218720321112855, "n_estimators": 42.0, "random_state": 15.82304179659373}, "datetime": {"datetime": "2021-09-29 22:29:37", "elapsed": 225.15557, "delta": 1.574019}}
{"target": -57.98138148395855, "params": {"max_depth": 7.0, "n_estimators": 42.0, "random_state": 16.837501489275894}, "datetime": {"datetime": "2021-09-29 22:29:39", "elapsed": 226.631795, "delta": 1.476225}}
{"target": -56.75836212921769, "params": {"max_depth": 5.763957841808092, "n_estimators": 42.0, "random_state": 14.849361572309109}, "datetime": {"datetime": "2021-09-29 22:29:40", "elapsed": 227.903069, "delta": 1.271274}}
{"target": -57.5031555308292, "params": {"max_depth": 3.3522103617273524, "n_estimators": 25.18296665503649, "random_state": 19.8821204065372}, "datetime": {"datetime": "2021-09-29 22:29:42", "elapsed": 229.327105, "delta": 1.424036}}
{"target": -60.329829175036885, "params": {"max_depth": 7.0, "n_estimators": 42.0, "random_state": 1.993636194838134}, "datetime": {"datetime": "2021-09-29 22:29:43", "elapsed": 230.818706, "delta": 1.491601}}
{"target": -56.282277387838164, "params": {"max_depth": 3.3326739571380215, "n_estimators": 41.995288702247436, "random_state": 19.986508591147178}, "datetime": {"datetime": "2021-09-29 22:29:44", "elapsed": 232.118077, "delta": 1.299371}}
{"target": -56.62595381601664, "params": {"max_depth": 7.0, "n_estimators": 30.544970492413775, "random_state": 9.521335545292121}, "datetime": {"datetime": "2021-09-29 22:29:46", "elapsed": 233.659074, "delta": 1.540997}}
{"target": -55.335965965296, "params": {"max_depth": 3.018303758955138, "n_estimators": 41.846003563051205, "random_state": 4.261872032057845}, "datetime": {"datetime": "2021-09-29 22:29:47", "elapsed": 235.188948, "delta": 1.529874}}
