{"target": -53.72626048681424, "params": {"max_depth": 3.8686899418575966, "n_estimators": 22.949344527745538, "random_state": 4.709685461939682}, "datetime": {"datetime": "2021-09-29 22:18:31", "elapsed": 502.701226, "delta": 2.058722}}
{"target": -53.974365152389566, "params": {"max_depth": 4.165800631714363, "n_estimators": 22.71599842718377, "random_state": 4.289054333176421}, "datetime": {"datetime": "2021-09-29 22:18:33", "elapsed": 504.862582, "delta": 2.161356}}
{"target": -54.07071447995474, "params": {"max_depth": 4.526234843460885, "n_estimators": 23.235190340580896, "random_state": 4.827715371326564}, "datetime": {"datetime": "2021-09-29 22:18:35", "elapsed": 506.681625, "delta": 1.819043}}
{"target": -54.07071447995474, "params": {"max_depth": 4.1264408222098155, "n_estimators": 23.224220268142783, "random_state": 4.358003325540761}, "datetime": {"datetime": "2021-09-29 22:18:37", "elapsed": 508.939693, "delta": 2.258068}}
{"target": -53.45625160430675, "params": {"max_depth": 3.8947965398147693, "n_estimators": 21.878304511340307, "random_state": 4.87306007306497}, "datetime": {"datetime": "2021-09-29 22:18:39", "elapsed": 510.811928, "delta": 1.872235}}
{"target": -53.50319691654442, "params": {"max_depth": 4.608295802319604, "n_estimators": 21.731936215521937, "random_state": 4.7224657570723565}, "datetime": {"datetime": "2021-09-29 22:18:41", "elapsed": 512.951716, "delta": 2.139788}}
{"target": -54.433930513051976, "params": {"max_depth": 4.414563204874031, "n_estimators": 22.265199386527208, "random_state": 5.099987008297744}, "datetime": {"datetime": "2021-09-29 22:18:44", "elapsed": 515.475008, "delta": 2.523292}}
{"target": -53.50319691654442, "params": {"max_depth": 4.037525150033284, "n_estimators": 21.98240850526414, "random_state": 4.162486523836097}, "datetime": {"datetime": "2021-09-29 22:18:46", "elapsed": 517.872037, "delta": 2.397029}}
{"target": -53.50319691654442, "params": {"max_depth": 4.751827291079231, "n_estimators": 21.444891662326263, "random_state": 4.175839302466775}, "datetime": {"datetime": "2021-09-29 22:18:48", "elapsed": 519.626901, "delta": 1.754864}}
{"target": -53.397048983472814, "params": {"max_depth": 4.266870466035629, "n_estimators": 20.676845821184283, "random_state": 4.781938557431418}, "datetime": {"datetime": "2021-09-29 22:18:50", "elapsed": 521.441541, "delta": 1.81464}}
{"target": -53.45625160430675, "params": {"max_depth": 3.6377090853752954, "n_estimators": 21.18590697889301, "random_state": 4.601118841224626}, "datetime": {"datetime": "2021-09-29 22:18:52", "elapsed": 523.489654, "delta": 2.048113}}
{"target": -53.50319691654442, "params": {"max_depth": 4.251682206322523, "n_estimators": 21.389652590663715, "random_state": 4.377348111638513}, "datetime": {"datetime": "2021-09-29 22:18:54", "elapsed": 525.273992, "delta": 1.784338}}
{"target": -54.62789224655997, "params": {"max_depth": 5.402689479448681, "n_estimators": 20.460643708989807, "random_state": 4.646913287010118}, "datetime": {"datetime": "2021-09-29 22:18:55", "elapsed": 526.970322, "delta": 1.69633}}
{"target": -53.39871319607583, "params": {"max_depth": 3.5114315061445813, "n_estimators": 20.231698273706872, "random_state": 4.334772668050938}, "datetime": {"datetime": "2021-09-29 22:18:58", "elapsed": 529.578826, "delta": 2.608504}}
{"target": -53.397048983472814, "params": {"max_depth": 4.409433673233698, "n_estimators": 20.189309410257184, "random_state": 4.349818678175447}, "datetime": {"datetime": "2021-09-29 22:19:00", "elapsed": 531.330885, "delta": 1.752059}}
{"target": -56.288944314902814, "params": {"max_depth": 4.483650335236128, "n_estimators": 20.348512931548207, "random_state": 3.746089278523125}, "datetime": {"datetime": "2021-09-29 22:19:02", "elapsed": 533.367089, "delta": 2.036204}}
{"target": -53.39871319607583, "params": {"max_depth": 3.193293884382757, "n_estimators": 20.153418862755053, "random_state": 4.973340570502041}, "datetime": {"datetime": "2021-09-29 22:19:04", "elapsed": 535.166244, "delta": 1.799155}}
{"target": -53.39871319607583, "params": {"max_depth": 3.7796815081744835, "n_estimators": 20.076766166081466, "random_state": 4.601994562480526}, "datetime": {"datetime": "2021-09-29 22:19:06", "elapsed": 537.904997, "delta": 2.738753}}
{"target": -53.45625160430675, "params": {"max_depth": 3.3579916471281384, "n_estimators": 21.90146260203678, "random_state": 4.427165744217757}, "datetime": {"datetime": "2021-09-29 22:19:09", "elapsed": 540.458803, "delta": 2.553806}}
{"target": -53.39871319607583, "params": {"max_depth": 3.1743317884212647, "n_estimators": 20.809304314861873, "random_state": 4.616585136446602}, "datetime": {"datetime": "2021-09-29 22:19:11", "elapsed": 542.555169, "delta": 2.096366}}
{"target": -53.397048983472814, "params": {"max_depth": 4.573546512590447, "n_estimators": 20.046321738383618, "random_state": 4.849720982427948}, "datetime": {"datetime": "2021-09-29 22:19:13", "elapsed": 544.289842, "delta": 1.734673}}
{"target": -56.12667937189406, "params": {"max_depth": 3.256940950328465, "n_estimators": 21.389848090248154, "random_state": 5.037499505397559}, "datetime": {"datetime": "2021-09-29 22:19:16", "elapsed": 547.251173, "delta": 2.961331}}
{"target": -53.72626048681424, "params": {"max_depth": 3.7565590544884406, "n_estimators": 22.40292560032004, "random_state": 4.5322093583730645}, "datetime": {"datetime": "2021-09-29 22:19:18", "elapsed": 549.464231, "delta": 2.213058}}
{"target": -55.87483290891632, "params": {"max_depth": 3.2279153909109257, "n_estimators": 20.823717092787177, "random_state": 3.819981010588534}, "datetime": {"datetime": "2021-09-29 22:19:20", "elapsed": 551.673524, "delta": 2.209293}}
{"target": -54.69070331536264, "params": {"max_depth": 5.487711303588016, "n_estimators": 21.95427269488127, "random_state": 4.220769865985292}, "datetime": {"datetime": "2021-09-29 22:19:22", "elapsed": 553.439685, "delta": 1.766161}}
{"target": -53.39871319607583, "params": {"max_depth": 3.524289911296149, "n_estimators": 20.643101449001406, "random_state": 4.720166808191116}, "datetime": {"datetime": "2021-09-29 22:19:24", "elapsed": 556.045688, "delta": 2.606003}}
{"target": -53.50319691654442, "params": {"max_depth": 4.867587822001474, "n_estimators": 21.084318498603146, "random_state": 4.731044822729071}, "datetime": {"datetime": "2021-09-29 22:19:27", "elapsed": 558.370002, "delta": 2.324314}}
{"target": -56.20685079828929, "params": {"max_depth": 3.0, "n_estimators": 25.419850872806997, "random_state": 5.280597090443551}, "datetime": {"datetime": "2021-09-29 22:19:29", "elapsed": 560.676206, "delta": 2.306204}}
{"target": -54.09631161401147, "params": {"max_depth": 4.572484690228029, "n_estimators": 24.23845838959602, "random_state": 4.687758191543971}, "datetime": {"datetime": "2021-09-29 22:19:31", "elapsed": 562.472908, "delta": 1.796702}}
{"target": -55.44627498895177, "params": {"max_depth": 3.0, "n_estimators": 25.330312531594785, "random_state": 3.5466170087408253}, "datetime": {"datetime": "2021-09-29 22:19:33", "elapsed": 564.553403, "delta": 2.080495}}
{"target": -53.39871319607583, "params": {"max_depth": 3.1618109666805347, "n_estimators": 20.43846361497658, "random_state": 4.700748081452438}, "datetime": {"datetime": "2021-09-29 22:19:35", "elapsed": 566.367785, "delta": 1.814382}}
{"target": -53.50319691654442, "params": {"max_depth": 4.071311441059037, "n_estimators": 21.805665298271748, "random_state": 4.569235869988301}, "datetime": {"datetime": "2021-09-29 22:19:37", "elapsed": 568.699625, "delta": 2.33184}}
{"target": -54.26168784716933, "params": {"max_depth": 4.893320518904389, "n_estimators": 21.17918449334875, "random_state": 5.30016405286398}, "datetime": {"datetime": "2021-09-29 22:19:39", "elapsed": 570.526139, "delta": 1.826514}}
{"target": -56.51594843216995, "params": {"max_depth": 3.9287864595238258, "n_estimators": 20.0, "random_state": 5.2747271386486005}, "datetime": {"datetime": "2021-09-29 22:19:41", "elapsed": 572.512619, "delta": 1.98648}}
{"target": -53.39871319607583, "params": {"max_depth": 3.007352850164087, "n_estimators": 20.019433351784333, "random_state": 4.551538061008141}, "datetime": {"datetime": "2021-09-29 22:19:43", "elapsed": 574.292955, "delta": 1.780336}}
{"target": -55.95067379734514, "params": {"max_depth": 4.624832965843165, "n_estimators": 22.181553387500305, "random_state": 3.4850012766267113}, "datetime": {"datetime": "2021-09-29 22:19:45", "elapsed": 576.203816, "delta": 1.910861}}
{"target": -53.397048983472814, "params": {"max_depth": 4.780816995795615, "n_estimators": 20.048570233920458, "random_state": 4.462944816033944}, "datetime": {"datetime": "2021-09-29 22:19:47", "elapsed": 578.809509, "delta": 2.605693}}
{"target": -53.397048983472814, "params": {"max_depth": 4.817645248812537, "n_estimators": 20.38816373823986, "random_state": 4.655192825586741}, "datetime": {"datetime": "2021-09-29 22:19:50", "elapsed": 581.286191, "delta": 2.476682}}
{"target": -53.39871319607583, "params": {"max_depth": 3.904011883550586, "n_estimators": 20.336032693032873, "random_state": 4.5146645045366505}, "datetime": {"datetime": "2021-09-29 22:19:52", "elapsed": 583.265349, "delta": 1.979158}}
{"target": -54.69070331536264, "params": {"max_depth": 5.20415306710996, "n_estimators": 21.57330803925227, "random_state": 4.747453133926352}, "datetime": {"datetime": "2021-09-29 22:19:54", "elapsed": 585.669978, "delta": 2.404629}}
{"target": -53.397048983472814, "params": {"max_depth": 4.312729914335401, "n_estimators": 20.990622115248968, "random_state": 4.476435766357259}, "datetime": {"datetime": "2021-09-29 22:19:57", "elapsed": 588.632706, "delta": 2.962728}}
{"target": -53.45625160430675, "params": {"max_depth": 3.433758586261476, "n_estimators": 21.54429754521743, "random_state": 4.226941454088847}, "datetime": {"datetime": "2021-09-29 22:19:59", "elapsed": 590.940053, "delta": 2.307347}}
{"target": -54.34642516239627, "params": {"max_depth": 4.1524433706836925, "n_estimators": 25.475274222875722, "random_state": 4.3477054420676575}, "datetime": {"datetime": "2021-09-29 22:20:01", "elapsed": 592.947913, "delta": 2.00786}}
{"target": -54.48701861616377, "params": {"max_depth": 4.385927835259377, "n_estimators": 26.683218930232215, "random_state": 4.226570682707408}, "datetime": {"datetime": "2021-09-29 22:20:04", "elapsed": 595.279693, "delta": 2.33178}}
{"target": -55.99829655320553, "params": {"max_depth": 3.5830914117461634, "n_estimators": 27.12874286895849, "random_state": 3.627048740137888}, "datetime": {"datetime": "2021-09-29 22:20:06", "elapsed": 598.016858, "delta": 2.737165}}
{"target": -54.471478749881975, "params": {"max_depth": 5.09726013866191, "n_estimators": 25.971349482050137, "random_state": 3.9802681556334774}, "datetime": {"datetime": "2021-09-29 22:20:09", "elapsed": 600.781589, "delta": 2.764731}}
{"target": -54.48701861616377, "params": {"max_depth": 4.853702977462445, "n_estimators": 26.23252886453827, "random_state": 4.893372524151196}, "datetime": {"datetime": "2021-09-29 22:20:12", "elapsed": 603.271202, "delta": 2.489613}}
{"target": -55.34540225328617, "params": {"max_depth": 5.32498780742861, "n_estimators": 27.132516219526767, "random_state": 4.373374236239691}, "datetime": {"datetime": "2021-09-29 22:20:15", "elapsed": 606.390129, "delta": 3.118927}}
{"target": -53.50319691654442, "params": {"max_depth": 4.4072958674833735, "n_estimators": 21.2825141192734, "random_state": 4.8166352696928065}, "datetime": {"datetime": "2021-09-29 22:20:17", "elapsed": 608.303393, "delta": 1.913264}}
{"target": -55.434991087880825, "params": {"max_depth": 5.277281195856592, "n_estimators": 25.074875320432934, "random_state": 4.304721010194682}, "datetime": {"datetime": "2021-09-29 22:20:19", "elapsed": 610.926019, "delta": 2.622626}}
{"target": -55.09310238184534, "params": {"max_depth": 5.240310860954993, "n_estimators": 20.0, "random_state": 5.210051058758791}, "datetime": {"datetime": "2021-09-29 22:20:22", "elapsed": 613.717614, "delta": 2.791595}}
{"target": -57.013129559394535, "params": {"max_depth": 3.067591557150209, "n_estimators": 30.75068249995786, "random_state": 10.083080649283522}, "datetime": {"datetime": "2021-09-29 22:20:25", "elapsed": 616.561191, "delta": 2.843577}}
{"target": -56.608925054998736, "params": {"max_depth": 3.016928431721215, "n_estimators": 63.00811669095169, "random_state": 10.472315190007103}, "datetime": {"datetime": "2021-09-29 22:20:28", "elapsed": 619.89317, "delta": 3.331979}}
{"target": -53.397048983472814, "params": {"max_depth": 4.342521773964094, "n_estimators": 20.070376843261784, "random_state": 4.563526719994185}, "datetime": {"datetime": "2021-09-29 22:20:31", "elapsed": 622.531044, "delta": 2.637874}}
{"target": -55.611043329302944, "params": {"max_depth": 4.999474843018961, "n_estimators": 40.93070076001595, "random_state": 11.0}, "datetime": {"datetime": "2021-09-29 22:20:34", "elapsed": 625.243464, "delta": 2.71242}}
{"target": -57.087691279350025, "params": {"max_depth": 7.0, "n_estimators": 110.0, "random_state": 5.481629202435029}, "datetime": {"datetime": "2021-09-29 22:20:37", "elapsed": 628.505014, "delta": 3.26155}}
{"target": -55.52717357513619, "params": {"max_depth": 6.93206895573527, "n_estimators": 34.427367478203905, "random_state": 10.898962114053251}, "datetime": {"datetime": "2021-09-29 22:20:39", "elapsed": 630.922085, "delta": 2.417071}}
{"target": -53.90159370857095, "params": {"max_depth": 3.4033591707206012, "n_estimators": 24.61141402982779, "random_state": 4.456589494798777}, "datetime": {"datetime": "2021-09-29 22:20:42", "elapsed": 633.928724, "delta": 3.006639}}
{"target": -56.65089759048142, "params": {"max_depth": 3.0, "n_estimators": 106.37933161619782, "random_state": 5.473711755392182}, "datetime": {"datetime": "2021-09-29 22:20:45", "elapsed": 636.953538, "delta": 3.024814}}
{"target": -61.95440421226066, "params": {"max_depth": 7.0, "n_estimators": 21.47091368021994, "random_state": 7.7953576711628125}, "datetime": {"datetime": "2021-09-29 22:20:48", "elapsed": 639.127859, "delta": 2.174321}}
{"target": -58.97378344073244, "params": {"max_depth": 7.0, "n_estimators": 45.5331853572667, "random_state": 7.2640853704992985}, "datetime": {"datetime": "2021-09-29 22:20:51", "elapsed": 642.155569, "delta": 3.02771}}
{"target": -59.91835707849285, "params": {"max_depth": 7.0, "n_estimators": 35.929215324601024, "random_state": 1.0}, "datetime": {"datetime": "2021-09-29 22:20:53", "elapsed": 644.299019, "delta": 2.14345}}
{"target": -57.485770792380805, "params": {"max_depth": 3.0, "n_estimators": 70.88407469631075, "random_state": 1.0}, "datetime": {"datetime": "2021-09-29 22:20:55", "elapsed": 646.425643, "delta": 2.126624}}
{"target": -58.897798024594216, "params": {"max_depth": 7.0, "n_estimators": 101.37801138967869, "random_state": 1.0}, "datetime": {"datetime": "2021-09-29 22:20:57", "elapsed": 648.997653, "delta": 2.57201}}
{"target": -56.443301784591306, "params": {"max_depth": 3.206204113363106, "n_estimators": 88.25533417464788, "random_state": 8.699764554651619}, "datetime": {"datetime": "2021-09-29 22:21:00", "elapsed": 651.38498, "delta": 2.387327}}
{"target": -56.85751272021348, "params": {"max_depth": 7.0, "n_estimators": 41.098328701118916, "random_state": 10.245537133717038}, "datetime": {"datetime": "2021-09-29 22:21:03", "elapsed": 654.398886, "delta": 3.013906}}
{"target": -56.38929043891382, "params": {"max_depth": 3.0, "n_estimators": 41.02338352313116, "random_state": 11.0}, "datetime": {"datetime": "2021-09-29 22:21:06", "elapsed": 657.488155, "delta": 3.089269}}
{"target": -56.84730080978486, "params": {"max_depth": 3.191660984034865, "n_estimators": 74.44297813967248, "random_state": 9.545157310549458}, "datetime": {"datetime": "2021-09-29 22:21:08", "elapsed": 659.877539, "delta": 2.389384}}
{"target": -53.39871319607583, "params": {"max_depth": 3.378687890205828, "n_estimators": 20.061280800472716, "random_state": 4.677811398598372}, "datetime": {"datetime": "2021-09-29 22:21:11", "elapsed": 662.192854, "delta": 2.315315}}
{"target": -57.46115712033415, "params": {"max_depth": 7.0, "n_estimators": 77.81978047596088, "random_state": 11.0}, "datetime": {"datetime": "2021-09-29 22:21:15", "elapsed": 666.367938, "delta": 4.175084}}
{"target": -58.19865012570641, "params": {"max_depth": 7.0, "n_estimators": 101.54236050777301, "random_state": 7.302982309891747}, "datetime": {"datetime": "2021-09-29 22:21:18", "elapsed": 669.450264, "delta": 3.082326}}
{"target": -57.817825284027045, "params": {"max_depth": 3.0010218423703767, "n_estimators": 44.54815479251492, "random_state": 2.998324469045347}, "datetime": {"datetime": "2021-09-29 22:21:20", "elapsed": 671.662632, "delta": 2.212368}}
{"target": -60.47275559069535, "params": {"max_depth": 7.0, "n_estimators": 40.0125585683745, "random_state": 1.0}, "datetime": {"datetime": "2021-09-29 22:21:23", "elapsed": 674.843604, "delta": 3.180972}}
{"target": -56.75882184609854, "params": {"max_depth": 3.0, "n_estimators": 82.55205583964927, "random_state": 1.0}, "datetime": {"datetime": "2021-09-29 22:21:26", "elapsed": 678.017246, "delta": 3.173642}}
{"target": -56.32115857077289, "params": {"max_depth": 3.0, "n_estimators": 93.78149408251632, "random_state": 11.0}, "datetime": {"datetime": "2021-09-29 22:21:29", "elapsed": 680.771246, "delta": 2.754}}
{"target": -57.09602501980883, "params": {"max_depth": 3.019853181351402, "n_estimators": 105.8824000964972, "random_state": 1.0758748358096473}, "datetime": {"datetime": "2021-09-29 22:21:32", "elapsed": 683.841144, "delta": 3.069898}}
{"target": -56.76326088477464, "params": {"max_depth": 3.0331109527521205, "n_estimators": 100.66046691975457, "random_state": 8.316730710910392}, "datetime": {"datetime": "2021-09-29 22:21:35", "elapsed": 686.385858, "delta": 2.544714}}
{"target": -57.11223785469785, "params": {"max_depth": 7.0, "n_estimators": 97.02829762094001, "random_state": 11.0}, "datetime": {"datetime": "2021-09-29 22:21:37", "elapsed": 688.917711, "delta": 2.531853}}
{"target": -56.06456376324862, "params": {"max_depth": 7.0, "n_estimators": 33.108660874217655, "random_state": 9.534682189644643}, "datetime": {"datetime": "2021-09-29 22:21:40", "elapsed": 691.227669, "delta": 2.309958}}
{"target": -57.45569585613658, "params": {"max_depth": 3.0, "n_estimators": 28.66218210251232, "random_state": 1.0}, "datetime": {"datetime": "2021-09-29 22:21:42", "elapsed": 693.643115, "delta": 2.415446}}
{"target": -56.43908325507297, "params": {"max_depth": 3.0, "n_estimators": 92.06776773325508, "random_state": 8.339699670311795}, "datetime": {"datetime": "2021-09-29 22:21:45", "elapsed": 696.66545, "delta": 3.022335}}
{"target": -57.059285748948184, "params": {"max_depth": 3.0194607667612465, "n_estimators": 54.32788546044281, "random_state": 7.920632223027435}, "datetime": {"datetime": "2021-09-29 22:21:47", "elapsed": 698.968974, "delta": 2.303524}}
{"target": -56.71318802681925, "params": {"max_depth": 3.0, "n_estimators": 84.41265650785323, "random_state": 8.66997892681122}, "datetime": {"datetime": "2021-09-29 22:21:50", "elapsed": 702.018314, "delta": 3.04934}}
{"target": -56.97034841448881, "params": {"max_depth": 3.0, "n_estimators": 102.09551074550261, "random_state": 1.0}, "datetime": {"datetime": "2021-09-29 22:21:53", "elapsed": 704.41457, "delta": 2.396256}}
{"target": -56.72371311095888, "params": {"max_depth": 3.0, "n_estimators": 91.04073239629061, "random_state": 1.0}, "datetime": {"datetime": "2021-09-29 22:21:55", "elapsed": 707.039585, "delta": 2.625015}}
{"target": -56.35617764137516, "params": {"max_depth": 6.819905378800824, "n_estimators": 35.94047695443187, "random_state": 9.934659175124821}, "datetime": {"datetime": "2021-09-29 22:21:58", "elapsed": 709.837555, "delta": 2.79797}}
{"target": -57.986386014048676, "params": {"max_depth": 7.0, "n_estimators": 93.42574720358292, "random_state": 7.371769924642177}, "datetime": {"datetime": "2021-09-29 22:22:01", "elapsed": 712.514949, "delta": 2.677394}}
{"target": -56.65461723685405, "params": {"max_depth": 3.093794743194947, "n_estimators": 72.22519926241716, "random_state": 5.160334454323516}, "datetime": {"datetime": "2021-09-29 22:22:04", "elapsed": 715.803003, "delta": 3.288054}}
{"target": -57.65157921235756, "params": {"max_depth": 3.0, "n_estimators": 36.34042261796091, "random_state": 1.0}, "datetime": {"datetime": "2021-09-29 22:22:07", "elapsed": 718.641643, "delta": 2.83864}}
{"target": -56.17612546310985, "params": {"max_depth": 3.0, "n_estimators": 59.15051172096383, "random_state": 11.0}, "datetime": {"datetime": "2021-09-29 22:22:10", "elapsed": 721.218929, "delta": 2.577286}}
{"target": -56.739019350524636, "params": {"max_depth": 3.0583558515490945, "n_estimators": 96.07914489167834, "random_state": 9.139980427042005}, "datetime": {"datetime": "2021-09-29 22:22:12", "elapsed": 723.812061, "delta": 2.593132}}
{"target": -56.19987995494906, "params": {"max_depth": 3.0740772857060543, "n_estimators": 100.20871466560513, "random_state": 3.821138637360463}, "datetime": {"datetime": "2021-09-29 22:22:15", "elapsed": 726.645021, "delta": 2.83296}}
{"target": -57.630313592683635, "params": {"max_depth": 7.0, "n_estimators": 50.4744704263512, "random_state": 4.6335282076120725}, "datetime": {"datetime": "2021-09-29 22:22:17", "elapsed": 728.971977, "delta": 2.326956}}
{"target": -57.19290740071872, "params": {"max_depth": 4.6680880188102964, "n_estimators": 36.40648986884316, "random_state": 1.0021731215295528}, "datetime": {"datetime": "2021-09-29 22:25:52", "elapsed": 0.0, "delta": 0.0}}
{"target": -57.959153268463645, "params": {"max_depth": 4.209330290527359, "n_estimators": 24.93511781634226, "random_state": 2.7544333006071584}, "datetime": {"datetime": "2021-09-29 22:25:52", "elapsed": 0.088955, "delta": 0.088955}}
