{"target": -40.0582082507554, "params": {"max_depth": 12.576430882419443, "n_estimators": 79.22783653785388, "random_state": 3.0}, "datetime": {"datetime": "2021-09-28 15:48:53", "elapsed": 530.57207, "delta": 3.823113}}
{"target": -40.27763659709863, "params": {"max_depth": 12.800490107826791, "n_estimators": 55.80565565877305, "random_state": 3.0}, "datetime": {"datetime": "2021-09-28 15:48:56", "elapsed": 533.963993, "delta": 3.391923}}
{"target": -40.66064391497287, "params": {"max_depth": 12.61790524204192, "n_estimators": 108.19169509079757, "random_state": 2.2265437332265954}, "datetime": {"datetime": "2021-09-28 15:48:59", "elapsed": 536.820163, "delta": 2.85617}}
{"target": -40.16580121532219, "params": {"max_depth": 12.416423285108465, "n_estimators": 96.43350845191607, "random_state": 3.0}, "datetime": {"datetime": "2021-09-28 15:49:02", "elapsed": 540.549778, "delta": 3.729615}}
{"target": -39.88888642622601, "params": {"max_depth": 13.2623640369436, "n_estimators": 61.839341294309584, "random_state": 2.1521738596110627}, "datetime": {"datetime": "2021-09-28 15:49:05", "elapsed": 543.391755, "delta": 2.841977}}
{"target": -39.12841375647781, "params": {"max_depth": 9.113874929095722, "n_estimators": 42.00140475976447, "random_state": 2.005068621444142}, "datetime": {"datetime": "2021-09-28 15:49:08", "elapsed": 546.392163, "delta": 3.000408}}
{"target": -40.07412955313686, "params": {"max_depth": 11.733482202210565, "n_estimators": 83.72079208900142, "random_state": 2.0}, "datetime": {"datetime": "2021-09-28 15:49:11", "elapsed": 549.419241, "delta": 3.027078}}
{"target": -40.661834914313154, "params": {"max_depth": 12.858982420453074, "n_estimators": 87.50159227393473, "random_state": 2.0034592871945556}, "datetime": {"datetime": "2021-09-28 15:49:14", "elapsed": 552.339348, "delta": 2.920107}}
{"target": -39.38285948876264, "params": {"max_depth": 8.492853322880801, "n_estimators": 41.65066666419607, "random_state": 2.8088757275605314}, "datetime": {"datetime": "2021-09-28 15:49:18", "elapsed": 555.61892, "delta": 3.279572}}
{"target": -39.51278934912656, "params": {"max_depth": 8.891174054394064, "n_estimators": 62.41798237796502, "random_state": 2.0053465653020015}, "datetime": {"datetime": "2021-09-28 15:49:21", "elapsed": 559.130692, "delta": 3.511772}}
{"target": -39.311657968773616, "params": {"max_depth": 6.019173163149087, "n_estimators": 88.10828650000582, "random_state": 2.728316044189693}, "datetime": {"datetime": "2021-09-28 15:49:24", "elapsed": 562.252748, "delta": 3.122056}}
{"target": -39.487229861873054, "params": {"max_depth": 9.910903536707991, "n_estimators": 33.370072241783014, "random_state": 2.0}, "datetime": {"datetime": "2021-09-28 15:49:27", "elapsed": 564.863865, "delta": 2.611117}}
{"target": -38.74902545353497, "params": {"max_depth": 6.89891257961074, "n_estimators": 41.78143883786867, "random_state": 2.5403714338070413}, "datetime": {"datetime": "2021-09-28 15:49:31", "elapsed": 568.956104, "delta": 4.092239}}
{"target": -39.06891763618524, "params": {"max_depth": 7.32461536952752, "n_estimators": 34.34569518743735, "random_state": 2.0259637774892143}, "datetime": {"datetime": "2021-09-28 15:49:34", "elapsed": 571.847966, "delta": 2.891862}}
{"target": -40.28405205520644, "params": {"max_depth": 12.863404397549516, "n_estimators": 30.814623122033094, "random_state": 2.939129968106127}, "datetime": {"datetime": "2021-09-28 15:49:36", "elapsed": 574.301132, "delta": 2.453166}}
{"target": -39.15909533767664, "params": {"max_depth": 6.7417051787144695, "n_estimators": 27.36435226843686, "random_state": 2.868514368256869}, "datetime": {"datetime": "2021-09-28 15:49:39", "elapsed": 576.764815, "delta": 2.463683}}
{"target": -39.82706883738677, "params": {"max_depth": 8.109308556066932, "n_estimators": 81.92645487202918, "random_state": 2.0}, "datetime": {"datetime": "2021-09-28 15:49:42", "elapsed": 579.792571, "delta": 3.027756}}
{"target": -39.29927109496239, "params": {"max_depth": 6.003271180631755, "n_estimators": 50.89182317680989, "random_state": 2.9811653049613978}, "datetime": {"datetime": "2021-09-28 15:49:45", "elapsed": 582.589099, "delta": 2.796528}}
{"target": -40.62167449831737, "params": {"max_depth": 12.91745680834301, "n_estimators": 50.72189294122277, "random_state": 2.0}, "datetime": {"datetime": "2021-09-28 15:49:48", "elapsed": 586.245452, "delta": 3.656353}}
{"target": -39.18450150496872, "params": {"max_depth": 7.211811012634979, "n_estimators": 61.788234594668346, "random_state": 3.0}, "datetime": {"datetime": "2021-09-28 15:49:51", "elapsed": 588.660656, "delta": 2.415204}}
{"target": -39.236998748747446, "params": {"max_depth": 6.786978086157621, "n_estimators": 60.521441590139965, "random_state": 2.97972083917976}, "datetime": {"datetime": "2021-09-28 15:49:53", "elapsed": 591.200693, "delta": 2.540037}}
{"target": -39.87801613832751, "params": {"max_depth": 11.961284685092055, "n_estimators": 90.96751754252317, "random_state": 2.953580335489791}, "datetime": {"datetime": "2021-09-28 15:49:56", "elapsed": 593.971682, "delta": 2.770989}}
{"target": -39.7730833083941, "params": {"max_depth": 10.289375872173858, "n_estimators": 38.486691927702005, "random_state": 2.0}, "datetime": {"datetime": "2021-09-28 15:49:59", "elapsed": 596.597033, "delta": 2.625351}}
{"target": -39.11932083588049, "params": {"max_depth": 6.030195869691106, "n_estimators": 29.569101596691024, "random_state": 2.711527315735158}, "datetime": {"datetime": "2021-09-28 15:50:02", "elapsed": 600.529409, "delta": 3.932376}}
{"target": -39.42576374028938, "params": {"max_depth": 7.671624479634086, "n_estimators": 37.89793705166426, "random_state": 2.9391050212996097}, "datetime": {"datetime": "2021-09-28 15:50:05", "elapsed": 603.554115, "delta": 3.024706}}
{"target": -39.35600103901839, "params": {"max_depth": 7.050682402857921, "n_estimators": 48.409532531008296, "random_state": 2.0440245367748284}, "datetime": {"datetime": "2021-09-28 15:50:08", "elapsed": 606.102987, "delta": 2.548872}}
{"target": -40.741248886386096, "params": {"max_depth": 12.549772657373225, "n_estimators": 104.33686055529611, "random_state": 2.0}, "datetime": {"datetime": "2021-09-28 15:50:13", "elapsed": 611.406921, "delta": 5.303934}}
{"target": -39.36341757356077, "params": {"max_depth": 7.191327842299707, "n_estimators": 47.3313605903741, "random_state": 3.0}, "datetime": {"datetime": "2021-09-28 15:50:17", "elapsed": 615.516213, "delta": 4.109292}}
{"target": -39.97300936465798, "params": {"max_depth": 10.399170499167061, "n_estimators": 46.72058638158492, "random_state": 2.0}, "datetime": {"datetime": "2021-09-28 15:50:22", "elapsed": 620.045385, "delta": 4.529172}}
{"target": -39.43528836952466, "params": {"max_depth": 7.924845248508083, "n_estimators": 50.7110278566244, "random_state": 2.077246208255872}, "datetime": {"datetime": "2021-09-28 15:50:25", "elapsed": 622.741725, "delta": 2.69634}}
{"target": -39.12841375647781, "params": {"max_depth": 9.46210210143844, "n_estimators": 42.881385672728435, "random_state": 2.2480504791099882}, "datetime": {"datetime": "2021-09-28 15:50:28", "elapsed": 625.927821, "delta": 3.186096}}
{"target": -39.871705300264686, "params": {"max_depth": 8.046705660462786, "n_estimators": 96.5799530363613, "random_state": 2.0}, "datetime": {"datetime": "2021-09-28 15:50:32", "elapsed": 629.821541, "delta": 3.89372}}
{"target": -38.73272565176458, "params": {"max_depth": 6.0, "n_estimators": 45.68811537479734, "random_state": 2.391794237679709}, "datetime": {"datetime": "2021-09-28 15:50:36", "elapsed": 633.833504, "delta": 4.011963}}
{"target": -39.51611831795115, "params": {"max_depth": 8.668564621471782, "n_estimators": 68.55387769024972, "random_state": 2.0}, "datetime": {"datetime": "2021-09-28 15:50:39", "elapsed": 637.225822, "delta": 3.392318}}
{"target": -39.898739521487784, "params": {"max_depth": 8.33293837259739, "n_estimators": 92.95890577081808, "random_state": 2.0}, "datetime": {"datetime": "2021-09-28 15:50:45", "elapsed": 642.835834, "delta": 5.610012}}
{"target": -38.86377499322069, "params": {"max_depth": 6.445700230763679, "n_estimators": 32.706280968212944, "random_state": 2.419781905336044}, "datetime": {"datetime": "2021-09-28 15:50:48", "elapsed": 645.817836, "delta": 2.982002}}
{"target": -39.936961655677486, "params": {"max_depth": 8.919508912038772, "n_estimators": 28.551832931398454, "random_state": 2.973234887251148}, "datetime": {"datetime": "2021-09-28 15:50:51", "elapsed": 648.635191, "delta": 2.817355}}
{"target": -40.27096013441614, "params": {"max_depth": 13.929743932600413, "n_estimators": 76.84756664810072, "random_state": 2.0}, "datetime": {"datetime": "2021-09-28 15:50:54", "elapsed": 652.065481, "delta": 3.43029}}
{"target": -38.74902545353497, "params": {"max_depth": 6.51205802925338, "n_estimators": 41.58072222063224, "random_state": 2.988438548196287}, "datetime": {"datetime": "2021-09-28 15:50:57", "elapsed": 654.849057, "delta": 2.783576}}
{"target": -40.214052687614384, "params": {"max_depth": 10.6556726830295, "n_estimators": 69.0830458047234, "random_state": 2.0}, "datetime": {"datetime": "2021-09-28 15:51:00", "elapsed": 657.900097, "delta": 3.05104}}
{"target": -40.03478366586832, "params": {"max_depth": 12.936291817653089, "n_estimators": 38.24788966868853, "random_state": 2.0}, "datetime": {"datetime": "2021-09-28 15:51:03", "elapsed": 660.739943, "delta": 2.839846}}
{"target": -39.7386019455721, "params": {"max_depth": 8.719506452364397, "n_estimators": 109.97512357230428, "random_state": 2.023734137651694}, "datetime": {"datetime": "2021-09-28 15:51:08", "elapsed": 665.988072, "delta": 5.248129}}
{"target": -39.99371142397897, "params": {"max_depth": 12.770268722393093, "n_estimators": 100.07441707816065, "random_state": 3.0}, "datetime": {"datetime": "2021-09-28 15:51:12", "elapsed": 669.570594, "delta": 3.582522}}
{"target": -39.23309061442954, "params": {"max_depth": 8.748299747680814, "n_estimators": 43.75780264394659, "random_state": 2.859751458308028}, "datetime": {"datetime": "2021-09-28 15:51:14", "elapsed": 672.365767, "delta": 2.795173}}
{"target": -40.088378129128124, "params": {"max_depth": 10.231923014153757, "n_estimators": 58.69615900185856, "random_state": 2.9780442788094237}, "datetime": {"datetime": "2021-09-28 15:51:17", "elapsed": 675.452848, "delta": 3.087081}}
{"target": -39.223618130806784, "params": {"max_depth": 7.0722723054065035, "n_estimators": 76.45519250925015, "random_state": 3.0}, "datetime": {"datetime": "2021-09-28 15:51:21", "elapsed": 679.515148, "delta": 4.0623}}
{"target": -40.50938269246215, "params": {"max_depth": 15.0, "n_estimators": 73.86133398094984, "random_state": 2.0}, "datetime": {"datetime": "2021-09-28 15:51:25", "elapsed": 683.208494, "delta": 3.693346}}
{"target": -39.66043142465045, "params": {"max_depth": 7.257820902265115, "n_estimators": 77.00027045087216, "random_state": 2.129490801419101}, "datetime": {"datetime": "2021-09-28 15:51:29", "elapsed": 687.409169, "delta": 4.200675}}
{"target": -39.11932083588049, "params": {"max_depth": 6.90296853312986, "n_estimators": 29.18827401461958, "random_state": 2.0477086835303453}, "datetime": {"datetime": "2021-09-28 15:51:32", "elapsed": 690.413115, "delta": 3.003946}}
{"target": -40.224502741706935, "params": {"max_depth": 12.69268788627747, "n_estimators": 27.024294453412598, "random_state": 2.891808806825587}, "datetime": {"datetime": "2021-09-28 15:51:35", "elapsed": 693.022758, "delta": 2.609643}}
{"target": -40.013455623549625, "params": {"max_depth": 9.042227551193248, "n_estimators": 79.91545003343352, "random_state": 3.0}, "datetime": {"datetime": "2021-09-28 15:51:38", "elapsed": 696.054952, "delta": 3.032194}}
{"target": -39.323392546526634, "params": {"max_depth": 8.872706862926625, "n_estimators": 100.96353982980658, "random_state": 3.0}, "datetime": {"datetime": "2021-09-28 15:51:42", "elapsed": 699.761012, "delta": 3.70606}}
{"target": -39.996975684283655, "params": {"max_depth": 13.466348526778688, "n_estimators": 57.81749565507853, "random_state": 2.9738315751268334}, "datetime": {"datetime": "2021-09-28 15:51:45", "elapsed": 702.917892, "delta": 3.15688}}
{"target": -40.77527861947227, "params": {"max_depth": 12.831626384045755, "n_estimators": 93.5529345945335, "random_state": 2.942433797851387}, "datetime": {"datetime": "2021-09-28 15:51:48", "elapsed": 706.410286, "delta": 3.492394}}
{"target": -39.97592230802105, "params": {"max_depth": 10.635826566099595, "n_estimators": 35.34111839224613, "random_state": 2.0}, "datetime": {"datetime": "2021-09-28 15:51:51", "elapsed": 709.468278, "delta": 3.057992}}
{"target": -39.41286473061783, "params": {"max_depth": 7.206406179642959, "n_estimators": 67.83386198872289, "random_state": 2.0}, "datetime": {"datetime": "2021-09-28 15:51:55", "elapsed": 712.7782, "delta": 3.309922}}
{"target": -39.60393483523703, "params": {"max_depth": 8.104670776750325, "n_estimators": 64.70790210968184, "random_state": 2.0130587759483634}, "datetime": {"datetime": "2021-09-28 15:51:59", "elapsed": 716.722145, "delta": 3.943945}}
{"target": -39.23292798326864, "params": {"max_depth": 6.544474113848045, "n_estimators": 48.92210958997519, "random_state": 2.919240423662112}, "datetime": {"datetime": "2021-09-28 15:52:02", "elapsed": 719.967225, "delta": 3.24508}}
{"target": -39.593748713502364, "params": {"max_depth": 6.777983352072329, "n_estimators": 75.5652955477056, "random_state": 2.9779653181742995}, "datetime": {"datetime": "2021-09-28 15:52:05", "elapsed": 722.951431, "delta": 2.984206}}
{"target": -39.81098145570475, "params": {"max_depth": 8.184120360577705, "n_estimators": 101.67129093693887, "random_state": 2.0103652212209275}, "datetime": {"datetime": "2021-09-28 15:52:09", "elapsed": 726.792568, "delta": 3.841137}}
{"target": -39.42348362390437, "params": {"max_depth": 7.227115622836102, "n_estimators": 70.0476082361863, "random_state": 2.99021601309813}, "datetime": {"datetime": "2021-09-28 15:52:12", "elapsed": 730.539945, "delta": 3.747377}}
{"target": -39.2248643813398, "params": {"max_depth": 11.398699302022429, "n_estimators": 40.68514564266717, "random_state": 2.059437877075012}, "datetime": {"datetime": "2021-09-28 15:52:16", "elapsed": 734.172874, "delta": 3.632929}}
{"target": -39.37977408995334, "params": {"max_depth": 6.0, "n_estimators": 57.29173856507454, "random_state": 2.0}, "datetime": {"datetime": "2021-09-28 15:52:19", "elapsed": 736.885818, "delta": 2.712944}}
{"target": -39.25832797584796, "params": {"max_depth": 6.0, "n_estimators": 52.5568956153558, "random_state": 2.0}, "datetime": {"datetime": "2021-09-28 15:52:22", "elapsed": 739.563405, "delta": 2.677587}}
{"target": -39.889132385418705, "params": {"max_depth": 8.445787312233753, "n_estimators": 98.98277298920105, "random_state": 2.978113404467225}, "datetime": {"datetime": "2021-09-28 15:52:25", "elapsed": 742.900051, "delta": 3.336646}}
{"target": -39.057704734135186, "params": {"max_depth": 6.018379639451974, "n_estimators": 37.50737836764144, "random_state": 2.0857018594103307}, "datetime": {"datetime": "2021-09-28 15:52:28", "elapsed": 745.847492, "delta": 2.947441}}
{"target": -39.466102396504276, "params": {"max_depth": 6.0, "n_estimators": 69.37873734968399, "random_state": 2.0}, "datetime": {"datetime": "2021-09-28 15:52:31", "elapsed": 749.118177, "delta": 3.270685}}
{"target": -38.872290322634925, "params": {"max_depth": 6.015924366286212, "n_estimators": 35.94912979957035, "random_state": 2.000042571489513}, "datetime": {"datetime": "2021-09-28 15:52:35", "elapsed": 752.91573, "delta": 3.797553}}
{"target": -39.43271524857744, "params": {"max_depth": 6.0, "n_estimators": 55.27400658841274, "random_state": 3.0}, "datetime": {"datetime": "2021-09-28 15:52:38", "elapsed": 756.225102, "delta": 3.309372}}
{"target": -39.736529448658615, "params": {"max_depth": 14.999230836583752, "n_estimators": 41.233210618437454, "random_state": 2.120849333746074}, "datetime": {"datetime": "2021-09-28 15:52:42", "elapsed": 759.636099, "delta": 3.410997}}
{"target": -38.653985943766905, "params": {"max_depth": 6.379566609281337, "n_estimators": 43.87427087602471, "random_state": 2.820077762028264}, "datetime": {"datetime": "2021-09-28 15:52:46", "elapsed": 763.74732, "delta": 4.111221}}
{"target": -39.423474999416136, "params": {"max_depth": 6.306262743743989, "n_estimators": 66.87710476667289, "random_state": 2.9551289960713834}, "datetime": {"datetime": "2021-09-28 15:52:50", "elapsed": 767.931902, "delta": 4.184582}}
{"target": -39.15909533767664, "params": {"max_depth": 6.03074506037997, "n_estimators": 27.76097384610835, "random_state": 2.2347663047209148}, "datetime": {"datetime": "2021-09-28 15:52:54", "elapsed": 771.877868, "delta": 3.945966}}
{"target": -39.10707445733009, "params": {"max_depth": 7.882200496303926, "n_estimators": 66.1481229393602, "random_state": 3.0}, "datetime": {"datetime": "2021-09-28 15:52:57", "elapsed": 775.277681, "delta": 3.399813}}
{"target": -39.34483684322933, "params": {"max_depth": 7.240143035940953, "n_estimators": 59.57012728235562, "random_state": 2.9936347927257794}, "datetime": {"datetime": "2021-09-28 15:53:00", "elapsed": 778.443888, "delta": 3.166207}}
{"target": -39.515898289506524, "params": {"max_depth": 6.011595824425496, "n_estimators": 83.40633852874569, "random_state": 2.9866412511592624}, "datetime": {"datetime": "2021-09-28 15:53:04", "elapsed": 782.235157, "delta": 3.791269}}
{"target": -39.3884656613883, "params": {"max_depth": 7.107669488391653, "n_estimators": 27.0, "random_state": 2.0}, "datetime": {"datetime": "2021-09-28 15:53:08", "elapsed": 785.960599, "delta": 3.725442}}
{"target": -39.27069886118832, "params": {"max_depth": 6.0049962405735595, "n_estimators": 59.44205975531222, "random_state": 2.011370737387046}, "datetime": {"datetime": "2021-09-28 15:53:12", "elapsed": 789.664859, "delta": 3.70426}}
{"target": -39.05388652698496, "params": {"max_depth": 6.0, "n_estimators": 97.5355969122808, "random_state": 3.0}, "datetime": {"datetime": "2021-09-28 15:53:15", "elapsed": 793.428311, "delta": 3.763452}}
{"target": -39.52206767967868, "params": {"max_depth": 6.0039917381138785, "n_estimators": 71.16220315479082, "random_state": 2.0017688943052736}, "datetime": {"datetime": "2021-09-28 15:53:19", "elapsed": 797.55209, "delta": 4.123779}}
{"target": -39.311657968773616, "params": {"max_depth": 6.934463279876767, "n_estimators": 88.35461169139623, "random_state": 2.0001340831476826}, "datetime": {"datetime": "2021-09-28 15:53:25", "elapsed": 802.917087, "delta": 5.364997}}
{"target": -38.92647689850658, "params": {"max_depth": 6.736040605870813, "n_estimators": 102.69173228806906, "random_state": 3.0}, "datetime": {"datetime": "2021-09-28 15:53:28", "elapsed": 806.502881, "delta": 3.585794}}
{"target": -40.58230059290012, "params": {"max_depth": 12.005079691310556, "n_estimators": 63.3487932532053, "random_state": 2.992102872858015}, "datetime": {"datetime": "2021-09-28 15:53:32", "elapsed": 809.945797, "delta": 3.442916}}
{"target": -39.938783237600866, "params": {"max_depth": 9.89593275599625, "n_estimators": 77.74393885293209, "random_state": 2.0}, "datetime": {"datetime": "2021-09-28 15:53:36", "elapsed": 813.653877, "delta": 3.70808}}
{"target": -38.62764330683568, "params": {"max_depth": 6.851844146568778, "n_estimators": 44.10661943619821, "random_state": 2.5256800088084845}, "datetime": {"datetime": "2021-09-28 15:53:39", "elapsed": 816.830858, "delta": 3.176981}}
{"target": -39.35664112450324, "params": {"max_depth": 6.0, "n_estimators": 76.71701950311994, "random_state": 3.0}, "datetime": {"datetime": "2021-09-28 15:53:42", "elapsed": 820.397027, "delta": 3.566169}}
{"target": -39.77162153652969, "params": {"max_depth": 10.503492103975113, "n_estimators": 33.7482284115276, "random_state": 3.0}, "datetime": {"datetime": "2021-09-28 15:53:46", "elapsed": 823.651358, "delta": 3.254331}}
{"target": -39.03357229661746, "params": {"max_depth": 6.591899997786745, "n_estimators": 33.92695255949928, "random_state": 2.998126240287259}, "datetime": {"datetime": "2021-09-28 15:53:49", "elapsed": 826.712002, "delta": 3.060644}}
{"target": -39.627047884966544, "params": {"max_depth": 7.470671985141041, "n_estimators": 54.21413774999811, "random_state": 2.0}, "datetime": {"datetime": "2021-09-28 15:53:52", "elapsed": 829.857999, "delta": 3.145997}}
{"target": -39.165741605077855, "params": {"max_depth": 9.129861982137282, "n_estimators": 34.328990345469414, "random_state": 2.0303000483609193}, "datetime": {"datetime": "2021-09-28 15:53:55", "elapsed": 833.049098, "delta": 3.191099}}
{"target": -39.60673630642314, "params": {"max_depth": 10.961963284895912, "n_estimators": 75.48963820526572, "random_state": 3.0}, "datetime": {"datetime": "2021-09-28 15:53:59", "elapsed": 836.939023, "delta": 3.889925}}
{"target": -40.51348283146474, "params": {"max_depth": 15.0, "n_estimators": 93.35597190121513, "random_state": 2.0}, "datetime": {"datetime": "2021-09-28 15:54:03", "elapsed": 841.528444, "delta": 4.589421}}
{"target": -40.60378409828373, "params": {"max_depth": 15.0, "n_estimators": 81.54783938955269, "random_state": 2.0}, "datetime": {"datetime": "2021-09-28 15:54:07", "elapsed": 845.10859, "delta": 3.580146}}
{"target": -39.374576366576484, "params": {"max_depth": 7.173233666101903, "n_estimators": 52.73151496325874, "random_state": 3.0}, "datetime": {"datetime": "2021-09-28 15:54:11", "elapsed": 848.837483, "delta": 3.728893}}
{"target": -39.357993097007224, "params": {"max_depth": 6.437542313201374, "n_estimators": 73.36277329391092, "random_state": 3.0}, "datetime": {"datetime": "2021-09-28 15:54:15", "elapsed": 853.31407, "delta": 4.476587}}
{"target": -39.30363631560322, "params": {"max_depth": 6.022214171015275, "n_estimators": 58.74988442279985, "random_state": 2.97324536993749}, "datetime": {"datetime": "2021-09-28 15:54:20", "elapsed": 857.716621, "delta": 4.402551}}
