{"target": -39.49232617054091, "params": {"max_depth": 6.0961403482004375, "n_estimators": 104.30377946502476, "random_state": 2.9879897295980835}, "datetime": {"datetime": "2021-09-28 16:00:05", "elapsed": 1202.614789, "delta": 3.897431}}
{"target": -39.494039341737015, "params": {"max_depth": 6.0, "n_estimators": 103.22908899405962, "random_state": 2.399011613438611}, "datetime": {"datetime": "2021-09-28 16:00:08", "elapsed": 1206.342812, "delta": 3.728023}}
{"target": -39.47894024368257, "params": {"max_depth": 6.118626282438515, "n_estimators": 92.03213623652319, "random_state": 2.971772862706303}, "datetime": {"datetime": "2021-09-28 16:00:13", "elapsed": 1210.960713, "delta": 4.617901}}
{"target": -39.9445421883267, "params": {"max_depth": 11.45891069990506, "n_estimators": 75.02460510280332, "random_state": 2.0}, "datetime": {"datetime": "2021-09-28 16:00:18", "elapsed": 1216.040708, "delta": 5.079995}}
{"target": -39.670876924100206, "params": {"max_depth": 9.009526685698109, "n_estimators": 49.63085623277126, "random_state": 2.0}, "datetime": {"datetime": "2021-09-28 16:00:21", "elapsed": 1219.092673, "delta": 3.051965}}
{"target": -39.41334733919145, "params": {"max_depth": 6.0, "n_estimators": 65.35131758301826, "random_state": 2.0}, "datetime": {"datetime": "2021-09-28 16:00:25", "elapsed": 1222.597567, "delta": 3.504894}}
{"target": -39.312182646431886, "params": {"max_depth": 8.778060017311256, "n_estimators": 102.17285891827862, "random_state": 3.0}, "datetime": {"datetime": "2021-09-28 16:00:30", "elapsed": 1227.678684, "delta": 5.081117}}
{"target": -39.44586669881218, "params": {"max_depth": 6.0, "n_estimators": 97.5580596219445, "random_state": 2.2341918747980185}, "datetime": {"datetime": "2021-09-28 16:00:34", "elapsed": 1231.974679, "delta": 4.295995}}
{"target": -39.75022901137451, "params": {"max_depth": 8.656612536883625, "n_estimators": 88.11784861506179, "random_state": 2.025604507224814}, "datetime": {"datetime": "2021-09-28 16:00:37", "elapsed": 1235.251944, "delta": 3.277265}}
{"target": -38.905774758794124, "params": {"max_depth": 6.074887846534134, "n_estimators": 40.013671422825304, "random_state": 2.4531391797003783}, "datetime": {"datetime": "2021-09-28 16:00:41", "elapsed": 1239.406636, "delta": 4.154692}}
{"target": -39.647921529558204, "params": {"max_depth": 7.458368928335888, "n_estimators": 34.2066962368172, "random_state": 3.0}, "datetime": {"datetime": "2021-09-28 16:00:44", "elapsed": 1242.552073, "delta": 3.145437}}
{"target": -40.09099020123325, "params": {"max_depth": 11.095541871833014, "n_estimators": 79.60597099564507, "random_state": 2.029702547888408}, "datetime": {"datetime": "2021-09-28 16:00:48", "elapsed": 1246.293376, "delta": 3.741303}}
{"target": -39.64149774054416, "params": {"max_depth": 9.460588325389454, "n_estimators": 61.18844897317604, "random_state": 2.0}, "datetime": {"datetime": "2021-09-28 16:00:53", "elapsed": 1250.821851, "delta": 4.528475}}
{"target": -38.74902545353497, "params": {"max_depth": 6.388540243968017, "n_estimators": 41.01848899817093, "random_state": 2.973683401825632}, "datetime": {"datetime": "2021-09-28 16:00:57", "elapsed": 1254.562147, "delta": 3.740296}}
{"target": -39.539413485171266, "params": {"max_depth": 7.123827578960644, "n_estimators": 89.37953907755005, "random_state": 2.0}, "datetime": {"datetime": "2021-09-28 16:01:01", "elapsed": 1258.64572, "delta": 4.083573}}
{"target": -39.75546036250239, "params": {"max_depth": 13.816744221446509, "n_estimators": 33.643693554615524, "random_state": 2.997647359425594}, "datetime": {"datetime": "2021-09-28 16:01:04", "elapsed": 1261.954731, "delta": 3.309011}}
{"target": -39.24426049721404, "params": {"max_depth": 6.9724658668740025, "n_estimators": 49.46417444732488, "random_state": 2.059036753869319}, "datetime": {"datetime": "2021-09-28 16:01:07", "elapsed": 1265.146075, "delta": 3.191344}}
{"target": -39.38285948876264, "params": {"max_depth": 8.183226049528937, "n_estimators": 41.851644179968986, "random_state": 2.0008164296573954}, "datetime": {"datetime": "2021-09-28 16:01:10", "elapsed": 1268.086047, "delta": 2.939972}}
{"target": -39.501864970705306, "params": {"max_depth": 10.079152533597366, "n_estimators": 42.6973694342877, "random_state": 3.0}, "datetime": {"datetime": "2021-09-28 16:01:14", "elapsed": 1272.527032, "delta": 4.440985}}
{"target": -40.525374300100445, "params": {"max_depth": 15.0, "n_estimators": 100.27816016819004, "random_state": 2.0}, "datetime": {"datetime": "2021-09-28 16:01:18", "elapsed": 1276.060653, "delta": 3.533621}}
{"target": -40.48988593281811, "params": {"max_depth": 9.2355075880633, "n_estimators": 33.168393822189245, "random_state": 3.0}, "datetime": {"datetime": "2021-09-28 16:01:21", "elapsed": 1279.445473, "delta": 3.38482}}
{"target": -39.165741605077855, "params": {"max_depth": 9.467288567815189, "n_estimators": 34.88534808941438, "random_state": 2.9571426137196175}, "datetime": {"datetime": "2021-09-28 16:01:26", "elapsed": 1283.699663, "delta": 4.25419}}
{"target": -39.88866461856081, "params": {"max_depth": 8.915016284042162, "n_estimators": 27.0, "random_state": 2.0}, "datetime": {"datetime": "2021-09-28 16:01:30", "elapsed": 1287.594016, "delta": 3.894353}}
{"target": -39.49095827950068, "params": {"max_depth": 6.011886727077673, "n_estimators": 95.5928158578165, "random_state": 2.3727293227673125}, "datetime": {"datetime": "2021-09-28 16:01:33", "elapsed": 1290.991186, "delta": 3.39717}}
{"target": -38.73272565176458, "params": {"max_depth": 6.486148705005746, "n_estimators": 45.74307877652444, "random_state": 2.20741939619415}, "datetime": {"datetime": "2021-09-28 16:01:36", "elapsed": 1294.323086, "delta": 3.3319}}
{"target": -39.65977519705788, "params": {"max_depth": 7.530854149603612, "n_estimators": 91.12474923510196, "random_state": 2.020595075851375}, "datetime": {"datetime": "2021-09-28 16:01:41", "elapsed": 1298.653732, "delta": 4.330646}}
{"target": -40.20386513333418, "params": {"max_depth": 10.528531804681101, "n_estimators": 107.68319711958027, "random_state": 2.983565299229832}, "datetime": {"datetime": "2021-09-28 16:01:46", "elapsed": 1303.579012, "delta": 4.92528}}
{"target": -38.62764330683568, "params": {"max_depth": 6.587740217251616, "n_estimators": 44.36057659761929, "random_state": 2.3569451190191297}, "datetime": {"datetime": "2021-09-28 16:01:49", "elapsed": 1307.531854, "delta": 3.952842}}
{"target": -39.86044789416154, "params": {"max_depth": 8.75138225876761, "n_estimators": 50.70121681088108, "random_state": 3.0}, "datetime": {"datetime": "2021-09-28 16:01:54", "elapsed": 1312.015529, "delta": 4.483675}}
{"target": -39.66043142465045, "params": {"max_depth": 7.630345113362241, "n_estimators": 77.46985762055613, "random_state": 2.9853953562191426}, "datetime": {"datetime": "2021-09-28 16:01:57", "elapsed": 1315.349239, "delta": 3.33371}}
{"target": -38.981328109560756, "params": {"max_depth": 9.167563010679192, "n_estimators": 43.42871564813434, "random_state": 2.447902864836977}, "datetime": {"datetime": "2021-09-28 16:02:02", "elapsed": 1319.623098, "delta": 4.273859}}
{"target": -38.74902545353497, "params": {"max_depth": 6.869899718971753, "n_estimators": 41.62718587289213, "random_state": 2.1018758255696204}, "datetime": {"datetime": "2021-09-28 16:02:05", "elapsed": 1322.794103, "delta": 3.171005}}
{"target": -39.142186593945, "params": {"max_depth": 6.945218950631682, "n_estimators": 94.99516651259285, "random_state": 3.0}, "datetime": {"datetime": "2021-09-28 16:02:09", "elapsed": 1326.57343, "delta": 3.779327}}
{"target": -40.05928328255114, "params": {"max_depth": 13.739674790984466, "n_estimators": 47.11171130747461, "random_state": 2.0}, "datetime": {"datetime": "2021-09-28 16:02:12", "elapsed": 1329.77918, "delta": 3.20575}}
{"target": -39.179790229220906, "params": {"max_depth": 6.0, "n_estimators": 32.40146026844808, "random_state": 3.0}, "datetime": {"datetime": "2021-09-28 16:02:16", "elapsed": 1334.389645, "delta": 4.610465}}
{"target": -39.5791060724561, "params": {"max_depth": 7.86716638273096, "n_estimators": 39.96579275469467, "random_state": 3.0}, "datetime": {"datetime": "2021-09-28 16:02:20", "elapsed": 1338.156199, "delta": 3.766554}}
{"target": -40.10391805451899, "params": {"max_depth": 13.158927478309339, "n_estimators": 109.99123692285691, "random_state": 2.0747921591005722}, "datetime": {"datetime": "2021-09-28 16:02:25", "elapsed": 1343.290289, "delta": 5.13409}}
{"target": -38.86377499322069, "params": {"max_depth": 6.619745586213805, "n_estimators": 32.77877936447568, "random_state": 2.0062203795893363}, "datetime": {"datetime": "2021-09-28 16:02:29", "elapsed": 1347.170102, "delta": 3.879813}}
{"target": -38.872290322634925, "params": {"max_depth": 6.481395306445594, "n_estimators": 35.259670810139625, "random_state": 2.424348351520248}, "datetime": {"datetime": "2021-09-28 16:02:33", "elapsed": 1350.931076, "delta": 3.760974}}
{"target": -39.1728150311034, "params": {"max_depth": 7.764850592628074, "n_estimators": 95.56821749835856, "random_state": 3.0}, "datetime": {"datetime": "2021-09-28 16:02:37", "elapsed": 1355.184363, "delta": 4.253287}}
{"target": -40.47722373915129, "params": {"max_depth": 14.919043944862574, "n_estimators": 52.847812563075344, "random_state": 2.0065108862218217}, "datetime": {"datetime": "2021-09-28 16:02:41", "elapsed": 1358.929291, "delta": 3.744928}}
{"target": -38.653985943766905, "params": {"max_depth": 6.046101248886655, "n_estimators": 43.29727982057962, "random_state": 2.4085425483659164}, "datetime": {"datetime": "2021-09-28 16:02:44", "elapsed": 1362.465737, "delta": 3.536446}}
{"target": -38.62764330683568, "params": {"max_depth": 6.112444133000389, "n_estimators": 44.48941844474547, "random_state": 2.014311351199233}, "datetime": {"datetime": "2021-09-28 16:02:49", "elapsed": 1366.697045, "delta": 4.231308}}
{"target": -39.68006177671066, "params": {"max_depth": 7.4811694118624095, "n_estimators": 93.85952271009391, "random_state": 2.9685691597413393}, "datetime": {"datetime": "2021-09-28 16:02:52", "elapsed": 1370.258368, "delta": 3.561323}}
{"target": -39.23712555573042, "params": {"max_depth": 6.0, "n_estimators": 40.7993952946586, "random_state": 3.0}, "datetime": {"datetime": "2021-09-28 16:02:58", "elapsed": 1376.046804, "delta": 5.788436}}
{"target": -39.97435015474436, "params": {"max_depth": 9.084530831767362, "n_estimators": 82.54808631485227, "random_state": 2.9925309054562903}, "datetime": {"datetime": "2021-09-28 16:03:03", "elapsed": 1381.093021, "delta": 5.046217}}
{"target": -38.94514408940607, "params": {"max_depth": 7.026833306333867, "n_estimators": 44.1375543757905, "random_state": 2.014415070132613}, "datetime": {"datetime": "2021-09-28 16:03:07", "elapsed": 1385.238984, "delta": 4.145963}}
{"target": -39.23123691653348, "params": {"max_depth": 8.267088731084828, "n_estimators": 44.044213464579265, "random_state": 2.148314662776951}, "datetime": {"datetime": "2021-09-28 16:03:10", "elapsed": 1388.556913, "delta": 3.317929}}
{"target": -38.73272565176458, "params": {"max_depth": 6.286734306805034, "n_estimators": 45.844333726067575, "random_state": 2.640048986731399}, "datetime": {"datetime": "2021-09-28 16:03:14", "elapsed": 1391.709844, "delta": 3.152931}}
{"target": -40.07992999860407, "params": {"max_depth": 8.262861528055382, "n_estimators": 54.678761176900935, "random_state": 2.973623344206687}, "datetime": {"datetime": "2021-09-28 16:03:17", "elapsed": 1395.529938, "delta": 3.820094}}
{"target": -39.53402640419988, "params": {"max_depth": 8.838361400182503, "n_estimators": 66.62456056799124, "random_state": 2.0075376532199445}, "datetime": {"datetime": "2021-09-28 16:03:22", "elapsed": 1399.843851, "delta": 4.313913}}
{"target": -39.409041711137725, "params": {"max_depth": 6.667453485727053, "n_estimators": 51.578706322547326, "random_state": 3.0}, "datetime": {"datetime": "2021-09-28 16:03:25", "elapsed": 1403.250071, "delta": 3.40622}}
{"target": -39.933100530725305, "params": {"max_depth": 13.497690188860382, "n_estimators": 72.77478030445549, "random_state": 3.0}, "datetime": {"datetime": "2021-09-28 16:03:31", "elapsed": 1408.999697, "delta": 5.749626}}
{"target": -39.323392546526634, "params": {"max_depth": 8.061475378186117, "n_estimators": 100.46969428007057, "random_state": 3.0}, "datetime": {"datetime": "2021-09-28 16:03:36", "elapsed": 1414.017452, "delta": 5.017755}}
{"target": -39.05181105706523, "params": {"max_depth": 6.504481325691834, "n_estimators": 98.16163574363104, "random_state": 3.0}, "datetime": {"datetime": "2021-09-28 16:03:40", "elapsed": 1418.40183, "delta": 4.384378}}
{"target": -39.92856488695315, "params": {"max_depth": 8.020044193431445, "n_estimators": 53.078622846310274, "random_state": 2.0}, "datetime": {"datetime": "2021-09-28 16:03:45", "elapsed": 1422.587069, "delta": 4.185239}}
