{"target": -58.75927258172345, "params": {"max_depth": 24.25104550361147, "n_estimators": 67.92631433498812, "random_state": 7.873090173365003}, "datetime": {"datetime": "2021-09-29 21:53:46", "elapsed": 153.969693, "delta": 1.326002}}
{"target": -57.024670109961015, "params": {"max_depth": 23.78758013299069, "n_estimators": 83.7343804343429, "random_state": 3.244948644326794}, "datetime": {"datetime": "2021-09-29 21:53:48", "elapsed": 155.500534, "delta": 1.530841}}
{"target": -56.6284094266298, "params": {"max_depth": 10.426062061615017, "n_estimators": 59.78412958261043, "random_state": 11.0}, "datetime": {"datetime": "2021-09-29 21:53:49", "elapsed": 156.974807, "delta": 1.474273}}
{"target": -56.680720579072506, "params": {"max_depth": 10.489290528823254, "n_estimators": 64.39552708443037, "random_state": 11.0}, "datetime": {"datetime": "2021-09-29 21:53:51", "elapsed": 158.548811, "delta": 1.574004}}
{"target": -58.91713885601425, "params": {"max_depth": 10.161493304560844, "n_estimators": 68.38944084836835, "random_state": 8.507324502892729}, "datetime": {"datetime": "2021-09-29 21:53:52", "elapsed": 160.023804, "delta": 1.474993}}
{"target": -58.36365896080097, "params": {"max_depth": 7.723374080742652, "n_estimators": 58.45555075170027, "random_state": 7.6580956400138716}, "datetime": {"datetime": "2021-09-29 21:53:54", "elapsed": 161.441728, "delta": 1.417924}}
{"target": -53.8837193164139, "params": {"max_depth": 4.712164583009047, "n_estimators": 87.6213295456954, "random_state": 3.5504093073536103}, "datetime": {"datetime": "2021-09-29 21:53:55", "elapsed": 162.802022, "delta": 1.360294}}
{"target": -53.67468727851269, "params": {"max_depth": 4.062209224300757, "n_estimators": 84.53261836447237, "random_state": 3.565903794566482}, "datetime": {"datetime": "2021-09-29 21:53:56", "elapsed": 164.23102, "delta": 1.428998}}
{"target": -55.86245400402425, "params": {"max_depth": 3.2279612528545414, "n_estimators": 85.47406306151304, "random_state": 1.2762534949715778}, "datetime": {"datetime": "2021-09-29 21:53:58", "elapsed": 165.612578, "delta": 1.381558}}
{"target": -62.40678053908096, "params": {"max_depth": 1.6484600868284756, "n_estimators": 83.62408308951935, "random_state": 3.8607151875506087}, "datetime": {"datetime": "2021-09-29 21:53:59", "elapsed": 166.793833, "delta": 1.181255}}
{"target": -55.37964920046641, "params": {"max_depth": 5.74837001286881, "n_estimators": 85.53036524408972, "random_state": 4.0151799100278085}, "datetime": {"datetime": "2021-09-29 21:54:00", "elapsed": 168.289826, "delta": 1.495993}}
{"target": -54.621201138703356, "params": {"max_depth": 5.38162095485195, "n_estimators": 82.57200719809036, "random_state": 3.5271278546012486}, "datetime": {"datetime": "2021-09-29 21:54:02", "elapsed": 169.71716, "delta": 1.427334}}
{"target": -55.058384336282685, "params": {"max_depth": 6.479766757733357, "n_estimators": 79.23782333412093, "random_state": 3.8413141494042686}, "datetime": {"datetime": "2021-09-29 21:54:03", "elapsed": 171.219461, "delta": 1.502301}}
{"target": -56.51710171576458, "params": {"max_depth": 7.9444188190112435, "n_estimators": 77.30872248284169, "random_state": 6.0186146179254845}, "datetime": {"datetime": "2021-09-29 21:54:05", "elapsed": 172.673026, "delta": 1.453565}}
{"target": -55.36875264550706, "params": {"max_depth": 4.748130596580742, "n_estimators": 80.00080017919264, "random_state": 1.1374761936715385}, "datetime": {"datetime": "2021-09-29 21:54:06", "elapsed": 174.053025, "delta": 1.379999}}
{"target": -56.254203050296304, "params": {"max_depth": 5.067485646110701, "n_estimators": 79.9605724416734, "random_state": 6.301514338524727}, "datetime": {"datetime": "2021-09-29 21:54:08", "elapsed": 175.41718, "delta": 1.364155}}
{"target": -57.4206594144747, "params": {"max_depth": 7.221805466234484, "n_estimators": 77.6656713834957, "random_state": 1.0}, "datetime": {"datetime": "2021-09-29 21:54:09", "elapsed": 176.988807, "delta": 1.571627}}
{"target": -55.355620133286365, "params": {"max_depth": 6.880987605286032, "n_estimators": 81.06687395100505, "random_state": 2.0079897158271645}, "datetime": {"datetime": "2021-09-29 21:54:11", "elapsed": 178.410805, "delta": 1.421998}}
{"target": -56.93812813981187, "params": {"max_depth": 14.417004199304532, "n_estimators": 60.84767452921055, "random_state": 11.0}, "datetime": {"datetime": "2021-09-29 21:54:12", "elapsed": 179.735549, "delta": 1.324744}}
{"target": -56.77100028822406, "params": {"max_depth": 13.27411536302111, "n_estimators": 55.89619272848747, "random_state": 11.0}, "datetime": {"datetime": "2021-09-29 21:54:14", "elapsed": 181.429331, "delta": 1.693782}}
{"target": -63.0057445380129, "params": {"max_depth": 18.901916108492365, "n_estimators": 3.8652476165273764, "random_state": 11.0}, "datetime": {"datetime": "2021-09-29 21:54:15", "elapsed": 182.777199, "delta": 1.347868}}
{"target": -61.66117855346066, "params": {"max_depth": 23.243419412653406, "n_estimators": 7.559689670886089, "random_state": 1.0}, "datetime": {"datetime": "2021-09-29 21:54:16", "elapsed": 184.044197, "delta": 1.266998}}
{"target": -55.16659334637685, "params": {"max_depth": 4.237398742798641, "n_estimators": 82.3639791219523, "random_state": 1.069911844886974}, "datetime": {"datetime": "2021-09-29 21:54:18", "elapsed": 185.704578, "delta": 1.660381}}
{"target": -58.46217377338713, "params": {"max_depth": 29.8042917110469, "n_estimators": 48.493279702433405, "random_state": 10.98555749902297}, "datetime": {"datetime": "2021-09-29 21:54:19", "elapsed": 187.278781, "delta": 1.574203}}
{"target": -57.02735329131625, "params": {"max_depth": 17.776482774568187, "n_estimators": 54.750320667289486, "random_state": 11.0}, "datetime": {"datetime": "2021-09-29 21:54:21", "elapsed": 188.644806, "delta": 1.366025}}
{"target": -58.64536076295484, "params": {"max_depth": 22.209833056959962, "n_estimators": 93.26134988242028, "random_state": 1.9532487083887076}, "datetime": {"datetime": "2021-09-29 21:54:23", "elapsed": 190.53434, "delta": 1.889534}}
{"target": -57.432937703372936, "params": {"max_depth": 30.0, "n_estimators": 41.02195458535263, "random_state": 3.743483021909357}, "datetime": {"datetime": "2021-09-29 21:54:24", "elapsed": 191.773818, "delta": 1.239478}}
{"target": -63.3683388440984, "params": {"max_depth": 1.5486118639260769, "n_estimators": 54.35530179910565, "random_state": 10.602965293124727}, "datetime": {"datetime": "2021-09-29 21:54:25", "elapsed": 193.102482, "delta": 1.328664}}
{"target": -58.5277940365063, "params": {"max_depth": 19.77798775956295, "n_estimators": 36.493609256411695, "random_state": 10.674203031350222}, "datetime": {"datetime": "2021-09-29 21:54:27", "elapsed": 194.477488, "delta": 1.375006}}
{"target": -58.861388339742646, "params": {"max_depth": 14.775848858818886, "n_estimators": 100.0, "random_state": 9.0398183906758}, "datetime": {"datetime": "2021-09-29 21:54:28", "elapsed": 196.242427, "delta": 1.764939}}
{"target": -58.944086719822586, "params": {"max_depth": 29.958187017561524, "n_estimators": 82.38212046330884, "random_state": 7.139486108519172}, "datetime": {"datetime": "2021-09-29 21:54:30", "elapsed": 197.965677, "delta": 1.72325}}
{"target": -58.66783656229023, "params": {"max_depth": 20.378034260276962, "n_estimators": 80.92261362976214, "random_state": 1.0}, "datetime": {"datetime": "2021-09-29 21:54:32", "elapsed": 199.712254, "delta": 1.746577}}
{"target": -57.3136480428177, "params": {"max_depth": 20.00880300197257, "n_estimators": 59.39783774303865, "random_state": 11.0}, "datetime": {"datetime": "2021-09-29 21:54:34", "elapsed": 201.405576, "delta": 1.693322}}
{"target": -58.59793473119128, "params": {"max_depth": 29.922933661918346, "n_estimators": 96.08894870819964, "random_state": 7.2463976028344135}, "datetime": {"datetime": "2021-09-29 21:54:35", "elapsed": 203.281161, "delta": 1.875585}}
{"target": -57.98667305116139, "params": {"max_depth": 8.249644671973854, "n_estimators": 79.85235261069944, "random_state": 10.582770227810947}, "datetime": {"datetime": "2021-09-29 21:54:37", "elapsed": 205.251805, "delta": 1.970644}}
{"target": -54.86066023249519, "params": {"max_depth": 4.5509059762071065, "n_estimators": 93.73157763373575, "random_state": 6.643893833608138}, "datetime": {"datetime": "2021-09-29 21:54:39", "elapsed": 206.849979, "delta": 1.598174}}
{"target": -55.888843860579215, "params": {"max_depth": 6.066289988291871, "n_estimators": 93.27461012523811, "random_state": 8.189314247471806}, "datetime": {"datetime": "2021-09-29 21:54:40", "elapsed": 208.310976, "delta": 1.460997}}
{"target": -55.39587273429043, "params": {"max_depth": 5.308761667593519, "n_estimators": 96.30951871711139, "random_state": 5.064513413280872}, "datetime": {"datetime": "2021-09-29 21:54:42", "elapsed": 210.130709, "delta": 1.819733}}
{"target": -58.8385661028881, "params": {"max_depth": 30.0, "n_estimators": 35.789934914823526, "random_state": 7.558341153169841}, "datetime": {"datetime": "2021-09-29 21:54:44", "elapsed": 211.655501, "delta": 1.524792}}
{"target": -58.519125287486226, "params": {"max_depth": 14.163410651380474, "n_estimators": 49.283579057405255, "random_state": 6.212824447537202}, "datetime": {"datetime": "2021-09-29 21:54:45", "elapsed": 213.238161, "delta": 1.58266}}
{"target": -58.32746615045142, "params": {"max_depth": 23.0116726460823, "n_estimators": 26.635411829132128, "random_state": 11.0}, "datetime": {"datetime": "2021-09-29 21:54:47", "elapsed": 214.475159, "delta": 1.236998}}
{"target": -58.88228597054184, "params": {"max_depth": 25.15219405834741, "n_estimators": 19.98697684535561, "random_state": 10.103660393234069}, "datetime": {"datetime": "2021-09-29 21:54:48", "elapsed": 215.782106, "delta": 1.306947}}
{"target": -55.50306197926399, "params": {"max_depth": 6.67130341372869, "n_estimators": 98.70985461581623, "random_state": 2.6649447418835983}, "datetime": {"datetime": "2021-09-29 21:54:50", "elapsed": 217.501772, "delta": 1.719666}}
{"target": -55.56486019490355, "params": {"max_depth": 6.5643835222425055, "n_estimators": 94.56661592711114, "random_state": 2.7897865428858815}, "datetime": {"datetime": "2021-09-29 21:54:51", "elapsed": 219.226201, "delta": 1.724429}}
{"target": -58.99604759990491, "params": {"max_depth": 12.111812398708336, "n_estimators": 19.625639179864084, "random_state": 11.0}, "datetime": {"datetime": "2021-09-29 21:54:53", "elapsed": 220.738802, "delta": 1.512601}}
{"target": -58.48126681780121, "params": {"max_depth": 8.300578062319428, "n_estimators": 96.9079622927271, "random_state": 1.1041860424213936}, "datetime": {"datetime": "2021-09-29 21:54:55", "elapsed": 222.489311, "delta": 1.750509}}
{"target": -55.56821958790283, "params": {"max_depth": 3.7568558444395315, "n_estimators": 99.60012370853389, "random_state": 3.214399195166016}, "datetime": {"datetime": "2021-09-29 21:54:56", "elapsed": 224.084583, "delta": 1.595272}}
{"target": -56.61815793605213, "params": {"max_depth": 2.520232626094917, "n_estimators": 67.09554387044541, "random_state": 1.28456268185299}, "datetime": {"datetime": "2021-09-29 21:54:58", "elapsed": 225.633314, "delta": 1.548731}}
{"target": -57.4894532039836, "params": {"max_depth": 6.671972042031387, "n_estimators": 69.00730061463268, "random_state": 1.198849566094088}, "datetime": {"datetime": "2021-09-29 21:54:59", "elapsed": 227.212559, "delta": 1.579245}}
{"target": -57.450410275896644, "params": {"max_depth": 13.150539072842296, "n_estimators": 34.67917665328942, "random_state": 11.0}, "datetime": {"datetime": "2021-09-29 21:55:01", "elapsed": 228.604553, "delta": 1.391994}}
{"target": -55.26779675953475, "params": {"max_depth": 3.8037932795542315, "n_estimators": 86.60108588397713, "random_state": 4.424779323013361}, "datetime": {"datetime": "2021-09-29 21:55:02", "elapsed": 230.139657, "delta": 1.535104}}
{"target": -55.128692318464104, "params": {"max_depth": 4.197188004408119, "n_estimators": 94.07142748415183, "random_state": 4.191389572073357}, "datetime": {"datetime": "2021-09-29 21:55:04", "elapsed": 232.115743, "delta": 1.976086}}
{"target": -58.845000323555176, "params": {"max_depth": 23.8164102687036, "n_estimators": 69.91555884017336, "random_state": 1.0226086766038291}, "datetime": {"datetime": "2021-09-29 21:55:06", "elapsed": 233.695969, "delta": 1.580226}}
{"target": -58.12597540418819, "params": {"max_depth": 22.942467222558122, "n_estimators": 99.80436697677925, "random_state": 6.571975602072227}, "datetime": {"datetime": "2021-09-29 21:55:08", "elapsed": 235.647807, "delta": 1.951838}}
{"target": -57.94187470913044, "params": {"max_depth": 12.355287358369095, "n_estimators": 77.68261050541741, "random_state": 6.676653507894467}, "datetime": {"datetime": "2021-09-29 21:55:10", "elapsed": 237.38002, "delta": 1.732213}}
{"target": -57.32870984884276, "params": {"max_depth": 25.046925952556098, "n_estimators": 59.03310947498298, "random_state": 11.0}, "datetime": {"datetime": "2021-09-29 21:55:11", "elapsed": 239.197113, "delta": 1.817093}}
{"target": -61.83907490583408, "params": {"max_depth": 17.205203577307856, "n_estimators": 13.560789686910603, "random_state": 1.0}, "datetime": {"datetime": "2021-09-29 21:55:13", "elapsed": 240.63979, "delta": 1.442677}}
{"target": -57.96952618690766, "params": {"max_depth": 24.987926158688, "n_estimators": 87.6216725825356, "random_state": 5.129350629447927}, "datetime": {"datetime": "2021-09-29 21:55:15", "elapsed": 242.449994, "delta": 1.810204}}
{"target": -57.69464410189035, "params": {"max_depth": 8.814176773900257, "n_estimators": 49.84480406366691, "random_state": 11.0}, "datetime": {"datetime": "2021-09-29 21:55:16", "elapsed": 243.896266, "delta": 1.446272}}
{"target": -62.21656159175004, "params": {"max_depth": 1.0, "n_estimators": 63.6710833604265, "random_state": 1.0}, "datetime": {"datetime": "2021-09-29 21:55:18", "elapsed": 245.647078, "delta": 1.750812}}
{"target": -58.811381356276094, "params": {"max_depth": 22.570449998291394, "n_estimators": 48.684644174213766, "random_state": 6.02933486630795}, "datetime": {"datetime": "2021-09-29 21:55:19", "elapsed": 247.238368, "delta": 1.59129}}
{"target": -56.51991804977602, "params": {"max_depth": 2.6269201247222593, "n_estimators": 69.82747627424231, "random_state": 4.095838001159706}, "datetime": {"datetime": "2021-09-29 21:55:21", "elapsed": 249.041372, "delta": 1.803004}}
{"target": -56.12273369544861, "params": {"max_depth": 6.615364559368726, "n_estimators": 72.63255681776313, "random_state": 4.814398034397598}, "datetime": {"datetime": "2021-09-29 21:55:23", "elapsed": 250.63166, "delta": 1.590288}}
{"target": -56.126824517478205, "params": {"max_depth": 5.109544830752069, "n_estimators": 100.0, "random_state": 1.0}, "datetime": {"datetime": "2021-09-29 21:55:25", "elapsed": 252.781268, "delta": 2.149608}}
{"target": -55.257693182960246, "params": {"max_depth": 4.735372081698789, "n_estimators": 76.22165589980982, "random_state": 4.752572687323438}, "datetime": {"datetime": "2021-09-29 21:55:26", "elapsed": 254.333912, "delta": 1.552644}}
{"target": -57.798686379878625, "params": {"max_depth": 5.572869778737229, "n_estimators": 74.20787703616182, "random_state": 7.267708886956508}, "datetime": {"datetime": "2021-09-29 21:55:28", "elapsed": 255.890756, "delta": 1.556844}}
{"target": -55.56182846373382, "params": {"max_depth": 6.889827511060028, "n_estimators": 74.87864064877569, "random_state": 2.7135128789329968}, "datetime": {"datetime": "2021-09-29 21:55:30", "elapsed": 257.543059, "delta": 1.652303}}
{"target": -55.37594849658669, "params": {"max_depth": 3.9800359782009496, "n_estimators": 78.89976772779416, "random_state": 3.7262106481730566}, "datetime": {"datetime": "2021-09-29 21:55:32", "elapsed": 259.710652, "delta": 2.167593}}
{"target": -57.99855286980804, "params": {"max_depth": 9.524396296979157, "n_estimators": 74.19536308818739, "random_state": 4.489527649758541}, "datetime": {"datetime": "2021-09-29 21:55:34", "elapsed": 261.463162, "delta": 1.75251}}
{"target": -56.63166056910372, "params": {"max_depth": 5.119692518038717, "n_estimators": 72.52592323360824, "random_state": 1.5216375714977106}, "datetime": {"datetime": "2021-09-29 21:55:35", "elapsed": 263.16622, "delta": 1.703058}}
{"target": -59.94648398004162, "params": {"max_depth": 14.185098484040868, "n_estimators": 44.43390879871699, "random_state": 1.0}, "datetime": {"datetime": "2021-09-29 21:55:37", "elapsed": 264.760221, "delta": 1.594001}}
{"target": -58.82403458128596, "params": {"max_depth": 17.96694553583105, "n_estimators": 92.94398284305714, "random_state": 7.170106570445888}, "datetime": {"datetime": "2021-09-29 21:55:39", "elapsed": 266.425625, "delta": 1.665404}}
{"target": -79.14730031360455, "params": {"max_depth": 10.039517436373378, "n_estimators": 1.0, "random_state": 11.0}, "datetime": {"datetime": "2021-09-29 21:55:40", "elapsed": 267.872983, "delta": 1.447358}}
{"target": -58.469456489724706, "params": {"max_depth": 25.000257117321805, "n_estimators": 40.46936535409058, "random_state": 6.740178046469464}, "datetime": {"datetime": "2021-09-29 21:55:41", "elapsed": 269.32729, "delta": 1.454307}}
{"target": -60.81436516833705, "params": {"max_depth": 30.0, "n_estimators": 11.262900965194026, "random_state": 4.773352719562139}, "datetime": {"datetime": "2021-09-29 21:55:43", "elapsed": 271.189681, "delta": 1.862391}}
{"target": -58.944086719822586, "params": {"max_depth": 21.473426904268255, "n_estimators": 82.21383856921962, "random_state": 7.377123192091159}, "datetime": {"datetime": "2021-09-29 21:55:46", "elapsed": 273.493257, "delta": 2.303576}}
{"target": -58.28279488600228, "params": {"max_depth": 30.0, "n_estimators": 72.24352600706375, "random_state": 4.427399894697326}, "datetime": {"datetime": "2021-09-29 21:55:48", "elapsed": 276.118143, "delta": 2.624886}}
{"target": -57.92135321505334, "params": {"max_depth": 29.79386194198388, "n_estimators": 55.6644514634654, "random_state": 10.77843296621191}, "datetime": {"datetime": "2021-09-29 21:55:50", "elapsed": 278.083204, "delta": 1.965061}}
{"target": -58.123269033919144, "params": {"max_depth": 15.470912995175745, "n_estimators": 31.73368741245568, "random_state": 6.1728466112845295}, "datetime": {"datetime": "2021-09-29 21:55:52", "elapsed": 280.27946, "delta": 2.196256}}
{"target": -68.17579280925902, "params": {"max_depth": 1.0, "n_estimators": 1.0, "random_state": 1.0}, "datetime": {"datetime": "2021-09-29 21:55:54", "elapsed": 282.063951, "delta": 1.784491}}
{"target": -58.423828876958986, "params": {"max_depth": 22.78678335202194, "n_estimators": 31.19502460774757, "random_state": 6.267407307139878}, "datetime": {"datetime": "2021-09-29 21:55:56", "elapsed": 284.184234, "delta": 2.120283}}
{"target": -57.78988594562908, "params": {"max_depth": 14.898598006132088, "n_estimators": 87.58086765903195, "random_state": 11.0}, "datetime": {"datetime": "2021-09-29 21:55:59", "elapsed": 286.589871, "delta": 2.405637}}
{"target": -58.48408651819484, "params": {"max_depth": 27.708555008543428, "n_estimators": 83.814137802098, "random_state": 1.0}, "datetime": {"datetime": "2021-09-29 21:56:01", "elapsed": 288.66043, "delta": 2.070559}}
{"target": -56.497330594416226, "params": {"max_depth": 8.236554894255505, "n_estimators": 53.275412988542655, "random_state": 3.446896760392827}, "datetime": {"datetime": "2021-09-29 21:56:03", "elapsed": 290.543273, "delta": 1.882843}}
{"target": -58.27198707266656, "params": {"max_depth": 10.41924699307269, "n_estimators": 53.57415593097891, "random_state": 7.46700793114098}, "datetime": {"datetime": "2021-09-29 21:56:05", "elapsed": 293.195487, "delta": 2.652214}}
{"target": -57.50495675446491, "params": {"max_depth": 30.0, "n_estimators": 77.23986177081272, "random_state": 11.0}, "datetime": {"datetime": "2021-09-29 21:56:07", "elapsed": 295.355013, "delta": 2.159526}}
{"target": -58.37137527870835, "params": {"max_depth": 25.064634572179223, "n_estimators": 62.00624544567616, "random_state": 6.29295195864337}, "datetime": {"datetime": "2021-09-29 21:56:10", "elapsed": 297.851162, "delta": 2.496149}}
{"target": -59.89971963615842, "params": {"max_depth": 13.093692577825616, "n_estimators": 29.95773005877153, "random_state": 1.0539167784906536}, "datetime": {"datetime": "2021-09-29 21:56:12", "elapsed": 299.658335, "delta": 1.807173}}
{"target": -59.376499606118806, "params": {"max_depth": 10.461950072940585, "n_estimators": 51.74074744230491, "random_state": 1.077200418511446}, "datetime": {"datetime": "2021-09-29 21:56:14", "elapsed": 301.864475, "delta": 2.20614}}
{"target": -57.8895266042726, "params": {"max_depth": 29.830975644646713, "n_estimators": 45.85674041596347, "random_state": 5.8763364032231635}, "datetime": {"datetime": "2021-09-29 21:56:16", "elapsed": 304.208165, "delta": 2.34369}}
{"target": -59.16899738723666, "params": {"max_depth": 25.643679576706724, "n_estimators": 75.33945510147565, "random_state": 8.17777725120252}, "datetime": {"datetime": "2021-09-29 21:56:18", "elapsed": 306.294334, "delta": 2.086169}}
{"target": -57.63152132680753, "params": {"max_depth": 13.559871520288805, "n_estimators": 45.93704030286194, "random_state": 11.0}, "datetime": {"datetime": "2021-09-29 21:56:21", "elapsed": 308.654614, "delta": 2.36028}}
{"target": -58.1614482485479, "params": {"max_depth": 13.604365222210943, "n_estimators": 39.293261805901324, "random_state": 10.819906513555537}, "datetime": {"datetime": "2021-09-29 21:56:23", "elapsed": 310.874249, "delta": 2.219635}}
{"target": -58.42810515403751, "params": {"max_depth": 29.795871378253683, "n_estimators": 67.18152730527473, "random_state": 10.997646894305731}, "datetime": {"datetime": "2021-09-29 21:56:25", "elapsed": 312.994747, "delta": 2.120498}}
{"target": -54.77403623289595, "params": {"max_depth": 5.814880892413926, "n_estimators": 51.32397422541275, "random_state": 5.652133163223856}, "datetime": {"datetime": "2021-09-29 21:56:27", "elapsed": 314.586425, "delta": 1.591678}}
