{"target": -59.71116702145576, "params": {"max_depth": 13.093638136374645, "n_estimators": 72.31212485077366, "random_state": 1.0011437481734489}, "datetime": {"datetime": "2021-09-29 21:51:12", "elapsed": 0.0, "delta": 0.0}}
{"target": -60.675794150773456, "params": {"max_depth": 9.767644606323353, "n_estimators": 15.528833190894192, "random_state": 1.923385947687978}, "datetime": {"datetime": "2021-09-29 21:51:12", "elapsed": 0.088007, "delta": 0.088007}}
{"target": -57.089532699927815, "params": {"max_depth": 6.4015461299524565, "n_estimators": 35.210511977261724, "random_state": 4.967674742306699}, "datetime": {"datetime": "2021-09-29 21:51:12", "elapsed": 0.245595, "delta": 0.157588}}
{"target": -58.549890459051454, "params": {"max_depth": 16.62568528609735, "n_estimators": 42.50025692592619, "random_state": 7.852195003967595}, "datetime": {"datetime": "2021-09-29 21:51:13", "elapsed": 0.5126, "delta": 0.267005}}
{"target": -55.06512154838242, "params": {"max_depth": 5.235730839362755, "n_estimators": 35.07301160686909, "random_state": 5.258884188338703}, "datetime": {"datetime": "2021-09-29 21:51:13", "elapsed": 0.814602, "delta": 0.302002}}
{"target": -55.03272257820261, "params": {"max_depth": 5.329231393195893, "n_estimators": 33.85961220738069, "random_state": 5.7271515876302175}, "datetime": {"datetime": "2021-09-29 21:51:13", "elapsed": 1.1566, "delta": 0.341998}}
{"target": -57.01079568850953, "params": {"max_depth": 2.9705879821905747, "n_estimators": 34.55682869049895, "random_state": 5.92460958882095}, "datetime": {"datetime": "2021-09-29 21:51:14", "elapsed": 1.713599, "delta": 0.556999}}
{"target": -56.78880518627093, "params": {"max_depth": 5.219606254263304, "n_estimators": 35.11401105952027, "random_state": 7.281625260218547}, "datetime": {"datetime": "2021-09-29 21:51:14", "elapsed": 2.266735, "delta": 0.553136}}
{"target": -55.24342511309961, "params": {"max_depth": 4.563970140613023, "n_estimators": 32.50826931148245, "random_state": 3.371923424593474}, "datetime": {"datetime": "2021-09-29 21:51:15", "elapsed": 2.582771, "delta": 0.316036}}
{"target": -54.995546726709435, "params": {"max_depth": 4.434970440931178, "n_estimators": 35.256002777310655, "random_state": 2.970907149299761}, "datetime": {"datetime": "2021-09-29 21:51:15", "elapsed": 3.107269, "delta": 0.524498}}
{"target": -57.15705551718826, "params": {"max_depth": 3.0430653035958746, "n_estimators": 33.751468081508975, "random_state": 1.0384871934687356}, "datetime": {"datetime": "2021-09-29 21:51:16", "elapsed": 3.410267, "delta": 0.302998}}
{"target": -55.63300014985093, "params": {"max_depth": 3.558490220627033, "n_estimators": 37.861743275125164, "random_state": 3.6613051486209516}, "datetime": {"datetime": "2021-09-29 21:51:16", "elapsed": 3.784268, "delta": 0.374001}}
{"target": -54.48155399514978, "params": {"max_depth": 5.424319489155923, "n_estimators": 30.906203447237488, "random_state": 5.456497250874162}, "datetime": {"datetime": "2021-09-29 21:51:16", "elapsed": 4.204744, "delta": 0.420476}}
{"target": -56.569203225034215, "params": {"max_depth": 6.587811437441698, "n_estimators": 30.193943138882553, "random_state": 3.8279963767352525}, "datetime": {"datetime": "2021-09-29 21:51:17", "elapsed": 4.564752, "delta": 0.360008}}
{"target": -55.21518981274601, "params": {"max_depth": 3.3322325044308148, "n_estimators": 30.351762271791745, "random_state": 5.670960280202332}, "datetime": {"datetime": "2021-09-29 21:51:17", "elapsed": 4.978753, "delta": 0.414001}}
{"target": -56.88250736260786, "params": {"max_depth": 5.682390144994458, "n_estimators": 29.74316170004554, "random_state": 7.8908831063038765}, "datetime": {"datetime": "2021-09-29 21:51:17", "elapsed": 5.274423, "delta": 0.29567}}
{"target": -55.9926122959185, "params": {"max_depth": 3.6020470404479554, "n_estimators": 29.333817536026427, "random_state": 3.7866946922657454}, "datetime": {"datetime": "2021-09-29 21:51:18", "elapsed": 5.561426, "delta": 0.287003}}
{"target": -55.305964823105256, "params": {"max_depth": 4.014117779720534, "n_estimators": 32.16871426016647, "random_state": 5.193118300143385}, "datetime": {"datetime": "2021-09-29 21:51:18", "elapsed": 5.777427, "delta": 0.216001}}
{"target": -63.1649989910382, "params": {"max_depth": 1.0, "n_estimators": 27.750411570555595, "random_state": 6.552235723403091}, "datetime": {"datetime": "2021-09-29 21:51:18", "elapsed": 6.036002, "delta": 0.258575}}
{"target": -55.93684990706622, "params": {"max_depth": 4.256336729661798, "n_estimators": 41.290853081431734, "random_state": 1.0}, "datetime": {"datetime": "2021-09-29 21:51:19", "elapsed": 6.468032, "delta": 0.43203}}
{"target": -54.60344784610792, "params": {"max_depth": 3.4613542704694185, "n_estimators": 43.42857646811899, "random_state": 4.924071637181219}, "datetime": {"datetime": "2021-09-29 21:51:19", "elapsed": 6.951666, "delta": 0.483634}}
{"target": -61.65552410643684, "params": {"max_depth": 1.0498572864525486, "n_estimators": 42.135476470944766, "random_state": 4.840574271171249}, "datetime": {"datetime": "2021-09-29 21:51:20", "elapsed": 7.583668, "delta": 0.632002}}
{"target": -55.89086700401463, "params": {"max_depth": 5.509505825176012, "n_estimators": 44.10033642928957, "random_state": 4.512662236452115}, "datetime": {"datetime": "2021-09-29 21:51:20", "elapsed": 8.191444, "delta": 0.607776}}
{"target": -55.374923390792354, "params": {"max_depth": 3.3296750243472824, "n_estimators": 45.7903134445487, "random_state": 5.834222731554063}, "datetime": {"datetime": "2021-09-29 21:51:21", "elapsed": 8.713445, "delta": 0.522001}}
{"target": -55.98286209311269, "params": {"max_depth": 4.943759716625317, "n_estimators": 43.54418020534205, "random_state": 6.864816231923214}, "datetime": {"datetime": "2021-09-29 21:51:21", "elapsed": 9.209447, "delta": 0.496002}}
{"target": -55.0444448493961, "params": {"max_depth": 4.065547054980134, "n_estimators": 46.117845376521984, "random_state": 2.5463963231660047}, "datetime": {"datetime": "2021-09-29 21:51:22", "elapsed": 9.677445, "delta": 0.467998}}
{"target": -57.31362895797789, "params": {"max_depth": 2.8330860922017544, "n_estimators": 48.576085795820994, "random_state": 3.6030856964622235}, "datetime": {"datetime": "2021-09-29 21:51:22", "elapsed": 10.124956, "delta": 0.447511}}
{"target": -55.756961303372876, "params": {"max_depth": 4.693178519525354, "n_estimators": 37.86905474155798, "random_state": 1.026121960145996}, "datetime": {"datetime": "2021-09-29 21:51:23", "elapsed": 10.545951, "delta": 0.420995}}
{"target": -56.212237701007005, "params": {"max_depth": 3.7984623827808646, "n_estimators": 43.920325800084534, "random_state": 2.4315037492667173}, "datetime": {"datetime": "2021-09-29 21:51:23", "elapsed": 11.039959, "delta": 0.494008}}
{"target": -57.828487238527515, "params": {"max_depth": 7.399373970479134, "n_estimators": 47.281074525541506, "random_state": 1.8029449145802547}, "datetime": {"datetime": "2021-09-29 21:51:24", "elapsed": 11.491954, "delta": 0.451995}}
{"target": -55.674231823024876, "params": {"max_depth": 5.161443906940967, "n_estimators": 40.90233860265626, "random_state": 3.9766509934296326}, "datetime": {"datetime": "2021-09-29 21:51:24", "elapsed": 11.876962, "delta": 0.385008}}
{"target": -58.30463326593717, "params": {"max_depth": 8.12962127853376, "n_estimators": 40.132552247365396, "random_state": 1.1356115962979798}, "datetime": {"datetime": "2021-09-29 21:51:24", "elapsed": 12.360229, "delta": 0.483267}}
{"target": -58.84952747370542, "params": {"max_depth": 2.686214411648354, "n_estimators": 47.14347416616581, "random_state": 9.505212171622272}, "datetime": {"datetime": "2021-09-29 21:51:25", "elapsed": 12.714963, "delta": 0.354734}}
{"target": -56.4683867605707, "params": {"max_depth": 2.2009507377468656, "n_estimators": 37.06379609966589, "random_state": 1.903540715645219}, "datetime": {"datetime": "2021-09-29 21:51:25", "elapsed": 13.104958, "delta": 0.389995}}
{"target": -57.68927886882289, "params": {"max_depth": 7.421535603143244, "n_estimators": 31.901003533396867, "random_state": 6.4187121867017805}, "datetime": {"datetime": "2021-09-29 21:51:26", "elapsed": 13.466961, "delta": 0.362003}}
{"target": -56.603502109417825, "params": {"max_depth": 2.317309868619611, "n_estimators": 46.2296929848268, "random_state": 1.1226846815792804}, "datetime": {"datetime": "2021-09-29 21:51:26", "elapsed": 13.990959, "delta": 0.523998}}
{"target": -55.83629468123728, "params": {"max_depth": 4.934982976906278, "n_estimators": 39.77692638820391, "random_state": 6.764840576281964}, "datetime": {"datetime": "2021-09-29 21:51:27", "elapsed": 14.522959, "delta": 0.532}}
{"target": -57.087316051535296, "params": {"max_depth": 7.40497572500998, "n_estimators": 41.03758993254345, "random_state": 6.662549472697008}, "datetime": {"datetime": "2021-09-29 21:51:27", "elapsed": 14.959968, "delta": 0.437009}}
{"target": -58.194598222101746, "params": {"max_depth": 6.561449477487099, "n_estimators": 34.911054738445515, "random_state": 1.4111964026002568}, "datetime": {"datetime": "2021-09-29 21:51:28", "elapsed": 15.584602, "delta": 0.624634}}
{"target": -55.74749500255896, "params": {"max_depth": 4.457386793753678, "n_estimators": 39.84318200163776, "random_state": 10.298015833214293}, "datetime": {"datetime": "2021-09-29 21:51:28", "elapsed": 16.153864, "delta": 0.569262}}
{"target": -57.291494199421614, "params": {"max_depth": 2.603541573314472, "n_estimators": 45.0346480530786, "random_state": 3.9641670965049194}, "datetime": {"datetime": "2021-09-29 21:51:29", "elapsed": 16.576866, "delta": 0.423002}}
{"target": -54.505045429511966, "params": {"max_depth": 5.4796847522859595, "n_estimators": 28.765935032283167, "random_state": 5.466787916718334}, "datetime": {"datetime": "2021-09-29 21:51:29", "elapsed": 16.926869, "delta": 0.350003}}
{"target": -54.75058575665965, "params": {"max_depth": 6.555878056824407, "n_estimators": 26.797191265504523, "random_state": 5.1281789238089805}, "datetime": {"datetime": "2021-09-29 21:51:29", "elapsed": 17.300869, "delta": 0.374}}
{"target": -55.11338495451342, "params": {"max_depth": 5.52789300949862, "n_estimators": 25.79718515204489, "random_state": 3.3640244528903667}, "datetime": {"datetime": "2021-09-29 21:51:30", "elapsed": 17.710866, "delta": 0.409997}}
{"target": -56.89216323689992, "params": {"max_depth": 7.4748797920541685, "n_estimators": 24.888308778371464, "random_state": 4.559979313036558}, "datetime": {"datetime": "2021-09-29 21:51:30", "elapsed": 18.126296, "delta": 0.41543}}
{"target": -56.75918803740875, "params": {"max_depth": 5.849493248703053, "n_estimators": 26.987686500330973, "random_state": 1.4853986319726378}, "datetime": {"datetime": "2021-09-29 21:51:31", "elapsed": 18.397294, "delta": 0.270998}}
{"target": -54.68454058095836, "params": {"max_depth": 4.7566767143319275, "n_estimators": 27.04235435832961, "random_state": 5.5359715557149505}, "datetime": {"datetime": "2021-09-29 21:51:31", "elapsed": 18.758294, "delta": 0.361}}
{"target": -58.84803132989025, "params": {"max_depth": 6.335197173758735, "n_estimators": 26.251703518154763, "random_state": 7.510144083669925}, "datetime": {"datetime": "2021-09-29 21:51:31", "elapsed": 19.157306, "delta": 0.399012}}
{"target": -54.5022929531871, "params": {"max_depth": 5.1579782340563565, "n_estimators": 27.852610541937032, "random_state": 4.426190882100094}, "datetime": {"datetime": "2021-09-29 21:51:32", "elapsed": 19.716299, "delta": 0.558993}}
{"target": -55.58771864787453, "params": {"max_depth": 3.6841922335833814, "n_estimators": 23.6242305749683, "random_state": 3.096146646251725}, "datetime": {"datetime": "2021-09-29 21:51:32", "elapsed": 20.115439, "delta": 0.39914}}
{"target": -56.02444745689266, "params": {"max_depth": 3.780005534272106, "n_estimators": 21.75149297626915, "random_state": 1.0220992182693225}, "datetime": {"datetime": "2021-09-29 21:51:33", "elapsed": 20.549389, "delta": 0.43395}}
{"target": -53.90310217918427, "params": {"max_depth": 2.373650898267911, "n_estimators": 20.361090923346204, "random_state": 4.050386687712665}, "datetime": {"datetime": "2021-09-29 21:51:33", "elapsed": 20.952383, "delta": 0.402994}}
{"target": -53.83784071856063, "params": {"max_depth": 4.1389537775937155, "n_estimators": 20.50988868749518, "random_state": 4.638976194922729}, "datetime": {"datetime": "2021-09-29 21:51:34", "elapsed": 21.416388, "delta": 0.464005}}
{"target": -56.176340547943624, "params": {"max_depth": 2.9430258860791967, "n_estimators": 18.62580357339101, "random_state": 5.631692760710067}, "datetime": {"datetime": "2021-09-29 21:51:34", "elapsed": 21.960383, "delta": 0.543995}}
{"target": -53.94417144869114, "params": {"max_depth": 2.8195699893594948, "n_estimators": 21.758970017486494, "random_state": 4.598252657015836}, "datetime": {"datetime": "2021-09-29 21:51:35", "elapsed": 22.445775, "delta": 0.485392}}
{"target": -56.98569551474749, "params": {"max_depth": 3.560243557806279, "n_estimators": 18.80890397752092, "random_state": 2.922250014872967}, "datetime": {"datetime": "2021-09-29 21:51:35", "elapsed": 22.781772, "delta": 0.335997}}
{"target": -56.55493172421083, "params": {"max_depth": 3.658458242998095, "n_estimators": 21.619251546517404, "random_state": 6.474624308757575}, "datetime": {"datetime": "2021-09-29 21:51:35", "elapsed": 23.231779, "delta": 0.450007}}
{"target": -55.49262693608191, "params": {"max_depth": 4.661302970231622, "n_estimators": 21.7972447865695, "random_state": 3.6238166684108064}, "datetime": {"datetime": "2021-09-29 21:51:36", "elapsed": 23.645774, "delta": 0.413995}}
{"target": -62.15291683509099, "params": {"max_depth": 1.4556011390292343, "n_estimators": 22.1559375012641, "random_state": 2.660681027232881}, "datetime": {"datetime": "2021-09-29 21:51:36", "elapsed": 24.122578, "delta": 0.476804}}
{"target": -56.52133469571915, "params": {"max_depth": 6.50136858662958, "n_estimators": 27.801375988792977, "random_state": 3.9176741288325636}, "datetime": {"datetime": "2021-09-29 21:51:37", "elapsed": 24.441578, "delta": 0.319}}
{"target": -55.52082427696254, "params": {"max_depth": 3.388087777636251, "n_estimators": 20.405458663619626, "random_state": 3.9597692276429632}, "datetime": {"datetime": "2021-09-29 21:51:37", "elapsed": 24.85058, "delta": 0.409002}}
{"target": -54.25886704720303, "params": {"max_depth": 5.241549918369427, "n_estimators": 20.542609161749894, "random_state": 5.4476162768237915}, "datetime": {"datetime": "2021-09-29 21:51:37", "elapsed": 25.096581, "delta": 0.246001}}
{"target": -54.33203244391356, "params": {"max_depth": 4.795884112379214, "n_estimators": 21.745564705866766, "random_state": 5.2960087929092685}, "datetime": {"datetime": "2021-09-29 21:51:38", "elapsed": 25.480503, "delta": 0.383922}}
{"target": -56.06385500616587, "params": {"max_depth": 2.5843324397026946, "n_estimators": 20.352435721150734, "random_state": 5.56469526655059}, "datetime": {"datetime": "2021-09-29 21:51:38", "elapsed": 26.010501, "delta": 0.529998}}
{"target": -54.24867918768918, "params": {"max_depth": 5.9532663309814176, "n_estimators": 20.829222881335504, "random_state": 4.258353720073935}, "datetime": {"datetime": "2021-09-29 21:51:39", "elapsed": 26.410001, "delta": 0.3995}}
{"target": -57.047917537940364, "params": {"max_depth": 6.09451683223666, "n_estimators": 19.076734610781408, "random_state": 4.667099090533298}, "datetime": {"datetime": "2021-09-29 21:51:39", "elapsed": 26.749003, "delta": 0.339002}}
{"target": -54.292353988734774, "params": {"max_depth": 4.260708721766784, "n_estimators": 26.62572251896282, "random_state": 4.2488447445736846}, "datetime": {"datetime": "2021-09-29 21:51:39", "elapsed": 27.156003, "delta": 0.407}}
{"target": -56.98255916085506, "params": {"max_depth": 7.161778747221317, "n_estimators": 21.944740505143216, "random_state": 5.028401521982008}, "datetime": {"datetime": "2021-09-29 21:51:40", "elapsed": 27.675003, "delta": 0.519}}
{"target": -53.82048490232357, "params": {"max_depth": 4.561847622157659, "n_estimators": 24.897255617888725, "random_state": 4.300954444444155}, "datetime": {"datetime": "2021-09-29 21:51:40", "elapsed": 28.072002, "delta": 0.396999}}
{"target": -53.414838341083396, "params": {"max_depth": 3.469697215375339, "n_estimators": 25.281280838629947, "random_state": 4.998529567822143}, "datetime": {"datetime": "2021-09-29 21:51:41", "elapsed": 28.462199, "delta": 0.390197}}
{"target": -54.22399985526799, "params": {"max_depth": 4.214595775357152, "n_estimators": 23.899566113486138, "random_state": 5.2070541660849115}, "datetime": {"datetime": "2021-09-29 21:51:41", "elapsed": 28.927198, "delta": 0.464999}}
{"target": -54.14749992744109, "params": {"max_depth": 2.7662789213582606, "n_estimators": 24.055792171916792, "random_state": 4.97847533398238}, "datetime": {"datetime": "2021-09-29 21:51:42", "elapsed": 29.388195, "delta": 0.460997}}
{"target": -55.41426197803558, "params": {"max_depth": 3.401074130278236, "n_estimators": 25.731619289028938, "random_state": 3.6967115453026933}, "datetime": {"datetime": "2021-09-29 21:51:42", "elapsed": 29.846199, "delta": 0.458004}}
{"target": -55.12635036501106, "params": {"max_depth": 3.610719979781935, "n_estimators": 24.821894552514056, "random_state": 5.7248176113280325}, "datetime": {"datetime": "2021-09-29 21:51:42", "elapsed": 30.317786, "delta": 0.471587}}
{"target": -59.009345355128254, "params": {"max_depth": 1.1038790103820215, "n_estimators": 19.56382584648926, "random_state": 4.579365105382704}, "datetime": {"datetime": "2021-09-29 21:51:43", "elapsed": 30.74379, "delta": 0.426004}}
{"target": -54.532130983693015, "params": {"max_depth": 4.97527503820605, "n_estimators": 33.88805024827789, "random_state": 4.27118846824797}, "datetime": {"datetime": "2021-09-29 21:51:43", "elapsed": 31.231791, "delta": 0.488001}}
{"target": -54.90802310546877, "params": {"max_depth": 4.008409882726845, "n_estimators": 35.956727133069755, "random_state": 4.346439701657667}, "datetime": {"datetime": "2021-09-29 21:51:44", "elapsed": 31.819788, "delta": 0.587997}}
{"target": -54.53688859742045, "params": {"max_depth": 4.835021931939664, "n_estimators": 25.311122492339926, "random_state": 5.197972998081012}, "datetime": {"datetime": "2021-09-29 21:51:44", "elapsed": 32.205076, "delta": 0.385288}}
{"target": -54.0382858425655, "params": {"max_depth": 5.065851006043205, "n_estimators": 23.788735156357234, "random_state": 4.215132734214166}, "datetime": {"datetime": "2021-09-29 21:51:45", "elapsed": 32.615088, "delta": 0.410012}}
{"target": -54.92972104667011, "params": {"max_depth": 5.45877552141372, "n_estimators": 46.662840807406155, "random_state": 5.641174530851971}, "datetime": {"datetime": "2021-09-29 21:51:45", "elapsed": 33.233078, "delta": 0.61799}}
{"target": -57.021484434661105, "params": {"max_depth": 7.25821426754446, "n_estimators": 47.30655044965314, "random_state": 6.458200075865387}, "datetime": {"datetime": "2021-09-29 21:51:46", "elapsed": 33.841079, "delta": 0.608001}}
{"target": -56.35791116409913, "params": {"max_depth": 5.918964648239859, "n_estimators": 23.81530805721051, "random_state": 1.5797370760604337}, "datetime": {"datetime": "2021-09-29 21:51:46", "elapsed": 34.275179, "delta": 0.4341}}
{"target": -53.847564718350625, "params": {"max_depth": 6.685991849253769, "n_estimators": 20.81212964540119, "random_state": 2.3100003627272616}, "datetime": {"datetime": "2021-09-29 21:51:47", "elapsed": 34.908178, "delta": 0.632999}}
{"target": -56.99668712556233, "params": {"max_depth": 7.7434625564168895, "n_estimators": 19.97238244840778, "random_state": 1.8985728111502544}, "datetime": {"datetime": "2021-09-29 21:51:47", "elapsed": 35.336184, "delta": 0.428006}}
{"target": -54.771111993410116, "params": {"max_depth": 5.821058557432101, "n_estimators": 21.673209669723285, "random_state": 2.145326452360332}, "datetime": {"datetime": "2021-09-29 21:51:48", "elapsed": 35.946191, "delta": 0.610007}}
{"target": -55.398948204266794, "params": {"max_depth": 5.104766227840862, "n_estimators": 46.886404000709106, "random_state": 3.8848317809293778}, "datetime": {"datetime": "2021-09-29 21:51:49", "elapsed": 36.647934, "delta": 0.701743}}
{"target": -57.00822252535097, "params": {"max_depth": 5.171021675409679, "n_estimators": 20.135977145768216, "random_state": 1.4032003535296536}, "datetime": {"datetime": "2021-09-29 21:51:49", "elapsed": 37.069933, "delta": 0.421999}}
{"target": -54.976180996121315, "params": {"max_depth": 7.0054920588270235, "n_estimators": 21.685543899024044, "random_state": 2.312117006107104}, "datetime": {"datetime": "2021-09-29 21:51:50", "elapsed": 37.598935, "delta": 0.529002}}
{"target": -53.15728654569853, "params": {"max_depth": 3.2283041563259443, "n_estimators": 22.859275103452063, "random_state": 4.985575202920132}, "datetime": {"datetime": "2021-09-29 21:51:50", "elapsed": 37.995937, "delta": 0.397002}}
{"target": -54.00528881978081, "params": {"max_depth": 4.183572122648306, "n_estimators": 23.011493742304893, "random_state": 4.492014038848522}, "datetime": {"datetime": "2021-09-29 21:51:51", "elapsed": 38.524541, "delta": 0.528604}}
{"target": -63.76629394565967, "params": {"max_depth": 1.57287422748926, "n_estimators": 23.221402800157346, "random_state": 6.0140757991316285}, "datetime": {"datetime": "2021-09-29 21:51:51", "elapsed": 38.849538, "delta": 0.324997}}
{"target": -57.59312189229951, "params": {"max_depth": 7.244413428313341, "n_estimators": 38.44474398653128, "random_state": 10.591759720355245}, "datetime": {"datetime": "2021-09-29 21:51:52", "elapsed": 39.473536, "delta": 0.623998}}
{"target": -63.33322306063474, "params": {"max_depth": 1.8622825518634754, "n_estimators": 38.65341522330374, "random_state": 10.637689301525356}, "datetime": {"datetime": "2021-09-29 21:51:52", "elapsed": 39.913535, "delta": 0.439999}}
