{"target": -55.536892157017526, "params": {"max_depth": 4.624147281387851, "n_estimators": 71.23261613913226, "random_state": 8.377741724431012}, "datetime": {"datetime": "2021-09-29 21:57:25", "elapsed": 389.341183, "delta": 2.54314}}
{"target": -59.168724985470334, "params": {"max_depth": 26.214518362339124, "n_estimators": 23.291669989720262, "random_state": 11.0}, "datetime": {"datetime": "2021-09-29 21:57:27", "elapsed": 391.211453, "delta": 1.87027}}
{"target": -57.128171910699045, "params": {"max_depth": 19.686851286355676, "n_estimators": 75.42189981478954, "random_state": 8.230803972524708}, "datetime": {"datetime": "2021-09-29 21:57:29", "elapsed": 393.42782, "delta": 2.216367}}
{"target": -55.37046950117991, "params": {"max_depth": 5.28773413112114, "n_estimators": 91.04234017728106, "random_state": 10.750563329727056}, "datetime": {"datetime": "2021-09-29 21:57:32", "elapsed": 396.170262, "delta": 2.742442}}
{"target": -55.43446869500068, "params": {"max_depth": 3.891708265132379, "n_estimators": 56.49011078668713, "random_state": 4.265604634718969}, "datetime": {"datetime": "2021-09-29 21:57:34", "elapsed": 398.726931, "delta": 2.556669}}
{"target": -59.019930164589965, "params": {"max_depth": 5.625538751946478, "n_estimators": 46.91316215697475, "random_state": 1.0}, "datetime": {"datetime": "2021-09-29 21:57:37", "elapsed": 401.431142, "delta": 2.704211}}
{"target": -56.889283062196775, "params": {"max_depth": 7.009987363820383, "n_estimators": 53.79022684307051, "random_state": 2.5622805899804746}, "datetime": {"datetime": "2021-09-29 21:57:39", "elapsed": 403.453473, "delta": 2.022331}}
{"target": -57.08589898776081, "params": {"max_depth": 13.686738089681903, "n_estimators": 50.20398770739995, "random_state": 5.335734301459909}, "datetime": {"datetime": "2021-09-29 21:57:42", "elapsed": 405.753093, "delta": 2.29962}}
{"target": -58.341032059532964, "params": {"max_depth": 11.221574891084877, "n_estimators": 45.18996360416408, "random_state": 4.5975637004975445}, "datetime": {"datetime": "2021-09-29 21:57:44", "elapsed": 407.860428, "delta": 2.107335}}
{"target": -60.55509634834325, "params": {"max_depth": 30.0, "n_estimators": 8.858400181032046, "random_state": 1.0}, "datetime": {"datetime": "2021-09-29 21:57:46", "elapsed": 410.342016, "delta": 2.481588}}
{"target": -59.86887244647258, "params": {"max_depth": 5.708876806258633, "n_estimators": 27.79171685322574, "random_state": 1.0}, "datetime": {"datetime": "2021-09-29 21:57:49", "elapsed": 412.884871, "delta": 2.542855}}
{"target": -57.242162810978506, "params": {"max_depth": 10.715165266191718, "n_estimators": 52.16621090160201, "random_state": 5.4982020986180675}, "datetime": {"datetime": "2021-09-29 21:57:51", "elapsed": 415.084635, "delta": 2.199764}}
{"target": -56.80064855303974, "params": {"max_depth": 16.201542039980232, "n_estimators": 100.0, "random_state": 6.987631390760691}, "datetime": {"datetime": "2021-09-29 21:57:53", "elapsed": 417.699491, "delta": 2.614856}}
{"target": -57.399562240336664, "params": {"max_depth": 26.542538433657477, "n_estimators": 56.189413898585315, "random_state": 10.85776623421785}, "datetime": {"datetime": "2021-09-29 21:57:56", "elapsed": 420.196691, "delta": 2.4972}}
{"target": -60.39463000414086, "params": {"max_depth": 25.047537478052746, "n_estimators": 45.88340199319289, "random_state": 1.0}, "datetime": {"datetime": "2021-09-29 21:57:58", "elapsed": 422.588429, "delta": 2.391738}}
{"target": -57.626648671761146, "params": {"max_depth": 15.932449868062355, "n_estimators": 31.725739740343574, "random_state": 6.05006461420507}, "datetime": {"datetime": "2021-09-29 21:58:01", "elapsed": 424.989621, "delta": 2.401192}}
{"target": -60.15966720364928, "params": {"max_depth": 14.76915944172994, "n_estimators": 18.45033262189556, "random_state": 1.0}, "datetime": {"datetime": "2021-09-29 21:58:03", "elapsed": 427.246082, "delta": 2.256461}}
{"target": -55.77969543650475, "params": {"max_depth": 6.197614629850705, "n_estimators": 82.65982631998001, "random_state": 8.651157409912454}, "datetime": {"datetime": "2021-09-29 21:58:06", "elapsed": 429.900308, "delta": 2.654226}}
{"target": -57.77542212962916, "params": {"max_depth": 22.41631989267082, "n_estimators": 39.226513609576685, "random_state": 8.271606276366132}, "datetime": {"datetime": "2021-09-29 21:58:08", "elapsed": 432.036119, "delta": 2.135811}}
{"target": -57.78013353553675, "params": {"max_depth": 30.0, "n_estimators": 100.0, "random_state": 11.0}, "datetime": {"datetime": "2021-09-29 21:58:11", "elapsed": 434.995322, "delta": 2.959203}}
{"target": -57.96667571335842, "params": {"max_depth": 13.117647901945206, "n_estimators": 74.6954666660829, "random_state": 5.57996186888582}, "datetime": {"datetime": "2021-09-29 21:58:14", "elapsed": 437.97027, "delta": 2.974948}}
{"target": -60.08305636482315, "params": {"max_depth": 24.803827510052677, "n_estimators": 78.49869525698679, "random_state": 7.039897366038736}, "datetime": {"datetime": "2021-09-29 21:58:16", "elapsed": 440.662983, "delta": 2.692713}}
{"target": -61.904262119442734, "params": {"max_depth": 1.0, "n_estimators": 43.58449199532554, "random_state": 1.0}, "datetime": {"datetime": "2021-09-29 21:58:18", "elapsed": 442.675266, "delta": 2.012283}}
{"target": -57.659406282789696, "params": {"max_depth": 20.038801598735464, "n_estimators": 74.41202956520343, "random_state": 4.674568514066442}, "datetime": {"datetime": "2021-09-29 21:58:21", "elapsed": 445.046171, "delta": 2.370905}}
{"target": -59.827830581179384, "params": {"max_depth": 11.650266282487712, "n_estimators": 25.591450790423966, "random_state": 11.0}, "datetime": {"datetime": "2021-09-29 21:58:23", "elapsed": 447.383032, "delta": 2.336861}}
{"target": -58.17841542459136, "params": {"max_depth": 27.153623745350604, "n_estimators": 84.04435819473562, "random_state": 5.734110959335966}, "datetime": {"datetime": "2021-09-29 21:58:26", "elapsed": 449.99538, "delta": 2.612348}}
{"target": -58.333537081005936, "params": {"max_depth": 19.280595298117955, "n_estimators": 94.13593170017344, "random_state": 5.876210702549187}, "datetime": {"datetime": "2021-09-29 21:58:29", "elapsed": 452.905247, "delta": 2.909867}}
{"target": -59.785251978055676, "params": {"max_depth": 24.76762282392721, "n_estimators": 100.0, "random_state": 1.0}, "datetime": {"datetime": "2021-09-29 21:58:32", "elapsed": 456.136483, "delta": 3.231236}}
{"target": -60.63937151754928, "params": {"max_depth": 5.572858962219909, "n_estimators": 12.129862372526564, "random_state": 10.812363779360208}, "datetime": {"datetime": "2021-09-29 21:58:34", "elapsed": 458.342332, "delta": 2.205849}}
{"target": -57.30819504245782, "params": {"max_depth": 16.348527657201842, "n_estimators": 60.7702068838434, "random_state": 5.524359392935855}, "datetime": {"datetime": "2021-09-29 21:58:37", "elapsed": 460.764416, "delta": 2.422084}}
{"target": -57.74323982974362, "params": {"max_depth": 20.32926615622287, "n_estimators": 62.533118146655816, "random_state": 5.317909570290562}, "datetime": {"datetime": "2021-09-29 21:58:39", "elapsed": 463.134687, "delta": 2.370271}}
{"target": -56.617202816009474, "params": {"max_depth": 7.9115443798765686, "n_estimators": 73.16903586097307, "random_state": 6.346187000826304}, "datetime": {"datetime": "2021-09-29 21:58:41", "elapsed": 465.582295, "delta": 2.447608}}
{"target": -56.85539168126631, "params": {"max_depth": 12.904787639449395, "n_estimators": 68.3116131523995, "random_state": 6.848501513059867}, "datetime": {"datetime": "2021-09-29 21:58:44", "elapsed": 468.09151, "delta": 2.509215}}
{"target": -58.422978432516615, "params": {"max_depth": 10.133658239052634, "n_estimators": 67.54625798752224, "random_state": 4.536132328807477}, "datetime": {"datetime": "2021-09-29 21:58:46", "elapsed": 469.93569, "delta": 1.84418}}
{"target": -56.1095079412983, "params": {"max_depth": 5.5294581333559485, "n_estimators": 74.1874574687668, "random_state": 6.843659872982322}, "datetime": {"datetime": "2021-09-29 21:58:48", "elapsed": 472.15318, "delta": 2.21749}}
{"target": -58.171444671151384, "params": {"max_depth": 13.343671267741602, "n_estimators": 52.87518302563845, "random_state": 2.700444115661963}, "datetime": {"datetime": "2021-09-29 21:58:50", "elapsed": 474.36877, "delta": 2.21559}}
{"target": -56.9519484673003, "params": {"max_depth": 7.9035709528671925, "n_estimators": 77.42759607268974, "random_state": 4.656552232186963}, "datetime": {"datetime": "2021-09-29 21:58:52", "elapsed": 476.613385, "delta": 2.244615}}
{"target": -55.30481869443101, "params": {"max_depth": 5.585361849941998, "n_estimators": 62.184860203397484, "random_state": 11.0}, "datetime": {"datetime": "2021-09-29 21:58:54", "elapsed": 478.633602, "delta": 2.020217}}
{"target": -58.41576687979665, "params": {"max_depth": 13.712871269932041, "n_estimators": 56.18091185641681, "random_state": 11.0}, "datetime": {"datetime": "2021-09-29 21:58:56", "elapsed": 480.600267, "delta": 1.966665}}
{"target": -59.4767556400156, "params": {"max_depth": 18.06442741684526, "n_estimators": 62.73611657438034, "random_state": 1.0}, "datetime": {"datetime": "2021-09-29 21:58:59", "elapsed": 483.104259, "delta": 2.503992}}
{"target": -59.711574892003014, "params": {"max_depth": 22.0201738408006, "n_estimators": 82.59677220387456, "random_state": 1.0}, "datetime": {"datetime": "2021-09-29 21:59:01", "elapsed": 485.36084, "delta": 2.256581}}
{"target": -56.672712697068526, "params": {"max_depth": 4.895338983479746, "n_estimators": 69.08164248524852, "random_state": 7.686975316675664}, "datetime": {"datetime": "2021-09-29 21:59:04", "elapsed": 488.169826, "delta": 2.808986}}
{"target": -55.65877697688614, "params": {"max_depth": 4.389721709921933, "n_estimators": 63.78923600239393, "random_state": 8.78600736418388}, "datetime": {"datetime": "2021-09-29 21:59:07", "elapsed": 490.993413, "delta": 2.823587}}
{"target": -55.873161492960236, "params": {"max_depth": 6.605955221198787, "n_estimators": 88.59318606981334, "random_state": 5.677392064494214}, "datetime": {"datetime": "2021-09-29 21:59:10", "elapsed": 493.752697, "delta": 2.759284}}
{"target": -56.06896979977057, "params": {"max_depth": 5.087271896374805, "n_estimators": 87.53084469905522, "random_state": 6.323880737009606}, "datetime": {"datetime": "2021-09-29 21:59:12", "elapsed": 496.314276, "delta": 2.561579}}
{"target": -58.49570551490678, "params": {"max_depth": 5.385455950230064, "n_estimators": 34.92490962764104, "random_state": 7.529395711397862}, "datetime": {"datetime": "2021-09-29 21:59:15", "elapsed": 498.91411, "delta": 2.599834}}
{"target": -55.25008025181876, "params": {"max_depth": 8.464494134736725, "n_estimators": 29.94577985443465, "random_state": 8.263538027768579}, "datetime": {"datetime": "2021-09-29 21:59:17", "elapsed": 501.025737, "delta": 2.111627}}
{"target": -58.657107042321655, "params": {"max_depth": 6.356310289350166, "n_estimators": 29.412332089271548, "random_state": 7.841116502743818}, "datetime": {"datetime": "2021-09-29 21:59:19", "elapsed": 503.635021, "delta": 2.609284}}
{"target": -56.408437889747596, "params": {"max_depth": 8.558358125165054, "n_estimators": 31.50454417348388, "random_state": 6.949895517640417}, "datetime": {"datetime": "2021-09-29 21:59:22", "elapsed": 506.44664, "delta": 2.811619}}
{"target": -56.743649835147046, "params": {"max_depth": 10.873193541850068, "n_estimators": 30.17830974706116, "random_state": 9.342545509387394}, "datetime": {"datetime": "2021-09-29 21:59:24", "elapsed": 508.566551, "delta": 2.119911}}
{"target": -60.824647021440626, "params": {"max_depth": 7.196989917145643, "n_estimators": 32.86191426555969, "random_state": 1.7041045516280997}, "datetime": {"datetime": "2021-09-29 21:59:27", "elapsed": 511.156414, "delta": 2.589863}}
{"target": -61.440952400247696, "params": {"max_depth": 9.83098658581691, "n_estimators": 28.8919203408942, "random_state": 7.209524649449851}, "datetime": {"datetime": "2021-09-29 21:59:30", "elapsed": 513.75878, "delta": 2.602366}}
{"target": -58.077772284871145, "params": {"max_depth": 7.7964738073850635, "n_estimators": 21.522517308321433, "random_state": 6.074888963524242}, "datetime": {"datetime": "2021-09-29 21:59:32", "elapsed": 516.153468, "delta": 2.394688}}
{"target": -57.46379855234718, "params": {"max_depth": 12.62966060668625, "n_estimators": 33.63866022504891, "random_state": 6.898702996666323}, "datetime": {"datetime": "2021-09-29 21:59:35", "elapsed": 518.75385, "delta": 2.600382}}
{"target": -56.60669320128379, "params": {"max_depth": 7.970823137039229, "n_estimators": 31.570404188230363, "random_state": 9.049970287407634}, "datetime": {"datetime": "2021-09-29 21:59:37", "elapsed": 520.832044, "delta": 2.078194}}
{"target": -62.317001326983636, "params": {"max_depth": 11.496852784970482, "n_estimators": 7.7748238437734285, "random_state": 11.0}, "datetime": {"datetime": "2021-09-29 21:59:39", "elapsed": 523.400847, "delta": 2.568803}}
{"target": -60.42337694777792, "params": {"max_depth": 1.8920259051920776, "n_estimators": 6.034896310560073, "random_state": 1.315133212772285}, "datetime": {"datetime": "2021-09-29 21:59:41", "elapsed": 525.226057, "delta": 1.82521}}
{"target": -57.540296283455184, "params": {"max_depth": 22.142004063505443, "n_estimators": 74.83125225077178, "random_state": 10.92362682036668}, "datetime": {"datetime": "2021-09-29 21:59:44", "elapsed": 528.07818, "delta": 2.852123}}
{"target": -59.845232068006695, "params": {"max_depth": 29.583635766443685, "n_estimators": 63.48835847107461, "random_state": 1.2420041852633015}, "datetime": {"datetime": "2021-09-29 21:59:46", "elapsed": 530.391833, "delta": 2.313653}}
{"target": -60.50823390363577, "params": {"max_depth": 16.371419288948424, "n_estimators": 50.806517147643454, "random_state": 7.771308124741709}, "datetime": {"datetime": "2021-09-29 21:59:49", "elapsed": 533.173569, "delta": 2.781736}}
{"target": -57.03288381201275, "params": {"max_depth": 21.553607317704905, "n_estimators": 55.14513212341202, "random_state": 5.024683920167239}, "datetime": {"datetime": "2021-09-29 21:59:52", "elapsed": 535.803382, "delta": 2.629813}}
{"target": -59.83131886429938, "params": {"max_depth": 10.79703626990673, "n_estimators": 48.49538729529933, "random_state": 7.387574933906675}, "datetime": {"datetime": "2021-09-29 21:59:54", "elapsed": 538.584172, "delta": 2.78079}}
{"target": -59.84010812625586, "params": {"max_depth": 14.54971408808449, "n_estimators": 48.66287827805802, "random_state": 1.0}, "datetime": {"datetime": "2021-09-29 21:59:57", "elapsed": 541.600171, "delta": 3.015999}}
{"target": -58.0218335219039, "params": {"max_depth": 14.437237769606293, "n_estimators": 38.48406626134026, "random_state": 4.338429134864537}, "datetime": {"datetime": "2021-09-29 22:00:00", "elapsed": 544.104464, "delta": 2.504293}}
{"target": -61.185717864111325, "params": {"max_depth": 17.202608654187063, "n_estimators": 12.910111877499153, "random_state": 1.0}, "datetime": {"datetime": "2021-09-29 22:00:02", "elapsed": 546.60063, "delta": 2.496166}}
{"target": -57.615535514837745, "params": {"max_depth": 19.870490523032245, "n_estimators": 56.82181991430688, "random_state": 10.971479441726007}, "datetime": {"datetime": "2021-09-29 22:00:05", "elapsed": 548.954945, "delta": 2.354315}}
{"target": -56.899196552148744, "params": {"max_depth": 4.457846486463745, "n_estimators": 95.58559328257498, "random_state": 7.379317492149122}, "datetime": {"datetime": "2021-09-29 22:00:08", "elapsed": 552.235263, "delta": 3.280318}}
{"target": -64.32766143539855, "params": {"max_depth": 1.004469358915081, "n_estimators": 93.51638171008487, "random_state": 7.00882832350714}, "datetime": {"datetime": "2021-09-29 22:00:11", "elapsed": 555.394536, "delta": 3.159273}}
{"target": -56.93245937067125, "params": {"max_depth": 6.251829264496331, "n_estimators": 96.86518517103816, "random_state": 4.328055973415297}, "datetime": {"datetime": "2021-09-29 22:00:14", "elapsed": 558.193224, "delta": 2.798688}}
{"target": -60.54605165641691, "params": {"max_depth": 30.0, "n_estimators": 60.96013426654892, "random_state": 7.9590348478344195}, "datetime": {"datetime": "2021-09-29 22:00:17", "elapsed": 560.77244, "delta": 2.579216}}
{"target": -55.80771747722334, "params": {"max_depth": 6.362737027022969, "n_estimators": 89.47516646017964, "random_state": 8.58840787955116}, "datetime": {"datetime": "2021-09-29 22:00:20", "elapsed": 563.828255, "delta": 3.055815}}
{"target": -56.488959366797346, "params": {"max_depth": 5.846121626704797, "n_estimators": 93.00649811667944, "random_state": 8.883548666928595}, "datetime": {"datetime": "2021-09-29 22:00:23", "elapsed": 566.846495, "delta": 3.01824}}
{"target": -57.795643325142244, "params": {"max_depth": 26.13108520356082, "n_estimators": 56.18311840647058, "random_state": 6.0117282844525155}, "datetime": {"datetime": "2021-09-29 22:00:26", "elapsed": 570.068317, "delta": 3.221822}}
{"target": -57.69672044091491, "params": {"max_depth": 29.440696856981283, "n_estimators": 54.967293189193896, "random_state": 3.172107355281786}, "datetime": {"datetime": "2021-09-29 22:00:29", "elapsed": 572.769291, "delta": 2.700974}}
{"target": -57.92392302879941, "params": {"max_depth": 14.25697017276096, "n_estimators": 59.905219719891534, "random_state": 8.071248326514803}, "datetime": {"datetime": "2021-09-29 22:00:31", "elapsed": 575.651895, "delta": 2.882604}}
{"target": -56.27582255259005, "params": {"max_depth": 10.971926553561683, "n_estimators": 69.52304606720892, "random_state": 8.765510537519043}, "datetime": {"datetime": "2021-09-29 22:00:34", "elapsed": 578.0717, "delta": 2.419805}}
{"target": -57.211337549266375, "params": {"max_depth": 23.302998158914537, "n_estimators": 36.24570284307651, "random_state": 11.0}, "datetime": {"datetime": "2021-09-29 22:00:37", "elapsed": 581.143287, "delta": 3.071587}}
{"target": -56.57118536722382, "params": {"max_depth": 7.700414212136913, "n_estimators": 78.61354698406433, "random_state": 8.423951837319839}, "datetime": {"datetime": "2021-09-29 22:00:40", "elapsed": 584.471886, "delta": 3.328599}}
{"target": -60.60974769445819, "params": {"max_depth": 21.835265994847823, "n_estimators": 34.60718089857856, "random_state": 7.819425157668397}, "datetime": {"datetime": "2021-09-29 22:00:43", "elapsed": 586.915281, "delta": 2.443395}}
{"target": -55.8932783428567, "params": {"max_depth": 27.101854603080326, "n_estimators": 38.77892792435147, "random_state": 5.566813182673567}, "datetime": {"datetime": "2021-09-29 22:00:45", "elapsed": 589.522699, "delta": 2.607418}}
{"target": -59.88259768812361, "params": {"max_depth": 30.0, "n_estimators": 90.67779433701733, "random_state": 1.0}, "datetime": {"datetime": "2021-09-29 22:00:48", "elapsed": 592.519441, "delta": 2.996742}}
{"target": -60.23277261313682, "params": {"max_depth": 25.83286467569604, "n_estimators": 38.989402700087616, "random_state": 1.7980945868912481}, "datetime": {"datetime": "2021-09-29 22:00:51", "elapsed": 595.084124, "delta": 2.564683}}
{"target": -57.264359386244145, "params": {"max_depth": 18.72103713040133, "n_estimators": 39.92494587236758, "random_state": 11.0}, "datetime": {"datetime": "2021-09-29 22:00:53", "elapsed": 597.613943, "delta": 2.529819}}
{"target": -57.861992668464936, "params": {"max_depth": 18.85456134793911, "n_estimators": 96.49799569661215, "random_state": 9.63217827514052}, "datetime": {"datetime": "2021-09-29 22:00:56", "elapsed": 600.289269, "delta": 2.675326}}
{"target": -57.294047111290226, "params": {"max_depth": 8.265086253748384, "n_estimators": 60.92944409950768, "random_state": 11.0}, "datetime": {"datetime": "2021-09-29 22:00:59", "elapsed": 603.306315, "delta": 3.017046}}
{"target": -56.90319573038568, "params": {"max_depth": 6.99591860569592, "n_estimators": 54.014018410215904, "random_state": 11.0}, "datetime": {"datetime": "2021-09-29 22:01:01", "elapsed": 605.735893, "delta": 2.429578}}
{"target": -58.025169019517165, "params": {"max_depth": 27.63864944015696, "n_estimators": 88.5629037759375, "random_state": 11.0}, "datetime": {"datetime": "2021-09-29 22:01:05", "elapsed": 608.799337, "delta": 3.063444}}
{"target": -58.657962752581895, "params": {"max_depth": 13.922192792216993, "n_estimators": 82.29987945937756, "random_state": 4.859130246908947}, "datetime": {"datetime": "2021-09-29 22:01:08", "elapsed": 612.004007, "delta": 3.20467}}
{"target": -56.98089323592037, "params": {"max_depth": 12.722850632310752, "n_estimators": 92.70567005503165, "random_state": 10.962977020238265}, "datetime": {"datetime": "2021-09-29 22:01:11", "elapsed": 614.875017, "delta": 2.87101}}
{"target": -57.49497695211224, "params": {"max_depth": 9.065308906748538, "n_estimators": 29.148323751981227, "random_state": 10.862510639049637}, "datetime": {"datetime": "2021-09-29 22:01:13", "elapsed": 617.321341, "delta": 2.446324}}
{"target": -57.82090126122148, "params": {"max_depth": 14.430250726539242, "n_estimators": 30.850953113200273, "random_state": 8.708176911020708}, "datetime": {"datetime": "2021-09-29 22:01:16", "elapsed": 620.367595, "delta": 3.046254}}
{"target": -57.63608421712618, "params": {"max_depth": 7.853662642144995, "n_estimators": 22.922702658611776, "random_state": 10.123366279719239}, "datetime": {"datetime": "2021-09-29 22:01:18", "elapsed": 622.546581, "delta": 2.178986}}
{"target": -55.59140780239712, "params": {"max_depth": 4.760250875043892, "n_estimators": 99.08439537674202, "random_state": 6.098620287927325}, "datetime": {"datetime": "2021-09-29 22:01:21", "elapsed": 625.186094, "delta": 2.639513}}
{"target": -55.63991797317869, "params": {"max_depth": 5.490555873860067, "n_estimators": 97.46104925500738, "random_state": 9.066217656895711}, "datetime": {"datetime": "2021-09-29 22:01:23", "elapsed": 627.649523, "delta": 2.463429}}
