{"target": -57.268699502316665, "params": {"max_depth": 26.919185466225738, "n_estimators": 37.71010994697735, "random_state": 11.0}, "datetime": {"datetime": "2021-09-29 22:01:25", "elapsed": 629.581765, "delta": 1.932242}}
{"target": -55.10225392985746, "params": {"max_depth": 5.0589348398131015, "n_estimators": 75.46269320755937, "random_state": 3.754519813957779}, "datetime": {"datetime": "2021-09-29 22:01:28", "elapsed": 631.856148, "delta": 2.274383}}
{"target": -56.053704058209405, "params": {"max_depth": 5.844516332399773, "n_estimators": 97.6304656701691, "random_state": 6.991822210251984}, "datetime": {"datetime": "2021-09-29 22:01:30", "elapsed": 633.886306, "delta": 2.030158}}
{"target": -61.0115475107647, "params": {"max_depth": 13.783264512596016, "n_estimators": 42.010357461664015, "random_state": 1.0}, "datetime": {"datetime": "2021-09-29 22:01:32", "elapsed": 635.770218, "delta": 1.883912}}
{"target": -56.88365521476029, "params": {"max_depth": 5.4165877402463645, "n_estimators": 99.97039639433179, "random_state": 8.836717939222403}, "datetime": {"datetime": "2021-09-29 22:01:34", "elapsed": 637.805145, "delta": 2.034927}}
{"target": -55.381525992398494, "params": {"max_depth": 4.884953100183744, "n_estimators": 80.57946217891231, "random_state": 5.397782372124407}, "datetime": {"datetime": "2021-09-29 22:01:36", "elapsed": 639.834363, "delta": 2.029218}}
{"target": -55.73276645138981, "params": {"max_depth": 6.208608264450304, "n_estimators": 82.30747847080345, "random_state": 3.780592883383488}, "datetime": {"datetime": "2021-09-29 22:01:39", "elapsed": 642.778333, "delta": 2.94397}}
{"target": -55.47657611990463, "params": {"max_depth": 4.92586661012029, "n_estimators": 78.4212436392449, "random_state": 3.683355610390604}, "datetime": {"datetime": "2021-09-29 22:01:41", "elapsed": 644.875509, "delta": 2.097176}}
{"target": -55.80685084925897, "params": {"max_depth": 3.446967935479712, "n_estimators": 77.19868116457019, "random_state": 4.7975422771091125}, "datetime": {"datetime": "2021-09-29 22:01:43", "elapsed": 647.255993, "delta": 2.380484}}
{"target": -57.47407132680603, "params": {"max_depth": 8.398598548834702, "n_estimators": 83.80525673487686, "random_state": 4.760685325306372}, "datetime": {"datetime": "2021-09-29 22:01:46", "elapsed": 649.959298, "delta": 2.703305}}
{"target": -55.83531943765251, "params": {"max_depth": 3.485414595942536, "n_estimators": 82.22795558666992, "random_state": 4.623173870539174}, "datetime": {"datetime": "2021-09-29 22:01:48", "elapsed": 652.110126, "delta": 2.150828}}
{"target": -57.38780605948004, "params": {"max_depth": 18.272419677472183, "n_estimators": 34.72985053303604, "random_state": 4.552579280047816}, "datetime": {"datetime": "2021-09-29 22:01:50", "elapsed": 654.034272, "delta": 1.924146}}
{"target": -56.50249619585323, "params": {"max_depth": 6.387780792503348, "n_estimators": 50.64846079175337, "random_state": 3.6901015314834154}, "datetime": {"datetime": "2021-09-29 22:01:52", "elapsed": 656.228811, "delta": 2.194539}}
{"target": -57.60180247759858, "params": {"max_depth": 15.193649579538157, "n_estimators": 70.72143065826357, "random_state": 5.482986791451226}, "datetime": {"datetime": "2021-09-29 22:01:54", "elapsed": 658.621975, "delta": 2.393164}}
{"target": -56.882529694464225, "params": {"max_depth": 19.577019102091803, "n_estimators": 20.438496489068406, "random_state": 4.859200526424315}, "datetime": {"datetime": "2021-09-29 22:01:57", "elapsed": 661.086254, "delta": 2.464279}}
{"target": -55.604112435512846, "params": {"max_depth": 4.4671781597897695, "n_estimators": 57.832990516009545, "random_state": 3.167362296004737}, "datetime": {"datetime": "2021-09-29 22:01:59", "elapsed": 663.381863, "delta": 2.295609}}
{"target": -60.083457981000535, "params": {"max_depth": 18.0809896056604, "n_estimators": 22.352669238252535, "random_state": 2.4753877059022478}, "datetime": {"datetime": "2021-09-29 22:02:01", "elapsed": 665.316136, "delta": 1.934273}}
{"target": -88.59692539708507, "params": {"max_depth": 30.0, "n_estimators": 1.0, "random_state": 1.0}, "datetime": {"datetime": "2021-09-29 22:02:03", "elapsed": 667.667333, "delta": 2.351197}}
{"target": -61.4740585284647, "params": {"max_depth": 1.0, "n_estimators": 12.532881902882242, "random_state": 7.0017383486296}, "datetime": {"datetime": "2021-09-29 22:02:05", "elapsed": 669.704681, "delta": 2.037348}}
{"target": -56.34015194419333, "params": {"max_depth": 20.761091313951887, "n_estimators": 16.826057729450152, "random_state": 5.274709298037248}, "datetime": {"datetime": "2021-09-29 22:02:08", "elapsed": 672.623003, "delta": 2.918322}}
{"target": -56.096295440880276, "params": {"max_depth": 17.476065084384015, "n_estimators": 17.008667548456344, "random_state": 5.46304852762737}, "datetime": {"datetime": "2021-09-29 22:02:10", "elapsed": 674.712884, "delta": 2.089881}}
{"target": -60.13068088781104, "params": {"max_depth": 14.045737139592765, "n_estimators": 16.527389035626594, "random_state": 6.225213715827019}, "datetime": {"datetime": "2021-09-29 22:02:13", "elapsed": 676.792004, "delta": 2.07912}}
{"target": -64.50723805675065, "params": {"max_depth": 19.246522905199715, "n_estimators": 17.60004364164846, "random_state": 7.232336623879516}, "datetime": {"datetime": "2021-09-29 22:02:15", "elapsed": 678.881421, "delta": 2.089417}}
{"target": -60.040369838178506, "params": {"max_depth": 18.742617205705653, "n_estimators": 16.031987918710257, "random_state": 3.569496595347877}, "datetime": {"datetime": "2021-09-29 22:02:17", "elapsed": 681.209946, "delta": 2.328525}}
{"target": -58.398460477725266, "params": {"max_depth": 23.92058110455753, "n_estimators": 17.422292956594962, "random_state": 4.282698066516449}, "datetime": {"datetime": "2021-09-29 22:02:20", "elapsed": 684.217156, "delta": 3.00721}}
{"target": -57.166986238655745, "params": {"max_depth": 16.79695866329765, "n_estimators": 18.164070834124097, "random_state": 4.438877197368873}, "datetime": {"datetime": "2021-09-29 22:02:22", "elapsed": 686.618069, "delta": 2.400913}}
{"target": -56.78990920622846, "params": {"max_depth": 21.16475560724313, "n_estimators": 19.43069291153264, "random_state": 4.195887827472868}, "datetime": {"datetime": "2021-09-29 22:02:25", "elapsed": 689.368699, "delta": 2.75063}}
{"target": -61.22081449918774, "params": {"max_depth": 6.915274833092927, "n_estimators": 10.592193889789339, "random_state": 1.0}, "datetime": {"datetime": "2021-09-29 22:02:27", "elapsed": 691.380993, "delta": 2.012294}}
{"target": -56.304293064579916, "params": {"max_depth": 23.019611189597, "n_estimators": 13.251926379569118, "random_state": 5.91236140044258}, "datetime": {"datetime": "2021-09-29 22:02:29", "elapsed": 693.343849, "delta": 1.962856}}
{"target": -57.3192188700922, "params": {"max_depth": 22.282588780369824, "n_estimators": 10.18916549828851, "random_state": 6.261279930635588}, "datetime": {"datetime": "2021-09-29 22:02:31", "elapsed": 695.568633, "delta": 2.224784}}
{"target": -57.35242923992529, "params": {"max_depth": 25.987784895966485, "n_estimators": 11.411246858987077, "random_state": 5.370690757877394}, "datetime": {"datetime": "2021-09-29 22:02:34", "elapsed": 697.88893, "delta": 2.320297}}
{"target": -64.21038225584873, "params": {"max_depth": 21.03016250642709, "n_estimators": 6.641827872258817, "random_state": 10.873150064139448}, "datetime": {"datetime": "2021-09-29 22:02:36", "elapsed": 700.10722, "delta": 2.21829}}
{"target": -59.870313879920836, "params": {"max_depth": 22.635029421996805, "n_estimators": 85.70922718686518, "random_state": 7.8869668895602745}, "datetime": {"datetime": "2021-09-29 22:02:38", "elapsed": 702.347016, "delta": 2.239796}}
{"target": -57.727096777292516, "params": {"max_depth": 17.47454978940397, "n_estimators": 88.21924784865801, "random_state": 10.966163849829652}, "datetime": {"datetime": "2021-09-29 22:02:41", "elapsed": 705.735622, "delta": 3.388606}}
{"target": -67.06806374251039, "params": {"max_depth": 1.0, "n_estimators": 1.0, "random_state": 1.0}, "datetime": {"datetime": "2021-09-29 22:02:44", "elapsed": 707.797646, "delta": 2.062024}}
{"target": -57.74709848292403, "params": {"max_depth": 15.43283547133514, "n_estimators": 58.11798321697192, "random_state": 2.3420670422748113}, "datetime": {"datetime": "2021-09-29 22:02:48", "elapsed": 711.797811, "delta": 4.000165}}
{"target": -56.863022860128254, "params": {"max_depth": 3.4109272602499137, "n_estimators": 62.316594335920726, "random_state": 5.697338552022185}, "datetime": {"datetime": "2021-09-29 22:02:50", "elapsed": 714.369448, "delta": 2.571637}}
{"target": -57.80626679573197, "params": {"max_depth": 2.5515047079341677, "n_estimators": 58.65843499271238, "random_state": 6.674110716667259}, "datetime": {"datetime": "2021-09-29 22:02:52", "elapsed": 716.616401, "delta": 2.246953}}
{"target": -57.45347564202026, "params": {"max_depth": 5.340492883045209, "n_estimators": 82.33423967707799, "random_state": 1.0}, "datetime": {"datetime": "2021-09-29 22:02:55", "elapsed": 719.274355, "delta": 2.657954}}
{"target": -58.12117328015022, "params": {"max_depth": 12.940135051597228, "n_estimators": 91.48605341899011, "random_state": 5.422706969263712}, "datetime": {"datetime": "2021-09-29 22:02:59", "elapsed": 723.165068, "delta": 3.890713}}
{"target": -58.02296572249778, "params": {"max_depth": 18.26234217528341, "n_estimators": 78.28103536788329, "random_state": 10.821393695684147}, "datetime": {"datetime": "2021-09-29 22:03:02", "elapsed": 726.10755, "delta": 2.942482}}
{"target": -58.19470985565391, "params": {"max_depth": 22.041754569694323, "n_estimators": 67.69809805223588, "random_state": 11.0}, "datetime": {"datetime": "2021-09-29 22:03:05", "elapsed": 728.877629, "delta": 2.770079}}
{"target": -55.02684029073652, "params": {"max_depth": 5.276588020063543, "n_estimators": 100.0, "random_state": 3.8287652447920992}, "datetime": {"datetime": "2021-09-29 22:03:07", "elapsed": 731.526973, "delta": 2.649344}}
{"target": -55.11611864988358, "params": {"max_depth": 4.636766573788835, "n_estimators": 53.82663767855595, "random_state": 4.098777895574082}, "datetime": {"datetime": "2021-09-29 22:03:09", "elapsed": 733.555977, "delta": 2.029004}}
{"target": -56.35978904385826, "params": {"max_depth": 3.131759399794086, "n_estimators": 52.26230362122214, "random_state": 5.809570582575468}, "datetime": {"datetime": "2021-09-29 22:03:11", "elapsed": 735.661955, "delta": 2.105978}}
{"target": -57.69712346819871, "params": {"max_depth": 15.705076465866266, "n_estimators": 96.65118806097115, "random_state": 3.55215420048317}, "datetime": {"datetime": "2021-09-29 22:03:15", "elapsed": 739.019479, "delta": 3.357524}}
{"target": -59.691232759399284, "params": {"max_depth": 19.717578926425062, "n_estimators": 95.26919778899654, "random_state": 1.0}, "datetime": {"datetime": "2021-09-29 22:03:18", "elapsed": 742.101915, "delta": 3.082436}}
{"target": -57.85636033931806, "params": {"max_depth": 15.249090436676475, "n_estimators": 83.12829559952719, "random_state": 10.926317624491416}, "datetime": {"datetime": "2021-09-29 22:03:21", "elapsed": 745.241056, "delta": 3.139141}}
{"target": -59.01851716531495, "params": {"max_depth": 12.081204489427952, "n_estimators": 72.09231297699438, "random_state": 11.0}, "datetime": {"datetime": "2021-09-29 22:03:24", "elapsed": 747.811277, "delta": 2.570221}}
{"target": -60.456183481871705, "params": {"max_depth": 30.0, "n_estimators": 54.03256942805076, "random_state": 7.769027453802461}, "datetime": {"datetime": "2021-09-29 22:03:26", "elapsed": 750.66878, "delta": 2.857503}}
{"target": -58.06968548341369, "params": {"max_depth": 27.05452936495466, "n_estimators": 50.784863635080356, "random_state": 3.441285809872663}, "datetime": {"datetime": "2021-09-29 22:03:29", "elapsed": 753.72212, "delta": 3.05334}}
{"target": -56.99375336071305, "params": {"max_depth": 16.079112063479997, "n_estimators": 71.32288475034883, "random_state": 8.821590666527136}, "datetime": {"datetime": "2021-09-29 22:03:33", "elapsed": 756.852582, "delta": 3.130462}}
{"target": -61.36057969258817, "params": {"max_depth": 23.30256769686109, "n_estimators": 10.158576468942533, "random_state": 3.5638127357449796}, "datetime": {"datetime": "2021-09-29 22:03:35", "elapsed": 759.562208, "delta": 2.709626}}
{"target": -60.01381976632896, "params": {"max_depth": 24.3647920976143, "n_estimators": 12.774584161058849, "random_state": 8.712900032061302}, "datetime": {"datetime": "2021-09-29 22:03:39", "elapsed": 762.797389, "delta": 3.235181}}
{"target": -59.73206708666709, "params": {"max_depth": 29.967920741362676, "n_estimators": 12.158429392054023, "random_state": 4.017191695605916}, "datetime": {"datetime": "2021-09-29 22:03:42", "elapsed": 765.823982, "delta": 3.026593}}
{"target": -57.75739836642683, "params": {"max_depth": 2.644915115589436, "n_estimators": 81.9361189906049, "random_state": 6.895845497858278}, "datetime": {"datetime": "2021-09-29 22:03:45", "elapsed": 769.097158, "delta": 3.273176}}
{"target": -58.06601361313975, "params": {"max_depth": 18.544774788117145, "n_estimators": 65.7712273767114, "random_state": 10.969491302410802}, "datetime": {"datetime": "2021-09-29 22:03:48", "elapsed": 772.219388, "delta": 3.12223}}
{"target": -58.320913709181774, "params": {"max_depth": 11.837820879104292, "n_estimators": 67.33321992255775, "random_state": 11.0}, "datetime": {"datetime": "2021-09-29 22:03:52", "elapsed": 776.616048, "delta": 4.39666}}
{"target": -56.47811526448645, "params": {"max_depth": 4.6680880188102964, "n_estimators": 84.82920440979423, "random_state": 1.0011437481734489}, "datetime": {"datetime": "2021-09-29 22:10:08", "elapsed": 0.0, "delta": 0.0}}
{"target": -57.71372803860315, "params": {"max_depth": 4.209330290527359, "n_estimators": 33.20803017354017, "random_state": 1.923385947687978}, "datetime": {"datetime": "2021-09-29 22:10:09", "elapsed": 0.114957, "delta": 0.114957}}
{"target": -55.14208342054753, "params": {"max_depth": 3.7450408455106836, "n_estimators": 51.1004654338743, "random_state": 4.967674742306699}, "datetime": {"datetime": "2021-09-29 22:10:09", "elapsed": 0.31896, "delta": 0.204003}}
{"target": -59.01449826678116, "params": {"max_depth": 5.155266936013428, "n_estimators": 57.72750629629653, "random_state": 7.852195003967595}, "datetime": {"datetime": "2021-09-29 22:10:09", "elapsed": 0.567964, "delta": 0.249004}}
{"target": -56.99163668248753, "params": {"max_depth": 3.8178089989260697, "n_estimators": 99.03056927518509, "random_state": 1.2738759319792616}, "datetime": {"datetime": "2021-09-29 22:10:09", "elapsed": 0.952999, "delta": 0.385035}}
{"target": -56.45696836338997, "params": {"max_depth": 3.584238736463828, "n_estimators": 50.975465097153716, "random_state": 5.258884188338703}, "datetime": {"datetime": "2021-09-29 22:10:10", "elapsed": 1.171319, "delta": 0.21832}}
{"target": -56.3678131304043, "params": {"max_depth": 3.638615069075652, "n_estimators": 51.59801574706006, "random_state": 5.228377378517405}, "datetime": {"datetime": "2021-09-29 22:10:10", "elapsed": 1.42731, "delta": 0.255991}}
{"target": -55.4915843316664, "params": {"max_depth": 3.6903018227456963, "n_estimators": 50.681509922149175, "random_state": 4.674904411963667}, "datetime": {"datetime": "2021-09-29 22:10:10", "elapsed": 1.673331, "delta": 0.246021}}
{"target": -56.749938967827354, "params": {"max_depth": 3.910059472018678, "n_estimators": 34.00309976493957, "random_state": 10.473034510771672}, "datetime": {"datetime": "2021-09-29 22:10:10", "elapsed": 1.843339, "delta": 0.170008}}
{"target": -56.72272314373987, "params": {"max_depth": 5.905024207524881, "n_estimators": 85.57508124656228, "random_state": 2.946880315822752}, "datetime": {"datetime": "2021-09-29 22:10:11", "elapsed": 2.285341, "delta": 0.442002}}
{"target": -55.14208342054753, "params": {"max_depth": 3.996082318074077, "n_estimators": 51.16912191544698, "random_state": 4.56721925156128}, "datetime": {"datetime": "2021-09-29 22:10:11", "elapsed": 2.635336, "delta": 0.349995}}
{"target": -55.78360331592525, "params": {"max_depth": 6.821782302164781, "n_estimators": 79.76642742578429, "random_state": 5.707206399291824}, "datetime": {"datetime": "2021-09-29 22:10:12", "elapsed": 3.076561, "delta": 0.441225}}
{"target": -56.123791488690486, "params": {"max_depth": 4.954930891499413, "n_estimators": 95.70608063590466, "random_state": 10.790684383645772}, "datetime": {"datetime": "2021-09-29 22:10:12", "elapsed": 3.551553, "delta": 0.474992}}
{"target": -55.14208342054753, "params": {"max_depth": 3.1611419642672973, "n_estimators": 51.16970803124062, "random_state": 4.400411992665095}, "datetime": {"datetime": "2021-09-29 22:10:12", "elapsed": 3.773554, "delta": 0.222001}}
{"target": -55.69184838263984, "params": {"max_depth": 3.7427601668498585, "n_estimators": 51.71501497638896, "random_state": 3.8999513620905457}, "datetime": {"datetime": "2021-09-29 22:10:13", "elapsed": 4.246232, "delta": 0.472678}}
{"target": -55.936854109209435, "params": {"max_depth": 5.708446105070634, "n_estimators": 69.31199384333652, "random_state": 4.832091671387047}, "datetime": {"datetime": "2021-09-29 22:10:13", "elapsed": 4.670233, "delta": 0.424001}}
{"target": -54.64588867299367, "params": {"max_depth": 3.5630244040123413, "n_estimators": 32.544160120844985, "random_state": 4.168323118512143}, "datetime": {"datetime": "2021-09-29 22:10:13", "elapsed": 4.844238, "delta": 0.174005}}
{"target": -56.49392950715782, "params": {"max_depth": 4.0960018707365515, "n_estimators": 88.79135634431339, "random_state": 1.6687054566031503}, "datetime": {"datetime": "2021-09-29 22:10:14", "elapsed": 5.304677, "delta": 0.460439}}
{"target": -55.463758717389545, "params": {"max_depth": 6.757318237434487, "n_estimators": 105.49541496569395, "random_state": 3.7913142374080637}, "datetime": {"datetime": "2021-09-29 22:10:14", "elapsed": 5.940666, "delta": 0.635989}}
{"target": -57.13986552874694, "params": {"max_depth": 5.392808073579033, "n_estimators": 30.14318515785504, "random_state": 2.167775096844278}, "datetime": {"datetime": "2021-09-29 22:10:15", "elapsed": 6.259329, "delta": 0.318663}}
{"target": -58.62431329837159, "params": {"max_depth": 5.454498642871535, "n_estimators": 70.16527060770436, "random_state": 7.536069203017798}, "datetime": {"datetime": "2021-09-29 22:10:15", "elapsed": 6.795438, "delta": 0.536109}}
{"target": -57.338533443612526, "params": {"max_depth": 3.0672506601170495, "n_estimators": 43.25211532979165, "random_state": 9.005847056942624}, "datetime": {"datetime": "2021-09-29 22:10:15", "elapsed": 7.013718, "delta": 0.21828}}
{"target": -56.051610111224136, "params": {"max_depth": 4.24930415291709, "n_estimators": 69.1632524658832, "random_state": 9.26758262967855}, "datetime": {"datetime": "2021-09-29 22:10:16", "elapsed": 7.328683, "delta": 0.314965}}
{"target": -54.64588867299367, "params": {"max_depth": 3.3906975072635768, "n_estimators": 32.39548362049137, "random_state": 4.739507699395123}, "datetime": {"datetime": "2021-09-29 22:10:16", "elapsed": 7.886681, "delta": 0.557998}}
{"target": -55.09587916098565, "params": {"max_depth": 3.732004983259796, "n_estimators": 33.03529334849322, "random_state": 4.680764108040113}, "datetime": {"datetime": "2021-09-29 22:10:17", "elapsed": 8.239682, "delta": 0.353001}}
{"target": -54.81206453627819, "params": {"max_depth": 4.0978410951918915, "n_estimators": 32.156029480770705, "random_state": 4.563820843955145}, "datetime": {"datetime": "2021-09-29 22:10:17", "elapsed": 8.673715, "delta": 0.434033}}
{"target": -54.404794561194805, "params": {"max_depth": 3.3697869027195355, "n_estimators": 31.67538776196827, "random_state": 4.226533388727841}, "datetime": {"datetime": "2021-09-29 22:10:17", "elapsed": 9.015652, "delta": 0.341937}}
{"target": -56.45333740351825, "params": {"max_depth": 3.4603513690837566, "n_estimators": 31.34444894715726, "random_state": 5.027495869769413}, "datetime": {"datetime": "2021-09-29 22:10:18", "elapsed": 9.42665, "delta": 0.410998}}
{"target": -56.07413413881761, "params": {"max_depth": 3.8199222969288495, "n_estimators": 31.77426478645434, "random_state": 3.666476434251565}, "datetime": {"datetime": "2021-09-29 22:10:18", "elapsed": 9.773691, "delta": 0.347041}}
{"target": -55.21403166594734, "params": {"max_depth": 4.754933236982849, "n_estimators": 33.076656837800854, "random_state": 4.9706924868070566}, "datetime": {"datetime": "2021-09-29 22:10:19", "elapsed": 10.104648, "delta": 0.330957}}
{"target": -54.81206453627819, "params": {"max_depth": 4.492309706623061, "n_estimators": 32.87669605425617, "random_state": 4.131871200499957}, "datetime": {"datetime": "2021-09-29 22:10:19", "elapsed": 10.419653, "delta": 0.315005}}
{"target": -55.75254460132383, "params": {"max_depth": 5.386390358591211, "n_estimators": 33.417703107733495, "random_state": 4.187046506504881}, "datetime": {"datetime": "2021-09-29 22:10:19", "elapsed": 10.77265, "delta": 0.352997}}
{"target": -55.59491741165433, "params": {"max_depth": 5.100513974513611, "n_estimators": 32.272971834340375, "random_state": 4.497287344846791}, "datetime": {"datetime": "2021-09-29 22:10:20", "elapsed": 11.101428, "delta": 0.328778}}
{"target": -55.21403166594734, "params": {"max_depth": 4.183209445883044, "n_estimators": 33.75814545155847, "random_state": 4.077085991207243}, "datetime": {"datetime": "2021-09-29 22:10:20", "elapsed": 11.663427, "delta": 0.561999}}
{"target": -55.09587916098565, "params": {"max_depth": 3.0513303898403477, "n_estimators": 33.753159602665946, "random_state": 4.171370961460599}, "datetime": {"datetime": "2021-09-29 22:10:21", "elapsed": 12.235423, "delta": 0.571996}}
{"target": -55.20403625831991, "params": {"max_depth": 3.60961892625462, "n_estimators": 34.31557848324155, "random_state": 4.9728498479606875}, "datetime": {"datetime": "2021-09-29 22:10:21", "elapsed": 12.657428, "delta": 0.422005}}
