{"target": -55.5687878362616, "params": {"max_depth": 5.676989349547872, "n_estimators": 43.33482165002823, "random_state": 3.2020598078210156}, "datetime": {"datetime": "2021-09-29 22:14:57", "elapsed": 394.178965, "delta": 2.073206}}
{"target": -56.86361347351506, "params": {"max_depth": 2.0, "n_estimators": 21.985968998224127, "random_state": 11.0}, "datetime": {"datetime": "2021-09-29 22:14:59", "elapsed": 396.111199, "delta": 1.932234}}
{"target": -55.08663586228925, "params": {"max_depth": 3.9318318802837675, "n_estimators": 77.5786614714003, "random_state": 4.335791083418198}, "datetime": {"datetime": "2021-09-29 22:15:01", "elapsed": 398.135174, "delta": 2.023975}}
{"target": -55.046398505712915, "params": {"max_depth": 4.929008192927021, "n_estimators": 73.72956268269427, "random_state": 4.626126373225745}, "datetime": {"datetime": "2021-09-29 22:15:03", "elapsed": 399.834609, "delta": 1.699435}}
{"target": -53.964290416482264, "params": {"max_depth": 4.765799120163321, "n_estimators": 77.05133417383233, "random_state": 3.477501284249475}, "datetime": {"datetime": "2021-09-29 22:15:06", "elapsed": 402.371434, "delta": 2.536825}}
{"target": -55.72113584796752, "params": {"max_depth": 3.7951456206448118, "n_estimators": 32.69510675704095, "random_state": 5.095113772922371}, "datetime": {"datetime": "2021-09-29 22:15:07", "elapsed": 404.133791, "delta": 1.762357}}
{"target": -57.37839537867655, "params": {"max_depth": 2.0, "n_estimators": 45.29475316635829, "random_state": 7.996591810172213}, "datetime": {"datetime": "2021-09-29 22:15:09", "elapsed": 406.145661, "delta": 2.01187}}
{"target": -55.171659713343004, "params": {"max_depth": 5.464710226854623, "n_estimators": 52.70746743927133, "random_state": 2.090146215959363}, "datetime": {"datetime": "2021-09-29 22:15:11", "elapsed": 407.999824, "delta": 1.854163}}
{"target": -54.92570695691883, "params": {"max_depth": 5.33750247543774, "n_estimators": 39.1281628643119, "random_state": 5.380936536869413}, "datetime": {"datetime": "2021-09-29 22:15:13", "elapsed": 409.829782, "delta": 1.829958}}
{"target": -57.9859396634973, "params": {"max_depth": 6.967577711004566, "n_estimators": 79.00783190232256, "random_state": 7.563706439089269}, "datetime": {"datetime": "2021-09-29 22:15:15", "elapsed": 411.818605, "delta": 1.988823}}
{"target": -54.99414582171558, "params": {"max_depth": 4.510257289937459, "n_estimators": 57.931816657366014, "random_state": 4.299328590470557}, "datetime": {"datetime": "2021-09-29 22:15:17", "elapsed": 414.31042, "delta": 2.491815}}
{"target": -55.91020803243434, "params": {"max_depth": 5.0625130908473075, "n_estimators": 85.37190712835994, "random_state": 9.95563339224816}, "datetime": {"datetime": "2021-09-29 22:15:19", "elapsed": 416.063853, "delta": 1.753433}}
{"target": -54.68429298913715, "params": {"max_depth": 4.2100081757148535, "n_estimators": 44.9673045028899, "random_state": 3.7351723180919016}, "datetime": {"datetime": "2021-09-29 22:15:21", "elapsed": 417.781204, "delta": 1.717351}}
{"target": -53.67468727851269, "params": {"max_depth": 4.372431795912562, "n_estimators": 84.26570851990633, "random_state": 3.5968981718675956}, "datetime": {"datetime": "2021-09-29 22:15:24", "elapsed": 420.403153, "delta": 2.621949}}
{"target": -55.97135210573466, "params": {"max_depth": 4.951681566929652, "n_estimators": 69.37386855878026, "random_state": 10.972840493442266}, "datetime": {"datetime": "2021-09-29 22:15:26", "elapsed": 422.813562, "delta": 2.410409}}
{"target": -53.96845390406578, "params": {"max_depth": 4.2913419366173855, "n_estimators": 75.74551509231398, "random_state": 3.912313517909408}, "datetime": {"datetime": "2021-09-29 22:15:28", "elapsed": 424.96937, "delta": 2.155808}}
{"target": -53.877901947015935, "params": {"max_depth": 4.440545107240292, "n_estimators": 86.57864274226895, "random_state": 3.477746139731554}, "datetime": {"datetime": "2021-09-29 22:15:30", "elapsed": 426.857698, "delta": 1.888328}}
{"target": -54.32155047657863, "params": {"max_depth": 3.064794164715171, "n_estimators": 34.63820567642896, "random_state": 4.814863967708995}, "datetime": {"datetime": "2021-09-29 22:15:32", "elapsed": 428.75781, "delta": 1.900112}}
{"target": -56.10079989713586, "params": {"max_depth": 3.4510976008063565, "n_estimators": 34.804600531832, "random_state": 3.827792117565118}, "datetime": {"datetime": "2021-09-29 22:15:34", "elapsed": 430.778592, "delta": 2.020782}}
{"target": -55.50892294802088, "params": {"max_depth": 3.3058359318689066, "n_estimators": 35.159893600239904, "random_state": 5.610333207803592}, "datetime": {"datetime": "2021-09-29 22:15:36", "elapsed": 432.968816, "delta": 2.190224}}
{"target": -57.0039533132005, "params": {"max_depth": 2.167982577654007, "n_estimators": 33.65478610048707, "random_state": 5.006134749063431}, "datetime": {"datetime": "2021-09-29 22:15:38", "elapsed": 434.515144, "delta": 1.546328}}
{"target": -54.65622656432121, "params": {"max_depth": 4.464489762419804, "n_estimators": 23.035315507744063, "random_state": 2.2411931167470507}, "datetime": {"datetime": "2021-09-29 22:15:39", "elapsed": 436.2194, "delta": 1.704256}}
{"target": -54.54865020413412, "params": {"max_depth": 4.347488306562804, "n_estimators": 24.262948388836236, "random_state": 3.549222648357513}, "datetime": {"datetime": "2021-09-29 22:15:41", "elapsed": 437.888577, "delta": 1.669177}}
{"target": -55.58771864787453, "params": {"max_depth": 3.5579227686740595, "n_estimators": 23.20848558882542, "random_state": 3.9540264719785405}, "datetime": {"datetime": "2021-09-29 22:15:43", "elapsed": 440.234964, "delta": 2.346387}}
{"target": -54.73408788160703, "params": {"max_depth": 7.0, "n_estimators": 35.569780630840796, "random_state": 2.0}, "datetime": {"datetime": "2021-09-29 22:15:46", "elapsed": 442.457248, "delta": 2.222284}}
{"target": -53.414838341083396, "params": {"max_depth": 3.9717204354099365, "n_estimators": 25.779580588147738, "random_state": 4.356477519233464}, "datetime": {"datetime": "2021-09-29 22:15:48", "elapsed": 444.673688, "delta": 2.21644}}
{"target": -53.66825350265009, "params": {"max_depth": 3.570220441433844, "n_estimators": 26.62695494575187, "random_state": 4.66142185360288}, "datetime": {"datetime": "2021-09-29 22:15:49", "elapsed": 446.3188, "delta": 1.645112}}
{"target": -53.414838341083396, "params": {"max_depth": 3.2089235024856078, "n_estimators": 25.62718852276006, "random_state": 4.931710998374034}, "datetime": {"datetime": "2021-09-29 22:15:52", "elapsed": 448.346075, "delta": 2.027275}}
{"target": -55.120788077215444, "params": {"max_depth": 3.964186519795637, "n_estimators": 25.973395634248682, "random_state": 5.32513088931262}, "datetime": {"datetime": "2021-09-29 22:15:54", "elapsed": 451.1799, "delta": 2.833825}}
{"target": -53.414838341083396, "params": {"max_depth": 3.0472721600829855, "n_estimators": 25.98365632029608, "random_state": 4.071080834176897}, "datetime": {"datetime": "2021-09-29 22:15:57", "elapsed": 453.431707, "delta": 2.251807}}
{"target": -53.414838341083396, "params": {"max_depth": 3.3358378580878485, "n_estimators": 25.09517467911792, "random_state": 4.283306848475418}, "datetime": {"datetime": "2021-09-29 22:15:58", "elapsed": 455.310688, "delta": 1.878981}}
{"target": -55.716578006582, "params": {"max_depth": 3.9218049808349438, "n_estimators": 26.460719644413967, "random_state": 3.850816261453918}, "datetime": {"datetime": "2021-09-29 22:16:00", "elapsed": 457.31655, "delta": 2.005862}}
{"target": -54.93014731130299, "params": {"max_depth": 2.5864144037310357, "n_estimators": 26.432925975302695, "random_state": 4.475854614572862}, "datetime": {"datetime": "2021-09-29 22:16:03", "elapsed": 460.151842, "delta": 2.835292}}
{"target": -53.414838341083396, "params": {"max_depth": 3.1111720100727696, "n_estimators": 25.498733876929524, "random_state": 4.576018572514736}, "datetime": {"datetime": "2021-09-29 22:16:06", "elapsed": 462.693492, "delta": 2.54165}}
{"target": -53.82048490232357, "params": {"max_depth": 4.034018863991323, "n_estimators": 24.941794612688717, "random_state": 4.686326860138368}, "datetime": {"datetime": "2021-09-29 22:16:08", "elapsed": 464.547238, "delta": 1.853746}}
{"target": -55.41426197803558, "params": {"max_depth": 3.981320903770785, "n_estimators": 25.038658484091243, "random_state": 3.7093228956996263}, "datetime": {"datetime": "2021-09-29 22:16:10", "elapsed": 466.6216, "delta": 2.074362}}
{"target": -53.66825350265009, "params": {"max_depth": 3.293712733545193, "n_estimators": 26.14974073704601, "random_state": 4.382870867824702}, "datetime": {"datetime": "2021-09-29 22:16:12", "elapsed": 468.507734, "delta": 1.886134}}
{"target": -53.172284705519516, "params": {"max_depth": 3.0235066014642897, "n_estimators": 24.775148185507355, "random_state": 4.795795499988702}, "datetime": {"datetime": "2021-09-29 22:16:14", "elapsed": 470.720596, "delta": 2.212862}}
{"target": -55.99454797485438, "params": {"max_depth": 2.825137649992852, "n_estimators": 25.11350312359878, "random_state": 5.61047761644759}, "datetime": {"datetime": "2021-09-29 22:16:16", "elapsed": 472.764135, "delta": 2.043539}}
{"target": -54.14749992744109, "params": {"max_depth": 2.464047026151002, "n_estimators": 24.23045907768201, "random_state": 4.400512286414774}, "datetime": {"datetime": "2021-09-29 22:16:18", "elapsed": 474.535897, "delta": 1.771762}}
{"target": -53.414838341083396, "params": {"max_depth": 3.701776926776783, "n_estimators": 25.417723843872672, "random_state": 4.7354227850815445}, "datetime": {"datetime": "2021-09-29 22:16:19", "elapsed": 476.310451, "delta": 1.774554}}
{"target": -55.05225438717913, "params": {"max_depth": 3.7399762214965855, "n_estimators": 27.64379945015313, "random_state": 5.187714214221498}, "datetime": {"datetime": "2021-09-29 22:16:21", "elapsed": 478.083594, "delta": 1.773143}}
{"target": -53.172284705519516, "params": {"max_depth": 3.5243304150382437, "n_estimators": 24.658616441008107, "random_state": 4.633184616695766}, "datetime": {"datetime": "2021-09-29 22:16:23", "elapsed": 480.262583, "delta": 2.178989}}
{"target": -54.5612797939708, "params": {"max_depth": 2.344299424824323, "n_estimators": 25.347452286306616, "random_state": 4.054233514558413}, "datetime": {"datetime": "2021-09-29 22:16:25", "elapsed": 482.06145, "delta": 1.798867}}
{"target": -53.172284705519516, "params": {"max_depth": 3.247196286180314, "n_estimators": 24.14033801917993, "random_state": 4.586960994188908}, "datetime": {"datetime": "2021-09-29 22:16:27", "elapsed": 483.862811, "delta": 1.801361}}
{"target": -55.156672314088176, "params": {"max_depth": 3.652929210571315, "n_estimators": 23.9816977508867, "random_state": 5.112229430396082}, "datetime": {"datetime": "2021-09-29 22:16:29", "elapsed": 485.710436, "delta": 1.847625}}
{"target": -53.172284705519516, "params": {"max_depth": 3.06664474461853, "n_estimators": 24.488566760730862, "random_state": 4.624942236411446}, "datetime": {"datetime": "2021-09-29 22:16:31", "elapsed": 487.947368, "delta": 2.236932}}
{"target": -55.557742889625025, "params": {"max_depth": 3.2630340584281132, "n_estimators": 24.073527211559078, "random_state": 3.8700608327328596}, "datetime": {"datetime": "2021-09-29 22:16:33", "elapsed": 490.185812, "delta": 2.238444}}
{"target": -55.34519126238653, "params": {"max_depth": 4.08511002351287, "n_estimators": 27.20324493442158, "random_state": 2.002058746712208}, "datetime": {"datetime": "2021-09-29 22:26:00", "elapsed": 0.0, "delta": 0.0}}
{"target": -55.96037685898882, "params": {"max_depth": 3.5116628631591986, "n_estimators": 21.46755890817113, "random_state": 3.6620947058383604}, "datetime": {"datetime": "2021-09-29 22:26:00", "elapsed": 0.052999, "delta": 0.052999}}
{"target": -59.053770159298644, "params": {"max_depth": 2.9313010568883544, "n_estimators": 23.455607270430477, "random_state": 9.141814536152058}, "datetime": {"datetime": "2021-09-29 22:26:00", "elapsed": 0.106998, "delta": 0.053999}}
{"target": -56.743629304518215, "params": {"max_depth": 4.694083670016784, "n_estimators": 24.19194514403295, "random_state": 14.333951007141671}, "datetime": {"datetime": "2021-09-29 22:26:00", "elapsed": 0.172009, "delta": 0.065011}}
{"target": -55.34519126238653, "params": {"max_depth": 4.179066529895828, "n_estimators": 27.17497588636219, "random_state": 2.2550394500067554}, "datetime": {"datetime": "2021-09-29 22:26:00", "elapsed": 0.298999, "delta": 0.12699}}
{"target": -55.24363104706471, "params": {"max_depth": 7.0, "n_estimators": 30.0, "random_state": 2.0}, "datetime": {"datetime": "2021-09-29 22:26:00", "elapsed": 0.575042, "delta": 0.276043}}
{"target": -56.6639776591229, "params": {"max_depth": 7.0, "n_estimators": 30.0, "random_state": 20.0}, "datetime": {"datetime": "2021-09-29 22:26:01", "elapsed": 0.858002, "delta": 0.28296}}
{"target": -54.52373076150728, "params": {"max_depth": 6.87273856733355, "n_estimators": 24.209610469081326, "random_state": 2.0280950208330095}, "datetime": {"datetime": "2021-09-29 22:26:01", "elapsed": 1.126002, "delta": 0.268}}
{"target": -54.44873111871147, "params": {"max_depth": 7.0, "n_estimators": 20.0, "random_state": 2.0}, "datetime": {"datetime": "2021-09-29 22:26:01", "elapsed": 1.387042, "delta": 0.26104}}
{"target": -55.45871974194997, "params": {"max_depth": 6.3015524071303926, "n_estimators": 20.085150049757818, "random_state": 19.914985253245995}, "datetime": {"datetime": "2021-09-29 22:26:01", "elapsed": 1.678238, "delta": 0.291196}}
{"target": -56.99987903391141, "params": {"max_depth": 2.0, "n_estimators": 23.079289816451524, "random_state": 20.0}, "datetime": {"datetime": "2021-09-29 22:26:02", "elapsed": 1.944238, "delta": 0.266}}
{"target": -58.51141767376464, "params": {"max_depth": 7.0, "n_estimators": 30.0, "random_state": 7.9040614034582015}, "datetime": {"datetime": "2021-09-29 22:26:02", "elapsed": 2.28724, "delta": 0.343002}}
{"target": -59.55380874667339, "params": {"max_depth": 7.0, "n_estimators": 20.0, "random_state": 15.426777763458878}, "datetime": {"datetime": "2021-09-29 22:26:02", "elapsed": 2.578233, "delta": 0.290993}}
{"target": -57.196038190173205, "params": {"max_depth": 7.0, "n_estimators": 21.748256996556407, "random_state": 4.321607643423337}, "datetime": {"datetime": "2021-09-29 22:26:03", "elapsed": 2.838865, "delta": 0.260632}}
{"target": -55.55407929310897, "params": {"max_depth": 7.0, "n_estimators": 26.765617581569963, "random_state": 2.0}, "datetime": {"datetime": "2021-09-29 22:26:03", "elapsed": 3.161871, "delta": 0.323006}}
{"target": -54.65622656432121, "params": {"max_depth": 4.706006497309105, "n_estimators": 23.844918439023125, "random_state": 2.032315545063798}, "datetime": {"datetime": "2021-09-29 22:26:03", "elapsed": 3.445639, "delta": 0.283768}}
{"target": -58.68798123088352, "params": {"max_depth": 2.0, "n_estimators": 30.0, "random_state": 2.0502949705979474}, "datetime": {"datetime": "2021-09-29 22:26:03", "elapsed": 3.756635, "delta": 0.310996}}
{"target": -54.06643880178237, "params": {"max_depth": 4.7438864696878, "n_estimators": 20.388692862208956, "random_state": 2.021862163271731}, "datetime": {"datetime": "2021-09-29 22:26:04", "elapsed": 4.073638, "delta": 0.317003}}
{"target": -58.21078041239374, "params": {"max_depth": 2.0, "n_estimators": 20.0, "random_state": 2.0}, "datetime": {"datetime": "2021-09-29 22:26:04", "elapsed": 4.316684, "delta": 0.243046}}
{"target": -54.771111993410116, "params": {"max_depth": 5.823338169420069, "n_estimators": 21.85049369874288, "random_state": 2.0}, "datetime": {"datetime": "2021-09-29 22:26:04", "elapsed": 4.69064, "delta": 0.373956}}
{"target": -57.99573893803498, "params": {"max_depth": 2.0, "n_estimators": 30.0, "random_state": 15.90903832535526}, "datetime": {"datetime": "2021-09-29 22:26:05", "elapsed": 5.032645, "delta": 0.342005}}
{"target": -58.64198640067646, "params": {"max_depth": 7.0, "n_estimators": 23.8395304371371, "random_state": 20.0}, "datetime": {"datetime": "2021-09-29 22:26:05", "elapsed": 5.341644, "delta": 0.308999}}
{"target": -58.507708964539596, "params": {"max_depth": 2.070668348174336, "n_estimators": 24.963311654103922, "random_state": 2.0}, "datetime": {"datetime": "2021-09-29 22:26:05", "elapsed": 5.683901, "delta": 0.342257}}
{"target": -55.31738988155024, "params": {"max_depth": 5.817010007943772, "n_estimators": 24.66490378311005, "random_state": 3.55447540030831}, "datetime": {"datetime": "2021-09-29 22:26:06", "elapsed": 6.030895, "delta": 0.346994}}
{"target": -56.04114932479206, "params": {"max_depth": 5.735531430511304, "n_estimators": 20.1139611951049, "random_state": 3.2874669966555823}, "datetime": {"datetime": "2021-09-29 22:26:06", "elapsed": 6.364901, "delta": 0.334006}}
{"target": -56.47063755807997, "params": {"max_depth": 3.6121020945137166, "n_estimators": 20.0, "random_state": 20.0}, "datetime": {"datetime": "2021-09-29 22:26:06", "elapsed": 6.697893, "delta": 0.332992}}
{"target": -56.94513378773552, "params": {"max_depth": 7.0, "n_estimators": 30.0, "random_state": 14.45302680671887}, "datetime": {"datetime": "2021-09-29 22:26:07", "elapsed": 7.10689, "delta": 0.408997}}
{"target": -55.5915288895328, "params": {"max_depth": 5.31632606306095, "n_estimators": 25.015167864962944, "random_state": 2.050048624818104}, "datetime": {"datetime": "2021-09-29 22:26:07", "elapsed": 7.487199, "delta": 0.380309}}
{"target": -54.87908806139965, "params": {"max_depth": 4.253615589529478, "n_estimators": 22.018709897960697, "random_state": 2.0}, "datetime": {"datetime": "2021-09-29 22:26:07", "elapsed": 7.799855, "delta": 0.312656}}
{"target": -56.030900172900274, "params": {"max_depth": 6.236724043933751, "n_estimators": 28.574037403039974, "random_state": 3.7796798476244438}, "datetime": {"datetime": "2021-09-29 22:26:08", "elapsed": 8.237852, "delta": 0.437997}}
{"target": -58.223113674107054, "params": {"max_depth": 2.0, "n_estimators": 30.0, "random_state": 10.021358519285242}, "datetime": {"datetime": "2021-09-29 22:26:08", "elapsed": 8.638859, "delta": 0.401007}}
{"target": -57.806751503743406, "params": {"max_depth": 2.053109578454956, "n_estimators": 27.951619910574355, "random_state": 19.88537957383049}, "datetime": {"datetime": "2021-09-29 22:26:09", "elapsed": 9.014849, "delta": 0.37599}}
{"target": -59.658808719858015, "params": {"max_depth": 2.0, "n_estimators": 20.0, "random_state": 14.962476270611765}, "datetime": {"datetime": "2021-09-29 22:26:09", "elapsed": 9.458058, "delta": 0.443209}}
{"target": -56.0677823665899, "params": {"max_depth": 5.326316810391783, "n_estimators": 28.78807598174681, "random_state": 2.0}, "datetime": {"datetime": "2021-09-29 22:26:10", "elapsed": 9.858059, "delta": 0.400001}}
{"target": -56.85591679022377, "params": {"max_depth": 7.0, "n_estimators": 25.772444406251836, "random_state": 5.651109386939865}, "datetime": {"datetime": "2021-09-29 22:26:10", "elapsed": 10.254056, "delta": 0.395997}}
{"target": -57.63194987161685, "params": {"max_depth": 7.0, "n_estimators": 26.180006535316153, "random_state": 12.582056476014454}, "datetime": {"datetime": "2021-09-29 22:26:10", "elapsed": 10.65406, "delta": 0.400004}}
{"target": -56.528752224362556, "params": {"max_depth": 7.0, "n_estimators": 20.0, "random_state": 9.210304370019491}, "datetime": {"datetime": "2021-09-29 22:26:11", "elapsed": 11.074058, "delta": 0.419998}}
{"target": -55.2095266935703, "params": {"max_depth": 5.886752387911705, "n_estimators": 23.30218537107183, "random_state": 2.361622042006407}, "datetime": {"datetime": "2021-09-29 22:26:11", "elapsed": 11.502074, "delta": 0.428016}}
{"target": -53.847564718350625, "params": {"max_depth": 6.084515786646476, "n_estimators": 20.28019286843166, "random_state": 2.0178273420437076}, "datetime": {"datetime": "2021-09-29 22:26:12", "elapsed": 11.922072, "delta": 0.419998}}
{"target": -57.89198205490864, "params": {"max_depth": 2.0, "n_estimators": 25.646984710749862, "random_state": 15.16231955274483}, "datetime": {"datetime": "2021-09-29 22:26:12", "elapsed": 12.330075, "delta": 0.408003}}
{"target": -57.99741376149128, "params": {"max_depth": 2.0, "n_estimators": 20.0, "random_state": 6.817131333816011}, "datetime": {"datetime": "2021-09-29 22:26:12", "elapsed": 12.742717, "delta": 0.412642}}
{"target": -54.00528881978081, "params": {"max_depth": 4.034919171988289, "n_estimators": 23.857529053359944, "random_state": 4.20576237444045}, "datetime": {"datetime": "2021-09-29 22:26:13", "elapsed": 13.233713, "delta": 0.490996}}
{"target": -55.120788077215444, "params": {"max_depth": 3.6842806715385032, "n_estimators": 25.29476989995995, "random_state": 5.194198230739271}, "datetime": {"datetime": "2021-09-29 22:26:13", "elapsed": 13.693719, "delta": 0.460006}}
{"target": -54.22399985526799, "params": {"max_depth": 4.593926733138706, "n_estimators": 23.759756532662255, "random_state": 5.450935823193186}, "datetime": {"datetime": "2021-09-29 22:26:14", "elapsed": 14.127725, "delta": 0.434006}}
{"target": -55.156672314088176, "params": {"max_depth": 3.32377800860701, "n_estimators": 23.49365938622383, "random_state": 5.471971428215584}, "datetime": {"datetime": "2021-09-29 22:26:14", "elapsed": 14.527717, "delta": 0.399992}}
{"target": -54.070227877313705, "params": {"max_depth": 4.667257440759867, "n_estimators": 22.798341962456885, "random_state": 4.368114392725464}, "datetime": {"datetime": "2021-09-29 22:26:15", "elapsed": 15.00672, "delta": 0.479003}}
{"target": -54.775713746763756, "params": {"max_depth": 4.384974137825002, "n_estimators": 23.237800683333532, "random_state": 3.373995231327906}, "datetime": {"datetime": "2021-09-29 22:26:15", "elapsed": 15.479935, "delta": 0.473215}}
{"target": -54.00528881978081, "params": {"max_depth": 4.8909202767373845, "n_estimators": 23.800145423205628, "random_state": 4.566715625054112}, "datetime": {"datetime": "2021-09-29 22:26:16", "elapsed": 15.868933, "delta": 0.388998}}
