{"target": -55.77662106265272, "params": {"max_depth": 3.90079914869288, "n_estimators": 77.49618159497741, "random_state": 3.949397580776142}, "datetime": {"datetime": "2021-09-29 22:13:12", "elapsed": 183.751562, "delta": 1.168}}
{"target": -55.55093792113007, "params": {"max_depth": 5.015758399130002, "n_estimators": 79.20043214665445, "random_state": 4.3930046199927}, "datetime": {"datetime": "2021-09-29 22:13:13", "elapsed": 184.966663, "delta": 1.215101}}
{"target": -56.99514426724126, "params": {"max_depth": 6.1888179063292466, "n_estimators": 78.08843504385533, "random_state": 4.793820962181277}, "datetime": {"datetime": "2021-09-29 22:13:15", "elapsed": 186.340012, "delta": 1.373349}}
{"target": -55.66737296162957, "params": {"max_depth": 4.326274660751244, "n_estimators": 76.78903658761016, "random_state": 5.723274133325112}, "datetime": {"datetime": "2021-09-29 22:13:16", "elapsed": 187.515004, "delta": 1.174992}}
{"target": -55.628209489534, "params": {"max_depth": 5.2505193989188195, "n_estimators": 75.89955817629442, "random_state": 4.139965501046042}, "datetime": {"datetime": "2021-09-29 22:13:17", "elapsed": 188.754214, "delta": 1.23921}}
{"target": -55.47657611990463, "params": {"max_depth": 4.61455701811756, "n_estimators": 78.66753459049136, "random_state": 3.007873916970463}, "datetime": {"datetime": "2021-09-29 22:13:18", "elapsed": 189.92215, "delta": 1.167936}}
{"target": -55.5844813467272, "params": {"max_depth": 3.6301133021991205, "n_estimators": 80.01189959117454, "random_state": 3.541037914854524}, "datetime": {"datetime": "2021-09-29 22:13:20", "elapsed": 191.100151, "delta": 1.178001}}
{"target": -55.06501067696619, "params": {"max_depth": 5.221559316048162, "n_estimators": 77.23528387361839, "random_state": 3.115549067402616}, "datetime": {"datetime": "2021-09-29 22:13:21", "elapsed": 192.334306, "delta": 1.234155}}
{"target": -56.97031527184514, "params": {"max_depth": 5.858679884994156, "n_estimators": 76.36701783639168, "random_state": 2.50207967819776}, "datetime": {"datetime": "2021-09-29 22:13:22", "elapsed": 193.572267, "delta": 1.237961}}
{"target": -56.76703569096403, "params": {"max_depth": 4.371923912617685, "n_estimators": 77.55228372776648, "random_state": 2.4095867755730604}, "datetime": {"datetime": "2021-09-29 22:13:23", "elapsed": 194.768059, "delta": 1.195792}}
{"target": -55.107597513286144, "params": {"max_depth": 3.2561591886938666, "n_estimators": 38.674021401733995, "random_state": 4.557351975946307}, "datetime": {"datetime": "2021-09-29 22:13:24", "elapsed": 196.003063, "delta": 1.235004}}
{"target": -56.686680567417135, "params": {"max_depth": 4.403206543223365, "n_estimators": 80.17401143962623, "random_state": 2.1709821620944862}, "datetime": {"datetime": "2021-09-29 22:13:26", "elapsed": 197.432063, "delta": 1.429}}
{"target": -55.22325634829423, "params": {"max_depth": 4.456459417518095, "n_estimators": 80.60338448381931, "random_state": 4.70795063767214}, "datetime": {"datetime": "2021-09-29 22:13:27", "elapsed": 198.574857, "delta": 1.142794}}
{"target": -55.823797250126226, "params": {"max_depth": 3.188637501054787, "n_estimators": 80.8975665951297, "random_state": 4.733977204601708}, "datetime": {"datetime": "2021-09-29 22:13:28", "elapsed": 199.893769, "delta": 1.318912}}
{"target": -55.04826544804816, "params": {"max_depth": 5.505464465093439, "n_estimators": 78.0341310859499, "random_state": 3.5034010373870172}, "datetime": {"datetime": "2021-09-29 22:13:30", "elapsed": 201.147801, "delta": 1.254032}}
{"target": -55.22711591174981, "params": {"max_depth": 4.817441521431133, "n_estimators": 81.77051273591715, "random_state": 4.217124356393688}, "datetime": {"datetime": "2021-09-29 22:13:31", "elapsed": 202.444431, "delta": 1.29663}}
{"target": -55.21116325779039, "params": {"max_depth": 4.162395695010468, "n_estimators": 82.89999648180424, "random_state": 4.739435775316618}, "datetime": {"datetime": "2021-09-29 22:13:32", "elapsed": 203.644433, "delta": 1.200002}}
{"target": -55.60498894148284, "params": {"max_depth": 3.7701670286637152, "n_estimators": 82.3887293903755, "random_state": 3.635291887625305}, "datetime": {"datetime": "2021-09-29 22:13:33", "elapsed": 205.029112, "delta": 1.384679}}
{"target": -55.480337976425275, "params": {"max_depth": 4.7460325328726265, "n_estimators": 81.48818043042259, "random_state": 5.632391097882448}, "datetime": {"datetime": "2021-09-29 22:13:35", "elapsed": 206.215369, "delta": 1.186257}}
{"target": -55.540490824970824, "params": {"max_depth": 5.279140780889721, "n_estimators": 83.03910254789992, "random_state": 4.148372722240192}, "datetime": {"datetime": "2021-09-29 22:13:36", "elapsed": 207.625365, "delta": 1.409996}}
{"target": -55.79935616509697, "params": {"max_depth": 3.8412244629279826, "n_estimators": 83.9943585812131, "random_state": 4.354477414000737}, "datetime": {"datetime": "2021-09-29 22:13:37", "elapsed": 208.794791, "delta": 1.169426}}
{"target": -55.587714906959995, "params": {"max_depth": 5.691981140772787, "n_estimators": 80.85799779078796, "random_state": 4.61788813369594}, "datetime": {"datetime": "2021-09-29 22:13:39", "elapsed": 210.33578, "delta": 1.540989}}
{"target": -55.316484414758214, "params": {"max_depth": 5.195186590113302, "n_estimators": 83.20753278383829, "random_state": 5.771981230791535}, "datetime": {"datetime": "2021-09-29 22:13:40", "elapsed": 211.70582, "delta": 1.37004}}
{"target": -55.34664820618024, "params": {"max_depth": 4.01338773751638, "n_estimators": 83.696172480972, "random_state": 5.985915961455179}, "datetime": {"datetime": "2021-09-29 22:13:42", "elapsed": 213.108988, "delta": 1.403168}}
{"target": -55.23584664092939, "params": {"max_depth": 5.079159852038487, "n_estimators": 84.59690779271541, "random_state": 5.78122884844824}, "datetime": {"datetime": "2021-09-29 22:13:43", "elapsed": 214.40026, "delta": 1.291272}}
{"target": -55.68823987400447, "params": {"max_depth": 4.976544347307082, "n_estimators": 84.0938060126804, "random_state": 6.980448587313542}, "datetime": {"datetime": "2021-09-29 22:13:44", "elapsed": 215.754294, "delta": 1.354034}}
{"target": -56.47472532833797, "params": {"max_depth": 3.911410723118201, "n_estimators": 85.20006982297048, "random_state": 5.963313612022695}, "datetime": {"datetime": "2021-09-29 22:13:46", "elapsed": 217.249538, "delta": 1.495244}}
{"target": -55.59851106172762, "params": {"max_depth": 6.584907516312268, "n_estimators": 84.86521214639816, "random_state": 5.753696907402518}, "datetime": {"datetime": "2021-09-29 22:13:47", "elapsed": 218.806285, "delta": 1.556747}}
{"target": -56.05698792206323, "params": {"max_depth": 5.655893574515053, "n_estimators": 85.60072353803655, "random_state": 6.902692493906271}, "datetime": {"datetime": "2021-09-29 22:13:49", "elapsed": 220.113519, "delta": 1.307234}}
{"target": -54.711916366265854, "params": {"max_depth": 6.1272028344264164, "n_estimators": 41.86288526750205, "random_state": 5.566178059571072}, "datetime": {"datetime": "2021-09-29 22:13:50", "elapsed": 221.5652, "delta": 1.451681}}
{"target": -55.40534013964879, "params": {"max_depth": 5.511332482414272, "n_estimators": 84.09066305197949, "random_state": 4.6255896009713116}, "datetime": {"datetime": "2021-09-29 22:13:51", "elapsed": 222.74871, "delta": 1.18351}}
{"target": -55.78419736687288, "params": {"max_depth": 6.070146929980503, "n_estimators": 81.82825694028553, "random_state": 3.2024517960345715}, "datetime": {"datetime": "2021-09-29 22:13:53", "elapsed": 224.069642, "delta": 1.320932}}
{"target": -56.62136973070295, "params": {"max_depth": 3.011126312626623, "n_estimators": 82.79827297935162, "random_state": 5.212400068632194}, "datetime": {"datetime": "2021-09-29 22:13:54", "elapsed": 225.289647, "delta": 1.220005}}
{"target": -57.0513059741655, "params": {"max_depth": 4.725221459711582, "n_estimators": 82.67546920343035, "random_state": 7.006763573715688}, "datetime": {"datetime": "2021-09-29 22:13:55", "elapsed": 226.897037, "delta": 1.60739}}
{"target": -57.29749835433542, "params": {"max_depth": 6.691491958008564, "n_estimators": 60.20402420512663, "random_state": 4.288015517602224}, "datetime": {"datetime": "2021-09-29 22:13:57", "elapsed": 228.124279, "delta": 1.227242}}
{"target": -55.52438526744425, "params": {"max_depth": 4.971035113356271, "n_estimators": 77.07541631420159, "random_state": 3.8790018775860124}, "datetime": {"datetime": "2021-09-29 22:13:58", "elapsed": 229.508334, "delta": 1.384055}}
{"target": -55.21116325779039, "params": {"max_depth": 4.988868540694393, "n_estimators": 82.47196867505178, "random_state": 4.993493977358993}, "datetime": {"datetime": "2021-09-29 22:13:59", "elapsed": 230.799848, "delta": 1.291514}}
{"target": -55.73476874887788, "params": {"max_depth": 5.815929212303429, "n_estimators": 74.17672499454486, "random_state": 4.298956465021018}, "datetime": {"datetime": "2021-09-29 22:14:00", "elapsed": 232.060013, "delta": 1.260165}}
{"target": -56.05530448894357, "params": {"max_depth": 4.387018202822537, "n_estimators": 43.66759413347099, "random_state": 6.2284005132057505}, "datetime": {"datetime": "2021-09-29 22:14:02", "elapsed": 233.322973, "delta": 1.26296}}
{"target": -55.00411477431641, "params": {"max_depth": 6.98750979458966, "n_estimators": 54.93724969546282, "random_state": 10.992753493764752}, "datetime": {"datetime": "2021-09-29 22:14:03", "elapsed": 234.539815, "delta": 1.216842}}
{"target": -55.61929582944776, "params": {"max_depth": 6.97283070867719, "n_estimators": 73.33643045606013, "random_state": 5.54579540838435}, "datetime": {"datetime": "2021-09-29 22:14:04", "elapsed": 235.941075, "delta": 1.40126}}
{"target": -58.47125934749933, "params": {"max_depth": 6.667572979071213, "n_estimators": 73.80934889882028, "random_state": 7.222410570820002}, "datetime": {"datetime": "2021-09-29 22:14:06", "elapsed": 237.514035, "delta": 1.57296}}
{"target": -57.24931933351889, "params": {"max_depth": 6.491645302059133, "n_estimators": 72.0324506682224, "random_state": 4.5741937495750715}, "datetime": {"datetime": "2021-09-29 22:14:07", "elapsed": 238.838954, "delta": 1.324919}}
{"target": -56.586964098717296, "params": {"max_depth": 3.975661184480728, "n_estimators": 80.23417824095466, "random_state": 5.936850597249971}, "datetime": {"datetime": "2021-09-29 22:14:09", "elapsed": 240.160336, "delta": 1.321382}}
{"target": -56.647275071884806, "params": {"max_depth": 7.0, "n_estimators": 38.15400337542974, "random_state": 11.0}, "datetime": {"datetime": "2021-09-29 22:14:10", "elapsed": 241.355376, "delta": 1.19504}}
{"target": -58.94487108035198, "params": {"max_depth": 7.0, "n_estimators": 62.44110786153111, "random_state": 1.0}, "datetime": {"datetime": "2021-09-29 22:14:12", "elapsed": 243.077145, "delta": 1.721769}}
{"target": -56.61072372003727, "params": {"max_depth": 3.0, "n_estimators": 110.0, "random_state": 5.972680057346946}, "datetime": {"datetime": "2021-09-29 22:14:13", "elapsed": 244.464419, "delta": 1.387274}}
{"target": -55.65661619396407, "params": {"max_depth": 5.948258253615316, "n_estimators": 106.53740721877564, "random_state": 10.122862254750592}, "datetime": {"datetime": "2021-09-29 22:14:15", "elapsed": 246.186149, "delta": 1.72173}}
{"target": -55.34664820618024, "params": {"max_depth": 4.667701039250062, "n_estimators": 83.88454409058025, "random_state": 5.224402937429189}, "datetime": {"datetime": "2021-09-29 22:14:16", "elapsed": 247.800148, "delta": 1.613999}}
{"target": -56.13913915278048, "params": {"max_depth": 3.116475087640561, "n_estimators": 97.81921413511068, "random_state": 6.962499414758222}, "datetime": {"datetime": "2021-09-29 22:14:18", "elapsed": 249.089138, "delta": 1.28899}}
{"target": -55.92351819960808, "params": {"max_depth": 3.0, "n_estimators": 38.871839965420165, "random_state": 11.0}, "datetime": {"datetime": "2021-09-29 22:14:19", "elapsed": 250.505371, "delta": 1.416233}}
{"target": -56.82723019614462, "params": {"max_depth": 3.246813543433687, "n_estimators": 66.1661578994676, "random_state": 10.993615177648328}, "datetime": {"datetime": "2021-09-29 22:14:21", "elapsed": 252.078696, "delta": 1.573325}}
{"target": -56.92079547368203, "params": {"max_depth": 6.79204295431958, "n_estimators": 83.77585085751514, "random_state": 4.514069205807214}, "datetime": {"datetime": "2021-09-29 22:14:22", "elapsed": 253.568691, "delta": 1.489995}}
{"target": -55.537545620113214, "params": {"max_depth": 3.0, "n_estimators": 38.13983006489603, "random_state": 3.6798584513354515}, "datetime": {"datetime": "2021-09-29 22:14:23", "elapsed": 254.895622, "delta": 1.326931}}
{"target": -58.30195575980053, "params": {"max_depth": 7.0, "n_estimators": 25.004431016530077, "random_state": 11.0}, "datetime": {"datetime": "2021-09-29 22:14:25", "elapsed": 256.325327, "delta": 1.429705}}
{"target": -60.55638702652183, "params": {"max_depth": 7.0, "n_estimators": 44.13005911716533, "random_state": 1.0}, "datetime": {"datetime": "2021-09-29 22:14:26", "elapsed": 257.658361, "delta": 1.333034}}
{"target": -55.285115049622235, "params": {"max_depth": 3.0, "n_estimators": 56.057310669974335, "random_state": 3.664051716039447}, "datetime": {"datetime": "2021-09-29 22:14:27", "elapsed": 259.012895, "delta": 1.354534}}
{"target": -55.40001978758231, "params": {"max_depth": 3.0, "n_estimators": 57.42469366159291, "random_state": 3.9448522130471453}, "datetime": {"datetime": "2021-09-29 22:14:29", "elapsed": 260.581562, "delta": 1.568667}}
{"target": -55.34395603991277, "params": {"max_depth": 4.194019927155075, "n_estimators": 56.63098620368451, "random_state": 4.284014264385318}, "datetime": {"datetime": "2021-09-29 22:14:31", "elapsed": 262.277377, "delta": 1.695815}}
{"target": -56.6863718159759, "params": {"max_depth": 3.0, "n_estimators": 56.33572408929956, "random_state": 5.031080847767064}, "datetime": {"datetime": "2021-09-29 22:14:32", "elapsed": 263.775372, "delta": 1.497995}}
{"target": -57.7438474634703, "params": {"max_depth": 3.9293531030144817, "n_estimators": 57.09911033979473, "random_state": 2.861120977524928}, "datetime": {"datetime": "2021-09-29 22:14:34", "elapsed": 265.073638, "delta": 1.298266}}
{"target": -55.73350935535798, "params": {"max_depth": 4.107788719031531, "n_estimators": 55.090400356939114, "random_state": 3.9336447879551404}, "datetime": {"datetime": "2021-09-29 22:14:35", "elapsed": 266.658551, "delta": 1.584913}}
{"target": -55.79447931165714, "params": {"max_depth": 5.484691221565933, "n_estimators": 55.98414111937213, "random_state": 4.801435656075304}, "datetime": {"datetime": "2021-09-29 22:14:37", "elapsed": 268.529759, "delta": 1.871208}}
{"target": -55.44917485198398, "params": {"max_depth": 3.853695150122721, "n_estimators": 58.26435598349409, "random_state": 4.943670404396738}, "datetime": {"datetime": "2021-09-29 22:14:38", "elapsed": 269.873358, "delta": 1.343599}}
{"target": -56.69643505762267, "params": {"max_depth": 3.048569213330528, "n_estimators": 59.69412855603517, "random_state": 5.360172985253471}, "datetime": {"datetime": "2021-09-29 22:14:40", "elapsed": 271.23274, "delta": 1.359382}}
{"target": -56.186162829767426, "params": {"max_depth": 5.1795724863340205, "n_estimators": 57.96477685402699, "random_state": 4.699047140196007}, "datetime": {"datetime": "2021-09-29 22:14:41", "elapsed": 272.633003, "delta": 1.400263}}
{"target": -56.404353683527944, "params": {"max_depth": 3.0, "n_estimators": 71.9057123685641, "random_state": 11.0}, "datetime": {"datetime": "2021-09-29 22:14:43", "elapsed": 274.123902, "delta": 1.490899}}
{"target": -56.24120885661215, "params": {"max_depth": 3.0, "n_estimators": 77.58486045692733, "random_state": 6.372052232841127}, "datetime": {"datetime": "2021-09-29 22:14:44", "elapsed": 275.63686, "delta": 1.512958}}
{"target": -57.73142236077599, "params": {"max_depth": 3.2584712993036784, "n_estimators": 54.37417539627071, "random_state": 2.252811120592685}, "datetime": {"datetime": "2021-09-29 22:14:46", "elapsed": 277.223612, "delta": 1.586752}}
{"target": -56.76456826387937, "params": {"max_depth": 3.0, "n_estimators": 94.33106867184101, "random_state": 1.0}, "datetime": {"datetime": "2021-09-29 22:14:47", "elapsed": 278.882816, "delta": 1.659204}}
{"target": -59.869758581190304, "params": {"max_depth": 7.0, "n_estimators": 20.0, "random_state": 1.0}, "datetime": {"datetime": "2021-09-29 22:14:49", "elapsed": 280.111882, "delta": 1.229066}}
{"target": -56.462137564572345, "params": {"max_depth": 3.1025514204010713, "n_estimators": 98.55364563742451, "random_state": 10.750800710216808}, "datetime": {"datetime": "2021-09-29 22:14:50", "elapsed": 281.794885, "delta": 1.683003}}
{"target": -56.22981971765992, "params": {"max_depth": 6.9567348046733235, "n_estimators": 96.75380653220768, "random_state": 6.546120834062052}, "datetime": {"datetime": "2021-09-29 22:14:52", "elapsed": 283.657353, "delta": 1.862468}}
{"target": -55.48626216326511, "params": {"max_depth": 6.921519341229919, "n_estimators": 102.3444393941416, "random_state": 10.942219727801588}, "datetime": {"datetime": "2021-09-29 22:14:54", "elapsed": 285.508334, "delta": 1.850981}}
{"target": -57.20232364399045, "params": {"max_depth": 6.110965206793741, "n_estimators": 101.03083721761344, "random_state": 11.0}, "datetime": {"datetime": "2021-09-29 22:14:56", "elapsed": 287.114203, "delta": 1.605869}}
{"target": -56.04146869821118, "params": {"max_depth": 3.1405747419504997, "n_estimators": 69.92291629296037, "random_state": 3.9953620847115703}, "datetime": {"datetime": "2021-09-29 22:14:57", "elapsed": 288.604427, "delta": 1.490224}}
{"target": -57.05974465637348, "params": {"max_depth": 7.0, "n_estimators": 103.66215916423245, "random_state": 11.0}, "datetime": {"datetime": "2021-09-29 22:14:59", "elapsed": 290.258694, "delta": 1.654267}}
{"target": -55.0174777496916, "params": {"max_depth": 5.203965419544178, "n_estimators": 53.903713852091684, "random_state": 11.0}, "datetime": {"datetime": "2021-09-29 22:15:00", "elapsed": 291.795653, "delta": 1.536959}}
{"target": -56.30766217760905, "params": {"max_depth": 3.851796697253036, "n_estimators": 52.78522947011831, "random_state": 10.807338949143523}, "datetime": {"datetime": "2021-09-29 22:15:01", "elapsed": 293.06362, "delta": 1.267967}}
{"target": -58.99316737006832, "params": {"max_depth": 6.973218887579874, "n_estimators": 49.85903834596304, "random_state": 1.063839478592862}, "datetime": {"datetime": "2021-09-29 22:15:03", "elapsed": 294.411109, "delta": 1.347489}}
{"target": -55.42201639320217, "params": {"max_depth": 5.644721910710992, "n_estimators": 108.66381303453741, "random_state": 9.584001380216144}, "datetime": {"datetime": "2021-09-29 22:15:05", "elapsed": 296.104072, "delta": 1.692963}}
{"target": -56.20972366274307, "params": {"max_depth": 6.11217885172438, "n_estimators": 108.99210544842477, "random_state": 8.1861600693593}, "datetime": {"datetime": "2021-09-29 22:15:06", "elapsed": 297.837888, "delta": 1.733816}}
{"target": -55.68565615720124, "params": {"max_depth": 5.600307333482826, "n_estimators": 109.29613544790217, "random_state": 10.740235072161596}, "datetime": {"datetime": "2021-09-29 22:15:08", "elapsed": 299.821406, "delta": 1.983518}}
{"target": -58.03137630622477, "params": {"max_depth": 6.882770974862521, "n_estimators": 109.9944291905916, "random_state": 1.3760235529476907}, "datetime": {"datetime": "2021-09-29 22:15:10", "elapsed": 301.689112, "delta": 1.867706}}
{"target": -57.56476350977123, "params": {"max_depth": 7.0, "n_estimators": 86.36281841881294, "random_state": 11.0}, "datetime": {"datetime": "2021-09-29 22:15:12", "elapsed": 303.284311, "delta": 1.595199}}
{"target": -55.73413228069764, "params": {"max_depth": 3.0, "n_estimators": 22.284222431073268, "random_state": 11.0}, "datetime": {"datetime": "2021-09-29 22:15:13", "elapsed": 304.70524, "delta": 1.420929}}
{"target": -57.8561393740733, "params": {"max_depth": 3.472268430440733, "n_estimators": 20.17694530811297, "random_state": 10.733310234732711}, "datetime": {"datetime": "2021-09-29 22:15:14", "elapsed": 306.016207, "delta": 1.310967}}
{"target": -57.97308574892632, "params": {"max_depth": 3.0, "n_estimators": 23.674737158489982, "random_state": 9.869826325839437}, "datetime": {"datetime": "2021-09-29 22:15:16", "elapsed": 307.36506, "delta": 1.348853}}
{"target": -57.58383722100832, "params": {"max_depth": 7.0, "n_estimators": 68.11886986181979, "random_state": 11.0}, "datetime": {"datetime": "2021-09-29 22:15:18", "elapsed": 309.295872, "delta": 1.930812}}
{"target": -56.26056206415658, "params": {"max_depth": 3.0, "n_estimators": 46.650668415979055, "random_state": 5.910803242954249}, "datetime": {"datetime": "2021-09-29 22:15:19", "elapsed": 310.813311, "delta": 1.517439}}
{"target": -55.66550692299243, "params": {"max_depth": 6.854375275671583, "n_estimators": 86.60737170810313, "random_state": 5.406289893413677}, "datetime": {"datetime": "2021-09-29 22:15:21", "elapsed": 312.622654, "delta": 1.809343}}
{"target": -55.86828251175254, "params": {"max_depth": 6.7005373314734324, "n_estimators": 88.14227297104011, "random_state": 3.894998214566129}, "datetime": {"datetime": "2021-09-29 22:15:23", "elapsed": 314.206333, "delta": 1.583679}}
{"target": -55.261327030619434, "params": {"max_depth": 5.47437515267929, "n_estimators": 86.08463040934639, "random_state": 5.046213590066248}, "datetime": {"datetime": "2021-09-29 22:15:24", "elapsed": 315.971605, "delta": 1.765272}}
{"target": -55.35534241490364, "params": {"max_depth": 5.201134269225926, "n_estimators": 87.47137450204399, "random_state": 5.062537408537351}, "datetime": {"datetime": "2021-09-29 22:15:26", "elapsed": 317.666059, "delta": 1.694454}}
{"target": -55.12731937333542, "params": {"max_depth": 4.287246590800596, "n_estimators": 86.80297025464974, "random_state": 4.266223353735598}, "datetime": {"datetime": "2021-09-29 22:15:28", "elapsed": 319.439826, "delta": 1.773767}}
