{"target": -53.028687826051936, "params": {"max_depth": 3.2909084066012473, "n_estimators": 20.289835423777685, "random_state": 4.246163980567281}, "datetime": {"datetime": "2021-09-29 22:30:43", "elapsed": 283.71999, "delta": 2.937729}}
{"target": -58.0000603183261, "params": {"max_depth": 5.966807877656425, "n_estimators": 20.0, "random_state": 13.117671756940316}, "datetime": {"datetime": "2021-09-29 22:30:45", "elapsed": 285.428633, "delta": 1.708643}}
{"target": -55.58845315548333, "params": {"max_depth": 4.001127163462805, "n_estimators": 24.434264042889208, "random_state": 16.019271450125927}, "datetime": {"datetime": "2021-09-29 22:30:47", "elapsed": 286.894164, "delta": 1.465531}}
{"target": -55.85270011845663, "params": {"max_depth": 4.790211077402756, "n_estimators": 29.388322322569195, "random_state": 19.898869805493916}, "datetime": {"datetime": "2021-09-29 22:30:49", "elapsed": 288.935336, "delta": 2.041172}}
{"target": -53.98003161743237, "params": {"max_depth": 5.500983003678181, "n_estimators": 24.66382502706587, "random_state": 4.447450474956303}, "datetime": {"datetime": "2021-09-29 22:30:51", "elapsed": 291.068745, "delta": 2.133409}}
{"target": -53.172284705519516, "params": {"max_depth": 3.5458906146527402, "n_estimators": 24.267092476527253, "random_state": 4.615625084455546}, "datetime": {"datetime": "2021-09-29 22:30:53", "elapsed": 292.924228, "delta": 1.855483}}
{"target": -53.18157502748666, "params": {"max_depth": 3.566547053902066, "n_estimators": 23.674527008445914, "random_state": 4.844389211024016}, "datetime": {"datetime": "2021-09-29 22:30:54", "elapsed": 294.423267, "delta": 1.499039}}
{"target": -53.028687826051936, "params": {"max_depth": 3.2348980847561295, "n_estimators": 20.02340771950916, "random_state": 4.5323661111779145}, "datetime": {"datetime": "2021-09-29 22:30:56", "elapsed": 295.886576, "delta": 1.463309}}
{"target": -53.82048490232357, "params": {"max_depth": 4.031791028082861, "n_estimators": 24.531796890406522, "random_state": 4.242455394427982}, "datetime": {"datetime": "2021-09-29 22:30:57", "elapsed": 297.723852, "delta": 1.837276}}
{"target": -53.00612408280491, "params": {"max_depth": 3.475130026908136, "n_estimators": 21.01188164302546, "random_state": 4.787785929972533}, "datetime": {"datetime": "2021-09-29 22:30:59", "elapsed": 299.529655, "delta": 1.805803}}
{"target": -58.96232470698317, "params": {"max_depth": 7.0, "n_estimators": 25.087649429783742, "random_state": 10.9204092610057}, "datetime": {"datetime": "2021-09-29 22:31:01", "elapsed": 301.694071, "delta": 2.164416}}
{"target": -54.16309616768608, "params": {"max_depth": 5.247974032819592, "n_estimators": 30.0, "random_state": 4.83892545585895}, "datetime": {"datetime": "2021-09-29 22:31:03", "elapsed": 303.678955, "delta": 1.984884}}
{"target": -54.18278063994527, "params": {"max_depth": 5.427511991197413, "n_estimators": 29.286626236830845, "random_state": 4.486677388754268}, "datetime": {"datetime": "2021-09-29 22:31:05", "elapsed": 305.258661, "delta": 1.579706}}
{"target": -53.15728654569853, "params": {"max_depth": 3.999364514378913, "n_estimators": 22.773139460003645, "random_state": 4.046460755942656}, "datetime": {"datetime": "2021-09-29 22:31:07", "elapsed": 306.831582, "delta": 1.572921}}
{"target": -55.39623606666021, "params": {"max_depth": 5.062637598008343, "n_estimators": 27.749953160674586, "random_state": 3.1680386296026004}, "datetime": {"datetime": "2021-09-29 22:31:08", "elapsed": 308.509829, "delta": 1.678247}}
{"target": -56.891593276074325, "params": {"max_depth": 7.0, "n_estimators": 27.88513833318557, "random_state": 11.64757371739918}, "datetime": {"datetime": "2021-09-29 22:31:10", "elapsed": 310.494415, "delta": 1.984586}}
{"target": -54.39948850811411, "params": {"max_depth": 5.4912140441918895, "n_estimators": 29.284074504877772, "random_state": 5.289352678827019}, "datetime": {"datetime": "2021-09-29 22:31:12", "elapsed": 312.093505, "delta": 1.59909}}
{"target": -53.18157502748666, "params": {"max_depth": 3.976887198019904, "n_estimators": 23.117281759390686, "random_state": 4.180401856737808}, "datetime": {"datetime": "2021-09-29 22:31:14", "elapsed": 314.470166, "delta": 2.376661}}
{"target": -57.07350669632174, "params": {"max_depth": 5.033722312855825, "n_estimators": 24.6439132632246, "random_state": 16.897968202753876}, "datetime": {"datetime": "2021-09-29 22:31:16", "elapsed": 315.970067, "delta": 1.499901}}
{"target": -55.88510195149111, "params": {"max_depth": 3.817670820165331, "n_estimators": 25.943663985604964, "random_state": 15.41380411284649}, "datetime": {"datetime": "2021-09-29 22:31:18", "elapsed": 318.290555, "delta": 2.320488}}
{"target": -57.63539805899062, "params": {"max_depth": 7.0, "n_estimators": 25.991011404508544, "random_state": 18.68048971913449}, "datetime": {"datetime": "2021-09-29 22:31:20", "elapsed": 320.758712, "delta": 2.468157}}
{"target": -54.63104546260807, "params": {"max_depth": 4.193473156316323, "n_estimators": 24.83951743628288, "random_state": 2.0}, "datetime": {"datetime": "2021-09-29 22:31:22", "elapsed": 322.799213, "delta": 2.040501}}
{"target": -55.11651580076852, "params": {"max_depth": 4.516942910953011, "n_estimators": 25.844374105120828, "random_state": 2.1617235999624285}, "datetime": {"datetime": "2021-09-29 22:31:24", "elapsed": 324.327224, "delta": 1.528011}}
{"target": -53.00612408280491, "params": {"max_depth": 3.582637859937432, "n_estimators": 21.425541750271247, "random_state": 4.567573372205994}, "datetime": {"datetime": "2021-09-29 22:31:26", "elapsed": 325.987209, "delta": 1.659985}}
{"target": -54.3583273309705, "params": {"max_depth": 5.221488071591813, "n_estimators": 21.199222138105835, "random_state": 4.885658601541172}, "datetime": {"datetime": "2021-09-29 22:31:28", "elapsed": 328.397539, "delta": 2.41033}}
{"target": -54.80950810727245, "params": {"max_depth": 3.5210847072925495, "n_estimators": 20.498405496084203, "random_state": 16.267802249246294}, "datetime": {"datetime": "2021-09-29 22:31:30", "elapsed": 330.411774, "delta": 2.014235}}
{"target": -54.9549859123163, "params": {"max_depth": 3.910313855480949, "n_estimators": 29.30397484403789, "random_state": 16.058106443015962}, "datetime": {"datetime": "2021-09-29 22:31:32", "elapsed": 332.512974, "delta": 2.1012}}
{"target": -55.11338495451342, "params": {"max_depth": 5.298473849464577, "n_estimators": 25.562293037796604, "random_state": 3.6681318033541412}, "datetime": {"datetime": "2021-09-29 22:31:34", "elapsed": 334.124372, "delta": 1.611398}}
{"target": -54.771111993410116, "params": {"max_depth": 5.672066315106094, "n_estimators": 21.314066885980427, "random_state": 2.7208412541349283}, "datetime": {"datetime": "2021-09-29 22:31:36", "elapsed": 336.108162, "delta": 1.98379}}
{"target": -55.29835628775655, "params": {"max_depth": 5.221414318335762, "n_estimators": 20.071547481898463, "random_state": 19.96278380698955}, "datetime": {"datetime": "2021-09-29 22:31:38", "elapsed": 337.879519, "delta": 1.771357}}
{"target": -56.26263472790421, "params": {"max_depth": 4.351139505912847, "n_estimators": 27.521790481034465, "random_state": 8.572601633372026}, "datetime": {"datetime": "2021-09-29 22:31:40", "elapsed": 339.842399, "delta": 1.96288}}
{"target": -53.028687826051936, "params": {"max_depth": 3.743259449677926, "n_estimators": 20.69534497326012, "random_state": 4.404932277881889}, "datetime": {"datetime": "2021-09-29 22:31:41", "elapsed": 341.600085, "delta": 1.757686}}
{"target": -53.028687826051936, "params": {"max_depth": 3.0218267193171684, "n_estimators": 20.590546907953215, "random_state": 4.126279838159066}, "datetime": {"datetime": "2021-09-29 22:31:43", "elapsed": 343.341276, "delta": 1.741191}}
{"target": -53.028687826051936, "params": {"max_depth": 3.477247345168131, "n_estimators": 20.030529002846503, "random_state": 4.581001945542342}, "datetime": {"datetime": "2021-09-29 22:31:45", "elapsed": 345.200114, "delta": 1.858838}}
{"target": -54.148729112520755, "params": {"max_depth": 4.104740430218737, "n_estimators": 28.130835541462627, "random_state": 11.054355794863225}, "datetime": {"datetime": "2021-09-29 22:31:47", "elapsed": 347.36284, "delta": 2.162726}}
{"target": -53.028687826051936, "params": {"max_depth": 3.883369732587038, "n_estimators": 20.369186981753295, "random_state": 4.203705288641376}, "datetime": {"datetime": "2021-09-29 22:31:49", "elapsed": 348.880078, "delta": 1.517238}}
{"target": -53.00612408280491, "params": {"max_depth": 3.1704752889937478, "n_estimators": 21.688597662987213, "random_state": 4.608907218719279}, "datetime": {"datetime": "2021-09-29 22:31:50", "elapsed": 350.495079, "delta": 1.615001}}
{"target": -57.776203396120785, "params": {"max_depth": 2.0, "n_estimators": 28.167328939270003, "random_state": 15.005110073398953}, "datetime": {"datetime": "2021-09-29 22:31:53", "elapsed": 353.411422, "delta": 2.916343}}
{"target": -54.27403110530166, "params": {"max_depth": 4.759590558947275, "n_estimators": 21.503327925683315, "random_state": 2.395782695530381}, "datetime": {"datetime": "2021-09-29 22:31:55", "elapsed": 355.218072, "delta": 1.80665}}
{"target": -58.46341652420406, "params": {"max_depth": 2.0, "n_estimators": 26.02791276675619, "random_state": 13.06836356240969}, "datetime": {"datetime": "2021-09-29 22:31:57", "elapsed": 356.974369, "delta": 1.756297}}
{"target": -56.563350184633364, "params": {"max_depth": 2.0, "n_estimators": 21.279956488868617, "random_state": 20.0}, "datetime": {"datetime": "2021-09-29 22:31:58", "elapsed": 358.444872, "delta": 1.470503}}
{"target": -57.217996649809834, "params": {"max_depth": 2.032572128765004, "n_estimators": 20.010261119286135, "random_state": 12.693386650699178}, "datetime": {"datetime": "2021-09-29 22:32:00", "elapsed": 360.456114, "delta": 2.011242}}
{"target": -55.78656595306361, "params": {"max_depth": 5.899701967926342, "n_estimators": 30.0, "random_state": 2.0}, "datetime": {"datetime": "2021-09-29 22:32:02", "elapsed": 362.366338, "delta": 1.910224}}
{"target": -55.895520221662146, "params": {"max_depth": 5.064046662223868, "n_estimators": 21.385023358358776, "random_state": 16.74550087528843}, "datetime": {"datetime": "2021-09-29 22:32:04", "elapsed": 364.442223, "delta": 2.075885}}
{"target": -53.18157502748666, "params": {"max_depth": 3.6594683008859943, "n_estimators": 23.269057634087712, "random_state": 4.530251772876076}, "datetime": {"datetime": "2021-09-29 22:32:06", "elapsed": 366.045962, "delta": 1.603739}}
{"target": -54.83198274853396, "params": {"max_depth": 4.018167597877588, "n_estimators": 27.963628120048835, "random_state": 15.506464512378145}, "datetime": {"datetime": "2021-09-29 22:32:07", "elapsed": 367.671819, "delta": 1.625857}}
{"target": -57.30749437025968, "params": {"max_depth": 6.1166642168921515, "n_estimators": 20.190877511739508, "random_state": 4.842948621050299}, "datetime": {"datetime": "2021-09-29 22:32:09", "elapsed": 369.412173, "delta": 1.740354}}
{"target": -54.24867918768918, "params": {"max_depth": 5.125165967886559, "n_estimators": 20.414826788684657, "random_state": 4.666090764813703}, "datetime": {"datetime": "2021-09-29 22:32:11", "elapsed": 371.525489, "delta": 2.113316}}
{"target": -53.88188589839945, "params": {"max_depth": 4.069188243340599, "n_estimators": 21.670207697131936, "random_state": 4.939509394203924}, "datetime": {"datetime": "2021-09-29 22:32:14", "elapsed": 374.130908, "delta": 2.605419}}
{"target": -56.3163904336787, "params": {"max_depth": 6.976653345788725, "n_estimators": 29.44209053060482, "random_state": 3.137174461121268}, "datetime": {"datetime": "2021-09-29 22:32:16", "elapsed": 376.354625, "delta": 2.223717}}
{"target": -56.220152620559084, "params": {"max_depth": 4.890654097440573, "n_estimators": 23.385670052995103, "random_state": 8.818142485526657}, "datetime": {"datetime": "2021-09-29 22:32:18", "elapsed": 377.952009, "delta": 1.597384}}
{"target": -53.00612408280491, "params": {"max_depth": 3.5131479812510102, "n_estimators": 21.839313688964985, "random_state": 4.7235806352378455}, "datetime": {"datetime": "2021-09-29 22:32:20", "elapsed": 380.711235, "delta": 2.759226}}
{"target": -54.070227877313705, "params": {"max_depth": 4.0786638749934125, "n_estimators": 22.883847691545714, "random_state": 4.34679094193672}, "datetime": {"datetime": "2021-09-29 22:32:23", "elapsed": 383.187629, "delta": 2.476394}}
{"target": -54.775713746763756, "params": {"max_depth": 4.002715001695254, "n_estimators": 23.34419196002079, "random_state": 3.8403840479161886}, "datetime": {"datetime": "2021-09-29 22:32:26", "elapsed": 385.866368, "delta": 2.678739}}
{"target": -54.82729947114288, "params": {"max_depth": 4.833687694490151, "n_estimators": 22.56022274641699, "random_state": 3.1084988963811195}, "datetime": {"datetime": "2021-09-29 22:32:27", "elapsed": 387.545709, "delta": 1.679341}}
{"target": -58.348911274935524, "params": {"max_depth": 2.7791678347437734, "n_estimators": 22.822847531703168, "random_state": 13.957010851299346}, "datetime": {"datetime": "2021-09-29 22:32:29", "elapsed": 389.697523, "delta": 2.151814}}
{"target": -56.24487629534538, "params": {"max_depth": 2.0, "n_estimators": 26.651015847565333, "random_state": 5.295910344717793}, "datetime": {"datetime": "2021-09-29 22:32:32", "elapsed": 392.000604, "delta": 2.303081}}
{"target": -57.56155061123057, "params": {"max_depth": 3.8010409297763132, "n_estimators": 28.857710353052905, "random_state": 2.05505822836522}, "datetime": {"datetime": "2021-09-29 22:32:34", "elapsed": 394.1133, "delta": 2.112696}}
{"target": -56.11535206854816, "params": {"max_depth": 4.437401382357794, "n_estimators": 24.39254589056057, "random_state": 10.40190047884108}, "datetime": {"datetime": "2021-09-29 22:32:36", "elapsed": 395.85775, "delta": 1.74445}}
{"target": -55.93158038321714, "params": {"max_depth": 3.6464528275937758, "n_estimators": 24.793904077644317, "random_state": 12.278843464412809}, "datetime": {"datetime": "2021-09-29 22:32:38", "elapsed": 398.222099, "delta": 2.364349}}
{"target": -56.509444504173146, "params": {"max_depth": 2.0, "n_estimators": 20.565335031937206, "random_state": 16.865453427537943}, "datetime": {"datetime": "2021-09-29 22:32:40", "elapsed": 400.079666, "delta": 1.857567}}
{"target": -58.940422540608694, "params": {"max_depth": 2.0, "n_estimators": 22.09637641902066, "random_state": 2.0}, "datetime": {"datetime": "2021-09-29 22:32:42", "elapsed": 402.013023, "delta": 1.933357}}
{"target": -54.08634943142051, "params": {"max_depth": 5.4096463103397125, "n_estimators": 22.684157336114282, "random_state": 4.206314288403506}, "datetime": {"datetime": "2021-09-29 22:32:44", "elapsed": 403.86138, "delta": 1.848357}}
{"target": -55.768691118215465, "params": {"max_depth": 5.673437975209273, "n_estimators": 29.988984968141892, "random_state": 15.496732046493603}, "datetime": {"datetime": "2021-09-29 22:32:45", "elapsed": 405.661697, "delta": 1.800317}}
{"target": -56.43776843689171, "params": {"max_depth": 5.947429212773865, "n_estimators": 29.9528284707514, "random_state": 12.967835027190228}, "datetime": {"datetime": "2021-09-29 22:32:47", "elapsed": 407.416441, "delta": 1.754744}}
{"target": -53.15728654569853, "params": {"max_depth": 3.7978354188095786, "n_estimators": 22.524229666257874, "random_state": 4.203070694799962}, "datetime": {"datetime": "2021-09-29 22:32:49", "elapsed": 408.983095, "delta": 1.566654}}
{"target": -55.8387310108561, "params": {"max_depth": 6.896463626332003, "n_estimators": 21.741072894112914, "random_state": 19.945021520896862}, "datetime": {"datetime": "2021-09-29 22:32:51", "elapsed": 411.621378, "delta": 2.638283}}
{"target": -56.19507065579145, "params": {"max_depth": 4.203979535780921, "n_estimators": 24.39434410790028, "random_state": 6.2820276959600605}, "datetime": {"datetime": "2021-09-29 22:32:53", "elapsed": 413.40942, "delta": 1.788042}}
{"target": -56.41766551015572, "params": {"max_depth": 3.450917843281985, "n_estimators": 30.0, "random_state": 14.770690665530767}, "datetime": {"datetime": "2021-09-29 22:32:55", "elapsed": 415.074509, "delta": 1.665089}}
{"target": -53.858185443745455, "params": {"max_depth": 3.202317319723987, "n_estimators": 27.839957458647905, "random_state": 4.643878189611738}, "datetime": {"datetime": "2021-09-29 22:32:57", "elapsed": 416.929601, "delta": 1.855092}}
{"target": -55.57642709680678, "params": {"max_depth": 4.775806397841071, "n_estimators": 27.52371412807459, "random_state": 12.49729679671871}, "datetime": {"datetime": "2021-09-29 22:32:59", "elapsed": 419.646089, "delta": 2.716488}}
{"target": -54.68671032913053, "params": {"max_depth": 3.2993113042208977, "n_estimators": 30.0, "random_state": 11.5013152350304}, "datetime": {"datetime": "2021-09-29 22:33:02", "elapsed": 421.922583, "delta": 2.276494}}
{"target": -56.358456552070116, "params": {"max_depth": 2.7425453787663643, "n_estimators": 29.27564048248532, "random_state": 5.226684782099268}, "datetime": {"datetime": "2021-09-29 22:33:04", "elapsed": 424.378454, "delta": 2.455871}}
{"target": -54.333770714965155, "params": {"max_depth": 5.563649373003292, "n_estimators": 26.369089346384516, "random_state": 4.610156226170119}, "datetime": {"datetime": "2021-09-29 22:33:06", "elapsed": 426.671651, "delta": 2.293197}}
{"target": -53.028687826051936, "params": {"max_depth": 3.9299571872889194, "n_estimators": 20.054421904395227, "random_state": 4.184711792414976}, "datetime": {"datetime": "2021-09-29 22:33:08", "elapsed": 428.443617, "delta": 1.771966}}
{"target": -58.216037654222376, "params": {"max_depth": 2.0, "n_estimators": 22.46513737029805, "random_state": 10.925645770666316}, "datetime": {"datetime": "2021-09-29 22:33:10", "elapsed": 430.312804, "delta": 1.869187}}
{"target": -57.47756496776011, "params": {"max_depth": 2.9994792424001613, "n_estimators": 29.15311825942625, "random_state": 3.693106552273944}, "datetime": {"datetime": "2021-09-29 22:33:12", "elapsed": 432.628969, "delta": 2.316165}}
{"target": -56.81499999512847, "params": {"max_depth": 5.73857579091408, "n_estimators": 20.97208953806308, "random_state": 8.55000704314353}, "datetime": {"datetime": "2021-09-29 22:33:14", "elapsed": 434.59398, "delta": 1.965011}}
{"target": -53.172284705519516, "params": {"max_depth": 3.53087899019555, "n_estimators": 24.93436391506966, "random_state": 4.431672145338879}, "datetime": {"datetime": "2021-09-29 22:33:17", "elapsed": 437.065689, "delta": 2.471709}}
{"target": -56.81566528986669, "params": {"max_depth": 4.738337689299764, "n_estimators": 22.931547688753316, "random_state": 15.889865129030495}, "datetime": {"datetime": "2021-09-29 22:33:19", "elapsed": 439.19621, "delta": 2.130521}}
{"target": -53.15728654569853, "params": {"max_depth": 3.721885877897547, "n_estimators": 22.82203672054722, "random_state": 4.074079660290995}, "datetime": {"datetime": "2021-09-29 22:33:21", "elapsed": 441.220383, "delta": 2.024173}}
{"target": -56.176339703689116, "params": {"max_depth": 3.493737326092315, "n_estimators": 22.422229607640123, "random_state": 20.0}, "datetime": {"datetime": "2021-09-29 22:33:24", "elapsed": 443.823212, "delta": 2.602829}}
{"target": -55.770526967664125, "params": {"max_depth": 5.629308561149412, "n_estimators": 20.7136733274846, "random_state": 10.675043046282052}, "datetime": {"datetime": "2021-09-29 22:33:27", "elapsed": 447.006374, "delta": 3.183162}}
{"target": -55.48514980414146, "params": {"max_depth": 3.5215424899305074, "n_estimators": 29.42233583235056, "random_state": 20.0}, "datetime": {"datetime": "2021-09-29 22:33:29", "elapsed": 448.880415, "delta": 1.874041}}
{"target": -53.858185443745455, "params": {"max_depth": 3.5253362069391505, "n_estimators": 27.2190923994319, "random_state": 4.601624360043582}, "datetime": {"datetime": "2021-09-29 22:33:31", "elapsed": 451.276032, "delta": 2.395617}}
{"target": -53.172284705519516, "params": {"max_depth": 3.183216615527542, "n_estimators": 24.74385123424244, "random_state": 4.387381442253789}, "datetime": {"datetime": "2021-09-29 22:33:34", "elapsed": 454.028739, "delta": 2.752707}}
{"target": -54.82729947114288, "params": {"max_depth": 4.2144176318885265, "n_estimators": 22.708413407883967, "random_state": 3.6269759810249704}, "datetime": {"datetime": "2021-09-29 22:33:36", "elapsed": 456.430618, "delta": 2.401879}}
{"target": -55.31334619080855, "params": {"max_depth": 5.94997452317393, "n_estimators": 22.258211132895674, "random_state": 3.4491874138334087}, "datetime": {"datetime": "2021-09-29 22:33:38", "elapsed": 458.220399, "delta": 1.789781}}
{"target": -55.2095266935703, "params": {"max_depth": 5.0528034409736495, "n_estimators": 23.823797223961524, "random_state": 2.6019591426388646}, "datetime": {"datetime": "2021-09-29 22:33:40", "elapsed": 460.028605, "delta": 1.808206}}
{"target": -57.921121476876614, "params": {"max_depth": 6.948724507800348, "n_estimators": 25.929019372945508, "random_state": 15.28914474856033}, "datetime": {"datetime": "2021-09-29 22:33:42", "elapsed": 462.445804, "delta": 2.417199}}
{"target": -56.195048187823474, "params": {"max_depth": 7.0, "n_estimators": 27.39912480944418, "random_state": 5.520321670507404}, "datetime": {"datetime": "2021-09-29 22:33:44", "elapsed": 464.29808, "delta": 1.852276}}
{"target": -56.389303556220405, "params": {"max_depth": 7.0, "n_estimators": 25.432564424813886, "random_state": 3.894136944279477}, "datetime": {"datetime": "2021-09-29 22:33:46", "elapsed": 466.228059, "delta": 1.929979}}
{"target": -55.414112371600396, "params": {"max_depth": 5.497578674523573, "n_estimators": 29.36476698974467, "random_state": 3.1447948808045503}, "datetime": {"datetime": "2021-09-29 22:33:49", "elapsed": 469.076303, "delta": 2.848244}}
{"target": -56.00771409967036, "params": {"max_depth": 5.240875257095665, "n_estimators": 23.55350564740878, "random_state": 18.880343044132417}, "datetime": {"datetime": "2021-09-29 22:33:52", "elapsed": 472.068835, "delta": 2.992532}}
