{"target": -39.68468709883534, "params": {"max_depth": 7.182097634137804, "n_estimators": 80.6716606965589, "random_state": 2.988005374932684}, "datetime": {"datetime": "2021-09-28 15:42:59", "elapsed": 176.926231, "delta": 1.433957}}
{"target": -38.7768225055405, "params": {"max_depth": 6.0, "n_estimators": 42.14645548705713, "random_state": 2.0}, "datetime": {"datetime": "2021-09-28 15:43:00", "elapsed": 178.063273, "delta": 1.137042}}
{"target": -39.41334733919145, "params": {"max_depth": 6.7845304548332495, "n_estimators": 65.91265480504951, "random_state": 2.0411070806759977}, "datetime": {"datetime": "2021-09-28 15:43:01", "elapsed": 179.234273, "delta": 1.171}}
{"target": -39.93640409645223, "params": {"max_depth": 11.375483498363167, "n_estimators": 88.99064566189593, "random_state": 2.0}, "datetime": {"datetime": "2021-09-28 15:43:03", "elapsed": 180.715523, "delta": 1.48125}}
{"target": -39.315027923430534, "params": {"max_depth": 6.1162639332692255, "n_estimators": 90.85185254320658, "random_state": 2.962406499204895}, "datetime": {"datetime": "2021-09-28 15:43:04", "elapsed": 182.070714, "delta": 1.355191}}
{"target": -39.57284103994633, "params": {"max_depth": 8.37694242301235, "n_estimators": 60.96915044330687, "random_state": 2.9022704257657286}, "datetime": {"datetime": "2021-09-28 15:43:05", "elapsed": 183.087313, "delta": 1.016599}}
{"target": -40.120492619900766, "params": {"max_depth": 11.454421264533355, "n_estimators": 94.66831047364009, "random_state": 2.0}, "datetime": {"datetime": "2021-09-28 15:43:07", "elapsed": 184.712959, "delta": 1.625646}}
{"target": -38.62764330683568, "params": {"max_depth": 6.7198400338328375, "n_estimators": 44.790646981651605, "random_state": 2.4285384812657904}, "datetime": {"datetime": "2021-09-28 15:43:08", "elapsed": 185.699965, "delta": 0.987006}}
{"target": -39.241114948881744, "params": {"max_depth": 6.090023638644894, "n_estimators": 62.39190123072148, "random_state": 2.0717572606409234}, "datetime": {"datetime": "2021-09-28 15:43:09", "elapsed": 186.961834, "delta": 1.261869}}
{"target": -38.653985943766905, "params": {"max_depth": 6.802338061617797, "n_estimators": 43.46017785891306, "random_state": 2.405757001917335}, "datetime": {"datetime": "2021-09-28 15:43:10", "elapsed": 188.052046, "delta": 1.090212}}
{"target": -38.653985943766905, "params": {"max_depth": 6.49313323473339, "n_estimators": 43.49036023199595, "random_state": 2.953369332294611}, "datetime": {"datetime": "2021-09-28 15:43:11", "elapsed": 189.256048, "delta": 1.204002}}
{"target": -40.751028142169204, "params": {"max_depth": 12.154557740619891, "n_estimators": 102.20350131480329, "random_state": 2.920727963246059}, "datetime": {"datetime": "2021-09-28 15:43:13", "elapsed": 190.785854, "delta": 1.529806}}
{"target": -40.36335680791176, "params": {"max_depth": 10.350082151495407, "n_estimators": 99.3411088874099, "random_state": 2.0490809145791973}, "datetime": {"datetime": "2021-09-28 15:43:14", "elapsed": 192.299023, "delta": 1.513169}}
{"target": -39.515898289506524, "params": {"max_depth": 6.0, "n_estimators": 83.01155648235061, "random_state": 2.0}, "datetime": {"datetime": "2021-09-28 15:43:16", "elapsed": 193.650694, "delta": 1.351671}}
{"target": -40.04868348159134, "params": {"max_depth": 12.077575222254849, "n_estimators": 42.74119694900396, "random_state": 2.9987947271643547}, "datetime": {"datetime": "2021-09-28 15:43:17", "elapsed": 194.849253, "delta": 1.198559}}
{"target": -39.785603438743195, "params": {"max_depth": 10.666277896967195, "n_estimators": 45.19356717820473, "random_state": 2.045103172588602}, "datetime": {"datetime": "2021-09-28 15:43:18", "elapsed": 195.958254, "delta": 1.109001}}
{"target": -39.44935409624994, "params": {"max_depth": 9.523788513878346, "n_estimators": 46.8583823931497, "random_state": 2.962993867059276}, "datetime": {"datetime": "2021-09-28 15:43:19", "elapsed": 197.184934, "delta": 1.22668}}
{"target": -39.23123691653348, "params": {"max_depth": 8.67572093029126, "n_estimators": 44.83175231597437, "random_state": 2.0809767596747455}, "datetime": {"datetime": "2021-09-28 15:43:20", "elapsed": 198.267804, "delta": 1.08287}}
{"target": -39.62743221001237, "params": {"max_depth": 9.592761484729888, "n_estimators": 50.91045122425393, "random_state": 2.1292193758103597}, "datetime": {"datetime": "2021-09-28 15:43:21", "elapsed": 199.489813, "delta": 1.222009}}
{"target": -39.05462729544659, "params": {"max_depth": 6.0, "n_estimators": 95.01457989485297, "random_state": 3.0}, "datetime": {"datetime": "2021-09-28 15:43:23", "elapsed": 200.875601, "delta": 1.385788}}
{"target": -39.14879497806146, "params": {"max_depth": 6.714747393920456, "n_estimators": 87.56531722088468, "random_state": 3.0}, "datetime": {"datetime": "2021-09-28 15:43:24", "elapsed": 202.172344, "delta": 1.296743}}
{"target": -40.55867235066261, "params": {"max_depth": 15.0, "n_estimators": 29.915716286143684, "random_state": 2.0}, "datetime": {"datetime": "2021-09-28 15:43:25", "elapsed": 203.289943, "delta": 1.117599}}
{"target": -39.02015067854969, "params": {"max_depth": 6.053680856941458, "n_estimators": 46.85030646404138, "random_state": 2.9650613308880645}, "datetime": {"datetime": "2021-09-28 15:43:27", "elapsed": 204.588782, "delta": 1.298839}}
{"target": -39.437333826677715, "params": {"max_depth": 7.1130340947911135, "n_estimators": 69.22599404693312, "random_state": 2.0062396813611367}, "datetime": {"datetime": "2021-09-28 15:43:28", "elapsed": 205.76178, "delta": 1.172998}}
{"target": -40.32871061533521, "params": {"max_depth": 10.667028190925368, "n_estimators": 106.1509694885602, "random_state": 2.018335536003759}, "datetime": {"datetime": "2021-09-28 15:43:29", "elapsed": 207.54658, "delta": 1.7848}}
{"target": -39.30560027835863, "params": {"max_depth": 6.0, "n_estimators": 74.44178263428238, "random_state": 3.0}, "datetime": {"datetime": "2021-09-28 15:43:31", "elapsed": 208.809057, "delta": 1.262477}}
{"target": -38.62764330683568, "params": {"max_depth": 6.442379004764938, "n_estimators": 44.6893055525663, "random_state": 2.9973687899671813}, "datetime": {"datetime": "2021-09-28 15:43:32", "elapsed": 209.942061, "delta": 1.133004}}
{"target": -40.51219778563041, "params": {"max_depth": 15.0, "n_estimators": 106.72254296898264, "random_state": 2.0}, "datetime": {"datetime": "2021-09-28 15:43:34", "elapsed": 211.635696, "delta": 1.693635}}
{"target": -39.88555219750146, "params": {"max_depth": 8.01372033772509, "n_estimators": 78.6387859458089, "random_state": 2.0327783679269853}, "datetime": {"datetime": "2021-09-28 15:43:35", "elapsed": 213.228473, "delta": 1.592777}}
{"target": -39.3884656613883, "params": {"max_depth": 7.049505181644185, "n_estimators": 27.999385951261882, "random_state": 2.0}, "datetime": {"datetime": "2021-09-28 15:43:36", "elapsed": 214.175705, "delta": 0.947232}}
{"target": -40.453912741284505, "params": {"max_depth": 12.22902224116317, "n_estimators": 59.62268267031967, "random_state": 2.0}, "datetime": {"datetime": "2021-09-28 15:43:38", "elapsed": 215.630701, "delta": 1.454996}}
{"target": -40.07508543735049, "params": {"max_depth": 9.207703528435182, "n_estimators": 54.27087179042062, "random_state": 2.0294824691817794}, "datetime": {"datetime": "2021-09-28 15:43:39", "elapsed": 217.019931, "delta": 1.38923}}
{"target": -40.48238737035648, "params": {"max_depth": 15.0, "n_estimators": 85.80094772957754, "random_state": 2.0}, "datetime": {"datetime": "2021-09-28 15:43:41", "elapsed": 218.762785, "delta": 1.742854}}
{"target": -39.399553086414016, "params": {"max_depth": 6.941036021339066, "n_estimators": 58.2125909270368, "random_state": 3.0}, "datetime": {"datetime": "2021-09-28 15:43:42", "elapsed": 220.23807, "delta": 1.475285}}
{"target": -39.65977519705788, "params": {"max_depth": 7.4648740981638095, "n_estimators": 91.79797440346435, "random_state": 2.9386836251450217}, "datetime": {"datetime": "2021-09-28 15:43:44", "elapsed": 221.745078, "delta": 1.507008}}
{"target": -39.50021830069453, "params": {"max_depth": 6.0, "n_estimators": 94.62843654390194, "random_state": 2.0}, "datetime": {"datetime": "2021-09-28 15:43:45", "elapsed": 223.410459, "delta": 1.665381}}
{"target": -39.56411582259254, "params": {"max_depth": 7.416836845428934, "n_estimators": 71.1978671131069, "random_state": 2.0000217799096807}, "datetime": {"datetime": "2021-09-28 15:43:47", "elapsed": 224.636605, "delta": 1.226146}}
{"target": -40.081969010099456, "params": {"max_depth": 10.359296074306176, "n_estimators": 27.094526947132238, "random_state": 2.761988031381375}, "datetime": {"datetime": "2021-09-28 15:43:48", "elapsed": 225.950604, "delta": 1.313999}}
{"target": -39.515372232618724, "params": {"max_depth": 8.60393209540773, "n_estimators": 46.6464447506556, "random_state": 2.0}, "datetime": {"datetime": "2021-09-28 15:43:49", "elapsed": 227.221895, "delta": 1.271291}}
{"target": -39.41038959116544, "params": {"max_depth": 7.574825345242379, "n_estimators": 51.35391745474496, "random_state": 3.0}, "datetime": {"datetime": "2021-09-28 15:43:50", "elapsed": 228.361547, "delta": 1.139652}}
{"target": -38.872290322634925, "params": {"max_depth": 6.583396943594102, "n_estimators": 35.933925397408515, "random_state": 2.010078490378544}, "datetime": {"datetime": "2021-09-28 15:43:52", "elapsed": 229.730546, "delta": 1.368999}}
{"target": -39.34930526994469, "params": {"max_depth": 6.0, "n_estimators": 89.13099465824672, "random_state": 2.0}, "datetime": {"datetime": "2021-09-28 15:43:53", "elapsed": 231.184988, "delta": 1.454442}}
{"target": -39.494039341737015, "params": {"max_depth": 6.952569468826614, "n_estimators": 103.69381270652094, "random_state": 2.9405920521431277}, "datetime": {"datetime": "2021-09-28 15:43:55", "elapsed": 233.002868, "delta": 1.81788}}
{"target": -39.49095827950068, "params": {"max_depth": 6.483264909883258, "n_estimators": 95.92813491068628, "random_state": 2.9907143378967698}, "datetime": {"datetime": "2021-09-28 15:43:56", "elapsed": 234.366593, "delta": 1.363725}}
{"target": -40.459563761618035, "params": {"max_depth": 12.82167077205696, "n_estimators": 36.01928041515448, "random_state": 2.9889023683269933}, "datetime": {"datetime": "2021-09-28 15:43:58", "elapsed": 235.618079, "delta": 1.251486}}
{"target": -39.442807660547594, "params": {"max_depth": 6.0, "n_estimators": 98.43784468176096, "random_state": 2.0}, "datetime": {"datetime": "2021-09-28 15:43:59", "elapsed": 237.450212, "delta": 1.832133}}
{"target": -40.51347039975305, "params": {"max_depth": 12.025726943274973, "n_estimators": 33.01768419044757, "random_state": 2.0}, "datetime": {"datetime": "2021-09-28 15:44:01", "elapsed": 238.671547, "delta": 1.221335}}
{"target": -39.52685112488976, "params": {"max_depth": 7.344731168962903, "n_estimators": 42.94061757064678, "random_state": 3.0}, "datetime": {"datetime": "2021-09-28 15:44:02", "elapsed": 240.035547, "delta": 1.364}}
{"target": -39.38328272873316, "params": {"max_depth": 6.0, "n_estimators": 100.83425659530747, "random_state": 2.0}, "datetime": {"datetime": "2021-09-28 15:44:04", "elapsed": 241.595725, "delta": 1.560178}}
{"target": -39.87088539874525, "params": {"max_depth": 12.52670786617981, "n_estimators": 66.90447043715186, "random_state": 3.0}, "datetime": {"datetime": "2021-09-28 15:44:05", "elapsed": 243.065772, "delta": 1.470047}}
{"target": -39.3974277370143, "params": {"max_depth": 6.576535568345194, "n_estimators": 62.95546409013692, "random_state": 3.0}, "datetime": {"datetime": "2021-09-28 15:44:06", "elapsed": 244.396255, "delta": 1.330483}}
{"target": -39.912107330111404, "params": {"max_depth": 9.52372145722644, "n_estimators": 84.55745298857218, "random_state": 3.0}, "datetime": {"datetime": "2021-09-28 15:44:08", "elapsed": 246.356385, "delta": 1.96013}}
{"target": -38.905774758794124, "params": {"max_depth": 6.988282559389574, "n_estimators": 40.44160622577574, "random_state": 2.076518772967612}, "datetime": {"datetime": "2021-09-28 15:44:10", "elapsed": 247.901178, "delta": 1.544793}}
{"target": -39.3155980365081, "params": {"max_depth": 6.0, "n_estimators": 65.84761494536023, "random_state": 3.0}, "datetime": {"datetime": "2021-09-28 15:44:11", "elapsed": 249.508365, "delta": 1.607187}}
{"target": -39.921990579272226, "params": {"max_depth": 14.968601588625843, "n_estimators": 34.24608483401692, "random_state": 2.167068698676006}, "datetime": {"datetime": "2021-09-28 15:44:13", "elapsed": 250.86393, "delta": 1.355565}}
{"target": -38.86377499322069, "params": {"max_depth": 6.815308754936908, "n_estimators": 32.30293721444325, "random_state": 2.074554832885717}, "datetime": {"datetime": "2021-09-28 15:44:14", "elapsed": 252.182932, "delta": 1.319002}}
{"target": -39.835217397675166, "params": {"max_depth": 7.27333986367069, "n_estimators": 32.582691058796605, "random_state": 3.0}, "datetime": {"datetime": "2021-09-28 15:44:16", "elapsed": 253.591763, "delta": 1.408831}}
{"target": -39.437832604769795, "params": {"max_depth": 6.982984417402935, "n_estimators": 107.04880779279867, "random_state": 2.0268634293871743}, "datetime": {"datetime": "2021-09-28 15:44:17", "elapsed": 255.502571, "delta": 1.910808}}
{"target": -39.187776686112635, "params": {"max_depth": 6.659471167791304, "n_estimators": 29.10038714850514, "random_state": 3.0}, "datetime": {"datetime": "2021-09-28 15:44:19", "elapsed": 256.822793, "delta": 1.320222}}
{"target": -38.981328109560756, "params": {"max_depth": 9.643758579489178, "n_estimators": 43.56870788016765, "random_state": 2.0}, "datetime": {"datetime": "2021-09-28 15:44:20", "elapsed": 258.166458, "delta": 1.343665}}
{"target": -38.62764330683568, "params": {"max_depth": 6.768501332912047, "n_estimators": 44.36991472775756, "random_state": 2.006525139554295}, "datetime": {"datetime": "2021-09-28 15:44:21", "elapsed": 259.452257, "delta": 1.285799}}
{"target": -39.02015067854969, "params": {"max_depth": 6.673549016601744, "n_estimators": 46.07169214915896, "random_state": 2.956838350660261}, "datetime": {"datetime": "2021-09-28 15:44:22", "elapsed": 260.529911, "delta": 1.077654}}
{"target": -38.92647689850658, "params": {"max_depth": 6.0, "n_estimators": 102.7141362920963, "random_state": 3.0}, "datetime": {"datetime": "2021-09-28 15:44:24", "elapsed": 262.197906, "delta": 1.667995}}
{"target": -39.22206740512565, "params": {"max_depth": 6.0, "n_estimators": 51.31302781965649, "random_state": 2.0}, "datetime": {"datetime": "2021-09-28 15:44:25", "elapsed": 263.400513, "delta": 1.202607}}
{"target": -40.034183643325534, "params": {"max_depth": 12.603703264833715, "n_estimators": 74.43886239681174, "random_state": 3.0}, "datetime": {"datetime": "2021-09-28 15:44:27", "elapsed": 265.08708, "delta": 1.686567}}
{"target": -39.236998748747446, "params": {"max_depth": 6.0, "n_estimators": 60.50678495573209, "random_state": 2.0}, "datetime": {"datetime": "2021-09-28 15:44:29", "elapsed": 266.596224, "delta": 1.509144}}
{"target": -39.471927429285415, "params": {"max_depth": 6.0, "n_estimators": 71.86294296911893, "random_state": 3.0}, "datetime": {"datetime": "2021-09-28 15:44:30", "elapsed": 268.170858, "delta": 1.574634}}
{"target": -39.24426049721404, "params": {"max_depth": 6.106734374295929, "n_estimators": 49.96608201203487, "random_state": 2.9837265196539926}, "datetime": {"datetime": "2021-09-28 15:44:31", "elapsed": 269.518684, "delta": 1.347826}}
{"target": -38.86377499322069, "params": {"max_depth": 6.0, "n_estimators": 32.13699329333336, "random_state": 2.5772160608206427}, "datetime": {"datetime": "2021-09-28 15:44:33", "elapsed": 271.230597, "delta": 1.711913}}
{"target": -38.7768225055405, "params": {"max_depth": 6.3141495804420495, "n_estimators": 42.80812208081559, "random_state": 2.294196423196709}, "datetime": {"datetime": "2021-09-28 15:44:34", "elapsed": 272.471636, "delta": 1.241039}}
{"target": -38.73272565176458, "params": {"max_depth": 6.407518453035628, "n_estimators": 45.16920909854049, "random_state": 2.0001918002320966}, "datetime": {"datetime": "2021-09-28 15:44:36", "elapsed": 273.946633, "delta": 1.474997}}
{"target": -40.48574734174456, "params": {"max_depth": 14.99929327604245, "n_estimators": 49.13031669899636, "random_state": 2.0447185034029465}, "datetime": {"datetime": "2021-09-28 15:44:38", "elapsed": 275.780092, "delta": 1.833459}}
{"target": -38.62764330683568, "params": {"max_depth": 6.5371163593880235, "n_estimators": 44.3504012915686, "random_state": 2.6700254421692984}, "datetime": {"datetime": "2021-09-28 15:44:39", "elapsed": 277.425826, "delta": 1.645734}}
{"target": -40.354035728506204, "params": {"max_depth": 13.372726005150286, "n_estimators": 81.79078356985895, "random_state": 2.826166097487771}, "datetime": {"datetime": "2021-09-28 15:44:41", "elapsed": 278.969698, "delta": 1.543872}}
{"target": -39.49232617054091, "params": {"max_depth": 6.0, "n_estimators": 104.18541210906297, "random_state": 2.0}, "datetime": {"datetime": "2021-09-28 15:44:43", "elapsed": 280.864459, "delta": 1.894761}}
{"target": -39.99161836226017, "params": {"max_depth": 15.0, "n_estimators": 99.13515132120604, "random_state": 3.0}, "datetime": {"datetime": "2021-09-28 15:44:45", "elapsed": 282.561486, "delta": 1.697027}}
{"target": -39.32247495189149, "params": {"max_depth": 6.984820217652269, "n_estimators": 53.081056779801514, "random_state": 2.0}, "datetime": {"datetime": "2021-09-28 15:44:46", "elapsed": 284.19248, "delta": 1.630994}}
{"target": -39.56385218109621, "params": {"max_depth": 6.0, "n_estimators": 81.5029806277291, "random_state": 2.0}, "datetime": {"datetime": "2021-09-28 15:44:48", "elapsed": 285.665715, "delta": 1.473235}}
{"target": -39.510993978962325, "params": {"max_depth": 7.4807935217673664, "n_estimators": 87.22799559976974, "random_state": 2.0}, "datetime": {"datetime": "2021-09-28 15:44:49", "elapsed": 287.361404, "delta": 1.695689}}
{"target": -39.52145504014909, "params": {"max_depth": 7.671365615316378, "n_estimators": 57.49884576993349, "random_state": 2.0}, "datetime": {"datetime": "2021-09-28 15:44:51", "elapsed": 288.784954, "delta": 1.42355}}
{"target": -39.938558192827465, "params": {"max_depth": 14.966137547474725, "n_estimators": 39.543627731799496, "random_state": 2.8062020608389564}, "datetime": {"datetime": "2021-09-28 15:44:52", "elapsed": 290.155952, "delta": 1.370998}}
{"target": -40.14605382594225, "params": {"max_depth": 10.1496147937841, "n_estimators": 66.92007777611502, "random_state": 2.967155373929673}, "datetime": {"datetime": "2021-09-28 15:44:54", "elapsed": 291.711619, "delta": 1.555667}}
{"target": -39.32998469508661, "params": {"max_depth": 11.143581899802223, "n_estimators": 39.60021770846289, "random_state": 2.0}, "datetime": {"datetime": "2021-09-28 15:44:55", "elapsed": 293.325462, "delta": 1.613843}}
{"target": -38.73272565176458, "params": {"max_depth": 6.00986723893194, "n_estimators": 45.029683826118884, "random_state": 2.3994885098575836}, "datetime": {"datetime": "2021-09-28 15:44:57", "elapsed": 294.877725, "delta": 1.552263}}
{"target": -39.50021830069453, "params": {"max_depth": 6.310424289474733, "n_estimators": 94.12960479721123, "random_state": 2.9984870287317205}, "datetime": {"datetime": "2021-09-28 15:44:58", "elapsed": 296.470869, "delta": 1.593144}}
{"target": -39.369784552267134, "params": {"max_depth": 7.452212431832467, "n_estimators": 65.07096266579924, "random_state": 2.9171620482205736}, "datetime": {"datetime": "2021-09-28 15:45:00", "elapsed": 298.028254, "delta": 1.557385}}
{"target": -40.04660971795484, "params": {"max_depth": 9.678122756882969, "n_estimators": 45.293319524790554, "random_state": 3.0}, "datetime": {"datetime": "2021-09-28 15:45:01", "elapsed": 299.516466, "delta": 1.488212}}
{"target": -38.98023258276424, "params": {"max_depth": 6.734521074954942, "n_estimators": 30.097314772848314, "random_state": 2.0128733602221556}, "datetime": {"datetime": "2021-09-28 15:45:03", "elapsed": 300.686697, "delta": 1.170231}}
{"target": -39.42050862380365, "params": {"max_depth": 13.258030787441744, "n_estimators": 44.979074762658655, "random_state": 2.0316383572193564}, "datetime": {"datetime": "2021-09-28 15:45:04", "elapsed": 301.941697, "delta": 1.255}}
{"target": -39.44507666967031, "params": {"max_depth": 6.74569101227358, "n_estimators": 54.168451188742424, "random_state": 2.9714197686601325}, "datetime": {"datetime": "2021-09-28 15:45:05", "elapsed": 303.46154, "delta": 1.519843}}
{"target": -39.43750807491579, "params": {"max_depth": 6.036477932998653, "n_estimators": 68.64177757291718, "random_state": 2.9823387363344582}, "datetime": {"datetime": "2021-09-28 15:45:07", "elapsed": 305.141992, "delta": 1.680452}}
{"target": -38.653985943766905, "params": {"max_depth": 6.913096982422384, "n_estimators": 43.78124363306503, "random_state": 2.0}, "datetime": {"datetime": "2021-09-28 15:45:09", "elapsed": 306.734021, "delta": 1.592029}}
{"target": -38.62764330683568, "params": {"max_depth": 6.0212209163401145, "n_estimators": 44.290807104738036, "random_state": 2.980630581353986}, "datetime": {"datetime": "2021-09-28 15:45:10", "elapsed": 308.142611, "delta": 1.40859}}
{"target": -38.98584689090116, "params": {"max_depth": 6.0, "n_estimators": 36.7304706406338, "random_state": 2.0}, "datetime": {"datetime": "2021-09-28 15:45:12", "elapsed": 309.575533, "delta": 1.432922}}
{"target": -38.653985943766905, "params": {"max_depth": 6.7054076905517785, "n_estimators": 43.55813129157751, "random_state": 2.6475220311709142}, "datetime": {"datetime": "2021-09-28 15:45:13", "elapsed": 310.925538, "delta": 1.350005}}
{"target": -39.20096268539871, "params": {"max_depth": 6.0, "n_estimators": 47.53428043625934, "random_state": 2.0}, "datetime": {"datetime": "2021-09-28 15:45:14", "elapsed": 312.341533, "delta": 1.415995}}
