{"target": -56.61108583650887, "params": {"max_depth": 3.4916268441252836, "n_estimators": 87.62994427635928, "random_state": 5.081250693747612}, "datetime": {"datetime": "2021-09-29 22:15:30", "elapsed": 321.558055, "delta": 2.118229}}
{"target": -54.90001591634901, "params": {"max_depth": 5.0827599945608295, "n_estimators": 87.61495100074296, "random_state": 3.6034412876479607}, "datetime": {"datetime": "2021-09-29 22:15:32", "elapsed": 323.684303, "delta": 2.126248}}
{"target": -55.50233155943398, "params": {"max_depth": 5.322884159037044, "n_estimators": 86.7797215398964, "random_state": 4.301463378129844}, "datetime": {"datetime": "2021-09-29 22:15:34", "elapsed": 325.246054, "delta": 1.561751}}
{"target": -55.19485872462923, "params": {"max_depth": 4.997403754184515, "n_estimators": 88.66501454268429, "random_state": 4.0463342748656475}, "datetime": {"datetime": "2021-09-29 22:15:35", "elapsed": 327.028268, "delta": 1.782214}}
{"target": -56.610401932749724, "params": {"max_depth": 4.028025351641064, "n_estimators": 87.32851565823754, "random_state": 2.9065785405582734}, "datetime": {"datetime": "2021-09-29 22:15:37", "elapsed": 328.638974, "delta": 1.610706}}
{"target": -56.76031395804987, "params": {"max_depth": 5.913039723049597, "n_estimators": 88.32989330445103, "random_state": 2.516347366518067}, "datetime": {"datetime": "2021-09-29 22:15:39", "elapsed": 330.374199, "delta": 1.735225}}
{"target": -55.468225042670646, "params": {"max_depth": 5.573051718232927, "n_estimators": 90.17643130015948, "random_state": 4.579735814922538}, "datetime": {"datetime": "2021-09-29 22:15:41", "elapsed": 332.25804, "delta": 1.883841}}
{"target": -55.525859308070835, "params": {"max_depth": 5.014568582067031, "n_estimators": 89.14603685673205, "random_state": 5.143033959570387}, "datetime": {"datetime": "2021-09-29 22:15:43", "elapsed": 334.326773, "delta": 2.068733}}
{"target": -55.99407172306478, "params": {"max_depth": 6.452015346338788, "n_estimators": 89.11531646123679, "random_state": 5.120690245217066}, "datetime": {"datetime": "2021-09-29 22:15:45", "elapsed": 336.408745, "delta": 2.081972}}
{"target": -55.7548309441671, "params": {"max_depth": 4.359590924958859, "n_estimators": 90.04849478952286, "random_state": 3.4936425853576925}, "datetime": {"datetime": "2021-09-29 22:15:47", "elapsed": 338.576361, "delta": 2.167616}}
{"target": -55.1834719608117, "params": {"max_depth": 4.902802885517493, "n_estimators": 85.21104517625663, "random_state": 4.421111163424195}, "datetime": {"datetime": "2021-09-29 22:15:49", "elapsed": 340.997255, "delta": 2.420894}}
{"target": -55.71303645156741, "params": {"max_depth": 3.799020834420022, "n_estimators": 85.63664083847607, "random_state": 3.9188254782655045}, "datetime": {"datetime": "2021-09-29 22:15:51", "elapsed": 342.890532, "delta": 1.893277}}
{"target": -55.19523957046615, "params": {"max_depth": 5.796905392498893, "n_estimators": 91.2048394677308, "random_state": 3.3981754627561127}, "datetime": {"datetime": "2021-09-29 22:15:53", "elapsed": 344.848356, "delta": 1.957824}}
{"target": -55.63018105462499, "params": {"max_depth": 5.227380354484252, "n_estimators": 91.68986735760546, "random_state": 4.44848376910162}, "datetime": {"datetime": "2021-09-29 22:15:55", "elapsed": 346.560157, "delta": 1.711801}}
{"target": -56.91792416424447, "params": {"max_depth": 6.805683583880017, "n_estimators": 90.86325769365105, "random_state": 4.101095262066098}, "datetime": {"datetime": "2021-09-29 22:15:57", "elapsed": 348.750536, "delta": 2.190379}}
{"target": -56.59294447410558, "params": {"max_depth": 4.882258750863647, "n_estimators": 92.08922310415126, "random_state": 2.767582064084716}, "datetime": {"datetime": "2021-09-29 22:15:59", "elapsed": 350.794975, "delta": 2.044439}}
{"target": -55.47923411937629, "params": {"max_depth": 4.577187953628671, "n_estimators": 90.56718335869917, "random_state": 5.624416147495597}, "datetime": {"datetime": "2021-09-29 22:16:01", "elapsed": 352.6832, "delta": 1.888225}}
{"target": -56.31962560536016, "params": {"max_depth": 6.065413681173018, "n_estimators": 90.719741051792, "random_state": 2.173289572064543}, "datetime": {"datetime": "2021-09-29 22:16:03", "elapsed": 354.911266, "delta": 2.228066}}
{"target": -56.12330446354176, "params": {"max_depth": 5.367706605861611, "n_estimators": 91.78263818720843, "random_state": 6.4027955672174475}, "datetime": {"datetime": "2021-09-29 22:16:06", "elapsed": 357.272946, "delta": 2.36168}}
{"target": -55.98113012710573, "params": {"max_depth": 3.558128285480488, "n_estimators": 89.94115318206781, "random_state": 6.784193510790458}, "datetime": {"datetime": "2021-09-29 22:16:08", "elapsed": 359.173696, "delta": 1.90075}}
{"target": -56.804615614157626, "params": {"max_depth": 6.085220900985587, "n_estimators": 54.07284678823669, "random_state": 4.467103968132879}, "datetime": {"datetime": "2021-09-29 22:16:09", "elapsed": 360.935057, "delta": 1.761361}}
{"target": -57.07109761027468, "params": {"max_depth": 6.966937182403562, "n_estimators": 75.35458610187868, "random_state": 4.676466689518307}, "datetime": {"datetime": "2021-09-29 22:16:11", "elapsed": 362.715227, "delta": 1.78017}}
{"target": -55.541119196689756, "params": {"max_depth": 4.1641612903355005, "n_estimators": 74.1162406322289, "random_state": 3.8705603550794723}, "datetime": {"datetime": "2021-09-29 22:16:13", "elapsed": 364.791015, "delta": 2.075788}}
{"target": -55.96170879478017, "params": {"max_depth": 3.4043696081569474, "n_estimators": 72.85449828505065, "random_state": 3.003909316867979}, "datetime": {"datetime": "2021-09-29 22:16:15", "elapsed": 367.045592, "delta": 2.254577}}
{"target": -56.38789815395491, "params": {"max_depth": 3.0, "n_estimators": 81.97925748193981, "random_state": 11.0}, "datetime": {"datetime": "2021-09-29 22:16:17", "elapsed": 368.957389, "delta": 1.911797}}
{"target": -55.66821297944069, "params": {"max_depth": 3.655428352300104, "n_estimators": 75.4563607387124, "random_state": 4.012391209643534}, "datetime": {"datetime": "2021-09-29 22:16:20", "elapsed": 371.142885, "delta": 2.185496}}
{"target": -55.943986562877015, "params": {"max_depth": 3.6413125778148507, "n_estimators": 89.86929885527783, "random_state": 4.798293093497039}, "datetime": {"datetime": "2021-09-29 22:16:21", "elapsed": 372.943089, "delta": 1.800204}}
{"target": -55.526573204801224, "params": {"max_depth": 4.1073002795320335, "n_estimators": 62.519673701592865, "random_state": 3.2613033350239076}, "datetime": {"datetime": "2021-09-29 22:16:23", "elapsed": 374.785034, "delta": 1.841945}}
{"target": -57.55923894745171, "params": {"max_depth": 3.8055598715566155, "n_estimators": 63.43808484016208, "random_state": 2.1271659358498045}, "datetime": {"datetime": "2021-09-29 22:16:25", "elapsed": 376.61291, "delta": 1.827876}}
{"target": -55.327819243500834, "params": {"max_depth": 4.093723818921112, "n_estimators": 62.561706148318414, "random_state": 4.4077960924709245}, "datetime": {"datetime": "2021-09-29 22:16:27", "elapsed": 378.618274, "delta": 2.005364}}
{"target": -55.53770613287615, "params": {"max_depth": 4.427023203466562, "n_estimators": 61.421531057171705, "random_state": 3.870613155689467}, "datetime": {"datetime": "2021-09-29 22:16:29", "elapsed": 380.401928, "delta": 1.783654}}
{"target": -56.17285979528801, "params": {"max_depth": 5.41604440024304, "n_estimators": 62.60910516186386, "random_state": 4.197080287769306}, "datetime": {"datetime": "2021-09-29 22:16:31", "elapsed": 382.474149, "delta": 2.072221}}
{"target": -55.178378696698296, "params": {"max_depth": 4.62930238306838, "n_estimators": 87.80110762121828, "random_state": 4.250549235574278}, "datetime": {"datetime": "2021-09-29 22:16:33", "elapsed": 384.377551, "delta": 1.903402}}
{"target": -55.65441051644419, "params": {"max_depth": 3.0385803771997737, "n_estimators": 63.536700884019325, "random_state": 4.733176334887558}, "datetime": {"datetime": "2021-09-29 22:16:35", "elapsed": 386.818993, "delta": 2.441442}}
{"target": -55.65416819141365, "params": {"max_depth": 3.0661138193156883, "n_estimators": 62.0492625426626, "random_state": 4.004648795037089}, "datetime": {"datetime": "2021-09-29 22:16:37", "elapsed": 388.942655, "delta": 2.123662}}
{"target": -56.834170272379346, "params": {"max_depth": 3.1240923728650367, "n_estimators": 67.31889675300283, "random_state": 5.555418502955334}, "datetime": {"datetime": "2021-09-29 22:16:39", "elapsed": 390.584865, "delta": 1.64221}}
{"target": -55.27064604637416, "params": {"max_depth": 4.056653661849262, "n_estimators": 61.87336000733869, "random_state": 5.726501869161874}, "datetime": {"datetime": "2021-09-29 22:16:41", "elapsed": 392.179036, "delta": 1.594171}}
{"target": -56.693806987714524, "params": {"max_depth": 4.070674849348022, "n_estimators": 61.477979910497496, "random_state": 7.199019247199995}, "datetime": {"datetime": "2021-09-29 22:16:42", "elapsed": 393.88921, "delta": 1.710174}}
{"target": -56.863022860128254, "params": {"max_depth": 3.1801278087643734, "n_estimators": 62.34352647277156, "random_state": 5.243697749422516}, "datetime": {"datetime": "2021-09-29 22:16:44", "elapsed": 395.636935, "delta": 1.747725}}
{"target": -55.02245845317659, "params": {"max_depth": 5.259535485537307, "n_estimators": 61.63478829859536, "random_state": 5.793221039848833}, "datetime": {"datetime": "2021-09-29 22:16:46", "elapsed": 397.618071, "delta": 1.981136}}
{"target": -55.27064604637416, "params": {"max_depth": 4.586460180907441, "n_estimators": 61.3693332173302, "random_state": 5.037171023250011}, "datetime": {"datetime": "2021-09-29 22:16:48", "elapsed": 399.487924, "delta": 1.869853}}
{"target": -55.51706286714835, "params": {"max_depth": 4.854473956974175, "n_estimators": 62.62951336116631, "random_state": 5.636087897740401}, "datetime": {"datetime": "2021-09-29 22:16:50", "elapsed": 401.189275, "delta": 1.701351}}
{"target": -56.524884344302585, "params": {"max_depth": 5.931539369380486, "n_estimators": 62.169860599546425, "random_state": 6.595214604587339}, "datetime": {"datetime": "2021-09-29 22:16:52", "elapsed": 403.424101, "delta": 2.234826}}
{"target": -55.09049828311261, "params": {"max_depth": 5.262940664022199, "n_estimators": 60.67032722438681, "random_state": 5.742211000468498}, "datetime": {"datetime": "2021-09-29 22:16:54", "elapsed": 405.120101, "delta": 1.696}}
{"target": -55.34958573955336, "params": {"max_depth": 4.040029692652855, "n_estimators": 64.66938693211209, "random_state": 4.3763567984571825}, "datetime": {"datetime": "2021-09-29 22:16:55", "elapsed": 406.963916, "delta": 1.843815}}
{"target": -55.26861606385302, "params": {"max_depth": 4.729849460247487, "n_estimators": 65.74739555476106, "random_state": 4.797216633725858}, "datetime": {"datetime": "2021-09-29 22:16:57", "elapsed": 408.737664, "delta": 1.773748}}
{"target": -55.642911977611966, "params": {"max_depth": 4.170897542406415, "n_estimators": 64.95927194922345, "random_state": 5.738058717048786}, "datetime": {"datetime": "2021-09-29 22:16:59", "elapsed": 410.731803, "delta": 1.994139}}
{"target": -55.51554266674056, "params": {"max_depth": 3.396973171552987, "n_estimators": 65.59020851099717, "random_state": 4.512088983105114}, "datetime": {"datetime": "2021-09-29 22:17:01", "elapsed": 412.527628, "delta": 1.795825}}
{"target": -54.702913163907105, "params": {"max_depth": 5.154613017305256, "n_estimators": 66.73223328583043, "random_state": 3.891084447525751}, "datetime": {"datetime": "2021-09-29 22:17:03", "elapsed": 414.906877, "delta": 2.379249}}
{"target": -55.786795752972864, "params": {"max_depth": 5.646963921363781, "n_estimators": 67.00279853891048, "random_state": 4.718709322667124}, "datetime": {"datetime": "2021-09-29 22:17:05", "elapsed": 416.647967, "delta": 1.74109}}
{"target": -55.40497811637929, "params": {"max_depth": 4.733797255094731, "n_estimators": 65.91999680794255, "random_state": 3.528581375849913}, "datetime": {"datetime": "2021-09-29 22:17:07", "elapsed": 418.325802, "delta": 1.677835}}
{"target": -54.747240356099915, "params": {"max_depth": 5.5565871911377105, "n_estimators": 67.2020370481685, "random_state": 3.082655043326583}, "datetime": {"datetime": "2021-09-29 22:17:09", "elapsed": 420.757007, "delta": 2.431205}}
{"target": -55.667181074348534, "params": {"max_depth": 6.102567241253224, "n_estimators": 66.48396751388671, "random_state": 3.037720491032978}, "datetime": {"datetime": "2021-09-29 22:17:11", "elapsed": 422.945112, "delta": 2.188105}}
{"target": -55.30482409742062, "params": {"max_depth": 4.640958944189882, "n_estimators": 67.73866173980102, "random_state": 3.653702947630091}, "datetime": {"datetime": "2021-09-29 22:17:13", "elapsed": 424.825187, "delta": 1.880075}}
{"target": -54.91959943338659, "params": {"max_depth": 5.974878245409087, "n_estimators": 68.18688382787562, "random_state": 3.3110609856683837}, "datetime": {"datetime": "2021-09-29 22:17:15", "elapsed": 426.521979, "delta": 1.696792}}
{"target": -56.86643547394704, "params": {"max_depth": 5.189931649370944, "n_estimators": 68.0910813353621, "random_state": 2.434121654159415}, "datetime": {"datetime": "2021-09-29 22:17:17", "elapsed": 428.533766, "delta": 2.011787}}
{"target": -54.747240356099915, "params": {"max_depth": 5.720771805293094, "n_estimators": 67.61487019085507, "random_state": 3.7591702278340935}, "datetime": {"datetime": "2021-09-29 22:17:19", "elapsed": 430.303389, "delta": 1.769623}}
{"target": -55.94298422813366, "params": {"max_depth": 6.695284609028278, "n_estimators": 68.20797017274808, "random_state": 3.8584876741890994}, "datetime": {"datetime": "2021-09-29 22:17:21", "elapsed": 432.309583, "delta": 2.006194}}
{"target": -57.19404718124458, "params": {"max_depth": 7.0, "n_estimators": 92.03473851425994, "random_state": 11.0}, "datetime": {"datetime": "2021-09-29 22:17:22", "elapsed": 434.063921, "delta": 1.754338}}
{"target": -55.12250445544695, "params": {"max_depth": 4.025117055126541, "n_estimators": 66.56470820647132, "random_state": 4.289265461790373}, "datetime": {"datetime": "2021-09-29 22:17:24", "elapsed": 435.654659, "delta": 1.590738}}
{"target": -58.88740765269698, "params": {"max_depth": 7.0, "n_estimators": 97.08613131310638, "random_state": 1.0}, "datetime": {"datetime": "2021-09-29 22:17:26", "elapsed": 437.471087, "delta": 1.816428}}
{"target": -57.55006175946862, "params": {"max_depth": 7.0, "n_estimators": 29.05114044951914, "random_state": 6.8918301476212624}, "datetime": {"datetime": "2021-09-29 22:17:28", "elapsed": 439.608723, "delta": 2.137636}}
{"target": -55.800103287621226, "params": {"max_depth": 3.547733193305165, "n_estimators": 96.35672002737063, "random_state": 4.497069578365192}, "datetime": {"datetime": "2021-09-29 22:17:30", "elapsed": 441.525069, "delta": 1.916346}}
{"target": -55.63796507332647, "params": {"max_depth": 4.9497839026951365, "n_estimators": 95.20484720850851, "random_state": 5.327751255859498}, "datetime": {"datetime": "2021-09-29 22:17:32", "elapsed": 443.740385, "delta": 2.215316}}
{"target": -56.07024917340384, "params": {"max_depth": 3.4908170272893497, "n_estimators": 95.23199914080617, "random_state": 6.363632701424818}, "datetime": {"datetime": "2021-09-29 22:17:34", "elapsed": 445.623675, "delta": 1.88329}}
{"target": -55.541957936492025, "params": {"max_depth": 5.718058527132225, "n_estimators": 96.35840468638514, "random_state": 4.0854126682468}, "datetime": {"datetime": "2021-09-29 22:17:36", "elapsed": 447.728593, "delta": 2.104918}}
{"target": -55.78664260346462, "params": {"max_depth": 4.694098778178391, "n_estimators": 95.23189105733161, "random_state": 3.650927386512654}, "datetime": {"datetime": "2021-09-29 22:17:39", "elapsed": 450.514098, "delta": 2.785505}}
{"target": -55.733757821760086, "params": {"max_depth": 5.00581615180488, "n_estimators": 97.15171049700642, "random_state": 5.247901174943429}, "datetime": {"datetime": "2021-09-29 22:17:41", "elapsed": 452.947713, "delta": 2.433615}}
{"target": -56.13088020896812, "params": {"max_depth": 6.933480118763923, "n_estimators": 94.81228990972653, "random_state": 5.153244206178105}, "datetime": {"datetime": "2021-09-29 22:17:43", "elapsed": 454.810781, "delta": 1.863068}}
{"target": -55.7757119639001, "params": {"max_depth": 3.5774371124649718, "n_estimators": 98.23138926439627, "random_state": 4.396049490614697}, "datetime": {"datetime": "2021-09-29 22:17:45", "elapsed": 456.79059, "delta": 1.979809}}
{"target": -55.89288426025174, "params": {"max_depth": 4.654118663090015, "n_estimators": 97.21497990029911, "random_state": 3.4147976224085292}, "datetime": {"datetime": "2021-09-29 22:17:48", "elapsed": 459.110186, "delta": 2.319596}}
{"target": -56.45789889430799, "params": {"max_depth": 6.930142502407353, "n_estimators": 67.7836931979038, "random_state": 2.37187315035571}, "datetime": {"datetime": "2021-09-29 22:17:50", "elapsed": 461.529568, "delta": 2.419382}}
{"target": -58.29643307305483, "params": {"max_depth": 5.3886916633739075, "n_estimators": 65.73999517799793, "random_state": 7.192461782664934}, "datetime": {"datetime": "2021-09-29 22:17:52", "elapsed": 463.237861, "delta": 1.708293}}
{"target": -58.13504055677598, "params": {"max_depth": 6.959148011505928, "n_estimators": 82.34200063338491, "random_state": 1.0377029280715946}, "datetime": {"datetime": "2021-09-29 22:17:54", "elapsed": 465.614682, "delta": 2.376821}}
{"target": -56.92570231886476, "params": {"max_depth": 3.0, "n_estimators": 27.533313503254927, "random_state": 6.757084044152607}, "datetime": {"datetime": "2021-09-29 22:17:56", "elapsed": 467.417443, "delta": 1.802761}}
{"target": -56.892294578671724, "params": {"max_depth": 6.72300094679228, "n_estimators": 97.57796601824492, "random_state": 4.438521666826781}, "datetime": {"datetime": "2021-09-29 22:17:58", "elapsed": 469.599473, "delta": 2.18203}}
{"target": -55.77143210689318, "params": {"max_depth": 3.162849841878941, "n_estimators": 22.3232662440452, "random_state": 3.3902686538400273}, "datetime": {"datetime": "2021-09-29 22:18:00", "elapsed": 471.48713, "delta": 1.887657}}
{"target": -57.54996226590665, "params": {"max_depth": 3.2007433751152057, "n_estimators": 37.21398043037186, "random_state": 9.768631462236877}, "datetime": {"datetime": "2021-09-29 22:18:01", "elapsed": 473.049523, "delta": 1.562393}}
{"target": -55.32686080168039, "params": {"max_depth": 4.615429811562898, "n_estimators": 66.85418564587731, "random_state": 3.262908548450498}, "datetime": {"datetime": "2021-09-29 22:18:03", "elapsed": 474.87837, "delta": 1.828847}}
{"target": -56.57549172955627, "params": {"max_depth": 3.008543001560636, "n_estimators": 22.297146032069318, "random_state": 1.247686042138181}, "datetime": {"datetime": "2021-09-29 22:18:05", "elapsed": 476.483593, "delta": 1.605223}}
{"target": -53.78604802778849, "params": {"max_depth": 3.0, "n_estimators": 23.701458473924905, "random_state": 4.636332719286162}, "datetime": {"datetime": "2021-09-29 22:18:07", "elapsed": 478.472228, "delta": 1.988635}}
{"target": -53.90159370857095, "params": {"max_depth": 3.1218451506370655, "n_estimators": 24.315010815001735, "random_state": 4.065286799929352}, "datetime": {"datetime": "2021-09-29 22:18:08", "elapsed": 480.061878, "delta": 1.58965}}
{"target": -53.78604802778849, "params": {"max_depth": 3.8071414848619103, "n_estimators": 23.93619526571625, "random_state": 4.746977456086156}, "datetime": {"datetime": "2021-09-29 22:18:10", "elapsed": 481.690477, "delta": 1.628599}}
{"target": -53.90159370857095, "params": {"max_depth": 3.18560399057059, "n_estimators": 24.437460078978607, "random_state": 4.904051136947591}, "datetime": {"datetime": "2021-09-29 22:18:12", "elapsed": 483.537358, "delta": 1.846881}}
{"target": -56.30949080643474, "params": {"max_depth": 3.3307265134749544, "n_estimators": 23.51863994516129, "random_state": 5.595730949614221}, "datetime": {"datetime": "2021-09-29 22:18:14", "elapsed": 485.325867, "delta": 1.788509}}
{"target": -53.78604802778849, "params": {"max_depth": 3.6172402807711865, "n_estimators": 23.664766740838733, "random_state": 4.06881444161315}, "datetime": {"datetime": "2021-09-29 22:18:16", "elapsed": 487.333195, "delta": 2.007328}}
{"target": -53.90159370857095, "params": {"max_depth": 3.854048919485658, "n_estimators": 24.49340955969222, "random_state": 4.3092268236843}, "datetime": {"datetime": "2021-09-29 22:18:17", "elapsed": 489.035715, "delta": 1.70252}}
{"target": -53.78604802778849, "params": {"max_depth": 3.484291535310986, "n_estimators": 23.832030995547964, "random_state": 4.513096383260349}, "datetime": {"datetime": "2021-09-29 22:18:19", "elapsed": 491.059655, "delta": 2.02394}}
{"target": -54.09631161401147, "params": {"max_depth": 4.005534070092576, "n_estimators": 24.583207972902777, "random_state": 4.897208777986685}, "datetime": {"datetime": "2021-09-29 22:18:21", "elapsed": 492.778235, "delta": 1.71858}}
{"target": -55.666312338226085, "params": {"max_depth": 3.0, "n_estimators": 23.5555846017531, "random_state": 3.8547944830939573}, "datetime": {"datetime": "2021-09-29 22:18:23", "elapsed": 494.543603, "delta": 1.765368}}
{"target": -54.07071447995474, "params": {"max_depth": 4.3515210811416605, "n_estimators": 23.665529306016996, "random_state": 4.237709709118841}, "datetime": {"datetime": "2021-09-29 22:18:25", "elapsed": 496.923968, "delta": 2.380365}}
{"target": -55.83118532373151, "params": {"max_depth": 4.049580053558543, "n_estimators": 23.758763001582636, "random_state": 3.6852819986499474}, "datetime": {"datetime": "2021-09-29 22:18:27", "elapsed": 498.615324, "delta": 1.691356}}
{"target": -53.986011636347506, "params": {"max_depth": 3.03740113095392, "n_estimators": 25.06061650916747, "random_state": 4.393719466041505}, "datetime": {"datetime": "2021-09-29 22:18:29", "elapsed": 500.642504, "delta": 2.02718}}
