{"target": -58.59495710136727, "params": {"max_depth": 13.480752269076634, "n_estimators": 79.00626666203148, "random_state": 11.0}, "datetime": {"datetime": "2021-09-29 21:52:18", "elapsed": 82.577818, "delta": 1.260658}}
{"target": -59.053492601219105, "params": {"max_depth": 23.499931874644922, "n_estimators": 51.1000710935619, "random_state": 1.0}, "datetime": {"datetime": "2021-09-29 21:52:19", "elapsed": 83.576297, "delta": 0.998479}}
{"target": -59.9318638627106, "params": {"max_depth": 22.177260067941713, "n_estimators": 75.94605597726476, "random_state": 1.0}, "datetime": {"datetime": "2021-09-29 21:52:21", "elapsed": 84.837088, "delta": 1.260791}}
{"target": -60.101232426873885, "params": {"max_depth": 29.521043318004565, "n_estimators": 18.80150145148466, "random_state": 10.978680462428223}, "datetime": {"datetime": "2021-09-29 21:52:21", "elapsed": 85.570208, "delta": 0.73312}}
{"target": -62.38836229031622, "params": {"max_depth": 1.0, "n_estimators": 79.50566667197855, "random_state": 1.0}, "datetime": {"datetime": "2021-09-29 21:52:22", "elapsed": 86.719625, "delta": 1.149417}}
{"target": -58.280965221663074, "params": {"max_depth": 25.314923148612348, "n_estimators": 35.631091441853386, "random_state": 3.6114061007852882}, "datetime": {"datetime": "2021-09-29 21:52:23", "elapsed": 87.617625, "delta": 0.898}}
{"target": -60.768391554314704, "params": {"max_depth": 10.275243955338203, "n_estimators": 18.05669359982329, "random_state": 11.0}, "datetime": {"datetime": "2021-09-29 21:52:24", "elapsed": 88.303624, "delta": 0.685999}}
{"target": -60.18127378707003, "params": {"max_depth": 12.59128278346254, "n_estimators": 62.623572065838836, "random_state": 1.1857441135201254}, "datetime": {"datetime": "2021-09-29 21:52:25", "elapsed": 89.494103, "delta": 1.190479}}
{"target": -56.026513688053015, "params": {"max_depth": 4.423418008957247, "n_estimators": 89.08714027136216, "random_state": 10.895256564942818}, "datetime": {"datetime": "2021-09-29 21:52:26", "elapsed": 90.552103, "delta": 1.058}}
{"target": -58.69325143914841, "params": {"max_depth": 9.429835967707769, "n_estimators": 93.6532086508457, "random_state": 7.354938197558369}, "datetime": {"datetime": "2021-09-29 21:52:28", "elapsed": 91.909024, "delta": 1.356921}}
{"target": -59.88652514606253, "params": {"max_depth": 21.864278750978663, "n_estimators": 100.0, "random_state": 7.075819574265363}, "datetime": {"datetime": "2021-09-29 21:52:29", "elapsed": 93.41166, "delta": 1.502636}}
{"target": -57.970411778107525, "params": {"max_depth": 30.0, "n_estimators": 65.41544814421856, "random_state": 11.0}, "datetime": {"datetime": "2021-09-29 21:52:30", "elapsed": 94.635662, "delta": 1.224002}}
{"target": -63.07993632169855, "params": {"max_depth": 1.0, "n_estimators": 19.231256973419555, "random_state": 11.0}, "datetime": {"datetime": "2021-09-29 21:52:31", "elapsed": 95.185508, "delta": 0.549846}}
{"target": -56.715905532350064, "params": {"max_depth": 7.912480398020301, "n_estimators": 84.07036403741205, "random_state": 10.900867448551553}, "datetime": {"datetime": "2021-09-29 21:52:32", "elapsed": 96.447511, "delta": 1.262003}}
{"target": -55.78215530204791, "params": {"max_depth": 4.113512345177658, "n_estimators": 65.4420958402191, "random_state": 11.0}, "datetime": {"datetime": "2021-09-29 21:52:33", "elapsed": 97.580364, "delta": 1.132853}}
{"target": -56.99772794654845, "params": {"max_depth": 8.828936201021179, "n_estimators": 70.68687533564062, "random_state": 10.933406682572596}, "datetime": {"datetime": "2021-09-29 21:52:35", "elapsed": 98.798584, "delta": 1.21822}}
{"target": -56.500117699503996, "params": {"max_depth": 7.045119921043436, "n_estimators": 58.94299682769491, "random_state": 10.68575796421247}, "datetime": {"datetime": "2021-09-29 21:52:36", "elapsed": 100.018586, "delta": 1.220002}}
{"target": -59.16640041736172, "params": {"max_depth": 19.956648336738123, "n_estimators": 18.444750518959, "random_state": 1.0}, "datetime": {"datetime": "2021-09-29 21:52:37", "elapsed": 101.06235, "delta": 1.043764}}
{"target": -57.63563194381279, "params": {"max_depth": 22.309063376248616, "n_estimators": 47.69316331939209, "random_state": 11.0}, "datetime": {"datetime": "2021-09-29 21:52:38", "elapsed": 102.187974, "delta": 1.125624}}
{"target": -58.39678633440719, "params": {"max_depth": 21.581545969858027, "n_estimators": 66.38872086572307, "random_state": 4.030475500375108}, "datetime": {"datetime": "2021-09-29 21:52:39", "elapsed": 103.437675, "delta": 1.249701}}
{"target": -58.12478179090436, "params": {"max_depth": 7.110288811220439, "n_estimators": 65.30032191199692, "random_state": 7.455273856554163}, "datetime": {"datetime": "2021-09-29 21:52:40", "elapsed": 104.639676, "delta": 1.202001}}
{"target": -62.479682731122686, "params": {"max_depth": 1.0, "n_estimators": 61.827611312245295, "random_state": 11.0}, "datetime": {"datetime": "2021-09-29 21:52:41", "elapsed": 105.664676, "delta": 1.025}}
{"target": -60.45428478302526, "params": {"max_depth": 14.907079651751154, "n_estimators": 92.20559721260156, "random_state": 1.0676711820460918}, "datetime": {"datetime": "2021-09-29 21:52:43", "elapsed": 107.263655, "delta": 1.598979}}
{"target": -56.6923565950145, "params": {"max_depth": 28.76128170391828, "n_estimators": 52.962595703365224, "random_state": 5.534720192254861}, "datetime": {"datetime": "2021-09-29 21:52:44", "elapsed": 108.351657, "delta": 1.088002}}
{"target": -57.841064516632215, "params": {"max_depth": 25.802716728730804, "n_estimators": 59.6297948542074, "random_state": 6.779370643307743}, "datetime": {"datetime": "2021-09-29 21:52:45", "elapsed": 109.707261, "delta": 1.355604}}
{"target": -56.75543330468449, "params": {"max_depth": 10.917901249072715, "n_estimators": 81.41530627564742, "random_state": 3.8353874777985624}, "datetime": {"datetime": "2021-09-29 21:52:47", "elapsed": 111.033256, "delta": 1.325995}}
{"target": -58.41085821545431, "params": {"max_depth": 10.461809904401798, "n_estimators": 86.90276981304194, "random_state": 5.923240887591654}, "datetime": {"datetime": "2021-09-29 21:52:48", "elapsed": 112.439932, "delta": 1.406676}}
{"target": -57.44355379029022, "params": {"max_depth": 2.232778428013393, "n_estimators": 69.66945579359428, "random_state": 11.0}, "datetime": {"datetime": "2021-09-29 21:52:49", "elapsed": 113.541173, "delta": 1.101241}}
{"target": -60.11330318816713, "params": {"max_depth": 18.936760424452686, "n_estimators": 38.38152416309702, "random_state": 1.0875263171600882}, "datetime": {"datetime": "2021-09-29 21:52:50", "elapsed": 114.648173, "delta": 1.107}}
{"target": -57.606323055815146, "params": {"max_depth": 19.17873784930737, "n_estimators": 84.96522811751922, "random_state": 10.835685724461591}, "datetime": {"datetime": "2021-09-29 21:52:52", "elapsed": 116.13786, "delta": 1.489687}}
{"target": -63.098364300172335, "params": {"max_depth": 1.0, "n_estimators": 86.30734819412423, "random_state": 11.0}, "datetime": {"datetime": "2021-09-29 21:52:53", "elapsed": 117.284602, "delta": 1.146742}}
{"target": -57.123665874209415, "params": {"max_depth": 16.67637974663323, "n_estimators": 57.60377263676959, "random_state": 10.010651970508686}, "datetime": {"datetime": "2021-09-29 21:52:54", "elapsed": 118.458602, "delta": 1.174}}
{"target": -57.595275251832156, "params": {"max_depth": 8.07925049767003, "n_estimators": 90.48571806032469, "random_state": 11.0}, "datetime": {"datetime": "2021-09-29 21:52:56", "elapsed": 119.922739, "delta": 1.464137}}
{"target": -58.426331318327286, "params": {"max_depth": 10.478243650046007, "n_estimators": 57.43663684058431, "random_state": 6.58826952779441}, "datetime": {"datetime": "2021-09-29 21:52:57", "elapsed": 120.990018, "delta": 1.067279}}
{"target": -57.918579686314345, "params": {"max_depth": 9.315784868176376, "n_estimators": 100.0, "random_state": 11.0}, "datetime": {"datetime": "2021-09-29 21:52:59", "elapsed": 122.777502, "delta": 1.787484}}
{"target": -60.262629331798436, "params": {"max_depth": 24.29488469458719, "n_estimators": 71.95616842500948, "random_state": 7.486692081730693}, "datetime": {"datetime": "2021-09-29 21:53:00", "elapsed": 124.339078, "delta": 1.561576}}
{"target": -59.13881787095575, "params": {"max_depth": 8.425429761232957, "n_estimators": 100.0, "random_state": 1.0}, "datetime": {"datetime": "2021-09-29 21:53:02", "elapsed": 125.771322, "delta": 1.432244}}
{"target": -59.376118539569056, "params": {"max_depth": 16.913156785438062, "n_estimators": 27.461509376685274, "random_state": 11.0}, "datetime": {"datetime": "2021-09-29 21:53:02", "elapsed": 126.734324, "delta": 0.963002}}
{"target": -57.614488528976146, "params": {"max_depth": 29.7229495994019, "n_estimators": 43.048827578805266, "random_state": 10.786955830798886}, "datetime": {"datetime": "2021-09-29 21:53:04", "elapsed": 127.856321, "delta": 1.121997}}
{"target": -59.886999367618344, "params": {"max_depth": 10.43375437472017, "n_estimators": 22.945244319015774, "random_state": 1.0}, "datetime": {"datetime": "2021-09-29 21:53:05", "elapsed": 128.968252, "delta": 1.111931}}
{"target": -57.378360314887985, "params": {"max_depth": 25.37789938879142, "n_estimators": 46.6221886141187, "random_state": 6.138276358525818}, "datetime": {"datetime": "2021-09-29 21:53:06", "elapsed": 130.229254, "delta": 1.261002}}
{"target": -57.700449248853594, "params": {"max_depth": 19.563019668374835, "n_estimators": 52.42967467593281, "random_state": 6.292420946252674}, "datetime": {"datetime": "2021-09-29 21:53:07", "elapsed": 131.543129, "delta": 1.313875}}
{"target": -58.1268888044921, "params": {"max_depth": 18.02012758684345, "n_estimators": 92.98826446892363, "random_state": 11.0}, "datetime": {"datetime": "2021-09-29 21:53:09", "elapsed": 133.193983, "delta": 1.650854}}
{"target": -56.28375789978447, "params": {"max_depth": 8.983308082724736, "n_estimators": 76.05423539276725, "random_state": 6.59183480760979}, "datetime": {"datetime": "2021-09-29 21:53:10", "elapsed": 134.526524, "delta": 1.332541}}
{"target": -58.124619762115884, "params": {"max_depth": 15.967072492537449, "n_estimators": 77.97032059593748, "random_state": 5.411651436448007}, "datetime": {"datetime": "2021-09-29 21:53:12", "elapsed": 135.97608, "delta": 1.449556}}
{"target": -59.78700235779579, "params": {"max_depth": 24.569893937611, "n_estimators": 95.47684996520593, "random_state": 1.1893981474053252}, "datetime": {"datetime": "2021-09-29 21:53:13", "elapsed": 137.723603, "delta": 1.747523}}
{"target": -56.51702618925116, "params": {"max_depth": 30.0, "n_estimators": 37.8008315133451, "random_state": 5.973399435288981}, "datetime": {"datetime": "2021-09-29 21:53:15", "elapsed": 138.769603, "delta": 1.046}}
{"target": -56.986886157433226, "params": {"max_depth": 29.483000936170125, "n_estimators": 32.093359116651115, "random_state": 6.0486414238428665}, "datetime": {"datetime": "2021-09-29 21:53:16", "elapsed": 139.870267, "delta": 1.100664}}
{"target": -60.993974005480226, "params": {"max_depth": 29.753491718930597, "n_estimators": 33.836379657400414, "random_state": 1.0189735459180795}, "datetime": {"datetime": "2021-09-29 21:53:17", "elapsed": 140.921966, "delta": 1.051699}}
{"target": -57.97435466078329, "params": {"max_depth": 23.521539173179065, "n_estimators": 26.06706331613673, "random_state": 6.406898758048583}, "datetime": {"datetime": "2021-09-29 21:53:18", "elapsed": 142.033596, "delta": 1.11163}}
{"target": -59.82966988413098, "params": {"max_depth": 8.62390164648059, "n_estimators": 78.25348152680614, "random_state": 1.0190402989127336}, "datetime": {"datetime": "2021-09-29 21:53:19", "elapsed": 143.467767, "delta": 1.434171}}
{"target": -56.676463459154945, "params": {"max_depth": 13.475424967527577, "n_estimators": 72.21378539787975, "random_state": 8.07294579284728}, "datetime": {"datetime": "2021-09-29 21:53:21", "elapsed": 144.79877, "delta": 1.331003}}
{"target": -57.211337549266375, "params": {"max_depth": 20.090929200855708, "n_estimators": 36.97538533457368, "random_state": 11.0}, "datetime": {"datetime": "2021-09-29 21:53:22", "elapsed": 146.021437, "delta": 1.222667}}
{"target": -58.49475085917455, "params": {"max_depth": 23.920685982129214, "n_estimators": 82.08063600493763, "random_state": 5.645325992715324}, "datetime": {"datetime": "2021-09-29 21:53:23", "elapsed": 147.6035, "delta": 1.582063}}
{"target": -56.74644130016813, "params": {"max_depth": 4.594873585276151, "n_estimators": 56.01642796708721, "random_state": 1.1018304882891297}, "datetime": {"datetime": "2021-09-29 21:53:24", "elapsed": 148.686498, "delta": 1.082998}}
{"target": -59.053492601219105, "params": {"max_depth": 30.0, "n_estimators": 51.23785742755144, "random_state": 1.0}, "datetime": {"datetime": "2021-09-29 21:53:26", "elapsed": 149.961359, "delta": 1.274861}}
{"target": -57.20166458871559, "params": {"max_depth": 7.768374443218039, "n_estimators": 63.85229091072675, "random_state": 11.0}, "datetime": {"datetime": "2021-09-29 21:53:27", "elapsed": 151.205853, "delta": 1.244494}}
{"target": -55.83889941848648, "params": {"max_depth": 6.138859498535754, "n_estimators": 71.38567758850195, "random_state": 5.9682308284104115}, "datetime": {"datetime": "2021-09-29 21:53:28", "elapsed": 152.563442, "delta": 1.357589}}
{"target": -64.40847173825827, "params": {"max_depth": 18.177819349832127, "n_estimators": 13.274485878577133, "random_state": 11.0}, "datetime": {"datetime": "2021-09-29 21:53:29", "elapsed": 153.613047, "delta": 1.049605}}
{"target": -62.25551911144264, "params": {"max_depth": 1.0, "n_estimators": 53.98637640789045, "random_state": 1.0}, "datetime": {"datetime": "2021-09-29 21:53:31", "elapsed": 154.800046, "delta": 1.186999}}
{"target": -58.947718234157655, "params": {"max_depth": 25.651512804905153, "n_estimators": 35.9179081417433, "random_state": 8.723234084864712}, "datetime": {"datetime": "2021-09-29 21:53:32", "elapsed": 155.846317, "delta": 1.046271}}
{"target": -58.78714467035645, "params": {"max_depth": 9.070629854116078, "n_estimators": 56.43127325316217, "random_state": 1.0}, "datetime": {"datetime": "2021-09-29 21:53:33", "elapsed": 157.172026, "delta": 1.325709}}
{"target": -60.56824421879916, "params": {"max_depth": 1.0, "n_estimators": 12.284098794864091, "random_state": 1.0}, "datetime": {"datetime": "2021-09-29 21:53:34", "elapsed": 158.209032, "delta": 1.037006}}
{"target": -56.43310751512393, "params": {"max_depth": 3.5177900389309724, "n_estimators": 92.79928932118669, "random_state": 10.954351297821537}, "datetime": {"datetime": "2021-09-29 21:53:35", "elapsed": 159.369259, "delta": 1.160227}}
{"target": -59.581164414747064, "params": {"max_depth": 17.379620302259486, "n_estimators": 66.86509332362245, "random_state": 7.352995458713634}, "datetime": {"datetime": "2021-09-29 21:53:37", "elapsed": 160.809262, "delta": 1.440003}}
{"target": -60.449093096233, "params": {"max_depth": 24.994801738488142, "n_estimators": 51.43110658436485, "random_state": 7.3149353436062485}, "datetime": {"datetime": "2021-09-29 21:53:38", "elapsed": 162.131673, "delta": 1.322411}}
{"target": -58.17355922033796, "params": {"max_depth": 24.03775240667849, "n_estimators": 41.88799653526977, "random_state": 4.7538450556538}, "datetime": {"datetime": "2021-09-29 21:53:39", "elapsed": 163.359893, "delta": 1.22822}}
{"target": -57.24086169223486, "params": {"max_depth": 12.191721261032841, "n_estimators": 100.0, "random_state": 6.323320593007392}, "datetime": {"datetime": "2021-09-29 21:53:41", "elapsed": 164.910457, "delta": 1.550564}}
{"target": -60.155466173286584, "params": {"max_depth": 19.21815956944713, "n_estimators": 46.71759821915945, "random_state": 1.1007140943310691}, "datetime": {"datetime": "2021-09-29 21:53:42", "elapsed": 166.04794, "delta": 1.137483}}
{"target": -57.69483899538559, "params": {"max_depth": 30.0, "n_estimators": 63.52469833678095, "random_state": 5.6677061389227275}, "datetime": {"datetime": "2021-09-29 21:53:43", "elapsed": 167.488516, "delta": 1.440576}}
{"target": -59.845232068006695, "params": {"max_depth": 23.88767309371808, "n_estimators": 63.15398624900683, "random_state": 1.0155053246158154}, "datetime": {"datetime": "2021-09-29 21:53:45", "elapsed": 169.015303, "delta": 1.526787}}
{"target": -57.01606434705512, "params": {"max_depth": 4.56099081530461, "n_estimators": 90.4594414371975, "random_state": 7.267674031137509}, "datetime": {"datetime": "2021-09-29 21:53:46", "elapsed": 170.562303, "delta": 1.547}}
{"target": -57.46048797346399, "params": {"max_depth": 25.16853772672683, "n_estimators": 84.29985017200546, "random_state": 10.890989272461713}, "datetime": {"datetime": "2021-09-29 21:53:48", "elapsed": 172.573146, "delta": 2.010843}}
{"target": -56.34490888471476, "params": {"max_depth": 8.132711990073416, "n_estimators": 81.6126302947465, "random_state": 6.881258072593628}, "datetime": {"datetime": "2021-09-29 21:53:50", "elapsed": 174.058418, "delta": 1.485272}}
{"target": -57.795643325142244, "params": {"max_depth": 30.0, "n_estimators": 56.735377806763616, "random_state": 6.3014077072677415}, "datetime": {"datetime": "2021-09-29 21:53:51", "elapsed": 175.661418, "delta": 1.603}}
{"target": -56.986886157433226, "params": {"max_depth": 19.407486441379987, "n_estimators": 32.73550545287523, "random_state": 6.930183503020057}, "datetime": {"datetime": "2021-09-29 21:53:53", "elapsed": 177.078337, "delta": 1.416919}}
{"target": -56.93971176854779, "params": {"max_depth": 9.89494028009885, "n_estimators": 71.01776461697676, "random_state": 6.123799377031947}, "datetime": {"datetime": "2021-09-29 21:53:54", "elapsed": 178.678338, "delta": 1.600001}}
{"target": -56.170632811275944, "params": {"max_depth": 5.33027812124734, "n_estimators": 58.44892451987557, "random_state": 4.9924456481624855}, "datetime": {"datetime": "2021-09-29 21:53:56", "elapsed": 180.153638, "delta": 1.4753}}
{"target": -63.50276251821242, "params": {"max_depth": 1.0, "n_estimators": 71.39088834891534, "random_state": 5.017179990004795}, "datetime": {"datetime": "2021-09-29 21:53:57", "elapsed": 181.225493, "delta": 1.071855}}
{"target": -57.0208785036577, "params": {"max_depth": 8.63191437946739, "n_estimators": 76.5610290755029, "random_state": 10.861748241341253}, "datetime": {"datetime": "2021-09-29 21:53:58", "elapsed": 182.721188, "delta": 1.495695}}
{"target": -58.35856457521443, "params": {"max_depth": 5.8153988843325575, "n_estimators": 60.26488838401961, "random_state": 1.0}, "datetime": {"datetime": "2021-09-29 21:54:00", "elapsed": 184.071477, "delta": 1.350289}}
{"target": -58.384249951416365, "params": {"max_depth": 20.653518719319386, "n_estimators": 58.552208017158094, "random_state": 8.09257291571667}, "datetime": {"datetime": "2021-09-29 21:54:01", "elapsed": 185.53177, "delta": 1.460293}}
{"target": -57.595536064876065, "params": {"max_depth": 18.40597337281132, "n_estimators": 52.67389538237033, "random_state": 11.0}, "datetime": {"datetime": "2021-09-29 21:54:02", "elapsed": 186.735353, "delta": 1.203583}}
{"target": -57.378360314887985, "params": {"max_depth": 30.0, "n_estimators": 46.579497930693414, "random_state": 6.281098790271895}, "datetime": {"datetime": "2021-09-29 21:54:04", "elapsed": 188.090071, "delta": 1.354718}}
{"target": -55.83010969276786, "params": {"max_depth": 5.5751768122040275, "n_estimators": 68.7152664188925, "random_state": 9.869494168100251}, "datetime": {"datetime": "2021-09-29 21:54:05", "elapsed": 189.351629, "delta": 1.261558}}
{"target": -59.73890334689009, "params": {"max_depth": 24.992697854378463, "n_estimators": 21.372819776631548, "random_state": 1.0}, "datetime": {"datetime": "2021-09-29 21:54:06", "elapsed": 190.61663, "delta": 1.265001}}
{"target": -57.11169535404876, "params": {"max_depth": 12.341174097148539, "n_estimators": 82.72405530261268, "random_state": 8.00804835233124}, "datetime": {"datetime": "2021-09-29 21:54:08", "elapsed": 192.274786, "delta": 1.658156}}
{"target": -55.678479375538735, "params": {"max_depth": 6.739332491342767, "n_estimators": 73.12035159994016, "random_state": 8.583097295181346}, "datetime": {"datetime": "2021-09-29 21:54:09", "elapsed": 193.623411, "delta": 1.348625}}
{"target": -57.40455831935544, "params": {"max_depth": 29.81170558217864, "n_estimators": 96.71205599965512, "random_state": 10.995924390651847}, "datetime": {"datetime": "2021-09-29 21:54:11", "elapsed": 195.460161, "delta": 1.83675}}
{"target": -56.921137731188445, "params": {"max_depth": 9.882954303327956, "n_estimators": 56.77368125434276, "random_state": 10.957742969830296}, "datetime": {"datetime": "2021-09-29 21:54:13", "elapsed": 196.813795, "delta": 1.353634}}
{"target": -58.119282262143, "params": {"max_depth": 23.337213944980697, "n_estimators": 30.47155327584394, "random_state": 3.831641950919348}, "datetime": {"datetime": "2021-09-29 21:54:14", "elapsed": 198.140933, "delta": 1.327138}}
{"target": -58.889620111899475, "params": {"max_depth": 17.26291784643861, "n_estimators": 53.91858124465204, "random_state": 1.0}, "datetime": {"datetime": "2021-09-29 21:54:16", "elapsed": 199.75581, "delta": 1.614877}}
{"target": -58.76577241967801, "params": {"max_depth": 6.519835877922059, "n_estimators": 55.17954734177304, "random_state": 7.294446095778898}, "datetime": {"datetime": "2021-09-29 21:54:17", "elapsed": 201.042809, "delta": 1.286999}}
{"target": -59.758562614500256, "params": {"max_depth": 14.709609675913601, "n_estimators": 22.02401777729622, "random_state": 6.099314846481375}, "datetime": {"datetime": "2021-09-29 21:54:18", "elapsed": 202.30719, "delta": 1.264381}}
{"target": -62.07852431812276, "params": {"max_depth": 1.0, "n_estimators": 28.134237058409834, "random_state": 11.0}, "datetime": {"datetime": "2021-09-29 21:54:19", "elapsed": 203.582387, "delta": 1.275197}}
