{"target": -54.53266083865326, "params": {"max_depth": 5.462297485505164, "n_estimators": 36.772404688557856, "random_state": 15.784416303884008}, "datetime": {"datetime": "2021-09-29 22:26:30", "elapsed": 37.426269, "delta": 1.083233}}
{"target": -54.53266083865326, "params": {"max_depth": 5.998784875502841, "n_estimators": 36.654700127723885, "random_state": 15.481743066864116}, "datetime": {"datetime": "2021-09-29 22:26:31", "elapsed": 38.45227, "delta": 1.026001}}
{"target": -54.81818876985908, "params": {"max_depth": 6.2956667177823, "n_estimators": 37.03519145499561, "random_state": 15.956164188519447}, "datetime": {"datetime": "2021-09-29 22:26:32", "elapsed": 39.5682, "delta": 1.11593}}
{"target": -56.62621203926987, "params": {"max_depth": 6.352644123403631, "n_estimators": 37.006787494256066, "random_state": 14.992412104587938}, "datetime": {"datetime": "2021-09-29 22:26:33", "elapsed": 40.541873, "delta": 0.973673}}
{"target": -54.53266083865326, "params": {"max_depth": 5.768418590723146, "n_estimators": 36.17705497898783, "random_state": 15.797595990017502}, "datetime": {"datetime": "2021-09-29 22:26:34", "elapsed": 41.80345, "delta": 1.261577}}
{"target": -56.75760586096925, "params": {"max_depth": 5.996022604893586, "n_estimators": 36.46125703885162, "random_state": 16.084773588815285}, "datetime": {"datetime": "2021-09-29 22:26:35", "elapsed": 42.828451, "delta": 1.025001}}
{"target": -54.53266083865326, "params": {"max_depth": 5.4822005873682365, "n_estimators": 36.26530462979934, "random_state": 15.33030898829443}, "datetime": {"datetime": "2021-09-29 22:26:36", "elapsed": 43.656426, "delta": 0.827975}}
{"target": -54.475833612318105, "params": {"max_depth": 5.206512000563414, "n_estimators": 35.9071877188509, "random_state": 15.789355480487949}, "datetime": {"datetime": "2021-09-29 22:26:37", "elapsed": 44.713101, "delta": 1.056675}}
{"target": -54.475833612318105, "params": {"max_depth": 5.721843247571375, "n_estimators": 35.650261508435044, "random_state": 15.492569596922365}, "datetime": {"datetime": "2021-09-29 22:26:38", "elapsed": 45.762162, "delta": 1.049061}}
{"target": -55.95067379734514, "params": {"max_depth": 4.179813132209745, "n_estimators": 22.170113329760863, "random_state": 3.9593477424278065}, "datetime": {"datetime": "2021-09-29 22:26:38", "elapsed": 46.114169, "delta": 0.352007}}
{"target": -57.09496224285914, "params": {"max_depth": 5.516095875086645, "n_estimators": 35.53630809828677, "random_state": 16.08919554552636}, "datetime": {"datetime": "2021-09-29 22:26:39", "elapsed": 47.049488, "delta": 0.935319}}
{"target": -56.42344022381261, "params": {"max_depth": 3.2251907023729864, "n_estimators": 35.46693069292808, "random_state": 17.49016843639358}, "datetime": {"datetime": "2021-09-29 22:26:40", "elapsed": 47.448489, "delta": 0.399001}}
{"target": -54.475833612318105, "params": {"max_depth": 5.129673728736027, "n_estimators": 35.68178641532339, "random_state": 15.220801523943654}, "datetime": {"datetime": "2021-09-29 22:26:41", "elapsed": 48.368524, "delta": 0.920035}}
{"target": -55.52304277026806, "params": {"max_depth": 4.786060938528261, "n_estimators": 36.291481721042324, "random_state": 15.54015405132092}, "datetime": {"datetime": "2021-09-29 22:26:42", "elapsed": 49.399899, "delta": 1.031375}}
{"target": -57.004867403819404, "params": {"max_depth": 5.809711245266152, "n_estimators": 35.49053581275143, "random_state": 14.96597701781461}, "datetime": {"datetime": "2021-09-29 22:26:43", "elapsed": 50.596533, "delta": 1.196634}}
{"target": -54.400705219547405, "params": {"max_depth": 5.76891590464191, "n_estimators": 37.03903534627003, "random_state": 15.763960478081389}, "datetime": {"datetime": "2021-09-29 22:26:44", "elapsed": 51.472333, "delta": 0.8758}}
{"target": -54.81206453627819, "params": {"max_depth": 4.5193170820664195, "n_estimators": 32.43879923989328, "random_state": 4.8931930425649055}, "datetime": {"datetime": "2021-09-29 22:26:45", "elapsed": 52.478326, "delta": 1.005993}}
{"target": -56.39396959016582, "params": {"max_depth": 6.080812183322359, "n_estimators": 38.73459112812341, "random_state": 14.912502115434085}, "datetime": {"datetime": "2021-09-29 22:26:46", "elapsed": 53.666392, "delta": 1.188066}}
{"target": -55.34182376082886, "params": {"max_depth": 5.004899066971555, "n_estimators": 32.84763588026515, "random_state": 5.1745672962633185}, "datetime": {"datetime": "2021-09-29 22:26:47", "elapsed": 54.398393, "delta": 0.732001}}
{"target": -55.054781071742, "params": {"max_depth": 6.990388630893964, "n_estimators": 39.090611516534175, "random_state": 18.179697529137847}, "datetime": {"datetime": "2021-09-29 22:26:47", "elapsed": 54.866428, "delta": 0.468035}}
{"target": -55.44627498895177, "params": {"max_depth": 3.7045267073417283, "n_estimators": 25.913054258683193, "random_state": 3.627802709779405}, "datetime": {"datetime": "2021-09-29 22:26:47", "elapsed": 55.237292, "delta": 0.370864}}
{"target": -56.010584214449445, "params": {"max_depth": 6.6168166664324835, "n_estimators": 23.074095864360213, "random_state": 3.543732153624252}, "datetime": {"datetime": "2021-09-29 22:26:48", "elapsed": 55.649992, "delta": 0.4127}}
{"target": -56.6570953503412, "params": {"max_depth": 3.7128490120224615, "n_estimators": 32.582131417499184, "random_state": 5.1111991047901135}, "datetime": {"datetime": "2021-09-29 22:26:49", "elapsed": 56.506993, "delta": 0.857001}}
{"target": -55.21403166594734, "params": {"max_depth": 4.558010044889659, "n_estimators": 33.060819182099245, "random_state": 4.5114929923134826}, "datetime": {"datetime": "2021-09-29 22:26:50", "elapsed": 57.481673, "delta": 0.97468}}
{"target": -54.81818876985908, "params": {"max_depth": 6.748148617210787, "n_estimators": 37.472455882651765, "random_state": 15.806741781860756}, "datetime": {"datetime": "2021-09-29 22:26:51", "elapsed": 58.550707, "delta": 1.069034}}
{"target": -54.90892804540641, "params": {"max_depth": 4.692241091497036, "n_estimators": 33.74488558676006, "random_state": 5.176258117752982}, "datetime": {"datetime": "2021-09-29 22:26:52", "elapsed": 59.472276, "delta": 0.921569}}
{"target": -55.017929874011216, "params": {"max_depth": 7.0, "n_estimators": 39.1298642171941, "random_state": 18.861394659826548}, "datetime": {"datetime": "2021-09-29 22:26:53", "elapsed": 60.579905, "delta": 1.107629}}
{"target": -54.90892804540641, "params": {"max_depth": 4.4102767998180425, "n_estimators": 33.48497696247677, "random_state": 5.7575953664777035}, "datetime": {"datetime": "2021-09-29 22:26:54", "elapsed": 61.530169, "delta": 0.950264}}
{"target": -56.587305225947325, "params": {"max_depth": 3.976853627568075, "n_estimators": 33.88086585413194, "random_state": 5.231377793631094}, "datetime": {"datetime": "2021-09-29 22:26:54", "elapsed": 62.249162, "delta": 0.718993}}
{"target": -55.010049971410716, "params": {"max_depth": 5.1234978410671905, "n_estimators": 33.596327419024824, "random_state": 5.782603401130948}, "datetime": {"datetime": "2021-09-29 22:26:55", "elapsed": 63.132458, "delta": 0.883296}}
{"target": -55.44609388535384, "params": {"max_depth": 4.583964465736769, "n_estimators": 35.39627287900511, "random_state": 15.438944690820335}, "datetime": {"datetime": "2021-09-29 22:26:56", "elapsed": 64.057451, "delta": 0.924993}}
{"target": -56.35452549985249, "params": {"max_depth": 4.866498024013287, "n_estimators": 33.006499412318696, "random_state": 6.274013537341869}, "datetime": {"datetime": "2021-09-29 22:26:57", "elapsed": 65.002422, "delta": 0.944971}}
{"target": -55.010049971410716, "params": {"max_depth": 5.447693370715987, "n_estimators": 33.889656032521444, "random_state": 5.092997121358362}, "datetime": {"datetime": "2021-09-29 22:26:58", "elapsed": 65.870518, "delta": 0.868096}}
{"target": -54.79797225521528, "params": {"max_depth": 5.208900475960364, "n_estimators": 34.41569826432951, "random_state": 5.7313133045082445}, "datetime": {"datetime": "2021-09-29 22:26:59", "elapsed": 66.797538, "delta": 0.92702}}
{"target": -55.79939102925145, "params": {"max_depth": 4.9093671893857875, "n_estimators": 41.517192598227766, "random_state": 18.280715064444955}, "datetime": {"datetime": "2021-09-29 22:27:00", "elapsed": 67.284076, "delta": 0.486538}}
{"target": -56.561062926582586, "params": {"max_depth": 4.595952250123043, "n_estimators": 34.177501771394105, "random_state": 6.086327958319176}, "datetime": {"datetime": "2021-09-29 22:27:00", "elapsed": 68.13804, "delta": 0.853964}}
{"target": -54.79797225521528, "params": {"max_depth": 5.882943227074103, "n_estimators": 34.55726025695624, "random_state": 5.618253451282176}, "datetime": {"datetime": "2021-09-29 22:27:01", "elapsed": 69.082342, "delta": 0.944302}}
{"target": -54.79797225521528, "params": {"max_depth": 5.882717865503663, "n_estimators": 34.54413462837846, "random_state": 5.67717355811547}, "datetime": {"datetime": "2021-09-29 22:27:02", "elapsed": 69.563577, "delta": 0.481235}}
{"target": -55.564134799841966, "params": {"max_depth": 6.333260290370621, "n_estimators": 33.807923433832826, "random_state": 5.603772556421126}, "datetime": {"datetime": "2021-09-29 22:27:03", "elapsed": 70.454234, "delta": 0.890657}}
{"target": -54.79797225521528, "params": {"max_depth": 5.214811579920311, "n_estimators": 34.69668530295416, "random_state": 5.035132912705045}, "datetime": {"datetime": "2021-09-29 22:27:04", "elapsed": 71.48795, "delta": 1.033716}}
{"target": -57.126705937692215, "params": {"max_depth": 4.6273206226930395, "n_estimators": 36.68162758547626, "random_state": 2.9848118574187157}, "datetime": {"datetime": "2021-09-29 22:27:04", "elapsed": 71.947908, "delta": 0.459958}}
{"target": -54.939416390553276, "params": {"max_depth": 5.39130528073298, "n_estimators": 35.36811426300696, "random_state": 5.4279203330828825}, "datetime": {"datetime": "2021-09-29 22:27:05", "elapsed": 72.936916, "delta": 0.989008}}
{"target": -56.07321587809646, "params": {"max_depth": 5.860927234976618, "n_estimators": 35.139491551045076, "random_state": 4.785238446050684}, "datetime": {"datetime": "2021-09-29 22:27:06", "elapsed": 73.77143, "delta": 0.834514}}
{"target": -56.95560472721378, "params": {"max_depth": 5.547590506073725, "n_estimators": 35.12898552086151, "random_state": 6.118412375067332}, "datetime": {"datetime": "2021-09-29 22:27:07", "elapsed": 74.845438, "delta": 1.074008}}
{"target": -55.58426119957049, "params": {"max_depth": 4.637967861512896, "n_estimators": 38.948432359053925, "random_state": 11.152039798461978}, "datetime": {"datetime": "2021-09-29 22:27:08", "elapsed": 75.328239, "delta": 0.482801}}
{"target": -55.329692323336566, "params": {"max_depth": 4.785311685961086, "n_estimators": 35.715349403307926, "random_state": 4.909715440973255}, "datetime": {"datetime": "2021-09-29 22:27:09", "elapsed": 76.262242, "delta": 0.934003}}
{"target": -55.675579863596646, "params": {"max_depth": 5.1164290803236065, "n_estimators": 24.829758266648028, "random_state": 18.65391659412686}, "datetime": {"datetime": "2021-09-29 22:27:09", "elapsed": 76.716243, "delta": 0.454001}}
{"target": -54.70343599390334, "params": {"max_depth": 4.593778949841671, "n_estimators": 31.751463753183685, "random_state": 4.593734649404736}, "datetime": {"datetime": "2021-09-29 22:27:10", "elapsed": 77.733296, "delta": 1.017053}}
{"target": -55.34182376082886, "params": {"max_depth": 5.334401424516563, "n_estimators": 32.76250742651712, "random_state": 5.005895601261247}, "datetime": {"datetime": "2021-09-29 22:27:10", "elapsed": 78.233294, "delta": 0.499998}}
{"target": -54.81206453627819, "params": {"max_depth": 4.872523081598537, "n_estimators": 32.29201270211384, "random_state": 4.212658252459953}, "datetime": {"datetime": "2021-09-29 22:27:12", "elapsed": 79.410559, "delta": 1.177265}}
{"target": -54.70343599390334, "params": {"max_depth": 4.322690731424192, "n_estimators": 31.697348375522033, "random_state": 4.044200119371452}, "datetime": {"datetime": "2021-09-29 22:27:13", "elapsed": 80.519737, "delta": 1.109178}}
{"target": -55.983094779372614, "params": {"max_depth": 4.961654424640308, "n_estimators": 31.5375543001028, "random_state": 3.878928759348344}, "datetime": {"datetime": "2021-09-29 22:27:14", "elapsed": 81.413259, "delta": 0.893522}}
{"target": -56.0510448118704, "params": {"max_depth": 4.425297879007189, "n_estimators": 32.42634712930118, "random_state": 3.745889282653764}, "datetime": {"datetime": "2021-09-29 22:27:15", "elapsed": 82.297297, "delta": 0.884038}}
{"target": -54.60343612502258, "params": {"max_depth": 3.8336880011901346, "n_estimators": 30.918552990124404, "random_state": 4.36175728265038}, "datetime": {"datetime": "2021-09-29 22:27:15", "elapsed": 83.192621, "delta": 0.895324}}
{"target": -56.02019545493923, "params": {"max_depth": 4.209914793079218, "n_estimators": 30.947451893925834, "random_state": 3.817968944882233}, "datetime": {"datetime": "2021-09-29 22:27:16", "elapsed": 84.233085, "delta": 1.040464}}
{"target": -54.404794561194805, "params": {"max_depth": 3.874623043335531, "n_estimators": 31.509166011384377, "random_state": 4.593663970051116}, "datetime": {"datetime": "2021-09-29 22:27:17", "elapsed": 85.172663, "delta": 0.939578}}
{"target": -55.7248698910794, "params": {"max_depth": 6.756723381449855, "n_estimators": 25.531019550966626, "random_state": 5.509907157653957}, "datetime": {"datetime": "2021-09-29 22:27:18", "elapsed": 85.66716, "delta": 0.494497}}
{"target": -55.563105702521554, "params": {"max_depth": 4.833336030205448, "n_estimators": 38.42066197428659, "random_state": 6.675610954641851}, "datetime": {"datetime": "2021-09-29 22:27:18", "elapsed": 86.206154, "delta": 0.538994}}
{"target": -57.10726193230703, "params": {"max_depth": 4.7149389356215226, "n_estimators": 36.83762341286931, "random_state": 17.957129083109294}, "datetime": {"datetime": "2021-09-29 22:27:19", "elapsed": 86.737149, "delta": 0.530995}}
{"target": -54.404794561194805, "params": {"max_depth": 3.785808887260724, "n_estimators": 31.08838637382881, "random_state": 4.975863145274285}, "datetime": {"datetime": "2021-09-29 22:27:20", "elapsed": 87.831663, "delta": 1.094514}}
{"target": -54.404794561194805, "params": {"max_depth": 3.219346914367999, "n_estimators": 31.133706691087355, "random_state": 4.611305049063377}, "datetime": {"datetime": "2021-09-29 22:27:21", "elapsed": 89.050658, "delta": 1.218995}}
{"target": -54.60343612502258, "params": {"max_depth": 3.478887142827418, "n_estimators": 30.3142939168032, "random_state": 4.650898737738433}, "datetime": {"datetime": "2021-09-29 22:27:23", "elapsed": 90.363129, "delta": 1.312471}}
{"target": -56.45333740351825, "params": {"max_depth": 3.069603832697752, "n_estimators": 31.05163036852631, "random_state": 5.5330234007971235}, "datetime": {"datetime": "2021-09-29 22:27:23", "elapsed": 91.237869, "delta": 0.87474}}
{"target": -54.60343612502258, "params": {"max_depth": 3.0407240526605746, "n_estimators": 30.635536056775113, "random_state": 4.136307492086577}, "datetime": {"datetime": "2021-09-29 22:27:24", "elapsed": 92.181249, "delta": 0.94338}}
{"target": -55.001681651767086, "params": {"max_depth": 4.430612937717434, "n_estimators": 30.923601987782675, "random_state": 5.13328962451216}, "datetime": {"datetime": "2021-09-29 22:27:25", "elapsed": 93.188208, "delta": 1.006959}}
{"target": -56.07413413881761, "params": {"max_depth": 3.199772803333626, "n_estimators": 31.262461803481326, "random_state": 3.8302631678295955}, "datetime": {"datetime": "2021-09-29 22:27:26", "elapsed": 94.069004, "delta": 0.880796}}
{"target": -54.657388535127794, "params": {"max_depth": 3.0, "n_estimators": 29.86823125138937, "random_state": 4.1999725457715495}, "datetime": {"datetime": "2021-09-29 22:27:27", "elapsed": 95.217636, "delta": 1.148632}}
{"target": -54.344146361624425, "params": {"max_depth": 5.607144767305385, "n_estimators": 38.045663901037194, "random_state": 15.666058873599352}, "datetime": {"datetime": "2021-09-29 22:27:28", "elapsed": 95.807245, "delta": 0.589609}}
{"target": -55.89041303804444, "params": {"max_depth": 3.6369088475351945, "n_estimators": 29.78311436182922, "random_state": 3.974092987271735}, "datetime": {"datetime": "2021-09-29 22:27:29", "elapsed": 97.115568, "delta": 1.308323}}
{"target": -54.60606853455155, "params": {"max_depth": 5.795111092143065, "n_estimators": 28.139730022822118, "random_state": 3.483065849747036}, "datetime": {"datetime": "2021-09-29 22:27:30", "elapsed": 97.65509, "delta": 0.539522}}
{"target": -54.954188313289606, "params": {"max_depth": 4.99676929011782, "n_estimators": 26.355068391977966, "random_state": 5.81912288323942}, "datetime": {"datetime": "2021-09-29 22:27:30", "elapsed": 98.197575, "delta": 0.542485}}
{"target": -54.60606853455155, "params": {"max_depth": 5.339307702525531, "n_estimators": 28.548201277813146, "random_state": 3.957525378136837}, "datetime": {"datetime": "2021-09-29 22:27:32", "elapsed": 99.59827, "delta": 1.400695}}
{"target": -56.59899170892426, "params": {"max_depth": 4.026539770758831, "n_estimators": 35.83877213152016, "random_state": 14.975775351610503}, "datetime": {"datetime": "2021-09-29 22:27:32", "elapsed": 100.14492, "delta": 0.54665}}
{"target": -55.34540225328617, "params": {"max_depth": 5.639993355596402, "n_estimators": 27.889068677327234, "random_state": 4.189532790866393}, "datetime": {"datetime": "2021-09-29 22:27:33", "elapsed": 101.146913, "delta": 1.001993}}
{"target": -56.36361745127424, "params": {"max_depth": 6.108321788677437, "n_estimators": 28.696855797570116, "random_state": 4.062875329907661}, "datetime": {"datetime": "2021-09-29 22:27:35", "elapsed": 102.489634, "delta": 1.342721}}
{"target": -54.60606853455155, "params": {"max_depth": 5.1863770305223404, "n_estimators": 28.30349408674288, "random_state": 3.23003496980761}, "datetime": {"datetime": "2021-09-29 22:27:36", "elapsed": 103.70387, "delta": 1.214236}}
{"target": -55.42671976661936, "params": {"max_depth": 4.816569536128651, "n_estimators": 28.03753565787278, "random_state": 3.8182724975749727}, "datetime": {"datetime": "2021-09-29 22:27:37", "elapsed": 104.655132, "delta": 0.951262}}
{"target": -55.42671976661936, "params": {"max_depth": 4.991422370936011, "n_estimators": 28.911664582743988, "random_state": 3.5284960192967887}, "datetime": {"datetime": "2021-09-29 22:27:38", "elapsed": 105.73257, "delta": 1.077438}}
{"target": -57.59762643430582, "params": {"max_depth": 5.729814054087942, "n_estimators": 28.051730526715307, "random_state": 2.704604363162203}, "datetime": {"datetime": "2021-09-29 22:27:39", "elapsed": 106.770577, "delta": 1.038007}}
{"target": -56.19714302023884, "params": {"max_depth": 4.946816511810713, "n_estimators": 38.668935558299964, "random_state": 19.576294818222205}, "datetime": {"datetime": "2021-09-29 22:27:40", "elapsed": 107.383709, "delta": 0.613132}}
{"target": -55.565652788174845, "params": {"max_depth": 6.39416729550266, "n_estimators": 24.95265485833826, "random_state": 10.026645256978485}, "datetime": {"datetime": "2021-09-29 22:27:40", "elapsed": 107.946708, "delta": 0.562999}}
{"target": -54.60343612502258, "params": {"max_depth": 3.0589385569701895, "n_estimators": 30.381853175687297, "random_state": 4.709262877683028}, "datetime": {"datetime": "2021-09-29 22:27:41", "elapsed": 108.881664, "delta": 0.934956}}
{"target": -54.657388535127794, "params": {"max_depth": 3.0, "n_estimators": 29.51390922569723, "random_state": 4.904324785518344}, "datetime": {"datetime": "2021-09-29 22:27:42", "elapsed": 110.122793, "delta": 1.241129}}
{"target": -54.400705219547405, "params": {"max_depth": 5.490294772321173, "n_estimators": 37.495721434344325, "random_state": 15.878053103528678}, "datetime": {"datetime": "2021-09-29 22:27:43", "elapsed": 110.737472, "delta": 0.614679}}
{"target": -56.111102326435514, "params": {"max_depth": 3.6704736203450303, "n_estimators": 29.63155327642385, "random_state": 5.237890283081191}, "datetime": {"datetime": "2021-09-29 22:27:45", "elapsed": 112.283508, "delta": 1.546036}}
{"target": -54.95218044290803, "params": {"max_depth": 5.563854247861518, "n_estimators": 26.35529429639851, "random_state": 5.165032525537372}, "datetime": {"datetime": "2021-09-29 22:27:46", "elapsed": 113.363288, "delta": 1.07978}}
{"target": -54.95218044290803, "params": {"max_depth": 5.823858081017305, "n_estimators": 26.6245179107911, "random_state": 5.968821861622288}, "datetime": {"datetime": "2021-09-29 22:27:47", "elapsed": 114.367342, "delta": 1.004054}}
{"target": -54.95501917665281, "params": {"max_depth": 5.264449814490753, "n_estimators": 27.134214693657977, "random_state": 5.498158396869211}, "datetime": {"datetime": "2021-09-29 22:27:48", "elapsed": 115.714237, "delta": 1.346895}}
{"target": -55.72014287784365, "params": {"max_depth": 6.101832737971922, "n_estimators": 27.01437251934771, "random_state": 5.296953960966834}, "datetime": {"datetime": "2021-09-29 22:27:49", "elapsed": 116.81853, "delta": 1.104293}}
{"target": -54.954188313289606, "params": {"max_depth": 4.732865085272767, "n_estimators": 26.730645796264035, "random_state": 5.063688550106297}, "datetime": {"datetime": "2021-09-29 22:27:50", "elapsed": 117.878486, "delta": 1.059956}}
{"target": -54.86180034983097, "params": {"max_depth": 4.812453467220004, "n_estimators": 25.78365580445851, "random_state": 5.020840967691329}, "datetime": {"datetime": "2021-09-29 22:27:51", "elapsed": 119.189475, "delta": 1.310989}}
{"target": -55.01675863571859, "params": {"max_depth": 5.464721311017643, "n_estimators": 25.56771481991137, "random_state": 5.66874277918314}, "datetime": {"datetime": "2021-09-29 22:27:52", "elapsed": 120.252807, "delta": 1.063332}}
{"target": -54.657388535127794, "params": {"max_depth": 3.026758800056936, "n_estimators": 29.002820830592846, "random_state": 4.373693843254843}, "datetime": {"datetime": "2021-09-29 22:27:54", "elapsed": 121.622595, "delta": 1.369788}}
