{"target": -57.471394190952616, "params": {"max_depth": 2.2805711621722744, "n_estimators": 23.572593475281035, "random_state": 3.781302051304875}, "datetime": {"datetime": "2021-09-29 22:27:10", "elapsed": 70.568772, "delta": 0.708043}}
{"target": -55.84699245658666, "params": {"max_depth": 2.0, "n_estimators": 23.053919131877944, "random_state": 5.516537685697993}, "datetime": {"datetime": "2021-09-29 22:27:11", "elapsed": 71.26877, "delta": 0.699998}}
{"target": -53.94417144869114, "params": {"max_depth": 2.088465103271356, "n_estimators": 21.51984870682808, "random_state": 4.3943599040853805}, "datetime": {"datetime": "2021-09-29 22:27:12", "elapsed": 71.934038, "delta": 0.665268}}
{"target": -53.00612408280491, "params": {"max_depth": 3.536663344169839, "n_estimators": 21.54337801332518, "random_state": 4.837241752933952}, "datetime": {"datetime": "2021-09-29 22:27:12", "elapsed": 72.761215, "delta": 0.827177}}
{"target": -55.99454797485438, "params": {"max_depth": 2.0562162716521737, "n_estimators": 25.294378791675058, "random_state": 5.203090706350015}, "datetime": {"datetime": "2021-09-29 22:27:13", "elapsed": 73.629216, "delta": 0.868001}}
{"target": -53.94417144869114, "params": {"max_depth": 2.6397838916547043, "n_estimators": 21.932548267936777, "random_state": 4.789333000258921}, "datetime": {"datetime": "2021-09-29 22:27:14", "elapsed": 74.289734, "delta": 0.660518}}
{"target": -55.787053684463274, "params": {"max_depth": 6.661517150915067, "n_estimators": 26.494876403849823, "random_state": 19.91386379995244}, "datetime": {"datetime": "2021-09-29 22:27:15", "elapsed": 75.097687, "delta": 0.807953}}
{"target": -56.95674550398861, "params": {"max_depth": 4.993084210513101, "n_estimators": 21.94305473662692, "random_state": 19.910499474771285}, "datetime": {"datetime": "2021-09-29 22:27:15", "elapsed": 75.719698, "delta": 0.622011}}
{"target": -54.004927283267726, "params": {"max_depth": 5.747599235678046, "n_estimators": 22.983039605809342, "random_state": 5.66667050932523}, "datetime": {"datetime": "2021-09-29 22:27:16", "elapsed": 76.403481, "delta": 0.683783}}
{"target": -56.39127171684951, "params": {"max_depth": 7.0, "n_estimators": 23.597337967658024, "random_state": 11.281728974603364}, "datetime": {"datetime": "2021-09-29 22:27:17", "elapsed": 77.07849, "delta": 0.675009}}
{"target": -53.00612408280491, "params": {"max_depth": 3.371375133060706, "n_estimators": 21.233339151743344, "random_state": 4.659794824019257}, "datetime": {"datetime": "2021-09-29 22:27:18", "elapsed": 77.951589, "delta": 0.873099}}
{"target": -59.22974064561819, "params": {"max_depth": 7.0, "n_estimators": 30.0, "random_state": 17.230065956298603}, "datetime": {"datetime": "2021-09-29 22:27:18", "elapsed": 78.601599, "delta": 0.65001}}
{"target": -53.028687826051936, "params": {"max_depth": 3.098471086747118, "n_estimators": 20.43409480234822, "random_state": 4.047131315586142}, "datetime": {"datetime": "2021-09-29 22:27:19", "elapsed": 79.26659, "delta": 0.664991}}
{"target": -54.29093166808041, "params": {"max_depth": 4.339539880092588, "n_estimators": 20.0, "random_state": 5.116562083371283}, "datetime": {"datetime": "2021-09-29 22:27:20", "elapsed": 80.024099, "delta": 0.757509}}
{"target": -56.97775574443823, "params": {"max_depth": 2.0, "n_estimators": 20.590976468659154, "random_state": 3.8204665968010705}, "datetime": {"datetime": "2021-09-29 22:27:20", "elapsed": 80.812102, "delta": 0.788003}}
{"target": -55.605054968108306, "params": {"max_depth": 4.516073125062656, "n_estimators": 20.0, "random_state": 12.906758658228235}, "datetime": {"datetime": "2021-09-29 22:27:21", "elapsed": 81.612096, "delta": 0.799994}}
{"target": -56.61307921408667, "params": {"max_depth": 4.490679928209807, "n_estimators": 26.54530956226617, "random_state": 17.986094163850307}, "datetime": {"datetime": "2021-09-29 22:27:22", "elapsed": 82.365925, "delta": 0.753829}}
{"target": -56.67403298726724, "params": {"max_depth": 6.949338655820012, "n_estimators": 23.965926613722438, "random_state": 4.419890179265984}, "datetime": {"datetime": "2021-09-29 22:27:23", "elapsed": 83.167526, "delta": 0.801601}}
{"target": -56.51349850785494, "params": {"max_depth": 4.584998501824459, "n_estimators": 25.616960872256517, "random_state": 10.77983425089282}, "datetime": {"datetime": "2021-09-29 22:27:24", "elapsed": 83.897306, "delta": 0.72978}}
{"target": -55.30455860954122, "params": {"max_depth": 5.668809890340812, "n_estimators": 26.63375648853182, "random_state": 3.4715879651183403}, "datetime": {"datetime": "2021-09-29 22:27:24", "elapsed": 84.585654, "delta": 0.688348}}
{"target": -55.417114114668045, "params": {"max_depth": 7.0, "n_estimators": 28.42696369647401, "random_state": 2.0}, "datetime": {"datetime": "2021-09-29 22:27:25", "elapsed": 85.293647, "delta": 0.707993}}
{"target": -53.00612408280491, "params": {"max_depth": 3.6923115698906814, "n_estimators": 21.274100513048843, "random_state": 4.797576046936632}, "datetime": {"datetime": "2021-09-29 22:27:26", "elapsed": 86.107444, "delta": 0.813797}}
{"target": -56.29549901411974, "params": {"max_depth": 4.56890208848474, "n_estimators": 27.286802683111603, "random_state": 14.758514655710847}, "datetime": {"datetime": "2021-09-29 22:27:27", "elapsed": 86.815411, "delta": 0.707967}}
{"target": -56.395064643719586, "params": {"max_depth": 4.938093454126723, "n_estimators": 20.0, "random_state": 9.507856113635752}, "datetime": {"datetime": "2021-09-29 22:27:27", "elapsed": 87.476411, "delta": 0.661}}
{"target": -57.193727769229376, "params": {"max_depth": 6.957211332855741, "n_estimators": 20.779154887008374, "random_state": 18.7685242701832}, "datetime": {"datetime": "2021-09-29 22:27:28", "elapsed": 88.532691, "delta": 1.05628}}
{"target": -53.15728654569853, "params": {"max_depth": 3.4723004601939915, "n_estimators": 22.233910168144245, "random_state": 4.626441564828597}, "datetime": {"datetime": "2021-09-29 22:27:29", "elapsed": 89.385051, "delta": 0.85236}}
{"target": -57.028085661426665, "params": {"max_depth": 5.647376756389446, "n_estimators": 23.99365449760314, "random_state": 6.312539697864379}, "datetime": {"datetime": "2021-09-29 22:27:30", "elapsed": 90.138529, "delta": 0.753478}}
{"target": -54.0382858425655, "params": {"max_depth": 5.7223208596843005, "n_estimators": 23.043360773223295, "random_state": 4.874993569188009}, "datetime": {"datetime": "2021-09-29 22:27:31", "elapsed": 91.149973, "delta": 1.011444}}
{"target": -56.571231266414514, "params": {"max_depth": 4.291017853223372, "n_estimators": 25.894756487436048, "random_state": 6.431040268620987}, "datetime": {"datetime": "2021-09-29 22:27:32", "elapsed": 91.889751, "delta": 0.739778}}
{"target": -58.50057487917433, "params": {"max_depth": 2.0, "n_estimators": 22.9838228819653, "random_state": 15.921757573102381}, "datetime": {"datetime": "2021-09-29 22:27:32", "elapsed": 92.769399, "delta": 0.879648}}
{"target": -57.53751960493966, "params": {"max_depth": 7.0, "n_estimators": 27.98767112153608, "random_state": 20.0}, "datetime": {"datetime": "2021-09-29 22:27:33", "elapsed": 93.519393, "delta": 0.749994}}
{"target": -56.592351255585115, "params": {"max_depth": 4.428338255030924, "n_estimators": 29.24311086274684, "random_state": 8.498504992199745}, "datetime": {"datetime": "2021-09-29 22:27:34", "elapsed": 94.416079, "delta": 0.896686}}
{"target": -55.68514968371582, "params": {"max_depth": 5.4501114485421125, "n_estimators": 26.913283611228128, "random_state": 2.0}, "datetime": {"datetime": "2021-09-29 22:27:35", "elapsed": 95.286112, "delta": 0.870033}}
{"target": -55.516364649194216, "params": {"max_depth": 7.0, "n_estimators": 22.926173593869798, "random_state": 2.0}, "datetime": {"datetime": "2021-09-29 22:27:36", "elapsed": 96.213314, "delta": 0.927202}}
{"target": -53.00612408280491, "params": {"max_depth": 3.7961950818327566, "n_estimators": 21.86659858793154, "random_state": 4.689356785818611}, "datetime": {"datetime": "2021-09-29 22:27:37", "elapsed": 96.91761, "delta": 0.704296}}
{"target": -53.90310217918427, "params": {"max_depth": 2.9598125213497823, "n_estimators": 20.86957813164717, "random_state": 4.402766721968489}, "datetime": {"datetime": "2021-09-29 22:27:37", "elapsed": 97.727216, "delta": 0.809606}}
{"target": -54.03420093088657, "params": {"max_depth": 2.0, "n_estimators": 22.134326209165504, "random_state": 4.238045059200937}, "datetime": {"datetime": "2021-09-29 22:27:38", "elapsed": 98.542018, "delta": 0.814802}}
{"target": -58.336396606446414, "params": {"max_depth": 6.895514912763435, "n_estimators": 20.19415355862459, "random_state": 6.079661569450764}, "datetime": {"datetime": "2021-09-29 22:27:39", "elapsed": 99.355012, "delta": 0.812994}}
{"target": -53.15728654569853, "params": {"max_depth": 3.8793938879398766, "n_estimators": 22.621628581247847, "random_state": 4.457096671622648}, "datetime": {"datetime": "2021-09-29 22:27:40", "elapsed": 100.214147, "delta": 0.859135}}
{"target": -53.15728654569853, "params": {"max_depth": 3.1385708500978193, "n_estimators": 22.77547044949972, "random_state": 4.556358207211259}, "datetime": {"datetime": "2021-09-29 22:27:41", "elapsed": 101.027114, "delta": 0.812967}}
{"target": -53.18157502748666, "params": {"max_depth": 3.4491831223588987, "n_estimators": 23.068380042356203, "random_state": 4.710309044990728}, "datetime": {"datetime": "2021-09-29 22:27:42", "elapsed": 101.898226, "delta": 0.871112}}
{"target": -53.15728654569853, "params": {"max_depth": 3.5371074579093107, "n_estimators": 22.972804809029864, "random_state": 4.27672037842606}, "datetime": {"datetime": "2021-09-29 22:27:42", "elapsed": 102.66123, "delta": 0.763004}}
{"target": -55.52082427696254, "params": {"max_depth": 3.2152411088288573, "n_estimators": 20.163348342970593, "random_state": 3.8192659444528756}, "datetime": {"datetime": "2021-09-29 22:27:43", "elapsed": 103.419948, "delta": 0.758718}}
{"target": -57.56532006431293, "params": {"max_depth": 2.0, "n_estimators": 27.67353357556627, "random_state": 17.05260848806695}, "datetime": {"datetime": "2021-09-29 22:27:44", "elapsed": 104.264948, "delta": 0.845}}
{"target": -57.72477596221005, "params": {"max_depth": 4.59696556762092, "n_estimators": 21.591670889377763, "random_state": 14.613272836302874}, "datetime": {"datetime": "2021-09-29 22:27:45", "elapsed": 105.059904, "delta": 0.794956}}
{"target": -54.80850224371354, "params": {"max_depth": 5.872530261539537, "n_estimators": 27.747091493228695, "random_state": 5.06769069947644}, "datetime": {"datetime": "2021-09-29 22:27:46", "elapsed": 105.864915, "delta": 0.805011}}
{"target": -57.16182201069996, "params": {"max_depth": 7.0, "n_estimators": 27.057514520031575, "random_state": 4.122118552782946}, "datetime": {"datetime": "2021-09-29 22:27:46", "elapsed": 106.724789, "delta": 0.859874}}
{"target": -58.49117691557084, "params": {"max_depth": 2.0, "n_estimators": 27.290320724821548, "random_state": 2.0}, "datetime": {"datetime": "2021-09-29 22:27:47", "elapsed": 107.558778, "delta": 0.833989}}
{"target": -57.11837847837587, "params": {"max_depth": 2.0, "n_estimators": 21.848094712857332, "random_state": 12.533183667489316}, "datetime": {"datetime": "2021-09-29 22:27:48", "elapsed": 108.447644, "delta": 0.888866}}
{"target": -55.739843514552454, "params": {"max_depth": 4.776995706016251, "n_estimators": 29.977387352283284, "random_state": 2.376596824743034}, "datetime": {"datetime": "2021-09-29 22:27:49", "elapsed": 109.308974, "delta": 0.86133}}
{"target": -53.172284705519516, "params": {"max_depth": 3.2781400055211507, "n_estimators": 24.02442438226985, "random_state": 4.665847859591742}, "datetime": {"datetime": "2021-09-29 22:27:50", "elapsed": 110.094919, "delta": 0.785945}}
{"target": -55.12635036501106, "params": {"max_depth": 3.026382650639246, "n_estimators": 24.31068994485785, "random_state": 5.023124661833027}, "datetime": {"datetime": "2021-09-29 22:27:51", "elapsed": 111.063891, "delta": 0.968972}}
{"target": -54.166190005240225, "params": {"max_depth": 2.9992572382879588, "n_estimators": 23.503638390621177, "random_state": 4.5878931470512}, "datetime": {"datetime": "2021-09-29 22:27:52", "elapsed": 111.837909, "delta": 0.774018}}
{"target": -53.172284705519516, "params": {"max_depth": 3.5939636292719577, "n_estimators": 24.507809832335333, "random_state": 4.414749855303885}, "datetime": {"datetime": "2021-09-29 22:27:52", "elapsed": 112.749237, "delta": 0.911328}}
{"target": -53.99082254034698, "params": {"max_depth": 3.140685042023549, "n_estimators": 30.0, "random_state": 4.107025932039465}, "datetime": {"datetime": "2021-09-29 22:27:53", "elapsed": 113.64458, "delta": 0.895343}}
{"target": -55.121240642123695, "params": {"max_depth": 2.0736494819845515, "n_estimators": 29.923563103735148, "random_state": 4.429251422197549}, "datetime": {"datetime": "2021-09-29 22:27:54", "elapsed": 114.462067, "delta": 0.817487}}
{"target": -55.9926122959185, "params": {"max_depth": 3.803074883260976, "n_estimators": 29.931967284412195, "random_state": 3.2287279038454244}, "datetime": {"datetime": "2021-09-29 22:27:55", "elapsed": 115.249033, "delta": 0.786966}}
{"target": -55.25172971338193, "params": {"max_depth": 4.560776037204156, "n_estimators": 30.0, "random_state": 15.653952508490143}, "datetime": {"datetime": "2021-09-29 22:27:56", "elapsed": 116.363021, "delta": 1.113988}}
{"target": -54.79662629732564, "params": {"max_depth": 4.356706354345964, "n_estimators": 28.557639722421264, "random_state": 16.316349942299713}, "datetime": {"datetime": "2021-09-29 22:27:57", "elapsed": 117.505022, "delta": 1.142001}}
{"target": -55.15602278620718, "params": {"max_depth": 3.9239972586437046, "n_estimators": 28.828947361515624, "random_state": 15.11618025422188}, "datetime": {"datetime": "2021-09-29 22:27:58", "elapsed": 118.397949, "delta": 0.892927}}
{"target": -55.75293027589291, "params": {"max_depth": 5.421725002806939, "n_estimators": 28.57883629007962, "random_state": 15.160548177743593}, "datetime": {"datetime": "2021-09-29 22:27:59", "elapsed": 119.354902, "delta": 0.956953}}
{"target": -56.730972625696175, "params": {"max_depth": 7.0, "n_estimators": 28.16476096653275, "random_state": 9.919927598203085}, "datetime": {"datetime": "2021-09-29 22:28:00", "elapsed": 120.38616, "delta": 1.031258}}
{"target": -57.21859619209282, "params": {"max_depth": 3.728870519922984, "n_estimators": 23.162346700607575, "random_state": 2.0}, "datetime": {"datetime": "2021-09-29 22:28:01", "elapsed": 121.195128, "delta": 0.808968}}
{"target": -56.33589444033609, "params": {"max_depth": 5.979942839745453, "n_estimators": 25.112513798420217, "random_state": 18.15171196545134}, "datetime": {"datetime": "2021-09-29 22:28:02", "elapsed": 122.168948, "delta": 0.97382}}
{"target": -53.66825350265009, "params": {"max_depth": 3.034970062651977, "n_estimators": 26.11782933244008, "random_state": 4.196733654302607}, "datetime": {"datetime": "2021-09-29 22:28:03", "elapsed": 122.950765, "delta": 0.781817}}
{"target": -57.40753656186135, "params": {"max_depth": 2.57578856552412, "n_estimators": 25.448252443545286, "random_state": 3.9079783501183742}, "datetime": {"datetime": "2021-09-29 22:28:04", "elapsed": 124.098542, "delta": 1.147777}}
{"target": -53.66825350265009, "params": {"max_depth": 3.7680359797222507, "n_estimators": 26.16870135600194, "random_state": 4.40191879069478}, "datetime": {"datetime": "2021-09-29 22:28:05", "elapsed": 125.124545, "delta": 1.026003}}
{"target": -53.66825350265009, "params": {"max_depth": 3.0797797778727265, "n_estimators": 26.615232028847252, "random_state": 4.242090253495073}, "datetime": {"datetime": "2021-09-29 22:28:06", "elapsed": 126.073326, "delta": 0.948781}}
{"target": -57.80687702639772, "params": {"max_depth": 6.9081004962346855, "n_estimators": 22.556339636749208, "random_state": 12.939738332075386}, "datetime": {"datetime": "2021-09-29 22:28:07", "elapsed": 127.088356, "delta": 1.01503}}
{"target": -54.739325835542864, "params": {"max_depth": 6.919085309823576, "n_estimators": 28.293082278530477, "random_state": 5.702188650250704}, "datetime": {"datetime": "2021-09-29 22:28:08", "elapsed": 128.075017, "delta": 0.986661}}
{"target": -57.56486055514538, "params": {"max_depth": 2.0, "n_estimators": 30.0, "random_state": 12.65056630405093}, "datetime": {"datetime": "2021-09-29 22:28:09", "elapsed": 128.902048, "delta": 0.827031}}
{"target": -53.99082254034698, "params": {"max_depth": 3.045746296612688, "n_estimators": 30.0, "random_state": 4.861632525531159}, "datetime": {"datetime": "2021-09-29 22:28:10", "elapsed": 129.949062, "delta": 1.047014}}
{"target": -54.505045429511966, "params": {"max_depth": 5.758525253402365, "n_estimators": 28.6620656180491, "random_state": 5.776583082737148}, "datetime": {"datetime": "2021-09-29 22:28:11", "elapsed": 130.857265, "delta": 0.908203}}
{"target": -55.42006732560537, "params": {"max_depth": 5.158704567512766, "n_estimators": 26.45877102883944, "random_state": 20.0}, "datetime": {"datetime": "2021-09-29 22:28:11", "elapsed": 131.703262, "delta": 0.845997}}
{"target": -54.27403110530166, "params": {"max_depth": 4.116974831146342, "n_estimators": 21.02454860730421, "random_state": 2.0}, "datetime": {"datetime": "2021-09-29 22:28:12", "elapsed": 132.629717, "delta": 0.926455}}
{"target": -55.72376526486972, "params": {"max_depth": 5.487528175118406, "n_estimators": 21.965768387788163, "random_state": 9.907300525541846}, "datetime": {"datetime": "2021-09-29 22:28:13", "elapsed": 133.440357, "delta": 0.81064}}
{"target": -55.44009592433395, "params": {"max_depth": 5.43694680453926, "n_estimators": 23.439641640207757, "random_state": 3.7110743418502756}, "datetime": {"datetime": "2021-09-29 22:28:14", "elapsed": 134.402643, "delta": 0.962286}}
{"target": -54.004927283267726, "params": {"max_depth": 5.934258210718228, "n_estimators": 22.273872960730788, "random_state": 5.497255134365936}, "datetime": {"datetime": "2021-09-29 22:28:15", "elapsed": 135.27167, "delta": 0.869027}}
{"target": -55.82787817907402, "params": {"max_depth": 5.542745879195611, "n_estimators": 24.10050039571561, "random_state": 9.907343412247574}, "datetime": {"datetime": "2021-09-29 22:28:16", "elapsed": 136.397918, "delta": 1.126248}}
{"target": -54.68880809382468, "params": {"max_depth": 3.4394342350048355, "n_estimators": 27.648261120328954, "random_state": 11.058352086049615}, "datetime": {"datetime": "2021-09-29 22:28:17", "elapsed": 137.632915, "delta": 1.234997}}
{"target": -55.883332229251, "params": {"max_depth": 3.291724579199376, "n_estimators": 26.941488736634458, "random_state": 10.128926094505369}, "datetime": {"datetime": "2021-09-29 22:28:18", "elapsed": 138.715091, "delta": 1.082176}}
{"target": -55.716578006582, "params": {"max_depth": 3.5400280457557516, "n_estimators": 26.410743091822866, "random_state": 3.697923234103346}, "datetime": {"datetime": "2021-09-29 22:28:19", "elapsed": 139.593092, "delta": 0.878001}}
{"target": -54.757823767521685, "params": {"max_depth": 4.1151724119522655, "n_estimators": 28.872705468137415, "random_state": 20.0}, "datetime": {"datetime": "2021-09-29 22:28:20", "elapsed": 140.440319, "delta": 0.847227}}
{"target": -56.568008224131496, "params": {"max_depth": 4.055021258910337, "n_estimators": 28.37673134627952, "random_state": 17.859559765966264}, "datetime": {"datetime": "2021-09-29 22:28:21", "elapsed": 141.599319, "delta": 1.159}}
{"target": -53.172284705519516, "params": {"max_depth": 3.7222520830762655, "n_estimators": 24.14607923870259, "random_state": 4.748372654053007}, "datetime": {"datetime": "2021-09-29 22:28:22", "elapsed": 142.789335, "delta": 1.190016}}
{"target": -53.66825350265009, "params": {"max_depth": 3.182890545313252, "n_estimators": 26.39445687710593, "random_state": 4.617766116273321}, "datetime": {"datetime": "2021-09-29 22:28:24", "elapsed": 143.986336, "delta": 1.197001}}
{"target": -56.6249875853201, "params": {"max_depth": 6.942428108037134, "n_estimators": 22.020296293224572, "random_state": 10.217935402097035}, "datetime": {"datetime": "2021-09-29 22:28:25", "elapsed": 144.914241, "delta": 0.927905}}
{"target": -55.80613907271513, "params": {"max_depth": 4.266500770025208, "n_estimators": 23.962387623902778, "random_state": 20.0}, "datetime": {"datetime": "2021-09-29 22:28:26", "elapsed": 145.846249, "delta": 0.932008}}
{"target": -54.43801838864676, "params": {"max_depth": 4.12956025550019, "n_estimators": 20.0, "random_state": 16.708276335934332}, "datetime": {"datetime": "2021-09-29 22:28:26", "elapsed": 146.75924, "delta": 0.912991}}
{"target": -56.073524088499326, "params": {"max_depth": 3.7280377973476324, "n_estimators": 21.07647577576423, "random_state": 17.288605331055084}, "datetime": {"datetime": "2021-09-29 22:28:27", "elapsed": 147.757888, "delta": 0.998648}}
{"target": -56.514008263080974, "params": {"max_depth": 4.572201290212238, "n_estimators": 20.0, "random_state": 15.7698939795041}, "datetime": {"datetime": "2021-09-29 22:28:29", "elapsed": 148.83453, "delta": 1.076642}}
{"target": -55.79565617789126, "params": {"max_depth": 3.989286641790951, "n_estimators": 27.404392988718644, "random_state": 20.0}, "datetime": {"datetime": "2021-09-29 22:28:30", "elapsed": 149.87953, "delta": 1.045}}
{"target": -54.42867175226866, "params": {"max_depth": 4.961969334142357, "n_estimators": 27.084292058352055, "random_state": 4.646512613101711}, "datetime": {"datetime": "2021-09-29 22:28:30", "elapsed": 150.787318, "delta": 0.907788}}
{"target": -54.45606844979345, "params": {"max_depth": 4.34557136500436, "n_estimators": 27.369772075271662, "random_state": 11.65374113769894}, "datetime": {"datetime": "2021-09-29 22:28:32", "elapsed": 151.828318, "delta": 1.041}}
{"target": -55.586793878801586, "params": {"max_depth": 4.604035539578609, "n_estimators": 25.63284616641442, "random_state": 16.107953886848577}, "datetime": {"datetime": "2021-09-29 22:28:33", "elapsed": 153.020946, "delta": 1.192628}}
