{"target": -42.70378125652826, "params": {"eta": 0.06945717694427128, "max_depth": 2.933720444443244, "n_estimators": 22.3437718946879}, "datetime": {"datetime": "2021-09-29 20:18:47", "elapsed": 44.699791, "delta": 0.318998}}
{"target": -76.39169285924527, "params": {"eta": 0.032539520340258914, "max_depth": 1.0, "n_estimators": 7.780271010997122}, "datetime": {"datetime": "2021-09-29 20:18:47", "elapsed": 45.422795, "delta": 0.723004}}
{"target": -41.68943663668997, "params": {"eta": 0.08416729894682011, "max_depth": 3.9078447649267574, "n_estimators": 17.502277903838383}, "datetime": {"datetime": "2021-09-29 20:18:48", "elapsed": 45.745378, "delta": 0.322583}}
{"target": -46.562826883220595, "params": {"eta": 0.11030024311661629, "max_depth": 1.0148405123320674, "n_estimators": 6.289706955967647}, "datetime": {"datetime": "2021-09-29 20:18:49", "elapsed": 46.78738, "delta": 1.042002}}
{"target": -94.89983818337421, "params": {"eta": 0.038825466142442665, "max_depth": 3.8159127777090953, "n_estimators": 1.2746657336117766}, "datetime": {"datetime": "2021-09-29 20:18:49", "elapsed": 47.188383, "delta": 0.401003}}
{"target": -48.905367077921056, "params": {"eta": 0.10161153816022901, "max_depth": 1.0078415147659916, "n_estimators": 6.98304826849659}, "datetime": {"datetime": "2021-09-29 20:18:50", "elapsed": 48.145235, "delta": 0.956852}}
{"target": -48.0087424266672, "params": {"eta": 0.044748325360951566, "max_depth": 1.6276400986948527, "n_estimators": 16.387412404578292}, "datetime": {"datetime": "2021-09-29 20:18:51", "elapsed": 48.678235, "delta": 0.533}}
{"target": -52.550045395040875, "params": {"eta": 0.13555781510444895, "max_depth": 1.3596756579932885, "n_estimators": 17.190956833774816}, "datetime": {"datetime": "2021-09-29 20:18:52", "elapsed": 49.475236, "delta": 0.797001}}
{"target": -50.869246121260566, "params": {"eta": 0.09411339014796606, "max_depth": 3.41372891492904, "n_estimators": 29.374446318713517}, "datetime": {"datetime": "2021-09-29 20:18:52", "elapsed": 50.143938, "delta": 0.668702}}
{"target": -50.5062880185434, "params": {"eta": 0.09159432042018752, "max_depth": 3.132269163251844, "n_estimators": 28.058104702652628}, "datetime": {"datetime": "2021-09-29 20:18:53", "elapsed": 50.856936, "delta": 0.712998}}
{"target": -41.12417930963426, "params": {"eta": 0.13095390059663578, "max_depth": 1.0, "n_estimators": 7.208228462289721}, "datetime": {"datetime": "2021-09-29 20:18:54", "elapsed": 52.375207, "delta": 1.518271}}
{"target": -49.07930418620553, "params": {"eta": 0.13635335645320087, "max_depth": 3.5209901780188213, "n_estimators": 16.58718005924908}, "datetime": {"datetime": "2021-09-29 20:18:55", "elapsed": 52.807204, "delta": 0.431997}}
{"target": -55.15454734931707, "params": {"eta": 0.08305326325941398, "max_depth": 1.0027989645384516, "n_estimators": 6.505454209320717}, "datetime": {"datetime": "2021-09-29 20:18:56", "elapsed": 54.331497, "delta": 1.524293}}
{"target": -54.74647466961742, "params": {"eta": 0.13096708682500396, "max_depth": 1.4227093810393936, "n_estimators": 23.975586421442326}, "datetime": {"datetime": "2021-09-29 20:18:57", "elapsed": 54.663495, "delta": 0.331998}}
{"target": -63.02770611194401, "params": {"eta": 0.02263549477680447, "max_depth": 3.0926452798270128, "n_estimators": 20.161091226435076}, "datetime": {"datetime": "2021-09-29 20:18:58", "elapsed": 56.291827, "delta": 1.628332}}
{"target": -64.02055459081454, "params": {"eta": 0.07460150251278977, "max_depth": 1.105870997409426, "n_estimators": 5.490659464090689}, "datetime": {"datetime": "2021-09-29 20:18:59", "elapsed": 56.840825, "delta": 0.548998}}
{"target": -97.06215050077134, "params": {"eta": 0.023558681734974284, "max_depth": 1.10833918564687, "n_estimators": 1.8649230243984394}, "datetime": {"datetime": "2021-09-29 20:18:59", "elapsed": 57.363827, "delta": 0.523002}}
{"target": -48.81541321062977, "params": {"eta": 0.14756021343366008, "max_depth": 1.9750410541387684, "n_estimators": 12.538442774646606}, "datetime": {"datetime": "2021-09-29 20:19:00", "elapsed": 58.325937, "delta": 0.96211}}
{"target": -45.20071684022737, "params": {"eta": 0.0853592767479669, "max_depth": 3.3403309830337564, "n_estimators": 20.17710758512416}, "datetime": {"datetime": "2021-09-29 20:19:02", "elapsed": 60.272404, "delta": 1.946467}}
{"target": -40.72870475162954, "params": {"eta": 0.16, "max_depth": 1.159899658149432, "n_estimators": 7.740525716544796}, "datetime": {"datetime": "2021-09-29 20:19:03", "elapsed": 61.338399, "delta": 1.065995}}
{"target": -51.97299685863518, "params": {"eta": 0.030559328792603688, "max_depth": 3.249641242015491, "n_estimators": 20.298522530167983}, "datetime": {"datetime": "2021-09-29 20:19:04", "elapsed": 62.382942, "delta": 1.044543}}
{"target": -40.72870475162954, "params": {"eta": 0.16, "max_depth": 1.1224134913372044, "n_estimators": 7.60040340177336}, "datetime": {"datetime": "2021-09-29 20:19:06", "elapsed": 63.692338, "delta": 1.309396}}
{"target": -63.735942293336244, "params": {"eta": 0.029559059842673804, "max_depth": 1.958936438573565, "n_estimators": 12.724705285240399}, "datetime": {"datetime": "2021-09-29 20:19:07", "elapsed": 64.457952, "delta": 0.765614}}
{"target": -54.79610363286317, "params": {"eta": 0.06708312966993936, "max_depth": 1.2160135430681742, "n_estimators": 7.622970641823405}, "datetime": {"datetime": "2021-09-29 20:19:09", "elapsed": 66.559838, "delta": 2.101886}}
{"target": -50.95749848499268, "params": {"eta": 0.10947470863144236, "max_depth": 1.2974201159348258, "n_estimators": 5.1614899444483635}, "datetime": {"datetime": "2021-09-29 20:19:09", "elapsed": 66.955836, "delta": 0.395998}}
{"target": -47.43861943886457, "params": {"eta": 0.06578691689886464, "max_depth": 3.3951853650142985, "n_estimators": 29.167312560088067}, "datetime": {"datetime": "2021-09-29 20:19:11", "elapsed": 68.45183, "delta": 1.495994}}
{"target": -40.72870475162954, "params": {"eta": 0.16, "max_depth": 1.1239921938453852, "n_estimators": 7.238218790907813}, "datetime": {"datetime": "2021-09-29 20:19:12", "elapsed": 70.224617, "delta": 1.772787}}
{"target": -50.84692059489985, "params": {"eta": 0.07636537939566368, "max_depth": 1.0422771389284677, "n_estimators": 7.358299480611793}, "datetime": {"datetime": "2021-09-29 20:19:13", "elapsed": 71.152423, "delta": 0.927806}}
{"target": -45.20337946501864, "params": {"eta": 0.037370290935239664, "max_depth": 3.2999542583473933, "n_estimators": 20.053135297213586}, "datetime": {"datetime": "2021-09-29 20:19:15", "elapsed": 72.582857, "delta": 1.430434}}
{"target": -54.31566574090891, "params": {"eta": 0.14986099536340503, "max_depth": 3.252133626065151, "n_estimators": 20.09849259460375}, "datetime": {"datetime": "2021-09-29 20:19:17", "elapsed": 74.574637, "delta": 1.99178}}
{"target": -40.97043765672075, "params": {"eta": 0.07384996493257039, "max_depth": 3.9698126966286544, "n_estimators": 17.626562822926058}, "datetime": {"datetime": "2021-09-29 20:19:19", "elapsed": 76.476821, "delta": 1.902184}}
{"target": -68.08375724944315, "params": {"eta": 0.06129345962734105, "max_depth": 1.0255169994641293, "n_estimators": 5.516899185810863}, "datetime": {"datetime": "2021-09-29 20:19:19", "elapsed": 77.027821, "delta": 0.551}}
{"target": -48.798245498367656, "params": {"eta": 0.03775928764029164, "max_depth": 3.84705221924093, "n_estimators": 17.588340305721594}, "datetime": {"datetime": "2021-09-29 20:19:20", "elapsed": 77.972371, "delta": 0.94455}}
{"target": -40.72870475162954, "params": {"eta": 0.15713928405146324, "max_depth": 1.0500440543400704, "n_estimators": 7.801775077682261}, "datetime": {"datetime": "2021-09-29 20:19:21", "elapsed": 78.518999, "delta": 0.546628}}
{"target": -43.636160984932076, "params": {"eta": 0.0895414806705066, "max_depth": 2.2724270174118857, "n_estimators": 9.637686653204025}, "datetime": {"datetime": "2021-09-29 20:19:22", "elapsed": 80.400601, "delta": 1.881602}}
{"target": -52.97419947309688, "params": {"eta": 0.02, "max_depth": 3.57420819263996, "n_estimators": 29.212309726075816}, "datetime": {"datetime": "2021-09-29 20:19:24", "elapsed": 81.576602, "delta": 1.176001}}
{"target": -40.927681841487704, "params": {"eta": 0.12730997235025263, "max_depth": 2.156773475404174, "n_estimators": 9.57211443039353}, "datetime": {"datetime": "2021-09-29 20:19:25", "elapsed": 83.259589, "delta": 1.682987}}
{"target": -71.98578777500154, "params": {"eta": 0.032737215652764586, "max_depth": 2.22753216405277, "n_estimators": 9.495388451944086}, "datetime": {"datetime": "2021-09-29 20:19:27", "elapsed": 84.90533, "delta": 1.645741}}
{"target": -41.68571776190906, "params": {"eta": 0.10074213656547941, "max_depth": 2.10000709222953, "n_estimators": 9.717678523116039}, "datetime": {"datetime": "2021-09-29 20:19:28", "elapsed": 85.618988, "delta": 0.713658}}
{"target": -53.05883703873347, "params": {"eta": 0.15896367485597446, "max_depth": 3.9872422266584575, "n_estimators": 17.534926273880256}, "datetime": {"datetime": "2021-09-29 20:19:29", "elapsed": 87.24457, "delta": 1.625582}}
{"target": -51.13274837150882, "params": {"eta": 0.11034715269160299, "max_depth": 1.6137381905245551, "n_estimators": 20.09729357836342}, "datetime": {"datetime": "2021-09-29 20:19:30", "elapsed": 87.889631, "delta": 0.645061}}
{"target": -43.636160984932076, "params": {"eta": 0.09247339214046449, "max_depth": 2.2746888125773803, "n_estimators": 9.794006599526584}, "datetime": {"datetime": "2021-09-29 20:19:31", "elapsed": 88.830561, "delta": 0.94093}}
{"target": -77.2301754094037, "params": {"eta": 0.04465843475696049, "max_depth": 1.586958138802479, "n_estimators": 5.01085676755804}, "datetime": {"datetime": "2021-09-29 20:19:31", "elapsed": 89.375561, "delta": 0.545}}
{"target": -47.95848227452225, "params": {"eta": 0.1465885833251369, "max_depth": 1.1611143796540322, "n_estimators": 4.882538550268595}, "datetime": {"datetime": "2021-09-29 20:19:32", "elapsed": 90.071576, "delta": 0.696015}}
{"target": -40.72870475162954, "params": {"eta": 0.16, "max_depth": 1.0, "n_estimators": 7.569420221033852}, "datetime": {"datetime": "2021-09-29 20:19:33", "elapsed": 91.391298, "delta": 1.319722}}
{"target": -43.636160984932076, "params": {"eta": 0.08855564891241817, "max_depth": 2.0000552435520054, "n_estimators": 9.608039284140514}, "datetime": {"datetime": "2021-09-29 20:19:35", "elapsed": 92.835398, "delta": 1.4441}}
{"target": -40.927681841487704, "params": {"eta": 0.1297311842438182, "max_depth": 2.4167456659881776, "n_estimators": 9.683212985531025}, "datetime": {"datetime": "2021-09-29 20:19:36", "elapsed": 94.255394, "delta": 1.419996}}
{"target": -41.96651255592825, "params": {"eta": 0.16, "max_depth": 2.2002102198183655, "n_estimators": 9.683130529156886}, "datetime": {"datetime": "2021-09-29 20:19:37", "elapsed": 95.342066, "delta": 1.086672}}
{"target": -42.4420835419604, "params": {"eta": 0.09937725129627768, "max_depth": 1.9022021324562555, "n_estimators": 13.814863457045503}, "datetime": {"datetime": "2021-09-29 20:19:39", "elapsed": 96.492482, "delta": 1.150416}}
{"target": -40.61128648399786, "params": {"eta": 0.11005898790679702, "max_depth": 2.485772174045436, "n_estimators": 9.568295810814266}, "datetime": {"datetime": "2021-09-29 20:19:40", "elapsed": 97.941485, "delta": 1.449003}}
{"target": -43.636160984932076, "params": {"eta": 0.08574571950843568, "max_depth": 2.5408455019527216, "n_estimators": 9.71243583104481}, "datetime": {"datetime": "2021-09-29 20:19:43", "elapsed": 100.771101, "delta": 2.829616}}
{"target": -41.68571776190906, "params": {"eta": 0.1029422088782212, "max_depth": 2.6627157596195037, "n_estimators": 9.538058727768137}, "datetime": {"datetime": "2021-09-29 20:19:44", "elapsed": 101.552099, "delta": 0.780998}}
{"target": -41.96651255592825, "params": {"eta": 0.15848210236000568, "max_depth": 2.5367471036648657, "n_estimators": 9.4739678767991}, "datetime": {"datetime": "2021-09-29 20:19:45", "elapsed": 102.792347, "delta": 1.240248}}
{"target": -41.96651255592825, "params": {"eta": 0.1555560476455603, "max_depth": 2.4349310814911567, "n_estimators": 9.850268323672163}, "datetime": {"datetime": "2021-09-29 20:19:47", "elapsed": 104.747344, "delta": 1.954997}}
{"target": -58.75973246324978, "params": {"eta": 0.05249786673068553, "max_depth": 2.5981701701608158, "n_estimators": 9.405226508276899}, "datetime": {"datetime": "2021-09-29 20:19:49", "elapsed": 107.415539, "delta": 2.668195}}
{"target": -62.841114742189106, "params": {"eta": 0.02566672569725597, "max_depth": 2.5982263253216518, "n_estimators": 13.731489909898716}, "datetime": {"datetime": "2021-09-29 20:19:50", "elapsed": 107.953533, "delta": 0.537994}}
{"target": -43.30853449879487, "params": {"eta": 0.04969677332060961, "max_depth": 1.6237744642246712, "n_estimators": 16.38414122338743}, "datetime": {"datetime": "2021-09-29 20:19:51", "elapsed": 108.945351, "delta": 0.991818}}
{"target": -43.10520020186896, "params": {"eta": 0.09468362774416668, "max_depth": 1.5718734579068978, "n_estimators": 16.231442013670126}, "datetime": {"datetime": "2021-09-29 20:19:52", "elapsed": 109.917351, "delta": 0.972}}
{"target": -53.877364681973376, "params": {"eta": 0.12903016090353103, "max_depth": 2.6634932873100055, "n_estimators": 25.598139330833103}, "datetime": {"datetime": "2021-09-29 20:19:53", "elapsed": 111.182651, "delta": 1.2653}}
{"target": -47.31331837534287, "params": {"eta": 0.10905593645057679, "max_depth": 1.5665863490986132, "n_estimators": 16.392783522361515}, "datetime": {"datetime": "2021-09-29 20:19:54", "elapsed": 112.239654, "delta": 1.057003}}
{"target": -55.842342312409365, "params": {"eta": 0.03434397015492004, "max_depth": 1.5521420806835193, "n_estimators": 16.330351757861614}, "datetime": {"datetime": "2021-09-29 20:19:55", "elapsed": 113.393977, "delta": 1.154323}}
{"target": -53.620444546568805, "params": {"eta": 0.055533773468092185, "max_depth": 2.575662548730609, "n_estimators": 9.559810480113963}, "datetime": {"datetime": "2021-09-29 20:19:57", "elapsed": 114.981977, "delta": 1.588}}
{"target": -67.9922584368481, "params": {"eta": 0.07695622179425639, "max_depth": 3.202244137821438, "n_estimators": 4.029449677112776}, "datetime": {"datetime": "2021-09-29 20:19:58", "elapsed": 115.874978, "delta": 0.893001}}
{"target": -53.786590855867075, "params": {"eta": 0.15461089874066322, "max_depth": 1.6487186954523407, "n_estimators": 16.348870572303454}, "datetime": {"datetime": "2021-09-29 20:19:59", "elapsed": 116.765977, "delta": 0.890999}}
{"target": -41.8057276552278, "params": {"eta": 0.14710400699053564, "max_depth": 2.3886342494012345, "n_estimators": 9.583477500227241}, "datetime": {"datetime": "2021-09-29 20:20:00", "elapsed": 118.308554, "delta": 1.542577}}
{"target": -40.72870475162954, "params": {"eta": 0.16, "max_depth": 1.0659241322778612, "n_estimators": 7.160932197164644}, "datetime": {"datetime": "2021-09-29 20:20:02", "elapsed": 119.724616, "delta": 1.416062}}
{"target": -41.14032295133928, "params": {"eta": 0.07732887515295137, "max_depth": 3.5422648538580885, "n_estimators": 16.49521863975776}, "datetime": {"datetime": "2021-09-29 20:20:03", "elapsed": 120.580146, "delta": 0.85553}}
{"target": -40.72870475162954, "params": {"eta": 0.16, "max_depth": 1.047382478573345, "n_estimators": 7.6336844825017875}, "datetime": {"datetime": "2021-09-29 20:20:04", "elapsed": 122.307924, "delta": 1.727778}}
{"target": -45.486390334266034, "params": {"eta": 0.10379991151867797, "max_depth": 1.0985924662550812, "n_estimators": 7.105852787039999}, "datetime": {"datetime": "2021-09-29 20:20:05", "elapsed": 122.894742, "delta": 0.586818}}
{"target": -41.99907492045695, "params": {"eta": 0.11704579745897732, "max_depth": 1.0821319291843148, "n_estimators": 7.527555304775976}, "datetime": {"datetime": "2021-09-29 20:20:06", "elapsed": 124.339298, "delta": 1.444556}}
{"target": -43.847256687421904, "params": {"eta": 0.1343106581616199, "max_depth": 2.0950780698876876, "n_estimators": 12.485733594389135}, "datetime": {"datetime": "2021-09-29 20:20:07", "elapsed": 125.22301, "delta": 0.883712}}
{"target": -49.47340610830505, "params": {"eta": 0.07334619494286936, "max_depth": 2.366171205785238, "n_estimators": 9.74178194600697}, "datetime": {"datetime": "2021-09-29 20:20:09", "elapsed": 126.917008, "delta": 1.693998}}
{"target": -40.927681841487704, "params": {"eta": 0.13022220414076072, "max_depth": 2.5386458455105307, "n_estimators": 9.832655807028239}, "datetime": {"datetime": "2021-09-29 20:20:10", "elapsed": 128.256747, "delta": 1.339739}}
{"target": -49.47340610830505, "params": {"eta": 0.07093225851931508, "max_depth": 2.4769849426760833, "n_estimators": 9.824291778083612}, "datetime": {"datetime": "2021-09-29 20:20:11", "elapsed": 129.257953, "delta": 1.001206}}
{"target": -58.75973246324978, "params": {"eta": 0.05102290841124901, "max_depth": 2.180931791051359, "n_estimators": 9.782828115373576}, "datetime": {"datetime": "2021-09-29 20:20:13", "elapsed": 130.965316, "delta": 1.707363}}
{"target": -40.927681841487704, "params": {"eta": 0.13272199562718295, "max_depth": 2.0136608693453963, "n_estimators": 9.691399859092348}, "datetime": {"datetime": "2021-09-29 20:20:14", "elapsed": 131.99582, "delta": 1.030504}}
{"target": -50.97407518755263, "params": {"eta": 0.10062548929246738, "max_depth": 3.495777594898895, "n_estimators": 25.62598562016412}, "datetime": {"datetime": "2021-09-29 20:20:15", "elapsed": 132.648823, "delta": 0.653003}}
{"target": -40.927681841487704, "params": {"eta": 0.1322904107189152, "max_depth": 2.319307693418506, "n_estimators": 9.897823406927223}, "datetime": {"datetime": "2021-09-29 20:20:16", "elapsed": 134.399823, "delta": 1.751}}
{"target": -40.50904553432999, "params": {"eta": 0.1514853183507449, "max_depth": 1.5296529326449937, "n_estimators": 7.883542503787617}, "datetime": {"datetime": "2021-09-29 20:20:18", "elapsed": 135.905563, "delta": 1.50574}}
{"target": -46.984718733680644, "params": {"eta": 0.0841667610571907, "max_depth": 3.4630992961429885, "n_estimators": 9.662774614979666}, "datetime": {"datetime": "2021-09-29 20:20:19", "elapsed": 136.935559, "delta": 1.029996}}
{"target": -41.96651255592825, "params": {"eta": 0.15979243979009808, "max_depth": 2.129967313244358, "n_estimators": 9.643538720179594}, "datetime": {"datetime": "2021-09-29 20:20:20", "elapsed": 138.198553, "delta": 1.262994}}
{"target": -70.96345678525583, "params": {"eta": 0.034752325596757346, "max_depth": 1.9973152775874836, "n_estimators": 9.724598322776169}, "datetime": {"datetime": "2021-09-29 20:20:22", "elapsed": 139.458544, "delta": 1.259991}}
{"target": -41.96651255592825, "params": {"eta": 0.15563092345350166, "max_depth": 2.049076468792977, "n_estimators": 9.5107711236877}, "datetime": {"datetime": "2021-09-29 20:20:23", "elapsed": 140.900318, "delta": 1.441774}}
{"target": -59.755649072417846, "params": {"eta": 0.02, "max_depth": 2.8726781430482045, "n_estimators": 22.302806089973622}, "datetime": {"datetime": "2021-09-29 20:20:25", "elapsed": 143.077717, "delta": 2.177399}}
{"target": -41.6344637017482, "params": {"eta": 0.07500929453434653, "max_depth": 1.6290092818745159, "n_estimators": 16.321420779681794}, "datetime": {"datetime": "2021-09-29 20:20:27", "elapsed": 144.437347, "delta": 1.35963}}
{"target": -58.75973246324978, "params": {"eta": 0.05076740629037299, "max_depth": 2.409355778652656, "n_estimators": 9.582457692159506}, "datetime": {"datetime": "2021-09-29 20:20:27", "elapsed": 145.352443, "delta": 0.915096}}
{"target": -41.8057276552278, "params": {"eta": 0.1548522296091634, "max_depth": 2.496392106896572, "n_estimators": 9.730353032664137}, "datetime": {"datetime": "2021-09-29 20:20:29", "elapsed": 147.2585, "delta": 1.906057}}
{"target": -59.19349702235933, "params": {"eta": 0.062382291249507504, "max_depth": 1.056991083486816, "n_estimators": 7.192963296127879}, "datetime": {"datetime": "2021-09-29 20:20:30", "elapsed": 148.316501, "delta": 1.058001}}
{"target": -40.8436167229241, "params": {"eta": 0.03891966798965378, "max_depth": 1.917911526472494, "n_estimators": 27.83054325473302}, "datetime": {"datetime": "2021-09-29 20:20:31", "elapsed": 149.274803, "delta": 0.958302}}
{"target": -40.72870475162954, "params": {"eta": 0.15588244863312004, "max_depth": 1.620154116702079, "n_estimators": 7.909347720150985}, "datetime": {"datetime": "2021-09-29 20:20:33", "elapsed": 150.647461, "delta": 1.372658}}
{"target": -41.8057276552278, "params": {"eta": 0.15354484215701839, "max_depth": 2.3711913750759765, "n_estimators": 9.800203078253766}, "datetime": {"datetime": "2021-09-29 20:20:35", "elapsed": 152.693348, "delta": 2.045887}}
{"target": -54.67984379811768, "params": {"eta": 0.11782888822500731, "max_depth": 1.9209595034233178, "n_estimators": 4.7899426127717915}, "datetime": {"datetime": "2021-09-29 20:20:36", "elapsed": 153.519417, "delta": 0.826069}}
{"target": -44.84831565865199, "params": {"eta": 0.0898869251541237, "max_depth": 1.6532602587966947, "n_estimators": 8.355503348102275}, "datetime": {"datetime": "2021-09-29 20:20:37", "elapsed": 154.612421, "delta": 1.093004}}
{"target": -41.12417930963426, "params": {"eta": 0.13012904021819136, "max_depth": 1.6321029741763182, "n_estimators": 7.813355250046005}, "datetime": {"datetime": "2021-09-29 20:20:38", "elapsed": 155.984483, "delta": 1.372062}}
{"target": -41.454863249987106, "params": {"eta": 0.05592889197655908, "max_depth": 3.0758158197280236, "n_estimators": 22.331446589300242}, "datetime": {"datetime": "2021-09-29 20:20:39", "elapsed": 157.278159, "delta": 1.293676}}
{"target": -41.18529448203381, "params": {"eta": 0.052803463373862186, "max_depth": 1.7029988164833225, "n_estimators": 19.653805200287117}, "datetime": {"datetime": "2021-09-29 20:20:40", "elapsed": 158.06216, "delta": 0.784001}}
