{"target": -54.19531804487704, "params": {"eta": 0.13468851643008628, "max_depth": 2.474324465556995, "n_estimators": 25.16705472640645}, "datetime": {"datetime": "2021-09-29 18:38:21", "elapsed": 693.616159, "delta": 6.043809}}
{"target": -44.74221820093558, "params": {"eta": 0.04067393683879647, "max_depth": 6.767241653154005, "n_estimators": 38.549664819310166}, "datetime": {"datetime": "2021-09-29 18:38:23", "elapsed": 696.40852, "delta": 2.792361}}
{"target": -41.22418844291547, "params": {"eta": 0.039312426462430744, "max_depth": 2.904255135237327, "n_estimators": 33.143626686176894}, "datetime": {"datetime": "2021-09-29 18:38:27", "elapsed": 700.430451, "delta": 4.021931}}
{"target": -49.465197797652515, "params": {"eta": 0.06829656008945764, "max_depth": 2.9840001354456147, "n_estimators": 33.13792613188262}, "datetime": {"datetime": "2021-09-29 18:38:31", "elapsed": 704.37439, "delta": 3.943939}}
{"target": -43.22205885857238, "params": {"eta": 0.20749539283040408, "max_depth": 3.539139180244755, "n_estimators": 6.523357287888572}, "datetime": {"datetime": "2021-09-29 18:38:35", "elapsed": 707.748616, "delta": 3.374226}}
{"target": -51.58636781889236, "params": {"eta": 0.06617174373716642, "max_depth": 4.1142356201215975, "n_estimators": 37.417825505171585}, "datetime": {"datetime": "2021-09-29 18:38:36", "elapsed": 709.456697, "delta": 1.708081}}
{"target": -46.46163928187716, "params": {"eta": 0.12146481398713682, "max_depth": 3.580964149714894, "n_estimators": 6.523127808925929}, "datetime": {"datetime": "2021-09-29 18:38:41", "elapsed": 713.632581, "delta": 4.175884}}
{"target": -60.17629609018631, "params": {"eta": 0.05984631355292073, "max_depth": 6.262901334875818, "n_estimators": 8.041527352704271}, "datetime": {"datetime": "2021-09-29 18:38:42", "elapsed": 715.276393, "delta": 1.643812}}
{"target": -49.12373243267915, "params": {"eta": 0.13211914880050968, "max_depth": 3.6374245645080054, "n_estimators": 16.378139882247325}, "datetime": {"datetime": "2021-09-29 18:38:47", "elapsed": 719.598381, "delta": 4.321988}}
{"target": -45.62169055422276, "params": {"eta": 0.20409004011739945, "max_depth": 2.2000825240279793, "n_estimators": 8.1391879115161}, "datetime": {"datetime": "2021-09-29 18:38:52", "elapsed": 724.472095, "delta": 4.873714}}
{"target": -55.945012249233926, "params": {"eta": 0.03106725133358298, "max_depth": 3.7060330965915425, "n_estimators": 17.55436122253269}, "datetime": {"datetime": "2021-09-29 18:38:56", "elapsed": 729.315207, "delta": 4.843112}}
{"target": -49.78226551918162, "params": {"eta": 0.10353789478987831, "max_depth": 3.2450727704666997, "n_estimators": 21.05164321882172}, "datetime": {"datetime": "2021-09-29 18:39:02", "elapsed": 734.804837, "delta": 5.48963}}
{"target": -49.45201626191931, "params": {"eta": 0.03, "max_depth": 3.056612450904929, "n_estimators": 22.560254317095577}, "datetime": {"datetime": "2021-09-29 18:39:06", "elapsed": 739.019198, "delta": 4.214361}}
{"target": -55.72599368309837, "params": {"eta": 0.16033443022992044, "max_depth": 2.859051941615056, "n_estimators": 33.088630305546005}, "datetime": {"datetime": "2021-09-29 18:39:10", "elapsed": 743.084408, "delta": 4.06521}}
{"target": -45.15706745148587, "params": {"eta": 0.050021718327955406, "max_depth": 4.6382810848595115, "n_estimators": 33.43306932181744}, "datetime": {"datetime": "2021-09-29 18:39:12", "elapsed": 745.172274, "delta": 2.087866}}
{"target": -49.465197797652515, "params": {"eta": 0.07258209014808936, "max_depth": 2.842673665047315, "n_estimators": 33.16086799294713}, "datetime": {"datetime": "2021-09-29 18:39:16", "elapsed": 748.673345, "delta": 3.501071}}
{"target": -41.84515987066417, "params": {"eta": 0.13480548112053184, "max_depth": 2.54920960967761, "n_estimators": 7.910536439634507}, "datetime": {"datetime": "2021-09-29 18:39:20", "elapsed": 752.636674, "delta": 3.963329}}
{"target": -42.31876027072217, "params": {"eta": 0.1130412742144931, "max_depth": 2.1781312039404037, "n_estimators": 8.734701219505542}, "datetime": {"datetime": "2021-09-29 18:39:22", "elapsed": 754.507483, "delta": 1.870809}}
{"target": -42.71390215195082, "params": {"eta": 0.03, "max_depth": 3.5974294053892306, "n_estimators": 33.59281767768359}, "datetime": {"datetime": "2021-09-29 18:39:27", "elapsed": 760.394198, "delta": 5.886715}}
{"target": -43.22205885857238, "params": {"eta": 0.21, "max_depth": 3.535619212587579, "n_estimators": 6.431213242516382}, "datetime": {"datetime": "2021-09-29 18:39:32", "elapsed": 765.122147, "delta": 4.727949}}
{"target": -43.22205885857238, "params": {"eta": 0.21, "max_depth": 3.4635681873632667, "n_estimators": 6.532286698186759}, "datetime": {"datetime": "2021-09-29 18:39:38", "elapsed": 770.803265, "delta": 5.681118}}
{"target": -43.831941562445465, "params": {"eta": 0.047575433295397235, "max_depth": 6.337629656114943, "n_estimators": 29.704929598099447}, "datetime": {"datetime": "2021-09-29 18:39:40", "elapsed": 772.558838, "delta": 1.755573}}
{"target": -56.005510502755385, "params": {"eta": 0.06792510554507807, "max_depth": 2.604590663875804, "n_estimators": 7.89786709351107}, "datetime": {"datetime": "2021-09-29 18:39:43", "elapsed": 776.233986, "delta": 3.675148}}
{"target": -43.22205885857238, "params": {"eta": 0.21, "max_depth": 3.6244809497731185, "n_estimators": 6.4646766678166045}, "datetime": {"datetime": "2021-09-29 18:39:47", "elapsed": 779.643471, "delta": 3.409485}}
{"target": -45.62169055422276, "params": {"eta": 0.1992406508118059, "max_depth": 2.1450530764730162, "n_estimators": 8.744084389683007}, "datetime": {"datetime": "2021-09-29 18:39:51", "elapsed": 783.774461, "delta": 4.13099}}
{"target": -45.683674894722884, "params": {"eta": 0.1375560936317181, "max_depth": 2.7779919467651295, "n_estimators": 13.639568218770702}, "datetime": {"datetime": "2021-09-29 18:39:53", "elapsed": 785.975158, "delta": 2.200697}}
{"target": -41.34695842994171, "params": {"eta": 0.033879068740419904, "max_depth": 2.206786633533231, "n_estimators": 33.38911473293686}, "datetime": {"datetime": "2021-09-29 18:39:59", "elapsed": 791.492301, "delta": 5.517143}}
{"target": -42.800625361461584, "params": {"eta": 0.12464229278719244, "max_depth": 2.489761023543686, "n_estimators": 7.883017800146994}, "datetime": {"datetime": "2021-09-29 18:40:03", "elapsed": 795.608571, "delta": 4.11627}}
{"target": -45.59965719778754, "params": {"eta": 0.08823533535290928, "max_depth": 3.8891965323807542, "n_estimators": 18.506789363450473}, "datetime": {"datetime": "2021-09-29 18:40:08", "elapsed": 800.8082, "delta": 5.199629}}
{"target": -45.79561978974597, "params": {"eta": 0.1655962997670194, "max_depth": 4.716914220160392, "n_estimators": 10.722444681878745}, "datetime": {"datetime": "2021-09-29 18:40:12", "elapsed": 804.913116, "delta": 4.104916}}
{"target": -49.45201626191931, "params": {"eta": 0.03, "max_depth": 3.195412557007311, "n_estimators": 22.476310725405728}, "datetime": {"datetime": "2021-09-29 18:40:19", "elapsed": 811.621289, "delta": 6.708173}}
{"target": -40.86581333636193, "params": {"eta": 0.1461913563134325, "max_depth": 2.294835621677152, "n_estimators": 8.725536352649076}, "datetime": {"datetime": "2021-09-29 18:40:24", "elapsed": 816.485672, "delta": 4.864383}}
{"target": -42.78834920726422, "params": {"eta": 0.1208881098521589, "max_depth": 5.8969012943381225, "n_estimators": 10.961949273755549}, "datetime": {"datetime": "2021-09-29 18:40:25", "elapsed": 818.187799, "delta": 1.702127}}
{"target": -42.31876027072217, "params": {"eta": 0.10934639595620436, "max_depth": 2.229890974678338, "n_estimators": 8.817333930056247}, "datetime": {"datetime": "2021-09-29 18:40:30", "elapsed": 822.939733, "delta": 4.751934}}
{"target": -40.86356439269469, "params": {"eta": 0.12945455958422972, "max_depth": 2.341526765688971, "n_estimators": 8.6389075980623}, "datetime": {"datetime": "2021-09-29 18:40:33", "elapsed": 826.372481, "delta": 3.432748}}
{"target": -55.27872449683874, "params": {"eta": 0.11968669069609736, "max_depth": 5.878493537664065, "n_estimators": 32.802764333485825}, "datetime": {"datetime": "2021-09-29 18:40:35", "elapsed": 828.215708, "delta": 1.843227}}
{"target": -55.61531790366933, "params": {"eta": 0.20154641362017658, "max_depth": 2.4766435292720366, "n_estimators": 36.10823926430113}, "datetime": {"datetime": "2021-09-29 18:40:37", "elapsed": 829.921365, "delta": 1.705657}}
{"target": -45.96095675319496, "params": {"eta": 0.2065200213336193, "max_depth": 2.2782874376955795, "n_estimators": 8.804837365934016}, "datetime": {"datetime": "2021-09-29 18:40:40", "elapsed": 833.40182, "delta": 3.480455}}
{"target": -41.36045442678066, "params": {"eta": 0.16079707289513798, "max_depth": 2.3785511880510595, "n_estimators": 8.804624809064473}, "datetime": {"datetime": "2021-09-29 18:40:46", "elapsed": 838.542315, "delta": 5.140495}}
{"target": -48.81350356920006, "params": {"eta": 0.07786794581201624, "max_depth": 5.014728758494046, "n_estimators": 28.546520368951068}, "datetime": {"datetime": "2021-09-29 18:40:47", "elapsed": 840.332509, "delta": 1.790194}}
{"target": -44.366248584773835, "params": {"eta": 0.19268082708202106, "max_depth": 2.4462815194946574, "n_estimators": 8.728836224519247}, "datetime": {"datetime": "2021-09-29 18:40:51", "elapsed": 844.202056, "delta": 3.869547}}
{"target": -55.687029763728845, "params": {"eta": 0.15998318424657448, "max_depth": 2.4271754168768127, "n_estimators": 32.341071280109304}, "datetime": {"datetime": "2021-09-29 18:40:53", "elapsed": 846.034152, "delta": 1.832096}}
{"target": -56.414735968718944, "params": {"eta": 0.1582138468629835, "max_depth": 4.10720731169109, "n_estimators": 27.05496309406537}, "datetime": {"datetime": "2021-09-29 18:40:55", "elapsed": 847.810895, "delta": 1.776743}}
{"target": -67.70902099129276, "params": {"eta": 0.03576702903603774, "max_depth": 2.315170740675425, "n_estimators": 8.664076582384489}, "datetime": {"datetime": "2021-09-29 18:40:59", "elapsed": 851.572457, "delta": 3.761562}}
{"target": -43.66841244405259, "params": {"eta": 0.177941866527349, "max_depth": 2.435533291780806, "n_estimators": 8.62302921441686}, "datetime": {"datetime": "2021-09-29 18:41:03", "elapsed": 856.071432, "delta": 4.498975}}
{"target": -42.91303395749131, "params": {"eta": 0.17266851700248315, "max_depth": 2.2287820535038914, "n_estimators": 8.656640786480192}, "datetime": {"datetime": "2021-09-29 18:41:07", "elapsed": 860.007407, "delta": 3.935975}}
{"target": -44.48063116474415, "params": {"eta": 0.15808791353187437, "max_depth": 6.686654755562484, "n_estimators": 10.409765307002534}, "datetime": {"datetime": "2021-09-29 18:41:09", "elapsed": 861.836288, "delta": 1.828881}}
{"target": -44.366248584773835, "params": {"eta": 0.18895162286798922, "max_depth": 2.3742373823699774, "n_estimators": 8.686291278418434}, "datetime": {"datetime": "2021-09-29 18:41:14", "elapsed": 866.705005, "delta": 4.868717}}
{"target": -44.366248584773835, "params": {"eta": 0.19349182834983705, "max_depth": 2.420457592352424, "n_estimators": 8.882495084805623}, "datetime": {"datetime": "2021-09-29 18:41:22", "elapsed": 874.562172, "delta": 7.857167}}
{"target": -57.53746106829205, "params": {"eta": 0.1238666957702974, "max_depth": 4.550656103347512, "n_estimators": 4.133285174721673}, "datetime": {"datetime": "2021-09-29 18:41:24", "elapsed": 877.327462, "delta": 2.76529}}
{"target": -55.78274007340761, "params": {"eta": 0.1855841675472492, "max_depth": 5.079878164277721, "n_estimators": 28.417792826300456}, "datetime": {"datetime": "2021-09-29 18:41:27", "elapsed": 879.980422, "delta": 2.65296}}
{"target": -47.84035761585119, "params": {"eta": 0.10613997479376348, "max_depth": 3.711572337161223, "n_estimators": 16.26981847210502}, "datetime": {"datetime": "2021-09-29 18:41:29", "elapsed": 882.03938, "delta": 2.058958}}
{"target": -43.66841244405259, "params": {"eta": 0.1810277528217287, "max_depth": 2.297742766877414, "n_estimators": 8.554419928140081}, "datetime": {"datetime": "2021-09-29 18:41:35", "elapsed": 887.567912, "delta": 5.528532}}
{"target": -43.66700874587126, "params": {"eta": 0.10236347363475773, "max_depth": 2.166903682041397, "n_estimators": 8.881577340066066}, "datetime": {"datetime": "2021-09-29 18:41:39", "elapsed": 892.182224, "delta": 4.614312}}
{"target": -53.799292673168694, "params": {"eta": 0.16369627710456533, "max_depth": 6.001344894702461, "n_estimators": 23.06213230489557}, "datetime": {"datetime": "2021-09-29 18:41:41", "elapsed": 894.198869, "delta": 2.016645}}
{"target": -48.567205836686064, "params": {"eta": 0.07814461840684342, "max_depth": 3.389553889451369, "n_estimators": 24.409015090286296}, "datetime": {"datetime": "2021-09-29 18:41:43", "elapsed": 896.14057, "delta": 1.941701}}
{"target": -43.66700874587126, "params": {"eta": 0.09658138231927786, "max_depth": 2.3508681420195403, "n_estimators": 8.922478047399466}, "datetime": {"datetime": "2021-09-29 18:41:48", "elapsed": 900.612152, "delta": 4.471582}}
{"target": -45.39010140453803, "params": {"eta": 0.18986019165720067, "max_depth": 6.120257697362792, "n_estimators": 7.1359582113269795}, "datetime": {"datetime": "2021-09-29 18:41:50", "elapsed": 902.741403, "delta": 2.129251}}
{"target": -42.71390215195082, "params": {"eta": 0.03, "max_depth": 3.2349306104618067, "n_estimators": 33.47809291238113}, "datetime": {"datetime": "2021-09-29 18:41:57", "elapsed": 909.823296, "delta": 7.081893}}
{"target": -42.64343695825653, "params": {"eta": 0.054350005787078125, "max_depth": 3.9386357455158776, "n_estimators": 27.94121638380023}, "datetime": {"datetime": "2021-09-29 18:41:59", "elapsed": 911.758155, "delta": 1.934859}}
{"target": -44.001572125444014, "params": {"eta": 0.13989385824883582, "max_depth": 3.1953102004908507, "n_estimators": 10.23498693551294}, "datetime": {"datetime": "2021-09-29 18:42:01", "elapsed": 913.58014, "delta": 1.821985}}
{"target": -61.820058844949614, "params": {"eta": 0.050726597137034445, "max_depth": 2.4133389988981944, "n_estimators": 8.874038250019428}, "datetime": {"datetime": "2021-09-29 18:42:04", "elapsed": 917.323565, "delta": 3.743425}}
{"target": -40.86356439269469, "params": {"eta": 0.12703075902406905, "max_depth": 2.1407310927040357, "n_estimators": 8.821971638762218}, "datetime": {"datetime": "2021-09-29 18:42:08", "elapsed": 921.036668, "delta": 3.713103}}
{"target": -69.65120958218559, "params": {"eta": 0.03742706809724036, "max_depth": 5.970331980268503, "n_estimators": 8.719438935489814}, "datetime": {"datetime": "2021-09-29 18:42:10", "elapsed": 922.978201, "delta": 1.941533}}
{"target": -57.89745072261532, "params": {"eta": 0.17830187008080864, "max_depth": 5.8357433750423295, "n_estimators": 35.38144000420686}, "datetime": {"datetime": "2021-09-29 18:42:12", "elapsed": 924.920249, "delta": 1.942048}}
{"target": -53.73723113112073, "params": {"eta": 0.1087549555144045, "max_depth": 3.999362527854367, "n_estimators": 27.96974833947788}, "datetime": {"datetime": "2021-09-29 18:42:17", "elapsed": 930.36252, "delta": 5.442271}}
{"target": -42.91303395749131, "params": {"eta": 0.17284037194705235, "max_depth": 2.7378866166110374, "n_estimators": 8.223536399292794}, "datetime": {"datetime": "2021-09-29 18:42:22", "elapsed": 934.682531, "delta": 4.320011}}
{"target": -43.2334869374241, "params": {"eta": 0.13728223889370533, "max_depth": 6.275824066502623, "n_estimators": 10.78314934870571}, "datetime": {"datetime": "2021-09-29 18:42:24", "elapsed": 936.531201, "delta": 1.84867}}
{"target": -41.36045442678066, "params": {"eta": 0.16119295546042467, "max_depth": 2.3679164344931336, "n_estimators": 8.507652484945222}, "datetime": {"datetime": "2021-09-29 18:42:28", "elapsed": 940.776259, "delta": 4.245058}}
{"target": -40.89505315206182, "params": {"eta": 0.12169817984305834, "max_depth": 2.4292518378505603, "n_estimators": 8.514749080000678}, "datetime": {"datetime": "2021-09-29 18:42:33", "elapsed": 946.153421, "delta": 5.377162}}
{"target": -42.18150356157458, "params": {"eta": 0.03750293877626319, "max_depth": 3.911278629860749, "n_estimators": 27.877839665138954}, "datetime": {"datetime": "2021-09-29 18:42:38", "elapsed": 950.556252, "delta": 4.402831}}
{"target": -40.86356439269469, "params": {"eta": 0.1263153954578175, "max_depth": 2.306808672646761, "n_estimators": 8.457295901684054}, "datetime": {"datetime": "2021-09-29 18:42:42", "elapsed": 955.153163, "delta": 4.596911}}
{"target": -50.20582027959814, "params": {"eta": 0.11244371518648234, "max_depth": 5.333594824172345, "n_estimators": 22.204244499535253}, "datetime": {"datetime": "2021-09-29 18:42:44", "elapsed": 957.13969, "delta": 1.986527}}
{"target": -43.49222713616781, "params": {"eta": 0.045896383201371176, "max_depth": 2.179709534761689, "n_estimators": 33.48966415103115}, "datetime": {"datetime": "2021-09-29 18:42:48", "elapsed": 961.455628, "delta": 4.315938}}
{"target": -42.44842914583036, "params": {"eta": 0.0601228195866208, "max_depth": 3.993063095704419, "n_estimators": 22.893731729218338}, "datetime": {"datetime": "2021-09-29 18:42:50", "elapsed": 963.356595, "delta": 1.900967}}
{"target": -41.36045442678066, "params": {"eta": 0.1553795182171748, "max_depth": 2.3148656723726164, "n_estimators": 8.952170390871462}, "datetime": {"datetime": "2021-09-29 18:42:54", "elapsed": 967.227114, "delta": 3.870519}}
{"target": -40.841161295422495, "params": {"eta": 0.13718855623602344, "max_depth": 2.256698111881576, "n_estimators": 8.879309911376303}, "datetime": {"datetime": "2021-09-29 18:42:58", "elapsed": 971.201622, "delta": 3.974508}}
{"target": -44.366248584773835, "params": {"eta": 0.194958425878825, "max_depth": 2.270556289553001, "n_estimators": 8.429346634708933}, "datetime": {"datetime": "2021-09-29 18:43:03", "elapsed": 975.866092, "delta": 4.66447}}
{"target": -42.4550731235772, "params": {"eta": 0.061424252516526855, "max_depth": 4.248182879588228, "n_estimators": 20.236028266902075}, "datetime": {"datetime": "2021-09-29 18:43:05", "elapsed": 977.853192, "delta": 1.9871}}
{"target": -45.96095675319496, "params": {"eta": 0.20524373905568907, "max_depth": 2.731796896959078, "n_estimators": 8.11349644558776}, "datetime": {"datetime": "2021-09-29 18:43:07", "elapsed": 979.825558, "delta": 1.972366}}
{"target": -43.66841244405259, "params": {"eta": 0.17607313063149096, "max_depth": 2.309020836542926, "n_estimators": 8.877202517147435}, "datetime": {"datetime": "2021-09-29 18:43:12", "elapsed": 985.031456, "delta": 5.205898}}
{"target": -52.17685705547021, "params": {"eta": 0.07411273959257206, "max_depth": 2.238328459009231, "n_estimators": 8.899543241900428}, "datetime": {"datetime": "2021-09-29 18:43:16", "elapsed": 989.18036, "delta": 4.148904}}
{"target": -42.91303395749131, "params": {"eta": 0.17228293351406873, "max_depth": 2.3231127039846737, "n_estimators": 8.632309244210614}, "datetime": {"datetime": "2021-09-29 18:43:24", "elapsed": 996.740809, "delta": 7.560449}}
{"target": -55.61339705533956, "params": {"eta": 0.19048043404449422, "max_depth": 4.673486870666768, "n_estimators": 18.947026278625145}, "datetime": {"datetime": "2021-09-29 18:43:26", "elapsed": 998.662201, "delta": 1.921392}}
{"target": -40.89505315206182, "params": {"eta": 0.11802637924064452, "max_depth": 2.4156653236519747, "n_estimators": 8.440086972475779}, "datetime": {"datetime": "2021-09-29 18:43:31", "elapsed": 1003.903912, "delta": 5.241711}}
{"target": -45.62169055422276, "params": {"eta": 0.2008554381472252, "max_depth": 2.448933289346336, "n_estimators": 8.498760132320218}, "datetime": {"datetime": "2021-09-29 18:43:37", "elapsed": 1009.543753, "delta": 5.639841}}
{"target": -41.22418844291547, "params": {"eta": 0.042582018658857274, "max_depth": 2.4861885342866796, "n_estimators": 33.41926401781982}, "datetime": {"datetime": "2021-09-29 18:43:39", "elapsed": 1011.639259, "delta": 2.095506}}
{"target": -45.57959322723996, "params": {"eta": 0.0941980814216143, "max_depth": 2.5027377104300648, "n_estimators": 8.562244195092108}, "datetime": {"datetime": "2021-09-29 18:43:45", "elapsed": 1017.579105, "delta": 5.939846}}
{"target": -47.08757270448431, "params": {"eta": 0.09418000303755228, "max_depth": 4.059924463748683, "n_estimators": 22.953159683140566}, "datetime": {"datetime": "2021-09-29 18:43:51", "elapsed": 1024.060754, "delta": 6.481649}}
{"target": -43.66841244405259, "params": {"eta": 0.17732420234294477, "max_depth": 2.149834073694224, "n_estimators": 8.907980713749122}, "datetime": {"datetime": "2021-09-29 18:43:57", "elapsed": 1029.873321, "delta": 5.812567}}
{"target": -48.76371521728575, "params": {"eta": 0.0997591843427206, "max_depth": 2.077778695483674, "n_estimators": 23.33751168151224}, "datetime": {"datetime": "2021-09-29 20:12:40", "elapsed": 0.0, "delta": 0.0}}
{"target": -44.88690953344485, "params": {"eta": 0.0996515828189243, "max_depth": 3.261103406262467, "n_estimators": 15.222388377143343}, "datetime": {"datetime": "2021-09-29 20:12:40", "elapsed": 0.044998, "delta": 0.044998}}
{"target": -44.182304222166664, "params": {"eta": 0.0627437814460548, "max_depth": 3.857812899051991, "n_estimators": 14.087222925957356}, "datetime": {"datetime": "2021-09-29 20:12:40", "elapsed": 0.105053, "delta": 0.060055}}
{"target": -44.38204617905627, "params": {"eta": 0.07269236401645866, "max_depth": 3.863401498307885, "n_estimators": 22.578257488250447}, "datetime": {"datetime": "2021-09-29 20:12:40", "elapsed": 0.160051, "delta": 0.054998}}
{"target": -59.100862587010894, "params": {"eta": 0.051532791255189364, "max_depth": 3.540734363797239, "n_estimators": 9.824275028935865}, "datetime": {"datetime": "2021-09-29 20:12:40", "elapsed": 0.187055, "delta": 0.027004}}
{"target": -54.805131736624105, "params": {"eta": 0.03, "max_depth": 5.0, "n_estimators": 19.629862609817437}, "datetime": {"datetime": "2021-09-29 20:12:41", "elapsed": 0.574054, "delta": 0.386999}}
