{"target": -58.862679555376864, "params": {"eta": 0.16012402947858906, "max_depth": 16.54438774955167, "n_estimators": 35.79046794038595}, "datetime": {"datetime": "2021-09-29 17:47:23", "elapsed": 800.171189, "delta": 3.883368}}
{"target": -67.55762862533379, "params": {"eta": 0.5651972530976968, "max_depth": 17.030095504647576, "n_estimators": 8.655194846797796}, "datetime": {"datetime": "2021-09-29 17:47:25", "elapsed": 802.307353, "delta": 2.136164}}
{"target": -43.07029639812369, "params": {"eta": 0.14457314993125678, "max_depth": 6.353461245634946, "n_estimators": 9.07764252667421}, "datetime": {"datetime": "2021-09-29 17:47:30", "elapsed": 806.809025, "delta": 4.501672}}
{"target": -54.82402768757998, "params": {"eta": 0.3382366231194901, "max_depth": 6.861257733651804, "n_estimators": 8.770792655422365}, "datetime": {"datetime": "2021-09-29 17:47:34", "elapsed": 811.51172, "delta": 4.702695}}
{"target": -49.4693956417184, "params": {"eta": 0.25082004204147396, "max_depth": 5.496950174141786, "n_estimators": 7.75615153323524}, "datetime": {"datetime": "2021-09-29 17:47:39", "elapsed": 815.714852, "delta": 4.203132}}
{"target": -59.76155654193338, "params": {"eta": 0.509884604186874, "max_depth": 23.60202750716111, "n_estimators": 17.999837638559143}, "datetime": {"datetime": "2021-09-29 17:47:41", "elapsed": 818.115917, "delta": 2.401065}}
{"target": -47.48024120220008, "params": {"eta": 0.017477891724921906, "max_depth": 13.631225754044866, "n_estimators": 47.16969071680109}, "datetime": {"datetime": "2021-09-29 17:47:44", "elapsed": 821.419931, "delta": 3.304014}}
{"target": -44.01399012017091, "params": {"eta": 0.11796266470869834, "max_depth": 6.535521443415776, "n_estimators": 9.335305929366756}, "datetime": {"datetime": "2021-09-29 17:47:48", "elapsed": 824.93326, "delta": 3.513329}}
{"target": -61.49573944204077, "params": {"eta": 0.5032767988285355, "max_depth": 23.495262518451575, "n_estimators": 64.63292925257784}, "datetime": {"datetime": "2021-09-29 17:47:51", "elapsed": 828.109821, "delta": 3.176561}}
{"target": -43.07029639812369, "params": {"eta": 0.14100805755038273, "max_depth": 6.295243537453351, "n_estimators": 9.662058813020629}, "datetime": {"datetime": "2021-09-29 17:47:54", "elapsed": 831.465589, "delta": 3.355768}}
{"target": -44.36164798636339, "params": {"eta": 0.21226733693352204, "max_depth": 5.93167073525641, "n_estimators": 8.89393710674711}, "datetime": {"datetime": "2021-09-29 17:47:59", "elapsed": 835.798322, "delta": 4.332733}}
{"target": -45.648396498496695, "params": {"eta": 0.12452575030013056, "max_depth": 6.0801890434487635, "n_estimators": 14.533913097585248}, "datetime": {"datetime": "2021-09-29 17:48:04", "elapsed": 840.611143, "delta": 4.812821}}
{"target": -61.8363266135701, "params": {"eta": 0.27327370196608936, "max_depth": 18.48542679926547, "n_estimators": 55.54527322019282}, "datetime": {"datetime": "2021-09-29 17:48:07", "elapsed": 844.201518, "delta": 3.590375}}
{"target": -44.69079759602932, "params": {"eta": 0.12929307669389092, "max_depth": 6.889091096883212, "n_estimators": 12.660222831297784}, "datetime": {"datetime": "2021-09-29 17:48:11", "elapsed": 848.081846, "delta": 3.880328}}
{"target": -51.31143632144208, "params": {"eta": 0.5857585381424829, "max_depth": 6.383895471614371, "n_estimators": 3.3020486057080514}, "datetime": {"datetime": "2021-09-29 17:48:15", "elapsed": 852.374983, "delta": 4.293137}}
{"target": -60.056645693347676, "params": {"eta": 0.7151761577464094, "max_depth": 13.221802407808322, "n_estimators": 52.36059687651795}, "datetime": {"datetime": "2021-09-29 17:48:17", "elapsed": 854.596158, "delta": 2.221175}}
{"target": -52.30351672398697, "params": {"eta": 0.06691369892876861, "max_depth": 6.3672336992176355, "n_estimators": 9.624470801571773}, "datetime": {"datetime": "2021-09-29 17:48:22", "elapsed": 859.04589, "delta": 4.449732}}
{"target": -47.72036015833997, "params": {"eta": 0.2383472270172591, "max_depth": 6.312473588664592, "n_estimators": 9.184755498025314}, "datetime": {"datetime": "2021-09-29 17:48:27", "elapsed": 863.730699, "delta": 4.684809}}
{"target": -60.47555526832203, "params": {"eta": 0.4557179831232955, "max_depth": 26.52213919154557, "n_estimators": 68.8159203166949}, "datetime": {"datetime": "2021-09-29 17:48:29", "elapsed": 865.820516, "delta": 2.089817}}
{"target": -59.730190016155646, "params": {"eta": 0.7144835244253092, "max_depth": 28.182597582262407, "n_estimators": 16.820850250086494}, "datetime": {"datetime": "2021-09-29 17:48:31", "elapsed": 868.03391, "delta": 2.213394}}
{"target": -50.815525788483576, "params": {"eta": 0.46456817324455296, "max_depth": 27.2051912006269, "n_estimators": 2.5637326452656293}, "datetime": {"datetime": "2021-09-29 17:48:36", "elapsed": 872.740244, "delta": 4.706334}}
{"target": -73.2168546963709, "params": {"eta": 0.01027845892746871, "max_depth": 17.273296893465115, "n_estimators": 29.665861967412322}, "datetime": {"datetime": "2021-09-29 17:48:39", "elapsed": 876.508677, "delta": 3.768433}}
{"target": -49.653613521034615, "params": {"eta": 0.07600835864331268, "max_depth": 6.413461648988993, "n_estimators": 9.144200335730815}, "datetime": {"datetime": "2021-09-29 17:48:43", "elapsed": 880.31824, "delta": 3.809563}}
{"target": -75.35946146117087, "params": {"eta": 0.8657129215098708, "max_depth": 18.863293352810782, "n_estimators": 55.270422521019896}, "datetime": {"datetime": "2021-09-29 17:48:46", "elapsed": 882.863454, "delta": 2.545214}}
{"target": -64.17907967447503, "params": {"eta": 0.4287698613656992, "max_depth": 10.927119555535093, "n_estimators": 29.332855656656662}, "datetime": {"datetime": "2021-09-29 17:48:48", "elapsed": 884.99042, "delta": 2.126966}}
{"target": -46.37873871459781, "params": {"eta": 0.2009012387621222, "max_depth": 6.675249132591552, "n_estimators": 8.727135484865064}, "datetime": {"datetime": "2021-09-29 17:48:52", "elapsed": 889.172228, "delta": 4.181808}}
{"target": -52.130071195700204, "params": {"eta": 0.2743713722496191, "max_depth": 6.421178996993841, "n_estimators": 9.589923426728648}, "datetime": {"datetime": "2021-09-29 17:48:56", "elapsed": 893.086954, "delta": 3.914726}}
{"target": -43.07029639812369, "params": {"eta": 0.1365394764464706, "max_depth": 6.138848397695944, "n_estimators": 9.184540002125336}, "datetime": {"datetime": "2021-09-29 17:49:00", "elapsed": 897.062201, "delta": 3.975247}}
{"target": -55.10922503856991, "params": {"eta": 0.27479540123763885, "max_depth": 9.059412558817938, "n_estimators": 46.71114032790858}, "datetime": {"datetime": "2021-09-29 17:49:02", "elapsed": 899.219853, "delta": 2.157652}}
{"target": -58.579572726296036, "params": {"eta": 0.1974915438068443, "max_depth": 10.820848412471554, "n_estimators": 32.19605493512867}, "datetime": {"datetime": "2021-09-29 17:49:04", "elapsed": 901.084669, "delta": 1.864816}}
{"target": -67.78282845809105, "params": {"eta": 0.06046280450823531, "max_depth": 23.476442968663235, "n_estimators": 6.14703571580213}, "datetime": {"datetime": "2021-09-29 17:49:08", "elapsed": 904.824801, "delta": 3.740132}}
{"target": -58.32265438792851, "params": {"eta": 0.18397263245049708, "max_depth": 8.824820048189814, "n_estimators": 43.89846562367285}, "datetime": {"datetime": "2021-09-29 17:49:10", "elapsed": 906.665347, "delta": 1.840546}}
{"target": -60.01374950091294, "params": {"eta": 0.1439250318289297, "max_depth": 12.24408732399209, "n_estimators": 54.252867414059956}, "datetime": {"datetime": "2021-09-29 17:49:12", "elapsed": 908.747717, "delta": 2.08237}}
{"target": -57.122250502156945, "params": {"eta": 0.614416220368597, "max_depth": 7.932799162846933, "n_estimators": 16.447674808257354}, "datetime": {"datetime": "2021-09-29 17:49:13", "elapsed": 910.592443, "delta": 1.844726}}
{"target": -53.208521476820245, "params": {"eta": 0.31133435952981703, "max_depth": 5.069764966687305, "n_estimators": 9.474587457808395}, "datetime": {"datetime": "2021-09-29 17:49:17", "elapsed": 914.332138, "delta": 3.739695}}
{"target": -49.55435723256871, "params": {"eta": 0.27835050131824723, "max_depth": 6.434276251459941, "n_estimators": 8.972548068718394}, "datetime": {"datetime": "2021-09-29 17:49:21", "elapsed": 917.736952, "delta": 3.404814}}
{"target": -53.43778363348546, "params": {"eta": 0.05084887453482199, "max_depth": 24.027925485557315, "n_estimators": 13.211775024424197}, "datetime": {"datetime": "2021-09-29 17:49:22", "elapsed": 919.501122, "delta": 1.76417}}
{"target": -66.5705723983284, "params": {"eta": 0.8256602854444476, "max_depth": 23.24731157524551, "n_estimators": 70.13875027925248}, "datetime": {"datetime": "2021-09-29 17:49:24", "elapsed": 921.429866, "delta": 1.928744}}
{"target": -59.563012199147224, "params": {"eta": 0.3956631081176072, "max_depth": 22.659267512729734, "n_estimators": 33.92189507827312}, "datetime": {"datetime": "2021-09-29 17:49:26", "elapsed": 923.507175, "delta": 2.077309}}
{"target": -51.53723235406959, "params": {"eta": 0.2771972086545748, "max_depth": 6.153301775861728, "n_estimators": 9.15366074236193}, "datetime": {"datetime": "2021-09-29 17:49:31", "elapsed": 927.917175, "delta": 4.41}}
{"target": -46.37873871459781, "params": {"eta": 0.20435439490044569, "max_depth": 6.202092008897889, "n_estimators": 8.940921984129771}, "datetime": {"datetime": "2021-09-29 17:49:34", "elapsed": 931.333247, "delta": 3.416072}}
{"target": -60.3899797976912, "params": {"eta": 0.2990817657084628, "max_depth": 17.48967384284136, "n_estimators": 69.5829862347143}, "datetime": {"datetime": "2021-09-29 17:49:36", "elapsed": 933.346197, "delta": 2.01295}}
{"target": -54.152565213538914, "params": {"eta": 0.01, "max_depth": 9.01987247589823, "n_estimators": 64.47207279609344}, "datetime": {"datetime": "2021-09-29 17:49:42", "elapsed": 938.612955, "delta": 5.266758}}
{"target": -49.6032983445831, "params": {"eta": 0.3737806049740121, "max_depth": 26.68960776519766, "n_estimators": 2.9458625356385673}, "datetime": {"datetime": "2021-09-29 17:49:45", "elapsed": 942.343518, "delta": 3.730563}}
{"target": -60.02938216893371, "params": {"eta": 0.12861316491752472, "max_depth": 13.688999658618155, "n_estimators": 47.06158645446239}, "datetime": {"datetime": "2021-09-29 17:49:49", "elapsed": 946.562016, "delta": 4.218498}}
{"target": -60.49304848868849, "params": {"eta": 0.46344043352565295, "max_depth": 20.3348499801996, "n_estimators": 42.003657174683376}, "datetime": {"datetime": "2021-09-29 17:49:51", "elapsed": 948.596208, "delta": 2.034192}}
{"target": -63.72624534846546, "params": {"eta": 0.01, "max_depth": 4.851582460023563, "n_estimators": 40.787081824963856}, "datetime": {"datetime": "2021-09-29 17:49:55", "elapsed": 952.456823, "delta": 3.860615}}
{"target": -58.00568732438912, "params": {"eta": 0.17567550772641444, "max_depth": 12.559765955085629, "n_estimators": 43.47580558400672}, "datetime": {"datetime": "2021-09-29 17:49:57", "elapsed": 954.41738, "delta": 1.960557}}
{"target": -62.19662218284704, "params": {"eta": 0.6267888055397741, "max_depth": 19.176672847417947, "n_estimators": 44.43183144972327}, "datetime": {"datetime": "2021-09-29 17:49:59", "elapsed": 956.534076, "delta": 2.116696}}
{"target": -45.49694437490126, "params": {"eta": 0.07868943497217668, "max_depth": 7.152473118336753, "n_estimators": 12.644310475579314}, "datetime": {"datetime": "2021-09-29 17:50:03", "elapsed": 960.349908, "delta": 3.815832}}
{"target": -44.984363258109134, "params": {"eta": 0.2841283930855348, "max_depth": 6.109236895580079, "n_estimators": 3.6054771624435005}, "datetime": {"datetime": "2021-09-29 17:50:08", "elapsed": 965.359383, "delta": 5.009475}}
{"target": -59.51522360667987, "params": {"eta": 0.18283338884089773, "max_depth": 14.039460701611723, "n_estimators": 37.80124954284497}, "datetime": {"datetime": "2021-09-29 17:50:10", "elapsed": 967.288834, "delta": 1.929451}}
{"target": -60.29250553299575, "params": {"eta": 0.07542454565240773, "max_depth": 19.915990605721767, "n_estimators": 53.613529721439384}, "datetime": {"datetime": "2021-09-29 17:50:12", "elapsed": 969.441339, "delta": 2.152505}}
{"target": -45.95160203150957, "params": {"eta": 0.3816654965994376, "max_depth": 6.2514691869814705, "n_estimators": 3.3879305557323254}, "datetime": {"datetime": "2021-09-29 17:50:17", "elapsed": 974.335497, "delta": 4.894158}}
{"target": -71.23326458200447, "params": {"eta": 0.907723459654703, "max_depth": 16.728120455761193, "n_estimators": 35.604443555984986}, "datetime": {"datetime": "2021-09-29 17:50:19", "elapsed": 976.233947, "delta": 1.89845}}
{"target": -57.953736288104885, "params": {"eta": 0.33529049078815926, "max_depth": 6.883874910059359, "n_estimators": 12.519572074498404}, "datetime": {"datetime": "2021-09-29 17:50:24", "elapsed": 981.238349, "delta": 5.004402}}
{"target": -77.92311269205932, "params": {"eta": 0.8926423872447182, "max_depth": 16.50622384986725, "n_estimators": 35.049056108415854}, "datetime": {"datetime": "2021-09-29 17:50:26", "elapsed": 983.1543, "delta": 1.915951}}
{"target": -49.65689963746877, "params": {"eta": 0.0937670348367381, "max_depth": 6.422571157936009, "n_estimators": 8.876811915446304}, "datetime": {"datetime": "2021-09-29 17:50:31", "elapsed": 988.140308, "delta": 4.986008}}
{"target": -67.39789223040441, "params": {"eta": 0.04482644602042657, "max_depth": 6.565475924027942, "n_estimators": 9.269280273221323}, "datetime": {"datetime": "2021-09-29 17:50:35", "elapsed": 991.836303, "delta": 3.695995}}
{"target": -67.00826905639876, "params": {"eta": 0.5539691838462081, "max_depth": 13.617881753857144, "n_estimators": 32.92137862542357}, "datetime": {"datetime": "2021-09-29 17:50:37", "elapsed": 993.785717, "delta": 1.949414}}
{"target": -62.54350641220743, "params": {"eta": 0.61850601174532, "max_depth": 27.46226462617271, "n_estimators": 71.21980674144586}, "datetime": {"datetime": "2021-09-29 17:50:39", "elapsed": 996.089535, "delta": 2.303818}}
{"target": -44.57623373783189, "params": {"eta": 0.12405849600602706, "max_depth": 7.064894126889751, "n_estimators": 12.65213635896297}, "datetime": {"datetime": "2021-09-29 17:50:44", "elapsed": 1001.027968, "delta": 4.938433}}
{"target": -57.34401581087951, "params": {"eta": 0.044012652686053685, "max_depth": 26.76953223549944, "n_estimators": 14.48971944726598}, "datetime": {"datetime": "2021-09-29 17:50:48", "elapsed": 1004.78649, "delta": 3.758522}}
{"target": -79.25533886070974, "params": {"eta": 0.8933289825694148, "max_depth": 12.060443713041785, "n_estimators": 72.90802636220249}, "datetime": {"datetime": "2021-09-29 17:50:50", "elapsed": 1006.875859, "delta": 2.089369}}
{"target": -67.8020788283627, "params": {"eta": 0.5739925288034171, "max_depth": 24.009938862390804, "n_estimators": 47.10171500456148}, "datetime": {"datetime": "2021-09-29 17:50:52", "elapsed": 1009.03411, "delta": 2.158251}}
{"target": -51.5099171930884, "params": {"eta": 0.2597090919033867, "max_depth": 5.875609140253424, "n_estimators": 8.016211807600602}, "datetime": {"datetime": "2021-09-29 17:50:57", "elapsed": 1014.058624, "delta": 5.024514}}
{"target": -65.70987196817808, "params": {"eta": 0.7748254919263642, "max_depth": 29.806113502998056, "n_estimators": 3.618444537774702}, "datetime": {"datetime": "2021-09-29 17:50:59", "elapsed": 1015.913833, "delta": 1.855209}}
{"target": -70.5930375272628, "params": {"eta": 0.7715950252089038, "max_depth": 13.348716013613622, "n_estimators": 39.10457895502421}, "datetime": {"datetime": "2021-09-29 17:51:01", "elapsed": 1018.01197, "delta": 2.098137}}
{"target": -70.48980634610189, "params": {"eta": 0.5647795480032488, "max_depth": 13.82889960915425, "n_estimators": 37.045052793239265}, "datetime": {"datetime": "2021-09-29 17:51:03", "elapsed": 1020.275361, "delta": 2.263391}}
{"target": -51.53723235406959, "params": {"eta": 0.2805422154611025, "max_depth": 6.5157469801614125, "n_estimators": 9.334740644438762}, "datetime": {"datetime": "2021-09-29 17:51:07", "elapsed": 1023.91559, "delta": 3.640229}}
{"target": -66.95303814226364, "params": {"eta": 0.44366491893309884, "max_depth": 28.736730677421086, "n_estimators": 37.91348532124202}, "datetime": {"datetime": "2021-09-29 17:51:09", "elapsed": 1026.106927, "delta": 2.191337}}
{"target": -73.2168546963709, "params": {"eta": 0.01, "max_depth": 17.142100408443426, "n_estimators": 29.970149595016053}, "datetime": {"datetime": "2021-09-29 17:51:14", "elapsed": 1031.470355, "delta": 5.363428}}
{"target": -44.61312565246321, "params": {"eta": 0.16702600214339886, "max_depth": 6.0328910782050436, "n_estimators": 9.069806219341993}, "datetime": {"datetime": "2021-09-29 17:51:19", "elapsed": 1036.035596, "delta": 4.565241}}
{"target": -43.8555788355088, "params": {"eta": 0.1327797088298258, "max_depth": 7.407342174268651, "n_estimators": 12.057985926380802}, "datetime": {"datetime": "2021-09-29 17:51:23", "elapsed": 1040.106184, "delta": 4.070588}}
{"target": -67.78017294257067, "params": {"eta": 0.029863277314349006, "max_depth": 7.190103527975951, "n_estimators": 12.772931350192069}, "datetime": {"datetime": "2021-09-29 17:51:27", "elapsed": 1044.359332, "delta": 4.253148}}
{"target": -44.378160813236555, "params": {"eta": 0.1479760854211143, "max_depth": 6.242486388521762, "n_estimators": 9.220785307188223}, "datetime": {"datetime": "2021-09-29 17:51:33", "elapsed": 1049.767883, "delta": 5.408551}}
{"target": -47.643052776382575, "params": {"eta": 0.07327297776040785, "max_depth": 7.22683146794492, "n_estimators": 12.541677058646245}, "datetime": {"datetime": "2021-09-29 17:51:37", "elapsed": 1054.10745, "delta": 4.339567}}
{"target": -45.70542601775135, "params": {"eta": 0.4212415379402398, "max_depth": 6.083376262201208, "n_estimators": 3.302103288723611}, "datetime": {"datetime": "2021-09-29 17:51:41", "elapsed": 1058.324371, "delta": 4.216921}}
{"target": -54.073578502255, "params": {"eta": 0.6877736159447366, "max_depth": 26.94761006256303, "n_estimators": 2.5421072212095517}, "datetime": {"datetime": "2021-09-29 17:51:45", "elapsed": 1062.388312, "delta": 4.063941}}
{"target": -46.16220971962308, "params": {"eta": 0.09509238392297488, "max_depth": 6.463780105361244, "n_estimators": 9.45800799250895}, "datetime": {"datetime": "2021-09-29 17:51:49", "elapsed": 1066.131757, "delta": 3.743445}}
{"target": -63.09420616686183, "params": {"eta": 0.5305563405632505, "max_depth": 20.128904913874077, "n_estimators": 45.92533702474966}, "datetime": {"datetime": "2021-09-29 17:51:51", "elapsed": 1068.304461, "delta": 2.172704}}
{"target": -59.352237084238816, "params": {"eta": 0.49725309731965184, "max_depth": 6.88876859786545, "n_estimators": 46.78217362739161}, "datetime": {"datetime": "2021-09-29 17:51:53", "elapsed": 1070.489182, "delta": 2.184721}}
{"target": -79.72867675652415, "params": {"eta": 0.9977532145032689, "max_depth": 29.01132035669654, "n_estimators": 57.88018751204564}, "datetime": {"datetime": "2021-09-29 17:51:56", "elapsed": 1072.73128, "delta": 2.242098}}
{"target": -61.26046726729608, "params": {"eta": 0.39877867427924585, "max_depth": 5.353368765014304, "n_estimators": 56.956279082416906}, "datetime": {"datetime": "2021-09-29 17:51:58", "elapsed": 1074.975, "delta": 2.24372}}
{"target": -52.77927486241657, "params": {"eta": 0.082573087971228, "max_depth": 3.290328289256744, "n_estimators": 35.97914344751671}, "datetime": {"datetime": "2021-09-29 17:52:00", "elapsed": 1076.918406, "delta": 1.943406}}
{"target": -68.4355752233931, "params": {"eta": 0.02499725883180046, "max_depth": 25.812988607183627, "n_estimators": 18.9534482433065}, "datetime": {"datetime": "2021-09-29 17:52:02", "elapsed": 1079.059723, "delta": 2.141317}}
{"target": -49.79630520082105, "params": {"eta": 0.5114424664207203, "max_depth": 6.171733067784011, "n_estimators": 3.6049345547573717}, "datetime": {"datetime": "2021-09-29 17:52:07", "elapsed": 1084.320455, "delta": 5.260732}}
{"target": -47.58581194930737, "params": {"eta": 0.2799791501790713, "max_depth": 26.463068999593066, "n_estimators": 3.314773460271664}, "datetime": {"datetime": "2021-09-29 17:52:12", "elapsed": 1088.742632, "delta": 4.422177}}
{"target": -48.164085124554404, "params": {"eta": 0.2250781140941936, "max_depth": 6.238231458872065, "n_estimators": 9.707085118152088}, "datetime": {"datetime": "2021-09-29 17:52:17", "elapsed": 1094.50516, "delta": 5.762528}}
{"target": -80.68184399227329, "params": {"eta": 0.8750848894655447, "max_depth": 22.961213363367204, "n_estimators": 79.49262696839118}, "datetime": {"datetime": "2021-09-29 17:52:20", "elapsed": 1096.694653, "delta": 2.189493}}
{"target": -45.488302190901, "params": {"eta": 0.3501961660077969, "max_depth": 6.2500823096611455, "n_estimators": 3.634847473408673}, "datetime": {"datetime": "2021-09-29 17:52:24", "elapsed": 1100.888661, "delta": 4.194008}}
{"target": -62.66742633684026, "params": {"eta": 0.04216193539944557, "max_depth": 7.536097518384143, "n_estimators": 11.919171043938894}, "datetime": {"datetime": "2021-09-29 17:52:27", "elapsed": 1104.439837, "delta": 3.551176}}
{"target": -70.2360226887928, "params": {"eta": 0.039916926305791384, "max_depth": 6.879218363742922, "n_estimators": 8.805196557248776}, "datetime": {"datetime": "2021-09-29 17:52:32", "elapsed": 1108.682294, "delta": 4.242457}}
{"target": -54.59671303717335, "params": {"eta": 0.3119200037374609, "max_depth": 1.2707542442926099, "n_estimators": 78.70837866493233}, "datetime": {"datetime": "2021-09-29 17:52:34", "elapsed": 1110.736033, "delta": 2.053739}}
{"target": -63.180529174002785, "params": {"eta": 0.6814164752715711, "max_depth": 7.5376071025475895, "n_estimators": 58.18859631739689}, "datetime": {"datetime": "2021-09-29 17:52:36", "elapsed": 1112.856952, "delta": 2.120919}}
{"target": -53.62797232005493, "params": {"eta": 0.26497537000413796, "max_depth": 7.42219004651277, "n_estimators": 11.950542040173573}, "datetime": {"datetime": "2021-09-29 17:52:40", "elapsed": 1116.716795, "delta": 3.859843}}
