{"target": -74.30146921567673, "params": {"eta": 0.9919716540835605, "max_depth": 25.87586089051915, "n_estimators": 72.46988880652708}, "datetime": {"datetime": "2021-09-29 17:22:51", "elapsed": 24.484362, "delta": 0.476998}}
{"target": -71.12163190063218, "params": {"eta": 0.05351452045106912, "max_depth": 23.51437661550275, "n_estimators": 6.219315472306082}, "datetime": {"datetime": "2021-09-29 17:22:51", "elapsed": 24.826364, "delta": 0.342002}}
{"target": -55.33197578572386, "params": {"eta": 0.043161712203429445, "max_depth": 20.071572457750612, "n_estimators": 79.30243352791558}, "datetime": {"datetime": "2021-09-29 17:22:52", "elapsed": 25.735362, "delta": 0.908998}}
{"target": -46.16055802341971, "params": {"eta": 0.11131288628930865, "max_depth": 1.2505518733235574, "n_estimators": 15.899237532255128}, "datetime": {"datetime": "2021-09-29 17:22:52", "elapsed": 25.998365, "delta": 0.263003}}
{"target": -60.02757722574352, "params": {"eta": 0.10953090067411665, "max_depth": 24.646966937496487, "n_estimators": 77.99573790062223}, "datetime": {"datetime": "2021-09-29 17:22:53", "elapsed": 26.943363, "delta": 0.944998}}
{"target": -69.11393480594248, "params": {"eta": 0.8718752548261409, "max_depth": 6.179259986636726, "n_estimators": 34.08410994972655}, "datetime": {"datetime": "2021-09-29 17:22:54", "elapsed": 27.798969, "delta": 0.855606}}
{"target": -56.345342519509856, "params": {"eta": 0.07284024233956612, "max_depth": 5.527110079427004, "n_estimators": 54.52114292997685}, "datetime": {"datetime": "2021-09-29 17:22:55", "elapsed": 28.233969, "delta": 0.435}}
{"target": -48.227781210473616, "params": {"eta": 0.31835034392944, "max_depth": 23.41379237431394, "n_estimators": 5.958201181776133}, "datetime": {"datetime": "2021-09-29 17:22:55", "elapsed": 28.594969, "delta": 0.361}}
{"target": -69.53342025484275, "params": {"eta": 0.5679846084874745, "max_depth": 8.984435851669486, "n_estimators": 41.482848480927196}, "datetime": {"datetime": "2021-09-29 17:22:55", "elapsed": 29.127968, "delta": 0.532999}}
{"target": -50.13520593014819, "params": {"eta": 0.25094577268614937, "max_depth": 23.502628221169623, "n_estimators": 6.629621776555122}, "datetime": {"datetime": "2021-09-29 17:22:56", "elapsed": 29.483968, "delta": 0.356}}
{"target": -55.378131263822006, "params": {"eta": 0.3064003954913432, "max_depth": 1.023557828313459, "n_estimators": 14.704885866894319}, "datetime": {"datetime": "2021-09-29 17:22:56", "elapsed": 29.843161, "delta": 0.359193}}
{"target": -58.937533362196746, "params": {"eta": 0.01799353559795016, "max_depth": 9.506346846534928, "n_estimators": 25.616379865665106}, "datetime": {"datetime": "2021-09-29 17:22:57", "elapsed": 30.321143, "delta": 0.477982}}
{"target": -46.36927524483736, "params": {"eta": 0.0871618919145686, "max_depth": 16.86897063554736, "n_estimators": 12.45748848935453}, "datetime": {"datetime": "2021-09-29 17:22:57", "elapsed": 30.71614, "delta": 0.394997}}
{"target": -57.99680897900454, "params": {"eta": 0.20143919511774908, "max_depth": 5.0061890361072265, "n_estimators": 25.925608081116135}, "datetime": {"datetime": "2021-09-29 17:22:58", "elapsed": 31.137237, "delta": 0.421097}}
{"target": -56.471113404123145, "params": {"eta": 0.29601245692587497, "max_depth": 1.3277180199150649, "n_estimators": 14.966258250239335}, "datetime": {"datetime": "2021-09-29 17:22:58", "elapsed": 31.778298, "delta": 0.641061}}
{"target": -53.55894547045954, "params": {"eta": 0.3635093919367131, "max_depth": 23.701668722168662, "n_estimators": 5.726142447660009}, "datetime": {"datetime": "2021-09-29 17:22:59", "elapsed": 32.210299, "delta": 0.432001}}
{"target": -99.5541557870435, "params": {"eta": 0.001, "max_depth": 1.3788794853527155, "n_estimators": 14.631151692393235}, "datetime": {"datetime": "2021-09-29 17:22:59", "elapsed": 32.642304, "delta": 0.432005}}
{"target": -64.48764946881904, "params": {"eta": 0.20318129900161666, "max_depth": 24.619233159001745, "n_estimators": 78.02416940080862}, "datetime": {"datetime": "2021-09-29 17:23:00", "elapsed": 33.735299, "delta": 1.092995}}
{"target": -61.74124060698362, "params": {"eta": 0.12497053342038697, "max_depth": 9.061308151194423, "n_estimators": 64.36060694841987}, "datetime": {"datetime": "2021-09-29 17:23:01", "elapsed": 34.450228, "delta": 0.714929}}
{"target": -63.082874002083614, "params": {"eta": 0.5062167421807671, "max_depth": 29.708515315286142, "n_estimators": 32.79338863382138}, "datetime": {"datetime": "2021-09-29 17:23:01", "elapsed": 34.964229, "delta": 0.514001}}
{"target": -57.62558305548755, "params": {"eta": 0.1374323897702863, "max_depth": 8.366941095086661, "n_estimators": 64.5826898364538}, "datetime": {"datetime": "2021-09-29 17:23:03", "elapsed": 36.466492, "delta": 1.502263}}
{"target": -62.82208738032984, "params": {"eta": 0.45887951177052344, "max_depth": 29.109166060958653, "n_estimators": 45.954481186318354}, "datetime": {"datetime": "2021-09-29 17:23:03", "elapsed": 37.048494, "delta": 0.582002}}
{"target": -60.0025930443038, "params": {"eta": 0.04498490908069339, "max_depth": 17.061669560152513, "n_estimators": 12.49795041426227}, "datetime": {"datetime": "2021-09-29 17:23:04", "elapsed": 37.413493, "delta": 0.364999}}
{"target": -84.51798649884847, "params": {"eta": 0.1353331476878587, "max_depth": 28.220490184521257, "n_estimators": 1.7482273432872535}, "datetime": {"datetime": "2021-09-29 17:23:04", "elapsed": 37.675497, "delta": 0.262004}}
{"target": -47.76484056424064, "params": {"eta": 0.1928041600950734, "max_depth": 23.7030730446421, "n_estimators": 6.07852305434756}, "datetime": {"datetime": "2021-09-29 17:23:04", "elapsed": 38.012825, "delta": 0.337328}}
{"target": -62.94120917431771, "params": {"eta": 0.17759697882564726, "max_depth": 7.0671876207169095, "n_estimators": 42.91743379178225}, "datetime": {"datetime": "2021-09-29 17:23:05", "elapsed": 38.438828, "delta": 0.426003}}
{"target": -61.05446275401019, "params": {"eta": 0.8255875520667464, "max_depth": 4.476864693935121, "n_estimators": 45.10639965062795}, "datetime": {"datetime": "2021-09-29 17:23:05", "elapsed": 38.972348, "delta": 0.53352}}
{"target": -58.42086176409995, "params": {"eta": 0.7104655096989352, "max_depth": 14.232683669648114, "n_estimators": 73.34164831500617}, "datetime": {"datetime": "2021-09-29 17:23:06", "elapsed": 39.48035, "delta": 0.508002}}
{"target": -63.08087340723277, "params": {"eta": 0.511876614998338, "max_depth": 21.611935244767825, "n_estimators": 74.71000936239854}, "datetime": {"datetime": "2021-09-29 17:23:06", "elapsed": 40.102348, "delta": 0.621998}}
{"target": -68.08308758932017, "params": {"eta": 0.5961471341711794, "max_depth": 28.562017492484586, "n_estimators": 47.9348265813924}, "datetime": {"datetime": "2021-09-29 17:23:07", "elapsed": 40.74535, "delta": 0.643002}}
{"target": -67.14130070061607, "params": {"eta": 0.831264307833912, "max_depth": 25.369571720848608, "n_estimators": 43.46162843726473}, "datetime": {"datetime": "2021-09-29 17:23:08", "elapsed": 41.233495, "delta": 0.488145}}
{"target": -53.87539003056164, "params": {"eta": 0.3439197700226401, "max_depth": 1.3705878553692432, "n_estimators": 15.798352590737519}, "datetime": {"datetime": "2021-09-29 17:23:08", "elapsed": 42.073497, "delta": 0.840002}}
{"target": -66.86189963391796, "params": {"eta": 0.7928294267012781, "max_depth": 5.0861906833808055, "n_estimators": 63.58866645841185}, "datetime": {"datetime": "2021-09-29 17:23:09", "elapsed": 42.870499, "delta": 0.797002}}
{"target": -57.549144123139904, "params": {"eta": 0.4770739990425323, "max_depth": 23.723933374721344, "n_estimators": 6.143801781371418}, "datetime": {"datetime": "2021-09-29 17:23:10", "elapsed": 43.366504, "delta": 0.496005}}
{"target": -55.7757400762293, "params": {"eta": 0.39062072150197835, "max_depth": 2.023419641624453, "n_estimators": 13.23317578148843}, "datetime": {"datetime": "2021-09-29 17:23:10", "elapsed": 43.758027, "delta": 0.391523}}
{"target": -89.24842305007955, "params": {"eta": 0.02639373609456649, "max_depth": 2.0472787945864104, "n_estimators": 3.3561696181888525}, "datetime": {"datetime": "2021-09-29 17:23:10", "elapsed": 44.062218, "delta": 0.304191}}
{"target": -53.9564626311128, "params": {"eta": 0.39140652624073213, "max_depth": 6.356945098567948, "n_estimators": 7.608788243338556}, "datetime": {"datetime": "2021-09-29 17:23:11", "elapsed": 44.405218, "delta": 0.343}}
{"target": -47.154983360328586, "params": {"eta": 0.22603850730760866, "max_depth": 5.411908578487778, "n_estimators": 8.450981705675279}, "datetime": {"datetime": "2021-09-29 17:23:11", "elapsed": 44.880215, "delta": 0.474997}}
{"target": -47.64384726574378, "params": {"eta": 0.1646514175785837, "max_depth": 23.690103391190693, "n_estimators": 5.8893159106984125}, "datetime": {"datetime": "2021-09-29 17:23:12", "elapsed": 45.419216, "delta": 0.539001}}
{"target": -53.87539003056164, "params": {"eta": 0.33672679292510227, "max_depth": 1.0226266714875007, "n_estimators": 15.882254774436595}, "datetime": {"datetime": "2021-09-29 17:23:12", "elapsed": 45.841216, "delta": 0.422}}
{"target": -48.024516155195585, "params": {"eta": 0.20597833001533758, "max_depth": 23.21867502262613, "n_estimators": 6.569065780102886}, "datetime": {"datetime": "2021-09-29 17:23:14", "elapsed": 47.395013, "delta": 1.553797}}
{"target": -61.47110191647683, "params": {"eta": 0.4681674159706315, "max_depth": 5.310007889774024, "n_estimators": 8.50153468245363}, "datetime": {"datetime": "2021-09-29 17:23:14", "elapsed": 47.903015, "delta": 0.508002}}
{"target": -48.0087424266672, "params": {"eta": 0.036198314752853615, "max_depth": 1.2290717294950664, "n_estimators": 16.058693347826132}, "datetime": {"datetime": "2021-09-29 17:23:15", "elapsed": 48.407229, "delta": 0.504214}}
{"target": -60.021479066488546, "params": {"eta": 0.6394659565915064, "max_depth": 3.8750611207033154, "n_estimators": 12.336472607290368}, "datetime": {"datetime": "2021-09-29 17:23:15", "elapsed": 48.806228, "delta": 0.398999}}
{"target": -73.22643721247694, "params": {"eta": 0.6624675726335758, "max_depth": 26.001754153754494, "n_estimators": 44.06189509401899}, "datetime": {"datetime": "2021-09-29 17:23:16", "elapsed": 49.417227, "delta": 0.610999}}
{"target": -69.69496139554258, "params": {"eta": 0.815813727873453, "max_depth": 13.448545499639929, "n_estimators": 70.39906833923882}, "datetime": {"datetime": "2021-09-29 17:23:16", "elapsed": 49.966227, "delta": 0.549}}
{"target": -49.68084020803533, "params": {"eta": 0.03625723668726958, "max_depth": 1.1857765788532089, "n_estimators": 15.717040470494151}, "datetime": {"datetime": "2021-09-29 17:23:17", "elapsed": 50.908231, "delta": 0.942004}}
{"target": -48.903418390903276, "params": {"eta": 0.13673616270409786, "max_depth": 22.911606840678022, "n_estimators": 6.428409160969339}, "datetime": {"datetime": "2021-09-29 17:23:18", "elapsed": 51.858228, "delta": 0.949997}}
{"target": -44.000307596012135, "params": {"eta": 0.10022566218600809, "max_depth": 1.4366522489942346, "n_estimators": 15.914348699509171}, "datetime": {"datetime": "2021-09-29 17:23:19", "elapsed": 52.426581, "delta": 0.568353}}
{"target": -47.64492304962109, "params": {"eta": 0.1175942246677115, "max_depth": 1.320260115801829, "n_estimators": 15.552910967577297}, "datetime": {"datetime": "2021-09-29 17:23:19", "elapsed": 52.94558, "delta": 0.518999}}
{"target": -56.38811774999919, "params": {"eta": 0.2956583297693836, "max_depth": 1.246664328153249, "n_estimators": 13.304656402726144}, "datetime": {"datetime": "2021-09-29 17:23:20", "elapsed": 53.376578, "delta": 0.430998}}
{"target": -40.68351047531222, "params": {"eta": 0.07580308889406115, "max_depth": 1.04151171227115, "n_estimators": 14.724668611685322}, "datetime": {"datetime": "2021-09-29 17:23:20", "elapsed": 53.820583, "delta": 0.444005}}
{"target": -57.12675497594929, "params": {"eta": 0.057241377917653366, "max_depth": 20.52704950474572, "n_estimators": 69.56438455132067}, "datetime": {"datetime": "2021-09-29 17:23:21", "elapsed": 54.776577, "delta": 0.955994}}
{"target": -66.81486402576208, "params": {"eta": 0.06240935084338331, "max_depth": 24.03294445677413, "n_estimators": 6.199738078056969}, "datetime": {"datetime": "2021-09-29 17:23:22", "elapsed": 55.766583, "delta": 0.990006}}
{"target": -44.41118138719494, "params": {"eta": 0.05264394945610252, "max_depth": 1.2309818792590774, "n_estimators": 15.11280836027571}, "datetime": {"datetime": "2021-09-29 17:23:23", "elapsed": 56.30543, "delta": 0.538847}}
{"target": -54.73147210490008, "params": {"eta": 0.2098722646673032, "max_depth": 1.2270059156424922, "n_estimators": 15.480169458813972}, "datetime": {"datetime": "2021-09-29 17:23:23", "elapsed": 56.803432, "delta": 0.498002}}
{"target": -40.83687991181878, "params": {"eta": 0.07193402444239518, "max_depth": 1.8273936114015181, "n_estimators": 14.810004750575342}, "datetime": {"datetime": "2021-09-29 17:23:24", "elapsed": 57.55343, "delta": 0.749998}}
{"target": -54.53712216265485, "params": {"eta": 0.05282330945614499, "max_depth": 16.64323829848135, "n_estimators": 12.556463668401625}, "datetime": {"datetime": "2021-09-29 17:23:25", "elapsed": 58.637447, "delta": 1.084017}}
{"target": -75.79807167940325, "params": {"eta": 0.7790394571781601, "max_depth": 28.408062947800776, "n_estimators": 53.86694981414772}, "datetime": {"datetime": "2021-09-29 17:23:26", "elapsed": 59.385446, "delta": 0.747999}}
{"target": -46.16055802341971, "params": {"eta": 0.11319201422379979, "max_depth": 1.0398048939003934, "n_estimators": 15.00445259577461}, "datetime": {"datetime": "2021-09-29 17:23:26", "elapsed": 59.929446, "delta": 0.544}}
{"target": -55.67676876772085, "params": {"eta": 0.9240411102596487, "max_depth": 1.6373572350378147, "n_estimators": 12.507521465473733}, "datetime": {"datetime": "2021-09-29 17:23:27", "elapsed": 60.840591, "delta": 0.911145}}
{"target": -50.14530380693623, "params": {"eta": 0.17695554515859663, "max_depth": 6.67392867509063, "n_estimators": 11.926127056451211}, "datetime": {"datetime": "2021-09-29 17:23:28", "elapsed": 61.58418, "delta": 0.743589}}
{"target": -59.51764247452053, "params": {"eta": 0.9042999624415128, "max_depth": 2.55743900332231, "n_estimators": 11.57657053349031}, "datetime": {"datetime": "2021-09-29 17:23:28", "elapsed": 62.000181, "delta": 0.416001}}
{"target": -55.04976946033609, "params": {"eta": 0.24308051022960322, "max_depth": 1.4385031216011872, "n_estimators": 16.038476077867287}, "datetime": {"datetime": "2021-09-29 17:23:29", "elapsed": 62.56141, "delta": 0.561229}}
{"target": -49.229155204397955, "params": {"eta": 0.14961644325419107, "max_depth": 23.536995721815916, "n_estimators": 5.893058588350687}, "datetime": {"datetime": "2021-09-29 17:23:29", "elapsed": 63.109406, "delta": 0.547996}}
{"target": -46.84619794684683, "params": {"eta": 0.10425277911347883, "max_depth": 5.506838593036125, "n_estimators": 8.32689797071981}, "datetime": {"datetime": "2021-09-29 17:23:30", "elapsed": 63.758427, "delta": 0.649021}}
{"target": -57.74243238091097, "params": {"eta": 0.2078944556624067, "max_depth": 16.757618364457088, "n_estimators": 12.183495422162434}, "datetime": {"datetime": "2021-09-29 17:23:32", "elapsed": 65.515408, "delta": 1.756981}}
{"target": -60.65361436013351, "params": {"eta": 0.5674133860355813, "max_depth": 9.72128728041047, "n_estimators": 35.909455624365336}, "datetime": {"datetime": "2021-09-29 17:23:33", "elapsed": 66.17207, "delta": 0.656662}}
{"target": -59.9980005394124, "params": {"eta": 0.5131762628687966, "max_depth": 23.140939036959818, "n_estimators": 6.36229188575265}, "datetime": {"datetime": "2021-09-29 17:23:33", "elapsed": 66.850066, "delta": 0.677996}}
{"target": -59.22762496377495, "params": {"eta": 0.2433781319580283, "max_depth": 26.695379977638204, "n_estimators": 26.96361381685757}, "datetime": {"datetime": "2021-09-29 17:23:34", "elapsed": 67.502067, "delta": 0.652001}}
{"target": -55.176038196183065, "params": {"eta": 0.2155116231403859, "max_depth": 1.960287699244351, "n_estimators": 15.057144635561858}, "datetime": {"datetime": "2021-09-29 17:23:34", "elapsed": 68.11446, "delta": 0.612393}}
{"target": -61.83262570008235, "params": {"eta": 0.07485532147634916, "max_depth": 8.821167087796931, "n_estimators": 64.33174846380436}, "datetime": {"datetime": "2021-09-29 17:23:35", "elapsed": 69.072461, "delta": 0.958001}}
{"target": -59.97430642025573, "params": {"eta": 0.31402144300987794, "max_depth": 16.832509728041217, "n_estimators": 12.429345734208269}, "datetime": {"datetime": "2021-09-29 17:23:36", "elapsed": 70.108765, "delta": 1.036304}}
{"target": -52.452653673843706, "params": {"eta": 0.043580439679558464, "max_depth": 8.905074312510203, "n_estimators": 64.69352506206766}, "datetime": {"datetime": "2021-09-29 17:23:37", "elapsed": 70.949763, "delta": 0.840998}}
{"target": -46.18643815338472, "params": {"eta": 0.04143613551113367, "max_depth": 16.449521144775968, "n_estimators": 35.682334582137884}, "datetime": {"datetime": "2021-09-29 17:23:38", "elapsed": 71.736764, "delta": 0.787001}}
{"target": -59.291034776577945, "params": {"eta": 0.47786445554910045, "max_depth": 29.29992926743026, "n_estimators": 72.85139421532377}, "datetime": {"datetime": "2021-09-29 17:23:39", "elapsed": 72.507129, "delta": 0.770365}}
{"target": -66.45364430698922, "params": {"eta": 0.2241031077639634, "max_depth": 8.348781208972374, "n_estimators": 64.30101746058975}, "datetime": {"datetime": "2021-09-29 17:23:40", "elapsed": 73.474131, "delta": 0.967002}}
{"target": -50.16483787657988, "params": {"eta": 0.29535792782255343, "max_depth": 5.677457569223469, "n_estimators": 8.396241253680145}, "datetime": {"datetime": "2021-09-29 17:23:40", "elapsed": 74.127171, "delta": 0.65304}}
{"target": -57.76040563217409, "params": {"eta": 0.2626021829975563, "max_depth": 6.663197003254291, "n_estimators": 11.908067236477361}, "datetime": {"datetime": "2021-09-29 17:23:41", "elapsed": 74.70317, "delta": 0.575999}}
{"target": -46.16055802341971, "params": {"eta": 0.11313905427466796, "max_depth": 1.6267360322554958, "n_estimators": 15.047128397952477}, "datetime": {"datetime": "2021-09-29 17:23:42", "elapsed": 75.551014, "delta": 0.847844}}
{"target": -49.68084020803533, "params": {"eta": 0.04059932994792365, "max_depth": 1.697530701298164, "n_estimators": 15.590639899805412}, "datetime": {"datetime": "2021-09-29 17:23:43", "elapsed": 76.45197, "delta": 0.900956}}
{"target": -64.3975576459759, "params": {"eta": 0.4074233255175866, "max_depth": 22.28835999894057, "n_estimators": 9.252638775583081}, "datetime": {"datetime": "2021-09-29 17:23:43", "elapsed": 77.005968, "delta": 0.553998}}
{"target": -99.5541557870435, "params": {"eta": 0.001, "max_depth": 1.065265437742583, "n_estimators": 14.867951651546054}, "datetime": {"datetime": "2021-09-29 17:23:45", "elapsed": 78.39533, "delta": 1.389362}}
{"target": -83.5235280218681, "params": {"eta": 0.005780376302435723, "max_depth": 1.828851165367994, "n_estimators": 14.752489233525095}, "datetime": {"datetime": "2021-09-29 17:23:45", "elapsed": 78.857333, "delta": 0.462003}}
{"target": -72.70231639485154, "params": {"eta": 0.6701468183488664, "max_depth": 20.42795914931499, "n_estimators": 39.631834699930955}, "datetime": {"datetime": "2021-09-29 17:23:46", "elapsed": 79.650332, "delta": 0.792999}}
{"target": -66.17457545288984, "params": {"eta": 0.41008247341284576, "max_depth": 25.575226920628186, "n_estimators": 43.211112846236645}, "datetime": {"datetime": "2021-09-29 17:23:47", "elapsed": 80.415505, "delta": 0.765173}}
{"target": -59.71247321690538, "params": {"eta": 0.08472503877160059, "max_depth": 27.62733000810474, "n_estimators": 6.591666985520015}, "datetime": {"datetime": "2021-09-29 17:23:47", "elapsed": 80.977505, "delta": 0.562}}
{"target": -56.726601423298604, "params": {"eta": 0.5295781628108207, "max_depth": 5.103149486639641, "n_estimators": 74.40312689136957}, "datetime": {"datetime": "2021-09-29 17:23:48", "elapsed": 81.812351, "delta": 0.834846}}
{"target": -51.488321059605845, "params": {"eta": 0.21273719174082353, "max_depth": 6.687459325953171, "n_estimators": 11.890658785311855}, "datetime": {"datetime": "2021-09-29 17:23:49", "elapsed": 82.568554, "delta": 0.756203}}
{"target": -65.7032678443676, "params": {"eta": 0.5840167557730116, "max_depth": 16.60563576844982, "n_estimators": 17.656092236823078}, "datetime": {"datetime": "2021-09-29 17:23:50", "elapsed": 83.191554, "delta": 0.623}}
{"target": -45.35606141654117, "params": {"eta": 0.1670550209775256, "max_depth": 22.908486267295114, "n_estimators": 6.476817320433131}, "datetime": {"datetime": "2021-09-29 17:23:50", "elapsed": 83.811552, "delta": 0.619998}}
{"target": -82.49435916605977, "params": {"eta": 0.012593261950104156, "max_depth": 1.1408424392993504, "n_estimators": 15.046603625448473}, "datetime": {"datetime": "2021-09-29 17:23:51", "elapsed": 84.308791, "delta": 0.497239}}
{"target": -73.20136312006396, "params": {"eta": 0.996554615351025, "max_depth": 28.708702832479716, "n_estimators": 27.21979423515225}, "datetime": {"datetime": "2021-09-29 17:23:52", "elapsed": 85.464792, "delta": 1.156001}}
{"target": -45.87995488700709, "params": {"eta": 0.053396897724312, "max_depth": 23.844013282193885, "n_estimators": 27.721661555353116}, "datetime": {"datetime": "2021-09-29 17:23:53", "elapsed": 86.950934, "delta": 1.486142}}
{"target": -45.807528992110576, "params": {"eta": 0.031489886561954186, "max_depth": 16.500569277094513, "n_estimators": 35.62849587756109}, "datetime": {"datetime": "2021-09-29 17:23:54", "elapsed": 87.660932, "delta": 0.709998}}
{"target": -65.23014373601647, "params": {"eta": 0.5763204557369636, "max_depth": 25.12585008402265, "n_estimators": 68.08458151699881}, "datetime": {"datetime": "2021-09-29 17:23:55", "elapsed": 88.577934, "delta": 0.917002}}
