{"target": -54.79610363286317, "params": {"eta": 0.06589153038441295, "max_depth": 1.5059335791013404, "n_estimators": 7.5597974089475235}, "datetime": {"datetime": "2021-09-29 20:28:24", "elapsed": 622.206784, "delta": 5.262813}}
{"target": -39.49455800648052, "params": {"eta": 0.15774982789660516, "max_depth": 2.430680266117062, "n_estimators": 7.836467488338006}, "datetime": {"datetime": "2021-09-29 20:28:27", "elapsed": 625.068142, "delta": 2.861358}}
{"target": -41.5822668942425, "params": {"eta": 0.06736991422283413, "max_depth": 3.294820331872634, "n_estimators": 19.75060939934164}, "datetime": {"datetime": "2021-09-29 20:28:30", "elapsed": 627.484374, "delta": 2.416232}}
{"target": -40.72870475162954, "params": {"eta": 0.15526061401042485, "max_depth": 1.5788218003647367, "n_estimators": 7.403644099110522}, "datetime": {"datetime": "2021-09-29 20:28:33", "elapsed": 630.612808, "delta": 3.128434}}
{"target": -39.49455800648052, "params": {"eta": 0.16, "max_depth": 2.4063413206498008, "n_estimators": 7.9409518830385695}, "datetime": {"datetime": "2021-09-29 20:28:35", "elapsed": 632.73072, "delta": 2.117912}}
{"target": -59.19349702235933, "params": {"eta": 0.057065163406193276, "max_depth": 1.4866174562796508, "n_estimators": 7.202678302010353}, "datetime": {"datetime": "2021-09-29 20:28:40", "elapsed": 637.501139, "delta": 4.770419}}
{"target": -40.005223970875186, "params": {"eta": 0.16, "max_depth": 2.3800982229053176, "n_estimators": 8.060505812607525}, "datetime": {"datetime": "2021-09-29 20:28:43", "elapsed": 640.796088, "delta": 3.294949}}
{"target": -40.64107290789533, "params": {"eta": 0.1365957542203554, "max_depth": 1.3751547418223988, "n_estimators": 7.390909618614123}, "datetime": {"datetime": "2021-09-29 20:28:45", "elapsed": 643.054049, "delta": 2.257961}}
{"target": -49.13197117548121, "params": {"eta": 0.08690459443712815, "max_depth": 2.474340760293133, "n_estimators": 7.983089319954347}, "datetime": {"datetime": "2021-09-29 20:28:50", "elapsed": 647.834008, "delta": 4.779959}}
{"target": -40.50904553432999, "params": {"eta": 0.14757156970113466, "max_depth": 1.6911827989336614, "n_estimators": 7.51274908707339}, "datetime": {"datetime": "2021-09-29 20:28:55", "elapsed": 653.039955, "delta": 5.205947}}
{"target": -40.50904553432999, "params": {"eta": 0.15455191238856317, "max_depth": 1.6252166574759277, "n_estimators": 7.688582235624946}, "datetime": {"datetime": "2021-09-29 20:29:01", "elapsed": 659.420053, "delta": 6.380098}}
{"target": -57.3332126765891, "params": {"eta": 0.15026890829574602, "max_depth": 3.7874803764185057, "n_estimators": 26.820216354293542}, "datetime": {"datetime": "2021-09-29 20:29:03", "elapsed": 661.344103, "delta": 1.92405}}
{"target": -64.40011565429782, "params": {"eta": 0.02, "max_depth": 3.317975644634775, "n_estimators": 19.86462989680528}, "datetime": {"datetime": "2021-09-29 20:29:08", "elapsed": 665.512721, "delta": 4.168618}}
{"target": -64.40011565429782, "params": {"eta": 0.02109479520854405, "max_depth": 3.318955798215184, "n_estimators": 19.653177721483388}, "datetime": {"datetime": "2021-09-29 20:29:11", "elapsed": 669.415222, "delta": 3.902501}}
{"target": -42.113181190100995, "params": {"eta": 0.10571378002619113, "max_depth": 2.3296248230174412, "n_estimators": 8.174980293797056}, "datetime": {"datetime": "2021-09-29 20:29:14", "elapsed": 672.213043, "delta": 2.797821}}
{"target": -43.07565933043804, "params": {"eta": 0.1103519151243548, "max_depth": 3.6875954875996086, "n_estimators": 8.15759373760426}, "datetime": {"datetime": "2021-09-29 20:29:18", "elapsed": 676.035585, "delta": 3.822542}}
{"target": -41.12417930963426, "params": {"eta": 0.1344928462228615, "max_depth": 1.326898737999311, "n_estimators": 7.511021828117441}, "datetime": {"datetime": "2021-09-29 20:29:22", "elapsed": 680.346995, "delta": 4.31141}}
{"target": -46.48410343793977, "params": {"eta": 0.07280764533640105, "max_depth": 1.9917890142084935, "n_estimators": 25.16329122117408}, "datetime": {"datetime": "2021-09-29 20:29:24", "elapsed": 682.323281, "delta": 1.976286}}
{"target": -54.15913152405799, "params": {"eta": 0.16, "max_depth": 3.2441188386549498, "n_estimators": 19.75347394554838}, "datetime": {"datetime": "2021-09-29 20:29:29", "elapsed": 686.922545, "delta": 4.599264}}
{"target": -56.76869150315299, "params": {"eta": 0.05775279196368267, "max_depth": 2.3643402680831542, "n_estimators": 8.071690961393005}, "datetime": {"datetime": "2021-09-29 20:29:33", "elapsed": 690.722536, "delta": 3.799991}}
{"target": -40.50904553432999, "params": {"eta": 0.15066047273459812, "max_depth": 1.3276484829726907, "n_estimators": 7.270655254033551}, "datetime": {"datetime": "2021-09-29 20:29:37", "elapsed": 694.913736, "delta": 4.1912}}
{"target": -40.005223970875186, "params": {"eta": 0.16, "max_depth": 2.4290242805570648, "n_estimators": 8.181995533965589}, "datetime": {"datetime": "2021-09-29 20:29:42", "elapsed": 699.907188, "delta": 4.993452}}
{"target": -45.32919844543695, "params": {"eta": 0.04292213845692256, "max_depth": 1.3051957592468528, "n_estimators": 18.358357195287056}, "datetime": {"datetime": "2021-09-29 20:29:44", "elapsed": 701.462637, "delta": 1.555449}}
{"target": -40.005223970875186, "params": {"eta": 0.1572413997041168, "max_depth": 2.2494846121650207, "n_estimators": 8.11425226177743}, "datetime": {"datetime": "2021-09-29 20:29:50", "elapsed": 707.929895, "delta": 6.467258}}
{"target": -41.02599008158336, "params": {"eta": 0.13121934860141685, "max_depth": 2.3055898844958187, "n_estimators": 8.314663451053615}, "datetime": {"datetime": "2021-09-29 20:29:54", "elapsed": 711.647012, "delta": 3.717117}}
{"target": -41.02599008158336, "params": {"eta": 0.1318688570669441, "max_depth": 2.2317290444985214, "n_estimators": 8.256671344919441}, "datetime": {"datetime": "2021-09-29 20:29:57", "elapsed": 714.881499, "delta": 3.234487}}
{"target": -42.113181190100995, "params": {"eta": 0.11010816049345977, "max_depth": 2.4042730846703826, "n_estimators": 8.301634670317263}, "datetime": {"datetime": "2021-09-29 20:30:00", "elapsed": 717.847037, "delta": 2.965538}}
{"target": -40.72870475162954, "params": {"eta": 0.15927161862786582, "max_depth": 1.8371155334924554, "n_estimators": 7.2557070474289445}, "datetime": {"datetime": "2021-09-29 20:30:04", "elapsed": 722.315071, "delta": 4.468034}}
{"target": -74.54858490367346, "params": {"eta": 0.033005044326950984, "max_depth": 2.1986319479817444, "n_estimators": 8.292912002123886}, "datetime": {"datetime": "2021-09-29 20:30:07", "elapsed": 725.115019, "delta": 2.799948}}
{"target": -40.50904553432999, "params": {"eta": 0.15284480009648832, "max_depth": 1.4174776695047024, "n_estimators": 7.6611347846031865}, "datetime": {"datetime": "2021-09-29 20:30:11", "elapsed": 729.268062, "delta": 4.153043}}
{"target": -41.99907492045695, "params": {"eta": 0.1218862220226383, "max_depth": 1.2576332154982266, "n_estimators": 7.4350167513070105}, "datetime": {"datetime": "2021-09-29 20:30:15", "elapsed": 733.106492, "delta": 3.83843}}
{"target": -52.792133481427115, "params": {"eta": 0.13919956276283282, "max_depth": 1.6812897073820097, "n_estimators": 18.246753108341036}, "datetime": {"datetime": "2021-09-29 20:30:17", "elapsed": 734.637685, "delta": 1.531193}}
{"target": -41.48334375038102, "params": {"eta": 0.057592110941573904, "max_depth": 2.668189757855082, "n_estimators": 24.65029431122956}, "datetime": {"datetime": "2021-09-29 20:30:18", "elapsed": 736.186877, "delta": 1.549192}}
{"target": -52.741493292196104, "params": {"eta": 0.02, "max_depth": 1.0827346763598549, "n_estimators": 27.25826582150047}, "datetime": {"datetime": "2021-09-29 20:30:21", "elapsed": 738.983134, "delta": 2.796257}}
{"target": -51.828379341453946, "params": {"eta": 0.04513287302416684, "max_depth": 3.5024668247586757, "n_estimators": 12.325872380415671}, "datetime": {"datetime": "2021-09-29 20:30:23", "elapsed": 740.459994, "delta": 1.47686}}
{"target": -39.49455800648052, "params": {"eta": 0.16, "max_depth": 2.413221438472808, "n_estimators": 7.727169071804742}, "datetime": {"datetime": "2021-09-29 20:30:27", "elapsed": 744.81698, "delta": 4.356986}}
{"target": -40.994333983879024, "params": {"eta": 0.14081845534022328, "max_depth": 2.4999494766777444, "n_estimators": 7.749170948936983}, "datetime": {"datetime": "2021-09-29 20:30:29", "elapsed": 747.333805, "delta": 2.516825}}
{"target": -40.40189569414688, "params": {"eta": 0.15359869798335812, "max_depth": 2.4453611380032947, "n_estimators": 7.605821233119514}, "datetime": {"datetime": "2021-09-29 20:30:32", "elapsed": 750.081329, "delta": 2.747524}}
{"target": -45.929219490249864, "params": {"eta": 0.07725002216782763, "max_depth": 2.6199365117132865, "n_estimators": 24.751414674109824}, "datetime": {"datetime": "2021-09-29 20:30:35", "elapsed": 753.38326, "delta": 3.301931}}
{"target": -49.13197117548121, "params": {"eta": 0.09386180823468795, "max_depth": 2.5535645736407537, "n_estimators": 7.628731339331677}, "datetime": {"datetime": "2021-09-29 20:30:38", "elapsed": 755.853547, "delta": 2.470287}}
{"target": -66.55310342564235, "params": {"eta": 0.022542529998508812, "max_depth": 2.321040258553688, "n_estimators": 17.878077292477666}, "datetime": {"datetime": "2021-09-29 20:30:39", "elapsed": 757.24255, "delta": 1.389003}}
{"target": -77.95120909083559, "params": {"eta": 0.04856018941887473, "max_depth": 2.492677951690874, "n_estimators": 4.6739637815042006}, "datetime": {"datetime": "2021-09-29 20:30:41", "elapsed": 758.752803, "delta": 1.510253}}
{"target": -49.13197117548121, "params": {"eta": 0.09019948007400154, "max_depth": 2.3825730002801153, "n_estimators": 7.5548104753006715}, "datetime": {"datetime": "2021-09-29 20:30:45", "elapsed": 762.469191, "delta": 3.716388}}
{"target": -40.005223970875186, "params": {"eta": 0.16, "max_depth": 2.52748423245014, "n_estimators": 8.260014751675339}, "datetime": {"datetime": "2021-09-29 20:30:47", "elapsed": 765.206425, "delta": 2.737234}}
{"target": -49.017767022059616, "params": {"eta": 0.07771496900942189, "max_depth": 2.507282069375078, "n_estimators": 8.210391180043418}, "datetime": {"datetime": "2021-09-29 20:30:51", "elapsed": 768.448066, "delta": 3.241641}}
{"target": -44.70082866593309, "params": {"eta": 0.14801864386292213, "max_depth": 2.014707176331357, "n_estimators": 5.186144079635423}, "datetime": {"datetime": "2021-09-29 20:30:52", "elapsed": 770.370429, "delta": 1.922363}}
{"target": -41.02599008158336, "params": {"eta": 0.1341112594001209, "max_depth": 2.575136352545639, "n_estimators": 8.387971669884404}, "datetime": {"datetime": "2021-09-29 20:30:55", "elapsed": 773.432789, "delta": 3.06236}}
{"target": -40.92562073312077, "params": {"eta": 0.13735865779230313, "max_depth": 2.438632834252555, "n_estimators": 8.41720420620966}, "datetime": {"datetime": "2021-09-29 20:30:58", "elapsed": 776.039198, "delta": 2.606409}}
{"target": -67.79076429427336, "params": {"eta": 0.038185257067355934, "max_depth": 2.503546837680396, "n_estimators": 8.392455139425806}, "datetime": {"datetime": "2021-09-29 20:31:01", "elapsed": 779.105218, "delta": 3.06602}}
{"target": -40.005223970875186, "params": {"eta": 0.15551341931969015, "max_depth": 2.3381648645897863, "n_estimators": 8.460453905084329}, "datetime": {"datetime": "2021-09-29 20:31:04", "elapsed": 781.752963, "delta": 2.647745}}
{"target": -41.02599008158336, "params": {"eta": 0.12632755829428344, "max_depth": 2.6757055924147437, "n_estimators": 8.480093382092079}, "datetime": {"datetime": "2021-09-29 20:31:06", "elapsed": 784.41793, "delta": 2.664967}}
{"target": -41.033995279868776, "params": {"eta": 0.15466384622650026, "max_depth": 2.569614654126365, "n_estimators": 8.47971537103901}, "datetime": {"datetime": "2021-09-29 20:31:12", "elapsed": 789.829057, "delta": 5.411127}}
{"target": -52.741493292196104, "params": {"eta": 0.02, "max_depth": 1.247126770616032, "n_estimators": 27.102039011724926}, "datetime": {"datetime": "2021-09-29 20:31:15", "elapsed": 792.965497, "delta": 3.13644}}
{"target": -40.50904553432999, "params": {"eta": 0.14610513593067864, "max_depth": 1.726587623522549, "n_estimators": 7.2291625333993}, "datetime": {"datetime": "2021-09-29 20:31:18", "elapsed": 796.209833, "delta": 3.244336}}
{"target": -41.20620946669536, "params": {"eta": 0.11510462620788046, "max_depth": 2.673390642798651, "n_estimators": 8.245577738647118}, "datetime": {"datetime": "2021-09-29 20:31:21", "elapsed": 798.933202, "delta": 2.723369}}
{"target": -44.49490713223126, "params": {"eta": 0.02830195087461948, "max_depth": 3.860344991892403, "n_estimators": 28.863250804324185}, "datetime": {"datetime": "2021-09-29 20:31:23", "elapsed": 800.750323, "delta": 1.817121}}
{"target": -43.75881753712508, "params": {"eta": 0.10457287958182171, "max_depth": 2.800897673998681, "n_estimators": 8.280393777878562}, "datetime": {"datetime": "2021-09-29 20:31:26", "elapsed": 803.932968, "delta": 3.182645}}
{"target": -74.54858490367346, "params": {"eta": 0.026344927158406542, "max_depth": 2.765744273213064, "n_estimators": 8.440376376785007}, "datetime": {"datetime": "2021-09-29 20:31:29", "elapsed": 807.369903, "delta": 3.436935}}
{"target": -41.033995279868776, "params": {"eta": 0.15251581301801959, "max_depth": 2.6340344118767343, "n_estimators": 8.340104585102036}, "datetime": {"datetime": "2021-09-29 20:31:32", "elapsed": 810.327196, "delta": 2.957293}}
{"target": -40.81651043778868, "params": {"eta": 0.04813357846224056, "max_depth": 2.268541372072958, "n_estimators": 27.9761335040534}, "datetime": {"datetime": "2021-09-29 20:31:34", "elapsed": 811.972101, "delta": 1.644905}}
{"target": -50.18936505571858, "params": {"eta": 0.08671040278932383, "max_depth": 2.2739841510188974, "n_estimators": 28.07383693634885}, "datetime": {"datetime": "2021-09-29 20:31:40", "elapsed": 817.859491, "delta": 5.88739}}
{"target": -82.34690075937502, "params": {"eta": 0.043213799430049465, "max_depth": 3.5577408009254907, "n_estimators": 4.9514673845519965}, "datetime": {"datetime": "2021-09-29 20:31:41", "elapsed": 819.366047, "delta": 1.506556}}
{"target": -54.034105906581786, "params": {"eta": 0.14411747766490102, "max_depth": 2.7561088115180885, "n_estimators": 24.696593015132567}, "datetime": {"datetime": "2021-09-29 20:31:44", "elapsed": 822.263578, "delta": 2.897531}}
{"target": -40.40189569414688, "params": {"eta": 0.15295616107604063, "max_depth": 2.049939244292087, "n_estimators": 7.2239248483128256}, "datetime": {"datetime": "2021-09-29 20:31:47", "elapsed": 824.80709, "delta": 2.543512}}
{"target": -43.364203916408286, "params": {"eta": 0.10963861745049042, "max_depth": 1.9491663236753847, "n_estimators": 7.141086326416802}, "datetime": {"datetime": "2021-09-29 20:31:51", "elapsed": 829.185229, "delta": 4.378139}}
{"target": -41.99907492045695, "params": {"eta": 0.12470295351554458, "max_depth": 1.7910478056742107, "n_estimators": 7.125927575919695}, "datetime": {"datetime": "2021-09-29 20:31:55", "elapsed": 832.679365, "delta": 3.494136}}
{"target": -40.72870475162954, "params": {"eta": 0.1597757212353342, "max_depth": 1.3218268061518434, "n_estimators": 7.6915523468022675}, "datetime": {"datetime": "2021-09-29 20:31:58", "elapsed": 836.30325, "delta": 3.623885}}
{"target": -44.03505921393481, "params": {"eta": 0.026996894729141963, "max_depth": 2.1828269407314345, "n_estimators": 27.886756843769252}, "datetime": {"datetime": "2021-09-29 20:32:03", "elapsed": 840.667088, "delta": 4.363838}}
{"target": -40.72870475162954, "params": {"eta": 0.15694834429716548, "max_depth": 1.415246561207459, "n_estimators": 7.760597303082022}, "datetime": {"datetime": "2021-09-29 20:32:08", "elapsed": 845.759608, "delta": 5.09252}}
{"target": -59.49818569449293, "params": {"eta": 0.05005570045158571, "max_depth": 3.734297411656306, "n_estimators": 9.15243348197256}, "datetime": {"datetime": "2021-09-29 20:32:12", "elapsed": 850.368931, "delta": 4.609323}}
{"target": -40.005223970875186, "params": {"eta": 0.15657731644779602, "max_depth": 2.2711029444059028, "n_estimators": 8.200313642005721}, "datetime": {"datetime": "2021-09-29 20:32:16", "elapsed": 854.376622, "delta": 4.007691}}
{"target": -40.92562073312077, "params": {"eta": 0.13985466709225494, "max_depth": 2.4288181078224302, "n_estimators": 8.545288497009363}, "datetime": {"datetime": "2021-09-29 20:32:22", "elapsed": 860.408513, "delta": 6.031891}}
{"target": -57.416066147438194, "params": {"eta": 0.02, "max_depth": 2.5564693413503408, "n_estimators": 24.621604029185026}, "datetime": {"datetime": "2021-09-29 20:32:26", "elapsed": 863.606761, "delta": 3.198248}}
{"target": -49.017767022059616, "params": {"eta": 0.07644668020645062, "max_depth": 2.3052695291972367, "n_estimators": 8.56807822924765}, "datetime": {"datetime": "2021-09-29 20:32:29", "elapsed": 866.790456, "delta": 3.183695}}
{"target": -42.113181190100995, "params": {"eta": 0.1084450150878259, "max_depth": 2.796204490928786, "n_estimators": 8.169844964332265}, "datetime": {"datetime": "2021-09-29 20:32:33", "elapsed": 871.334648, "delta": 4.544192}}
{"target": -41.19201584845798, "params": {"eta": 0.12087812217233697, "max_depth": 3.9410778291116233, "n_estimators": 9.17772368957543}, "datetime": {"datetime": "2021-09-29 20:32:37", "elapsed": 874.980423, "delta": 3.645775}}
{"target": -44.55630534877494, "params": {"eta": 0.08639645748197129, "max_depth": 3.9463491118329754, "n_estimators": 9.047256776033988}, "datetime": {"datetime": "2021-09-29 20:32:40", "elapsed": 877.688136, "delta": 2.707713}}
{"target": -40.92562073312077, "params": {"eta": 0.14165896076803555, "max_depth": 2.6804273850939233, "n_estimators": 8.06511373543176}, "datetime": {"datetime": "2021-09-29 20:32:43", "elapsed": 881.050001, "delta": 3.361865}}
{"target": -39.49455800648052, "params": {"eta": 0.1591946592765655, "max_depth": 2.6520856276691243, "n_estimators": 7.942776315324627}, "datetime": {"datetime": "2021-09-29 20:32:48", "elapsed": 885.484144, "delta": 4.434143}}
{"target": -49.13197117548121, "params": {"eta": 0.08805532300237244, "max_depth": 2.5861927093747545, "n_estimators": 7.869201767193296}, "datetime": {"datetime": "2021-09-29 20:32:51", "elapsed": 889.009341, "delta": 3.525197}}
{"target": -44.17376876858538, "params": {"eta": 0.10976224043764402, "max_depth": 2.761204885486535, "n_estimators": 7.985964850271654}, "datetime": {"datetime": "2021-09-29 20:32:54", "elapsed": 891.47115, "delta": 2.461809}}
{"target": -41.02599008158336, "params": {"eta": 0.1262852810998656, "max_depth": 2.6350682825508347, "n_estimators": 8.589171524325778}, "datetime": {"datetime": "2021-09-29 20:32:57", "elapsed": 895.256897, "delta": 3.785747}}
{"target": -43.09628679613966, "params": {"eta": 0.16, "max_depth": 2.2847051538653647, "n_estimators": 10.030357764388398}, "datetime": {"datetime": "2021-09-29 20:33:01", "elapsed": 899.290935, "delta": 4.034038}}
{"target": -41.02599008158336, "params": {"eta": 0.12997023379256886, "max_depth": 2.490905544982912, "n_estimators": 8.68563162375601}, "datetime": {"datetime": "2021-09-29 20:33:05", "elapsed": 902.716305, "delta": 3.42537}}
{"target": -67.79076429427336, "params": {"eta": 0.0428425274848691, "max_depth": 2.5815533721688038, "n_estimators": 8.676951861274777}, "datetime": {"datetime": "2021-09-29 20:33:09", "elapsed": 906.800854, "delta": 4.084549}}
{"target": -41.68035391883556, "params": {"eta": 0.130158563284342, "max_depth": 2.078811389971436, "n_estimators": 7.083865486626544}, "datetime": {"datetime": "2021-09-29 20:33:13", "elapsed": 910.939292, "delta": 4.138438}}
{"target": -49.772152235734, "params": {"eta": 0.09069075210723472, "max_depth": 3.3381407766028737, "n_estimators": 7.240446728078673}, "datetime": {"datetime": "2021-09-29 20:33:15", "elapsed": 912.441589, "delta": 1.502297}}
{"target": -74.54858490367346, "params": {"eta": 0.033327639029160396, "max_depth": 2.6726461884226778, "n_estimators": 8.076865510978148}, "datetime": {"datetime": "2021-09-29 20:33:19", "elapsed": 916.465167, "delta": 4.023578}}
{"target": -41.033995279868776, "params": {"eta": 0.14816267890571028, "max_depth": 2.377439204150055, "n_estimators": 8.672003532523881}, "datetime": {"datetime": "2021-09-29 20:33:21", "elapsed": 918.848425, "delta": 2.383258}}
{"target": -48.28539815862385, "params": {"eta": 0.08975631498585351, "max_depth": 3.3270961225984386, "n_estimators": 24.35892339651592}, "datetime": {"datetime": "2021-09-29 20:33:23", "elapsed": 920.479246, "delta": 1.630821}}
{"target": -40.92562073312077, "params": {"eta": 0.13893546176493524, "max_depth": 2.4264918328051124, "n_estimators": 8.788607014760606}, "datetime": {"datetime": "2021-09-29 20:33:25", "elapsed": 923.034666, "delta": 2.55542}}
{"target": -40.92562073312077, "params": {"eta": 0.13973038422724107, "max_depth": 2.2645617687112307, "n_estimators": 8.813427460015397}, "datetime": {"datetime": "2021-09-29 20:33:30", "elapsed": 927.441968, "delta": 4.407302}}
{"target": -74.54858490367346, "params": {"eta": 0.027397368661778415, "max_depth": 2.381325910940153, "n_estimators": 8.755539035249821}, "datetime": {"datetime": "2021-09-29 20:33:35", "elapsed": 932.638309, "delta": 5.196341}}
{"target": -59.19349702235933, "params": {"eta": 0.058850019665666664, "max_depth": 1.98096311518112, "n_estimators": 7.014220855372921}, "datetime": {"datetime": "2021-09-29 20:33:38", "elapsed": 936.350886, "delta": 3.712577}}
{"target": -40.005223970875186, "params": {"eta": 0.16, "max_depth": 2.3544125983140134, "n_estimators": 8.894966596052882}, "datetime": {"datetime": "2021-09-29 20:33:42", "elapsed": 940.08863, "delta": 3.737744}}
{"target": -53.7846278878696, "params": {"eta": 0.12109803219178017, "max_depth": 1.2563052501260876, "n_estimators": 23.997055868193776}, "datetime": {"datetime": "2021-09-29 20:33:44", "elapsed": 941.70663, "delta": 1.618}}
