{"target": -45.835089237611825, "params": {"eta": 0.20693237127001024, "max_depth": 3.520140370793148, "n_estimators": 7.928092716250367}, "datetime": {"datetime": "2021-09-29 18:32:58", "elapsed": 371.400626, "delta": 5.919668}}
{"target": -44.366248584773835, "params": {"eta": 0.19290850111427238, "max_depth": 2.2371644860395037, "n_estimators": 8.318833346276497}, "datetime": {"datetime": "2021-09-29 18:33:02", "elapsed": 375.351744, "delta": 3.951118}}
{"target": -47.21067640759251, "params": {"eta": 0.11019330509184058, "max_depth": 4.289449872509722, "n_estimators": 18.97394372575045}, "datetime": {"datetime": "2021-09-29 18:33:06", "elapsed": 378.928198, "delta": 3.576454}}
{"target": -48.26594387612483, "params": {"eta": 0.040494789311259036, "max_depth": 4.302980108493356, "n_estimators": 18.695575727238882}, "datetime": {"datetime": "2021-09-29 18:33:08", "elapsed": 380.709045, "delta": 1.780847}}
{"target": -45.82263721949228, "params": {"eta": 0.10143926133341946, "max_depth": 2.4131705974115807, "n_estimators": 19.11462886288432}, "datetime": {"datetime": "2021-09-29 18:33:10", "elapsed": 382.907969, "delta": 2.198924}}
{"target": -40.86356439269469, "params": {"eta": 0.13383110427633424, "max_depth": 2.7147513579602527, "n_estimators": 8.1527476465802}, "datetime": {"datetime": "2021-09-29 18:33:13", "elapsed": 386.316232, "delta": 3.408263}}
{"target": -53.949439390401764, "params": {"eta": 0.20472343580894375, "max_depth": 6.203911947407582, "n_estimators": 14.230665408991518}, "datetime": {"datetime": "2021-09-29 18:33:15", "elapsed": 388.104458, "delta": 1.788226}}
{"target": -40.89505315206182, "params": {"eta": 0.12063467223535129, "max_depth": 2.800731522931372, "n_estimators": 8.100076016187188}, "datetime": {"datetime": "2021-09-29 18:33:18", "elapsed": 391.071451, "delta": 2.966993}}
{"target": -44.366248584773835, "params": {"eta": 0.1885186745168437, "max_depth": 2.79360128233737, "n_estimators": 8.070167858474502}, "datetime": {"datetime": "2021-09-29 18:33:22", "elapsed": 395.397565, "delta": 4.326114}}
{"target": -46.26721624278126, "params": {"eta": 0.08687902681158367, "max_depth": 3.8825304680910993, "n_estimators": 19.99438056711421}, "datetime": {"datetime": "2021-09-29 18:33:25", "elapsed": 397.867746, "delta": 2.470181}}
{"target": -48.833868518055375, "params": {"eta": 0.07542283581802559, "max_depth": 2.779126877104113, "n_estimators": 8.05242996189677}, "datetime": {"datetime": "2021-09-29 18:33:28", "elapsed": 400.768519, "delta": 2.900773}}
{"target": -49.465197797652515, "params": {"eta": 0.06907918408615599, "max_depth": 2.07354990301688, "n_estimators": 33.110908494178844}, "datetime": {"datetime": "2021-09-29 18:33:31", "elapsed": 404.314854, "delta": 3.546335}}
{"target": -43.98520380340141, "params": {"eta": 0.19146533106352576, "max_depth": 3.635261143593292, "n_estimators": 7.843445868011902}, "datetime": {"datetime": "2021-09-29 18:33:36", "elapsed": 409.20831, "delta": 4.893456}}
{"target": -57.261067373140925, "params": {"eta": 0.11808100297006249, "max_depth": 6.339777224115929, "n_estimators": 31.979870282709697}, "datetime": {"datetime": "2021-09-29 18:33:39", "elapsed": 411.850208, "delta": 2.641898}}
{"target": -43.98520380340141, "params": {"eta": 0.18795658271585008, "max_depth": 3.5801738920109365, "n_estimators": 7.766015592989984}, "datetime": {"datetime": "2021-09-29 18:33:43", "elapsed": 415.684667, "delta": 3.834459}}
{"target": -48.94867041757707, "params": {"eta": 0.17147725948256792, "max_depth": 6.730005739917694, "n_estimators": 13.394377822384541}, "datetime": {"datetime": "2021-09-29 18:33:45", "elapsed": 417.627421, "delta": 1.942754}}
{"target": -44.51233881333266, "params": {"eta": 0.2007764298791669, "max_depth": 3.4951898063248414, "n_estimators": 7.821485343425782}, "datetime": {"datetime": "2021-09-29 18:33:48", "elapsed": 420.754854, "delta": 3.127433}}
{"target": -56.97683392809931, "params": {"eta": 0.18799870749495007, "max_depth": 3.1667150842133727, "n_estimators": 25.69645599874051}, "datetime": {"datetime": "2021-09-29 18:33:50", "elapsed": 422.599857, "delta": 1.845003}}
{"target": -55.28389107523171, "params": {"eta": 0.0990854881641371, "max_depth": 3.379745994560366, "n_estimators": 37.66719007448803}, "datetime": {"datetime": "2021-09-29 18:33:52", "elapsed": 424.79386, "delta": 2.194003}}
{"target": -43.66841244405259, "params": {"eta": 0.17659456705940962, "max_depth": 2.8105862406421345, "n_estimators": 8.127614111846054}, "datetime": {"datetime": "2021-09-29 18:33:55", "elapsed": 428.101639, "delta": 3.307779}}
{"target": -47.34310064366513, "params": {"eta": 0.16817739023072195, "max_depth": 3.423753189531479, "n_estimators": 4.15101630752496}, "datetime": {"datetime": "2021-09-29 18:33:57", "elapsed": 429.991054, "delta": 1.889415}}
{"target": -45.57959322723996, "params": {"eta": 0.08763420818871018, "max_depth": 2.842604275700597, "n_estimators": 8.179259916947736}, "datetime": {"datetime": "2021-09-29 18:34:00", "elapsed": 433.412951, "delta": 3.421897}}
{"target": -54.09134379893692, "params": {"eta": 0.09887183806486696, "max_depth": 2.387878970473609, "n_estimators": 39.60565189076122}, "datetime": {"datetime": "2021-09-29 18:34:02", "elapsed": 435.399269, "delta": 1.986318}}
{"target": -52.802396980517784, "params": {"eta": 0.08351256476908847, "max_depth": 2.3130319039419183, "n_estimators": 39.143678721144376}, "datetime": {"datetime": "2021-09-29 18:34:06", "elapsed": 438.87698, "delta": 3.477711}}
{"target": -56.28643800509367, "params": {"eta": 0.16382752515855845, "max_depth": 5.236306504608947, "n_estimators": 24.100516940070165}, "datetime": {"datetime": "2021-09-29 18:34:08", "elapsed": 440.941729, "delta": 2.064749}}
{"target": -43.899494964087815, "params": {"eta": 0.21, "max_depth": 2.5560921347253993, "n_estimators": 7.938154583037231}, "datetime": {"datetime": "2021-09-29 18:34:13", "elapsed": 445.584775, "delta": 4.643046}}
{"target": -43.66700874587126, "params": {"eta": 0.09691390526167443, "max_depth": 2.453141709892412, "n_estimators": 8.088501816064866}, "datetime": {"datetime": "2021-09-29 18:34:15", "elapsed": 447.843718, "delta": 2.258943}}
{"target": -42.0093807381011, "params": {"eta": 0.04611354330745826, "max_depth": 3.162153864375908, "n_estimators": 21.097230733453543}, "datetime": {"datetime": "2021-09-29 18:34:17", "elapsed": 449.501394, "delta": 1.657676}}
{"target": -41.34695842994171, "params": {"eta": 0.033600522541050754, "max_depth": 2.5066021486849785, "n_estimators": 33.146801966683036}, "datetime": {"datetime": "2021-09-29 18:34:20", "elapsed": 452.573289, "delta": 3.071895}}
{"target": -44.50044291606256, "params": {"eta": 0.05796801140812059, "max_depth": 4.267660645573507, "n_estimators": 27.60548167489616}, "datetime": {"datetime": "2021-09-29 18:34:22", "elapsed": 454.658048, "delta": 2.084759}}
{"target": -55.71461771724228, "params": {"eta": 0.20782388132111262, "max_depth": 6.405640387131938, "n_estimators": 18.83488175386809}, "datetime": {"datetime": "2021-09-29 18:34:24", "elapsed": 456.64885, "delta": 1.990802}}
{"target": -49.45201626191931, "params": {"eta": 0.03, "max_depth": 3.1333013767114086, "n_estimators": 22.807279665231093}, "datetime": {"datetime": "2021-09-29 18:34:28", "elapsed": 460.670612, "delta": 4.021762}}
{"target": -44.366248584773835, "params": {"eta": 0.19496714243232788, "max_depth": 2.5519210030733652, "n_estimators": 8.348241265931374}, "datetime": {"datetime": "2021-09-29 18:34:32", "elapsed": 464.886588, "delta": 4.215976}}
{"target": -48.51164677881443, "params": {"eta": 0.044557660037014966, "max_depth": 3.824340058389831, "n_estimators": 17.855678618178267}, "datetime": {"datetime": "2021-09-29 18:34:35", "elapsed": 468.385507, "delta": 3.498919}}
{"target": -43.34306447826551, "params": {"eta": 0.10277847419759323, "max_depth": 2.2653315946699464, "n_estimators": 16.646001584674508}, "datetime": {"datetime": "2021-09-29 18:34:40", "elapsed": 472.661328, "delta": 4.275821}}
{"target": -57.39920758702147, "params": {"eta": 0.15212799501467536, "max_depth": 4.548027759026278, "n_estimators": 32.87135006754281}, "datetime": {"datetime": "2021-09-29 18:34:42", "elapsed": 474.494466, "delta": 1.833138}}
{"target": -42.06727632229315, "params": {"eta": 0.08829286978611109, "max_depth": 2.266691576832518, "n_estimators": 16.710554135222477}, "datetime": {"datetime": "2021-09-29 18:34:43", "elapsed": 476.333337, "delta": 1.838871}}
{"target": -40.575189243728985, "params": {"eta": 0.1423853834994555, "max_depth": 2.2322925974979335, "n_estimators": 7.908334213350384}, "datetime": {"datetime": "2021-09-29 18:34:48", "elapsed": 480.699572, "delta": 4.366235}}
{"target": -49.34615979161965, "params": {"eta": 0.043992964177707636, "max_depth": 2.1649784043456664, "n_estimators": 16.75578378995377}, "datetime": {"datetime": "2021-09-29 18:34:52", "elapsed": 484.723524, "delta": 4.023952}}
{"target": -53.71662211744648, "params": {"eta": 0.18745926677332253, "max_depth": 5.158698485245311, "n_estimators": 19.339486545956905}, "datetime": {"datetime": "2021-09-29 18:34:54", "elapsed": 486.672119, "delta": 1.948595}}
{"target": -53.907639986829714, "params": {"eta": 0.14175251447116938, "max_depth": 3.1517429743712997, "n_estimators": 21.166492645784096}, "datetime": {"datetime": "2021-09-29 18:34:58", "elapsed": 490.869649, "delta": 4.19753}}
{"target": -78.12539574723587, "params": {"eta": 0.04417763560527474, "max_depth": 3.919522262607561, "n_estimators": 5.917854049634082}, "datetime": {"datetime": "2021-09-29 18:35:00", "elapsed": 492.794289, "delta": 1.92464}}
{"target": -43.49222713616781, "params": {"eta": 0.05258416532828585, "max_depth": 2.761247200021202, "n_estimators": 33.06899339299453}, "datetime": {"datetime": "2021-09-29 18:35:03", "elapsed": 496.308305, "delta": 3.514016}}
{"target": -51.72583704557299, "params": {"eta": 0.032250069694523965, "max_depth": 3.7257579452389313, "n_estimators": 20.844203644549147}, "datetime": {"datetime": "2021-09-29 18:35:07", "elapsed": 500.049549, "delta": 3.741244}}
{"target": -50.09389862270659, "params": {"eta": 0.09090417542935815, "max_depth": 5.8247005531210565, "n_estimators": 26.923191302608302}, "datetime": {"datetime": "2021-09-29 18:35:09", "elapsed": 501.863257, "delta": 1.813708}}
{"target": -44.352203785939224, "params": {"eta": 0.06469989855418885, "max_depth": 5.579729183818186, "n_estimators": 27.705588534328278}, "datetime": {"datetime": "2021-09-29 18:35:11", "elapsed": 503.505291, "delta": 1.642034}}
{"target": -55.945012249233926, "params": {"eta": 0.03, "max_depth": 3.661679478567521, "n_estimators": 17.394977450090366}, "datetime": {"datetime": "2021-09-29 18:35:14", "elapsed": 506.952106, "delta": 3.446815}}
{"target": -43.66841244405259, "params": {"eta": 0.17916937258932256, "max_depth": 2.1132208855183943, "n_estimators": 8.151706453114924}, "datetime": {"datetime": "2021-09-29 18:35:17", "elapsed": 510.175002, "delta": 3.222896}}
{"target": -42.2944084968507, "params": {"eta": 0.07026246059820926, "max_depth": 3.7784700939743185, "n_estimators": 19.89197489497952}, "datetime": {"datetime": "2021-09-29 18:35:21", "elapsed": 514.347798, "delta": 4.172796}}
{"target": -52.995280203659675, "params": {"eta": 0.03, "max_depth": 3.798253625651618, "n_estimators": 19.96274022817525}, "datetime": {"datetime": "2021-09-29 18:35:26", "elapsed": 518.552829, "delta": 4.205031}}
{"target": -52.995280203659675, "params": {"eta": 0.03, "max_depth": 3.8221045681467714, "n_estimators": 19.83157378110982}, "datetime": {"datetime": "2021-09-29 18:35:33", "elapsed": 526.450902, "delta": 7.898073}}
{"target": -48.528387968462724, "params": {"eta": 0.10296395275718966, "max_depth": 3.6912936060067936, "n_estimators": 19.873588776383023}, "datetime": {"datetime": "2021-09-29 18:35:42", "elapsed": 534.520851, "delta": 8.069949}}
{"target": -42.73717605768515, "params": {"eta": 0.03, "max_depth": 4.901186111725809, "n_estimators": 39.93504593350036}, "datetime": {"datetime": "2021-09-29 18:35:46", "elapsed": 539.101109, "delta": 4.580258}}
{"target": -58.865932954480286, "params": {"eta": 0.19748859638024488, "max_depth": 6.645800627364176, "n_estimators": 35.943034658926244}, "datetime": {"datetime": "2021-09-29 18:35:49", "elapsed": 542.039938, "delta": 2.938829}}
{"target": -52.13884816072798, "params": {"eta": 0.07900100720237645, "max_depth": 3.339880241558289, "n_estimators": 32.092647012216815}, "datetime": {"datetime": "2021-09-29 18:35:54", "elapsed": 546.644115, "delta": 4.604177}}
{"target": -56.17632819976549, "params": {"eta": 0.19849208861559053, "max_depth": 6.007080859673218, "n_estimators": 18.16705192060462}, "datetime": {"datetime": "2021-09-29 18:35:57", "elapsed": 549.878182, "delta": 3.234067}}
{"target": -42.46132104490219, "params": {"eta": 0.03603427381705787, "max_depth": 3.8250544387566188, "n_estimators": 33.70573149300115}, "datetime": {"datetime": "2021-09-29 18:36:03", "elapsed": 556.258347, "delta": 6.380165}}
{"target": -46.75348330154663, "params": {"eta": 0.14616674801702756, "max_depth": 6.479325812666014, "n_estimators": 12.132102354874402}, "datetime": {"datetime": "2021-09-29 18:36:05", "elapsed": 558.410721, "delta": 2.152374}}
{"target": -55.27448797468275, "params": {"eta": 0.10607510321193504, "max_depth": 3.7709774618331133, "n_estimators": 33.693749863922434}, "datetime": {"datetime": "2021-09-29 18:36:10", "elapsed": 562.634981, "delta": 4.22426}}
{"target": -54.53523489333434, "params": {"eta": 0.0978955440039442, "max_depth": 3.652981690347489, "n_estimators": 33.82902673046348}, "datetime": {"datetime": "2021-09-29 18:36:12", "elapsed": 564.872368, "delta": 2.237387}}
{"target": -56.426890458656054, "params": {"eta": 0.10798315012304077, "max_depth": 4.9489933861949105, "n_estimators": 39.93939551827782}, "datetime": {"datetime": "2021-09-29 18:36:17", "elapsed": 569.846291, "delta": 4.973923}}
{"target": -42.71390215195082, "params": {"eta": 0.03175967129504592, "max_depth": 3.662564433758456, "n_estimators": 33.644115329905674}, "datetime": {"datetime": "2021-09-29 18:36:21", "elapsed": 573.638771, "delta": 3.79248}}
{"target": -56.38668429135893, "params": {"eta": 0.1459155331046023, "max_depth": 5.642032898018375, "n_estimators": 22.80481777043318}, "datetime": {"datetime": "2021-09-29 18:36:25", "elapsed": 577.792505, "delta": 4.153734}}
{"target": -43.004051507491795, "params": {"eta": 0.1631576058360295, "max_depth": 3.459997459389746, "n_estimators": 6.464629208496258}, "datetime": {"datetime": "2021-09-29 18:36:29", "elapsed": 582.066265, "delta": 4.27376}}
{"target": -42.75543421080493, "params": {"eta": 0.05947132087318614, "max_depth": 2.5086595987447544, "n_estimators": 25.146869525021415}, "datetime": {"datetime": "2021-09-29 18:36:31", "elapsed": 583.6209, "delta": 1.554635}}
{"target": -48.35549653273184, "params": {"eta": 0.11799911749808584, "max_depth": 5.395637760924055, "n_estimators": 18.205569431113034}, "datetime": {"datetime": "2021-09-29 18:36:35", "elapsed": 588.380173, "delta": 4.759273}}
{"target": -47.23118544148019, "params": {"eta": 0.055570553824832336, "max_depth": 3.4326267343420325, "n_estimators": 31.96552525197637}, "datetime": {"datetime": "2021-09-29 18:36:40", "elapsed": 592.87094, "delta": 4.490767}}
{"target": -43.66506279323518, "params": {"eta": 0.06882321373262384, "max_depth": 3.1260492108738274, "n_estimators": 21.003625376259734}, "datetime": {"datetime": "2021-09-29 18:36:43", "elapsed": 596.133641, "delta": 3.262701}}
{"target": -41.34695842994171, "params": {"eta": 0.03270553941430252, "max_depth": 2.534009349186367, "n_estimators": 33.364887093919336}, "datetime": {"datetime": "2021-09-29 18:36:47", "elapsed": 599.623374, "delta": 3.489733}}
{"target": -42.31756300958388, "params": {"eta": 0.06910185385767043, "max_depth": 3.8246606671903436, "n_estimators": 18.47192308737102}, "datetime": {"datetime": "2021-09-29 18:36:52", "elapsed": 604.745546, "delta": 5.122172}}
{"target": -46.46163928187716, "params": {"eta": 0.11923695903593397, "max_depth": 3.343865828180016, "n_estimators": 6.484573721506994}, "datetime": {"datetime": "2021-09-29 18:36:56", "elapsed": 608.822363, "delta": 4.076817}}
{"target": -44.834452973852834, "params": {"eta": 0.1319331001061744, "max_depth": 3.446157662465404, "n_estimators": 6.557355129620901}, "datetime": {"datetime": "2021-09-29 18:37:01", "elapsed": 614.384077, "delta": 5.561714}}
{"target": -45.23227823828252, "params": {"eta": 0.036065000353526354, "max_depth": 3.2251313918423454, "n_estimators": 20.97641848835646}, "datetime": {"datetime": "2021-09-29 18:37:07", "elapsed": 619.784405, "delta": 5.400328}}
{"target": -56.69679298586636, "params": {"eta": 0.18325658069507075, "max_depth": 3.135482845636683, "n_estimators": 25.00447810374546}, "datetime": {"datetime": "2021-09-29 18:37:08", "elapsed": 621.380397, "delta": 1.595992}}
{"target": -50.44126118287047, "params": {"eta": 0.07833271406773787, "max_depth": 4.7803162630918035, "n_estimators": 33.17451343156875}, "datetime": {"datetime": "2021-09-29 18:37:10", "elapsed": 623.034041, "delta": 1.653644}}
{"target": -49.91951212243988, "params": {"eta": 0.1250950881539163, "max_depth": 3.6310643324641805, "n_estimators": 17.51436917335678}, "datetime": {"datetime": "2021-09-29 18:37:13", "elapsed": 626.360524, "delta": 3.326483}}
{"target": -44.485330212428494, "params": {"eta": 0.062313693888214505, "max_depth": 6.170778041264459, "n_estimators": 17.450250968116546}, "datetime": {"datetime": "2021-09-29 18:37:15", "elapsed": 627.909907, "delta": 1.549383}}
{"target": -40.89505315206182, "params": {"eta": 0.1217891664894674, "max_depth": 2.7383538717852494, "n_estimators": 8.342110350100253}, "datetime": {"datetime": "2021-09-29 18:37:18", "elapsed": 630.902945, "delta": 2.993038}}
{"target": -40.89505315206182, "params": {"eta": 0.12128018958422533, "max_depth": 2.6289710085048448, "n_estimators": 8.176518843245827}, "datetime": {"datetime": "2021-09-29 18:37:22", "elapsed": 634.757245, "delta": 3.8543}}
{"target": -43.66841244405259, "params": {"eta": 0.17945182779907232, "max_depth": 2.787267956584377, "n_estimators": 8.438348778603252}, "datetime": {"datetime": "2021-09-29 18:37:25", "elapsed": 637.632705, "delta": 2.87546}}
{"target": -45.96095675319496, "params": {"eta": 0.2068092183263242, "max_depth": 2.14099904577048, "n_estimators": 8.28827254949718}, "datetime": {"datetime": "2021-09-29 18:37:28", "elapsed": 641.174547, "delta": 3.541842}}
{"target": -47.09644066107967, "params": {"eta": 0.08495757058983905, "max_depth": 2.6090602570671457, "n_estimators": 25.152014458280462}, "datetime": {"datetime": "2021-09-29 18:37:32", "elapsed": 645.349131, "delta": 4.174584}}
{"target": -48.47208044543976, "params": {"eta": 0.0332689671409399, "max_depth": 4.201733764256146, "n_estimators": 24.534098614540472}, "datetime": {"datetime": "2021-09-29 18:37:34", "elapsed": 646.958125, "delta": 1.608994}}
{"target": -57.59318505074861, "params": {"eta": 0.06672024353855321, "max_depth": 4.487796586151457, "n_estimators": 7.687471031574325}, "datetime": {"datetime": "2021-09-29 18:37:36", "elapsed": 648.695362, "delta": 1.737237}}
{"target": -41.22418844291547, "params": {"eta": 0.04398084617406339, "max_depth": 2.8373951065649896, "n_estimators": 33.09107215041202}, "datetime": {"datetime": "2021-09-29 18:37:39", "elapsed": 652.312283, "delta": 3.616921}}
{"target": -54.09134379893692, "params": {"eta": 0.10358697996618861, "max_depth": 2.063418369006916, "n_estimators": 39.49324018222443}, "datetime": {"datetime": "2021-09-29 18:37:41", "elapsed": 654.017169, "delta": 1.704886}}
{"target": -67.70902099129276, "params": {"eta": 0.038101017632727927, "max_depth": 2.817494752978093, "n_estimators": 8.381913946589737}, "datetime": {"datetime": "2021-09-29 18:37:46", "elapsed": 658.77212, "delta": 4.754951}}
{"target": -45.94716699516358, "params": {"eta": 0.19459539925232844, "max_depth": 3.691178627218929, "n_estimators": 8.340942446431402}, "datetime": {"datetime": "2021-09-29 18:37:47", "elapsed": 660.431115, "delta": 1.658995}}
{"target": -49.158000747889716, "params": {"eta": 0.09275116419271412, "max_depth": 2.5088512252021045, "n_estimators": 25.053895169555062}, "datetime": {"datetime": "2021-09-29 18:37:51", "elapsed": 663.503222, "delta": 3.072107}}
{"target": -56.671874764641025, "params": {"eta": 0.059019959982197695, "max_depth": 2.7343922430699927, "n_estimators": 8.166417321549456}, "datetime": {"datetime": "2021-09-29 18:37:55", "elapsed": 668.033545, "delta": 4.530323}}
{"target": -47.15040293883264, "params": {"eta": 0.0629286166219718, "max_depth": 2.877611772495345, "n_estimators": 33.004545806537955}, "datetime": {"datetime": "2021-09-29 18:37:59", "elapsed": 671.819467, "delta": 3.785922}}
{"target": -43.66264562328769, "params": {"eta": 0.15952820057786857, "max_depth": 5.83127481302539, "n_estimators": 8.261096405980304}, "datetime": {"datetime": "2021-09-29 18:38:01", "elapsed": 673.573795, "delta": 1.754328}}
{"target": -43.66841244405259, "params": {"eta": 0.1763197624737479, "max_depth": 2.7297184450379195, "n_estimators": 8.361039817808969}, "datetime": {"datetime": "2021-09-29 18:38:04", "elapsed": 677.146135, "delta": 3.57234}}
{"target": -50.30322746919498, "params": {"eta": 0.10049710093840744, "max_depth": 3.239401326482086, "n_estimators": 22.703513200236277}, "datetime": {"datetime": "2021-09-29 18:38:07", "elapsed": 680.370595, "delta": 3.22446}}
{"target": -50.662996103166776, "params": {"eta": 0.06836091055341428, "max_depth": 3.835835411227433, "n_estimators": 34.96731745590691}, "datetime": {"datetime": "2021-09-29 18:38:09", "elapsed": 682.332928, "delta": 1.962333}}
{"target": -54.358692211720694, "params": {"eta": 0.030479794426549665, "max_depth": 3.840834765057231, "n_estimators": 18.369551885105196}, "datetime": {"datetime": "2021-09-29 18:38:15", "elapsed": 687.57235, "delta": 5.239422}}
