{"target": -50.37698218988158, "params": {"eta": 0.4799372820736049, "max_depth": 27.531485684448015, "n_estimators": 2.4639535020313112}, "datetime": {"datetime": "2021-09-29 17:14:48", "elapsed": 163.009024, "delta": 1.593919}}
{"target": -50.9774751390176, "params": {"eta": 0.5010068045603988, "max_depth": 27.547280692011604, "n_estimators": 2.1369538587691723}, "datetime": {"datetime": "2021-09-29 17:14:49", "elapsed": 164.071866, "delta": 1.062842}}
{"target": -64.52575764538534, "params": {"eta": 0.4790092571662096, "max_depth": 18.97469035450999, "n_estimators": 81.5106904671585}, "datetime": {"datetime": "2021-09-29 17:14:51", "elapsed": 165.918864, "delta": 1.846998}}
{"target": -57.523452290768795, "params": {"eta": 0.43971048384113187, "max_depth": 6.529015154843477, "n_estimators": 27.97952207489226}, "datetime": {"datetime": "2021-09-29 17:14:52", "elapsed": 166.851503, "delta": 0.932639}}
{"target": -48.804688544232974, "params": {"eta": 0.6435673408798732, "max_depth": 25.21455138679654, "n_estimators": 1.901673480466097}, "datetime": {"datetime": "2021-09-29 17:14:54", "elapsed": 169.150575, "delta": 2.299072}}
{"target": -51.48108460873561, "params": {"eta": 0.5460467947012281, "max_depth": 25.04394908333088, "n_estimators": 1.7878703437547312}, "datetime": {"datetime": "2021-09-29 17:14:56", "elapsed": 170.36829, "delta": 1.217715}}
{"target": -53.496707223647554, "params": {"eta": 0.6834496975081499, "max_depth": 27.989247088214075, "n_estimators": 2.1863111021529638}, "datetime": {"datetime": "2021-09-29 17:14:57", "elapsed": 171.443284, "delta": 1.074994}}
{"target": -47.70237874475395, "params": {"eta": 0.09985192169661801, "max_depth": 18.83046819637093, "n_estimators": 20.04092834279384}, "datetime": {"datetime": "2021-09-29 17:14:58", "elapsed": 172.543881, "delta": 1.100597}}
{"target": -50.98133832595304, "params": {"eta": 0.6491460508838135, "max_depth": 25.173742528274925, "n_estimators": 2.154560341141454}, "datetime": {"datetime": "2021-09-29 17:15:00", "elapsed": 174.429553, "delta": 1.885672}}
{"target": -63.08977491057656, "params": {"eta": 0.5034970145850041, "max_depth": 13.093710061158895, "n_estimators": 15.492003568334283}, "datetime": {"datetime": "2021-09-29 17:15:01", "elapsed": 175.964089, "delta": 1.534536}}
{"target": -56.737161993956455, "params": {"eta": 0.305795264383122, "max_depth": 22.150966280000816, "n_estimators": 44.98681849648081}, "datetime": {"datetime": "2021-09-29 17:15:04", "elapsed": 178.393835, "delta": 2.429746}}
{"target": -53.51559759633017, "params": {"eta": 0.06175098763898412, "max_depth": 19.443093572292856, "n_estimators": 42.710220562293394}, "datetime": {"datetime": "2021-09-29 17:15:05", "elapsed": 179.517839, "delta": 1.124004}}
{"target": -58.123547623693874, "params": {"eta": 0.3719554703059417, "max_depth": 22.887197458434283, "n_estimators": 77.22719613767053}, "datetime": {"datetime": "2021-09-29 17:15:08", "elapsed": 182.194235, "delta": 2.676396}}
{"target": -59.84953053515463, "params": {"eta": 0.40645455325261914, "max_depth": 25.858589601942196, "n_estimators": 1.8976961404863362}, "datetime": {"datetime": "2021-09-29 17:15:09", "elapsed": 183.679655, "delta": 1.48542}}
{"target": -57.7058608650336, "params": {"eta": 0.256170613519902, "max_depth": 18.934999669695003, "n_estimators": 19.928048183345005}, "datetime": {"datetime": "2021-09-29 17:15:11", "elapsed": 185.683853, "delta": 2.004198}}
{"target": -57.69014706103726, "params": {"eta": 0.2896423603968254, "max_depth": 12.940871040628751, "n_estimators": 94.58388764973766}, "datetime": {"datetime": "2021-09-29 17:15:13", "elapsed": 187.817884, "delta": 2.134031}}
{"target": -55.08419567238212, "params": {"eta": 0.21416564283446635, "max_depth": 2.4455384738807817, "n_estimators": 23.04125688848552}, "datetime": {"datetime": "2021-09-29 17:15:15", "elapsed": 189.531397, "delta": 1.713513}}
{"target": -63.48127408724159, "params": {"eta": 0.5002673382844366, "max_depth": 9.670808644279866, "n_estimators": 64.17469290199219}, "datetime": {"datetime": "2021-09-29 17:15:16", "elapsed": 190.889358, "delta": 1.357961}}
{"target": -80.86450337489288, "params": {"eta": 0.8907283817552611, "max_depth": 14.929789472417873, "n_estimators": 4.412173039664692}, "datetime": {"datetime": "2021-09-29 17:15:17", "elapsed": 191.945362, "delta": 1.056004}}
{"target": -57.19033497107247, "params": {"eta": 0.37362072141915753, "max_depth": 5.201505013867584, "n_estimators": 16.323585544927226}, "datetime": {"datetime": "2021-09-29 17:15:19", "elapsed": 193.28863, "delta": 1.343268}}
{"target": -48.58467532378252, "params": {"eta": 0.7226159852930724, "max_depth": 25.536138067696662, "n_estimators": 1.6125231759823402}, "datetime": {"datetime": "2021-09-29 17:15:20", "elapsed": 195.035367, "delta": 1.746737}}
{"target": -60.171461598863615, "params": {"eta": 0.45740885598884284, "max_depth": 24.813681635944445, "n_estimators": 12.72921191454995}, "datetime": {"datetime": "2021-09-29 17:15:22", "elapsed": 196.74536, "delta": 1.709993}}
{"target": -58.3375606623046, "params": {"eta": 0.34643205003651995, "max_depth": 22.462941298132897, "n_estimators": 95.72953355390436}, "datetime": {"datetime": "2021-09-29 17:15:24", "elapsed": 198.565605, "delta": 1.820245}}
{"target": -48.55285912566993, "params": {"eta": 0.6593599498070923, "max_depth": 25.218587755252933, "n_estimators": 1.5012924043377036}, "datetime": {"datetime": "2021-09-29 17:15:26", "elapsed": 200.43818, "delta": 1.872575}}
{"target": -50.439442352389406, "params": {"eta": 0.48724046560886375, "max_depth": 27.113845748630034, "n_estimators": 2.1426060098395983}, "datetime": {"datetime": "2021-09-29 17:15:27", "elapsed": 202.090136, "delta": 1.651956}}
{"target": -49.18525071144348, "params": {"eta": 0.6242417107595306, "max_depth": 25.009252724484764, "n_estimators": 1.3296958065460625}, "datetime": {"datetime": "2021-09-29 17:15:29", "elapsed": 203.572652, "delta": 1.482516}}
{"target": -67.42928780280832, "params": {"eta": 0.7979982988094434, "max_depth": 10.521210265169822, "n_estimators": 38.79030875808862}, "datetime": {"datetime": "2021-09-29 17:15:31", "elapsed": 205.283316, "delta": 1.710664}}
{"target": -57.27182668344336, "params": {"eta": 0.7210265222092535, "max_depth": 5.515552717510294, "n_estimators": 83.99601721824745}, "datetime": {"datetime": "2021-09-29 17:15:32", "elapsed": 206.556336, "delta": 1.27302}}
{"target": -50.37698218988158, "params": {"eta": 0.4779594562988074, "max_depth": 27.708321346360613, "n_estimators": 2.68597912474055}, "datetime": {"datetime": "2021-09-29 17:15:34", "elapsed": 209.030331, "delta": 2.473995}}
{"target": -49.04209960461766, "params": {"eta": 0.7534873061016162, "max_depth": 24.744321739879265, "n_estimators": 1.2312724737410532}, "datetime": {"datetime": "2021-09-29 17:15:36", "elapsed": 210.955359, "delta": 1.925028}}
{"target": -48.431772323283674, "params": {"eta": 0.6793615359092661, "max_depth": 24.96783311145913, "n_estimators": 1.293999700152119}, "datetime": {"datetime": "2021-09-29 17:15:37", "elapsed": 211.883215, "delta": 0.927856}}
{"target": -48.58467532378252, "params": {"eta": 0.7231496597374787, "max_depth": 24.784205858650616, "n_estimators": 1.736933286601134}, "datetime": {"datetime": "2021-09-29 17:15:40", "elapsed": 214.208179, "delta": 2.324964}}
{"target": -46.57940895622867, "params": {"eta": 0.05013127971599436, "max_depth": 18.54646011589207, "n_estimators": 19.98999911888834}, "datetime": {"datetime": "2021-09-29 17:15:43", "elapsed": 217.257212, "delta": 3.049033}}
{"target": -50.432378166013436, "params": {"eta": 0.802106146181924, "max_depth": 24.88553814467462, "n_estimators": 1.365004930028038}, "datetime": {"datetime": "2021-09-29 17:15:44", "elapsed": 218.772738, "delta": 1.515526}}
{"target": -56.51819966812431, "params": {"eta": 0.23634418410471483, "max_depth": 18.660323115961525, "n_estimators": 20.341189779931014}, "datetime": {"datetime": "2021-09-29 17:15:46", "elapsed": 220.838418, "delta": 2.06568}}
{"target": -57.02549943544428, "params": {"eta": 0.4503910232559261, "max_depth": 24.99962277833691, "n_estimators": 1.0487032500508238}, "datetime": {"datetime": "2021-09-29 17:15:48", "elapsed": 222.580476, "delta": 1.742058}}
{"target": -49.42291659761014, "params": {"eta": 0.6115535780103609, "max_depth": 25.400719869258108, "n_estimators": 1.2278734557617756}, "datetime": {"datetime": "2021-09-29 17:15:50", "elapsed": 224.466951, "delta": 1.886475}}
{"target": -63.99472495983173, "params": {"eta": 0.811391410892194, "max_depth": 24.78869500823875, "n_estimators": 2.111959403236029}, "datetime": {"datetime": "2021-09-29 17:15:51", "elapsed": 226.157135, "delta": 1.690184}}
{"target": -54.13649313574127, "params": {"eta": 0.8809345563847071, "max_depth": 25.35817103773694, "n_estimators": 1.661011471634582}, "datetime": {"datetime": "2021-09-29 17:15:54", "elapsed": 228.371835, "delta": 2.2147}}
{"target": -53.00526526540684, "params": {"eta": 0.13522337834016773, "max_depth": 18.52584184424616, "n_estimators": 19.728316900435626}, "datetime": {"datetime": "2021-09-29 17:15:56", "elapsed": 230.861598, "delta": 2.489763}}
{"target": -50.67842283529013, "params": {"eta": 0.5725671381233426, "max_depth": 24.754618517247327, "n_estimators": 1.5352453335145304}, "datetime": {"datetime": "2021-09-29 17:15:58", "elapsed": 232.901391, "delta": 2.039793}}
{"target": -49.04209960461766, "params": {"eta": 0.7468397500727192, "max_depth": 24.714696538565374, "n_estimators": 1.3160685396333967}, "datetime": {"datetime": "2021-09-29 17:15:59", "elapsed": 234.084383, "delta": 1.182992}}
{"target": -57.925696044813755, "params": {"eta": 0.9377649885019607, "max_depth": 25.478174368425353, "n_estimators": 1.2528832787584807}, "datetime": {"datetime": "2021-09-29 17:16:02", "elapsed": 236.604679, "delta": 2.520296}}
{"target": -63.3727663743381, "params": {"eta": 0.3753753696285197, "max_depth": 18.29522853198373, "n_estimators": 19.961474986363072}, "datetime": {"datetime": "2021-09-29 17:16:05", "elapsed": 239.966953, "delta": 3.362274}}
{"target": -49.78479076041149, "params": {"eta": 0.7827466631067935, "max_depth": 26.206601095284675, "n_estimators": 1.7660661522281926}, "datetime": {"datetime": "2021-09-29 17:16:07", "elapsed": 241.87713, "delta": 1.910177}}
{"target": -70.73658045883121, "params": {"eta": 0.5988219545672246, "max_depth": 25.81711993711879, "n_estimators": 74.43434595050468}, "datetime": {"datetime": "2021-09-29 17:16:09", "elapsed": 243.471262, "delta": 1.594132}}
{"target": -48.66253379248227, "params": {"eta": 0.6515126760189401, "max_depth": 24.560786427238984, "n_estimators": 1.5298717822292351}, "datetime": {"datetime": "2021-09-29 17:16:11", "elapsed": 245.614658, "delta": 2.143396}}
{"target": -81.44533074725298, "params": {"eta": 0.09100218413770157, "max_depth": 25.234991200863593, "n_estimators": 2.786298931844232}, "datetime": {"datetime": "2021-09-29 17:16:13", "elapsed": 247.512957, "delta": 1.898299}}
{"target": -59.29695255316081, "params": {"eta": 0.13643195502073138, "max_depth": 26.975180906281963, "n_estimators": 61.895065863172576}, "datetime": {"datetime": "2021-09-29 17:16:15", "elapsed": 250.11896, "delta": 2.606003}}
{"target": -52.95949855497337, "params": {"eta": 0.015513756020961032, "max_depth": 20.444024575318227, "n_estimators": 34.3542180411764}, "datetime": {"datetime": "2021-09-29 17:16:20", "elapsed": 254.422651, "delta": 4.303691}}
{"target": -56.056111411046295, "params": {"eta": 0.2981311853713447, "max_depth": 9.719602737652927, "n_estimators": 92.07554416624927}, "datetime": {"datetime": "2021-09-29 17:16:22", "elapsed": 256.919463, "delta": 2.496812}}
{"target": -54.405361711213594, "params": {"eta": 0.7309926971259177, "max_depth": 27.670830788497106, "n_estimators": 2.859886506738442}, "datetime": {"datetime": "2021-09-29 17:16:24", "elapsed": 258.814108, "delta": 1.894645}}
{"target": -48.97904189709624, "params": {"eta": 0.6282112786173959, "max_depth": 24.372475153342, "n_estimators": 1.8293340030480105}, "datetime": {"datetime": "2021-09-29 17:16:26", "elapsed": 260.864832, "delta": 2.050724}}
{"target": -50.48923755561459, "params": {"eta": 0.6388517191627093, "max_depth": 25.150981543590916, "n_estimators": 2.235435489830689}, "datetime": {"datetime": "2021-09-29 17:16:28", "elapsed": 262.282379, "delta": 1.417547}}
{"target": -62.153372396483554, "params": {"eta": 0.3819198591184664, "max_depth": 24.509373516993172, "n_estimators": 1.7403475741107826}, "datetime": {"datetime": "2021-09-29 17:16:30", "elapsed": 264.552251, "delta": 2.269872}}
{"target": -58.29357996663934, "params": {"eta": 0.9294218456659232, "max_depth": 4.783786602573368, "n_estimators": 2.5390591712784802}, "datetime": {"datetime": "2021-09-29 17:16:32", "elapsed": 266.204104, "delta": 1.651853}}
{"target": -60.3124417318851, "params": {"eta": 0.6724086489584482, "max_depth": 16.44886395992394, "n_estimators": 38.860056628012735}, "datetime": {"datetime": "2021-09-29 17:16:33", "elapsed": 267.764808, "delta": 1.560704}}
{"target": -81.62805864605018, "params": {"eta": 0.9260769123764534, "max_depth": 6.48332669842363, "n_estimators": 29.27988441356668}, "datetime": {"datetime": "2021-09-29 17:16:34", "elapsed": 269.155807, "delta": 1.390999}}
{"target": -50.80024142905438, "params": {"eta": 0.8094660177211975, "max_depth": 24.287822535312554, "n_estimators": 1.9935125804191633}, "datetime": {"datetime": "2021-09-29 17:16:36", "elapsed": 271.145386, "delta": 1.989579}}
{"target": -64.29569192135088, "params": {"eta": 0.5581108019732013, "max_depth": 5.121060756229472, "n_estimators": 40.793815371503634}, "datetime": {"datetime": "2021-09-29 17:16:38", "elapsed": 272.839172, "delta": 1.693786}}
{"target": -54.713317435839514, "params": {"eta": 0.8874302140472327, "max_depth": 24.903256434476592, "n_estimators": 1.6119199437456269}, "datetime": {"datetime": "2021-09-29 17:16:40", "elapsed": 274.922171, "delta": 2.082999}}
{"target": -46.76639324397482, "params": {"eta": 0.12864826084526598, "max_depth": 15.790075014870636, "n_estimators": 12.8085256171863}, "datetime": {"datetime": "2021-09-29 17:16:42", "elapsed": 276.364992, "delta": 1.442821}}
{"target": -71.82452037250084, "params": {"eta": 0.7804659185671126, "max_depth": 14.275621331444537, "n_estimators": 14.663242284312796}, "datetime": {"datetime": "2021-09-29 17:16:44", "elapsed": 278.264561, "delta": 1.899569}}
{"target": -57.351860016789615, "params": {"eta": 0.26227761682803674, "max_depth": 17.844549234008696, "n_estimators": 94.5133956907367}, "datetime": {"datetime": "2021-09-29 17:16:46", "elapsed": 280.828712, "delta": 2.564151}}
{"target": -65.08708099349357, "params": {"eta": 0.1869079058322059, "max_depth": 27.7749002509957, "n_estimators": 2.627065774239722}, "datetime": {"datetime": "2021-09-29 17:16:51", "elapsed": 285.187308, "delta": 4.358596}}
{"target": -49.18525071144348, "params": {"eta": 0.6228321096110108, "max_depth": 24.01902798676497, "n_estimators": 1.5673136092334676}, "datetime": {"datetime": "2021-09-29 17:16:52", "elapsed": 287.001308, "delta": 1.814}}
{"target": -48.704854304938635, "params": {"eta": 0.7286910266484706, "max_depth": 24.080359857994356, "n_estimators": 1.7952040508348293}, "datetime": {"datetime": "2021-09-29 17:16:55", "elapsed": 289.901292, "delta": 2.899984}}
{"target": -53.57643720533065, "params": {"eta": 0.2640539934061424, "max_depth": 1.9068081030712272, "n_estimators": 58.11966682901623}, "datetime": {"datetime": "2021-09-29 17:16:56", "elapsed": 291.033293, "delta": 1.132001}}
{"target": -78.13119236691051, "params": {"eta": 0.888780582832702, "max_depth": 21.880242024526215, "n_estimators": 22.41635060704287}, "datetime": {"datetime": "2021-09-29 17:16:58", "elapsed": 292.670665, "delta": 1.637372}}
{"target": -50.48923755561459, "params": {"eta": 0.6367345741724104, "max_depth": 24.113835280093898, "n_estimators": 2.1421187950652123}, "datetime": {"datetime": "2021-09-29 17:17:01", "elapsed": 295.374704, "delta": 2.704039}}
{"target": -59.01753824496351, "params": {"eta": 0.11550458651112203, "max_depth": 22.788284419934122, "n_estimators": 77.52613957539899}, "datetime": {"datetime": "2021-09-29 17:17:04", "elapsed": 298.179082, "delta": 2.804378}}
{"target": -59.115661985516496, "params": {"eta": 0.4150007128109922, "max_depth": 24.021036926773743, "n_estimators": 1.380859743304854}, "datetime": {"datetime": "2021-09-29 17:17:06", "elapsed": 300.338396, "delta": 2.159314}}
{"target": -54.5247083544272, "params": {"eta": 0.4939868425260733, "max_depth": 24.20200328810519, "n_estimators": 1.8733553972945993}, "datetime": {"datetime": "2021-09-29 17:17:08", "elapsed": 302.624698, "delta": 2.286302}}
{"target": -49.50622201488144, "params": {"eta": 0.7711276808925243, "max_depth": 24.24978714154353, "n_estimators": 1.5757797627788364}, "datetime": {"datetime": "2021-09-29 17:17:10", "elapsed": 305.163682, "delta": 2.538984}}
{"target": -56.19533534315292, "params": {"eta": 0.6296830006838825, "max_depth": 3.3264300694321465, "n_estimators": 6.511588691725432}, "datetime": {"datetime": "2021-09-29 17:17:11", "elapsed": 306.139169, "delta": 0.975487}}
{"target": -51.6785145537337, "params": {"eta": 0.041431566829575335, "max_depth": 23.019393533213762, "n_estimators": 68.43431263686514}, "datetime": {"datetime": "2021-09-29 17:17:14", "elapsed": 308.525744, "delta": 2.386575}}
{"target": -58.018279041979795, "params": {"eta": 0.3713239981335486, "max_depth": 19.022663866895236, "n_estimators": 58.54244226289184}, "datetime": {"datetime": "2021-09-29 17:17:15", "elapsed": 310.109442, "delta": 1.583698}}
{"target": -48.3567452153904, "params": {"eta": 0.07281667916473006, "max_depth": 28.225020783551805, "n_estimators": 21.732737020564702}, "datetime": {"datetime": "2021-09-29 17:17:17", "elapsed": 311.213441, "delta": 1.103999}}
{"target": -59.35044926251607, "params": {"eta": 0.963619486444666, "max_depth": 24.449743003427887, "n_estimators": 1.2442124824461547}, "datetime": {"datetime": "2021-09-29 17:17:19", "elapsed": 313.266789, "delta": 2.053348}}
{"target": -48.431772323283674, "params": {"eta": 0.6778506945114363, "max_depth": 23.889912764276676, "n_estimators": 1.991681421451975}, "datetime": {"datetime": "2021-09-29 17:17:21", "elapsed": 315.578322, "delta": 2.311533}}
{"target": -45.62256553998018, "params": {"eta": 0.05033349063286758, "max_depth": 28.18639311268979, "n_estimators": 21.361034020978696}, "datetime": {"datetime": "2021-09-29 17:17:23", "elapsed": 317.814149, "delta": 2.235827}}
{"target": -52.39347047596408, "params": {"eta": 0.5280034411741888, "max_depth": 25.546092131766812, "n_estimators": 1.5651527078164715}, "datetime": {"datetime": "2021-09-29 17:17:25", "elapsed": 319.758324, "delta": 1.944175}}
{"target": -54.75709289641076, "params": {"eta": 0.19771469255902271, "max_depth": 15.644247573388988, "n_estimators": 13.113866470794417}, "datetime": {"datetime": "2021-09-29 17:17:26", "elapsed": 320.936072, "delta": 1.177748}}
{"target": -54.35840896657427, "params": {"eta": 0.13132888511686244, "max_depth": 28.221435325589496, "n_estimators": 21.112969581605526}, "datetime": {"datetime": "2021-09-29 17:17:28", "elapsed": 322.636978, "delta": 1.700906}}
{"target": -54.073578502255, "params": {"eta": 0.6900726169989692, "max_depth": 23.916175215214505, "n_estimators": 2.281745283754076}, "datetime": {"datetime": "2021-09-29 17:17:30", "elapsed": 324.5502, "delta": 1.913222}}
{"target": -55.73184687532531, "params": {"eta": 0.4681892074575814, "max_depth": 23.601044550730023, "n_estimators": 1.702518800072215}, "datetime": {"datetime": "2021-09-29 17:17:32", "elapsed": 326.373087, "delta": 1.822887}}
{"target": -48.3567452153904, "params": {"eta": 0.07326673676521794, "max_depth": 28.021519431893033, "n_estimators": 21.942048750088524}, "datetime": {"datetime": "2021-09-29 17:17:34", "elapsed": 328.329391, "delta": 1.956304}}
{"target": -64.64001143599477, "params": {"eta": 0.45422929337233897, "max_depth": 28.071047536729303, "n_estimators": 21.9538770598966}, "datetime": {"datetime": "2021-09-29 17:17:36", "elapsed": 330.681144, "delta": 2.351753}}
{"target": -54.35840896657427, "params": {"eta": 0.1296384414223563, "max_depth": 28.46027107112763, "n_estimators": 21.39027466020833}, "datetime": {"datetime": "2021-09-29 17:17:38", "elapsed": 332.627173, "delta": 1.946029}}
{"target": -55.22521585586864, "params": {"eta": 0.4679027200349653, "max_depth": 8.985078198355618, "n_estimators": 6.41967416624419}, "datetime": {"datetime": "2021-09-29 17:17:39", "elapsed": 333.722554, "delta": 1.095381}}
{"target": -49.990767371881816, "params": {"eta": 0.5861894550543901, "max_depth": 26.741788955087713, "n_estimators": 1.9645734397590657}, "datetime": {"datetime": "2021-09-29 17:17:41", "elapsed": 335.675797, "delta": 1.953243}}
{"target": -55.46250114459442, "params": {"eta": 0.2810279247029076, "max_depth": 1.0474974261877597, "n_estimators": 22.69640011224074}, "datetime": {"datetime": "2021-09-29 17:17:42", "elapsed": 336.80111, "delta": 1.125313}}
{"target": -69.64475018145524, "params": {"eta": 0.5861403162343202, "max_depth": 22.63243279639883, "n_estimators": 80.75944420526852}, "datetime": {"datetime": "2021-09-29 17:17:44", "elapsed": 338.404939, "delta": 1.603829}}
{"target": -50.034496764624734, "params": {"eta": 0.3498518806084601, "max_depth": 25.478495716050382, "n_estimators": 2.7042858411214095}, "datetime": {"datetime": "2021-09-29 17:17:45", "elapsed": 339.743785, "delta": 1.338846}}
{"target": -60.908956277343904, "params": {"eta": 0.21188632828895726, "max_depth": 22.99008707600439, "n_estimators": 68.65993798293044}, "datetime": {"datetime": "2021-09-29 17:17:48", "elapsed": 343.049885, "delta": 3.3061}}
{"target": -79.3934314308949, "params": {"eta": 0.01, "max_depth": 28.01371622496876, "n_estimators": 21.56871521375995}, "datetime": {"datetime": "2021-09-29 17:17:51", "elapsed": 345.581649, "delta": 2.531764}}
