{"target": -41.447779775750334, "params": {"eta": 0.05288867286846121, "max_depth": 2.3250792504271094, "n_estimators": 19.18128107774497}, "datetime": {"datetime": "2021-09-29 18:29:55", "elapsed": 188.070017, "delta": 0.901044}}
{"target": -53.34496445655835, "params": {"eta": 0.14554023232056437, "max_depth": 2.3190581143926825, "n_estimators": 19.22557636780659}, "datetime": {"datetime": "2021-09-29 18:29:56", "elapsed": 189.420012, "delta": 1.349995}}
{"target": -44.927717445938626, "params": {"eta": 0.054298487127098546, "max_depth": 2.281378983774787, "n_estimators": 36.40841685502756}, "datetime": {"datetime": "2021-09-29 18:29:57", "elapsed": 190.377932, "delta": 0.95792}}
{"target": -51.330382978944435, "params": {"eta": 0.04261698775888658, "max_depth": 6.87423004873806, "n_estimators": 17.969714375235142}, "datetime": {"datetime": "2021-09-29 18:29:58", "elapsed": 191.245931, "delta": 0.867999}}
{"target": -49.02520589404038, "params": {"eta": 0.07679330103942554, "max_depth": 3.079327254591508, "n_estimators": 25.746390977466124}, "datetime": {"datetime": "2021-09-29 18:29:59", "elapsed": 192.338698, "delta": 1.092767}}
{"target": -45.785075302588666, "params": {"eta": 0.0768748783605024, "max_depth": 5.673341512369344, "n_estimators": 22.706799645492225}, "datetime": {"datetime": "2021-09-29 18:30:01", "elapsed": 193.678998, "delta": 1.3403}}
{"target": -45.15832005566209, "params": {"eta": 0.04145329418946266, "max_depth": 2.3476655145031837, "n_estimators": 19.082231033655695}, "datetime": {"datetime": "2021-09-29 18:30:02", "elapsed": 195.042001, "delta": 1.363003}}
{"target": -74.5298717803085, "params": {"eta": 0.03916545351170971, "max_depth": 3.510075499223202, "n_estimators": 6.731264793876963}, "datetime": {"datetime": "2021-09-29 18:30:03", "elapsed": 196.060062, "delta": 1.018061}}
{"target": -42.71390215195082, "params": {"eta": 0.03, "max_depth": 3.324565091853999, "n_estimators": 33.528136018531626}, "datetime": {"datetime": "2021-09-29 18:30:05", "elapsed": 197.533036, "delta": 1.472974}}
{"target": -56.005510502755385, "params": {"eta": 0.06754736813041079, "max_depth": 2.386160817520299, "n_estimators": 7.846521973975197}, "datetime": {"datetime": "2021-09-29 18:30:06", "elapsed": 199.293038, "delta": 1.760002}}
{"target": -41.34695842994171, "params": {"eta": 0.03362102855032237, "max_depth": 2.658732323484319, "n_estimators": 33.61341850286786}, "datetime": {"datetime": "2021-09-29 18:30:08", "elapsed": 201.018258, "delta": 1.72522}}
{"target": -41.34695842994171, "params": {"eta": 0.03, "max_depth": 2.6631864363908564, "n_estimators": 33.1257009880932}, "datetime": {"datetime": "2021-09-29 18:30:10", "elapsed": 202.703937, "delta": 1.685679}}
{"target": -45.62169055422276, "params": {"eta": 0.1969051054533884, "max_depth": 2.0070223750668044, "n_estimators": 8.049607206022035}, "datetime": {"datetime": "2021-09-29 18:30:11", "elapsed": 204.214253, "delta": 1.510316}}
{"target": -52.35304629473788, "params": {"eta": 0.03, "max_depth": 2.2487540029547404, "n_estimators": 19.142043282685243}, "datetime": {"datetime": "2021-09-29 18:30:13", "elapsed": 206.290134, "delta": 2.075881}}
{"target": -47.56133231725146, "params": {"eta": 0.07764491205604873, "max_depth": 3.247957091802964, "n_estimators": 22.590443827917234}, "datetime": {"datetime": "2021-09-29 18:30:15", "elapsed": 207.753436, "delta": 1.463302}}
{"target": -44.366248584773835, "params": {"eta": 0.188630323790022, "max_depth": 2.661513099792362, "n_estimators": 8.357575355316012}, "datetime": {"datetime": "2021-09-29 18:30:16", "elapsed": 209.241436, "delta": 1.488}}
{"target": -50.15704274897972, "params": {"eta": 0.12482100538484739, "max_depth": 3.9981550826425414, "n_estimators": 18.656266677944195}, "datetime": {"datetime": "2021-09-29 18:30:18", "elapsed": 210.931234, "delta": 1.689798}}
{"target": -49.45201626191931, "params": {"eta": 0.03498797555063227, "max_depth": 3.101247442107053, "n_estimators": 22.65717688481048}, "datetime": {"datetime": "2021-09-29 18:30:21", "elapsed": 213.926911, "delta": 2.995677}}
{"target": -41.340993232299546, "params": {"eta": 0.05714334041185079, "max_depth": 2.284532694406705, "n_estimators": 16.68066754006945}, "datetime": {"datetime": "2021-09-29 18:30:22", "elapsed": 214.95291, "delta": 1.025999}}
{"target": -47.82840028407713, "params": {"eta": 0.06705805526398084, "max_depth": 5.111105524237665, "n_estimators": 32.73858648722704}, "datetime": {"datetime": "2021-09-29 18:30:23", "elapsed": 216.017718, "delta": 1.064808}}
{"target": -52.735139016476055, "params": {"eta": 0.17939690014420293, "max_depth": 2.321699598676596, "n_estimators": 16.684447733970046}, "datetime": {"datetime": "2021-09-29 18:30:25", "elapsed": 218.036595, "delta": 2.018877}}
{"target": -43.66700874587126, "params": {"eta": 0.10262597259543423, "max_depth": 2.770104643645454, "n_estimators": 8.24313738343044}, "datetime": {"datetime": "2021-09-29 18:30:27", "elapsed": 219.628592, "delta": 1.591997}}
{"target": -55.945012249233926, "params": {"eta": 0.03, "max_depth": 3.6568154275034854, "n_estimators": 17.662569610375247}, "datetime": {"datetime": "2021-09-29 18:30:28", "elapsed": 221.138778, "delta": 1.510186}}
{"target": -42.18009659741963, "params": {"eta": 0.060308463702522186, "max_depth": 3.8655494760820366, "n_estimators": 19.912795767951298}, "datetime": {"datetime": "2021-09-29 18:30:29", "elapsed": 222.262776, "delta": 1.123998}}
{"target": -43.899494964087815, "params": {"eta": 0.2054899631434098, "max_depth": 2.077403165313766, "n_estimators": 7.850345200156548}, "datetime": {"datetime": "2021-09-29 18:30:31", "elapsed": 224.022547, "delta": 1.759771}}
{"target": -44.71253672591857, "params": {"eta": 0.05107321433132851, "max_depth": 5.880531367991344, "n_estimators": 31.421236745723476}, "datetime": {"datetime": "2021-09-29 18:30:32", "elapsed": 225.326133, "delta": 1.303586}}
{"target": -41.34695842994171, "params": {"eta": 0.03, "max_depth": 2.590898795947905, "n_estimators": 33.10455296201999}, "datetime": {"datetime": "2021-09-29 18:30:34", "elapsed": 227.325447, "delta": 1.999314}}
{"target": -44.12116029227732, "params": {"eta": 0.04902234313250417, "max_depth": 2.3004964896577933, "n_estimators": 16.75416860803724}, "datetime": {"datetime": "2021-09-29 18:30:36", "elapsed": 229.200099, "delta": 1.874652}}
{"target": -42.28624597532468, "params": {"eta": 0.059706490057422325, "max_depth": 3.790415272522856, "n_estimators": 17.745230474267267}, "datetime": {"datetime": "2021-09-29 18:30:38", "elapsed": 230.741961, "delta": 1.541862}}
{"target": -47.690028097888124, "params": {"eta": 0.0716576673686648, "max_depth": 3.585769086499899, "n_estimators": 28.333953157114205}, "datetime": {"datetime": "2021-09-29 18:30:39", "elapsed": 231.715963, "delta": 0.974002}}
{"target": -56.9865487695979, "params": {"eta": 0.1281764967461215, "max_depth": 4.298012949638526, "n_estimators": 37.28985469626396}, "datetime": {"datetime": "2021-09-29 18:30:40", "elapsed": 232.944856, "delta": 1.228893}}
{"target": -40.575189243728985, "params": {"eta": 0.14132695251757843, "max_depth": 2.182968446006424, "n_estimators": 7.863397919350887}, "datetime": {"datetime": "2021-09-29 18:30:42", "elapsed": 234.769653, "delta": 1.824797}}
{"target": -43.78028317879923, "params": {"eta": 0.03586555539218683, "max_depth": 3.2175064512767326, "n_estimators": 22.753916617989198}, "datetime": {"datetime": "2021-09-29 18:30:44", "elapsed": 236.546372, "delta": 1.776719}}
{"target": -42.28624597532468, "params": {"eta": 0.059797406164599054, "max_depth": 3.6830811773130283, "n_estimators": 17.486785498235868}, "datetime": {"datetime": "2021-09-29 18:30:46", "elapsed": 239.166121, "delta": 2.619749}}
{"target": -41.452314282931766, "params": {"eta": 0.18938658524693255, "max_depth": 2.4464026248929804, "n_estimators": 7.918804865950335}, "datetime": {"datetime": "2021-09-29 18:30:48", "elapsed": 240.810651, "delta": 1.64453}}
{"target": -44.531713168129656, "params": {"eta": 0.05399763354401482, "max_depth": 6.062276906975886, "n_estimators": 32.75623602255662}, "datetime": {"datetime": "2021-09-29 18:30:49", "elapsed": 242.134538, "delta": 1.323887}}
{"target": -41.340993232299546, "params": {"eta": 0.06346891263522632, "max_depth": 2.2047866369315283, "n_estimators": 16.67592839388985}, "datetime": {"datetime": "2021-09-29 18:30:51", "elapsed": 244.161784, "delta": 2.027246}}
{"target": -55.42149129687939, "params": {"eta": 0.06670189194423208, "max_depth": 6.5200115686921185, "n_estimators": 8.452400262055829}, "datetime": {"datetime": "2021-09-29 18:30:52", "elapsed": 245.24978, "delta": 1.087996}}
{"target": -42.06727632229315, "params": {"eta": 0.08656331343208092, "max_depth": 2.2541330484796704, "n_estimators": 16.715315962649022}, "datetime": {"datetime": "2021-09-29 18:30:54", "elapsed": 247.420916, "delta": 2.171136}}
{"target": -46.04423451754853, "params": {"eta": 0.1145510918076571, "max_depth": 2.1827888816482237, "n_estimators": 16.61924774575973}, "datetime": {"datetime": "2021-09-29 18:30:57", "elapsed": 249.541395, "delta": 2.120479}}
{"target": -50.91557147322169, "params": {"eta": 0.1281078078193259, "max_depth": 2.4326085514167177, "n_estimators": 19.793781476104773}, "datetime": {"datetime": "2021-09-29 18:30:58", "elapsed": 250.652211, "delta": 1.110816}}
{"target": -45.66198275003799, "params": {"eta": 0.20649196323587674, "max_depth": 4.370231129912307, "n_estimators": 7.530053207870319}, "datetime": {"datetime": "2021-09-29 18:30:59", "elapsed": 251.710212, "delta": 1.058001}}
{"target": -53.165129025553945, "params": {"eta": 0.10304858772615576, "max_depth": 2.6324024198020197, "n_estimators": 33.09068537652582}, "datetime": {"datetime": "2021-09-29 18:31:01", "elapsed": 253.827567, "delta": 2.117355}}
{"target": -45.57959322723996, "params": {"eta": 0.0866773872864067, "max_depth": 2.547225213800913, "n_estimators": 8.129309753948949}, "datetime": {"datetime": "2021-09-29 18:31:03", "elapsed": 255.911887, "delta": 2.08432}}
{"target": -43.9711015163206, "params": {"eta": 0.05363026582345845, "max_depth": 3.6082958016124147, "n_estimators": 17.49082865013526}, "datetime": {"datetime": "2021-09-29 18:31:06", "elapsed": 258.461912, "delta": 2.550025}}
{"target": -41.34695842994171, "params": {"eta": 0.03, "max_depth": 2.518579357919505, "n_estimators": 33.28402785247832}, "datetime": {"datetime": "2021-09-29 18:31:07", "elapsed": 260.344678, "delta": 1.882766}}
{"target": -40.841161295422495, "params": {"eta": 0.14425031125334553, "max_depth": 2.332132858516465, "n_estimators": 8.266866081796392}, "datetime": {"datetime": "2021-09-29 18:31:09", "elapsed": 262.163085, "delta": 1.818407}}
{"target": -45.15832005566209, "params": {"eta": 0.04226220911233572, "max_depth": 2.4516066915867816, "n_estimators": 19.16935505831666}, "datetime": {"datetime": "2021-09-29 18:31:12", "elapsed": 264.861274, "delta": 2.698189}}
{"target": -58.5926168952985, "params": {"eta": 0.16617466065056344, "max_depth": 3.3012316439291554, "n_estimators": 34.06245683236843}, "datetime": {"datetime": "2021-09-29 18:31:13", "elapsed": 266.123352, "delta": 1.262078}}
{"target": -46.107177200845115, "params": {"eta": 0.10315848195112699, "max_depth": 3.7208638629100292, "n_estimators": 17.57115565102127}, "datetime": {"datetime": "2021-09-29 18:31:16", "elapsed": 268.812911, "delta": 2.689559}}
{"target": -55.945012249233926, "params": {"eta": 0.03491474855197484, "max_depth": 3.8207489899365803, "n_estimators": 17.67810335631196}, "datetime": {"datetime": "2021-09-29 18:31:18", "elapsed": 271.3698, "delta": 2.556889}}
{"target": -41.452314282931766, "params": {"eta": 0.19148829085518296, "max_depth": 2.3540822422603105, "n_estimators": 7.967321441915005}, "datetime": {"datetime": "2021-09-29 18:31:20", "elapsed": 273.438835, "delta": 2.069035}}
{"target": -41.34695842994171, "params": {"eta": 0.030235232438603862, "max_depth": 2.2830444462953, "n_estimators": 33.4644474157334}, "datetime": {"datetime": "2021-09-29 18:31:23", "elapsed": 275.68736, "delta": 2.248525}}
{"target": -44.97002601252866, "params": {"eta": 0.20808822310941597, "max_depth": 6.670568098731045, "n_estimators": 5.042854454715263}, "datetime": {"datetime": "2021-09-29 18:31:24", "elapsed": 276.859568, "delta": 1.172208}}
{"target": -48.51228511239173, "params": {"eta": 0.03, "max_depth": 2.997055687436253, "n_estimators": 22.686060931967095}, "datetime": {"datetime": "2021-09-29 18:31:26", "elapsed": 278.887583, "delta": 2.028015}}
{"target": -48.38052829744864, "params": {"eta": 0.1130004165464955, "max_depth": 3.738679698485309, "n_estimators": 17.757037529833585}, "datetime": {"datetime": "2021-09-29 18:31:29", "elapsed": 281.507501, "delta": 2.619918}}
{"target": -41.452314282931766, "params": {"eta": 0.19211294382554142, "max_depth": 2.438215714492101, "n_estimators": 7.913670573334829}, "datetime": {"datetime": "2021-09-29 18:31:30", "elapsed": 282.640672, "delta": 1.133171}}
{"target": -42.71390215195082, "params": {"eta": 0.03152091866537751, "max_depth": 3.221896889931975, "n_estimators": 33.638322828409535}, "datetime": {"datetime": "2021-09-29 18:31:32", "elapsed": 284.813866, "delta": 2.173194}}
{"target": -41.22418844291547, "params": {"eta": 0.03692455799962882, "max_depth": 2.6915020939977228, "n_estimators": 33.193910059100745}, "datetime": {"datetime": "2021-09-29 18:31:34", "elapsed": 287.143452, "delta": 2.329586}}
{"target": -43.66841244405259, "params": {"eta": 0.18275051771240106, "max_depth": 2.2344596837690855, "n_estimators": 8.231913099453866}, "datetime": {"datetime": "2021-09-29 18:31:37", "elapsed": 289.749115, "delta": 2.605663}}
{"target": -52.35304629473788, "params": {"eta": 0.03, "max_depth": 2.377277556706283, "n_estimators": 19.23882884950248}, "datetime": {"datetime": "2021-09-29 18:31:39", "elapsed": 292.050794, "delta": 2.301679}}
{"target": -67.70902099129276, "params": {"eta": 0.03699625376824499, "max_depth": 2.3116864320011863, "n_estimators": 8.262032460925605}, "datetime": {"datetime": "2021-09-29 18:31:42", "elapsed": 294.936247, "delta": 2.885453}}
{"target": -45.1438668072599, "params": {"eta": 0.10438166736599613, "max_depth": 3.5810825527721297, "n_estimators": 8.536523489949394}, "datetime": {"datetime": "2021-09-29 18:31:43", "elapsed": 296.16485, "delta": 1.228603}}
{"target": -43.66841244405259, "params": {"eta": 0.1773764248932932, "max_depth": 2.4202329138320495, "n_estimators": 8.007697211652562}, "datetime": {"datetime": "2021-09-29 18:31:45", "elapsed": 298.238217, "delta": 2.073367}}
{"target": -41.34695842994171, "params": {"eta": 0.03, "max_depth": 2.2799934267423287, "n_estimators": 33.38531214153453}, "datetime": {"datetime": "2021-09-29 18:31:48", "elapsed": 300.607545, "delta": 2.369328}}
{"target": -40.82100462521354, "params": {"eta": 0.04735748264942063, "max_depth": 2.5797711006122928, "n_estimators": 21.566281352005028}, "datetime": {"datetime": "2021-09-29 18:31:49", "elapsed": 301.847546, "delta": 1.240001}}
{"target": -54.994768846537504, "params": {"eta": 0.13246868133105263, "max_depth": 4.286313402078299, "n_estimators": 29.568264313425807}, "datetime": {"datetime": "2021-09-29 18:31:50", "elapsed": 303.270484, "delta": 1.422938}}
{"target": -47.349625775698016, "params": {"eta": 0.09852698170043882, "max_depth": 2.54618867008807, "n_estimators": 21.539152113672984}, "datetime": {"datetime": "2021-09-29 18:31:53", "elapsed": 305.591855, "delta": 2.321371}}
{"target": -53.165129025553945, "params": {"eta": 0.09986700764896878, "max_depth": 2.4787353124777853, "n_estimators": 33.47320707612255}, "datetime": {"datetime": "2021-09-29 18:31:55", "elapsed": 307.910414, "delta": 2.318559}}
{"target": -52.969591954600126, "params": {"eta": 0.08549493303743272, "max_depth": 2.3129180819472714, "n_estimators": 33.50810540246764}, "datetime": {"datetime": "2021-09-29 18:31:57", "elapsed": 309.924853, "delta": 2.014439}}
{"target": -43.22205885857238, "params": {"eta": 0.2055933472299861, "max_depth": 3.3894154082958994, "n_estimators": 6.513520034331373}, "datetime": {"datetime": "2021-09-29 18:31:58", "elapsed": 311.180512, "delta": 1.255659}}
{"target": -61.79440021669013, "params": {"eta": 0.12573663076088154, "max_depth": 3.6769027924073954, "n_estimators": 3.1807204837937784}, "datetime": {"datetime": "2021-09-29 18:31:59", "elapsed": 312.390481, "delta": 1.209969}}
{"target": -52.10060103155464, "params": {"eta": 0.09895901909440354, "max_depth": 5.730035515070371, "n_estimators": 29.064841255009338}, "datetime": {"datetime": "2021-09-29 18:32:01", "elapsed": 314.009068, "delta": 1.618587}}
{"target": -43.66841244405259, "params": {"eta": 0.18044429920845476, "max_depth": 2.321709238236984, "n_estimators": 8.222258596754259}, "datetime": {"datetime": "2021-09-29 18:32:04", "elapsed": 316.99673, "delta": 2.987662}}
{"target": -42.91303395749131, "params": {"eta": 0.16844862701940336, "max_depth": 2.4861766753911207, "n_estimators": 8.412431871140296}, "datetime": {"datetime": "2021-09-29 18:32:06", "elapsed": 319.119304, "delta": 2.122574}}
{"target": -46.72710777788293, "params": {"eta": 0.09177855149270112, "max_depth": 2.5754949218957623, "n_estimators": 21.68413881167932}, "datetime": {"datetime": "2021-09-29 18:32:08", "elapsed": 321.434672, "delta": 2.315368}}
{"target": -41.34695842994171, "params": {"eta": 0.03300443991689227, "max_depth": 2.766459319416928, "n_estimators": 33.17889140126365}, "datetime": {"datetime": "2021-09-29 18:32:11", "elapsed": 323.670848, "delta": 2.236176}}
{"target": -41.22418844291547, "params": {"eta": 0.042464764422301134, "max_depth": 2.159714907496218, "n_estimators": 33.14512916707004}, "datetime": {"datetime": "2021-09-29 18:32:13", "elapsed": 325.656131, "delta": 1.985283}}
{"target": -49.465197797652515, "params": {"eta": 0.07205619854431644, "max_depth": 2.2102471794259557, "n_estimators": 33.080394447531106}, "datetime": {"datetime": "2021-09-29 18:32:15", "elapsed": 328.197179, "delta": 2.541048}}
{"target": -56.45369094363601, "params": {"eta": 0.06965829706812704, "max_depth": 3.5324180220436725, "n_estimators": 7.849472992291935}, "datetime": {"datetime": "2021-09-29 18:32:18", "elapsed": 330.672495, "delta": 2.475316}}
{"target": -43.49222713616781, "params": {"eta": 0.048322415955654965, "max_depth": 2.084872941423115, "n_estimators": 33.20956097414238}, "datetime": {"datetime": "2021-09-29 18:32:20", "elapsed": 332.675495, "delta": 2.003}}
{"target": -49.32432168368684, "params": {"eta": 0.15110943829000764, "max_depth": 3.258843147431743, "n_estimators": 12.32957463756645}, "datetime": {"datetime": "2021-09-29 18:32:21", "elapsed": 333.946083, "delta": 1.270588}}
{"target": -53.165129025553945, "params": {"eta": 0.10435369346807373, "max_depth": 2.777275736198672, "n_estimators": 33.23427131704304}, "datetime": {"datetime": "2021-09-29 18:32:24", "elapsed": 336.817116, "delta": 2.871033}}
{"target": -47.349625775698016, "params": {"eta": 0.10481014179559804, "max_depth": 2.6215563059023625, "n_estimators": 21.621685335100043}, "datetime": {"datetime": "2021-09-29 18:32:27", "elapsed": 339.540498, "delta": 2.723382}}
{"target": -51.58904433750967, "params": {"eta": 0.09445050754847636, "max_depth": 6.118773996708062, "n_estimators": 32.75222612779184}, "datetime": {"datetime": "2021-09-29 18:32:28", "elapsed": 341.209806, "delta": 1.669308}}
{"target": -47.964666689374056, "params": {"eta": 0.1139659533153015, "max_depth": 4.398962320090731, "n_estimators": 19.092275732560836}, "datetime": {"datetime": "2021-09-29 18:32:31", "elapsed": 343.804269, "delta": 2.594463}}
{"target": -42.527826600440584, "params": {"eta": 0.06942438235931285, "max_depth": 2.485880255271187, "n_estimators": 21.62337026663272}, "datetime": {"datetime": "2021-09-29 18:32:33", "elapsed": 346.263809, "delta": 2.45954}}
{"target": -41.12306555811852, "params": {"eta": 0.05795829271331017, "max_depth": 2.562852946283966, "n_estimators": 21.615069959309984}, "datetime": {"datetime": "2021-09-29 18:32:36", "elapsed": 348.604816, "delta": 2.341007}}
{"target": -51.35214526560708, "params": {"eta": 0.129200424432465, "max_depth": 3.8837409163314027, "n_estimators": 19.874993724044202}, "datetime": {"datetime": "2021-09-29 18:32:38", "elapsed": 351.057515, "delta": 2.452699}}
{"target": -46.40586129194994, "params": {"eta": 0.09884764391963648, "max_depth": 2.500794793384965, "n_estimators": 7.991904776184616}, "datetime": {"datetime": "2021-09-29 18:32:41", "elapsed": 353.960513, "delta": 2.902998}}
{"target": -45.96095675319496, "params": {"eta": 0.2075048442944249, "max_depth": 2.352361668306043, "n_estimators": 8.29207218738535}, "datetime": {"datetime": "2021-09-29 18:32:44", "elapsed": 356.516455, "delta": 2.555942}}
{"target": -43.899494964087815, "params": {"eta": 0.21, "max_depth": 2.500078423739066, "n_estimators": 7.85366361551885}, "datetime": {"datetime": "2021-09-29 18:32:46", "elapsed": 359.285838, "delta": 2.769383}}
{"target": -56.1539600637857, "params": {"eta": 0.16343883545716303, "max_depth": 6.54582023945349, "n_estimators": 39.75801592431779}, "datetime": {"datetime": "2021-09-29 18:32:48", "elapsed": 360.872659, "delta": 1.586821}}
{"target": -57.47802744850744, "params": {"eta": 0.19654646836007633, "max_depth": 5.88518160573845, "n_estimators": 25.379373186206127}, "datetime": {"datetime": "2021-09-29 18:32:49", "elapsed": 362.410659, "delta": 1.538}}
{"target": -45.181215306315735, "params": {"eta": 0.06605181322216522, "max_depth": 5.595791666259997, "n_estimators": 13.670818709643346}, "datetime": {"datetime": "2021-09-29 18:32:51", "elapsed": 363.76858, "delta": 1.357921}}
{"target": -55.78682723254988, "params": {"eta": 0.10729006529997517, "max_depth": 5.899658666017064, "n_estimators": 36.45806596059595}, "datetime": {"datetime": "2021-09-29 18:32:53", "elapsed": 365.480958, "delta": 1.712378}}
