{"target": -44.36219386900669, "params": {"eta": 0.1340289877527749, "max_depth": 5.373607996211412, "n_estimators": 8.391818905133693}, "datetime": {"datetime": "2021-09-29 17:34:40", "elapsed": 734.008997, "delta": 4.689144}}
{"target": -62.02541567181014, "params": {"eta": 0.09854365478945463, "max_depth": 26.15825200546667, "n_estimators": 58.018633466212336}, "datetime": {"datetime": "2021-09-29 17:34:44", "elapsed": 737.446199, "delta": 3.437202}}
{"target": -47.379291446363965, "params": {"eta": 0.12847975278068516, "max_depth": 25.751344425974402, "n_estimators": 11.869084056265745}, "datetime": {"datetime": "2021-09-29 17:34:49", "elapsed": 742.574045, "delta": 5.127846}}
{"target": -51.00262647901389, "params": {"eta": 0.12869422740927813, "max_depth": 26.79731044060731, "n_estimators": 14.616750424861278}, "datetime": {"datetime": "2021-09-29 17:34:54", "elapsed": 747.186866, "delta": 4.612821}}
{"target": -54.10213181734959, "params": {"eta": 0.19921860022084384, "max_depth": 1.510383161264812, "n_estimators": 14.89716485654848}, "datetime": {"datetime": "2021-09-29 17:34:58", "elapsed": 751.622393, "delta": 4.435527}}
{"target": -56.74631877416091, "params": {"eta": 0.5979363196560356, "max_depth": 5.512353291237752, "n_estimators": 23.71691592656447}, "datetime": {"datetime": "2021-09-29 17:35:01", "elapsed": 754.273021, "delta": 2.650628}}
{"target": -54.874880604156196, "params": {"eta": 0.196947060100771, "max_depth": 1.584102006493525, "n_estimators": 15.871109154256837}, "datetime": {"datetime": "2021-09-29 17:35:06", "elapsed": 759.798265, "delta": 5.525244}}
{"target": -50.04638640719532, "params": {"eta": 0.08931380866784208, "max_depth": 6.971560666445407, "n_estimators": 24.574726932321095}, "datetime": {"datetime": "2021-09-29 17:35:11", "elapsed": 764.876772, "delta": 5.078507}}
{"target": -66.43879051103819, "params": {"eta": 0.5612445008531304, "max_depth": 17.030095504647576, "n_estimators": 8.655194846797796}, "datetime": {"datetime": "2021-09-29 17:35:14", "elapsed": 767.637819, "delta": 2.761047}}
{"target": -66.81486402576208, "params": {"eta": 0.05593934304391692, "max_depth": 22.846613381255988, "n_estimators": 6.503054069841887}, "datetime": {"datetime": "2021-09-29 17:35:19", "elapsed": 772.448634, "delta": 4.810815}}
{"target": -53.1695021502053, "params": {"eta": 0.17493630129416962, "max_depth": 1.18818680066711, "n_estimators": 16.33775958852446}, "datetime": {"datetime": "2021-09-29 17:35:28", "elapsed": 781.194443, "delta": 8.745809}}
{"target": -44.69194658613267, "params": {"eta": 0.15503720234509988, "max_depth": 5.436773458960024, "n_estimators": 8.37425968769876}, "datetime": {"datetime": "2021-09-29 17:35:35", "elapsed": 788.217625, "delta": 7.023182}}
{"target": -63.0719230366225, "params": {"eta": 0.505429009679482, "max_depth": 23.60202750716111, "n_estimators": 17.999837638559143}, "datetime": {"datetime": "2021-09-29 17:35:38", "elapsed": 791.138912, "delta": 2.921287}}
{"target": -57.671999090855266, "params": {"eta": 0.029037389512787833, "max_depth": 1.3050908859277621, "n_estimators": 15.268017172980505}, "datetime": {"datetime": "2021-09-29 17:35:42", "elapsed": 795.659977, "delta": 4.521065}}
{"target": -53.850189682115, "params": {"eta": 0.18107146169594496, "max_depth": 1.8322447197539047, "n_estimators": 15.718491983516879}, "datetime": {"datetime": "2021-09-29 17:35:47", "elapsed": 800.187977, "delta": 4.528}}
{"target": -65.83454343290917, "params": {"eta": 0.4987611333633403, "max_depth": 23.495262518451575, "n_estimators": 64.63292925257784}, "datetime": {"datetime": "2021-09-29 17:35:49", "elapsed": 803.106839, "delta": 2.918862}}
{"target": -56.321384133590556, "params": {"eta": 0.34185675804517246, "max_depth": 23.847895866690926, "n_estimators": 5.964848134061687}, "datetime": {"datetime": "2021-09-29 17:35:54", "elapsed": 807.144332, "delta": 4.037493}}
{"target": -45.35606141654117, "params": {"eta": 0.17014576006590745, "max_depth": 23.399950017570127, "n_estimators": 6.022017234287292}, "datetime": {"datetime": "2021-09-29 17:35:58", "elapsed": 812.060322, "delta": 4.91599}}
{"target": -52.39686453473066, "params": {"eta": 0.15520294883932204, "max_depth": 1.138455757828357, "n_estimators": 15.883670824334873}, "datetime": {"datetime": "2021-09-29 17:36:05", "elapsed": 818.934961, "delta": 6.874639}}
{"target": -60.17059538778107, "params": {"eta": 0.26666709925669013, "max_depth": 18.48542679926547, "n_estimators": 55.54527322019282}, "datetime": {"datetime": "2021-09-29 17:36:09", "elapsed": 822.199961, "delta": 3.265}}
{"target": -99.5541557870435, "params": {"eta": 0.0022160815123612124, "max_depth": 7.004874823767885, "n_estimators": 24.388677414054026}, "datetime": {"datetime": "2021-09-29 17:36:14", "elapsed": 828.116768, "delta": 5.916807}}
{"target": -63.92812214158289, "params": {"eta": 0.7224066725684883, "max_depth": 3.4776174178855137, "n_estimators": 63.64715219266581}, "datetime": {"datetime": "2021-09-29 17:36:18", "elapsed": 831.209278, "delta": 3.09251}}
{"target": -59.26515056951873, "params": {"eta": 0.7125868500895586, "max_depth": 13.221802407808322, "n_estimators": 52.36059687651795}, "datetime": {"datetime": "2021-09-29 17:36:20", "elapsed": 834.052965, "delta": 2.843687}}
{"target": -56.72770724030368, "params": {"eta": 0.2610899663858456, "max_depth": 25.59649517999056, "n_estimators": 11.860536856989507}, "datetime": {"datetime": "2021-09-29 17:36:26", "elapsed": 839.443685, "delta": 5.39072}}
{"target": -51.00262647901389, "params": {"eta": 0.12778182129130575, "max_depth": 26.7962604112061, "n_estimators": 14.378169719911096}, "datetime": {"datetime": "2021-09-29 17:36:32", "elapsed": 846.126881, "delta": 6.683196}}
{"target": -63.31281366832363, "params": {"eta": 0.4507699647880527, "max_depth": 26.52213919154557, "n_estimators": 68.8159203166949}, "datetime": {"datetime": "2021-09-29 17:36:35", "elapsed": 849.110061, "delta": 2.98318}}
{"target": -58.44539009888429, "params": {"eta": 0.7118879201019028, "max_depth": 28.182597582262407, "n_estimators": 16.820850250086494}, "datetime": {"datetime": "2021-09-29 17:36:39", "elapsed": 852.738606, "delta": 3.628545}}
{"target": -55.55606351901133, "params": {"eta": 0.2562185874477445, "max_depth": 1.2724163341564094, "n_estimators": 16.037299982393197}, "datetime": {"datetime": "2021-09-29 17:36:44", "elapsed": 858.068222, "delta": 5.329616}}
{"target": -50.907021880598954, "params": {"eta": 0.13528676953144225, "max_depth": 1.9311146908045869, "n_estimators": 15.568346588282541}, "datetime": {"datetime": "2021-09-29 17:36:50", "elapsed": 863.237388, "delta": 5.169166}}
{"target": -54.184749999076885, "params": {"eta": 0.5219601615251506, "max_depth": 15.793805399415568, "n_estimators": 3.419716994676005}, "datetime": {"datetime": "2021-09-29 17:36:52", "elapsed": 866.091746, "delta": 2.854358}}
{"target": -64.81998750411454, "params": {"eta": 0.8644921298872332, "max_depth": 18.863293352810782, "n_estimators": 55.270422521019896}, "datetime": {"datetime": "2021-09-29 17:36:56", "elapsed": 869.190403, "delta": 3.098657}}
{"target": -65.72606348905052, "params": {"eta": 0.42357686010538736, "max_depth": 10.927119555535093, "n_estimators": 29.332855656656662}, "datetime": {"datetime": "2021-09-29 17:36:59", "elapsed": 872.428994, "delta": 3.238591}}
{"target": -47.642618777362564, "params": {"eta": 0.04894430893891825, "max_depth": 16.479726716950488, "n_estimators": 35.48974625283015}, "datetime": {"datetime": "2021-09-29 17:37:05", "elapsed": 878.57866, "delta": 6.149666}}
{"target": -46.65654510905845, "params": {"eta": 0.07796676627501498, "max_depth": 16.766303577305617, "n_estimators": 12.036413395556588}, "datetime": {"datetime": "2021-09-29 17:37:11", "elapsed": 884.353969, "delta": 5.775309}}
{"target": -69.8035456436327, "params": {"eta": 0.7430143379303377, "max_depth": 24.207800389274276, "n_estimators": 43.83536356991216}, "datetime": {"datetime": "2021-09-29 17:37:14", "elapsed": 887.987329, "delta": 3.63336}}
{"target": -59.00146770680972, "params": {"eta": 0.268202632157981, "max_depth": 9.059412558817938, "n_estimators": 46.71114032790858}, "datetime": {"datetime": "2021-09-29 17:37:17", "elapsed": 891.044627, "delta": 3.057298}}
{"target": -63.71529735062842, "params": {"eta": 0.19019601238690653, "max_depth": 10.820848412471554, "n_estimators": 32.19605493512867}, "datetime": {"datetime": "2021-09-29 17:37:20", "elapsed": 894.044273, "delta": 2.999646}}
{"target": -64.3660770975408, "params": {"eta": 0.8882240636974637, "max_depth": 24.897494644704192, "n_estimators": 9.830829694454902}, "datetime": {"datetime": "2021-09-29 17:37:24", "elapsed": 897.212443, "delta": 3.16817}}
{"target": -63.70205628145985, "params": {"eta": 0.17655420183641068, "max_depth": 8.824820048189814, "n_estimators": 43.89846562367285}, "datetime": {"datetime": "2021-09-29 17:37:27", "elapsed": 900.240547, "delta": 3.028104}}
{"target": -60.79751736208468, "params": {"eta": 0.1361425321182836, "max_depth": 12.24408732399209, "n_estimators": 54.252867414059956}, "datetime": {"datetime": "2021-09-29 17:37:30", "elapsed": 903.557637, "delta": 3.31709}}
{"target": -64.88468623121044, "params": {"eta": 0.6109109132810387, "max_depth": 7.932799162846933, "n_estimators": 16.447674808257354}, "datetime": {"datetime": "2021-09-29 17:37:33", "elapsed": 906.304999, "delta": 2.747362}}
{"target": -49.1178238524622, "params": {"eta": 0.2625133751051001, "max_depth": 23.377341052629458, "n_estimators": 5.98003856585904}, "datetime": {"datetime": "2021-09-29 17:37:37", "elapsed": 910.998604, "delta": 4.693605}}
{"target": -48.896816665413226, "params": {"eta": 0.38958874392426657, "max_depth": 26.526203226152724, "n_estimators": 3.3851910014848974}, "datetime": {"datetime": "2021-09-29 17:37:43", "elapsed": 916.655169, "delta": 5.656565}}
{"target": -58.00422422497331, "params": {"eta": 0.042220227939684, "max_depth": 24.027925485557315, "n_estimators": 13.211775024424197}, "datetime": {"datetime": "2021-09-29 17:37:46", "elapsed": 919.877204, "delta": 3.222035}}
{"target": -69.11548393379444, "params": {"eta": 0.824075378948488, "max_depth": 23.24731157524551, "n_estimators": 70.13875027925248}, "datetime": {"datetime": "2021-09-29 17:37:49", "elapsed": 922.753121, "delta": 2.875917}}
{"target": -67.48544039956312, "params": {"eta": 0.3901691363732218, "max_depth": 22.659267512729734, "n_estimators": 33.92189507827312}, "datetime": {"datetime": "2021-09-29 17:37:52", "elapsed": 926.021991, "delta": 3.26887}}
{"target": -52.596756740313836, "params": {"eta": 0.16097358095443431, "max_depth": 1.1095352775634262, "n_estimators": 16.070063489801385}, "datetime": {"datetime": "2021-09-29 17:37:58", "elapsed": 931.454929, "delta": 5.432938}}
{"target": -44.41118138719494, "params": {"eta": 0.0509872968975417, "max_depth": 1.620056869805839, "n_estimators": 15.835845289735575}, "datetime": {"datetime": "2021-09-29 17:38:04", "elapsed": 938.038232, "delta": 6.583303}}
{"target": -61.35445364625396, "params": {"eta": 0.29270978176035795, "max_depth": 17.48967384284136, "n_estimators": 69.5829862347143}, "datetime": {"datetime": "2021-09-29 17:38:08", "elapsed": 941.232573, "delta": 3.194341}}
{"target": -50.13520593014819, "params": {"eta": 0.24511232797664625, "max_depth": 22.683908271695085, "n_estimators": 6.4740036424636305}, "datetime": {"datetime": "2021-09-29 17:38:14", "elapsed": 947.448429, "delta": 6.215856}}
{"target": -52.596756740313836, "params": {"eta": 0.1586157888855366, "max_depth": 1.3746966798949574, "n_estimators": 16.16025493758735}, "datetime": {"datetime": "2021-09-29 17:38:20", "elapsed": 953.425645, "delta": 5.977216}}
{"target": -70.23583123784599, "params": {"eta": 0.02499995367143296, "max_depth": 1.9247871816141056, "n_estimators": 14.965375394216498}, "datetime": {"datetime": "2021-09-29 17:38:25", "elapsed": 958.174007, "delta": 4.748362}}
{"target": -62.84745744326311, "params": {"eta": 0.45856261928497705, "max_depth": 20.3348499801996, "n_estimators": 42.003657174683376}, "datetime": {"datetime": "2021-09-29 17:38:28", "elapsed": 961.485094, "delta": 3.311087}}
{"target": -48.903418390903276, "params": {"eta": 0.14356084664536004, "max_depth": 23.25406257421912, "n_estimators": 6.085926241400944}, "datetime": {"datetime": "2021-09-29 17:38:34", "elapsed": 968.085843, "delta": 6.600749}}
{"target": -56.71174095102932, "params": {"eta": 0.16818164870574545, "max_depth": 12.559765955085629, "n_estimators": 43.47580558400672}, "datetime": {"datetime": "2021-09-29 17:38:38", "elapsed": 971.214396, "delta": 3.128553}}
{"target": -56.235676342310704, "params": {"eta": 0.09322393549876554, "max_depth": 22.621974979862784, "n_estimators": 6.546347949821273}, "datetime": {"datetime": "2021-09-29 17:38:41", "elapsed": 974.288363, "delta": 3.073967}}
{"target": -54.23400666111058, "params": {"eta": 0.3226283092880898, "max_depth": 5.391918499657865, "n_estimators": 8.253081056477225}, "datetime": {"datetime": "2021-09-29 17:38:46", "elapsed": 979.757365, "delta": 5.469002}}
{"target": -49.1178238524622, "params": {"eta": 0.25684171150059554, "max_depth": 23.294837609087722, "n_estimators": 5.704693276516021}, "datetime": {"datetime": "2021-09-29 17:38:53", "elapsed": 986.744157, "delta": 6.986792}}
{"target": -61.65618518048298, "params": {"eta": 0.17540460146672407, "max_depth": 14.039460701611723, "n_estimators": 37.80124954284497}, "datetime": {"datetime": "2021-09-29 17:38:56", "elapsed": 989.819231, "delta": 3.075074}}
{"target": -59.00235400777437, "params": {"eta": 0.06701931424924781, "max_depth": 19.915990605721767, "n_estimators": 53.613529721439384}, "datetime": {"datetime": "2021-09-29 17:39:00", "elapsed": 993.640938, "delta": 3.821707}}
{"target": -45.59833121141056, "params": {"eta": 0.37604427384125066, "max_depth": 6.2514691869814705, "n_estimators": 3.3879305557323254}, "datetime": {"datetime": "2021-09-29 17:39:07", "elapsed": 1000.471118, "delta": 6.83018}}
{"target": -44.41118138719494, "params": {"eta": 0.04881110001025221, "max_depth": 1.511950604258121, "n_estimators": 15.076766238625988}, "datetime": {"datetime": "2021-09-29 17:39:11", "elapsed": 1004.310832, "delta": 3.839714}}
{"target": -51.23671300521173, "params": {"eta": 0.13950298050698, "max_depth": 23.211523575300994, "n_estimators": 5.624828363161452}, "datetime": {"datetime": "2021-09-29 17:39:19", "elapsed": 1012.935204, "delta": 8.624372}}
{"target": -63.93380787689949, "params": {"eta": 0.8916664089469429, "max_depth": 16.50622384986725, "n_estimators": 35.049056108415854}, "datetime": {"datetime": "2021-09-29 17:39:22", "elapsed": 1016.119723, "delta": 3.184519}}
{"target": -50.16483787657988, "params": {"eta": 0.2991552118347066, "max_depth": 5.734096346665641, "n_estimators": 8.236613092805847}, "datetime": {"datetime": "2021-09-29 17:39:31", "elapsed": 1024.687061, "delta": 8.567338}}
{"target": -44.89471968820765, "params": {"eta": 0.09660311751713702, "max_depth": 6.739255671298379, "n_estimators": 11.857415372862853}, "datetime": {"datetime": "2021-09-29 17:39:37", "elapsed": 1030.840428, "delta": 6.153367}}
{"target": -61.5025749881859, "params": {"eta": 0.5499143582448099, "max_depth": 13.617881753857144, "n_estimators": 32.92137862542357}, "datetime": {"datetime": "2021-09-29 17:39:40", "elapsed": 1034.109472, "delta": 3.269044}}
{"target": -49.28922537415257, "params": {"eta": 0.2758809091008369, "max_depth": 23.379409355751275, "n_estimators": 5.863364833676399}, "datetime": {"datetime": "2021-09-29 17:39:47", "elapsed": 1040.903057, "delta": 6.793585}}
{"target": -48.394631506251926, "params": {"eta": 0.1334383918711706, "max_depth": 1.9238159769307832, "n_estimators": 14.759744610315645}, "datetime": {"datetime": "2021-09-29 17:39:54", "elapsed": 1047.184903, "delta": 6.281846}}
{"target": -56.14012794759362, "params": {"eta": 0.03532185861956326, "max_depth": 26.76953223549944, "n_estimators": 14.48971944726598}, "datetime": {"datetime": "2021-09-29 17:40:00", "elapsed": 1053.570322, "delta": 6.385419}}
{"target": -63.700714293881255, "params": {"eta": 0.8923592460473185, "max_depth": 12.060443713041785, "n_estimators": 72.90802636220249}, "datetime": {"datetime": "2021-09-29 17:40:05", "elapsed": 1058.850267, "delta": 5.279945}}
{"target": -69.34682461896736, "params": {"eta": 0.570119733610721, "max_depth": 24.009938862390804, "n_estimators": 47.10171500456148}, "datetime": {"datetime": "2021-09-29 17:40:09", "elapsed": 1062.683284, "delta": 3.833017}}
{"target": -44.666601265288186, "params": {"eta": 0.16662509101484277, "max_depth": 5.22710537444728, "n_estimators": 8.492272359513311}, "datetime": {"datetime": "2021-09-29 17:40:17", "elapsed": 1070.350163, "delta": 7.666879}}
{"target": -72.94942335347535, "params": {"eta": 0.7727784509438765, "max_depth": 29.806113502998056, "n_estimators": 3.618444537774702}, "datetime": {"datetime": "2021-09-29 17:40:20", "elapsed": 1073.666346, "delta": 3.316183}}
{"target": -45.35606141654117, "params": {"eta": 0.17226253554733578, "max_depth": 23.387574986636313, "n_estimators": 6.040434597809718}, "datetime": {"datetime": "2021-09-29 17:40:23", "elapsed": 1076.914861, "delta": 3.248515}}
{"target": -64.60501971289003, "params": {"eta": 0.5608229984396419, "max_depth": 13.82889960915425, "n_estimators": 37.045052793239265}, "datetime": {"datetime": "2021-09-29 17:40:27", "elapsed": 1080.672434, "delta": 3.757573}}
{"target": -41.59147883584398, "params": {"eta": 0.05873675720448247, "max_depth": 1.2680608024760502, "n_estimators": 15.17360378917336}, "datetime": {"datetime": "2021-09-29 17:40:33", "elapsed": 1086.696606, "delta": 6.024172}}
{"target": -60.13128971548455, "params": {"eta": 0.4386073272870361, "max_depth": 28.736730677421086, "n_estimators": 37.91348532124202}, "datetime": {"datetime": "2021-09-29 17:40:36", "elapsed": 1090.038476, "delta": 3.34187}}
{"target": -49.94136380509019, "params": {"eta": 0.1438274512054562, "max_depth": 1.0018435911422614, "n_estimators": 14.636150528318087}, "datetime": {"datetime": "2021-09-29 17:40:42", "elapsed": 1095.766577, "delta": 5.728101}}
{"target": -44.7844610204114, "params": {"eta": 0.11267952866743966, "max_depth": 1.6695185374029475, "n_estimators": 14.809254916127443}, "datetime": {"datetime": "2021-09-29 17:40:49", "elapsed": 1102.442422, "delta": 6.675845}}
{"target": -54.24123000020155, "params": {"eta": 0.2965130285221545, "max_depth": 23.429334969574967, "n_estimators": 6.1643969565324275}, "datetime": {"datetime": "2021-09-29 17:40:54", "elapsed": 1108.007219, "delta": 5.564797}}
{"target": -53.697099415499316, "params": {"eta": 0.18323643989457375, "max_depth": 1.7320917893412466, "n_estimators": 14.789070200558976}, "datetime": {"datetime": "2021-09-29 17:41:00", "elapsed": 1113.876658, "delta": 5.869439}}
{"target": -57.03863732285929, "params": {"eta": 0.16612046612250572, "max_depth": 26.31519476012795, "n_estimators": 3.1188239076128834}, "datetime": {"datetime": "2021-09-29 17:41:09", "elapsed": 1122.157494, "delta": 8.280836}}
{"target": -49.68084020803533, "params": {"eta": 0.044560433973403354, "max_depth": 1.8803212013915092, "n_estimators": 15.574907005500712}, "datetime": {"datetime": "2021-09-29 17:41:17", "elapsed": 1130.731571, "delta": 8.574077}}
{"target": -45.94437551671104, "params": {"eta": 0.110161497247737, "max_depth": 16.737491102167162, "n_estimators": 12.337235369601682}, "datetime": {"datetime": "2021-09-29 17:41:25", "elapsed": 1138.967011, "delta": 8.23544}}
{"target": -44.836694606006695, "params": {"eta": 0.1452984287507918, "max_depth": 5.313038334084381, "n_estimators": 8.625823108021999}, "datetime": {"datetime": "2021-09-29 17:41:33", "elapsed": 1147.006865, "delta": 8.039854}}
{"target": -47.872875431298745, "params": {"eta": 0.0727977250711911, "max_depth": 6.792039532668101, "n_estimators": 11.816937242755266}, "datetime": {"datetime": "2021-09-29 17:41:41", "elapsed": 1155.115432, "delta": 8.108567}}
{"target": -66.02978356875687, "params": {"eta": 0.5262886709320074, "max_depth": 20.128904913874077, "n_estimators": 45.92533702474966}, "datetime": {"datetime": "2021-09-29 17:41:48", "elapsed": 1162.040029, "delta": 6.924597}}
{"target": -46.37929301887817, "params": {"eta": 0.10216155276521385, "max_depth": 16.658831999504855, "n_estimators": 11.971641545985548}, "datetime": {"datetime": "2021-09-29 17:41:57", "elapsed": 1170.422589, "delta": 8.38256}}
{"target": -73.20136344587041, "params": {"eta": 0.9977327891805713, "max_depth": 29.01132035669654, "n_estimators": 57.88018751204564}, "datetime": {"datetime": "2021-09-29 17:42:00", "elapsed": 1173.848931, "delta": 3.426342}}
{"target": -58.71849216964239, "params": {"eta": 0.3933130258636026, "max_depth": 5.353368765014304, "n_estimators": 56.956279082416906}, "datetime": {"datetime": "2021-09-29 17:42:04", "elapsed": 1177.434181, "delta": 3.58525}}
{"target": -50.250618888640176, "params": {"eta": 0.07423284331642098, "max_depth": 3.290328289256744, "n_estimators": 35.97914344751671}, "datetime": {"datetime": "2021-09-29 17:42:07", "elapsed": 1180.303084, "delta": 2.868903}}
{"target": -67.39387097295881, "params": {"eta": 0.016133597548453192, "max_depth": 25.812988607183627, "n_estimators": 18.9534482433065}, "datetime": {"datetime": "2021-09-29 17:42:10", "elapsed": 1183.608733, "delta": 3.305649}}
{"target": -52.537269037513155, "params": {"eta": 0.14929371172123052, "max_depth": 1.4367924108792076, "n_estimators": 15.257402887974902}, "datetime": {"datetime": "2021-09-29 17:42:16", "elapsed": 1189.525974, "delta": 5.917241}}
{"target": -45.7037215099413, "params": {"eta": 0.3930971511286246, "max_depth": 6.412285742777673, "n_estimators": 3.6204478387303554}, "datetime": {"datetime": "2021-09-29 17:42:21", "elapsed": 1194.790181, "delta": 5.264207}}
