{"target": -55.225694041891984, "params": {"eta": 0.08119303294911959, "max_depth": 5.527110079427004, "n_estimators": 54.52114292997685}, "datetime": {"datetime": "2021-09-29 17:34:33", "elapsed": 30.581336, "delta": 0.627003}}
{"target": -55.42149129687939, "params": {"eta": 0.07329933961813756, "max_depth": 6.891968661814969, "n_estimators": 8.595932167484369}, "datetime": {"datetime": "2021-09-29 17:34:34", "elapsed": 31.377332, "delta": 0.795996}}
{"target": -68.12946704629039, "params": {"eta": 0.5718766390416413, "max_depth": 8.984435851669486, "n_estimators": 41.482848480927196}, "datetime": {"datetime": "2021-09-29 17:34:36", "elapsed": 32.806235, "delta": 1.428903}}
{"target": -54.51125394392664, "params": {"eta": 0.324149847999116, "max_depth": 5.679640068145149, "n_estimators": 8.416173986854108}, "datetime": {"datetime": "2021-09-29 17:34:36", "elapsed": 33.351231, "delta": 0.544996}}
{"target": -58.36116235430776, "params": {"eta": 0.4091216322169556, "max_depth": 6.7049570520029755, "n_estimators": 8.654702738143524}, "datetime": {"datetime": "2021-09-29 17:34:37", "elapsed": 33.95254, "delta": 0.601309}}
{"target": -50.61688386033782, "params": {"eta": 0.02684044068265331, "max_depth": 9.506346846534928, "n_estimators": 25.616379865665106}, "datetime": {"datetime": "2021-09-29 17:34:38", "elapsed": 34.765722, "delta": 0.813182}}
{"target": -45.015607953116174, "params": {"eta": 0.09538565865407699, "max_depth": 16.86897063554736, "n_estimators": 12.45748848935453}, "datetime": {"datetime": "2021-09-29 17:34:38", "elapsed": 35.258726, "delta": 0.493004}}
{"target": -73.56153405769655, "params": {"eta": 0.02744363214681811, "max_depth": 5.519574687583377, "n_estimators": 9.053604401100326}, "datetime": {"datetime": "2021-09-29 17:34:39", "elapsed": 35.825727, "delta": 0.567001}}
{"target": -61.22276099930123, "params": {"eta": 0.03593220813316923, "max_depth": 17.027117785227784, "n_estimators": 12.328865943089479}, "datetime": {"datetime": "2021-09-29 17:34:40", "elapsed": 36.906727, "delta": 1.081}}
{"target": -53.013220412691645, "params": {"eta": 0.24984171646589862, "max_depth": 5.215949194919945, "n_estimators": 9.574573555749776}, "datetime": {"datetime": "2021-09-29 17:34:40", "elapsed": 37.257374, "delta": 0.350647}}
{"target": -53.555739519908585, "params": {"eta": 0.3654046593040424, "max_depth": 5.366386027470862, "n_estimators": 8.816401494306618}, "datetime": {"datetime": "2021-09-29 17:34:41", "elapsed": 37.774377, "delta": 0.517003}}
{"target": -52.13875109804506, "params": {"eta": 0.33096142146032187, "max_depth": 5.736187441066735, "n_estimators": 8.37028978997907}, "datetime": {"datetime": "2021-09-29 17:34:41", "elapsed": 38.171376, "delta": 0.396999}}
{"target": -43.952064746952196, "params": {"eta": 0.18547432604415715, "max_depth": 5.485015872333777, "n_estimators": 8.722814208505252}, "datetime": {"datetime": "2021-09-29 17:34:41", "elapsed": 38.599375, "delta": 0.427999}}
{"target": -59.74766687906672, "params": {"eta": 0.5106652399989584, "max_depth": 29.708515315286142, "n_estimators": 32.79338863382138}, "datetime": {"datetime": "2021-09-29 17:34:42", "elapsed": 39.296376, "delta": 0.697001}}
{"target": -46.325230921659596, "params": {"eta": 0.2307388095533376, "max_depth": 6.705065059415872, "n_estimators": 8.39177973300518}, "datetime": {"datetime": "2021-09-29 17:34:43", "elapsed": 40.541578, "delta": 1.245202}}
{"target": -60.476210239214744, "params": {"eta": 0.46375447112394214, "max_depth": 29.109166060958653, "n_estimators": 45.954481186318354}, "datetime": {"datetime": "2021-09-29 17:34:44", "elapsed": 41.364575, "delta": 0.822997}}
{"target": -47.31243939463175, "params": {"eta": 0.13715270789074718, "max_depth": 23.0717851510079, "n_estimators": 6.1978894480899065}, "datetime": {"datetime": "2021-09-29 17:34:45", "elapsed": 41.795948, "delta": 0.431373}}
{"target": -84.53593041499074, "params": {"eta": 0.14312293915013025, "max_depth": 28.220490184521257, "n_estimators": 1.7482273432872535}, "datetime": {"datetime": "2021-09-29 17:34:45", "elapsed": 42.222951, "delta": 0.427003}}
{"target": -60.869834482364006, "params": {"eta": 0.5947668934478977, "max_depth": 26.504930981128645, "n_estimators": 3.1387362518468214}, "datetime": {"datetime": "2021-09-29 17:34:46", "elapsed": 42.749952, "delta": 0.527001}}
{"target": -61.66781884199602, "params": {"eta": 0.18500601505244324, "max_depth": 7.0671876207169095, "n_estimators": 42.91743379178225}, "datetime": {"datetime": "2021-09-29 17:34:46", "elapsed": 43.426949, "delta": 0.676997}}
{"target": -57.59370574431468, "params": {"eta": 0.8271588353814604, "max_depth": 4.476864693935121, "n_estimators": 45.10639965062795}, "datetime": {"datetime": "2021-09-29 17:34:47", "elapsed": 43.909739, "delta": 0.48279}}
{"target": -59.45807904489045, "params": {"eta": 0.7130739285304764, "max_depth": 14.232683669648114, "n_estimators": 73.34164831500617}, "datetime": {"datetime": "2021-09-29 17:34:49", "elapsed": 45.831424, "delta": 1.921685}}
{"target": -62.63497280684381, "params": {"eta": 0.5162741229713259, "max_depth": 21.611935244767825, "n_estimators": 74.71000936239854}, "datetime": {"datetime": "2021-09-29 17:34:50", "elapsed": 46.73042, "delta": 0.898996}}
{"target": -56.77838787763234, "params": {"eta": 0.21017972266504126, "max_depth": 2.8406086440179905, "n_estimators": 56.668531777791586}, "datetime": {"datetime": "2021-09-29 17:34:52", "elapsed": 48.741674, "delta": 2.011254}}
{"target": -66.56992971070284, "params": {"eta": 0.8327844492047777, "max_depth": 25.369571720848608, "n_estimators": 43.46162843726473}, "datetime": {"datetime": "2021-09-29 17:34:52", "elapsed": 49.514676, "delta": 0.773002}}
{"target": -89.99007884158213, "params": {"eta": 0.012470430499710694, "max_depth": 5.328826440550907, "n_estimators": 9.67200884042108}, "datetime": {"datetime": "2021-09-29 17:34:54", "elapsed": 50.791244, "delta": 1.276568}}
{"target": -61.79791968024061, "params": {"eta": 0.7946958282625279, "max_depth": 5.0861906833808055, "n_estimators": 63.58866645841185}, "datetime": {"datetime": "2021-09-29 17:34:54", "elapsed": 51.531243, "delta": 0.739999}}
{"target": -63.92778288645412, "params": {"eta": 0.0452289171668272, "max_depth": 5.906958901738141, "n_estimators": 8.975713498383461}, "datetime": {"datetime": "2021-09-29 17:34:55", "elapsed": 52.010602, "delta": 0.479359}}
{"target": -57.06286764429373, "params": {"eta": 0.39611062491187043, "max_depth": 2.023419641624453, "n_estimators": 13.23317578148843}, "datetime": {"datetime": "2021-09-29 17:34:55", "elapsed": 52.458601, "delta": 0.447999}}
{"target": -86.00565692932075, "params": {"eta": 0.03516496369731814, "max_depth": 2.0472787945864104, "n_estimators": 3.3561696181888525}, "datetime": {"datetime": "2021-09-29 17:34:56", "elapsed": 52.865601, "delta": 0.407}}
{"target": -46.46662074036165, "params": {"eta": 0.20322309651944936, "max_depth": 5.303992678678326, "n_estimators": 9.368362017973423}, "datetime": {"datetime": "2021-09-29 17:34:57", "elapsed": 53.6026, "delta": 0.736999}}
{"target": -52.13875109804506, "params": {"eta": 0.32844659077990346, "max_depth": 5.680449272047084, "n_estimators": 8.688789712258618}, "datetime": {"datetime": "2021-09-29 17:34:58", "elapsed": 54.865771, "delta": 1.263171}}
{"target": -76.74258970409807, "params": {"eta": 0.03711981391556789, "max_depth": 22.917997701886105, "n_estimators": 6.223452257539074}, "datetime": {"datetime": "2021-09-29 17:34:58", "elapsed": 55.470771, "delta": 0.605}}
{"target": -53.208521476820245, "params": {"eta": 0.3058037974926976, "max_depth": 5.5679372385996, "n_estimators": 9.371766203971148}, "datetime": {"datetime": "2021-09-29 17:34:59", "elapsed": 55.933769, "delta": 0.462998}}
{"target": -57.996394840124466, "params": {"eta": 0.2605491162350499, "max_depth": 6.784893353465666, "n_estimators": 24.687479832188988}, "datetime": {"datetime": "2021-09-29 17:34:59", "elapsed": 56.40577, "delta": 0.472001}}
{"target": -45.67835626393805, "params": {"eta": 0.11495929384503024, "max_depth": 5.345026933856518, "n_estimators": 8.560800685099448}, "datetime": {"datetime": "2021-09-29 17:35:00", "elapsed": 57.033291, "delta": 0.627521}}
{"target": -43.32609685944092, "params": {"eta": 0.13877048657681582, "max_depth": 5.868469619080228, "n_estimators": 9.353884588882075}, "datetime": {"datetime": "2021-09-29 17:35:01", "elapsed": 57.799398, "delta": 0.766107}}
{"target": -64.3256053415669, "params": {"eta": 0.6427140110366281, "max_depth": 3.8750611207033154, "n_estimators": 12.336472607290368}, "datetime": {"datetime": "2021-09-29 17:35:01", "elapsed": 58.303213, "delta": 0.503815}}
{"target": -52.60842565408239, "params": {"eta": 0.24284986953634496, "max_depth": 16.862582014287135, "n_estimators": 12.511786943050886}, "datetime": {"datetime": "2021-09-29 17:35:02", "elapsed": 59.152219, "delta": 0.849006}}
{"target": -73.56153405769655, "params": {"eta": 0.033273047957483634, "max_depth": 5.755110259509749, "n_estimators": 9.43455315195075}, "datetime": {"datetime": "2021-09-29 17:35:03", "elapsed": 59.831165, "delta": 0.678946}}
{"target": -43.16274781712685, "params": {"eta": 0.1414962404394759, "max_depth": 5.663876689702279, "n_estimators": 8.912023873145806}, "datetime": {"datetime": "2021-09-29 17:35:03", "elapsed": 60.562467, "delta": 0.731302}}
{"target": -46.175370472631634, "params": {"eta": 0.0966661672239507, "max_depth": 5.17336836428123, "n_estimators": 8.681773163427863}, "datetime": {"datetime": "2021-09-29 17:35:04", "elapsed": 61.411468, "delta": 0.849001}}
{"target": -46.83386036002473, "params": {"eta": 0.19478092330581603, "max_depth": 6.652413356442681, "n_estimators": 8.543937534360444}, "datetime": {"datetime": "2021-09-29 17:35:06", "elapsed": 63.013639, "delta": 1.602171}}
{"target": -53.76158736938199, "params": {"eta": 0.30552766963344097, "max_depth": 8.87005368449698, "n_estimators": 64.48550636609943}, "datetime": {"datetime": "2021-09-29 17:35:07", "elapsed": 64.468637, "delta": 1.454998}}
{"target": -56.39311873209867, "params": {"eta": 0.3020037502219117, "max_depth": 1.246664328153249, "n_estimators": 13.304656402726144}, "datetime": {"datetime": "2021-09-29 17:35:08", "elapsed": 65.018362, "delta": 0.549725}}
{"target": -49.231959238285825, "params": {"eta": 0.24253605923312838, "max_depth": 5.780192365789492, "n_estimators": 8.90786245453786}, "datetime": {"datetime": "2021-09-29 17:35:09", "elapsed": 65.614365, "delta": 0.596003}}
{"target": -63.01212309100838, "params": {"eta": 0.06573469883731414, "max_depth": 20.52704950474572, "n_estimators": 69.56438455132067}, "datetime": {"datetime": "2021-09-29 17:35:10", "elapsed": 66.896645, "delta": 1.28228}}
{"target": -58.15417875200668, "params": {"eta": 0.5514641436543085, "max_depth": 27.104663471737013, "n_estimators": 3.0345310197351343}, "datetime": {"datetime": "2021-09-29 17:35:11", "elapsed": 68.006648, "delta": 1.110003}}
{"target": -44.45256940744377, "params": {"eta": 0.01759077238509356, "max_depth": 8.49761459365658, "n_estimators": 64.4763735871313}, "datetime": {"datetime": "2021-09-29 17:35:12", "elapsed": 69.062149, "delta": 1.055501}}
{"target": -51.52024184191539, "params": {"eta": 0.05711383290145049, "max_depth": 16.885519903403036, "n_estimators": 12.652037116604124}, "datetime": {"datetime": "2021-09-29 17:35:13", "elapsed": 69.78715, "delta": 0.725001}}
{"target": -43.16274781712685, "params": {"eta": 0.14253580400285057, "max_depth": 5.377799284216883, "n_estimators": 8.34972820889107}, "datetime": {"datetime": "2021-09-29 17:35:13", "elapsed": 70.570193, "delta": 0.783043}}
{"target": -46.325230921659596, "params": {"eta": 0.22751694525484692, "max_depth": 6.858924795276389, "n_estimators": 8.43220570670499}, "datetime": {"datetime": "2021-09-29 17:35:15", "elapsed": 71.857196, "delta": 1.287003}}
{"target": -71.94638569221719, "params": {"eta": 0.7810300926990775, "max_depth": 28.408062947800776, "n_estimators": 53.86694981414772}, "datetime": {"datetime": "2021-09-29 17:35:16", "elapsed": 72.944944, "delta": 1.087748}}
{"target": -55.29973445325651, "params": {"eta": 0.04979503066857839, "max_depth": 16.718611478038955, "n_estimators": 12.489335066510547}, "datetime": {"datetime": "2021-09-29 17:35:17", "elapsed": 73.872949, "delta": 0.928005}}
{"target": -54.999831641365205, "params": {"eta": 0.9247254245816339, "max_depth": 1.6373572350378147, "n_estimators": 12.507521465473733}, "datetime": {"datetime": "2021-09-29 17:35:17", "elapsed": 74.368359, "delta": 0.49541}}
{"target": -45.660865383937924, "params": {"eta": 0.18437036006707777, "max_depth": 6.67392867509063, "n_estimators": 11.926127056451211}, "datetime": {"datetime": "2021-09-29 17:35:19", "elapsed": 75.816015, "delta": 1.447656}}
{"target": -63.126302105867246, "params": {"eta": 0.9051621249420396, "max_depth": 2.55743900332231, "n_estimators": 11.57657053349031}, "datetime": {"datetime": "2021-09-29 17:35:19", "elapsed": 76.432133, "delta": 0.616118}}
{"target": -51.6103885542986, "params": {"eta": 0.03786378383690306, "max_depth": 8.41219744453403, "n_estimators": 64.42651832624028}, "datetime": {"datetime": "2021-09-29 17:35:20", "elapsed": 77.492668, "delta": 1.060535}}
{"target": -53.013220412691645, "params": {"eta": 0.254417305467509, "max_depth": 5.908258815201825, "n_estimators": 9.291258075755914}, "datetime": {"datetime": "2021-09-29 17:35:21", "elapsed": 78.445513, "delta": 0.952845}}
{"target": -45.67835626393805, "params": {"eta": 0.11232257389624027, "max_depth": 5.506838593036125, "n_estimators": 8.32689797071981}, "datetime": {"datetime": "2021-09-29 17:35:22", "elapsed": 79.279512, "delta": 0.833999}}
{"target": -45.17323031567769, "params": {"eta": 0.1636259494611415, "max_depth": 6.512763839377856, "n_estimators": 11.90149724292507}, "datetime": {"datetime": "2021-09-29 17:35:23", "elapsed": 80.494167, "delta": 1.214655}}
{"target": -68.89531731159833, "params": {"eta": 0.5713105627379635, "max_depth": 9.72128728041047, "n_estimators": 35.909455624365336}, "datetime": {"datetime": "2021-09-29 17:35:25", "elapsed": 81.739168, "delta": 1.245001}}
{"target": -49.32010975879031, "params": {"eta": 0.059861748945943684, "max_depth": 4.3165912964505475, "n_estimators": 40.83213482872033}, "datetime": {"datetime": "2021-09-29 17:35:26", "elapsed": 82.891573, "delta": 1.152405}}
{"target": -42.66331603664282, "params": {"eta": 0.027071432292109232, "max_depth": 4.440709889793613, "n_estimators": 40.66160858647812}, "datetime": {"datetime": "2021-09-29 17:35:27", "elapsed": 84.402817, "delta": 1.511244}}
{"target": -50.815525788483576, "params": {"eta": 0.46278697747383757, "max_depth": 27.2310284145558, "n_estimators": 2.782686298155842}, "datetime": {"datetime": "2021-09-29 17:35:28", "elapsed": 85.050816, "delta": 0.647999}}
{"target": -58.23275383837449, "params": {"eta": 0.08318995821980546, "max_depth": 8.821167087796931, "n_estimators": 64.33174846380436}, "datetime": {"datetime": "2021-09-29 17:35:30", "elapsed": 87.176889, "delta": 2.126073}}
{"target": -58.07824130828983, "params": {"eta": 0.32126551473273246, "max_depth": 6.566159282400952, "n_estimators": 11.935772100398323}, "datetime": {"datetime": "2021-09-29 17:35:31", "elapsed": 88.251889, "delta": 1.075}}
{"target": -45.06899597089072, "params": {"eta": 0.17700846399237324, "max_depth": 5.638986261316617, "n_estimators": 8.647218565648503}, "datetime": {"datetime": "2021-09-29 17:35:32", "elapsed": 89.003888, "delta": 0.751999}}
{"target": -47.58041158090224, "params": {"eta": 0.05007184600202436, "max_depth": 16.449521144775968, "n_estimators": 35.682334582137884}, "datetime": {"datetime": "2021-09-29 17:35:35", "elapsed": 91.757002, "delta": 2.753114}}
{"target": -64.54762058578105, "params": {"eta": 0.4825683793729824, "max_depth": 29.29992926743026, "n_estimators": 72.85139421532377}, "datetime": {"datetime": "2021-09-29 17:35:36", "elapsed": 92.803582, "delta": 1.04658}}
{"target": -56.16164993143224, "params": {"eta": 0.04886900697641018, "max_depth": 6.868042630857734, "n_estimators": 11.762154828177769}, "datetime": {"datetime": "2021-09-29 17:35:37", "elapsed": 93.737582, "delta": 0.934}}
{"target": -46.30381918316765, "params": {"eta": 0.1676788358637466, "max_depth": 23.37592961479381, "n_estimators": 6.186810796479137}, "datetime": {"datetime": "2021-09-29 17:35:37", "elapsed": 94.568293, "delta": 0.830711}}
{"target": -54.50123673481587, "params": {"eta": 0.26924540657415486, "max_depth": 6.663197003254291, "n_estimators": 11.908067236477361}, "datetime": {"datetime": "2021-09-29 17:35:38", "elapsed": 95.226289, "delta": 0.657996}}
{"target": -44.47859458481742, "params": {"eta": 0.19526214404550304, "max_depth": 5.726509116121205, "n_estimators": 8.75514904332341}, "datetime": {"datetime": "2021-09-29 17:35:39", "elapsed": 95.93929, "delta": 0.713001}}
{"target": -46.28965967630553, "params": {"eta": 0.024552743006726753, "max_depth": 4.703328777566471, "n_estimators": 40.719082925427685}, "datetime": {"datetime": "2021-09-29 17:35:40", "elapsed": 96.85348, "delta": 0.91419}}
{"target": -62.241173560349196, "params": {"eta": 0.41276185411652727, "max_depth": 22.28835999894057, "n_estimators": 9.252638775583081}, "datetime": {"datetime": "2021-09-29 17:35:40", "elapsed": 97.561005, "delta": 0.707525}}
{"target": -60.15291348578708, "params": {"eta": 0.07856509154932792, "max_depth": 23.573977435081797, "n_estimators": 6.361809557389927}, "datetime": {"datetime": "2021-09-29 17:35:42", "elapsed": 98.930351, "delta": 1.369346}}
{"target": -49.231959238285825, "params": {"eta": 0.23646776320502, "max_depth": 5.436108029294201, "n_estimators": 8.15000614924465}, "datetime": {"datetime": "2021-09-29 17:35:43", "elapsed": 99.626353, "delta": 0.696002}}
{"target": -46.75348330154663, "params": {"eta": 0.14631411715302733, "max_depth": 6.653999435688497, "n_estimators": 12.09131987625574}, "datetime": {"datetime": "2021-09-29 17:35:43", "elapsed": 100.519353, "delta": 0.893}}
{"target": -61.967586220331185, "params": {"eta": 0.41539704572444175, "max_depth": 25.575226920628186, "n_estimators": 43.211112846236645}, "datetime": {"datetime": "2021-09-29 17:35:45", "elapsed": 101.772351, "delta": 1.252998}}
{"target": -57.441318638511454, "params": {"eta": 0.22767803154439112, "max_depth": 4.678961162915572, "n_estimators": 40.98535461661055}, "datetime": {"datetime": "2021-09-29 17:35:46", "elapsed": 103.426351, "delta": 1.654}}
{"target": -62.33683901336269, "params": {"eta": 0.5338161973800927, "max_depth": 5.103149486639641, "n_estimators": 74.40312689136957}, "datetime": {"datetime": "2021-09-29 17:35:47", "elapsed": 104.38435, "delta": 0.957999}}
{"target": -60.08612787765506, "params": {"eta": 0.42566314146850137, "max_depth": 23.17517738790786, "n_estimators": 5.972460428498186}, "datetime": {"datetime": "2021-09-29 17:35:48", "elapsed": 105.173305, "delta": 0.788955}}
{"target": -70.42420554508287, "params": {"eta": 0.5877643525678493, "max_depth": 16.60563576844982, "n_estimators": 17.656092236823078}, "datetime": {"datetime": "2021-09-29 17:35:49", "elapsed": 106.043305, "delta": 0.87}}
{"target": -58.87964516821347, "params": {"eta": 0.055186021236717626, "max_depth": 5.251329842240193, "n_estimators": 8.24770969973897}, "datetime": {"datetime": "2021-09-29 17:35:50", "elapsed": 107.076219, "delta": 1.032914}}
{"target": -47.58581194930737, "params": {"eta": 0.2826135034610606, "max_depth": 26.82620605041764, "n_estimators": 3.0994746282872274}, "datetime": {"datetime": "2021-09-29 17:35:51", "elapsed": 108.098216, "delta": 1.021997}}
{"target": -50.58815153880586, "params": {"eta": 0.22743306373276148, "max_depth": 5.914336523520349, "n_estimators": 9.269759029018134}, "datetime": {"datetime": "2021-09-29 17:35:52", "elapsed": 108.738184, "delta": 0.639968}}
{"target": -46.304990672638866, "params": {"eta": 0.07914741821045224, "max_depth": 6.424598576961376, "n_estimators": 11.840108098521561}, "datetime": {"datetime": "2021-09-29 17:35:53", "elapsed": 110.049712, "delta": 1.311528}}
{"target": -60.756075154402055, "params": {"eta": 0.046347751847215825, "max_depth": 5.221635144662052, "n_estimators": 9.382051797175228}, "datetime": {"datetime": "2021-09-29 17:35:54", "elapsed": 111.096711, "delta": 1.046999}}
{"target": -52.26706021536926, "params": {"eta": 0.20030122783074225, "max_depth": 6.3300204051978834, "n_estimators": 12.080389420150805}, "datetime": {"datetime": "2021-09-29 17:35:55", "elapsed": 112.140712, "delta": 1.044001}}
{"target": -56.72301088747578, "params": {"eta": 0.20846232842546492, "max_depth": 6.778644442207357, "n_estimators": 24.27729303632188}, "datetime": {"datetime": "2021-09-29 17:35:56", "elapsed": 113.350874, "delta": 1.210162}}
{"target": -79.6974363251887, "params": {"eta": 0.9397890369088391, "max_depth": 6.119978348901607, "n_estimators": 19.751719234455923}, "datetime": {"datetime": "2021-09-29 17:35:57", "elapsed": 114.038872, "delta": 0.687998}}
{"target": -60.47313116071522, "params": {"eta": 0.4637506674758485, "max_depth": 24.809959862715555, "n_estimators": 24.598592916668746}, "datetime": {"datetime": "2021-09-29 17:35:59", "elapsed": 115.802699, "delta": 1.763827}}
{"target": -67.88605612194247, "params": {"eta": 0.4344473865663268, "max_depth": 22.514553948660502, "n_estimators": 71.50595776661233}, "datetime": {"datetime": "2021-09-29 17:36:00", "elapsed": 117.473168, "delta": 1.670469}}
{"target": -52.18089570534418, "params": {"eta": 0.3408823049672038, "max_depth": 5.352077963315204, "n_estimators": 8.48648376505742}, "datetime": {"datetime": "2021-09-29 17:36:02", "elapsed": 118.794376, "delta": 1.321208}}
{"target": -47.24386677422287, "params": {"eta": 0.04913754725060838, "max_depth": 4.555360146975669, "n_estimators": 40.64365033590323}, "datetime": {"datetime": "2021-09-29 17:36:03", "elapsed": 120.070876, "delta": 1.2765}}
