{"target": -45.929219490249864, "params": {"eta": 0.07725002216782763, "max_depth": 2.6199365117132865, "n_estimators": 24.751414674109824}, "datetime": {"datetime": "2021-09-29 18:35:11", "elapsed": 648.517506, "delta": 4.375856}}
{"target": -49.13197117548121, "params": {"eta": 0.09386180823468795, "max_depth": 2.5535645736407537, "n_estimators": 7.628731339331677}, "datetime": {"datetime": "2021-09-29 18:35:14", "elapsed": 651.33913, "delta": 2.821624}}
{"target": -66.55310342564235, "params": {"eta": 0.022542529998508812, "max_depth": 2.321040258553688, "n_estimators": 17.878077292477666}, "datetime": {"datetime": "2021-09-29 18:35:16", "elapsed": 653.306455, "delta": 1.967325}}
{"target": -77.95120909083559, "params": {"eta": 0.04856018941887473, "max_depth": 2.492677951690874, "n_estimators": 4.6739637815042006}, "datetime": {"datetime": "2021-09-29 18:35:18", "elapsed": 655.737753, "delta": 2.431298}}
{"target": -49.13197117548121, "params": {"eta": 0.09019948007400154, "max_depth": 2.3825730002801153, "n_estimators": 7.5548104753006715}, "datetime": {"datetime": "2021-09-29 18:35:24", "elapsed": 661.436815, "delta": 5.699062}}
{"target": -40.005223970875186, "params": {"eta": 0.16, "max_depth": 2.52748423245014, "n_estimators": 8.260014751675339}, "datetime": {"datetime": "2021-09-29 18:35:30", "elapsed": 667.398542, "delta": 5.961727}}
{"target": -49.017767022059616, "params": {"eta": 0.07771496900942189, "max_depth": 2.507282069375078, "n_estimators": 8.210391180043418}, "datetime": {"datetime": "2021-09-29 18:35:39", "elapsed": 676.574603, "delta": 9.176061}}
{"target": -44.70082866593309, "params": {"eta": 0.14801864386292213, "max_depth": 2.014707176331357, "n_estimators": 5.186144079635423}, "datetime": {"datetime": "2021-09-29 18:35:42", "elapsed": 679.504878, "delta": 2.930275}}
{"target": -41.02599008158336, "params": {"eta": 0.1341112594001209, "max_depth": 2.575136352545639, "n_estimators": 8.387971669884404}, "datetime": {"datetime": "2021-09-29 18:35:50", "elapsed": 687.004598, "delta": 7.49972}}
{"target": -40.92562073312077, "params": {"eta": 0.13735865779230313, "max_depth": 2.438632834252555, "n_estimators": 8.41720420620966}, "datetime": {"datetime": "2021-09-29 18:35:54", "elapsed": 691.719141, "delta": 4.714543}}
{"target": -67.79076429427336, "params": {"eta": 0.038185257067355934, "max_depth": 2.503546837680396, "n_estimators": 8.392455139425806}, "datetime": {"datetime": "2021-09-29 18:36:01", "elapsed": 698.020976, "delta": 6.301835}}
{"target": -40.005223970875186, "params": {"eta": 0.15551341931969015, "max_depth": 2.3381648645897863, "n_estimators": 8.460453905084329}, "datetime": {"datetime": "2021-09-29 18:36:06", "elapsed": 703.348463, "delta": 5.327487}}
{"target": -41.02599008158336, "params": {"eta": 0.12632755829428344, "max_depth": 2.6757055924147437, "n_estimators": 8.480093382092079}, "datetime": {"datetime": "2021-09-29 18:36:10", "elapsed": 707.364008, "delta": 4.015545}}
{"target": -41.033995279868776, "params": {"eta": 0.15466384622650026, "max_depth": 2.569614654126365, "n_estimators": 8.47971537103901}, "datetime": {"datetime": "2021-09-29 18:36:18", "elapsed": 715.075902, "delta": 7.711894}}
{"target": -52.741493292196104, "params": {"eta": 0.02, "max_depth": 1.247126770616032, "n_estimators": 27.102039011724926}, "datetime": {"datetime": "2021-09-29 18:36:22", "elapsed": 719.840215, "delta": 4.764313}}
{"target": -40.50904553432999, "params": {"eta": 0.14610513593067864, "max_depth": 1.726587623522549, "n_estimators": 7.2291625333993}, "datetime": {"datetime": "2021-09-29 18:36:27", "elapsed": 724.514294, "delta": 4.674079}}
{"target": -41.20620946669536, "params": {"eta": 0.11510462620788046, "max_depth": 2.673390642798651, "n_estimators": 8.245577738647118}, "datetime": {"datetime": "2021-09-29 18:36:31", "elapsed": 728.418458, "delta": 3.904164}}
{"target": -44.49490713223126, "params": {"eta": 0.02830195087461948, "max_depth": 3.860344991892403, "n_estimators": 28.863250804324185}, "datetime": {"datetime": "2021-09-29 18:36:33", "elapsed": 730.629996, "delta": 2.211538}}
{"target": -43.75881753712508, "params": {"eta": 0.10457287958182171, "max_depth": 2.800897673998681, "n_estimators": 8.280393777878562}, "datetime": {"datetime": "2021-09-29 18:36:37", "elapsed": 734.795005, "delta": 4.165009}}
{"target": -74.54858490367346, "params": {"eta": 0.026344927158406542, "max_depth": 2.765744273213064, "n_estimators": 8.440376376785007}, "datetime": {"datetime": "2021-09-29 18:36:42", "elapsed": 739.709753, "delta": 4.914748}}
{"target": -41.033995279868776, "params": {"eta": 0.15251581301801959, "max_depth": 2.6340344118767343, "n_estimators": 8.340104585102036}, "datetime": {"datetime": "2021-09-29 18:36:47", "elapsed": 743.924398, "delta": 4.214645}}
{"target": -40.81651043778868, "params": {"eta": 0.04813357846224056, "max_depth": 2.268541372072958, "n_estimators": 27.9761335040534}, "datetime": {"datetime": "2021-09-29 18:36:49", "elapsed": 745.945727, "delta": 2.021329}}
{"target": -50.18936505571858, "params": {"eta": 0.08671040278932383, "max_depth": 2.2739841510188974, "n_estimators": 28.07383693634885}, "datetime": {"datetime": "2021-09-29 18:36:56", "elapsed": 753.226391, "delta": 7.280664}}
{"target": -82.34690075937502, "params": {"eta": 0.043213799430049465, "max_depth": 3.5577408009254907, "n_estimators": 4.9514673845519965}, "datetime": {"datetime": "2021-09-29 18:36:58", "elapsed": 755.812871, "delta": 2.58648}}
{"target": -54.034105906581786, "params": {"eta": 0.14411747766490102, "max_depth": 2.7561088115180885, "n_estimators": 24.696593015132567}, "datetime": {"datetime": "2021-09-29 18:37:03", "elapsed": 759.983246, "delta": 4.170375}}
{"target": -40.40189569414688, "params": {"eta": 0.15295616107604063, "max_depth": 2.049939244292087, "n_estimators": 7.2239248483128256}, "datetime": {"datetime": "2021-09-29 18:37:06", "elapsed": 763.457821, "delta": 3.474575}}
{"target": -90.29846310661709, "params": {"eta": 0.07838308065836036, "max_depth": 3.1609734803264744, "n_estimators": 1.0033168697030017}, "datetime": {"datetime": "2021-09-29 20:18:02", "elapsed": 0.0, "delta": 0.0}}
{"target": -79.04289493763102, "params": {"eta": 0.06232656016845757, "max_depth": 1.440267672451339, "n_estimators": 3.677819248295136}, "datetime": {"datetime": "2021-09-29 20:18:02", "elapsed": 0.021998, "delta": 0.021998}}
{"target": -51.04885625351924, "params": {"eta": 0.04607642959287393, "max_depth": 2.036682181129143, "n_estimators": 12.506256752689428}, "datetime": {"datetime": "2021-09-29 20:18:03", "elapsed": 0.496105, "delta": 0.474107}}
{"target": -46.81890810169517, "params": {"eta": 0.09543434276046998, "max_depth": 2.2575835432098845, "n_estimators": 20.871365511506024}, "datetime": {"datetime": "2021-09-29 20:18:03", "elapsed": 0.65111, "delta": 0.155005}}
{"target": -93.74422474140066, "params": {"eta": 0.04862331496241244, "max_depth": 3.6343523091728365, "n_estimators": 1.7942402027398587}, "datetime": {"datetime": "2021-09-29 20:18:03", "elapsed": 0.705107, "delta": 0.053997}}
{"target": -52.741493292196104, "params": {"eta": 0.02, "max_depth": 1.0, "n_estimators": 27.838098538971497}, "datetime": {"datetime": "2021-09-29 20:18:03", "elapsed": 1.386015, "delta": 0.680908}}
{"target": -51.678755526799506, "params": {"eta": 0.16, "max_depth": 4.0, "n_estimators": 16.787073917469236}, "datetime": {"datetime": "2021-09-29 20:18:04", "elapsed": 2.046111, "delta": 0.660096}}
{"target": -57.1014023145344, "params": {"eta": 0.16, "max_depth": 4.0, "n_estimators": 24.842638303870757}, "datetime": {"datetime": "2021-09-29 20:18:05", "elapsed": 2.739757, "delta": 0.693646}}
{"target": -66.96164142777957, "params": {"eta": 0.02, "max_depth": 1.0, "n_estimators": 16.9294764912877}, "datetime": {"datetime": "2021-09-29 20:18:06", "elapsed": 3.561305, "delta": 0.821548}}
{"target": -58.898380444583, "params": {"eta": 0.16, "max_depth": 4.0, "n_estimators": 30.0}, "datetime": {"datetime": "2021-09-29 20:18:06", "elapsed": 4.256303, "delta": 0.694998}}
{"target": -43.5079584023641, "params": {"eta": 0.16, "max_depth": 4.0, "n_estimators": 9.985529850650623}, "datetime": {"datetime": "2021-09-29 20:18:07", "elapsed": 4.920306, "delta": 0.664003}}
{"target": -44.23404413265028, "params": {"eta": 0.16, "max_depth": 1.0, "n_estimators": 9.128466457336526}, "datetime": {"datetime": "2021-09-29 20:18:08", "elapsed": 5.453314, "delta": 0.533008}}
{"target": -57.18567891541554, "params": {"eta": 0.02, "max_depth": 1.0, "n_estimators": 23.50633495244929}, "datetime": {"datetime": "2021-09-29 20:18:08", "elapsed": 5.806312, "delta": 0.352998}}
{"target": -63.75155258820985, "params": {"eta": 0.02, "max_depth": 4.0, "n_estimators": 20.372026083525178}, "datetime": {"datetime": "2021-09-29 20:18:08", "elapsed": 6.201316, "delta": 0.395004}}
{"target": -84.43017276689666, "params": {"eta": 0.02, "max_depth": 3.550989932385346, "n_estimators": 7.739013319971291}, "datetime": {"datetime": "2021-09-29 20:18:09", "elapsed": 6.647316, "delta": 0.446}}
{"target": -45.50525085973142, "params": {"eta": 0.06610377269832185, "max_depth": 3.9895722993610354, "n_estimators": 11.579886577284062}, "datetime": {"datetime": "2021-09-29 20:18:09", "elapsed": 7.288584, "delta": 0.641268}}
{"target": -43.09628679613966, "params": {"eta": 0.16, "max_depth": 2.1238191310767642, "n_estimators": 10.545873409857682}, "datetime": {"datetime": "2021-09-29 20:18:10", "elapsed": 7.896586, "delta": 0.608002}}
{"target": -49.87000710818917, "params": {"eta": 0.16, "max_depth": 4.0, "n_estimators": 14.375537166441212}, "datetime": {"datetime": "2021-09-29 20:18:11", "elapsed": 9.031583, "delta": 1.134997}}
{"target": -55.27174214682079, "params": {"eta": 0.16, "max_depth": 1.0, "n_estimators": 30.0}, "datetime": {"datetime": "2021-09-29 20:18:12", "elapsed": 10.046739, "delta": 1.015156}}
{"target": -61.06930671969894, "params": {"eta": 0.02, "max_depth": 1.0, "n_estimators": 20.105242850117076}, "datetime": {"datetime": "2021-09-29 20:18:13", "elapsed": 10.84321, "delta": 0.796471}}
{"target": -77.44990568125584, "params": {"eta": 0.02, "max_depth": 1.0, "n_estimators": 10.83391249549728}, "datetime": {"datetime": "2021-09-29 20:18:14", "elapsed": 11.456362, "delta": 0.613152}}
{"target": -47.548264114742054, "params": {"eta": 0.07227359626543671, "max_depth": 3.0591589401580324, "n_estimators": 10.71547929470904}, "datetime": {"datetime": "2021-09-29 20:18:14", "elapsed": 12.008366, "delta": 0.552004}}
{"target": -41.96651255592825, "params": {"eta": 0.16, "max_depth": 2.2982242921124545, "n_estimators": 9.519924795742513}, "datetime": {"datetime": "2021-09-29 20:18:15", "elapsed": 12.434362, "delta": 0.425996}}
{"target": -44.952145266351295, "params": {"eta": 0.14020469480341186, "max_depth": 3.4796153422665568, "n_estimators": 12.985775087333803}, "datetime": {"datetime": "2021-09-29 20:18:16", "elapsed": 13.770943, "delta": 1.336581}}
{"target": -44.32635081633723, "params": {"eta": 0.12244138321242438, "max_depth": 2.265859024865202, "n_estimators": 14.29040544245053}, "datetime": {"datetime": "2021-09-29 20:18:16", "elapsed": 14.277942, "delta": 0.506999}}
{"target": -40.36976596002356, "params": {"eta": 0.05452188204679416, "max_depth": 2.8492372661129375, "n_estimators": 22.436946731132966}, "datetime": {"datetime": "2021-09-29 20:18:17", "elapsed": 14.734941, "delta": 0.456999}}
{"target": -53.94374275603578, "params": {"eta": 0.12767475323769745, "max_depth": 3.9979197204562875, "n_estimators": 22.681613772437807}, "datetime": {"datetime": "2021-09-29 20:18:17", "elapsed": 15.2069, "delta": 0.471959}}
{"target": -55.06322646187757, "params": {"eta": 0.16, "max_depth": 1.690894620193778, "n_estimators": 22.01708389408193}, "datetime": {"datetime": "2021-09-29 20:18:18", "elapsed": 16.295778, "delta": 1.088878}}
{"target": -40.72870475162954, "params": {"eta": 0.16, "max_depth": 1.0, "n_estimators": 7.722518653154093}, "datetime": {"datetime": "2021-09-29 20:18:19", "elapsed": 16.91578, "delta": 0.620002}}
{"target": -43.80124114898695, "params": {"eta": 0.05644617003713141, "max_depth": 3.264662713390226, "n_estimators": 27.337752343105944}, "datetime": {"datetime": "2021-09-29 20:18:19", "elapsed": 17.40478, "delta": 0.489}}
{"target": -55.19177581374702, "params": {"eta": 0.02, "max_depth": 2.078999734401266, "n_estimators": 26.09147989016944}, "datetime": {"datetime": "2021-09-29 20:18:20", "elapsed": 17.948071, "delta": 0.543291}}
{"target": -56.15513539895729, "params": {"eta": 0.16, "max_depth": 2.614411752084417, "n_estimators": 28.54722342473059}, "datetime": {"datetime": "2021-09-29 20:18:21", "elapsed": 18.500073, "delta": 0.552002}}
{"target": -51.99009274288709, "params": {"eta": 0.16, "max_depth": 1.0, "n_estimators": 14.090798777443958}, "datetime": {"datetime": "2021-09-29 20:18:21", "elapsed": 19.010072, "delta": 0.509999}}
{"target": -41.07753026450373, "params": {"eta": 0.16, "max_depth": 1.0, "n_estimators": 6.395383912039017}, "datetime": {"datetime": "2021-09-29 20:18:22", "elapsed": 19.657463, "delta": 0.647391}}
{"target": -56.578507445684245, "params": {"eta": 0.02, "max_depth": 4.0, "n_estimators": 26.57447606247947}, "datetime": {"datetime": "2021-09-29 20:18:22", "elapsed": 20.416462, "delta": 0.758999}}
{"target": -50.962834411299255, "params": {"eta": 0.11059730968864113, "max_depth": 2.6977730287459, "n_estimators": 23.617101575695184}, "datetime": {"datetime": "2021-09-29 20:18:24", "elapsed": 21.932603, "delta": 1.516141}}
{"target": -69.63243033560282, "params": {"eta": 0.02081189008230517, "max_depth": 2.7530387958808378, "n_estimators": 15.541634315527935}, "datetime": {"datetime": "2021-09-29 20:18:25", "elapsed": 22.9746, "delta": 1.041997}}
{"target": -53.816156403657686, "params": {"eta": 0.16, "max_depth": 4.0, "n_estimators": 18.257685682208024}, "datetime": {"datetime": "2021-09-29 20:18:26", "elapsed": 23.710781, "delta": 0.736181}}
{"target": -52.36473126361205, "params": {"eta": 0.09881306693547219, "max_depth": 3.9959895632632416, "n_estimators": 28.14915213757774}, "datetime": {"datetime": "2021-09-29 20:18:27", "elapsed": 24.886784, "delta": 1.176003}}
{"target": -81.39907419337933, "params": {"eta": 0.02, "max_depth": 1.647716205836881, "n_estimators": 8.478452554260162}, "datetime": {"datetime": "2021-09-29 20:18:27", "elapsed": 25.403197, "delta": 0.516413}}
{"target": -40.72870475162954, "params": {"eta": 0.16, "max_depth": 1.0, "n_estimators": 7.082476385882894}, "datetime": {"datetime": "2021-09-29 20:18:28", "elapsed": 26.230194, "delta": 0.826997}}
{"target": -44.21209082900124, "params": {"eta": 0.16, "max_depth": 3.005598035631409, "n_estimators": 9.82295917235908}, "datetime": {"datetime": "2021-09-29 20:18:29", "elapsed": 27.090201, "delta": 0.860007}}
{"target": -72.92625457960152, "params": {"eta": 0.02, "max_depth": 2.690264500315601, "n_estimators": 13.523434264045491}, "datetime": {"datetime": "2021-09-29 20:18:30", "elapsed": 28.003847, "delta": 0.913646}}
{"target": -45.71320133880884, "params": {"eta": 0.08843368190755765, "max_depth": 2.8831191036703876, "n_estimators": 21.70721590303239}, "datetime": {"datetime": "2021-09-29 20:18:31", "elapsed": 28.774838, "delta": 0.770991}}
{"target": -47.32939642675233, "params": {"eta": 0.16, "max_depth": 4.0, "n_estimators": 12.453831796050013}, "datetime": {"datetime": "2021-09-29 20:18:32", "elapsed": 29.524074, "delta": 0.749236}}
{"target": -55.467903650514025, "params": {"eta": 0.12565839721773683, "max_depth": 1.7091295877091857, "n_estimators": 26.380524667648967}, "datetime": {"datetime": "2021-09-29 20:18:32", "elapsed": 29.781071, "delta": 0.256997}}
{"target": -50.549388339785295, "params": {"eta": 0.10812137523624207, "max_depth": 2.856810751970641, "n_estimators": 22.478949136719876}, "datetime": {"datetime": "2021-09-29 20:18:33", "elapsed": 31.129071, "delta": 1.348}}
{"target": -55.83328624825498, "params": {"eta": 0.13352176086016096, "max_depth": 3.2417381976616766, "n_estimators": 26.796340923042933}, "datetime": {"datetime": "2021-09-29 20:18:33", "elapsed": 31.416353, "delta": 0.287282}}
{"target": -52.24017350384995, "params": {"eta": 0.10349584710082088, "max_depth": 2.397670414290574, "n_estimators": 29.671417648251374}, "datetime": {"datetime": "2021-09-29 20:18:34", "elapsed": 31.757216, "delta": 0.340863}}
{"target": -40.36976596002356, "params": {"eta": 0.04616461219374, "max_depth": 2.8054486506070644, "n_estimators": 22.346087582526938}, "datetime": {"datetime": "2021-09-29 20:18:35", "elapsed": 32.668214, "delta": 0.910998}}
{"target": -70.96345678525583, "params": {"eta": 0.03169188222582055, "max_depth": 1.6068060253001701, "n_estimators": 9.636860863371354}, "datetime": {"datetime": "2021-09-29 20:18:35", "elapsed": 32.984098, "delta": 0.315884}}
{"target": -86.06915598174373, "params": {"eta": 0.029323126009840828, "max_depth": 2.525849986077365, "n_estimators": 4.138347001411321}, "datetime": {"datetime": "2021-09-29 20:18:35", "elapsed": 33.256097, "delta": 0.271999}}
{"target": -46.23610860404387, "params": {"eta": 0.05850857322741784, "max_depth": 2.032398582218633, "n_estimators": 12.507488543142596}, "datetime": {"datetime": "2021-09-29 20:18:36", "elapsed": 33.647097, "delta": 0.391}}
{"target": -59.755649072417846, "params": {"eta": 0.02, "max_depth": 2.774827427807706, "n_estimators": 22.419633959345106}, "datetime": {"datetime": "2021-09-29 20:18:37", "elapsed": 34.939097, "delta": 1.292}}
{"target": -41.12417930963426, "params": {"eta": 0.13403716849235975, "max_depth": 1.0405968910747676, "n_estimators": 7.706515057443859}, "datetime": {"datetime": "2021-09-29 20:18:37", "elapsed": 35.327718, "delta": 0.388621}}
{"target": -40.50904553432999, "params": {"eta": 0.14572502794772718, "max_depth": 1.054596516742381, "n_estimators": 7.794336918743484}, "datetime": {"datetime": "2021-09-29 20:18:38", "elapsed": 35.848232, "delta": 0.520514}}
{"target": -42.779281422661256, "params": {"eta": 0.025908548256736857, "max_depth": 2.972921288732822, "n_estimators": 29.743931295057617}, "datetime": {"datetime": "2021-09-29 20:18:38", "elapsed": 36.208234, "delta": 0.360002}}
{"target": -41.13000899175996, "params": {"eta": 0.06146962550112099, "max_depth": 2.9219517126906616, "n_estimators": 22.354597696966884}, "datetime": {"datetime": "2021-09-29 20:18:39", "elapsed": 36.517232, "delta": 0.308998}}
{"target": -41.19737367223086, "params": {"eta": 0.03520953563000634, "max_depth": 3.4462379590513605, "n_estimators": 29.26425821668411}, "datetime": {"datetime": "2021-09-29 20:18:39", "elapsed": 36.808232, "delta": 0.291}}
{"target": -48.65327973724341, "params": {"eta": 0.14204458025591565, "max_depth": 1.5357855158589717, "n_estimators": 13.144799854962912}, "datetime": {"datetime": "2021-09-29 20:18:39", "elapsed": 37.064233, "delta": 0.256001}}
{"target": -49.79662828681451, "params": {"eta": 0.030067701629168428, "max_depth": 1.4683217323545177, "n_estimators": 20.64700183505479}, "datetime": {"datetime": "2021-09-29 20:18:39", "elapsed": 37.398236, "delta": 0.334003}}
{"target": -46.738857802537225, "params": {"eta": 0.09426400868238365, "max_depth": 2.827405457388089, "n_estimators": 22.265621760516762}, "datetime": {"datetime": "2021-09-29 20:18:40", "elapsed": 37.759277, "delta": 0.361041}}
{"target": -51.70542470916518, "params": {"eta": 0.12037707142837216, "max_depth": 2.8513665604229823, "n_estimators": 22.36749377663047}, "datetime": {"datetime": "2021-09-29 20:18:41", "elapsed": 38.6036, "delta": 0.844323}}
{"target": -47.08740290754329, "params": {"eta": 0.1389852186810937, "max_depth": 1.9742046635003327, "n_estimators": 12.442083741671661}, "datetime": {"datetime": "2021-09-29 20:18:41", "elapsed": 38.882601, "delta": 0.279001}}
{"target": -41.32212208189236, "params": {"eta": 0.05602224890734327, "max_depth": 3.224521556797931, "n_estimators": 20.16962372789899}, "datetime": {"datetime": "2021-09-29 20:18:41", "elapsed": 39.164598, "delta": 0.281997}}
{"target": -46.23610860404387, "params": {"eta": 0.06378557934234158, "max_depth": 2.0257241030383972, "n_estimators": 12.483285546362003}, "datetime": {"datetime": "2021-09-29 20:18:42", "elapsed": 39.86497, "delta": 0.700372}}
{"target": -83.01389149401734, "params": {"eta": 0.03207473960764726, "max_depth": 2.641617651953175, "n_estimators": 5.205913496092169}, "datetime": {"datetime": "2021-09-29 20:18:42", "elapsed": 40.178971, "delta": 0.314001}}
{"target": -45.70380248884652, "params": {"eta": 0.14848067544967972, "max_depth": 2.089024989053744, "n_estimators": 12.48860983348757}, "datetime": {"datetime": "2021-09-29 20:18:43", "elapsed": 40.537571, "delta": 0.3586}}
{"target": -45.486390334266034, "params": {"eta": 0.09529133292080642, "max_depth": 1.1041860465598858, "n_estimators": 7.09843442039659}, "datetime": {"datetime": "2021-09-29 20:18:43", "elapsed": 40.885569, "delta": 0.347998}}
{"target": -42.137723879035654, "params": {"eta": 0.10746092686163909, "max_depth": 1.9304777613114252, "n_estimators": 12.622603745078198}, "datetime": {"datetime": "2021-09-29 20:18:44", "elapsed": 41.441573, "delta": 0.556004}}
{"target": -59.755649072417846, "params": {"eta": 0.02275479756199879, "max_depth": 2.9885254971283928, "n_estimators": 22.453152461284173}, "datetime": {"datetime": "2021-09-29 20:18:45", "elapsed": 42.93979, "delta": 1.498217}}
{"target": -39.8817059076843, "params": {"eta": 0.09662959830079479, "max_depth": 2.02530148993553, "n_estimators": 12.620425078195238}, "datetime": {"datetime": "2021-09-29 20:18:46", "elapsed": 43.637793, "delta": 0.698003}}
{"target": -44.66541395914053, "params": {"eta": 0.11797949007096364, "max_depth": 1.1148323561938933, "n_estimators": 6.416019998397434}, "datetime": {"datetime": "2021-09-29 20:18:46", "elapsed": 44.380793, "delta": 0.743}}
