{"target": -59.115661985516496, "params": {"eta": 0.4228517846555483, "max_depth": 21.889410309822583, "n_estimators": 1.0113231069171438}, "datetime": {"datetime": "2021-09-29 17:01:18", "elapsed": 0.0, "delta": 0.0}}
{"target": -53.06200203423661, "params": {"eta": 0.30930924690552136, "max_depth": 5.255920833696278, "n_estimators": 10.141520882110981}, "datetime": {"datetime": "2021-09-29 17:01:19", "elapsed": 0.108118, "delta": 0.108118}}
{"target": -61.69889460403605, "params": {"eta": 0.1943976092638942, "max_depth": 11.021261084248385, "n_estimators": 40.27997994883632}, "datetime": {"datetime": "2021-09-29 17:01:19", "elapsed": 0.619496, "delta": 0.511378}}
{"target": -66.0293838546053, "params": {"eta": 0.5434285666633234, "max_depth": 13.15664091769555, "n_estimators": 68.83673053927919}, "datetime": {"datetime": "2021-09-29 17:01:20", "elapsed": 1.306249, "delta": 0.686753}}
{"target": -52.738179803676545, "params": {"eta": 0.21240772723420226, "max_depth": 26.465405655337417, "n_estimators": 3.71137172659469}, "datetime": {"datetime": "2021-09-29 17:01:20", "elapsed": 1.369456, "delta": 0.063207}}
{"target": -54.589991006374206, "params": {"eta": 0.29980983654547877, "max_depth": 5.418565462201842, "n_estimators": 9.937613710867653}, "datetime": {"datetime": "2021-09-29 17:01:20", "elapsed": 1.524469, "delta": 0.155013}}
{"target": -56.59229820853011, "params": {"eta": 0.43945534632507066, "max_depth": 4.7533412349292155, "n_estimators": 11.401692632556916}, "datetime": {"datetime": "2021-09-29 17:01:20", "elapsed": 1.727001, "delta": 0.202532}}
{"target": -58.189329006718616, "params": {"eta": 0.7093681202758344, "max_depth": 27.262061048277264, "n_estimators": 4.231030585253288}, "datetime": {"datetime": "2021-09-29 17:01:20", "elapsed": 2.0207, "delta": 0.293699}}
{"target": -54.271452251656235, "params": {"eta": 0.703613044922744, "max_depth": 25.812876842629336, "n_estimators": 3.351755430893713}, "datetime": {"datetime": "2021-09-29 17:01:21", "elapsed": 2.292434, "delta": 0.271734}}
{"target": -56.90816938980199, "params": {"eta": 0.40009657290936357, "max_depth": 4.265731195060909, "n_estimators": 9.826822018042892}, "datetime": {"datetime": "2021-09-29 17:01:21", "elapsed": 2.595923, "delta": 0.303489}}
{"target": -53.03573298419534, "params": {"eta": 0.4416349531205837, "max_depth": 1.7518607230088485, "n_estimators": 55.41658530999221}, "datetime": {"datetime": "2021-09-29 17:12:05", "elapsed": 0.0, "delta": 0.0}}
{"target": -62.13173540475738, "params": {"eta": 0.4409691686920941, "max_depth": 13.190666260537181, "n_estimators": 33.703147279383536}, "datetime": {"datetime": "2021-09-29 17:12:06", "elapsed": 0.472997, "delta": 0.472997}}
{"target": -60.64101258342075, "params": {"eta": 0.21260214769746408, "max_depth": 18.958858024169245, "n_estimators": 30.66581269377779}, "datetime": {"datetime": "2021-09-29 17:12:07", "elapsed": 1.671998, "delta": 1.199001}}
{"target": -61.837082400067835, "params": {"eta": 0.274159002351838, "max_depth": 19.012881150309553, "n_estimators": 53.38506733342687}, "datetime": {"datetime": "2021-09-29 17:12:08", "elapsed": 2.378001, "delta": 0.706003}}
{"target": -53.00526526540684, "params": {"eta": 0.14323414589148423, "max_depth": 15.893765516706646, "n_estimators": 19.259546699044613}, "datetime": {"datetime": "2021-09-29 17:12:09", "elapsed": 3.34611, "delta": 0.968109}}
{"target": -55.29973445325651, "params": {"eta": 0.0460547151188842, "max_depth": 15.88198562605216, "n_estimators": 12.624832380052261}, "datetime": {"datetime": "2021-09-29 17:12:09", "elapsed": 4.088114, "delta": 0.742004}}
{"target": -56.98442231271369, "params": {"eta": 0.9418902656794238, "max_depth": 1.0, "n_estimators": 63.84286712918219}, "datetime": {"datetime": "2021-09-29 17:12:10", "elapsed": 4.754619, "delta": 0.666505}}
{"target": -55.564164607226175, "params": {"eta": 1.0, "max_depth": 1.0, "n_estimators": 48.18518101130313}, "datetime": {"datetime": "2021-09-29 17:12:11", "elapsed": 5.374615, "delta": 0.619996}}
{"target": -73.37821554454004, "params": {"eta": 1.0, "max_depth": 7.8168736452357805, "n_estimators": 18.001949154524194}, "datetime": {"datetime": "2021-09-29 17:12:11", "elapsed": 6.005616, "delta": 0.631001}}
{"target": -83.67544812878205, "params": {"eta": 0.01, "max_depth": 17.833183954498285, "n_estimators": 16.52403678370886}, "datetime": {"datetime": "2021-09-29 17:12:12", "elapsed": 6.612618, "delta": 0.607002}}
{"target": -64.54762058578105, "params": {"eta": 0.4848955541809827, "max_depth": 26.194402979751132, "n_estimators": 86.98118038375026}, "datetime": {"datetime": "2021-09-29 17:12:13", "elapsed": 7.447618, "delta": 0.835}}
{"target": -58.14162358475292, "params": {"eta": 0.12879389713971903, "max_depth": 12.772663691594849, "n_estimators": 38.050680562744894}, "datetime": {"datetime": "2021-09-29 17:12:13", "elapsed": 7.940619, "delta": 0.493001}}
{"target": -60.086944397372164, "params": {"eta": 0.1472681479920711, "max_depth": 14.742272272536672, "n_estimators": 87.8647734872801}, "datetime": {"datetime": "2021-09-29 17:12:15", "elapsed": 10.102881, "delta": 2.162262}}
{"target": -50.439442352389406, "params": {"eta": 0.49149576003879614, "max_depth": 26.93932718111245, "n_estimators": 2.1908808984534396}, "datetime": {"datetime": "2021-09-29 17:12:16", "elapsed": 10.29188, "delta": 0.188999}}
{"target": -59.48856808518907, "params": {"eta": 0.17486921777570805, "max_depth": 10.98030516053564, "n_estimators": 66.83950405461584}, "datetime": {"datetime": "2021-09-29 17:12:16", "elapsed": 11.09732, "delta": 0.80544}}
{"target": -64.17023811956169, "params": {"eta": 0.38850951662470457, "max_depth": 4.1360119350295665, "n_estimators": 68.69105856649537}, "datetime": {"datetime": "2021-09-29 17:12:17", "elapsed": 11.467321, "delta": 0.370001}}
{"target": -63.72490796676594, "params": {"eta": 0.41042749430572084, "max_depth": 19.457108383522957, "n_estimators": 25.14805229600527}, "datetime": {"datetime": "2021-09-29 17:12:17", "elapsed": 12.070972, "delta": 0.603651}}
{"target": -65.43280237605896, "params": {"eta": 0.8217560248957769, "max_depth": 15.341000500545395, "n_estimators": 66.98135640614878}, "datetime": {"datetime": "2021-09-29 17:12:18", "elapsed": 12.546972, "delta": 0.476}}
{"target": -59.47528906996309, "params": {"eta": 0.12638303325986483, "max_depth": 13.587601024705787, "n_estimators": 39.76114268291468}, "datetime": {"datetime": "2021-09-29 17:12:19", "elapsed": 13.793123, "delta": 1.246151}}
{"target": -50.815525788483576, "params": {"eta": 0.4624944257467832, "max_depth": 26.905608598303647, "n_estimators": 2.885710741964296}, "datetime": {"datetime": "2021-09-29 17:12:19", "elapsed": 14.101096, "delta": 0.307973}}
{"target": -60.91219676139213, "params": {"eta": 0.21585940763664388, "max_depth": 28.35427913075568, "n_estimators": 2.2945253013123166}, "datetime": {"datetime": "2021-09-29 17:12:20", "elapsed": 14.913481, "delta": 0.812385}}
{"target": -50.98133832595304, "params": {"eta": 0.6486911166050207, "max_depth": 25.89760369743838, "n_estimators": 2.106356261176745}, "datetime": {"datetime": "2021-09-29 17:12:21", "elapsed": 15.272837, "delta": 0.359356}}
{"target": -59.42224818889533, "params": {"eta": 0.20511986704567906, "max_depth": 14.85136869469914, "n_estimators": 20.689488786056422}, "datetime": {"datetime": "2021-09-29 17:12:22", "elapsed": 16.454853, "delta": 1.182016}}
{"target": -79.10300092545272, "params": {"eta": 1.0, "max_depth": 25.461780217742565, "n_estimators": 3.8340366958320287}, "datetime": {"datetime": "2021-09-29 17:12:23", "elapsed": 17.357968, "delta": 0.903115}}
{"target": -78.44142073290047, "params": {"eta": 0.2014094322968607, "max_depth": 26.145700462374915, "n_estimators": 1.2585752522400013}, "datetime": {"datetime": "2021-09-29 17:12:23", "elapsed": 17.692949, "delta": 0.334981}}
{"target": -58.445278308266936, "params": {"eta": 0.24981665503322115, "max_depth": 15.442754566242925, "n_estimators": 19.643354203958072}, "datetime": {"datetime": "2021-09-29 17:12:24", "elapsed": 18.209948, "delta": 0.516999}}
{"target": -49.6032983445831, "params": {"eta": 0.36933450398197015, "max_depth": 26.297568572235665, "n_estimators": 2.340621465938668}, "datetime": {"datetime": "2021-09-29 17:12:24", "elapsed": 18.412949, "delta": 0.203001}}
{"target": -50.30467297562221, "params": {"eta": 0.33615621980538146, "max_depth": 25.915545315187952, "n_estimators": 2.813773949266074}, "datetime": {"datetime": "2021-09-29 17:12:24", "elapsed": 18.648949, "delta": 0.236}}
{"target": -62.88274217263291, "params": {"eta": 0.8226273844878154, "max_depth": 26.255909825332324, "n_estimators": 2.375757440479039}, "datetime": {"datetime": "2021-09-29 17:12:24", "elapsed": 18.960782, "delta": 0.311833}}
{"target": -52.719185365948974, "params": {"eta": 0.3141643615341001, "max_depth": 26.67522465650319, "n_estimators": 9.399525906954345}, "datetime": {"datetime": "2021-09-29 17:12:25", "elapsed": 19.193782, "delta": 0.233}}
{"target": -75.29589513789277, "params": {"eta": 0.021612542039199868, "max_depth": 27.813925408750865, "n_estimators": 13.159696202654253}, "datetime": {"datetime": "2021-09-29 17:12:25", "elapsed": 19.429781, "delta": 0.235999}}
{"target": -57.716173855510824, "params": {"eta": 0.11227342746875767, "max_depth": 27.049388332578275, "n_estimators": 61.86667373463717}, "datetime": {"datetime": "2021-09-29 17:12:26", "elapsed": 21.126239, "delta": 1.696458}}
{"target": -65.08708099349357, "params": {"eta": 0.18683699259614261, "max_depth": 25.95069706345568, "n_estimators": 2.3286276756511186}, "datetime": {"datetime": "2021-09-29 17:12:27", "elapsed": 21.416239, "delta": 0.29}}
{"target": -75.30549298653074, "params": {"eta": 0.8691227998805892, "max_depth": 28.55603216749962, "n_estimators": 26.338787893572963}, "datetime": {"datetime": "2021-09-29 17:12:27", "elapsed": 21.892235, "delta": 0.475996}}
{"target": -59.462153623715295, "params": {"eta": 0.6747459252158197, "max_depth": 8.581493379724193, "n_estimators": 27.926951904295183}, "datetime": {"datetime": "2021-09-29 17:12:28", "elapsed": 22.521097, "delta": 0.628862}}
{"target": -65.50808325120164, "params": {"eta": 0.7469062321553074, "max_depth": 21.149231548476628, "n_estimators": 94.11586698372356}, "datetime": {"datetime": "2021-09-29 17:12:29", "elapsed": 23.273834, "delta": 0.752737}}
{"target": -56.188472086502884, "params": {"eta": 0.34194696269146896, "max_depth": 5.226949859360611, "n_estimators": 16.322497269469004}, "datetime": {"datetime": "2021-09-29 17:12:29", "elapsed": 23.762835, "delta": 0.489001}}
{"target": -59.755276511344334, "params": {"eta": 0.21333878802524317, "max_depth": 3.7123860763604206, "n_estimators": 67.06115878049812}, "datetime": {"datetime": "2021-09-29 17:12:30", "elapsed": 24.503835, "delta": 0.741}}
{"target": -63.0942056995657, "params": {"eta": 0.5293305631033024, "max_depth": 20.575037655424822, "n_estimators": 54.26220685743455}, "datetime": {"datetime": "2021-09-29 17:12:31", "elapsed": 25.299714, "delta": 0.795879}}
{"target": -69.14815835480606, "params": {"eta": 0.7899121840976803, "max_depth": 9.406238032438306, "n_estimators": 33.68010789787945}, "datetime": {"datetime": "2021-09-29 17:12:31", "elapsed": 25.793714, "delta": 0.494}}
{"target": -62.37229905076012, "params": {"eta": 0.6592869165703421, "max_depth": 8.4653475611857, "n_estimators": 38.928477487628236}, "datetime": {"datetime": "2021-09-29 17:12:32", "elapsed": 26.414714, "delta": 0.621}}
{"target": -56.73768022871221, "params": {"eta": 0.3130258703024946, "max_depth": 22.55511170744238, "n_estimators": 77.48992803986836}, "datetime": {"datetime": "2021-09-29 17:12:33", "elapsed": 27.405104, "delta": 0.99039}}
{"target": -70.93870404034564, "params": {"eta": 0.6042761739702839, "max_depth": 20.633520791153646, "n_estimators": 52.96199547593206}, "datetime": {"datetime": "2021-09-29 17:12:34", "elapsed": 29.024075, "delta": 1.618971}}
{"target": -66.72691676314018, "params": {"eta": 0.8194917034337978, "max_depth": 6.4703789554233655, "n_estimators": 7.821505144887871}, "datetime": {"datetime": "2021-09-29 17:12:35", "elapsed": 29.341297, "delta": 0.317222}}
{"target": -60.229398375304314, "params": {"eta": 0.5229908090953879, "max_depth": 2.4799724777407013, "n_estimators": 69.1477198572459}, "datetime": {"datetime": "2021-09-29 17:12:35", "elapsed": 29.65493, "delta": 0.313633}}
{"target": -59.15056471388197, "params": {"eta": 0.1733379311665714, "max_depth": 9.596822407933933, "n_estimators": 71.79371119003213}, "datetime": {"datetime": "2021-09-29 17:12:36", "elapsed": 30.636927, "delta": 0.981997}}
{"target": -83.31988031869018, "params": {"eta": 0.9658724403366441, "max_depth": 19.33271706745071, "n_estimators": 21.097992226125406}, "datetime": {"datetime": "2021-09-29 17:12:37", "elapsed": 31.543556, "delta": 0.906629}}
{"target": -68.77470291902468, "params": {"eta": 0.8062557326867966, "max_depth": 15.474149578518677, "n_estimators": 41.592860635541065}, "datetime": {"datetime": "2021-09-29 17:12:38", "elapsed": 32.775851, "delta": 1.232295}}
{"target": -50.056696909384435, "params": {"eta": 0.4331938389630556, "max_depth": 26.23348222834543, "n_estimators": 2.7151338097803093}, "datetime": {"datetime": "2021-09-29 17:12:38", "elapsed": 33.058842, "delta": 0.282991}}
{"target": -69.99324852000738, "params": {"eta": 0.9792314896542004, "max_depth": 7.644052205697874, "n_estimators": 99.83824147100626}, "datetime": {"datetime": "2021-09-29 17:12:39", "elapsed": 33.608842, "delta": 0.55}}
{"target": -46.51954267730986, "params": {"eta": 0.028987473838127123, "max_depth": 20.72008020005718, "n_estimators": 34.34103505224146}, "datetime": {"datetime": "2021-09-29 17:12:40", "elapsed": 34.204841, "delta": 0.595999}}
{"target": -93.08609946794465, "params": {"eta": 0.027603449199460034, "max_depth": 26.53962029877092, "n_estimators": 2.500673888377547}, "datetime": {"datetime": "2021-09-29 17:12:40", "elapsed": 34.919732, "delta": 0.714891}}
{"target": -51.33165506034479, "params": {"eta": 0.5104460601270099, "max_depth": 25.997203006513757, "n_estimators": 2.1313494361467056}, "datetime": {"datetime": "2021-09-29 17:12:41", "elapsed": 35.266102, "delta": 0.34637}}
{"target": -51.52024184191539, "params": {"eta": 0.0648890865504815, "max_depth": 15.931322377463939, "n_estimators": 12.700369995356597}, "datetime": {"datetime": "2021-09-29 17:12:41", "elapsed": 35.682103, "delta": 0.416001}}
{"target": -59.892649764550576, "params": {"eta": 0.2758572948434472, "max_depth": 20.65339194883238, "n_estimators": 34.49199486916355}, "datetime": {"datetime": "2021-09-29 17:12:42", "elapsed": 36.644102, "delta": 0.961999}}
{"target": -63.06753984101121, "params": {"eta": 0.1907823537718369, "max_depth": 20.705288271014474, "n_estimators": 34.18218793658295}, "datetime": {"datetime": "2021-09-29 17:12:43", "elapsed": 37.648548, "delta": 1.004446}}
{"target": -64.40285011896599, "params": {"eta": 0.8412231398201752, "max_depth": 21.461586207298463, "n_estimators": 63.624875972814635}, "datetime": {"datetime": "2021-09-29 17:12:44", "elapsed": 38.313547, "delta": 0.664999}}
{"target": -61.90496691009959, "params": {"eta": 0.12520391614698836, "max_depth": 14.759879609696485, "n_estimators": 87.95280772091253}, "datetime": {"datetime": "2021-09-29 17:12:45", "elapsed": 39.949806, "delta": 1.636259}}
{"target": -50.439442352389406, "params": {"eta": 0.4854853513555512, "max_depth": 26.69119102016532, "n_estimators": 2.8940624030620077}, "datetime": {"datetime": "2021-09-29 17:12:46", "elapsed": 40.292801, "delta": 0.342995}}
{"target": -45.020530931880586, "params": {"eta": 0.08404971437555586, "max_depth": 2.2438394633907466, "n_estimators": 22.67151942910223}, "datetime": {"datetime": "2021-09-29 17:12:46", "elapsed": 40.646803, "delta": 0.354002}}
{"target": -51.21154961264804, "params": {"eta": 0.11766548631911827, "max_depth": 2.08375022926313, "n_estimators": 22.909003210937133}, "datetime": {"datetime": "2021-09-29 17:12:46", "elapsed": 41.012805, "delta": 0.366002}}
{"target": -53.819964811286205, "params": {"eta": 0.5384516123869723, "max_depth": 27.015734864064438, "n_estimators": 2.5974476872992307}, "datetime": {"datetime": "2021-09-29 17:12:47", "elapsed": 41.332373, "delta": 0.319568}}
{"target": -50.20196930628998, "params": {"eta": 0.5556785491950541, "max_depth": 26.324147399830725, "n_estimators": 2.896955057467282}, "datetime": {"datetime": "2021-09-29 17:12:47", "elapsed": 41.725373, "delta": 0.393}}
{"target": -50.83375964699426, "params": {"eta": 0.5785644486566218, "max_depth": 26.294368232879698, "n_estimators": 2.8116087751133056}, "datetime": {"datetime": "2021-09-29 17:12:47", "elapsed": 42.166928, "delta": 0.441555}}
{"target": -62.72008047161749, "params": {"eta": 0.7912784024865865, "max_depth": 26.974946633836463, "n_estimators": 2.197875474657825}, "datetime": {"datetime": "2021-09-29 17:12:48", "elapsed": 42.60293, "delta": 0.436002}}
{"target": -72.48060873028099, "params": {"eta": 0.8736806417825004, "max_depth": 26.903165941912544, "n_estimators": 2.804574219906383}, "datetime": {"datetime": "2021-09-29 17:12:49", "elapsed": 43.2004, "delta": 0.59747}}
{"target": -51.86776912811432, "params": {"eta": 0.44073683317890344, "max_depth": 26.12476877343369, "n_estimators": 3.088843336525456}, "datetime": {"datetime": "2021-09-29 17:12:49", "elapsed": 43.6664, "delta": 0.466}}
{"target": -60.174759886053465, "params": {"eta": 0.27744531140419043, "max_depth": 3.6892580814958142, "n_estimators": 66.99716147350776}, "datetime": {"datetime": "2021-09-29 17:12:50", "elapsed": 44.4414, "delta": 0.775}}
{"target": -46.93494970765473, "params": {"eta": 0.37912978634097766, "max_depth": 26.483831498631062, "n_estimators": 3.077267552173342}, "datetime": {"datetime": "2021-09-29 17:12:51", "elapsed": 45.90939, "delta": 1.46799}}
{"target": -68.80036875830316, "params": {"eta": 0.6145247529877839, "max_depth": 20.027589747239816, "n_estimators": 75.63044408719374}, "datetime": {"datetime": "2021-09-29 17:12:54", "elapsed": 48.707549, "delta": 2.798159}}
{"target": -55.41600937507023, "params": {"eta": 0.21458595119223334, "max_depth": 1.9671278136524935, "n_estimators": 22.51215035625829}, "datetime": {"datetime": "2021-09-29 17:12:55", "elapsed": 49.504821, "delta": 0.797272}}
{"target": -55.76184979048049, "params": {"eta": 0.20444769638085605, "max_depth": 2.7302360442895686, "n_estimators": 22.56882126316711}, "datetime": {"datetime": "2021-09-29 17:12:55", "elapsed": 49.934066, "delta": 0.429245}}
{"target": -60.34428422284309, "params": {"eta": 0.653228822261059, "max_depth": 24.972464475755924, "n_estimators": 22.48168840074491}, "datetime": {"datetime": "2021-09-29 17:12:56", "elapsed": 50.510062, "delta": 0.575996}}
{"target": -50.52146094009168, "params": {"eta": 0.26039767686103316, "max_depth": 26.835704229061143, "n_estimators": 3.0683348442267047}, "datetime": {"datetime": "2021-09-29 17:12:56", "elapsed": 50.972066, "delta": 0.462004}}
{"target": -51.52024184191539, "params": {"eta": 0.06028197583824098, "max_depth": 16.20479443954025, "n_estimators": 12.832705711303424}, "datetime": {"datetime": "2021-09-29 17:12:57", "elapsed": 51.663472, "delta": 0.691406}}
{"target": -56.25232228533786, "params": {"eta": 0.6101900968775062, "max_depth": 2.153264515478659, "n_estimators": 22.810508231522785}, "datetime": {"datetime": "2021-09-29 17:12:58", "elapsed": 52.285471, "delta": 0.621999}}
{"target": -50.039849410283885, "params": {"eta": 0.4224064215913314, "max_depth": 26.8340775730899, "n_estimators": 2.881586857893214}, "datetime": {"datetime": "2021-09-29 17:12:58", "elapsed": 52.677469, "delta": 0.391998}}
{"target": -61.428752182513655, "params": {"eta": 0.12148097108845245, "max_depth": 11.365898380001457, "n_estimators": 44.70407860075851}, "datetime": {"datetime": "2021-09-29 17:12:59", "elapsed": 53.892042, "delta": 1.214573}}
{"target": -69.81167961517059, "params": {"eta": 0.011291952182180797, "max_depth": 20.792952236597337, "n_estimators": 34.61124524212388}, "datetime": {"datetime": "2021-09-29 17:13:00", "elapsed": 54.525043, "delta": 0.633001}}
{"target": -55.286400097089114, "params": {"eta": 0.2651490241319668, "max_depth": 2.1551925206584706, "n_estimators": 22.81420269079315}, "datetime": {"datetime": "2021-09-29 17:13:01", "elapsed": 55.266043, "delta": 0.741}}
{"target": -45.980613100341586, "params": {"eta": 0.07839513410278023, "max_depth": 15.952076304656275, "n_estimators": 13.044156980999308}, "datetime": {"datetime": "2021-09-29 17:13:02", "elapsed": 56.207701, "delta": 0.941658}}
{"target": -57.91472117587515, "params": {"eta": 0.32182328749087585, "max_depth": 9.180205486705349, "n_estimators": 86.58959824896064}, "datetime": {"datetime": "2021-09-29 17:13:03", "elapsed": 57.381931, "delta": 1.17423}}
{"target": -66.34856072013679, "params": {"eta": 0.44203733538700846, "max_depth": 16.01974510654307, "n_estimators": 12.947179560324672}, "datetime": {"datetime": "2021-09-29 17:13:03", "elapsed": 58.054929, "delta": 0.672998}}
{"target": -50.034496764624734, "params": {"eta": 0.34906585754313957, "max_depth": 26.728988561587286, "n_estimators": 2.0110312883474584}, "datetime": {"datetime": "2021-09-29 17:13:04", "elapsed": 58.626932, "delta": 0.572003}}
{"target": -76.53728215138143, "params": {"eta": 0.9634154744186791, "max_depth": 16.595415046831484, "n_estimators": 48.80514046782105}, "datetime": {"datetime": "2021-09-29 17:13:05", "elapsed": 59.317931, "delta": 0.690999}}
{"target": -50.04269371278944, "params": {"eta": 0.36231675346797326, "max_depth": 27.032317736611567, "n_estimators": 2.002799019129243}, "datetime": {"datetime": "2021-09-29 17:13:06", "elapsed": 60.342114, "delta": 1.024183}}
{"target": -50.98133832595304, "params": {"eta": 0.653860912746267, "max_depth": 25.653696079907952, "n_estimators": 2.5688127785821893}, "datetime": {"datetime": "2021-09-29 17:13:06", "elapsed": 61.091117, "delta": 0.749003}}
