{"target": -41.68571776190906, "params": {"eta": 0.10074213656547941, "max_depth": 2.10000709222953, "n_estimators": 9.717678523116039}, "datetime": {"datetime": "2021-09-29 18:25:25", "elapsed": 61.966326, "delta": 0.556001}}
{"target": -53.05883703873347, "params": {"eta": 0.15896367485597446, "max_depth": 3.9872422266584575, "n_estimators": 17.534926273880256}, "datetime": {"datetime": "2021-09-29 18:25:26", "elapsed": 63.008857, "delta": 1.042531}}
{"target": -51.13274837150882, "params": {"eta": 0.11034715269160299, "max_depth": 1.6137381905245551, "n_estimators": 20.09729357836342}, "datetime": {"datetime": "2021-09-29 18:25:26", "elapsed": 63.442854, "delta": 0.433997}}
{"target": -43.636160984932076, "params": {"eta": 0.09247339214046449, "max_depth": 2.2746888125773803, "n_estimators": 9.794006599526584}, "datetime": {"datetime": "2021-09-29 18:25:27", "elapsed": 64.248858, "delta": 0.806004}}
{"target": -77.2301754094037, "params": {"eta": 0.04465843475696049, "max_depth": 1.586958138802479, "n_estimators": 5.01085676755804}, "datetime": {"datetime": "2021-09-29 18:25:27", "elapsed": 64.674398, "delta": 0.42554}}
{"target": -47.95848227452225, "params": {"eta": 0.1465885833251369, "max_depth": 1.1611143796540322, "n_estimators": 4.882538550268595}, "datetime": {"datetime": "2021-09-29 18:25:28", "elapsed": 65.164394, "delta": 0.489996}}
{"target": -40.72870475162954, "params": {"eta": 0.16, "max_depth": 1.0, "n_estimators": 7.569420221033852}, "datetime": {"datetime": "2021-09-29 18:25:28", "elapsed": 65.848396, "delta": 0.684002}}
{"target": -43.636160984932076, "params": {"eta": 0.08855564891241817, "max_depth": 2.0000552435520054, "n_estimators": 9.608039284140514}, "datetime": {"datetime": "2021-09-29 18:25:30", "elapsed": 67.125743, "delta": 1.277347}}
{"target": -40.927681841487704, "params": {"eta": 0.1297311842438182, "max_depth": 2.4167456659881776, "n_estimators": 9.683212985531025}, "datetime": {"datetime": "2021-09-29 18:25:31", "elapsed": 68.263427, "delta": 1.137684}}
{"target": -41.96651255592825, "params": {"eta": 0.16, "max_depth": 2.2002102198183655, "n_estimators": 9.683130529156886}, "datetime": {"datetime": "2021-09-29 18:25:32", "elapsed": 69.133073, "delta": 0.869646}}
{"target": -42.4420835419604, "params": {"eta": 0.09937725129627768, "max_depth": 1.9022021324562555, "n_estimators": 13.814863457045503}, "datetime": {"datetime": "2021-09-29 18:25:32", "elapsed": 69.61207, "delta": 0.478997}}
{"target": -40.61128648399786, "params": {"eta": 0.11005898790679702, "max_depth": 2.485772174045436, "n_estimators": 9.568295810814266}, "datetime": {"datetime": "2021-09-29 18:25:34", "elapsed": 70.913795, "delta": 1.301725}}
{"target": -43.636160984932076, "params": {"eta": 0.08574571950843568, "max_depth": 2.5408455019527216, "n_estimators": 9.71243583104481}, "datetime": {"datetime": "2021-09-29 18:25:36", "elapsed": 73.021214, "delta": 2.107419}}
{"target": -41.68571776190906, "params": {"eta": 0.1029422088782212, "max_depth": 2.6627157596195037, "n_estimators": 9.538058727768137}, "datetime": {"datetime": "2021-09-29 18:25:36", "elapsed": 73.812207, "delta": 0.790993}}
{"target": -41.96651255592825, "params": {"eta": 0.15848210236000568, "max_depth": 2.5367471036648657, "n_estimators": 9.4739678767991}, "datetime": {"datetime": "2021-09-29 18:25:38", "elapsed": 75.034161, "delta": 1.221954}}
{"target": -41.96651255592825, "params": {"eta": 0.1555560476455603, "max_depth": 2.4349310814911567, "n_estimators": 9.850268323672163}, "datetime": {"datetime": "2021-09-29 18:25:39", "elapsed": 76.605391, "delta": 1.57123}}
{"target": -58.75973246324978, "params": {"eta": 0.05249786673068553, "max_depth": 2.5981701701608158, "n_estimators": 9.405226508276899}, "datetime": {"datetime": "2021-09-29 18:25:41", "elapsed": 78.388614, "delta": 1.783223}}
{"target": -62.841114742189106, "params": {"eta": 0.02566672569725597, "max_depth": 2.5982263253216518, "n_estimators": 13.731489909898716}, "datetime": {"datetime": "2021-09-29 18:25:41", "elapsed": 78.860617, "delta": 0.472003}}
{"target": -43.30853449879487, "params": {"eta": 0.04969677332060961, "max_depth": 1.6237744642246712, "n_estimators": 16.38414122338743}, "datetime": {"datetime": "2021-09-29 18:25:42", "elapsed": 79.310613, "delta": 0.449996}}
{"target": -43.10520020186896, "params": {"eta": 0.09468362774416668, "max_depth": 1.5718734579068978, "n_estimators": 16.231442013670126}, "datetime": {"datetime": "2021-09-29 18:25:43", "elapsed": 80.193294, "delta": 0.882681}}
{"target": -53.877364681973376, "params": {"eta": 0.12903016090353103, "max_depth": 2.6634932873100055, "n_estimators": 25.598139330833103}, "datetime": {"datetime": "2021-09-29 18:25:43", "elapsed": 80.673638, "delta": 0.480344}}
{"target": -47.31331837534287, "params": {"eta": 0.10905593645057679, "max_depth": 1.5665863490986132, "n_estimators": 16.392783522361515}, "datetime": {"datetime": "2021-09-29 18:25:44", "elapsed": 81.329637, "delta": 0.655999}}
{"target": -55.842342312409365, "params": {"eta": 0.03434397015492004, "max_depth": 1.5521420806835193, "n_estimators": 16.330351757861614}, "datetime": {"datetime": "2021-09-29 18:25:45", "elapsed": 82.354639, "delta": 1.025002}}
{"target": -53.620444546568805, "params": {"eta": 0.055533773468092185, "max_depth": 2.575662548730609, "n_estimators": 9.559810480113963}, "datetime": {"datetime": "2021-09-29 18:25:46", "elapsed": 83.028172, "delta": 0.673533}}
{"target": -67.9922584368481, "params": {"eta": 0.07695622179425639, "max_depth": 3.202244137821438, "n_estimators": 4.029449677112776}, "datetime": {"datetime": "2021-09-29 18:25:46", "elapsed": 83.53817, "delta": 0.509998}}
{"target": -53.786590855867075, "params": {"eta": 0.15461089874066322, "max_depth": 1.6487186954523407, "n_estimators": 16.348870572303454}, "datetime": {"datetime": "2021-09-29 18:25:47", "elapsed": 84.158174, "delta": 0.620004}}
{"target": -41.8057276552278, "params": {"eta": 0.14710400699053564, "max_depth": 2.3886342494012345, "n_estimators": 9.583477500227241}, "datetime": {"datetime": "2021-09-29 18:25:48", "elapsed": 84.999636, "delta": 0.841462}}
{"target": -40.72870475162954, "params": {"eta": 0.16, "max_depth": 1.0659241322778612, "n_estimators": 7.160932197164644}, "datetime": {"datetime": "2021-09-29 18:25:49", "elapsed": 86.402787, "delta": 1.403151}}
{"target": -41.14032295133928, "params": {"eta": 0.07732887515295137, "max_depth": 3.5422648538580885, "n_estimators": 16.49521863975776}, "datetime": {"datetime": "2021-09-29 18:25:50", "elapsed": 86.990787, "delta": 0.588}}
{"target": -40.72870475162954, "params": {"eta": 0.16, "max_depth": 1.047382478573345, "n_estimators": 7.6336844825017875}, "datetime": {"datetime": "2021-09-29 18:25:51", "elapsed": 87.938814, "delta": 0.948027}}
{"target": -45.486390334266034, "params": {"eta": 0.10379991151867797, "max_depth": 1.0985924662550812, "n_estimators": 7.105852787039999}, "datetime": {"datetime": "2021-09-29 18:25:51", "elapsed": 88.488762, "delta": 0.549948}}
{"target": -41.99907492045695, "params": {"eta": 0.11704579745897732, "max_depth": 1.0821319291843148, "n_estimators": 7.527555304775976}, "datetime": {"datetime": "2021-09-29 18:25:52", "elapsed": 89.608764, "delta": 1.120002}}
{"target": -43.847256687421904, "params": {"eta": 0.1343106581616199, "max_depth": 2.0950780698876876, "n_estimators": 12.485733594389135}, "datetime": {"datetime": "2021-09-29 18:25:53", "elapsed": 90.108376, "delta": 0.499612}}
{"target": -49.47340610830505, "params": {"eta": 0.07334619494286936, "max_depth": 2.366171205785238, "n_estimators": 9.74178194600697}, "datetime": {"datetime": "2021-09-29 18:25:54", "elapsed": 91.421642, "delta": 1.313266}}
{"target": -40.927681841487704, "params": {"eta": 0.13022220414076072, "max_depth": 2.5386458455105307, "n_estimators": 9.832655807028239}, "datetime": {"datetime": "2021-09-29 18:25:55", "elapsed": 92.293639, "delta": 0.871997}}
{"target": -49.47340610830505, "params": {"eta": 0.07093225851931508, "max_depth": 2.4769849426760833, "n_estimators": 9.824291778083612}, "datetime": {"datetime": "2021-09-29 18:25:56", "elapsed": 93.254938, "delta": 0.961299}}
{"target": -58.75973246324978, "params": {"eta": 0.05102290841124901, "max_depth": 2.180931791051359, "n_estimators": 9.782828115373576}, "datetime": {"datetime": "2021-09-29 18:25:57", "elapsed": 94.452964, "delta": 1.198026}}
{"target": -40.927681841487704, "params": {"eta": 0.13272199562718295, "max_depth": 2.0136608693453963, "n_estimators": 9.691399859092348}, "datetime": {"datetime": "2021-09-29 18:25:58", "elapsed": 95.587965, "delta": 1.135001}}
{"target": -50.97407518755263, "params": {"eta": 0.10062548929246738, "max_depth": 3.495777594898895, "n_estimators": 25.62598562016412}, "datetime": {"datetime": "2021-09-29 18:25:59", "elapsed": 96.286962, "delta": 0.698997}}
{"target": -40.927681841487704, "params": {"eta": 0.1322904107189152, "max_depth": 2.319307693418506, "n_estimators": 9.897823406927223}, "datetime": {"datetime": "2021-09-29 18:26:00", "elapsed": 97.861757, "delta": 1.574795}}
{"target": -40.50904553432999, "params": {"eta": 0.1514853183507449, "max_depth": 1.5296529326449937, "n_estimators": 7.883542503787617}, "datetime": {"datetime": "2021-09-29 18:26:01", "elapsed": 98.492054, "delta": 0.630297}}
{"target": -46.984718733680644, "params": {"eta": 0.0841667610571907, "max_depth": 3.4630992961429885, "n_estimators": 9.662774614979666}, "datetime": {"datetime": "2021-09-29 18:26:02", "elapsed": 99.080053, "delta": 0.587999}}
{"target": -41.96651255592825, "params": {"eta": 0.15979243979009808, "max_depth": 2.129967313244358, "n_estimators": 9.643538720179594}, "datetime": {"datetime": "2021-09-29 18:26:02", "elapsed": 99.877086, "delta": 0.797033}}
{"target": -70.96345678525583, "params": {"eta": 0.034752325596757346, "max_depth": 1.9973152775874836, "n_estimators": 9.724598322776169}, "datetime": {"datetime": "2021-09-29 18:26:04", "elapsed": 100.972684, "delta": 1.095598}}
{"target": -41.96651255592825, "params": {"eta": 0.15563092345350166, "max_depth": 2.049076468792977, "n_estimators": 9.5107711236877}, "datetime": {"datetime": "2021-09-29 18:26:05", "elapsed": 102.155684, "delta": 1.183}}
{"target": -59.755649072417846, "params": {"eta": 0.02, "max_depth": 2.8726781430482045, "n_estimators": 22.302806089973622}, "datetime": {"datetime": "2021-09-29 18:26:06", "elapsed": 103.030728, "delta": 0.875044}}
{"target": -41.6344637017482, "params": {"eta": 0.07500929453434653, "max_depth": 1.6290092818745159, "n_estimators": 16.321420779681794}, "datetime": {"datetime": "2021-09-29 18:26:07", "elapsed": 104.067727, "delta": 1.036999}}
{"target": -58.75973246324978, "params": {"eta": 0.05076740629037299, "max_depth": 2.409355778652656, "n_estimators": 9.582457692159506}, "datetime": {"datetime": "2021-09-29 18:26:08", "elapsed": 104.9245, "delta": 0.856773}}
{"target": -41.8057276552278, "params": {"eta": 0.1548522296091634, "max_depth": 2.496392106896572, "n_estimators": 9.730353032664137}, "datetime": {"datetime": "2021-09-29 18:26:09", "elapsed": 105.938499, "delta": 1.013999}}
{"target": -59.19349702235933, "params": {"eta": 0.062382291249507504, "max_depth": 1.056991083486816, "n_estimators": 7.192963296127879}, "datetime": {"datetime": "2021-09-29 18:26:10", "elapsed": 107.094105, "delta": 1.155606}}
{"target": -40.8436167229241, "params": {"eta": 0.03891966798965378, "max_depth": 1.917911526472494, "n_estimators": 27.83054325473302}, "datetime": {"datetime": "2021-09-29 18:26:10", "elapsed": 107.771107, "delta": 0.677002}}
{"target": -40.72870475162954, "params": {"eta": 0.15588244863312004, "max_depth": 1.620154116702079, "n_estimators": 7.909347720150985}, "datetime": {"datetime": "2021-09-29 18:26:12", "elapsed": 108.944241, "delta": 1.173134}}
{"target": -41.8057276552278, "params": {"eta": 0.15354484215701839, "max_depth": 2.3711913750759765, "n_estimators": 9.800203078253766}, "datetime": {"datetime": "2021-09-29 18:26:12", "elapsed": 109.867212, "delta": 0.922971}}
{"target": -54.67984379811768, "params": {"eta": 0.11782888822500731, "max_depth": 1.9209595034233178, "n_estimators": 4.7899426127717915}, "datetime": {"datetime": "2021-09-29 18:26:13", "elapsed": 110.756016, "delta": 0.888804}}
{"target": -44.84831565865199, "params": {"eta": 0.0898869251541237, "max_depth": 1.6532602587966947, "n_estimators": 8.355503348102275}, "datetime": {"datetime": "2021-09-29 18:26:14", "elapsed": 111.423015, "delta": 0.666999}}
{"target": -41.12417930963426, "params": {"eta": 0.13012904021819136, "max_depth": 1.6321029741763182, "n_estimators": 7.813355250046005}, "datetime": {"datetime": "2021-09-29 18:26:15", "elapsed": 112.812211, "delta": 1.389196}}
{"target": -41.454863249987106, "params": {"eta": 0.05592889197655908, "max_depth": 3.0758158197280236, "n_estimators": 22.331446589300242}, "datetime": {"datetime": "2021-09-29 18:26:16", "elapsed": 113.710209, "delta": 0.897998}}
{"target": -41.18529448203381, "params": {"eta": 0.052803463373862186, "max_depth": 1.7029988164833225, "n_estimators": 19.653805200287117}, "datetime": {"datetime": "2021-09-29 18:26:17", "elapsed": 114.464208, "delta": 0.753999}}
{"target": -59.19349702235933, "params": {"eta": 0.05866123664615504, "max_depth": 1.5559038199959034, "n_estimators": 7.861714878595858}, "datetime": {"datetime": "2021-09-29 18:26:18", "elapsed": 115.71439, "delta": 1.250182}}
{"target": -41.95962624986605, "params": {"eta": 0.1029769538386517, "max_depth": 3.48074889091828, "n_estimators": 10.667129133279367}, "datetime": {"datetime": "2021-09-29 18:26:19", "elapsed": 116.598101, "delta": 0.883711}}
{"target": -40.78397379569955, "params": {"eta": 0.1129770997014639, "max_depth": 2.103732745057749, "n_estimators": 12.584971696550678}, "datetime": {"datetime": "2021-09-29 18:26:20", "elapsed": 117.5871, "delta": 0.988999}}
{"target": -46.21501829014191, "params": {"eta": 0.08261831468394831, "max_depth": 2.0862235868361303, "n_estimators": 9.626488843323282}, "datetime": {"datetime": "2021-09-29 18:26:21", "elapsed": 118.725956, "delta": 1.138856}}
{"target": -40.50904553432999, "params": {"eta": 0.1487236815336928, "max_depth": 1.166159203994066, "n_estimators": 7.8301911810277804}, "datetime": {"datetime": "2021-09-29 18:26:22", "elapsed": 119.812683, "delta": 1.086727}}
{"target": -50.869246121260566, "params": {"eta": 0.08813857791337497, "max_depth": 3.5003403337449948, "n_estimators": 29.353292090970733}, "datetime": {"datetime": "2021-09-29 18:26:23", "elapsed": 120.525685, "delta": 0.713002}}
{"target": -49.94136380509019, "params": {"eta": 0.13879585534259312, "max_depth": 1.4428982287507388, "n_estimators": 14.777511181704002}, "datetime": {"datetime": "2021-09-29 18:26:24", "elapsed": 121.228221, "delta": 0.702536}}
{"target": -41.96651255592825, "params": {"eta": 0.15862804935476488, "max_depth": 2.605486365726853, "n_estimators": 9.74540806295605}, "datetime": {"datetime": "2021-09-29 18:26:25", "elapsed": 121.978224, "delta": 0.750003}}
{"target": -50.84692059489985, "params": {"eta": 0.07823165406325443, "max_depth": 1.0250252041387977, "n_estimators": 7.59305380598647}, "datetime": {"datetime": "2021-09-29 18:26:26", "elapsed": 123.095037, "delta": 1.116813}}
{"target": -41.8057276552278, "params": {"eta": 0.15316793895178715, "max_depth": 2.570222451141909, "n_estimators": 9.593484105017628}, "datetime": {"datetime": "2021-09-29 18:26:27", "elapsed": 124.666345, "delta": 1.571308}}
{"target": -41.96651255592825, "params": {"eta": 0.16, "max_depth": 2.4434133335818293, "n_estimators": 9.502366273622664}, "datetime": {"datetime": "2021-09-29 18:26:29", "elapsed": 126.007254, "delta": 1.340909}}
{"target": -44.23404413265028, "params": {"eta": 0.15817200159546838, "max_depth": 1.9707678521177638, "n_estimators": 9.612247981841389}, "datetime": {"datetime": "2021-09-29 18:26:30", "elapsed": 127.23543, "delta": 1.228176}}
{"target": -40.927681841487704, "params": {"eta": 0.13177392471040758, "max_depth": 2.752188613637202, "n_estimators": 9.574157871985578}, "datetime": {"datetime": "2021-09-29 18:26:31", "elapsed": 128.842267, "delta": 1.606837}}
{"target": -51.051037622196446, "params": {"eta": 0.14954030659901982, "max_depth": 3.2254516038529175, "n_estimators": 16.57744697692226}, "datetime": {"datetime": "2021-09-29 18:26:32", "elapsed": 129.711554, "delta": 0.869287}}
{"target": -40.80346069598584, "params": {"eta": 0.14374323022860838, "max_depth": 2.7352721976414327, "n_estimators": 9.656923130002234}, "datetime": {"datetime": "2021-09-29 18:26:34", "elapsed": 131.029485, "delta": 1.317931}}
{"target": -58.75973246324978, "params": {"eta": 0.046921778919967114, "max_depth": 2.797248735111731, "n_estimators": 9.64868199798095}, "datetime": {"datetime": "2021-09-29 18:26:35", "elapsed": 131.941486, "delta": 0.912001}}
{"target": -55.69359032118388, "params": {"eta": 0.12985821896678876, "max_depth": 1.9625412371770885, "n_estimators": 27.811054005565833}, "datetime": {"datetime": "2021-09-29 18:26:36", "elapsed": 133.56513, "delta": 1.623644}}
{"target": -92.75248245851526, "params": {"eta": 0.02194387897334904, "max_depth": 3.2378729202719523, "n_estimators": 3.5189824286936076}, "datetime": {"datetime": "2021-09-29 18:26:37", "elapsed": 134.519161, "delta": 0.954031}}
{"target": -41.96651255592825, "params": {"eta": 0.15622919905109064, "max_depth": 2.3390801897394424, "n_estimators": 9.652468034933118}, "datetime": {"datetime": "2021-09-29 18:26:38", "elapsed": 135.755754, "delta": 1.236593}}
{"target": -40.64107290789533, "params": {"eta": 0.1372412185152628, "max_depth": 1.7419256761124968, "n_estimators": 7.879529540825872}, "datetime": {"datetime": "2021-09-29 18:26:40", "elapsed": 136.986064, "delta": 1.23031}}
{"target": -43.57675889518613, "params": {"eta": 0.0674567526691602, "max_depth": 1.9472611837759066, "n_estimators": 11.53100190278317}, "datetime": {"datetime": "2021-09-29 18:26:40", "elapsed": 137.782061, "delta": 0.795997}}
{"target": -59.19349702235933, "params": {"eta": 0.056450759439494014, "max_depth": 1.7282446945058578, "n_estimators": 7.776810559698377}, "datetime": {"datetime": "2021-09-29 18:26:42", "elapsed": 139.13858, "delta": 1.356519}}
{"target": -43.364203916408286, "params": {"eta": 0.11326790995960238, "max_depth": 1.6888578753185477, "n_estimators": 7.954090465387553}, "datetime": {"datetime": "2021-09-29 18:26:43", "elapsed": 139.922372, "delta": 0.783792}}
{"target": -48.568531629159835, "params": {"eta": 0.10052246941204336, "max_depth": 1.691398871448441, "n_estimators": 19.56576715197872}, "datetime": {"datetime": "2021-09-29 18:26:44", "elapsed": 141.031627, "delta": 1.109255}}
{"target": -40.927681841487704, "params": {"eta": 0.1320101367810622, "max_depth": 2.6467605480138654, "n_estimators": 9.663708598711318}, "datetime": {"datetime": "2021-09-29 18:26:45", "elapsed": 142.630691, "delta": 1.599064}}
{"target": -76.79973309120328, "params": {"eta": 0.0659613460440335, "max_depth": 2.2541545376312087, "n_estimators": 3.063146426111571}, "datetime": {"datetime": "2021-09-29 18:26:46", "elapsed": 143.388017, "delta": 0.757326}}
{"target": -60.797101496828965, "params": {"eta": 0.03794587414788016, "max_depth": 1.1079576807175076, "n_estimators": 10.611858330992947}, "datetime": {"datetime": "2021-09-29 18:26:47", "elapsed": 144.225019, "delta": 0.837002}}
{"target": -40.72870475162954, "params": {"eta": 0.15625497785848907, "max_depth": 1.5328427756262575, "n_estimators": 7.985874488839419}, "datetime": {"datetime": "2021-09-29 18:26:48", "elapsed": 145.563471, "delta": 1.338452}}
{"target": -42.14200101767243, "params": {"eta": 0.04909361964760557, "max_depth": 1.8382489888708355, "n_estimators": 27.896203916240474}, "datetime": {"datetime": "2021-09-29 18:26:50", "elapsed": 147.627168, "delta": 2.063697}}
{"target": -46.800226080077394, "params": {"eta": 0.09257821512969178, "max_depth": 3.155950499849785, "n_estimators": 22.290195019157625}, "datetime": {"datetime": "2021-09-29 18:26:52", "elapsed": 149.05116, "delta": 1.423992}}
{"target": -47.31331837534287, "params": {"eta": 0.1105331851353388, "max_depth": 1.568045925938907, "n_estimators": 16.3972219879373}, "datetime": {"datetime": "2021-09-29 18:26:53", "elapsed": 150.099166, "delta": 1.048006}}
{"target": -40.8436167229241, "params": {"eta": 0.04259586172104711, "max_depth": 1.8503778822347972, "n_estimators": 27.770410726192313}, "datetime": {"datetime": "2021-09-29 18:26:54", "elapsed": 151.655925, "delta": 1.556759}}
{"target": -54.493475691895135, "params": {"eta": 0.1065489599881296, "max_depth": 1.7637546872568988, "n_estimators": 27.80528444394728}, "datetime": {"datetime": "2021-09-29 18:26:56", "elapsed": 153.649219, "delta": 1.993294}}
{"target": -40.927681841487704, "params": {"eta": 0.1347876633140147, "max_depth": 2.650229804392864, "n_estimators": 9.848254672921723}, "datetime": {"datetime": "2021-09-29 18:26:58", "elapsed": 155.204296, "delta": 1.555077}}
{"target": -40.1952790356848, "params": {"eta": 0.12468520700140417, "max_depth": 2.5998094352290626, "n_estimators": 9.959960091019086}, "datetime": {"datetime": "2021-09-29 18:27:00", "elapsed": 157.013295, "delta": 1.808999}}
{"target": -53.620444546568805, "params": {"eta": 0.06178607841611511, "max_depth": 2.618988711329668, "n_estimators": 9.918241928302473}, "datetime": {"datetime": "2021-09-29 18:27:01", "elapsed": 158.20035, "delta": 1.187055}}
{"target": -42.3702515432887, "params": {"eta": 0.1509025283613944, "max_depth": 2.4565755283592323, "n_estimators": 10.02860077999394}, "datetime": {"datetime": "2021-09-29 18:27:02", "elapsed": 159.584337, "delta": 1.383987}}
{"target": -69.78781517971285, "params": {"eta": 0.06370200596772933, "max_depth": 3.4100920053717187, "n_estimators": 5.412484208154326}, "datetime": {"datetime": "2021-09-29 18:27:03", "elapsed": 160.450693, "delta": 0.866356}}
