{"target": -46.325230921659596, "params": {"eta": 0.22603093552677075, "max_depth": 6.500866136981251, "n_estimators": 8.772269090019817}, "datetime": {"datetime": "2021-09-29 17:52:44", "elapsed": 1120.934914, "delta": 4.218119}}
{"target": -59.7854360419778, "params": {"eta": 0.6540849477633618, "max_depth": 16.31796446587161, "n_estimators": 50.668659585426646}, "datetime": {"datetime": "2021-09-29 17:52:46", "elapsed": 1123.046322, "delta": 2.111408}}
{"target": -44.61312565246321, "params": {"eta": 0.16707379487079202, "max_depth": 6.287359192346493, "n_estimators": 9.823065737177734}, "datetime": {"datetime": "2021-09-29 17:52:51", "elapsed": 1127.665522, "delta": 4.6192}}
{"target": -47.9307320832943, "params": {"eta": 0.09877950721973032, "max_depth": 6.366189206339754, "n_estimators": 8.749702752720903}, "datetime": {"datetime": "2021-09-29 17:52:57", "elapsed": 1133.997332, "delta": 6.33181}}
{"target": -46.325230921659596, "params": {"eta": 0.2287888292634684, "max_depth": 6.377245535816757, "n_estimators": 8.830505891242442}, "datetime": {"datetime": "2021-09-29 17:53:01", "elapsed": 1138.420972, "delta": 4.42364}}
{"target": -55.57773376522175, "params": {"eta": 0.5445179772317861, "max_depth": 1.796659921803951, "n_estimators": 70.77381207278337}, "datetime": {"datetime": "2021-09-29 17:53:03", "elapsed": 1140.555949, "delta": 2.134977}}
{"target": -44.01399012017091, "params": {"eta": 0.11926290427122264, "max_depth": 6.419432132984726, "n_estimators": 9.842090523065426}, "datetime": {"datetime": "2021-09-29 17:53:08", "elapsed": 1144.63053, "delta": 4.074581}}
{"target": -77.30578600862337, "params": {"eta": 0.9503608626433954, "max_depth": 14.768788688224944, "n_estimators": 16.511990452383635}, "datetime": {"datetime": "2021-09-29 17:53:10", "elapsed": 1146.881801, "delta": 2.251271}}
{"target": -48.73430450021556, "params": {"eta": 0.23563984495601786, "max_depth": 6.47405366300427, "n_estimators": 10.020995808367546}, "datetime": {"datetime": "2021-09-29 17:53:15", "elapsed": 1151.656585, "delta": 4.774784}}
{"target": -64.98212359306194, "params": {"eta": 0.7396584598851434, "max_depth": 29.305957808492522, "n_estimators": 78.35425079958725}, "datetime": {"datetime": "2021-09-29 17:53:17", "elapsed": 1153.985188, "delta": 2.328603}}
{"target": -83.31795678164173, "params": {"eta": 0.9739811382297664, "max_depth": 22.49967915883314, "n_estimators": 26.389650606295387}, "datetime": {"datetime": "2021-09-29 17:53:19", "elapsed": 1156.143724, "delta": 2.158536}}
{"target": -54.248636358935784, "params": {"eta": 0.3482867645571229, "max_depth": 5.780727587947011, "n_estimators": 9.48227560123228}, "datetime": {"datetime": "2021-09-29 17:53:24", "elapsed": 1160.726106, "delta": 4.582382}}
{"target": -49.286156695878546, "params": {"eta": 0.17237240449443678, "max_depth": 7.0038333135216755, "n_estimators": 12.313190898058197}, "datetime": {"datetime": "2021-09-29 17:53:28", "elapsed": 1165.497831, "delta": 4.771725}}
{"target": -44.11767825494035, "params": {"eta": 0.33300800654464746, "max_depth": 5.999881771861031, "n_estimators": 3.5982392682753637}, "datetime": {"datetime": "2021-09-29 17:53:32", "elapsed": 1169.371874, "delta": 3.874043}}
{"target": -78.57252798832455, "params": {"eta": 0.06876476957245797, "max_depth": 6.09180437112847, "n_estimators": 3.640155166497242}, "datetime": {"datetime": "2021-09-29 17:53:38", "elapsed": 1174.752818, "delta": 5.380944}}
{"target": -83.31935499752599, "params": {"eta": 0.9730089741184078, "max_depth": 24.816096886395773, "n_estimators": 33.091579897325126}, "datetime": {"datetime": "2021-09-29 17:53:40", "elapsed": 1177.00079, "delta": 2.247972}}
{"target": -63.94804309455968, "params": {"eta": 0.46766762297487097, "max_depth": 28.483741401637364, "n_estimators": 21.761994312490838}, "datetime": {"datetime": "2021-09-29 17:53:42", "elapsed": 1179.349469, "delta": 2.348679}}
{"target": -52.355359852135884, "params": {"eta": 0.22242092292853563, "max_depth": 7.3307650228264, "n_estimators": 12.113257106655437}, "datetime": {"datetime": "2021-09-29 17:53:47", "elapsed": 1184.481982, "delta": 5.132513}}
{"target": -51.13749301629122, "params": {"eta": 0.2553409686441929, "max_depth": 6.305363981430649, "n_estimators": 9.979339936919637}, "datetime": {"datetime": "2021-09-29 17:53:53", "elapsed": 1189.971078, "delta": 5.489096}}
{"target": -90.01772774688122, "params": {"eta": 0.02626483935809496, "max_depth": 12.168422777938769, "n_estimators": 3.9690443895451977}, "datetime": {"datetime": "2021-09-29 17:53:56", "elapsed": 1192.655427, "delta": 2.684349}}
{"target": -42.901446774645144, "params": {"eta": 0.16806508766291287, "max_depth": 5.3242508329931795, "n_estimators": 7.931985541125461}, "datetime": {"datetime": "2021-09-29 17:54:02", "elapsed": 1198.65248, "delta": 5.997053}}
{"target": -72.57740966018335, "params": {"eta": 0.9402247171570657, "max_depth": 15.322826724952394, "n_estimators": 76.15212612259359}, "datetime": {"datetime": "2021-09-29 17:54:04", "elapsed": 1201.344131, "delta": 2.691651}}
{"target": -45.95160203150957, "params": {"eta": 0.37717978404245284, "max_depth": 6.089470992324778, "n_estimators": 3.4807699850205145}, "datetime": {"datetime": "2021-09-29 17:54:10", "elapsed": 1207.43285, "delta": 6.088719}}
{"target": -51.01337651684034, "params": {"eta": 0.2465749940919551, "max_depth": 5.543490967128115, "n_estimators": 8.025604689277081}, "datetime": {"datetime": "2021-09-29 17:54:17", "elapsed": 1213.615741, "delta": 6.182891}}
{"target": -66.22401688151362, "params": {"eta": 0.6931409070410642, "max_depth": 19.447578124559282, "n_estimators": 14.213364667589603}, "datetime": {"datetime": "2021-09-29 17:54:19", "elapsed": 1216.413244, "delta": 2.797503}}
{"target": -43.85283762360127, "params": {"eta": 0.07705868383600428, "max_depth": 6.247296331479628, "n_estimators": 14.143967363952747}, "datetime": {"datetime": "2021-09-29 17:54:27", "elapsed": 1223.974931, "delta": 7.561687}}
{"target": -59.478880905930886, "params": {"eta": 0.07572171235300061, "max_depth": 10.305642541156637, "n_estimators": 66.20496840613058}, "datetime": {"datetime": "2021-09-29 17:54:30", "elapsed": 1226.713518, "delta": 2.738587}}
{"target": -48.95707243123834, "params": {"eta": 0.25211516776014314, "max_depth": 12.544466905319313, "n_estimators": 4.7043266506730905}, "datetime": {"datetime": "2021-09-29 17:54:32", "elapsed": 1228.857777, "delta": 2.144259}}
{"target": -55.238800212557635, "params": {"eta": 0.176737632720112, "max_depth": 1.8466053844886148, "n_estimators": 51.624675380406124}, "datetime": {"datetime": "2021-09-29 17:54:34", "elapsed": 1231.014995, "delta": 2.157218}}
{"target": -59.92170869906157, "params": {"eta": 0.18106616003579337, "max_depth": 5.121312414006291, "n_estimators": 70.85117053231035}, "datetime": {"datetime": "2021-09-29 17:54:36", "elapsed": 1233.398588, "delta": 2.383593}}
{"target": -54.63242898017311, "params": {"eta": 0.469330923770223, "max_depth": 1.6761300685343783, "n_estimators": 23.097361826637872}, "datetime": {"datetime": "2021-09-29 17:54:39", "elapsed": 1235.80316, "delta": 2.404572}}
{"target": -61.83668921178086, "params": {"eta": 0.18881245445469816, "max_depth": 12.69510813443493, "n_estimators": 56.20552547006267}, "datetime": {"datetime": "2021-09-29 17:54:41", "elapsed": 1238.546967, "delta": 2.743807}}
{"target": -45.95136712976974, "params": {"eta": 0.3592988432976775, "max_depth": 6.26714978844587, "n_estimators": 3.7979559468858675}, "datetime": {"datetime": "2021-09-29 17:54:47", "elapsed": 1244.217524, "delta": 5.670557}}
{"target": -53.86177309246413, "params": {"eta": 0.4403595648718963, "max_depth": 1.629127956793768, "n_estimators": 29.083879833534745}, "datetime": {"datetime": "2021-09-29 17:54:50", "elapsed": 1246.818067, "delta": 2.600543}}
{"target": -44.174250741168315, "params": {"eta": 0.3112136850653994, "max_depth": 6.566644499012023, "n_estimators": 3.6303059579920345}, "datetime": {"datetime": "2021-09-29 17:54:56", "elapsed": 1253.234355, "delta": 6.416288}}
{"target": -56.929401631347474, "params": {"eta": 0.08564949054775146, "max_depth": 3.2713779680484736, "n_estimators": 57.500788210575614}, "datetime": {"datetime": "2021-09-29 17:54:59", "elapsed": 1255.85538, "delta": 2.621025}}
{"target": -46.93494970765473, "params": {"eta": 0.3797647626913468, "max_depth": 26.569904110274663, "n_estimators": 3.272346534756032}, "datetime": {"datetime": "2021-09-29 17:55:05", "elapsed": 1262.228635, "delta": 6.373255}}
{"target": -48.23239485797915, "params": {"eta": 0.1562610298892921, "max_depth": 6.247513684235131, "n_estimators": 14.541100313281591}, "datetime": {"datetime": "2021-09-29 17:55:10", "elapsed": 1267.425531, "delta": 5.196896}}
{"target": -56.37858733551797, "params": {"eta": 0.14776736979211041, "max_depth": 25.489458011647336, "n_estimators": 20.55327192160977}, "datetime": {"datetime": "2021-09-29 17:55:13", "elapsed": 1270.040479, "delta": 2.614948}}
{"target": -45.70542601775135, "params": {"eta": 0.41805620975949154, "max_depth": 6.244191255445483, "n_estimators": 3.2117038880082216}, "datetime": {"datetime": "2021-09-29 17:55:22", "elapsed": 1279.483351, "delta": 9.442872}}
{"target": -59.131951549427484, "params": {"eta": 0.36817025523626723, "max_depth": 2.9688968608757205, "n_estimators": 45.63964512200228}, "datetime": {"datetime": "2021-09-29 17:55:25", "elapsed": 1281.819085, "delta": 2.335734}}
{"target": -47.12955647650205, "params": {"eta": 0.1886595223668441, "max_depth": 7.1157194789772245, "n_estimators": 8.794208728638875}, "datetime": {"datetime": "2021-09-29 17:55:31", "elapsed": 1288.325737, "delta": 6.506652}}
{"target": -67.27479776238377, "params": {"eta": 0.5595738432254073, "max_depth": 16.66129109619647, "n_estimators": 40.620358773368665}, "datetime": {"datetime": "2021-09-29 17:55:34", "elapsed": 1291.039942, "delta": 2.714205}}
{"target": -62.97199249064881, "params": {"eta": 0.6576184847142816, "max_depth": 14.676264281547434, "n_estimators": 37.35334781350533}, "datetime": {"datetime": "2021-09-29 17:55:37", "elapsed": 1293.714314, "delta": 2.674372}}
{"target": -47.24231624879978, "params": {"eta": 0.05883585949496255, "max_depth": 6.124101763122094, "n_estimators": 14.77415009058871}, "datetime": {"datetime": "2021-09-29 17:55:42", "elapsed": 1299.061647, "delta": 5.347333}}
{"target": -48.3446482391124, "params": {"eta": 0.46903204092233036, "max_depth": 6.685258079729927, "n_estimators": 3.6936595798801695}, "datetime": {"datetime": "2021-09-29 17:55:47", "elapsed": 1304.514023, "delta": 5.452376}}
{"target": -44.174250741168315, "params": {"eta": 0.30708360780126354, "max_depth": 6.761011947572974, "n_estimators": 3.5286046030871447}, "datetime": {"datetime": "2021-09-29 17:55:53", "elapsed": 1310.493102, "delta": 5.979079}}
{"target": -55.127155577996575, "params": {"eta": 0.2526381137778968, "max_depth": 6.050366890886092, "n_estimators": 14.716981844886886}, "datetime": {"datetime": "2021-09-29 17:55:59", "elapsed": 1316.574505, "delta": 6.081403}}
{"target": -44.174250741168315, "params": {"eta": 0.30755152320534285, "max_depth": 6.012076909245598, "n_estimators": 3.1952138661816445}, "datetime": {"datetime": "2021-09-29 17:56:09", "elapsed": 1326.523663, "delta": 9.949158}}
{"target": -47.24231624879978, "params": {"eta": 0.058106583872592966, "max_depth": 6.052914596803797, "n_estimators": 14.945857090180485}, "datetime": {"datetime": "2021-09-29 17:56:19", "elapsed": 1336.379083, "delta": 9.85542}}
{"target": -60.468256033241715, "params": {"eta": 0.4586740547499508, "max_depth": 29.640264643929708, "n_estimators": 21.042566030677285}, "datetime": {"datetime": "2021-09-29 17:56:23", "elapsed": 1339.87315, "delta": 3.494067}}
{"target": -57.891553516513405, "params": {"eta": 0.3541564692013099, "max_depth": 15.564958359685432, "n_estimators": 62.182403891022226}, "datetime": {"datetime": "2021-09-29 17:56:27", "elapsed": 1343.912588, "delta": 4.039438}}
{"target": -81.65278522171825, "params": {"eta": 0.0175181598783621, "max_depth": 6.261371583026233, "n_estimators": 9.019782037730664}, "datetime": {"datetime": "2021-09-29 17:56:34", "elapsed": 1351.24947, "delta": 7.336882}}
{"target": -49.020176489314906, "params": {"eta": 0.23238783129281632, "max_depth": 6.2660627721339255, "n_estimators": 3.276200811381145}, "datetime": {"datetime": "2021-09-29 17:56:45", "elapsed": 1362.390968, "delta": 11.141498}}
{"target": -52.20214287352665, "params": {"eta": 0.5527167264555893, "max_depth": 6.713257584121595, "n_estimators": 3.4327932998737385}, "datetime": {"datetime": "2021-09-29 17:56:54", "elapsed": 1370.836596, "delta": 8.445628}}
{"target": -43.83706831213637, "params": {"eta": 0.1748985438756353, "max_depth": 5.739336117391647, "n_estimators": 8.125105668318621}, "datetime": {"datetime": "2021-09-29 17:57:03", "elapsed": 1379.687433, "delta": 8.850837}}
{"target": -48.272619038509454, "params": {"eta": 0.24946814822222557, "max_depth": 23.112185890302793, "n_estimators": 6.131745565086059}, "datetime": {"datetime": "2021-09-29 17:57:10", "elapsed": 1387.421852, "delta": 7.734419}}
{"target": -59.01820541576528, "params": {"eta": 0.2916945634299122, "max_depth": 27.165986322297414, "n_estimators": 67.95889711406201}, "datetime": {"datetime": "2021-09-29 17:57:14", "elapsed": 1391.031216, "delta": 3.609364}}
{"target": -44.34756512018802, "params": {"eta": 0.04185786229151178, "max_depth": 29.40631681654152, "n_estimators": 34.050294839239285}, "datetime": {"datetime": "2021-09-29 17:57:17", "elapsed": 1394.006318, "delta": 2.975102}}
{"target": -60.33007215703283, "params": {"eta": 0.08943024935722937, "max_depth": 14.937725665489099, "n_estimators": 66.36426087619697}, "datetime": {"datetime": "2021-09-29 17:57:20", "elapsed": 1397.282797, "delta": 3.276479}}
{"target": -68.89522922219349, "params": {"eta": 0.5655789083988405, "max_depth": 9.409742836868235, "n_estimators": 42.05975983680126}, "datetime": {"datetime": "2021-09-29 17:57:23", "elapsed": 1400.514396, "delta": 3.231599}}
{"target": -58.96611801801812, "params": {"eta": 0.2863635598765923, "max_depth": 25.703722539495292, "n_estimators": 27.766467870222645}, "datetime": {"datetime": "2021-09-29 17:57:27", "elapsed": 1403.664846, "delta": 3.15045}}
{"target": -59.62700371455823, "params": {"eta": 0.22324129858709216, "max_depth": 23.05313524933153, "n_estimators": 16.276301779508216}, "datetime": {"datetime": "2021-09-29 17:57:30", "elapsed": 1407.150323, "delta": 3.485477}}
{"target": -64.29348545021405, "params": {"eta": 0.1322917498196432, "max_depth": 6.758220451625122, "n_estimators": 3.669648283107224}, "datetime": {"datetime": "2021-09-29 17:57:39", "elapsed": 1415.696432, "delta": 8.546109}}
{"target": -60.48955280135816, "params": {"eta": 0.18377696309589067, "max_depth": 29.34822087878919, "n_estimators": 34.22711644538753}, "datetime": {"datetime": "2021-09-29 17:57:46", "elapsed": 1423.091932, "delta": 7.3955}}
{"target": -67.41294640248444, "params": {"eta": 0.826354601212506, "max_depth": 11.24610588577595, "n_estimators": 47.16290746317241}, "datetime": {"datetime": "2021-09-29 17:57:50", "elapsed": 1426.944939, "delta": 3.853007}}
{"target": -77.5533804611786, "params": {"eta": 0.9503923867947641, "max_depth": 6.442133159774049, "n_estimators": 22.35710569844876}, "datetime": {"datetime": "2021-09-29 17:57:53", "elapsed": 1430.599953, "delta": 3.655014}}
{"target": -68.12638357892328, "params": {"eta": 0.10506396084646331, "max_depth": 5.60162246721079, "n_estimators": 3.004231868241761}, "datetime": {"datetime": "2021-09-29 18:26:47", "elapsed": 0.0, "delta": 0.0}}
{"target": -56.45865797564055, "params": {"eta": 0.08441986307373116, "max_depth": 2.7337794540855653, "n_estimators": 6.416528006445518}, "datetime": {"datetime": "2021-09-29 18:26:47", "elapsed": 0.031996, "delta": 0.031996}}
{"target": -42.28624597532468, "params": {"eta": 0.06352683804798076, "max_depth": 3.727803635215239, "n_estimators": 17.680396546534787}, "datetime": {"datetime": "2021-09-29 18:26:47", "elapsed": 0.105991, "delta": 0.073995}}
{"target": -54.66064699386558, "params": {"eta": 0.12698701212060426, "max_depth": 4.095972572016474, "n_estimators": 28.3531215146801}, "datetime": {"datetime": "2021-09-29 18:26:47", "elapsed": 0.195993, "delta": 0.090002}}
{"target": -72.82600739133782, "params": {"eta": 0.06680140495167314, "max_depth": 6.390587181954727, "n_estimators": 4.013340948323268}, "datetime": {"datetime": "2021-09-29 18:26:47", "elapsed": 0.232995, "delta": 0.037002}}
{"target": -45.596141577399486, "params": {"eta": 0.08267612075171324, "max_depth": 3.8124821567922225, "n_estimators": 20.806851718763042}, "datetime": {"datetime": "2021-09-29 18:26:48", "elapsed": 0.919444, "delta": 0.686449}}
{"target": -50.77805263816326, "params": {"eta": 0.21, "max_depth": 2.0, "n_estimators": 13.4154770349322}, "datetime": {"datetime": "2021-09-29 18:26:49", "elapsed": 1.552439, "delta": 0.632995}}
{"target": -56.80239184605107, "params": {"eta": 0.21, "max_depth": 7.0, "n_estimators": 17.701019387159164}, "datetime": {"datetime": "2021-09-29 18:26:49", "elapsed": 2.151441, "delta": 0.599002}}
{"target": -53.74393221660954, "params": {"eta": 0.03, "max_depth": 2.0, "n_estimators": 18.832916237506783}, "datetime": {"datetime": "2021-09-29 18:26:50", "elapsed": 3.16914, "delta": 1.017699}}
{"target": -60.429869751536266, "params": {"eta": 0.03, "max_depth": 4.047225931862438, "n_estimators": 15.603952672216396}, "datetime": {"datetime": "2021-09-29 18:26:52", "elapsed": 4.538136, "delta": 1.368996}}
{"target": -42.46858515491767, "params": {"eta": 0.06330064114051777, "max_depth": 4.35146866507783, "n_estimators": 19.013968283892638}, "datetime": {"datetime": "2021-09-29 18:26:53", "elapsed": 5.611139, "delta": 1.073003}}
{"target": -52.30793199848949, "params": {"eta": 0.03, "max_depth": 5.966633577612671, "n_estimators": 21.199325508090915}, "datetime": {"datetime": "2021-09-29 18:26:53", "elapsed": 6.314137, "delta": 0.702998}}
{"target": -55.86075824536481, "params": {"eta": 0.19528673867284888, "max_depth": 2.831690902219046, "n_estimators": 23.23917681711333}, "datetime": {"datetime": "2021-09-29 18:26:54", "elapsed": 6.737897, "delta": 0.42376}}
{"target": -46.64287778888222, "params": {"eta": 0.06501968332423044, "max_depth": 2.048052808651047, "n_estimators": 10.503225073187538}, "datetime": {"datetime": "2021-09-29 18:26:54", "elapsed": 7.290898, "delta": 0.553001}}
{"target": -51.647655951835084, "params": {"eta": 0.21, "max_depth": 4.394751956311714, "n_estimators": 10.677645566387692}, "datetime": {"datetime": "2021-09-29 18:26:55", "elapsed": 7.702899, "delta": 0.412001}}
{"target": -44.393950626394485, "params": {"eta": 0.03, "max_depth": 7.0, "n_estimators": 40.0}, "datetime": {"datetime": "2021-09-29 18:26:55", "elapsed": 8.333964, "delta": 0.631065}}
{"target": -46.98362884882114, "params": {"eta": 0.0542520886585811, "max_depth": 4.827264881282874, "n_estimators": 39.878543097061424}, "datetime": {"datetime": "2021-09-29 18:26:56", "elapsed": 8.933193, "delta": 0.599229}}
{"target": -55.555075356244856, "params": {"eta": 0.16870705188125756, "max_depth": 6.610346796381703, "n_estimators": 37.732005362282074}, "datetime": {"datetime": "2021-09-29 18:26:57", "elapsed": 9.529193, "delta": 0.596}}
{"target": -40.99455572381692, "params": {"eta": 0.03, "max_depth": 2.0, "n_estimators": 40.0}, "datetime": {"datetime": "2021-09-29 18:26:57", "elapsed": 10.04419, "delta": 0.514997}}
{"target": -54.7008595800804, "params": {"eta": 0.13616012045729017, "max_depth": 2.012651190025074, "n_estimators": 38.20817398410836}, "datetime": {"datetime": "2021-09-29 18:26:58", "elapsed": 10.51427, "delta": 0.47008}}
{"target": -48.24620565172685, "params": {"eta": 0.050886289142369825, "max_depth": 3.0440798329263137, "n_estimators": 39.97188640930888}, "datetime": {"datetime": "2021-09-29 18:26:58", "elapsed": 11.043274, "delta": 0.529004}}
{"target": -46.27222812614784, "params": {"eta": 0.03, "max_depth": 7.0, "n_estimators": 32.13768143854872}, "datetime": {"datetime": "2021-09-29 18:26:59", "elapsed": 11.951275, "delta": 0.908001}}
{"target": -44.47807535741914, "params": {"eta": 0.03, "max_depth": 5.005149686760801, "n_estimators": 32.78333994770436}, "datetime": {"datetime": "2021-09-29 18:27:00", "elapsed": 12.715269, "delta": 0.763994}}
{"target": -57.85251493377515, "params": {"eta": 0.21, "max_depth": 6.325833762749752, "n_estimators": 34.06397922927652}, "datetime": {"datetime": "2021-09-29 18:27:01", "elapsed": 13.735326, "delta": 1.020057}}
{"target": -44.8462701592859, "params": {"eta": 0.03, "max_depth": 5.363385797899077, "n_estimators": 31.22109755714112}, "datetime": {"datetime": "2021-09-29 18:27:01", "elapsed": 14.320326, "delta": 0.585}}
{"target": -42.9670929427894, "params": {"eta": 0.03, "max_depth": 3.3668152101830744, "n_estimators": 32.02579453608444}, "datetime": {"datetime": "2021-09-29 18:27:02", "elapsed": 14.782313, "delta": 0.461987}}
{"target": -41.34695842994171, "params": {"eta": 0.03, "max_depth": 2.578351421162928, "n_estimators": 33.68846687302484}, "datetime": {"datetime": "2021-09-29 18:27:02", "elapsed": 15.358309, "delta": 0.575996}}
{"target": -55.20078150759181, "params": {"eta": 0.19939331580142683, "max_depth": 2.116585966832412, "n_estimators": 32.38557099608642}, "datetime": {"datetime": "2021-09-29 18:27:03", "elapsed": 15.877667, "delta": 0.519358}}
{"target": -42.71390215195082, "params": {"eta": 0.03, "max_depth": 3.727698029454483, "n_estimators": 33.675330705771756}, "datetime": {"datetime": "2021-09-29 18:27:03", "elapsed": 16.381666, "delta": 0.503999}}
{"target": -55.595111111179094, "params": {"eta": 0.1635854476056317, "max_depth": 2.618635589911882, "n_estimators": 35.08695216010417}, "datetime": {"datetime": "2021-09-29 18:27:04", "elapsed": 16.795044, "delta": 0.413378}}
