{"target": -55.11371795107198, "params": {"eta": 0.1289153254763868, "max_depth": 2.0793896796975835, "n_estimators": 29.34490199517941}, "datetime": {"datetime": "2021-09-29 20:23:36", "elapsed": 655.738666, "delta": 3.363054}}
{"target": -44.08455256676394, "params": {"eta": 0.0729408511422294, "max_depth": 4.503694089110282, "n_estimators": 13.790365465306625}, "datetime": {"datetime": "2021-09-29 20:23:39", "elapsed": 658.876044, "delta": 3.137378}}
{"target": -44.27707300813212, "params": {"eta": 0.1131286844688619, "max_depth": 2.770182984485799, "n_estimators": 7.267001677850123}, "datetime": {"datetime": "2021-09-29 20:23:45", "elapsed": 665.386072, "delta": 6.510028}}
{"target": -40.66923915221321, "params": {"eta": 0.17320868516898236, "max_depth": 2.8614453946517795, "n_estimators": 7.074752016123432}, "datetime": {"datetime": "2021-09-29 20:23:50", "elapsed": 669.93021, "delta": 4.544138}}
{"target": -52.058720843327265, "params": {"eta": 0.08314727742322381, "max_depth": 2.9154884737193756, "n_estimators": 7.108355530645815}, "datetime": {"datetime": "2021-09-29 20:23:54", "elapsed": 674.092416, "delta": 4.162206}}
{"target": -51.98737455325293, "params": {"eta": 0.08902346574758208, "max_depth": 2.9055951045831274, "n_estimators": 30.3954918341968}, "datetime": {"datetime": "2021-09-29 20:23:56", "elapsed": 675.971306, "delta": 1.87889}}
{"target": -44.08455256676394, "params": {"eta": 0.06854484503802111, "max_depth": 4.625407155733235, "n_estimators": 13.02811735174272}, "datetime": {"datetime": "2021-09-29 20:23:58", "elapsed": 678.091936, "delta": 2.12063}}
{"target": -41.452314282931766, "params": {"eta": 0.18781175840626474, "max_depth": 2.7287817049104586, "n_estimators": 7.1536375751676164}, "datetime": {"datetime": "2021-09-29 20:24:04", "elapsed": 684.103211, "delta": 6.011275}}
{"target": -40.33140959207604, "params": {"eta": 0.16642482835108957, "max_depth": 2.7740604627852776, "n_estimators": 6.967896089476233}, "datetime": {"datetime": "2021-09-29 20:24:11", "elapsed": 691.21529, "delta": 7.112079}}
{"target": -42.800625361461584, "params": {"eta": 0.12369239727319918, "max_depth": 2.712744970869564, "n_estimators": 7.057241114518745}, "datetime": {"datetime": "2021-09-29 20:24:15", "elapsed": 695.443183, "delta": 4.227893}}
{"target": -42.39515137355655, "params": {"eta": 0.03386197934685603, "max_depth": 3.369871196053105, "n_estimators": 36.694505499755714}, "datetime": {"datetime": "2021-09-29 20:24:18", "elapsed": 697.582957, "delta": 2.139774}}
{"target": -40.2006993067916, "params": {"eta": 0.17697270801932308, "max_depth": 2.8534855459471533, "n_estimators": 6.841700374929543}, "datetime": {"datetime": "2021-09-29 20:24:22", "elapsed": 702.310889, "delta": 4.727932}}
{"target": -42.368815590408616, "params": {"eta": 0.13973448748362047, "max_depth": 2.9480638235094503, "n_estimators": 6.843177565170821}, "datetime": {"datetime": "2021-09-29 20:24:28", "elapsed": 708.373738, "delta": 6.062849}}
{"target": -45.6957784249325, "params": {"eta": 0.1169708470421169, "max_depth": 2.8899360953076765, "n_estimators": 6.961215583750903}, "datetime": {"datetime": "2021-09-29 20:24:34", "elapsed": 714.312115, "delta": 5.938377}}
{"target": -40.665913659293096, "params": {"eta": 0.16157456817750446, "max_depth": 2.7732162076211875, "n_estimators": 6.839987286607085}, "datetime": {"datetime": "2021-09-29 20:24:39", "elapsed": 719.479645, "delta": 5.16753}}
{"target": -64.4064041503118, "params": {"eta": 0.05919512134960003, "max_depth": 2.8373527738112276, "n_estimators": 6.810784468935809}, "datetime": {"datetime": "2021-09-29 20:24:45", "elapsed": 725.214247, "delta": 5.734602}}
{"target": -52.7723451793587, "params": {"eta": 0.18431065624797674, "max_depth": 3.177582316192253, "n_estimators": 13.871798939461971}, "datetime": {"datetime": "2021-09-29 20:24:47", "elapsed": 727.435047, "delta": 2.2208}}
{"target": -40.17984317021758, "params": {"eta": 0.18997543713514078, "max_depth": 2.6311150980540075, "n_estimators": 6.939678271616923}, "datetime": {"datetime": "2021-09-29 20:24:52", "elapsed": 732.346783, "delta": 4.911736}}
{"target": -41.452314282931766, "params": {"eta": 0.1894391882643548, "max_depth": 2.169867585489639, "n_estimators": 7.018735587702895}, "datetime": {"datetime": "2021-09-29 20:24:56", "elapsed": 736.442072, "delta": 4.095289}}
{"target": -54.673374308899916, "params": {"eta": 0.12255205404091417, "max_depth": 3.6656150956867313, "n_estimators": 31.756824644194925}, "datetime": {"datetime": "2021-09-29 20:24:59", "elapsed": 738.710747, "delta": 2.268675}}
{"target": -41.04248240956866, "params": {"eta": 0.18360717583179548, "max_depth": 2.6401598392467394, "n_estimators": 7.037200352154077}, "datetime": {"datetime": "2021-09-29 20:25:03", "elapsed": 742.795567, "delta": 4.08482}}
{"target": -40.71816170310842, "params": {"eta": 0.14624122800341544, "max_depth": 2.5402050925178496, "n_estimators": 7.0123561830609535}, "datetime": {"datetime": "2021-09-29 20:25:08", "elapsed": 747.568438, "delta": 4.772871}}
{"target": -53.125211428690214, "params": {"eta": 0.09095201482313706, "max_depth": 2.640687934066205, "n_estimators": 6.97107889868815}, "datetime": {"datetime": "2021-09-29 20:25:13", "elapsed": 752.822102, "delta": 5.253664}}
{"target": -41.452314282931766, "params": {"eta": 0.1877483277751296, "max_depth": 2.5743139377077355, "n_estimators": 7.127750156869567}, "datetime": {"datetime": "2021-09-29 20:25:19", "elapsed": 758.693337, "delta": 5.871235}}
{"target": -46.40586129194994, "params": {"eta": 0.10342311718619243, "max_depth": 2.5949892968903394, "n_estimators": 7.214938183916573}, "datetime": {"datetime": "2021-09-29 20:25:23", "elapsed": 763.34284, "delta": 4.649503}}
{"target": -42.65975711836671, "params": {"eta": 0.11627987520638153, "max_depth": 3.456433890201785, "n_estimators": 8.817607682163803}, "datetime": {"datetime": "2021-09-29 20:25:26", "elapsed": 765.854433, "delta": 2.511593}}
{"target": -40.17984317021758, "params": {"eta": 0.18913686495355422, "max_depth": 2.460570188770273, "n_estimators": 6.978874611681936}, "datetime": {"datetime": "2021-09-29 20:25:31", "elapsed": 771.162539, "delta": 5.308106}}
{"target": -56.566510069768036, "params": {"eta": 0.17384210367359088, "max_depth": 3.7176717043221443, "n_estimators": 20.96337276882397}, "datetime": {"datetime": "2021-09-29 20:25:33", "elapsed": 773.372702, "delta": 2.210163}}
{"target": -42.368815590408616, "params": {"eta": 0.13808292573883685, "max_depth": 2.4738038636862214, "n_estimators": 6.930101210123757}, "datetime": {"datetime": "2021-09-29 20:25:40", "elapsed": 780.26474, "delta": 6.892038}}
{"target": -40.66923915221321, "params": {"eta": 0.17150130218505097, "max_depth": 2.8736491337543155, "n_estimators": 7.368266462703123}, "datetime": {"datetime": "2021-09-29 20:25:45", "elapsed": 785.077755, "delta": 4.813015}}
{"target": -45.6957784249325, "params": {"eta": 0.11921131594112049, "max_depth": 2.1021027282292764, "n_estimators": 6.946792795306878}, "datetime": {"datetime": "2021-09-29 20:25:51", "elapsed": 790.69106, "delta": 5.613305}}
{"target": -40.7175128621085, "params": {"eta": 0.1565051707083837, "max_depth": 2.8035131838192267, "n_estimators": 7.161721637050545}, "datetime": {"datetime": "2021-09-29 20:25:55", "elapsed": 794.708442, "delta": 4.017382}}
{"target": -43.43745643152848, "params": {"eta": 0.18535841995787716, "max_depth": 3.0664062756635238, "n_estimators": 6.8654659959668205}, "datetime": {"datetime": "2021-09-29 20:26:03", "elapsed": 802.692708, "delta": 7.984266}}
{"target": -49.601602811668464, "params": {"eta": 0.0553091395310638, "max_depth": 3.254010334173138, "n_estimators": 36.691847565991814}, "datetime": {"datetime": "2021-09-29 20:26:07", "elapsed": 807.472261, "delta": 4.779553}}
{"target": -40.7175128621085, "params": {"eta": 0.1608116888433797, "max_depth": 2.4677184414429822, "n_estimators": 7.164886912300359}, "datetime": {"datetime": "2021-09-29 20:26:13", "elapsed": 812.622936, "delta": 5.150675}}
{"target": -46.40586129194994, "params": {"eta": 0.09913531834065484, "max_depth": 2.492787925132663, "n_estimators": 7.1033072481064226}, "datetime": {"datetime": "2021-09-29 20:26:19", "elapsed": 818.927199, "delta": 6.304263}}
{"target": -49.601602811668464, "params": {"eta": 0.05960840001313375, "max_depth": 3.5087973430306656, "n_estimators": 36.68786386544667}, "datetime": {"datetime": "2021-09-29 20:26:24", "elapsed": 823.881703, "delta": 4.954504}}
{"target": -50.74425748463286, "params": {"eta": 0.08339840116489122, "max_depth": 4.417950666121869, "n_estimators": 34.35089488763077}, "datetime": {"datetime": "2021-09-29 20:26:26", "elapsed": 826.275178, "delta": 2.393475}}
{"target": -48.74838093328482, "params": {"eta": 0.04625305642967786, "max_depth": 2.189232966060225, "n_estimators": 13.407365192078695}, "datetime": {"datetime": "2021-09-29 20:26:29", "elapsed": 828.723458, "delta": 2.44828}}
{"target": -41.452314282931766, "params": {"eta": 0.18644068467339925, "max_depth": 2.7855827171704126, "n_estimators": 7.03083119378195}, "datetime": {"datetime": "2021-09-29 20:26:34", "elapsed": 833.676442, "delta": 4.952984}}
{"target": -49.28880993942219, "params": {"eta": 0.03, "max_depth": 5.0, "n_estimators": 24.168861232473137}, "datetime": {"datetime": "2021-09-29 20:26:40", "elapsed": 840.172301, "delta": 6.495859}}
{"target": -42.91667199283277, "params": {"eta": 0.06535941072046564, "max_depth": 4.5504402363545875, "n_estimators": 16.43587293751488}, "datetime": {"datetime": "2021-09-29 20:26:47", "elapsed": 847.453874, "delta": 7.281573}}
{"target": -45.32058689171905, "params": {"eta": 0.1778499905294266, "max_depth": 3.5564095081842892, "n_estimators": 8.82673179869744}, "datetime": {"datetime": "2021-09-29 20:26:53", "elapsed": 852.834024, "delta": 5.38015}}
{"target": -50.09605182966247, "params": {"eta": 0.09569170181763376, "max_depth": 4.888939342402267, "n_estimators": 25.66212010288008}, "datetime": {"datetime": "2021-09-29 20:26:55", "elapsed": 855.044845, "delta": 2.210821}}
{"target": -40.2006993067916, "params": {"eta": 0.1790381174209235, "max_depth": 2.671474160342071, "n_estimators": 6.741666696093529}, "datetime": {"datetime": "2021-09-29 20:27:00", "elapsed": 860.052772, "delta": 5.007927}}
{"target": -40.2006993067916, "params": {"eta": 0.18121252045990124, "max_depth": 2.703430235860762, "n_estimators": 6.814714626833589}, "datetime": {"datetime": "2021-09-29 20:27:06", "elapsed": 865.623011, "delta": 5.570239}}
{"target": -41.452314282931766, "params": {"eta": 0.19, "max_depth": 2.0095980748484115, "n_estimators": 7.468052228532749}, "datetime": {"datetime": "2021-09-29 20:27:13", "elapsed": 872.687081, "delta": 7.06407}}
{"target": -40.665913659293096, "params": {"eta": 0.16209305119387857, "max_depth": 2.580989466290831, "n_estimators": 6.8138883723676855}, "datetime": {"datetime": "2021-09-29 20:27:20", "elapsed": 880.384705, "delta": 7.697624}}
{"target": -45.6957784249325, "params": {"eta": 0.12211132097691109, "max_depth": 2.609042260085094, "n_estimators": 6.6608238067944345}, "datetime": {"datetime": "2021-09-29 20:27:26", "elapsed": 885.731739, "delta": 5.347034}}
{"target": -52.11181139223915, "params": {"eta": 0.1131559458778203, "max_depth": 4.803554136055453, "n_estimators": 25.820569720581688}, "datetime": {"datetime": "2021-09-29 20:27:28", "elapsed": 887.913767, "delta": 2.182028}}
{"target": -50.903270835450364, "params": {"eta": 0.039349026442806564, "max_depth": 4.447032780929979, "n_estimators": 16.325397699183583}, "datetime": {"datetime": "2021-09-29 20:27:33", "elapsed": 893.263614, "delta": 5.349847}}
{"target": -54.40647646112913, "params": {"eta": 0.1673493401269866, "max_depth": 2.169933310991273, "n_estimators": 22.926404219029383}, "datetime": {"datetime": "2021-09-29 20:27:35", "elapsed": 895.437821, "delta": 2.174207}}
{"target": -42.368815590408616, "params": {"eta": 0.13883258474798252, "max_depth": 2.423946016772251, "n_estimators": 6.791690372778813}, "datetime": {"datetime": "2021-09-29 20:27:43", "elapsed": 902.883723, "delta": 7.445902}}
{"target": -51.8143420550232, "params": {"eta": 0.16701091614316194, "max_depth": 4.538772882337687, "n_estimators": 16.50962639711294}, "datetime": {"datetime": "2021-09-29 20:27:48", "elapsed": 908.452341, "delta": 5.568618}}
{"target": -53.9686122002295, "params": {"eta": 0.03, "max_depth": 4.1531230989598305, "n_estimators": 19.976313810842253}, "datetime": {"datetime": "2021-09-29 20:27:54", "elapsed": 914.421356, "delta": 5.969015}}
{"target": -40.33140959207604, "params": {"eta": 0.17403698535158169, "max_depth": 2.3454991560469156, "n_estimators": 6.955593677177185}, "datetime": {"datetime": "2021-09-29 20:28:00", "elapsed": 919.668087, "delta": 5.246731}}
{"target": -60.20765670318243, "params": {"eta": 0.06522535869798281, "max_depth": 2.3606681898861566, "n_estimators": 6.865526569694357}, "datetime": {"datetime": "2021-09-29 20:28:05", "elapsed": 925.440277, "delta": 5.77219}}
{"target": -40.33140959207604, "params": {"eta": 0.16760930739649096, "max_depth": 2.502507485109578, "n_estimators": 6.723271381882725}, "datetime": {"datetime": "2021-09-29 20:28:11", "elapsed": 930.695432, "delta": 5.255155}}
{"target": -47.719482876748096, "params": {"eta": 0.1089706402359079, "max_depth": 2.4497670886428953, "n_estimators": 6.703336074557779}, "datetime": {"datetime": "2021-09-29 20:28:16", "elapsed": 935.715342, "delta": 5.01991}}
{"target": -40.17984317021758, "params": {"eta": 0.18989629926042623, "max_depth": 2.9325032289313646, "n_estimators": 6.9088563843359925}, "datetime": {"datetime": "2021-09-29 20:28:23", "elapsed": 943.537924, "delta": 7.822582}}
{"target": -42.350941198642154, "params": {"eta": 0.08689965885958202, "max_depth": 3.797739410157205, "n_estimators": 11.336955786807238}, "datetime": {"datetime": "2021-09-29 20:28:29", "elapsed": 948.633189, "delta": 5.095265}}
{"target": -43.93804269761768, "params": {"eta": 0.11882544190753784, "max_depth": 3.0798195879007753, "n_estimators": 7.919322980160428}, "datetime": {"datetime": "2021-09-29 20:28:31", "elapsed": 951.005666, "delta": 2.372477}}
{"target": -43.04931786432032, "params": {"eta": 0.15640057058777387, "max_depth": 3.2432678437698264, "n_estimators": 7.979687394982482}, "datetime": {"datetime": "2021-09-29 20:28:38", "elapsed": 957.723695, "delta": 6.718029}}
{"target": -49.74694967957422, "params": {"eta": 0.17239015632937654, "max_depth": 3.740321295568296, "n_estimators": 11.393404358732163}, "datetime": {"datetime": "2021-09-29 20:28:44", "elapsed": 963.741898, "delta": 6.018203}}
{"target": -56.7310313336707, "params": {"eta": 0.1097739233325917, "max_depth": 3.274388075924058, "n_estimators": 39.524343064821586}, "datetime": {"datetime": "2021-09-29 20:28:46", "elapsed": 966.462044, "delta": 2.720146}}
{"target": -42.499533901537845, "params": {"eta": 0.04173792105210497, "max_depth": 2.992924821842421, "n_estimators": 22.93438572888863}, "datetime": {"datetime": "2021-09-29 20:28:49", "elapsed": 968.641822, "delta": 2.179778}}
{"target": -43.31261072109441, "params": {"eta": 0.14621829065651654, "max_depth": 3.110319642233927, "n_estimators": 8.016925147158393}, "datetime": {"datetime": "2021-09-29 20:28:55", "elapsed": 974.645974, "delta": 6.004152}}
{"target": -40.66923915221321, "params": {"eta": 0.16566323181365347, "max_depth": 2.3661305319248775, "n_estimators": 7.066161162394931}, "datetime": {"datetime": "2021-09-29 20:29:00", "elapsed": 980.512869, "delta": 5.866895}}
{"target": -43.830704523414035, "params": {"eta": 0.08310425716229669, "max_depth": 3.778831889135334, "n_estimators": 11.21870254973357}, "datetime": {"datetime": "2021-09-29 20:29:07", "elapsed": 986.689898, "delta": 6.177029}}
{"target": -68.02193763950778, "params": {"eta": 0.04324165179962998, "max_depth": 3.3394276025761807, "n_estimators": 8.044086549446504}, "datetime": {"datetime": "2021-09-29 20:29:13", "elapsed": 993.188847, "delta": 6.498949}}
{"target": -41.04248240956866, "params": {"eta": 0.17600963144686793, "max_depth": 2.4269425046686335, "n_estimators": 7.227652720844393}, "datetime": {"datetime": "2021-09-29 20:29:23", "elapsed": 1002.608809, "delta": 9.419962}}
{"target": -43.42595437056457, "params": {"eta": 0.0655226847681713, "max_depth": 2.8815134424256867, "n_estimators": 22.98410422487047}, "datetime": {"datetime": "2021-09-29 20:29:28", "elapsed": 1008.193151, "delta": 5.584342}}
{"target": -52.712488016434754, "params": {"eta": 0.14090254083008988, "max_depth": 2.9353156549757844, "n_estimators": 22.85301637927108}, "datetime": {"datetime": "2021-09-29 20:29:36", "elapsed": 1015.654494, "delta": 7.461343}}
{"target": -42.99468932940791, "params": {"eta": 0.142729042598721, "max_depth": 3.215085730260632, "n_estimators": 7.851486701240225}, "datetime": {"datetime": "2021-09-29 20:29:41", "elapsed": 1021.078487, "delta": 5.423993}}
{"target": -45.94716699516358, "params": {"eta": 0.19, "max_depth": 3.4048213910141714, "n_estimators": 8.204681405497857}, "datetime": {"datetime": "2021-09-29 20:29:47", "elapsed": 1026.958736, "delta": 5.880249}}
{"target": -47.604840434730704, "params": {"eta": 0.05519797086230355, "max_depth": 2.4554802226719254, "n_estimators": 34.73693960571293}, "datetime": {"datetime": "2021-09-29 20:29:49", "elapsed": 1029.117641, "delta": 2.158905}}
{"target": -48.018564190431704, "params": {"eta": 0.08315925984857844, "max_depth": 3.023010656153921, "n_estimators": 23.05960375815529}, "datetime": {"datetime": "2021-09-29 20:29:55", "elapsed": 1035.092633, "delta": 5.974992}}
{"target": -50.02779567904223, "params": {"eta": 0.17500929162166654, "max_depth": 2.979871513302439, "n_estimators": 13.419265884625846}, "datetime": {"datetime": "2021-09-29 20:29:57", "elapsed": 1037.344736, "delta": 2.252103}}
{"target": -58.689398618613794, "params": {"eta": 0.03164126935924844, "max_depth": 4.341228901689941, "n_estimators": 16.54267840007057}, "datetime": {"datetime": "2021-09-29 20:30:04", "elapsed": 1043.969889, "delta": 6.625153}}
{"target": -48.62310727148051, "params": {"eta": 0.08122976737197177, "max_depth": 2.630176890854438, "n_estimators": 28.977385163307325}, "datetime": {"datetime": "2021-09-29 20:30:06", "elapsed": 1046.093831, "delta": 2.123942}}
{"target": -43.328350351014514, "params": {"eta": 0.17938917012617656, "max_depth": 3.34308187652452, "n_estimators": 5.650300910058264}, "datetime": {"datetime": "2021-09-29 20:30:08", "elapsed": 1048.440494, "delta": 2.346663}}
{"target": -40.2006993067916, "params": {"eta": 0.18398380344255771, "max_depth": 2.8233234096521054, "n_estimators": 6.889972576656417}, "datetime": {"datetime": "2021-09-29 20:30:14", "elapsed": 1054.429334, "delta": 5.98884}}
{"target": -45.52426854933902, "params": {"eta": 0.07403261761665544, "max_depth": 3.9309642780940326, "n_estimators": 11.31008918651887}, "datetime": {"datetime": "2021-09-29 20:30:22", "elapsed": 1061.824161, "delta": 7.394827}}
{"target": -46.062901954427275, "params": {"eta": 0.08301490712215528, "max_depth": 2.5328277660917706, "n_estimators": 9.998031446763187}, "datetime": {"datetime": "2021-09-29 20:30:28", "elapsed": 1068.166619, "delta": 6.342458}}
{"target": -41.04248240956866, "params": {"eta": 0.17613749752674931, "max_depth": 2.464276254844668, "n_estimators": 7.3931613575269886}, "datetime": {"datetime": "2021-09-29 20:30:33", "elapsed": 1072.919099, "delta": 4.75248}}
{"target": -44.70786119017649, "params": {"eta": 0.1558566373789594, "max_depth": 2.4644558038976925, "n_estimators": 10.043117597139867}, "datetime": {"datetime": "2021-09-29 20:30:39", "elapsed": 1078.642365, "delta": 5.723266}}
{"target": -49.50897363485872, "params": {"eta": 0.08152806830884463, "max_depth": 3.6276981472997925, "n_estimators": 8.581462369908504}, "datetime": {"datetime": "2021-09-29 20:30:40", "elapsed": 1080.455616, "delta": 1.813251}}
{"target": -41.452314282931766, "params": {"eta": 0.18926675553657568, "max_depth": 2.1879647905837225, "n_estimators": 7.138374811388386}, "datetime": {"datetime": "2021-09-29 20:30:46", "elapsed": 1085.949237, "delta": 5.493621}}
{"target": -78.04713943132504, "params": {"eta": 0.04771102319332732, "max_depth": 3.2035202981501243, "n_estimators": 4.726599832394715}, "datetime": {"datetime": "2021-09-29 20:30:48", "elapsed": 1087.976729, "delta": 2.027492}}
{"target": -41.452314282931766, "params": {"eta": 0.18684379799737394, "max_depth": 2.482216512116562, "n_estimators": 7.0796240578994}, "datetime": {"datetime": "2021-09-29 20:30:54", "elapsed": 1094.004964, "delta": 6.028235}}
{"target": -45.30684019770539, "params": {"eta": 0.07029153731299051, "max_depth": 4.34010575184431, "n_estimators": 24.537823501987024}, "datetime": {"datetime": "2021-09-29 20:30:56", "elapsed": 1095.923725, "delta": 1.918761}}
{"target": -41.22677066191533, "params": {"eta": 0.11032857735007061, "max_depth": 2.810617748107978, "n_estimators": 10.368897910164595}, "datetime": {"datetime": "2021-09-29 20:31:02", "elapsed": 1102.448991, "delta": 6.525266}}
{"target": -42.80163097304248, "params": {"eta": 0.17341224523924853, "max_depth": 4.142643592354293, "n_estimators": 7.826955960522213}, "datetime": {"datetime": "2021-09-29 20:31:04", "elapsed": 1104.283776, "delta": 1.834785}}
{"target": -42.03237998119388, "params": {"eta": 0.12980248262137634, "max_depth": 2.874436244108358, "n_estimators": 10.274890514415802}, "datetime": {"datetime": "2021-09-29 20:31:11", "elapsed": 1110.831163, "delta": 6.547387}}
{"target": -44.77287566218953, "params": {"eta": 0.17230992082746915, "max_depth": 2.9449121784427046, "n_estimators": 10.388737804893891}, "datetime": {"datetime": "2021-09-29 20:31:16", "elapsed": 1115.810308, "delta": 4.979145}}
{"target": -70.6541898140197, "params": {"eta": 0.0690740756827564, "max_depth": 2.837504683004898, "n_estimators": 4.793043393553054}, "datetime": {"datetime": "2021-09-29 20:31:18", "elapsed": 1117.718522, "delta": 1.908214}}
