{"target": -55.033735996423985, "params": {"eta": 0.24978680797818473, "max_depth": 1.871603983637619, "n_estimators": 14.933229785901855}, "datetime": {"datetime": "2021-09-29 17:26:02", "elapsed": 215.845366, "delta": 1.623001}}
{"target": -59.57733458931017, "params": {"eta": 0.16921197354899817, "max_depth": 11.820186961275814, "n_estimators": 37.11110447751764}, "datetime": {"datetime": "2021-09-29 17:26:04", "elapsed": 217.642332, "delta": 1.796966}}
{"target": -59.30058847345189, "params": {"eta": 0.1480404510068709, "max_depth": 3.7027754798854193, "n_estimators": 68.95514521225999}, "datetime": {"datetime": "2021-09-29 17:26:06", "elapsed": 219.247338, "delta": 1.605006}}
{"target": -62.8220863416517, "params": {"eta": 0.11795633953887323, "max_depth": 23.507081934349795, "n_estimators": 61.683181159787964}, "datetime": {"datetime": "2021-09-29 17:26:08", "elapsed": 221.339532, "delta": 2.092194}}
{"target": -48.946931832745996, "params": {"eta": 0.22581905912863487, "max_depth": 22.962148061423683, "n_estimators": 6.34396474179977}, "datetime": {"datetime": "2021-09-29 17:26:10", "elapsed": 224.027952, "delta": 2.68842}}
{"target": -54.10213181734959, "params": {"eta": 0.2010180001986202, "max_depth": 1.7761078409159041, "n_estimators": 14.697785087704325}, "datetime": {"datetime": "2021-09-29 17:26:12", "elapsed": 225.96741, "delta": 1.939458}}
{"target": -45.661571772946225, "params": {"eta": 0.20167289425012647, "max_depth": 5.306473971570726, "n_estimators": 8.445923830867951}, "datetime": {"datetime": "2021-09-29 17:26:15", "elapsed": 228.221173, "delta": 2.253763}}
{"target": -62.3783666379613, "params": {"eta": 0.23220005389608972, "max_depth": 10.197460701699411, "n_estimators": 55.09141349762222}, "datetime": {"datetime": "2021-09-29 17:26:17", "elapsed": 230.392275, "delta": 2.171102}}
{"target": -60.56049729842983, "params": {"eta": 0.5458795569409743, "max_depth": 14.32847510790345, "n_estimators": 74.2134735406717}, "datetime": {"datetime": "2021-09-29 17:26:19", "elapsed": 232.316491, "delta": 1.924216}}
{"target": -53.328633242540455, "params": {"eta": 0.17623541699735973, "max_depth": 6.031363042108471, "n_estimators": 14.33234143885214}, "datetime": {"datetime": "2021-09-29 17:26:20", "elapsed": 233.886492, "delta": 1.570001}}
{"target": -63.08045261030642, "params": {"eta": 0.514730372308664, "max_depth": 21.044702951562364, "n_estimators": 26.911455922121853}, "datetime": {"datetime": "2021-09-29 17:26:22", "elapsed": 235.657117, "delta": 1.770625}}
{"target": -58.425771524648276, "params": {"eta": 0.7084327578564493, "max_depth": 20.854497438581205, "n_estimators": 9.162525689090389}, "datetime": {"datetime": "2021-09-29 17:26:25", "elapsed": 238.667754, "delta": 3.010637}}
{"target": -64.40783185560716, "params": {"eta": 0.9021253865574169, "max_depth": 16.705285473275296, "n_estimators": 24.83061996015891}, "datetime": {"datetime": "2021-09-29 17:26:28", "elapsed": 241.319359, "delta": 2.651605}}
{"target": -62.68444497683203, "params": {"eta": 0.13418686616928227, "max_depth": 24.56120606046014, "n_estimators": 64.5335850211344}, "datetime": {"datetime": "2021-09-29 17:26:31", "elapsed": 244.55383, "delta": 3.234471}}
{"target": -48.204694307137295, "params": {"eta": 0.06400224255477167, "max_depth": 26.69506800283953, "n_estimators": 14.72182852569557}, "datetime": {"datetime": "2021-09-29 17:26:33", "elapsed": 246.148281, "delta": 1.594451}}
{"target": -57.93272241832488, "params": {"eta": 0.20469550029048805, "max_depth": 27.216067098414285, "n_estimators": 12.641611370335415}, "datetime": {"datetime": "2021-09-29 17:26:34", "elapsed": 247.652024, "delta": 1.503743}}
{"target": -49.68084020803533, "params": {"eta": 0.044595183840056625, "max_depth": 1.3366930191781958, "n_estimators": 15.979703759566616}, "datetime": {"datetime": "2021-09-29 17:26:36", "elapsed": 249.702584, "delta": 2.05056}}
{"target": -55.64991612434398, "params": {"eta": 0.9051195595045713, "max_depth": 1.6479538094333375, "n_estimators": 12.50509173016215}, "datetime": {"datetime": "2021-09-29 17:26:37", "elapsed": 251.001584, "delta": 1.299}}
{"target": -58.95166342628999, "params": {"eta": 0.5454983333972588, "max_depth": 3.509129598216963, "n_estimators": 36.85699288141289}, "datetime": {"datetime": "2021-09-29 17:26:40", "elapsed": 253.269859, "delta": 2.268275}}
{"target": -74.47590427943862, "params": {"eta": 0.980530395959116, "max_depth": 14.747340553491384, "n_estimators": 10.672275768155547}, "datetime": {"datetime": "2021-09-29 17:26:41", "elapsed": 254.801854, "delta": 1.531995}}
{"target": -49.83537364254754, "params": {"eta": 0.24980601336504787, "max_depth": 5.270082313286869, "n_estimators": 8.359362584591693}, "datetime": {"datetime": "2021-09-29 17:26:44", "elapsed": 257.155573, "delta": 2.353719}}
{"target": -48.946931832745996, "params": {"eta": 0.23279626581584745, "max_depth": 23.36220803850679, "n_estimators": 6.4797570252264425}, "datetime": {"datetime": "2021-09-29 17:26:46", "elapsed": 259.585269, "delta": 2.429696}}
{"target": -41.59147883584398, "params": {"eta": 0.06145901207661743, "max_depth": 1.5875345870615867, "n_estimators": 15.020597677749441}, "datetime": {"datetime": "2021-09-29 17:26:48", "elapsed": 261.512263, "delta": 1.926994}}
{"target": -64.44427598441288, "params": {"eta": 0.07713605663200392, "max_depth": 23.260131402360795, "n_estimators": 5.914054057143869}, "datetime": {"datetime": "2021-09-29 17:26:50", "elapsed": 263.38126, "delta": 1.868997}}
{"target": -46.51158389797893, "params": {"eta": 0.23568560443289058, "max_depth": 23.228118142684373, "n_estimators": 6.2972926896503765}, "datetime": {"datetime": "2021-09-29 17:26:53", "elapsed": 266.224172, "delta": 2.842912}}
{"target": -52.8437873631128, "params": {"eta": 0.0081759630018624, "max_depth": 8.335428178622859, "n_estimators": 64.50204168571386}, "datetime": {"datetime": "2021-09-29 17:26:55", "elapsed": 268.378403, "delta": 2.154231}}
{"target": -66.50112246752458, "params": {"eta": 0.7567693666106272, "max_depth": 8.547143534789102, "n_estimators": 67.32254296640828}, "datetime": {"datetime": "2021-09-29 17:26:57", "elapsed": 270.457155, "delta": 2.078752}}
{"target": -53.850189682115, "params": {"eta": 0.17925025586187338, "max_depth": 1.0742060677618501, "n_estimators": 15.038136040864162}, "datetime": {"datetime": "2021-09-29 17:26:59", "elapsed": 272.862831, "delta": 2.405676}}
{"target": -51.057813120909614, "params": {"eta": 0.36438706241795576, "max_depth": 26.52221242615379, "n_estimators": 3.147355599447672}, "datetime": {"datetime": "2021-09-29 17:27:02", "elapsed": 275.368558, "delta": 2.505727}}
{"target": -64.04674404490993, "params": {"eta": 0.3409499642706391, "max_depth": 6.426580433243736, "n_estimators": 76.71863826168675}, "datetime": {"datetime": "2021-09-29 17:27:04", "elapsed": 277.8158, "delta": 2.447242}}
{"target": -52.39686453473066, "params": {"eta": 0.15701542646591032, "max_depth": 1.7342419160219422, "n_estimators": 15.239289533309842}, "datetime": {"datetime": "2021-09-29 17:27:06", "elapsed": 279.5478, "delta": 1.732}}
{"target": -74.11760106216254, "params": {"eta": 0.9893896382572586, "max_depth": 28.08929497264006, "n_estimators": 5.361770322229887}, "datetime": {"datetime": "2021-09-29 17:27:07", "elapsed": 280.688051, "delta": 1.140251}}
{"target": -51.777172602409216, "params": {"eta": 0.2802409681104103, "max_depth": 23.486195570988063, "n_estimators": 6.008568330991496}, "datetime": {"datetime": "2021-09-29 17:27:09", "elapsed": 282.845014, "delta": 2.156963}}
{"target": -57.671999090855266, "params": {"eta": 0.03262442679834434, "max_depth": 1.6889127425425823, "n_estimators": 15.208178034413208}, "datetime": {"datetime": "2021-09-29 17:27:12", "elapsed": 285.358381, "delta": 2.513367}}
{"target": -46.714727766880856, "params": {"eta": 0.39977368040705574, "max_depth": 6.279633441059112, "n_estimators": 3.5098801209229564}, "datetime": {"datetime": "2021-09-29 17:27:13", "elapsed": 286.591024, "delta": 1.232643}}
{"target": -40.9145361256099, "params": {"eta": 0.06926288485829384, "max_depth": 1.1295576773625833, "n_estimators": 15.537284069754149}, "datetime": {"datetime": "2021-09-29 17:27:16", "elapsed": 289.156426, "delta": 2.565402}}
{"target": -54.874880604156196, "params": {"eta": 0.19753800692261134, "max_depth": 1.0704624073520965, "n_estimators": 15.490962401814347}, "datetime": {"datetime": "2021-09-29 17:27:18", "elapsed": 291.322839, "delta": 2.166413}}
{"target": -41.36858038573406, "params": {"eta": 0.08287804054882376, "max_depth": 1.1900408946628689, "n_estimators": 15.958753540765551}, "datetime": {"datetime": "2021-09-29 17:27:19", "elapsed": 293.092621, "delta": 1.769782}}
{"target": -45.72684028978527, "params": {"eta": 0.07799702467968703, "max_depth": 26.72043250768713, "n_estimators": 14.556545853253642}, "datetime": {"datetime": "2021-09-29 17:27:22", "elapsed": 295.406146, "delta": 2.313525}}
{"target": -46.16055802341971, "params": {"eta": 0.10676942612481988, "max_depth": 1.6687835608395711, "n_estimators": 15.675044782852654}, "datetime": {"datetime": "2021-09-29 17:27:25", "elapsed": 298.360978, "delta": 2.954832}}
{"target": -67.29064030304055, "params": {"eta": 0.4138182538812786, "max_depth": 10.17027880607835, "n_estimators": 12.821225829891949}, "datetime": {"datetime": "2021-09-29 17:27:26", "elapsed": 299.767976, "delta": 1.406998}}
{"target": -57.671999090855266, "params": {"eta": 0.0277224737025341, "max_depth": 1.159765786329205, "n_estimators": 15.61389573362854}, "datetime": {"datetime": "2021-09-29 17:27:28", "elapsed": 301.64957, "delta": 1.881594}}
{"target": -75.79807167940325, "params": {"eta": 0.7752012598349469, "max_depth": 28.118520539010877, "n_estimators": 56.62360140355879}, "datetime": {"datetime": "2021-09-29 17:27:30", "elapsed": 303.24272, "delta": 1.59315}}
{"target": -68.97307634455323, "params": {"eta": 0.6332686885313477, "max_depth": 25.229846529041872, "n_estimators": 23.74041832209401}, "datetime": {"datetime": "2021-09-29 17:27:31", "elapsed": 304.618467, "delta": 1.375747}}
{"target": -68.9738883575269, "params": {"eta": 0.5697011813873422, "max_depth": 14.26061773205414, "n_estimators": 57.7268346151524}, "datetime": {"datetime": "2021-09-29 17:27:33", "elapsed": 306.262986, "delta": 1.644519}}
{"target": -56.56393328083501, "params": {"eta": 0.11142207834135019, "max_depth": 7.098371503688621, "n_estimators": 24.627051821817894}, "datetime": {"datetime": "2021-09-29 17:27:35", "elapsed": 308.414617, "delta": 2.151631}}
{"target": -64.48105990668618, "params": {"eta": 0.19929551123897346, "max_depth": 19.866164895113826, "n_estimators": 62.31501747833396}, "datetime": {"datetime": "2021-09-29 17:27:37", "elapsed": 310.486619, "delta": 2.072002}}
{"target": -41.05067389826302, "params": {"eta": 0.07090395413221465, "max_depth": 1.1569044644594457, "n_estimators": 16.17307138579274}, "datetime": {"datetime": "2021-09-29 17:27:39", "elapsed": 312.958375, "delta": 2.471756}}
{"target": -74.15045658354592, "params": {"eta": 0.975543077126423, "max_depth": 9.058609368116215, "n_estimators": 8.50184007330212}, "datetime": {"datetime": "2021-09-29 17:27:41", "elapsed": 314.622122, "delta": 1.663747}}
{"target": -51.77152810485135, "params": {"eta": 0.5323383007228927, "max_depth": 10.726036195962893, "n_estimators": 1.3858626545867163}, "datetime": {"datetime": "2021-09-29 17:27:43", "elapsed": 317.053184, "delta": 2.431062}}
{"target": -65.12127965290605, "params": {"eta": 0.38372255597393967, "max_depth": 22.63420598740815, "n_estimators": 56.651958355290205}, "datetime": {"datetime": "2021-09-29 17:27:45", "elapsed": 319.098106, "delta": 2.044922}}
{"target": -61.546542528018264, "params": {"eta": 0.13729153586087697, "max_depth": 16.603962761920975, "n_estimators": 35.616912217886544}, "datetime": {"datetime": "2021-09-29 17:27:50", "elapsed": 323.451198, "delta": 4.353092}}
{"target": -58.92581710038436, "params": {"eta": 0.35769998823588317, "max_depth": 15.856927113690283, "n_estimators": 9.60475626056895}, "datetime": {"datetime": "2021-09-29 17:27:52", "elapsed": 326.088027, "delta": 2.636829}}
{"target": -49.68084020803533, "params": {"eta": 0.037793296873679876, "max_depth": 1.3580063859165201, "n_estimators": 15.20209590160789}, "datetime": {"datetime": "2021-09-29 17:27:55", "elapsed": 328.345004, "delta": 2.256977}}
{"target": -58.140195230946745, "params": {"eta": 0.3401882162404258, "max_depth": 23.00875468747641, "n_estimators": 6.242845467873922}, "datetime": {"datetime": "2021-09-29 17:27:57", "elapsed": 330.825071, "delta": 2.480067}}
{"target": -52.772079452280394, "params": {"eta": 0.29986228152406924, "max_depth": 23.599734987684304, "n_estimators": 5.918077439191161}, "datetime": {"datetime": "2021-09-29 17:27:59", "elapsed": 333.009774, "delta": 2.184703}}
{"target": -52.8437873631128, "params": {"eta": 0.013729854305389113, "max_depth": 8.883711543052849, "n_estimators": 64.50418552295451}, "datetime": {"datetime": "2021-09-29 17:28:04", "elapsed": 337.289921, "delta": 4.280147}}
{"target": -46.37458165533806, "params": {"eta": 0.019304894912485045, "max_depth": 21.943881549449934, "n_estimators": 69.63759387205214}, "datetime": {"datetime": "2021-09-29 17:28:10", "elapsed": 343.384637, "delta": 6.094716}}
{"target": -43.35474127729083, "params": {"eta": 0.10221529682284723, "max_depth": 1.0189438443318812, "n_estimators": 14.614906639281216}, "datetime": {"datetime": "2021-09-29 17:28:13", "elapsed": 346.183638, "delta": 2.799001}}
{"target": -69.68308350897021, "params": {"eta": 0.6731573825095425, "max_depth": 8.30129025510411, "n_estimators": 20.91990260453377}, "datetime": {"datetime": "2021-09-29 17:28:15", "elapsed": 348.395551, "delta": 2.211913}}
{"target": -51.23671300521173, "params": {"eta": 0.14299893293027816, "max_depth": 23.500658192250782, "n_estimators": 5.905150478345524}, "datetime": {"datetime": "2021-09-29 17:28:16", "elapsed": 350.085685, "delta": 1.690134}}
{"target": -66.19662196252648, "params": {"eta": 0.19076384904148339, "max_depth": 12.054541308469686, "n_estimators": 36.20145268202749}, "datetime": {"datetime": "2021-09-29 17:28:18", "elapsed": 352.013226, "delta": 1.927541}}
{"target": -61.49673438449222, "params": {"eta": 0.35870031689404386, "max_depth": 24.888889180906762, "n_estimators": 64.52502335393395}, "datetime": {"datetime": "2021-09-29 17:28:21", "elapsed": 354.903074, "delta": 2.889848}}
{"target": -64.17952818160094, "params": {"eta": 0.7128578596627031, "max_depth": 4.730887230200631, "n_estimators": 17.033919939132492}, "datetime": {"datetime": "2021-09-29 17:28:23", "elapsed": 356.53663, "delta": 1.633556}}
{"target": -65.46309766852822, "params": {"eta": 0.5254068919310569, "max_depth": 24.626206910738105, "n_estimators": 7.876814437482336}, "datetime": {"datetime": "2021-09-29 17:28:25", "elapsed": 358.319849, "delta": 1.783219}}
{"target": -48.204694307137295, "params": {"eta": 0.06355209779159446, "max_depth": 26.85601961762623, "n_estimators": 14.528210344522575}, "datetime": {"datetime": "2021-09-29 17:28:27", "elapsed": 360.908154, "delta": 2.588305}}
{"target": -55.22663715212449, "params": {"eta": 0.8667910476261169, "max_depth": 1.6470616004476808, "n_estimators": 12.508928959486301}, "datetime": {"datetime": "2021-09-29 17:28:29", "elapsed": 362.550376, "delta": 1.642222}}
{"target": -68.1936143385424, "params": {"eta": 0.011073901921843307, "max_depth": 16.559555318992416, "n_estimators": 35.70082198145791}, "datetime": {"datetime": "2021-09-29 17:28:32", "elapsed": 365.540433, "delta": 2.990057}}
{"target": -76.10798734531204, "params": {"eta": 0.9992467671116649, "max_depth": 8.077633555978684, "n_estimators": 55.527203070170785}, "datetime": {"datetime": "2021-09-29 17:28:34", "elapsed": 367.214408, "delta": 1.673975}}
{"target": -63.58328542981583, "params": {"eta": 0.4495714906525617, "max_depth": 10.570774309896084, "n_estimators": 45.114356094036275}, "datetime": {"datetime": "2021-09-29 17:28:36", "elapsed": 369.850058, "delta": 2.63565}}
{"target": -69.80354531206214, "params": {"eta": 0.7415855367872549, "max_depth": 27.365757388830243, "n_estimators": 79.48333129786771}, "datetime": {"datetime": "2021-09-29 17:28:38", "elapsed": 371.745945, "delta": 1.895887}}
{"target": -74.20394071804685, "params": {"eta": 0.9253328993984238, "max_depth": 23.534053313283007, "n_estimators": 48.78298599216984}, "datetime": {"datetime": "2021-09-29 17:28:40", "elapsed": 373.612722, "delta": 1.866777}}
{"target": -63.2897980977446, "params": {"eta": 0.20108756338301695, "max_depth": 21.85559166430798, "n_estimators": 23.783639947616873}, "datetime": {"datetime": "2021-09-29 17:28:42", "elapsed": 375.392551, "delta": 1.779829}}
{"target": -70.07553708077687, "params": {"eta": 0.4299598624148622, "max_depth": 23.61802026289897, "n_estimators": 72.4374921861373}, "datetime": {"datetime": "2021-09-29 17:28:44", "elapsed": 377.429714, "delta": 2.037163}}
{"target": -55.02555451192998, "params": {"eta": 0.22743852139898244, "max_depth": 1.1911365834154215, "n_estimators": 16.160383630194698}, "datetime": {"datetime": "2021-09-29 17:28:48", "elapsed": 381.184953, "delta": 3.755239}}
{"target": -46.89878146075209, "params": {"eta": 0.1514062243839463, "max_depth": 23.265916228025773, "n_estimators": 6.3101302387722}, "datetime": {"datetime": "2021-09-29 17:28:52", "elapsed": 385.368011, "delta": 4.183058}}
{"target": -54.874880604156196, "params": {"eta": 0.1952609625269882, "max_depth": 1.5540316694227907, "n_estimators": 15.22393999087445}, "datetime": {"datetime": "2021-09-29 17:28:55", "elapsed": 388.760549, "delta": 3.392538}}
{"target": -49.51747676510708, "params": {"eta": 0.05924608067748765, "max_depth": 14.357284629261468, "n_estimators": 34.51217520140194}, "datetime": {"datetime": "2021-09-29 17:28:58", "elapsed": 391.574025, "delta": 2.813476}}
{"target": -50.577246799023726, "params": {"eta": 0.19945456795441233, "max_depth": 23.447443683955683, "n_estimators": 6.525516927151622}, "datetime": {"datetime": "2021-09-29 17:29:01", "elapsed": 394.314662, "delta": 2.740637}}
{"target": -54.874880604156196, "params": {"eta": 0.20341450017150847, "max_depth": 1.1682018065105293, "n_estimators": 15.605270104890247}, "datetime": {"datetime": "2021-09-29 17:29:03", "elapsed": 397.038038, "delta": 2.723376}}
{"target": -69.70530824040941, "params": {"eta": 0.9707150687396379, "max_depth": 25.382689294963978, "n_estimators": 24.97898830568459}, "datetime": {"datetime": "2021-09-29 17:29:05", "elapsed": 399.040651, "delta": 2.002613}}
{"target": -45.9008773942058, "params": {"eta": 0.15608153500604033, "max_depth": 15.83753589814912, "n_estimators": 9.695553350308693}, "datetime": {"datetime": "2021-09-29 17:29:08", "elapsed": 401.763492, "delta": 2.722841}}
{"target": -54.09883157297515, "params": {"eta": 0.5668013587242957, "max_depth": 6.347757605790479, "n_estimators": 3.550505019814164}, "datetime": {"datetime": "2021-09-29 17:29:11", "elapsed": 404.218855, "delta": 2.455363}}
{"target": -62.24816578811545, "params": {"eta": 0.10229582340035337, "max_depth": 21.917957534733553, "n_estimators": 69.57673132223897}, "datetime": {"datetime": "2021-09-29 17:29:14", "elapsed": 407.902447, "delta": 3.683592}}
{"target": -54.86595346834303, "params": {"eta": 0.07960614016057117, "max_depth": 16.386808790477723, "n_estimators": 35.556649929655}, "datetime": {"datetime": "2021-09-29 17:29:17", "elapsed": 411.049678, "delta": 3.147231}}
{"target": -60.3974789636149, "params": {"eta": 0.8698536260928096, "max_depth": 21.733059363237317, "n_estimators": 58.81234305996136}, "datetime": {"datetime": "2021-09-29 17:29:20", "elapsed": 413.563147, "delta": 2.513469}}
{"target": -86.94732476368446, "params": {"eta": 0.011750583278066273, "max_depth": 16.854737504784744, "n_estimators": 12.543015468657599}, "datetime": {"datetime": "2021-09-29 17:29:24", "elapsed": 417.347024, "delta": 3.783877}}
{"target": -62.52556875640975, "params": {"eta": 0.48984956648384687, "max_depth": 26.170707899872387, "n_estimators": 62.875939252272055}, "datetime": {"datetime": "2021-09-29 17:29:27", "elapsed": 420.17948, "delta": 2.832456}}
{"target": -46.15385488902442, "params": {"eta": 0.16320980401963006, "max_depth": 23.030056029862244, "n_estimators": 6.237796039111879}, "datetime": {"datetime": "2021-09-29 17:29:31", "elapsed": 424.276911, "delta": 4.097431}}
{"target": -72.43043552581724, "params": {"eta": 0.7861987901282521, "max_depth": 28.434033291522624, "n_estimators": 23.19340129644267}, "datetime": {"datetime": "2021-09-29 17:29:33", "elapsed": 426.421709, "delta": 2.144798}}
{"target": -57.93272241832488, "params": {"eta": 0.1983365242448913, "max_depth": 16.73882589320709, "n_estimators": 12.195002353453825}, "datetime": {"datetime": "2021-09-29 17:29:35", "elapsed": 428.623965, "delta": 2.202256}}
{"target": -64.41372745874104, "params": {"eta": 0.8778928265969729, "max_depth": 7.766947488437562, "n_estimators": 49.460000645959475}, "datetime": {"datetime": "2021-09-29 17:29:37", "elapsed": 430.603402, "delta": 1.979437}}
{"target": -66.29991306263186, "params": {"eta": 0.3844244593109609, "max_depth": 9.002526768450121, "n_estimators": 75.01913556444742}, "datetime": {"datetime": "2021-09-29 17:29:39", "elapsed": 432.870405, "delta": 2.267003}}
{"target": -63.04473826041298, "params": {"eta": 0.06857954278305363, "max_depth": 23.110105061846674, "n_estimators": 6.561281375778306}, "datetime": {"datetime": "2021-09-29 17:29:42", "elapsed": 435.792725, "delta": 2.92232}}
{"target": -63.16359305326089, "params": {"eta": 0.7678845157805068, "max_depth": 9.25776849928258, "n_estimators": 3.4575753593100513}, "datetime": {"datetime": "2021-09-29 17:29:44", "elapsed": 437.362421, "delta": 1.569696}}
