{"target": -58.78125562514239, "params": {"eta": 0.41760498269787144, "max_depth": 21.889410309822583, "n_estimators": 1.0113231069171438}, "datetime": {"datetime": "2021-09-29 17:00:58", "elapsed": 0.0, "delta": 0.0}}
{"target": -54.03564902335244, "params": {"eta": 0.3030302400592079, "max_depth": 5.255920833696278, "n_estimators": 10.141520882110981}, "datetime": {"datetime": "2021-09-29 17:00:58", "elapsed": 0.057339, "delta": 0.057339}}
{"target": -63.52989070978177, "params": {"eta": 0.18707395116629325, "max_depth": 11.021261084248385, "n_estimators": 40.27997994883632}, "datetime": {"datetime": "2021-09-29 17:00:59", "elapsed": 0.470749, "delta": 0.41341}}
{"target": -65.57848835508288, "params": {"eta": 0.5392779172693536, "max_depth": 13.15664091769555, "n_estimators": 68.83673053927919}, "datetime": {"datetime": "2021-09-29 17:00:59", "elapsed": 0.829742, "delta": 0.358993}}
{"target": -52.3353826440791, "params": {"eta": 0.20524779748178593, "max_depth": 26.465405655337417, "n_estimators": 3.71137172659469}, "datetime": {"datetime": "2021-09-29 17:00:59", "elapsed": 0.866742, "delta": 0.037}}
{"target": -66.93891166364985, "params": {"eta": 0.7952188859838355, "max_depth": 27.249095681054616, "n_estimators": 4.2947847843343565}, "datetime": {"datetime": "2021-09-29 17:00:59", "elapsed": 1.106944, "delta": 0.240202}}
{"target": -48.68239950843244, "params": {"eta": 0.32327217026724553, "max_depth": 26.709238276704966, "n_estimators": 3.6633799972958574}, "datetime": {"datetime": "2021-09-29 17:01:00", "elapsed": 1.271766, "delta": 0.164822}}
{"target": -48.582802423040945, "params": {"eta": 0.2712654915053875, "max_depth": 26.90093089039055, "n_estimators": 3.415322917631854}, "datetime": {"datetime": "2021-09-29 17:01:00", "elapsed": 1.397477, "delta": 0.125711}}
{"target": -57.20142126045612, "params": {"eta": 0.2282873531366648, "max_depth": 5.512109924258306, "n_estimators": 94.78304165663957}, "datetime": {"datetime": "2021-09-29 17:01:00", "elapsed": 1.88242, "delta": 0.484943}}
{"target": -67.80894401380357, "params": {"eta": 0.726529795829339, "max_depth": 22.129748401670067, "n_estimators": 20.274115126645246}, "datetime": {"datetime": "2021-09-29 17:01:01", "elapsed": 2.235717, "delta": 0.353297}}
{"target": -70.97023368531977, "params": {"eta": 0.9602574561102547, "max_depth": 26.80829472438635, "n_estimators": 3.196926573641546}, "datetime": {"datetime": "2021-09-29 17:01:01", "elapsed": 2.470102, "delta": 0.234385}}
{"target": -72.12773688357716, "params": {"eta": 0.9554901299656542, "max_depth": 20.258071059419382, "n_estimators": 47.601343352989055}, "datetime": {"datetime": "2021-09-29 17:01:01", "elapsed": 2.890832, "delta": 0.42073}}
{"target": -62.52556875640975, "params": {"eta": 0.4892439901519784, "max_depth": 25.394181538235944, "n_estimators": 97.92777539809313}, "datetime": {"datetime": "2021-09-29 17:01:02", "elapsed": 3.557231, "delta": 0.666399}}
{"target": -55.51705746514224, "params": {"eta": 0.29148509192744454, "max_depth": 5.80298188729029, "n_estimators": 10.232333409068438}, "datetime": {"datetime": "2021-09-29 17:01:02", "elapsed": 3.758612, "delta": 0.201381}}
{"target": -58.78125562514239, "params": {"eta": 0.41760498269787144, "max_depth": 21.889410309822583, "n_estimators": 1.0113231069171438}, "datetime": {"datetime": "2021-09-29 17:01:11", "elapsed": 0.0, "delta": 0.0}}
{"target": -54.03564902335244, "params": {"eta": 0.3030302400592079, "max_depth": 5.255920833696278, "n_estimators": 10.141520882110981}, "datetime": {"datetime": "2021-09-29 17:01:11", "elapsed": 0.070694, "delta": 0.070694}}
{"target": -63.52989070978177, "params": {"eta": 0.18707395116629325, "max_depth": 11.021261084248385, "n_estimators": 40.27997994883632}, "datetime": {"datetime": "2021-09-29 17:01:12", "elapsed": 0.418827, "delta": 0.348133}}
{"target": -65.57848835508288, "params": {"eta": 0.5392779172693536, "max_depth": 13.15664091769555, "n_estimators": 68.83673053927919}, "datetime": {"datetime": "2021-09-29 17:01:12", "elapsed": 0.849032, "delta": 0.430205}}
{"target": -52.3353826440791, "params": {"eta": 0.20524779748178593, "max_depth": 26.465405655337417, "n_estimators": 3.71137172659469}, "datetime": {"datetime": "2021-09-29 17:01:12", "elapsed": 0.899639, "delta": 0.050607}}
{"target": -66.93891166364985, "params": {"eta": 0.7952188859838355, "max_depth": 27.249095681054616, "n_estimators": 4.2947847843343565}, "datetime": {"datetime": "2021-09-29 17:01:13", "elapsed": 1.254405, "delta": 0.354766}}
{"target": -48.68239950843244, "params": {"eta": 0.32327217026724553, "max_depth": 26.709238276704966, "n_estimators": 3.6633799972958574}, "datetime": {"datetime": "2021-09-29 17:01:13", "elapsed": 1.409549, "delta": 0.155144}}
{"target": -48.582802423040945, "params": {"eta": 0.2712654915053875, "max_depth": 26.90093089039055, "n_estimators": 3.415322917631854}, "datetime": {"datetime": "2021-09-29 17:01:13", "elapsed": 1.532212, "delta": 0.122663}}
{"target": -57.20142126045612, "params": {"eta": 0.2282873531366648, "max_depth": 5.512109924258306, "n_estimators": 94.78304165663957}, "datetime": {"datetime": "2021-09-29 17:01:14", "elapsed": 2.141704, "delta": 0.609492}}
{"target": -67.80894401380357, "params": {"eta": 0.726529795829339, "max_depth": 22.129748401670067, "n_estimators": 20.274115126645246}, "datetime": {"datetime": "2021-09-29 17:01:14", "elapsed": 2.701285, "delta": 0.559581}}
{"target": -70.97023368531977, "params": {"eta": 0.9602574561102547, "max_depth": 26.80829472438635, "n_estimators": 3.196926573641546}, "datetime": {"datetime": "2021-09-29 17:01:14", "elapsed": 2.901929, "delta": 0.200644}}
{"target": -72.12773688357716, "params": {"eta": 0.9554901299656542, "max_depth": 20.258071059419382, "n_estimators": 47.601343352989055}, "datetime": {"datetime": "2021-09-29 17:01:15", "elapsed": 3.228464, "delta": 0.326535}}
{"target": -62.52556875640975, "params": {"eta": 0.4892439901519784, "max_depth": 25.394181538235944, "n_estimators": 97.92777539809313}, "datetime": {"datetime": "2021-09-29 17:01:15", "elapsed": 3.939848, "delta": 0.711384}}
{"target": -55.51705746514224, "params": {"eta": 0.29148509192744454, "max_depth": 5.80298188729029, "n_estimators": 10.232333409068438}, "datetime": {"datetime": "2021-09-29 17:01:16", "elapsed": 4.207678, "delta": 0.26783}}
{"target": -99.5541557870435, "params": {"eta": 0.001, "max_depth": 26.955382275042254, "n_estimators": 3.6947888001221827}, "datetime": {"datetime": "2021-09-29 17:01:16", "elapsed": 4.631631, "delta": 0.423953}}
{"target": -66.41985567334746, "params": {"eta": 0.6774344147413909, "max_depth": 16.889420238408437, "n_estimators": 38.93770754673177}, "datetime": {"datetime": "2021-09-29 17:01:17", "elapsed": 5.187973, "delta": 0.556342}}
{"target": -60.992455850660974, "params": {"eta": 0.14161534490208225, "max_depth": 5.042007150050051, "n_estimators": 32.366398873270214}, "datetime": {"datetime": "2021-09-29 17:01:17", "elapsed": 5.428729, "delta": 0.240756}}
{"target": -51.61575913331424, "params": {"eta": 0.2747264672164537, "max_depth": 23.166103710945425, "n_estimators": 7.6201840203711875}, "datetime": {"datetime": "2021-09-29 17:01:17", "elapsed": 5.786867, "delta": 0.358138}}
{"target": -48.92612277710893, "params": {"eta": 0.3301236476838794, "max_depth": 26.943604768698954, "n_estimators": 3.545975370778696}, "datetime": {"datetime": "2021-09-29 17:01:17", "elapsed": 6.040004, "delta": 0.253137}}
{"target": -61.95924551652238, "params": {"eta": 0.5986038163763634, "max_depth": 4.268359661975513, "n_estimators": 12.560973458758351}, "datetime": {"datetime": "2021-09-29 17:01:18", "elapsed": 6.225628, "delta": 0.185624}}
{"target": -66.77047194522478, "params": {"eta": 0.6140110360571657, "max_depth": 17.164364973593628, "n_estimators": 65.7070851098762}, "datetime": {"datetime": "2021-09-29 17:01:18", "elapsed": 6.774361, "delta": 0.548733}}
{"target": -58.33426008844324, "params": {"eta": 0.21438773796130361, "max_depth": 5.390074844729606, "n_estimators": 94.83236897354827}, "datetime": {"datetime": "2021-09-29 17:01:19", "elapsed": 7.509745, "delta": 0.735384}}
{"target": -61.69607381211208, "params": {"eta": 0.31301371219104324, "max_depth": 16.84149246122903, "n_estimators": 82.84906803381764}, "datetime": {"datetime": "2021-09-29 17:01:20", "elapsed": 8.854096, "delta": 1.344351}}
{"target": -47.36390355213803, "params": {"eta": 0.23582342836962286, "max_depth": 22.97033811000299, "n_estimators": 7.742620062977199}, "datetime": {"datetime": "2021-09-29 17:01:21", "elapsed": 9.246287, "delta": 0.392191}}
{"target": -49.834762276484334, "params": {"eta": 0.28430573453206537, "max_depth": 26.583257023095957, "n_estimators": 3.694194125900181}, "datetime": {"datetime": "2021-09-29 17:01:21", "elapsed": 9.520532, "delta": 0.274245}}
{"target": -52.89644147968855, "params": {"eta": 0.47392029028567223, "max_depth": 26.86903212558222, "n_estimators": 3.802492007148275}, "datetime": {"datetime": "2021-09-29 17:01:21", "elapsed": 9.726984, "delta": 0.206452}}
{"target": -55.17140643396549, "params": {"eta": 0.23081180666468679, "max_depth": 2.8788177084869515, "n_estimators": 70.68071909437097}, "datetime": {"datetime": "2021-09-29 17:01:22", "elapsed": 10.194171, "delta": 0.467187}}
{"target": -53.32407630043908, "params": {"eta": 0.4102671001283417, "max_depth": 26.319475679540275, "n_estimators": 3.5711608425062864}, "datetime": {"datetime": "2021-09-29 17:01:22", "elapsed": 10.465823, "delta": 0.271652}}
{"target": -50.57251607733081, "params": {"eta": 0.20850750401720677, "max_depth": 23.010787169401496, "n_estimators": 7.927557439651672}, "datetime": {"datetime": "2021-09-29 17:01:22", "elapsed": 10.745224, "delta": 0.279401}}
{"target": -67.38129140328135, "params": {"eta": 0.8393647725562555, "max_depth": 13.136803882450529, "n_estimators": 30.312852320024138}, "datetime": {"datetime": "2021-09-29 17:01:23", "elapsed": 11.153642, "delta": 0.408418}}
{"target": -48.509693304596766, "params": {"eta": 0.1188705990116857, "max_depth": 22.692827401484138, "n_estimators": 7.984469518975433}, "datetime": {"datetime": "2021-09-29 17:01:23", "elapsed": 11.624762, "delta": 0.47112}}
{"target": -52.96251582897589, "params": {"eta": 0.24570681287825025, "max_depth": 22.801601846896656, "n_estimators": 7.452859488089535}, "datetime": {"datetime": "2021-09-29 17:01:24", "elapsed": 12.476741, "delta": 0.851979}}
{"target": -95.17042352084539, "params": {"eta": 0.04394900528804721, "max_depth": 13.031025698108454, "n_estimators": 1.5238657280956853}, "datetime": {"datetime": "2021-09-29 17:01:24", "elapsed": 12.740638, "delta": 0.263897}}
{"target": -64.01136380090865, "params": {"eta": 0.18729863245216877, "max_depth": 26.274995071691418, "n_estimators": 2.9845461942856177}, "datetime": {"datetime": "2021-09-29 17:01:24", "elapsed": 13.019079, "delta": 0.278441}}
{"target": -56.45539836713866, "params": {"eta": 0.3259448853079299, "max_depth": 22.13059471568481, "n_estimators": 7.860082190517569}, "datetime": {"datetime": "2021-09-29 17:01:25", "elapsed": 13.424943, "delta": 0.405864}}
{"target": -72.34590385377354, "params": {"eta": 0.6664234388870001, "max_depth": 22.569818060314148, "n_estimators": 7.7678745767872766}, "datetime": {"datetime": "2021-09-29 17:01:25", "elapsed": 13.770561, "delta": 0.345618}}
{"target": -54.049591214388336, "params": {"eta": 0.10409806674282412, "max_depth": 2.657317169248685, "n_estimators": 37.594961742892146}, "datetime": {"datetime": "2021-09-29 17:01:25", "elapsed": 14.043312, "delta": 0.272751}}
{"target": -54.72435026204594, "params": {"eta": 0.263618319286072, "max_depth": 5.425144763150891, "n_estimators": 10.56067195591801}, "datetime": {"datetime": "2021-09-29 17:01:26", "elapsed": 14.369851, "delta": 0.326539}}
{"target": -46.71696863269184, "params": {"eta": 0.04312977469224724, "max_depth": 4.388308000431904, "n_estimators": 50.6746295984232}, "datetime": {"datetime": "2021-09-29 17:01:26", "elapsed": 14.703396, "delta": 0.333545}}
{"target": -55.18332293624179, "params": {"eta": 0.5054829558250783, "max_depth": 27.03203323790885, "n_estimators": 3.231915012425401}, "datetime": {"datetime": "2021-09-29 17:01:26", "elapsed": 15.066729, "delta": 0.363333}}
{"target": -61.530933254387875, "params": {"eta": 0.6311868109644782, "max_depth": 26.80391291005188, "n_estimators": 3.461701968075393}, "datetime": {"datetime": "2021-09-29 17:01:27", "elapsed": 15.374038, "delta": 0.307309}}
{"target": -52.90974401587609, "params": {"eta": 0.09211693288986181, "max_depth": 22.807740305247368, "n_estimators": 7.432375551306023}, "datetime": {"datetime": "2021-09-29 17:01:27", "elapsed": 15.658106, "delta": 0.284068}}
{"target": -58.47987761688351, "params": {"eta": 0.16814687112962176, "max_depth": 4.74357592493312, "n_estimators": 50.88603831119988}, "datetime": {"datetime": "2021-09-29 17:01:28", "elapsed": 16.074142, "delta": 0.416036}}
{"target": -55.18332293624179, "params": {"eta": 0.5137335880942231, "max_depth": 26.44338139047763, "n_estimators": 3.9475031775467984}, "datetime": {"datetime": "2021-09-29 17:01:28", "elapsed": 16.444169, "delta": 0.370027}}
{"target": -57.991831306876584, "params": {"eta": 0.2554722836842231, "max_depth": 25.51921300643291, "n_estimators": 13.935024377097525}, "datetime": {"datetime": "2021-09-29 17:01:28", "elapsed": 16.880242, "delta": 0.436073}}
{"target": -57.9985981426094, "params": {"eta": 0.7549481344322791, "max_depth": 7.854919347855461, "n_estimators": 87.64386007231889}, "datetime": {"datetime": "2021-09-29 17:01:29", "elapsed": 17.415156, "delta": 0.534914}}
{"target": -49.401909042156724, "params": {"eta": 0.2280619079763473, "max_depth": 4.8758562836237385, "n_estimators": 10.306109796846853}, "datetime": {"datetime": "2021-09-29 17:01:29", "elapsed": 17.767366, "delta": 0.35221}}
{"target": -68.25783470681093, "params": {"eta": 0.8110588507092914, "max_depth": 22.67013591072954, "n_estimators": 89.0633707372845}, "datetime": {"datetime": "2021-09-29 17:01:30", "elapsed": 18.311664, "delta": 0.544298}}
{"target": -66.67124914374698, "params": {"eta": 0.5968025089551432, "max_depth": 14.510814004808882, "n_estimators": 98.87828783368572}, "datetime": {"datetime": "2021-09-29 17:01:30", "elapsed": 18.989281, "delta": 0.677617}}
{"target": -61.63271353244307, "params": {"eta": 0.2088632930302263, "max_depth": 4.604831820517866, "n_estimators": 50.46831818075508}, "datetime": {"datetime": "2021-09-29 17:01:31", "elapsed": 19.429514, "delta": 0.440233}}
{"target": -51.91287254634882, "params": {"eta": 0.0844299310256766, "max_depth": 6.865791577901645, "n_estimators": 30.484456050819446}, "datetime": {"datetime": "2021-09-29 17:01:31", "elapsed": 19.863754, "delta": 0.43424}}
{"target": -50.05328800562526, "params": {"eta": 0.06752716345593561, "max_depth": 15.749883198747863, "n_estimators": 11.713667349645545}, "datetime": {"datetime": "2021-09-29 17:01:32", "elapsed": 20.217978, "delta": 0.354224}}
{"target": -66.36377747834567, "params": {"eta": 0.3595044287702614, "max_depth": 4.8357712030416575, "n_estimators": 44.959193442688324}, "datetime": {"datetime": "2021-09-29 17:01:32", "elapsed": 20.63939, "delta": 0.421412}}
{"target": -68.58314207665254, "params": {"eta": 0.6556558037119603, "max_depth": 8.229811807112478, "n_estimators": 64.64219835987592}, "datetime": {"datetime": "2021-09-29 17:01:33", "elapsed": 21.215582, "delta": 0.576192}}
{"target": -74.30146930162918, "params": {"eta": 0.9919716540835605, "max_depth": 25.87586089051915, "n_estimators": 90.56353154235671}, "datetime": {"datetime": "2021-09-29 17:01:33", "elapsed": 21.864368, "delta": 0.648786}}
{"target": -99.5541557870435, "params": {"eta": 0.001, "max_depth": 4.168926294196485, "n_estimators": 50.84871861145611}, "datetime": {"datetime": "2021-09-29 17:01:34", "elapsed": 22.385689, "delta": 0.521321}}
{"target": -57.32833783856574, "params": {"eta": 0.043161712203429445, "max_depth": 20.071572457750612, "n_estimators": 99.12583442105876}, "datetime": {"datetime": "2021-09-29 17:01:35", "elapsed": 23.93706, "delta": 1.551371}}
{"target": -56.96957124330482, "params": {"eta": 0.3121867710671816, "max_depth": 5.092605683344838, "n_estimators": 10.42971545815789}, "datetime": {"datetime": "2021-09-29 17:01:36", "elapsed": 24.436975, "delta": 0.499915}}
{"target": -60.07109131381253, "params": {"eta": 0.10953090067411665, "max_depth": 24.646966937496487, "n_estimators": 97.48832977419747}, "datetime": {"datetime": "2021-09-29 17:01:38", "elapsed": 26.307399, "delta": 1.870424}}
{"target": -69.11562139895112, "params": {"eta": 0.8718752548261409, "max_depth": 6.179259986636726, "n_estimators": 42.45983398763201}, "datetime": {"datetime": "2021-09-29 17:01:38", "elapsed": 26.813963, "delta": 0.506564}}
{"target": -57.86331627472832, "params": {"eta": 0.07284024233956612, "max_depth": 5.527110079427004, "n_estimators": 68.07079936794567}, "datetime": {"datetime": "2021-09-29 17:01:39", "elapsed": 27.30125, "delta": 0.487287}}
{"target": -56.50724041111111, "params": {"eta": 0.052748856465643396, "max_depth": 15.663124054240818, "n_estimators": 11.462312865207283}, "datetime": {"datetime": "2021-09-29 17:01:39", "elapsed": 27.815339, "delta": 0.514089}}
{"target": -69.53339440921211, "params": {"eta": 0.5679846084874745, "max_depth": 8.984435851669486, "n_estimators": 51.73167088116193}, "datetime": {"datetime": "2021-09-29 17:01:40", "elapsed": 28.400883, "delta": 0.585544}}
{"target": -99.5541557870435, "params": {"eta": 0.001, "max_depth": 22.68573049851889, "n_estimators": 7.77946141415755}, "datetime": {"datetime": "2021-09-29 17:01:41", "elapsed": 29.294988, "delta": 0.894105}}
{"target": -60.0125974066816, "params": {"eta": 0.44931135471789185, "max_depth": 22.93152289843426, "n_estimators": 7.43875079817805}, "datetime": {"datetime": "2021-09-29 17:01:41", "elapsed": 29.789673, "delta": 0.494685}}
{"target": -53.483592643700895, "params": {"eta": 0.01799353559795016, "max_depth": 9.506346846534928, "n_estimators": 31.848374768365133}, "datetime": {"datetime": "2021-09-29 17:01:42", "elapsed": 30.952643, "delta": 1.16297}}
{"target": -46.53678505137017, "params": {"eta": 0.0871618919145686, "max_depth": 16.86897063554736, "n_estimators": 15.358118486659475}, "datetime": {"datetime": "2021-09-29 17:01:43", "elapsed": 31.496481, "delta": 0.543838}}
{"target": -49.99962567909479, "params": {"eta": 0.39573877355059894, "max_depth": 26.6809580361918, "n_estimators": 3.6564334350094696}, "datetime": {"datetime": "2021-09-29 17:01:43", "elapsed": 31.904643, "delta": 0.408162}}
{"target": -55.18332293624179, "params": {"eta": 0.5131080558602152, "max_depth": 26.444896651834803, "n_estimators": 3.700671852216484}, "datetime": {"datetime": "2021-09-29 17:01:44", "elapsed": 32.380195, "delta": 0.475552}}
{"target": -49.96221072868193, "params": {"eta": 0.34474741801968534, "max_depth": 26.356721860894275, "n_estimators": 3.796556674052669}, "datetime": {"datetime": "2021-09-29 17:01:44", "elapsed": 32.932253, "delta": 0.552058}}
{"target": -58.50922673439426, "params": {"eta": 0.30890045488649814, "max_depth": 4.954214129702764, "n_estimators": 10.195665350564646}, "datetime": {"datetime": "2021-09-29 17:01:45", "elapsed": 33.425098, "delta": 0.492845}}
{"target": -49.99962567909479, "params": {"eta": 0.400816605963472, "max_depth": 26.672788167130605, "n_estimators": 3.701946411306059}, "datetime": {"datetime": "2021-09-29 17:01:45", "elapsed": 33.920312, "delta": 0.495214}}
{"target": -58.69418989269914, "params": {"eta": 0.26864646233022194, "max_depth": 17.076372705962985, "n_estimators": 15.472190194135615}, "datetime": {"datetime": "2021-09-29 17:01:46", "elapsed": 34.614523, "delta": 0.694211}}
{"target": -63.08296983128267, "params": {"eta": 0.5062167421807671, "max_depth": 29.708515315286142, "n_estimators": 40.84234778162426}, "datetime": {"datetime": "2021-09-29 17:01:47", "elapsed": 35.926477, "delta": 1.311954}}
{"target": -49.971098685080676, "params": {"eta": 0.2084309841084095, "max_depth": 4.650592011117289, "n_estimators": 10.324171169107426}, "datetime": {"datetime": "2021-09-29 17:01:48", "elapsed": 36.44937, "delta": 0.522893}}
{"target": -62.82207697005433, "params": {"eta": 0.45887951177052344, "max_depth": 29.109166060958653, "n_estimators": 57.33536249931034}, "datetime": {"datetime": "2021-09-29 17:01:49", "elapsed": 37.485432, "delta": 1.036062}}
{"target": -53.80491415815207, "params": {"eta": 0.26787516316587595, "max_depth": 22.558050300569487, "n_estimators": 8.03277932317637}, "datetime": {"datetime": "2021-09-29 17:01:49", "elapsed": 37.86716, "delta": 0.381728}}
{"target": -84.51798649884847, "params": {"eta": 0.1353331476878587, "max_depth": 28.220490184521257, "n_estimators": 1.9376519871574442}, "datetime": {"datetime": "2021-09-29 17:01:50", "elapsed": 38.328069, "delta": 0.460909}}
{"target": -60.149505707164096, "params": {"eta": 0.06056118001412021, "max_depth": 22.765794218307008, "n_estimators": 8.295613250750101}, "datetime": {"datetime": "2021-09-29 17:01:50", "elapsed": 38.807212, "delta": 0.479143}}
{"target": -63.19472123864539, "params": {"eta": 0.17759697882564726, "max_depth": 7.0671876207169095, "n_estimators": 53.529442346663835}, "datetime": {"datetime": "2021-09-29 17:01:51", "elapsed": 39.67147, "delta": 0.864258}}
{"target": -60.79022994366077, "params": {"eta": 0.8255875520667464, "max_depth": 4.476864693935121, "n_estimators": 56.2725767773692}, "datetime": {"datetime": "2021-09-29 17:01:52", "elapsed": 40.235517, "delta": 0.564047}}
{"target": -58.42086106433053, "params": {"eta": 0.7104655096989352, "max_depth": 14.232683669648114, "n_estimators": 91.65598966057736}, "datetime": {"datetime": "2021-09-29 17:01:53", "elapsed": 41.186939, "delta": 0.951422}}
