{"target": -50.85535722822077, "params": {"eta": 0.1172696091382607, "max_depth": 23.287873583583167, "n_estimators": 6.268650476852472}, "datetime": {"datetime": "2021-09-29 17:29:46", "elapsed": 439.147393, "delta": 1.784972}}
{"target": -62.08139680599355, "params": {"eta": 0.3832387012600117, "max_depth": 3.249698028746933, "n_estimators": 79.15801349649017}, "datetime": {"datetime": "2021-09-29 17:29:47", "elapsed": 440.83673, "delta": 1.689337}}
{"target": -57.792682296784605, "params": {"eta": 0.297994734468441, "max_depth": 2.815585042863126, "n_estimators": 78.1716383505515}, "datetime": {"datetime": "2021-09-29 17:29:49", "elapsed": 442.650448, "delta": 1.813718}}
{"target": -69.81883949529931, "params": {"eta": 0.7437427646299994, "max_depth": 19.770577726731897, "n_estimators": 46.05245508825792}, "datetime": {"datetime": "2021-09-29 17:29:51", "elapsed": 444.735672, "delta": 2.085224}}
{"target": -51.48741883249285, "params": {"eta": 0.040028832312141494, "max_depth": 1.2248872168161573, "n_estimators": 14.765214182202334}, "datetime": {"datetime": "2021-09-29 17:29:55", "elapsed": 448.485983, "delta": 3.750311}}
{"target": -63.04461826251696, "params": {"eta": 0.505517266378696, "max_depth": 19.666061367146366, "n_estimators": 44.9767870156444}, "datetime": {"datetime": "2021-09-29 17:29:57", "elapsed": 450.952069, "delta": 2.466086}}
{"target": -53.92926867915253, "params": {"eta": 0.09043016535639338, "max_depth": 7.740492413380268, "n_estimators": 39.64003318764405}, "datetime": {"datetime": "2021-09-29 17:30:00", "elapsed": 454.091142, "delta": 3.139073}}
{"target": -49.68084020803533, "params": {"eta": 0.03931666180675609, "max_depth": 1.101498933405371, "n_estimators": 15.474721594036568}, "datetime": {"datetime": "2021-09-29 17:30:03", "elapsed": 456.87174, "delta": 2.780598}}
{"target": -61.170278237836925, "params": {"eta": 0.15622246331506934, "max_depth": 14.152431744326341, "n_estimators": 53.53602844099451}, "datetime": {"datetime": "2021-09-29 17:30:06", "elapsed": 460.12133, "delta": 3.24959}}
{"target": -74.30146612848213, "params": {"eta": 0.9879225413321752, "max_depth": 26.55271424536524, "n_estimators": 34.809612393394026}, "datetime": {"datetime": "2021-09-29 17:30:08", "elapsed": 462.042369, "delta": 1.921039}}
{"target": -52.39155536780963, "params": {"eta": 0.10227429817564991, "max_depth": 6.780644265012937, "n_estimators": 24.475359989779886}, "datetime": {"datetime": "2021-09-29 17:30:12", "elapsed": 466.068289, "delta": 4.02592}}
{"target": -48.903418390903276, "params": {"eta": 0.14476671836438254, "max_depth": 23.25772232776668, "n_estimators": 6.336859480711928}, "datetime": {"datetime": "2021-09-29 17:30:14", "elapsed": 467.911198, "delta": 1.842909}}
{"target": -45.911739383151115, "params": {"eta": 0.17764739581856306, "max_depth": 23.157209914687154, "n_estimators": 6.2671100252055725}, "datetime": {"datetime": "2021-09-29 17:30:18", "elapsed": 471.408157, "delta": 3.496959}}
{"target": -71.12163190063218, "params": {"eta": 0.04673755737782408, "max_depth": 23.15617069558092, "n_estimators": 6.298108561287453}, "datetime": {"datetime": "2021-09-29 17:30:21", "elapsed": 474.698922, "delta": 3.290765}}
{"target": -66.37181793093153, "params": {"eta": 0.6788103723314484, "max_depth": 15.778561002352411, "n_estimators": 64.77936906313192}, "datetime": {"datetime": "2021-09-29 17:30:24", "elapsed": 477.258139, "delta": 2.559217}}
{"target": -62.58578387050957, "params": {"eta": 0.8631926092972444, "max_depth": 17.970216374913836, "n_estimators": 17.624058849552725}, "datetime": {"datetime": "2021-09-29 17:30:26", "elapsed": 479.391762, "delta": 2.133623}}
{"target": -47.05779528077969, "params": {"eta": 0.1930101425434003, "max_depth": 23.794288224711327, "n_estimators": 5.990210980288413}, "datetime": {"datetime": "2021-09-29 17:30:30", "elapsed": 483.505029, "delta": 4.113267}}
{"target": -52.596756740313836, "params": {"eta": 0.16002429722209874, "max_depth": 1.0166933702871335, "n_estimators": 16.28225572352402}, "datetime": {"datetime": "2021-09-29 17:30:34", "elapsed": 487.723757, "delta": 4.218728}}
{"target": -58.845686526996374, "params": {"eta": 0.8748989305919401, "max_depth": 19.320451214422803, "n_estimators": 35.887011814340426}, "datetime": {"datetime": "2021-09-29 17:30:36", "elapsed": 489.777047, "delta": 2.05329}}
{"target": -44.36219386900669, "params": {"eta": 0.12765763090395582, "max_depth": 5.218762788107603, "n_estimators": 8.363843724914924}, "datetime": {"datetime": "2021-09-29 17:30:39", "elapsed": 493.131232, "delta": 3.354185}}
{"target": -56.07377778495154, "params": {"eta": 0.07968587760927483, "max_depth": 12.133229123123856, "n_estimators": 7.230012700570068}, "datetime": {"datetime": "2021-09-29 17:30:42", "elapsed": 495.169654, "delta": 2.038422}}
{"target": -46.51158389797893, "params": {"eta": 0.23723190020122512, "max_depth": 23.028941293852103, "n_estimators": 6.2611830584406505}, "datetime": {"datetime": "2021-09-29 17:30:44", "elapsed": 498.081538, "delta": 2.911884}}
{"target": -72.03878980894697, "params": {"eta": 0.9772934796198312, "max_depth": 11.814239704058565, "n_estimators": 75.45988781672179}, "datetime": {"datetime": "2021-09-29 17:30:47", "elapsed": 500.652347, "delta": 2.570809}}
{"target": -64.94895161755058, "params": {"eta": 0.33901817363293774, "max_depth": 23.183263208102126, "n_estimators": 52.07924629475826}, "datetime": {"datetime": "2021-09-29 17:30:49", "elapsed": 502.977242, "delta": 2.324895}}
{"target": -63.36639390410066, "params": {"eta": 0.19358443697574815, "max_depth": 21.762429266145478, "n_estimators": 53.74977011383606}, "datetime": {"datetime": "2021-09-29 17:30:52", "elapsed": 505.683399, "delta": 2.706157}}
{"target": -52.39686453473066, "params": {"eta": 0.16419290172693057, "max_depth": 1.2170012387764184, "n_estimators": 15.130204385502402}, "datetime": {"datetime": "2021-09-29 17:30:55", "elapsed": 508.715925, "delta": 3.032526}}
{"target": -93.04274460574675, "params": {"eta": 0.008966433878180205, "max_depth": 23.72299979989183, "n_estimators": 6.004913195536633}, "datetime": {"datetime": "2021-09-29 17:30:58", "elapsed": 511.53119, "delta": 2.815265}}
{"target": -45.72684028978527, "params": {"eta": 0.08189045121943583, "max_depth": 26.567447864259655, "n_estimators": 14.524503972289807}, "datetime": {"datetime": "2021-09-29 17:31:02", "elapsed": 515.946042, "delta": 4.414852}}
{"target": -53.56057681855323, "params": {"eta": 0.21171116900247616, "max_depth": 5.773527457429745, "n_estimators": 15.559240115426107}, "datetime": {"datetime": "2021-09-29 17:31:04", "elapsed": 517.573546, "delta": 1.627504}}
{"target": -76.12485719650823, "params": {"eta": 0.6579441680030507, "max_depth": 12.406786019347877, "n_estimators": 37.92757843900433}, "datetime": {"datetime": "2021-09-29 17:31:06", "elapsed": 519.375753, "delta": 1.802207}}
{"target": -47.193034650113006, "params": {"eta": 0.2128009984721107, "max_depth": 23.61919663148696, "n_estimators": 5.820390010044708}, "datetime": {"datetime": "2021-09-29 17:31:10", "elapsed": 523.141673, "delta": 3.76592}}
{"target": -51.99009274288709, "params": {"eta": 0.16387780672218935, "max_depth": 1.6820505838646749, "n_estimators": 14.564873040196689}, "datetime": {"datetime": "2021-09-29 17:31:12", "elapsed": 526.091815, "delta": 2.950142}}
{"target": -74.20394071804685, "params": {"eta": 0.9305617099103591, "max_depth": 27.94564363871222, "n_estimators": 71.33783075824793}, "datetime": {"datetime": "2021-09-29 17:31:16", "elapsed": 529.380581, "delta": 3.288766}}
{"target": -60.13159637142622, "params": {"eta": 0.441599162367808, "max_depth": 24.90291670992362, "n_estimators": 31.817008482229333}, "datetime": {"datetime": "2021-09-29 17:31:18", "elapsed": 531.633575, "delta": 2.252994}}
{"target": -44.000307596012135, "params": {"eta": 0.1031757255475341, "max_depth": 1.570311999272135, "n_estimators": 15.788152723111212}, "datetime": {"datetime": "2021-09-29 17:31:21", "elapsed": 534.403578, "delta": 2.770003}}
{"target": -62.02316539169961, "params": {"eta": 0.23263605161838094, "max_depth": 27.356997503331616, "n_estimators": 48.49230667199456}, "datetime": {"datetime": "2021-09-29 17:31:23", "elapsed": 536.681577, "delta": 2.277999}}
{"target": -70.19723025740375, "params": {"eta": 0.645725451494503, "max_depth": 26.98008971346288, "n_estimators": 20.49827259554264}, "datetime": {"datetime": "2021-09-29 17:31:25", "elapsed": 538.686422, "delta": 2.004845}}
{"target": -52.49661298746449, "params": {"eta": 0.1421170747361207, "max_depth": 26.67121971964611, "n_estimators": 14.417491505928185}, "datetime": {"datetime": "2021-09-29 17:31:28", "elapsed": 541.209028, "delta": 2.522606}}
{"target": -61.32338182525524, "params": {"eta": 0.3778202692218903, "max_depth": 10.587293804015438, "n_estimators": 66.82413815423284}, "datetime": {"datetime": "2021-09-29 17:31:29", "elapsed": 542.855283, "delta": 1.646255}}
{"target": -42.261732900015744, "params": {"eta": 0.08994038124036831, "max_depth": 1.851146113969098, "n_estimators": 15.62203328532182}, "datetime": {"datetime": "2021-09-29 17:31:32", "elapsed": 545.881451, "delta": 3.026168}}
{"target": -50.94921694321004, "params": {"eta": 0.28581786238063467, "max_depth": 23.735726225531206, "n_estimators": 5.842033972169996}, "datetime": {"datetime": "2021-09-29 17:31:35", "elapsed": 548.604876, "delta": 2.723425}}
{"target": -45.235058261068, "params": {"eta": 0.10328545740701603, "max_depth": 1.0940654263564997, "n_estimators": 16.20936076245404}, "datetime": {"datetime": "2021-09-29 17:31:38", "elapsed": 551.966152, "delta": 3.361276}}
{"target": -48.6917678471186, "params": {"eta": 0.22178361413898617, "max_depth": 23.92578710960147, "n_estimators": 5.936575684484456}, "datetime": {"datetime": "2021-09-29 17:31:41", "elapsed": 554.31221, "delta": 2.346058}}
{"target": -57.90006544264408, "params": {"eta": 0.16456583084618312, "max_depth": 3.950225672719576, "n_estimators": 48.2865592561268}, "datetime": {"datetime": "2021-09-29 17:31:42", "elapsed": 555.886965, "delta": 1.574755}}
{"target": -48.130105270164485, "params": {"eta": 0.21925195037957246, "max_depth": 5.677790956568188, "n_estimators": 8.310542541946496}, "datetime": {"datetime": "2021-09-29 17:31:45", "elapsed": 559.117452, "delta": 3.230487}}
{"target": -49.60737366330949, "params": {"eta": 0.12863071225188677, "max_depth": 1.552821363907566, "n_estimators": 15.049721415369225}, "datetime": {"datetime": "2021-09-29 17:31:49", "elapsed": 562.377037, "delta": 3.259585}}
{"target": -52.707623329940866, "params": {"eta": 0.14912526374954352, "max_depth": 26.564698653148124, "n_estimators": 14.767701674596838}, "datetime": {"datetime": "2021-09-29 17:31:51", "elapsed": 564.981053, "delta": 2.604016}}
{"target": -68.37685822006746, "params": {"eta": 0.416268720286598, "max_depth": 13.171499733140774, "n_estimators": 45.018125402630055}, "datetime": {"datetime": "2021-09-29 17:31:53", "elapsed": 566.904919, "delta": 1.923866}}
{"target": -53.850189682115, "params": {"eta": 0.18319225982886359, "max_depth": 1.0461358241641956, "n_estimators": 15.230005559192385}, "datetime": {"datetime": "2021-09-29 17:31:57", "elapsed": 570.369933, "delta": 3.465014}}
{"target": -51.99221825376264, "params": {"eta": 0.3795522895414196, "max_depth": 26.401711244644773, "n_estimators": 3.410863316981188}, "datetime": {"datetime": "2021-09-29 17:32:01", "elapsed": 574.195865, "delta": 3.825932}}
{"target": -48.024516155195585, "params": {"eta": 0.20858823782008026, "max_depth": 23.252445340945428, "n_estimators": 6.186032921605906}, "datetime": {"datetime": "2021-09-29 17:32:05", "elapsed": 578.337297, "delta": 4.141432}}
{"target": -61.546542528018264, "params": {"eta": 0.14425057983737705, "max_depth": 16.408964153046238, "n_estimators": 35.67725654053463}, "datetime": {"datetime": "2021-09-29 17:32:08", "elapsed": 581.545033, "delta": 3.207736}}
{"target": -59.57884064024124, "params": {"eta": 0.8515740228576427, "max_depth": 7.58580050469276, "n_estimators": 47.98253432961868}, "datetime": {"datetime": "2021-09-29 17:32:10", "elapsed": 583.535657, "delta": 1.990624}}
{"target": -60.098062293044855, "params": {"eta": 0.26924656307594513, "max_depth": 17.125834325932463, "n_estimators": 65.42666381334949}, "datetime": {"datetime": "2021-09-29 17:32:12", "elapsed": 585.713343, "delta": 2.177686}}
{"target": -67.17383741801221, "params": {"eta": 0.8319122258549918, "max_depth": 20.51527863505234, "n_estimators": 47.217202523151485}, "datetime": {"datetime": "2021-09-29 17:32:14", "elapsed": 587.544132, "delta": 1.830789}}
{"target": -60.41939927144671, "params": {"eta": 0.1803410010795905, "max_depth": 25.190512639333864, "n_estimators": 31.853238553546138}, "datetime": {"datetime": "2021-09-29 17:32:16", "elapsed": 589.420696, "delta": 1.876564}}
{"target": -55.8177931875187, "params": {"eta": 0.11431430908946852, "max_depth": 23.34745769685664, "n_estimators": 5.730652765480509}, "datetime": {"datetime": "2021-09-29 17:32:19", "elapsed": 592.584793, "delta": 3.164097}}
{"target": -63.28435405916203, "params": {"eta": 0.14313540884507028, "max_depth": 14.27966817766084, "n_estimators": 34.4795200466602}, "datetime": {"datetime": "2021-09-29 17:32:23", "elapsed": 596.509995, "delta": 3.925202}}
{"target": -42.261732900015744, "params": {"eta": 0.09338135673703535, "max_depth": 1.9108812069552825, "n_estimators": 15.553658652985435}, "datetime": {"datetime": "2021-09-29 17:32:26", "elapsed": 599.713999, "delta": 3.204004}}
{"target": -41.83479281344857, "params": {"eta": 0.09496251061884359, "max_depth": 1.6585656444026997, "n_estimators": 14.872706653093246}, "datetime": {"datetime": "2021-09-29 17:32:29", "elapsed": 602.686213, "delta": 2.972214}}
{"target": -47.05779528077969, "params": {"eta": 0.1878193289438753, "max_depth": 23.519925298822937, "n_estimators": 5.812962125441356}, "datetime": {"datetime": "2021-09-29 17:32:32", "elapsed": 605.426588, "delta": 2.740375}}
{"target": -47.27852557492963, "params": {"eta": 0.019142767632216447, "max_depth": 13.77005583268565, "n_estimators": 46.9782105553702}, "datetime": {"datetime": "2021-09-29 17:32:34", "elapsed": 607.225328, "delta": 1.79874}}
{"target": -56.81380182721141, "params": {"eta": 0.20479735163897037, "max_depth": 15.429220199678449, "n_estimators": 11.008384094442478}, "datetime": {"datetime": "2021-09-29 17:32:35", "elapsed": 608.830382, "delta": 1.605054}}
{"target": -48.394631506251926, "params": {"eta": 0.12958169103945452, "max_depth": 1.9457227150144711, "n_estimators": 14.845132118366836}, "datetime": {"datetime": "2021-09-29 17:32:39", "elapsed": 612.598261, "delta": 3.767879}}
{"target": -53.51742150195476, "params": {"eta": 0.4094077388123468, "max_depth": 1.367826540240114, "n_estimators": 78.9179993079927}, "datetime": {"datetime": "2021-09-29 17:32:41", "elapsed": 614.545681, "delta": 1.94742}}
{"target": -53.05637408768854, "params": {"eta": 0.17296960669522382, "max_depth": 1.4876370991590506, "n_estimators": 15.688898034103495}, "datetime": {"datetime": "2021-09-29 17:32:44", "elapsed": 618.01953, "delta": 3.473849}}
{"target": -65.82449240558378, "params": {"eta": 0.9145044658504229, "max_depth": 10.808836037869787, "n_estimators": 12.403633872110293}, "datetime": {"datetime": "2021-09-29 17:32:46", "elapsed": 620.109947, "delta": 2.090417}}
{"target": -62.8474724505404, "params": {"eta": 0.45949074973851856, "max_depth": 20.214736468104423, "n_estimators": 66.11063646569508}, "datetime": {"datetime": "2021-09-29 17:32:49", "elapsed": 622.703179, "delta": 2.593232}}
{"target": -44.000307596012135, "params": {"eta": 0.10384222185163232, "max_depth": 1.3285327026060936, "n_estimators": 15.248098456494134}, "datetime": {"datetime": "2021-09-29 17:32:53", "elapsed": 626.438314, "delta": 3.735135}}
{"target": -43.30853449879487, "params": {"eta": 0.04817079068008469, "max_depth": 1.180630414874039, "n_estimators": 16.2681984067801}, "datetime": {"datetime": "2021-09-29 17:32:57", "elapsed": 630.701737, "delta": 4.263423}}
{"target": -68.58303156661682, "params": {"eta": 0.7198815132071706, "max_depth": 23.22139391554726, "n_estimators": 12.233151785741732}, "datetime": {"datetime": "2021-09-29 17:32:59", "elapsed": 632.872255, "delta": 2.170518}}
{"target": -67.21532224640706, "params": {"eta": 0.9062652112881436, "max_depth": 14.509409019511741, "n_estimators": 62.30709290488383}, "datetime": {"datetime": "2021-09-29 17:33:02", "elapsed": 635.516251, "delta": 2.643996}}
{"target": -48.78217867138757, "params": {"eta": 0.12127781346596678, "max_depth": 1.3263870745211075, "n_estimators": 16.030417898510372}, "datetime": {"datetime": "2021-09-29 17:33:06", "elapsed": 639.898788, "delta": 4.382537}}
{"target": -62.12228439792868, "params": {"eta": 0.21390305357144934, "max_depth": 11.64784538511911, "n_estimators": 69.25454267612557}, "datetime": {"datetime": "2021-09-29 17:33:09", "elapsed": 642.936201, "delta": 3.037413}}
{"target": -50.16483787657988, "params": {"eta": 0.30032048244672305, "max_depth": 5.54401068255176, "n_estimators": 8.257510052468222}, "datetime": {"datetime": "2021-09-29 17:33:14", "elapsed": 647.748268, "delta": 4.812067}}
{"target": -52.95378057080903, "params": {"eta": 0.035634680807937705, "max_depth": 2.033427751430236, "n_estimators": 14.999637090679197}, "datetime": {"datetime": "2021-09-29 17:33:18", "elapsed": 651.596737, "delta": 3.848469}}
{"target": -57.623890949090494, "params": {"eta": 0.06024034945532045, "max_depth": 28.650001588293225, "n_estimators": 76.90333839798657}, "datetime": {"datetime": "2021-09-29 17:33:21", "elapsed": 654.307473, "delta": 2.710736}}
{"target": -45.911739383151115, "params": {"eta": 0.17777478378056172, "max_depth": 22.732444619234357, "n_estimators": 6.479211277052998}, "datetime": {"datetime": "2021-09-29 17:33:26", "elapsed": 659.664629, "delta": 5.357156}}
{"target": -46.8996054225842, "params": {"eta": 0.10104374502359185, "max_depth": 16.7961472617053, "n_estimators": 12.440711626599972}, "datetime": {"datetime": "2021-09-29 17:33:31", "elapsed": 664.657921, "delta": 4.993292}}
{"target": -51.99009274288709, "params": {"eta": 0.16175772685916937, "max_depth": 1.1118238311849553, "n_estimators": 14.762516790053061}, "datetime": {"datetime": "2021-09-29 17:33:35", "elapsed": 668.896219, "delta": 4.238298}}
{"target": -65.58345509135951, "params": {"eta": 0.20175317774127366, "max_depth": 13.262566596705264, "n_estimators": 74.48670851104202}, "datetime": {"datetime": "2021-09-29 17:33:38", "elapsed": 671.929379, "delta": 3.03316}}
{"target": -55.842342312409365, "params": {"eta": 0.029106507007033943, "max_depth": 1.2710674459889124, "n_estimators": 16.34750959959179}, "datetime": {"datetime": "2021-09-29 17:33:43", "elapsed": 676.388604, "delta": 4.459225}}
{"target": -47.39103239919265, "params": {"eta": 0.16664704021871005, "max_depth": 25.724827742279743, "n_estimators": 11.764342185503715}, "datetime": {"datetime": "2021-09-29 17:33:45", "elapsed": 678.565796, "delta": 2.177192}}
{"target": -58.86914709292634, "params": {"eta": 0.05753296176880011, "max_depth": 5.250810333212519, "n_estimators": 8.277247973740163}, "datetime": {"datetime": "2021-09-29 17:33:49", "elapsed": 682.43542, "delta": 3.869624}}
{"target": -54.26988631388203, "params": {"eta": 0.18869565738503374, "max_depth": 1.8056145900464526, "n_estimators": 14.444538016793835}, "datetime": {"datetime": "2021-09-29 17:33:53", "elapsed": 686.4731, "delta": 4.03768}}
{"target": -44.7844610204114, "params": {"eta": 0.10937847268146102, "max_depth": 1.8009455035615969, "n_estimators": 14.870155540303603}, "datetime": {"datetime": "2021-09-29 17:33:58", "elapsed": 691.676804, "delta": 5.203704}}
{"target": -60.35925326278042, "params": {"eta": 0.07532840389709726, "max_depth": 22.05066206877901, "n_estimators": 69.69804070487152}, "datetime": {"datetime": "2021-09-29 17:34:03", "elapsed": 696.215617, "delta": 4.538813}}
{"target": -64.8854384618121, "params": {"eta": 0.337102015944214, "max_depth": 28.51384485444326, "n_estimators": 21.172086537957284}, "datetime": {"datetime": "2021-09-29 17:34:05", "elapsed": 698.838428, "delta": 2.622811}}
{"target": -48.285600796568495, "params": {"eta": 0.13212409710829218, "max_depth": 22.64220635111259, "n_estimators": 6.552746302703672}, "datetime": {"datetime": "2021-09-29 17:34:11", "elapsed": 704.701964, "delta": 5.863536}}
{"target": -59.66098851528655, "params": {"eta": 0.1121205367201525, "max_depth": 16.30203029218517, "n_estimators": 65.97871557901561}, "datetime": {"datetime": "2021-09-29 17:34:15", "elapsed": 708.551492, "delta": 3.849528}}
{"target": -45.807528992110576, "params": {"eta": 0.032610802693975406, "max_depth": 16.498936353808134, "n_estimators": 35.4264907629014}, "datetime": {"datetime": "2021-09-29 17:34:19", "elapsed": 712.934664, "delta": 4.383172}}
{"target": -58.660412994125785, "params": {"eta": 0.4855632517433964, "max_depth": 23.462686511350512, "n_estimators": 6.0110975984843575}, "datetime": {"datetime": "2021-09-29 17:34:24", "elapsed": 717.149649, "delta": 4.214985}}
{"target": -54.72190094263053, "params": {"eta": 0.7090558941205894, "max_depth": 1.541157285987125, "n_estimators": 42.694239318142955}, "datetime": {"datetime": "2021-09-29 17:34:26", "elapsed": 719.725764, "delta": 2.576115}}
{"target": -47.3460852828782, "params": {"eta": 0.07634906671787216, "max_depth": 25.836596366897652, "n_estimators": 11.813581158446034}, "datetime": {"datetime": "2021-09-29 17:34:31", "elapsed": 724.163318, "delta": 4.437554}}
{"target": -45.911739383151115, "params": {"eta": 0.18498457588034017, "max_depth": 23.354376243900575, "n_estimators": 6.2722855306783085}, "datetime": {"datetime": "2021-09-29 17:34:36", "elapsed": 729.319853, "delta": 5.156535}}
