{"target": -46.15385488902442, "params": {"eta": 0.16477286903299967, "max_depth": 22.987598921235694, "n_estimators": 6.3372371968544785}, "datetime": {"datetime": "2021-09-29 17:23:56", "elapsed": 89.181935, "delta": 0.604001}}
{"target": -69.48563847376637, "params": {"eta": 0.9392416645171012, "max_depth": 6.119978348901607, "n_estimators": 19.751719234455923}, "datetime": {"datetime": "2021-09-29 17:23:56", "elapsed": 89.858933, "delta": 0.676998}}
{"target": -62.823613093230804, "params": {"eta": 0.45887567354381076, "max_depth": 24.809959862715555, "n_estimators": 24.598592916668746}, "datetime": {"datetime": "2021-09-29 17:23:57", "elapsed": 90.820182, "delta": 0.961249}}
{"target": -70.06465955361469, "params": {"eta": 0.42930599917147527, "max_depth": 22.514553948660502, "n_estimators": 71.50595776661233}, "datetime": {"datetime": "2021-09-29 17:23:59", "elapsed": 92.524038, "delta": 1.703856}}
{"target": -66.01493535178511, "params": {"eta": 0.8506222996643111, "max_depth": 26.269384765932436, "n_estimators": 60.73601502906275}, "datetime": {"datetime": "2021-09-29 17:24:00", "elapsed": 93.336037, "delta": 0.811999}}
{"target": -50.4756859723916, "params": {"eta": 0.26018871219694933, "max_depth": 23.769569854368505, "n_estimators": 6.100143973674425}, "datetime": {"datetime": "2021-09-29 17:24:00", "elapsed": 94.034038, "delta": 0.698001}}
{"target": -46.84619794684683, "params": {"eta": 0.0976329617548216, "max_depth": 5.454598690507424, "n_estimators": 8.439059504993052}, "datetime": {"datetime": "2021-09-29 17:24:01", "elapsed": 94.71054, "delta": 0.676502}}
{"target": -60.998188312637325, "params": {"eta": 0.17680325725041715, "max_depth": 18.529080079171376, "n_estimators": 43.045522057034404}, "datetime": {"datetime": "2021-09-29 17:24:03", "elapsed": 96.230669, "delta": 1.520129}}
{"target": -44.40500083429537, "params": {"eta": 0.04583047120881448, "max_depth": 6.862114739916456, "n_estimators": 24.482219506848566}, "datetime": {"datetime": "2021-09-29 17:24:03", "elapsed": 97.086524, "delta": 0.855855}}
{"target": -47.64384726574378, "params": {"eta": 0.15774903151493064, "max_depth": 23.436745381579094, "n_estimators": 5.895017469133146}, "datetime": {"datetime": "2021-09-29 17:24:04", "elapsed": 97.77552, "delta": 0.688996}}
{"target": -57.671999090855266, "params": {"eta": 0.027914336446471438, "max_depth": 1.2181528456670403, "n_estimators": 15.772821834177071}, "datetime": {"datetime": "2021-09-29 17:24:05", "elapsed": 98.518104, "delta": 0.742584}}
{"target": -63.201193955985055, "params": {"eta": 0.13600534515474377, "max_depth": 9.873144755900775, "n_estimators": 74.09010059047961}, "datetime": {"datetime": "2021-09-29 17:24:06", "elapsed": 100.104106, "delta": 1.586002}}
{"target": -48.024516155195585, "params": {"eta": 0.21338464680431907, "max_depth": 23.168104904330953, "n_estimators": 6.576907152994107}, "datetime": {"datetime": "2021-09-29 17:24:07", "elapsed": 100.895291, "delta": 0.791185}}
{"target": -41.59147883584398, "params": {"eta": 0.05764121278458091, "max_depth": 1.5916798245102028, "n_estimators": 15.229296913994663}, "datetime": {"datetime": "2021-09-29 17:24:08", "elapsed": 101.883928, "delta": 0.988637}}
{"target": -60.18721841709549, "params": {"eta": 0.6990789952627307, "max_depth": 9.902608533092073, "n_estimators": 11.32432642789557}, "datetime": {"datetime": "2021-09-29 17:24:09", "elapsed": 102.559534, "delta": 0.675606}}
{"target": -67.02483910753692, "params": {"eta": 0.4996931302069256, "max_depth": 7.31484916836805, "n_estimators": 21.03740567241654}, "datetime": {"datetime": "2021-09-29 17:24:11", "elapsed": 104.225552, "delta": 1.666018}}
{"target": -52.39686453473066, "params": {"eta": 0.16394613085781704, "max_depth": 1.380966710375767, "n_estimators": 15.533725117085645}, "datetime": {"datetime": "2021-09-29 17:24:12", "elapsed": 105.196285, "delta": 0.970733}}
{"target": -60.85285512735027, "params": {"eta": 0.257378307747018, "max_depth": 21.066219590704225, "n_estimators": 59.10980277774893}, "datetime": {"datetime": "2021-09-29 17:24:13", "elapsed": 106.499439, "delta": 1.303154}}
{"target": -60.658909164981864, "params": {"eta": 0.2350761422177737, "max_depth": 7.795655226005451, "n_estimators": 51.81553830423042}, "datetime": {"datetime": "2021-09-29 17:24:14", "elapsed": 107.526438, "delta": 1.026999}}
{"target": -49.28922537415257, "params": {"eta": 0.27611566258903036, "max_depth": 23.72698878712219, "n_estimators": 5.936078589139438}, "datetime": {"datetime": "2021-09-29 17:24:15", "elapsed": 108.640562, "delta": 1.114124}}
{"target": -64.18242932379991, "params": {"eta": 0.5930998348915217, "max_depth": 24.98057261221004, "n_estimators": 27.33459315617483}, "datetime": {"datetime": "2021-09-29 17:24:16", "elapsed": 109.921565, "delta": 1.281003}}
{"target": -55.65296248011566, "params": {"eta": 0.05150483606962171, "max_depth": 8.467922416583338, "n_estimators": 64.31393367595811}, "datetime": {"datetime": "2021-09-29 17:24:18", "elapsed": 111.203718, "delta": 1.282153}}
{"target": -54.953350641316675, "params": {"eta": 0.3125024716805478, "max_depth": 5.489961131292954, "n_estimators": 8.45877172015401}, "datetime": {"datetime": "2021-09-29 17:24:19", "elapsed": 112.375724, "delta": 1.172006}}
{"target": -55.775587620395825, "params": {"eta": 0.3533100506023196, "max_depth": 5.421976923007215, "n_estimators": 8.47874930857554}, "datetime": {"datetime": "2021-09-29 17:24:20", "elapsed": 113.160879, "delta": 0.785155}}
{"target": -62.52556875640975, "params": {"eta": 0.4872174238247256, "max_depth": 25.16995655953495, "n_estimators": 78.23827845471338}, "datetime": {"datetime": "2021-09-29 17:24:21", "elapsed": 114.441431, "delta": 1.280552}}
{"target": -62.45753811063513, "params": {"eta": 0.8486932820517894, "max_depth": 5.281349544590476, "n_estimators": 38.53184080533159}, "datetime": {"datetime": "2021-09-29 17:24:22", "elapsed": 115.441433, "delta": 1.000002}}
{"target": -54.57213698981901, "params": {"eta": 0.22559306499477882, "max_depth": 1.826312920208933, "n_estimators": 14.96588923514247}, "datetime": {"datetime": "2021-09-29 17:24:23", "elapsed": 116.435694, "delta": 0.994261}}
{"target": -51.23671300521173, "params": {"eta": 0.14478196404812815, "max_depth": 23.272786722985554, "n_estimators": 5.833783644745061}, "datetime": {"datetime": "2021-09-29 17:24:24", "elapsed": 117.501691, "delta": 1.065997}}
{"target": -61.60986454987049, "params": {"eta": 0.3524326344600668, "max_depth": 7.742166035774428, "n_estimators": 11.348581645019593}, "datetime": {"datetime": "2021-09-29 17:24:25", "elapsed": 118.403694, "delta": 0.902003}}
{"target": -61.30867412919419, "params": {"eta": 0.1451984180729313, "max_depth": 8.445940241507358, "n_estimators": 64.47786569358978}, "datetime": {"datetime": "2021-09-29 17:24:28", "elapsed": 121.682378, "delta": 3.278684}}
{"target": -45.73755969875337, "params": {"eta": 0.05375247455980791, "max_depth": 1.9535074700226192, "n_estimators": 14.854368740402824}, "datetime": {"datetime": "2021-09-29 17:24:29", "elapsed": 122.775669, "delta": 1.093291}}
{"target": -40.9145361256099, "params": {"eta": 0.06746075362217784, "max_depth": 1.1842287781725271, "n_estimators": 15.930207985593443}, "datetime": {"datetime": "2021-09-29 17:24:31", "elapsed": 124.912386, "delta": 2.136717}}
{"target": -74.20394071804685, "params": {"eta": 0.9253626163744342, "max_depth": 22.51269883724487, "n_estimators": 43.43511417851237}, "datetime": {"datetime": "2021-09-29 17:24:33", "elapsed": 126.233021, "delta": 1.320635}}
{"target": -46.67358769466115, "params": {"eta": 0.10593916153274269, "max_depth": 15.7842997826189, "n_estimators": 9.674088271658556}, "datetime": {"datetime": "2021-09-29 17:24:34", "elapsed": 127.451781, "delta": 1.21876}}
{"target": -99.5541557870435, "params": {"eta": 0.003995217108638532, "max_depth": 1.3453903061930759, "n_estimators": 15.592085907138761}, "datetime": {"datetime": "2021-09-29 17:24:35", "elapsed": 128.514784, "delta": 1.063003}}
{"target": -83.19847789124073, "params": {"eta": 0.018448492372784966, "max_depth": 5.491932491004949, "n_estimators": 8.48541352930423}, "datetime": {"datetime": "2021-09-29 17:24:36", "elapsed": 129.525107, "delta": 1.010323}}
{"target": -91.98804619401855, "params": {"eta": 0.014870964959826365, "max_depth": 22.63277156262887, "n_estimators": 7.86205558161362}, "datetime": {"datetime": "2021-09-29 17:24:37", "elapsed": 130.648301, "delta": 1.123194}}
{"target": -67.0895106409301, "params": {"eta": 0.04019333923044801, "max_depth": 15.767850309170855, "n_estimators": 9.655274935762444}, "datetime": {"datetime": "2021-09-29 17:24:39", "elapsed": 132.670002, "delta": 2.021701}}
{"target": -61.30867412919419, "params": {"eta": 0.1480879715307805, "max_depth": 8.792116361655882, "n_estimators": 64.60768664679334}, "datetime": {"datetime": "2021-09-29 17:24:41", "elapsed": 134.162524, "delta": 1.492522}}
{"target": -65.86756330791044, "params": {"eta": 0.33963782797493586, "max_depth": 10.156858109833763, "n_estimators": 29.687901735167948}, "datetime": {"datetime": "2021-09-29 17:24:42", "elapsed": 135.553862, "delta": 1.391338}}
{"target": -58.140195230946745, "params": {"eta": 0.3404121173101244, "max_depth": 23.45420159202394, "n_estimators": 6.716187058899569}, "datetime": {"datetime": "2021-09-29 17:24:43", "elapsed": 136.763759, "delta": 1.209897}}
{"target": -47.630918408642195, "params": {"eta": 0.3081829739571549, "max_depth": 26.431107269811267, "n_estimators": 3.286561010720707}, "datetime": {"datetime": "2021-09-29 17:24:44", "elapsed": 137.860758, "delta": 1.096999}}
{"target": -46.15385488902442, "params": {"eta": 0.157822014729189, "max_depth": 23.39992585226262, "n_estimators": 6.5963860254586155}, "datetime": {"datetime": "2021-09-29 17:24:45", "elapsed": 138.986747, "delta": 1.125989}}
{"target": -57.671999090855266, "params": {"eta": 0.03139984868130314, "max_depth": 1.2640329412171485, "n_estimators": 15.71520817071176}, "datetime": {"datetime": "2021-09-29 17:24:46", "elapsed": 140.05375, "delta": 1.067003}}
{"target": -55.65889679224904, "params": {"eta": 0.32896703355706763, "max_depth": 13.12349386376835, "n_estimators": 6.620295436648763}, "datetime": {"datetime": "2021-09-29 17:24:48", "elapsed": 141.313894, "delta": 1.260144}}
{"target": -54.56139915539833, "params": {"eta": 0.1290566305266591, "max_depth": 2.043590913602572, "n_estimators": 27.184027867187684}, "datetime": {"datetime": "2021-09-29 17:24:49", "elapsed": 142.493897, "delta": 1.180003}}
{"target": -55.65296248011566, "params": {"eta": 0.05320041686603771, "max_depth": 8.415602959678774, "n_estimators": 64.35121587993103}, "datetime": {"datetime": "2021-09-29 17:24:50", "elapsed": 143.985665, "delta": 1.491768}}
{"target": -59.01479476689223, "params": {"eta": 0.0807515582801183, "max_depth": 8.502451597840192, "n_estimators": 64.5469392669142}, "datetime": {"datetime": "2021-09-29 17:24:52", "elapsed": 145.983801, "delta": 1.998136}}
{"target": -71.58140270889845, "params": {"eta": 0.688713289994486, "max_depth": 29.11604477837563, "n_estimators": 73.37957092057698}, "datetime": {"datetime": "2021-09-29 17:24:54", "elapsed": 147.855366, "delta": 1.871565}}
{"target": -69.70276826738075, "params": {"eta": 0.9663245297423017, "max_depth": 17.255851303516646, "n_estimators": 19.20525199712052}, "datetime": {"datetime": "2021-09-29 17:24:55", "elapsed": 148.931701, "delta": 1.076335}}
{"target": -48.92612277710893, "params": {"eta": 0.32869856087411453, "max_depth": 26.427814862628438, "n_estimators": 3.106154934819658}, "datetime": {"datetime": "2021-09-29 17:24:56", "elapsed": 149.885702, "delta": 0.954001}}
{"target": -45.73755969875337, "params": {"eta": 0.050914368576440966, "max_depth": 1.129412025104211, "n_estimators": 14.70342663337563}, "datetime": {"datetime": "2021-09-29 17:24:58", "elapsed": 151.171149, "delta": 1.285447}}
{"target": -55.93698977191646, "params": {"eta": 0.2682401716169803, "max_depth": 1.3116891895617298, "n_estimators": 15.768267126355042}, "datetime": {"datetime": "2021-09-29 17:24:59", "elapsed": 152.17015, "delta": 0.999001}}
{"target": -74.47776573072251, "params": {"eta": 0.9751536743618457, "max_depth": 14.680235405417765, "n_estimators": 56.23284542877684}, "datetime": {"datetime": "2021-09-29 17:25:00", "elapsed": 153.454792, "delta": 1.284642}}
{"target": -50.907021880598954, "params": {"eta": 0.14076019054103542, "max_depth": 1.6784232651970807, "n_estimators": 15.015058933777398}, "datetime": {"datetime": "2021-09-29 17:25:01", "elapsed": 154.467312, "delta": 1.01252}}
{"target": -47.154983360328586, "params": {"eta": 0.22603494713875422, "max_depth": 5.416313979743629, "n_estimators": 8.337851402761693}, "datetime": {"datetime": "2021-09-29 17:25:02", "elapsed": 155.927584, "delta": 1.460272}}
{"target": -60.16805278087701, "params": {"eta": 0.31284502829829713, "max_depth": 24.297556051926616, "n_estimators": 13.020215601523851}, "datetime": {"datetime": "2021-09-29 17:25:03", "elapsed": 156.850789, "delta": 0.923205}}
{"target": -66.10635852989736, "params": {"eta": 0.12429677495872127, "max_depth": 26.550178382369538, "n_estimators": 3.0924119276937176}, "datetime": {"datetime": "2021-09-29 17:25:04", "elapsed": 157.831771, "delta": 0.980982}}
{"target": -59.226679264578976, "params": {"eta": 0.473931781279996, "max_depth": 20.261332884616888, "n_estimators": 28.823090554490232}, "datetime": {"datetime": "2021-09-29 17:25:05", "elapsed": 158.920526, "delta": 1.088755}}
{"target": -50.923872498756836, "params": {"eta": 0.07526734439520227, "max_depth": 5.442588028212413, "n_estimators": 8.292861334479529}, "datetime": {"datetime": "2021-09-29 17:25:07", "elapsed": 160.409527, "delta": 1.489001}}
{"target": -68.16207729264981, "params": {"eta": 0.8319421594167421, "max_depth": 16.080467166428427, "n_estimators": 68.02270113025617}, "datetime": {"datetime": "2021-09-29 17:25:09", "elapsed": 162.607116, "delta": 2.197589}}
{"target": -53.32407630043908, "params": {"eta": 0.40698069319198077, "max_depth": 26.343211543501248, "n_estimators": 3.1280647024584756}, "datetime": {"datetime": "2021-09-29 17:25:10", "elapsed": 163.889486, "delta": 1.28237}}
{"target": -50.08198945989748, "params": {"eta": 0.3027929283762551, "max_depth": 26.406086783666527, "n_estimators": 3.197674804749079}, "datetime": {"datetime": "2021-09-29 17:25:12", "elapsed": 165.157222, "delta": 1.267736}}
{"target": -59.07548140551982, "params": {"eta": 0.14386405837804125, "max_depth": 23.816049743959265, "n_estimators": 27.787354381648342}, "datetime": {"datetime": "2021-09-29 17:25:13", "elapsed": 166.64588, "delta": 1.488658}}
{"target": -55.60706855588358, "params": {"eta": 0.2453059620185916, "max_depth": 1.2762758892240598, "n_estimators": 15.759107289151348}, "datetime": {"datetime": "2021-09-29 17:25:14", "elapsed": 167.523599, "delta": 0.877719}}
{"target": -63.23864679607845, "params": {"eta": 0.2508422495549444, "max_depth": 7.798854040579425, "n_estimators": 65.41525408383166}, "datetime": {"datetime": "2021-09-29 17:25:16", "elapsed": 169.508314, "delta": 1.984715}}
{"target": -62.6378137870891, "params": {"eta": 0.13753438190977987, "max_depth": 5.504332908605025, "n_estimators": 54.55737262568754}, "datetime": {"datetime": "2021-09-29 17:25:17", "elapsed": 170.680317, "delta": 1.172003}}
{"target": -55.602782581777554, "params": {"eta": 0.31607223796490896, "max_depth": 1.0090160225257687, "n_estimators": 14.182997734918061}, "datetime": {"datetime": "2021-09-29 17:25:18", "elapsed": 171.561235, "delta": 0.880918}}
{"target": -62.06394772403827, "params": {"eta": 0.11722691962378651, "max_depth": 20.107023172069436, "n_estimators": 43.77277353927819}, "datetime": {"datetime": "2021-09-29 17:25:19", "elapsed": 172.829233, "delta": 1.267998}}
{"target": -66.91048589386439, "params": {"eta": 0.6252910820821073, "max_depth": 4.729728144026032, "n_estimators": 53.89886263510749}, "datetime": {"datetime": "2021-09-29 17:25:20", "elapsed": 173.870903, "delta": 1.04167}}
{"target": -44.41118138719494, "params": {"eta": 0.05036444529491519, "max_depth": 1.5539704187529146, "n_estimators": 15.275950161110897}, "datetime": {"datetime": "2021-09-29 17:25:22", "elapsed": 175.430905, "delta": 1.560002}}
{"target": -61.00130454523844, "params": {"eta": 0.47582703074173716, "max_depth": 14.501935044514239, "n_estimators": 45.283916869251755}, "datetime": {"datetime": "2021-09-29 17:25:24", "elapsed": 177.360074, "delta": 1.929169}}
{"target": -58.140195230946745, "params": {"eta": 0.3447941142706885, "max_depth": 23.83902210813525, "n_estimators": 6.164103924198267}, "datetime": {"datetime": "2021-09-29 17:25:25", "elapsed": 179.126208, "delta": 1.766134}}
{"target": -55.82715325376998, "params": {"eta": 0.12803213441995973, "max_depth": 2.8854596524772345, "n_estimators": 35.54922176059061}, "datetime": {"datetime": "2021-09-29 17:25:27", "elapsed": 180.250204, "delta": 1.123996}}
{"target": -51.73888156265628, "params": {"eta": 0.1893315079650718, "max_depth": 15.675337330181346, "n_estimators": 9.61547593071123}, "datetime": {"datetime": "2021-09-29 17:25:28", "elapsed": 181.748598, "delta": 1.498394}}
{"target": -56.94887421811002, "params": {"eta": 0.13585660355539694, "max_depth": 2.631998105893765, "n_estimators": 72.3314846364102}, "datetime": {"datetime": "2021-09-29 17:25:30", "elapsed": 183.778658, "delta": 2.03006}}
{"target": -53.59839942888725, "params": {"eta": 0.07102428206182052, "max_depth": 29.270534282680746, "n_estimators": 32.962363125502065}, "datetime": {"datetime": "2021-09-29 17:25:32", "elapsed": 185.242855, "delta": 1.464197}}
{"target": -63.10102238937263, "params": {"eta": 0.26070282076881174, "max_depth": 7.2600980766307455, "n_estimators": 49.56661857350875}, "datetime": {"datetime": "2021-09-29 17:25:33", "elapsed": 186.714062, "delta": 1.471207}}
{"target": -49.68084020803533, "params": {"eta": 0.04316959747114602, "max_depth": 1.4991637102213848, "n_estimators": 15.109962900056145}, "datetime": {"datetime": "2021-09-29 17:25:35", "elapsed": 188.235325, "delta": 1.521263}}
{"target": -44.77694300606478, "params": {"eta": 0.05773823587777475, "max_depth": 6.981850807939335, "n_estimators": 24.645298566751478}, "datetime": {"datetime": "2021-09-29 17:25:36", "elapsed": 189.548653, "delta": 1.313328}}
{"target": -64.2716800155681, "params": {"eta": 0.05186826698998892, "max_depth": 9.75843789549457, "n_estimators": 8.96675455989946}, "datetime": {"datetime": "2021-09-29 17:25:37", "elapsed": 190.701653, "delta": 1.153}}
{"target": -48.285600796568495, "params": {"eta": 0.12842809711076678, "max_depth": 22.989336412968456, "n_estimators": 6.401717194759769}, "datetime": {"datetime": "2021-09-29 17:25:38", "elapsed": 192.130697, "delta": 1.429044}}
{"target": -82.49435916605977, "params": {"eta": 0.013514940277129024, "max_depth": 1.5356771362890762, "n_estimators": 15.35103582920264}, "datetime": {"datetime": "2021-09-29 17:25:40", "elapsed": 193.338688, "delta": 1.207991}}
{"target": -55.59400262059293, "params": {"eta": 0.022955037116293764, "max_depth": 17.155171301129496, "n_estimators": 29.81632370631595}, "datetime": {"datetime": "2021-09-29 17:25:42", "elapsed": 195.372676, "delta": 2.033988}}
{"target": -60.606538189925566, "params": {"eta": 0.1604555309950396, "max_depth": 27.293798610294928, "n_estimators": 41.93870719430203}, "datetime": {"datetime": "2021-09-29 17:25:43", "elapsed": 196.961483, "delta": 1.588807}}
{"target": -82.49435916605977, "params": {"eta": 0.005593562311867512, "max_depth": 1.092848689112167, "n_estimators": 15.886819039894123}, "datetime": {"datetime": "2021-09-29 17:25:45", "elapsed": 198.528434, "delta": 1.566951}}
{"target": -69.28878325003801, "params": {"eta": 0.4239847473141405, "max_depth": 23.300075395869555, "n_estimators": 13.763808387454288}, "datetime": {"datetime": "2021-09-29 17:25:47", "elapsed": 200.310541, "delta": 1.782107}}
{"target": -50.577246799023726, "params": {"eta": 0.20306140815002438, "max_depth": 23.161510668152616, "n_estimators": 6.368264215587568}, "datetime": {"datetime": "2021-09-29 17:25:48", "elapsed": 201.624543, "delta": 1.314002}}
{"target": -47.10828669079929, "params": {"eta": 0.2092144235018756, "max_depth": 5.360218856301798, "n_estimators": 8.269815852365177}, "datetime": {"datetime": "2021-09-29 17:25:49", "elapsed": 203.029541, "delta": 1.404998}}
{"target": -41.59147883584398, "params": {"eta": 0.06470956066116212, "max_depth": 1.1901943888731212, "n_estimators": 15.198543437384814}, "datetime": {"datetime": "2021-09-29 17:25:51", "elapsed": 204.788212, "delta": 1.758671}}
{"target": -60.54330715271347, "params": {"eta": 0.4946591183048045, "max_depth": 19.976529965646705, "n_estimators": 7.964883666771548}, "datetime": {"datetime": "2021-09-29 17:25:52", "elapsed": 205.904622, "delta": 1.11641}}
{"target": -54.243554681154826, "params": {"eta": 0.6606065264941311, "max_depth": 1.7644262326031812, "n_estimators": 40.28261150844304}, "datetime": {"datetime": "2021-09-29 17:25:54", "elapsed": 207.6071, "delta": 1.702478}}
{"target": -63.15574000127816, "params": {"eta": 0.20667220671509368, "max_depth": 19.04441204057846, "n_estimators": 64.49590087813341}, "datetime": {"datetime": "2021-09-29 17:25:56", "elapsed": 209.546103, "delta": 1.939003}}
{"target": -50.13520593014819, "params": {"eta": 0.2548170458760486, "max_depth": 22.962868786964137, "n_estimators": 6.447265268166019}, "datetime": {"datetime": "2021-09-29 17:25:59", "elapsed": 212.237363, "delta": 2.69126}}
{"target": -49.53672868545732, "params": {"eta": 0.15877803807928315, "max_depth": 16.753086231000758, "n_estimators": 12.124180274490442}, "datetime": {"datetime": "2021-09-29 17:26:01", "elapsed": 214.222365, "delta": 1.985002}}
