{"target": -56.45875374115027, "params": {"eta": 0.21171116900247616, "max_depth": 5.773527457429745, "n_estimators": 19.245123688951704}, "datetime": {"datetime": "2021-09-29 17:08:14", "elapsed": 422.651528, "delta": 1.59}}
{"target": -76.12485693549613, "params": {"eta": 0.6579441680030507, "max_depth": 12.406786019347877, "n_estimators": 47.2763324741953}, "datetime": {"datetime": "2021-09-29 17:08:16", "elapsed": 424.596529, "delta": 1.945001}}
{"target": -44.47996371612346, "params": {"eta": 0.10418645021660843, "max_depth": 5.47305201273382, "n_estimators": 10.804349034045186}, "datetime": {"datetime": "2021-09-29 17:08:19", "elapsed": 427.925501, "delta": 3.328972}}
{"target": -50.08198945989748, "params": {"eta": 0.29973169396068694, "max_depth": 26.734181914800054, "n_estimators": 3.4097904856092875}, "datetime": {"datetime": "2021-09-29 17:08:22", "elapsed": 430.418339, "delta": 2.492838}}
{"target": -74.20394071804685, "params": {"eta": 0.9305617099103591, "max_depth": 27.94564363871222, "n_estimators": 89.14487651982968}, "datetime": {"datetime": "2021-09-29 17:08:24", "elapsed": 432.459119, "delta": 2.04078}}
{"target": -60.13128132808144, "params": {"eta": 0.441599162367808, "max_depth": 24.90291670992362, "n_estimators": 39.6187827815279}, "datetime": {"datetime": "2021-09-29 17:08:26", "elapsed": 434.961814, "delta": 2.502695}}
{"target": -50.34800660971713, "params": {"eta": 0.5618255545341446, "max_depth": 10.56536017763412, "n_estimators": 1.567552807549544}, "datetime": {"datetime": "2021-09-29 17:08:29", "elapsed": 437.311758, "delta": 2.349944}}
{"target": -62.03265686247478, "params": {"eta": 0.23263605161838094, "max_depth": 27.356997503331616, "n_estimators": 60.515675449714706}, "datetime": {"datetime": "2021-09-29 17:08:31", "elapsed": 439.710035, "delta": 2.398277}}
{"target": -70.19885272765148, "params": {"eta": 0.645725451494503, "max_depth": 26.98008971346288, "n_estimators": 25.434544138717992}, "datetime": {"datetime": "2021-09-29 17:08:34", "elapsed": 442.097212, "delta": 2.387177}}
{"target": -69.56848145367151, "params": {"eta": 0.08219189039136772, "max_depth": 26.058661306539857, "n_estimators": 4.075920821731458}, "datetime": {"datetime": "2021-09-29 17:08:36", "elapsed": 444.824709, "delta": 2.727497}}
{"target": -61.32338179216802, "params": {"eta": 0.3778202692218903, "max_depth": 10.587293804015438, "n_estimators": 83.48847692745635}, "datetime": {"datetime": "2021-09-29 17:08:38", "elapsed": 446.785251, "delta": 1.960542}}
{"target": -56.93570262502714, "params": {"eta": 0.3352748187968263, "max_depth": 5.5840915065421255, "n_estimators": 10.763006073380668}, "datetime": {"datetime": "2021-09-29 17:08:43", "elapsed": 451.077707, "delta": 4.292456}}
{"target": -50.33201012600582, "params": {"eta": 0.3566062695324099, "max_depth": 26.891742718294278, "n_estimators": 2.8652992475511168}, "datetime": {"datetime": "2021-09-29 17:08:45", "elapsed": 453.807656, "delta": 2.729949}}
{"target": -59.18816729885452, "params": {"eta": 0.2775057775909233, "max_depth": 15.860549582152016, "n_estimators": 11.805677289853364}, "datetime": {"datetime": "2021-09-29 17:08:49", "elapsed": 457.201608, "delta": 3.393952}}
{"target": -44.21016473105641, "params": {"eta": 0.11614186808804555, "max_depth": 5.201323115219708, "n_estimators": 10.476764829260455}, "datetime": {"datetime": "2021-09-29 17:08:51", "elapsed": 459.755953, "delta": 2.554345}}
{"target": -57.65953910575162, "params": {"eta": 0.16456583084618312, "max_depth": 3.950225672719576, "n_estimators": 60.2578400804627}, "datetime": {"datetime": "2021-09-29 17:08:53", "elapsed": 461.396196, "delta": 1.640243}}
{"target": -71.52582677923415, "params": {"eta": 0.007496845156011544, "max_depth": 6.6968948319742445, "n_estimators": 30.46843729345335}, "datetime": {"datetime": "2021-09-29 17:08:56", "elapsed": 464.493894, "delta": 3.097698}}
{"target": -60.062481324613735, "params": {"eta": 0.1100734715616901, "max_depth": 22.0730457679465, "n_estimators": 87.12714383304498}, "datetime": {"datetime": "2021-09-29 17:09:01", "elapsed": 469.204176, "delta": 4.710282}}
{"target": -48.8401725269397, "params": {"eta": 0.442655855580298, "max_depth": 25.995068402832853, "n_estimators": 3.924082825246692}, "datetime": {"datetime": "2021-09-29 17:09:03", "elapsed": 471.855913, "delta": 2.651737}}
{"target": -68.37689920506665, "params": {"eta": 0.416268720286598, "max_depth": 13.171499733140774, "n_estimators": 56.161954618485765}, "datetime": {"datetime": "2021-09-29 17:09:05", "elapsed": 473.89513, "delta": 2.039217}}
{"target": -45.663248807703496, "params": {"eta": 0.17718202667054891, "max_depth": 4.91539750108981, "n_estimators": 10.525374525702368}, "datetime": {"datetime": "2021-09-29 17:09:09", "elapsed": 477.480884, "delta": 3.585754}}
{"target": -46.06662852525459, "params": {"eta": 0.1760615250497004, "max_depth": 5.613673801650826, "n_estimators": 10.949003577254672}, "datetime": {"datetime": "2021-09-29 17:09:13", "elapsed": 481.084148, "delta": 3.603264}}
{"target": -49.520615632936185, "params": {"eta": 0.1521838027389772, "max_depth": 6.856095642107053, "n_estimators": 14.63119134087025}, "datetime": {"datetime": "2021-09-29 17:09:17", "elapsed": 485.348891, "delta": 4.264743}}
{"target": -45.61623350304929, "params": {"eta": 0.17160957271944507, "max_depth": 4.400902840861521, "n_estimators": 10.537176880491351}, "datetime": {"datetime": "2021-09-29 17:09:20", "elapsed": 488.88946, "delta": 3.540569}}
{"target": -53.5124586237327, "params": {"eta": 0.24748490922543642, "max_depth": 4.770731639588942, "n_estimators": 10.707967181513322}, "datetime": {"datetime": "2021-09-29 17:09:24", "elapsed": 492.374334, "delta": 3.484874}}
{"target": -60.09812573987351, "params": {"eta": 0.26924656307594513, "max_depth": 17.125834325932463, "n_estimators": 81.73721161419746}, "datetime": {"datetime": "2021-09-29 17:09:27", "elapsed": 495.421026, "delta": 3.046692}}
{"target": -67.1738371664899, "params": {"eta": 0.8319122258549918, "max_depth": 20.51527863505234, "n_estimators": 58.917760123949336}, "datetime": {"datetime": "2021-09-29 17:09:29", "elapsed": 497.97167, "delta": 2.550644}}
{"target": -60.900786626763235, "params": {"eta": 0.1803410010795905, "max_depth": 25.190512639333864, "n_estimators": 39.66418502279832}, "datetime": {"datetime": "2021-09-29 17:09:32", "elapsed": 500.524857, "delta": 2.553187}}
{"target": -44.13132328264097, "params": {"eta": 0.15768364208554012, "max_depth": 4.625100346588276, "n_estimators": 10.039335839800081}, "datetime": {"datetime": "2021-09-29 17:09:36", "elapsed": 504.664125, "delta": 4.139268}}
{"target": -59.56401171561093, "params": {"eta": 0.5300586751167403, "max_depth": 25.990798540749175, "n_estimators": 4.109495987835359}, "datetime": {"datetime": "2021-09-29 17:09:41", "elapsed": 509.139623, "delta": 4.475498}}
{"target": -43.13162689765014, "params": {"eta": 0.12498363573008402, "max_depth": 4.923831597785231, "n_estimators": 10.4440836243265}, "datetime": {"datetime": "2021-09-29 17:09:44", "elapsed": 512.708888, "delta": 3.569265}}
{"target": -47.34528394768232, "params": {"eta": 0.3154212038957603, "max_depth": 25.98505045003778, "n_estimators": 4.231952131816709}, "datetime": {"datetime": "2021-09-29 17:09:47", "elapsed": 515.931188, "delta": 3.2223}}
{"target": -55.37907612964658, "params": {"eta": 0.5256167902124133, "max_depth": 6.475506226460444, "n_estimators": 4.270030729336549}, "datetime": {"datetime": "2021-09-29 17:09:51", "elapsed": 519.253954, "delta": 3.322766}}
{"target": -45.65371464713586, "params": {"eta": 0.019142767632216447, "max_depth": 13.77005583268565, "n_estimators": 58.61826386052721}, "datetime": {"datetime": "2021-09-29 17:09:53", "elapsed": 521.672625, "delta": 2.418671}}
{"target": -58.8069467318938, "params": {"eta": 0.20479735163897037, "max_depth": 15.429220199678449, "n_estimators": 13.542152219617789}, "datetime": {"datetime": "2021-09-29 17:09:57", "elapsed": 525.488414, "delta": 3.815789}}
{"target": -55.950551266310846, "params": {"eta": 0.27038263690265896, "max_depth": 5.09672158431403, "n_estimators": 10.1192523129856}, "datetime": {"datetime": "2021-09-29 17:10:00", "elapsed": 528.90082, "delta": 3.412406}}
{"target": -53.016814505515896, "params": {"eta": 0.4094077388123468, "max_depth": 1.367826540240114, "n_estimators": 98.64407508216807}, "datetime": {"datetime": "2021-09-29 17:10:03", "elapsed": 531.294213, "delta": 2.393393}}
{"target": -58.50922673439426, "params": {"eta": 0.3093359993244469, "max_depth": 4.331612793190726, "n_estimators": 10.51594098160197}, "datetime": {"datetime": "2021-09-29 17:10:05", "elapsed": 533.997962, "delta": 2.703749}}
{"target": -65.81811346612386, "params": {"eta": 0.9145044658504229, "max_depth": 10.808836037869787, "n_estimators": 15.290629789100239}, "datetime": {"datetime": "2021-09-29 17:10:07", "elapsed": 535.67596, "delta": 1.677998}}
{"target": -49.96221072868193, "params": {"eta": 0.33674842003080135, "max_depth": 26.701069969880663, "n_estimators": 3.0167444414283926}, "datetime": {"datetime": "2021-09-29 17:10:09", "elapsed": 537.743761, "delta": 2.067801}}
{"target": -47.34528394768232, "params": {"eta": 0.31959343741098184, "max_depth": 25.875582696116663, "n_estimators": 4.163141854718567}, "datetime": {"datetime": "2021-09-29 17:10:12", "elapsed": 540.787697, "delta": 3.043936}}
{"target": -50.27242870020111, "params": {"eta": 0.22918591995075363, "max_depth": 26.17836204968945, "n_estimators": 3.84305480084585}, "datetime": {"datetime": "2021-09-29 17:10:17", "elapsed": 545.167814, "delta": 4.380117}}
{"target": -68.59936149074429, "params": {"eta": 0.7198815132071706, "max_depth": 23.22139391554726, "n_estimators": 15.076987680866221}, "datetime": {"datetime": "2021-09-29 17:10:19", "elapsed": 547.190643, "delta": 2.022829}}
{"target": -67.21532255513789, "params": {"eta": 0.9062652112881436, "max_depth": 14.509409019511741, "n_estimators": 77.82787591877847}, "datetime": {"datetime": "2021-09-29 17:10:21", "elapsed": 549.408475, "delta": 2.217832}}
{"target": -90.94969341415725, "params": {"eta": 0.005758396326503609, "max_depth": 22.50106800014641, "n_estimators": 8.296622123662788}, "datetime": {"datetime": "2021-09-29 17:10:25", "elapsed": 553.213358, "delta": 3.804883}}
{"target": -62.12569454988787, "params": {"eta": 0.21390305357144934, "max_depth": 11.64784538511911, "n_estimators": 86.53417373337255}, "datetime": {"datetime": "2021-09-29 17:10:27", "elapsed": 555.675316, "delta": 2.461958}}
{"target": -44.38670489942824, "params": {"eta": 0.11476727899070185, "max_depth": 5.723768367527622, "n_estimators": 10.992165557052175}, "datetime": {"datetime": "2021-09-29 17:10:31", "elapsed": 559.794468, "delta": 4.119152}}
{"target": -53.59474129865094, "params": {"eta": 0.42361224664793984, "max_depth": 26.132617573074427, "n_estimators": 3.9189490557063436}, "datetime": {"datetime": "2021-09-29 17:10:35", "elapsed": 563.369997, "delta": 3.575529}}
{"target": -58.4280977030973, "params": {"eta": 0.06024034945532045, "max_depth": 28.650001588293225, "n_estimators": 96.11937343545154}, "datetime": {"datetime": "2021-09-29 17:10:38", "elapsed": 566.10469, "delta": 2.734693}}
{"target": -57.072197364427126, "params": {"eta": 0.3276517258523793, "max_depth": 4.636192419772338, "n_estimators": 10.441073693598042}, "datetime": {"datetime": "2021-09-29 17:10:41", "elapsed": 569.680934, "delta": 3.576244}}
{"target": -56.40716442477087, "params": {"eta": 0.18241067118106058, "max_depth": 7.054476569243336, "n_estimators": 14.616264012205045}, "datetime": {"datetime": "2021-09-29 17:10:46", "elapsed": 574.315312, "delta": 4.634378}}
{"target": -47.24134132396929, "params": {"eta": 0.692998227403751, "max_depth": 10.632092801356915, "n_estimators": 1.7309590270916326}, "datetime": {"datetime": "2021-09-29 17:10:49", "elapsed": 578.042343, "delta": 3.727031}}
{"target": -65.58372920728449, "params": {"eta": 0.20175317774127366, "max_depth": 13.262566596705264, "n_estimators": 93.09093851383747}, "datetime": {"datetime": "2021-09-29 17:10:53", "elapsed": 581.100773, "delta": 3.05843}}
{"target": -54.72435026204594, "params": {"eta": 0.2570917640759165, "max_depth": 5.465481435281666, "n_estimators": 10.956001270685622}, "datetime": {"datetime": "2021-09-29 17:10:57", "elapsed": 585.29224, "delta": 4.191467}}
{"target": -50.26386181132448, "params": {"eta": 0.16664704021871005, "max_depth": 25.724827742279743, "n_estimators": 14.489492105884402}, "datetime": {"datetime": "2021-09-29 17:10:59", "elapsed": 587.680848, "delta": 2.388608}}
{"target": -51.99221825376264, "params": {"eta": 0.3831625965438815, "max_depth": 26.088671638786604, "n_estimators": 3.764929510533193}, "datetime": {"datetime": "2021-09-29 17:11:03", "elapsed": 591.440526, "delta": 3.759678}}
{"target": -59.570793334652286, "params": {"eta": 0.43042167741013, "max_depth": 25.965020245198758, "n_estimators": 4.303286022450389}, "datetime": {"datetime": "2021-09-29 17:11:07", "elapsed": 595.64958, "delta": 4.209054}}
{"target": -58.430122067835455, "params": {"eta": 0.2723233902641873, "max_depth": 7.00043023059082, "n_estimators": 30.785272202745052}, "datetime": {"datetime": "2021-09-29 17:11:13", "elapsed": 601.104936, "delta": 5.455356}}
{"target": -47.36390355213803, "params": {"eta": 0.23854813737147357, "max_depth": 22.32523214704973, "n_estimators": 7.280425694213121}, "datetime": {"datetime": "2021-09-29 17:11:17", "elapsed": 605.191753, "delta": 4.086817}}
{"target": -64.92635928277524, "params": {"eta": 0.337102015944214, "max_depth": 28.51384485444326, "n_estimators": 26.278943889338873}, "datetime": {"datetime": "2021-09-29 17:11:19", "elapsed": 607.905029, "delta": 2.713276}}
{"target": -50.242562098523315, "params": {"eta": 0.20077301244364076, "max_depth": 5.791389543210534, "n_estimators": 11.022129714687233}, "datetime": {"datetime": "2021-09-29 17:11:24", "elapsed": 612.295936, "delta": 4.390907}}
{"target": -51.77152810485135, "params": {"eta": 0.5307744919803082, "max_depth": 10.606589926357945, "n_estimators": 1.7182599233708842}, "datetime": {"datetime": "2021-09-29 17:11:28", "elapsed": 616.224338, "delta": 3.928402}}
{"target": -53.66557828238431, "params": {"eta": 0.49291811995973367, "max_depth": 25.869201310077692, "n_estimators": 3.819151762886036}, "datetime": {"datetime": "2021-09-29 17:11:32", "elapsed": 620.172882, "delta": 3.948544}}
{"target": -45.129513291240755, "params": {"eta": 0.17315045699821915, "max_depth": 22.43857014434506, "n_estimators": 7.213263575566225}, "datetime": {"datetime": "2021-09-29 17:11:38", "elapsed": 626.212997, "delta": 6.040115}}
{"target": -55.35355580021564, "params": {"eta": 0.7090558941205894, "max_depth": 1.541157285987125, "n_estimators": 53.24974294298928}, "datetime": {"datetime": "2021-09-29 17:11:40", "elapsed": 628.433237, "delta": 2.22024}}
{"target": -44.23715413327696, "params": {"eta": 0.13340433530645346, "max_depth": 5.646445622918147, "n_estimators": 10.528982851558892}, "datetime": {"datetime": "2021-09-29 17:11:44", "elapsed": 632.674513, "delta": 4.241276}}
{"target": -47.80704367107428, "params": {"eta": 0.6384078635622997, "max_depth": 10.622643136848671, "n_estimators": 1.5067379063052497}, "datetime": {"datetime": "2021-09-29 17:11:48", "elapsed": 636.795267, "delta": 4.120754}}
{"target": -47.28198753531312, "params": {"eta": 0.19731415118109308, "max_depth": 4.6691656062070805, "n_estimators": 9.927129307047775}, "datetime": {"datetime": "2021-09-29 17:11:53", "elapsed": 641.290542, "delta": 4.495275}}
{"target": -62.30008757430395, "params": {"eta": 0.09854365478945463, "max_depth": 26.15825200546667, "n_estimators": 72.45373054626609}, "datetime": {"datetime": "2021-09-29 17:11:56", "elapsed": 644.313384, "delta": 3.022842}}
{"target": -57.88982143290979, "params": {"eta": 0.046830146565842834, "max_depth": 5.394781200953649, "n_estimators": 10.547822307097398}, "datetime": {"datetime": "2021-09-29 17:12:00", "elapsed": 648.574583, "delta": 4.261199}}
{"target": -42.7650820070119, "params": {"eta": 0.1214604505200012, "max_depth": 4.741172331785302, "n_estimators": 9.92266995797868}, "datetime": {"datetime": "2021-09-29 17:12:04", "elapsed": 652.729562, "delta": 4.154979}}
{"target": -44.23715413327696, "params": {"eta": 0.12701982968696546, "max_depth": 5.000593293087649, "n_estimators": 10.532060720466943}, "datetime": {"datetime": "2021-09-29 17:12:09", "elapsed": 657.292552, "delta": 4.56299}}
{"target": -57.027288982907166, "params": {"eta": 0.5979363196560356, "max_depth": 5.512353291237752, "n_estimators": 29.46803388265674}, "datetime": {"datetime": "2021-09-29 17:12:11", "elapsed": 659.61906, "delta": 2.326508}}
{"target": -46.70679221377344, "params": {"eta": 0.18483879794758606, "max_depth": 22.336590064308155, "n_estimators": 7.392407033324663}, "datetime": {"datetime": "2021-09-29 17:12:15", "elapsed": 663.765324, "delta": 4.146264}}
{"target": -50.05765941692817, "params": {"eta": 0.3347560557610311, "max_depth": 25.776720672511345, "n_estimators": 4.048945648031532}, "datetime": {"datetime": "2021-09-29 17:12:19", "elapsed": 667.588538, "delta": 3.823214}}
{"target": -66.96742991637763, "params": {"eta": 0.5612445008531304, "max_depth": 17.030095504647576, "n_estimators": 10.59321885864534}, "datetime": {"datetime": "2021-09-29 17:12:22", "elapsed": 670.408293, "delta": 2.819755}}
{"target": -44.23715413327696, "params": {"eta": 0.13480756549871445, "max_depth": 5.589979751282672, "n_estimators": 10.868166300993137}, "datetime": {"datetime": "2021-09-29 17:12:26", "elapsed": 674.845222, "delta": 4.436929}}
{"target": -54.15586348746041, "params": {"eta": 0.2863107514538388, "max_depth": 22.45728098092494, "n_estimators": 7.267562805041502}, "datetime": {"datetime": "2021-09-29 17:12:34", "elapsed": 683.069738, "delta": 8.224516}}
{"target": -46.817208429425726, "params": {"eta": 0.15503720234509988, "max_depth": 5.436773458960024, "n_estimators": 10.241160874457941}, "datetime": {"datetime": "2021-09-29 17:12:41", "elapsed": 689.210541, "delta": 6.140803}}
{"target": -63.08047800206291, "params": {"eta": 0.505429009679482, "max_depth": 23.60202750716111, "n_estimators": 22.303594002751332}, "datetime": {"datetime": "2021-09-29 17:12:44", "elapsed": 692.217989, "delta": 3.007448}}
{"target": -64.01794234919068, "params": {"eta": 0.042713837352875615, "max_depth": 5.044337244910998, "n_estimators": 10.45641399385157}, "datetime": {"datetime": "2021-09-29 17:12:48", "elapsed": 697.047374, "delta": 4.829385}}
{"target": -54.72435026204594, "params": {"eta": 0.2612111341033737, "max_depth": 5.8858004501965615, "n_estimators": 10.71173738647756}, "datetime": {"datetime": "2021-09-29 17:12:54", "elapsed": 702.354992, "delta": 5.307618}}
{"target": -65.83454343290917, "params": {"eta": 0.4987611333633403, "max_depth": 23.495262518451575, "n_estimators": 80.74253159500262}, "datetime": {"datetime": "2021-09-29 17:12:57", "elapsed": 705.641912, "delta": 3.28692}}
{"target": -53.9275508459386, "params": {"eta": 0.1910454747424002, "max_depth": 26.303891392689007, "n_estimators": 3.5282445101449618}, "datetime": {"datetime": "2021-09-29 17:13:01", "elapsed": 709.945142, "delta": 4.30323}}
{"target": -50.96269280197885, "params": {"eta": 0.35323992584590835, "max_depth": 26.69335142194551, "n_estimators": 2.794705853175686}, "datetime": {"datetime": "2021-09-29 17:13:06", "elapsed": 714.480559, "delta": 4.535417}}
{"target": -54.82233628896477, "params": {"eta": 0.5449635408404089, "max_depth": 1.3717317942585134, "n_estimators": 98.55382235089697}, "datetime": {"datetime": "2021-09-29 17:13:12", "elapsed": 720.54609, "delta": 6.065531}}
{"target": -60.17113701930147, "params": {"eta": 0.26666709925669013, "max_depth": 18.48542679926547, "n_estimators": 69.35420314935556}, "datetime": {"datetime": "2021-09-29 17:13:16", "elapsed": 724.504515, "delta": 3.958425}}
{"target": -48.02935440150807, "params": {"eta": 0.2942145369489995, "max_depth": 26.227485384584522, "n_estimators": 4.008464246556159}, "datetime": {"datetime": "2021-09-29 17:13:21", "elapsed": 730.029458, "delta": 5.524943}}
{"target": -48.68239950843244, "params": {"eta": 0.324153522532379, "max_depth": 26.62653051132641, "n_estimators": 3.246897895146859}, "datetime": {"datetime": "2021-09-29 17:13:27", "elapsed": 735.175151, "delta": 5.145693}}
{"target": -59.26515056951873, "params": {"eta": 0.7125868500895586, "max_depth": 13.221802407808322, "n_estimators": 65.3632796300668}, "datetime": {"datetime": "2021-09-29 17:13:30", "elapsed": 738.226752, "delta": 3.051601}}
{"target": -64.01136380090865, "params": {"eta": 0.18520377687990197, "max_depth": 26.733230573008544, "n_estimators": 2.988039159935024}, "datetime": {"datetime": "2021-09-29 17:13:34", "elapsed": 742.82345, "delta": 4.596698}}
{"target": -45.81283612144821, "params": {"eta": 0.14063111122978314, "max_depth": 5.381118299456659, "n_estimators": 10.326006427362234}, "datetime": {"datetime": "2021-09-29 17:13:40", "elapsed": 748.690352, "delta": 5.866902}}
{"target": -63.31281366832363, "params": {"eta": 0.4507699647880527, "max_depth": 26.52213919154557, "n_estimators": 85.98450773864298}, "datetime": {"datetime": "2021-09-29 17:13:44", "elapsed": 752.521701, "delta": 3.831349}}
{"target": -58.44614380969831, "params": {"eta": 0.7118879201019028, "max_depth": 28.182597582262407, "n_estimators": 20.82612879441219}, "datetime": {"datetime": "2021-09-29 17:13:47", "elapsed": 755.887663, "delta": 3.365962}}
{"target": -47.57865378689409, "params": {"eta": 0.17452702281066587, "max_depth": 5.466901726680457, "n_estimators": 10.489303342055436}, "datetime": {"datetime": "2021-09-29 17:13:52", "elapsed": 760.85153, "delta": 4.963867}}
{"target": -47.36904424926443, "params": {"eta": 0.6653130223832091, "max_depth": 10.519367056380776, "n_estimators": 1.8056217225263176}, "datetime": {"datetime": "2021-09-29 17:13:57", "elapsed": 765.424243, "delta": 4.572713}}
