{"target": -40.50904553432999, "params": {"eta": 0.1548284040574098, "max_depth": 1.9764875536241386, "n_estimators": 7.642837111904569}, "datetime": {"datetime": "2021-09-29 18:30:05", "elapsed": 342.333063, "delta": 3.840038}}
{"target": -39.49455800648052, "params": {"eta": 0.16, "max_depth": 2.078132590100998, "n_estimators": 7.589783246317084}, "datetime": {"datetime": "2021-09-29 18:30:07", "elapsed": 344.579043, "delta": 2.24598}}
{"target": -42.185163201007065, "params": {"eta": 0.06883457516308618, "max_depth": 1.562837987622813, "n_estimators": 19.86359729948071}, "datetime": {"datetime": "2021-09-29 18:30:10", "elapsed": 347.276964, "delta": 2.697921}}
{"target": -43.01867033440133, "params": {"eta": 0.11810402236837891, "max_depth": 2.003155839830857, "n_estimators": 7.524527819901053}, "datetime": {"datetime": "2021-09-29 18:30:13", "elapsed": 350.166161, "delta": 2.889197}}
{"target": -44.47871352772076, "params": {"eta": 0.07012817253770384, "max_depth": 3.471264398024837, "n_estimators": 24.319312370431447}, "datetime": {"datetime": "2021-09-29 18:30:14", "elapsed": 351.521161, "delta": 1.355}}
{"target": -45.31894189872215, "params": {"eta": 0.16, "max_depth": 3.3889779168545235, "n_estimators": 10.619379675584783}, "datetime": {"datetime": "2021-09-29 18:30:17", "elapsed": 354.02546, "delta": 2.504299}}
{"target": -71.94127653726444, "params": {"eta": 0.02122130581876496, "max_depth": 1.8112186097457863, "n_estimators": 13.878717670780228}, "datetime": {"datetime": "2021-09-29 18:30:19", "elapsed": 356.447261, "delta": 2.421801}}
{"target": -62.44903320683617, "params": {"eta": 0.02095992194581282, "max_depth": 1.4598763120967837, "n_estimators": 19.843952702094786}, "datetime": {"datetime": "2021-09-29 18:30:21", "elapsed": 358.808934, "delta": 2.361673}}
{"target": -63.9127785775287, "params": {"eta": 0.0228958441904794, "max_depth": 1.732371759650934, "n_estimators": 18.88845404831656}, "datetime": {"datetime": "2021-09-29 18:30:24", "elapsed": 361.157741, "delta": 2.348807}}
{"target": -60.46424476871255, "params": {"eta": 0.05796905245214483, "max_depth": 2.015015816164219, "n_estimators": 7.632638711347195}, "datetime": {"datetime": "2021-09-29 18:30:26", "elapsed": 363.779615, "delta": 2.621874}}
{"target": -40.927681841487704, "params": {"eta": 0.13008011732743757, "max_depth": 2.771537702016919, "n_estimators": 9.46434371790183}, "datetime": {"datetime": "2021-09-29 18:30:29", "elapsed": 366.587806, "delta": 2.808191}}
{"target": -54.27085315176882, "params": {"eta": 0.15962309056678692, "max_depth": 1.5312523103424045, "n_estimators": 19.7969140684808}, "datetime": {"datetime": "2021-09-29 18:30:31", "elapsed": 368.837571, "delta": 2.249765}}
{"target": -52.741493292196104, "params": {"eta": 0.02, "max_depth": 1.9296472672820009, "n_estimators": 27.696258715674418}, "datetime": {"datetime": "2021-09-29 18:30:34", "elapsed": 371.514475, "delta": 2.676904}}
{"target": -52.40295461831167, "params": {"eta": 0.14953614205783716, "max_depth": 3.3311089634430697, "n_estimators": 18.54058979459399}, "datetime": {"datetime": "2021-09-29 18:30:36", "elapsed": 372.898294, "delta": 1.383819}}
{"target": -59.49818569449293, "params": {"eta": 0.04804029917279517, "max_depth": 3.1574749997559977, "n_estimators": 9.363614664315055}, "datetime": {"datetime": "2021-09-29 18:30:37", "elapsed": 374.74239, "delta": 1.844096}}
{"target": -47.66447002244434, "params": {"eta": 0.08011449523331403, "max_depth": 3.339795199610238, "n_estimators": 27.223889536683316}, "datetime": {"datetime": "2021-09-29 18:30:39", "elapsed": 376.202884, "delta": 1.460494}}
{"target": -39.49455800648052, "params": {"eta": 0.16, "max_depth": 2.1817115231936683, "n_estimators": 7.644790606253932}, "datetime": {"datetime": "2021-09-29 18:30:42", "elapsed": 379.144684, "delta": 2.9418}}
{"target": -43.01867033440133, "params": {"eta": 0.11621677944611936, "max_depth": 2.1410070239661776, "n_estimators": 7.482046996637421}, "datetime": {"datetime": "2021-09-29 18:30:45", "elapsed": 381.909396, "delta": 2.764712}}
{"target": -42.64474570823808, "params": {"eta": 0.16, "max_depth": 1.051043421013973, "n_estimators": 8.16467222331858}, "datetime": {"datetime": "2021-09-29 18:30:47", "elapsed": 384.586478, "delta": 2.677082}}
{"target": -62.841114742189106, "params": {"eta": 0.02816261390875703, "max_depth": 2.381788065096014, "n_estimators": 13.301937732160205}, "datetime": {"datetime": "2021-09-29 18:30:49", "elapsed": 386.10168, "delta": 1.515202}}
{"target": -39.49455800648052, "params": {"eta": 0.16, "max_depth": 2.2276963310935796, "n_estimators": 7.755362519438565}, "datetime": {"datetime": "2021-09-29 18:30:51", "elapsed": 388.867807, "delta": 2.766127}}
{"target": -49.13197117548121, "params": {"eta": 0.09154214868961781, "max_depth": 2.2867989600501675, "n_estimators": 7.703205513800332}, "datetime": {"datetime": "2021-09-29 18:30:54", "elapsed": 391.010937, "delta": 2.14313}}
{"target": -44.21209082900124, "params": {"eta": 0.1558960056291785, "max_depth": 3.5223471684445498, "n_estimators": 9.802413428669027}, "datetime": {"datetime": "2021-09-29 18:30:55", "elapsed": 392.701421, "delta": 1.690484}}
{"target": -40.50904553432999, "params": {"eta": 0.15391265426060202, "max_depth": 1.5303688008412277, "n_estimators": 7.7497988240846025}, "datetime": {"datetime": "2021-09-29 18:30:58", "elapsed": 395.348232, "delta": 2.646811}}
{"target": -43.01867033440133, "params": {"eta": 0.1175327653376042, "max_depth": 2.2238356575194165, "n_estimators": 7.560333846003607}, "datetime": {"datetime": "2021-09-29 18:31:00", "elapsed": 397.549595, "delta": 2.201363}}
{"target": -39.49455800648052, "params": {"eta": 0.16, "max_depth": 2.0341856676995267, "n_estimators": 7.413044756024987}, "datetime": {"datetime": "2021-09-29 18:31:03", "elapsed": 400.794938, "delta": 3.245343}}
{"target": -39.49455800648052, "params": {"eta": 0.16, "max_depth": 2.2221611272471535, "n_estimators": 7.865593909391861}, "datetime": {"datetime": "2021-09-29 18:31:06", "elapsed": 403.741937, "delta": 2.946999}}
{"target": -39.49455800648052, "params": {"eta": 0.16, "max_depth": 2.127298834938322, "n_estimators": 7.344674454946338}, "datetime": {"datetime": "2021-09-29 18:31:09", "elapsed": 406.650108, "delta": 2.908171}}
{"target": -65.38559952075006, "params": {"eta": 0.049120471882455274, "max_depth": 2.162832069168692, "n_estimators": 7.33201678048957}, "datetime": {"datetime": "2021-09-29 18:31:12", "elapsed": 409.692304, "delta": 3.042196}}
{"target": -47.7422409795305, "params": {"eta": 0.08850744675449305, "max_depth": 3.6038663344695574, "n_estimators": 23.713952383745436}, "datetime": {"datetime": "2021-09-29 18:31:14", "elapsed": 411.282379, "delta": 1.590075}}
{"target": -40.72870475162954, "params": {"eta": 0.15964102036234332, "max_depth": 1.9061829463768074, "n_estimators": 7.4217936389638055}, "datetime": {"datetime": "2021-09-29 18:31:17", "elapsed": 414.601221, "delta": 3.318842}}
{"target": -42.01679440778633, "params": {"eta": 0.13003786848644175, "max_depth": 3.8380034439506163, "n_estimators": 9.146944779706804}, "datetime": {"datetime": "2021-09-29 18:31:19", "elapsed": 416.249824, "delta": 1.648603}}
{"target": -39.49455800648052, "params": {"eta": 0.16, "max_depth": 2.3295878950454054, "n_estimators": 7.838737225352477}, "datetime": {"datetime": "2021-09-29 18:31:22", "elapsed": 419.661265, "delta": 3.411441}}
{"target": -52.792133481427115, "params": {"eta": 0.1428878836071834, "max_depth": 1.7000290505280238, "n_estimators": 18.789114161174997}, "datetime": {"datetime": "2021-09-29 18:31:24", "elapsed": 421.249594, "delta": 1.588329}}
{"target": -48.81894174787611, "params": {"eta": 0.07373315746099553, "max_depth": 1.8278475967362193, "n_estimators": 28.17158140973386}, "datetime": {"datetime": "2021-09-29 18:31:25", "elapsed": 422.834604, "delta": 1.58501}}
{"target": -43.364203916408286, "params": {"eta": 0.1132496884319786, "max_depth": 1.949980630101724, "n_estimators": 7.2967692341137855}, "datetime": {"datetime": "2021-09-29 18:31:28", "elapsed": 425.69853, "delta": 2.863926}}
{"target": -83.67878145172308, "params": {"eta": 0.12747130351278374, "max_depth": 1.8542519137188875, "n_estimators": 1.902147916708753}, "datetime": {"datetime": "2021-09-29 18:31:30", "elapsed": 427.175692, "delta": 1.477162}}
{"target": -44.17376876858538, "params": {"eta": 0.1110613026887045, "max_depth": 2.2973380526287768, "n_estimators": 7.96947058853032}, "datetime": {"datetime": "2021-09-29 18:31:33", "elapsed": 430.422769, "delta": 3.247077}}
{"target": -49.34363776421486, "params": {"eta": 0.07356698516156321, "max_depth": 1.2327273822841653, "n_estimators": 29.69091634681285}, "datetime": {"datetime": "2021-09-29 18:31:35", "elapsed": 432.278481, "delta": 1.855712}}
{"target": -46.55724217861335, "params": {"eta": 0.06162088370929103, "max_depth": 1.187819142365151, "n_estimators": 29.32882926792397}, "datetime": {"datetime": "2021-09-29 18:31:37", "elapsed": 434.044143, "delta": 1.765662}}
{"target": -48.14790086157038, "params": {"eta": 0.12408807512332325, "max_depth": 2.9417839027653687, "n_estimators": 17.53824300708202}, "datetime": {"datetime": "2021-09-29 18:31:38", "elapsed": 435.831817, "delta": 1.787674}}
{"target": -40.64107290789533, "params": {"eta": 0.14111751570161193, "max_depth": 1.8022158166514608, "n_estimators": 7.351824804503407}, "datetime": {"datetime": "2021-09-29 18:31:40", "elapsed": 437.871759, "delta": 2.039942}}
{"target": -41.12417930963426, "params": {"eta": 0.1291971126589413, "max_depth": 1.7779442424907388, "n_estimators": 7.450812134946413}, "datetime": {"datetime": "2021-09-29 18:31:45", "elapsed": 442.265126, "delta": 4.393367}}
{"target": -57.671999090855266, "params": {"eta": 0.032532755905800875, "max_depth": 1.697292318625545, "n_estimators": 15.184315980274398}, "datetime": {"datetime": "2021-09-29 18:31:46", "elapsed": 443.841825, "delta": 1.576699}}
{"target": -76.39169285924527, "params": {"eta": 0.028420437874602696, "max_depth": 1.885138680211864, "n_estimators": 7.470687315567505}, "datetime": {"datetime": "2021-09-29 18:31:50", "elapsed": 446.945943, "delta": 3.104118}}
{"target": -44.19958875388183, "params": {"eta": 0.04175289776187158, "max_depth": 2.3605963873441045, "n_estimators": 20.285377528972667}, "datetime": {"datetime": "2021-09-29 18:31:51", "elapsed": 448.623511, "delta": 1.677568}}
{"target": -49.135137144108235, "params": {"eta": 0.15830746324975428, "max_depth": 3.643384232279163, "n_estimators": 13.411123536815527}, "datetime": {"datetime": "2021-09-29 18:31:53", "elapsed": 450.681878, "delta": 2.058367}}
{"target": -60.46424476871255, "params": {"eta": 0.06445420027428819, "max_depth": 2.2813974937277792, "n_estimators": 7.851835123572178}, "datetime": {"datetime": "2021-09-29 18:31:58", "elapsed": 455.106537, "delta": 4.424659}}
{"target": -51.108650826616866, "params": {"eta": 0.031761677177573944, "max_depth": 1.637719637443016, "n_estimators": 19.941824193578608}, "datetime": {"datetime": "2021-09-29 18:32:03", "elapsed": 460.579046, "delta": 5.472509}}
{"target": -54.25731401465483, "params": {"eta": 0.057909555635450166, "max_depth": 3.0096121258603485, "n_estimators": 9.887451772720253}, "datetime": {"datetime": "2021-09-29 18:32:07", "elapsed": 464.134328, "delta": 3.555282}}
{"target": -40.64107290789533, "params": {"eta": 0.1364897860747102, "max_depth": 1.6543182737125028, "n_estimators": 7.366899247397942}, "datetime": {"datetime": "2021-09-29 18:32:10", "elapsed": 467.757873, "delta": 3.623545}}
{"target": -51.39617584589266, "params": {"eta": 0.11498844056696975, "max_depth": 2.528816655415767, "n_estimators": 24.412679782668683}, "datetime": {"datetime": "2021-09-29 18:32:12", "elapsed": 469.36216, "delta": 1.604287}}
{"target": -64.23536650450205, "params": {"eta": 0.04964934716217578, "max_depth": 1.7147787678474977, "n_estimators": 7.367623748948931}, "datetime": {"datetime": "2021-09-29 18:32:15", "elapsed": 472.764203, "delta": 3.402043}}
{"target": -40.72870475162954, "params": {"eta": 0.15699706190593798, "max_depth": 1.5750143528687521, "n_estimators": 7.249066666816573}, "datetime": {"datetime": "2021-09-29 18:32:19", "elapsed": 476.659523, "delta": 3.89532}}
{"target": -40.50904553432999, "params": {"eta": 0.15167744643761907, "max_depth": 1.505127712926813, "n_estimators": 7.431632025674493}, "datetime": {"datetime": "2021-09-29 18:32:23", "elapsed": 480.223272, "delta": 3.563749}}
{"target": -40.50904553432999, "params": {"eta": 0.14760357142597436, "max_depth": 1.593937152257149, "n_estimators": 7.487262632197314}, "datetime": {"datetime": "2021-09-29 18:32:26", "elapsed": 483.752527, "delta": 3.529255}}
{"target": -40.72870475162954, "params": {"eta": 0.15983768868728318, "max_depth": 1.435480372620889, "n_estimators": 7.552824224467863}, "datetime": {"datetime": "2021-09-29 18:32:30", "elapsed": 487.789294, "delta": 4.036767}}
{"target": -40.50904553432999, "params": {"eta": 0.14814658020905058, "max_depth": 1.4880549504338714, "n_estimators": 7.30291456896403}, "datetime": {"datetime": "2021-09-29 18:32:34", "elapsed": 491.59684, "delta": 3.807546}}
{"target": -54.79610363286317, "params": {"eta": 0.06589153038441295, "max_depth": 1.5059335791013404, "n_estimators": 7.5597974089475235}, "datetime": {"datetime": "2021-09-29 18:32:39", "elapsed": 496.11854, "delta": 4.5217}}
{"target": -39.49455800648052, "params": {"eta": 0.15774982789660516, "max_depth": 2.430680266117062, "n_estimators": 7.836467488338006}, "datetime": {"datetime": "2021-09-29 18:32:41", "elapsed": 498.458537, "delta": 2.339997}}
{"target": -41.5822668942425, "params": {"eta": 0.06736991422283413, "max_depth": 3.294820331872634, "n_estimators": 19.75060939934164}, "datetime": {"datetime": "2021-09-29 18:32:43", "elapsed": 500.274482, "delta": 1.815945}}
{"target": -40.72870475162954, "params": {"eta": 0.15526061401042485, "max_depth": 1.5788218003647367, "n_estimators": 7.403644099110522}, "datetime": {"datetime": "2021-09-29 18:32:46", "elapsed": 503.392866, "delta": 3.118384}}
{"target": -39.49455800648052, "params": {"eta": 0.16, "max_depth": 2.4063413206498008, "n_estimators": 7.9409518830385695}, "datetime": {"datetime": "2021-09-29 18:32:48", "elapsed": 505.485687, "delta": 2.092821}}
{"target": -59.19349702235933, "params": {"eta": 0.057065163406193276, "max_depth": 1.4866174562796508, "n_estimators": 7.202678302010353}, "datetime": {"datetime": "2021-09-29 18:32:52", "elapsed": 509.118256, "delta": 3.632569}}
{"target": -40.005223970875186, "params": {"eta": 0.16, "max_depth": 2.3800982229053176, "n_estimators": 8.060505812607525}, "datetime": {"datetime": "2021-09-29 18:32:55", "elapsed": 512.232176, "delta": 3.11392}}
{"target": -40.64107290789533, "params": {"eta": 0.1365957542203554, "max_depth": 1.3751547418223988, "n_estimators": 7.390909618614123}, "datetime": {"datetime": "2021-09-29 18:32:58", "elapsed": 515.762652, "delta": 3.530476}}
{"target": -49.13197117548121, "params": {"eta": 0.08690459443712815, "max_depth": 2.474340760293133, "n_estimators": 7.983089319954347}, "datetime": {"datetime": "2021-09-29 18:33:05", "elapsed": 522.564581, "delta": 6.801929}}
{"target": -40.50904553432999, "params": {"eta": 0.14757156970113466, "max_depth": 1.6911827989336614, "n_estimators": 7.51274908707339}, "datetime": {"datetime": "2021-09-29 18:33:10", "elapsed": 527.576239, "delta": 5.011658}}
{"target": -40.50904553432999, "params": {"eta": 0.15455191238856317, "max_depth": 1.6252166574759277, "n_estimators": 7.688582235624946}, "datetime": {"datetime": "2021-09-29 18:33:18", "elapsed": 535.287476, "delta": 7.711237}}
{"target": -57.3332126765891, "params": {"eta": 0.15026890829574602, "max_depth": 3.7874803764185057, "n_estimators": 26.820216354293542}, "datetime": {"datetime": "2021-09-29 18:33:20", "elapsed": 537.059473, "delta": 1.771997}}
{"target": -64.40011565429782, "params": {"eta": 0.02, "max_depth": 3.317975644634775, "n_estimators": 19.86462989680528}, "datetime": {"datetime": "2021-09-29 18:33:23", "elapsed": 540.87959, "delta": 3.820117}}
{"target": -64.40011565429782, "params": {"eta": 0.02109479520854405, "max_depth": 3.318955798215184, "n_estimators": 19.653177721483388}, "datetime": {"datetime": "2021-09-29 18:33:28", "elapsed": 544.973544, "delta": 4.093954}}
{"target": -42.113181190100995, "params": {"eta": 0.10571378002619113, "max_depth": 2.3296248230174412, "n_estimators": 8.174980293797056}, "datetime": {"datetime": "2021-09-29 18:33:31", "elapsed": 548.124877, "delta": 3.151333}}
{"target": -43.07565933043804, "params": {"eta": 0.1103519151243548, "max_depth": 3.6875954875996086, "n_estimators": 8.15759373760426}, "datetime": {"datetime": "2021-09-29 18:33:34", "elapsed": 551.467181, "delta": 3.342304}}
{"target": -41.12417930963426, "params": {"eta": 0.1344928462228615, "max_depth": 1.326898737999311, "n_estimators": 7.511021828117441}, "datetime": {"datetime": "2021-09-29 18:33:39", "elapsed": 556.687235, "delta": 5.220054}}
{"target": -46.48410343793977, "params": {"eta": 0.07280764533640105, "max_depth": 1.9917890142084935, "n_estimators": 25.16329122117408}, "datetime": {"datetime": "2021-09-29 18:33:41", "elapsed": 558.726139, "delta": 2.038904}}
{"target": -54.15913152405799, "params": {"eta": 0.16, "max_depth": 3.2441188386549498, "n_estimators": 19.75347394554838}, "datetime": {"datetime": "2021-09-29 18:33:46", "elapsed": 563.406448, "delta": 4.680309}}
{"target": -56.76869150315299, "params": {"eta": 0.05775279196368267, "max_depth": 2.3643402680831542, "n_estimators": 8.071690961393005}, "datetime": {"datetime": "2021-09-29 18:33:51", "elapsed": 568.054894, "delta": 4.648446}}
{"target": -40.50904553432999, "params": {"eta": 0.15066047273459812, "max_depth": 1.3276484829726907, "n_estimators": 7.270655254033551}, "datetime": {"datetime": "2021-09-29 18:33:55", "elapsed": 572.752662, "delta": 4.697768}}
{"target": -40.005223970875186, "params": {"eta": 0.16, "max_depth": 2.4290242805570648, "n_estimators": 8.181995533965589}, "datetime": {"datetime": "2021-09-29 18:34:00", "elapsed": 577.615894, "delta": 4.863232}}
{"target": -45.32919844543695, "params": {"eta": 0.04292213845692256, "max_depth": 1.3051957592468528, "n_estimators": 18.358357195287056}, "datetime": {"datetime": "2021-09-29 18:34:02", "elapsed": 579.493973, "delta": 1.878079}}
{"target": -40.005223970875186, "params": {"eta": 0.1572413997041168, "max_depth": 2.2494846121650207, "n_estimators": 8.11425226177743}, "datetime": {"datetime": "2021-09-29 18:34:11", "elapsed": 588.430123, "delta": 8.93615}}
{"target": -41.02599008158336, "params": {"eta": 0.13121934860141685, "max_depth": 2.3055898844958187, "n_estimators": 8.314663451053615}, "datetime": {"datetime": "2021-09-29 18:34:16", "elapsed": 593.448741, "delta": 5.018618}}
{"target": -41.02599008158336, "params": {"eta": 0.1318688570669441, "max_depth": 2.2317290444985214, "n_estimators": 8.256671344919441}, "datetime": {"datetime": "2021-09-29 18:34:20", "elapsed": 597.44431, "delta": 3.995569}}
{"target": -42.113181190100995, "params": {"eta": 0.11010816049345977, "max_depth": 2.4042730846703826, "n_estimators": 8.301634670317263}, "datetime": {"datetime": "2021-09-29 18:34:23", "elapsed": 600.631896, "delta": 3.187586}}
{"target": -40.72870475162954, "params": {"eta": 0.15927161862786582, "max_depth": 1.8371155334924554, "n_estimators": 7.2557070474289445}, "datetime": {"datetime": "2021-09-29 18:34:28", "elapsed": 605.24764, "delta": 4.615744}}
{"target": -74.54858490367346, "params": {"eta": 0.033005044326950984, "max_depth": 2.1986319479817444, "n_estimators": 8.292912002123886}, "datetime": {"datetime": "2021-09-29 18:34:32", "elapsed": 609.049612, "delta": 3.801972}}
{"target": -40.50904553432999, "params": {"eta": 0.15284480009648832, "max_depth": 1.4174776695047024, "n_estimators": 7.6611347846031865}, "datetime": {"datetime": "2021-09-29 18:34:37", "elapsed": 614.269611, "delta": 5.219999}}
{"target": -41.99907492045695, "params": {"eta": 0.1218862220226383, "max_depth": 1.2576332154982266, "n_estimators": 7.4350167513070105}, "datetime": {"datetime": "2021-09-29 18:34:41", "elapsed": 618.458492, "delta": 4.188881}}
{"target": -52.792133481427115, "params": {"eta": 0.13919956276283282, "max_depth": 1.6812897073820097, "n_estimators": 18.246753108341036}, "datetime": {"datetime": "2021-09-29 18:34:43", "elapsed": 620.439362, "delta": 1.98087}}
{"target": -41.48334375038102, "params": {"eta": 0.057592110941573904, "max_depth": 2.668189757855082, "n_estimators": 24.65029431122956}, "datetime": {"datetime": "2021-09-29 18:34:45", "elapsed": 622.663509, "delta": 2.224147}}
{"target": -52.741493292196104, "params": {"eta": 0.02, "max_depth": 1.0827346763598549, "n_estimators": 27.25826582150047}, "datetime": {"datetime": "2021-09-29 18:34:51", "elapsed": 628.43255, "delta": 5.769041}}
{"target": -51.828379341453946, "params": {"eta": 0.04513287302416684, "max_depth": 3.5024668247586757, "n_estimators": 12.325872380415671}, "datetime": {"datetime": "2021-09-29 18:34:53", "elapsed": 630.262185, "delta": 1.829635}}
{"target": -39.49455800648052, "params": {"eta": 0.16, "max_depth": 2.413221438472808, "n_estimators": 7.727169071804742}, "datetime": {"datetime": "2021-09-29 18:35:00", "elapsed": 637.278316, "delta": 7.016131}}
{"target": -40.994333983879024, "params": {"eta": 0.14081845534022328, "max_depth": 2.4999494766777444, "n_estimators": 7.749170948936983}, "datetime": {"datetime": "2021-09-29 18:35:04", "elapsed": 641.07333, "delta": 3.795014}}
{"target": -40.40189569414688, "params": {"eta": 0.15359869798335812, "max_depth": 2.4453611380032947, "n_estimators": 7.605821233119514}, "datetime": {"datetime": "2021-09-29 18:35:07", "elapsed": 644.14165, "delta": 3.06832}}
