{"target": -52.058720843327265, "params": {"eta": 0.08140252047184904, "max_depth": 2.244149263243356, "n_estimators": 7.997763306148606}, "datetime": {"datetime": "2021-09-29 18:28:04", "elapsed": 77.000636, "delta": 0.894211}}
{"target": -47.103506687809634, "params": {"eta": 0.037285790182186244, "max_depth": 4.663710542202753, "n_estimators": 19.243625057456985}, "datetime": {"datetime": "2021-09-29 18:28:05", "elapsed": 77.618634, "delta": 0.617998}}
{"target": -44.38204617905627, "params": {"eta": 0.06818156569792663, "max_depth": 3.039624107041119, "n_estimators": 22.62804225052879}, "datetime": {"datetime": "2021-09-29 18:28:05", "elapsed": 78.152635, "delta": 0.534001}}
{"target": -54.831536260359734, "params": {"eta": 0.11845240592401307, "max_depth": 2.618335217382767, "n_estimators": 33.47502412775759}, "datetime": {"datetime": "2021-09-29 18:28:06", "elapsed": 79.103965, "delta": 0.95133}}
{"target": -56.86100963794522, "params": {"eta": 0.17018163544739703, "max_depth": 4.772488812183342, "n_estimators": 34.38383293933879}, "datetime": {"datetime": "2021-09-29 18:28:07", "elapsed": 79.855968, "delta": 0.752003}}
{"target": -49.465197797652515, "params": {"eta": 0.06896720356548265, "max_depth": 2.7652676985385347, "n_estimators": 33.78919540622201}, "datetime": {"datetime": "2021-09-29 18:28:08", "elapsed": 80.790328, "delta": 0.93436}}
{"target": -43.78028317879923, "params": {"eta": 0.03699284440408516, "max_depth": 3.0498355740209195, "n_estimators": 22.75758078067676}, "datetime": {"datetime": "2021-09-29 18:28:09", "elapsed": 81.59833, "delta": 0.808002}}
{"target": -55.00514020927305, "params": {"eta": 0.1226634474683519, "max_depth": 3.065047023883239, "n_estimators": 33.60782383046311}, "datetime": {"datetime": "2021-09-29 18:28:10", "elapsed": 82.58233, "delta": 0.984}}
{"target": -52.44385018354238, "params": {"eta": 0.10322942802118677, "max_depth": 5.670406896369064, "n_estimators": 6.865159932868025}, "datetime": {"datetime": "2021-09-29 18:28:10", "elapsed": 83.152933, "delta": 0.570603}}
{"target": -45.57959322723996, "params": {"eta": 0.08796113925120655, "max_depth": 2.6100457417109033, "n_estimators": 8.063069547094305}, "datetime": {"datetime": "2021-09-29 18:28:11", "elapsed": 83.88293, "delta": 0.729997}}
{"target": -43.78028317879923, "params": {"eta": 0.04040269798065955, "max_depth": 3.157214635114074, "n_estimators": 22.69266236360084}, "datetime": {"datetime": "2021-09-29 18:28:12", "elapsed": 84.672932, "delta": 0.790002}}
{"target": -41.04248240956866, "params": {"eta": 0.1781589784968468, "max_depth": 2.072304308474806, "n_estimators": 7.941119405419483}, "datetime": {"datetime": "2021-09-29 18:28:12", "elapsed": 85.387053, "delta": 0.714121}}
{"target": -49.793160549795985, "params": {"eta": 0.10370855376808032, "max_depth": 6.23710808976348, "n_estimators": 22.76976171279438}, "datetime": {"datetime": "2021-09-29 18:28:13", "elapsed": 86.020054, "delta": 0.633001}}
{"target": -41.34695842994171, "params": {"eta": 0.03, "max_depth": 2.4599013196119808, "n_estimators": 33.48188963897193}, "datetime": {"datetime": "2021-09-29 18:28:14", "elapsed": 87.028056, "delta": 1.008002}}
{"target": -44.17392375960398, "params": {"eta": 0.04397809279083979, "max_depth": 4.835286037270007, "n_estimators": 39.87162013772914}, "datetime": {"datetime": "2021-09-29 18:28:15", "elapsed": 87.666053, "delta": 0.637997}}
{"target": -41.452314282931766, "params": {"eta": 0.18903904649759418, "max_depth": 2.157636836268221, "n_estimators": 7.8225117642348545}, "datetime": {"datetime": "2021-09-29 18:28:16", "elapsed": 88.635055, "delta": 0.969002}}
{"target": -43.7020499973697, "params": {"eta": 0.13504806410324532, "max_depth": 4.6906268566292795, "n_estimators": 10.800954591929797}, "datetime": {"datetime": "2021-09-29 18:28:16", "elapsed": 89.176348, "delta": 0.541293}}
{"target": -41.34695842994171, "params": {"eta": 0.03, "max_depth": 2.4754748095152217, "n_estimators": 33.36956023468809}, "datetime": {"datetime": "2021-09-29 18:28:18", "elapsed": 90.46375, "delta": 1.287402}}
{"target": -42.91303395749131, "params": {"eta": 0.17352184907163404, "max_depth": 2.117831281577534, "n_estimators": 8.032167597618827}, "datetime": {"datetime": "2021-09-29 18:28:18", "elapsed": 91.157802, "delta": 0.694052}}
{"target": -41.34695842994171, "params": {"eta": 0.03, "max_depth": 2.5470428028163825, "n_estimators": 33.80740385633898}, "datetime": {"datetime": "2021-09-29 18:28:20", "elapsed": 92.518801, "delta": 1.360999}}
{"target": -52.525569603416436, "params": {"eta": 0.06953661051929494, "max_depth": 4.870924128416847, "n_estimators": 39.76639963212546}, "datetime": {"datetime": "2021-09-29 18:28:21", "elapsed": 93.549434, "delta": 1.030633}}
{"target": -41.84515987066417, "params": {"eta": 0.13182346884435744, "max_depth": 2.0785729186313717, "n_estimators": 7.872139246166271}, "datetime": {"datetime": "2021-09-29 18:28:22", "elapsed": 94.9027, "delta": 1.353266}}
{"target": -56.9964814637228, "params": {"eta": 0.13366134337602947, "max_depth": 6.159629324831492, "n_estimators": 34.41936096365767}, "datetime": {"datetime": "2021-09-29 18:28:23", "elapsed": 95.660281, "delta": 0.757581}}
{"target": -53.165129025553945, "params": {"eta": 0.09913256698329245, "max_depth": 2.599692391431568, "n_estimators": 33.90113727288308}, "datetime": {"datetime": "2021-09-29 18:28:24", "elapsed": 96.829279, "delta": 1.168998}}
{"target": -49.916771535650035, "params": {"eta": 0.19905255216524345, "max_depth": 2.8827548877416564, "n_estimators": 11.782450780694546}, "datetime": {"datetime": "2021-09-29 18:28:24", "elapsed": 97.422858, "delta": 0.593579}}
{"target": -44.58611754526569, "params": {"eta": 0.11250012135924517, "max_depth": 6.105165493571647, "n_estimators": 14.05250554324992}, "datetime": {"datetime": "2021-09-29 18:28:25", "elapsed": 98.094855, "delta": 0.671997}}
{"target": -44.17392375960398, "params": {"eta": 0.03838709019335917, "max_depth": 4.958543911816388, "n_estimators": 39.869073459589416}, "datetime": {"datetime": "2021-09-29 18:28:26", "elapsed": 99.143284, "delta": 1.048429}}
{"target": -41.22418844291547, "params": {"eta": 0.036389622837307754, "max_depth": 2.3649452700844975, "n_estimators": 33.43066158830892}, "datetime": {"datetime": "2021-09-29 18:28:28", "elapsed": 100.637917, "delta": 1.494633}}
{"target": -56.005510502755385, "params": {"eta": 0.07362356400395902, "max_depth": 2.152204404469097, "n_estimators": 7.774634155211497}, "datetime": {"datetime": "2021-09-29 18:28:29", "elapsed": 101.987564, "delta": 1.349647}}
{"target": -41.22418844291547, "params": {"eta": 0.03583783354196096, "max_depth": 2.300495051587591, "n_estimators": 33.306758767283725}, "datetime": {"datetime": "2021-09-29 18:28:30", "elapsed": 102.873248, "delta": 0.885684}}
{"target": -54.814671720130214, "params": {"eta": 0.14083385939605012, "max_depth": 2.3444669232401383, "n_estimators": 33.38584042339616}, "datetime": {"datetime": "2021-09-29 18:28:31", "elapsed": 103.808802, "delta": 0.935554}}
{"target": -46.38298861956681, "params": {"eta": 0.04917132591605733, "max_depth": 2.065497635005757, "n_estimators": 39.92331665401281}, "datetime": {"datetime": "2021-09-29 18:28:32", "elapsed": 105.026335, "delta": 1.217533}}
{"target": -42.28624597532468, "params": {"eta": 0.06004408585806453, "max_depth": 3.673478009689017, "n_estimators": 17.588956013617317}, "datetime": {"datetime": "2021-09-29 18:28:33", "elapsed": 106.374115, "delta": 1.34778}}
{"target": -55.0367033690059, "params": {"eta": 0.16941158034790332, "max_depth": 3.6267176813784685, "n_estimators": 17.66779554917199}, "datetime": {"datetime": "2021-09-29 18:28:34", "elapsed": 107.445944, "delta": 1.071829}}
{"target": -42.46858515491767, "params": {"eta": 0.05523986593620121, "max_depth": 4.448216084360572, "n_estimators": 19.085126954073623}, "datetime": {"datetime": "2021-09-29 18:28:36", "elapsed": 108.611941, "delta": 1.165997}}
{"target": -48.38052829744864, "params": {"eta": 0.10511422531386365, "max_depth": 3.8225616756145273, "n_estimators": 17.59538401433042}, "datetime": {"datetime": "2021-09-29 18:28:37", "elapsed": 109.621755, "delta": 1.009814}}
{"target": -42.71390215195082, "params": {"eta": 0.03, "max_depth": 3.5343160168538805, "n_estimators": 33.55528065611541}, "datetime": {"datetime": "2021-09-29 18:28:39", "elapsed": 111.48881, "delta": 1.867055}}
{"target": -43.04931786432032, "params": {"eta": 0.15577999914643795, "max_depth": 3.5349325057055294, "n_estimators": 7.835444023191596}, "datetime": {"datetime": "2021-09-29 18:28:39", "elapsed": 112.12781, "delta": 0.639}}
{"target": -43.78279425847463, "params": {"eta": 0.1198546180553019, "max_depth": 3.0887670979944915, "n_estimators": 12.384607719992555}, "datetime": {"datetime": "2021-09-29 18:28:40", "elapsed": 112.835813, "delta": 0.708003}}
{"target": -47.21067640759251, "params": {"eta": 0.10880599992090335, "max_depth": 4.449670040776099, "n_estimators": 18.995049180146523}, "datetime": {"datetime": "2021-09-29 18:28:41", "elapsed": 113.792193, "delta": 0.95638}}
{"target": -49.72530037594809, "params": {"eta": 0.07619428968414738, "max_depth": 5.459693032880039, "n_estimators": 30.215983579452033}, "datetime": {"datetime": "2021-09-29 18:28:42", "elapsed": 114.489191, "delta": 0.696998}}
{"target": -46.681298587596785, "params": {"eta": 0.07217588148067994, "max_depth": 3.1716646941388706, "n_estimators": 26.79968249691805}, "datetime": {"datetime": "2021-09-29 18:28:42", "elapsed": 115.17556, "delta": 0.686369}}
{"target": -50.29242808634312, "params": {"eta": 0.14276424643999772, "max_depth": 5.249600257098991, "n_estimators": 18.24958496155544}, "datetime": {"datetime": "2021-09-29 18:28:43", "elapsed": 116.162444, "delta": 0.986884}}
{"target": -48.74295689071159, "params": {"eta": 0.13668465493540932, "max_depth": 6.1345814848638005, "n_estimators": 15.333923376942641}, "datetime": {"datetime": "2021-09-29 18:28:44", "elapsed": 116.959096, "delta": 0.796652}}
{"target": -41.452314282931766, "params": {"eta": 0.19486276972054736, "max_depth": 2.2533765359262525, "n_estimators": 7.862853238611485}, "datetime": {"datetime": "2021-09-29 18:28:45", "elapsed": 117.917647, "delta": 0.958551}}
{"target": -42.46858515491767, "params": {"eta": 0.059969270115995954, "max_depth": 4.4273114091210335, "n_estimators": 19.232198921830385}, "datetime": {"datetime": "2021-09-29 18:28:46", "elapsed": 119.44402, "delta": 1.526373}}
{"target": -53.9686122002295, "params": {"eta": 0.034365231023889276, "max_depth": 4.312049029149895, "n_estimators": 19.173037308343872}, "datetime": {"datetime": "2021-09-29 18:28:49", "elapsed": 121.665677, "delta": 2.221657}}
{"target": -58.6153271697752, "params": {"eta": 0.11760674303148208, "max_depth": 6.167233889574991, "n_estimators": 39.17488990916956}, "datetime": {"datetime": "2021-09-29 18:28:50", "elapsed": 122.670675, "delta": 1.004998}}
{"target": -54.22020146290723, "params": {"eta": 0.1827375282976197, "max_depth": 2.738163714584565, "n_estimators": 20.578203921484416}, "datetime": {"datetime": "2021-09-29 18:28:50", "elapsed": 123.412709, "delta": 0.742034}}
{"target": -42.46132104490219, "params": {"eta": 0.0354747581238026, "max_depth": 3.675374651281787, "n_estimators": 33.56784620863915}, "datetime": {"datetime": "2021-09-29 18:28:51", "elapsed": 124.423709, "delta": 1.011}}
{"target": -46.74284637931264, "params": {"eta": 0.10468073846458273, "max_depth": 4.476329633540058, "n_estimators": 19.372663618072696}, "datetime": {"datetime": "2021-09-29 18:28:52", "elapsed": 125.37663, "delta": 0.952921}}
{"target": -43.78028317879923, "params": {"eta": 0.038906628819896046, "max_depth": 3.1372807492031605, "n_estimators": 22.54975727901155}, "datetime": {"datetime": "2021-09-29 18:28:54", "elapsed": 127.138644, "delta": 1.762014}}
{"target": -48.28279602108418, "params": {"eta": 0.0637511218308135, "max_depth": 3.817313204577025, "n_estimators": 33.56666020267993}, "datetime": {"datetime": "2021-09-29 18:28:55", "elapsed": 128.420209, "delta": 1.281565}}
{"target": -43.49222713616781, "params": {"eta": 0.05366479360171136, "max_depth": 2.307290339331008, "n_estimators": 33.20654899726249}, "datetime": {"datetime": "2021-09-29 18:28:57", "elapsed": 129.475019, "delta": 1.05481}}
{"target": -53.9686122002295, "params": {"eta": 0.03, "max_depth": 4.524523389513996, "n_estimators": 19.182064312229805}, "datetime": {"datetime": "2021-09-29 18:28:58", "elapsed": 130.90602, "delta": 1.431001}}
{"target": -56.663972208221146, "params": {"eta": 0.18439192027870507, "max_depth": 4.395419121225402, "n_estimators": 19.255503072491205}, "datetime": {"datetime": "2021-09-29 18:29:00", "elapsed": 132.612538, "delta": 1.706518}}
{"target": -56.005510502755385, "params": {"eta": 0.07217662969235396, "max_depth": 2.0818389036095923, "n_estimators": 7.956647723411802}, "datetime": {"datetime": "2021-09-29 18:29:01", "elapsed": 133.889772, "delta": 1.277234}}
{"target": -43.66700874587126, "params": {"eta": 0.1046015280782911, "max_depth": 2.448958548692513, "n_estimators": 8.09570979313009}, "datetime": {"datetime": "2021-09-29 18:29:02", "elapsed": 135.328158, "delta": 1.438386}}
{"target": -43.899494964087815, "params": {"eta": 0.21, "max_depth": 2.1395336501336137, "n_estimators": 7.904505292621659}, "datetime": {"datetime": "2021-09-29 18:29:04", "elapsed": 137.091293, "delta": 1.763135}}
{"target": -81.27244567950581, "params": {"eta": 0.03249927296573448, "max_depth": 5.729788200453253, "n_estimators": 6.213874133160809}, "datetime": {"datetime": "2021-09-29 18:29:05", "elapsed": 137.918275, "delta": 0.826982}}
{"target": -56.23739752384779, "params": {"eta": 0.03, "max_depth": 5.260551808541062, "n_estimators": 18.057068231414448}, "datetime": {"datetime": "2021-09-29 18:29:06", "elapsed": 139.406596, "delta": 1.488321}}
{"target": -51.72583704557299, "params": {"eta": 0.03, "max_depth": 3.83892333239084, "n_estimators": 20.730088536467342}, "datetime": {"datetime": "2021-09-29 18:29:08", "elapsed": 140.549189, "delta": 1.142593}}
{"target": -43.60678772822285, "params": {"eta": 0.0910158248603488, "max_depth": 3.578768639626511, "n_estimators": 16.436105875964735}, "datetime": {"datetime": "2021-09-29 18:29:08", "elapsed": 141.364417, "delta": 0.815228}}
{"target": -41.22418844291547, "params": {"eta": 0.03700589965469349, "max_depth": 2.6837886403837032, "n_estimators": 33.67450792480391}, "datetime": {"datetime": "2021-09-29 18:29:10", "elapsed": 142.654412, "delta": 1.289995}}
{"target": -41.22418844291547, "params": {"eta": 0.03785714242251428, "max_depth": 2.470885231269376, "n_estimators": 33.228209569090424}, "datetime": {"datetime": "2021-09-29 18:29:11", "elapsed": 143.974605, "delta": 1.320193}}
{"target": -49.465197797652515, "params": {"eta": 0.06682550862083608, "max_depth": 2.399141814942528, "n_estimators": 33.2911734368849}, "datetime": {"datetime": "2021-09-29 18:29:12", "elapsed": 145.240879, "delta": 1.266274}}
{"target": -41.22418844291547, "params": {"eta": 0.03859173853826161, "max_depth": 2.5895487443949654, "n_estimators": 33.180411322684826}, "datetime": {"datetime": "2021-09-29 18:29:14", "elapsed": 146.674073, "delta": 1.433194}}
{"target": -59.48567322794116, "params": {"eta": 0.08909315919947164, "max_depth": 4.090257562718681, "n_estimators": 5.632290267797522}, "datetime": {"datetime": "2021-09-29 18:29:14", "elapsed": 147.429845, "delta": 0.755772}}
{"target": -45.268064200429606, "params": {"eta": 0.0530732667615602, "max_depth": 2.1799294678625123, "n_estimators": 15.263405456784104}, "datetime": {"datetime": "2021-09-29 18:29:15", "elapsed": 148.362845, "delta": 0.933}}
{"target": -56.788918013148006, "params": {"eta": 0.14500495449986722, "max_depth": 2.492388841702818, "n_estimators": 33.099270421456666}, "datetime": {"datetime": "2021-09-29 18:29:17", "elapsed": 150.363882, "delta": 2.001037}}
{"target": -41.452314282931766, "params": {"eta": 0.1894674038564708, "max_depth": 2.0156337644542868, "n_estimators": 7.8224757308343165}, "datetime": {"datetime": "2021-09-29 18:29:19", "elapsed": 152.179781, "delta": 1.815899}}
{"target": -54.313204476079534, "params": {"eta": 0.10894069886013355, "max_depth": 2.6044066779228214, "n_estimators": 33.29841504658029}, "datetime": {"datetime": "2021-09-29 18:29:20", "elapsed": 153.385782, "delta": 1.206001}}
{"target": -45.59965719778754, "params": {"eta": 0.09469227746290863, "max_depth": 3.959944351916572, "n_estimators": 18.530067857722344}, "datetime": {"datetime": "2021-09-29 18:29:21", "elapsed": 154.184781, "delta": 0.798999}}
{"target": -54.358692211720694, "params": {"eta": 0.032802434659872606, "max_depth": 3.9162048059593797, "n_estimators": 18.57468725318462}, "datetime": {"datetime": "2021-09-29 18:29:23", "elapsed": 155.759342, "delta": 1.574561}}
{"target": -41.34695842994171, "params": {"eta": 0.03227382698259509, "max_depth": 2.211372008352174, "n_estimators": 33.21687310030843}, "datetime": {"datetime": "2021-09-29 18:29:24", "elapsed": 157.19734, "delta": 1.437998}}
{"target": -53.165129025553945, "params": {"eta": 0.09624100021259002, "max_depth": 2.6795669396769206, "n_estimators": 33.71663970567983}, "datetime": {"datetime": "2021-09-29 18:29:26", "elapsed": 158.526243, "delta": 1.328903}}
{"target": -54.831536260359734, "params": {"eta": 0.11537146592817503, "max_depth": 2.198667100138277, "n_estimators": 33.27849007079573}, "datetime": {"datetime": "2021-09-29 18:29:28", "elapsed": 160.690672, "delta": 2.164429}}
{"target": -41.34695842994171, "params": {"eta": 0.03382183937031994, "max_depth": 2.4817026198959127, "n_estimators": 33.42518224776283}, "datetime": {"datetime": "2021-09-29 18:29:29", "elapsed": 161.977235, "delta": 1.286563}}
{"target": -41.452314282931766, "params": {"eta": 0.18523472721107614, "max_depth": 2.0130804180247983, "n_estimators": 7.892521016341598}, "datetime": {"datetime": "2021-09-29 18:29:30", "elapsed": 163.294233, "delta": 1.316998}}
{"target": -49.65689963746877, "params": {"eta": 0.08618829338708056, "max_depth": 6.016820008952865, "n_estimators": 8.62972123109345}, "datetime": {"datetime": "2021-09-29 18:29:31", "elapsed": 164.194212, "delta": 0.899979}}
{"target": -40.86581333636193, "params": {"eta": 0.14942892180086864, "max_depth": 2.4268821794679867, "n_estimators": 8.279452377970806}, "datetime": {"datetime": "2021-09-29 18:29:32", "elapsed": 165.370787, "delta": 1.176575}}
{"target": -53.33678994510673, "params": {"eta": 0.12733976667414998, "max_depth": 3.0818033231766, "n_estimators": 22.725115735728085}, "datetime": {"datetime": "2021-09-29 18:29:34", "elapsed": 166.97484, "delta": 1.604053}}
{"target": -43.49222713616781, "params": {"eta": 0.05488517861759667, "max_depth": 2.391617476635579, "n_estimators": 33.53831716999047}, "datetime": {"datetime": "2021-09-29 18:29:35", "elapsed": 168.419407, "delta": 1.444567}}
{"target": -45.57959322723996, "params": {"eta": 0.09112451104006533, "max_depth": 2.414831443425132, "n_estimators": 8.212157438827585}, "datetime": {"datetime": "2021-09-29 18:29:37", "elapsed": 169.988207, "delta": 1.5688}}
{"target": -45.62169055422276, "params": {"eta": 0.195891201887823, "max_depth": 2.2058343256772037, "n_estimators": 8.029532062079497}, "datetime": {"datetime": "2021-09-29 18:29:39", "elapsed": 171.854354, "delta": 1.866147}}
{"target": -55.45791920435899, "params": {"eta": 0.16979709369893772, "max_depth": 3.853285288592679, "n_estimators": 18.603994924137005}, "datetime": {"datetime": "2021-09-29 18:29:40", "elapsed": 173.036354, "delta": 1.182}}
{"target": -44.366248584773835, "params": {"eta": 0.18917350635401795, "max_depth": 2.4911646024057337, "n_estimators": 8.213552475539387}, "datetime": {"datetime": "2021-09-29 18:29:42", "elapsed": 174.613876, "delta": 1.577522}}
{"target": -43.66841244405259, "params": {"eta": 0.18252986259853857, "max_depth": 2.587122238541111, "n_estimators": 8.134044609847805}, "datetime": {"datetime": "2021-09-29 18:29:43", "elapsed": 175.724385, "delta": 1.110509}}
{"target": -52.36842839897472, "params": {"eta": 0.07501662154143143, "max_depth": 3.1722162138930043, "n_estimators": 33.16916963419963}, "datetime": {"datetime": "2021-09-29 18:29:44", "elapsed": 176.687385, "delta": 0.963}}
{"target": -45.57959322723996, "params": {"eta": 0.08731306791741603, "max_depth": 2.398327044890401, "n_estimators": 8.368431407123843}, "datetime": {"datetime": "2021-09-29 18:29:45", "elapsed": 178.022248, "delta": 1.334863}}
{"target": -49.465197797652515, "params": {"eta": 0.07063866563313972, "max_depth": 2.49825537219382, "n_estimators": 33.59052891053713}, "datetime": {"datetime": "2021-09-29 18:29:47", "elapsed": 179.476044, "delta": 1.453796}}
{"target": -42.800625361461584, "params": {"eta": 0.11645352861676432, "max_depth": 2.40477297206978, "n_estimators": 7.95717582885863}, "datetime": {"datetime": "2021-09-29 18:29:48", "elapsed": 180.838281, "delta": 1.362237}}
{"target": -42.91303395749131, "params": {"eta": 0.17253697942712393, "max_depth": 2.337818896924364, "n_estimators": 8.036176814898802}, "datetime": {"datetime": "2021-09-29 18:29:49", "elapsed": 182.259173, "delta": 1.420892}}
{"target": -52.36842839897472, "params": {"eta": 0.07918226726911967, "max_depth": 3.5064323694485084, "n_estimators": 33.48684946203436}, "datetime": {"datetime": "2021-09-29 18:29:51", "elapsed": 183.705966, "delta": 1.446793}}
{"target": -49.84633217523409, "params": {"eta": 0.06558529947306152, "max_depth": 3.480338810623608, "n_estimators": 33.601708744306535}, "datetime": {"datetime": "2021-09-29 18:29:53", "elapsed": 185.467973, "delta": 1.762007}}
{"target": -43.49222713616781, "params": {"eta": 0.045314810222745555, "max_depth": 2.5113402064777866, "n_estimators": 33.736604648948486}, "datetime": {"datetime": "2021-09-29 18:29:54", "elapsed": 187.168973, "delta": 1.701}}
