{"target": -59.19349702235933, "params": {"eta": 0.05866123664615504, "max_depth": 1.5559038199959034, "n_estimators": 7.861714878595858}, "datetime": {"datetime": "2021-09-29 20:20:41", "elapsed": 159.027158, "delta": 0.964998}}
{"target": -41.95962624986605, "params": {"eta": 0.1029769538386517, "max_depth": 3.48074889091828, "n_estimators": 10.667129133279367}, "datetime": {"datetime": "2021-09-29 20:20:42", "elapsed": 159.893543, "delta": 0.866385}}
{"target": -40.78397379569955, "params": {"eta": 0.1129770997014639, "max_depth": 2.103732745057749, "n_estimators": 12.584971696550678}, "datetime": {"datetime": "2021-09-29 20:20:43", "elapsed": 160.985259, "delta": 1.091716}}
{"target": -46.21501829014191, "params": {"eta": 0.08261831468394831, "max_depth": 2.0862235868361303, "n_estimators": 9.626488843323282}, "datetime": {"datetime": "2021-09-29 20:20:45", "elapsed": 162.819158, "delta": 1.833899}}
{"target": -40.50904553432999, "params": {"eta": 0.1487236815336928, "max_depth": 1.166159203994066, "n_estimators": 7.8301911810277804}, "datetime": {"datetime": "2021-09-29 20:20:47", "elapsed": 164.788159, "delta": 1.969001}}
{"target": -50.869246121260566, "params": {"eta": 0.08813857791337497, "max_depth": 3.5003403337449948, "n_estimators": 29.353292090970733}, "datetime": {"datetime": "2021-09-29 20:20:48", "elapsed": 165.701402, "delta": 0.913243}}
{"target": -49.94136380509019, "params": {"eta": 0.13879585534259312, "max_depth": 1.4428982287507388, "n_estimators": 14.777511181704002}, "datetime": {"datetime": "2021-09-29 20:20:49", "elapsed": 166.585403, "delta": 0.884001}}
{"target": -41.96651255592825, "params": {"eta": 0.15862804935476488, "max_depth": 2.605486365726853, "n_estimators": 9.74540806295605}, "datetime": {"datetime": "2021-09-29 20:20:50", "elapsed": 167.48823, "delta": 0.902827}}
{"target": -50.84692059489985, "params": {"eta": 0.07823165406325443, "max_depth": 1.0250252041387977, "n_estimators": 7.59305380598647}, "datetime": {"datetime": "2021-09-29 20:20:51", "elapsed": 169.287228, "delta": 1.798998}}
{"target": -41.8057276552278, "params": {"eta": 0.15316793895178715, "max_depth": 2.570222451141909, "n_estimators": 9.593484105017628}, "datetime": {"datetime": "2021-09-29 20:20:54", "elapsed": 171.474464, "delta": 2.187236}}
{"target": -41.96651255592825, "params": {"eta": 0.16, "max_depth": 2.4434133335818293, "n_estimators": 9.502366273622664}, "datetime": {"datetime": "2021-09-29 20:20:55", "elapsed": 173.000463, "delta": 1.525999}}
{"target": -44.23404413265028, "params": {"eta": 0.15817200159546838, "max_depth": 1.9707678521177638, "n_estimators": 9.612247981841389}, "datetime": {"datetime": "2021-09-29 20:20:57", "elapsed": 175.165095, "delta": 2.164632}}
{"target": -40.927681841487704, "params": {"eta": 0.13177392471040758, "max_depth": 2.752188613637202, "n_estimators": 9.574157871985578}, "datetime": {"datetime": "2021-09-29 20:20:59", "elapsed": 177.008868, "delta": 1.843773}}
{"target": -51.051037622196446, "params": {"eta": 0.14954030659901982, "max_depth": 3.2254516038529175, "n_estimators": 16.57744697692226}, "datetime": {"datetime": "2021-09-29 20:21:00", "elapsed": 178.072755, "delta": 1.063887}}
{"target": -40.80346069598584, "params": {"eta": 0.14374323022860838, "max_depth": 2.7352721976414327, "n_estimators": 9.656923130002234}, "datetime": {"datetime": "2021-09-29 20:21:01", "elapsed": 179.380756, "delta": 1.308001}}
{"target": -58.75973246324978, "params": {"eta": 0.046921778919967114, "max_depth": 2.797248735111731, "n_estimators": 9.64868199798095}, "datetime": {"datetime": "2021-09-29 20:21:04", "elapsed": 181.554319, "delta": 2.173563}}
{"target": -55.69359032118388, "params": {"eta": 0.12985821896678876, "max_depth": 1.9625412371770885, "n_estimators": 27.811054005565833}, "datetime": {"datetime": "2021-09-29 20:21:06", "elapsed": 183.696367, "delta": 2.142048}}
{"target": -92.75248245851526, "params": {"eta": 0.02194387897334904, "max_depth": 3.2378729202719523, "n_estimators": 3.5189824286936076}, "datetime": {"datetime": "2021-09-29 20:21:08", "elapsed": 185.451361, "delta": 1.754994}}
{"target": -41.96651255592825, "params": {"eta": 0.15622919905109064, "max_depth": 2.3390801897394424, "n_estimators": 9.652468034933118}, "datetime": {"datetime": "2021-09-29 20:21:10", "elapsed": 187.920049, "delta": 2.468688}}
{"target": -40.64107290789533, "params": {"eta": 0.1372412185152628, "max_depth": 1.7419256761124968, "n_estimators": 7.879529540825872}, "datetime": {"datetime": "2021-09-29 20:21:11", "elapsed": 189.307045, "delta": 1.386996}}
{"target": -43.57675889518613, "params": {"eta": 0.0674567526691602, "max_depth": 1.9472611837759066, "n_estimators": 11.53100190278317}, "datetime": {"datetime": "2021-09-29 20:21:12", "elapsed": 190.427648, "delta": 1.120603}}
{"target": -59.19349702235933, "params": {"eta": 0.056450759439494014, "max_depth": 1.7282446945058578, "n_estimators": 7.776810559698377}, "datetime": {"datetime": "2021-09-29 20:21:15", "elapsed": 193.085387, "delta": 2.657739}}
{"target": -43.364203916408286, "params": {"eta": 0.11326790995960238, "max_depth": 1.6888578753185477, "n_estimators": 7.954090465387553}, "datetime": {"datetime": "2021-09-29 20:21:17", "elapsed": 194.733534, "delta": 1.648147}}
{"target": -48.568531629159835, "params": {"eta": 0.10052246941204336, "max_depth": 1.691398871448441, "n_estimators": 19.56576715197872}, "datetime": {"datetime": "2021-09-29 20:21:18", "elapsed": 196.240636, "delta": 1.507102}}
{"target": -40.927681841487704, "params": {"eta": 0.1320101367810622, "max_depth": 2.6467605480138654, "n_estimators": 9.663708598711318}, "datetime": {"datetime": "2021-09-29 20:21:20", "elapsed": 198.422737, "delta": 2.182101}}
{"target": -76.79973309120328, "params": {"eta": 0.0659613460440335, "max_depth": 2.2541545376312087, "n_estimators": 3.063146426111571}, "datetime": {"datetime": "2021-09-29 20:21:22", "elapsed": 199.451738, "delta": 1.029001}}
{"target": -60.797101496828965, "params": {"eta": 0.03794587414788016, "max_depth": 1.1079576807175076, "n_estimators": 10.611858330992947}, "datetime": {"datetime": "2021-09-29 20:21:22", "elapsed": 200.39379, "delta": 0.942052}}
{"target": -40.72870475162954, "params": {"eta": 0.15625497785848907, "max_depth": 1.5328427756262575, "n_estimators": 7.985874488839419}, "datetime": {"datetime": "2021-09-29 20:21:24", "elapsed": 201.751083, "delta": 1.357293}}
{"target": -42.14200101767243, "params": {"eta": 0.04909361964760557, "max_depth": 1.8382489888708355, "n_estimators": 27.896203916240474}, "datetime": {"datetime": "2021-09-29 20:21:27", "elapsed": 204.485412, "delta": 2.734329}}
{"target": -46.800226080077394, "params": {"eta": 0.09257821512969178, "max_depth": 3.155950499849785, "n_estimators": 22.290195019157625}, "datetime": {"datetime": "2021-09-29 20:21:28", "elapsed": 205.920072, "delta": 1.43466}}
{"target": -47.31331837534287, "params": {"eta": 0.1105331851353388, "max_depth": 1.568045925938907, "n_estimators": 16.3972219879373}, "datetime": {"datetime": "2021-09-29 20:21:30", "elapsed": 207.433075, "delta": 1.513003}}
{"target": -40.8436167229241, "params": {"eta": 0.04259586172104711, "max_depth": 1.8503778822347972, "n_estimators": 27.770410726192313}, "datetime": {"datetime": "2021-09-29 20:21:31", "elapsed": 208.697455, "delta": 1.26438}}
{"target": -54.493475691895135, "params": {"eta": 0.1065489599881296, "max_depth": 1.7637546872568988, "n_estimators": 27.80528444394728}, "datetime": {"datetime": "2021-09-29 20:21:34", "elapsed": 212.083788, "delta": 3.386333}}
{"target": -40.927681841487704, "params": {"eta": 0.1347876633140147, "max_depth": 2.650229804392864, "n_estimators": 9.848254672921723}, "datetime": {"datetime": "2021-09-29 20:21:36", "elapsed": 213.668898, "delta": 1.58511}}
{"target": -40.1952790356848, "params": {"eta": 0.12468520700140417, "max_depth": 2.5998094352290626, "n_estimators": 9.959960091019086}, "datetime": {"datetime": "2021-09-29 20:21:37", "elapsed": 215.355618, "delta": 1.68672}}
{"target": -53.620444546568805, "params": {"eta": 0.06178607841611511, "max_depth": 2.618988711329668, "n_estimators": 9.918241928302473}, "datetime": {"datetime": "2021-09-29 20:21:39", "elapsed": 217.088169, "delta": 1.732551}}
{"target": -42.3702515432887, "params": {"eta": 0.1509025283613944, "max_depth": 2.4565755283592323, "n_estimators": 10.02860077999394}, "datetime": {"datetime": "2021-09-29 20:21:41", "elapsed": 218.674207, "delta": 1.586038}}
{"target": -69.78781517971285, "params": {"eta": 0.06370200596772933, "max_depth": 3.4100920053717187, "n_estimators": 5.412484208154326}, "datetime": {"datetime": "2021-09-29 20:21:42", "elapsed": 219.611211, "delta": 0.937004}}
{"target": -43.89958722220657, "params": {"eta": 0.08443413588723575, "max_depth": 2.579230339322282, "n_estimators": 10.059560926896733}, "datetime": {"datetime": "2021-09-29 20:21:44", "elapsed": 221.701301, "delta": 2.09009}}
{"target": -45.79317308611576, "params": {"eta": 0.1190572715618921, "max_depth": 3.5398466701295606, "n_estimators": 16.382082853200572}, "datetime": {"datetime": "2021-09-29 20:21:46", "elapsed": 224.257683, "delta": 2.556382}}
{"target": -46.21501829014191, "params": {"eta": 0.07720186631312699, "max_depth": 2.3990047692261376, "n_estimators": 9.96233315473053}, "datetime": {"datetime": "2021-09-29 20:21:48", "elapsed": 226.334628, "delta": 2.076945}}
{"target": -68.73117846891319, "params": {"eta": 0.02, "max_depth": 3.4589688812562054, "n_estimators": 16.45022524218689}, "datetime": {"datetime": "2021-09-29 20:21:50", "elapsed": 227.889624, "delta": 1.554996}}
{"target": -45.79317308611576, "params": {"eta": 0.11681560438282475, "max_depth": 3.661540061720869, "n_estimators": 16.43345704034128}, "datetime": {"datetime": "2021-09-29 20:21:52", "elapsed": 230.228952, "delta": 2.339328}}
{"target": -40.927681841487704, "params": {"eta": 0.13418236144365903, "max_depth": 2.4903569846028466, "n_estimators": 9.938256432637921}, "datetime": {"datetime": "2021-09-29 20:21:53", "elapsed": 231.352958, "delta": 1.124006}}
{"target": -40.80346069598584, "params": {"eta": 0.1397991966636302, "max_depth": 2.707125403338222, "n_estimators": 9.753011788782665}, "datetime": {"datetime": "2021-09-29 20:21:55", "elapsed": 232.653697, "delta": 1.300739}}
{"target": -42.498038918087474, "params": {"eta": 0.05579042282047805, "max_depth": 3.6289468647042633, "n_estimators": 16.557157401318626}, "datetime": {"datetime": "2021-09-29 20:21:57", "elapsed": 234.651868, "delta": 1.998171}}
{"target": -43.562252889283485, "params": {"eta": 0.05501292786555778, "max_depth": 1.7033297283358024, "n_estimators": 24.646105929507822}, "datetime": {"datetime": "2021-09-29 20:21:58", "elapsed": 235.663029, "delta": 1.011161}}
{"target": -52.741493292196104, "params": {"eta": 0.02, "max_depth": 1.9340887631088628, "n_estimators": 27.949945631600787}, "datetime": {"datetime": "2021-09-29 20:22:00", "elapsed": 237.543791, "delta": 1.880762}}
{"target": -40.50904553432999, "params": {"eta": 0.1466099467576438, "max_depth": 1.4007029468524406, "n_estimators": 7.896314714189428}, "datetime": {"datetime": "2021-09-29 20:22:01", "elapsed": 238.85106, "delta": 1.307269}}
{"target": -43.364203916408286, "params": {"eta": 0.1055920526416073, "max_depth": 1.4166747851876607, "n_estimators": 7.991279069074042}, "datetime": {"datetime": "2021-09-29 20:22:03", "elapsed": 240.434063, "delta": 1.583003}}
{"target": -40.50904553432999, "params": {"eta": 0.14586575288415557, "max_depth": 1.2704033182869747, "n_estimators": 7.799124653064146}, "datetime": {"datetime": "2021-09-29 20:22:05", "elapsed": 242.890106, "delta": 2.456043}}
{"target": -54.79610363286317, "params": {"eta": 0.06897839889199829, "max_depth": 1.3491189312787142, "n_estimators": 7.843777351847542}, "datetime": {"datetime": "2021-09-29 20:22:06", "elapsed": 244.340909, "delta": 1.450803}}
{"target": -42.90441209326256, "params": {"eta": 0.10484659769560625, "max_depth": 1.637071759516644, "n_estimators": 8.247629104669803}, "datetime": {"datetime": "2021-09-29 20:22:09", "elapsed": 247.264943, "delta": 2.924034}}
{"target": -40.64107290789533, "params": {"eta": 0.13696070923090034, "max_depth": 1.8163183775331593, "n_estimators": 7.965204513351887}, "datetime": {"datetime": "2021-09-29 20:22:11", "elapsed": 249.263824, "delta": 1.998881}}
{"target": -53.46191022014868, "params": {"eta": 0.03780230111991428, "max_depth": 1.1950475502562656, "n_estimators": 13.682625709583895}, "datetime": {"datetime": "2021-09-29 20:22:13", "elapsed": 250.456823, "delta": 1.192999}}
{"target": -40.72870475162954, "params": {"eta": 0.16, "max_depth": 1.268284553136626, "n_estimators": 7.920904944173854}, "datetime": {"datetime": "2021-09-29 20:22:14", "elapsed": 252.012158, "delta": 1.555335}}
{"target": -40.8436167229241, "params": {"eta": 0.03889882332107665, "max_depth": 1.1688273902648723, "n_estimators": 27.18497537285944}, "datetime": {"datetime": "2021-09-29 20:22:15", "elapsed": 253.375905, "delta": 1.363747}}
{"target": -65.67571532158203, "params": {"eta": 0.02981321270135623, "max_depth": 3.924538029242836, "n_estimators": 12.733019375184302}, "datetime": {"datetime": "2021-09-29 20:22:17", "elapsed": 254.599393, "delta": 1.223488}}
{"target": -40.843424617606956, "params": {"eta": 0.056394789697330985, "max_depth": 1.6475963527549047, "n_estimators": 18.828252387743717}, "datetime": {"datetime": "2021-09-29 20:22:18", "elapsed": 256.117528, "delta": 1.518135}}
{"target": -42.64474570823808, "params": {"eta": 0.16, "max_depth": 1.750137607235287, "n_estimators": 8.0641244663995}, "datetime": {"datetime": "2021-09-29 20:22:20", "elapsed": 257.802655, "delta": 1.685127}}
{"target": -66.70388643842765, "params": {"eta": 0.03606248817742627, "max_depth": 1.7847029538532322, "n_estimators": 8.067049685116949}, "datetime": {"datetime": "2021-09-29 20:22:22", "elapsed": 260.197418, "delta": 2.394763}}
{"target": -88.79598746172253, "params": {"eta": 0.027128686064663114, "max_depth": 1.906045299533921, "n_estimators": 3.924504838444106}, "datetime": {"datetime": "2021-09-29 20:22:24", "elapsed": 261.986947, "delta": 1.789529}}
{"target": -53.1652363906436, "params": {"eta": 0.10044514210727203, "max_depth": 1.2371397365817063, "n_estimators": 27.244457727175305}, "datetime": {"datetime": "2021-09-29 20:22:27", "elapsed": 265.072086, "delta": 3.085139}}
{"target": -41.78583550249001, "params": {"eta": 0.05111431966782502, "max_depth": 1.595094041575234, "n_estimators": 18.72733914524005}, "datetime": {"datetime": "2021-09-29 20:22:31", "elapsed": 268.866125, "delta": 3.794039}}
{"target": -52.23119340919633, "params": {"eta": 0.09281814950674509, "max_depth": 1.0996339355441767, "n_estimators": 27.09989232689396}, "datetime": {"datetime": "2021-09-29 20:22:34", "elapsed": 271.891911, "delta": 3.025786}}
{"target": -54.10737217436282, "params": {"eta": 0.15190523775074471, "max_depth": 1.6097264700630625, "n_estimators": 18.836650482356024}, "datetime": {"datetime": "2021-09-29 20:22:37", "elapsed": 275.011598, "delta": 3.119687}}
{"target": -40.72870475162954, "params": {"eta": 0.16, "max_depth": 1.8691391687282315, "n_estimators": 7.873606281165948}, "datetime": {"datetime": "2021-09-29 20:22:39", "elapsed": 276.917354, "delta": 1.905756}}
{"target": -40.291289744272014, "params": {"eta": 0.13487786807501015, "max_depth": 1.5905869838939588, "n_estimators": 8.098564344172168}, "datetime": {"datetime": "2021-09-29 20:22:41", "elapsed": 278.589353, "delta": 1.671999}}
{"target": -45.32919844543695, "params": {"eta": 0.03945746507735213, "max_depth": 1.727846542001306, "n_estimators": 18.76451075892956}, "datetime": {"datetime": "2021-09-29 20:22:43", "elapsed": 280.821271, "delta": 2.231918}}
{"target": -42.64474570823808, "params": {"eta": 0.15883756670402016, "max_depth": 1.4692250969513458, "n_estimators": 8.153599730413521}, "datetime": {"datetime": "2021-09-29 20:22:45", "elapsed": 282.939006, "delta": 2.117735}}
{"target": -44.92630173857122, "params": {"eta": 0.07881698629378135, "max_depth": 2.7104753444219, "n_estimators": 22.27413973980487}, "datetime": {"datetime": "2021-09-29 20:22:47", "elapsed": 285.056836, "delta": 2.11783}}
{"target": -41.89722494878281, "params": {"eta": 0.1476702489800607, "max_depth": 1.502118791733847, "n_estimators": 8.31336241060906}, "datetime": {"datetime": "2021-09-29 20:22:50", "elapsed": 287.660209, "delta": 2.603373}}
{"target": -43.636160984932076, "params": {"eta": 0.0884150192703273, "max_depth": 2.000160106973708, "n_estimators": 9.609200550094904}, "datetime": {"datetime": "2021-09-29 20:22:51", "elapsed": 288.917573, "delta": 1.257364}}
{"target": -40.23337406771553, "params": {"eta": 0.0488229318719851, "max_depth": 2.8666633145425995, "n_estimators": 24.308621841340113}, "datetime": {"datetime": "2021-09-29 20:22:52", "elapsed": 290.323587, "delta": 1.406014}}
{"target": -73.59423616234182, "params": {"eta": 0.03348401986149639, "max_depth": 1.5021299686926495, "n_estimators": 8.21476114036371}, "datetime": {"datetime": "2021-09-29 20:22:56", "elapsed": 293.497318, "delta": 3.173731}}
{"target": -42.3702515432887, "params": {"eta": 0.15397406240961062, "max_depth": 2.688957399147002, "n_estimators": 10.019379412594505}, "datetime": {"datetime": "2021-09-29 20:22:58", "elapsed": 296.048199, "delta": 2.550881}}
{"target": -46.553113535000264, "params": {"eta": 0.031137673201505046, "max_depth": 2.7537635361496067, "n_estimators": 24.336315251846717}, "datetime": {"datetime": "2021-09-29 20:23:01", "elapsed": 298.472149, "delta": 2.42395}}
{"target": -53.531905181099134, "params": {"eta": 0.12598996061037468, "max_depth": 2.8960820320049843, "n_estimators": 24.37371484982263}, "datetime": {"datetime": "2021-09-29 20:23:04", "elapsed": 302.033625, "delta": 3.561476}}
{"target": -41.48334375038102, "params": {"eta": 0.06256832966029291, "max_depth": 2.7930165024269353, "n_estimators": 24.216722173085415}, "datetime": {"datetime": "2021-09-29 20:23:07", "elapsed": 304.501471, "delta": 2.467846}}
{"target": -43.04021379387709, "params": {"eta": 0.03639027781325551, "max_depth": 3.3283188207948062, "n_estimators": 23.27610447637786}, "datetime": {"datetime": "2021-09-29 20:23:08", "elapsed": 305.9849, "delta": 1.483429}}
{"target": -44.04554473274646, "params": {"eta": 0.07138210276364454, "max_depth": 2.93376124604134, "n_estimators": 24.221437659611368}, "datetime": {"datetime": "2021-09-29 20:23:10", "elapsed": 308.396065, "delta": 2.411165}}
{"target": -41.96651255592825, "params": {"eta": 0.16, "max_depth": 2.7659042514201615, "n_estimators": 9.881531731822601}, "datetime": {"datetime": "2021-09-29 20:23:13", "elapsed": 311.012847, "delta": 2.616782}}
{"target": -62.44903320683617, "params": {"eta": 0.022783359397235324, "max_depth": 1.7951756601146167, "n_estimators": 19.720304736060235}, "datetime": {"datetime": "2021-09-29 20:23:16", "elapsed": 314.098479, "delta": 3.085632}}
{"target": -41.18529448203381, "params": {"eta": 0.05293090413804083, "max_depth": 1.5892060565705544, "n_estimators": 19.651589682741474}, "datetime": {"datetime": "2021-09-29 20:23:18", "elapsed": 316.07851, "delta": 1.980031}}
{"target": -51.47351658663023, "params": {"eta": 0.09635949746920562, "max_depth": 2.3788077697831156, "n_estimators": 27.875832059233915}, "datetime": {"datetime": "2021-09-29 20:23:20", "elapsed": 317.863623, "delta": 1.785113}}
{"target": -40.50904553432999, "params": {"eta": 0.15115193896433834, "max_depth": 1.2650607441548563, "n_estimators": 7.182052332426048}, "datetime": {"datetime": "2021-09-29 20:23:23", "elapsed": 320.752505, "delta": 2.888882}}
{"target": -43.364203916408286, "params": {"eta": 0.10754179098685214, "max_depth": 1.2512173649899028, "n_estimators": 7.078245764021362}, "datetime": {"datetime": "2021-09-29 20:23:25", "elapsed": 322.798669, "delta": 2.046164}}
{"target": -50.84692059489985, "params": {"eta": 0.07951353771131293, "max_depth": 1.222233114396524, "n_estimators": 7.279190298058134}, "datetime": {"datetime": "2021-09-29 20:23:28", "elapsed": 326.323366, "delta": 3.524697}}
{"target": -53.37720340820076, "params": {"eta": 0.1447007641449672, "max_depth": 1.6718833509330195, "n_estimators": 19.682664566293557}, "datetime": {"datetime": "2021-09-29 20:23:31", "elapsed": 328.988141, "delta": 2.664775}}
{"target": -42.51235344448101, "params": {"eta": 0.038664826089789314, "max_depth": 3.437366144185532, "n_estimators": 24.32245526092276}, "datetime": {"datetime": "2021-09-29 20:23:33", "elapsed": 330.878066, "delta": 1.889925}}
{"target": -70.14012975555966, "params": {"eta": 0.0328444193124328, "max_depth": 3.510498797003028, "n_estimators": 10.570567778843632}, "datetime": {"datetime": "2021-09-29 20:23:37", "elapsed": 335.357269, "delta": 4.479203}}
{"target": -74.06510522237052, "params": {"eta": 0.048545915956624955, "max_depth": 3.7120069412152707, "n_estimators": 5.273502908097811}, "datetime": {"datetime": "2021-09-29 20:23:39", "elapsed": 336.697229, "delta": 1.33996}}
{"target": -42.52807228807544, "params": {"eta": 0.12508557823576255, "max_depth": 3.3833401074435545, "n_estimators": 10.719304504139046}, "datetime": {"datetime": "2021-09-29 20:23:42", "elapsed": 340.27679, "delta": 3.579561}}
{"target": -56.55891745765814, "params": {"eta": 0.04580844054823577, "max_depth": 3.477231668735849, "n_estimators": 10.79407727365499}, "datetime": {"datetime": "2021-09-29 20:23:45", "elapsed": 343.300263, "delta": 3.023473}}
{"target": -40.80346069598584, "params": {"eta": 0.14038537288860986, "max_depth": 2.8979863348791666, "n_estimators": 9.919188708031687}, "datetime": {"datetime": "2021-09-29 20:23:49", "elapsed": 347.096397, "delta": 3.796134}}
{"target": -47.757804587884166, "params": {"eta": 0.15727152696123747, "max_depth": 2.4221386779473844, "n_estimators": 4.550582244006467}, "datetime": {"datetime": "2021-09-29 20:23:50", "elapsed": 348.119457, "delta": 1.02306}}
