{"target": -57.18567891541554, "params": {"eta": 0.02, "max_depth": 1.0, "n_estimators": 23.50633495244929}, "datetime": {"datetime": "2021-09-29 18:24:26", "elapsed": 2.975062, "delta": 0.293003}}
{"target": -63.75155258820985, "params": {"eta": 0.02, "max_depth": 4.0, "n_estimators": 20.372026083525178}, "datetime": {"datetime": "2021-09-29 18:24:26", "elapsed": 3.294064, "delta": 0.319002}}
{"target": -84.43017276689666, "params": {"eta": 0.02, "max_depth": 3.550989932385346, "n_estimators": 7.739013319971291}, "datetime": {"datetime": "2021-09-29 18:24:26", "elapsed": 3.616063, "delta": 0.321999}}
{"target": -45.50525085973142, "params": {"eta": 0.06610377269832185, "max_depth": 3.9895722993610354, "n_estimators": 11.579886577284062}, "datetime": {"datetime": "2021-09-29 18:24:27", "elapsed": 3.992842, "delta": 0.376779}}
{"target": -43.09628679613966, "params": {"eta": 0.16, "max_depth": 2.1238191310767642, "n_estimators": 10.545873409857682}, "datetime": {"datetime": "2021-09-29 18:24:27", "elapsed": 4.333843, "delta": 0.341001}}
{"target": -49.87000710818917, "params": {"eta": 0.16, "max_depth": 4.0, "n_estimators": 14.375537166441212}, "datetime": {"datetime": "2021-09-29 18:24:27", "elapsed": 4.668844, "delta": 0.335001}}
{"target": -55.27174214682079, "params": {"eta": 0.16, "max_depth": 1.0, "n_estimators": 30.0}, "datetime": {"datetime": "2021-09-29 18:24:28", "elapsed": 5.081462, "delta": 0.412618}}
{"target": -61.06930671969894, "params": {"eta": 0.02, "max_depth": 1.0, "n_estimators": 20.105242850117076}, "datetime": {"datetime": "2021-09-29 18:24:28", "elapsed": 5.493462, "delta": 0.412}}
{"target": -77.44990568125584, "params": {"eta": 0.02, "max_depth": 1.0, "n_estimators": 10.83391249549728}, "datetime": {"datetime": "2021-09-29 18:24:29", "elapsed": 5.923462, "delta": 0.43}}
{"target": -47.548264114742054, "params": {"eta": 0.07227359626543671, "max_depth": 3.0591589401580324, "n_estimators": 10.71547929470904}, "datetime": {"datetime": "2021-09-29 18:24:29", "elapsed": 6.482003, "delta": 0.558541}}
{"target": -41.96651255592825, "params": {"eta": 0.16, "max_depth": 2.2982242921124545, "n_estimators": 9.519924795742513}, "datetime": {"datetime": "2021-09-29 18:24:30", "elapsed": 7.033469, "delta": 0.551466}}
{"target": -44.952145266351295, "params": {"eta": 0.14020469480341186, "max_depth": 3.4796153422665568, "n_estimators": 12.985775087333803}, "datetime": {"datetime": "2021-09-29 18:24:30", "elapsed": 7.80647, "delta": 0.773001}}
{"target": -44.32635081633723, "params": {"eta": 0.12244138321242438, "max_depth": 2.265859024865202, "n_estimators": 14.29040544245053}, "datetime": {"datetime": "2021-09-29 18:24:31", "elapsed": 8.298532, "delta": 0.492062}}
{"target": -40.36976596002356, "params": {"eta": 0.05452188204679416, "max_depth": 2.8492372661129375, "n_estimators": 22.436946731132966}, "datetime": {"datetime": "2021-09-29 18:24:31", "elapsed": 8.691527, "delta": 0.392995}}
{"target": -53.94374275603578, "params": {"eta": 0.12767475323769745, "max_depth": 3.9979197204562875, "n_estimators": 22.681613772437807}, "datetime": {"datetime": "2021-09-29 18:24:32", "elapsed": 9.340527, "delta": 0.649}}
{"target": -55.06322646187757, "params": {"eta": 0.16, "max_depth": 1.690894620193778, "n_estimators": 22.01708389408193}, "datetime": {"datetime": "2021-09-29 18:24:32", "elapsed": 9.780179, "delta": 0.439652}}
{"target": -40.72870475162954, "params": {"eta": 0.16, "max_depth": 1.0, "n_estimators": 7.722518653154093}, "datetime": {"datetime": "2021-09-29 18:24:33", "elapsed": 10.141231, "delta": 0.361052}}
{"target": -43.80124114898695, "params": {"eta": 0.05644617003713141, "max_depth": 3.264662713390226, "n_estimators": 27.337752343105944}, "datetime": {"datetime": "2021-09-29 18:24:33", "elapsed": 10.692235, "delta": 0.551004}}
{"target": -55.19177581374702, "params": {"eta": 0.02, "max_depth": 2.078999734401266, "n_estimators": 26.09147989016944}, "datetime": {"datetime": "2021-09-29 18:24:34", "elapsed": 11.139234, "delta": 0.446999}}
{"target": -56.15513539895729, "params": {"eta": 0.16, "max_depth": 2.614411752084417, "n_estimators": 28.54722342473059}, "datetime": {"datetime": "2021-09-29 18:24:34", "elapsed": 11.497234, "delta": 0.358}}
{"target": -51.99009274288709, "params": {"eta": 0.16, "max_depth": 1.0, "n_estimators": 14.090798777443958}, "datetime": {"datetime": "2021-09-29 18:24:35", "elapsed": 12.013394, "delta": 0.51616}}
{"target": -41.07753026450373, "params": {"eta": 0.16, "max_depth": 1.0, "n_estimators": 6.395383912039017}, "datetime": {"datetime": "2021-09-29 18:24:35", "elapsed": 12.68992, "delta": 0.676526}}
{"target": -56.578507445684245, "params": {"eta": 0.02, "max_depth": 4.0, "n_estimators": 26.57447606247947}, "datetime": {"datetime": "2021-09-29 18:24:36", "elapsed": 13.144915, "delta": 0.454995}}
{"target": -50.962834411299255, "params": {"eta": 0.11059730968864113, "max_depth": 2.6977730287459, "n_estimators": 23.617101575695184}, "datetime": {"datetime": "2021-09-29 18:24:36", "elapsed": 13.604919, "delta": 0.460004}}
{"target": -69.63243033560282, "params": {"eta": 0.02081189008230517, "max_depth": 2.7530387958808378, "n_estimators": 15.541634315527935}, "datetime": {"datetime": "2021-09-29 18:24:37", "elapsed": 14.274428, "delta": 0.669509}}
{"target": -53.816156403657686, "params": {"eta": 0.16, "max_depth": 4.0, "n_estimators": 18.257685682208024}, "datetime": {"datetime": "2021-09-29 18:24:37", "elapsed": 14.702429, "delta": 0.428001}}
{"target": -52.36473126361205, "params": {"eta": 0.09881306693547219, "max_depth": 3.9959895632632416, "n_estimators": 28.14915213757774}, "datetime": {"datetime": "2021-09-29 18:24:38", "elapsed": 15.122895, "delta": 0.420466}}
{"target": -81.39907419337933, "params": {"eta": 0.02, "max_depth": 1.647716205836881, "n_estimators": 8.478452554260162}, "datetime": {"datetime": "2021-09-29 18:24:38", "elapsed": 15.576893, "delta": 0.453998}}
{"target": -40.72870475162954, "params": {"eta": 0.16, "max_depth": 1.0, "n_estimators": 7.082476385882894}, "datetime": {"datetime": "2021-09-29 18:24:39", "elapsed": 16.059043, "delta": 0.48215}}
{"target": -44.21209082900124, "params": {"eta": 0.16, "max_depth": 3.005598035631409, "n_estimators": 9.82295917235908}, "datetime": {"datetime": "2021-09-29 18:24:39", "elapsed": 16.401039, "delta": 0.341996}}
{"target": -72.92625457960152, "params": {"eta": 0.02, "max_depth": 2.690264500315601, "n_estimators": 13.523434264045491}, "datetime": {"datetime": "2021-09-29 18:24:39", "elapsed": 16.877037, "delta": 0.475998}}
{"target": -45.71320133880884, "params": {"eta": 0.08843368190755765, "max_depth": 2.8831191036703876, "n_estimators": 21.70721590303239}, "datetime": {"datetime": "2021-09-29 18:24:40", "elapsed": 17.379605, "delta": 0.502568}}
{"target": -47.32939642675233, "params": {"eta": 0.16, "max_depth": 4.0, "n_estimators": 12.453831796050013}, "datetime": {"datetime": "2021-09-29 18:24:41", "elapsed": 17.890603, "delta": 0.510998}}
{"target": -55.467903650514025, "params": {"eta": 0.12565839721773683, "max_depth": 1.7091295877091857, "n_estimators": 26.380524667648967}, "datetime": {"datetime": "2021-09-29 18:24:41", "elapsed": 18.105609, "delta": 0.215006}}
{"target": -50.549388339785295, "params": {"eta": 0.10812137523624207, "max_depth": 2.856810751970641, "n_estimators": 22.478949136719876}, "datetime": {"datetime": "2021-09-29 18:24:41", "elapsed": 18.390611, "delta": 0.285002}}
{"target": -55.83328624825498, "params": {"eta": 0.13352176086016096, "max_depth": 3.2417381976616766, "n_estimators": 26.796340923042933}, "datetime": {"datetime": "2021-09-29 18:24:42", "elapsed": 18.905931, "delta": 0.51532}}
{"target": -52.24017350384995, "params": {"eta": 0.10349584710082088, "max_depth": 2.397670414290574, "n_estimators": 29.671417648251374}, "datetime": {"datetime": "2021-09-29 18:24:42", "elapsed": 19.235925, "delta": 0.329994}}
{"target": -40.36976596002356, "params": {"eta": 0.04616461219374, "max_depth": 2.8054486506070644, "n_estimators": 22.346087582526938}, "datetime": {"datetime": "2021-09-29 18:24:43", "elapsed": 20.160813, "delta": 0.924888}}
{"target": -70.96345678525583, "params": {"eta": 0.03169188222582055, "max_depth": 1.6068060253001701, "n_estimators": 9.636860863371354}, "datetime": {"datetime": "2021-09-29 18:24:43", "elapsed": 20.541812, "delta": 0.380999}}
{"target": -86.06915598174373, "params": {"eta": 0.029323126009840828, "max_depth": 2.525849986077365, "n_estimators": 4.138347001411321}, "datetime": {"datetime": "2021-09-29 18:24:43", "elapsed": 20.760815, "delta": 0.219003}}
{"target": -46.23610860404387, "params": {"eta": 0.05850857322741784, "max_depth": 2.032398582218633, "n_estimators": 12.507488543142596}, "datetime": {"datetime": "2021-09-29 18:24:44", "elapsed": 21.048813, "delta": 0.287998}}
{"target": -59.755649072417846, "params": {"eta": 0.02, "max_depth": 2.774827427807706, "n_estimators": 22.419633959345106}, "datetime": {"datetime": "2021-09-29 18:24:44", "elapsed": 21.49681, "delta": 0.447997}}
{"target": -41.12417930963426, "params": {"eta": 0.13403716849235975, "max_depth": 1.0405968910747676, "n_estimators": 7.706515057443859}, "datetime": {"datetime": "2021-09-29 18:24:45", "elapsed": 21.957812, "delta": 0.461002}}
{"target": -40.50904553432999, "params": {"eta": 0.14572502794772718, "max_depth": 1.054596516742381, "n_estimators": 7.794336918743484}, "datetime": {"datetime": "2021-09-29 18:24:45", "elapsed": 22.31981, "delta": 0.361998}}
{"target": -42.779281422661256, "params": {"eta": 0.025908548256736857, "max_depth": 2.972921288732822, "n_estimators": 29.743931295057617}, "datetime": {"datetime": "2021-09-29 18:24:45", "elapsed": 22.586811, "delta": 0.267001}}
{"target": -41.13000899175996, "params": {"eta": 0.06146962550112099, "max_depth": 2.9219517126906616, "n_estimators": 22.354597696966884}, "datetime": {"datetime": "2021-09-29 18:24:46", "elapsed": 23.029809, "delta": 0.442998}}
{"target": -41.19737367223086, "params": {"eta": 0.03520953563000634, "max_depth": 3.4462379590513605, "n_estimators": 29.26425821668411}, "datetime": {"datetime": "2021-09-29 18:24:46", "elapsed": 23.368812, "delta": 0.339003}}
{"target": -48.65327973724341, "params": {"eta": 0.14204458025591565, "max_depth": 1.5357855158589717, "n_estimators": 13.144799854962912}, "datetime": {"datetime": "2021-09-29 18:24:46", "elapsed": 23.703813, "delta": 0.335001}}
{"target": -49.79662828681451, "params": {"eta": 0.030067701629168428, "max_depth": 1.4683217323545177, "n_estimators": 20.64700183505479}, "datetime": {"datetime": "2021-09-29 18:24:47", "elapsed": 24.015811, "delta": 0.311998}}
{"target": -46.738857802537225, "params": {"eta": 0.09426400868238365, "max_depth": 2.827405457388089, "n_estimators": 22.265621760516762}, "datetime": {"datetime": "2021-09-29 18:24:47", "elapsed": 24.355636, "delta": 0.339825}}
{"target": -51.70542470916518, "params": {"eta": 0.12037707142837216, "max_depth": 2.8513665604229823, "n_estimators": 22.36749377663047}, "datetime": {"datetime": "2021-09-29 18:24:47", "elapsed": 24.870969, "delta": 0.515333}}
{"target": -47.08740290754329, "params": {"eta": 0.1389852186810937, "max_depth": 1.9742046635003327, "n_estimators": 12.442083741671661}, "datetime": {"datetime": "2021-09-29 18:24:48", "elapsed": 25.186971, "delta": 0.316002}}
{"target": -41.32212208189236, "params": {"eta": 0.05602224890734327, "max_depth": 3.224521556797931, "n_estimators": 20.16962372789899}, "datetime": {"datetime": "2021-09-29 18:24:48", "elapsed": 25.522968, "delta": 0.335997}}
{"target": -46.23610860404387, "params": {"eta": 0.06378557934234158, "max_depth": 2.0257241030383972, "n_estimators": 12.483285546362003}, "datetime": {"datetime": "2021-09-29 18:24:49", "elapsed": 25.909967, "delta": 0.386999}}
{"target": -83.01389149401734, "params": {"eta": 0.03207473960764726, "max_depth": 2.641617651953175, "n_estimators": 5.205913496092169}, "datetime": {"datetime": "2021-09-29 18:24:49", "elapsed": 26.277972, "delta": 0.368005}}
{"target": -45.70380248884652, "params": {"eta": 0.14848067544967972, "max_depth": 2.089024989053744, "n_estimators": 12.48860983348757}, "datetime": {"datetime": "2021-09-29 18:24:49", "elapsed": 26.746969, "delta": 0.468997}}
{"target": -45.486390334266034, "params": {"eta": 0.09529133292080642, "max_depth": 1.1041860465598858, "n_estimators": 7.09843442039659}, "datetime": {"datetime": "2021-09-29 18:24:50", "elapsed": 27.151968, "delta": 0.404999}}
{"target": -42.137723879035654, "params": {"eta": 0.10746092686163909, "max_depth": 1.9304777613114252, "n_estimators": 12.622603745078198}, "datetime": {"datetime": "2021-09-29 18:24:50", "elapsed": 27.827971, "delta": 0.676003}}
{"target": -59.755649072417846, "params": {"eta": 0.02275479756199879, "max_depth": 2.9885254971283928, "n_estimators": 22.453152461284173}, "datetime": {"datetime": "2021-09-29 18:24:52", "elapsed": 29.069853, "delta": 1.241882}}
{"target": -39.8817059076843, "params": {"eta": 0.09662959830079479, "max_depth": 2.02530148993553, "n_estimators": 12.620425078195238}, "datetime": {"datetime": "2021-09-29 18:24:52", "elapsed": 29.705854, "delta": 0.636001}}
{"target": -44.66541395914053, "params": {"eta": 0.11797949007096364, "max_depth": 1.1148323561938933, "n_estimators": 6.416019998397434}, "datetime": {"datetime": "2021-09-29 18:24:53", "elapsed": 30.699047, "delta": 0.993193}}
{"target": -42.70378125652826, "params": {"eta": 0.06945717694427128, "max_depth": 2.933720444443244, "n_estimators": 22.3437718946879}, "datetime": {"datetime": "2021-09-29 18:24:54", "elapsed": 31.176049, "delta": 0.477002}}
{"target": -76.39169285924527, "params": {"eta": 0.032539520340258914, "max_depth": 1.0, "n_estimators": 7.780271010997122}, "datetime": {"datetime": "2021-09-29 18:24:55", "elapsed": 32.004047, "delta": 0.827998}}
{"target": -41.68943663668997, "params": {"eta": 0.08416729894682011, "max_depth": 3.9078447649267574, "n_estimators": 17.502277903838383}, "datetime": {"datetime": "2021-09-29 18:24:55", "elapsed": 32.438071, "delta": 0.434024}}
{"target": -46.562826883220595, "params": {"eta": 0.11030024311661629, "max_depth": 1.0148405123320674, "n_estimators": 6.289706955967647}, "datetime": {"datetime": "2021-09-29 18:24:56", "elapsed": 32.996073, "delta": 0.558002}}
{"target": -94.89983818337421, "params": {"eta": 0.038825466142442665, "max_depth": 3.8159127777090953, "n_estimators": 1.2746657336117766}, "datetime": {"datetime": "2021-09-29 18:24:56", "elapsed": 33.315075, "delta": 0.319002}}
{"target": -48.905367077921056, "params": {"eta": 0.10161153816022901, "max_depth": 1.0078415147659916, "n_estimators": 6.98304826849659}, "datetime": {"datetime": "2021-09-29 18:24:57", "elapsed": 33.95107, "delta": 0.635995}}
{"target": -48.0087424266672, "params": {"eta": 0.044748325360951566, "max_depth": 1.6276400986948527, "n_estimators": 16.387412404578292}, "datetime": {"datetime": "2021-09-29 18:24:57", "elapsed": 34.324366, "delta": 0.373296}}
{"target": -52.550045395040875, "params": {"eta": 0.13555781510444895, "max_depth": 1.3596756579932885, "n_estimators": 17.190956833774816}, "datetime": {"datetime": "2021-09-29 18:24:57", "elapsed": 34.688365, "delta": 0.363999}}
{"target": -50.869246121260566, "params": {"eta": 0.09411339014796606, "max_depth": 3.41372891492904, "n_estimators": 29.374446318713517}, "datetime": {"datetime": "2021-09-29 18:24:58", "elapsed": 35.11826, "delta": 0.429895}}
{"target": -50.5062880185434, "params": {"eta": 0.09159432042018752, "max_depth": 3.132269163251844, "n_estimators": 28.058104702652628}, "datetime": {"datetime": "2021-09-29 18:24:58", "elapsed": 35.517255, "delta": 0.398995}}
{"target": -41.12417930963426, "params": {"eta": 0.13095390059663578, "max_depth": 1.0, "n_estimators": 7.208228462289721}, "datetime": {"datetime": "2021-09-29 18:24:59", "elapsed": 36.738634, "delta": 1.221379}}
{"target": -49.07930418620553, "params": {"eta": 0.13635335645320087, "max_depth": 3.5209901780188213, "n_estimators": 16.58718005924908}, "datetime": {"datetime": "2021-09-29 18:25:00", "elapsed": 37.196639, "delta": 0.458005}}
{"target": -55.15454734931707, "params": {"eta": 0.08305326325941398, "max_depth": 1.0027989645384516, "n_estimators": 6.505454209320717}, "datetime": {"datetime": "2021-09-29 18:25:01", "elapsed": 38.5928, "delta": 1.396161}}
{"target": -54.74647466961742, "params": {"eta": 0.13096708682500396, "max_depth": 1.4227093810393936, "n_estimators": 23.975586421442326}, "datetime": {"datetime": "2021-09-29 18:25:02", "elapsed": 38.9678, "delta": 0.375}}
{"target": -63.02770611194401, "params": {"eta": 0.02263549477680447, "max_depth": 3.0926452798270128, "n_estimators": 20.161091226435076}, "datetime": {"datetime": "2021-09-29 18:25:03", "elapsed": 40.47487, "delta": 1.50707}}
{"target": -64.02055459081454, "params": {"eta": 0.07460150251278977, "max_depth": 1.105870997409426, "n_estimators": 5.490659464090689}, "datetime": {"datetime": "2021-09-29 18:25:03", "elapsed": 40.833871, "delta": 0.359001}}
{"target": -97.06215050077134, "params": {"eta": 0.023558681734974284, "max_depth": 1.10833918564687, "n_estimators": 1.8649230243984394}, "datetime": {"datetime": "2021-09-29 18:25:04", "elapsed": 41.22987, "delta": 0.395999}}
{"target": -48.81541321062977, "params": {"eta": 0.14756021343366008, "max_depth": 1.9750410541387684, "n_estimators": 12.538442774646606}, "datetime": {"datetime": "2021-09-29 18:25:04", "elapsed": 41.864876, "delta": 0.635006}}
{"target": -45.20071684022737, "params": {"eta": 0.0853592767479669, "max_depth": 3.3403309830337564, "n_estimators": 20.17710758512416}, "datetime": {"datetime": "2021-09-29 18:25:05", "elapsed": 42.805603, "delta": 0.940727}}
{"target": -40.72870475162954, "params": {"eta": 0.16, "max_depth": 1.159899658149432, "n_estimators": 7.740525716544796}, "datetime": {"datetime": "2021-09-29 18:25:06", "elapsed": 43.789606, "delta": 0.984003}}
{"target": -51.97299685863518, "params": {"eta": 0.030559328792603688, "max_depth": 3.249641242015491, "n_estimators": 20.298522530167983}, "datetime": {"datetime": "2021-09-29 18:25:07", "elapsed": 44.537957, "delta": 0.748351}}
{"target": -40.72870475162954, "params": {"eta": 0.16, "max_depth": 1.1224134913372044, "n_estimators": 7.60040340177336}, "datetime": {"datetime": "2021-09-29 18:25:08", "elapsed": 45.499783, "delta": 0.961826}}
{"target": -63.735942293336244, "params": {"eta": 0.029559059842673804, "max_depth": 1.958936438573565, "n_estimators": 12.724705285240399}, "datetime": {"datetime": "2021-09-29 18:25:09", "elapsed": 46.202284, "delta": 0.702501}}
{"target": -54.79610363286317, "params": {"eta": 0.06708312966993936, "max_depth": 1.2160135430681742, "n_estimators": 7.622970641823405}, "datetime": {"datetime": "2021-09-29 18:25:11", "elapsed": 47.956346, "delta": 1.754062}}
{"target": -50.95749848499268, "params": {"eta": 0.10947470863144236, "max_depth": 1.2974201159348258, "n_estimators": 5.1614899444483635}, "datetime": {"datetime": "2021-09-29 18:25:11", "elapsed": 48.49761, "delta": 0.541264}}
{"target": -47.43861943886457, "params": {"eta": 0.06578691689886464, "max_depth": 3.3951853650142985, "n_estimators": 29.167312560088067}, "datetime": {"datetime": "2021-09-29 18:25:12", "elapsed": 49.56061, "delta": 1.063}}
{"target": -40.72870475162954, "params": {"eta": 0.16, "max_depth": 1.1239921938453852, "n_estimators": 7.238218790907813}, "datetime": {"datetime": "2021-09-29 18:25:13", "elapsed": 50.237494, "delta": 0.676884}}
{"target": -50.84692059489985, "params": {"eta": 0.07636537939566368, "max_depth": 1.0422771389284677, "n_estimators": 7.358299480611793}, "datetime": {"datetime": "2021-09-29 18:25:14", "elapsed": 51.522497, "delta": 1.285003}}
{"target": -45.20337946501864, "params": {"eta": 0.037370290935239664, "max_depth": 3.2999542583473933, "n_estimators": 20.053135297213586}, "datetime": {"datetime": "2021-09-29 18:25:15", "elapsed": 52.572877, "delta": 1.05038}}
{"target": -54.31566574090891, "params": {"eta": 0.14986099536340503, "max_depth": 3.252133626065151, "n_estimators": 20.09849259460375}, "datetime": {"datetime": "2021-09-29 18:25:17", "elapsed": 54.132864, "delta": 1.559987}}
{"target": -40.97043765672075, "params": {"eta": 0.07384996493257039, "max_depth": 3.9698126966286544, "n_estimators": 17.626562822926058}, "datetime": {"datetime": "2021-09-29 18:25:18", "elapsed": 55.780187, "delta": 1.647323}}
{"target": -68.08375724944315, "params": {"eta": 0.06129345962734105, "max_depth": 1.0255169994641293, "n_estimators": 5.516899185810863}, "datetime": {"datetime": "2021-09-29 18:25:19", "elapsed": 56.231187, "delta": 0.451}}
{"target": -48.798245498367656, "params": {"eta": 0.03775928764029164, "max_depth": 3.84705221924093, "n_estimators": 17.588340305721594}, "datetime": {"datetime": "2021-09-29 18:25:20", "elapsed": 57.034283, "delta": 0.803096}}
{"target": -40.72870475162954, "params": {"eta": 0.15713928405146324, "max_depth": 1.0500440543400704, "n_estimators": 7.801775077682261}, "datetime": {"datetime": "2021-09-29 18:25:20", "elapsed": 57.502284, "delta": 0.468001}}
{"target": -43.636160984932076, "params": {"eta": 0.0895414806705066, "max_depth": 2.2724270174118857, "n_estimators": 9.637686653204025}, "datetime": {"datetime": "2021-09-29 18:25:21", "elapsed": 58.702407, "delta": 1.200123}}
{"target": -52.97419947309688, "params": {"eta": 0.02, "max_depth": 3.57420819263996, "n_estimators": 29.212309726075816}, "datetime": {"datetime": "2021-09-29 18:25:22", "elapsed": 59.446404, "delta": 0.743997}}
{"target": -40.927681841487704, "params": {"eta": 0.12730997235025263, "max_depth": 2.156773475404174, "n_estimators": 9.57211443039353}, "datetime": {"datetime": "2021-09-29 18:25:23", "elapsed": 60.504329, "delta": 1.057925}}
{"target": -71.98578777500154, "params": {"eta": 0.032737215652764586, "max_depth": 2.22753216405277, "n_estimators": 9.495388451944086}, "datetime": {"datetime": "2021-09-29 18:25:24", "elapsed": 61.410325, "delta": 0.905996}}
