{"target": -63.954737224817414, "params": {"eta": 0.46876834204361995, "max_depth": 27.190173682165078, "n_estimators": 61.88267251666012}, "datetime": {"datetime": "2021-09-29 17:21:45", "elapsed": 579.801219, "delta": 2.870866}}
{"target": -50.815525788483576, "params": {"eta": 0.4596916870016882, "max_depth": 27.575602028670133, "n_estimators": 2.886991827676805}, "datetime": {"datetime": "2021-09-29 17:21:49", "elapsed": 583.981096, "delta": 4.179877}}
{"target": -61.82622662245956, "params": {"eta": 0.19485923755979784, "max_depth": 7.71149158883798, "n_estimators": 72.17552211827312}, "datetime": {"datetime": "2021-09-29 17:21:54", "elapsed": 588.81962, "delta": 4.838524}}
{"target": -71.85963722425728, "params": {"eta": 0.8557516902451392, "max_depth": 18.773055590587315, "n_estimators": 2.0182641190560924}, "datetime": {"datetime": "2021-09-29 17:21:57", "elapsed": 591.788264, "delta": 2.968644}}
{"target": -62.08729022930297, "params": {"eta": 0.21858132393934784, "max_depth": 23.349257206171455, "n_estimators": 58.50604713863092}, "datetime": {"datetime": "2021-09-29 17:21:59", "elapsed": 593.629284, "delta": 1.84102}}
{"target": -48.55285912566993, "params": {"eta": 0.6619471539146242, "max_depth": 27.22878781762742, "n_estimators": 1.8519418835547579}, "datetime": {"datetime": "2021-09-29 17:22:02", "elapsed": 597.148413, "delta": 3.519129}}
{"target": -54.713317435839514, "params": {"eta": 0.890976449377855, "max_depth": 27.563257335959612, "n_estimators": 1.8199004430859156}, "datetime": {"datetime": "2021-09-29 17:22:05", "elapsed": 599.976163, "delta": 2.82775}}
{"target": -58.84655436193626, "params": {"eta": 0.29259922393552046, "max_depth": 27.87197196390814, "n_estimators": 22.07530038462975}, "datetime": {"datetime": "2021-09-29 17:22:09", "elapsed": 603.928732, "delta": 3.952569}}
{"target": -58.399913454595776, "params": {"eta": 0.4331532239485624, "max_depth": 25.669426345606336, "n_estimators": 1.0581764747911317}, "datetime": {"datetime": "2021-09-29 17:22:14", "elapsed": 608.410404, "delta": 4.481672}}
{"target": -56.57800279217638, "params": {"eta": 0.9215111988171854, "max_depth": 24.86319144979673, "n_estimators": 1.643525659399827}, "datetime": {"datetime": "2021-09-29 17:22:15", "elapsed": 609.846152, "delta": 1.435748}}
{"target": -48.55285912566993, "params": {"eta": 0.6593882851876787, "max_depth": 27.048392518436813, "n_estimators": 1.7607068818592109}, "datetime": {"datetime": "2021-09-29 17:22:19", "elapsed": 613.502329, "delta": 3.656177}}
{"target": -49.78420966069403, "params": {"eta": 0.4503291180277923, "max_depth": 19.876861636263705, "n_estimators": 2.0572118562213584}, "datetime": {"datetime": "2021-09-29 17:22:22", "elapsed": 616.660929, "delta": 3.1586}}
{"target": -58.932650085079985, "params": {"eta": 0.30338554255898137, "max_depth": 5.276576559445824, "n_estimators": 98.40387804416297}, "datetime": {"datetime": "2021-09-29 17:22:24", "elapsed": 618.264546, "delta": 1.603617}}
{"target": -50.67842283529013, "params": {"eta": 0.5654445818078584, "max_depth": 19.252415479788127, "n_estimators": 1.809835846648449}, "datetime": {"datetime": "2021-09-29 17:22:28", "elapsed": 622.990199, "delta": 4.725653}}
{"target": -45.15529084975153, "params": {"eta": 0.016278739071635222, "max_depth": 14.25942387597396, "n_estimators": 64.62830176414138}, "datetime": {"datetime": "2021-09-29 17:22:31", "elapsed": 625.226811, "delta": 2.236612}}
{"target": -59.48539736024294, "params": {"eta": 0.7515746986576115, "max_depth": 19.953851982443002, "n_estimators": 2.1941382063617443}, "datetime": {"datetime": "2021-09-29 17:22:34", "elapsed": 628.489097, "delta": 3.262286}}
{"target": -54.641521429057626, "params": {"eta": 0.6220385763851431, "max_depth": 1.7674335704099715, "n_estimators": 71.49041344656112}, "datetime": {"datetime": "2021-09-29 17:22:36", "elapsed": 630.547319, "delta": 2.058222}}
{"target": -59.86036589256072, "params": {"eta": 0.2756965164425444, "max_depth": 25.202376194732725, "n_estimators": 29.87151840717178}, "datetime": {"datetime": "2021-09-29 17:22:38", "elapsed": 632.783594, "delta": 2.236275}}
{"target": -51.62096858064887, "params": {"eta": 0.8324560044132586, "max_depth": 23.517748060995828, "n_estimators": 1.671503239658618}, "datetime": {"datetime": "2021-09-29 17:22:43", "elapsed": 637.597923, "delta": 4.814329}}
{"target": -48.804688544232974, "params": {"eta": 0.6413766774313756, "max_depth": 19.517563941911746, "n_estimators": 1.6906672719939464}, "datetime": {"datetime": "2021-09-29 17:22:46", "elapsed": 641.163395, "delta": 3.565472}}
{"target": -58.470629602879875, "params": {"eta": 0.10136745629484163, "max_depth": 14.62576074799944, "n_estimators": 64.81198760620617}, "datetime": {"datetime": "2021-09-29 17:22:51", "elapsed": 645.659509, "delta": 4.496114}}
{"target": -59.95187154465358, "params": {"eta": 0.0842613240381463, "max_depth": 14.038790732291023, "n_estimators": 64.76636437151598}, "datetime": {"datetime": "2021-09-29 17:22:56", "elapsed": 650.173112, "delta": 4.513603}}
{"target": -59.135506950168306, "params": {"eta": 0.2484962286727556, "max_depth": 26.378935838754604, "n_estimators": 27.831989670879167}, "datetime": {"datetime": "2021-09-29 17:22:58", "elapsed": 652.720378, "delta": 2.547266}}
{"target": -56.57800279217638, "params": {"eta": 0.9190402454835738, "max_depth": 27.112170870544453, "n_estimators": 1.7628344329029821}, "datetime": {"datetime": "2021-09-29 17:23:03", "elapsed": 658.004636, "delta": 5.284258}}
{"target": -80.06458915958092, "params": {"eta": 0.9996662916328556, "max_depth": 13.323294923842278, "n_estimators": 65.81851808945946}, "datetime": {"datetime": "2021-09-29 17:23:05", "elapsed": 659.905492, "delta": 1.900856}}
{"target": -59.95187154465358, "params": {"eta": 0.08373411569849619, "max_depth": 14.399367411019684, "n_estimators": 64.39226905154959}, "datetime": {"datetime": "2021-09-29 17:23:10", "elapsed": 664.806172, "delta": 4.90068}}
{"target": -63.76827039057117, "params": {"eta": 0.3644451693198055, "max_depth": 19.75161207792959, "n_estimators": 1.8229305153685673}, "datetime": {"datetime": "2021-09-29 17:23:14", "elapsed": 668.620155, "delta": 3.813983}}
{"target": -47.98088940344283, "params": {"eta": 0.08136427694997211, "max_depth": 19.052247973992667, "n_estimators": 20.291114259444544}, "datetime": {"datetime": "2021-09-29 17:23:18", "elapsed": 673.094724, "delta": 4.474569}}
{"target": -54.5247083544272, "params": {"eta": 0.4928738137246109, "max_depth": 24.470822686287836, "n_estimators": 1.1804452257753386}, "datetime": {"datetime": "2021-09-29 17:23:22", "elapsed": 676.998723, "delta": 3.903999}}
{"target": -76.85286278808825, "params": {"eta": 0.020474521748292902, "max_depth": 15.534113360775889, "n_estimators": 12.619922755118264}, "datetime": {"datetime": "2021-09-29 17:23:28", "elapsed": 683.126549, "delta": 6.127826}}
{"target": -49.50622201488144, "params": {"eta": 0.7693921465296547, "max_depth": 19.45905338147822, "n_estimators": 1.7094969992405609}, "datetime": {"datetime": "2021-09-29 17:23:32", "elapsed": 686.701551, "delta": 3.575002}}
{"target": -48.66253379248227, "params": {"eta": 0.6500205319874702, "max_depth": 27.221268533762927, "n_estimators": 1.496800882716769}, "datetime": {"datetime": "2021-09-29 17:23:37", "elapsed": 691.456907, "delta": 4.755356}}
{"target": -78.38336038303633, "params": {"eta": 0.964797185534356, "max_depth": 12.383295723191779, "n_estimators": 30.089407973155005}, "datetime": {"datetime": "2021-09-29 17:23:39", "elapsed": 693.653272, "delta": 2.196365}}
{"target": -49.25626069387508, "params": {"eta": 0.2824684311527804, "max_depth": 29.2764193822633, "n_estimators": 6.802603651760256}, "datetime": {"datetime": "2021-09-29 17:23:41", "elapsed": 695.631313, "delta": 1.978041}}
{"target": -53.45437977182188, "params": {"eta": 0.1981829814472839, "max_depth": 15.997729839623975, "n_estimators": 12.892100946246723}, "datetime": {"datetime": "2021-09-29 17:23:46", "elapsed": 700.264475, "delta": 4.633162}}
{"target": -67.71222172998728, "params": {"eta": 0.5826658343781564, "max_depth": 17.100945924971732, "n_estimators": 77.94393621014318}, "datetime": {"datetime": "2021-09-29 17:23:48", "elapsed": 702.816499, "delta": 2.552024}}
{"target": -52.88905873689789, "params": {"eta": 0.5239137794346703, "max_depth": 26.905351426321037, "n_estimators": 1.9339753047152217}, "datetime": {"datetime": "2021-09-29 17:23:52", "elapsed": 706.847935, "delta": 4.031436}}
{"target": -62.19651219668315, "params": {"eta": 0.6280612768026906, "max_depth": 23.897525475442002, "n_estimators": 39.940932210880725}, "datetime": {"datetime": "2021-09-29 17:23:55", "elapsed": 709.618086, "delta": 2.770151}}
{"target": -49.37586119262976, "params": {"eta": 0.245012953674924, "max_depth": 29.36285486366425, "n_estimators": 7.070155586652401}, "datetime": {"datetime": "2021-09-29 17:23:59", "elapsed": 713.791181, "delta": 4.173095}}
{"target": -59.673502046064606, "params": {"eta": 0.27955678527532546, "max_depth": 28.438147907671624, "n_estimators": 22.230368900351618}, "datetime": {"datetime": "2021-09-29 17:24:03", "elapsed": 717.543669, "delta": 3.752488}}
{"target": -63.46792006531757, "params": {"eta": 0.0714526871005067, "max_depth": 14.343476987141909, "n_estimators": 64.69319029990046}, "datetime": {"datetime": "2021-09-29 17:24:07", "elapsed": 721.626436, "delta": 4.082767}}
{"target": -48.704854304938635, "params": {"eta": 0.734393310550202, "max_depth": 26.027263236611365, "n_estimators": 1.8171178691720713}, "datetime": {"datetime": "2021-09-29 17:24:11", "elapsed": 725.551429, "delta": 3.924993}}
{"target": -56.94461291292693, "params": {"eta": 0.149240699505227, "max_depth": 28.497880077090784, "n_estimators": 21.700041442441155}, "datetime": {"datetime": "2021-09-29 17:24:16", "elapsed": 730.699708, "delta": 5.148279}}
{"target": -76.53736157400294, "params": {"eta": 0.9000230164803434, "max_depth": 17.604159808447395, "n_estimators": 49.06415957063711}, "datetime": {"datetime": "2021-09-29 17:24:19", "elapsed": 733.475029, "delta": 2.775321}}
{"target": -51.94988655429383, "params": {"eta": 0.16884472319245658, "max_depth": 15.433456984859825, "n_estimators": 12.47905954119146}, "datetime": {"datetime": "2021-09-29 17:24:27", "elapsed": 741.361134, "delta": 7.886105}}
{"target": -45.50180903290047, "params": {"eta": 0.23378757140923082, "max_depth": 29.21735192567503, "n_estimators": 6.964674555064079}, "datetime": {"datetime": "2021-09-29 17:24:32", "elapsed": 746.582531, "delta": 5.221397}}
{"target": -67.72828855164254, "params": {"eta": 0.4273354227645852, "max_depth": 16.17667613399481, "n_estimators": 19.359132144943448}, "datetime": {"datetime": "2021-09-29 17:24:35", "elapsed": 749.428931, "delta": 2.8464}}
{"target": -50.439442352389406, "params": {"eta": 0.4924887304476455, "max_depth": 27.778094179819398, "n_estimators": 2.1229106071072037}, "datetime": {"datetime": "2021-09-29 17:24:41", "elapsed": 755.547669, "delta": 6.118738}}
{"target": -73.71710855064487, "params": {"eta": 0.038295219112876935, "max_depth": 29.333396260430508, "n_estimators": 7.157459321286091}, "datetime": {"datetime": "2021-09-29 17:24:49", "elapsed": 763.224036, "delta": 7.676367}}
{"target": -50.319906330737695, "params": {"eta": 0.5779857035720273, "max_depth": 25.196961785774572, "n_estimators": 1.259786026922987}, "datetime": {"datetime": "2021-09-29 17:24:55", "elapsed": 769.343511, "delta": 6.119475}}
{"target": -59.55704432915575, "params": {"eta": 0.6751896276753592, "max_depth": 21.48322968211034, "n_estimators": 92.85008903663602}, "datetime": {"datetime": "2021-09-29 17:24:57", "elapsed": 772.052299, "delta": 2.708788}}
{"target": -50.98133832595304, "params": {"eta": 0.654840902030188, "max_depth": 24.427132873143677, "n_estimators": 2.004700300759798}, "datetime": {"datetime": "2021-09-29 17:25:03", "elapsed": 777.41993, "delta": 5.367631}}
{"target": -49.45201626191931, "params": {"eta": 0.02897766203963989, "max_depth": 3.516019413052635, "n_estimators": 22.207568720783712}, "datetime": {"datetime": "2021-09-29 17:25:05", "elapsed": 779.634916, "delta": 2.214986}}
{"target": -50.80024142905438, "params": {"eta": 0.8091760057536941, "max_depth": 25.741905649655216, "n_estimators": 1.4186232390130245}, "datetime": {"datetime": "2021-09-29 17:25:09", "elapsed": 783.749259, "delta": 4.114343}}
{"target": -53.13364222373694, "params": {"eta": 0.11056578665863179, "max_depth": 2.8292520052488426, "n_estimators": 28.84673389231867}, "datetime": {"datetime": "2021-09-29 17:25:11", "elapsed": 786.029363, "delta": 2.280104}}
{"target": -59.35044926251607, "params": {"eta": 0.9575011714769991, "max_depth": 26.3677037567405, "n_estimators": 1.7376658481666705}, "datetime": {"datetime": "2021-09-29 17:25:16", "elapsed": 790.501459, "delta": 4.472096}}
{"target": -48.96187790739398, "params": {"eta": 0.03570778520979577, "max_depth": 27.71397063135664, "n_estimators": 21.843216272526057}, "datetime": {"datetime": "2021-09-29 17:25:18", "elapsed": 793.043378, "delta": 2.541919}}
{"target": -57.209921491032375, "params": {"eta": 0.509915444791762, "max_depth": 29.172613799987424, "n_estimators": 6.978840741636406}, "datetime": {"datetime": "2021-09-29 17:25:24", "elapsed": 798.472218, "delta": 5.42884}}
{"target": -65.44094386343566, "params": {"eta": 0.34336451678713403, "max_depth": 27.349857003769493, "n_estimators": 1.9980326948151075}, "datetime": {"datetime": "2021-09-29 17:25:30", "elapsed": 804.929799, "delta": 6.457581}}
{"target": -61.97076684147734, "params": {"eta": 0.4164674049966089, "max_depth": 28.92641364322191, "n_estimators": 61.636483518516975}, "datetime": {"datetime": "2021-09-29 17:25:34", "elapsed": 808.222468, "delta": 3.292669}}
{"target": -59.82016730029564, "params": {"eta": 0.340616361370585, "max_depth": 17.06107756441477, "n_estimators": 29.999438377223317}, "datetime": {"datetime": "2021-09-29 17:25:36", "elapsed": 810.961796, "delta": 2.739328}}
{"target": -48.66253379248227, "params": {"eta": 0.6521872730590664, "max_depth": 23.368373166957916, "n_estimators": 1.8301431379534918}, "datetime": {"datetime": "2021-09-29 17:25:42", "elapsed": 816.834815, "delta": 5.873019}}
{"target": -56.36822075680943, "params": {"eta": 0.45853699653231467, "max_depth": 27.418032684221636, "n_estimators": 1.5264510230900843}, "datetime": {"datetime": "2021-09-29 17:25:47", "elapsed": 821.703683, "delta": 4.868868}}
{"target": -48.857430134727984, "params": {"eta": 0.7430919149408977, "max_depth": 19.67481545413718, "n_estimators": 1.4845492937171867}, "datetime": {"datetime": "2021-09-29 17:25:54", "elapsed": 828.810245, "delta": 7.106562}}
{"target": -48.704854304938635, "params": {"eta": 0.7291041505980718, "max_depth": 27.38071790586697, "n_estimators": 1.6985375145819126}, "datetime": {"datetime": "2021-09-29 17:26:00", "elapsed": 834.389509, "delta": 5.579264}}
{"target": -62.63497280684381, "params": {"eta": 0.5245274151190131, "max_depth": 28.101023315202713, "n_estimators": 62.06044330642127}, "datetime": {"datetime": "2021-09-29 17:26:03", "elapsed": 837.868479, "delta": 3.47897}}
{"target": -48.4424064552278, "params": {"eta": 0.7014649037792147, "max_depth": 27.401476044845012, "n_estimators": 1.4765254990850416}, "datetime": {"datetime": "2021-09-29 17:26:10", "elapsed": 844.269284, "delta": 6.400805}}
{"target": -55.27449034637919, "params": {"eta": 0.5626272222662466, "max_depth": 1.7713610440555554, "n_estimators": 55.14601151814877}, "datetime": {"datetime": "2021-09-29 17:26:15", "elapsed": 850.139321, "delta": 5.870037}}
{"target": -79.3934314308949, "params": {"eta": 0.01, "max_depth": 28.845095905886037, "n_estimators": 21.9776560864051}, "datetime": {"datetime": "2021-09-29 17:26:27", "elapsed": 861.356751, "delta": 11.21743}}
{"target": -45.42501458034421, "params": {"eta": 0.0319336362961225, "max_depth": 7.259412788585989, "n_estimators": 56.79782783589822}, "datetime": {"datetime": "2021-09-29 17:26:31", "elapsed": 865.274971, "delta": 3.91822}}
{"target": -59.74939552843421, "params": {"eta": 0.5079724223397469, "max_depth": 19.008013426943368, "n_estimators": 47.958525646612095}, "datetime": {"datetime": "2021-09-29 17:26:34", "elapsed": 868.960167, "delta": 3.685196}}
{"target": -53.35976243333063, "params": {"eta": 0.06115574120774871, "max_depth": 5.860080451428434, "n_estimators": 49.10872986922345}, "datetime": {"datetime": "2021-09-29 17:26:39", "elapsed": 873.347001, "delta": 4.386834}}
{"target": -55.00368422182622, "params": {"eta": 0.3408509812517836, "max_depth": 29.511479410893557, "n_estimators": 7.027956493858634}, "datetime": {"datetime": "2021-09-29 17:26:45", "elapsed": 879.305096, "delta": 5.958095}}
{"target": -55.11709928060954, "params": {"eta": 0.478014024504397, "max_depth": 24.718926731013095, "n_estimators": 1.3550766892501347}, "datetime": {"datetime": "2021-09-29 17:26:51", "elapsed": 885.996547, "delta": 6.691451}}
{"target": -48.255117950391956, "params": {"eta": 0.21638462743986434, "max_depth": 29.06458195657971, "n_estimators": 6.843369253649834}, "datetime": {"datetime": "2021-09-29 17:26:57", "elapsed": 891.866299, "delta": 5.869752}}
{"target": -49.80436806789646, "params": {"eta": 0.038277718695671176, "max_depth": 18.820264400000433, "n_estimators": 20.339746460086747}, "datetime": {"datetime": "2021-09-29 17:27:05", "elapsed": 899.828944, "delta": 7.962645}}
{"target": -48.66253379248227, "params": {"eta": 0.6544208783375737, "max_depth": 19.307853314644, "n_estimators": 1.2934764293901304}, "datetime": {"datetime": "2021-09-29 17:27:08", "elapsed": 902.596159, "delta": 2.767215}}
{"target": -68.62681718609468, "params": {"eta": 0.5596074218028904, "max_depth": 11.438256016374162, "n_estimators": 14.162512838807631}, "datetime": {"datetime": "2021-09-29 17:27:11", "elapsed": 905.544527, "delta": 2.948368}}
{"target": -58.75232588290942, "params": {"eta": 0.1987477226683316, "max_depth": 3.4580292900933802, "n_estimators": 22.074252152451045}, "datetime": {"datetime": "2021-09-29 17:27:17", "elapsed": 911.716999, "delta": 6.172472}}
{"target": -57.241869318316375, "params": {"eta": 0.9299123410272169, "max_depth": 19.53237139997802, "n_estimators": 1.5220280231807883}, "datetime": {"datetime": "2021-09-29 17:27:22", "elapsed": 916.502287, "delta": 4.785288}}
{"target": -58.39088877234615, "params": {"eta": 0.15381467238969626, "max_depth": 7.322176211973275, "n_estimators": 56.9046162346097}, "datetime": {"datetime": "2021-09-29 17:27:27", "elapsed": 921.523061, "delta": 5.020774}}
{"target": -58.31398851864806, "params": {"eta": 0.0826283865098995, "max_depth": 10.598273277810073, "n_estimators": 54.33795100432363}, "datetime": {"datetime": "2021-09-29 17:27:30", "elapsed": 924.452867, "delta": 2.929806}}
{"target": -61.699522766616596, "params": {"eta": 0.4990422644855869, "max_depth": 15.0716246471816, "n_estimators": 69.41335077263523}, "datetime": {"datetime": "2021-09-29 17:27:32", "elapsed": 927.164129, "delta": 2.711262}}
{"target": -50.9774751390176, "params": {"eta": 0.49628526291254405, "max_depth": 26.513662176185356, "n_estimators": 2.73474563799464}, "datetime": {"datetime": "2021-09-29 17:27:39", "elapsed": 933.452516, "delta": 6.288387}}
{"target": -55.05051642624136, "params": {"eta": 0.13090708756620276, "max_depth": 27.847859740191765, "n_estimators": 22.035069806184406}, "datetime": {"datetime": "2021-09-29 17:27:48", "elapsed": 942.563815, "delta": 9.111299}}
{"target": -67.93613261600359, "params": {"eta": 0.4290362449827732, "max_depth": 23.188228943306694, "n_estimators": 21.992181809113834}, "datetime": {"datetime": "2021-09-29 17:27:51", "elapsed": 946.032769, "delta": 3.468954}}
{"target": -62.153372396483554, "params": {"eta": 0.38460576342482844, "max_depth": 19.19975069056525, "n_estimators": 1.7002146736914119}, "datetime": {"datetime": "2021-09-29 17:27:57", "elapsed": 952.169216, "delta": 6.136447}}
{"target": -60.6008620082177, "params": {"eta": 0.40203782251691034, "max_depth": 25.301583139112115, "n_estimators": 1.313025627836752}, "datetime": {"datetime": "2021-09-29 17:28:06", "elapsed": 961.057797, "delta": 8.888581}}
{"target": -61.5487767632399, "params": {"eta": 0.18945984932334548, "max_depth": 28.593930429068465, "n_estimators": 22.002772599163734}, "datetime": {"datetime": "2021-09-29 17:28:14", "elapsed": 968.2157, "delta": 7.157903}}
{"target": -57.15730019999508, "params": {"eta": 0.13097196099153696, "max_depth": 4.136793284312292, "n_estimators": 67.44905050993435}, "datetime": {"datetime": "2021-09-29 17:28:17", "elapsed": 971.658831, "delta": 3.443131}}
{"target": -50.1894427211834, "params": {"eta": 0.05083344176064803, "max_depth": 15.077188752900787, "n_estimators": 15.533214696350477}, "datetime": {"datetime": "2021-09-29 17:28:20", "elapsed": 974.892647, "delta": 3.233816}}
{"target": -57.33041027159263, "params": {"eta": 0.16591244471050323, "max_depth": 5.402975485828613, "n_estimators": 85.91775732339404}, "datetime": {"datetime": "2021-09-29 17:28:23", "elapsed": 978.16599, "delta": 3.273343}}
{"target": -51.194692639951676, "params": {"eta": 0.6571075447746054, "max_depth": 23.894240032486422, "n_estimators": 2.0187744252441675}, "datetime": {"datetime": "2021-09-29 17:28:27", "elapsed": 981.64676, "delta": 3.48077}}
{"target": -74.58447342143167, "params": {"eta": 0.9072449919090617, "max_depth": 10.472091295256911, "n_estimators": 28.878576285890777}, "datetime": {"datetime": "2021-09-29 17:28:30", "elapsed": 984.761287, "delta": 3.114527}}
{"target": -40.38866184447158, "params": {"eta": 0.051712844056615824, "max_depth": 2.2926441828731887, "n_estimators": 22.829242920642404}, "datetime": {"datetime": "2021-09-29 17:28:36", "elapsed": 990.9822, "delta": 6.220913}}
