{"target": -43.60780516953473, "params": {"eta": 0.05474421635520018, "max_depth": 5.0, "n_estimators": 24.288099389588993}, "datetime": {"datetime": "2021-09-29 20:12:41", "elapsed": 0.892411, "delta": 0.318357}}
{"target": -55.70315753400295, "params": {"eta": 0.19, "max_depth": 5.0, "n_estimators": 27.142781629731264}, "datetime": {"datetime": "2021-09-29 20:12:41", "elapsed": 1.538477, "delta": 0.646066}}
{"target": -40.36946556255835, "params": {"eta": 0.0937414507422301, "max_depth": 2.016936136349117, "n_estimators": 13.857731307588502}, "datetime": {"datetime": "2021-09-29 20:12:42", "elapsed": 1.956477, "delta": 0.418}}
{"target": -40.99455572381692, "params": {"eta": 0.03, "max_depth": 2.0, "n_estimators": 40.0}, "datetime": {"datetime": "2021-09-29 20:12:42", "elapsed": 2.502095, "delta": 0.545618}}
{"target": -57.75994290762875, "params": {"eta": 0.14339271647834984, "max_depth": 3.9575015347923617, "n_estimators": 39.32063281958049}, "datetime": {"datetime": "2021-09-29 20:12:43", "elapsed": 2.827225, "delta": 0.32513}}
{"target": -49.50930585217732, "params": {"eta": 0.19, "max_depth": 2.7178797432574893, "n_estimators": 12.997986951305052}, "datetime": {"datetime": "2021-09-29 20:12:43", "elapsed": 3.156751, "delta": 0.329526}}
{"target": -42.938264678044945, "params": {"eta": 0.06339239394702595, "max_depth": 2.4074992134592295, "n_estimators": 14.456276513030595}, "datetime": {"datetime": "2021-09-29 20:12:43", "elapsed": 3.550752, "delta": 0.394001}}
{"target": -55.61123343263578, "params": {"eta": 0.15986368361701261, "max_depth": 4.974483044611521, "n_estimators": 22.976444239540456}, "datetime": {"datetime": "2021-09-29 20:12:44", "elapsed": 3.891747, "delta": 0.340995}}
{"target": -45.6829604708552, "params": {"eta": 0.1310702332512326, "max_depth": 2.044457485608909, "n_estimators": 13.795556684277889}, "datetime": {"datetime": "2021-09-29 20:12:44", "elapsed": 4.052746, "delta": 0.160999}}
{"target": -50.8437166512508, "params": {"eta": 0.09117325521207346, "max_depth": 2.3244150277616793, "n_estimators": 28.298678454144735}, "datetime": {"datetime": "2021-09-29 20:12:44", "elapsed": 4.215748, "delta": 0.163002}}
{"target": -54.09134379893692, "params": {"eta": 0.10012056687867017, "max_depth": 2.0641390249714866, "n_estimators": 39.92872005907756}, "datetime": {"datetime": "2021-09-29 20:12:44", "elapsed": 4.44475, "delta": 0.229002}}
{"target": -57.918891027012705, "params": {"eta": 0.1611928929124488, "max_depth": 3.483551775918489, "n_estimators": 27.659698858863685}, "datetime": {"datetime": "2021-09-29 20:12:45", "elapsed": 4.665979, "delta": 0.221229}}
{"target": -43.9711015163206, "params": {"eta": 0.04880937911270543, "max_depth": 3.3021656232454264, "n_estimators": 17.486487669372153}, "datetime": {"datetime": "2021-09-29 20:12:45", "elapsed": 4.859978, "delta": 0.193999}}
{"target": -64.81018419405963, "params": {"eta": 0.05873373594361364, "max_depth": 3.0449511903532143, "n_estimators": 6.507715008151852}, "datetime": {"datetime": "2021-09-29 20:12:45", "elapsed": 4.995977, "delta": 0.135999}}
{"target": -41.15749461686436, "params": {"eta": 0.09912746706311988, "max_depth": 2.435674081371139, "n_estimators": 14.398402577755595}, "datetime": {"datetime": "2021-09-29 20:12:45", "elapsed": 5.157978, "delta": 0.162001}}
{"target": -46.24134593631272, "params": {"eta": 0.12536143155541032, "max_depth": 2.4615799713359907, "n_estimators": 14.4304817106994}, "datetime": {"datetime": "2021-09-29 20:12:45", "elapsed": 5.315978, "delta": 0.158}}
{"target": -49.95056808972792, "params": {"eta": 0.17155374229437154, "max_depth": 2.3647458719152437, "n_estimators": 14.373899624545773}, "datetime": {"datetime": "2021-09-29 20:12:45", "elapsed": 5.503979, "delta": 0.188001}}
{"target": -60.82840386384639, "params": {"eta": 0.030142117631532964, "max_depth": 2.50175866186486, "n_estimators": 14.40672543570469}, "datetime": {"datetime": "2021-09-29 20:12:46", "elapsed": 5.756978, "delta": 0.252999}}
{"target": -40.78662800721524, "params": {"eta": 0.07592777722839716, "max_depth": 2.025264244826968, "n_estimators": 13.782332527236294}, "datetime": {"datetime": "2021-09-29 20:12:46", "elapsed": 5.943975, "delta": 0.186997}}
{"target": -48.74838093328482, "params": {"eta": 0.048872132329454594, "max_depth": 2.0882058979749654, "n_estimators": 13.831911009842894}, "datetime": {"datetime": "2021-09-29 20:12:46", "elapsed": 6.11098, "delta": 0.167005}}
{"target": -43.57301660539291, "params": {"eta": 0.08324387115182423, "max_depth": 3.30976663099068, "n_estimators": 17.49557851636237}, "datetime": {"datetime": "2021-09-29 20:12:46", "elapsed": 6.285975, "delta": 0.174995}}
{"target": -48.567205836686064, "params": {"eta": 0.0792383748176024, "max_depth": 3.953171205611495, "n_estimators": 24.679790069608885}, "datetime": {"datetime": "2021-09-29 20:12:46", "elapsed": 6.47498, "delta": 0.189005}}
{"target": -47.4683798621943, "params": {"eta": 0.0703373315090073, "max_depth": 3.8138168519355777, "n_estimators": 10.435856990027645}, "datetime": {"datetime": "2021-09-29 20:12:47", "elapsed": 6.673176, "delta": 0.198196}}
{"target": -40.78662800721524, "params": {"eta": 0.08055528650882043, "max_depth": 2.036523645153094, "n_estimators": 13.92233344721656}, "datetime": {"datetime": "2021-09-29 20:12:47", "elapsed": 6.864163, "delta": 0.190987}}
{"target": -78.02513311220149, "params": {"eta": 0.0318767744709818, "max_depth": 4.7738543526293995, "n_estimators": 7.544532924224317}, "datetime": {"datetime": "2021-09-29 20:12:47", "elapsed": 7.041163, "delta": 0.177}}
{"target": -56.1133120214798, "params": {"eta": 0.15579737671762456, "max_depth": 4.9882566722790305, "n_estimators": 24.35217867339211}, "datetime": {"datetime": "2021-09-29 20:12:47", "elapsed": 7.292162, "delta": 0.250999}}
{"target": -48.74838093328482, "params": {"eta": 0.05209090663628191, "max_depth": 2.027993419437661, "n_estimators": 13.705065595580777}, "datetime": {"datetime": "2021-09-29 20:12:47", "elapsed": 7.454731, "delta": 0.162569}}
{"target": -42.938264678044945, "params": {"eta": 0.05549555269501008, "max_depth": 2.3044627319839934, "n_estimators": 14.414361934547689}, "datetime": {"datetime": "2021-09-29 20:12:48", "elapsed": 7.656732, "delta": 0.202001}}
{"target": -48.02291995420959, "params": {"eta": 0.14775802894004436, "max_depth": 2.0409440724419916, "n_estimators": 13.937805492890533}, "datetime": {"datetime": "2021-09-29 20:12:48", "elapsed": 8.31673, "delta": 0.659998}}
{"target": -57.98639443495659, "params": {"eta": 0.14909595671196887, "max_depth": 4.084403263635513, "n_estimators": 37.800879579775476}, "datetime": {"datetime": "2021-09-29 20:12:49", "elapsed": 8.589733, "delta": 0.273003}}
{"target": -41.32828583213176, "params": {"eta": 0.06965989270781797, "max_depth": 2.2349403222211004, "n_estimators": 14.5432481023375}, "datetime": {"datetime": "2021-09-29 20:12:49", "elapsed": 8.805279, "delta": 0.215546}}
{"target": -44.1083510733273, "params": {"eta": 0.06286283442832213, "max_depth": 2.2805916630717675, "n_estimators": 27.689523988671016}, "datetime": {"datetime": "2021-09-29 20:12:49", "elapsed": 9.01328, "delta": 0.208001}}
{"target": -42.34267476854169, "params": {"eta": 0.06897137005646549, "max_depth": 3.847929023942411, "n_estimators": 14.080188643306949}, "datetime": {"datetime": "2021-09-29 20:12:49", "elapsed": 9.217278, "delta": 0.203998}}
{"target": -44.61265737747371, "params": {"eta": 0.11826966731304141, "max_depth": 3.7951496098144486, "n_estimators": 13.996766764007903}, "datetime": {"datetime": "2021-09-29 20:12:49", "elapsed": 9.440278, "delta": 0.223}}
{"target": -42.34267476854169, "params": {"eta": 0.07411362641988285, "max_depth": 3.728906019375636, "n_estimators": 14.124146971949667}, "datetime": {"datetime": "2021-09-29 20:12:50", "elapsed": 9.844278, "delta": 0.404}}
{"target": -49.92694939785502, "params": {"eta": 0.078973878028686, "max_depth": 4.229839142149212, "n_estimators": 31.587144822981102}, "datetime": {"datetime": "2021-09-29 20:12:50", "elapsed": 10.164275, "delta": 0.319997}}
{"target": -40.989812619423255, "params": {"eta": 0.09007039325589847, "max_depth": 2.350114226712982, "n_estimators": 14.608996775608738}, "datetime": {"datetime": "2021-09-29 20:12:50", "elapsed": 10.425277, "delta": 0.261002}}
{"target": -43.62988906527651, "params": {"eta": 0.11492641269802883, "max_depth": 2.257339241495082, "n_estimators": 14.68184166888522}, "datetime": {"datetime": "2021-09-29 20:12:51", "elapsed": 10.721414, "delta": 0.296137}}
{"target": -50.8725474635773, "params": {"eta": 0.1513245036849314, "max_depth": 3.8110518655237633, "n_estimators": 14.176797361614623}, "datetime": {"datetime": "2021-09-29 20:12:51", "elapsed": 11.391415, "delta": 0.670001}}
{"target": -49.372439515449976, "params": {"eta": 0.1470715842691877, "max_depth": 2.2384158633287177, "n_estimators": 14.603911383349958}, "datetime": {"datetime": "2021-09-29 20:12:52", "elapsed": 11.813417, "delta": 0.422002}}
{"target": -52.62871089264202, "params": {"eta": 0.04373326448307091, "max_depth": 2.2401913086435763, "n_estimators": 14.609734717696062}, "datetime": {"datetime": "2021-09-29 20:12:52", "elapsed": 12.229417, "delta": 0.416}}
{"target": -55.42127164507503, "params": {"eta": 0.1586877951817045, "max_depth": 3.4973258184674494, "n_estimators": 18.171069126414338}, "datetime": {"datetime": "2021-09-29 20:12:53", "elapsed": 12.716863, "delta": 0.487446}}
{"target": -42.938264678044945, "params": {"eta": 0.06273458831252021, "max_depth": 2.423778906650225, "n_estimators": 14.443349419748126}, "datetime": {"datetime": "2021-09-29 20:12:53", "elapsed": 13.114858, "delta": 0.397995}}
{"target": -46.24134593631272, "params": {"eta": 0.13111750146716994, "max_depth": 2.265304145162138, "n_estimators": 14.451817768370224}, "datetime": {"datetime": "2021-09-29 20:12:53", "elapsed": 13.38986, "delta": 0.275002}}
{"target": -46.24134593631272, "params": {"eta": 0.12581266031046034, "max_depth": 2.352931451378957, "n_estimators": 14.71702750392129}, "datetime": {"datetime": "2021-09-29 20:12:54", "elapsed": 13.670862, "delta": 0.281002}}
{"target": -55.97860549953754, "params": {"eta": 0.1335074987765671, "max_depth": 2.238199307529426, "n_estimators": 35.795253288097605}, "datetime": {"datetime": "2021-09-29 20:12:54", "elapsed": 13.952863, "delta": 0.282001}}
{"target": -58.638296175055416, "params": {"eta": 0.17170603971760007, "max_depth": 3.5443437898381895, "n_estimators": 29.09742307417101}, "datetime": {"datetime": "2021-09-29 20:12:54", "elapsed": 14.204864, "delta": 0.252001}}
{"target": -61.18024741020525, "params": {"eta": 0.03, "max_depth": 3.769644674950737, "n_estimators": 14.049824320230314}, "datetime": {"datetime": "2021-09-29 20:12:54", "elapsed": 14.516862, "delta": 0.311998}}
{"target": -46.90487434743487, "params": {"eta": 0.045627229447148886, "max_depth": 2.2875612006095354, "n_estimators": 14.54226778767364}, "datetime": {"datetime": "2021-09-29 20:12:55", "elapsed": 14.823447, "delta": 0.306585}}
{"target": -47.21664434678754, "params": {"eta": 0.13192570397962722, "max_depth": 3.857327657321381, "n_estimators": 14.052822487193913}, "datetime": {"datetime": "2021-09-29 20:12:55", "elapsed": 15.303446, "delta": 0.479999}}
{"target": -56.19886983406318, "params": {"eta": 0.16433909330427074, "max_depth": 4.116715814548117, "n_estimators": 26.4052566767085}, "datetime": {"datetime": "2021-09-29 20:12:56", "elapsed": 15.672444, "delta": 0.368998}}
{"target": -46.90487434743487, "params": {"eta": 0.05375933877123383, "max_depth": 2.1876212208216907, "n_estimators": 14.45615746825053}, "datetime": {"datetime": "2021-09-29 20:12:56", "elapsed": 15.928444, "delta": 0.256}}
{"target": -54.754281002956084, "params": {"eta": 0.036556333819683734, "max_depth": 2.0, "n_estimators": 13.881426263436456}, "datetime": {"datetime": "2021-09-29 20:12:56", "elapsed": 16.27045, "delta": 0.342006}}
{"target": -59.41566194857653, "params": {"eta": 0.04196763060615044, "max_depth": 2.1286730479369735, "n_estimators": 11.099456756331136}, "datetime": {"datetime": "2021-09-29 20:12:56", "elapsed": 16.525443, "delta": 0.254993}}
{"target": -42.938264678044945, "params": {"eta": 0.057081781558682605, "max_depth": 2.393947656349111, "n_estimators": 14.409245305205914}, "datetime": {"datetime": "2021-09-29 20:12:57", "elapsed": 16.790468, "delta": 0.265025}}
{"target": -47.02185290855966, "params": {"eta": 0.13501858611287515, "max_depth": 2.3140065194457167, "n_estimators": 14.64742544458487}, "datetime": {"datetime": "2021-09-29 20:12:57", "elapsed": 17.11447, "delta": 0.324002}}
{"target": -43.086118968213526, "params": {"eta": 0.1055191304296443, "max_depth": 4.43695824553883, "n_estimators": 9.031719756328787}, "datetime": {"datetime": "2021-09-29 20:12:57", "elapsed": 17.424468, "delta": 0.309998}}
{"target": -43.62988906527651, "params": {"eta": 0.11025665073602718, "max_depth": 2.3620104610205743, "n_estimators": 14.528264934560934}, "datetime": {"datetime": "2021-09-29 20:12:58", "elapsed": 17.797206, "delta": 0.372738}}
{"target": -40.36946556255835, "params": {"eta": 0.0930793594937991, "max_depth": 2.055183567426826, "n_estimators": 13.88738723494269}, "datetime": {"datetime": "2021-09-29 20:12:58", "elapsed": 18.214204, "delta": 0.416998}}
{"target": -44.83375312319729, "params": {"eta": 0.11831026478492555, "max_depth": 2.3949945370609194, "n_estimators": 14.623529110647361}, "datetime": {"datetime": "2021-09-29 20:12:59", "elapsed": 18.590877, "delta": 0.376673}}
{"target": -47.21664434678754, "params": {"eta": 0.13499811090073618, "max_depth": 3.7082012831172313, "n_estimators": 14.089079252988668}, "datetime": {"datetime": "2021-09-29 20:12:59", "elapsed": 18.920554, "delta": 0.329677}}
{"target": -52.62871089264202, "params": {"eta": 0.04266343291454301, "max_depth": 2.3635505531314305, "n_estimators": 14.638642007418275}, "datetime": {"datetime": "2021-09-29 20:12:59", "elapsed": 19.263553, "delta": 0.342999}}
{"target": -44.557725384698635, "params": {"eta": 0.06549054813953473, "max_depth": 2.273283625812291, "n_estimators": 24.36073652563232}, "datetime": {"datetime": "2021-09-29 20:12:59", "elapsed": 19.552554, "delta": 0.289001}}
{"target": -55.396171322626365, "params": {"eta": 0.12770097017984386, "max_depth": 3.9683713531627394, "n_estimators": 30.892186174001697}, "datetime": {"datetime": "2021-09-29 20:13:00", "elapsed": 19.822554, "delta": 0.27}}
{"target": -44.55370193343744, "params": {"eta": 0.16889060151768587, "max_depth": 4.419132912514948, "n_estimators": 9.030543494123627}, "datetime": {"datetime": "2021-09-29 20:13:00", "elapsed": 20.145556, "delta": 0.323002}}
{"target": -43.42539128802851, "params": {"eta": 0.14811785556474805, "max_depth": 4.47460208883675, "n_estimators": 8.972457188719105}, "datetime": {"datetime": "2021-09-29 20:13:00", "elapsed": 20.489553, "delta": 0.343997}}
{"target": -43.192122017413936, "params": {"eta": 0.13395617329471662, "max_depth": 4.479910118181647, "n_estimators": 11.028509806339008}, "datetime": {"datetime": "2021-09-29 20:13:01", "elapsed": 20.77766, "delta": 0.288107}}
{"target": -52.59794920776565, "params": {"eta": 0.0863631472569447, "max_depth": 2.545166174935492, "n_estimators": 32.56629566573751}, "datetime": {"datetime": "2021-09-29 20:13:01", "elapsed": 21.112664, "delta": 0.335004}}
{"target": -50.85189673744227, "params": {"eta": 0.07277999958533488, "max_depth": 4.511553078693442, "n_estimators": 9.005063873111125}, "datetime": {"datetime": "2021-09-29 20:13:01", "elapsed": 21.526675, "delta": 0.414011}}
{"target": -50.10777441975476, "params": {"eta": 0.15272255529122103, "max_depth": 3.4153392467586694, "n_estimators": 13.923982176014709}, "datetime": {"datetime": "2021-09-29 20:13:02", "elapsed": 21.806663, "delta": 0.279988}}
{"target": -42.76463476309641, "params": {"eta": 0.12687452365268703, "max_depth": 4.398870970282653, "n_estimators": 8.969376546412331}, "datetime": {"datetime": "2021-09-29 20:13:02", "elapsed": 22.159664, "delta": 0.353001}}
{"target": -47.62617724148303, "params": {"eta": 0.05050854658234799, "max_depth": 3.677107975458193, "n_estimators": 14.186934045127902}, "datetime": {"datetime": "2021-09-29 20:13:02", "elapsed": 22.505268, "delta": 0.345604}}
{"target": -42.638916969674916, "params": {"eta": 0.11528247980630545, "max_depth": 4.355958999237759, "n_estimators": 9.0299667099596}, "datetime": {"datetime": "2021-09-29 20:13:03", "elapsed": 22.869832, "delta": 0.364564}}
{"target": -63.148577336398745, "params": {"eta": 0.05131945908604782, "max_depth": 4.4124489203327295, "n_estimators": 8.999708373017008}, "datetime": {"datetime": "2021-09-29 20:13:03", "elapsed": 23.213833, "delta": 0.344001}}
{"target": -46.107177200845115, "params": {"eta": 0.1048290320533608, "max_depth": 3.272051305416043, "n_estimators": 17.438362975461082}, "datetime": {"datetime": "2021-09-29 20:13:04", "elapsed": 23.577831, "delta": 0.363998}}
{"target": -41.846912535415456, "params": {"eta": 0.07286995600159203, "max_depth": 2.0904914314895056, "n_estimators": 13.927728326396913}, "datetime": {"datetime": "2021-09-29 20:13:04", "elapsed": 23.975832, "delta": 0.398001}}
{"target": -44.16946315158662, "params": {"eta": 0.09698258418801961, "max_depth": 4.371322138467586, "n_estimators": 9.09918249155425}, "datetime": {"datetime": "2021-09-29 20:13:04", "elapsed": 24.371833, "delta": 0.396001}}
{"target": -41.32828583213176, "params": {"eta": 0.07060301166196883, "max_depth": 2.270363364520545, "n_estimators": 14.486152962064518}, "datetime": {"datetime": "2021-09-29 20:13:05", "elapsed": 24.777015, "delta": 0.405182}}
{"target": -43.1504988698425, "params": {"eta": 0.1203258218373527, "max_depth": 4.457964869218482, "n_estimators": 11.110162154121392}, "datetime": {"datetime": "2021-09-29 20:13:05", "elapsed": 25.189012, "delta": 0.411997}}
{"target": -44.40471137898644, "params": {"eta": 0.0777645554774935, "max_depth": 4.488742948532185, "n_estimators": 11.059027291977719}, "datetime": {"datetime": "2021-09-29 20:13:06", "elapsed": 25.771017, "delta": 0.582005}}
{"target": -47.02185290855966, "params": {"eta": 0.14121500867397363, "max_depth": 2.240223143178592, "n_estimators": 14.74780544503396}, "datetime": {"datetime": "2021-09-29 20:13:06", "elapsed": 26.160015, "delta": 0.388998}}
{"target": -50.77582759129194, "params": {"eta": 0.17582132843427567, "max_depth": 2.338812635753058, "n_estimators": 14.551697813735423}, "datetime": {"datetime": "2021-09-29 20:13:06", "elapsed": 26.501015, "delta": 0.341}}
{"target": -63.148577336398745, "params": {"eta": 0.046517150399170204, "max_depth": 4.188648631738694, "n_estimators": 8.397220018556096}, "datetime": {"datetime": "2021-09-29 20:13:07", "elapsed": 26.813187, "delta": 0.312172}}
{"target": -41.32828583213176, "params": {"eta": 0.06923639613019086, "max_depth": 2.3981835148609822, "n_estimators": 14.449279087960694}, "datetime": {"datetime": "2021-09-29 20:13:07", "elapsed": 27.119185, "delta": 0.305998}}
{"target": -53.57977289596887, "params": {"eta": 0.12797632548586663, "max_depth": 3.3654333140526704, "n_estimators": 23.306293958659783}, "datetime": {"datetime": "2021-09-29 20:13:07", "elapsed": 27.491377, "delta": 0.372192}}
{"target": -43.086118968213526, "params": {"eta": 0.10971857946103901, "max_depth": 4.448747490474853, "n_estimators": 9.104630876901238}, "datetime": {"datetime": "2021-09-29 20:13:08", "elapsed": 27.95438, "delta": 0.463003}}
{"target": -45.13219695639899, "params": {"eta": 0.17750676754067238, "max_depth": 4.45010369121626, "n_estimators": 8.887523692420542}, "datetime": {"datetime": "2021-09-29 20:13:08", "elapsed": 28.353377, "delta": 0.398997}}
{"target": -46.429981767607806, "params": {"eta": 0.045725185546373254, "max_depth": 4.181405407956847, "n_estimators": 37.04852125732534}, "datetime": {"datetime": "2021-09-29 20:13:09", "elapsed": 28.904997, "delta": 0.55162}}
{"target": -43.29401236911213, "params": {"eta": 0.03843092253433081, "max_depth": 3.1658617139374217, "n_estimators": 36.010671460094095}, "datetime": {"datetime": "2021-09-29 20:13:09", "elapsed": 29.357996, "delta": 0.452999}}
{"target": -46.25325982989798, "params": {"eta": 0.18580629099211626, "max_depth": 4.366401222073875, "n_estimators": 8.944640747241365}, "datetime": {"datetime": "2021-09-29 20:13:10", "elapsed": 29.925995, "delta": 0.567999}}
{"target": -54.673374308899916, "params": {"eta": 0.11897680939489406, "max_depth": 3.2124698388406303, "n_estimators": 31.839646397294388}, "datetime": {"datetime": "2021-09-29 20:13:10", "elapsed": 30.419526, "delta": 0.493531}}
{"target": -50.974882531835306, "params": {"eta": 0.07659455661737027, "max_depth": 2.3121875636065248, "n_estimators": 33.70406222901725}, "datetime": {"datetime": "2021-09-29 20:13:11", "elapsed": 30.892854, "delta": 0.473328}}
{"target": -49.08634619261093, "params": {"eta": 0.06221508121793384, "max_depth": 3.196177928933426, "n_estimators": 35.95381484610269}, "datetime": {"datetime": "2021-09-29 20:13:11", "elapsed": 31.408852, "delta": 0.515998}}
{"target": -46.25325982989798, "params": {"eta": 0.18842000503282344, "max_depth": 4.234695572814279, "n_estimators": 8.224094992826998}, "datetime": {"datetime": "2021-09-29 20:13:12", "elapsed": 31.772852, "delta": 0.364}}
{"target": -45.86368709335177, "params": {"eta": 0.1493776569295563, "max_depth": 4.408853871387273, "n_estimators": 11.040662190038983}, "datetime": {"datetime": "2021-09-29 20:13:12", "elapsed": 32.192852, "delta": 0.42}}
{"target": -41.15749461686436, "params": {"eta": 0.09504439668222522, "max_depth": 2.201757247456112, "n_estimators": 14.52176149966323}, "datetime": {"datetime": "2021-09-29 20:13:13", "elapsed": 32.842874, "delta": 0.650022}}
{"target": -49.601602811668464, "params": {"eta": 0.05530978584547057, "max_depth": 3.141425863660461, "n_estimators": 36.09254297280658}, "datetime": {"datetime": "2021-09-29 20:13:13", "elapsed": 33.39587, "delta": 0.552996}}
