{"target": -42.20168023923802, "params": {"eta": 0.12511509188355532, "max_depth": 4.421276240919314, "n_estimators": 9.1755434232741}, "datetime": {"datetime": "2021-09-29 20:13:14", "elapsed": 33.908872, "delta": 0.513002}}
{"target": -79.87809861039158, "params": {"eta": 0.05911419963901221, "max_depth": 3.477650946300921, "n_estimators": 3.151195288826132}, "datetime": {"datetime": "2021-09-29 20:13:14", "elapsed": 34.295869, "delta": 0.386997}}
{"target": -44.2483410976263, "params": {"eta": 0.1454757790223948, "max_depth": 4.287314410307964, "n_estimators": 9.067454838245737}, "datetime": {"datetime": "2021-09-29 20:13:15", "elapsed": 34.743703, "delta": 0.447834}}
{"target": -44.16946315158662, "params": {"eta": 0.096747121484695, "max_depth": 4.324329310711953, "n_estimators": 9.224638691848968}, "datetime": {"datetime": "2021-09-29 20:13:15", "elapsed": 35.237702, "delta": 0.493999}}
{"target": -53.85453429477204, "params": {"eta": 0.15991023154759218, "max_depth": 3.477152571007593, "n_estimators": 16.937417373637704}, "datetime": {"datetime": "2021-09-29 20:13:16", "elapsed": 35.657705, "delta": 0.420003}}
{"target": -46.83713115585642, "params": {"eta": 0.17698840287411127, "max_depth": 4.352919506804795, "n_estimators": 9.15496151863127}, "datetime": {"datetime": "2021-09-29 20:13:16", "elapsed": 36.391705, "delta": 0.734}}
{"target": -44.94454597407284, "params": {"eta": 0.1603012887809899, "max_depth": 4.38066016352774, "n_estimators": 9.302692416950578}, "datetime": {"datetime": "2021-09-29 20:13:17", "elapsed": 36.823889, "delta": 0.432184}}
{"target": -45.307288160077135, "params": {"eta": 0.09035032674517957, "max_depth": 4.5044856018005675, "n_estimators": 9.241536311233812}, "datetime": {"datetime": "2021-09-29 20:13:17", "elapsed": 37.273891, "delta": 0.450002}}
{"target": -42.76463476309641, "params": {"eta": 0.12886862244299077, "max_depth": 4.273301220305004, "n_estimators": 8.974465217911773}, "datetime": {"datetime": "2021-09-29 20:13:18", "elapsed": 37.882918, "delta": 0.609027}}
{"target": -55.017028931339105, "params": {"eta": 0.06130713795037671, "max_depth": 4.415319262764093, "n_estimators": 9.3192484824752}, "datetime": {"datetime": "2021-09-29 20:13:19", "elapsed": 38.583917, "delta": 0.700999}}
{"target": -47.83256939786902, "params": {"eta": 0.08069336677445019, "max_depth": 4.213973347927331, "n_estimators": 9.014418828937966}, "datetime": {"datetime": "2021-09-29 20:13:19", "elapsed": 39.134144, "delta": 0.550227}}
{"target": -42.638916969674916, "params": {"eta": 0.1210241614695979, "max_depth": 4.551078467862948, "n_estimators": 9.160164593671908}, "datetime": {"datetime": "2021-09-29 20:13:20", "elapsed": 39.609145, "delta": 0.475001}}
{"target": -53.64158112912445, "params": {"eta": 0.18496319015614152, "max_depth": 4.935983462463559, "n_estimators": 3.608562267979053}, "datetime": {"datetime": "2021-09-29 20:13:20", "elapsed": 39.995145, "delta": 0.386}}
{"target": -47.3105279347805, "params": {"eta": 0.1851641310634498, "max_depth": 4.520891683100851, "n_estimators": 9.219990081507433}, "datetime": {"datetime": "2021-09-29 20:13:21", "elapsed": 40.714145, "delta": 0.719}}
{"target": -44.09333339146265, "params": {"eta": 0.04327025693467428, "max_depth": 4.879416956343578, "n_estimators": 23.703270349667832}, "datetime": {"datetime": "2021-09-29 20:13:21", "elapsed": 41.2718, "delta": 0.557655}}
{"target": -47.64310636737717, "params": {"eta": 0.15508871605152322, "max_depth": 4.544823277891625, "n_estimators": 11.138494572004925}, "datetime": {"datetime": "2021-09-29 20:13:22", "elapsed": 42.0578, "delta": 0.786}}
{"target": -50.85189673744227, "params": {"eta": 0.07120053964569895, "max_depth": 4.476480199072595, "n_estimators": 9.169682837980062}, "datetime": {"datetime": "2021-09-29 20:13:23", "elapsed": 42.640381, "delta": 0.582581}}
{"target": -47.21664434678754, "params": {"eta": 0.13433883732215302, "max_depth": 3.714434364342014, "n_estimators": 14.095535372069042}, "datetime": {"datetime": "2021-09-29 20:13:23", "elapsed": 43.229239, "delta": 0.588858}}
{"target": -44.55370193343744, "params": {"eta": 0.1718532750103874, "max_depth": 4.475472319388151, "n_estimators": 9.136613846094864}, "datetime": {"datetime": "2021-09-29 20:13:24", "elapsed": 43.966239, "delta": 0.737}}
{"target": -46.83713115585642, "params": {"eta": 0.1805314011816948, "max_depth": 4.641060949483956, "n_estimators": 9.121746864871984}, "datetime": {"datetime": "2021-09-29 20:13:25", "elapsed": 44.66224, "delta": 0.696001}}
{"target": -43.004051507491795, "params": {"eta": 0.1585044323964288, "max_depth": 3.3106159941352886, "n_estimators": 6.486270808709678}, "datetime": {"datetime": "2021-09-29 20:13:25", "elapsed": 45.248471, "delta": 0.586231}}
{"target": -53.236134049873016, "params": {"eta": 0.1629406730293312, "max_depth": 2.949000084765551, "n_estimators": 18.57064007789767}, "datetime": {"datetime": "2021-09-29 20:13:26", "elapsed": 45.794472, "delta": 0.546001}}
{"target": -43.62428141274273, "params": {"eta": 0.15417357635940962, "max_depth": 3.2391358580578316, "n_estimators": 6.543822375768281}, "datetime": {"datetime": "2021-09-29 20:13:27", "elapsed": 46.643472, "delta": 0.849}}
{"target": -51.27234750578273, "params": {"eta": 0.06978648566437944, "max_depth": 4.6332907718396985, "n_estimators": 36.79915596937857}, "datetime": {"datetime": "2021-09-29 20:13:27", "elapsed": 47.437945, "delta": 0.794473}}
{"target": -42.27000780480982, "params": {"eta": 0.11430095119038752, "max_depth": 4.466789239955229, "n_estimators": 11.101837928390912}, "datetime": {"datetime": "2021-09-29 20:13:28", "elapsed": 48.145591, "delta": 0.707646}}
{"target": -64.81018419405963, "params": {"eta": 0.057804924251740386, "max_depth": 3.2748493838376103, "n_estimators": 6.553574050589621}, "datetime": {"datetime": "2021-09-29 20:13:29", "elapsed": 48.829415, "delta": 0.683824}}
{"target": -43.12839978386562, "params": {"eta": 0.12088753386935326, "max_depth": 4.282012235575738, "n_estimators": 8.88211160222844}, "datetime": {"datetime": "2021-09-29 20:13:29", "elapsed": 49.516414, "delta": 0.686999}}
{"target": -44.16946315158662, "params": {"eta": 0.09799724820549134, "max_depth": 4.6115694877461335, "n_estimators": 9.219645326675309}, "datetime": {"datetime": "2021-09-29 20:13:30", "elapsed": 50.232414, "delta": 0.716}}
{"target": -54.88460506836741, "params": {"eta": 0.13297192593928814, "max_depth": 3.8685620165451486, "n_estimators": 28.80237751252726}, "datetime": {"datetime": "2021-09-29 20:13:31", "elapsed": 50.771415, "delta": 0.539001}}
{"target": -51.92175837420482, "params": {"eta": 0.1007972235178217, "max_depth": 4.704397717070072, "n_estimators": 6.33735170564055}, "datetime": {"datetime": "2021-09-29 20:13:31", "elapsed": 51.243413, "delta": 0.471998}}
{"target": -44.55370193343744, "params": {"eta": 0.17148346447651788, "max_depth": 4.534137157335261, "n_estimators": 9.049647379883535}, "datetime": {"datetime": "2021-09-29 20:13:32", "elapsed": 51.979414, "delta": 0.736001}}
{"target": -43.57301660539291, "params": {"eta": 0.07539538996019184, "max_depth": 3.2362314017283365, "n_estimators": 17.552393004005594}, "datetime": {"datetime": "2021-09-29 20:13:33", "elapsed": 52.730843, "delta": 0.751429}}
{"target": -49.91951212243988, "params": {"eta": 0.12542672844751188, "max_depth": 3.3096977797116836, "n_estimators": 17.601699377606753}, "datetime": {"datetime": "2021-09-29 20:13:33", "elapsed": 53.428247, "delta": 0.697404}}
{"target": -43.407757204588776, "params": {"eta": 0.16163199260880112, "max_depth": 4.19686602840833, "n_estimators": 8.887515744625727}, "datetime": {"datetime": "2021-09-29 20:13:34", "elapsed": 54.206251, "delta": 0.778004}}
{"target": -42.904155467190925, "params": {"eta": 0.048155856288287766, "max_depth": 4.422359159082673, "n_estimators": 24.517149267117297}, "datetime": {"datetime": "2021-09-29 20:13:35", "elapsed": 54.8772, "delta": 0.670949}}
{"target": -58.47060130946763, "params": {"eta": 0.18908401569807567, "max_depth": 4.579004289097885, "n_estimators": 36.56756792201499}, "datetime": {"datetime": "2021-09-29 20:13:35", "elapsed": 55.543199, "delta": 0.665999}}
{"target": -43.43745643152848, "params": {"eta": 0.19, "max_depth": 3.2361589192786346, "n_estimators": 6.470653890508978}, "datetime": {"datetime": "2021-09-29 20:13:37", "elapsed": 56.867504, "delta": 1.324305}}
{"target": -48.47208044543976, "params": {"eta": 0.030365142148859332, "max_depth": 4.503982987990321, "n_estimators": 24.495584186661947}, "datetime": {"datetime": "2021-09-29 20:13:38", "elapsed": 57.669864, "delta": 0.80236}}
{"target": -45.13219695639899, "params": {"eta": 0.18260485667789997, "max_depth": 4.180073458450252, "n_estimators": 8.967999087514814}, "datetime": {"datetime": "2021-09-29 20:13:38", "elapsed": 58.400863, "delta": 0.730999}}
{"target": -45.160384849356525, "params": {"eta": 0.09843629868972732, "max_depth": 2.2948308004706224, "n_estimators": 18.664692556986928}, "datetime": {"datetime": "2021-09-29 20:13:39", "elapsed": 58.946935, "delta": 0.546072}}
{"target": -45.30684019770539, "params": {"eta": 0.06653295848201606, "max_depth": 4.33924761097591, "n_estimators": 24.538863923121514}, "datetime": {"datetime": "2021-09-29 20:13:40", "elapsed": 59.809935, "delta": 0.863}}
{"target": -52.403166469450966, "params": {"eta": 0.11707713107309983, "max_depth": 2.9386570749458296, "n_estimators": 24.995465729403058}, "datetime": {"datetime": "2021-09-29 20:13:40", "elapsed": 60.531934, "delta": 0.721999}}
{"target": -48.314939617771316, "params": {"eta": 0.08761448090357551, "max_depth": 4.414814891325868, "n_estimators": 24.447634490161647}, "datetime": {"datetime": "2021-09-29 20:13:41", "elapsed": 61.406724, "delta": 0.87479}}
{"target": -45.99222295542677, "params": {"eta": 0.09507350730447622, "max_depth": 4.0670756987194, "n_estimators": 18.716024893345725}, "datetime": {"datetime": "2021-09-29 20:13:42", "elapsed": 62.075723, "delta": 0.668999}}
{"target": -47.581124772530295, "params": {"eta": 0.09491180672711151, "max_depth": 4.19669252115796, "n_estimators": 8.826913373041279}, "datetime": {"datetime": "2021-09-29 20:13:43", "elapsed": 62.921955, "delta": 0.846232}}
{"target": -43.43745643152848, "params": {"eta": 0.18849513414004196, "max_depth": 3.3240605438574384, "n_estimators": 6.56036745543807}, "datetime": {"datetime": "2021-09-29 20:13:44", "elapsed": 63.798954, "delta": 0.876999}}
{"target": -55.45556464833392, "params": {"eta": 0.11450426727474429, "max_depth": 4.318684149232224, "n_estimators": 36.43861374751372}, "datetime": {"datetime": "2021-09-29 20:13:45", "elapsed": 64.647954, "delta": 0.849}}
{"target": -48.47208044543976, "params": {"eta": 0.03, "max_depth": 4.416149234011737, "n_estimators": 24.602757668591817}, "datetime": {"datetime": "2021-09-29 20:13:46", "elapsed": 65.816377, "delta": 1.168423}}
{"target": -52.802396980517784, "params": {"eta": 0.08280822726096483, "max_depth": 2.457030546560013, "n_estimators": 39.11501039409357}, "datetime": {"datetime": "2021-09-29 20:13:46", "elapsed": 66.48638, "delta": 0.670003}}
{"target": -44.94454597407284, "params": {"eta": 0.1627475985761642, "max_depth": 4.288934736086216, "n_estimators": 9.269198593882539}, "datetime": {"datetime": "2021-09-29 20:13:47", "elapsed": 67.315216, "delta": 0.828836}}
{"target": -48.38052829744864, "params": {"eta": 0.10720216143878654, "max_depth": 3.1645505736588313, "n_estimators": 17.525193716769127}, "datetime": {"datetime": "2021-09-29 20:13:48", "elapsed": 68.246799, "delta": 0.931583}}
{"target": -50.78852405677211, "params": {"eta": 0.1038374287978809, "max_depth": 2.232783055833708, "n_estimators": 27.61918316063747}, "datetime": {"datetime": "2021-09-29 20:13:49", "elapsed": 69.208253, "delta": 0.961454}}
{"target": -43.66700874587126, "params": {"eta": 0.10445459997215796, "max_depth": 2.311589859276054, "n_estimators": 8.11796796440786}, "datetime": {"datetime": "2021-09-29 20:13:50", "elapsed": 69.773258, "delta": 0.565005}}
{"target": -43.43745643152848, "params": {"eta": 0.19, "max_depth": 3.3918657689307694, "n_estimators": 6.487652230878176}, "datetime": {"datetime": "2021-09-29 20:13:51", "elapsed": 70.643258, "delta": 0.87}}
{"target": -46.46163928187716, "params": {"eta": 0.12094822367507115, "max_depth": 3.4121710878300844, "n_estimators": 6.4320118351996225}, "datetime": {"datetime": "2021-09-29 20:13:51", "elapsed": 71.468497, "delta": 0.825239}}
{"target": -42.938264678044945, "params": {"eta": 0.05519198122087803, "max_depth": 2.064520205010209, "n_estimators": 14.00700656373331}, "datetime": {"datetime": "2021-09-29 20:13:52", "elapsed": 72.561131, "delta": 1.092634}}
{"target": -61.820058844949614, "params": {"eta": 0.049315432656951506, "max_depth": 2.2698731494589985, "n_estimators": 8.1784704788098}, "datetime": {"datetime": "2021-09-29 20:13:53", "elapsed": 73.436746, "delta": 0.875615}}
{"target": -52.17685705547021, "params": {"eta": 0.06738735343388347, "max_depth": 2.332058675987282, "n_estimators": 8.012739008361569}, "datetime": {"datetime": "2021-09-29 20:13:54", "elapsed": 74.314748, "delta": 0.878002}}
{"target": -43.66841244405259, "params": {"eta": 0.17712088017037558, "max_depth": 2.3421911977855743, "n_estimators": 8.111543193587181}, "datetime": {"datetime": "2021-09-29 20:13:55", "elapsed": 75.199585, "delta": 0.884837}}
{"target": -56.59524331382535, "params": {"eta": 0.1449977502895223, "max_depth": 3.0993096046882957, "n_estimators": 29.188388790367803}, "datetime": {"datetime": "2021-09-29 20:13:56", "elapsed": 75.823586, "delta": 0.624001}}
{"target": -46.18103815018416, "params": {"eta": 0.07076456197572573, "max_depth": 2.3479826230167493, "n_estimators": 27.760927721433283}, "datetime": {"datetime": "2021-09-29 20:13:57", "elapsed": 76.869586, "delta": 1.046}}
{"target": -41.32828583213176, "params": {"eta": 0.06598331452797321, "max_depth": 2.1384577675988714, "n_estimators": 14.030693976744622}, "datetime": {"datetime": "2021-09-29 20:13:58", "elapsed": 77.840154, "delta": 0.970568}}
{"target": -52.29221673303308, "params": {"eta": 0.08251573108410762, "max_depth": 2.0438553787606786, "n_estimators": 37.11092629437641}, "datetime": {"datetime": "2021-09-29 20:13:58", "elapsed": 78.478706, "delta": 0.638552}}
{"target": -52.62871089264202, "params": {"eta": 0.0449607880077073, "max_depth": 2.067478588166765, "n_estimators": 14.109340529664308}, "datetime": {"datetime": "2021-09-29 20:13:59", "elapsed": 79.411891, "delta": 0.933185}}
{"target": -55.488618548946334, "params": {"eta": 0.14494370848773755, "max_depth": 3.134582743175488, "n_estimators": 23.953109523090703}, "datetime": {"datetime": "2021-09-29 20:14:00", "elapsed": 80.052592, "delta": 0.640701}}
{"target": -43.225220621563395, "params": {"eta": 0.11880307456552477, "max_depth": 2.181064894846811, "n_estimators": 13.979739869460815}, "datetime": {"datetime": "2021-09-29 20:14:01", "elapsed": 80.941593, "delta": 0.889001}}
{"target": -44.83375312319729, "params": {"eta": 0.11891855603210172, "max_depth": 2.166094678870842, "n_estimators": 14.082241711754747}, "datetime": {"datetime": "2021-09-29 20:14:02", "elapsed": 81.880813, "delta": 0.93922}}
{"target": -40.89505315206182, "params": {"eta": 0.11804060156945036, "max_depth": 2.4158652544669006, "n_estimators": 8.114216419750896}, "datetime": {"datetime": "2021-09-29 20:14:03", "elapsed": 82.877593, "delta": 0.99678}}
{"target": -58.335940065870474, "params": {"eta": 0.14815088674368213, "max_depth": 4.438425533402422, "n_estimators": 38.513546794680856}, "datetime": {"datetime": "2021-09-29 20:14:04", "elapsed": 83.610907, "delta": 0.733314}}
{"target": -42.91303395749131, "params": {"eta": 0.1707972522052699, "max_depth": 2.4344071765810016, "n_estimators": 8.145166310951208}, "datetime": {"datetime": "2021-09-29 20:14:05", "elapsed": 84.654906, "delta": 1.043999}}
{"target": -44.94820195112067, "params": {"eta": 0.05028520919764595, "max_depth": 4.468645281702668, "n_estimators": 17.740777017404554}, "datetime": {"datetime": "2021-09-29 20:14:05", "elapsed": 85.27786, "delta": 0.622954}}
{"target": -40.86581333636193, "params": {"eta": 0.15188792595808387, "max_depth": 2.5151824871727766, "n_estimators": 8.09505370962755}, "datetime": {"datetime": "2021-09-29 20:14:06", "elapsed": 86.261854, "delta": 0.983994}}
{"target": -45.57959322723996, "params": {"eta": 0.09371157233319358, "max_depth": 2.491637551820881, "n_estimators": 8.140717852332463}, "datetime": {"datetime": "2021-09-29 20:14:07", "elapsed": 87.219685, "delta": 0.957831}}
{"target": -49.933457487357494, "params": {"eta": 0.03527604908479809, "max_depth": 3.236915038366668, "n_estimators": 16.466723630072387}, "datetime": {"datetime": "2021-09-29 20:14:08", "elapsed": 87.889576, "delta": 0.669891}}
{"target": -42.31876027072217, "params": {"eta": 0.11175113382126967, "max_depth": 2.520018140353084, "n_estimators": 8.005933949724863}, "datetime": {"datetime": "2021-09-29 20:14:09", "elapsed": 88.999581, "delta": 1.110005}}
{"target": -60.36332885560205, "params": {"eta": 0.0624562667475468, "max_depth": 2.5657512913269698, "n_estimators": 7.931915478220005}, "datetime": {"datetime": "2021-09-29 20:14:10", "elapsed": 90.016776, "delta": 1.017195}}
{"target": -40.86581333636193, "params": {"eta": 0.15317594452510608, "max_depth": 2.439747522096148, "n_estimators": 8.017384203693497}, "datetime": {"datetime": "2021-09-29 20:14:11", "elapsed": 91.113059, "delta": 1.096283}}
{"target": -40.78662800721524, "params": {"eta": 0.08026165742236545, "max_depth": 2.0135673525780975, "n_estimators": 13.83829397239288}, "datetime": {"datetime": "2021-09-29 20:14:12", "elapsed": 91.86406, "delta": 0.751001}}
{"target": -52.62871089264202, "params": {"eta": 0.04404255565264878, "max_depth": 2.231203817460246, "n_estimators": 14.022069399961888}, "datetime": {"datetime": "2021-09-29 20:14:13", "elapsed": 93.123022, "delta": 1.258962}}
{"target": -41.6595831924048, "params": {"eta": 0.12919713091241194, "max_depth": 2.8200138674876287, "n_estimators": 9.348286177260707}, "datetime": {"datetime": "2021-09-29 20:14:14", "elapsed": 93.84702, "delta": 0.723998}}
{"target": -44.83375312319729, "params": {"eta": 0.12493186880201101, "max_depth": 2.308845752320975, "n_estimators": 14.650528077666628}, "datetime": {"datetime": "2021-09-29 20:14:15", "elapsed": 94.600023, "delta": 0.753003}}
{"target": -41.96540201435416, "params": {"eta": 0.14906623090527438, "max_depth": 2.766684817371067, "n_estimators": 9.298020828476124}, "datetime": {"datetime": "2021-09-29 20:14:16", "elapsed": 95.719779, "delta": 1.119756}}
{"target": -55.27448797468275, "params": {"eta": 0.10579947590565005, "max_depth": 3.8594507263286197, "n_estimators": 33.08985401297843}, "datetime": {"datetime": "2021-09-29 20:14:17", "elapsed": 96.565776, "delta": 0.845997}}
{"target": -40.72208011775664, "params": {"eta": 0.09944815900462738, "max_depth": 2.571967084983808, "n_estimators": 13.083255724959734}, "datetime": {"datetime": "2021-09-29 20:14:17", "elapsed": 97.405165, "delta": 0.839389}}
{"target": -42.26438849154659, "params": {"eta": 0.16350905806217284, "max_depth": 2.8485592054613167, "n_estimators": 9.278111813395107}, "datetime": {"datetime": "2021-09-29 20:14:19", "elapsed": 98.781085, "delta": 1.37592}}
{"target": -74.5298717803085, "params": {"eta": 0.03606408923795097, "max_depth": 3.8189287693583007, "n_estimators": 6.6624617792290595}, "datetime": {"datetime": "2021-09-29 20:14:19", "elapsed": 99.521321, "delta": 0.740236}}
{"target": -44.47890102807951, "params": {"eta": 0.18400417983423464, "max_depth": 2.7701091751527533, "n_estimators": 9.383900448296945}, "datetime": {"datetime": "2021-09-29 20:14:21", "elapsed": 100.675324, "delta": 1.154003}}
{"target": -62.34104873716676, "params": {"eta": 0.04452152269844332, "max_depth": 3.8445311927280272, "n_estimators": 10.116306552357294}, "datetime": {"datetime": "2021-09-29 20:14:21", "elapsed": 101.393858, "delta": 0.718534}}
{"target": -48.02291995420959, "params": {"eta": 0.14624892620614857, "max_depth": 2.5337564099122982, "n_estimators": 13.13620525299639}, "datetime": {"datetime": "2021-09-29 20:14:23", "elapsed": 102.748726, "delta": 1.354868}}
{"target": -43.8554123939993, "params": {"eta": 0.10975709326626328, "max_depth": 3.2510734546026443, "n_estimators": 8.416203353821903}, "datetime": {"datetime": "2021-09-29 20:14:24", "elapsed": 103.607336, "delta": 0.85861}}
{"target": -45.96660266321428, "params": {"eta": 0.11955656967366174, "max_depth": 3.8618693993602577, "n_estimators": 14.03866031391797}, "datetime": {"datetime": "2021-09-29 20:14:24", "elapsed": 104.459339, "delta": 0.852003}}
{"target": -53.26361329458027, "params": {"eta": 0.05699054520995112, "max_depth": 2.7818904939103044, "n_estimators": 9.304321654101239}, "datetime": {"datetime": "2021-09-29 20:14:26", "elapsed": 106.063312, "delta": 1.603973}}
{"target": -44.427787074753, "params": {"eta": 0.06280911517109308, "max_depth": 2.6618279849222763, "n_estimators": 13.05036782774087}, "datetime": {"datetime": "2021-09-29 20:14:28", "elapsed": 107.632061, "delta": 1.568749}}
{"target": -54.754281002956084, "params": {"eta": 0.043853507875829006, "max_depth": 2.5312742340469985, "n_estimators": 13.035780196741104}, "datetime": {"datetime": "2021-09-29 20:14:29", "elapsed": 109.216086, "delta": 1.584025}}
{"target": -47.63988187838588, "params": {"eta": 0.18128768403616863, "max_depth": 3.9023298120766863, "n_estimators": 9.946287904386363}, "datetime": {"datetime": "2021-09-29 20:14:30", "elapsed": 109.936086, "delta": 0.72}}
{"target": -53.67097600044931, "params": {"eta": 0.07519472491261825, "max_depth": 3.2352625214443536, "n_estimators": 37.975796394346396}, "datetime": {"datetime": "2021-09-29 20:14:31", "elapsed": 110.859089, "delta": 0.923003}}
