{"target": -40.92562073312077, "params": {"eta": 0.14226210717826537, "max_depth": 2.2482744668219596, "n_estimators": 8.931973291455979}, "datetime": {"datetime": "2021-09-29 20:33:48", "elapsed": 945.743689, "delta": 4.037059}}
{"target": -40.92562073312077, "params": {"eta": 0.14055586516029994, "max_depth": 2.9085433040305047, "n_estimators": 8.0913129911334}, "datetime": {"datetime": "2021-09-29 20:33:50", "elapsed": 948.349254, "delta": 2.605565}}
{"target": -49.017767022059616, "params": {"eta": 0.07963675982511363, "max_depth": 2.9330759852544195, "n_estimators": 8.176405612368256}, "datetime": {"datetime": "2021-09-29 20:33:55", "elapsed": 952.805512, "delta": 4.456258}}
{"target": -40.994333983879024, "params": {"eta": 0.14281908986165276, "max_depth": 2.916345637275311, "n_estimators": 7.972024745117037}, "datetime": {"datetime": "2021-09-29 20:33:58", "elapsed": 956.391341, "delta": 3.585829}}
{"target": -46.11072085354234, "params": {"eta": 0.11962393274701343, "max_depth": 3.8119928533374905, "n_estimators": 6.807653889272257}, "datetime": {"datetime": "2021-09-29 20:34:00", "elapsed": 958.022573, "delta": 1.631232}}
{"target": -41.033995279868776, "params": {"eta": 0.15232293772469943, "max_depth": 2.4537499130898826, "n_estimators": 8.955619078587569}, "datetime": {"datetime": "2021-09-29 20:34:03", "elapsed": 961.321273, "delta": 3.2987}}
{"target": -40.92562073312077, "params": {"eta": 0.137122530989481, "max_depth": 2.1154383684280154, "n_estimators": 8.824014814057655}, "datetime": {"datetime": "2021-09-29 20:34:07", "elapsed": 964.715136, "delta": 3.393863}}
{"target": -88.94109530224499, "params": {"eta": 0.09300743004356465, "max_depth": 2.530393662008507, "n_estimators": 1.8882505423494194}, "datetime": {"datetime": "2021-09-29 20:34:08", "elapsed": 966.388764, "delta": 1.673628}}
{"target": -40.005223970875186, "params": {"eta": 0.16, "max_depth": 2.5177253311290615, "n_estimators": 8.847780482186579}, "datetime": {"datetime": "2021-09-29 20:34:13", "elapsed": 970.774712, "delta": 4.385948}}
{"target": -42.190439144984275, "params": {"eta": 0.07921998039514938, "max_depth": 2.026943402296734, "n_estimators": 11.400668532190421}, "datetime": {"datetime": "2021-09-29 20:34:14", "elapsed": 972.331318, "delta": 1.556606}}
{"target": -41.96651255592825, "params": {"eta": 0.16, "max_depth": 2.3407115771807905, "n_estimators": 9.031834578669175}, "datetime": {"datetime": "2021-09-29 20:34:19", "elapsed": 977.408697, "delta": 5.077379}}
{"target": -41.19343519940332, "params": {"eta": 0.13502776960972052, "max_depth": 3.0284496931352693, "n_estimators": 8.010133456527411}, "datetime": {"datetime": "2021-09-29 20:34:22", "elapsed": 980.330925, "delta": 2.922228}}
{"target": -45.79317308611576, "params": {"eta": 0.12398599330355084, "max_depth": 3.4008069368214766, "n_estimators": 16.724373968701933}, "datetime": {"datetime": "2021-09-29 20:34:24", "elapsed": 982.05828, "delta": 1.727355}}
{"target": -40.85777575868401, "params": {"eta": 0.05744581431643378, "max_depth": 1.8337323336708211, "n_estimators": 17.780038854548717}, "datetime": {"datetime": "2021-09-29 20:34:26", "elapsed": 983.626838, "delta": 1.568558}}
{"target": -48.26038775191701, "params": {"eta": 0.11042715276889162, "max_depth": 1.8459863812561368, "n_estimators": 17.669808303709342}, "datetime": {"datetime": "2021-09-29 20:34:28", "elapsed": 986.412809, "delta": 2.785971}}
{"target": -52.3934524123722, "params": {"eta": 0.1443357046222672, "max_depth": 3.472154618417675, "n_estimators": 4.24169697644547}, "datetime": {"datetime": "2021-09-29 20:34:30", "elapsed": 988.011812, "delta": 1.599003}}
{"target": -40.92562073312077, "params": {"eta": 0.1436299403183045, "max_depth": 2.1911099449308185, "n_estimators": 8.702554975752278}, "datetime": {"datetime": "2021-09-29 20:34:34", "elapsed": 992.249301, "delta": 4.237489}}
{"target": -44.19958875388183, "params": {"eta": 0.03893889338994966, "max_depth": 2.1631814473095266, "n_estimators": 20.548520949465047}, "datetime": {"datetime": "2021-09-29 20:34:36", "elapsed": 993.985614, "delta": 1.736313}}
{"target": -46.562826883220595, "params": {"eta": 0.10547300086020564, "max_depth": 1.7171861202945102, "n_estimators": 6.670665435942574}, "datetime": {"datetime": "2021-09-29 20:34:38", "elapsed": 995.68927, "delta": 1.703656}}
{"target": -46.135109555322025, "params": {"eta": 0.09397215072322046, "max_depth": 2.089740331872144, "n_estimators": 8.718289377367473}, "datetime": {"datetime": "2021-09-29 20:34:41", "elapsed": 998.655588, "delta": 2.966318}}
{"target": -40.40189569414688, "params": {"eta": 0.15393771994761304, "max_depth": 2.162541710678897, "n_estimators": 7.163180007552716}, "datetime": {"datetime": "2021-09-29 20:34:44", "elapsed": 1001.684292, "delta": 3.028704}}
{"target": -83.35530277867511, "params": {"eta": 0.025776608520075836, "max_depth": 3.3821991881611018, "n_estimators": 5.482803489978503}, "datetime": {"datetime": "2021-09-29 20:34:45", "elapsed": 1003.430555, "delta": 1.746263}}
{"target": -55.884301735731924, "params": {"eta": 0.13534589895174007, "max_depth": 3.301446025025398, "n_estimators": 26.380047570864832}, "datetime": {"datetime": "2021-09-29 20:34:47", "elapsed": 1005.221887, "delta": 1.791332}}
{"target": -61.90919610529681, "params": {"eta": 0.048168273115848884, "max_depth": 2.1460837380845232, "n_estimators": 8.933330282724366}, "datetime": {"datetime": "2021-09-29 20:34:51", "elapsed": 1008.840624, "delta": 3.618737}}
{"target": -39.49455800648052, "params": {"eta": 0.15594586761912405, "max_depth": 2.7377629571674533, "n_estimators": 7.850567334054006}, "datetime": {"datetime": "2021-09-29 20:34:54", "elapsed": 1012.115706, "delta": 3.275082}}
{"target": -39.49455800648052, "params": {"eta": 0.16, "max_depth": 2.2057199369418505, "n_estimators": 7.042548772342925}, "datetime": {"datetime": "2021-09-29 20:34:58", "elapsed": 1015.75095, "delta": 3.635244}}
{"target": -84.08989731996914, "params": {"eta": 0.02494175446723158, "max_depth": 2.9850267603797738, "n_estimators": 7.906665842441488}, "datetime": {"datetime": "2021-09-29 20:35:04", "elapsed": 1021.441545, "delta": 5.690595}}
{"target": -52.27813602378063, "params": {"eta": 0.07956018961215168, "max_depth": 2.321117156564558, "n_estimators": 7.090235754380458}, "datetime": {"datetime": "2021-09-29 20:35:06", "elapsed": 1024.317042, "delta": 2.875497}}
{"target": -40.005223970875186, "params": {"eta": 0.15551902934488773, "max_depth": 2.8199445938454524, "n_estimators": 8.054314054303958}, "datetime": {"datetime": "2021-09-29 20:35:10", "elapsed": 1027.778832, "delta": 3.46179}}
{"target": -42.190439144984275, "params": {"eta": 0.08314068312701828, "max_depth": 2.0976790024297767, "n_estimators": 11.520191121205977}, "datetime": {"datetime": "2021-09-29 20:35:13", "elapsed": 1031.228767, "delta": 3.449935}}
{"target": -41.14032295133928, "params": {"eta": 0.08412288958948629, "max_depth": 3.000156894503407, "n_estimators": 16.051975418554658}, "datetime": {"datetime": "2021-09-29 20:35:15", "elapsed": 1033.084089, "delta": 1.855322}}
{"target": -46.29991605676973, "params": {"eta": 0.10344855623489314, "max_depth": 1.7467283793717145, "n_estimators": 17.840575013652607}, "datetime": {"datetime": "2021-09-29 20:35:18", "elapsed": 1036.305228, "delta": 3.221139}}
{"target": -49.385223111250085, "params": {"eta": 0.04342885967848285, "max_depth": 2.195837857422651, "n_estimators": 16.592384328306267}, "datetime": {"datetime": "2021-09-29 20:35:20", "elapsed": 1037.987313, "delta": 1.682085}}
{"target": -44.21209082900124, "params": {"eta": 0.16, "max_depth": 3.87575528734311, "n_estimators": 9.28081606213422}, "datetime": {"datetime": "2021-09-29 20:35:24", "elapsed": 1041.579151, "delta": 3.591838}}
{"target": -42.186958756317836, "params": {"eta": 0.1489148486465828, "max_depth": 3.1138579488316065, "n_estimators": 8.076184374894556}, "datetime": {"datetime": "2021-09-29 20:35:26", "elapsed": 1044.168301, "delta": 2.58915}}
{"target": -48.26038775191701, "params": {"eta": 0.10549447627226718, "max_depth": 1.9409043250670552, "n_estimators": 17.861907469592676}, "datetime": {"datetime": "2021-09-29 20:35:30", "elapsed": 1047.796453, "delta": 3.628152}}
{"target": -44.71947760964036, "params": {"eta": 0.11367668103262547, "max_depth": 3.1308966118406696, "n_estimators": 16.072938334392376}, "datetime": {"datetime": "2021-09-29 20:35:33", "elapsed": 1051.260031, "delta": 3.463578}}
{"target": -39.89122354194265, "params": {"eta": 0.102267239969909, "max_depth": 2.164376695946493, "n_estimators": 11.382231146604383}, "datetime": {"datetime": "2021-09-29 20:35:37", "elapsed": 1055.051969, "delta": 3.791938}}
{"target": -40.97824046182609, "params": {"eta": 0.11623253854200212, "max_depth": 2.2152694516105162, "n_estimators": 11.47275888387886}, "datetime": {"datetime": "2021-09-29 20:35:41", "elapsed": 1059.422368, "delta": 4.370399}}
{"target": -44.89010363133649, "params": {"eta": 0.11630763136897045, "max_depth": 3.044945350910078, "n_estimators": 15.92573383364436}, "datetime": {"datetime": "2021-09-29 20:35:46", "elapsed": 1063.834409, "delta": 4.412041}}
{"target": -76.41909024016584, "params": {"eta": 0.021610830968191823, "max_depth": 2.2173973380102554, "n_estimators": 11.379212446056911}, "datetime": {"datetime": "2021-09-29 20:35:50", "elapsed": 1068.240486, "delta": 4.406077}}
{"target": -46.156815821089516, "params": {"eta": 0.14481811536793995, "max_depth": 2.6040921224000604, "n_estimators": 13.49902059676025}, "datetime": {"datetime": "2021-09-29 20:35:52", "elapsed": 1069.975496, "delta": 1.73501}}
{"target": -43.17435467743561, "params": {"eta": 0.14185838907971002, "max_depth": 2.088180117945864, "n_estimators": 11.403104413737674}, "datetime": {"datetime": "2021-09-29 20:35:56", "elapsed": 1073.648932, "delta": 3.673436}}
{"target": -43.17435467743561, "params": {"eta": 0.13752291462619273, "max_depth": 2.1116221229762253, "n_estimators": 11.266163279213988}, "datetime": {"datetime": "2021-09-29 20:36:01", "elapsed": 1078.694647, "delta": 5.045715}}
{"target": -44.282666345466275, "params": {"eta": 0.14566501245547797, "max_depth": 2.212327206190436, "n_estimators": 11.568781235594981}, "datetime": {"datetime": "2021-09-29 20:36:05", "elapsed": 1082.801844, "delta": 4.107197}}
{"target": -40.005223970875186, "params": {"eta": 0.15979712511365565, "max_depth": 2.5777528485259333, "n_estimators": 8.964942228484482}, "datetime": {"datetime": "2021-09-29 20:36:08", "elapsed": 1085.745438, "delta": 2.943594}}
{"target": -64.82068115870324, "params": {"eta": 0.03941150855175732, "max_depth": 2.515027805536101, "n_estimators": 9.043720695986678}, "datetime": {"datetime": "2021-09-29 20:36:13", "elapsed": 1091.028719, "delta": 5.283281}}
{"target": -40.80638310341051, "params": {"eta": 0.16, "max_depth": 2.1695413151184977, "n_estimators": 6.929778767124692}, "datetime": {"datetime": "2021-09-29 20:36:19", "elapsed": 1096.448085, "delta": 5.419366}}
