{"target": -73.56153405769655, "params": {"eta": 0.027920053954946615, "max_depth": 5.975787062008415, "n_estimators": 9.639995015210747}, "datetime": {"datetime": "2021-09-29 17:38:36", "elapsed": 272.780806, "delta": 1.738586}}
{"target": -59.657438524498495, "params": {"eta": 0.23911717052765646, "max_depth": 10.197460701699411, "n_estimators": 55.09141349762222}, "datetime": {"datetime": "2021-09-29 17:38:37", "elapsed": 274.159804, "delta": 1.378998}}
{"target": -60.15291348578708, "params": {"eta": 0.07547803535450325, "max_depth": 23.187180550015167, "n_estimators": 6.121129221601723}, "datetime": {"datetime": "2021-09-29 17:38:39", "elapsed": 276.056776, "delta": 1.896972}}
{"target": -48.15013888597732, "params": {"eta": 0.18365671954693308, "max_depth": 6.031363042108471, "n_estimators": 14.33234143885214}, "datetime": {"datetime": "2021-09-29 17:38:40", "elapsed": 277.07674, "delta": 1.019964}}
{"target": -50.828441155407674, "params": {"eta": 0.4166693652128046, "max_depth": 26.383743315922146, "n_estimators": 3.3448860547024117}, "datetime": {"datetime": "2021-09-29 17:38:42", "elapsed": 279.263416, "delta": 2.186676}}
{"target": -52.6249859330429, "params": {"eta": 0.28512720242209283, "max_depth": 5.461058269367717, "n_estimators": 8.174331356472983}, "datetime": {"datetime": "2021-09-29 17:38:44", "elapsed": 280.773091, "delta": 1.509675}}
{"target": -46.304990672638866, "params": {"eta": 0.07843270899518892, "max_depth": 6.5909488311127005, "n_estimators": 11.456201555858389}, "datetime": {"datetime": "2021-09-29 17:38:46", "elapsed": 282.886745, "delta": 2.113654}}
{"target": -59.30745842436116, "params": {"eta": 0.14198698449208155, "max_depth": 24.56120606046014, "n_estimators": 64.5335850211344}, "datetime": {"datetime": "2021-09-29 17:38:48", "elapsed": 284.771705, "delta": 1.88496}}
{"target": -47.27103442704097, "params": {"eta": 0.07243465478400797, "max_depth": 26.69506800283953, "n_estimators": 14.72182852569557}, "datetime": {"datetime": "2021-09-29 17:38:49", "elapsed": 286.077706, "delta": 1.306001}}
{"target": -54.244206425261034, "params": {"eta": 0.21186040569327647, "max_depth": 27.216067098414285, "n_estimators": 12.641611370335415}, "datetime": {"datetime": "2021-09-29 17:38:50", "elapsed": 287.432574, "delta": 1.354868}}
{"target": -44.47859458481742, "params": {"eta": 0.19502834464294758, "max_depth": 5.915511260871244, "n_estimators": 8.086734643380353}, "datetime": {"datetime": "2021-09-29 17:38:53", "elapsed": 290.048533, "delta": 2.615959}}
{"target": -45.50180903290047, "params": {"eta": 0.22814963816347808, "max_depth": 23.600927556113042, "n_estimators": 6.1123824550829005}, "datetime": {"datetime": "2021-09-29 17:38:55", "elapsed": 292.02932, "delta": 1.980787}}
{"target": -64.26230809762458, "params": {"eta": 0.5495929430062926, "max_depth": 3.509129598216963, "n_estimators": 36.85699288141289}, "datetime": {"datetime": "2021-09-29 17:38:56", "elapsed": 293.287606, "delta": 1.258286}}
{"target": -80.20622605360536, "params": {"eta": 0.9807057977973221, "max_depth": 14.747340553491384, "n_estimators": 10.672275768155547}, "datetime": {"datetime": "2021-09-29 17:38:58", "elapsed": 294.691861, "delta": 1.404255}}
{"target": -53.53768958177185, "params": {"eta": 0.7056813054350233, "max_depth": 27.62957989648748, "n_estimators": 2.9197348585681357}, "datetime": {"datetime": "2021-09-29 17:39:00", "elapsed": 296.793792, "delta": 2.101931}}
{"target": -50.828441155407674, "params": {"eta": 0.4225244813181806, "max_depth": 26.72075148415618, "n_estimators": 3.3757496962185103}, "datetime": {"datetime": "2021-09-29 17:39:02", "elapsed": 298.797243, "delta": 2.003451}}
{"target": -55.85693304640505, "params": {"eta": 0.38480146657911524, "max_depth": 6.069142578198633, "n_estimators": 9.687842816959211}, "datetime": {"datetime": "2021-09-29 17:39:04", "elapsed": 300.857214, "delta": 2.059971}}
{"target": -45.06776967655596, "params": {"eta": 0.08814446820430719, "max_depth": 26.612346950438152, "n_estimators": 14.55480931088896}, "datetime": {"datetime": "2021-09-29 17:39:07", "elapsed": 303.722492, "delta": 2.865278}}
{"target": -91.00181824466006, "params": {"eta": 0.012762865152034631, "max_depth": 5.974574647745359, "n_estimators": 8.11461550593414}, "datetime": {"datetime": "2021-09-29 17:39:10", "elapsed": 306.845205, "delta": 3.122713}}
{"target": -88.12293754701466, "params": {"eta": 0.01, "max_depth": 6.434360820795876, "n_estimators": 11.398061263261553}, "datetime": {"datetime": "2021-09-29 17:39:12", "elapsed": 309.566766, "delta": 2.721561}}
{"target": -65.08760774977507, "params": {"eta": 0.758960633578099, "max_depth": 8.547143534789102, "n_estimators": 67.32254296640828}, "datetime": {"datetime": "2021-09-29 17:39:15", "elapsed": 312.353885, "delta": 2.787119}}
{"target": -56.03705642611785, "params": {"eta": 0.3270447252817796, "max_depth": 6.387646292283314, "n_estimators": 11.56623095058898}, "datetime": {"datetime": "2021-09-29 17:39:19", "elapsed": 316.010582, "delta": 3.656697}}
{"target": -59.35074469587246, "params": {"eta": 0.4500907135842733, "max_depth": 5.863532472492899, "n_estimators": 8.075826763695902}, "datetime": {"datetime": "2021-09-29 17:39:21", "elapsed": 318.340184, "delta": 2.329602}}
{"target": -54.87930040126341, "params": {"eta": 0.1216860889554991, "max_depth": 23.742421847659926, "n_estimators": 5.935075475774719}, "datetime": {"datetime": "2021-09-29 17:39:23", "elapsed": 320.557763, "delta": 2.217579}}
{"target": -45.898507052097976, "params": {"eta": 0.1228865554623508, "max_depth": 5.462677835702461, "n_estimators": 7.704732247327172}, "datetime": {"datetime": "2021-09-29 17:39:26", "elapsed": 323.090223, "delta": 2.53246}}
{"target": -84.23805035282919, "params": {"eta": 0.9894852271017878, "max_depth": 28.08929497264006, "n_estimators": 5.361770322229887}, "datetime": {"datetime": "2021-09-29 17:39:27", "elapsed": 324.47987, "delta": 1.389647}}
{"target": -49.12595939922855, "params": {"eta": 0.28672528371301925, "max_depth": 23.486195570988063, "n_estimators": 6.008568330991496}, "datetime": {"datetime": "2021-09-29 17:39:31", "elapsed": 328.028441, "delta": 3.548571}}
{"target": -54.62378186981552, "params": {"eta": 0.07775054333457151, "max_depth": 5.254154116957484, "n_estimators": 7.748318694233412}, "datetime": {"datetime": "2021-09-29 17:39:33", "elapsed": 330.310252, "delta": 2.281811}}
{"target": -46.91614791807483, "params": {"eta": 0.4051811247277129, "max_depth": 6.279633441059112, "n_estimators": 3.5098801209229564}, "datetime": {"datetime": "2021-09-29 17:39:34", "elapsed": 331.545795, "delta": 1.235543}}
{"target": -52.557772968309635, "params": {"eta": 0.36318417830060135, "max_depth": 6.08339014677559, "n_estimators": 7.9956959959443905}, "datetime": {"datetime": "2021-09-29 17:39:37", "elapsed": 334.405805, "delta": 2.86001}}
{"target": -44.255171664096224, "params": {"eta": 0.09545439014142894, "max_depth": 6.756696795287651, "n_estimators": 11.589760651140553}, "datetime": {"datetime": "2021-09-29 17:39:40", "elapsed": 336.88894, "delta": 2.483135}}
{"target": -46.00335948927064, "params": {"eta": 0.12981967180386306, "max_depth": 6.2063707768465814, "n_estimators": 14.363813486892706}, "datetime": {"datetime": "2021-09-29 17:39:42", "elapsed": 339.052847, "delta": 2.163907}}
{"target": -49.048122922402186, "params": {"eta": 0.09681445685407128, "max_depth": 5.642785757363703, "n_estimators": 7.761369426236086}, "datetime": {"datetime": "2021-09-29 17:39:44", "elapsed": 341.22702, "delta": 2.174173}}
{"target": -58.307356440644796, "params": {"eta": 0.38320760929759196, "max_depth": 6.046680455067861, "n_estimators": 14.520082640787425}, "datetime": {"datetime": "2021-09-29 17:39:47", "elapsed": 344.082437, "delta": 2.855417}}
{"target": -66.09926564383302, "params": {"eta": 0.4190991705129788, "max_depth": 10.17027880607835, "n_estimators": 12.821225829891949}, "datetime": {"datetime": "2021-09-29 17:39:48", "elapsed": 345.548977, "delta": 1.46654}}
{"target": -44.255171664096224, "params": {"eta": 0.09892213381222612, "max_depth": 6.64627214047265, "n_estimators": 11.622786946369208}, "datetime": {"datetime": "2021-09-29 17:39:51", "elapsed": 347.910978, "delta": 2.362001}}
{"target": -71.94638550689707, "params": {"eta": 0.7772264737103077, "max_depth": 28.118520539010877, "n_estimators": 56.62360140355879}, "datetime": {"datetime": "2021-09-29 17:39:52", "elapsed": 349.503276, "delta": 1.592298}}
{"target": -62.54409123314104, "params": {"eta": 0.6365725742202544, "max_depth": 25.229846529041872, "n_estimators": 23.74041832209401}, "datetime": {"datetime": "2021-09-29 17:39:55", "elapsed": 351.857412, "delta": 2.354136}}
{"target": -68.57922142125335, "params": {"eta": 0.5735777473207896, "max_depth": 14.26061773205414, "n_estimators": 57.7268346151524}, "datetime": {"datetime": "2021-09-29 17:39:57", "elapsed": 353.981623, "delta": 2.124211}}
{"target": -51.119331420638005, "params": {"eta": 0.363042439831982, "max_depth": 23.326138129163052, "n_estimators": 6.185562075369424}, "datetime": {"datetime": "2021-09-29 17:40:00", "elapsed": 357.098702, "delta": 3.117079}}
{"target": -60.93828116534114, "params": {"eta": 0.2065090651917755, "max_depth": 19.866164895113826, "n_estimators": 62.31501747833396}, "datetime": {"datetime": "2021-09-29 17:40:04", "elapsed": 361.111058, "delta": 4.012356}}
{"target": -78.24245540003916, "params": {"eta": 0.02006142849885735, "max_depth": 6.776818699342582, "n_estimators": 11.489501668364714}, "datetime": {"datetime": "2021-09-29 17:40:07", "elapsed": 363.690505, "delta": 2.579447}}
{"target": -76.92186568489662, "params": {"eta": 0.9757634097649236, "max_depth": 9.058609368116215, "n_estimators": 8.50184007330212}, "datetime": {"datetime": "2021-09-29 17:40:08", "elapsed": 365.209502, "delta": 1.518997}}
{"target": -51.923905771713386, "params": {"eta": 0.5365514691848485, "max_depth": 10.726036195962893, "n_estimators": 1.3858626545867163}, "datetime": {"datetime": "2021-09-29 17:40:10", "elapsed": 366.68166, "delta": 1.472158}}
{"target": -67.16758221225611, "params": {"eta": 0.3892746050192195, "max_depth": 22.63420598740815, "n_estimators": 56.651958355290205}, "datetime": {"datetime": "2021-09-29 17:40:12", "elapsed": 368.86151, "delta": 2.17985}}
{"target": -58.96381525866027, "params": {"eta": 0.3042545928272559, "max_depth": 26.663221644916913, "n_estimators": 14.541090265762474}, "datetime": {"datetime": "2021-09-29 17:40:15", "elapsed": 372.262187, "delta": 3.400677}}
{"target": -54.87840398348911, "params": {"eta": 0.06620321568655492, "max_depth": 5.546256090890471, "n_estimators": 8.799871812041555}, "datetime": {"datetime": "2021-09-29 17:40:18", "elapsed": 375.525136, "delta": 3.262949}}
{"target": -53.25379443239551, "params": {"eta": 0.4701207920993232, "max_depth": 26.57663694565561, "n_estimators": 3.5285045611160757}, "datetime": {"datetime": "2021-09-29 17:40:21", "elapsed": 377.758725, "delta": 2.233589}}
{"target": -42.83475102607156, "params": {"eta": 0.18929297912986312, "max_depth": 5.466562569953291, "n_estimators": 7.8886649345524855}, "datetime": {"datetime": "2021-09-29 17:40:23", "elapsed": 379.941235, "delta": 2.18251}}
{"target": -83.21851732577107, "params": {"eta": 0.017175099988405457, "max_depth": 5.6565300464992685, "n_estimators": 8.40386060054831}, "datetime": {"datetime": "2021-09-29 17:40:25", "elapsed": 382.229036, "delta": 2.287801}}
{"target": -44.45256940744377, "params": {"eta": 0.022615170933268487, "max_depth": 8.883711543052849, "n_estimators": 64.50418552295451}, "datetime": {"datetime": "2021-09-29 17:40:27", "elapsed": 384.04381, "delta": 1.814774}}
{"target": -51.19861742437691, "params": {"eta": 0.028139985949309505, "max_depth": 21.943881549449934, "n_estimators": 69.63759387205214}, "datetime": {"datetime": "2021-09-29 17:40:29", "elapsed": 386.363384, "delta": 2.319574}}
{"target": -51.5194910910185, "params": {"eta": 0.24801621527300396, "max_depth": 26.773559188568008, "n_estimators": 3.2739190735292594}, "datetime": {"datetime": "2021-09-29 17:40:31", "elapsed": 388.365782, "delta": 2.002398}}
{"target": -69.34069652708874, "params": {"eta": 0.6761019105950421, "max_depth": 8.30129025510411, "n_estimators": 20.91990260453377}, "datetime": {"datetime": "2021-09-29 17:40:33", "elapsed": 390.325984, "delta": 1.960202}}
{"target": -59.72731246962656, "params": {"eta": 0.7096355814388987, "max_depth": 24.063673594469588, "n_estimators": 71.88440762601684}, "datetime": {"datetime": "2021-09-29 17:40:35", "elapsed": 392.168852, "delta": 1.842868}}
{"target": -59.21096288497485, "params": {"eta": 0.19805426481588445, "max_depth": 12.054541308469686, "n_estimators": 36.20145268202749}, "datetime": {"datetime": "2021-09-29 17:40:37", "elapsed": 394.280797, "delta": 2.111945}}
{"target": -57.07654284315126, "params": {"eta": 0.36447779151662, "max_depth": 24.888889180906762, "n_estimators": 64.52502335393395}, "datetime": {"datetime": "2021-09-29 17:40:39", "elapsed": 396.568845, "delta": 2.288048}}
{"target": -60.34676905727616, "params": {"eta": 0.7154447257918679, "max_depth": 4.730887230200631, "n_estimators": 17.033919939132492}, "datetime": {"datetime": "2021-09-29 17:40:42", "elapsed": 398.64195, "delta": 2.073105}}
{"target": -62.052093439891955, "params": {"eta": 0.5296825055172636, "max_depth": 24.626206910738105, "n_estimators": 7.876814437482336}, "datetime": {"datetime": "2021-09-29 17:40:43", "elapsed": 400.288708, "delta": 1.646758}}
{"target": -50.37028479105052, "params": {"eta": 0.33963533872077895, "max_depth": 5.313885868937908, "n_estimators": 7.8537772241881045}, "datetime": {"datetime": "2021-09-29 17:40:46", "elapsed": 402.784871, "delta": 2.496163}}
{"target": -60.132273915635736, "params": {"eta": 0.712911835904606, "max_depth": 9.90244604144846, "n_estimators": 11.313533765538173}, "datetime": {"datetime": "2021-09-29 17:40:49", "elapsed": 405.742572, "delta": 2.957701}}
{"target": -49.756094346381325, "params": {"eta": 0.20855197175799634, "max_depth": 6.04918539525207, "n_estimators": 9.470882420669762}, "datetime": {"datetime": "2021-09-29 17:40:52", "elapsed": 409.474268, "delta": 3.731696}}
{"target": -75.85635203038144, "params": {"eta": 0.9992535529935419, "max_depth": 8.077633555978684, "n_estimators": 55.527203070170785}, "datetime": {"datetime": "2021-09-29 17:40:55", "elapsed": 412.229525, "delta": 2.755257}}
{"target": -64.45334611515354, "params": {"eta": 0.45453030605208816, "max_depth": 10.570774309896084, "n_estimators": 45.114356094036275}, "datetime": {"datetime": "2021-09-29 17:40:57", "elapsed": 414.204636, "delta": 1.975111}}
{"target": -64.98212355105841, "params": {"eta": 0.7439135950143968, "max_depth": 27.365757388830243, "n_estimators": 79.48333129786771}, "datetime": {"datetime": "2021-09-29 17:41:00", "elapsed": 417.437035, "delta": 3.232399}}
{"target": -72.53411964765763, "params": {"eta": 0.9260055759804199, "max_depth": 23.534053313283007, "n_estimators": 48.78298599216984}, "datetime": {"datetime": "2021-09-29 17:41:04", "elapsed": 421.143854, "delta": 3.706819}}
{"target": -60.05953470847398, "params": {"eta": 0.20828497272190868, "max_depth": 21.85559166430798, "n_estimators": 23.783639947616873}, "datetime": {"datetime": "2021-09-29 17:41:06", "elapsed": 423.599457, "delta": 2.455603}}
{"target": -66.96099847869615, "params": {"eta": 0.43509535914986347, "max_depth": 23.61802026289897, "n_estimators": 72.4374921861373}, "datetime": {"datetime": "2021-09-29 17:41:10", "elapsed": 427.145071, "delta": 3.545614}}
{"target": -44.378160813236555, "params": {"eta": 0.14688459462770173, "max_depth": 6.176096540899807, "n_estimators": 9.493253089749262}, "datetime": {"datetime": "2021-09-29 17:41:14", "elapsed": 431.072556, "delta": 3.927485}}
{"target": -49.231959238285825, "params": {"eta": 0.24321868048888037, "max_depth": 5.43110785271509, "n_estimators": 8.847094292874848}, "datetime": {"datetime": "2021-09-29 17:41:20", "elapsed": 436.877602, "delta": 5.805046}}
{"target": -47.84702136579081, "params": {"eta": 0.13053388301408586, "max_depth": 26.61752972298711, "n_estimators": 14.394417320076276}, "datetime": {"datetime": "2021-09-29 17:41:23", "elapsed": 440.568238, "delta": 3.690636}}
{"target": -55.82666801535493, "params": {"eta": 0.06772134121192469, "max_depth": 14.357284629261468, "n_estimators": 34.51217520140194}, "datetime": {"datetime": "2021-09-29 17:41:28", "elapsed": 445.0476, "delta": 4.479362}}
{"target": -78.58779187942417, "params": {"eta": 0.033030652632505535, "max_depth": 5.510034230665229, "n_estimators": 7.640457388264856}, "datetime": {"datetime": "2021-09-29 17:41:31", "elapsed": 447.990645, "delta": 2.943045}}
{"target": -45.06899597089072, "params": {"eta": 0.1797454161999985, "max_depth": 5.383845645248881, "n_estimators": 8.700956538561154}, "datetime": {"datetime": "2021-09-29 17:41:35", "elapsed": 451.930245, "delta": 3.9396}}
{"target": -83.31906874021644, "params": {"eta": 0.9709788969491906, "max_depth": 25.382689294963978, "n_estimators": 24.97898830568459}, "datetime": {"datetime": "2021-09-29 17:41:38", "elapsed": 454.741813, "delta": 2.811568}}
{"target": -53.66197676103018, "params": {"eta": 0.22078788337300145, "max_depth": 6.467637400553981, "n_estimators": 11.688877474030061}, "datetime": {"datetime": "2021-09-29 17:41:41", "elapsed": 458.047636, "delta": 3.305823}}
{"target": -44.930314579451135, "params": {"eta": 0.14608271394354103, "max_depth": 5.091007901063399, "n_estimators": 9.511865728127212}, "datetime": {"datetime": "2021-09-29 17:41:44", "elapsed": 460.906509, "delta": 2.858873}}
{"target": -61.00588687424644, "params": {"eta": 0.6327608526130852, "max_depth": 9.774927009171622, "n_estimators": 11.584039719162309}, "datetime": {"datetime": "2021-09-29 17:41:47", "elapsed": 464.539613, "delta": 3.633104}}
{"target": -51.73031216688155, "params": {"eta": 0.19613255527984458, "max_depth": 6.635972837151747, "n_estimators": 11.679913384364825}, "datetime": {"datetime": "2021-09-29 17:41:51", "elapsed": 467.993507, "delta": 3.453894}}
{"target": -75.37515085220086, "params": {"eta": 0.8710261159478293, "max_depth": 21.733059363237317, "n_estimators": 58.81234305996136}, "datetime": {"datetime": "2021-09-29 17:41:53", "elapsed": 470.160059, "delta": 2.166552}}
{"target": -47.27103442704097, "params": {"eta": 0.07218422918607906, "max_depth": 26.896711512558213, "n_estimators": 14.767968997433291}, "datetime": {"datetime": "2021-09-29 17:41:57", "elapsed": 473.643966, "delta": 3.483907}}
{"target": -63.98196439391695, "params": {"eta": 0.4944455163353437, "max_depth": 26.170707899872387, "n_estimators": 62.875939252272055}, "datetime": {"datetime": "2021-09-29 17:41:59", "elapsed": 475.834149, "delta": 2.190183}}
{"target": -53.616472240085415, "params": {"eta": 0.3531100564832297, "max_depth": 5.995392314188189, "n_estimators": 8.202876088539233}, "datetime": {"datetime": "2021-09-29 17:42:02", "elapsed": 478.937926, "delta": 3.103777}}
{"target": -67.81880198052312, "params": {"eta": 0.7881249271541236, "max_depth": 28.434033291522624, "n_estimators": 23.19340129644267}, "datetime": {"datetime": "2021-09-29 17:42:04", "elapsed": 480.716541, "delta": 1.778615}}
{"target": -58.03737778752755, "params": {"eta": 0.17685513311448534, "max_depth": 12.992230379358984, "n_estimators": 48.34312696943302}, "datetime": {"datetime": "2021-09-29 17:42:06", "elapsed": 482.685151, "delta": 1.96861}}
{"target": -77.42279321801956, "params": {"eta": 0.8789928912222253, "max_depth": 7.766947488437562, "n_estimators": 49.460000645959475}, "datetime": {"datetime": "2021-09-29 17:42:08", "elapsed": 484.749464, "delta": 2.064313}}
{"target": -54.59817302239536, "params": {"eta": 0.2190904122598496, "max_depth": 6.837169704496839, "n_estimators": 12.142100936695021}, "datetime": {"datetime": "2021-09-29 17:42:10", "elapsed": 487.200108, "delta": 2.450644}}
{"target": -52.363500194621295, "params": {"eta": 0.08480137106141675, "max_depth": 6.731560520349728, "n_estimators": 8.422905606952895}, "datetime": {"datetime": "2021-09-29 17:42:13", "elapsed": 490.104332, "delta": 2.904224}}
{"target": -65.48130233219797, "params": {"eta": 0.7699756462689707, "max_depth": 9.25776849928258, "n_estimators": 3.4575753593100513}, "datetime": {"datetime": "2021-09-29 17:42:15", "elapsed": 492.463013, "delta": 2.358681}}
{"target": -67.61666738341638, "params": {"eta": 0.43204762879661707, "max_depth": 24.039964926533422, "n_estimators": 13.550566224615974}, "datetime": {"datetime": "2021-09-29 17:42:17", "elapsed": 494.340351, "delta": 1.877338}}
{"target": -60.11241150733076, "params": {"eta": 0.38879510935676836, "max_depth": 3.249698028746933, "n_estimators": 79.15801349649017}, "datetime": {"datetime": "2021-09-29 17:42:19", "elapsed": 496.112201, "delta": 1.77185}}
{"target": -51.92616159899769, "params": {"eta": 0.3132763491894862, "max_depth": 5.83927728351047, "n_estimators": 8.258704621962274}, "datetime": {"datetime": "2021-09-29 17:42:22", "elapsed": 499.237386, "delta": 3.125185}}
{"target": -65.15783536653423, "params": {"eta": 0.7460513883720715, "max_depth": 19.770577726731897, "n_estimators": 46.05245508825792}, "datetime": {"datetime": "2021-09-29 17:42:24", "elapsed": 501.37524, "delta": 2.137854}}
{"target": -51.03073528629242, "params": {"eta": 0.24413343192128834, "max_depth": 7.1429419314986875, "n_estimators": 12.341739599467909}, "datetime": {"datetime": "2021-09-29 17:42:27", "elapsed": 504.453824, "delta": 3.078584}}
{"target": -59.74939562847028, "params": {"eta": 0.5099720657806897, "max_depth": 19.666061367146366, "n_estimators": 44.9767870156444}, "datetime": {"datetime": "2021-09-29 17:42:30", "elapsed": 506.882253, "delta": 2.428429}}
{"target": -54.85356992457504, "params": {"eta": 0.09862448819102046, "max_depth": 7.740492413380268, "n_estimators": 39.64003318764405}, "datetime": {"datetime": "2021-09-29 17:42:32", "elapsed": 509.209491, "delta": 2.327238}}
