{"target": -45.67835626393805, "params": {"eta": 0.10576239453180518, "max_depth": 5.454598690507424, "n_estimators": 8.439059504993052}, "datetime": {"datetime": "2021-09-29 17:36:04", "elapsed": 120.895811, "delta": 0.824935}}
{"target": -47.45409800901645, "params": {"eta": 0.1504227075446332, "max_depth": 23.393067098005467, "n_estimators": 6.016281233785091}, "datetime": {"datetime": "2021-09-29 17:36:05", "elapsed": 122.360336, "delta": 1.464525}}
{"target": -53.66197676103018, "params": {"eta": 0.21998760426952133, "max_depth": 6.280825973557565, "n_estimators": 11.801555746575065}, "datetime": {"datetime": "2021-09-29 17:36:07", "elapsed": 123.758335, "delta": 1.397999}}
{"target": -58.71557287647406, "params": {"eta": 0.203389516663814, "max_depth": 7.062462702419088, "n_estimators": 24.516427369737777}, "datetime": {"datetime": "2021-09-29 17:36:08", "elapsed": 124.971343, "delta": 1.213008}}
{"target": -60.086102485694504, "params": {"eta": 0.2336657705950329, "max_depth": 27.130207626799567, "n_estimators": 2.9856043354474453}, "datetime": {"datetime": "2021-09-29 17:36:09", "elapsed": 126.272337, "delta": 1.300994}}
{"target": -60.14643653090872, "params": {"eta": 0.20380756837273312, "max_depth": 16.357877285146014, "n_estimators": 35.66847242430259}, "datetime": {"datetime": "2021-09-29 17:36:11", "elapsed": 127.668745, "delta": 1.396408}}
{"target": -59.31135283103235, "params": {"eta": 0.7189713414515468, "max_depth": 12.620329091118617, "n_estimators": 24.77438854155988}, "datetime": {"datetime": "2021-09-29 17:36:11", "elapsed": 128.569745, "delta": 0.901}}
{"target": -46.62659638509859, "params": {"eta": 0.34472100386935284, "max_depth": 26.851769810565447, "n_estimators": 3.307554286739146}, "datetime": {"datetime": "2021-09-29 17:36:14", "elapsed": 130.630543, "delta": 2.060798}}
{"target": -56.03111052466021, "params": {"eta": 0.7017899953054088, "max_depth": 9.902608533092073, "n_estimators": 11.32432642789557}, "datetime": {"datetime": "2021-09-29 17:36:15", "elapsed": 131.668148, "delta": 1.037605}}
{"target": -62.34358655660493, "params": {"eta": 0.5042003993041604, "max_depth": 7.31484916836805, "n_estimators": 21.03740567241654}, "datetime": {"datetime": "2021-09-29 17:36:16", "elapsed": 132.708144, "delta": 1.039996}}
{"target": -55.97727999080855, "params": {"eta": 0.3356098875635259, "max_depth": 4.928513451225985, "n_estimators": 8.771629222141403}, "datetime": {"datetime": "2021-09-29 17:36:17", "elapsed": 133.813014, "delta": 1.10487}}
{"target": -58.63953978520882, "params": {"eta": 0.26406859326281057, "max_depth": 21.066219590704225, "n_estimators": 59.10980277774893}, "datetime": {"datetime": "2021-09-29 17:36:19", "elapsed": 135.867585, "delta": 2.054571}}
{"target": -45.23357848293102, "params": {"eta": 0.08580513869878477, "max_depth": 6.5246870669249555, "n_estimators": 11.756933646350454}, "datetime": {"datetime": "2021-09-29 17:36:20", "elapsed": 137.126345, "delta": 1.25876}}
{"target": -50.534221199591386, "params": {"eta": 0.0755703863562285, "max_depth": 4.983416835918998, "n_estimators": 8.660667191176154}, "datetime": {"datetime": "2021-09-29 17:36:21", "elapsed": 138.153342, "delta": 1.026997}}
{"target": -70.70128160072043, "params": {"eta": 0.5967656021447513, "max_depth": 24.98057261221004, "n_estimators": 27.33459315617483}, "datetime": {"datetime": "2021-09-29 17:36:23", "elapsed": 140.544586, "delta": 2.391244}}
{"target": -54.87840398348911, "params": {"eta": 0.07479523584908909, "max_depth": 5.491539180951106, "n_estimators": 8.585083016762571}, "datetime": {"datetime": "2021-09-29 17:36:25", "elapsed": 142.143272, "delta": 1.598686}}
{"target": -47.31243939463175, "params": {"eta": 0.14382068334065967, "max_depth": 23.050159049472192, "n_estimators": 6.044770140489766}, "datetime": {"datetime": "2021-09-29 17:36:27", "elapsed": 143.882055, "delta": 1.738783}}
{"target": -44.29937382920501, "params": {"eta": 0.044176067395924425, "max_depth": 4.464207887267974, "n_estimators": 40.68813683253336}, "datetime": {"datetime": "2021-09-29 17:36:28", "elapsed": 144.814095, "delta": 0.93204}}
{"target": -63.98196439391695, "params": {"eta": 0.49183708667315146, "max_depth": 25.16995655953495, "n_estimators": 78.23827845471338}, "datetime": {"datetime": "2021-09-29 17:36:29", "elapsed": 146.536677, "delta": 1.722582}}
{"target": -63.27780756045788, "params": {"eta": 0.8500564056369083, "max_depth": 5.281349544590476, "n_estimators": 38.53184080533159}, "datetime": {"datetime": "2021-09-29 17:36:30", "elapsed": 147.574282, "delta": 1.037605}}
{"target": -63.72624534846546, "params": {"eta": 0.014371374057667929, "max_depth": 4.554983979772712, "n_estimators": 40.82338841206486}, "datetime": {"datetime": "2021-09-29 17:36:32", "elapsed": 149.00906, "delta": 1.434778}}
{"target": -75.74518926437419, "params": {"eta": 0.04746140347767853, "max_depth": 23.221845333356292, "n_estimators": 5.850206271117672}, "datetime": {"datetime": "2021-09-29 17:36:33", "elapsed": 150.483231, "delta": 1.474171}}
{"target": -51.89665719677803, "params": {"eta": 0.23111173832183332, "max_depth": 6.224821043162205, "n_estimators": 11.765099469925596}, "datetime": {"datetime": "2021-09-29 17:36:34", "elapsed": 151.212436, "delta": 0.729205}}
{"target": -52.198748901549166, "params": {"eta": 0.05848790058735868, "max_depth": 6.644171556940082, "n_estimators": 11.84659922597106}, "datetime": {"datetime": "2021-09-29 17:36:35", "elapsed": 152.321435, "delta": 1.108999}}
{"target": -47.81885589188728, "params": {"eta": 0.18778547067432025, "max_depth": 6.130765161598132, "n_estimators": 9.321371774877026}, "datetime": {"datetime": "2021-09-29 17:36:36", "elapsed": 153.373725, "delta": 1.05229}}
{"target": -44.69079759602932, "params": {"eta": 0.12648842473483735, "max_depth": 6.869912042972375, "n_estimators": 12.129411470954857}, "datetime": {"datetime": "2021-09-29 17:36:38", "elapsed": 154.754287, "delta": 1.380562}}
{"target": -67.60070904666988, "params": {"eta": 0.030630422485760367, "max_depth": 6.828711028856031, "n_estimators": 12.140543378065152}, "datetime": {"datetime": "2021-09-29 17:36:39", "elapsed": 155.733986, "delta": 0.979699}}
{"target": -43.83706831213637, "params": {"eta": 0.17218415350132008, "max_depth": 5.637308264264977, "n_estimators": 8.078706615642254}, "datetime": {"datetime": "2021-09-29 17:36:40", "elapsed": 156.984729, "delta": 1.250743}}
{"target": -47.11834568907091, "params": {"eta": 0.37017913295067956, "max_depth": 26.583073681678385, "n_estimators": 3.4093519637560266}, "datetime": {"datetime": "2021-09-29 17:36:41", "elapsed": 158.137728, "delta": 1.152999}}
{"target": -43.66264562328769, "params": {"eta": 0.1600590412045868, "max_depth": 5.5918309285222545, "n_estimators": 8.87414357466493}, "datetime": {"datetime": "2021-09-29 17:36:42", "elapsed": 159.438729, "delta": 1.301001}}
{"target": -85.38697748270616, "params": {"eta": 0.023746001311539644, "max_depth": 22.63277156262887, "n_estimators": 7.86205558161362}, "datetime": {"datetime": "2021-09-29 17:36:44", "elapsed": 161.176596, "delta": 1.737867}}
{"target": -47.18767589351941, "params": {"eta": 0.02525045367677874, "max_depth": 8.580850312799088, "n_estimators": 64.7378078389725}, "datetime": {"datetime": "2021-09-29 17:36:46", "elapsed": 163.515305, "delta": 2.338709}}
{"target": -57.953736288104885, "params": {"eta": 0.34285103571450515, "max_depth": 6.69931548450423, "n_estimators": 12.15236548075662}, "datetime": {"datetime": "2021-09-29 17:36:48", "elapsed": 165.03555, "delta": 1.520245}}
{"target": -65.00726710063026, "params": {"eta": 0.34558703673191843, "max_depth": 10.156858109833763, "n_estimators": 29.687901735167948}, "datetime": {"datetime": "2021-09-29 17:36:50", "elapsed": 166.688764, "delta": 1.653214}}
{"target": -49.35216799548777, "params": {"eta": 0.3852231235406155, "max_depth": 27.01395205433138, "n_estimators": 3.3821257506856703}, "datetime": {"datetime": "2021-09-29 17:36:51", "elapsed": 167.950631, "delta": 1.261867}}
{"target": -44.263354861370324, "params": {"eta": 0.12362073675263764, "max_depth": 6.397468196994125, "n_estimators": 11.517642889089302}, "datetime": {"datetime": "2021-09-29 17:36:52", "elapsed": 169.040409, "delta": 1.089778}}
{"target": -61.06138552029594, "params": {"eta": 0.19595190542405377, "max_depth": 8.73099232732303, "n_estimators": 64.73820828052516}, "datetime": {"datetime": "2021-09-29 17:36:54", "elapsed": 170.657259, "delta": 1.61685}}
{"target": -44.930314579451135, "params": {"eta": 0.15419386488013875, "max_depth": 5.1973585701779434, "n_estimators": 9.556249066721914}, "datetime": {"datetime": "2021-09-29 17:36:54", "elapsed": 171.463258, "delta": 0.805999}}
{"target": -53.57824738303384, "params": {"eta": 0.33501237559709407, "max_depth": 13.12349386376835, "n_estimators": 6.620295436648763}, "datetime": {"datetime": "2021-09-29 17:36:56", "elapsed": 172.624779, "delta": 1.161521}}
{"target": -54.37515719424135, "params": {"eta": 0.1369029671885811, "max_depth": 2.043590913602572, "n_estimators": 27.184027867187684}, "datetime": {"datetime": "2021-09-29 17:36:57", "elapsed": 173.628781, "delta": 1.004002}}
{"target": -47.11834568907091, "params": {"eta": 0.3684042639858062, "max_depth": 26.77224868618838, "n_estimators": 3.2217521554633306}, "datetime": {"datetime": "2021-09-29 17:36:58", "elapsed": 175.197388, "delta": 1.568607}}
{"target": -44.263354861370324, "params": {"eta": 0.1206576573494339, "max_depth": 6.313064076041721, "n_estimators": 11.665728325922966}, "datetime": {"datetime": "2021-09-29 17:37:00", "elapsed": 177.123734, "delta": 1.926346}}
{"target": -47.07126050072403, "params": {"eta": 0.1491915496040948, "max_depth": 7.208849058761895, "n_estimators": 12.119044834846287}, "datetime": {"datetime": "2021-09-29 17:37:02", "elapsed": 179.175736, "delta": 2.052002}}
{"target": -84.4142536826382, "params": {"eta": 0.9666279123572359, "max_depth": 17.255851303516646, "n_estimators": 19.20525199712052}, "datetime": {"datetime": "2021-09-29 17:37:03", "elapsed": 180.543583, "delta": 1.367847}}
{"target": -83.21851732577107, "params": {"eta": 0.018211521714872787, "max_depth": 5.4829237619600475, "n_estimators": 8.18751597195164}, "datetime": {"datetime": "2021-09-29 17:37:06", "elapsed": 183.462826, "delta": 2.919243}}
{"target": -61.308174485374465, "params": {"eta": 0.1489328231673726, "max_depth": 26.517641460690548, "n_estimators": 3.5655688300911947}, "datetime": {"datetime": "2021-09-29 17:37:08", "elapsed": 185.242085, "delta": 1.779259}}
{"target": -58.07824130828983, "params": {"eta": 0.32389795170379065, "max_depth": 6.933862779848358, "n_estimators": 11.996472764354202}, "datetime": {"datetime": "2021-09-29 17:37:10", "elapsed": 187.064083, "delta": 1.821998}}
{"target": -80.20275390578485, "params": {"eta": 0.9753775151333606, "max_depth": 14.680235405417765, "n_estimators": 56.23284542877684}, "datetime": {"datetime": "2021-09-29 17:37:12", "elapsed": 188.754347, "delta": 1.690264}}
{"target": -51.01337651684034, "params": {"eta": 0.2548578848008439, "max_depth": 5.614817920709702, "n_estimators": 8.209378420269243}, "datetime": {"datetime": "2021-09-29 17:37:13", "elapsed": 190.417375, "delta": 1.663028}}
{"target": -48.15819185006016, "params": {"eta": 0.2330076052726393, "max_depth": 5.416313979743629, "n_estimators": 8.337851402761693}, "datetime": {"datetime": "2021-09-29 17:37:15", "elapsed": 191.635707, "delta": 1.218332}}
{"target": -59.67499869818646, "params": {"eta": 0.3190356136289431, "max_depth": 24.297556051926616, "n_estimators": 13.020215601523851}, "datetime": {"datetime": "2021-09-29 17:37:15", "elapsed": 192.574708, "delta": 0.939001}}
{"target": -51.94988655429383, "params": {"eta": 0.1718653750352008, "max_depth": 16.790883348267357, "n_estimators": 12.282499193666895}, "datetime": {"datetime": "2021-09-29 17:37:17", "elapsed": 194.113013, "delta": 1.538305}}
{"target": -64.53027278028088, "params": {"eta": 0.47867113460179783, "max_depth": 20.261332884616888, "n_estimators": 28.823090554490232}, "datetime": {"datetime": "2021-09-29 17:37:18", "elapsed": 195.368008, "delta": 1.254995}}
{"target": -44.03370925107591, "params": {"eta": 0.11915534932309593, "max_depth": 6.989111218779924, "n_estimators": 12.147883399188016}, "datetime": {"datetime": "2021-09-29 17:37:20", "elapsed": 197.175004, "delta": 1.806996}}
{"target": -65.26603760992697, "params": {"eta": 0.8334561940165913, "max_depth": 16.080467166428427, "n_estimators": 68.02270113025617}, "datetime": {"datetime": "2021-09-29 17:37:22", "elapsed": 198.61065, "delta": 1.435646}}
{"target": -44.08108688404695, "params": {"eta": 0.10918363575588184, "max_depth": 6.439755406819049, "n_estimators": 11.7023936925009}, "datetime": {"datetime": "2021-09-29 17:37:23", "elapsed": 200.330884, "delta": 1.720234}}
{"target": -47.18767589351941, "params": {"eta": 0.029064236752494414, "max_depth": 8.607439804201835, "n_estimators": 64.52215087105094}, "datetime": {"datetime": "2021-09-29 17:37:26", "elapsed": 202.689542, "delta": 2.358658}}
{"target": -43.76190239165591, "params": {"eta": 0.15347903118155468, "max_depth": 5.570951687457696, "n_estimators": 7.887783548844237}, "datetime": {"datetime": "2021-09-29 17:37:27", "elapsed": 204.503758, "delta": 1.814216}}
{"target": -54.3108784152189, "params": {"eta": 0.5982756151819473, "max_depth": 1.3963335604713234, "n_estimators": 48.75443301468603}, "datetime": {"datetime": "2021-09-29 17:37:28", "elapsed": 205.59901, "delta": 1.095252}}
{"target": -57.92761538279023, "params": {"eta": 0.25759141847787287, "max_depth": 7.798854040579425, "n_estimators": 65.41525408383166}, "datetime": {"datetime": "2021-09-29 17:37:30", "elapsed": 206.856013, "delta": 1.257003}}
{"target": -45.50180903290047, "params": {"eta": 0.22634363290186926, "max_depth": 23.261273320557578, "n_estimators": 6.056612946155722}, "datetime": {"datetime": "2021-09-29 17:37:31", "elapsed": 208.441291, "delta": 1.585278}}
{"target": -45.07231986203642, "params": {"eta": 0.12782276225759923, "max_depth": 5.805484007842743, "n_estimators": 7.979697623039041}, "datetime": {"datetime": "2021-09-29 17:37:33", "elapsed": 209.891376, "delta": 1.450085}}
{"target": -55.59053709743008, "params": {"eta": 0.5732326354734092, "max_depth": 1.4161233683620957, "n_estimators": 48.73013705109203}, "datetime": {"datetime": "2021-09-29 17:37:34", "elapsed": 210.846374, "delta": 0.954998}}
{"target": -64.55037643594113, "params": {"eta": 0.6286668380993856, "max_depth": 4.729728144026032, "n_estimators": 53.89886263510749}, "datetime": {"datetime": "2021-09-29 17:37:35", "elapsed": 212.036111, "delta": 1.189737}}
{"target": -54.362420425552806, "params": {"eta": 0.3635434813564596, "max_depth": 6.2342832531912435, "n_estimators": 9.478702227422911}, "datetime": {"datetime": "2021-09-29 17:37:37", "elapsed": 214.174984, "delta": 2.138873}}
{"target": -83.21851732577107, "params": {"eta": 0.0243967962344491, "max_depth": 5.167544051246762, "n_estimators": 8.420708887180737}, "datetime": {"datetime": "2021-09-29 17:37:38", "elapsed": 215.481985, "delta": 1.307001}}
{"target": -51.6103885542986, "params": {"eta": 0.03728970407812313, "max_depth": 8.44138321520153, "n_estimators": 64.85912057725793}, "datetime": {"datetime": "2021-09-29 17:37:41", "elapsed": 217.828518, "delta": 2.346533}}
{"target": -54.94323828119849, "params": {"eta": 0.13588770077653667, "max_depth": 2.8854596524772345, "n_estimators": 35.54922176059061}, "datetime": {"datetime": "2021-09-29 17:37:43", "elapsed": 219.846548, "delta": 2.01803}}
{"target": -50.860522127015514, "params": {"eta": 0.06298784530003634, "max_depth": 7.0450528668704555, "n_estimators": 12.039121340672423}, "datetime": {"datetime": "2021-09-29 17:37:45", "elapsed": 221.901583, "delta": 2.055035}}
{"target": -55.296613775978386, "params": {"eta": 0.14364167919904203, "max_depth": 2.631998105893765, "n_estimators": 72.3314846364102}, "datetime": {"datetime": "2021-09-29 17:37:46", "elapsed": 222.879584, "delta": 0.978001}}
{"target": -55.37662078145805, "params": {"eta": 0.07939343267387618, "max_depth": 29.270534282680746, "n_estimators": 32.962363125502065}, "datetime": {"datetime": "2021-09-29 17:37:47", "elapsed": 224.315252, "delta": 1.435668}}
{"target": -60.72324500332714, "params": {"eta": 0.2673631557168405, "max_depth": 7.2600980766307455, "n_estimators": 49.56661857350875}, "datetime": {"datetime": "2021-09-29 17:37:48", "elapsed": 225.496251, "delta": 1.180999}}
{"target": -50.08426803262278, "params": {"eta": 0.29429733719686874, "max_depth": 5.7169713214715365, "n_estimators": 7.7851238606713515}, "datetime": {"datetime": "2021-09-29 17:37:50", "elapsed": 227.226555, "delta": 1.730304}}
{"target": -76.64159137909414, "params": {"eta": 0.022038197791774176, "max_depth": 6.467234660552973, "n_estimators": 12.175994771676766}, "datetime": {"datetime": "2021-09-29 17:37:52", "elapsed": 229.003369, "delta": 1.776814}}
{"target": -60.763445126851636, "params": {"eta": 0.060409994314403435, "max_depth": 9.75843789549457, "n_estimators": 8.96675455989946}, "datetime": {"datetime": "2021-09-29 17:37:53", "elapsed": 230.063925, "delta": 1.060556}}
{"target": -55.994609351161614, "params": {"eta": 0.6090179416767331, "max_depth": 1.3318518415006242, "n_estimators": 48.788525838030345}, "datetime": {"datetime": "2021-09-29 17:37:54", "elapsed": 231.225934, "delta": 1.162009}}
{"target": -49.63733460778674, "params": {"eta": 0.24432450353214713, "max_depth": 6.580944835470421, "n_estimators": 11.386241037281886}, "datetime": {"datetime": "2021-09-29 17:37:56", "elapsed": 232.818571, "delta": 1.592637}}
{"target": -48.5544177007104, "params": {"eta": 0.03175724398911994, "max_depth": 17.155171301129496, "n_estimators": 29.81632370631595}, "datetime": {"datetime": "2021-09-29 17:37:58", "elapsed": 235.139306, "delta": 2.320735}}
{"target": -51.89665719677803, "params": {"eta": 0.22943928237478217, "max_depth": 6.330341051655752, "n_estimators": 11.336299808331523}, "datetime": {"datetime": "2021-09-29 17:38:00", "elapsed": 237.490487, "delta": 2.351181}}
{"target": -43.32609685944092, "params": {"eta": 0.14358196109803933, "max_depth": 5.956168576241369, "n_estimators": 9.506977226290033}, "datetime": {"datetime": "2021-09-29 17:38:04", "elapsed": 240.95261, "delta": 3.462123}}
{"target": -67.62026930026867, "params": {"eta": 0.42917407391491397, "max_depth": 23.300075395869555, "n_estimators": 13.763808387454288}, "datetime": {"datetime": "2021-09-29 17:38:05", "elapsed": 242.368764, "delta": 1.416154}}
{"target": -44.57623373783189, "params": {"eta": 0.1186373585316275, "max_depth": 7.087203651395183, "n_estimators": 12.229481263061903}, "datetime": {"datetime": "2021-09-29 17:38:07", "elapsed": 244.033927, "delta": 1.665163}}
{"target": -49.72476792724797, "params": {"eta": 0.3140365458541999, "max_depth": 5.601193590293988, "n_estimators": 7.858210445517347}, "datetime": {"datetime": "2021-09-29 17:38:09", "elapsed": 245.895957, "delta": 1.86203}}
{"target": -58.80508840668941, "params": {"eta": 0.14290836716888328, "max_depth": 8.560774819006891, "n_estimators": 64.38186015499826}, "datetime": {"datetime": "2021-09-29 17:38:11", "elapsed": 248.252176, "delta": 2.356219}}
{"target": -51.73031216688155, "params": {"eta": 0.1979164304673374, "max_depth": 6.214799595437409, "n_estimators": 11.746298602794937}, "datetime": {"datetime": "2021-09-29 17:38:13", "elapsed": 250.251802, "delta": 1.999626}}
{"target": -45.968316293786195, "params": {"eta": 0.23348365281261563, "max_depth": 5.6980725932185115, "n_estimators": 7.9734304848890964}, "datetime": {"datetime": "2021-09-29 17:38:15", "elapsed": 252.24825, "delta": 1.996448}}
{"target": -60.93841639464459, "params": {"eta": 0.21381930395189463, "max_depth": 19.04441204057846, "n_estimators": 64.49590087813341}, "datetime": {"datetime": "2021-09-29 17:38:18", "elapsed": 254.843942, "delta": 2.595692}}
{"target": -48.15819185006016, "params": {"eta": 0.22690871279950217, "max_depth": 5.160612315894688, "n_estimators": 8.644025522526666}, "datetime": {"datetime": "2021-09-29 17:38:21", "elapsed": 257.87611, "delta": 3.032168}}
{"target": -50.83375964699426, "params": {"eta": 0.5825692591572345, "max_depth": 27.410351216772575, "n_estimators": 2.964193540308654}, "datetime": {"datetime": "2021-09-29 17:38:22", "elapsed": 258.876109, "delta": 0.999999}}
{"target": -44.378160813236555, "params": {"eta": 0.15471150957368593, "max_depth": 6.030338994721194, "n_estimators": 9.58494604980538}, "datetime": {"datetime": "2021-09-29 17:38:24", "elapsed": 261.398386, "delta": 2.522277}}
{"target": -60.64176782713161, "params": {"eta": 0.17669655036387208, "max_depth": 11.820186961275814, "n_estimators": 37.11110447751764}, "datetime": {"datetime": "2021-09-29 17:38:26", "elapsed": 262.828396, "delta": 1.43001}}
{"target": -59.11606505122845, "params": {"eta": 0.15571576225906128, "max_depth": 3.7027754798854193, "n_estimators": 68.95514521225999}, "datetime": {"datetime": "2021-09-29 17:38:27", "elapsed": 264.164757, "delta": 1.336361}}
{"target": -60.55173544825271, "params": {"eta": 0.1259026788223068, "max_depth": 23.507081934349795, "n_estimators": 61.683181159787964}, "datetime": {"datetime": "2021-09-29 17:38:29", "elapsed": 266.278773, "delta": 2.114016}}
{"target": -56.913024937636294, "params": {"eta": 0.4466171601752398, "max_depth": 6.736384933314879, "n_estimators": 11.35490949489755}, "datetime": {"datetime": "2021-09-29 17:38:31", "elapsed": 268.402717, "delta": 2.123944}}
{"target": -45.67835626393805, "params": {"eta": 0.10736679298423489, "max_depth": 5.755275941205947, "n_estimators": 8.289771124634015}, "datetime": {"datetime": "2021-09-29 17:38:34", "elapsed": 271.04222, "delta": 2.639503}}
