{"target": -50.573929490525394, "params": {"eta": 0.5652799360573559, "max_depth": 25.84582516777025, "n_estimators": 2.44663512908202}, "datetime": {"datetime": "2021-09-29 17:13:07", "elapsed": 61.630258, "delta": 0.539141}}
{"target": -69.18332022467591, "params": {"eta": 0.10656274920373178, "max_depth": 26.62594456486981, "n_estimators": 3.354379439623986}, "datetime": {"datetime": "2021-09-29 17:13:07", "elapsed": 62.082456, "delta": 0.452198}}
{"target": -77.96108966360374, "params": {"eta": 0.9456806786882829, "max_depth": 11.011833379702864, "n_estimators": 86.19690987679688}, "datetime": {"datetime": "2021-09-29 17:13:09", "elapsed": 63.257455, "delta": 1.174999}}
{"target": -67.29227094880352, "params": {"eta": 0.6162285139437996, "max_depth": 14.199188702509147, "n_estimators": 55.333056808305905}, "datetime": {"datetime": "2021-09-29 17:13:10", "elapsed": 64.240455, "delta": 0.983}}
{"target": -58.15417875200668, "params": {"eta": 0.5494465291770767, "max_depth": 25.669640158387015, "n_estimators": 3.063203679442519}, "datetime": {"datetime": "2021-09-29 17:13:10", "elapsed": 64.791777, "delta": 0.551322}}
{"target": -52.690394222283174, "params": {"eta": 0.505166917781904, "max_depth": 26.873072277052707, "n_estimators": 3.1527007337044255}, "datetime": {"datetime": "2021-09-29 17:13:11", "elapsed": 65.344778, "delta": 0.553001}}
{"target": -57.968431172231135, "params": {"eta": 0.10729958556818447, "max_depth": 22.08691894358285, "n_estimators": 92.10280012095158}, "datetime": {"datetime": "2021-09-29 17:13:13", "elapsed": 67.495819, "delta": 2.151041}}
{"target": -60.84560407513718, "params": {"eta": 0.062166333181171894, "max_depth": 12.269996568061742, "n_estimators": 89.325850663495}, "datetime": {"datetime": "2021-09-29 17:13:14", "elapsed": 69.090819, "delta": 1.595}}
{"target": -51.94988655429383, "params": {"eta": 0.16557027144803982, "max_depth": 15.577149378584819, "n_estimators": 12.82750150252131}, "datetime": {"datetime": "2021-09-29 17:13:15", "elapsed": 69.962074, "delta": 0.871255}}
{"target": -51.33165506034479, "params": {"eta": 0.5121825409209048, "max_depth": 25.448193952083855, "n_estimators": 2.3308305996105827}, "datetime": {"datetime": "2021-09-29 17:13:16", "elapsed": 70.900075, "delta": 0.938001}}
{"target": -61.65807390897399, "params": {"eta": 0.29830381906997855, "max_depth": 4.017813114863074, "n_estimators": 83.15411245061371}, "datetime": {"datetime": "2021-09-29 17:13:19", "elapsed": 73.673519, "delta": 2.773444}}
{"target": -59.48539736024294, "params": {"eta": 0.7466755828018335, "max_depth": 25.23068699650733, "n_estimators": 2.6194926702233965}, "datetime": {"datetime": "2021-09-29 17:13:20", "elapsed": 74.391043, "delta": 0.717524}}
{"target": -66.42748104590245, "params": {"eta": 0.029647699447353577, "max_depth": 16.117027867664632, "n_estimators": 13.200940459978495}, "datetime": {"datetime": "2021-09-29 17:13:21", "elapsed": 75.620015, "delta": 1.228972}}
{"target": -55.22694877354425, "params": {"eta": 0.6547594103134553, "max_depth": 26.275091497743635, "n_estimators": 3.1645116068126793}, "datetime": {"datetime": "2021-09-29 17:13:22", "elapsed": 76.264018, "delta": 0.644003}}
{"target": -55.30540079882251, "params": {"eta": 0.18643851910986378, "max_depth": 2.210142760836269, "n_estimators": 22.34657804309214}, "datetime": {"datetime": "2021-09-29 17:13:22", "elapsed": 77.096136, "delta": 0.832118}}
{"target": -74.53017992818081, "params": {"eta": 0.2434925328458929, "max_depth": 26.88656424091315, "n_estimators": 1.678476089138334}, "datetime": {"datetime": "2021-09-29 17:13:23", "elapsed": 77.699255, "delta": 0.603119}}
{"target": -76.52802262577515, "params": {"eta": 0.01, "max_depth": 2.068119503235387, "n_estimators": 22.674345387680592}, "datetime": {"datetime": "2021-09-29 17:13:24", "elapsed": 78.474258, "delta": 0.775003}}
{"target": -79.43939506749332, "params": {"eta": 0.19014411026638803, "max_depth": 15.28395914757557, "n_estimators": 1.4045495565888397}, "datetime": {"datetime": "2021-09-29 17:13:24", "elapsed": 78.994257, "delta": 0.519999}}
{"target": -52.712488016434754, "params": {"eta": 0.1351457755045094, "max_depth": 2.390398921355307, "n_estimators": 22.67277271912624}, "datetime": {"datetime": "2021-09-29 17:13:26", "elapsed": 80.701711, "delta": 1.707454}}
{"target": -53.53768958177185, "params": {"eta": 0.7123867766014819, "max_depth": 25.491311458672676, "n_estimators": 2.2674957104631015}, "datetime": {"datetime": "2021-09-29 17:13:27", "elapsed": 81.759402, "delta": 1.057691}}
{"target": -47.388298146892154, "params": {"eta": 0.4006648908544535, "max_depth": 26.691106644357998, "n_estimators": 3.0255566033319896}, "datetime": {"datetime": "2021-09-29 17:13:28", "elapsed": 82.283194, "delta": 0.523792}}
{"target": -72.48060873028099, "params": {"eta": 0.8700822862844807, "max_depth": 25.926995168467514, "n_estimators": 2.303387516885095}, "datetime": {"datetime": "2021-09-29 17:13:28", "elapsed": 82.91919, "delta": 0.635996}}
{"target": -45.07802793413942, "params": {"eta": 0.1128523027556277, "max_depth": 15.814535765694506, "n_estimators": 12.774116583072763}, "datetime": {"datetime": "2021-09-29 17:13:29", "elapsed": 83.606311, "delta": 0.687121}}
{"target": -60.85476654204148, "params": {"eta": 0.17627324587363527, "max_depth": 25.772882289416593, "n_estimators": 47.81915076335318}, "datetime": {"datetime": "2021-09-29 17:13:30", "elapsed": 84.868035, "delta": 1.261724}}
{"target": -51.28539536206168, "params": {"eta": 0.5251443031012158, "max_depth": 25.7488951234222, "n_estimators": 2.734139993844815}, "datetime": {"datetime": "2021-09-29 17:13:31", "elapsed": 85.58535, "delta": 0.717315}}
{"target": -66.50832767432327, "params": {"eta": 0.7597748426876513, "max_depth": 12.241512582627982, "n_estimators": 76.35315230685211}, "datetime": {"datetime": "2021-09-29 17:13:32", "elapsed": 86.534353, "delta": 0.949003}}
{"target": -50.439442352389406, "params": {"eta": 0.4886232280532042, "max_depth": 25.473565546197253, "n_estimators": 2.7607385046306407}, "datetime": {"datetime": "2021-09-29 17:13:32", "elapsed": 87.138673, "delta": 0.60432}}
{"target": -53.43778363348546, "params": {"eta": 0.05411417207664217, "max_depth": 15.935383515213777, "n_estimators": 13.127411685691659}, "datetime": {"datetime": "2021-09-29 17:13:34", "elapsed": 88.614011, "delta": 1.475338}}
{"target": -79.82895336877472, "params": {"eta": 0.9688347390911256, "max_depth": 29.38117347048107, "n_estimators": 2.628315257565575}, "datetime": {"datetime": "2021-09-29 17:13:35", "elapsed": 89.194006, "delta": 0.579995}}
{"target": -53.22809020336635, "params": {"eta": 0.13721947921053118, "max_depth": 2.277827846113798, "n_estimators": 23.212715846784402}, "datetime": {"datetime": "2021-09-29 17:13:35", "elapsed": 90.079004, "delta": 0.884998}}
{"target": -59.4016572924504, "params": {"eta": 0.09210971478329712, "max_depth": 28.83436391132125, "n_estimators": 56.39523688154365}, "datetime": {"datetime": "2021-09-29 17:13:37", "elapsed": 91.357439, "delta": 1.278435}}
{"target": -50.034496764624734, "params": {"eta": 0.35225267147252065, "max_depth": 25.512112989499748, "n_estimators": 2.6945444298190777}, "datetime": {"datetime": "2021-09-29 17:13:38", "elapsed": 92.220103, "delta": 0.862664}}
{"target": -58.36357032547688, "params": {"eta": 0.24805966739666974, "max_depth": 13.29333654693415, "n_estimators": 45.93053694625945}, "datetime": {"datetime": "2021-09-29 17:13:39", "elapsed": 93.301105, "delta": 1.081002}}
{"target": -63.74711185699559, "params": {"eta": 0.48947724932771663, "max_depth": 27.90861090241713, "n_estimators": 11.514740388241844}, "datetime": {"datetime": "2021-09-29 17:13:40", "elapsed": 94.712902, "delta": 1.411797}}
{"target": -49.78420966069403, "params": {"eta": 0.446668859841632, "max_depth": 25.5568494796823, "n_estimators": 2.123428886356947}, "datetime": {"datetime": "2021-09-29 17:13:41", "elapsed": 95.99595, "delta": 1.283048}}
{"target": -50.98133832595304, "params": {"eta": 0.6462558515160833, "max_depth": 25.668293734642823, "n_estimators": 2.0871513984891923}, "datetime": {"datetime": "2021-09-29 17:13:42", "elapsed": 96.74695, "delta": 0.751}}
{"target": -68.56230843262544, "params": {"eta": 0.8051211754529032, "max_depth": 13.669287943307792, "n_estimators": 10.328130001682654}, "datetime": {"datetime": "2021-09-29 17:13:43", "elapsed": 97.490181, "delta": 0.743231}}
{"target": -55.42566373141366, "params": {"eta": 0.20816587223148533, "max_depth": 15.590108566625258, "n_estimators": 13.117979252783348}, "datetime": {"datetime": "2021-09-29 17:13:44", "elapsed": 98.401259, "delta": 0.911078}}
{"target": -50.9774751390176, "params": {"eta": 0.49863936114664936, "max_depth": 25.80143282589256, "n_estimators": 2.2325270165928957}, "datetime": {"datetime": "2021-09-29 17:13:45", "elapsed": 99.179264, "delta": 0.778005}}
{"target": -58.63960045983189, "params": {"eta": 0.25617888004834777, "max_depth": 26.455144127783754, "n_estimators": 91.43557948563455}, "datetime": {"datetime": "2021-09-29 17:13:46", "elapsed": 100.762411, "delta": 1.583147}}
{"target": -69.03789361192672, "params": {"eta": 0.7993351683364879, "max_depth": 17.69642539024381, "n_estimators": 94.45925697524052}, "datetime": {"datetime": "2021-09-29 17:13:47", "elapsed": 101.772224, "delta": 1.009813}}
{"target": -50.815525788483576, "params": {"eta": 0.4593237458431478, "max_depth": 26.076813370444942, "n_estimators": 2.5316224677558887}, "datetime": {"datetime": "2021-09-29 17:13:48", "elapsed": 102.53905, "delta": 0.766826}}
{"target": -54.69703058615538, "params": {"eta": 0.2531255006767766, "max_depth": 2.235477926290061, "n_estimators": 23.181048265712853}, "datetime": {"datetime": "2021-09-29 17:13:49", "elapsed": 103.204053, "delta": 0.665003}}
{"target": -45.533359690991645, "params": {"eta": 0.09317453582283448, "max_depth": 15.83376484707408, "n_estimators": 12.848288609200923}, "datetime": {"datetime": "2021-09-29 17:13:49", "elapsed": 104.14121, "delta": 0.937157}}
{"target": -60.35346626286903, "params": {"eta": 0.6471387917493453, "max_depth": 19.062766159936437, "n_estimators": 70.03879388487024}, "datetime": {"datetime": "2021-09-29 17:13:51", "elapsed": 105.195902, "delta": 1.054692}}
{"target": -63.7536305504917, "params": {"eta": 0.44805782051652177, "max_depth": 27.142511265010697, "n_estimators": 9.929670779957148}, "datetime": {"datetime": "2021-09-29 17:13:51", "elapsed": 105.763085, "delta": 0.567183}}
{"target": -50.439442352389406, "params": {"eta": 0.4867488311414016, "max_depth": 25.19239060013672, "n_estimators": 2.0338231308538264}, "datetime": {"datetime": "2021-09-29 17:13:52", "elapsed": 106.994085, "delta": 1.231}}
{"target": -61.672812233347386, "params": {"eta": 0.7676043862898801, "max_depth": 3.565491272219388, "n_estimators": 53.80117320611967}, "datetime": {"datetime": "2021-09-29 17:13:53", "elapsed": 107.912914, "delta": 0.918829}}
{"target": -49.990767371881816, "params": {"eta": 0.5888540595237223, "max_depth": 25.411106681657593, "n_estimators": 1.9501959426600954}, "datetime": {"datetime": "2021-09-29 17:13:54", "elapsed": 109.047913, "delta": 1.134999}}
{"target": -53.68840566672098, "params": {"eta": 0.2899354666130161, "max_depth": 25.266063556979134, "n_estimators": 2.417932268438087}, "datetime": {"datetime": "2021-09-29 17:13:55", "elapsed": 109.881797, "delta": 0.833884}}
{"target": -58.84306144593797, "params": {"eta": 0.12233936078378052, "max_depth": 24.416138537799178, "n_estimators": 58.572912903908446}, "datetime": {"datetime": "2021-09-29 17:13:57", "elapsed": 112.023617, "delta": 2.14182}}
{"target": -84.4701940641016, "params": {"eta": 0.9943323471318432, "max_depth": 25.930374794612884, "n_estimators": 90.8159249805266}, "datetime": {"datetime": "2021-09-29 17:13:58", "elapsed": 113.080618, "delta": 1.057001}}
{"target": -50.04269371278944, "params": {"eta": 0.3611734022333277, "max_depth": 27.351300894928748, "n_estimators": 2.3000605079942593}, "datetime": {"datetime": "2021-09-29 17:13:59", "elapsed": 113.933406, "delta": 0.852788}}
{"target": -64.78800524208697, "params": {"eta": 0.43028869592914026, "max_depth": 9.434848018500071, "n_estimators": 35.532110844719924}, "datetime": {"datetime": "2021-09-29 17:14:01", "elapsed": 115.534989, "delta": 1.601583}}
{"target": -55.41600937507023, "params": {"eta": 0.20779494933085602, "max_depth": 1.8655381236670263, "n_estimators": 22.55284411625367}, "datetime": {"datetime": "2021-09-29 17:14:02", "elapsed": 116.317595, "delta": 0.782606}}
{"target": -60.086102485694504, "params": {"eta": 0.22763235961548364, "max_depth": 27.26609903640396, "n_estimators": 2.6011672916092743}, "datetime": {"datetime": "2021-09-29 17:14:03", "elapsed": 117.180232, "delta": 0.862637}}
{"target": -68.28582060780134, "params": {"eta": 0.8103272411033634, "max_depth": 6.828668340863284, "n_estimators": 99.3552721959566}, "datetime": {"datetime": "2021-09-29 17:14:03", "elapsed": 118.102457, "delta": 0.922225}}
{"target": -66.5603786085204, "params": {"eta": 0.5487897485148052, "max_depth": 10.073685057809687, "n_estimators": 59.85273262732169}, "datetime": {"datetime": "2021-09-29 17:14:04", "elapsed": 119.129459, "delta": 1.027002}}
{"target": -50.439442352389406, "params": {"eta": 0.4862039568366798, "max_depth": 26.0814704263637, "n_estimators": 2.8486256157122107}, "datetime": {"datetime": "2021-09-29 17:14:05", "elapsed": 120.119809, "delta": 0.99035}}
{"target": -63.74226794018427, "params": {"eta": 0.41264232644644666, "max_depth": 20.981731754287534, "n_estimators": 43.05098552543856}, "datetime": {"datetime": "2021-09-29 17:14:07", "elapsed": 121.559807, "delta": 1.439998}}
{"target": -47.375305333113886, "params": {"eta": 0.029673315578055186, "max_depth": 2.299642233394848, "n_estimators": 23.034550442847056}, "datetime": {"datetime": "2021-09-29 17:14:08", "elapsed": 122.608435, "delta": 1.048628}}
{"target": -50.056696909384435, "params": {"eta": 0.43013690123650783, "max_depth": 25.748817103559656, "n_estimators": 2.5840491994548245}, "datetime": {"datetime": "2021-09-29 17:14:09", "elapsed": 123.704365, "delta": 1.09593}}
{"target": -67.90699523235158, "params": {"eta": 0.17311543369790752, "max_depth": 27.039657387200045, "n_estimators": 2.1541607996839502}, "datetime": {"datetime": "2021-09-29 17:14:10", "elapsed": 124.581452, "delta": 0.877087}}
{"target": -82.47703170331742, "params": {"eta": 0.15569763035426984, "max_depth": 25.273377021577087, "n_estimators": 1.9542398827499738}, "datetime": {"datetime": "2021-09-29 17:14:11", "elapsed": 125.457454, "delta": 0.876002}}
{"target": -57.610677148663726, "params": {"eta": 0.3367509061772199, "max_depth": 5.417961950080127, "n_estimators": 97.63205483825035}, "datetime": {"datetime": "2021-09-29 17:14:12", "elapsed": 127.007344, "delta": 1.54989}}
{"target": -50.37698218988158, "params": {"eta": 0.48205725694931606, "max_depth": 26.88187513253578, "n_estimators": 2.8547719732983654}, "datetime": {"datetime": "2021-09-29 17:14:13", "elapsed": 127.784294, "delta": 0.77695}}
{"target": -52.0724939311611, "params": {"eta": 0.8353152262381763, "max_depth": 25.10504458588739, "n_estimators": 1.8137834785699556}, "datetime": {"datetime": "2021-09-29 17:14:14", "elapsed": 128.835291, "delta": 1.050997}}
{"target": -53.53768958177185, "params": {"eta": 0.7093264918970696, "max_depth": 27.36234974146814, "n_estimators": 2.165947715442902}, "datetime": {"datetime": "2021-09-29 17:14:15", "elapsed": 129.644859, "delta": 0.809568}}
{"target": -67.16707264874037, "params": {"eta": 0.31986716233145196, "max_depth": 26.22643344843106, "n_estimators": 1.9747602153445523}, "datetime": {"datetime": "2021-09-29 17:14:16", "elapsed": 130.891968, "delta": 1.247109}}
{"target": -60.296343898066375, "params": {"eta": 0.6739997145718185, "max_depth": 23.937094654768497, "n_estimators": 19.545886303829267}, "datetime": {"datetime": "2021-09-29 17:14:17", "elapsed": 132.117106, "delta": 1.225138}}
{"target": -48.58467532378252, "params": {"eta": 0.7169599449435194, "max_depth": 25.678955600978032, "n_estimators": 1.8105306402557386}, "datetime": {"datetime": "2021-09-29 17:14:18", "elapsed": 133.035106, "delta": 0.918}}
{"target": -50.98133832595304, "params": {"eta": 0.6458207717178366, "max_depth": 27.67065537387896, "n_estimators": 2.33874465476313}, "datetime": {"datetime": "2021-09-29 17:14:19", "elapsed": 134.033853, "delta": 0.998747}}
{"target": -56.304525161323404, "params": {"eta": 0.5386279463487699, "max_depth": 1.8023126818527726, "n_estimators": 22.434374859801075}, "datetime": {"datetime": "2021-09-29 17:14:21", "elapsed": 135.31741, "delta": 1.283557}}
{"target": -60.086102485694504, "params": {"eta": 0.22982060437403054, "max_depth": 26.277125817163178, "n_estimators": 2.927651031933589}, "datetime": {"datetime": "2021-09-29 17:14:22", "elapsed": 136.513323, "delta": 1.195913}}
{"target": -50.093210294737624, "params": {"eta": 0.4387246913899224, "max_depth": 26.901392921160504, "n_estimators": 2.911440724572499}, "datetime": {"datetime": "2021-09-29 17:14:22", "elapsed": 137.148944, "delta": 0.635621}}
{"target": -58.64828569219584, "params": {"eta": 0.7215485799164193, "max_depth": 11.62665951198686, "n_estimators": 71.07163487152467}, "datetime": {"datetime": "2021-09-29 17:14:23", "elapsed": 138.150193, "delta": 1.001249}}
{"target": -50.48923755561459, "params": {"eta": 0.6410519701609584, "max_depth": 27.46068693364483, "n_estimators": 2.6543118319896775}, "datetime": {"datetime": "2021-09-29 17:14:25", "elapsed": 139.313192, "delta": 1.162999}}
{"target": -54.08691926762885, "params": {"eta": 0.9866352607281175, "max_depth": 1.0584814630602442, "n_estimators": 63.81909080864615}, "datetime": {"datetime": "2021-09-29 17:14:25", "elapsed": 140.109748, "delta": 0.796556}}
{"target": -54.68338168486581, "params": {"eta": 0.3349410860829159, "max_depth": 1.423935328019894, "n_estimators": 92.26977576062879}, "datetime": {"datetime": "2021-09-29 17:14:26", "elapsed": 140.897747, "delta": 0.787999}}
{"target": -51.28539536206168, "params": {"eta": 0.5316408912699256, "max_depth": 26.491554875976153, "n_estimators": 2.1714953248994533}, "datetime": {"datetime": "2021-09-29 17:14:27", "elapsed": 141.958878, "delta": 1.061131}}
{"target": -58.64828635133884, "params": {"eta": 0.7212141962678761, "max_depth": 11.967633184029717, "n_estimators": 57.063725480702146}, "datetime": {"datetime": "2021-09-29 17:14:28", "elapsed": 143.163876, "delta": 1.204998}}
{"target": -52.0724939311611, "params": {"eta": 0.8403458297221148, "max_depth": 25.493991864980728, "n_estimators": 1.852920719529695}, "datetime": {"datetime": "2021-09-29 17:14:29", "elapsed": 144.143584, "delta": 0.979708}}
{"target": -75.62873062359026, "params": {"eta": 0.01, "max_depth": 2.06202574918797, "n_estimators": 23.13769170064882}, "datetime": {"datetime": "2021-09-29 17:14:31", "elapsed": 145.210582, "delta": 1.066998}}
{"target": -59.47989552274302, "params": {"eta": 0.5600015996684683, "max_depth": 26.563785940475633, "n_estimators": 3.126696871551006}, "datetime": {"datetime": "2021-09-29 17:14:32", "elapsed": 146.611801, "delta": 1.401219}}
{"target": -53.496707223647554, "params": {"eta": 0.6793328184448456, "max_depth": 27.876623534273733, "n_estimators": 2.5175644310640406}, "datetime": {"datetime": "2021-09-29 17:14:33", "elapsed": 147.447403, "delta": 0.835602}}
{"target": -62.66941126617675, "params": {"eta": 0.17654584206231524, "max_depth": 2.3825377589584495, "n_estimators": 2.1210022975931038}, "datetime": {"datetime": "2021-09-29 17:14:34", "elapsed": 148.267598, "delta": 0.820195}}
{"target": -58.7677624630105, "params": {"eta": 0.13551473191043437, "max_depth": 24.863571056459122, "n_estimators": 40.4415385060284}, "datetime": {"datetime": "2021-09-29 17:14:35", "elapsed": 149.304596, "delta": 1.036998}}
{"target": -58.178281241689945, "params": {"eta": 0.3387824859929402, "max_depth": 15.699752007748495, "n_estimators": 12.888467122188764}, "datetime": {"datetime": "2021-09-29 17:14:36", "elapsed": 150.665445, "delta": 1.360849}}
{"target": -49.78420966069403, "params": {"eta": 0.448122842283401, "max_depth": 27.823170847992078, "n_estimators": 2.395300902796963}, "datetime": {"datetime": "2021-09-29 17:14:37", "elapsed": 151.910094, "delta": 1.244649}}
{"target": -58.23343801499624, "params": {"eta": 0.24501030422148593, "max_depth": 27.57637819684624, "n_estimators": 2.203972954849509}, "datetime": {"datetime": "2021-09-29 17:14:38", "elapsed": 153.089681, "delta": 1.179587}}
{"target": -61.05700975026455, "params": {"eta": 0.3230417764467532, "max_depth": 22.52186971156882, "n_estimators": 77.51837615014493}, "datetime": {"datetime": "2021-09-29 17:14:40", "elapsed": 154.463878, "delta": 1.374197}}
{"target": -54.13649313574127, "params": {"eta": 0.8753793802407533, "max_depth": 25.72493608288293, "n_estimators": 1.7163777054984202}, "datetime": {"datetime": "2021-09-29 17:14:41", "elapsed": 155.687405, "delta": 1.223527}}
{"target": -51.06569879372569, "params": {"eta": 0.5616707673082112, "max_depth": 25.948838864378107, "n_estimators": 1.7261165259822322}, "datetime": {"datetime": "2021-09-29 17:14:43", "elapsed": 157.253534, "delta": 1.566129}}
{"target": -57.75017812309148, "params": {"eta": 0.4814951802960159, "max_depth": 4.946545982735852, "n_estimators": 46.107634468090104}, "datetime": {"datetime": "2021-09-29 17:14:44", "elapsed": 158.308533, "delta": 1.054999}}
{"target": -55.44183633060603, "params": {"eta": 0.1482574871382329, "max_depth": 2.615865567674816, "n_estimators": 23.231156042571207}, "datetime": {"datetime": "2021-09-29 17:14:45", "elapsed": 160.02434, "delta": 1.715807}}
{"target": -55.634785413592994, "params": {"eta": 0.6237822475205489, "max_depth": 8.926800719047076, "n_estimators": 17.985954906724594}, "datetime": {"datetime": "2021-09-29 17:14:47", "elapsed": 161.415105, "delta": 1.390765}}
