{"target": -51.777172602409216, "params": {"eta": 0.2825122527627682, "max_depth": 23.14744214025712, "n_estimators": 6.067384072771996}, "datetime": {"datetime": "2021-09-29 17:42:32", "elapsed": 1205.748113, "delta": 10.957932}}
{"target": -60.528703288437846, "params": {"eta": 0.8739492975515951, "max_depth": 22.961213363367204, "n_estimators": 79.49262696839118}, "datetime": {"datetime": "2021-09-29 17:42:36", "elapsed": 1209.392335, "delta": 3.644222}}
{"target": -57.671999090855266, "params": {"eta": 0.02666786303824224, "max_depth": 1.6196962398082726, "n_estimators": 15.764349317204777}, "datetime": {"datetime": "2021-09-29 17:42:43", "elapsed": 1216.327651, "delta": 6.935316}}
{"target": -48.204694307137295, "params": {"eta": 0.05674547923476116, "max_depth": 26.563157313473656, "n_estimators": 14.713350228081378}, "datetime": {"datetime": "2021-09-29 17:42:49", "elapsed": 1222.975486, "delta": 6.647835}}
{"target": -49.68084020803533, "params": {"eta": 0.04407200533379922, "max_depth": 1.4936449844360973, "n_estimators": 15.01147123338786}, "datetime": {"datetime": "2021-09-29 17:42:57", "elapsed": 1230.566346, "delta": 7.59086}}
{"target": -54.616286585658436, "params": {"eta": 0.30566473104416514, "max_depth": 1.2707542442926099, "n_estimators": 78.70837866493233}, "datetime": {"datetime": "2021-09-29 17:43:00", "elapsed": 1233.494573, "delta": 2.928227}}
{"target": -72.24648455198025, "params": {"eta": 0.6785202614104036, "max_depth": 7.5376071025475895, "n_estimators": 58.18859631739689}, "datetime": {"datetime": "2021-09-29 17:43:03", "elapsed": 1236.449975, "delta": 2.955402}}
{"target": -72.32623855299103, "params": {"eta": 0.6618876621215039, "max_depth": 11.37998306562835, "n_estimators": 5.2474901405733725}, "datetime": {"datetime": "2021-09-29 17:43:07", "elapsed": 1240.471043, "delta": 4.021068}}
{"target": -48.946931832745996, "params": {"eta": 0.22903384953223932, "max_depth": 23.876761280144667, "n_estimators": 6.013395102796254}, "datetime": {"datetime": "2021-09-29 17:43:13", "elapsed": 1246.208752, "delta": 5.737709}}
{"target": -70.50489068510237, "params": {"eta": 0.6509402654703014, "max_depth": 16.31796446587161, "n_estimators": 50.668659585426646}, "datetime": {"datetime": "2021-09-29 17:43:16", "elapsed": 1249.44375, "delta": 3.234998}}
{"target": -48.004316870721574, "params": {"eta": 0.11557039991132892, "max_depth": 15.759129909205935, "n_estimators": 9.792624374034517}, "datetime": {"datetime": "2021-09-29 17:43:23", "elapsed": 1256.403068, "delta": 6.959318}}
{"target": -58.60783685546339, "params": {"eta": 0.1595984322275962, "max_depth": 26.36484874207794, "n_estimators": 3.2896589399996383}, "datetime": {"datetime": "2021-09-29 17:43:30", "elapsed": 1263.881088, "delta": 7.47802}}
{"target": -50.107340796201214, "params": {"eta": 0.1784357247264499, "max_depth": 15.755617529394286, "n_estimators": 9.556674306151761}, "datetime": {"datetime": "2021-09-29 17:43:36", "elapsed": 1269.55881, "delta": 5.677722}}
{"target": -54.62571001737834, "params": {"eta": 0.5403772315702569, "max_depth": 1.796659921803951, "n_estimators": 70.77381207278337}, "datetime": {"datetime": "2021-09-29 17:43:39", "elapsed": 1272.2537, "delta": 2.69489}}
{"target": -45.7037215099413, "params": {"eta": 0.3919678693706041, "max_depth": 6.340497341239067, "n_estimators": 3.4070330511189004}, "datetime": {"datetime": "2021-09-29 17:43:45", "elapsed": 1278.487899, "delta": 6.234199}}
{"target": -57.25485319044824, "params": {"eta": 0.5958808014062336, "max_depth": 6.32642490750024, "n_estimators": 3.564391136649803}, "datetime": {"datetime": "2021-09-29 17:43:48", "elapsed": 1281.371837, "delta": 2.883938}}
{"target": -59.554595601575144, "params": {"eta": 0.02692982402123688, "max_depth": 1.0190038468591238, "n_estimators": 14.715222413457298}, "datetime": {"datetime": "2021-09-29 17:43:54", "elapsed": 1287.788515, "delta": 6.416678}}
{"target": -69.80354532127244, "params": {"eta": 0.7372917186113721, "max_depth": 29.305957808492522, "n_estimators": 78.35425079958725}, "datetime": {"datetime": "2021-09-29 17:43:57", "elapsed": 1290.817523, "delta": 3.029008}}
{"target": -69.70530821956959, "params": {"eta": 0.9737446031227642, "max_depth": 22.49967915883314, "n_estimators": 26.389650606295387}, "datetime": {"datetime": "2021-09-29 17:44:00", "elapsed": 1293.839558, "delta": 3.022035}}
{"target": -50.907021880598954, "params": {"eta": 0.1375046836952948, "max_depth": 1.5301498655525, "n_estimators": 15.894010811787824}, "datetime": {"datetime": "2021-09-29 17:44:06", "elapsed": 1299.638093, "delta": 5.798535}}
{"target": -69.08691495012542, "params": {"eta": 0.028513313813751405, "max_depth": 6.738434352637183, "n_estimators": 11.759969419810268}, "datetime": {"datetime": "2021-09-29 17:44:12", "elapsed": 1306.090553, "delta": 6.45246}}
{"target": -51.691607139350694, "params": {"eta": 0.31477113858707145, "max_depth": 23.54908349061827, "n_estimators": 5.766498611223001}, "datetime": {"datetime": "2021-09-29 17:44:19", "elapsed": 1312.197985, "delta": 6.107432}}
{"target": -56.81380182721141, "params": {"eta": 0.19540705394757027, "max_depth": 16.712053225416966, "n_estimators": 11.998471384694634}, "datetime": {"datetime": "2021-09-29 17:44:28", "elapsed": 1321.941791, "delta": 9.743806}}
{"target": -71.12163190063218, "params": {"eta": 0.050703358915067664, "max_depth": 23.34580032680769, "n_estimators": 6.587757760820525}, "datetime": {"datetime": "2021-09-29 17:44:35", "elapsed": 1328.284022, "delta": 6.342231}}
{"target": -62.81517160924387, "params": {"eta": 0.46282823772918796, "max_depth": 28.483741401637364, "n_estimators": 21.761994312490838}, "datetime": {"datetime": "2021-09-29 17:44:38", "elapsed": 1331.75011, "delta": 3.466088}}
{"target": -63.113716935472006, "params": {"eta": 0.2811511629687884, "max_depth": 27.625254674958427, "n_estimators": 66.66141963651417}, "datetime": {"datetime": "2021-09-29 17:44:43", "elapsed": 1336.201128, "delta": 4.451018}}
{"target": -48.76264646706425, "params": {"eta": 0.1450687154203845, "max_depth": 16.545837287811096, "n_estimators": 11.864017881702315}, "datetime": {"datetime": "2021-09-29 17:44:51", "elapsed": 1344.179056, "delta": 7.977928}}
{"target": -93.03348253263424, "params": {"eta": 0.017412701534077646, "max_depth": 12.168422777938769, "n_estimators": 3.9690443895451977}, "datetime": {"datetime": "2021-09-29 17:44:53", "elapsed": 1346.804983, "delta": 2.625927}}
{"target": -50.85276867983297, "params": {"eta": 0.057975345409149545, "max_depth": 16.940269038953332, "n_estimators": 12.34988396194112}, "datetime": {"datetime": "2021-09-29 17:44:58", "elapsed": 1351.510146, "delta": 4.705163}}
{"target": -70.67453344943843, "params": {"eta": 0.9396813054948572, "max_depth": 15.322826724952394, "n_estimators": 76.15212612259359}, "datetime": {"datetime": "2021-09-29 17:45:01", "elapsed": 1354.481761, "delta": 2.971615}}
{"target": -54.79378311204882, "params": {"eta": 0.18731494365960308, "max_depth": 16.584306248569565, "n_estimators": 11.921708759200836}, "datetime": {"datetime": "2021-09-29 17:45:06", "elapsed": 1359.862512, "delta": 5.380751}}
{"target": -82.49435916605977, "params": {"eta": 0.009789129124704882, "max_depth": 1.5705243384229552, "n_estimators": 15.941932526182661}, "datetime": {"datetime": "2021-09-29 17:45:14", "elapsed": 1367.435921, "delta": 7.573409}}
{"target": -71.99939817126615, "params": {"eta": 0.6903512789232557, "max_depth": 19.447578124559282, "n_estimators": 14.213364667589603}, "datetime": {"datetime": "2021-09-29 17:45:17", "elapsed": 1370.590607, "delta": 3.154686}}
{"target": -46.714727766880856, "params": {"eta": 0.3959551338657711, "max_depth": 6.339291781780911, "n_estimators": 3.679210460627945}, "datetime": {"datetime": "2021-09-29 17:45:24", "elapsed": 1377.564031, "delta": 6.973424}}
{"target": -58.84827039414131, "params": {"eta": 0.06731918246530062, "max_depth": 10.305642541156637, "n_estimators": 66.20496840613058}, "datetime": {"datetime": "2021-09-29 17:45:27", "elapsed": 1380.846825, "delta": 3.282794}}
{"target": -49.97740075375258, "params": {"eta": 0.2453162147397808, "max_depth": 12.544466905319313, "n_estimators": 4.7043266506730905}, "datetime": {"datetime": "2021-09-29 17:45:30", "elapsed": 1383.403753, "delta": 2.556928}}
{"target": -54.5143779102224, "params": {"eta": 0.1692534293812039, "max_depth": 1.8466053844886148, "n_estimators": 51.624675380406124}, "datetime": {"datetime": "2021-09-29 17:45:32", "elapsed": 1385.926036, "delta": 2.522283}}
{"target": -60.399875075487856, "params": {"eta": 0.17362130694520966, "max_depth": 5.121312414006291, "n_estimators": 70.85117053231035}, "datetime": {"datetime": "2021-09-29 17:45:35", "elapsed": 1388.824912, "delta": 2.898876}}
{"target": -54.98004705276539, "params": {"eta": 0.4645066594408614, "max_depth": 1.6761300685343783, "n_estimators": 23.097361826637872}, "datetime": {"datetime": "2021-09-29 17:45:38", "elapsed": 1391.657228, "delta": 2.832316}}
{"target": -60.27946716314572, "params": {"eta": 0.18143802222246813, "max_depth": 12.69510813443493, "n_estimators": 56.20552547006267}, "datetime": {"datetime": "2021-09-29 17:45:41", "elapsed": 1394.943407, "delta": 3.286179}}
{"target": -49.84848024600016, "params": {"eta": 0.21836254207864947, "max_depth": 23.399268570570182, "n_estimators": 6.638832319587589}, "datetime": {"datetime": "2021-09-29 17:45:47", "elapsed": 1401.122217, "delta": 6.17881}}
{"target": -54.3657308323653, "params": {"eta": 0.4352719245525499, "max_depth": 1.629127956793768, "n_estimators": 29.083879833534745}, "datetime": {"datetime": "2021-09-29 17:45:50", "elapsed": 1403.762456, "delta": 2.640239}}
{"target": -47.273914158754785, "params": {"eta": 0.30495199129326667, "max_depth": 6.566644499012023, "n_estimators": 3.6303059579920345}, "datetime": {"datetime": "2021-09-29 17:45:56", "elapsed": 1409.606938, "delta": 5.844482}}
{"target": -53.9275508459386, "params": {"eta": 0.1919280506221516, "max_depth": 26.453583110838174, "n_estimators": 3.1742433883342382}, "datetime": {"datetime": "2021-09-29 17:45:59", "elapsed": 1412.808515, "delta": 3.201577}}
{"target": -47.64492304962109, "params": {"eta": 0.11678540556298093, "max_depth": 1.6616042492844145, "n_estimators": 15.859520033753247}, "datetime": {"datetime": "2021-09-29 17:46:05", "elapsed": 1418.774141, "delta": 5.965626}}
{"target": -50.577246799023726, "params": {"eta": 0.20205262776169236, "max_depth": 23.086388829722388, "n_estimators": 6.487353955351871}, "datetime": {"datetime": "2021-09-29 17:46:11", "elapsed": 1425.077591, "delta": 6.30345}}
{"target": -56.5308474611688, "params": {"eta": 0.14001980042658416, "max_depth": 25.489458011647336, "n_estimators": 20.55327192160977}, "datetime": {"datetime": "2021-09-29 17:46:14", "elapsed": 1428.065492, "delta": 2.987901}}
{"target": -58.26119103020003, "params": {"eta": 0.13816488896288392, "max_depth": 6.949136762872984, "n_estimators": 24.842125860575795}, "datetime": {"datetime": "2021-09-29 17:46:27", "elapsed": 1440.839253, "delta": 12.773761}}
{"target": -56.07914616864387, "params": {"eta": 0.36242634846568783, "max_depth": 2.9688968608757205, "n_estimators": 45.63964512200228}, "datetime": {"datetime": "2021-09-29 17:46:30", "elapsed": 1443.517068, "delta": 2.677815}}
{"target": -43.35474127729083, "params": {"eta": 0.1022855309811873, "max_depth": 1.0434167287004628, "n_estimators": 14.55425169179535}, "datetime": {"datetime": "2021-09-29 17:46:36", "elapsed": 1449.752428, "delta": 6.23536}}
{"target": -54.821722204789566, "params": {"eta": 0.3483026887037242, "max_depth": 23.210079368350424, "n_estimators": 5.830422210095651}, "datetime": {"datetime": "2021-09-29 17:46:42", "elapsed": 1455.979426, "delta": 6.226998}}
{"target": -75.50927207709027, "params": {"eta": 0.6545059254844114, "max_depth": 14.676264281547434, "n_estimators": 37.35334781350533}, "datetime": {"datetime": "2021-09-29 17:46:45", "elapsed": 1458.97427, "delta": 2.994844}}
{"target": -53.850189682115, "params": {"eta": 0.17947160375489876, "max_depth": 1.6890300575535315, "n_estimators": 15.559376168373383}, "datetime": {"datetime": "2021-09-29 17:46:52", "elapsed": 1465.266424, "delta": 6.292154}}
{"target": -50.907021880598954, "params": {"eta": 0.14050327201479884, "max_depth": 1.181513645792289, "n_estimators": 15.521785283351212}, "datetime": {"datetime": "2021-09-29 17:46:59", "elapsed": 1472.367438, "delta": 7.101014}}
{"target": -46.15385488902442, "params": {"eta": 0.162893354881383, "max_depth": 22.84216264863148, "n_estimators": 6.223116482485485}, "datetime": {"datetime": "2021-09-29 17:47:06", "elapsed": 1479.159451, "delta": 6.792013}}
{"target": -64.44427598441288, "params": {"eta": 0.07677023496994732, "max_depth": 23.629500053952697, "n_estimators": 5.754735730267692}, "datetime": {"datetime": "2021-09-29 17:47:11", "elapsed": 1484.980405, "delta": 5.820954}}
{"target": -47.64492304962109, "params": {"eta": 0.11597663587558789, "max_depth": 1.7982668166215787, "n_estimators": 15.519636572657312}, "datetime": {"datetime": "2021-09-29 17:47:19", "elapsed": 1493.085217, "delta": 8.104812}}
{"target": -51.65169428501319, "params": {"eta": 0.4696468308365428, "max_depth": 6.311523468925787, "n_estimators": 3.375981854061272}, "datetime": {"datetime": "2021-09-29 17:47:28", "elapsed": 1501.998646, "delta": 8.913429}}
{"target": -63.30138700081972, "params": {"eta": 0.4537529097931322, "max_depth": 29.640264643929708, "n_estimators": 21.042566030677285}, "datetime": {"datetime": "2021-09-29 17:47:32", "elapsed": 1505.575301, "delta": 3.576655}}
{"target": -66.38869746352613, "params": {"eta": 0.34828516437586726, "max_depth": 15.564958359685432, "n_estimators": 62.182403891022226}, "datetime": {"datetime": "2021-09-29 17:47:36", "elapsed": 1509.338695, "delta": 3.763394}}
{"target": -58.20261470100219, "params": {"eta": 0.3499152606665913, "max_depth": 22.84516351835899, "n_estimators": 6.608089854638205}, "datetime": {"datetime": "2021-09-29 17:47:41", "elapsed": 1514.789537, "delta": 5.450842}}
{"target": -46.51158389797893, "params": {"eta": 0.24372245255933656, "max_depth": 22.976401831417935, "n_estimators": 6.118889001349754}, "datetime": {"datetime": "2021-09-29 17:47:51", "elapsed": 1524.865446, "delta": 10.075909}}
{"target": -52.52625496377264, "params": {"eta": 0.27086430157405456, "max_depth": 5.272585565705929, "n_estimators": 8.518671636061256}, "datetime": {"datetime": "2021-09-29 17:47:59", "elapsed": 1532.710945, "delta": 7.845499}}
{"target": -44.666601265288186, "params": {"eta": 0.16739762154723198, "max_depth": 5.739336117391647, "n_estimators": 8.125105668318621}, "datetime": {"datetime": "2021-09-29 17:48:07", "elapsed": 1540.701141, "delta": 7.990196}}
{"target": -45.7037215099413, "params": {"eta": 0.39122189708691213, "max_depth": 6.486687463474754, "n_estimators": 3.387700553257867}, "datetime": {"datetime": "2021-09-29 17:48:13", "elapsed": 1546.557938, "delta": 5.856797}}
{"target": -60.991854764914166, "params": {"eta": 0.28525542309745683, "max_depth": 27.165986322297414, "n_estimators": 67.95889711406201}, "datetime": {"datetime": "2021-09-29 17:48:16", "elapsed": 1549.992779, "delta": 3.434841}}
{"target": -52.49661298746449, "params": {"eta": 0.14323887185946862, "max_depth": 26.83283250660064, "n_estimators": 14.381756645945117}, "datetime": {"datetime": "2021-09-29 17:48:19", "elapsed": 1552.940191, "delta": 2.947412}}
{"target": -50.14530380693623, "params": {"eta": 0.17511065564445402, "max_depth": 6.66506736527869, "n_estimators": 11.91209982740005}, "datetime": {"datetime": "2021-09-29 17:48:22", "elapsed": 1556.084167, "delta": 3.143976}}
{"target": -66.31101393091312, "params": {"eta": 0.5616296257479209, "max_depth": 9.409742836868235, "n_estimators": 42.05975983680126}, "datetime": {"datetime": "2021-09-29 17:48:26", "elapsed": 1559.175382, "delta": 3.091215}}
{"target": -51.777172602409216, "params": {"eta": 0.2834175504059622, "max_depth": 23.322763272125915, "n_estimators": 6.386882382780283}, "datetime": {"datetime": "2021-09-29 17:48:32", "elapsed": 1566.021909, "delta": 6.846527}}
{"target": -60.70289513651169, "params": {"eta": 0.21617985584697483, "max_depth": 23.05313524933153, "n_estimators": 16.276301779508216}, "datetime": {"datetime": "2021-09-29 17:48:35", "elapsed": 1569.065867, "delta": 3.043958}}
{"target": -46.73210102424359, "params": {"eta": 0.14422490933328033, "max_depth": 6.769809674518086, "n_estimators": 11.974989723212902}, "datetime": {"datetime": "2021-09-29 17:48:46", "elapsed": 1579.470076, "delta": 10.404209}}
{"target": -85.0134026009016, "params": {"eta": 0.006062212903620286, "max_depth": 26.501289173549804, "n_estimators": 14.867870989630605}, "datetime": {"datetime": "2021-09-29 17:48:52", "elapsed": 1585.39885, "delta": 5.928774}}
{"target": -47.5241564216167, "params": {"eta": 0.2778392316654935, "max_depth": 6.276947843914242, "n_estimators": 3.426632075862914}, "datetime": {"datetime": "2021-09-29 17:48:58", "elapsed": 1591.772513, "delta": 6.373663}}
{"target": -67.72751189079628, "params": {"eta": 0.9499414084928983, "max_depth": 6.442133159774049, "n_estimators": 22.35710569844876}, "datetime": {"datetime": "2021-09-29 17:49:01", "elapsed": 1594.975472, "delta": 3.202959}}
{"target": -90.29846310661709, "params": {"eta": 0.07838308065836036, "max_depth": 3.1609734803264744, "n_estimators": 1.0033168697030017}, "datetime": {"datetime": "2021-09-29 18:24:15", "elapsed": 0.0, "delta": 0.0}}
{"target": -79.04289493763102, "params": {"eta": 0.06232656016845757, "max_depth": 1.440267672451339, "n_estimators": 3.677819248295136}, "datetime": {"datetime": "2021-09-29 18:24:15", "elapsed": 0.036005, "delta": 0.036005}}
{"target": -51.04885625351924, "params": {"eta": 0.04607642959287393, "max_depth": 2.036682181129143, "n_estimators": 12.506256752689428}, "datetime": {"datetime": "2021-09-29 18:24:15", "elapsed": 0.085999, "delta": 0.049994}}
{"target": -46.81890810169517, "params": {"eta": 0.09543434276046998, "max_depth": 2.2575835432098845, "n_estimators": 20.871365511506024}, "datetime": {"datetime": "2021-09-29 18:24:15", "elapsed": 0.152002, "delta": 0.066003}}
{"target": -93.74422474140066, "params": {"eta": 0.04862331496241244, "max_depth": 3.6343523091728365, "n_estimators": 1.7942402027398587}, "datetime": {"datetime": "2021-09-29 18:24:15", "elapsed": 0.180001, "delta": 0.027999}}
{"target": -46.298425736973705, "params": {"eta": 0.11386545142497632, "max_depth": 2.251914407101381, "n_estimators": 17.202005024926798}, "datetime": {"datetime": "2021-09-29 18:24:15", "elapsed": 0.231002, "delta": 0.051001}}
{"target": -58.898380444583, "params": {"eta": 0.16, "max_depth": 4.0, "n_estimators": 30.0}, "datetime": {"datetime": "2021-09-29 18:24:16", "elapsed": 0.551, "delta": 0.319998}}
{"target": -54.86441376688806, "params": {"eta": 0.02, "max_depth": 1.0, "n_estimators": 25.667345712877594}, "datetime": {"datetime": "2021-09-29 18:24:16", "elapsed": 0.950001, "delta": 0.399001}}
{"target": -66.50049904850766, "params": {"eta": 0.02, "max_depth": 4.0, "n_estimators": 18.85012400393579}, "datetime": {"datetime": "2021-09-29 18:24:17", "elapsed": 1.309999, "delta": 0.359998}}
{"target": -52.39686453473066, "params": {"eta": 0.16, "max_depth": 1.0, "n_estimators": 15.223544017133824}, "datetime": {"datetime": "2021-09-29 18:24:17", "elapsed": 1.706413, "delta": 0.396414}}
{"target": -90.29846310661709, "params": {"eta": 0.07838308065836036, "max_depth": 3.1609734803264744, "n_estimators": 1.0033168697030017}, "datetime": {"datetime": "2021-09-29 18:24:23", "elapsed": 0.0, "delta": 0.0}}
{"target": -79.04289493763102, "params": {"eta": 0.06232656016845757, "max_depth": 1.440267672451339, "n_estimators": 3.677819248295136}, "datetime": {"datetime": "2021-09-29 18:24:23", "elapsed": 0.025995, "delta": 0.025995}}
{"target": -51.04885625351924, "params": {"eta": 0.04607642959287393, "max_depth": 2.036682181129143, "n_estimators": 12.506256752689428}, "datetime": {"datetime": "2021-09-29 18:24:23", "elapsed": 0.115997, "delta": 0.090002}}
{"target": -46.81890810169517, "params": {"eta": 0.09543434276046998, "max_depth": 2.2575835432098845, "n_estimators": 20.871365511506024}, "datetime": {"datetime": "2021-09-29 18:24:23", "elapsed": 0.194995, "delta": 0.078998}}
{"target": -93.74422474140066, "params": {"eta": 0.04862331496241244, "max_depth": 3.6343523091728365, "n_estimators": 1.7942402027398587}, "datetime": {"datetime": "2021-09-29 18:24:23", "elapsed": 0.215994, "delta": 0.020999}}
{"target": -52.741493292196104, "params": {"eta": 0.02, "max_depth": 1.0, "n_estimators": 27.838098538971497}, "datetime": {"datetime": "2021-09-29 18:24:23", "elapsed": 0.579, "delta": 0.363006}}
{"target": -51.678755526799506, "params": {"eta": 0.16, "max_depth": 4.0, "n_estimators": 16.787073917469236}, "datetime": {"datetime": "2021-09-29 18:24:23", "elapsed": 0.834996, "delta": 0.255996}}
{"target": -57.1014023145344, "params": {"eta": 0.16, "max_depth": 4.0, "n_estimators": 24.842638303870757}, "datetime": {"datetime": "2021-09-29 18:24:24", "elapsed": 1.140997, "delta": 0.306001}}
{"target": -66.96164142777957, "params": {"eta": 0.02, "max_depth": 1.0, "n_estimators": 16.9294764912877}, "datetime": {"datetime": "2021-09-29 18:24:24", "elapsed": 1.391998, "delta": 0.251001}}
{"target": -58.898380444583, "params": {"eta": 0.16, "max_depth": 4.0, "n_estimators": 30.0}, "datetime": {"datetime": "2021-09-29 18:24:25", "elapsed": 1.991062, "delta": 0.599064}}
{"target": -43.5079584023641, "params": {"eta": 0.16, "max_depth": 4.0, "n_estimators": 9.985529850650623}, "datetime": {"datetime": "2021-09-29 18:24:25", "elapsed": 2.396061, "delta": 0.404999}}
{"target": -44.23404413265028, "params": {"eta": 0.16, "max_depth": 1.0, "n_estimators": 9.128466457336526}, "datetime": {"datetime": "2021-09-29 18:24:25", "elapsed": 2.682059, "delta": 0.285998}}
