{"target": -43.89958722220657, "params": {"eta": 0.08443413588723575, "max_depth": 2.579230339322282, "n_estimators": 10.059560926896733}, "datetime": {"datetime": "2021-09-29 18:27:04", "elapsed": 161.863072, "delta": 1.412379}}
{"target": -45.79317308611576, "params": {"eta": 0.1190572715618921, "max_depth": 3.5398466701295606, "n_estimators": 16.382082853200572}, "datetime": {"datetime": "2021-09-29 18:27:07", "elapsed": 163.959198, "delta": 2.096126}}
{"target": -46.21501829014191, "params": {"eta": 0.07720186631312699, "max_depth": 2.3990047692261376, "n_estimators": 9.96233315473053}, "datetime": {"datetime": "2021-09-29 18:27:08", "elapsed": 165.336377, "delta": 1.377179}}
{"target": -68.73117846891319, "params": {"eta": 0.02, "max_depth": 3.4589688812562054, "n_estimators": 16.45022524218689}, "datetime": {"datetime": "2021-09-29 18:27:09", "elapsed": 166.758377, "delta": 1.422}}
{"target": -45.79317308611576, "params": {"eta": 0.11681560438282475, "max_depth": 3.661540061720869, "n_estimators": 16.43345704034128}, "datetime": {"datetime": "2021-09-29 18:27:11", "elapsed": 168.176378, "delta": 1.418001}}
{"target": -40.927681841487704, "params": {"eta": 0.13418236144365903, "max_depth": 2.4903569846028466, "n_estimators": 9.938256432637921}, "datetime": {"datetime": "2021-09-29 18:27:12", "elapsed": 169.41445, "delta": 1.238072}}
{"target": -40.80346069598584, "params": {"eta": 0.1397991966636302, "max_depth": 2.707125403338222, "n_estimators": 9.753011788782665}, "datetime": {"datetime": "2021-09-29 18:27:13", "elapsed": 170.284453, "delta": 0.870003}}
{"target": -42.498038918087474, "params": {"eta": 0.05579042282047805, "max_depth": 3.6289468647042633, "n_estimators": 16.557157401318626}, "datetime": {"datetime": "2021-09-29 18:27:14", "elapsed": 171.640691, "delta": 1.356238}}
{"target": -43.562252889283485, "params": {"eta": 0.05501292786555778, "max_depth": 1.7033297283358024, "n_estimators": 24.646105929507822}, "datetime": {"datetime": "2021-09-29 18:27:15", "elapsed": 172.525691, "delta": 0.885}}
{"target": -52.741493292196104, "params": {"eta": 0.02, "max_depth": 1.9340887631088628, "n_estimators": 27.949945631600787}, "datetime": {"datetime": "2021-09-29 18:27:17", "elapsed": 173.923616, "delta": 1.397925}}
{"target": -40.50904553432999, "params": {"eta": 0.1466099467576438, "max_depth": 1.4007029468524406, "n_estimators": 7.896314714189428}, "datetime": {"datetime": "2021-09-29 18:27:18", "elapsed": 175.133741, "delta": 1.210125}}
{"target": -43.364203916408286, "params": {"eta": 0.1055920526416073, "max_depth": 1.4166747851876607, "n_estimators": 7.991279069074042}, "datetime": {"datetime": "2021-09-29 18:27:19", "elapsed": 176.44674, "delta": 1.312999}}
{"target": -40.50904553432999, "params": {"eta": 0.14586575288415557, "max_depth": 1.2704033182869747, "n_estimators": 7.799124653064146}, "datetime": {"datetime": "2021-09-29 18:27:21", "elapsed": 177.961095, "delta": 1.514355}}
{"target": -54.79610363286317, "params": {"eta": 0.06897839889199829, "max_depth": 1.3491189312787142, "n_estimators": 7.843777351847542}, "datetime": {"datetime": "2021-09-29 18:27:22", "elapsed": 179.183141, "delta": 1.222046}}
{"target": -42.90441209326256, "params": {"eta": 0.10484659769560625, "max_depth": 1.637071759516644, "n_estimators": 8.247629104669803}, "datetime": {"datetime": "2021-09-29 18:27:24", "elapsed": 180.913813, "delta": 1.730672}}
{"target": -40.64107290789533, "params": {"eta": 0.13696070923090034, "max_depth": 1.8163183775331593, "n_estimators": 7.965204513351887}, "datetime": {"datetime": "2021-09-29 18:27:25", "elapsed": 182.61571, "delta": 1.701897}}
{"target": -53.46191022014868, "params": {"eta": 0.03780230111991428, "max_depth": 1.1950475502562656, "n_estimators": 13.682625709583895}, "datetime": {"datetime": "2021-09-29 18:27:26", "elapsed": 183.632495, "delta": 1.016785}}
{"target": -40.72870475162954, "params": {"eta": 0.16, "max_depth": 1.268284553136626, "n_estimators": 7.920904944173854}, "datetime": {"datetime": "2021-09-29 18:27:28", "elapsed": 184.902494, "delta": 1.269999}}
{"target": -40.8436167229241, "params": {"eta": 0.03889882332107665, "max_depth": 1.1688273902648723, "n_estimators": 27.18497537285944}, "datetime": {"datetime": "2021-09-29 18:27:28", "elapsed": 185.861886, "delta": 0.959392}}
{"target": -65.67571532158203, "params": {"eta": 0.02981321270135623, "max_depth": 3.924538029242836, "n_estimators": 12.733019375184302}, "datetime": {"datetime": "2021-09-29 18:27:29", "elapsed": 186.716883, "delta": 0.854997}}
{"target": -40.843424617606956, "params": {"eta": 0.056394789697330985, "max_depth": 1.6475963527549047, "n_estimators": 18.828252387743717}, "datetime": {"datetime": "2021-09-29 18:27:30", "elapsed": 187.675783, "delta": 0.9589}}
{"target": -42.64474570823808, "params": {"eta": 0.16, "max_depth": 1.750137607235287, "n_estimators": 8.0641244663995}, "datetime": {"datetime": "2021-09-29 18:27:32", "elapsed": 189.148456, "delta": 1.472673}}
{"target": -66.70388643842765, "params": {"eta": 0.03606248817742627, "max_depth": 1.7847029538532322, "n_estimators": 8.067049685116949}, "datetime": {"datetime": "2021-09-29 18:27:33", "elapsed": 190.683912, "delta": 1.535456}}
{"target": -88.79598746172253, "params": {"eta": 0.027128686064663114, "max_depth": 1.906045299533921, "n_estimators": 3.924504838444106}, "datetime": {"datetime": "2021-09-29 18:27:34", "elapsed": 191.733282, "delta": 1.04937}}
{"target": -53.1652363906436, "params": {"eta": 0.10044514210727203, "max_depth": 1.2371397365817063, "n_estimators": 27.244457727175305}, "datetime": {"datetime": "2021-09-29 18:27:36", "elapsed": 193.315539, "delta": 1.582257}}
{"target": -41.78583550249001, "params": {"eta": 0.05111431966782502, "max_depth": 1.595094041575234, "n_estimators": 18.72733914524005}, "datetime": {"datetime": "2021-09-29 18:27:38", "elapsed": 195.8566, "delta": 2.541061}}
{"target": -52.23119340919633, "params": {"eta": 0.09281814950674509, "max_depth": 1.0996339355441767, "n_estimators": 27.09989232689396}, "datetime": {"datetime": "2021-09-29 18:27:40", "elapsed": 197.599596, "delta": 1.742996}}
{"target": -54.10737217436282, "params": {"eta": 0.15190523775074471, "max_depth": 1.6097264700630625, "n_estimators": 18.836650482356024}, "datetime": {"datetime": "2021-09-29 18:27:42", "elapsed": 199.257961, "delta": 1.658365}}
{"target": -40.72870475162954, "params": {"eta": 0.16, "max_depth": 1.8691391687282315, "n_estimators": 7.873606281165948}, "datetime": {"datetime": "2021-09-29 18:27:43", "elapsed": 200.67964, "delta": 1.421679}}
{"target": -40.291289744272014, "params": {"eta": 0.13487786807501015, "max_depth": 1.5905869838939588, "n_estimators": 8.098564344172168}, "datetime": {"datetime": "2021-09-29 18:27:45", "elapsed": 202.082388, "delta": 1.402748}}
{"target": -45.32919844543695, "params": {"eta": 0.03945746507735213, "max_depth": 1.727846542001306, "n_estimators": 18.76451075892956}, "datetime": {"datetime": "2021-09-29 18:27:46", "elapsed": 203.415072, "delta": 1.332684}}
{"target": -42.64474570823808, "params": {"eta": 0.15883756670402016, "max_depth": 1.4692250969513458, "n_estimators": 8.153599730413521}, "datetime": {"datetime": "2021-09-29 18:27:48", "elapsed": 205.528023, "delta": 2.112951}}
{"target": -44.92630173857122, "params": {"eta": 0.07881698629378135, "max_depth": 2.7104753444219, "n_estimators": 22.27413973980487}, "datetime": {"datetime": "2021-09-29 18:27:50", "elapsed": 207.3056, "delta": 1.777577}}
{"target": -41.89722494878281, "params": {"eta": 0.1476702489800607, "max_depth": 1.502118791733847, "n_estimators": 8.31336241060906}, "datetime": {"datetime": "2021-09-29 18:27:52", "elapsed": 208.893597, "delta": 1.587997}}
{"target": -43.636160984932076, "params": {"eta": 0.0884150192703273, "max_depth": 2.000160106973708, "n_estimators": 9.609200550094904}, "datetime": {"datetime": "2021-09-29 18:27:53", "elapsed": 210.010759, "delta": 1.117162}}
{"target": -40.23337406771553, "params": {"eta": 0.0488229318719851, "max_depth": 2.8666633145425995, "n_estimators": 24.308621841340113}, "datetime": {"datetime": "2021-09-29 18:27:54", "elapsed": 211.122761, "delta": 1.112002}}
{"target": -73.59423616234182, "params": {"eta": 0.03348401986149639, "max_depth": 1.5021299686926495, "n_estimators": 8.21476114036371}, "datetime": {"datetime": "2021-09-29 18:27:56", "elapsed": 212.951164, "delta": 1.828403}}
{"target": -42.3702515432887, "params": {"eta": 0.15397406240961062, "max_depth": 2.688957399147002, "n_estimators": 10.019379412594505}, "datetime": {"datetime": "2021-09-29 18:27:58", "elapsed": 215.154544, "delta": 2.20338}}
{"target": -46.553113535000264, "params": {"eta": 0.031137673201505046, "max_depth": 2.7537635361496067, "n_estimators": 24.336315251846717}, "datetime": {"datetime": "2021-09-29 18:27:59", "elapsed": 216.852668, "delta": 1.698124}}
{"target": -53.531905181099134, "params": {"eta": 0.12598996061037468, "max_depth": 2.8960820320049843, "n_estimators": 24.37371484982263}, "datetime": {"datetime": "2021-09-29 18:28:03", "elapsed": 220.384451, "delta": 3.531783}}
{"target": -41.48334375038102, "params": {"eta": 0.06256832966029291, "max_depth": 2.7930165024269353, "n_estimators": 24.216722173085415}, "datetime": {"datetime": "2021-09-29 18:28:05", "elapsed": 222.027659, "delta": 1.643208}}
{"target": -43.04021379387709, "params": {"eta": 0.03639027781325551, "max_depth": 3.3283188207948062, "n_estimators": 23.27610447637786}, "datetime": {"datetime": "2021-09-29 18:28:06", "elapsed": 223.18266, "delta": 1.155001}}
{"target": -44.04554473274646, "params": {"eta": 0.07138210276364454, "max_depth": 2.93376124604134, "n_estimators": 24.221437659611368}, "datetime": {"datetime": "2021-09-29 18:28:08", "elapsed": 225.371353, "delta": 2.188693}}
{"target": -41.96651255592825, "params": {"eta": 0.16, "max_depth": 2.7659042514201615, "n_estimators": 9.881531731822601}, "datetime": {"datetime": "2021-09-29 18:28:10", "elapsed": 227.065352, "delta": 1.693999}}
{"target": -62.44903320683617, "params": {"eta": 0.022783359397235324, "max_depth": 1.7951756601146167, "n_estimators": 19.720304736060235}, "datetime": {"datetime": "2021-09-29 18:28:12", "elapsed": 229.409809, "delta": 2.344457}}
{"target": -41.18529448203381, "params": {"eta": 0.05293090413804083, "max_depth": 1.5892060565705544, "n_estimators": 19.651589682741474}, "datetime": {"datetime": "2021-09-29 18:28:14", "elapsed": 231.296084, "delta": 1.886275}}
{"target": -51.47351658663023, "params": {"eta": 0.09635949746920562, "max_depth": 2.3788077697831156, "n_estimators": 27.875832059233915}, "datetime": {"datetime": "2021-09-29 18:28:15", "elapsed": 232.456077, "delta": 1.159993}}
{"target": -40.50904553432999, "params": {"eta": 0.15115193896433834, "max_depth": 1.2650607441548563, "n_estimators": 7.182052332426048}, "datetime": {"datetime": "2021-09-29 18:28:17", "elapsed": 234.420369, "delta": 1.964292}}
{"target": -43.364203916408286, "params": {"eta": 0.10754179098685214, "max_depth": 1.2512173649899028, "n_estimators": 7.078245764021362}, "datetime": {"datetime": "2021-09-29 18:28:19", "elapsed": 236.159829, "delta": 1.73946}}
{"target": -50.84692059489985, "params": {"eta": 0.07951353771131293, "max_depth": 1.222233114396524, "n_estimators": 7.279190298058134}, "datetime": {"datetime": "2021-09-29 18:28:21", "elapsed": 238.330457, "delta": 2.170628}}
{"target": -53.37720340820076, "params": {"eta": 0.1447007641449672, "max_depth": 1.6718833509330195, "n_estimators": 19.682664566293557}, "datetime": {"datetime": "2021-09-29 18:28:23", "elapsed": 240.608308, "delta": 2.277851}}
{"target": -42.51235344448101, "params": {"eta": 0.038664826089789314, "max_depth": 3.437366144185532, "n_estimators": 24.32245526092276}, "datetime": {"datetime": "2021-09-29 18:28:24", "elapsed": 241.875883, "delta": 1.267575}}
{"target": -70.14012975555966, "params": {"eta": 0.0328444193124328, "max_depth": 3.510498797003028, "n_estimators": 10.570567778843632}, "datetime": {"datetime": "2021-09-29 18:28:27", "elapsed": 244.396316, "delta": 2.520433}}
{"target": -74.06510522237052, "params": {"eta": 0.048545915956624955, "max_depth": 3.7120069412152707, "n_estimators": 5.273502908097811}, "datetime": {"datetime": "2021-09-29 18:28:28", "elapsed": 245.53259, "delta": 1.136274}}
{"target": -42.52807228807544, "params": {"eta": 0.12508557823576255, "max_depth": 3.3833401074435545, "n_estimators": 10.719304504139046}, "datetime": {"datetime": "2021-09-29 18:28:31", "elapsed": 247.960824, "delta": 2.428234}}
{"target": -56.55891745765814, "params": {"eta": 0.04580844054823577, "max_depth": 3.477231668735849, "n_estimators": 10.79407727365499}, "datetime": {"datetime": "2021-09-29 18:28:33", "elapsed": 250.452142, "delta": 2.491318}}
{"target": -40.80346069598584, "params": {"eta": 0.14038537288860986, "max_depth": 2.8979863348791666, "n_estimators": 9.919188708031687}, "datetime": {"datetime": "2021-09-29 18:28:35", "elapsed": 252.379967, "delta": 1.927825}}
{"target": -47.757804587884166, "params": {"eta": 0.15727152696123747, "max_depth": 2.4221386779473844, "n_estimators": 4.550582244006467}, "datetime": {"datetime": "2021-09-29 18:28:36", "elapsed": 253.496783, "delta": 1.116816}}
{"target": -53.620444546568805, "params": {"eta": 0.055885054584527916, "max_depth": 2.847834651115205, "n_estimators": 9.946322924503487}, "datetime": {"datetime": "2021-09-29 18:28:38", "elapsed": 255.750837, "delta": 2.254054}}
{"target": -43.364203916408286, "params": {"eta": 0.11459853252353278, "max_depth": 1.3731101679699516, "n_estimators": 7.165569604059806}, "datetime": {"datetime": "2021-09-29 18:28:41", "elapsed": 257.980216, "delta": 2.229379}}
{"target": -67.23959741775556, "params": {"eta": 0.02, "max_depth": 3.993537332756757, "n_estimators": 17.53427245806475}, "datetime": {"datetime": "2021-09-29 18:28:43", "elapsed": 260.273471, "delta": 2.293255}}
{"target": -41.96651255592825, "params": {"eta": 0.15593161477167583, "max_depth": 2.8421623072172277, "n_estimators": 9.811766753426568}, "datetime": {"datetime": "2021-09-29 18:28:45", "elapsed": 262.242679, "delta": 1.969208}}
{"target": -41.89722494878281, "params": {"eta": 0.1509939673013801, "max_depth": 1.6679249061798944, "n_estimators": 8.147849891481167}, "datetime": {"datetime": "2021-09-29 18:28:47", "elapsed": 264.862642, "delta": 2.619963}}
{"target": -46.94858454017475, "params": {"eta": 0.11700068653031288, "max_depth": 3.9396304790167798, "n_estimators": 17.711425451973692}, "datetime": {"datetime": "2021-09-29 18:28:49", "elapsed": 266.800702, "delta": 1.93806}}
{"target": -51.683933770877864, "params": {"eta": 0.14917599605674667, "max_depth": 3.8281275145486315, "n_estimators": 17.43785748023002}, "datetime": {"datetime": "2021-09-29 18:28:51", "elapsed": 268.861737, "delta": 2.061035}}
{"target": -40.64107290789533, "params": {"eta": 0.13785250352537184, "max_depth": 1.9499779723855193, "n_estimators": 7.935787344891676}, "datetime": {"datetime": "2021-09-29 18:28:54", "elapsed": 270.985654, "delta": 2.123917}}
{"target": -44.17376876858538, "params": {"eta": 0.1091616793833451, "max_depth": 2.0047421143651967, "n_estimators": 7.817226903889524}, "datetime": {"datetime": "2021-09-29 18:28:56", "elapsed": 273.595046, "delta": 2.609392}}
{"target": -64.23536650450205, "params": {"eta": 0.051572507521636446, "max_depth": 1.9102349206658193, "n_estimators": 7.884232118427393}, "datetime": {"datetime": "2021-09-29 18:28:58", "elapsed": 275.615562, "delta": 2.020516}}
{"target": -39.49455800648052, "params": {"eta": 0.16, "max_depth": 2.0561123281554528, "n_estimators": 7.918376530237841}, "datetime": {"datetime": "2021-09-29 18:29:01", "elapsed": 278.160804, "delta": 2.545242}}
{"target": -67.00243385956786, "params": {"eta": 0.15851306241843463, "max_depth": 3.802340859238627, "n_estimators": 2.6011561942362875}, "datetime": {"datetime": "2021-09-29 18:29:02", "elapsed": 279.3788, "delta": 1.217996}}
{"target": -41.89722494878281, "params": {"eta": 0.14572044669291695, "max_depth": 1.9597795575265393, "n_estimators": 8.024339132120005}, "datetime": {"datetime": "2021-09-29 18:29:04", "elapsed": 281.251318, "delta": 1.872518}}
{"target": -52.27813602378063, "params": {"eta": 0.07963110626892035, "max_depth": 2.1184412156430277, "n_estimators": 7.971141116084646}, "datetime": {"datetime": "2021-09-29 18:29:06", "elapsed": 283.043301, "delta": 1.791983}}
{"target": -40.291289744272014, "params": {"eta": 0.1313469331052608, "max_depth": 1.2510232167219766, "n_estimators": 8.039846175063394}, "datetime": {"datetime": "2021-09-29 18:29:08", "elapsed": 285.202218, "delta": 2.158917}}
{"target": -45.486390334266034, "params": {"eta": 0.10331582284191207, "max_depth": 1.1722627629111768, "n_estimators": 7.939853342411787}, "datetime": {"datetime": "2021-09-29 18:29:11", "elapsed": 288.251634, "delta": 3.049416}}
{"target": -39.49455800648052, "params": {"eta": 0.16, "max_depth": 2.110614742262974, "n_estimators": 7.814534216138659}, "datetime": {"datetime": "2021-09-29 18:29:14", "elapsed": 291.161099, "delta": 2.909465}}
{"target": -63.9127785775287, "params": {"eta": 0.02, "max_depth": 1.539091896409488, "n_estimators": 18.823261795476874}, "datetime": {"datetime": "2021-09-29 18:29:16", "elapsed": 293.335874, "delta": 2.174775}}
{"target": -40.383491360371174, "params": {"eta": 0.13934156305644385, "max_depth": 1.7428428929136959, "n_estimators": 8.3043745127335}, "datetime": {"datetime": "2021-09-29 18:29:19", "elapsed": 296.012806, "delta": 2.676932}}
{"target": -39.49455800648052, "params": {"eta": 0.16, "max_depth": 2.0629776763088743, "n_estimators": 7.714131402729803}, "datetime": {"datetime": "2021-09-29 18:29:22", "elapsed": 299.084807, "delta": 3.072001}}
{"target": -42.64474570823808, "params": {"eta": 0.158094087964757, "max_depth": 1.3668105553040548, "n_estimators": 8.113179439068679}, "datetime": {"datetime": "2021-09-29 18:29:24", "elapsed": 301.317366, "delta": 2.232559}}
{"target": -52.27813602378063, "params": {"eta": 0.07877945834557698, "max_depth": 2.101859078572034, "n_estimators": 7.742729679994645}, "datetime": {"datetime": "2021-09-29 18:29:26", "elapsed": 303.127272, "delta": 1.809906}}
{"target": -45.684219114339086, "params": {"eta": 0.09486699023103358, "max_depth": 1.6724893099956282, "n_estimators": 18.629159979840693}, "datetime": {"datetime": "2021-09-29 18:29:29", "elapsed": 305.993261, "delta": 2.865989}}
{"target": -41.89722494878281, "params": {"eta": 0.14629666017511306, "max_depth": 1.1671714133066975, "n_estimators": 8.123054602890203}, "datetime": {"datetime": "2021-09-29 18:29:31", "elapsed": 308.773236, "delta": 2.779975}}
{"target": -47.65435758372324, "params": {"eta": 0.0996978632574854, "max_depth": 2.37178804124698, "n_estimators": 21.823774732144553}, "datetime": {"datetime": "2021-09-29 18:29:33", "elapsed": 310.152781, "delta": 1.379545}}
{"target": -66.70388643842765, "params": {"eta": 0.04157276987894594, "max_depth": 1.210206025103381, "n_estimators": 8.131623054529992}, "datetime": {"datetime": "2021-09-29 18:29:35", "elapsed": 312.438428, "delta": 2.285647}}
{"target": -47.31331837534287, "params": {"eta": 0.11089690208828343, "max_depth": 1.6017523753246348, "n_estimators": 16.126280543364032}, "datetime": {"datetime": "2021-09-29 18:29:37", "elapsed": 314.420233, "delta": 1.981805}}
{"target": -41.89722494878281, "params": {"eta": 0.14991641542418005, "max_depth": 1.1159943654358593, "n_estimators": 8.059298325741645}, "datetime": {"datetime": "2021-09-29 18:29:39", "elapsed": 316.295382, "delta": 1.875149}}
{"target": -53.89104553869106, "params": {"eta": 0.15657260340110032, "max_depth": 1.8336492449775394, "n_estimators": 3.753840026908373}, "datetime": {"datetime": "2021-09-29 18:29:40", "elapsed": 317.59138, "delta": 1.295998}}
{"target": -88.94109530224499, "params": {"eta": 0.09446182392513011, "max_depth": 2.0061416754444372, "n_estimators": 1.1416457845951236}, "datetime": {"datetime": "2021-09-29 18:29:42", "elapsed": 319.031903, "delta": 1.440523}}
{"target": -42.64167402577434, "params": {"eta": 0.07363479262898054, "max_depth": 3.2380213090422227, "n_estimators": 21.429199902574886}, "datetime": {"datetime": "2021-09-29 18:29:43", "elapsed": 320.403411, "delta": 1.371508}}
{"target": -62.44903320683617, "params": {"eta": 0.02, "max_depth": 1.558721038924493, "n_estimators": 19.544241168926312}, "datetime": {"datetime": "2021-09-29 18:29:45", "elapsed": 322.416275, "delta": 2.012864}}
{"target": -42.829097211564964, "params": {"eta": 0.14789281679598656, "max_depth": 3.020967494242802, "n_estimators": 9.980103024529242}, "datetime": {"datetime": "2021-09-29 18:29:47", "elapsed": 324.61807, "delta": 2.201795}}
{"target": -50.232020806820344, "params": {"eta": 0.1464964597816142, "max_depth": 1.9662140665844112, "n_estimators": 13.717454430219098}, "datetime": {"datetime": "2021-09-29 18:29:50", "elapsed": 327.047197, "delta": 2.429127}}
{"target": -42.64474570823808, "params": {"eta": 0.15669110275285072, "max_depth": 1.6063070806139064, "n_estimators": 8.301402342425174}, "datetime": {"datetime": "2021-09-29 18:29:53", "elapsed": 330.209998, "delta": 3.162801}}
{"target": -41.89722494878281, "params": {"eta": 0.1543702430566481, "max_depth": 1.3343468208904006, "n_estimators": 8.006861556225125}, "datetime": {"datetime": "2021-09-29 18:29:55", "elapsed": 332.617037, "delta": 2.407039}}
{"target": -41.18529448203381, "params": {"eta": 0.04881489681349431, "max_depth": 1.5020143959703984, "n_estimators": 19.739190733756423}, "datetime": {"datetime": "2021-09-29 18:29:58", "elapsed": 335.660958, "delta": 3.043921}}
{"target": -41.18529448203381, "params": {"eta": 0.0518190416423675, "max_depth": 1.6231647509106966, "n_estimators": 19.74608124665845}, "datetime": {"datetime": "2021-09-29 18:30:01", "elapsed": 338.493025, "delta": 2.832067}}
