{"target": -53.620444546568805, "params": {"eta": 0.055885054584527916, "max_depth": 2.847834651115205, "n_estimators": 9.946322924503487}, "datetime": {"datetime": "2021-09-29 20:23:53", "elapsed": 350.5926, "delta": 2.473143}}
{"target": -43.364203916408286, "params": {"eta": 0.11459853252353278, "max_depth": 1.3731101679699516, "n_estimators": 7.165569604059806}, "datetime": {"datetime": "2021-09-29 20:23:55", "elapsed": 353.06449, "delta": 2.47189}}
{"target": -67.23959741775556, "params": {"eta": 0.02, "max_depth": 3.993537332756757, "n_estimators": 17.53427245806475}, "datetime": {"datetime": "2021-09-29 20:23:58", "elapsed": 355.547118, "delta": 2.482628}}
{"target": -41.96651255592825, "params": {"eta": 0.15593161477167583, "max_depth": 2.8421623072172277, "n_estimators": 9.811766753426568}, "datetime": {"datetime": "2021-09-29 20:24:00", "elapsed": 357.892936, "delta": 2.345818}}
{"target": -41.89722494878281, "params": {"eta": 0.1509939673013801, "max_depth": 1.6679249061798944, "n_estimators": 8.147849891481167}, "datetime": {"datetime": "2021-09-29 20:24:03", "elapsed": 360.557397, "delta": 2.664461}}
{"target": -46.94858454017475, "params": {"eta": 0.11700068653031288, "max_depth": 3.9396304790167798, "n_estimators": 17.711425451973692}, "datetime": {"datetime": "2021-09-29 20:24:05", "elapsed": 362.559609, "delta": 2.002212}}
{"target": -51.683933770877864, "params": {"eta": 0.14917599605674667, "max_depth": 3.8281275145486315, "n_estimators": 17.43785748023002}, "datetime": {"datetime": "2021-09-29 20:24:07", "elapsed": 364.671768, "delta": 2.112159}}
{"target": -40.64107290789533, "params": {"eta": 0.13785250352537184, "max_depth": 1.9499779723855193, "n_estimators": 7.935787344891676}, "datetime": {"datetime": "2021-09-29 20:24:09", "elapsed": 367.249884, "delta": 2.578116}}
{"target": -44.17376876858538, "params": {"eta": 0.1091616793833451, "max_depth": 2.0047421143651967, "n_estimators": 7.817226903889524}, "datetime": {"datetime": "2021-09-29 20:24:12", "elapsed": 369.697475, "delta": 2.447591}}
{"target": -64.23536650450205, "params": {"eta": 0.051572507521636446, "max_depth": 1.9102349206658193, "n_estimators": 7.884232118427393}, "datetime": {"datetime": "2021-09-29 20:24:14", "elapsed": 372.249579, "delta": 2.552104}}
{"target": -39.49455800648052, "params": {"eta": 0.16, "max_depth": 2.0561123281554528, "n_estimators": 7.918376530237841}, "datetime": {"datetime": "2021-09-29 20:24:17", "elapsed": 374.936298, "delta": 2.686719}}
{"target": -67.00243385956786, "params": {"eta": 0.15851306241843463, "max_depth": 3.802340859238627, "n_estimators": 2.6011561942362875}, "datetime": {"datetime": "2021-09-29 20:24:18", "elapsed": 376.208145, "delta": 1.271847}}
{"target": -41.89722494878281, "params": {"eta": 0.14572044669291695, "max_depth": 1.9597795575265393, "n_estimators": 8.024339132120005}, "datetime": {"datetime": "2021-09-29 20:24:21", "elapsed": 379.272074, "delta": 3.063929}}
{"target": -52.27813602378063, "params": {"eta": 0.07963110626892035, "max_depth": 2.1184412156430277, "n_estimators": 7.971141116084646}, "datetime": {"datetime": "2021-09-29 20:24:23", "elapsed": 381.000861, "delta": 1.728787}}
{"target": -40.291289744272014, "params": {"eta": 0.1313469331052608, "max_depth": 1.2510232167219766, "n_estimators": 8.039846175063394}, "datetime": {"datetime": "2021-09-29 20:24:25", "elapsed": 383.299389, "delta": 2.298528}}
{"target": -45.486390334266034, "params": {"eta": 0.10331582284191207, "max_depth": 1.1722627629111768, "n_estimators": 7.939853342411787}, "datetime": {"datetime": "2021-09-29 20:24:29", "elapsed": 387.281753, "delta": 3.982364}}
{"target": -39.49455800648052, "params": {"eta": 0.16, "max_depth": 2.110614742262974, "n_estimators": 7.814534216138659}, "datetime": {"datetime": "2021-09-29 20:24:32", "elapsed": 390.345156, "delta": 3.063403}}
{"target": -63.9127785775287, "params": {"eta": 0.02, "max_depth": 1.539091896409488, "n_estimators": 18.823261795476874}, "datetime": {"datetime": "2021-09-29 20:24:35", "elapsed": 392.8373, "delta": 2.492144}}
{"target": -40.383491360371174, "params": {"eta": 0.13934156305644385, "max_depth": 1.7428428929136959, "n_estimators": 8.3043745127335}, "datetime": {"datetime": "2021-09-29 20:24:38", "elapsed": 395.471156, "delta": 2.633856}}
{"target": -39.49455800648052, "params": {"eta": 0.16, "max_depth": 2.0629776763088743, "n_estimators": 7.714131402729803}, "datetime": {"datetime": "2021-09-29 20:24:41", "elapsed": 399.19119, "delta": 3.720034}}
{"target": -42.64474570823808, "params": {"eta": 0.158094087964757, "max_depth": 1.3668105553040548, "n_estimators": 8.113179439068679}, "datetime": {"datetime": "2021-09-29 20:24:44", "elapsed": 401.779434, "delta": 2.588244}}
{"target": -52.27813602378063, "params": {"eta": 0.07877945834557698, "max_depth": 2.101859078572034, "n_estimators": 7.742729679994645}, "datetime": {"datetime": "2021-09-29 20:24:46", "elapsed": 403.510121, "delta": 1.730687}}
{"target": -45.684219114339086, "params": {"eta": 0.09486699023103358, "max_depth": 1.6724893099956282, "n_estimators": 18.629159979840693}, "datetime": {"datetime": "2021-09-29 20:24:48", "elapsed": 405.958, "delta": 2.447879}}
{"target": -41.89722494878281, "params": {"eta": 0.14629666017511306, "max_depth": 1.1671714133066975, "n_estimators": 8.123054602890203}, "datetime": {"datetime": "2021-09-29 20:24:51", "elapsed": 409.125264, "delta": 3.167264}}
{"target": -47.65435758372324, "params": {"eta": 0.0996978632574854, "max_depth": 2.37178804124698, "n_estimators": 21.823774732144553}, "datetime": {"datetime": "2021-09-29 20:24:52", "elapsed": 410.372968, "delta": 1.247704}}
{"target": -66.70388643842765, "params": {"eta": 0.04157276987894594, "max_depth": 1.210206025103381, "n_estimators": 8.131623054529992}, "datetime": {"datetime": "2021-09-29 20:24:55", "elapsed": 412.46943, "delta": 2.096462}}
{"target": -47.31331837534287, "params": {"eta": 0.11089690208828343, "max_depth": 1.6017523753246348, "n_estimators": 16.126280543364032}, "datetime": {"datetime": "2021-09-29 20:24:57", "elapsed": 415.246259, "delta": 2.776829}}
{"target": -41.89722494878281, "params": {"eta": 0.14991641542418005, "max_depth": 1.1159943654358593, "n_estimators": 8.059298325741645}, "datetime": {"datetime": "2021-09-29 20:24:59", "elapsed": 416.973936, "delta": 1.727677}}
{"target": -53.89104553869106, "params": {"eta": 0.15657260340110032, "max_depth": 1.8336492449775394, "n_estimators": 3.753840026908373}, "datetime": {"datetime": "2021-09-29 20:25:00", "elapsed": 418.428935, "delta": 1.454999}}
{"target": -88.94109530224499, "params": {"eta": 0.09446182392513011, "max_depth": 2.0061416754444372, "n_estimators": 1.1416457845951236}, "datetime": {"datetime": "2021-09-29 20:25:02", "elapsed": 420.226046, "delta": 1.797111}}
{"target": -42.64167402577434, "params": {"eta": 0.07363479262898054, "max_depth": 3.2380213090422227, "n_estimators": 21.429199902574886}, "datetime": {"datetime": "2021-09-29 20:25:04", "elapsed": 421.955452, "delta": 1.729406}}
{"target": -62.44903320683617, "params": {"eta": 0.02, "max_depth": 1.558721038924493, "n_estimators": 19.544241168926312}, "datetime": {"datetime": "2021-09-29 20:25:06", "elapsed": 424.374619, "delta": 2.419167}}
{"target": -42.829097211564964, "params": {"eta": 0.14789281679598656, "max_depth": 3.020967494242802, "n_estimators": 9.980103024529242}, "datetime": {"datetime": "2021-09-29 20:25:09", "elapsed": 426.952295, "delta": 2.577676}}
{"target": -50.232020806820344, "params": {"eta": 0.1464964597816142, "max_depth": 1.9662140665844112, "n_estimators": 13.717454430219098}, "datetime": {"datetime": "2021-09-29 20:25:12", "elapsed": 429.492197, "delta": 2.539902}}
{"target": -42.64474570823808, "params": {"eta": 0.15669110275285072, "max_depth": 1.6063070806139064, "n_estimators": 8.301402342425174}, "datetime": {"datetime": "2021-09-29 20:25:15", "elapsed": 432.610906, "delta": 3.118709}}
{"target": -41.89722494878281, "params": {"eta": 0.1543702430566481, "max_depth": 1.3343468208904006, "n_estimators": 8.006861556225125}, "datetime": {"datetime": "2021-09-29 20:25:17", "elapsed": 435.112002, "delta": 2.501096}}
{"target": -41.18529448203381, "params": {"eta": 0.04881489681349431, "max_depth": 1.5020143959703984, "n_estimators": 19.739190733756423}, "datetime": {"datetime": "2021-09-29 20:25:21", "elapsed": 438.750172, "delta": 3.63817}}
{"target": -41.18529448203381, "params": {"eta": 0.0518190416423675, "max_depth": 1.6231647509106966, "n_estimators": 19.74608124665845}, "datetime": {"datetime": "2021-09-29 20:25:25", "elapsed": 442.567062, "delta": 3.81689}}
{"target": -40.50904553432999, "params": {"eta": 0.1548284040574098, "max_depth": 1.9764875536241386, "n_estimators": 7.642837111904569}, "datetime": {"datetime": "2021-09-29 20:25:29", "elapsed": 446.950372, "delta": 4.38331}}
{"target": -39.49455800648052, "params": {"eta": 0.16, "max_depth": 2.078132590100998, "n_estimators": 7.589783246317084}, "datetime": {"datetime": "2021-09-29 20:25:32", "elapsed": 449.948884, "delta": 2.998512}}
{"target": -42.185163201007065, "params": {"eta": 0.06883457516308618, "max_depth": 1.562837987622813, "n_estimators": 19.86359729948071}, "datetime": {"datetime": "2021-09-29 20:25:35", "elapsed": 452.589362, "delta": 2.640478}}
{"target": -43.01867033440133, "params": {"eta": 0.11810402236837891, "max_depth": 2.003155839830857, "n_estimators": 7.524527819901053}, "datetime": {"datetime": "2021-09-29 20:25:37", "elapsed": 455.337755, "delta": 2.748393}}
{"target": -44.47871352772076, "params": {"eta": 0.07012817253770384, "max_depth": 3.471264398024837, "n_estimators": 24.319312370431447}, "datetime": {"datetime": "2021-09-29 20:25:40", "elapsed": 458.012927, "delta": 2.675172}}
{"target": -45.31894189872215, "params": {"eta": 0.16, "max_depth": 3.3889779168545235, "n_estimators": 10.619379675584783}, "datetime": {"datetime": "2021-09-29 20:25:44", "elapsed": 462.051939, "delta": 4.039012}}
{"target": -71.94127653726444, "params": {"eta": 0.02122130581876496, "max_depth": 1.8112186097457863, "n_estimators": 13.878717670780228}, "datetime": {"datetime": "2021-09-29 20:25:46", "elapsed": 464.196562, "delta": 2.144623}}
{"target": -62.44903320683617, "params": {"eta": 0.02095992194581282, "max_depth": 1.4598763120967837, "n_estimators": 19.843952702094786}, "datetime": {"datetime": "2021-09-29 20:25:49", "elapsed": 467.027047, "delta": 2.830485}}
{"target": -63.9127785775287, "params": {"eta": 0.0228958441904794, "max_depth": 1.732371759650934, "n_estimators": 18.88845404831656}, "datetime": {"datetime": "2021-09-29 20:25:52", "elapsed": 469.686243, "delta": 2.659196}}
{"target": -60.46424476871255, "params": {"eta": 0.05796905245214483, "max_depth": 2.015015816164219, "n_estimators": 7.632638711347195}, "datetime": {"datetime": "2021-09-29 20:25:55", "elapsed": 473.177662, "delta": 3.491419}}
{"target": -40.927681841487704, "params": {"eta": 0.13008011732743757, "max_depth": 2.771537702016919, "n_estimators": 9.46434371790183}, "datetime": {"datetime": "2021-09-29 20:25:59", "elapsed": 476.721494, "delta": 3.543832}}
{"target": -54.27085315176882, "params": {"eta": 0.15962309056678692, "max_depth": 1.5312523103424045, "n_estimators": 19.7969140684808}, "datetime": {"datetime": "2021-09-29 20:26:02", "elapsed": 479.78466, "delta": 3.063166}}
{"target": -52.741493292196104, "params": {"eta": 0.02, "max_depth": 1.9296472672820009, "n_estimators": 27.696258715674418}, "datetime": {"datetime": "2021-09-29 20:26:05", "elapsed": 482.839067, "delta": 3.054407}}
{"target": -52.40295461831167, "params": {"eta": 0.14953614205783716, "max_depth": 3.3311089634430697, "n_estimators": 18.54058979459399}, "datetime": {"datetime": "2021-09-29 20:26:07", "elapsed": 485.165726, "delta": 2.326659}}
{"target": -59.49818569449293, "params": {"eta": 0.04804029917279517, "max_depth": 3.1574749997559977, "n_estimators": 9.363614664315055}, "datetime": {"datetime": "2021-09-29 20:26:09", "elapsed": 486.619356, "delta": 1.45363}}
{"target": -47.66447002244434, "params": {"eta": 0.08011449523331403, "max_depth": 3.339795199610238, "n_estimators": 27.223889536683316}, "datetime": {"datetime": "2021-09-29 20:26:11", "elapsed": 489.338312, "delta": 2.718956}}
{"target": -39.49455800648052, "params": {"eta": 0.16, "max_depth": 2.1817115231936683, "n_estimators": 7.644790606253932}, "datetime": {"datetime": "2021-09-29 20:26:15", "elapsed": 493.194031, "delta": 3.855719}}
{"target": -43.01867033440133, "params": {"eta": 0.11621677944611936, "max_depth": 2.1410070239661776, "n_estimators": 7.482046996637421}, "datetime": {"datetime": "2021-09-29 20:26:19", "elapsed": 496.615383, "delta": 3.421352}}
{"target": -42.64474570823808, "params": {"eta": 0.16, "max_depth": 1.051043421013973, "n_estimators": 8.16467222331858}, "datetime": {"datetime": "2021-09-29 20:26:21", "elapsed": 499.345846, "delta": 2.730463}}
{"target": -62.841114742189106, "params": {"eta": 0.02816261390875703, "max_depth": 2.381788065096014, "n_estimators": 13.301937732160205}, "datetime": {"datetime": "2021-09-29 20:26:24", "elapsed": 501.716888, "delta": 2.371042}}
{"target": -39.49455800648052, "params": {"eta": 0.16, "max_depth": 2.2276963310935796, "n_estimators": 7.755362519438565}, "datetime": {"datetime": "2021-09-29 20:26:27", "elapsed": 504.778953, "delta": 3.062065}}
{"target": -49.13197117548121, "params": {"eta": 0.09154214868961781, "max_depth": 2.2867989600501675, "n_estimators": 7.703205513800332}, "datetime": {"datetime": "2021-09-29 20:26:29", "elapsed": 507.201643, "delta": 2.42269}}
{"target": -44.21209082900124, "params": {"eta": 0.1558960056291785, "max_depth": 3.5223471684445498, "n_estimators": 9.802413428669027}, "datetime": {"datetime": "2021-09-29 20:26:31", "elapsed": 509.035641, "delta": 1.833998}}
{"target": -40.50904553432999, "params": {"eta": 0.15391265426060202, "max_depth": 1.5303688008412277, "n_estimators": 7.7497988240846025}, "datetime": {"datetime": "2021-09-29 20:26:35", "elapsed": 512.482628, "delta": 3.446987}}
{"target": -43.01867033440133, "params": {"eta": 0.1175327653376042, "max_depth": 2.2238356575194165, "n_estimators": 7.560333846003607}, "datetime": {"datetime": "2021-09-29 20:26:37", "elapsed": 514.816464, "delta": 2.333836}}
{"target": -39.49455800648052, "params": {"eta": 0.16, "max_depth": 2.0341856676995267, "n_estimators": 7.413044756024987}, "datetime": {"datetime": "2021-09-29 20:26:40", "elapsed": 518.025486, "delta": 3.209022}}
{"target": -39.49455800648052, "params": {"eta": 0.16, "max_depth": 2.2221611272471535, "n_estimators": 7.865593909391861}, "datetime": {"datetime": "2021-09-29 20:26:43", "elapsed": 521.053157, "delta": 3.027671}}
{"target": -39.49455800648052, "params": {"eta": 0.16, "max_depth": 2.127298834938322, "n_estimators": 7.344674454946338}, "datetime": {"datetime": "2021-09-29 20:26:46", "elapsed": 524.236295, "delta": 3.183138}}
{"target": -65.38559952075006, "params": {"eta": 0.049120471882455274, "max_depth": 2.162832069168692, "n_estimators": 7.33201678048957}, "datetime": {"datetime": "2021-09-29 20:26:50", "elapsed": 527.623244, "delta": 3.386949}}
{"target": -47.7422409795305, "params": {"eta": 0.08850744675449305, "max_depth": 3.6038663344695574, "n_estimators": 23.713952383745436}, "datetime": {"datetime": "2021-09-29 20:26:52", "elapsed": 529.497611, "delta": 1.874367}}
{"target": -40.72870475162954, "params": {"eta": 0.15964102036234332, "max_depth": 1.9061829463768074, "n_estimators": 7.4217936389638055}, "datetime": {"datetime": "2021-09-29 20:26:54", "elapsed": 532.302032, "delta": 2.804421}}
{"target": -42.01679440778633, "params": {"eta": 0.13003786848644175, "max_depth": 3.8380034439506163, "n_estimators": 9.146944779706804}, "datetime": {"datetime": "2021-09-29 20:26:56", "elapsed": 533.839031, "delta": 1.536999}}
{"target": -39.49455800648052, "params": {"eta": 0.16, "max_depth": 2.3295878950454054, "n_estimators": 7.838737225352477}, "datetime": {"datetime": "2021-09-29 20:27:00", "elapsed": 537.540958, "delta": 3.701927}}
{"target": -52.792133481427115, "params": {"eta": 0.1428878836071834, "max_depth": 1.7000290505280238, "n_estimators": 18.789114161174997}, "datetime": {"datetime": "2021-09-29 20:27:01", "elapsed": 539.114639, "delta": 1.573681}}
{"target": -48.81894174787611, "params": {"eta": 0.07373315746099553, "max_depth": 1.8278475967362193, "n_estimators": 28.17158140973386}, "datetime": {"datetime": "2021-09-29 20:27:03", "elapsed": 540.647241, "delta": 1.532602}}
{"target": -43.364203916408286, "params": {"eta": 0.1132496884319786, "max_depth": 1.949980630101724, "n_estimators": 7.2967692341137855}, "datetime": {"datetime": "2021-09-29 20:27:07", "elapsed": 544.831196, "delta": 4.183955}}
{"target": -83.67878145172308, "params": {"eta": 0.12747130351278374, "max_depth": 1.8542519137188875, "n_estimators": 1.902147916708753}, "datetime": {"datetime": "2021-09-29 20:27:09", "elapsed": 546.594903, "delta": 1.763707}}
{"target": -44.17376876858538, "params": {"eta": 0.1110613026887045, "max_depth": 2.2973380526287768, "n_estimators": 7.96947058853032}, "datetime": {"datetime": "2021-09-29 20:27:14", "elapsed": 551.604797, "delta": 5.009894}}
{"target": -49.34363776421486, "params": {"eta": 0.07356698516156321, "max_depth": 1.2327273822841653, "n_estimators": 29.69091634681285}, "datetime": {"datetime": "2021-09-29 20:27:16", "elapsed": 553.770634, "delta": 2.165837}}
{"target": -46.55724217861335, "params": {"eta": 0.06162088370929103, "max_depth": 1.187819142365151, "n_estimators": 29.32882926792397}, "datetime": {"datetime": "2021-09-29 20:27:18", "elapsed": 556.424361, "delta": 2.653727}}
{"target": -48.14790086157038, "params": {"eta": 0.12408807512332325, "max_depth": 2.9417839027653687, "n_estimators": 17.53824300708202}, "datetime": {"datetime": "2021-09-29 20:27:21", "elapsed": 558.444894, "delta": 2.020533}}
{"target": -40.64107290789533, "params": {"eta": 0.14111751570161193, "max_depth": 1.8022158166514608, "n_estimators": 7.351824804503407}, "datetime": {"datetime": "2021-09-29 20:27:22", "elapsed": 560.419274, "delta": 1.97438}}
{"target": -41.12417930963426, "params": {"eta": 0.1291971126589413, "max_depth": 1.7779442424907388, "n_estimators": 7.450812134946413}, "datetime": {"datetime": "2021-09-29 20:27:28", "elapsed": 565.479956, "delta": 5.060682}}
{"target": -57.671999090855266, "params": {"eta": 0.032532755905800875, "max_depth": 1.697292318625545, "n_estimators": 15.184315980274398}, "datetime": {"datetime": "2021-09-29 20:27:29", "elapsed": 567.193952, "delta": 1.713996}}
{"target": -76.39169285924527, "params": {"eta": 0.028420437874602696, "max_depth": 1.885138680211864, "n_estimators": 7.470687315567505}, "datetime": {"datetime": "2021-09-29 20:27:32", "elapsed": 570.182632, "delta": 2.98868}}
{"target": -44.19958875388183, "params": {"eta": 0.04175289776187158, "max_depth": 2.3605963873441045, "n_estimators": 20.285377528972667}, "datetime": {"datetime": "2021-09-29 20:27:34", "elapsed": 571.945005, "delta": 1.762373}}
{"target": -49.135137144108235, "params": {"eta": 0.15830746324975428, "max_depth": 3.643384232279163, "n_estimators": 13.411123536815527}, "datetime": {"datetime": "2021-09-29 20:27:36", "elapsed": 573.566011, "delta": 1.621006}}
{"target": -60.46424476871255, "params": {"eta": 0.06445420027428819, "max_depth": 2.2813974937277792, "n_estimators": 7.851835123572178}, "datetime": {"datetime": "2021-09-29 20:27:40", "elapsed": 578.07062, "delta": 4.504609}}
{"target": -51.108650826616866, "params": {"eta": 0.031761677177573944, "max_depth": 1.637719637443016, "n_estimators": 19.941824193578608}, "datetime": {"datetime": "2021-09-29 20:27:46", "elapsed": 584.385855, "delta": 6.315235}}
{"target": -54.25731401465483, "params": {"eta": 0.057909555635450166, "max_depth": 3.0096121258603485, "n_estimators": 9.887451772720253}, "datetime": {"datetime": "2021-09-29 20:27:50", "elapsed": 587.823386, "delta": 3.437531}}
{"target": -40.64107290789533, "params": {"eta": 0.1364897860747102, "max_depth": 1.6543182737125028, "n_estimators": 7.366899247397942}, "datetime": {"datetime": "2021-09-29 20:27:53", "elapsed": 591.302243, "delta": 3.478857}}
{"target": -51.39617584589266, "params": {"eta": 0.11498844056696975, "max_depth": 2.528816655415767, "n_estimators": 24.412679782668683}, "datetime": {"datetime": "2021-09-29 20:27:55", "elapsed": 592.854432, "delta": 1.552189}}
{"target": -64.23536650450205, "params": {"eta": 0.04964934716217578, "max_depth": 1.7147787678474977, "n_estimators": 7.367623748948931}, "datetime": {"datetime": "2021-09-29 20:27:59", "elapsed": 596.521275, "delta": 3.666843}}
{"target": -40.72870475162954, "params": {"eta": 0.15699706190593798, "max_depth": 1.5750143528687521, "n_estimators": 7.249066666816573}, "datetime": {"datetime": "2021-09-29 20:28:02", "elapsed": 600.072163, "delta": 3.550888}}
{"target": -40.50904553432999, "params": {"eta": 0.15167744643761907, "max_depth": 1.505127712926813, "n_estimators": 7.431632025674493}, "datetime": {"datetime": "2021-09-29 20:28:06", "elapsed": 604.055669, "delta": 3.983506}}
{"target": -40.50904553432999, "params": {"eta": 0.14760357142597436, "max_depth": 1.593937152257149, "n_estimators": 7.487262632197314}, "datetime": {"datetime": "2021-09-29 20:28:10", "elapsed": 608.004619, "delta": 3.94895}}
{"target": -40.72870475162954, "params": {"eta": 0.15983768868728318, "max_depth": 1.435480372620889, "n_estimators": 7.552824224467863}, "datetime": {"datetime": "2021-09-29 20:28:15", "elapsed": 613.144524, "delta": 5.139905}}
{"target": -40.50904553432999, "params": {"eta": 0.14814658020905058, "max_depth": 1.4880549504338714, "n_estimators": 7.30291456896403}, "datetime": {"datetime": "2021-09-29 20:28:19", "elapsed": 616.943971, "delta": 3.799447}}
