{"target": -62.06418444609976, "params": {"eta": 0.3524326344600668, "max_depth": 7.742166035774428, "n_estimators": 13.968475732366326}, "datetime": {"datetime": "2021-09-29 17:03:20", "elapsed": 128.300867, "delta": 0.730999}}
{"target": -48.891574580718164, "params": {"eta": 0.18884762684121745, "max_depth": 22.62916196272596, "n_estimators": 7.3855172771652455}, "datetime": {"datetime": "2021-09-29 17:03:21", "elapsed": 129.143297, "delta": 0.84243}}
{"target": -45.61623350304929, "params": {"eta": 0.1739501535787248, "max_depth": 4.750198256419164, "n_estimators": 10.498426337414013}, "datetime": {"datetime": "2021-09-29 17:03:21", "elapsed": 129.944292, "delta": 0.800995}}
{"target": -49.04878385504395, "params": {"eta": 0.19694728546568235, "max_depth": 4.81360601142717, "n_estimators": 10.08827149791143}, "datetime": {"datetime": "2021-09-29 17:03:22", "elapsed": 130.751293, "delta": 0.807001}}
{"target": -51.057813120909614, "params": {"eta": 0.3626924634393474, "max_depth": 26.824519228983494, "n_estimators": 3.377987937650517}, "datetime": {"datetime": "2021-09-29 17:03:23", "elapsed": 131.586504, "delta": 0.835211}}
{"target": -45.30304891061277, "params": {"eta": 0.10593916153274269, "max_depth": 15.7842997826189, "n_estimators": 11.870059986002495}, "datetime": {"datetime": "2021-09-29 17:03:24", "elapsed": 132.485507, "delta": 0.899003}}
{"target": -52.0114049182214, "params": {"eta": 0.3644534887047767, "max_depth": 26.583073681678385, "n_estimators": 4.019314486225907}, "datetime": {"datetime": "2021-09-29 17:03:25", "elapsed": 133.47368, "delta": 0.988173}}
{"target": -79.55566065304882, "params": {"eta": 0.018448492372784966, "max_depth": 5.491932491004949, "n_estimators": 10.380454929128087}, "datetime": {"datetime": "2021-09-29 17:03:26", "elapsed": 134.309681, "delta": 0.836001}}
{"target": -89.9300983854452, "params": {"eta": 0.014870964959826365, "max_depth": 22.63277156262887, "n_estimators": 9.599284842781625}, "datetime": {"datetime": "2021-09-29 17:03:26", "elapsed": 135.034869, "delta": 0.725188}}
{"target": -62.284750595010976, "params": {"eta": 0.04019333923044801, "max_depth": 15.767850309170855, "n_estimators": 11.846483780259266}, "datetime": {"datetime": "2021-09-29 17:03:28", "elapsed": 136.187364, "delta": 1.152495}}
{"target": -62.34412138083064, "params": {"eta": 0.35014069474065646, "max_depth": 22.703025560823264, "n_estimators": 8.163908606769795}, "datetime": {"datetime": "2021-09-29 17:03:29", "elapsed": 137.218475, "delta": 1.031111}}
{"target": -65.87875305522049, "params": {"eta": 0.33963782797493586, "max_depth": 10.156858109833763, "n_estimators": 36.95066166812186}, "datetime": {"datetime": "2021-09-29 17:03:30", "elapsed": 138.313475, "delta": 1.095}}
{"target": -46.817208429425726, "params": {"eta": 0.15524646281283266, "max_depth": 5.660742106561439, "n_estimators": 10.298414730618056}, "datetime": {"datetime": "2021-09-29 17:03:31", "elapsed": 139.485191, "delta": 1.171716}}
{"target": -58.50922673439426, "params": {"eta": 0.3125952700820882, "max_depth": 4.538928711083244, "n_estimators": 10.678869385665948}, "datetime": {"datetime": "2021-09-29 17:03:32", "elapsed": 140.503193, "delta": 1.018002}}
{"target": -44.47996371612346, "params": {"eta": 0.09571935431452792, "max_depth": 5.785699572898519, "n_estimators": 10.279205361055645}, "datetime": {"datetime": "2021-09-29 17:03:33", "elapsed": 141.663406, "delta": 1.160213}}
{"target": -60.21833365596889, "params": {"eta": 0.5148855519561433, "max_depth": 2.9603719088263256, "n_estimators": 57.37004132943377}, "datetime": {"datetime": "2021-09-29 17:03:34", "elapsed": 142.497411, "delta": 0.834005}}
{"target": -59.15224921622867, "params": {"eta": 0.32896703355706763, "max_depth": 13.12349386376835, "n_estimators": 8.043155040863638}, "datetime": {"datetime": "2021-09-29 17:03:35", "elapsed": 143.335414, "delta": 0.838003}}
{"target": -55.5914794407299, "params": {"eta": 0.1290566305266591, "max_depth": 2.043590913602572, "n_estimators": 33.81289568166558}, "datetime": {"datetime": "2021-09-29 17:03:36", "elapsed": 144.204462, "delta": 0.869048}}
{"target": -51.057813120909614, "params": {"eta": 0.36266248456749534, "max_depth": 26.77224868618838, "n_estimators": 3.7842210555806295}, "datetime": {"datetime": "2021-09-29 17:03:37", "elapsed": 145.351595, "delta": 1.147133}}
{"target": -57.633315880666814, "params": {"eta": 0.5013700443609157, "max_depth": 26.36563775265253, "n_estimators": 4.115926278773943}, "datetime": {"datetime": "2021-09-29 17:03:38", "elapsed": 146.681326, "delta": 1.329731}}
{"target": -47.39103239919265, "params": {"eta": 0.1657541533908901, "max_depth": 15.704371669704733, "n_estimators": 11.836096755615621}, "datetime": {"datetime": "2021-09-29 17:03:39", "elapsed": 147.685707, "delta": 1.004381}}
{"target": -69.7027682882223, "params": {"eta": 0.9663245297423017, "max_depth": 17.255851303516646, "n_estimators": 23.814176553353562}, "datetime": {"datetime": "2021-09-29 17:03:40", "elapsed": 148.622709, "delta": 0.937002}}
{"target": -48.92612277710893, "params": {"eta": 0.32869856087411453, "max_depth": 26.427814862628438, "n_estimators": 3.6393587157866603}, "datetime": {"datetime": "2021-09-29 17:03:41", "elapsed": 149.811879, "delta": 1.18917}}
{"target": -49.99962567909479, "params": {"eta": 0.3996259677208823, "max_depth": 26.774974910963564, "n_estimators": 3.1472915000777077}, "datetime": {"datetime": "2021-09-29 17:03:43", "elapsed": 151.093864, "delta": 1.281985}}
{"target": -52.1274903013913, "params": {"eta": 0.22224187006727858, "max_depth": 22.864294430444836, "n_estimators": 7.336016667093033}, "datetime": {"datetime": "2021-09-29 17:03:44", "elapsed": 152.164864, "delta": 1.071}}
{"target": -74.47776726794437, "params": {"eta": 0.9751536743618457, "max_depth": 14.680235405417765, "n_estimators": 70.21584427150515}, "datetime": {"datetime": "2021-09-29 17:03:45", "elapsed": 153.097973, "delta": 0.933109}}
{"target": -46.817208429425726, "params": {"eta": 0.15974615119695876, "max_depth": 5.767464508401419, "n_estimators": 10.362357844385775}, "datetime": {"datetime": "2021-09-29 17:03:46", "elapsed": 154.223972, "delta": 1.125999}}
{"target": -50.24527618810373, "params": {"eta": 0.22603494713875422, "max_depth": 5.416313979743629, "n_estimators": 10.195535302195033}, "datetime": {"datetime": "2021-09-29 17:03:47", "elapsed": 155.193053, "delta": 0.969081}}
{"target": -60.9339563036645, "params": {"eta": 0.31284502829829713, "max_depth": 24.297556051926616, "n_estimators": 16.063308158871664}, "datetime": {"datetime": "2021-09-29 17:03:48", "elapsed": 156.140779, "delta": 0.947726}}
{"target": -45.30304891061277, "params": {"eta": 0.11033215704650909, "max_depth": 15.585762916303036, "n_estimators": 11.653283747382376}, "datetime": {"datetime": "2021-09-29 17:03:49", "elapsed": 157.240542, "delta": 1.099763}}
{"target": -59.22723525726353, "params": {"eta": 0.473931781279996, "max_depth": 20.261332884616888, "n_estimators": 35.866910948032064}, "datetime": {"datetime": "2021-09-29 17:03:50", "elapsed": 158.333542, "delta": 1.093}}
{"target": -46.75904120314379, "params": {"eta": 0.07526734439520227, "max_depth": 5.442588028212413, "n_estimators": 10.139155343208524}, "datetime": {"datetime": "2021-09-29 17:03:51", "elapsed": 159.649827, "delta": 1.316285}}
{"target": -68.16207692497713, "params": {"eta": 0.8319421594167421, "max_depth": 16.080467166428427, "n_estimators": 84.9904735682957}, "datetime": {"datetime": "2021-09-29 17:03:52", "elapsed": 160.743827, "delta": 1.094}}
{"target": -46.53678505137017, "params": {"eta": 0.08797675850479972, "max_depth": 16.627111918762896, "n_estimators": 15.581463059737708}, "datetime": {"datetime": "2021-09-29 17:03:53", "elapsed": 162.064751, "delta": 1.320924}}
{"target": -51.057813120909614, "params": {"eta": 0.3572752944242169, "max_depth": 26.577695875278145, "n_estimators": 3.8360321745492225}, "datetime": {"datetime": "2021-09-29 17:03:55", "elapsed": 163.374935, "delta": 1.310184}}
{"target": -56.45539836713866, "params": {"eta": 0.3336450338186958, "max_depth": 22.978443235084818, "n_estimators": 7.285447153839559}, "datetime": {"datetime": "2021-09-29 17:03:56", "elapsed": 164.835931, "delta": 1.460996}}
{"target": -55.026118099420216, "params": {"eta": 0.594623575319965, "max_depth": 1.3963335604713234, "n_estimators": 60.84416289182174}, "datetime": {"datetime": "2021-09-29 17:03:57", "elapsed": 165.776331, "delta": 0.9404}}
{"target": -63.21775997815503, "params": {"eta": 0.2508422495549444, "max_depth": 7.798854040579425, "n_estimators": 81.72291334556118}, "datetime": {"datetime": "2021-09-29 17:03:58", "elapsed": 167.015982, "delta": 1.239651}}
{"target": -51.13148501788922, "params": {"eta": 0.23745781059478954, "max_depth": 4.823825472387051, "n_estimators": 10.026793640460863}, "datetime": {"datetime": "2021-09-29 17:03:59", "elapsed": 167.903743, "delta": 0.887761}}
{"target": -62.34364995273932, "params": {"eta": 0.18596508422502006, "max_depth": 13.469659729066056, "n_estimators": 96.03439581416383}, "datetime": {"datetime": "2021-09-29 17:04:01", "elapsed": 169.568173, "delta": 1.66443}}
{"target": -62.66095363545031, "params": {"eta": 0.11722691962378651, "max_depth": 20.107023172069436, "n_estimators": 54.601323802386595}, "datetime": {"datetime": "2021-09-29 17:04:02", "elapsed": 170.934175, "delta": 1.366002}}
{"target": -66.89835909785384, "params": {"eta": 0.6252910820821073, "max_depth": 4.729728144026032, "n_estimators": 67.29097975791952}, "datetime": {"datetime": "2021-09-29 17:04:03", "elapsed": 172.071126, "delta": 1.136951}}
{"target": -54.15586348746041, "params": {"eta": 0.28767470832587094, "max_depth": 22.54388475363629, "n_estimators": 7.438721663270238}, "datetime": {"datetime": "2021-09-29 17:04:05", "elapsed": 173.668278, "delta": 1.597152}}
{"target": -48.582802423040945, "params": {"eta": 0.27136936985615795, "max_depth": 26.977988216963162, "n_estimators": 3.244558529773383}, "datetime": {"datetime": "2021-09-29 17:04:06", "elapsed": 174.669282, "delta": 1.001004}}
{"target": -53.35860663024099, "params": {"eta": 0.14801769333738188, "max_depth": 16.685484519346293, "n_estimators": 15.599488442778487}, "datetime": {"datetime": "2021-09-29 17:04:07", "elapsed": 175.826942, "delta": 1.15766}}
{"target": -55.890828203160794, "params": {"eta": 0.12803213441995973, "max_depth": 2.8854596524772345, "n_estimators": 44.295860180993294}, "datetime": {"datetime": "2021-09-29 17:04:08", "elapsed": 176.704799, "delta": 0.877857}}
{"target": -51.396187737350964, "params": {"eta": 0.22387822528900925, "max_depth": 26.829379468456317, "n_estimators": 3.3516605227089347}, "datetime": {"datetime": "2021-09-29 17:04:09", "elapsed": 177.762014, "delta": 1.057215}}
{"target": -57.236072388273186, "params": {"eta": 0.13585660355539694, "max_depth": 2.631998105893765, "n_estimators": 90.3900883418305}, "datetime": {"datetime": "2021-09-29 17:04:10", "elapsed": 178.748008, "delta": 0.985994}}
{"target": -56.51623640799135, "params": {"eta": 0.07102428206182052, "max_depth": 29.270534282680746, "n_estimators": 41.05410062562917}, "datetime": {"datetime": "2021-09-29 17:04:11", "elapsed": 179.837858, "delta": 1.08985}}
{"target": -63.13505972926704, "params": {"eta": 0.26070282076881174, "max_depth": 7.2600980766307455, "n_estimators": 61.86196504781476}, "datetime": {"datetime": "2021-09-29 17:04:12", "elapsed": 180.93486, "delta": 1.097002}}
{"target": -49.8372369649421, "params": {"eta": 0.3466133172724766, "max_depth": 26.61937577395645, "n_estimators": 3.531460829820309}, "datetime": {"datetime": "2021-09-29 17:04:14", "elapsed": 182.120166, "delta": 1.185306}}
{"target": -47.10691511575997, "params": {"eta": 0.05773823587777475, "max_depth": 6.981850807939335, "n_estimators": 30.631450102637928}, "datetime": {"datetime": "2021-09-29 17:04:15", "elapsed": 183.272163, "delta": 1.151997}}
{"target": -58.61887187460938, "params": {"eta": 0.05186826698998892, "max_depth": 9.75843789549457, "n_estimators": 10.983654448481603}, "datetime": {"datetime": "2021-09-29 17:04:16", "elapsed": 184.192168, "delta": 0.920005}}
{"target": -53.32407630043908, "params": {"eta": 0.4148075633438072, "max_depth": 26.67675639502322, "n_estimators": 3.7592977598289465}, "datetime": {"datetime": "2021-09-29 17:04:17", "elapsed": 185.120166, "delta": 0.927998}}
{"target": -56.64966802832288, "params": {"eta": 0.2064117385570117, "max_depth": 15.486188640754694, "n_estimators": 11.813090706535908}, "datetime": {"datetime": "2021-09-29 17:04:18", "elapsed": 186.271294, "delta": 1.151128}}
{"target": -50.56019643516778, "params": {"eta": 0.022955037116293764, "max_depth": 17.155171301129496, "n_estimators": 37.11159553069973}, "datetime": {"datetime": "2021-09-29 17:04:19", "elapsed": 187.450551, "delta": 1.179257}}
{"target": -45.663248807703496, "params": {"eta": 0.18316879603935515, "max_depth": 4.7716134875785645, "n_estimators": 10.208590575090238}, "datetime": {"datetime": "2021-09-29 17:04:20", "elapsed": 189.019548, "delta": 1.568997}}
{"target": -48.98283845085288, "params": {"eta": 0.20735765831485597, "max_depth": 5.080904398460412, "n_estimators": 10.291415757871196}, "datetime": {"datetime": "2021-09-29 17:04:22", "elapsed": 190.257145, "delta": 1.237597}}
{"target": -69.46003290131027, "params": {"eta": 0.4239847473141405, "max_depth": 23.300075395869555, "n_estimators": 16.995152283012338}, "datetime": {"datetime": "2021-09-29 17:04:23", "elapsed": 191.399033, "delta": 1.141888}}
{"target": -52.112900483257796, "params": {"eta": 0.20306140815002438, "max_depth": 23.161510668152616, "n_estimators": 7.727318447381889}, "datetime": {"datetime": "2021-09-29 17:04:24", "elapsed": 192.662031, "delta": 1.262998}}
{"target": -48.98283845085288, "params": {"eta": 0.2092144235018756, "max_depth": 5.360218856301798, "n_estimators": 10.110275561824716}, "datetime": {"datetime": "2021-09-29 17:04:25", "elapsed": 194.029461, "delta": 1.36743}}
{"target": -49.49533352448953, "params": {"eta": 0.2878832955444079, "max_depth": 26.528947495596338, "n_estimators": 3.570882977074721}, "datetime": {"datetime": "2021-09-29 17:04:27", "elapsed": 195.418273, "delta": 1.388812}}
{"target": -61.93725806076203, "params": {"eta": 0.4946591183048045, "max_depth": 19.976529965646705, "n_estimators": 9.728145354561812}, "datetime": {"datetime": "2021-09-29 17:04:28", "elapsed": 196.459786, "delta": 1.041513}}
{"target": -54.362400433748036, "params": {"eta": 0.6606065264941311, "max_depth": 1.7644262326031812, "n_estimators": 50.22757644728938}, "datetime": {"datetime": "2021-09-29 17:04:29", "elapsed": 197.587611, "delta": 1.127825}}
{"target": -63.157685106996674, "params": {"eta": 0.20667220671509368, "max_depth": 19.04441204057846, "n_estimators": 80.57081249285073}, "datetime": {"datetime": "2021-09-29 17:04:31", "elapsed": 199.159612, "delta": 1.572001}}
{"target": -61.002874358890416, "params": {"eta": 0.14653110687066992, "max_depth": 17.21104892682107, "n_estimators": 37.00751205536339}, "datetime": {"datetime": "2021-09-29 17:04:32", "elapsed": 200.886422, "delta": 1.72681}}
{"target": -46.70679221377344, "params": {"eta": 0.18116323636800385, "max_depth": 23.051874802944187, "n_estimators": 7.445479276560145}, "datetime": {"datetime": "2021-09-29 17:04:33", "elapsed": 201.825959, "delta": 0.939537}}
{"target": -45.88876638917494, "params": {"eta": 0.09189051189191884, "max_depth": 5.302525941750769, "n_estimators": 10.568305116074427}, "datetime": {"datetime": "2021-09-29 17:04:35", "elapsed": 203.31196, "delta": 1.486001}}
{"target": -59.771266639419885, "params": {"eta": 0.16921197354899817, "max_depth": 11.820186961275814, "n_estimators": 46.2531562439778}, "datetime": {"datetime": "2021-09-29 17:04:36", "elapsed": 204.633454, "delta": 1.321494}}
{"target": -59.67393774861988, "params": {"eta": 0.1480404510068709, "max_depth": 3.7027754798854193, "n_estimators": 86.15897944321189}, "datetime": {"datetime": "2021-09-29 17:04:37", "elapsed": 205.688959, "delta": 1.055505}}
{"target": -62.94857380232577, "params": {"eta": 0.11795633953887323, "max_depth": 23.507081934349795, "n_estimators": 77.04601183315201}, "datetime": {"datetime": "2021-09-29 17:04:39", "elapsed": 207.432252, "delta": 1.743293}}
{"target": -60.149505707164096, "params": {"eta": 0.05957299929385153, "max_depth": 22.578568325307916, "n_estimators": 8.014537420581403}, "datetime": {"datetime": "2021-09-29 17:04:40", "elapsed": 208.818252, "delta": 1.386}}
{"target": -44.47996371612346, "params": {"eta": 0.09925194564772795, "max_depth": 5.755275941205947, "n_estimators": 10.135282801756551}, "datetime": {"datetime": "2021-09-29 17:04:42", "elapsed": 210.087442, "delta": 1.26919}}
{"target": -49.13808650084694, "params": {"eta": 0.20167289425012647, "max_depth": 5.306473971570726, "n_estimators": 10.330967838682623}, "datetime": {"datetime": "2021-09-29 17:04:43", "elapsed": 211.488297, "delta": 1.400855}}
{"target": -62.38709243698762, "params": {"eta": 0.23220005389608972, "max_depth": 10.197460701699411, "n_estimators": 68.78544223119746}, "datetime": {"datetime": "2021-09-29 17:04:44", "elapsed": 212.83529, "delta": 1.346993}}
{"target": -60.56049729842983, "params": {"eta": 0.5458795569409743, "max_depth": 14.32847510790345, "n_estimators": 92.74853013324682}, "datetime": {"datetime": "2021-09-29 17:04:46", "elapsed": 214.178712, "delta": 1.343422}}
{"target": -56.266163821695024, "params": {"eta": 0.17623541699735973, "max_depth": 6.031363042108471, "n_estimators": 17.707617752485593}, "datetime": {"datetime": "2021-09-29 17:04:47", "elapsed": 215.744892, "delta": 1.56618}}
{"target": -49.369503046209786, "params": {"eta": 0.07355704592600955, "max_depth": 5.848689156787118, "n_estimators": 10.292395645137818}, "datetime": {"datetime": "2021-09-29 17:04:48", "elapsed": 216.763897, "delta": 1.019005}}
{"target": -49.99962567909479, "params": {"eta": 0.4019294798075413, "max_depth": 26.684936522015974, "n_estimators": 3.6000435119165806}, "datetime": {"datetime": "2021-09-29 17:04:49", "elapsed": 217.656513, "delta": 0.892616}}
{"target": -64.40783185560716, "params": {"eta": 0.9021253865574169, "max_depth": 16.705285473275296, "n_estimators": 30.86368830450294}, "datetime": {"datetime": "2021-09-29 17:04:50", "elapsed": 218.682049, "delta": 1.025536}}
{"target": -62.73681014710611, "params": {"eta": 0.13418686616928227, "max_depth": 24.56120606046014, "n_estimators": 80.61803692521907}, "datetime": {"datetime": "2021-09-29 17:04:52", "elapsed": 220.277214, "delta": 1.595165}}
{"target": -45.98482585549065, "params": {"eta": 0.06400224255477167, "max_depth": 26.69506800283953, "n_estimators": 18.19570916511217}, "datetime": {"datetime": "2021-09-29 17:04:53", "elapsed": 221.378927, "delta": 1.101713}}
{"target": -60.19654841367069, "params": {"eta": 0.20469550029048805, "max_depth": 27.216067098414285, "n_estimators": 15.588854755230457}, "datetime": {"datetime": "2021-09-29 17:04:54", "elapsed": 222.50423, "delta": 1.125303}}
{"target": -61.82143778907647, "params": {"eta": 0.02828404488505481, "max_depth": 16.98890130090807, "n_estimators": 15.23808105261008}, "datetime": {"datetime": "2021-09-29 17:04:56", "elapsed": 224.281812, "delta": 1.777582}}
{"target": -54.31290582528747, "params": {"eta": 0.9051195595045713, "max_depth": 1.6479538094333375, "n_estimators": 15.417773180836111}, "datetime": {"datetime": "2021-09-29 17:04:57", "elapsed": 225.175815, "delta": 0.894003}}
{"target": -58.11675716307859, "params": {"eta": 0.5454983333972588, "max_depth": 3.509129598216963, "n_estimators": 45.934712598226284}, "datetime": {"datetime": "2021-09-29 17:04:58", "elapsed": 226.262968, "delta": 1.087153}}
{"target": -74.47649196467142, "params": {"eta": 0.980530395959116, "max_depth": 14.747340553491384, "n_estimators": 13.120953177815178}, "datetime": {"datetime": "2021-09-29 17:04:59", "elapsed": 227.35697, "delta": 1.094002}}
{"target": -48.32780438847751, "params": {"eta": 0.20783883276027498, "max_depth": 26.653032571434935, "n_estimators": 4.047579554700979}, "datetime": {"datetime": "2021-09-29 17:05:01", "elapsed": 229.262296, "delta": 1.905326}}
{"target": -53.41177877792052, "params": {"eta": 0.17267327729588633, "max_depth": 26.769716290286155, "n_estimators": 18.294037389102055}, "datetime": {"datetime": "2021-09-29 17:05:02", "elapsed": 230.967364, "delta": 1.705068}}
{"target": -48.20673078601825, "params": {"eta": 0.12496104110706474, "max_depth": 15.836806910603649, "n_estimators": 12.081158389905498}, "datetime": {"datetime": "2021-09-29 17:05:04", "elapsed": 232.588818, "delta": 1.621454}}
{"target": -54.01665816393321, "params": {"eta": 0.13670546759681615, "max_depth": 16.96542867778466, "n_estimators": 15.466293480170233}, "datetime": {"datetime": "2021-09-29 17:05:06", "elapsed": 234.114203, "delta": 1.525385}}
{"target": -45.88876638917494, "params": {"eta": 0.0873862408345759, "max_depth": 5.68843958328735, "n_estimators": 10.457326083739993}, "datetime": {"datetime": "2021-09-29 17:05:07", "elapsed": 235.790838, "delta": 1.676635}}
{"target": -46.70679221377344, "params": {"eta": 0.17839023434995144, "max_depth": 22.523143656497567, "n_estimators": 7.285268673005804}, "datetime": {"datetime": "2021-09-29 17:05:09", "elapsed": 237.243501, "delta": 1.452663}}
{"target": -66.50112246752458, "params": {"eta": 0.7567693666106272, "max_depth": 8.547143534789102, "n_estimators": 84.11306017309391}, "datetime": {"datetime": "2021-09-29 17:05:10", "elapsed": 238.705081, "delta": 1.46158}}
{"target": -57.310617500648696, "params": {"eta": 0.27173704636971685, "max_depth": 15.842644891968023, "n_estimators": 12.133363887659964}, "datetime": {"datetime": "2021-09-29 17:05:12", "elapsed": 240.640724, "delta": 1.935643}}
