{"target": -55.01691054416034, "params": {"eta": 0.606241308342452, "max_depth": 1.7911781629306667, "n_estimators": 34.48831933378804}, "datetime": {"datetime": "2021-09-29 17:17:52", "elapsed": 346.943416, "delta": 1.361767}}
{"target": -51.196657539358725, "params": {"eta": 0.8230722353783143, "max_depth": 24.51275652987222, "n_estimators": 1.6804224034232356}, "datetime": {"datetime": "2021-09-29 17:17:55", "elapsed": 349.187324, "delta": 2.243908}}
{"target": -48.3567452153904, "params": {"eta": 0.07391838835570855, "max_depth": 28.646498605976483, "n_estimators": 21.906862429210626}, "datetime": {"datetime": "2021-09-29 17:17:57", "elapsed": 351.535729, "delta": 2.348405}}
{"target": -61.36901960414256, "params": {"eta": 0.3857924018973696, "max_depth": 23.903954234756256, "n_estimators": 1.963884981245064}, "datetime": {"datetime": "2021-09-29 17:17:59", "elapsed": 353.390997, "delta": 1.855268}}
{"target": -69.18332022467591, "params": {"eta": 0.10901185630739567, "max_depth": 15.896464051632554, "n_estimators": 3.2291092989454517}, "datetime": {"datetime": "2021-09-29 17:18:00", "elapsed": 354.710743, "delta": 1.319746}}
{"target": -53.05379299048393, "params": {"eta": 0.01, "max_depth": 23.057225864015752, "n_estimators": 68.14304507427869}, "datetime": {"datetime": "2021-09-29 17:18:03", "elapsed": 357.419357, "delta": 2.708614}}
{"target": -81.58803014035088, "params": {"eta": 0.978447783614251, "max_depth": 12.951970830213162, "n_estimators": 84.04942691229445}, "datetime": {"datetime": "2021-09-29 17:18:04", "elapsed": 358.953177, "delta": 1.53382}}
{"target": -63.73933745508658, "params": {"eta": 0.4087951019780036, "max_depth": 28.412744684435445, "n_estimators": 21.776613143783564}, "datetime": {"datetime": "2021-09-29 17:18:07", "elapsed": 361.20042, "delta": 2.247243}}
{"target": -61.44163309880232, "params": {"eta": 0.5042835641739007, "max_depth": 17.290348616479346, "n_estimators": 23.15517962086522}, "datetime": {"datetime": "2021-09-29 17:18:08", "elapsed": 362.685398, "delta": 1.484978}}
{"target": -48.58467532378252, "params": {"eta": 0.7214251329623791, "max_depth": 19.594203133844687, "n_estimators": 1.3365285684117336}, "datetime": {"datetime": "2021-09-29 17:18:09", "elapsed": 363.738398, "delta": 1.053}}
{"target": -53.43232669793302, "params": {"eta": 0.4865701689598324, "max_depth": 1.0517690709981093, "n_estimators": 50.31304276662492}, "datetime": {"datetime": "2021-09-29 17:18:10", "elapsed": 364.939911, "delta": 1.201513}}
{"target": -54.19318021577036, "params": {"eta": 0.13900963004776326, "max_depth": 28.933894087916606, "n_estimators": 21.77220163033523}, "datetime": {"datetime": "2021-09-29 17:18:13", "elapsed": 367.598291, "delta": 2.65838}}
{"target": -48.704854304938635, "params": {"eta": 0.7347041339952481, "max_depth": 24.988642202166265, "n_estimators": 1.0323087971969747}, "datetime": {"datetime": "2021-09-29 17:18:15", "elapsed": 370.124154, "delta": 2.525863}}
{"target": -56.36822075680943, "params": {"eta": 0.4581510966236957, "max_depth": 19.569641694500458, "n_estimators": 1.4641864912315166}, "datetime": {"datetime": "2021-09-29 17:18:17", "elapsed": 371.994706, "delta": 1.870552}}
{"target": -48.857430134727984, "params": {"eta": 0.7387092191658676, "max_depth": 23.7481949061414, "n_estimators": 1.760157551665387}, "datetime": {"datetime": "2021-09-29 17:18:19", "elapsed": 374.117159, "delta": 2.122453}}
{"target": -42.499533901537845, "params": {"eta": 0.037156398937142586, "max_depth": 2.2631470063589894, "n_estimators": 22.883515789590003}, "datetime": {"datetime": "2021-09-29 17:18:22", "elapsed": 376.22897, "delta": 2.111811}}
{"target": -69.8236733902879, "params": {"eta": 0.9113857789059002, "max_depth": 24.060416056487938, "n_estimators": 2.0147058206443544}, "datetime": {"datetime": "2021-09-29 17:18:24", "elapsed": 378.764813, "delta": 2.535843}}
{"target": -50.07455000196251, "params": {"eta": 0.09725231818821617, "max_depth": 28.678562244552143, "n_estimators": 22.098432862874272}, "datetime": {"datetime": "2021-09-29 17:18:26", "elapsed": 380.737337, "delta": 1.972524}}
{"target": -59.81042218899175, "params": {"eta": 0.3389467739819531, "max_depth": 24.46509548701922, "n_estimators": 36.98343036758128}, "datetime": {"datetime": "2021-09-29 17:18:27", "elapsed": 382.085953, "delta": 1.348616}}
{"target": -54.13649313574127, "params": {"eta": 0.8846035382517639, "max_depth": 19.969091482758508, "n_estimators": 1.3909740886722273}, "datetime": {"datetime": "2021-09-29 17:18:30", "elapsed": 384.245527, "delta": 2.159574}}
{"target": -49.12839518954105, "params": {"eta": 0.07262309929328621, "max_depth": 28.013921697008875, "n_estimators": 22.19580786429364}, "datetime": {"datetime": "2021-09-29 17:18:32", "elapsed": 386.213771, "delta": 1.968244}}
{"target": -56.89180956894266, "params": {"eta": 0.19127993267223464, "max_depth": 27.257244496518386, "n_estimators": 14.217427911697522}, "datetime": {"datetime": "2021-09-29 17:18:33", "elapsed": 387.25993, "delta": 1.046159}}
{"target": -54.90277202510574, "params": {"eta": 0.5704056063677051, "max_depth": 4.346599996181581, "n_estimators": 12.310090845285643}, "datetime": {"datetime": "2021-09-29 17:18:34", "elapsed": 388.295926, "delta": 1.035996}}
{"target": -48.42060363618451, "params": {"eta": 0.6886128342224284, "max_depth": 25.22055970409897, "n_estimators": 1.0153273119326678}, "datetime": {"datetime": "2021-09-29 17:18:36", "elapsed": 390.809958, "delta": 2.514032}}
{"target": -59.69537229314281, "params": {"eta": 0.14935253389787434, "max_depth": 3.7620662039464077, "n_estimators": 81.73546534664548}, "datetime": {"datetime": "2021-09-29 17:18:37", "elapsed": 391.958963, "delta": 1.149005}}
{"target": -54.713317435839514, "params": {"eta": 0.8942890188545469, "max_depth": 25.159040824212703, "n_estimators": 1.2368060025734469}, "datetime": {"datetime": "2021-09-29 17:18:39", "elapsed": 394.141863, "delta": 2.1829}}
{"target": -59.392904975161585, "params": {"eta": 0.4968983557959984, "max_depth": 5.236501246859295, "n_estimators": 19.71914008959867}, "datetime": {"datetime": "2021-09-29 17:18:41", "elapsed": 395.262129, "delta": 1.120266}}
{"target": -49.23096165075761, "params": {"eta": 0.07259234838868012, "max_depth": 15.496237271214426, "n_estimators": 12.50279286214314}, "datetime": {"datetime": "2021-09-29 17:18:43", "elapsed": 397.511005, "delta": 2.248876}}
{"target": -53.00526526540684, "params": {"eta": 0.14367933055999293, "max_depth": 18.68486061435746, "n_estimators": 19.943515032743527}, "datetime": {"datetime": "2021-09-29 17:18:45", "elapsed": 400.046347, "delta": 2.535342}}
{"target": -51.51832216054134, "params": {"eta": 0.6034223451032766, "max_depth": 24.413891252807726, "n_estimators": 2.2330732732503833}, "datetime": {"datetime": "2021-09-29 17:18:48", "elapsed": 402.669997, "delta": 2.62365}}
{"target": -60.441218211700885, "params": {"eta": 0.1962055132358162, "max_depth": 23.071349308135687, "n_estimators": 84.11686067879286}, "datetime": {"datetime": "2021-09-29 17:18:50", "elapsed": 404.429566, "delta": 1.759569}}
{"target": -55.42978461332343, "params": {"eta": 0.32090644361497395, "max_depth": 15.683321026740616, "n_estimators": 12.435787119915318}, "datetime": {"datetime": "2021-09-29 17:18:53", "elapsed": 407.491148, "delta": 3.061582}}
{"target": -50.20196930628998, "params": {"eta": 0.5576791541435027, "max_depth": 27.298954991914144, "n_estimators": 2.4016974094486776}, "datetime": {"datetime": "2021-09-29 17:18:55", "elapsed": 409.679849, "delta": 2.188701}}
{"target": -64.95793362688755, "params": {"eta": 0.7435909170747252, "max_depth": 20.654071106656097, "n_estimators": 36.08313630794127}, "datetime": {"datetime": "2021-09-29 17:18:56", "elapsed": 411.146851, "delta": 1.467002}}
{"target": -49.990767371881816, "params": {"eta": 0.5922286723017494, "max_depth": 19.62287119136997, "n_estimators": 1.0560213405117778}, "datetime": {"datetime": "2021-09-29 17:18:59", "elapsed": 413.786631, "delta": 2.63978}}
{"target": -49.12839518954105, "params": {"eta": 0.06861350655606656, "max_depth": 28.50357090528631, "n_estimators": 22.117886734029344}, "datetime": {"datetime": "2021-09-29 17:19:01", "elapsed": 415.859119, "delta": 2.072488}}
{"target": -52.718493221144804, "params": {"eta": 0.1238626333803327, "max_depth": 28.268845973596136, "n_estimators": 21.9392336436746}, "datetime": {"datetime": "2021-09-29 17:19:03", "elapsed": 418.134991, "delta": 2.275872}}
{"target": -61.5522372704107, "params": {"eta": 0.6649036416484708, "max_depth": 21.079684817339896, "n_estimators": 42.38153657496427}, "datetime": {"datetime": "2021-09-29 17:19:05", "elapsed": 419.454594, "delta": 1.319603}}
{"target": -70.36547402049213, "params": {"eta": 0.7880839589071114, "max_depth": 13.828554223542993, "n_estimators": 59.86252090444675}, "datetime": {"datetime": "2021-09-29 17:19:06", "elapsed": 420.988537, "delta": 1.533943}}
{"target": -50.48923755561459, "params": {"eta": 0.6430050281271371, "max_depth": 23.619496828085158, "n_estimators": 2.0079741152335826}, "datetime": {"datetime": "2021-09-29 17:19:09", "elapsed": 423.350118, "delta": 2.361581}}
{"target": -58.670493221897566, "params": {"eta": 0.15771973591666033, "max_depth": 22.954519235212263, "n_estimators": 33.558152972312385}, "datetime": {"datetime": "2021-09-29 17:19:10", "elapsed": 424.780055, "delta": 1.429937}}
{"target": -49.990767371881816, "params": {"eta": 0.5890072530675406, "max_depth": 19.803561045611083, "n_estimators": 1.3724476144639803}, "datetime": {"datetime": "2021-09-29 17:19:13", "elapsed": 427.523856, "delta": 2.743801}}
{"target": -55.783851091251115, "params": {"eta": 0.3591053032764413, "max_depth": 15.164491156466068, "n_estimators": 12.424307345354912}, "datetime": {"datetime": "2021-09-29 17:19:16", "elapsed": 430.442805, "delta": 2.918949}}
{"target": -87.28890288464089, "params": {"eta": 0.013377058351968098, "max_depth": 15.492912977577127, "n_estimators": 12.181365225772907}, "datetime": {"datetime": "2021-09-29 17:19:18", "elapsed": 433.052025, "delta": 2.60922}}
{"target": -76.53837983226201, "params": {"eta": 0.9569196749527558, "max_depth": 16.401762727554626, "n_estimators": 12.550575235885724}, "datetime": {"datetime": "2021-09-29 17:19:20", "elapsed": 434.340022, "delta": 1.287997}}
{"target": -55.90012468826354, "params": {"eta": 0.03378123903712503, "max_depth": 18.398852967071903, "n_estimators": 20.12266812730642}, "datetime": {"datetime": "2021-09-29 17:19:23", "elapsed": 437.496979, "delta": 3.156957}}
{"target": -70.52668047761024, "params": {"eta": 0.9152108804305535, "max_depth": 9.200832536395694, "n_estimators": 31.073726350793784}, "datetime": {"datetime": "2021-09-29 17:19:24", "elapsed": 438.972981, "delta": 1.476002}}
{"target": -49.42291659761014, "params": {"eta": 0.613211782076483, "max_depth": 19.27615899727832, "n_estimators": 1.1465580332068295}, "datetime": {"datetime": "2021-09-29 17:19:27", "elapsed": 441.809089, "delta": 2.836108}}
{"target": -52.55053187813258, "params": {"eta": 0.8529138978713302, "max_depth": 23.892945013235003, "n_estimators": 1.5730240090635292}, "datetime": {"datetime": "2021-09-29 17:19:30", "elapsed": 444.641478, "delta": 2.832389}}
{"target": -49.50622201488144, "params": {"eta": 0.7685043623290434, "max_depth": 26.386055643283086, "n_estimators": 1.9592137819847804}, "datetime": {"datetime": "2021-09-29 17:19:33", "elapsed": 447.595041, "delta": 2.953563}}
{"target": -56.57800279217638, "params": {"eta": 0.918461202333967, "max_depth": 19.518955509488126, "n_estimators": 1.171198479738421}, "datetime": {"datetime": "2021-09-29 17:19:35", "elapsed": 449.856042, "delta": 2.261001}}
{"target": -61.62030245755952, "params": {"eta": 0.9902017360533969, "max_depth": 24.86930617570751, "n_estimators": 1.0}, "datetime": {"datetime": "2021-09-29 17:19:38", "elapsed": 452.477363, "delta": 2.621321}}
{"target": -52.83506225381088, "params": {"eta": 0.3890032387585686, "max_depth": 1.5369302025237932, "n_estimators": 55.13159618864711}, "datetime": {"datetime": "2021-09-29 17:19:41", "elapsed": 455.829615, "delta": 3.352252}}
{"target": -56.03044904017664, "params": {"eta": 0.7369109981719031, "max_depth": 1.453919331620809, "n_estimators": 55.33470833108628}, "datetime": {"datetime": "2021-09-29 17:19:44", "elapsed": 458.842898, "delta": 3.013283}}
{"target": -62.52162182035262, "params": {"eta": 0.326535692478331, "max_depth": 12.075494568273234, "n_estimators": 77.42656172680515}, "datetime": {"datetime": "2021-09-29 17:19:46", "elapsed": 460.549582, "delta": 1.706684}}
{"target": -61.855515833004695, "params": {"eta": 0.2705967204776325, "max_depth": 25.763009342582237, "n_estimators": 49.5255168825101}, "datetime": {"datetime": "2021-09-29 17:19:48", "elapsed": 462.284892, "delta": 1.73531}}
{"target": -63.76827039057117, "params": {"eta": 0.35843598068821225, "max_depth": 19.86582136632076, "n_estimators": 1.0280685790870017}, "datetime": {"datetime": "2021-09-29 17:19:50", "elapsed": 464.802155, "delta": 2.517263}}
{"target": -58.18965783277618, "params": {"eta": 0.2860481700847841, "max_depth": 7.252306734736032, "n_estimators": 52.95133660349419}, "datetime": {"datetime": "2021-09-29 17:19:52", "elapsed": 466.351376, "delta": 1.549221}}
{"target": -55.31300002821371, "params": {"eta": 0.9021983817041105, "max_depth": 26.671279722619378, "n_estimators": 1.878981660270393}, "datetime": {"datetime": "2021-09-29 17:19:54", "elapsed": 468.945363, "delta": 2.593987}}
{"target": -49.50622201488144, "params": {"eta": 0.7748106786201824, "max_depth": 19.770226533652256, "n_estimators": 1.0932205560945807}, "datetime": {"datetime": "2021-09-29 17:19:57", "elapsed": 471.808129, "delta": 2.862766}}
{"target": -45.133483227579674, "params": {"eta": 0.04521114857587588, "max_depth": 27.7897414250072, "n_estimators": 22.158063458927085}, "datetime": {"datetime": "2021-09-29 17:20:01", "elapsed": 475.213262, "delta": 3.405133}}
{"target": -78.59644989068335, "params": {"eta": 0.01, "max_depth": 27.766544545853293, "n_estimators": 22.381955104459195}, "datetime": {"datetime": "2021-09-29 17:20:05", "elapsed": 479.221179, "delta": 4.007917}}
{"target": -57.50132228512707, "params": {"eta": 0.2990863041676441, "max_depth": 3.6864913428859265, "n_estimators": 32.7653294827593}, "datetime": {"datetime": "2021-09-29 17:20:06", "elapsed": 480.718667, "delta": 1.497488}}
{"target": -51.06569879372569, "params": {"eta": 0.5636537183721989, "max_depth": 19.111565367205156, "n_estimators": 1.5430642223446145}, "datetime": {"datetime": "2021-09-29 17:20:09", "elapsed": 483.923155, "delta": 3.204488}}
{"target": -59.32377294981808, "params": {"eta": 0.17091370281599047, "max_depth": 27.497851934001233, "n_estimators": 22.088895516797677}, "datetime": {"datetime": "2021-09-29 17:20:13", "elapsed": 487.506779, "delta": 3.583624}}
{"target": -49.50622201488144, "params": {"eta": 0.7744641206772549, "max_depth": 19.8224895079376, "n_estimators": 1.6179248446214625}, "datetime": {"datetime": "2021-09-29 17:20:17", "elapsed": 491.40477, "delta": 3.897991}}
{"target": -57.71923801636164, "params": {"eta": 0.380287392047036, "max_depth": 11.549531999755892, "n_estimators": 93.90365038479615}, "datetime": {"datetime": "2021-09-29 17:20:18", "elapsed": 493.108851, "delta": 1.704081}}
{"target": -62.153372396483554, "params": {"eta": 0.3785269545367941, "max_depth": 19.166884737327795, "n_estimators": 1.160314608557088}, "datetime": {"datetime": "2021-09-29 17:20:22", "elapsed": 496.323212, "delta": 3.214361}}
{"target": -50.432378166013436, "params": {"eta": 0.8012529703579344, "max_depth": 19.867371792132584, "n_estimators": 1.8681766260724468}, "datetime": {"datetime": "2021-09-29 17:20:24", "elapsed": 499.045866, "delta": 2.722654}}
{"target": -50.432378166013436, "params": {"eta": 0.7976135717763999, "max_depth": 19.230298468244214, "n_estimators": 1.6200623722942593}, "datetime": {"datetime": "2021-09-29 17:20:28", "elapsed": 502.888799, "delta": 3.842933}}
{"target": -63.951946108624114, "params": {"eta": 0.6467418288689964, "max_depth": 9.323073168258958, "n_estimators": 69.41784479952122}, "datetime": {"datetime": "2021-09-29 17:20:30", "elapsed": 504.619174, "delta": 1.730375}}
{"target": -74.44004562616698, "params": {"eta": 0.9293428549421924, "max_depth": 8.792323890049138, "n_estimators": 4.448346913489549}, "datetime": {"datetime": "2021-09-29 17:20:32", "elapsed": 506.821268, "delta": 2.202094}}
{"target": -48.47588664496753, "params": {"eta": 0.66743033757742, "max_depth": 25.61834369944905, "n_estimators": 1.0492417984554425}, "datetime": {"datetime": "2021-09-29 17:20:35", "elapsed": 509.386258, "delta": 2.56499}}
{"target": -54.244206425261034, "params": {"eta": 0.21362833509566517, "max_depth": 15.383611989329784, "n_estimators": 12.654311512822506}, "datetime": {"datetime": "2021-09-29 17:20:38", "elapsed": 512.455703, "delta": 3.069445}}
{"target": -48.96187790739398, "params": {"eta": 0.037420729949719726, "max_depth": 27.763637049558497, "n_estimators": 21.863925440054853}, "datetime": {"datetime": "2021-09-29 17:20:41", "elapsed": 515.921212, "delta": 3.465509}}
{"target": -43.83615317988753, "params": {"eta": 0.019039835423328412, "max_depth": 7.686222261652487, "n_estimators": 72.29222285574738}, "datetime": {"datetime": "2021-09-29 17:20:43", "elapsed": 517.610887, "delta": 1.689675}}
{"target": -58.518523284211575, "params": {"eta": 0.09910871823918138, "max_depth": 27.05341316383648, "n_estimators": 61.865955050575124}, "datetime": {"datetime": "2021-09-29 17:20:46", "elapsed": 520.359407, "delta": 2.74852}}
{"target": -58.64178615176786, "params": {"eta": 0.10820636584318682, "max_depth": 8.004604099544363, "n_estimators": 72.30878940688544}, "datetime": {"datetime": "2021-09-29 17:20:50", "elapsed": 524.878683, "delta": 4.519276}}
{"target": -51.404919391782755, "params": {"eta": 0.01, "max_depth": 7.489005605481802, "n_estimators": 72.28196166455984}, "datetime": {"datetime": "2021-09-29 17:20:56", "elapsed": 530.493599, "delta": 5.614916}}
{"target": -48.55285912566993, "params": {"eta": 0.6629143946214465, "max_depth": 19.298776897544037, "n_estimators": 1.3290062618291452}, "datetime": {"datetime": "2021-09-29 17:21:00", "elapsed": 534.496338, "delta": 4.002739}}
{"target": -59.727312418468, "params": {"eta": 0.7080991829906367, "max_depth": 27.136240994162396, "n_estimators": 72.5776199661505}, "datetime": {"datetime": "2021-09-29 17:21:02", "elapsed": 536.563974, "delta": 2.067636}}
{"target": -77.52874755861262, "params": {"eta": 0.949782577722727, "max_depth": 15.509784933640791, "n_estimators": 72.64116114493257}, "datetime": {"datetime": "2021-09-29 17:21:04", "elapsed": 538.627225, "delta": 2.063251}}
{"target": -48.42060363618451, "params": {"eta": 0.6883080674325998, "max_depth": 25.682991209653746, "n_estimators": 1.296298231278878}, "datetime": {"datetime": "2021-09-29 17:21:08", "elapsed": 543.05163, "delta": 4.424405}}
{"target": -57.925696044813755, "params": {"eta": 0.9411394258695813, "max_depth": 19.466503771559125, "n_estimators": 1.9167285390245579}, "datetime": {"datetime": "2021-09-29 17:21:12", "elapsed": 546.681358, "delta": 3.629728}}
{"target": -49.78479076041149, "params": {"eta": 0.7814112218599303, "max_depth": 18.948419772057424, "n_estimators": 1.6986449047552645}, "datetime": {"datetime": "2021-09-29 17:21:16", "elapsed": 550.336228, "delta": 3.65487}}
{"target": -56.57800279217638, "params": {"eta": 0.915301811348996, "max_depth": 25.882809654864747, "n_estimators": 1.1662583009293999}, "datetime": {"datetime": "2021-09-29 17:21:19", "elapsed": 553.495289, "delta": 3.159061}}
{"target": -56.57800279217638, "params": {"eta": 0.9186433294191542, "max_depth": 20.098635709529553, "n_estimators": 1.7620706402073485}, "datetime": {"datetime": "2021-09-29 17:21:22", "elapsed": 556.344568, "delta": 2.849279}}
{"target": -59.28911215980291, "params": {"eta": 0.33734068126007744, "max_depth": 7.5339939743373, "n_estimators": 72.4189564916425}, "datetime": {"datetime": "2021-09-29 17:21:25", "elapsed": 559.408924, "delta": 3.064356}}
{"target": -62.20071552807913, "params": {"eta": 0.6288459517797952, "max_depth": 21.616385472953965, "n_estimators": 42.396379159425805}, "datetime": {"datetime": "2021-09-29 17:21:28", "elapsed": 562.188979, "delta": 2.780055}}
{"target": -54.40439441242777, "params": {"eta": 0.5510399298133687, "max_depth": 24.204692493484902, "n_estimators": 2.4672514516306476}, "datetime": {"datetime": "2021-09-29 17:21:30", "elapsed": 564.838604, "delta": 2.649625}}
{"target": -72.48060873028099, "params": {"eta": 0.8678430482621218, "max_depth": 27.54077964185322, "n_estimators": 2.529366285542328}, "datetime": {"datetime": "2021-09-29 17:21:33", "elapsed": 567.448888, "delta": 2.610284}}
{"target": -48.55285912566993, "params": {"eta": 0.6577755486424155, "max_depth": 25.991683282573618, "n_estimators": 1.494258265281248}, "datetime": {"datetime": "2021-09-29 17:21:35", "elapsed": 570.015549, "delta": 2.566661}}
{"target": -70.81215772149251, "params": {"eta": 0.853644952913718, "max_depth": 19.71326273587436, "n_estimators": 35.28515135171021}, "datetime": {"datetime": "2021-09-29 17:21:37", "elapsed": 571.400868, "delta": 1.385319}}
{"target": -55.31300002821371, "params": {"eta": 0.9038991733584146, "max_depth": 19.129825887115437, "n_estimators": 1.3000123354387005}, "datetime": {"datetime": "2021-09-29 17:21:39", "elapsed": 573.984514, "delta": 2.583646}}
{"target": -71.77629073695638, "params": {"eta": 0.9147725685346281, "max_depth": 12.069330510492113, "n_estimators": 11.552979987065447}, "datetime": {"datetime": "2021-09-29 17:21:41", "elapsed": 575.26094, "delta": 1.276426}}
{"target": -60.65458705560288, "params": {"eta": 0.17994299742619163, "max_depth": 29.94976547928753, "n_estimators": 37.39252042411632}, "datetime": {"datetime": "2021-09-29 17:21:42", "elapsed": 576.930353, "delta": 1.669413}}
