{"target": -49.834762276484334, "params": {"eta": 0.27509373452060554, "max_depth": 26.851636000861, "n_estimators": 3.1786013735527296}, "datetime": {"datetime": "2021-09-29 17:05:14", "elapsed": 242.922616, "delta": 2.281892}}
{"target": -64.0468999370899, "params": {"eta": 0.3409499642706391, "max_depth": 6.426580433243736, "n_estimators": 95.88791377097454}, "datetime": {"datetime": "2021-09-29 17:05:16", "elapsed": 244.271241, "delta": 1.348625}}
{"target": -50.448359423446355, "params": {"eta": 0.35453417214644656, "max_depth": 26.818854463554363, "n_estimators": 4.029887205187422}, "datetime": {"datetime": "2021-09-29 17:05:17", "elapsed": 246.070297, "delta": 1.799056}}
{"target": -74.25939791094339, "params": {"eta": 0.9893896382572586, "max_depth": 28.08929497264006, "n_estimators": 6.466015973427327}, "datetime": {"datetime": "2021-09-29 17:05:19", "elapsed": 247.102298, "delta": 1.032001}}
{"target": -89.02982939598323, "params": {"eta": 0.006944002755432664, "max_depth": 5.703611320653343, "n_estimators": 10.193225536170697}, "datetime": {"datetime": "2021-09-29 17:05:20", "elapsed": 248.941503, "delta": 1.839205}}
{"target": -48.582802423040945, "params": {"eta": 0.274826456656871, "max_depth": 26.829235255167056, "n_estimators": 3.955555196772524}, "datetime": {"datetime": "2021-09-29 17:05:22", "elapsed": 251.02445, "delta": 2.082947}}
{"target": -51.139304140091625, "params": {"eta": 0.39977368040705574, "max_depth": 6.279633441059112, "n_estimators": 4.145292809764211}, "datetime": {"datetime": "2021-09-29 17:05:24", "elapsed": 252.24027, "delta": 1.21582}}
{"target": -52.89644147968855, "params": {"eta": 0.4725272102757768, "max_depth": 26.2463310221537, "n_estimators": 3.7492296819807045}, "datetime": {"datetime": "2021-09-29 17:05:25", "elapsed": 253.988931, "delta": 1.748661}}
{"target": -49.8372369649421, "params": {"eta": 0.35096505584423254, "max_depth": 26.950570674457378, "n_estimators": 3.899521185818427}, "datetime": {"datetime": "2021-09-29 17:05:27", "elapsed": 255.938545, "delta": 1.949614}}
{"target": -58.96649787452057, "params": {"eta": 0.11530035536491226, "max_depth": 26.77641437693248, "n_estimators": 4.195648225380861}, "datetime": {"datetime": "2021-09-29 17:05:29", "elapsed": 257.531832, "delta": 1.593287}}
{"target": -55.5216937466516, "params": {"eta": 0.17857480494147326, "max_depth": 26.58031048109814, "n_estimators": 3.4628098606089823}, "datetime": {"datetime": "2021-09-29 17:05:30", "elapsed": 259.034532, "delta": 1.5027}}
{"target": -49.8372369649421, "params": {"eta": 0.35469715192804857, "max_depth": 26.862333735880668, "n_estimators": 3.0684412095217066}, "datetime": {"datetime": "2021-09-29 17:05:33", "elapsed": 261.220033, "delta": 2.185501}}
{"target": -67.36723082976322, "params": {"eta": 0.4138182538812786, "max_depth": 10.17027880607835, "n_estimators": 15.813941229864595}, "datetime": {"datetime": "2021-09-29 17:05:34", "elapsed": 262.437274, "delta": 1.217241}}
{"target": -65.08418814942661, "params": {"eta": 0.35329060803926055, "max_depth": 15.648129175793336, "n_estimators": 11.566960366185773}, "datetime": {"datetime": "2021-09-29 17:05:35", "elapsed": 264.054016, "delta": 1.616742}}
{"target": -75.79807167940325, "params": {"eta": 0.7752012598349469, "max_depth": 28.118520539010877, "n_estimators": 70.70552580952304}, "datetime": {"datetime": "2021-09-29 17:05:37", "elapsed": 265.541015, "delta": 1.486999}}
{"target": -68.97304256521404, "params": {"eta": 0.6332686885313477, "max_depth": 25.229846529041872, "n_estimators": 29.497486251738064}, "datetime": {"datetime": "2021-09-29 17:05:38", "elapsed": 266.935214, "delta": 1.394199}}
{"target": -68.9738883575269, "params": {"eta": 0.5697011813873422, "max_depth": 14.26061773205414, "n_estimators": 72.08805856835554}, "datetime": {"datetime": "2021-09-29 17:05:40", "elapsed": 268.329158, "delta": 1.393944}}
{"target": -77.76288290828792, "params": {"eta": 0.01997524772991349, "max_depth": 15.51568590416244, "n_estimators": 11.719974504911926}, "datetime": {"datetime": "2021-09-29 17:05:41", "elapsed": 270.060066, "delta": 1.730908}}
{"target": -64.48438079318936, "params": {"eta": 0.19929551123897346, "max_depth": 19.866164895113826, "n_estimators": 77.8378067133552}, "datetime": {"datetime": "2021-09-29 17:05:43", "elapsed": 272.047059, "delta": 1.986993}}
{"target": -48.3695720567378, "params": {"eta": 0.1279686048555532, "max_depth": 15.655628246960257, "n_estimators": 12.068446497420583}, "datetime": {"datetime": "2021-09-29 17:05:45", "elapsed": 273.81306, "delta": 1.766001}}
{"target": -74.12137369192399, "params": {"eta": 0.975543077126423, "max_depth": 9.058609368116215, "n_estimators": 10.401040091859619}, "datetime": {"datetime": "2021-09-29 17:05:46", "elapsed": 275.05638, "delta": 1.24332}}
{"target": -51.77152810485135, "params": {"eta": 0.5323383007228927, "max_depth": 10.726036195962893, "n_estimators": 1.4835494025833533}, "datetime": {"datetime": "2021-09-29 17:05:48", "elapsed": 276.08752, "delta": 1.03114}}
{"target": -65.12128212143126, "params": {"eta": 0.38372255597393967, "max_depth": 22.63420598740815, "n_estimators": 70.74106173637634}, "datetime": {"datetime": "2021-09-29 17:05:49", "elapsed": 277.591522, "delta": 1.504002}}
{"target": -84.9398900200717, "params": {"eta": 0.015321148521597203, "max_depth": 22.68711601347468, "n_estimators": 7.313177463572293}, "datetime": {"datetime": "2021-09-29 17:05:51", "elapsed": 279.846067, "delta": 2.254545}}
{"target": -56.81874489132287, "params": {"eta": 0.5018706524498098, "max_depth": 26.57756668964626, "n_estimators": 3.478342499204856}, "datetime": {"datetime": "2021-09-29 17:05:53", "elapsed": 281.757383, "delta": 1.911316}}
{"target": -44.23715413327696, "params": {"eta": 0.13108249005477662, "max_depth": 5.044101421634675, "n_estimators": 10.360211916540942}, "datetime": {"datetime": "2021-09-29 17:05:55", "elapsed": 283.460854, "delta": 1.703471}}
{"target": -43.13162689765014, "params": {"eta": 0.11524387409149787, "max_depth": 4.549884188495562, "n_estimators": 10.485552858814298}, "datetime": {"datetime": "2021-09-29 17:05:57", "elapsed": 285.238315, "delta": 1.777461}}
{"target": -87.91869583915994, "params": {"eta": 0.011119575205829759, "max_depth": 15.899141757268062, "n_estimators": 11.566099166230366}, "datetime": {"datetime": "2021-09-29 17:05:58", "elapsed": 286.757237, "delta": 1.518922}}
{"target": -55.55606351901133, "params": {"eta": 0.25872741986094827, "max_depth": 1.1814371709358915, "n_estimators": 16.436978405351738}, "datetime": {"datetime": "2021-09-29 17:06:00", "elapsed": 288.077446, "delta": 1.320209}}
{"target": -49.23351812709269, "params": {"eta": 0.019304894912485045, "max_depth": 21.943881549449934, "n_estimators": 87.01419991560964}, "datetime": {"datetime": "2021-09-29 17:06:01", "elapsed": 289.576445, "delta": 1.498999}}
{"target": -47.8527998360935, "params": {"eta": 0.2411799990482131, "max_depth": 26.773559188568008, "n_estimators": 3.8495947883467934}, "datetime": {"datetime": "2021-09-29 17:06:03", "elapsed": 291.485403, "delta": 1.908958}}
{"target": -69.71179068264895, "params": {"eta": 0.6731573825095425, "max_depth": 8.30129025510411, "n_estimators": 25.962915922137256}, "datetime": {"datetime": "2021-09-29 17:06:04", "elapsed": 292.657847, "delta": 1.172444}}
{"target": -43.68148824403771, "params": {"eta": 0.14063477324317558, "max_depth": 4.5459664830424105, "n_estimators": 10.497034300379328}, "datetime": {"datetime": "2021-09-29 17:06:05", "elapsed": 293.981242, "delta": 1.323395}}
{"target": -66.36677671766064, "params": {"eta": 0.19076384904148339, "max_depth": 12.054541308469686, "n_estimators": 45.11321285469267}, "datetime": {"datetime": "2021-09-29 17:06:07", "elapsed": 295.499309, "delta": 1.518067}}
{"target": -61.496734045380464, "params": {"eta": 0.35870031689404386, "max_depth": 24.888889180906762, "n_estimators": 80.60730774733494}, "datetime": {"datetime": "2021-09-29 17:06:09", "elapsed": 297.24656, "delta": 1.747251}}
{"target": -63.73461664187633, "params": {"eta": 0.7128578596627031, "max_depth": 4.730887230200631, "n_estimators": 21.09314017688755}, "datetime": {"datetime": "2021-09-29 17:06:10", "elapsed": 298.620948, "delta": 1.374388}}
{"target": -65.75084546405232, "params": {"eta": 0.5254068919310569, "max_depth": 24.626206910738105, "n_estimators": 9.617780117857611}, "datetime": {"datetime": "2021-09-29 17:06:11", "elapsed": 299.826944, "delta": 1.205996}}
{"target": -58.60783685546339, "params": {"eta": 0.16296986869330546, "max_depth": 27.071308144325705, "n_estimators": 3.002990684924079}, "datetime": {"datetime": "2021-09-29 17:06:13", "elapsed": 301.661006, "delta": 1.834062}}
{"target": -54.501755620642754, "params": {"eta": 0.8667910476261169, "max_depth": 1.6470616004476808, "n_estimators": 15.422581860622074}, "datetime": {"datetime": "2021-09-29 17:06:14", "elapsed": 302.868236, "delta": 1.20723}}
{"target": -62.582914348394134, "params": {"eta": 0.011073901921843307, "max_depth": 16.559555318992416, "n_estimators": 44.48584020461181}, "datetime": {"datetime": "2021-09-29 17:06:17", "elapsed": 305.591542, "delta": 2.723306}}
{"target": -76.10798615523403, "params": {"eta": 0.9992467671116649, "max_depth": 8.077633555978684, "n_estimators": 69.33155827780895}, "datetime": {"datetime": "2021-09-29 17:06:18", "elapsed": 306.856405, "delta": 1.264863}}
{"target": -63.583293766375284, "params": {"eta": 0.4495714906525617, "max_depth": 10.570774309896084, "n_estimators": 56.28254751024799}, "datetime": {"datetime": "2021-09-29 17:06:20", "elapsed": 308.43788, "delta": 1.581475}}
{"target": -69.80354512785634, "params": {"eta": 0.7415855367872549, "max_depth": 27.365757388830243, "n_estimators": 99.35252909479625}, "datetime": {"datetime": "2021-09-29 17:06:21", "elapsed": 309.83588, "delta": 1.398}}
{"target": -74.20394071804685, "params": {"eta": 0.9253328993984238, "max_depth": 23.534053313283007, "n_estimators": 60.87994447120018}, "datetime": {"datetime": "2021-09-29 17:06:23", "elapsed": 311.461331, "delta": 1.625451}}
{"target": -64.08471089100311, "params": {"eta": 0.20108756338301695, "max_depth": 21.85559166430798, "n_estimators": 29.5516500609376}, "datetime": {"datetime": "2021-09-29 17:06:24", "elapsed": 312.977789, "delta": 1.516458}}
{"target": -70.07553708077687, "params": {"eta": 0.4299598624148622, "max_depth": 23.61802026289897, "n_estimators": 90.5229332459189}, "datetime": {"datetime": "2021-09-29 17:06:26", "elapsed": 314.682981, "delta": 1.705192}}
{"target": -49.96221072868193, "params": {"eta": 0.3431559646159098, "max_depth": 26.724051436822908, "n_estimators": 3.0114747179075056}, "datetime": {"datetime": "2021-09-29 17:06:29", "elapsed": 317.164833, "delta": 2.481852}}
{"target": -72.70877170120555, "params": {"eta": 0.03838730528634157, "max_depth": 23.11744261833368, "n_estimators": 7.786529135228396}, "datetime": {"datetime": "2021-09-29 17:06:31", "elapsed": 319.761774, "delta": 2.596941}}
{"target": -57.50564901118559, "params": {"eta": 0.5460414229296211, "max_depth": 26.778147908191627, "n_estimators": 4.010563100183982}, "datetime": {"datetime": "2021-09-29 17:06:34", "elapsed": 322.177641, "delta": 2.415867}}
{"target": -51.653417750437946, "params": {"eta": 0.05924608067748765, "max_depth": 14.357284629261468, "n_estimators": 42.99627018909863}, "datetime": {"datetime": "2021-09-29 17:06:35", "elapsed": 323.597642, "delta": 1.420001}}
{"target": -50.442560462432276, "params": {"eta": 0.25297525382893704, "max_depth": 26.872429687775174, "n_estimators": 3.7842977834696527}, "datetime": {"datetime": "2021-09-29 17:06:37", "elapsed": 325.718462, "delta": 2.12082}}
{"target": -54.79378311204882, "params": {"eta": 0.18760650963947814, "max_depth": 15.79611254241814, "n_estimators": 11.93894123626634}, "datetime": {"datetime": "2021-09-29 17:06:40", "elapsed": 328.195557, "delta": 2.477095}}
{"target": -69.70530816747005, "params": {"eta": 0.9707150687396379, "max_depth": 25.382689294963978, "n_estimators": 31.049618256490817}, "datetime": {"datetime": "2021-09-29 17:06:41", "elapsed": 329.715558, "delta": 1.520001}}
{"target": -46.817208429425726, "params": {"eta": 0.16392504006550984, "max_depth": 5.394301870874287, "n_estimators": 10.735477233632947}, "datetime": {"datetime": "2021-09-29 17:06:43", "elapsed": 331.714346, "delta": 1.998788}}
{"target": -49.401909042156724, "params": {"eta": 0.22583099504870163, "max_depth": 4.85102534247926, "n_estimators": 10.392239933382742}, "datetime": {"datetime": "2021-09-29 17:06:45", "elapsed": 334.06089, "delta": 2.346544}}
{"target": -50.57251607733081, "params": {"eta": 0.2107729861462039, "max_depth": 22.744733510791914, "n_estimators": 7.969647562254016}, "datetime": {"datetime": "2021-09-29 17:06:48", "elapsed": 336.565069, "delta": 2.504179}}
{"target": -57.32113738887058, "params": {"eta": 0.07960614016057117, "max_depth": 16.386808790477723, "n_estimators": 44.30516889918792}, "datetime": {"datetime": "2021-09-29 17:06:51", "elapsed": 339.474967, "delta": 2.909898}}
{"target": -60.397478326296024, "params": {"eta": 0.8698536260928096, "max_depth": 21.733059363237317, "n_estimators": 73.4483792776731}, "datetime": {"datetime": "2021-09-29 17:06:52", "elapsed": 340.978334, "delta": 1.503367}}
{"target": -48.32780438847751, "params": {"eta": 0.20968797801004443, "max_depth": 26.742136960484682, "n_estimators": 4.006405619269421}, "datetime": {"datetime": "2021-09-29 17:06:55", "elapsed": 343.338936, "delta": 2.360602}}
{"target": -62.52556875640975, "params": {"eta": 0.48984956648384687, "max_depth": 26.170707899872387, "n_estimators": 78.5407339996827}, "datetime": {"datetime": "2021-09-29 17:06:57", "elapsed": 345.209411, "delta": 1.870475}}
{"target": -44.92122275666517, "params": {"eta": 0.16320980401963006, "max_depth": 23.030056029862244, "n_estimators": 7.563820352811089}, "datetime": {"datetime": "2021-09-29 17:07:00", "elapsed": 348.290193, "delta": 3.080782}}
{"target": -72.43043623112794, "params": {"eta": 0.7861987901282521, "max_depth": 28.434033291522624, "n_estimators": 28.811983903137016}, "datetime": {"datetime": "2021-09-29 17:07:01", "elapsed": 349.84019, "delta": 1.549997}}
{"target": -56.829984237611654, "params": {"eta": 0.16937199796098065, "max_depth": 12.992230379358984, "n_estimators": 60.32872873384644}, "datetime": {"datetime": "2021-09-29 17:07:03", "elapsed": 351.625826, "delta": 1.785636}}
{"target": -64.4137277411616, "params": {"eta": 0.8778928265969729, "max_depth": 7.766947488437562, "n_estimators": 61.72835523987327}, "datetime": {"datetime": "2021-09-29 17:07:05", "elapsed": 353.201095, "delta": 1.575269}}
{"target": -47.34528394768232, "params": {"eta": 0.32494223162793395, "max_depth": 26.27587704460453, "n_estimators": 4.115069167906567}, "datetime": {"datetime": "2021-09-29 17:07:07", "elapsed": 355.648284, "delta": 2.447189}}
{"target": -53.12263677212713, "params": {"eta": 0.44145541796378257, "max_depth": 1.83355456569994, "n_estimators": 50.30291038067615}, "datetime": {"datetime": "2021-09-29 17:07:09", "elapsed": 357.849028, "delta": 2.200744}}
{"target": -64.29782630326024, "params": {"eta": 0.7678845157805068, "max_depth": 9.25776849928258, "n_estimators": 4.079746336350571}, "datetime": {"datetime": "2021-09-29 17:07:11", "elapsed": 359.343344, "delta": 1.494316}}
{"target": -53.70866706050156, "params": {"eta": 0.44762832685871234, "max_depth": 6.233377901789444, "n_estimators": 4.31842780671365}, "datetime": {"datetime": "2021-09-29 17:07:13", "elapsed": 361.727502, "delta": 2.384158}}
{"target": -62.8109109749439, "params": {"eta": 0.3832387012600117, "max_depth": 3.249698028746933, "n_estimators": 98.9448523563611}, "datetime": {"datetime": "2021-09-29 17:07:15", "elapsed": 363.342767, "delta": 1.615265}}
{"target": -47.57865378689409, "params": {"eta": 0.16974681118358456, "max_depth": 5.828264593239878, "n_estimators": 10.16786928688093}, "datetime": {"datetime": "2021-09-29 17:07:17", "elapsed": 365.515058, "delta": 2.172291}}
{"target": -69.81883939400566, "params": {"eta": 0.7437427646299994, "max_depth": 19.770577726731897, "n_estimators": 57.45813992072828}, "datetime": {"datetime": "2021-09-29 17:07:19", "elapsed": 367.229392, "delta": 1.714334}}
{"target": -55.244640565049664, "params": {"eta": 0.16286692877524922, "max_depth": 26.543178782570262, "n_estimators": 18.263211612963953}, "datetime": {"datetime": "2021-09-29 17:07:21", "elapsed": 369.359361, "delta": 2.129969}}
{"target": -63.04461793963762, "params": {"eta": 0.505517266378696, "max_depth": 19.666061367146366, "n_estimators": 56.11015081707336}, "datetime": {"datetime": "2021-09-29 17:07:23", "elapsed": 371.202112, "delta": 1.842751}}
{"target": -55.175225125234626, "params": {"eta": 0.09043016535639338, "max_depth": 7.740492413380268, "n_estimators": 49.422320070591915}, "datetime": {"datetime": "2021-09-29 17:07:24", "elapsed": 372.815561, "delta": 1.613449}}
{"target": -45.98482585549065, "params": {"eta": 0.057471111687712045, "max_depth": 26.631588761687244, "n_estimators": 18.283245153261483}, "datetime": {"datetime": "2021-09-29 17:07:26", "elapsed": 374.994698, "delta": 2.179137}}
{"target": -61.25448447516305, "params": {"eta": 0.15622246331506934, "max_depth": 14.152431744326341, "n_estimators": 66.83628880580324}, "datetime": {"datetime": "2021-09-29 17:07:28", "elapsed": 376.780557, "delta": 1.785859}}
{"target": -74.30146705678908, "params": {"eta": 0.9879225413321752, "max_depth": 26.55271424536524, "n_estimators": 43.36900793602542}, "datetime": {"datetime": "2021-09-29 17:07:30", "elapsed": 378.56091, "delta": 1.780353}}
{"target": -55.5216937466516, "params": {"eta": 0.17843868297576815, "max_depth": 27.08146247864471, "n_estimators": 3.3733335712284016}, "datetime": {"datetime": "2021-09-29 17:07:32", "elapsed": 380.935991, "delta": 2.375081}}
{"target": -47.401052103271155, "params": {"eta": 0.14476671836438254, "max_depth": 23.25772232776668, "n_estimators": 7.687963146714947}, "datetime": {"datetime": "2021-09-29 17:07:34", "elapsed": 382.307192, "delta": 1.371201}}
{"target": -46.70679221377344, "params": {"eta": 0.17764739581856306, "max_depth": 23.157209914687154, "n_estimators": 7.600555601206984}, "datetime": {"datetime": "2021-09-29 17:07:37", "elapsed": 385.358555, "delta": 3.051363}}
{"target": -51.057813120909614, "params": {"eta": 0.3600400052117318, "max_depth": 26.755132184710043, "n_estimators": 3.2587646335343536}, "datetime": {"datetime": "2021-09-29 17:07:40", "elapsed": 388.472506, "delta": 3.113951}}
{"target": -66.37181764555362, "params": {"eta": 0.6788103723314484, "max_depth": 15.778561002352411, "n_estimators": 80.92604477531722}, "datetime": {"datetime": "2021-09-29 17:07:42", "elapsed": 390.263683, "delta": 1.791177}}
{"target": -62.58587934747778, "params": {"eta": 0.8631926092972444, "max_depth": 17.970216374913836, "n_estimators": 21.832681343110377}, "datetime": {"datetime": "2021-09-29 17:07:44", "elapsed": 392.09812, "delta": 1.834437}}
{"target": -45.0496231456229, "params": {"eta": 0.14925303904203197, "max_depth": 5.261628718870721, "n_estimators": 10.475907518306272}, "datetime": {"datetime": "2021-09-29 17:07:46", "elapsed": 394.392253, "delta": 2.294133}}
{"target": -49.82990427799087, "params": {"eta": 0.42458232488801245, "max_depth": 26.793012004146682, "n_estimators": 2.788580834953807}, "datetime": {"datetime": "2021-09-29 17:07:48", "elapsed": 396.863316, "delta": 2.471063}}
{"target": -58.84568658032432, "params": {"eta": 0.8748989305919401, "max_depth": 19.320451214422803, "n_estimators": 44.719166704046856}, "datetime": {"datetime": "2021-09-29 17:07:50", "elapsed": 398.637313, "delta": 1.773997}}
{"target": -48.50597597400713, "params": {"eta": 0.22113283153273036, "max_depth": 26.26146310449748, "n_estimators": 4.152043669090227}, "datetime": {"datetime": "2021-09-29 17:07:53", "elapsed": 401.243597, "delta": 2.606284}}
{"target": -53.10854602762135, "params": {"eta": 0.07968587760927483, "max_depth": 12.133229123123856, "n_estimators": 8.80723110577768}, "datetime": {"datetime": "2021-09-29 17:07:54", "elapsed": 402.854339, "delta": 1.610742}}
{"target": -44.43570531605863, "params": {"eta": 0.2388621233738165, "max_depth": 26.073166485980245, "n_estimators": 4.068855492086262}, "datetime": {"datetime": "2021-09-29 17:07:57", "elapsed": 405.555692, "delta": 2.701353}}
{"target": -72.03879029989454, "params": {"eta": 0.9772934796198312, "max_depth": 11.814239704058565, "n_estimators": 94.31049232728427}, "datetime": {"datetime": "2021-09-29 17:07:59", "elapsed": 407.156276, "delta": 1.600584}}
{"target": -64.94907651630015, "params": {"eta": 0.33901817363293774, "max_depth": 23.183263208102126, "n_estimators": 65.01070105292492}, "datetime": {"datetime": "2021-09-29 17:08:01", "elapsed": 409.350399, "delta": 2.194123}}
{"target": -63.385690388578986, "params": {"eta": 0.19358443697574815, "max_depth": 21.762429266145478, "n_estimators": 67.10414229455404}, "datetime": {"datetime": "2021-09-29 17:08:03", "elapsed": 411.551216, "delta": 2.200817}}
{"target": -52.0114049182214, "params": {"eta": 0.35506624931012715, "max_depth": 26.311579330177658, "n_estimators": 4.21558913458572}, "datetime": {"datetime": "2021-09-29 17:08:05", "elapsed": 413.937665, "delta": 2.386449}}
{"target": -47.57865378689409, "params": {"eta": 0.17497965503232765, "max_depth": 5.707356619579315, "n_estimators": 10.116057647309505}, "datetime": {"datetime": "2021-09-29 17:08:09", "elapsed": 417.498184, "delta": 3.560519}}
{"target": -58.5287268520462, "params": {"eta": 0.35308579599293666, "max_depth": 5.707682828559891, "n_estimators": 10.436796962738839}, "datetime": {"datetime": "2021-09-29 17:08:12", "elapsed": 421.061528, "delta": 3.563344}}
