{"target": -54.88092877192635, "params": {"eta": 0.10639002612389876, "max_depth": 3.94053039855911, "n_estimators": 30.935064744332273}, "datetime": {"datetime": "2021-09-29 18:27:04", "elapsed": 17.343042, "delta": 0.547998}}
{"target": -57.72268031421612, "params": {"eta": 0.16312032866315418, "max_depth": 3.807146761066921, "n_estimators": 32.76752572286564}, "datetime": {"datetime": "2021-09-29 18:27:05", "elapsed": 17.810041, "delta": 0.466999}}
{"target": -86.43298916570319, "params": {"eta": 0.037738559511359855, "max_depth": 4.074314775535941, "n_estimators": 3.1957882014094987}, "datetime": {"datetime": "2021-09-29 18:27:05", "elapsed": 17.997045, "delta": 0.187004}}
{"target": -45.41275531719653, "params": {"eta": 0.05064611934833252, "max_depth": 5.162410580256857, "n_estimators": 18.16821125140729}, "datetime": {"datetime": "2021-09-29 18:27:05", "elapsed": 18.351048, "delta": 0.354003}}
{"target": -43.82990896693038, "params": {"eta": 0.054921541637797965, "max_depth": 4.188437338178088, "n_estimators": 28.717696921246343}, "datetime": {"datetime": "2021-09-29 18:27:06", "elapsed": 18.622175, "delta": 0.271127}}
{"target": -43.67158305685746, "params": {"eta": 0.06928769824077696, "max_depth": 5.706872356398826, "n_estimators": 22.808983578188407}, "datetime": {"datetime": "2021-09-29 18:27:06", "elapsed": 18.883175, "delta": 0.261}}
{"target": -44.12116029227732, "params": {"eta": 0.04857622824195029, "max_depth": 2.2857443395256354, "n_estimators": 16.676904893808178}, "datetime": {"datetime": "2021-09-29 18:27:06", "elapsed": 19.106175, "delta": 0.223}}
{"target": -52.08349248876261, "params": {"eta": 0.10864480925823347, "max_depth": 2.9673625250452167, "n_estimators": 5.803338861733788}, "datetime": {"datetime": "2021-09-29 18:27:06", "elapsed": 19.329174, "delta": 0.222999}}
{"target": -43.34355417114292, "params": {"eta": 0.0375909503949995, "max_depth": 2.5841910345572248, "n_estimators": 21.5652656074915}, "datetime": {"datetime": "2021-09-29 18:27:07", "elapsed": 19.560173, "delta": 0.230999}}
{"target": -57.354585752159856, "params": {"eta": 0.12368487771947885, "max_depth": 6.1331507130292415, "n_estimators": 32.207057036779766}, "datetime": {"datetime": "2021-09-29 18:27:07", "elapsed": 19.942174, "delta": 0.382001}}
{"target": -50.77866065116824, "params": {"eta": 0.065657853382078, "max_depth": 3.7686163513202318, "n_estimators": 35.56135885091502}, "datetime": {"datetime": "2021-09-29 18:27:07", "elapsed": 20.225175, "delta": 0.283001}}
{"target": -45.79561978974597, "params": {"eta": 0.16731260196277523, "max_depth": 4.34120272552323, "n_estimators": 10.252013967642345}, "datetime": {"datetime": "2021-09-29 18:27:08", "elapsed": 20.470175, "delta": 0.245}}
{"target": -44.72316728939126, "params": {"eta": 0.18009871273179115, "max_depth": 2.620136543058789, "n_estimators": 4.339335780778554}, "datetime": {"datetime": "2021-09-29 18:27:08", "elapsed": 20.702351, "delta": 0.232176}}
{"target": -59.19925183444123, "params": {"eta": 0.11905278110024967, "max_depth": 6.266258683813613, "n_estimators": 4.446331826048597}, "datetime": {"datetime": "2021-09-29 18:27:08", "elapsed": 21.05035, "delta": 0.347999}}
{"target": -42.46132104490219, "params": {"eta": 0.040058945028129615, "max_depth": 3.1070103034457537, "n_estimators": 33.692934412919655}, "datetime": {"datetime": "2021-09-29 18:27:09", "elapsed": 21.787351, "delta": 0.737001}}
{"target": -58.62312258770969, "params": {"eta": 0.16584651070851875, "max_depth": 3.181882646181976, "n_estimators": 35.38204871389696}, "datetime": {"datetime": "2021-09-29 18:27:09", "elapsed": 22.083351, "delta": 0.296}}
{"target": -43.62729048086591, "params": {"eta": 0.03279504681328711, "max_depth": 5.878072720473629, "n_estimators": 37.08210281796473}, "datetime": {"datetime": "2021-09-29 18:27:10", "elapsed": 22.461355, "delta": 0.378004}}
{"target": -57.89745072261532, "params": {"eta": 0.1759565496773498, "max_depth": 5.736230329436127, "n_estimators": 35.9125729018134}, "datetime": {"datetime": "2021-09-29 18:27:10", "elapsed": 22.857352, "delta": 0.395997}}
{"target": -58.87997297385416, "params": {"eta": 0.13735180341534112, "max_depth": 4.32945069048429, "n_estimators": 39.580774240872444}, "datetime": {"datetime": "2021-09-29 18:27:10", "elapsed": 23.257354, "delta": 0.400002}}
{"target": -43.52726996000557, "params": {"eta": 0.078361994843164, "max_depth": 5.315829827567594, "n_estimators": 18.160107045176964}, "datetime": {"datetime": "2021-09-29 18:27:11", "elapsed": 23.614351, "delta": 0.356997}}
{"target": -47.62617724148303, "params": {"eta": 0.045032420004626414, "max_depth": 3.011343375500284, "n_estimators": 14.019443170508278}, "datetime": {"datetime": "2021-09-29 18:27:11", "elapsed": 23.908349, "delta": 0.293998}}
{"target": -71.97029266395954, "params": {"eta": 0.041986876298366775, "max_depth": 4.543083310128942, "n_estimators": 7.004097898352375}, "datetime": {"datetime": "2021-09-29 18:27:11", "elapsed": 24.154352, "delta": 0.246003}}
{"target": -44.82442972831366, "params": {"eta": 0.09459539257121827, "max_depth": 2.661339862593389, "n_estimators": 19.429193508883515}, "datetime": {"datetime": "2021-09-29 18:27:12", "elapsed": 24.525351, "delta": 0.370999}}
{"target": -57.14285559654461, "params": {"eta": 0.14795600066882167, "max_depth": 3.246519277088358, "n_estimators": 26.785468073893018}, "datetime": {"datetime": "2021-09-29 18:27:12", "elapsed": 24.82943, "delta": 0.304079}}
{"target": -57.82310595259226, "params": {"eta": 0.20855345118622712, "max_depth": 6.288941532848129, "n_estimators": 36.473239061284836}, "datetime": {"datetime": "2021-09-29 18:27:12", "elapsed": 25.349423, "delta": 0.519993}}
{"target": -44.27097807472353, "params": {"eta": 0.079025573398891, "max_depth": 3.8695511224280894, "n_estimators": 18.422515364461038}, "datetime": {"datetime": "2021-09-29 18:27:13", "elapsed": 26.071427, "delta": 0.722004}}
{"target": -56.45953764138434, "params": {"eta": 0.1551517210457372, "max_depth": 4.422029227285504, "n_estimators": 29.341837772038023}, "datetime": {"datetime": "2021-09-29 18:27:14", "elapsed": 26.688665, "delta": 0.617238}}
{"target": -45.050860811641336, "params": {"eta": 0.08022466808419731, "max_depth": 3.60780580888729, "n_estimators": 19.13630499342641}, "datetime": {"datetime": "2021-09-29 18:27:15", "elapsed": 27.502665, "delta": 0.814}}
{"target": -47.44320554545487, "params": {"eta": 0.049555117238579575, "max_depth": 6.0770632650856005, "n_estimators": 39.061294966114204}, "datetime": {"datetime": "2021-09-29 18:27:15", "elapsed": 28.037668, "delta": 0.535003}}
{"target": -53.682182554783545, "params": {"eta": 0.18691446032903442, "max_depth": 2.892975859764953, "n_estimators": 18.495089470125095}, "datetime": {"datetime": "2021-09-29 18:27:15", "elapsed": 28.368662, "delta": 0.330994}}
{"target": -55.8448925907295, "params": {"eta": 0.16553469894447542, "max_depth": 2.3281291003621183, "n_estimators": 39.518447460308636}, "datetime": {"datetime": "2021-09-29 18:27:17", "elapsed": 29.604586, "delta": 1.235924}}
{"target": -55.234707181141914, "params": {"eta": 0.1896463393739208, "max_depth": 4.251727921982825, "n_estimators": 17.774542054993802}, "datetime": {"datetime": "2021-09-29 18:27:18", "elapsed": 31.116715, "delta": 1.512129}}
{"target": -52.810483782592, "params": {"eta": 0.13215938891666207, "max_depth": 3.3766268709774976, "n_estimators": 21.960321440434257}, "datetime": {"datetime": "2021-09-29 18:27:19", "elapsed": 31.522716, "delta": 0.406001}}
{"target": -42.638438006548505, "params": {"eta": 0.06243320764053552, "max_depth": 5.680213724999776, "n_estimators": 22.80678187052507}, "datetime": {"datetime": "2021-09-29 18:27:19", "elapsed": 31.917716, "delta": 0.395}}
{"target": -51.23451894648069, "params": {"eta": 0.032661284815618676, "max_depth": 5.275557219752733, "n_estimators": 22.61609655087005}, "datetime": {"datetime": "2021-09-29 18:27:20", "elapsed": 32.976069, "delta": 1.058353}}
{"target": -48.60266122242402, "params": {"eta": 0.11111559907025831, "max_depth": 2.680992860287191, "n_estimators": 19.423877221415}, "datetime": {"datetime": "2021-09-29 18:27:20", "elapsed": 33.272073, "delta": 0.296004}}
{"target": -63.148577336398745, "params": {"eta": 0.04552466520983218, "max_depth": 4.736029419921959, "n_estimators": 8.366165495014148}, "datetime": {"datetime": "2021-09-29 18:27:21", "elapsed": 33.589071, "delta": 0.316998}}
{"target": -43.05022683417622, "params": {"eta": 0.07894223361081841, "max_depth": 2.493124416602467, "n_estimators": 19.38872348693915}, "datetime": {"datetime": "2021-09-29 18:27:21", "elapsed": 34.002073, "delta": 0.413002}}
{"target": -41.34695842994171, "params": {"eta": 0.033394322316177054, "max_depth": 2.7567893736384157, "n_estimators": 33.6899739650092}, "datetime": {"datetime": "2021-09-29 18:27:22", "elapsed": 35.083116, "delta": 1.081043}}
{"target": -41.34695842994171, "params": {"eta": 0.0335870707873932, "max_depth": 2.671815503695924, "n_estimators": 33.519784460196405}, "datetime": {"datetime": "2021-09-29 18:27:23", "elapsed": 35.838787, "delta": 0.755671}}
{"target": -45.15832005566209, "params": {"eta": 0.03879383122334137, "max_depth": 2.5879856326879978, "n_estimators": 19.644880733882243}, "datetime": {"datetime": "2021-09-29 18:27:24", "elapsed": 36.468788, "delta": 0.630001}}
{"target": -47.15040293883264, "params": {"eta": 0.061327869716811784, "max_depth": 2.9750982193510094, "n_estimators": 33.49444101359658}, "datetime": {"datetime": "2021-09-29 18:27:25", "elapsed": 37.638143, "delta": 1.169355}}
{"target": -56.686659954149334, "params": {"eta": 0.21, "max_depth": 2.0, "n_estimators": 40.0}, "datetime": {"datetime": "2021-09-29 18:27:25", "elapsed": 38.328682, "delta": 0.690539}}
{"target": -46.26721624278126, "params": {"eta": 0.09145791072145693, "max_depth": 3.6200570049662106, "n_estimators": 19.13461286285545}, "datetime": {"datetime": "2021-09-29 18:27:26", "elapsed": 38.672467, "delta": 0.343785}}
{"target": -55.29020683839169, "params": {"eta": 0.1797867202667345, "max_depth": 2.8919040983047593, "n_estimators": 33.74769069402782}, "datetime": {"datetime": "2021-09-29 18:27:27", "elapsed": 39.524469, "delta": 0.852002}}
{"target": -52.42926995086968, "params": {"eta": 0.11250081293162584, "max_depth": 6.846407941544595, "n_estimators": 24.05463042903518}, "datetime": {"datetime": "2021-09-29 18:27:27", "elapsed": 40.027467, "delta": 0.502998}}
{"target": -54.6149599297008, "params": {"eta": 0.1854469554041969, "max_depth": 2.5412923813424526, "n_estimators": 33.65515541803884}, "datetime": {"datetime": "2021-09-29 18:27:28", "elapsed": 41.037861, "delta": 1.010394}}
{"target": -84.07994976269971, "params": {"eta": 0.05420417075456914, "max_depth": 6.6931879628484925, "n_estimators": 3.3504355911598527}, "datetime": {"datetime": "2021-09-29 18:27:28", "elapsed": 41.453857, "delta": 0.415996}}
{"target": -42.71390215195082, "params": {"eta": 0.03141727221223144, "max_depth": 3.5107781364355226, "n_estimators": 33.67922809265883}, "datetime": {"datetime": "2021-09-29 18:27:29", "elapsed": 42.316858, "delta": 0.863001}}
{"target": -42.44842914583036, "params": {"eta": 0.061819275464080586, "max_depth": 3.046066831158088, "n_estimators": 22.632215826530928}, "datetime": {"datetime": "2021-09-29 18:27:30", "elapsed": 42.723758, "delta": 0.4069}}
{"target": -54.163842496004534, "params": {"eta": 0.17857433370572007, "max_depth": 2.599459429988814, "n_estimators": 23.657427684471315}, "datetime": {"datetime": "2021-09-29 18:27:30", "elapsed": 43.103756, "delta": 0.379998}}
{"target": -43.06161475712867, "params": {"eta": 0.0749633636693156, "max_depth": 3.801899125891101, "n_estimators": 20.797315202890083}, "datetime": {"datetime": "2021-09-29 18:27:31", "elapsed": 43.544754, "delta": 0.440998}}
{"target": -56.26137362090904, "params": {"eta": 0.12204984054024108, "max_depth": 5.553781938753073, "n_estimators": 37.522409448211974}, "datetime": {"datetime": "2021-09-29 18:27:31", "elapsed": 44.109754, "delta": 0.565}}
{"target": -45.23227823828252, "params": {"eta": 0.04070781780569602, "max_depth": 3.8290829828920114, "n_estimators": 20.620967166723787}, "datetime": {"datetime": "2021-09-29 18:27:32", "elapsed": 45.090432, "delta": 0.980678}}
{"target": -52.54097121008379, "params": {"eta": 0.17959717258268684, "max_depth": 6.201650296698036, "n_estimators": 22.887091799731582}, "datetime": {"datetime": "2021-09-29 18:27:33", "elapsed": 45.571881, "delta": 0.481449}}
{"target": -51.72583704557299, "params": {"eta": 0.030300170789444494, "max_depth": 3.595799418707511, "n_estimators": 20.801501011418022}, "datetime": {"datetime": "2021-09-29 18:27:33", "elapsed": 46.447885, "delta": 0.876004}}
{"target": -55.40347707189475, "params": {"eta": 0.17267196877500507, "max_depth": 2.7045156350656563, "n_estimators": 32.313679227357454}, "datetime": {"datetime": "2021-09-29 18:27:34", "elapsed": 46.913256, "delta": 0.465371}}
{"target": -56.98750579659715, "params": {"eta": 0.14184246998417607, "max_depth": 3.592190972607775, "n_estimators": 33.68877602302646}, "datetime": {"datetime": "2021-09-29 18:27:35", "elapsed": 47.494255, "delta": 0.580999}}
{"target": -43.66700874587126, "params": {"eta": 0.10020193180215826, "max_depth": 2.1764516623490437, "n_estimators": 8.729462074874327}, "datetime": {"datetime": "2021-09-29 18:27:35", "elapsed": 47.868774, "delta": 0.374519}}
{"target": -86.06915598174373, "params": {"eta": 0.03457544794496693, "max_depth": 2.18056530941145, "n_estimators": 4.103522479404905}, "datetime": {"datetime": "2021-09-29 18:27:35", "elapsed": 48.239777, "delta": 0.371003}}
{"target": -54.33048144486262, "params": {"eta": 0.19380818599332222, "max_depth": 2.4989151874408435, "n_estimators": 19.54898410582049}, "datetime": {"datetime": "2021-09-29 18:27:36", "elapsed": 48.699516, "delta": 0.459739}}
{"target": -41.34695842994171, "params": {"eta": 0.03, "max_depth": 2.6613096737117554, "n_estimators": 33.80583423300244}, "datetime": {"datetime": "2021-09-29 18:27:37", "elapsed": 49.491512, "delta": 0.791996}}
{"target": -52.35304629473788, "params": {"eta": 0.03, "max_depth": 2.5977739115303087, "n_estimators": 19.307970137000677}, "datetime": {"datetime": "2021-09-29 18:27:38", "elapsed": 50.50441, "delta": 1.012898}}
{"target": -42.46132104490219, "params": {"eta": 0.0404145770139472, "max_depth": 3.310976816629953, "n_estimators": 33.62544372420939}, "datetime": {"datetime": "2021-09-29 18:27:39", "elapsed": 51.545576, "delta": 1.041166}}
{"target": -42.71390215195082, "params": {"eta": 0.03, "max_depth": 3.171127009816242, "n_estimators": 33.542481949751775}, "datetime": {"datetime": "2021-09-29 18:27:40", "elapsed": 52.664046, "delta": 1.11847}}
{"target": -54.53523489333434, "params": {"eta": 0.10168220314156358, "max_depth": 3.2199765567108583, "n_estimators": 33.77268403082914}, "datetime": {"datetime": "2021-09-29 18:27:41", "elapsed": 54.035572, "delta": 1.371526}}
{"target": -42.46132104490219, "params": {"eta": 0.04197713571421041, "max_depth": 3.414265264943367, "n_estimators": 33.54528891254737}, "datetime": {"datetime": "2021-09-29 18:27:42", "elapsed": 54.588571, "delta": 0.552999}}
{"target": -40.86581333636193, "params": {"eta": 0.14503891109756872, "max_depth": 2.4957001932247094, "n_estimators": 8.309487170503084}, "datetime": {"datetime": "2021-09-29 18:27:42", "elapsed": 54.997935, "delta": 0.409364}}
{"target": -40.841161295422495, "params": {"eta": 0.13890948304092465, "max_depth": 2.560907066022449, "n_estimators": 8.171911686985265}, "datetime": {"datetime": "2021-09-29 18:27:43", "elapsed": 55.804614, "delta": 0.806679}}
{"target": -40.86581333636193, "params": {"eta": 0.14730328729710507, "max_depth": 2.6822082352277024, "n_estimators": 8.26904361914947}, "datetime": {"datetime": "2021-09-29 18:27:43", "elapsed": 56.262613, "delta": 0.457999}}
{"target": -45.96095675319496, "params": {"eta": 0.21, "max_depth": 2.395177339914582, "n_estimators": 8.18400141295822}, "datetime": {"datetime": "2021-09-29 18:27:44", "elapsed": 56.864361, "delta": 0.601748}}
{"target": -45.96095675319496, "params": {"eta": 0.21, "max_depth": 2.718373901230844, "n_estimators": 8.108856097173641}, "datetime": {"datetime": "2021-09-29 18:27:45", "elapsed": 57.771364, "delta": 0.907003}}
{"target": -74.54858490367346, "params": {"eta": 0.03, "max_depth": 2.590215065247769, "n_estimators": 8.284877361866839}, "datetime": {"datetime": "2021-09-29 18:27:46", "elapsed": 58.465364, "delta": 0.694}}
{"target": -57.68606092738118, "params": {"eta": 0.14791548591021064, "max_depth": 3.2821751986773777, "n_estimators": 33.57394722331701}, "datetime": {"datetime": "2021-09-29 18:27:46", "elapsed": 59.262046, "delta": 0.796682}}
{"target": -48.833868518055375, "params": {"eta": 0.08309159094943849, "max_depth": 2.0425283324402153, "n_estimators": 8.762940340517307}, "datetime": {"datetime": "2021-09-29 18:27:47", "elapsed": 59.855046, "delta": 0.593}}
{"target": -44.366248584773835, "params": {"eta": 0.19399522652801474, "max_depth": 2.762168076935257, "n_estimators": 8.293903851127554}, "datetime": {"datetime": "2021-09-29 18:27:47", "elapsed": 60.423707, "delta": 0.568661}}
{"target": -41.957433217872655, "params": {"eta": 0.06059595669428511, "max_depth": 3.8720123646345224, "n_estimators": 18.43064226872926}, "datetime": {"datetime": "2021-09-29 18:27:48", "elapsed": 60.864002, "delta": 0.440295}}
{"target": -50.974882531835306, "params": {"eta": 0.08166098727621467, "max_depth": 2.7524142702453878, "n_estimators": 33.614452444006844}, "datetime": {"datetime": "2021-09-29 18:27:49", "elapsed": 61.525003, "delta": 0.661001}}
{"target": -42.31756300958388, "params": {"eta": 0.0694654808142249, "max_depth": 3.8194590599105647, "n_estimators": 18.546390438208626}, "datetime": {"datetime": "2021-09-29 18:27:49", "elapsed": 62.184999, "delta": 0.659996}}
{"target": -47.492889267758756, "params": {"eta": 0.09562462194135907, "max_depth": 3.962145699173799, "n_estimators": 18.52561218286738}, "datetime": {"datetime": "2021-09-29 18:27:50", "elapsed": 62.890577, "delta": 0.705578}}
{"target": -45.62169055422276, "params": {"eta": 0.1965013586601827, "max_depth": 2.5003631638093564, "n_estimators": 8.045476304455953}, "datetime": {"datetime": "2021-09-29 18:27:51", "elapsed": 63.488575, "delta": 0.597998}}
{"target": -41.34695842994171, "params": {"eta": 0.03, "max_depth": 2.5646759779588826, "n_estimators": 33.553084431757725}, "datetime": {"datetime": "2021-09-29 18:27:51", "elapsed": 64.324575, "delta": 0.836}}
{"target": -45.96095675319496, "params": {"eta": 0.21, "max_depth": 2.5782483537900296, "n_estimators": 8.249578834030872}, "datetime": {"datetime": "2021-09-29 18:27:52", "elapsed": 65.15206, "delta": 0.827485}}
{"target": -57.329148397869034, "params": {"eta": 0.1461606248892038, "max_depth": 3.022896984207592, "n_estimators": 27.365512496532638}, "datetime": {"datetime": "2021-09-29 18:27:53", "elapsed": 65.787734, "delta": 0.635674}}
{"target": -45.96095675319496, "params": {"eta": 0.2084472696497203, "max_depth": 2.421340070767451, "n_estimators": 8.342740623155848}, "datetime": {"datetime": "2021-09-29 18:27:54", "elapsed": 67.141597, "delta": 1.353863}}
{"target": -56.671874764641025, "params": {"eta": 0.06170370183037777, "max_depth": 2.9782635646707982, "n_estimators": 8.117300013780948}, "datetime": {"datetime": "2021-09-29 18:27:55", "elapsed": 67.612596, "delta": 0.470999}}
{"target": -41.452314282931766, "params": {"eta": 0.19275674998946174, "max_depth": 2.2685239660900534, "n_estimators": 7.95358366758407}, "datetime": {"datetime": "2021-09-29 18:27:55", "elapsed": 68.063137, "delta": 0.450541}}
{"target": -43.899494964087815, "params": {"eta": 0.20604383535295337, "max_depth": 2.3581686803683857, "n_estimators": 7.870492878759322}, "datetime": {"datetime": "2021-09-29 18:27:56", "elapsed": 68.584136, "delta": 0.520999}}
{"target": -44.27707300813212, "params": {"eta": 0.10681457422672297, "max_depth": 2.2712185429858884, "n_estimators": 7.853776576777451}, "datetime": {"datetime": "2021-09-29 18:27:56", "elapsed": 69.229381, "delta": 0.645245}}
{"target": -45.262362995723095, "params": {"eta": 0.05014265859672032, "max_depth": 3.4291781407070028, "n_estimators": 33.672293570974524}, "datetime": {"datetime": "2021-09-29 18:27:57", "elapsed": 70.291381, "delta": 1.062}}
{"target": -50.67412450376882, "params": {"eta": 0.11244214085714509, "max_depth": 3.7101679341660563, "n_estimators": 20.7190973818332}, "datetime": {"datetime": "2021-09-29 18:27:58", "elapsed": 71.114643, "delta": 0.823262}}
{"target": -51.35214526560708, "params": {"eta": 0.13205646595235698, "max_depth": 3.5036702207604256, "n_estimators": 19.349998203816675}, "datetime": {"datetime": "2021-09-29 18:27:59", "elapsed": 71.667645, "delta": 0.553002}}
{"target": -52.35304629473788, "params": {"eta": 0.03, "max_depth": 2.5713587566632787, "n_estimators": 19.490316852357683}, "datetime": {"datetime": "2021-09-29 18:28:00", "elapsed": 72.472639, "delta": 0.804994}}
{"target": -45.96095675319496, "params": {"eta": 0.20989840073276728, "max_depth": 2.6749148642830525, "n_estimators": 8.211622774061123}, "datetime": {"datetime": "2021-09-29 18:28:00", "elapsed": 73.398045, "delta": 0.925406}}
{"target": -41.22418844291547, "params": {"eta": 0.04147423774371508, "max_depth": 2.558141772910241, "n_estimators": 33.444664172912525}, "datetime": {"datetime": "2021-09-29 18:28:02", "elapsed": 74.775764, "delta": 1.377719}}
{"target": -54.358692211720694, "params": {"eta": 0.030117436554987245, "max_depth": 3.7056414421924586, "n_estimators": 18.452716195806627}, "datetime": {"datetime": "2021-09-29 18:28:03", "elapsed": 75.562424, "delta": 0.78666}}
{"target": -40.71816170310842, "params": {"eta": 0.14998405063029485, "max_depth": 2.1748870322435057, "n_estimators": 7.930502655954441}, "datetime": {"datetime": "2021-09-29 18:28:03", "elapsed": 76.106425, "delta": 0.544001}}
