{"target": -49.68488286579907, "params": {"eta": 0.08719489023744005, "max_depth": 3.0377364386472423, "n_estimators": 7.881253527162835}, "datetime": {"datetime": "2021-09-29 20:17:11", "elapsed": 271.014942, "delta": 2.410756}}
{"target": -42.46858515491767, "params": {"eta": 0.05884591827823493, "max_depth": 4.2439327393413135, "n_estimators": 19.919516821783496}, "datetime": {"datetime": "2021-09-29 20:17:12", "elapsed": 272.235941, "delta": 1.220999}}
{"target": -42.60463249423374, "params": {"eta": 0.08316311498698231, "max_depth": 4.427423671070954, "n_estimators": 16.448352763641488}, "datetime": {"datetime": "2021-09-29 20:17:13", "elapsed": 273.519898, "delta": 1.283957}}
{"target": -41.04248240956866, "params": {"eta": 0.18453905546948546, "max_depth": 2.858959676918841, "n_estimators": 7.893481254607976}, "datetime": {"datetime": "2021-09-29 20:17:16", "elapsed": 275.902185, "delta": 2.382287}}
{"target": -44.27707300813212, "params": {"eta": 0.10853996435570439, "max_depth": 2.7846256288822877, "n_estimators": 7.979125321550353}, "datetime": {"datetime": "2021-09-29 20:17:19", "elapsed": 278.795761, "delta": 2.893576}}
{"target": -44.27707300813212, "params": {"eta": 0.10590816930007434, "max_depth": 2.9524499128312574, "n_estimators": 7.791267721263723}, "datetime": {"datetime": "2021-09-29 20:17:22", "elapsed": 281.577095, "delta": 2.781334}}
{"target": -41.452314282931766, "params": {"eta": 0.19, "max_depth": 2.3306808457037045, "n_estimators": 7.5245367020925835}, "datetime": {"datetime": "2021-09-29 20:17:25", "elapsed": 284.967994, "delta": 3.390899}}
{"target": -46.40586129194994, "params": {"eta": 0.09526176351288963, "max_depth": 2.361071071343914, "n_estimators": 7.520000934109909}, "datetime": {"datetime": "2021-09-29 20:17:27", "elapsed": 287.526863, "delta": 2.558869}}
{"target": -43.66841244405259, "params": {"eta": 0.18308004790326585, "max_depth": 2.8675826150041885, "n_estimators": 8.098575523011334}, "datetime": {"datetime": "2021-09-29 20:17:31", "elapsed": 290.589951, "delta": 3.063088}}
{"target": -56.663972208221146, "params": {"eta": 0.17504640794441756, "max_depth": 4.291332500434634, "n_estimators": 19.96889386839344}, "datetime": {"datetime": "2021-09-29 20:17:33", "elapsed": 293.302574, "delta": 2.712623}}
{"target": -41.101244999474225, "params": {"eta": 0.10869064336096944, "max_depth": 2.4382587496750996, "n_estimators": 9.996042255708595}, "datetime": {"datetime": "2021-09-29 20:17:34", "elapsed": 294.495574, "delta": 1.193}}
{"target": -40.770264266047015, "params": {"eta": 0.09639405311929627, "max_depth": 2.4825477328704073, "n_estimators": 10.088558611243293}, "datetime": {"datetime": "2021-09-29 20:17:37", "elapsed": 297.230445, "delta": 2.734871}}
{"target": -46.56124877895398, "params": {"eta": 0.1883152098083788, "max_depth": 2.559708832884426, "n_estimators": 10.023082706650552}, "datetime": {"datetime": "2021-09-29 20:17:40", "elapsed": 300.351957, "delta": 3.121512}}
{"target": -40.770264266047015, "params": {"eta": 0.09825211645292903, "max_depth": 2.34493145638273, "n_estimators": 10.082806335530535}, "datetime": {"datetime": "2021-09-29 20:17:43", "elapsed": 303.488429, "delta": 3.136472}}
{"target": -43.9132536094303, "params": {"eta": 0.07845893453303421, "max_depth": 2.4076313507585847, "n_estimators": 10.194498323962339}, "datetime": {"datetime": "2021-09-29 20:17:47", "elapsed": 306.735939, "delta": 3.24751}}
{"target": -61.99669169575775, "params": {"eta": 0.03616821917356953, "max_depth": 2.397424087432793, "n_estimators": 10.009457863057238}, "datetime": {"datetime": "2021-09-29 20:17:51", "elapsed": 311.484361, "delta": 4.748422}}
{"target": -44.70786119017649, "params": {"eta": 0.16042353959023123, "max_depth": 2.293956580872234, "n_estimators": 10.1309068873347}, "datetime": {"datetime": "2021-09-29 20:17:54", "elapsed": 314.043317, "delta": 2.558956}}
{"target": -45.27341164428399, "params": {"eta": 0.18911046315638919, "max_depth": 2.4433931580960713, "n_estimators": 9.924572356220853}, "datetime": {"datetime": "2021-09-29 20:17:57", "elapsed": 317.16955, "delta": 3.126233}}
{"target": -42.03237998119388, "params": {"eta": 0.1334749612164602, "max_depth": 2.515904002379708, "n_estimators": 10.22544062586454}, "datetime": {"datetime": "2021-09-29 20:18:00", "elapsed": 320.240958, "delta": 3.071408}}
{"target": -40.82585378729555, "params": {"eta": 0.12267487977377897, "max_depth": 2.3917537720164486, "n_estimators": 10.13294079779397}, "datetime": {"datetime": "2021-09-29 20:18:03", "elapsed": 323.510832, "delta": 3.269874}}
{"target": -43.98520380340141, "params": {"eta": 0.18897666921966835, "max_depth": 3.1062992931292817, "n_estimators": 7.762209223179422}, "datetime": {"datetime": "2021-09-29 20:18:08", "elapsed": 328.037128, "delta": 4.526296}}
{"target": -42.15608270200745, "params": {"eta": 0.1417933606672051, "max_depth": 2.3812979178167795, "n_estimators": 10.035005638872814}, "datetime": {"datetime": "2021-09-29 20:18:12", "elapsed": 331.844575, "delta": 3.807447}}
{"target": -40.82585378729555, "params": {"eta": 0.12448879390023505, "max_depth": 2.60119559711944, "n_estimators": 10.16953370853939}, "datetime": {"datetime": "2021-09-29 20:18:16", "elapsed": 336.261756, "delta": 4.417181}}
{"target": -45.723578583795266, "params": {"eta": 0.18391767003864962, "max_depth": 2.6936947226311743, "n_estimators": 10.182988977122957}, "datetime": {"datetime": "2021-09-29 20:18:19", "elapsed": 339.399594, "delta": 3.137838}}
{"target": -47.260725194755985, "params": {"eta": 0.05387389671380369, "max_depth": 4.2711571622633375, "n_estimators": 15.1681985856117}, "datetime": {"datetime": "2021-09-29 20:18:21", "elapsed": 341.307883, "delta": 1.908289}}
{"target": -41.452314282931766, "params": {"eta": 0.19, "max_depth": 2.591228223516879, "n_estimators": 7.581569786873645}, "datetime": {"datetime": "2021-09-29 20:18:26", "elapsed": 345.839591, "delta": 4.531708}}
{"target": -41.84515987066417, "params": {"eta": 0.1341292656919914, "max_depth": 2.028410123634793, "n_estimators": 7.959114286737799}, "datetime": {"datetime": "2021-09-29 20:18:30", "elapsed": 349.970011, "delta": 4.13042}}
{"target": -40.82585378729555, "params": {"eta": 0.11666327472957505, "max_depth": 2.589650666524524, "n_estimators": 10.314295431516223}, "datetime": {"datetime": "2021-09-29 20:18:34", "elapsed": 353.92003, "delta": 3.950019}}
{"target": -41.452314282931766, "params": {"eta": 0.18641880739445102, "max_depth": 2.5026202231986723, "n_estimators": 7.649790367808155}, "datetime": {"datetime": "2021-09-29 20:18:38", "elapsed": 357.821044, "delta": 3.901014}}
{"target": -42.904155467190925, "params": {"eta": 0.05322743107731522, "max_depth": 4.42107528512042, "n_estimators": 24.517680786557843}, "datetime": {"datetime": "2021-09-29 20:18:39", "elapsed": 359.563045, "delta": 1.742001}}
{"target": -40.82585378729555, "params": {"eta": 0.12127145973521614, "max_depth": 2.5357882071581255, "n_estimators": 10.391049288613571}, "datetime": {"datetime": "2021-09-29 20:18:43", "elapsed": 362.961387, "delta": 3.398342}}
{"target": -45.723578583795266, "params": {"eta": 0.18449730880281268, "max_depth": 2.4822878753470983, "n_estimators": 10.148130086587567}, "datetime": {"datetime": "2021-09-29 20:18:46", "elapsed": 366.020611, "delta": 3.059224}}
{"target": -44.70786119017649, "params": {"eta": 0.1645433079922868, "max_depth": 2.4548875663849183, "n_estimators": 10.373532206262047}, "datetime": {"datetime": "2021-09-29 20:18:49", "elapsed": 369.476197, "delta": 3.455586}}
{"target": -43.9132536094303, "params": {"eta": 0.08301623838724961, "max_depth": 2.65517401386698, "n_estimators": 10.097032383666457}, "datetime": {"datetime": "2021-09-29 20:18:55", "elapsed": 375.164016, "delta": 5.687819}}
{"target": -40.71816170310842, "params": {"eta": 0.15146279869960272, "max_depth": 2.2195907719769785, "n_estimators": 7.4507482321114775}, "datetime": {"datetime": "2021-09-29 20:18:59", "elapsed": 378.68164, "delta": 3.517624}}
{"target": -41.04248240956866, "params": {"eta": 0.17839746523858654, "max_depth": 2.312367040720402, "n_estimators": 7.414287509854947}, "datetime": {"datetime": "2021-09-29 20:19:04", "elapsed": 384.104756, "delta": 5.423116}}
{"target": -46.64287778888222, "params": {"eta": 0.06586995848877858, "max_depth": 2.6601144079491497, "n_estimators": 10.234918181666291}, "datetime": {"datetime": "2021-09-29 20:19:09", "elapsed": 388.739651, "delta": 4.634895}}
{"target": -61.99669169575775, "params": {"eta": 0.04496141489919533, "max_depth": 2.5139862758601637, "n_estimators": 10.319524110313536}, "datetime": {"datetime": "2021-09-29 20:19:13", "elapsed": 393.005237, "delta": 4.265586}}
{"target": -45.723578583795266, "params": {"eta": 0.1820607861044077, "max_depth": 2.5997271221986384, "n_estimators": 10.498960690750424}, "datetime": {"datetime": "2021-09-29 20:19:17", "elapsed": 397.059451, "delta": 4.054214}}
{"target": -43.71533850458377, "params": {"eta": 0.07211664169335474, "max_depth": 4.561690621646438, "n_estimators": 21.135799238917915}, "datetime": {"datetime": "2021-09-29 20:19:19", "elapsed": 398.959636, "delta": 1.900185}}
{"target": -42.03237998119388, "params": {"eta": 0.12901036010173098, "max_depth": 2.682491942769373, "n_estimators": 10.385694930851358}, "datetime": {"datetime": "2021-09-29 20:19:23", "elapsed": 403.078413, "delta": 4.118777}}
{"target": -43.42595437056457, "params": {"eta": 0.07461384567026813, "max_depth": 2.6467903518692446, "n_estimators": 22.416156104336213}, "datetime": {"datetime": "2021-09-29 20:19:26", "elapsed": 405.767056, "delta": 2.688643}}
{"target": -55.97860549953754, "params": {"eta": 0.125674923424819, "max_depth": 2.1320506094385485, "n_estimators": 35.1496312789132}, "datetime": {"datetime": "2021-09-29 20:19:28", "elapsed": 408.067803, "delta": 2.300747}}
{"target": -41.452314282931766, "params": {"eta": 0.19, "max_depth": 2.151633287485133, "n_estimators": 7.536898345851574}, "datetime": {"datetime": "2021-09-29 20:19:34", "elapsed": 414.05711, "delta": 5.989307}}
{"target": -46.56124877895398, "params": {"eta": 0.18964896975272738, "max_depth": 2.636635553861913, "n_estimators": 10.404888355793055}, "datetime": {"datetime": "2021-09-29 20:19:39", "elapsed": 419.338295, "delta": 5.281185}}
{"target": -44.27707300813212, "params": {"eta": 0.113078613487756, "max_depth": 2.0999763185175455, "n_estimators": 7.421116166992734}, "datetime": {"datetime": "2021-09-29 20:19:44", "elapsed": 423.664911, "delta": 4.326616}}
{"target": -41.04248240956866, "params": {"eta": 0.1845341050636714, "max_depth": 2.7117291635106344, "n_estimators": 7.626576464376507}, "datetime": {"datetime": "2021-09-29 20:19:46", "elapsed": 425.778156, "delta": 2.113245}}
{"target": -40.71816170310842, "params": {"eta": 0.15074433270609106, "max_depth": 2.2484423717271778, "n_estimators": 7.326149360849494}, "datetime": {"datetime": "2021-09-29 20:19:50", "elapsed": 429.726351, "delta": 3.948195}}
{"target": -60.36332885560205, "params": {"eta": 0.057220388458045, "max_depth": 2.287260049056644, "n_estimators": 7.398147229236697}, "datetime": {"datetime": "2021-09-29 20:19:54", "elapsed": 434.290471, "delta": 4.56412}}
{"target": -40.66923915221321, "params": {"eta": 0.16946885283871746, "max_depth": 2.248068571560582, "n_estimators": 7.217071455808684}, "datetime": {"datetime": "2021-09-29 20:19:59", "elapsed": 439.364321, "delta": 5.07385}}
{"target": -55.09632221190019, "params": {"eta": 0.08984442699750075, "max_depth": 3.091330896526472, "n_estimators": 37.721566305428865}, "datetime": {"datetime": "2021-09-29 20:20:02", "elapsed": 441.993431, "delta": 2.62911}}
{"target": -41.452314282931766, "params": {"eta": 0.1894600279429889, "max_depth": 2.1024513261490365, "n_estimators": 7.272381209062792}, "datetime": {"datetime": "2021-09-29 20:20:07", "elapsed": 447.034112, "delta": 5.040681}}
{"target": -40.71816170310842, "params": {"eta": 0.14797102322683814, "max_depth": 2.1844946449108553, "n_estimators": 7.224456033419579}, "datetime": {"datetime": "2021-09-29 20:20:14", "elapsed": 454.155633, "delta": 7.121521}}
{"target": -41.452314282931766, "params": {"eta": 0.19, "max_depth": 2.897933536031975, "n_estimators": 7.751291181859164}, "datetime": {"datetime": "2021-09-29 20:20:19", "elapsed": 459.192777, "delta": 5.037144}}
{"target": -54.78498815293945, "params": {"eta": 0.13290777032226206, "max_depth": 2.861007569130237, "n_estimators": 28.570305632144294}, "datetime": {"datetime": "2021-09-29 20:20:21", "elapsed": 461.434357, "delta": 2.24158}}
{"target": -41.452314282931766, "params": {"eta": 0.18791907174912256, "max_depth": 2.112869732904042, "n_estimators": 7.167452404388304}, "datetime": {"datetime": "2021-09-29 20:20:26", "elapsed": 466.034162, "delta": 4.599805}}
{"target": -44.27707300813212, "params": {"eta": 0.10880905807805026, "max_depth": 2.060733503855936, "n_estimators": 7.2263736767863325}, "datetime": {"datetime": "2021-09-29 20:20:30", "elapsed": 470.483313, "delta": 4.449151}}
{"target": -41.84515987066417, "params": {"eta": 0.1317827463827773, "max_depth": 2.1712915600336755, "n_estimators": 7.102849359112395}, "datetime": {"datetime": "2021-09-29 20:20:36", "elapsed": 476.017235, "delta": 5.533922}}
{"target": -44.77287566218953, "params": {"eta": 0.1735059240652359, "max_depth": 2.5470758371272355, "n_estimators": 10.355310464862471}, "datetime": {"datetime": "2021-09-29 20:20:41", "elapsed": 481.116972, "delta": 5.099737}}
{"target": -42.79437556374647, "params": {"eta": 0.031460983502760144, "max_depth": 2.691678164998533, "n_estimators": 29.644568138006598}, "datetime": {"datetime": "2021-09-29 20:20:43", "elapsed": 483.308076, "delta": 2.191104}}
{"target": -70.93363228870608, "params": {"eta": 0.04186228850831137, "max_depth": 2.2497612941153506, "n_estimators": 7.144064224285236}, "datetime": {"datetime": "2021-09-29 20:20:48", "elapsed": 487.70122, "delta": 4.393144}}
{"target": -56.005510502755385, "params": {"eta": 0.07003999035426826, "max_depth": 2.0937099793689273, "n_estimators": 7.949995652260732}, "datetime": {"datetime": "2021-09-29 20:20:52", "elapsed": 492.091043, "delta": 4.389823}}
{"target": -41.04248240956866, "params": {"eta": 0.1784797223629499, "max_depth": 2.3225272561626715, "n_estimators": 7.284962857648517}, "datetime": {"datetime": "2021-09-29 20:20:57", "elapsed": 497.076909, "delta": 4.985866}}
{"target": -56.566510069768036, "params": {"eta": 0.16688396175082237, "max_depth": 3.2737945752557955, "n_estimators": 20.409866560536948}, "datetime": {"datetime": "2021-09-29 20:20:59", "elapsed": 499.093681, "delta": 2.016772}}
{"target": -40.7175128621085, "params": {"eta": 0.16427155561804027, "max_depth": 2.010854143855084, "n_estimators": 7.868054516849912}, "datetime": {"datetime": "2021-09-29 20:21:04", "elapsed": 504.223133, "delta": 5.129452}}
{"target": -40.71816170310842, "params": {"eta": 0.15045287928982218, "max_depth": 2.098639809319733, "n_estimators": 7.06245904137561}, "datetime": {"datetime": "2021-09-29 20:21:09", "elapsed": 508.890222, "delta": 4.667089}}
{"target": -41.04248240956866, "params": {"eta": 0.1847127769757424, "max_depth": 2.1684015313791827, "n_estimators": 7.3398126631233085}, "datetime": {"datetime": "2021-09-29 20:21:16", "elapsed": 516.114349, "delta": 7.224127}}
{"target": -43.9132536094303, "params": {"eta": 0.08142472848587026, "max_depth": 2.4715535773088257, "n_estimators": 10.495494622800727}, "datetime": {"datetime": "2021-09-29 20:21:21", "elapsed": 521.092551, "delta": 4.978202}}
{"target": -46.64287778888222, "params": {"eta": 0.07221086728235963, "max_depth": 2.6111685396856625, "n_estimators": 10.448215396581226}, "datetime": {"datetime": "2021-09-29 20:21:26", "elapsed": 526.182236, "delta": 5.089685}}
{"target": -56.005510502755385, "params": {"eta": 0.0729572712032224, "max_depth": 2.153250025684675, "n_estimators": 7.537438161098976}, "datetime": {"datetime": "2021-09-29 20:21:30", "elapsed": 530.052264, "delta": 3.870028}}
{"target": -47.103506687809634, "params": {"eta": 0.03595275732832688, "max_depth": 4.222719122344865, "n_estimators": 19.827745364689992}, "datetime": {"datetime": "2021-09-29 20:21:36", "elapsed": 535.651712, "delta": 5.599448}}
{"target": -41.452314282931766, "params": {"eta": 0.19, "max_depth": 2.9660214951847927, "n_estimators": 7.9296366024361}, "datetime": {"datetime": "2021-09-29 20:21:40", "elapsed": 540.453022, "delta": 4.80131}}
{"target": -41.452314282931766, "params": {"eta": 0.18931108579509018, "max_depth": 2.0257542281786023, "n_estimators": 7.788526722710104}, "datetime": {"datetime": "2021-09-29 20:21:45", "elapsed": 544.672275, "delta": 4.219253}}
{"target": -41.04248240956866, "params": {"eta": 0.18331031233983114, "max_depth": 2.53240008721194, "n_estimators": 7.443689718666763}, "datetime": {"datetime": "2021-09-29 20:21:49", "elapsed": 549.218437, "delta": 4.546162}}
{"target": -41.84515987066417, "params": {"eta": 0.13018153540375568, "max_depth": 2.6429032864935076, "n_estimators": 7.4348412682926455}, "datetime": {"datetime": "2021-09-29 20:21:53", "elapsed": 553.35677, "delta": 4.138333}}
{"target": -46.40586129194994, "params": {"eta": 0.1032364000826806, "max_depth": 2.540301550985884, "n_estimators": 7.336468737593884}, "datetime": {"datetime": "2021-09-29 20:21:59", "elapsed": 558.724603, "delta": 5.367833}}
{"target": -53.33276608103804, "params": {"eta": 0.16634665905676252, "max_depth": 3.935854765780106, "n_estimators": 15.813642424376543}, "datetime": {"datetime": "2021-09-29 20:22:01", "elapsed": 560.845876, "delta": 2.121273}}
{"target": -52.058720843327265, "params": {"eta": 0.07728679767623037, "max_depth": 2.563377039346502, "n_estimators": 7.501054098870183}, "datetime": {"datetime": "2021-09-29 20:22:05", "elapsed": 564.685918, "delta": 3.840042}}
{"target": -42.800625361461584, "params": {"eta": 0.11596197878028332, "max_depth": 2.9031991577001808, "n_estimators": 7.912906280785363}, "datetime": {"datetime": "2021-09-29 20:22:10", "elapsed": 570.357766, "delta": 5.671848}}
{"target": -43.39501038054728, "params": {"eta": 0.05746553493756633, "max_depth": 4.994803325443538, "n_estimators": 16.60124500699297}, "datetime": {"datetime": "2021-09-29 20:22:12", "elapsed": 572.480638, "delta": 2.122872}}
{"target": -43.66841244405259, "params": {"eta": 0.17614462035024797, "max_depth": 2.0046660456460375, "n_estimators": 8.073873934237874}, "datetime": {"datetime": "2021-09-29 20:22:19", "elapsed": 579.135468, "delta": 6.65483}}
{"target": -45.723578583795266, "params": {"eta": 0.18020111854398985, "max_depth": 2.5934425069659675, "n_estimators": 10.253685363028183}, "datetime": {"datetime": "2021-09-29 20:22:25", "elapsed": 585.32209, "delta": 6.186622}}
{"target": -41.04248240956866, "params": {"eta": 0.18362049553030757, "max_depth": 2.683599551335194, "n_estimators": 7.48184238059505}, "datetime": {"datetime": "2021-09-29 20:22:32", "elapsed": 591.754939, "delta": 6.432849}}
{"target": -40.66923915221321, "params": {"eta": 0.16764612271661603, "max_depth": 2.678611015782261, "n_estimators": 7.347268243196934}, "datetime": {"datetime": "2021-09-29 20:22:38", "elapsed": 597.758739, "delta": 6.0038}}
{"target": -43.399268193305566, "params": {"eta": 0.0637101129598946, "max_depth": 4.311992124776357, "n_estimators": 24.492159031609535}, "datetime": {"datetime": "2021-09-29 20:22:40", "elapsed": 599.814166, "delta": 2.055427}}
{"target": -48.833868518055375, "params": {"eta": 0.07740416428245445, "max_depth": 2.9243847674601895, "n_estimators": 8.064457726697887}, "datetime": {"datetime": "2021-09-29 20:22:44", "elapsed": 603.753089, "delta": 3.938923}}
{"target": -43.43745643152848, "params": {"eta": 0.18568914436334585, "max_depth": 3.434034734299357, "n_estimators": 6.156168011625638}, "datetime": {"datetime": "2021-09-29 20:22:46", "elapsed": 605.835821, "delta": 2.082732}}
{"target": -41.04248240956866, "params": {"eta": 0.1805988385179912, "max_depth": 2.047152388527348, "n_estimators": 7.359103444627241}, "datetime": {"datetime": "2021-09-29 20:22:50", "elapsed": 609.964023, "delta": 4.128202}}
{"target": -41.452314282931766, "params": {"eta": 0.18974505994601537, "max_depth": 2.4584552381554943, "n_estimators": 7.5416416817517735}, "datetime": {"datetime": "2021-09-29 20:22:57", "elapsed": 616.864133, "delta": 6.90011}}
{"target": -40.66923915221321, "params": {"eta": 0.17430441708789807, "max_depth": 2.135554120113108, "n_estimators": 7.760918654889626}, "datetime": {"datetime": "2021-09-29 20:23:03", "elapsed": 622.857441, "delta": 5.993308}}
{"target": -40.7175128621085, "params": {"eta": 0.1629605180489073, "max_depth": 2.8124093269446613, "n_estimators": 7.317553152117194}, "datetime": {"datetime": "2021-09-29 20:23:08", "elapsed": 628.311713, "delta": 5.454272}}
{"target": -41.04248240956866, "params": {"eta": 0.17716883319582966, "max_depth": 2.808978638606484, "n_estimators": 7.4512661830076965}, "datetime": {"datetime": "2021-09-29 20:23:12", "elapsed": 632.498649, "delta": 4.186936}}
{"target": -44.27707300813212, "params": {"eta": 0.11179116298758751, "max_depth": 2.7534315437358905, "n_estimators": 7.385450392669182}, "datetime": {"datetime": "2021-09-29 20:23:17", "elapsed": 637.247296, "delta": 4.748647}}
{"target": -40.66923915221321, "params": {"eta": 0.16529557688945967, "max_depth": 2.6964490208982745, "n_estimators": 7.228730810445899}, "datetime": {"datetime": "2021-09-29 20:23:23", "elapsed": 643.537317, "delta": 6.290021}}
{"target": -40.7175128621085, "params": {"eta": 0.15847177888297603, "max_depth": 2.8810222069766405, "n_estimators": 7.212910004731418}, "datetime": {"datetime": "2021-09-29 20:23:28", "elapsed": 648.064184, "delta": 4.526867}}
{"target": -44.27707300813212, "params": {"eta": 0.112257095316922, "max_depth": 2.9428723112011896, "n_estimators": 7.299834983226033}, "datetime": {"datetime": "2021-09-29 20:23:32", "elapsed": 652.375612, "delta": 4.311428}}
