{"target": -44.47996371612346, "params": {"eta": 0.1011095045666428, "max_depth": 5.643956009045628, "n_estimators": 10.679350594763386}, "datetime": {"datetime": "2021-09-29 17:14:01", "elapsed": 769.739041, "delta": 4.314798}}
{"target": -64.81998694521423, "params": {"eta": 0.8644921298872332, "max_depth": 18.863293352810782, "n_estimators": 69.00976999469582}, "datetime": {"datetime": "2021-09-29 17:14:04", "elapsed": 772.717901, "delta": 2.97886}}
{"target": -65.72994976347603, "params": {"eta": 0.42357686010538736, "max_depth": 10.927119555535093, "n_estimators": 36.50573050644316}, "datetime": {"datetime": "2021-09-29 17:14:07", "elapsed": 775.879247, "delta": 3.161346}}
{"target": -44.92122275666517, "params": {"eta": 0.15995524050116275, "max_depth": 22.34969974356331, "n_estimators": 7.528475890740919}, "datetime": {"datetime": "2021-09-29 17:14:12", "elapsed": 780.874786, "delta": 4.995539}}
{"target": -49.927439561112344, "params": {"eta": 0.5721525184728923, "max_depth": 10.400583937091664, "n_estimators": 1.594542478822968}, "datetime": {"datetime": "2021-09-29 17:14:17", "elapsed": 785.482411, "delta": 4.607625}}
{"target": -52.90850497943308, "params": {"eta": 0.39023317533218677, "max_depth": 25.71644163301851, "n_estimators": 4.152992024949885}, "datetime": {"datetime": "2021-09-29 17:14:21", "elapsed": 789.764763, "delta": 4.282352}}
{"target": -59.006267943433585, "params": {"eta": 0.268202632157981, "max_depth": 9.059412558817938, "n_estimators": 58.28358091725252}, "datetime": {"datetime": "2021-09-29 17:14:24", "elapsed": 792.938635, "delta": 3.173872}}
{"target": -63.89962704188462, "params": {"eta": 0.19019601238690653, "max_depth": 10.820848412471554, "n_estimators": 40.09379036174352}, "datetime": {"datetime": "2021-09-29 17:14:28", "elapsed": 796.109319, "delta": 3.170684}}
{"target": -64.36175821913605, "params": {"eta": 0.8882240636974637, "max_depth": 24.897494644704192, "n_estimators": 12.066482781658674}, "datetime": {"datetime": "2021-09-29 17:14:31", "elapsed": 799.305025, "delta": 3.195706}}
{"target": -63.91941309294339, "params": {"eta": 0.17655420183641068, "max_depth": 8.824820048189814, "n_estimators": 54.75883666764066}, "datetime": {"datetime": "2021-09-29 17:14:34", "elapsed": 802.277039, "delta": 2.972014}}
{"target": -60.88844397732126, "params": {"eta": 0.1361425321182836, "max_depth": 12.24408732399209, "n_estimators": 67.73460599989792}, "datetime": {"datetime": "2021-09-29 17:14:37", "elapsed": 805.985123, "delta": 3.708084}}
{"target": -65.0051752473088, "params": {"eta": 0.6109109132810387, "max_depth": 7.932799162846933, "n_estimators": 20.35847855718327}, "datetime": {"datetime": "2021-09-29 17:14:41", "elapsed": 809.210848, "delta": 3.225725}}
{"target": -45.81283612144821, "params": {"eta": 0.13918706077996487, "max_depth": 5.791508472981721, "n_estimators": 10.591810313978005}, "datetime": {"datetime": "2021-09-29 17:14:46", "elapsed": 814.491546, "delta": 5.280698}}
{"target": -49.971098685080676, "params": {"eta": 0.2066084260633619, "max_depth": 4.903489450882269, "n_estimators": 10.69500749332665}, "datetime": {"datetime": "2021-09-29 17:14:51", "elapsed": 819.766305, "delta": 5.274759}}
{"target": -53.17415189011513, "params": {"eta": 0.042220227939684, "max_depth": 24.027925485557315, "n_estimators": 16.303363638202477}, "datetime": {"datetime": "2021-09-29 17:14:55", "elapsed": 823.236017, "delta": 3.469712}}
{"target": -69.11548273854568, "params": {"eta": 0.824075378948488, "max_depth": 23.24731157524551, "n_estimators": 87.64223136260753}, "datetime": {"datetime": "2021-09-29 17:14:58", "elapsed": 826.247322, "delta": 3.011305}}
{"target": -53.9275508459386, "params": {"eta": 0.18937060836129913, "max_depth": 26.578188648186476, "n_estimators": 3.443149834832848}, "datetime": {"datetime": "2021-09-29 17:15:01", "elapsed": 829.49254, "delta": 3.245218}}
{"target": -47.69588918611397, "params": {"eta": 0.06787523043370698, "max_depth": 5.872961942284876, "n_estimators": 11.0750318338943}, "datetime": {"datetime": "2021-09-29 17:15:07", "elapsed": 835.263675, "delta": 5.771135}}
{"target": -52.1274903013913, "params": {"eta": 0.21727060529971284, "max_depth": 22.213271266653575, "n_estimators": 7.6381307429180545}, "datetime": {"datetime": "2021-09-29 17:15:11", "elapsed": 839.802295, "delta": 4.53862}}
{"target": -61.35446050437285, "params": {"eta": 0.29270978176035795, "max_depth": 17.48967384284136, "n_estimators": 86.94576755995843}, "datetime": {"datetime": "2021-09-29 17:15:15", "elapsed": 843.91984, "delta": 4.117545}}
{"target": -48.32780438847751, "params": {"eta": 0.20918781103117504, "max_depth": 25.86594713079406, "n_estimators": 4.191521246880816}, "datetime": {"datetime": "2021-09-29 17:15:21", "elapsed": 849.290808, "delta": 5.370968}}
{"target": -43.5079584023641, "params": {"eta": 0.15909137433207313, "max_depth": 4.436855404392677, "n_estimators": 9.966215388518888}, "datetime": {"datetime": "2021-09-29 17:15:26", "elapsed": 854.692935, "delta": 5.402127}}
{"target": -44.47996371612346, "params": {"eta": 0.10083473001959764, "max_depth": 5.646013321452964, "n_estimators": 10.83117572867533}, "datetime": {"datetime": "2021-09-29 17:15:31", "elapsed": 859.406757, "delta": 4.713822}}
{"target": -62.8474726992198, "params": {"eta": 0.45856261928497705, "max_depth": 20.3348499801996, "n_estimators": 52.38432987713487}, "datetime": {"datetime": "2021-09-29 17:15:35", "elapsed": 863.34477, "delta": 3.938013}}
{"target": -57.88982143290979, "params": {"eta": 0.050717366864999905, "max_depth": 5.654981084816527, "n_estimators": 10.623334950494487}, "datetime": {"datetime": "2021-09-29 17:15:40", "elapsed": 868.621585, "delta": 5.276815}}
{"target": -56.80749117857646, "params": {"eta": 0.16818164870574545, "max_depth": 12.559765955085629, "n_estimators": 54.2291740862869}, "datetime": {"datetime": "2021-09-29 17:15:44", "elapsed": 873.006182, "delta": 4.384597}}
{"target": -59.39574704741361, "params": {"eta": 0.20219322985211768, "max_depth": 6.927564071316252, "n_estimators": 30.533639634744866}, "datetime": {"datetime": "2021-09-29 17:15:52", "elapsed": 880.426575, "delta": 7.420393}}
{"target": -47.653997225091864, "params": {"eta": 0.7539047890644422, "max_depth": 10.720871800560442, "n_estimators": 1.8364302285579166}, "datetime": {"datetime": "2021-09-29 17:15:57", "elapsed": 885.690045, "delta": 5.26347}}
{"target": -71.25406260388134, "params": {"eta": 0.03338229474567268, "max_depth": 5.796742577475508, "n_estimators": 10.43265580293937}, "datetime": {"datetime": "2021-09-29 17:16:05", "elapsed": 893.705393, "delta": 8.015348}}
{"target": -61.80866943681252, "params": {"eta": 0.17540460146672407, "max_depth": 14.039460701611723, "n_estimators": 47.11802157900825}, "datetime": {"datetime": "2021-09-29 17:16:09", "elapsed": 897.508703, "delta": 3.80331}}
{"target": -60.964006450584876, "params": {"eta": 0.06701931424924781, "max_depth": 19.915990605721767, "n_estimators": 66.93341066357594}, "datetime": {"datetime": "2021-09-29 17:16:14", "elapsed": 902.569403, "delta": 5.0607}}
{"target": -46.533149846666035, "params": {"eta": 0.16624477354376402, "max_depth": 5.6305996226186386, "n_estimators": 9.92170809291264}, "datetime": {"datetime": "2021-09-29 17:16:21", "elapsed": 909.9679, "delta": 7.398497}}
{"target": -67.51617142385207, "params": {"eta": 0.9068845820152004, "max_depth": 16.728120455761193, "n_estimators": 44.36506217775333}, "datetime": {"datetime": "2021-09-29 17:16:25", "elapsed": 913.347815, "delta": 3.379915}}
{"target": -48.57825850973232, "params": {"eta": 0.7934794924240601, "max_depth": 10.583969736918881, "n_estimators": 1.8227039434683052}, "datetime": {"datetime": "2021-09-29 17:16:32", "elapsed": 920.627547, "delta": 7.279732}}
{"target": -63.93380787689949, "params": {"eta": 0.8916664089469429, "max_depth": 16.50622384986725, "n_estimators": 43.669070313078095}, "datetime": {"datetime": "2021-09-29 17:16:36", "elapsed": 924.198882, "delta": 3.571335}}
{"target": -47.50286527422574, "params": {"eta": 0.7442042661444445, "max_depth": 10.844378590850877, "n_estimators": 1.7709079405950727}, "datetime": {"datetime": "2021-09-29 17:16:44", "elapsed": 932.256006, "delta": 8.057124}}
{"target": -51.51937661882952, "params": {"eta": 0.24668484360453063, "max_depth": 4.510461905683062, "n_estimators": 9.982657554434523}, "datetime": {"datetime": "2021-09-29 17:16:51", "elapsed": 939.366747, "delta": 7.110741}}
{"target": -61.50274751874728, "params": {"eta": 0.5499143582448099, "max_depth": 13.617881753857144, "n_estimators": 41.00274030274599}, "datetime": {"datetime": "2021-09-29 17:16:54", "elapsed": 942.938409, "delta": 3.571662}}
{"target": -99.5541557870435, "params": {"eta": 0.0018753449744387182, "max_depth": 13.921760114285766, "n_estimators": 58.641202621606695}, "datetime": {"datetime": "2021-09-29 17:17:01", "elapsed": 949.769693, "delta": 6.831284}}
{"target": -52.275781144213575, "params": {"eta": 0.06235117719849379, "max_depth": 16.329618491652184, "n_estimators": 44.52158834365379}, "datetime": {"datetime": "2021-09-29 17:17:09", "elapsed": 957.385125, "delta": 7.615432}}
{"target": -73.29997112440921, "params": {"eta": 0.0260824195563316, "max_depth": 4.647863126681026, "n_estimators": 9.95820604192865}, "datetime": {"datetime": "2021-09-29 17:17:14", "elapsed": 962.143186, "delta": 4.758061}}
{"target": -58.78125562514239, "params": {"eta": 0.41760498269787144, "max_depth": 21.889410309822583, "n_estimators": 1.009035610570246}, "datetime": {"datetime": "2021-09-29 17:22:26", "elapsed": 0.0, "delta": 0.0}}
{"target": -50.16483787657988, "params": {"eta": 0.3030302400592079, "max_depth": 5.255920833696278, "n_estimators": 8.294748986735026}, "datetime": {"datetime": "2021-09-29 17:22:26", "elapsed": 0.044001, "delta": 0.044001}}
{"target": -63.33562651726763, "params": {"eta": 0.18707395116629325, "max_depth": 11.021261084248385, "n_estimators": 32.344630464222924}, "datetime": {"datetime": "2021-09-29 17:22:27", "elapsed": 0.330003, "delta": 0.286002}}
{"target": -65.57848850557147, "params": {"eta": 0.5392779172693536, "max_depth": 13.15664091769555, "n_estimators": 55.132340531344}, "datetime": {"datetime": "2021-09-29 17:22:28", "elapsed": 1.719059, "delta": 1.389056}}
{"target": -52.3353826440791, "params": {"eta": 0.20524779748178593, "max_depth": 26.465405655337417, "n_estimators": 3.1636198626361667}, "datetime": {"datetime": "2021-09-29 17:22:28", "elapsed": 1.756059, "delta": 0.037}}
{"target": -72.78913572038705, "params": {"eta": 0.6707970426682238, "max_depth": 13.101839268646682, "n_estimators": 45.136496447214384}, "datetime": {"datetime": "2021-09-29 17:22:28", "elapsed": 2.004059, "delta": 0.248}}
{"target": -46.16055802341971, "params": {"eta": 0.10954165297860663, "max_depth": 1.082281634493728, "n_estimators": 15.634536054907148}, "datetime": {"datetime": "2021-09-29 17:22:29", "elapsed": 2.340056, "delta": 0.335997}}
{"target": -66.02122114188433, "params": {"eta": 0.5327656223970999, "max_depth": 23.834136255284623, "n_estimators": 14.817082207679086}, "datetime": {"datetime": "2021-09-29 17:22:29", "elapsed": 2.581058, "delta": 0.241002}}
{"target": -62.15563936427224, "params": {"eta": 0.8344244158066447, "max_depth": 7.36879503004405, "n_estimators": 16.98626728402008}, "datetime": {"datetime": "2021-09-29 17:22:29", "elapsed": 3.090055, "delta": 0.508997}}
{"target": -54.82804277679407, "params": {"eta": 0.8239841213519772, "max_depth": 1.1089268546613087, "n_estimators": 11.387969678400593}, "datetime": {"datetime": "2021-09-29 17:22:30", "elapsed": 3.433057, "delta": 0.343002}}
{"target": -55.5275436851821, "params": {"eta": 0.3064775109123913, "max_depth": 1.0815978443431047, "n_estimators": 18.637719099256636}, "datetime": {"datetime": "2021-09-29 17:22:30", "elapsed": 4.085668, "delta": 0.652611}}
{"target": -99.5541557870435, "params": {"eta": 0.001, "max_depth": 3.2258104908553666, "n_estimators": 14.277920327670413}, "datetime": {"datetime": "2021-09-29 17:22:31", "elapsed": 4.739668, "delta": 0.654}}
{"target": -72.12773696431599, "params": {"eta": 0.9554901299656542, "max_depth": 20.258071059419382, "n_estimators": 38.18693055440541}, "datetime": {"datetime": "2021-09-29 17:22:31", "elapsed": 5.050664, "delta": 0.310996}}
{"target": -62.52556875640975, "params": {"eta": 0.4892439901519784, "max_depth": 25.394181538235944, "n_estimators": 78.3464066308016}, "datetime": {"datetime": "2021-09-29 17:22:32", "elapsed": 5.533258, "delta": 0.482594}}
{"target": -61.28099235923842, "params": {"eta": 0.32315028667741663, "max_depth": 23.142528014542, "n_estimators": 68.69997158056836}, "datetime": {"datetime": "2021-09-29 17:22:32", "elapsed": 6.105954, "delta": 0.572696}}
{"target": -64.049319233013, "params": {"eta": 0.8550924260087542, "max_depth": 21.86120959964625, "n_estimators": 73.04570296518526}, "datetime": {"datetime": "2021-09-29 17:22:34", "elapsed": 7.281954, "delta": 1.176}}
{"target": -66.41985579778503, "params": {"eta": 0.6774344147413909, "max_depth": 16.889420238408437, "n_estimators": 31.273524203957678}, "datetime": {"datetime": "2021-09-29 17:22:34", "elapsed": 7.629177, "delta": 0.347223}}
{"target": -59.567274307173626, "params": {"eta": 0.14161534490208225, "max_depth": 5.042007150050051, "n_estimators": 26.02975263624593}, "datetime": {"datetime": "2021-09-29 17:22:34", "elapsed": 7.838176, "delta": 0.208999}}
{"target": -48.71253625100736, "params": {"eta": 0.2747264672164537, "max_depth": 23.166103710945425, "n_estimators": 6.282773107164887}, "datetime": {"datetime": "2021-09-29 17:22:34", "elapsed": 8.00819, "delta": 0.170014}}
{"target": -70.73685775699059, "params": {"eta": 0.9393902297992631, "max_depth": 28.54852260005694, "n_estimators": 23.051382475523702}, "datetime": {"datetime": "2021-09-29 17:22:35", "elapsed": 8.300176, "delta": 0.291986}}
{"target": -61.5109656250558, "params": {"eta": 0.5986038163763634, "max_depth": 4.268359661975513, "n_estimators": 10.225423265069796}, "datetime": {"datetime": "2021-09-29 17:22:35", "elapsed": 8.461174, "delta": 0.160998}}
{"target": -66.77047232312138, "params": {"eta": 0.6140110360571657, "max_depth": 17.164364973593628, "n_estimators": 52.634946703840605}, "datetime": {"datetime": "2021-09-29 17:22:35", "elapsed": 8.825177, "delta": 0.364003}}
{"target": -45.511039151657705, "params": {"eta": 0.017795852364233113, "max_depth": 8.492348272932864, "n_estimators": 64.24619174984673}, "datetime": {"datetime": "2021-09-29 17:22:36", "elapsed": 9.205174, "delta": 0.379997}}
{"target": -61.696047121840394, "params": {"eta": 0.31301371219104324, "max_depth": 16.84149246122903, "n_estimators": 66.31390277446054}, "datetime": {"datetime": "2021-09-29 17:22:36", "elapsed": 9.914319, "delta": 0.709145}}
{"target": -63.71309971267293, "params": {"eta": 0.46449766751211913, "max_depth": 4.939600920725036, "n_estimators": 45.81933109712806}, "datetime": {"datetime": "2021-09-29 17:22:37", "elapsed": 10.242323, "delta": 0.328004}}
{"target": -66.80954299434205, "params": {"eta": 0.9114900465390408, "max_depth": 19.05756219811114, "n_estimators": 77.57325916885273}, "datetime": {"datetime": "2021-09-29 17:22:37", "elapsed": 10.593322, "delta": 0.350999}}
{"target": -71.0731987152784, "params": {"eta": 0.8042417587869094, "max_depth": 10.220825435668912, "n_estimators": 48.91582410795066}, "datetime": {"datetime": "2021-09-29 17:22:37", "elapsed": 10.866322, "delta": 0.273}}
{"target": -55.33918427904424, "params": {"eta": 0.23081180666468679, "max_depth": 2.8788177084869515, "n_estimators": 56.6038061460132}, "datetime": {"datetime": "2021-09-29 17:22:37", "elapsed": 11.065446, "delta": 0.199124}}
{"target": -64.07115137204676, "params": {"eta": 0.8582292987683415, "max_depth": 25.74818933787636, "n_estimators": 70.69263360261553}, "datetime": {"datetime": "2021-09-29 17:22:38", "elapsed": 11.526446, "delta": 0.461}}
{"target": -64.50689147099064, "params": {"eta": 0.5988684010086384, "max_depth": 4.338807871012116, "n_estimators": 33.32452886396648}, "datetime": {"datetime": "2021-09-29 17:22:38", "elapsed": 11.784449, "delta": 0.258003}}
{"target": -67.38129193439221, "params": {"eta": 0.8393647725562555, "max_depth": 13.136803882450529, "n_estimators": 24.391063972544515}, "datetime": {"datetime": "2021-09-29 17:22:38", "elapsed": 12.12845, "delta": 0.344001}}
{"target": -45.511039151657705, "params": {"eta": 0.015622040711071181, "max_depth": 8.43859635565997, "n_estimators": 64.50640595939302}, "datetime": {"datetime": "2021-09-29 17:22:39", "elapsed": 12.616448, "delta": 0.487998}}
{"target": -63.13962120053264, "params": {"eta": 0.2603510978685708, "max_depth": 7.714925462541043, "n_estimators": 64.25616386627327}, "datetime": {"datetime": "2021-09-29 17:22:40", "elapsed": 13.140454, "delta": 0.524006}}
{"target": -57.41215042516233, "params": {"eta": 0.660717209197708, "max_depth": 1.1219219302236523, "n_estimators": 15.864757012581986}, "datetime": {"datetime": "2021-09-29 17:22:40", "elapsed": 13.364445, "delta": 0.223991}}
{"target": -45.511039151657705, "params": {"eta": 0.023686292069327132, "max_depth": 8.87610668219667, "n_estimators": 64.53329312537849}, "datetime": {"datetime": "2021-09-29 17:22:40", "elapsed": 14.085685, "delta": 0.72124}}
{"target": -40.83687991181878, "params": {"eta": 0.07467911747301528, "max_depth": 1.1773964868943514, "n_estimators": 14.808812709631752}, "datetime": {"datetime": "2021-09-29 17:22:41", "elapsed": 14.477306, "delta": 0.391621}}
{"target": -53.850189682115, "params": {"eta": 0.18412095559692668, "max_depth": 1.6094581501574443, "n_estimators": 15.319387283935077}, "datetime": {"datetime": "2021-09-29 17:22:41", "elapsed": 14.80231, "delta": 0.325004}}
{"target": -57.326263496481225, "params": {"eta": 0.6522193871596024, "max_depth": 1.126107864795503, "n_estimators": 14.951988198391355}, "datetime": {"datetime": "2021-09-29 17:22:42", "elapsed": 15.667365, "delta": 0.865055}}
{"target": -67.9651554051639, "params": {"eta": 0.8361181304109335, "max_depth": 8.863376783481105, "n_estimators": 64.46024952369628}, "datetime": {"datetime": "2021-09-29 17:22:43", "elapsed": 16.445779, "delta": 0.778414}}
{"target": -74.59568100728829, "params": {"eta": 0.7827605979429593, "max_depth": 22.663738709324296, "n_estimators": 5.92237768624343}, "datetime": {"datetime": "2021-09-29 17:22:43", "elapsed": 16.831778, "delta": 0.385999}}
{"target": -54.37941223835511, "params": {"eta": 0.21842672316469494, "max_depth": 1.0543461244999364, "n_estimators": 14.158434280866345}, "datetime": {"datetime": "2021-09-29 17:22:44", "elapsed": 17.257781, "delta": 0.426003}}
{"target": -46.855050929531814, "params": {"eta": 0.12443248732230583, "max_depth": 1.7477219935831692, "n_estimators": 14.608674487342576}, "datetime": {"datetime": "2021-09-29 17:22:44", "elapsed": 17.55378, "delta": 0.295999}}
{"target": -56.054990023461784, "params": {"eta": 0.2713168997243254, "max_depth": 1.856513854480152, "n_estimators": 14.664766012562886}, "datetime": {"datetime": "2021-09-29 17:22:44", "elapsed": 17.751735, "delta": 0.197955}}
{"target": -46.51158389797893, "params": {"eta": 0.24402171666751937, "max_depth": 23.826809680346482, "n_estimators": 6.132298842572264}, "datetime": {"datetime": "2021-09-29 17:22:44", "elapsed": 18.067737, "delta": 0.316002}}
{"target": -55.36357205355762, "params": {"eta": 0.333903494090308, "max_depth": 23.629279906176887, "n_estimators": 6.659158106847054}, "datetime": {"datetime": "2021-09-29 17:22:45", "elapsed": 18.626737, "delta": 0.559}}
{"target": -72.17307713787797, "params": {"eta": 0.7889476688609526, "max_depth": 24.09761605967592, "n_estimators": 6.202641700700884}, "datetime": {"datetime": "2021-09-29 17:22:46", "elapsed": 19.79425, "delta": 1.167513}}
{"target": -57.9985981426094, "params": {"eta": 0.7549481344322791, "max_depth": 7.854919347855461, "n_estimators": 70.14004995669892}, "datetime": {"datetime": "2021-09-29 17:22:47", "elapsed": 20.19525, "delta": 0.401}}
{"target": -99.5541557870435, "params": {"eta": 0.003598655930084949, "max_depth": 8.586667557481736, "n_estimators": 65.25831715681942}, "datetime": {"datetime": "2021-09-29 17:22:47", "elapsed": 20.666251, "delta": 0.471001}}
{"target": -68.25783442527535, "params": {"eta": 0.8110588507092914, "max_depth": 22.67013591072954, "n_estimators": 71.27279079035834}, "datetime": {"datetime": "2021-09-29 17:22:48", "elapsed": 21.163421, "delta": 0.49717}}
{"target": -66.6712494942041, "params": {"eta": 0.5968025089551432, "max_depth": 14.510814004808882, "n_estimators": 79.10489635213305}, "datetime": {"datetime": "2021-09-29 17:22:48", "elapsed": 21.698419, "delta": 0.534998}}
{"target": -48.848670526016186, "params": {"eta": 0.20032651027217105, "max_depth": 23.53849958261352, "n_estimators": 5.935050241557601}, "datetime": {"datetime": "2021-09-29 17:22:48", "elapsed": 21.976426, "delta": 0.278007}}
{"target": -48.80614329383039, "params": {"eta": 0.0844299310256766, "max_depth": 6.865791577901645, "n_estimators": 24.528000282977136}, "datetime": {"datetime": "2021-09-29 17:22:49", "elapsed": 22.245422, "delta": 0.268996}}
{"target": -53.75442645896238, "params": {"eta": 0.06752716345593561, "max_depth": 15.749883198747863, "n_estimators": 9.54929010729291}, "datetime": {"datetime": "2021-09-29 17:22:49", "elapsed": 22.477423, "delta": 0.232001}}
{"target": -65.7197871523248, "params": {"eta": 0.3595044287702614, "max_depth": 4.8357712030416575, "n_estimators": 36.078548302751294}, "datetime": {"datetime": "2021-09-29 17:22:50", "elapsed": 23.13442, "delta": 0.656997}}
{"target": -68.58314244230799, "params": {"eta": 0.6556558037119603, "max_depth": 8.229811807112478, "n_estimators": 51.78518859020401}, "datetime": {"datetime": "2021-09-29 17:22:50", "elapsed": 24.007364, "delta": 0.872944}}
