{"target": -56.8198745296573, "params": {"eta": 0.3269841856140754, "max_depth": 7.091709944926231, "n_estimators": 70.50705759911959}, "datetime": {"datetime": "2021-09-29 17:28:39", "elapsed": 994.052863, "delta": 3.070663}}
{"target": -69.1175094118479, "params": {"eta": 0.9343454901557173, "max_depth": 13.983124806403692, "n_estimators": 8.091345678264002}, "datetime": {"datetime": "2021-09-29 17:28:43", "elapsed": 997.216401, "delta": 3.163538}}
{"target": -57.523452290768795, "params": {"eta": 0.44156156162040533, "max_depth": 6.504228214256883, "n_estimators": 27.983147010513242}, "datetime": {"datetime": "2021-09-29 17:28:46", "elapsed": 1000.690994, "delta": 3.474593}}
{"target": -48.97904189709624, "params": {"eta": 0.6321438014348861, "max_depth": 25.809769757670313, "n_estimators": 1.6762060939491579}, "datetime": {"datetime": "2021-09-29 17:28:52", "elapsed": 1007.15104, "delta": 6.460046}}
{"target": -48.42060363618451, "params": {"eta": 0.6939314516046684, "max_depth": 24.341082471186493, "n_estimators": 1.4500422214803392}, "datetime": {"datetime": "2021-09-29 17:28:59", "elapsed": 1013.532166, "delta": 6.381126}}
{"target": -75.72086537355959, "params": {"eta": 0.8874122675839964, "max_depth": 11.553076442981311, "n_estimators": 55.60672652727563}, "datetime": {"datetime": "2021-09-29 17:29:02", "elapsed": 1016.616, "delta": 3.083834}}
{"target": -48.42060363618451, "params": {"eta": 0.6892522082212897, "max_depth": 25.041242093432654, "n_estimators": 1.5281555828715208}, "datetime": {"datetime": "2021-09-29 17:29:08", "elapsed": 1022.609637, "delta": 5.993637}}
{"target": -49.04209960461766, "params": {"eta": 0.7458837962037876, "max_depth": 18.99508445551944, "n_estimators": 1.4917189368072667}, "datetime": {"datetime": "2021-09-29 17:29:15", "elapsed": 1029.404593, "delta": 6.794956}}
{"target": -50.20196930628998, "params": {"eta": 0.5584298784853304, "max_depth": 27.314181380885696, "n_estimators": 2.7111863651672428}, "datetime": {"datetime": "2021-09-29 17:29:23", "elapsed": 1038.165215, "delta": 8.760622}}
{"target": -54.91342191434468, "params": {"eta": 0.11958695600871277, "max_depth": 12.634029548784536, "n_estimators": 5.619821173164237}, "datetime": {"datetime": "2021-09-29 17:29:27", "elapsed": 1041.558627, "delta": 3.393412}}
{"target": -67.29227094880352, "params": {"eta": 0.6209376559161262, "max_depth": 14.262616769166371, "n_estimators": 92.49380301726545}, "datetime": {"datetime": "2021-09-29 17:29:31", "elapsed": 1045.449052, "delta": 3.890425}}
{"target": -60.402397230287896, "params": {"eta": 0.12756384104188448, "max_depth": 27.695762091496047, "n_estimators": 52.121132434140925}, "datetime": {"datetime": "2021-09-29 17:29:35", "elapsed": 1049.490111, "delta": 4.041059}}
{"target": -58.25049457501608, "params": {"eta": 0.2539114457854878, "max_depth": 12.789836701423646, "n_estimators": 26.156107824738857}, "datetime": {"datetime": "2021-09-29 17:29:38", "elapsed": 1052.53755, "delta": 3.047439}}
{"target": -76.55550491188295, "params": {"eta": 0.8973632674178503, "max_depth": 21.712221392758174, "n_estimators": 13.915368651127002}, "datetime": {"datetime": "2021-09-29 17:29:41", "elapsed": 1055.915997, "delta": 3.378447}}
{"target": -57.1098511250345, "params": {"eta": 0.3592827281604394, "max_depth": 15.474077824135213, "n_estimators": 36.342183131446745}, "datetime": {"datetime": "2021-09-29 17:29:45", "elapsed": 1059.230878, "delta": 3.314881}}
{"target": -58.35597319558915, "params": {"eta": 0.38149053611226885, "max_depth": 12.714436399542986, "n_estimators": 66.11600239194382}, "datetime": {"datetime": "2021-09-29 17:29:48", "elapsed": 1062.626596, "delta": 3.395718}}
{"target": -58.908702171229606, "params": {"eta": 0.10519446058525367, "max_depth": 7.307004913697611, "n_estimators": 56.4677302698765}, "datetime": {"datetime": "2021-09-29 17:29:54", "elapsed": 1068.644123, "delta": 6.017527}}
{"target": -61.53687894566565, "params": {"eta": 0.26597600995537185, "max_depth": 28.244774324524286, "n_estimators": 21.32617445273351}, "datetime": {"datetime": "2021-09-29 17:30:01", "elapsed": 1075.846285, "delta": 7.202162}}
{"target": -48.97904189709624, "params": {"eta": 0.6298486772154979, "max_depth": 19.584572869853424, "n_estimators": 1.9574733457840843}, "datetime": {"datetime": "2021-09-29 17:30:07", "elapsed": 1081.501471, "delta": 5.655186}}
{"target": -50.83375964699426, "params": {"eta": 0.5770584009733793, "max_depth": 19.3330480011747, "n_estimators": 2.027343873875669}, "datetime": {"datetime": "2021-09-29 17:30:13", "elapsed": 1087.328431, "delta": 5.82696}}
{"target": -55.73184687532531, "params": {"eta": 0.4706914521606227, "max_depth": 23.215018375482867, "n_estimators": 1.9739629450075955}, "datetime": {"datetime": "2021-09-29 17:30:19", "elapsed": 1093.679442, "delta": 6.351011}}
{"target": -67.8188003898579, "params": {"eta": 0.7944644917685827, "max_depth": 25.473751973897162, "n_estimators": 48.89296235146956}, "datetime": {"datetime": "2021-09-29 17:30:23", "elapsed": 1097.222284, "delta": 3.542842}}
{"target": -52.55053187813258, "params": {"eta": 0.8526935808092937, "max_depth": 26.001958264930902, "n_estimators": 1.5362087492546874}, "datetime": {"datetime": "2021-09-29 17:30:28", "elapsed": 1102.785248, "delta": 5.562964}}
{"target": -50.20196930628998, "params": {"eta": 0.559470609186762, "max_depth": 26.454436467445642, "n_estimators": 2.4505223211260114}, "datetime": {"datetime": "2021-09-29 17:30:35", "elapsed": 1109.329606, "delta": 6.544358}}
{"target": -55.92234233294525, "params": {"eta": 0.2911409581399678, "max_depth": 13.10223620835167, "n_estimators": 64.60035258757993}, "datetime": {"datetime": "2021-09-29 17:30:41", "elapsed": 1115.659798, "delta": 6.330192}}
{"target": -54.713317435839514, "params": {"eta": 0.885533327136996, "max_depth": 27.328587895506413, "n_estimators": 1.5030093262932485}, "datetime": {"datetime": "2021-09-29 17:30:48", "elapsed": 1122.201694, "delta": 6.541896}}
{"target": -58.86016330211997, "params": {"eta": 0.09878031904283528, "max_depth": 17.615993618820436, "n_estimators": 75.33786668799347}, "datetime": {"datetime": "2021-09-29 17:30:51", "elapsed": 1126.021544, "delta": 3.81985}}
{"target": -68.57203950669691, "params": {"eta": 0.8565905059472133, "max_depth": 9.889624357342198, "n_estimators": 58.429668035186495}, "datetime": {"datetime": "2021-09-29 17:30:55", "elapsed": 1129.742068, "delta": 3.720524}}
{"target": -47.91738670208509, "params": {"eta": 0.23624162319598085, "max_depth": 29.02741611688817, "n_estimators": 7.072349103785448}, "datetime": {"datetime": "2021-09-29 17:31:01", "elapsed": 1135.510185, "delta": 5.768117}}
{"target": -70.68032062398841, "params": {"eta": 0.9338758539544973, "max_depth": 12.4283317471695, "n_estimators": 61.848238738817706}, "datetime": {"datetime": "2021-09-29 17:31:04", "elapsed": 1138.90469, "delta": 3.394505}}
{"target": -58.98335816690417, "params": {"eta": 0.08823654199325458, "max_depth": 13.161675139247661, "n_estimators": 94.26380539138077}, "datetime": {"datetime": "2021-09-29 17:31:08", "elapsed": 1142.69149, "delta": 3.7868}}
{"target": -48.66253379248227, "params": {"eta": 0.6547535436164588, "max_depth": 23.96386842207541, "n_estimators": 1.7477718648256286}, "datetime": {"datetime": "2021-09-29 17:31:16", "elapsed": 1150.853721, "delta": 8.162231}}
{"target": -48.586160794905496, "params": {"eta": 0.04312147426482526, "max_depth": 2.074437066951682, "n_estimators": 56.338657690388345}, "datetime": {"datetime": "2021-09-29 17:31:19", "elapsed": 1153.666721, "delta": 2.813}}
{"target": -59.81288804446954, "params": {"eta": 0.34117638011398915, "max_depth": 28.510292159078425, "n_estimators": 60.020591929347134}, "datetime": {"datetime": "2021-09-29 17:31:22", "elapsed": 1156.955722, "delta": 3.289001}}
{"target": -61.60555286566732, "params": {"eta": 0.3374543125673418, "max_depth": 3.787506283462523, "n_estimators": 1.6864899083447487}, "datetime": {"datetime": "2021-09-29 17:31:25", "elapsed": 1159.690564, "delta": 2.734842}}
{"target": -59.115661985516496, "params": {"eta": 0.4228517846555483, "max_depth": 21.889410309822583, "n_estimators": 1.009035610570246}, "datetime": {"datetime": "2021-09-29 17:34:03", "elapsed": 0.0, "delta": 0.0}}
{"target": -51.92616159899769, "params": {"eta": 0.30930924690552136, "max_depth": 5.255920833696278, "n_estimators": 8.294748986735026}, "datetime": {"datetime": "2021-09-29 17:34:03", "elapsed": 0.075996, "delta": 0.075996}}
{"target": -61.54879941152497, "params": {"eta": 0.1943976092638942, "max_depth": 11.021261084248385, "n_estimators": 32.344630464222924}, "datetime": {"datetime": "2021-09-29 17:34:03", "elapsed": 0.389995, "delta": 0.313999}}
{"target": -66.0293838546053, "params": {"eta": 0.5434285666633234, "max_depth": 13.15664091769555, "n_estimators": 55.132340531344}, "datetime": {"datetime": "2021-09-29 17:34:04", "elapsed": 0.771996, "delta": 0.382001}}
{"target": -52.738179803676545, "params": {"eta": 0.21240772723420226, "max_depth": 26.465405655337417, "n_estimators": 3.1636198626361667}, "datetime": {"datetime": "2021-09-29 17:34:04", "elapsed": 0.805999, "delta": 0.034003}}
{"target": -63.02572130922158, "params": {"eta": 0.6737628350766182, "max_depth": 13.101839268646682, "n_estimators": 45.136496447214384}, "datetime": {"datetime": "2021-09-29 17:34:04", "elapsed": 1.118998, "delta": 0.312999}}
{"target": -53.69305970016993, "params": {"eta": 0.29980983654547877, "max_depth": 5.418565462201842, "n_estimators": 8.132035183419642}, "datetime": {"datetime": "2021-09-29 17:34:04", "elapsed": 1.269999, "delta": 0.151001}}
{"target": -55.841773748997056, "params": {"eta": 0.4831376304726654, "max_depth": 4.689899758763037, "n_estimators": 9.102001945449242}, "datetime": {"datetime": "2021-09-29 17:34:04", "elapsed": 1.438996, "delta": 0.168997}}
{"target": -60.30564877971365, "params": {"eta": 0.9275635607275938, "max_depth": 4.513241394527181, "n_estimators": 8.14691815751268}, "datetime": {"datetime": "2021-09-29 17:34:05", "elapsed": 1.655996, "delta": 0.217}}
{"target": -60.869834482364006, "params": {"eta": 0.5859435736400684, "max_depth": 26.891471307721392, "n_estimators": 3.6938545760044947}, "datetime": {"datetime": "2021-09-29 17:34:05", "elapsed": 1.977996, "delta": 0.322}}
{"target": -60.14652198215181, "params": {"eta": 0.728993491362408, "max_depth": 22.129748401670067, "n_estimators": 16.380354494999743}, "datetime": {"datetime": "2021-09-29 17:34:05", "elapsed": 2.587807, "delta": 0.609811}}
{"target": -46.175370472631634, "params": {"eta": 0.09986526459934918, "max_depth": 5.414069736179406, "n_estimators": 8.815974869270141}, "datetime": {"datetime": "2021-09-29 17:34:06", "elapsed": 2.81881, "delta": 0.231003}}
{"target": -46.88798080114835, "params": {"eta": 0.1836106296615573, "max_depth": 5.75173221866723, "n_estimators": 9.256970466765976}, "datetime": {"datetime": "2021-09-29 17:34:07", "elapsed": 3.685675, "delta": 0.866865}}
{"target": -45.860781511031476, "params": {"eta": 0.23641451352668497, "max_depth": 6.824730548994543, "n_estimators": 8.588842880681451}, "datetime": {"datetime": "2021-09-29 17:34:07", "elapsed": 3.96368, "delta": 0.278005}}
{"target": -90.09023378983836, "params": {"eta": 0.01, "max_depth": 6.987750857692748, "n_estimators": 9.45137831067367}, "datetime": {"datetime": "2021-09-29 17:34:07", "elapsed": 4.443675, "delta": 0.479995}}
{"target": -46.421702982668734, "params": {"eta": 0.08764230964443757, "max_depth": 5.345517866252088, "n_estimators": 9.442270509448367}, "datetime": {"datetime": "2021-09-29 17:34:08", "elapsed": 5.029758, "delta": 0.586083}}
{"target": -58.90273978387317, "params": {"eta": 0.680340411004982, "max_depth": 16.889420238408437, "n_estimators": 31.273524203957678}, "datetime": {"datetime": "2021-09-29 17:34:09", "elapsed": 5.985764, "delta": 0.956006}}
{"target": -58.41072263985815, "params": {"eta": 0.14934853999305447, "max_depth": 5.042007150050051, "n_estimators": 26.02975263624593}, "datetime": {"datetime": "2021-09-29 17:34:09", "elapsed": 6.370909, "delta": 0.385145}}
{"target": -49.25626069387508, "params": {"eta": 0.2812604630072965, "max_depth": 23.166103710945425, "n_estimators": 6.282773107164887}, "datetime": {"datetime": "2021-09-29 17:34:10", "elapsed": 6.626906, "delta": 0.255997}}
{"target": -76.49126942990124, "params": {"eta": 0.028888175694218532, "max_depth": 6.615304313600151, "n_estimators": 8.105285951926206}, "datetime": {"datetime": "2021-09-29 17:34:11", "elapsed": 7.618342, "delta": 0.991436}}
{"target": -63.08923626495412, "params": {"eta": 0.6022199982108106, "max_depth": 4.268359661975513, "n_estimators": 10.225423265069796}, "datetime": {"datetime": "2021-09-29 17:34:11", "elapsed": 7.913343, "delta": 0.295001}}
{"target": -63.50675188317915, "params": {"eta": 0.6174884141107048, "max_depth": 17.164364973593628, "n_estimators": 52.634946703840605}, "datetime": {"datetime": "2021-09-29 17:34:12", "elapsed": 9.017596, "delta": 1.104253}}
{"target": -47.18767589351941, "params": {"eta": 0.026644538378969754, "max_depth": 8.492348272932864, "n_estimators": 64.24619174984673}, "datetime": {"datetime": "2021-09-29 17:34:12", "elapsed": 9.551928, "delta": 0.534332}}
{"target": -53.68185096401654, "params": {"eta": 0.35992220429381566, "max_depth": 6.95942031430245, "n_estimators": 8.594526801512199}, "datetime": {"datetime": "2021-09-29 17:34:13", "elapsed": 10.091727, "delta": 0.539799}}
{"target": -43.96105640340653, "params": {"eta": 0.13106851289192892, "max_depth": 5.868125481096074, "n_estimators": 8.912829575044208}, "datetime": {"datetime": "2021-09-29 17:34:14", "elapsed": 10.635696, "delta": 0.543969}}
{"target": -47.301680327867196, "params": {"eta": 0.2907534306173621, "max_depth": 26.583257023095957, "n_estimators": 3.149912484304185}, "datetime": {"datetime": "2021-09-29 17:34:14", "elapsed": 10.858695, "delta": 0.222999}}
{"target": -54.78535148910708, "params": {"eta": 0.4727861649033345, "max_depth": 6.475650985738532, "n_estimators": 8.848904739585759}, "datetime": {"datetime": "2021-09-29 17:34:14", "elapsed": 11.227695, "delta": 0.369}}
{"target": -55.876357490491515, "params": {"eta": 0.237741430028068, "max_depth": 2.8788177084869515, "n_estimators": 56.6038061460132}, "datetime": {"datetime": "2021-09-29 17:34:14", "elapsed": 11.509872, "delta": 0.282177}}
{"target": -54.87840398348911, "params": {"eta": 0.0669821790489814, "max_depth": 5.0562161487042125, "n_estimators": 8.965572663194283}, "datetime": {"datetime": "2021-09-29 17:34:15", "elapsed": 11.696872, "delta": 0.187}}
{"target": -48.15819185006016, "params": {"eta": 0.23495702755682046, "max_depth": 5.87355796585867, "n_estimators": 8.482486313725017}, "datetime": {"datetime": "2021-09-29 17:34:15", "elapsed": 11.946871, "delta": 0.249999}}
{"target": -71.15041468811754, "params": {"eta": 0.8408119367674605, "max_depth": 13.136803882450529, "n_estimators": 24.391063972544515}, "datetime": {"datetime": "2021-09-29 17:34:15", "elapsed": 12.33952, "delta": 0.392649}}
{"target": -59.06795595779675, "params": {"eta": 0.6833455580902147, "max_depth": 5.619040552220487, "n_estimators": 8.760743473980668}, "datetime": {"datetime": "2021-09-29 17:34:16", "elapsed": 12.626522, "delta": 0.287002}}
{"target": -61.80162526453837, "params": {"eta": 0.5277237157072591, "max_depth": 5.529455401490743, "n_estimators": 9.575271181404055}, "datetime": {"datetime": "2021-09-29 17:34:16", "elapsed": 12.97952, "delta": 0.352998}}
{"target": -94.0839096598635, "params": {"eta": 0.052562077312479215, "max_depth": 13.031025698108454, "n_estimators": 1.4180342678743347}, "datetime": {"datetime": "2021-09-29 17:34:16", "elapsed": 13.210522, "delta": 0.231002}}
{"target": -47.18767589351941, "params": {"eta": 0.03248191105969355, "max_depth": 8.87610668219667, "n_estimators": 64.53329312537849}, "datetime": {"datetime": "2021-09-29 17:34:17", "elapsed": 14.137589, "delta": 0.927067}}
{"target": -49.513051820793535, "params": {"eta": 0.3804770782080526, "max_depth": 27.05924118313079, "n_estimators": 2.8621860328676076}, "datetime": {"datetime": "2021-09-29 17:34:17", "elapsed": 14.441584, "delta": 0.303995}}
{"target": -50.98133832595304, "params": {"eta": 0.6516271405243872, "max_depth": 26.60732322169207, "n_estimators": 2.7795193754225416}, "datetime": {"datetime": "2021-09-29 17:34:18", "elapsed": 14.655585, "delta": 0.214001}}
{"target": -53.7628886021008, "params": {"eta": 0.1121692553307266, "max_depth": 2.657317169248685, "n_estimators": 30.20204017867151}, "datetime": {"datetime": "2021-09-29 17:34:18", "elapsed": 14.890589, "delta": 0.235004}}
{"target": -54.894478586198936, "params": {"eta": 0.28053244835931396, "max_depth": 8.496777884291312, "n_estimators": 64.72668531242667}, "datetime": {"datetime": "2021-09-29 17:34:19", "elapsed": 16.440041, "delta": 1.549452}}
{"target": -47.24386677422287, "params": {"eta": 0.05175022717249727, "max_depth": 4.388308000431904, "n_estimators": 40.63935089167104}, "datetime": {"datetime": "2021-09-29 17:34:20", "elapsed": 16.84104, "delta": 0.400999}}
{"target": -57.441318638511454, "params": {"eta": 0.2331296815483022, "max_depth": 4.843129881212125, "n_estimators": 40.490183463511684}, "datetime": {"datetime": "2021-09-29 17:34:20", "elapsed": 17.241776, "delta": 0.400736}}
{"target": -83.30933620400022, "params": {"eta": 0.08213427625228982, "max_depth": 26.72832236838309, "n_estimators": 2.723296721648137}, "datetime": {"datetime": "2021-09-29 17:34:20", "elapsed": 17.584786, "delta": 0.34301}}
{"target": -43.97622553829951, "params": {"eta": 0.12998372794173463, "max_depth": 6.778983099213695, "n_estimators": 8.530961272620813}, "datetime": {"datetime": "2021-09-29 17:34:21", "elapsed": 17.857783, "delta": 0.272997}}
{"target": -50.2954024353605, "params": {"eta": 0.6315081772783071, "max_depth": 27.406231690401228, "n_estimators": 2.9564782247429187}, "datetime": {"datetime": "2021-09-29 17:34:21", "elapsed": 18.133784, "delta": 0.276001}}
{"target": -56.684280593161006, "params": {"eta": 0.6347601161393991, "max_depth": 26.87334920423292, "n_estimators": 3.1191356851307153}, "datetime": {"datetime": "2021-09-29 17:34:22", "elapsed": 18.674784, "delta": 0.541}}
{"target": -57.800453756279204, "params": {"eta": 0.4700997459845356, "max_depth": 8.653517950220433, "n_estimators": 64.09157633068052}, "datetime": {"datetime": "2021-09-29 17:34:22", "elapsed": 19.239784, "delta": 0.565}}
{"target": -63.88160931157605, "params": {"eta": 0.7571558088968532, "max_depth": 7.854919347855461, "n_estimators": 70.14004995669892}, "datetime": {"datetime": "2021-09-29 17:34:24", "elapsed": 20.797026, "delta": 1.557242}}
{"target": -51.194692639951676, "params": {"eta": 0.6612917123605548, "max_depth": 27.200787290926097, "n_estimators": 2.6438907619525103}, "datetime": {"datetime": "2021-09-29 17:34:24", "elapsed": 21.081028, "delta": 0.284002}}
{"target": -69.30853369494201, "params": {"eta": 0.812761023225424, "max_depth": 22.67013591072954, "n_estimators": 71.27279079035834}, "datetime": {"datetime": "2021-09-29 17:34:25", "elapsed": 21.844027, "delta": 0.762999}}
{"target": -64.69350113759776, "params": {"eta": 0.6004349187843762, "max_depth": 14.510814004808882, "n_estimators": 79.10489635213305}, "datetime": {"datetime": "2021-09-29 17:34:25", "elapsed": 22.486144, "delta": 0.642117}}
{"target": -53.013220412691645, "params": {"eta": 0.2514362668552336, "max_depth": 5.55154256091377, "n_estimators": 9.006826332875061}, "datetime": {"datetime": "2021-09-29 17:34:26", "elapsed": 22.800144, "delta": 0.314}}
{"target": -47.898405692148415, "params": {"eta": 0.09267831002544527, "max_depth": 6.865791577901645, "n_estimators": 24.528000282977136}, "datetime": {"datetime": "2021-09-29 17:34:26", "elapsed": 23.280143, "delta": 0.479999}}
{"target": -51.13529568099327, "params": {"eta": 0.07592781964101726, "max_depth": 15.749883198747863, "n_estimators": 9.54929010729291}, "datetime": {"datetime": "2021-09-29 17:34:27", "elapsed": 23.602607, "delta": 0.322464}}
{"target": -56.810184344942485, "params": {"eta": 0.3652746591417005, "max_depth": 4.8357712030416575, "n_estimators": 36.078548302751294}, "datetime": {"datetime": "2021-09-29 17:34:27", "elapsed": 24.037607, "delta": 0.435}}
{"target": -62.37229905076012, "params": {"eta": 0.6587580036785192, "max_depth": 8.229811807112478, "n_estimators": 51.78518859020401}, "datetime": {"datetime": "2021-09-29 17:34:28", "elapsed": 24.916891, "delta": 0.879284}}
{"target": -48.00755921789473, "params": {"eta": 0.21708274551460552, "max_depth": 5.867260884526503, "n_estimators": 8.41930704510196}, "datetime": {"datetime": "2021-09-29 17:34:28", "elapsed": 25.253894, "delta": 0.337003}}
{"target": -76.01304442789134, "params": {"eta": 0.034445735205572474, "max_depth": 5.957738097635474, "n_estimators": 8.67336210558301}, "datetime": {"datetime": "2021-09-29 17:34:29", "elapsed": 25.663319, "delta": 0.409425}}
{"target": -58.01990120183703, "params": {"eta": 0.0517818769583535, "max_depth": 20.071572457750612, "n_estimators": 79.30243352791558}, "datetime": {"datetime": "2021-09-29 17:34:30", "elapsed": 26.762315, "delta": 1.098996}}
{"target": -48.783113437045, "params": {"eta": 0.3509016219438328, "max_depth": 23.00589021885415, "n_estimators": 6.087537113853951}, "datetime": {"datetime": "2021-09-29 17:34:30", "elapsed": 27.463882, "delta": 0.701567}}
{"target": -59.01653616328934, "params": {"eta": 0.11755314481218766, "max_depth": 24.646966937496487, "n_estimators": 77.99573790062223}, "datetime": {"datetime": "2021-09-29 17:34:32", "elapsed": 29.429642, "delta": 1.96576}}
{"target": -71.56904849314701, "params": {"eta": 0.8730295318096892, "max_depth": 6.179259986636726, "n_estimators": 34.08410994972655}, "datetime": {"datetime": "2021-09-29 17:34:33", "elapsed": 29.954333, "delta": 0.524691}}
