{"target": -45.27341164428399, "params": {"eta": 0.186302513289491, "max_depth": 2.9101592374926426, "n_estimators": 9.421274775345712}, "datetime": {"datetime": "2021-09-29 20:14:32", "elapsed": 112.183481, "delta": 1.324392}}
{"target": -52.08248227137099, "params": {"eta": 0.1092351253793029, "max_depth": 2.8969802045806756, "n_estimators": 26.61074381185567}, "datetime": {"datetime": "2021-09-29 20:14:33", "elapsed": 112.979126, "delta": 0.795645}}
{"target": -47.34310064366513, "params": {"eta": 0.17233994048569878, "max_depth": 3.4410127040432283, "n_estimators": 4.275256590581753}, "datetime": {"datetime": "2021-09-29 20:14:34", "elapsed": 113.804052, "delta": 0.824926}}
{"target": -43.57571940338232, "params": {"eta": 0.1670659832735823, "max_depth": 2.963009316174529, "n_estimators": 9.321262860274851}, "datetime": {"datetime": "2021-09-29 20:14:35", "elapsed": 115.2606, "delta": 1.456548}}
{"target": -48.02291995420959, "params": {"eta": 0.1515567937772799, "max_depth": 2.609224901006495, "n_estimators": 13.067337324362285}, "datetime": {"datetime": "2021-09-29 20:14:36", "elapsed": 116.5366, "delta": 1.276}}
{"target": -48.38117854208432, "params": {"eta": 0.1023085019779948, "max_depth": 4.4634843071666666, "n_estimators": 7.383644856953011}, "datetime": {"datetime": "2021-09-29 20:14:37", "elapsed": 117.320409, "delta": 0.783809}}
{"target": -52.14294457480617, "params": {"eta": 0.08437285657155877, "max_depth": 4.220304272220645, "n_estimators": 38.40396708580264}, "datetime": {"datetime": "2021-09-29 20:14:38", "elapsed": 118.31449, "delta": 0.994081}}
{"target": -43.66841244405259, "params": {"eta": 0.18303277901620524, "max_depth": 2.4499068497817365, "n_estimators": 8.054880285608046}, "datetime": {"datetime": "2021-09-29 20:14:40", "elapsed": 119.978557, "delta": 1.664067}}
{"target": -54.754281002956084, "params": {"eta": 0.04006710624911783, "max_depth": 2.5975681601841756, "n_estimators": 13.19050945360052}, "datetime": {"datetime": "2021-09-29 20:14:42", "elapsed": 121.592504, "delta": 1.613947}}
{"target": -45.27341164428399, "params": {"eta": 0.18732546411644196, "max_depth": 2.9337859225208076, "n_estimators": 9.2016827936516}, "datetime": {"datetime": "2021-09-29 20:14:43", "elapsed": 123.161218, "delta": 1.568714}}
{"target": -43.66841244405259, "params": {"eta": 0.18305355602157095, "max_depth": 2.3399207603680834, "n_estimators": 8.119643716034412}, "datetime": {"datetime": "2021-09-29 20:14:44", "elapsed": 123.985612, "delta": 0.824394}}
{"target": -52.17685705547021, "params": {"eta": 0.0704431112440905, "max_depth": 2.470938627252151, "n_estimators": 8.027567786948179}, "datetime": {"datetime": "2021-09-29 20:14:45", "elapsed": 125.43694, "delta": 1.451328}}
{"target": -49.29238221029952, "params": {"eta": 0.0684896653687575, "max_depth": 2.9444395926448355, "n_estimators": 9.392532019766119}, "datetime": {"datetime": "2021-09-29 20:14:47", "elapsed": 127.124943, "delta": 1.688003}}
{"target": -40.71816170310842, "params": {"eta": 0.14508287823692462, "max_depth": 2.4282558563121954, "n_estimators": 7.927413029606795}, "datetime": {"datetime": "2021-09-29 20:14:49", "elapsed": 128.704226, "delta": 1.579283}}
{"target": -40.89505315206182, "params": {"eta": 0.1157985963994539, "max_depth": 2.3787873963177364, "n_estimators": 8.188531674113225}, "datetime": {"datetime": "2021-09-29 20:14:50", "elapsed": 130.2334, "delta": 1.529174}}
{"target": -42.31876027072217, "params": {"eta": 0.11475908886648666, "max_depth": 2.5978949092421786, "n_estimators": 8.108352011980053}, "datetime": {"datetime": "2021-09-29 20:14:52", "elapsed": 131.693402, "delta": 1.460002}}
{"target": -43.66841244405259, "params": {"eta": 0.18315357689806605, "max_depth": 2.6138176753978186, "n_estimators": 8.082451736479065}, "datetime": {"datetime": "2021-09-29 20:14:53", "elapsed": 133.128403, "delta": 1.435001}}
{"target": -43.66700874587126, "params": {"eta": 0.09701288088700148, "max_depth": 2.4520245115366435, "n_estimators": 8.28672204624824}, "datetime": {"datetime": "2021-09-29 20:14:54", "elapsed": 134.537287, "delta": 1.408884}}
{"target": -44.366248584773835, "params": {"eta": 0.18999999434010037, "max_depth": 2.563815987465242, "n_estimators": 8.011423432661285}, "datetime": {"datetime": "2021-09-29 20:14:56", "elapsed": 136.049151, "delta": 1.511864}}
{"target": -43.66841244405259, "params": {"eta": 0.17746481868564648, "max_depth": 2.3993833334828243, "n_estimators": 8.245505568070504}, "datetime": {"datetime": "2021-09-29 20:14:58", "elapsed": 137.725009, "delta": 1.675858}}
{"target": -40.66923915221321, "params": {"eta": 0.1734506507637086, "max_depth": 2.4540221524727457, "n_estimators": 7.850381217318794}, "datetime": {"datetime": "2021-09-29 20:14:59", "elapsed": 139.217009, "delta": 1.492}}
{"target": -42.800625361461584, "params": {"eta": 0.11640217223661063, "max_depth": 2.407896174530036, "n_estimators": 7.7637041769275195}, "datetime": {"datetime": "2021-09-29 20:15:01", "elapsed": 140.656623, "delta": 1.439614}}
{"target": -41.04248240956866, "params": {"eta": 0.18255875528990434, "max_depth": 2.503493548492715, "n_estimators": 7.947949309585607}, "datetime": {"datetime": "2021-09-29 20:15:02", "elapsed": 142.50629, "delta": 1.849667}}
{"target": -41.452314282931766, "params": {"eta": 0.19, "max_depth": 2.466875869965984, "n_estimators": 7.763559147362949}, "datetime": {"datetime": "2021-09-29 20:15:04", "elapsed": 144.350531, "delta": 1.844241}}
{"target": -54.20178161647389, "params": {"eta": 0.10868088258235614, "max_depth": 2.969840571178417, "n_estimators": 34.29056077214335}, "datetime": {"datetime": "2021-09-29 20:15:05", "elapsed": 145.386528, "delta": 1.035997}}
{"target": -40.86581333636193, "params": {"eta": 0.1544119895740431, "max_depth": 2.5623192967789046, "n_estimators": 8.227349721290073}, "datetime": {"datetime": "2021-09-29 20:15:07", "elapsed": 147.22523, "delta": 1.838702}}
{"target": -42.91303395749131, "params": {"eta": 0.17401386357751528, "max_depth": 2.570664384012238, "n_estimators": 8.160589233832368}, "datetime": {"datetime": "2021-09-29 20:15:09", "elapsed": 148.930394, "delta": 1.705164}}
{"target": -40.86356439269469, "params": {"eta": 0.12705555819417136, "max_depth": 2.6450167234217368, "n_estimators": 8.202563016563593}, "datetime": {"datetime": "2021-09-29 20:15:10", "elapsed": 150.322259, "delta": 1.391865}}
{"target": -45.57959322723996, "params": {"eta": 0.08988272430503844, "max_depth": 2.6499877481800036, "n_estimators": 8.319963358459152}, "datetime": {"datetime": "2021-09-29 20:15:12", "elapsed": 151.771975, "delta": 1.449716}}
{"target": -55.265219132321356, "params": {"eta": 0.12516314417248076, "max_depth": 4.567288269357116, "n_estimators": 30.445159597663363}, "datetime": {"datetime": "2021-09-29 20:15:13", "elapsed": 152.667652, "delta": 0.895677}}
{"target": -45.27341164428399, "params": {"eta": 0.19, "max_depth": 2.856442420730935, "n_estimators": 9.344730457393466}, "datetime": {"datetime": "2021-09-29 20:15:14", "elapsed": 154.147848, "delta": 1.480196}}
{"target": -41.36045442678066, "params": {"eta": 0.16168770956510625, "max_depth": 2.548518542668614, "n_estimators": 8.322918589168104}, "datetime": {"datetime": "2021-09-29 20:15:15", "elapsed": 155.510369, "delta": 1.362521}}
{"target": -43.66700874587126, "params": {"eta": 0.09501719122741643, "max_depth": 2.5514959822954886, "n_estimators": 8.297566502853728}, "datetime": {"datetime": "2021-09-29 20:15:17", "elapsed": 156.758548, "delta": 1.248179}}
{"target": -41.36045442678066, "params": {"eta": 0.1608445863324767, "max_depth": 2.695638688663366, "n_estimators": 8.143316474325704}, "datetime": {"datetime": "2021-09-29 20:15:18", "elapsed": 158.111244, "delta": 1.352696}}
{"target": -52.29221673303308, "params": {"eta": 0.07656665622163146, "max_depth": 2.902027869412372, "n_estimators": 37.0383346883962}, "datetime": {"datetime": "2021-09-29 20:15:19", "elapsed": 158.894244, "delta": 0.783}}
{"target": -45.57959322723996, "params": {"eta": 0.08641820016528962, "max_depth": 2.6923924379779085, "n_estimators": 8.126737204697136}, "datetime": {"datetime": "2021-09-29 20:15:20", "elapsed": 160.141561, "delta": 1.247317}}
{"target": -41.98776516586906, "params": {"eta": 0.042522900136818205, "max_depth": 3.235904938840351, "n_estimators": 31.512766426845406}, "datetime": {"datetime": "2021-09-29 20:15:21", "elapsed": 160.957556, "delta": 0.815995}}
{"target": -42.91303395749131, "params": {"eta": 0.17401744282566298, "max_depth": 2.487055056265504, "n_estimators": 8.388455887539614}, "datetime": {"datetime": "2021-09-29 20:15:23", "elapsed": 162.639489, "delta": 1.681933}}
{"target": -55.69397856115368, "params": {"eta": 0.13013893107385419, "max_depth": 3.1894128687279606, "n_estimators": 31.474888284825305}, "datetime": {"datetime": "2021-09-29 20:15:24", "elapsed": 164.269723, "delta": 1.630234}}
{"target": -51.9711088673803, "params": {"eta": 0.17859342960257346, "max_depth": 2.3914262002662103, "n_estimators": 3.5752039327000382}, "datetime": {"datetime": "2021-09-29 20:15:25", "elapsed": 165.24372, "delta": 0.973997}}
{"target": -51.15586709637648, "params": {"eta": 0.13705594326601184, "max_depth": 3.598158340681787, "n_estimators": 17.14971813370173}, "datetime": {"datetime": "2021-09-29 20:15:26", "elapsed": 166.044875, "delta": 0.801155}}
{"target": -50.02779567904223, "params": {"eta": 0.17805283432346722, "max_depth": 2.5672406929403753, "n_estimators": 13.5692497303229}, "datetime": {"datetime": "2021-09-29 20:15:27", "elapsed": 166.858874, "delta": 0.813999}}
{"target": -40.575189243728985, "params": {"eta": 0.13565775420322607, "max_depth": 2.539913045570466, "n_estimators": 7.764513020283292}, "datetime": {"datetime": "2021-09-29 20:15:29", "elapsed": 168.790743, "delta": 1.931869}}
{"target": -41.84515987066417, "params": {"eta": 0.13044647102257098, "max_depth": 2.4276555884043587, "n_estimators": 7.938508882836663}, "datetime": {"datetime": "2021-09-29 20:15:30", "elapsed": 169.628744, "delta": 0.838001}}
{"target": -41.452314282931766, "params": {"eta": 0.18776934913391757, "max_depth": 2.544765336224494, "n_estimators": 7.856313703881601}, "datetime": {"datetime": "2021-09-29 20:15:31", "elapsed": 171.418804, "delta": 1.79006}}
{"target": -46.40586129194994, "params": {"eta": 0.10316097736358947, "max_depth": 2.4505036365875785, "n_estimators": 7.677054322094918}, "datetime": {"datetime": "2021-09-29 20:15:33", "elapsed": 173.187615, "delta": 1.768811}}
{"target": -43.31261072109441, "params": {"eta": 0.15451974441488686, "max_depth": 3.373340137735642, "n_estimators": 8.106464288076499}, "datetime": {"datetime": "2021-09-29 20:15:34", "elapsed": 174.019928, "delta": 0.832313}}
{"target": -51.35929443215003, "params": {"eta": 0.07077214009342007, "max_depth": 3.742539575931934, "n_estimators": 37.949450914719776}, "datetime": {"datetime": "2021-09-29 20:15:35", "elapsed": 175.040445, "delta": 1.020517}}
{"target": -43.265425734181406, "params": {"eta": 0.03, "max_depth": 3.3049339227766064, "n_estimators": 31.56114332452795}, "datetime": {"datetime": "2021-09-29 20:15:37", "elapsed": 177.038647, "delta": 1.998202}}
{"target": -41.36045442678066, "params": {"eta": 0.15985056370356424, "max_depth": 2.647729663166726, "n_estimators": 8.288784441488385}, "datetime": {"datetime": "2021-09-29 20:15:39", "elapsed": 178.83654, "delta": 1.797893}}
{"target": -40.71816170310842, "params": {"eta": 0.1522504187961622, "max_depth": 2.334170393700925, "n_estimators": 7.859602234429919}, "datetime": {"datetime": "2021-09-29 20:15:41", "elapsed": 181.20025, "delta": 2.36371}}
{"target": -43.66841244405259, "params": {"eta": 0.17531712288283294, "max_depth": 2.5004577649408337, "n_estimators": 8.251160768379481}, "datetime": {"datetime": "2021-09-29 20:15:43", "elapsed": 182.845103, "delta": 1.644853}}
{"target": -41.452314282931766, "params": {"eta": 0.1896126367047719, "max_depth": 2.2754842412304814, "n_estimators": 7.854841595379804}, "datetime": {"datetime": "2021-09-29 20:15:45", "elapsed": 184.841597, "delta": 1.996494}}
{"target": -43.66841244405259, "params": {"eta": 0.18208991060267773, "max_depth": 2.642195933082146, "n_estimators": 8.367885123006005}, "datetime": {"datetime": "2021-09-29 20:15:47", "elapsed": 186.746853, "delta": 1.905256}}
{"target": -44.001572125444014, "params": {"eta": 0.1391093086863563, "max_depth": 3.2878129830692138, "n_estimators": 10.191219074956813}, "datetime": {"datetime": "2021-09-29 20:15:48", "elapsed": 187.619521, "delta": 0.872668}}
{"target": -40.66923915221321, "params": {"eta": 0.16645102847300447, "max_depth": 2.5910938311267624, "n_estimators": 7.684480938182896}, "datetime": {"datetime": "2021-09-29 20:15:49", "elapsed": 189.197134, "delta": 1.577613}}
{"target": -41.04248240956866, "params": {"eta": 0.18303909698051518, "max_depth": 2.642248047982764, "n_estimators": 7.786087671522473}, "datetime": {"datetime": "2021-09-29 20:15:51", "elapsed": 191.058704, "delta": 1.86157}}
{"target": -40.7175128621085, "params": {"eta": 0.15805527608513478, "max_depth": 2.701613984768645, "n_estimators": 7.738203850966967}, "datetime": {"datetime": "2021-09-29 20:15:53", "elapsed": 192.90174, "delta": 1.843036}}
{"target": -40.7175128621085, "params": {"eta": 0.16008467868293474, "max_depth": 2.7049567177737996, "n_estimators": 7.736837233824943}, "datetime": {"datetime": "2021-09-29 20:15:54", "elapsed": 193.835388, "delta": 0.933648}}
{"target": -56.005510502755385, "params": {"eta": 0.0695073905397921, "max_depth": 2.6149772388857366, "n_estimators": 7.723771109369391}, "datetime": {"datetime": "2021-09-29 20:15:56", "elapsed": 196.208004, "delta": 2.372616}}
{"target": -41.452314282931766, "params": {"eta": 0.18777376744467036, "max_depth": 2.7124851291291807, "n_estimators": 7.627896474366708}, "datetime": {"datetime": "2021-09-29 20:15:58", "elapsed": 198.154891, "delta": 1.946887}}
{"target": -63.335597694431655, "params": {"eta": 0.040152190572077584, "max_depth": 4.8163814603674275, "n_estimators": 10.748598684453475}, "datetime": {"datetime": "2021-09-29 20:15:59", "elapsed": 199.15665, "delta": 1.001759}}
{"target": -41.452314282931766, "params": {"eta": 0.18825580432062866, "max_depth": 2.8018926729654514, "n_estimators": 7.618224702369754}, "datetime": {"datetime": "2021-09-29 20:16:01", "elapsed": 201.255279, "delta": 2.098629}}
{"target": -41.84515987066417, "params": {"eta": 0.13166559729138633, "max_depth": 2.240499782429678, "n_estimators": 7.799373430771863}, "datetime": {"datetime": "2021-09-29 20:16:04", "elapsed": 203.739475, "delta": 2.484196}}
{"target": -44.366248584773835, "params": {"eta": 0.19, "max_depth": 2.7204761135407463, "n_estimators": 8.229038336317476}, "datetime": {"datetime": "2021-09-29 20:16:05", "elapsed": 205.530685, "delta": 1.79121}}
{"target": -41.04248240956866, "params": {"eta": 0.18205195784195347, "max_depth": 2.3295149525130725, "n_estimators": 7.961694071153592}, "datetime": {"datetime": "2021-09-29 20:16:08", "elapsed": 207.732524, "delta": 2.201839}}
{"target": -41.84515987066417, "params": {"eta": 0.1280914407867218, "max_depth": 2.7827014949677515, "n_estimators": 7.660511805338163}, "datetime": {"datetime": "2021-09-29 20:16:10", "elapsed": 210.289236, "delta": 2.556712}}
{"target": -42.800625361461584, "params": {"eta": 0.11621462077055143, "max_depth": 2.2538252267031162, "n_estimators": 7.885698070043828}, "datetime": {"datetime": "2021-09-29 20:16:12", "elapsed": 212.066465, "delta": 1.777229}}
{"target": -42.800625361461584, "params": {"eta": 0.11606996601180265, "max_depth": 2.3202290055175916, "n_estimators": 7.727424570879268}, "datetime": {"datetime": "2021-09-29 20:16:14", "elapsed": 214.171966, "delta": 2.105501}}
{"target": -77.23885236737432, "params": {"eta": 0.03137540788550108, "max_depth": 2.295874693109688, "n_estimators": 7.828998634826904}, "datetime": {"datetime": "2021-09-29 20:16:16", "elapsed": 215.993452, "delta": 1.821486}}
{"target": -41.04248240956866, "params": {"eta": 0.17711849552209777, "max_depth": 2.2126632002434423, "n_estimators": 7.776388172947562}, "datetime": {"datetime": "2021-09-29 20:16:18", "elapsed": 218.005013, "delta": 2.011561}}
{"target": -41.04248240956866, "params": {"eta": 0.18097464919224596, "max_depth": 2.316956015141794, "n_estimators": 7.649487920321278}, "datetime": {"datetime": "2021-09-29 20:16:21", "elapsed": 220.704808, "delta": 2.699795}}
{"target": -46.40586129194994, "params": {"eta": 0.09716892035484057, "max_depth": 2.753888587375301, "n_estimators": 7.546256208047135}, "datetime": {"datetime": "2021-09-29 20:16:23", "elapsed": 222.832699, "delta": 2.127891}}
{"target": -41.04248240956866, "params": {"eta": 0.18147319306938178, "max_depth": 2.3739256341814063, "n_estimators": 7.71282328957717}, "datetime": {"datetime": "2021-09-29 20:16:25", "elapsed": 224.666571, "delta": 1.833872}}
{"target": -41.452314282931766, "params": {"eta": 0.18850676148321557, "max_depth": 2.363414721196333, "n_estimators": 7.790550407437831}, "datetime": {"datetime": "2021-09-29 20:16:26", "elapsed": 226.552915, "delta": 1.886344}}
{"target": -44.75378881969439, "params": {"eta": 0.07380249288127799, "max_depth": 2.0049135268470097, "n_estimators": 11.108755597504116}, "datetime": {"datetime": "2021-09-29 20:16:28", "elapsed": 227.591993, "delta": 1.039078}}
{"target": -41.04248240956866, "params": {"eta": 0.17572208474985274, "max_depth": 2.1720248678563325, "n_estimators": 7.888353063648199}, "datetime": {"datetime": "2021-09-29 20:16:30", "elapsed": 229.930173, "delta": 2.33818}}
{"target": -40.66923915221321, "params": {"eta": 0.16867810811732034, "max_depth": 2.822124358658021, "n_estimators": 7.733274788059655}, "datetime": {"datetime": "2021-09-29 20:16:32", "elapsed": 231.962243, "delta": 2.03207}}
{"target": -40.7175128621085, "params": {"eta": 0.1598397204487571, "max_depth": 2.8936266493290077, "n_estimators": 7.6681612941863975}, "datetime": {"datetime": "2021-09-29 20:16:34", "elapsed": 234.225018, "delta": 2.262775}}
{"target": -52.058720843327265, "params": {"eta": 0.08009237241352192, "max_depth": 2.922319873666782, "n_estimators": 7.607643895044514}, "datetime": {"datetime": "2021-09-29 20:16:37", "elapsed": 237.2873, "delta": 3.062282}}
{"target": -41.84515987066417, "params": {"eta": 0.13258497703151642, "max_depth": 2.0950106749101622, "n_estimators": 7.854711085359147}, "datetime": {"datetime": "2021-09-29 20:16:39", "elapsed": 239.392435, "delta": 2.105135}}
{"target": -44.366248584773835, "params": {"eta": 0.18524243946794117, "max_depth": 2.1706106165568095, "n_estimators": 8.008196083705283}, "datetime": {"datetime": "2021-09-29 20:16:42", "elapsed": 241.641783, "delta": 2.249348}}
{"target": -40.66923915221321, "params": {"eta": 0.17270898690072023, "max_depth": 2.7911059719943654, "n_estimators": 7.850530214766111}, "datetime": {"datetime": "2021-09-29 20:16:44", "elapsed": 243.727686, "delta": 2.085903}}
{"target": -46.40586129194994, "params": {"eta": 0.10100512097110503, "max_depth": 2.7809403901009544, "n_estimators": 7.821527843764928}, "datetime": {"datetime": "2021-09-29 20:16:46", "elapsed": 245.630875, "delta": 1.903189}}
{"target": -82.91231312104064, "params": {"eta": 0.04600191617089223, "max_depth": 3.541013522582678, "n_estimators": 3.8331014551614313}, "datetime": {"datetime": "2021-09-29 20:16:47", "elapsed": 246.768692, "delta": 1.137817}}
{"target": -40.71816170310842, "params": {"eta": 0.15400237501847813, "max_depth": 2.876833537170073, "n_estimators": 7.816485409890014}, "datetime": {"datetime": "2021-09-29 20:16:49", "elapsed": 248.731303, "delta": 1.962611}}
{"target": -57.89513720498315, "params": {"eta": 0.18651681351341431, "max_depth": 3.2364107755392926, "n_estimators": 34.0386747045949}, "datetime": {"datetime": "2021-09-29 20:16:50", "elapsed": 249.885303, "delta": 1.154}}
{"target": -40.71816170310842, "params": {"eta": 0.14982970546252322, "max_depth": 2.217510269523736, "n_estimators": 7.667815301959974}, "datetime": {"datetime": "2021-09-29 20:16:52", "elapsed": 252.299214, "delta": 2.413911}}
{"target": -42.80362049945292, "params": {"eta": 0.10988421239174154, "max_depth": 3.685208477566829, "n_estimators": 11.28021864618195}, "datetime": {"datetime": "2021-09-29 20:16:53", "elapsed": 253.509298, "delta": 1.210084}}
{"target": -59.65289487289379, "params": {"eta": 0.1449777992666471, "max_depth": 3.9235382552253126, "n_estimators": 3.1257733033457993}, "datetime": {"datetime": "2021-09-29 20:16:55", "elapsed": 254.617279, "delta": 1.107981}}
{"target": -49.90512172088742, "params": {"eta": 0.10702144144805371, "max_depth": 2.0053554211377356, "n_estimators": 21.430127094597193}, "datetime": {"datetime": "2021-09-29 20:16:56", "elapsed": 255.857895, "delta": 1.240616}}
{"target": -41.84515987066417, "params": {"eta": 0.13434763663464167, "max_depth": 2.2346078773041067, "n_estimators": 7.579453274185164}, "datetime": {"datetime": "2021-09-29 20:16:59", "elapsed": 258.635574, "delta": 2.777679}}
{"target": -41.04248240956866, "params": {"eta": 0.1801575742888949, "max_depth": 2.8782054663036334, "n_estimators": 7.966280114624523}, "datetime": {"datetime": "2021-09-29 20:17:01", "elapsed": 261.286182, "delta": 2.650608}}
{"target": -41.04248240956866, "params": {"eta": 0.18473811197707765, "max_depth": 2.9699588104614234, "n_estimators": 7.726986532005805}, "datetime": {"datetime": "2021-09-29 20:17:04", "elapsed": 263.674093, "delta": 2.387911}}
{"target": -40.7175128621085, "params": {"eta": 0.161399630363632, "max_depth": 2.9932218567689013, "n_estimators": 7.8421974586321905}, "datetime": {"datetime": "2021-09-29 20:17:06", "elapsed": 266.181411, "delta": 2.507318}}
{"target": -44.27707300813212, "params": {"eta": 0.1134643660264617, "max_depth": 2.0785862288834265, "n_estimators": 7.685464841813486}, "datetime": {"datetime": "2021-09-29 20:17:09", "elapsed": 268.604186, "delta": 2.422775}}
