{"target": -63.08087340723277, "params": {"eta": 0.511876614998338, "max_depth": 21.611935244767825, "n_estimators": 93.3707712262969}, "datetime": {"datetime": "2021-09-29 17:01:54", "elapsed": 42.204246, "delta": 1.017307}}
{"target": -57.422811477830834, "params": {"eta": 0.32669477679927766, "max_depth": 5.153359802077705, "n_estimators": 10.385683035194036}, "datetime": {"datetime": "2021-09-29 17:01:54", "elapsed": 42.767246, "delta": 0.563}}
{"target": -67.14130039167482, "params": {"eta": 0.831264307833912, "max_depth": 25.369571720848608, "n_estimators": 54.21140778847099}, "datetime": {"datetime": "2021-09-29 17:01:55", "elapsed": 43.653128, "delta": 0.885882}}
{"target": -49.46629795519278, "params": {"eta": 0.10683506728726641, "max_depth": 23.21937387281947, "n_estimators": 7.781386473156077}, "datetime": {"datetime": "2021-09-29 17:01:56", "elapsed": 44.382096, "delta": 0.728968}}
{"target": -66.86596294487043, "params": {"eta": 0.7928294267012781, "max_depth": 5.0861906833808055, "n_estimators": 79.43389847319966}, "datetime": {"datetime": "2021-09-29 17:01:57", "elapsed": 45.147736, "delta": 0.76564}}
{"target": -43.13162689765014, "params": {"eta": 0.11762866513334787, "max_depth": 4.7987492508112854, "n_estimators": 10.148078597060218}, "datetime": {"datetime": "2021-09-29 17:01:57", "elapsed": 45.655346, "delta": 0.50761}}
{"target": -56.87333348747959, "params": {"eta": 0.39062072150197835, "max_depth": 2.023419641624453, "n_estimators": 16.330182308447526}, "datetime": {"datetime": "2021-09-29 17:01:58", "elapsed": 46.126128, "delta": 0.470782}}
{"target": -89.24842305007955, "params": {"eta": 0.02639373609456649, "max_depth": 2.0472787945864104, "n_estimators": 3.9526682557050177}, "datetime": {"datetime": "2021-09-29 17:01:58", "elapsed": 46.581374, "delta": 0.455246}}
{"target": -79.3275115518877, "params": {"eta": 0.01882119558923231, "max_depth": 4.819657221661575, "n_estimators": 10.134711829258965}, "datetime": {"datetime": "2021-09-29 17:01:59", "elapsed": 47.336789, "delta": 0.755415}}
{"target": -46.351021515527485, "params": {"eta": 0.13488319205524704, "max_depth": 23.232027374768865, "n_estimators": 7.542826467560521}, "datetime": {"datetime": "2021-09-29 17:01:59", "elapsed": 47.923483, "delta": 0.586694}}
{"target": -51.56078160001193, "params": {"eta": 0.23421862431048007, "max_depth": 23.233356642128086, "n_estimators": 7.85756632046159}, "datetime": {"datetime": "2021-09-29 17:02:00", "elapsed": 48.442296, "delta": 0.518813}}
{"target": -67.58944563178179, "params": {"eta": 0.05477164331487558, "max_depth": 23.366311859222336, "n_estimators": 7.561996311318695}, "datetime": {"datetime": "2021-09-29 17:02:01", "elapsed": 49.103382, "delta": 0.661086}}
{"target": -49.94375902172102, "params": {"eta": 0.13814180724671427, "max_depth": 15.865377484967102, "n_estimators": 11.725519743014122}, "datetime": {"datetime": "2021-09-29 17:02:01", "elapsed": 49.672998, "delta": 0.569616}}
{"target": -57.96451965132928, "params": {"eta": 0.20398791702026187, "max_depth": 4.469001693611018, "n_estimators": 50.75337598641822}, "datetime": {"datetime": "2021-09-29 17:02:02", "elapsed": 50.321568, "delta": 0.64857}}
{"target": -47.97214807770217, "params": {"eta": 0.19299045006323823, "max_depth": 4.604605697927682, "n_estimators": 10.166868318866385}, "datetime": {"datetime": "2021-09-29 17:02:02", "elapsed": 50.911722, "delta": 0.590154}}
{"target": -61.02132220909674, "params": {"eta": 0.6394659565915064, "max_depth": 3.8750611207033154, "n_estimators": 15.206465672427171}, "datetime": {"datetime": "2021-09-29 17:02:03", "elapsed": 51.368587, "delta": 0.456865}}
{"target": -56.705682753095076, "params": {"eta": 0.2359666865321299, "max_depth": 16.862582014287135, "n_estimators": 15.426163384329591}, "datetime": {"datetime": "2021-09-29 17:02:04", "elapsed": 52.073806, "delta": 0.705219}}
{"target": -54.26088673612516, "params": {"eta": 0.32472203418978407, "max_depth": 22.77274233328668, "n_estimators": 7.979565988845429}, "datetime": {"datetime": "2021-09-29 17:02:04", "elapsed": 52.700176, "delta": 0.62637}}
{"target": -46.70679221377344, "params": {"eta": 0.18301303050766768, "max_depth": 23.02884900426946, "n_estimators": 7.377753863996667}, "datetime": {"datetime": "2021-09-29 17:02:05", "elapsed": 53.257249, "delta": 0.557073}}
{"target": -44.288007364535325, "params": {"eta": 0.08730160407882387, "max_depth": 4.665729307662011, "n_estimators": 10.44313994657841}, "datetime": {"datetime": "2021-09-29 17:02:05", "elapsed": 53.945495, "delta": 0.688246}}
{"target": -58.92360263051724, "params": {"eta": 0.09709771168296423, "max_depth": 9.37119860215568, "n_estimators": 32.00459471552758}, "datetime": {"datetime": "2021-09-29 17:02:06", "elapsed": 54.718714, "delta": 0.773219}}
{"target": -51.349482406492875, "params": {"eta": 0.36764653303315165, "max_depth": 26.910947102472264, "n_estimators": 3.6491872878939926}, "datetime": {"datetime": "2021-09-29 17:02:07", "elapsed": 55.425307, "delta": 0.706593}}
{"target": -56.8766180069751, "params": {"eta": 0.2956583297693836, "max_depth": 1.246664328153249, "n_estimators": 16.419759289492255}, "datetime": {"datetime": "2021-09-29 17:02:07", "elapsed": 55.892293, "delta": 0.466986}}
{"target": -63.525598752739, "params": {"eta": 0.04146832679776296, "max_depth": 4.674317382831242, "n_estimators": 10.31861507921522}, "datetime": {"datetime": "2021-09-29 17:02:08", "elapsed": 56.465402, "delta": 0.573109}}
{"target": -58.00968659309085, "params": {"eta": 0.057241377917653366, "max_depth": 20.52704950474572, "n_estimators": 86.9224565896297}, "datetime": {"datetime": "2021-09-29 17:02:09", "elapsed": 57.995477, "delta": 1.530075}}
{"target": -45.20705832673827, "params": {"eta": 0.12591373297624206, "max_depth": 22.540772068909973, "n_estimators": 8.182747635445761}, "datetime": {"datetime": "2021-09-29 17:02:10", "elapsed": 58.668075, "delta": 0.672598}}
{"target": -59.95416579361061, "params": {"eta": 0.32920311518628464, "max_depth": 3.0104266877561745, "n_estimators": 70.53084498011476}, "datetime": {"datetime": "2021-09-29 17:02:11", "elapsed": 59.486807, "delta": 0.818732}}
{"target": -55.28124465862003, "params": {"eta": 0.30580765897112033, "max_depth": 23.2546172519579, "n_estimators": 7.4947603640403315}, "datetime": {"datetime": "2021-09-29 17:02:12", "elapsed": 60.140541, "delta": 0.653734}}
{"target": -44.23715413327696, "params": {"eta": 0.134740674948331, "max_depth": 5.377799284216883, "n_estimators": 10.210418894686278}, "datetime": {"datetime": "2021-09-29 17:02:12", "elapsed": 60.719635, "delta": 0.579094}}
{"target": -49.85404892403213, "params": {"eta": 0.05282330945614499, "max_depth": 16.64323829848135, "n_estimators": 15.482150673060264}, "datetime": {"datetime": "2021-09-29 17:02:13", "elapsed": 61.523969, "delta": 0.804334}}
{"target": -75.79807167940325, "params": {"eta": 0.7790394571781601, "max_depth": 28.408062947800776, "n_estimators": 67.25098774178007}, "datetime": {"datetime": "2021-09-29 17:02:14", "elapsed": 62.493475, "delta": 0.969506}}
{"target": -67.63568498263277, "params": {"eta": 0.6456914681350812, "max_depth": 6.932802508404033, "n_estimators": 66.19420911234408}, "datetime": {"datetime": "2021-09-29 17:02:15", "elapsed": 63.392983, "delta": 0.899508}}
{"target": -54.3330841246545, "params": {"eta": 0.9240411102596487, "max_depth": 1.6373572350378147, "n_estimators": 15.420818039011387}, "datetime": {"datetime": "2021-09-29 17:02:15", "elapsed": 63.888714, "delta": 0.495731}}
{"target": -53.328633242540455, "params": {"eta": 0.17695554515859663, "max_depth": 6.67392867509063, "n_estimators": 14.69223517200848}, "datetime": {"datetime": "2021-09-29 17:02:16", "elapsed": 64.622643, "delta": 0.733929}}
{"target": -57.813522580852904, "params": {"eta": 0.9042999624415128, "max_depth": 2.55743900332231, "n_estimators": 14.254183326778996}, "datetime": {"datetime": "2021-09-29 17:02:17", "elapsed": 65.170908, "delta": 0.548265}}
{"target": -67.58944563178179, "params": {"eta": 0.053622922370471796, "max_depth": 23.252060994379562, "n_estimators": 7.307480827034333}, "datetime": {"datetime": "2021-09-29 17:02:17", "elapsed": 65.862072, "delta": 0.691164}}
{"target": -52.42506222404841, "params": {"eta": 0.46427199015748083, "max_depth": 26.946508619785977, "n_estimators": 3.4682998006112187}, "datetime": {"datetime": "2021-09-29 17:02:18", "elapsed": 66.425777, "delta": 0.563705}}
{"target": -44.47996371612346, "params": {"eta": 0.10425277911347883, "max_depth": 5.506838593036125, "n_estimators": 10.181808849383053}, "datetime": {"datetime": "2021-09-29 17:02:19", "elapsed": 67.147918, "delta": 0.722141}}
{"target": -49.401909042156724, "params": {"eta": 0.22568162493721333, "max_depth": 4.745304304597952, "n_estimators": 10.083237373829409}, "datetime": {"datetime": "2021-09-29 17:02:19", "elapsed": 67.891611, "delta": 0.743693}}
{"target": -60.653559536134225, "params": {"eta": 0.5674133860355813, "max_depth": 9.72128728041047, "n_estimators": 44.747292491293265}, "datetime": {"datetime": "2021-09-29 17:02:20", "elapsed": 68.813801, "delta": 0.92219}}
{"target": -99.5541557870435, "params": {"eta": 0.001, "max_depth": 16.752342502775623, "n_estimators": 15.358791656212858}, "datetime": {"datetime": "2021-09-29 17:02:21", "elapsed": 69.7744, "delta": 0.960599}}
{"target": -42.98748591032524, "params": {"eta": 0.01822662713112841, "max_depth": 4.440709889793613, "n_estimators": 50.70252215267511}, "datetime": {"datetime": "2021-09-29 17:02:22", "elapsed": 70.483411, "delta": 0.709011}}
{"target": -56.87096640595988, "params": {"eta": 0.30713895133147484, "max_depth": 23.06961650913931, "n_estimators": 8.002417315965129}, "datetime": {"datetime": "2021-09-29 17:02:23", "elapsed": 71.203899, "delta": 0.720488}}
{"target": -54.76138898701074, "params": {"eta": 0.2789239439566402, "max_depth": 22.62891107416325, "n_estimators": 7.843093538876661}, "datetime": {"datetime": "2021-09-29 17:02:24", "elapsed": 72.138236, "delta": 0.934337}}
{"target": -46.817208429425726, "params": {"eta": 0.16180182432938853, "max_depth": 5.513565765403862, "n_estimators": 10.19368284328425}, "datetime": {"datetime": "2021-09-29 17:02:24", "elapsed": 72.761177, "delta": 0.622941}}
{"target": -60.742319978092794, "params": {"eta": 0.40233832552924925, "max_depth": 22.781831954587727, "n_estimators": 7.786802539042425}, "datetime": {"datetime": "2021-09-29 17:02:25", "elapsed": 73.486467, "delta": 0.72529}}
{"target": -48.95646662617638, "params": {"eta": 0.04143613551113367, "max_depth": 16.449521144775968, "n_estimators": 44.46267245103355}, "datetime": {"datetime": "2021-09-29 17:02:26", "elapsed": 74.33035, "delta": 0.843883}}
{"target": -59.291034776577945, "params": {"eta": 0.47786445554910045, "max_depth": 29.29992926743026, "n_estimators": 91.04162059895003}, "datetime": {"datetime": "2021-09-29 17:02:27", "elapsed": 75.419612, "delta": 1.089262}}
{"target": -62.59235652486864, "params": {"eta": 0.21849222947617322, "max_depth": 26.284278890632795, "n_estimators": 22.514691940910385}, "datetime": {"datetime": "2021-09-29 17:02:28", "elapsed": 76.267906, "delta": 0.848294}}
{"target": -75.09990209959282, "params": {"eta": 0.7790080767330535, "max_depth": 17.080435110663387, "n_estimators": 84.97295840525783}, "datetime": {"datetime": "2021-09-29 17:02:29", "elapsed": 77.17051, "delta": 0.902604}}
{"target": -58.94663724208251, "params": {"eta": 0.37518307238966386, "max_depth": 5.102937454477719, "n_estimators": 10.357086071323291}, "datetime": {"datetime": "2021-09-29 17:02:29", "elapsed": 77.820885, "delta": 0.650375}}
{"target": -52.079973269762206, "params": {"eta": 0.20574469496249076, "max_depth": 22.44084693767984, "n_estimators": 8.20011733669157}, "datetime": {"datetime": "2021-09-29 17:02:30", "elapsed": 78.596588, "delta": 0.775703}}
{"target": -47.401052103271155, "params": {"eta": 0.13657379710400214, "max_depth": 22.939027885952253, "n_estimators": 7.829006824579298}, "datetime": {"datetime": "2021-09-29 17:02:31", "elapsed": 79.398655, "delta": 0.802067}}
{"target": -65.32818176695217, "params": {"eta": 0.4074233255175866, "max_depth": 22.28835999894057, "n_estimators": 11.341914414971203}, "datetime": {"datetime": "2021-09-29 17:02:31", "elapsed": 80.020296, "delta": 0.621641}}
{"target": -49.49533352448953, "params": {"eta": 0.2913227983132395, "max_depth": 26.32671869455712, "n_estimators": 3.958660339236665}, "datetime": {"datetime": "2021-09-29 17:02:32", "elapsed": 80.794392, "delta": 0.774096}}
{"target": -60.05266977844198, "params": {"eta": 0.21205068670312838, "max_depth": 16.967865952650772, "n_estimators": 15.245385346377399}, "datetime": {"datetime": "2021-09-29 17:02:33", "elapsed": 81.688882, "delta": 0.89449}}
{"target": -47.630918408642195, "params": {"eta": 0.31330834024512233, "max_depth": 26.441401976012777, "n_estimators": 3.795980870411876}, "datetime": {"datetime": "2021-09-29 17:02:34", "elapsed": 82.432317, "delta": 0.743435}}
{"target": -66.17460550519367, "params": {"eta": 0.41008247341284576, "max_depth": 25.575226920628186, "n_estimators": 53.8974705288282}, "datetime": {"datetime": "2021-09-29 17:02:35", "elapsed": 83.549541, "delta": 1.117224}}
{"target": -60.305557861162974, "params": {"eta": 0.3494309258129154, "max_depth": 23.35659650363724, "n_estimators": 7.865041254808761}, "datetime": {"datetime": "2021-09-29 17:02:36", "elapsed": 84.29648, "delta": 0.746939}}
{"target": -56.731435868996705, "params": {"eta": 0.5295781628108207, "max_depth": 5.103149486639641, "n_estimators": 92.98619699045047}, "datetime": {"datetime": "2021-09-29 17:02:37", "elapsed": 85.277165, "delta": 0.980685}}
{"target": -60.05266977844198, "params": {"eta": 0.212995164624953, "max_depth": 16.62526657711149, "n_estimators": 15.444254480837524}, "datetime": {"datetime": "2021-09-29 17:02:39", "elapsed": 87.282371, "delta": 2.005206}}
{"target": -65.71746195642972, "params": {"eta": 0.5840167557730116, "max_depth": 16.60563576844982, "n_estimators": 21.872824448677022}, "datetime": {"datetime": "2021-09-29 17:02:40", "elapsed": 88.353808, "delta": 1.071437}}
{"target": -63.46122697523828, "params": {"eta": 0.06305729947373033, "max_depth": 23.01879499601363, "n_estimators": 7.411919677783679}, "datetime": {"datetime": "2021-09-29 17:02:41", "elapsed": 89.328013, "delta": 0.974205}}
{"target": -49.834762276484334, "params": {"eta": 0.27609180803797934, "max_depth": 26.82620605041764, "n_estimators": 3.630987192410576}, "datetime": {"datetime": "2021-09-29 17:02:42", "elapsed": 90.197197, "delta": 0.869184}}
{"target": -45.129513291240755, "params": {"eta": 0.1661197642866387, "max_depth": 23.25546302223808, "n_estimators": 7.6714926889750075}, "datetime": {"datetime": "2021-09-29 17:02:43", "elapsed": 91.218435, "delta": 1.021238}}
{"target": -48.92612277710893, "params": {"eta": 0.32811116014975317, "max_depth": 26.454183968841487, "n_estimators": 3.923413346503229}, "datetime": {"datetime": "2021-09-29 17:02:44", "elapsed": 92.099278, "delta": 0.880843}}
{"target": -76.04739176352821, "params": {"eta": 0.029567899547850354, "max_depth": 22.81309437653045, "n_estimators": 8.015604210360838}, "datetime": {"datetime": "2021-09-29 17:02:44", "elapsed": 92.910877, "delta": 0.811599}}
{"target": -65.2301432354047, "params": {"eta": 0.5763204557369636, "max_depth": 25.12585008402265, "n_estimators": 85.06801987573269}, "datetime": {"datetime": "2021-09-29 17:02:45", "elapsed": 93.982146, "delta": 1.071269}}
{"target": -44.92122275666517, "params": {"eta": 0.16477286903299967, "max_depth": 22.987598921235694, "n_estimators": 7.688436487197385}, "datetime": {"datetime": "2021-09-29 17:02:46", "elapsed": 95.016819, "delta": 1.034673}}
{"target": -69.40087125551302, "params": {"eta": 0.9392416645171012, "max_depth": 6.119978348901607, "n_estimators": 24.498989926723247}, "datetime": {"datetime": "2021-09-29 17:02:47", "elapsed": 95.818098, "delta": 0.801279}}
{"target": -62.82240270063551, "params": {"eta": 0.45887567354381076, "max_depth": 24.809959862715555, "n_estimators": 30.572920237344377}, "datetime": {"datetime": "2021-09-29 17:02:48", "elapsed": 96.883637, "delta": 1.065539}}
{"target": -70.06465955361469, "params": {"eta": 0.42930599917147527, "max_depth": 22.514553948660502, "n_estimators": 89.35556732778001}, "datetime": {"datetime": "2021-09-29 17:02:49", "elapsed": 98.018257, "delta": 1.13462}}
{"target": -71.53844563208534, "params": {"eta": 0.015273303725563962, "max_depth": 16.506314620622746, "n_estimators": 15.449916703220792}, "datetime": {"datetime": "2021-09-29 17:02:50", "elapsed": 99.063791, "delta": 1.045534}}
{"target": -52.302974046127126, "params": {"eta": 0.05520370874560798, "max_depth": 4.697836414534717, "n_estimators": 10.522699377546944}, "datetime": {"datetime": "2021-09-29 17:02:51", "elapsed": 100.062511, "delta": 0.99872}}
{"target": -44.47996371612346, "params": {"eta": 0.0976329617548216, "max_depth": 5.454598690507424, "n_estimators": 10.32236570878876}, "datetime": {"datetime": "2021-09-29 17:02:52", "elapsed": 101.022149, "delta": 0.959638}}
{"target": -47.659050974822094, "params": {"eta": 0.10886611667996576, "max_depth": 22.456053788384096, "n_estimators": 8.208618536861799}, "datetime": {"datetime": "2021-09-29 17:02:53", "elapsed": 101.889581, "delta": 0.867432}}
{"target": -75.64546845589292, "params": {"eta": 0.057042575086358335, "max_depth": 26.38473143723005, "n_estimators": 4.003799958569002}, "datetime": {"datetime": "2021-09-29 17:02:56", "elapsed": 104.417614, "delta": 2.528033}}
{"target": -49.789436205155276, "params": {"eta": 0.2964408616946996, "max_depth": 26.415626914021207, "n_estimators": 4.0612841788718645}, "datetime": {"datetime": "2021-09-29 17:02:57", "elapsed": 105.683574, "delta": 1.26596}}
{"target": -46.89304153136974, "params": {"eta": 0.19156923939525816, "max_depth": 5.192644086725691, "n_estimators": 10.212964140893652}, "datetime": {"datetime": "2021-09-29 17:03:02", "elapsed": 110.293921, "delta": 4.610347}}
{"target": -52.96251582897589, "params": {"eta": 0.24731544010477508, "max_depth": 22.92165363264639, "n_estimators": 7.61534245896885}, "datetime": {"datetime": "2021-09-29 17:03:04", "elapsed": 112.138633, "delta": 1.844712}}
{"target": -67.42230507949934, "params": {"eta": 0.7164165354647427, "max_depth": 12.620329091118617, "n_estimators": 30.79322108372694}, "datetime": {"datetime": "2021-09-29 17:03:05", "elapsed": 113.276507, "delta": 1.137874}}
{"target": -57.38784025298694, "params": {"eta": 0.3009860947005043, "max_depth": 4.504284944533647, "n_estimators": 10.115552265177335}, "datetime": {"datetime": "2021-09-29 17:03:06", "elapsed": 114.312507, "delta": 1.036}}
{"target": -60.20814806968815, "params": {"eta": 0.6990789952627307, "max_depth": 9.902608533092073, "n_estimators": 13.938079953945081}, "datetime": {"datetime": "2021-09-29 17:03:06", "elapsed": 114.986836, "delta": 0.674329}}
{"target": -66.95654322286009, "params": {"eta": 0.4996931302069256, "max_depth": 7.31484916836805, "n_estimators": 26.110166602142243}, "datetime": {"datetime": "2021-09-29 17:03:07", "elapsed": 115.814835, "delta": 0.827999}}
{"target": -52.96251582897589, "params": {"eta": 0.24627673866053246, "max_depth": 23.00896340407897, "n_estimators": 7.4570048884987825}, "datetime": {"datetime": "2021-09-29 17:03:08", "elapsed": 116.650464, "delta": 0.835629}}
{"target": -60.85330967301166, "params": {"eta": 0.257378307747018, "max_depth": 21.066219590704225, "n_estimators": 73.8211452531284}, "datetime": {"datetime": "2021-09-29 17:03:09", "elapsed": 117.962707, "delta": 1.312243}}
{"target": -60.64187979288897, "params": {"eta": 0.2350761422177737, "max_depth": 7.795655226005451, "n_estimators": 64.68023154580774}, "datetime": {"datetime": "2021-09-29 17:03:11", "elapsed": 119.10015, "delta": 1.137443}}
{"target": -89.02982939598323, "params": {"eta": 0.006972783921981018, "max_depth": 5.292662097262292, "n_estimators": 10.239584938222528}, "datetime": {"datetime": "2021-09-29 17:03:12", "elapsed": 120.089149, "delta": 0.988999}}
{"target": -64.1825060607746, "params": {"eta": 0.5930998348915217, "max_depth": 24.98057261221004, "n_estimators": 34.001578765333015}, "datetime": {"datetime": "2021-09-29 17:03:12", "elapsed": 121.033625, "delta": 0.944476}}
{"target": -49.369503046209786, "params": {"eta": 0.06638428344771719, "max_depth": 5.491539180951106, "n_estimators": 10.50535719822145}, "datetime": {"datetime": "2021-09-29 17:03:14", "elapsed": 122.129626, "delta": 1.096001}}
{"target": -56.96957124330482, "params": {"eta": 0.3125024716805478, "max_depth": 5.489961131292954, "n_estimators": 10.347068358167684}, "datetime": {"datetime": "2021-09-29 17:03:14", "elapsed": 123.011768, "delta": 0.882142}}
{"target": -46.71696863269184, "params": {"eta": 0.03548675891770556, "max_depth": 4.464207887267974, "n_estimators": 50.73576641038991}, "datetime": {"datetime": "2021-09-29 17:03:15", "elapsed": 123.836769, "delta": 0.825001}}
{"target": -62.52556875640975, "params": {"eta": 0.4872174238247256, "max_depth": 25.16995655953495, "n_estimators": 97.79227300021043}, "datetime": {"datetime": "2021-09-29 17:03:16", "elapsed": 124.962594, "delta": 1.125825}}
{"target": -62.4255105648433, "params": {"eta": 0.8486932820517894, "max_depth": 5.281349544590476, "n_estimators": 48.03357265478263}, "datetime": {"datetime": "2021-09-29 17:03:17", "elapsed": 125.847592, "delta": 0.884998}}
{"target": -47.97214807770217, "params": {"eta": 0.1938175132149331, "max_depth": 4.987646472815966, "n_estimators": 10.169035636676941}, "datetime": {"datetime": "2021-09-29 17:03:18", "elapsed": 126.722313, "delta": 0.874721}}
{"target": -51.13148501788922, "params": {"eta": 0.243750938355487, "max_depth": 4.64640878572111, "n_estimators": 10.553106488558907}, "datetime": {"datetime": "2021-09-29 17:03:19", "elapsed": 127.569868, "delta": 0.847555}}
