{"target": -40.770264266047015, "params": {"eta": 0.0980724997971061, "max_depth": 2.8098635056935692, "n_estimators": 10.505429721749312}, "datetime": {"datetime": "2021-09-29 20:31:23", "elapsed": 1122.659137, "delta": 4.940615}}
{"target": -55.63197008592431, "params": {"eta": 0.04981337784059964, "max_depth": 2.7765756484419626, "n_estimators": 10.610243676480247}, "datetime": {"datetime": "2021-09-29 20:31:28", "elapsed": 1128.018716, "delta": 5.359579}}
{"target": -61.99669169575775, "params": {"eta": 0.03583688476561253, "max_depth": 2.9672803756375314, "n_estimators": 10.494309378688436}, "datetime": {"datetime": "2021-09-29 20:31:36", "elapsed": 1136.027745, "delta": 8.009029}}
{"target": -53.665709012710586, "params": {"eta": 0.05125029712203773, "max_depth": 3.608290884547044, "n_estimators": 11.174920833083691}, "datetime": {"datetime": "2021-09-29 20:31:41", "elapsed": 1141.499859, "delta": 5.472114}}
{"target": -54.84567666242961, "params": {"eta": 0.15678214008381133, "max_depth": 4.531767445575568, "n_estimators": 20.89938996974115}, "datetime": {"datetime": "2021-09-29 20:31:44", "elapsed": 1143.682022, "delta": 2.182163}}
{"target": -50.53677833934175, "params": {"eta": 0.031334416889303114, "max_depth": 3.318162291041028, "n_estimators": 21.36051538640106}, "datetime": {"datetime": "2021-09-29 20:31:46", "elapsed": 1145.76113, "delta": 2.079108}}
{"target": -45.723578583795266, "params": {"eta": 0.1818366597522017, "max_depth": 2.837848046577529, "n_estimators": 10.456908907166675}, "datetime": {"datetime": "2021-09-29 20:31:51", "elapsed": 1150.947045, "delta": 5.185915}}
{"target": -49.383121670103236, "params": {"eta": 0.07543692252767156, "max_depth": 3.251955469829483, "n_estimators": 26.769828744853104}, "datetime": {"datetime": "2021-09-29 20:31:53", "elapsed": 1153.197181, "delta": 2.250136}}
{"target": -42.27416440092044, "params": {"eta": 0.1200122981186127, "max_depth": 3.0060284385054787, "n_estimators": 10.237171576999401}, "datetime": {"datetime": "2021-09-29 20:31:59", "elapsed": 1159.419062, "delta": 6.221881}}
{"target": -42.03237998119388, "params": {"eta": 0.13051765209042288, "max_depth": 2.5184880605865976, "n_estimators": 10.221083333242355}, "datetime": {"datetime": "2021-09-29 20:32:01", "elapsed": 1161.514007, "delta": 2.094945}}
{"target": -54.71075957790402, "params": {"eta": 0.16682270803187288, "max_depth": 2.919616312828503, "n_estimators": 24.463613306079804}, "datetime": {"datetime": "2021-09-29 20:32:04", "elapsed": 1163.742902, "delta": 2.228895}}
{"target": -40.2006993067916, "params": {"eta": 0.18003260162755422, "max_depth": 2.479892441696197, "n_estimators": 6.8119269155739435}, "datetime": {"datetime": "2021-09-29 20:32:11", "elapsed": 1170.589993, "delta": 6.847091}}
{"target": -46.56124877895398, "params": {"eta": 0.18632724236210074, "max_depth": 2.8739904830768217, "n_estimators": 10.180500081025546}, "datetime": {"datetime": "2021-09-29 20:32:15", "elapsed": 1175.537334, "delta": 4.947341}}
{"target": -43.5708882256461, "params": {"eta": 0.04264428961507145, "max_depth": 3.258104324749758, "n_estimators": 37.85616969172817}, "datetime": {"datetime": "2021-09-29 20:32:18", "elapsed": 1177.63177, "delta": 2.094436}}
{"target": -43.9132536094303, "params": {"eta": 0.07614646225179239, "max_depth": 2.7477684070696107, "n_estimators": 10.467149787953119}, "datetime": {"datetime": "2021-09-29 20:32:25", "elapsed": 1184.571575, "delta": 6.939805}}
{"target": -43.43745643152848, "params": {"eta": 0.19, "max_depth": 3.021129979203539, "n_estimators": 6.990629867636047}, "datetime": {"datetime": "2021-09-29 20:32:30", "elapsed": 1189.971273, "delta": 5.399698}}
{"target": -46.892792923667024, "params": {"eta": 0.08352345537195785, "max_depth": 4.8458922923184575, "n_estimators": 25.058201024099436}, "datetime": {"datetime": "2021-09-29 20:32:32", "elapsed": 1192.030425, "delta": 2.059152}}
{"target": -73.94969325376954, "params": {"eta": 0.08292190910179262, "max_depth": 2.2883627189788815, "n_estimators": 3.2565669354419766}, "datetime": {"datetime": "2021-09-29 20:32:34", "elapsed": 1193.96446, "delta": 1.934035}}
