{"target": -66.8310792737594, "params": {"eta": 0.627323887536995, "max_depth": 10.052345872496387, "n_estimators": 11.419479547116305}, "datetime": {"datetime": "2021-09-29 17:42:35", "elapsed": 512.53971, "delta": 3.330219}}
{"target": -59.65085583039179, "params": {"eta": 0.1638240627446633, "max_depth": 14.152431744326341, "n_estimators": 53.53602844099451}, "datetime": {"datetime": "2021-09-29 17:42:38", "elapsed": 514.882406, "delta": 2.342696}}
{"target": -84.47019538077072, "params": {"eta": 0.9880313472661195, "max_depth": 26.55271424536524, "n_estimators": 34.809612393394026}, "datetime": {"datetime": "2021-09-29 17:42:41", "elapsed": 517.715722, "delta": 2.833316}}
{"target": -54.70582350232638, "params": {"eta": 0.34736062509607873, "max_depth": 6.822069454476422, "n_estimators": 11.590763261802852}, "datetime": {"datetime": "2021-09-29 17:42:45", "elapsed": 522.247295, "delta": 4.531573}}
{"target": -56.279946520638966, "params": {"eta": 0.4871833394341782, "max_depth": 2.054284072288815, "n_estimators": 19.445933838065365}, "datetime": {"datetime": "2021-09-29 17:42:47", "elapsed": 524.002698, "delta": 1.755403}}
{"target": -52.2345325449032, "params": {"eta": 0.26917564451351034, "max_depth": 5.150044285156269, "n_estimators": 8.788283956566126}, "datetime": {"datetime": "2021-09-29 17:42:52", "elapsed": 529.426933, "delta": 5.424235}}
{"target": -47.24231624879978, "params": {"eta": 0.06363119087870787, "max_depth": 6.121413050377092, "n_estimators": 14.264934005365081}, "datetime": {"datetime": "2021-09-29 17:42:57", "elapsed": 534.35055, "delta": 4.923617}}
{"target": -68.27574562860363, "params": {"eta": 0.6817039725807146, "max_depth": 15.778561002352411, "n_estimators": 64.77936906313192}, "datetime": {"datetime": "2021-09-29 17:42:59", "elapsed": 536.204947, "delta": 1.854397}}
{"target": -77.721816517257, "params": {"eta": 0.8644251083125846, "max_depth": 17.970216374913836, "n_estimators": 17.624058849552725}, "datetime": {"datetime": "2021-09-29 17:43:01", "elapsed": 538.247203, "delta": 2.042256}}
{"target": -46.58596635805265, "params": {"eta": 0.3230408823064829, "max_depth": 26.972687700269205, "n_estimators": 3.2085786890438603}, "datetime": {"datetime": "2021-09-29 17:43:04", "elapsed": 541.119354, "delta": 2.872151}}
{"target": -55.45016534813062, "params": {"eta": 0.27715824834770536, "max_depth": 5.965697768841181, "n_estimators": 14.124347358311761}, "datetime": {"datetime": "2021-09-29 17:43:07", "elapsed": 544.027423, "delta": 2.908069}}
{"target": -80.33175013940422, "params": {"eta": 0.876025967253274, "max_depth": 19.320451214422803, "n_estimators": 35.887011814340426}, "datetime": {"datetime": "2021-09-29 17:43:09", "elapsed": 546.014233, "delta": 1.98681}}
{"target": -60.64235934796779, "params": {"eta": 0.04306161447460483, "max_depth": 7.310397531329003, "n_estimators": 12.270488626661333}, "datetime": {"datetime": "2021-09-29 17:43:13", "elapsed": 549.847813, "delta": 3.83358}}
{"target": -53.53109056323232, "params": {"eta": 0.08797699582901108, "max_depth": 12.133229123123856, "n_estimators": 7.230012700570068}, "datetime": {"datetime": "2021-09-29 17:43:14", "elapsed": 551.563813, "delta": 1.716}}
{"target": -43.67015895931027, "params": {"eta": 0.14067902504421462, "max_depth": 6.719948316818431, "n_estimators": 8.66802269662895}, "datetime": {"datetime": "2021-09-29 17:43:18", "elapsed": 555.199549, "delta": 3.635736}}
{"target": -77.39491880167583, "params": {"eta": 0.9774980428664993, "max_depth": 11.814239704058565, "n_estimators": 75.45988781672179}, "datetime": {"datetime": "2021-09-29 17:43:20", "elapsed": 557.334344, "delta": 2.134795}}
{"target": -59.813627428852975, "params": {"eta": 0.34497296486146983, "max_depth": 23.183263208102126, "n_estimators": 52.07924629475826}, "datetime": {"datetime": "2021-09-29 17:43:23", "elapsed": 560.289447, "delta": 2.955103}}
{"target": -60.431168518533376, "params": {"eta": 0.20084944204803873, "max_depth": 21.762429266145478, "n_estimators": 53.74977011383606}, "datetime": {"datetime": "2021-09-29 17:43:25", "elapsed": 562.426928, "delta": 2.137481}}
{"target": -52.05828536798908, "params": {"eta": 0.21384497758065174, "max_depth": 6.69281545433358, "n_estimators": 11.425011221186805}, "datetime": {"datetime": "2021-09-29 17:43:28", "elapsed": 565.13901, "delta": 2.712082}}
{"target": -49.60219941200501, "params": {"eta": 0.6185945667216376, "max_depth": 27.368353490402075, "n_estimators": 2.767090261285422}, "datetime": {"datetime": "2021-09-29 17:43:32", "elapsed": 568.847172, "delta": 3.708162}}
{"target": -48.24308592984618, "params": {"eta": 0.07379725468774574, "max_depth": 6.501679998199065, "n_estimators": 11.59376062073753}, "datetime": {"datetime": "2021-09-29 17:43:35", "elapsed": 571.606741, "delta": 2.759569}}
{"target": -54.01305821479121, "params": {"eta": 0.21881287018263404, "max_depth": 5.773527457429745, "n_estimators": 15.559240115426107}, "datetime": {"datetime": "2021-09-29 17:43:37", "elapsed": 573.783184, "delta": 2.176443}}
{"target": -66.08903812766354, "params": {"eta": 0.6610257520750953, "max_depth": 12.406786019347877, "n_estimators": 37.92757843900433}, "datetime": {"datetime": "2021-09-29 17:43:38", "elapsed": 575.268073, "delta": 1.484889}}
{"target": -47.86954123060535, "params": {"eta": 0.25691905670379145, "max_depth": 23.471700047713256, "n_estimators": 6.154133893312389}, "datetime": {"datetime": "2021-09-29 17:43:42", "elapsed": 579.023787, "delta": 3.755714}}
{"target": -43.45843985590776, "params": {"eta": 0.13039584540438134, "max_depth": 6.298380015542658, "n_estimators": 11.541137037694506}, "datetime": {"datetime": "2021-09-29 17:43:45", "elapsed": 582.152412, "delta": 3.128625}}
{"target": -72.53361324734288, "params": {"eta": 0.9311872800913469, "max_depth": 27.94564363871222, "n_estimators": 71.33783075824793}, "datetime": {"datetime": "2021-09-29 17:43:47", "elapsed": 583.806413, "delta": 1.654001}}
{"target": -64.64962900168126, "params": {"eta": 0.44662980054467455, "max_depth": 24.90291670992362, "n_estimators": 31.817008482229333}, "datetime": {"datetime": "2021-09-29 17:43:49", "elapsed": 585.901215, "delta": 2.094802}}
{"target": -45.06899597089072, "params": {"eta": 0.18105531062627364, "max_depth": 5.708881459420123, "n_estimators": 8.21641233564934}, "datetime": {"datetime": "2021-09-29 17:43:52", "elapsed": 588.657171, "delta": 2.755956}}
{"target": -57.47568981981909, "params": {"eta": 0.23954924034253966, "max_depth": 27.356997503331616, "n_estimators": 48.49230667199456}, "datetime": {"datetime": "2021-09-29 17:43:54", "elapsed": 591.301894, "delta": 2.644723}}
{"target": -60.34450561418906, "params": {"eta": 0.6489171140936517, "max_depth": 26.98008971346288, "n_estimators": 20.49827259554264}, "datetime": {"datetime": "2021-09-29 17:43:56", "elapsed": 593.232612, "delta": 1.930718}}
{"target": -53.200952623586694, "params": {"eta": 0.37231158100147815, "max_depth": 5.303195349001047, "n_estimators": 7.548427062332504}, "datetime": {"datetime": "2021-09-29 17:43:59", "elapsed": 596.349607, "delta": 3.116995}}
{"target": -61.74270456055015, "params": {"eta": 0.3834254920216931, "max_depth": 10.587293804015438, "n_estimators": 66.82413815423284}, "datetime": {"datetime": "2021-09-29 17:44:01", "elapsed": 598.413211, "delta": 2.063604}}
{"target": -50.868489793328045, "params": {"eta": 0.27477757544851306, "max_depth": 22.9836366845645, "n_estimators": 5.9486854058520375}, "datetime": {"datetime": "2021-09-29 17:44:04", "elapsed": 601.253175, "delta": 2.839964}}
{"target": -49.231959238285825, "params": {"eta": 0.2413280992405208, "max_depth": 5.605739624216288, "n_estimators": 8.789526863102424}, "datetime": {"datetime": "2021-09-29 17:44:08", "elapsed": 605.16577, "delta": 3.912595}}
{"target": -58.29720900858201, "params": {"eta": 0.0656228212133346, "max_depth": 8.343009167624992, "n_estimators": 64.72700234626978}, "datetime": {"datetime": "2021-09-29 17:44:13", "elapsed": 609.799932, "delta": 4.634162}}
{"target": -45.23225799043812, "params": {"eta": 0.34377808585523695, "max_depth": 6.452357743468665, "n_estimators": 3.435114952402832}, "datetime": {"datetime": "2021-09-29 17:44:16", "elapsed": 613.034735, "delta": 3.234803}}
{"target": -57.787523040442004, "params": {"eta": 0.17209226480252382, "max_depth": 3.950225672719576, "n_estimators": 48.2865592561268}, "datetime": {"datetime": "2021-09-29 17:44:18", "elapsed": 614.984362, "delta": 1.949627}}
{"target": -52.05162492279945, "params": {"eta": 0.20135277631682194, "max_depth": 7.124649370103083, "n_estimators": 12.195273001242734}, "datetime": {"datetime": "2021-09-29 17:44:22", "elapsed": 618.672556, "delta": 3.688194}}
{"target": -47.11834568907091, "params": {"eta": 0.37476006881025886, "max_depth": 26.945658531216285, "n_estimators": 3.0761518408718533}, "datetime": {"datetime": "2021-09-29 17:44:25", "elapsed": 622.224107, "delta": 3.551551}}
{"target": -54.2869798536106, "params": {"eta": 0.3203733215169458, "max_depth": 6.763293345187062, "n_estimators": 8.473145090352263}, "datetime": {"datetime": "2021-09-29 17:44:29", "elapsed": 626.261166, "delta": 4.037059}}
{"target": -63.70854089522747, "params": {"eta": 0.4215275606443764, "max_depth": 13.171499733140774, "n_estimators": 45.018125402630055}, "datetime": {"datetime": "2021-09-29 17:44:31", "elapsed": 628.477591, "delta": 2.216425}}
{"target": -60.756075154402055, "params": {"eta": 0.04975655310481673, "max_depth": 5.997914241621032, "n_estimators": 9.334511134339115}, "datetime": {"datetime": "2021-09-29 17:44:36", "elapsed": 633.177191, "delta": 4.6996}}
{"target": -44.01399012017091, "params": {"eta": 0.11907397286234478, "max_depth": 6.31021064587726, "n_estimators": 9.485441238538014}, "datetime": {"datetime": "2021-09-29 17:44:40", "elapsed": 637.138252, "delta": 3.961061}}
{"target": -43.83993378522978, "params": {"eta": 0.17838346814260422, "max_depth": 6.3470867520260015, "n_estimators": 9.309264269189892}, "datetime": {"datetime": "2021-09-29 17:44:45", "elapsed": 641.876535, "delta": 4.738283}}
{"target": -64.40418464437923, "params": {"eta": 0.678270346044799, "max_depth": 13.151015695167743, "n_estimators": 31.098179503860475}, "datetime": {"datetime": "2021-09-29 17:44:47", "elapsed": 643.95754, "delta": 2.081005}}
{"target": -60.00598872542378, "params": {"eta": 0.20096485113312385, "max_depth": 17.05155026282283, "n_estimators": 29.814152943418442}, "datetime": {"datetime": "2021-09-29 17:44:51", "elapsed": 647.956437, "delta": 3.998897}}
{"target": -59.93855217982333, "params": {"eta": 0.2758299273725583, "max_depth": 17.125834325932463, "n_estimators": 65.42666381334949}, "datetime": {"datetime": "2021-09-29 17:44:53", "elapsed": 649.943361, "delta": 1.986924}}
{"target": -66.56710096810694, "params": {"eta": 0.8334265301265684, "max_depth": 20.51527863505234, "n_estimators": 47.217202523151485}, "datetime": {"datetime": "2021-09-29 17:44:55", "elapsed": 651.889662, "delta": 1.946301}}
{"target": -62.92748774087325, "params": {"eta": 0.18772531638517978, "max_depth": 25.190512639333864, "n_estimators": 31.853238553546138}, "datetime": {"datetime": "2021-09-29 17:44:56", "elapsed": 653.525539, "delta": 1.635877}}
{"target": -52.499802084478695, "params": {"eta": 0.24135932286095482, "max_depth": 6.159826408901899, "n_estimators": 14.22294186717481}, "datetime": {"datetime": "2021-09-29 17:45:00", "elapsed": 657.091501, "delta": 3.565962}}
{"target": -49.32010975879031, "params": {"eta": 0.05948514628056199, "max_depth": 4.816080432644524, "n_estimators": 40.62817843827058}, "datetime": {"datetime": "2021-09-29 17:45:03", "elapsed": 659.979076, "delta": 2.887575}}
{"target": -55.233947249567116, "params": {"eta": 0.057116449355036854, "max_depth": 3.6312365248717438, "n_estimators": 57.282441413690265}, "datetime": {"datetime": "2021-09-29 17:45:04", "elapsed": 661.540835, "delta": 1.561759}}
{"target": -44.29937382920501, "params": {"eta": 0.039310414819983375, "max_depth": 4.6390587390531834, "n_estimators": 40.47931637549667}, "datetime": {"datetime": "2021-09-29 17:45:08", "elapsed": 664.930891, "delta": 3.390056}}
{"target": -52.45541000497009, "params": {"eta": 0.5298905128231123, "max_depth": 6.475506226460444, "n_estimators": 3.6094184607837105}, "datetime": {"datetime": "2021-09-29 17:45:11", "elapsed": 667.641474, "delta": 2.710583}}
{"target": -45.551504798932605, "params": {"eta": 0.027979319275169452, "max_depth": 13.77005583268565, "n_estimators": 46.9782105553702}, "datetime": {"datetime": "2021-09-29 17:45:12", "elapsed": 669.210154, "delta": 1.56868}}
{"target": -52.64268484964604, "params": {"eta": 0.2119613394620427, "max_depth": 15.429220199678449, "n_estimators": 11.008384094442478}, "datetime": {"datetime": "2021-09-29 17:45:14", "elapsed": 671.314568, "delta": 2.104414}}
{"target": -61.38868692939754, "params": {"eta": 0.39216752683788747, "max_depth": 6.308631191462563, "n_estimators": 9.298877901421175}, "datetime": {"datetime": "2021-09-29 17:45:17", "elapsed": 674.244983, "delta": 2.930415}}
{"target": -52.61104087890305, "params": {"eta": 0.4147283898140374, "max_depth": 1.367826540240114, "n_estimators": 78.9179993079927}, "datetime": {"datetime": "2021-09-29 17:45:19", "elapsed": 675.868885, "delta": 1.623902}}
{"target": -43.4339826087433, "params": {"eta": 0.18304895593285908, "max_depth": 6.727060730060962, "n_estimators": 8.844357323913396}, "datetime": {"datetime": "2021-09-29 17:45:22", "elapsed": 678.674447, "delta": 2.805562}}
{"target": -60.82394535160347, "params": {"eta": 0.1727650779606868, "max_depth": 13.86439793865767, "n_estimators": 46.80963116145609}, "datetime": {"datetime": "2021-09-29 17:45:25", "elapsed": 682.350458, "delta": 3.676011}}
{"target": -60.493059637408365, "params": {"eta": 0.46436020244357695, "max_depth": 20.214736468104423, "n_estimators": 66.11063646569508}, "datetime": {"datetime": "2021-09-29 17:45:27", "elapsed": 684.288203, "delta": 1.937745}}
{"target": -46.83386036002473, "params": {"eta": 0.18689980557799396, "max_depth": 6.957303895576431, "n_estimators": 8.792816108268951}, "datetime": {"datetime": "2021-09-29 17:45:30", "elapsed": 687.173332, "delta": 2.885129}}
{"target": -45.08392143124257, "params": {"eta": 0.1546242784841849, "max_depth": 6.685537179466441, "n_estimators": 11.567026014585498}, "datetime": {"datetime": "2021-09-29 17:45:33", "elapsed": 689.932003, "delta": 2.758671}}
{"target": -59.40045015594051, "params": {"eta": 0.7224051031782772, "max_depth": 23.22139391554726, "n_estimators": 12.233151785741732}, "datetime": {"datetime": "2021-09-29 17:45:34", "elapsed": 691.57429, "delta": 1.642287}}
{"target": -74.14127734034138, "params": {"eta": 0.9071096688441063, "max_depth": 14.509409019511741, "n_estimators": 62.30709290488383}, "datetime": {"datetime": "2021-09-29 17:45:37", "elapsed": 693.636468, "delta": 2.062178}}
{"target": -55.42149129687939, "params": {"eta": 0.06985058464046785, "max_depth": 6.622604320249521, "n_estimators": 8.952698850294155}, "datetime": {"datetime": "2021-09-29 17:45:41", "elapsed": 697.670783, "delta": 4.034315}}
{"target": -59.99879490145324, "params": {"eta": 0.22098500804377863, "max_depth": 11.64784538511911, "n_estimators": 69.25454267612557}, "datetime": {"datetime": "2021-09-29 17:45:43", "elapsed": 699.770424, "delta": 2.099641}}
{"target": -51.19033523154498, "params": {"eta": 0.37388654555487144, "max_depth": 23.645505034274404, "n_estimators": 6.10810009635142}, "datetime": {"datetime": "2021-09-29 17:45:47", "elapsed": 704.506595, "delta": 4.736171}}
{"target": -48.798330086893365, "params": {"eta": 0.036841956521577866, "max_depth": 13.531905553014582, "n_estimators": 47.088163493958874}, "datetime": {"datetime": "2021-09-29 17:45:51", "elapsed": 707.758836, "delta": 3.252241}}
{"target": -63.50152268627345, "params": {"eta": 0.06870665261338062, "max_depth": 28.650001588293225, "n_estimators": 76.90333839798657}, "datetime": {"datetime": "2021-09-29 17:45:53", "elapsed": 710.171814, "delta": 2.412978}}
{"target": -44.37305557692801, "params": {"eta": 0.16952871647297785, "max_depth": 5.042103571061451, "n_estimators": 9.639430400228248}, "datetime": {"datetime": "2021-09-29 17:45:58", "elapsed": 714.628077, "delta": 4.456263}}
{"target": -47.820397389985565, "params": {"eta": 0.08891372603179255, "max_depth": 6.32140962995167, "n_estimators": 9.416599653519507}, "datetime": {"datetime": "2021-09-29 17:46:01", "elapsed": 717.857471, "delta": 3.229394}}
{"target": -50.15441066652809, "params": {"eta": 0.22529200760287202, "max_depth": 4.923506612623091, "n_estimators": 9.567202249996232}, "datetime": {"datetime": "2021-09-29 17:46:05", "elapsed": 721.956519, "delta": 4.099048}}
{"target": -60.71379320981328, "params": {"eta": 0.20894459055441536, "max_depth": 13.262566596705264, "n_estimators": 74.48670851104202}, "datetime": {"datetime": "2021-09-29 17:46:07", "elapsed": 724.192812, "delta": 2.236293}}
{"target": -51.499416321017634, "params": {"eta": 0.21229966046684834, "max_depth": 6.466238218870932, "n_estimators": 3.4182070288059254}, "datetime": {"datetime": "2021-09-29 17:46:12", "elapsed": 728.839967, "delta": 4.647155}}
{"target": -50.81705375736346, "params": {"eta": 0.17415472454106404, "max_depth": 25.724827742279743, "n_estimators": 11.764342185503715}, "datetime": {"datetime": "2021-09-29 17:46:13", "elapsed": 730.536868, "delta": 1.696901}}
{"target": -56.85386902669769, "params": {"eta": 0.1735000717888606, "max_depth": 4.527066990645179, "n_estimators": 40.34349846102644}, "datetime": {"datetime": "2021-09-29 17:46:17", "elapsed": 733.773577, "delta": 3.236709}}
{"target": -56.66831245505236, "params": {"eta": 0.45131601078484945, "max_depth": 7.248394295644317, "n_estimators": 79.05046339903325}, "datetime": {"datetime": "2021-09-29 17:46:19", "elapsed": 735.992116, "delta": 2.218539}}
{"target": -46.91614791807483, "params": {"eta": 0.4115265450126544, "max_depth": 6.49121346332898, "n_estimators": 3.341391634817066}, "datetime": {"datetime": "2021-09-29 17:46:23", "elapsed": 740.341555, "delta": 4.349439}}
{"target": -63.72624534846546, "params": {"eta": 0.012657591351865716, "max_depth": 4.776022791748072, "n_estimators": 40.438463080109486}, "datetime": {"datetime": "2021-09-29 17:46:27", "elapsed": 743.940633, "delta": 3.599078}}
{"target": -59.77236771177521, "params": {"eta": 0.3430740698546265, "max_depth": 28.51384485444326, "n_estimators": 21.172086537957284}, "datetime": {"datetime": "2021-09-29 17:46:29", "elapsed": 745.663247, "delta": 1.722614}}
{"target": -52.554044443376824, "params": {"eta": 0.45728354991350534, "max_depth": 26.92199206725344, "n_estimators": 3.2372647678106943}, "datetime": {"datetime": "2021-09-29 17:46:32", "elapsed": 749.30283, "delta": 3.639583}}
{"target": -43.253999780230174, "params": {"eta": 0.20499260365015778, "max_depth": 5.620079721623558, "n_estimators": 7.724108676269879}, "datetime": {"datetime": "2021-09-29 17:46:36", "elapsed": 752.870803, "delta": 3.567973}}
{"target": -45.68698336074024, "params": {"eta": 0.13922754898928402, "max_depth": 7.047547678998369, "n_estimators": 12.548810383020077}, "datetime": {"datetime": "2021-09-29 17:46:40", "elapsed": 757.446513, "delta": 4.57571}}
{"target": -52.69169587970214, "params": {"eta": 0.610919694026446, "max_depth": 26.816073117209186, "n_estimators": 2.7404980591942287}, "datetime": {"datetime": "2021-09-29 17:46:44", "elapsed": 761.422097, "delta": 3.975584}}
{"target": -55.334163110466896, "params": {"eta": 0.7116770121915751, "max_depth": 1.541157285987125, "n_estimators": 42.694239318142955}, "datetime": {"datetime": "2021-09-29 17:46:46", "elapsed": 763.169648, "delta": 1.747551}}
{"target": -46.83386036002473, "params": {"eta": 0.19172383280843266, "max_depth": 6.7966718430155755, "n_estimators": 8.87383063427341}, "datetime": {"datetime": "2021-09-29 17:46:50", "elapsed": 766.826805, "delta": 3.657157}}
{"target": -44.74137071255871, "params": {"eta": 0.17563709068681907, "max_depth": 5.381519905822588, "n_estimators": 7.738822941092583}, "datetime": {"datetime": "2021-09-29 17:46:54", "elapsed": 771.016824, "delta": 4.190019}}
{"target": -45.724060987372305, "params": {"eta": 0.13542074590908323, "max_depth": 7.255097149227306, "n_estimators": 11.959856420788967}, "datetime": {"datetime": "2021-09-29 17:46:58", "elapsed": 775.495815, "delta": 4.478991}}
{"target": -57.64110920487349, "params": {"eta": 0.10666488312468476, "max_depth": 26.15825200546667, "n_estimators": 58.018633466212336}, "datetime": {"datetime": "2021-09-29 17:47:01", "elapsed": 777.874201, "delta": 2.378386}}
{"target": -53.20313914656871, "params": {"eta": 0.22565338267106808, "max_depth": 26.884819538523864, "n_estimators": 14.781708457042662}, "datetime": {"datetime": "2021-09-29 17:47:05", "elapsed": 782.41083, "delta": 4.536629}}
{"target": -49.12547575226052, "params": {"eta": 0.13654382896414952, "max_depth": 26.79731044060731, "n_estimators": 14.616750424861278}, "datetime": {"datetime": "2021-09-29 17:47:11", "elapsed": 787.651192, "delta": 5.240362}}
{"target": -51.063531771636185, "params": {"eta": 0.26527319864216026, "max_depth": 2.9015325654803927, "n_estimators": 9.104954569697773}, "datetime": {"datetime": "2021-09-29 17:47:13", "elapsed": 789.669869, "delta": 2.018677}}
{"target": -51.95391903377521, "params": {"eta": 0.6015585149744497, "max_depth": 5.512353291237752, "n_estimators": 23.71691592656447}, "datetime": {"datetime": "2021-09-29 17:47:15", "elapsed": 791.610287, "delta": 1.940418}}
{"target": -47.58041158090224, "params": {"eta": 0.05166924987484585, "max_depth": 16.57601169094699, "n_estimators": 35.88471798486912}, "datetime": {"datetime": "2021-09-29 17:47:19", "elapsed": 796.287821, "delta": 4.677534}}
