{"target": -61.066258402505326, "params": {"C": 155.61050587180878, "epsilon": 1.2130656822276833, "gamma": 0.038994550141215945}, "datetime": {"datetime": "2021-09-29 21:25:02", "elapsed": 28.721988, "delta": 0.554001}}
{"target": -61.04809264006735, "params": {"C": 129.12159788585643, "epsilon": 0.31308350108532274, "gamma": 0.04150899203318813}, "datetime": {"datetime": "2021-09-29 21:25:02", "elapsed": 29.075988, "delta": 0.354}}
{"target": -61.05464488374207, "params": {"C": 150.9966572652231, "epsilon": 0.216478223015621, "gamma": 0.028050201089795956}, "datetime": {"datetime": "2021-09-29 21:25:03", "elapsed": 29.550277, "delta": 0.474289}}
{"target": -57.86514810157056, "params": {"C": 199.01250314551464, "epsilon": 2.2349506742900074, "gamma": 0.007145468652488303}, "datetime": {"datetime": "2021-09-29 21:25:03", "elapsed": 29.99661, "delta": 0.446333}}
{"target": -58.830493064357, "params": {"C": 117.8589802417522, "epsilon": 1.4929493977409665, "gamma": 0.01785858082201901}, "datetime": {"datetime": "2021-09-29 21:25:04", "elapsed": 30.587605, "delta": 0.590995}}
{"target": -59.67332310016462, "params": {"C": 149.43823828108447, "epsilon": 2.489684567151519, "gamma": 0.02726119107321388}, "datetime": {"datetime": "2021-09-29 21:25:04", "elapsed": 31.04961, "delta": 0.462005}}
{"target": -60.83380147943812, "params": {"C": 146.17831182592158, "epsilon": 2.1023664107193567, "gamma": 0.03389047527131197}, "datetime": {"datetime": "2021-09-29 21:25:05", "elapsed": 31.64961, "delta": 0.6}}
{"target": -57.3497026894269, "params": {"C": 186.06071490993673, "epsilon": 1.7284343022671822, "gamma": 0.005223863882297849}, "datetime": {"datetime": "2021-09-29 21:25:05", "elapsed": 32.20135, "delta": 0.55174}}
{"target": -59.13435623678341, "params": {"C": 118.19637477438263, "epsilon": 1.4781583959854874, "gamma": 0.000303909321957405}, "datetime": {"datetime": "2021-09-29 21:25:06", "elapsed": 32.614354, "delta": 0.413004}}
{"target": -58.19259386240721, "params": {"C": 156.5310520851828, "epsilon": 2.6544322686201993, "gamma": 0.00030882703054939745}, "datetime": {"datetime": "2021-09-29 21:25:06", "elapsed": 33.148352, "delta": 0.533998}}
{"target": -59.646982718517705, "params": {"C": 138.33081446464, "epsilon": 2.211222898075172, "gamma": 0.02707567496142129}, "datetime": {"datetime": "2021-09-29 21:25:07", "elapsed": 33.678351, "delta": 0.529999}}
{"target": -59.59511032836525, "params": {"C": 181.19389471724512, "epsilon": 1.4776601868172572, "gamma": 0.018896679106608687}, "datetime": {"datetime": "2021-09-29 21:25:07", "elapsed": 34.189644, "delta": 0.511293}}
{"target": -61.173151904290904, "params": {"C": 188.21926181604596, "epsilon": 1.2942061349889797, "gamma": 0.036251176898837396}, "datetime": {"datetime": "2021-09-29 21:25:08", "elapsed": 34.670426, "delta": 0.480782}}
{"target": -56.95127289321971, "params": {"C": 194.50151366520993, "epsilon": 0.4157627002346848, "gamma": 0.004882757157558561}, "datetime": {"datetime": "2021-09-29 21:25:08", "elapsed": 35.134421, "delta": 0.463995}}
{"target": -59.20504109043853, "params": {"C": 116.79527736097326, "epsilon": 2.5628577236538055, "gamma": 0.023698743667589128}, "datetime": {"datetime": "2021-09-29 21:25:09", "elapsed": 35.558421, "delta": 0.424}}
{"target": -60.10597910351467, "params": {"C": 142.8994424406133, "epsilon": 0.7649168928515652, "gamma": 0.023487750047005405}, "datetime": {"datetime": "2021-09-29 21:25:09", "elapsed": 36.035762, "delta": 0.477341}}
{"target": -61.11899601859253, "params": {"C": 175.73483259471226, "epsilon": 1.1635274563897005, "gamma": 0.038081033334463846}, "datetime": {"datetime": "2021-09-29 21:25:10", "elapsed": 36.414766, "delta": 0.379004}}
{"target": -60.705321338172766, "params": {"C": 105.15864848664641, "epsilon": 1.0807471897046808, "gamma": 0.03963169321212946}, "datetime": {"datetime": "2021-09-29 21:25:10", "elapsed": 36.800936, "delta": 0.38617}}
{"target": -61.189386937792825, "params": {"C": 151.04718262711498, "epsilon": 0.07635182158100934, "gamma": 0.04125277259515704}, "datetime": {"datetime": "2021-09-29 21:25:10", "elapsed": 37.296936, "delta": 0.496}}
{"target": -55.03794859815944, "params": {"C": 196.85199384758846, "epsilon": 2.936004801309404, "gamma": 0.000920736680328507}, "datetime": {"datetime": "2021-09-29 21:25:11", "elapsed": 37.700934, "delta": 0.403998}}
{"target": -62.124089019648885, "params": {"C": 199.36447583042542, "epsilon": 1.4192928060585859, "gamma": 0.04440398715933886}, "datetime": {"datetime": "2021-09-29 21:25:11", "elapsed": 38.163934, "delta": 0.463}}
{"target": -59.122929548251115, "params": {"C": 108.29391058417143, "epsilon": 2.8794571506914632, "gamma": 0.028021437579687156}, "datetime": {"datetime": "2021-09-29 21:25:12", "elapsed": 38.575938, "delta": 0.412004}}
{"target": -60.821603802806756, "params": {"C": 161.77102522766802, "epsilon": 0.9195179547589637, "gamma": 0.026200376307649396}, "datetime": {"datetime": "2021-09-29 21:25:12", "elapsed": 39.004936, "delta": 0.428998}}
{"target": -59.39778872262577, "params": {"C": 124.04643105016866, "epsilon": 1.2723005622157073, "gamma": 0.022746805996144915}, "datetime": {"datetime": "2021-09-29 21:25:12", "elapsed": 39.400603, "delta": 0.395667}}
{"target": -56.89752810204553, "params": {"C": 148.43204538663804, "epsilon": 2.7837215205637578, "gamma": 0.005399853993669374}, "datetime": {"datetime": "2021-09-29 21:25:13", "elapsed": 39.8379, "delta": 0.437297}}
{"target": -56.15774341890302, "params": {"C": 113.24458343997436, "epsilon": 1.3375683520479065, "gamma": 0.0033567092047650415}, "datetime": {"datetime": "2021-09-29 21:25:13", "elapsed": 40.362897, "delta": 0.524997}}
{"target": -61.097652172921414, "params": {"C": 134.70352532470775, "epsilon": 0.2540446991966456, "gamma": 0.044253844487192086}, "datetime": {"datetime": "2021-09-29 21:25:14", "elapsed": 40.789898, "delta": 0.427001}}
{"target": -56.80426436282231, "params": {"C": 180.315270247768, "epsilon": 1.3111791221372435, "gamma": 0.004801754414989539}, "datetime": {"datetime": "2021-09-29 21:25:14", "elapsed": 41.224898, "delta": 0.435}}
{"target": -60.35921178274055, "params": {"C": 183.087920643332, "epsilon": 0.9496837514039622, "gamma": 0.021099322699651184}, "datetime": {"datetime": "2021-09-29 21:25:15", "elapsed": 41.690902, "delta": 0.466004}}
{"target": -57.79329188910396, "params": {"C": 102.36761105038667, "epsilon": 2.2422607899232623, "gamma": 0.011336880007153716}, "datetime": {"datetime": "2021-09-29 21:25:15", "elapsed": 42.221204, "delta": 0.530302}}
{"target": -61.21608388622937, "params": {"C": 124.86655354023715, "epsilon": 2.6334130082490854, "gamma": 0.045683186023567315}, "datetime": {"datetime": "2021-09-29 21:25:16", "elapsed": 42.671204, "delta": 0.45}}
{"target": -62.00519793427047, "params": {"C": 179.73082508449374, "epsilon": 1.727640680873834, "gamma": 0.047207241647116184}, "datetime": {"datetime": "2021-09-29 21:25:16", "elapsed": 43.121203, "delta": 0.449999}}
{"target": -61.23254377393682, "params": {"C": 134.95593616898466, "epsilon": 1.4916595595057793, "gamma": 0.04687950654250321}, "datetime": {"datetime": "2021-09-29 21:25:17", "elapsed": 43.592205, "delta": 0.471002}}
{"target": -58.8200274573142, "params": {"C": 166.13695208614973, "epsilon": 2.389299512726779, "gamma": 0.013286530109123057}, "datetime": {"datetime": "2021-09-29 21:25:17", "elapsed": 44.045871, "delta": 0.453666}}
{"target": -57.984730700872255, "params": {"C": 115.23302346568852, "epsilon": 1.8721621263461525, "gamma": 0.011766807082791172}, "datetime": {"datetime": "2021-09-29 21:25:18", "elapsed": 44.704482, "delta": 0.658611}}
{"target": -61.233282524729496, "params": {"C": 164.35745371205508, "epsilon": 1.8689391625396337, "gamma": 0.03489834156419218}, "datetime": {"datetime": "2021-09-29 21:25:18", "elapsed": 45.147481, "delta": 0.442999}}
{"target": -56.769310123283454, "params": {"C": 144.24826469863856, "epsilon": 2.704496251164382, "gamma": 0.004600914867877391}, "datetime": {"datetime": "2021-09-29 21:25:19", "elapsed": 45.559489, "delta": 0.412008}}
{"target": -59.066475324001765, "params": {"C": 164.70439531088763, "epsilon": 1.6150194206726776, "gamma": 0.016446315101004954}, "datetime": {"datetime": "2021-09-29 21:25:19", "elapsed": 46.075134, "delta": 0.515645}}
{"target": -61.24505954420982, "params": {"C": 176.52569558483637, "epsilon": 0.26630718363399813, "gamma": 0.026713924676619913}, "datetime": {"datetime": "2021-09-29 21:25:20", "elapsed": 46.501142, "delta": 0.426008}}
{"target": -60.05739438367843, "params": {"C": 196.0027847766566, "epsilon": 2.266942701189539, "gamma": 0.023295383439078554}, "datetime": {"datetime": "2021-09-29 21:25:20", "elapsed": 46.969129, "delta": 0.467987}}
{"target": -61.47014395268202, "params": {"C": 144.962503305393, "epsilon": 2.739442044743922, "gamma": 0.04741116823613065}, "datetime": {"datetime": "2021-09-29 21:25:20", "elapsed": 47.391135, "delta": 0.422006}}
{"target": -59.31715603336459, "params": {"C": 111.34741018017985, "epsilon": 2.422551706029646, "gamma": 0.029119074281869002}, "datetime": {"datetime": "2021-09-29 21:25:21", "elapsed": 47.863132, "delta": 0.471997}}
{"target": -62.20647801711357, "params": {"C": 199.42750981129728, "epsilon": 2.5791446210015185, "gamma": 0.04537085511644725}, "datetime": {"datetime": "2021-09-29 21:25:21", "elapsed": 48.258329, "delta": 0.395197}}
{"target": -60.236424360861264, "params": {"C": 172.61978636648416, "epsilon": 1.697263817229491, "gamma": 0.023904422128004386}, "datetime": {"datetime": "2021-09-29 21:25:22", "elapsed": 48.809322, "delta": 0.550993}}
{"target": -59.2189089197318, "params": {"C": 142.4534036292061, "epsilon": 0.873279627844197, "gamma": 0.017505579102540646}, "datetime": {"datetime": "2021-09-29 21:25:22", "elapsed": 49.243327, "delta": 0.434005}}
{"target": -59.354137841385125, "params": {"C": 125.5790429204762, "epsilon": 0.5770523312008882, "gamma": 0.021115429501071543}, "datetime": {"datetime": "2021-09-29 21:25:23", "elapsed": 49.680002, "delta": 0.436675}}
{"target": -59.86420546871185, "params": {"C": 142.77268668107956, "epsilon": 0.295732523537132, "gamma": 0.02122616644847697}, "datetime": {"datetime": "2021-09-29 21:25:23", "elapsed": 50.142642, "delta": 0.46264}}
{"target": -62.51701145544031, "params": {"C": 180.84113546498622, "epsilon": 0.6037647018706548, "gamma": 0.04967503113715389}, "datetime": {"datetime": "2021-09-29 21:25:24", "elapsed": 50.626647, "delta": 0.484005}}
{"target": -60.99655077026481, "params": {"C": 154.4232069206874, "epsilon": 0.9393441892541812, "gamma": 0.029764155132357095}, "datetime": {"datetime": "2021-09-29 21:25:24", "elapsed": 51.073636, "delta": 0.446989}}
{"target": -59.22853636200139, "params": {"C": 189.71698478100672, "epsilon": 2.2705570526771166, "gamma": 0.017813877139351487}, "datetime": {"datetime": "2021-09-29 21:25:25", "elapsed": 51.585637, "delta": 0.512001}}
{"target": -59.43042605499619, "params": {"C": 140.67094206529765, "epsilon": 2.0673866734864936, "gamma": 0.021295395734539237}, "datetime": {"datetime": "2021-09-29 21:25:25", "elapsed": 52.054012, "delta": 0.468375}}
{"target": -56.76353217024762, "params": {"C": 112.57627277620126, "epsilon": 0.7552370665060907, "gamma": 0.007442595872384607}, "datetime": {"datetime": "2021-09-29 21:25:26", "elapsed": 52.513055, "delta": 0.459043}}
{"target": -61.41982450598585, "params": {"C": 180.06556780693384, "epsilon": 0.8439923379698558, "gamma": 0.030009386877687824}, "datetime": {"datetime": "2021-09-29 21:25:26", "elapsed": 53.082017, "delta": 0.568962}}
{"target": -61.37381098148437, "params": {"C": 152.81516704671517, "epsilon": 2.318911254515813, "gamma": 0.04519694124326851}, "datetime": {"datetime": "2021-09-29 21:25:27", "elapsed": 53.562056, "delta": 0.480039}}
{"target": -61.2761940444293, "params": {"C": 157.65019703962787, "epsilon": 0.08920265755728848, "gamma": 0.03147944850482618}, "datetime": {"datetime": "2021-09-29 21:25:27", "elapsed": 54.106301, "delta": 0.544245}}
{"target": -61.33573697820993, "params": {"C": 133.00514203810303, "epsilon": 0.45787820304449306, "gamma": 0.04880645996392619}, "datetime": {"datetime": "2021-09-29 21:25:28", "elapsed": 54.585943, "delta": 0.479642}}
{"target": -60.65879059060827, "params": {"C": 152.964166421416, "epsilon": 2.387925158769991, "gamma": 0.03211012150106205}, "datetime": {"datetime": "2021-09-29 21:25:28", "elapsed": 55.085953, "delta": 0.50001}}
{"target": -61.37638183013942, "params": {"C": 169.98133521409304, "epsilon": 0.38915640615955327, "gamma": 0.034611983155802224}, "datetime": {"datetime": "2021-09-29 21:25:29", "elapsed": 55.688946, "delta": 0.602993}}
{"target": -58.48215096194369, "params": {"C": 147.01879953328753, "epsilon": 1.6031793311101705, "gamma": 0.013655966286025258}, "datetime": {"datetime": "2021-09-29 21:25:29", "elapsed": 56.303099, "delta": 0.614153}}
{"target": -57.114080282476486, "params": {"C": 146.5341249825987, "epsilon": 0.31248599598962873, "gamma": 0.007002340579025735}, "datetime": {"datetime": "2021-09-29 21:25:30", "elapsed": 56.891096, "delta": 0.587997}}
{"target": -58.28942817942963, "params": {"C": 167.07067823957763, "epsilon": 2.373011961022439, "gamma": 0.009447876025869498}, "datetime": {"datetime": "2021-09-29 21:25:31", "elapsed": 57.432097, "delta": 0.541001}}
{"target": -57.81575177090511, "params": {"C": 100.80222564294368, "epsilon": 0.4795359313879894, "gamma": 0.01252742074796833}, "datetime": {"datetime": "2021-09-29 21:25:31", "elapsed": 58.104627, "delta": 0.67253}}
{"target": -59.24134566465167, "params": {"C": 138.266474854033, "epsilon": 1.1796233590586136, "gamma": 0.01838447328650191}, "datetime": {"datetime": "2021-09-29 21:25:32", "elapsed": 58.667628, "delta": 0.563001}}
{"target": -60.54243698781898, "params": {"C": 128.98709727156958, "epsilon": 1.241725817157578, "gamma": 0.03159405553598991}, "datetime": {"datetime": "2021-09-29 21:25:32", "elapsed": 59.273626, "delta": 0.605998}}
{"target": -55.118889342201584, "params": {"C": 121.14691336207409, "epsilon": 0.7894020186470891, "gamma": 0.0011188443751504306}, "datetime": {"datetime": "2021-09-29 21:25:33", "elapsed": 59.928839, "delta": 0.655213}}
{"target": -59.671891489162086, "params": {"C": 129.15648660091966, "epsilon": 2.357367934598435, "gamma": 0.02960709998921393}, "datetime": {"datetime": "2021-09-29 21:25:34", "elapsed": 60.46684, "delta": 0.538001}}
{"target": -61.23416496893185, "params": {"C": 171.87359393095144, "epsilon": 1.0999431681533998, "gamma": 0.03541893515241496}, "datetime": {"datetime": "2021-09-29 21:25:34", "elapsed": 61.025841, "delta": 0.559001}}
{"target": -61.05367030848613, "params": {"C": 125.55299729357888, "epsilon": 0.33946818898943365, "gamma": 0.04578334828314027}, "datetime": {"datetime": "2021-09-29 21:25:35", "elapsed": 61.597838, "delta": 0.571997}}
{"target": -60.69281372146907, "params": {"C": 186.07793502846627, "epsilon": 1.3392501031350585, "gamma": 0.0244999966555352}, "datetime": {"datetime": "2021-09-29 21:25:35", "elapsed": 62.172747, "delta": 0.574909}}
{"target": -61.21742729241172, "params": {"C": 132.82233192756726, "epsilon": 0.0448407603010918, "gamma": 0.04610365465106441}, "datetime": {"datetime": "2021-09-29 21:25:36", "elapsed": 62.761742, "delta": 0.588995}}
{"target": -58.540939564524386, "params": {"C": 104.94172176891212, "epsilon": 1.781013491129903, "gamma": 0.017935818644004953}, "datetime": {"datetime": "2021-09-29 21:25:36", "elapsed": 63.308748, "delta": 0.547006}}
{"target": -61.01886785500826, "params": {"C": 171.83981780483597, "epsilon": 1.1352045489277627, "gamma": 0.028358382843303404}, "datetime": {"datetime": "2021-09-29 21:25:37", "elapsed": 63.924741, "delta": 0.615993}}
{"target": -58.27767699778573, "params": {"C": 113.25439665722305, "epsilon": 1.3265755744641976, "gamma": 0.013467259245815452}, "datetime": {"datetime": "2021-09-29 21:25:38", "elapsed": 64.547228, "delta": 0.622487}}
{"target": -61.907273751578074, "params": {"C": 191.96674475920594, "epsilon": 1.8988832510737372, "gamma": 0.04440262363754234}, "datetime": {"datetime": "2021-09-29 21:25:38", "elapsed": 65.15123, "delta": 0.604002}}
{"target": -59.71744195473252, "params": {"C": 100.301304285607, "epsilon": 2.471728033028607, "gamma": 0.03563015945076671}, "datetime": {"datetime": "2021-09-29 21:25:39", "elapsed": 65.755229, "delta": 0.603999}}
{"target": -61.95249089802576, "params": {"C": 173.84430421480133, "epsilon": 2.4386127248912883, "gamma": 0.04799529689336688}, "datetime": {"datetime": "2021-09-29 21:25:39", "elapsed": 66.34557, "delta": 0.590341}}
{"target": -57.97174630136512, "params": {"C": 128.9070651480063, "epsilon": 2.557173461661887, "gamma": 0.013419220468826947}, "datetime": {"datetime": "2021-09-29 21:25:40", "elapsed": 66.980567, "delta": 0.634997}}
{"target": -58.954945370654265, "params": {"C": 112.67825574852873, "epsilon": 2.4688223999421, "gamma": 0.01998012900455371}, "datetime": {"datetime": "2021-09-29 21:25:41", "elapsed": 67.592565, "delta": 0.611998}}
{"target": -59.20460144877055, "params": {"C": 104.71289724989182, "epsilon": 2.588058350241156, "gamma": 0.02966021946644073}, "datetime": {"datetime": "2021-09-29 21:25:41", "elapsed": 68.315307, "delta": 0.722742}}
{"target": -59.2350381559314, "params": {"C": 181.12075938244942, "epsilon": 1.0724134661469054, "gamma": 0.015305085925274103}, "datetime": {"datetime": "2021-09-29 21:25:42", "elapsed": 68.922309, "delta": 0.607002}}
{"target": -58.62077249540478, "params": {"C": 103.29753067799881, "epsilon": 1.237502733353879, "gamma": 0.018261878625421946}, "datetime": {"datetime": "2021-09-29 21:25:43", "elapsed": 69.532177, "delta": 0.609868}}
{"target": -59.32940932231339, "params": {"C": 148.42321230375933, "epsilon": 2.7901558323702296, "gamma": 0.02496484412193635}, "datetime": {"datetime": "2021-09-29 21:25:43", "elapsed": 70.33869, "delta": 0.806513}}
{"target": -56.39526836566969, "params": {"C": 112.56459828802427, "epsilon": 1.9588582898640232, "gamma": 0.004122907009241023}, "datetime": {"datetime": "2021-09-29 21:25:44", "elapsed": 71.07169, "delta": 0.733}}
{"target": -58.899521176591975, "params": {"C": 106.70017209940687, "epsilon": 2.4530695221518792, "gamma": 0.02204911943166022}, "datetime": {"datetime": "2021-09-29 21:25:45", "elapsed": 71.836688, "delta": 0.764998}}
{"target": -57.203240505859384, "params": {"C": 111.25104138658112, "epsilon": 1.058979782824524, "gamma": 0.008839012903945925}, "datetime": {"datetime": "2021-09-29 21:25:46", "elapsed": 72.483103, "delta": 0.646415}}
{"target": -61.079833873683896, "params": {"C": 140.19585019192687, "epsilon": 0.5591806981074606, "gamma": 0.04031124711060388}, "datetime": {"datetime": "2021-09-29 21:25:46", "elapsed": 73.1411, "delta": 0.657997}}
{"target": -58.18514841963841, "params": {"C": 161.99820682025745, "epsilon": 0.8207405295317993, "gamma": 0.008661607574197547}, "datetime": {"datetime": "2021-09-29 21:25:47", "elapsed": 73.844105, "delta": 0.703005}}
{"target": -58.753041637031245, "params": {"C": 113.26299161293582, "epsilon": 1.308498838510652, "gamma": 0.01806528034979355}, "datetime": {"datetime": "2021-09-29 21:25:48", "elapsed": 74.505821, "delta": 0.661716}}
{"target": -57.91963042083743, "params": {"C": 166.51713165089677, "epsilon": 2.144271472883868, "gamma": 0.008459032293532792}, "datetime": {"datetime": "2021-09-29 21:25:48", "elapsed": 75.298814, "delta": 0.792993}}
{"target": -57.941763500360096, "params": {"C": 107.74030287935902, "epsilon": 0.7847011108101543, "gamma": 0.011287980230138177}, "datetime": {"datetime": "2021-09-29 21:25:49", "elapsed": 75.986005, "delta": 0.687191}}
{"target": -58.46518275735184, "params": {"C": 143.4050993778921, "epsilon": 0.5727764292888134, "gamma": 0.013698769207445694}, "datetime": {"datetime": "2021-09-29 21:25:50", "elapsed": 76.62501, "delta": 0.639005}}
{"target": -62.04116916019279, "params": {"C": 178.92592052778093, "epsilon": 1.1036609589790602, "gamma": 0.04679547299332042}, "datetime": {"datetime": "2021-09-29 21:25:50", "elapsed": 77.336012, "delta": 0.711002}}
{"target": -56.51779418175382, "params": {"C": 103.79005577371936, "epsilon": 1.8193224597685147, "gamma": 0.005039374129284597}, "datetime": {"datetime": "2021-09-29 21:25:51", "elapsed": 78.019193, "delta": 0.683181}}
{"target": -60.00747778290807, "params": {"C": 113.2111569727097, "epsilon": 1.3264574137315452, "gamma": 0.029195630571304265}, "datetime": {"datetime": "2021-09-29 21:25:52", "elapsed": 78.827194, "delta": 0.808001}}
{"target": -57.579704001659515, "params": {"C": 109.07595168652708, "epsilon": 1.8449163489971179, "gamma": 0.009697397215206188}, "datetime": {"datetime": "2021-09-29 21:25:53", "elapsed": 79.439858, "delta": 0.612664}}
{"target": -61.54230732573579, "params": {"C": 199.8846386110211, "epsilon": 0.13349131889752294, "gamma": 0.038546919534325576}, "datetime": {"datetime": "2021-09-29 21:25:53", "elapsed": 80.268333, "delta": 0.828475}}
{"target": -57.65201379975948, "params": {"C": 149.84818329141456, "epsilon": 1.2516564301177766, "gamma": 0.00740455533393819}, "datetime": {"datetime": "2021-09-29 21:25:54", "elapsed": 80.990329, "delta": 0.721996}}
{"target": -55.65782954212206, "params": {"C": 103.80154538050566, "epsilon": 1.7945282523179327, "gamma": 0.0009508443842900629}, "datetime": {"datetime": "2021-09-29 21:25:55", "elapsed": 81.805331, "delta": 0.815002}}
{"target": -58.765684220159784, "params": {"C": 103.8255112968259, "epsilon": 1.8198909786377462, "gamma": 0.019844643075350814}, "datetime": {"datetime": "2021-09-29 21:25:56", "elapsed": 82.675669, "delta": 0.870338}}
{"target": -60.499930965259395, "params": {"C": 112.55922471510235, "epsilon": 0.7588516289578432, "gamma": 0.03357631744560529}, "datetime": {"datetime": "2021-09-29 21:25:57", "elapsed": 83.522671, "delta": 0.847002}}
