{"target": -58.22386722820737, "params": {"C": 41.42941800900143, "epsilon": 2.5756112744712376, "gamma": 0.03645559680576362}, "datetime": {"datetime": "2021-09-29 21:16:00", "elapsed": 1240.307818, "delta": 2.311411}}
{"target": -54.61144347051609, "params": {"C": 7.461554153299615, "epsilon": 1.1186544746073712, "gamma": 0.0405027562706634}, "datetime": {"datetime": "2021-09-29 21:16:05", "elapsed": 1245.964753, "delta": 5.656935}}
{"target": -69.51716680005875, "params": {"C": 8.221648533769587, "epsilon": 0.8653919692371754, "gamma": 0.0007098825240137826}, "datetime": {"datetime": "2021-09-29 21:16:13", "elapsed": 1253.91848, "delta": 7.953727}}
{"target": -60.92379527252581, "params": {"C": 143.5994902142004, "epsilon": 0.07875276925184611, "gamma": 0.027528157646147584}, "datetime": {"datetime": "2021-09-29 21:24:33", "elapsed": 0.0, "delta": 0.0}}
{"target": -58.954355684768004, "params": {"C": 143.5322392618277, "epsilon": 1.2616830384603794, "gamma": 0.01658370756809332}, "datetime": {"datetime": "2021-09-29 21:24:33", "elapsed": 0.039, "delta": 0.039}}
{"target": -58.296176893684624, "params": {"C": 120.46486340378425, "epsilon": 1.8581936280856404, "gamma": 0.015052768216358705}, "datetime": {"datetime": "2021-09-29 21:24:33", "elapsed": 0.083999, "delta": 0.044999}}
{"target": -59.78889674314445, "params": {"C": 126.68272751028667, "epsilon": 1.8637803644751154, "gamma": 0.02650419050442425}, "datetime": {"datetime": "2021-09-29 21:24:33", "elapsed": 0.124002, "delta": 0.040003}}
{"target": -57.49835338341565, "params": {"C": 113.45799453449335, "epsilon": 1.5412207856759734, "gamma": 0.009303549295781071}, "datetime": {"datetime": "2021-09-29 21:24:33", "elapsed": 0.163001, "delta": 0.038999}}
{"target": -59.78304551515511, "params": {"C": 178.53351478166735, "epsilon": 2.562071902625827, "gamma": 0.024762418185358195}, "datetime": {"datetime": "2021-09-29 21:24:33", "elapsed": 0.21, "delta": 0.046999}}
{"target": -60.90155620110102, "params": {"C": 163.19081805213568, "epsilon": 0.8136258549055587, "gamma": 0.02594040676499546}, "datetime": {"datetime": "2021-09-29 21:24:33", "elapsed": 0.353999, "delta": 0.143999}}
{"target": -60.4200609294048, "params": {"C": 142.0609828256476, "epsilon": 1.364295062537476, "gamma": 0.02889879958069415}, "datetime": {"datetime": "2021-09-29 21:24:34", "elapsed": 0.463995, "delta": 0.109996}}
{"target": -59.53429658538683, "params": {"C": 119.53451923531999, "epsilon": 1.8685206966833863, "gamma": 0.023571294114878127}, "datetime": {"datetime": "2021-09-29 21:24:34", "elapsed": 0.609997, "delta": 0.146002}}
{"target": -59.389874005206245, "params": {"C": 113.41274782762396, "epsilon": 1.3929731531345435, "gamma": 0.024194459132162387}, "datetime": {"datetime": "2021-09-29 21:24:34", "elapsed": 0.808998, "delta": 0.199001}}
{"target": -59.47363991145578, "params": {"C": 139.3435866798245, "epsilon": 2.4787805722459497, "gamma": 0.026769580738379057}, "datetime": {"datetime": "2021-09-29 21:24:34", "elapsed": 0.950996, "delta": 0.141998}}
{"target": -61.32704728496803, "params": {"C": 147.96924789706895, "epsilon": 2.606448777112884, "gamma": 0.04343798890049634}, "datetime": {"datetime": "2021-09-29 21:24:34", "elapsed": 1.067005, "delta": 0.116009}}
{"target": -59.81304752679204, "params": {"C": 113.50773306567817, "epsilon": 1.4919711803100717, "gamma": 0.027403089422168125}, "datetime": {"datetime": "2021-09-29 21:24:34", "elapsed": 1.385987, "delta": 0.318982}}
{"target": -60.95797480224685, "params": {"C": 113.8654694941486, "epsilon": 1.4221405015633612, "gamma": 0.04388335552540684}, "datetime": {"datetime": "2021-09-29 21:24:35", "elapsed": 1.584988, "delta": 0.199001}}
{"target": -55.75444456179499, "params": {"C": 148.63593535745414, "epsilon": 2.683484214350215, "gamma": 0.0007002520892204711}, "datetime": {"datetime": "2021-09-29 21:24:35", "elapsed": 1.704572, "delta": 0.119584}}
{"target": -60.47186062431519, "params": {"C": 116.65345634098061, "epsilon": 1.0331012129809096, "gamma": 0.033285770225508396}, "datetime": {"datetime": "2021-09-29 21:24:35", "elapsed": 1.93257, "delta": 0.227998}}
{"target": -61.263955640499326, "params": {"C": 138.23328450754593, "epsilon": 0.3253068894190921, "gamma": 0.03421902850977898}, "datetime": {"datetime": "2021-09-29 21:24:35", "elapsed": 2.233991, "delta": 0.301421}}
{"target": -58.14487915209602, "params": {"C": 140.4472216470425, "epsilon": 1.9097195876615638, "gamma": 0.012271594036067302}, "datetime": {"datetime": "2021-09-29 21:24:35", "elapsed": 2.396994, "delta": 0.163003}}
{"target": -61.34959754721567, "params": {"C": 181.99555807028048, "epsilon": 1.4840572586598495, "gamma": 0.03335726954208913}, "datetime": {"datetime": "2021-09-29 21:24:36", "elapsed": 2.606995, "delta": 0.210001}}
{"target": -58.9412223898075, "params": {"C": 111.7558619454409, "epsilon": 1.3027315680376776, "gamma": 0.019637182018964063}, "datetime": {"datetime": "2021-09-29 21:24:36", "elapsed": 2.732991, "delta": 0.125996}}
{"target": -56.456307695689546, "params": {"C": 117.95858496475853, "epsilon": 1.0456028732897633, "gamma": 0.004830675105588578}, "datetime": {"datetime": "2021-09-29 21:24:36", "elapsed": 2.86099, "delta": 0.127999}}
{"target": -57.70010981195751, "params": {"C": 136.44313691388973, "epsilon": 1.7851779388311744, "gamma": 0.009330377578416761}, "datetime": {"datetime": "2021-09-29 21:24:36", "elapsed": 3.032995, "delta": 0.172005}}
{"target": -56.11918588631357, "params": {"C": 112.55584692631999, "epsilon": 1.9195860370103888, "gamma": 0.0034238875024807007}, "datetime": {"datetime": "2021-09-29 21:24:36", "elapsed": 3.172993, "delta": 0.139998}}
{"target": -58.990424830787745, "params": {"C": 171.44220178917982, "epsilon": 0.655085242019186, "gamma": 0.014240346164308752}, "datetime": {"datetime": "2021-09-29 21:24:36", "elapsed": 3.316988, "delta": 0.143995}}
{"target": -55.954342068105134, "params": {"C": 104.7275010581174, "epsilon": 2.607794038672715, "gamma": 0.0032076338906617003}, "datetime": {"datetime": "2021-09-29 21:24:37", "elapsed": 3.444993, "delta": 0.128005}}
{"target": -61.020695703238616, "params": {"C": 131.5360171973867, "epsilon": 1.2714453026856434, "gamma": 0.04206930183084603}, "datetime": {"datetime": "2021-09-29 21:24:37", "elapsed": 3.609988, "delta": 0.164995}}
{"target": -57.56015360448151, "params": {"C": 124.22390454881021, "epsilon": 1.4945800325573286, "gamma": 0.00949700378563139}, "datetime": {"datetime": "2021-09-29 21:24:37", "elapsed": 3.765263, "delta": 0.155275}}
{"target": -58.33327919076745, "params": {"C": 110.1215044845265, "epsilon": 2.0896234248781353, "gamma": 0.016143664954308936}, "datetime": {"datetime": "2021-09-29 21:24:37", "elapsed": 3.949263, "delta": 0.184}}
{"target": -59.84836822177122, "params": {"C": 130.77398426100152, "epsilon": 1.9535201485429579, "gamma": 0.029338419580364414}, "datetime": {"datetime": "2021-09-29 21:24:37", "elapsed": 4.101257, "delta": 0.151994}}
{"target": -57.8468659981079, "params": {"C": 125.21083219312956, "epsilon": 1.814212246318266, "gamma": 0.010128358481145391}, "datetime": {"datetime": "2021-09-29 21:24:37", "elapsed": 4.272262, "delta": 0.171005}}
{"target": -56.562271196945815, "params": {"C": 130.72367288223234, "epsilon": 2.6561723705121745, "gamma": 0.00433370043188911}, "datetime": {"datetime": "2021-09-29 21:24:38", "elapsed": 4.616076, "delta": 0.343814}}
{"target": -56.839094645559285, "params": {"C": 101.17298404436362, "epsilon": 2.7739297345118565, "gamma": 0.006228978186994417}, "datetime": {"datetime": "2021-09-29 21:24:38", "elapsed": 4.871073, "delta": 0.254997}}
{"target": -59.285932510672204, "params": {"C": 110.33064923926845, "epsilon": 2.6948660554966293, "gamma": 0.030779262821801965}, "datetime": {"datetime": "2021-09-29 21:24:38", "elapsed": 5.233774, "delta": 0.362701}}
{"target": -55.291485323874625, "params": {"C": 166.55175720133923, "epsilon": 2.1327357943067535, "gamma": 0.000835270349840427}, "datetime": {"datetime": "2021-09-29 21:24:39", "elapsed": 5.480774, "delta": 0.247}}
{"target": -58.93041512218971, "params": {"C": 186.7800807960191, "epsilon": 2.850673809321771, "gamma": 0.012871772887770614}, "datetime": {"datetime": "2021-09-29 21:24:39", "elapsed": 5.703602, "delta": 0.222828}}
{"target": -58.812420744402104, "params": {"C": 167.146053052103, "epsilon": 0.7850309877859607, "gamma": 0.01367227171741747}, "datetime": {"datetime": "2021-09-29 21:24:39", "elapsed": 6.077601, "delta": 0.373999}}
{"target": -61.882099483307854, "params": {"C": 174.43497294498053, "epsilon": 2.084708462547635, "gamma": 0.047034159217048545}, "datetime": {"datetime": "2021-09-29 21:24:39", "elapsed": 6.309608, "delta": 0.232007}}
{"target": -57.23064256076632, "params": {"C": 133.5299962314615, "epsilon": 0.43812491821456806, "gamma": 0.007823157714611145}, "datetime": {"datetime": "2021-09-29 21:24:40", "elapsed": 6.628599, "delta": 0.318991}}
{"target": -60.96219109488368, "params": {"C": 120.53927151770134, "epsilon": 0.2814981325174104, "gamma": 0.03339749316309956}, "datetime": {"datetime": "2021-09-29 21:24:40", "elapsed": 6.928601, "delta": 0.300002}}
{"target": -59.9337525774598, "params": {"C": 152.4576326366972, "epsilon": 2.0253288940903116, "gamma": 0.026946304264504888}, "datetime": {"datetime": "2021-09-29 21:24:40", "elapsed": 7.2386, "delta": 0.309999}}
{"target": -59.58543721795816, "params": {"C": 178.77900849471519, "epsilon": 0.8703209606649133, "gamma": 0.016572094788931156}, "datetime": {"datetime": "2021-09-29 21:24:41", "elapsed": 7.452599, "delta": 0.213999}}
{"target": -59.74006745030312, "params": {"C": 165.5845370273073, "epsilon": 0.7730199081377901, "gamma": 0.019217485117501504}, "datetime": {"datetime": "2021-09-29 21:24:41", "elapsed": 7.670601, "delta": 0.218002}}
{"target": -60.79471502070327, "params": {"C": 130.60867376792874, "epsilon": 2.230095862435162, "gamma": 0.03865401423423668}, "datetime": {"datetime": "2021-09-29 21:24:41", "elapsed": 7.914038, "delta": 0.243437}}
{"target": -59.97799706244178, "params": {"C": 160.02789636063474, "epsilon": 2.0313768569886133, "gamma": 0.026290945194434444}, "datetime": {"datetime": "2021-09-29 21:24:41", "elapsed": 8.143031, "delta": 0.228993}}
{"target": -56.63917412514581, "params": {"C": 181.76683873068666, "epsilon": 0.5667126374936095, "gamma": 0.003538314209392977}, "datetime": {"datetime": "2021-09-29 21:24:42", "elapsed": 8.475035, "delta": 0.332004}}
{"target": -61.28874984852537, "params": {"C": 151.8172534439786, "epsilon": 0.15404956761187458, "gamma": 0.034449204251278495}, "datetime": {"datetime": "2021-09-29 21:24:42", "elapsed": 8.807042, "delta": 0.332007}}
{"target": -60.872803512400964, "params": {"C": 116.4987809259163, "epsilon": 0.8900300138411679, "gamma": 0.03578289079174347}, "datetime": {"datetime": "2021-09-29 21:24:42", "elapsed": 9.087032, "delta": 0.27999}}
{"target": -58.435756834860385, "params": {"C": 196.55277175117618, "epsilon": 1.8968558098374024, "gamma": 0.01023020012205715}, "datetime": {"datetime": "2021-09-29 21:24:42", "elapsed": 9.381737, "delta": 0.294705}}
{"target": -59.88836991823201, "params": {"C": 180.4298719885653, "epsilon": 1.4978267098612934, "gamma": 0.020560441875893933}, "datetime": {"datetime": "2021-09-29 21:24:43", "elapsed": 9.66674, "delta": 0.285003}}
{"target": -57.950818637295384, "params": {"C": 107.74655635692443, "epsilon": 0.7860821642803935, "gamma": 0.012187699510526208}, "datetime": {"datetime": "2021-09-29 21:24:43", "elapsed": 9.956193, "delta": 0.289453}}
{"target": -62.931325970082355, "params": {"C": 197.90217067214144, "epsilon": 0.6880866401685491, "gamma": 0.04991846716568902}, "datetime": {"datetime": "2021-09-29 21:24:43", "elapsed": 10.250194, "delta": 0.294001}}
{"target": -58.324349520083075, "params": {"C": 101.91792665031588, "epsilon": 2.0403282937921197, "gamma": 0.01690522877885706}, "datetime": {"datetime": "2021-09-29 21:24:44", "elapsed": 10.491197, "delta": 0.241003}}
{"target": -61.50956553412532, "params": {"C": 164.69218673535443, "epsilon": 0.23911990776024972, "gamma": 0.04432927402908299}, "datetime": {"datetime": "2021-09-29 21:24:44", "elapsed": 10.724191, "delta": 0.232994}}
{"target": -61.19905819700926, "params": {"C": 188.56627482350007, "epsilon": 1.5448290085749101, "gamma": 0.035296254362192796}, "datetime": {"datetime": "2021-09-29 21:24:44", "elapsed": 11.003189, "delta": 0.278998}}
{"target": -62.25971792048326, "params": {"C": 182.18986477391314, "epsilon": 2.861399223644007, "gamma": 0.049415487731190644}, "datetime": {"datetime": "2021-09-29 21:24:44", "elapsed": 11.298306, "delta": 0.295117}}
{"target": -61.33833946445804, "params": {"C": 151.60735181969616, "epsilon": 2.1349471643283184, "gamma": 0.04488993806728105}, "datetime": {"datetime": "2021-09-29 21:24:45", "elapsed": 11.813645, "delta": 0.515339}}
{"target": -56.06030334007549, "params": {"C": 199.89601908462464, "epsilon": 0.10479302037077276, "gamma": 0.00215808631106165}, "datetime": {"datetime": "2021-09-29 21:24:45", "elapsed": 12.172647, "delta": 0.359002}}
{"target": -61.313844868269285, "params": {"C": 183.96193331516923, "epsilon": 2.117010242609934, "gamma": 0.03166546778831768}, "datetime": {"datetime": "2021-09-29 21:24:46", "elapsed": 12.415647, "delta": 0.243}}
{"target": -61.348809769202525, "params": {"C": 191.2436206674966, "epsilon": 0.41898159805352564, "gamma": 0.02879482715966502}, "datetime": {"datetime": "2021-09-29 21:24:46", "elapsed": 12.650655, "delta": 0.235008}}
{"target": -61.953672918193206, "params": {"C": 194.49791712262052, "epsilon": 0.3571942219110591, "gamma": 0.043177681624321465}, "datetime": {"datetime": "2021-09-29 21:24:46", "elapsed": 12.952683, "delta": 0.302028}}
{"target": -57.593753998378475, "params": {"C": 107.47976912884403, "epsilon": 0.12963015692099478, "gamma": 0.011023321409214153}, "datetime": {"datetime": "2021-09-29 21:24:46", "elapsed": 13.260647, "delta": 0.307964}}
{"target": -61.564158156704394, "params": {"C": 197.31992893698668, "epsilon": 0.43031738889370913, "gamma": 0.039762815438068894}, "datetime": {"datetime": "2021-09-29 21:24:47", "elapsed": 13.791105, "delta": 0.530458}}
{"target": -59.16135176602461, "params": {"C": 135.5337729215542, "epsilon": 2.9966279653481855, "gamma": 0.025811137593225487}, "datetime": {"datetime": "2021-09-29 21:24:47", "elapsed": 14.202121, "delta": 0.411016}}
{"target": -57.6184308749346, "params": {"C": 147.19945651852768, "epsilon": 2.4371459261236503, "gamma": 0.008234670698400172}, "datetime": {"datetime": "2021-09-29 21:24:48", "elapsed": 14.52673, "delta": 0.324609}}
{"target": -59.64217191651356, "params": {"C": 188.80154441433393, "epsilon": 1.9140642534327867, "gamma": 0.019749784109919337}, "datetime": {"datetime": "2021-09-29 21:24:48", "elapsed": 14.819733, "delta": 0.293003}}
{"target": -57.34584453668937, "params": {"C": 128.89604929652018, "epsilon": 2.555503133656325, "gamma": 0.007810089014267982}, "datetime": {"datetime": "2021-09-29 21:24:48", "elapsed": 15.086734, "delta": 0.267001}}
{"target": -61.38343393028196, "params": {"C": 167.5127305377054, "epsilon": 0.2647041543857846, "gamma": 0.032883961920828195}, "datetime": {"datetime": "2021-09-29 21:24:49", "elapsed": 15.541735, "delta": 0.455001}}
{"target": -60.95739502560935, "params": {"C": 155.81688240969163, "epsilon": 1.9588346028064192, "gamma": 0.03224005892150098}, "datetime": {"datetime": "2021-09-29 21:24:49", "elapsed": 16.007732, "delta": 0.465997}}
{"target": -58.63401643751964, "params": {"C": 152.68853272158904, "epsilon": 1.7387083663208582, "gamma": 0.013515822514302934}, "datetime": {"datetime": "2021-09-29 21:24:50", "elapsed": 16.439732, "delta": 0.432}}
{"target": -60.62085295882166, "params": {"C": 122.18159258720921, "epsilon": 0.27419253127035376, "gamma": 0.028908128449433856}, "datetime": {"datetime": "2021-09-29 21:24:50", "elapsed": 16.895731, "delta": 0.455999}}
{"target": -61.141246488974154, "params": {"C": 161.0631063624024, "epsilon": 1.9687152293783519, "gamma": 0.037716759191423914}, "datetime": {"datetime": "2021-09-29 21:24:50", "elapsed": 17.146729, "delta": 0.250998}}
{"target": -59.68938272629304, "params": {"C": 161.19661073827754, "epsilon": 0.8155660710688383, "gamma": 0.019384246842416363}, "datetime": {"datetime": "2021-09-29 21:24:51", "elapsed": 17.536731, "delta": 0.390002}}
{"target": -59.65632353933138, "params": {"C": 108.99784896706744, "epsilon": 2.231376084432659, "gamma": 0.032585296441623106}, "datetime": {"datetime": "2021-09-29 21:24:51", "elapsed": 17.83613, "delta": 0.299399}}
{"target": -58.22942758724796, "params": {"C": 164.97260830919788, "epsilon": 2.4800834814755865, "gamma": 0.010927638900981525}, "datetime": {"datetime": "2021-09-29 21:24:51", "elapsed": 18.116141, "delta": 0.280011}}
{"target": -61.08967432529828, "params": {"C": 135.22696703559043, "epsilon": 0.5459844528771801, "gamma": 0.039974544695143305}, "datetime": {"datetime": "2021-09-29 21:24:52", "elapsed": 18.464133, "delta": 0.347992}}
{"target": -56.80940073886046, "params": {"C": 177.60426041637953, "epsilon": 2.5271254073921154, "gamma": 0.0039403889282702735}, "datetime": {"datetime": "2021-09-29 21:24:52", "elapsed": 18.852134, "delta": 0.388001}}
{"target": -59.08551706400132, "params": {"C": 176.70159705701315, "epsilon": 1.4158674670097497, "gamma": 0.01483261379954416}, "datetime": {"datetime": "2021-09-29 21:24:52", "elapsed": 19.167138, "delta": 0.315004}}
{"target": -56.3170015939026, "params": {"C": 122.62426637239457, "epsilon": 1.2113137792135218, "gamma": 0.0038606653421531948}, "datetime": {"datetime": "2021-09-29 21:24:53", "elapsed": 19.478766, "delta": 0.311628}}
{"target": -59.11201498309999, "params": {"C": 111.26070415034873, "epsilon": 1.0729768704008404, "gamma": 0.022128621436139893}, "datetime": {"datetime": "2021-09-29 21:24:53", "elapsed": 19.886288, "delta": 0.407522}}
{"target": -61.935899177393026, "params": {"C": 174.9373449277455, "epsilon": 2.6773367360312865, "gamma": 0.04749369588084554}, "datetime": {"datetime": "2021-09-29 21:24:53", "elapsed": 20.296287, "delta": 0.409999}}
{"target": -60.08018917532024, "params": {"C": 112.35378320470377, "epsilon": 1.312857292129212, "gamma": 0.03010498997088546}, "datetime": {"datetime": "2021-09-29 21:24:54", "elapsed": 20.775288, "delta": 0.479001}}
{"target": -58.741004712731126, "params": {"C": 107.65925951294247, "epsilon": 1.434774124710005, "gamma": 0.019117824601643404}, "datetime": {"datetime": "2021-09-29 21:24:54", "elapsed": 21.159285, "delta": 0.383997}}
{"target": -61.089451089580685, "params": {"C": 131.49730176675513, "epsilon": 0.8469460777458394, "gamma": 0.04324061568306198}, "datetime": {"datetime": "2021-09-29 21:24:55", "elapsed": 21.719285, "delta": 0.56}}
{"target": -61.26469176961445, "params": {"C": 148.1279683941506, "epsilon": 1.6220976471454234, "gamma": 0.04494806074510534}, "datetime": {"datetime": "2021-09-29 21:24:55", "elapsed": 22.342491, "delta": 0.623206}}
{"target": -60.32525813192837, "params": {"C": 151.57824125144015, "epsilon": 0.41682191923315226, "gamma": 0.022891831124330495}, "datetime": {"datetime": "2021-09-29 21:24:56", "elapsed": 22.830491, "delta": 0.488}}
{"target": -60.57608966523388, "params": {"C": 196.30459337562417, "epsilon": 1.6137810250154352, "gamma": 0.024195722316608787}, "datetime": {"datetime": "2021-09-29 21:24:56", "elapsed": 23.171489, "delta": 0.340998}}
{"target": -59.50101133264106, "params": {"C": 129.6942914785209, "epsilon": 2.206694261726618, "gamma": 0.023657465896955478}, "datetime": {"datetime": "2021-09-29 21:24:57", "elapsed": 23.732492, "delta": 0.561003}}
{"target": -61.116665571997956, "params": {"C": 173.70439459326212, "epsilon": 1.102984223076161, "gamma": 0.028868832942484435}, "datetime": {"datetime": "2021-09-29 21:24:57", "elapsed": 24.156735, "delta": 0.424243}}
{"target": -60.54980345334171, "params": {"C": 132.3292031283853, "epsilon": 0.5136741417503587, "gamma": 0.027193511197387898}, "datetime": {"datetime": "2021-09-29 21:24:58", "elapsed": 24.624566, "delta": 0.467831}}
{"target": -56.890030958354096, "params": {"C": 110.32321899948138, "epsilon": 2.188919082194781, "gamma": 0.007378953484485114}, "datetime": {"datetime": "2021-09-29 21:24:58", "elapsed": 24.998559, "delta": 0.373993}}
{"target": -61.922348187698276, "params": {"C": 194.51319986750332, "epsilon": 1.0363616657147892, "gamma": 0.04304268487729459}, "datetime": {"datetime": "2021-09-29 21:24:58", "elapsed": 25.395562, "delta": 0.397003}}
{"target": -60.60220081459665, "params": {"C": 161.23520342866664, "epsilon": 1.3659781696146527, "gamma": 0.027486055906408735}, "datetime": {"datetime": "2021-09-29 21:24:59", "elapsed": 25.842973, "delta": 0.447411}}
{"target": -59.78864740455448, "params": {"C": 102.3898698364335, "epsilon": 0.8030884262555791, "gamma": 0.027494461069956996}, "datetime": {"datetime": "2021-09-29 21:24:59", "elapsed": 26.25497, "delta": 0.411997}}
{"target": -60.82367809906022, "params": {"C": 130.03503839055202, "epsilon": 1.9707904458472028, "gamma": 0.03820843315346807}, "datetime": {"datetime": "2021-09-29 21:25:00", "elapsed": 26.672977, "delta": 0.418007}}
{"target": -61.03721960290096, "params": {"C": 109.82824096648328, "epsilon": 2.1816782728208612, "gamma": 0.04601949218217661}, "datetime": {"datetime": "2021-09-29 21:25:00", "elapsed": 27.087971, "delta": 0.414994}}
{"target": -60.93728827564052, "params": {"C": 105.26932658395675, "epsilon": 1.166473093366109, "gamma": 0.04461979745564042}, "datetime": {"datetime": "2021-09-29 21:25:01", "elapsed": 27.54497, "delta": 0.456999}}
{"target": -56.12840176455283, "params": {"C": 106.70039055318603, "epsilon": 2.4886409624770285, "gamma": 0.0036578431604829967}, "datetime": {"datetime": "2021-09-29 21:25:01", "elapsed": 28.167987, "delta": 0.623017}}
