{"target": -59.64863554369052, "params": {"C": 170.37104860434084, "epsilon": 2.2499042654256596, "gamma": 0.018446091518055784}, "datetime": {"datetime": "2021-09-29 21:49:30", "elapsed": 77.896251, "delta": 0.637676}}
{"target": -56.31384291912319, "params": {"C": 166.1295965326259, "epsilon": 2.3957910266982196, "gamma": 0.0046806932099958225}, "datetime": {"datetime": "2021-09-29 21:49:30", "elapsed": 78.64923, "delta": 0.752979}}
{"target": -55.98258836304261, "params": {"C": 167.06423784251766, "epsilon": 2.3823285614765157, "gamma": 0.0032986726301491077}, "datetime": {"datetime": "2021-09-29 21:49:31", "elapsed": 79.429218, "delta": 0.779988}}
{"target": -57.91474542487143, "params": {"C": 109.0842181646658, "epsilon": 1.8527122301421735, "gamma": 0.012530500366593611}, "datetime": {"datetime": "2021-09-29 21:49:32", "elapsed": 80.139127, "delta": 0.709909}}
{"target": -55.61857711633698, "params": {"C": 166.55020553117998, "epsilon": 2.154095048195941, "gamma": 0.0028878203983838174}, "datetime": {"datetime": "2021-09-29 21:49:33", "elapsed": 80.898794, "delta": 0.759667}}
{"target": -56.21522400576994, "params": {"C": 144.35028739798344, "epsilon": 2.228219779093752, "gamma": 0.006646710923542897}, "datetime": {"datetime": "2021-09-29 21:49:33", "elapsed": 81.493829, "delta": 0.595035}}
{"target": -58.12272630951807, "params": {"C": 109.0634384470865, "epsilon": 1.8358231563974021, "gamma": 0.013314540307555715}, "datetime": {"datetime": "2021-09-29 21:49:34", "elapsed": 82.209096, "delta": 0.715267}}
{"target": -56.111539070966955, "params": {"C": 113.45483460947014, "epsilon": 1.5506464519701006, "gamma": 0.0046023541707524524}, "datetime": {"datetime": "2021-09-29 21:49:35", "elapsed": 82.941094, "delta": 0.731998}}
{"target": -55.249677034389954, "params": {"C": 177.60622276604516, "epsilon": 2.51280978839849, "gamma": 0.002107301187381388}, "datetime": {"datetime": "2021-09-29 21:49:36", "elapsed": 83.738683, "delta": 0.797589}}
{"target": -51.50571799671455, "params": {"C": 107.75293585187717, "epsilon": 0.7998014179466773, "gamma": 0.0007470206013578725}, "datetime": {"datetime": "2021-09-29 21:49:36", "elapsed": 84.479372, "delta": 0.740689}}
{"target": -58.04210047177618, "params": {"C": 186.0648867650188, "epsilon": 1.7585568898431339, "gamma": 0.011721957729756321}, "datetime": {"datetime": "2021-09-29 21:49:37", "elapsed": 85.329372, "delta": 0.85}}
{"target": -55.608405357953515, "params": {"C": 120.36742745298186, "epsilon": 2.340088451107506, "gamma": 0.003438367698781206}, "datetime": {"datetime": "2021-09-29 21:49:38", "elapsed": 86.169399, "delta": 0.840027}}
{"target": -54.57785032110479, "params": {"C": 122.6224918842776, "epsilon": 1.1897746052689457, "gamma": 0.002421589051007896}, "datetime": {"datetime": "2021-09-29 21:49:39", "elapsed": 86.932396, "delta": 0.762997}}
{"target": -56.331657001624954, "params": {"C": 166.55588268163797, "epsilon": 2.133786462364012, "gamma": 0.006576752980430402}, "datetime": {"datetime": "2021-09-29 21:49:40", "elapsed": 87.823397, "delta": 0.891001}}
{"target": -56.395374783609064, "params": {"C": 122.61486286380796, "epsilon": 1.224406923560926, "gamma": 0.006686349854329673}, "datetime": {"datetime": "2021-09-29 21:49:41", "elapsed": 88.870785, "delta": 1.047388}}
{"target": -59.25234430247802, "params": {"C": 104.94644267833598, "epsilon": 1.7815595512351228, "gamma": 0.018941894287951837}, "datetime": {"datetime": "2021-09-29 21:49:41", "elapsed": 89.617785, "delta": 0.747}}
{"target": -59.22284773396284, "params": {"C": 149.17555161397257, "epsilon": 0.9705172909880242, "gamma": 0.01692924755042305}, "datetime": {"datetime": "2021-09-29 21:49:42", "elapsed": 90.315725, "delta": 0.69794}}
{"target": -56.26373761124118, "params": {"C": 188.94407373424542, "epsilon": 1.4448035295971458, "gamma": 0.004675262907956054}, "datetime": {"datetime": "2021-09-29 21:49:43", "elapsed": 91.149331, "delta": 0.833606}}
{"target": -58.601156385122934, "params": {"C": 164.98365027509203, "epsilon": 2.4788928453855883, "gamma": 0.01371834777775795}, "datetime": {"datetime": "2021-09-29 21:49:44", "elapsed": 92.174516, "delta": 1.025185}}
{"target": -57.59985589515711, "params": {"C": 159.815396932245, "epsilon": 1.5538531014021708, "gamma": 0.010204063268268575}, "datetime": {"datetime": "2021-09-29 21:49:45", "elapsed": 92.889512, "delta": 0.714996}}
{"target": -56.399865057204146, "params": {"C": 124.37369893640732, "epsilon": 0.11585004218375529, "gamma": 0.0084451572901968}, "datetime": {"datetime": "2021-09-29 21:49:45", "elapsed": 93.657509, "delta": 0.767997}}
{"target": -58.91574048880914, "params": {"C": 159.47696510780048, "epsilon": 2.567432506600664, "gamma": 0.014861045297121647}, "datetime": {"datetime": "2021-09-29 21:49:46", "elapsed": 94.47806, "delta": 0.820551}}
{"target": -58.34835184940115, "params": {"C": 147.63385749190445, "epsilon": 1.6807353545016783, "gamma": 0.013501187453738014}, "datetime": {"datetime": "2021-09-29 21:49:47", "elapsed": 95.487055, "delta": 1.008995}}
{"target": -57.32171236576096, "params": {"C": 125.84003387788785, "epsilon": 0.6921043335757642, "gamma": 0.011023502537231038}, "datetime": {"datetime": "2021-09-29 21:49:48", "elapsed": 96.523952, "delta": 1.036897}}
{"target": -56.03350071622979, "params": {"C": 121.1433209801534, "epsilon": 0.7848612239275713, "gamma": 0.0045306189875963685}, "datetime": {"datetime": "2021-09-29 21:49:49", "elapsed": 97.23896, "delta": 0.715008}}
{"target": -56.631601578588786, "params": {"C": 137.53582389016776, "epsilon": 0.5447266201555597, "gamma": 0.008624884528751446}, "datetime": {"datetime": "2021-09-29 21:49:50", "elapsed": 98.196128, "delta": 0.957168}}
{"target": -59.335601968706555, "params": {"C": 129.10416013851966, "epsilon": 0.902727193455901, "gamma": 0.018407104332407685}, "datetime": {"datetime": "2021-09-29 21:49:51", "elapsed": 99.030128, "delta": 0.834}}
{"target": -53.56928320614098, "params": {"C": 110.32781527995505, "epsilon": 2.153736847634538, "gamma": 0.0016925719988976691}, "datetime": {"datetime": "2021-09-29 21:49:52", "elapsed": 99.908886, "delta": 0.878758}}
{"target": -58.52085864746084, "params": {"C": 107.82681258551138, "epsilon": 1.2364929705274044, "gamma": 0.015435244645789825}, "datetime": {"datetime": "2021-09-29 21:49:53", "elapsed": 100.693393, "delta": 0.784507}}
{"target": -59.24903071320552, "params": {"C": 148.63491021792103, "epsilon": 2.6670493034967517, "gamma": 0.016482570633028083}, "datetime": {"datetime": "2021-09-29 21:49:53", "elapsed": 101.533393, "delta": 0.84}}
{"target": -56.19834229270175, "params": {"C": 115.23916135522364, "epsilon": 1.8693380623757427, "gamma": 0.0044695797167072825}, "datetime": {"datetime": "2021-09-29 21:49:54", "elapsed": 102.655604, "delta": 1.122211}}
{"target": -51.117988049016226, "params": {"C": 192.8708935016084, "epsilon": 0.39229572486612174, "gamma": 0.0004093664394792097}, "datetime": {"datetime": "2021-09-29 21:49:55", "elapsed": 103.656603, "delta": 1.000999}}
{"target": -56.68264808486183, "params": {"C": 166.9099645412574, "epsilon": 1.598625621234893, "gamma": 0.007710253807044984}, "datetime": {"datetime": "2021-09-29 21:49:56", "elapsed": 104.478896, "delta": 0.822293}}
{"target": -56.29670736644934, "params": {"C": 192.53302145216702, "epsilon": 0.5680516127093954, "gamma": 0.00578454242252502}, "datetime": {"datetime": "2021-09-29 21:49:57", "elapsed": 105.294896, "delta": 0.816}}
{"target": -56.14165902508039, "params": {"C": 109.07051486669245, "epsilon": 1.8483856690370981, "gamma": 0.005673251660559053}, "datetime": {"datetime": "2021-09-29 21:49:58", "elapsed": 106.229202, "delta": 0.934306}}
{"target": -57.144407413216456, "params": {"C": 166.5406546764388, "epsilon": 2.1442781603413477, "gamma": 0.008319077129057903}, "datetime": {"datetime": "2021-09-29 21:49:59", "elapsed": 107.212164, "delta": 0.982962}}
{"target": -56.44855825191119, "params": {"C": 194.76043945818355, "epsilon": 2.4486823492497116, "gamma": 0.004456470587833349}, "datetime": {"datetime": "2021-09-29 21:50:00", "elapsed": 108.001583, "delta": 0.789419}}
{"target": -55.20493257576662, "params": {"C": 199.89520598982222, "epsilon": 0.08806606176867941, "gamma": 0.0018938044562621654}, "datetime": {"datetime": "2021-09-29 21:50:01", "elapsed": 108.997582, "delta": 0.995999}}
{"target": -55.75731207642536, "params": {"C": 177.8248402593043, "epsilon": 1.3738823576897299, "gamma": 0.002846449711695198}, "datetime": {"datetime": "2021-09-29 21:50:02", "elapsed": 109.833626, "delta": 0.836044}}
{"target": -59.45462001836551, "params": {"C": 125.48258755838755, "epsilon": 1.7429587294066236, "gamma": 0.01889713711359253}, "datetime": {"datetime": "2021-09-29 21:50:02", "elapsed": 110.589709, "delta": 0.756083}}
{"target": -55.52928762386866, "params": {"C": 110.32719598661444, "epsilon": 2.1862476083673403, "gamma": 0.003563668187550152}, "datetime": {"datetime": "2021-09-29 21:50:03", "elapsed": 111.527709, "delta": 0.938}}
{"target": -55.755013631339835, "params": {"C": 159.94898837644666, "epsilon": 1.980375266518274, "gamma": 0.0032631752004425047}, "datetime": {"datetime": "2021-09-29 21:50:04", "elapsed": 112.25497, "delta": 0.727261}}
{"target": -55.22690822319707, "params": {"C": 101.14381603983279, "epsilon": 2.763866809498346, "gamma": 0.0002682323001338627}, "datetime": {"datetime": "2021-09-29 21:50:05", "elapsed": 113.165963, "delta": 0.910993}}
{"target": -52.834642753586046, "params": {"C": 112.58468455515526, "epsilon": 0.7657259429682015, "gamma": 0.0012653241026324847}, "datetime": {"datetime": "2021-09-29 21:50:06", "elapsed": 114.233267, "delta": 1.067304}}
{"target": -57.66517910325734, "params": {"C": 147.20662421277274, "epsilon": 2.4450643823934177, "gamma": 0.010149399524763089}, "datetime": {"datetime": "2021-09-29 21:50:07", "elapsed": 115.185222, "delta": 0.951955}}
{"target": -55.98140752175384, "params": {"C": 181.76634856888697, "epsilon": 0.5805591363413245, "gamma": 0.0047253721900077875}, "datetime": {"datetime": "2021-09-29 21:50:08", "elapsed": 116.348879, "delta": 1.163657}}
{"target": -56.082129533835825, "params": {"C": 168.1933179289727, "epsilon": 1.2883837120748574, "gamma": 0.003967709718692989}, "datetime": {"datetime": "2021-09-29 21:50:09", "elapsed": 117.180904, "delta": 0.832025}}
{"target": -58.97815294399125, "params": {"C": 193.88821422109362, "epsilon": 1.30215042614403, "gamma": 0.014702032117136263}, "datetime": {"datetime": "2021-09-29 21:50:10", "elapsed": 117.904904, "delta": 0.724}}
{"target": -57.76418444605868, "params": {"C": 161.31182768047753, "epsilon": 1.4713585404134089, "gamma": 0.011235970684006905}, "datetime": {"datetime": "2021-09-29 21:50:11", "elapsed": 118.749165, "delta": 0.844261}}
{"target": -57.5786585136533, "params": {"C": 140.32723686305076, "epsilon": 2.1688931743236597, "gamma": 0.009978265106529171}, "datetime": {"datetime": "2021-09-29 21:50:11", "elapsed": 119.501206, "delta": 0.752041}}
{"target": -57.486945194921624, "params": {"C": 177.83728431242224, "epsilon": 1.3682537808224633, "gamma": 0.010209255627245445}, "datetime": {"datetime": "2021-09-29 21:50:13", "elapsed": 120.857959, "delta": 1.356753}}
{"target": -54.64124409971816, "params": {"C": 194.76679477529996, "epsilon": 2.4475157075576393, "gamma": 0.0016205061531519226}, "datetime": {"datetime": "2021-09-29 21:50:13", "elapsed": 121.664955, "delta": 0.806996}}
{"target": -56.18216120723509, "params": {"C": 196.83969911759036, "epsilon": 2.940372866268048, "gamma": 0.003988426311545439}, "datetime": {"datetime": "2021-09-29 21:50:14", "elapsed": 122.584189, "delta": 0.919234}}
{"target": -55.894705235306894, "params": {"C": 106.3451191075485, "epsilon": 2.8164426665473057, "gamma": 0.004267489562719572}, "datetime": {"datetime": "2021-09-29 21:50:15", "elapsed": 123.323247, "delta": 0.739058}}
{"target": -51.50654661059285, "params": {"C": 113.24086263785975, "epsilon": 1.3340017276162102, "gamma": 0.0006214576947621794}, "datetime": {"datetime": "2021-09-29 21:50:16", "elapsed": 124.335471, "delta": 1.012224}}
{"target": -55.6480666851095, "params": {"C": 177.61437034313087, "epsilon": 2.5336764338283375, "gamma": 0.0025399537566707813}, "datetime": {"datetime": "2021-09-29 21:50:17", "elapsed": 125.595794, "delta": 1.260323}}
{"target": -56.41006249400139, "params": {"C": 138.29228830836772, "epsilon": 2.8077461639853274, "gamma": 0.0071728704730121785}, "datetime": {"datetime": "2021-09-29 21:50:19", "elapsed": 126.780362, "delta": 1.184568}}
{"target": -56.251732319227855, "params": {"C": 176.7083992178782, "epsilon": 1.3976430671711035, "gamma": 0.0048117910928135305}, "datetime": {"datetime": "2021-09-29 21:50:20", "elapsed": 128.015832, "delta": 1.23547}}
{"target": -55.95967968735634, "params": {"C": 122.6127573836385, "epsilon": 1.2025304340027183, "gamma": 0.003938715615064166}, "datetime": {"datetime": "2021-09-29 21:50:21", "elapsed": 129.25484, "delta": 1.239008}}
{"target": -53.518467220792644, "params": {"C": 193.45248363788667, "epsilon": 1.0043553706497992, "gamma": 0.0011496206549040614}, "datetime": {"datetime": "2021-09-29 21:50:22", "elapsed": 130.197005, "delta": 0.942165}}
{"target": -56.49557864593693, "params": {"C": 106.70470129015328, "epsilon": 2.4801001614887825, "gamma": 0.008035673503588822}, "datetime": {"datetime": "2021-09-29 21:50:23", "elapsed": 131.385616, "delta": 1.188611}}
{"target": -58.992414737223186, "params": {"C": 180.2630382443868, "epsilon": 2.371036509557827, "gamma": 0.014550971653810228}, "datetime": {"datetime": "2021-09-29 21:50:24", "elapsed": 132.283818, "delta": 0.898202}}
{"target": -54.99104264919102, "params": {"C": 148.63665359011247, "epsilon": 2.7036972253946745, "gamma": 0.0023369997490397406}, "datetime": {"datetime": "2021-09-29 21:50:25", "elapsed": 133.341817, "delta": 1.057999}}
{"target": -56.13407906321816, "params": {"C": 128.89956955619397, "epsilon": 2.564109615794902, "gamma": 0.006596731173852877}, "datetime": {"datetime": "2021-09-29 21:50:26", "elapsed": 134.466678, "delta": 1.124861}}
{"target": -56.18825045160405, "params": {"C": 199.90894111529965, "epsilon": 0.08294622556244238, "gamma": 0.0059921703977622864}, "datetime": {"datetime": "2021-09-29 21:50:28", "elapsed": 135.871322, "delta": 1.404644}}
{"target": -56.97215935020573, "params": {"C": 148.64143193258303, "epsilon": 2.7088061573504922, "gamma": 0.008008899329858222}, "datetime": {"datetime": "2021-09-29 21:50:29", "elapsed": 137.195977, "delta": 1.324655}}
{"target": -56.22609465450292, "params": {"C": 143.2492734983837, "epsilon": 1.7069805015600839, "gamma": 0.005501868114706476}, "datetime": {"datetime": "2021-09-29 21:50:30", "elapsed": 138.285651, "delta": 1.089674}}
{"target": -55.80497877637548, "params": {"C": 127.37655805079875, "epsilon": 0.005911889004727294, "gamma": 0.004461195578117079}, "datetime": {"datetime": "2021-09-29 21:50:31", "elapsed": 139.293656, "delta": 1.008005}}
{"target": -56.85695704273148, "params": {"C": 102.37303973551771, "epsilon": 2.2277880488861346, "gamma": 0.009024205611849086}, "datetime": {"datetime": "2021-09-29 21:50:33", "elapsed": 140.815422, "delta": 1.521766}}
{"target": -57.447943977348196, "params": {"C": 180.31236508235617, "epsilon": 1.3151360871778295, "gamma": 0.009916971217467666}, "datetime": {"datetime": "2021-09-29 21:50:34", "elapsed": 142.100722, "delta": 1.2853}}
{"target": -54.6806174287197, "params": {"C": 111.9661996429206, "epsilon": 0.9557681349071208, "gamma": 0.002665958455540468}, "datetime": {"datetime": "2021-09-29 21:50:35", "elapsed": 143.140728, "delta": 1.040006}}
{"target": -58.27638568830522, "params": {"C": 107.48031624350227, "epsilon": 0.14188993011128267, "gamma": 0.015618063711171817}, "datetime": {"datetime": "2021-09-29 21:50:37", "elapsed": 144.872041, "delta": 1.731313}}
{"target": -55.98140443411182, "params": {"C": 199.89239854172752, "epsilon": 0.11450427775880037, "gamma": 0.0028537884022555122}, "datetime": {"datetime": "2021-09-29 21:50:38", "elapsed": 145.975686, "delta": 1.103645}}
{"target": -59.53889427168452, "params": {"C": 110.1250508375502, "epsilon": 2.091931512621546, "gamma": 0.019721979482589306}, "datetime": {"datetime": "2021-09-29 21:50:39", "elapsed": 147.24181, "delta": 1.266124}}
{"target": -55.99215516381274, "params": {"C": 181.75446935738398, "epsilon": 0.5967403886828325, "gamma": 0.004636321851073131}, "datetime": {"datetime": "2021-09-29 21:50:40", "elapsed": 148.592491, "delta": 1.350681}}
{"target": -56.80486364099357, "params": {"C": 163.7017618482706, "epsilon": 1.3586217609876716, "gamma": 0.00816195828788139}, "datetime": {"datetime": "2021-09-29 21:50:42", "elapsed": 149.718485, "delta": 1.125994}}
{"target": -52.01607190593057, "params": {"C": 110.00119760680764, "epsilon": 1.541499851408484, "gamma": 0.0005480734853435807}, "datetime": {"datetime": "2021-09-29 21:50:43", "elapsed": 150.709583, "delta": 0.991098}}
{"target": -58.40618968081179, "params": {"C": 195.78391033379833, "epsilon": 2.4206707895076103, "gamma": 0.01257217591941597}, "datetime": {"datetime": "2021-09-29 21:50:44", "elapsed": 151.932589, "delta": 1.223006}}
{"target": -59.44673278204052, "params": {"C": 197.82300844588394, "epsilon": 1.2369986386141127, "gamma": 0.016793773692471307}, "datetime": {"datetime": "2021-09-29 21:50:45", "elapsed": 153.245274, "delta": 1.312685}}
{"target": -58.421959863593855, "params": {"C": 186.80827112652457, "epsilon": 2.0531412145788903, "gamma": 0.012822536212472873}, "datetime": {"datetime": "2021-09-29 21:50:46", "elapsed": 154.423264, "delta": 1.17799}}
{"target": -56.07157636027774, "params": {"C": 149.92763274483846, "epsilon": 1.6856467414076397, "gamma": 0.0045534148934870495}, "datetime": {"datetime": "2021-09-29 21:50:48", "elapsed": 155.715855, "delta": 1.292591}}
{"target": -55.80810418870416, "params": {"C": 103.29962650443413, "epsilon": 1.2359162096382093, "gamma": 0.003940333950089064}, "datetime": {"datetime": "2021-09-29 21:50:49", "elapsed": 157.086033, "delta": 1.370178}}
{"target": -56.981645436670966, "params": {"C": 148.13840090503356, "epsilon": 0.006353635997356216, "gamma": 0.010012419707634706}, "datetime": {"datetime": "2021-09-29 21:50:50", "elapsed": 158.216882, "delta": 1.130849}}
{"target": -56.35819675537023, "params": {"C": 101.91433629860896, "epsilon": 2.0531486148761746, "gamma": 0.0072613635018439465}, "datetime": {"datetime": "2021-09-29 21:50:51", "elapsed": 159.676873, "delta": 1.459991}}
{"target": -58.23815384009313, "params": {"C": 152.90840394382988, "epsilon": 1.3416025023104956, "gamma": 0.012944859871270541}, "datetime": {"datetime": "2021-09-29 21:50:53", "elapsed": 160.936719, "delta": 1.259846}}
{"target": -51.97427899560621, "params": {"C": 196.8491103426641, "epsilon": 2.931468687232795, "gamma": 0.0006126152492270339}, "datetime": {"datetime": "2021-09-29 21:50:54", "elapsed": 162.489864, "delta": 1.553145}}
{"target": -57.977164626835, "params": {"C": 181.76316701845502, "epsilon": 0.5689266416568921, "gamma": 0.012083761719034542}, "datetime": {"datetime": "2021-09-29 21:50:56", "elapsed": 164.33838, "delta": 1.848516}}
{"target": -58.887105268310556, "params": {"C": 178.28094077650303, "epsilon": 1.913083625869739, "gamma": 0.014492553097853264}, "datetime": {"datetime": "2021-09-29 21:50:58", "elapsed": 165.748872, "delta": 1.410492}}
{"target": -59.56553079598312, "params": {"C": 129.5749078426307, "epsilon": 2.8679405947844248, "gamma": 0.01959273248044224}, "datetime": {"datetime": "2021-09-29 21:50:59", "elapsed": 167.100266, "delta": 1.351394}}
{"target": -57.025460020873886, "params": {"C": 118.02869892389684, "epsilon": 2.244184761761533, "gamma": 0.00919995634468896}, "datetime": {"datetime": "2021-09-29 21:51:00", "elapsed": 168.429375, "delta": 1.329109}}
{"target": -56.33401486069456, "params": {"C": 133.22694686686395, "epsilon": 2.4276145298472636, "gamma": 0.007333032972877449}, "datetime": {"datetime": "2021-09-29 21:51:02", "elapsed": 169.738368, "delta": 1.308993}}
{"target": -52.6104338513651, "params": {"C": 129.0526361039916, "epsilon": 2.5132429015876308, "gamma": 0.0010593713378051434}, "datetime": {"datetime": "2021-09-29 21:51:03", "elapsed": 171.250812, "delta": 1.512444}}
{"target": -55.188231602725466, "params": {"C": 110.00166557219258, "epsilon": 1.5414614629989922, "gamma": 0.003254942806982945}, "datetime": {"datetime": "2021-09-29 21:51:04", "elapsed": 172.462329, "delta": 1.211517}}
{"target": -56.210846100499815, "params": {"C": 148.44175369375995, "epsilon": 2.7904582424960926, "gamma": 0.006227902970904339}, "datetime": {"datetime": "2021-09-29 21:51:06", "elapsed": 173.989327, "delta": 1.526998}}
{"target": -56.24939214761583, "params": {"C": 140.4457985399345, "epsilon": 1.919319139682543, "gamma": 0.00654220941750766}, "datetime": {"datetime": "2021-09-29 21:51:08", "elapsed": 175.72493, "delta": 1.735603}}
{"target": -59.279971789791375, "params": {"C": 199.98721761523367, "epsilon": 0.022971834288404942, "gamma": 0.015749255108509278}, "datetime": {"datetime": "2021-09-29 21:51:09", "elapsed": 176.811642, "delta": 1.086712}}
{"target": -56.18874666328462, "params": {"C": 148.61924483262783, "epsilon": 2.6885046589616057, "gamma": 0.0038438957984899816}, "datetime": {"datetime": "2021-09-29 21:51:10", "elapsed": 178.130644, "delta": 1.319002}}
{"target": -56.422279248639576, "params": {"C": 150.24471896865757, "epsilon": 0.5431002340620791, "gamma": 0.007719300564299542}, "datetime": {"datetime": "2021-09-29 21:51:11", "elapsed": 179.155215, "delta": 1.024571}}
{"target": -56.052759185409904, "params": {"C": 149.1816521006059, "epsilon": 0.43911266342520777, "gamma": 0.00386273624023246}, "datetime": {"datetime": "2021-09-29 21:51:12", "elapsed": 180.14717, "delta": 0.991955}}
