{"target": -60.39496633352614, "params": {"C": 33.89467739819531, "epsilon": 2.4276145298472636, "gamma": 0.03277586252571269}, "datetime": {"datetime": "2021-09-29 20:58:29", "elapsed": 185.458317, "delta": 1.374665}}
{"target": -53.659811687328954, "params": {"C": 29.762109742951697, "epsilon": 2.5132429015876308, "gamma": 0.004434044385360924}, "datetime": {"datetime": "2021-09-29 20:58:30", "elapsed": 186.748316, "delta": 1.289999}}
{"target": -56.043232546507305, "params": {"C": 7.262309929328621, "epsilon": 2.7946121092872285, "gamma": 0.019347506333333316}, "datetime": {"datetime": "2021-09-29 20:58:31", "elapsed": 188.31439, "delta": 1.566074}}
{"target": -60.8535968104504, "params": {"C": 14.711936116225962, "epsilon": 1.0665904746633312, "gamma": 0.04750123524165577}, "datetime": {"datetime": "2021-09-29 20:58:33", "elapsed": 190.110276, "delta": 1.795886}}
{"target": -57.17671974348093, "params": {"C": 57.04056063677051, "epsilon": 0.34708459960512283, "gamma": 0.010370476434254334}, "datetime": {"datetime": "2021-09-29 20:58:34", "elapsed": 191.255964, "delta": 1.145688}}
{"target": -65.71835256323861, "params": {"C": 99.98734543908134, "epsilon": 0.022971834288404942, "gamma": 0.07079688614346653}, "datetime": {"datetime": "2021-09-29 20:58:35", "elapsed": 192.409968, "delta": 1.154004}}
{"target": -54.02834902524932, "params": {"C": 11.253510389583147, "epsilon": 2.168581576342606, "gamma": 0.004258380927215649}, "datetime": {"datetime": "2021-09-29 20:58:38", "elapsed": 194.474843, "delta": 2.064875}}
{"target": -60.40329051195713, "params": {"C": 7.2894718563241, "epsilon": 2.8246322360834037, "gamma": 0.05712635395993746}, "datetime": {"datetime": "2021-09-29 20:58:39", "elapsed": 196.241624, "delta": 1.766781}}
{"target": -58.36924230783601, "params": {"C": 49.68983557959984, "epsilon": 0.43911266342520777, "gamma": 0.01709849185914061}, "datetime": {"datetime": "2021-09-29 20:58:40", "elapsed": 197.434777, "delta": 1.193153}}
{"target": -53.32861295926542, "params": {"C": 72.12656439900918, "epsilon": 1.9064520468651387, "gamma": 0.0021556815910230252}, "datetime": {"datetime": "2021-09-29 20:58:42", "elapsed": 198.997776, "delta": 1.562999}}
{"target": -61.09399075834152, "params": {"C": 89.03305088639772, "epsilon": 1.5992852560219981, "gamma": 0.033965232046942254}, "datetime": {"datetime": "2021-09-29 20:58:43", "elapsed": 200.337518, "delta": 1.339742}}
{"target": -57.97530105745198, "params": {"C": 72.14670154145047, "epsilon": 1.8646749866640262, "gamma": 0.014338632695416608}, "datetime": {"datetime": "2021-09-29 20:58:45", "elapsed": 202.126171, "delta": 1.788653}}
{"target": -62.858126798616375, "params": {"C": 19.62055132358162, "epsilon": 2.2834819508654802, "gamma": 0.07557682601033816}, "datetime": {"datetime": "2021-09-29 20:58:46", "elapsed": 203.404788, "delta": 1.278617}}
{"target": -53.94728954981157, "params": {"C": 14.687698363671426, "epsilon": 1.1377610654117067, "gamma": 0.006091837184234861}, "datetime": {"datetime": "2021-09-29 20:58:49", "elapsed": 205.578188, "delta": 2.1734}}
{"target": -60.46768142039796, "params": {"C": 47.78257524349005, "epsilon": 2.41006862959301, "gamma": 0.02863740582935868}, "datetime": {"datetime": "2021-09-29 20:58:50", "elapsed": 206.703185, "delta": 1.124997}}
{"target": -55.71780954690257, "params": {"C": 25.865561348360764, "epsilon": 1.8169260704023633, "gamma": 0.0010702114643583718}, "datetime": {"datetime": "2021-09-29 20:58:52", "elapsed": 208.812766, "delta": 2.109581}}
{"target": -53.62257582319002, "params": {"C": 29.7360430443279, "epsilon": 2.518751600520998, "gamma": 0.004359079560227421}, "datetime": {"datetime": "2021-09-29 20:58:54", "elapsed": 210.622565, "delta": 1.809799}}
{"target": -73.61076621236123, "params": {"C": 7.2585035943205725, "epsilon": 2.818444474341122, "gamma": 0.0001}, "datetime": {"datetime": "2021-09-29 20:58:55", "elapsed": 212.335438, "delta": 1.712873}}
{"target": -56.239283809980044, "params": {"C": 14.641784516510246, "epsilon": 1.1081657346089762, "gamma": 0.017481639895561354}, "datetime": {"datetime": "2021-09-29 20:58:57", "elapsed": 214.16367, "delta": 1.828232}}
{"target": -62.59492905894886, "params": {"C": 94.52582548406399, "epsilon": 0.4208171839685165, "gamma": 0.04649041705874728}, "datetime": {"datetime": "2021-09-29 20:58:59", "elapsed": 215.843459, "delta": 1.679789}}
{"target": -56.13629174124423, "params": {"C": 14.326234062045502, "epsilon": 1.44914439007957, "gamma": 0.016922239532047127}, "datetime": {"datetime": "2021-09-29 20:59:02", "elapsed": 218.506849, "delta": 2.66339}}
{"target": -61.62740407578929, "params": {"C": 44.65939070926152, "epsilon": 0.22600598311775077, "gamma": 0.041285990450939114}, "datetime": {"datetime": "2021-09-29 20:59:03", "elapsed": 219.875586, "delta": 1.368737}}
{"target": -59.37815891133417, "params": {"C": 15.771973591666033, "epsilon": 2.2714001098759162, "gamma": 0.029665433860715993}, "datetime": {"datetime": "2021-09-29 20:59:04", "elapsed": 221.102587, "delta": 1.227001}}
{"target": -56.28336365278934, "params": {"C": 25.148469005360674, "epsilon": 0.10253345910983028, "gamma": 0.011997437166105119}, "datetime": {"datetime": "2021-09-29 20:59:06", "elapsed": 223.035585, "delta": 1.932998}}
{"target": -57.8376366414364, "params": {"C": 14.524946518271566, "epsilon": 1.0663943041425552, "gamma": 0.0015306619992502895}, "datetime": {"datetime": "2021-09-29 20:59:08", "elapsed": 224.690479, "delta": 1.654894}}
{"target": -63.87129055476651, "params": {"C": 23.61597930529168, "epsilon": 2.1017695495004793, "gamma": 0.0889953062760512}, "datetime": {"datetime": "2021-09-29 20:59:09", "elapsed": 226.279982, "delta": 1.589503}}
{"target": -56.57262855472973, "params": {"C": 8.696537843743464, "epsilon": 0.7935084745801555, "gamma": 0.01939245866544053}, "datetime": {"datetime": "2021-09-29 20:59:11", "elapsed": 227.65738, "delta": 1.377398}}
{"target": -55.985311640873014, "params": {"C": 29.766547359611952, "epsilon": 2.5151315626334134, "gamma": 0.010772975094164373}, "datetime": {"datetime": "2021-09-29 20:59:12", "elapsed": 228.944379, "delta": 1.286999}}
{"target": -57.052092769430985, "params": {"C": 89.07578269571034, "epsilon": 1.408769012288946, "gamma": 0.010088524346562263}, "datetime": {"datetime": "2021-09-29 20:59:14", "elapsed": 230.791485, "delta": 1.847106}}
{"target": -64.5416500961236, "params": {"C": 55.0501569423036, "epsilon": 1.9566074344480964, "gamma": 0.07838267764632749}, "datetime": {"datetime": "2021-09-29 20:59:15", "elapsed": 232.231306, "delta": 1.439821}}
{"target": -61.162178415583156, "params": {"C": 92.92500746536324, "epsilon": 0.37994389460219286, "gamma": 0.03272844069362209}, "datetime": {"datetime": "2021-09-29 20:59:18", "elapsed": 234.483867, "delta": 2.252561}}
{"target": -59.4927086391404, "params": {"C": 14.537237600646518, "epsilon": 0.9707228532298796, "gamma": 0.03271508887764427}, "datetime": {"datetime": "2021-09-29 20:59:20", "elapsed": 237.259341, "delta": 2.775474}}
{"target": -60.80379714233734, "params": {"C": 7.2423953181387715, "epsilon": 2.7853921723498964, "gamma": 0.060364335822573244}, "datetime": {"datetime": "2021-09-29 20:59:22", "elapsed": 239.152602, "delta": 1.893261}}
{"target": -58.854877622344404, "params": {"C": 4.116423248878132, "epsilon": 2.0211179726970494, "gamma": 0.04005283870212117}, "datetime": {"datetime": "2021-09-29 20:59:24", "elapsed": 240.543159, "delta": 1.390557}}
{"target": -53.65318377230241, "params": {"C": 14.362731482078347, "epsilon": 1.5227452651950348, "gamma": 0.003685381546393745}, "datetime": {"datetime": "2021-09-29 20:59:26", "elapsed": 242.980034, "delta": 2.436875}}
{"target": -58.49396320054269, "params": {"C": 14.67280378563136, "epsilon": 1.1275436339241385, "gamma": 0.025909192326342364}, "datetime": {"datetime": "2021-09-29 20:59:28", "elapsed": 245.067908, "delta": 2.087874}}
{"target": -56.1268294031075, "params": {"C": 11.20279562317562, "epsilon": 2.1220784130873356, "gamma": 0.017890306600988296}, "datetime": {"datetime": "2021-09-29 20:59:30", "elapsed": 247.260989, "delta": 2.193081}}
{"target": -61.71749662308695, "params": {"C": 27.059672047763247, "epsilon": 2.561836724772556, "gamma": 0.04416509058320866}, "datetime": {"datetime": "2021-09-29 20:59:32", "elapsed": 248.671127, "delta": 1.410138}}
{"target": -63.628453130050055, "params": {"C": 23.589279890369884, "epsilon": 2.203291737087378, "gamma": 0.08167790380055881}, "datetime": {"datetime": "2021-09-29 20:59:33", "elapsed": 250.005545, "delta": 1.334418}}
{"target": -62.11907188389115, "params": {"C": 28.60481700847841, "epsilon": 0.6475747550852883, "gamma": 0.04727601172377907}, "datetime": {"datetime": "2021-09-29 20:59:34", "elapsed": 251.376544, "delta": 1.370999}}
{"target": -64.82897729160365, "params": {"C": 60.19885886910676, "epsilon": 0.13300659256873557, "gamma": 0.07821491491822423}, "datetime": {"datetime": "2021-09-29 20:59:36", "elapsed": 252.81648, "delta": 1.439936}}
{"target": -54.91361815999029, "params": {"C": 29.745954299859555, "epsilon": 2.4964710380507302, "gamma": 0.007786880752909426}, "datetime": {"datetime": "2021-09-29 20:59:38", "elapsed": 254.626623, "delta": 1.810143}}
{"target": -54.684642660388306, "params": {"C": 7.32082748796082, "epsilon": 2.7962424238601304, "gamma": 0.009829746026207262}, "datetime": {"datetime": "2021-09-29 20:59:40", "elapsed": 257.058857, "delta": 2.432234}}
{"target": -55.45520149341804, "params": {"C": 11.276521545068753, "epsilon": 2.249566427979972, "gamma": 0.014799199960283064}, "datetime": {"datetime": "2021-09-29 20:59:42", "elapsed": 258.834511, "delta": 1.775654}}
{"target": -55.10345202591562, "params": {"C": 49.157995904216754, "epsilon": 2.7039991827410708, "gamma": 0.00601460861411149}, "datetime": {"datetime": "2021-09-29 20:59:43", "elapsed": 260.12787, "delta": 1.293359}}
{"target": -52.910669440372374, "params": {"C": 14.650433206095572, "epsilon": 1.0753415133128608, "gamma": 0.00507869196796908}, "datetime": {"datetime": "2021-09-29 20:59:45", "elapsed": 261.905092, "delta": 1.777222}}
{"target": -62.83910853221525, "params": {"C": 72.09940224609775, "epsilon": 1.891670985135105, "gamma": 0.05548249982616018}, "datetime": {"datetime": "2021-09-29 20:59:47", "elapsed": 263.713734, "delta": 1.808642}}
{"target": -70.82598166660703, "params": {"C": 25.90462044997796, "epsilon": 1.8177020559016448, "gamma": 0.0001}, "datetime": {"datetime": "2021-09-29 20:59:49", "elapsed": 265.616446, "delta": 1.902712}}
{"target": -64.60678605406626, "params": {"C": 38.0287392047036, "epsilon": 1.0919671195609628, "gamma": 0.08446402191508257}, "datetime": {"datetime": "2021-09-29 20:59:50", "elapsed": 266.972548, "delta": 1.356102}}
{"target": -59.761701623721876, "params": {"C": 25.85769062437365, "epsilon": 1.8019812197596328, "gamma": 0.026029141029821627}, "datetime": {"datetime": "2021-09-29 20:59:52", "elapsed": 269.226687, "delta": 2.254139}}
{"target": -59.74178623722739, "params": {"C": 8.393087590611263, "epsilon": 0.13828420535418007, "gamma": 0.04188979149400506}, "datetime": {"datetime": "2021-09-29 20:59:55", "elapsed": 271.957474, "delta": 2.730787}}
{"target": -53.7594927456073, "params": {"C": 14.53856366842823, "epsilon": 1.1232014463982969, "gamma": 0.007324526188687487}, "datetime": {"datetime": "2021-09-29 20:59:57", "elapsed": 273.630764, "delta": 1.67329}}
{"target": -63.367846194650376, "params": {"C": 64.67418288689964, "epsilon": 0.8617205666071936, "gamma": 0.06222893179269654}, "datetime": {"datetime": "2021-09-29 20:59:58", "elapsed": 274.967157, "delta": 1.336393}}
{"target": -55.84220881786397, "params": {"C": 8.719083452680035, "epsilon": 0.7508623229896823, "gamma": 0.015823902943900226}, "datetime": {"datetime": "2021-09-29 20:59:59", "elapsed": 276.204378, "delta": 1.237221}}
{"target": -55.398241325059494, "params": {"C": 11.256957228031613, "epsilon": 2.1774101861409303, "gamma": 0.014522085440023787}, "datetime": {"datetime": "2021-09-29 21:00:01", "elapsed": 277.612011, "delta": 1.407633}}
{"target": -61.220220296918725, "params": {"C": 14.993413578915504, "epsilon": 1.7511431339974262, "gamma": 0.0009538231010113705}, "datetime": {"datetime": "2021-09-29 21:00:03", "elapsed": 279.597301, "delta": 1.98529}}
{"target": -53.744708307377195, "params": {"C": 14.534191252103827, "epsilon": 1.0954033589488155, "gamma": 0.003931364260370591}, "datetime": {"datetime": "2021-09-29 21:00:05", "elapsed": 281.572072, "delta": 1.974771}}
{"target": -63.72396641684771, "params": {"C": 1.903983542332841, "epsilon": 0.6924476056102004, "gamma": 0.06483909934072414}, "datetime": {"datetime": "2021-09-29 21:00:06", "elapsed": 282.979878, "delta": 1.407806}}
{"target": -59.01849088896787, "params": {"C": 11.203667724757569, "epsilon": 2.08417295914247, "gamma": 0.03421767228371831}, "datetime": {"datetime": "2021-09-29 21:00:08", "elapsed": 284.704655, "delta": 1.724777}}
{"target": -56.138459887976985, "params": {"C": 11.214551026219421, "epsilon": 2.078938571901661, "gamma": 0.002489093097604801}, "datetime": {"datetime": "2021-09-29 21:00:10", "elapsed": 286.67778, "delta": 1.973125}}
{"target": -60.3982411318849, "params": {"C": 57.073391393458564, "epsilon": 0.32359554419480385, "gamma": 0.03018481876412699}, "datetime": {"datetime": "2021-09-29 21:00:12", "elapsed": 288.521544, "delta": 1.843764}}
{"target": -61.906719306557946, "params": {"C": 85.69695133332134, "epsilon": 1.2743699770640438, "gamma": 0.042401270372764095}, "datetime": {"datetime": "2021-09-29 21:00:13", "elapsed": 289.797986, "delta": 1.276442}}
{"target": -57.56675770386776, "params": {"C": 18.795287202421544, "epsilon": 1.0631249866206032, "gamma": 0.019540133969831876}, "datetime": {"datetime": "2021-09-29 21:00:15", "elapsed": 292.184, "delta": 2.386014}}
{"target": -54.059063967633435, "params": {"C": 10.983102879810312, "epsilon": 2.0852477080193967, "gamma": 0.009797858646139435}, "datetime": {"datetime": "2021-09-29 21:00:17", "elapsed": 294.064197, "delta": 1.880197}}
{"target": -61.39242460966403, "params": {"C": 80.50255677845597, "epsilon": 1.2977962246259667, "gamma": 0.03785411563759952}, "datetime": {"datetime": "2021-09-29 21:00:19", "elapsed": 296.339282, "delta": 2.275085}}
{"target": -54.61071922960365, "params": {"C": 14.544944411099026, "epsilon": 1.1036866654021928, "gamma": 0.009567454388326}, "datetime": {"datetime": "2021-09-29 21:00:22", "elapsed": 298.917244, "delta": 2.577962}}
{"target": -57.96870960248659, "params": {"C": 14.85069656523924, "epsilon": 1.5324282934753153, "gamma": 0.022643871193323076}, "datetime": {"datetime": "2021-09-29 21:00:23", "elapsed": 300.305103, "delta": 1.387859}}
{"target": -64.81882714193912, "params": {"C": 94.55749121780205, "epsilon": 0.1727131249654745, "gamma": 0.06498932981431035}, "datetime": {"datetime": "2021-09-29 21:00:25", "elapsed": 301.871353, "delta": 1.56625}}
{"target": -55.737045257751625, "params": {"C": 14.563165163758372, "epsilon": 1.0608030756161382, "gamma": 0.014588218462105833}, "datetime": {"datetime": "2021-09-29 21:00:26", "elapsed": 303.317948, "delta": 1.446595}}
{"target": -61.88211776045828, "params": {"C": 70.45549376888005, "epsilon": 1.6546092893287947, "gamma": 0.04537652676202958}, "datetime": {"datetime": "2021-09-29 21:00:28", "elapsed": 304.792793, "delta": 1.474845}}
{"target": -53.57858346119448, "params": {"C": 14.73216817915273, "epsilon": 2.512046808129035, "gamma": 0.0032780751021808576}, "datetime": {"datetime": "2021-09-29 21:00:30", "elapsed": 306.676468, "delta": 1.883675}}
{"target": -58.726457355171824, "params": {"C": 14.534053682645261, "epsilon": 1.1653691809316833, "gamma": 0.027178348569581366}, "datetime": {"datetime": "2021-09-29 21:00:32", "elapsed": 308.78145, "delta": 2.104982}}
{"target": -63.13916876558782, "params": {"C": 79.08643159094697, "epsilon": 0.47657289943850306, "gamma": 0.056616612235177485}, "datetime": {"datetime": "2021-09-29 21:00:33", "elapsed": 310.364312, "delta": 1.582862}}
{"target": -60.52775899669539, "params": {"C": 88.48735701731665, "epsilon": 1.6704366725727229, "gamma": 0.028910145081603406}, "datetime": {"datetime": "2021-09-29 21:00:35", "elapsed": 311.9195, "delta": 1.555188}}
{"target": -60.692038251614555, "params": {"C": 85.3644952913718, "epsilon": 1.9362094808581793, "gamma": 0.03123368794463381}, "datetime": {"datetime": "2021-09-29 21:00:37", "elapsed": 313.467089, "delta": 1.547589}}
{"target": -59.386515558895866, "params": {"C": 14.69203601509703, "epsilon": 1.1653174932026271, "gamma": 0.031112730056459474}, "datetime": {"datetime": "2021-09-29 21:00:38", "elapsed": 315.331083, "delta": 1.863994}}
{"target": -56.36267928434311, "params": {"C": 89.11229971344761, "epsilon": 1.4179819628776675, "gamma": 0.007068791562272255}, "datetime": {"datetime": "2021-09-29 21:00:41", "elapsed": 317.959381, "delta": 2.628298}}
{"target": -59.88977846017046, "params": {"C": 17.994299742619162, "epsilon": 2.99480505766839, "gamma": 0.03314734935482886}, "datetime": {"datetime": "2021-09-29 21:00:42", "elapsed": 319.284455, "delta": 1.325074}}
{"target": -55.91924657163509, "params": {"C": 14.497060869554826, "epsilon": 0.9943844684561494, "gamma": 0.01550755988553423}, "datetime": {"datetime": "2021-09-29 21:00:45", "elapsed": 321.514791, "delta": 2.230336}}
{"target": -60.187310682874205, "params": {"C": 9.985093211843385, "epsilon": 1.8677396033083424, "gamma": 0.04704482601962341}, "datetime": {"datetime": "2021-09-29 21:00:47", "elapsed": 324.028442, "delta": 2.513651}}
{"target": -58.563723682272496, "params": {"C": 44.77172857285156, "epsilon": 2.7314100158877666, "gamma": 0.017500357506706206}, "datetime": {"datetime": "2021-09-29 21:00:50", "elapsed": 326.555247, "delta": 2.526805}}
{"target": -59.45525694751809, "params": {"C": 89.09044523593509, "epsilon": 1.4606346283727771, "gamma": 0.02115311146862649}, "datetime": {"datetime": "2021-09-29 21:00:52", "elapsed": 328.716177, "delta": 2.16093}}
{"target": -62.35594539424222, "params": {"C": 21.85813239393478, "epsilon": 2.312221460734765, "gamma": 0.05232013775518101}, "datetime": {"datetime": "2021-09-29 21:00:53", "elapsed": 330.006073, "delta": 1.289896}}
{"target": -56.26850870511595, "params": {"C": 11.245115914113134, "epsilon": 2.064354590337597, "gamma": 0.018305200963955}, "datetime": {"datetime": "2021-09-29 21:00:55", "elapsed": 332.097799, "delta": 2.091726}}
{"target": -56.56599315869404, "params": {"C": 97.33265807482024, "epsilon": 1.4345567227212572, "gamma": 0.007768635249868781}, "datetime": {"datetime": "2021-09-29 21:00:57", "elapsed": 333.47281, "delta": 1.375011}}
{"target": -55.45208648972877, "params": {"C": 10.943592945725495, "epsilon": 2.062031542394765, "gamma": 0.014809955780087845}, "datetime": {"datetime": "2021-09-29 21:00:59", "elapsed": 335.519967, "delta": 2.047157}}
{"target": -53.152465279361884, "params": {"C": 14.89440479264231, "epsilon": 1.7889640148004924, "gamma": 0.004708322264332405}, "datetime": {"datetime": "2021-09-29 21:01:01", "elapsed": 338.440195, "delta": 2.920228}}
{"target": -53.968564238946136, "params": {"C": 14.312637903834649, "epsilon": 1.474595265808674, "gamma": 0.004261805555330246}, "datetime": {"datetime": "2021-09-29 21:01:03", "elapsed": 340.30798, "delta": 1.867785}}
{"target": -58.318278969066085, "params": {"C": 14.561695041593923, "epsilon": 1.1369426259393816, "gamma": 0.025097509672915738}, "datetime": {"datetime": "2021-09-29 21:01:05", "elapsed": 342.430544, "delta": 2.122564}}
{"target": -55.789997873826536, "params": {"C": 86.55379415761392, "epsilon": 0.6639076748577395, "gamma": 0.004176691425335033}, "datetime": {"datetime": "2021-09-29 21:01:07", "elapsed": 343.852553, "delta": 1.422009}}
{"target": -52.29821803244326, "params": {"C": 44.76785689621635, "epsilon": 2.6501713302368826, "gamma": 0.0015440137861720056}, "datetime": {"datetime": "2021-09-29 21:01:09", "elapsed": 345.957063, "delta": 2.10451}}
{"target": -56.12149522812804, "params": {"C": 11.021800940667196, "epsilon": 2.0544084222425463, "gamma": 0.0027756137881399454}, "datetime": {"datetime": "2021-09-29 21:01:12", "elapsed": 348.463618, "delta": 2.506555}}
{"target": -59.0104117075299, "params": {"C": 11.24208358003874, "epsilon": 2.1643299482401193, "gamma": 0.03389573051732238}, "datetime": {"datetime": "2021-09-29 21:01:14", "elapsed": 350.72052, "delta": 2.256902}}
{"target": -66.36892973043751, "params": {"C": 8.69969734242353, "epsilon": 0.8055405086140409, "gamma": 0.0007700976959224547}, "datetime": {"datetime": "2021-09-29 21:01:16", "elapsed": 353.057403, "delta": 2.336883}}
{"target": -63.64008107415662, "params": {"C": 62.203857638514314, "epsilon": 0.0803632164710174, "gamma": 0.06411099160450348}, "datetime": {"datetime": "2021-09-29 21:01:17", "elapsed": 354.437228, "delta": 1.379825}}
{"target": -59.75327511550367, "params": {"C": 27.56965164425444, "epsilon": 2.5038595244139117, "gamma": 0.026317671765704473}, "datetime": {"datetime": "2021-09-29 21:01:19", "elapsed": 355.922223, "delta": 1.484995}}
{"target": -59.99838671203154, "params": {"C": 14.32475694190842, "epsilon": 1.485652401122564, "gamma": 0.038479533381862385}, "datetime": {"datetime": "2021-09-29 21:01:21", "elapsed": 358.41744, "delta": 2.495217}}
{"target": -60.77912995689384, "params": {"C": 55.09969012799682, "epsilon": 2.306114769028757, "gamma": 0.031906971104449545}, "datetime": {"datetime": "2021-09-29 21:01:23", "elapsed": 360.013027, "delta": 1.595587}}
{"target": -66.01185263097639, "params": {"C": 67.95069890069928, "epsilon": 0.1364434403559315, "gamma": 0.08911398830073561}, "datetime": {"datetime": "2021-09-29 21:01:24", "elapsed": 361.354343, "delta": 1.341316}}
{"target": -63.75663629866845, "params": {"C": 37.5207694313164, "epsilon": 0.9062932395482663, "gamma": 0.06666364097011601}, "datetime": {"datetime": "2021-09-29 21:01:26", "elapsed": 362.862337, "delta": 1.507994}}
