{"target": -59.326753503194475, "params": {"C": 132.20077973077645, "epsilon": 1.6263234149543555, "gamma": 0.02161107181912151}, "datetime": {"datetime": "2021-09-29 21:40:38", "elapsed": 965.159055, "delta": 4.367109}}
{"target": -57.94493298845877, "params": {"C": 103.77839579043649, "epsilon": 1.8159657156856637, "gamma": 0.01334976208455725}, "datetime": {"datetime": "2021-09-29 21:40:44", "elapsed": 970.777859, "delta": 5.618804}}
{"target": -59.16202542817507, "params": {"C": 109.05393803379782, "epsilon": 1.839603895280504, "gamma": 0.02338218929118177}, "datetime": {"datetime": "2021-09-29 21:40:48", "elapsed": 974.922537, "delta": 4.144678}}
{"target": -60.574561545471106, "params": {"C": 112.12782850634025, "epsilon": 0.18265196832980496, "gamma": 0.030450059053452303}, "datetime": {"datetime": "2021-09-29 21:40:50", "elapsed": 977.2059, "delta": 2.283363}}
{"target": -58.52155076317839, "params": {"C": 175.54052832656163, "epsilon": 1.4983273788554539, "gamma": 0.010545587558469844}, "datetime": {"datetime": "2021-09-29 21:40:53", "elapsed": 979.545366, "delta": 2.339466}}
{"target": -56.37230363685146, "params": {"C": 127.3921651382297, "epsilon": 0.013914533949182847, "gamma": 0.005308834084961882}, "datetime": {"datetime": "2021-09-29 21:40:56", "elapsed": 983.247365, "delta": 3.701999}}
{"target": -60.01181718771953, "params": {"C": 171.57465002812918, "epsilon": 2.837358652116905, "gamma": 0.026954013509358315}, "datetime": {"datetime": "2021-09-29 21:40:59", "elapsed": 985.679153, "delta": 2.431788}}
{"target": -59.18418069250456, "params": {"C": 126.7108221049955, "epsilon": 0.7838601580237281, "gamma": 0.01876921699460606}, "datetime": {"datetime": "2021-09-29 21:41:03", "elapsed": 989.460748, "delta": 3.781595}}
{"target": -55.76873812707625, "params": {"C": 122.63103652369, "epsilon": 1.2288767557287728, "gamma": 0.0025348314520386214}, "datetime": {"datetime": "2021-09-29 21:41:08", "elapsed": 994.963221, "delta": 5.502473}}
{"target": -60.754742949964346, "params": {"C": 140.8377959686883, "epsilon": 2.5756112744712376, "gamma": 0.03645559680576362}, "datetime": {"datetime": "2021-09-29 21:41:10", "elapsed": 997.281949, "delta": 2.318728}}
{"target": -58.4624842412446, "params": {"C": 130.72700055443744, "epsilon": 2.6416554876087317, "gamma": 0.015090103950474758}, "datetime": {"datetime": "2021-09-29 21:41:13", "elapsed": 999.631516, "delta": 2.349567}}
{"target": -56.9977402548552, "params": {"C": 113.22185948647225, "epsilon": 1.3770813916131095, "gamma": 0.007274024099419598}, "datetime": {"datetime": "2021-09-29 21:41:16", "elapsed": 1003.310774, "delta": 3.679258}}
{"target": -59.272735500732246, "params": {"C": 243.5994902142004, "epsilon": 0.07875276925184611, "gamma": 0.011038283309786312}, "datetime": {"datetime": "2021-09-29 21:49:40", "elapsed": 0.0, "delta": 0.0}}
{"target": -58.202817022517216, "params": {"C": 243.5322392618277, "epsilon": 1.2616830384603794, "gamma": 0.006673662937977096}, "datetime": {"datetime": "2021-09-29 21:49:40", "elapsed": 0.035001, "delta": 0.035001}}
{"target": -57.92968148712323, "params": {"C": 220.46486340378425, "epsilon": 1.8581936280856404, "gamma": 0.006063128006123011}, "datetime": {"datetime": "2021-09-29 21:49:40", "elapsed": 0.062, "delta": 0.026999}}
{"target": -58.90993918100498, "params": {"C": 226.68272751028667, "epsilon": 1.8637803644751154, "gamma": 0.010629927676113078}, "datetime": {"datetime": "2021-09-29 21:49:40", "elapsed": 0.091996, "delta": 0.029996}}
{"target": -56.958172964607655, "params": {"C": 213.45799453449337, "epsilon": 1.5412207856759734, "gamma": 0.003770353326373614}, "datetime": {"datetime": "2021-09-29 21:49:41", "elapsed": 0.117996, "delta": 0.026}}
{"target": -59.08899328657006, "params": {"C": 278.53351478166735, "epsilon": 2.562071902625827, "gamma": 0.009935313063900364}, "datetime": {"datetime": "2021-09-29 21:49:41", "elapsed": 0.16, "delta": 0.042004}}
{"target": -59.34594796990221, "params": {"C": 263.1908180521357, "epsilon": 0.8136258549055587, "gamma": 0.010405092076621436}, "datetime": {"datetime": "2021-09-29 21:49:41", "elapsed": 0.302004, "delta": 0.142004}}
{"target": -59.24299337077641, "params": {"C": 242.0609828256476, "epsilon": 1.364295062537476, "gamma": 0.011584892017150572}, "datetime": {"datetime": "2021-09-29 21:49:41", "elapsed": 0.396003, "delta": 0.093999}}
{"target": -58.52943092267433, "params": {"C": 219.53451923531998, "epsilon": 1.8685206966833863, "gamma": 0.009460295649019535}, "datetime": {"datetime": "2021-09-29 21:49:41", "elapsed": 0.513014, "delta": 0.117011}}
{"target": -60.12402853243335, "params": {"C": 213.51541386798777, "epsilon": 1.7201825265468376, "gamma": 0.01940665310850521}, "datetime": {"datetime": "2021-09-29 21:49:41", "elapsed": 0.690041, "delta": 0.177027}}
{"target": -58.97829574685716, "params": {"C": 239.3435866798245, "epsilon": 2.4787805722459497, "gamma": 0.010735764663201268}, "datetime": {"datetime": "2021-09-29 21:49:41", "elapsed": 0.780007, "delta": 0.089966}}
{"target": -59.52709882566113, "params": {"C": 247.96924789706895, "epsilon": 2.606448777112884, "gamma": 0.017383085753905354}, "datetime": {"datetime": "2021-09-29 21:49:41", "elapsed": 0.864999, "delta": 0.084992}}
{"target": -58.409687923229434, "params": {"C": 211.99938354946656, "epsilon": 1.2184558072790672, "gamma": 0.007547561042410339}, "datetime": {"datetime": "2021-09-29 21:49:41", "elapsed": 0.971003, "delta": 0.106004}}
{"target": -59.819402088364036, "params": {"C": 213.86546949414858, "epsilon": 1.4221405015633612, "gamma": 0.017560696892897718}, "datetime": {"datetime": "2021-09-29 21:49:41", "elapsed": 1.094001, "delta": 0.122998}}
{"target": -56.11561170221685, "params": {"C": 248.63593535745414, "epsilon": 2.683484214350215, "gamma": 0.00033937908968912576}, "datetime": {"datetime": "2021-09-29 21:49:42", "elapsed": 1.178041, "delta": 0.08404}}
{"target": -59.24716586936949, "params": {"C": 216.6534563409806, "epsilon": 1.0331012129809096, "gamma": 0.013334405360473287}, "datetime": {"datetime": "2021-09-29 21:49:42", "elapsed": 1.275999, "delta": 0.097958}}
{"target": -59.844601488134884, "params": {"C": 238.23328450754593, "epsilon": 0.3253068894190921, "gamma": 0.013706586519931898}, "datetime": {"datetime": "2021-09-29 21:49:42", "elapsed": 1.359936, "delta": 0.083937}}
{"target": -57.6682769730208, "params": {"C": 240.4472216470425, "epsilon": 1.9097195876615638, "gamma": 0.0049540024312172215}, "datetime": {"datetime": "2021-09-29 21:49:42", "elapsed": 1.459905, "delta": 0.099969}}
{"target": -59.338466276450866, "params": {"C": 281.9955580702805, "epsilon": 1.4840572586598495, "gamma": 0.01336291911598344}, "datetime": {"datetime": "2021-09-29 21:49:42", "elapsed": 1.566905, "delta": 0.107}}
{"target": -58.57469546426775, "params": {"C": 211.7558619454409, "epsilon": 1.3027315680376776, "gamma": 0.007891381205959617}, "datetime": {"datetime": "2021-09-29 21:49:42", "elapsed": 1.6799, "delta": 0.112995}}
{"target": -56.267581287005484, "params": {"C": 217.95858496475853, "epsilon": 1.0456028732897633, "gamma": 0.0019865818557357256}, "datetime": {"datetime": "2021-09-29 21:49:42", "elapsed": 1.795943, "delta": 0.116043}}
{"target": -56.969471849767295, "params": {"C": 236.44313691388973, "epsilon": 1.7851779388311744, "gamma": 0.0037810523809718153}, "datetime": {"datetime": "2021-09-29 21:49:42", "elapsed": 1.911907, "delta": 0.115964}}
{"target": -55.973616163913086, "params": {"C": 212.55584692632, "epsilon": 1.9195860370103888, "gamma": 0.0014255583426726645}, "datetime": {"datetime": "2021-09-29 21:49:42", "elapsed": 2.025542, "delta": 0.113635}}
{"target": -58.186644950147745, "params": {"C": 271.4422017891798, "epsilon": 0.655085242019186, "gamma": 0.005739136045485856}, "datetime": {"datetime": "2021-09-29 21:49:43", "elapsed": 2.134547, "delta": 0.109005}}
{"target": -55.845539845576816, "params": {"C": 204.7275010581174, "epsilon": 2.607794038672715, "gamma": 0.001339316922328013}, "datetime": {"datetime": "2021-09-29 21:49:43", "elapsed": 2.229552, "delta": 0.095005}}
{"target": -59.9416090961409, "params": {"C": 231.5360171973867, "epsilon": 1.2714453026856434, "gamma": 0.01683725664196064}, "datetime": {"datetime": "2021-09-29 21:49:43", "elapsed": 2.350542, "delta": 0.12099}}
{"target": -56.956709192400844, "params": {"C": 224.22390454881022, "epsilon": 1.4945800325573286, "gamma": 0.003847502511704703}, "datetime": {"datetime": "2021-09-29 21:49:43", "elapsed": 2.463542, "delta": 0.113}}
{"target": -57.93409934489196, "params": {"C": 210.1215044845265, "epsilon": 2.0896234248781353, "gamma": 0.006498175001818595}, "datetime": {"datetime": "2021-09-29 21:49:43", "elapsed": 2.606586, "delta": 0.143044}}
{"target": -59.21114392799234, "params": {"C": 230.77398426100152, "epsilon": 1.9535201485429579, "gamma": 0.01176021141581667}, "datetime": {"datetime": "2021-09-29 21:49:43", "elapsed": 2.735585, "delta": 0.128999}}
{"target": -57.04013819651904, "params": {"C": 225.21083219312956, "epsilon": 1.814212246318266, "gamma": 0.004099285245987842}, "datetime": {"datetime": "2021-09-29 21:49:43", "elapsed": 2.852552, "delta": 0.116967}}
{"target": -56.5882803984152, "params": {"C": 230.72367288223234, "epsilon": 2.6561723705121745, "gamma": 0.0017883895509938534}, "datetime": {"datetime": "2021-09-29 21:49:43", "elapsed": 2.992552, "delta": 0.14}}
{"target": -56.525370423927825, "params": {"C": 201.17298404436363, "epsilon": 2.7739297345118565, "gamma": 0.002544221761947673}, "datetime": {"datetime": "2021-09-29 21:49:44", "elapsed": 3.125545, "delta": 0.132993}}
{"target": -59.10167966377086, "params": {"C": 210.33064923926844, "epsilon": 2.6948660554966293, "gamma": 0.012334816235548279}, "datetime": {"datetime": "2021-09-29 21:49:44", "elapsed": 3.245548, "delta": 0.120003}}
{"target": -55.55301261259922, "params": {"C": 266.5517572013392, "epsilon": 2.1327357943067535, "gamma": 0.0003932240473311522}, "datetime": {"datetime": "2021-09-29 21:49:44", "elapsed": 3.387765, "delta": 0.142217}}
{"target": -57.729851956525756, "params": {"C": 286.7800807960191, "epsilon": 2.850673809321771, "gamma": 0.005193352313960627}, "datetime": {"datetime": "2021-09-29 21:49:44", "elapsed": 3.55873, "delta": 0.170965}}
{"target": -58.05729763543719, "params": {"C": 267.146053052103, "epsilon": 0.7850309877859607, "gamma": 0.005512589322176507}, "datetime": {"datetime": "2021-09-29 21:49:44", "elapsed": 3.734725, "delta": 0.175995}}
{"target": -60.54483449987249, "params": {"C": 274.43497294498053, "epsilon": 2.084708462547635, "gamma": 0.018817229828041404}, "datetime": {"datetime": "2021-09-29 21:49:44", "elapsed": 3.897725, "delta": 0.163}}
{"target": -56.76671303335124, "params": {"C": 233.5299962314615, "epsilon": 0.43812491821456806, "gamma": 0.003179976723862962}, "datetime": {"datetime": "2021-09-29 21:49:44", "elapsed": 4.073723, "delta": 0.175998}}
{"target": -59.5569601705939, "params": {"C": 220.53927151770134, "epsilon": 0.2814981325174104, "gamma": 0.01337896019931225}, "datetime": {"datetime": "2021-09-29 21:49:45", "elapsed": 4.235731, "delta": 0.162008}}
{"target": -59.290984175553405, "params": {"C": 252.4576326366972, "epsilon": 2.0253288940903116, "gamma": 0.010806241580433813}, "datetime": {"datetime": "2021-09-29 21:49:45", "elapsed": 4.396732, "delta": 0.161001}}
{"target": -58.604176955981735, "params": {"C": 278.7790084947152, "epsilon": 0.8703209606649133, "gamma": 0.006669031789573749}, "datetime": {"datetime": "2021-09-29 21:49:45", "elapsed": 4.567726, "delta": 0.170994}}
{"target": -58.70334966948501, "params": {"C": 265.5845370273073, "epsilon": 0.7730199081377901, "gamma": 0.007724007090947494}, "datetime": {"datetime": "2021-09-29 21:49:45", "elapsed": 4.729764, "delta": 0.162038}}
{"target": -59.3080796880417, "params": {"C": 230.60867376792874, "epsilon": 2.230095862435162, "gamma": 0.015475248161549297}, "datetime": {"datetime": "2021-09-29 21:49:45", "elapsed": 4.888722, "delta": 0.158958}}
{"target": -59.30875625066187, "params": {"C": 260.0278963606347, "epsilon": 2.0313768569886133, "gamma": 0.010544885959303515}, "datetime": {"datetime": "2021-09-29 21:49:45", "elapsed": 5.09972, "delta": 0.210998}}
{"target": -56.12267420973092, "params": {"C": 281.7668387306867, "epsilon": 0.5667126374936095, "gamma": 0.0014711914382148346}, "datetime": {"datetime": "2021-09-29 21:49:46", "elapsed": 5.293731, "delta": 0.194011}}
{"target": -59.94486142286277, "params": {"C": 251.8172534439786, "epsilon": 0.15404956761187458, "gamma": 0.013798380052113066}, "datetime": {"datetime": "2021-09-29 21:49:46", "elapsed": 5.545273, "delta": 0.251542}}
{"target": -59.5387328738741, "params": {"C": 216.4987809259163, "epsilon": 0.8900300138411679, "gamma": 0.014330251037188277}, "datetime": {"datetime": "2021-09-29 21:49:46", "elapsed": 5.798274, "delta": 0.253001}}
{"target": -57.65676558649756, "params": {"C": 296.5527717511762, "epsilon": 1.8968558098374024, "gamma": 0.004139899447473693}, "datetime": {"datetime": "2021-09-29 21:49:46", "elapsed": 6.037274, "delta": 0.239}}
{"target": -58.774846857920984, "params": {"C": 280.4298719885653, "epsilon": 1.4978267098612934, "gamma": 0.008259575016639063}, "datetime": {"datetime": "2021-09-29 21:49:47", "elapsed": 6.437275, "delta": 0.400001}}
{"target": -57.2140647757874, "params": {"C": 207.74655635692443, "epsilon": 0.7860821642803935, "gamma": 0.0049205454961817946}, "datetime": {"datetime": "2021-09-29 21:49:47", "elapsed": 6.703287, "delta": 0.266012}}
{"target": -61.37158631968656, "params": {"C": 297.90217067214144, "epsilon": 0.6880866401685491, "gamma": 0.019967484901747722}, "datetime": {"datetime": "2021-09-29 21:49:47", "elapsed": 6.927276, "delta": 0.223989}}
{"target": -57.912895652967265, "params": {"C": 201.91792665031588, "epsilon": 2.0403282937921197, "gamma": 0.006801884823632375}, "datetime": {"datetime": "2021-09-29 21:49:48", "elapsed": 7.126945, "delta": 0.199669}}
{"target": -60.66849342889026, "params": {"C": 264.6921867353544, "epsilon": 0.23911990776024972, "gamma": 0.017738528119814658}, "datetime": {"datetime": "2021-09-29 21:49:48", "elapsed": 7.363606, "delta": 0.236661}}
{"target": -59.66573492067374, "params": {"C": 288.56627482350007, "epsilon": 1.5448290085749101, "gamma": 0.014136181599351436}, "datetime": {"datetime": "2021-09-29 21:49:48", "elapsed": 7.883196, "delta": 0.51959}}
{"target": -60.08669349721798, "params": {"C": 282.18986477391314, "epsilon": 2.861399223644007, "gamma": 0.019766897912839552}, "datetime": {"datetime": "2021-09-29 21:49:49", "elapsed": 8.115166, "delta": 0.23197}}
{"target": -60.02759254340074, "params": {"C": 251.60735181969616, "epsilon": 2.1349471643283184, "gamma": 0.017962119589957776}, "datetime": {"datetime": "2021-09-29 21:49:49", "elapsed": 8.310174, "delta": 0.195008}}
{"target": -55.88185947612877, "params": {"C": 299.89601908462464, "epsilon": 0.10479302037077276, "gamma": 0.0009207598715456281}, "datetime": {"datetime": "2021-09-29 21:49:49", "elapsed": 8.528172, "delta": 0.217998}}
{"target": -59.0895031415881, "params": {"C": 283.96193331516923, "epsilon": 2.117010242609934, "gamma": 0.012688232645040516}, "datetime": {"datetime": "2021-09-29 21:49:49", "elapsed": 8.748172, "delta": 0.22}}
{"target": -59.636973131234264, "params": {"C": 291.2436206674966, "epsilon": 0.41898159805352564, "gamma": 0.011543428065678034}, "datetime": {"datetime": "2021-09-29 21:49:49", "elapsed": 8.98517, "delta": 0.236998}}
{"target": -60.81442072029284, "params": {"C": 294.4979171226205, "epsilon": 0.3571942219110591, "gamma": 0.017279275838156256}, "datetime": {"datetime": "2021-09-29 21:49:50", "elapsed": 9.390338, "delta": 0.405168}}
{"target": -56.86830242731005, "params": {"C": 207.47976912884403, "epsilon": 0.12963015692099478, "gamma": 0.004456194309486207}, "datetime": {"datetime": "2021-09-29 21:49:50", "elapsed": 9.703343, "delta": 0.313005}}
{"target": -60.5428704973238, "params": {"C": 297.3199289369867, "epsilon": 0.43031738889370913, "gamma": 0.015917435415181782}, "datetime": {"datetime": "2021-09-29 21:49:50", "elapsed": 9.967338, "delta": 0.263995}}
{"target": -58.66658960800579, "params": {"C": 235.5337729215542, "epsilon": 2.9966279653481855, "gamma": 0.010353539841787319}, "datetime": {"datetime": "2021-09-29 21:49:51", "elapsed": 10.185341, "delta": 0.218003}}
{"target": -57.00005492829311, "params": {"C": 247.19945651852768, "epsilon": 2.4371459261236503, "gamma": 0.003344087112187644}, "datetime": {"datetime": "2021-09-29 21:49:51", "elapsed": 10.478344, "delta": 0.293003}}
{"target": -58.73492818252773, "params": {"C": 288.80154441433393, "epsilon": 1.9140642534327867, "gamma": 0.007936286649045988}, "datetime": {"datetime": "2021-09-29 21:49:51", "elapsed": 10.716383, "delta": 0.238039}}
{"target": -56.85957885824608, "params": {"C": 228.89604929652018, "epsilon": 2.555503133656325, "gamma": 0.003174764957593844}, "datetime": {"datetime": "2021-09-29 21:49:51", "elapsed": 10.939342, "delta": 0.222959}}
{"target": -59.90971198212907, "params": {"C": 267.5127305377054, "epsilon": 0.2647041543857846, "gamma": 0.013174165174839299}, "datetime": {"datetime": "2021-09-29 21:49:52", "elapsed": 11.22138, "delta": 0.282038}}
{"target": -59.14343226519728, "params": {"C": 255.81688240969163, "epsilon": 1.9588346028064192, "gamma": 0.012917378207171733}, "datetime": {"datetime": "2021-09-29 21:49:52", "elapsed": 11.552983, "delta": 0.331603}}
{"target": -57.95129337733076, "params": {"C": 252.68853272158904, "epsilon": 1.7387083663208582, "gamma": 0.005450197756204978}, "datetime": {"datetime": "2021-09-29 21:49:52", "elapsed": 11.797989, "delta": 0.245006}}
{"target": -59.14746330882053, "params": {"C": 222.1815925872092, "epsilon": 0.27419253127035376, "gamma": 0.011588612347569815}, "datetime": {"datetime": "2021-09-29 21:49:53", "elapsed": 12.144598, "delta": 0.346609}}
{"target": -59.442966832305466, "params": {"C": 261.06310636240244, "epsilon": 1.9687152293783519, "gamma": 0.015101473104395509}, "datetime": {"datetime": "2021-09-29 21:49:53", "elapsed": 12.4026, "delta": 0.258002}}
{"target": -58.68699923878371, "params": {"C": 261.1966107382775, "epsilon": 0.8155660710688383, "gamma": 0.00779051126581334}, "datetime": {"datetime": "2021-09-29 21:49:53", "elapsed": 12.671607, "delta": 0.269007}}
{"target": -59.205425797667786, "params": {"C": 208.99784896706745, "epsilon": 2.231376084432659, "gamma": 0.013055058099965926}, "datetime": {"datetime": "2021-09-29 21:49:53", "elapsed": 12.913636, "delta": 0.242029}}
{"target": -57.584285334411476, "params": {"C": 264.9726083091979, "epsilon": 2.4800834814755865, "gamma": 0.00441803635530125}, "datetime": {"datetime": "2021-09-29 21:49:54", "elapsed": 13.148609, "delta": 0.234973}}
{"target": -60.02455586047467, "params": {"C": 235.22696703559043, "epsilon": 0.5459844528771801, "gamma": 0.0160018725337345}, "datetime": {"datetime": "2021-09-29 21:49:54", "elapsed": 13.429589, "delta": 0.28098}}
{"target": -56.61782296212691, "params": {"C": 277.60426041637953, "epsilon": 2.5271254073921154, "gamma": 0.0016315378691899487}, "datetime": {"datetime": "2021-09-29 21:49:54", "elapsed": 14.062818, "delta": 0.633229}}
{"target": -58.15472913891426, "params": {"C": 276.70159705701315, "epsilon": 1.4158674670097497, "gamma": 0.0059753309541268305}, "datetime": {"datetime": "2021-09-29 21:49:55", "elapsed": 14.333816, "delta": 0.270998}}
{"target": -56.14068568605778, "params": {"C": 222.62426637239457, "epsilon": 1.2113137792135218, "gamma": 0.0015997442947665048}, "datetime": {"datetime": "2021-09-29 21:49:55", "elapsed": 14.746835, "delta": 0.413019}}
{"target": -58.539854774415055, "params": {"C": 211.26070415034874, "epsilon": 1.0729768704008404, "gamma": 0.00888496125409186}, "datetime": {"datetime": "2021-09-29 21:49:55", "elapsed": 15.077814, "delta": 0.330979}}
{"target": -60.09913731683364, "params": {"C": 274.93734492774547, "epsilon": 2.6773367360312865, "gamma": 0.01900049194446545}, "datetime": {"datetime": "2021-09-29 21:49:56", "elapsed": 15.420147, "delta": 0.342333}}
{"target": -59.18061614138421, "params": {"C": 212.35378320470377, "epsilon": 1.312857292129212, "gamma": 0.012065917844100615}, "datetime": {"datetime": "2021-09-29 21:49:56", "elapsed": 15.740111, "delta": 0.319964}}
{"target": -58.4164352877089, "params": {"C": 207.65925951294247, "epsilon": 1.434774124710005, "gamma": 0.007684262716887851}, "datetime": {"datetime": "2021-09-29 21:49:56", "elapsed": 16.033115, "delta": 0.293004}}
{"target": -60.25195465123391, "params": {"C": 231.49730176675513, "epsilon": 0.8469460777458394, "gamma": 0.01730437378943754}, "datetime": {"datetime": "2021-09-29 21:49:57", "elapsed": 16.336111, "delta": 0.302996}}
{"target": -60.38305387059469, "params": {"C": 248.1279683941506, "epsilon": 1.6220976471454234, "gamma": 0.017985298774100125}, "datetime": {"datetime": "2021-09-29 21:49:57", "elapsed": 16.702109, "delta": 0.365998}}
{"target": -58.8348997039851, "params": {"C": 251.57824125144015, "epsilon": 0.41682191923315226, "gamma": 0.009189327442368273}, "datetime": {"datetime": "2021-09-29 21:49:57", "elapsed": 17.099989, "delta": 0.39788}}
{"target": -59.46635590996815, "params": {"C": 296.30459337562417, "epsilon": 1.6137810250154352, "gamma": 0.009709316114238776}, "datetime": {"datetime": "2021-09-29 21:49:58", "elapsed": 17.381377, "delta": 0.281388}}
{"target": -58.57771243867569, "params": {"C": 229.6942914785209, "epsilon": 2.206694261726618, "gamma": 0.009494660748485251}, "datetime": {"datetime": "2021-09-29 21:49:58", "elapsed": 17.893377, "delta": 0.512}}
{"target": -59.334770405382756, "params": {"C": 273.7043945932621, "epsilon": 1.102984223076161, "gamma": 0.011572941393896597}, "datetime": {"datetime": "2021-09-29 21:49:59", "elapsed": 18.250384, "delta": 0.357007}}
