{"target": -57.20675573179135, "params": {"C": 10.984579470936136, "epsilon": 1.575529338745182, "gamma": 0.06988109353646817}, "datetime": {"datetime": "2021-09-29 20:17:28", "elapsed": 248.948706, "delta": 1.453226}}
{"target": -63.14972589875556, "params": {"C": 14.935253389787434, "epsilon": 0.2866357429529406, "gamma": 0.4079393657371323}, "datetime": {"datetime": "2021-09-29 20:17:29", "elapsed": 250.144108, "delta": 1.195402}}
{"target": -57.18769713005446, "params": {"C": 4.703890875538305, "epsilon": 2.1369003448004045, "gamma": 0.015111515811528621}, "datetime": {"datetime": "2021-09-29 20:17:31", "elapsed": 252.267676, "delta": 2.123568}}
{"target": -61.27865450457312, "params": {"C": 49.68983557959984, "epsilon": 0.43911266342520777, "gamma": 0.0953520293405024}, "datetime": {"datetime": "2021-09-29 20:17:33", "elapsed": 253.631572, "delta": 1.363896}}
{"target": -56.99739641182232, "params": {"C": 13.210455671225189, "epsilon": 1.9645827738232444, "gamma": 0.06897410032630806}, "datetime": {"datetime": "2021-09-29 20:17:34", "elapsed": 255.502413, "delta": 1.870841}}
{"target": -56.013519485123844, "params": {"C": 13.04103137588168, "epsilon": 1.9245445315699876, "gamma": 0.0466761997961371}, "datetime": {"datetime": "2021-09-29 20:17:36", "elapsed": 257.425752, "delta": 1.923339}}
{"target": -61.85614712938412, "params": {"C": 72.22422983179683, "epsilon": 1.918979375343267, "gamma": 0.0808505176867249}, "datetime": {"datetime": "2021-09-29 20:17:39", "elapsed": 259.612732, "delta": 2.18698}}
{"target": -63.39834743852134, "params": {"C": 19.62055132358162, "epsilon": 2.2834819508654802, "gamma": 0.41994256039108724}, "datetime": {"datetime": "2021-09-29 20:17:40", "elapsed": 261.224801, "delta": 1.612069}}
{"target": -55.08365795550484, "params": {"C": 13.647215655990244, "epsilon": 2.123690640995715, "gamma": 0.007410716922323531}, "datetime": {"datetime": "2021-09-29 20:17:43", "elapsed": 264.25427, "delta": 3.029469}}
{"target": -54.563284521549704, "params": {"C": 10.818527774364794, "epsilon": 1.5712090183158345, "gamma": 0.035160957088834724}, "datetime": {"datetime": "2021-09-29 20:17:45", "elapsed": 266.092779, "delta": 1.838509}}
{"target": -64.38488660131306, "params": {"C": 74.35909170747253, "epsilon": 2.0335020430641944, "gamma": 0.17783318199659284}, "datetime": {"datetime": "2021-09-29 20:17:47", "elapsed": 267.900901, "delta": 1.808122}}
{"target": -58.291448980736426, "params": {"C": 13.380063713536185, "epsilon": 2.5691970863718283, "gamma": 0.10150675798472668}, "datetime": {"datetime": "2021-09-29 20:17:49", "elapsed": 270.261384, "delta": 2.360483}}
{"target": -59.762248670177065, "params": {"C": 10.788979350515225, "epsilon": 1.559048819600983, "gamma": 0.14094271651749943}, "datetime": {"datetime": "2021-09-29 20:17:52", "elapsed": 273.148223, "delta": 2.886839}}
{"target": -57.766163119063016, "params": {"C": 13.289262488751609, "epsilon": 1.8384056617244307, "gamma": 0.08146877719546439}, "datetime": {"datetime": "2021-09-29 20:17:55", "elapsed": 276.062394, "delta": 2.914171}}
{"target": -64.62612308033587, "params": {"C": 66.49036416484708, "epsilon": 2.0775163712828397, "gamma": 0.2095796641505775}, "datetime": {"datetime": "2021-09-29 20:17:57", "elapsed": 277.930394, "delta": 1.868}}
{"target": -54.15422159509276, "params": {"C": 10.837192967638986, "epsilon": 1.4450750485609172, "gamma": 0.020386588688497333}, "datetime": {"datetime": "2021-09-29 20:17:59", "elapsed": 280.3988, "delta": 2.468406}}
{"target": -56.12961991639186, "params": {"C": 4.694135266000582, "epsilon": 2.061253941675412, "gamma": 0.02746589925419459}, "datetime": {"datetime": "2021-09-29 20:18:01", "elapsed": 282.490661, "delta": 2.091861}}
{"target": -60.66112128593682, "params": {"C": 15.771973591666033, "epsilon": 2.2714001098759162, "gamma": 0.16510624578973618}, "datetime": {"datetime": "2021-09-29 20:18:04", "elapsed": 284.837771, "delta": 2.34711}}
{"target": -54.97231637990807, "params": {"C": 13.225745425879941, "epsilon": 2.3832122609838975, "gamma": 0.012219198963990954}, "datetime": {"datetime": "2021-09-29 20:18:07", "elapsed": 288.312968, "delta": 3.475197}}
{"target": -58.63749084581522, "params": {"C": 4.76408925325037, "epsilon": 2.0217388405208836, "gamma": 0.010952100722464234}, "datetime": {"datetime": "2021-09-29 20:18:10", "elapsed": 291.377244, "delta": 3.064276}}
{"target": -57.57897917293465, "params": {"C": 10.837746601897603, "epsilon": 1.3596224296926656, "gamma": 0.07670021148966433}, "datetime": {"datetime": "2021-09-29 20:18:14", "elapsed": 294.641018, "delta": 3.263774}}
{"target": -61.33043607206867, "params": {"C": 95.69196749527558, "epsilon": 1.5937547041357352, "gamma": 0.05921956608794925}, "datetime": {"datetime": "2021-09-29 20:18:15", "elapsed": 296.250024, "delta": 1.609006}}
{"target": -65.06457701758661, "params": {"C": 55.48710478413952, "epsilon": 1.0472501409367116, "gamma": 0.3259117898090407}, "datetime": {"datetime": "2021-09-29 20:18:17", "elapsed": 298.107597, "delta": 1.857573}}
{"target": -54.978408843182656, "params": {"C": 13.049979501240061, "epsilon": 1.7747616386355924, "gamma": 0.026756615835992738}, "datetime": {"datetime": "2021-09-29 20:18:20", "elapsed": 301.133726, "delta": 3.026129}}
{"target": -65.67101135387406, "params": {"C": 55.0501569423036, "epsilon": 1.9566074344480964, "gamma": 0.43551675356526603}, "datetime": {"datetime": "2021-09-29 20:18:22", "elapsed": 303.388118, "delta": 2.254392}}
{"target": -56.03800321897502, "params": {"C": 18.513171898818836, "epsilon": 0.8306450741876699, "gamma": 0.02841514409693777}, "datetime": {"datetime": "2021-09-29 20:18:27", "elapsed": 308.227436, "delta": 4.839318}}
{"target": -56.01233408009936, "params": {"C": 10.868789347765471, "epsilon": 1.498533382698931, "gamma": 0.050727559702975274}, "datetime": {"datetime": "2021-09-29 20:18:32", "elapsed": 312.584731, "delta": 4.357295}}
{"target": -61.2340937191568, "params": {"C": 13.104325683716969, "epsilon": 1.8143191693952898, "gamma": 0.002051859772030866}, "datetime": {"datetime": "2021-09-29 20:18:35", "elapsed": 316.259754, "delta": 3.675023}}
{"target": -64.55816465691855, "params": {"C": 4.575910774325139, "epsilon": 1.898132173132212, "gamma": 0.0035582849649963286}, "datetime": {"datetime": "2021-09-29 20:18:39", "elapsed": 319.814889, "delta": 3.555135}}
{"target": -54.32489810053783, "params": {"C": 10.87371894841479, "epsilon": 1.6118592699659304, "gamma": 0.027402115575366426}, "datetime": {"datetime": "2021-09-29 20:18:42", "elapsed": 323.108627, "delta": 3.293738}}
{"target": -55.05493437749441, "params": {"C": 13.529468685677273, "epsilon": 2.653016675359714, "gamma": 0.01201759006346155}, "datetime": {"datetime": "2021-09-29 20:18:44", "elapsed": 325.433404, "delta": 2.324777}}
{"target": -54.578855873015854, "params": {"C": 18.58447993690199, "epsilon": 0.8785311031995896, "gamma": 0.01218730612097534}, "datetime": {"datetime": "2021-09-29 20:18:47", "elapsed": 328.45245, "delta": 3.019046}}
{"target": -62.9071169455864, "params": {"C": 27.059672047763247, "epsilon": 2.561836724772556, "gamma": 0.24558821135729836}, "datetime": {"datetime": "2021-09-29 20:18:50", "elapsed": 330.640037, "delta": 2.187587}}
{"target": -57.29987757379631, "params": {"C": 18.462758445994186, "epsilon": 0.931573076291023, "gamma": 0.07039363918628194}, "datetime": {"datetime": "2021-09-29 20:18:53", "elapsed": 333.82161, "delta": 3.181573}}
{"target": -63.33611382808878, "params": {"C": 28.60481700847841, "epsilon": 0.6475747550852883, "gamma": 0.26285572692064246}, "datetime": {"datetime": "2021-09-29 20:18:55", "elapsed": 336.02186, "delta": 2.20025}}
{"target": -66.03876979004775, "params": {"C": 60.19885886910676, "epsilon": 0.13300659256873557, "gamma": 0.4345855677885861}, "datetime": {"datetime": "2021-09-29 20:18:57", "elapsed": 338.022155, "delta": 2.000295}}
{"target": -55.9508172068027, "params": {"C": 18.97044492696638, "epsilon": 1.2335974205283715, "gamma": 0.026671942193043335}, "datetime": {"datetime": "2021-09-29 20:19:03", "elapsed": 343.604047, "delta": 5.581892}}
{"target": -57.37907887664906, "params": {"C": 4.610957533675776, "epsilon": 2.014162958040642, "gamma": 0.09168765710357221}, "datetime": {"datetime": "2021-09-29 20:19:06", "elapsed": 347.419614, "delta": 3.815567}}
{"target": -54.16995674043088, "params": {"C": 10.721860906969972, "epsilon": 1.5181398288338823, "gamma": 0.020950492113184466}, "datetime": {"datetime": "2021-09-29 20:19:10", "elapsed": 351.380492, "delta": 3.960878}}
{"target": -60.99678427396107, "params": {"C": 29.908630416764407, "epsilon": 0.27882025990741016, "gamma": 0.16111009506966553}, "datetime": {"datetime": "2021-09-29 20:19:13", "elapsed": 354.267081, "delta": 2.886589}}
{"target": -56.193661179365314, "params": {"C": 13.084633041107352, "epsilon": 1.9335882375516902, "gamma": 0.05186420994019285}, "datetime": {"datetime": "2021-09-29 20:19:17", "elapsed": 357.962295, "delta": 3.695214}}
{"target": -58.51240977149237, "params": {"C": 10.955108140221334, "epsilon": 1.5150582327407272, "gamma": 0.10182860652734062}, "datetime": {"datetime": "2021-09-29 20:19:20", "elapsed": 361.346652, "delta": 3.384357}}
{"target": -54.25438381638743, "params": {"C": 10.860212505187189, "epsilon": 1.667727029620046, "gamma": 0.023492327751032105}, "datetime": {"datetime": "2021-09-29 20:19:25", "elapsed": 365.650554, "delta": 4.303902}}
{"target": -64.77472635485165, "params": {"C": 38.0287392047036, "epsilon": 1.0919671195609628, "gamma": 0.4692719347678109}, "datetime": {"datetime": "2021-09-29 20:19:27", "elapsed": 368.110996, "delta": 2.460442}}
{"target": -55.92827513116756, "params": {"C": 10.680909843418522, "epsilon": 1.619565972650466, "gamma": 0.05032395192943994}, "datetime": {"datetime": "2021-09-29 20:19:30", "elapsed": 371.160284, "delta": 3.049288}}
{"target": -66.19530577171247, "params": {"C": 10.794654074636838, "epsilon": 1.5021173095419955, "gamma": 0.001}, "datetime": {"datetime": "2021-09-29 20:19:34", "elapsed": 374.848955, "delta": 3.688671}}
{"target": -66.15446395750881, "params": {"C": 10.93724896835844, "epsilon": 1.6085745675014225, "gamma": 0.001}, "datetime": {"datetime": "2021-09-29 20:19:37", "elapsed": 378.394052, "delta": 3.545097}}
{"target": -65.82844802172175, "params": {"C": 64.67418288689964, "epsilon": 0.8617205666071936, "gamma": 0.3458535813632433}, "datetime": {"datetime": "2021-09-29 20:19:40", "elapsed": 380.837143, "delta": 2.443091}}
{"target": -58.046957931620256, "params": {"C": 92.93428549421924, "epsilon": 0.8068337705605988, "gamma": 0.018381061715467523}, "datetime": {"datetime": "2021-09-29 20:19:42", "elapsed": 382.70528, "delta": 1.868137}}
{"target": -62.1728255996501, "params": {"C": 42.665622783847326, "epsilon": 2.35419668624849, "gamma": 0.1695680010031806}, "datetime": {"datetime": "2021-09-29 20:19:45", "elapsed": 385.642757, "delta": 2.937477}}
{"target": -59.482074868465176, "params": {"C": 10.811820135777866, "epsilon": 1.6489770720641244, "gamma": 0.1329644515437285}, "datetime": {"datetime": "2021-09-29 20:19:48", "elapsed": 388.716017, "delta": 3.07326}}
{"target": -55.78092576261815, "params": {"C": 13.361834720161541, "epsilon": 2.1082367134796716, "gamma": 0.037630767186463944}, "datetime": {"datetime": "2021-09-29 20:19:51", "elapsed": 392.031004, "delta": 3.314987}}
{"target": -70.62059376155824, "params": {"C": 1.903983542332841, "epsilon": 0.6924476056102004, "gamma": 0.36034160813149435}, "datetime": {"datetime": "2021-09-29 20:19:53", "elapsed": 394.082309, "delta": 2.051305}}
{"target": -55.52954291563603, "params": {"C": 4.748753216786411, "epsilon": 2.075135806794334, "gamma": 0.057112492089137976}, "datetime": {"datetime": "2021-09-29 20:19:55", "elapsed": 396.36263, "delta": 2.280321}}
{"target": -65.2312006652092, "params": {"C": 13.18214025077367, "epsilon": 1.9929861172454357, "gamma": 0.001}, "datetime": {"datetime": "2021-09-29 20:20:00", "elapsed": 400.787166, "delta": 4.424536}}
{"target": -55.90783982645892, "params": {"C": 18.90092253601477, "epsilon": 1.137524041836146, "gamma": 0.018811078516800212}, "datetime": {"datetime": "2021-09-29 20:20:04", "elapsed": 404.873656, "delta": 4.08649}}
{"target": -66.60129538989608, "params": {"C": 85.69695133332134, "epsilon": 1.2743699770640438, "gamma": 0.2357979301002145}, "datetime": {"datetime": "2021-09-29 20:20:06", "elapsed": 407.454956, "delta": 2.5813}}
{"target": -57.28030328800481, "params": {"C": 18.791159933601843, "epsilon": 1.132644128671163, "gamma": 0.06753659771661148}, "datetime": {"datetime": "2021-09-29 20:20:12", "elapsed": 413.496976, "delta": 6.04202}}
{"target": -57.38028501898752, "params": {"C": 10.766194938260567, "epsilon": 1.4161174630863267, "gamma": 0.07310511216604787}, "datetime": {"datetime": "2021-09-29 20:20:16", "elapsed": 416.712478, "delta": 3.215502}}
{"target": -56.705193372884224, "params": {"C": 13.845443908558133, "epsilon": 2.0213674891138176, "gamma": 0.06325270650401488}, "datetime": {"datetime": "2021-09-29 20:20:20", "elapsed": 421.096147, "delta": 4.383669}}
{"target": -55.06351088706259, "params": {"C": 13.076180116138875, "epsilon": 1.6969900067007078, "gamma": 0.02595355541236414}, "datetime": {"datetime": "2021-09-29 20:20:24", "elapsed": 425.150369, "delta": 4.054222}}
{"target": -56.53731805151936, "params": {"C": 13.322571971797695, "epsilon": 2.353101774159516, "gamma": 0.005127084992252097}, "datetime": {"datetime": "2021-09-29 20:20:28", "elapsed": 429.096094, "delta": 3.945725}}
{"target": -67.81173485493481, "params": {"C": 94.55749121780205, "epsilon": 0.1727131249654745, "gamma": 0.36117547916953135}, "datetime": {"datetime": "2021-09-29 20:20:31", "elapsed": 432.002155, "delta": 2.906061}}
{"target": -55.99483337827744, "params": {"C": 18.556122362421345, "epsilon": 1.0625750324160224, "gamma": 0.026704840301508943}, "datetime": {"datetime": "2021-09-29 20:20:34", "elapsed": 435.397004, "delta": 3.394849}}
{"target": -65.60667532985237, "params": {"C": 70.45549376888005, "epsilon": 1.6546092893287947, "gamma": 0.25231242329535886}, "datetime": {"datetime": "2021-09-29 20:20:37", "elapsed": 437.890078, "delta": 2.493074}}
{"target": -58.68081752526181, "params": {"C": 4.621915355934835, "epsilon": 2.144958551757704, "gamma": 0.008960668501554012}, "datetime": {"datetime": "2021-09-29 20:20:40", "elapsed": 441.305814, "delta": 3.415736}}
{"target": -65.9500163303178, "params": {"C": 78.82925666914164, "epsilon": 2.337043814668872, "gamma": 0.22244795533086903}, "datetime": {"datetime": "2021-09-29 20:20:42", "elapsed": 443.190198, "delta": 1.884384}}
{"target": -57.57190299445148, "params": {"C": 4.692916760434347, "epsilon": 2.0317742020005047, "gamma": 0.09986194804942368}, "datetime": {"datetime": "2021-09-29 20:20:45", "elapsed": 446.484811, "delta": 3.294613}}
{"target": -54.577940289893654, "params": {"C": 10.757729969026448, "epsilon": 1.6285260334624136, "gamma": 0.010761033406571665}, "datetime": {"datetime": "2021-09-29 20:20:49", "elapsed": 449.974061, "delta": 3.48925}}
{"target": -64.95234489691026, "params": {"C": 85.3644952913718, "epsilon": 1.9362094808581793, "gamma": 0.1738110153990242}, "datetime": {"datetime": "2021-09-29 20:20:51", "elapsed": 452.404888, "delta": 2.430827}}
{"target": -58.575653776312144, "params": {"C": 13.703055132508954, "epsilon": 1.7895967201455667, "gamma": 0.10783379443244064}, "datetime": {"datetime": "2021-09-29 20:20:55", "elapsed": 455.57712, "delta": 3.172232}}
{"target": -61.18523226803592, "params": {"C": 91.4772568534628, "epsilon": 1.1457214552057189, "gamma": 0.054191282965107654}, "datetime": {"datetime": "2021-09-29 20:20:57", "elapsed": 457.830754, "delta": 2.253634}}
{"target": -61.04260219470101, "params": {"C": 17.994299742619162, "epsilon": 2.99480505766839, "gamma": 0.18443300698620246}, "datetime": {"datetime": "2021-09-29 20:20:59", "elapsed": 460.034523, "delta": 2.203769}}
{"target": -54.32232572585921, "params": {"C": 10.628869118302424, "epsilon": 1.474686439635399, "gamma": 0.029997357758018497}, "datetime": {"datetime": "2021-09-29 20:21:02", "elapsed": 463.414409, "delta": 3.379886}}
{"target": -56.04070013443684, "params": {"C": 13.915169145201823, "epsilon": 2.0758380738162803, "gamma": 0.005464126525026937}, "datetime": {"datetime": "2021-09-29 20:21:08", "elapsed": 469.374065, "delta": 5.959656}}
{"target": -57.72042500726609, "params": {"C": 10.727635037650106, "epsilon": 1.4802839496986155, "gamma": 0.0821162862886405}, "datetime": {"datetime": "2021-09-29 20:21:13", "elapsed": 474.012304, "delta": 4.638239}}
{"target": -54.034160921877714, "params": {"C": 10.635714460498129, "epsilon": 1.5803155857961115, "gamma": 0.019321669683644904}, "datetime": {"datetime": "2021-09-29 20:21:18", "elapsed": 479.518278, "delta": 5.505974}}
{"target": -63.10951184484842, "params": {"C": 21.85813239393478, "epsilon": 2.312221460734765, "gamma": 0.2908537123452205}, "datetime": {"datetime": "2021-09-29 20:21:21", "elapsed": 482.463395, "delta": 2.945117}}
{"target": -59.290575992862884, "params": {"C": 13.075946557403967, "epsilon": 1.6821787373160624, "gamma": 0.12255808729584847}, "datetime": {"datetime": "2021-09-29 20:21:25", "elapsed": 485.789739, "delta": 3.326344}}
{"target": -60.667507725061775, "params": {"C": 97.33265807482024, "epsilon": 1.4345567227212572, "gamma": 0.0435656172378701}, "datetime": {"datetime": "2021-09-29 20:21:27", "elapsed": 488.31707, "delta": 2.527331}}
{"target": -58.01231675982208, "params": {"C": 10.882745956867081, "epsilon": 1.4059748070335414, "gamma": 0.09066592037986727}, "datetime": {"datetime": "2021-09-29 20:21:31", "elapsed": 492.29911, "delta": 3.98204}}
{"target": -57.25293627270365, "params": {"C": 10.835266807373529, "epsilon": 1.6493227932196084, "gamma": 0.0715172335111792}, "datetime": {"datetime": "2021-09-29 20:21:37", "elapsed": 497.657672, "delta": 5.358562}}
{"target": -56.017936080517735, "params": {"C": 18.55763130202531, "epsilon": 0.7874547428274883, "gamma": 0.030404748581293363}, "datetime": {"datetime": "2021-09-29 20:21:40", "elapsed": 501.146865, "delta": 3.489193}}
{"target": -57.52722326924471, "params": {"C": 10.733812761262255, "epsilon": 1.5445707286018067, "gamma": 0.07555057110714349}, "datetime": {"datetime": "2021-09-29 20:21:44", "elapsed": 504.742959, "delta": 3.596094}}
{"target": -54.42434932552407, "params": {"C": 10.545420615511054, "epsilon": 1.547544567734574, "gamma": 0.01204303415351489}, "datetime": {"datetime": "2021-09-29 20:21:46", "elapsed": 507.502341, "delta": 2.759382}}
{"target": -55.94473383742733, "params": {"C": 18.924098890635833, "epsilon": 0.9757501447206443, "gamma": 0.01727902717030539}, "datetime": {"datetime": "2021-09-29 20:21:51", "elapsed": 511.662833, "delta": 4.160492}}
{"target": -54.73208534368834, "params": {"C": 13.57718459533448, "epsilon": 2.0885308543745507, "gamma": 0.00829079708400533}, "datetime": {"datetime": "2021-09-29 20:21:55", "elapsed": 516.04143, "delta": 4.378597}}
{"target": -56.411639643552135, "params": {"C": 13.208696161515839, "epsilon": 1.711475933447578, "gamma": 0.05478306444591906}, "datetime": {"datetime": "2021-09-29 20:21:59", "elapsed": 519.901447, "delta": 3.860017}}
{"target": -55.07614111651657, "params": {"C": 13.51643838942677, "epsilon": 2.7137912850519426, "gamma": 0.02743044878070826}, "datetime": {"datetime": "2021-09-29 20:22:03", "elapsed": 523.622717, "delta": 3.72127}}
{"target": -65.69865840820506, "params": {"C": 62.203857638514314, "epsilon": 0.0803632164710174, "gamma": 0.356300164745798}, "datetime": {"datetime": "2021-09-29 20:22:05", "elapsed": 525.959757, "delta": 2.33704}}
{"target": -60.141052511861446, "params": {"C": 27.56965164425444, "epsilon": 2.5038595244139117, "gamma": 0.14652411803210827}, "datetime": {"datetime": "2021-09-29 20:22:07", "elapsed": 528.249129, "delta": 2.289372}}
{"target": -55.2455900659013, "params": {"C": 13.0269198492048, "epsilon": 1.7328414928189648, "gamma": 0.028456348527019653}, "datetime": {"datetime": "2021-09-29 20:22:12", "elapsed": 533.21848, "delta": 4.969351}}
{"target": -56.05933610686827, "params": {"C": 18.34783078961034, "epsilon": 0.853083317673048, "gamma": 0.0363580267484103}, "datetime": {"datetime": "2021-09-29 20:22:16", "elapsed": 536.716559, "delta": 3.498079}}
{"target": -66.73394152315804, "params": {"C": 67.95069890069928, "epsilon": 0.1364434403559315, "gamma": 0.49508209301520656}, "datetime": {"datetime": "2021-09-29 20:22:18", "elapsed": 539.330182, "delta": 2.613623}}
{"target": -64.60064187510987, "params": {"C": 37.5207694313164, "epsilon": 0.9062932395482663, "gamma": 0.370468930412546}, "datetime": {"datetime": "2021-09-29 20:22:21", "elapsed": 541.891077, "delta": 2.560895}}
{"target": -59.80276090989083, "params": {"C": 24.84962286727556, "epsilon": 2.6255320200146572, "gamma": 0.13624406914917883}, "datetime": {"datetime": "2021-09-29 20:22:24", "elapsed": 544.627626, "delta": 2.736549}}
{"target": -55.62230897773747, "params": {"C": 10.477982764287297, "epsilon": 1.6119987963981317, "gamma": 0.04855308329102113}, "datetime": {"datetime": "2021-09-29 20:22:29", "elapsed": 550.277002, "delta": 5.649376}}
{"target": -57.12469167648864, "params": {"C": 18.35823478822986, "epsilon": 0.9119543309988412, "gamma": 0.06258815827999914}, "datetime": {"datetime": "2021-09-29 20:22:34", "elapsed": 555.056565, "delta": 4.779563}}
{"target": -55.911836073364604, "params": {"C": 18.905874596411017, "epsilon": 1.0376525080751022, "gamma": 0.016451254356814285}, "datetime": {"datetime": "2021-09-29 20:22:39", "elapsed": 560.306012, "delta": 5.249447}}
{"target": -70.275194993382, "params": {"C": 3.3895997208671673, "epsilon": 1.3704145723210877, "gamma": 0.4554204930913}, "datetime": {"datetime": "2021-09-29 20:22:41", "elapsed": 562.5136, "delta": 2.207588}}
