{"target": -56.44466831262442, "params": {"C": 161.94732797462913, "epsilon": 1.0753970160341633, "gamma": 0.006240468150766721}, "datetime": {"datetime": "2021-09-29 21:34:30", "elapsed": 667.647398, "delta": 5.221779}}
{"target": -63.98865783339068, "params": {"C": 188.2091866545721, "epsilon": 2.990170547822942, "gamma": 0.036794817829305285}, "datetime": {"datetime": "2021-09-29 21:34:33", "elapsed": 671.376829, "delta": 3.729431}}
{"target": -58.52463724409536, "params": {"C": 161.8925764338993, "epsilon": 1.0507182523007361, "gamma": 0.014355092505613027}, "datetime": {"datetime": "2021-09-29 21:34:36", "elapsed": 673.773421, "delta": 2.396592}}
{"target": -70.07584932792442, "params": {"C": 36.736733918198496, "epsilon": 0.9727919852945441, "gamma": 0.0001}, "datetime": {"datetime": "2021-09-29 21:34:39", "elapsed": 677.198011, "delta": 3.42459}}
{"target": -63.18461220242594, "params": {"C": 109.6588235705816, "epsilon": 2.9169645889086238, "gamma": 0.047466351898439}, "datetime": {"datetime": "2021-09-29 21:34:42", "elapsed": 679.571307, "delta": 2.373296}}
{"target": -56.21362029993132, "params": {"C": 13.9213408418162, "epsilon": 1.3449405467334525, "gamma": 0.017353835811580592}, "datetime": {"datetime": "2021-09-29 21:34:47", "elapsed": 684.80661, "delta": 5.235303}}
{"target": -54.967193718057025, "params": {"C": 19.065666658789436, "epsilon": 0.6310124451075503, "gamma": 0.008707523951253446}, "datetime": {"datetime": "2021-09-29 21:34:51", "elapsed": 688.965979, "delta": 4.159369}}
{"target": -56.58465916884828, "params": {"C": 27.839560844580067, "epsilon": 2.9921434753570844, "gamma": 0.013601794291178191}, "datetime": {"datetime": "2021-09-29 21:34:57", "elapsed": 694.655923, "delta": 5.689944}}
{"target": -58.042794319117405, "params": {"C": 15.299804163010853, "epsilon": 2.978940493796429, "gamma": 0.021232121435184364}, "datetime": {"datetime": "2021-09-29 21:34:59", "elapsed": 697.317735, "delta": 2.661812}}
{"target": -55.9365433309708, "params": {"C": 33.926838525480086, "epsilon": 0.7223085509972342, "gamma": 0.008877996466390512}, "datetime": {"datetime": "2021-09-29 21:35:02", "elapsed": 699.977824, "delta": 2.660089}}
{"target": -56.819796547024936, "params": {"C": 13.96083934198003, "epsilon": 1.4041363563738896, "gamma": 0.020342303777678913}, "datetime": {"datetime": "2021-09-29 21:35:06", "elapsed": 704.165255, "delta": 4.187431}}
{"target": -53.62118433681046, "params": {"C": 13.993715883335003, "epsilon": 1.5090162132077054, "gamma": 0.004531249464251606}, "datetime": {"datetime": "2021-09-29 21:35:12", "elapsed": 710.326263, "delta": 6.161008}}
{"target": -53.81369530771016, "params": {"C": 10.396578347445287, "epsilon": 2.7963394495046923, "gamma": 0.009652822534174968}, "datetime": {"datetime": "2021-09-29 21:35:20", "elapsed": 718.185933, "delta": 7.85967}}
{"target": -63.42031141271358, "params": {"C": 122.65951998322365, "epsilon": 1.6384324523716267, "gamma": 0.045190498329958466}, "datetime": {"datetime": "2021-09-29 21:35:25", "elapsed": 723.120369, "delta": 4.934436}}
{"target": -62.614464659961214, "params": {"C": 61.07988058472537, "epsilon": 0.2899803116153128, "gamma": 0.04975021504809219}, "datetime": {"datetime": "2021-09-29 21:35:28", "elapsed": 726.308134, "delta": 3.187765}}
{"target": -56.74247505469856, "params": {"C": 3.809405168020139, "epsilon": 0.22864776776528062, "gamma": 0.015998182266728923}, "datetime": {"datetime": "2021-09-29 21:35:34", "elapsed": 732.140553, "delta": 5.832419}}
{"target": -56.789487645705414, "params": {"C": 19.086269647703446, "epsilon": 0.646151710422463, "gamma": 0.001294328026605318}, "datetime": {"datetime": "2021-09-29 21:35:39", "elapsed": 736.604994, "delta": 4.464441}}
{"target": -56.472432324257014, "params": {"C": 58.88695731433451, "epsilon": 0.23154059857256468, "gamma": 0.006886084145917834}, "datetime": {"datetime": "2021-09-29 21:35:42", "elapsed": 739.630151, "delta": 3.025157}}
{"target": -56.06632576188913, "params": {"C": 38.82790949807176, "epsilon": 0.961394936117999, "gamma": 0.008384935390156554}, "datetime": {"datetime": "2021-09-29 21:35:47", "elapsed": 745.290107, "delta": 5.659956}}
{"target": -63.40501408492406, "params": {"C": 90.51490189672445, "epsilon": 1.2535563934542406, "gamma": 0.05477828607314256}, "datetime": {"datetime": "2021-09-29 21:35:50", "elapsed": 748.235523, "delta": 2.945416}}
{"target": -57.27846395875032, "params": {"C": 10.390970112745302, "epsilon": 2.794874816773666, "gamma": 0.022816976961368543}, "datetime": {"datetime": "2021-09-29 21:35:55", "elapsed": 753.187795, "delta": 4.952272}}
{"target": -55.55615747933824, "params": {"C": 13.962928078436224, "epsilon": 1.282504967458921, "gamma": 0.013625326127030987}, "datetime": {"datetime": "2021-09-29 21:36:01", "elapsed": 758.570026, "delta": 5.382231}}
{"target": -59.54142026159989, "params": {"C": 138.71908054512258, "epsilon": 2.1484739871981593, "gamma": 0.019019941721838664}, "datetime": {"datetime": "2021-09-29 21:36:07", "elapsed": 764.597998, "delta": 6.027972}}
{"target": -59.87773644143458, "params": {"C": 13.945925734554326, "epsilon": 1.3391411625747809, "gamma": 0.03792447484180259}, "datetime": {"datetime": "2021-09-29 21:36:11", "elapsed": 768.633473, "delta": 4.035475}}
{"target": -59.47217909536007, "params": {"C": 143.7370643437537, "epsilon": 1.3398034483258454, "gamma": 0.01874447004893774}, "datetime": {"datetime": "2021-09-29 21:36:14", "elapsed": 772.094361, "delta": 3.460888}}
{"target": -53.843692628025345, "params": {"C": 10.422020272367025, "epsilon": 2.84200787763339, "gamma": 0.005996083604090142}, "datetime": {"datetime": "2021-09-29 21:36:18", "elapsed": 775.970426, "delta": 3.876065}}
{"target": -59.81799559545119, "params": {"C": 67.61921345599829, "epsilon": 1.6018873845417063, "gamma": 0.02464992507378629}, "datetime": {"datetime": "2021-09-29 21:36:22", "elapsed": 779.921904, "delta": 3.951478}}
{"target": -69.00267516112592, "params": {"C": 168.49777200246834, "epsilon": 0.9970999687726724, "gamma": 0.07888812178859413}, "datetime": {"datetime": "2021-09-29 21:36:25", "elapsed": 782.556154, "delta": 2.63425}}
{"target": -55.45921556344307, "params": {"C": 13.885209116992579, "epsilon": 1.230960573087463, "gamma": 0.012984007522453404}, "datetime": {"datetime": "2021-09-29 21:36:29", "elapsed": 786.528773, "delta": 3.972619}}
{"target": -61.13506768395849, "params": {"C": 8.557681489954394, "epsilon": 0.0419542546489499, "gamma": 0.06589053231730059}, "datetime": {"datetime": "2021-09-29 21:36:32", "elapsed": 789.942634, "delta": 3.413861}}
{"target": -58.94501316479249, "params": {"C": 13.882131473923776, "epsilon": 1.2409925041660081, "gamma": 0.029349431878648802}, "datetime": {"datetime": "2021-09-29 21:36:39", "elapsed": 796.518627, "delta": 6.575993}}
{"target": -57.91008846313637, "params": {"C": 143.78736950400722, "epsilon": 1.3777787758815894, "gamma": 0.011858938475362587}, "datetime": {"datetime": "2021-09-29 21:36:44", "elapsed": 801.500183, "delta": 4.981556}}
{"target": -61.18014257912323, "params": {"C": 19.048902693748662, "epsilon": 0.5872822317083762, "gamma": 0.03859438701621366}, "datetime": {"datetime": "2021-09-29 21:36:50", "elapsed": 808.405888, "delta": 6.905705}}
{"target": -57.16251943775145, "params": {"C": 18.995998672725182, "epsilon": 0.569258111643466, "gamma": 0.01880985800082496}, "datetime": {"datetime": "2021-09-29 21:36:54", "elapsed": 812.139165, "delta": 3.733277}}
{"target": -62.25078189708566, "params": {"C": 101.21943038190197, "epsilon": 1.7345026618715105, "gamma": 0.04174417346457066}, "datetime": {"datetime": "2021-09-29 21:36:57", "elapsed": 814.686575, "delta": 2.54741}}
{"target": -62.32735165367798, "params": {"C": 88.58783483604732, "epsilon": 1.6662762683581784, "gamma": 0.00012727935760536722}, "datetime": {"datetime": "2021-09-29 21:36:59", "elapsed": 816.969017, "delta": 2.282442}}
{"target": -59.621809816711334, "params": {"C": 140.84679151502826, "epsilon": 0.6633299457061156, "gamma": 0.019430640582244096}, "datetime": {"datetime": "2021-09-29 21:37:01", "elapsed": 819.241331, "delta": 2.272314}}
{"target": -58.363546674474165, "params": {"C": 19.099038834970163, "epsilon": 0.6084049941389713, "gamma": 0.021996994279910767}, "datetime": {"datetime": "2021-09-29 21:37:06", "elapsed": 823.720871, "delta": 4.47954}}
{"target": -53.389761355369345, "params": {"C": 19.236215737506015, "epsilon": 0.5504640697780344, "gamma": 0.00550418077070947}, "datetime": {"datetime": "2021-09-29 21:37:11", "elapsed": 829.425717, "delta": 5.704846}}
{"target": -59.843663827614456, "params": {"C": 134.2062389485668, "epsilon": 0.708670788546676, "gamma": 0.021135261458962728}, "datetime": {"datetime": "2021-09-29 21:37:16", "elapsed": 833.880352, "delta": 4.454635}}
{"target": -64.91626714939346, "params": {"C": 143.5994902142004, "epsilon": 0.07875276925184611, "gamma": 0.049514656761295954}, "datetime": {"datetime": "2021-09-29 21:47:25", "elapsed": 0.0, "delta": 0.0}}
{"target": -61.59720044430641, "params": {"C": 143.5322392618277, "epsilon": 1.2616830384603794, "gamma": 0.029797100408248282}, "datetime": {"datetime": "2021-09-29 21:47:25", "elapsed": 0.029994, "delta": 0.029994}}
{"target": -60.59062262766142, "params": {"C": 120.46486340378425, "epsilon": 1.8581936280856404, "gamma": 0.027038955163339626}, "datetime": {"datetime": "2021-09-29 21:47:25", "elapsed": 0.057956, "delta": 0.027962}}
{"target": -64.05737603695603, "params": {"C": 126.68272751028667, "epsilon": 1.8637803644751154, "gamma": 0.047669874275505814}, "datetime": {"datetime": "2021-09-29 21:47:25", "elapsed": 0.085962, "delta": 0.028006}}
{"target": -58.88374344837325, "params": {"C": 113.45799453449335, "epsilon": 1.5412207856759734, "gamma": 0.016681143921657683}, "datetime": {"datetime": "2021-09-29 21:47:25", "elapsed": 0.115005, "delta": 0.029043}}
{"target": -65.11571222425951, "params": {"C": 163.19081805213568, "epsilon": 0.8136258549055587, "gamma": 0.04665415968282749}, "datetime": {"datetime": "2021-09-29 21:47:25", "elapsed": 0.222, "delta": 0.106995}}
{"target": -65.10005032767735, "params": {"C": 142.0609828256476, "epsilon": 1.364295062537476, "gamma": 0.05198400966541891}, "datetime": {"datetime": "2021-09-29 21:47:25", "elapsed": 0.310958, "delta": 0.088958}}
{"target": -62.87888591144416, "params": {"C": 119.53451923531999, "epsilon": 1.8685206966833863, "gamma": 0.04238595873602292}, "datetime": {"datetime": "2021-09-29 21:47:26", "elapsed": 0.414965, "delta": 0.104007}}
{"target": -66.04195816180616, "params": {"C": 113.49832728751662, "epsilon": 1.6307464660928126, "gamma": 0.069327819172769}, "datetime": {"datetime": "2021-09-29 21:47:26", "elapsed": 0.520994, "delta": 0.106029}}
{"target": -64.37355817506032, "params": {"C": 139.3435866798245, "epsilon": 2.4787805722459497, "gamma": 0.04814800217194944}, "datetime": {"datetime": "2021-09-29 21:47:26", "elapsed": 0.600958, "delta": 0.079964}}
{"target": -68.21279731206093, "params": {"C": 147.96924789706895, "epsilon": 2.606448777112884, "gamma": 0.07817785976261765}, "datetime": {"datetime": "2021-09-29 21:47:26", "elapsed": 0.687961, "delta": 0.087003}}
{"target": -61.45264767219935, "params": {"C": 111.99938354946657, "epsilon": 1.2184558072790672, "gamma": 0.033745011945361274}, "datetime": {"datetime": "2021-09-29 21:47:26", "elapsed": 0.792964, "delta": 0.105003}}
{"target": -66.97357190554875, "params": {"C": 113.8654694941486, "epsilon": 1.4221405015633612, "gamma": 0.07898023370208566}, "datetime": {"datetime": "2021-09-29 21:47:26", "elapsed": 0.902964, "delta": 0.11}}
{"target": -53.029755954919366, "params": {"C": 148.63593535745414, "epsilon": 2.683484214350215, "gamma": 0.0011814160885955981}, "datetime": {"datetime": "2021-09-29 21:47:26", "elapsed": 0.988489, "delta": 0.085525}}
{"target": -65.08230674193175, "params": {"C": 116.65345634098061, "epsilon": 1.0331012129809096, "gamma": 0.0598875900455552}, "datetime": {"datetime": "2021-09-29 21:47:26", "elapsed": 1.080495, "delta": 0.092006}}
{"target": -66.26436582570645, "params": {"C": 138.23328450754593, "epsilon": 0.3253068894190921, "gamma": 0.06156895116290842}, "datetime": {"datetime": "2021-09-29 21:47:26", "elapsed": 1.188779, "delta": 0.108284}}
{"target": -60.02774872736393, "params": {"C": 140.4472216470425, "epsilon": 1.9097195876615638, "gamma": 0.022028382842534076}, "datetime": {"datetime": "2021-09-29 21:47:26", "elapsed": 1.306777, "delta": 0.117998}}
{"target": -67.50939663915136, "params": {"C": 181.99555807028048, "epsilon": 1.4840572586598495, "gamma": 0.06001640344356338}, "datetime": {"datetime": "2021-09-29 21:47:27", "elapsed": 1.406781, "delta": 0.100004}}
{"target": -61.63973930089695, "params": {"C": 111.7558619454409, "epsilon": 1.3027315680376776, "gamma": 0.035298249769636664}, "datetime": {"datetime": "2021-09-29 21:47:27", "elapsed": 1.500779, "delta": 0.093998}}
{"target": -56.692045717295215, "params": {"C": 117.95858496475853, "epsilon": 1.0456028732897633, "gamma": 0.008622799438725714}, "datetime": {"datetime": "2021-09-29 21:47:27", "elapsed": 1.606785, "delta": 0.106006}}
{"target": -59.08986804997125, "params": {"C": 136.44313691388973, "epsilon": 1.7851779388311744, "gamma": 0.01672947784167669}, "datetime": {"datetime": "2021-09-29 21:47:27", "elapsed": 1.724822, "delta": 0.118037}}
{"target": -56.19804947210581, "params": {"C": 112.55584692631999, "epsilon": 1.9195860370103888, "gamma": 0.00608832638222475}, "datetime": {"datetime": "2021-09-29 21:47:27", "elapsed": 1.822814, "delta": 0.097992}}
{"target": -61.30124590512855, "params": {"C": 171.44220178917982, "epsilon": 0.655085242019186, "gamma": 0.025575292989405946}, "datetime": {"datetime": "2021-09-29 21:47:27", "elapsed": 1.931777, "delta": 0.108963}}
{"target": -56.078678308284935, "params": {"C": 104.7275010581174, "epsilon": 2.607794038672715, "gamma": 0.005698723181773283}, "datetime": {"datetime": "2021-09-29 21:47:27", "elapsed": 2.033065, "delta": 0.101288}}
{"target": -67.39060813137233, "params": {"C": 131.5360171973867, "epsilon": 1.2714453026856434, "gamma": 0.07571202874935987}, "datetime": {"datetime": "2021-09-29 21:47:27", "elapsed": 2.154066, "delta": 0.121001}}
{"target": -58.999596558459764, "params": {"C": 124.22390454881021, "epsilon": 1.4945800325573286, "gamma": 0.017029672150866974}, "datetime": {"datetime": "2021-09-29 21:47:28", "elapsed": 2.344801, "delta": 0.190735}}
{"target": -60.74191375201378, "params": {"C": 110.1215044845265, "epsilon": 2.0896234248781353, "gamma": 0.02900431822429606}, "datetime": {"datetime": "2021-09-29 21:47:28", "elapsed": 2.456798, "delta": 0.111997}}
{"target": -64.73683102682293, "params": {"C": 130.77398426100152, "epsilon": 1.9535201485429579, "gamma": 0.05277603046642808}, "datetime": {"datetime": "2021-09-29 21:47:28", "elapsed": 2.560804, "delta": 0.104006}}
{"target": -59.37271318505044, "params": {"C": 125.21083219312956, "epsilon": 1.814212246318266, "gamma": 0.01816712279468879}, "datetime": {"datetime": "2021-09-29 21:47:28", "elapsed": 2.762804, "delta": 0.202}}
{"target": -56.55730956381654, "params": {"C": 130.72367288223234, "epsilon": 2.6561723705121745, "gamma": 0.007727448273082784}, "datetime": {"datetime": "2021-09-29 21:47:28", "elapsed": 2.885846, "delta": 0.123042}}
{"target": -57.80487011124794, "params": {"C": 101.17298404436362, "epsilon": 2.7739297345118565, "gamma": 0.011141986753723406}, "datetime": {"datetime": "2021-09-29 21:47:28", "elapsed": 3.048842, "delta": 0.162996}}
{"target": -64.17455143582363, "params": {"C": 110.33064923926845, "epsilon": 2.6948660554966293, "gamma": 0.05537185827014022}, "datetime": {"datetime": "2021-09-29 21:47:28", "elapsed": 3.175843, "delta": 0.127001}}
{"target": -53.89045001193911, "params": {"C": 166.55175720133923, "epsilon": 2.1327357943067535, "gamma": 0.001424665419852793}, "datetime": {"datetime": "2021-09-29 21:47:29", "elapsed": 3.326803, "delta": 0.15096}}
{"target": -60.97994230704722, "params": {"C": 186.7800807960191, "epsilon": 2.850673809321771, "gamma": 0.02310966698618393}, "datetime": {"datetime": "2021-09-29 21:47:29", "elapsed": 3.536718, "delta": 0.209915}}
{"target": -60.903716353677794, "params": {"C": 167.146053052103, "epsilon": 0.7850309877859607, "gamma": 0.02455184824440542}, "datetime": {"datetime": "2021-09-29 21:47:29", "elapsed": 3.704894, "delta": 0.168176}}
{"target": -69.96160704866098, "params": {"C": 174.43497294498053, "epsilon": 2.084708462547635, "gamma": 0.08465673173572473}, "datetime": {"datetime": "2021-09-29 21:47:29", "elapsed": 3.882538, "delta": 0.177644}}
{"target": -58.25554778797562, "params": {"C": 133.5299962314615, "epsilon": 0.43812491821456806, "gamma": 0.014014065702275388}, "datetime": {"datetime": "2021-09-29 21:47:29", "elapsed": 4.085617, "delta": 0.203079}}
{"target": -65.28093694361844, "params": {"C": 120.53927151770134, "epsilon": 0.2814981325174104, "gamma": 0.060088870448149305}, "datetime": {"datetime": "2021-09-29 21:47:29", "elapsed": 4.241529, "delta": 0.155912}}
{"target": -64.92499589578789, "params": {"C": 152.4576326366972, "epsilon": 2.0253288940903116, "gamma": 0.04846638784326632}, "datetime": {"datetime": "2021-09-29 21:47:30", "elapsed": 4.397511, "delta": 0.155982}}
{"target": -62.23465418463297, "params": {"C": 178.77900849471519, "epsilon": 0.8703209606649133, "gamma": 0.029776178788074367}, "datetime": {"datetime": "2021-09-29 21:47:30", "elapsed": 4.57836, "delta": 0.180849}}
{"target": -62.83593446028218, "params": {"C": 165.5845370273073, "epsilon": 0.7730199081377901, "gamma": 0.03454212248624018}, "datetime": {"datetime": "2021-09-29 21:47:30", "elapsed": 4.769264, "delta": 0.190904}}
{"target": -66.71953001992004, "params": {"C": 130.60867376792874, "epsilon": 2.230095862435162, "gamma": 0.06955903566448651}, "datetime": {"datetime": "2021-09-29 21:47:30", "elapsed": 4.93473, "delta": 0.165466}}
{"target": -64.99252933674255, "params": {"C": 160.02789636063474, "epsilon": 2.0313768569886133, "gamma": 0.04728569084127568}, "datetime": {"datetime": "2021-09-29 21:47:30", "elapsed": 5.091692, "delta": 0.156962}}
{"target": -56.37188505761036, "params": {"C": 181.76683873068666, "epsilon": 0.5667126374936095, "gamma": 0.006294477904297167}, "datetime": {"datetime": "2021-09-29 21:47:30", "elapsed": 5.273105, "delta": 0.181413}}
{"target": -66.87654524945927, "params": {"C": 151.8172534439786, "epsilon": 0.15404956761187458, "gamma": 0.0619836365168324}, "datetime": {"datetime": "2021-09-29 21:47:31", "elapsed": 5.455103, "delta": 0.181998}}
{"target": -65.66483160089324, "params": {"C": 116.4987809259163, "epsilon": 0.8900300138411679, "gamma": 0.06438641046448372}, "datetime": {"datetime": "2021-09-29 21:47:31", "elapsed": 5.643995, "delta": 0.188892}}
{"target": -59.782853512438685, "params": {"C": 196.55277175117618, "epsilon": 1.8968558098374024, "gamma": 0.018350601021501756}, "datetime": {"datetime": "2021-09-29 21:47:31", "elapsed": 5.871595, "delta": 0.2276}}
{"target": -63.93277733835835, "params": {"C": 180.4298719885653, "epsilon": 1.4978267098612934, "gamma": 0.036961597688233754}, "datetime": {"datetime": "2021-09-29 21:47:31", "elapsed": 6.097479, "delta": 0.225884}}
{"target": -59.81325377373866, "params": {"C": 107.74655635692443, "epsilon": 0.7860821642803935, "gamma": 0.021877238196318757}, "datetime": {"datetime": "2021-09-29 21:47:31", "elapsed": 6.270496, "delta": 0.173017}}
{"target": -71.01981852617554, "params": {"C": 197.90217067214144, "epsilon": 0.6880866401685491, "gamma": 0.0898531101842774}, "datetime": {"datetime": "2021-09-29 21:47:32", "elapsed": 6.480502, "delta": 0.210006}}
{"target": -60.79019892879528, "params": {"C": 101.91792665031588, "epsilon": 2.0403282937921197, "gamma": 0.030376354052489972}, "datetime": {"datetime": "2021-09-29 21:47:32", "elapsed": 6.677495, "delta": 0.196993}}
{"target": -68.96045183671639, "params": {"C": 164.69218673535443, "epsilon": 0.23911990776024972, "gamma": 0.07978360190810742}, "datetime": {"datetime": "2021-09-29 21:47:32", "elapsed": 6.859498, "delta": 0.182003}}
{"target": -68.07047536497396, "params": {"C": 188.56627482350007, "epsilon": 1.5448290085749101, "gamma": 0.06350968471264794}, "datetime": {"datetime": "2021-09-29 21:47:32", "elapsed": 7.116018, "delta": 0.25652}}
{"target": -57.261907006139765, "params": {"C": 143.5994902142004, "epsilon": 0.07875276925184611, "gamma": 0.011038283309786312}, "datetime": {"datetime": "2021-09-29 21:48:12", "elapsed": 0.0, "delta": 0.0}}
{"target": -56.45454648320559, "params": {"C": 143.5322392618277, "epsilon": 1.2616830384603794, "gamma": 0.006673662937977096}, "datetime": {"datetime": "2021-09-29 21:48:12", "elapsed": 0.052027, "delta": 0.052027}}
{"target": -56.24743949893515, "params": {"C": 120.46486340378425, "epsilon": 1.8581936280856404, "gamma": 0.006063128006123011}, "datetime": {"datetime": "2021-09-29 21:48:12", "elapsed": 0.086999, "delta": 0.034972}}
{"target": -57.6007415797543, "params": {"C": 126.68272751028667, "epsilon": 1.8637803644751154, "gamma": 0.010629927676113078}, "datetime": {"datetime": "2021-09-29 21:48:12", "elapsed": 0.129997, "delta": 0.042998}}
{"target": -55.77356975754344, "params": {"C": 113.45799453449335, "epsilon": 1.5412207856759734, "gamma": 0.003770353326373614}, "datetime": {"datetime": "2021-09-29 21:48:12", "elapsed": 0.160999, "delta": 0.031002}}
{"target": -57.466867851021675, "params": {"C": 163.19081805213568, "epsilon": 0.8136258549055587, "gamma": 0.010405092076621436}, "datetime": {"datetime": "2021-09-29 21:48:12", "elapsed": 0.280998, "delta": 0.119999}}
{"target": -57.8508955149786, "params": {"C": 142.0609828256476, "epsilon": 1.364295062537476, "gamma": 0.011584892017150572}, "datetime": {"datetime": "2021-09-29 21:48:12", "elapsed": 0.371038, "delta": 0.09004}}
