{"target": -56.39886460732346, "params": {"C": 13.730087473520529, "epsilon": 1.156226437322798, "gamma": 0.018000930335457774}, "datetime": {"datetime": "2021-09-29 20:30:07", "elapsed": 993.145589, "delta": 2.626952}}
{"target": -68.83153371972442, "params": {"C": 34.11763801139892, "epsilon": 2.8459436615543514, "gamma": 0.2984876300277194}, "datetime": {"datetime": "2021-09-29 20:30:10", "elapsed": 995.736605, "delta": 2.591016}}
{"target": -53.640299474914045, "params": {"C": 33.74543125673418, "epsilon": 0.2892665980725554, "gamma": 0.00446018650771747}, "datetime": {"datetime": "2021-09-29 20:30:12", "elapsed": 998.063372, "delta": 2.326767}}
{"target": -62.45168608652947, "params": {"C": 44.16349531205837, "epsilon": 0.07875276925184611, "gamma": 0.049514656761295954}, "datetime": {"datetime": "2021-09-29 20:55:23", "elapsed": 0.0, "delta": 0.0}}
{"target": -60.570955004555216, "params": {"C": 44.09691686920941, "epsilon": 1.2616830384603794, "gamma": 0.029797100408248282}, "datetime": {"datetime": "2021-09-29 20:55:23", "elapsed": 0.031001, "delta": 0.031001}}
{"target": -59.36843166586001, "params": {"C": 21.26021476974641, "epsilon": 1.8581936280856404, "gamma": 0.027038955163339626}, "datetime": {"datetime": "2021-09-29 20:55:23", "elapsed": 0.062003, "delta": 0.031002}}
{"target": -62.11401926780987, "params": {"C": 27.4159002351838, "epsilon": 1.8637803644751154, "gamma": 0.047669874275505814}, "datetime": {"datetime": "2021-09-29 20:55:23", "elapsed": 0.090002, "delta": 0.027999}}
{"target": -56.0803593047755, "params": {"C": 14.323414589148422, "epsilon": 1.5412207856759734, "gamma": 0.016681143921657683}, "datetime": {"datetime": "2021-09-29 20:55:23", "elapsed": 0.131707, "delta": 0.041705}}
{"target": -61.97454860612602, "params": {"C": 78.74817963385067, "epsilon": 2.562071902625827, "gamma": 0.04453189168063531}, "datetime": {"datetime": "2021-09-29 20:55:23", "elapsed": 0.168715, "delta": 0.037008}}
{"target": -59.53174504808805, "params": {"C": 14.721460870792972, "epsilon": 2.528608442523643, "gamma": 0.03130220932390644}, "datetime": {"datetime": "2021-09-29 20:55:23", "elapsed": 0.370706, "delta": 0.201991}}
{"target": -54.93799445638392, "params": {"C": 14.636571072518864, "epsilon": 1.0491923176119746, "gamma": 0.010167857168738933}, "datetime": {"datetime": "2021-09-29 20:55:24", "elapsed": 0.606713, "delta": 0.236007}}
{"target": -71.36856630449347, "params": {"C": 13.77038067006839, "epsilon": 0.06498082043743088, "gamma": 0.0001}, "datetime": {"datetime": "2021-09-29 20:55:24", "elapsed": 0.825716, "delta": 0.219003}}
{"target": -54.524133376588054, "params": {"C": 14.570432225783502, "epsilon": 1.0345826724624634, "gamma": 0.009167142566201457}, "datetime": {"datetime": "2021-09-29 20:55:24", "elapsed": 0.924715, "delta": 0.098999}}
{"target": -62.79850428556315, "params": {"C": 13.535931859059511, "epsilon": 1.6811474124115897, "gamma": 0.09}, "datetime": {"datetime": "2021-09-29 20:55:24", "elapsed": 1.041708, "delta": 0.116993}}
{"target": -64.37040773260213, "params": {"C": 48.48955541809827, "epsilon": 2.606448777112884, "gamma": 0.07817785976261765}, "datetime": {"datetime": "2021-09-29 20:55:24", "elapsed": 1.141714, "delta": 0.100006}}
{"target": -54.70801411694877, "params": {"C": 14.930808154099585, "epsilon": 1.769956339820647, "gamma": 0.009997151827134723}, "datetime": {"datetime": "2021-09-29 20:55:24", "elapsed": 1.27871, "delta": 0.136996}}
{"target": -59.91666625706672, "params": {"C": 15.642504860316008, "epsilon": 1.707694601799571, "gamma": 0.033652071667830755}, "datetime": {"datetime": "2021-09-29 20:55:24", "elapsed": 1.430716, "delta": 0.152006}}
{"target": -52.14495992899916, "params": {"C": 49.14957600387961, "epsilon": 2.683484214350215, "gamma": 0.0011814160885955981}, "datetime": {"datetime": "2021-09-29 20:55:25", "elapsed": 1.517713, "delta": 0.086997}}
{"target": -68.32956877801139, "params": {"C": 49.519939409855574, "epsilon": 2.72673984542861, "gamma": 0.0001}, "datetime": {"datetime": "2021-09-29 20:55:25", "elapsed": 1.728708, "delta": 0.210995}}
{"target": -63.48951414195838, "params": {"C": 38.85095166247046, "epsilon": 0.3253068894190921, "gamma": 0.06156895116290842}, "datetime": {"datetime": "2021-09-29 20:55:25", "elapsed": 1.826713, "delta": 0.098005}}
{"target": -63.14507851565608, "params": {"C": 49.04293072587267, "epsilon": 2.582656433132435, "gamma": 0.05984368501367437}, "datetime": {"datetime": "2021-09-29 20:55:25", "elapsed": 1.916714, "delta": 0.090001}}
{"target": -63.60952073370495, "params": {"C": 82.17560248957768, "epsilon": 1.4840572586598495, "gamma": 0.06001640344356338}, "datetime": {"datetime": "2021-09-29 20:55:25", "elapsed": 2.03071, "delta": 0.113996}}
{"target": -59.366347628866436, "params": {"C": 12.638303325986485, "epsilon": 1.3027315680376776, "gamma": 0.035298249769636664}, "datetime": {"datetime": "2021-09-29 20:55:25", "elapsed": 2.124706, "delta": 0.093996}}
{"target": -54.7614803276371, "params": {"C": 18.778999115110942, "epsilon": 1.0456028732897633, "gamma": 0.008622799438725714}, "datetime": {"datetime": "2021-09-29 20:55:25", "elapsed": 2.231504, "delta": 0.106798}}
{"target": -63.76900928179874, "params": {"C": 49.09080677168777, "epsilon": 2.7190943506035006, "gamma": 0.0704741989143359}, "datetime": {"datetime": "2021-09-29 20:55:25", "elapsed": 2.428501, "delta": 0.196997}}
{"target": -60.6840073749796, "params": {"C": 44.120625787158936, "epsilon": 1.2434624786284236, "gamma": 0.030987751558708528}, "datetime": {"datetime": "2021-09-29 20:55:26", "elapsed": 2.535501, "delta": 0.107}}
{"target": -61.020928948426224, "params": {"C": 14.595748956438259, "epsilon": 0.980264961571664, "gamma": 0.05261190556410883}, "datetime": {"datetime": "2021-09-29 20:55:26", "elapsed": 2.6605, "delta": 0.124999}}
{"target": -60.0618767633639, "params": {"C": 14.918450533429127, "epsilon": 1.8210766020939688, "gamma": 0.0373856270106351}, "datetime": {"datetime": "2021-09-29 20:55:26", "elapsed": 2.814501, "delta": 0.154001}}
{"target": -60.01218833620599, "params": {"C": 18.854898085794126, "epsilon": 1.085010572062118, "gamma": 0.029914600068433116}, "datetime": {"datetime": "2021-09-29 20:55:26", "elapsed": 2.943495, "delta": 0.128994}}
{"target": -62.27368497456135, "params": {"C": 18.748517453481828, "epsilon": 1.005574393945236, "gamma": 0.05522478343059263}, "datetime": {"datetime": "2021-09-29 20:55:26", "elapsed": 3.068502, "delta": 0.125007}}
{"target": -58.40317749896907, "params": {"C": 11.020289439681225, "epsilon": 2.0896234248781353, "gamma": 0.02900431822429606}, "datetime": {"datetime": "2021-09-29 20:55:26", "elapsed": 3.201499, "delta": 0.132997}}
{"target": -62.524384581877555, "params": {"C": 31.466244418391494, "epsilon": 1.9535201485429579, "gamma": 0.05277603046642808}, "datetime": {"datetime": "2021-09-29 20:55:26", "elapsed": 3.341503, "delta": 0.140004}}
{"target": -58.16854014805875, "params": {"C": 25.958723871198266, "epsilon": 1.814212246318266, "gamma": 0.01816712279468879}, "datetime": {"datetime": "2021-09-29 20:55:27", "elapsed": 3.483498, "delta": 0.141995}}
{"target": -60.47794062591015, "params": {"C": 14.609296069497836, "epsilon": 1.073201639959018, "gamma": 0.041896125688828785}, "datetime": {"datetime": "2021-09-29 20:55:27", "elapsed": 3.6345, "delta": 0.151002}}
{"target": -61.72392826270781, "params": {"C": 2.1612542039199867, "epsilon": 2.7739297345118565, "gamma": 0.011141986753723406}, "datetime": {"datetime": "2021-09-29 20:55:27", "elapsed": 3.772502, "delta": 0.138002}}
{"target": -56.61286617736954, "params": {"C": 49.15299225721988, "epsilon": 2.73737530757192, "gamma": 0.009094815353637823}, "datetime": {"datetime": "2021-09-29 20:55:27", "elapsed": 3.961496, "delta": 0.188994}}
{"target": -51.95269677470839, "params": {"C": 66.88623962932581, "epsilon": 2.1327357943067535, "gamma": 0.001424665419852793}, "datetime": {"datetime": "2021-09-29 20:55:27", "elapsed": 4.114497, "delta": 0.153001}}
{"target": -61.698934670670425, "params": {"C": 66.90303319085531, "epsilon": 2.1362918076632655, "gamma": 0.043724390608178974}, "datetime": {"datetime": "2021-09-29 20:55:27", "elapsed": 4.299744, "delta": 0.185247}}
{"target": -61.41090802440551, "params": {"C": 14.65115124102357, "epsilon": 1.0203965668783834, "gamma": 0.060186814248529064}, "datetime": {"datetime": "2021-09-29 20:55:28", "elapsed": 4.455374, "delta": 0.15563}}
{"target": -65.82035728130047, "params": {"C": 74.69062321553075, "epsilon": 2.084708462547635, "gamma": 0.08465673173572473}, "datetime": {"datetime": "2021-09-29 20:55:28", "elapsed": 4.601375, "delta": 0.146001}}
{"target": -58.248262587065206, "params": {"C": 14.970713288548252, "epsilon": 1.7989270905318873, "gamma": 0.02330608109467745}, "datetime": {"datetime": "2021-09-29 20:55:28", "elapsed": 4.762382, "delta": 0.161007}}
{"target": -62.811587553013226, "params": {"C": 21.333878802524318, "epsilon": 0.2814981325174104, "gamma": 0.060088870448149305}, "datetime": {"datetime": "2021-09-29 20:55:28", "elapsed": 4.915663, "delta": 0.153281}}
{"target": -55.502039975892856, "params": {"C": 14.761414165370267, "epsilon": 2.498616511416609, "gamma": 0.011835584855595478}, "datetime": {"datetime": "2021-09-29 20:55:28", "elapsed": 5.067661, "delta": 0.151998}}
{"target": -55.71797878843812, "params": {"C": 14.935469415243134, "epsilon": 1.7411833120414304, "gamma": 0.013265007582002244}, "datetime": {"datetime": "2021-09-29 20:55:28", "elapsed": 5.307664, "delta": 0.240003}}
{"target": -61.762516652230474, "params": {"C": 49.174410741439395, "epsilon": 2.644169797594144, "gamma": 0.04239709402699326}, "datetime": {"datetime": "2021-09-29 20:55:29", "elapsed": 5.461663, "delta": 0.153999}}
{"target": -63.47225064976485, "params": {"C": 31.302587030249462, "epsilon": 2.230095862435162, "gamma": 0.06955903566448651}, "datetime": {"datetime": "2021-09-29 20:55:29", "elapsed": 5.633665, "delta": 0.172002}}
{"target": -58.55930952348173, "params": {"C": 25.96788220813044, "epsilon": 1.8468621934916962, "gamma": 0.019911742543970525}, "datetime": {"datetime": "2021-09-29 20:55:29", "elapsed": 5.80866, "delta": 0.174995}}
{"target": -56.45012756015173, "params": {"C": 81.94917034337979, "epsilon": 0.5667126374936095, "gamma": 0.006294477904297167}, "datetime": {"datetime": "2021-09-29 20:55:29", "elapsed": 5.993675, "delta": 0.185015}}
{"target": -59.26931296790626, "params": {"C": 81.9780445991294, "epsilon": 0.5649342691146937, "gamma": 0.020842363283038626}, "datetime": {"datetime": "2021-09-29 20:55:29", "elapsed": 6.156892, "delta": 0.163217}}
{"target": -62.27912828900318, "params": {"C": 17.333793116657137, "epsilon": 0.8900300138411679, "gamma": 0.06438641046448372}, "datetime": {"datetime": "2021-09-29 20:55:29", "elapsed": 6.336893, "delta": 0.180001}}
{"target": -59.14913404043477, "params": {"C": 96.5872440336644, "epsilon": 1.8968558098374024, "gamma": 0.018350601021501756}, "datetime": {"datetime": "2021-09-29 20:55:30", "elapsed": 6.509897, "delta": 0.173004}}
{"target": -61.29745696454487, "params": {"C": 80.62557326867966, "epsilon": 1.4978267098612934, "gamma": 0.036961597688233754}, "datetime": {"datetime": "2021-09-29 20:55:30", "elapsed": 6.695895, "delta": 0.185998}}
{"target": -56.960460018095105, "params": {"C": 8.669090793355183, "epsilon": 0.7860821642803935, "gamma": 0.021877238196318757}, "datetime": {"datetime": "2021-09-29 20:55:30", "elapsed": 6.90189, "delta": 0.205995}}
{"target": -60.89783468838029, "params": {"C": 21.22827184691888, "epsilon": 1.8700922913261488, "gamma": 0.03758343702401689}, "datetime": {"datetime": "2021-09-29 20:55:30", "elapsed": 7.114893, "delta": 0.213003}}
{"target": -60.31057342670163, "params": {"C": 66.87999084561936, "epsilon": 2.0820932807011676, "gamma": 0.027423279831987342}, "datetime": {"datetime": "2021-09-29 20:55:30", "elapsed": 7.375892, "delta": 0.260999}}
{"target": -65.11513169650962, "params": {"C": 65.04526486800088, "epsilon": 0.23911990776024972, "gamma": 0.07978360190810742}, "datetime": {"datetime": "2021-09-29 20:55:31", "elapsed": 7.575891, "delta": 0.199999}}
{"target": -64.34916633013464, "params": {"C": 88.68061207526505, "epsilon": 1.5448290085749101, "gamma": 0.06350968471264794}, "datetime": {"datetime": "2021-09-29 20:55:31", "elapsed": 7.776891, "delta": 0.201}}
{"target": -61.086492152519824, "params": {"C": 14.92659013800413, "epsilon": 1.7557502814763537, "gamma": 0.052953779735845044}, "datetime": {"datetime": "2021-09-29 20:55:31", "elapsed": 7.97689, "delta": 0.199999}}
{"target": -61.66355588540089, "params": {"C": 18.790351829787625, "epsilon": 1.0323526491572612, "gamma": 0.04628499460863825}, "datetime": {"datetime": "2021-09-29 20:55:31", "elapsed": 8.194957, "delta": 0.218067}}
{"target": -61.17281566115893, "params": {"C": 66.84299423143403, "epsilon": 2.1306593819409785, "gamma": 0.037966402337197586}, "datetime": {"datetime": "2021-09-29 20:55:31", "elapsed": 8.439952, "delta": 0.244995}}
{"target": -63.42463430027513, "params": {"C": 84.12231398201752, "epsilon": 2.117010242609934, "gamma": 0.056968447979353895}, "datetime": {"datetime": "2021-09-29 20:55:32", "elapsed": 8.637952, "delta": 0.198}}
{"target": -61.98116184955874, "params": {"C": 81.91300352522536, "epsilon": 0.5978940769786616, "gamma": 0.04345798330720274}, "datetime": {"datetime": "2021-09-29 20:55:32", "elapsed": 8.936956, "delta": 0.299004}}
{"target": -57.02019391245528, "params": {"C": 81.9478804150212, "epsilon": 0.5394887330749013, "gamma": 0.010614704481250209}, "datetime": {"datetime": "2021-09-29 20:55:32", "elapsed": 9.167953, "delta": 0.230997}}
{"target": -56.80398024779997, "params": {"C": 8.404971437555588, "epsilon": 0.12963015692099478, "gamma": 0.019779490875518085}, "datetime": {"datetime": "2021-09-29 20:55:32", "elapsed": 9.410614, "delta": 0.242661}}
{"target": -65.64710645724571, "params": {"C": 97.34672964761683, "epsilon": 0.43031738889370913, "gamma": 0.07155665546858504}, "datetime": {"datetime": "2021-09-29 20:55:33", "elapsed": 9.626612, "delta": 0.215998}}
{"target": -60.61218509537611, "params": {"C": 12.623707271052185, "epsilon": 1.3008059152280222, "gamma": 0.051376816013625676}, "datetime": {"datetime": "2021-09-29 20:55:33", "elapsed": 9.823619, "delta": 0.197007}}
{"target": -57.86929807944502, "params": {"C": 47.727461953342406, "epsilon": 2.4371459261236503, "gamma": 0.014755448813350211}, "datetime": {"datetime": "2021-09-29 20:55:33", "elapsed": 10.02861, "delta": 0.204991}}
{"target": -60.31364365475545, "params": {"C": 14.786395469080906, "epsilon": 2.5191416293425934, "gamma": 0.0010951104719603244}, "datetime": {"datetime": "2021-09-29 20:55:33", "elapsed": 10.26132, "delta": 0.23271}}
{"target": -59.73109691065621, "params": {"C": 18.82405562999791, "epsilon": 1.0771367579036601, "gamma": 0.02814258075008393}, "datetime": {"datetime": "2021-09-29 20:55:34", "elapsed": 10.525325, "delta": 0.264005}}
{"target": -63.19089523130478, "params": {"C": 67.83760323232836, "epsilon": 0.2647041543857846, "gamma": 0.059163690915480044}, "datetime": {"datetime": "2021-09-29 20:55:34", "elapsed": 10.819323, "delta": 0.293998}}
{"target": -63.018271658435346, "params": {"C": 56.25871358559472, "epsilon": 1.9588346028064192, "gamma": 0.0580036332072733}, "datetime": {"datetime": "2021-09-29 20:55:34", "elapsed": 11.056321, "delta": 0.236998}}
{"target": -56.69885364601441, "params": {"C": 14.614482572941604, "epsilon": 1.0523873881706598, "gamma": 0.019444389128349452}, "datetime": {"datetime": "2021-09-29 20:55:34", "elapsed": 11.351323, "delta": 0.295002}}
{"target": -62.46705486812532, "params": {"C": 22.959776661337116, "epsilon": 0.27419253127035376, "gamma": 0.05200081658525258}, "datetime": {"datetime": "2021-09-29 20:55:35", "elapsed": 11.613323, "delta": 0.262}}
{"target": -63.789484161130396, "params": {"C": 61.45247529877838, "epsilon": 1.9687152293783519, "gamma": 0.06787047397412845}, "datetime": {"datetime": "2021-09-29 20:55:35", "elapsed": 11.869328, "delta": 0.256005}}
{"target": -61.28152305561954, "params": {"C": 18.828195921243143, "epsilon": 1.090435261047934, "gamma": 0.04175353102258036}, "datetime": {"datetime": "2021-09-29 20:55:35", "elapsed": 12.088319, "delta": 0.218991}}
{"target": -59.6756807393353, "params": {"C": 14.332227090453102, "epsilon": 1.5863661537280147, "gamma": 0.03422175958810402}, "datetime": {"datetime": "2021-09-29 20:55:35", "elapsed": 12.356383, "delta": 0.268064}}
{"target": -59.22783799350243, "params": {"C": 65.3228822261059, "epsilon": 2.4800834814755865, "gamma": 0.01960710896188856}, "datetime": {"datetime": "2021-09-29 20:55:36", "elapsed": 12.597387, "delta": 0.241004}}
{"target": -63.97171669809636, "params": {"C": 35.87469736523453, "epsilon": 0.5459844528771801, "gamma": 0.0719381075770217}, "datetime": {"datetime": "2021-09-29 20:55:36", "elapsed": 12.867389, "delta": 0.270002}}
{"target": -59.10730000833346, "params": {"C": 14.776851585379978, "epsilon": 2.455812753364327, "gamma": 0.027518118518210778}, "datetime": {"datetime": "2021-09-29 20:55:36", "elapsed": 13.156862, "delta": 0.289473}}
{"target": -60.19668217855727, "params": {"C": 76.934581086443, "epsilon": 1.4158674670097497, "gamma": 0.0266423242601006}, "datetime": {"datetime": "2021-09-29 20:55:36", "elapsed": 13.423867, "delta": 0.267005}}
{"target": -62.83200127665944, "params": {"C": 47.740551802947266, "epsilon": 2.488008695371164, "gamma": 0.05355417570415711}, "datetime": {"datetime": "2021-09-29 20:55:37", "elapsed": 13.714859, "delta": 0.290992}}
{"target": -60.8036241086674, "params": {"C": 14.345006677092362, "epsilon": 1.5457505095459305, "gamma": 0.0503399090431483}, "datetime": {"datetime": "2021-09-29 20:55:37", "elapsed": 14.034868, "delta": 0.320009}}
{"target": -60.27808855450666, "params": {"C": 8.426613964101332, "epsilon": 0.15110108375389517, "gamma": 0.0018585841193465092}, "datetime": {"datetime": "2021-09-29 20:55:37", "elapsed": 14.370085, "delta": 0.335217}}
{"target": -56.09062425930534, "params": {"C": 14.269625426132292, "epsilon": 1.4666173207405862, "gamma": 0.0019492639711251153}, "datetime": {"datetime": "2021-09-29 20:55:38", "elapsed": 14.657086, "delta": 0.287001}}
{"target": -59.08359017752959, "params": {"C": 8.400796026966937, "epsilon": 0.09598726785338514, "gamma": 0.03608648020843732}, "datetime": {"datetime": "2021-09-29 20:55:38", "elapsed": 14.940084, "delta": 0.282998}}
{"target": -59.82842008147563, "params": {"C": 14.724027076302665, "epsilon": 2.4570752123833044, "gamma": 0.03516776180569019}, "datetime": {"datetime": "2021-09-29 20:55:38", "elapsed": 15.222084, "delta": 0.282}}
{"target": -59.43841626347921, "params": {"C": 18.77363111089097, "epsilon": 1.0717719616088035, "gamma": 0.026598356134514542}, "datetime": {"datetime": "2021-09-29 20:55:39", "elapsed": 15.508091, "delta": 0.286007}}
{"target": -62.20961305918308, "params": {"C": 25.922444413335533, "epsilon": 1.765092018294559, "gamma": 0.04815702629989803}, "datetime": {"datetime": "2021-09-29 20:55:39", "elapsed": 15.83909, "delta": 0.330999}}
{"target": -60.66072466240345, "params": {"C": 49.165534291532836, "epsilon": 2.7818517238457745, "gamma": 0.029710645740950514}, "datetime": {"datetime": "2021-09-29 20:55:39", "elapsed": 16.161087, "delta": 0.321997}}
{"target": -59.80008992797531, "params": {"C": 14.229626823851332, "epsilon": 1.5051516785975212, "gamma": 0.03606687844834776}, "datetime": {"datetime": "2021-09-29 20:55:40", "elapsed": 16.467367, "delta": 0.30628}}
{"target": -56.481047596888075, "params": {"C": 8.72484229658569, "epsilon": 0.748722624396971, "gamma": 0.0040461762048888805}, "datetime": {"datetime": "2021-09-29 20:55:40", "elapsed": 16.794366, "delta": 0.326999}}
{"target": -62.20416162394158, "params": {"C": 33.00591109710143, "epsilon": 0.5136741417503587, "gamma": 0.04891175664619583}, "datetime": {"datetime": "2021-09-29 20:55:40", "elapsed": 17.055366, "delta": 0.261}}
{"target": -55.047930316847406, "params": {"C": 11.219986809486562, "epsilon": 2.188919082194781, "gamma": 0.01321378593697819}, "datetime": {"datetime": "2021-09-29 20:55:40", "elapsed": 17.314366, "delta": 0.259}}
{"target": -66.06464553127299, "params": {"C": 94.56806786882828, "epsilon": 1.0363616657147892, "gamma": 0.07746567876690948}, "datetime": {"datetime": "2021-09-29 20:55:41", "elapsed": 17.646367, "delta": 0.332001}}
{"target": -62.3979668561202, "params": {"C": 61.622851394379964, "epsilon": 1.3659781696146527, "gamma": 0.049438806131986875}, "datetime": {"datetime": "2021-09-29 20:55:41", "elapsed": 17.961368, "delta": 0.315001}}
{"target": -61.777115109490325, "params": {"C": 14.35795322984774, "epsilon": 1.5712314016120927, "gamma": 0.0009222324763303888}, "datetime": {"datetime": "2021-09-29 20:55:41", "elapsed": 18.284541, "delta": 0.323173}}
{"target": -63.46983893669784, "params": {"C": 30.734688006646486, "epsilon": 1.9707904458472028, "gamma": 0.0687562753606569}, "datetime": {"datetime": "2021-09-29 20:55:42", "elapsed": 18.577531, "delta": 0.29299}}
{"target": -62.288322083276604, "params": {"C": 10.729958556818449, "epsilon": 2.1816782728208612, "gamma": 0.08282870435225806}, "datetime": {"datetime": "2021-09-29 20:55:42", "elapsed": 18.884542, "delta": 0.307011}}
{"target": -60.69985019346257, "params": {"C": 6.216633318117189, "epsilon": 1.166473093366109, "gamma": 0.08030700984493132}, "datetime": {"datetime": "2021-09-29 20:55:42", "elapsed": 19.175536, "delta": 0.290994}}
{"target": -57.71479111590494, "params": {"C": 8.651949970334353, "epsilon": 0.7464610858055468, "gamma": 0.02694309001583336}, "datetime": {"datetime": "2021-09-29 20:55:43", "elapsed": 19.488385, "delta": 0.312849}}
{"target": -64.01353636193403, "params": {"C": 56.0544008130907, "epsilon": 1.2130656822276833, "gamma": 0.07017254624639906}, "datetime": {"datetime": "2021-09-29 20:55:43", "elapsed": 19.786392, "delta": 0.298007}}
