{"target": -61.05179881536703, "params": {"C": 278.92592052778093, "epsilon": 1.1036609589790602, "gamma": 0.01872204233601355}, "datetime": {"datetime": "2021-09-29 21:50:50", "elapsed": 69.213241, "delta": 0.689998}}
{"target": -56.434961815952036, "params": {"C": 203.79005577371936, "epsilon": 1.8193224597685147, "gamma": 0.002069810524504278}, "datetime": {"datetime": "2021-09-29 21:50:50", "elapsed": 69.887089, "delta": 0.673848}}
{"target": -57.91842568225155, "params": {"C": 264.9867097914624, "epsilon": 2.470503328738979, "gamma": 0.005397891764402278}, "datetime": {"datetime": "2021-09-29 21:50:51", "elapsed": 70.649091, "delta": 0.762002}}
{"target": -56.965769357819276, "params": {"C": 209.07595168652708, "epsilon": 1.8449163489971179, "gamma": 0.0039274189295110855}, "datetime": {"datetime": "2021-09-29 21:50:52", "elapsed": 71.325091, "delta": 0.676}}
{"target": -58.58405710176867, "params": {"C": 220.4589811892727, "epsilon": 1.865364053962344, "gamma": 0.008637001604927771}, "datetime": {"datetime": "2021-09-29 21:50:52", "elapsed": 72.09394, "delta": 0.768849}}
{"target": -56.868533177540094, "params": {"C": 249.84818329141456, "epsilon": 1.2516564301177766, "gamma": 0.0030130391011096184}, "datetime": {"datetime": "2021-09-29 21:50:53", "elapsed": 72.816937, "delta": 0.722997}}
{"target": -56.839157334963375, "params": {"C": 210.3307694459918, "epsilon": 2.1734800122779467, "gamma": 0.0034866515218545486}, "datetime": {"datetime": "2021-09-29 21:50:54", "elapsed": 73.858074, "delta": 1.041137}}
{"target": -58.98281264977759, "params": {"C": 228.89955838461228, "epsilon": 2.534758753377006, "gamma": 0.011142402462478275}, "datetime": {"datetime": "2021-09-29 21:50:55", "elapsed": 74.885081, "delta": 1.027007}}
{"target": -55.154175112354395, "params": {"C": 225.2245653403992, "epsilon": 1.8246470169722728, "gamma": 0.0006472650990464252}, "datetime": {"datetime": "2021-09-29 21:50:56", "elapsed": 75.740601, "delta": 0.85552}}
{"target": -59.34116750546134, "params": {"C": 277.00270649108154, "epsilon": 0.8088376484262267, "gamma": 0.011465745295168922}, "datetime": {"datetime": "2021-09-29 21:50:57", "elapsed": 76.520603, "delta": 0.780002}}
{"target": -57.572163946378105, "params": {"C": 294.5548025226054, "epsilon": 1.9026957021393274, "gamma": 0.0038359764674942877}, "datetime": {"datetime": "2021-09-29 21:50:58", "elapsed": 77.357087, "delta": 0.836484}}
{"target": -60.4263823349255, "params": {"C": 228.2467030703864, "epsilon": 1.2358507672705388, "gamma": 0.01891130670939171}, "datetime": {"datetime": "2021-09-29 21:50:59", "elapsed": 78.14649, "delta": 0.789403}}
{"target": -60.30245934506957, "params": {"C": 207.7331112599411, "epsilon": 0.7705161645155676, "gamma": 0.01913336189088146}, "datetime": {"datetime": "2021-09-29 21:50:59", "elapsed": 79.101482, "delta": 0.954992}}
{"target": -58.67008424401939, "params": {"C": 249.855384691264, "epsilon": 1.2498829779945853, "gamma": 0.00829122716456965}, "datetime": {"datetime": "2021-09-29 21:51:00", "elapsed": 79.877582, "delta": 0.7761}}
{"target": -55.602895377811535, "params": {"C": 288.9624628035617, "epsilon": 1.4415323664752138, "gamma": 0.0007858812473669431}, "datetime": {"datetime": "2021-09-29 21:51:01", "elapsed": 80.663581, "delta": 0.785999}}
{"target": -58.071074792967714, "params": {"C": 248.4396834680394, "epsilon": 2.7737201039217747, "gamma": 0.006645015593164894}, "datetime": {"datetime": "2021-09-29 21:51:02", "elapsed": 81.810119, "delta": 1.146538}}
{"target": -56.06930582800342, "params": {"C": 224.3812784248744, "epsilon": 0.11297764610385587, "gamma": 0.0013679046384125176}, "datetime": {"datetime": "2021-09-29 21:51:03", "elapsed": 82.730028, "delta": 0.919909}}
{"target": -56.65939676534227, "params": {"C": 245.19281373624676, "epsilon": 2.4636631457309446, "gamma": 0.0024576900717125654}, "datetime": {"datetime": "2021-09-29 21:51:04", "elapsed": 83.374029, "delta": 0.644001}}
{"target": -60.039624224200814, "params": {"C": 233.98303535722422, "epsilon": 2.220564170796571, "gamma": 0.019141593108310068}, "datetime": {"datetime": "2021-09-29 21:51:04", "elapsed": 84.002543, "delta": 0.628514}}
{"target": -59.21902989016705, "params": {"C": 236.44852578467595, "epsilon": 1.776021548305415, "gamma": 0.011715993271142252}, "datetime": {"datetime": "2021-09-29 21:51:05", "elapsed": 84.74854, "delta": 0.745997}}
{"target": -60.29938994466873, "params": {"C": 270.37104860434084, "epsilon": 2.2499042654256596, "gamma": 0.018446091518055784}, "datetime": {"datetime": "2021-09-29 21:51:06", "elapsed": 85.423545, "delta": 0.675005}}
{"target": -57.65468280900832, "params": {"C": 266.1295965326259, "epsilon": 2.3957910266982196, "gamma": 0.0046806932099958225}, "datetime": {"datetime": "2021-09-29 21:51:07", "elapsed": 86.158543, "delta": 0.734998}}
{"target": -57.15448266444112, "params": {"C": 267.0642378425176, "epsilon": 2.3823285614765157, "gamma": 0.0032986726301491077}, "datetime": {"datetime": "2021-09-29 21:51:07", "elapsed": 86.895533, "delta": 0.73699}}
{"target": -59.13085391504852, "params": {"C": 209.0842181646658, "epsilon": 1.8527122301421735, "gamma": 0.012530500366593611}, "datetime": {"datetime": "2021-09-29 21:51:08", "elapsed": 87.652146, "delta": 0.756613}}
{"target": -56.89083008971755, "params": {"C": 266.55020553118, "epsilon": 2.154095048195941, "gamma": 0.0028878203983838174}, "datetime": {"datetime": "2021-09-29 21:51:09", "elapsed": 88.456859, "delta": 0.804713}}
{"target": -58.073686773066605, "params": {"C": 244.35028739798344, "epsilon": 2.228219779093752, "gamma": 0.006646710923542897}, "datetime": {"datetime": "2021-09-29 21:51:10", "elapsed": 89.210859, "delta": 0.754}}
{"target": -56.23907849275005, "params": {"C": 224.2237287124894, "epsilon": 1.4882846259177884, "gamma": 0.0017377277868129402}, "datetime": {"datetime": "2021-09-29 21:51:10", "elapsed": 89.99839, "delta": 0.787531}}
{"target": -58.73654118141396, "params": {"C": 225.22807122233263, "epsilon": 1.8167172749762264, "gamma": 0.009965662562434849}, "datetime": {"datetime": "2021-09-29 21:51:11", "elapsed": 90.765385, "delta": 0.766995}}
{"target": -56.55701993737192, "params": {"C": 277.60622276604516, "epsilon": 2.51280978839849, "gamma": 0.002107301187381388}, "datetime": {"datetime": "2021-09-29 21:51:12", "elapsed": 91.600389, "delta": 0.835004}}
{"target": -55.38877764651566, "params": {"C": 207.75293585187717, "epsilon": 0.7998014179466773, "gamma": 0.0007470206013578725}, "datetime": {"datetime": "2021-09-29 21:51:13", "elapsed": 92.542289, "delta": 0.9419}}
{"target": -59.397535933377114, "params": {"C": 286.0648867650188, "epsilon": 1.7585568898431339, "gamma": 0.011721957729756321}, "datetime": {"datetime": "2021-09-29 21:51:14", "elapsed": 93.642283, "delta": 1.099994}}
{"target": -56.88843484638044, "params": {"C": 220.36742745298187, "epsilon": 2.340088451107506, "gamma": 0.003438367698781206}, "datetime": {"datetime": "2021-09-29 21:51:15", "elapsed": 94.605418, "delta": 0.963135}}
{"target": -56.45316384518512, "params": {"C": 222.6224918842776, "epsilon": 1.1897746052689457, "gamma": 0.002421589051007896}, "datetime": {"datetime": "2021-09-29 21:51:16", "elapsed": 95.573957, "delta": 0.968539}}
{"target": -58.245982741777425, "params": {"C": 266.55588268163797, "epsilon": 2.133786462364012, "gamma": 0.006576752980430402}, "datetime": {"datetime": "2021-09-29 21:51:17", "elapsed": 96.591438, "delta": 1.017481}}
{"target": -57.96105765267252, "params": {"C": 222.61486286380796, "epsilon": 1.224406923560926, "gamma": 0.006686349854329673}, "datetime": {"datetime": "2021-09-29 21:51:18", "elapsed": 97.649106, "delta": 1.057668}}
{"target": -59.01518646737563, "params": {"C": 206.70183346543797, "epsilon": 2.468003945473413, "gamma": 0.013814956425614106}, "datetime": {"datetime": "2021-09-29 21:51:19", "elapsed": 98.46568, "delta": 0.816574}}
{"target": -60.255244531038024, "params": {"C": 249.17555161397257, "epsilon": 0.9705172909880242, "gamma": 0.01692924755042305}, "datetime": {"datetime": "2021-09-29 21:51:20", "elapsed": 99.514351, "delta": 1.048671}}
{"target": -57.981006014646375, "params": {"C": 288.9440737342454, "epsilon": 1.4448035295971458, "gamma": 0.004675262907956054}, "datetime": {"datetime": "2021-09-29 21:51:21", "elapsed": 100.925131, "delta": 1.41078}}
{"target": -59.21463723580739, "params": {"C": 264.98365027509203, "epsilon": 2.4788928453855883, "gamma": 0.01371834777775795}, "datetime": {"datetime": "2021-09-29 21:51:23", "elapsed": 102.545643, "delta": 1.620512}}
{"target": -59.25161267446828, "params": {"C": 259.815396932245, "epsilon": 1.5538531014021708, "gamma": 0.010204063268268575}, "datetime": {"datetime": "2021-09-29 21:51:24", "elapsed": 103.365643, "delta": 0.82}}
{"target": -58.8983068541836, "params": {"C": 224.37369893640732, "epsilon": 0.11585004218375529, "gamma": 0.0084451572901968}, "datetime": {"datetime": "2021-09-29 21:51:25", "elapsed": 104.550648, "delta": 1.185005}}
{"target": -59.40598242554571, "params": {"C": 259.4769651078005, "epsilon": 2.567432506600664, "gamma": 0.014861045297121647}, "datetime": {"datetime": "2021-09-29 21:51:26", "elapsed": 105.345643, "delta": 0.794995}}
{"target": -59.201577359383464, "params": {"C": 247.63385749190445, "epsilon": 1.6807353545016783, "gamma": 0.013501187453738014}, "datetime": {"datetime": "2021-09-29 21:51:27", "elapsed": 106.278648, "delta": 0.933005}}
{"target": -59.07635293255421, "params": {"C": 225.84003387788783, "epsilon": 0.6921043335757642, "gamma": 0.011023502537231038}, "datetime": {"datetime": "2021-09-29 21:51:28", "elapsed": 107.27129, "delta": 0.992642}}
{"target": -57.105841593443365, "params": {"C": 221.1433209801534, "epsilon": 0.7848612239275713, "gamma": 0.0045306189875963685}, "datetime": {"datetime": "2021-09-29 21:51:29", "elapsed": 108.316552, "delta": 1.045262}}
{"target": -58.74547529891425, "params": {"C": 237.53582389016776, "epsilon": 0.5447266201555597, "gamma": 0.008624884528751446}, "datetime": {"datetime": "2021-09-29 21:51:30", "elapsed": 109.185551, "delta": 0.868999}}
{"target": -60.32756145096585, "params": {"C": 229.10416013851966, "epsilon": 0.902727193455901, "gamma": 0.018407104332407685}, "datetime": {"datetime": "2021-09-29 21:51:30", "elapsed": 110.007978, "delta": 0.822427}}
{"target": -56.16700859915399, "params": {"C": 210.32781527995505, "epsilon": 2.153736847634538, "gamma": 0.0016925719988976691}, "datetime": {"datetime": "2021-09-29 21:51:31", "elapsed": 111.077978, "delta": 1.07}}
{"target": -59.33556264244889, "params": {"C": 207.8268125855114, "epsilon": 1.2364929705274044, "gamma": 0.015435244645789825}, "datetime": {"datetime": "2021-09-29 21:51:32", "elapsed": 112.085073, "delta": 1.007095}}
{"target": -59.41131631975266, "params": {"C": 248.63491021792103, "epsilon": 2.6670493034967517, "gamma": 0.016482570633028083}, "datetime": {"datetime": "2021-09-29 21:51:34", "elapsed": 113.251072, "delta": 1.165999}}
{"target": -59.331587646431096, "params": {"C": 222.6297423803699, "epsilon": 1.1743465991277622, "gamma": 0.00015437970228292328}, "datetime": {"datetime": "2021-09-29 21:51:35", "elapsed": 114.430461, "delta": 1.179389}}
{"target": -55.33601189982972, "params": {"C": 292.8708935016084, "epsilon": 0.39229572486612174, "gamma": 0.0004093664394792097}, "datetime": {"datetime": "2021-09-29 21:51:36", "elapsed": 115.473459, "delta": 1.042998}}
{"target": -58.5975286144396, "params": {"C": 266.9099645412574, "epsilon": 1.598625621234893, "gamma": 0.007710253807044984}, "datetime": {"datetime": "2021-09-29 21:51:37", "elapsed": 116.413268, "delta": 0.939809}}
{"target": -58.40703605084477, "params": {"C": 292.533021452167, "epsilon": 0.5680516127093954, "gamma": 0.00578454242252502}, "datetime": {"datetime": "2021-09-29 21:51:38", "elapsed": 117.30519, "delta": 0.891922}}
{"target": -57.78867964681369, "params": {"C": 209.07051486669243, "epsilon": 1.8483856690370981, "gamma": 0.005673251660559053}, "datetime": {"datetime": "2021-09-29 21:51:39", "elapsed": 118.452684, "delta": 1.147494}}
{"target": -58.65598005443147, "params": {"C": 266.5406546764388, "epsilon": 2.1442781603413477, "gamma": 0.008319077129057903}, "datetime": {"datetime": "2021-09-29 21:51:40", "elapsed": 119.591685, "delta": 1.139001}}
{"target": -57.72844693254257, "params": {"C": 294.76043945818355, "epsilon": 2.4486823492497116, "gamma": 0.004456470587833349}, "datetime": {"datetime": "2021-09-29 21:51:41", "elapsed": 120.514885, "delta": 0.9232}}
{"target": -56.73545801676661, "params": {"C": 299.8952059898222, "epsilon": 0.08806606176867941, "gamma": 0.0018938044562621654}, "datetime": {"datetime": "2021-09-29 21:51:42", "elapsed": 121.490882, "delta": 0.975997}}
{"target": -56.92737622465324, "params": {"C": 277.8248402593043, "epsilon": 1.3738823576897299, "gamma": 0.002846449711695198}, "datetime": {"datetime": "2021-09-29 21:51:43", "elapsed": 122.378474, "delta": 0.887592}}
{"target": -60.1782657805779, "params": {"C": 225.48258755838754, "epsilon": 1.7429587294066236, "gamma": 0.01889713711359253}, "datetime": {"datetime": "2021-09-29 21:51:44", "elapsed": 123.423472, "delta": 1.044998}}
{"target": -56.85323365460441, "params": {"C": 210.32719598661444, "epsilon": 2.1862476083673403, "gamma": 0.003563668187550152}, "datetime": {"datetime": "2021-09-29 21:51:45", "elapsed": 124.607762, "delta": 1.18429}}
{"target": -56.99729305810893, "params": {"C": 259.94898837644666, "epsilon": 1.980375266518274, "gamma": 0.0032631752004425047}, "datetime": {"datetime": "2021-09-29 21:51:46", "elapsed": 125.526765, "delta": 0.919003}}
{"target": -57.74678902079329, "params": {"C": 201.14381603983279, "epsilon": 2.763866809498346, "gamma": 0.0002682323001338627}, "datetime": {"datetime": "2021-09-29 21:51:48", "elapsed": 127.137864, "delta": 1.611099}}
{"target": -56.25205990649283, "params": {"C": 200.8108027700433, "epsilon": 0.46747054406699756, "gamma": 0.0022774514903628655}, "datetime": {"datetime": "2021-09-29 21:51:49", "elapsed": 128.708621, "delta": 1.570757}}
{"target": -58.83313739505548, "params": {"C": 247.20662421277274, "epsilon": 2.4450643823934177, "gamma": 0.010149399524763089}, "datetime": {"datetime": "2021-09-29 21:51:50", "elapsed": 130.048225, "delta": 1.339604}}
{"target": -57.7536855444615, "params": {"C": 281.766348568887, "epsilon": 0.5805591363413245, "gamma": 0.0047253721900077875}, "datetime": {"datetime": "2021-09-29 21:51:52", "elapsed": 131.18422, "delta": 1.135995}}
{"target": -57.37511442583717, "params": {"C": 268.1933179289727, "epsilon": 1.2883837120748574, "gamma": 0.003967709718692989}, "datetime": {"datetime": "2021-09-29 21:51:53", "elapsed": 132.294538, "delta": 1.110318}}
{"target": -60.07919867052481, "params": {"C": 293.8882142210936, "epsilon": 1.30215042614403, "gamma": 0.014702032117136263}, "datetime": {"datetime": "2021-09-29 21:51:54", "elapsed": 133.312536, "delta": 1.017998}}
{"target": -59.28613490659858, "params": {"C": 261.3118276804775, "epsilon": 1.4713585404134089, "gamma": 0.011235970684006905}, "datetime": {"datetime": "2021-09-29 21:51:55", "elapsed": 134.369772, "delta": 1.057236}}
{"target": -58.777400540375424, "params": {"C": 240.32723686305076, "epsilon": 2.1688931743236597, "gamma": 0.009978265106529171}, "datetime": {"datetime": "2021-09-29 21:51:56", "elapsed": 135.36131, "delta": 0.991538}}
{"target": -59.46604074572331, "params": {"C": 277.83728431242224, "epsilon": 1.3682537808224633, "gamma": 0.010209255627245445}, "datetime": {"datetime": "2021-09-29 21:51:57", "elapsed": 137.053072, "delta": 1.691762}}
{"target": -56.65884177222122, "params": {"C": 294.76679477529996, "epsilon": 2.4475157075576393, "gamma": 0.0016205061531519226}, "datetime": {"datetime": "2021-09-29 21:51:59", "elapsed": 138.130018, "delta": 1.076946}}
{"target": -57.61446509248026, "params": {"C": 296.8396991175904, "epsilon": 2.940372866268048, "gamma": 0.003988426311545439}, "datetime": {"datetime": "2021-09-29 21:52:00", "elapsed": 139.283017, "delta": 1.152999}}
{"target": -57.15042631768193, "params": {"C": 206.3451191075485, "epsilon": 2.8164426665473057, "gamma": 0.004267489562719572}, "datetime": {"datetime": "2021-09-29 21:52:01", "elapsed": 140.274745, "delta": 0.991728}}
{"target": -55.39093369625444, "params": {"C": 213.24086263785975, "epsilon": 1.3340017276162102, "gamma": 0.0006214576947621794}, "datetime": {"datetime": "2021-09-29 21:52:02", "elapsed": 141.358742, "delta": 1.083997}}
{"target": -56.95508175284839, "params": {"C": 277.6143703431309, "epsilon": 2.5336764338283375, "gamma": 0.0025399537566707813}, "datetime": {"datetime": "2021-09-29 21:52:03", "elapsed": 142.693904, "delta": 1.335162}}
{"target": -58.3100118730862, "params": {"C": 238.29228830836772, "epsilon": 2.8077461639853274, "gamma": 0.0071728704730121785}, "datetime": {"datetime": "2021-09-29 21:52:04", "elapsed": 143.672904, "delta": 0.979}}
{"target": -58.57622243140761, "params": {"C": 221.16893724039068, "epsilon": 0.768323418778047, "gamma": 0.008499972170137052}, "datetime": {"datetime": "2021-09-29 21:52:06", "elapsed": 145.201052, "delta": 1.528148}}
{"target": -56.981146640043946, "params": {"C": 222.6127573836385, "epsilon": 1.2025304340027183, "gamma": 0.003938715615064166}, "datetime": {"datetime": "2021-09-29 21:52:07", "elapsed": 146.637732, "delta": 1.43668}}
{"target": -58.07949519767022, "params": {"C": 277.6066816956254, "epsilon": 2.5479115867829787, "gamma": 0.006206990874656861}, "datetime": {"datetime": "2021-09-29 21:52:08", "elapsed": 147.953281, "delta": 1.315549}}
{"target": -58.28025902303091, "params": {"C": 206.70470129015328, "epsilon": 2.4801001614887825, "gamma": 0.008035673503588822}, "datetime": {"datetime": "2021-09-29 21:52:10", "elapsed": 149.134278, "delta": 1.180997}}
{"target": -59.49231218361752, "params": {"C": 280.2630382443868, "epsilon": 2.371036509557827, "gamma": 0.014550971653810228}, "datetime": {"datetime": "2021-09-29 21:52:11", "elapsed": 150.193912, "delta": 1.059634}}
{"target": -58.809296896794486, "params": {"C": 277.6268283097278, "epsilon": 2.5177153770818737, "gamma": 0.008833596007825543}, "datetime": {"datetime": "2021-09-29 21:52:12", "elapsed": 151.371912, "delta": 1.178}}
{"target": -57.90860682248006, "params": {"C": 228.89956955619397, "epsilon": 2.564109615794902, "gamma": 0.006596731173852877}, "datetime": {"datetime": "2021-09-29 21:52:13", "elapsed": 152.733003, "delta": 1.361091}}
{"target": -58.75353457739696, "params": {"C": 299.9089411152996, "epsilon": 0.08294622556244238, "gamma": 0.0059921703977622864}, "datetime": {"datetime": "2021-09-29 21:52:15", "elapsed": 154.202665, "delta": 1.469662}}
{"target": -58.56878363363439, "params": {"C": 206.71372651488045, "epsilon": 2.502704447080468, "gamma": 0.00867324159190319}, "datetime": {"datetime": "2021-09-29 21:52:16", "elapsed": 155.499667, "delta": 1.297002}}
{"target": -57.920207630001855, "params": {"C": 243.2492734983837, "epsilon": 1.7069805015600839, "gamma": 0.005501868114706476}, "datetime": {"datetime": "2021-09-29 21:52:17", "elapsed": 156.59924, "delta": 1.099573}}
{"target": -57.03076323448371, "params": {"C": 227.37655805079874, "epsilon": 0.005911889004727294, "gamma": 0.004461195578117079}, "datetime": {"datetime": "2021-09-29 21:52:18", "elapsed": 157.63589, "delta": 1.03665}}
{"target": -58.609459215498475, "params": {"C": 202.3730397355177, "epsilon": 2.2277880488861346, "gamma": 0.009024205611849086}, "datetime": {"datetime": "2021-09-29 21:52:19", "elapsed": 159.084373, "delta": 1.448483}}
{"target": -58.93743843609913, "params": {"C": 280.3129337292741, "epsilon": 1.3169561577786897, "gamma": 0.009052336840743773}, "datetime": {"datetime": "2021-09-29 21:52:21", "elapsed": 160.438162, "delta": 1.353789}}
{"target": -56.76026879476316, "params": {"C": 212.60251166282086, "epsilon": 0.764665890805879, "gamma": 0.0033457594246883394}, "datetime": {"datetime": "2021-09-29 21:52:22", "elapsed": 161.843281, "delta": 1.405119}}
{"target": -59.89116208095546, "params": {"C": 207.48031624350227, "epsilon": 0.14188993011128267, "gamma": 0.015618063711171817}, "datetime": {"datetime": "2021-09-29 21:52:24", "elapsed": 163.616703, "delta": 1.773422}}
{"target": -56.92830262649431, "params": {"C": 299.8923985417275, "epsilon": 0.11450427775880037, "gamma": 0.0028537884022555122}, "datetime": {"datetime": "2021-09-29 21:52:25", "elapsed": 164.90918, "delta": 1.292477}}
{"target": -55.85217960135992, "params": {"C": 259.95279493593154, "epsilon": 2.0017086155743473, "gamma": 0.0010844523749134135}, "datetime": {"datetime": "2021-09-29 21:52:27", "elapsed": 166.207397, "delta": 1.298217}}
{"target": -59.21337675469057, "params": {"C": 213.26398744010962, "epsilon": 1.311895567750325, "gamma": 0.011872688343750576}, "datetime": {"datetime": "2021-09-29 21:52:28", "elapsed": 167.609107, "delta": 1.40171}}
{"target": -58.67218205800114, "params": {"C": 263.70176184827056, "epsilon": 1.3586217609876716, "gamma": 0.00816195828788139}, "datetime": {"datetime": "2021-09-29 21:52:29", "elapsed": 168.719731, "delta": 1.110624}}
{"target": -55.08976344918239, "params": {"C": 210.00119760680764, "epsilon": 1.541499851408484, "gamma": 0.0005480734853435807}, "datetime": {"datetime": "2021-09-29 21:52:30", "elapsed": 169.838734, "delta": 1.119003}}
{"target": -59.15944846427173, "params": {"C": 295.7839103337983, "epsilon": 2.4206707895076103, "gamma": 0.01257217591941597}, "datetime": {"datetime": "2021-09-29 21:52:31", "elapsed": 171.010583, "delta": 1.171849}}
{"target": -60.65875122487942, "params": {"C": 297.82300844588394, "epsilon": 1.2369986386141127, "gamma": 0.016793773692471307}, "datetime": {"datetime": "2021-09-29 21:52:33", "elapsed": 172.152436, "delta": 1.141853}}
{"target": -59.12765328516233, "params": {"C": 286.8082711265246, "epsilon": 2.0531412145788903, "gamma": 0.012822536212472873}, "datetime": {"datetime": "2021-09-29 21:52:34", "elapsed": 173.389435, "delta": 1.236999}}
