{"target": -57.12704550536354, "params": {"C": 119.53451923531999, "epsilon": 1.8685206966833863, "gamma": 0.009460295649019535}, "datetime": {"datetime": "2021-09-29 21:48:12", "elapsed": 0.467036, "delta": 0.095998}}
{"target": -59.55142406682049, "params": {"C": 181.73738082368385, "epsilon": 0.16607892240638816, "gamma": 0.017456332238446615}, "datetime": {"datetime": "2021-09-29 21:48:12", "elapsed": 0.550004, "delta": 0.082968}}
{"target": -57.11587719088407, "params": {"C": 112.98717902828896, "epsilon": 1.8613806317711206, "gamma": 0.009573499755206617}, "datetime": {"datetime": "2021-09-29 21:48:13", "elapsed": 0.795804, "delta": 0.2458}}
{"target": -57.96160956566537, "params": {"C": 120.47139584708911, "epsilon": 1.7991836915952841, "gamma": 0.012117877592259234}, "datetime": {"datetime": "2021-09-29 21:48:13", "elapsed": 0.881806, "delta": 0.086002}}
{"target": -56.58107861805863, "params": {"C": 111.99938354946657, "epsilon": 1.2184558072790672, "gamma": 0.007547561042410339}, "datetime": {"datetime": "2021-09-29 21:48:13", "elapsed": 0.975769, "delta": 0.093963}}
{"target": -59.04419850573209, "params": {"C": 113.8654694941486, "epsilon": 1.4221405015633612, "gamma": 0.017560696892897718}, "datetime": {"datetime": "2021-09-29 21:48:13", "elapsed": 1.0778, "delta": 0.102031}}
{"target": -52.51132481951603, "params": {"C": 148.63593535745414, "epsilon": 2.683484214350215, "gamma": 0.00033937908968912576}, "datetime": {"datetime": "2021-09-29 21:48:13", "elapsed": 1.159799, "delta": 0.081999}}
{"target": -58.056781399897595, "params": {"C": 116.65345634098061, "epsilon": 1.0331012129809096, "gamma": 0.013334405360473287}, "datetime": {"datetime": "2021-09-29 21:48:13", "elapsed": 1.284775, "delta": 0.124976}}
{"target": -58.18376383417987, "params": {"C": 138.23328450754593, "epsilon": 0.3253068894190921, "gamma": 0.013706586519931898}, "datetime": {"datetime": "2021-09-29 21:48:13", "elapsed": 1.375762, "delta": 0.090987}}
{"target": -56.09740804596315, "params": {"C": 140.4472216470425, "epsilon": 1.9097195876615638, "gamma": 0.0049540024312172215}, "datetime": {"datetime": "2021-09-29 21:48:13", "elapsed": 1.476767, "delta": 0.101005}}
{"target": -58.43599634370317, "params": {"C": 181.99555807028048, "epsilon": 1.4840572586598495, "gamma": 0.01336291911598344}, "datetime": {"datetime": "2021-09-29 21:48:13", "elapsed": 1.571025, "delta": 0.094258}}
{"target": -56.634562716403536, "params": {"C": 111.7558619454409, "epsilon": 1.3027315680376776, "gamma": 0.007891381205959617}, "datetime": {"datetime": "2021-09-29 21:48:14", "elapsed": 1.716015, "delta": 0.14499}}
{"target": -54.02768124534079, "params": {"C": 117.95858496475853, "epsilon": 1.0456028732897633, "gamma": 0.0019865818557357256}, "datetime": {"datetime": "2021-09-29 21:48:14", "elapsed": 1.807019, "delta": 0.091004}}
{"target": -55.98700073791218, "params": {"C": 136.44313691388973, "epsilon": 1.7851779388311744, "gamma": 0.0037810523809718153}, "datetime": {"datetime": "2021-09-29 21:48:14", "elapsed": 1.920057, "delta": 0.113038}}
{"target": -53.07571111573676, "params": {"C": 112.55584692631999, "epsilon": 1.9195860370103888, "gamma": 0.0014255583426726645}, "datetime": {"datetime": "2021-09-29 21:48:14", "elapsed": 2.021053, "delta": 0.100996}}
{"target": -56.23786998488916, "params": {"C": 171.44220178917982, "epsilon": 0.655085242019186, "gamma": 0.005739136045485856}, "datetime": {"datetime": "2021-09-29 21:48:14", "elapsed": 2.148016, "delta": 0.126963}}
{"target": -52.90204105297233, "params": {"C": 104.7275010581174, "epsilon": 2.607794038672715, "gamma": 0.001339316922328013}, "datetime": {"datetime": "2021-09-29 21:48:14", "elapsed": 2.272026, "delta": 0.12401}}
{"target": -59.01458857281635, "params": {"C": 131.5360171973867, "epsilon": 1.2714453026856434, "gamma": 0.01683725664196064}, "datetime": {"datetime": "2021-09-29 21:48:14", "elapsed": 2.404017, "delta": 0.131991}}
{"target": -56.027038174798214, "params": {"C": 124.22390454881021, "epsilon": 1.4945800325573286, "gamma": 0.003847502511704703}, "datetime": {"datetime": "2021-09-29 21:48:14", "elapsed": 2.530024, "delta": 0.126007}}
{"target": -56.246515061292776, "params": {"C": 110.1215044845265, "epsilon": 2.0896234248781353, "gamma": 0.006498175001818595}, "datetime": {"datetime": "2021-09-29 21:48:14", "elapsed": 2.660066, "delta": 0.130042}}
{"target": -57.97314857755784, "params": {"C": 130.77398426100152, "epsilon": 1.9535201485429579, "gamma": 0.01176021141581667}, "datetime": {"datetime": "2021-09-29 21:48:15", "elapsed": 2.792016, "delta": 0.13195}}
{"target": -56.17957213251915, "params": {"C": 125.21083219312956, "epsilon": 1.814212246318266, "gamma": 0.004099285245987842}, "datetime": {"datetime": "2021-09-29 21:48:15", "elapsed": 2.914021, "delta": 0.122005}}
{"target": -54.099853683684444, "params": {"C": 130.72367288223234, "epsilon": 2.6561723705121745, "gamma": 0.0017883895509938534}, "datetime": {"datetime": "2021-09-29 21:48:15", "elapsed": 3.206019, "delta": 0.291998}}
{"target": -54.375884686709654, "params": {"C": 101.17298404436362, "epsilon": 2.7739297345118565, "gamma": 0.002544221761947673}, "datetime": {"datetime": "2021-09-29 21:48:15", "elapsed": 3.33902, "delta": 0.133001}}
{"target": -58.02926136464808, "params": {"C": 110.33064923926845, "epsilon": 2.6948660554966293, "gamma": 0.012334816235548279}, "datetime": {"datetime": "2021-09-29 21:48:15", "elapsed": 3.499025, "delta": 0.160005}}
{"target": -51.41514562448051, "params": {"C": 166.55175720133923, "epsilon": 2.1327357943067535, "gamma": 0.0003932240473311522}, "datetime": {"datetime": "2021-09-29 21:48:15", "elapsed": 3.64363, "delta": 0.144605}}
{"target": -56.42144335696779, "params": {"C": 186.7800807960191, "epsilon": 2.850673809321771, "gamma": 0.005193352313960627}, "datetime": {"datetime": "2021-09-29 21:48:16", "elapsed": 3.809636, "delta": 0.166006}}
{"target": -56.27945934285393, "params": {"C": 167.146053052103, "epsilon": 0.7850309877859607, "gamma": 0.005512589322176507}, "datetime": {"datetime": "2021-09-29 21:48:16", "elapsed": 3.962284, "delta": 0.152648}}
{"target": -59.72942049206672, "params": {"C": 174.43497294498053, "epsilon": 2.084708462547635, "gamma": 0.018817229828041404}, "datetime": {"datetime": "2021-09-29 21:48:16", "elapsed": 4.101822, "delta": 0.139538}}
{"target": -55.97297659505999, "params": {"C": 133.5299962314615, "epsilon": 0.43812491821456806, "gamma": 0.003179976723862962}, "datetime": {"datetime": "2021-09-29 21:48:16", "elapsed": 4.273824, "delta": 0.172002}}
{"target": -57.856867053844304, "params": {"C": 120.53927151770134, "epsilon": 0.2814981325174104, "gamma": 0.01337896019931225}, "datetime": {"datetime": "2021-09-29 21:48:16", "elapsed": 4.428821, "delta": 0.154997}}
{"target": -57.678165913809956, "params": {"C": 152.4576326366972, "epsilon": 2.0253288940903116, "gamma": 0.010806241580433813}, "datetime": {"datetime": "2021-09-29 21:48:16", "elapsed": 4.607822, "delta": 0.179001}}
{"target": -56.446436868876695, "params": {"C": 178.77900849471519, "epsilon": 0.8703209606649133, "gamma": 0.006669031789573749}, "datetime": {"datetime": "2021-09-29 21:48:17", "elapsed": 4.812491, "delta": 0.204669}}
{"target": -56.563513651986554, "params": {"C": 165.5845370273073, "epsilon": 0.7730199081377901, "gamma": 0.007724007090947494}, "datetime": {"datetime": "2021-09-29 21:48:17", "elapsed": 5.026454, "delta": 0.213963}}
{"target": -58.77073501673505, "params": {"C": 130.60867376792874, "epsilon": 2.230095862435162, "gamma": 0.015475248161549297}, "datetime": {"datetime": "2021-09-29 21:48:17", "elapsed": 5.220456, "delta": 0.194002}}
{"target": -57.56553282167858, "params": {"C": 160.02789636063474, "epsilon": 2.0313768569886133, "gamma": 0.010544885959303515}, "datetime": {"datetime": "2021-09-29 21:48:17", "elapsed": 5.46745, "delta": 0.246994}}
{"target": -53.95018154924907, "params": {"C": 181.76683873068666, "epsilon": 0.5667126374936095, "gamma": 0.0014711914382148346}, "datetime": {"datetime": "2021-09-29 21:48:18", "elapsed": 5.691763, "delta": 0.224313}}
{"target": -58.18123905953184, "params": {"C": 151.8172534439786, "epsilon": 0.15404956761187458, "gamma": 0.013798380052113066}, "datetime": {"datetime": "2021-09-29 21:48:18", "elapsed": 5.919756, "delta": 0.227993}}
{"target": -58.29210742000519, "params": {"C": 116.4987809259163, "epsilon": 0.8900300138411679, "gamma": 0.014330251037188277}, "datetime": {"datetime": "2021-09-29 21:48:18", "elapsed": 6.09776, "delta": 0.178004}}
{"target": -56.19064740125148, "params": {"C": 196.55277175117618, "epsilon": 1.8968558098374024, "gamma": 0.004139899447473693}, "datetime": {"datetime": "2021-09-29 21:48:18", "elapsed": 6.295288, "delta": 0.197528}}
{"target": -57.09349089609896, "params": {"C": 180.4298719885653, "epsilon": 1.4978267098612934, "gamma": 0.008259575016639063}, "datetime": {"datetime": "2021-09-29 21:48:18", "elapsed": 6.481283, "delta": 0.185995}}
{"target": -56.15510341471157, "params": {"C": 107.74655635692443, "epsilon": 0.7860821642803935, "gamma": 0.0049205454961817946}, "datetime": {"datetime": "2021-09-29 21:48:18", "elapsed": 6.665281, "delta": 0.183998}}
{"target": -60.153919355853226, "params": {"C": 197.90217067214144, "epsilon": 0.6880866401685491, "gamma": 0.019967484901747722}, "datetime": {"datetime": "2021-09-29 21:48:19", "elapsed": 6.859282, "delta": 0.194001}}
{"target": -56.252254752328525, "params": {"C": 101.91792665031588, "epsilon": 2.0403282937921197, "gamma": 0.006801884823632375}, "datetime": {"datetime": "2021-09-29 21:48:19", "elapsed": 7.137297, "delta": 0.278015}}
{"target": -59.52978495378726, "params": {"C": 164.69218673535443, "epsilon": 0.23911990776024972, "gamma": 0.017738528119814658}, "datetime": {"datetime": "2021-09-29 21:48:19", "elapsed": 7.385302, "delta": 0.248005}}
{"target": -58.81017989298212, "params": {"C": 188.56627482350007, "epsilon": 1.5448290085749101, "gamma": 0.014136181599351436}, "datetime": {"datetime": "2021-09-29 21:48:19", "elapsed": 7.647481, "delta": 0.262179}}
{"target": -59.986972604942366, "params": {"C": 182.18986477391314, "epsilon": 2.861399223644007, "gamma": 0.019766897912839552}, "datetime": {"datetime": "2021-09-29 21:48:20", "elapsed": 7.86806, "delta": 0.220579}}
{"target": -59.46076147076857, "params": {"C": 151.60735181969616, "epsilon": 2.1349471643283184, "gamma": 0.017962119589957776}, "datetime": {"datetime": "2021-09-29 21:48:20", "elapsed": 8.117124, "delta": 0.249064}}
{"target": -53.0946438609036, "params": {"C": 199.89601908462464, "epsilon": 0.10479302037077276, "gamma": 0.0009207598715456281}, "datetime": {"datetime": "2021-09-29 21:48:20", "elapsed": 8.302624, "delta": 0.1855}}
{"target": -58.37159694134263, "params": {"C": 183.96193331516923, "epsilon": 2.117010242609934, "gamma": 0.012688232645040516}, "datetime": {"datetime": "2021-09-29 21:48:20", "elapsed": 8.502427, "delta": 0.199803}}
{"target": -57.82474807115108, "params": {"C": 191.2436206674966, "epsilon": 0.41898159805352564, "gamma": 0.011543428065678034}, "datetime": {"datetime": "2021-09-29 21:48:21", "elapsed": 8.723446, "delta": 0.221019}}
{"target": -59.531975977982476, "params": {"C": 194.49791712262052, "epsilon": 0.3571942219110591, "gamma": 0.017279275838156256}, "datetime": {"datetime": "2021-09-29 21:48:21", "elapsed": 8.963924, "delta": 0.240478}}
{"target": -56.14434067277616, "params": {"C": 107.47976912884403, "epsilon": 0.12963015692099478, "gamma": 0.004456194309486207}, "datetime": {"datetime": "2021-09-29 21:48:21", "elapsed": 9.213924, "delta": 0.25}}
{"target": -59.25561278938528, "params": {"C": 197.31992893698668, "epsilon": 0.43031738889370913, "gamma": 0.015917435415181782}, "datetime": {"datetime": "2021-09-29 21:48:21", "elapsed": 9.492923, "delta": 0.278999}}
{"target": -57.73176409900665, "params": {"C": 135.5337729215542, "epsilon": 2.9966279653481855, "gamma": 0.010353539841787319}, "datetime": {"datetime": "2021-09-29 21:48:22", "elapsed": 9.743232, "delta": 0.250309}}
{"target": -55.774402546740575, "params": {"C": 147.19945651852768, "epsilon": 2.4371459261236503, "gamma": 0.003344087112187644}, "datetime": {"datetime": "2021-09-29 21:48:22", "elapsed": 9.996236, "delta": 0.253004}}
{"target": -57.13600892743595, "params": {"C": 188.80154441433393, "epsilon": 1.9140642534327867, "gamma": 0.007936286649045988}, "datetime": {"datetime": "2021-09-29 21:48:22", "elapsed": 10.219231, "delta": 0.222995}}
{"target": -55.57877810088825, "params": {"C": 128.89604929652018, "epsilon": 2.555503133656325, "gamma": 0.003174764957593844}, "datetime": {"datetime": "2021-09-29 21:48:22", "elapsed": 10.42223, "delta": 0.202999}}
{"target": -58.117107814420564, "params": {"C": 167.5127305377054, "epsilon": 0.2647041543857846, "gamma": 0.013174165174839299}, "datetime": {"datetime": "2021-09-29 21:48:22", "elapsed": 10.663841, "delta": 0.241611}}
{"target": -58.338559882245264, "params": {"C": 155.81688240969163, "epsilon": 1.9588346028064192, "gamma": 0.012917378207171733}, "datetime": {"datetime": "2021-09-29 21:48:23", "elapsed": 10.901664, "delta": 0.237823}}
{"target": -56.232895023554974, "params": {"C": 152.68853272158904, "epsilon": 1.7387083663208582, "gamma": 0.005450197756204978}, "datetime": {"datetime": "2021-09-29 21:48:23", "elapsed": 11.147661, "delta": 0.245997}}
{"target": -57.27570991741244, "params": {"C": 122.18159258720921, "epsilon": 0.27419253127035376, "gamma": 0.011588612347569815}, "datetime": {"datetime": "2021-09-29 21:48:23", "elapsed": 11.435665, "delta": 0.288004}}
{"target": -58.888718749568305, "params": {"C": 161.0631063624024, "epsilon": 1.9687152293783519, "gamma": 0.015101473104395509}, "datetime": {"datetime": "2021-09-29 21:48:23", "elapsed": 11.650345, "delta": 0.21468}}
{"target": -56.564523468559216, "params": {"C": 161.19661073827754, "epsilon": 0.8155660710688383, "gamma": 0.00779051126581334}, "datetime": {"datetime": "2021-09-29 21:48:24", "elapsed": 11.915815, "delta": 0.26547}}
{"target": -58.137641839757634, "params": {"C": 108.99784896706744, "epsilon": 2.231376084432659, "gamma": 0.013055058099965926}, "datetime": {"datetime": "2021-09-29 21:48:24", "elapsed": 12.187825, "delta": 0.27201}}
{"target": -56.08511760797008, "params": {"C": 164.97260830919788, "epsilon": 2.4800834814755865, "gamma": 0.00441803635530125}, "datetime": {"datetime": "2021-09-29 21:48:24", "elapsed": 12.457632, "delta": 0.269807}}
{"target": -58.7819763264933, "params": {"C": 135.22696703559043, "epsilon": 0.5459844528771801, "gamma": 0.0160018725337345}, "datetime": {"datetime": "2021-09-29 21:48:25", "elapsed": 12.82564, "delta": 0.368008}}
{"target": -54.47970873043775, "params": {"C": 177.60426041637953, "epsilon": 2.5271254073921154, "gamma": 0.0016315378691899487}, "datetime": {"datetime": "2021-09-29 21:48:25", "elapsed": 13.122669, "delta": 0.297029}}
{"target": -56.49802715996266, "params": {"C": 176.70159705701315, "epsilon": 1.4158674670097497, "gamma": 0.0059753309541268305}, "datetime": {"datetime": "2021-09-29 21:48:25", "elapsed": 13.407638, "delta": 0.284969}}
{"target": -53.61151650898231, "params": {"C": 122.62426637239457, "epsilon": 1.2113137792135218, "gamma": 0.0015997442947665048}, "datetime": {"datetime": "2021-09-29 21:48:26", "elapsed": 13.738302, "delta": 0.330664}}
{"target": -56.753378126193255, "params": {"C": 111.26070415034873, "epsilon": 1.0729768704008404, "gamma": 0.00888496125409186}, "datetime": {"datetime": "2021-09-29 21:48:26", "elapsed": 14.028343, "delta": 0.290041}}
{"target": -59.76311649512722, "params": {"C": 174.9373449277455, "epsilon": 2.6773367360312865, "gamma": 0.01900049194446545}, "datetime": {"datetime": "2021-09-29 21:48:26", "elapsed": 14.342203, "delta": 0.31386}}
{"target": -57.627071135016074, "params": {"C": 112.35378320470377, "epsilon": 1.312857292129212, "gamma": 0.012065917844100615}, "datetime": {"datetime": "2021-09-29 21:48:27", "elapsed": 14.716237, "delta": 0.374034}}
{"target": -56.63797080964215, "params": {"C": 107.65925951294247, "epsilon": 1.434774124710005, "gamma": 0.007684262716887851}, "datetime": {"datetime": "2021-09-29 21:48:27", "elapsed": 15.035668, "delta": 0.319431}}
{"target": -59.11958433838682, "params": {"C": 131.49730176675513, "epsilon": 0.8469460777458394, "gamma": 0.01730437378943754}, "datetime": {"datetime": "2021-09-29 21:48:27", "elapsed": 15.308965, "delta": 0.273297}}
{"target": -59.39712960451384, "params": {"C": 148.1279683941506, "epsilon": 1.6220976471454234, "gamma": 0.017985298774100125}, "datetime": {"datetime": "2021-09-29 21:48:27", "elapsed": 15.67398, "delta": 0.365015}}
{"target": -56.920504502292125, "params": {"C": 151.57824125144015, "epsilon": 0.41682191923315226, "gamma": 0.009189327442368273}, "datetime": {"datetime": "2021-09-29 21:48:28", "elapsed": 15.987526, "delta": 0.313546}}
{"target": -57.24348261429114, "params": {"C": 196.30459337562417, "epsilon": 1.6137810250154352, "gamma": 0.009709316114238776}, "datetime": {"datetime": "2021-09-29 21:48:28", "elapsed": 16.242652, "delta": 0.255126}}
{"target": -57.29605377691428, "params": {"C": 129.6942914785209, "epsilon": 2.206694261726618, "gamma": 0.009494660748485251}, "datetime": {"datetime": "2021-09-29 21:48:28", "elapsed": 16.595018, "delta": 0.352366}}
{"target": -57.866539530276874, "params": {"C": 173.70439459326212, "epsilon": 1.102984223076161, "gamma": 0.011572941393896597}, "datetime": {"datetime": "2021-09-29 21:48:29", "elapsed": 16.867013, "delta": 0.271995}}
{"target": -57.276562396494015, "params": {"C": 132.3292031283853, "epsilon": 0.5136741417503587, "gamma": 0.010904827110781947}, "datetime": {"datetime": "2021-09-29 21:48:29", "elapsed": 17.170988, "delta": 0.303975}}
{"target": -54.87233434009854, "params": {"C": 110.32321899948138, "epsilon": 2.188919082194781, "gamma": 0.003002829145115306}, "datetime": {"datetime": "2021-09-29 21:48:29", "elapsed": 17.442093, "delta": 0.271105}}
{"target": -59.50473445827404, "params": {"C": 194.51319986750332, "epsilon": 1.0363616657147892, "gamma": 0.01722543946008341}, "datetime": {"datetime": "2021-09-29 21:48:30", "elapsed": 17.697224, "delta": 0.255131}}
{"target": -57.73151796690319, "params": {"C": 161.23520342866664, "epsilon": 1.3659781696146527, "gamma": 0.011021493237225127}, "datetime": {"datetime": "2021-09-29 21:48:30", "elapsed": 18.014262, "delta": 0.317038}}
{"target": -57.319049769414654, "params": {"C": 102.3898698364335, "epsilon": 0.8030884262555791, "gamma": 0.011024845196235356}, "datetime": {"datetime": "2021-09-29 21:48:30", "elapsed": 18.336814, "delta": 0.322552}}
{"target": -58.695667136675965, "params": {"C": 130.03503839055202, "epsilon": 1.9707904458472028, "gamma": 0.015297551498076444}, "datetime": {"datetime": "2021-09-29 21:48:30", "elapsed": 18.658924, "delta": 0.32211}}
{"target": -59.20608750074876, "params": {"C": 109.82824096648328, "epsilon": 2.1816782728208612, "gamma": 0.01841258305461552}, "datetime": {"datetime": "2021-09-29 21:48:31", "elapsed": 18.932922, "delta": 0.273998}}
{"target": -59.03297298166552, "params": {"C": 105.26932658395675, "epsilon": 1.166473093366109, "gamma": 0.017854388163672227}, "datetime": {"datetime": "2021-09-29 21:48:31", "elapsed": 19.226838, "delta": 0.293916}}
{"target": -53.296893803796294, "params": {"C": 106.70039055318603, "epsilon": 2.4886409624770285, "gamma": 0.0015188592964651632}, "datetime": {"datetime": "2021-09-29 21:48:31", "elapsed": 19.634254, "delta": 0.407416}}
{"target": -58.89901607296605, "params": {"C": 155.61050587180878, "epsilon": 1.2130656822276833, "gamma": 0.015611053062328604}, "datetime": {"datetime": "2021-09-29 21:48:32", "elapsed": 19.923532, "delta": 0.289278}}
{"target": -58.86033655056173, "params": {"C": 129.12159788585643, "epsilon": 0.31308350108532274, "gamma": 0.01661380644209306}, "datetime": {"datetime": "2021-09-29 21:48:32", "elapsed": 20.206862, "delta": 0.28333}}
{"target": -57.47324716811437, "params": {"C": 150.9966572652231, "epsilon": 0.216478223015621, "gamma": 0.011246472979698186}, "datetime": {"datetime": "2021-09-29 21:48:32", "elapsed": 20.501536, "delta": 0.294674}}
{"target": -55.850711724507754, "params": {"C": 199.01250314551464, "epsilon": 2.2349506742900074, "gamma": 0.0029097159556015478}, "datetime": {"datetime": "2021-09-29 21:48:33", "elapsed": 20.77177, "delta": 0.270234}}
{"target": -56.50541098488835, "params": {"C": 117.8589802417522, "epsilon": 1.4929493977409665, "gamma": 0.007182079325815197}, "datetime": {"datetime": "2021-09-29 21:48:33", "elapsed": 21.061568, "delta": 0.289798}}
{"target": -57.66043295343209, "params": {"C": 149.43823828108447, "epsilon": 2.489684567151519, "gamma": 0.010931817682504133}, "datetime": {"datetime": "2021-09-29 21:48:33", "elapsed": 21.42547, "delta": 0.363902}}
{"target": -58.46242680053471, "params": {"C": 146.17831182592158, "epsilon": 2.1023664107193567, "gamma": 0.01357556027853924}, "datetime": {"datetime": "2021-09-29 21:48:34", "elapsed": 21.781441, "delta": 0.355971}}
{"target": -55.28376360899927, "params": {"C": 186.06071490993673, "epsilon": 1.7284343022671822, "gamma": 0.00214338459434323}, "datetime": {"datetime": "2021-09-29 21:48:34", "elapsed": 22.124479, "delta": 0.343038}}
{"target": -57.46500037663629, "params": {"C": 118.19637477438263, "epsilon": 1.4781583959854874, "gamma": 0.00018131854723351423}, "datetime": {"datetime": "2021-09-29 21:48:34", "elapsed": 22.442558, "delta": 0.318079}}
{"target": -54.58348710744054, "params": {"C": 156.5310520851828, "epsilon": 2.6544322686201993, "gamma": 0.00018327971759384787}, "datetime": {"datetime": "2021-09-29 21:48:35", "elapsed": 22.825484, "delta": 0.382926}}
{"target": -57.80137495675134, "params": {"C": 138.33081446464, "epsilon": 2.211222898075172, "gamma": 0.010857834303252179}, "datetime": {"datetime": "2021-09-29 21:48:35", "elapsed": 23.222483, "delta": 0.396999}}
