{"target": -57.06092738015822, "params": {"C": 38.31886367740501, "epsilon": 2.9206982822666516, "gamma": 0.023641521555958316}, "datetime": {"datetime": "2021-09-29 20:55:59", "elapsed": 39.298655, "delta": 0.482005}}
{"target": -56.90049731521333, "params": {"C": 36.00486474055025, "epsilon": 1.1904499153385006, "gamma": 0.0220796517380932}, "datetime": {"datetime": "2021-09-29 20:55:59", "elapsed": 39.91965, "delta": 0.620995}}
{"target": -57.03948847019218, "params": {"C": 35.26407554784273, "epsilon": 0.0587948749703033, "gamma": 0.025261779525730575}, "datetime": {"datetime": "2021-09-29 20:56:00", "elapsed": 40.572977, "delta": 0.653327}}
{"target": -70.30270120508739, "params": {"C": 52.3641119419473, "epsilon": 0.001, "gamma": 0.0001}, "datetime": {"datetime": "2021-09-29 20:56:00", "elapsed": 41.043973, "delta": 0.470996}}
{"target": -59.15242045333764, "params": {"C": 95.96433915723085, "epsilon": 2.9855935438107526, "gamma": 0.033278897863196454}, "datetime": {"datetime": "2021-09-29 20:56:01", "elapsed": 41.629975, "delta": 0.586002}}
{"target": -66.86032026730875, "params": {"C": 95.02614431269213, "epsilon": 0.001, "gamma": 0.0001}, "datetime": {"datetime": "2021-09-29 20:56:02", "elapsed": 42.172208, "delta": 0.542233}}
{"target": -56.237850399307646, "params": {"C": 88.88938817393202, "epsilon": 0.10628245017409091, "gamma": 0.008279588835419852}, "datetime": {"datetime": "2021-09-29 20:56:02", "elapsed": 42.746213, "delta": 0.574005}}
{"target": -60.89798675088262, "params": {"C": 90.19837985895617, "epsilon": 0.001, "gamma": 0.05}, "datetime": {"datetime": "2021-09-29 20:56:03", "elapsed": 43.372895, "delta": 0.626682}}
{"target": -67.5274463674574, "params": {"C": 87.6390473081965, "epsilon": 0.001, "gamma": 0.0001}, "datetime": {"datetime": "2021-09-29 20:56:03", "elapsed": 43.937895, "delta": 0.565}}
{"target": -56.79429654416448, "params": {"C": 68.10987151203373, "epsilon": 1.5002210573293784, "gamma": 0.011516467309772642}, "datetime": {"datetime": "2021-09-29 20:56:04", "elapsed": 44.406617, "delta": 0.468722}}
{"target": -56.52629553156719, "params": {"C": 89.30394255781923, "epsilon": 1.1810903030086533, "gamma": 0.007648132130914653}, "datetime": {"datetime": "2021-09-29 20:56:04", "elapsed": 44.940614, "delta": 0.533997}}
{"target": -56.22840920341139, "params": {"C": 39.799444653219595, "epsilon": 1.0883767271796945, "gamma": 0.011863675989015911}, "datetime": {"datetime": "2021-09-29 20:56:05", "elapsed": 45.621623, "delta": 0.681009}}
{"target": -60.643938272638565, "params": {"C": 98.57793454381324, "epsilon": 2.894989517240244, "gamma": 0.044711551879060445}, "datetime": {"datetime": "2021-09-29 20:56:06", "elapsed": 46.184084, "delta": 0.562461}}
{"target": -59.343236521421176, "params": {"C": 49.38134846477484, "epsilon": 3.0, "gamma": 0.05}, "datetime": {"datetime": "2021-09-29 20:56:06", "elapsed": 46.684081, "delta": 0.499997}}
{"target": -56.062553321890974, "params": {"C": 7.236313075120595, "epsilon": 2.4540712160456315, "gamma": 0.013554057808777619}, "datetime": {"datetime": "2021-09-29 20:56:07", "elapsed": 47.215085, "delta": 0.531004}}
{"target": -67.6232599460712, "params": {"C": 80.24060710906208, "epsilon": 3.0, "gamma": 0.0001}, "datetime": {"datetime": "2021-09-29 20:56:07", "elapsed": 47.807081, "delta": 0.591996}}
{"target": -55.941466004005456, "params": {"C": 35.00631242648735, "epsilon": 2.0551339455813364, "gamma": 0.011896359805741677}, "datetime": {"datetime": "2021-09-29 20:56:08", "elapsed": 48.38247, "delta": 0.575389}}
{"target": -57.4732787955825, "params": {"C": 34.6527307867228, "epsilon": 0.9525565215689088, "gamma": 0.034173213328660565}, "datetime": {"datetime": "2021-09-29 20:56:08", "elapsed": 48.913469, "delta": 0.530999}}
{"target": -57.5186485697517, "params": {"C": 34.548564508473625, "epsilon": 2.994707036782383, "gamma": 0.031778445971871266}, "datetime": {"datetime": "2021-09-29 20:56:09", "elapsed": 49.515465, "delta": 0.601996}}
{"target": -57.735475658286475, "params": {"C": 72.6033337742871, "epsilon": 0.004508552246063432, "gamma": 0.017545268076141093}, "datetime": {"datetime": "2021-09-29 20:56:09", "elapsed": 50.053676, "delta": 0.538211}}
{"target": -60.55653372886418, "params": {"C": 74.1815932529276, "epsilon": 0.001, "gamma": 0.05}, "datetime": {"datetime": "2021-09-29 20:56:10", "elapsed": 50.651676, "delta": 0.598}}
{"target": -68.99363605954628, "params": {"C": 71.08714918445243, "epsilon": 0.001, "gamma": 0.0001}, "datetime": {"datetime": "2021-09-29 20:56:11", "elapsed": 51.253674, "delta": 0.601998}}
{"target": -56.13228413754271, "params": {"C": 21.50595016030355, "epsilon": 0.9766290318646895, "gamma": 0.026630889304273306}, "datetime": {"datetime": "2021-09-29 20:56:11", "elapsed": 51.882677, "delta": 0.629003}}
{"target": -69.74188919546769, "params": {"C": 60.602776725190616, "epsilon": 0.001, "gamma": 0.0001}, "datetime": {"datetime": "2021-09-29 20:56:12", "elapsed": 52.350158, "delta": 0.467481}}
{"target": -59.41389363527123, "params": {"C": 54.39597371089367, "epsilon": 3.0, "gamma": 0.05}, "datetime": {"datetime": "2021-09-29 20:56:12", "elapsed": 52.997164, "delta": 0.647006}}
{"target": -59.9338779169886, "params": {"C": 56.17240935783572, "epsilon": 0.001, "gamma": 0.05}, "datetime": {"datetime": "2021-09-29 20:56:13", "elapsed": 53.633813, "delta": 0.636649}}
{"target": -58.53619735178819, "params": {"C": 93.78462049559415, "epsilon": 2.9896365449017934, "gamma": 0.02045670563792445}, "datetime": {"datetime": "2021-09-29 20:56:14", "elapsed": 54.192512, "delta": 0.558699}}
{"target": -65.22271913320682, "params": {"C": 49.01991304426157, "epsilon": 0.13894592125640964, "gamma": 0.00024438531275696677}, "datetime": {"datetime": "2021-09-29 20:56:14", "elapsed": 54.820516, "delta": 0.628004}}
{"target": -55.36832836853666, "params": {"C": 51.387773097775295, "epsilon": 2.96636008545816, "gamma": 0.005510476800991582}, "datetime": {"datetime": "2021-09-29 20:56:15", "elapsed": 55.507509, "delta": 0.686993}}
{"target": -59.23686451235582, "params": {"C": 52.59574874804525, "epsilon": 2.8770739326040986, "gamma": 0.04583554150856563}, "datetime": {"datetime": "2021-09-29 20:56:16", "elapsed": 56.142711, "delta": 0.635202}}
{"target": -58.790495044765755, "params": {"C": 50.633535525660044, "epsilon": 2.1244886752690855, "gamma": 0.03902836407402106}, "datetime": {"datetime": "2021-09-29 20:56:16", "elapsed": 56.881702, "delta": 0.738991}}
{"target": -58.474930932634564, "params": {"C": 61.76141822346932, "epsilon": 2.871549505457769, "gamma": 0.028098239921082176}, "datetime": {"datetime": "2021-09-29 20:56:17", "elapsed": 57.471708, "delta": 0.590006}}
{"target": -73.13157390013818, "params": {"C": 7.3475684154129395, "epsilon": 0.001, "gamma": 0.0001}, "datetime": {"datetime": "2021-09-29 20:56:17", "elapsed": 58.04738, "delta": 0.575672}}
{"target": -54.933290207260455, "params": {"C": 7.064656319390508, "epsilon": 1.0528122735890102, "gamma": 0.04531976129586377}, "datetime": {"datetime": "2021-09-29 20:56:18", "elapsed": 58.815529, "delta": 0.768149}}
{"target": -54.83366077811341, "params": {"C": 6.522229288655934, "epsilon": 0.5871481820321955, "gamma": 0.04739925146252949}, "datetime": {"datetime": "2021-09-29 20:56:19", "elapsed": 59.601529, "delta": 0.786}}
{"target": -53.917349659121186, "params": {"C": 8.186937107254986, "epsilon": 1.8383933318375127, "gamma": 0.03102095529184058}, "datetime": {"datetime": "2021-09-29 20:56:20", "elapsed": 60.294734, "delta": 0.693205}}
{"target": -57.48485969946715, "params": {"C": 5.81594706677235, "epsilon": 0.5435000036046107, "gamma": 0.011216270709979279}, "datetime": {"datetime": "2021-09-29 20:56:20", "elapsed": 61.034732, "delta": 0.739998}}
{"target": -55.01222777269741, "params": {"C": 12.233936078378052, "epsilon": 2.422551706029646, "gamma": 0.029119074281869002}, "datetime": {"datetime": "2021-09-29 20:56:21", "elapsed": 61.553734, "delta": 0.519002}}
{"target": -60.79069913442752, "params": {"C": 99.43323471318432, "epsilon": 2.5791446210015185, "gamma": 0.04537085511644725}, "datetime": {"datetime": "2021-09-29 20:56:21", "elapsed": 62.039738, "delta": 0.486004}}
{"target": -55.87223800121591, "params": {"C": 24.099536149329495, "epsilon": 1.8753311603735114, "gamma": 0.017564104908314813}, "datetime": {"datetime": "2021-09-29 20:56:22", "elapsed": 62.796065, "delta": 0.756327}}
{"target": -57.00293893011027, "params": {"C": 43.02886959291403, "epsilon": 0.873279627844197, "gamma": 0.017505579102540646}, "datetime": {"datetime": "2021-09-29 20:56:23", "elapsed": 63.256661, "delta": 0.460596}}
{"target": -56.349229211145904, "params": {"C": 21.900729944577893, "epsilon": 2.2811312891947857, "gamma": 0.03812012205415443}, "datetime": {"datetime": "2021-09-29 20:56:24", "elapsed": 64.18691, "delta": 0.930249}}
{"target": -54.29435094489351, "params": {"C": 8.151906413506865, "epsilon": 0.5777536373112956, "gamma": 0.018027349676968944}, "datetime": {"datetime": "2021-09-29 20:56:24", "elapsed": 64.924909, "delta": 0.737999}}
{"target": -56.68240411316891, "params": {"C": 23.827553562284436, "epsilon": 0.0074472060424268845, "gamma": 0.03865828527946873}, "datetime": {"datetime": "2021-09-29 20:56:25", "elapsed": 65.410908, "delta": 0.485999}}
{"target": -58.19332755300941, "params": {"C": 54.87897485148052, "epsilon": 0.9393441892541812, "gamma": 0.029764155132357095}, "datetime": {"datetime": "2021-09-29 20:56:25", "elapsed": 65.95791, "delta": 0.547002}}
{"target": -56.444326397808574, "params": {"C": 24.344977114984545, "epsilon": 0.2642106968063856, "gamma": 0.024276686224346134}, "datetime": {"datetime": "2021-09-29 20:56:26", "elapsed": 66.835195, "delta": 0.877285}}
{"target": -57.14162748683249, "params": {"C": 41.264232644644665, "epsilon": 2.0673866734864936, "gamma": 0.021295395734539237}, "datetime": {"datetime": "2021-09-29 20:56:27", "elapsed": 67.353196, "delta": 0.518001}}
{"target": -54.62242349321858, "params": {"C": 6.636109970823675, "epsilon": 1.8837406403605763, "gamma": 0.020207623137466626}, "datetime": {"datetime": "2021-09-29 20:56:28", "elapsed": 68.316993, "delta": 0.963797}}
{"target": -53.987189774964776, "params": {"C": 10.902018469381494, "epsilon": 0.7197712560066247, "gamma": 0.026180003898633133}, "datetime": {"datetime": "2021-09-29 20:56:29", "elapsed": 69.218002, "delta": 0.901009}}
{"target": -56.81320506680909, "params": {"C": 10.332922847713675, "epsilon": 0.2638461706940408, "gamma": 0.006675854848072905}, "datetime": {"datetime": "2021-09-29 20:56:29", "elapsed": 69.930997, "delta": 0.712995}}
{"target": -54.360565842776474, "params": {"C": 10.651490933443533, "epsilon": 1.3805820613904847, "gamma": 0.013995636611774971}, "datetime": {"datetime": "2021-09-29 20:56:30", "elapsed": 70.870402, "delta": 0.939405}}
{"target": -54.57676729346134, "params": {"C": 16.36017508341645, "epsilon": 0.5576891021981281, "gamma": 0.014933721320444255}, "datetime": {"datetime": "2021-09-29 20:56:31", "elapsed": 71.595402, "delta": 0.725}}
{"target": -56.53814362231068, "params": {"C": 26.728008426215933, "epsilon": 2.2282105686026, "gamma": 0.030330089979900533}, "datetime": {"datetime": "2021-09-29 20:56:32", "elapsed": 72.453752, "delta": 0.85835}}
{"target": -56.09610398260304, "params": {"C": 4.464942030802302, "epsilon": 1.6794331860277232, "gamma": 0.025114725083540734}, "datetime": {"datetime": "2021-09-29 20:56:33", "elapsed": 73.196352, "delta": 0.7426}}
{"target": -73.90938193766137, "params": {"C": 5.347223210482588, "epsilon": 1.4126209716951976, "gamma": 0.0001}, "datetime": {"datetime": "2021-09-29 20:56:34", "elapsed": 74.161596, "delta": 0.965244}}
{"target": -54.85660753748468, "params": {"C": 7.663399206035767, "epsilon": 1.825107718220148, "gamma": 0.04088406263418759}, "datetime": {"datetime": "2021-09-29 20:56:34", "elapsed": 75.106591, "delta": 0.944995}}
{"target": -59.54371609471042, "params": {"C": 50.635454310209774, "epsilon": 2.1348508752826, "gamma": 0.04864465245577997}, "datetime": {"datetime": "2021-09-29 20:56:35", "elapsed": 75.646585, "delta": 0.539994}}
{"target": -53.769889683827046, "params": {"C": 8.588371310512311, "epsilon": 1.6709884620952888, "gamma": 0.023818543501653803}, "datetime": {"datetime": "2021-09-29 20:56:36", "elapsed": 76.64683, "delta": 1.000245}}
{"target": -55.75239084782719, "params": {"C": 8.239095352952692, "epsilon": 1.428351154124508, "gamma": 0.05}, "datetime": {"datetime": "2021-09-29 20:56:37", "elapsed": 77.489719, "delta": 0.842889}}
{"target": -55.574949703920154, "params": {"C": 50.51749244592166, "epsilon": 1.770173485536089, "gamma": 0.005336804909302332}, "datetime": {"datetime": "2021-09-29 20:56:38", "elapsed": 78.751924, "delta": 1.262205}}
{"target": -54.1349094904196, "params": {"C": 10.670488147948287, "epsilon": 0.9295431961300764, "gamma": 0.030534782610627614}, "datetime": {"datetime": "2021-09-29 20:56:39", "elapsed": 79.777923, "delta": 1.025999}}
{"target": -54.21131693087071, "params": {"C": 10.203311493108147, "epsilon": 1.304712701195232, "gamma": 0.03217686609314235}, "datetime": {"datetime": "2021-09-29 20:56:40", "elapsed": 80.98728, "delta": 1.209357}}
{"target": -59.6006968520357, "params": {"C": 72.15485799164193, "epsilon": 1.0999431681533998, "gamma": 0.03541893515241496}, "datetime": {"datetime": "2021-09-29 20:56:41", "elapsed": 81.515278, "delta": 0.527998}}
{"target": -58.5412662127502, "params": {"C": 9.018001769713138, "epsilon": 1.3902419344491335, "gamma": 0.005494089408986396}, "datetime": {"datetime": "2021-09-29 20:56:42", "elapsed": 82.599115, "delta": 1.083837}}
{"target": -54.67274206005888, "params": {"C": 6.59576438953669, "epsilon": 2.4001589594283175, "gamma": 0.030754781180869873}, "datetime": {"datetime": "2021-09-29 20:56:43", "elapsed": 83.813712, "delta": 1.214597}}
{"target": -58.05136280226304, "params": {"C": 33.49410860829159, "epsilon": 0.0448407603010918, "gamma": 0.04610365465106441}, "datetime": {"datetime": "2021-09-29 20:56:44", "elapsed": 84.394878, "delta": 0.581166}}
{"target": -55.571310470583434, "params": {"C": 8.34598207890504, "epsilon": 2.2544338241587987, "gamma": 0.046716322538748654}, "datetime": {"datetime": "2021-09-29 20:56:45", "elapsed": 85.474884, "delta": 1.080006}}
{"target": -58.513950068410104, "params": {"C": 72.12141962678761, "epsilon": 1.1352045489277627, "gamma": 0.028358382843303404}, "datetime": {"datetime": "2021-09-29 20:56:45", "elapsed": 86.007884, "delta": 0.533}}
{"target": -56.957570640078124, "params": {"C": 24.432990916939378, "epsilon": 1.3751524253015508, "gamma": 0.04630313396965001}, "datetime": {"datetime": "2021-09-29 20:56:46", "elapsed": 86.925065, "delta": 0.917181}}
{"target": -55.54367315644523, "params": {"C": 9.840683644367246, "epsilon": 0.9061747467081599, "gamma": 0.05}, "datetime": {"datetime": "2021-09-29 20:56:48", "elapsed": 88.219232, "delta": 1.294167}}
{"target": -56.60504520731892, "params": {"C": 23.917517573740003, "epsilon": 0.6269979753027782, "gamma": 0.04009530107376063}, "datetime": {"datetime": "2021-09-29 20:56:49", "elapsed": 89.502233, "delta": 1.283001}}
{"target": -54.977678178361145, "params": {"C": 16.296192721633673, "epsilon": 1.0436079790408201, "gamma": 0.016352761693122306}, "datetime": {"datetime": "2021-09-29 20:56:50", "elapsed": 90.490809, "delta": 0.988576}}
{"target": -57.08248268697271, "params": {"C": 5.365830424699594, "epsilon": 0.02091547480524631, "gamma": 0.013349662748823519}, "datetime": {"datetime": "2021-09-29 20:56:50", "elapsed": 91.107816, "delta": 0.617007}}
{"target": -54.547158480875744, "params": {"C": 13.551473191043435, "epsilon": 2.4688223999421, "gamma": 0.01998012900455371}, "datetime": {"datetime": "2021-09-29 20:56:51", "elapsed": 91.750816, "delta": 0.643}}
{"target": -56.47831495349121, "params": {"C": 4.748285882334519, "epsilon": 0.23047996211043797, "gamma": 0.01805543010168708}, "datetime": {"datetime": "2021-09-29 20:56:52", "elapsed": 92.950115, "delta": 1.199299}}
{"target": -56.18929303328726, "params": {"C": 15.864211986445778, "epsilon": 0.6173791295782781, "gamma": 0.043829747787720696}, "datetime": {"datetime": "2021-09-29 20:56:53", "elapsed": 94.005781, "delta": 1.055666}}
{"target": -55.893793939928656, "params": {"C": 4.853003221021771, "epsilon": 2.3618157998572187, "gamma": 0.04457108346936446}, "datetime": {"datetime": "2021-09-29 20:56:54", "elapsed": 94.867318, "delta": 0.861537}}
{"target": -55.80685043877177, "params": {"C": 13.916986508948561, "epsilon": 1.9976162133687638, "gamma": 0.0333168851360839}, "datetime": {"datetime": "2021-09-29 20:56:55", "elapsed": 95.856307, "delta": 0.988989}}
{"target": -58.61591599642614, "params": {"C": 4.376313091162992, "epsilon": 0.9497310366454357, "gamma": 0.012134357046301312}, "datetime": {"datetime": "2021-09-29 20:56:56", "elapsed": 96.728695, "delta": 0.872388}}
{"target": -55.54961948212337, "params": {"C": 11.122907340675996, "epsilon": 1.1502545992505562, "gamma": 0.0477813460523475}, "datetime": {"datetime": "2021-09-29 20:56:57", "elapsed": 97.861697, "delta": 1.133002}}
{"target": -55.43947629226014, "params": {"C": 16.288832757284503, "epsilon": 1.048068353140019, "gamma": 0.005153093761374069}, "datetime": {"datetime": "2021-09-29 20:56:58", "elapsed": 98.505529, "delta": 0.643832}}
{"target": -63.68052028835316, "params": {"C": 16.82027138620004, "epsilon": 0.6935346653199201, "gamma": 0.0010409767293675532}, "datetime": {"datetime": "2021-09-29 20:56:59", "elapsed": 99.706534, "delta": 1.201005}}
{"target": -56.289735192378146, "params": {"C": 62.37822475205489, "epsilon": 0.8207405295317993, "gamma": 0.008661607574197547}, "datetime": {"datetime": "2021-09-29 20:57:00", "elapsed": 100.304448, "delta": 0.597914}}
{"target": -59.07379523994181, "params": {"C": 6.733740706071122, "epsilon": 1.4422050176566952, "gamma": 0.006635209623090706}, "datetime": {"datetime": "2021-09-29 20:57:01", "elapsed": 101.529976, "delta": 1.225528}}
{"target": -53.94314172072807, "params": {"C": 7.462734990612533, "epsilon": 0.8127760728690873, "gamma": 0.03356734975025654}, "datetime": {"datetime": "2021-09-29 20:57:02", "elapsed": 102.750196, "delta": 1.22022}}
{"target": -54.91576877581458, "params": {"C": 51.3838300555959, "epsilon": 2.953371962743011, "gamma": 0.0029762550084244015}, "datetime": {"datetime": "2021-09-29 20:57:03", "elapsed": 103.372077, "delta": 0.621881}}
{"target": -56.57630937220285, "params": {"C": 43.97104838411319, "epsilon": 0.5727764292888134, "gamma": 0.013698769207445694}, "datetime": {"datetime": "2021-09-29 20:57:03", "elapsed": 103.986076, "delta": 0.613999}}
{"target": -59.21973784203976, "params": {"C": 51.29332913285921, "epsilon": 2.613877839953149, "gamma": 0.04499829985002627}, "datetime": {"datetime": "2021-09-29 20:57:04", "elapsed": 105.031361, "delta": 1.045285}}
{"target": -54.28543450248935, "params": {"C": 7.061736424860178, "epsilon": 2.07608987047959, "gamma": 0.034851296700660575}, "datetime": {"datetime": "2021-09-29 20:57:06", "elapsed": 106.190427, "delta": 1.159066}}
{"target": -59.26260416626725, "params": {"C": 7.873434354066463, "epsilon": 2.254959685887701, "gamma": 0.004436610285531768}, "datetime": {"datetime": "2021-09-29 20:57:07", "elapsed": 107.314711, "delta": 1.124284}}
{"target": -55.550591053618845, "params": {"C": 9.985192169661802, "epsilon": 1.8449163489971179, "gamma": 0.009697397215206188}, "datetime": {"datetime": "2021-09-29 20:57:07", "elapsed": 107.958712, "delta": 0.644001}}
{"target": -54.553564498073825, "params": {"C": 7.427740955493956, "epsilon": 1.3344725164396944, "gamma": 0.021103375274813742}, "datetime": {"datetime": "2021-09-29 20:57:09", "elapsed": 109.190033, "delta": 1.231321}}
{"target": -55.92595564725643, "params": {"C": 50.349701458500405, "epsilon": 1.2516564301177766, "gamma": 0.00740455533393819}, "datetime": {"datetime": "2021-09-29 20:57:09", "elapsed": 109.868908, "delta": 0.678875}}
{"target": -56.79182999782498, "params": {"C": 3.648588480608345, "epsilon": 1.8888437572118377, "gamma": 0.026287304239767967}, "datetime": {"datetime": "2021-09-29 20:57:10", "elapsed": 110.540227, "delta": 0.671319}}
{"target": -56.328338391131695, "params": {"C": 3.966532376658349, "epsilon": 2.036089190685347, "gamma": 0.05}, "datetime": {"datetime": "2021-09-29 20:57:11", "elapsed": 111.830221, "delta": 1.289994}}
{"target": -55.08403032601117, "params": {"C": 7.806875415478609, "epsilon": 0.7298323163307736, "gamma": 0.04456172374177235}, "datetime": {"datetime": "2021-09-29 20:57:12", "elapsed": 112.969618, "delta": 1.139397}}
{"target": -54.40464090492432, "params": {"C": 10.364982254351077, "epsilon": 1.6405530401519586, "gamma": 0.03446735981693852}, "datetime": {"datetime": "2021-09-29 20:57:13", "elapsed": 113.942206, "delta": 0.972588}}
{"target": -53.41571700097567, "params": {"C": 8.331847214026604, "epsilon": 0.965240167184685, "gamma": 0.026909007137609596}, "datetime": {"datetime": "2021-09-29 20:57:14", "elapsed": 114.990435, "delta": 1.048229}}
{"target": -57.72653604021368, "params": {"C": 28.96423603968254, "epsilon": 1.2358507672705388, "gamma": 0.04727006054264555}, "datetime": {"datetime": "2021-09-29 20:57:15", "elapsed": 115.605437, "delta": 0.615002}}
{"target": -54.83286898737274, "params": {"C": 6.829952598373707, "epsilon": 0.7391238924155751, "gamma": 0.041616832875080084}, "datetime": {"datetime": "2021-09-29 20:57:16", "elapsed": 116.773615, "delta": 1.168178}}
{"target": -58.14649700425139, "params": {"C": 50.02673382844367, "epsilon": 0.8976812111791489, "gamma": 0.031942597735448594}, "datetime": {"datetime": "2021-09-29 20:57:17", "elapsed": 117.432614, "delta": 0.658999}}
{"target": -54.41884441768222, "params": {"C": 6.23141099070492, "epsilon": 1.7540537513215368, "gamma": 0.042721739042965994}, "datetime": {"datetime": "2021-09-29 20:57:18", "elapsed": 118.650428, "delta": 1.217814}}
