{"target": -61.45695805606165, "params": {"C": 17.23762942920714, "epsilon": 0.15790087510282783, "gamma": 0.04342954719996834}, "datetime": {"datetime": "2021-09-29 21:29:37", "elapsed": 374.8751, "delta": 1.631468}}
{"target": -56.26313532326343, "params": {"C": 175.711710643127, "epsilon": 1.5640058682029532, "gamma": 0.004810476152282975}, "datetime": {"datetime": "2021-09-29 21:29:40", "elapsed": 377.87196, "delta": 2.99686}}
{"target": -53.60023634765544, "params": {"C": 12.132180480813096, "epsilon": 2.5273741453296856, "gamma": 0.00681500570044817}, "datetime": {"datetime": "2021-09-29 21:29:43", "elapsed": 380.571922, "delta": 2.699962}}
{"target": -62.995067943151994, "params": {"C": 118.52112724697915, "epsilon": 0.11611556130404001, "gamma": 0.0436966096518695}, "datetime": {"datetime": "2021-09-29 21:29:45", "elapsed": 382.727734, "delta": 2.155812}}
{"target": -53.04509890589733, "params": {"C": 36.72512362348503, "epsilon": 0.9935932435301632, "gamma": 0.002999090654862303}, "datetime": {"datetime": "2021-09-29 21:29:47", "elapsed": 384.892914, "delta": 2.16518}}
{"target": -60.224300902356354, "params": {"C": 10.45378540208068, "epsilon": 2.9022844606329268, "gamma": 0.04688295768407895}, "datetime": {"datetime": "2021-09-29 21:29:49", "elapsed": 386.886705, "delta": 1.993791}}
{"target": -58.087502252867, "params": {"C": 10.379218022309141, "epsilon": 2.5514336480954642, "gamma": 0.028057866303370566}, "datetime": {"datetime": "2021-09-29 21:29:51", "elapsed": 388.872941, "delta": 1.986236}}
{"target": -63.50719085358932, "params": {"C": 50.12887185682395, "epsilon": 1.2894877164449956, "gamma": 0.06202688119853178}, "datetime": {"datetime": "2021-09-29 21:29:52", "elapsed": 390.431993, "delta": 1.559052}}
{"target": -61.98277136075937, "params": {"C": 46.45966056453921, "epsilon": 1.1048253738745537, "gamma": 0.045025318530885074}, "datetime": {"datetime": "2021-09-29 21:29:55", "elapsed": 392.779372, "delta": 2.347379}}
{"target": -60.114521766414796, "params": {"C": 36.749210802107584, "epsilon": 1.0900395189805807, "gamma": 0.028031859134677532}, "datetime": {"datetime": "2021-09-29 21:29:57", "elapsed": 394.954632, "delta": 2.17526}}
{"target": -55.60856733564443, "params": {"C": 13.956957369205314, "epsilon": 1.2684343612913611, "gamma": 0.013861202576766785}, "datetime": {"datetime": "2021-09-29 21:29:59", "elapsed": 396.911478, "delta": 1.956846}}
{"target": -60.88158552512636, "params": {"C": 13.96310083869395, "epsilon": 1.4659421324565858, "gamma": 0.053267959109549866}, "datetime": {"datetime": "2021-09-29 21:30:02", "elapsed": 399.536434, "delta": 2.624956}}
{"target": -61.570310959625616, "params": {"C": 38.87952816634373, "epsilon": 1.0354848684982705, "gamma": 0.0412143279028762}, "datetime": {"datetime": "2021-09-29 21:30:04", "elapsed": 401.902431, "delta": 2.365997}}
{"target": -57.2655760946779, "params": {"C": 36.78129174937367, "epsilon": 0.9718353548289962, "gamma": 0.013375425575924778}, "datetime": {"datetime": "2021-09-29 21:30:07", "elapsed": 404.639505, "delta": 2.737074}}
{"target": -54.9969839227737, "params": {"C": 10.450654010998075, "epsilon": 2.823766449444952, "gamma": 0.012189916454335408}, "datetime": {"datetime": "2021-09-29 21:30:09", "elapsed": 407.094658, "delta": 2.455153}}
{"target": -59.871019072258626, "params": {"C": 27.872538555297655, "epsilon": 1.7028956490069247, "gamma": 0.025495896009624364}, "datetime": {"datetime": "2021-09-29 21:30:11", "elapsed": 408.974457, "delta": 1.879799}}
{"target": -65.17150456629311, "params": {"C": 179.09191553608878, "epsilon": 0.5098072498324409, "gamma": 0.04394001766678673}, "datetime": {"datetime": "2021-09-29 21:30:13", "elapsed": 410.536548, "delta": 1.562091}}
{"target": -68.20344784913843, "params": {"C": 164.92411968447973, "epsilon": 0.7607360894540006, "gamma": 0.0712686014163306}, "datetime": {"datetime": "2021-09-29 21:30:14", "elapsed": 412.250015, "delta": 1.713467}}
{"target": -57.67506992601501, "params": {"C": 10.472247658131801, "epsilon": 2.8253296410242537, "gamma": 0.024724636338812753}, "datetime": {"datetime": "2021-09-29 21:30:16", "elapsed": 414.388078, "delta": 2.138063}}
{"target": -58.98499458250438, "params": {"C": 10.48826036329348, "epsilon": 2.796827815414793, "gamma": 0.034396199580181426}, "datetime": {"datetime": "2021-09-29 21:30:19", "elapsed": 416.686623, "delta": 2.298545}}
{"target": -59.209636987045315, "params": {"C": 19.206871490339584, "epsilon": 0.5397589715799724, "gamma": 0.02461461949105373}, "datetime": {"datetime": "2021-09-29 21:30:21", "elapsed": 419.079172, "delta": 2.392549}}
{"target": -62.14129125870773, "params": {"C": 166.78279354016792, "epsilon": 0.040659197067880536, "gamma": 0.02957151420313984}, "datetime": {"datetime": "2021-09-29 21:30:24", "elapsed": 422.131143, "delta": 3.051971}}
{"target": -63.934341912273126, "params": {"C": 31.11500027407384, "epsilon": 1.0420623352368723, "gamma": 0.07471184264494206}, "datetime": {"datetime": "2021-09-29 21:30:26", "elapsed": 423.778572, "delta": 1.647429}}
{"target": -63.516353880028, "params": {"C": 115.9652984473153, "epsilon": 0.672009844819187, "gamma": 0.0479404249091797}, "datetime": {"datetime": "2021-09-29 21:30:28", "elapsed": 426.308078, "delta": 2.529506}}
{"target": -62.997025061154986, "params": {"C": 25.386110098744183, "epsilon": 2.233450901624628, "gamma": 0.06225995353333269}, "datetime": {"datetime": "2021-09-29 21:30:30", "elapsed": 427.991079, "delta": 1.683001}}
{"target": -52.00252796651908, "params": {"C": 46.530124286758124, "epsilon": 1.2149144842727055, "gamma": 0.001603373005193782}, "datetime": {"datetime": "2021-09-29 21:30:32", "elapsed": 430.319919, "delta": 2.32884}}
{"target": -53.60463514488203, "params": {"C": 19.338589905707682, "epsilon": 0.5496916133859219, "gamma": 0.0061524503532640355}, "datetime": {"datetime": "2021-09-29 21:30:35", "elapsed": 432.740292, "delta": 2.420373}}
{"target": -61.05683775571955, "params": {"C": 3.585782136606933, "epsilon": 0.9902597203227292, "gamma": 0.06335273558604144}, "datetime": {"datetime": "2021-09-29 21:30:37", "elapsed": 434.481028, "delta": 1.740736}}
{"target": -61.731600197109685, "params": {"C": 114.77355273688461, "epsilon": 0.5769390924859684, "gamma": 0.034961414843409255}, "datetime": {"datetime": "2021-09-29 21:30:40", "elapsed": 437.460741, "delta": 2.979713}}
{"target": -53.344397294549275, "params": {"C": 19.220266589332834, "epsilon": 0.5383457983438301, "gamma": 0.00560808539521607}, "datetime": {"datetime": "2021-09-29 21:30:43", "elapsed": 440.975147, "delta": 3.514406}}
{"target": -57.53580855276008, "params": {"C": 153.19281000074488, "epsilon": 1.8192037862277122, "gamma": 0.009805309971055992}, "datetime": {"datetime": "2021-09-29 21:30:46", "elapsed": 443.983576, "delta": 3.008429}}
{"target": -56.155996323627356, "params": {"C": 161.95093122876528, "epsilon": 1.0482682919734498, "gamma": 0.00455710029285041}, "datetime": {"datetime": "2021-09-29 21:30:49", "elapsed": 447.037072, "delta": 3.053496}}
{"target": -58.79742757416982, "params": {"C": 10.412154963294007, "epsilon": 2.5704080549084045, "gamma": 0.0330982886099199}, "datetime": {"datetime": "2021-09-29 21:30:51", "elapsed": 449.359867, "delta": 2.322795}}
{"target": -61.41220796281891, "params": {"C": 115.06509908767113, "epsilon": 2.7818676805515086, "gamma": 0.03306496362091569}, "datetime": {"datetime": "2021-09-29 21:30:53", "elapsed": 451.212192, "delta": 1.852325}}
{"target": -55.94779249720248, "params": {"C": 118.49217486959805, "epsilon": 0.09180618919881577, "gamma": 0.004423001111939968}, "datetime": {"datetime": "2021-09-29 21:30:55", "elapsed": 453.314043, "delta": 2.101851}}
{"target": -65.35822806522964, "params": {"C": 191.72384104425933, "epsilon": 2.0803230591410893, "gamma": 0.04375972955179142}, "datetime": {"datetime": "2021-09-29 21:30:57", "elapsed": 455.273178, "delta": 1.959135}}
{"target": -56.51832574808229, "params": {"C": 19.118494718997944, "epsilon": 0.6051679148625728, "gamma": 0.0013231696531202928}, "datetime": {"datetime": "2021-09-29 21:31:00", "elapsed": 458.451263, "delta": 3.178085}}
{"target": -68.9374125091, "params": {"C": 188.9511738099485, "epsilon": 1.557040884329761, "gamma": 0.07153198971670688}, "datetime": {"datetime": "2021-09-29 21:31:02", "elapsed": 460.219877, "delta": 1.768614}}
{"target": -53.86024750791788, "params": {"C": 19.063822809401767, "epsilon": 0.6145542140397421, "gamma": 0.006518513497510156}, "datetime": {"datetime": "2021-09-29 21:31:05", "elapsed": 462.765122, "delta": 2.545245}}
{"target": -54.47008422606554, "params": {"C": 19.103203897299547, "epsilon": 0.5510178026142277, "gamma": 0.002527347593461968}, "datetime": {"datetime": "2021-09-29 21:31:07", "elapsed": 465.266441, "delta": 2.501319}}
{"target": -53.64611728587468, "params": {"C": 13.890114879488152, "epsilon": 1.3000614894170706, "gamma": 0.004549816844776375}, "datetime": {"datetime": "2021-09-29 21:31:12", "elapsed": 469.776764, "delta": 4.510323}}
{"target": -57.87782743966088, "params": {"C": 12.15181975036579, "epsilon": 2.52152772333039, "gamma": 0.0241763879208687}, "datetime": {"datetime": "2021-09-29 21:31:16", "elapsed": 473.935632, "delta": 4.158868}}
{"target": -65.88851759655948, "params": {"C": 162.30003481208243, "epsilon": 0.277172244553273, "gamma": 0.052298877174257796}, "datetime": {"datetime": "2021-09-29 21:31:20", "elapsed": 478.214892, "delta": 4.27926}}
{"target": -59.70571048974299, "params": {"C": 13.929824140474574, "epsilon": 1.3990925939070424, "gamma": 0.035922251585112426}, "datetime": {"datetime": "2021-09-29 21:31:25", "elapsed": 482.627833, "delta": 4.412941}}
{"target": -54.42847975755647, "params": {"C": 122.67711183282655, "epsilon": 1.6342320224176516, "gamma": 0.0022880850834799287}, "datetime": {"datetime": "2021-09-29 21:31:26", "elapsed": 484.43783, "delta": 1.809997}}
{"target": -57.45661732699065, "params": {"C": 12.122057926451745, "epsilon": 2.524646276328194, "gamma": 0.0021067948423334356}, "datetime": {"datetime": "2021-09-29 21:31:30", "elapsed": 487.463406, "delta": 3.025576}}
{"target": -64.47756179717656, "params": {"C": 157.35571055970917, "epsilon": 0.15526176391908647, "gamma": 0.04326310345022318}, "datetime": {"datetime": "2021-09-29 21:31:32", "elapsed": 489.931034, "delta": 2.467628}}
{"target": -66.38496522751466, "params": {"C": 79.42727486959471, "epsilon": 1.4315358770908686, "gamma": 0.0898627049423681}, "datetime": {"datetime": "2021-09-29 21:31:34", "elapsed": 491.978006, "delta": 2.046972}}
{"target": -56.850270336115905, "params": {"C": 27.86023457157339, "epsilon": 2.985165387098492, "gamma": 0.014260940364367014}, "datetime": {"datetime": "2021-09-29 21:31:36", "elapsed": 493.911561, "delta": 1.933555}}
{"target": -55.03672840443304, "params": {"C": 8.568965759154427, "epsilon": 0.07014596452148776, "gamma": 0.013675812955251191}, "datetime": {"datetime": "2021-09-29 21:31:39", "elapsed": 496.906534, "delta": 2.994973}}
{"target": -55.617900845893566, "params": {"C": 10.453237239290027, "epsilon": 2.806229853933505, "gamma": 0.01639994100129688}, "datetime": {"datetime": "2021-09-29 21:31:41", "elapsed": 499.404336, "delta": 2.497802}}
{"target": -59.51554277327183, "params": {"C": 13.969609461355715, "epsilon": 1.5114476579120142, "gamma": 0.03358364239235629}, "datetime": {"datetime": "2021-09-29 21:31:44", "elapsed": 502.088134, "delta": 2.683798}}
{"target": -57.854288279332266, "params": {"C": 138.70191403382478, "epsilon": 2.0708453880913966, "gamma": 0.011200215688298439}, "datetime": {"datetime": "2021-09-29 21:31:47", "elapsed": 504.649738, "delta": 2.561604}}
{"target": -53.43502354338084, "params": {"C": 15.652353064212182, "epsilon": 1.892970769925657, "gamma": 0.006577148804160205}, "datetime": {"datetime": "2021-09-29 21:31:49", "elapsed": 506.555397, "delta": 1.905659}}
{"target": -57.67494501989603, "params": {"C": 13.869223741901411, "epsilon": 1.2895160573946698, "gamma": 0.022833638187913553}, "datetime": {"datetime": "2021-09-29 21:31:52", "elapsed": 509.860199, "delta": 3.304802}}
{"target": -57.24922101982427, "params": {"C": 13.935180369558802, "epsilon": 1.4086283572028893, "gamma": 0.0017844751394691738}, "datetime": {"datetime": "2021-09-29 21:31:56", "elapsed": 513.717341, "delta": 3.857142}}
{"target": -67.93385324962286, "params": {"C": 135.6566691851588, "epsilon": 1.9820895117215689, "gamma": 0.08034480413765256}, "datetime": {"datetime": "2021-09-29 21:31:58", "elapsed": 515.866139, "delta": 2.148798}}
{"target": -54.91045271305007, "params": {"C": 10.358592577697772, "epsilon": 2.5365900667048624, "gamma": 0.003962164444081991}, "datetime": {"datetime": "2021-09-29 21:32:01", "elapsed": 518.722083, "delta": 2.855944}}
{"target": -59.883460245269724, "params": {"C": 10.446476924296949, "epsilon": 2.838391558132688, "gamma": 0.04313960307143141}, "datetime": {"datetime": "2021-09-29 21:32:04", "elapsed": 521.734557, "delta": 3.012474}}
{"target": -62.021584354072054, "params": {"C": 10.211608129892612, "epsilon": 2.1486266140789976, "gamma": 0.07772174785573328}, "datetime": {"datetime": "2021-09-29 21:32:07", "elapsed": 525.07631, "delta": 3.341753}}
{"target": -63.965453521644264, "params": {"C": 114.52683656481422, "epsilon": 2.2325302648979033, "gamma": 0.05118318898247083}, "datetime": {"datetime": "2021-09-29 21:32:09", "elapsed": 527.426478, "delta": 2.350168}}
{"target": -56.05221450207393, "params": {"C": 19.134730493793914, "epsilon": 0.5427453419759946, "gamma": 0.012411022069529397}, "datetime": {"datetime": "2021-09-29 21:32:14", "elapsed": 532.256763, "delta": 4.830285}}
{"target": -59.19248294439407, "params": {"C": 12.097966706508704, "epsilon": 2.4897057172209514, "gamma": 0.031615874515517804}, "datetime": {"datetime": "2021-09-29 21:32:18", "elapsed": 536.248164, "delta": 3.991401}}
{"target": -55.83800705846189, "params": {"C": 8.546524961752766, "epsilon": 0.014139906421720742, "gamma": 0.016197991001327017}, "datetime": {"datetime": "2021-09-29 21:32:25", "elapsed": 542.802916, "delta": 6.554752}}
{"target": -57.039030143959714, "params": {"C": 19.02440391550205, "epsilon": 0.5899180966622952, "gamma": 0.0184872444938232}, "datetime": {"datetime": "2021-09-29 21:32:31", "elapsed": 548.571014, "delta": 5.768098}}
{"target": -53.79684365153581, "params": {"C": 19.108330331941875, "epsilon": 0.5094571623988041, "gamma": 0.006518450695382969}, "datetime": {"datetime": "2021-09-29 21:32:35", "elapsed": 552.759059, "delta": 4.188045}}
{"target": -60.236728331705926, "params": {"C": 8.568842728357543, "epsilon": 0.08906868948208595, "gamma": 0.045947370087777446}, "datetime": {"datetime": "2021-09-29 21:32:38", "elapsed": 556.155517, "delta": 3.396458}}
{"target": -55.918527832402496, "params": {"C": 15.623137645036806, "epsilon": 1.903532660226233, "gamma": 0.015156544822898044}, "datetime": {"datetime": "2021-09-29 21:32:41", "elapsed": 559.018471, "delta": 2.862954}}
{"target": -56.415326359992335, "params": {"C": 131.14126514558552, "epsilon": 0.9612907883526381, "gamma": 0.006972653779701058}, "datetime": {"datetime": "2021-09-29 21:32:44", "elapsed": 562.070508, "delta": 3.052037}}
{"target": -61.903289434061136, "params": {"C": 71.99684552866412, "epsilon": 1.874464776460646, "gamma": 0.045343051221560356}, "datetime": {"datetime": "2021-09-29 21:32:46", "elapsed": 564.159327, "delta": 2.088819}}
{"target": -56.61697058006292, "params": {"C": 38.84261703358278, "epsilon": 0.9860405806538054, "gamma": 0.009931334689822427}, "datetime": {"datetime": "2021-09-29 21:32:49", "elapsed": 567.368554, "delta": 3.209227}}
{"target": -58.46363045930087, "params": {"C": 131.23703594263105, "epsilon": 0.9478745026469687, "gamma": 0.014851884178202827}, "datetime": {"datetime": "2021-09-29 21:32:54", "elapsed": 571.887119, "delta": 4.518565}}
{"target": -53.83652768659219, "params": {"C": 13.9034626216363, "epsilon": 1.2434281552951765, "gamma": 0.004430938699835806}, "datetime": {"datetime": "2021-09-29 21:32:57", "elapsed": 575.386491, "delta": 3.499372}}
{"target": -58.91513948600543, "params": {"C": 45.62315036188212, "epsilon": 1.9061447771429179, "gamma": 0.01998915908609514}, "datetime": {"datetime": "2021-09-29 21:33:00", "elapsed": 577.770359, "delta": 2.383868}}
{"target": -57.286060922465566, "params": {"C": 15.623058546912958, "epsilon": 1.8782113893848182, "gamma": 0.019549653815163562}, "datetime": {"datetime": "2021-09-29 21:33:04", "elapsed": 581.845324, "delta": 4.074965}}
{"target": -64.00471483684291, "params": {"C": 33.64904133267952, "epsilon": 2.9044000715774962, "gamma": 0.08071599726958686}, "datetime": {"datetime": "2021-09-29 21:33:06", "elapsed": 583.960968, "delta": 2.115644}}
{"target": -56.032374961594456, "params": {"C": 19.232771325269375, "epsilon": 0.6743878656146884, "gamma": 0.011811036751047414}, "datetime": {"datetime": "2021-09-29 21:33:10", "elapsed": 588.429658, "delta": 4.46869}}
{"target": -64.71815344587567, "params": {"C": 99.40438941247766, "epsilon": 2.477379362655713, "gamma": 0.06393751654316726}, "datetime": {"datetime": "2021-09-29 21:33:13", "elapsed": 590.570813, "delta": 2.141155}}
{"target": -56.18476267259373, "params": {"C": 38.799985895400134, "epsilon": 1.0003815113924495, "gamma": 0.008769385862884477}, "datetime": {"datetime": "2021-09-29 21:33:16", "elapsed": 593.791989, "delta": 3.221176}}
{"target": -57.29719289123615, "params": {"C": 27.810814416405762, "epsilon": 2.9646959984018553, "gamma": 0.015472876394621577}, "datetime": {"datetime": "2021-09-29 21:33:21", "elapsed": 598.634964, "delta": 4.842975}}
{"target": -60.775122287050465, "params": {"C": 12.53031971539939, "epsilon": 2.356480883910395, "gamma": 0.052795571177215866}, "datetime": {"datetime": "2021-09-29 21:33:24", "elapsed": 601.568132, "delta": 2.933168}}
{"target": -55.92411550388234, "params": {"C": 19.285225297153463, "epsilon": 0.5298835147084487, "gamma": 0.011548143660377349}, "datetime": {"datetime": "2021-09-29 21:33:27", "elapsed": 605.267649, "delta": 3.699517}}
{"target": -62.42354849788252, "params": {"C": 14.415017468853836, "epsilon": 0.872271665075478, "gamma": 0.07904214005141526}, "datetime": {"datetime": "2021-09-29 21:33:30", "elapsed": 607.675412, "delta": 2.407763}}
{"target": -61.91415162498903, "params": {"C": 12.808316155829486, "epsilon": 2.073353257947389, "gamma": 0.07277816298137553}, "datetime": {"datetime": "2021-09-29 21:33:33", "elapsed": 610.508242, "delta": 2.83283}}
{"target": -61.3264155161528, "params": {"C": 73.22193117356431, "epsilon": 2.270180511581759, "gamma": 0.03890249683374857}, "datetime": {"datetime": "2021-09-29 21:33:36", "elapsed": 613.591636, "delta": 3.083394}}
{"target": -56.17543610563782, "params": {"C": 73.23434453859427, "epsilon": 2.2730710482997996, "gamma": 0.005680423151351288}, "datetime": {"datetime": "2021-09-29 21:33:40", "elapsed": 617.463086, "delta": 3.87145}}
{"target": -67.19850330357166, "params": {"C": 176.5926664780235, "epsilon": 0.15847058488219318, "gamma": 0.05766788130543816}, "datetime": {"datetime": "2021-09-29 21:33:42", "elapsed": 620.044103, "delta": 2.581017}}
{"target": -57.604187029656195, "params": {"C": 8.593783829601955, "epsilon": 0.05906803844325805, "gamma": 0.003022225724243982}, "datetime": {"datetime": "2021-09-29 21:33:46", "elapsed": 624.411063, "delta": 4.36696}}
{"target": -64.90041335361471, "params": {"C": 106.58199758826873, "epsilon": 2.300916754589891, "gamma": 0.06263016946901502}, "datetime": {"datetime": "2021-09-29 21:33:49", "elapsed": 627.148953, "delta": 2.73789}}
{"target": -62.25909441806594, "params": {"C": 15.270555247003646, "epsilon": 1.342771319018556, "gamma": 0.07577593184871396}, "datetime": {"datetime": "2021-09-29 21:33:52", "elapsed": 629.738121, "delta": 2.589168}}
{"target": -60.41951962699259, "params": {"C": 15.663855752017843, "epsilon": 1.8541196808653866, "gamma": 0.0009887279738879362}, "datetime": {"datetime": "2021-09-29 21:33:56", "elapsed": 633.887283, "delta": 4.149162}}
{"target": -57.23317215773951, "params": {"C": 171.54690327770552, "epsilon": 1.3962782327727354, "gamma": 0.00900820999931661}, "datetime": {"datetime": "2021-09-29 21:33:59", "elapsed": 636.818856, "delta": 2.931573}}
{"target": -54.43883872475222, "params": {"C": 19.261798085379922, "epsilon": 0.5399686005309026, "gamma": 0.0025534327755828475}, "datetime": {"datetime": "2021-09-29 21:34:03", "elapsed": 640.947171, "delta": 4.128315}}
{"target": -59.35573629281915, "params": {"C": 19.341260145746038, "epsilon": 0.5548502374573296, "gamma": 0.025169352156559646}, "datetime": {"datetime": "2021-09-29 21:34:07", "elapsed": 645.438641, "delta": 4.49147}}
{"target": -57.401294864324626, "params": {"C": 25.982552457557073, "epsilon": 1.9159318375216947, "gamma": 0.015560799454958113}, "datetime": {"datetime": "2021-09-29 21:34:12", "elapsed": 649.992149, "delta": 4.553508}}
{"target": -67.48590622238665, "params": {"C": 169.07722130574447, "epsilon": 0.15544274554411994, "gamma": 0.0629177843980455}, "datetime": {"datetime": "2021-09-29 21:34:15", "elapsed": 652.547118, "delta": 2.554969}}
{"target": -56.851580317350404, "params": {"C": 10.510516465228605, "epsilon": 2.7553680659446163, "gamma": 0.02075641450757744}, "datetime": {"datetime": "2021-09-29 21:34:20", "elapsed": 658.001832, "delta": 5.454714}}
{"target": -57.74724864149935, "params": {"C": 120.07873632731429, "epsilon": 1.8954788718541395, "gamma": 0.011265609617134886}, "datetime": {"datetime": "2021-09-29 21:34:22", "elapsed": 660.179181, "delta": 2.177349}}
{"target": -56.09637552047933, "params": {"C": 143.75983493751505, "epsilon": 1.363548575951604, "gamma": 0.004603678065129039}, "datetime": {"datetime": "2021-09-29 21:34:24", "elapsed": 662.425619, "delta": 2.246438}}
