{"target": -67.67734707742224, "params": {"C": 159.8818653127709, "epsilon": 1.0805431695659635, "gamma": 0.06795592382547888}, "datetime": {"datetime": "2021-09-29 21:24:57", "elapsed": 94.470103, "delta": 0.686}}
{"target": -62.46399891070632, "params": {"C": 19.16804492204129, "epsilon": 0.5726238903431468, "gamma": 0.056827119178345084}, "datetime": {"datetime": "2021-09-29 21:24:58", "elapsed": 95.468941, "delta": 0.998838}}
{"target": -62.34718800016768, "params": {"C": 26.00123266272835, "epsilon": 1.8546414739302444, "gamma": 0.05017567825081145}, "datetime": {"datetime": "2021-09-29 21:24:59", "elapsed": 96.605185, "delta": 1.136244}}
{"target": -53.35377162694316, "params": {"C": 19.112913551378984, "epsilon": 0.524144620997756, "gamma": 0.005630793750898004}, "datetime": {"datetime": "2021-09-29 21:24:59", "elapsed": 97.414592, "delta": 0.809407}}
{"target": -62.95468769175353, "params": {"C": 73.5337487411066, "epsilon": 0.24753728888422213, "gamma": 0.05556323251127944}, "datetime": {"datetime": "2021-09-29 21:25:00", "elapsed": 98.156588, "delta": 0.741996}}
{"target": -65.80900724081127, "params": {"C": 162.62595598983833, "epsilon": 2.3964151515644025, "gamma": 0.052212274791685755}, "datetime": {"datetime": "2021-09-29 21:25:01", "elapsed": 99.251603, "delta": 1.095015}}
{"target": -58.87906917643512, "params": {"C": 13.989958280904112, "epsilon": 1.2546698747918539, "gamma": 0.028613709808523027}, "datetime": {"datetime": "2021-09-29 21:25:02", "elapsed": 100.339895, "delta": 1.088292}}
{"target": -65.85714468402489, "params": {"C": 123.65622391566797, "epsilon": 1.0358225749021555, "gamma": 0.06334512183711025}, "datetime": {"datetime": "2021-09-29 21:25:03", "elapsed": 101.286221, "delta": 0.946326}}
{"target": -60.76064428999079, "params": {"C": 13.957095979072424, "epsilon": 1.3692084610968098, "gamma": 0.05102611131906272}, "datetime": {"datetime": "2021-09-29 21:25:04", "elapsed": 102.401225, "delta": 1.115004}}
{"target": -56.19891511518992, "params": {"C": 138.6833106986273, "epsilon": 2.0826162772364802, "gamma": 0.006625393648739261}, "datetime": {"datetime": "2021-09-29 21:25:06", "elapsed": 103.611967, "delta": 1.210742}}
{"target": -56.36949075701709, "params": {"C": 176.36962104860405, "epsilon": 2.861053230117909, "gamma": 0.004965225233271168}, "datetime": {"datetime": "2021-09-29 21:25:07", "elapsed": 104.608964, "delta": 0.996997}}
{"target": -59.05155875541613, "params": {"C": 10.412215735276632, "epsilon": 2.653878801730504, "gamma": 0.035220561835836}, "datetime": {"datetime": "2021-09-29 21:25:08", "elapsed": 105.53204, "delta": 0.923076}}
{"target": -62.18580346769594, "params": {"C": 161.92613957991176, "epsilon": 1.1096749000908286, "gamma": 0.0314336240863817}, "datetime": {"datetime": "2021-09-29 21:25:08", "elapsed": 106.376034, "delta": 0.843994}}
{"target": -62.13252011034464, "params": {"C": 123.74221950634816, "epsilon": 2.471374679434257, "gamma": 0.03607265657453976}, "datetime": {"datetime": "2021-09-29 21:25:09", "elapsed": 107.144378, "delta": 0.768344}}
{"target": -61.009115500547395, "params": {"C": 73.72128223391113, "epsilon": 2.028681998592948, "gamma": 0.034999420117563684}, "datetime": {"datetime": "2021-09-29 21:25:10", "elapsed": 107.861551, "delta": 0.717173}}
{"target": -57.07752800515422, "params": {"C": 115.90613189314742, "epsilon": 0.6822070673858855, "gamma": 0.010094766466890785}, "datetime": {"datetime": "2021-09-29 21:25:11", "elapsed": 108.722554, "delta": 0.861003}}
{"target": -60.00485217476873, "params": {"C": 138.6816458993401, "epsilon": 2.0225290925658386, "gamma": 0.022032256504947625}, "datetime": {"datetime": "2021-09-29 21:25:12", "elapsed": 109.598553, "delta": 0.875999}}
{"target": -53.84411857109546, "params": {"C": 19.29939408491024, "epsilon": 0.5685552666940301, "gamma": 0.006708695879272754}, "datetime": {"datetime": "2021-09-29 21:25:13", "elapsed": 110.640216, "delta": 1.041663}}
{"target": -58.233146347261865, "params": {"C": 19.143995160493382, "epsilon": 0.5256485905628403, "gamma": 0.021604511491920497}, "datetime": {"datetime": "2021-09-29 21:25:14", "elapsed": 112.096515, "delta": 1.456299}}
{"target": -64.32163808297648, "params": {"C": 155.42838784724674, "epsilon": 2.8382582200205895, "gamma": 0.04503450989428591}, "datetime": {"datetime": "2021-09-29 21:25:15", "elapsed": 112.816515, "delta": 0.72}}
{"target": -56.197735178693975, "params": {"C": 185.18469714470282, "epsilon": 1.7927258047715944, "gamma": 0.004371525083143423}, "datetime": {"datetime": "2021-09-29 21:25:16", "elapsed": 113.628826, "delta": 0.812311}}
{"target": -57.18023257000898, "params": {"C": 97.80422920371254, "epsilon": 0.1349809200420092, "gamma": 0.011493815721150241}, "datetime": {"datetime": "2021-09-29 21:25:17", "elapsed": 114.595817, "delta": 0.966991}}
{"target": -65.0537225287307, "params": {"C": 141.66191635300333, "epsilon": 1.8467238779966768, "gamma": 0.051915637713790964}, "datetime": {"datetime": "2021-09-29 21:25:17", "elapsed": 115.333098, "delta": 0.737281}}
{"target": -53.5477376013382, "params": {"C": 46.500622522398814, "epsilon": 1.1934797598381772, "gamma": 0.0011009375082809169}, "datetime": {"datetime": "2021-09-29 21:25:18", "elapsed": 116.080103, "delta": 0.747005}}
{"target": -59.03513430280821, "params": {"C": 115.81958969729564, "epsilon": 0.6118103215166497, "gamma": 0.017770802967363743}, "datetime": {"datetime": "2021-09-29 21:25:19", "elapsed": 117.019751, "delta": 0.939648}}
{"target": -64.41562177139745, "params": {"C": 176.38129996894864, "epsilon": 2.849964844407049, "gamma": 0.041671205887059366}, "datetime": {"datetime": "2021-09-29 21:25:20", "elapsed": 117.863746, "delta": 0.843995}}
{"target": -60.742520762301446, "params": {"C": 19.319535535182375, "epsilon": 0.5917554014412757, "gamma": 0.03418585920378771}, "datetime": {"datetime": "2021-09-29 21:25:21", "elapsed": 118.67075, "delta": 0.807004}}
{"target": -57.12080676021339, "params": {"C": 19.17540311254111, "epsilon": 0.5358835127545842, "gamma": 0.0012384827110438611}, "datetime": {"datetime": "2021-09-29 21:25:22", "elapsed": 119.541938, "delta": 0.871188}}
{"target": -58.08859898284447, "params": {"C": 73.51969002416594, "epsilon": 1.790109947164647, "gamma": 0.015276955572830883}, "datetime": {"datetime": "2021-09-29 21:25:22", "elapsed": 120.270938, "delta": 0.729}}
{"target": -69.87696546635979, "params": {"C": 167.03252211448802, "epsilon": 0.8295027958693132, "gamma": 0.08839093579557378}, "datetime": {"datetime": "2021-09-29 21:25:23", "elapsed": 121.025258, "delta": 0.75432}}
{"target": -60.764021444829986, "params": {"C": 19.146885432184966, "epsilon": 0.610412892374818, "gamma": 0.03453154555118887}, "datetime": {"datetime": "2021-09-29 21:25:24", "elapsed": 121.97726, "delta": 0.952002}}
{"target": -55.2976059871467, "params": {"C": 33.93764094880758, "epsilon": 0.6802414344263286, "gamma": 0.007845977964349653}, "datetime": {"datetime": "2021-09-29 21:25:25", "elapsed": 123.005631, "delta": 1.028371}}
{"target": -60.19555490509787, "params": {"C": 171.62295133760463, "epsilon": 0.6123233943032355, "gamma": 0.021154976434018355}, "datetime": {"datetime": "2021-09-29 21:25:26", "elapsed": 123.729628, "delta": 0.723997}}
{"target": -65.85195306964182, "params": {"C": 115.84933387211994, "epsilon": 0.6137657408883541, "gamma": 0.06627526682379248}, "datetime": {"datetime": "2021-09-29 21:25:27", "elapsed": 124.930628, "delta": 1.201}}
{"target": -58.86532078921706, "params": {"C": 46.470276629547975, "epsilon": 1.1522627209437706, "gamma": 0.019945404101110332}, "datetime": {"datetime": "2021-09-29 21:25:28", "elapsed": 126.11056, "delta": 1.179932}}
{"target": -63.395480861527275, "params": {"C": 127.74618180646581, "epsilon": 2.224758518653844, "gamma": 0.04364192246459318}, "datetime": {"datetime": "2021-09-29 21:25:29", "elapsed": 126.950712, "delta": 0.840152}}
{"target": -64.08927929348339, "params": {"C": 25.644697465624336, "epsilon": 0.10244427011886234, "gamma": 0.08172831997450809}, "datetime": {"datetime": "2021-09-29 21:25:30", "elapsed": 127.728712, "delta": 0.778}}
{"target": -52.88937889538485, "params": {"C": 19.275570853545958, "epsilon": 0.5411106711013371, "gamma": 0.0041862863335560005}, "datetime": {"datetime": "2021-09-29 21:25:31", "elapsed": 128.708716, "delta": 0.980004}}
{"target": -64.38805860005023, "params": {"C": 41.03354118540793, "epsilon": 0.30458408355166905, "gamma": 0.07716792957228757}, "datetime": {"datetime": "2021-09-29 21:25:32", "elapsed": 129.518247, "delta": 0.809531}}
{"target": -63.06384600337952, "params": {"C": 115.92067128940238, "epsilon": 0.6181283269561065, "gamma": 0.04471945618350607}, "datetime": {"datetime": "2021-09-29 21:25:33", "elapsed": 130.588873, "delta": 1.070626}}
{"target": -55.63194425032971, "params": {"C": 19.09745897743617, "epsilon": 0.5662152614885251, "gamma": 0.010863056537967918}, "datetime": {"datetime": "2021-09-29 21:25:34", "elapsed": 131.693456, "delta": 1.104583}}
{"target": -60.634052717641666, "params": {"C": 39.632421608474154, "epsilon": 0.17216967429385777, "gamma": 0.03161780521499307}, "datetime": {"datetime": "2021-09-29 21:25:35", "elapsed": 132.619456, "delta": 0.926}}
{"target": -63.53112531306775, "params": {"C": 138.68509623007884, "epsilon": 2.089953780948863, "gamma": 0.04185586548119482}, "datetime": {"datetime": "2021-09-29 21:25:36", "elapsed": 133.699366, "delta": 1.07991}}
{"target": -55.650780197978676, "params": {"C": 19.172333415446573, "epsilon": 0.4810692767670172, "gamma": 0.01083970904618625}, "datetime": {"datetime": "2021-09-29 21:25:37", "elapsed": 134.842359, "delta": 1.142993}}
{"target": -61.5743160451183, "params": {"C": 97.80836973058686, "epsilon": 0.1199677221078216, "gamma": 0.03562099606875676}, "datetime": {"datetime": "2021-09-29 21:25:38", "elapsed": 135.976852, "delta": 1.134493}}
{"target": -58.96299590410587, "params": {"C": 10.197542712136839, "epsilon": 2.176081575172492, "gamma": 0.03560546893289872}, "datetime": {"datetime": "2021-09-29 21:25:39", "elapsed": 136.912846, "delta": 0.935994}}
{"target": -64.4189941087119, "params": {"C": 131.99707476103495, "epsilon": 2.4191537272084442, "gamma": 0.05025560238762965}, "datetime": {"datetime": "2021-09-29 21:25:40", "elapsed": 137.729179, "delta": 0.816333}}
{"target": -59.904447596577704, "params": {"C": 20.788896102837015, "epsilon": 1.2028796896416074, "gamma": 0.02888002444480085}, "datetime": {"datetime": "2021-09-29 21:25:41", "elapsed": 138.586179, "delta": 0.857}}
{"target": -57.42835239866587, "params": {"C": 10.467244486528935, "epsilon": 2.7677915655817555, "gamma": 0.023427282330421205}, "datetime": {"datetime": "2021-09-29 21:25:42", "elapsed": 139.836923, "delta": 1.250744}}
{"target": -59.48066775426953, "params": {"C": 3.8447670195805994, "epsilon": 0.2690638945225203, "gamma": 0.010009148454606683}, "datetime": {"datetime": "2021-09-29 21:25:43", "elapsed": 140.789793, "delta": 0.95287}}
{"target": -53.936431679621286, "params": {"C": 13.915918591297928, "epsilon": 1.2824762464157577, "gamma": 0.006622871218445656}, "datetime": {"datetime": "2021-09-29 21:25:44", "elapsed": 141.856309, "delta": 1.066516}}
{"target": -61.63666866579655, "params": {"C": 10.476731161648688, "epsilon": 2.5646705438965935, "gamma": 0.06942714964302561}, "datetime": {"datetime": "2021-09-29 21:25:45", "elapsed": 142.930301, "delta": 1.073992}}
{"target": -59.97041334254045, "params": {"C": 176.44337339956553, "epsilon": 2.8265237163100183, "gamma": 0.019997204076170717}, "datetime": {"datetime": "2021-09-29 21:25:46", "elapsed": 143.956748, "delta": 1.026447}}
{"target": -65.95134530096013, "params": {"C": 158.5701829580727, "epsilon": 2.211278731797944, "gamma": 0.054240943249938375}, "datetime": {"datetime": "2021-09-29 21:25:47", "elapsed": 144.872716, "delta": 0.915968}}
{"target": -58.26139852580737, "params": {"C": 10.41020699760024, "epsilon": 2.5710070586910723, "gamma": 0.0022774930962025475}, "datetime": {"datetime": "2021-09-29 21:25:48", "elapsed": 145.872424, "delta": 0.999708}}
{"target": -57.97040659706958, "params": {"C": 161.89637245346603, "epsilon": 1.0503327165653562, "gamma": 0.011927935508783223}, "datetime": {"datetime": "2021-09-29 21:25:49", "elapsed": 146.719428, "delta": 0.847004}}
{"target": -56.2363961311517, "params": {"C": 13.941561279396401, "epsilon": 1.3888657695969617, "gamma": 0.017567105105078445}, "datetime": {"datetime": "2021-09-29 21:25:50", "elapsed": 147.899623, "delta": 1.180195}}
{"target": -54.489496697126114, "params": {"C": 188.18246028003355, "epsilon": 2.9632567806354233, "gamma": 0.0014902929959037096}, "datetime": {"datetime": "2021-09-29 21:25:51", "elapsed": 148.787624, "delta": 0.888001}}
{"target": -66.23215028727842, "params": {"C": 94.72265246403231, "epsilon": 2.9793185917444345, "gamma": 0.08132982514429848}, "datetime": {"datetime": "2021-09-29 21:25:52", "elapsed": 149.635804, "delta": 0.84818}}
{"target": -61.08059099072767, "params": {"C": 57.063469957313785, "epsilon": 1.5720278651286226, "gamma": 0.03540869442374618}, "datetime": {"datetime": "2021-09-29 21:25:53", "elapsed": 150.509469, "delta": 0.873665}}
{"target": -64.44653432896237, "params": {"C": 185.21232655490695, "epsilon": 1.766033256161141, "gamma": 0.038872635528061875}, "datetime": {"datetime": "2021-09-29 21:25:54", "elapsed": 152.098948, "delta": 1.589479}}
{"target": -58.04037241485969, "params": {"C": 115.87969239900758, "epsilon": 0.5213975986268485, "gamma": 0.01387368340387574}, "datetime": {"datetime": "2021-09-29 21:25:55", "elapsed": 152.992942, "delta": 0.893994}}
{"target": -59.831207760161945, "params": {"C": 13.981389377059761, "epsilon": 1.43208575825687, "gamma": 0.03722081566027675}, "datetime": {"datetime": "2021-09-29 21:25:56", "elapsed": 154.361289, "delta": 1.368347}}
{"target": -62.168023233011304, "params": {"C": 33.92535456297954, "epsilon": 0.6477088518651796, "gamma": 0.04866730822415048}, "datetime": {"datetime": "2021-09-29 21:25:58", "elapsed": 155.676699, "delta": 1.31541}}
{"target": -71.12824847070003, "params": {"C": 26.87405126004798, "epsilon": 0.28764871543399156, "gamma": 0.0001}, "datetime": {"datetime": "2021-09-29 21:25:59", "elapsed": 157.044836, "delta": 1.368137}}
{"target": -60.6050919145365, "params": {"C": 46.48599968891752, "epsilon": 1.2012846299752615, "gamma": 0.03053320521180373}, "datetime": {"datetime": "2021-09-29 21:26:00", "elapsed": 158.19832, "delta": 1.153484}}
{"target": -65.56087647038525, "params": {"C": 86.43536089672259, "epsilon": 2.6480529806698603, "gamma": 0.07693457090966585}, "datetime": {"datetime": "2021-09-29 21:26:01", "elapsed": 159.166229, "delta": 0.967909}}
{"target": -62.28835331444389, "params": {"C": 116.08300379476334, "epsilon": 2.0246636666959685, "gamma": 0.03841825682566303}, "datetime": {"datetime": "2021-09-29 21:26:02", "elapsed": 160.118231, "delta": 0.952002}}
{"target": -67.72137432520246, "params": {"C": 155.56933566239383, "epsilon": 1.394378675101968, "gamma": 0.06991948903554905}, "datetime": {"datetime": "2021-09-29 21:26:03", "elapsed": 161.037464, "delta": 0.919233}}
{"target": -58.80752177028569, "params": {"C": 10.466754457306724, "epsilon": 2.8672298537900853, "gamma": 0.03288158727244675}, "datetime": {"datetime": "2021-09-29 21:26:05", "elapsed": 162.659194, "delta": 1.62173}}
{"target": -56.36620828914462, "params": {"C": 138.71394847300542, "epsilon": 2.1226684375507126, "gamma": 0.007125445782827303}, "datetime": {"datetime": "2021-09-29 21:26:06", "elapsed": 163.924896, "delta": 1.265702}}
{"target": -60.577020921596905, "params": {"C": 115.89608576281229, "epsilon": 0.6575203720883429, "gamma": 0.02625979974868443}, "datetime": {"datetime": "2021-09-29 21:26:07", "elapsed": 165.143329, "delta": 1.218433}}
{"target": -58.8622924500208, "params": {"C": 3.7718825140238734, "epsilon": 0.21973675036725387, "gamma": 0.03278045306360488}, "datetime": {"datetime": "2021-09-29 21:26:09", "elapsed": 166.624008, "delta": 1.480679}}
{"target": -58.28799730063707, "params": {"C": 66.78347462682498, "epsilon": 2.5555325483561835, "gamma": 0.01626492620334152}, "datetime": {"datetime": "2021-09-29 21:26:10", "elapsed": 167.549694, "delta": 0.925686}}
{"target": -64.18661082012335, "params": {"C": 63.82977773192813, "epsilon": 1.2197967516225343, "gamma": 0.07114197059864626}, "datetime": {"datetime": "2021-09-29 21:26:11", "elapsed": 168.477694, "delta": 0.928}}
{"target": -61.61673062419578, "params": {"C": 19.07411660169438, "epsilon": 0.5327954118850327, "gamma": 0.043236437431076025}, "datetime": {"datetime": "2021-09-29 21:26:12", "elapsed": 169.94196, "delta": 1.464266}}
{"target": -56.841830602400364, "params": {"C": 175.71092325668093, "epsilon": 1.5918073823750891, "gamma": 0.007819514738304372}, "datetime": {"datetime": "2021-09-29 21:26:13", "elapsed": 170.982545, "delta": 1.040585}}
{"target": -62.26355922043141, "params": {"C": 73.28240522040382, "epsilon": 2.2518498151719903, "gamma": 0.04799481942822592}, "datetime": {"datetime": "2021-09-29 21:26:14", "elapsed": 172.23574, "delta": 1.253195}}
{"target": -64.44364441742039, "params": {"C": 93.3856268620851, "epsilon": 0.6086920618933896, "gamma": 0.06230415651202569}, "datetime": {"datetime": "2021-09-29 21:26:15", "elapsed": 173.235085, "delta": 0.999345}}
{"target": -64.26921358016283, "params": {"C": 131.16716215429147, "epsilon": 1.0212477633049981, "gamma": 0.04796041078926771}, "datetime": {"datetime": "2021-09-29 21:26:17", "elapsed": 174.569082, "delta": 1.333997}}
{"target": -60.985315514285595, "params": {"C": 33.9558157445558, "epsilon": 0.6999381454824414, "gamma": 0.034825297383803085}, "datetime": {"datetime": "2021-09-29 21:26:18", "elapsed": 175.824983, "delta": 1.255901}}
{"target": -61.48455363081739, "params": {"C": 13.900815282558858, "epsilon": 1.2696439449080485, "gamma": 0.06253373984376284}, "datetime": {"datetime": "2021-09-29 21:26:19", "elapsed": 177.256417, "delta": 1.431434}}
{"target": -67.55317825212543, "params": {"C": 175.13857968763634, "epsilon": 2.567492639946086, "gamma": 0.06265490961860669}, "datetime": {"datetime": "2021-09-29 21:26:20", "elapsed": 178.243418, "delta": 0.987001}}
{"target": -60.69101587611747, "params": {"C": 19.321383060118222, "epsilon": 0.48449482517387, "gamma": 0.03301465542671098}, "datetime": {"datetime": "2021-09-29 21:26:22", "elapsed": 179.604633, "delta": 1.361215}}
{"target": -61.75889457646807, "params": {"C": 185.18945921456967, "epsilon": 1.807195850459424, "gamma": 0.025977906595647297}, "datetime": {"datetime": "2021-09-29 21:26:23", "elapsed": 180.910234, "delta": 1.305601}}
{"target": -60.68254442750928, "params": {"C": 19.20895918738053, "epsilon": 0.5061521428208492, "gamma": 0.033030228888054305}, "datetime": {"datetime": "2021-09-29 21:26:24", "elapsed": 182.326449, "delta": 1.416215}}
{"target": -67.24618700823116, "params": {"C": 156.57972515939917, "epsilon": 0.6517463373525587, "gamma": 0.06451954940131843}, "datetime": {"datetime": "2021-09-29 21:26:25", "elapsed": 183.36815, "delta": 1.041701}}
{"target": -56.70314241735133, "params": {"C": 115.94126603120395, "epsilon": 0.661884452575241, "gamma": 0.00907814497936231}, "datetime": {"datetime": "2021-09-29 21:26:27", "elapsed": 185.295334, "delta": 1.927184}}
{"target": -69.27447792981442, "params": {"C": 46.51532003928419, "epsilon": 1.1735075676204871, "gamma": 0.0001}, "datetime": {"datetime": "2021-09-29 21:26:29", "elapsed": 187.131956, "delta": 1.836622}}
{"target": -68.17212516968377, "params": {"C": 191.89775489641832, "epsilon": 1.8485763821778216, "gamma": 0.06372835779801267}, "datetime": {"datetime": "2021-09-29 21:26:30", "elapsed": 188.253361, "delta": 1.121405}}
{"target": -56.10781694386967, "params": {"C": 131.1277216419177, "epsilon": 0.9998926628606969, "gamma": 0.0056858948663653305}, "datetime": {"datetime": "2021-09-29 21:26:32", "elapsed": 190.005744, "delta": 1.752383}}
{"target": -62.58853761053076, "params": {"C": 19.211629855900966, "epsilon": 0.6350093147637119, "gamma": 0.06376930956407421}, "datetime": {"datetime": "2021-09-29 21:26:34", "elapsed": 191.92378, "delta": 1.918036}}
{"target": -58.04771783066875, "params": {"C": 19.296547289216303, "epsilon": 0.5533607208075274, "gamma": 0.020819200668636444}, "datetime": {"datetime": "2021-09-29 21:26:35", "elapsed": 193.309459, "delta": 1.385679}}
{"target": -57.85604591674341, "params": {"C": 138.7470518886264, "epsilon": 2.131498910334755, "gamma": 0.011249796159100482}, "datetime": {"datetime": "2021-09-29 21:26:37", "elapsed": 194.964457, "delta": 1.654998}}
{"target": -59.129505924902595, "params": {"C": 40.572016051487545, "epsilon": 0.7087362407659294, "gamma": 0.021377893036521604}, "datetime": {"datetime": "2021-09-29 21:26:39", "elapsed": 196.655702, "delta": 1.691245}}
{"target": -65.89118999968461, "params": {"C": 136.6220357081222, "epsilon": 2.0339627910910805, "gamma": 0.05959939096497708}, "datetime": {"datetime": "2021-09-29 21:26:40", "elapsed": 197.748923, "delta": 1.093221}}
{"target": -61.69145671710105, "params": {"C": 153.97113637254546, "epsilon": 2.174939236687789, "gamma": 0.02992222175775698}, "datetime": {"datetime": "2021-09-29 21:26:41", "elapsed": 198.919926, "delta": 1.171003}}
{"target": -57.003207765604756, "params": {"C": 161.9597916869096, "epsilon": 1.0634316185348964, "gamma": 0.008720554852503927}, "datetime": {"datetime": "2021-09-29 21:26:42", "elapsed": 200.333858, "delta": 1.413932}}
{"target": -68.50200176416683, "params": {"C": 13.991338676033509, "epsilon": 1.207781903862505, "gamma": 0.0003854272802335607}, "datetime": {"datetime": "2021-09-29 21:26:44", "elapsed": 201.976646, "delta": 1.642788}}
{"target": -64.53703253879671, "params": {"C": 164.4857410025004, "epsilon": 1.0775894886119841, "gamma": 0.04256774781063434}, "datetime": {"datetime": "2021-09-29 21:26:45", "elapsed": 203.141172, "delta": 1.164526}}
