{"target": -57.9728845974974, "params": {"C": 128.89994821267112, "epsilon": 2.5507465444970596, "gamma": 0.011855586556304943}, "datetime": {"datetime": "2021-09-29 21:54:15", "elapsed": 363.105672, "delta": 2.538017}}
{"target": -55.8725141806993, "params": {"C": 149.55416955150585, "epsilon": 2.6162105912085103, "gamma": 0.00340113904607699}, "datetime": {"datetime": "2021-09-29 21:54:18", "elapsed": 365.90005, "delta": 2.794378}}
{"target": -56.5099786097377, "params": {"C": 196.44416015498547, "epsilon": 1.1781897887535222, "gamma": 0.0059472648350079255}, "datetime": {"datetime": "2021-09-29 21:54:20", "elapsed": 367.910246, "delta": 2.010196}}
{"target": -56.20173863227701, "params": {"C": 148.64734853636833, "epsilon": 2.6847783892038506, "gamma": 0.006303956138216826}, "datetime": {"datetime": "2021-09-29 21:54:22", "elapsed": 370.250164, "delta": 2.339918}}
{"target": -55.90056093387052, "params": {"C": 183.09271328278754, "epsilon": 0.03373234200332057, "gamma": 0.0032511007263151376}, "datetime": {"datetime": "2021-09-29 21:54:24", "elapsed": 372.218289, "delta": 1.968125}}
{"target": -58.96490021859743, "params": {"C": 157.84503377557135, "epsilon": 1.6660598906548354, "gamma": 0.01556650838971565}, "datetime": {"datetime": "2021-09-29 21:54:26", "elapsed": 374.093952, "delta": 1.875663}}
{"target": -59.18821516934122, "params": {"C": 136.72729580988602, "epsilon": 2.5214890308276208, "gamma": 0.01663979480270798}, "datetime": {"datetime": "2021-09-29 21:54:28", "elapsed": 375.909893, "delta": 1.815941}}
{"target": -59.8340071223437, "params": {"C": 172.77574182474612, "epsilon": 0.14874059397439032, "gamma": 0.01919617654985241}, "datetime": {"datetime": "2021-09-29 21:54:30", "elapsed": 378.21011, "delta": 2.300217}}
{"target": -59.54470698559754, "params": {"C": 111.3848009646835, "epsilon": 2.091804692306545, "gamma": 0.01975530921623199}, "datetime": {"datetime": "2021-09-29 21:54:32", "elapsed": 380.125723, "delta": 1.915613}}
{"target": -53.73510343323564, "params": {"C": 172.7905174273726, "epsilon": 0.15938415588508956, "gamma": 0.00023643074719489101}, "datetime": {"datetime": "2021-09-29 21:54:34", "elapsed": 382.415046, "delta": 2.289323}}
{"target": -57.543488713813076, "params": {"C": 168.20225964614423, "epsilon": 1.2892099632313816, "gamma": 0.010055070289309671}, "datetime": {"datetime": "2021-09-29 21:54:37", "elapsed": 384.757631, "delta": 2.342585}}
{"target": -55.7821110854171, "params": {"C": 153.92492200398846, "epsilon": 1.456948412238384, "gamma": 0.0032289295371637746}, "datetime": {"datetime": "2021-09-29 21:54:39", "elapsed": 386.796278, "delta": 2.038647}}
{"target": -56.87549676643384, "params": {"C": 125.20652166334361, "epsilon": 1.8190042303586293, "gamma": 0.008737703870172111}, "datetime": {"datetime": "2021-09-29 21:54:41", "elapsed": 389.651179, "delta": 2.854901}}
{"target": -57.26962046348311, "params": {"C": 189.9013147959943, "epsilon": 1.71809914708737, "gamma": 0.00976138157025938}, "datetime": {"datetime": "2021-09-29 21:54:43", "elapsed": 391.501965, "delta": 1.850786}}
{"target": -59.32848771363252, "params": {"C": 130.7378427352594, "epsilon": 2.6662061731038365, "gamma": 0.01754864184295305}, "datetime": {"datetime": "2021-09-29 21:54:46", "elapsed": 394.207635, "delta": 2.70567}}
{"target": -56.14539715964665, "params": {"C": 183.43506581518113, "epsilon": 2.1833215707649805, "gamma": 0.0035740529906284893}, "datetime": {"datetime": "2021-09-29 21:54:48", "elapsed": 396.107578, "delta": 1.899943}}
{"target": -55.600038455996255, "params": {"C": 143.40061904531046, "epsilon": 0.560000383758015, "gamma": 0.0027829570287639144}, "datetime": {"datetime": "2021-09-29 21:54:52", "elapsed": 400.313667, "delta": 4.206089}}
{"target": -51.52087593192029, "params": {"C": 126.7098719839238, "epsilon": 0.7948857010115683, "gamma": 0.0006523821090490318}, "datetime": {"datetime": "2021-09-29 21:54:54", "elapsed": 402.274779, "delta": 1.961112}}
{"target": -58.130253648957954, "params": {"C": 115.24362869792803, "epsilon": 1.8595892944873258, "gamma": 0.012970745697891277}, "datetime": {"datetime": "2021-09-29 21:54:57", "elapsed": 404.901053, "delta": 2.626274}}
{"target": -56.2164847006174, "params": {"C": 116.27021098211438, "epsilon": 1.7940251153687548, "gamma": 0.00448459414509685}, "datetime": {"datetime": "2021-09-29 21:54:59", "elapsed": 406.995784, "delta": 2.094731}}
{"target": -57.79231632537809, "params": {"C": 130.71676935792505, "epsilon": 2.6604389191539894, "gamma": 0.01084751553712965}, "datetime": {"datetime": "2021-09-29 21:55:01", "elapsed": 409.18403, "delta": 2.188246}}
{"target": -57.74117922082282, "params": {"C": 118.92615856323911, "epsilon": 0.016719968700534202, "gamma": 0.013433739169386184}, "datetime": {"datetime": "2021-09-29 21:55:03", "elapsed": 411.161794, "delta": 1.977764}}
{"target": -56.22520220828087, "params": {"C": 148.63366964252447, "epsilon": 2.708119015005303, "gamma": 0.006411437215292048}, "datetime": {"datetime": "2021-09-29 21:55:05", "elapsed": 413.464442, "delta": 2.302648}}
{"target": -59.21433665896456, "params": {"C": 133.374000728057, "epsilon": 2.4181446825664947, "gamma": 0.016961697520644657}, "datetime": {"datetime": "2021-09-29 21:55:07", "elapsed": 415.480576, "delta": 2.016134}}
{"target": -55.98678044309305, "params": {"C": 110.15816026854867, "epsilon": 0.1901698884048717, "gamma": 0.005697474792496379}, "datetime": {"datetime": "2021-09-29 21:55:09", "elapsed": 417.33949, "delta": 1.858914}}
{"target": -58.789499429357036, "params": {"C": 112.68239204106423, "epsilon": 1.0688082559509406, "gamma": 0.016392943247368685}, "datetime": {"datetime": "2021-09-29 21:55:11", "elapsed": 419.428578, "delta": 2.089088}}
{"target": -56.507941553780796, "params": {"C": 124.21103007924586, "epsilon": 1.4960130353916685, "gamma": 0.0071519691877896426}, "datetime": {"datetime": "2021-09-29 21:55:14", "elapsed": 422.314463, "delta": 2.885885}}
{"target": -57.08348551034401, "params": {"C": 143.3870543280276, "epsilon": 0.550332590277239, "gamma": 0.009927394842987367}, "datetime": {"datetime": "2021-09-29 21:55:17", "elapsed": 425.40793, "delta": 3.093467}}
{"target": -56.4898939468511, "params": {"C": 153.8281207489885, "epsilon": 1.5897086797381346, "gamma": 0.006763698310720866}, "datetime": {"datetime": "2021-09-29 21:55:19", "elapsed": 427.389837, "delta": 1.981907}}
{"target": -57.97980598692579, "params": {"C": 141.0573136360211, "epsilon": 2.8889763626214657, "gamma": 0.012288545676954423}, "datetime": {"datetime": "2021-09-29 21:55:21", "elapsed": 429.519883, "delta": 2.130046}}
{"target": -57.55378853689683, "params": {"C": 107.75986441473303, "epsilon": 0.7978711206491558, "gamma": 0.012446455886666489}, "datetime": {"datetime": "2021-09-29 21:55:24", "elapsed": 432.193762, "delta": 2.673879}}
{"target": -54.16335126363848, "params": {"C": 168.20958591641158, "epsilon": 1.2912540007453914, "gamma": 0.0016024548066777972}, "datetime": {"datetime": "2021-09-29 21:55:27", "elapsed": 434.92938, "delta": 2.735618}}
{"target": -57.6169571557479, "params": {"C": 148.63719116173098, "epsilon": 2.6872110284834374, "gamma": 0.009686564092782709}, "datetime": {"datetime": "2021-09-29 21:55:30", "elapsed": 437.779533, "delta": 2.850153}}
{"target": -57.11917169515864, "params": {"C": 110.32907061559912, "epsilon": 2.1650887247787614, "gamma": 0.00960338249488761}, "datetime": {"datetime": "2021-09-29 21:55:32", "elapsed": 440.665759, "delta": 2.886226}}
{"target": -56.20311050731544, "params": {"C": 120.3725878799456, "epsilon": 2.3303562028767137, "gamma": 0.006633635490425769}, "datetime": {"datetime": "2021-09-29 21:55:35", "elapsed": 443.620689, "delta": 2.95493}}
{"target": -57.99226719614122, "params": {"C": 151.97246617363768, "epsilon": 2.803619618010101, "gamma": 0.012373765876745286}, "datetime": {"datetime": "2021-09-29 21:55:37", "elapsed": 445.636087, "delta": 2.015398}}
{"target": -57.380518129081416, "params": {"C": 175.42414209147637, "epsilon": 1.848611373679849, "gamma": 0.00921688527027786}, "datetime": {"datetime": "2021-09-29 21:55:39", "elapsed": 447.673458, "delta": 2.037371}}
{"target": -57.59454259347759, "params": {"C": 185.84333757936662, "epsilon": 0.17087666655427589, "gamma": 0.010817174161045533}, "datetime": {"datetime": "2021-09-29 21:55:42", "elapsed": 449.718756, "delta": 2.045298}}
{"target": -57.69421404616737, "params": {"C": 125.27568333629321, "epsilon": 2.283379619104401, "gamma": 0.010591645065721782}, "datetime": {"datetime": "2021-09-29 21:55:44", "elapsed": 451.98815, "delta": 2.269394}}
{"target": -56.72480327029147, "params": {"C": 146.5249344919984, "epsilon": 0.3072962356863808, "gamma": 0.008929091064333537}, "datetime": {"datetime": "2021-09-29 21:55:47", "elapsed": 455.519911, "delta": 3.531761}}
{"target": -54.01795326626853, "params": {"C": 140.44526471585044, "epsilon": 1.9088533263082164, "gamma": 0.0002299868889083915}, "datetime": {"datetime": "2021-09-29 21:55:50", "elapsed": 458.239675, "delta": 2.719764}}
{"target": -57.898230705289855, "params": {"C": 176.71050334382818, "epsilon": 1.4146626483090718, "gamma": 0.011568814840308667}, "datetime": {"datetime": "2021-09-29 21:55:53", "elapsed": 461.10893, "delta": 2.869255}}
{"target": -59.02595037572317, "params": {"C": 147.0829569386936, "epsilon": 2.412729027854214, "gamma": 0.015799719132293062}, "datetime": {"datetime": "2021-09-29 21:55:55", "elapsed": 463.477418, "delta": 2.368488}}
{"target": -58.066467180119965, "params": {"C": 189.39722287362463, "epsilon": 0.2967348840398025, "gamma": 0.012551990960175093}, "datetime": {"datetime": "2021-09-29 21:55:58", "elapsed": 465.730342, "delta": 2.252924}}
{"target": -52.6771053697921, "params": {"C": 101.16871194712887, "epsilon": 2.772172252282007, "gamma": 0.001295514282401721}, "datetime": {"datetime": "2021-09-29 21:56:01", "elapsed": 468.804897, "delta": 3.074555}}
{"target": -56.42556621053553, "params": {"C": 186.05437167147318, "epsilon": 1.7267477894570882, "gamma": 0.005854094674072459}, "datetime": {"datetime": "2021-09-29 21:56:04", "elapsed": 472.29596, "delta": 3.491063}}
{"target": -56.28997265540511, "params": {"C": 101.18565850818418, "epsilon": 2.776994601158588, "gamma": 0.0077237593190185305}, "datetime": {"datetime": "2021-09-29 21:56:07", "elapsed": 474.91462, "delta": 2.61866}}
{"target": -55.738778190780835, "params": {"C": 155.51590119221115, "epsilon": 1.0804596480381417, "gamma": 0.002745798035275473}, "datetime": {"datetime": "2021-09-29 21:56:09", "elapsed": 477.306482, "delta": 2.391862}}
{"target": -58.377784310797445, "params": {"C": 147.01448128499976, "epsilon": 1.6124970400655914, "gamma": 0.013726145065820273}, "datetime": {"datetime": "2021-09-29 21:56:13", "elapsed": 480.96641, "delta": 3.659928}}
{"target": -57.76952260496465, "params": {"C": 134.7554345518581, "epsilon": 2.6613347968693444, "gamma": 0.010803416733714757}, "datetime": {"datetime": "2021-09-29 21:56:15", "elapsed": 483.259947, "delta": 2.293537}}
{"target": -59.707243799577334, "params": {"C": 149.8587020828698, "epsilon": 1.2749632798987498, "gamma": 0.01974417370243107}, "datetime": {"datetime": "2021-09-29 21:56:17", "elapsed": 485.601608, "delta": 2.341661}}
{"target": -57.345992985006944, "params": {"C": 107.3362006575656, "epsilon": 0.9935938469018073, "gamma": 0.01082146691905091}, "datetime": {"datetime": "2021-09-29 21:56:20", "elapsed": 487.943082, "delta": 2.341474}}
{"target": -58.457127316444854, "params": {"C": 148.65674911587428, "epsilon": 2.6977130691516384, "gamma": 0.013732137419127096}, "datetime": {"datetime": "2021-09-29 21:56:23", "elapsed": 490.831717, "delta": 2.888635}}
{"target": -59.82067524309736, "params": {"C": 175.36675504526758, "epsilon": 0.7693316133895837, "gamma": 0.019302663283322596}, "datetime": {"datetime": "2021-09-29 21:56:25", "elapsed": 493.350217, "delta": 2.5185}}
{"target": -59.313401233838434, "params": {"C": 194.67674686474263, "epsilon": 1.8569888958303074, "gamma": 0.015910492586951226}, "datetime": {"datetime": "2021-09-29 21:56:27", "elapsed": 495.611541, "delta": 2.261324}}
{"target": -56.300270788226136, "params": {"C": 196.54505049850815, "epsilon": 1.8972895869538797, "gamma": 0.005041945121971175}, "datetime": {"datetime": "2021-09-29 21:56:30", "elapsed": 498.624417, "delta": 3.012876}}
{"target": -57.774776864784, "params": {"C": 149.84614991645796, "epsilon": 1.2405478398581689, "gamma": 0.01123927344993119}, "datetime": {"datetime": "2021-09-29 21:56:33", "elapsed": 501.067217, "delta": 2.4428}}
{"target": -56.05533361186009, "params": {"C": 147.61811112063347, "epsilon": 0.18762389953889932, "gamma": 0.003252285823600596}, "datetime": {"datetime": "2021-09-29 21:56:35", "elapsed": 503.291399, "delta": 2.224182}}
{"target": -57.38002790400847, "params": {"C": 100.80680967016005, "epsilon": 0.47426038934313947, "gamma": 0.011650123232563472}, "datetime": {"datetime": "2021-09-29 21:56:39", "elapsed": 506.878549, "delta": 3.58715}}
{"target": -58.431084575798764, "params": {"C": 113.45515383939602, "epsilon": 1.5531883466306333, "gamma": 0.01432787547590074}, "datetime": {"datetime": "2021-09-29 21:56:42", "elapsed": 510.103074, "delta": 3.224525}}
{"target": -57.78563872459158, "params": {"C": 194.7698658430152, "epsilon": 2.443565321594675, "gamma": 0.011062804851078634}, "datetime": {"datetime": "2021-09-29 21:56:45", "elapsed": 513.20958, "delta": 3.106506}}
{"target": -58.90516079686074, "params": {"C": 115.74873178893972, "epsilon": 0.4563283959310349, "gamma": 0.01716932697712668}, "datetime": {"datetime": "2021-09-29 21:56:47", "elapsed": 515.380223, "delta": 2.170643}}
{"target": -58.86727650324244, "params": {"C": 186.77045593364306, "epsilon": 2.8558237285540584, "gamma": 0.01387442692513042}, "datetime": {"datetime": "2021-09-29 21:56:50", "elapsed": 518.278248, "delta": 2.898025}}
{"target": -56.42664414027241, "params": {"C": 190.63080726354158, "epsilon": 0.9805448894646717, "gamma": 0.005703875435244712}, "datetime": {"datetime": "2021-09-29 21:56:52", "elapsed": 520.617198, "delta": 2.33895}}
{"target": -57.22381532859373, "params": {"C": 164.69632951947528, "epsilon": 1.6100026148970972, "gamma": 0.00880730153154671}, "datetime": {"datetime": "2021-09-29 21:56:55", "elapsed": 523.572804, "delta": 2.955606}}
{"target": -58.29691774071175, "params": {"C": 132.01860460748236, "epsilon": 0.6309668318908196, "gamma": 0.01407162066891394}, "datetime": {"datetime": "2021-09-29 21:56:58", "elapsed": 525.705998, "delta": 2.133194}}
{"target": -54.29815286480093, "params": {"C": 193.36823132886036, "epsilon": 1.3436341825656783, "gamma": 0.0015254321110853906}, "datetime": {"datetime": "2021-09-29 21:57:00", "elapsed": 528.199149, "delta": 2.493151}}
{"target": -56.516997683479055, "params": {"C": 196.5566264556107, "epsilon": 1.8895649792626508, "gamma": 0.006797083948029444}, "datetime": {"datetime": "2021-09-29 21:57:03", "elapsed": 531.4931, "delta": 3.293951}}
{"target": -56.98984289504625, "params": {"C": 192.88117625216915, "epsilon": 0.40460290469798693, "gamma": 0.008754257439685867}, "datetime": {"datetime": "2021-09-29 21:57:07", "elapsed": 535.586106, "delta": 4.093006}}
{"target": -55.79436967181086, "params": {"C": 154.64092883016633, "epsilon": 2.293173800966431, "gamma": 0.0033662153171160804}, "datetime": {"datetime": "2021-09-29 21:57:10", "elapsed": 538.279714, "delta": 2.693608}}
{"target": -57.40715618650986, "params": {"C": 177.6019631320486, "epsilon": 2.5033008462456956, "gamma": 0.009421867922025352}, "datetime": {"datetime": "2021-09-29 21:57:13", "elapsed": 541.352671, "delta": 3.072957}}
{"target": -57.503824124360726, "params": {"C": 166.14379900388502, "epsilon": 2.3825920388677027, "gamma": 0.009626288706645612}, "datetime": {"datetime": "2021-09-29 21:57:16", "elapsed": 544.572078, "delta": 3.219407}}
{"target": -55.60252943692417, "params": {"C": 132.20504269302788, "epsilon": 1.6281555812506923, "gamma": 0.0031019216530048443}, "datetime": {"datetime": "2021-09-29 21:57:19", "elapsed": 546.906639, "delta": 2.334561}}
{"target": -56.14215921284751, "params": {"C": 136.44924645461685, "epsilon": 1.9973979533288468, "gamma": 0.005328091097119788}, "datetime": {"datetime": "2021-09-29 21:57:21", "elapsed": 549.270961, "delta": 2.364322}}
{"target": -52.44326793193758, "params": {"C": 111.06938949582957, "epsilon": 1.2041191247174077, "gamma": 0.0010286307206663465}, "datetime": {"datetime": "2021-09-29 21:57:24", "elapsed": 551.700903, "delta": 2.429942}}
{"target": -55.393216615289596, "params": {"C": 112.58781448198748, "epsilon": 0.7807463044294691, "gamma": 0.0031599112125921206}, "datetime": {"datetime": "2021-09-29 21:57:27", "elapsed": 555.323317, "delta": 3.622414}}
{"target": -55.56124926074059, "params": {"C": 112.55404646108396, "epsilon": 1.9159318375216947, "gamma": 0.0035223571652243215}, "datetime": {"datetime": "2021-09-29 21:57:30", "elapsed": 557.775683, "delta": 2.452366}}
{"target": -58.02934483882578, "params": {"C": 125.21944048034098, "epsilon": 1.8184186158245976, "gamma": 0.012173110254059831}, "datetime": {"datetime": "2021-09-29 21:57:34", "elapsed": 561.914833, "delta": 4.13915}}
{"target": -55.60990679539818, "params": {"C": 189.63265327453036, "epsilon": 2.142929377823509, "gamma": 0.002696119557145731}, "datetime": {"datetime": "2021-09-29 21:57:36", "elapsed": 564.395004, "delta": 2.480171}}
{"target": -56.42551804224738, "params": {"C": 132.21076911526035, "epsilon": 1.627617000284043, "gamma": 0.007002577258297701}, "datetime": {"datetime": "2021-09-29 21:57:42", "elapsed": 569.760954, "delta": 5.36595}}
{"target": -56.11624084339688, "params": {"C": 116.27149917590711, "epsilon": 1.7795365511256465, "gamma": 0.00435798191702874}, "datetime": {"datetime": "2021-09-29 21:57:45", "elapsed": 572.887681, "delta": 3.126727}}
{"target": -52.656708786479676, "params": {"C": 124.42129730172276, "epsilon": 0.83822551477723, "gamma": 0.0010643665819379939}, "datetime": {"datetime": "2021-09-29 21:57:47", "elapsed": 575.333878, "delta": 2.446197}}
{"target": -59.74954720364202, "params": {"C": 197.56321531505844, "epsilon": 2.0933160858987123, "gamma": 0.01809707050164691}, "datetime": {"datetime": "2021-09-29 21:57:50", "elapsed": 577.95473, "delta": 2.620852}}
{"target": -55.89974988880157, "params": {"C": 102.1687518561604, "epsilon": 0.514068376879454, "gamma": 0.004063219310972607}, "datetime": {"datetime": "2021-09-29 21:57:52", "elapsed": 580.440706, "delta": 2.485976}}
{"target": -57.898627761638465, "params": {"C": 101.18182461394755, "epsilon": 2.7822867789856396, "gamma": 0.011892975621598606}, "datetime": {"datetime": "2021-09-29 21:57:56", "elapsed": 584.509067, "delta": 4.068361}}
{"target": -59.44146653315152, "params": {"C": 142.64203311367186, "epsilon": 0.5559805316640323, "gamma": 0.0181527165948717}, "datetime": {"datetime": "2021-09-29 21:57:59", "elapsed": 586.91829, "delta": 2.409223}}
{"target": -57.363684512350254, "params": {"C": 179.2388375523821, "epsilon": 2.53192352309371, "gamma": 0.009726969199941862}, "datetime": {"datetime": "2021-09-29 21:58:01", "elapsed": 589.37548, "delta": 2.45719}}
{"target": -57.0680906210096, "params": {"C": 100.83401055581444, "epsilon": 1.3187229036106807, "gamma": 0.0099749798970103}, "datetime": {"datetime": "2021-09-29 21:58:04", "elapsed": 592.040949, "delta": 2.665469}}
{"target": -57.37412279246213, "params": {"C": 143.5391210404612, "epsilon": 1.2696287360228242, "gamma": 0.010010009871186902}, "datetime": {"datetime": "2021-09-29 21:58:08", "elapsed": 595.791971, "delta": 3.751022}}
{"target": -58.11762230230041, "params": {"C": 128.39807657979472, "epsilon": 1.2525381513395397, "gamma": 0.012884313297907481}, "datetime": {"datetime": "2021-09-29 21:58:10", "elapsed": 598.390187, "delta": 2.598216}}
{"target": -57.19098692756729, "params": {"C": 149.93087075212307, "epsilon": 1.680110990369757, "gamma": 0.009081275010136855}, "datetime": {"datetime": "2021-09-29 21:58:13", "elapsed": 601.606129, "delta": 3.215942}}
{"target": -58.578635803074285, "params": {"C": 108.96770899422579, "epsilon": 1.7193229263049132, "gamma": 0.015042662091828989}, "datetime": {"datetime": "2021-09-29 21:58:16", "elapsed": 604.056532, "delta": 2.450403}}
{"target": -57.93401033496418, "params": {"C": 185.51419251992053, "epsilon": 0.9203097740575605, "gamma": 0.011643943372729407}, "datetime": {"datetime": "2021-09-29 21:58:18", "elapsed": 606.553127, "delta": 2.496595}}
{"target": -52.70416463019689, "params": {"C": 103.79423269684457, "epsilon": 1.8258426779238637, "gamma": 0.0013419041594584682}, "datetime": {"datetime": "2021-09-29 21:58:22", "elapsed": 610.088031, "delta": 3.534904}}
{"target": -56.40002253146026, "params": {"C": 199.90087856726217, "epsilon": 0.08301597975204117, "gamma": 0.006935924779207251}, "datetime": {"datetime": "2021-09-29 21:58:25", "elapsed": 613.663242, "delta": 3.575211}}
{"target": -59.20932100749173, "params": {"C": 107.90268100941965, "epsilon": 1.258684956641508, "gamma": 0.018846966942307853}, "datetime": {"datetime": "2021-09-29 21:58:28", "elapsed": 616.225741, "delta": 2.562499}}
{"target": -53.82051861439244, "params": {"C": 167.07866970322408, "epsilon": 2.371570574820195, "gamma": 0.0013349694933765268}, "datetime": {"datetime": "2021-09-29 21:58:31", "elapsed": 619.274342, "delta": 3.048601}}
{"target": -56.06658168585522, "params": {"C": 101.29705040385588, "epsilon": 2.6154015659826126, "gamma": 0.005861213999571434}, "datetime": {"datetime": "2021-09-29 21:58:35", "elapsed": 622.845332, "delta": 3.57099}}
{"target": -55.92005844741886, "params": {"C": 199.89019038687763, "epsilon": 0.11097373493724524, "gamma": 0.004926688446389229}, "datetime": {"datetime": "2021-09-29 21:58:39", "elapsed": 626.972551, "delta": 4.127219}}
