{"target": -59.08865105585378, "params": {"C": 232.3292031283853, "epsilon": 0.5136741417503587, "gamma": 0.010904827110781947}, "datetime": {"datetime": "2021-09-29 21:49:59", "elapsed": 18.627377, "delta": 0.376993}}
{"target": -56.7649046764632, "params": {"C": 210.32321899948138, "epsilon": 2.188919082194781, "gamma": 0.003002829145115306}, "datetime": {"datetime": "2021-09-29 21:49:59", "elapsed": 18.954377, "delta": 0.327}}
{"target": -60.7699366807946, "params": {"C": 294.5131998675033, "epsilon": 1.0363616657147892, "gamma": 0.01722543946008341}, "datetime": {"datetime": "2021-09-29 21:50:00", "elapsed": 19.247379, "delta": 0.293002}}
{"target": -59.326592200549264, "params": {"C": 261.23520342866664, "epsilon": 1.3659781696146527, "gamma": 0.011021493237225127}, "datetime": {"datetime": "2021-09-29 21:50:00", "elapsed": 19.607799, "delta": 0.36042}}
{"target": -58.81786175087711, "params": {"C": 202.38986983643352, "epsilon": 0.8030884262555791, "gamma": 0.011024845196235356}, "datetime": {"datetime": "2021-09-29 21:50:00", "elapsed": 19.899796, "delta": 0.291997}}
{"target": -59.27661643103343, "params": {"C": 230.03503839055202, "epsilon": 1.9707904458472028, "gamma": 0.015297551498076444}, "datetime": {"datetime": "2021-09-29 21:50:01", "elapsed": 20.248843, "delta": 0.349047}}
{"target": -59.48610992137162, "params": {"C": 209.8282409664833, "epsilon": 2.1816782728208612, "gamma": 0.01841258305461552}, "datetime": {"datetime": "2021-09-29 21:50:01", "elapsed": 20.5448, "delta": 0.295957}}
{"target": -59.8693038705341, "params": {"C": 205.26932658395677, "epsilon": 1.166473093366109, "gamma": 0.017854388163672227}, "datetime": {"datetime": "2021-09-29 21:50:01", "elapsed": 20.8478, "delta": 0.303}}
{"target": -56.12902179240318, "params": {"C": 206.70039055318603, "epsilon": 2.4886409624770285, "gamma": 0.0015188592964651632}, "datetime": {"datetime": "2021-09-29 21:50:02", "elapsed": 21.189796, "delta": 0.341996}}
{"target": -59.88800307031996, "params": {"C": 255.61050587180878, "epsilon": 1.2130656822276833, "gamma": 0.015611053062328604}, "datetime": {"datetime": "2021-09-29 21:50:02", "elapsed": 21.534331, "delta": 0.344535}}
{"target": -60.2012194306573, "params": {"C": 229.12159788585643, "epsilon": 0.31308350108532274, "gamma": 0.01661380644209306}, "datetime": {"datetime": "2021-09-29 21:50:02", "elapsed": 21.841331, "delta": 0.307}}
{"target": -59.37362463276871, "params": {"C": 250.9966572652231, "epsilon": 0.216478223015621, "gamma": 0.011246472979698186}, "datetime": {"datetime": "2021-09-29 21:50:03", "elapsed": 22.168921, "delta": 0.32759}}
{"target": -57.27076998279783, "params": {"C": 299.01250314551464, "epsilon": 2.2349506742900074, "gamma": 0.0029097159556015478}, "datetime": {"datetime": "2021-09-29 21:50:03", "elapsed": 22.474918, "delta": 0.305997}}
{"target": -58.233948878669985, "params": {"C": 217.85898024175222, "epsilon": 1.4929493977409665, "gamma": 0.007182079325815197}, "datetime": {"datetime": "2021-09-29 21:50:03", "elapsed": 22.913962, "delta": 0.439044}}
{"target": -59.1595661588998, "params": {"C": 249.43823828108447, "epsilon": 2.489684567151519, "gamma": 0.010931817682504133}, "datetime": {"datetime": "2021-09-29 21:50:04", "elapsed": 23.273917, "delta": 0.359955}}
{"target": -59.070935998995154, "params": {"C": 246.17831182592158, "epsilon": 2.1023664107193567, "gamma": 0.01357556027853924}, "datetime": {"datetime": "2021-09-29 21:50:04", "elapsed": 23.629213, "delta": 0.355296}}
{"target": -56.72456373928673, "params": {"C": 286.06071490993673, "epsilon": 1.7284343022671822, "gamma": 0.00214338459434323}, "datetime": {"datetime": "2021-09-29 21:50:04", "elapsed": 24.006177, "delta": 0.376964}}
{"target": -58.681234280495076, "params": {"C": 218.19637477438263, "epsilon": 1.4781583959854874, "gamma": 0.00018131854723351423}, "datetime": {"datetime": "2021-09-29 21:50:05", "elapsed": 24.330216, "delta": 0.324039}}
{"target": -58.13802555078832, "params": {"C": 256.5310520851828, "epsilon": 2.6544322686201993, "gamma": 0.00018327971759384787}, "datetime": {"datetime": "2021-09-29 21:50:05", "elapsed": 24.65118, "delta": 0.320964}}
{"target": -59.09823222204611, "params": {"C": 238.33081446464, "epsilon": 2.211222898075172, "gamma": 0.010857834303252179}, "datetime": {"datetime": "2021-09-29 21:50:06", "elapsed": 25.241172, "delta": 0.589992}}
{"target": -58.625718417485004, "params": {"C": 281.19389471724514, "epsilon": 1.4776601868172572, "gamma": 0.00759607042528082}, "datetime": {"datetime": "2021-09-29 21:50:06", "elapsed": 25.647479, "delta": 0.406307}}
{"target": -59.894993474467505, "params": {"C": 288.21926181604596, "epsilon": 1.2942061349889797, "gamma": 0.014517002410558399}, "datetime": {"datetime": "2021-09-29 21:50:06", "elapsed": 25.983471, "delta": 0.335992}}
{"target": -56.75902681833309, "params": {"C": 294.5015136652099, "epsilon": 0.4157627002346848, "gamma": 0.0020073520528139355}, "datetime": {"datetime": "2021-09-29 21:50:07", "elapsed": 26.349441, "delta": 0.36597}}
{"target": -58.510518417099114, "params": {"C": 216.79527736097327, "epsilon": 2.5628577236538055, "gamma": 0.00951112222414877}, "datetime": {"datetime": "2021-09-29 21:50:07", "elapsed": 26.810441, "delta": 0.461}}
{"target": -58.89513310123322, "params": {"C": 242.8994424406133, "epsilon": 0.7649168928515652, "gamma": 0.00942697847565947}, "datetime": {"datetime": "2021-09-29 21:50:08", "elapsed": 27.374522, "delta": 0.564081}}
{"target": -60.04458664565436, "params": {"C": 275.73483259471226, "epsilon": 1.1635274563897005, "gamma": 0.015246744756629868}, "datetime": {"datetime": "2021-09-29 21:50:08", "elapsed": 27.81508, "delta": 0.440558}}
{"target": -59.47057189825335, "params": {"C": 205.1586484866464, "epsilon": 1.0807471897046808, "gamma": 0.015865144186801128}, "datetime": {"datetime": "2021-09-29 21:50:09", "elapsed": 28.215078, "delta": 0.399998}}
{"target": -60.459824653244375, "params": {"C": 251.04718262711498, "epsilon": 0.07635182158100934, "gamma": 0.01651162674636523}, "datetime": {"datetime": "2021-09-29 21:50:09", "elapsed": 28.618084, "delta": 0.403006}}
{"target": -55.564543976427046, "params": {"C": 296.85199384758846, "epsilon": 2.936004801309404, "gamma": 0.00042730781439954485}, "datetime": {"datetime": "2021-09-29 21:50:09", "elapsed": 28.94108, "delta": 0.322996}}
{"target": -60.96632859977266, "params": {"C": 299.3644758304254, "epsilon": 1.4192928060585859, "gamma": 0.017768323536489845}, "datetime": {"datetime": "2021-09-29 21:50:10", "elapsed": 29.276113, "delta": 0.335033}}
{"target": -58.69031683858683, "params": {"C": 208.2939105841714, "epsilon": 2.8794571506914632, "gamma": 0.011235002161037563}, "datetime": {"datetime": "2021-09-29 21:50:10", "elapsed": 29.597389, "delta": 0.321276}}
{"target": -59.37547697383455, "params": {"C": 261.771025227668, "epsilon": 0.9195179547589637, "gamma": 0.010508767305054569}, "datetime": {"datetime": "2021-09-29 21:50:10", "elapsed": 29.928386, "delta": 0.330997}}
{"target": -58.649737927018386, "params": {"C": 224.04643105016865, "epsilon": 1.2723005622157073, "gamma": 0.009131491770005688}, "datetime": {"datetime": "2021-09-29 21:50:11", "elapsed": 30.282425, "delta": 0.354039}}
{"target": -56.43987502681034, "params": {"C": 248.43204538663804, "epsilon": 2.7837215205637578, "gamma": 0.0022135690275354816}, "datetime": {"datetime": "2021-09-29 21:50:11", "elapsed": 30.60742, "delta": 0.324995}}
{"target": -55.758913578561206, "params": {"C": 213.24458343997438, "epsilon": 1.3375683520479065, "gamma": 0.0013987677990946763}, "datetime": {"datetime": "2021-09-29 21:50:11", "elapsed": 31.04838, "delta": 0.44096}}
{"target": -60.47646580599747, "params": {"C": 234.70352532470775, "epsilon": 0.2540446991966456, "gamma": 0.017708446999902254}, "datetime": {"datetime": "2021-09-29 21:50:12", "elapsed": 31.471406, "delta": 0.423026}}
{"target": -56.63320765740632, "params": {"C": 280.315270247768, "epsilon": 1.3111791221372435, "gamma": 0.0019750483538735837}, "datetime": {"datetime": "2021-09-29 21:50:12", "elapsed": 31.855413, "delta": 0.384007}}
{"target": -58.91408706434817, "params": {"C": 283.08792064333204, "epsilon": 0.9496837514039622, "gamma": 0.008474479393247665}, "datetime": {"datetime": "2021-09-29 21:50:13", "elapsed": 32.259174, "delta": 0.403761}}
{"target": -57.08608536951688, "params": {"C": 202.36761105038667, "epsilon": 2.2422607899232623, "gamma": 0.004581240724295771}, "datetime": {"datetime": "2021-09-29 21:50:13", "elapsed": 32.704163, "delta": 0.444989}}
{"target": -59.425810286789, "params": {"C": 224.86655354023713, "epsilon": 2.6334130082490854, "gamma": 0.018278464967314417}, "datetime": {"datetime": "2021-09-29 21:50:14", "elapsed": 33.113174, "delta": 0.409011}}
{"target": -60.836214433425205, "params": {"C": 279.73082508449374, "epsilon": 1.727640680873834, "gamma": 0.018886254684922086}, "datetime": {"datetime": "2021-09-29 21:50:14", "elapsed": 33.458442, "delta": 0.345268}}
{"target": -60.43522744287263, "params": {"C": 234.95593616898466, "epsilon": 1.4916595595057793, "gamma": 0.018755554713342965}, "datetime": {"datetime": "2021-09-29 21:50:14", "elapsed": 33.808404, "delta": 0.349962}}
{"target": -57.91384979045683, "params": {"C": 266.13695208614973, "epsilon": 2.389299512726779, "gamma": 0.005358756496423826}, "datetime": {"datetime": "2021-09-29 21:50:15", "elapsed": 34.213441, "delta": 0.405037}}
{"target": -57.429675271766044, "params": {"C": 215.23302346568852, "epsilon": 1.8721621263461525, "gamma": 0.0047526946081672215}, "datetime": {"datetime": "2021-09-29 21:50:15", "elapsed": 34.767457, "delta": 0.554016}}
{"target": -59.25751084026057, "params": {"C": 264.3574537120551, "epsilon": 1.8689391625396337, "gamma": 0.013977494932413312}, "datetime": {"datetime": "2021-09-29 21:50:16", "elapsed": 35.187461, "delta": 0.420004}}
{"target": -56.600660188275164, "params": {"C": 244.24826469863856, "epsilon": 2.704496251164382, "gamma": 0.0018949540254661339}, "datetime": {"datetime": "2021-09-29 21:50:16", "elapsed": 35.574719, "delta": 0.387258}}
{"target": -58.444448513488524, "params": {"C": 264.70439531088766, "epsilon": 1.6150194206726776, "gamma": 0.006618871152504982}, "datetime": {"datetime": "2021-09-29 21:50:16", "elapsed": 36.037678, "delta": 0.462959}}
{"target": -59.41104091743385, "params": {"C": 276.5256955848364, "epsilon": 0.26630718363399813, "gamma": 0.010713569159613953}, "datetime": {"datetime": "2021-09-29 21:50:17", "elapsed": 36.495675, "delta": 0.457997}}
{"target": -59.081136524466274, "params": {"C": 296.0027847766566, "epsilon": 2.266942701189539, "gamma": 0.009350263135023311}, "datetime": {"datetime": "2021-09-29 21:50:17", "elapsed": 37.05102, "delta": 0.555345}}
{"target": -59.80967280385979, "params": {"C": 244.962503305393, "epsilon": 2.739442044743922, "gamma": 0.018967580118216434}, "datetime": {"datetime": "2021-09-29 21:50:18", "elapsed": 37.756578, "delta": 0.705558}}
{"target": -58.962489869252856, "params": {"C": 211.34741018017985, "epsilon": 2.422551706029646, "gamma": 0.011672737038260383}, "datetime": {"datetime": "2021-09-29 21:50:19", "elapsed": 38.220576, "delta": 0.463998}}
{"target": -60.253355788872085, "params": {"C": 299.4275098112973, "epsilon": 2.5791446210015185, "gamma": 0.018153908152651305}, "datetime": {"datetime": "2021-09-29 21:50:19", "elapsed": 38.655841, "delta": 0.435265}}
{"target": -59.04335194421313, "params": {"C": 272.61978636648416, "epsilon": 1.697263817229491, "gamma": 0.009593146299544835}, "datetime": {"datetime": "2021-09-29 21:50:19", "elapsed": 39.059838, "delta": 0.403997}}
{"target": -58.51302367064404, "params": {"C": 242.4534036292061, "epsilon": 0.873279627844197, "gamma": 0.007041303088989157}, "datetime": {"datetime": "2021-09-29 21:50:20", "elapsed": 39.475047, "delta": 0.415209}}
{"target": -58.62794756808112, "params": {"C": 225.5790429204762, "epsilon": 0.5770523312008882, "gamma": 0.008480902746920314}, "datetime": {"datetime": "2021-09-29 21:50:20", "elapsed": 39.99605, "delta": 0.521003}}
{"target": -58.786381827340364, "params": {"C": 242.77268668107956, "epsilon": 0.295732523537132, "gamma": 0.008525064375244322}, "datetime": {"datetime": "2021-09-29 21:50:21", "elapsed": 40.40805, "delta": 0.412}}
{"target": -61.29228258072834, "params": {"C": 280.8411354649862, "epsilon": 0.6037647018706548, "gamma": 0.019870403198985215}, "datetime": {"datetime": "2021-09-29 21:50:21", "elapsed": 40.955051, "delta": 0.547001}}
{"target": -59.278292566995525, "params": {"C": 254.4232069206874, "epsilon": 0.9393441892541812, "gamma": 0.011929993730138401}, "datetime": {"datetime": "2021-09-29 21:50:22", "elapsed": 41.376048, "delta": 0.420997}}
{"target": -58.74807438359419, "params": {"C": 289.7169847810067, "epsilon": 2.2705570526771166, "gamma": 0.007164251604671236}, "datetime": {"datetime": "2021-09-29 21:50:22", "elapsed": 41.960215, "delta": 0.584167}}
{"target": -58.623878976126186, "params": {"C": 240.67094206529765, "epsilon": 2.0673866734864936, "gamma": 0.008552672848042701}, "datetime": {"datetime": "2021-09-29 21:50:23", "elapsed": 42.433829, "delta": 0.473614}}
{"target": -56.819079342025724, "params": {"C": 212.57627277620128, "epsilon": 0.7552370665060907, "gamma": 0.0030282095763617973}, "datetime": {"datetime": "2021-09-29 21:50:23", "elapsed": 42.911828, "delta": 0.477999}}
{"target": -59.552381041203404, "params": {"C": 280.0655678069338, "epsilon": 0.8439923379698558, "gamma": 0.012027791560440636}, "datetime": {"datetime": "2021-09-29 21:50:24", "elapsed": 43.433835, "delta": 0.522007}}
{"target": -59.95065700903388, "params": {"C": 252.81516704671517, "epsilon": 2.318911254515813, "gamma": 0.018084551718257378}, "datetime": {"datetime": "2021-09-29 21:50:24", "elapsed": 43.920036, "delta": 0.486201}}
{"target": -59.824903413496855, "params": {"C": 257.65019703962787, "epsilon": 0.08920265755728848, "gamma": 0.012614048602125068}, "datetime": {"datetime": "2021-09-29 21:50:25", "elapsed": 44.379037, "delta": 0.459001}}
{"target": -60.707853869394555, "params": {"C": 233.00514203810303, "epsilon": 0.45787820304449306, "gamma": 0.019524019103850324}, "datetime": {"datetime": "2021-09-29 21:50:25", "elapsed": 44.856038, "delta": 0.477001}}
{"target": -58.984256966216556, "params": {"C": 252.964166421416, "epsilon": 2.387925158769991, "gamma": 0.012865559476375446}, "datetime": {"datetime": "2021-09-29 21:50:26", "elapsed": 45.325028, "delta": 0.46899}}
{"target": -59.97956883226436, "params": {"C": 269.98133521409306, "epsilon": 0.38915640615955327, "gamma": 0.013863295887784855}, "datetime": {"datetime": "2021-09-29 21:50:26", "elapsed": 45.919893, "delta": 0.594865}}
{"target": -57.93992725169452, "params": {"C": 247.01879953328753, "epsilon": 1.6031793311101705, "gamma": 0.005506086755348751}, "datetime": {"datetime": "2021-09-29 21:50:27", "elapsed": 46.475883, "delta": 0.55599}}
{"target": -56.80513541091968, "params": {"C": 246.5341249825987, "epsilon": 0.31248599598962873, "gamma": 0.0028526368241004432}, "datetime": {"datetime": "2021-09-29 21:50:27", "elapsed": 47.091532, "delta": 0.615649}}
{"target": -57.24463206413607, "params": {"C": 267.07067823957766, "epsilon": 2.373011961022439, "gamma": 0.0038279104792545695}, "datetime": {"datetime": "2021-09-29 21:50:28", "elapsed": 47.719198, "delta": 0.627666}}
{"target": -57.05615625958582, "params": {"C": 200.80222564294368, "epsilon": 0.4795359313879894, "gamma": 0.005056025508708813}, "datetime": {"datetime": "2021-09-29 21:50:29", "elapsed": 48.329193, "delta": 0.609995}}
{"target": -58.631634975634704, "params": {"C": 238.266474854033, "epsilon": 1.1796233590586136, "gamma": 0.00739180397597972}, "datetime": {"datetime": "2021-09-29 21:50:29", "elapsed": 48.91119, "delta": 0.581997}}
{"target": -59.23894878721312, "params": {"C": 228.98709727156958, "epsilon": 1.241725817157578, "gamma": 0.012659753610545072}, "datetime": {"datetime": "2021-09-29 21:50:30", "elapsed": 49.469867, "delta": 0.558677}}
{"target": -55.427091150851005, "params": {"C": 221.1469133620741, "epsilon": 0.7894020186470891, "gamma": 0.0005063126866832379}, "datetime": {"datetime": "2021-09-29 21:50:31", "elapsed": 50.227863, "delta": 0.757996}}
{"target": -59.244507941532355, "params": {"C": 229.15648660091966, "epsilon": 2.357367934598435, "gamma": 0.011867360516740626}, "datetime": {"datetime": "2021-09-29 21:50:31", "elapsed": 50.777866, "delta": 0.550003}}
{"target": -59.61748151008992, "params": {"C": 271.8735939309514, "epsilon": 1.0999431681533998, "gamma": 0.01418510640346809}, "datetime": {"datetime": "2021-09-29 21:50:32", "elapsed": 51.462863, "delta": 0.684997}}
{"target": -60.469316703654364, "params": {"C": 225.55299729357887, "epsilon": 0.33946818898943365, "gamma": 0.01831840943556095}, "datetime": {"datetime": "2021-09-29 21:50:32", "elapsed": 52.093643, "delta": 0.63078}}
{"target": -59.411016885616675, "params": {"C": 286.0779350284663, "epsilon": 1.3392501031350585, "gamma": 0.009830659988880771}, "datetime": {"datetime": "2021-09-29 21:50:33", "elapsed": 52.781635, "delta": 0.687992}}
{"target": -60.61289292576291, "params": {"C": 232.82233192756726, "epsilon": 0.0448407603010918, "gamma": 0.01844614684481326}, "datetime": {"datetime": "2021-09-29 21:50:34", "elapsed": 53.290637, "delta": 0.509002}}
{"target": -57.94763216162473, "params": {"C": 204.94172176891212, "epsilon": 1.781013491129903, "gamma": 0.0072128815834809346}, "datetime": {"datetime": "2021-09-29 21:50:34", "elapsed": 53.921938, "delta": 0.631301}}
{"target": -59.29361581925821, "params": {"C": 271.839817804836, "epsilon": 1.1352045489277627, "gamma": 0.011369375121878513}, "datetime": {"datetime": "2021-09-29 21:50:35", "elapsed": 54.546942, "delta": 0.625004}}
{"target": -57.678839098636026, "params": {"C": 213.25439665722305, "epsilon": 1.3265755744641976, "gamma": 0.005430830841517586}, "datetime": {"datetime": "2021-09-29 21:50:36", "elapsed": 55.288942, "delta": 0.742}}
{"target": -60.722695926588635, "params": {"C": 291.96674475920594, "epsilon": 1.8988832510737372, "gamma": 0.017767779767276403}, "datetime": {"datetime": "2021-09-29 21:50:36", "elapsed": 55.933279, "delta": 0.644337}}
{"target": -58.96195614856802, "params": {"C": 200.30130428560702, "epsilon": 2.471728033028607, "gamma": 0.014269342145696542}, "datetime": {"datetime": "2021-09-29 21:50:37", "elapsed": 56.58526, "delta": 0.651981}}
{"target": -60.27927021097557, "params": {"C": 273.84430421480135, "epsilon": 2.4386127248912883, "gamma": 0.019200529222004027}, "datetime": {"datetime": "2021-09-29 21:50:37", "elapsed": 57.105939, "delta": 0.520679}}
{"target": -57.571918198265536, "params": {"C": 228.9070651480063, "epsilon": 2.557173461661887, "gamma": 0.005411673092778683}, "datetime": {"datetime": "2021-09-29 21:50:38", "elapsed": 57.905021, "delta": 0.799082}}
{"target": -58.38601066407835, "params": {"C": 212.67825574852873, "epsilon": 2.4688223999421, "gamma": 0.008028147639090558}, "datetime": {"datetime": "2021-09-29 21:50:39", "elapsed": 58.581024, "delta": 0.676003}}
{"target": -58.8992773141303, "params": {"C": 204.71289724989182, "epsilon": 2.588058350241156, "gamma": 0.011888544436516445}, "datetime": {"datetime": "2021-09-29 21:50:40", "elapsed": 59.329031, "delta": 0.748007}}
{"target": -58.262605412241555, "params": {"C": 281.1207593824494, "epsilon": 1.0724134661469054, "gamma": 0.006163751701662419}, "datetime": {"datetime": "2021-09-29 21:50:40", "elapsed": 59.990705, "delta": 0.661674}}
{"target": -58.11676197905522, "params": {"C": 203.2975306779988, "epsilon": 1.237502733353879, "gamma": 0.007342913519957851}, "datetime": {"datetime": "2021-09-29 21:50:41", "elapsed": 60.708701, "delta": 0.717996}}
{"target": -58.73066490538669, "params": {"C": 248.42321230375933, "epsilon": 2.7901558323702296, "gamma": 0.010016040040611891}, "datetime": {"datetime": "2021-09-29 21:50:42", "elapsed": 61.4577, "delta": 0.748999}}
{"target": -60.79921328118697, "params": {"C": 233.52754352239953, "epsilon": 0.44780357982081875, "gamma": 0.019799020209792313}, "datetime": {"datetime": "2021-09-29 21:50:43", "elapsed": 62.160806, "delta": 0.703106}}
{"target": -58.72357909387825, "params": {"C": 246.5306994629772, "epsilon": 0.2857807839561806, "gamma": 0.007270966531325824}, "datetime": {"datetime": "2021-09-29 21:50:43", "elapsed": 62.988792, "delta": 0.827986}}
{"target": -59.83389988447393, "params": {"C": 212.57517869137456, "epsilon": 0.7656079827564354, "gamma": 0.016818240930253605}, "datetime": {"datetime": "2021-09-29 21:50:44", "elapsed": 63.715889, "delta": 0.727097}}
{"target": -58.46677720542029, "params": {"C": 206.68511005809995, "epsilon": 2.492695463150336, "gamma": 0.009882561598408907}, "datetime": {"datetime": "2021-09-29 21:50:45", "elapsed": 64.452887, "delta": 0.736998}}
{"target": -57.00001362441789, "params": {"C": 261.99820682025745, "epsilon": 0.8207405295317993, "gamma": 0.0035143485115537317}, "datetime": {"datetime": "2021-09-29 21:50:46", "elapsed": 65.218479, "delta": 0.765592}}
{"target": -58.72948558344929, "params": {"C": 278.780919967031, "epsilon": 0.8831823486520182, "gamma": 0.007576465976483391}, "datetime": {"datetime": "2021-09-29 21:50:46", "elapsed": 65.931481, "delta": 0.713002}}
{"target": -60.98707304100416, "params": {"C": 299.89105736940184, "epsilon": 0.09847440089980024, "gamma": 0.01758475439067368}, "datetime": {"datetime": "2021-09-29 21:50:47", "elapsed": 66.789474, "delta": 0.857993}}
{"target": -56.905791697568255, "params": {"C": 207.740302879359, "epsilon": 0.7847011108101543, "gamma": 0.004561739610816629}, "datetime": {"datetime": "2021-09-29 21:50:48", "elapsed": 67.513075, "delta": 0.723601}}
{"target": -57.89387089744417, "params": {"C": 243.4050993778921, "epsilon": 0.5727764292888134, "gamma": 0.005523156457478344}, "datetime": {"datetime": "2021-09-29 21:50:49", "elapsed": 68.523243, "delta": 1.010168}}
