{"target": -60.60125195087389, "params": {"C": 128.39807657979472, "epsilon": 1.2525381513395397, "gamma": 0.03215714741535595}, "datetime": {"datetime": "2021-09-29 21:35:13", "elapsed": 640.152788, "delta": 3.018445}}
{"target": -55.921620303152885, "params": {"C": 112.56275053286106, "epsilon": 0.7561520284842869, "gamma": 0.002491622371009547}, "datetime": {"datetime": "2021-09-29 21:35:17", "elapsed": 644.369585, "delta": 4.216797}}
{"target": -60.34394707991729, "params": {"C": 108.96770899422579, "epsilon": 1.7193229263049132, "gamma": 0.03756928836091792}, "datetime": {"datetime": "2021-09-29 21:35:20", "elapsed": 647.172321, "delta": 2.802736}}
{"target": -61.35975101093977, "params": {"C": 185.51419251992053, "epsilon": 0.9203097740575605, "gamma": 0.02904687308036168}, "datetime": {"datetime": "2021-09-29 21:35:23", "elapsed": 649.916551, "delta": 2.74423}}
{"target": -55.44609616389222, "params": {"C": 145.16757024037926, "epsilon": 2.469917439625399, "gamma": 0.0017461745738335658}, "datetime": {"datetime": "2021-09-29 21:35:28", "elapsed": 654.641372, "delta": 4.724821}}
{"target": -59.07531113401527, "params": {"C": 197.30621037854087, "epsilon": 1.4244963459631181, "gamma": 0.012785445502729474}, "datetime": {"datetime": "2021-09-29 21:35:32", "elapsed": 658.520202, "delta": 3.87883}}
{"target": -60.98193737655448, "params": {"C": 107.90268100941965, "epsilon": 1.258684956641508, "gamma": 0.04710872615181718}, "datetime": {"datetime": "2021-09-29 21:35:35", "elapsed": 661.487907, "delta": 2.967705}}
{"target": -56.560796557001595, "params": {"C": 199.03180794525883, "epsilon": 2.2303646637812093, "gamma": 0.002264627700894829}, "datetime": {"datetime": "2021-09-29 21:35:39", "elapsed": 666.061378, "delta": 4.573471}}
{"target": -58.90592452465629, "params": {"C": 130.72298023920825, "epsilon": 2.645070084090319, "gamma": 0.01855564116157482}, "datetime": {"datetime": "2021-09-29 21:35:43", "elapsed": 670.280373, "delta": 4.218995}}
{"target": -59.06255193655973, "params": {"C": 199.89019038687763, "epsilon": 0.11097373493724524, "gamma": 0.012203103189689573}, "datetime": {"datetime": "2021-09-29 21:35:46", "elapsed": 672.942495, "delta": 2.662122}}
{"target": -57.402056255838794, "params": {"C": 133.07619318862038, "epsilon": 0.2892665980725554, "gamma": 0.000446018650771747}, "datetime": {"datetime": "2021-09-29 21:35:49", "elapsed": 675.875197, "delta": 2.932702}}
{"target": -58.358996757515925, "params": {"C": 159.93777654268155, "epsilon": 2.0002752561677366, "gamma": 0.010665467045035544}, "datetime": {"datetime": "2021-09-29 21:35:54", "elapsed": 681.055182, "delta": 5.179985}}
{"target": -60.3016582829141, "params": {"C": 107.34819466671453, "epsilon": 1.7812981443229194, "gamma": 0.038029503909845205}, "datetime": {"datetime": "2021-09-29 21:35:57", "elapsed": 684.302434, "delta": 3.247252}}
{"target": -55.0394641633096, "params": {"C": 101.2663480232096, "epsilon": 2.6500341230077127, "gamma": 0.0014338117101318254}, "datetime": {"datetime": "2021-09-29 21:36:02", "elapsed": 688.881411, "delta": 4.578977}}
{"target": -57.51678694435638, "params": {"C": 194.7544361698449, "epsilon": 2.4099875192398557, "gamma": 0.0056917214730178006}, "datetime": {"datetime": "2021-09-29 21:36:08", "elapsed": 694.631041, "delta": 5.74963}}
{"target": -61.03797514417848, "params": {"C": 109.59587270120446, "epsilon": 0.8052966121901074, "gamma": 0.04807116149251612}, "datetime": {"datetime": "2021-09-29 21:36:10", "elapsed": 697.150856, "delta": 2.519815}}
{"target": -59.53792179175973, "params": {"C": 108.22370267084794, "epsilon": 2.681884707782375, "gamma": 0.03311640575259692}, "datetime": {"datetime": "2021-09-29 21:36:13", "elapsed": 699.732583, "delta": 2.581727}}
{"target": -55.47788230999765, "params": {"C": 110.31000874552863, "epsilon": 2.2038417837462045, "gamma": 0.0020011147062605973}, "datetime": {"datetime": "2021-09-29 21:36:17", "elapsed": 703.824945, "delta": 4.092362}}
{"target": -61.21991329159949, "params": {"C": 155.5326809785315, "epsilon": 0.12988440988122754, "gamma": 0.03779141412481198}, "datetime": {"datetime": "2021-09-29 21:36:19", "elapsed": 706.264195, "delta": 2.43925}}
{"target": -56.97515629247294, "params": {"C": 147.18205293178096, "epsilon": 2.443318562242373, "gamma": 0.006124671629182828}, "datetime": {"datetime": "2021-09-29 21:36:23", "elapsed": 710.254345, "delta": 3.99015}}
{"target": -61.62682613504514, "params": {"C": 152.213539181556, "epsilon": 1.623484651003012, "gamma": 0.04866691625708957}, "datetime": {"datetime": "2021-09-29 21:36:26", "elapsed": 712.862532, "delta": 2.608187}}
{"target": -58.86926975734442, "params": {"C": 101.28522855678884, "epsilon": 2.631987557290369, "gamma": 0.021111567659817185}, "datetime": {"datetime": "2021-09-29 21:36:30", "elapsed": 717.232022, "delta": 4.36949}}
{"target": -57.04987852674792, "params": {"C": 106.6929967769489, "epsilon": 2.491756848063087, "gamma": 0.008063137981201896}, "datetime": {"datetime": "2021-09-29 21:36:33", "elapsed": 719.949878, "delta": 2.717856}}
{"target": -57.04450157477549, "params": {"C": 101.25380115989874, "epsilon": 2.6581339917132256, "gamma": 0.008312373280660493}, "datetime": {"datetime": "2021-09-29 21:36:37", "elapsed": 723.75419, "delta": 3.804312}}
{"target": -59.64287888030698, "params": {"C": 103.79219983543648, "epsilon": 1.8405456882148499, "gamma": 0.026934513045036808}, "datetime": {"datetime": "2021-09-29 21:36:40", "elapsed": 727.296782, "delta": 3.542592}}
{"target": -61.12848974716055, "params": {"C": 128.34230237082357, "epsilon": 0.47347390903843956, "gamma": 0.03816761992943344}, "datetime": {"datetime": "2021-09-29 21:36:43", "elapsed": 729.948565, "delta": 2.651783}}
{"target": -56.95661360633335, "params": {"C": 147.17431274829232, "epsilon": 2.4600857162344667, "gamma": 0.006073745523380938}, "datetime": {"datetime": "2021-09-29 21:36:47", "elapsed": 733.754351, "delta": 3.805786}}
{"target": -56.824965075598854, "params": {"C": 101.25970944096116, "epsilon": 2.665901487288507, "gamma": 0.006803275337830628}, "datetime": {"datetime": "2021-09-29 21:36:52", "elapsed": 739.011273, "delta": 5.256922}}
{"target": -59.172333920595, "params": {"C": 145.21332354628933, "epsilon": 2.4535144301679543, "gamma": 0.02041344790468035}, "datetime": {"datetime": "2021-09-29 21:36:55", "elapsed": 742.263845, "delta": 3.252572}}
{"target": -56.14022098540239, "params": {"C": 112.57481729245272, "epsilon": 1.8778536130475751, "gamma": 0.00343759262635021}, "datetime": {"datetime": "2021-09-29 21:36:59", "elapsed": 745.562409, "delta": 3.298564}}
{"target": -58.12081202155998, "params": {"C": 110.02062968467781, "epsilon": 1.5335252930280936, "gamma": 0.012761614888584233}, "datetime": {"datetime": "2021-09-29 21:37:02", "elapsed": 748.588715, "delta": 3.026306}}
{"target": -59.71478657080878, "params": {"C": 131.1736545499598, "epsilon": 0.37617222285889984, "gamma": 0.02223982142185187}, "datetime": {"datetime": "2021-09-29 21:37:04", "elapsed": 750.838783, "delta": 2.250068}}
{"target": -57.98264367839352, "params": {"C": 103.79068573953231, "epsilon": 1.7807856019019752, "gamma": 0.013941687538134899}, "datetime": {"datetime": "2021-09-29 21:37:06", "elapsed": 753.226222, "delta": 2.387439}}
{"target": -61.323744709747274, "params": {"C": 195.3668446184959, "epsilon": 0.10500366398522619, "gamma": 0.02857649261713493}, "datetime": {"datetime": "2021-09-29 21:37:09", "elapsed": 755.466391, "delta": 2.240169}}
{"target": -59.35620690090783, "params": {"C": 197.79516028104132, "epsilon": 1.3849890674615886, "gamma": 0.01697886046035809}, "datetime": {"datetime": "2021-09-29 21:37:11", "elapsed": 757.840098, "delta": 2.373707}}
{"target": -58.185951807452454, "params": {"C": 107.66592246361542, "epsilon": 1.4357537803006595, "gamma": 0.013458708072817883}, "datetime": {"datetime": "2021-09-29 21:37:13", "elapsed": 760.257169, "delta": 2.417071}}
{"target": -59.329752810917725, "params": {"C": 124.4154615191002, "epsilon": 0.8347994789668131, "gamma": 0.021538420774244272}, "datetime": {"datetime": "2021-09-29 21:37:18", "elapsed": 764.813217, "delta": 4.556048}}
{"target": -58.887513503368346, "params": {"C": 148.64933574353233, "epsilon": 2.692360038804191, "gamma": 0.015449278766553432}, "datetime": {"datetime": "2021-09-29 21:37:20", "elapsed": 766.826336, "delta": 2.013119}}
{"target": -57.59002319518447, "params": {"C": 140.43941391210166, "epsilon": 1.1628663788013012, "gamma": 0.007704240871059479}, "datetime": {"datetime": "2021-09-29 21:37:24", "elapsed": 770.843254, "delta": 4.016918}}
{"target": -59.547758824123406, "params": {"C": 100.74559365208835, "epsilon": 1.1485779170032726, "gamma": 0.026847737432391616}, "datetime": {"datetime": "2021-09-29 21:37:26", "elapsed": 772.851619, "delta": 2.008365}}
{"target": -57.21035723406235, "params": {"C": 106.32477848000181, "epsilon": 2.8089745140261644, "gamma": 0.008557156980146514}, "datetime": {"datetime": "2021-09-29 21:37:31", "elapsed": 778.282564, "delta": 5.430945}}
{"target": -56.58638884981938, "params": {"C": 163.89127664093812, "epsilon": 0.8858202410522391, "gamma": 0.0034972767569819495}, "datetime": {"datetime": "2021-09-29 21:37:34", "elapsed": 780.654585, "delta": 2.372021}}
{"target": -58.077075118273456, "params": {"C": 149.11029863351771, "epsilon": 2.958407974924153, "gamma": 0.011669458068209486}, "datetime": {"datetime": "2021-09-29 21:37:36", "elapsed": 782.92213, "delta": 2.267545}}
{"target": -60.59956350717085, "params": {"C": 185.5380631834532, "epsilon": 2.022581712492501, "gamma": 0.027052579365403413}, "datetime": {"datetime": "2021-09-29 21:37:38", "elapsed": 784.972626, "delta": 2.050496}}
{"target": -58.077330524165305, "params": {"C": 128.90082377418685, "epsilon": 2.5132991300930407, "gamma": 0.011661932615417071}, "datetime": {"datetime": "2021-09-29 21:37:42", "elapsed": 788.670427, "delta": 3.697801}}
{"target": -56.811915010359535, "params": {"C": 106.33841655951495, "epsilon": 2.806897283693212, "gamma": 0.005976108587292372}, "datetime": {"datetime": "2021-09-29 21:37:45", "elapsed": 792.070092, "delta": 3.399665}}
{"target": -55.87433573984264, "params": {"C": 199.8904883431701, "epsilon": 0.08078431593438827, "gamma": 0.0013403800651138897}, "datetime": {"datetime": "2021-09-29 21:37:48", "elapsed": 795.147569, "delta": 3.077477}}
{"target": -60.33126704184745, "params": {"C": 147.64656359979782, "epsilon": 0.9124891427736197, "gamma": 0.024864410568158173}, "datetime": {"datetime": "2021-09-29 21:37:50", "elapsed": 797.306937, "delta": 2.159368}}
{"target": -58.67494644049774, "params": {"C": 194.7270835653663, "epsilon": 2.439832489892686, "gamma": 0.011495674445587434}, "datetime": {"datetime": "2021-09-29 21:37:54", "elapsed": 800.504946, "delta": 3.198009}}
{"target": -57.72636254910278, "params": {"C": 166.54148044914808, "epsilon": 2.19512065722868, "gamma": 0.0076749426223635476}, "datetime": {"datetime": "2021-09-29 21:37:58", "elapsed": 804.66063, "delta": 4.155684}}
{"target": -56.50750710942768, "params": {"C": 166.53920912700065, "epsilon": 2.142529591300597, "gamma": 0.002468606346295877}, "datetime": {"datetime": "2021-09-29 21:38:01", "elapsed": 808.125364, "delta": 3.464734}}
{"target": -58.93552573967011, "params": {"C": 147.17741528559782, "epsilon": 2.4792664437848586, "gamma": 0.018009621726231283}, "datetime": {"datetime": "2021-09-29 21:38:06", "elapsed": 812.758782, "delta": 4.633418}}
{"target": -58.633529995452925, "params": {"C": 177.50993912730098, "epsilon": 0.7573343689545265, "gamma": 0.010540909146363938}, "datetime": {"datetime": "2021-09-29 21:38:08", "elapsed": 814.990669, "delta": 2.231887}}
{"target": -57.96750244959684, "params": {"C": 110.0082634509154, "epsilon": 1.5134823011483787, "gamma": 0.011755771677206367}, "datetime": {"datetime": "2021-09-29 21:38:12", "elapsed": 819.31239, "delta": 4.321721}}
{"target": -58.9970268894048, "params": {"C": 112.48018106608426, "epsilon": 0.348041248637889, "gamma": 0.019672592779540022}, "datetime": {"datetime": "2021-09-29 21:38:15", "elapsed": 821.67768, "delta": 2.36529}}
{"target": -60.12608777863888, "params": {"C": 112.59378702394953, "epsilon": 1.9025173097987955, "gamma": 0.0345438052252248}, "datetime": {"datetime": "2021-09-29 21:38:18", "elapsed": 825.263181, "delta": 3.585501}}
{"target": -57.867429515181776, "params": {"C": 113.49663073182549, "epsilon": 1.544851954616376, "gamma": 0.01055467739435046}, "datetime": {"datetime": "2021-09-29 21:38:22", "elapsed": 828.462532, "delta": 3.199351}}
{"target": -56.8354274360295, "params": {"C": 122.57611976312252, "epsilon": 1.2129874677273502, "gamma": 0.006321667853080103}, "datetime": {"datetime": "2021-09-29 21:38:25", "elapsed": 832.115804, "delta": 3.653272}}
{"target": -57.9764082218521, "params": {"C": 112.61250214307476, "epsilon": 1.8640289320970886, "gamma": 0.011166359170146094}, "datetime": {"datetime": "2021-09-29 21:38:30", "elapsed": 836.930849, "delta": 4.815045}}
{"target": -59.05591619326418, "params": {"C": 193.85511723053074, "epsilon": 1.3553529745201496, "gamma": 0.013536740069274059}, "datetime": {"datetime": "2021-09-29 21:38:32", "elapsed": 839.007853, "delta": 2.077004}}
{"target": -61.08344902279672, "params": {"C": 140.14860865508973, "epsilon": 2.206619719552866, "gamma": 0.041643348812604765}, "datetime": {"datetime": "2021-09-29 21:38:34", "elapsed": 841.18491, "delta": 2.177057}}
{"target": -58.75518312814615, "params": {"C": 157.04067351634487, "epsilon": 1.0550233455079263, "gamma": 0.013931384085200418}, "datetime": {"datetime": "2021-09-29 21:38:37", "elapsed": 843.419621, "delta": 2.234711}}
{"target": -59.03861014202243, "params": {"C": 184.2092236898569, "epsilon": 2.468101221085262, "gamma": 0.013309629062299528}, "datetime": {"datetime": "2021-09-29 21:38:39", "elapsed": 845.854032, "delta": 2.434411}}
{"target": -57.267200199418134, "params": {"C": 113.42777836822484, "epsilon": 1.554571593219653, "gamma": 0.008760664779139933}, "datetime": {"datetime": "2021-09-29 21:38:42", "elapsed": 849.132799, "delta": 3.278767}}
{"target": -54.92226248677081, "params": {"C": 113.44182655552834, "epsilon": 1.5356606553346044, "gamma": 0.0015368518228165943}, "datetime": {"datetime": "2021-09-29 21:38:45", "elapsed": 852.350438, "delta": 3.217639}}
{"target": -60.38837535384256, "params": {"C": 140.35479415986413, "epsilon": 1.1144421459967981, "gamma": 0.027212407607730187}, "datetime": {"datetime": "2021-09-29 21:38:48", "elapsed": 854.501192, "delta": 2.150754}}
{"target": -58.46730462215246, "params": {"C": 196.85134907677343, "epsilon": 2.9344579416385437, "gamma": 0.011025291660800319}, "datetime": {"datetime": "2021-09-29 21:38:52", "elapsed": 859.066507, "delta": 4.565315}}
{"target": -61.398345081851126, "params": {"C": 191.38620507601712, "epsilon": 1.1689728977426561, "gamma": 0.03241342761934339}, "datetime": {"datetime": "2021-09-29 21:38:54", "elapsed": 861.068448, "delta": 2.001941}}
{"target": -55.51104017985617, "params": {"C": 167.04867772469424, "epsilon": 2.3942218353600926, "gamma": 0.0015748737426870307}, "datetime": {"datetime": "2021-09-29 21:38:59", "elapsed": 865.829649, "delta": 4.761201}}
{"target": -55.663920542904165, "params": {"C": 130.72425744515235, "epsilon": 2.668125297399484, "gamma": 0.000815028687999719}, "datetime": {"datetime": "2021-09-29 21:39:02", "elapsed": 868.47797, "delta": 2.648321}}
{"target": -60.858441583825076, "params": {"C": 166.52107991143433, "epsilon": 2.1315266641902033, "gamma": 0.030586163575381187}, "datetime": {"datetime": "2021-09-29 21:39:05", "elapsed": 871.528221, "delta": 3.050251}}
{"target": -61.147177882949876, "params": {"C": 187.64811217443162, "epsilon": 1.0887590055309346, "gamma": 0.03751629603798843}, "datetime": {"datetime": "2021-09-29 21:39:07", "elapsed": 873.753723, "delta": 2.225502}}
{"target": -60.86578730408079, "params": {"C": 130.65893038072286, "epsilon": 2.451597838170474, "gamma": 0.039614902517369925}, "datetime": {"datetime": "2021-09-29 21:39:09", "elapsed": 875.929389, "delta": 2.175666}}
{"target": -55.25618069628185, "params": {"C": 139.39802517554918, "epsilon": 2.417233223366464, "gamma": 0.001665532814338676}, "datetime": {"datetime": "2021-09-29 21:39:11", "elapsed": 878.115742, "delta": 2.186353}}
{"target": -61.72530481279248, "params": {"C": 156.15892912995935, "epsilon": 0.5986158868386284, "gamma": 0.04815753188897632}, "datetime": {"datetime": "2021-09-29 21:39:13", "elapsed": 880.332837, "delta": 2.217095}}
{"target": -55.247076303816286, "params": {"C": 140.4505320371258, "epsilon": 1.1467395543913363, "gamma": 0.0014687607048644515}, "datetime": {"datetime": "2021-09-29 21:39:17", "elapsed": 883.669012, "delta": 3.336175}}
{"target": -58.17576429875518, "params": {"C": 177.58249664076203, "epsilon": 2.542748588777142, "gamma": 0.0087414901765227}, "datetime": {"datetime": "2021-09-29 21:39:21", "elapsed": 887.506539, "delta": 3.837527}}
{"target": -58.144288685074386, "params": {"C": 145.1541911885571, "epsilon": 2.4749166885501155, "gamma": 0.010124011276139766}, "datetime": {"datetime": "2021-09-29 21:39:24", "elapsed": 890.864209, "delta": 3.35767}}
{"target": -59.3598048318104, "params": {"C": 145.71601707746794, "epsilon": 2.4948631666192083, "gamma": 0.02408820562501613}, "datetime": {"datetime": "2021-09-29 21:39:26", "elapsed": 893.139524, "delta": 2.275315}}
{"target": -56.1089380972031, "params": {"C": 148.6339244298459, "epsilon": 2.665733036521781, "gamma": 0.0020072964173228017}, "datetime": {"datetime": "2021-09-29 21:39:30", "elapsed": 896.521257, "delta": 3.381733}}
{"target": -59.408104155476224, "params": {"C": 139.40144578492234, "epsilon": 2.406288129350091, "gamma": 0.02339837437449479}, "datetime": {"datetime": "2021-09-29 21:39:33", "elapsed": 899.723575, "delta": 3.202318}}
{"target": -60.50964533819576, "params": {"C": 140.44745239840532, "epsilon": 1.1631227958314059, "gamma": 0.028813107312892883}, "datetime": {"datetime": "2021-09-29 21:39:37", "elapsed": 903.998131, "delta": 4.274556}}
{"target": -55.53723709857877, "params": {"C": 129.05295666342815, "epsilon": 2.4921867799930637, "gamma": 0.002055095671685943}, "datetime": {"datetime": "2021-09-29 21:39:41", "elapsed": 907.518508, "delta": 3.520377}}
{"target": -61.25236227079894, "params": {"C": 170.9389702474238, "epsilon": 0.8698816725782913, "gamma": 0.029740385618292838}, "datetime": {"datetime": "2021-09-29 21:39:43", "elapsed": 909.909516, "delta": 2.391008}}
{"target": -55.604966688256006, "params": {"C": 109.05905555856643, "epsilon": 1.8312746945081495, "gamma": 0.0025827463939183002}, "datetime": {"datetime": "2021-09-29 21:39:47", "elapsed": 914.29682, "delta": 4.387304}}
{"target": -60.36387336858523, "params": {"C": 102.16815209042038, "epsilon": 0.5215311040846586, "gamma": 0.03248957010222748}, "datetime": {"datetime": "2021-09-29 21:39:54", "elapsed": 920.873494, "delta": 6.576674}}
{"target": -57.026154495234415, "params": {"C": 101.16705631524088, "epsilon": 2.7521153587147005, "gamma": 0.007796479831182193}, "datetime": {"datetime": "2021-09-29 21:39:58", "elapsed": 924.648363, "delta": 3.774869}}
{"target": -58.46315125003274, "params": {"C": 191.90957599689935, "epsilon": 1.0448536748417399, "gamma": 0.009344243348956916}, "datetime": {"datetime": "2021-09-29 21:40:00", "elapsed": 927.098793, "delta": 2.45043}}
{"target": -55.48922901055917, "params": {"C": 103.79984464647374, "epsilon": 1.840587148131935, "gamma": 0.002154611160544864}, "datetime": {"datetime": "2021-09-29 21:40:06", "elapsed": 932.542379, "delta": 5.443586}}
{"target": -59.0464583249954, "params": {"C": 161.99776417013618, "epsilon": 0.3162328630001147, "gamma": 0.014686688297317589}, "datetime": {"datetime": "2021-09-29 21:40:08", "elapsed": 934.893686, "delta": 2.351307}}
{"target": -59.21705601682423, "params": {"C": 159.92641881858896, "epsilon": 1.986548344824225, "gamma": 0.01934882193423972}, "datetime": {"datetime": "2021-09-29 21:40:12", "elapsed": 939.045818, "delta": 4.152132}}
{"target": -56.767055170393654, "params": {"C": 166.44148786052563, "epsilon": 1.453807449303994, "gamma": 0.0035880994204426754}, "datetime": {"datetime": "2021-09-29 21:40:14", "elapsed": 941.363332, "delta": 2.317514}}
{"target": -61.17353980142312, "params": {"C": 188.9332445555288, "epsilon": 2.5869849531400413, "gamma": 0.03093696470857882}, "datetime": {"datetime": "2021-09-29 21:40:17", "elapsed": 943.676815, "delta": 2.313483}}
{"target": -58.65299930963146, "params": {"C": 134.4200704351328, "epsilon": 2.5751319635171197, "gamma": 0.015634875770874877}, "datetime": {"datetime": "2021-09-29 21:40:19", "elapsed": 946.085107, "delta": 2.408292}}
{"target": -60.0049262113859, "params": {"C": 130.26992908901542, "epsilon": 0.9749339102939508, "gamma": 0.024977857525394217}, "datetime": {"datetime": "2021-09-29 21:40:22", "elapsed": 948.501264, "delta": 2.416157}}
{"target": -58.12549792658586, "params": {"C": 102.91787294573534, "epsilon": 1.3952935109487163, "gamma": 0.01641424590836568}, "datetime": {"datetime": "2021-09-29 21:40:24", "elapsed": 950.85694, "delta": 2.355676}}
{"target": -58.23210334252733, "params": {"C": 155.15986115144028, "epsilon": 0.8357631427113866, "gamma": 0.01013327853783027}, "datetime": {"datetime": "2021-09-29 21:40:26", "elapsed": 953.164796, "delta": 2.307856}}
{"target": -59.01413288730515, "params": {"C": 167.05036783118885, "epsilon": 2.406132576932086, "gamma": 0.01559077565070526}, "datetime": {"datetime": "2021-09-29 21:40:30", "elapsed": 957.070452, "delta": 3.905656}}
{"target": -57.206656831570236, "params": {"C": 109.04895196967081, "epsilon": 1.8212657242230446, "gamma": 0.008686904188607842}, "datetime": {"datetime": "2021-09-29 21:40:34", "elapsed": 960.791946, "delta": 3.721494}}
