{"target": -53.80772568967571, "params": {"C": 8.562938781787398, "epsilon": 1.5805155784292761, "gamma": 0.03058424857364307}, "datetime": {"datetime": "2021-09-29 20:59:55", "elapsed": 275.968278, "delta": 1.687185}}
{"target": -55.87062565315113, "params": {"C": 44.091771411722476, "epsilon": 1.2659924360072323, "gamma": 0.007676806575676018}, "datetime": {"datetime": "2021-09-29 20:59:56", "elapsed": 276.976271, "delta": 1.007993}}
{"target": -56.55599067567667, "params": {"C": 10.35073952022818, "epsilon": 1.5137197519922925, "gamma": 0.006803178527859438}, "datetime": {"datetime": "2021-09-29 20:59:58", "elapsed": 278.753663, "delta": 1.777392}}
{"target": -56.157938924369724, "params": {"C": 49.68983557959984, "epsilon": 0.43911266342520777, "gamma": 0.00953520293405024}, "datetime": {"datetime": "2021-09-29 20:59:59", "elapsed": 279.682882, "delta": 0.929219}}
{"target": -53.84008084354272, "params": {"C": 10.43752978066586, "epsilon": 0.7891675726497773, "gamma": 0.016038021098006016}, "datetime": {"datetime": "2021-09-29 21:00:01", "elapsed": 281.662665, "delta": 1.979783}}
{"target": -54.02564341542849, "params": {"C": 7.52329996735023, "epsilon": 1.107321265505995, "gamma": 0.03383480560363172}, "datetime": {"datetime": "2021-09-29 21:00:02", "elapsed": 283.040809, "delta": 1.378144}}
{"target": -55.24274639168609, "params": {"C": 7.216960395439536, "epsilon": 0.6412519802731882, "gamma": 0.05}, "datetime": {"datetime": "2021-09-29 21:00:04", "elapsed": 284.800564, "delta": 1.759755}}
{"target": -56.17634334559075, "params": {"C": 19.62055132358162, "epsilon": 2.2834819508654802, "gamma": 0.041994256039108724}, "datetime": {"datetime": "2021-09-29 21:00:05", "elapsed": 285.889387, "delta": 1.088823}}
{"target": -54.85487290350011, "params": {"C": 6.976695193869936, "epsilon": 1.9555079956859394, "gamma": 0.042267221428259616}, "datetime": {"datetime": "2021-09-29 21:00:08", "elapsed": 288.180162, "delta": 2.290775}}
{"target": -53.91774213757834, "params": {"C": 10.965718145079082, "epsilon": 0.8493715597355804, "gamma": 0.022001530265572482}, "datetime": {"datetime": "2021-09-29 21:00:09", "elapsed": 289.737292, "delta": 1.55713}}
{"target": -55.75818219690056, "params": {"C": 24.40736401129814, "epsilon": 2.347446815771544, "gamma": 0.01872961228559438}, "datetime": {"datetime": "2021-09-29 21:00:10", "elapsed": 290.786907, "delta": 1.049615}}
{"target": -55.503173168882924, "params": {"C": 7.799580142862531, "epsilon": 1.279529223263805, "gamma": 0.05}, "datetime": {"datetime": "2021-09-29 21:00:12", "elapsed": 292.426041, "delta": 1.639134}}
{"target": -53.89719119916132, "params": {"C": 10.640371013894645, "epsilon": 0.8468319634720397, "gamma": 0.016121867992465396}, "datetime": {"datetime": "2021-09-29 21:00:14", "elapsed": 294.6705, "delta": 2.244459}}
{"target": -54.842761121012906, "params": {"C": 7.552654472735841, "epsilon": 1.3056508644997493, "gamma": 0.04251614533943752}, "datetime": {"datetime": "2021-09-29 21:00:16", "elapsed": 296.772508, "delta": 2.102008}}
{"target": -55.231373281951655, "params": {"C": 13.923904234789068, "epsilon": 1.998673101759079, "gamma": 0.026596686286328195}, "datetime": {"datetime": "2021-09-29 21:00:17", "elapsed": 297.899697, "delta": 1.127189}}
{"target": -70.1384573645227, "params": {"C": 7.943553911052418, "epsilon": 0.04627365243541336, "gamma": 0.0007061258363744753}, "datetime": {"datetime": "2021-09-29 21:00:20", "elapsed": 300.74538, "delta": 2.845683}}
{"target": -53.98528477786398, "params": {"C": 10.332073853008241, "epsilon": 1.3066122522847405, "gamma": 0.02132079508251096}, "datetime": {"datetime": "2021-09-29 21:00:22", "elapsed": 302.360747, "delta": 1.615367}}
{"target": -54.927181347738184, "params": {"C": 15.771973591666033, "epsilon": 2.2714001098759162, "gamma": 0.016510624578973617}, "datetime": {"datetime": "2021-09-29 21:00:23", "elapsed": 303.584611, "delta": 1.223864}}
{"target": -53.43298119621133, "params": {"C": 8.14039200322782, "epsilon": 0.022525854888300015, "gamma": 0.021828435142537066}, "datetime": {"datetime": "2021-09-29 21:00:25", "elapsed": 305.904451, "delta": 2.31984}}
{"target": -53.87246469738529, "params": {"C": 8.283079729468618, "epsilon": 0.8387232047256276, "gamma": 0.033602690042312956}, "datetime": {"datetime": "2021-09-29 21:00:27", "elapsed": 307.82563, "delta": 1.921179}}
{"target": -54.51958135345745, "params": {"C": 8.087428667657097, "epsilon": 1.7921544766881614, "gamma": 0.03945804370173597}, "datetime": {"datetime": "2021-09-29 21:00:29", "elapsed": 309.799971, "delta": 1.974341}}
{"target": -55.39852489104054, "params": {"C": 7.793758816659488, "epsilon": 1.2775688135729217, "gamma": 0.04640159736012685}, "datetime": {"datetime": "2021-09-29 21:00:30", "elapsed": 310.985745, "delta": 1.185774}}
{"target": -58.29890122775576, "params": {"C": 55.48710478413952, "epsilon": 1.0472501409367116, "gamma": 0.03259117898090407}, "datetime": {"datetime": "2021-09-29 21:00:32", "elapsed": 312.20695, "delta": 1.221205}}
{"target": -55.884620806446925, "params": {"C": 8.220232961674768, "epsilon": 1.2183147588581, "gamma": 0.010519935774313306}, "datetime": {"datetime": "2021-09-29 21:00:34", "elapsed": 314.752826, "delta": 2.545876}}
{"target": -54.13416546135627, "params": {"C": 8.492553405434549, "epsilon": 1.9356985780226124, "gamma": 0.021028199191818846}, "datetime": {"datetime": "2021-09-29 21:00:37", "elapsed": 317.150588, "delta": 2.397762}}
{"target": -54.082214443394875, "params": {"C": 7.239153546418544, "epsilon": 1.744860072940589, "gamma": 0.03406591612483929}, "datetime": {"datetime": "2021-09-29 21:00:39", "elapsed": 319.36459, "delta": 2.214002}}
{"target": -55.12459857885433, "params": {"C": 7.120055298873075, "epsilon": 1.955607426741234, "gamma": 0.048863796777144176}, "datetime": {"datetime": "2021-09-29 21:00:41", "elapsed": 321.897015, "delta": 2.532425}}
{"target": -58.459561454557175, "params": {"C": 10.344137550216244, "epsilon": 0.7063699811120079, "gamma": 0.004359719801210189}, "datetime": {"datetime": "2021-09-29 21:00:43", "elapsed": 324.124288, "delta": 2.227273}}
{"target": -56.988867047332526, "params": {"C": 7.580464236049131, "epsilon": 0.8824408291507795, "gamma": 0.008937704918769721}, "datetime": {"datetime": "2021-09-29 21:00:46", "elapsed": 326.286778, "delta": 2.16249}}
{"target": -58.8401444871597, "params": {"C": 10.531592223890806, "epsilon": 1.400276816862921, "gamma": 0.004012066046491834}, "datetime": {"datetime": "2021-09-29 21:00:48", "elapsed": 328.712582, "delta": 2.425804}}
{"target": -55.13202285657872, "params": {"C": 7.116869662310792, "epsilon": 0.9239636534111895, "gamma": 0.015255324892119271}, "datetime": {"datetime": "2021-09-29 21:00:50", "elapsed": 330.872387, "delta": 2.159805}}
{"target": -56.37571180793849, "params": {"C": 7.273778033303146, "epsilon": 1.6432551520369627, "gamma": 0.009876794897230272}, "datetime": {"datetime": "2021-09-29 21:00:52", "elapsed": 332.645678, "delta": 1.773291}}
{"target": -56.17582608793267, "params": {"C": 27.059672047763247, "epsilon": 2.561836724772556, "gamma": 0.024558821135729835}, "datetime": {"datetime": "2021-09-29 21:00:53", "elapsed": 333.872559, "delta": 1.226881}}
{"target": -54.05835326314673, "params": {"C": 7.481493480408613, "epsilon": 0.6796428974268647, "gamma": 0.035853003260553996}, "datetime": {"datetime": "2021-09-29 21:00:55", "elapsed": 335.798308, "delta": 1.925749}}
{"target": -56.6569222222376, "params": {"C": 28.60481700847841, "epsilon": 0.6475747550852883, "gamma": 0.026285572692064243}, "datetime": {"datetime": "2021-09-29 21:00:56", "elapsed": 336.938304, "delta": 1.139996}}
{"target": -59.62998605274789, "params": {"C": 60.19885886910676, "epsilon": 0.13300659256873557, "gamma": 0.04345855677885861}, "datetime": {"datetime": "2021-09-29 21:00:58", "elapsed": 338.229843, "delta": 1.291539}}
{"target": -53.96066116285899, "params": {"C": 10.570587816952342, "epsilon": 0.6498294231429766, "gamma": 0.02587644492927573}, "datetime": {"datetime": "2021-09-29 21:01:00", "elapsed": 340.833408, "delta": 2.603565}}
{"target": -54.520553902004075, "params": {"C": 10.23097917516004, "epsilon": 0.8974390794202477, "gamma": 0.03898723153612234}, "datetime": {"datetime": "2021-09-29 21:01:02", "elapsed": 343.114325, "delta": 2.280917}}
{"target": -54.25181188194511, "params": {"C": 10.096961966377906, "epsilon": 1.417302985091078, "gamma": 0.03177465235044861}, "datetime": {"datetime": "2021-09-29 21:01:05", "elapsed": 345.481518, "delta": 2.367193}}
{"target": -53.848494142127315, "params": {"C": 10.568395025011732, "epsilon": 0.6423605477889704, "gamma": 0.023988892846055897}, "datetime": {"datetime": "2021-09-29 21:01:06", "elapsed": 346.663048, "delta": 1.18153}}
{"target": -57.25618038312453, "params": {"C": 43.99951507251605, "epsilon": 1.3832659922810209, "gamma": 0.020116783648886402}, "datetime": {"datetime": "2021-09-29 21:01:08", "elapsed": 349.027564, "delta": 2.364516}}
{"target": -55.379282092848094, "params": {"C": 8.246093184899983, "epsilon": 0.6791991302499034, "gamma": 0.011371616187701624}, "datetime": {"datetime": "2021-09-29 21:01:11", "elapsed": 351.457845, "delta": 2.430281}}
{"target": -54.789244904747406, "params": {"C": 11.007791334348335, "epsilon": 0.9988728022207983, "gamma": 0.03857728796022107}, "datetime": {"datetime": "2021-09-29 21:01:13", "elapsed": 353.88302, "delta": 2.425175}}
{"target": -58.598727690114636, "params": {"C": 38.0287392047036, "epsilon": 1.0919671195609628, "gamma": 0.04692719347678109}, "datetime": {"datetime": "2021-09-29 21:01:14", "elapsed": 355.076022, "delta": 1.193002}}
{"target": -53.20220534521069, "params": {"C": 7.6256691956275935, "epsilon": 0.7164003863619631, "gamma": 0.029075031159755675}, "datetime": {"datetime": "2021-09-29 21:01:17", "elapsed": 358.127736, "delta": 3.051714}}
{"target": -53.68795912364895, "params": {"C": 7.739916651964952, "epsilon": 0.617139399479557, "gamma": 0.03294889445601691}, "datetime": {"datetime": "2021-09-29 21:01:20", "elapsed": 361.024968, "delta": 2.897232}}
{"target": -53.48657112747078, "params": {"C": 7.601446920519208, "epsilon": 0.5614340404631311, "gamma": 0.024898072403407336}, "datetime": {"datetime": "2021-09-29 21:01:24", "elapsed": 364.277844, "delta": 3.252876}}
{"target": -59.09054026892571, "params": {"C": 64.67418288689964, "epsilon": 0.8617205666071936, "gamma": 0.03458535813632433}, "datetime": {"datetime": "2021-09-29 21:01:25", "elapsed": 365.576841, "delta": 1.298997}}
{"target": -54.15140253086903, "params": {"C": 7.556279313005764, "epsilon": 1.306957983353744, "gamma": 0.03402391330754977}, "datetime": {"datetime": "2021-09-29 21:01:26", "elapsed": 366.712841, "delta": 1.136}}
{"target": -54.68497890964611, "params": {"C": 8.60055736442502, "epsilon": 2.758959742886098, "gamma": 0.03643814406389881}, "datetime": {"datetime": "2021-09-29 21:01:27", "elapsed": 367.955517, "delta": 1.242676}}
{"target": -54.68020112165802, "params": {"C": 7.493630656349023, "epsilon": 0.5483858137110069, "gamma": 0.041887444820478986}, "datetime": {"datetime": "2021-09-29 21:01:29", "elapsed": 369.981495, "delta": 2.025978}}
{"target": -53.994679151696346, "params": {"C": 10.71980703791195, "epsilon": 0.5772195471669379, "gamma": 0.029188311907098884}, "datetime": {"datetime": "2021-09-29 21:01:32", "elapsed": 372.229083, "delta": 2.247588}}
{"target": -60.40823630968527, "params": {"C": 1.903983542332841, "epsilon": 0.6924476056102004, "gamma": 0.03603416081314944}, "datetime": {"datetime": "2021-09-29 21:01:33", "elapsed": 373.410721, "delta": 1.181638}}
{"target": -55.84187176731741, "params": {"C": 14.056640917162028, "epsilon": 2.0235174768937103, "gamma": 0.03634721050115686}, "datetime": {"datetime": "2021-09-29 21:01:35", "elapsed": 375.701356, "delta": 2.290635}}
{"target": -53.727888797797796, "params": {"C": 7.226938326508082, "epsilon": 0.4783630948138505, "gamma": 0.03300076320528829}, "datetime": {"datetime": "2021-09-29 21:01:38", "elapsed": 378.464136, "delta": 2.76278}}
{"target": -53.92936276677389, "params": {"C": 8.709831857612143, "epsilon": 1.6553885487430395, "gamma": 0.028659720898428276}, "datetime": {"datetime": "2021-09-29 21:01:41", "elapsed": 381.24134, "delta": 2.777204}}
{"target": -58.594844583658045, "params": {"C": 85.69695133332134, "epsilon": 1.2743699770640438, "gamma": 0.023579793010021447}, "datetime": {"datetime": "2021-09-29 21:01:42", "elapsed": 382.540353, "delta": 1.299013}}
{"target": -54.544358537133476, "params": {"C": 7.622194464679751, "epsilon": 1.4269906934036132, "gamma": 0.020446961472697093}, "datetime": {"datetime": "2021-09-29 21:01:45", "elapsed": 385.740205, "delta": 3.199852}}
{"target": -54.01055248692208, "params": {"C": 10.624407883931976, "epsilon": 0.5111921233318278, "gamma": 0.03126012417838271}, "datetime": {"datetime": "2021-09-29 21:01:48", "elapsed": 388.176076, "delta": 2.435871}}
{"target": -53.910865334071644, "params": {"C": 10.237589193161963, "epsilon": 1.6597329496808904, "gamma": 0.019971572188856687}, "datetime": {"datetime": "2021-09-29 21:01:50", "elapsed": 390.909625, "delta": 2.733549}}
{"target": -55.19326825009793, "params": {"C": 6.798135714819671, "epsilon": 1.8847404041520488, "gamma": 0.016557562273820155}, "datetime": {"datetime": "2021-09-29 21:01:53", "elapsed": 393.725698, "delta": 2.816073}}
{"target": -54.38717135646218, "params": {"C": 10.343058432327533, "epsilon": 1.7761560987293548, "gamma": 0.0326894722374323}, "datetime": {"datetime": "2021-09-29 21:01:56", "elapsed": 396.694935, "delta": 2.969237}}
{"target": -56.27708956586107, "params": {"C": 10.799043249252213, "epsilon": 0.6373780966628508, "gamma": 0.007051053217294664}, "datetime": {"datetime": "2021-09-29 21:01:58", "elapsed": 398.56487, "delta": 1.869935}}
{"target": -55.14279003158473, "params": {"C": 10.062154450667517, "epsilon": 1.6056273141125075, "gamma": 0.04504385226824139}, "datetime": {"datetime": "2021-09-29 21:02:01", "elapsed": 401.159355, "delta": 2.594485}}
{"target": -54.630077007576446, "params": {"C": 7.070608487413255, "epsilon": 1.0555054921993225, "gamma": 0.042063500464203804}, "datetime": {"datetime": "2021-09-29 21:02:02", "elapsed": 402.390979, "delta": 1.231624}}
{"target": -55.04068298083891, "params": {"C": 8.046882812216806, "epsilon": 0.6800359084522046, "gamma": 0.014205986623866995}, "datetime": {"datetime": "2021-09-29 21:02:04", "elapsed": 404.520291, "delta": 2.129312}}
{"target": -58.404359475525624, "params": {"C": 78.82925666914164, "epsilon": 2.337043814668872, "gamma": 0.022244795533086902}, "datetime": {"datetime": "2021-09-29 21:02:05", "elapsed": 405.745446, "delta": 1.225155}}
{"target": -73.07263420994218, "params": {"C": 21.47194173103302, "epsilon": 2.5911942824353775, "gamma": 0.0001}, "datetime": {"datetime": "2021-09-29 21:02:08", "elapsed": 408.403742, "delta": 2.658296}}
{"target": -56.667777451102786, "params": {"C": 21.292279020841253, "epsilon": 2.713387642158034, "gamma": 0.04346771196632537}, "datetime": {"datetime": "2021-09-29 21:02:10", "elapsed": 410.818574, "delta": 2.414832}}
{"target": -57.920913973461865, "params": {"C": 85.3644952913718, "epsilon": 1.9362094808581793, "gamma": 0.017381101539902417}, "datetime": {"datetime": "2021-09-29 21:02:11", "elapsed": 412.069615, "delta": 1.251041}}
{"target": -54.32917484749117, "params": {"C": 7.1354439897064585, "epsilon": 0.390973866293132, "gamma": 0.039949758227886524}, "datetime": {"datetime": "2021-09-29 21:02:14", "elapsed": 414.285719, "delta": 2.216104}}
{"target": -54.5707199633066, "params": {"C": 11.011995426579736, "epsilon": 0.7209540491528035, "gamma": 0.037838096731765074}, "datetime": {"datetime": "2021-09-29 21:02:16", "elapsed": 416.658231, "delta": 2.372512}}
{"target": -55.00052395652434, "params": {"C": 17.994299742619162, "epsilon": 2.99480505766839, "gamma": 0.018443300698620248}, "datetime": {"datetime": "2021-09-29 21:02:17", "elapsed": 417.897235, "delta": 1.239004}}
{"target": -53.43986145881168, "params": {"C": 7.264366960786303, "epsilon": 0.33154247969168915, "gamma": 0.02993872101701097}, "datetime": {"datetime": "2021-09-29 21:02:20", "elapsed": 420.407251, "delta": 2.510016}}
{"target": -54.821034629665775, "params": {"C": 7.306888297892668, "epsilon": 0.43635441164587624, "gamma": 0.04363469532070898}, "datetime": {"datetime": "2021-09-29 21:02:23", "elapsed": 423.676429, "delta": 3.269178}}
{"target": -53.97170866681945, "params": {"C": 10.760088819478856, "epsilon": 1.0221869683648144, "gamma": 0.01603261941522376}, "datetime": {"datetime": "2021-09-29 21:02:26", "elapsed": 426.481497, "delta": 2.805068}}
{"target": -54.71977193570705, "params": {"C": 7.897760613911314, "epsilon": 0.5585673458001329, "gamma": 0.041167422624452416}, "datetime": {"datetime": "2021-09-29 21:02:29", "elapsed": 429.857087, "delta": 3.37559}}
{"target": -55.62926320402903, "params": {"C": 21.85813239393478, "epsilon": 2.312221460734765, "gamma": 0.02908537123452205}, "datetime": {"datetime": "2021-09-29 21:02:30", "elapsed": 431.125921, "delta": 1.268834}}
{"target": -64.13081278085971, "params": {"C": 10.955056741992795, "epsilon": 1.1230823755640529, "gamma": 0.0014184294066814048}, "datetime": {"datetime": "2021-09-29 21:02:33", "elapsed": 433.64946, "delta": 2.523539}}
{"target": -53.74013453178629, "params": {"C": 7.757246801098773, "epsilon": 0.47362437682704467, "gamma": 0.022596558887252132}, "datetime": {"datetime": "2021-09-29 21:02:35", "elapsed": 436.112714, "delta": 2.463254}}
{"target": -55.406563002890216, "params": {"C": 8.033458105666575, "epsilon": 0.4990960192933021, "gamma": 0.047469604881899864}, "datetime": {"datetime": "2021-09-29 21:02:38", "elapsed": 438.785431, "delta": 2.672717}}
{"target": -54.184317919238666, "params": {"C": 10.12822096169806, "epsilon": 1.7624465265528726, "gamma": 0.026102143792037947}, "datetime": {"datetime": "2021-09-29 21:02:42", "elapsed": 442.433363, "delta": 3.647932}}
{"target": -55.08910806907997, "params": {"C": 7.595836281162957, "epsilon": 0.45623021675634595, "gamma": 0.04570321654337984}, "datetime": {"datetime": "2021-09-29 21:02:44", "elapsed": 444.756677, "delta": 2.323314}}
{"target": -61.791425657802954, "params": {"C": 7.2580323957581125, "epsilon": 1.8980227975108317, "gamma": 0.00350116597180178}, "datetime": {"datetime": "2021-09-29 21:02:47", "elapsed": 447.694566, "delta": 2.937889}}
{"target": -54.42737592274334, "params": {"C": 10.456432851842202, "epsilon": 0.5384612450613282, "gamma": 0.036605055155865235}, "datetime": {"datetime": "2021-09-29 21:02:49", "elapsed": 449.86992, "delta": 2.175354}}
{"target": -55.461208167413155, "params": {"C": 11.138804891387592, "epsilon": 0.9268307048936936, "gamma": 0.04736240285093955}, "datetime": {"datetime": "2021-09-29 21:02:52", "elapsed": 452.744616, "delta": 2.874696}}
{"target": -54.95932836745806, "params": {"C": 10.687847039464682, "epsilon": 1.2587246905962686, "gamma": 0.009364648066816191}, "datetime": {"datetime": "2021-09-29 21:02:55", "elapsed": 455.801864, "delta": 3.057248}}
{"target": -54.54430240301606, "params": {"C": 10.258564417728941, "epsilon": 1.8592972241806118, "gamma": 0.03719139268091082}, "datetime": {"datetime": "2021-09-29 21:02:58", "elapsed": 458.500468, "delta": 2.698604}}
{"target": -55.02681338268195, "params": {"C": 6.3310070687965325, "epsilon": 1.827433920132562, "gamma": 0.0492149778987034}, "datetime": {"datetime": "2021-09-29 21:03:00", "elapsed": 460.894616, "delta": 2.394148}}
{"target": -58.9953942406617, "params": {"C": 62.203857638514314, "epsilon": 0.0803632164710174, "gamma": 0.0356300164745798}, "datetime": {"datetime": "2021-09-29 21:03:02", "elapsed": 462.20965, "delta": 1.315034}}
{"target": -55.57317121258202, "params": {"C": 27.56965164425444, "epsilon": 2.5038595244139117, "gamma": 0.014652411803210825}, "datetime": {"datetime": "2021-09-29 21:03:03", "elapsed": 463.551576, "delta": 1.341926}}
{"target": -55.07644001296266, "params": {"C": 10.071836526747916, "epsilon": 1.2610454499668362, "gamma": 0.009896426225397222}, "datetime": {"datetime": "2021-09-29 21:03:06", "elapsed": 466.26539, "delta": 2.713814}}
{"target": -55.0095472995376, "params": {"C": 10.517748546731164, "epsilon": 0.3902579892195989, "gamma": 0.04576615052190042}, "datetime": {"datetime": "2021-09-29 21:03:08", "elapsed": 468.677922, "delta": 2.412532}}
{"target": -53.59105638114022, "params": {"C": 7.872060098868415, "epsilon": 0.3942728777952364, "gamma": 0.022730288986357247}, "datetime": {"datetime": "2021-09-29 21:03:11", "elapsed": 471.325204, "delta": 2.647282}}
{"target": -57.846489805108824, "params": {"C": 37.5207694313164, "epsilon": 0.9062932395482663, "gamma": 0.03704689304125461}, "datetime": {"datetime": "2021-09-29 21:03:12", "elapsed": 472.759379, "delta": 1.434175}}
{"target": -55.27323807113959, "params": {"C": 24.84962286727556, "epsilon": 2.6255320200146572, "gamma": 0.013624406914917883}, "datetime": {"datetime": "2021-09-29 21:03:14", "elapsed": 474.25209, "delta": 1.492711}}
{"target": -71.75004029351084, "params": {"C": 10.152917572178318, "epsilon": 1.9025176000110542, "gamma": 0.000312311198612275}, "datetime": {"datetime": "2021-09-29 21:03:17", "elapsed": 477.871725, "delta": 3.619635}}
{"target": -53.84473979216398, "params": {"C": 10.220026071145346, "epsilon": 1.1796560553801763, "gamma": 0.024534903429196116}, "datetime": {"datetime": "2021-09-29 21:03:21", "elapsed": 481.473734, "delta": 3.602009}}
{"target": -54.06357747816667, "params": {"C": 10.192441138653479, "epsilon": 1.0548840465264073, "gamma": 0.027795678566381713}, "datetime": {"datetime": "2021-09-29 21:03:23", "elapsed": 484.066744, "delta": 2.59301}}
{"target": -56.64185539565767, "params": {"C": 3.3895997208671673, "epsilon": 1.3704145723210877, "gamma": 0.04554204930913001}, "datetime": {"datetime": "2021-09-29 21:03:25", "elapsed": 485.442411, "delta": 1.375667}}
