{"target": -65.04226805095199, "params": {"C": 13.182383373236242, "epsilon": 2.2512709177193164, "gamma": 0.001}, "datetime": {"datetime": "2021-09-29 20:13:51", "elapsed": 32.342344, "delta": 0.551244}}
{"target": -60.27756735555172, "params": {"C": 18.644751541096426, "epsilon": 0.9775383261771393, "gamma": 0.14636969862404653}, "datetime": {"datetime": "2021-09-29 20:13:52", "elapsed": 32.950341, "delta": 0.607997}}
{"target": -55.13809951455742, "params": {"C": 13.518099536089556, "epsilon": 2.454564662616983, "gamma": 0.028096637657667213}, "datetime": {"datetime": "2021-09-29 20:13:53", "elapsed": 33.603973, "delta": 0.653632}}
{"target": -57.33283992370064, "params": {"C": 19.014411026638804, "epsilon": 1.4781583959854874, "gamma": 0.0030390932195740504}, "datetime": {"datetime": "2021-09-29 20:13:53", "elapsed": 34.052588, "delta": 0.448615}}
{"target": -59.76031095153701, "params": {"C": 13.16640387471265, "epsilon": 2.1206357414300054, "gamma": 0.1412000947590589}, "datetime": {"datetime": "2021-09-29 20:13:54", "elapsed": 34.823587, "delta": 0.770999}}
{"target": -54.85043654197103, "params": {"C": 13.662013742267597, "epsilon": 2.4555388884491136, "gamma": 0.02242948208495633}, "datetime": {"datetime": "2021-09-29 20:13:54", "elapsed": 35.454589, "delta": 0.631002}}
{"target": -59.078727489367324, "params": {"C": 13.392813673505229, "epsilon": 1.76246428740838, "gamma": 0.11746781703472832}, "datetime": {"datetime": "2021-09-29 20:13:55", "elapsed": 36.082429, "delta": 0.62784}}
{"target": -57.570202775521295, "params": {"C": 13.517180739885566, "epsilon": 2.3459519492767886, "gamma": 0.08068601592278579}, "datetime": {"datetime": "2021-09-29 20:13:56", "elapsed": 36.57643, "delta": 0.494001}}
{"target": -61.0586032426305, "params": {"C": 13.567064319156616, "epsilon": 2.468730166833837, "gamma": 0.1981389421236261}, "datetime": {"datetime": "2021-09-29 20:13:56", "elapsed": 37.181425, "delta": 0.604995}}
{"target": -56.55141182458334, "params": {"C": 13.629222134874615, "epsilon": 2.560846144311752, "gamma": 0.06213210811586412}, "datetime": {"datetime": "2021-09-29 20:13:57", "elapsed": 37.746429, "delta": 0.565004}}
{"target": -54.42623696479345, "params": {"C": 13.239024438611775, "epsilon": 1.9582515779084073, "gamma": 0.016438828065679385}, "datetime": {"datetime": "2021-09-29 20:13:57", "elapsed": 38.238409, "delta": 0.49198}}
{"target": -58.2341425099555, "params": {"C": 13.512121222167053, "epsilon": 2.2322402441222913, "gamma": 0.09920685499219253}, "datetime": {"datetime": "2021-09-29 20:13:58", "elapsed": 38.711995, "delta": 0.473586}}
{"target": -64.45646369700815, "params": {"C": 13.717096147007469, "epsilon": 2.5257188520710656, "gamma": 0.001}, "datetime": {"datetime": "2021-09-29 20:13:58", "elapsed": 39.260999, "delta": 0.549004}}
{"target": -56.24861917287783, "params": {"C": 13.59355991663728, "epsilon": 2.335911433895554, "gamma": 0.055348922271017405}, "datetime": {"datetime": "2021-09-29 20:13:59", "elapsed": 39.830553, "delta": 0.569554}}
{"target": -57.12406846984668, "params": {"C": 96.88347390911257, "epsilon": 2.936004801309404, "gamma": 0.009207366803285068}, "datetime": {"datetime": "2021-09-29 20:13:59", "elapsed": 40.287728, "delta": 0.457175}}
{"target": -55.41195376887897, "params": {"C": 13.700997361642884, "epsilon": 2.355341710556403, "gamma": 0.02989542455238656}, "datetime": {"datetime": "2021-09-29 20:14:00", "elapsed": 40.871437, "delta": 0.583709}}
{"target": -61.29660280610395, "params": {"C": 9.210971478329713, "epsilon": 2.8794571506914632, "gamma": 0.28021437579687153}, "datetime": {"datetime": "2021-09-29 20:14:00", "elapsed": 41.304439, "delta": 0.433002}}
{"target": -57.17446636780652, "params": {"C": 13.718145922529898, "epsilon": 2.259658549064935, "gamma": 0.07434314438129239}, "datetime": {"datetime": "2021-09-29 20:14:01", "elapsed": 41.909436, "delta": 0.604997}}
{"target": -56.24637536800524, "params": {"C": 13.450642326398933, "epsilon": 2.2004859376862713, "gamma": 0.054629760353195694}, "datetime": {"datetime": "2021-09-29 20:14:01", "elapsed": 42.354653, "delta": 0.445217}}
{"target": -59.493104496231034, "params": {"C": 48.94772493277166, "epsilon": 2.7837215205637578, "gamma": 0.05399853993669374}, "datetime": {"datetime": "2021-09-29 20:14:02", "elapsed": 42.909656, "delta": 0.555003}}
{"target": -65.14156770487614, "params": {"C": 13.296899700762118, "epsilon": 2.009972858530254, "gamma": 0.001}, "datetime": {"datetime": "2021-09-29 20:14:03", "elapsed": 43.634437, "delta": 0.724781}}
{"target": -60.80274207797358, "params": {"C": 19.085482745411046, "epsilon": 1.3432667933854394, "gamma": 0.0015161222545100475}, "datetime": {"datetime": "2021-09-29 20:14:03", "elapsed": 44.139752, "delta": 0.505315}}
{"target": -60.496055456845546, "params": {"C": 80.51211754529032, "epsilon": 1.3111791221372435, "gamma": 0.0480175441498954}, "datetime": {"datetime": "2021-09-29 20:14:04", "elapsed": 44.619751, "delta": 0.479999}}
{"target": -65.70102125493878, "params": {"C": 83.25704143689869, "epsilon": 0.9496837514039622, "gamma": 0.21099322699651182}, "datetime": {"datetime": "2021-09-29 20:14:04", "elapsed": 45.10275, "delta": 0.482999}}
{"target": -54.70777702877765, "params": {"C": 13.569589623726547, "epsilon": 2.380608991725818, "gamma": 0.018231011957112374}, "datetime": {"datetime": "2021-09-29 20:14:05", "elapsed": 45.60275, "delta": 0.5}}
{"target": -63.9098915135917, "params": {"C": 25.617888004834775, "epsilon": 2.6334130082490854, "gamma": 0.4568318602356731}, "datetime": {"datetime": "2021-09-29 20:14:05", "elapsed": 46.048698, "delta": 0.445948}}
{"target": -67.35533833193497, "params": {"C": 79.9335168336488, "epsilon": 1.727640680873834, "gamma": 0.4720724164711618}, "datetime": {"datetime": "2021-09-29 20:14:06", "elapsed": 46.562703, "delta": 0.514005}}
{"target": -60.30005618274239, "params": {"C": 13.322757809962209, "epsilon": 1.9567147348530374, "gamma": 0.1535610109546601}, "datetime": {"datetime": "2021-09-29 20:14:06", "elapsed": 47.196701, "delta": 0.633998}}
{"target": -55.96318308802213, "params": {"C": 13.516437271410771, "epsilon": 2.0789450908798948, "gamma": 0.005967638070236513}, "datetime": {"datetime": "2021-09-29 20:14:07", "elapsed": 47.852698, "delta": 0.655997}}
{"target": -63.1131490703592, "params": {"C": 96.9442572996842, "epsilon": 2.924779523555072, "gamma": 0.08947259515561246}, "datetime": {"datetime": "2021-09-29 20:14:08", "elapsed": 48.525423, "delta": 0.672725}}
{"target": -65.82216324433772, "params": {"C": 64.71387917493453, "epsilon": 1.8689391625396337, "gamma": 0.3489834156419217}, "datetime": {"datetime": "2021-09-29 20:14:08", "elapsed": 49.057427, "delta": 0.532004}}
{"target": -59.02095720171736, "params": {"C": 44.80578205165217, "epsilon": 2.704496251164382, "gamma": 0.046009148678773905}, "datetime": {"datetime": "2021-09-29 20:14:09", "elapsed": 49.62942, "delta": 0.571993}}
{"target": -58.31576127602395, "params": {"C": 49.0812256263756, "epsilon": 2.7897073416317903, "gamma": 0.0323726121446136}, "datetime": {"datetime": "2021-09-29 20:14:09", "elapsed": 50.399621, "delta": 0.770201}}
{"target": -54.85851674551764, "params": {"C": 13.318175398563586, "epsilon": 1.8344248664729772, "gamma": 0.008305154465239127}, "datetime": {"datetime": "2021-09-29 20:14:10", "elapsed": 50.920619, "delta": 0.520998}}
{"target": -56.10304835750558, "params": {"C": 13.278960702288236, "epsilon": 1.8884393166477018, "gamma": 0.04995174818024426}, "datetime": {"datetime": "2021-09-29 20:14:10", "elapsed": 51.497622, "delta": 0.577003}}
{"target": -60.4689671493777, "params": {"C": 13.593475160463715, "epsilon": 1.9945178906015235, "gamma": 0.15815566819372348}, "datetime": {"datetime": "2021-09-29 20:14:11", "elapsed": 52.406901, "delta": 0.909279}}
{"target": -61.56112854627703, "params": {"C": 12.233936078378052, "epsilon": 2.422551706029646, "gamma": 0.29119074281869006}, "datetime": {"datetime": "2021-09-29 20:14:12", "elapsed": 52.977904, "delta": 0.571003}}
{"target": -68.09236474887909, "params": {"C": 99.43323471318432, "epsilon": 2.5791446210015185, "gamma": 0.45370855116447245}, "datetime": {"datetime": "2021-09-29 20:14:13", "elapsed": 53.581409, "delta": 0.603505}}
{"target": -57.982280724246934, "params": {"C": 13.587467694084024, "epsilon": 2.456800323616208, "gamma": 0.09233804985864207}, "datetime": {"datetime": "2021-09-29 20:14:13", "elapsed": 54.365868, "delta": 0.784459}}
{"target": -62.110340913859105, "params": {"C": 43.02886959291403, "epsilon": 0.873279627844197, "gamma": 0.17505579102540647}, "datetime": {"datetime": "2021-09-29 20:14:14", "elapsed": 54.937865, "delta": 0.571997}}
{"target": -56.10030196075133, "params": {"C": 13.782112717202075, "epsilon": 2.3674708893710363, "gamma": 0.051467723549829064}, "datetime": {"datetime": "2021-09-29 20:14:15", "elapsed": 55.560866, "delta": 0.623001}}
{"target": -62.66707405246652, "params": {"C": 43.344959814268776, "epsilon": 0.295732523537132, "gamma": 0.21226166448476969}, "datetime": {"datetime": "2021-09-29 20:14:15", "elapsed": 56.126622, "delta": 0.565756}}
{"target": -67.43291368482319, "params": {"C": 81.03272411033635, "epsilon": 0.6037647018706548, "gamma": 0.49675031137153886}, "datetime": {"datetime": "2021-09-29 20:14:16", "elapsed": 56.796626, "delta": 0.670004}}
{"target": -64.83396340463965, "params": {"C": 54.87897485148052, "epsilon": 0.9393441892541812, "gamma": 0.29764155132357095}, "datetime": {"datetime": "2021-09-29 20:14:16", "elapsed": 57.381623, "delta": 0.584997}}
{"target": -65.52821369874053, "params": {"C": 89.81981493319665, "epsilon": 2.2705570526771166, "gamma": 0.1781387713935149}, "datetime": {"datetime": "2021-09-29 20:14:17", "elapsed": 58.007621, "delta": 0.625998}}
{"target": -62.6027634198559, "params": {"C": 41.264232644644665, "epsilon": 2.0673866734864936, "gamma": 0.21295395734539235}, "datetime": {"datetime": "2021-09-29 20:14:18", "elapsed": 58.670931, "delta": 0.66331}}
{"target": -59.89993325150549, "params": {"C": 49.07317017518523, "epsilon": 2.6944876686266475, "gamma": 0.0617213814724915}, "datetime": {"datetime": "2021-09-29 20:14:19", "elapsed": 59.576929, "delta": 0.905998}}
{"target": -58.57906108224237, "params": {"C": 18.631589806306152, "epsilon": 1.0658907483488946, "gamma": 0.1061328616579326}, "datetime": {"datetime": "2021-09-29 20:14:19", "elapsed": 60.515165, "delta": 0.938236}}
{"target": -65.62614709061762, "params": {"C": 53.28701537624803, "epsilon": 2.318911254515813, "gamma": 0.451969412432685}, "datetime": {"datetime": "2021-09-29 20:14:20", "elapsed": 61.123166, "delta": 0.608001}}
{"target": -58.160465162671414, "params": {"C": 49.16776008823208, "epsilon": 2.7461277148238623, "gamma": 0.001}, "datetime": {"datetime": "2021-09-29 20:14:21", "elapsed": 62.135828, "delta": 1.012662}}
{"target": -64.5747489534643, "params": {"C": 33.67509061772199, "epsilon": 0.45787820304449306, "gamma": 0.48806459963926185}, "datetime": {"datetime": "2021-09-29 20:14:22", "elapsed": 62.830699, "delta": 0.694871}}
{"target": -56.4036335834582, "params": {"C": 13.520656630306805, "epsilon": 2.609541721419701, "gamma": 0.059587508769658584}, "datetime": {"datetime": "2021-09-29 20:14:23", "elapsed": 63.64957, "delta": 0.818871}}
{"target": -55.26170384320521, "params": {"C": 13.557752038763379, "epsilon": 2.473554614083595, "gamma": 0.007692640613894168}, "datetime": {"datetime": "2021-09-29 20:14:23", "elapsed": 64.32518, "delta": 0.67561}}
{"target": -59.41093264600127, "params": {"C": 13.726445785549796, "epsilon": 2.405151432150176, "gamma": 0.1301158470123486}, "datetime": {"datetime": "2021-09-29 20:14:24", "elapsed": 65.273178, "delta": 0.947998}}
{"target": -60.605535706586345, "params": {"C": 47.06878373277274, "epsilon": 0.31248599598962873, "gamma": 0.07002340579025734}, "datetime": {"datetime": "2021-09-29 20:14:25", "elapsed": 65.947183, "delta": 0.674005}}
{"target": -55.01092867478749, "params": {"C": 18.648863586565863, "epsilon": 1.0536436707236412, "gamma": 0.01324670781948624}, "datetime": {"datetime": "2021-09-29 20:14:26", "elapsed": 66.612153, "delta": 0.66497}}
{"target": -64.5936533948277, "params": {"C": 13.75832215017477, "epsilon": 2.3080858623674243, "gamma": 0.001}, "datetime": {"datetime": "2021-09-29 20:14:27", "elapsed": 67.575153, "delta": 0.963}}
{"target": -55.62170633687173, "params": {"C": 13.497702311642161, "epsilon": 2.169754494707207, "gamma": 0.03270618814124062}, "datetime": {"datetime": "2021-09-29 20:14:27", "elapsed": 68.362199, "delta": 0.787046}}
{"target": -55.58093637782847, "params": {"C": 13.466448907200604, "epsilon": 2.5526277315895043, "gamma": 0.03330700992829657}, "datetime": {"datetime": "2021-09-29 20:14:28", "elapsed": 69.149907, "delta": 0.787708}}
{"target": -55.824058244539444, "params": {"C": 13.402842706376848, "epsilon": 2.1369113735635654, "gamma": 0.03889900043012506}, "datetime": {"datetime": "2021-09-29 20:14:29", "elapsed": 70.24993, "delta": 1.100023}}
{"target": -57.984334596143306, "params": {"C": 13.321649535414503, "epsilon": 2.20500253103357, "gamma": 0.09098908838535617}, "datetime": {"datetime": "2021-09-29 20:14:30", "elapsed": 71.18893, "delta": 0.939}}
{"target": -66.42767297193966, "params": {"C": 72.15485799164193, "epsilon": 1.0999431681533998, "gamma": 0.3541893515241496}, "datetime": {"datetime": "2021-09-29 20:14:31", "elapsed": 71.848927, "delta": 0.659997}}
{"target": -57.286520228401294, "params": {"C": 13.59388259589086, "epsilon": 2.2472704980496516, "gamma": 0.07667605753130276}, "datetime": {"datetime": "2021-09-29 20:14:32", "elapsed": 72.844326, "delta": 0.995399}}
{"target": -59.02657515573531, "params": {"C": 13.165660713608878, "epsilon": 1.9230611055183195, "gamma": 0.11652637690882496}, "datetime": {"datetime": "2021-09-29 20:14:33", "elapsed": 73.644972, "delta": 0.800646}}
{"target": -64.45230214442519, "params": {"C": 33.49410860829159, "epsilon": 0.0448407603010918, "gamma": 0.4610365465106441}, "datetime": {"datetime": "2021-09-29 20:14:33", "elapsed": 74.397895, "delta": 0.752923}}
{"target": -56.57279509727265, "params": {"C": 13.343891965187492, "epsilon": 1.8453500062867298, "gamma": 0.05806836256027757}, "datetime": {"datetime": "2021-09-29 20:14:34", "elapsed": 75.388898, "delta": 0.991003}}
{"target": -66.01241112658026, "params": {"C": 72.12141962678761, "epsilon": 1.1352045489277627, "gamma": 0.2835838284330341}, "datetime": {"datetime": "2021-09-29 20:14:35", "elapsed": 76.179384, "delta": 0.790486}}
{"target": -59.246367562155044, "params": {"C": 13.074959721566554, "epsilon": 2.2730266500055, "gamma": 0.12466559162396716}, "datetime": {"datetime": "2021-09-29 20:14:36", "elapsed": 77.138442, "delta": 0.959058}}
{"target": -54.62942841596913, "params": {"C": 13.546508500569862, "epsilon": 2.5904575404321295, "gamma": 0.020489546921164076}, "datetime": {"datetime": "2021-09-29 20:14:37", "elapsed": 78.081441, "delta": 0.942999}}
{"target": -54.840421220042046, "params": {"C": 13.288666488280413, "epsilon": 2.428866753506545, "gamma": 0.010030008075583345}, "datetime": {"datetime": "2021-09-29 20:14:38", "elapsed": 78.870336, "delta": 0.788895}}
{"target": -67.07317329038136, "params": {"C": 74.1058611726533, "epsilon": 2.4386127248912883, "gamma": 0.4799529689336688}, "datetime": {"datetime": "2021-09-29 20:14:39", "elapsed": 79.608336, "delta": 0.738}}
{"target": -56.04216634985983, "params": {"C": 13.346345358059262, "epsilon": 1.8365595988958323, "gamma": 0.04708652425587649}, "datetime": {"datetime": "2021-09-29 20:14:39", "elapsed": 80.364863, "delta": 0.756527}}
{"target": -61.06787012807915, "params": {"C": 13.551473191043435, "epsilon": 2.4688223999421, "gamma": 0.1998012900455371}, "datetime": {"datetime": "2021-09-29 20:14:40", "elapsed": 81.285399, "delta": 0.920536}}
{"target": -59.69737491762827, "params": {"C": 13.317290068640911, "epsilon": 2.0854803276133747, "gamma": 0.13897848472521251}, "datetime": {"datetime": "2021-09-29 20:14:41", "elapsed": 82.186402, "delta": 0.901003}}
{"target": -59.81503139780838, "params": {"C": 13.736654101597424, "epsilon": 2.2981317012139275, "gamma": 0.14326456363931264}, "datetime": {"datetime": "2021-09-29 20:14:42", "elapsed": 83.061348, "delta": 0.874946}}
{"target": -61.020006802822365, "params": {"C": 4.264555371218817, "epsilon": 1.237502733353879, "gamma": 0.18261878625421946}, "datetime": {"datetime": "2021-09-29 20:14:43", "elapsed": 84.00606, "delta": 0.944712}}
{"target": -56.64861966576126, "params": {"C": 13.655242123467227, "epsilon": 2.3649136256953285, "gamma": 0.06370655258984662}, "datetime": {"datetime": "2021-09-29 20:14:44", "elapsed": 84.959454, "delta": 0.953394}}
{"target": -60.41551484004945, "params": {"C": 11.14103413723921, "epsilon": 2.2153277671088385, "gamma": 0.16528816879836217}, "datetime": {"datetime": "2021-09-29 20:14:45", "elapsed": 85.864452, "delta": 0.904998}}
{"target": -57.40193495508935, "params": {"C": 13.245667243286995, "epsilon": 1.873808743805151, "gamma": 0.004571726126257169}, "datetime": {"datetime": "2021-09-29 20:14:46", "elapsed": 87.212786, "delta": 1.348334}}
{"target": -56.37998205819359, "params": {"C": 13.270803134194235, "epsilon": 2.2456608308652886, "gamma": 0.05751872248949152}, "datetime": {"datetime": "2021-09-29 20:14:47", "elapsed": 88.062786, "delta": 0.85}}
{"target": -55.497293650235534, "params": {"C": 13.729455310699239, "epsilon": 2.133077156493222, "gamma": 0.03031783532730993}, "datetime": {"datetime": "2021-09-29 20:14:48", "elapsed": 89.269074, "delta": 1.206288}}
{"target": -61.470591434175915, "params": {"C": 62.37822475205489, "epsilon": 0.8207405295317993, "gamma": 0.08661607574197548}, "datetime": {"datetime": "2021-09-29 20:14:49", "elapsed": 90.053071, "delta": 0.783997}}
{"target": -61.739232509810435, "params": {"C": 61.8198664582695, "epsilon": 0.5753845089121946, "gamma": 0.10337103534930185}, "datetime": {"datetime": "2021-09-29 20:14:50", "elapsed": 90.867241, "delta": 0.81417}}
{"target": -59.667876889841295, "params": {"C": 13.631355840739158, "epsilon": 2.490028734199587, "gamma": 0.0022708513782825268}, "datetime": {"datetime": "2021-09-29 20:14:51", "elapsed": 92.069244, "delta": 1.202003}}
{"target": -59.500477267818006, "params": {"C": 13.322625818530243, "epsilon": 2.0829252066087123, "gamma": 0.1328093689035788}, "datetime": {"datetime": "2021-09-29 20:14:52", "elapsed": 93.039243, "delta": 0.969999}}
{"target": -61.469090114222126, "params": {"C": 43.97104838411319, "epsilon": 0.5727764292888134, "gamma": 0.13698769207445693}, "datetime": {"datetime": "2021-09-29 20:14:53", "elapsed": 93.907242, "delta": 0.867999}}
{"target": -55.65754729485057, "params": {"C": 13.461717926807028, "epsilon": 2.411885174119101, "gamma": 0.03401699991081538}, "datetime": {"datetime": "2021-09-29 20:14:54", "elapsed": 94.856133, "delta": 0.948891}}
{"target": -55.49403348633651, "params": {"C": 4.752155215982165, "epsilon": 1.8193224597685147, "gamma": 0.05039374129284597}, "datetime": {"datetime": "2021-09-29 20:14:55", "elapsed": 95.685128, "delta": 0.828995}}
{"target": -54.367811879222515, "params": {"C": 13.379504212373115, "epsilon": 2.309959169103161, "gamma": 0.01594331428363581}, "datetime": {"datetime": "2021-09-29 20:14:56", "elapsed": 96.90699, "delta": 1.221862}}
{"target": -58.35688635886387, "params": {"C": 9.985192169661802, "epsilon": 1.8449163489971179, "gamma": 0.09697397215206188}, "datetime": {"datetime": "2021-09-29 20:14:57", "elapsed": 97.675994, "delta": 0.769004}}
{"target": -55.77563162404129, "params": {"C": 13.578615551500699, "epsilon": 2.6579272305873305, "gamma": 0.006672038987929417}, "datetime": {"datetime": "2021-09-29 20:14:58", "elapsed": 99.157854, "delta": 1.48186}}
{"target": -60.847168012243976, "params": {"C": 50.349701458500405, "epsilon": 1.2516564301177766, "gamma": 0.0740455533393819}, "datetime": {"datetime": "2021-09-29 20:14:59", "elapsed": 99.956853, "delta": 0.798999}}
{"target": -57.705789914677496, "params": {"C": 11.227461751531866, "epsilon": 2.1734800122779467, "gamma": 0.08592156328670451}, "datetime": {"datetime": "2021-09-29 20:15:00", "elapsed": 100.705863, "delta": 0.74901}}
{"target": -57.88978669923661, "params": {"C": 13.418050310838137, "epsilon": 2.0198808852992673, "gamma": 0.08527819971825434}, "datetime": {"datetime": "2021-09-29 20:15:01", "elapsed": 101.622465, "delta": 0.916602}}
{"target": -56.68839748706286, "params": {"C": 13.674040040559778, "epsilon": 2.4256324222686327, "gamma": 0.06561648218863532}, "datetime": {"datetime": "2021-09-29 20:15:02", "elapsed": 102.89452, "delta": 1.272055}}
{"target": -55.24797593799008, "params": {"C": 4.638508513203513, "epsilon": 1.8680179896251754, "gamma": 0.03537973424045674}, "datetime": {"datetime": "2021-09-29 20:15:03", "elapsed": 104.329128, "delta": 1.434608}}
{"target": -63.113075177163736, "params": {"C": 94.60925449737934, "epsilon": 1.9026957021393274, "gamma": 0.09468101795375124}, "datetime": {"datetime": "2021-09-29 20:15:04", "elapsed": 105.318372, "delta": 0.989244}}
{"target": -64.16059209843229, "params": {"C": 28.96423603968254, "epsilon": 1.2358507672705388, "gamma": 0.4727006054264555}, "datetime": {"datetime": "2021-09-29 20:15:05", "elapsed": 106.217371, "delta": 0.898999}}
{"target": -57.359621810245606, "params": {"C": 13.45748350204542, "epsilon": 1.7984347553460442, "gamma": 0.07522846368890228}, "datetime": {"datetime": "2021-09-29 20:15:06", "elapsed": 107.169076, "delta": 0.951705}}
{"target": -64.79186380727748, "params": {"C": 50.02673382844367, "epsilon": 0.8976812111791489, "gamma": 0.3194259773544859}, "datetime": {"datetime": "2021-09-29 20:15:07", "elapsed": 108.045076, "delta": 0.876}}
{"target": -58.10570307331757, "params": {"C": 89.07283817552612, "epsilon": 1.4415323664752138, "gamma": 0.01819873077568365}, "datetime": {"datetime": "2021-09-29 20:15:08", "elapsed": 108.919238, "delta": 0.874162}}
