{"target": -62.22910988082909, "params": {"C": 167.62696858656494, "epsilon": 0.1364434403559315, "gamma": 0.04950820930152066}, "datetime": {"datetime": "2021-09-29 21:30:28", "elapsed": 354.609855, "delta": 1.629899}}
{"target": -61.188767875003116, "params": {"C": 136.8896660922388, "epsilon": 0.9062932395482663, "gamma": 0.03704689304125461}, "datetime": {"datetime": "2021-09-29 21:30:29", "elapsed": 356.231507, "delta": 1.621652}}
{"target": -57.932154499047975, "params": {"C": 124.09052814876318, "epsilon": 2.6255320200146572, "gamma": 0.013624406914917883}, "datetime": {"datetime": "2021-09-29 21:30:31", "elapsed": 357.936618, "delta": 1.705111}}
{"target": -57.84960227597703, "params": {"C": 188.95315014607172, "epsilon": 1.449923440879952, "gamma": 0.007435091830750029}, "datetime": {"datetime": "2021-09-29 21:30:33", "elapsed": 360.408533, "delta": 2.471915}}
{"target": -58.37628941049155, "params": {"C": 186.41401949912404, "epsilon": 0.6644087050927031, "gamma": 0.008733775554305214}, "datetime": {"datetime": "2021-09-29 21:30:36", "elapsed": 363.272152, "delta": 2.863619}}
{"target": -61.056479551607225, "params": {"C": 181.7604292899594, "epsilon": 0.5615305757534368, "gamma": 0.0243410858649558}, "datetime": {"datetime": "2021-09-29 21:30:39", "elapsed": 365.617129, "delta": 2.344977}}
{"target": -60.91798284392698, "params": {"C": 102.41373709178502, "epsilon": 1.3704145723210877, "gamma": 0.04554204930913001}, "datetime": {"datetime": "2021-09-29 21:30:40", "elapsed": 367.315718, "delta": 1.698589}}
{"target": -57.427872964966554, "params": {"C": 112.54003112701773, "epsilon": 1.8858757874359666, "gamma": 0.00906295123941397}, "datetime": {"datetime": "2021-09-29 21:30:43", "elapsed": 369.619535, "delta": 2.303817}}
{"target": -58.93277334098832, "params": {"C": 144.26161589939449, "epsilon": 2.7093747540229742, "gamma": 0.01820670811386736}, "datetime": {"datetime": "2021-09-29 21:30:45", "elapsed": 372.309956, "delta": 2.690421}}
{"target": -57.30004814269948, "params": {"C": 194.76546569173863, "epsilon": 2.425580405863685, "gamma": 0.0052265048968902295}, "datetime": {"datetime": "2021-09-29 21:30:48", "elapsed": 375.055276, "delta": 2.74532}}
{"target": -59.576228363525566, "params": {"C": 128.89994821267112, "epsilon": 2.5507465444970596, "gamma": 0.029577576339679227}, "datetime": {"datetime": "2021-09-29 21:30:51", "elapsed": 377.746258, "delta": 2.690982}}
{"target": -55.38864652781687, "params": {"C": 133.54755843080002, "epsilon": 0.4344632377128449, "gamma": 0.0012687372036401998}, "datetime": {"datetime": "2021-09-29 21:30:53", "elapsed": 380.377576, "delta": 2.631318}}
{"target": -59.23997479915898, "params": {"C": 196.44416015498547, "epsilon": 1.1781897887535222, "gamma": 0.014762236948085199}, "datetime": {"datetime": "2021-09-29 21:30:55", "elapsed": 382.291433, "delta": 1.913857}}
{"target": -58.9127608112302, "params": {"C": 148.64734853636833, "epsilon": 2.6847783892038506, "gamma": 0.015656653834021084}, "datetime": {"datetime": "2021-09-29 21:30:58", "elapsed": 384.597136, "delta": 2.305703}}
{"target": -56.50123524480044, "params": {"C": 194.7652817600836, "epsilon": 2.434713019446842, "gamma": 0.0025847427563971907}, "datetime": {"datetime": "2021-09-29 21:31:00", "elapsed": 386.87136, "delta": 2.274224}}
{"target": -61.08793073025303, "params": {"C": 157.84503377557135, "epsilon": 1.6660598906548354, "gamma": 0.03888285269581965}, "datetime": {"datetime": "2021-09-29 21:31:02", "elapsed": 388.706262, "delta": 1.834902}}
{"target": -61.09729031108301, "params": {"C": 136.72729580988602, "epsilon": 2.5214890308276208, "gamma": 0.04157415882689086}, "datetime": {"datetime": "2021-09-29 21:31:04", "elapsed": 390.572262, "delta": 1.866}}
{"target": -58.77073976210176, "params": {"C": 100.82137528619837, "epsilon": 0.45416974313539576, "gamma": 0.0004103464379928639}, "datetime": {"datetime": "2021-09-29 21:31:06", "elapsed": 392.901505, "delta": 2.329243}}
{"target": -61.212203003289204, "params": {"C": 111.3848009646835, "epsilon": 2.091804692306545, "gamma": 0.049386428637687246}, "datetime": {"datetime": "2021-09-29 21:31:08", "elapsed": 394.689482, "delta": 1.787977}}
{"target": -60.22983695386481, "params": {"C": 114.00312534671296, "epsilon": 1.529428039635389, "gamma": 0.033839057737511176}, "datetime": {"datetime": "2021-09-29 21:31:11", "elapsed": 398.312146, "delta": 3.622664}}
{"target": -57.89073548916671, "params": {"C": 124.40972922089419, "epsilon": 0.11723219716772257, "gamma": 0.010669659122717582}, "datetime": {"datetime": "2021-09-29 21:31:15", "elapsed": 402.291012, "delta": 3.978866}}
{"target": -57.65551874331748, "params": {"C": 153.92492200398846, "epsilon": 1.456948412238384, "gamma": 0.007945908738918208}, "datetime": {"datetime": "2021-09-29 21:31:18", "elapsed": 404.648994, "delta": 2.357982}}
{"target": -59.21910426612096, "params": {"C": 125.20652166334361, "epsilon": 1.8190042303586293, "gamma": 0.021759367996059716}, "datetime": {"datetime": "2021-09-29 21:31:21", "elapsed": 408.098569, "delta": 3.449575}}
{"target": -60.42975212835325, "params": {"C": 189.9013147959943, "epsilon": 1.71809914708737, "gamma": 0.02432627840984638}, "datetime": {"datetime": "2021-09-29 21:31:23", "elapsed": 410.084772, "delta": 1.986203}}
{"target": -55.01018243035729, "params": {"C": 109.10032183857645, "epsilon": 1.866465206499379, "gamma": 0.00151672543779954}, "datetime": {"datetime": "2021-09-29 21:31:26", "elapsed": 413.303217, "delta": 3.218445}}
{"target": -58.34609787370791, "params": {"C": 183.43506581518113, "epsilon": 2.1833215707649805, "gamma": 0.008811318805646312}, "datetime": {"datetime": "2021-09-29 21:31:28", "elapsed": 415.336909, "delta": 2.033692}}
{"target": -57.960963612209845, "params": {"C": 124.4071098970518, "epsilon": 0.10437525799016109, "gamma": 0.011286524122415162}, "datetime": {"datetime": "2021-09-29 21:31:31", "elapsed": 417.810418, "delta": 2.473509}}
{"target": -55.208111292350445, "params": {"C": 126.7098719839238, "epsilon": 0.7948857010115683, "gamma": 0.0014851189568616426}, "datetime": {"datetime": "2021-09-29 21:31:33", "elapsed": 419.763388, "delta": 1.95297}}
{"target": -59.21687529924732, "params": {"C": 148.59066675528103, "epsilon": 2.71282095175625, "gamma": 0.022805603544403627}, "datetime": {"datetime": "2021-09-29 21:31:36", "elapsed": 423.085942, "delta": 3.322554}}
{"target": -57.118646466404186, "params": {"C": 194.74648511277732, "epsilon": 2.4259915021922005, "gamma": 0.004842194241392039}, "datetime": {"datetime": "2021-09-29 21:31:39", "elapsed": 425.494679, "delta": 2.408737}}
{"target": -55.33206235212227, "params": {"C": 112.54758258921595, "epsilon": 1.8970119687027753, "gamma": 0.0011668490411971795}, "datetime": {"datetime": "2021-09-29 21:31:41", "elapsed": 427.79672, "delta": 2.302041}}
{"target": -60.99905371912264, "params": {"C": 118.92615856323911, "epsilon": 0.016719968700534202, "gamma": 0.033534853495094004}, "datetime": {"datetime": "2021-09-29 21:31:43", "elapsed": 429.610524, "delta": 1.813804}}
{"target": -58.935682691314085, "params": {"C": 148.63366964252447, "epsilon": 2.708119015005303, "gamma": 0.015926166685581566}, "datetime": {"datetime": "2021-09-29 21:31:45", "elapsed": 432.132464, "delta": 2.52194}}
{"target": -61.08691772162056, "params": {"C": 133.374000728057, "epsilon": 2.4181446825664947, "gamma": 0.04238134202412906}, "datetime": {"datetime": "2021-09-29 21:31:47", "elapsed": 433.957125, "delta": 1.824661}}
{"target": -58.15961255337745, "params": {"C": 110.15816026854867, "epsilon": 0.1901698884048717, "gamma": 0.014135879002289915}, "datetime": {"datetime": "2021-09-29 21:31:49", "elapsed": 435.691229, "delta": 1.734104}}
{"target": -61.01095698227511, "params": {"C": 112.68239204106423, "epsilon": 1.0688082559509406, "gamma": 0.040955169248427}, "datetime": {"datetime": "2021-09-29 21:31:51", "elapsed": 437.678587, "delta": 1.987358}}
{"target": -57.97021380170938, "params": {"C": 112.5674149469388, "epsilon": 1.939140807024326, "gamma": 0.011274435293535381}, "datetime": {"datetime": "2021-09-29 21:31:54", "elapsed": 441.23398, "delta": 3.555393}}
{"target": -57.095629761226476, "params": {"C": 101.90007569498773, "epsilon": 2.0224523352027846, "gamma": 0.008729616697688047}, "datetime": {"datetime": "2021-09-29 21:31:58", "elapsed": 444.641526, "delta": 3.407546}}
{"target": -58.413791078168266, "params": {"C": 148.43338763698566, "epsilon": 2.778612235960925, "gamma": 0.013383784686959114}, "datetime": {"datetime": "2021-09-29 21:32:01", "elapsed": 447.837464, "delta": 3.195938}}
{"target": -59.97881976501079, "params": {"C": 141.0573136360211, "epsilon": 2.8889763626214657, "gamma": 0.030663237652262598}, "datetime": {"datetime": "2021-09-29 21:32:03", "elapsed": 449.955782, "delta": 2.118318}}
{"target": -56.73835809294052, "params": {"C": 194.49865553741424, "epsilon": 0.42696162025233686, "gamma": 0.003938299530330188}, "datetime": {"datetime": "2021-09-29 21:32:06", "elapsed": 453.120484, "delta": 3.164702}}
{"target": -57.68577426232368, "params": {"C": 194.51048522271032, "epsilon": 0.4099370193375518, "gamma": 0.006240975975312764}, "datetime": {"datetime": "2021-09-29 21:32:10", "elapsed": 456.844862, "delta": 3.724378}}
{"target": -61.162139704703314, "params": {"C": 132.65410266912403, "epsilon": 0.2633298563413938, "gamma": 0.03680315928890942}, "datetime": {"datetime": "2021-09-29 21:32:13", "elapsed": 459.553152, "delta": 2.70829}}
{"target": -58.15777234049738, "params": {"C": 110.04022659476487, "epsilon": 1.5367873972577175, "gamma": 0.01304130252460305}, "datetime": {"datetime": "2021-09-29 21:32:18", "elapsed": 464.83457, "delta": 5.281418}}
{"target": -59.360780020188884, "params": {"C": 107.7478970932332, "epsilon": 0.7757033967628698, "gamma": 0.02445760592947817}, "datetime": {"datetime": "2021-09-29 21:32:23", "elapsed": 469.468721, "delta": 4.634151}}
{"target": -60.30012437515219, "params": {"C": 151.97246617363768, "epsilon": 2.803619618010101, "gamma": 0.03087693051505476}, "datetime": {"datetime": "2021-09-29 21:32:26", "elapsed": 472.83404, "delta": 3.365319}}
{"target": -58.30414191657655, "params": {"C": 109.10399279880649, "epsilon": 1.8649825194617462, "gamma": 0.0160573859823903}, "datetime": {"datetime": "2021-09-29 21:32:31", "elapsed": 477.7814, "delta": 4.94736}}
{"target": -61.23454446621754, "params": {"C": 185.84333757936662, "epsilon": 0.17087666655427589, "gamma": 0.02697371812242071}, "datetime": {"datetime": "2021-09-29 21:32:34", "elapsed": 481.186443, "delta": 3.405043}}
{"target": -58.77720165080744, "params": {"C": 186.42108417805724, "epsilon": 0.6808164254899634, "gamma": 0.011866591496887992}, "datetime": {"datetime": "2021-09-29 21:32:37", "elapsed": 484.076904, "delta": 2.890461}}
{"target": -60.09485396964275, "params": {"C": 146.5249344919984, "epsilon": 0.3072962356863808, "gamma": 0.0222392785985047}, "datetime": {"datetime": "2021-09-29 21:32:40", "elapsed": 486.853237, "delta": 2.776333}}
{"target": -59.831817900846815, "params": {"C": 152.66157011066568, "epsilon": 1.7527055773917897, "gamma": 0.022918952887015787}, "datetime": {"datetime": "2021-09-29 21:32:43", "elapsed": 489.774763, "delta": 2.921526}}
{"target": -56.57785273828427, "params": {"C": 177.5872735131657, "epsilon": 2.5256062565872117, "gamma": 0.0024472781614425696}, "datetime": {"datetime": "2021-09-29 21:32:46", "elapsed": 492.985709, "delta": 3.210946}}
{"target": -61.12033762525401, "params": {"C": 147.0829569386936, "epsilon": 2.412729027854214, "gamma": 0.0394676374221821}, "datetime": {"datetime": "2021-09-29 21:32:48", "elapsed": 495.025759, "delta": 2.04005}}
{"target": -58.117481530080454, "params": {"C": 144.2465033228187, "epsilon": 2.6969233990690387, "gamma": 0.010507056618224627}, "datetime": {"datetime": "2021-09-29 21:32:51", "elapsed": 498.096701, "delta": 3.070942}}
{"target": -56.947855680794405, "params": {"C": 103.7861878958959, "epsilon": 1.7802475236526385, "gamma": 0.007944049069783108}, "datetime": {"datetime": "2021-09-29 21:32:54", "elapsed": 500.818504, "delta": 2.721803}}
{"target": -59.17896654582206, "params": {"C": 186.05437167147318, "epsilon": 1.7267477894570882, "gamma": 0.01452860925810129}, "datetime": {"datetime": "2021-09-29 21:32:58", "elapsed": 505.207879, "delta": 4.389375}}
{"target": -56.625052099936546, "params": {"C": 113.21523566345766, "epsilon": 1.3491895109708625, "gamma": 0.005714763596132386}, "datetime": {"datetime": "2021-09-29 21:33:01", "elapsed": 508.041607, "delta": 2.833728}}
{"target": -57.39505424386929, "params": {"C": 155.51590119221115, "epsilon": 1.0804596480381417, "gamma": 0.0067344382894596036}, "datetime": {"datetime": "2021-09-29 21:33:03", "elapsed": 509.971657, "delta": 1.93005}}
{"target": -57.8058873829145, "params": {"C": 101.1541738869144, "epsilon": 2.7554623546151213, "gamma": 0.012348894431708389}, "datetime": {"datetime": "2021-09-29 21:33:07", "elapsed": 513.509345, "delta": 3.537688}}
{"target": -59.33860598731734, "params": {"C": 134.7554345518581, "epsilon": 2.6613347968693444, "gamma": 0.02693922085489278}, "datetime": {"datetime": "2021-09-29 21:33:09", "elapsed": 515.702248, "delta": 2.192903}}
{"target": -61.61695384014686, "params": {"C": 149.8587020828698, "epsilon": 1.2749632798987498, "gamma": 0.049358505917151275}, "datetime": {"datetime": "2021-09-29 21:33:11", "elapsed": 517.731042, "delta": 2.028794}}
{"target": -59.88165279846186, "params": {"C": 107.3362006575656, "epsilon": 0.9935938469018073, "gamma": 0.026984482374906554}, "datetime": {"datetime": "2021-09-29 21:33:13", "elapsed": 519.786199, "delta": 2.055157}}
{"target": -55.474110344867846, "params": {"C": 166.55063982144878, "epsilon": 2.1706563510046837, "gamma": 0.0015139893699305624}, "datetime": {"datetime": "2021-09-29 21:33:16", "elapsed": 522.573375, "delta": 2.787176}}
{"target": -62.190166581837616, "params": {"C": 175.36675504526758, "epsilon": 0.7693316133895837, "gamma": 0.048251401901396866}, "datetime": {"datetime": "2021-09-29 21:33:18", "elapsed": 524.727263, "delta": 2.153888}}
{"target": -55.72068201082014, "params": {"C": 110.32015866334297, "epsilon": 2.1981226224263573, "gamma": 0.0008147356369618899}, "datetime": {"datetime": "2021-09-29 21:33:21", "elapsed": 528.030351, "delta": 3.303088}}
{"target": -59.19974643783771, "params": {"C": 196.83910258458195, "epsilon": 2.9190931057590284, "gamma": 0.018530300234773464}, "datetime": {"datetime": "2021-09-29 21:33:25", "elapsed": 531.841524, "delta": 3.811173}}
{"target": -57.934145707319665, "params": {"C": 100.81964696464011, "epsilon": 0.45829380448948975, "gamma": 0.016626030651026146}, "datetime": {"datetime": "2021-09-29 21:33:29", "elapsed": 535.672633, "delta": 3.831109}}
{"target": -58.037066159482045, "params": {"C": 113.22853303133678, "epsilon": 1.3264466726248074, "gamma": 0.010946231072681814}, "datetime": {"datetime": "2021-09-29 21:33:32", "elapsed": 539.265132, "delta": 3.592499}}
{"target": -56.315898976175085, "params": {"C": 140.43629819548872, "epsilon": 1.1811303588555675, "gamma": 0.0032091140573751267}, "datetime": {"datetime": "2021-09-29 21:33:35", "elapsed": 541.436012, "delta": 2.17088}}
{"target": -55.52907797344818, "params": {"C": 124.4100118280684, "epsilon": 0.13294128557488435, "gamma": 0.0009025751263393475}, "datetime": {"datetime": "2021-09-29 21:33:38", "elapsed": 545.303723, "delta": 3.867711}}
{"target": -55.514703460301526, "params": {"C": 112.57111456499595, "epsilon": 1.9605045881034455, "gamma": 0.0021109402807298187}, "datetime": {"datetime": "2021-09-29 21:33:42", "elapsed": 548.936492, "delta": 3.632769}}
{"target": -60.98933966488273, "params": {"C": 115.74873178893972, "epsilon": 0.4563283959310349, "gamma": 0.04290198071148851}, "datetime": {"datetime": "2021-09-29 21:33:45", "elapsed": 551.691094, "delta": 2.754602}}
{"target": -57.964854052748784, "params": {"C": 124.10333305313507, "epsilon": 2.6437607390386204, "gamma": 0.011620698462033795}, "datetime": {"datetime": "2021-09-29 21:33:48", "elapsed": 555.321336, "delta": 3.630242}}
{"target": -59.14892477533164, "params": {"C": 190.63080726354158, "epsilon": 0.9805448894646717, "gamma": 0.014151928855211613}, "datetime": {"datetime": "2021-09-29 21:33:51", "elapsed": 557.921962, "delta": 2.600626}}
{"target": -56.14424900385022, "params": {"C": 164.9552956026481, "epsilon": 2.483044364138287, "gamma": 0.00048308842511931806}, "datetime": {"datetime": "2021-09-29 21:33:55", "elapsed": 561.517751, "delta": 3.595789}}
{"target": -61.176339618453866, "params": {"C": 132.01860460748236, "epsilon": 0.6309668318908196, "gamma": 0.03513436539591988}, "datetime": {"datetime": "2021-09-29 21:33:57", "elapsed": 564.353238, "delta": 2.835487}}
{"target": -56.87485398249659, "params": {"C": 193.36823132886036, "epsilon": 1.3436341825656783, "gamma": 0.003674324740862361}, "datetime": {"datetime": "2021-09-29 21:34:00", "elapsed": 566.766272, "delta": 2.413034}}
{"target": -58.407066188579094, "params": {"C": 159.9185756382571, "epsilon": 2.01302176797643, "gamma": 0.010533478195283805}, "datetime": {"datetime": "2021-09-29 21:34:04", "elapsed": 571.079769, "delta": 4.313497}}
{"target": -60.74858602814557, "params": {"C": 127.37581613217176, "epsilon": 0.01255241249615954, "gamma": 0.028568520925797442}, "datetime": {"datetime": "2021-09-29 21:34:08", "elapsed": 575.115027, "delta": 4.035258}}
{"target": -55.87698885849118, "params": {"C": 112.52924121120789, "epsilon": 1.8966473598615996, "gamma": 0.0007223111610728716}, "datetime": {"datetime": "2021-09-29 21:34:12", "elapsed": 579.327235, "delta": 4.212208}}
{"target": -56.66325442605952, "params": {"C": 106.69495041131303, "epsilon": 2.463524693469562, "gamma": 0.005231190567290761}, "datetime": {"datetime": "2021-09-29 21:34:16", "elapsed": 582.42598, "delta": 3.098745}}
{"target": -59.19675615092898, "params": {"C": 129.0316488831632, "epsilon": 2.5146748489049906, "gamma": 0.022000664556677683}, "datetime": {"datetime": "2021-09-29 21:34:19", "elapsed": 585.790271, "delta": 3.364291}}
{"target": -57.39948599477033, "params": {"C": 132.20504269302788, "epsilon": 1.6281555812506923, "gamma": 0.007627431682660388}, "datetime": {"datetime": "2021-09-29 21:34:21", "elapsed": 587.914213, "delta": 2.123942}}
{"target": -58.10436213523037, "params": {"C": 136.44924645461685, "epsilon": 1.9973979533288468, "gamma": 0.013209635464637055}, "datetime": {"datetime": "2021-09-29 21:34:23", "elapsed": 590.090169, "delta": 2.175956}}
{"target": -55.726752266081135, "params": {"C": 111.06938949582957, "epsilon": 1.2041191247174077, "gamma": 0.0024285765307161147}, "datetime": {"datetime": "2021-09-29 21:34:25", "elapsed": 592.161558, "delta": 2.071389}}
{"target": -56.28292386417416, "params": {"C": 122.60311015165817, "epsilon": 1.21601135011583, "gamma": 0.003996239747220731}, "datetime": {"datetime": "2021-09-29 21:34:29", "elapsed": 595.503787, "delta": 3.342229}}
{"target": -59.1481383822143, "params": {"C": 111.87513545877621, "epsilon": 2.76171001766885, "gamma": 0.025867116247107396}, "datetime": {"datetime": "2021-09-29 21:34:31", "elapsed": 597.702376, "delta": 2.198589}}
{"target": -55.923878711791, "params": {"C": 124.39873840205743, "epsilon": 0.12975993966701768, "gamma": 0.003007871462838635}, "datetime": {"datetime": "2021-09-29 21:34:35", "elapsed": 601.845393, "delta": 4.143017}}
{"target": -57.85697745347368, "params": {"C": 189.63265327453036, "epsilon": 2.142929377823509, "gamma": 0.006609867633244823}, "datetime": {"datetime": "2021-09-29 21:34:37", "elapsed": 604.053816, "delta": 2.208423}}
{"target": -58.35253326650244, "params": {"C": 112.57473889977535, "epsilon": 1.9733980113410252, "gamma": 0.016108676414159983}, "datetime": {"datetime": "2021-09-29 21:34:42", "elapsed": 608.600823, "delta": 4.547007}}
{"target": -57.93677545845394, "params": {"C": 100.78389224185818, "epsilon": 0.4755128942711706, "gamma": 0.016987772414265617}, "datetime": {"datetime": "2021-09-29 21:34:45", "elapsed": 611.858102, "delta": 3.257279}}
{"target": -55.91559173846502, "params": {"C": 124.42129730172276, "epsilon": 0.83822551477723, "gamma": 0.0025181855496837127}, "datetime": {"datetime": "2021-09-29 21:34:47", "elapsed": 614.382998, "delta": 2.524896}}
{"target": -62.142801094516145, "params": {"C": 197.56321531505844, "epsilon": 2.0933160858987123, "gamma": 0.0452283325644312}, "datetime": {"datetime": "2021-09-29 21:34:50", "elapsed": 617.152362, "delta": 2.769364}}
{"target": -57.294011837064964, "params": {"C": 102.1687518561604, "epsilon": 0.514068376879454, "gamma": 0.010037921789825781}, "datetime": {"datetime": "2021-09-29 21:34:53", "elapsed": 620.083555, "delta": 2.931193}}
{"target": -59.12833769985125, "params": {"C": 101.18182461394755, "epsilon": 2.7822867789856396, "gamma": 0.029671330830038714}, "datetime": {"datetime": "2021-09-29 21:34:59", "elapsed": 625.725121, "delta": 5.641566}}
{"target": -58.31259564274506, "params": {"C": 144.23082378854855, "epsilon": 2.7208632596777544, "gamma": 0.013338674625610046}, "datetime": {"datetime": "2021-09-29 21:35:02", "elapsed": 629.406866, "delta": 3.681745}}
{"target": -59.79869380983275, "params": {"C": 179.2388375523821, "epsilon": 2.53192352309371, "gamma": 0.02423998809432658}, "datetime": {"datetime": "2021-09-29 21:35:05", "elapsed": 631.996064, "delta": 2.589198}}
{"target": -59.17199999286712, "params": {"C": 100.83401055581444, "epsilon": 1.3187229036106807, "gamma": 0.024861884264362512}, "datetime": {"datetime": "2021-09-29 21:35:08", "elapsed": 634.697527, "delta": 2.701463}}
{"target": -59.82790949101714, "params": {"C": 138.74918900917692, "epsilon": 0.7255373931260908, "gamma": 0.022350327338345032}, "datetime": {"datetime": "2021-09-29 21:35:10", "elapsed": 637.134343, "delta": 2.436816}}
