{"target": -61.67666450143005, "params": {"C": 37.68670466634875, "epsilon": 2.150529405414705, "gamma": 0.04237789607071706}, "datetime": {"datetime": "2021-09-29 21:23:53", "elapsed": 31.234687, "delta": 0.339011}}
{"target": -63.962911316249794, "params": {"C": 126.61137307635506, "epsilon": 1.1941114767355918, "gamma": 0.047019439590952644}, "datetime": {"datetime": "2021-09-29 21:23:54", "elapsed": 31.628677, "delta": 0.39399}}
{"target": -65.01739864044627, "params": {"C": 39.30099345513377, "epsilon": 0.5898628060369075, "gamma": 0.08939043746761707}, "datetime": {"datetime": "2021-09-29 21:23:54", "elapsed": 32.018688, "delta": 0.390011}}
{"target": -68.22530270953341, "params": {"C": 138.99315307016394, "epsilon": 0.4299485481122405, "gamma": 0.0814104054805206}, "datetime": {"datetime": "2021-09-29 21:23:54", "elapsed": 32.426677, "delta": 0.407989}}
{"target": -56.941076853728134, "params": {"C": 162.29184319090012, "epsilon": 0.2703612799430414, "gamma": 0.009122547973527333}, "datetime": {"datetime": "2021-09-29 21:23:55", "elapsed": 32.848679, "delta": 0.422002}}
{"target": -69.09592137687497, "params": {"C": 197.54061323318876, "epsilon": 2.0950485040251388, "gamma": 0.07070505139405825}, "datetime": {"datetime": "2021-09-29 21:23:55", "elapsed": 33.259678, "delta": 0.410999}}
{"target": -61.45871682080754, "params": {"C": 49.101231301990126, "epsilon": 0.01147605506529685, "gamma": 0.039170226191699624}, "datetime": {"datetime": "2021-09-29 21:23:56", "elapsed": 33.684683, "delta": 0.425005}}
{"target": -61.111185749633215, "params": {"C": 36.748847063595306, "epsilon": 0.9698007052366348, "gamma": 0.037088687570795344}, "datetime": {"datetime": "2021-09-29 21:23:56", "elapsed": 34.156681, "delta": 0.471998}}
{"target": -67.23428986886624, "params": {"C": 128.1366849880916, "epsilon": 2.1197678843768517, "gamma": 0.0760497006456031}, "datetime": {"datetime": "2021-09-29 21:23:57", "elapsed": 34.510313, "delta": 0.353632}}
{"target": -57.85749643989706, "params": {"C": 153.10352861175352, "epsilon": 1.7971101735814718, "gamma": 0.01155461024189}, "datetime": {"datetime": "2021-09-29 21:23:57", "elapsed": 34.997313, "delta": 0.487}}
{"target": -61.09082259248686, "params": {"C": 36.7384245201687, "epsilon": 1.037622069202869, "gamma": 0.03697244571839076}, "datetime": {"datetime": "2021-09-29 21:23:58", "elapsed": 35.475317, "delta": 0.478004}}
{"target": -60.48100141367506, "params": {"C": 157.4150348024652, "epsilon": 0.16492983293280722, "gamma": 0.023102099344171505}, "datetime": {"datetime": "2021-09-29 21:23:58", "elapsed": 35.942309, "delta": 0.466992}}
{"target": -56.4874844634201, "params": {"C": 97.80816200609702, "epsilon": 0.09644024475770188, "gamma": 0.00841268989000215}, "datetime": {"datetime": "2021-09-29 21:23:58", "elapsed": 36.389317, "delta": 0.447008}}
{"target": -61.734648774419924, "params": {"C": 152.64274487778115, "epsilon": 2.4652065379125494, "gamma": 0.03023913980421726}, "datetime": {"datetime": "2021-09-29 21:23:59", "elapsed": 36.873501, "delta": 0.484184}}
{"target": -58.47835139811254, "params": {"C": 40.53482273942873, "epsilon": 0.7230983163835459, "gamma": 0.01755250951917823}, "datetime": {"datetime": "2021-09-29 21:23:59", "elapsed": 37.348505, "delta": 0.475004}}
{"target": -55.93282059626033, "params": {"C": 33.92734614783803, "epsilon": 0.7245739128189519, "gamma": 0.008871817574460407}, "datetime": {"datetime": "2021-09-29 21:24:00", "elapsed": 37.841507, "delta": 0.493002}}
{"target": -69.09444906838019, "params": {"C": 197.01872467070567, "epsilon": 2.3551835921514215, "gamma": 0.0708227547438434}, "datetime": {"datetime": "2021-09-29 21:24:00", "elapsed": 38.2395, "delta": 0.397993}}
{"target": -58.192752130943745, "params": {"C": 157.35966470866262, "epsilon": 0.1742158031090332, "gamma": 0.01377035592658858}, "datetime": {"datetime": "2021-09-29 21:24:01", "elapsed": 38.6097, "delta": 0.3702}}
{"target": -55.709399295925586, "params": {"C": 10.385892656451079, "epsilon": 2.5943116212052133, "gamma": 0.0165712549995206}, "datetime": {"datetime": "2021-09-29 21:24:01", "elapsed": 39.029698, "delta": 0.419998}}
{"target": -65.85037282348877, "params": {"C": 195.95777527630693, "epsilon": 1.63723781286717, "gamma": 0.045433628246405414}, "datetime": {"datetime": "2021-09-29 21:24:01", "elapsed": 39.381737, "delta": 0.352039}}
{"target": -56.05796768825401, "params": {"C": 13.952319079130701, "epsilon": 1.3495343522331025, "gamma": 0.016384860159476326}, "datetime": {"datetime": "2021-09-29 21:24:02", "elapsed": 39.733701, "delta": 0.351964}}
{"target": -60.36937129199907, "params": {"C": 84.59826742734204, "epsilon": 2.6382684976895137, "gamma": 0.028252378629492526}, "datetime": {"datetime": "2021-09-29 21:24:02", "elapsed": 40.188705, "delta": 0.455004}}
{"target": -59.091791326817976, "params": {"C": 168.26594874051798, "epsilon": 0.7433949946628847, "gamma": 0.015921298820283158}, "datetime": {"datetime": "2021-09-29 21:24:03", "elapsed": 40.605297, "delta": 0.416592}}
{"target": -59.57980471866245, "params": {"C": 36.71034865051712, "epsilon": 1.010423094459323, "gamma": 0.02399376757280472}, "datetime": {"datetime": "2021-09-29 21:24:03", "elapsed": 41.145291, "delta": 0.539994}}
{"target": -58.208694597934006, "params": {"C": 26.00479191423025, "epsilon": 1.8708162269191808, "gamma": 0.018317535580688573}, "datetime": {"datetime": "2021-09-29 21:24:04", "elapsed": 41.518333, "delta": 0.373042}}
{"target": -56.05639095939365, "params": {"C": 19.1842602916826, "epsilon": 0.614873071375869, "gamma": 0.0130071654171125}, "datetime": {"datetime": "2021-09-29 21:24:04", "elapsed": 41.903332, "delta": 0.384999}}
{"target": -55.42461797805408, "params": {"C": 36.75081704965092, "epsilon": 1.0467594855926796, "gamma": 0.007638992353956309}, "datetime": {"datetime": "2021-09-29 21:24:04", "elapsed": 42.274331, "delta": 0.370999}}
{"target": -62.89264952324544, "params": {"C": 14.038662184942167, "epsilon": 1.2959754168765023, "gamma": 0.000772958459726666}, "datetime": {"datetime": "2021-09-29 21:24:05", "elapsed": 42.839493, "delta": 0.565162}}
{"target": -56.07032459024295, "params": {"C": 118.4935213634553, "epsilon": 0.0885422219639324, "gamma": 0.006012998165991573}, "datetime": {"datetime": "2021-09-29 21:24:05", "elapsed": 43.250494, "delta": 0.411001}}
{"target": -56.405484822355014, "params": {"C": 10.446584810720221, "epsilon": 2.5888953376922026, "gamma": 0.00276259727266459}, "datetime": {"datetime": "2021-09-29 21:24:06", "elapsed": 43.857492, "delta": 0.606998}}
{"target": -61.027537876721574, "params": {"C": 14.005147572223677, "epsilon": 1.369391356957589, "gamma": 0.05632656575431958}, "datetime": {"datetime": "2021-09-29 21:24:06", "elapsed": 44.307534, "delta": 0.450042}}
{"target": -58.71607200320985, "params": {"C": 118.55302305092425, "epsilon": 0.08393105897423031, "gamma": 0.01657591508263581}, "datetime": {"datetime": "2021-09-29 21:24:07", "elapsed": 44.829739, "delta": 0.522205}}
{"target": -59.86992073110374, "params": {"C": 179.4829187992741, "epsilon": 1.6099359974169456, "gamma": 0.01927625211769988}, "datetime": {"datetime": "2021-09-29 21:24:07", "elapsed": 45.384737, "delta": 0.554998}}
{"target": -58.57497895367113, "params": {"C": 25.992560233209517, "epsilon": 1.9493826281509776, "gamma": 0.02016348808374751}, "datetime": {"datetime": "2021-09-29 21:24:08", "elapsed": 45.933739, "delta": 0.549002}}
{"target": -60.81689875285241, "params": {"C": 20.78801500112126, "epsilon": 1.2019588495219526, "gamma": 0.03574060074771995}, "datetime": {"datetime": "2021-09-29 21:24:08", "elapsed": 46.367737, "delta": 0.433998}}
{"target": -58.24751570410521, "params": {"C": 61.54267954387746, "epsilon": 1.944032959101675, "gamma": 0.016393593235312493}, "datetime": {"datetime": "2021-09-29 21:24:09", "elapsed": 46.755255, "delta": 0.387518}}
{"target": -62.805070798263365, "params": {"C": 34.872280937629576, "epsilon": 2.406087393012564, "gamma": 0.054272967364798114}, "datetime": {"datetime": "2021-09-29 21:24:09", "elapsed": 47.389251, "delta": 0.633996}}
{"target": -64.40771543299849, "params": {"C": 36.03326148344734, "epsilon": 0.47498741093162195, "gamma": 0.08045814067922666}, "datetime": {"datetime": "2021-09-29 21:24:10", "elapsed": 47.819252, "delta": 0.430001}}
{"target": -52.568229057221, "params": {"C": 161.9298693760632, "epsilon": 1.075415042126674, "gamma": 0.0008168129208119162}, "datetime": {"datetime": "2021-09-29 21:24:10", "elapsed": 48.416256, "delta": 0.597004}}
{"target": -59.01066930376645, "params": {"C": 97.77744149521257, "epsilon": 0.15446410378999204, "gamma": 0.01872384236579369}, "datetime": {"datetime": "2021-09-29 21:24:11", "elapsed": 49.029826, "delta": 0.61357}}
{"target": -63.00390783008163, "params": {"C": 108.91022389936981, "epsilon": 2.26165421515435, "gamma": 0.04585040218420298}, "datetime": {"datetime": "2021-09-29 21:24:12", "elapsed": 49.611813, "delta": 0.581987}}
{"target": -55.61607339328726, "params": {"C": 13.946951512326663, "epsilon": 1.291151474569734, "gamma": 0.013886582736667109}, "datetime": {"datetime": "2021-09-29 21:24:12", "elapsed": 50.215822, "delta": 0.604009}}
{"target": -61.20540723973383, "params": {"C": 97.83736474239727, "epsilon": 0.0690536190052381, "gamma": 0.032057180672601805}, "datetime": {"datetime": "2021-09-29 21:24:13", "elapsed": 50.790234, "delta": 0.574412}}
{"target": -61.86769111606576, "params": {"C": 26.362515015175365, "epsilon": 1.671440004008679, "gamma": 0.044149927496326714}, "datetime": {"datetime": "2021-09-29 21:24:14", "elapsed": 51.475231, "delta": 0.684997}}
{"target": -61.99259590506534, "params": {"C": 162.28795692019338, "epsilon": 0.23249759194781042, "gamma": 0.029245606032194834}, "datetime": {"datetime": "2021-09-29 21:24:14", "elapsed": 52.063282, "delta": 0.588051}}
{"target": -70.2861345467069, "params": {"C": 26.007472273779253, "epsilon": 1.9033446538559806, "gamma": 0.00013456991222943808}, "datetime": {"datetime": "2021-09-29 21:24:15", "elapsed": 52.679869, "delta": 0.616587}}
{"target": -65.00534870602415, "params": {"C": 59.05046591910192, "epsilon": 2.7382832503168335, "gamma": 0.08424877268367773}, "datetime": {"datetime": "2021-09-29 21:24:15", "elapsed": 53.208868, "delta": 0.528999}}
{"target": -62.89725516731549, "params": {"C": 113.83381969304237, "epsilon": 2.521633468963268, "gamma": 0.04399556785800101}, "datetime": {"datetime": "2021-09-29 21:24:16", "elapsed": 53.654867, "delta": 0.445999}}
{"target": -62.49405927697049, "params": {"C": 25.97096128045693, "epsilon": 1.931834529683026, "gamma": 0.052699869697331696}, "datetime": {"datetime": "2021-09-29 21:24:16", "elapsed": 54.236901, "delta": 0.582034}}
{"target": -59.33747238564894, "params": {"C": 36.80103870855506, "epsilon": 1.0737390796003952, "gamma": 0.022256821085531463}, "datetime": {"datetime": "2021-09-29 21:24:17", "elapsed": 54.90315, "delta": 0.666249}}
{"target": -62.23651951229435, "params": {"C": 28.144852766756287, "epsilon": 0.8919326546526184, "gamma": 0.04894569082828032}, "datetime": {"datetime": "2021-09-29 21:24:18", "elapsed": 55.508783, "delta": 0.605633}}
{"target": -61.473017628783936, "params": {"C": 69.48197783680477, "epsilon": 0.5085486891264629, "gamma": 0.03850863948568815}, "datetime": {"datetime": "2021-09-29 21:24:18", "elapsed": 56.155784, "delta": 0.647001}}
{"target": -70.35556765617187, "params": {"C": 195.91685874276473, "epsilon": 2.378155332205364, "gamma": 0.0819567718823565}, "datetime": {"datetime": "2021-09-29 21:24:19", "elapsed": 56.725573, "delta": 0.569789}}
{"target": -61.477454887099995, "params": {"C": 10.468954725492472, "epsilon": 2.7884534804820498, "gamma": 0.06572634226865257}, "datetime": {"datetime": "2021-09-29 21:24:19", "elapsed": 57.286571, "delta": 0.560998}}
{"target": -55.449484633374226, "params": {"C": 13.992751818724786, "epsilon": 1.443631152197638, "gamma": 0.013009691580656613}, "datetime": {"datetime": "2021-09-29 21:24:20", "elapsed": 57.855575, "delta": 0.569004}}
{"target": -67.70472735760896, "params": {"C": 179.0535624095001, "epsilon": 0.4153363669209697, "gamma": 0.06254377701823019}, "datetime": {"datetime": "2021-09-29 21:24:20", "elapsed": 58.394579, "delta": 0.539004}}
{"target": -62.945474312046166, "params": {"C": 3.7862770181461576, "epsilon": 0.2843142382868825, "gamma": 0.08941218273617091}, "datetime": {"datetime": "2021-09-29 21:24:21", "elapsed": 59.03783, "delta": 0.643251}}
{"target": -56.48309100812804, "params": {"C": 131.17864790451736, "epsilon": 1.004163914157974, "gamma": 0.00738084204001309}, "datetime": {"datetime": "2021-09-29 21:24:22", "elapsed": 59.809829, "delta": 0.771999}}
{"target": -61.51089157905636, "params": {"C": 33.90701474207795, "epsilon": 0.757997932733433, "gamma": 0.04136163178214828}, "datetime": {"datetime": "2021-09-29 21:24:22", "elapsed": 60.418847, "delta": 0.609018}}
{"target": -61.949333073413996, "params": {"C": 118.47073385668688, "epsilon": 0.11076556967278488, "gamma": 0.0358777044612087}, "datetime": {"datetime": "2021-09-29 21:24:23", "elapsed": 61.056173, "delta": 0.637326}}
{"target": -59.7754623911366, "params": {"C": 3.7564775555204917, "epsilon": 0.27532542448430625, "gamma": 0.009455028973005387}, "datetime": {"datetime": "2021-09-29 21:24:24", "elapsed": 61.651949, "delta": 0.595776}}
{"target": -59.755438797718654, "params": {"C": 138.63236376541576, "epsilon": 2.0443465495097786, "gamma": 0.020437312369111848}, "datetime": {"datetime": "2021-09-29 21:24:24", "elapsed": 62.273947, "delta": 0.621998}}
{"target": -58.381333932168886, "params": {"C": 27.775831914013423, "epsilon": 1.4909219641035094, "gamma": 0.01832736387494283}, "datetime": {"datetime": "2021-09-29 21:24:25", "elapsed": 63.005655, "delta": 0.731708}}
{"target": -69.39816889540951, "params": {"C": 195.39286244672246, "epsilon": 2.517694653260685, "gamma": 0.07331890498824545}, "datetime": {"datetime": "2021-09-29 21:24:26", "elapsed": 63.760657, "delta": 0.755002}}
{"target": -61.25822398946055, "params": {"C": 148.89261744258636, "epsilon": 0.22930702878423428, "gamma": 0.02731984444071538}, "datetime": {"datetime": "2021-09-29 21:24:26", "elapsed": 64.271664, "delta": 0.511007}}
{"target": -57.40107374492357, "params": {"C": 10.437902916016895, "epsilon": 2.6206231181424364, "gamma": 0.023316641631830125}, "datetime": {"datetime": "2021-09-29 21:24:27", "elapsed": 64.973449, "delta": 0.701785}}
{"target": -61.17784911737223, "params": {"C": 71.74552032637749, "epsilon": 0.2984349609562692, "gamma": 0.03430516026023177}, "datetime": {"datetime": "2021-09-29 21:24:28", "elapsed": 65.699451, "delta": 0.726002}}
{"target": -55.562862602447495, "params": {"C": 10.435431824872943, "epsilon": 2.562077694580515, "gamma": 0.015917238842603522}, "datetime": {"datetime": "2021-09-29 21:24:28", "elapsed": 66.395448, "delta": 0.695997}}
{"target": -55.036176232159065, "params": {"C": 19.225218534010825, "epsilon": 0.6057016702881706, "gamma": 0.00967871973763504}, "datetime": {"datetime": "2021-09-29 21:24:29", "elapsed": 67.185154, "delta": 0.789706}}
{"target": -69.95752361197164, "params": {"C": 182.59295102685084, "epsilon": 0.41727986776483267, "gamma": 0.08371936989662818}, "datetime": {"datetime": "2021-09-29 21:24:30", "elapsed": 67.685158, "delta": 0.500004}}
{"target": -64.25902826665008, "params": {"C": 185.71127695587165, "epsilon": 1.361638908765075, "gamma": 0.03783360353865251}, "datetime": {"datetime": "2021-09-29 21:24:30", "elapsed": 68.261161, "delta": 0.576003}}
{"target": -56.1674856374495, "params": {"C": 176.37681795703642, "epsilon": 2.8329493332853604, "gamma": 0.004309649929339627}, "datetime": {"datetime": "2021-09-29 21:24:31", "elapsed": 68.962721, "delta": 0.70156}}
{"target": -60.649237218351374, "params": {"C": 36.70272973721298, "epsilon": 0.9672980119522606, "gamma": 0.03209935232737528}, "datetime": {"datetime": "2021-09-29 21:24:32", "elapsed": 69.533722, "delta": 0.571001}}
{"target": -70.34234933370227, "params": {"C": 183.40845458858146, "epsilon": 1.0906505046416173, "gamma": 0.0869483574378045}, "datetime": {"datetime": "2021-09-29 21:24:32", "elapsed": 70.181723, "delta": 0.648001}}
{"target": -65.22587923956968, "params": {"C": 198.12163521862564, "epsilon": 0.3999213708343366, "gamma": 0.04141715994765952}, "datetime": {"datetime": "2021-09-29 21:24:33", "elapsed": 70.768615, "delta": 0.586892}}
{"target": -53.94678522047448, "params": {"C": 115.88344707563775, "epsilon": 0.5958259114313239, "gamma": 0.0019689987480609244}, "datetime": {"datetime": "2021-09-29 21:24:34", "elapsed": 71.718614, "delta": 0.949999}}
{"target": -59.22084677827881, "params": {"C": 36.782660267862354, "epsilon": 1.0155744734449934, "gamma": 0.021348843742781936}, "datetime": {"datetime": "2021-09-29 21:24:35", "elapsed": 72.726182, "delta": 1.007568}}
{"target": -70.64709643292359, "params": {"C": 195.59928544135676, "epsilon": 1.4602268636747633, "gamma": 0.08588566438256676}, "datetime": {"datetime": "2021-09-29 21:24:36", "elapsed": 73.622607, "delta": 0.896425}}
{"target": -55.880697215001994, "params": {"C": 19.173487192800106, "epsilon": 0.5751317837756665, "gamma": 0.0017012780003228904}, "datetime": {"datetime": "2021-09-29 21:24:36", "elapsed": 74.280603, "delta": 0.657996}}
{"target": -61.20023243367956, "params": {"C": 19.243876808699458, "epsilon": 0.6063326920050597, "gamma": 0.03871646392081157}, "datetime": {"datetime": "2021-09-29 21:24:37", "elapsed": 74.976874, "delta": 0.696271}}
{"target": -59.488098669371034, "params": {"C": 16.598165531693837, "epsilon": 0.0717535838508659, "gamma": 0.0011711363928615319}, "datetime": {"datetime": "2021-09-29 21:24:38", "elapsed": 75.825691, "delta": 0.848817}}
{"target": -56.06186344085739, "params": {"C": 19.22741804580558, "epsilon": 0.6312736509991306, "gamma": 0.013287747605867426}, "datetime": {"datetime": "2021-09-29 21:24:39", "elapsed": 76.743216, "delta": 0.917525}}
{"target": -61.91683754471343, "params": {"C": 14.007389035852281, "epsilon": 1.423301213086947, "gamma": 0.07023180819305289}, "datetime": {"datetime": "2021-09-29 21:24:40", "elapsed": 77.710214, "delta": 0.966998}}
{"target": -55.09275717756711, "params": {"C": 13.99277520432707, "epsilon": 1.239724562404692, "gamma": 0.011036990655989702}, "datetime": {"datetime": "2021-09-29 21:24:41", "elapsed": 78.643214, "delta": 0.933}}
{"target": -58.78676917704352, "params": {"C": 3.759666908456253, "epsilon": 0.27035214484539755, "gamma": 0.011634386774487252}, "datetime": {"datetime": "2021-09-29 21:24:41", "elapsed": 79.339649, "delta": 0.696435}}
{"target": -60.249340190088084, "params": {"C": 13.933555304320253, "epsilon": 1.214535969047523, "gamma": 0.04217583007374446}, "datetime": {"datetime": "2021-09-29 21:24:42", "elapsed": 80.369351, "delta": 1.029702}}
{"target": -63.59550801423464, "params": {"C": 1.786066966586398, "epsilon": 1.3220866296254015, "gamma": 0.04849297963252015}, "datetime": {"datetime": "2021-09-29 21:24:43", "elapsed": 81.148805, "delta": 0.779454}}
{"target": -60.82994828875099, "params": {"C": 10.378665527284728, "epsilon": 2.588058350241156, "gamma": 0.05335578617300645}, "datetime": {"datetime": "2021-09-29 21:24:44", "elapsed": 81.988805, "delta": 0.84}}
{"target": -65.48615370382026, "params": {"C": 69.45012584953125, "epsilon": 0.5600932783031116, "gamma": 0.0001}, "datetime": {"datetime": "2021-09-29 21:24:45", "elapsed": 83.148264, "delta": 1.159459}}
{"target": -51.65536969202136, "params": {"C": 115.9053993393888, "epsilon": 0.6365693996186421, "gamma": 0.0007969731077704319}, "datetime": {"datetime": "2021-09-29 21:24:46", "elapsed": 83.924262, "delta": 0.775998}}
{"target": -55.97206969568994, "params": {"C": 115.90702247574553, "epsilon": 0.6142224205291912, "gamma": 0.005624225325111948}, "datetime": {"datetime": "2021-09-29 21:24:47", "elapsed": 85.355344, "delta": 1.431082}}
{"target": -56.10631156257945, "params": {"C": 131.15456756975755, "epsilon": 1.0269236249984819, "gamma": 0.004877942356338919}, "datetime": {"datetime": "2021-09-29 21:24:48", "elapsed": 86.275346, "delta": 0.920002}}
{"target": -57.10857483510424, "params": {"C": 118.51346652835566, "epsilon": 0.07718078293031386, "gamma": 0.011147348714670435}, "datetime": {"datetime": "2021-09-29 21:24:49", "elapsed": 87.437346, "delta": 1.162}}
{"target": -58.833654439943636, "params": {"C": 34.87804746207298, "epsilon": 2.359841292353168, "gamma": 0.019296359572334696}, "datetime": {"datetime": "2021-09-29 21:24:50", "elapsed": 88.342346, "delta": 0.905}}
{"target": -61.357959065302694, "params": {"C": 115.8605414913073, "epsilon": 0.5632972574791982, "gamma": 0.03146224225777903}, "datetime": {"datetime": "2021-09-29 21:24:51", "elapsed": 89.142749, "delta": 0.800403}}
{"target": -67.98304141157733, "params": {"C": 182.70578642698254, "epsilon": 2.7784311165873907, "gamma": 0.06455655564144847}, "datetime": {"datetime": "2021-09-29 21:24:52", "elapsed": 89.89975, "delta": 0.757001}}
{"target": -57.40735061806309, "params": {"C": 176.39240412704635, "epsilon": 2.807663784878474, "gamma": 0.01006965048732467}, "datetime": {"datetime": "2021-09-29 21:24:53", "elapsed": 90.766383, "delta": 0.866633}}
{"target": -56.95411989997492, "params": {"C": 19.126201167280207, "epsilon": 0.575953165838039, "gamma": 0.018226020811648053}, "datetime": {"datetime": "2021-09-29 21:24:54", "elapsed": 91.597903, "delta": 0.83152}}
{"target": -54.938371694822095, "params": {"C": 19.248186601211383, "epsilon": 0.5722213915352865, "gamma": 0.009226983674022395}, "datetime": {"datetime": "2021-09-29 21:24:55", "elapsed": 92.718899, "delta": 1.120996}}
{"target": -64.91198431934218, "params": {"C": 131.18938988684087, "epsilon": 1.074320141770434, "gamma": 0.05364108542139864}, "datetime": {"datetime": "2021-09-29 21:24:56", "elapsed": 93.784103, "delta": 1.065204}}
