{"target": -68.70732073184136, "params": {"C": 44.16349531205837, "epsilon": 0.07875276925184611, "gamma": 0.2752815764614759}, "datetime": {"datetime": "2021-09-29 20:13:34", "elapsed": 0.0, "delta": 0.0}}
{"target": -67.17222481487066, "params": {"C": 44.09691686920941, "epsilon": 1.2616830384603794, "gamma": 0.1658370756809332}, "datetime": {"datetime": "2021-09-29 20:13:34", "elapsed": 0.052003, "delta": 0.052003}}
{"target": -65.58363225220816, "params": {"C": 21.26021476974641, "epsilon": 1.8581936280856404, "gamma": 0.15052768216358706}, "datetime": {"datetime": "2021-09-29 20:13:34", "elapsed": 0.089, "delta": 0.036997}}
{"target": -67.87747493366666, "params": {"C": 27.4159002351838, "epsilon": 1.8637803644751154, "gamma": 0.2650419050442425}, "datetime": {"datetime": "2021-09-29 20:13:34", "elapsed": 0.129001, "delta": 0.040001}}
{"target": -63.039428570348555, "params": {"C": 14.323414589148422, "epsilon": 1.5412207856759734, "gamma": 0.09303549295781073}, "datetime": {"datetime": "2021-09-29 20:13:34", "elapsed": 0.160003, "delta": 0.031002}}
{"target": -69.04522332545044, "params": {"C": 15.871888513320885, "epsilon": 1.6303420115072016, "gamma": 0.35894448311541166}, "datetime": {"datetime": "2021-09-29 20:13:34", "elapsed": 0.453005, "delta": 0.293002}}
{"target": -55.379062243169756, "params": {"C": 14.538648110526962, "epsilon": 1.4773250113768266, "gamma": 0.011996047163219323}, "datetime": {"datetime": "2021-09-29 20:13:34", "elapsed": 0.599002, "delta": 0.145997}}
{"target": -66.99242983876927, "params": {"C": 20.339174042966793, "epsilon": 1.8685206966833863, "gamma": 0.23571294114878127}, "datetime": {"datetime": "2021-09-29 20:13:35", "elapsed": 0.724005, "delta": 0.125003}}
{"target": -68.84383679654474, "params": {"C": 14.67814443952673, "epsilon": 1.4657637240257533, "gamma": 0.34009285670992406}, "datetime": {"datetime": "2021-09-29 20:13:35", "elapsed": 0.925952, "delta": 0.201947}}
{"target": -68.48743215451788, "params": {"C": 39.95015081302628, "epsilon": 2.4787805722459497, "gamma": 0.26769580738379056}, "datetime": {"datetime": "2021-09-29 20:13:35", "elapsed": 1.06195, "delta": 0.135998}}
{"target": -71.10363594742387, "params": {"C": 48.48955541809827, "epsilon": 2.606448777112884, "gamma": 0.4343798890049634}, "datetime": {"datetime": "2021-09-29 20:13:35", "elapsed": 1.18295, "delta": 0.121}}
{"target": -62.921767868167535, "params": {"C": 14.458084151696243, "epsilon": 1.4338683653625157, "gamma": 0.08984504333180739}, "datetime": {"datetime": "2021-09-29 20:13:35", "elapsed": 1.300951, "delta": 0.118001}}
{"target": -61.70756970909284, "params": {"C": 14.313764089424005, "epsilon": 1.6700186385297322, "gamma": 0.06712391879876155}, "datetime": {"datetime": "2021-09-29 20:13:35", "elapsed": 1.470984, "delta": 0.170033}}
{"target": -55.507836888069065, "params": {"C": 49.14957600387961, "epsilon": 2.683484214350215, "gamma": 0.00700252089220471}, "datetime": {"datetime": "2021-09-29 20:13:36", "elapsed": 1.666954, "delta": 0.19597}}
{"target": -62.447861452222554, "params": {"C": 14.69999358961529, "epsilon": 1.5212065707054607, "gamma": 0.07949520580777433}, "datetime": {"datetime": "2021-09-29 20:13:36", "elapsed": 1.951985, "delta": 0.285031}}
{"target": -69.26160114050622, "params": {"C": 38.85095166247046, "epsilon": 0.3253068894190921, "gamma": 0.34219028509778976}, "datetime": {"datetime": "2021-09-29 20:13:36", "elapsed": 2.305258, "delta": 0.353273}}
{"target": -57.01313630685263, "params": {"C": 49.20679035094461, "epsilon": 2.6331899433121793, "gamma": 0.010812250809297708}, "datetime": {"datetime": "2021-09-29 20:13:36", "elapsed": 2.587256, "delta": 0.281998}}
{"target": -73.72239899242383, "params": {"C": 82.17560248957768, "epsilon": 1.4840572586598495, "gamma": 0.3335726954208913}, "datetime": {"datetime": "2021-09-29 20:13:37", "elapsed": 2.787256, "delta": 0.2}}
{"target": -65.34036500266758, "params": {"C": 12.638303325986485, "epsilon": 1.3027315680376776, "gamma": 0.19637182018964064}, "datetime": {"datetime": "2021-09-29 20:13:37", "elapsed": 2.938257, "delta": 0.151001}}
{"target": -61.811855847376876, "params": {"C": 18.778999115110942, "epsilon": 1.0456028732897633, "gamma": 0.048306751055885784}, "datetime": {"datetime": "2021-09-29 20:13:37", "elapsed": 3.102255, "delta": 0.163998}}
{"target": -60.39222296099429, "params": {"C": 49.21942005165941, "epsilon": 2.810112202531036, "gamma": 0.027792088182097427}, "datetime": {"datetime": "2021-09-29 20:13:37", "elapsed": 3.314253, "delta": 0.211998}}
{"target": -63.37717575171542, "params": {"C": 18.72947438175105, "epsilon": 1.0521583121353568, "gamma": 0.09025051745896287}, "datetime": {"datetime": "2021-09-29 20:13:37", "elapsed": 3.538617, "delta": 0.224364}}
{"target": -67.28543788018733, "params": {"C": 49.06878201048163, "epsilon": 2.5930045303565694, "gamma": 0.1607851444359238}, "datetime": {"datetime": "2021-09-29 20:13:38", "elapsed": 3.728615, "delta": 0.189998}}
{"target": -59.15150546241414, "params": {"C": 48.97811990684221, "epsilon": 2.9175261123398015, "gamma": 0.02085993991132676}, "datetime": {"datetime": "2021-09-29 20:13:38", "elapsed": 3.907619, "delta": 0.179004}}
{"target": -59.64386937991247, "params": {"C": 48.99812755191503, "epsilon": 2.785841019179134, "gamma": 0.02301630094857773}, "datetime": {"datetime": "2021-09-29 20:13:38", "elapsed": 4.070615, "delta": 0.162996}}
{"target": -60.70932884459819, "params": {"C": 49.49419929511436, "epsilon": 2.4906116858741316, "gamma": 0.03077153766380605}, "datetime": {"datetime": "2021-09-29 20:13:38", "elapsed": 4.310621, "delta": 0.240006}}
{"target": -62.3953772188832, "params": {"C": 14.661337549491039, "epsilon": 1.3054454242319513, "gamma": 0.07844730268765027}, "datetime": {"datetime": "2021-09-29 20:13:38", "elapsed": 4.556619, "delta": 0.245998}}
{"target": -53.5477882603305, "params": {"C": 14.584570236465314, "epsilon": 1.7496378446978251, "gamma": 0.006861981246759522}, "datetime": {"datetime": "2021-09-29 20:13:39", "elapsed": 4.728619, "delta": 0.172}}
{"target": -63.478922453558695, "params": {"C": 14.584441062614744, "epsilon": 2.0290359928802575, "gamma": 0.09836932986627826}, "datetime": {"datetime": "2021-09-29 20:13:39", "elapsed": 4.930965, "delta": 0.202346}}
{"target": -63.74962082927779, "params": {"C": 14.516726049342214, "epsilon": 1.71856793449181, "gamma": 0.12633214458638545}, "datetime": {"datetime": "2021-09-29 20:13:39", "elapsed": 5.271692, "delta": 0.340727}}
{"target": -62.69277438981724, "params": {"C": 2.1612542039199867, "epsilon": 2.7739297345118565, "gamma": 0.06228978186994417}, "datetime": {"datetime": "2021-09-29 20:13:39", "elapsed": 5.428689, "delta": 0.156997}}
{"target": -68.98970491267342, "params": {"C": 49.06772045332376, "epsilon": 2.964396933855572, "gamma": 0.242733735697429}, "datetime": {"datetime": "2021-09-29 20:13:40", "elapsed": 5.741695, "delta": 0.313006}}
{"target": -63.6041419644922, "params": {"C": 14.704082591998667, "epsilon": 1.8464466150484051, "gamma": 0.11926872968264175}, "datetime": {"datetime": "2021-09-29 20:13:40", "elapsed": 5.941689, "delta": 0.199994}}
{"target": -60.08708239520377, "params": {"C": 14.702686934964163, "epsilon": 1.6882298459438552, "gamma": 0.03832523685785773}, "datetime": {"datetime": "2021-09-29 20:13:40", "elapsed": 6.189689, "delta": 0.248}}
{"target": -67.33769974019675, "params": {"C": 49.527706950240216, "epsilon": 2.6928758395630426, "gamma": 0.16102232936001162}, "datetime": {"datetime": "2021-09-29 20:13:40", "elapsed": 6.372692, "delta": 0.183003}}
{"target": -74.44115664427883, "params": {"C": 74.69062321553075, "epsilon": 2.084708462547635, "gamma": 0.47034159217048543}, "datetime": {"datetime": "2021-09-29 20:13:41", "elapsed": 6.701692, "delta": 0.329}}
{"target": -60.203046070262154, "params": {"C": 14.512046979761601, "epsilon": 1.552370495975442, "gamma": 0.0404907331325573}, "datetime": {"datetime": "2021-09-29 20:13:41", "elapsed": 7.042477, "delta": 0.340785}}
{"target": -68.07100921256686, "params": {"C": 21.333878802524318, "epsilon": 0.2814981325174104, "gamma": 0.33397493163099556}, "datetime": {"datetime": "2021-09-29 20:13:41", "elapsed": 7.329478, "delta": 0.287001}}
{"target": -53.06797599509688, "params": {"C": 49.04529145897935, "epsilon": 2.9228044691748134, "gamma": 0.00247188822030933}, "datetime": {"datetime": "2021-09-29 20:13:41", "elapsed": 7.567479, "delta": 0.238001}}
{"target": -55.89891845789339, "params": {"C": 14.618424950920135, "epsilon": 1.5982465975971305, "gamma": 0.014776294815186723}, "datetime": {"datetime": "2021-09-29 20:13:42", "elapsed": 7.841477, "delta": 0.273998}}
{"target": -69.2105436519863, "params": {"C": 49.492626709598724, "epsilon": 2.3214610408614864, "gamma": 0.25992926467232175}, "datetime": {"datetime": "2021-09-29 20:13:42", "elapsed": 8.133475, "delta": 0.291998}}
{"target": -69.32920154390861, "params": {"C": 31.302587030249462, "epsilon": 2.230095862435162, "gamma": 0.3865401423423668}, "datetime": {"datetime": "2021-09-29 20:13:42", "elapsed": 8.379477, "delta": 0.246002}}
{"target": -62.756981260627484, "params": {"C": 49.09058536409589, "epsilon": 2.786137990594763, "gamma": 0.053723649021058376}, "datetime": {"datetime": "2021-09-29 20:13:43", "elapsed": 8.728473, "delta": 0.348996}}
{"target": -61.78099380335059, "params": {"C": 14.61087240468641, "epsilon": 1.677931544741638, "gamma": 0.06890486453457179}, "datetime": {"datetime": "2021-09-29 20:13:43", "elapsed": 8.945693, "delta": 0.21722}}
{"target": -54.224192656372324, "params": {"C": 49.07170374048579, "epsilon": 2.866157881626802, "gamma": 0.00396904585119576}, "datetime": {"datetime": "2021-09-29 20:13:43", "elapsed": 9.203708, "delta": 0.258015}}
{"target": -65.53422036472195, "params": {"C": 18.96013408215075, "epsilon": 1.0154682894894886, "gamma": 0.17642578515551646}, "datetime": {"datetime": "2021-09-29 20:13:43", "elapsed": 9.403715, "delta": 0.200007}}
{"target": -53.54024930598561, "params": {"C": 14.547039709198952, "epsilon": 1.7829348505620226, "gamma": 0.006778681007320329}, "datetime": {"datetime": "2021-09-29 20:13:44", "elapsed": 9.731742, "delta": 0.328027}}
{"target": -70.94624512421872, "params": {"C": 80.62557326867966, "epsilon": 1.4978267098612934, "gamma": 0.2056044187589393}, "datetime": {"datetime": "2021-09-29 20:13:44", "elapsed": 9.990706, "delta": 0.258964}}
{"target": -61.29975844206732, "params": {"C": 14.418425612857906, "epsilon": 1.8646928996906391, "gamma": 0.001}, "datetime": {"datetime": "2021-09-29 20:13:44", "elapsed": 10.422707, "delta": 0.432001}}
{"target": -76.9157052897157, "params": {"C": 97.92314896542004, "epsilon": 0.6880866401685491, "gamma": 0.4991846716568901}, "datetime": {"datetime": "2021-09-29 20:13:45", "elapsed": 10.761709, "delta": 0.339002}}
{"target": -56.578666708523095, "params": {"C": 13.987664975255703, "epsilon": 1.5801026429720044, "gamma": 0.019254055865932637}, "datetime": {"datetime": "2021-09-29 20:13:45", "elapsed": 11.156133, "delta": 0.394424}}
{"target": -72.63840789244232, "params": {"C": 65.04526486800088, "epsilon": 0.23911990776024972, "gamma": 0.4432927402908298}, "datetime": {"datetime": "2021-09-29 20:13:45", "elapsed": 11.411133, "delta": 0.255}}
{"target": -63.999144530523054, "params": {"C": 13.80500174865991, "epsilon": 1.6188208273480043, "gamma": 0.13102625398122653}, "datetime": {"datetime": "2021-09-29 20:13:46", "elapsed": 11.769131, "delta": 0.357998}}
{"target": -63.114438029789774, "params": {"C": 49.14391891940729, "epsilon": 2.9830968076372795, "gamma": 0.06071589852604199}, "datetime": {"datetime": "2021-09-29 20:13:46", "elapsed": 12.132133, "delta": 0.363002}}
{"target": -63.32307038051995, "params": {"C": 14.113714136351039, "epsilon": 1.3641358606032403, "gamma": 0.10734571333810822}, "datetime": {"datetime": "2021-09-29 20:13:46", "elapsed": 12.476134, "delta": 0.344001}}
{"target": -61.50549368281192, "params": {"C": 14.077706977161151, "epsilon": 1.739045877628261, "gamma": 0.06315962895322018}, "datetime": {"datetime": "2021-09-29 20:13:47", "elapsed": 12.847131, "delta": 0.370997}}
{"target": -73.80207222274571, "params": {"C": 84.12231398201752, "epsilon": 2.117010242609934, "gamma": 0.3166546778831768}, "datetime": {"datetime": "2021-09-29 20:13:47", "elapsed": 13.120965, "delta": 0.273834}}
{"target": -67.72852766112048, "params": {"C": 14.014789210855744, "epsilon": 1.5956995683239488, "gamma": 0.2907176788128415}, "datetime": {"datetime": "2021-09-29 20:13:47", "elapsed": 13.470971, "delta": 0.350006}}
{"target": -73.52483587782152, "params": {"C": 2.1903976547429114, "epsilon": 2.7354484510688906, "gamma": 0.36219470037431195}, "datetime": {"datetime": "2021-09-29 20:13:48", "elapsed": 13.866552, "delta": 0.395581}}
{"target": -62.453222732663164, "params": {"C": 8.404971437555588, "epsilon": 0.12963015692099478, "gamma": 0.11023321409214154}, "datetime": {"datetime": "2021-09-29 20:13:48", "elapsed": 14.240553, "delta": 0.374001}}
{"target": -52.86417624007296, "params": {"C": 14.44638207464388, "epsilon": 1.156767796354166, "gamma": 0.005067958319142664}, "datetime": {"datetime": "2021-09-29 20:13:49", "elapsed": 14.66755, "delta": 0.426997}}
{"target": -63.54415025017806, "params": {"C": 14.628969773086007, "epsilon": 1.675751559525759, "gamma": 0.11727550025385307}, "datetime": {"datetime": "2021-09-29 20:13:49", "elapsed": 14.905559, "delta": 0.238009}}
{"target": -62.71220199584114, "params": {"C": 14.501493672618155, "epsilon": 0.9847122717945854, "gamma": 0.08669051495760341}, "datetime": {"datetime": "2021-09-29 20:13:49", "elapsed": 15.284009, "delta": 0.37845}}
{"target": -63.9486498738437, "params": {"C": 14.282366353862319, "epsilon": 1.1196576594645724, "gamma": 0.13157659457206056}, "datetime": {"datetime": "2021-09-29 20:13:50", "elapsed": 15.680011, "delta": 0.396002}}
{"target": -57.062208730105326, "params": {"C": 49.008780047041036, "epsilon": 2.905570834582415, "gamma": 0.011215714989925504}, "datetime": {"datetime": "2021-09-29 20:13:50", "elapsed": 16.017008, "delta": 0.336997}}
{"target": -57.10143371501412, "params": {"C": 13.895927625464338, "epsilon": 1.7810154101952025, "gamma": 0.02103646602118171}, "datetime": {"datetime": "2021-09-29 20:13:50", "elapsed": 16.318012, "delta": 0.301004}}
{"target": -61.98218236235813, "params": {"C": 14.422610106490351, "epsilon": 1.2807783814613733, "gamma": 0.07089695267932469}, "datetime": {"datetime": "2021-09-29 20:13:51", "elapsed": 16.704012, "delta": 0.386}}
{"target": -65.42953029686333, "params": {"C": 13.98815315625333, "epsilon": 1.9900795617145652, "gamma": 0.19068407861810469}, "datetime": {"datetime": "2021-09-29 20:13:51", "elapsed": 17.061252, "delta": 0.35724}}
{"target": -61.48762856106834, "params": {"C": 13.787198691662882, "epsilon": 1.9200439748718872, "gamma": 0.06285192606865077}, "datetime": {"datetime": "2021-09-29 20:13:51", "elapsed": 17.462249, "delta": 0.400997}}
{"target": -71.93112617334148, "params": {"C": 61.45247529877838, "epsilon": 1.9687152293783519, "gamma": 0.37716759191423915}, "datetime": {"datetime": "2021-09-29 20:13:52", "elapsed": 17.870251, "delta": 0.408002}}
{"target": -59.74995051631519, "params": {"C": 14.57948973593795, "epsilon": 1.1717985326026246, "gamma": 0.03453794158973045}, "datetime": {"datetime": "2021-09-29 20:13:52", "elapsed": 18.302253, "delta": 0.432002}}
{"target": -58.156167319406634, "params": {"C": 13.730196964296393, "epsilon": 1.3075179666936296, "gamma": 0.02466383095566987}, "datetime": {"datetime": "2021-09-29 20:13:53", "elapsed": 18.667884, "delta": 0.365631}}
{"target": -66.88679770380995, "params": {"C": 65.3228822261059, "epsilon": 2.4800834814755865, "gamma": 0.10927638900981526}, "datetime": {"datetime": "2021-09-29 20:13:53", "elapsed": 18.987882, "delta": 0.319998}}
{"target": -64.61013207368893, "params": {"C": 13.810166019760636, "epsilon": 1.3155431669652307, "gamma": 0.1579760123718804}, "datetime": {"datetime": "2021-09-29 20:13:53", "elapsed": 19.392501, "delta": 0.404619}}
{"target": -56.14353208965228, "params": {"C": 13.90087644299859, "epsilon": 1.664449409312541, "gamma": 0.01731244430786643}, "datetime": {"datetime": "2021-09-29 20:13:54", "elapsed": 19.826501, "delta": 0.434}}
{"target": -68.83293961526324, "params": {"C": 76.934581086443, "epsilon": 1.4158674670097497, "gamma": 0.14832613799544161}, "datetime": {"datetime": "2021-09-29 20:13:54", "elapsed": 20.237497, "delta": 0.410996}}
{"target": -60.106402261312056, "params": {"C": 13.475830873099223, "epsilon": 1.3779849694905333, "gamma": 0.0412324160783516}, "datetime": {"datetime": "2021-09-29 20:13:55", "elapsed": 20.6975, "delta": 0.460003}}
{"target": -55.81744720512985, "params": {"C": 14.562859792937168, "epsilon": 1.7654438911814065, "gamma": 0.013926483588488123}, "datetime": {"datetime": "2021-09-29 20:13:55", "elapsed": 21.063339, "delta": 0.365839}}
{"target": -58.397811757726025, "params": {"C": 49.1322946145875, "epsilon": 2.8792313203924005, "gamma": 0.01723302774006984}, "datetime": {"datetime": "2021-09-29 20:13:55", "elapsed": 21.478338, "delta": 0.414999}}
{"target": -63.33880742907665, "params": {"C": 14.433206579203079, "epsilon": 1.1658566472126275, "gamma": 0.10717014219376965}, "datetime": {"datetime": "2021-09-29 20:13:56", "elapsed": 21.979343, "delta": 0.501005}}
{"target": -57.42823188291993, "params": {"C": 49.20808004150903, "epsilon": 2.5170253131658358, "gamma": 0.012450872127264027}, "datetime": {"datetime": "2021-09-29 20:13:56", "elapsed": 22.464337, "delta": 0.484994}}
{"target": -59.00550991864391, "params": {"C": 14.610845166910988, "epsilon": 1.5031734349472334, "gamma": 0.028261494057517638}, "datetime": {"datetime": "2021-09-29 20:13:57", "elapsed": 22.934341, "delta": 0.470004}}
{"target": -60.26022102794154, "params": {"C": 13.608381104814024, "epsilon": 1.4057260519300963, "gamma": 0.04336500413257016}, "datetime": {"datetime": "2021-09-29 20:13:57", "elapsed": 23.355319, "delta": 0.420978}}
{"target": -58.06953676724939, "params": {"C": 13.817963793231879, "epsilon": 1.7351836861633323, "gamma": 0.02389940988437286}, "datetime": {"datetime": "2021-09-29 20:13:58", "elapsed": 23.77691, "delta": 0.421591}}
{"target": -61.590407634397316, "params": {"C": 13.613515602948581, "epsilon": 1.2600122357583787, "gamma": 0.001}, "datetime": {"datetime": "2021-09-29 20:13:58", "elapsed": 24.28391, "delta": 0.507}}
{"target": -63.183654108059606, "params": {"C": 13.979061209330595, "epsilon": 1.5916249484232585, "gamma": 0.098131338501085}, "datetime": {"datetime": "2021-09-29 20:13:59", "elapsed": 24.745461, "delta": 0.461551}}
{"target": -55.862090982348214, "params": {"C": 14.496295072444193, "epsilon": 1.3306550785483495, "gamma": 0.014955032884089354}, "datetime": {"datetime": "2021-09-29 20:13:59", "elapsed": 25.119639, "delta": 0.374178}}
{"target": -60.68933250188386, "params": {"C": 13.300042963304435, "epsilon": 1.2604000572340994, "gamma": 0.05136569698482637}, "datetime": {"datetime": "2021-09-29 20:13:59", "elapsed": 25.61635, "delta": 0.496711}}
{"target": -61.886199080882506, "params": {"C": 11.219986809486562, "epsilon": 2.188919082194781, "gamma": 0.07378953484485114}, "datetime": {"datetime": "2021-09-29 20:14:00", "elapsed": 25.929347, "delta": 0.312997}}
{"target": -75.90260251457853, "params": {"C": 94.56806786882828, "epsilon": 1.0363616657147892, "gamma": 0.43042684877294585}, "datetime": {"datetime": "2021-09-29 20:14:00", "elapsed": 26.318345, "delta": 0.388998}}
{"target": -70.66086575469724, "params": {"C": 61.622851394379964, "epsilon": 1.3659781696146527, "gamma": 0.27486055906408735}, "datetime": {"datetime": "2021-09-29 20:14:01", "elapsed": 26.652344, "delta": 0.333999}}
{"target": -64.6189789576321, "params": {"C": 49.28275075641315, "epsilon": 2.54089242800289, "gamma": 0.08083451963805816}, "datetime": {"datetime": "2021-09-29 20:14:01", "elapsed": 27.224564, "delta": 0.57222}}
{"target": -65.28472696266522, "params": {"C": 13.476817342137727, "epsilon": 1.458575992367115, "gamma": 0.1901186038378266}, "datetime": {"datetime": "2021-09-29 20:14:02", "elapsed": 27.717563, "delta": 0.492999}}
{"target": -71.43878438073614, "params": {"C": 10.729958556818449, "epsilon": 2.1816782728208612, "gamma": 0.4601949218217661}, "datetime": {"datetime": "2021-09-29 20:14:02", "elapsed": 28.074567, "delta": 0.357004}}
{"target": -72.61159153638678, "params": {"C": 6.216633318117189, "epsilon": 1.166473093366109, "gamma": 0.44619797455640414}, "datetime": {"datetime": "2021-09-29 20:14:02", "elapsed": 28.394564, "delta": 0.319997}}
{"target": -59.196889329952384, "params": {"C": 13.726189180471119, "epsilon": 1.150730638882401, "gamma": 0.031756890855996686}, "datetime": {"datetime": "2021-09-29 20:14:03", "elapsed": 28.863341, "delta": 0.468777}}
{"target": -61.76280285089537, "params": {"C": 13.8748371667774, "epsilon": 1.1546645339808037, "gamma": 0.06626383799364138}, "datetime": {"datetime": "2021-09-29 20:14:03", "elapsed": 29.317659, "delta": 0.454318}}
{"target": -69.28343719118043, "params": {"C": 29.830381906997857, "epsilon": 0.31308350108532274, "gamma": 0.41508992033188125}, "datetime": {"datetime": "2021-09-29 20:14:04", "elapsed": 29.787664, "delta": 0.470005}}
{"target": -63.2704500199813, "params": {"C": 13.799194425267483, "epsilon": 1.0022727234692836, "gamma": 0.11219871471033842}, "datetime": {"datetime": "2021-09-29 20:14:04", "elapsed": 30.320664, "delta": 0.533}}
{"target": -65.60816288784712, "params": {"C": 99.0223781140595, "epsilon": 2.2349506742900074, "gamma": 0.07145468652488303}, "datetime": {"datetime": "2021-09-29 20:14:05", "elapsed": 30.876662, "delta": 0.555998}}
{"target": -53.7323652308893, "params": {"C": 13.646795136248837, "epsilon": 1.6836451286986867, "gamma": 0.00795303679566481}, "datetime": {"datetime": "2021-09-29 20:14:05", "elapsed": 31.410613, "delta": 0.533951}}
