{"target": -64.1474484403453, "params": {"C": 44.16349531205837, "epsilon": 0.07875276925184611, "gamma": 0.2752815764614759}, "datetime": {"datetime": "2021-09-29 20:13:19", "elapsed": 0.0, "delta": 0.0}}
{"target": -62.09530610361035, "params": {"C": 44.09691686920941, "epsilon": 1.2616830384603794, "gamma": 0.1658370756809332}, "datetime": {"datetime": "2021-09-29 20:13:19", "elapsed": 0.048011, "delta": 0.048011}}
{"target": -60.1963693837215, "params": {"C": 21.26021476974641, "epsilon": 1.8581936280856404, "gamma": 0.15052768216358706}, "datetime": {"datetime": "2021-09-29 20:13:19", "elapsed": 0.09099, "delta": 0.042979}}
{"target": -63.267033085110214, "params": {"C": 27.4159002351838, "epsilon": 1.8637803644751154, "gamma": 0.2650419050442425}, "datetime": {"datetime": "2021-09-29 20:13:19", "elapsed": 0.137986, "delta": 0.046996}}
{"target": -58.13739677892069, "params": {"C": 14.323414589148422, "epsilon": 1.5412207856759734, "gamma": 0.09303549295781073}, "datetime": {"datetime": "2021-09-29 20:13:19", "elapsed": 0.182987, "delta": 0.045001}}
{"target": -62.57221102596873, "params": {"C": 15.331522641200841, "epsilon": 1.9858643295411944, "gamma": 0.36181346083142113}, "datetime": {"datetime": "2021-09-29 20:13:19", "elapsed": 0.398987, "delta": 0.216}}
{"target": -64.28537827018627, "params": {"C": 42.64037299739112, "epsilon": 1.364295062537476, "gamma": 0.28898799580694146}, "datetime": {"datetime": "2021-09-29 20:13:19", "elapsed": 0.487989, "delta": 0.089002}}
{"target": -62.28963185210691, "params": {"C": 20.339174042966793, "epsilon": 1.8685206966833863, "gamma": 0.23571294114878127}, "datetime": {"datetime": "2021-09-29 20:13:20", "elapsed": 0.609985, "delta": 0.121996}}
{"target": -67.3887608152761, "params": {"C": 81.92000701544703, "epsilon": 0.16607892240638816, "gamma": 0.43621657221029453}, "datetime": {"datetime": "2021-09-29 20:13:20", "elapsed": 0.736987, "delta": 0.127002}}
{"target": -65.18558162544994, "params": {"C": 13.92030693190291, "epsilon": 1.3911253263159407, "gamma": 0.001}, "datetime": {"datetime": "2021-09-29 20:13:20", "elapsed": 0.982992, "delta": 0.246005}}
{"target": -65.26155649684074, "params": {"C": 48.48955541809827, "epsilon": 2.606448777112884, "gamma": 0.4343798890049634}, "datetime": {"datetime": "2021-09-29 20:13:20", "elapsed": 1.181988, "delta": 0.198996}}
{"target": -61.08929732766063, "params": {"C": 12.879389713971904, "epsilon": 1.2184558072790672, "gamma": 0.18775040000817883}, "datetime": {"datetime": "2021-09-29 20:13:20", "elapsed": 1.284988, "delta": 0.103}}
{"target": -63.64507623202179, "params": {"C": 14.72681479920711, "epsilon": 1.4221405015633612, "gamma": 0.43883355525406836}, "datetime": {"datetime": "2021-09-29 20:13:20", "elapsed": 1.469994, "delta": 0.185006}}
{"target": -55.67288689523732, "params": {"C": 49.14957600387961, "epsilon": 2.683484214350215, "gamma": 0.00700252089220471}, "datetime": {"datetime": "2021-09-29 20:13:21", "elapsed": 1.586988, "delta": 0.116994}}
{"target": -62.933788245888024, "params": {"C": 17.486921777570803, "epsilon": 1.0331012129809096, "gamma": 0.33285770225508393}, "datetime": {"datetime": "2021-09-29 20:13:21", "elapsed": 1.702988, "delta": 0.116}}
{"target": -64.65652141063893, "params": {"C": 38.85095166247046, "epsilon": 0.3253068894190921, "gamma": 0.34219028509778976}, "datetime": {"datetime": "2021-09-29 20:13:21", "elapsed": 1.847643, "delta": 0.144655}}
{"target": -61.330880812884345, "params": {"C": 41.04274943057208, "epsilon": 1.9097195876615638, "gamma": 0.12271594036067303}, "datetime": {"datetime": "2021-09-29 20:13:21", "elapsed": 1.992637, "delta": 0.144994}}
{"target": -67.00590851345046, "params": {"C": 82.17560248957768, "epsilon": 1.4840572586598495, "gamma": 0.3335726954208913}, "datetime": {"datetime": "2021-09-29 20:13:21", "elapsed": 2.211643, "delta": 0.219006}}
{"target": -61.1989072495429, "params": {"C": 12.638303325986485, "epsilon": 1.3027315680376776, "gamma": 0.19637182018964064}, "datetime": {"datetime": "2021-09-29 20:13:21", "elapsed": 2.349642, "delta": 0.137999}}
{"target": -56.78826051484266, "params": {"C": 18.778999115110942, "epsilon": 1.0456028732897633, "gamma": 0.048306751055885784}, "datetime": {"datetime": "2021-09-29 20:13:22", "elapsed": 2.596645, "delta": 0.247003}}
{"target": -58.02218078099008, "params": {"C": 49.21942005165941, "epsilon": 2.810112202531036, "gamma": 0.027792088182097427}, "datetime": {"datetime": "2021-09-29 20:13:22", "elapsed": 2.892643, "delta": 0.295998}}
{"target": -55.69906866140061, "params": {"C": 13.43028845705678, "epsilon": 1.9195860370103888, "gamma": 0.03423887502480701}, "datetime": {"datetime": "2021-09-29 20:13:22", "elapsed": 3.083641, "delta": 0.190998}}
{"target": -61.8092020545254, "params": {"C": 40.9740009141546, "epsilon": 1.917539707346844, "gamma": 0.15867819306426545}, "datetime": {"datetime": "2021-09-29 20:13:22", "elapsed": 3.245641, "delta": 0.162}}
{"target": -56.347344749311425, "params": {"C": 13.266679430989624, "epsilon": 2.146993415569694, "gamma": 0.05584918958052772}, "datetime": {"datetime": "2021-09-29 20:13:22", "elapsed": 3.418222, "delta": 0.172581}}
{"target": -54.18503038670106, "params": {"C": 13.451218753746181, "epsilon": 1.9050492645169361, "gamma": 0.014245012858457456}, "datetime": {"datetime": "2021-09-29 20:13:23", "elapsed": 3.610224, "delta": 0.192002}}
{"target": -59.272929239955985, "params": {"C": 49.24053236294513, "epsilon": 2.6135389513945495, "gamma": 0.04668510081417299}, "datetime": {"datetime": "2021-09-29 20:13:23", "elapsed": 3.798086, "delta": 0.187862}}
{"target": -56.82330359420914, "params": {"C": 13.628407921269153, "epsilon": 1.8930305840659731, "gamma": 0.06492559505940107}, "datetime": {"datetime": "2021-09-29 20:13:23", "elapsed": 4.066083, "delta": 0.267997}}
{"target": -59.17572314739784, "params": {"C": 13.539299969393388, "epsilon": 1.8022088315398654, "gamma": 0.12040037000429082}, "datetime": {"datetime": "2021-09-29 20:13:23", "elapsed": 4.319087, "delta": 0.253004}}
{"target": -56.04542561740927, "params": {"C": 13.424253591868382, "epsilon": 2.218181848333509, "gamma": 0.04791746528412232}, "datetime": {"datetime": "2021-09-29 20:13:24", "elapsed": 4.614082, "delta": 0.294995}}
{"target": -56.14251695901198, "params": {"C": 13.347344247466086, "epsilon": 2.3142084007302133, "gamma": 0.051853228548277425}, "datetime": {"datetime": "2021-09-29 20:13:24", "elapsed": 4.936083, "delta": 0.322001}}
{"target": -58.49098001462407, "params": {"C": 2.1612542039199867, "epsilon": 2.7739297345118565, "gamma": 0.06228978186994417}, "datetime": {"datetime": "2021-09-29 20:13:24", "elapsed": 5.129081, "delta": 0.192998}}
{"target": -63.3950947929193, "params": {"C": 49.05335215425478, "epsilon": 2.680420585546316, "gamma": 0.2057439515083316}, "datetime": {"datetime": "2021-09-29 20:13:24", "elapsed": 5.356081, "delta": 0.227}}
{"target": -61.2523705789724, "params": {"C": 13.396169234486084, "epsilon": 2.313433171755683, "gamma": 0.2181679700143086}, "datetime": {"datetime": "2021-09-29 20:13:25", "elapsed": 5.628083, "delta": 0.272002}}
{"target": -58.15052436641549, "params": {"C": 13.643855493553108, "epsilon": 2.1231316538759684, "gamma": 0.09647092222372679}, "datetime": {"datetime": "2021-09-29 20:13:25", "elapsed": 5.966311, "delta": 0.338228}}
{"target": -57.636535402828926, "params": {"C": 18.905394980722075, "epsilon": 1.1886887609352716, "gamma": 0.07728534350120717}, "datetime": {"datetime": "2021-09-29 20:13:25", "elapsed": 6.186313, "delta": 0.220002}}
{"target": -67.0780521175173, "params": {"C": 74.69062321553075, "epsilon": 2.084708462547635, "gamma": 0.47034159217048543}, "datetime": {"datetime": "2021-09-29 20:13:25", "elapsed": 6.435312, "delta": 0.248999}}
{"target": -60.337416004684286, "params": {"C": 18.991626992802388, "epsilon": 0.977906764691217, "gamma": 0.1487874893012662}, "datetime": {"datetime": "2021-09-29 20:13:26", "elapsed": 6.742318, "delta": 0.307006}}
{"target": -63.43107608586307, "params": {"C": 21.333878802524318, "epsilon": 0.2814981325174104, "gamma": 0.33397493163099556}, "datetime": {"datetime": "2021-09-29 20:13:26", "elapsed": 6.964315, "delta": 0.221997}}
{"target": -63.66961822298725, "params": {"C": 18.68634545061954, "epsilon": 1.220764063718547, "gamma": 0.001}, "datetime": {"datetime": "2021-09-29 20:13:27", "elapsed": 7.565315, "delta": 0.601}}
{"target": -54.538689745802785, "params": {"C": 13.233641687121636, "epsilon": 2.32002731852268, "gamma": 0.021275744001158076}, "datetime": {"datetime": "2021-09-29 20:13:27", "elapsed": 8.009787, "delta": 0.444472}}
{"target": -64.88953158852274, "params": {"C": 13.165974039241377, "epsilon": 2.469917254138193, "gamma": 0.001}, "datetime": {"datetime": "2021-09-29 20:13:27", "elapsed": 8.372787, "delta": 0.363}}
{"target": -64.07445893504632, "params": {"C": 31.302587030249462, "epsilon": 2.230095862435162, "gamma": 0.3865401423423668}, "datetime": {"datetime": "2021-09-29 20:13:28", "elapsed": 8.604436, "delta": 0.231649}}
{"target": -54.8724367086569, "params": {"C": 13.41557718363657, "epsilon": 2.09996394471638, "gamma": 0.011829783744362467}, "datetime": {"datetime": "2021-09-29 20:13:28", "elapsed": 8.869437, "delta": 0.265001}}
{"target": -57.652568343916286, "params": {"C": 13.12303096865747, "epsilon": 2.210753328581065, "gamma": 0.0815982472585829}, "datetime": {"datetime": "2021-09-29 20:13:28", "elapsed": 9.220438, "delta": 0.351001}}
{"target": -54.7927621343498, "params": {"C": 13.463161134936797, "epsilon": 1.991018933231458, "gamma": 0.00995105655516675}, "datetime": {"datetime": "2021-09-29 20:13:29", "elapsed": 9.525437, "delta": 0.304999}}
{"target": -63.10291920456189, "params": {"C": 18.62721784667652, "epsilon": 1.0251839025259437, "gamma": 0.3371713123472872}, "datetime": {"datetime": "2021-09-29 20:13:29", "elapsed": 9.903257, "delta": 0.37782}}
{"target": -59.54876317616088, "params": {"C": 19.117572559513214, "epsilon": 1.3235603421098439, "gamma": 0.12806079349454577}, "datetime": {"datetime": "2021-09-29 20:13:29", "elapsed": 10.132259, "delta": 0.229002}}
{"target": -65.43987958027442, "params": {"C": 80.62557326867966, "epsilon": 1.4978267098612934, "gamma": 0.2056044187589393}, "datetime": {"datetime": "2021-09-29 20:13:29", "elapsed": 10.379257, "delta": 0.246998}}
{"target": -59.13089310149549, "params": {"C": 13.330512045998313, "epsilon": 1.8212690998835181, "gamma": 0.002803178238690615}, "datetime": {"datetime": "2021-09-29 20:13:30", "elapsed": 10.745256, "delta": 0.365999}}
{"target": -61.21443133836123, "params": {"C": 2.1727181331806396, "epsilon": 2.7800202857913736, "gamma": 0.09745977151031904}, "datetime": {"datetime": "2021-09-29 20:13:30", "elapsed": 10.961253, "delta": 0.215997}}
{"target": -60.18049722428284, "params": {"C": 2.0207443657838398, "epsilon": 2.8809633528297356, "gamma": 0.027199128793347526}, "datetime": {"datetime": "2021-09-29 20:13:30", "elapsed": 11.285257, "delta": 0.324004}}
{"target": -66.33989554399454, "params": {"C": 65.04526486800088, "epsilon": 0.23911990776024972, "gamma": 0.4432927402908298}, "datetime": {"datetime": "2021-09-29 20:13:30", "elapsed": 11.474259, "delta": 0.189002}}
{"target": -58.6441299492543, "params": {"C": 18.7370778002438, "epsilon": 0.8651118986389198, "gamma": 0.10733164786050692}, "datetime": {"datetime": "2021-09-29 20:13:31", "elapsed": 11.882264, "delta": 0.408005}}
{"target": -57.28967010927768, "params": {"C": 13.5390481874587, "epsilon": 2.073087384898122, "gamma": 0.07549301657116038}, "datetime": {"datetime": "2021-09-29 20:13:31", "elapsed": 12.139255, "delta": 0.256991}}
{"target": -67.12430264502417, "params": {"C": 2.3302487490119135, "epsilon": 2.676281847669098, "gamma": 0.004196021508843236}, "datetime": {"datetime": "2021-09-29 20:13:31", "elapsed": 12.461259, "delta": 0.322004}}
{"target": -65.035209303424, "params": {"C": 13.544281115354167, "epsilon": 1.9147476295775478, "gamma": 0.001}, "datetime": {"datetime": "2021-09-29 20:13:32", "elapsed": 12.912257, "delta": 0.450998}}
{"target": -67.03236367868553, "params": {"C": 84.12231398201752, "epsilon": 2.117010242609934, "gamma": 0.3166546778831768}, "datetime": {"datetime": "2021-09-29 20:13:32", "elapsed": 13.179259, "delta": 0.267002}}
{"target": -55.71186878558746, "params": {"C": 13.274693337521292, "epsilon": 2.2504529379332205, "gamma": 0.03497782752794025}, "datetime": {"datetime": "2021-09-29 20:13:33", "elapsed": 13.619689, "delta": 0.44043}}
{"target": -56.86476549589757, "params": {"C": 13.251823705055077, "epsilon": 2.3224628451844684, "gamma": 0.06855933993689706}, "datetime": {"datetime": "2021-09-29 20:13:33", "elapsed": 13.922089, "delta": 0.3024}}
{"target": -58.72303460418542, "params": {"C": 8.404971437555588, "epsilon": 0.12963015692099478, "gamma": 0.11023321409214154}, "datetime": {"datetime": "2021-09-29 20:13:33", "elapsed": 14.237089, "delta": 0.315}}
{"target": -54.8046469903547, "params": {"C": 13.330401519300892, "epsilon": 2.1519925228276735, "gamma": 0.012772634006373376}, "datetime": {"datetime": "2021-09-29 20:13:34", "elapsed": 14.526093, "delta": 0.289004}}
{"target": -63.39285202191206, "params": {"C": 36.178435192338654, "epsilon": 2.9966279653481855, "gamma": 0.2581113759322549}, "datetime": {"datetime": "2021-09-29 20:13:34", "elapsed": 14.763089, "delta": 0.236996}}
{"target": -59.70603607870378, "params": {"C": 13.365349252956257, "epsilon": 2.186282950064963, "gamma": 0.1399116562557916}, "datetime": {"datetime": "2021-09-29 20:13:34", "elapsed": 15.102093, "delta": 0.339004}}
{"target": -58.8366745064855, "params": {"C": 18.830570524370025, "epsilon": 0.9252804930535781, "gamma": 0.11312085041418704}, "datetime": {"datetime": "2021-09-29 20:13:35", "elapsed": 15.550093, "delta": 0.448}}
{"target": -59.208738715691226, "params": {"C": 29.607088803554976, "epsilon": 2.555503133656325, "gamma": 0.07810089014267982}, "datetime": {"datetime": "2021-09-29 20:13:35", "elapsed": 15.856043, "delta": 0.30595}}
{"target": -55.96733752792359, "params": {"C": 18.66476672548669, "epsilon": 0.9545338267242914, "gamma": 0.0217201919536243}, "datetime": {"datetime": "2021-09-29 20:13:35", "elapsed": 16.170041, "delta": 0.313998}}
{"target": -58.17345329866226, "params": {"C": 13.460579300255628, "epsilon": 2.0946145994712446, "gamma": 0.0969087386952441}, "datetime": {"datetime": "2021-09-29 20:13:36", "elapsed": 16.550043, "delta": 0.380002}}
{"target": -57.75965408244128, "params": {"C": 13.44958901515153, "epsilon": 2.0123671182231924, "gamma": 0.08206404009731887}, "datetime": {"datetime": "2021-09-29 20:13:36", "elapsed": 17.245374, "delta": 0.695331}}
{"target": -63.352931980604765, "params": {"C": 22.959776661337116, "epsilon": 0.27419253127035376, "gamma": 0.28908128449433856}, "datetime": {"datetime": "2021-09-29 20:13:37", "elapsed": 17.705347, "delta": 0.459973}}
{"target": -65.72089113041197, "params": {"C": 61.45247529877838, "epsilon": 1.9687152293783519, "gamma": 0.37716759191423915}, "datetime": {"datetime": "2021-09-29 20:13:37", "elapsed": 18.028348, "delta": 0.323001}}
{"target": -56.614781896965816, "params": {"C": 13.34268002274551, "epsilon": 2.04320322200821, "gamma": 0.061055427953594636}, "datetime": {"datetime": "2021-09-29 20:13:37", "elapsed": 18.401343, "delta": 0.372995}}
{"target": -57.8694048764412, "params": {"C": 18.914852775259654, "epsilon": 1.1005189707759706, "gamma": 0.08337915307168459}, "datetime": {"datetime": "2021-09-29 20:13:38", "elapsed": 18.821708, "delta": 0.420365}}
{"target": -62.31457991291227, "params": {"C": 65.3228822261059, "epsilon": 2.4800834814755865, "gamma": 0.10927638900981526}, "datetime": {"datetime": "2021-09-29 20:13:38", "elapsed": 19.175707, "delta": 0.353999}}
{"target": -57.07025864939208, "params": {"C": 19.05575541022475, "epsilon": 1.2264865278269677, "gamma": 0.05457388264812675}, "datetime": {"datetime": "2021-09-29 20:13:39", "elapsed": 19.53071, "delta": 0.355003}}
{"target": -61.21234107186072, "params": {"C": 18.95135535553182, "epsilon": 1.2484223361991398, "gamma": 0.17645053688087287}, "datetime": {"datetime": "2021-09-29 20:13:39", "elapsed": 19.876778, "delta": 0.346068}}
{"target": -63.597864974737526, "params": {"C": 76.934581086443, "epsilon": 1.4158674670097497, "gamma": 0.14832613799544161}, "datetime": {"datetime": "2021-09-29 20:13:39", "elapsed": 20.229774, "delta": 0.352996}}
{"target": -63.23372471306244, "params": {"C": 18.719594483513184, "epsilon": 0.8818488723737389, "gamma": 0.0011165021058887512}, "datetime": {"datetime": "2021-09-29 20:13:40", "elapsed": 20.677777, "delta": 0.448003}}
{"target": -54.64351051109969, "params": {"C": 13.431520657251832, "epsilon": 2.189074143433911, "gamma": 0.013400957464365211}, "datetime": {"datetime": "2021-09-29 20:13:40", "elapsed": 21.018778, "delta": 0.341001}}
{"target": -59.29650617116725, "params": {"C": 19.16004161972719, "epsilon": 1.1671604003358496, "gamma": 0.1236785334515798}, "datetime": {"datetime": "2021-09-29 20:13:41", "elapsed": 21.55478, "delta": 0.536002}}
{"target": -59.64304207958256, "params": {"C": 13.685575297696701, "epsilon": 1.895005313604761, "gamma": 0.1350933534860385}, "datetime": {"datetime": "2021-09-29 20:13:41", "elapsed": 22.195569, "delta": 0.640789}}
{"target": -57.79279914130536, "params": {"C": 19.041304034785213, "epsilon": 1.123949258063015, "gamma": 0.08078031817367051}, "datetime": {"datetime": "2021-09-29 20:13:42", "elapsed": 22.647566, "delta": 0.451997}}
{"target": -58.89700181200372, "params": {"C": 18.619312748883548, "epsilon": 0.8873026672787768, "gamma": 0.11508990751029925}, "datetime": {"datetime": "2021-09-29 20:13:42", "elapsed": 23.079565, "delta": 0.431999}}
{"target": -60.31458106189491, "params": {"C": 18.77363111089097, "epsilon": 1.0717719616088035, "gamma": 0.1480820879991408}, "datetime": {"datetime": "2021-09-29 20:13:43", "elapsed": 23.619563, "delta": 0.539998}}
{"target": -56.57207143733524, "params": {"C": 13.220415389059731, "epsilon": 2.0333410503832123, "gamma": 0.05998239927055435}, "datetime": {"datetime": "2021-09-29 20:13:43", "elapsed": 24.088798, "delta": 0.469235}}
{"target": -61.29077191104238, "params": {"C": 2.1240617323838524, "epsilon": 2.768921941966898, "gamma": 0.09493830903962736}, "datetime": {"datetime": "2021-09-29 20:13:43", "elapsed": 24.408798, "delta": 0.32}}
{"target": -58.28239444750189, "params": {"C": 13.077585945766431, "epsilon": 2.025190309026807, "gamma": 0.0991272209188038}, "datetime": {"datetime": "2021-09-29 20:13:44", "elapsed": 25.071795, "delta": 0.662997}}
{"target": -55.072068049021425, "params": {"C": 13.430885840070708, "epsilon": 2.3535131184858407, "gamma": 0.027560090090790967}, "datetime": {"datetime": "2021-09-29 20:13:45", "elapsed": 25.610796, "delta": 0.539001}}
{"target": -54.538016910213194, "params": {"C": 13.388648871545184, "epsilon": 1.950542384838201, "gamma": 0.00909041562776386}, "datetime": {"datetime": "2021-09-29 20:13:45", "elapsed": 26.16122, "delta": 0.550424}}
{"target": -57.19243561891653, "params": {"C": 11.219986809486562, "epsilon": 2.188919082194781, "gamma": 0.07378953484485114}, "datetime": {"datetime": "2021-09-29 20:13:46", "elapsed": 26.529224, "delta": 0.368004}}
{"target": -67.866107512452, "params": {"C": 94.56806786882828, "epsilon": 1.0363616657147892, "gamma": 0.43042684877294585}, "datetime": {"datetime": "2021-09-29 20:13:46", "elapsed": 26.936223, "delta": 0.406999}}
{"target": -65.121216272161, "params": {"C": 61.622851394379964, "epsilon": 1.3659781696146527, "gamma": 0.27486055906408735}, "datetime": {"datetime": "2021-09-29 20:13:46", "elapsed": 27.295221, "delta": 0.358998}}
{"target": -54.423851363652396, "params": {"C": 13.419573571334327, "epsilon": 1.8123709922756652, "gamma": 0.019161653080984515}, "datetime": {"datetime": "2021-09-29 20:13:47", "elapsed": 27.706222, "delta": 0.411001}}
{"target": -55.78881060927166, "params": {"C": 18.66635429971203, "epsilon": 1.0783140185391142, "gamma": 0.015970012646033045}, "datetime": {"datetime": "2021-09-29 20:13:47", "elapsed": 28.168064, "delta": 0.461842}}
{"target": -64.8340656961446, "params": {"C": 10.729958556818449, "epsilon": 2.1816782728208612, "gamma": 0.4601949218217661}, "datetime": {"datetime": "2021-09-29 20:13:48", "elapsed": 28.590642, "delta": 0.422578}}
{"target": -67.20563259188272, "params": {"C": 6.216633318117189, "epsilon": 1.166473093366109, "gamma": 0.44619797455640414}, "datetime": {"datetime": "2021-09-29 20:13:48", "elapsed": 29.002639, "delta": 0.411997}}
{"target": -58.283778085202464, "params": {"C": 18.54499109889341, "epsilon": 0.9667018377691211, "gamma": 0.09455921037169825}, "datetime": {"datetime": "2021-09-29 20:13:48", "elapsed": 29.486647, "delta": 0.484008}}
{"target": -65.45811351911513, "params": {"C": 56.0544008130907, "epsilon": 1.2130656822276833, "gamma": 0.38994550141215945}, "datetime": {"datetime": "2021-09-29 20:13:49", "elapsed": 29.856642, "delta": 0.369995}}
{"target": -64.06679214240918, "params": {"C": 29.830381906997857, "epsilon": 0.31308350108532274, "gamma": 0.41508992033188125}, "datetime": {"datetime": "2021-09-29 20:13:49", "elapsed": 30.337097, "delta": 0.480455}}
{"target": -57.37643984542636, "params": {"C": 13.472126182461707, "epsilon": 1.6946003730523829, "gamma": 0.07492350091918921}, "datetime": {"datetime": "2021-09-29 20:13:50", "elapsed": 30.844101, "delta": 0.507004}}
{"target": -62.455852959042765, "params": {"C": 99.0223781140595, "epsilon": 2.2349506742900074, "gamma": 0.07145468652488303}, "datetime": {"datetime": "2021-09-29 20:13:50", "elapsed": 31.2151, "delta": 0.370999}}
{"target": -56.079056510796995, "params": {"C": 13.507599490535071, "epsilon": 2.250976418765649, "gamma": 0.049508943804816505}, "datetime": {"datetime": "2021-09-29 20:13:51", "elapsed": 31.7911, "delta": 0.576}}
