{"target": -59.26842327683296, "params": {"C": 24.84962286727556, "epsilon": 2.6255320200146572, "gamma": 0.02446561486274785}, "datetime": {"datetime": "2021-09-29 21:01:27", "elapsed": 364.30302, "delta": 1.440683}}
{"target": -60.82258958092349, "params": {"C": 8.683998749407882, "epsilon": 0.8238794971373026, "gamma": 0.05132059654698207}, "datetime": {"datetime": "2021-09-29 21:01:31", "elapsed": 367.651636, "delta": 3.348616}}
{"target": -58.924401261860204, "params": {"C": 11.252136739462319, "epsilon": 2.104992794416449, "gamma": 0.033120338734356505}, "datetime": {"datetime": "2021-09-29 21:01:34", "elapsed": 370.566558, "delta": 2.914922}}
{"target": -54.26768889273078, "params": {"C": 10.958785316647747, "epsilon": 2.042491884526322, "gamma": 0.010236040008458982}, "datetime": {"datetime": "2021-09-29 21:01:36", "elapsed": 372.660275, "delta": 2.093717}}
{"target": -62.35479417641315, "params": {"C": 3.3895997208671673, "epsilon": 1.3704145723210877, "gamma": 0.08196854174129833}, "datetime": {"datetime": "2021-09-29 21:01:37", "elapsed": 374.193279, "delta": 1.533004}}
{"target": -55.62117311249432, "params": {"C": 14.928738115202169, "epsilon": 1.7916073850368357, "gamma": 0.012895727448553166}, "datetime": {"datetime": "2021-09-29 21:01:40", "elapsed": 376.475815, "delta": 2.282536}}
{"target": -61.04226309406546, "params": {"C": 14.544800421377765, "epsilon": 1.1068771862183124, "gamma": 0.05331935149530726}, "datetime": {"datetime": "2021-09-29 21:01:42", "elapsed": 378.85785, "delta": 2.382035}}
{"target": -52.93500870603467, "params": {"C": 14.654577473639588, "epsilon": 1.030362794620682, "gamma": 0.005110396883468519}, "datetime": {"datetime": "2021-09-29 21:01:44", "elapsed": 381.126059, "delta": 2.268209}}
{"target": -53.68383307922899, "params": {"C": 11.22671270760293, "epsilon": 2.13120441269894, "gamma": 0.005975334780123178}, "datetime": {"datetime": "2021-09-29 21:01:47", "elapsed": 383.662505, "delta": 2.536446}}
{"target": -60.52776575146178, "params": {"C": 29.71043979056868, "epsilon": 2.502326068137006, "gamma": 0.033950246658262136}, "datetime": {"datetime": "2021-09-29 21:01:49", "elapsed": 386.055533, "delta": 2.393028}}
{"target": -60.447500923696175, "params": {"C": 96.4797185534356, "epsilon": 1.1781897887535222, "gamma": 0.026515533098854894}, "datetime": {"datetime": "2021-09-29 21:01:51", "elapsed": 387.604116, "delta": 1.548583}}
{"target": -54.695764952418266, "params": {"C": 14.533716904291074, "epsilon": 1.013983576745695, "gamma": 0.003206082672389493}, "datetime": {"datetime": "2021-09-29 21:01:53", "elapsed": 389.72919, "delta": 2.125074}}
{"target": -62.505406780079085, "params": {"C": 14.952798391551275, "epsilon": 1.7349414659874924, "gamma": 0.0007620587736195613}, "datetime": {"datetime": "2021-09-29 21:01:55", "elapsed": 391.801792, "delta": 2.072602}}
{"target": -63.94563852207041, "params": {"C": 58.26658343781564, "epsilon": 1.6660598906548354, "gamma": 0.06997131177062496}, "datetime": {"datetime": "2021-09-29 21:01:56", "elapsed": 393.444443, "delta": 1.642651}}
{"target": -62.6152196626652, "params": {"C": 14.57902932755135, "epsilon": 1.0502893517007408, "gamma": 0.0007952118554500687}, "datetime": {"datetime": "2021-09-29 21:01:59", "elapsed": 395.589365, "delta": 2.144922}}
{"target": -52.42482104208417, "params": {"C": 44.76072370436154, "epsilon": 2.6172756674235913, "gamma": 0.0022429415679157453}, "datetime": {"datetime": "2021-09-29 21:02:01", "elapsed": 397.808814, "delta": 2.219449}}
{"target": -62.664165493271206, "params": {"C": 12.270952955036671, "epsilon": 2.091804692306545, "gamma": 0.08889458786629426}, "datetime": {"datetime": "2021-09-29 21:02:02", "elapsed": 399.268439, "delta": 1.459625}}
{"target": -55.18734127791687, "params": {"C": 14.533947213035717, "epsilon": 1.022582782047573, "gamma": 0.01083969144261193}, "datetime": {"datetime": "2021-09-29 21:02:05", "elapsed": 402.439249, "delta": 3.17081}}
{"target": -56.05166148470181, "params": {"C": 14.633183806204718, "epsilon": 1.060959112009823, "gamma": 0.01593440143593123}, "datetime": {"datetime": "2021-09-29 21:02:08", "elapsed": 404.558238, "delta": 2.118989}}
{"target": -57.73851666549476, "params": {"C": 54.385672783948564, "epsilon": 1.456948412238384, "gamma": 0.014235214341257452}, "datetime": {"datetime": "2021-09-29 21:02:09", "elapsed": 406.081244, "delta": 1.523006}}
{"target": -58.40428772809193, "params": {"C": 14.662649243596567, "epsilon": 1.074005981142759, "gamma": 0.02555005333586759}, "datetime": {"datetime": "2021-09-29 21:02:12", "elapsed": 409.005323, "delta": 2.924079}}
{"target": -62.19841367267256, "params": {"C": 90.00230164803435, "epsilon": 1.71809914708737, "gamma": 0.043746140862629054}, "datetime": {"datetime": "2021-09-29 21:02:14", "elapsed": 410.684221, "delta": 1.678898}}
{"target": -57.29490037374995, "params": {"C": 10.009318620190689, "epsilon": 1.866465206499379, "gamma": 0.002652377091346265}, "datetime": {"datetime": "2021-09-29 21:02:17", "elapsed": 414.140726, "delta": 3.456505}}
{"target": -58.4962528815647, "params": {"C": 83.60071515702934, "epsilon": 2.1833215707649805, "gamma": 0.01579433989233674}, "datetime": {"datetime": "2021-09-29 21:02:19", "elapsed": 415.713776, "delta": 1.57305}}
{"target": -54.40065343708101, "params": {"C": 14.947974488889452, "epsilon": 1.7780056516255665, "gamma": 0.008834818699408893}, "datetime": {"datetime": "2021-09-29 21:02:21", "elapsed": 418.079174, "delta": 2.365398}}
{"target": -52.26425230002778, "params": {"C": 27.44277326408457, "epsilon": 0.7948857010115683, "gamma": 0.002595434753945123}, "datetime": {"datetime": "2021-09-29 21:02:23", "elapsed": 419.714966, "delta": 1.635792}}
{"target": -55.40586798986313, "params": {"C": 14.646838673428412, "epsilon": 1.0918407436940796, "gamma": 0.011603114091142012}, "datetime": {"datetime": "2021-09-29 21:02:26", "elapsed": 422.625999, "delta": 2.911033}}
{"target": -61.57767909253612, "params": {"C": 99.01693026872327, "epsilon": 2.261176872470448, "gamma": 0.03657383073444567}, "datetime": {"datetime": "2021-09-29 21:02:28", "elapsed": 425.184622, "delta": 2.558623}}
{"target": -59.65187112957011, "params": {"C": 25.869819219367677, "epsilon": 1.8349405948000888, "gamma": 0.02514718282375262}, "datetime": {"datetime": "2021-09-29 21:02:31", "elapsed": 427.588462, "delta": 2.40384}}
{"target": -62.69592718047936, "params": {"C": 19.736896977606722, "epsilon": 0.016719968700534202, "gamma": 0.060336339262704416}, "datetime": {"datetime": "2021-09-29 21:02:32", "elapsed": 429.346957, "delta": 1.758495}}
{"target": -58.6576543085158, "params": {"C": 10.969289288943637, "epsilon": 2.100916816590682, "gamma": 0.03135592512210958}, "datetime": {"datetime": "2021-09-29 21:02:35", "elapsed": 432.007214, "delta": 2.660257}}
{"target": -63.8551089012754, "params": {"C": 34.040260720776445, "epsilon": 2.4181446825664947, "gamma": 0.07627420136210827}, "datetime": {"datetime": "2021-09-29 21:02:37", "elapsed": 433.584603, "delta": 1.577389}}
{"target": -57.20718806850027, "params": {"C": 11.05657866586318, "epsilon": 0.1901698884048717, "gamma": 0.02538708461534796}, "datetime": {"datetime": "2021-09-29 21:02:38", "elapsed": 435.383926, "delta": 1.799323}}
{"target": -57.0350609531458, "params": {"C": 72.1210599493432, "epsilon": 1.9368704802907457, "gamma": 0.01006257428443682}, "datetime": {"datetime": "2021-09-29 21:02:40", "elapsed": 437.3203, "delta": 1.936374}}
{"target": -56.466440754802306, "params": {"C": 14.652590955015185, "epsilon": 1.0061933315864013, "gamma": 0.01848459391965114}, "datetime": {"datetime": "2021-09-29 21:02:43", "elapsed": 439.531914, "delta": 2.211614}}
{"target": -58.23320716571915, "params": {"C": 14.934496272700393, "epsilon": 1.7667617337630575, "gamma": 0.02331275861643468}, "datetime": {"datetime": "2021-09-29 21:02:46", "elapsed": 442.631776, "delta": 3.099862}}
{"target": -57.12798817486353, "params": {"C": 29.708438135856692, "epsilon": 2.5380050795752007, "gamma": 0.014148033275162213}, "datetime": {"datetime": "2021-09-29 21:02:49", "elapsed": 446.064413, "delta": 3.432637}}
{"target": -62.937713394401925, "params": {"C": 41.646740499660886, "epsilon": 2.8889763626214657, "gamma": 0.055162826952673494}, "datetime": {"datetime": "2021-09-29 21:02:51", "elapsed": 447.764335, "delta": 1.699922}}
{"target": -59.703768247603975, "params": {"C": 34.0616361370585, "epsilon": 1.6619369522648237, "gamma": 0.026433833435478546}, "datetime": {"datetime": "2021-09-29 21:02:52", "elapsed": 449.448319, "delta": 1.683984}}
{"target": -56.28164635532274, "params": {"C": 29.731561454413253, "epsilon": 2.5156129310567446, "gamma": 0.011868735182084988}, "datetime": {"datetime": "2021-09-29 21:02:55", "elapsed": 452.245363, "delta": 2.797044}}
{"target": -54.61409192137825, "params": {"C": 57.007845144239916, "epsilon": 0.32389434179973087, "gamma": 0.0037761946879210214}, "datetime": {"datetime": "2021-09-29 21:02:58", "elapsed": 454.539583, "delta": 2.29422}}
{"target": -72.95050095719114, "params": {"C": 10.973094102153526, "epsilon": 2.0715234439290673, "gamma": 0.0001}, "datetime": {"datetime": "2021-09-29 21:03:01", "elapsed": 457.698152, "delta": 3.158569}}
{"target": -55.35714801394928, "params": {"C": 10.996840195363776, "epsilon": 2.078053125461198, "gamma": 0.014326604399855222}, "datetime": {"datetime": "2021-09-29 21:03:03", "elapsed": 459.785074, "delta": 2.086922}}
{"target": -62.80255561956379, "params": {"C": 52.45274151190131, "epsilon": 2.803619618010101, "gamma": 0.055547816699467394}, "datetime": {"datetime": "2021-09-29 21:03:05", "elapsed": 461.498314, "delta": 1.71324}}
{"target": -56.03673441314051, "params": {"C": 96.92245005997398, "epsilon": 2.919718513744442, "gamma": 0.005915593255937658}, "datetime": {"datetime": "2021-09-29 21:03:07", "elapsed": 464.129122, "delta": 2.630808}}
{"target": -62.569693977923244, "params": {"C": 85.98490420357297, "epsilon": 0.17087666655427589, "gamma": 0.04851577673758761}, "datetime": {"datetime": "2021-09-29 21:03:09", "elapsed": 466.039414, "delta": 1.910292}}
{"target": -59.65763831693137, "params": {"C": 14.59381671349744, "epsilon": 1.0283041244405347, "gamma": 0.0011889377206376452}, "datetime": {"datetime": "2021-09-29 21:03:12", "elapsed": 468.767697, "delta": 2.728283}}
{"target": -53.849611755011715, "params": {"C": 14.70748776575538, "epsilon": 1.1388164172727855, "gamma": 0.0067790375339638565}, "datetime": {"datetime": "2021-09-29 21:03:15", "elapsed": 471.564055, "delta": 2.796358}}
{"target": -58.956356331996105, "params": {"C": 11.007107260862012, "epsilon": 2.049271936395234, "gamma": 0.03406662529583572}, "datetime": {"datetime": "2021-09-29 21:03:17", "elapsed": 474.10326, "delta": 2.539205}}
{"target": -59.32207472780709, "params": {"C": 10.95062900632699, "epsilon": 2.0245865327415604, "gamma": 0.0377984648089642}, "datetime": {"datetime": "2021-09-29 21:03:20", "elapsed": 476.85408, "delta": 2.75082}}
{"target": -63.83119991680732, "params": {"C": 47.61212736930668, "epsilon": 2.412729027854214, "gamma": 0.07102486180870081}, "datetime": {"datetime": "2021-09-29 21:03:22", "elapsed": 478.656236, "delta": 1.802156}}
{"target": -57.61880210802796, "params": {"C": 29.749568365629905, "epsilon": 2.526700856712258, "gamma": 0.015816930821397897}, "datetime": {"datetime": "2021-09-29 21:03:25", "elapsed": 481.580912, "delta": 2.924676}}
{"target": -53.787534476463975, "params": {"C": 11.157416386149105, "epsilon": 2.1988059534070876, "gamma": 0.00502856964652207}, "datetime": {"datetime": "2021-09-29 21:03:27", "elapsed": 484.271069, "delta": 2.690157}}
{"target": -58.15432835669223, "params": {"C": 11.206368589545331, "epsilon": 2.1391712247542727, "gamma": 0.026755360069980232}, "datetime": {"datetime": "2021-09-29 21:03:30", "elapsed": 486.880963, "delta": 2.609894}}
{"target": -54.76883861024216, "params": {"C": 14.927228130447562, "epsilon": 1.7554408842297315, "gamma": 0.010253806963288797}, "datetime": {"datetime": "2021-09-29 21:03:32", "elapsed": 489.220889, "delta": 2.339926}}
{"target": -57.52742479600739, "params": {"C": 55.96074218028904, "epsilon": 1.0804596480381417, "gamma": 0.012052625295038442}, "datetime": {"datetime": "2021-09-29 21:03:34", "elapsed": 491.086263, "delta": 1.865374}}
{"target": -52.89289167129893, "params": {"C": 14.675603649814068, "epsilon": 0.996343619792062, "gamma": 0.004672701689585198}, "datetime": {"datetime": "2021-09-29 21:03:38", "elapsed": 494.81087, "delta": 3.724607}}
{"target": -62.32096795668696, "params": {"C": 35.4078802063395, "epsilon": 2.6613347968693444, "gamma": 0.048453626349796816}, "datetime": {"datetime": "2021-09-29 21:03:40", "elapsed": 496.638521, "delta": 1.827651}}
{"target": -65.35813803479412, "params": {"C": 50.36011506204111, "epsilon": 1.2749632798987498, "gamma": 0.08884428220344487}, "datetime": {"datetime": "2021-09-29 21:03:42", "elapsed": 498.634813, "delta": 1.996292}}
{"target": -60.531099889481666, "params": {"C": 8.262838650989949, "epsilon": 0.9935938469018073, "gamma": 0.04853516964938075}, "datetime": {"datetime": "2021-09-29 21:03:43", "elapsed": 500.407502, "delta": 1.772689}}
{"target": -54.99791814809587, "params": {"C": 11.235349862998449, "epsilon": 2.208586514837261, "gamma": 0.012572303360755282}, "datetime": {"datetime": "2021-09-29 21:03:46", "elapsed": 503.115247, "delta": 2.707745}}
{"target": -66.14151331672208, "params": {"C": 75.6130874948149, "epsilon": 0.7693316133895837, "gamma": 0.08684972005882921}, "datetime": {"datetime": "2021-09-29 21:03:48", "elapsed": 505.238218, "delta": 2.122971}}
{"target": -60.706033741003665, "params": {"C": 11.21695707670954, "epsilon": 2.1981226224263573, "gamma": 0.0013876700152880542}, "datetime": {"datetime": "2021-09-29 21:03:51", "elapsed": 507.926296, "delta": 2.688078}}
{"target": -59.832017280525505, "params": {"C": 96.57959999352308, "epsilon": 1.8972895869538797, "gamma": 0.022425671681668775}, "datetime": {"datetime": "2021-09-29 21:03:53", "elapsed": 510.119484, "delta": 2.193188}}
{"target": -59.44722437370004, "params": {"C": 11.237911708086042, "epsilon": 2.0525850925742777, "gamma": 0.03857036320889881}, "datetime": {"datetime": "2021-09-29 21:03:57", "elapsed": 514.382238, "delta": 4.262754}}
{"target": -56.45837971372525, "params": {"C": 8.702674610476956, "epsilon": 0.7092116434606502, "gamma": 0.018605489780899414}, "datetime": {"datetime": "2021-09-29 21:04:00", "elapsed": 517.222445, "delta": 2.840207}}
{"target": -54.8397652997302, "params": {"C": 41.03193521353383, "epsilon": 1.1811303588555675, "gamma": 0.005701389854870218}, "datetime": {"datetime": "2021-09-29 21:04:02", "elapsed": 519.323061, "delta": 2.100616}}
{"target": -54.99566194754087, "params": {"C": 25.16591170978773, "epsilon": 0.13294128557488435, "gamma": 0.001545921921000147}, "datetime": {"datetime": "2021-09-29 21:04:05", "elapsed": 522.290858, "delta": 2.967797}}
{"target": -55.947218142614844, "params": {"C": 5.083344176064803, "epsilon": 1.456775485170671, "gamma": 0.013297333345473816}, "datetime": {"datetime": "2021-09-29 21:04:07", "elapsed": 524.261486, "delta": 1.970628}}
{"target": -62.62386423990068, "params": {"C": 16.59124447105032, "epsilon": 0.4563283959310349, "gamma": 0.07721218569063762}, "datetime": {"datetime": "2021-09-29 21:04:09", "elapsed": 526.310579, "delta": 2.049093}}
{"target": -56.9985522266124, "params": {"C": 11.047984712320202, "epsilon": 2.0692199217613467, "gamma": 0.020966786161851273}, "datetime": {"datetime": "2021-09-29 21:04:12", "elapsed": 528.904725, "delta": 2.594146}}
{"target": -60.23574328738245, "params": {"C": 90.72449919090617, "epsilon": 0.9805448894646717, "gamma": 0.025416000081834148}, "datetime": {"datetime": "2021-09-29 21:04:14", "elapsed": 530.899427, "delta": 1.994702}}
{"target": -56.438221780301404, "params": {"C": 14.628627012560669, "epsilon": 1.0145432806059729, "gamma": 0.018380792229428823}, "datetime": {"datetime": "2021-09-29 21:04:17", "elapsed": 533.763987, "delta": 2.86456}}
{"target": -63.43589351963188, "params": {"C": 32.698418561407536, "epsilon": 0.6309668318908196, "gamma": 0.06321802503192779}, "datetime": {"datetime": "2021-09-29 21:04:19", "elapsed": 535.853822, "delta": 2.089835}}
{"target": -56.31657508783648, "params": {"C": 93.43454901557173, "epsilon": 1.3436341825656783, "gamma": 0.006539514913898321}, "datetime": {"datetime": "2021-09-29 21:04:21", "elapsed": 537.804294, "delta": 1.950472}}
{"target": -54.79757990843701, "params": {"C": 14.866953711748874, "epsilon": 1.7593264862240834, "gamma": 0.01036989851588642}, "datetime": {"datetime": "2021-09-29 21:04:25", "elapsed": 541.992622, "delta": 4.188328}}
{"target": -59.85473196329061, "params": {"C": 49.14784187408283, "epsilon": 2.6566916297147682, "gamma": 0.02399578872132066}, "datetime": {"datetime": "2021-09-29 21:04:28", "elapsed": 544.955219, "delta": 2.962597}}
{"target": -61.45240062313587, "params": {"C": 27.445201707269288, "epsilon": 0.7691413176828897, "gamma": 0.03941470972413462}, "datetime": {"datetime": "2021-09-29 21:04:32", "elapsed": 548.890741, "delta": 3.935522}}
{"target": -58.032313305974384, "params": {"C": 14.544899022729107, "epsilon": 1.0063824388125815, "gamma": 0.02403488742542333}, "datetime": {"datetime": "2021-09-29 21:04:35", "elapsed": 552.085058, "delta": 3.194317}}
{"target": -62.154028248494164, "params": {"C": 57.084489173396264, "epsilon": 1.3553276235931773, "gamma": 0.0461982606764901}, "datetime": {"datetime": "2021-09-29 21:04:37", "elapsed": 554.317766, "delta": 2.232708}}
{"target": -57.177622363579125, "params": {"C": 32.8829922660976, "epsilon": 1.6281555812506923, "gamma": 0.013661445055534445}, "datetime": {"datetime": "2021-09-29 21:04:39", "elapsed": 556.306904, "delta": 1.989138}}
{"target": -59.34290819279213, "params": {"C": 37.0847539900707, "epsilon": 1.9973979533288468, "gamma": 0.02371836128799341}, "datetime": {"datetime": "2021-09-29 21:04:42", "elapsed": 558.506145, "delta": 2.199241}}
{"target": -54.20474068365909, "params": {"C": 11.958695600871279, "epsilon": 1.2041191247174077, "gamma": 0.004295170944115806}, "datetime": {"datetime": "2021-09-29 21:04:43", "elapsed": 560.400991, "delta": 1.894846}}
{"target": -57.77657007169928, "params": {"C": 8.67714832118136, "epsilon": 0.7611705442732793, "gamma": 0.027310208337570568}, "datetime": {"datetime": "2021-09-29 21:04:45", "elapsed": 562.438842, "delta": 2.037851}}
{"target": -60.45418570130828, "params": {"C": 12.756384104188447, "epsilon": 2.76171001766885, "gamma": 0.0465221192508007}, "datetime": {"datetime": "2021-09-29 21:04:47", "elapsed": 564.437433, "delta": 1.998591}}
{"target": -54.310090945021614, "params": {"C": 25.154751018036865, "epsilon": 0.12975993966701768, "gamma": 0.0053388305512864385}, "datetime": {"datetime": "2021-09-29 21:04:50", "elapsed": 567.248786, "delta": 2.811353}}
{"target": -57.745732395308636, "params": {"C": 89.73632674178504, "epsilon": 2.142929377823509, "gamma": 0.011828198401376944}, "datetime": {"datetime": "2021-09-29 21:04:52", "elapsed": 569.2451, "delta": 1.996314}}
{"target": -53.046967483677165, "params": {"C": 55.97444724550855, "epsilon": 1.056272351726443, "gamma": 0.0023114753655273873}, "datetime": {"datetime": "2021-09-29 21:04:56", "elapsed": 572.667728, "delta": 3.422628}}
{"target": -59.42301112369819, "params": {"C": 81.9104613596125, "epsilon": 0.5670792361322315, "gamma": 0.021679886142706065}, "datetime": {"datetime": "2021-09-29 21:04:58", "elapsed": 575.210552, "delta": 2.542824}}
{"target": -53.17529321932839, "params": {"C": 25.17708432870553, "epsilon": 0.83822551477723, "gamma": 0.004456610840011338}, "datetime": {"datetime": "2021-09-29 21:05:00", "elapsed": 577.211537, "delta": 2.000985}}
{"target": -66.4142580607792, "params": {"C": 97.58758316190786, "epsilon": 2.0933160858987123, "gamma": 0.08140334864814358}, "datetime": {"datetime": "2021-09-29 21:05:02", "elapsed": 579.118149, "delta": 1.906612}}
{"target": -59.158996993973524, "params": {"C": 3.1470643375987963, "epsilon": 0.514068376879454, "gamma": 0.018004191761630015}, "datetime": {"datetime": "2021-09-29 21:05:04", "elapsed": 581.279663, "delta": 2.161514}}
{"target": -59.44220332916594, "params": {"C": 14.909198228405272, "epsilon": 1.786133815998953, "gamma": 0.030737934566225176}, "datetime": {"datetime": "2021-09-29 21:05:08", "elapsed": 584.48546, "delta": 3.205797}}
{"target": -59.78545092722918, "params": {"C": 44.747690130255265, "epsilon": 2.6188904378923086, "gamma": 0.024271263676840377}, "datetime": {"datetime": "2021-09-29 21:05:11", "elapsed": 587.8882, "delta": 3.40274}}
{"target": -61.87375234938871, "params": {"C": 79.44644917685827, "epsilon": 2.53192352309371, "gamma": 0.043590679953506205}, "datetime": {"datetime": "2021-09-29 21:05:13", "elapsed": 589.968444, "delta": 2.080244}}
{"target": -63.23946141613842, "params": {"C": 1.8256704502563017, "epsilon": 1.3187229036106807, "gamma": 0.044711090087498795}, "datetime": {"datetime": "2021-09-29 21:05:15", "elapsed": 592.166666, "delta": 2.198222}}
{"target": -61.48090301270474, "params": {"C": 39.36169711908514, "epsilon": 0.7255373931260908, "gamma": 0.040186261076497365}, "datetime": {"datetime": "2021-09-29 21:05:17", "elapsed": 594.171351, "delta": 2.004685}}
{"target": -62.87055069477785, "params": {"C": 29.11409581399678, "epsilon": 1.2525381513395397, "gamma": 0.0578542595719539}, "datetime": {"datetime": "2021-09-29 21:05:19", "elapsed": 596.369033, "delta": 2.197682}}
{"target": -58.996299028583564, "params": {"C": 41.04951985349664, "epsilon": 1.1951788282935605, "gamma": 0.020334012637869162}, "datetime": {"datetime": "2021-09-29 21:05:24", "elapsed": 601.13624, "delta": 4.767207}}
{"target": -61.404507764005814, "params": {"C": 9.87803190428353, "epsilon": 1.7193229263049132, "gamma": 0.06760479005303649}, "datetime": {"datetime": "2021-09-29 21:05:26", "elapsed": 603.111357, "delta": 1.975117}}
