{"target": -55.17977393264935, "params": {"C": 10.210066060416205, "epsilon": 1.5918441569003308, "gamma": 0.04499710366252184}, "datetime": {"datetime": "2021-09-29 21:08:49", "elapsed": 809.380591, "delta": 5.228651}}
{"target": -57.33632231928052, "params": {"C": 34.11763801139892, "epsilon": 2.8459436615543514, "gamma": 0.02984876300277194}, "datetime": {"datetime": "2021-09-29 21:08:51", "elapsed": 811.24091, "delta": 1.860319}}
{"target": -64.55910236975518, "params": {"C": 33.74543125673418, "epsilon": 0.2892665980725554, "gamma": 0.000446018650771747}, "datetime": {"datetime": "2021-09-29 21:08:53", "elapsed": 813.291621, "delta": 2.050711}}
{"target": -55.23268587375285, "params": {"C": 7.502176242615097, "epsilon": 1.0245165579971665, "gamma": 0.047613581440815886}, "datetime": {"datetime": "2021-09-29 21:08:59", "elapsed": 819.579849, "delta": 6.288228}}
{"target": -53.35490426000805, "params": {"C": 7.539465436309856, "epsilon": 0.7754486114750059, "gamma": 0.02944702190924427}, "datetime": {"datetime": "2021-09-29 21:09:03", "elapsed": 823.507255, "delta": 3.927406}}
{"target": -53.763626691405555, "params": {"C": 8.258796618913806, "epsilon": 0.11607477822968912, "gamma": 0.030835546135291467}, "datetime": {"datetime": "2021-09-29 21:09:05", "elapsed": 825.56726, "delta": 2.060005}}
{"target": -55.4773012455271, "params": {"C": 8.166135754783431, "epsilon": 0.29041544490396903, "gamma": 0.048217274521859865}, "datetime": {"datetime": "2021-09-29 21:09:10", "elapsed": 830.48422, "delta": 4.91696}}
{"target": -54.3284117236675, "params": {"C": 6.9647979788470336, "epsilon": 2.0874850889519125, "gamma": 0.035565262518222604}, "datetime": {"datetime": "2021-09-29 21:09:14", "elapsed": 834.753887, "delta": 4.269667}}
{"target": -53.72450560892234, "params": {"C": 8.811867245126779, "epsilon": 1.365768201642757, "gamma": 0.03034058945839104}, "datetime": {"datetime": "2021-09-29 21:09:16", "elapsed": 836.816647, "delta": 2.06276}}
{"target": -53.9289444759255, "params": {"C": 8.350591795081431, "epsilon": 0.0831442994537996, "gamma": 0.03207401284160385}, "datetime": {"datetime": "2021-09-29 21:09:20", "elapsed": 841.019109, "delta": 4.202462}}
{"target": -58.89787708690444, "params": {"C": 55.97735416874617, "epsilon": 0.12988440988122754, "gamma": 0.03779141412481198}, "datetime": {"datetime": "2021-09-29 21:09:22", "elapsed": 843.090416, "delta": 2.071307}}
{"target": -54.5583937668777, "params": {"C": 10.055983221647855, "epsilon": 1.5105641841556638, "gamma": 0.012751981140149143}, "datetime": {"datetime": "2021-09-29 21:09:27", "elapsed": 848.038664, "delta": 4.948248}}
{"target": -59.67825521081721, "params": {"C": 52.69140378974044, "epsilon": 1.623484651003012, "gamma": 0.04866691625708957}, "datetime": {"datetime": "2021-09-29 21:09:30", "elapsed": 850.157994, "delta": 2.11933}}
{"target": -53.79009653872666, "params": {"C": 10.645023989780542, "epsilon": 0.5972068077415109, "gamma": 0.01854385411112168}, "datetime": {"datetime": "2021-09-29 21:09:34", "elapsed": 854.300647, "delta": 4.142653}}
{"target": -73.01616101954485, "params": {"C": 8.257751651730336, "epsilon": 0.02336653741091201, "gamma": 0.0001}, "datetime": {"datetime": "2021-09-29 21:09:38", "elapsed": 858.411707, "delta": 4.11106}}
{"target": -55.29007277242298, "params": {"C": 7.025522179890675, "epsilon": 2.1810430338973683, "gamma": 0.05}, "datetime": {"datetime": "2021-09-29 21:09:42", "elapsed": 862.502894, "delta": 4.091187}}
{"target": -64.96830900659005, "params": {"C": 8.414315816505415, "epsilon": 0.19704697420134357, "gamma": 0.0015326353848246171}, "datetime": {"datetime": "2021-09-29 21:09:47", "elapsed": 867.695224, "delta": 5.19233}}
{"target": -54.415975919139846, "params": {"C": 7.622470873748567, "epsilon": 0.801714136661886, "gamma": 0.03848359870203576}, "datetime": {"datetime": "2021-09-29 21:09:51", "elapsed": 871.928127, "delta": 4.232903}}
{"target": -54.581523234297016, "params": {"C": 7.411035700074905, "epsilon": 1.178804438399347, "gamma": 0.020126981200519416}, "datetime": {"datetime": "2021-09-29 21:09:56", "elapsed": 876.591269, "delta": 4.663142}}
{"target": -54.769986888603675, "params": {"C": 8.282035210019446, "epsilon": 0.18824846223159983, "gamma": 0.042137301673756615}, "datetime": {"datetime": "2021-09-29 21:10:01", "elapsed": 881.207569, "delta": 4.6163}}
{"target": -53.82329235187583, "params": {"C": 10.532234778752606, "epsilon": 0.49609597936509464, "gamma": 0.0234808187699461}, "datetime": {"datetime": "2021-09-29 21:10:05", "elapsed": 885.547409, "delta": 4.33984}}
{"target": -57.33275125476776, "params": {"C": 6.21413239138151, "epsilon": 1.6605625205195484, "gamma": 0.010035722074893465}, "datetime": {"datetime": "2021-09-29 21:10:09", "elapsed": 889.285326, "delta": 3.737917}}
{"target": -54.114105604590456, "params": {"C": 7.229456312973667, "epsilon": 0.39181053931838566, "gamma": 0.03701989101478919}, "datetime": {"datetime": "2021-09-29 21:10:13", "elapsed": 893.54214, "delta": 4.256814}}
{"target": -56.81207013811152, "params": {"C": 31.861918004460186, "epsilon": 0.37617222285889984, "gamma": 0.02223982142185187}, "datetime": {"datetime": "2021-09-29 21:10:15", "elapsed": 895.672166, "delta": 2.130026}}
{"target": -58.67810764948719, "params": {"C": 7.9750963883970085, "epsilon": 0.4242929748492561, "gamma": 0.006070623489395381}, "datetime": {"datetime": "2021-09-29 21:10:21", "elapsed": 901.846041, "delta": 6.173875}}
{"target": -59.66540781389485, "params": {"C": 95.41317617231094, "epsilon": 0.10500366398522619, "gamma": 0.02857649261713493}, "datetime": {"datetime": "2021-09-29 21:10:23", "elapsed": 904.067048, "delta": 2.221007}}
{"target": -55.72917675093537, "params": {"C": 6.591839104001768, "epsilon": 1.9826371684791748, "gamma": 0.015285314107880914}, "datetime": {"datetime": "2021-09-29 21:10:28", "elapsed": 909.068394, "delta": 5.001346}}
{"target": -54.78321321694701, "params": {"C": 10.571756078966297, "epsilon": 0.9406564900855722, "gamma": 0.010770535339510228}, "datetime": {"datetime": "2021-09-29 21:10:34", "elapsed": 914.700221, "delta": 5.631827}}
{"target": -54.34490644571633, "params": {"C": 9.829154750926733, "epsilon": 1.7743811424262226, "gamma": 0.031004392144810787}, "datetime": {"datetime": "2021-09-29 21:10:40", "elapsed": 920.999241, "delta": 6.29902}}
{"target": -54.50210722790677, "params": {"C": 7.731935055852011, "epsilon": 1.3735180933282038, "gamma": 0.020399230400431213}, "datetime": {"datetime": "2021-09-29 21:10:46", "elapsed": 926.270327, "delta": 5.271086}}
{"target": -54.25704290028097, "params": {"C": 10.3354714731209, "epsilon": 0.8940098067757815, "gamma": 0.033974566568749136}, "datetime": {"datetime": "2021-09-29 21:10:52", "elapsed": 932.291696, "delta": 6.021369}}
{"target": -61.670075389676995, "params": {"C": 1.7381377155674556, "epsilon": 1.1485779170032726, "gamma": 0.026847737432391616}, "datetime": {"datetime": "2021-09-29 21:10:54", "elapsed": 934.558429, "delta": 2.266733}}
{"target": -57.43250317425763, "params": {"C": 10.30050924179748, "epsilon": 1.2031018489544487, "gamma": 0.0057444051348659805}, "datetime": {"datetime": "2021-09-29 21:11:00", "elapsed": 940.871485, "delta": 6.313056}}
{"target": -54.03237587128731, "params": {"C": 9.964735755335965, "epsilon": 1.3964976726168647, "gamma": 0.026625582154038045}, "datetime": {"datetime": "2021-09-29 21:11:06", "elapsed": 946.612941, "delta": 5.741456}}
{"target": -56.510537047932615, "params": {"C": 49.61919564718254, "epsilon": 2.958407974924153, "gamma": 0.011669458068209486}, "datetime": {"datetime": "2021-09-29 21:11:08", "elapsed": 948.917731, "delta": 2.30479}}
{"target": -58.93137998467293, "params": {"C": 85.68268255161867, "epsilon": 2.022581712492501, "gamma": 0.027052579365403413}, "datetime": {"datetime": "2021-09-29 21:11:11", "elapsed": 951.219894, "delta": 2.302163}}
{"target": -61.18903619262076, "params": {"C": 7.542042176315368, "epsilon": 1.392219862410063, "gamma": 0.0038182211456573765}, "datetime": {"datetime": "2021-09-29 21:11:15", "elapsed": 955.878324, "delta": 4.65843}}
{"target": -55.45760021443444, "params": {"C": 7.2183371747076155, "epsilon": 0.9423860665699825, "gamma": 0.014024253015828572}, "datetime": {"datetime": "2021-09-29 21:11:21", "elapsed": 961.704227, "delta": 5.825903}}
{"target": -55.56728501845421, "params": {"C": 8.661229382167893, "epsilon": 1.157182786650495, "gamma": 0.045679165688527555}, "datetime": {"datetime": "2021-09-29 21:11:25", "elapsed": 966.052949, "delta": 4.348722}}
{"target": -57.56277865132865, "params": {"C": 48.17009796379984, "epsilon": 0.9124891427736197, "gamma": 0.024864410568158173}, "datetime": {"datetime": "2021-09-29 21:11:28", "elapsed": 968.333714, "delta": 2.280765}}
{"target": -54.64459153831069, "params": {"C": 6.439240938991339, "epsilon": 1.7616965805326592, "gamma": 0.022189176606474795}, "datetime": {"datetime": "2021-09-29 21:11:33", "elapsed": 973.878223, "delta": 5.544509}}
{"target": -55.53743526997527, "params": {"C": 11.041832821785864, "epsilon": 0.26849580341495927, "gamma": 0.04912693692446955}, "datetime": {"datetime": "2021-09-29 21:11:39", "elapsed": 979.770211, "delta": 5.891988}}
{"target": -54.91702830461027, "params": {"C": 7.6912601257732, "epsilon": 1.4754458977839155, "gamma": 0.04287035664382091}, "datetime": {"datetime": "2021-09-29 21:11:44", "elapsed": 985.108325, "delta": 5.338114}}
{"target": -60.31336357981869, "params": {"C": 8.621643236521617, "epsilon": 1.619213835660462, "gamma": 0.0036543149397513203}, "datetime": {"datetime": "2021-09-29 21:11:52", "elapsed": 993.058006, "delta": 7.949681}}
{"target": -56.82140077102558, "params": {"C": 77.734839736028, "epsilon": 0.7573343689545265, "gamma": 0.010540909146363938}, "datetime": {"datetime": "2021-09-29 21:11:55", "elapsed": 995.212126, "delta": 2.15412}}
{"target": -55.10398265268361, "params": {"C": 7.043216413595973, "epsilon": 0.4699017696258958, "gamma": 0.04789298912160826}, "datetime": {"datetime": "2021-09-29 21:12:00", "elapsed": 1000.310079, "delta": 5.097953}}
{"target": -55.05053645209873, "params": {"C": 8.367762566839371, "epsilon": 0.8814215708505388, "gamma": 0.04137036016080031}, "datetime": {"datetime": "2021-09-29 21:12:04", "elapsed": 1004.671643, "delta": 4.361564}}
{"target": -54.70781054407866, "params": {"C": 6.549949279940792, "epsilon": 1.8174373879997678, "gamma": 0.044724912344741644}, "datetime": {"datetime": "2021-09-29 21:12:08", "elapsed": 1008.42059, "delta": 3.748947}}
{"target": -55.730321810704176, "params": {"C": 7.414490041007922, "epsilon": 0.7287828947532289, "gamma": 0.011014807201096597}, "datetime": {"datetime": "2021-09-29 21:12:14", "elapsed": 1014.411252, "delta": 5.990662}}
{"target": -54.12583111131377, "params": {"C": 8.511683972031747, "epsilon": 1.627051229037844, "gamma": 0.03579384358125032}, "datetime": {"datetime": "2021-09-29 21:12:19", "elapsed": 1019.287082, "delta": 4.87583}}
{"target": -54.04370841360353, "params": {"C": 10.128461636796892, "epsilon": 0.9860504257241041, "gamma": 0.02868902666000509}, "datetime": {"datetime": "2021-09-29 21:12:25", "elapsed": 1025.77692, "delta": 6.489838}}
{"target": -57.98664830945999, "params": {"C": 93.91656605822543, "epsilon": 1.3553529745201496, "gamma": 0.013536740069274059}, "datetime": {"datetime": "2021-09-29 21:12:27", "elapsed": 1027.81757, "delta": 2.04065}}
{"target": -54.11159652653846, "params": {"C": 10.335442170817322, "epsilon": 0.8950975514904668, "gamma": 0.03220359123081564}, "datetime": {"datetime": "2021-09-29 21:12:29", "elapsed": 1030.015204, "delta": 2.197634}}
{"target": -56.913685846480845, "params": {"C": 57.470266781181415, "epsilon": 1.0550233455079263, "gamma": 0.013931384085200418}, "datetime": {"datetime": "2021-09-29 21:12:32", "elapsed": 1032.174763, "delta": 2.159559}}
{"target": -58.65897539265107, "params": {"C": 7.996015480967039, "epsilon": 0.2784475039267518, "gamma": 0.005838212890824907}, "datetime": {"datetime": "2021-09-29 21:12:35", "elapsed": 1036.0107, "delta": 3.835937}}
{"target": -54.62636983297908, "params": {"C": 11.235316041746632, "epsilon": 0.2975454194678048, "gamma": 0.03848824890546741}, "datetime": {"datetime": "2021-09-29 21:12:40", "elapsed": 1040.298495, "delta": 4.287795}}
{"target": -55.28067039634366, "params": {"C": 10.90404330215081, "epsilon": 0.8583561325437596, "gamma": 0.046161399013719816}, "datetime": {"datetime": "2021-09-29 21:12:44", "elapsed": 1044.621795, "delta": 4.3233}}
{"target": -57.48425523222471, "params": {"C": 40.95124621826549, "epsilon": 1.1144421459967981, "gamma": 0.027212407607730187}, "datetime": {"datetime": "2021-09-29 21:12:46", "elapsed": 1046.838057, "delta": 2.216262}}
{"target": -54.1019269239063, "params": {"C": 7.816355072201032, "epsilon": 0.823591197675558, "gamma": 0.03571299714986768}, "datetime": {"datetime": "2021-09-29 21:12:52", "elapsed": 1052.501044, "delta": 5.662987}}
{"target": -59.891891842480206, "params": {"C": 91.47234302525693, "epsilon": 1.1689728977426561, "gamma": 0.03241342761934339}, "datetime": {"datetime": "2021-09-29 21:12:54", "elapsed": 1054.609263, "delta": 2.108219}}
{"target": -55.08418363326846, "params": {"C": 10.34201759289923, "epsilon": 1.385177015797974, "gamma": 0.043910189845387845}, "datetime": {"datetime": "2021-09-29 21:13:00", "elapsed": 1060.914094, "delta": 6.304831}}
{"target": -54.57564092651852, "params": {"C": 10.611089733944274, "epsilon": 0.41094490562545893, "gamma": 0.011553857799825958}, "datetime": {"datetime": "2021-09-29 21:13:04", "elapsed": 1064.586838, "delta": 3.672744}}
{"target": -54.19745224513149, "params": {"C": 9.965311074878716, "epsilon": 1.2837484351501218, "gamma": 0.034475336995032205}, "datetime": {"datetime": "2021-09-29 21:13:09", "elapsed": 1069.492552, "delta": 4.905714}}
{"target": -60.11464262059013, "params": {"C": 87.77163105268728, "epsilon": 1.0887590055309346, "gamma": 0.03751629603798843}, "datetime": {"datetime": "2021-09-29 21:13:11", "elapsed": 1071.717947, "delta": 2.225395}}
{"target": -65.69867899320724, "params": {"C": 6.080127677444882, "epsilon": 1.085079759355437, "gamma": 0.0019523797680591863}, "datetime": {"datetime": "2021-09-29 21:13:15", "elapsed": 1075.998738, "delta": 4.280791}}
{"target": -56.64800567918961, "params": {"C": 40.0040449237937, "epsilon": 2.417233223366464, "gamma": 0.001665532814338676}, "datetime": {"datetime": "2021-09-29 21:13:18", "elapsed": 1078.317267, "delta": 2.318529}}
{"target": -59.8971782447497, "params": {"C": 56.59733983865975, "epsilon": 0.5986158868386284, "gamma": 0.04815753188897632}, "datetime": {"datetime": "2021-09-29 21:13:20", "elapsed": 1080.53534, "delta": 2.218073}}
{"target": -63.3374764854351, "params": {"C": 5.941626062784819, "epsilon": 1.0050585398414675, "gamma": 0.003778350506027252}, "datetime": {"datetime": "2021-09-29 21:13:24", "elapsed": 1084.536369, "delta": 4.001029}}
{"target": -56.212198552427296, "params": {"C": 6.308310408922998, "epsilon": 1.1198772231247023, "gamma": 0.012722684590571397}, "datetime": {"datetime": "2021-09-29 21:13:30", "elapsed": 1090.982715, "delta": 6.446346}}
{"target": -53.98007794009679, "params": {"C": 10.169323958078037, "epsilon": 0.7940035330464636, "gamma": 0.0268863977811674}, "datetime": {"datetime": "2021-09-29 21:13:35", "elapsed": 1095.668281, "delta": 4.685566}}
{"target": -57.554495677643324, "params": {"C": 46.258856906693275, "epsilon": 2.4948631666192083, "gamma": 0.02408820562501613}, "datetime": {"datetime": "2021-09-29 21:13:37", "elapsed": 1098.011494, "delta": 2.343213}}
{"target": -58.72535393893112, "params": {"C": 10.773683958231125, "epsilon": 0.9357590206338671, "gamma": 0.004041685042900923}, "datetime": {"datetime": "2021-09-29 21:13:42", "elapsed": 1102.159272, "delta": 4.147778}}
{"target": -62.8066478848387, "params": {"C": 7.57869045260366, "epsilon": 1.2317209519576082, "gamma": 0.0031960098175379393}, "datetime": {"datetime": "2021-09-29 21:13:46", "elapsed": 1106.471851, "delta": 4.312579}}
{"target": -55.23222134485035, "params": {"C": 10.575169646007806, "epsilon": 0.864180147662561, "gamma": 0.04656899314519274}, "datetime": {"datetime": "2021-09-29 21:13:51", "elapsed": 1111.959882, "delta": 5.488031}}
{"target": -54.81813535236019, "params": {"C": 8.139386139123804, "epsilon": 0.6444070615573073, "gamma": 0.04055346197544384}, "datetime": {"datetime": "2021-09-29 21:13:56", "elapsed": 1116.503051, "delta": 4.543169}}
{"target": -54.788141435793214, "params": {"C": 6.207925675547036, "epsilon": 1.1920753828634374, "gamma": 0.021404700511679912}, "datetime": {"datetime": "2021-09-29 21:14:01", "elapsed": 1121.26716, "delta": 4.764109}}
{"target": -55.43560936060721, "params": {"C": 7.668959380925164, "epsilon": 0.6349543895800386, "gamma": 0.049176899223559}, "datetime": {"datetime": "2021-09-29 21:14:06", "elapsed": 1127.003884, "delta": 5.736724}}
{"target": -55.04671813190451, "params": {"C": 10.197552784344165, "epsilon": 1.3810355896316222, "gamma": 0.044034584434664265}, "datetime": {"datetime": "2021-09-29 21:14:16", "elapsed": 1136.300575, "delta": 9.296691}}
{"target": -54.20881778138443, "params": {"C": 7.3695176589461635, "epsilon": 0.9956720128135538, "gamma": 0.03753153802398369}, "datetime": {"datetime": "2021-09-29 21:14:20", "elapsed": 1140.430142, "delta": 4.129567}}
{"target": -56.910084460462926, "params": {"C": 91.99048023693035, "epsilon": 1.0448536748417399, "gamma": 0.009344243348956916}, "datetime": {"datetime": "2021-09-29 21:14:22", "elapsed": 1142.856809, "delta": 2.426667}}
{"target": -55.271610019513126, "params": {"C": 7.627118058702405, "epsilon": 1.3459929420527166, "gamma": 0.04679357120768377}, "datetime": {"datetime": "2021-09-29 21:14:29", "elapsed": 1149.846818, "delta": 6.990009}}
{"target": -57.03069712386177, "params": {"C": 62.37778652843482, "epsilon": 0.3162328630001147, "gamma": 0.014686688297317589}, "datetime": {"datetime": "2021-09-29 21:14:32", "elapsed": 1152.168583, "delta": 2.321765}}
{"target": -58.8444926487829, "params": {"C": 7.1465324094782545, "epsilon": 0.47591448321947755, "gamma": 0.005648731065473016}, "datetime": {"datetime": "2021-09-29 21:14:36", "elapsed": 1156.2479, "delta": 4.079317}}
{"target": -54.586325816468275, "params": {"C": 7.406804574867326, "epsilon": 0.872743295972074, "gamma": 0.018533717253100657}, "datetime": {"datetime": "2021-09-29 21:14:40", "elapsed": 1160.678198, "delta": 4.430298}}
{"target": -59.18479197979675, "params": {"C": 89.04391210997352, "epsilon": 2.5869849531400413, "gamma": 0.03093696470857882}, "datetime": {"datetime": "2021-09-29 21:14:42", "elapsed": 1162.963439, "delta": 2.285241}}
{"target": -54.05416263213076, "params": {"C": 10.762464005885345, "epsilon": 0.7764139205797241, "gamma": 0.012980165506404118}, "datetime": {"datetime": "2021-09-29 21:14:48", "elapsed": 1168.1882, "delta": 5.224761}}
{"target": -54.414034825322034, "params": {"C": 10.033998593262906, "epsilon": 1.3364544519056518, "gamma": 0.03757709351133419}, "datetime": {"datetime": "2021-09-29 21:14:51", "elapsed": 1171.83192, "delta": 3.64372}}
{"target": -55.4941332449912, "params": {"C": 7.709532599605471, "epsilon": 0.9904583884560638, "gamma": 0.049569303712817786}, "datetime": {"datetime": "2021-09-29 21:14:58", "elapsed": 1178.791155, "delta": 6.959235}}
{"target": -56.35380369253542, "params": {"C": 55.60826253992587, "epsilon": 0.8357631427113866, "gamma": 0.01013327853783027}, "datetime": {"datetime": "2021-09-29 21:15:00", "elapsed": 1181.02987, "delta": 2.238715}}
{"target": -55.499000190470404, "params": {"C": 10.54097167135909, "epsilon": 0.5535501469607789, "gamma": 0.04891925911863256}, "datetime": {"datetime": "2021-09-29 21:15:08", "elapsed": 1188.806806, "delta": 7.776936}}
{"target": -55.723090305109615, "params": {"C": 26.6250082453801, "epsilon": 2.8010738327094553, "gamma": 0.017120938256925945}, "datetime": {"datetime": "2021-09-29 21:15:14", "elapsed": 1194.912044, "delta": 6.105238}}
{"target": -57.387324956255206, "params": {"C": 8.031440182506326, "epsilon": 0.5834795479554399, "gamma": 0.007634521280971202}, "datetime": {"datetime": "2021-09-29 21:15:20", "elapsed": 1200.608831, "delta": 5.696787}}
{"target": -54.779780752095064, "params": {"C": 10.446073787010729, "epsilon": 0.4382590159679381, "gamma": 0.011248954587062083}, "datetime": {"datetime": "2021-09-29 21:15:27", "elapsed": 1207.731526, "delta": 7.122695}}
{"target": -63.97480464680475, "params": {"C": 7.29189448343367, "epsilon": 0.852079023107637, "gamma": 0.002243692065277102}, "datetime": {"datetime": "2021-09-29 21:15:32", "elapsed": 1213.114823, "delta": 5.383297}}
{"target": -55.06385325248372, "params": {"C": 13.006550221276841, "epsilon": 0.18265196832980496, "gamma": 0.030450059053452303}, "datetime": {"datetime": "2021-09-29 21:15:35", "elapsed": 1215.426987, "delta": 2.312164}}
{"target": -56.82966498473409, "params": {"C": 75.785123043296, "epsilon": 1.4983273788554539, "gamma": 0.010545587558469844}, "datetime": {"datetime": "2021-09-29 21:15:37", "elapsed": 1217.847362, "delta": 2.420375}}
{"target": -57.056439365815656, "params": {"C": 7.164260914182309, "epsilon": 0.7523280016753653, "gamma": 0.009313787082802156}, "datetime": {"datetime": "2021-09-29 21:15:42", "elapsed": 1222.455465, "delta": 4.608103}}
{"target": -53.85426564717463, "params": {"C": 8.336879211756198, "epsilon": 1.0632811071475465, "gamma": 0.022368307873767226}, "datetime": {"datetime": "2021-09-29 21:15:45", "elapsed": 1225.991816, "delta": 3.536351}}
{"target": -54.146103704906615, "params": {"C": 10.15789944870954, "epsilon": 0.8823941329450955, "gamma": 0.01422910912850012}, "datetime": {"datetime": "2021-09-29 21:15:50", "elapsed": 1231.04851, "delta": 5.056694}}
{"target": -73.06362458849253, "params": {"C": 10.702877049939445, "epsilon": 0.503152634056718, "gamma": 0.0001}, "datetime": {"datetime": "2021-09-29 21:15:57", "elapsed": 1237.996407, "delta": 6.947897}}
