{"target": -59.2999282409428, "params": {"C": 118.02869892389684, "epsilon": 2.244184761761533, "gamma": 0.02291848349748639}, "datetime": {"datetime": "2021-09-29 21:27:42", "elapsed": 189.204073, "delta": 1.14264}}
{"target": -58.97218665492987, "params": {"C": 133.22694686686395, "epsilon": 2.4276145298472636, "gamma": 0.01823710278123541}, "datetime": {"datetime": "2021-09-29 21:27:43", "elapsed": 190.266698, "delta": 1.062625}}
{"target": -56.03609966362198, "params": {"C": 129.0526361039916, "epsilon": 2.5132429015876308, "gamma": 0.0025056597867576208}, "datetime": {"datetime": "2021-09-29 21:27:44", "elapsed": 191.329381, "delta": 1.062683}}
{"target": -57.09897773751923, "params": {"C": 110.00166557219258, "epsilon": 1.5414614629989922, "gamma": 0.008011137993389395}, "datetime": {"datetime": "2021-09-29 21:27:46", "elapsed": 192.754378, "delta": 1.424997}}
{"target": -58.870235584551665, "params": {"C": 148.44175369375995, "epsilon": 2.7904582424960926, "gamma": 0.015465947650659622}, "datetime": {"datetime": "2021-09-29 21:27:47", "elapsed": 194.159384, "delta": 1.405006}}
{"target": -58.339036281018494, "params": {"C": 122.64026604719504, "epsilon": 1.1991057566525603, "gamma": 0.015352547197578259}, "datetime": {"datetime": "2021-09-29 21:27:49", "elapsed": 195.673495, "delta": 1.514111}}
{"target": -61.58863943765085, "params": {"C": 199.98721761523367, "epsilon": 0.022971834288404942, "gamma": 0.03934109698063382}, "datetime": {"datetime": "2021-09-29 21:27:50", "elapsed": 196.802775, "delta": 1.12928}}
{"target": -57.98454093993016, "params": {"C": 148.61924483262783, "epsilon": 2.6885046589616057, "gamma": 0.009487959816314074}, "datetime": {"datetime": "2021-09-29 21:27:52", "elapsed": 198.432774, "delta": 1.629999}}
{"target": -59.570076580076446, "params": {"C": 150.24471896865757, "epsilon": 0.5431002340620791, "gamma": 0.019205683324550107}, "datetime": {"datetime": "2021-09-29 21:27:53", "elapsed": 199.567807, "delta": 1.135033}}
{"target": -58.097996284510856, "params": {"C": 149.1816521006059, "epsilon": 0.43911266342520777, "gamma": 0.00953520293405024}, "datetime": {"datetime": "2021-09-29 21:27:54", "elapsed": 200.555917, "delta": 0.98811}}
{"target": -58.14160336143851, "params": {"C": 172.78606447201338, "epsilon": 0.15911414664037174, "gamma": 0.007781950044175822}, "datetime": {"datetime": "2021-09-29 21:27:55", "elapsed": 201.77192, "delta": 1.216003}}
{"target": -59.67688772582574, "params": {"C": 188.92227362262395, "epsilon": 1.5992852560219981, "gamma": 0.01889727563006027}, "datetime": {"datetime": "2021-09-29 21:27:56", "elapsed": 202.866759, "delta": 1.094839}}
{"target": -55.982496858074285, "params": {"C": 159.92885771233856, "epsilon": 1.987834943664425, "gamma": 0.0020369977681862924}, "datetime": {"datetime": "2021-09-29 21:27:57", "elapsed": 204.309351, "delta": 1.442592}}
{"target": -57.54810466061616, "params": {"C": 117.95666396924257, "epsilon": 1.035863817105741, "gamma": 0.009124823412528363}, "datetime": {"datetime": "2021-09-29 21:27:59", "elapsed": 206.003037, "delta": 1.693686}}
{"target": -56.741886500752024, "params": {"C": 147.19241992561007, "epsilon": 2.4459842609822173, "gamma": 0.004525093865338093}, "datetime": {"datetime": "2021-09-29 21:28:01", "elapsed": 207.593362, "delta": 1.590325}}
{"target": -58.969209180976975, "params": {"C": 147.2551265085758, "epsilon": 2.41006862959301, "gamma": 0.01594000612775304}, "datetime": {"datetime": "2021-09-29 21:28:02", "elapsed": 208.787353, "delta": 1.193991}}
{"target": -58.5218511837864, "params": {"C": 161.97922376099984, "epsilon": 0.8367712985952638, "gamma": 0.012131878331866056}, "datetime": {"datetime": "2021-09-29 21:28:03", "elapsed": 210.281232, "delta": 1.493879}}
{"target": -55.591909023751754, "params": {"C": 110.02131494691574, "epsilon": 1.5240613939231735, "gamma": 0.0026389590381153513}, "datetime": {"datetime": "2021-09-29 21:28:05", "elapsed": 211.807474, "delta": 1.526242}}
{"target": -61.13471407408798, "params": {"C": 152.80660441436982, "epsilon": 2.9298732176766022, "gamma": 0.03815426767935991}, "datetime": {"datetime": "2021-09-29 21:28:06", "elapsed": 212.994604, "delta": 1.18713}}
{"target": -59.81202872325281, "params": {"C": 103.77602124326536, "epsilon": 1.8102282931730964, "gamma": 0.033314136945186076}, "datetime": {"datetime": "2021-09-29 21:28:07", "elapsed": 214.390218, "delta": 1.395614}}
{"target": -59.00665940226039, "params": {"C": 136.43598061223062, "epsilon": 1.773539343520679, "gamma": 0.01722387107056311}, "datetime": {"datetime": "2021-09-29 21:28:09", "elapsed": 216.191732, "delta": 1.801514}}
{"target": -58.07980098502, "params": {"C": 117.95816074055206, "epsilon": 1.0740239428639653, "gamma": 0.010683352325578268}, "datetime": {"datetime": "2021-09-29 21:28:11", "elapsed": 217.829377, "delta": 1.637645}}
{"target": -60.18370460909027, "params": {"C": 144.1003946558197, "epsilon": 0.22600598311775077, "gamma": 0.02296074442160024}, "datetime": {"datetime": "2021-09-29 21:28:12", "elapsed": 219.022762, "delta": 1.193385}}
{"target": -58.43935696532414, "params": {"C": 114.92118544612731, "epsilon": 2.2714001098759162, "gamma": 0.016510624578973617}, "datetime": {"datetime": "2021-09-29 21:28:13", "elapsed": 220.222439, "delta": 1.199677}}
{"target": -56.54977215974939, "params": {"C": 124.39239293470774, "epsilon": 0.10253345910983028, "gamma": 0.006703805501542219}, "datetime": {"datetime": "2021-09-29 21:28:15", "elapsed": 221.694593, "delta": 1.472154}}
{"target": -58.05347211869254, "params": {"C": 112.52341457543007, "epsilon": 1.9017026421705534, "gamma": 0.013151381416780579}, "datetime": {"datetime": "2021-09-29 21:28:17", "elapsed": 223.442734, "delta": 1.748141}}
{"target": -61.2793058459625, "params": {"C": 122.84442354069867, "epsilon": 2.1017695495004793, "gamma": 0.0494423335169628}, "datetime": {"datetime": "2021-09-29 21:28:18", "elapsed": 224.672089, "delta": 1.229355}}
{"target": -56.787990132676704, "params": {"C": 112.53905623272783, "epsilon": 1.9030866527032533, "gamma": 0.006107932982186631}, "datetime": {"datetime": "2021-09-29 21:28:19", "elapsed": 226.407088, "delta": 1.734999}}
{"target": -56.95968443500297, "params": {"C": 129.05711854506256, "epsilon": 2.5151315626334134, "gamma": 0.006024154140142406}, "datetime": {"datetime": "2021-09-29 21:28:21", "elapsed": 227.569686, "delta": 1.162598}}
{"target": -59.02796749889052, "params": {"C": 110.32862784337888, "epsilon": 2.1944201372562855, "gamma": 0.02264902681838777}, "datetime": {"datetime": "2021-09-29 21:28:22", "elapsed": 229.171236, "delta": 1.60155}}
{"target": -61.27784343920338, "params": {"C": 154.596118123539, "epsilon": 1.9566074344480964, "gamma": 0.043551675356526605}, "datetime": {"datetime": "2021-09-29 21:28:23", "elapsed": 230.405933, "delta": 1.234697}}
{"target": -60.06016775266889, "params": {"C": 192.85354289430632, "epsilon": 0.37994389460219286, "gamma": 0.01821078076320069}, "datetime": {"datetime": "2021-09-29 21:28:26", "elapsed": 232.425424, "delta": 2.019491}}
{"target": -56.863579151132434, "params": {"C": 112.54819353694296, "epsilon": 1.8951892782801332, "gamma": 0.006562463020815964}, "datetime": {"datetime": "2021-09-29 21:28:27", "elapsed": 234.127063, "delta": 1.701639}}
{"target": -61.302588168785654, "params": {"C": 184.8405566907311, "epsilon": 2.159849654912292, "gamma": 0.03309479733075316}, "datetime": {"datetime": "2021-09-29 21:28:29", "elapsed": 235.478338, "delta": 1.351275}}
{"target": -58.86865995694056, "params": {"C": 103.14790227159408, "epsilon": 2.0211179726970494, "gamma": 0.022276269757907075}, "datetime": {"datetime": "2021-09-29 21:28:30", "elapsed": 236.739612, "delta": 1.261274}}
{"target": -57.481243940021784, "params": {"C": 104.73264699150752, "epsilon": 2.609202382995116, "gamma": 0.010098201257035682}, "datetime": {"datetime": "2021-09-29 21:28:32", "elapsed": 238.43862, "delta": 1.699008}}
{"target": -58.95032889457421, "params": {"C": 114.5315613680844, "epsilon": 2.383057117456983, "gamma": 0.02246324887019075}, "datetime": {"datetime": "2021-09-29 21:28:33", "elapsed": 239.7564, "delta": 1.31778}}
{"target": -58.019578501209104, "params": {"C": 147.1959519921538, "epsilon": 2.473371080443865, "gamma": 0.009468632665011571}, "datetime": {"datetime": "2021-09-29 21:28:34", "elapsed": 241.342769, "delta": 1.586369}}
{"target": -59.27294950201977, "params": {"C": 126.32290105834672, "epsilon": 2.561836724772556, "gamma": 0.024558821135729835}, "datetime": {"datetime": "2021-09-29 21:28:36", "elapsed": 242.692771, "delta": 1.350002}}
{"target": -61.12784355993474, "params": {"C": 122.81745443471706, "epsilon": 2.203291737087378, "gamma": 0.04538072747105545}, "datetime": {"datetime": "2021-09-29 21:28:37", "elapsed": 243.960732, "delta": 1.267961}}
{"target": -60.18123266023847, "params": {"C": 127.88365354391759, "epsilon": 0.6475747550852883, "gamma": 0.026285572692064243}, "datetime": {"datetime": "2021-09-29 21:28:38", "elapsed": 245.2845, "delta": 1.323768}}
{"target": -61.385390173845046, "params": {"C": 159.79682714051188, "epsilon": 0.13300659256873557, "gamma": 0.04345855677885861}, "datetime": {"datetime": "2021-09-29 21:28:40", "elapsed": 246.607498, "delta": 1.322998}}
{"target": -56.5484355742239, "params": {"C": 129.0363174746056, "epsilon": 2.4964710380507302, "gamma": 0.004366689094217802}, "datetime": {"datetime": "2021-09-29 21:28:42", "elapsed": 248.514044, "delta": 1.906546}}
{"target": -66.25211978032569, "params": {"C": 103.79419561578078, "epsilon": 1.8039899285768382, "gamma": 0.0001}, "datetime": {"datetime": "2021-09-29 21:28:44", "elapsed": 250.772672, "delta": 2.258628}}
{"target": -54.91663564366216, "params": {"C": 145.1702825381153, "epsilon": 2.458779896165536, "gamma": 0.0011469862758389808}, "datetime": {"datetime": "2021-09-29 21:28:46", "elapsed": 252.518663, "delta": 1.745991}}
{"target": -58.73123127467681, "params": {"C": 129.2006367846105, "epsilon": 0.27882025990741016, "gamma": 0.01611100950696655}, "datetime": {"datetime": "2021-09-29 21:28:47", "elapsed": 253.90882, "delta": 1.390157}}
{"target": -59.96906796891592, "params": {"C": 113.63624568600598, "epsilon": 1.1175155131717338, "gamma": 0.02816039031865595}, "datetime": {"datetime": "2021-09-29 21:28:48", "elapsed": 255.301157, "delta": 1.392337}}
{"target": -59.73616726992458, "params": {"C": 122.63294098216063, "epsilon": 1.1600374206106834, "gamma": 0.02407852658315367}, "datetime": {"datetime": "2021-09-29 21:28:50", "elapsed": 257.048619, "delta": 1.747462}}
{"target": -56.895073805393494, "params": {"C": 101.28479974126931, "epsilon": 2.6174619387033147, "gamma": 0.007310826708897481}, "datetime": {"datetime": "2021-09-29 21:28:52", "elapsed": 258.44862, "delta": 1.400001}}
{"target": -61.203154907769274, "params": {"C": 137.40276687343797, "epsilon": 1.0919671195609628, "gamma": 0.04692719347678109}, "datetime": {"datetime": "2021-09-29 21:28:53", "elapsed": 259.847391, "delta": 1.398771}}
{"target": -56.2612567742859, "params": {"C": 109.07918486227537, "epsilon": 1.8645043147608875, "gamma": 0.003817829967971802}, "datetime": {"datetime": "2021-09-29 21:28:55", "elapsed": 261.812722, "delta": 1.965331}}
{"target": -59.34927139008476, "params": {"C": 107.46776524304168, "epsilon": 0.13828420535418007, "gamma": 0.023295890940498918}, "datetime": {"datetime": "2021-09-29 21:28:57", "elapsed": 264.025917, "delta": 2.213195}}
{"target": -60.43605791186336, "params": {"C": 161.38996592154456, "epsilon": 1.308341877401609, "gamma": 0.024774071759676695}, "datetime": {"datetime": "2021-09-29 21:28:59", "elapsed": 265.521742, "delta": 1.495825}}
{"target": -61.33314084504171, "params": {"C": 164.3173564514138, "epsilon": 0.8617205666071936, "gamma": 0.03458535813632433}, "datetime": {"datetime": "2021-09-29 21:29:00", "elapsed": 266.882995, "delta": 1.361253}}
{"target": -58.386040982400175, "params": {"C": 172.7993218355266, "epsilon": 0.16406551545305373, "gamma": 0.009571889625984686}, "datetime": {"datetime": "2021-09-29 21:29:02", "elapsed": 268.845352, "delta": 1.962357}}
{"target": -59.45948246355608, "params": {"C": 192.8865130821787, "epsilon": 0.3843021206836596, "gamma": 0.014424951679338063}, "datetime": {"datetime": "2021-09-29 21:29:04", "elapsed": 270.915187, "delta": 2.069835}}
{"target": -58.32309252992861, "params": {"C": 122.63051670121817, "epsilon": 1.2094081089654218, "gamma": 0.013142307707518312}, "datetime": {"datetime": "2021-09-29 21:29:06", "elapsed": 273.293503, "delta": 2.378316}}
{"target": -57.725595598672086, "params": {"C": 103.81236711170543, "epsilon": 1.8012817825542995, "gamma": 0.010554623729615319}, "datetime": {"datetime": "2021-09-29 21:29:08", "elapsed": 275.195763, "delta": 1.90226}}
{"target": -60.48280367918393, "params": {"C": 100.9131146892251, "epsilon": 0.6924476056102004, "gamma": 0.03603416081314944}, "datetime": {"datetime": "2021-09-29 21:29:10", "elapsed": 276.817759, "delta": 1.621996}}
{"target": -58.940206902464176, "params": {"C": 164.95991402743817, "epsilon": 2.4945002384131714, "gamma": 0.016062345230765593}, "datetime": {"datetime": "2021-09-29 21:29:12", "elapsed": 278.877767, "delta": 2.060008}}
{"target": -58.98967808138611, "params": {"C": 135.7609551266093, "epsilon": 2.2741433871634102, "gamma": 0.018346744444647026}, "datetime": {"datetime": "2021-09-29 21:29:14", "elapsed": 280.628463, "delta": 1.750696}}
{"target": -60.854554911917305, "params": {"C": 149.63995151075346, "epsilon": 1.8641271954194762, "gamma": 0.0323284844833364}, "datetime": {"datetime": "2021-09-29 21:29:15", "elapsed": 282.179227, "delta": 1.550764}}
{"target": -60.737337176941196, "params": {"C": 185.55247609426397, "epsilon": 1.2743699770640438, "gamma": 0.023579793010021447}, "datetime": {"datetime": "2021-09-29 21:29:17", "elapsed": 283.609077, "delta": 1.42985}}
{"target": -56.73059787952172, "params": {"C": 110.00865397339238, "epsilon": 1.536323571781272, "gamma": 0.006007015270901782}, "datetime": {"datetime": "2021-09-29 21:29:19", "elapsed": 285.950315, "delta": 2.341238}}
{"target": -58.16693660696459, "params": {"C": 145.18784396168576, "epsilon": 2.4441353778362025, "gamma": 0.010328803762093745}, "datetime": {"datetime": "2021-09-29 21:29:21", "elapsed": 287.943376, "delta": 1.993061}}
{"target": -58.990532044071855, "params": {"C": 145.17577661956574, "epsilon": 2.4442949726263112, "gamma": 0.016912918292428244}, "datetime": {"datetime": "2021-09-29 21:29:23", "elapsed": 289.712822, "delta": 1.769446}}
{"target": -58.56561587530288, "params": {"C": 130.7374089137726, "epsilon": 2.6650191428522896, "gamma": 0.015601286286451648}, "datetime": {"datetime": "2021-09-29 21:29:25", "elapsed": 291.924739, "delta": 2.211917}}
{"target": -58.16361137632706, "params": {"C": 113.99060259115075, "epsilon": 1.5324282934753153, "gamma": 0.012613227725771095}, "datetime": {"datetime": "2021-09-29 21:29:26", "elapsed": 293.36604, "delta": 1.441301}}
{"target": -61.36162465285222, "params": {"C": 194.50251638161825, "epsilon": 0.1727131249654745, "gamma": 0.03611754791695314}, "datetime": {"datetime": "2021-09-29 21:29:28", "elapsed": 294.97394, "delta": 1.6079}}
{"target": -56.98751427824658, "params": {"C": 128.9155532427902, "epsilon": 2.5668809427030066, "gamma": 0.005871362460763537}, "datetime": {"datetime": "2021-09-29 21:29:30", "elapsed": 296.986744, "delta": 2.012804}}
{"target": -56.4643421933091, "params": {"C": 167.06767102709196, "epsilon": 2.3888151964574367, "gamma": 0.0028902773743764197}, "datetime": {"datetime": "2021-09-29 21:29:32", "elapsed": 298.523705, "delta": 1.536961}}
{"target": -59.368812833485194, "params": {"C": 162.00685761860754, "epsilon": 0.8229086032908901, "gamma": 0.016551348389385344}, "datetime": {"datetime": "2021-09-29 21:29:34", "elapsed": 300.478585, "delta": 1.95488}}
{"target": -59.83623381335102, "params": {"C": 113.46534168351039, "epsilon": 1.5390332273845444, "gamma": 0.027827605594193897}, "datetime": {"datetime": "2021-09-29 21:29:36", "elapsed": 302.674974, "delta": 2.196389}}
{"target": -61.43767472370997, "params": {"C": 178.87518342519894, "epsilon": 0.47657289943850306, "gamma": 0.031470177425309866}, "datetime": {"datetime": "2021-09-29 21:29:37", "elapsed": 304.257485, "delta": 1.582511}}
{"target": -59.12855972289044, "params": {"C": 188.37106769425924, "epsilon": 1.6704366725727229, "gamma": 0.016091393098687543}, "datetime": {"datetime": "2021-09-29 21:29:39", "elapsed": 305.746343, "delta": 1.488858}}
{"target": -59.07907347601664, "params": {"C": 185.21666191047655, "epsilon": 1.9362094808581793, "gamma": 0.017381101539902417}, "datetime": {"datetime": "2021-09-29 21:29:40", "elapsed": 307.281899, "delta": 1.535556}}
{"target": -55.367037641416694, "params": {"C": 106.33123387958784, "epsilon": 2.81857447192362, "gamma": 0.0021367102452325283}, "datetime": {"datetime": "2021-09-29 21:29:42", "elapsed": 309.029583, "delta": 1.747684}}
{"target": -58.3017257136008, "params": {"C": 113.24253908451082, "epsilon": 1.3353747884323748, "gamma": 0.01597923026173507}, "datetime": {"datetime": "2021-09-29 21:29:45", "elapsed": 311.49012, "delta": 2.460537}}
{"target": -58.75892858047932, "params": {"C": 117.16595933597895, "epsilon": 2.99480505766839, "gamma": 0.018443300698620248}, "datetime": {"datetime": "2021-09-29 21:29:46", "elapsed": 313.023303, "delta": 1.533183}}
{"target": -55.590642634888496, "params": {"C": 113.44966914925162, "epsilon": 1.551895919599896, "gamma": 0.0025549421448970754}, "datetime": {"datetime": "2021-09-29 21:29:48", "elapsed": 314.98592, "delta": 1.962617}}
{"target": -60.67508728818195, "params": {"C": 199.8867423640446, "epsilon": 0.10061298926837249, "gamma": 0.020562786959330098}, "datetime": {"datetime": "2021-09-29 21:29:51", "elapsed": 317.635325, "delta": 2.649405}}
{"target": -58.1438524576497, "params": {"C": 107.47731051143222, "epsilon": 0.12151679323180299, "gamma": 0.015017380223724942}, "datetime": {"datetime": "2021-09-29 21:29:53", "elapsed": 319.814378, "delta": 2.179053}}
{"target": -58.04775029799961, "params": {"C": 129.0310261874819, "epsilon": 2.4785978686264234, "gamma": 0.011391116345532188}, "datetime": {"datetime": "2021-09-29 21:29:55", "elapsed": 321.885755, "delta": 2.071377}}
{"target": -59.4496620129965, "params": {"C": 121.06882059993413, "epsilon": 2.312221460734765, "gamma": 0.02908537123452205}, "datetime": {"datetime": "2021-09-29 21:29:56", "elapsed": 323.263056, "delta": 1.377301}}
{"target": -59.65838980793852, "params": {"C": 115.24909964469727, "epsilon": 1.8618082526383641, "gamma": 0.025568554591623095}, "datetime": {"datetime": "2021-09-29 21:29:58", "elapsed": 325.311865, "delta": 2.048809}}
{"target": -56.84846715841718, "params": {"C": 197.30571522709116, "epsilon": 1.4345567227212572, "gamma": 0.0043565617237870105}, "datetime": {"datetime": "2021-09-29 21:30:00", "elapsed": 326.873867, "delta": 1.562002}}
{"target": -58.30898072246896, "params": {"C": 117.97375344246585, "epsilon": 1.0381515715945477, "gamma": 0.013600342923033965}, "datetime": {"datetime": "2021-09-29 21:30:02", "elapsed": 329.182597, "delta": 2.30873}}
{"target": -56.911264246950054, "params": {"C": 101.27611051430587, "epsilon": 2.635223470969557, "gamma": 0.0074047138794122}, "datetime": {"datetime": "2021-09-29 21:30:04", "elapsed": 331.257765, "delta": 2.075168}}
{"target": -56.96923393239589, "params": {"C": 128.90315513550274, "epsilon": 2.532730243224605, "gamma": 0.00638700091626789}, "datetime": {"datetime": "2021-09-29 21:30:06", "elapsed": 333.092764, "delta": 1.834999}}
{"target": -57.21617545828073, "params": {"C": 109.07742290927123, "epsilon": 1.8879337488070334, "gamma": 0.008872268466161999}, "datetime": {"datetime": "2021-09-29 21:30:08", "elapsed": 334.909889, "delta": 1.817125}}
{"target": -56.215519748785646, "params": {"C": 186.41797389657972, "epsilon": 0.6639076748577395, "gamma": 0.002362813149323895}, "datetime": {"datetime": "2021-09-29 21:30:10", "elapsed": 336.524047, "delta": 1.614158}}
{"target": -58.27287939063383, "params": {"C": 166.53588164154436, "epsilon": 2.11742338512915, "gamma": 0.009344923988530752}, "datetime": {"datetime": "2021-09-29 21:30:12", "elapsed": 338.639846, "delta": 2.115799}}
{"target": -58.6344878456777, "params": {"C": 112.54355143849145, "epsilon": 1.9192043981755713, "gamma": 0.017458680239044264}, "datetime": {"datetime": "2021-09-29 21:30:15", "elapsed": 341.439401, "delta": 2.799555}}
{"target": -57.86714608246437, "params": {"C": 104.7122799399114, "epsilon": 2.5989775916255002, "gamma": 0.014060183108232907}, "datetime": {"datetime": "2021-09-29 21:30:16", "elapsed": 343.387462, "delta": 1.948061}}
{"target": -56.859332026975615, "params": {"C": 136.4304676934837, "epsilon": 1.7895062665022443, "gamma": 0.004775242334263975}, "datetime": {"datetime": "2021-09-29 21:30:19", "elapsed": 345.767005, "delta": 2.379543}}
{"target": -61.341329394685374, "params": {"C": 161.82207842274173, "epsilon": 0.0803632164710174, "gamma": 0.0356300164745798}, "datetime": {"datetime": "2021-09-29 21:30:21", "elapsed": 347.445558, "delta": 1.678553}}
{"target": -58.270540861765674, "params": {"C": 126.83803196389337, "epsilon": 2.5038595244139117, "gamma": 0.014652411803210825}, "datetime": {"datetime": "2021-09-29 21:30:22", "elapsed": 349.071553, "delta": 1.625995}}
{"target": -56.147654723478254, "params": {"C": 112.5932656477033, "epsilon": 1.8808386189145956, "gamma": 0.003594182425426122}, "datetime": {"datetime": "2021-09-29 21:30:24", "elapsed": 351.344955, "delta": 2.273402}}
{"target": -58.975231499271445, "params": {"C": 154.64615164444123, "epsilon": 2.306114769028757, "gamma": 0.017754814884449747}, "datetime": {"datetime": "2021-09-29 21:30:26", "elapsed": 352.979956, "delta": 1.635001}}
