{"target": -59.423912866227234, "params": {"C": 49.51811777080929, "epsilon": 2.3086739210692904, "gamma": 0.02163761343306845}, "datetime": {"datetime": "2021-09-29 20:15:27", "elapsed": 113.351629, "delta": 1.048002}}
{"target": -54.45973612637588, "params": {"C": 14.502471310311169, "epsilon": 1.156516875686254, "gamma": 0.008927607479816024}, "datetime": {"datetime": "2021-09-29 20:15:28", "elapsed": 114.181496, "delta": 0.829867}}
{"target": -63.24984346707204, "params": {"C": 45.74088559888428, "epsilon": 2.4636631457309446, "gamma": 0.06011996712485278}, "datetime": {"datetime": "2021-09-29 20:15:29", "elapsed": 115.1815, "delta": 1.000004}}
{"target": -70.19491482328546, "params": {"C": 34.64320500365199, "epsilon": 2.220564170796571, "gamma": 0.4784751236706896}, "datetime": {"datetime": "2021-09-29 20:15:30", "elapsed": 116.003557, "delta": 0.822057}}
{"target": -60.08582130246602, "params": {"C": 13.425604315730292, "epsilon": 2.0353122849287795, "gamma": 0.042081753081864404}, "datetime": {"datetime": "2021-09-29 20:15:31", "elapsed": 117.164557, "delta": 1.161}}
{"target": -54.23199846151181, "params": {"C": 14.545467689644637, "epsilon": 1.3720416852203692, "gamma": 0.008549293627837427}, "datetime": {"datetime": "2021-09-29 20:15:32", "elapsed": 118.138735, "delta": 0.974178}}
{"target": -60.64551036296438, "params": {"C": 14.04899139995358, "epsilon": 1.4358551666777015, "gamma": 0.04852073225692398}, "datetime": {"datetime": "2021-09-29 20:15:33", "elapsed": 119.461372, "delta": 1.322637}}
{"target": -70.42931675050271, "params": {"C": 79.79982988094434, "epsilon": 0.9856244684566998, "gamma": 0.19147842495238607}, "datetime": {"datetime": "2021-09-29 20:15:34", "elapsed": 120.144681, "delta": 0.683309}}
{"target": -59.0799279856152, "params": {"C": 14.160339446405217, "epsilon": 1.468529372781529, "gamma": 0.029358868259642925}, "datetime": {"datetime": "2021-09-29 20:15:35", "elapsed": 121.2022, "delta": 1.057519}}
{"target": -57.51937929531486, "params": {"C": 13.360623177506698, "epsilon": 1.911195904269319, "gamma": 0.022655840601466703}, "datetime": {"datetime": "2021-09-29 20:15:37", "elapsed": 122.867402, "delta": 1.665202}}
{"target": -65.85064752811752, "params": {"C": 89.25803987075136, "epsilon": 1.6109926588727277, "gamma": 0.07799862713293652}, "datetime": {"datetime": "2021-09-29 20:15:38", "elapsed": 123.961305, "delta": 1.093903}}
{"target": -61.72247448299654, "params": {"C": 13.118743488377708, "epsilon": 1.2688973378644837, "gamma": 0.06724584140139611}, "datetime": {"datetime": "2021-09-29 20:15:39", "elapsed": 125.270297, "delta": 1.308992}}
{"target": -72.87123272598879, "params": {"C": 89.05193011905986, "epsilon": 1.426519842740464, "gamma": 0.2551358206737168}, "datetime": {"datetime": "2021-09-29 20:15:41", "elapsed": 126.858003, "delta": 1.587706}}
{"target": -58.95084060136454, "params": {"C": 89.00618778977781, "epsilon": 1.597464272532706, "gamma": 0.01759125603417563}, "datetime": {"datetime": "2021-09-29 20:15:42", "elapsed": 128.349854, "delta": 1.491851}}
{"target": -52.05913241323803, "params": {"C": 96.98134814671964, "epsilon": 2.999773105656211, "gamma": 0.001}, "datetime": {"datetime": "2021-09-29 20:15:44", "elapsed": 129.695857, "delta": 1.346003}}
{"target": -60.68860441507981, "params": {"C": 13.199013539085541, "epsilon": 1.8985958550407895, "gamma": 0.05107109149661297}, "datetime": {"datetime": "2021-09-29 20:15:45", "elapsed": 131.297422, "delta": 1.601565}}
{"target": -55.76574506363126, "params": {"C": 49.19749448539545, "epsilon": 2.284366951638777, "gamma": 0.007406698631639007}, "datetime": {"datetime": "2021-09-29 20:15:47", "elapsed": 132.972608, "delta": 1.675186}}
{"target": -67.3604366971756, "params": {"C": 97.13147895839249, "epsilon": 2.9591142457788213, "gamma": 0.09646072350761241}, "datetime": {"datetime": "2021-09-29 20:15:48", "elapsed": 134.307898, "delta": 1.33529}}
{"target": -61.954020209940644, "params": {"C": 97.00709510800462, "epsilon": 2.960885288730154, "gamma": 0.04003521500368837}, "datetime": {"datetime": "2021-09-29 20:15:50", "elapsed": 135.88846, "delta": 1.580562}}
{"target": -58.882045705612555, "params": {"C": 49.087543882610895, "epsilon": 2.6175211489884807, "gamma": 0.01966973180297965}, "datetime": {"datetime": "2021-09-29 20:15:52", "elapsed": 137.744466, "delta": 1.856006}}
{"target": -59.2471613469543, "params": {"C": 88.87730319431145, "epsilon": 1.4720812499553069, "gamma": 0.019863368878048033}, "datetime": {"datetime": "2021-09-29 20:15:53", "elapsed": 139.515498, "delta": 1.771032}}
{"target": -61.23497989257351, "params": {"C": 13.48164522529523, "epsilon": 2.131348582058449, "gamma": 0.001}, "datetime": {"datetime": "2021-09-29 20:15:55", "elapsed": 140.751138, "delta": 1.23564}}
{"target": -56.1952553877041, "params": {"C": 13.246032481554447, "epsilon": 2.1007849627204007, "gamma": 0.016843723669833596}, "datetime": {"datetime": "2021-09-29 20:15:56", "elapsed": 142.059757, "delta": 1.308619}}
{"target": -56.105423162203095, "params": {"C": 96.53567979087357, "epsilon": 2.678321051961175, "gamma": 0.005847355006411563}, "datetime": {"datetime": "2021-09-29 20:15:58", "elapsed": 143.629322, "delta": 1.569565}}
{"target": -62.38064790652089, "params": {"C": 13.229982249771798, "epsilon": 2.252078829766121, "gamma": 0.08009666437965447}, "datetime": {"datetime": "2021-09-29 20:15:59", "elapsed": 145.023403, "delta": 1.394081}}
{"target": -68.18313385169054, "params": {"C": 88.77227769918292, "epsilon": 1.5102348339075564, "gamma": 0.12098465029173551}, "datetime": {"datetime": "2021-09-29 20:16:00", "elapsed": 146.1719, "delta": 1.148497}}
{"target": -71.77391803746188, "params": {"C": 59.88219545672247, "epsilon": 2.567432506600664, "gamma": 0.3711387740333518}, "datetime": {"datetime": "2021-09-29 20:16:01", "elapsed": 147.161035, "delta": 0.989135}}
{"target": -61.33134557179907, "params": {"C": 13.151846009563004, "epsilon": 2.1533003248332063, "gamma": 0.06033071944525443}, "datetime": {"datetime": "2021-09-29 20:16:02", "elapsed": 148.453579, "delta": 1.292544}}
{"target": -53.08432522471321, "params": {"C": 49.354427210804936, "epsilon": 2.294466372403888, "gamma": 0.001}, "datetime": {"datetime": "2021-09-29 20:16:04", "elapsed": 150.149441, "delta": 1.695862}}
{"target": -64.10013706577352, "params": {"C": 13.936639157709552, "epsilon": 1.7684075517471933, "gamma": 0.13390038263013043}, "datetime": {"datetime": "2021-09-29 20:16:06", "elapsed": 151.729435, "delta": 1.579994}}
{"target": -60.3146124247939, "params": {"C": 13.748068248295887, "epsilon": 2.051250250493497, "gamma": 0.045065483523614364}, "datetime": {"datetime": "2021-09-29 20:16:07", "elapsed": 152.934241, "delta": 1.204806}}
{"target": -69.73224579863438, "params": {"C": 29.813118537134468, "epsilon": 0.902727193455901, "gamma": 0.4600575407975595}, "datetime": {"datetime": "2021-09-29 20:16:08", "elapsed": 154.005282, "delta": 1.071041}}
{"target": -53.962978781506855, "params": {"C": 14.4533438829771, "epsilon": 1.074685703010482, "gamma": 0.008055349960074884}, "datetime": {"datetime": "2021-09-29 20:16:10", "elapsed": 155.832278, "delta": 1.826996}}
{"target": -70.9896273510931, "params": {"C": 8.748544459656264, "epsilon": 1.2364929705274044, "gamma": 0.38553703910799614}, "datetime": {"datetime": "2021-09-29 20:16:11", "elapsed": 156.809992, "delta": 0.977714}}
{"target": -64.64875309622644, "params": {"C": 88.89454736290519, "epsilon": 1.3128339214077085, "gamma": 0.06639831025519503}, "datetime": {"datetime": "2021-09-29 20:16:12", "elapsed": 158.360222, "delta": 1.55023}}
{"target": -61.447540017425474, "params": {"C": 13.28003805628274, "epsilon": 2.000458658685214, "gamma": 0.001}, "datetime": {"datetime": "2021-09-29 20:16:14", "elapsed": 160.12473, "delta": 1.764508}}
{"target": -56.63491562357764, "params": {"C": 92.94218456659233, "epsilon": 0.39229572486612174, "gamma": 0.008757480065332945}, "datetime": {"datetime": "2021-09-29 20:16:15", "elapsed": 161.070725, "delta": 0.945995}}
{"target": -69.52524196753615, "params": {"C": 67.24086489584482, "epsilon": 1.598625621234893, "gamma": 0.19182998239776114}, "datetime": {"datetime": "2021-09-29 20:16:16", "elapsed": 162.401206, "delta": 1.330481}}
{"target": -69.72241630238844, "params": {"C": 92.60769123764534, "epsilon": 0.5680516127093954, "gamma": 0.14354204366030074}, "datetime": {"datetime": "2021-09-29 20:16:17", "elapsed": 163.411207, "delta": 1.010001}}
{"target": -59.12039145874897, "params": {"C": 14.528003805771151, "epsilon": 1.7622090502924488, "gamma": 0.0286437220199433}, "datetime": {"datetime": "2021-09-29 20:16:18", "elapsed": 164.394768, "delta": 0.983561}}
{"target": -68.70891559898502, "params": {"C": 55.81108019732012, "epsilon": 0.4271745244114547, "gamma": 0.20157690778161932}, "datetime": {"datetime": "2021-09-29 20:16:19", "elapsed": 165.315768, "delta": 0.921}}
{"target": -66.51657206970157, "params": {"C": 92.95217937928282, "epsilon": 0.41101030795435894, "gamma": 0.0825733434601193}, "datetime": {"datetime": "2021-09-29 20:16:21", "elapsed": 166.986563, "delta": 1.670795}}
{"target": -57.784382246051806, "params": {"C": 14.316650328002975, "epsilon": 0.8601648044677221, "gamma": 0.02336107652040397}, "datetime": {"datetime": "2021-09-29 20:16:23", "elapsed": 168.723454, "delta": 1.736891}}
{"target": -64.63330118326553, "params": {"C": 78.04659185671125, "epsilon": 1.3738823576897299, "gamma": 0.06986826161486955}, "datetime": {"datetime": "2021-09-29 20:16:24", "elapsed": 169.725456, "delta": 1.002002}}
{"target": -70.0463843446178, "params": {"C": 26.227761682803674, "epsilon": 1.7429587294066236, "gamma": 0.47234529747149107}, "datetime": {"datetime": "2021-09-29 20:16:25", "elapsed": 170.761329, "delta": 1.035873}}
{"target": -59.132889430053304, "params": {"C": 92.75378804310213, "epsilon": 0.3334347588400766, "gamma": 0.019569302868749302}, "datetime": {"datetime": "2021-09-29 20:16:26", "elapsed": 172.324675, "delta": 1.563346}}
{"target": -63.24124969713705, "params": {"C": 14.402703040523322, "epsilon": 0.8241354953154457, "gamma": 0.11129350662951464}, "datetime": {"datetime": "2021-09-29 20:16:28", "elapsed": 173.836746, "delta": 1.512071}}
{"target": -53.07124845834307, "params": {"C": 49.4272642389118, "epsilon": 2.281997177615207, "gamma": 0.001}, "datetime": {"datetime": "2021-09-29 20:16:30", "elapsed": 176.12464, "delta": 2.287894}}
{"target": -67.88479048711817, "params": {"C": 26.405399340614238, "epsilon": 0.09477646555553829, "gamma": 0.2889061994715061}, "datetime": {"datetime": "2021-09-29 20:16:31", "elapsed": 177.143997, "delta": 1.019357}}
{"target": -60.8127387891502, "params": {"C": 49.15737444020938, "epsilon": 2.581044580051594, "gamma": 0.032335751180640346}, "datetime": {"datetime": "2021-09-29 20:16:32", "elapsed": 178.450171, "delta": 1.306174}}
{"target": -59.13236737153406, "params": {"C": 18.99190699746991, "epsilon": 1.7756001032684041, "gamma": 0.001}, "datetime": {"datetime": "2021-09-29 20:16:34", "elapsed": 180.324773, "delta": 1.874602}}
{"target": -61.58923538827502, "params": {"C": 96.92072967473761, "epsilon": 2.99487192664123, "gamma": 0.03718218381979614}, "datetime": {"datetime": "2021-09-29 20:16:36", "elapsed": 181.755596, "delta": 1.430823}}
{"target": -62.62883842900058, "params": {"C": 14.218967967378024, "epsilon": 0.9188852358910531, "gamma": 0.08559613834430686}, "datetime": {"datetime": "2021-09-29 20:16:37", "elapsed": 183.276056, "delta": 1.52046}}
{"target": -58.178689844039944, "params": {"C": 88.9591016069472, "epsilon": 1.5057875411856108, "gamma": 0.015061707344386773}, "datetime": {"datetime": "2021-09-29 20:16:38", "elapsed": 184.569188, "delta": 1.293132}}
{"target": -59.50912870776671, "params": {"C": 92.79678655930117, "epsilon": 0.4129608854596069, "gamma": 0.02160595170031812}, "datetime": {"datetime": "2021-09-29 20:16:40", "elapsed": 186.181186, "delta": 1.611998}}
{"target": -60.20479803815834, "params": {"C": 62.968300068388245, "epsilon": 0.24158495786989684, "gamma": 0.028780633910818088}, "datetime": {"datetime": "2021-09-29 20:16:41", "elapsed": 187.346538, "delta": 1.165352}}
{"target": -72.1638472152255, "params": {"C": 4.1431566829575335, "epsilon": 2.2781090071071746, "gamma": 0.3408961818767243}, "datetime": {"datetime": "2021-09-29 20:16:42", "elapsed": 188.287538, "delta": 0.941}}
{"target": -62.79375795217752, "params": {"C": 49.11734125592377, "epsilon": 2.5886784928231625, "gamma": 0.05372623264145143}, "datetime": {"datetime": "2021-09-29 20:16:43", "elapsed": 189.427438, "delta": 1.1399}}
{"target": -61.95701910530323, "params": {"C": 7.2816679164730065, "epsilon": 2.8164426665473057, "gamma": 0.10550137144708875}, "datetime": {"datetime": "2021-09-29 20:16:44", "elapsed": 190.396588, "delta": 0.96915}}
{"target": -57.939221169966615, "params": {"C": 92.79678241844869, "epsilon": 0.20674934046892884, "gamma": 0.015245068096354088}, "datetime": {"datetime": "2021-09-29 20:16:46", "elapsed": 192.508441, "delta": 2.111853}}
{"target": -56.474281333231346, "params": {"C": 88.93605318876862, "epsilon": 1.733980953563114, "gamma": 0.005152435631203697}, "datetime": {"datetime": "2021-09-29 20:16:48", "elapsed": 194.169054, "delta": 1.660613}}
{"target": -67.95978782092538, "params": {"C": 92.88793163522256, "epsilon": 0.23770494175227885, "gamma": 0.10889568569101661}, "datetime": {"datetime": "2021-09-29 20:16:50", "elapsed": 195.891055, "delta": 1.722001}}
{"target": -63.276160813206936, "params": {"C": 88.97943578590954, "epsilon": 1.8691772167447482, "gamma": 0.054032541181776236}, "datetime": {"datetime": "2021-09-29 20:16:52", "elapsed": 197.949972, "delta": 2.058917}}
{"target": -69.4116703042265, "params": {"C": 88.8447782087286, "epsilon": 1.7777011733568857, "gamma": 0.1419441839135857}, "datetime": {"datetime": "2021-09-29 20:16:53", "elapsed": 199.317058, "delta": 1.367086}}
{"target": -59.805129053457726, "params": {"C": 96.60299072921707, "epsilon": 2.5615283679345184, "gamma": 0.022411509501545815}, "datetime": {"datetime": "2021-09-29 20:16:55", "elapsed": 200.870029, "delta": 1.552971}}
{"target": -55.945982523518566, "params": {"C": 96.57594632607434, "epsilon": 2.8991954069788335, "gamma": 0.006609415939838212}, "datetime": {"datetime": "2021-09-29 20:16:57", "elapsed": 202.781404, "delta": 1.911375}}
{"target": -68.44859939619023, "params": {"C": 63.053278068583175, "epsilon": 0.22654910493721164, "gamma": 0.15863741734800027}, "datetime": {"datetime": "2021-09-29 20:16:58", "elapsed": 204.181138, "delta": 1.399734}}
{"target": -55.73378242496181, "params": {"C": 49.07214127589484, "epsilon": 2.152160920944146, "gamma": 0.006945089757884195}, "datetime": {"datetime": "2021-09-29 20:17:00", "elapsed": 205.790327, "delta": 1.609189}}
{"target": -65.49119387886986, "params": {"C": 37.83115803169072, "epsilon": 2.2650061064717324, "gamma": 0.10251163318706812}, "datetime": {"datetime": "2021-09-29 20:17:01", "elapsed": 206.979937, "delta": 1.18961}}
{"target": -65.09232641215667, "params": {"C": 49.154511719776025, "epsilon": 2.223121522378265, "gamma": 0.0869137382408567}, "datetime": {"datetime": "2021-09-29 20:17:03", "elapsed": 208.864847, "delta": 1.88491}}
{"target": -60.3195255061417, "params": {"C": 46.790272003496526, "epsilon": 0.8267672247196034, "gamma": 0.02831734756521061}, "datetime": {"datetime": "2021-09-29 20:17:04", "elapsed": 209.970848, "delta": 1.106001}}
{"target": -64.67642797119777, "params": {"C": 46.93185281996905, "epsilon": 0.8117009978563623, "gamma": 0.08053421579148982}, "datetime": {"datetime": "2021-09-29 20:17:06", "elapsed": 211.760163, "delta": 1.789315}}
{"target": -65.36459372245844, "params": {"C": 28.102792470290762, "epsilon": 0.005911889004727294, "gamma": 0.11035862278796091}, "datetime": {"datetime": "2021-09-29 20:17:07", "elapsed": 212.825912, "delta": 1.065749}}
{"target": -58.13203390208878, "params": {"C": 49.48650993764768, "epsilon": 2.0930248082151555, "gamma": 0.01587989210792361}, "datetime": {"datetime": "2021-09-29 20:17:09", "elapsed": 215.278707, "delta": 2.452795}}
{"target": -59.671299764557304, "params": {"C": 14.457200958217717, "epsilon": 1.054461365919187, "gamma": 0.034380870725059805}, "datetime": {"datetime": "2021-09-29 20:17:10", "elapsed": 216.527457, "delta": 1.24875}}
{"target": -60.756538367873326, "params": {"C": 92.66458744598104, "epsilon": 0.19098104418112255, "gamma": 0.028404112113394143}, "datetime": {"datetime": "2021-09-29 20:17:12", "elapsed": 218.358694, "delta": 1.831237}}
{"target": -54.18543193967543, "params": {"C": 14.41181936862124, "epsilon": 1.2125395699394756, "gamma": 0.0034176965233320574}, "datetime": {"datetime": "2021-09-29 20:17:14", "elapsed": 220.273651, "delta": 1.914957}}
{"target": -68.63105695352633, "params": {"C": 60.6241308342452, "epsilon": 0.08281873484927826, "gamma": 0.16979466007636598}, "datetime": {"datetime": "2021-09-29 20:17:15", "elapsed": 221.56994, "delta": 1.296289}}
{"target": -60.76467224684563, "params": {"C": 48.955490642480854, "epsilon": 2.2628994213102787, "gamma": 0.031699060576837676}, "datetime": {"datetime": "2021-09-29 20:17:18", "elapsed": 223.668734, "delta": 2.098794}}
{"target": -53.11784409571101, "params": {"C": 49.42427849663767, "epsilon": 2.1961782456276535, "gamma": 0.001}, "datetime": {"datetime": "2021-09-29 20:17:19", "elapsed": 225.089517, "delta": 1.420783}}
{"target": -66.83900190679459, "params": {"C": 49.43389479889998, "epsilon": 2.134513555734185, "gamma": 0.1337491696276036}, "datetime": {"datetime": "2021-09-29 20:17:20", "elapsed": 226.509132, "delta": 1.419615}}
{"target": -54.876843862556214, "params": {"C": 10.901185630739567, "epsilon": 1.541499851408484, "gamma": 0.012235611516906872}, "datetime": {"datetime": "2021-09-29 20:17:22", "elapsed": 227.859849, "delta": 1.350717}}
{"target": -61.2138026924472, "params": {"C": 14.261631885883238, "epsilon": 0.7600143952343779, "gamma": 0.001}, "datetime": {"datetime": "2021-09-29 20:17:23", "elapsed": 229.45943, "delta": 1.599581}}
{"target": -76.15945330179474, "params": {"C": 97.8447783614251, "epsilon": 1.2369986386141127, "gamma": 0.41960266696196896}, "datetime": {"datetime": "2021-09-29 20:17:25", "elapsed": 230.773433, "delta": 1.314003}}
{"target": -55.44136846821927, "params": {"C": 14.362613832484268, "epsilon": 1.1388000483603382, "gamma": 0.012217536663571019}, "datetime": {"datetime": "2021-09-29 20:17:26", "elapsed": 232.519391, "delta": 1.745958}}
{"target": -66.52041488513521, "params": {"C": 50.42835641739007, "epsilon": 1.6856467414076397, "gamma": 0.1126710568768863}, "datetime": {"datetime": "2021-09-29 20:17:28", "elapsed": 233.670614, "delta": 1.151223}}
{"target": -53.98523297006091, "params": {"C": 72.14251329623791, "epsilon": 1.923897075806904, "gamma": 0.002696239955933889}, "datetime": {"datetime": "2021-09-29 20:17:29", "elapsed": 234.875017, "delta": 1.204403}}
{"target": -68.76253891203686, "params": {"C": 48.65701689598324, "epsilon": 0.006353635997356216, "gamma": 0.24955766000551347}, "datetime": {"datetime": "2021-09-29 20:17:30", "elapsed": 236.29571, "delta": 1.420693}}
{"target": -58.2617641256605, "params": {"C": 11.02252630121756, "epsilon": 1.4530076033684527, "gamma": 0.028653464210972153}, "datetime": {"datetime": "2021-09-29 20:17:32", "elapsed": 237.920586, "delta": 1.624876}}
{"target": -54.14015265640892, "params": {"C": 49.270558125757674, "epsilon": 2.3035298822402708, "gamma": 0.0035684747617444924}, "datetime": {"datetime": "2021-09-29 20:17:34", "elapsed": 240.116326, "delta": 2.19574}}
{"target": -64.91062402513342, "params": {"C": 10.858982846886756, "epsilon": 1.4450922273618958, "gamma": 0.17987357537869259}, "datetime": {"datetime": "2021-09-29 20:17:36", "elapsed": 242.11366, "delta": 1.997334}}
{"target": -65.94669591028858, "params": {"C": 72.16591534116299, "epsilon": 1.926527123078043, "gamma": 0.08741837337944564}, "datetime": {"datetime": "2021-09-29 20:17:39", "elapsed": 244.859645, "delta": 2.745985}}
{"target": -61.48525778784199, "params": {"C": 48.98835336560428, "epsilon": 2.048509064310278, "gamma": 0.0394454873287006}, "datetime": {"datetime": "2021-09-29 20:17:41", "elapsed": 246.998671, "delta": 2.139026}}
{"target": -64.37818547166802, "params": {"C": 72.05861103972023, "epsilon": 1.850245822974573, "gamma": 0.07012472854909617}, "datetime": {"datetime": "2021-09-29 20:17:44", "elapsed": 249.66018, "delta": 2.661509}}
{"target": -66.87679651433886, "params": {"C": 18.848411934657868, "epsilon": 2.244184761761533, "gamma": 0.2291848349748639}, "datetime": {"datetime": "2021-09-29 20:17:45", "elapsed": 251.075037, "delta": 1.414857}}
{"target": -66.92382369526571, "params": {"C": 33.89467739819531, "epsilon": 2.4276145298472636, "gamma": 0.18237102781235412}, "datetime": {"datetime": "2021-09-29 20:17:46", "elapsed": 252.58369, "delta": 1.508653}}
{"target": -61.64038444050022, "params": {"C": 49.119062448755464, "epsilon": 2.0048999423803298, "gamma": 0.04097180943354616}, "datetime": {"datetime": "2021-09-29 20:17:49", "elapsed": 254.827986, "delta": 2.244296}}
{"target": -61.971471899253835, "params": {"C": 10.901648916470648, "epsilon": 1.5414614629989922, "gamma": 0.08011137993389396}, "datetime": {"datetime": "2021-09-29 20:17:52", "elapsed": 257.910114, "delta": 3.082128}}
{"target": -62.44442992112712, "params": {"C": 19.127993267223463, "epsilon": 2.7163612498296086, "gamma": 0.06762117704986934}, "datetime": {"datetime": "2021-09-29 20:17:53", "elapsed": 259.35007, "delta": 1.439956}}
{"target": -63.31320576003855, "params": {"C": 57.04056063677051, "epsilon": 0.34708459960512283, "gamma": 0.0580074275939145}, "datetime": {"datetime": "2021-09-29 20:17:55", "elapsed": 260.757071, "delta": 1.407001}}
