{"target": -55.62420850496373, "params": {"C": 224.42129730172275, "epsilon": 0.83822551477723, "gamma": 0.0010643665819379939}, "datetime": {"datetime": "2021-09-29 21:59:47", "elapsed": 606.946034, "delta": 2.091128}}
{"target": -60.64362671557103, "params": {"C": 297.5632153150584, "epsilon": 2.0933160858987123, "gamma": 0.01809707050164691}, "datetime": {"datetime": "2021-09-29 21:59:50", "elapsed": 609.25464, "delta": 2.308606}}
{"target": -56.78517667774753, "params": {"C": 202.1687518561604, "epsilon": 0.514068376879454, "gamma": 0.004063219310972607}, "datetime": {"datetime": "2021-09-29 21:59:52", "elapsed": 611.543457, "delta": 2.288817}}
{"target": -59.552179308469476, "params": {"C": 216.27147881108525, "epsilon": 1.8041392354282015, "gamma": 0.01719823917638825}, "datetime": {"datetime": "2021-09-29 21:59:56", "elapsed": 615.739676, "delta": 4.196219}}
{"target": -56.83654064629562, "params": {"C": 243.2587077316371, "epsilon": 1.7098605035239607, "gamma": 0.002956341282591009}, "datetime": {"datetime": "2021-09-29 21:59:59", "elapsed": 618.935547, "delta": 3.195871}}
{"target": -59.010153598943326, "params": {"C": 279.2388375523821, "epsilon": 2.53192352309371, "gamma": 0.009726969199941862}, "datetime": {"datetime": "2021-09-29 22:00:02", "elapsed": 621.410701, "delta": 2.475154}}
{"target": -58.59218497786216, "params": {"C": 200.83401055581444, "epsilon": 1.3187229036106807, "gamma": 0.0099749798970103}, "datetime": {"datetime": "2021-09-29 22:00:04", "elapsed": 623.901905, "delta": 2.491204}}
{"target": -58.513034295981704, "params": {"C": 204.9504369328982, "epsilon": 1.7870050571637994, "gamma": 0.009038840620635287}, "datetime": {"datetime": "2021-09-29 22:00:08", "elapsed": 627.333337, "delta": 3.431432}}
{"target": -59.27036717469316, "params": {"C": 228.39807657979472, "epsilon": 1.2525381513395397, "gamma": 0.012884313297907481}, "datetime": {"datetime": "2021-09-29 22:00:10", "elapsed": 629.886477, "delta": 2.55314}}
{"target": -55.678403899227405, "params": {"C": 212.56275053286106, "epsilon": 0.7561520284842869, "gamma": 0.0010537732501621241}, "datetime": {"datetime": "2021-09-29 22:00:14", "elapsed": 633.256288, "delta": 3.369811}}
{"target": -59.157402701508886, "params": {"C": 208.9677089942258, "epsilon": 1.7193229263049132, "gamma": 0.015042662091828989}, "datetime": {"datetime": "2021-09-29 22:00:16", "elapsed": 635.720512, "delta": 2.464224}}
{"target": -59.408501091309226, "params": {"C": 285.5141925199205, "epsilon": 0.9203097740575605, "gamma": 0.011643943372729407}, "datetime": {"datetime": "2021-09-29 22:00:18", "elapsed": 638.034696, "delta": 2.314184}}
{"target": -55.57572770519153, "params": {"C": 203.79423269684457, "epsilon": 1.8258426779238637, "gamma": 0.0013419041594584682}, "datetime": {"datetime": "2021-09-29 22:00:22", "elapsed": 641.612953, "delta": 3.578257}}
{"target": -58.093959296181175, "params": {"C": 297.30621037854087, "epsilon": 1.4244963459631181, "gamma": 0.005158925160407146}, "datetime": {"datetime": "2021-09-29 22:00:25", "elapsed": 644.825391, "delta": 3.212438}}
{"target": -60.13924274692304, "params": {"C": 207.90268100941967, "epsilon": 1.258684956641508, "gamma": 0.018846966942307853}, "datetime": {"datetime": "2021-09-29 22:00:28", "elapsed": 647.249367, "delta": 2.423976}}
{"target": -56.30279931130679, "params": {"C": 267.0786697032241, "epsilon": 2.371570574820195, "gamma": 0.0013349694933765268}, "datetime": {"datetime": "2021-09-29 22:00:30", "elapsed": 650.089281, "delta": 2.839914}}
{"target": -55.5553690063008, "params": {"C": 207.4848591024007, "epsilon": 0.12967277339143612, "gamma": 0.0005218011806788938}, "datetime": {"datetime": "2021-09-29 22:00:34", "elapsed": 653.175774, "delta": 3.086493}}
{"target": -58.069488850882856, "params": {"C": 299.89019038687763, "epsilon": 0.11097373493724524, "gamma": 0.004926688446389229}, "datetime": {"datetime": "2021-09-29 22:00:38", "elapsed": 657.111972, "delta": 3.936198}}
{"target": -57.75218907734322, "params": {"C": 233.07619318862038, "epsilon": 0.2892665980725554, "gamma": 0.0002379914058187929}, "datetime": {"datetime": "2021-09-29 22:00:40", "elapsed": 659.378957, "delta": 2.266985}}
{"target": -57.54367548921696, "params": {"C": 259.93777654268155, "epsilon": 2.0002752561677366, "gamma": 0.004313482849623395}, "datetime": {"datetime": "2021-09-29 22:00:43", "elapsed": 662.362557, "delta": 2.9836}}
{"target": -59.138768820942914, "params": {"C": 207.34819466671453, "epsilon": 1.7812981443229194, "gamma": 0.015226194946010413}, "datetime": {"datetime": "2021-09-29 22:00:45", "elapsed": 664.810767, "delta": 2.44821}}
{"target": -59.09305799790266, "params": {"C": 272.7865258925219, "epsilon": 0.1691716923603337, "gamma": 0.007910090515338737}, "datetime": {"datetime": "2021-09-29 22:00:49", "elapsed": 668.415966, "delta": 3.605199}}
{"target": -56.679264335352755, "params": {"C": 272.7785867985073, "epsilon": 0.16375308431324212, "gamma": 0.0025235700298913747}, "datetime": {"datetime": "2021-09-29 22:00:52", "elapsed": 671.742202, "delta": 3.326236}}
{"target": -60.312905307679365, "params": {"C": 209.59587270120446, "epsilon": 0.8052966121901074, "gamma": 0.01923078384170482}, "datetime": {"datetime": "2021-09-29 22:00:55", "elapsed": 674.176016, "delta": 2.433814}}
{"target": -58.577466788792634, "params": {"C": 213.4540267936502, "epsilon": 1.5336030487004402, "gamma": 0.008616925050706534}, "datetime": {"datetime": "2021-09-29 22:00:58", "elapsed": 677.586136, "delta": 3.41012}}
{"target": -56.39383344857498, "params": {"C": 222.60521877100848, "epsilon": 1.2044459636416216, "gamma": 0.0022313405183158387}, "datetime": {"datetime": "2021-09-29 22:01:01", "elapsed": 680.636981, "delta": 3.050845}}
{"target": -60.221863251428, "params": {"C": 255.5326809785315, "epsilon": 0.12988440988122754, "gamma": 0.015131245312299767}, "datetime": {"datetime": "2021-09-29 22:01:03", "elapsed": 682.933372, "delta": 2.296391}}
{"target": -57.56169336366385, "params": {"C": 201.28753074800173, "epsilon": 2.610047904838004, "gamma": 0.005984663015620622}, "datetime": {"datetime": "2021-09-29 22:01:07", "elapsed": 686.171227, "delta": 3.237855}}
{"target": -60.756863240298365, "params": {"C": 252.213539181556, "epsilon": 1.623484651003012, "gamma": 0.019468369409139926}, "datetime": {"datetime": "2021-09-29 22:01:09", "elapsed": 688.586083, "delta": 2.414856}}
{"target": -57.187086407269696, "params": {"C": 203.29455643344485, "epsilon": 1.226382094484794, "gamma": 0.004932220123656595}, "datetime": {"datetime": "2021-09-29 22:01:12", "elapsed": 691.811616, "delta": 3.225533}}
{"target": -56.77297407536729, "params": {"C": 206.6929967769489, "epsilon": 2.491756848063087, "gamma": 0.0032756802770724995}, "datetime": {"datetime": "2021-09-29 22:01:16", "elapsed": 695.51967, "delta": 3.708054}}
{"target": -59.350848406117926, "params": {"C": 249.9235020205823, "epsilon": 1.6736039863144934, "gamma": 0.010751786332295803}, "datetime": {"datetime": "2021-09-29 22:01:19", "elapsed": 699.074384, "delta": 3.554714}}
{"target": -58.53097491991915, "params": {"C": 210.31958598543386, "epsilon": 2.2084314661595794, "gamma": 0.009192662063723819}, "datetime": {"datetime": "2021-09-29 22:01:22", "elapsed": 701.988279, "delta": 2.913895}}
{"target": -59.933046195843595, "params": {"C": 228.34230237082357, "epsilon": 0.47347390903843956, "gamma": 0.015281275282479467}, "datetime": {"datetime": "2021-09-29 22:01:25", "elapsed": 704.182636, "delta": 2.194357}}
{"target": -57.78721654043446, "params": {"C": 215.23849621224366, "epsilon": 1.8801384028108876, "gamma": 0.005585308396185676}, "datetime": {"datetime": "2021-09-29 22:01:28", "elapsed": 707.310264, "delta": 3.127628}}
{"target": -59.524255741575935, "params": {"C": 220.46761161404342, "epsilon": 1.85313254221071, "gamma": 0.016960847893011798}, "datetime": {"datetime": "2021-09-29 22:01:31", "elapsed": 710.392378, "delta": 3.082114}}
{"target": -59.170996904787756, "params": {"C": 236.43485599008744, "epsilon": 1.7859330610721964, "gamma": 0.013572001808761058}, "datetime": {"datetime": "2021-09-29 22:01:34", "elapsed": 713.46923, "delta": 3.076852}}
{"target": -58.11010665283837, "params": {"C": 202.1756637546714, "epsilon": 0.5018922437202336, "gamma": 0.006754170153954791}, "datetime": {"datetime": "2021-09-29 22:01:37", "elapsed": 716.48947, "delta": 3.02024}}
{"target": -59.60840246593083, "params": {"C": 276.71992492253264, "epsilon": 0.693397488164817, "gamma": 0.012107703827566726}, "datetime": {"datetime": "2021-09-29 22:01:39", "elapsed": 718.657581, "delta": 2.168111}}
{"target": -58.77892496533349, "params": {"C": 231.1736545499598, "epsilon": 0.37617222285889984, "gamma": 0.008929307540979002}, "datetime": {"datetime": "2021-09-29 22:01:41", "elapsed": 720.762161, "delta": 2.10458}}
{"target": -59.68838317231053, "params": {"C": 294.5479790093857, "epsilon": 1.8947344891165692, "gamma": 0.014337870525544631}, "datetime": {"datetime": "2021-09-29 22:01:45", "elapsed": 724.122067, "delta": 3.359906}}
{"target": -59.75764846125092, "params": {"C": 295.36684461849586, "epsilon": 0.10500366398522619, "gamma": 0.011456356775170042}, "datetime": {"datetime": "2021-09-29 22:01:47", "elapsed": 726.241374, "delta": 2.119307}}
{"target": -55.64883252582624, "params": {"C": 203.29445805552967, "epsilon": 1.2331656986350543, "gamma": 0.0012562083076900867}, "datetime": {"datetime": "2021-09-29 22:01:50", "elapsed": 729.735401, "delta": 3.494027}}
{"target": -56.4063737709241, "params": {"C": 259.9400639562945, "epsilon": 1.9792677942683046, "gamma": 0.001512206945728574}, "datetime": {"datetime": "2021-09-29 22:01:54", "elapsed": 733.15105, "delta": 3.415649}}
{"target": -58.61990305108278, "params": {"C": 224.4154615191002, "epsilon": 0.8347994789668131, "gamma": 0.008649590649448117}, "datetime": {"datetime": "2021-09-29 22:01:57", "elapsed": 736.397328, "delta": 3.246278}}
{"target": -57.56773432489965, "params": {"C": 277.58971414164864, "epsilon": 2.513295710642161, "gamma": 0.004202520950169727}, "datetime": {"datetime": "2021-09-29 22:02:01", "elapsed": 740.124901, "delta": 3.727573}}
{"target": -59.16947501384286, "params": {"C": 213.22989386043037, "epsilon": 1.33441793127527, "gamma": 0.013065589350867202}, "datetime": {"datetime": "2021-09-29 22:02:03", "elapsed": 743.020401, "delta": 2.8955}}
{"target": -58.605149868640815, "params": {"C": 224.4157100134695, "epsilon": 0.859038584091962, "gamma": 0.008577143583585108}, "datetime": {"datetime": "2021-09-29 22:02:10", "elapsed": 749.626969, "delta": 4.379206}}
{"target": -56.21569657654821, "params": {"C": 263.8912766409381, "epsilon": 0.8858202410522391, "gamma": 0.0014548258008805772}, "datetime": {"datetime": "2021-09-29 22:02:13", "elapsed": 752.149078, "delta": 2.522109}}
{"target": -55.77364953922077, "params": {"C": 230.7441105980132, "epsilon": 2.6665658842239397, "gamma": 0.000512603316638743}, "datetime": {"datetime": "2021-09-29 22:02:16", "elapsed": 755.596018, "delta": 3.44694}}
{"target": -59.32932362169788, "params": {"C": 285.53806318345323, "epsilon": 2.022581712492501, "gamma": 0.01084862383510076}, "datetime": {"datetime": "2021-09-29 22:02:18", "elapsed": 757.768995, "delta": 2.172977}}
{"target": -56.65366006489435, "params": {"C": 206.34774525047834, "epsilon": 2.811969661661297, "gamma": 0.003163051449562923}, "datetime": {"datetime": "2021-09-29 22:02:22", "elapsed": 761.168466, "delta": 3.399471}}
{"target": -61.927948521704515, "params": {"C": 243.39752359086827, "epsilon": 0.5658021928775342, "gamma": 0.0001}, "datetime": {"datetime": "2021-09-29 22:02:26", "elapsed": 766.004023, "delta": 4.835557}}
{"target": -57.29741079280315, "params": {"C": 249.84410824726774, "epsilon": 1.2477365264129001, "gamma": 0.0040615646070669194}, "datetime": {"datetime": "2021-09-29 22:02:29", "elapsed": 768.972984, "delta": 2.968961}}
{"target": -58.94210914772577, "params": {"C": 247.64656359979782, "epsilon": 0.9124891427736197, "gamma": 0.00997598738088873}, "datetime": {"datetime": "2021-09-29 22:02:32", "elapsed": 771.245703, "delta": 2.272719}}
{"target": -58.63352456427342, "params": {"C": 258.0321277913956, "epsilon": 2.218264846560939, "gamma": 0.008770530524683918}, "datetime": {"datetime": "2021-09-29 22:02:34", "elapsed": 773.612011, "delta": 2.366308}}
{"target": -59.06611403388725, "params": {"C": 283.44056063146627, "epsilon": 2.173580898949835, "gamma": 0.012549692711861139}, "datetime": {"datetime": "2021-09-29 22:02:37", "elapsed": 776.492256, "delta": 2.880245}}
{"target": -59.195511089418204, "params": {"C": 294.5108406024145, "epsilon": 0.41924981952706797, "gamma": 0.009557943187780553}, "datetime": {"datetime": "2021-09-29 22:02:40", "elapsed": 779.57537, "delta": 3.083114}}
{"target": -57.5654126539644, "params": {"C": 248.6252884797059, "epsilon": 2.682490177627044, "gamma": 0.004533369226070896}, "datetime": {"datetime": "2021-09-29 22:02:44", "elapsed": 783.332718, "delta": 3.757348}}
{"target": -57.4100927445469, "params": {"C": 259.9547514120322, "epsilon": 2.016697024035734, "gamma": 0.0002233581868589026}, "datetime": {"datetime": "2021-09-29 22:02:47", "elapsed": 786.935855, "delta": 3.603137}}
{"target": -56.50589350463683, "params": {"C": 283.44527782122725, "epsilon": 2.194667496993539, "gamma": 0.0013971251716958092}, "datetime": {"datetime": "2021-09-29 22:02:51", "elapsed": 790.956479, "delta": 4.020624}}
{"target": -60.06105751534665, "params": {"C": 294.49143746027124, "epsilon": 0.40625704488903697, "gamma": 0.01352584716998883}, "datetime": {"datetime": "2021-09-29 22:02:55", "elapsed": 794.230383, "delta": 3.273904}}
{"target": -58.713858891407824, "params": {"C": 277.601740758616, "epsilon": 2.567607757143741, "gamma": 0.007739330316356498}, "datetime": {"datetime": "2021-09-29 22:02:58", "elapsed": 797.454135, "delta": 3.223752}}
{"target": -58.75038833539127, "params": {"C": 217.9757039596689, "epsilon": 1.0535382266348496, "gamma": 0.00969351957231767}, "datetime": {"datetime": "2021-09-29 22:03:01", "elapsed": 800.988588, "delta": 3.534453}}
{"target": -59.34040838240203, "params": {"C": 268.1830047815773, "epsilon": 1.2825982034561019, "gamma": 0.010898894439347594}, "datetime": {"datetime": "2021-09-29 22:03:05", "elapsed": 804.156697, "delta": 3.168109}}
{"target": -60.18981929670816, "params": {"C": 202.16531133617391, "epsilon": 0.5168698207713329, "gamma": 0.018272907184470173}, "datetime": {"datetime": "2021-09-29 22:03:08", "elapsed": 807.454047, "delta": 3.29735}}
{"target": -58.13738764134823, "params": {"C": 293.8551172305307, "epsilon": 1.3553529745201496, "gamma": 0.005458539626824726}, "datetime": {"datetime": "2021-09-29 22:03:10", "elapsed": 809.613358, "delta": 2.159311}}
{"target": -58.08618017856484, "params": {"C": 213.22225720557074, "epsilon": 1.3261163584982631, "gamma": 0.00708480894311708}, "datetime": {"datetime": "2021-09-29 22:03:14", "elapsed": 813.37655, "delta": 3.763192}}
{"target": -57.944968647631015, "params": {"C": 257.0406735163449, "epsilon": 1.0550233455079263, "gamma": 0.005615922711332432}, "datetime": {"datetime": "2021-09-29 22:03:16", "elapsed": 815.675009, "delta": 2.298459}}
{"target": -57.99775260496549, "params": {"C": 284.2092236898569, "epsilon": 2.468101221085262, "gamma": 0.005367968303402017}, "datetime": {"datetime": "2021-09-29 22:03:19", "elapsed": 818.177955, "delta": 2.502946}}
{"target": -55.5157228483595, "params": {"C": 216.26616083959198, "epsilon": 1.7798695120625119, "gamma": 0.001195889093517417}, "datetime": {"datetime": "2021-09-29 22:03:21", "elapsed": 820.943137, "delta": 2.765182}}
{"target": -57.80785395953371, "params": {"C": 207.75551697882355, "epsilon": 0.7916931537219051, "gamma": 0.0063314957382521195}, "datetime": {"datetime": "2021-09-29 22:03:25", "elapsed": 824.148347, "delta": 3.20521}}
{"target": -59.34897642592297, "params": {"C": 240.35479415986413, "epsilon": 1.1144421459967981, "gamma": 0.010912362953784182}, "datetime": {"datetime": "2021-09-29 22:03:27", "elapsed": 826.477897, "delta": 2.32955}}
{"target": -57.595216165668425, "params": {"C": 296.85134907677343, "epsilon": 2.9344579416385437, "gamma": 0.004456980041080689}, "datetime": {"datetime": "2021-09-29 22:03:31", "elapsed": 830.975038, "delta": 4.497141}}
{"target": -59.482917901005536, "params": {"C": 291.3862050760171, "epsilon": 1.1689728977426561, "gamma": 0.012986517226952574}, "datetime": {"datetime": "2021-09-29 22:03:34", "elapsed": 833.533222, "delta": 2.558184}}
{"target": -57.13173630508318, "params": {"C": 277.82961118743253, "epsilon": 1.3781106729484587, "gamma": 0.003525399055252016}, "datetime": {"datetime": "2021-09-29 22:03:38", "elapsed": 837.366463, "delta": 3.833241}}
{"target": -59.14832231800338, "params": {"C": 299.85336489645186, "epsilon": 0.18305300824119136, "gamma": 0.008027457119199942}, "datetime": {"datetime": "2021-09-29 22:03:41", "elapsed": 840.234659, "delta": 2.868196}}
{"target": -58.20547581599047, "params": {"C": 278.99586276560467, "epsilon": 1.859114385729836, "gamma": 0.0061115257763021255}, "datetime": {"datetime": "2021-09-29 22:03:43", "elapsed": 843.084859, "delta": 2.8502}}
{"target": -60.16319359355751, "params": {"C": 287.6481121744316, "epsilon": 1.0887590055309346, "gamma": 0.015021528880881155}, "datetime": {"datetime": "2021-09-29 22:03:46", "elapsed": 845.819001, "delta": 2.734142}}
{"target": -59.32508068649726, "params": {"C": 230.65893038072286, "epsilon": 2.451597838170474, "gamma": 0.01585844809810945}, "datetime": {"datetime": "2021-09-29 22:03:49", "elapsed": 848.53546, "delta": 2.716459}}
{"target": -54.956756192746326, "params": {"C": 239.39802517554918, "epsilon": 2.417233223366464, "gamma": 0.0007243307215498929}, "datetime": {"datetime": "2021-09-29 22:03:52", "elapsed": 851.451124, "delta": 2.915664}}
