{"target": -54.29460168529358, "params": {"C": 10.59986446673209, "epsilon": 1.5325730098894963, "gamma": 0.014598799259368255}, "datetime": {"datetime": "2021-09-29 20:22:45", "elapsed": 566.055666, "delta": 3.542066}}
{"target": -66.2470443246293, "params": {"C": 10.670366957424669, "epsilon": 1.5277765652747095, "gamma": 0.001}, "datetime": {"datetime": "2021-09-29 20:22:49", "elapsed": 570.284868, "delta": 4.229202}}
{"target": -57.09414556068092, "params": {"C": 4.6687926029498446, "epsilon": 1.9258525951609644, "gamma": 0.08355753537697747}, "datetime": {"datetime": "2021-09-29 20:22:54", "elapsed": 574.685131, "delta": 4.400263}}
{"target": -56.41086785919575, "params": {"C": 18.972438420361623, "epsilon": 1.0286708391632589, "gamma": 0.041968812721167564}, "datetime": {"datetime": "2021-09-29 20:22:59", "elapsed": 579.668854, "delta": 4.983723}}
{"target": -56.84908528171262, "params": {"C": 18.39421105998297, "epsilon": 0.7685499650862001, "gamma": 0.05066229770221007}, "datetime": {"datetime": "2021-09-29 20:23:03", "elapsed": 583.978287, "delta": 4.309433}}
{"target": -64.61309970462914, "params": {"C": 96.4797185534356, "epsilon": 1.1781897887535222, "gamma": 0.147622369480852}, "datetime": {"datetime": "2021-09-29 20:23:06", "elapsed": 586.661103, "delta": 2.682816}}
{"target": -58.8246073090466, "params": {"C": 18.472999489729773, "epsilon": 0.8286669934578311, "gamma": 0.11329994498994213}, "datetime": {"datetime": "2021-09-29 20:23:10", "elapsed": 590.592724, "delta": 3.931621}}
{"target": -56.006830719037715, "params": {"C": 18.871005010082058, "epsilon": 1.0817447816235535, "gamma": 0.02655327365971253}, "datetime": {"datetime": "2021-09-29 20:23:14", "elapsed": 595.195493, "delta": 4.602769}}
{"target": -65.56587628382343, "params": {"C": 58.26658343781564, "epsilon": 1.6660598906548354, "gamma": 0.3888285269581964}, "datetime": {"datetime": "2021-09-29 20:23:17", "elapsed": 598.04614, "delta": 2.850647}}
{"target": -64.84331989687708, "params": {"C": 13.44829952321037, "epsilon": 2.2610015334489306, "gamma": 0.001}, "datetime": {"datetime": "2021-09-29 20:23:23", "elapsed": 603.533165, "delta": 5.487025}}
{"target": -54.99194887339354, "params": {"C": 10.823743336708336, "epsilon": 1.4239767955295242, "gamma": 0.04017843634266842}, "datetime": {"datetime": "2021-09-29 20:23:26", "elapsed": 607.481379, "delta": 3.948214}}
{"target": -54.10069257981287, "params": {"C": 10.809166575434817, "epsilon": 1.652827467376781, "gamma": 0.018542304847374905}, "datetime": {"datetime": "2021-09-29 20:23:30", "elapsed": 611.258802, "delta": 3.777423}}
{"target": -56.00480140183169, "params": {"C": 18.403001809536182, "epsilon": 0.8834605364162134, "gamma": 0.02012893956074498}, "datetime": {"datetime": "2021-09-29 20:23:37", "elapsed": 617.67401, "delta": 6.415208}}
{"target": -57.8519350278168, "params": {"C": 13.28126448711611, "epsilon": 2.495786210471848, "gamma": 0.08730657866801841}, "datetime": {"datetime": "2021-09-29 20:23:42", "elapsed": 622.525453, "delta": 4.851443}}
{"target": -61.182586952626416, "params": {"C": 54.385672783948564, "epsilon": 1.456948412238384, "gamma": 0.07945908738918209}, "datetime": {"datetime": "2021-09-29 20:23:45", "elapsed": 625.624935, "delta": 3.099482}}
{"target": -54.307444978777774, "params": {"C": 10.554586631777063, "epsilon": 1.631432064271963, "gamma": 0.016034755592032834}, "datetime": {"datetime": "2021-09-29 20:23:49", "elapsed": 629.867051, "delta": 4.242116}}
{"target": -67.11362220817871, "params": {"C": 90.00230164803435, "epsilon": 1.71809914708737, "gamma": 0.2432627840984638}, "datetime": {"datetime": "2021-09-29 20:23:51", "elapsed": 632.311114, "delta": 2.444063}}
{"target": -57.55307946333842, "params": {"C": 10.611748697644371, "epsilon": 1.6213083690834975, "gamma": 0.07693125381198014}, "datetime": {"datetime": "2021-09-29 20:23:58", "elapsed": 638.606776, "delta": 6.295662}}
{"target": -62.55563038195726, "params": {"C": 83.60071515702934, "epsilon": 2.1833215707649805, "gamma": 0.08811318805646312}, "datetime": {"datetime": "2021-09-29 20:24:00", "elapsed": 641.103596, "delta": 2.49682}}
{"target": -57.138412997319676, "params": {"C": 12.987325323443232, "epsilon": 1.786618262905817, "gamma": 0.07145802538515189}, "datetime": {"datetime": "2021-09-29 20:24:05", "elapsed": 645.819267, "delta": 4.715671}}
{"target": -56.32247742234506, "params": {"C": 27.44277326408457, "epsilon": 0.7948857010115683, "gamma": 0.014851189568616426}, "datetime": {"datetime": "2021-09-29 20:24:07", "elapsed": 648.063421, "delta": 2.244154}}
{"target": -54.15656118321819, "params": {"C": 13.290960365640018, "epsilon": 1.8245220727139053, "gamma": 0.014207688819530568}, "datetime": {"datetime": "2021-09-29 20:24:13", "elapsed": 653.818238, "delta": 5.754817}}
{"target": -58.109524548614175, "params": {"C": 10.467496693072738, "epsilon": 1.6503466757399916, "gamma": 0.09254261323086616}, "datetime": {"datetime": "2021-09-29 20:24:17", "elapsed": 657.596026, "delta": 3.777788}}
{"target": -55.183575027808175, "params": {"C": 13.66801119558964, "epsilon": 1.996263499233697, "gamma": 0.026588687773532984}, "datetime": {"datetime": "2021-09-29 20:24:21", "elapsed": 662.238731, "delta": 4.642705}}
{"target": -56.24400236934566, "params": {"C": 18.604350095832107, "epsilon": 0.9066154363407124, "gamma": 0.040078569536813755}, "datetime": {"datetime": "2021-09-29 20:24:25", "elapsed": 666.361048, "delta": 4.122317}}
{"target": -56.651123137936686, "params": {"C": 13.348531593360047, "epsilon": 1.855455935036858, "gamma": 0.06038937076469063}, "datetime": {"datetime": "2021-09-29 20:24:28", "elapsed": 669.232586, "delta": 2.871538}}
{"target": -64.34241941533178, "params": {"C": 34.040260720776445, "epsilon": 2.4181446825664947, "gamma": 0.42381342024129065}, "datetime": {"datetime": "2021-09-29 20:24:31", "elapsed": 671.918947, "delta": 2.686361}}
{"target": -59.77683458607653, "params": {"C": 11.05657866586318, "epsilon": 0.1901698884048717, "gamma": 0.14135879002289917}, "datetime": {"datetime": "2021-09-29 20:24:34", "elapsed": 675.057959, "delta": 3.139012}}
{"target": -58.45305754889017, "params": {"C": 10.573098446163886, "epsilon": 1.5537047928966525, "gamma": 0.10050680590967555}, "datetime": {"datetime": "2021-09-29 20:24:38", "elapsed": 679.144809, "delta": 4.08685}}
{"target": -55.817091774958115, "params": {"C": 18.85089383071833, "epsilon": 1.2268717197813594, "gamma": 0.016912405779673175}, "datetime": {"datetime": "2021-09-29 20:24:42", "elapsed": 683.179847, "delta": 4.035038}}
{"target": -54.62753846864331, "params": {"C": 10.508541291081151, "epsilon": 1.6222701366314811, "gamma": 0.009969929134773903}, "datetime": {"datetime": "2021-09-29 20:24:48", "elapsed": 689.461653, "delta": 6.281806}}
{"target": -64.74033716915244, "params": {"C": 13.79178237991508, "epsilon": 2.0940009789583436, "gamma": 0.001}, "datetime": {"datetime": "2021-09-29 20:24:54", "elapsed": 695.154088, "delta": 5.692435}}
{"target": -64.28337002406774, "params": {"C": 41.646740499660886, "epsilon": 2.8889763626214657, "gamma": 0.306632376522626}, "datetime": {"datetime": "2021-09-29 20:24:57", "elapsed": 698.074918, "delta": 2.92083}}
{"target": -61.1632837929307, "params": {"C": 34.0616361370585, "epsilon": 1.6619369522648237, "gamma": 0.1471688863660044}, "datetime": {"datetime": "2021-09-29 20:24:59", "elapsed": 700.506591, "delta": 2.431673}}
{"target": -54.68247125516174, "params": {"C": 13.459391157376265, "epsilon": 2.6688954601443062, "gamma": 0.02169846698329008}, "datetime": {"datetime": "2021-09-29 20:25:04", "elapsed": 705.200107, "delta": 4.693516}}
{"target": -54.5181699534626, "params": {"C": 10.774758795195174, "epsilon": 1.7026607370106142, "gamma": 0.03387991442337356}, "datetime": {"datetime": "2021-09-29 20:25:09", "elapsed": 709.987951, "delta": 4.787844}}
{"target": -54.934975018827046, "params": {"C": 10.870978051190669, "epsilon": 1.399011643426818, "gamma": 0.009081152232094433}, "datetime": {"datetime": "2021-09-29 20:25:14", "elapsed": 715.418563, "delta": 5.430612}}
{"target": -66.20767855556909, "params": {"C": 10.824952019835557, "epsilon": 1.7174414471288575, "gamma": 0.001}, "datetime": {"datetime": "2021-09-29 20:25:19", "elapsed": 720.00818, "delta": 4.589617}}
{"target": -64.63178179110811, "params": {"C": 52.45274151190131, "epsilon": 2.803619618010101, "gamma": 0.3087693051505476}, "datetime": {"datetime": "2021-09-29 20:25:21", "elapsed": 722.408831, "delta": 2.400651}}
{"target": -55.667652849245016, "params": {"C": 10.500200605243393, "epsilon": 1.5570559821905499, "gamma": 0.04885907376028584}, "datetime": {"datetime": "2021-09-29 20:25:26", "elapsed": 726.705721, "delta": 4.29689}}
{"target": -66.92392767870224, "params": {"C": 85.98490420357297, "epsilon": 0.17087666655427589, "gamma": 0.2697371812242071}, "datetime": {"datetime": "2021-09-29 20:25:28", "elapsed": 729.136027, "delta": 2.430306}}
{"target": -56.15934843735616, "params": {"C": 13.431362023318025, "epsilon": 2.688639538359799, "gamma": 0.05460244464566013}, "datetime": {"datetime": "2021-09-29 20:25:34", "elapsed": 735.06002, "delta": 5.923993}}
{"target": -56.13127883413582, "params": {"C": 4.822062030400569, "epsilon": 2.1151951075614956, "gamma": 0.022358654405175503}, "datetime": {"datetime": "2021-09-29 20:25:38", "elapsed": 739.111921, "delta": 4.051901}}
{"target": -55.832942531285646, "params": {"C": 18.551321101779575, "epsilon": 1.08254014094041, "gamma": 0.01774703501703021}, "datetime": {"datetime": "2021-09-29 20:25:42", "elapsed": 742.553583, "delta": 3.441662}}
{"target": -57.9797081433181, "params": {"C": 4.891760820381704, "epsilon": 1.7214238572398992, "gamma": 0.11683877575725671}, "datetime": {"datetime": "2021-09-29 20:25:44", "elapsed": 745.2716, "delta": 2.718017}}
{"target": -57.074357877726264, "params": {"C": 10.615052166076245, "epsilon": 1.4308090866978127, "gamma": 0.06650290020962772}, "datetime": {"datetime": "2021-09-29 20:25:48", "elapsed": 748.712564, "delta": 3.440964}}
{"target": -57.144950633506575, "params": {"C": 10.552018694261324, "epsilon": 1.4615697496289213, "gamma": 0.06913710188537697}, "datetime": {"datetime": "2021-09-29 20:25:52", "elapsed": 753.449061, "delta": 4.736497}}
{"target": -57.05625248588595, "params": {"C": 18.486316985355295, "epsilon": 0.7302179540975795, "gamma": 0.05917459462275674}, "datetime": {"datetime": "2021-09-29 20:25:57", "elapsed": 757.607644, "delta": 4.158583}}
{"target": -56.799114608973866, "params": {"C": 13.203477590589525, "epsilon": 2.3645581546327956, "gamma": 0.0672902087220466}, "datetime": {"datetime": "2021-09-29 20:26:00", "elapsed": 761.415313, "delta": 3.807669}}
{"target": -55.67956597956204, "params": {"C": 4.650574816696818, "epsilon": 1.7485005788185974, "gamma": 0.06130679003286367}, "datetime": {"datetime": "2021-09-29 20:26:05", "elapsed": 766.205723, "delta": 4.79041}}
{"target": -60.97815024017954, "params": {"C": 55.96074218028904, "epsilon": 1.0804596480381417, "gamma": 0.06734438289459603}, "datetime": {"datetime": "2021-09-29 20:26:08", "elapsed": 769.448014, "delta": 3.242291}}
{"target": -58.16114810506725, "params": {"C": 4.558876945785262, "epsilon": 1.943129630650807, "gamma": 0.1308704771141464}, "datetime": {"datetime": "2021-09-29 20:26:14", "elapsed": 775.252776, "delta": 5.804762}}
{"target": -54.53734707586009, "params": {"C": 13.455594549888316, "epsilon": 1.7757441637772557, "gamma": 0.020774417790005734}, "datetime": {"datetime": "2021-09-29 20:26:18", "elapsed": 779.30086, "delta": 4.048084}}
{"target": -65.6860007971822, "params": {"C": 50.36011506204111, "epsilon": 1.2749632798987498, "gamma": 0.4935850591715127}, "datetime": {"datetime": "2021-09-29 20:26:21", "elapsed": 782.090509, "delta": 2.789649}}
{"target": -61.32268973350998, "params": {"C": 8.262838650989949, "epsilon": 0.9935938469018073, "gamma": 0.26984482374906554}, "datetime": {"datetime": "2021-09-29 20:26:25", "elapsed": 785.613022, "delta": 3.522513}}
{"target": -57.31690416323105, "params": {"C": 4.682154317494335, "epsilon": 1.6636726497883965, "gamma": 0.09084228759105796}, "datetime": {"datetime": "2021-09-29 20:26:30", "elapsed": 790.766301, "delta": 5.153279}}
{"target": -57.93144702694191, "params": {"C": 13.477370778489444, "epsilon": 2.715465914344807, "gamma": 0.09154625719318787}, "datetime": {"datetime": "2021-09-29 20:26:34", "elapsed": 794.959288, "delta": 4.192987}}
{"target": -63.857320383864725, "params": {"C": 10.693465594558493, "epsilon": 1.6980424526214248, "gamma": 0.0016364473522530966}, "datetime": {"datetime": "2021-09-29 20:26:38", "elapsed": 798.960478, "delta": 4.00119}}
{"target": -61.267828540825654, "params": {"C": 42.90362449827732, "epsilon": 2.295568917275061, "gamma": 0.10680907800755356}, "datetime": {"datetime": "2021-09-29 20:26:41", "elapsed": 801.914504, "delta": 2.954026}}
{"target": -54.772704433470366, "params": {"C": 13.625732502312733, "epsilon": 2.307369263044475, "gamma": 0.009593816077777921}, "datetime": {"datetime": "2021-09-29 20:26:46", "elapsed": 807.12795, "delta": 5.213446}}
{"target": -58.056629849534225, "params": {"C": 13.897531606641952, "epsilon": 2.121102447968922, "gamma": 0.0935627179768972}, "datetime": {"datetime": "2021-09-29 20:26:50", "elapsed": 811.154902, "delta": 4.026952}}
{"target": -57.58537272069798, "params": {"C": 41.03193521353383, "epsilon": 1.1811303588555675, "gamma": 0.032091140573751266}, "datetime": {"datetime": "2021-09-29 20:26:53", "elapsed": 814.336693, "delta": 3.181791}}
{"target": -55.93228403703519, "params": {"C": 13.416073132332048, "epsilon": 1.7039336752762586, "gamma": 0.0425157921330628}, "datetime": {"datetime": "2021-09-29 20:26:57", "elapsed": 818.24862, "delta": 3.911927}}
{"target": -55.99989261261202, "params": {"C": 5.083344176064803, "epsilon": 1.456775485170671, "gamma": 0.07425327407554433}, "datetime": {"datetime": "2021-09-29 20:27:01", "elapsed": 821.76761, "delta": 3.51899}}
{"target": -63.470040707727016, "params": {"C": 16.59124447105032, "epsilon": 0.4563283959310349, "gamma": 0.42901980711488513}, "datetime": {"datetime": "2021-09-29 20:27:03", "elapsed": 824.486174, "delta": 2.718564}}
{"target": -57.822912192738606, "params": {"C": 13.811031298833411, "epsilon": 2.405631351679749, "gamma": 0.08597751592216922}, "datetime": {"datetime": "2021-09-29 20:27:08", "elapsed": 828.890561, "delta": 4.404387}}
{"target": -63.96238998878356, "params": {"C": 90.72449919090617, "epsilon": 0.9805448894646717, "gamma": 0.14151928855211615}, "datetime": {"datetime": "2021-09-29 20:27:11", "elapsed": 832.004585, "delta": 3.114024}}
{"target": -57.76538592610907, "params": {"C": 18.553985549329006, "epsilon": 0.9904669160059704, "gamma": 0.0029340330500242217}, "datetime": {"datetime": "2021-09-29 20:27:17", "elapsed": 837.962297, "delta": 5.957712}}
{"target": -64.27565836889929, "params": {"C": 32.698418561407536, "epsilon": 0.6309668318908196, "gamma": 0.35134365395919875}, "datetime": {"datetime": "2021-09-29 20:27:20", "elapsed": 840.876026, "delta": 2.913729}}
{"target": -60.12881868264772, "params": {"C": 93.43454901557173, "epsilon": 1.3436341825656783, "gamma": 0.036743247408623614}, "datetime": {"datetime": "2021-09-29 20:27:23", "elapsed": 843.53593, "delta": 2.659904}}
{"target": -55.710161714381634, "params": {"C": 13.553513417095662, "epsilon": 2.213404867647604, "gamma": 0.00625211552213679}, "datetime": {"datetime": "2021-09-29 20:27:28", "elapsed": 848.64161, "delta": 5.10568}}
{"target": -57.27479456614718, "params": {"C": 5.1385959664913745, "epsilon": 1.503148817343658, "gamma": 0.10540464105669663}, "datetime": {"datetime": "2021-09-29 20:27:33", "elapsed": 854.083465, "delta": 5.441855}}
{"target": -54.35351454951147, "params": {"C": 13.82955187885906, "epsilon": 1.815807774298722, "gamma": 0.015749444455403893}, "datetime": {"datetime": "2021-09-29 20:27:38", "elapsed": 858.900986, "delta": 4.817521}}
{"target": -57.740944785917016, "params": {"C": 5.06373481158325, "epsilon": 1.5350668175304096, "gamma": 0.11432643193665049}, "datetime": {"datetime": "2021-09-29 20:27:43", "elapsed": 863.984566, "delta": 5.08358}}
{"target": -64.53578050583215, "params": {"C": 57.084489173396264, "epsilon": 1.3553276235931773, "gamma": 0.2568735492499284}, "datetime": {"datetime": "2021-09-29 20:27:46", "elapsed": 866.586519, "delta": 2.601953}}
{"target": -59.52608028467993, "params": {"C": 32.8829922660976, "epsilon": 1.6281555812506923, "gamma": 0.07627431682660388}, "datetime": {"datetime": "2021-09-29 20:27:49", "elapsed": 869.918186, "delta": 3.331667}}
{"target": -55.34812971454044, "params": {"C": 5.0665939699391584, "epsilon": 1.3478587165699547, "gamma": 0.033286242271254644}, "datetime": {"datetime": "2021-09-29 20:27:55", "elapsed": 875.988088, "delta": 6.069902}}
{"target": -54.31886953500331, "params": {"C": 11.958695600871279, "epsilon": 1.2041191247174077, "gamma": 0.02428576530716115}, "datetime": {"datetime": "2021-09-29 20:27:58", "elapsed": 879.120929, "delta": 3.132841}}
{"target": -66.30410799540017, "params": {"C": 62.093765591612616, "epsilon": 1.3725375065768948, "gamma": 0.4621657344001562}, "datetime": {"datetime": "2021-09-29 20:28:01", "elapsed": 882.066934, "delta": 2.946005}}
{"target": -61.732412596756234, "params": {"C": 12.756384104188447, "epsilon": 2.76171001766885, "gamma": 0.25867116247107397}, "datetime": {"datetime": "2021-09-29 20:28:04", "elapsed": 884.866121, "delta": 2.799187}}
{"target": -55.9464378228718, "params": {"C": 18.971420209924634, "epsilon": 1.1079567376708424, "gamma": 0.019309673284861807}, "datetime": {"datetime": "2021-09-29 20:28:08", "elapsed": 889.110209, "delta": 4.244088}}
{"target": -61.78814824045443, "params": {"C": 89.73632674178504, "epsilon": 2.142929377823509, "gamma": 0.06609867633244823}, "datetime": {"datetime": "2021-09-29 20:28:11", "elapsed": 892.334281, "delta": 3.224072}}
{"target": -55.50098453635933, "params": {"C": 5.0058418649423775, "epsilon": 1.27649797901881, "gamma": 0.05507147686595723}, "datetime": {"datetime": "2021-09-29 20:28:17", "elapsed": 897.539157, "delta": 5.204876}}
{"target": -55.851139534951976, "params": {"C": 13.478295342740973, "epsilon": 2.1234673334088723, "gamma": 0.006119207262427776}, "datetime": {"datetime": "2021-09-29 20:28:21", "elapsed": 902.148124, "delta": 4.608967}}
{"target": -56.192070594822226, "params": {"C": 25.17708432870553, "epsilon": 0.83822551477723, "gamma": 0.02518185549683713}, "datetime": {"datetime": "2021-09-29 20:28:24", "elapsed": 905.059443, "delta": 2.911319}}
{"target": -57.93366446054197, "params": {"C": 4.783873736311621, "epsilon": 2.0136766194242615, "gamma": 0.1143478624910629}, "datetime": {"datetime": "2021-09-29 20:28:29", "elapsed": 909.623033, "delta": 4.56359}}
{"target": -54.14175714692081, "params": {"C": 10.510632130835083, "epsilon": 1.6987112250334822, "gamma": 0.01760488898414032}, "datetime": {"datetime": "2021-09-29 20:28:33", "elapsed": 914.102472, "delta": 4.479439}}
{"target": -55.20126554517613, "params": {"C": 11.962282446177856, "epsilon": 1.2437538745708048, "gamma": 0.03725544550920658}, "datetime": {"datetime": "2021-09-29 20:28:37", "elapsed": 918.435538, "delta": 4.333066}}
{"target": -54.18517513740883, "params": {"C": 10.462133513923918, "epsilon": 1.6809072863143493, "gamma": 0.02530290863481357}, "datetime": {"datetime": "2021-09-29 20:28:42", "elapsed": 923.276224, "delta": 4.840686}}
{"target": -66.29551141685288, "params": {"C": 79.44644917685827, "epsilon": 2.53192352309371, "gamma": 0.24239988094326578}, "datetime": {"datetime": "2021-09-29 20:28:45", "elapsed": 925.735046, "delta": 2.458822}}
{"target": -67.90188843167638, "params": {"C": 1.8256704502563017, "epsilon": 1.3187229036106807, "gamma": 0.24861884264362513}, "datetime": {"datetime": "2021-09-29 20:28:48", "elapsed": 928.625477, "delta": 2.890431}}
{"target": -55.43639489882244, "params": {"C": 5.11940192998268, "epsilon": 1.4078067323529084, "gamma": 0.05458623138579188}, "datetime": {"datetime": "2021-09-29 20:28:52", "elapsed": 933.380581, "delta": 4.755104}}
{"target": -63.90559461785599, "params": {"C": 29.11409581399678, "epsilon": 1.2525381513395397, "gamma": 0.32157147415355947}, "datetime": {"datetime": "2021-09-29 20:28:55", "elapsed": 936.50061, "delta": 3.120029}}
{"target": -54.3398791331397, "params": {"C": 10.546547952472924, "epsilon": 1.59738258240909, "gamma": 0.03157719959686179}, "datetime": {"datetime": "2021-09-29 20:29:03", "elapsed": 944.477761, "delta": 7.977151}}
{"target": -63.552723000413934, "params": {"C": 9.87803190428353, "epsilon": 1.7193229263049132, "gamma": 0.3756928836091792}, "datetime": {"datetime": "2021-09-29 20:29:07", "elapsed": 948.183739, "delta": 3.705978}}
{"target": -67.0028284345782, "params": {"C": 85.65905059472134, "epsilon": 0.9203097740575605, "gamma": 0.2904687308036168}, "datetime": {"datetime": "2021-09-29 20:29:10", "elapsed": 951.143474, "delta": 2.959735}}
{"target": -59.03204173184238, "params": {"C": 13.73771140388525, "epsilon": 2.061519778476757, "gamma": 0.11819714942748862}, "datetime": {"datetime": "2021-09-29 20:29:16", "elapsed": 957.226806, "delta": 6.083332}}
{"target": -56.87158718256359, "params": {"C": 13.862901528466395, "epsilon": 1.7512427325017315, "gamma": 0.06567594878416619}, "datetime": {"datetime": "2021-09-29 20:29:24", "elapsed": 965.208941, "delta": 7.982135}}
{"target": -66.05498899395921, "params": {"C": 8.823654199325457, "epsilon": 1.258684956641508, "gamma": 0.47108726151817176}, "datetime": {"datetime": "2021-09-29 20:29:27", "elapsed": 968.214368, "delta": 3.005427}}
{"target": -63.65010054738603, "params": {"C": 18.908178803091126, "epsilon": 1.2716376619248944, "gamma": 0.001}, "datetime": {"datetime": "2021-09-29 20:29:33", "elapsed": 974.247299, "delta": 6.032931}}
