{"target": -59.58866615194468, "params": {"C": 104.28532118867284, "epsilon": 2.8388514239712745, "gamma": 0.020472166948976363}, "datetime": {"datetime": "2021-09-29 21:26:46", "elapsed": 204.326559, "delta": 1.185387}}
{"target": -55.884433333040086, "params": {"C": 13.919978171623416, "epsilon": 1.3600687847925594, "gamma": 0.015283655860534692}, "datetime": {"datetime": "2021-09-29 21:26:48", "elapsed": 205.845292, "delta": 1.518733}}
{"target": -60.20423541461345, "params": {"C": 13.877429140823054, "epsilon": 1.342078214738532, "gamma": 0.041973551710318684}, "datetime": {"datetime": "2021-09-29 21:26:50", "elapsed": 207.658923, "delta": 1.813631}}
{"target": -55.294534084505564, "params": {"C": 10.377381015252498, "epsilon": 2.5709109188434853, "gamma": 0.014799094522455907}, "datetime": {"datetime": "2021-09-29 21:26:51", "elapsed": 209.41805, "delta": 1.759127}}
{"target": -63.2598599122168, "params": {"C": 97.82651908877627, "epsilon": 0.9089569831441796, "gamma": 0.051266029452456084}, "datetime": {"datetime": "2021-09-29 21:26:53", "elapsed": 210.599648, "delta": 1.181598}}
{"target": -55.73359829497697, "params": {"C": 166.75929148757317, "epsilon": 0.06262602516336994, "gamma": 0.004033908784580786}, "datetime": {"datetime": "2021-09-29 21:26:54", "elapsed": 211.778527, "delta": 1.178879}}
{"target": -62.896436386198786, "params": {"C": 27.82170087038655, "epsilon": 1.517835339120871, "gamma": 0.059125059046654174}, "datetime": {"datetime": "2021-09-29 21:26:56", "elapsed": 214.099712, "delta": 2.321185}}
{"target": -57.89715153215968, "params": {"C": 115.91180380076618, "epsilon": 0.6304360117522175, "gamma": 0.013392241399327477}, "datetime": {"datetime": "2021-09-29 21:26:58", "elapsed": 215.719894, "delta": 1.620182}}
{"target": -54.7672641989454, "params": {"C": 19.31012106797141, "epsilon": 0.5210872119518325, "gamma": 0.008139673058564455}, "datetime": {"datetime": "2021-09-29 21:27:00", "elapsed": 217.504655, "delta": 1.784761}}
{"target": -55.409990803821984, "params": {"C": 13.996971490072568, "epsilon": 1.475886039418749, "gamma": 0.012378066219244302}, "datetime": {"datetime": "2021-09-29 21:27:01", "elapsed": 219.036465, "delta": 1.53181}}
{"target": -59.92865565202946, "params": {"C": 19.26788825004378, "epsilon": 0.5770177154923755, "gamma": 0.0278493514527792}, "datetime": {"datetime": "2021-09-29 21:27:03", "elapsed": 220.984997, "delta": 1.948532}}
{"target": -51.72880151931595, "params": {"C": 153.1536558760835, "epsilon": 1.8045291841279305, "gamma": 0.0006053554581096902}, "datetime": {"datetime": "2021-09-29 21:27:04", "elapsed": 222.387189, "delta": 1.402192}}
{"target": -54.77188134331627, "params": {"C": 166.76593739429407, "epsilon": 0.02523520821717621, "gamma": 0.0001972131925056166}, "datetime": {"datetime": "2021-09-29 21:27:06", "elapsed": 224.388335, "delta": 2.001146}}
{"target": -65.63573272265536, "params": {"C": 97.59279941999746, "epsilon": 2.279996523712222, "gamma": 0.07233232944710373}, "datetime": {"datetime": "2021-09-29 21:27:08", "elapsed": 225.487555, "delta": 1.09922}}
{"target": -64.08088877433937, "params": {"C": 37.65124207001013, "epsilon": 2.2703410675170295, "gamma": 0.07797685695933898}, "datetime": {"datetime": "2021-09-29 21:27:09", "elapsed": 226.694563, "delta": 1.207008}}
{"target": -53.91229145862903, "params": {"C": 10.41688701244826, "epsilon": 2.593505702453668, "gamma": 0.006084366372716274}, "datetime": {"datetime": "2021-09-29 21:27:10", "elapsed": 228.321698, "delta": 1.627135}}
{"target": -63.43296499826846, "params": {"C": 161.93284901734583, "epsilon": 1.0399842789577696, "gamma": 0.03764627285305913}, "datetime": {"datetime": "2021-09-29 21:27:12", "elapsed": 230.021348, "delta": 1.69965}}
{"target": -64.0231276824073, "params": {"C": 142.89743398249368, "epsilon": 2.6752604998475342, "gamma": 0.04509925847152651}, "datetime": {"datetime": "2021-09-29 21:27:13", "elapsed": 231.177134, "delta": 1.155786}}
{"target": -60.628717017834674, "params": {"C": 10.44165833216923, "epsilon": 2.5472222582790107, "gamma": 0.05112141987659451}, "datetime": {"datetime": "2021-09-29 21:27:15", "elapsed": 232.63767, "delta": 1.460536}}
{"target": -56.36637618595734, "params": {"C": 40.519992300389596, "epsilon": 0.7620019070443597, "gamma": 0.009145281294723633}, "datetime": {"datetime": "2021-09-29 21:27:16", "elapsed": 234.445805, "delta": 1.808135}}
{"target": -58.19216761986451, "params": {"C": 176.34213812833212, "epsilon": 2.8938086807607735, "gamma": 0.01242118659966594}, "datetime": {"datetime": "2021-09-29 21:27:18", "elapsed": 235.799664, "delta": 1.353859}}
{"target": -60.62318109365159, "params": {"C": 11.33524980824003, "epsilon": 0.8023953685557121, "gamma": 0.052000993989163614}, "datetime": {"datetime": "2021-09-29 21:27:19", "elapsed": 236.998661, "delta": 1.198997}}
{"target": -62.05401861320501, "params": {"C": 118.48514934550403, "epsilon": 0.06102295051944889, "gamma": 0.0001}, "datetime": {"datetime": "2021-09-29 21:27:21", "elapsed": 238.82802, "delta": 1.829359}}
{"target": -61.33400353776031, "params": {"C": 75.52485809995, "epsilon": 0.7388941676214785, "gamma": 0.036832030083345756}, "datetime": {"datetime": "2021-09-29 21:27:22", "elapsed": 239.998316, "delta": 1.170296}}
{"target": -70.5103047236949, "params": {"C": 184.6719003599682, "epsilon": 0.00276510678213893, "gamma": 0.08973810141340616}, "datetime": {"datetime": "2021-09-29 21:27:23", "elapsed": 241.236969, "delta": 1.238653}}
{"target": -62.47994854311738, "params": {"C": 78.21811831002475, "epsilon": 1.7896759001997944, "gamma": 0.049681946744570035}, "datetime": {"datetime": "2021-09-29 21:27:24", "elapsed": 242.396593, "delta": 1.159624}}
{"target": -68.53326079970202, "params": {"C": 150.3422689219801, "epsilon": 2.164174533012546, "gamma": 0.08059824876991627}, "datetime": {"datetime": "2021-09-29 21:27:26", "elapsed": 243.55317, "delta": 1.156577}}
{"target": -55.03823663801939, "params": {"C": 19.202052847012244, "epsilon": 0.5572445264910166, "gamma": 0.009672072935577892}, "datetime": {"datetime": "2021-09-29 21:27:28", "elapsed": 245.554093, "delta": 2.000923}}
{"target": -60.48838655285914, "params": {"C": 33.896259580333336, "epsilon": 0.7048286569698369, "gamma": 0.03060983375265174}, "datetime": {"datetime": "2021-09-29 21:27:30", "elapsed": 247.505251, "delta": 1.951158}}
{"target": -70.10972900062363, "params": {"C": 193.8594123527679, "epsilon": 1.0002457377641762, "gamma": 0.08071792107036693}, "datetime": {"datetime": "2021-09-29 21:27:31", "elapsed": 248.611239, "delta": 1.105988}}
{"target": -61.69976001300442, "params": {"C": 66.79109029445826, "epsilon": 2.529653953490002, "gamma": 0.043758167384478804}, "datetime": {"datetime": "2021-09-29 21:27:32", "elapsed": 250.395619, "delta": 1.78438}}
{"target": -60.92426883932692, "params": {"C": 10.454856497845384, "epsilon": 2.5654000000375508, "gamma": 0.001481761583544517}, "datetime": {"datetime": "2021-09-29 21:27:34", "elapsed": 252.056769, "delta": 1.66115}}
{"target": -57.061059406392204, "params": {"C": 131.21763456830112, "epsilon": 0.974366722963807, "gamma": 0.009573379632673141}, "datetime": {"datetime": "2021-09-29 21:27:36", "elapsed": 253.561038, "delta": 1.504269}}
{"target": -63.91204893232146, "params": {"C": 19.65803174367959, "epsilon": 0.058756277597956534, "gamma": 0.0004462580318489234}, "datetime": {"datetime": "2021-09-29 21:27:37", "elapsed": 254.792038, "delta": 1.231}}
{"target": -63.60622590945317, "params": {"C": 95.62431595432787, "epsilon": 0.32877958764429693, "gamma": 0.05460824349817834}, "datetime": {"datetime": "2021-09-29 21:27:38", "elapsed": 255.953263, "delta": 1.161225}}
{"target": -71.37462163040217, "params": {"C": 19.276026940627673, "epsilon": 0.5631240480313408, "gamma": 0.0001}, "datetime": {"datetime": "2021-09-29 21:27:40", "elapsed": 257.583089, "delta": 1.629826}}
{"target": -56.84655427295331, "params": {"C": 8.589635907086922, "epsilon": 0.015874838642731214, "gamma": 0.020006715005319177}, "datetime": {"datetime": "2021-09-29 21:27:41", "elapsed": 258.755051, "delta": 1.171962}}
{"target": -58.834776296459815, "params": {"C": 33.92377600923311, "epsilon": 0.7018276547448473, "gamma": 0.019182217884910195}, "datetime": {"datetime": "2021-09-29 21:27:42", "elapsed": 260.429305, "delta": 1.674254}}
{"target": -57.26527880166095, "params": {"C": 38.84781862723793, "epsilon": 1.0151703912899617, "gamma": 0.013017712290824471}, "datetime": {"datetime": "2021-09-29 21:27:44", "elapsed": 261.680999, "delta": 1.251694}}
{"target": -60.87497101032542, "params": {"C": 40.535944756785206, "epsilon": 0.7611289792485689, "gamma": 0.033387843378687734}, "datetime": {"datetime": "2021-09-29 21:27:46", "elapsed": 263.761996, "delta": 2.080997}}
{"target": -63.10005429777511, "params": {"C": 74.65112616763797, "epsilon": 1.5876595582136614, "gamma": 0.05779739332335403}, "datetime": {"datetime": "2021-09-29 21:27:47", "elapsed": 264.928038, "delta": 1.166042}}
{"target": -56.17794975834646, "params": {"C": 25.97090513851648, "epsilon": 1.8951892782801332, "gamma": 0.011742794099626355}, "datetime": {"datetime": "2021-09-29 21:27:49", "elapsed": 267.073111, "delta": 2.145073}}
{"target": -61.110834957292404, "params": {"C": 40.504619473151884, "epsilon": 0.7868142773305017, "gamma": 0.03608080699617877}, "datetime": {"datetime": "2021-09-29 21:27:51", "elapsed": 268.560388, "delta": 1.487277}}
{"target": -58.180466579402534, "params": {"C": 19.296281245283243, "epsilon": 0.5384366854317295, "gamma": 0.021273542170135242}, "datetime": {"datetime": "2021-09-29 21:27:53", "elapsed": 270.598429, "delta": 2.038041}}
{"target": -63.46998635930352, "params": {"C": 38.71502403935491, "epsilon": 1.9813257628970051, "gamma": 0.06303401384322782}, "datetime": {"datetime": "2021-09-29 21:27:54", "elapsed": 271.869535, "delta": 1.271106}}
{"target": -60.07526774355819, "params": {"C": 161.92210385770903, "epsilon": 1.0811641622126582, "gamma": 0.02089408937513923}, "datetime": {"datetime": "2021-09-29 21:27:56", "elapsed": 274.277371, "delta": 2.407836}}
{"target": -54.37944503772903, "params": {"C": 13.946431389697556, "epsilon": 1.4186926839718834, "gamma": 0.009114946257825662}, "datetime": {"datetime": "2021-09-29 21:27:58", "elapsed": 276.211657, "delta": 1.934286}}
{"target": -66.42190557867929, "params": {"C": 123.37531278219183, "epsilon": 1.5393358035495146, "gamma": 0.06856887054517982}, "datetime": {"datetime": "2021-09-29 21:28:00", "elapsed": 277.566909, "delta": 1.355252}}
{"target": -68.87113782736417, "params": {"C": 140.42378613411913, "epsilon": 2.253294566299158, "gamma": 0.08923480121055047}, "datetime": {"datetime": "2021-09-29 21:28:01", "elapsed": 278.857966, "delta": 1.291057}}
{"target": -57.43309816367127, "params": {"C": 67.58826275387645, "epsilon": 1.5867004884371172, "gamma": 0.011888222577609641}, "datetime": {"datetime": "2021-09-29 21:28:02", "elapsed": 280.281966, "delta": 1.424}}
{"target": -51.998321693572635, "params": {"C": 153.13393444694336, "epsilon": 1.790227822846217, "gamma": 0.0006534481244875455}, "datetime": {"datetime": "2021-09-29 21:28:04", "elapsed": 282.136086, "delta": 1.85412}}
{"target": -65.13577448563032, "params": {"C": 62.46521382702054, "epsilon": 1.5289445940741733, "gamma": 0.0830603248094612}, "datetime": {"datetime": "2021-09-29 21:28:06", "elapsed": 283.476086, "delta": 1.34}}
{"target": -63.449311936965124, "params": {"C": 123.23758835707574, "epsilon": 1.7887931725153734, "gamma": 0.045126666548052544}, "datetime": {"datetime": "2021-09-29 21:28:07", "elapsed": 284.706211, "delta": 1.230125}}
{"target": -61.56789636798295, "params": {"C": 19.10228545308707, "epsilon": 0.5318099094477916, "gamma": 0.042574370498689895}, "datetime": {"datetime": "2021-09-29 21:28:09", "elapsed": 286.757347, "delta": 2.051136}}
{"target": -62.67081007377404, "params": {"C": 103.21114709549788, "epsilon": 2.7174224254569146, "gamma": 0.04482878830999414}, "datetime": {"datetime": "2021-09-29 21:28:10", "elapsed": 288.096991, "delta": 1.339644}}
{"target": -59.72210251629072, "params": {"C": 13.996659992031299, "epsilon": 1.416657228684277, "gamma": 0.001249114949821103}, "datetime": {"datetime": "2021-09-29 21:28:12", "elapsed": 289.697329, "delta": 1.600338}}
{"target": -56.091650310042205, "params": {"C": 19.24198331446318, "epsilon": 0.601511738054682, "gamma": 0.013649380351814863}, "datetime": {"datetime": "2021-09-29 21:28:14", "elapsed": 292.012209, "delta": 2.31488}}
{"target": -56.70132267695751, "params": {"C": 36.74516055286472, "epsilon": 1.059650888514257, "gamma": 0.010499616462104077}, "datetime": {"datetime": "2021-09-29 21:28:16", "elapsed": 293.536207, "delta": 1.523998}}
{"target": -59.491084214499914, "params": {"C": 138.72480903932782, "epsilon": 2.1035543783597213, "gamma": 0.018626997171775947}, "datetime": {"datetime": "2021-09-29 21:28:19", "elapsed": 296.823705, "delta": 3.287498}}
{"target": -61.955678691900786, "params": {"C": 19.222013241363705, "epsilon": 0.5641548475039704, "gamma": 0.04744858433522344}, "datetime": {"datetime": "2021-09-29 21:28:21", "elapsed": 299.047303, "delta": 2.223598}}
{"target": -61.68909516688949, "params": {"C": 51.988284849120674, "epsilon": 2.880862178392731, "gamma": 0.04246580682610119}, "datetime": {"datetime": "2021-09-29 21:28:23", "elapsed": 300.524546, "delta": 1.477243}}
{"target": -61.502921100760865, "params": {"C": 3.8097760145883797, "epsilon": 0.2909409813073664, "gamma": 0.004286766769231196}, "datetime": {"datetime": "2021-09-29 21:28:25", "elapsed": 302.541039, "delta": 2.016493}}
{"target": -56.97959238126488, "params": {"C": 176.40446517487712, "epsilon": 2.8674793564628525, "gamma": 0.0074763619613859205}, "datetime": {"datetime": "2021-09-29 21:28:27", "elapsed": 304.508679, "delta": 1.96764}}
{"target": -60.47448823828907, "params": {"C": 13.96062368418027, "epsilon": 1.3681887127264356, "gamma": 0.0454964172032334}, "datetime": {"datetime": "2021-09-29 21:28:28", "elapsed": 305.809956, "delta": 1.301277}}
{"target": -61.16487802658831, "params": {"C": 131.25323264974543, "epsilon": 0.9944257370490439, "gamma": 0.02869805789315709}, "datetime": {"datetime": "2021-09-29 21:28:30", "elapsed": 308.358231, "delta": 2.548275}}
{"target": -60.88282019783359, "params": {"C": 39.628906793732156, "epsilon": 0.180471005519555, "gamma": 0.03388642360703382}, "datetime": {"datetime": "2021-09-29 21:28:32", "elapsed": 309.852355, "delta": 1.494124}}
{"target": -53.96062421393292, "params": {"C": 13.989036309645694, "epsilon": 1.3019413644674953, "gamma": 0.0063503097619865365}, "datetime": {"datetime": "2021-09-29 21:28:34", "elapsed": 311.905379, "delta": 2.053024}}
{"target": -59.74445041804479, "params": {"C": 166.72980497939488, "epsilon": 0.018480347882551238, "gamma": 0.018639817095755424}, "datetime": {"datetime": "2021-09-29 21:28:36", "elapsed": 313.860344, "delta": 1.954965}}
{"target": -60.68611412970707, "params": {"C": 61.05214357209051, "epsilon": 1.932232588814937, "gamma": 0.03134094246287494}, "datetime": {"datetime": "2021-09-29 21:28:37", "elapsed": 315.316347, "delta": 1.456003}}
{"target": -69.52632439334657, "params": {"C": 165.56422271915994, "epsilon": 2.1058419509408144, "gamma": 0.0839523915368672}, "datetime": {"datetime": "2021-09-29 21:28:39", "elapsed": 316.711114, "delta": 1.394767}}
{"target": -61.810741703733896, "params": {"C": 97.34292407005347, "epsilon": 0.6696613525710079, "gamma": 0.03894951058131252}, "datetime": {"datetime": "2021-09-29 21:28:40", "elapsed": 318.192627, "delta": 1.481513}}
{"target": -66.9704001923388, "params": {"C": 170.8710165041721, "epsilon": 2.55741818944932, "gamma": 0.05913120398020364}, "datetime": {"datetime": "2021-09-29 21:28:42", "elapsed": 319.755624, "delta": 1.562997}}
{"target": -58.938199408212164, "params": {"C": 36.770324780625124, "epsilon": 1.0631249866206032, "gamma": 0.019540133969831876}, "datetime": {"datetime": "2021-09-29 21:28:44", "elapsed": 321.499111, "delta": 1.743487}}
{"target": -53.83696223328332, "params": {"C": 36.763720726245225, "epsilon": 1.0805345938599304, "gamma": 0.00137233558966589}, "datetime": {"datetime": "2021-09-29 21:28:45", "elapsed": 323.383279, "delta": 1.884168}}
{"target": -62.225548619342064, "params": {"C": 14.13383431824748, "epsilon": 0.8733081495085911, "gamma": 0.07408685159196061}, "datetime": {"datetime": "2021-09-29 21:28:47", "elapsed": 324.880437, "delta": 1.497158}}
{"target": -55.60225146417831, "params": {"C": 10.440548388107079, "epsilon": 2.5940979990197097, "gamma": 0.01607441833574739}, "datetime": {"datetime": "2021-09-29 21:28:49", "elapsed": 326.726772, "delta": 1.846335}}
{"target": -67.8166581116501, "params": {"C": 125.17469207521404, "epsilon": 1.1775268605017226, "gamma": 0.08356591932886419}, "datetime": {"datetime": "2021-09-29 21:28:50", "elapsed": 328.196232, "delta": 1.46946}}
{"target": -59.51915180309207, "params": {"C": 10.352718040276683, "epsilon": 2.5697276947096364, "gamma": 0.03952700033072328}, "datetime": {"datetime": "2021-09-29 21:28:53", "elapsed": 330.664005, "delta": 2.467773}}
{"target": -59.564054754744014, "params": {"C": 131.18361589680904, "epsilon": 0.9907711074908122, "gamma": 0.01958906535472202}, "datetime": {"datetime": "2021-09-29 21:28:55", "elapsed": 332.567367, "delta": 1.903362}}
{"target": -57.02966534559856, "params": {"C": 67.56202513865861, "epsilon": 1.5742007833142408, "gamma": 0.0095667176101281}, "datetime": {"datetime": "2021-09-29 21:28:57", "elapsed": 334.788533, "delta": 2.221166}}
{"target": -55.80741790273175, "params": {"C": 13.971807525829925, "epsilon": 1.508493045767018, "gamma": 0.014587466795174841}, "datetime": {"datetime": "2021-09-29 21:28:59", "elapsed": 336.774358, "delta": 1.985825}}
{"target": -56.08769240944284, "params": {"C": 19.07630240149313, "epsilon": 0.5964029201490345, "gamma": 0.013549342734287163}, "datetime": {"datetime": "2021-09-29 21:29:01", "elapsed": 339.254965, "delta": 2.480607}}
{"target": -51.99817925131085, "params": {"C": 73.2500855525838, "epsilon": 2.270850793319381, "gamma": 0.0010480106304181019}, "datetime": {"datetime": "2021-09-29 21:29:03", "elapsed": 341.408817, "delta": 2.153852}}
{"target": -59.688173824334356, "params": {"C": 85.27020970395337, "epsilon": 1.8078633744384511, "gamma": 0.022540159241759887}, "datetime": {"datetime": "2021-09-29 21:29:05", "elapsed": 343.040797, "delta": 1.63198}}
{"target": -56.46924237318159, "params": {"C": 134.20060270683817, "epsilon": 0.6692901469291525, "gamma": 0.007588741324815106}, "datetime": {"datetime": "2021-09-29 21:29:07", "elapsed": 344.460116, "delta": 1.419319}}
{"target": -61.82487288462599, "params": {"C": 7.8367237767424935, "epsilon": 2.3647671969659756, "gamma": 0.083754245971756}, "datetime": {"datetime": "2021-09-29 21:29:08", "elapsed": 346.223374, "delta": 1.763258}}
{"target": -65.3426477461102, "params": {"C": 154.25084655242267, "epsilon": 2.367099526312745, "gamma": 0.05077483552407339}, "datetime": {"datetime": "2021-09-29 21:29:10", "elapsed": 347.851369, "delta": 1.627995}}
{"target": -58.66991536348577, "params": {"C": 72.17255272722865, "epsilon": 2.09708265730326, "gamma": 0.017453026000197}, "datetime": {"datetime": "2021-09-29 21:29:12", "elapsed": 349.528838, "delta": 1.677469}}
{"target": -60.22704951212582, "params": {"C": 19.171583427741297, "epsilon": 0.49740398214218706, "gamma": 0.02942806000173539}, "datetime": {"datetime": "2021-09-29 21:29:14", "elapsed": 352.196848, "delta": 2.66801}}
{"target": -60.71728899647597, "params": {"C": 19.28541805875663, "epsilon": 0.5034053863315636, "gamma": 0.03342773536079031}, "datetime": {"datetime": "2021-09-29 21:29:16", "elapsed": 354.130695, "delta": 1.933847}}
{"target": -60.33023542872641, "params": {"C": 80.95290144154242, "epsilon": 2.23758363289581, "gamma": 0.027284335732443217}, "datetime": {"datetime": "2021-09-29 21:29:18", "elapsed": 355.698314, "delta": 1.567619}}
{"target": -56.473496980658155, "params": {"C": 153.17919352981954, "epsilon": 1.7705579187543379, "gamma": 0.00696930016303567}, "datetime": {"datetime": "2021-09-29 21:29:21", "elapsed": 358.479993, "delta": 2.781679}}
{"target": -56.368626299925886, "params": {"C": 19.11048942660115, "epsilon": 0.5316739785769133, "gamma": 0.015881211891130904}, "datetime": {"datetime": "2021-09-29 21:29:23", "elapsed": 360.516437, "delta": 2.036444}}
{"target": -63.52740825761036, "params": {"C": 153.146019030534, "epsilon": 1.7974090415126613, "gamma": 0.03913437393843429}, "datetime": {"datetime": "2021-09-29 21:29:25", "elapsed": 362.954354, "delta": 2.437917}}
{"target": -65.87831518629518, "params": {"C": 196.6911500434563, "epsilon": 1.2138946119270528, "gamma": 0.04544277204358974}, "datetime": {"datetime": "2021-09-29 21:29:26", "elapsed": 364.445643, "delta": 1.491289}}
{"target": -53.98023152638631, "params": {"C": 36.75794961570021, "epsilon": 0.9840099867997162, "gamma": 0.001246258251685627}, "datetime": {"datetime": "2021-09-29 21:29:29", "elapsed": 366.702551, "delta": 2.256908}}
{"target": -62.92563135922725, "params": {"C": 145.6371370692452, "epsilon": 2.491295721126567, "gamma": 0.03786414557703671}, "datetime": {"datetime": "2021-09-29 21:29:30", "elapsed": 368.298321, "delta": 1.59577}}
{"target": -63.9083033433808, "params": {"C": 55.85352743722747, "epsilon": 2.1474203145790893, "gamma": 0.07070606929511715}, "datetime": {"datetime": "2021-09-29 21:29:32", "elapsed": 369.967317, "delta": 1.668996}}
{"target": -53.62642304363594, "params": {"C": 12.124174187236308, "epsilon": 2.493149319242606, "gamma": 0.005877913622549071}, "datetime": {"datetime": "2021-09-29 21:29:34", "elapsed": 371.506199, "delta": 1.538882}}
{"target": -59.705188356158814, "params": {"C": 138.79332082421598, "epsilon": 2.614520706700921, "gamma": 0.02009058302362006}, "datetime": {"datetime": "2021-09-29 21:29:35", "elapsed": 373.243632, "delta": 1.737433}}
