{"target": -65.17454598044397, "params": {"C": 13.331775229161508, "epsilon": 1.8881667746913045, "gamma": 0.001}, "datetime": {"datetime": "2021-09-29 20:15:10", "elapsed": 110.580576, "delta": 1.661338}}
{"target": -57.28765471787898, "params": {"C": 4.697115181409446, "epsilon": 1.842831563807517, "gamma": 0.088540541747473}, "datetime": {"datetime": "2021-09-29 20:15:11", "elapsed": 111.813095, "delta": 1.232519}}
{"target": -59.71096384568689, "params": {"C": 45.74088559888428, "epsilon": 2.4636631457309446, "gamma": 0.06011996712485278}, "datetime": {"datetime": "2021-09-29 20:15:12", "elapsed": 112.68982, "delta": 0.876725}}
{"target": -64.57821875929226, "params": {"C": 34.64320500365199, "epsilon": 2.220564170796571, "gamma": 0.4784751236706896}, "datetime": {"datetime": "2021-09-29 20:15:13", "elapsed": 113.529504, "delta": 0.839684}}
{"target": -55.89198232098995, "params": {"C": 13.425604315730292, "epsilon": 2.0353122849287795, "gamma": 0.042081753081864404}, "datetime": {"datetime": "2021-09-29 20:15:14", "elapsed": 114.633689, "delta": 1.104185}}
{"target": -58.76185977313013, "params": {"C": 4.666109419633703, "epsilon": 1.861981040812613, "gamma": 0.008814845764290553}, "datetime": {"datetime": "2021-09-29 20:15:15", "elapsed": 115.546694, "delta": 0.913005}}
{"target": -55.01358817408851, "params": {"C": 13.457281769836003, "epsilon": 2.3272845909950015, "gamma": 0.026779639470434453}, "datetime": {"datetime": "2021-09-29 20:15:15", "elapsed": 116.417219, "delta": 0.870525}}
{"target": -64.84982680300469, "params": {"C": 79.79982988094434, "epsilon": 0.9856244684566998, "gamma": 0.19147842495238607}, "datetime": {"datetime": "2021-09-29 20:15:16", "elapsed": 117.102394, "delta": 0.685175}}
{"target": -55.76895370890885, "params": {"C": 13.164657160524259, "epsilon": 1.8385196540940507, "gamma": 0.03873732643004207}, "datetime": {"datetime": "2021-09-29 20:15:17", "elapsed": 118.30139, "delta": 1.198996}}
{"target": -57.10171070119172, "params": {"C": 13.22069861787273, "epsilon": 1.7893354741550322, "gamma": 0.07014832335305478}, "datetime": {"datetime": "2021-09-29 20:15:19", "elapsed": 119.816088, "delta": 1.514698}}
{"target": -55.472718528104224, "params": {"C": 4.808452315364367, "epsilon": 1.7219690535866838, "gamma": 0.0413590650245732}, "datetime": {"datetime": "2021-09-29 20:15:20", "elapsed": 120.681402, "delta": 0.865314}}
{"target": -56.019844041684244, "params": {"C": 4.730375863807698, "epsilon": 1.7629543854871546, "gamma": 0.021809369261434872}, "datetime": {"datetime": "2021-09-29 20:15:21", "elapsed": 121.804404, "delta": 1.123002}}
{"target": -58.980011912657396, "params": {"C": 4.787240605431979, "epsilon": 1.8261048335068562, "gamma": 0.16423221870376858}, "datetime": {"datetime": "2021-09-29 20:15:22", "elapsed": 123.286685, "delta": 1.482281}}
{"target": -58.29128547495773, "params": {"C": 13.306745467968192, "epsilon": 2.407774366397249, "gamma": 0.10132993658318312}, "datetime": {"datetime": "2021-09-29 20:15:24", "elapsed": 124.618562, "delta": 1.331877}}
{"target": -56.59348169840372, "params": {"C": 13.638335708424924, "epsilon": 1.80347891817743, "gamma": 0.05854793208198411}, "datetime": {"datetime": "2021-09-29 20:15:25", "elapsed": 125.885649, "delta": 1.267087}}
{"target": -56.13989503407494, "params": {"C": 13.199013539085541, "epsilon": 1.8985958550407895, "gamma": 0.05107109149661297}, "datetime": {"datetime": "2021-09-29 20:15:26", "elapsed": 127.040715, "delta": 1.155066}}
{"target": -54.60080180071856, "params": {"C": 13.171013333204407, "epsilon": 1.9313864240270002, "gamma": 0.008906166634660366}, "datetime": {"datetime": "2021-09-29 20:15:27", "elapsed": 128.50735, "delta": 1.466635}}
{"target": -58.2761316863026, "params": {"C": 4.7440352053387524, "epsilon": 1.687689543659063, "gamma": 0.012253015340529153}, "datetime": {"datetime": "2021-09-29 20:15:29", "elapsed": 129.53759, "delta": 1.03024}}
{"target": -57.882248354604236, "params": {"C": 4.7749316086069475, "epsilon": 1.7632805143660433, "gamma": 0.1129819846191083}, "datetime": {"datetime": "2021-09-29 20:15:29", "elapsed": 130.51559, "delta": 0.978}}
{"target": -56.801477859907735, "params": {"C": 4.832017617114303, "epsilon": 1.8274838104788407, "gamma": 0.08240079021239136}, "datetime": {"datetime": "2021-09-29 20:15:31", "elapsed": 132.453653, "delta": 1.938063}}
{"target": -55.50324499885827, "params": {"C": 4.663248136977634, "epsilon": 1.9662587859156715, "gamma": 0.056296341890172366}, "datetime": {"datetime": "2021-09-29 20:15:33", "elapsed": 133.725461, "delta": 1.271808}}
{"target": -65.33071006137548, "params": {"C": 49.68379609783286, "epsilon": 0.9705172909880242, "gamma": 0.4229997250080955}, "datetime": {"datetime": "2021-09-29 20:15:34", "elapsed": 134.600456, "delta": 0.874995}}
{"target": -55.88593815997596, "params": {"C": 4.603086011664551, "epsilon": 1.9427501106815528, "gamma": 0.06284882351585101}, "datetime": {"datetime": "2021-09-29 20:15:35", "elapsed": 135.790771, "delta": 1.190315}}
{"target": -57.43955664823258, "params": {"C": 13.6593382028551, "epsilon": 2.41833852864957, "gamma": 0.004137609660428705}, "datetime": {"datetime": "2021-09-29 20:15:37", "elapsed": 137.700494, "delta": 1.909723}}
{"target": -54.54344447175764, "params": {"C": 13.35584458673774, "epsilon": 2.369855058800876, "gamma": 0.02092035389977315}, "datetime": {"datetime": "2021-09-29 20:15:38", "elapsed": 138.859394, "delta": 1.1589}}
{"target": -54.79899636835198, "params": {"C": 13.231841628133408, "epsilon": 1.8066781237788585, "gamma": 0.010872689685282572}, "datetime": {"datetime": "2021-09-29 20:15:39", "elapsed": 140.172387, "delta": 1.312993}}
{"target": -65.5645257500278, "params": {"C": 59.88219545672247, "epsilon": 2.567432506600664, "gamma": 0.3711387740333518}, "datetime": {"datetime": "2021-09-29 20:15:40", "elapsed": 141.07409, "delta": 0.901703}}
{"target": -57.90533527008448, "params": {"C": 4.899200251460455, "epsilon": 1.7270205229291191, "gamma": 0.11451415706983684}, "datetime": {"datetime": "2021-09-29 20:15:42", "elapsed": 142.706113, "delta": 1.632023}}
{"target": -57.35737974389426, "params": {"C": 4.584239871971985, "epsilon": 1.8576521932925958, "gamma": 0.09092994699882566}, "datetime": {"datetime": "2021-09-29 20:15:43", "elapsed": 144.071946, "delta": 1.365833}}
{"target": -59.992974537349006, "params": {"C": 13.801600547414244, "epsilon": 2.1473516946194127, "gamma": 0.14676909741652872}, "datetime": {"datetime": "2021-09-29 20:15:44", "elapsed": 145.31044, "delta": 1.238494}}
{"target": -56.011382351507976, "params": {"C": 13.748068248295887, "epsilon": 2.051250250493497, "gamma": 0.045065483523614364}, "datetime": {"datetime": "2021-09-29 20:15:45", "elapsed": 146.424509, "delta": 1.114069}}
{"target": -64.1059210799028, "params": {"C": 29.813118537134468, "epsilon": 0.902727193455901, "gamma": 0.4600575407975595}, "datetime": {"datetime": "2021-09-29 20:15:46", "elapsed": 147.351691, "delta": 0.927182}}
{"target": -56.561964543946594, "params": {"C": 13.330679710174685, "epsilon": 2.2876809329119028, "gamma": 0.005125120141170701}, "datetime": {"datetime": "2021-09-29 20:15:48", "elapsed": 148.527365, "delta": 1.175674}}
{"target": -64.40069809262239, "params": {"C": 8.748544459656264, "epsilon": 1.2364929705274044, "gamma": 0.38553703910799614}, "datetime": {"datetime": "2021-09-29 20:15:48", "elapsed": 149.436981, "delta": 0.909616}}
{"target": -58.55669540599685, "params": {"C": 13.504585278746607, "epsilon": 1.8236881254662778, "gamma": 0.003354953065186661}, "datetime": {"datetime": "2021-09-29 20:15:50", "elapsed": 150.916548, "delta": 1.479567}}
{"target": -57.08427527759612, "params": {"C": 13.562388334745181, "epsilon": 2.519206664645071, "gamma": 0.07446145236604414}, "datetime": {"datetime": "2021-09-29 20:15:52", "elapsed": 152.746549, "delta": 1.830001}}
{"target": -56.55602119364852, "params": {"C": 92.94218456659233, "epsilon": 0.39229572486612174, "gamma": 0.008757480065332945}, "datetime": {"datetime": "2021-09-29 20:15:53", "elapsed": 153.694586, "delta": 0.948037}}
{"target": -64.24088523069193, "params": {"C": 67.24086489584482, "epsilon": 1.598625621234893, "gamma": 0.19182998239776114}, "datetime": {"datetime": "2021-09-29 20:15:54", "elapsed": 154.632594, "delta": 0.938008}}
{"target": -64.07885847136548, "params": {"C": 92.60769123764534, "epsilon": 0.5680516127093954, "gamma": 0.14354204366030074}, "datetime": {"datetime": "2021-09-29 20:15:55", "elapsed": 155.535231, "delta": 0.902637}}
{"target": -58.591602637444396, "params": {"C": 18.834161706405165, "epsilon": 0.9362040985938295, "gamma": 0.10563594311410945}, "datetime": {"datetime": "2021-09-29 20:15:55", "elapsed": 156.464228, "delta": 0.928997}}
{"target": -63.47476991112732, "params": {"C": 55.81108019732012, "epsilon": 0.4271745244114547, "gamma": 0.20157690778161932}, "datetime": {"datetime": "2021-09-29 20:15:57", "elapsed": 157.643847, "delta": 1.179619}}
{"target": -55.81901750111841, "params": {"C": 13.323727544774538, "epsilon": 2.478198185379563, "gamma": 0.03958256197592258}, "datetime": {"datetime": "2021-09-29 20:15:58", "elapsed": 159.116737, "delta": 1.47289}}
{"target": -59.69857709239993, "params": {"C": 13.627322563812973, "epsilon": 2.644163231542891, "gamma": 0.1410469019486318}, "datetime": {"datetime": "2021-09-29 20:16:00", "elapsed": 160.834986, "delta": 1.718249}}
{"target": -61.561143118121876, "params": {"C": 78.04659185671125, "epsilon": 1.3738823576897299, "gamma": 0.06986826161486955}, "datetime": {"datetime": "2021-09-29 20:16:01", "elapsed": 161.859122, "delta": 1.024136}}
{"target": -64.09289413579164, "params": {"C": 26.227761682803674, "epsilon": 1.7429587294066236, "gamma": 0.47234529747149107}, "datetime": {"datetime": "2021-09-29 20:16:02", "elapsed": 162.782354, "delta": 0.923232}}
{"target": -63.66813510823087, "params": {"C": 4.849133011149005, "epsilon": 1.7929142593372291, "gamma": 0.003912997249028011}, "datetime": {"datetime": "2021-09-29 20:16:03", "elapsed": 164.175318, "delta": 1.392964}}
{"target": -61.39271358684908, "params": {"C": 60.34949849268219, "epsilon": 1.980375266518274, "gamma": 0.08031781030255325}, "datetime": {"datetime": "2021-09-29 20:16:04", "elapsed": 165.10853, "delta": 0.933212}}
{"target": -54.225613426698835, "params": {"C": 13.704213363877802, "epsilon": 1.9728638887711514, "gamma": 0.014513412754775995}, "datetime": {"datetime": "2021-09-29 20:16:06", "elapsed": 167.15933, "delta": 2.0508}}
{"target": -63.53403734240325, "params": {"C": 26.405399340614238, "epsilon": 0.09477646555553829, "gamma": 0.2889061994715061}, "datetime": {"datetime": "2021-09-29 20:16:07", "elapsed": 168.14933, "delta": 0.99}}
{"target": -57.88241557368128, "params": {"C": 13.418351078512602, "epsilon": 2.4270142256832736, "gamma": 0.08821815895184272}, "datetime": {"datetime": "2021-09-29 20:16:09", "elapsed": 169.641366, "delta": 1.492036}}
{"target": -60.703089220291496, "params": {"C": 49.17615443798907, "epsilon": 2.8769803621743937, "gamma": 0.0769794161670057}, "datetime": {"datetime": "2021-09-29 20:16:10", "elapsed": 171.453079, "delta": 1.811713}}
{"target": -61.99284210442819, "params": {"C": 68.51138474968296, "epsilon": 1.2883837120748574, "gamma": 0.09798427887576891}, "datetime": {"datetime": "2021-09-29 20:16:12", "elapsed": 172.576079, "delta": 1.123}}
{"target": -67.82375122683034, "params": {"C": 93.94933207888266, "epsilon": 1.30215042614403, "gamma": 0.3671514586156279}, "datetime": {"datetime": "2021-09-29 20:16:13", "elapsed": 173.555313, "delta": 0.979234}}
{"target": -65.18347349510648, "params": {"C": 61.69870940367275, "epsilon": 1.4713585404134089, "gamma": 0.280238661875349}, "datetime": {"datetime": "2021-09-29 20:16:14", "elapsed": 174.645307, "delta": 1.089994}}
{"target": -55.8695203215915, "params": {"C": 13.581140390312246, "epsilon": 2.163477159400276, "gamma": 0.040376441201681115}, "datetime": {"datetime": "2021-09-29 20:16:15", "elapsed": 176.29212, "delta": 1.646813}}
{"target": -58.5479612011414, "params": {"C": 62.968300068388245, "epsilon": 0.24158495786989684, "gamma": 0.028780633910818088}, "datetime": {"datetime": "2021-09-29 20:16:16", "elapsed": 177.401296, "delta": 1.109176}}
{"target": -66.45695804808449, "params": {"C": 4.1431566829575335, "epsilon": 2.2781090071071746, "gamma": 0.3408961818767243}, "datetime": {"datetime": "2021-09-29 20:16:18", "elapsed": 178.551943, "delta": 1.150647}}
{"target": -55.75229999983941, "params": {"C": 18.53672651645753, "epsilon": 0.9087601014712656, "gamma": 0.01587976970385064}, "datetime": {"datetime": "2021-09-29 20:16:19", "elapsed": 179.884854, "delta": 1.332911}}
{"target": -58.162947374299115, "params": {"C": 7.2816679164730065, "epsilon": 2.8164426665473057, "gamma": 0.10550137144708875}, "datetime": {"datetime": "2021-09-29 20:16:20", "elapsed": 180.987053, "delta": 1.102199}}
{"target": -55.54616994709107, "params": {"C": 4.636833785722846, "epsilon": 2.079819958350487, "gamma": 0.05542647187207365}, "datetime": {"datetime": "2021-09-29 20:16:22", "elapsed": 182.708654, "delta": 1.721601}}
{"target": -58.64233974965405, "params": {"C": 4.665771048199362, "epsilon": 1.947999188427862, "gamma": 0.14913215576670766}, "datetime": {"datetime": "2021-09-29 20:16:24", "elapsed": 184.671543, "delta": 1.962889}}
{"target": -58.01120303106864, "params": {"C": 13.300434615921743, "epsilon": 1.7744480536681915, "gamma": 0.08846915445737921}, "datetime": {"datetime": "2021-09-29 20:16:25", "elapsed": 186.310424, "delta": 1.638881}}
{"target": -60.64277042503782, "params": {"C": 18.718060137656362, "epsilon": 0.9995039143652982, "gamma": 0.0015009998560751193}, "datetime": {"datetime": "2021-09-29 20:16:27", "elapsed": 188.077761, "delta": 1.767337}}
{"target": -55.04146276053318, "params": {"C": 13.694206594899464, "epsilon": 2.1723395546127153, "gamma": 0.025727325680928826}, "datetime": {"datetime": "2021-09-29 20:16:29", "elapsed": 189.993013, "delta": 1.915252}}
{"target": -55.97050455560765, "params": {"C": 13.764496757521847, "epsilon": 1.8482001109025392, "gamma": 0.043946661663448655}, "datetime": {"datetime": "2021-09-29 20:16:31", "elapsed": 191.653088, "delta": 1.660075}}
{"target": -54.3532576277323, "params": {"C": 13.84555560275084, "epsilon": 2.064752873921205, "gamma": 0.01537549462986251}, "datetime": {"datetime": "2021-09-29 20:16:33", "elapsed": 193.651861, "delta": 1.998773}}
{"target": -56.87942979652384, "params": {"C": 13.699924649072026, "epsilon": 1.9686158005770102, "gamma": 0.06735094948331072}, "datetime": {"datetime": "2021-09-29 20:16:34", "elapsed": 195.233863, "delta": 1.582002}}
{"target": -56.86325219038524, "params": {"C": 18.608241545440343, "epsilon": 0.9965011059553642, "gamma": 0.050144517976790925}, "datetime": {"datetime": "2021-09-29 20:16:36", "elapsed": 196.698691, "delta": 1.464828}}
{"target": -60.80261550397671, "params": {"C": 37.83115803169072, "epsilon": 2.2650061064717324, "gamma": 0.10251163318706812}, "datetime": {"datetime": "2021-09-29 20:16:37", "elapsed": 197.825143, "delta": 1.126452}}
{"target": -56.11644929540462, "params": {"C": 13.847998282384854, "epsilon": 2.102704588491289, "gamma": 0.05153945935473526}, "datetime": {"datetime": "2021-09-29 20:16:38", "elapsed": 199.493279, "delta": 1.668136}}
{"target": -54.81065113146643, "params": {"C": 13.472720592781203, "epsilon": 2.3305292677981564, "gamma": 0.017021649037374357}, "datetime": {"datetime": "2021-09-29 20:16:40", "elapsed": 200.769278, "delta": 1.275999}}
{"target": -64.92631339941651, "params": {"C": 13.714964473628383, "epsilon": 1.9025593583654092, "gamma": 0.001}, "datetime": {"datetime": "2021-09-29 20:16:42", "elapsed": 202.717625, "delta": 1.948347}}
{"target": -60.25955634624811, "params": {"C": 28.102792470290762, "epsilon": 0.005911889004727294, "gamma": 0.11035862278796091}, "datetime": {"datetime": "2021-09-29 20:16:43", "elapsed": 203.726533, "delta": 1.008908}}
{"target": -55.563006239865395, "params": {"C": 4.7579541794468705, "epsilon": 2.073963834507108, "gamma": 0.05857238850740731}, "datetime": {"datetime": "2021-09-29 20:16:45", "elapsed": 206.073714, "delta": 2.347181}}
{"target": -57.70005220397083, "params": {"C": 4.839081209064813, "epsilon": 1.6183226900390144, "gamma": 0.10841033664145314}, "datetime": {"datetime": "2021-09-29 20:16:47", "elapsed": 207.969535, "delta": 1.895821}}
{"target": -56.25981451166005, "params": {"C": 4.686614104549951, "epsilon": 2.122033930905642, "gamma": 0.06840357773724114}, "datetime": {"datetime": "2021-09-29 20:16:49", "elapsed": 209.932147, "delta": 1.962612}}
{"target": -59.70135903145921, "params": {"C": 13.8073324432442, "epsilon": 1.8141851565652516, "gamma": 0.1358798397203722}, "datetime": {"datetime": "2021-09-29 20:16:51", "elapsed": 211.687059, "delta": 1.754912}}
{"target": -55.96591673768737, "params": {"C": 18.798142249139705, "epsilon": 1.0324671171588031, "gamma": 0.029038126831768422}, "datetime": {"datetime": "2021-09-29 20:16:52", "elapsed": 212.93906, "delta": 1.252001}}
{"target": -54.56317243198872, "params": {"C": 13.087031004846015, "epsilon": 1.8759144241726542, "gamma": 0.018629888268462482}, "datetime": {"datetime": "2021-09-29 20:16:54", "elapsed": 214.674137, "delta": 1.735077}}
{"target": -56.06863296735843, "params": {"C": 13.669511210196319, "epsilon": 2.0705824028640833, "gamma": 0.04848114684955963}, "datetime": {"datetime": "2021-09-29 20:16:55", "elapsed": 216.13574, "delta": 1.461603}}
{"target": -64.18989225023091, "params": {"C": 64.06474422978789, "epsilon": 1.3586217609876716, "gamma": 0.20315664249511622}, "datetime": {"datetime": "2021-09-29 20:16:56", "elapsed": 217.309742, "delta": 1.174002}}
{"target": -54.37372299489899, "params": {"C": 10.901185630739567, "epsilon": 1.541499851408484, "gamma": 0.012235611516906872}, "datetime": {"datetime": "2021-09-29 20:16:57", "elapsed": 218.452226, "delta": 1.142484}}
{"target": -56.10208611033993, "params": {"C": 13.128911788730388, "epsilon": 1.7398731980430266, "gamma": 0.04946990234556745}, "datetime": {"datetime": "2021-09-29 20:16:59", "elapsed": 220.509413, "delta": 2.057187}}
{"target": -67.96500116445759, "params": {"C": 97.8447783614251, "epsilon": 1.2369986386141127, "gamma": 0.41960266696196896}, "datetime": {"datetime": "2021-09-29 20:17:01", "elapsed": 221.822027, "delta": 1.312614}}
{"target": -56.03909995421237, "params": {"C": 18.418840246925157, "epsilon": 0.9324451962832428, "gamma": 0.025881741014589572}, "datetime": {"datetime": "2021-09-29 20:17:03", "elapsed": 223.551933, "delta": 1.729906}}
{"target": -61.49552769342688, "params": {"C": 50.42835641739007, "epsilon": 1.6856467414076397, "gamma": 0.1126710568768863}, "datetime": {"datetime": "2021-09-29 20:17:04", "elapsed": 224.958935, "delta": 1.407002}}
{"target": -55.130942051321654, "params": {"C": 72.14251329623791, "epsilon": 1.923897075806904, "gamma": 0.002696239955933889}, "datetime": {"datetime": "2021-09-29 20:17:05", "elapsed": 226.047728, "delta": 1.088793}}
{"target": -63.84693062844573, "params": {"C": 48.65701689598324, "epsilon": 0.006353635997356216, "gamma": 0.24955766000551347}, "datetime": {"datetime": "2021-09-29 20:17:07", "elapsed": 227.678004, "delta": 1.630276}}
{"target": -58.92247627329523, "params": {"C": 13.083744338191046, "epsilon": 1.8017095493843918, "gamma": 0.11309211950383895}, "datetime": {"datetime": "2021-09-29 20:17:08", "elapsed": 229.366036, "delta": 1.688032}}
{"target": -54.08501155098284, "params": {"C": 18.80532906365985, "epsilon": 1.096765310472043, "gamma": 0.010011999944338837}, "datetime": {"datetime": "2021-09-29 20:17:10", "elapsed": 230.902794, "delta": 1.536758}}
{"target": -58.49674817009421, "params": {"C": 4.677737727412716, "epsilon": 2.0998108749318765, "gamma": 0.14108421563731058}, "datetime": {"datetime": "2021-09-29 20:17:12", "elapsed": 232.79578, "delta": 1.892986}}
{"target": -58.91529423801424, "params": {"C": 13.882471479059829, "epsilon": 1.975423940892676, "gamma": 0.0030280902409242083}, "datetime": {"datetime": "2021-09-29 20:17:14", "elapsed": 234.558739, "delta": 1.762959}}
{"target": -60.91586183495624, "params": {"C": 72.07657794387465, "epsilon": 1.8991381531661773, "gamma": 0.055584609360531737}, "datetime": {"datetime": "2021-09-29 20:17:15", "elapsed": 236.434027, "delta": 1.875288}}
{"target": -55.4597894894463, "params": {"C": 4.575678363271583, "epsilon": 2.034284592371397, "gamma": 0.03193659985238915}, "datetime": {"datetime": "2021-09-29 20:17:17", "elapsed": 238.193259, "delta": 1.759232}}
{"target": -62.01644705216607, "params": {"C": 18.848411934657868, "epsilon": 2.244184761761533, "gamma": 0.2291848349748639}, "datetime": {"datetime": "2021-09-29 20:17:18", "elapsed": 239.471822, "delta": 1.278563}}
{"target": -61.544803001763796, "params": {"C": 33.89467739819531, "epsilon": 2.4276145298472636, "gamma": 0.18237102781235412}, "datetime": {"datetime": "2021-09-29 20:17:20", "elapsed": 240.686613, "delta": 1.214791}}
{"target": -58.02993738144286, "params": {"C": 4.505087098267701, "epsilon": 2.0452805322456844, "gamma": 0.125412920693131}, "datetime": {"datetime": "2021-09-29 20:17:22", "elapsed": 242.923934, "delta": 2.237321}}
{"target": -64.75800642840017, "params": {"C": 13.379329980533202, "epsilon": 2.440419652724263, "gamma": 0.001}, "datetime": {"datetime": "2021-09-29 20:17:24", "elapsed": 244.865523, "delta": 1.941589}}
{"target": -57.708399084489606, "params": {"C": 19.127993267223463, "epsilon": 2.7163612498296086, "gamma": 0.06762117704986934}, "datetime": {"datetime": "2021-09-29 20:17:25", "elapsed": 246.287486, "delta": 1.421963}}
{"target": -60.41652576499931, "params": {"C": 57.04056063677051, "epsilon": 0.34708459960512283, "gamma": 0.0580074275939145}, "datetime": {"datetime": "2021-09-29 20:17:26", "elapsed": 247.49548, "delta": 1.207994}}
