{"target": -56.76842327197781, "params": {"C": 181.19389471724512, "epsilon": 1.4776601868172572, "gamma": 0.00759607042528082}, "datetime": {"datetime": "2021-09-29 21:48:35", "elapsed": 23.555182, "delta": 0.332699}}
{"target": -58.92201919437866, "params": {"C": 188.21926181604596, "epsilon": 1.2942061349889797, "gamma": 0.014517002410558399}, "datetime": {"datetime": "2021-09-29 21:48:36", "elapsed": 23.941755, "delta": 0.386573}}
{"target": -55.313665253317, "params": {"C": 194.50151366520993, "epsilon": 0.4157627002346848, "gamma": 0.0020073520528139355}, "datetime": {"datetime": "2021-09-29 21:48:36", "elapsed": 24.295942, "delta": 0.354187}}
{"target": -57.23928895696252, "params": {"C": 116.79527736097326, "epsilon": 2.5628577236538055, "gamma": 0.00951112222414877}, "datetime": {"datetime": "2021-09-29 21:48:36", "elapsed": 24.662036, "delta": 0.366094}}
{"target": -57.01432102223549, "params": {"C": 142.8994424406133, "epsilon": 0.7649168928515652, "gamma": 0.00942697847565947}, "datetime": {"datetime": "2021-09-29 21:48:37", "elapsed": 25.0726, "delta": 0.410564}}
{"target": -59.004416456641394, "params": {"C": 175.73483259471226, "epsilon": 1.1635274563897005, "gamma": 0.015246744756629868}, "datetime": {"datetime": "2021-09-29 21:48:37", "elapsed": 25.398775, "delta": 0.326175}}
{"target": -58.539783250361566, "params": {"C": 105.15864848664641, "epsilon": 1.0807471897046808, "gamma": 0.015865144186801128}, "datetime": {"datetime": "2021-09-29 21:48:38", "elapsed": 25.728452, "delta": 0.329677}}
{"target": -59.069450758669554, "params": {"C": 151.04718262711498, "epsilon": 0.07635182158100934, "gamma": 0.01651162674636523}, "datetime": {"datetime": "2021-09-29 21:48:38", "elapsed": 26.137239, "delta": 0.408787}}
{"target": -51.6370923482554, "params": {"C": 196.85199384758846, "epsilon": 2.936004801309404, "gamma": 0.00042730781439954485}, "datetime": {"datetime": "2021-09-29 21:48:38", "elapsed": 26.50486, "delta": 0.367621}}
{"target": -59.686846277976, "params": {"C": 199.36447583042542, "epsilon": 1.4192928060585859, "gamma": 0.017768323536489845}, "datetime": {"datetime": "2021-09-29 21:48:39", "elapsed": 26.904057, "delta": 0.399197}}
{"target": -57.816332345596464, "params": {"C": 108.29391058417143, "epsilon": 2.8794571506914632, "gamma": 0.011235002161037563}, "datetime": {"datetime": "2021-09-29 21:48:39", "elapsed": 27.26339, "delta": 0.359333}}
{"target": -57.53476519786894, "params": {"C": 161.77102522766802, "epsilon": 0.9195179547589637, "gamma": 0.010508767305054569}, "datetime": {"datetime": "2021-09-29 21:48:39", "elapsed": 27.627062, "delta": 0.363672}}
{"target": -56.88965997824389, "params": {"C": 124.04643105016866, "epsilon": 1.2723005622157073, "gamma": 0.009131491770005688}, "datetime": {"datetime": "2021-09-29 21:48:40", "elapsed": 27.962304, "delta": 0.335242}}
{"target": -54.774183159148436, "params": {"C": 148.43204538663804, "epsilon": 2.7837215205637578, "gamma": 0.0022135690275354816}, "datetime": {"datetime": "2021-09-29 21:48:40", "elapsed": 28.289344, "delta": 0.32704}}
{"target": -53.18933815708839, "params": {"C": 113.24458343997436, "epsilon": 1.3375683520479065, "gamma": 0.0013987677990946763}, "datetime": {"datetime": "2021-09-29 21:48:41", "elapsed": 28.777958, "delta": 0.488614}}
{"target": -59.18946335890317, "params": {"C": 134.70352532470775, "epsilon": 0.2540446991966456, "gamma": 0.017708446999902254}, "datetime": {"datetime": "2021-09-29 21:48:41", "elapsed": 29.149006, "delta": 0.371048}}
{"target": -55.04677304438276, "params": {"C": 180.315270247768, "epsilon": 1.3111791221372435, "gamma": 0.0019750483538735837}, "datetime": {"datetime": "2021-09-29 21:48:41", "elapsed": 29.517491, "delta": 0.368485}}
{"target": -57.02035461596269, "params": {"C": 183.087920643332, "epsilon": 0.9496837514039622, "gamma": 0.008474479393247665}, "datetime": {"datetime": "2021-09-29 21:48:42", "elapsed": 29.875169, "delta": 0.357678}}
{"target": -55.99256345586351, "params": {"C": 102.36761105038667, "epsilon": 2.2422607899232623, "gamma": 0.004581240724295771}, "datetime": {"datetime": "2021-09-29 21:48:42", "elapsed": 30.327605, "delta": 0.452436}}
{"target": -59.3962685002152, "params": {"C": 124.86655354023715, "epsilon": 2.6334130082490854, "gamma": 0.018278464967314417}, "datetime": {"datetime": "2021-09-29 21:48:43", "elapsed": 30.756808, "delta": 0.429203}}
{"target": -59.78636688288115, "params": {"C": 179.73082508449374, "epsilon": 1.727640680873834, "gamma": 0.018886254684922086}, "datetime": {"datetime": "2021-09-29 21:48:43", "elapsed": 31.081766, "delta": 0.324958}}
{"target": -59.44877562826899, "params": {"C": 134.95593616898466, "epsilon": 1.4916595595057793, "gamma": 0.018755554713342965}, "datetime": {"datetime": "2021-09-29 21:48:43", "elapsed": 31.472804, "delta": 0.391038}}
{"target": -56.233682873704026, "params": {"C": 166.13695208614973, "epsilon": 2.389299512726779, "gamma": 0.005358756496423826}, "datetime": {"datetime": "2021-09-29 21:48:44", "elapsed": 31.846473, "delta": 0.373669}}
{"target": -56.28305829540474, "params": {"C": 115.23302346568852, "epsilon": 1.8721621263461525, "gamma": 0.0047526946081672215}, "datetime": {"datetime": "2021-09-29 21:48:44", "elapsed": 32.520952, "delta": 0.674479}}
{"target": -58.54279046757518, "params": {"C": 164.35745371205508, "epsilon": 1.8689391625396337, "gamma": 0.013977494932413312}, "datetime": {"datetime": "2021-09-29 21:48:45", "elapsed": 32.948941, "delta": 0.427989}}
{"target": -54.51628611851701, "params": {"C": 144.24826469863856, "epsilon": 2.704496251164382, "gamma": 0.0018949540254661339}, "datetime": {"datetime": "2021-09-29 21:48:45", "elapsed": 33.400941, "delta": 0.452}}
{"target": -56.427034463324624, "params": {"C": 164.70439531088763, "epsilon": 1.6150194206726776, "gamma": 0.006618871152504982}, "datetime": {"datetime": "2021-09-29 21:48:46", "elapsed": 33.946901, "delta": 0.54596}}
{"target": -57.574772235113855, "params": {"C": 176.52569558483637, "epsilon": 0.26630718363399813, "gamma": 0.010713569159613953}, "datetime": {"datetime": "2021-09-29 21:48:46", "elapsed": 34.4909, "delta": 0.543999}}
{"target": -57.225880077453, "params": {"C": 196.0027847766566, "epsilon": 2.266942701189539, "gamma": 0.009350263135023311}, "datetime": {"datetime": "2021-09-29 21:48:47", "elapsed": 34.93491, "delta": 0.44401}}
{"target": -59.57977045265134, "params": {"C": 144.962503305393, "epsilon": 2.739442044743922, "gamma": 0.018967580118216434}, "datetime": {"datetime": "2021-09-29 21:48:47", "elapsed": 35.509902, "delta": 0.574992}}
{"target": -57.938736017350514, "params": {"C": 111.34741018017985, "epsilon": 2.422551706029646, "gamma": 0.011672737038260383}, "datetime": {"datetime": "2021-09-29 21:48:48", "elapsed": 36.015821, "delta": 0.505919}}
{"target": -59.81782942666002, "params": {"C": 199.42750981129728, "epsilon": 2.5791446210015185, "gamma": 0.018153908152651305}, "datetime": {"datetime": "2021-09-29 21:48:48", "elapsed": 36.397825, "delta": 0.382004}}
{"target": -57.41069021219616, "params": {"C": 172.61978636648416, "epsilon": 1.697263817229491, "gamma": 0.009593146299544835}, "datetime": {"datetime": "2021-09-29 21:48:49", "elapsed": 36.883263, "delta": 0.485438}}
{"target": -56.50334746673285, "params": {"C": 142.4534036292061, "epsilon": 0.873279627844197, "gamma": 0.007041303088989157}, "datetime": {"datetime": "2021-09-29 21:48:49", "elapsed": 37.326266, "delta": 0.443003}}
{"target": -56.53770178308649, "params": {"C": 125.5790429204762, "epsilon": 0.5770523312008882, "gamma": 0.008480902746920314}, "datetime": {"datetime": "2021-09-29 21:48:50", "elapsed": 37.864191, "delta": 0.537925}}
{"target": -56.514481654840054, "params": {"C": 142.77268668107956, "epsilon": 0.295732523537132, "gamma": 0.008525064375244322}, "datetime": {"datetime": "2021-09-29 21:48:50", "elapsed": 38.383193, "delta": 0.519002}}
{"target": -59.977406554345016, "params": {"C": 180.84113546498622, "epsilon": 0.6037647018706548, "gamma": 0.019870403198985215}, "datetime": {"datetime": "2021-09-29 21:48:51", "elapsed": 38.865186, "delta": 0.481993}}
{"target": -57.92564177415485, "params": {"C": 154.4232069206874, "epsilon": 0.9393441892541812, "gamma": 0.011929993730138401}, "datetime": {"datetime": "2021-09-29 21:48:51", "elapsed": 39.360186, "delta": 0.495}}
{"target": -56.72653711149294, "params": {"C": 189.71698478100672, "epsilon": 2.2705570526771166, "gamma": 0.007164251604671236}, "datetime": {"datetime": "2021-09-29 21:48:52", "elapsed": 39.843552, "delta": 0.483366}}
{"target": -56.926398423982185, "params": {"C": 140.67094206529765, "epsilon": 2.0673866734864936, "gamma": 0.008552672848042701}, "datetime": {"datetime": "2021-09-29 21:48:52", "elapsed": 40.370554, "delta": 0.527002}}
{"target": -55.10834245962639, "params": {"C": 112.57627277620126, "epsilon": 0.7552370665060907, "gamma": 0.0030282095763617973}, "datetime": {"datetime": "2021-09-29 21:48:53", "elapsed": 40.887521, "delta": 0.516967}}
{"target": -58.03366486724491, "params": {"C": 180.06556780693384, "epsilon": 0.8439923379698558, "gamma": 0.012027791560440636}, "datetime": {"datetime": "2021-09-29 21:48:53", "elapsed": 41.44052, "delta": 0.552999}}
{"target": -59.491503352095734, "params": {"C": 152.81516704671517, "epsilon": 2.318911254515813, "gamma": 0.018084551718257378}, "datetime": {"datetime": "2021-09-29 21:48:54", "elapsed": 41.915663, "delta": 0.475143}}
{"target": -57.928507857996856, "params": {"C": 157.65019703962787, "epsilon": 0.08920265755728848, "gamma": 0.012614048602125068}, "datetime": {"datetime": "2021-09-29 21:48:54", "elapsed": 42.497661, "delta": 0.581998}}
{"target": -59.66251738203747, "params": {"C": 133.00514203810303, "epsilon": 0.45787820304449306, "gamma": 0.019524019103850324}, "datetime": {"datetime": "2021-09-29 21:48:55", "elapsed": 43.028667, "delta": 0.531006}}
{"target": -58.23524235114485, "params": {"C": 152.964166421416, "epsilon": 2.387925158769991, "gamma": 0.012865559476375446}, "datetime": {"datetime": "2021-09-29 21:48:55", "elapsed": 43.558661, "delta": 0.529994}}
{"target": -58.39008365403231, "params": {"C": 169.98133521409304, "epsilon": 0.38915640615955327, "gamma": 0.013863295887784855}, "datetime": {"datetime": "2021-09-29 21:48:56", "elapsed": 44.235719, "delta": 0.677058}}
{"target": -56.221965189225266, "params": {"C": 147.01879953328753, "epsilon": 1.6031793311101705, "gamma": 0.005506086755348751}, "datetime": {"datetime": "2021-09-29 21:48:57", "elapsed": 44.820758, "delta": 0.585039}}
{"target": -55.88795004504167, "params": {"C": 146.5341249825987, "epsilon": 0.31248599598962873, "gamma": 0.0028526368241004432}, "datetime": {"datetime": "2021-09-29 21:48:57", "elapsed": 45.332717, "delta": 0.511959}}
{"target": -56.19354427803206, "params": {"C": 167.07067823957763, "epsilon": 2.373011961022439, "gamma": 0.0038279104792545695}, "datetime": {"datetime": "2021-09-29 21:48:58", "elapsed": 45.864806, "delta": 0.532089}}
{"target": -56.12482370360673, "params": {"C": 100.80222564294368, "epsilon": 0.4795359313879894, "gamma": 0.005056025508708813}, "datetime": {"datetime": "2021-09-29 21:48:58", "elapsed": 46.458804, "delta": 0.593998}}
{"target": -56.54705386755117, "params": {"C": 138.266474854033, "epsilon": 1.1796233590586136, "gamma": 0.00739180397597972}, "datetime": {"datetime": "2021-09-29 21:48:59", "elapsed": 47.050801, "delta": 0.591997}}
{"target": -58.059154689793615, "params": {"C": 128.98709727156958, "epsilon": 1.241725817157578, "gamma": 0.012659753610545072}, "datetime": {"datetime": "2021-09-29 21:49:00", "elapsed": 47.685811, "delta": 0.63501}}
{"target": -52.409549671610414, "params": {"C": 121.14691336207409, "epsilon": 0.7894020186470891, "gamma": 0.0005063126866832379}, "datetime": {"datetime": "2021-09-29 21:49:00", "elapsed": 48.345463, "delta": 0.659652}}
{"target": -57.995435578121736, "params": {"C": 129.15648660091966, "epsilon": 2.357367934598435, "gamma": 0.011867360516740626}, "datetime": {"datetime": "2021-09-29 21:49:01", "elapsed": 48.931471, "delta": 0.586008}}
{"target": -58.570965006849306, "params": {"C": 171.87359393095144, "epsilon": 1.0999431681533998, "gamma": 0.01418510640346809}, "datetime": {"datetime": "2021-09-29 21:49:01", "elapsed": 49.487463, "delta": 0.555992}}
{"target": -59.18531113305452, "params": {"C": 125.55299729357888, "epsilon": 0.33946818898943365, "gamma": 0.01831840943556095}, "datetime": {"datetime": "2021-09-29 21:49:02", "elapsed": 50.043193, "delta": 0.55573}}
{"target": -57.3843380142524, "params": {"C": 186.07793502846627, "epsilon": 1.3392501031350585, "gamma": 0.009830659988880771}, "datetime": {"datetime": "2021-09-29 21:49:02", "elapsed": 50.59901, "delta": 0.555817}}
{"target": -59.40603164331396, "params": {"C": 132.82233192756726, "epsilon": 0.0448407603010918, "gamma": 0.01844614684481326}, "datetime": {"datetime": "2021-09-29 21:49:03", "elapsed": 51.094014, "delta": 0.495004}}
{"target": -56.383320318091066, "params": {"C": 104.94172176891212, "epsilon": 1.781013491129903, "gamma": 0.0072128815834809346}, "datetime": {"datetime": "2021-09-29 21:49:03", "elapsed": 51.648005, "delta": 0.553991}}
{"target": -57.80910438208278, "params": {"C": 171.83981780483597, "epsilon": 1.1352045489277627, "gamma": 0.011369375121878513}, "datetime": {"datetime": "2021-09-29 21:49:04", "elapsed": 52.118512, "delta": 0.470507}}
{"target": -56.20318117194365, "params": {"C": 113.25439665722305, "epsilon": 1.3265755744641976, "gamma": 0.005430830841517586}, "datetime": {"datetime": "2021-09-29 21:49:05", "elapsed": 52.712519, "delta": 0.594007}}
{"target": -59.657337083782416, "params": {"C": 191.96674475920594, "epsilon": 1.8988832510737372, "gamma": 0.017767779767276403}, "datetime": {"datetime": "2021-09-29 21:49:05", "elapsed": 53.254522, "delta": 0.542003}}
{"target": -58.3376102610767, "params": {"C": 100.301304285607, "epsilon": 2.471728033028607, "gamma": 0.014269342145696542}, "datetime": {"datetime": "2021-09-29 21:49:06", "elapsed": 53.755444, "delta": 0.500922}}
{"target": -59.78906401012267, "params": {"C": 173.84430421480133, "epsilon": 2.4386127248912883, "gamma": 0.019200529222004027}, "datetime": {"datetime": "2021-09-29 21:49:06", "elapsed": 54.358439, "delta": 0.602995}}
{"target": -56.185361140485924, "params": {"C": 128.9070651480063, "epsilon": 2.557173461661887, "gamma": 0.005411673092778683}, "datetime": {"datetime": "2021-09-29 21:49:07", "elapsed": 55.04244, "delta": 0.684001}}
{"target": -56.52600907186539, "params": {"C": 112.67825574852873, "epsilon": 2.4688223999421, "gamma": 0.008028147639090558}, "datetime": {"datetime": "2021-09-29 21:49:07", "elapsed": 55.622081, "delta": 0.579641}}
{"target": -57.982951117897045, "params": {"C": 104.71289724989182, "epsilon": 2.588058350241156, "gamma": 0.011888544436516445}, "datetime": {"datetime": "2021-09-29 21:49:08", "elapsed": 56.377308, "delta": 0.755227}}
{"target": -56.50797363909747, "params": {"C": 181.12075938244942, "epsilon": 1.0724134661469054, "gamma": 0.006163751701662419}, "datetime": {"datetime": "2021-09-29 21:49:09", "elapsed": 56.886316, "delta": 0.509008}}
{"target": -56.46751836037588, "params": {"C": 103.29753067799881, "epsilon": 1.237502733353879, "gamma": 0.007342913519957851}, "datetime": {"datetime": "2021-09-29 21:49:09", "elapsed": 57.453316, "delta": 0.567}}
{"target": -57.62668313873408, "params": {"C": 148.42321230375933, "epsilon": 2.7901558323702296, "gamma": 0.010016040040611891}, "datetime": {"datetime": "2021-09-29 21:49:10", "elapsed": 58.214493, "delta": 0.761177}}
{"target": -59.71214680475631, "params": {"C": 133.52754352239953, "epsilon": 0.44780357982081875, "gamma": 0.019799020209792313}, "datetime": {"datetime": "2021-09-29 21:49:11", "elapsed": 58.964459, "delta": 0.749966}}
{"target": -59.26670508730481, "params": {"C": 142.77195572242053, "epsilon": 0.2757863466392532, "gamma": 0.017403152581418058}, "datetime": {"datetime": "2021-09-29 21:49:11", "elapsed": 59.6465, "delta": 0.682041}}
{"target": -58.84060401391517, "params": {"C": 112.57517869137456, "epsilon": 0.7656079827564354, "gamma": 0.016818240930253605}, "datetime": {"datetime": "2021-09-29 21:49:12", "elapsed": 60.227665, "delta": 0.581165}}
{"target": -58.586878068673656, "params": {"C": 112.99707584710481, "epsilon": 1.872142391203777, "gamma": 0.01484329962772922}, "datetime": {"datetime": "2021-09-29 21:49:13", "elapsed": 60.860712, "delta": 0.633047}}
{"target": -55.88157685070194, "params": {"C": 161.99820682025745, "epsilon": 0.8207405295317993, "gamma": 0.0035143485115537317}, "datetime": {"datetime": "2021-09-29 21:49:13", "elapsed": 61.477714, "delta": 0.617002}}
{"target": -56.62338052394167, "params": {"C": 178.78091996703102, "epsilon": 0.8831823486520182, "gamma": 0.007576465976483391}, "datetime": {"datetime": "2021-09-29 21:49:14", "elapsed": 62.181109, "delta": 0.703395}}
{"target": -59.65516814864606, "params": {"C": 199.89105736940184, "epsilon": 0.09847440089980024, "gamma": 0.01758475439067368}, "datetime": {"datetime": "2021-09-29 21:49:15", "elapsed": 62.865074, "delta": 0.683965}}
{"target": -56.25465149159863, "params": {"C": 107.74030287935902, "epsilon": 0.7847011108101543, "gamma": 0.004561739610816629}, "datetime": {"datetime": "2021-09-29 21:49:15", "elapsed": 63.395112, "delta": 0.530038}}
{"target": -56.03670032186784, "params": {"C": 143.4050993778921, "epsilon": 0.5727764292888134, "gamma": 0.005523156457478344}, "datetime": {"datetime": "2021-09-29 21:49:16", "elapsed": 64.066482, "delta": 0.67137}}
{"target": -59.73726241528235, "params": {"C": 178.92592052778093, "epsilon": 1.1036609589790602, "gamma": 0.01872204233601355}, "datetime": {"datetime": "2021-09-29 21:49:16", "elapsed": 64.655478, "delta": 0.588996}}
{"target": -53.85111639023298, "params": {"C": 103.79005577371936, "epsilon": 1.8193224597685147, "gamma": 0.002069810524504278}, "datetime": {"datetime": "2021-09-29 21:49:17", "elapsed": 65.247482, "delta": 0.592004}}
{"target": -56.249207205730244, "params": {"C": 164.98670979146237, "epsilon": 2.470503328738979, "gamma": 0.005397891764402278}, "datetime": {"datetime": "2021-09-29 21:49:18", "elapsed": 65.878801, "delta": 0.631319}}
{"target": -55.77302309127954, "params": {"C": 109.07595168652708, "epsilon": 1.8449163489971179, "gamma": 0.0039274189295110855}, "datetime": {"datetime": "2021-09-29 21:49:18", "elapsed": 66.437302, "delta": 0.558501}}
{"target": -56.808063062854465, "params": {"C": 120.45898118927269, "epsilon": 1.865364053962344, "gamma": 0.008637001604927771}, "datetime": {"datetime": "2021-09-29 21:49:19", "elapsed": 67.054269, "delta": 0.616967}}
{"target": -55.88761379742009, "params": {"C": 149.84818329141456, "epsilon": 1.2516564301177766, "gamma": 0.0030130391011096184}, "datetime": {"datetime": "2021-09-29 21:49:19", "elapsed": 67.617085, "delta": 0.562816}}
{"target": -55.4020783229572, "params": {"C": 110.33076944599179, "epsilon": 2.1734800122779467, "gamma": 0.0034866515218545486}, "datetime": {"datetime": "2021-09-29 21:49:20", "elapsed": 68.405669, "delta": 0.788584}}
{"target": -57.50795654872481, "params": {"C": 152.69685205702444, "epsilon": 1.7335680958847044, "gamma": 0.009811627748229438}, "datetime": {"datetime": "2021-09-29 21:49:21", "elapsed": 69.208708, "delta": 0.803039}}
{"target": -58.40757613626787, "params": {"C": 133.09523532414235, "epsilon": 1.8178443908893762, "gamma": 0.013697487633782804}, "datetime": {"datetime": "2021-09-29 21:49:22", "elapsed": 69.92228, "delta": 0.713572}}
{"target": -57.82997852154501, "params": {"C": 177.00270649108157, "epsilon": 0.8088376484262267, "gamma": 0.011465745295168922}, "datetime": {"datetime": "2021-09-29 21:49:22", "elapsed": 70.548283, "delta": 0.626003}}
{"target": -56.06777872430928, "params": {"C": 194.5548025226054, "epsilon": 1.9026957021393274, "gamma": 0.0038359764674942877}, "datetime": {"datetime": "2021-09-29 21:49:23", "elapsed": 71.175947, "delta": 0.627664}}
{"target": -59.44725958192549, "params": {"C": 128.2467030703864, "epsilon": 1.2358507672705388, "gamma": 0.01891130670939171}, "datetime": {"datetime": "2021-09-29 21:49:24", "elapsed": 71.905048, "delta": 0.729101}}
{"target": -59.102665606462566, "params": {"C": 171.4589958891387, "epsilon": 0.6515007694469017, "gamma": 0.01588739973809425}, "datetime": {"datetime": "2021-09-29 21:49:24", "elapsed": 72.584084, "delta": 0.679036}}
{"target": -56.72616896679643, "params": {"C": 149.855384691264, "epsilon": 1.2498829779945853, "gamma": 0.00829122716456965}, "datetime": {"datetime": "2021-09-29 21:49:25", "elapsed": 73.206583, "delta": 0.622499}}
{"target": -52.78762471920626, "params": {"C": 188.96246280356172, "epsilon": 1.4415323664752138, "gamma": 0.0007858812473669431}, "datetime": {"datetime": "2021-09-29 21:49:26", "elapsed": 74.001767, "delta": 0.795184}}
{"target": -56.284735714517566, "params": {"C": 148.4396834680394, "epsilon": 2.7737201039217747, "gamma": 0.006645015593164894}, "datetime": {"datetime": "2021-09-29 21:49:27", "elapsed": 74.706772, "delta": 0.705005}}
{"target": -53.343686044906036, "params": {"C": 124.3812784248744, "epsilon": 0.11297764610385587, "gamma": 0.0013679046384125176}, "datetime": {"datetime": "2021-09-29 21:49:27", "elapsed": 75.327199, "delta": 0.620427}}
{"target": -55.089216463493806, "params": {"C": 145.19281373624676, "epsilon": 2.4636631457309446, "gamma": 0.0024576900717125654}, "datetime": {"datetime": "2021-09-29 21:49:28", "elapsed": 75.889573, "delta": 0.562374}}
{"target": -59.532847799017695, "params": {"C": 133.98303535722422, "epsilon": 2.220564170796571, "gamma": 0.019141593108310068}, "datetime": {"datetime": "2021-09-29 21:49:28", "elapsed": 76.611533, "delta": 0.72196}}
{"target": -59.81218014671265, "params": {"C": 196.8403747560655, "epsilon": 2.9335010449803773, "gamma": 0.01833094597571368}, "datetime": {"datetime": "2021-09-29 21:49:29", "elapsed": 77.258575, "delta": 0.647042}}
