{"target": -58.04940042810386, "params": {"C": 49.38743797976398, "epsilon": 2.22601189114608, "gamma": 0.015590602139493412}, "datetime": {"datetime": "2021-09-29 20:17:57", "elapsed": 263.278304, "delta": 2.521233}}
{"target": -70.02033651432924, "params": {"C": 14.935253389787434, "epsilon": 0.2866357429529406, "gamma": 0.4079393657371323}, "datetime": {"datetime": "2021-09-29 20:17:59", "elapsed": 264.813885, "delta": 1.535581}}
{"target": -55.063603230587496, "params": {"C": 19.03040586117354, "epsilon": 1.5369193099488805, "gamma": 0.009516661013879813}, "datetime": {"datetime": "2021-09-29 20:18:01", "elapsed": 267.589565, "delta": 2.77568}}
{"target": -65.77188979039327, "params": {"C": 49.68983557959984, "epsilon": 0.43911266342520777, "gamma": 0.0953520293405024}, "datetime": {"datetime": "2021-09-29 20:18:03", "elapsed": 269.552582, "delta": 1.963017}}
{"target": -58.79893607715731, "params": {"C": 11.05215181173271, "epsilon": 1.6154346603254208, "gamma": 0.03342608307805495}, "datetime": {"datetime": "2021-09-29 20:18:06", "elapsed": 272.484876, "delta": 2.932294}}
{"target": -62.10857799890535, "params": {"C": 92.77745442010901, "epsilon": 0.07482134447918032, "gamma": 0.04193709491534544}, "datetime": {"datetime": "2021-09-29 20:18:09", "elapsed": 275.498152, "delta": 3.013276}}
{"target": -64.07473413985923, "params": {"C": 11.165813290244515, "epsilon": 1.4504920664299108, "gamma": 0.14852341382447318}, "datetime": {"datetime": "2021-09-29 20:18:13", "elapsed": 279.226776, "delta": 3.728624}}
{"target": -69.72674431893645, "params": {"C": 19.62055132358162, "epsilon": 2.2834819508654802, "gamma": 0.41994256039108724}, "datetime": {"datetime": "2021-09-29 20:18:15", "elapsed": 280.81193, "delta": 1.585154}}
{"target": -53.598254855061164, "params": {"C": 10.85946029029077, "epsilon": 1.561493807097934, "gamma": 0.0058150989197894255}, "datetime": {"datetime": "2021-09-29 20:18:18", "elapsed": 284.300349, "delta": 3.488419}}
{"target": -55.87637482819445, "params": {"C": 14.161241915852054, "epsilon": 1.358547020546602, "gamma": 0.002174644679925767}, "datetime": {"datetime": "2021-09-29 20:18:21", "elapsed": 286.83764, "delta": 2.537291}}
{"target": -69.6321126946157, "params": {"C": 74.35909170747253, "epsilon": 2.0335020430641944, "gamma": 0.17783318199659284}, "datetime": {"datetime": "2021-09-29 20:18:23", "elapsed": 288.787032, "delta": 1.949392}}
{"target": -54.00856244877487, "params": {"C": 14.287328154753336, "epsilon": 1.251453034252055, "gamma": 0.008277337259275127}, "datetime": {"datetime": "2021-09-29 20:18:26", "elapsed": 291.915347, "delta": 3.128315}}
{"target": -58.10914844439499, "params": {"C": 49.545890284708214, "epsilon": 2.190830956431636, "gamma": 0.01578957948141339}, "datetime": {"datetime": "2021-09-29 20:18:29", "elapsed": 295.580769, "delta": 3.665422}}
{"target": -57.133406716788656, "params": {"C": 72.06153911250061, "epsilon": 2.062032939686207, "gamma": 0.010618411522946236}, "datetime": {"datetime": "2021-09-29 20:18:33", "elapsed": 299.478643, "delta": 3.897874}}
{"target": -69.98352585232482, "params": {"C": 66.49036416484708, "epsilon": 2.0775163712828397, "gamma": 0.2095796641505775}, "datetime": {"datetime": "2021-09-29 20:18:35", "elapsed": 301.147673, "delta": 1.66903}}
{"target": -56.75423432073603, "params": {"C": 10.837192967638986, "epsilon": 1.4450750485609172, "gamma": 0.020386588688497333}, "datetime": {"datetime": "2021-09-29 20:18:39", "elapsed": 304.740797, "delta": 3.593124}}
{"target": -58.84996318634316, "params": {"C": 10.747418219218726, "epsilon": 1.4621337145272004, "gamma": 0.03497593071115989}, "datetime": {"datetime": "2021-09-29 20:18:41", "elapsed": 307.271176, "delta": 2.530379}}
{"target": -65.07921654234707, "params": {"C": 15.771973591666033, "epsilon": 2.2714001098759162, "gamma": 0.16510624578973618}, "datetime": {"datetime": "2021-09-29 20:18:43", "elapsed": 309.429137, "delta": 2.157961}}
{"target": -62.92066940411621, "params": {"C": 10.76527758245449, "epsilon": 1.593214558399194, "gamma": 0.001}, "datetime": {"datetime": "2021-09-29 20:18:46", "elapsed": 312.273359, "delta": 2.844222}}
{"target": -59.4941941600835, "params": {"C": 72.18648225370448, "epsilon": 2.0056557304288267, "gamma": 0.021372357435182652}, "datetime": {"datetime": "2021-09-29 20:18:49", "elapsed": 315.001948, "delta": 2.728589}}
{"target": -64.36374379247121, "params": {"C": 72.0081971968375, "epsilon": 2.145934661353662, "gamma": 0.07039444216349452}, "datetime": {"datetime": "2021-09-29 20:18:52", "elapsed": 318.290511, "delta": 3.288563}}
{"target": -64.12381200716422, "params": {"C": 95.69196749527558, "epsilon": 1.5937547041357352, "gamma": 0.05921956608794925}, "datetime": {"datetime": "2021-09-29 20:18:54", "elapsed": 320.581775, "delta": 2.291264}}
{"target": -70.49488483308639, "params": {"C": 55.48710478413952, "epsilon": 1.0472501409367116, "gamma": 0.3259117898090407}, "datetime": {"datetime": "2021-09-29 20:18:56", "elapsed": 322.478065, "delta": 1.89629}}
{"target": -60.2314391013557, "params": {"C": 14.043365048419327, "epsilon": 1.2439822214227438, "gamma": 0.04170871043357345}, "datetime": {"datetime": "2021-09-29 20:19:00", "elapsed": 326.021504, "delta": 3.543439}}
{"target": -55.91274624048791, "params": {"C": 14.366385922138829, "epsilon": 1.0028113293876346, "gamma": 0.015569479678954161}, "datetime": {"datetime": "2021-09-29 20:19:04", "elapsed": 329.904562, "delta": 3.883058}}
{"target": -63.702809646006195, "params": {"C": 14.278869699111645, "epsilon": 1.2703567587185483, "gamma": 0.12647185926587542}, "datetime": {"datetime": "2021-09-29 20:19:08", "elapsed": 333.908593, "delta": 4.004031}}
{"target": -55.5470827407534, "params": {"C": 10.940960895923663, "epsilon": 1.659627578576459, "gamma": 0.014549518640692458}, "datetime": {"datetime": "2021-09-29 20:19:12", "elapsed": 338.309188, "delta": 4.400595}}
{"target": -56.55167936992247, "params": {"C": 14.270731564188862, "epsilon": 1.1442227567432777, "gamma": 0.019075379165836088}, "datetime": {"datetime": "2021-09-29 20:19:15", "elapsed": 341.568024, "delta": 3.258836}}
{"target": -59.52836705735871, "params": {"C": 96.425671082021, "epsilon": 2.522838859870906, "gamma": 0.020715983559869033}, "datetime": {"datetime": "2021-09-29 20:19:18", "elapsed": 344.31339, "delta": 2.745366}}
{"target": -63.05802629125286, "params": {"C": 10.931710880395888, "epsilon": 1.8340000374813834, "gamma": 0.10479890335715551}, "datetime": {"datetime": "2021-09-29 20:19:23", "elapsed": 348.832169, "delta": 4.518779}}
{"target": -60.24247507038112, "params": {"C": 89.07160771921316, "epsilon": 1.7508096372377788, "gamma": 0.02611605246959765}, "datetime": {"datetime": "2021-09-29 20:19:26", "elapsed": 352.411331, "delta": 3.579162}}
{"target": -59.09325894340781, "params": {"C": 10.854312811010628, "epsilon": 1.2892664661049007, "gamma": 0.03752378388508235}, "datetime": {"datetime": "2021-09-29 20:19:30", "elapsed": 355.756133, "delta": 3.344802}}
{"target": -67.57719467495139, "params": {"C": 27.059672047763247, "epsilon": 2.561836724772556, "gamma": 0.24558821135729836}, "datetime": {"datetime": "2021-09-29 20:19:31", "elapsed": 357.472133, "delta": 1.716}}
{"target": -52.768692728946476, "params": {"C": 62.82135521426922, "epsilon": 0.26756796284878087, "gamma": 0.001}, "datetime": {"datetime": "2021-09-29 20:19:35", "elapsed": 361.221961, "delta": 3.749828}}
{"target": -67.73191318028421, "params": {"C": 28.60481700847841, "epsilon": 0.6475747550852883, "gamma": 0.26285572692064246}, "datetime": {"datetime": "2021-09-29 20:19:37", "elapsed": 363.027963, "delta": 1.806002}}
{"target": -71.94101347687433, "params": {"C": 60.19885886910676, "epsilon": 0.13300659256873557, "gamma": 0.4345855677885861}, "datetime": {"datetime": "2021-09-29 20:19:39", "elapsed": 365.298053, "delta": 2.27009}}
{"target": -67.53762928361228, "params": {"C": 62.75105464208737, "epsilon": 0.24617140829969542, "gamma": 0.12386131870660881}, "datetime": {"datetime": "2021-09-29 20:19:43", "elapsed": 369.226669, "delta": 3.928616}}
{"target": -55.46074242710629, "params": {"C": 62.744540554148536, "epsilon": 0.19360813784347647, "gamma": 0.004740323244766998}, "datetime": {"datetime": "2021-09-29 20:19:47", "elapsed": 373.470939, "delta": 4.24427}}
{"target": -59.098464762419844, "params": {"C": 72.0472284933232, "epsilon": 1.940768380394799, "gamma": 0.018789582327562664}, "datetime": {"datetime": "2021-09-29 20:19:51", "elapsed": 377.338916, "delta": 3.867977}}
{"target": -66.44440274334839, "params": {"C": 29.908630416764407, "epsilon": 0.27882025990741016, "gamma": 0.16111009506966553}, "datetime": {"datetime": "2021-09-29 20:19:53", "elapsed": 379.520219, "delta": 2.181303}}
{"target": -65.34884594777492, "params": {"C": 62.851254465976304, "epsilon": 0.020549125538359306, "gamma": 0.08358046289669065}, "datetime": {"datetime": "2021-09-29 20:19:56", "elapsed": 382.459543, "delta": 2.939324}}
{"target": -63.4489351247843, "params": {"C": 11.02325776452043, "epsilon": 1.7214111265489487, "gamma": 0.11468662198238982}, "datetime": {"datetime": "2021-09-29 20:20:01", "elapsed": 387.206185, "delta": 4.746642}}
{"target": -57.438381769019976, "params": {"C": 10.860212505187189, "epsilon": 1.667727029620046, "gamma": 0.023492327751032105}, "datetime": {"datetime": "2021-09-29 20:20:05", "elapsed": 390.775307, "delta": 3.569122}}
{"target": -70.23460575989115, "params": {"C": 38.0287392047036, "epsilon": 1.0919671195609628, "gamma": 0.4692719347678109}, "datetime": {"datetime": "2021-09-29 20:20:07", "elapsed": 393.056869, "delta": 2.281562}}
{"target": -70.60871337139685, "params": {"C": 96.27702797540499, "epsilon": 2.4147269776696882, "gamma": 0.1567285813461706}, "datetime": {"datetime": "2021-09-29 20:20:11", "elapsed": 397.036312, "delta": 3.979443}}
{"target": -63.103189892748446, "params": {"C": 10.739812184548544, "epsilon": 1.3389007003941347, "gamma": 0.001}, "datetime": {"datetime": "2021-09-29 20:20:16", "elapsed": 402.36539, "delta": 5.329078}}
{"target": -57.63915382110773, "params": {"C": 62.593332282385504, "epsilon": 0.24217590616766316, "gamma": 0.013481772546816536}, "datetime": {"datetime": "2021-09-29 20:20:21", "elapsed": 407.040119, "delta": 4.674729}}
{"target": -71.83240710164537, "params": {"C": 64.67418288689964, "epsilon": 0.8617205666071936, "gamma": 0.3458535813632433}, "datetime": {"datetime": "2021-09-29 20:20:23", "elapsed": 409.034887, "delta": 1.994768}}
{"target": -58.98767184936364, "params": {"C": 92.93428549421924, "epsilon": 0.8068337705605988, "gamma": 0.018381061715467523}, "datetime": {"datetime": "2021-09-29 20:20:25", "elapsed": 411.622916, "delta": 2.588029}}
{"target": -66.99948433196329, "params": {"C": 42.665622783847326, "epsilon": 2.35419668624849, "gamma": 0.1695680010031806}, "datetime": {"datetime": "2021-09-29 20:20:27", "elapsed": 413.562008, "delta": 1.939092}}
{"target": -66.92765117410076, "params": {"C": 62.53570314824339, "epsilon": 0.1789987060102024, "gamma": 0.1059941972964283}, "datetime": {"datetime": "2021-09-29 20:20:32", "elapsed": 418.386369, "delta": 4.824361}}
{"target": -56.30341826725703, "params": {"C": 93.06327809817054, "epsilon": 0.7447709858254118, "gamma": 0.005305150986739874}, "datetime": {"datetime": "2021-09-29 20:20:37", "elapsed": 423.059988, "delta": 4.673619}}
{"target": -73.25936985916648, "params": {"C": 1.903983542332841, "epsilon": 0.6924476056102004, "gamma": 0.36034160813149435}, "datetime": {"datetime": "2021-09-29 20:20:39", "elapsed": 425.20805, "delta": 2.148062}}
{"target": -55.77207625878905, "params": {"C": 13.6194813986133, "epsilon": 1.2657099242293253, "gamma": 0.014792385887084054}, "datetime": {"datetime": "2021-09-29 20:20:41", "elapsed": 427.449107, "delta": 2.241057}}
{"target": -65.1450104944884, "params": {"C": 13.63222756639345, "epsilon": 1.2008635630786428, "gamma": 0.18349826180915224}, "datetime": {"datetime": "2021-09-29 20:20:45", "elapsed": 431.544729, "delta": 4.095622}}
{"target": -59.722672134701604, "params": {"C": 14.181460581999726, "epsilon": 1.2341106653573777, "gamma": 0.035517754899736555}, "datetime": {"datetime": "2021-09-29 20:20:50", "elapsed": 435.957796, "delta": 4.413067}}
{"target": -72.18061295499119, "params": {"C": 85.69695133332134, "epsilon": 1.2743699770640438, "gamma": 0.2357979301002145}, "datetime": {"datetime": "2021-09-29 20:20:53", "elapsed": 439.016765, "delta": 3.058969}}
{"target": -61.251710854698516, "params": {"C": 10.908567433658455, "epsilon": 1.536323571781272, "gamma": 0.060070152709017825}, "datetime": {"datetime": "2021-09-29 20:20:55", "elapsed": 441.075033, "delta": 2.058268}}
{"target": -63.15672049280141, "params": {"C": 13.580365268866826, "epsilon": 1.2909164725710311, "gamma": 0.10719984213724415}, "datetime": {"datetime": "2021-09-29 20:20:59", "elapsed": 445.140435, "delta": 4.065402}}
{"target": -57.401638628511485, "params": {"C": 62.854194696540105, "epsilon": 0.4687462523736986, "gamma": 0.011664706266509017}, "datetime": {"datetime": "2021-09-29 20:21:04", "elapsed": 449.764888, "delta": 4.624453}}
{"target": -56.554429315968605, "params": {"C": 62.74155821035839, "epsilon": 0.3196713581853821, "gamma": 0.00717719482417177}, "datetime": {"datetime": "2021-09-29 20:21:08", "elapsed": 453.641929, "delta": 3.877041}}
{"target": -51.702959604100606, "params": {"C": 93.05746030621937, "epsilon": 0.8408331129960057, "gamma": 0.001}, "datetime": {"datetime": "2021-09-29 20:21:13", "elapsed": 458.809215, "delta": 5.167286}}
{"target": -61.350113671547504, "params": {"C": 62.73653351703055, "epsilon": 0.43590307839714515, "gamma": 0.038120217801027}, "datetime": {"datetime": "2021-09-29 20:21:16", "elapsed": 462.454111, "delta": 3.644896}}
{"target": -62.56923292237172, "params": {"C": 93.19541236963616, "epsilon": 0.7999373186754312, "gamma": 0.04680871517178572}, "datetime": {"datetime": "2021-09-29 20:21:19", "elapsed": 465.586186, "delta": 3.132075}}
{"target": -71.28980347561539, "params": {"C": 70.45549376888005, "epsilon": 1.6546092893287947, "gamma": 0.25231242329535886}, "datetime": {"datetime": "2021-09-29 20:21:22", "elapsed": 468.334353, "delta": 2.748167}}
{"target": -69.06721180738532, "params": {"C": 92.94569749146714, "epsilon": 0.6941851712114752, "gamma": 0.13069998953852402}, "datetime": {"datetime": "2021-09-29 20:21:26", "elapsed": 471.949987, "delta": 3.615634}}
{"target": -71.37124572541353, "params": {"C": 78.82925666914164, "epsilon": 2.337043814668872, "gamma": 0.22244795533086903}, "datetime": {"datetime": "2021-09-29 20:21:28", "elapsed": 474.012655, "delta": 2.062668}}
{"target": -66.89825414663085, "params": {"C": 93.06064989867467, "epsilon": 0.8527793109775591, "gamma": 0.08871052422377197}, "datetime": {"datetime": "2021-09-29 20:21:32", "elapsed": 478.046206, "delta": 4.033551}}
{"target": -61.61388438218614, "params": {"C": 13.685710412805978, "epsilon": 1.6639495721017723, "gamma": 0.06424443525180557}, "datetime": {"datetime": "2021-09-29 20:21:35", "elapsed": 481.55947, "delta": 3.513264}}
{"target": -70.338447521806, "params": {"C": 85.3644952913718, "epsilon": 1.9362094808581793, "gamma": 0.1738110153990242}, "datetime": {"datetime": "2021-09-29 20:21:37", "elapsed": 483.582192, "delta": 2.022722}}
{"target": -66.88543962105204, "params": {"C": 62.88671875272469, "epsilon": 0.3817994595058107, "gamma": 0.10521459990618841}, "datetime": {"datetime": "2021-09-29 20:21:41", "elapsed": 487.387775, "delta": 3.805583}}
{"target": -63.37619966129026, "params": {"C": 91.4772568534628, "epsilon": 1.1457214552057189, "gamma": 0.054191282965107654}, "datetime": {"datetime": "2021-09-29 20:21:43", "elapsed": 489.119869, "delta": 1.732094}}
{"target": -65.69331596423895, "params": {"C": 17.994299742619162, "epsilon": 2.99480505766839, "gamma": 0.18443300698620246}, "datetime": {"datetime": "2021-09-29 20:21:46", "elapsed": 491.729031, "delta": 2.609162}}
{"target": -52.9658707435816, "params": {"C": 14.373527444836133, "epsilon": 0.9253040614166227, "gamma": 0.005243399389263074}, "datetime": {"datetime": "2021-09-29 20:21:50", "elapsed": 495.834194, "delta": 4.105163}}
{"target": -60.517403405428695, "params": {"C": 93.01394013321314, "epsilon": 0.8049093339193489, "gamma": 0.02715949477324796}, "datetime": {"datetime": "2021-09-29 20:21:54", "elapsed": 500.442262, "delta": 4.608068}}
{"target": -68.02223303392338, "params": {"C": 88.9998876083719, "epsilon": 1.6611148158439861, "gamma": 0.11815473512625377}, "datetime": {"datetime": "2021-09-29 20:22:00", "elapsed": 506.253357, "delta": 5.811095}}
{"target": -60.110586040213455, "params": {"C": 62.86222360479165, "epsilon": 0.20585566871017047, "gamma": 0.028072341008945026}, "datetime": {"datetime": "2021-09-29 20:22:03", "elapsed": 509.540628, "delta": 3.287271}}
{"target": -67.94128656240709, "params": {"C": 21.85813239393478, "epsilon": 2.312221460734765, "gamma": 0.2908537123452205}, "datetime": {"datetime": "2021-09-29 20:22:06", "elapsed": 511.627672, "delta": 2.087044}}
{"target": -55.81616382757534, "params": {"C": 13.837794348124893, "epsilon": 1.7545238180610823, "gamma": 0.014376573517260936}, "datetime": {"datetime": "2021-09-29 20:22:08", "elapsed": 514.035041, "delta": 2.407369}}
{"target": -62.36203880242254, "params": {"C": 97.33265807482024, "epsilon": 1.4345567227212572, "gamma": 0.0435656172378701}, "datetime": {"datetime": "2021-09-29 20:22:11", "elapsed": 516.804396, "delta": 2.769355}}
{"target": -52.575072787511125, "params": {"C": 62.844382190966186, "epsilon": 0.5693939902913592, "gamma": 0.001}, "datetime": {"datetime": "2021-09-29 20:22:15", "elapsed": 520.738471, "delta": 3.934075}}
{"target": -61.72471415412327, "params": {"C": 11.08000821428683, "epsilon": 1.3624272764221577, "gamma": 0.07250658492764413}, "datetime": {"datetime": "2021-09-29 20:22:20", "elapsed": 526.584224, "delta": 5.845753}}
{"target": -62.766403791741446, "params": {"C": 13.673313533465745, "epsilon": 1.235127572259791, "gamma": 0.09109141244009883}, "datetime": {"datetime": "2021-09-29 20:22:25", "elapsed": 531.350846, "delta": 4.766622}}
{"target": -63.64567659663626, "params": {"C": 62.59732209327645, "epsilon": 0.34684259246122384, "gamma": 0.06470118753867442}, "datetime": {"datetime": "2021-09-29 20:22:30", "elapsed": 535.885911, "delta": 4.535065}}
{"target": -59.47565632903087, "params": {"C": 62.825120233044174, "epsilon": 0.3473339759890324, "gamma": 0.02388798795577277}, "datetime": {"datetime": "2021-09-29 20:22:34", "elapsed": 540.069474, "delta": 4.183563}}
{"target": -56.74500447456947, "params": {"C": 96.63610685353225, "epsilon": 2.9220241300798993, "gamma": 0.008829158851638211}, "datetime": {"datetime": "2021-09-29 20:22:37", "elapsed": 542.972165, "delta": 2.902691}}
{"target": -56.30898729232403, "params": {"C": 92.82740566552859, "epsilon": 0.9274026276392217, "gamma": 0.0068843742837734105}, "datetime": {"datetime": "2021-09-29 20:22:41", "elapsed": 547.344507, "delta": 4.372342}}
{"target": -55.32395436374876, "params": {"C": 13.745671688215825, "epsilon": 1.6691176639218377, "gamma": 0.012149952102044809}, "datetime": {"datetime": "2021-09-29 20:22:44", "elapsed": 549.64784, "delta": 2.303333}}
{"target": -69.68417070798843, "params": {"C": 39.68564172990689, "epsilon": 0.3875302344513384, "gamma": 0.38254832348815815}, "datetime": {"datetime": "2021-09-29 20:22:46", "elapsed": 551.906579, "delta": 2.258739}}
{"target": -71.43994848446579, "params": {"C": 62.203857638514314, "epsilon": 0.0803632164710174, "gamma": 0.356300164745798}, "datetime": {"datetime": "2021-09-29 20:22:48", "elapsed": 554.118807, "delta": 2.212228}}
{"target": -66.15917543891005, "params": {"C": 27.56965164425444, "epsilon": 2.5038595244139117, "gamma": 0.14652411803210827}, "datetime": {"datetime": "2021-09-29 20:22:51", "elapsed": 557.002779, "delta": 2.883972}}
{"target": -62.71527655234743, "params": {"C": 62.825304093888235, "epsilon": 0.6416081537239777, "gamma": 0.052459722908310365}, "datetime": {"datetime": "2021-09-29 20:22:56", "elapsed": 562.158887, "delta": 5.156108}}
{"target": -61.034078298841685, "params": {"C": 92.89030156140322, "epsilon": 0.9767462606552845, "gamma": 0.03264834687294688}, "datetime": {"datetime": "2021-09-29 20:22:59", "elapsed": 565.332767, "delta": 3.17388}}
{"target": -60.51769731318007, "params": {"C": 92.70530414724858, "epsilon": 1.0162066537790055, "gamma": 0.027311062549902666}, "datetime": {"datetime": "2021-09-29 20:23:03", "elapsed": 569.196195, "delta": 3.863428}}
{"target": -69.5280992327481, "params": {"C": 37.5207694313164, "epsilon": 0.9062932395482663, "gamma": 0.370468930412546}, "datetime": {"datetime": "2021-09-29 20:23:06", "elapsed": 571.788014, "delta": 2.591819}}
{"target": -65.99469311354737, "params": {"C": 24.84962286727556, "epsilon": 2.6255320200146572, "gamma": 0.13624406914917883}, "datetime": {"datetime": "2021-09-29 20:23:09", "elapsed": 574.668468, "delta": 2.880454}}
{"target": -53.97755647030817, "params": {"C": 14.45674223998071, "epsilon": 0.952731319228325, "gamma": 0.006857498301541973}, "datetime": {"datetime": "2021-09-29 20:23:13", "elapsed": 578.945401, "delta": 4.276933}}
{"target": -61.93633349076657, "params": {"C": 96.93337854237576, "epsilon": 2.9684167794935146, "gamma": 0.03990288299863636}, "datetime": {"datetime": "2021-09-29 20:23:15", "elapsed": 581.541444, "delta": 2.596043}}
{"target": -61.63018415782937, "params": {"C": 10.83738514809084, "epsilon": 1.1573703482435198, "gamma": 0.07321202824299712}, "datetime": {"datetime": "2021-09-29 20:23:19", "elapsed": 585.615091, "delta": 4.073647}}
{"target": -73.45812725518927, "params": {"C": 3.3895997208671673, "epsilon": 1.3704145723210877, "gamma": 0.4554204930913}, "datetime": {"datetime": "2021-09-29 20:23:22", "elapsed": 588.481349, "delta": 2.866258}}
