{"target": -57.62951410459911, "params": {"C": 249.92763274483846, "epsilon": 1.6856467414076397, "gamma": 0.0045534148934870495}, "datetime": {"datetime": "2021-09-29 21:52:35", "elapsed": 174.483662, "delta": 1.094227}}
{"target": -56.937325663518955, "params": {"C": 203.29962650443412, "epsilon": 1.2359162096382093, "gamma": 0.003940333950089064}, "datetime": {"datetime": "2021-09-29 21:52:36", "elapsed": 175.67266, "delta": 1.188998}}
{"target": -58.86537844976837, "params": {"C": 248.13840090503356, "epsilon": 0.006353635997356216, "gamma": 0.010012419707634706}, "datetime": {"datetime": "2021-09-29 21:52:37", "elapsed": 176.913428, "delta": 1.240768}}
{"target": -57.928809672955154, "params": {"C": 201.91433629860896, "epsilon": 2.0531486148761746, "gamma": 0.0072613635018439465}, "datetime": {"datetime": "2021-09-29 21:52:39", "elapsed": 178.800752, "delta": 1.887324}}
{"target": -59.369034203336966, "params": {"C": 252.90840394382988, "epsilon": 1.3416025023104956, "gamma": 0.012944859871270541}, "datetime": {"datetime": "2021-09-29 21:52:40", "elapsed": 180.080752, "delta": 1.28}}
{"target": -55.07436412511522, "params": {"C": 296.84911034266406, "epsilon": 2.931468687232795, "gamma": 0.0006126152492270339}, "datetime": {"datetime": "2021-09-29 21:52:42", "elapsed": 181.570749, "delta": 1.489997}}
{"target": -59.7004563331735, "params": {"C": 281.763167018455, "epsilon": 0.5689266416568921, "gamma": 0.012083761719034542}, "datetime": {"datetime": "2021-09-29 21:52:44", "elapsed": 183.233732, "delta": 1.662983}}
{"target": -59.49220388681044, "params": {"C": 278.28094077650303, "epsilon": 1.913083625869739, "gamma": 0.014492553097853264}, "datetime": {"datetime": "2021-09-29 21:52:45", "elapsed": 184.492335, "delta": 1.258603}}
{"target": -59.70087042745279, "params": {"C": 229.5749078426307, "epsilon": 2.8679405947844248, "gamma": 0.01959273248044224}, "datetime": {"datetime": "2021-09-29 21:52:46", "elapsed": 185.854334, "delta": 1.361999}}
{"target": -58.5066770867408, "params": {"C": 218.02869892389683, "epsilon": 2.244184761761533, "gamma": 0.00919995634468896}, "datetime": {"datetime": "2021-09-29 21:52:48", "elapsed": 187.122004, "delta": 1.26767}}
{"target": -58.28930280633215, "params": {"C": 233.22694686686395, "epsilon": 2.4276145298472636, "gamma": 0.007333032972877449}, "datetime": {"datetime": "2021-09-29 21:52:49", "elapsed": 188.391253, "delta": 1.269249}}
{"target": -55.461096573193615, "params": {"C": 229.0526361039916, "epsilon": 2.5132429015876308, "gamma": 0.0010593713378051434}, "datetime": {"datetime": "2021-09-29 21:52:50", "elapsed": 189.639248, "delta": 1.247995}}
{"target": -56.78359189600477, "params": {"C": 210.00166557219256, "epsilon": 1.5414614629989922, "gamma": 0.003254942806982945}, "datetime": {"datetime": "2021-09-29 21:52:52", "elapsed": 191.128936, "delta": 1.489688}}
{"target": -57.883280533551115, "params": {"C": 248.44175369375995, "epsilon": 2.7904582424960926, "gamma": 0.006227902970904339}, "datetime": {"datetime": "2021-09-29 21:52:54", "elapsed": 193.161679, "delta": 2.032743}}
{"target": -57.85812381071608, "params": {"C": 222.64026604719504, "epsilon": 1.1991057566525603, "gamma": 0.006182679142921992}, "datetime": {"datetime": "2021-09-29 21:52:56", "elapsed": 195.192813, "delta": 2.031134}}
{"target": -60.662833633832804, "params": {"C": 299.9872176152337, "epsilon": 0.022971834288404942, "gamma": 0.015749255108509278}, "datetime": {"datetime": "2021-09-29 21:52:57", "elapsed": 196.397096, "delta": 1.204283}}
{"target": -57.20479129479244, "params": {"C": 248.61924483262783, "epsilon": 2.6885046589616057, "gamma": 0.0038438957984899816}, "datetime": {"datetime": "2021-09-29 21:52:58", "elapsed": 197.912691, "delta": 1.515595}}
{"target": -58.702863474055476, "params": {"C": 250.24471896865757, "epsilon": 0.5431002340620791, "gamma": 0.007719300564299542}, "datetime": {"datetime": "2021-09-29 21:53:00", "elapsed": 199.202155, "delta": 1.289464}}
{"target": -56.96213629913783, "params": {"C": 249.1816521006059, "epsilon": 0.43911266342520777, "gamma": 0.00386273624023246}, "datetime": {"datetime": "2021-09-29 21:53:01", "elapsed": 200.368403, "delta": 1.166248}}
{"target": -56.91717902591914, "params": {"C": 272.7860644720134, "epsilon": 0.15911414664037174, "gamma": 0.003163543203989957}, "datetime": {"datetime": "2021-09-29 21:53:02", "elapsed": 201.603399, "delta": 1.234996}}
{"target": -58.65684946587658, "params": {"C": 288.92227362262395, "epsilon": 1.5992852560219981, "gamma": 0.007596308317398786}, "datetime": {"datetime": "2021-09-29 21:53:03", "elapsed": 202.890399, "delta": 1.287}}
{"target": -55.49420231703041, "params": {"C": 259.9288577123385, "epsilon": 1.987834943664425, "gamma": 0.0008724700518418282}, "datetime": {"datetime": "2021-09-29 21:53:05", "elapsed": 204.386331, "delta": 1.495932}}
{"target": -59.01884197826413, "params": {"C": 201.15910907219327, "epsilon": 2.785809786385065, "gamma": 0.015500046063260697}, "datetime": {"datetime": "2021-09-29 21:53:06", "elapsed": 205.991337, "delta": 1.605006}}
{"target": -58.962111825879525, "params": {"C": 204.72339990734227, "epsilon": 2.6146537742140636, "gamma": 0.012075639327421648}, "datetime": {"datetime": "2021-09-29 21:53:08", "elapsed": 207.724912, "delta": 1.733575}}
{"target": -57.30677474552691, "params": {"C": 272.7858854812573, "epsilon": 0.1551768811436473, "gamma": 0.004237378084583145}, "datetime": {"datetime": "2021-09-29 21:53:09", "elapsed": 209.055057, "delta": 1.330145}}
{"target": -59.22324198799285, "params": {"C": 296.8276618998711, "epsilon": 2.9266954425781, "gamma": 0.010554985268825123}, "datetime": {"datetime": "2021-09-29 21:53:12", "elapsed": 211.143147, "delta": 2.08809}}
{"target": -59.60458777398448, "params": {"C": 292.8839222493534, "epsilon": 0.4024607767358275, "gamma": 0.011378751195726351}, "datetime": {"datetime": "2021-09-29 21:53:13", "elapsed": 212.791675, "delta": 1.648528}}
{"target": -59.33876973533909, "params": {"C": 252.80660441436982, "epsilon": 2.9298732176766022, "gamma": 0.015275950437259761}, "datetime": {"datetime": "2021-09-29 21:53:15", "elapsed": 214.156677, "delta": 1.365002}}
{"target": -59.216276461124785, "params": {"C": 203.77602124326535, "epsilon": 1.8102282931730964, "gamma": 0.013345717940064186}, "datetime": {"datetime": "2021-09-29 21:53:16", "elapsed": 215.723343, "delta": 1.566666}}
{"target": -59.01877212169014, "params": {"C": 267.06709696585506, "epsilon": 2.3532294332223844, "gamma": 0.012959220520304134}, "datetime": {"datetime": "2021-09-29 21:53:18", "elapsed": 217.298678, "delta": 1.575335}}
{"target": -59.20433511724569, "params": {"C": 245.1784269872897, "epsilon": 2.4528050432438615, "gamma": 0.011791233330494462}, "datetime": {"datetime": "2021-09-29 21:53:20", "elapsed": 219.237841, "delta": 1.939163}}
{"target": -58.82531903197982, "params": {"C": 244.1003946558197, "epsilon": 0.22600598311775077, "gamma": 0.009216809899596088}, "datetime": {"datetime": "2021-09-29 21:53:21", "elapsed": 220.579353, "delta": 1.341512}}
{"target": -57.88936189170707, "params": {"C": 214.9211854461273, "epsilon": 2.2714001098759162, "gamma": 0.006644517617666834}, "datetime": {"datetime": "2021-09-29 21:53:22", "elapsed": 221.795906, "delta": 1.216553}}
{"target": -57.37239974559404, "params": {"C": 264.9843536200085, "epsilon": 2.4690321647572686, "gamma": 0.004000281200445446}, "datetime": {"datetime": "2021-09-29 21:53:24", "elapsed": 223.349578, "delta": 1.553672}}
{"target": -57.752518094049755, "params": {"C": 296.5444580596966, "epsilon": 1.9052337915991202, "gamma": 0.004473564135845752}, "datetime": {"datetime": "2021-09-29 21:53:25", "elapsed": 224.896435, "delta": 1.546857}}
{"target": -60.11642051502716, "params": {"C": 222.84442354069867, "epsilon": 2.1017695495004793, "gamma": 0.019777603947646487}, "datetime": {"datetime": "2021-09-29 21:53:27", "elapsed": 226.251434, "delta": 1.354999}}
{"target": -58.74026430609288, "params": {"C": 288.954239123038, "epsilon": 1.4488319748372114, "gamma": 0.006950553546484361}, "datetime": {"datetime": "2021-09-29 21:53:28", "elapsed": 227.990514, "delta": 1.73908}}
{"target": -56.49507365040136, "params": {"C": 229.05711854506256, "epsilon": 2.5151315626334134, "gamma": 0.0024625384246259293}, "datetime": {"datetime": "2021-09-29 21:53:30", "elapsed": 229.805126, "delta": 1.814612}}
{"target": -58.55538380481684, "params": {"C": 210.32862784337888, "epsilon": 2.1944201372562855, "gamma": 0.009092497669056445}, "datetime": {"datetime": "2021-09-29 21:53:32", "elapsed": 231.341389, "delta": 1.536263}}
{"target": -60.051625808175345, "params": {"C": 254.596118123539, "epsilon": 1.9566074344480964, "gamma": 0.01742842363917594}, "datetime": {"datetime": "2021-09-29 21:53:33", "elapsed": 232.747099, "delta": 1.40571}}
{"target": -59.217671257343895, "params": {"C": 213.2447008927791, "epsilon": 1.3295717800163092, "gamma": 0.011840571737415654}, "datetime": {"datetime": "2021-09-29 21:53:35", "elapsed": 234.774336, "delta": 2.027237}}
{"target": -56.57691009468654, "params": {"C": 206.69373577142224, "epsilon": 2.4957802887304448, "gamma": 0.0022927863541466116}, "datetime": {"datetime": "2021-09-29 21:53:37", "elapsed": 236.760612, "delta": 1.986276}}
{"target": -59.25825536000555, "params": {"C": 284.8405566907311, "epsilon": 2.159849654912292, "gamma": 0.013258245829298356}, "datetime": {"datetime": "2021-09-29 21:53:39", "elapsed": 238.204754, "delta": 1.444142}}
{"target": -58.573840610695505, "params": {"C": 203.14790227159406, "epsilon": 2.0211179726970494, "gamma": 0.008943843049746509}, "datetime": {"datetime": "2021-09-29 21:53:40", "elapsed": 239.540504, "delta": 1.33575}}
{"target": -57.06006486783184, "params": {"C": 204.73264699150752, "epsilon": 2.609202382995116, "gamma": 0.004087258617535273}, "datetime": {"datetime": "2021-09-29 21:53:42", "elapsed": 242.023291, "delta": 2.482787}}
{"target": -58.549444400442354, "params": {"C": 214.5315613680844, "epsilon": 2.383057117456983, "gamma": 0.009018409870076072}, "datetime": {"datetime": "2021-09-29 21:53:44", "elapsed": 243.50159, "delta": 1.478299}}
{"target": -58.955793147766336, "params": {"C": 201.1469489020809, "epsilon": 2.750163530793012, "gamma": 0.014245927805262409}, "datetime": {"datetime": "2021-09-29 21:53:46", "elapsed": 245.28638, "delta": 1.78479}}
{"target": -58.615297601081096, "params": {"C": 226.3229010583467, "epsilon": 2.561836724772556, "gamma": 0.009854119050120716}, "datetime": {"datetime": "2021-09-29 21:53:47", "elapsed": 246.786578, "delta": 1.500198}}
{"target": -59.54087003474575, "params": {"C": 222.81745443471706, "epsilon": 2.203291737087378, "gamma": 0.018157845223927924}, "datetime": {"datetime": "2021-09-29 21:53:49", "elapsed": 248.311222, "delta": 1.524644}}
{"target": -58.9393268962161, "params": {"C": 227.88365354391757, "epsilon": 0.6475747550852883, "gamma": 0.010542743418278126}, "datetime": {"datetime": "2021-09-29 21:53:50", "elapsed": 249.839494, "delta": 1.528272}}
{"target": -60.600772117518154, "params": {"C": 259.7968271405119, "epsilon": 0.13300659256873557, "gamma": 0.017391288174334395}, "datetime": {"datetime": "2021-09-29 21:53:52", "elapsed": 251.501499, "delta": 1.662005}}
{"target": -56.35718292870412, "params": {"C": 245.19778919948945, "epsilon": 2.4586843324055545, "gamma": 0.0015268274698256332}, "datetime": {"datetime": "2021-09-29 21:53:54", "elapsed": 253.600409, "delta": 2.09891}}
{"target": -58.36023931870912, "params": {"C": 200.8063254443728, "epsilon": 0.45687046649425744, "gamma": 0.007470417281497803}, "datetime": {"datetime": "2021-09-29 21:53:56", "elapsed": 255.48071, "delta": 1.880301}}
{"target": -59.43255469785961, "params": {"C": 288.96307536493924, "epsilon": 1.4458350329076548, "gamma": 0.011944259744206431}, "datetime": {"datetime": "2021-09-29 21:53:58", "elapsed": 257.352261, "delta": 1.871551}}
{"target": -59.42374164949976, "params": {"C": 215.23783016851687, "epsilon": 1.873665035550225, "gamma": 0.016914950612307363}, "datetime": {"datetime": "2021-09-29 21:54:00", "elapsed": 259.274512, "delta": 1.922251}}
{"target": -59.07045173993642, "params": {"C": 213.63624568600596, "epsilon": 1.1175155131717338, "gamma": 0.011290416179183435}, "datetime": {"datetime": "2021-09-29 21:54:01", "elapsed": 260.681838, "delta": 1.407326}}
{"target": -56.18446907979007, "params": {"C": 249.55261011410462, "epsilon": 2.6118422114505138, "gamma": 0.0012423438554204575}, "datetime": {"datetime": "2021-09-29 21:54:02", "elapsed": 262.067427, "delta": 1.385589}}
{"target": -56.57695387901687, "params": {"C": 201.2847997412693, "epsilon": 2.6174619387033147, "gamma": 0.0029756603508428827}, "datetime": {"datetime": "2021-09-29 21:54:04", "elapsed": 263.565148, "delta": 1.497721}}
{"target": -60.50681130379355, "params": {"C": 237.40276687343797, "epsilon": 1.0919671195609628, "gamma": 0.018774572148054985}, "datetime": {"datetime": "2021-09-29 21:54:05", "elapsed": 264.969705, "delta": 1.404557}}
{"target": -58.34763386277627, "params": {"C": 224.22127230796613, "epsilon": 1.4618635854241524, "gamma": 0.00720343530106809}, "datetime": {"datetime": "2021-09-29 21:54:07", "elapsed": 266.88717, "delta": 1.917465}}
{"target": -56.254530934873316, "params": {"C": 217.96050121349631, "epsilon": 1.0346773404000544, "gamma": 0.0019003526153393388}, "datetime": {"datetime": "2021-09-29 21:54:10", "elapsed": 269.316488, "delta": 2.429318}}
{"target": -59.05827373945489, "params": {"C": 261.38996592154456, "epsilon": 1.308341877401609, "gamma": 0.009939960481313953}, "datetime": {"datetime": "2021-09-29 21:54:11", "elapsed": 270.884233, "delta": 1.567745}}
{"target": -59.68747849318573, "params": {"C": 264.3173564514138, "epsilon": 0.8617205666071936, "gamma": 0.013852677894045174}, "datetime": {"datetime": "2021-09-29 21:54:13", "elapsed": 272.43387, "delta": 1.549637}}
{"target": -57.082860543145856, "params": {"C": 272.7993218355266, "epsilon": 0.16406551545305373, "gamma": 0.0038773668047514085}, "datetime": {"datetime": "2021-09-29 21:54:15", "elapsed": 274.54488, "delta": 2.11101}}
{"target": -58.571098920456045, "params": {"C": 292.8865130821787, "epsilon": 0.3843021206836596, "gamma": 0.005812756280938427}, "datetime": {"datetime": "2021-09-29 21:54:17", "elapsed": 276.724609, "delta": 2.179729}}
{"target": -57.66424027192385, "params": {"C": 222.63051670121817, "epsilon": 1.2094081089654218, "gamma": 0.005301240949491272}, "datetime": {"datetime": "2021-09-29 21:54:20", "elapsed": 279.301461, "delta": 2.576852}}
{"target": -58.93558224395004, "params": {"C": 299.0061707747352, "epsilon": 2.2487806405791604, "gamma": 0.008878488981632139}, "datetime": {"datetime": "2021-09-29 21:54:22", "elapsed": 281.293739, "delta": 1.992278}}
{"target": -59.45826434863655, "params": {"C": 200.9131146892251, "epsilon": 0.6924476056102004, "gamma": 0.014430456917468413}, "datetime": {"datetime": "2021-09-29 21:54:23", "elapsed": 283.027502, "delta": 1.733763}}
{"target": -58.148579551109734, "params": {"C": 264.9599140274382, "epsilon": 2.4945002384131714, "gamma": 0.006465744891627962}, "datetime": {"datetime": "2021-09-29 21:54:25", "elapsed": 284.972166, "delta": 1.944664}}
{"target": -58.38158782757616, "params": {"C": 235.7609551266093, "epsilon": 2.2741433871634102, "gamma": 0.007376757804578675}, "datetime": {"datetime": "2021-09-29 21:54:27", "elapsed": 286.616494, "delta": 1.644328}}
{"target": -59.18296477736219, "params": {"C": 249.63995151075346, "epsilon": 1.8641271954194762, "gamma": 0.012952642108585056}, "datetime": {"datetime": "2021-09-29 21:54:29", "elapsed": 288.459108, "delta": 1.842614}}
{"target": -59.06734440814686, "params": {"C": 285.55247609426397, "epsilon": 1.2743699770640438, "gamma": 0.009463684987964465}, "datetime": {"datetime": "2021-09-29 21:54:30", "elapsed": 290.042325, "delta": 1.583217}}
{"target": -60.17244866821972, "params": {"C": 299.01753467413243, "epsilon": 2.228317325889148, "gamma": 0.01635833683542477}, "datetime": {"datetime": "2021-09-29 21:54:35", "elapsed": 294.681845, "delta": 2.110585}}
{"target": -58.85419042983673, "params": {"C": 280.30561290753127, "epsilon": 1.2977962246259667, "gamma": 0.008457140168945833}, "datetime": {"datetime": "2021-09-29 21:54:37", "elapsed": 296.691833, "delta": 2.009988}}
{"target": -57.83555053187484, "params": {"C": 230.7374089137726, "epsilon": 2.6650191428522896, "gamma": 0.006281875693394546}, "datetime": {"datetime": "2021-09-29 21:54:40", "elapsed": 299.122665, "delta": 2.430832}}
{"target": -62.6323376059576, "params": {"C": 204.72810003151847, "epsilon": 2.6017828423544027, "gamma": 0.0001}, "datetime": {"datetime": "2021-09-29 21:54:42", "elapsed": 301.437391, "delta": 2.314726}}
{"target": -60.374196894753474, "params": {"C": 294.50251638161825, "epsilon": 0.1727131249654745, "gamma": 0.014463711493935218}, "datetime": {"datetime": "2021-09-29 21:54:43", "elapsed": 302.990179, "delta": 1.552788}}
{"target": -56.74870297626104, "params": {"C": 268.2026456427658, "epsilon": 1.2914976268626523, "gamma": 0.002453749852792036}, "datetime": {"datetime": "2021-09-29 21:54:45", "elapsed": 305.03485, "delta": 2.044671}}
{"target": -56.17102873087101, "params": {"C": 267.06767102709193, "epsilon": 2.3888151964574367, "gamma": 0.0012127559068154461}, "datetime": {"datetime": "2021-09-29 21:54:48", "elapsed": 307.177785, "delta": 2.142935}}
{"target": -58.62792090171326, "params": {"C": 228.89305962980683, "epsilon": 2.5563545941560326, "gamma": 0.008318409545093467}, "datetime": {"datetime": "2021-09-29 21:54:50", "elapsed": 309.227455, "delta": 2.04967}}
{"target": -59.01467430116626, "params": {"C": 213.4653416835104, "epsilon": 1.5390332273845444, "gamma": 0.011157702431351876}, "datetime": {"datetime": "2021-09-29 21:54:52", "elapsed": 311.175879, "delta": 1.948424}}
{"target": -59.80700426009003, "params": {"C": 278.87518342519894, "epsilon": 0.47657289943850306, "gamma": 0.012610351317909142}, "datetime": {"datetime": "2021-09-29 21:54:53", "elapsed": 312.757992, "delta": 1.582113}}
{"target": -58.64142869447117, "params": {"C": 288.37106769425924, "epsilon": 1.6704366725727229, "gamma": 0.006477329111500644}, "datetime": {"datetime": "2021-09-29 21:54:55", "elapsed": 314.411996, "delta": 1.654004}}
{"target": -58.732669840567674, "params": {"C": 285.21666191047655, "epsilon": 1.9362094808581793, "gamma": 0.006991661736353871}, "datetime": {"datetime": "2021-09-29 21:54:56", "elapsed": 315.89027, "delta": 1.478274}}
{"target": -58.57260496878583, "params": {"C": 230.73138424726258, "epsilon": 2.648430605486641, "gamma": 0.009233303626162353}, "datetime": {"datetime": "2021-09-29 21:54:58", "elapsed": 317.809999, "delta": 1.919729}}
{"target": -57.94080600448175, "params": {"C": 213.24253908451084, "epsilon": 1.3353747884323748, "gamma": 0.006432598841854268}, "datetime": {"datetime": "2021-09-29 21:55:01", "elapsed": 320.150249, "delta": 2.34025}}
{"target": -58.14940954418009, "params": {"C": 217.16595933597895, "epsilon": 2.99480505766839, "gamma": 0.007415264206463787}, "datetime": {"datetime": "2021-09-29 21:55:02", "elapsed": 321.791343, "delta": 1.641094}}
{"target": -55.52998965665643, "params": {"C": 213.44966914925163, "epsilon": 1.551895919599896, "gamma": 0.001079025023716469}, "datetime": {"datetime": "2021-09-29 21:55:05", "elapsed": 324.362436, "delta": 2.571093}}
{"target": -58.64766740764714, "params": {"C": 243.51312889388714, "epsilon": 1.2645575457221796, "gamma": 0.00842391082066009}, "datetime": {"datetime": "2021-09-29 21:55:07", "elapsed": 326.59165, "delta": 2.229214}}
{"target": -57.68316014612919, "params": {"C": 207.47731051143222, "epsilon": 0.12151679323180299, "gamma": 0.006049015359762051}, "datetime": {"datetime": "2021-09-29 21:55:09", "elapsed": 328.53049, "delta": 1.93884}}
{"target": -58.6885652294277, "params": {"C": 280.3244899272031, "epsilon": 1.310220832476072, "gamma": 0.007721981866615445}, "datetime": {"datetime": "2021-09-29 21:55:11", "elapsed": 330.661712, "delta": 2.131222}}
{"target": -59.094364481179404, "params": {"C": 221.06882059993413, "epsilon": 2.312221460734765, "gamma": 0.011659296344027832}, "datetime": {"datetime": "2021-09-29 21:55:13", "elapsed": 332.216473, "delta": 1.554761}}
{"target": -59.44752096236737, "params": {"C": 212.5918930534672, "epsilon": 0.756864071412498, "gamma": 0.013897743354837183}, "datetime": {"datetime": "2021-09-29 21:55:15", "elapsed": 334.385677, "delta": 2.169204}}
{"target": -56.44750115112899, "params": {"C": 297.3057152270911, "epsilon": 1.4345567227212572, "gamma": 0.0017975065792256815}, "datetime": {"datetime": "2021-09-29 21:55:16", "elapsed": 335.948947, "delta": 1.56327}}
{"target": -58.75880111392535, "params": {"C": 247.93141187683335, "epsilon": 0.4931088359043243, "gamma": 0.007943389832891572}, "datetime": {"datetime": "2021-09-29 21:55:18", "elapsed": 337.670799, "delta": 1.721852}}
{"target": -60.32116887447967, "params": {"C": 203.31091292641042, "epsilon": 0.44637418585413297, "gamma": 0.018477563084589536}, "datetime": {"datetime": "2021-09-29 21:55:20", "elapsed": 339.348051, "delta": 1.677252}}
{"target": -59.21382630600576, "params": {"C": 240.45020427821763, "epsilon": 1.9082268871576689, "gamma": 0.012931103247309622}, "datetime": {"datetime": "2021-09-29 21:55:22", "elapsed": 341.559106, "delta": 2.211055}}
{"target": -57.751120117305796, "params": {"C": 251.2868278960803, "epsilon": 2.524895754212046, "gamma": 0.005243641011488276}, "datetime": {"datetime": "2021-09-29 21:55:24", "elapsed": 343.273974, "delta": 1.714868}}
{"target": -55.874856836955225, "params": {"C": 286.4179738965797, "epsilon": 0.6639076748577395, "gamma": 0.0010024044423155413}, "datetime": {"datetime": "2021-09-29 21:55:26", "elapsed": 345.137597, "delta": 1.863623}}
