{"target": -64.13382825066525, "params": {"C": 13.74302702160078, "epsilon": 1.7565362268998168, "gamma": 0.13583417912057297}, "datetime": {"datetime": "2021-09-29 20:14:06", "elapsed": 32.060612, "delta": 0.649999}}
{"target": -63.91626587484765, "params": {"C": 13.542098262098833, "epsilon": 1.8328617541612426, "gamma": 0.1285899287021072}, "datetime": {"datetime": "2021-09-29 20:14:06", "elapsed": 32.610613, "delta": 0.550001}}
{"target": -59.23293745161852, "params": {"C": 13.735535636652358, "epsilon": 1.5947228383129275, "gamma": 0.030979061962690145}, "datetime": {"datetime": "2021-09-29 20:14:07", "elapsed": 33.200438, "delta": 0.589825}}
{"target": -53.91873281188443, "params": {"C": 19.014411026638804, "epsilon": 1.4781583959854874, "gamma": 0.0030390932195740504}, "datetime": {"datetime": "2021-09-29 20:14:07", "elapsed": 33.595331, "delta": 0.394893}}
{"target": -59.22931575877002, "params": {"C": 18.9434905895186, "epsilon": 1.4159040932246318, "gamma": 0.001}, "datetime": {"datetime": "2021-09-29 20:14:09", "elapsed": 34.807331, "delta": 1.212}}
{"target": -61.03717003662307, "params": {"C": 14.629089008577708, "epsilon": 1.8052738760531848, "gamma": 0.001}, "datetime": {"datetime": "2021-09-29 20:14:09", "elapsed": 35.490533, "delta": 0.683202}}
{"target": -57.930588150937524, "params": {"C": 19.088157453836146, "epsilon": 1.6099300958116658, "gamma": 0.020409394264775994}, "datetime": {"datetime": "2021-09-29 20:14:10", "elapsed": 36.097528, "delta": 0.606995}}
{"target": -62.66712717950655, "params": {"C": 19.086760017325275, "epsilon": 1.3164359143589408, "gamma": 0.07033798005795738}, "datetime": {"datetime": "2021-09-29 20:14:10", "elapsed": 36.548534, "delta": 0.451006}}
{"target": -62.38480086597681, "params": {"C": 13.607340103881757, "epsilon": 1.570745364547164, "gamma": 0.0804959726003501}, "datetime": {"datetime": "2021-09-29 20:14:11", "elapsed": 37.330815, "delta": 0.782281}}
{"target": -55.633756871837235, "params": {"C": 18.971074786872784, "epsilon": 1.5343815805207475, "gamma": 0.011037777717210491}, "datetime": {"datetime": "2021-09-29 20:14:12", "elapsed": 37.911813, "delta": 0.580998}}
{"target": -64.81361333244926, "params": {"C": 19.04542068109701, "epsilon": 1.6140442092254412, "gamma": 0.12290427082924923}, "datetime": {"datetime": "2021-09-29 20:14:12", "elapsed": 38.441814, "delta": 0.530001}}
{"target": -60.42955650562875, "params": {"C": 13.994863360363865, "epsilon": 1.858067905341852, "gamma": 0.04604353365330166}, "datetime": {"datetime": "2021-09-29 20:14:13", "elapsed": 39.229777, "delta": 0.787963}}
{"target": -61.22908736262502, "params": {"C": 13.891417146538762, "epsilon": 1.5522083249402885, "gamma": 0.001}, "datetime": {"datetime": "2021-09-29 20:14:14", "elapsed": 39.827773, "delta": 0.597996}}
{"target": -61.46681473457147, "params": {"C": 18.840740038181384, "epsilon": 1.5028706590030518, "gamma": 0.04549215177371751}, "datetime": {"datetime": "2021-09-29 20:14:14", "elapsed": 40.350773, "delta": 0.523}}
{"target": -56.9475365183711, "params": {"C": 96.88347390911257, "epsilon": 2.936004801309404, "gamma": 0.009207366803285068}, "datetime": {"datetime": "2021-09-29 20:14:15", "elapsed": 40.832775, "delta": 0.482002}}
{"target": -62.10259317714113, "params": {"C": 19.31434745623068, "epsilon": 1.5918658437574942, "gamma": 0.05272638754888347}, "datetime": {"datetime": "2021-09-29 20:14:15", "elapsed": 41.604529, "delta": 0.771754}}
{"target": -68.75380562627308, "params": {"C": 9.210971478329713, "epsilon": 2.8794571506914632, "gamma": 0.28021437579687153}, "datetime": {"datetime": "2021-09-29 20:14:16", "elapsed": 42.037533, "delta": 0.433004}}
{"target": -59.607996621681714, "params": {"C": 14.462740632815095, "epsilon": 1.7451356800608362, "gamma": 0.03317950561061493}, "datetime": {"datetime": "2021-09-29 20:14:17", "elapsed": 42.655533, "delta": 0.618}}
{"target": -66.9920148974358, "params": {"C": 24.805966739666975, "epsilon": 1.2723005622157073, "gamma": 0.22746805996144917}, "datetime": {"datetime": "2021-09-29 20:14:17", "elapsed": 43.200918, "delta": 0.545385}}
{"target": -62.77520573233306, "params": {"C": 48.94772493277166, "epsilon": 2.7837215205637578, "gamma": 0.05399853993669374}, "datetime": {"datetime": "2021-09-29 20:14:18", "elapsed": 43.740836, "delta": 0.539918}}
{"target": -54.063466925255675, "params": {"C": 14.069543129544916, "epsilon": 1.486185831330011, "gamma": 0.004249855982064626}, "datetime": {"datetime": "2021-09-29 20:14:18", "elapsed": 44.412836, "delta": 0.672}}
{"target": -62.24893992426435, "params": {"C": 19.178230151658415, "epsilon": 1.52682276839186, "gamma": 0.05606793656450009}, "datetime": {"datetime": "2021-09-29 20:14:19", "elapsed": 45.169077, "delta": 0.756241}}
{"target": -62.34471153832135, "params": {"C": 80.51211754529032, "epsilon": 1.3111791221372435, "gamma": 0.0480175441498954}, "datetime": {"datetime": "2021-09-29 20:14:20", "elapsed": 45.722081, "delta": 0.553004}}
{"target": -60.48429437306196, "params": {"C": 14.203984438026064, "epsilon": 1.5420351339878693, "gamma": 0.04549647859819598}, "datetime": {"datetime": "2021-09-29 20:14:20", "elapsed": 46.406077, "delta": 0.683996}}
{"target": -54.24655142569954, "params": {"C": 13.67362310304145, "epsilon": 1.8046991915814892, "gamma": 0.009089571741477287}, "datetime": {"datetime": "2021-09-29 20:14:21", "elapsed": 47.090077, "delta": 0.684}}
{"target": -69.87727437527735, "params": {"C": 25.617888004834775, "epsilon": 2.6334130082490854, "gamma": 0.4568318602356731}, "datetime": {"datetime": "2021-09-29 20:14:21", "elapsed": 47.584609, "delta": 0.494532}}
{"target": -74.91778872321368, "params": {"C": 79.9335168336488, "epsilon": 1.727640680873834, "gamma": 0.4720724164711618}, "datetime": {"datetime": "2021-09-29 20:14:22", "elapsed": 48.198607, "delta": 0.613998}}
{"target": -53.24654202360358, "params": {"C": 13.628479873325658, "epsilon": 1.8995544661964447, "gamma": 0.005345816145327834}, "datetime": {"datetime": "2021-09-29 20:14:23", "elapsed": 49.009481, "delta": 0.810874}}
{"target": -53.63643730061971, "params": {"C": 13.516437271410771, "epsilon": 2.0789450908798948, "gamma": 0.005967638070236513}, "datetime": {"datetime": "2021-09-29 20:14:24", "elapsed": 49.76009, "delta": 0.750609}}
{"target": -61.501997553250355, "params": {"C": 13.5841823685792, "epsilon": 1.7735203204561216, "gamma": 0.001}, "datetime": {"datetime": "2021-09-29 20:14:25", "elapsed": 50.682094, "delta": 0.922004}}
{"target": -72.06776006728717, "params": {"C": 64.71387917493453, "epsilon": 1.8689391625396337, "gamma": 0.3489834156419217}, "datetime": {"datetime": "2021-09-29 20:14:25", "elapsed": 51.154088, "delta": 0.471994}}
{"target": -62.20331043312892, "params": {"C": 44.80578205165217, "epsilon": 2.704496251164382, "gamma": 0.046009148678773905}, "datetime": {"datetime": "2021-09-29 20:14:26", "elapsed": 51.770067, "delta": 0.615979}}
{"target": -68.17088322802195, "params": {"C": 96.89321547430393, "epsilon": 2.8502716193930966, "gamma": 0.11276433923219514}, "datetime": {"datetime": "2021-09-29 20:14:27", "elapsed": 52.663065, "delta": 0.892998}}
{"target": -59.78175753422755, "params": {"C": 13.690838882878504, "epsilon": 1.8031033484899224, "gamma": 0.03676440522626529}, "datetime": {"datetime": "2021-09-29 20:14:27", "elapsed": 53.281111, "delta": 0.618046}}
{"target": -64.68718670341228, "params": {"C": 13.589045940070513, "epsilon": 2.0473679435280947, "gamma": 0.1617070372873186}, "datetime": {"datetime": "2021-09-29 20:14:28", "elapsed": 54.04182, "delta": 0.760709}}
{"target": -59.24842613473302, "params": {"C": 14.514901903725974, "epsilon": 1.8832290813631438, "gamma": 0.02950173336376272}, "datetime": {"datetime": "2021-09-29 20:14:29", "elapsed": 54.916819, "delta": 0.874999}}
{"target": -68.19788088911537, "params": {"C": 12.233936078378052, "epsilon": 2.422551706029646, "gamma": 0.29119074281869006}, "datetime": {"datetime": "2021-09-29 20:14:29", "elapsed": 55.469837, "delta": 0.553018}}
{"target": -77.02162994352034, "params": {"C": 99.43323471318432, "epsilon": 2.5791446210015185, "gamma": 0.45370855116447245}, "datetime": {"datetime": "2021-09-29 20:14:30", "elapsed": 55.949839, "delta": 0.480002}}
{"target": -60.53711574300876, "params": {"C": 19.087400958634355, "epsilon": 1.4524144943992736, "gamma": 0.03573146833505515}, "datetime": {"datetime": "2021-09-29 20:14:31", "elapsed": 56.81784, "delta": 0.868001}}
{"target": -67.27116287680907, "params": {"C": 43.02886959291403, "epsilon": 0.873279627844197, "gamma": 0.17505579102540647}, "datetime": {"datetime": "2021-09-29 20:14:31", "elapsed": 57.424236, "delta": 0.606396}}
{"target": -59.1445993916495, "params": {"C": 14.095714254388414, "epsilon": 1.568206964839935, "gamma": 0.029699179829392876}, "datetime": {"datetime": "2021-09-29 20:14:32", "elapsed": 58.35424, "delta": 0.930004}}
{"target": -60.449969439529504, "params": {"C": 13.546854361897624, "epsilon": 2.118656306168999, "gamma": 0.04717191016148189}, "datetime": {"datetime": "2021-09-29 20:14:33", "elapsed": 59.106884, "delta": 0.752644}}
{"target": -74.9881780370536, "params": {"C": 81.03272411033635, "epsilon": 0.6037647018706548, "gamma": 0.49675031137153886}, "datetime": {"datetime": "2021-09-29 20:14:34", "elapsed": 59.685806, "delta": 0.578922}}
{"target": -70.09341672961796, "params": {"C": 54.87897485148052, "epsilon": 0.9393441892541812, "gamma": 0.29764155132357095}, "datetime": {"datetime": "2021-09-29 20:14:34", "elapsed": 60.330809, "delta": 0.645003}}
{"target": -58.48524131874182, "params": {"C": 49.186289710307975, "epsilon": 2.3738125782076973, "gamma": 0.017274302592804096}, "datetime": {"datetime": "2021-09-29 20:14:35", "elapsed": 61.029804, "delta": 0.698995}}
{"target": -67.78406554142286, "params": {"C": 41.264232644644665, "epsilon": 2.0673866734864936, "gamma": 0.21295395734539235}, "datetime": {"datetime": "2021-09-29 20:14:36", "elapsed": 61.739352, "delta": 0.709548}}
{"target": -63.16501713809648, "params": {"C": 13.450079850555934, "epsilon": 1.223334554589662, "gamma": 0.10890112405063773}, "datetime": {"datetime": "2021-09-29 20:14:37", "elapsed": 62.834359, "delta": 1.095007}}
{"target": -61.32296727282809, "params": {"C": 13.548389324761539, "epsilon": 1.9882974207654405, "gamma": 0.001}, "datetime": {"datetime": "2021-09-29 20:14:38", "elapsed": 63.933242, "delta": 1.098883}}
{"target": -71.71211722312275, "params": {"C": 53.28701537624803, "epsilon": 2.318911254515813, "gamma": 0.451969412432685}, "datetime": {"datetime": "2021-09-29 20:14:38", "elapsed": 64.561245, "delta": 0.628003}}
{"target": -56.25582183979987, "params": {"C": 96.75658949011155, "epsilon": 2.8763791690560065, "gamma": 0.0077470342788188255}, "datetime": {"datetime": "2021-09-29 20:14:39", "elapsed": 65.595775, "delta": 1.03453}}
{"target": -70.01726014357827, "params": {"C": 33.67509061772199, "epsilon": 0.45787820304449306, "gamma": 0.48806459963926185}, "datetime": {"datetime": "2021-09-29 20:14:40", "elapsed": 66.330314, "delta": 0.734539}}
{"target": -61.710447547068284, "params": {"C": 96.64992525380934, "epsilon": 2.941891318354148, "gamma": 0.03813574613232326}, "datetime": {"datetime": "2021-09-29 20:14:41", "elapsed": 67.338265, "delta": 1.007951}}
{"target": -53.2042244861325, "params": {"C": 18.94972160219677, "epsilon": 1.7258752477451942, "gamma": 0.005289128159572746}, "datetime": {"datetime": "2021-09-29 20:14:42", "elapsed": 68.027259, "delta": 0.688994}}
{"target": -62.89126120297253, "params": {"C": 19.050487544519715, "epsilon": 1.7367836356964799, "gamma": 0.07911829507249353}, "datetime": {"datetime": "2021-09-29 20:14:43", "elapsed": 69.071971, "delta": 1.044712}}
{"target": -64.09169042140087, "params": {"C": 47.06878373277274, "epsilon": 0.31248599598962873, "gamma": 0.07002340579025734}, "datetime": {"datetime": "2021-09-29 20:14:44", "elapsed": 69.684362, "delta": 0.612391}}
{"target": -62.62483239163292, "params": {"C": 18.783463783903567, "epsilon": 1.0713298599208307, "gamma": 0.07002669234668273}, "datetime": {"datetime": "2021-09-29 20:14:44", "elapsed": 70.380366, "delta": 0.696004}}
{"target": -60.96407239406554, "params": {"C": 18.916888949098958, "epsilon": 1.73764001472417, "gamma": 0.040636764818690135}, "datetime": {"datetime": "2021-09-29 20:14:45", "elapsed": 71.342362, "delta": 0.961996}}
{"target": -63.22562700610044, "params": {"C": 18.976679980825978, "epsilon": 1.4446751754274412, "gamma": 0.08652334684383985}, "datetime": {"datetime": "2021-09-29 20:14:46", "elapsed": 72.289695, "delta": 0.947333}}
{"target": -55.45556999935142, "params": {"C": 13.948278815120734, "epsilon": 1.719525513460072, "gamma": 0.012987370058100252}, "datetime": {"datetime": "2021-09-29 20:14:47", "elapsed": 73.298693, "delta": 1.008998}}
{"target": -59.91493986750639, "params": {"C": 13.402842706376848, "epsilon": 2.1369113735635654, "gamma": 0.03889900043012506}, "datetime": {"datetime": "2021-09-29 20:14:48", "elapsed": 74.497983, "delta": 1.19929}}
{"target": -57.10948174701649, "params": {"C": 49.30767147270762, "epsilon": 2.3708006203857885, "gamma": 0.010924826566213644}, "datetime": {"datetime": "2021-09-29 20:14:49", "elapsed": 75.349982, "delta": 0.851999}}
{"target": -72.9239024968183, "params": {"C": 72.15485799164193, "epsilon": 1.0999431681533998, "gamma": 0.3541893515241496}, "datetime": {"datetime": "2021-09-29 20:14:50", "elapsed": 76.035155, "delta": 0.685173}}
{"target": -53.36260244206736, "params": {"C": 96.5778483872132, "epsilon": 2.7038753810444196, "gamma": 0.001826334464634455}, "datetime": {"datetime": "2021-09-29 20:14:51", "elapsed": 77.13915, "delta": 1.103995}}
{"target": -67.24449988490491, "params": {"C": 96.5857373920408, "epsilon": 2.7296704727799614, "gamma": 0.0941027245847756}, "datetime": {"datetime": "2021-09-29 20:14:52", "elapsed": 78.276159, "delta": 1.137009}}
{"target": -69.78069015437741, "params": {"C": 33.49410860829159, "epsilon": 0.0448407603010918, "gamma": 0.4610365465106441}, "datetime": {"datetime": "2021-09-29 20:14:53", "elapsed": 78.935151, "delta": 0.658992}}
{"target": -59.132182072096164, "params": {"C": 18.979253087546034, "epsilon": 1.6569396492826214, "gamma": 0.001}, "datetime": {"datetime": "2021-09-29 20:14:54", "elapsed": 80.325039, "delta": 1.389888}}
{"target": -71.91744039753371, "params": {"C": 72.12141962678761, "epsilon": 1.1352045489277627, "gamma": 0.2835838284330341}, "datetime": {"datetime": "2021-09-29 20:14:55", "elapsed": 81.074048, "delta": 0.749009}}
{"target": -55.04887328101229, "params": {"C": 49.39035094649007, "epsilon": 2.3609104943807084, "gamma": 0.00572848973188114}, "datetime": {"datetime": "2021-09-29 20:14:56", "elapsed": 82.221905, "delta": 1.147857}}
{"target": -61.5790658415965, "params": {"C": 96.70124967186513, "epsilon": 2.6627514748863526, "gamma": 0.03690270589655968}, "datetime": {"datetime": "2021-09-29 20:14:57", "elapsed": 83.153904, "delta": 0.931999}}
{"target": -54.95608521705416, "params": {"C": 96.63079482850175, "epsilon": 2.758020394732404, "gamma": 0.0033138183102491927}, "datetime": {"datetime": "2021-09-29 20:14:58", "elapsed": 84.232762, "delta": 1.078858}}
{"target": -74.53529860758266, "params": {"C": 74.1058611726533, "epsilon": 2.4386127248912883, "gamma": 0.4799529689336688}, "datetime": {"datetime": "2021-09-29 20:14:59", "elapsed": 84.952763, "delta": 0.720001}}
{"target": -59.11629878480159, "params": {"C": 96.63546341894904, "epsilon": 2.9440165218198633, "gamma": 0.017242094298349792}, "datetime": {"datetime": "2021-09-29 20:14:59", "elapsed": 85.608774, "delta": 0.656011}}
{"target": -65.8055109166767, "params": {"C": 13.551473191043435, "epsilon": 2.4688223999421, "gamma": 0.1998012900455371}, "datetime": {"datetime": "2021-09-29 20:15:00", "elapsed": 86.460302, "delta": 0.851528}}
{"target": -63.653442066605095, "params": {"C": 49.292173998607296, "epsilon": 2.26510846383926, "gamma": 0.06777085544660305}, "datetime": {"datetime": "2021-09-29 20:15:01", "elapsed": 87.494432, "delta": 1.03413}}
{"target": -59.20845486040736, "params": {"C": 96.78268094823983, "epsilon": 2.7502813955363408, "gamma": 0.018476550758383507}, "datetime": {"datetime": "2021-09-29 20:15:02", "elapsed": 88.587038, "delta": 1.092606}}
{"target": -68.55876149049345, "params": {"C": 4.264555371218817, "epsilon": 1.237502733353879, "gamma": 0.18261878625421946}, "datetime": {"datetime": "2021-09-29 20:15:03", "elapsed": 89.336045, "delta": 0.749007}}
{"target": -54.66484956318296, "params": {"C": 49.15450341968516, "epsilon": 2.5808676870272693, "gamma": 0.004823739471351144}, "datetime": {"datetime": "2021-09-29 20:15:04", "elapsed": 90.452286, "delta": 1.116241}}
{"target": -56.214580162598715, "params": {"C": 13.376309736595255, "epsilon": 1.9838123622583332, "gamma": 0.01766696303413813}, "datetime": {"datetime": "2021-09-29 20:15:05", "elapsed": 91.479286, "delta": 1.027}}
{"target": -64.41082141948694, "params": {"C": 49.3817736756342, "epsilon": 2.368710895271951, "gamma": 0.07812106738106309}, "datetime": {"datetime": "2021-09-29 20:15:06", "elapsed": 92.606984, "delta": 1.127698}}
{"target": -68.45408595825813, "params": {"C": 48.14951802960159, "epsilon": 0.40912728973189044, "gamma": 0.22836070302602993}, "datetime": {"datetime": "2021-09-29 20:15:07", "elapsed": 93.513157, "delta": 0.906173}}
{"target": -59.68452148579796, "params": {"C": 96.84010025717211, "epsilon": 2.9778267495837456, "gamma": 0.021135565403637844}, "datetime": {"datetime": "2021-09-29 20:15:08", "elapsed": 94.609151, "delta": 1.095994}}
{"target": -65.47560853306639, "params": {"C": 62.37822475205489, "epsilon": 0.8207405295317993, "gamma": 0.08661607574197548}, "datetime": {"datetime": "2021-09-29 20:15:09", "elapsed": 95.433151, "delta": 0.824}}
{"target": -66.73547971028411, "params": {"C": 61.8198664582695, "epsilon": 0.5753845089121946, "gamma": 0.10337103534930185}, "datetime": {"datetime": "2021-09-29 20:15:10", "elapsed": 96.196009, "delta": 0.762858}}
{"target": -56.68802458117441, "params": {"C": 14.552372260955218, "epsilon": 1.2950904662951588, "gamma": 0.019414273096753996}, "datetime": {"datetime": "2021-09-29 20:15:11", "elapsed": 97.39901, "delta": 1.203001}}
{"target": -70.6924964955914, "params": {"C": 47.90092571662096, "epsilon": 1.8598309094198433, "gamma": 0.4068064095263847}, "datetime": {"datetime": "2021-09-29 20:15:12", "elapsed": 98.213734, "delta": 0.814724}}
{"target": -66.82941406459362, "params": {"C": 43.97104838411319, "epsilon": 0.5727764292888134, "gamma": 0.13698769207445693}, "datetime": {"datetime": "2021-09-29 20:15:13", "elapsed": 98.918406, "delta": 0.704672}}
{"target": -64.08289328975759, "params": {"C": 13.295192905869403, "epsilon": 2.0256178575441806, "gamma": 0.13495326927340467}, "datetime": {"datetime": "2021-09-29 20:15:14", "elapsed": 99.856608, "delta": 0.938202}}
{"target": -60.79991103402449, "params": {"C": 49.06633841954998, "epsilon": 2.328521544111586, "gamma": 0.032194112942511136}, "datetime": {"datetime": "2021-09-29 20:15:15", "elapsed": 100.710603, "delta": 0.853995}}
{"target": -61.88227769040962, "params": {"C": 13.323322183865354, "epsilon": 1.4131885032002018, "gamma": 0.001}, "datetime": {"datetime": "2021-09-29 20:15:16", "elapsed": 102.15031, "delta": 1.439707}}
{"target": -62.644911924919576, "params": {"C": 9.985192169661802, "epsilon": 1.8449163489971179, "gamma": 0.09697397215206188}, "datetime": {"datetime": "2021-09-29 20:15:17", "elapsed": 102.891304, "delta": 0.740994}}
{"target": -55.552845040859445, "params": {"C": 13.747712406966238, "epsilon": 1.6979853428924254, "gamma": 0.013580583255578763}, "datetime": {"datetime": "2021-09-29 20:15:18", "elapsed": 104.151002, "delta": 1.259698}}
{"target": -64.26484464913088, "params": {"C": 50.349701458500405, "epsilon": 1.2516564301177766, "gamma": 0.0740455533393819}, "datetime": {"datetime": "2021-09-29 20:15:19", "elapsed": 104.819003, "delta": 0.668001}}
{"target": -53.399507961307066, "params": {"C": 49.301178189202794, "epsilon": 2.3535763931241616, "gamma": 0.0026467686319748738}, "datetime": {"datetime": "2021-09-29 20:15:19", "elapsed": 105.476997, "delta": 0.657994}}
{"target": -57.47341989503767, "params": {"C": 14.015009453129336, "epsilon": 1.5653242402863483, "gamma": 0.021976601082641302}, "datetime": {"datetime": "2021-09-29 20:15:20", "elapsed": 106.200311, "delta": 0.723314}}
{"target": -61.33225876331439, "params": {"C": 18.989502720893388, "epsilon": 1.898669424044111, "gamma": 0.04468886314839388}, "datetime": {"datetime": "2021-09-29 20:15:21", "elapsed": 107.249311, "delta": 1.049}}
{"target": -65.94237376582133, "params": {"C": 96.40626696305853, "epsilon": 2.979102270372725, "gamma": 0.07667820442915589}, "datetime": {"datetime": "2021-09-29 20:15:22", "elapsed": 108.218596, "delta": 0.969285}}
{"target": -67.25409284087178, "params": {"C": 94.60925449737934, "epsilon": 1.9026957021393274, "gamma": 0.09468101795375124}, "datetime": {"datetime": "2021-09-29 20:15:23", "elapsed": 108.901245, "delta": 0.682649}}
{"target": -69.89724100659006, "params": {"C": 28.96423603968254, "epsilon": 1.2358507672705388, "gamma": 0.4727006054264555}, "datetime": {"datetime": "2021-09-29 20:15:23", "elapsed": 109.558243, "delta": 0.656998}}
{"target": -54.02461901648887, "params": {"C": 14.102254073730558, "epsilon": 1.4024208637245694, "gamma": 0.004212100272391876}, "datetime": {"datetime": "2021-09-29 20:15:25", "elapsed": 110.911479, "delta": 1.353236}}
{"target": -69.84077894833823, "params": {"C": 50.02673382844367, "epsilon": 0.8976812111791489, "gamma": 0.3194259773544859}, "datetime": {"datetime": "2021-09-29 20:15:25", "elapsed": 111.604475, "delta": 0.692996}}
{"target": -59.03040323500651, "params": {"C": 89.07283817552612, "epsilon": 1.4415323664752138, "gamma": 0.01819873077568365}, "datetime": {"datetime": "2021-09-29 20:15:26", "elapsed": 112.303627, "delta": 0.699152}}
