{"target": -58.97789990884815, "params": {"C": 75.785123043296, "epsilon": 1.4983273788554539, "gamma": 0.018918804038205186}, "datetime": {"datetime": "2021-09-29 21:11:18", "elapsed": 954.667934, "delta": 2.685149}}
{"target": -53.75726301863448, "params": {"C": 8.681225983289405, "epsilon": 0.7266466322939065, "gamma": 0.008024693108732082}, "datetime": {"datetime": "2021-09-29 21:11:22", "elapsed": 958.876686, "delta": 4.208752}}
{"target": -62.338864839301145, "params": {"C": 71.85890352784789, "epsilon": 2.837358652116905, "gamma": 0.048480276843513276}, "datetime": {"datetime": "2021-09-29 21:11:25", "elapsed": 961.89945, "delta": 3.022764}}
{"target": -59.68044189575398, "params": {"C": 14.529171674033503, "epsilon": 1.0749537852941642, "gamma": 0.03420768521834523}, "datetime": {"datetime": "2021-09-29 21:11:30", "elapsed": 966.859851, "delta": 4.960401}}
{"target": -59.313432652139916, "params": {"C": 89.11603025024547, "epsilon": 1.4010236227391035, "gamma": 0.020413259160021714}, "datetime": {"datetime": "2021-09-29 21:11:37", "elapsed": 973.692266, "delta": 6.832415}}
{"target": -63.528408928336944, "params": {"C": 41.42941800900143, "epsilon": 2.5756112744712376, "gamma": 0.06559835977631562}, "datetime": {"datetime": "2021-09-29 21:11:39", "elapsed": 976.417747, "delta": 2.725481}}
{"target": -59.89234177890369, "params": {"C": 48.784218491686694, "epsilon": 1.7957448792420334, "gamma": 0.024248554414590985}, "datetime": {"datetime": "2021-09-29 21:11:42", "elapsed": 979.11529, "delta": 2.697543}}
{"target": -53.7616926868473, "params": {"C": 14.512647774132345, "epsilon": 1.0048716325087668, "gamma": 0.007152974108221321}, "datetime": {"datetime": "2021-09-29 21:11:47", "elapsed": 984.040453, "delta": 4.925163}}
{"target": -62.74098055875535, "params": {"C": 87.76298552625875, "epsilon": 0.07875276925184611, "gamma": 0.049514656761295954}, "datetime": {"datetime": "2021-09-29 21:23:22", "elapsed": 0.0, "delta": 0.0}}
{"target": -60.66069808457891, "params": {"C": 87.62915613103709, "epsilon": 1.2616830384603794, "gamma": 0.029797100408248282}, "datetime": {"datetime": "2021-09-29 21:23:22", "elapsed": 0.03196, "delta": 0.03196}}
{"target": -60.20103388334992, "params": {"C": 41.725078173530655, "epsilon": 1.8581936280856404, "gamma": 0.027038955163339626}, "datetime": {"datetime": "2021-09-29 21:23:22", "elapsed": 0.058975, "delta": 0.027015}}
{"target": -62.30702989243251, "params": {"C": 54.09862774547046, "epsilon": 1.8637803644751154, "gamma": 0.047669874275505814}, "datetime": {"datetime": "2021-09-29 21:23:22", "elapsed": 0.100959, "delta": 0.041984}}
{"target": -57.884962730442126, "params": {"C": 27.78140912364178, "epsilon": 1.5412207856759734, "gamma": 0.016681143921657683}, "datetime": {"datetime": "2021-09-29 21:23:22", "elapsed": 0.126002, "delta": 0.025043}}
{"target": -64.37182324040434, "params": {"C": 157.28169441551802, "epsilon": 2.562071902625827, "gamma": 0.04453189168063531}, "datetime": {"datetime": "2021-09-29 21:23:22", "elapsed": 0.154966, "delta": 0.028964}}
{"target": -63.85789598118934, "params": {"C": 126.74972792375002, "epsilon": 0.8136258549055587, "gamma": 0.04665415968282749}, "datetime": {"datetime": "2021-09-29 21:23:22", "elapsed": 0.253961, "delta": 0.098995}}
{"target": -62.82583845780123, "params": {"C": 84.70135582303872, "epsilon": 1.364295062537476, "gamma": 0.05198400966541891}, "datetime": {"datetime": "2021-09-29 21:23:22", "elapsed": 0.3458, "delta": 0.091839}}
{"target": -61.76018895942382, "params": {"C": 39.87369327828678, "epsilon": 1.8685206966833863, "gamma": 0.04238595873602292}, "datetime": {"datetime": "2021-09-29 21:23:23", "elapsed": 0.454807, "delta": 0.109007}}
{"target": -68.8285400970218, "params": {"C": 163.6573878391309, "epsilon": 0.16607892240638816, "gamma": 0.07850875719780656}, "datetime": {"datetime": "2021-09-29 21:23:23", "elapsed": 0.557801, "delta": 0.102994}}
{"target": -63.44350966550066, "params": {"C": 25.73778505764677, "epsilon": 2.239523861299466, "gamma": 0.07340423357589221}, "datetime": {"datetime": "2021-09-29 21:23:23", "elapsed": 0.931803, "delta": 0.374002}}
{"target": -58.57638734032269, "params": {"C": 28.130540297563297, "epsilon": 0.8709633805701235, "gamma": 0.018540797839510122}, "datetime": {"datetime": "2021-09-29 21:23:23", "elapsed": 1.206807, "delta": 0.275004}}
{"target": -60.56788764723613, "params": {"C": 29.048217565498987, "epsilon": 2.197013924499673, "gamma": 0.033658272234579664}, "datetime": {"datetime": "2021-09-29 21:23:23", "elapsed": 1.396802, "delta": 0.189995}}
{"target": -56.53667055532377, "params": {"C": 26.841629766370293, "epsilon": 0.27566950156517495, "gamma": 0.011886720114971574}, "datetime": {"datetime": "2021-09-29 21:23:24", "elapsed": 1.714805, "delta": 0.318003}}
{"target": -61.07732893936537, "params": {"C": 25.38176574280353, "epsilon": 0.07092647669855236, "gamma": 0.03399135603020721}, "datetime": {"datetime": "2021-09-29 21:23:24", "elapsed": 2.010846, "delta": 0.296041}}
{"target": -60.92224499156869, "params": {"C": 44.1581238044448, "epsilon": 1.6719236342826522, "gamma": 0.03485335050341715}, "datetime": {"datetime": "2021-09-29 21:23:25", "elapsed": 2.514869, "delta": 0.504023}}
{"target": -63.56930880726208, "params": {"C": 26.992260341964997, "epsilon": 0.8818608597206187, "gamma": 0.06969498382065294}, "datetime": {"datetime": "2021-09-29 21:23:25", "elapsed": 2.757901, "delta": 0.243032}}
{"target": -59.53349297984393, "params": {"C": 81.4899710776146, "epsilon": 1.9097195876615638, "gamma": 0.022028382842534076}, "datetime": {"datetime": "2021-09-29 21:23:25", "elapsed": 2.898861, "delta": 0.14096}}
{"target": -66.9825084354604, "params": {"C": 164.17116055985818, "epsilon": 1.4840572586598495, "gamma": 0.06001640344356338}, "datetime": {"datetime": "2021-09-29 21:23:25", "elapsed": 3.059859, "delta": 0.160998}}
{"target": -60.90772581003955, "params": {"C": 24.394165271427376, "epsilon": 1.3027315680376776, "gamma": 0.035298249769636664}, "datetime": {"datetime": "2021-09-29 21:23:25", "elapsed": 3.162867, "delta": 0.103008}}
{"target": -56.07726482677576, "params": {"C": 36.73758407986947, "epsilon": 1.0456028732897633, "gamma": 0.008622799438725714}, "datetime": {"datetime": "2021-09-29 21:23:25", "elapsed": 3.292862, "delta": 0.129995}}
{"target": -58.3981177042774, "params": {"C": 73.52184245864058, "epsilon": 1.7851779388311744, "gamma": 0.01672947784167669}, "datetime": {"datetime": "2021-09-29 21:23:25", "elapsed": 3.435856, "delta": 0.142994}}
{"target": -54.117704454542334, "params": {"C": 25.98613538337676, "epsilon": 1.9195860370103888, "gamma": 0.00608832638222475}, "datetime": {"datetime": "2021-09-29 21:23:26", "elapsed": 3.544858, "delta": 0.109002}}
{"target": -60.76500558701543, "params": {"C": 143.16998156046785, "epsilon": 0.655085242019186, "gamma": 0.025575292989405946}, "datetime": {"datetime": "2021-09-29 21:23:26", "elapsed": 3.664858, "delta": 0.12}}
{"target": -53.79860601830817, "params": {"C": 10.407727105653628, "epsilon": 2.607794038672715, "gamma": 0.005698723181773283}, "datetime": {"datetime": "2021-09-29 21:23:26", "elapsed": 3.784857, "delta": 0.119999}}
{"target": -64.6114763802075, "params": {"C": 63.75667422279958, "epsilon": 1.2714453026856434, "gamma": 0.07571202874935987}, "datetime": {"datetime": "2021-09-29 21:23:26", "elapsed": 3.900901, "delta": 0.116044}}
{"target": -65.16575227568838, "params": {"C": 169.46573558613613, "epsilon": 0.23985678555017392, "gamma": 0.04552162350194119}, "datetime": {"datetime": "2021-09-29 21:23:36", "elapsed": 13.54274, "delta": 9.641839}}
{"target": -54.18729633549808, "params": {"C": 13.992014372988743, "epsilon": 1.2849388604645708, "gamma": 0.008778129317889068}, "datetime": {"datetime": "2021-09-29 21:23:36", "elapsed": 13.569704, "delta": 0.026964}}
{"target": -58.684511747173474, "params": {"C": 26.304834368554214, "epsilon": 1.7906391816268088, "gamma": 0.020418478854320802}, "datetime": {"datetime": "2021-09-29 21:23:36", "elapsed": 13.609701, "delta": 0.039997}}
{"target": -60.57157487720723, "params": {"C": 22.28219117768661, "epsilon": 0.6616983150046085, "gamma": 0.031549383021796606}, "datetime": {"datetime": "2021-09-29 21:23:36", "elapsed": 13.639703, "delta": 0.030002}}
{"target": -63.90735143688957, "params": {"C": 94.08970943187775, "epsilon": 0.606027935568631, "gamma": 0.05767256459682084}, "datetime": {"datetime": "2021-09-29 21:23:36", "elapsed": 13.679741, "delta": 0.040038}}
{"target": -58.07024472852338, "params": {"C": 131.19550390592948, "epsilon": 1.0223360178382883, "gamma": 0.012703683832559062}, "datetime": {"datetime": "2021-09-29 21:23:36", "elapsed": 13.848704, "delta": 0.168963}}
{"target": -63.49872653941057, "params": {"C": 180.90466202198184, "epsilon": 0.5108067700366268, "gamma": 0.03554723294605325}, "datetime": {"datetime": "2021-09-29 21:23:36", "elapsed": 13.994705, "delta": 0.146001}}
{"target": -62.959076486250765, "params": {"C": 119.33286048763212, "epsilon": 1.538124116447088, "gamma": 0.04299907634648886}, "datetime": {"datetime": "2021-09-29 21:23:36", "elapsed": 14.232709, "delta": 0.238004}}
{"target": -64.25377115881443, "params": {"C": 145.46758920957112, "epsilon": 1.3512191146871604, "gamma": 0.044246444974947084}, "datetime": {"datetime": "2021-09-29 21:23:36", "elapsed": 14.395878, "delta": 0.163169}}
{"target": -60.20776606139767, "params": {"C": 8.896538910638283, "epsilon": 1.7166621777961821, "gamma": 0.04419408849642836}, "datetime": {"datetime": "2021-09-29 21:23:37", "elapsed": 14.620881, "delta": 0.225003}}
{"target": -59.81128664230876, "params": {"C": 10.454664031165116, "epsilon": 2.49453538252274, "gamma": 0.042403289972225595}, "datetime": {"datetime": "2021-09-29 21:23:37", "elapsed": 14.884886, "delta": 0.264005}}
{"target": -55.425386085823305, "params": {"C": 13.976441551437361, "epsilon": 1.3921180891323504, "gamma": 0.012937817701002635}, "datetime": {"datetime": "2021-09-29 21:23:37", "elapsed": 15.078886, "delta": 0.194}}
{"target": -56.66061477820544, "params": {"C": 73.28661659558858, "epsilon": 2.257196957578092, "gamma": 0.006149148376545606}, "datetime": {"datetime": "2021-09-29 21:23:37", "elapsed": 15.223877, "delta": 0.144991}}
{"target": -55.65144432120673, "params": {"C": 176.41277911626554, "epsilon": 2.8224065311256585, "gamma": 0.002639749435628337}, "datetime": {"datetime": "2021-09-29 21:23:37", "elapsed": 15.409511, "delta": 0.185634}}
{"target": -66.11206845001915, "params": {"C": 74.63000546939652, "epsilon": 2.570844880115541, "gamma": 0.08889335805541768}, "datetime": {"datetime": "2021-09-29 21:23:38", "elapsed": 15.58951, "delta": 0.179999}}
{"target": -68.04887930418438, "params": {"C": 140.92834764531648, "epsilon": 2.0311104858425995, "gamma": 0.0792027858281009}, "datetime": {"datetime": "2021-09-29 21:23:38", "elapsed": 15.762511, "delta": 0.173001}}
{"target": -63.408806894928304, "params": {"C": 23.05540837230566, "epsilon": 1.2937431942983262, "gamma": 0.07415041432218812}, "datetime": {"datetime": "2021-09-29 21:23:38", "elapsed": 15.931507, "delta": 0.168996}}
{"target": -54.82880950230982, "params": {"C": 10.475142030081324, "epsilon": 2.779206131042136, "gamma": 0.011334871123126197}, "datetime": {"datetime": "2021-09-29 21:23:38", "elapsed": 16.137509, "delta": 0.206002}}
{"target": -62.15651165166452, "params": {"C": 10.199266039508515, "epsilon": 2.717734007586915, "gamma": 0.08118547799006022}, "datetime": {"datetime": "2021-09-29 21:23:38", "elapsed": 16.327509, "delta": 0.19}}
{"target": -56.19371062875288, "params": {"C": 161.8997897803922, "epsilon": 1.0557273983624829, "gamma": 0.00521287968400964}, "datetime": {"datetime": "2021-09-29 21:23:39", "elapsed": 16.502666, "delta": 0.175157}}
{"target": -60.979134703246196, "params": {"C": 26.10557725473704, "epsilon": 1.9464858899634792, "gamma": 0.036819511895275}, "datetime": {"datetime": "2021-09-29 21:23:39", "elapsed": 16.756666, "delta": 0.254}}
{"target": -73.20270237114441, "params": {"C": 10.488362594579062, "epsilon": 2.667825533815839, "gamma": 0.0001}, "datetime": {"datetime": "2021-09-29 21:23:39", "elapsed": 17.110669, "delta": 0.354003}}
{"target": -59.50719826852987, "params": {"C": 74.78021988722594, "epsilon": 0.07512476901772994, "gamma": 0.022893189076140796}, "datetime": {"datetime": "2021-09-29 21:23:39", "elapsed": 17.303676, "delta": 0.193007}}
{"target": -62.9506342880468, "params": {"C": 68.63412324116882, "epsilon": 1.2658133114563086, "gamma": 0.057643764923691665}, "datetime": {"datetime": "2021-09-29 21:23:40", "elapsed": 17.525664, "delta": 0.221988}}
{"target": -64.75508502298827, "params": {"C": 90.29089047562059, "epsilon": 1.488307439035017, "gamma": 0.06741323297005011}, "datetime": {"datetime": "2021-09-29 21:23:40", "elapsed": 17.738668, "delta": 0.213004}}
{"target": -56.866027602301315, "params": {"C": 3.7848173087333876, "epsilon": 0.2841595928031456, "gamma": 0.020404909558589274}, "datetime": {"datetime": "2021-09-29 21:23:40", "elapsed": 17.964688, "delta": 0.22602}}
{"target": -64.30966471711626, "params": {"C": 87.87046975942616, "epsilon": 2.6441013337577814, "gamma": 0.06435882371061512}, "datetime": {"datetime": "2021-09-29 21:23:40", "elapsed": 18.162669, "delta": 0.197981}}
{"target": -61.679869630164895, "params": {"C": 57.38700888306918, "epsilon": 0.005060142669725727, "gamma": 0.041507971345420364}, "datetime": {"datetime": "2021-09-29 21:23:40", "elapsed": 18.403845, "delta": 0.241176}}
{"target": -58.21143636086305, "params": {"C": 115.88350290219685, "epsilon": 0.5318873388540815, "gamma": 0.014383397861572127}, "datetime": {"datetime": "2021-09-29 21:23:41", "elapsed": 18.620844, "delta": 0.216999}}
{"target": -61.368405215981646, "params": {"C": 124.5316221564642, "epsilon": 0.8841755645184535, "gamma": 0.03072849540767766}, "datetime": {"datetime": "2021-09-29 21:23:41", "elapsed": 18.854845, "delta": 0.234001}}
{"target": -66.80948282807593, "params": {"C": 104.75542477300012, "epsilon": 2.746179953044725, "gamma": 0.08287867222736761}, "datetime": {"datetime": "2021-09-29 21:23:41", "elapsed": 19.054845, "delta": 0.2}}
{"target": -62.64736876381378, "params": {"C": 28.395630035062077, "epsilon": 0.9397447245965623, "gamma": 0.05467906586610402}, "datetime": {"datetime": "2021-09-29 21:23:41", "elapsed": 19.276844, "delta": 0.221999}}
{"target": -64.55498889373935, "params": {"C": 146.8752316070524, "epsilon": 0.058415122134698495, "gamma": 0.046172099537900135}, "datetime": {"datetime": "2021-09-29 21:23:42", "elapsed": 19.469885, "delta": 0.193041}}
{"target": -54.24577595547543, "params": {"C": 33.905418413284934, "epsilon": 0.7405699131362402, "gamma": 0.005544550801323829}, "datetime": {"datetime": "2021-09-29 21:23:42", "elapsed": 19.708846, "delta": 0.238961}}
{"target": -63.51265709113327, "params": {"C": 127.72249348381676, "epsilon": 2.2859519868885516, "gamma": 0.044224552164046076}, "datetime": {"datetime": "2021-09-29 21:23:42", "elapsed": 19.939844, "delta": 0.230998}}
{"target": -70.16399992827135, "params": {"C": 181.09757746379725, "epsilon": 2.7404750346664417, "gamma": 0.08443380448382172}, "datetime": {"datetime": "2021-09-29 21:23:42", "elapsed": 20.189842, "delta": 0.249998}}
{"target": -56.86815333054109, "params": {"C": 34.888291219257475, "epsilon": 2.394291982503979, "gamma": 0.012399216225324888}, "datetime": {"datetime": "2021-09-29 21:23:42", "elapsed": 20.390446, "delta": 0.200604}}
{"target": -63.6123631084031, "params": {"C": 61.339076521448234, "epsilon": 1.0106044198037558, "gamma": 0.06514896871633957}, "datetime": {"datetime": "2021-09-29 21:23:43", "elapsed": 20.615595, "delta": 0.225149}}
{"target": -60.54581689152141, "params": {"C": 25.947938882272936, "epsilon": 1.881629755310455, "gamma": 0.0325470670212743}, "datetime": {"datetime": "2021-09-29 21:23:43", "elapsed": 20.838597, "delta": 0.223002}}
{"target": -58.56427519642414, "params": {"C": 138.65059454589692, "epsilon": 2.0622865750052806, "gamma": 0.014222837904021323}, "datetime": {"datetime": "2021-09-29 21:23:43", "elapsed": 21.077596, "delta": 0.238999}}
{"target": -59.775146669251065, "params": {"C": 25.995485764932905, "epsilon": 1.9493340397051409, "gamma": 0.026415048970945324}, "datetime": {"datetime": "2021-09-29 21:23:43", "elapsed": 21.317591, "delta": 0.239995}}
{"target": -61.868412195046886, "params": {"C": 17.86287460832075, "epsilon": 1.9074849433902459, "gamma": 0.05586244995735536}, "datetime": {"datetime": "2021-09-29 21:23:44", "elapsed": 21.77359, "delta": 0.455999}}
{"target": -66.62755932167865, "params": {"C": 159.55623537689291, "epsilon": 1.8689332947709527, "gamma": 0.05849393695679913}, "datetime": {"datetime": "2021-09-29 21:23:44", "elapsed": 22.052591, "delta": 0.279001}}
{"target": -65.31851216532172, "params": {"C": 62.57022148028384, "epsilon": 0.8000044059426077, "gamma": 0.08439470093063638}, "datetime": {"datetime": "2021-09-29 21:23:44", "elapsed": 22.315599, "delta": 0.263008}}
{"target": -57.36842501746015, "params": {"C": 69.47827410783394, "epsilon": 0.5398159371482223, "gamma": 0.011984054494967325}, "datetime": {"datetime": "2021-09-29 21:23:45", "elapsed": 22.646924, "delta": 0.331325}}
{"target": -59.52617381760168, "params": {"C": 161.92347573624804, "epsilon": 1.0158136435354694, "gamma": 0.01842987589397825}, "datetime": {"datetime": "2021-09-29 21:23:45", "elapsed": 22.963922, "delta": 0.316998}}
{"target": -53.47942659363434, "params": {"C": 157.34965691092412, "epsilon": 0.15978348812916449, "gamma": 0.0013488038886653117}, "datetime": {"datetime": "2021-09-29 21:23:45", "elapsed": 23.250929, "delta": 0.287007}}
{"target": -57.685353274609156, "params": {"C": 13.990874314014388, "epsilon": 1.2981304407896437, "gamma": 0.02273265172434695}, "datetime": {"datetime": "2021-09-29 21:23:46", "elapsed": 23.642924, "delta": 0.391995}}
{"target": -60.282948074384855, "params": {"C": 26.82878057999487, "epsilon": 0.2983611624117024, "gamma": 0.02786475715563894}, "datetime": {"datetime": "2021-09-29 21:23:46", "elapsed": 24.037926, "delta": 0.395002}}
{"target": -61.431811815350656, "params": {"C": 26.076736240845435, "epsilon": 1.9398059667912344, "gamma": 0.04049397479903946}, "datetime": {"datetime": "2021-09-29 21:23:46", "elapsed": 24.368932, "delta": 0.331006}}
{"target": -60.34011366594068, "params": {"C": 26.86861573096155, "epsilon": 0.23780770100474294, "gamma": 0.028172557031228906}, "datetime": {"datetime": "2021-09-29 21:23:47", "elapsed": 24.689723, "delta": 0.320791}}
{"target": -62.16565420307361, "params": {"C": 25.384701973630662, "epsilon": 0.07295390920174841, "gamma": 0.047640740994230914}, "datetime": {"datetime": "2021-09-29 21:23:47", "elapsed": 25.053719, "delta": 0.363996}}
{"target": -61.32369233544728, "params": {"C": 27.747165060736954, "epsilon": 1.5419893587491647, "gamma": 0.03885697702264491}, "datetime": {"datetime": "2021-09-29 21:23:47", "elapsed": 25.416844, "delta": 0.363125}}
{"target": -54.58141643701732, "params": {"C": 36.71845588678963, "epsilon": 1.001660851174492, "gamma": 0.005734300265138413}, "datetime": {"datetime": "2021-09-29 21:23:48", "elapsed": 25.843847, "delta": 0.427003}}
{"target": -61.87439841076774, "params": {"C": 57.1531390600198, "epsilon": 2.3812370245502104, "gamma": 0.04460355922856824}, "datetime": {"datetime": "2021-09-29 21:23:48", "elapsed": 26.306843, "delta": 0.462996}}
{"target": -63.330838312739324, "params": {"C": 33.86378160044623, "epsilon": 0.6894841693944824, "gamma": 0.0002857528663499652}, "datetime": {"datetime": "2021-09-29 21:23:49", "elapsed": 26.784981, "delta": 0.478138}}
{"target": -66.50595324920958, "params": {"C": 170.60639353558622, "epsilon": 0.036550612462457006, "gamma": 0.054389786449653345}, "datetime": {"datetime": "2021-09-29 21:23:49", "elapsed": 27.269982, "delta": 0.485001}}
{"target": -60.089892316409774, "params": {"C": 157.3259581436677, "epsilon": 0.14669881739360996, "gamma": 0.00010004896071646609}, "datetime": {"datetime": "2021-09-29 21:23:50", "elapsed": 27.825001, "delta": 0.555019}}
{"target": -70.13716332704551, "params": {"C": 185.07170465378402, "epsilon": 2.535941983881681, "gamma": 0.08285788200681778}, "datetime": {"datetime": "2021-09-29 21:23:50", "elapsed": 28.175981, "delta": 0.35098}}
{"target": -65.6325548874241, "params": {"C": 129.92330171930118, "epsilon": 2.446556224754417, "gamma": 0.05988026032302635}, "datetime": {"datetime": "2021-09-29 21:23:51", "elapsed": 28.546849, "delta": 0.370868}}
{"target": -58.18555210634779, "params": {"C": 10.433683767182153, "epsilon": 2.7845565054258694, "gamma": 0.02827157538086626}, "datetime": {"datetime": "2021-09-29 21:23:51", "elapsed": 28.992857, "delta": 0.446008}}
{"target": -59.87174862575284, "params": {"C": 36.72679384916468, "epsilon": 1.0717719616088035, "gamma": 0.026598356134514542}, "datetime": {"datetime": "2021-09-29 21:23:51", "elapsed": 29.426845, "delta": 0.433988}}
{"target": -66.16331761246376, "params": {"C": 167.02696663599843, "epsilon": 2.843922576267812, "gamma": 0.05380034084192431}, "datetime": {"datetime": "2021-09-29 21:23:52", "elapsed": 29.813849, "delta": 0.387004}}
{"target": -58.75499911933378, "params": {"C": 114.7451496644758, "epsilon": 0.5907126034119698, "gamma": 0.016536357605904595}, "datetime": {"datetime": "2021-09-29 21:23:52", "elapsed": 30.142844, "delta": 0.328995}}
{"target": -64.27563821616344, "params": {"C": 87.74149888690273, "epsilon": 1.3550186747381159, "gamma": 0.06301454643215787}, "datetime": {"datetime": "2021-09-29 21:23:53", "elapsed": 30.475674, "delta": 0.33283}}
{"target": -59.18105326805608, "params": {"C": 69.49323261750467, "epsilon": 0.5686011031486443, "gamma": 0.021672841954554673}, "datetime": {"datetime": "2021-09-29 21:23:53", "elapsed": 30.895676, "delta": 0.420002}}
