{"target": -54.84577283040776, "params": {"C": 133.07619318862038, "epsilon": 0.2892665980725554, "gamma": 0.0002379914058187929}, "datetime": {"datetime": "2021-09-29 21:58:41", "elapsed": 629.436153, "delta": 2.463602}}
