{"target": -55.93574919943455, "params": {"C": 172.78606447201338, "epsilon": 0.15911414664037174, "gamma": 0.003163543203989957}, "datetime": {"datetime": "2021-09-29 21:51:13", "elapsed": 181.475071, "delta": 1.327901}}
{"target": -56.87997079530152, "params": {"C": 188.92227362262395, "epsilon": 1.5992852560219981, "gamma": 0.007596308317398786}, "datetime": {"datetime": "2021-09-29 21:51:15", "elapsed": 182.859205, "delta": 1.384134}}
{"target": -58.719833825210884, "params": {"C": 164.96881420096557, "epsilon": 2.490800695710243, "gamma": 0.014158933032436944}, "datetime": {"datetime": "2021-09-29 21:51:16", "elapsed": 184.159735, "delta": 1.30053}}
{"target": -56.19489166578888, "params": {"C": 117.86653762292156, "epsilon": 1.4809418557996041, "gamma": 0.005691562705323816}, "datetime": {"datetime": "2021-09-29 21:51:17", "elapsed": 185.675894, "delta": 1.516159}}
{"target": -58.01699714996551, "params": {"C": 104.72339990734227, "epsilon": 2.6146537742140636, "gamma": 0.012075639327421648}, "datetime": {"datetime": "2021-09-29 21:51:19", "elapsed": 187.251134, "delta": 1.57524}}
{"target": -55.751779887093065, "params": {"C": 172.78588548125728, "epsilon": 0.1551768811436473, "gamma": 0.004237378084583145}, "datetime": {"datetime": "2021-09-29 21:51:21", "elapsed": 189.014916, "delta": 1.763782}}
{"target": -57.744543549511654, "params": {"C": 103.769810803682, "epsilon": 1.828187505444273, "gamma": 0.011581221381881815}, "datetime": {"datetime": "2021-09-29 21:51:23", "elapsed": 191.232424, "delta": 2.217508}}
{"target": -56.19484112029303, "params": {"C": 148.4274853628933, "epsilon": 2.783848791260181, "gamma": 0.005647960830489399}, "datetime": {"datetime": "2021-09-29 21:51:25", "elapsed": 192.733432, "delta": 1.501008}}
{"target": -59.028885331457346, "params": {"C": 152.80660441436982, "epsilon": 2.9298732176766022, "gamma": 0.015275950437259761}, "datetime": {"datetime": "2021-09-29 21:51:26", "elapsed": 193.944432, "delta": 1.211}}
{"target": -58.021390799885765, "params": {"C": 103.77602124326536, "epsilon": 1.8102282931730964, "gamma": 0.013345717940064186}, "datetime": {"datetime": "2021-09-29 21:51:27", "elapsed": 195.517432, "delta": 1.573}}
{"target": -56.11507778453713, "params": {"C": 136.44782378092683, "epsilon": 1.7766285632329193, "gamma": 0.004995305167430019}, "datetime": {"datetime": "2021-09-29 21:51:29", "elapsed": 197.330338, "delta": 1.812906}}
{"target": -57.91487942057019, "params": {"C": 145.1784269872897, "epsilon": 2.4528050432438615, "gamma": 0.011791233330494462}, "datetime": {"datetime": "2021-09-29 21:51:31", "elapsed": 199.193761, "delta": 1.863423}}
{"target": -56.77849924607753, "params": {"C": 144.1003946558197, "epsilon": 0.22600598311775077, "gamma": 0.009216809899596088}, "datetime": {"datetime": "2021-09-29 21:51:32", "elapsed": 200.472908, "delta": 1.279147}}
{"target": -56.226820165762824, "params": {"C": 114.92118544612731, "epsilon": 2.2714001098759162, "gamma": 0.006644517617666834}, "datetime": {"datetime": "2021-09-29 21:51:34", "elapsed": 201.89886, "delta": 1.425952}}
{"target": -56.14858310192188, "params": {"C": 164.9843536200085, "epsilon": 2.4690321647572686, "gamma": 0.004000281200445446}, "datetime": {"datetime": "2021-09-29 21:51:35", "elapsed": 203.342246, "delta": 1.443386}}
{"target": -55.984578631194104, "params": {"C": 192.88393023681007, "epsilon": 0.40277204352034635, "gamma": 0.0027938455279194582}, "datetime": {"datetime": "2021-09-29 21:51:37", "elapsed": 205.00105, "delta": 1.658804}}
{"target": -59.56326696720843, "params": {"C": 122.84442354069867, "epsilon": 2.1017695495004793, "gamma": 0.019777603947646487}, "datetime": {"datetime": "2021-09-29 21:51:38", "elapsed": 206.369979, "delta": 1.368929}}
{"target": -56.503958136501694, "params": {"C": 188.954239123038, "epsilon": 1.4488319748372114, "gamma": 0.006950553546484361}, "datetime": {"datetime": "2021-09-29 21:51:40", "elapsed": 208.040475, "delta": 1.670496}}
{"target": -54.672800610143604, "params": {"C": 129.05711854506256, "epsilon": 2.5151315626334134, "gamma": 0.0024625384246259293}, "datetime": {"datetime": "2021-09-29 21:51:42", "elapsed": 209.98567, "delta": 1.945195}}
{"target": -56.90321521437946, "params": {"C": 110.32862784337888, "epsilon": 2.1944201372562855, "gamma": 0.009092497669056445}, "datetime": {"datetime": "2021-09-29 21:51:43", "elapsed": 211.599257, "delta": 1.613587}}
{"target": -59.371588458833536, "params": {"C": 154.596118123539, "epsilon": 1.9566074344480964, "gamma": 0.01742842363917594}, "datetime": {"datetime": "2021-09-29 21:51:45", "elapsed": 213.091549, "delta": 1.492292}}
{"target": -57.60165662987543, "params": {"C": 113.24470089277908, "epsilon": 1.3295717800163092, "gamma": 0.011840571737415654}, "datetime": {"datetime": "2021-09-29 21:51:47", "elapsed": 214.96865, "delta": 1.877101}}
{"target": -54.20455808763808, "params": {"C": 106.69373577142224, "epsilon": 2.4957802887304448, "gamma": 0.0022927863541466116}, "datetime": {"datetime": "2021-09-29 21:51:49", "elapsed": 217.195405, "delta": 2.226755}}
{"target": -58.55226006229282, "params": {"C": 184.8405566907311, "epsilon": 2.159849654912292, "gamma": 0.013258245829298356}, "datetime": {"datetime": "2021-09-29 21:51:50", "elapsed": 218.577008, "delta": 1.381603}}
{"target": -56.85066079300349, "params": {"C": 103.14790227159408, "epsilon": 2.0211179726970494, "gamma": 0.008943843049746509}, "datetime": {"datetime": "2021-09-29 21:51:52", "elapsed": 219.985005, "delta": 1.407997}}
{"target": -55.7128529042188, "params": {"C": 104.73264699150752, "epsilon": 2.609202382995116, "gamma": 0.004087258617535273}, "datetime": {"datetime": "2021-09-29 21:51:54", "elapsed": 222.278322, "delta": 2.293317}}
{"target": -56.92307601353086, "params": {"C": 114.5315613680844, "epsilon": 2.383057117456983, "gamma": 0.009018409870076072}, "datetime": {"datetime": "2021-09-29 21:51:56", "elapsed": 223.737096, "delta": 1.458774}}
{"target": -58.38828324548263, "params": {"C": 101.14694890208091, "epsilon": 2.750163530793012, "gamma": 0.014245927805262409}, "datetime": {"datetime": "2021-09-29 21:51:57", "elapsed": 225.376251, "delta": 1.639155}}
{"target": -57.52933983137564, "params": {"C": 126.32290105834672, "epsilon": 2.561836724772556, "gamma": 0.009854119050120716}, "datetime": {"datetime": "2021-09-29 21:51:59", "elapsed": 226.896809, "delta": 1.520558}}
{"target": -59.36103369780608, "params": {"C": 122.81745443471706, "epsilon": 2.203291737087378, "gamma": 0.018157845223927924}, "datetime": {"datetime": "2021-09-29 21:52:00", "elapsed": 228.319398, "delta": 1.422589}}
{"target": -57.17089164527855, "params": {"C": 127.88365354391759, "epsilon": 0.6475747550852883, "gamma": 0.010542743418278126}, "datetime": {"datetime": "2021-09-29 21:52:02", "elapsed": 229.697527, "delta": 1.378129}}
{"target": -59.455276664728615, "params": {"C": 159.79682714051188, "epsilon": 0.13300659256873557, "gamma": 0.017391288174334395}, "datetime": {"datetime": "2021-09-29 21:52:03", "elapsed": 231.102692, "delta": 1.405165}}
{"target": -53.90501561301863, "params": {"C": 145.19778919948945, "epsilon": 2.4586843324055545, "gamma": 0.0015268274698256332}, "datetime": {"datetime": "2021-09-29 21:52:05", "elapsed": 232.997842, "delta": 1.89515}}
{"target": -56.439885719508766, "params": {"C": 101.18451441516034, "epsilon": 2.7873996588743415, "gamma": 0.008175280652102749}, "datetime": {"datetime": "2021-09-29 21:52:07", "elapsed": 234.789524, "delta": 1.791682}}
{"target": -58.089352161114505, "params": {"C": 188.96307536493924, "epsilon": 1.4458350329076548, "gamma": 0.011944259744206431}, "datetime": {"datetime": "2021-09-29 21:52:08", "elapsed": 236.585064, "delta": 1.79554}}
{"target": -53.80214847901762, "params": {"C": 148.64444030728964, "epsilon": 2.7039991827410708, "gamma": 0.0014092403940024324}, "datetime": {"datetime": "2021-09-29 21:52:10", "elapsed": 238.451062, "delta": 1.865998}}
{"target": -57.4749655276929, "params": {"C": 113.63624568600598, "epsilon": 1.1175155131717338, "gamma": 0.011290416179183435}, "datetime": {"datetime": "2021-09-29 21:52:12", "elapsed": 239.918695, "delta": 1.467633}}
{"target": -53.219913497589744, "params": {"C": 149.55261011410462, "epsilon": 2.6118422114505138, "gamma": 0.0012423438554204575}, "datetime": {"datetime": "2021-09-29 21:52:13", "elapsed": 241.416798, "delta": 1.498103}}
{"target": -54.59354272738703, "params": {"C": 101.28479974126931, "epsilon": 2.6174619387033147, "gamma": 0.0029756603508428827}, "datetime": {"datetime": "2021-09-29 21:52:15", "elapsed": 242.83745, "delta": 1.420652}}
{"target": -59.44347101585652, "params": {"C": 137.40276687343797, "epsilon": 1.0919671195609628, "gamma": 0.018774572148054985}, "datetime": {"datetime": "2021-09-29 21:52:16", "elapsed": 244.322449, "delta": 1.484999}}
{"target": -56.12394894965723, "params": {"C": 156.5343171817843, "epsilon": 2.673149660597958, "gamma": 0.004613520332120963}, "datetime": {"datetime": "2021-09-29 21:52:18", "elapsed": 246.104681, "delta": 1.782232}}
{"target": -53.92238376516343, "params": {"C": 117.9605012134963, "epsilon": 1.0346773404000544, "gamma": 0.0019003526153393388}, "datetime": {"datetime": "2021-09-29 21:52:20", "elapsed": 248.284769, "delta": 2.180088}}
{"target": -57.4707513055499, "params": {"C": 161.38996592154456, "epsilon": 1.308341877401609, "gamma": 0.009939960481313953}, "datetime": {"datetime": "2021-09-29 21:52:22", "elapsed": 249.870062, "delta": 1.585293}}
{"target": -58.37568695631218, "params": {"C": 164.3173564514138, "epsilon": 0.8617205666071936, "gamma": 0.013852677894045174}, "datetime": {"datetime": "2021-09-29 21:52:23", "elapsed": 251.378493, "delta": 1.508431}}
{"target": -55.78031949771463, "params": {"C": 172.7993218355266, "epsilon": 0.16406551545305373, "gamma": 0.0038773668047514085}, "datetime": {"datetime": "2021-09-29 21:52:25", "elapsed": 253.379963, "delta": 2.00147}}
{"target": -56.2278699523804, "params": {"C": 192.8865130821787, "epsilon": 0.3843021206836596, "gamma": 0.005812756280938427}, "datetime": {"datetime": "2021-09-29 21:52:27", "elapsed": 255.330183, "delta": 1.95022}}
{"target": -56.15895280213956, "params": {"C": 122.63051670121817, "epsilon": 1.2094081089654218, "gamma": 0.005301240949491272}, "datetime": {"datetime": "2021-09-29 21:52:29", "elapsed": 257.587517, "delta": 2.257334}}
{"target": -57.51315959959238, "params": {"C": 156.54745190077875, "epsilon": 2.6649338272497816, "gamma": 0.009023925405521245}, "datetime": {"datetime": "2021-09-29 21:52:31", "elapsed": 259.595371, "delta": 2.007854}}
{"target": -57.92310094987765, "params": {"C": 100.9131146892251, "epsilon": 0.6924476056102004, "gamma": 0.014430456917468413}, "datetime": {"datetime": "2021-09-29 21:52:33", "elapsed": 261.129219, "delta": 1.533848}}
{"target": -58.16045429585971, "params": {"C": 103.79603004327626, "epsilon": 1.839560202474733, "gamma": 0.013786478054517855}, "datetime": {"datetime": "2021-09-29 21:52:35", "elapsed": 262.974447, "delta": 1.845228}}
{"target": -56.40541434081925, "params": {"C": 135.7609551266093, "epsilon": 2.2741433871634102, "gamma": 0.007376757804578675}, "datetime": {"datetime": "2021-09-29 21:52:36", "elapsed": 264.627197, "delta": 1.65275}}
{"target": -58.29475571366282, "params": {"C": 149.63995151075346, "epsilon": 1.8641271954194762, "gamma": 0.012952642108585056}, "datetime": {"datetime": "2021-09-29 21:52:38", "elapsed": 266.245841, "delta": 1.618644}}
{"target": -57.36657083676761, "params": {"C": 185.55247609426397, "epsilon": 1.2743699770640438, "gamma": 0.009463684987964465}, "datetime": {"datetime": "2021-09-29 21:52:40", "elapsed": 267.897536, "delta": 1.651695}}
{"target": -54.290103741480614, "params": {"C": 110.00865397339238, "epsilon": 1.536323571781272, "gamma": 0.0024557034847884863}, "datetime": {"datetime": "2021-09-29 21:52:42", "elapsed": 270.642518, "delta": 2.744982}}
{"target": -57.56720093558535, "params": {"C": 101.90517508259383, "epsilon": 2.038359366296028, "gamma": 0.010865967291003848}, "datetime": {"datetime": "2021-09-29 21:52:45", "elapsed": 272.712121, "delta": 2.069603}}
{"target": -57.11262893922794, "params": {"C": 180.30561290753127, "epsilon": 1.2977962246259667, "gamma": 0.008457140168945833}, "datetime": {"datetime": "2021-09-29 21:52:47", "elapsed": 274.803123, "delta": 2.091002}}
{"target": -56.083534983366675, "params": {"C": 130.7374089137726, "epsilon": 2.6650191428522896, "gamma": 0.006281875693394546}, "datetime": {"datetime": "2021-09-29 21:52:49", "elapsed": 277.090037, "delta": 2.286914}}
{"target": -62.43954173116265, "params": {"C": 104.72573122494418, "epsilon": 2.603547787615289, "gamma": 0.0001}, "datetime": {"datetime": "2021-09-29 21:52:51", "elapsed": 279.326721, "delta": 2.236684}}
{"target": -58.82463469717909, "params": {"C": 194.50251638161825, "epsilon": 0.1727131249654745, "gamma": 0.014463711493935218}, "datetime": {"datetime": "2021-09-29 21:52:53", "elapsed": 280.93247, "delta": 1.605749}}
{"target": -55.52017692279706, "params": {"C": 168.2026456427658, "epsilon": 1.2914976268626523, "gamma": 0.002453749852792036}, "datetime": {"datetime": "2021-09-29 21:52:55", "elapsed": 283.053066, "delta": 2.120596}}
{"target": -53.57848196459988, "params": {"C": 167.06767102709196, "epsilon": 2.3888151964574367, "gamma": 0.0012127559068154461}, "datetime": {"datetime": "2021-09-29 21:52:57", "elapsed": 285.221879, "delta": 2.168813}}
{"target": -56.80627568319467, "params": {"C": 128.89305962980683, "epsilon": 2.5563545941560326, "gamma": 0.008318409545093467}, "datetime": {"datetime": "2021-09-29 21:52:59", "elapsed": 287.016936, "delta": 1.795057}}
{"target": -57.5918177405405, "params": {"C": 113.46534168351039, "epsilon": 1.5390332273845444, "gamma": 0.011157702431351876}, "datetime": {"datetime": "2021-09-29 21:53:01", "elapsed": 289.102184, "delta": 2.085248}}
{"target": -58.080729298320946, "params": {"C": 178.87518342519894, "epsilon": 0.47657289943850306, "gamma": 0.012610351317909142}, "datetime": {"datetime": "2021-09-29 21:53:03", "elapsed": 290.705186, "delta": 1.603002}}
{"target": -56.441740966195674, "params": {"C": 188.37106769425924, "epsilon": 1.6704366725727229, "gamma": 0.006477329111500644}, "datetime": {"datetime": "2021-09-29 21:53:04", "elapsed": 292.284185, "delta": 1.578999}}
{"target": -56.53151347378586, "params": {"C": 185.21666191047655, "epsilon": 1.9362094808581793, "gamma": 0.006991661736353871}, "datetime": {"datetime": "2021-09-29 21:53:06", "elapsed": 293.872114, "delta": 1.587929}}
{"target": -57.293064769814116, "params": {"C": 130.73138424726258, "epsilon": 2.648430605486641, "gamma": 0.009233303626162353}, "datetime": {"datetime": "2021-09-29 21:53:08", "elapsed": 296.212696, "delta": 2.340582}}
{"target": -56.255763784961644, "params": {"C": 113.24253908451082, "epsilon": 1.3353747884323748, "gamma": 0.006432598841854268}, "datetime": {"datetime": "2021-09-29 21:53:10", "elapsed": 298.659381, "delta": 2.446685}}
{"target": -56.30974122220944, "params": {"C": 117.16595933597895, "epsilon": 2.99480505766839, "gamma": 0.007415264206463787}, "datetime": {"datetime": "2021-09-29 21:53:12", "elapsed": 300.305934, "delta": 1.646553}}
{"target": -52.313538868183365, "params": {"C": 113.44966914925162, "epsilon": 1.551895919599896, "gamma": 0.001079025023716469}, "datetime": {"datetime": "2021-09-29 21:53:15", "elapsed": 302.845128, "delta": 2.539194}}
{"target": -53.41200100620404, "params": {"C": 122.62318985771844, "epsilon": 1.1685421979246404, "gamma": 0.00139321213258463}, "datetime": {"datetime": "2021-09-29 21:53:17", "elapsed": 305.110822, "delta": 2.265694}}
{"target": -59.60555989496798, "params": {"C": 157.66965112449236, "epsilon": 1.012095042015887, "gamma": 0.018990546146301183}, "datetime": {"datetime": "2021-09-29 21:53:19", "elapsed": 306.819635, "delta": 1.708813}}
{"target": -56.783583828924414, "params": {"C": 180.3244899272031, "epsilon": 1.310220832476072, "gamma": 0.007721981866615445}, "datetime": {"datetime": "2021-09-29 21:53:21", "elapsed": 308.918135, "delta": 2.0985}}
{"target": -57.96367796288953, "params": {"C": 121.06882059993413, "epsilon": 2.312221460734765, "gamma": 0.011659296344027832}, "datetime": {"datetime": "2021-09-29 21:53:22", "elapsed": 310.648289, "delta": 1.730154}}
{"target": -51.872578174165184, "params": {"C": 165.58602758927967, "epsilon": 0.7742413785352905, "gamma": 0.0006228910263063721}, "datetime": {"datetime": "2021-09-29 21:53:25", "elapsed": 312.72136, "delta": 2.073071}}
{"target": -54.94344692820312, "params": {"C": 197.30571522709116, "epsilon": 1.4345567227212572, "gamma": 0.0017975065792256815}, "datetime": {"datetime": "2021-09-29 21:53:26", "elapsed": 314.366226, "delta": 1.644866}}
{"target": -56.441359622675535, "params": {"C": 147.93141187683335, "epsilon": 0.4931088359043243, "gamma": 0.007943389832891572}, "datetime": {"datetime": "2021-09-29 21:53:28", "elapsed": 316.242302, "delta": 1.876076}}
{"target": -59.047839499626974, "params": {"C": 103.31091292641044, "epsilon": 0.44637418585413297, "gamma": 0.018477563084589536}, "datetime": {"datetime": "2021-09-29 21:53:30", "elapsed": 317.985947, "delta": 1.743645}}
{"target": -58.29201589329991, "params": {"C": 140.45020427821763, "epsilon": 1.9082268871576689, "gamma": 0.012931103247309622}, "datetime": {"datetime": "2021-09-29 21:53:32", "elapsed": 320.055177, "delta": 2.06923}}
{"target": -56.227396356424585, "params": {"C": 151.2868278960803, "epsilon": 2.524895754212046, "gamma": 0.005243641011488276}, "datetime": {"datetime": "2021-09-29 21:53:34", "elapsed": 321.902887, "delta": 1.84771}}
{"target": -53.26259102577345, "params": {"C": 186.41797389657972, "epsilon": 0.6639076748577395, "gamma": 0.0010024044423155413}, "datetime": {"datetime": "2021-09-29 21:53:36", "elapsed": 323.68812, "delta": 1.785233}}
{"target": -55.921773521103866, "params": {"C": 199.88395008613787, "epsilon": 0.10926742975760925, "gamma": 0.003372824045998259}, "datetime": {"datetime": "2021-09-29 21:53:38", "elapsed": 325.935538, "delta": 2.247418}}
{"target": -54.906775511091546, "params": {"C": 140.44385855310117, "epsilon": 1.9026920062825345, "gamma": 0.0024506325769816364}, "datetime": {"datetime": "2021-09-29 21:53:40", "elapsed": 328.44532, "delta": 2.509782}}
{"target": -58.48193785782553, "params": {"C": 147.01851689822018, "epsilon": 1.595971578408588, "gamma": 0.014347845644314003}, "datetime": {"datetime": "2021-09-29 21:53:42", "elapsed": 330.678077, "delta": 2.232757}}
{"target": -53.85866694308494, "params": {"C": 101.1938865931388, "epsilon": 2.7903229677626533, "gamma": 0.0020226678730153862}, "datetime": {"datetime": "2021-09-29 21:53:45", "elapsed": 332.805382, "delta": 2.127305}}
{"target": -58.38018935608061, "params": {"C": 161.82207842274173, "epsilon": 0.0803632164710174, "gamma": 0.014269285127137035}, "datetime": {"datetime": "2021-09-29 21:53:46", "elapsed": 334.550168, "delta": 1.744786}}
{"target": -56.10615884562314, "params": {"C": 126.83803196389337, "epsilon": 2.5038595244139117, "gamma": 0.0059034668313405906}, "datetime": {"datetime": "2021-09-29 21:53:48", "elapsed": 336.436007, "delta": 1.885839}}
{"target": -57.78752194439581, "params": {"C": 158.71618679059756, "epsilon": 2.9651516960266213, "gamma": 0.01162646402454481}, "datetime": {"datetime": "2021-09-29 21:53:50", "elapsed": 338.286276, "delta": 1.850269}}
{"target": -56.468260250325244, "params": {"C": 154.64615164444123, "epsilon": 2.306114769028757, "gamma": 0.0071406977194499}, "datetime": {"datetime": "2021-09-29 21:53:52", "elapsed": 340.32328, "delta": 2.037004}}
{"target": -56.9378843674611, "params": {"C": 114.92106126064594, "epsilon": 2.264710577821151, "gamma": 0.009095945369920951}, "datetime": {"datetime": "2021-09-29 21:53:55", "elapsed": 343.135496, "delta": 2.812216}}
{"target": -58.47774512825432, "params": {"C": 136.8896660922388, "epsilon": 0.9062932395482663, "gamma": 0.01483433209460855}, "datetime": {"datetime": "2021-09-29 21:53:57", "elapsed": 344.940351, "delta": 1.804855}}
{"target": -56.15700020334027, "params": {"C": 124.09052814876318, "epsilon": 2.6255320200146572, "gamma": 0.00549350095404541}, "datetime": {"datetime": "2021-09-29 21:53:58", "elapsed": 346.658049, "delta": 1.717698}}
{"target": -56.89410380070221, "params": {"C": 124.22582624733963, "epsilon": 1.4807923148702733, "gamma": 0.009037343100605966}, "datetime": {"datetime": "2021-09-29 21:54:01", "elapsed": 348.728304, "delta": 2.070255}}
{"target": -56.0224989499249, "params": {"C": 186.41401949912404, "epsilon": 0.6644087050927031, "gamma": 0.0035431289284704164}, "datetime": {"datetime": "2021-09-29 21:54:03", "elapsed": 351.118928, "delta": 2.390624}}
{"target": -59.612627726693425, "params": {"C": 194.3777585879606, "epsilon": 1.5116741955901956, "gamma": 0.01750201050410795}, "datetime": {"datetime": "2021-09-29 21:54:05", "elapsed": 352.827933, "delta": 1.709005}}
{"target": -59.081737258499615, "params": {"C": 102.41373709178502, "epsilon": 1.3704145723210877, "gamma": 0.01822217998500375}, "datetime": {"datetime": "2021-09-29 21:54:06", "elapsed": 354.442498, "delta": 1.614565}}
{"target": -56.03767961313905, "params": {"C": 189.6055390734424, "epsilon": 0.7128116166542403, "gamma": 0.004354416977398711}, "datetime": {"datetime": "2021-09-29 21:54:08", "elapsed": 356.162653, "delta": 1.720155}}
{"target": -56.1568716631349, "params": {"C": 111.95792654152844, "epsilon": 0.9554112892158615, "gamma": 0.004738932208301025}, "datetime": {"datetime": "2021-09-29 21:54:10", "elapsed": 358.507279, "delta": 2.344626}}
{"target": -52.04709282394751, "params": {"C": 117.85485030942192, "epsilon": 1.4795216254826145, "gamma": 0.0008510791037315495}, "datetime": {"datetime": "2021-09-29 21:54:12", "elapsed": 360.567655, "delta": 2.060376}}
