{"target": -56.01302574380158, "params": {"C": 16.616796651274072, "epsilon": 1.4052422124708788, "gamma": 0.031869832287736696}, "datetime": {"datetime": "2021-09-29 20:57:19", "elapsed": 119.861425, "delta": 1.210997}}
{"target": -55.60305179978485, "params": {"C": 6.364903883993671, "epsilon": 2.7600401587124996, "gamma": 0.049330178932074115}, "datetime": {"datetime": "2021-09-29 20:57:20", "elapsed": 120.839699, "delta": 0.978274}}
{"target": -55.25996001964856, "params": {"C": 45.74088559888428, "epsilon": 2.4636631457309446, "gamma": 0.006011996712485278}, "datetime": {"datetime": "2021-09-29 20:57:21", "elapsed": 121.474695, "delta": 0.634996}}
{"target": -58.47025059376816, "params": {"C": 34.64320500365199, "epsilon": 2.220564170796571, "gamma": 0.04784751236706897}, "datetime": {"datetime": "2021-09-29 20:57:21", "elapsed": 122.114694, "delta": 0.639999}}
{"target": -55.79086135309309, "params": {"C": 21.4726044476185, "epsilon": 2.7226722720176437, "gamma": 0.03369415591969509}, "datetime": {"datetime": "2021-09-29 20:57:23", "elapsed": 123.731814, "delta": 1.61712}}
{"target": -54.46376841088245, "params": {"C": 16.130781502759312, "epsilon": 0.1657816053978617, "gamma": 0.01528385348833746}, "datetime": {"datetime": "2021-09-29 20:57:24", "elapsed": 124.781944, "delta": 1.05013}}
{"target": -56.97859571856242, "params": {"C": 3.66915391799093, "epsilon": 2.2693503829902744, "gamma": 0.025548714259396112}, "datetime": {"datetime": "2021-09-29 20:57:25", "elapsed": 125.906941, "delta": 1.124997}}
{"target": -57.788817916408874, "params": {"C": 79.79982988094434, "epsilon": 0.9856244684566998, "gamma": 0.019147842495238605}, "datetime": {"datetime": "2021-09-29 20:57:26", "elapsed": 126.647767, "delta": 0.740826}}
{"target": -55.74871598273299, "params": {"C": 11.185743996334926, "epsilon": 0.39006754678107586, "gamma": 0.05}, "datetime": {"datetime": "2021-09-29 20:57:27", "elapsed": 128.014773, "delta": 1.367006}}
{"target": -56.1351935979978, "params": {"C": 14.756629702003313, "epsilon": 1.4859445367562454, "gamma": 0.04666520480783191}, "datetime": {"datetime": "2021-09-29 20:57:29", "elapsed": 129.624995, "delta": 1.610222}}
{"target": -57.441825619809364, "params": {"C": 26.356715539166025, "epsilon": 2.6171737232058154, "gamma": 0.002177729559809207}, "datetime": {"datetime": "2021-09-29 20:57:30", "elapsed": 130.85821, "delta": 1.233215}}
{"target": -55.98050372404354, "params": {"C": 26.99889971867375, "epsilon": 2.710225522274804, "gamma": 0.022746402991277066}, "datetime": {"datetime": "2021-09-29 20:57:32", "elapsed": 132.155208, "delta": 1.296998}}
{"target": -56.05019164026086, "params": {"C": 13.30931995286621, "epsilon": 2.1375388736183982, "gamma": 0.04803969671537466}, "datetime": {"datetime": "2021-09-29 20:57:33", "elapsed": 133.728111, "delta": 1.572903}}
{"target": -55.91737768234696, "params": {"C": 22.227016155445504, "epsilon": 2.703117376314783, "gamma": 0.0042279738658169445}, "datetime": {"datetime": "2021-09-29 20:57:34", "elapsed": 134.827196, "delta": 1.099085}}
{"target": -56.040795442578215, "params": {"C": 14.476978266112445, "epsilon": 1.920161207645189, "gamma": 0.04864076156052918}, "datetime": {"datetime": "2021-09-29 20:57:36", "elapsed": 136.33119, "delta": 1.503994}}
{"target": -56.232602567627445, "params": {"C": 23.680001296587026, "epsilon": 1.5620482277050594, "gamma": 0.03679218855912545}, "datetime": {"datetime": "2021-09-29 20:57:37", "elapsed": 137.554577, "delta": 1.223387}}
{"target": -55.35893653434505, "params": {"C": 12.686785240746756, "epsilon": 2.3578352808903444, "gamma": 0.033056265916320875}, "datetime": {"datetime": "2021-09-29 20:57:38", "elapsed": 138.949936, "delta": 1.395359}}
{"target": -54.76522265461641, "params": {"C": 6.220376517565498, "epsilon": 0.8733684775099924, "gamma": 0.02517783027573432}, "datetime": {"datetime": "2021-09-29 20:57:39", "elapsed": 140.089934, "delta": 1.139998}}
{"target": -55.92154132820634, "params": {"C": 13.083147321608472, "epsilon": 2.7013496031582904, "gamma": 0.04369158032030087}, "datetime": {"datetime": "2021-09-29 20:57:41", "elapsed": 141.192181, "delta": 1.102247}}
{"target": -55.091400773487834, "params": {"C": 5.681675371723712, "epsilon": 2.3470373448149195, "gamma": 0.028373961790922306}, "datetime": {"datetime": "2021-09-29 20:57:42", "elapsed": 142.984795, "delta": 1.792614}}
{"target": -55.45704900379565, "params": {"C": 12.471778390244328, "epsilon": 2.81960009522387, "gamma": 0.03477653990606484}, "datetime": {"datetime": "2021-09-29 20:57:44", "elapsed": 144.180501, "delta": 1.195706}}
{"target": -56.49182384507798, "params": {"C": 21.03460881310682, "epsilon": 2.315104500867226, "gamma": 0.04166356634230764}, "datetime": {"datetime": "2021-09-29 20:57:45", "elapsed": 145.504667, "delta": 1.324166}}
{"target": -55.7654288961265, "params": {"C": 24.401931584587448, "epsilon": 2.360710434215067, "gamma": 0.01884694067531274}, "datetime": {"datetime": "2021-09-29 20:57:46", "elapsed": 147.015667, "delta": 1.511}}
{"target": -55.204912407169374, "params": {"C": 50.94122016866368, "epsilon": 1.7408219381304855, "gamma": 0.0024893000393737957}, "datetime": {"datetime": "2021-09-29 20:57:48", "elapsed": 148.54932, "delta": 1.533653}}
{"target": -54.45246631286946, "params": {"C": 8.591799310965998, "epsilon": 2.762229169439042, "gamma": 0.02795634829909125}, "datetime": {"datetime": "2021-09-29 20:57:49", "elapsed": 149.681325, "delta": 1.132005}}
{"target": -55.15803241722019, "params": {"C": 9.039232666517675, "epsilon": 2.5797547584977165, "gamma": 0.043034904974851046}, "datetime": {"datetime": "2021-09-29 20:57:50", "elapsed": 150.723622, "delta": 1.042297}}
{"target": -58.97482593482588, "params": {"C": 59.88219545672247, "epsilon": 2.567432506600664, "gamma": 0.03711387740333519}, "datetime": {"datetime": "2021-09-29 20:57:51", "elapsed": 151.681622, "delta": 0.958}}
{"target": -55.76882962603236, "params": {"C": 9.47619480357918, "epsilon": 2.199096024756394, "gamma": 0.05}, "datetime": {"datetime": "2021-09-29 20:57:52", "elapsed": 152.91631, "delta": 1.234688}}
{"target": -57.78752436396031, "params": {"C": 10.872761484831873, "epsilon": 1.7657436084434928, "gamma": 0.004764862330276441}, "datetime": {"datetime": "2021-09-29 20:57:54", "elapsed": 154.273918, "delta": 1.357608}}
{"target": -55.510528028950844, "params": {"C": 23.54708615194808, "epsilon": 2.194561594321227, "gamma": 0.014944349448468938}, "datetime": {"datetime": "2021-09-29 20:57:55", "elapsed": 155.527068, "delta": 1.25315}}
{"target": -60.12732314115644, "params": {"C": 71.77889046704121, "epsilon": 1.6440779001207497, "gamma": 0.04948059297312335}, "datetime": {"datetime": "2021-09-29 20:57:56", "elapsed": 156.737226, "delta": 1.210158}}
{"target": -57.67808272914995, "params": {"C": 29.813118537134468, "epsilon": 0.902727193455901, "gamma": 0.046005754079755955}, "datetime": {"datetime": "2021-09-29 20:57:57", "elapsed": 157.41422, "delta": 0.676994}}
{"target": -56.57515052363562, "params": {"C": 13.659943912527066, "epsilon": 2.9047007655992694, "gamma": 0.004863094300049561}, "datetime": {"datetime": "2021-09-29 20:57:58", "elapsed": 158.990049, "delta": 1.575829}}
{"target": -54.746543019064134, "params": {"C": 5.117508733216107, "epsilon": 0.4734559304432983, "gamma": 0.04647334129866986}, "datetime": {"datetime": "2021-09-29 20:57:59", "elapsed": 160.120046, "delta": 1.129997}}
{"target": -56.33668763523825, "params": {"C": 21.722675042934988, "epsilon": 1.5752751819943636, "gamma": 0.041037833757417444}, "datetime": {"datetime": "2021-09-29 20:58:01", "elapsed": 161.683774, "delta": 1.563728}}
{"target": -55.27125264647241, "params": {"C": 23.12785274015966, "epsilon": 2.4650012890717043, "gamma": 0.014434346873946348}, "datetime": {"datetime": "2021-09-29 20:58:02", "elapsed": 162.919635, "delta": 1.235861}}
{"target": -55.72422063785063, "params": {"C": 92.94218456659233, "epsilon": 0.39229572486612174, "gamma": 0.0008757480065332947}, "datetime": {"datetime": "2021-09-29 20:58:03", "elapsed": 163.633373, "delta": 0.713738}}
{"target": -57.75567025883149, "params": {"C": 67.24086489584482, "epsilon": 1.598625621234893, "gamma": 0.019182998239776115}, "datetime": {"datetime": "2021-09-29 20:58:04", "elapsed": 164.552916, "delta": 0.919543}}
{"target": -57.927186249872, "params": {"C": 92.60769123764534, "epsilon": 0.5680516127093954, "gamma": 0.014354204366030073}, "datetime": {"datetime": "2021-09-29 20:58:05", "elapsed": 165.491917, "delta": 0.939001}}
{"target": -57.73024300121071, "params": {"C": 14.38113496366891, "epsilon": 1.0955795863455156, "gamma": 0.003819634108238777}, "datetime": {"datetime": "2021-09-29 20:58:07", "elapsed": 167.208792, "delta": 1.716875}}
{"target": -54.13486684917728, "params": {"C": 7.8105233310618605, "epsilon": 1.175961796477361, "gamma": 0.022400512366849062}, "datetime": {"datetime": "2021-09-29 20:58:08", "elapsed": 168.273398, "delta": 1.064606}}
{"target": -54.540985434148816, "params": {"C": 7.615832461053624, "epsilon": 1.0467333711313425, "gamma": 0.03961584937610671}, "datetime": {"datetime": "2021-09-29 20:58:09", "elapsed": 170.002809, "delta": 1.729411}}
{"target": -55.07793427561547, "params": {"C": 10.46662730288976, "epsilon": 0.9098631541832202, "gamma": 0.04482906274588066}, "datetime": {"datetime": "2021-09-29 20:58:11", "elapsed": 171.6638, "delta": 1.660991}}
{"target": -56.3130653944636, "params": {"C": 78.04659185671125, "epsilon": 1.3738823576897299, "gamma": 0.006986826161486955}, "datetime": {"datetime": "2021-09-29 20:58:12", "elapsed": 172.509811, "delta": 0.846011}}
{"target": -57.266628802759556, "params": {"C": 26.227761682803674, "epsilon": 1.7429587294066236, "gamma": 0.04723452974714911}, "datetime": {"datetime": "2021-09-29 20:58:13", "elapsed": 173.443089, "delta": 0.933278}}
{"target": -53.97184975962773, "params": {"C": 7.669809328856252, "epsilon": 1.2986940018706405, "gamma": 0.03312671857127964}, "datetime": {"datetime": "2021-09-29 20:58:14", "elapsed": 175.118342, "delta": 1.675253}}
{"target": -54.12102061284073, "params": {"C": 10.408760082702155, "epsilon": 1.4155403236077517, "gamma": 0.026395100480524653}, "datetime": {"datetime": "2021-09-29 20:58:16", "elapsed": 176.6956, "delta": 1.577258}}
{"target": -54.80347103450446, "params": {"C": 8.489074887392906, "epsilon": 1.4772403558630816, "gamma": 0.012822751267518927}, "datetime": {"datetime": "2021-09-29 20:58:18", "elapsed": 179.090871, "delta": 2.395271}}
{"target": -53.82543793817632, "params": {"C": 8.371126931840626, "epsilon": 1.7065275227933658, "gamma": 0.03161613251912566}, "datetime": {"datetime": "2021-09-29 20:58:21", "elapsed": 181.36475, "delta": 2.273879}}
{"target": -58.81610663768344, "params": {"C": 10.471593293014298, "epsilon": 1.1814957460206077, "gamma": 0.0041724679313889495}, "datetime": {"datetime": "2021-09-29 20:58:23", "elapsed": 183.409527, "delta": 2.044777}}
{"target": -55.398583966057544, "params": {"C": 8.164589770672553, "epsilon": 0.8051206667173537, "gamma": 0.045962088229247716}, "datetime": {"datetime": "2021-09-29 20:58:25", "elapsed": 185.27494, "delta": 1.865413}}
{"target": -53.9418320734727, "params": {"C": 7.219682827864329, "epsilon": 0.8253048558594924, "gamma": 0.03365945811105023}, "datetime": {"datetime": "2021-09-29 20:58:27", "elapsed": 187.241162, "delta": 1.966222}}
{"target": -54.41559564380336, "params": {"C": 6.951863983304385, "epsilon": 1.8588957386886504, "gamma": 0.026991601421772312}, "datetime": {"datetime": "2021-09-29 20:58:29", "elapsed": 189.169822, "delta": 1.92866}}
{"target": -54.03969451241469, "params": {"C": 10.186897394346088, "epsilon": 1.5023843662585863, "gamma": 0.023915064461496858}, "datetime": {"datetime": "2021-09-29 20:58:31", "elapsed": 191.77989, "delta": 2.610068}}
{"target": -53.921431142644174, "params": {"C": 8.407514325315173, "epsilon": 1.9137492516176318, "gamma": 0.03138836678956503}, "datetime": {"datetime": "2021-09-29 20:58:34", "elapsed": 194.59678, "delta": 2.81689}}
{"target": -58.43135718109783, "params": {"C": 67.24557618934811, "epsilon": 1.5928365982051986, "gamma": 0.026027262138210012}, "datetime": {"datetime": "2021-09-29 20:58:35", "elapsed": 195.536465, "delta": 0.939685}}
{"target": -56.512745981484805, "params": {"C": 21.477866290120698, "epsilon": 2.728492321849217, "gamma": 0.04023075846881801}, "datetime": {"datetime": "2021-09-29 20:58:36", "elapsed": 196.387463, "delta": 0.850998}}
{"target": -54.22896419198706, "params": {"C": 10.68984499470497, "epsilon": 0.7128813208985688, "gamma": 0.032286116260101055}, "datetime": {"datetime": "2021-09-29 20:58:38", "elapsed": 198.472345, "delta": 2.084882}}
{"target": -56.60661681576757, "params": {"C": 7.2816679164730065, "epsilon": 2.8164426665473057, "gamma": 0.010550137144708874}, "datetime": {"datetime": "2021-09-29 20:58:39", "elapsed": 199.396118, "delta": 0.923773}}
{"target": -55.773574566000505, "params": {"C": 21.319843986534273, "epsilon": 2.6116401513522614, "gamma": 0.02445460040532942}, "datetime": {"datetime": "2021-09-29 20:58:41", "elapsed": 201.679284, "delta": 2.283166}}
{"target": -53.83553614196428, "params": {"C": 7.396888113721059, "epsilon": 1.0697320074588106, "gamma": 0.032110755715577935}, "datetime": {"datetime": "2021-09-29 20:58:43", "elapsed": 203.755013, "delta": 2.075729}}
{"target": -57.09027594980998, "params": {"C": 7.049060589447202, "epsilon": 0.7355222198128318, "gamma": 0.00946373354882531}, "datetime": {"datetime": "2021-09-29 20:58:45", "elapsed": 205.757682, "delta": 2.002669}}
{"target": -54.027853427884985, "params": {"C": 7.335842142711941, "epsilon": 0.6098263515574733, "gamma": 0.03622350859944491}, "datetime": {"datetime": "2021-09-29 20:58:47", "elapsed": 207.781291, "delta": 2.023609}}
{"target": -54.12678631487022, "params": {"C": 10.88819895191017, "epsilon": 0.9423583107062546, "gamma": 0.027575438643135816}, "datetime": {"datetime": "2021-09-29 20:58:50", "elapsed": 210.156687, "delta": 2.375396}}
{"target": -54.76672944131437, "params": {"C": 8.365459602355307, "epsilon": 1.2393502831232739, "gamma": 0.03963013404128408}, "datetime": {"datetime": "2021-09-29 20:58:52", "elapsed": 212.440267, "delta": 2.28358}}
{"target": -67.57465422226805, "params": {"C": 8.527690036890423, "epsilon": 1.0079752636845567, "gamma": 0.0010620582716492739}, "datetime": {"datetime": "2021-09-29 20:58:54", "elapsed": 214.643069, "delta": 2.202802}}
{"target": -54.51888970895376, "params": {"C": 7.780531755059932, "epsilon": 1.0737478132150584, "gamma": 0.03956670596882742}, "datetime": {"datetime": "2021-09-29 20:58:56", "elapsed": 216.426943, "delta": 1.783874}}
{"target": -54.06765897527769, "params": {"C": 8.694224773816174, "epsilon": 1.3668173420633698, "gamma": 0.019600504398430706}, "datetime": {"datetime": "2021-09-29 20:58:58", "elapsed": 218.744808, "delta": 2.317865}}
{"target": -54.455920265924185, "params": {"C": 10.45633963422825, "epsilon": 0.6858478376806549, "gamma": 0.03719784181343554}, "datetime": {"datetime": "2021-09-29 20:59:00", "elapsed": 220.38296, "delta": 1.638152}}
{"target": -59.067959538189804, "params": {"C": 10.55923275134309, "epsilon": 1.6007758042919418, "gamma": 0.0035452054999610375}, "datetime": {"datetime": "2021-09-29 20:59:02", "elapsed": 223.055089, "delta": 2.672129}}
{"target": -54.328898427503425, "params": {"C": 7.423290543002232, "epsilon": 1.3252135697833778, "gamma": 0.022818665590952126}, "datetime": {"datetime": "2021-09-29 20:59:03", "elapsed": 224.021093, "delta": 0.966004}}
{"target": -53.83551809626642, "params": {"C": 8.252900060157202, "epsilon": 1.07064504048262, "gamma": 0.033980923213937766}, "datetime": {"datetime": "2021-09-29 20:59:05", "elapsed": 226.086086, "delta": 2.064993}}
{"target": -56.3121920659581, "params": {"C": 28.102792470290762, "epsilon": 0.005911889004727294, "gamma": 0.01103586227879609}, "datetime": {"datetime": "2021-09-29 20:59:06", "elapsed": 227.102366, "delta": 1.01628}}
{"target": -68.1234602205046, "params": {"C": 7.231075107654498, "epsilon": 1.200705721455626, "gamma": 0.0010899549290792475}, "datetime": {"datetime": "2021-09-29 20:59:09", "elapsed": 229.612484, "delta": 2.510118}}
{"target": -54.995524663118054, "params": {"C": 10.784087119139869, "epsilon": 0.8393051638714253, "gamma": 0.043374769511808575}, "datetime": {"datetime": "2021-09-29 20:59:11", "elapsed": 231.674884, "delta": 2.0624}}
{"target": -53.80016330800699, "params": {"C": 7.499876420553797, "epsilon": 1.1970446925169915, "gamma": 0.02695621356103279}, "datetime": {"datetime": "2021-09-29 20:59:13", "elapsed": 234.075985, "delta": 2.401101}}
{"target": -64.21110100053374, "params": {"C": 8.511132507581607, "epsilon": 1.2957634033062064, "gamma": 0.0018621846880524566}, "datetime": {"datetime": "2021-09-29 20:59:15", "elapsed": 236.13081, "delta": 2.054825}}
{"target": -55.788971885911955, "params": {"C": 8.751023785219655, "epsilon": 1.2162957642558414, "gamma": 0.04947070934649027}, "datetime": {"datetime": "2021-09-29 20:59:18", "elapsed": 238.333362, "delta": 2.202552}}
{"target": -55.65346792632385, "params": {"C": 8.380722612561762, "epsilon": 1.5587014179428267, "gamma": 0.04668350425098798}, "datetime": {"datetime": "2021-09-29 20:59:20", "elapsed": 240.63484, "delta": 2.301478}}
{"target": -55.73292653496434, "params": {"C": 8.667208864865309, "epsilon": 1.5313943160429637, "gamma": 0.04703142452720037}, "datetime": {"datetime": "2021-09-29 20:59:22", "elapsed": 242.909108, "delta": 2.274268}}
{"target": -59.010511471391666, "params": {"C": 7.71164294144179, "epsilon": 1.1869268544598384, "gamma": 0.005584144577219127}, "datetime": {"datetime": "2021-09-29 20:59:24", "elapsed": 244.640659, "delta": 1.731551}}
{"target": -65.2574803028667, "params": {"C": 10.901185630739567, "epsilon": 1.541499851408484, "gamma": 0.0012235611516906873}, "datetime": {"datetime": "2021-09-29 20:59:25", "elapsed": 245.958538, "delta": 1.317879}}
{"target": -55.01279861116083, "params": {"C": 7.114919509894989, "epsilon": 1.8228951506156512, "gamma": 0.042270733074893777}, "datetime": {"datetime": "2021-09-29 20:59:27", "elapsed": 248.059409, "delta": 2.100871}}
{"target": -60.60398266912358, "params": {"C": 97.8447783614251, "epsilon": 1.2369986386141127, "gamma": 0.0419602666961969}, "datetime": {"datetime": "2021-09-29 20:59:29", "elapsed": 249.244411, "delta": 1.185002}}
{"target": -53.787048088983724, "params": {"C": 7.466485129934421, "epsilon": 0.9566546266135244, "gamma": 0.03177518665880004}, "datetime": {"datetime": "2021-09-29 20:59:31", "elapsed": 251.245486, "delta": 2.001075}}
{"target": -56.642017839324375, "params": {"C": 50.42835641739007, "epsilon": 1.6856467414076397, "gamma": 0.01126710568768863}, "datetime": {"datetime": "2021-09-29 20:59:32", "elapsed": 252.321629, "delta": 1.076143}}
{"target": -63.34425077191356, "params": {"C": 72.14251329623791, "epsilon": 1.923897075806904, "gamma": 0.0002696239955933889}, "datetime": {"datetime": "2021-09-29 20:59:33", "elapsed": 253.389046, "delta": 1.067417}}
{"target": -57.328453768713125, "params": {"C": 48.65701689598324, "epsilon": 0.006353635997356216, "gamma": 0.024955766000551348}, "datetime": {"datetime": "2021-09-29 20:59:34", "elapsed": 254.443048, "delta": 1.054002}}
{"target": -55.50684019432403, "params": {"C": 7.31919365772866, "epsilon": 0.7392038534330662, "gamma": 0.012658975236630675}, "datetime": {"datetime": "2021-09-29 20:59:36", "elapsed": 256.525986, "delta": 2.082938}}
{"target": -55.271706092991046, "params": {"C": 7.329296203309253, "epsilon": 0.9208556726124812, "gamma": 0.05}, "datetime": {"datetime": "2021-09-29 20:59:38", "elapsed": 258.888125, "delta": 2.362139}}
{"target": -64.25688188336657, "params": {"C": 8.480582816466503, "epsilon": 1.7500398424999544, "gamma": 0.0019139337280565123}, "datetime": {"datetime": "2021-09-29 20:59:40", "elapsed": 260.648348, "delta": 1.760223}}
{"target": -54.30056258895094, "params": {"C": 10.266139037514892, "epsilon": 1.4203583829115976, "gamma": 0.013333265144799888}, "datetime": {"datetime": "2021-09-29 20:59:42", "elapsed": 262.369013, "delta": 1.720665}}
{"target": -59.77188410955322, "params": {"C": 8.28282997423356, "epsilon": 1.7326265474820965, "gamma": 0.003978061564854902}, "datetime": {"datetime": "2021-09-29 20:59:44", "elapsed": 264.248374, "delta": 1.879361}}
{"target": -53.84481520143376, "params": {"C": 10.544259744065577, "epsilon": 0.781529841022634, "gamma": 0.019641287944961196}, "datetime": {"datetime": "2021-09-29 20:59:46", "elapsed": 266.305603, "delta": 2.057229}}
{"target": -53.46643370935272, "params": {"C": 8.22968949403996, "epsilon": 0.934646348972388, "gamma": 0.030890388318654125}, "datetime": {"datetime": "2021-09-29 20:59:47", "elapsed": 268.061948, "delta": 1.756345}}
{"target": -56.47638438075315, "params": {"C": 33.89467739819531, "epsilon": 2.4276145298472636, "gamma": 0.01823710278123541}, "datetime": {"datetime": "2021-09-29 20:59:48", "elapsed": 269.073952, "delta": 1.012004}}
{"target": -71.0579793741714, "params": {"C": 8.316890216258063, "epsilon": 1.9630912691040259, "gamma": 0.0004554191411034137}, "datetime": {"datetime": "2021-09-29 20:59:50", "elapsed": 270.680047, "delta": 1.606095}}
{"target": -63.984414928914646, "params": {"C": 7.037180371417204, "epsilon": 1.7353217453281458, "gamma": 0.0024553277652628676}, "datetime": {"datetime": "2021-09-29 20:59:52", "elapsed": 272.261193, "delta": 1.581146}}
{"target": -53.50733448642369, "params": {"C": 8.042494720401317, "epsilon": 0.04340929176540573, "gamma": 0.029641766556246733}, "datetime": {"datetime": "2021-09-29 20:59:53", "elapsed": 273.28282, "delta": 1.021627}}
{"target": -55.01140143773372, "params": {"C": 10.454475235707626, "epsilon": 0.9055894152802412, "gamma": 0.04380051877795143}, "datetime": {"datetime": "2021-09-29 20:59:54", "elapsed": 274.281093, "delta": 0.998273}}
