{"target": -58.94584408443435, "params": {"C": 94.60925449737934, "epsilon": 1.9026957021393274, "gamma": 0.01697760223254957}, "datetime": {"datetime": "2021-09-29 20:56:38", "elapsed": 74.781426, "delta": 0.815208}}
{"target": -64.22917471696114, "params": {"C": 28.96423603968254, "epsilon": 1.2358507672705388, "gamma": 0.08508173232031732}, "datetime": {"datetime": "2021-09-29 20:56:39", "elapsed": 75.517428, "delta": 0.736002}}
{"target": -57.106700619691686, "params": {"C": 94.53582142511468, "epsilon": 0.4414486900149617, "gamma": 0.010829180396022705}, "datetime": {"datetime": "2021-09-29 20:56:39", "elapsed": 76.377426, "delta": 0.859998}}
{"target": -63.22488324379576, "params": {"C": 50.02673382844367, "epsilon": 0.8976812111791489, "gamma": 0.05746772618069796}, "datetime": {"datetime": "2021-09-29 20:56:40", "elapsed": 77.144775, "delta": 0.767349}}
{"target": -54.68245383882775, "params": {"C": 89.07283817552612, "epsilon": 1.4415323664752138, "gamma": 0.00319852885117026}, "datetime": {"datetime": "2021-09-29 20:56:41", "elapsed": 77.925783, "delta": 0.781008}}
{"target": -53.76108800749384, "params": {"C": 14.584733636965042, "epsilon": 1.0753534711208876, "gamma": 0.003932279760795123}, "datetime": {"datetime": "2021-09-29 20:56:42", "elapsed": 78.817612, "delta": 0.891829}}
{"target": -54.18359153636631, "params": {"C": 25.137465640625653, "epsilon": 0.11297764610385587, "gamma": 0.0058278707031801675}, "datetime": {"datetime": "2021-09-29 20:56:43", "elapsed": 79.563215, "delta": 0.745603}}
{"target": -56.88281235040568, "params": {"C": 45.74088559888428, "epsilon": 2.4636631457309446, "gamma": 0.010751072233515558}, "datetime": {"datetime": "2021-09-29 20:56:43", "elapsed": 80.34121, "delta": 0.777995}}
{"target": -64.51473014336676, "params": {"C": 34.64320500365199, "epsilon": 2.220564170796571, "gamma": 0.08612207137874749}, "datetime": {"datetime": "2021-09-29 20:56:44", "elapsed": 81.088384, "delta": 0.747174}}
{"target": -59.368082307326986, "params": {"C": 44.85357554902745, "epsilon": 2.68724319683732, "gamma": 0.022419115260822537}, "datetime": {"datetime": "2021-09-29 20:56:45", "elapsed": 82.023376, "delta": 0.934992}}
{"target": -65.47387321658402, "params": {"C": 70.66733811829742, "epsilon": 2.2499042654256596, "gamma": 0.0829800817825736}, "datetime": {"datetime": "2021-09-29 20:56:46", "elapsed": 82.79356, "delta": 0.770184}}
{"target": -53.61767085499357, "params": {"C": 10.99112047191103, "epsilon": 2.068170017526956, "gamma": 0.005548957794122271}, "datetime": {"datetime": "2021-09-29 20:56:47", "elapsed": 83.638564, "delta": 0.845004}}
{"target": -61.105704989375276, "params": {"C": 79.79982988094434, "epsilon": 0.9856244684566998, "gamma": 0.034416654114668356}, "datetime": {"datetime": "2021-09-29 20:56:47", "elapsed": 84.368282, "delta": 0.729718}}
{"target": -58.843640719665956, "params": {"C": 89.03612789505995, "epsilon": 1.4262272323603047, "gamma": 0.017359271778339385}, "datetime": {"datetime": "2021-09-29 20:56:48", "elapsed": 85.376728, "delta": 1.008446}}
{"target": -57.55162596898175, "params": {"C": 66.88470347586818, "epsilon": 2.154095048195941, "gamma": 0.012694223809784178}, "datetime": {"datetime": "2021-09-29 20:56:49", "elapsed": 86.309737, "delta": 0.933009}}
{"target": -60.555926752812375, "params": {"C": 44.9067845240036, "epsilon": 2.228219779093752, "gamma": 0.029675342312889763}, "datetime": {"datetime": "2021-09-29 20:56:50", "elapsed": 86.94931, "delta": 0.639573}}
{"target": -59.75631507426067, "params": {"C": 10.98607481916302, "epsilon": 2.039221591125832, "gamma": 0.042169551662780407}, "datetime": {"datetime": "2021-09-29 20:56:51", "elapsed": 87.917314, "delta": 0.968004}}
{"target": -57.27898500609392, "params": {"C": 10.00399514930285, "epsilon": 1.8578608357027908, "gamma": 0.023620933934274613}, "datetime": {"datetime": "2021-09-29 20:56:52", "elapsed": 88.932611, "delta": 1.015297}}
{"target": -57.31399572595769, "params": {"C": 14.326624220801266, "epsilon": 1.5044476300401661, "gamma": 0.021247245517277635}, "datetime": {"datetime": "2021-09-29 20:56:53", "elapsed": 90.012282, "delta": 1.079671}}
{"target": -57.53029793534341, "params": {"C": 8.675406493358391, "epsilon": 0.7998014179466773, "gamma": 0.0030229724654307903}, "datetime": {"datetime": "2021-09-29 20:56:54", "elapsed": 91.00581, "delta": 0.993528}}
{"target": -55.44019969205608, "params": {"C": 14.598868007756652, "epsilon": 1.0579586705470836, "gamma": 0.011817486520389118}, "datetime": {"datetime": "2021-09-29 20:56:55", "elapsed": 91.868809, "delta": 0.862999}}
{"target": -56.87492740868589, "params": {"C": 21.163753178452037, "epsilon": 2.340088451107506, "gamma": 0.015181369654292984}, "datetime": {"datetime": "2021-09-29 20:56:56", "elapsed": 92.576193, "delta": 0.707384}}
{"target": -63.42321213096112, "params": {"C": 44.785063050420106, "epsilon": 2.6537901400390522, "gamma": 0.06381721572190724}, "datetime": {"datetime": "2021-09-29 20:56:57", "elapsed": 93.606192, "delta": 1.029999}}
{"target": -60.18111739421448, "params": {"C": 49.17512704664616, "epsilon": 2.7072726416764215, "gamma": 0.026337061437562002}, "datetime": {"datetime": "2021-09-29 20:56:58", "elapsed": 94.976031, "delta": 1.369839}}
{"target": -53.851621431227905, "params": {"C": 11.219800553393227, "epsilon": 2.2376418349455194, "gamma": 0.007230783890152689}, "datetime": {"datetime": "2021-09-29 20:57:00", "elapsed": 96.553947, "delta": 1.577916}}
{"target": -58.05793516952462, "params": {"C": 14.569541540984195, "epsilon": 1.0759448214540746, "gamma": 0.024006402494473295}, "datetime": {"datetime": "2021-09-29 20:57:01", "elapsed": 97.465476, "delta": 0.911529}}
{"target": -64.4271275852743, "params": {"C": 49.68379609783286, "epsilon": 0.9705172909880242, "gamma": 0.07612760576799156}, "datetime": {"datetime": "2021-09-29 20:57:01", "elapsed": 98.248472, "delta": 0.782996}}
{"target": -59.37857364396578, "params": {"C": 89.05463299690297, "epsilon": 1.4448035295971458, "gamma": 0.02076915253393212}, "datetime": {"datetime": "2021-09-29 20:57:03", "elapsed": 99.47357, "delta": 1.225098}}
{"target": -55.88346586207362, "params": {"C": 14.348906678519478, "epsilon": 1.5339718428182851, "gamma": 0.014915936290157292}, "datetime": {"datetime": "2021-09-29 20:57:04", "elapsed": 101.079863, "delta": 1.606293}}
{"target": -62.04643222070926, "params": {"C": 60.217242962922555, "epsilon": 1.5538531014021708, "gamma": 0.04574599436268065}, "datetime": {"datetime": "2021-09-29 20:57:05", "elapsed": 101.866928, "delta": 0.787065}}
{"target": -61.46643410915049, "params": {"C": 25.129961947043245, "epsilon": 0.11585004218375529, "gamma": 0.03779998192908002}, "datetime": {"datetime": "2021-09-29 20:57:06", "elapsed": 103.129204, "delta": 1.262276}}
{"target": -63.59699155264834, "params": {"C": 59.88219545672247, "epsilon": 2.567432506600664, "gamma": 0.0667843202116199}, "datetime": {"datetime": "2021-09-29 20:57:07", "elapsed": 103.873205, "delta": 0.744001}}
{"target": -63.39041448522558, "params": {"C": 48.15751891698541, "epsilon": 1.6807353545016783, "gamma": 0.0606410428186456}, "datetime": {"datetime": "2021-09-29 20:57:08", "elapsed": 104.734534, "delta": 0.861329}}
{"target": -61.871929847538084, "params": {"C": 45.73535630445801, "epsilon": 2.4951710523295296, "gamma": 0.04307222459369444}, "datetime": {"datetime": "2021-09-29 20:57:09", "elapsed": 105.656535, "delta": 0.922001}}
{"target": -53.421836915259725, "params": {"C": 44.83371534035048, "epsilon": 2.6947839405719347, "gamma": 0.0030480573043473636}, "datetime": {"datetime": "2021-09-29 20:57:10", "elapsed": 106.566323, "delta": 0.909788}}
{"target": -55.71138620696247, "params": {"C": 10.97141045271058, "epsilon": 2.0565413998759237, "gamma": 0.01610889038241156}, "datetime": {"datetime": "2021-09-29 20:57:11", "elapsed": 107.570717, "delta": 1.004394}}
{"target": -64.253854073987, "params": {"C": 29.813118537134468, "epsilon": 0.902727193455901, "gamma": 0.08280395374288697}, "datetime": {"datetime": "2021-09-29 20:57:11", "elapsed": 108.340718, "delta": 0.770001}}
{"target": -53.909415849938135, "params": {"C": 11.224537127155504, "epsilon": 2.153736847634538, "gamma": 0.007294584055321631}, "datetime": {"datetime": "2021-09-29 20:57:12", "elapsed": 109.25312, "delta": 0.912402}}
{"target": -61.463045687518466, "params": {"C": 8.748544459656264, "epsilon": 1.2364929705274044, "gamma": 0.06937831626414599}, "datetime": {"datetime": "2021-09-29 20:57:13", "elapsed": 109.988705, "delta": 0.735585}}
{"target": -55.45843566789169, "params": {"C": 11.14885748658439, "epsilon": 2.1891820876103005, "gamma": 0.014869559357219448}, "datetime": {"datetime": "2021-09-29 20:57:14", "elapsed": 111.088936, "delta": 1.100231}}
{"target": -55.449339869411574, "params": {"C": 14.594177011822241, "epsilon": 1.0446146635741593, "gamma": 0.0025849092503784426}, "datetime": {"datetime": "2021-09-29 20:57:16", "elapsed": 112.670118, "delta": 1.581182}}
{"target": -52.850357284596875, "params": {"C": 92.94218456659233, "epsilon": 0.39229572486612174, "gamma": 0.0014975900959387411}, "datetime": {"datetime": "2021-09-29 20:57:16", "elapsed": 113.416116, "delta": 0.745998}}
{"target": -61.04526128079383, "params": {"C": 67.24086489584482, "epsilon": 1.598625621234893, "gamma": 0.034479990816750954}, "datetime": {"datetime": "2021-09-29 20:57:17", "elapsed": 114.278116, "delta": 0.862}}
{"target": -60.35075942618209, "params": {"C": 92.60769123764534, "epsilon": 0.5680516127093954, "gamma": 0.025780420290703477}, "datetime": {"datetime": "2021-09-29 20:57:18", "elapsed": 115.127926, "delta": 0.84981}}
{"target": -54.37999319777739, "params": {"C": 14.304319792410723, "epsilon": 1.4566042294266395, "gamma": 0.008962636913795561}, "datetime": {"datetime": "2021-09-29 20:57:19", "elapsed": 116.111927, "delta": 0.984001}}
{"target": -60.776654331460854, "params": {"C": 25.918815216218356, "epsilon": 1.8312978326800524, "gamma": 0.03480797715943389}, "datetime": {"datetime": "2021-09-29 20:57:20", "elapsed": 117.193193, "delta": 1.081266}}
{"target": -57.87157078488845, "params": {"C": 92.95217937928282, "epsilon": 0.41101030795435894, "gamma": 0.014796279713556562}, "datetime": {"datetime": "2021-09-29 20:57:21", "elapsed": 118.130193, "delta": 0.937}}
{"target": -59.6006946226327, "params": {"C": 11.139692406306745, "epsilon": 2.215780046236539, "gamma": 0.0398819475023885}, "datetime": {"datetime": "2021-09-29 20:57:22", "elapsed": 119.066671, "delta": 0.936478}}
{"target": -57.732637162853514, "params": {"C": 78.04659185671125, "epsilon": 1.3738823576897299, "gamma": 0.012507328094542627}, "datetime": {"datetime": "2021-09-29 20:57:23", "elapsed": 119.906309, "delta": 0.839638}}
{"target": -63.96257543646612, "params": {"C": 26.227761682803674, "epsilon": 1.7429587294066236, "gamma": 0.08501771992522454}, "datetime": {"datetime": "2021-09-29 20:57:24", "elapsed": 120.828441, "delta": 0.922132}}
{"target": -59.634824964600405, "params": {"C": 8.648533515811083, "epsilon": 0.7925462177319332, "gamma": 0.040513026438213966}, "datetime": {"datetime": "2021-09-29 20:57:25", "elapsed": 122.061443, "delta": 1.233002}}
{"target": -57.826570126862855, "params": {"C": 60.34949849268219, "epsilon": 1.980375266518274, "gamma": 0.014389922136672418}, "datetime": {"datetime": "2021-09-29 20:57:26", "elapsed": 122.991267, "delta": 0.929824}}
{"target": -54.47373040304998, "params": {"C": 14.74445282508628, "epsilon": 2.487418740711031, "gamma": 0.009109971192765617}, "datetime": {"datetime": "2021-09-29 20:57:28", "elapsed": 124.505912, "delta": 1.514645}}
{"target": -56.176523933692835, "params": {"C": 92.9407181281049, "epsilon": 0.3750714044704291, "gamma": 0.004836309942906701}, "datetime": {"datetime": "2021-09-29 20:57:29", "elapsed": 125.791492, "delta": 1.28558}}
{"target": -58.94829248705859, "params": {"C": 14.288215319547879, "epsilon": 1.4201316142461256, "gamma": 0.028336935223645165}, "datetime": {"datetime": "2021-09-29 20:57:30", "elapsed": 127.034712, "delta": 1.24322}}
{"target": -57.293154975018055, "params": {"C": 11.261614467117957, "epsilon": 2.1253881832282597, "gamma": 0.021885853227311954}, "datetime": {"datetime": "2021-09-29 20:57:31", "elapsed": 128.354704, "delta": 1.319992}}
{"target": -58.41168108842511, "params": {"C": 68.51138474968296, "epsilon": 1.2883837120748574, "gamma": 0.017572718779422094}, "datetime": {"datetime": "2021-09-29 20:57:32", "elapsed": 129.338611, "delta": 0.983907}}
{"target": -64.78205643658256, "params": {"C": 93.94933207888266, "epsilon": 1.30215042614403, "gamma": 0.06606596418746483}, "datetime": {"datetime": "2021-09-29 20:57:33", "elapsed": 130.379619, "delta": 1.041008}}
{"target": -62.459722161241885, "params": {"C": 61.69870940367275, "epsilon": 1.4713585404134089, "gamma": 0.050407726858905565}, "datetime": {"datetime": "2021-09-29 20:57:34", "elapsed": 131.408692, "delta": 1.029073}}
{"target": -57.413241561215855, "params": {"C": 66.87675554889145, "epsilon": 2.106783084363756, "gamma": 0.011969325590241308}, "datetime": {"datetime": "2021-09-29 20:57:36", "elapsed": 132.556688, "delta": 1.147996}}
{"target": -55.35748782826029, "params": {"C": 11.235567711086869, "epsilon": 2.255347834067537, "gamma": 0.014431263470822133}, "datetime": {"datetime": "2021-09-29 20:57:37", "elapsed": 134.180737, "delta": 1.624049}}
{"target": -57.795908713618836, "params": {"C": 25.95823615054517, "epsilon": 1.8508136718395323, "gamma": 0.01689227459699018}, "datetime": {"datetime": "2021-09-29 20:57:38", "elapsed": 135.217431, "delta": 1.036694}}
{"target": -59.20161005937119, "params": {"C": 96.87130212641446, "epsilon": 2.940372866268048, "gamma": 0.017666307809443966}, "datetime": {"datetime": "2021-09-29 20:57:39", "elapsed": 136.375426, "delta": 1.157995}}
{"target": -55.94730773408472, "params": {"C": 7.2816679164730065, "epsilon": 2.8164426665473057, "gamma": 0.018927000587361277}, "datetime": {"datetime": "2021-09-29 20:57:40", "elapsed": 137.24368, "delta": 0.868254}}
{"target": -55.93753550467391, "params": {"C": 25.14838970869466, "epsilon": 0.07791241895514685, "gamma": 0.011139163864274536}, "datetime": {"datetime": "2021-09-29 20:57:42", "elapsed": 138.531687, "delta": 1.288007}}
{"target": -54.876097883068574, "params": {"C": 44.79054345322721, "epsilon": 2.6770098714153336, "gamma": 0.006039702123599785}, "datetime": {"datetime": "2021-09-29 20:57:43", "elapsed": 139.915, "delta": 1.383313}}
{"target": -60.470256644598265, "params": {"C": 38.90936542528404, "epsilon": 2.8077461639853274, "gamma": 0.03205231434792939}, "datetime": {"datetime": "2021-09-29 20:57:44", "elapsed": 140.892167, "delta": 0.977167}}
{"target": -55.76468511086756, "params": {"C": 11.199094487907693, "epsilon": 2.2440052631952314, "gamma": 0.016382849738276847}, "datetime": {"datetime": "2021-09-29 20:57:46", "elapsed": 142.612165, "delta": 1.719998}}
{"target": -53.81075022397804, "params": {"C": 14.525228430597345, "epsilon": 1.0125229445656652, "gamma": 0.007349611900473866}, "datetime": {"datetime": "2021-09-29 20:57:47", "elapsed": 144.118167, "delta": 1.506002}}
{"target": -55.56672589749424, "params": {"C": 14.680802225205944, "epsilon": 1.0999450215179, "gamma": 0.013751508230657801}, "datetime": {"datetime": "2021-09-29 20:57:48", "elapsed": 145.313821, "delta": 1.195654}}
{"target": -56.47493490145411, "params": {"C": 14.36560666954229, "epsilon": 1.5042906494811557, "gamma": 0.01872192924700779}, "datetime": {"datetime": "2021-09-29 20:57:49", "elapsed": 146.408819, "delta": 1.094998}}
{"target": -64.18352286096156, "params": {"C": 80.46040786194294, "epsilon": 2.371036509557827, "gamma": 0.06538353526017786}, "datetime": {"datetime": "2021-09-29 20:57:50", "elapsed": 147.400117, "delta": 0.991298}}
{"target": -56.87445952421481, "params": {"C": 49.15028705421134, "epsilon": 2.7036972253946745, "gamma": 0.010205843087370485}, "datetime": {"datetime": "2021-09-29 20:57:52", "elapsed": 148.66912, "delta": 1.269003}}
{"target": -60.993112838470395, "params": {"C": 44.805211995545356, "epsilon": 2.6871759642981607, "gamma": 0.03593764103793289}, "datetime": {"datetime": "2021-09-29 20:57:53", "elapsed": 149.997417, "delta": 1.328297}}
{"target": -53.734403657391624, "params": {"C": 14.550900436674908, "epsilon": 1.082683690950528, "gamma": 0.007151171526717033}, "datetime": {"datetime": "2021-09-29 20:57:55", "elapsed": 151.468575, "delta": 1.471158}}
{"target": -56.12404719760383, "params": {"C": 14.653260386144796, "epsilon": 1.1302337159846418, "gamma": 0.016639238045835565}, "datetime": {"datetime": "2021-09-29 20:57:56", "elapsed": 152.931715, "delta": 1.46314}}
{"target": -60.850133936776665, "params": {"C": 11.200650142391932, "epsilon": 2.1309564312318505, "gamma": 0.053936197045918385}, "datetime": {"datetime": "2021-09-29 20:57:57", "elapsed": 153.96572, "delta": 1.034005}}
{"target": -58.99107176733889, "params": {"C": 28.102792470290762, "epsilon": 0.005911889004727294, "gamma": 0.019802084546368105}, "datetime": {"datetime": "2021-09-29 20:57:58", "elapsed": 155.033548, "delta": 1.067828}}
{"target": -57.306520516273906, "params": {"C": 10.99383931240352, "epsilon": 2.1053241825392264, "gamma": 0.022192057799243395}, "datetime": {"datetime": "2021-09-29 20:57:59", "elapsed": 156.36055, "delta": 1.327002}}
{"target": -58.80628783601013, "params": {"C": 11.157832818896713, "epsilon": 2.163395768405533, "gamma": 0.03215561885998193}, "datetime": {"datetime": "2021-09-29 20:58:01", "elapsed": 157.752277, "delta": 1.391727}}
{"target": -54.356033507401925, "params": {"C": 14.955204824646565, "epsilon": 1.7563724514174837, "gamma": 0.00861043702814088}, "datetime": {"datetime": "2021-09-29 20:58:02", "elapsed": 158.932133, "delta": 1.179856}}
{"target": -58.163143350641455, "params": {"C": 9.996279961318091, "epsilon": 1.8129018036391362, "gamma": 0.030356339661328464}, "datetime": {"datetime": "2021-09-29 20:58:03", "elapsed": 160.216873, "delta": 1.28474}}
{"target": -58.100069457605905, "params": {"C": 8.725215271321552, "epsilon": 0.7199347897294683, "gamma": 0.029409063762210464}, "datetime": {"datetime": "2021-09-29 20:58:05", "elapsed": 161.585414, "delta": 1.368541}}
{"target": -55.28342629558907, "params": {"C": 14.518065960106462, "epsilon": 0.9849278147066916, "gamma": 0.011149526874522154}, "datetime": {"datetime": "2021-09-29 20:58:06", "elapsed": 163.004285, "delta": 1.418871}}
{"target": -60.17246628282182, "params": {"C": 21.155405953985362, "epsilon": 2.3034073100609302, "gamma": 0.03309716879029418}, "datetime": {"datetime": "2021-09-29 20:58:08", "elapsed": 164.632899, "delta": 1.628614}}
{"target": -61.18435561667192, "params": {"C": 64.06474422978789, "epsilon": 1.3586217609876716, "gamma": 0.03652060553168527}, "datetime": {"datetime": "2021-09-29 20:58:09", "elapsed": 165.737298, "delta": 1.104399}}
{"target": -58.254302827589086, "params": {"C": 10.901185630739567, "epsilon": 1.541499851408484, "gamma": 0.002124211373486829}, "datetime": {"datetime": "2021-09-29 20:58:10", "elapsed": 166.78331, "delta": 1.046012}}
{"target": -55.60936589818133, "params": {"C": 11.113420884569788, "epsilon": 2.196176541297641, "gamma": 0.01557705634478326}, "datetime": {"datetime": "2021-09-29 20:58:11", "elapsed": 168.138297, "delta": 1.354987}}
{"target": -65.99016137116507, "params": {"C": 97.8447783614251, "epsilon": 1.2369986386141127, "gamma": 0.07551559070116434}, "datetime": {"datetime": "2021-09-29 20:58:12", "elapsed": 169.195973, "delta": 1.057676}}
{"target": -53.918849614545074, "params": {"C": 14.247421974981814, "epsilon": 1.4836746560896554, "gamma": 0.007979993202676876}, "datetime": {"datetime": "2021-09-29 20:58:14", "elapsed": 170.50958, "delta": 1.313607}}
{"target": -58.9997674784246, "params": {"C": 50.42835641739007, "epsilon": 1.6856467414076397, "gamma": 0.020218693413290734}, "datetime": {"datetime": "2021-09-29 20:58:15", "elapsed": 171.882842, "delta": 1.373262}}
{"target": -54.856562623376526, "params": {"C": 72.14251329623791, "epsilon": 1.923897075806904, "gamma": 0.00040559513434560443}, "datetime": {"datetime": "2021-09-29 20:58:16", "elapsed": 172.882844, "delta": 1.000002}}
{"target": -62.020517418020006, "params": {"C": 48.65701689598324, "epsilon": 0.006353635997356216, "gamma": 0.044880227724440204}, "datetime": {"datetime": "2021-09-29 20:58:17", "elapsed": 173.998096, "delta": 1.115252}}
{"target": -55.036682778992905, "params": {"C": 11.229512401166346, "epsilon": 2.0993526595495906, "gamma": 0.0037351600299654303}, "datetime": {"datetime": "2021-09-29 20:58:19", "elapsed": 175.673366, "delta": 1.67527}}
{"target": -63.19260666869483, "params": {"C": 53.37931990439157, "epsilon": 1.3416025023104956, "gamma": 0.058127784041568924}, "datetime": {"datetime": "2021-09-29 20:58:20", "elapsed": 176.8959, "delta": 1.222534}}
{"target": -58.55105561791949, "params": {"C": 21.222070378674694, "epsilon": 2.338896080187828, "gamma": 0.022442634902992486}, "datetime": {"datetime": "2021-09-29 20:58:21", "elapsed": 178.360247, "delta": 1.464347}}
{"target": -58.92726716809859, "params": {"C": 11.221722102756836, "epsilon": 2.2691997888922044, "gamma": 0.03299949930947325}, "datetime": {"datetime": "2021-09-29 20:58:23", "elapsed": 180.375025, "delta": 2.014778}}
{"target": -64.07976356956377, "params": {"C": 78.49813136873799, "epsilon": 1.913083625869739, "gamma": 0.06511962429633207}, "datetime": {"datetime": "2021-09-29 20:58:25", "elapsed": 181.848444, "delta": 1.473419}}
{"target": -64.19309298081546, "params": {"C": 30.279158764204396, "epsilon": 2.8679405947844248, "gamma": 0.08816013316541493}, "datetime": {"datetime": "2021-09-29 20:58:26", "elapsed": 183.017652, "delta": 1.169208}}
{"target": -60.891442185069565, "params": {"C": 18.848411934657868, "epsilon": 2.244184761761533, "gamma": 0.041209853034549625}, "datetime": {"datetime": "2021-09-29 20:58:27", "elapsed": 184.083652, "delta": 1.066}}
