{"target": -62.860711820259766, "params": {"C": 85.65905059472134, "epsilon": 0.9203097740575605, "gamma": 0.05225077935720471}, "datetime": {"datetime": "2021-09-29 21:05:29", "elapsed": 605.55339, "delta": 2.442033}}
{"target": -53.829418224697456, "params": {"C": 14.732791458589482, "epsilon": 1.1534854744494971, "gamma": 0.0058402061895051075}, "datetime": {"datetime": "2021-09-29 21:05:32", "elapsed": 609.347826, "delta": 3.794436}}
{"target": -66.02886254750874, "params": {"C": 11.105393010974371, "epsilon": 2.1786219392774178, "gamma": 0.0006331030936857799}, "datetime": {"datetime": "2021-09-29 21:05:36", "elapsed": 612.667491, "delta": 3.319665}}
{"target": -62.11058399198188, "params": {"C": 8.823654199325457, "epsilon": 1.258684956641508, "gamma": 0.08479107176449628}, "datetime": {"datetime": "2021-09-29 21:05:38", "elapsed": 614.7064, "delta": 2.038909}}
{"target": -57.79911814846478, "params": {"C": 7.273830427644056, "epsilon": 2.784226555989233, "gamma": 0.0038101168212807453}, "datetime": {"datetime": "2021-09-29 21:05:41", "elapsed": 617.657193, "delta": 2.950793}}
{"target": -59.71315811986665, "params": {"C": 7.276012859927342, "epsilon": 2.7940277762946564, "gamma": 0.04385094562161385}, "datetime": {"datetime": "2021-09-29 21:05:44", "elapsed": 621.42748, "delta": 3.770287}}
{"target": -56.44288423005407, "params": {"C": 81.9288089456795, "epsilon": 0.5643678678209174, "gamma": 0.006253206614353258}, "datetime": {"datetime": "2021-09-29 21:05:47", "elapsed": 623.521667, "delta": 2.094187}}
{"target": -56.52871988491404, "params": {"C": 33.74543125673418, "epsilon": 0.2892665980725554, "gamma": 0.0007233883107090191}, "datetime": {"datetime": "2021-09-29 21:05:49", "elapsed": 625.687299, "delta": 2.165632}}
{"target": -58.78292424627938, "params": {"C": 27.46203770377825, "epsilon": 0.7846416968946947, "gamma": 0.019719410075061877}, "datetime": {"datetime": "2021-09-29 21:05:53", "elapsed": 630.184004, "delta": 4.496705}}
{"target": -61.45053417902039, "params": {"C": 8.27471272004739, "epsilon": 1.7812981443229194, "gamma": 0.06843391586162492}, "datetime": {"datetime": "2021-09-29 21:05:55", "elapsed": 632.404593, "delta": 2.220589}}
{"target": -59.698903702820004, "params": {"C": 5.3626457842757285, "epsilon": 1.1137373979912775, "gamma": 0.05229245769768038}, "datetime": {"datetime": "2021-09-29 21:05:58", "elapsed": 634.878394, "delta": 2.473801}}
{"target": -54.19338832196933, "params": {"C": 89.12151093369623, "epsilon": 1.3998823670314249, "gamma": 0.0026745363096144655}, "datetime": {"datetime": "2021-09-29 21:06:03", "elapsed": 639.649999, "delta": 4.771605}}
{"target": -62.13323961066973, "params": {"C": 10.499913974192411, "epsilon": 0.8052966121901074, "gamma": 0.0865249983602645}, "datetime": {"datetime": "2021-09-29 21:06:05", "elapsed": 641.800684, "delta": 2.150685}}
{"target": -60.614080090053065, "params": {"C": 9.141465644139464, "epsilon": 2.681884707782375, "gamma": 0.05958246246810545}, "datetime": {"datetime": "2021-09-29 21:06:07", "elapsed": 643.916264, "delta": 2.11558}}
{"target": -55.88163829637518, "params": {"C": 25.124757496367923, "epsilon": 0.051651587705399946, "gamma": 0.010893652404030821}, "datetime": {"datetime": "2021-09-29 21:06:10", "elapsed": 646.881045, "delta": 2.964781}}
{"target": -64.00554131884807, "params": {"C": 55.97735416874617, "epsilon": 0.12988440988122754, "gamma": 0.06800497254149493}, "datetime": {"datetime": "2021-09-29 21:06:12", "elapsed": 649.064826, "delta": 2.183781}}
{"target": -59.31749000116993, "params": {"C": 14.869577045295078, "epsilon": 1.8066417544212565, "gamma": 0.029887405863387798}, "datetime": {"datetime": "2021-09-29 21:06:16", "elapsed": 652.759466, "delta": 3.69464}}
{"target": -65.31291632630136, "params": {"C": 52.69140378974044, "epsilon": 1.623484651003012, "gamma": 0.08759831205435574}, "datetime": {"datetime": "2021-09-29 21:06:18", "elapsed": 655.167496, "delta": 2.40803}}
{"target": -62.70870791544024, "params": {"C": 73.99271813518229, "epsilon": 0.8809419228546717, "gamma": 0.05372617169674529}, "datetime": {"datetime": "2021-09-29 21:06:20", "elapsed": 657.39667, "delta": 2.229174}}
{"target": -55.335621314940234, "params": {"C": 10.001916613760772, "epsilon": 1.864341807150341, "gamma": 0.01402703066800445}, "datetime": {"datetime": "2021-09-29 21:06:23", "elapsed": 659.845948, "delta": 2.449278}}
{"target": -58.69794585847649, "params": {"C": 14.273639684731059, "epsilon": 1.5322185924935356, "gamma": 0.026617229017585644}, "datetime": {"datetime": "2021-09-29 21:06:27", "elapsed": 663.476, "delta": 3.630052}}
{"target": -60.56079944738792, "params": {"C": 14.643657648453962, "epsilon": 1.1084937715216854, "gamma": 0.04294523283275032}, "datetime": {"datetime": "2021-09-29 21:06:30", "elapsed": 666.777552, "delta": 3.301552}}
{"target": -63.685403178294706, "params": {"C": 29.058879347115344, "epsilon": 0.47347390903843956, "gamma": 0.06868274612537206}, "datetime": {"datetime": "2021-09-29 21:06:32", "elapsed": 669.250159, "delta": 2.472607}}
{"target": -57.92757238396226, "params": {"C": 44.774994436317336, "epsilon": 2.6326711750460148, "gamma": 0.014950303794066942}, "datetime": {"datetime": "2021-09-29 21:06:36", "elapsed": 672.66416, "delta": 3.414001}}
{"target": -54.036399571893966, "params": {"C": 11.251093824327052, "epsilon": 2.1268195481904137, "gamma": 0.009762083431451735}, "datetime": {"datetime": "2021-09-29 21:06:40", "elapsed": 677.258768, "delta": 4.594608}}
{"target": -56.29292748857648, "params": {"C": 14.664023898610905, "epsilon": 1.0907414950445276, "gamma": 0.017726359750863126}, "datetime": {"datetime": "2021-09-29 21:06:44", "elapsed": 680.813602, "delta": 3.554834}}
{"target": -59.09091952582348, "params": {"C": 72.11199281011281, "epsilon": 1.9129546377856261, "gamma": 0.018819967035214206}, "datetime": {"datetime": "2021-09-29 21:06:47", "elapsed": 684.027836, "delta": 3.214234}}
{"target": -54.10253335358175, "params": {"C": 55.98359016690328, "epsilon": 1.0665458649274366, "gamma": 0.0034292884968081857}, "datetime": {"datetime": "2021-09-29 21:06:51", "elapsed": 687.476564, "delta": 3.448728}}
{"target": -61.446852451151436, "params": {"C": 31.861918004460186, "epsilon": 0.37617222285889984, "gamma": 0.03998717326301569}, "datetime": {"datetime": "2021-09-29 21:06:53", "elapsed": 689.667888, "delta": 2.191324}}
{"target": -56.21617357257841, "params": {"C": 14.529959192021197, "epsilon": 1.0303158372977215, "gamma": 0.017346005863340154}, "datetime": {"datetime": "2021-09-29 21:06:55", "elapsed": 691.935127, "delta": 2.267239}}
{"target": -63.22062475338554, "params": {"C": 95.41317617231094, "epsilon": 0.10500366398522619, "gamma": 0.051403340406421444}, "datetime": {"datetime": "2021-09-29 21:06:57", "elapsed": 694.193186, "delta": 2.258059}}
{"target": -60.785475129121714, "params": {"C": 97.8172086782309, "epsilon": 1.3849890674615886, "gamma": 0.030509009125975796}, "datetime": {"datetime": "2021-09-29 21:07:00", "elapsed": 696.629326, "delta": 2.43614}}
{"target": -63.43532536328301, "params": {"C": 43.06571222663125, "epsilon": 1.6027926926438067, "gamma": 0.060558678261090154}, "datetime": {"datetime": "2021-09-29 21:07:03", "elapsed": 700.193485, "delta": 3.564159}}
{"target": -55.71156151709775, "params": {"C": 14.306421122529631, "epsilon": 1.5025391948652274, "gamma": 0.013873922777714594}, "datetime": {"datetime": "2021-09-29 21:07:09", "elapsed": 705.901766, "delta": 5.708281}}
{"target": -58.653364504475825, "params": {"C": 14.660172490685854, "epsilon": 1.0797957534018097, "gamma": 0.026745773949999208}, "datetime": {"datetime": "2021-09-29 21:07:11", "elapsed": 708.385339, "delta": 2.483573}}
{"target": -57.586881791329645, "params": {"C": 41.035019772980625, "epsilon": 1.1628663788013012, "gamma": 0.013799824735636214}, "datetime": {"datetime": "2021-09-29 21:07:16", "elapsed": 713.208873, "delta": 4.823534}}
{"target": -63.43809706162149, "params": {"C": 1.7381377155674556, "epsilon": 1.1485779170032726, "gamma": 0.0482888095224851}, "datetime": {"datetime": "2021-09-29 21:07:19", "elapsed": 715.488647, "delta": 2.279774}}
{"target": -58.46954979355053, "params": {"C": 56.99433748709923, "epsilon": 0.3188373996763671, "gamma": 0.018439429178592467}, "datetime": {"datetime": "2021-09-29 21:07:24", "elapsed": 721.033943, "delta": 5.545296}}
{"target": -56.43225925457095, "params": {"C": 64.25236387452873, "epsilon": 0.8858202410522391, "gamma": 0.0062205446984504465}, "datetime": {"datetime": "2021-09-29 21:07:27", "elapsed": 723.640215, "delta": 2.606272}}
{"target": -56.14811312981106, "params": {"C": 8.694343863903853, "epsilon": 0.8155098545817854, "gamma": 0.004358485041937204}, "datetime": {"datetime": "2021-09-29 21:07:29", "elapsed": 726.018309, "delta": 2.378094}}
{"target": -62.59044019396911, "params": {"C": 85.68268255161867, "epsilon": 2.022581712492501, "gamma": 0.04865785340580695}, "datetime": {"datetime": "2021-09-29 21:07:31", "elapsed": 728.277103, "delta": 2.258794}}
{"target": -53.690577473156075, "params": {"C": 14.266966907916272, "epsilon": 1.54320345195793, "gamma": 0.007010764673690976}, "datetime": {"datetime": "2021-09-29 21:07:35", "elapsed": 731.451258, "delta": 3.174155}}
{"target": -53.19015721317354, "params": {"C": 27.451458984441558, "epsilon": 0.8173877080880229, "gamma": 0.003916220435494561}, "datetime": {"datetime": "2021-09-29 21:07:38", "elapsed": 735.023646, "delta": 3.572388}}
{"target": -58.96300541816556, "params": {"C": 14.89395096344045, "epsilon": 1.7467323231191383, "gamma": 0.02736830738511095}, "datetime": {"datetime": "2021-09-29 21:07:42", "elapsed": 738.758678, "delta": 3.735032}}
{"target": -61.956898625857924, "params": {"C": 48.17009796379984, "epsilon": 0.9124891427736197, "gamma": 0.04471564148451743}, "datetime": {"datetime": "2021-09-29 21:07:44", "elapsed": 741.087412, "delta": 2.328734}}
{"target": -55.93051895676613, "params": {"C": 14.892653506936774, "epsilon": 1.816696815497102, "gamma": 0.014652364373396648}, "datetime": {"datetime": "2021-09-29 21:07:47", "elapsed": 744.372917, "delta": 3.285505}}
{"target": -53.62547239342908, "params": {"C": 8.74056597763272, "epsilon": 0.7311959344487576, "gamma": 0.00876365382384086}, "datetime": {"datetime": "2021-09-29 21:07:53", "elapsed": 749.923933, "delta": 5.551016}}
{"target": -54.895709948317396, "params": {"C": 66.87381703573064, "epsilon": 2.142529591300597, "gamma": 0.00436728878821642}, "datetime": {"datetime": "2021-09-29 21:07:57", "elapsed": 753.770062, "delta": 3.846129}}
{"target": -59.02966779240037, "params": {"C": 49.139035594908826, "epsilon": 2.682490177627044, "gamma": 0.020128135347928316}, "datetime": {"datetime": "2021-09-29 21:08:03", "elapsed": 759.612236, "delta": 5.842174}}
{"target": -56.985474526236324, "params": {"C": 49.15987312904767, "epsilon": 2.7046591120888452, "gamma": 0.010779256947766939}, "datetime": {"datetime": "2021-09-29 21:08:05", "elapsed": 762.172888, "delta": 2.560652}}
{"target": -56.08906789779336, "params": {"C": 14.225587437727913, "epsilon": 1.4732063104952324, "gamma": 0.0019559742494928054}, "datetime": {"datetime": "2021-09-29 21:08:10", "elapsed": 766.865574, "delta": 4.692686}}
{"target": -59.3934433827382, "params": {"C": 13.355379255423419, "epsilon": 0.348041248637889, "gamma": 0.03536204590943182}, "datetime": {"datetime": "2021-09-29 21:08:12", "elapsed": 769.071935, "delta": 2.206361}}
{"target": -68.68815934144367, "params": {"C": 44.818811806515306, "epsilon": 2.691254754030845, "gamma": 0.0001}, "datetime": {"datetime": "2021-09-29 21:08:16", "elapsed": 772.889117, "delta": 3.817182}}
{"target": -56.53204071277212, "params": {"C": 14.361664424507243, "epsilon": 1.544851954616376, "gamma": 0.018935180315673473}, "datetime": {"datetime": "2021-09-29 21:08:21", "elapsed": 778.215778, "delta": 5.326661}}
{"target": -55.45679120247659, "params": {"C": 11.266860007677886, "epsilon": 2.1345920979227087, "gamma": 0.0029005908121609754}, "datetime": {"datetime": "2021-09-29 21:08:26", "elapsed": 782.916502, "delta": 4.700724}}
{"target": -59.32777044806128, "params": {"C": 14.652196238303274, "epsilon": 1.0433578403587953, "gamma": 0.030862109201909925}, "datetime": {"datetime": "2021-09-29 21:08:31", "elapsed": 788.09258, "delta": 5.176078}}
{"target": -60.120644666440306, "params": {"C": 93.91656605822543, "epsilon": 1.3553529745201496, "gamma": 0.024307673992539837}, "datetime": {"datetime": "2021-09-29 21:08:34", "elapsed": 790.568645, "delta": 2.476065}}
{"target": -64.04081101382864, "params": {"C": 40.747122568538835, "epsilon": 2.206619719552866, "gamma": 0.07494463042591519}, "datetime": {"datetime": "2021-09-29 21:08:36", "elapsed": 792.947762, "delta": 2.379117}}
{"target": -59.81588442922461, "params": {"C": 57.470266781181415, "epsilon": 1.0550233455079263, "gamma": 0.0250186659170244}, "datetime": {"datetime": "2021-09-29 21:08:39", "elapsed": 795.55352, "delta": 2.605758}}
{"target": -59.96247290098523, "params": {"C": 84.36713145295833, "epsilon": 2.468101221085262, "gamma": 0.023898510074162875}, "datetime": {"datetime": "2021-09-29 21:08:41", "elapsed": 798.222482, "delta": 2.668962}}
{"target": -57.57506099480779, "params": {"C": 11.294586124226583, "epsilon": 2.277314007598536, "gamma": 0.023183851313229597}, "datetime": {"datetime": "2021-09-29 21:08:46", "elapsed": 802.66872, "delta": 4.446238}}
{"target": -55.0846936329033, "params": {"C": 14.307408289973052, "epsilon": 1.5356606553346044, "gamma": 0.002688636851126489}, "datetime": {"datetime": "2021-09-29 21:08:50", "elapsed": 806.817092, "delta": 4.148372}}
{"target": -62.296204534402875, "params": {"C": 40.95124621826549, "epsilon": 1.1144421459967981, "gamma": 0.04894580047965819}, "datetime": {"datetime": "2021-09-29 21:08:52", "elapsed": 809.203413, "delta": 2.386321}}
{"target": -53.955044136501904, "params": {"C": 14.652001949945008, "epsilon": 1.014994964522761, "gamma": 0.007837670559286938}, "datetime": {"datetime": "2021-09-29 21:08:58", "elapsed": 814.534068, "delta": 5.330655}}
{"target": -63.861013993116444, "params": {"C": 91.47234302525693, "epsilon": 1.1689728977426561, "gamma": 0.05831597480919781}, "datetime": {"datetime": "2021-09-29 21:09:00", "elapsed": 817.023663, "delta": 2.489595}}
{"target": -58.47516116067383, "params": {"C": 14.726525359890179, "epsilon": 1.1670179829697185, "gamma": 0.02570556638848628}, "datetime": {"datetime": "2021-09-29 21:09:04", "elapsed": 820.52276, "delta": 3.499097}}
{"target": -58.2595529534897, "params": {"C": 14.919341130985448, "epsilon": 1.7403457223630572, "gamma": 0.023483043621099004}, "datetime": {"datetime": "2021-09-29 21:09:07", "elapsed": 824.290061, "delta": 3.767301}}
{"target": -56.31408592353827, "params": {"C": 14.52379991175192, "epsilon": 1.0586392914256653, "gamma": 0.01794101541954595}, "datetime": {"datetime": "2021-09-29 21:09:11", "elapsed": 827.702626, "delta": 3.412565}}
{"target": -64.75554872294698, "params": {"C": 87.77163105268728, "epsilon": 1.0887590055309346, "gamma": 0.06750931891413145}, "datetime": {"datetime": "2021-09-29 21:09:13", "elapsed": 830.340088, "delta": 2.637462}}
{"target": -63.50872324746104, "params": {"C": 31.352341076915632, "epsilon": 2.451597838170474, "gamma": 0.07129017507638388}, "datetime": {"datetime": "2021-09-29 21:09:16", "elapsed": 832.731993, "delta": 2.391905}}
{"target": -53.181380987028724, "params": {"C": 40.0040449237937, "epsilon": 2.417233223366464, "gamma": 0.0029204689380570533}, "datetime": {"datetime": "2021-09-29 21:09:18", "elapsed": 835.28963, "delta": 2.557637}}
{"target": -65.41175605628672, "params": {"C": 56.59733983865975, "epsilon": 0.5986158868386284, "gamma": 0.08668060354346634}, "datetime": {"datetime": "2021-09-29 21:09:21", "elapsed": 838.014566, "delta": 2.724936}}
{"target": -56.330737204491776, "params": {"C": 9.981440313882999, "epsilon": 1.881582478180911, "gamma": 0.019822564225799963}, "datetime": {"datetime": "2021-09-29 21:09:25", "elapsed": 842.032846, "delta": 4.01828}}
{"target": -53.606433053600725, "params": {"C": 44.849443460860826, "epsilon": 2.699610250696032, "gamma": 0.0033065425774189464}, "datetime": {"datetime": "2021-09-29 21:09:29", "elapsed": 846.045492, "delta": 4.012646}}
{"target": -56.9843081410833, "params": {"C": 11.980118704402482, "epsilon": 1.2116144588575495, "gamma": 0.021174341343125153}, "datetime": {"datetime": "2021-09-29 21:09:33", "elapsed": 849.643153, "delta": 3.597661}}
{"target": -61.89494456955692, "params": {"C": 46.258856906693275, "epsilon": 2.4948631666192083, "gamma": 0.043317228170119244}, "datetime": {"datetime": "2021-09-29 21:09:36", "elapsed": 852.511979, "delta": 2.868826}}
{"target": -53.9119002692391, "params": {"C": 49.14758518554744, "epsilon": 2.665733036521781, "gamma": 0.003536191341028454}, "datetime": {"datetime": "2021-09-29 21:09:39", "elapsed": 856.265483, "delta": 3.753504}}
{"target": -61.716142377672334, "params": {"C": 40.007431327073114, "epsilon": 2.406288129350091, "gamma": 0.04207442597729623}, "datetime": {"datetime": "2021-09-29 21:09:43", "elapsed": 859.824885, "delta": 3.559402}}
{"target": -56.017902038447865, "params": {"C": 14.234219040676924, "epsilon": 1.4615590422610452, "gamma": 0.01579578418026881}, "datetime": {"datetime": "2021-09-29 21:09:49", "elapsed": 865.600067, "delta": 5.775182}}
{"target": -61.416123126153934, "params": {"C": 11.240321938243792, "epsilon": 2.148243355460468, "gamma": 0.0011572927262713164}, "datetime": {"datetime": "2021-09-29 21:09:53", "elapsed": 869.909116, "delta": 4.309049}}
{"target": -62.65263699966501, "params": {"C": 71.22958054494957, "epsilon": 0.8698816725782913, "gamma": 0.053500213769228984}, "datetime": {"datetime": "2021-09-29 21:09:56", "elapsed": 872.681772, "delta": 2.772656}}
{"target": -54.88384023269731, "params": {"C": 9.968465002980755, "epsilon": 1.8312746945081495, "gamma": 0.00457292386399309}, "datetime": {"datetime": "2021-09-29 21:10:01", "elapsed": 877.518066, "delta": 4.836294}}
{"target": -69.55451023700118, "params": {"C": 11.204852278152774, "epsilon": 2.1137862768178297, "gamma": 0.0003777261218955504}, "datetime": {"datetime": "2021-09-29 21:10:10", "elapsed": 886.499824, "delta": 8.981758}}
{"target": -54.44691220508007, "params": {"C": 11.072088091252008, "epsilon": 0.16978683537918668, "gamma": 0.00972617083410532}, "datetime": {"datetime": "2021-09-29 21:10:14", "elapsed": 890.459645, "delta": 3.959821}}
{"target": -58.60007287922362, "params": {"C": 91.99048023693035, "epsilon": 1.0448536748417399, "gamma": 0.016754458458341216}, "datetime": {"datetime": "2021-09-29 21:10:16", "elapsed": 893.250666, "delta": 2.791021}}
{"target": -55.3749047254839, "params": {"C": 89.09607235389251, "epsilon": 1.3926404214832613, "gamma": 0.003812832411702473}, "datetime": {"datetime": "2021-09-29 21:10:23", "elapsed": 899.944501, "delta": 6.693835}}
{"target": -59.88734618916727, "params": {"C": 62.37778652843482, "epsilon": 0.3162328630001147, "gamma": 0.026379424407391806}, "datetime": {"datetime": "2021-09-29 21:10:26", "elapsed": 902.604813, "delta": 2.660312}}
{"target": -55.74954138819318, "params": {"C": 11.229895340649312, "epsilon": 2.0981740969952867, "gamma": 0.016469562084415502}, "datetime": {"datetime": "2021-09-29 21:10:31", "elapsed": 907.459412, "delta": 4.854599}}
{"target": -56.64824723838553, "params": {"C": 66.77707298192036, "epsilon": 1.453807449303994, "gamma": 0.006384171100156243}, "datetime": {"datetime": "2021-09-29 21:10:33", "elapsed": 910.208674, "delta": 2.749262}}
{"target": -63.51515341793819, "params": {"C": 89.04391210997352, "epsilon": 2.5869849531400413, "gamma": 0.055655974495014755}, "datetime": {"datetime": "2021-09-29 21:10:36", "elapsed": 913.10559, "delta": 2.896916}}
{"target": -59.83841031750432, "params": {"C": 35.075869730781484, "epsilon": 2.5751319635171197, "gamma": 0.02808768200003309}, "datetime": {"datetime": "2021-09-29 21:10:39", "elapsed": 915.958181, "delta": 2.852591}}
{"target": -61.83641815630797, "params": {"C": 30.96722979812526, "epsilon": 0.9749339102939508, "gamma": 0.044920027886431665}, "datetime": {"datetime": "2021-09-29 21:10:42", "elapsed": 918.932195, "delta": 2.974014}}
{"target": -58.2761475530527, "params": {"C": 3.888694216277991, "epsilon": 1.3952935109487163, "gamma": 0.029491797738718923}, "datetime": {"datetime": "2021-09-29 21:10:45", "elapsed": 921.755778, "delta": 2.823583}}
{"target": -58.44869421360981, "params": {"C": 55.60826253992587, "epsilon": 0.8357631427113866, "gamma": 0.018175986784588004}, "datetime": {"datetime": "2021-09-29 21:10:47", "elapsed": 924.418823, "delta": 2.663045}}
{"target": -54.41776880176107, "params": {"C": 49.14831174344637, "epsilon": 2.6931079466139614, "gamma": 0.004225159093575862}, "datetime": {"datetime": "2021-09-29 21:10:52", "elapsed": 929.332793, "delta": 4.91397}}
{"target": -58.29341744726375, "params": {"C": 14.249370150291625, "epsilon": 1.4951364405599576, "gamma": 0.024578198992215104}, "datetime": {"datetime": "2021-09-29 21:10:57", "elapsed": 933.648966, "delta": 4.316173}}
{"target": -56.70959410590304, "params": {"C": 27.45283812972526, "epsilon": 0.8281978854145134, "gamma": 0.012194578691174794}, "datetime": {"datetime": "2021-09-29 21:11:02", "elapsed": 938.705128, "delta": 5.056162}}
{"target": -57.54690865723785, "params": {"C": 4.74061183253213, "epsilon": 1.8159657156856637, "gamma": 0.023970813855745426}, "datetime": {"datetime": "2021-09-29 21:11:08", "elapsed": 944.958225, "delta": 6.253097}}
{"target": -55.437092619263375, "params": {"C": 14.550825212986759, "epsilon": 1.0351788548086127, "gamma": 0.002541678500441299}, "datetime": {"datetime": "2021-09-29 21:11:12", "elapsed": 949.317576, "delta": 4.359351}}
{"target": -60.88320385026861, "params": {"C": 13.006550221276841, "epsilon": 0.18265196832980496, "gamma": 0.05477876370551828}, "datetime": {"datetime": "2021-09-29 21:11:15", "elapsed": 951.982785, "delta": 2.665209}}
