{"target": -64.0003403869139, "params": {"C": 29.830381906997857, "epsilon": 0.31308350108532274, "gamma": 0.07470257282131487}, "datetime": {"datetime": "2021-09-29 20:55:43", "elapsed": 20.134389, "delta": 0.347997}}
{"target": -59.575222805481175, "params": {"C": 11.244892509083272, "epsilon": 2.226920170800314, "gamma": 0.03945220529168769}, "datetime": {"datetime": "2021-09-29 20:55:44", "elapsed": 20.517606, "delta": 0.383217}}
{"target": -58.07855603792697, "params": {"C": 99.0223781140595, "epsilon": 2.2349506742900074, "gamma": 0.012793138915003976}, "datetime": {"datetime": "2021-09-29 20:55:44", "elapsed": 20.829603, "delta": 0.311997}}
{"target": -55.145006213377336, "params": {"C": 14.53556157207993, "epsilon": 1.0827769329981605, "gamma": 0.01078764205110804}, "datetime": {"datetime": "2021-09-29 20:55:44", "elapsed": 21.190604, "delta": 0.361001}}
{"target": -62.47720891273981, "params": {"C": 49.94385589827361, "epsilon": 2.489684567151519, "gamma": 0.049033688927493546}, "datetime": {"datetime": "2021-09-29 20:55:45", "elapsed": 21.48461, "delta": 0.294006}}
{"target": -59.30300332967917, "params": {"C": 14.261399536453293, "epsilon": 1.472452846254011, "gamma": 0.031103590863568786}, "datetime": {"datetime": "2021-09-29 20:55:45", "elapsed": 21.90061, "delta": 0.416}}
{"target": -56.8750268398986, "params": {"C": 86.20010776083737, "epsilon": 1.7284343022671822, "gamma": 0.009331169599570671}, "datetime": {"datetime": "2021-09-29 20:55:45", "elapsed": 22.249338, "delta": 0.348728}}
{"target": -63.90598545770006, "params": {"C": 19.014411026638804, "epsilon": 1.4781583959854874, "gamma": 0.00046736368825592604}, "datetime": {"datetime": "2021-09-29 20:55:46", "elapsed": 22.592328, "delta": 0.34299}}
{"target": -71.33523466079883, "params": {"C": 18.80444324197172, "epsilon": 1.0369237198663916, "gamma": 0.0001}, "datetime": {"datetime": "2021-09-29 20:55:46", "elapsed": 23.162336, "delta": 0.570008}}
{"target": -61.52975092562348, "params": {"C": 25.97530314710989, "epsilon": 1.8465436909324953, "gamma": 0.04106100051472918}, "datetime": {"datetime": "2021-09-29 20:55:47", "elapsed": 23.538334, "delta": 0.375998}}
{"target": -60.998831988243076, "params": {"C": 81.38195577007266, "epsilon": 1.4776601868172572, "gamma": 0.03396415734837918}, "datetime": {"datetime": "2021-09-29 20:55:47", "elapsed": 23.887331, "delta": 0.348997}}
{"target": -55.59503669218581, "params": {"C": 14.555157790188089, "epsilon": 1.0556367348526159, "gamma": 0.013986960848954138}, "datetime": {"datetime": "2021-09-29 20:55:47", "elapsed": 24.235979, "delta": 0.348648}}
{"target": -56.6227333553282, "params": {"C": 94.55649852855782, "epsilon": 0.4157627002346848, "gamma": 0.008716630630551395}, "datetime": {"datetime": "2021-09-29 20:55:48", "elapsed": 24.556164, "delta": 0.320185}}
{"target": -55.45220620944661, "params": {"C": 14.520241616993605, "epsilon": 1.048204984601619, "gamma": 0.012476061631883976}, "datetime": {"datetime": "2021-09-29 20:55:48", "elapsed": 25.004167, "delta": 0.448003}}
{"target": -53.540733484748806, "params": {"C": 8.696798748474624, "epsilon": 0.7893874083520812, "gamma": 0.00861297101813382}, "datetime": {"datetime": "2021-09-29 20:55:48", "elapsed": 25.418171, "delta": 0.414004}}
{"target": -55.31801320278477, "params": {"C": 81.92853119982072, "epsilon": 0.5688477483786305, "gamma": 0.003874638726613344}, "datetime": {"datetime": "2021-09-29 20:55:49", "elapsed": 25.819164, "delta": 0.400993}}
{"target": -54.38119787734589, "params": {"C": 18.785582351333876, "epsilon": 1.0467594855926796, "gamma": 0.007638992353956309}, "datetime": {"datetime": "2021-09-29 20:55:49", "elapsed": 26.206167, "delta": 0.387003}}
{"target": -61.16275088757137, "params": {"C": 14.756263972434779, "epsilon": 2.4998349955330035, "gamma": 0.05510156951664552}, "datetime": {"datetime": "2021-09-29 20:55:50", "elapsed": 26.599686, "delta": 0.393519}}
{"target": -53.24911887921034, "params": {"C": 96.88347390911257, "epsilon": 2.936004801309404, "gamma": 0.0015786418349004563}, "datetime": {"datetime": "2021-09-29 20:55:50", "elapsed": 26.962693, "delta": 0.363007}}
{"target": -57.89935102648579, "params": {"C": 11.184472674204448, "epsilon": 2.211136926356552, "gamma": 0.025175353477992175}, "datetime": {"datetime": "2021-09-29 20:55:50", "elapsed": 27.315689, "delta": 0.352996}}
{"target": -60.41270984423968, "params": {"C": 9.210971478329713, "epsilon": 2.8794571506914632, "gamma": 0.050403351471219944}, "datetime": {"datetime": "2021-09-29 20:55:51", "elapsed": 27.709692, "delta": 0.394003}}
{"target": -62.25757731625007, "params": {"C": 62.15331497539134, "epsilon": 0.9195179547589637, "gamma": 0.0471225216444425}, "datetime": {"datetime": "2021-09-29 20:55:51", "elapsed": 28.123694, "delta": 0.414002}}
{"target": -54.893290346197766, "params": {"C": 14.272292932528236, "epsilon": 1.5306092700584657, "gamma": 0.010564186925403935}, "datetime": {"datetime": "2021-09-29 20:55:52", "elapsed": 28.537839, "delta": 0.414145}}
{"target": -56.120028208067595, "params": {"C": 14.522998687816585, "epsilon": 1.0764453439833779, "gamma": 0.016322424128948854}, "datetime": {"datetime": "2021-09-29 20:55:52", "elapsed": 28.91584, "delta": 0.378001}}
{"target": -56.667780206055994, "params": {"C": 66.85737714898377, "epsilon": 2.10900217230127, "gamma": 0.008049152930844412}, "datetime": {"datetime": "2021-09-29 20:55:52", "elapsed": 29.309846, "delta": 0.394006}}
{"target": -58.4326254988803, "params": {"C": 8.686052100852685, "epsilon": 0.7639485038015983, "gamma": 0.03214184067879428}, "datetime": {"datetime": "2021-09-29 20:55:53", "elapsed": 29.806424, "delta": 0.496578}}
{"target": -56.82106235230222, "params": {"C": 80.51211754529032, "epsilon": 1.3111791221372435, "gamma": 0.008570695829810812}, "datetime": {"datetime": "2021-09-29 20:55:53", "elapsed": 30.194431, "delta": 0.388007}}
{"target": -61.47037334116767, "params": {"C": 83.25704143689869, "epsilon": 0.9496837514039622, "gamma": 0.03793244710818921}, "datetime": {"datetime": "2021-09-29 20:55:54", "elapsed": 30.59759, "delta": 0.403159}}
{"target": -59.378786594313695, "params": {"C": 94.57888991267167, "epsilon": 0.4249723631565394, "gamma": 0.02078522555590329}, "datetime": {"datetime": "2021-09-29 20:55:54", "elapsed": 31.104596, "delta": 0.507006}}
{"target": -63.69470883355817, "params": {"C": 25.617888004834775, "epsilon": 2.6334130082490854, "gamma": 0.08222281409857117}, "datetime": {"datetime": "2021-09-29 20:55:55", "elapsed": 31.50859, "delta": 0.403994}}
{"target": -60.216099264912714, "params": {"C": 14.339842678289656, "epsilon": 1.5862761514603838, "gamma": 0.041405093382897475}, "datetime": {"datetime": "2021-09-29 20:55:55", "elapsed": 31.998591, "delta": 0.490001}}
{"target": -59.69022530209418, "params": {"C": 14.574064033705362, "epsilon": 1.0430059539477925, "gamma": 0.034193054365685156}, "datetime": {"datetime": "2021-09-29 20:55:56", "elapsed": 32.463559, "delta": 0.464968}}
{"target": -59.55989143355702, "params": {"C": 14.50845591189027, "epsilon": 1.0201123661530176, "gamma": 0.03330109620935399}, "datetime": {"datetime": "2021-09-29 20:55:56", "elapsed": 32.911569, "delta": 0.44801}}
{"target": -59.749541779136514, "params": {"C": 14.963488408295097, "epsilon": 1.763277294255119, "gamma": 0.03355968094341209}, "datetime": {"datetime": "2021-09-29 20:55:56", "elapsed": 33.387562, "delta": 0.475993}}
{"target": -63.33665772743976, "params": {"C": 64.71387917493453, "epsilon": 1.8689391625396337, "gamma": 0.06279280373989732}, "datetime": {"datetime": "2021-09-29 20:55:57", "elapsed": 33.824562, "delta": 0.437}}
{"target": -55.76827318278676, "params": {"C": 44.80578205165217, "epsilon": 2.704496251164382, "gamma": 0.008208862657759065}, "datetime": {"datetime": "2021-09-29 20:55:57", "elapsed": 34.245563, "delta": 0.421001}}
{"target": -60.822539798782, "params": {"C": 49.134378715636196, "epsilon": 2.7085582219244073, "gamma": 0.03245238523057454}, "datetime": {"datetime": "2021-09-29 20:55:58", "elapsed": 34.793146, "delta": 0.547583}}
{"target": -57.365164904034906, "params": {"C": 14.297980980943358, "epsilon": 1.5398320401438927, "gamma": 0.021386008580132745}, "datetime": {"datetime": "2021-09-29 20:55:58", "elapsed": 35.339148, "delta": 0.546002}}
{"target": -62.157574161284124, "params": {"C": 96.04275692889001, "epsilon": 2.266942701189539, "gamma": 0.04188887717781888}, "datetime": {"datetime": "2021-09-29 20:55:59", "elapsed": 35.831146, "delta": 0.491998}}
{"target": -55.81244840010824, "params": {"C": 11.190819902181968, "epsilon": 2.1598417761278816, "gamma": 0.016826249159249528}, "datetime": {"datetime": "2021-09-29 20:55:59", "elapsed": 36.323473, "delta": 0.492327}}
{"target": -60.77675838751186, "params": {"C": 12.233936078378052, "epsilon": 2.422551706029646, "gamma": 0.05238085727334716}, "datetime": {"datetime": "2021-09-29 20:56:00", "elapsed": 36.750472, "delta": 0.426999}}
{"target": -55.19275175687326, "params": {"C": 25.91942408639768, "epsilon": 1.8310983218058743, "gamma": 0.009612366231379031}, "datetime": {"datetime": "2021-09-29 20:56:00", "elapsed": 37.250472, "delta": 0.5}}
{"target": -61.687349593474295, "params": {"C": 72.89358850281931, "epsilon": 1.697263817229491, "gamma": 0.04298612323261712}, "datetime": {"datetime": "2021-09-29 20:56:01", "elapsed": 37.767475, "delta": 0.517003}}
{"target": -57.95587254075818, "params": {"C": 8.724788278566377, "epsilon": 0.8161019058785317, "gamma": 0.02851044996550738}, "datetime": {"datetime": "2021-09-29 20:56:01", "elapsed": 38.297703, "delta": 0.530228}}
{"target": -57.85107152604806, "params": {"C": 44.83352782715012, "epsilon": 2.7172374627003864, "gamma": 0.01452669014042626}, "datetime": {"datetime": "2021-09-29 20:56:02", "elapsed": 38.902706, "delta": 0.605003}}
{"target": -61.31123345431648, "params": {"C": 43.344959814268776, "epsilon": 0.295732523537132, "gamma": 0.038160969212787166}, "datetime": {"datetime": "2021-09-29 20:56:02", "elapsed": 39.316712, "delta": 0.414006}}
{"target": -55.574698156830515, "params": {"C": 49.16696387387974, "epsilon": 2.7145205241826362, "gamma": 0.007333822934030956}, "datetime": {"datetime": "2021-09-29 20:56:03", "elapsed": 39.904399, "delta": 0.587687}}
{"target": -62.86297786914322, "params": {"C": 54.87897485148052, "epsilon": 0.9393441892541812, "gamma": 0.05354303700198202}, "datetime": {"datetime": "2021-09-29 20:56:03", "elapsed": 40.373117, "delta": 0.468718}}
{"target": -60.80003036787236, "params": {"C": 89.81981493319665, "epsilon": 2.2705570526771166, "gamma": 0.032013377852258496}, "datetime": {"datetime": "2021-09-29 20:56:04", "elapsed": 40.820113, "delta": 0.446996}}
{"target": -61.297499962907295, "params": {"C": 41.264232644644665, "epsilon": 2.0673866734864936, "gamma": 0.038285692916534615}, "datetime": {"datetime": "2021-09-29 20:56:04", "elapsed": 41.220118, "delta": 0.400005}}
{"target": -58.76328080337263, "params": {"C": 80.52327838575482, "epsilon": 1.3337791191895287, "gamma": 0.017723033540298114}, "datetime": {"datetime": "2021-09-29 20:56:05", "elapsed": 41.820116, "delta": 0.599998}}
{"target": -53.85843618586055, "params": {"C": 14.32393048961406, "epsilon": 1.5317686646561044, "gamma": 0.00401361280714786}, "datetime": {"datetime": "2021-09-29 20:56:05", "elapsed": 42.375584, "delta": 0.555468}}
{"target": -64.71588219997093, "params": {"C": 53.28701537624803, "epsilon": 2.318911254515813, "gamma": 0.08134679394328334}, "datetime": {"datetime": "2021-09-29 20:56:06", "elapsed": 42.860583, "delta": 0.484999}}
{"target": -59.71973795333256, "params": {"C": 96.86674291945486, "epsilon": 2.977733091937687, "gamma": 0.0215811225318103}, "datetime": {"datetime": "2021-09-29 20:56:06", "elapsed": 43.398582, "delta": 0.537999}}
{"target": -64.72289046374308, "params": {"C": 33.67509061772199, "epsilon": 0.45787820304449306, "gamma": 0.08784971444402734}, "datetime": {"datetime": "2021-09-29 20:56:07", "elapsed": 43.934583, "delta": 0.536001}}
{"target": -56.25418440392789, "params": {"C": 25.92792086972353, "epsilon": 1.8193748599654271, "gamma": 0.011934877259997364}, "datetime": {"datetime": "2021-09-29 20:56:08", "elapsed": 44.490963, "delta": 0.55638}}
{"target": -57.945277020395494, "params": {"C": 14.325349938611073, "epsilon": 1.4905640010990704, "gamma": 0.0016561786999313515}, "datetime": {"datetime": "2021-09-29 20:56:08", "elapsed": 45.034964, "delta": 0.544001}}
{"target": -54.681152694963274, "params": {"C": 14.252081015842029, "epsilon": 1.5141997779880847, "gamma": 0.009650162648868145}, "datetime": {"datetime": "2021-09-29 20:56:09", "elapsed": 45.588969, "delta": 0.554005}}
{"target": -57.507067788964285, "params": {"C": 47.06878373277274, "epsilon": 0.31248599598962873, "gamma": 0.012535278918926121}, "datetime": {"datetime": "2021-09-29 20:56:09", "elapsed": 46.069002, "delta": 0.480033}}
{"target": -58.1507485421524, "params": {"C": 11.217376383757058, "epsilon": 2.1888541398449504, "gamma": 0.026639517690844407}, "datetime": {"datetime": "2021-09-29 20:56:10", "elapsed": 46.76818, "delta": 0.699178}}
{"target": -61.904540358677394, "params": {"C": 1.7942033865142513, "epsilon": 0.4795359313879894, "gamma": 0.022489281066981018}, "datetime": {"datetime": "2021-09-29 20:56:10", "elapsed": 47.254181, "delta": 0.486001}}
{"target": -60.755991694110314, "params": {"C": 38.88381010549266, "epsilon": 1.1796233590586136, "gamma": 0.0330413657005315}, "datetime": {"datetime": "2021-09-29 20:56:11", "elapsed": 47.787175, "delta": 0.532994}}
{"target": -62.83513765956849, "params": {"C": 29.697226298853888, "epsilon": 1.241725817157578, "gamma": 0.05683979143658301}, "datetime": {"datetime": "2021-09-29 20:56:11", "elapsed": 48.277183, "delta": 0.490008}}
{"target": -59.37653923819993, "params": {"C": 14.281279749685304, "epsilon": 1.5137742459503154, "gamma": 0.031664736688957335}, "datetime": {"datetime": "2021-09-29 20:56:12", "elapsed": 48.886661, "delta": 0.609478}}
{"target": -59.52941153957276, "params": {"C": 14.271587864476063, "epsilon": 1.5618480940466741, "gamma": 0.0329140240093564}, "datetime": {"datetime": "2021-09-29 20:56:13", "elapsed": 49.537306, "delta": 0.650645}}
{"target": -63.622641839161446, "params": {"C": 72.15485799164193, "epsilon": 1.0999431681533998, "gamma": 0.06373070681767745}, "datetime": {"datetime": "2021-09-29 20:56:13", "elapsed": 50.040311, "delta": 0.503005}}
{"target": -55.188530878738526, "params": {"C": 25.882896350671803, "epsilon": 1.8143944281575803, "gamma": 0.00961617753281186}, "datetime": {"datetime": "2021-09-29 20:56:14", "elapsed": 50.709014, "delta": 0.668703}}
{"target": -59.02028667648437, "params": {"C": 25.91106308309617, "epsilon": 1.8785251559672778, "gamma": 0.022324501671471146}, "datetime": {"datetime": "2021-09-29 20:56:15", "elapsed": 51.51801, "delta": 0.808996}}
{"target": -64.55747805049656, "params": {"C": 33.49410860829159, "epsilon": 0.0448407603010918, "gamma": 0.08298033172606593}, "datetime": {"datetime": "2021-09-29 20:56:15", "elapsed": 52.043018, "delta": 0.525008}}
{"target": -60.110464084283144, "params": {"C": 96.87677367386493, "epsilon": 2.885688051739866, "gamma": 0.02484119795044082}, "datetime": {"datetime": "2021-09-29 20:56:16", "elapsed": 52.609203, "delta": 0.566185}}
{"target": -62.41880297724597, "params": {"C": 72.12141962678761, "epsilon": 1.1352045489277627, "gamma": 0.0510103931385366}, "datetime": {"datetime": "2021-09-29 20:56:16", "elapsed": 53.198204, "delta": 0.589001}}
{"target": -58.54226774780136, "params": {"C": 42.866461394074705, "epsilon": 1.2344704012276453, "gamma": 0.01765241691662034}, "datetime": {"datetime": "2021-09-29 20:56:17", "elapsed": 53.720204, "delta": 0.522}}
{"target": -66.12020815183813, "params": {"C": 92.04707731161389, "epsilon": 1.8988832510737372, "gamma": 0.07991574879789692}, "datetime": {"datetime": "2021-09-29 20:56:17", "elapsed": 54.307207, "delta": 0.587003}}
{"target": -66.6727794527975, "params": {"C": 1.298291242750937, "epsilon": 2.471728033028607, "gamma": 0.06411124919086025}, "datetime": {"datetime": "2021-09-29 20:56:18", "elapsed": 54.941028, "delta": 0.633821}}
{"target": -65.92561607212072, "params": {"C": 74.1058611726533, "epsilon": 2.4386127248912883, "gamma": 0.08638832045518402}, "datetime": {"datetime": "2021-09-29 20:56:19", "elapsed": 55.525029, "delta": 0.584001}}
{"target": -53.72648346646699, "params": {"C": 11.231558082005222, "epsilon": 2.2286330849678326, "gamma": 0.005543889380687395}, "datetime": {"datetime": "2021-09-29 20:56:19", "elapsed": 56.221029, "delta": 0.696}}
{"target": -59.80247793898775, "params": {"C": 13.551473191043435, "epsilon": 2.4688223999421, "gamma": 0.03591610415850458}, "datetime": {"datetime": "2021-09-29 20:56:20", "elapsed": 56.837235, "delta": 0.616206}}
{"target": -59.33083748473683, "params": {"C": 86.17835160310904, "epsilon": 1.6970288971961502, "gamma": 0.020618732226263647}, "datetime": {"datetime": "2021-09-29 20:56:21", "elapsed": 57.619231, "delta": 0.781996}}
{"target": -60.364475457107744, "params": {"C": 81.30955178862493, "epsilon": 1.0724134661469054, "gamma": 0.027493531556756347}, "datetime": {"datetime": "2021-09-29 20:56:21", "elapsed": 58.220238, "delta": 0.601007}}
{"target": -58.5011045314686, "params": {"C": 4.264555371218817, "epsilon": 1.237502733353879, "gamma": 0.03282049876604074}, "datetime": {"datetime": "2021-09-29 20:56:22", "elapsed": 58.802569, "delta": 0.582331}}
{"target": -59.76113429195562, "params": {"C": 81.91370930322383, "epsilon": 0.5183281058123296, "gamma": 0.023804546590532164}, "datetime": {"datetime": "2021-09-29 20:56:22", "elapsed": 59.426157, "delta": 0.623588}}
{"target": -59.733323821097805, "params": {"C": 25.935008225142653, "epsilon": 1.8625444657561494, "gamma": 0.02582132296038962}, "datetime": {"datetime": "2021-09-29 20:56:23", "elapsed": 60.252156, "delta": 0.825999}}
{"target": -55.89218151943835, "params": {"C": 14.678231378637978, "epsilon": 1.0673353406081858, "gamma": 0.015265719787003503}, "datetime": {"datetime": "2021-09-29 20:56:24", "elapsed": 61.181407, "delta": 0.929251}}
{"target": -55.38445010827696, "params": {"C": 44.81132847658618, "epsilon": 2.6736006001190233, "gamma": 0.006914521201190443}, "datetime": {"datetime": "2021-09-29 20:56:25", "elapsed": 61.978407, "delta": 0.797}}
{"target": -54.52567834723284, "params": {"C": 8.689706963774052, "epsilon": 0.8162740320147069, "gamma": 0.011299237327336382}, "datetime": {"datetime": "2021-09-29 20:56:26", "elapsed": 62.756692, "delta": 0.778285}}
{"target": -58.06212911088555, "params": {"C": 62.37822475205489, "epsilon": 0.8207405295317993, "gamma": 0.015524619657722635}, "datetime": {"datetime": "2021-09-29 20:56:26", "elapsed": 63.410692, "delta": 0.654}}
{"target": -58.600425687709304, "params": {"C": 44.75135202015804, "epsilon": 2.663276927328238, "gamma": 0.017719708895558493}, "datetime": {"datetime": "2021-09-29 20:56:27", "elapsed": 64.318696, "delta": 0.908004}}
{"target": -58.07114073521738, "params": {"C": 66.85196033438778, "epsilon": 2.144271472883868, "gamma": 0.015159659382537034}, "datetime": {"datetime": "2021-09-29 20:56:28", "elapsed": 65.027498, "delta": 0.708802}}
{"target": -56.70085362078989, "params": {"C": 8.662899850565427, "epsilon": 0.7847011108101543, "gamma": 0.02025630105590024}, "datetime": {"datetime": "2021-09-29 20:56:29", "elapsed": 65.664494, "delta": 0.636996}}
{"target": -59.597421460388446, "params": {"C": 43.97104838411319, "epsilon": 0.5727764292888134, "gamma": 0.02459958620740216}, "datetime": {"datetime": "2021-09-29 20:56:29", "elapsed": 66.377497, "delta": 0.713003}}
{"target": -66.01696953769518, "params": {"C": 79.13666132250313, "epsilon": 1.1036609589790602, "gamma": 0.08422671386972956}, "datetime": {"datetime": "2021-09-29 20:56:30", "elapsed": 67.1349, "delta": 0.757403}}
{"target": -56.9779050373852, "params": {"C": 4.752155215982165, "epsilon": 1.8193224597685147, "gamma": 0.008998792268991687}, "datetime": {"datetime": "2021-09-29 20:56:31", "elapsed": 67.782896, "delta": 0.647996}}
{"target": -58.65317590923377, "params": {"C": 47.11634071159679, "epsilon": 0.3289067350871134, "gamma": 0.018374683984038055}, "datetime": {"datetime": "2021-09-29 20:56:32", "elapsed": 68.584254, "delta": 0.801358}}
{"target": -56.181193900923766, "params": {"C": 9.985192169661802, "epsilon": 1.8449163489971179, "gamma": 0.01739070159613299}, "datetime": {"datetime": "2021-09-29 20:56:32", "elapsed": 69.240251, "delta": 0.655997}}
{"target": -57.913080229076165, "params": {"C": 8.712685615017175, "epsilon": 0.7984929588528844, "gamma": 0.02812682554023445}, "datetime": {"datetime": "2021-09-29 20:56:33", "elapsed": 70.149853, "delta": 0.909602}}
{"target": -57.60335415041878, "params": {"C": 50.349701458500405, "epsilon": 1.2516564301177766, "gamma": 0.013259910311042948}, "datetime": {"datetime": "2021-09-29 20:56:34", "elapsed": 70.88409, "delta": 0.734237}}
{"target": -55.5895108523316, "params": {"C": 11.227461751531866, "epsilon": 2.1734800122779467, "gamma": 0.015399496071091654}, "datetime": {"datetime": "2021-09-29 20:56:35", "elapsed": 71.660087, "delta": 0.775997}}
{"target": -61.370957606039575, "params": {"C": 8.705200015810467, "epsilon": 0.780518904305549, "gamma": 0.001644574538528878}, "datetime": {"datetime": "2021-09-29 20:56:36", "elapsed": 72.472327, "delta": 0.81224}}
{"target": -59.53072654717499, "params": {"C": 47.047926650862024, "epsilon": 0.30776035344642405, "gamma": 0.02421833156342465}, "datetime": {"datetime": "2021-09-29 20:56:36", "elapsed": 73.346218, "delta": 0.873891}}
{"target": -62.55694176018602, "params": {"C": 77.23267942617076, "epsilon": 0.8088376484262267, "gamma": 0.051445753871140004}, "datetime": {"datetime": "2021-09-29 20:56:37", "elapsed": 73.966218, "delta": 0.62}}
