{"target": -58.11246198620225, "params": {"C": 128.8635445746061, "epsilon": 2.543839650722121, "gamma": 0.013932885025087856}, "datetime": {"datetime": "2021-09-29 21:25:57", "elapsed": 84.319086, "delta": 0.796415}}
{"target": -58.496714954769146, "params": {"C": 194.5548025226054, "epsilon": 1.9026957021393274, "gamma": 0.009468101795375123}, "datetime": {"datetime": "2021-09-29 21:25:58", "elapsed": 85.005081, "delta": 0.685995}}
{"target": -61.172683655578055, "params": {"C": 128.2467030703864, "epsilon": 1.2358507672705388, "gamma": 0.04727006054264555}, "datetime": {"datetime": "2021-09-29 21:25:59", "elapsed": 85.67122, "delta": 0.666139}}
{"target": -58.37581872072156, "params": {"C": 122.63882372452215, "epsilon": 1.1770766292902264, "gamma": 0.015529115050749538}, "datetime": {"datetime": "2021-09-29 21:26:00", "elapsed": 86.575704, "delta": 0.904484}}
{"target": -61.183280918355756, "params": {"C": 149.52195336206432, "epsilon": 0.8976812111791489, "gamma": 0.031942597735448594}, "datetime": {"datetime": "2021-09-29 21:26:00", "elapsed": 87.276704, "delta": 0.701}}
{"target": -55.88072222528746, "params": {"C": 188.96246280356172, "epsilon": 1.4415323664752138, "gamma": 0.0018198730775683648}, "datetime": {"datetime": "2021-09-29 21:26:01", "elapsed": 88.006702, "delta": 0.729998}}
{"target": -59.01796329332435, "params": {"C": 166.58323505283593, "epsilon": 2.1530573259380983, "gamma": 0.017001943043856674}, "datetime": {"datetime": "2021-09-29 21:26:02", "elapsed": 88.886616, "delta": 0.879914}}
{"target": -55.98719929563778, "params": {"C": 124.3812784248744, "epsilon": 0.11297764610385587, "gamma": 0.0032793186661700816}, "datetime": {"datetime": "2021-09-29 21:26:03", "elapsed": 89.617854, "delta": 0.731238}}
{"target": -56.94314419480661, "params": {"C": 145.19281373624676, "epsilon": 2.4636631457309446, "gamma": 0.006011996712485278}, "datetime": {"datetime": "2021-09-29 21:26:03", "elapsed": 90.381578, "delta": 0.763724}}
{"target": -61.312795222915184, "params": {"C": 133.98303535722422, "epsilon": 2.220564170796571, "gamma": 0.04784751236706897}, "datetime": {"datetime": "2021-09-29 21:26:04", "elapsed": 91.182579, "delta": 0.801001}}
{"target": -62.21843842552117, "params": {"C": 196.8403747560655, "epsilon": 2.9335010449803773, "gamma": 0.04581478413005592}, "datetime": {"datetime": "2021-09-29 21:26:05", "elapsed": 92.062281, "delta": 0.879702}}
{"target": -61.726054495730494, "params": {"C": 170.37104860434084, "epsilon": 2.2499042654256596, "gamma": 0.04610351591713485}, "datetime": {"datetime": "2021-09-29 21:26:06", "elapsed": 92.832278, "delta": 0.769997}}
{"target": -58.97437668162453, "params": {"C": 133.54089413301966, "epsilon": 0.4583023421199124, "gamma": 0.017111876154362042}, "datetime": {"datetime": "2021-09-29 21:26:07", "elapsed": 93.573277, "delta": 0.740999}}
{"target": -57.79297030697457, "params": {"C": 167.06423784251766, "epsilon": 2.3823285614765157, "gamma": 0.008120792173087461}, "datetime": {"datetime": "2021-09-29 21:26:07", "elapsed": 94.304395, "delta": 0.731118}}
{"target": -59.48485655450807, "params": {"C": 110.30959327585262, "epsilon": 2.170329521223728, "gamma": 0.028960240513330023}, "datetime": {"datetime": "2021-09-29 21:26:08", "elapsed": 95.211391, "delta": 0.906996}}
{"target": -57.789187711893554, "params": {"C": 166.55020553117998, "epsilon": 2.154095048195941, "gamma": 0.007090564717555402}, "datetime": {"datetime": "2021-09-29 21:26:09", "elapsed": 96.15908, "delta": 0.947689}}
{"target": -59.06283819174492, "params": {"C": 144.35028739798344, "epsilon": 2.228219779093752, "gamma": 0.016516124376120125}, "datetime": {"datetime": "2021-09-29 21:26:10", "elapsed": 96.910081, "delta": 0.751001}}
{"target": -60.117106533511574, "params": {"C": 148.62017559687473, "epsilon": 2.6604445495225963, "gamma": 0.03014882424578163}, "datetime": {"datetime": "2021-09-29 21:26:11", "elapsed": 97.754082, "delta": 0.844001}}
{"target": -60.772432187149676, "params": {"C": 188.9413435546059, "epsilon": 1.426519842740464, "gamma": 0.02551358206737168}, "datetime": {"datetime": "2021-09-29 21:26:12", "elapsed": 98.742344, "delta": 0.988262}}
{"target": -55.43491897724226, "params": {"C": 112.53533682809777, "epsilon": 1.8962886991010568, "gamma": 0.0009231980230493708}, "datetime": {"datetime": "2021-09-29 21:26:13", "elapsed": 99.667926, "delta": 0.925582}}
{"target": -59.03931755315923, "params": {"C": 166.56948235826326, "epsilon": 2.100268935550198, "gamma": 0.016419940301572747}, "datetime": {"datetime": "2021-09-29 21:26:14", "elapsed": 100.566127, "delta": 0.898201}}
{"target": -61.288939084603655, "params": {"C": 186.0648867650188, "epsilon": 1.7585568898431339, "gamma": 0.02924249702084625}, "datetime": {"datetime": "2021-09-29 21:26:14", "elapsed": 101.407123, "delta": 0.840996}}
{"target": -61.016238695236034, "params": {"C": 112.53778484096814, "epsilon": 1.9168802970836554, "gamma": 0.04575787458083133}, "datetime": {"datetime": "2021-09-29 21:26:15", "elapsed": 102.249469, "delta": 0.842346}}
{"target": -57.964679490264295, "params": {"C": 112.58104058381501, "epsilon": 1.9148750106243133, "gamma": 0.011339677258277411}, "datetime": {"datetime": "2021-09-29 21:26:16", "elapsed": 103.299471, "delta": 1.050002}}
{"target": -59.03282440778794, "params": {"C": 166.55588268163797, "epsilon": 2.133786462364012, "gamma": 0.01634070219715965}, "datetime": {"datetime": "2021-09-29 21:26:18", "elapsed": 104.534367, "delta": 1.234896}}
{"target": -58.263212482457845, "params": {"C": 124.37514660408875, "epsilon": 0.09452894325840601, "gamma": 0.013709256720027763}, "datetime": {"datetime": "2021-09-29 21:26:19", "elapsed": 106.023366, "delta": 1.488999}}
{"target": -61.2924257003018, "params": {"C": 146.55627275299878, "epsilon": 0.2930842680148698, "gamma": 0.03231637401940023}, "datetime": {"datetime": "2021-09-29 21:26:20", "elapsed": 107.040803, "delta": 1.017437}}
{"target": -61.15997547043758, "params": {"C": 149.17555161397257, "epsilon": 0.9705172909880242, "gamma": 0.04229997250080956}, "datetime": {"datetime": "2021-09-29 21:26:21", "elapsed": 107.898803, "delta": 0.858}}
{"target": -63.92264375461296, "params": {"C": 148.4467539817119, "epsilon": 2.7730072131103576, "gamma": 0.0001}, "datetime": {"datetime": "2021-09-29 21:26:22", "elapsed": 109.069019, "delta": 1.170216}}
{"target": -57.2040366512804, "params": {"C": 113.48374411971665, "epsilon": 1.5339718428182851, "gamma": 0.008323751066505548}, "datetime": {"datetime": "2021-09-29 21:26:24", "elapsed": 110.423831, "delta": 1.354812}}
{"target": -60.276023150856936, "params": {"C": 159.815396932245, "epsilon": 1.5538531014021708, "gamma": 0.025436319451588033}, "datetime": {"datetime": "2021-09-29 21:26:24", "elapsed": 111.296835, "delta": 0.873004}}
{"target": -59.49667820870024, "params": {"C": 124.37369893640732, "epsilon": 0.11585004218375529, "gamma": 0.021025796421146752}, "datetime": {"datetime": "2021-09-29 21:26:25", "elapsed": 112.347536, "delta": 1.050701}}
{"target": -61.15247759966243, "params": {"C": 159.47696510780048, "epsilon": 2.567432506600664, "gamma": 0.03711387740333519}, "datetime": {"datetime": "2021-09-29 21:26:26", "elapsed": 113.137539, "delta": 0.790003}}
{"target": -61.02827550658583, "params": {"C": 147.63385749190445, "epsilon": 1.6807353545016783, "gamma": 0.033703982610126984}, "datetime": {"datetime": "2021-09-29 21:26:27", "elapsed": 113.934533, "delta": 0.796994}}
{"target": -60.31645789337161, "params": {"C": 125.84003387788785, "epsilon": 0.6921043335757642, "gamma": 0.027491094301900946}, "datetime": {"datetime": "2021-09-29 21:26:28", "elapsed": 115.017342, "delta": 1.082809}}
{"target": -57.96754155746785, "params": {"C": 121.1433209801534, "epsilon": 0.7848612239275713, "gamma": 0.011209944094525566}, "datetime": {"datetime": "2021-09-29 21:26:29", "elapsed": 116.12134, "delta": 1.103998}}
{"target": -57.7100794145565, "params": {"C": 148.60763599315177, "epsilon": 2.6965968084618903, "gamma": 0.008602986499406112}, "datetime": {"datetime": "2021-09-29 21:26:30", "elapsed": 117.241744, "delta": 1.120404}}
{"target": -61.136777453056666, "params": {"C": 129.10416013851966, "epsilon": 0.902727193455901, "gamma": 0.046005754079755955}, "datetime": {"datetime": "2021-09-29 21:26:31", "elapsed": 118.107745, "delta": 0.866001}}
{"target": -56.79616772087003, "params": {"C": 149.85519999753592, "epsilon": 1.2332041503943878, "gamma": 0.003981949765859182}, "datetime": {"datetime": "2021-09-29 21:26:32", "elapsed": 119.154133, "delta": 1.046388}}
{"target": -60.63659311525268, "params": {"C": 107.82681258551138, "epsilon": 1.2364929705274044, "gamma": 0.03855370391079962}, "datetime": {"datetime": "2021-09-29 21:26:33", "elapsed": 119.995841, "delta": 0.841708}}
{"target": -56.7487897720105, "params": {"C": 152.6660291241908, "epsilon": 1.7597416169479274, "gamma": 0.0038879414881585273}, "datetime": {"datetime": "2021-09-29 21:26:34", "elapsed": 120.95716, "delta": 0.961319}}
{"target": -65.63447031535979, "params": {"C": 112.58744636423198, "epsilon": 0.7528652869539095, "gamma": 0.0001}, "datetime": {"datetime": "2021-09-29 21:26:35", "elapsed": 122.116209, "delta": 1.159049}}
{"target": -55.47904849650541, "params": {"C": 192.8708935016084, "epsilon": 0.39229572486612174, "gamma": 0.0008757480065332947}, "datetime": {"datetime": "2021-09-29 21:26:36", "elapsed": 122.99184, "delta": 0.875631}}
{"target": -59.32225801902098, "params": {"C": 166.9099645412574, "epsilon": 1.598625621234893, "gamma": 0.019182998239776115}, "datetime": {"datetime": "2021-09-29 21:26:37", "elapsed": 123.882844, "delta": 0.891004}}
{"target": -59.35517573038705, "params": {"C": 192.53302145216702, "epsilon": 0.5680516127093954, "gamma": 0.014354204366030073}, "datetime": {"datetime": "2021-09-29 21:26:38", "elapsed": 124.754081, "delta": 0.871237}}
{"target": -57.95684276419665, "params": {"C": 109.07051486669245, "epsilon": 1.8483856690370981, "gamma": 0.014075138586024959}, "datetime": {"datetime": "2021-09-29 21:26:39", "elapsed": 125.964081, "delta": 1.21}}
{"target": -57.808312776306295, "params": {"C": 101.18908400563244, "epsilon": 2.7699848265078932, "gamma": 0.014032636665670058}, "datetime": {"datetime": "2021-09-29 21:26:40", "elapsed": 127.29931, "delta": 1.335229}}
{"target": -58.50186782353833, "params": {"C": 194.76043945818355, "epsilon": 2.4486823492497116, "gamma": 0.011024014187582115}, "datetime": {"datetime": "2021-09-29 21:26:41", "elapsed": 128.259427, "delta": 0.960117}}
{"target": -56.85110114153296, "params": {"C": 199.89520598982222, "epsilon": 0.08806606176867941, "gamma": 0.004598032279772967}, "datetime": {"datetime": "2021-09-29 21:26:42", "elapsed": 129.320246, "delta": 1.060819}}
{"target": -57.7130724511852, "params": {"C": 177.8248402593043, "epsilon": 1.3738823576897299, "gamma": 0.006986826161486955}, "datetime": {"datetime": "2021-09-29 21:26:43", "elapsed": 130.221034, "delta": 0.900788}}
{"target": -61.21124546283797, "params": {"C": 125.48258755838755, "epsilon": 1.7429587294066236, "gamma": 0.04723452974714911}, "datetime": {"datetime": "2021-09-29 21:26:44", "elapsed": 131.100033, "delta": 0.878999}}
{"target": -57.243564183315485, "params": {"C": 110.32719598661444, "epsilon": 2.1862476083673403, "gamma": 0.00878527852054033}, "datetime": {"datetime": "2021-09-29 21:26:45", "elapsed": 132.169556, "delta": 1.069523}}
{"target": -57.70345793719069, "params": {"C": 159.94898837644666, "epsilon": 1.980375266518274, "gamma": 0.008031781030255324}, "datetime": {"datetime": "2021-09-29 21:26:46", "elapsed": 133.099946, "delta": 0.93039}}
{"target": -57.82110013962078, "params": {"C": 101.14381603983279, "epsilon": 2.763866809498346, "gamma": 0.0005218488329989824}, "datetime": {"datetime": "2021-09-29 21:26:47", "elapsed": 134.318679, "delta": 1.218733}}
{"target": -56.21284704341407, "params": {"C": 100.8108027700433, "epsilon": 0.46747054406699756, "gamma": 0.005560041676839547}, "datetime": {"datetime": "2021-09-29 21:26:48", "elapsed": 135.376676, "delta": 1.057997}}
{"target": -59.50722548223004, "params": {"C": 147.20662421277274, "epsilon": 2.4450643823934177, "gamma": 0.025299248054556692}, "datetime": {"datetime": "2021-09-29 21:26:50", "elapsed": 136.418308, "delta": 1.041632}}
{"target": -58.78594543078152, "params": {"C": 181.76634856888697, "epsilon": 0.5805591363413245, "gamma": 0.011698295089517013}, "datetime": {"datetime": "2021-09-29 21:26:51", "elapsed": 137.505307, "delta": 1.086999}}
{"target": -58.31993766605944, "params": {"C": 168.1933179289727, "epsilon": 1.2883837120748574, "gamma": 0.00979842788757689}, "datetime": {"datetime": "2021-09-29 21:26:52", "elapsed": 138.435436, "delta": 0.930129}}
{"target": -61.17307755102869, "params": {"C": 193.88821422109362, "epsilon": 1.30215042614403, "gamma": 0.03671514586156279}, "datetime": {"datetime": "2021-09-29 21:26:52", "elapsed": 139.400038, "delta": 0.964602}}
{"target": -60.5939558263631, "params": {"C": 161.31182768047753, "epsilon": 1.4713585404134089, "gamma": 0.028023866187534902}, "datetime": {"datetime": "2021-09-29 21:26:53", "elapsed": 140.404914, "delta": 1.004876}}
{"target": -59.61106874408224, "params": {"C": 140.32723686305076, "epsilon": 2.1688931743236597, "gamma": 0.02487012205104551}, "datetime": {"datetime": "2021-09-29 21:26:55", "elapsed": 141.461912, "delta": 1.056998}}
{"target": -60.158831679843395, "params": {"C": 149.86112830988094, "epsilon": 1.2297586034383354, "gamma": 0.024274941930771097}, "datetime": {"datetime": "2021-09-29 21:26:56", "elapsed": 143.286097, "delta": 1.824185}}
{"target": -56.9435108626019, "params": {"C": 194.76679477529996, "epsilon": 2.4475157075576393, "gamma": 0.00391272648453673}, "datetime": {"datetime": "2021-09-29 21:26:57", "elapsed": 144.234097, "delta": 0.948}}
{"target": -58.492047013015416, "params": {"C": 196.83969911759036, "epsilon": 2.940372866268048, "gamma": 0.009850375524930522}, "datetime": {"datetime": "2021-09-29 21:26:59", "elapsed": 145.446279, "delta": 1.212182}}
{"target": -57.48070792893949, "params": {"C": 106.3451191075485, "epsilon": 2.8164426665473057, "gamma": 0.010550137144708874}, "datetime": {"datetime": "2021-09-29 21:27:00", "elapsed": 146.447038, "delta": 1.000759}}
{"target": -54.98438394059685, "params": {"C": 113.24086263785975, "epsilon": 1.3340017276162102, "gamma": 0.0014075748225443592}, "datetime": {"datetime": "2021-09-29 21:27:01", "elapsed": 147.555912, "delta": 1.108874}}
{"target": -57.49701402998015, "params": {"C": 177.61437034313087, "epsilon": 2.5336764338283375, "gamma": 0.006218276002908141}, "datetime": {"datetime": "2021-09-29 21:27:02", "elapsed": 148.922385, "delta": 1.366473}}
{"target": -58.842049239897555, "params": {"C": 138.29228830836772, "epsilon": 2.8077461639853274, "gamma": 0.017835489276548124}, "datetime": {"datetime": "2021-09-29 21:27:03", "elapsed": 149.975384, "delta": 1.052999}}
{"target": -58.54256728005207, "params": {"C": 109.0870257908118, "epsilon": 1.8509762486262795, "gamma": 0.01744494116386416}, "datetime": {"datetime": "2021-09-29 21:27:04", "elapsed": 151.365577, "delta": 1.390193}}
{"target": -57.782978080164874, "params": {"C": 122.6127573836385, "epsilon": 1.2025304340027183, "gamma": 0.009725724079985018}, "datetime": {"datetime": "2021-09-29 21:27:06", "elapsed": 152.788721, "delta": 1.423144}}
{"target": -58.902871203624976, "params": {"C": 177.60668169562544, "epsilon": 2.5479115867829787, "gamma": 0.01541350978117474}, "datetime": {"datetime": "2021-09-29 21:27:07", "elapsed": 153.87972, "delta": 1.090999}}
{"target": -58.92896895742153, "params": {"C": 106.70470129015328, "epsilon": 2.4801001614887825, "gamma": 0.019999000393421215}, "datetime": {"datetime": "2021-09-29 21:27:08", "elapsed": 155.006943, "delta": 1.127223}}
{"target": -61.22848911799813, "params": {"C": 180.2630382443868, "epsilon": 2.371036509557827, "gamma": 0.03633635605653922}, "datetime": {"datetime": "2021-09-29 21:27:09", "elapsed": 155.997937, "delta": 0.990994}}
{"target": -56.883074755624854, "params": {"C": 103.80488539746062, "epsilon": 1.7968675904875415, "gamma": 0.007058070325125606}, "datetime": {"datetime": "2021-09-29 21:27:10", "elapsed": 157.066079, "delta": 1.068142}}
{"target": -58.69972052640323, "params": {"C": 128.89956955619397, "epsilon": 2.564109615794902, "gamma": 0.016390798270113496}, "datetime": {"datetime": "2021-09-29 21:27:11", "elapsed": 158.334734, "delta": 1.268655}}
{"target": -59.862978809220834, "params": {"C": 199.90894111529965, "epsilon": 0.08294622556244238, "gamma": 0.014874839339112466}, "datetime": {"datetime": "2021-09-29 21:27:13", "elapsed": 159.720518, "delta": 1.385784}}
{"target": -59.933333506278565, "params": {"C": 124.23300017648592, "epsilon": 1.5058926582866703, "gamma": 0.026385146378132128}, "datetime": {"datetime": "2021-09-29 21:27:14", "elapsed": 160.953053, "delta": 1.232535}}
{"target": -58.35498092057886, "params": {"C": 143.2492734983837, "epsilon": 1.7069805015600839, "gamma": 0.01364538788562076}, "datetime": {"datetime": "2021-09-29 21:27:15", "elapsed": 161.940054, "delta": 0.987001}}
{"target": -58.00381327837763, "params": {"C": 127.37655805079875, "epsilon": 0.005911889004727294, "gamma": 0.01103586227879609}, "datetime": {"datetime": "2021-09-29 21:27:16", "elapsed": 162.904197, "delta": 0.964143}}
{"target": -58.908226484125315, "params": {"C": 102.37303973551771, "epsilon": 2.2277880488861346, "gamma": 0.022477781911119064}, "datetime": {"datetime": "2021-09-29 21:27:17", "elapsed": 164.333791, "delta": 1.429594}}
{"target": -59.10672074892545, "params": {"C": 180.3122656862666, "epsilon": 1.3102442891756878, "gamma": 0.015199481571150641}, "datetime": {"datetime": "2021-09-29 21:27:19", "elapsed": 165.658089, "delta": 1.324298}}
{"target": -59.02343142203668, "params": {"C": 111.24409738762216, "epsilon": 1.0505120614769798, "gamma": 0.019997847049695115}, "datetime": {"datetime": "2021-09-29 21:27:20", "elapsed": 166.846407, "delta": 1.188318}}
{"target": -58.847325475772784, "params": {"C": 112.5663943721098, "epsilon": 0.7628131477902504, "gamma": 0.018942995906766635}, "datetime": {"datetime": "2021-09-29 21:27:21", "elapsed": 168.367937, "delta": 1.52153}}
{"target": -58.27177144399005, "params": {"C": 199.89239854172752, "epsilon": 0.11450427775880037, "gamma": 0.007005228204650758}, "datetime": {"datetime": "2021-09-29 21:27:23", "elapsed": 169.519355, "delta": 1.151418}}
{"target": -56.82750850783128, "params": {"C": 111.24213131512245, "epsilon": 1.0572056361684026, "gamma": 0.007224610431379313}, "datetime": {"datetime": "2021-09-29 21:27:24", "elapsed": 170.611981, "delta": 1.092626}}
{"target": -57.654218843334725, "params": {"C": 112.59533064824066, "epsilon": 1.8893560248434873, "gamma": 0.009970132255982485}, "datetime": {"datetime": "2021-09-29 21:27:25", "elapsed": 171.882982, "delta": 1.271001}}
{"target": -59.6802012089071, "params": {"C": 163.7017618482706, "epsilon": 1.3586217609876716, "gamma": 0.020315664249511624}, "datetime": {"datetime": "2021-09-29 21:27:26", "elapsed": 172.95756, "delta": 1.074578}}
{"target": -55.35358177890832, "params": {"C": 110.00119760680764, "epsilon": 1.541499851408484, "gamma": 0.0012235611516906873}, "datetime": {"datetime": "2021-09-29 21:27:27", "elapsed": 173.935551, "delta": 0.977991}}
{"target": -61.28820264444634, "params": {"C": 195.78391033379833, "epsilon": 2.4206707895076103, "gamma": 0.03137445117481693}, "datetime": {"datetime": "2021-09-29 21:27:28", "elapsed": 175.026474, "delta": 1.090923}}
{"target": -61.81251255766288, "params": {"C": 197.82300844588394, "epsilon": 1.2369986386141127, "gamma": 0.0419602666961969}, "datetime": {"datetime": "2021-09-29 21:27:29", "elapsed": 176.063478, "delta": 1.037004}}
{"target": -61.35540032648087, "params": {"C": 186.80827112652457, "epsilon": 2.0531412145788903, "gamma": 0.032002239045346555}, "datetime": {"datetime": "2021-09-29 21:27:30", "elapsed": 177.103629, "delta": 1.040151}}
{"target": -58.30868189043896, "params": {"C": 149.92763274483846, "epsilon": 1.6856467414076397, "gamma": 0.01126710568768863}, "datetime": {"datetime": "2021-09-29 21:27:31", "elapsed": 178.119625, "delta": 1.015996}}
{"target": -58.43553936175767, "params": {"C": 171.86112454165445, "epsilon": 1.923897075806904, "gamma": 0.0002696239955933889}, "datetime": {"datetime": "2021-09-29 21:27:32", "elapsed": 179.235889, "delta": 1.116264}}
{"target": -60.71366712715637, "params": {"C": 148.13840090503356, "epsilon": 0.006353635997356216, "gamma": 0.024955766000551348}, "datetime": {"datetime": "2021-09-29 21:27:33", "elapsed": 180.271002, "delta": 1.035113}}
{"target": -59.622223720044076, "params": {"C": 164.99400156843262, "epsilon": 2.487279560695394, "gamma": 0.023897454489369648}, "datetime": {"datetime": "2021-09-29 21:27:35", "elapsed": 182.057154, "delta": 1.786152}}
{"target": -61.15537812616378, "params": {"C": 152.90840394382988, "epsilon": 1.3416025023104956, "gamma": 0.032308970229969855}, "datetime": {"datetime": "2021-09-29 21:27:36", "elapsed": 183.253464, "delta": 1.19631}}
{"target": -55.752654807174714, "params": {"C": 196.8491103426641, "epsilon": 2.931468687232795, "gamma": 0.0013854020571069843}, "datetime": {"datetime": "2021-09-29 21:27:38", "elapsed": 184.473649, "delta": 1.220185}}
{"target": -58.38128079736352, "params": {"C": 112.52127833814384, "epsilon": 1.8802237629830962, "gamma": 0.016296437119161004}, "datetime": {"datetime": "2021-09-29 21:27:39", "elapsed": 185.94465, "delta": 1.471001}}
{"target": -61.18358746720916, "params": {"C": 178.28094077650303, "epsilon": 1.913083625869739, "gamma": 0.036189869325772756}, "datetime": {"datetime": "2021-09-29 21:27:40", "elapsed": 187.018436, "delta": 1.073786}}
{"target": -61.422112928787485, "params": {"C": 129.5749078426307, "epsilon": 2.8679405947844248, "gamma": 0.04897876134543054}, "datetime": {"datetime": "2021-09-29 21:27:41", "elapsed": 188.061433, "delta": 1.042997}}
