{"target": -57.14237755404221, "params": {"C": 299.8839500861379, "epsilon": 0.10926742975760925, "gamma": 0.003372824045998259}, "datetime": {"datetime": "2021-09-29 21:55:27", "elapsed": 347.100445, "delta": 1.962848}}
{"target": -57.97892206500652, "params": {"C": 212.54355143849145, "epsilon": 1.9192043981755713, "gamma": 0.0070225999350096375}, "datetime": {"datetime": "2021-09-29 21:55:31", "elapsed": 350.195745, "delta": 3.0953}}
{"target": -56.46422638875641, "params": {"C": 259.95147086532415, "epsilon": 2.0194223961713544, "gamma": 0.0018003461299032463}, "datetime": {"datetime": "2021-09-29 21:55:33", "elapsed": 352.232971, "delta": 2.037226}}
{"target": -56.39722436738129, "params": {"C": 236.4304676934837, "epsilon": 1.7895062665022443, "gamma": 0.001964475399836735}, "datetime": {"datetime": "2021-09-29 21:55:35", "elapsed": 354.472847, "delta": 2.239876}}
{"target": -60.09736933723081, "params": {"C": 261.82207842274175, "epsilon": 0.0803632164710174, "gamma": 0.014269285127137035}, "datetime": {"datetime": "2021-09-29 21:55:37", "elapsed": 356.136907, "delta": 1.66406}}
{"target": -57.81623513969011, "params": {"C": 226.83803196389337, "epsilon": 2.5038595244139117, "gamma": 0.0059034668313405906}, "datetime": {"datetime": "2021-09-29 21:55:38", "elapsed": 357.857307, "delta": 1.7204}}
{"target": -59.15819975759995, "params": {"C": 258.7161867905976, "epsilon": 2.9651516960266213, "gamma": 0.01162646402454481}, "datetime": {"datetime": "2021-09-29 21:55:40", "elapsed": 359.674673, "delta": 1.817366}}
{"target": -58.4864948705868, "params": {"C": 254.64615164444123, "epsilon": 2.306114769028757, "gamma": 0.0071406977194499}, "datetime": {"datetime": "2021-09-29 21:55:42", "elapsed": 361.505978, "delta": 1.831305}}
{"target": -58.24517605734035, "params": {"C": 201.9069845245682, "epsilon": 2.0330275388845696, "gamma": 0.00798282524339803}, "datetime": {"datetime": "2021-09-29 21:55:45", "elapsed": 364.360364, "delta": 2.854386}}
{"target": -59.63306890506925, "params": {"C": 236.8896660922388, "epsilon": 0.9062932395482663, "gamma": 0.01483433209460855}, "datetime": {"datetime": "2021-09-29 21:55:47", "elapsed": 366.195939, "delta": 1.835575}}
{"target": -57.488243126209106, "params": {"C": 224.09052814876318, "epsilon": 2.6255320200146572, "gamma": 0.00549350095404541}, "datetime": {"datetime": "2021-09-29 21:55:48", "elapsed": 367.938826, "delta": 1.742887}}
{"target": -58.57412624596784, "params": {"C": 224.22582624733963, "epsilon": 1.4807923148702733, "gamma": 0.009037343100605966}, "datetime": {"datetime": "2021-09-29 21:55:51", "elapsed": 370.52589, "delta": 2.587064}}
{"target": -57.031753113783154, "params": {"C": 286.41401949912404, "epsilon": 0.6644087050927031, "gamma": 0.0035431289284704164}, "datetime": {"datetime": "2021-09-29 21:55:54", "elapsed": 373.327634, "delta": 2.801744}}
{"target": -59.28564536196392, "params": {"C": 222.6206630752937, "epsilon": 1.2078954907763095, "gamma": 0.013616908236282482}, "datetime": {"datetime": "2021-09-29 21:55:56", "elapsed": 376.003915, "delta": 2.676281}}
{"target": -59.83514417328082, "params": {"C": 202.413737091785, "epsilon": 1.3704145723210877, "gamma": 0.01822217998500375}, "datetime": {"datetime": "2021-09-29 21:55:58", "elapsed": 377.964557, "delta": 1.960642}}
{"target": -59.05510720436057, "params": {"C": 233.54338958775136, "epsilon": 0.4405221931445519, "gamma": 0.010944635264957535}, "datetime": {"datetime": "2021-09-29 21:56:01", "elapsed": 380.451116, "delta": 2.486559}}
{"target": -58.427940914470845, "params": {"C": 244.26161589939449, "epsilon": 2.7093747540229742, "gamma": 0.007320911652624458}, "datetime": {"datetime": "2021-09-29 21:56:03", "elapsed": 382.925958, "delta": 2.474842}}
{"target": -58.4319477785172, "params": {"C": 201.17068445135465, "epsilon": 2.754908330474294, "gamma": 0.00940316579306973}, "datetime": {"datetime": "2021-09-29 21:56:06", "elapsed": 385.717833, "delta": 2.791875}}
{"target": -59.216061669925324, "params": {"C": 228.89994821267112, "epsilon": 2.5507465444970596, "gamma": 0.011855586556304943}, "datetime": {"datetime": "2021-09-29 21:56:09", "elapsed": 388.486694, "delta": 2.768861}}
{"target": -57.127779200406636, "params": {"C": 249.55416955150585, "epsilon": 2.6162105912085103, "gamma": 0.00340113904607699}, "datetime": {"datetime": "2021-09-29 21:56:12", "elapsed": 391.736024, "delta": 3.24933}}
{"target": -58.25531579381017, "params": {"C": 296.44416015498547, "epsilon": 1.1781897887535222, "gamma": 0.0059472648350079255}, "datetime": {"datetime": "2021-09-29 21:56:14", "elapsed": 393.733158, "delta": 1.997134}}
{"target": -57.92197423959876, "params": {"C": 248.64734853636833, "epsilon": 2.6847783892038506, "gamma": 0.006303956138216826}, "datetime": {"datetime": "2021-09-29 21:56:17", "elapsed": 396.405856, "delta": 2.672698}}
{"target": -56.95983601885932, "params": {"C": 283.09271328278754, "epsilon": 0.03373234200332057, "gamma": 0.0032511007263151376}, "datetime": {"datetime": "2021-09-29 21:56:19", "elapsed": 398.521022, "delta": 2.115166}}
{"target": -59.69548855303546, "params": {"C": 257.8450337755713, "epsilon": 1.6660598906548354, "gamma": 0.01556650838971565}, "datetime": {"datetime": "2021-09-29 21:56:21", "elapsed": 400.616297, "delta": 2.095275}}
{"target": -59.38133846097593, "params": {"C": 236.72729580988602, "epsilon": 2.5214890308276208, "gamma": 0.01663979480270798}, "datetime": {"datetime": "2021-09-29 21:56:23", "elapsed": 402.795929, "delta": 2.179632}}
{"target": -58.3837500076946, "params": {"C": 200.8213752861984, "epsilon": 0.45416974313539576, "gamma": 0.0002237654131474548}, "datetime": {"datetime": "2021-09-29 21:56:26", "elapsed": 405.372107, "delta": 2.576178}}
{"target": -59.934813512485874, "params": {"C": 211.3848009646835, "epsilon": 2.091804692306545, "gamma": 0.01975530921623199}, "datetime": {"datetime": "2021-09-29 21:56:28", "elapsed": 407.288324, "delta": 1.916217}}
{"target": -56.9205231135389, "params": {"C": 272.7905174273726, "epsilon": 0.15938415588508956, "gamma": 0.00023643074719489101}, "datetime": {"datetime": "2021-09-29 21:56:30", "elapsed": 409.600633, "delta": 2.312309}}
{"target": -59.28619019515208, "params": {"C": 268.2022596461442, "epsilon": 1.2892099632313816, "gamma": 0.010055070289309671}, "datetime": {"datetime": "2021-09-29 21:56:32", "elapsed": 411.986434, "delta": 2.385801}}
{"target": -56.97713950090333, "params": {"C": 253.92492200398846, "epsilon": 1.456948412238384, "gamma": 0.0032289295371637746}, "datetime": {"datetime": "2021-09-29 21:56:35", "elapsed": 414.160619, "delta": 2.174185}}
{"target": -58.54978018816638, "params": {"C": 225.2065216633436, "epsilon": 1.8190042303586293, "gamma": 0.008737703870172111}, "datetime": {"datetime": "2021-09-29 21:56:37", "elapsed": 416.953663, "delta": 2.793044}}
{"target": -59.39454497072186, "params": {"C": 289.90131479599427, "epsilon": 1.71809914708737, "gamma": 0.00976138157025938}, "datetime": {"datetime": "2021-09-29 21:56:39", "elapsed": 418.994763, "delta": 2.0411}}
{"target": -60.44709481899713, "params": {"C": 272.79175238029416, "epsilon": 0.15611401481165793, "gamma": 0.015474501530306807}, "datetime": {"datetime": "2021-09-29 21:56:42", "elapsed": 421.33029, "delta": 2.335527}}
{"target": -57.314628176713846, "params": {"C": 283.43506581518113, "epsilon": 2.1833215707649805, "gamma": 0.0035740529906284893}, "datetime": {"datetime": "2021-09-29 21:56:44", "elapsed": 423.385788, "delta": 2.055498}}
{"target": -56.82302444430648, "params": {"C": 243.40061904531046, "epsilon": 0.560000383758015, "gamma": 0.0027829570287639144}, "datetime": {"datetime": "2021-09-29 21:56:49", "elapsed": 429.010195, "delta": 5.624407}}
{"target": -55.36999292864524, "params": {"C": 226.7098719839238, "epsilon": 0.7948857010115683, "gamma": 0.0006523821090490318}, "datetime": {"datetime": "2021-09-29 21:56:52", "elapsed": 431.137467, "delta": 2.127272}}
{"target": -56.96758904965087, "params": {"C": 203.78719173331936, "epsilon": 1.8038147514906955, "gamma": 0.004056361245492465}, "datetime": {"datetime": "2021-09-29 21:56:55", "elapsed": 434.184015, "delta": 3.046548}}
{"target": -57.30691028628089, "params": {"C": 216.27021098211438, "epsilon": 1.7940251153687548, "gamma": 0.00448459414509685}, "datetime": {"datetime": "2021-09-29 21:56:57", "elapsed": 436.270356, "delta": 2.086341}}
{"target": -58.88338085633414, "params": {"C": 230.71676935792505, "epsilon": 2.6604389191539894, "gamma": 0.01084751553712965}, "datetime": {"datetime": "2021-09-29 21:56:59", "elapsed": 438.79985, "delta": 2.529494}}
{"target": -59.649831105420894, "params": {"C": 218.9261585632391, "epsilon": 0.016719968700534202, "gamma": 0.013433739169386184}, "datetime": {"datetime": "2021-09-29 21:57:01", "elapsed": 440.862365, "delta": 2.062515}}
{"target": -58.45153951748533, "params": {"C": 207.7424696352591, "epsilon": 0.8129429304967826, "gamma": 0.007807232013659098}, "datetime": {"datetime": "2021-09-29 21:57:04", "elapsed": 443.282318, "delta": 2.419953}}
{"target": -59.39124826651692, "params": {"C": 233.374000728057, "epsilon": 2.4181446825664947, "gamma": 0.016961697520644657}, "datetime": {"datetime": "2021-09-29 21:57:06", "elapsed": 445.496317, "delta": 2.213999}}
{"target": -57.50220558659331, "params": {"C": 210.15816026854867, "epsilon": 0.1901698884048717, "gamma": 0.005697474792496379}, "datetime": {"datetime": "2021-09-29 21:57:08", "elapsed": 447.564321, "delta": 2.068004}}
{"target": -59.60593667909849, "params": {"C": 212.68239204106425, "epsilon": 1.0688082559509406, "gamma": 0.016392943247368685}, "datetime": {"datetime": "2021-09-29 21:57:10", "elapsed": 449.621925, "delta": 2.057604}}
{"target": -58.30985708308079, "params": {"C": 224.21103007924586, "epsilon": 1.4960130353916685, "gamma": 0.0071519691877896426}, "datetime": {"datetime": "2021-09-29 21:57:13", "elapsed": 452.499886, "delta": 2.877961}}
{"target": -58.9709305285838, "params": {"C": 243.3870543280276, "epsilon": 0.550332590277239, "gamma": 0.009927394842987367}, "datetime": {"datetime": "2021-09-29 21:57:16", "elapsed": 455.52629, "delta": 3.026404}}
{"target": -57.560519526754874, "params": {"C": 248.43338763698566, "epsilon": 2.778612235960925, "gamma": 0.0053975413881861}, "datetime": {"datetime": "2021-09-29 21:57:19", "elapsed": 458.92786, "delta": 3.40157}}
{"target": -59.1159728880423, "params": {"C": 241.0573136360211, "epsilon": 2.8889763626214657, "gamma": 0.012288545676954423}, "datetime": {"datetime": "2021-09-29 21:57:21", "elapsed": 461.018174, "delta": 2.090314}}
{"target": -59.119879488846, "params": {"C": 207.75986441473304, "epsilon": 0.7978711206491558, "gamma": 0.012446455886666489}, "datetime": {"datetime": "2021-09-29 21:57:24", "elapsed": 463.715257, "delta": 2.697083}}
{"target": -56.23923443531579, "params": {"C": 268.2095859164116, "epsilon": 1.2912540007453914, "gamma": 0.0016024548066777972}, "datetime": {"datetime": "2021-09-29 21:57:27", "elapsed": 466.636533, "delta": 2.921276}}
{"target": -58.67487474287173, "params": {"C": 248.63719116173098, "epsilon": 2.6872110284834374, "gamma": 0.009686564092782709}, "datetime": {"datetime": "2021-09-29 21:57:30", "elapsed": 469.62018, "delta": 2.983647}}
{"target": -58.428501846504766, "params": {"C": 210.32907061559914, "epsilon": 2.1650887247787614, "gamma": 0.00960338249488761}, "datetime": {"datetime": "2021-09-29 21:57:33", "elapsed": 472.235045, "delta": 2.614865}}
{"target": -57.898686822341006, "params": {"C": 220.3725878799456, "epsilon": 2.3303562028767137, "gamma": 0.006633635490425769}, "datetime": {"datetime": "2021-09-29 21:57:36", "elapsed": 475.340006, "delta": 3.104961}}
{"target": -59.086253723413705, "params": {"C": 251.97246617363768, "epsilon": 2.803619618010101, "gamma": 0.012373765876745286}, "datetime": {"datetime": "2021-09-29 21:57:38", "elapsed": 477.567545, "delta": 2.227539}}
{"target": -58.57694653855254, "params": {"C": 224.39807167784795, "epsilon": 0.11062278764691016, "gamma": 0.007246728823449938}, "datetime": {"datetime": "2021-09-29 21:57:41", "elapsed": 480.286168, "delta": 2.718623}}
{"target": -59.51537169085361, "params": {"C": 285.8433375793666, "epsilon": 0.17087666655427589, "gamma": 0.010817174161045533}, "datetime": {"datetime": "2021-09-29 21:57:43", "elapsed": 482.490514, "delta": 2.204346}}
{"target": -57.81554208895876, "params": {"C": 286.42108417805724, "epsilon": 0.6808164254899634, "gamma": 0.0047924883925465145}, "datetime": {"datetime": "2021-09-29 21:57:46", "elapsed": 485.399897, "delta": 2.909383}}
{"target": -58.88243869633649, "params": {"C": 246.5249344919984, "epsilon": 0.3072962356863808, "gamma": 0.008929091064333537}, "datetime": {"datetime": "2021-09-29 21:57:50", "elapsed": 489.367944, "delta": 3.968047}}
{"target": -57.92638598707567, "params": {"C": 259.95378337215965, "epsilon": 1.9652221709842765, "gamma": 0.005361296106048116}, "datetime": {"datetime": "2021-09-29 21:57:53", "elapsed": 492.221568, "delta": 2.853624}}
{"target": -56.022968546922, "params": {"C": 277.5872735131657, "epsilon": 2.5256062565872117, "gamma": 0.0010360888860261952}, "datetime": {"datetime": "2021-09-29 21:57:56", "elapsed": 495.123765, "delta": 2.902197}}
{"target": -59.40666646758407, "params": {"C": 247.0829569386936, "epsilon": 2.412729027854214, "gamma": 0.015799719132293062}, "datetime": {"datetime": "2021-09-29 21:57:58", "elapsed": 497.174346, "delta": 2.050581}}
{"target": -57.39284840858423, "params": {"C": 244.2465033228187, "epsilon": 2.6969233990690387, "gamma": 0.004250309152358118}, "datetime": {"datetime": "2021-09-29 21:58:00", "elapsed": 499.935694, "delta": 2.761348}}
{"target": -55.59493335763991, "params": {"C": 201.16871194712888, "epsilon": 2.772172252282007, "gamma": 0.001295514282401721}, "datetime": {"datetime": "2021-09-29 21:58:04", "elapsed": 503.181154, "delta": 3.24546}}
{"target": -58.25607446124111, "params": {"C": 286.0543716714732, "epsilon": 1.7267477894570882, "gamma": 0.005854094674072459}, "datetime": {"datetime": "2021-09-29 21:58:07", "elapsed": 506.591453, "delta": 3.410299}}
{"target": -58.09587166244863, "params": {"C": 201.18565850818416, "epsilon": 2.776994601158588, "gamma": 0.0077237593190185305}, "datetime": {"datetime": "2021-09-29 21:58:10", "elapsed": 509.319615, "delta": 2.728162}}
{"target": -56.86116790625131, "params": {"C": 255.51590119221115, "epsilon": 1.0804596480381417, "gamma": 0.002745798035275473}, "datetime": {"datetime": "2021-09-29 21:58:12", "elapsed": 511.514399, "delta": 2.194784}}
{"target": -59.23469784197846, "params": {"C": 247.01448128499976, "epsilon": 1.6124970400655914, "gamma": 0.013726145065820273}, "datetime": {"datetime": "2021-09-29 21:58:15", "elapsed": 514.417749, "delta": 2.90335}}
{"target": -58.91490489004987, "params": {"C": 234.7554345518581, "epsilon": 2.6613347968693444, "gamma": 0.010803416733714757}, "datetime": {"datetime": "2021-09-29 21:58:17", "elapsed": 516.63006, "delta": 2.212311}}
{"target": -60.959772231401466, "params": {"C": 249.8587020828698, "epsilon": 1.2749632798987498, "gamma": 0.01974417370243107}, "datetime": {"datetime": "2021-09-29 21:58:19", "elapsed": 518.900339, "delta": 2.270279}}
{"target": -58.81352574907485, "params": {"C": 207.3362006575656, "epsilon": 0.9935938469018073, "gamma": 0.01082146691905091}, "datetime": {"datetime": "2021-09-29 21:58:22", "elapsed": 521.190256, "delta": 2.289917}}
{"target": -54.90041954604854, "params": {"C": 266.5506398214488, "epsilon": 2.1706563510046837, "gamma": 0.00066389556035307}, "datetime": {"datetime": "2021-09-29 21:58:25", "elapsed": 524.133371, "delta": 2.943115}}
{"target": -61.16458081946761, "params": {"C": 275.3667550452676, "epsilon": 0.7693316133895837, "gamma": 0.019302663283322596}, "datetime": {"datetime": "2021-09-29 21:58:27", "elapsed": 526.613963, "delta": 2.480592}}
{"target": -56.01133825210398, "params": {"C": 210.32015866334297, "epsilon": 2.1981226224263573, "gamma": 0.0003850348532172667}, "datetime": {"datetime": "2021-09-29 21:58:30", "elapsed": 529.719324, "delta": 3.105361}}
{"target": -58.003770867005244, "params": {"C": 296.54505049850815, "epsilon": 1.8972895869538797, "gamma": 0.005041945121971175}, "datetime": {"datetime": "2021-09-29 21:58:33", "elapsed": 532.893409, "delta": 3.174085}}
{"target": -59.28738396575957, "params": {"C": 296.8432719233433, "epsilon": 2.9386574773088388, "gamma": 0.012843945473493481}, "datetime": {"datetime": "2021-09-29 21:58:37", "elapsed": 536.760491, "delta": 3.867082}}
{"target": -57.145401822591815, "params": {"C": 213.22853303133678, "epsilon": 1.3264466726248074, "gamma": 0.004425450868664692}, "datetime": {"datetime": "2021-09-29 21:58:40", "elapsed": 539.818758, "delta": 3.058267}}
{"target": -58.88633078021386, "params": {"C": 200.80680967016005, "epsilon": 0.47426038934313947, "gamma": 0.011650123232563472}, "datetime": {"datetime": "2021-09-29 21:58:44", "elapsed": 543.19058, "delta": 3.371822}}
{"target": -59.187740667779586, "params": {"C": 213.45515383939602, "epsilon": 1.5531883466306333, "gamma": 0.01432787547590074}, "datetime": {"datetime": "2021-09-29 21:58:46", "elapsed": 545.702774, "delta": 2.512194}}
{"target": -59.216693801831475, "params": {"C": 294.76986584301517, "epsilon": 2.443565321594675, "gamma": 0.011062804851078634}, "datetime": {"datetime": "2021-09-29 21:58:49", "elapsed": 548.455856, "delta": 2.753082}}
{"target": -60.06819329047899, "params": {"C": 215.74873178893972, "epsilon": 0.4563283959310349, "gamma": 0.01716932697712668}, "datetime": {"datetime": "2021-09-29 21:58:51", "elapsed": 550.421358, "delta": 1.965502}}
{"target": -59.399325394857115, "params": {"C": 286.77045593364306, "epsilon": 2.8558237285540584, "gamma": 0.01387442692513042}, "datetime": {"datetime": "2021-09-29 21:58:53", "elapsed": 552.808461, "delta": 2.387103}}
{"target": -58.11845912323841, "params": {"C": 290.63080726354156, "epsilon": 0.9805448894646717, "gamma": 0.005703875435244712}, "datetime": {"datetime": "2021-09-29 21:58:55", "elapsed": 554.853674, "delta": 2.045213}}
{"target": -56.82949202411635, "params": {"C": 204.93479497497015, "epsilon": 1.789875057244162, "gamma": 0.003623156746599326}, "datetime": {"datetime": "2021-09-29 21:58:58", "elapsed": 557.346947, "delta": 2.493273}}
{"target": -59.71899142133774, "params": {"C": 232.01860460748236, "epsilon": 0.6309668318908196, "gamma": 0.01407162066891394}, "datetime": {"datetime": "2021-09-29 21:59:00", "elapsed": 559.416333, "delta": 2.069386}}
{"target": -56.23173398520911, "params": {"C": 293.36823132886036, "epsilon": 1.3436341825656783, "gamma": 0.0015254321110853906}, "datetime": {"datetime": "2021-09-29 21:59:02", "elapsed": 561.428878, "delta": 2.012545}}
{"target": -58.74802919627998, "params": {"C": 296.55662645561074, "epsilon": 1.8895649792626508, "gamma": 0.006797083948029444}, "datetime": {"datetime": "2021-09-29 21:59:05", "elapsed": 564.885075, "delta": 3.456197}}
{"target": -59.2403586349051, "params": {"C": 227.37581613217176, "epsilon": 0.01255241249615954, "gamma": 0.011453177683835051}, "datetime": {"datetime": "2021-09-29 21:59:09", "elapsed": 568.770775, "delta": 3.8857}}
{"target": -59.904924311462295, "params": {"C": 207.4811366282905, "epsilon": 0.11739676140970376, "gamma": 0.015670880938157074}, "datetime": {"datetime": "2021-09-29 21:59:13", "elapsed": 572.270839, "delta": 3.500064}}
{"target": -58.87194628439061, "params": {"C": 277.6019631320486, "epsilon": 2.5033008462456956, "gamma": 0.009421867922025352}, "datetime": {"datetime": "2021-09-29 21:59:16", "elapsed": 575.227178, "delta": 2.956339}}
{"target": -58.85346847458509, "params": {"C": 266.143799003885, "epsilon": 2.3825920388677027, "gamma": 0.009626288706645612}, "datetime": {"datetime": "2021-09-29 21:59:19", "elapsed": 578.535091, "delta": 3.307913}}
{"target": -56.862245310667866, "params": {"C": 232.20504269302788, "epsilon": 1.6281555812506923, "gamma": 0.0031019216530048443}, "datetime": {"datetime": "2021-09-29 21:59:22", "elapsed": 581.133726, "delta": 2.598635}}
{"target": -57.79566400676761, "params": {"C": 236.44924645461685, "epsilon": 1.9973979533288468, "gamma": 0.005328091097119788}, "datetime": {"datetime": "2021-09-29 21:59:24", "elapsed": 583.382625, "delta": 2.248899}}
{"target": -55.50551571289477, "params": {"C": 211.06938949582957, "epsilon": 1.2041191247174077, "gamma": 0.0010286307206663465}, "datetime": {"datetime": "2021-09-29 21:59:26", "elapsed": 585.588356, "delta": 2.205731}}
{"target": -56.2374900577996, "params": {"C": 222.60311015165817, "epsilon": 1.21601135011583, "gamma": 0.0016538110414768047}, "datetime": {"datetime": "2021-09-29 21:59:29", "elapsed": 588.651866, "delta": 3.06351}}
{"target": -56.81959530615006, "params": {"C": 212.55404646108394, "epsilon": 1.9159318375216947, "gamma": 0.0035223571652243215}, "datetime": {"datetime": "2021-09-29 21:59:31", "elapsed": 590.850543, "delta": 2.198677}}
{"target": -59.197705075335115, "params": {"C": 225.21944048034098, "epsilon": 1.8184186158245976, "gamma": 0.012173110254059831}, "datetime": {"datetime": "2021-09-29 21:59:35", "elapsed": 594.588928, "delta": 3.738385}}
{"target": -57.00854633145593, "params": {"C": 289.63265327453036, "epsilon": 2.142929377823509, "gamma": 0.002696119557145731}, "datetime": {"datetime": "2021-09-29 21:59:37", "elapsed": 596.659124, "delta": 2.070196}}
{"target": -58.24050273985129, "params": {"C": 232.21076911526035, "epsilon": 1.627617000284043, "gamma": 0.007002577258297701}, "datetime": {"datetime": "2021-09-29 21:59:42", "elapsed": 601.409123, "delta": 4.749999}}
{"target": -57.193058002967945, "params": {"C": 216.2714991759071, "epsilon": 1.7795365511256465, "gamma": 0.00435798191702874}, "datetime": {"datetime": "2021-09-29 21:59:45", "elapsed": 604.854906, "delta": 3.445783}}
