{"target": -55.998572011111506, "params": {"C": 18.57276521297276, "epsilon": 0.8821943609942324, "gamma": 0.030167210301250746}, "datetime": {"datetime": "2021-09-29 20:29:36", "elapsed": 977.206339, "delta": 2.95904}}
{"target": -64.0003238519913, "params": {"C": 34.11763801139892, "epsilon": 2.8459436615543514, "gamma": 0.2984876300277194}, "datetime": {"datetime": "2021-09-29 20:29:39", "elapsed": 980.187959, "delta": 2.98162}}
{"target": -54.625485292719965, "params": {"C": 33.74543125673418, "epsilon": 0.2892665980725554, "gamma": 0.00446018650771747}, "datetime": {"datetime": "2021-09-29 20:29:42", "elapsed": 983.296847, "delta": 3.108888}}
{"target": -57.328016768566116, "params": {"C": 44.16349531205837, "epsilon": 0.07875276925184611, "gamma": 0.027528157646147584}, "datetime": {"datetime": "2021-09-29 20:55:19", "elapsed": 0.0, "delta": 0.0}}
{"target": -57.0536750993626, "params": {"C": 44.09691686920941, "epsilon": 1.2616830384603794, "gamma": 0.01658370756809332}, "datetime": {"datetime": "2021-09-29 20:55:19", "elapsed": 0.030004, "delta": 0.030004}}
{"target": -55.503242949166264, "params": {"C": 21.26021476974641, "epsilon": 1.8581936280856404, "gamma": 0.015052768216358705}, "datetime": {"datetime": "2021-09-29 20:55:19", "elapsed": 0.063004, "delta": 0.033}}
{"target": -56.357080095939324, "params": {"C": 27.4159002351838, "epsilon": 1.8637803644751154, "gamma": 0.02650419050442425}, "datetime": {"datetime": "2021-09-29 20:55:19", "elapsed": 0.097008, "delta": 0.034004}}
{"target": -54.61858415510768, "params": {"C": 14.323414589148422, "epsilon": 1.5412207856759734, "gamma": 0.009303549295781071}, "datetime": {"datetime": "2021-09-29 20:55:19", "elapsed": 0.122001, "delta": 0.024993}}
{"target": -58.737433931088425, "params": {"C": 78.74817963385067, "epsilon": 2.562071902625827, "gamma": 0.024762418185358195}, "datetime": {"datetime": "2021-09-29 20:55:20", "elapsed": 0.170997, "delta": 0.048996}}
{"target": -62.13606534635912, "params": {"C": 1.6095212528649645, "epsilon": 3.0, "gamma": 0.05}, "datetime": {"datetime": "2021-09-29 20:55:20", "elapsed": 0.447005, "delta": 0.276008}}
{"target": -60.982547641856335, "params": {"C": 100.0, "epsilon": 0.001, "gamma": 0.05}, "datetime": {"datetime": "2021-09-29 20:55:20", "elapsed": 0.782, "delta": 0.334995}}
{"target": -69.68161753787943, "params": {"C": 58.24189624083544, "epsilon": 3.0, "gamma": 0.0001}, "datetime": {"datetime": "2021-09-29 20:55:20", "elapsed": 1.051002, "delta": 0.269002}}
{"target": -58.65748627701307, "params": {"C": 36.40206047056346, "epsilon": 3.0, "gamma": 0.05}, "datetime": {"datetime": "2021-09-29 20:55:21", "elapsed": 1.231004, "delta": 0.180002}}
{"target": -58.99380223580302, "params": {"C": 88.51470516611768, "epsilon": 2.9355138266796663, "gamma": 0.029469841345923304}, "datetime": {"datetime": "2021-09-29 20:55:21", "elapsed": 1.541999, "delta": 0.310995}}
{"target": -56.2452170235017, "params": {"C": 16.93921269296177, "epsilon": 0.005158468865710875, "gamma": 0.041662395437697376}, "datetime": {"datetime": "2021-09-29 20:55:21", "elapsed": 1.740003, "delta": 0.198004}}
{"target": -55.49443574691878, "params": {"C": 9.872470188764213, "epsilon": 0.001, "gamma": 0.05}, "datetime": {"datetime": "2021-09-29 20:55:22", "elapsed": 2.148726, "delta": 0.408723}}
{"target": -73.35442012538628, "params": {"C": 11.02601222106929, "epsilon": 3.0, "gamma": 0.0001}, "datetime": {"datetime": "2021-09-29 20:55:22", "elapsed": 2.336721, "delta": 0.187995}}
{"target": -56.25182285498771, "params": {"C": 15.770764420390156, "epsilon": 1.3570423463047938, "gamma": 0.04891793856404961}, "datetime": {"datetime": "2021-09-29 20:55:22", "elapsed": 2.761719, "delta": 0.424998}}
{"target": -56.260254986320945, "params": {"C": 14.398109871164431, "epsilon": 0.001, "gamma": 0.05}, "datetime": {"datetime": "2021-09-29 20:55:23", "elapsed": 3.218508, "delta": 0.456789}}
{"target": -72.74565639957427, "params": {"C": 18.9786412689152, "epsilon": 1.6887519026373337, "gamma": 0.0001}, "datetime": {"datetime": "2021-09-29 20:55:23", "elapsed": 3.590501, "delta": 0.371993}}
{"target": -55.722597279175, "params": {"C": 22.704753098166584, "epsilon": 2.0997281060883473, "gamma": 0.030003209630869818}, "datetime": {"datetime": "2021-09-29 20:55:23", "elapsed": 3.929211, "delta": 0.33871}}
{"target": -56.53137421258081, "params": {"C": 22.286858735647236, "epsilon": 0.4397561193274094, "gamma": 0.03970894216054012}, "datetime": {"datetime": "2021-09-29 20:55:24", "elapsed": 4.215211, "delta": 0.286}}
{"target": -54.079418773818475, "params": {"C": 8.046474690354545, "epsilon": 0.05166274413749232, "gamma": 0.03472275765290358}, "datetime": {"datetime": "2021-09-29 20:55:24", "elapsed": 4.571208, "delta": 0.355997}}
{"target": -54.83187985159983, "params": {"C": 6.22810427023174, "epsilon": 0.001, "gamma": 0.05}, "datetime": {"datetime": "2021-09-29 20:55:24", "elapsed": 4.914209, "delta": 0.343001}}
{"target": -54.2513451861698, "params": {"C": 7.152734956289467, "epsilon": 1.6830342359300625, "gamma": 0.02679612866228419}, "datetime": {"datetime": "2021-09-29 20:55:25", "elapsed": 5.247212, "delta": 0.333003}}
{"target": -55.56213291436109, "params": {"C": 5.223912355173028, "epsilon": 2.0458284893607757, "gamma": 0.04979781170848306}, "datetime": {"datetime": "2021-09-29 20:55:25", "elapsed": 5.639215, "delta": 0.392003}}
{"target": -56.48717105486737, "params": {"C": 25.421638503668007, "epsilon": 0.23054220982409973, "gamma": 0.024163457318299143}, "datetime": {"datetime": "2021-09-29 20:55:25", "elapsed": 5.921004, "delta": 0.281789}}
{"target": -57.00958597691533, "params": {"C": 25.191120955381518, "epsilon": 2.959705000638128, "gamma": 0.03710016360405998}, "datetime": {"datetime": "2021-09-29 20:55:26", "elapsed": 6.244001, "delta": 0.322997}}
{"target": -57.84790473980976, "params": {"C": 29.265100863216876, "epsilon": 0.001, "gamma": 0.05}, "datetime": {"datetime": "2021-09-29 20:55:26", "elapsed": 6.58, "delta": 0.335999}}
{"target": -56.846370852170494, "params": {"C": 3.8505390841928033, "epsilon": 0.04626514033302439, "gamma": 0.02606047649463968}, "datetime": {"datetime": "2021-09-29 20:55:26", "elapsed": 6.848003, "delta": 0.268003}}
{"target": -55.86463848232731, "params": {"C": 30.253019083785343, "epsilon": 2.9800861682385107, "gamma": 0.015122248287199175}, "datetime": {"datetime": "2021-09-29 20:55:26", "elapsed": 7.114, "delta": 0.265997}}
{"target": -71.5327064078283, "params": {"C": 32.45171369682702, "epsilon": 1.745251086917256, "gamma": 0.0001}, "datetime": {"datetime": "2021-09-29 20:55:27", "elapsed": 7.441004, "delta": 0.327004}}
{"target": -58.57407153357259, "params": {"C": 41.2725315782038, "epsilon": 0.9072785804245673, "gamma": 0.04334433243292145}, "datetime": {"datetime": "2021-09-29 20:55:27", "elapsed": 7.755002, "delta": 0.313998}}
{"target": -72.22265305112789, "params": {"C": 28.6614089848132, "epsilon": 3.0, "gamma": 0.0001}, "datetime": {"datetime": "2021-09-29 20:55:27", "elapsed": 8.117873, "delta": 0.362871}}
{"target": -54.52494833235734, "params": {"C": 7.124639387403599, "epsilon": 0.54572447961869, "gamma": 0.04201957599642085}, "datetime": {"datetime": "2021-09-29 20:55:28", "elapsed": 8.481884, "delta": 0.364011}}
{"target": -54.080184627475745, "params": {"C": 8.583035196414684, "epsilon": 1.1965190536801789, "gamma": 0.01892392825065094}, "datetime": {"datetime": "2021-09-29 20:55:28", "elapsed": 8.906163, "delta": 0.424279}}
{"target": -56.663636955563476, "params": {"C": 27.02994297877889, "epsilon": 0.26569492148490936, "gamma": 0.03050218384398242}, "datetime": {"datetime": "2021-09-29 20:55:29", "elapsed": 9.199166, "delta": 0.293003}}
{"target": -57.91735991771139, "params": {"C": 26.10544067466456, "epsilon": 1.6549224795866666, "gamma": 0.002005588506914905}, "datetime": {"datetime": "2021-09-29 20:55:29", "elapsed": 9.539172, "delta": 0.340006}}
{"target": -54.841919695878914, "params": {"C": 6.706727927767536, "epsilon": 2.9859276745448984, "gamma": 0.03499447777572048}, "datetime": {"datetime": "2021-09-29 20:55:29", "elapsed": 9.869392, "delta": 0.33022}}
{"target": -73.22194397189654, "params": {"C": 14.93549378496876, "epsilon": 3.0, "gamma": 0.0001}, "datetime": {"datetime": "2021-09-29 20:55:30", "elapsed": 10.153392, "delta": 0.284}}
{"target": -55.530458416198314, "params": {"C": 8.077585386525882, "epsilon": 2.641584066715854, "gamma": 0.05}, "datetime": {"datetime": "2021-09-29 20:55:30", "elapsed": 10.503389, "delta": 0.349997}}
{"target": -73.01608177616373, "params": {"C": 13.215285403091062, "epsilon": 0.8538790848674105, "gamma": 0.0001}, "datetime": {"datetime": "2021-09-29 20:55:30", "elapsed": 10.933393, "delta": 0.430004}}
{"target": -54.44739835041018, "params": {"C": 6.178121082969955, "epsilon": 1.2762424993507488, "gamma": 0.040163180099315875}, "datetime": {"datetime": "2021-09-29 20:55:31", "elapsed": 11.309389, "delta": 0.375996}}
{"target": -56.127918553256606, "params": {"C": 15.447231112669233, "epsilon": 0.20742792721551076, "gamma": 0.04191566726053313}, "datetime": {"datetime": "2021-09-29 20:55:31", "elapsed": 11.574389, "delta": 0.265}}
{"target": -55.344079637557066, "params": {"C": 4.894019094047607, "epsilon": 0.9127109133150719, "gamma": 0.0334694735983157}, "datetime": {"datetime": "2021-09-29 20:55:31", "elapsed": 11.932454, "delta": 0.358065}}
{"target": -54.735177823784255, "params": {"C": 24.00233804157516, "epsilon": 1.2335594518042923, "gamma": 0.008785635253137889}, "datetime": {"datetime": "2021-09-29 20:55:32", "elapsed": 12.24151, "delta": 0.309056}}
{"target": -57.14068530547722, "params": {"C": 23.814354176159554, "epsilon": 0.001, "gamma": 0.05}, "datetime": {"datetime": "2021-09-29 20:55:32", "elapsed": 12.830459, "delta": 0.588949}}
{"target": -55.86336693053258, "params": {"C": 23.845632871365087, "epsilon": 2.728337898803642, "gamma": 0.022676900535288168}, "datetime": {"datetime": "2021-09-29 20:55:33", "elapsed": 13.221114, "delta": 0.390655}}
{"target": -54.83685082000169, "params": {"C": 21.824472207731397, "epsilon": 2.980568783163316, "gamma": 0.012998140184345267}, "datetime": {"datetime": "2021-09-29 20:55:33", "elapsed": 13.489116, "delta": 0.268002}}
{"target": -63.14891988898721, "params": {"C": 46.06151537902034, "epsilon": 0.9536276777957874, "gamma": 0.00042216497773969535}, "datetime": {"datetime": "2021-09-29 20:55:33", "elapsed": 13.773111, "delta": 0.283995}}
{"target": -57.11258842457083, "params": {"C": 42.81849718482032, "epsilon": 2.78581722823079, "gamma": 0.021191193328704998}, "datetime": {"datetime": "2021-09-29 20:55:34", "elapsed": 14.173825, "delta": 0.400714}}
{"target": -57.21278291097806, "params": {"C": 3.641863701422029, "epsilon": 1.8850385301251673, "gamma": 0.023740607914943944}, "datetime": {"datetime": "2021-09-29 20:55:34", "elapsed": 14.587825, "delta": 0.414}}
{"target": -71.19566845590704, "params": {"C": 40.76353472701205, "epsilon": 3.0, "gamma": 0.0001}, "datetime": {"datetime": "2021-09-29 20:55:34", "elapsed": 15.019827, "delta": 0.432002}}
{"target": -58.986484790754666, "params": {"C": 44.200162595947575, "epsilon": 2.9461784810440075, "gamma": 0.046647465052328196}, "datetime": {"datetime": "2021-09-29 20:55:35", "elapsed": 15.448824, "delta": 0.428997}}
{"target": -73.82959152229928, "params": {"C": 1.8614661296644286, "epsilon": 0.001, "gamma": 0.0001}, "datetime": {"datetime": "2021-09-29 20:55:35", "elapsed": 15.780432, "delta": 0.331608}}
{"target": -58.72977863765436, "params": {"C": 81.5226995758646, "epsilon": 2.488650507484098, "gamma": 0.024168899192095084}, "datetime": {"datetime": "2021-09-29 20:55:35", "elapsed": 16.125897, "delta": 0.345465}}
{"target": -70.83924281982583, "params": {"C": 42.61383917932144, "epsilon": 0.001, "gamma": 0.0001}, "datetime": {"datetime": "2021-09-29 20:55:36", "elapsed": 16.494889, "delta": 0.368992}}
{"target": -57.08238217159089, "params": {"C": 39.35773288059997, "epsilon": 0.0195742016197984, "gamma": 0.025813648110266513}, "datetime": {"datetime": "2021-09-29 20:55:36", "elapsed": 16.873363, "delta": 0.378474}}
{"target": -58.631073012791454, "params": {"C": 37.58458002082744, "epsilon": 0.18247080957637143, "gamma": 0.05}, "datetime": {"datetime": "2021-09-29 20:55:37", "elapsed": 17.289361, "delta": 0.415998}}
{"target": -60.27854467968847, "params": {"C": 80.12436566587296, "epsilon": 0.6590530789318804, "gamma": 0.04429247759752377}, "datetime": {"datetime": "2021-09-29 20:55:37", "elapsed": 17.713368, "delta": 0.424007}}
{"target": -62.97740662135817, "params": {"C": 8.956890459464997, "epsilon": 0.23593549567804104, "gamma": 0.0027742117827320523}, "datetime": {"datetime": "2021-09-29 20:55:38", "elapsed": 18.195583, "delta": 0.482215}}
{"target": -55.99030929836677, "params": {"C": 7.81541014972599, "epsilon": 1.1763851309422817, "gamma": 0.01011689443726411}, "datetime": {"datetime": "2021-09-29 20:55:38", "elapsed": 18.595587, "delta": 0.400004}}
{"target": -54.919493579561106, "params": {"C": 6.2132090539338245, "epsilon": 2.218113287948752, "gamma": 0.025390394776519082}, "datetime": {"datetime": "2021-09-29 20:55:38", "elapsed": 18.955592, "delta": 0.360005}}
{"target": -55.49658118754339, "params": {"C": 8.933475471782703, "epsilon": 2.0357177715211363, "gamma": 0.04558641948182873}, "datetime": {"datetime": "2021-09-29 20:55:39", "elapsed": 19.320585, "delta": 0.364993}}
{"target": -55.59167299195108, "params": {"C": 10.872323506476473, "epsilon": 0.001, "gamma": 0.05}, "datetime": {"datetime": "2021-09-29 20:55:39", "elapsed": 19.803586, "delta": 0.483001}}
{"target": -56.1833502478425, "params": {"C": 14.895866294052926, "epsilon": 0.9580996617309552, "gamma": 0.04584855632341458}, "datetime": {"datetime": "2021-09-29 20:55:40", "elapsed": 20.30287, "delta": 0.499284}}
{"target": -55.66027780509211, "params": {"C": 24.79678051097201, "epsilon": 1.9091401512044224, "gamma": 0.012823545907830506}, "datetime": {"datetime": "2021-09-29 20:55:40", "elapsed": 20.704873, "delta": 0.402003}}
{"target": -56.11942521039289, "params": {"C": 4.187681587737599, "epsilon": 2.9926847547531565, "gamma": 0.04359747355466173}, "datetime": {"datetime": "2021-09-29 20:55:40", "elapsed": 21.089868, "delta": 0.384995}}
{"target": -55.49522112444342, "params": {"C": 83.86904558920776, "epsilon": 2.9591442193644197, "gamma": 0.003171079178806628}, "datetime": {"datetime": "2021-09-29 20:55:41", "elapsed": 21.573867, "delta": 0.483999}}
{"target": -58.27247198856619, "params": {"C": 84.2108690931028, "epsilon": 1.645951881074538, "gamma": 0.019980445094191165}, "datetime": {"datetime": "2021-09-29 20:55:41", "elapsed": 21.976043, "delta": 0.402176}}
{"target": -67.31284096449247, "params": {"C": 85.25778257747925, "epsilon": 3.0, "gamma": 0.0001}, "datetime": {"datetime": "2021-09-29 20:55:42", "elapsed": 22.387039, "delta": 0.410996}}
{"target": -67.4636483729601, "params": {"C": 82.96430003334733, "epsilon": 2.364162740359592, "gamma": 0.0001}, "datetime": {"datetime": "2021-09-29 20:55:42", "elapsed": 22.786034, "delta": 0.398995}}
{"target": -58.49401707421432, "params": {"C": 5.4501710382604855, "epsilon": 2.9995770711708607, "gamma": 0.009559873884191498}, "datetime": {"datetime": "2021-09-29 20:55:43", "elapsed": 23.276886, "delta": 0.490852}}
{"target": -56.55229537334105, "params": {"C": 5.338977837318855, "epsilon": 0.017708866235714084, "gamma": 0.01659096841975853}, "datetime": {"datetime": "2021-09-29 20:55:43", "elapsed": 23.72489, "delta": 0.448004}}
{"target": -56.18582691323801, "params": {"C": 20.8864212344866, "epsilon": 2.9378477788964314, "gamma": 0.03864455512436494}, "datetime": {"datetime": "2021-09-29 20:55:44", "elapsed": 24.194105, "delta": 0.469215}}
{"target": -71.49773551809258, "params": {"C": 28.105194067840234, "epsilon": 0.808825341816427, "gamma": 0.0001}, "datetime": {"datetime": "2021-09-29 20:55:44", "elapsed": 24.651105, "delta": 0.457}}
{"target": -54.445987558413734, "params": {"C": 6.1415391128161385, "epsilon": 1.2782139250128572, "gamma": 0.0401044537808526}, "datetime": {"datetime": "2021-09-29 20:55:44", "elapsed": 24.919106, "delta": 0.268001}}
{"target": -53.81603367929726, "params": {"C": 10.297272639144198, "epsilon": 0.8243050049951209, "gamma": 0.02244288822286416}, "datetime": {"datetime": "2021-09-29 20:55:45", "elapsed": 25.339102, "delta": 0.419996}}
{"target": -54.40040707612369, "params": {"C": 26.624308337218313, "epsilon": 2.9000303853128426, "gamma": 0.008571268156158135}, "datetime": {"datetime": "2021-09-29 20:55:45", "elapsed": 25.835106, "delta": 0.496004}}
{"target": -56.375687796264714, "params": {"C": 20.99765948106667, "epsilon": 0.054033346600256854, "gamma": 0.03398176391298156}, "datetime": {"datetime": "2021-09-29 20:55:46", "elapsed": 26.28984, "delta": 0.454734}}
{"target": -58.0236912437628, "params": {"C": 30.556176739075998, "epsilon": 0.001, "gamma": 0.05}, "datetime": {"datetime": "2021-09-29 20:55:46", "elapsed": 26.767835, "delta": 0.477995}}
{"target": -60.26447651974354, "params": {"C": 84.92802599566627, "epsilon": 0.11149470228493459, "gamma": 0.03564304763254765}, "datetime": {"datetime": "2021-09-29 20:55:47", "elapsed": 27.220841, "delta": 0.453006}}
{"target": -57.84654583196854, "params": {"C": 23.013530755134443, "epsilon": 1.1032455124497016, "gamma": 0.002274645445357444}, "datetime": {"datetime": "2021-09-29 20:55:47", "elapsed": 27.656834, "delta": 0.435993}}
{"target": -57.950648857544685, "params": {"C": 76.54084321854904, "epsilon": 2.9303254540571992, "gamma": 0.01968628986232773}, "datetime": {"datetime": "2021-09-29 20:55:48", "elapsed": 28.183671, "delta": 0.526837}}
{"target": -57.32806380470494, "params": {"C": 22.842235358592, "epsilon": 3.0, "gamma": 0.05}, "datetime": {"datetime": "2021-09-29 20:55:48", "elapsed": 28.756668, "delta": 0.572997}}
{"target": -60.45905299903214, "params": {"C": 76.64405064340936, "epsilon": 1.1186771223983272, "gamma": 0.04901553822372703}, "datetime": {"datetime": "2021-09-29 20:55:49", "elapsed": 29.319665, "delta": 0.562997}}
{"target": -68.04976122206764, "params": {"C": 74.70917663963374, "epsilon": 3.0, "gamma": 0.0001}, "datetime": {"datetime": "2021-09-29 20:55:49", "elapsed": 29.921669, "delta": 0.602004}}
{"target": -61.03485404493687, "params": {"C": 91.01750426696297, "epsilon": 2.8889624020327114, "gamma": 0.05}, "datetime": {"datetime": "2021-09-29 20:55:50", "elapsed": 30.473194, "delta": 0.551525}}
{"target": -56.07503873049308, "params": {"C": 66.57724880845713, "epsilon": 0.07108618505205197, "gamma": 0.007856043299358044}, "datetime": {"datetime": "2021-09-29 20:55:50", "elapsed": 30.922221, "delta": 0.449027}}
{"target": -57.57508838215831, "params": {"C": 67.79464464085437, "epsilon": 0.5634548849949925, "gamma": 0.017466540435065694}, "datetime": {"datetime": "2021-09-29 20:55:51", "elapsed": 31.579193, "delta": 0.656972}}
{"target": -58.24141772515329, "params": {"C": 66.35197834666258, "epsilon": 1.365101105424456, "gamma": 0.024517118411323854}, "datetime": {"datetime": "2021-09-29 20:55:51", "elapsed": 32.090343, "delta": 0.51115}}
{"target": -56.07782861854845, "params": {"C": 65.09030973745863, "epsilon": 0.014821232978382452, "gamma": 0.005460181105666767}, "datetime": {"datetime": "2021-09-29 20:55:52", "elapsed": 32.54734, "delta": 0.456997}}
{"target": -57.998105981567164, "params": {"C": 64.57191241137404, "epsilon": 1.2106074519980632, "gamma": 0.023385860570922515}, "datetime": {"datetime": "2021-09-29 20:55:52", "elapsed": 33.059926, "delta": 0.512586}}
{"target": -59.86939304550829, "params": {"C": 63.6588372221772, "epsilon": 0.001, "gamma": 0.04376367759925577}, "datetime": {"datetime": "2021-09-29 20:55:53", "elapsed": 33.623923, "delta": 0.563997}}
{"target": -55.35915430718889, "params": {"C": 68.39135825498533, "epsilon": 2.2183406699556527, "gamma": 0.0030480860538518156}, "datetime": {"datetime": "2021-09-29 20:55:54", "elapsed": 34.150086, "delta": 0.526163}}
{"target": -60.10107042837616, "params": {"C": 69.34154555918846, "epsilon": 1.493224239491805, "gamma": 0.05}, "datetime": {"datetime": "2021-09-29 20:55:54", "elapsed": 34.770087, "delta": 0.620001}}
{"target": -69.05581936516377, "params": {"C": 67.53803857300589, "epsilon": 3.0, "gamma": 0.0001}, "datetime": {"datetime": "2021-09-29 20:55:55", "elapsed": 35.206094, "delta": 0.436007}}
{"target": -55.58515544088034, "params": {"C": 9.613565714924198, "epsilon": 1.3873370580954445, "gamma": 0.05}, "datetime": {"datetime": "2021-09-29 20:55:55", "elapsed": 35.774089, "delta": 0.567995}}
{"target": -68.77846441517677, "params": {"C": 69.45737579654272, "epsilon": 2.9722264089096115, "gamma": 0.0001}, "datetime": {"datetime": "2021-09-29 20:55:56", "elapsed": 36.283061, "delta": 0.508972}}
{"target": -55.38401335909568, "params": {"C": 16.831563282228707, "epsilon": 1.1347228827449645, "gamma": 0.016987430999684725}, "datetime": {"datetime": "2021-09-29 20:55:56", "elapsed": 36.783059, "delta": 0.499998}}
{"target": -59.18258524058086, "params": {"C": 63.4902555074862, "epsilon": 2.885835529255427, "gamma": 0.04102433772123567}, "datetime": {"datetime": "2021-09-29 20:55:57", "elapsed": 37.253059, "delta": 0.47}}
{"target": -56.49480680374472, "params": {"C": 24.76679462702334, "epsilon": 0.8594397697158849, "gamma": 0.03754672169533718}, "datetime": {"datetime": "2021-09-29 20:55:57", "elapsed": 37.819064, "delta": 0.566005}}
{"target": -55.90016413987653, "params": {"C": 38.581018844761395, "epsilon": 1.3884211577891576, "gamma": 0.010644192514875835}, "datetime": {"datetime": "2021-09-29 20:55:58", "elapsed": 38.349649, "delta": 0.530585}}
{"target": -57.03380730088213, "params": {"C": 37.4770260380806, "epsilon": 1.844256729838569, "gamma": 0.022959408457771353}, "datetime": {"datetime": "2021-09-29 20:55:58", "elapsed": 38.81665, "delta": 0.467001}}
