{"target": -54.867634605158, "params": {"C": 10.24842940426981, "epsilon": 1.7801770654069562, "gamma": 0.0414179001694896}, "datetime": {"datetime": "2021-09-29 21:03:27", "elapsed": 487.940569, "delta": 2.498158}}
{"target": -55.85188776917042, "params": {"C": 10.362565420067973, "epsilon": 1.8967754236997345, "gamma": 0.05}, "datetime": {"datetime": "2021-09-29 21:03:31", "elapsed": 491.486176, "delta": 3.545607}}
{"target": -54.85580492489039, "params": {"C": 8.123857518759372, "epsilon": 1.0135939146144053, "gamma": 0.014178960508929493}, "datetime": {"datetime": "2021-09-29 21:03:34", "elapsed": 494.343038, "delta": 2.856862}}
{"target": -54.55229150893093, "params": {"C": 6.178820858624423, "epsilon": 1.1212122309054293, "gamma": 0.038479014231989475}, "datetime": {"datetime": "2021-09-29 21:03:37", "elapsed": 497.838182, "delta": 3.495144}}
{"target": -55.259234663666604, "params": {"C": 10.71516044618704, "epsilon": 0.427625293777921, "gamma": 0.04729602008724162}, "datetime": {"datetime": "2021-09-29 21:03:41", "elapsed": 501.343351, "delta": 3.505169}}
{"target": -58.10985104134849, "params": {"C": 96.4797185534356, "epsilon": 1.1781897887535222, "gamma": 0.014762236948085199}, "datetime": {"datetime": "2021-09-29 21:03:42", "elapsed": 502.759646, "delta": 1.416295}}
{"target": -73.15862547749398, "params": {"C": 13.958079196925262, "epsilon": 2.122648474002871, "gamma": 0.0001}, "datetime": {"datetime": "2021-09-29 21:03:45", "elapsed": 505.562295, "delta": 2.802649}}
{"target": -55.121414110118515, "params": {"C": 14.04690945771545, "epsilon": 1.8759514224139515, "gamma": 0.02286673322840962}, "datetime": {"datetime": "2021-09-29 21:03:48", "elapsed": 508.294355, "delta": 2.73206}}
{"target": -59.11270502655663, "params": {"C": 58.26658343781564, "epsilon": 1.6660598906548354, "gamma": 0.03888285269581965}, "datetime": {"datetime": "2021-09-29 21:03:49", "elapsed": 509.908759, "delta": 1.614404}}
{"target": -54.15054941956261, "params": {"C": 10.124180384974014, "epsilon": 1.6739814906991997, "gamma": 0.02172758529938065}, "datetime": {"datetime": "2021-09-29 21:03:52", "elapsed": 512.804033, "delta": 2.895274}}
{"target": -54.78064374618713, "params": {"C": 7.151936386568852, "epsilon": 0.25058217232363167, "gamma": 0.042979081003749545}, "datetime": {"datetime": "2021-09-29 21:03:55", "elapsed": 515.936979, "delta": 3.132946}}
{"target": -54.58021475629826, "params": {"C": 6.145311645818295, "epsilon": 0.9889897823565732, "gamma": 0.037769219789949716}, "datetime": {"datetime": "2021-09-29 21:03:58", "elapsed": 518.621743, "delta": 2.684764}}
{"target": -54.792396131534794, "params": {"C": 10.29936880850223, "epsilon": 1.0252544991231873, "gamma": 0.010528259727056644}, "datetime": {"datetime": "2021-09-29 21:04:01", "elapsed": 522.075943, "delta": 3.4542}}
{"target": -55.81030582694401, "params": {"C": 10.654021847602271, "epsilon": 1.0694017387274692, "gamma": 0.05}, "datetime": {"datetime": "2021-09-29 21:04:04", "elapsed": 525.010318, "delta": 2.934375}}
{"target": -56.13495350491, "params": {"C": 54.385672783948564, "epsilon": 1.456948412238384, "gamma": 0.007945908738918208}, "datetime": {"datetime": "2021-09-29 21:04:06", "elapsed": 526.647316, "delta": 1.636998}}
{"target": -54.645606571242446, "params": {"C": 6.3309472187604, "epsilon": 1.687441875266189, "gamma": 0.02879091748834377}, "datetime": {"datetime": "2021-09-29 21:04:10", "elapsed": 530.399082, "delta": 3.751766}}
{"target": -58.748895130662525, "params": {"C": 90.00230164803435, "epsilon": 1.71809914708737, "gamma": 0.02432627840984638}, "datetime": {"datetime": "2021-09-29 21:04:11", "elapsed": 531.939233, "delta": 1.540151}}
{"target": -56.29391287869729, "params": {"C": 10.100462033028297, "epsilon": 1.1316498679331108, "gamma": 0.007241938920839669}, "datetime": {"datetime": "2021-09-29 21:04:15", "elapsed": 535.941347, "delta": 4.002114}}
{"target": -54.621727883635565, "params": {"C": 8.086720899434646, "epsilon": 1.9006274727300427, "gamma": 0.01650369751607473}, "datetime": {"datetime": "2021-09-29 21:04:18", "elapsed": 538.457448, "delta": 2.516101}}
{"target": -53.03819933663216, "params": {"C": 7.9816426424858316, "epsilon": 0.35824573688430505, "gamma": 0.02676398638465}, "datetime": {"datetime": "2021-09-29 21:04:21", "elapsed": 541.3988, "delta": 2.941352}}
{"target": -56.670936248459306, "params": {"C": 13.977251390507016, "epsilon": 1.9264727942894218, "gamma": 0.00468009595152889}, "datetime": {"datetime": "2021-09-29 21:04:23", "elapsed": 543.648477, "delta": 2.249677}}
{"target": -53.694105703287, "params": {"C": 8.094814629403924, "epsilon": 0.32590799899200895, "gamma": 0.02164227371496975}, "datetime": {"datetime": "2021-09-29 21:04:27", "elapsed": 548.013586, "delta": 4.365109}}
{"target": -58.78246232931935, "params": {"C": 8.171649334211928, "epsilon": 0.45938118510669895, "gamma": 0.0048764128775201625}, "datetime": {"datetime": "2021-09-29 21:04:31", "elapsed": 551.352278, "delta": 3.338692}}
{"target": -54.47197812988905, "params": {"C": 6.029008660928934, "epsilon": 1.144859257719122, "gamma": 0.03980856076144684}, "datetime": {"datetime": "2021-09-29 21:04:34", "elapsed": 554.430931, "delta": 3.078653}}
{"target": -54.755501939397114, "params": {"C": 6.066247605041209, "epsilon": 0.8761494684147547, "gamma": 0.03107306859498895}, "datetime": {"datetime": "2021-09-29 21:04:38", "elapsed": 558.280883, "delta": 3.849952}}
{"target": -55.26141971999855, "params": {"C": 6.028508385977404, "epsilon": 1.0130209994120538, "gamma": 0.019211079263898263}, "datetime": {"datetime": "2021-09-29 21:04:41", "elapsed": 561.361613, "delta": 3.08073}}
{"target": -58.05287900398374, "params": {"C": 34.040260720776445, "epsilon": 2.4181446825664947, "gamma": 0.04238134202412906}, "datetime": {"datetime": "2021-09-29 21:04:42", "elapsed": 563.000612, "delta": 1.638999}}
{"target": -53.74460310865186, "params": {"C": 11.05657866586318, "epsilon": 0.1901698884048717, "gamma": 0.014135879002289915}, "datetime": {"datetime": "2021-09-29 21:04:44", "elapsed": 564.580494, "delta": 1.579882}}
{"target": -72.77487865705515, "params": {"C": 9.984005172670098, "epsilon": 1.7270764633685316, "gamma": 0.00018989312974562283}, "datetime": {"datetime": "2021-09-29 21:04:47", "elapsed": 567.729346, "delta": 3.148852}}
{"target": -54.628617024138414, "params": {"C": 9.879610809481893, "epsilon": 1.9088458833102806, "gamma": 0.04063338959586881}, "datetime": {"datetime": "2021-09-29 21:04:50", "elapsed": 570.891251, "delta": 3.161905}}
{"target": -55.01219154197627, "params": {"C": 7.913491455954419, "epsilon": 0.28709312004111326, "gamma": 0.04440598532743178}, "datetime": {"datetime": "2021-09-29 21:04:55", "elapsed": 575.533223, "delta": 4.641972}}
{"target": -54.36076467609151, "params": {"C": 10.979785187029531, "epsilon": 0.13078059614849866, "gamma": 0.03180609839343265}, "datetime": {"datetime": "2021-09-29 21:04:58", "elapsed": 579.073014, "delta": 3.539791}}
{"target": -57.88733146836093, "params": {"C": 41.646740499660886, "epsilon": 2.8889763626214657, "gamma": 0.030663237652262598}, "datetime": {"datetime": "2021-09-29 21:05:00", "elapsed": 580.641967, "delta": 1.568953}}
{"target": -56.12850223507577, "params": {"C": 21.500577373126095, "epsilon": 0.9735440571515606, "gamma": 0.027412633410225522}, "datetime": {"datetime": "2021-09-29 21:05:02", "elapsed": 582.196613, "delta": 1.554646}}
{"target": -54.77883825870363, "params": {"C": 6.285218711970209, "epsilon": 1.0370376386074576, "gamma": 0.04948047307731167}, "datetime": {"datetime": "2021-09-29 21:05:06", "elapsed": 586.766391, "delta": 4.569778}}
{"target": -54.425217237003665, "params": {"C": 11.051997511915307, "epsilon": 0.05539491919270643, "gamma": 0.03671613781824812}, "datetime": {"datetime": "2021-09-29 21:05:09", "elapsed": 589.989521, "delta": 3.22313}}
{"target": -54.83140315740902, "params": {"C": 11.185026886266405, "epsilon": 0.18687414699874833, "gamma": 0.042525719922602435}, "datetime": {"datetime": "2021-09-29 21:05:13", "elapsed": 593.729904, "delta": 3.740383}}
{"target": -57.701177630412204, "params": {"C": 11.163676718098504, "epsilon": 0.06914116855956, "gamma": 0.004974793467052428}, "datetime": {"datetime": "2021-09-29 21:05:16", "elapsed": 596.821211, "delta": 3.091307}}
{"target": -58.36275359784342, "params": {"C": 52.45274151190131, "epsilon": 2.803619618010101, "gamma": 0.03087693051505476}, "datetime": {"datetime": "2021-09-29 21:05:18", "elapsed": 598.444443, "delta": 1.623232}}
{"target": -58.493626560001374, "params": {"C": 7.550831804196338, "epsilon": 0.6490283963104049, "gamma": 0.0063512444766776225}, "datetime": {"datetime": "2021-09-29 21:05:21", "elapsed": 601.475303, "delta": 3.03086}}
{"target": -59.08873669319325, "params": {"C": 85.98490420357297, "epsilon": 0.17087666655427589, "gamma": 0.02697371812242071}, "datetime": {"datetime": "2021-09-29 21:05:23", "elapsed": 603.243951, "delta": 1.768648}}
{"target": -53.62782145753708, "params": {"C": 7.723692987127514, "epsilon": 0.795584287822896, "gamma": 0.02418727245117451}, "datetime": {"datetime": "2021-09-29 21:05:27", "elapsed": 608.039902, "delta": 4.795951}}
{"target": -55.136417007766326, "params": {"C": 7.711460692879821, "epsilon": 0.7236087062094354, "gamma": 0.013480910938581399}, "datetime": {"datetime": "2021-09-29 21:05:31", "elapsed": 611.46173, "delta": 3.421828}}
{"target": -54.75902180669807, "params": {"C": 11.125318024124681, "epsilon": 0.28745702482609936, "gamma": 0.04120894548964438}, "datetime": {"datetime": "2021-09-29 21:05:36", "elapsed": 616.269996, "delta": 4.808266}}
{"target": -54.42458507416722, "params": {"C": 7.730884738274232, "epsilon": 0.9068496596894693, "gamma": 0.01981359846021688}, "datetime": {"datetime": "2021-09-29 21:05:40", "elapsed": 620.343658, "delta": 4.073662}}
{"target": -55.54600142279625, "params": {"C": 7.865962737767909, "epsilon": 0.9223652211147122, "gamma": 0.04887001339395631}, "datetime": {"datetime": "2021-09-29 21:05:43", "elapsed": 623.601402, "delta": 3.257744}}
{"target": -53.60299897580549, "params": {"C": 8.158770364160587, "epsilon": 0.20169830715060888, "gamma": 0.03010461538407808}, "datetime": {"datetime": "2021-09-29 21:05:46", "elapsed": 626.893135, "delta": 3.291733}}
{"target": -55.559826042883444, "params": {"C": 8.295032159217143, "epsilon": 0.2631518094452027, "gamma": 0.049834825583012936}, "datetime": {"datetime": "2021-09-29 21:05:50", "elapsed": 630.838055, "delta": 3.94492}}
{"target": -55.89408680421584, "params": {"C": 14.188132331609237, "epsilon": 1.8722435206982508, "gamma": 0.037739709670414956}, "datetime": {"datetime": "2021-09-29 21:05:54", "elapsed": 634.755502, "delta": 3.917447}}
{"target": -53.91222199009715, "params": {"C": 10.990909658337138, "epsilon": 0.27485930213955484, "gamma": 0.022549595708066077}, "datetime": {"datetime": "2021-09-29 21:05:57", "elapsed": 637.694264, "delta": 2.938762}}
{"target": -55.857760983606944, "params": {"C": 55.96074218028904, "epsilon": 1.0804596480381417, "gamma": 0.0067344382894596036}, "datetime": {"datetime": "2021-09-29 21:05:59", "elapsed": 639.555149, "delta": 1.860885}}
{"target": -54.31671747148366, "params": {"C": 8.255369170295793, "epsilon": 0.11702341137232203, "gamma": 0.03782603348071493}, "datetime": {"datetime": "2021-09-29 21:06:04", "elapsed": 644.175226, "delta": 4.620077}}
{"target": -54.26982803849915, "params": {"C": 8.050793442806059, "epsilon": 0.24503346502240478, "gamma": 0.03606157927903458}, "datetime": {"datetime": "2021-09-29 21:06:07", "elapsed": 647.850807, "delta": 3.675581}}
{"target": -59.613709189103425, "params": {"C": 50.36011506204111, "epsilon": 1.2749632798987498, "gamma": 0.049358505917151275}, "datetime": {"datetime": "2021-09-29 21:06:09", "elapsed": 649.580547, "delta": 1.72974}}
{"target": -53.401313392373105, "params": {"C": 8.262838650989949, "epsilon": 0.9935938469018073, "gamma": 0.026984482374906554}, "datetime": {"datetime": "2021-09-29 21:06:11", "elapsed": 651.446553, "delta": 1.866006}}
{"target": -53.78264539524271, "params": {"C": 8.812342756222996, "epsilon": 1.363327889118632, "gamma": 0.028706154108158608}, "datetime": {"datetime": "2021-09-29 21:06:15", "elapsed": 655.263689, "delta": 3.817136}}
{"target": -64.99813745875909, "params": {"C": 11.025377169688936, "epsilon": 0.41500537631609113, "gamma": 0.0012189408551482768}, "datetime": {"datetime": "2021-09-29 21:06:18", "elapsed": 659.101004, "delta": 3.837315}}
{"target": -63.18015275571661, "params": {"C": 7.7584488313568105, "epsilon": 0.3466563752842728, "gamma": 0.003169158310711661}, "datetime": {"datetime": "2021-09-29 21:06:22", "elapsed": 662.291766, "delta": 3.190762}}
{"target": -54.4561993492522, "params": {"C": 7.491495108100988, "epsilon": 0.5514254352556085, "gamma": 0.039786077959367054}, "datetime": {"datetime": "2021-09-29 21:06:23", "elapsed": 664.085826, "delta": 1.79406}}
{"target": -54.843758925951136, "params": {"C": 8.31926779862987, "epsilon": 1.148426411030976, "gamma": 0.013227271368104131}, "datetime": {"datetime": "2021-09-29 21:06:28", "elapsed": 668.499782, "delta": 4.413956}}
{"target": -54.4555672606941, "params": {"C": 6.704629800275381, "epsilon": 1.9914557357060105, "gamma": 0.030447063971643987}, "datetime": {"datetime": "2021-09-29 21:06:32", "elapsed": 672.226667, "delta": 3.726885}}
{"target": -55.46985095399257, "params": {"C": 8.075983286517395, "epsilon": 0.001, "gamma": 0.05}, "datetime": {"datetime": "2021-09-29 21:06:35", "elapsed": 675.462723, "delta": 3.236056}}
{"target": -53.25740393397683, "params": {"C": 7.878117241899213, "epsilon": 0.47449679458242267, "gamma": 0.02490361113516933}, "datetime": {"datetime": "2021-09-29 21:06:39", "elapsed": 679.390078, "delta": 3.927355}}
{"target": -55.12491765410377, "params": {"C": 6.829236299079238, "epsilon": 2.0385981743672654, "gamma": 0.017254369078860576}, "datetime": {"datetime": "2021-09-29 21:06:42", "elapsed": 683.015924, "delta": 3.625846}}
{"target": -56.22870566018858, "params": {"C": 16.59124447105032, "epsilon": 0.4563283959310349, "gamma": 0.04290198071148851}, "datetime": {"datetime": "2021-09-29 21:06:44", "elapsed": 684.842104, "delta": 1.82618}}
{"target": -55.147893383785686, "params": {"C": 7.672495696219984, "epsilon": 0.5264570068814701, "gamma": 0.04598700480736267}, "datetime": {"datetime": "2021-09-29 21:06:48", "elapsed": 688.158466, "delta": 3.316362}}
{"target": -57.97509488513079, "params": {"C": 90.72449919090617, "epsilon": 0.9805448894646717, "gamma": 0.014151928855211613}, "datetime": {"datetime": "2021-09-29 21:06:49", "elapsed": 690.107068, "delta": 1.948602}}
{"target": -73.23244882630505, "params": {"C": 11.079766641203978, "epsilon": 0.8201637323858504, "gamma": 0.0001}, "datetime": {"datetime": "2021-09-29 21:06:53", "elapsed": 693.299397, "delta": 3.192329}}
{"target": -57.37255268222356, "params": {"C": 32.698418561407536, "epsilon": 0.6309668318908196, "gamma": 0.03513436539591988}, "datetime": {"datetime": "2021-09-29 21:06:54", "elapsed": 695.025672, "delta": 1.726275}}
{"target": -55.74317260093999, "params": {"C": 93.43454901557173, "epsilon": 1.3436341825656783, "gamma": 0.003674324740862361}, "datetime": {"datetime": "2021-09-29 21:06:56", "elapsed": 696.929037, "delta": 1.903365}}
{"target": -55.16057633708551, "params": {"C": 10.99008115493306, "epsilon": 0.6473396052060764, "gamma": 0.04523107106968232}, "datetime": {"datetime": "2021-09-29 21:07:01", "elapsed": 701.865241, "delta": 4.936204}}
{"target": -54.15673145452339, "params": {"C": 10.862090585697644, "epsilon": 0.8083330417767709, "gamma": 0.030693809389096813}, "datetime": {"datetime": "2021-09-29 21:07:07", "elapsed": 707.449389, "delta": 5.584148}}
{"target": -53.57823552845309, "params": {"C": 7.373658368577266, "epsilon": 0.30661275069763533, "gamma": 0.024509762080249544}, "datetime": {"datetime": "2021-09-29 21:07:12", "elapsed": 712.431843, "delta": 4.982454}}
{"target": -54.02936235156168, "params": {"C": 7.266519840344746, "epsilon": 0.21600088323050826, "gamma": 0.03616231239161727}, "datetime": {"datetime": "2021-09-29 21:07:15", "elapsed": 715.828997, "delta": 3.397154}}
{"target": -54.0609972634429, "params": {"C": 8.768269494359473, "epsilon": 1.4714205382263257, "gamma": 0.019063008649263934}, "datetime": {"datetime": "2021-09-29 21:07:20", "elapsed": 721.121588, "delta": 5.292591}}
{"target": -54.670813232005436, "params": {"C": 11.220082951508942, "epsilon": 1.0016126924933586, "gamma": 0.009901033352216008}, "datetime": {"datetime": "2021-09-29 21:07:24", "elapsed": 724.620407, "delta": 3.498819}}
{"target": -55.810835420477645, "params": {"C": 11.13316807295237, "epsilon": 1.0510258681891214, "gamma": 0.049384612489761254}, "datetime": {"datetime": "2021-09-29 21:07:29", "elapsed": 729.453813, "delta": 4.833406}}
{"target": -60.61458501265997, "params": {"C": 11.958695600871279, "epsilon": 1.2041191247174077, "gamma": 0.0024285765307161147}, "datetime": {"datetime": "2021-09-29 21:07:31", "elapsed": 731.425643, "delta": 1.97183}}
{"target": -54.768680166879435, "params": {"C": 7.907511212539662, "epsilon": 0.27641466285470606, "gamma": 0.04220667310216398}, "datetime": {"datetime": "2021-09-29 21:07:33", "elapsed": 733.464562, "delta": 2.038919}}
{"target": -55.0210169566603, "params": {"C": 12.756384104188447, "epsilon": 2.76171001766885, "gamma": 0.025867116247107396}, "datetime": {"datetime": "2021-09-29 21:07:35", "elapsed": 735.345755, "delta": 1.881193}}
{"target": -55.48150600578201, "params": {"C": 8.8066679603978, "epsilon": 1.6195036981302573, "gamma": 0.04503172554389888}, "datetime": {"datetime": "2021-09-29 21:07:41", "elapsed": 741.390491, "delta": 6.044736}}
{"target": -56.708119756421596, "params": {"C": 89.73632674178504, "epsilon": 2.142929377823509, "gamma": 0.006609867633244823}, "datetime": {"datetime": "2021-09-29 21:07:43", "elapsed": 743.269777, "delta": 1.879286}}
{"target": -67.90930550849056, "params": {"C": 7.433440963622872, "epsilon": 0.38904893783259414, "gamma": 0.0011529334577330193}, "datetime": {"datetime": "2021-09-29 21:07:48", "elapsed": 748.202338, "delta": 4.932561}}
{"target": -58.53382305193264, "params": {"C": 6.007016207469226, "epsilon": 1.244079977540757, "gamma": 0.008843464811898448}, "datetime": {"datetime": "2021-09-29 21:07:51", "elapsed": 752.09121, "delta": 3.888872}}
{"target": -57.302571387051536, "params": {"C": 25.17708432870553, "epsilon": 0.83822551477723, "gamma": 0.0025181855496837127}, "datetime": {"datetime": "2021-09-29 21:07:53", "elapsed": 754.073434, "delta": 1.982224}}
{"target": -55.598956123731305, "params": {"C": 8.70078943621932, "epsilon": 1.7710595698672484, "gamma": 0.04569231910976664}, "datetime": {"datetime": "2021-09-29 21:07:57", "elapsed": 758.0542, "delta": 3.980766}}
{"target": -54.763799820067746, "params": {"C": 7.433409475768812, "epsilon": 0.6283959743440145, "gamma": 0.042791168877821154}, "datetime": {"datetime": "2021-09-29 21:08:01", "elapsed": 761.972859, "delta": 3.918659}}
{"target": -71.57816948954638, "params": {"C": 10.891747916336346, "epsilon": 0.23835462865947352, "gamma": 0.0002561799356276445}, "datetime": {"datetime": "2021-09-29 21:08:07", "elapsed": 767.541396, "delta": 5.568537}}
{"target": -54.957306771914446, "params": {"C": 7.798141654484696, "epsilon": 0.571349854094134, "gamma": 0.04383702166843028}, "datetime": {"datetime": "2021-09-29 21:08:11", "elapsed": 771.505018, "delta": 3.963622}}
{"target": -58.68680582709674, "params": {"C": 79.44644917685827, "epsilon": 2.53192352309371, "gamma": 0.02423998809432658}, "datetime": {"datetime": "2021-09-29 21:08:13", "elapsed": 773.346089, "delta": 1.841071}}
{"target": -61.65979808350954, "params": {"C": 1.8256704502563017, "epsilon": 1.3187229036106807, "gamma": 0.024861884264362512}, "datetime": {"datetime": "2021-09-29 21:08:15", "elapsed": 775.563807, "delta": 2.217718}}
{"target": -54.4577916361034, "params": {"C": 7.3471858860698145, "epsilon": 0.2546425377590965, "gamma": 0.04100905807967955}, "datetime": {"datetime": "2021-09-29 21:08:18", "elapsed": 779.117605, "delta": 3.553798}}
{"target": -56.93320885843517, "params": {"C": 29.11409581399678, "epsilon": 1.2525381513395397, "gamma": 0.03215714741535595}, "datetime": {"datetime": "2021-09-29 21:08:21", "elapsed": 781.180272, "delta": 2.062667}}
{"target": -54.38579441661315, "params": {"C": 8.133609829233317, "epsilon": 0.1189524701696718, "gamma": 0.01832624585618995}, "datetime": {"datetime": "2021-09-29 21:08:26", "elapsed": 786.557, "delta": 5.376728}}
{"target": -54.345873754635356, "params": {"C": 9.87803190428353, "epsilon": 1.7193229263049132, "gamma": 0.03756928836091792}, "datetime": {"datetime": "2021-09-29 21:08:28", "elapsed": 788.457859, "delta": 1.900859}}
{"target": -59.36674377266565, "params": {"C": 85.65905059472134, "epsilon": 0.9203097740575605, "gamma": 0.02904687308036168}, "datetime": {"datetime": "2021-09-29 21:08:30", "elapsed": 790.445899, "delta": 1.98804}}
{"target": -54.97679456764663, "params": {"C": 9.770747260437686, "epsilon": 1.670987097883318, "gamma": 0.045074333261325115}, "datetime": {"datetime": "2021-09-29 21:08:34", "elapsed": 794.198183, "delta": 3.752284}}
{"target": -56.41501866790698, "params": {"C": 9.765991989675317, "epsilon": 1.8517105600300292, "gamma": 0.007385122791304018}, "datetime": {"datetime": "2021-09-29 21:08:38", "elapsed": 798.190825, "delta": 3.992642}}
{"target": -55.635566720019945, "params": {"C": 8.823654199325457, "epsilon": 1.258684956641508, "gamma": 0.04710872615181718}, "datetime": {"datetime": "2021-09-29 21:08:39", "elapsed": 800.04399, "delta": 1.853165}}
{"target": -60.00552805421847, "params": {"C": 7.268067065890877, "epsilon": 0.5714106407419801, "gamma": 0.005085890050509861}, "datetime": {"datetime": "2021-09-29 21:08:44", "elapsed": 804.15194, "delta": 4.10795}}
