{"target": -59.209942425574404, "params": {"C": 92.97628934692675, "epsilon": 0.9136187972860159, "gamma": 0.019809197896367963}, "datetime": {"datetime": "2021-09-29 20:23:26", "elapsed": 592.18929, "delta": 3.707941}}
{"target": -55.16763027402194, "params": {"C": 93.05894479778314, "epsilon": 0.9835958195601725, "gamma": 0.003507167573814654}, "datetime": {"datetime": "2021-09-29 20:23:31", "elapsed": 596.89971, "delta": 4.71042}}
{"target": -59.35375696673163, "params": {"C": 13.339100986607093, "epsilon": 1.792652790788154, "gamma": 0.0321318296540472}, "datetime": {"datetime": "2021-09-29 20:23:37", "elapsed": 603.517837, "delta": 6.618127}}
{"target": -61.42329414421476, "params": {"C": 13.231142789460028, "epsilon": 2.247101192635196, "gamma": 0.06168260092865301}, "datetime": {"datetime": "2021-09-29 20:23:40", "elapsed": 606.564362, "delta": 3.046525}}
{"target": -56.71316638584158, "params": {"C": 14.528099615186004, "epsilon": 0.88863711121795, "gamma": 0.019519538367119692}, "datetime": {"datetime": "2021-09-29 20:23:45", "elapsed": 611.398833, "delta": 4.834471}}
{"target": -70.226973411042, "params": {"C": 96.4797185534356, "epsilon": 1.1781897887535222, "gamma": 0.147622369480852}, "datetime": {"datetime": "2021-09-29 20:23:48", "elapsed": 614.065774, "delta": 2.666941}}
{"target": -60.2129406067167, "params": {"C": 49.14884946291305, "epsilon": 2.716396567901763, "gamma": 0.02656771766103716}, "datetime": {"datetime": "2021-09-29 20:23:51", "elapsed": 616.942022, "delta": 2.876248}}
{"target": -57.688264527322886, "params": {"C": 14.626925554181973, "epsilon": 0.834509631358509, "gamma": 0.022839352533300907}, "datetime": {"datetime": "2021-09-29 20:23:54", "elapsed": 620.559057, "delta": 3.617035}}
{"target": -71.59791323354126, "params": {"C": 58.26658343781564, "epsilon": 1.6660598906548354, "gamma": 0.3888285269581964}, "datetime": {"datetime": "2021-09-29 20:23:57", "elapsed": 622.634058, "delta": 2.075001}}
{"target": -61.42434871358792, "params": {"C": 62.80933764146429, "epsilon": 0.5263096303946285, "gamma": 0.039010291118947334}, "datetime": {"datetime": "2021-09-29 20:24:01", "elapsed": 627.167634, "delta": 4.533576}}
{"target": -62.33074929393513, "params": {"C": 62.94265917740977, "epsilon": 0.5892326303976924, "gamma": 0.04737944343377528}, "datetime": {"datetime": "2021-09-29 20:24:06", "elapsed": 631.626176, "delta": 4.458542}}
{"target": -66.21274003430729, "params": {"C": 93.16403509173792, "epsilon": 1.0105326059714428, "gamma": 0.07964902111590294}, "datetime": {"datetime": "2021-09-29 20:24:09", "elapsed": 635.201452, "delta": 3.575276}}
{"target": -59.81982603008822, "params": {"C": 14.787216299548064, "epsilon": 0.9079627934459293, "gamma": 0.03448714923832686}, "datetime": {"datetime": "2021-09-29 20:24:12", "elapsed": 638.334053, "delta": 3.132601}}
{"target": -60.8037824031323, "params": {"C": 14.587502340599169, "epsilon": 1.1901750992447846, "gamma": 0.047948027392117294}, "datetime": {"datetime": "2021-09-29 20:24:15", "elapsed": 640.833937, "delta": 2.499884}}
{"target": -64.70402632513228, "params": {"C": 54.385672783948564, "epsilon": 1.456948412238384, "gamma": 0.07945908738918209}, "datetime": {"datetime": "2021-09-29 20:24:17", "elapsed": 643.045866, "delta": 2.211929}}
{"target": -69.77547302538929, "params": {"C": 92.82507847095876, "epsilon": 0.9370189998295974, "gamma": 0.1441345634164126}, "datetime": {"datetime": "2021-09-29 20:24:21", "elapsed": 647.219643, "delta": 4.173777}}
{"target": -72.70418695005306, "params": {"C": 90.00230164803435, "epsilon": 1.71809914708737, "gamma": 0.2432627840984638}, "datetime": {"datetime": "2021-09-29 20:24:23", "elapsed": 649.574433, "delta": 2.35479}}
{"target": -60.967017669143644, "params": {"C": 10.976592917738303, "epsilon": 1.3095322300503462, "gamma": 0.055657670382381744}, "datetime": {"datetime": "2021-09-29 20:24:30", "elapsed": 655.761316, "delta": 6.186883}}
{"target": -64.7241353265254, "params": {"C": 46.65805481856686, "epsilon": 0.7960541989066383, "gamma": 0.08127869565716543}, "datetime": {"datetime": "2021-09-29 20:24:33", "elapsed": 659.323871, "delta": 3.562555}}
{"target": -54.28161769614908, "params": {"C": 48.971340782957746, "epsilon": 2.913184900854291, "gamma": 0.0040420407196139225}, "datetime": {"datetime": "2021-09-29 20:24:35", "elapsed": 661.357604, "delta": 2.033733}}
{"target": -56.70768452218555, "params": {"C": 14.644560328791512, "epsilon": 1.4018502728182216, "gamma": 0.019395559836013373}, "datetime": {"datetime": "2021-09-29 20:24:39", "elapsed": 665.035733, "delta": 3.678129}}
{"target": -60.609068734811935, "params": {"C": 93.00041083566688, "epsilon": 1.2096903146735376, "gamma": 0.028690799872591693}, "datetime": {"datetime": "2021-09-29 20:24:46", "elapsed": 672.03869, "delta": 7.002957}}
{"target": -58.768704556756745, "params": {"C": 14.700924198603696, "epsilon": 0.9053114942739646, "gamma": 0.027385545735345206}, "datetime": {"datetime": "2021-09-29 20:24:50", "elapsed": 675.71583, "delta": 3.67714}}
{"target": -62.29808486792252, "params": {"C": 13.624159652005805, "epsilon": 1.5868266328418208, "gamma": 0.07889013171282219}, "datetime": {"datetime": "2021-09-29 20:24:52", "elapsed": 678.531537, "delta": 2.815707}}
{"target": -60.88011612837365, "params": {"C": 48.83549961630674, "epsilon": 2.970312067987345, "gamma": 0.03348673007902601}, "datetime": {"datetime": "2021-09-29 20:24:58", "elapsed": 683.730505, "delta": 5.198968}}
{"target": -65.47800223848759, "params": {"C": 2.897766203963989, "epsilon": 0.2611911110256846, "gamma": 0.10789471506738457}, "datetime": {"datetime": "2021-09-29 20:25:00", "elapsed": 685.945505, "delta": 2.215}}
{"target": -69.78066627079961, "params": {"C": 34.040260720776445, "epsilon": 2.4181446825664947, "gamma": 0.42381342024129065}, "datetime": {"datetime": "2021-09-29 20:25:02", "elapsed": 688.30361, "delta": 2.358105}}
{"target": -63.75565680729147, "params": {"C": 11.05657866586318, "epsilon": 0.1901698884048717, "gamma": 0.14135879002289917}, "datetime": {"datetime": "2021-09-29 20:25:05", "elapsed": 690.790022, "delta": 2.486412}}
{"target": -59.86315430074446, "params": {"C": 14.724590361776492, "epsilon": 1.037520633691793, "gamma": 0.035051039728335766}, "datetime": {"datetime": "2021-09-29 20:25:09", "elapsed": 695.28786, "delta": 4.497838}}
{"target": -62.58237513840205, "params": {"C": 14.620686403169392, "epsilon": 0.9472297216700698, "gamma": 0.08262354979140843}, "datetime": {"datetime": "2021-09-29 20:25:14", "elapsed": 700.029481, "delta": 4.741621}}
{"target": -62.169767830878996, "params": {"C": 14.534219296535738, "epsilon": 1.3577082022647724, "gamma": 0.07461699177903296}, "datetime": {"datetime": "2021-09-29 20:25:21", "elapsed": 706.902742, "delta": 6.873261}}
{"target": -57.951424975485956, "params": {"C": 96.50605262085452, "epsilon": 2.433457602803528, "gamma": 0.011872502771084356}, "datetime": {"datetime": "2021-09-29 20:25:26", "elapsed": 712.401188, "delta": 5.498446}}
{"target": -69.28973887265529, "params": {"C": 41.646740499660886, "epsilon": 2.8889763626214657, "gamma": 0.306632376522626}, "datetime": {"datetime": "2021-09-29 20:25:29", "elapsed": 714.64194, "delta": 2.240752}}
{"target": -66.32092368539361, "params": {"C": 34.0616361370585, "epsilon": 1.6619369522648237, "gamma": 0.1471688863660044}, "datetime": {"datetime": "2021-09-29 20:25:31", "elapsed": 717.300292, "delta": 2.658352}}
{"target": -56.51995173155583, "params": {"C": 62.8827401140888, "epsilon": 0.5190883655153753, "gamma": 0.006845833699464293}, "datetime": {"datetime": "2021-09-29 20:25:35", "elapsed": 721.245937, "delta": 3.945645}}
{"target": -63.78171752888221, "params": {"C": 14.66267012003918, "epsilon": 0.7256766170044535, "gamma": 0.12975968448851158}, "datetime": {"datetime": "2021-09-29 20:25:39", "elapsed": 725.215835, "delta": 3.969898}}
{"target": -55.21210419995944, "params": {"C": 96.63420186331219, "epsilon": 2.3840315629985245, "gamma": 0.003740466645621736}, "datetime": {"datetime": "2021-09-29 20:25:44", "elapsed": 730.590507, "delta": 5.374672}}
{"target": -60.40280798918577, "params": {"C": 92.86085405661927, "epsilon": 0.8612008788657027, "gamma": 0.026287037254869923}, "datetime": {"datetime": "2021-09-29 20:25:49", "elapsed": 735.032618, "delta": 4.442111}}
{"target": -70.23148814791213, "params": {"C": 52.45274151190131, "epsilon": 2.803619618010101, "gamma": 0.3087693051505476}, "datetime": {"datetime": "2021-09-29 20:25:52", "elapsed": 737.766813, "delta": 2.734195}}
{"target": -65.4739240667722, "params": {"C": 96.51732236518612, "epsilon": 2.252435793530835, "gamma": 0.07123956964282961}, "datetime": {"datetime": "2021-09-29 20:25:56", "elapsed": 742.562553, "delta": 4.79574}}
{"target": -72.82852826131318, "params": {"C": 85.98490420357297, "epsilon": 0.17087666655427589, "gamma": 0.2697371812242071}, "datetime": {"datetime": "2021-09-29 20:25:59", "elapsed": 745.025064, "delta": 2.462511}}
{"target": -57.046854662757454, "params": {"C": 62.66470605849805, "epsilon": 0.08236637500586742, "gamma": 0.010325754728778922}, "datetime": {"datetime": "2021-09-29 20:26:07", "elapsed": 752.680288, "delta": 7.655224}}
{"target": -60.742174255063176, "params": {"C": 14.823265986321346, "epsilon": 0.8860075541497762, "gamma": 0.04402814680655926}, "datetime": {"datetime": "2021-09-29 20:26:09", "elapsed": 755.182925, "delta": 2.502637}}
{"target": -54.70398840944332, "params": {"C": 13.378205448783946, "epsilon": 2.006564213667955, "gamma": 0.010305859498295804}, "datetime": {"datetime": "2021-09-29 20:26:12", "elapsed": 758.346882, "delta": 3.163957}}
{"target": -68.81961409104014, "params": {"C": 6.115574120774871, "epsilon": 0.5035993542701336, "gamma": 0.24348743641154044}, "datetime": {"datetime": "2021-09-29 20:26:15", "elapsed": 760.793604, "delta": 2.446722}}
{"target": -53.08995553295459, "params": {"C": 49.47296339445207, "epsilon": 2.223686634797754, "gamma": 0.001}, "datetime": {"datetime": "2021-09-29 20:26:19", "elapsed": 765.274953, "delta": 4.481349}}
{"target": -59.70813366912133, "params": {"C": 89.17626299956345, "epsilon": 1.3184514278867212, "gamma": 0.022471858674093095}, "datetime": {"datetime": "2021-09-29 20:26:23", "elapsed": 769.533458, "delta": 4.258505}}
{"target": -55.884982778637614, "params": {"C": 10.92999522626642, "epsilon": 1.6070064429532513, "gamma": 0.015450898913961637}, "datetime": {"datetime": "2021-09-29 20:26:27", "elapsed": 773.477521, "delta": 3.944063}}
{"target": -65.66534241787902, "params": {"C": 96.66520412925442, "epsilon": 2.4389549368533374, "gamma": 0.07312789104225573}, "datetime": {"datetime": "2021-09-29 20:26:32", "elapsed": 777.647208, "delta": 4.169687}}
{"target": -57.70301508096504, "params": {"C": 14.480491469636343, "epsilon": 0.8063180136567987, "gamma": 0.02304136612132101}, "datetime": {"datetime": "2021-09-29 20:26:37", "elapsed": 782.829032, "delta": 5.181824}}
{"target": -63.816920640836905, "params": {"C": 55.96074218028904, "epsilon": 1.0804596480381417, "gamma": 0.06734438289459603}, "datetime": {"datetime": "2021-09-29 20:26:39", "elapsed": 785.480059, "delta": 2.651027}}
{"target": -63.07889265572007, "params": {"C": 62.6530274108817, "epsilon": 0.01802603730459116, "gamma": 0.05556850593495234}, "datetime": {"datetime": "2021-09-29 20:26:43", "elapsed": 789.364721, "delta": 3.884662}}
{"target": -55.981424863864696, "params": {"C": 96.72088732309972, "epsilon": 2.804194415595007, "gamma": 0.0062388907050944355}, "datetime": {"datetime": "2021-09-29 20:26:48", "elapsed": 793.809625, "delta": 4.444904}}
{"target": -71.45729645944813, "params": {"C": 50.36011506204111, "epsilon": 1.2749632798987498, "gamma": 0.4935850591715127}, "datetime": {"datetime": "2021-09-29 20:26:50", "elapsed": 796.426813, "delta": 2.617188}}
{"target": -68.78694576582932, "params": {"C": 8.262838650989949, "epsilon": 0.9935938469018073, "gamma": 0.26984482374906554}, "datetime": {"datetime": "2021-09-29 20:26:53", "elapsed": 799.406601, "delta": 2.979788}}
{"target": -61.77803960165251, "params": {"C": 11.235349862998449, "epsilon": 2.208586514837261, "gamma": 0.07022891409362499}, "datetime": {"datetime": "2021-09-29 20:26:56", "elapsed": 801.633605, "delta": 2.227004}}
{"target": -64.56996817956124, "params": {"C": 96.75574196369408, "epsilon": 2.254772822543891, "gamma": 0.06362139500817043}, "datetime": {"datetime": "2021-09-29 20:27:00", "elapsed": 806.221532, "delta": 4.587927}}
{"target": -60.215209439348705, "params": {"C": 13.197343052070954, "epsilon": 1.633515532250997, "gamma": 0.04381808773515464}, "datetime": {"datetime": "2021-09-29 20:27:05", "elapsed": 810.868086, "delta": 4.646554}}
{"target": -65.83847760117445, "params": {"C": 42.90362449827732, "epsilon": 2.295568917275061, "gamma": 0.10680907800755356}, "datetime": {"datetime": "2021-09-29 20:27:07", "elapsed": 813.153768, "delta": 2.285682}}
{"target": -57.98799540892182, "params": {"C": 72.15962481447923, "epsilon": 2.1316165746250646, "gamma": 0.013967594415267216}, "datetime": {"datetime": "2021-09-29 20:27:14", "elapsed": 820.27703, "delta": 7.123262}}
{"target": -64.59274283271161, "params": {"C": 13.262879108686203, "epsilon": 1.8108242617947117, "gamma": 0.1614530659941659}, "datetime": {"datetime": "2021-09-29 20:27:19", "elapsed": 825.519929, "delta": 5.242899}}
{"target": -61.11633591587131, "params": {"C": 13.700360218860121, "epsilon": 1.9337917291870002, "gamma": 0.05825728684162006}, "datetime": {"datetime": "2021-09-29 20:27:24", "elapsed": 830.015058, "delta": 4.495129}}
{"target": -59.95945289430432, "params": {"C": 72.03924466412136, "epsilon": 1.9225586516754876, "gamma": 0.024917401625186353}, "datetime": {"datetime": "2021-09-29 20:27:27", "elapsed": 832.715497, "delta": 2.700439}}
{"target": -60.38522312827664, "params": {"C": 5.083344176064803, "epsilon": 1.456775485170671, "gamma": 0.07425327407554433}, "datetime": {"datetime": "2021-09-29 20:27:29", "elapsed": 835.507914, "delta": 2.792417}}
{"target": -70.13103355727253, "params": {"C": 16.59124447105032, "epsilon": 0.4563283959310349, "gamma": 0.42901980711488513}, "datetime": {"datetime": "2021-09-29 20:27:32", "elapsed": 838.418196, "delta": 2.910282}}
{"target": -66.06212431981342, "params": {"C": 49.00552018049153, "epsilon": 2.1880204170043847, "gamma": 0.10594493309627209}, "datetime": {"datetime": "2021-09-29 20:27:37", "elapsed": 843.446578, "delta": 5.028382}}
{"target": -69.5059027614706, "params": {"C": 90.72449919090617, "epsilon": 0.9805448894646717, "gamma": 0.14151928855211615}, "datetime": {"datetime": "2021-09-29 20:27:40", "elapsed": 846.018192, "delta": 2.571614}}
{"target": -56.220522281894844, "params": {"C": 14.365966530548228, "epsilon": 1.3130056726186485, "gamma": 0.017324940249000404}, "datetime": {"datetime": "2021-09-29 20:27:45", "elapsed": 851.33225, "delta": 5.314058}}
{"target": -69.13298528645025, "params": {"C": 32.698418561407536, "epsilon": 0.6309668318908196, "gamma": 0.35134365395919875}, "datetime": {"datetime": "2021-09-29 20:27:48", "elapsed": 854.397097, "delta": 3.064847}}
{"target": -61.52021189438089, "params": {"C": 93.43454901557173, "epsilon": 1.3436341825656783, "gamma": 0.036743247408623614}, "datetime": {"datetime": "2021-09-29 20:27:51", "elapsed": 857.177001, "delta": 2.779904}}
{"target": -57.64052452440129, "params": {"C": 96.37138185262283, "epsilon": 2.740577201143448, "gamma": 0.010959386910320647}, "datetime": {"datetime": "2021-09-29 20:27:56", "elapsed": 862.27195, "delta": 5.094949}}
{"target": -52.90516396310226, "params": {"C": 14.33032121456164, "epsilon": 1.2166951170191522, "gamma": 0.0050987540519437016}, "datetime": {"datetime": "2021-09-29 20:28:02", "elapsed": 867.795731, "delta": 5.523781}}
{"target": -57.98352368904494, "params": {"C": 72.31849287367028, "epsilon": 2.167529173303953, "gamma": 0.013912763609102322}, "datetime": {"datetime": "2021-09-29 20:28:08", "elapsed": 873.950118, "delta": 6.154387}}
{"target": -73.22785301536288, "params": {"C": 88.74122675839965, "epsilon": 1.0923336638793433, "gamma": 0.2762399650213186}, "datetime": {"datetime": "2021-09-29 20:28:11", "elapsed": 877.10919, "delta": 3.159072}}
{"target": -60.82598712085916, "params": {"C": 14.865275245846894, "epsilon": 1.0437189512248233, "gamma": 0.001}, "datetime": {"datetime": "2021-09-29 20:28:16", "elapsed": 882.211068, "delta": 5.101878}}
{"target": -67.84420166470449, "params": {"C": 72.28543578253868, "epsilon": 2.235532216500379, "gamma": 0.13152487410906818}, "datetime": {"datetime": "2021-09-29 20:28:21", "elapsed": 887.114035, "delta": 4.902967}}
{"target": -58.59305978298729, "params": {"C": 4.971112270486204, "epsilon": 1.5481786823871704, "gamma": 0.033479731075029884}, "datetime": {"datetime": "2021-09-29 20:28:27", "elapsed": 892.97871, "delta": 5.864675}}
{"target": -57.58317744492471, "params": {"C": 11.958695600871279, "epsilon": 1.2041191247174077, "gamma": 0.02428576530716115}, "datetime": {"datetime": "2021-09-29 20:28:30", "elapsed": 896.35242, "delta": 3.37371}}
{"target": -72.63788293536122, "params": {"C": 62.093765591612616, "epsilon": 1.3725375065768948, "gamma": 0.4621657344001562}, "datetime": {"datetime": "2021-09-29 20:28:33", "elapsed": 899.087382, "delta": 2.734962}}
{"target": -66.98874680357967, "params": {"C": 12.756384104188447, "epsilon": 2.76171001766885, "gamma": 0.25867116247107397}, "datetime": {"datetime": "2021-09-29 20:28:36", "elapsed": 901.828908, "delta": 2.741526}}
{"target": -56.63853582755187, "params": {"C": 14.33875030492105, "epsilon": 1.224093807365145, "gamma": 0.001799465877530057}, "datetime": {"datetime": "2021-09-29 20:28:39", "elapsed": 904.96971, "delta": 3.140802}}
{"target": -64.56903438509983, "params": {"C": 89.73632674178504, "epsilon": 2.142929377823509, "gamma": 0.06609867633244823}, "datetime": {"datetime": "2021-09-29 20:28:42", "elapsed": 908.038652, "delta": 3.068942}}
{"target": -53.82724052999116, "params": {"C": 14.409361112367122, "epsilon": 0.7996465195085087, "gamma": 0.004254016724656411}, "datetime": {"datetime": "2021-09-29 20:28:47", "elapsed": 912.885795, "delta": 4.847143}}
{"target": -63.958592372749564, "params": {"C": 96.31412177915828, "epsilon": 2.830318189720046, "gamma": 0.058337755899505746}, "datetime": {"datetime": "2021-09-29 20:28:52", "elapsed": 917.691844, "delta": 4.806049}}
{"target": -59.64293386009615, "params": {"C": 25.17708432870553, "epsilon": 0.83822551477723, "gamma": 0.02518185549683713}, "datetime": {"datetime": "2021-09-29 20:28:55", "elapsed": 921.227521, "delta": 3.535677}}
{"target": -60.67473059934221, "params": {"C": 14.34104744603642, "epsilon": 1.2034915576315375, "gamma": 0.0469288581882665}, "datetime": {"datetime": "2021-09-29 20:29:00", "elapsed": 926.481317, "delta": 5.253796}}
{"target": -55.44344590224295, "params": {"C": 11.925949050225881, "epsilon": 1.2926717184474403, "gamma": 0.013918636133665233}, "datetime": {"datetime": "2021-09-29 20:29:06", "elapsed": 931.925145, "delta": 5.443828}}
{"target": -63.558148978556936, "params": {"C": 11.8777136659401, "epsilon": 1.210115745355323, "gamma": 0.11854140479490691}, "datetime": {"datetime": "2021-09-29 20:29:11", "elapsed": 936.627602, "delta": 4.702457}}
{"target": -61.017414050391864, "params": {"C": 13.643242047911976, "epsilon": 1.3221629449343881, "gamma": 0.05735338576999088}, "datetime": {"datetime": "2021-09-29 20:29:15", "elapsed": 941.256192, "delta": 4.62859}}
{"target": -71.90990974352164, "params": {"C": 79.44644917685827, "epsilon": 2.53192352309371, "gamma": 0.24239988094326578}, "datetime": {"datetime": "2021-09-29 20:29:21", "elapsed": 947.1886, "delta": 5.932408}}
{"target": -72.62294544199894, "params": {"C": 1.8256704502563017, "epsilon": 1.3187229036106807, "gamma": 0.24861884264362513}, "datetime": {"datetime": "2021-09-29 20:29:25", "elapsed": 950.635849, "delta": 3.447249}}
{"target": -60.6478732318094, "params": {"C": 49.45945220093677, "epsilon": 2.1922577691058667, "gamma": 0.03043634942966171}, "datetime": {"datetime": "2021-09-29 20:29:31", "elapsed": 957.293106, "delta": 6.657257}}
{"target": -68.72347450301356, "params": {"C": 29.11409581399678, "epsilon": 1.2525381513395397, "gamma": 0.32157147415355947}, "datetime": {"datetime": "2021-09-29 20:29:35", "elapsed": 960.742214, "delta": 3.449108}}
{"target": -62.33408080724997, "params": {"C": 72.41402115813122, "epsilon": 2.1281516623044663, "gamma": 0.048985124448440845}, "datetime": {"datetime": "2021-09-29 20:29:41", "elapsed": 967.509758, "delta": 6.767544}}
{"target": -70.44084780446217, "params": {"C": 9.87803190428353, "epsilon": 1.7193229263049132, "gamma": 0.3756928836091792}, "datetime": {"datetime": "2021-09-29 20:29:44", "elapsed": 969.878202, "delta": 2.368444}}
{"target": -73.28973499271018, "params": {"C": 85.65905059472134, "epsilon": 0.9203097740575605, "gamma": 0.2904687308036168}, "datetime": {"datetime": "2021-09-29 20:29:47", "elapsed": 973.183486, "delta": 3.305284}}
{"target": -56.12436116286319, "params": {"C": 96.71274427418223, "epsilon": 2.7917918332390106, "gamma": 0.00494674172044495}, "datetime": {"datetime": "2021-09-29 20:29:50", "elapsed": 975.650465, "delta": 2.466979}}
{"target": -62.257512162536145, "params": {"C": 14.377944952849342, "epsilon": 0.9515352051877112, "gamma": 0.07516847360910292}, "datetime": {"datetime": "2021-09-29 20:29:55", "elapsed": 981.460069, "delta": 5.809604}}
{"target": -71.95647043048292, "params": {"C": 8.823654199325457, "epsilon": 1.258684956641508, "gamma": 0.47108726151817176}, "datetime": {"datetime": "2021-09-29 20:29:58", "elapsed": 984.109144, "delta": 2.649075}}
{"target": -57.737785237469055, "params": {"C": 62.67989229782017, "epsilon": 0.23179213850777564, "gamma": 0.01390095560166216}, "datetime": {"datetime": "2021-09-29 20:30:04", "elapsed": 990.518637, "delta": 6.409493}}
