{"target": -10.345432492288536, "params": {"C": 5209.003570279449, "gamma": 0.05}, "datetime": {"datetime": "2021-06-22 08:10:06", "elapsed": 23.242049, "delta": 0.416329}}
{"target": -10.731318252053304, "params": {"C": 7591.260139883099, "gamma": 0.012309549720135853}, "datetime": {"datetime": "2021-06-22 08:10:06", "elapsed": 23.694372, "delta": 0.452323}}
{"target": -10.48745065232188, "params": {"C": 7869.456217919475, "gamma": 0.019410752158236438}, "datetime": {"datetime": "2021-06-22 08:10:07", "elapsed": 24.281202, "delta": 0.58683}}
{"target": -10.725891493323935, "params": {"C": 7306.2342447900155, "gamma": 0.01269247491803948}, "datetime": {"datetime": "2021-06-22 08:10:07", "elapsed": 24.756055, "delta": 0.474853}}
{"target": -10.23867888876559, "params": {"C": 6244.436452199398, "gamma": 0.04467489442932859}, "datetime": {"datetime": "2021-06-22 08:10:08", "elapsed": 25.198685, "delta": 0.44263}}
{"target": -10.38238496170626, "params": {"C": 7008.870917112512, "gamma": 0.024932353900631893}, "datetime": {"datetime": "2021-06-22 08:10:08", "elapsed": 25.644832, "delta": 0.446147}}
{"target": -10.571952666682954, "params": {"C": 4638.110904299889, "gamma": 0.02318168355343741}, "datetime": {"datetime": "2021-06-22 08:10:09", "elapsed": 26.132581, "delta": 0.487749}}
{"target": -10.395962810338643, "params": {"C": 5354.209215070994, "gamma": 0.029861971358174394}, "datetime": {"datetime": "2021-06-22 08:10:09", "elapsed": 26.547635, "delta": 0.415054}}
{"target": -10.30790675348518, "params": {"C": 5433.100493407663, "gamma": 0.0390378605154015}, "datetime": {"datetime": "2021-06-22 08:10:09", "elapsed": 27.027743, "delta": 0.480108}}
{"target": -10.94264813424889, "params": {"C": 6808.817723242337, "gamma": 0.009860268131383335}, "datetime": {"datetime": "2021-06-22 08:10:10", "elapsed": 27.495712, "delta": 0.467969}}
{"target": -10.508693738391786, "params": {"C": 4782.868317211482, "gamma": 0.02578603031492044}, "datetime": {"datetime": "2021-06-22 08:10:10", "elapsed": 27.965963, "delta": 0.470251}}
{"target": -10.250336646959918, "params": {"C": 6603.422884811043, "gamma": 0.05}, "datetime": {"datetime": "2021-06-22 08:10:11", "elapsed": 28.451404, "delta": 0.485441}}
{"target": -10.470165547771272, "params": {"C": 4148.737180205595, "gamma": 0.03253840883633198}, "datetime": {"datetime": "2021-06-22 08:10:11", "elapsed": 28.894969, "delta": 0.443565}}
{"target": -10.562233772354764, "params": {"C": 5556.630957883755, "gamma": 0.0208843421338451}, "datetime": {"datetime": "2021-06-22 08:10:12", "elapsed": 29.367018, "delta": 0.472049}}
{"target": -10.337888180871195, "params": {"C": 6005.172323320614, "gamma": 0.030642656582760462}, "datetime": {"datetime": "2021-06-22 08:10:12", "elapsed": 29.869844, "delta": 0.502826}}
{"target": -10.38875614759743, "params": {"C": 4710.931463859937, "gamma": 0.036901580533178206}, "datetime": {"datetime": "2021-06-22 08:10:13", "elapsed": 30.368844, "delta": 0.499}}
{"target": -10.435049723593655, "params": {"C": 4035.271823108112, "gamma": 0.04800359611284321}, "datetime": {"datetime": "2021-06-22 08:10:13", "elapsed": 30.820981, "delta": 0.452137}}
{"target": -10.221531765939416, "params": {"C": 6492.378812364127, "gamma": 0.039851228122063785}, "datetime": {"datetime": "2021-06-22 08:10:14", "elapsed": 31.379131, "delta": 0.55815}}
{"target": -10.19163204803813, "params": {"C": 6937.101324336857, "gamma": 0.04422999854564962}, "datetime": {"datetime": "2021-06-22 08:10:14", "elapsed": 31.912727, "delta": 0.533596}}
{"target": -10.384709446303507, "params": {"C": 4525.300717785891, "gamma": 0.0480395067094014}, "datetime": {"datetime": "2021-06-22 08:10:15", "elapsed": 32.462805, "delta": 0.550078}}
{"target": -10.285719525073361, "params": {"C": 5930.225565871638, "gamma": 0.04882013609488975}, "datetime": {"datetime": "2021-06-22 08:10:15", "elapsed": 33.026583, "delta": 0.563778}}
{"target": -10.278909494406532, "params": {"C": 6329.482886519254, "gamma": 0.03357335421046755}, "datetime": {"datetime": "2021-06-22 08:10:16", "elapsed": 33.464842, "delta": 0.438259}}
{"target": -10.545181008921778, "params": {"C": 5281.82748485312, "gamma": 0.022368002799910303}, "datetime": {"datetime": "2021-06-22 08:10:16", "elapsed": 33.9344, "delta": 0.469558}}
{"target": -10.317296893537593, "params": {"C": 5810.898250288142, "gamma": 0.03375128398010557}, "datetime": {"datetime": "2021-06-22 08:10:17", "elapsed": 34.461614, "delta": 0.527214}}
{"target": -10.41408239051388, "params": {"C": 6435.23564757233, "gamma": 0.02502242285060749}, "datetime": {"datetime": "2021-06-22 08:10:17", "elapsed": 35.039408, "delta": 0.577794}}
{"target": -10.233074323821599, "params": {"C": 6877.41851449221, "gamma": 0.05}, "datetime": {"datetime": "2021-06-22 08:10:18", "elapsed": 35.564509, "delta": 0.525101}}
{"target": -10.762866023328847, "params": {"C": 5039.375833522461, "gamma": 0.014820683064280202}, "datetime": {"datetime": "2021-06-22 08:10:19", "elapsed": 36.359217, "delta": 0.794708}}
{"target": -10.573432151429696, "params": {"C": 4879.817430303001, "gamma": 0.022298955652173075}, "datetime": {"datetime": "2021-06-22 08:10:19", "elapsed": 37.039757, "delta": 0.68054}}
{"target": -10.359125930378015, "params": {"C": 7132.006790181225, "gamma": 0.025589957310165744}, "datetime": {"datetime": "2021-06-22 08:10:20", "elapsed": 37.644164, "delta": 0.604407}}
{"target": -10.411366461331511, "params": {"C": 5499.48355634268, "gamma": 0.02822088218876191}, "datetime": {"datetime": "2021-06-22 08:10:21", "elapsed": 38.191467, "delta": 0.547303}}
{"target": -10.24974533812525, "params": {"C": 6110.136875021937, "gamma": 0.03989187796491181}, "datetime": {"datetime": "2021-06-22 08:10:21", "elapsed": 38.798812, "delta": 0.607345}}
{"target": -10.569228348610016, "params": {"C": 7806.847286720726, "gamma": 0.016720160381992474}, "datetime": {"datetime": "2021-06-22 08:10:22", "elapsed": 39.665812, "delta": 0.867}}
{"target": -10.181102056112959, "params": {"C": 7757.676542081726, "gamma": 0.05}, "datetime": {"datetime": "2021-06-22 08:10:23", "elapsed": 40.18681, "delta": 0.520998}}
{"target": -10.255689679414983, "params": {"C": 7436.1201310515735, "gamma": 0.029975863624203992}, "datetime": {"datetime": "2021-06-22 08:10:23", "elapsed": 40.969958, "delta": 0.783148}}
{"target": -10.186379467250052, "params": {"C": 7180.167144765506, "gamma": 0.037122965850346384}, "datetime": {"datetime": "2021-06-22 08:10:24", "elapsed": 41.518154, "delta": 0.548196}}
{"target": -10.396040200189901, "params": {"C": 4985.461007004137, "gamma": 0.03238185825629353}, "datetime": {"datetime": "2021-06-22 08:10:25", "elapsed": 42.132865, "delta": 0.614711}}
{"target": -10.265677397541307, "params": {"C": 6219.99947812913, "gamma": 0.035687253000546}, "datetime": {"datetime": "2021-06-22 08:10:25", "elapsed": 42.712323, "delta": 0.579458}}
{"target": -10.484132553876096, "params": {"C": 7483.063057030429, "gamma": 0.01998463539619315}, "datetime": {"datetime": "2021-06-22 08:10:26", "elapsed": 43.370546, "delta": 0.658223}}
{"target": -10.16575838077805, "params": {"C": 7527.790356759249, "gamma": 0.04556360001390261}, "datetime": {"datetime": "2021-06-22 08:10:26", "elapsed": 44.03165, "delta": 0.661104}}
{"target": -10.339269126774097, "params": {"C": 6722.390539112672, "gamma": 0.02769719237965723}, "datetime": {"datetime": "2021-06-22 08:10:27", "elapsed": 44.76715, "delta": 0.7355}}
{"target": -10.264570127382594, "params": {"C": 6382.219975310971, "gamma": 0.05}, "datetime": {"datetime": "2021-06-22 08:10:28", "elapsed": 45.476665, "delta": 0.709515}}
{"target": -10.272764623605573, "params": {"C": 5873.653970764533, "gamma": 0.03869294662487424}, "datetime": {"datetime": "2021-06-22 08:10:28", "elapsed": 46.056552, "delta": 0.579887}}
{"target": -10.560564980481232, "params": {"C": 5097.219477977166, "gamma": 0.02221873137464748}, "datetime": {"datetime": "2021-06-22 08:10:29", "elapsed": 46.666375, "delta": 0.609823}}
{"target": -10.49289040160986, "params": {"C": 4234.9076518940365, "gamma": 0.0294134444406109}, "datetime": {"datetime": "2021-06-22 08:10:30", "elapsed": 47.340377, "delta": 0.674002}}
{"target": -10.600102137506576, "params": {"C": 4444.470713579271, "gamma": 0.022501464255568544}, "datetime": {"datetime": "2021-06-22 08:10:31", "elapsed": 48.140258, "delta": 0.799881}}
{"target": -10.708815066499596, "params": {"C": 5650.841609999251, "gamma": 0.015171058787657545}, "datetime": {"datetime": "2021-06-22 08:10:31", "elapsed": 48.692964, "delta": 0.552706}}
{"target": -10.316388586238599, "params": {"C": 5611.583528831985, "gamma": 0.05}, "datetime": {"datetime": "2021-06-22 08:10:32", "elapsed": 49.265456, "delta": 0.572492}}
{"target": -10.299905943954236, "params": {"C": 5752.541977586471, "gamma": 0.04911582556635473}, "datetime": {"datetime": "2021-06-22 08:10:32", "elapsed": 49.878274, "delta": 0.612818}}
{"target": -10.323088376876791, "params": {"C": 5182.306508248959, "gamma": 0.040818877596686176}, "datetime": {"datetime": "2021-06-22 08:10:33", "elapsed": 50.522673, "delta": 0.644399}}
{"target": -10.412568054768553, "params": {"C": 4304.69864577724, "gamma": 0.049158215101655765}, "datetime": {"datetime": "2021-06-22 08:10:34", "elapsed": 51.206101, "delta": 0.683428}}
{"target": -10.922056402439125, "params": {"C": 4933.844162112515, "gamma": 0.01183738497222651}, "datetime": {"datetime": "2021-06-22 08:10:34", "elapsed": 51.843069, "delta": 0.636968}}
{"target": -10.68798568860061, "params": {"C": 6544.031051554931, "gamma": 0.014466394719673255}, "datetime": {"datetime": "2021-06-22 08:10:35", "elapsed": 52.54253, "delta": 0.699461}}
{"target": -10.823854203024101, "params": {"C": 6061.046617965356, "gamma": 0.012076867333608667}, "datetime": {"datetime": "2021-06-22 08:10:36", "elapsed": 53.118607, "delta": 0.576077}}
{"target": -10.219750231720806, "params": {"C": 6674.239421304161, "gamma": 0.04617549437856872}, "datetime": {"datetime": "2021-06-22 08:10:36", "elapsed": 53.860603, "delta": 0.741996}}
{"target": -10.955771641505978, "params": {"C": 7975.7880438580105, "gamma": 0.009}, "datetime": {"datetime": "2021-06-22 08:10:37", "elapsed": 54.504037, "delta": 0.643434}}
{"target": -10.957930047891464, "params": {"C": 7935.538185001206, "gamma": 0.009}, "datetime": {"datetime": "2021-06-22 08:10:38", "elapsed": 55.097585, "delta": 0.593548}}
{"target": -10.173035834356, "params": {"C": 7389.688531790149, "gamma": 0.045462498406252085}, "datetime": {"datetime": "2021-06-22 08:10:38", "elapsed": 55.916387, "delta": 0.818802}}
{"target": -10.937233632486281, "params": {"C": 6268.692496169824, "gamma": 0.010327710502398856}, "datetime": {"datetime": "2021-06-22 08:10:39", "elapsed": 56.559964, "delta": 0.643577}}
{"target": -10.210595561972443, "params": {"C": 7086.1804372719125, "gamma": 0.04857305119771352}, "datetime": {"datetime": "2021-06-22 08:10:40", "elapsed": 57.340439, "delta": 0.780475}}
{"target": -10.938895381273985, "params": {"C": 7657.872696083834, "gamma": 0.00935461290313117}, "datetime": {"datetime": "2021-06-22 08:10:41", "elapsed": 58.128368, "delta": 0.787929}}
{"target": -10.193479577393564, "params": {"C": 7279.483709048609, "gamma": 0.03509269140523179}, "datetime": {"datetime": "2021-06-22 08:10:41", "elapsed": 58.789656, "delta": 0.661288}}
{"target": -10.15649490531452, "params": {"C": 7706.591064533393, "gamma": 0.045707439583025616}, "datetime": {"datetime": "2021-06-22 08:10:42", "elapsed": 59.404313, "delta": 0.614657}}
{"target": -10.883488060492263, "params": {"C": 6157.29391704942, "gamma": 0.01107055647789619}, "datetime": {"datetime": "2021-06-22 08:10:43", "elapsed": 60.099312, "delta": 0.694999}}
{"target": -10.408397825802732, "params": {"C": 5231.388311834162, "gamma": 0.029667119291764445}, "datetime": {"datetime": "2021-06-22 08:10:43", "elapsed": 61.039052, "delta": 0.93974}}
{"target": -10.173766704283045, "params": {"C": 7891.693857018458, "gamma": 0.05}, "datetime": {"datetime": "2021-06-22 08:10:44", "elapsed": 61.879863, "delta": 0.840811}}
{"target": -10.211773022792652, "params": {"C": 7224.38762770566, "gamma": 0.05}, "datetime": {"datetime": "2021-06-22 08:10:45", "elapsed": 62.640357, "delta": 0.760494}}
{"target": -10.199204367194723, "params": {"C": 7031.160210882574, "gamma": 0.036488827765337906}, "datetime": {"datetime": "2021-06-22 08:10:46", "elapsed": 63.285809, "delta": 0.645452}}
{"target": -10.475863465282439, "params": {"C": 4614.232643501698, "gamma": 0.028328583641801006}, "datetime": {"datetime": "2021-06-22 08:10:46", "elapsed": 63.998545, "delta": 0.712736}}
{"target": -10.251433679287082, "params": {"C": 6586.22353173866, "gamma": 0.05}, "datetime": {"datetime": "2021-06-22 08:10:47", "elapsed": 64.685136, "delta": 0.686591}}
{"target": -11.13595227175077, "params": {"C": 5333.885974739087, "gamma": 0.009}, "datetime": {"datetime": "2021-06-22 08:10:48", "elapsed": 65.35403, "delta": 0.668894}}
{"target": -10.400189109039049, "params": {"C": 5374.134479015935, "gamma": 0.02949587075852754}, "datetime": {"datetime": "2021-06-22 08:10:48", "elapsed": 66.005726, "delta": 0.651696}}
{"target": -10.51687790181794, "params": {"C": 5693.829670381696, "gamma": 0.02246712810184027}, "datetime": {"datetime": "2021-06-22 08:10:49", "elapsed": 66.903522, "delta": 0.897796}}
{"target": -10.18347892814088, "params": {"C": 7334.306357291263, "gamma": 0.0358392625306727}, "datetime": {"datetime": "2021-06-22 08:10:50", "elapsed": 67.510789, "delta": 0.607267}}
{"target": -10.684052473779708, "params": {"C": 4368.998845689763, "gamma": 0.018930795512601593}, "datetime": {"datetime": "2021-06-22 08:10:51", "elapsed": 68.165224, "delta": 0.654435}}
{"target": -10.291188733718954, "params": {"C": 7613.958127629282, "gamma": 0.027549556393672195}, "datetime": {"datetime": "2021-06-22 08:10:51", "elapsed": 68.896712, "delta": 0.731488}}
{"target": -10.592945411281613, "params": {"C": 4130.239932080337, "gamma": 0.02410394233651485}, "datetime": {"datetime": "2021-06-22 08:10:52", "elapsed": 69.682372, "delta": 0.78566}}
{"target": -10.940337514737838, "params": {"C": 6987.186442573107, "gamma": 0.009762854942424713}, "datetime": {"datetime": "2021-06-22 08:10:53", "elapsed": 70.41522, "delta": 0.732848}}
{"target": -10.361142830848388, "params": {"C": 5451.247367441483, "gamma": 0.03206999451858788}, "datetime": {"datetime": "2021-06-22 08:10:54", "elapsed": 71.445913, "delta": 1.030693}}
{"target": -10.859897956837205, "params": {"C": 7848.173797376163, "gamma": 0.010099050258075311}, "datetime": {"datetime": "2021-06-22 08:10:55", "elapsed": 72.231916, "delta": 0.786003}}
{"target": -10.98923010437978, "params": {"C": 4660.143509894881, "gamma": 0.011287074412138057}, "datetime": {"datetime": "2021-06-22 08:10:55", "elapsed": 72.937115, "delta": 0.705199}}
{"target": -10.592849518888373, "params": {"C": 6020.86260740721, "gamma": 0.01860453206076186}, "datetime": {"datetime": "2021-06-22 08:10:56", "elapsed": 73.611549, "delta": 0.674434}}
{"target": -10.482594156992358, "params": {"C": 4169.899308586105, "gamma": 0.03071047614129481}, "datetime": {"datetime": "2021-06-22 08:10:57", "elapsed": 74.263602, "delta": 0.652053}}
{"target": -10.31298890718725, "params": {"C": 5414.914048796754, "gamma": 0.038282510304295345}, "datetime": {"datetime": "2021-06-22 08:10:57", "elapsed": 74.998686, "delta": 0.735084}}
{"target": -10.256639862870134, "params": {"C": 6951.842236426639, "gamma": 0.03166184805112837}, "datetime": {"datetime": "2021-06-22 08:10:58", "elapsed": 75.693122, "delta": 0.694436}}
{"target": -10.383149205467808, "params": {"C": 6622.4929665870695, "gamma": 0.025869346374588716}, "datetime": {"datetime": "2021-06-22 08:10:59", "elapsed": 76.601972, "delta": 0.90885}}
{"target": -10.54644467967557, "params": {"C": 5987.879766554859, "gamma": 0.020512393419335792}, "datetime": {"datetime": "2021-06-22 08:11:00", "elapsed": 77.206826, "delta": 0.604854}}
{"target": -11.208403726445475, "params": {"C": 4694.881304529574, "gamma": 0.009}, "datetime": {"datetime": "2021-06-22 08:11:00", "elapsed": 77.85198, "delta": 0.645154}}
{"target": -10.361140575183434, "params": {"C": 4726.707231721555, "gamma": 0.04617570274355168}, "datetime": {"datetime": "2021-06-22 08:11:01", "elapsed": 78.452596, "delta": 0.600616}}
{"target": -10.396383714681008, "params": {"C": 4542.014476788975, "gamma": 0.04971495111014581}, "datetime": {"datetime": "2021-06-22 08:11:02", "elapsed": 79.207078, "delta": 0.754482}}
{"target": -10.794644747436042, "params": {"C": 4800.766371637619, "gamma": 0.014473697268562182}, "datetime": {"datetime": "2021-06-22 08:11:02", "elapsed": 79.923494, "delta": 0.716416}}
{"target": -10.96958432395517, "params": {"C": 5735.486910747184, "gamma": 0.010395752929089928}, "datetime": {"datetime": "2021-06-22 08:11:03", "elapsed": 80.630305, "delta": 0.706811}}
{"target": -10.29358482052457, "params": {"C": 5767.363496421829, "gamma": 0.04841345385979391}, "datetime": {"datetime": "2021-06-22 08:11:04", "elapsed": 81.307176, "delta": 0.676871}}
{"target": -10.356588991980777, "params": {"C": 4764.671890457945, "gamma": 0.043662048422884125}, "datetime": {"datetime": "2021-06-22 08:11:04", "elapsed": 81.983225, "delta": 0.676049}}
{"target": -10.270151007257343, "params": {"C": 7568.728510255309, "gamma": 0.028784962224016414}, "datetime": {"datetime": "2021-06-22 08:11:05", "elapsed": 82.717927, "delta": 0.734702}}
{"target": -10.877301598189568, "params": {"C": 4051.8818964461843, "gamma": 0.01411142859656939}, "datetime": {"datetime": "2021-06-22 08:11:06", "elapsed": 83.652718, "delta": 0.934791}}
{"target": -10.60350326058314, "params": {"C": 4018.6321650836585, "gamma": 0.024032037999103695}, "datetime": {"datetime": "2021-06-22 08:11:07", "elapsed": 84.32866, "delta": 0.675942}}
{"target": -10.218331551510206, "params": {"C": 6506.027079773272, "gamma": 0.0411303622896641}, "datetime": {"datetime": "2021-06-22 08:11:08", "elapsed": 85.245389, "delta": 0.916729}}
{"target": -10.262376397279489, "params": {"C": 5915.405551557493, "gamma": 0.04070108970107108}, "datetime": {"datetime": "2021-06-22 08:11:08", "elapsed": 86.026738, "delta": 0.781349}}
{"target": -10.66364820344482, "params": {"C": 6315.004064977315, "gamma": 0.015524872504826617}, "datetime": {"datetime": "2021-06-22 08:11:09", "elapsed": 86.799958, "delta": 0.77322}}
{"target": -10.26797051573843, "params": {"C": 6891.346297737233, "gamma": 0.031239187867886015}, "datetime": {"datetime": "2021-06-22 08:11:10", "elapsed": 87.533939, "delta": 0.733981}}
{"target": -10.393975522554799, "params": {"C": 6343.245331317685, "gamma": 0.02616181209406672}, "datetime": {"datetime": "2021-06-22 08:11:11", "elapsed": 88.205474, "delta": 0.671535}}
{"target": -10.231525889629127, "params": {"C": 6787.215956246902, "gamma": 0.04895840489251563}, "datetime": {"datetime": "2021-06-22 08:11:11", "elapsed": 89.028419, "delta": 0.822945}}
{"target": -10.31144649880825, "params": {"C": 7769.991485218819, "gamma": 0.026079783519990074}, "datetime": {"datetime": "2021-06-22 08:11:12", "elapsed": 89.731061, "delta": 0.702642}}
{"target": -10.279787977867302, "params": {"C": 6686.856956165539, "gamma": 0.0313532664562756}, "datetime": {"datetime": "2021-06-22 08:11:13", "elapsed": 90.64406, "delta": 0.912999}}
{"target": -10.463087757923189, "params": {"C": 6232.320010683585, "gamma": 0.02338974743663968}, "datetime": {"datetime": "2021-06-22 08:11:14", "elapsed": 91.541296, "delta": 0.897236}}
{"target": -10.95572755243556, "params": {"C": 6205.515807946413, "gamma": 0.010163229262917359}, "datetime": {"datetime": "2021-06-22 08:11:15", "elapsed": 92.266422, "delta": 0.725126}}
{"target": -10.484487651832305, "params": {"C": 5297.974340536048, "gamma": 0.025102897458867533}, "datetime": {"datetime": "2021-06-22 08:11:15", "elapsed": 93.053684, "delta": 0.787262}}
{"target": -10.929749687020577, "params": {"C": 4507.056242426567, "gamma": 0.012330768412911903}, "datetime": {"datetime": "2021-06-22 08:11:16", "elapsed": 93.832027, "delta": 0.778343}}
{"target": -10.375278449878547, "params": {"C": 6477.584998460232, "gamma": 0.02660924214022513}, "datetime": {"datetime": "2021-06-22 08:11:17", "elapsed": 94.50329, "delta": 0.671263}}
{"target": -11.093721873726563, "params": {"C": 5797.6192293744625, "gamma": 0.009}, "datetime": {"datetime": "2021-06-22 08:11:18", "elapsed": 95.135725, "delta": 0.632435}}
{"target": -10.27878305180454, "params": {"C": 5824.017833432281, "gamma": 0.04686907202641373}, "datetime": {"datetime": "2021-06-22 08:11:19", "elapsed": 96.123094, "delta": 0.987369}}
{"target": -10.440300854919021, "params": {"C": 4289.7850165797845, "gamma": 0.035143638494568016}, "datetime": {"datetime": "2021-06-22 08:11:19", "elapsed": 96.936387, "delta": 0.813293}}
{"target": -10.349595532585877, "params": {"C": 6862.815650988146, "gamma": 0.02673267515895849}, "datetime": {"datetime": "2021-06-22 08:11:20", "elapsed": 97.767035, "delta": 0.830648}}
{"target": -10.398471922887827, "params": {"C": 5540.112980738046, "gamma": 0.028836525985523352}, "datetime": {"datetime": "2021-06-22 08:11:21", "elapsed": 98.464693, "delta": 0.697658}}
{"target": -10.74499510383694, "params": {"C": 7400.997822406132, "gamma": 0.012213862923968019}, "datetime": {"datetime": "2021-06-22 08:11:22", "elapsed": 99.219539, "delta": 0.754846}}
{"target": -10.182338594792137, "params": {"C": 7378.784960312458, "gamma": 0.04688000405080715}, "datetime": {"datetime": "2021-06-22 08:11:22", "elapsed": 99.929929, "delta": 0.71039}}
{"target": -10.176646909568367, "params": {"C": 7423.745778636783, "gamma": 0.04638061708799036}, "datetime": {"datetime": "2021-06-22 08:11:23", "elapsed": 100.721225, "delta": 0.791296}}
{"target": -10.273184040453492, "params": {"C": 6096.621608957228, "gamma": 0.048612098735637974}, "datetime": {"datetime": "2021-06-22 08:11:24", "elapsed": 101.371546, "delta": 0.650321}}
