{"target": -11.928313932384711, "params": {"C": 605.9551968602399, "gamma": 0.041088156913769235}, "datetime": {"datetime": "2021-06-22 00:10:01", "elapsed": 193.437262, "delta": 1.773571}}
{"target": -13.13281219367976, "params": {"C": 435.53303586325154, "gamma": 0.010605495408307186}, "datetime": {"datetime": "2021-06-22 00:10:02", "elapsed": 194.484411, "delta": 1.047149}}
{"target": -11.706073159427621, "params": {"C": 706.4060617852231, "gamma": 0.03468635768416314}, "datetime": {"datetime": "2021-06-22 00:10:03", "elapsed": 195.453515, "delta": 0.969104}}
{"target": -11.84958346730057, "params": {"C": 759.0169743362142, "gamma": 0.019565294513098873}, "datetime": {"datetime": "2021-06-22 00:10:04", "elapsed": 196.438204, "delta": 0.984689}}
{"target": -12.151800763548067, "params": {"C": 788.7322850985067, "gamma": 0.013173716306544445}, "datetime": {"datetime": "2021-06-22 00:10:06", "elapsed": 198.007553, "delta": 1.569349}}
{"target": -12.27070496161236, "params": {"C": 787.3107313417763, "gamma": 0.011671059037380499}, "datetime": {"datetime": "2021-06-22 00:10:07", "elapsed": 198.988442, "delta": 0.980889}}
{"target": -11.85813222176612, "params": {"C": 789.8932170566613, "gamma": 0.01831878069584939}, "datetime": {"datetime": "2021-06-22 00:10:08", "elapsed": 199.995618, "delta": 1.007176}}
{"target": -12.149635820502015, "params": {"C": 528.8866464658081, "gamma": 0.04594227274661888}, "datetime": {"datetime": "2021-06-22 00:10:09", "elapsed": 201.572536, "delta": 1.576918}}
{"target": -11.759846195318739, "params": {"C": 685.3418561099411, "gamma": 0.028314686155913302}, "datetime": {"datetime": "2021-06-22 00:10:10", "elapsed": 202.81978, "delta": 1.247244}}
{"target": -11.610068960803044, "params": {"C": 767.9337489918976, "gamma": 0.03243662984512708}, "datetime": {"datetime": "2021-06-22 00:10:12", "elapsed": 204.109544, "delta": 1.289764}}
{"target": -12.401672745299438, "params": {"C": 632.2319373804448, "gamma": 0.012994259989160246}, "datetime": {"datetime": "2021-06-22 00:10:13", "elapsed": 205.112936, "delta": 1.003392}}
{"target": -11.836739112574579, "params": {"C": 630.6365350040866, "gamma": 0.030138785683060332}, "datetime": {"datetime": "2021-06-22 00:10:14", "elapsed": 206.740248, "delta": 1.627312}}
{"target": -12.31024596509304, "params": {"C": 636.3658005182544, "gamma": 0.014225224388133888}, "datetime": {"datetime": "2021-06-22 00:10:16", "elapsed": 208.106871, "delta": 1.366623}}
{"target": -12.17716561628253, "params": {"C": 491.36289331464224, "gamma": 0.02653043780203479}, "datetime": {"datetime": "2021-06-22 00:10:17", "elapsed": 209.25658, "delta": 1.149709}}
{"target": -12.52724578568972, "params": {"C": 457.25575345640027, "gamma": 0.01748226669420702}, "datetime": {"datetime": "2021-06-22 00:10:18", "elapsed": 210.254588, "delta": 0.998008}}
{"target": -11.874607045510118, "params": {"C": 609.777251118016, "gamma": 0.03508001212101947}, "datetime": {"datetime": "2021-06-22 00:10:19", "elapsed": 211.359581, "delta": 1.104993}}
{"target": -11.634721458294973, "params": {"C": 751.1530499840105, "gamma": 0.030582248521616354}, "datetime": {"datetime": "2021-06-22 00:10:20", "elapsed": 212.412563, "delta": 1.052982}}
{"target": -12.279772549255389, "params": {"C": 499.8033115055229, "gamma": 0.05}, "datetime": {"datetime": "2021-06-22 00:10:21", "elapsed": 213.604184, "delta": 1.191621}}
{"target": -12.510474402565167, "params": {"C": 539.1128427282055, "gamma": 0.014084680861071942}, "datetime": {"datetime": "2021-06-22 00:10:22", "elapsed": 214.856998, "delta": 1.252814}}
{"target": -12.053820031411417, "params": {"C": 537.3500667714371, "gamma": 0.03915453532635847}, "datetime": {"datetime": "2021-06-22 00:10:23", "elapsed": 215.836005, "delta": 0.979007}}
{"target": -12.008894485226984, "params": {"C": 540.9454963649496, "gamma": 0.031650002718845605}, "datetime": {"datetime": "2021-06-22 00:10:25", "elapsed": 217.20798, "delta": 1.371975}}
{"target": -11.824291254594547, "params": {"C": 756.0528496551614, "gamma": 0.020400960554329557}, "datetime": {"datetime": "2021-06-22 00:10:26", "elapsed": 218.738413, "delta": 1.530433}}
{"target": -11.652447031482914, "params": {"C": 782.6715147418996, "gamma": 0.04366549372107263}, "datetime": {"datetime": "2021-06-22 00:10:27", "elapsed": 219.820839, "delta": 1.082426}}
{"target": -12.140467332499753, "params": {"C": 551.8978709641932, "gamma": 0.04938574494480389}, "datetime": {"datetime": "2021-06-22 00:10:29", "elapsed": 221.202913, "delta": 1.382074}}
{"target": -11.971919365996035, "params": {"C": 557.882736947797, "gamma": 0.03178052003485435}, "datetime": {"datetime": "2021-06-22 00:10:30", "elapsed": 222.287007, "delta": 1.084094}}
{"target": -11.686446721168513, "params": {"C": 723.3191242494466, "gamma": 0.029212204053821238}, "datetime": {"datetime": "2021-06-22 00:10:31", "elapsed": 223.336326, "delta": 1.049319}}
{"target": -12.485651741508622, "params": {"C": 417.76596133138275, "gamma": 0.046877054165626694}, "datetime": {"datetime": "2021-06-22 00:10:32", "elapsed": 224.468874, "delta": 1.132548}}
{"target": -11.8816184194747, "params": {"C": 603.1307502635951, "gamma": 0.03394832125054385}, "datetime": {"datetime": "2021-06-22 00:10:33", "elapsed": 225.63465, "delta": 1.165776}}
{"target": -12.29528103818384, "params": {"C": 577.2295573972199, "gamma": 0.016442185051435167}, "datetime": {"datetime": "2021-06-22 00:10:34", "elapsed": 226.716442, "delta": 1.081792}}
{"target": -12.001597183615957, "params": {"C": 613.0652998407321, "gamma": 0.02210807897958393}, "datetime": {"datetime": "2021-06-22 00:10:36", "elapsed": 228.140433, "delta": 1.423991}}
{"target": -12.356072253732565, "params": {"C": 422.5628938362706, "gamma": 0.03767257810071931}, "datetime": {"datetime": "2021-06-22 00:10:37", "elapsed": 229.533637, "delta": 1.393204}}
{"target": -12.38307340343662, "params": {"C": 464.8314464499234, "gamma": 0.04993901772069665}, "datetime": {"datetime": "2021-06-22 00:10:39", "elapsed": 231.102637, "delta": 1.569}}
{"target": -11.69829619459698, "params": {"C": 772.5643305680294, "gamma": 0.02391920100370771}, "datetime": {"datetime": "2021-06-22 00:10:40", "elapsed": 232.246636, "delta": 1.143999}}
{"target": -11.72867934630121, "params": {"C": 744.4159972966185, "gamma": 0.04540367126151154}, "datetime": {"datetime": "2021-06-22 00:10:41", "elapsed": 233.376812, "delta": 1.130176}}
{"target": -11.689312271970502, "params": {"C": 715.5648961860697, "gamma": 0.030176572136711925}, "datetime": {"datetime": "2021-06-22 00:10:43", "elapsed": 234.979818, "delta": 1.603006}}
{"target": -11.69472883706792, "params": {"C": 778.4058407255168, "gamma": 0.0469204518188762}, "datetime": {"datetime": "2021-06-22 00:10:44", "elapsed": 236.630469, "delta": 1.650651}}
{"target": -11.992696980845812, "params": {"C": 562.5157809934545, "gamma": 0.038376282601972775}, "datetime": {"datetime": "2021-06-22 00:10:46", "elapsed": 238.246469, "delta": 1.616}}
{"target": -12.81067298396003, "params": {"C": 526.2588271566249, "gamma": 0.010926966334367336}, "datetime": {"datetime": "2021-06-22 00:10:47", "elapsed": 239.702541, "delta": 1.456072}}
{"target": -11.927781486184022, "params": {"C": 597.636221139055, "gamma": 0.03916185722882329}, "datetime": {"datetime": "2021-06-22 00:10:49", "elapsed": 241.121468, "delta": 1.418927}}
{"target": -11.700004887219999, "params": {"C": 708.0231013401353, "gamma": 0.03307977096567752}, "datetime": {"datetime": "2021-06-22 00:10:50", "elapsed": 242.658235, "delta": 1.536767}}
{"target": -11.975221641014603, "params": {"C": 673.7676794434844, "gamma": 0.019688974589259035}, "datetime": {"datetime": "2021-06-22 00:10:51", "elapsed": 243.768661, "delta": 1.110426}}
{"target": -12.309561037921258, "params": {"C": 689.7547187670657, "gamma": 0.012952361486382654}, "datetime": {"datetime": "2021-06-22 00:10:53", "elapsed": 245.543623, "delta": 1.774962}}
{"target": -12.246688468639656, "params": {"C": 688.4624528118097, "gamma": 0.013884326209207326}, "datetime": {"datetime": "2021-06-22 00:10:55", "elapsed": 247.212113, "delta": 1.66849}}
{"target": -12.133166361073526, "params": {"C": 530.9133927959329, "gamma": 0.04504041064747624}, "datetime": {"datetime": "2021-06-22 00:10:56", "elapsed": 248.356209, "delta": 1.144096}}
{"target": -12.19734237065697, "params": {"C": 466.86451401082144, "gamma": 0.031157026731320973}, "datetime": {"datetime": "2021-06-22 00:10:57", "elapsed": 249.486624, "delta": 1.130415}}
{"target": -11.957272485968433, "params": {"C": 582.1203459255332, "gamma": 0.027654897697489404}, "datetime": {"datetime": "2021-06-22 00:10:59", "elapsed": 251.430734, "delta": 1.94411}}
{"target": -12.097292516552107, "params": {"C": 578.7807153830255, "gamma": 0.021160466228549092}, "datetime": {"datetime": "2021-06-22 00:11:01", "elapsed": 253.536509, "delta": 2.105775}}
{"target": -12.204022233838016, "params": {"C": 508.7903773109938, "gamma": 0.04632290890505258}, "datetime": {"datetime": "2021-06-22 00:11:03", "elapsed": 255.077681, "delta": 1.541172}}
{"target": -11.947259111362829, "params": {"C": 616.227416836087, "gamma": 0.04476933187582675}, "datetime": {"datetime": "2021-06-22 00:11:05", "elapsed": 257.148009, "delta": 2.070328}}
{"target": -11.887281225889957, "params": {"C": 619.999451437687, "gamma": 0.039553971841345376}, "datetime": {"datetime": "2021-06-22 00:11:06", "elapsed": 258.622776, "delta": 1.474767}}
{"target": -12.150966819273464, "params": {"C": 638.6377060800388, "gamma": 0.01701731597864895}, "datetime": {"datetime": "2021-06-22 00:11:08", "elapsed": 260.16514, "delta": 1.542364}}
{"target": -11.620014640676535, "params": {"C": 761.3412412319453, "gamma": 0.03081664772576294}, "datetime": {"datetime": "2021-06-22 00:11:10", "elapsed": 262.157871, "delta": 1.992731}}
{"target": -12.462267472148895, "params": {"C": 440.25211255865173, "gamma": 0.05}, "datetime": {"datetime": "2021-06-22 00:11:12", "elapsed": 264.476866, "delta": 2.318995}}
{"target": -12.538808232061246, "params": {"C": 735.9417470284784, "gamma": 0.00969128529863753}, "datetime": {"datetime": "2021-06-22 00:11:14", "elapsed": 266.108839, "delta": 1.631973}}
{"target": -12.092484726552385, "params": {"C": 737.3392303583419, "gamma": 0.015180538173172407}, "datetime": {"datetime": "2021-06-22 00:11:15", "elapsed": 267.383837, "delta": 1.274998}}
{"target": -11.749230065647106, "params": {"C": 734.81374598474, "gamma": 0.04589502465382639}, "datetime": {"datetime": "2021-06-22 00:11:16", "elapsed": 268.571017, "delta": 1.18718}}
{"target": -12.370804104608164, "params": {"C": 453.115568130247, "gamma": 0.04690452044201554}, "datetime": {"datetime": "2021-06-22 00:11:18", "elapsed": 269.955111, "delta": 1.384094}}
{"target": -12.155764323543144, "params": {"C": 493.4331913015727, "gamma": 0.027820300464569438}, "datetime": {"datetime": "2021-06-22 00:11:19", "elapsed": 271.605063, "delta": 1.649952}}
{"target": -12.075615458745883, "params": {"C": 542.7858009933697, "gamma": 0.04252870287578467}, "datetime": {"datetime": "2021-06-22 00:11:21", "elapsed": 273.515068, "delta": 1.910005}}
{"target": -11.91046923169675, "params": {"C": 729.3925876444268, "gamma": 0.01911453199678293}, "datetime": {"datetime": "2021-06-22 00:11:23", "elapsed": 275.231091, "delta": 1.716023}}
{"target": -11.828718249975152, "params": {"C": 667.0418175451414, "gamma": 0.04253724576255714}, "datetime": {"datetime": "2021-06-22 00:11:25", "elapsed": 277.331242, "delta": 2.100151}}
{"target": -11.655328016778107, "params": {"C": 764.1980652306203, "gamma": 0.040874245115063386}, "datetime": {"datetime": "2021-06-22 00:11:26", "elapsed": 278.660723, "delta": 1.329481}}
{"target": -11.684920948800611, "params": {"C": 732.4115163898549, "gamma": 0.03869047647457615}, "datetime": {"datetime": "2021-06-22 00:11:28", "elapsed": 280.034446, "delta": 1.373723}}
{"target": -11.894745711501926, "params": {"C": 795.9964431471415, "gamma": 0.017349995225602863}, "datetime": {"datetime": "2021-06-22 00:11:29", "elapsed": 281.397385, "delta": 1.362939}}
{"target": -11.70084224248339, "params": {"C": 797.0131967374061, "gamma": 0.049538676291358615}, "datetime": {"datetime": "2021-06-22 00:11:31", "elapsed": 283.397695, "delta": 2.00031}}
{"target": -12.569967740293569, "params": {"C": 444.02372736659265, "gamma": 0.01738072660063536}, "datetime": {"datetime": "2021-06-22 00:11:33", "elapsed": 284.955764, "delta": 1.558069}}
{"target": -12.187621466043334, "params": {"C": 511.24626588152097, "gamma": 0.02323525682074737}, "datetime": {"datetime": "2021-06-22 00:11:35", "elapsed": 287.2533, "delta": 2.297536}}
{"target": -11.862827811951952, "params": {"C": 677.466541106766, "gamma": 0.04733355078657076}, "datetime": {"datetime": "2021-06-22 00:11:37", "elapsed": 289.14554, "delta": 1.89224}}
{"target": -11.65492867868571, "params": {"C": 746.1691619017531, "gamma": 0.03756625086218133}, "datetime": {"datetime": "2021-06-22 00:11:38", "elapsed": 290.413868, "delta": 1.268328}}
{"target": -12.125252189012645, "params": {"C": 784.8181637430462, "gamma": 0.013625972163384837}, "datetime": {"datetime": "2021-06-22 00:11:39", "elapsed": 291.751099, "delta": 1.337231}}
{"target": -11.585169175121028, "params": {"C": 785.6805262014982, "gamma": 0.03305617627616884}, "datetime": {"datetime": "2021-06-22 00:11:41", "elapsed": 293.083939, "delta": 1.33284}}
{"target": -12.392558393305846, "params": {"C": 556.161679100712, "gamma": 0.015424715038654693}, "datetime": {"datetime": "2021-06-22 00:11:42", "elapsed": 294.381028, "delta": 1.297089}}
{"target": -12.277158182412427, "params": {"C": 478.98104677148734, "gamma": 0.045881371991155606}, "datetime": {"datetime": "2021-06-22 00:11:43", "elapsed": 295.673424, "delta": 1.292396}}
{"target": -12.360573146188521, "params": {"C": 455.0237499733933, "gamma": 0.046625984840406066}, "datetime": {"datetime": "2021-06-22 00:11:45", "elapsed": 297.79805, "delta": 2.124626}}
{"target": -13.351198215951978, "params": {"C": 451.15685321882927, "gamma": 0.009}, "datetime": {"datetime": "2021-06-22 00:11:48", "elapsed": 300.049758, "delta": 2.251708}}
{"target": -13.038115779414264, "params": {"C": 449.5395277856263, "gamma": 0.010952173860121725}, "datetime": {"datetime": "2021-06-22 00:11:49", "elapsed": 301.776364, "delta": 1.726606}}
{"target": -12.34308261900614, "params": {"C": 448.05680677416547, "gamma": 0.023714205931902807}, "datetime": {"datetime": "2021-06-22 00:11:51", "elapsed": 303.569789, "delta": 1.793425}}
{"target": -12.25970931428532, "params": {"C": 595.4618039655202, "gamma": 0.016432803564732378}, "datetime": {"datetime": "2021-06-22 00:11:53", "elapsed": 305.607902, "delta": 2.038113}}
{"target": -11.693410731211069, "params": {"C": 720.9751872266916, "gamma": 0.037316636529141356}, "datetime": {"datetime": "2021-06-22 00:11:55", "elapsed": 307.029376, "delta": 1.421474}}
{"target": -12.428639138091494, "params": {"C": 497.36183616683303, "gamma": 0.01735048473371931}, "datetime": {"datetime": "2021-06-22 00:11:57", "elapsed": 309.030703, "delta": 2.001327}}
{"target": -11.60885188478366, "params": {"C": 770.6871370948206, "gamma": 0.034992902401696384}, "datetime": {"datetime": "2021-06-22 00:11:59", "elapsed": 311.339652, "delta": 2.308949}}
{"target": -12.597478807432443, "params": {"C": 661.1902048946774, "gamma": 0.010240880392276979}, "datetime": {"datetime": "2021-06-22 00:12:02", "elapsed": 314.482194, "delta": 3.142542}}
{"target": -11.962485986147032, "params": {"C": 599.1352077757053, "gamma": 0.04303634240708087}, "datetime": {"datetime": "2021-06-22 00:12:05", "elapsed": 317.370216, "delta": 2.888022}}
{"target": -12.429128627587689, "params": {"C": 614.4863340774996, "gamma": 0.013048525009055427}, "datetime": {"datetime": "2021-06-22 00:12:07", "elapsed": 319.382917, "delta": 2.012701}}
{"target": -12.74015959798519, "params": {"C": 470.33123113192653, "gamma": 0.013214437333555349}, "datetime": {"datetime": "2021-06-22 00:12:08", "elapsed": 320.746753, "delta": 1.363836}}
{"target": -11.995487723615412, "params": {"C": 568.4833491433051, "gamma": 0.026789301651158268}, "datetime": {"datetime": "2021-06-22 00:12:10", "elapsed": 322.168385, "delta": 1.421632}}
{"target": -12.17143723398386, "params": {"C": 534.7864197748232, "gamma": 0.048676170906661535}, "datetime": {"datetime": "2021-06-22 00:12:11", "elapsed": 323.909627, "delta": 1.741242}}
{"target": -11.965592730141754, "params": {"C": 611.2726859389887, "gamma": 0.045523491339116096}, "datetime": {"datetime": "2021-06-22 00:12:13", "elapsed": 325.655553, "delta": 1.745926}}
{"target": -12.05048567676927, "params": {"C": 587.8137499521545, "gamma": 0.022068942765841607}, "datetime": {"datetime": "2021-06-22 00:12:15", "elapsed": 327.470754, "delta": 1.815201}}
{"target": -11.895668057453728, "params": {"C": 753.0628031060958, "gamma": 0.018631846441851826}, "datetime": {"datetime": "2021-06-22 00:12:16", "elapsed": 328.715611, "delta": 1.244857}}
{"target": -12.06399712851877, "params": {"C": 517.4515310674798, "gamma": 0.03161431305767769}, "datetime": {"datetime": "2021-06-22 00:12:18", "elapsed": 330.664207, "delta": 1.948596}}
{"target": -11.792018246196294, "params": {"C": 733.6255287294853, "gamma": 0.049770145211690424}, "datetime": {"datetime": "2021-06-22 00:12:21", "elapsed": 333.440365, "delta": 2.776158}}
{"target": -11.762765532227855, "params": {"C": 728.2124285959061, "gamma": 0.023935229402137506}, "datetime": {"datetime": "2021-06-22 00:12:22", "elapsed": 334.809502, "delta": 1.369137}}
{"target": -12.492491655605154, "params": {"C": 442.05468839079555, "gamma": 0.01936883761649612}, "datetime": {"datetime": "2021-06-22 00:12:24", "elapsed": 336.69479, "delta": 1.885288}}
{"target": -12.794140404702748, "params": {"C": 406.1750509930131, "gamma": 0.015300988048602804}, "datetime": {"datetime": "2021-06-22 00:12:26", "elapsed": 338.230355, "delta": 1.535565}}
{"target": -12.577867973847724, "params": {"C": 669.269201551112, "gamma": 0.010291782074903917}, "datetime": {"datetime": "2021-06-22 00:12:27", "elapsed": 339.64893, "delta": 1.418575}}
{"target": -12.08213784030083, "params": {"C": 515.9843893445792, "gamma": 0.036738762758213}, "datetime": {"datetime": "2021-06-22 00:12:29", "elapsed": 341.390515, "delta": 1.741585}}
{"target": -12.094413934210122, "params": {"C": 799.5800090276025, "gamma": 0.013791505909573152}, "datetime": {"datetime": "2021-06-22 00:12:31", "elapsed": 343.209701, "delta": 1.819186}}
{"target": -11.567242589255478, "params": {"C": 798.5697470650177, "gamma": 0.03299582896614588}, "datetime": {"datetime": "2021-06-22 00:12:33", "elapsed": 345.328815, "delta": 2.119114}}
{"target": -12.323930281314817, "params": {"C": 472.09942002599985, "gamma": 0.04764097834633928}, "datetime": {"datetime": "2021-06-22 00:12:35", "elapsed": 347.244187, "delta": 1.915372}}
{"target": -12.00168894457608, "params": {"C": 580.2714968853663, "gamma": 0.043090216283023924}, "datetime": {"datetime": "2021-06-22 00:12:37", "elapsed": 349.495367, "delta": 2.25118}}
{"target": -11.858025329361164, "params": {"C": 617.9937982816688, "gamma": 0.0348142298684982}, "datetime": {"datetime": "2021-06-22 00:12:40", "elapsed": 352.181272, "delta": 2.685905}}
{"target": -12.107436384597738, "params": {"C": 575.7600719346312, "gamma": 0.021041645516528186}, "datetime": {"datetime": "2021-06-22 00:12:41", "elapsed": 353.501275, "delta": 1.320003}}
{"target": -12.769985798579553, "params": {"C": 468.64961227294145, "gamma": 0.012895489831429815}, "datetime": {"datetime": "2021-06-22 00:12:42", "elapsed": 354.858273, "delta": 1.356998}}
{"target": -11.732995037822173, "params": {"C": 691.0263932560828, "gamma": 0.029780189264296576}, "datetime": {"datetime": "2021-06-22 00:12:44", "elapsed": 356.845183, "delta": 1.98691}}
{"target": -11.778144648266395, "params": {"C": 718.8646024013926, "gamma": 0.046138228657317336}, "datetime": {"datetime": "2021-06-22 00:12:46", "elapsed": 358.20597, "delta": 1.360787}}
{"target": -12.172591705201222, "params": {"C": 593.5681297916888, "gamma": 0.018356307609707214}, "datetime": {"datetime": "2021-06-22 00:12:48", "elapsed": 360.206614, "delta": 2.000644}}
{"target": -12.137574325149467, "params": {"C": 548.503156039637, "gamma": 0.021936288869521092}, "datetime": {"datetime": "2021-06-22 00:12:49", "elapsed": 361.591768, "delta": 1.385154}}
{"target": -12.600134638075296, "params": {"C": 682.0997629003214, "gamma": 0.009921239697696758}, "datetime": {"datetime": "2021-06-22 00:12:51", "elapsed": 363.038066, "delta": 1.446298}}
{"target": -11.867329701295711, "params": {"C": 683.16049042687, "gamma": 0.04863347058188881}, "datetime": {"datetime": "2021-06-22 00:12:53", "elapsed": 365.601263, "delta": 2.563197}}
{"target": -12.532719795737348, "params": {"C": 679.420729883294, "gamma": 0.010561650101027963}, "datetime": {"datetime": "2021-06-22 00:12:55", "elapsed": 366.984014, "delta": 1.382751}}
{"target": -12.885020775946487, "params": {"C": 607.6673004332913, "gamma": 0.009}, "datetime": {"datetime": "2021-06-22 00:12:56", "elapsed": 368.399889, "delta": 1.415875}}
{"target": -12.189053058320946, "params": {"C": 476.96425577211375, "gamma": 0.02874762177130804}, "datetime": {"datetime": "2021-06-22 00:12:57", "elapsed": 369.883527, "delta": 1.483638}}
{"target": -12.237534903611023, "params": {"C": 473.67020108304064, "gamma": 0.025512042320702102}, "datetime": {"datetime": "2021-06-22 00:12:59", "elapsed": 371.631606, "delta": 1.748079}}
{"target": -12.172417843596854, "params": {"C": 480.92321436755924, "gamma": 0.02937057928878805}, "datetime": {"datetime": "2021-06-22 00:13:02", "elapsed": 374.10416, "delta": 2.472554}}
{"target": -11.842049970952672, "params": {"C": 748.5073243325197, "gamma": 0.02018854701737083}, "datetime": {"datetime": "2021-06-22 00:13:04", "elapsed": 376.294418, "delta": 2.190258}}
