{"target": -13.395117454039909, "params": {"C": 257.72368232821236, "gamma": 0.04990341884941177}, "datetime": {"datetime": "2021-06-21 23:30:44", "elapsed": 28.483999, "delta": 0.445969}}
{"target": -14.045159194198925, "params": {"C": 262.9282754109398, "gamma": 0.010823235197626888}, "datetime": {"datetime": "2021-06-21 23:30:45", "elapsed": 28.960035, "delta": 0.476036}}
{"target": -13.530105576190465, "params": {"C": 215.86197481432987, "gamma": 0.03297397060938068}, "datetime": {"datetime": "2021-06-21 23:30:45", "elapsed": 29.421034, "delta": 0.460999}}
{"target": -13.094724140386182, "params": {"C": 276.3923674004329, "gamma": 0.040924394886146444}, "datetime": {"datetime": "2021-06-21 23:30:45", "elapsed": 29.873999, "delta": 0.452965}}
{"target": -13.469256681409933, "params": {"C": 223.78560882097614, "gamma": 0.02785356451744038}, "datetime": {"datetime": "2021-06-21 23:30:46", "elapsed": 30.262035, "delta": 0.388036}}
{"target": -13.444181359957415, "params": {"C": 251.5440550625031, "gamma": 0.04966492573270134}, "datetime": {"datetime": "2021-06-21 23:30:46", "elapsed": 30.685999, "delta": 0.423964}}
{"target": -13.232820589133947, "params": {"C": 261.1902118314675, "gamma": 0.04260129347544509}, "datetime": {"datetime": "2021-06-21 23:30:47", "elapsed": 31.194036, "delta": 0.508037}}
{"target": -13.410041868388936, "params": {"C": 298.6404221456462, "gamma": 0.01413821468806404}, "datetime": {"datetime": "2021-06-21 23:30:47", "elapsed": 31.629035, "delta": 0.434999}}
{"target": -13.863095621463245, "params": {"C": 219.4268252451573, "gamma": 0.016535205244035622}, "datetime": {"datetime": "2021-06-21 23:30:48", "elapsed": 32.28842, "delta": 0.659385}}
{"target": -12.984738830314043, "params": {"C": 283.27730269693103, "gamma": 0.028503873410489107}, "datetime": {"datetime": "2021-06-21 23:30:48", "elapsed": 32.704438, "delta": 0.416018}}
{"target": -14.288239042973117, "params": {"C": 253.00025994474194, "gamma": 0.009961837269284193}, "datetime": {"datetime": "2021-06-21 23:30:49", "elapsed": 33.189704, "delta": 0.485266}}
{"target": -14.495542738503437, "params": {"C": 240.34723050528694, "gamma": 0.009495409237326303}, "datetime": {"datetime": "2021-06-21 23:30:49", "elapsed": 33.611976, "delta": 0.422272}}
{"target": -13.28498890651892, "params": {"C": 256.29677326859496, "gamma": 0.02207043758892069}, "datetime": {"datetime": "2021-06-21 23:30:50", "elapsed": 34.054941, "delta": 0.442965}}
{"target": -13.09841989859461, "params": {"C": 297.44811749725056, "gamma": 0.05}, "datetime": {"datetime": "2021-06-21 23:30:50", "elapsed": 34.630938, "delta": 0.575997}}
{"target": -13.414754022707617, "params": {"C": 285.7307706606026, "gamma": 0.015134209290188798}, "datetime": {"datetime": "2021-06-21 23:30:51", "elapsed": 35.119934, "delta": 0.488996}}
{"target": -14.059805050349414, "params": {"C": 280.77332191566404, "gamma": 0.00997686562558929}, "datetime": {"datetime": "2021-06-21 23:30:51", "elapsed": 35.604936, "delta": 0.485002}}
{"target": -13.286146416897783, "params": {"C": 281.9495593282196, "gamma": 0.017495576176333835}, "datetime": {"datetime": "2021-06-21 23:30:52", "elapsed": 36.131934, "delta": 0.526998}}
{"target": -13.234454410232432, "params": {"C": 277.8612553394091, "gamma": 0.05}, "datetime": {"datetime": "2021-06-21 23:30:52", "elapsed": 36.70593, "delta": 0.573996}}
{"target": -13.294718796656946, "params": {"C": 269.98588776704185, "gamma": 0.05}, "datetime": {"datetime": "2021-06-21 23:30:53", "elapsed": 37.465936, "delta": 0.760006}}
{"target": -13.485912125049362, "params": {"C": 247.7285817222363, "gamma": 0.05}, "datetime": {"datetime": "2021-06-21 23:30:54", "elapsed": 38.017559, "delta": 0.551623}}
{"target": -13.96225772990871, "params": {"C": 200.82113663228768, "gamma": 0.04917390530340378}, "datetime": {"datetime": "2021-06-21 23:30:54", "elapsed": 38.654552, "delta": 0.636993}}
{"target": -14.226318282620895, "params": {"C": 217.75861846998234, "gamma": 0.01251109753012183}, "datetime": {"datetime": "2021-06-21 23:30:55", "elapsed": 39.19059, "delta": 0.536038}}
{"target": -14.158020146203668, "params": {"C": 295.2974537686806, "gamma": 0.009}, "datetime": {"datetime": "2021-06-21 23:30:55", "elapsed": 39.86955, "delta": 0.67896}}
{"target": -13.071746955886606, "params": {"C": 296.26319636612845, "gamma": 0.04814629232076214}, "datetime": {"datetime": "2021-06-21 23:30:56", "elapsed": 40.485554, "delta": 0.616004}}
{"target": -13.443512081287423, "params": {"C": 251.54411862284402, "gamma": 0.049633542533687736}, "datetime": {"datetime": "2021-06-21 23:30:56", "elapsed": 40.916591, "delta": 0.431037}}
{"target": -13.090902335874299, "params": {"C": 294.4136756452084, "gamma": 0.04854129270954792}, "datetime": {"datetime": "2021-06-21 23:30:57", "elapsed": 41.682587, "delta": 0.765996}}
{"target": -14.344461157849118, "params": {"C": 243.07159519594592, "gamma": 0.010124472189086057}, "datetime": {"datetime": "2021-06-21 23:30:58", "elapsed": 42.400554, "delta": 0.717967}}
{"target": -13.315240241444503, "params": {"C": 245.41582578609103, "gamma": 0.039399048162367466}, "datetime": {"datetime": "2021-06-21 23:30:59", "elapsed": 43.251558, "delta": 0.851004}}
{"target": -13.237739900782413, "params": {"C": 287.08915850746735, "gamma": 0.017735230119924776}, "datetime": {"datetime": "2021-06-21 23:30:59", "elapsed": 43.883101, "delta": 0.631543}}
{"target": -13.633285297887356, "params": {"C": 284.44725693241116, "gamma": 0.012749733415333142}, "datetime": {"datetime": "2021-06-21 23:31:00", "elapsed": 44.687102, "delta": 0.804001}}
{"target": -13.140956797108982, "params": {"C": 292.81173703484836, "gamma": 0.01909733512109142}, "datetime": {"datetime": "2021-06-21 23:31:01", "elapsed": 45.374099, "delta": 0.686997}}
{"target": -13.309932847812862, "params": {"C": 259.0951672131442, "gamma": 0.04629376222893104}, "datetime": {"datetime": "2021-06-21 23:31:02", "elapsed": 46.180101, "delta": 0.806002}}
{"target": -13.582883947828686, "params": {"C": 237.364099238515, "gamma": 0.05}, "datetime": {"datetime": "2021-06-21 23:31:03", "elapsed": 46.979136, "delta": 0.799035}}
{"target": -13.507041461386565, "params": {"C": 236.20786031091376, "gamma": 0.045832445434914604}, "datetime": {"datetime": "2021-06-21 23:31:03", "elapsed": 47.887693, "delta": 0.908557}}
{"target": -13.43367814995588, "params": {"C": 250.16974719505927, "gamma": 0.04858966327347669}, "datetime": {"datetime": "2021-06-21 23:31:04", "elapsed": 48.54188, "delta": 0.654187}}
{"target": -14.184066866336376, "params": {"C": 291.71128451466706, "gamma": 0.009}, "datetime": {"datetime": "2021-06-21 23:31:05", "elapsed": 49.201803, "delta": 0.659923}}
{"target": -13.75076085044652, "params": {"C": 207.4849518333396, "gamma": 0.04290956288718099}, "datetime": {"datetime": "2021-06-21 23:31:06", "elapsed": 49.961575, "delta": 0.759772}}
{"target": -14.039910803780357, "params": {"C": 249.04014443425447, "gamma": 0.011623586025515012}, "datetime": {"datetime": "2021-06-21 23:31:06", "elapsed": 50.826642, "delta": 0.865067}}
{"target": -13.253086985036088, "params": {"C": 271.71914831767396, "gamma": 0.04861563272314553}, "datetime": {"datetime": "2021-06-21 23:31:07", "elapsed": 51.538643, "delta": 0.712001}}
{"target": -13.955594325748782, "params": {"C": 288.12496495502825, "gamma": 0.010235511366029269}, "datetime": {"datetime": "2021-06-21 23:31:08", "elapsed": 52.30467, "delta": 0.766027}}
{"target": -13.660476058354446, "params": {"C": 229.43320431903282, "gamma": 0.05}, "datetime": {"datetime": "2021-06-21 23:31:09", "elapsed": 53.264352, "delta": 0.959682}}
{"target": -13.125646616047149, "params": {"C": 290.8614996661704, "gamma": 0.0491318138905891}, "datetime": {"datetime": "2021-06-21 23:31:10", "elapsed": 53.988773, "delta": 0.724421}}
{"target": -14.36695337692836, "params": {"C": 205.97177561028388, "gamma": 0.012368213759148256}, "datetime": {"datetime": "2021-06-21 23:31:10", "elapsed": 54.80408, "delta": 0.815307}}
{"target": -14.100326595443546, "params": {"C": 220.92745630442516, "gamma": 0.01340713496687098}, "datetime": {"datetime": "2021-06-21 23:31:11", "elapsed": 55.538195, "delta": 0.734115}}
{"target": -14.72892172586695, "params": {"C": 222.01296409468645, "gamma": 0.00923711059453406}, "datetime": {"datetime": "2021-06-21 23:31:12", "elapsed": 56.482515, "delta": 0.94432}}
{"target": -13.928736036819627, "params": {"C": 204.44894138773736, "gamma": 0.04961560116355667}, "datetime": {"datetime": "2021-06-21 23:31:13", "elapsed": 57.068477, "delta": 0.585962}}
{"target": -13.618087295322399, "params": {"C": 230.72845335457384, "gamma": 0.04860861468274425}, "datetime": {"datetime": "2021-06-21 23:31:13", "elapsed": 57.635503, "delta": 0.567026}}
{"target": -14.478498099302376, "params": {"C": 254.2856184553823, "gamma": 0.009}, "datetime": {"datetime": "2021-06-21 23:31:14", "elapsed": 58.218502, "delta": 0.582999}}
{"target": -13.301848104082312, "params": {"C": 255.13308511109236, "gamma": 0.043875017478844126}, "datetime": {"datetime": "2021-06-21 23:31:15", "elapsed": 59.019945, "delta": 0.801443}}
{"target": -14.586723154571718, "params": {"C": 203.24524370992836, "gamma": 0.011023182288404543}, "datetime": {"datetime": "2021-06-21 23:31:15", "elapsed": 59.7799, "delta": 0.759955}}
{"target": -13.72483063336603, "params": {"C": 223.26444782957523, "gamma": 0.05}, "datetime": {"datetime": "2021-06-21 23:31:16", "elapsed": 60.351521, "delta": 0.571621}}
{"target": -13.081408963210023, "params": {"C": 273.3103414839407, "gamma": 0.038221123409995846}, "datetime": {"datetime": "2021-06-21 23:31:17", "elapsed": 61.050532, "delta": 0.699011}}
{"target": -13.371851944160317, "params": {"C": 260.70821948038576, "gamma": 0.05}, "datetime": {"datetime": "2021-06-21 23:31:17", "elapsed": 61.803435, "delta": 0.752903}}
{"target": -14.851205191742665, "params": {"C": 215.30639125976646, "gamma": 0.009}, "datetime": {"datetime": "2021-06-21 23:31:18", "elapsed": 62.466216, "delta": 0.662781}}
{"target": -14.751384151093722, "params": {"C": 216.34511358101753, "gamma": 0.009406518527318575}, "datetime": {"datetime": "2021-06-21 23:31:19", "elapsed": 63.113539, "delta": 0.647323}}
{"target": -13.35101468553772, "params": {"C": 245.91436659783437, "gamma": 0.042114883691529895}, "datetime": {"datetime": "2021-06-21 23:31:20", "elapsed": 64.022943, "delta": 0.909404}}
{"target": -13.817906760468027, "params": {"C": 212.2426092098089, "gamma": 0.04868073694089818}, "datetime": {"datetime": "2021-06-21 23:31:20", "elapsed": 64.679355, "delta": 0.656412}}
{"target": -13.356620670633712, "params": {"C": 279.67248170793084, "gamma": 0.016580507070126666}, "datetime": {"datetime": "2021-06-21 23:31:21", "elapsed": 65.687348, "delta": 1.007993}}
{"target": -13.840363103669585, "params": {"C": 209.16832681194842, "gamma": 0.048101266115297595}, "datetime": {"datetime": "2021-06-21 23:31:22", "elapsed": 66.451987, "delta": 0.764639}}
{"target": -13.815206849930881, "params": {"C": 213.35986383997084, "gamma": 0.04913603218756387}, "datetime": {"datetime": "2021-06-21 23:31:23", "elapsed": 67.133232, "delta": 0.681245}}
{"target": -13.146013251120598, "params": {"C": 289.53935601501496, "gamma": 0.04970894989858534}, "datetime": {"datetime": "2021-06-21 23:31:24", "elapsed": 67.951568, "delta": 0.818336}}
{"target": -13.991033595717095, "params": {"C": 226.19798652455663, "gamma": 0.014017750637394683}, "datetime": {"datetime": "2021-06-21 23:31:24", "elapsed": 68.884423, "delta": 0.932855}}
{"target": -13.511871568286846, "params": {"C": 225.1957469986367, "gamma": 0.04040929535233243}, "datetime": {"datetime": "2021-06-21 23:31:25", "elapsed": 69.640388, "delta": 0.755965}}
{"target": -13.056084330276525, "params": {"C": 276.01902009031846, "gamma": 0.037706043875753305}, "datetime": {"datetime": "2021-06-21 23:31:26", "elapsed": 70.310562, "delta": 0.670174}}
{"target": -14.352342484677783, "params": {"C": 269.582867480506, "gamma": 0.009}, "datetime": {"datetime": "2021-06-21 23:31:27", "elapsed": 70.988902, "delta": 0.67834}}
{"target": -13.16465978577283, "params": {"C": 270.3645165711486, "gamma": 0.04279400915974125}, "datetime": {"datetime": "2021-06-21 23:31:27", "elapsed": 71.812689, "delta": 0.823787}}
{"target": -13.188235715661536, "params": {"C": 278.8987414965392, "gamma": 0.048005014278694046}, "datetime": {"datetime": "2021-06-21 23:31:28", "elapsed": 72.561975, "delta": 0.749286}}
{"target": -13.707694057769034, "params": {"C": 211.18605779156127, "gamma": 0.02173096399019137}, "datetime": {"datetime": "2021-06-21 23:31:29", "elapsed": 73.199988, "delta": 0.638013}}
{"target": -13.989017232691117, "params": {"C": 227.15448201402805, "gamma": 0.013938425437202567}, "datetime": {"datetime": "2021-06-21 23:31:30", "elapsed": 74.14146, "delta": 0.941472}}
{"target": -14.540841535745376, "params": {"C": 244.938929834103, "gamma": 0.00908938383626965}, "datetime": {"datetime": "2021-06-21 23:31:31", "elapsed": 75.130754, "delta": 0.989294}}
{"target": -13.485914628153967, "params": {"C": 283.6021121176187, "gamma": 0.014406328146388678}, "datetime": {"datetime": "2021-06-21 23:31:32", "elapsed": 76.03159, "delta": 0.900836}}
{"target": -13.197862925805978, "params": {"C": 282.96129286366727, "gamma": 0.05}, "datetime": {"datetime": "2021-06-21 23:31:33", "elapsed": 77.014089, "delta": 0.982499}}
{"target": -13.475485057470523, "params": {"C": 224.23595661466643, "gamma": 0.03691550979853319}, "datetime": {"datetime": "2021-06-21 23:31:34", "elapsed": 78.256675, "delta": 1.242586}}
{"target": -13.900588896398025, "params": {"C": 264.1379116644247, "gamma": 0.011733276313904792}, "datetime": {"datetime": "2021-06-21 23:31:34", "elapsed": 78.910178, "delta": 0.653503}}
{"target": -14.211567144598746, "params": {"C": 264.9012246292508, "gamma": 0.009845913086749994}, "datetime": {"datetime": "2021-06-21 23:31:35", "elapsed": 79.659384, "delta": 0.749206}}
{"target": -13.457257563945713, "params": {"C": 238.536512748375, "gamma": 0.04445813884478138}, "datetime": {"datetime": "2021-06-21 23:31:36", "elapsed": 80.227401, "delta": 0.568017}}
{"target": -13.073283777454527, "params": {"C": 275.1277346105065, "gamma": 0.0386020323432741}, "datetime": {"datetime": "2021-06-21 23:31:37", "elapsed": 81.079292, "delta": 0.851891}}
{"target": -13.606839101956334, "params": {"C": 234.87745929224477, "gamma": 0.05}, "datetime": {"datetime": "2021-06-21 23:31:37", "elapsed": 81.83612, "delta": 0.756828}}
{"target": -13.94134990665152, "params": {"C": 228.36326567236227, "gamma": 0.014340631233014886}, "datetime": {"datetime": "2021-06-21 23:31:38", "elapsed": 82.558398, "delta": 0.722278}}
{"target": -13.257973001361503, "params": {"C": 265.564697628257, "gamma": 0.04625695262417989}, "datetime": {"datetime": "2021-06-21 23:31:39", "elapsed": 83.241717, "delta": 0.683319}}
{"target": -13.197703150899843, "params": {"C": 261.60686071249995, "gamma": 0.04048593485634289}, "datetime": {"datetime": "2021-06-21 23:31:40", "elapsed": 84.038762, "delta": 0.797045}}
{"target": -13.377865921928066, "params": {"C": 231.70211268393243, "gamma": 0.03309865146395555}, "datetime": {"datetime": "2021-06-21 23:31:40", "elapsed": 84.778021, "delta": 0.739259}}
{"target": -13.291460816102973, "params": {"C": 263.40698190099795, "gamma": 0.047195564437017515}, "datetime": {"datetime": "2021-06-21 23:31:41", "elapsed": 85.649686, "delta": 0.871665}}
{"target": -13.397535180852561, "params": {"C": 248.1202111211324, "gamma": 0.02046096808174746}, "datetime": {"datetime": "2021-06-21 23:31:42", "elapsed": 86.41055, "delta": 0.760864}}
{"target": -13.884429257739683, "params": {"C": 210.2326142369526, "gamma": 0.017768046392865916}, "datetime": {"datetime": "2021-06-21 23:31:43", "elapsed": 87.218004, "delta": 0.807454}}
{"target": -13.224105920439264, "params": {"C": 251.94161416881963, "gamma": 0.02671251299803349}, "datetime": {"datetime": "2021-06-21 23:31:44", "elapsed": 88.089428, "delta": 0.871424}}
{"target": -14.296127334306219, "params": {"C": 276.7803097057196, "gamma": 0.009}, "datetime": {"datetime": "2021-06-21 23:31:44", "elapsed": 88.901923, "delta": 0.812495}}
{"target": -13.92027488637628, "params": {"C": 277.48749793817933, "gamma": 0.010869804918179465}, "datetime": {"datetime": "2021-06-21 23:31:45", "elapsed": 89.819249, "delta": 0.917326}}
{"target": -13.068566923791607, "params": {"C": 278.18215339034936, "gamma": 0.0399110789336557}, "datetime": {"datetime": "2021-06-21 23:31:46", "elapsed": 90.711003, "delta": 0.891754}}
{"target": -14.885974973969823, "params": {"C": 202.21535335658874, "gamma": 0.009501792003242564}, "datetime": {"datetime": "2021-06-21 23:31:47", "elapsed": 91.406677, "delta": 0.695674}}
{"target": -13.704228431879862, "params": {"C": 242.4337516507215, "gamma": 0.015648166778337698}, "datetime": {"datetime": "2021-06-21 23:31:48", "elapsed": 92.786889, "delta": 1.380212}}
{"target": -14.137678913749166, "params": {"C": 233.47262970203408, "gamma": 0.011954662393381357}, "datetime": {"datetime": "2021-06-21 23:31:49", "elapsed": 93.60192, "delta": 0.815031}}
{"target": -14.418558609608773, "params": {"C": 201.31162047883083, "gamma": 0.01236569306342382}, "datetime": {"datetime": "2021-06-21 23:31:50", "elapsed": 94.410479, "delta": 0.808559}}
{"target": -14.623601620467488, "params": {"C": 232.58183100666554, "gamma": 0.009234245494095537}, "datetime": {"datetime": "2021-06-21 23:31:51", "elapsed": 95.284292, "delta": 0.873813}}
{"target": -13.740405624894494, "params": {"C": 219.91870340046887, "gamma": 0.049043494053407036}, "datetime": {"datetime": "2021-06-21 23:31:52", "elapsed": 96.153788, "delta": 0.869496}}
{"target": -13.972296447515062, "params": {"C": 257.34219494847986, "gamma": 0.011605029673032827}, "datetime": {"datetime": "2021-06-21 23:31:52", "elapsed": 96.936152, "delta": 0.782364}}
{"target": -13.315882280308012, "params": {"C": 258.0860443135493, "gamma": 0.02065314351570921}, "datetime": {"datetime": "2021-06-21 23:31:53", "elapsed": 97.888428, "delta": 0.952276}}
{"target": -13.406497922090507, "params": {"C": 256.6537695506704, "gamma": 0.05}, "datetime": {"datetime": "2021-06-21 23:31:55", "elapsed": 98.973604, "delta": 1.085176}}
{"target": -13.068721224277056, "params": {"C": 292.511671891813, "gamma": 0.04662214666514382}, "datetime": {"datetime": "2021-06-21 23:31:55", "elapsed": 99.929684, "delta": 0.95608}}
{"target": -13.084072415098772, "params": {"C": 299.5149794103564, "gamma": 0.049932706791897485}, "datetime": {"datetime": "2021-06-21 23:31:56", "elapsed": 100.724481, "delta": 0.794797}}
{"target": -13.322728188802154, "params": {"C": 255.93554611348463, "gamma": 0.04552930649316457}, "datetime": {"datetime": "2021-06-21 23:31:57", "elapsed": 101.667039, "delta": 0.942558}}
{"target": -14.11579719536954, "params": {"C": 274.23086351454526, "gamma": 0.009951454625662895}, "datetime": {"datetime": "2021-06-21 23:31:58", "elapsed": 102.511806, "delta": 0.844767}}
{"target": -13.242364432647257, "params": {"C": 247.2626935837775, "gamma": 0.029145163963312008}, "datetime": {"datetime": "2021-06-21 23:31:59", "elapsed": 103.612966, "delta": 1.10116}}
{"target": -13.097402971626462, "params": {"C": 285.3710449905691, "gamma": 0.021639667563864297}, "datetime": {"datetime": "2021-06-21 23:32:00", "elapsed": 104.741002, "delta": 1.128036}}
{"target": -13.14040966295307, "params": {"C": 282.2913149070887, "gamma": 0.04676065045882242}, "datetime": {"datetime": "2021-06-21 23:32:01", "elapsed": 105.650964, "delta": 0.909962}}
{"target": -13.354576967742519, "params": {"C": 251.13263763930718, "gamma": 0.04505966821440405}, "datetime": {"datetime": "2021-06-21 23:32:02", "elapsed": 106.803628, "delta": 1.152664}}
{"target": -13.720146111280876, "params": {"C": 218.9319175286722, "gamma": 0.04760208655089286}, "datetime": {"datetime": "2021-06-21 23:32:03", "elapsed": 107.727623, "delta": 0.923995}}
{"target": -13.906184719248127, "params": {"C": 241.00510370706144, "gamma": 0.013451032271266466}, "datetime": {"datetime": "2021-06-21 23:32:04", "elapsed": 108.721587, "delta": 0.993964}}
{"target": -13.771877134243656, "params": {"C": 297.7504162788417, "gamma": 0.010880479359450499}, "datetime": {"datetime": "2021-06-21 23:32:05", "elapsed": 109.725583, "delta": 1.003996}}
{"target": -13.100372127354015, "params": {"C": 297.15013829513384, "gamma": 0.05}, "datetime": {"datetime": "2021-06-21 23:32:06", "elapsed": 110.819934, "delta": 1.094351}}
{"target": -12.987238608751309, "params": {"C": 298.28843649957554, "gamma": 0.04387508336334777}, "datetime": {"datetime": "2021-06-21 23:32:07", "elapsed": 111.757337, "delta": 0.937403}}
{"target": -13.770791383369223, "params": {"C": 200.3554442439471, "gamma": 0.023856972936037904}, "datetime": {"datetime": "2021-06-21 23:32:08", "elapsed": 112.659451, "delta": 0.902114}}
{"target": -13.070854498449657, "params": {"C": 268.8835374749175, "gamma": 0.030025136606878285}, "datetime": {"datetime": "2021-06-21 23:32:09", "elapsed": 113.645409, "delta": 0.985958}}
{"target": -14.485328154177877, "params": {"C": 253.4954711150457, "gamma": 0.009}, "datetime": {"datetime": "2021-06-21 23:32:10", "elapsed": 114.596699, "delta": 0.95129}}
{"target": -13.4189700279248, "params": {"C": 237.72826781585613, "gamma": 0.04188359061189571}, "datetime": {"datetime": "2021-06-21 23:32:11", "elapsed": 115.28804, "delta": 0.691341}}
{"target": -13.216404961739173, "params": {"C": 272.0542384869041, "gamma": 0.020640644893009687}, "datetime": {"datetime": "2021-06-21 23:32:12", "elapsed": 116.350995, "delta": 1.062955}}
{"target": -14.152937144829414, "params": {"C": 296.0025296748062, "gamma": 0.009}, "datetime": {"datetime": "2021-06-21 23:32:13", "elapsed": 117.480955, "delta": 1.12996}}
{"target": -13.470432815520414, "params": {"C": 290.5984030243262, "gamma": 0.014036645451161948}, "datetime": {"datetime": "2021-06-21 23:32:14", "elapsed": 118.169201, "delta": 0.688246}}
