{"target": -16.294401755855098, "params": {"C": 1475.3714865222523, "gamma": 0.03935152574408331}, "datetime": {"datetime": "2021-06-28 15:57:28", "elapsed": 12.499568, "delta": 0.337552}}
{"target": -17.454543633277016, "params": {"C": 1469.6432237957629, "gamma": 0.07036577208890864}, "datetime": {"datetime": "2021-06-28 15:57:29", "elapsed": 12.858282, "delta": 0.358714}}
{"target": -17.912727486023954, "params": {"C": 6917.652328351444, "gamma": 0.07016888178677504}, "datetime": {"datetime": "2021-06-28 15:57:29", "elapsed": 13.206857, "delta": 0.348575}}
{"target": -17.972108247643366, "params": {"C": 1417.419479560654, "gamma": 0.08041782414430088}, "datetime": {"datetime": "2021-06-28 15:57:29", "elapsed": 13.579811, "delta": 0.372954}}
{"target": -17.844279526774915, "params": {"C": 858.6892032026575, "gamma": 0.06829743691998605}, "datetime": {"datetime": "2021-06-28 15:57:30", "elapsed": 13.887745, "delta": 0.307934}}
{"target": -17.02984344163201, "params": {"C": 8953.317643056145, "gamma": 0.05233493593738922}, "datetime": {"datetime": "2021-06-28 15:57:30", "elapsed": 14.192423, "delta": 0.304678}}
{"target": -16.570126733389916, "params": {"C": 1868.9425599765768, "gamma": 0.013338051337002645}, "datetime": {"datetime": "2021-06-28 15:57:30", "elapsed": 14.555748, "delta": 0.363325}}
{"target": -18.601685220811056, "params": {"C": 288.74128513892634, "gamma": 0.022438456948088818}, "datetime": {"datetime": "2021-06-28 15:57:31", "elapsed": 14.861703, "delta": 0.305955}}
{"target": -16.98932506771608, "params": {"C": 9260.393402225269, "gamma": 0.051094631816178744}, "datetime": {"datetime": "2021-06-28 15:57:31", "elapsed": 15.190434, "delta": 0.328731}}
{"target": -19.335863808690757, "params": {"C": 8824.455025018628, "gamma": 0.08562432043592919}, "datetime": {"datetime": "2021-06-28 15:57:31", "elapsed": 15.497468, "delta": 0.307034}}
{"target": -16.093780705916046, "params": {"C": 6928.313019138602, "gamma": 0.021474586281334508}, "datetime": {"datetime": "2021-06-28 15:57:32", "elapsed": 15.834467, "delta": 0.336999}}
{"target": -17.823536085158334, "params": {"C": 635.7012044286381, "gamma": 0.05746657699628099}, "datetime": {"datetime": "2021-06-28 15:57:32", "elapsed": 16.161424, "delta": 0.326957}}
{"target": -18.107278144771882, "params": {"C": 1412.8003001677969, "gamma": 0.08305259085432047}, "datetime": {"datetime": "2021-06-28 15:57:32", "elapsed": 16.512062, "delta": 0.350638}}
{"target": -16.21017512423363, "params": {"C": 7274.9038177973025, "gamma": 0.031732158122794014}, "datetime": {"datetime": "2021-06-28 15:57:33", "elapsed": 16.844426, "delta": 0.332364}}
{"target": -19.22464609519024, "params": {"C": 7517.366952885718, "gamma": 0.087288840688283}, "datetime": {"datetime": "2021-06-28 15:57:33", "elapsed": 17.164422, "delta": 0.319996}}
{"target": -16.729642873832706, "params": {"C": 1412.0342554961362, "gamma": 0.053161481483330914}, "datetime": {"datetime": "2021-06-28 15:57:33", "elapsed": 17.552379, "delta": 0.387957}}
{"target": -17.016373659974583, "params": {"C": 7275.357057449991, "gamma": 0.054905848001527015}, "datetime": {"datetime": "2021-06-28 15:57:34", "elapsed": 17.89398, "delta": 0.341601}}
{"target": -16.7720514151881, "params": {"C": 9582.809616707573, "gamma": 0.046003240694876976}, "datetime": {"datetime": "2021-06-28 15:57:34", "elapsed": 18.232024, "delta": 0.338044}}
{"target": -18.382188577547332, "params": {"C": 1321.4678729778852, "gamma": 0.08775589813065152}, "datetime": {"datetime": "2021-06-28 15:57:34", "elapsed": 18.56959, "delta": 0.337566}}
{"target": -16.205187528104428, "params": {"C": 6893.110914769296, "gamma": 0.011484862791079681}, "datetime": {"datetime": "2021-06-28 15:57:35", "elapsed": 18.893342, "delta": 0.323752}}
{"target": -17.07738797530228, "params": {"C": 6893.546380052656, "gamma": 0.05673356200632095}, "datetime": {"datetime": "2021-06-28 15:57:35", "elapsed": 19.251975, "delta": 0.358633}}
{"target": -16.042457401897103, "params": {"C": 1947.93089416786, "gamma": 0.026766713616404134}, "datetime": {"datetime": "2021-06-28 15:57:35", "elapsed": 19.591976, "delta": 0.340001}}
{"target": -16.23863568779156, "params": {"C": 5626.67079613475, "gamma": 0.03951470282566494}, "datetime": {"datetime": "2021-06-28 15:57:36", "elapsed": 19.935936, "delta": 0.34396}}
{"target": -16.20025478828393, "params": {"C": 7767.444836239023, "gamma": 0.02766218858858646}, "datetime": {"datetime": "2021-06-28 15:57:36", "elapsed": 20.282565, "delta": 0.346629}}
{"target": -19.252406015667344, "params": {"C": 7274.449266217977, "gamma": 0.08831236358662803}, "datetime": {"datetime": "2021-06-28 15:57:36", "elapsed": 20.651536, "delta": 0.368971}}
{"target": -17.079775181002148, "params": {"C": 2891.2255187788824, "gamma": 0.06500945297703384}, "datetime": {"datetime": "2021-06-28 15:57:37", "elapsed": 20.997503, "delta": 0.345967}}
{"target": -16.23437853615267, "params": {"C": 7492.275348190688, "gamma": 0.03217167744174195}, "datetime": {"datetime": "2021-06-28 15:57:37", "elapsed": 21.341544, "delta": 0.344041}}
{"target": -18.792771355639193, "params": {"C": 2895.441597654125, "gamma": 0.09550768200483474}, "datetime": {"datetime": "2021-06-28 15:57:38", "elapsed": 21.69154, "delta": 0.349996}}
{"target": -16.095398253273284, "params": {"C": 1867.6951317308778, "gamma": 0.03603111719738359}, "datetime": {"datetime": "2021-06-28 15:57:38", "elapsed": 22.048521, "delta": 0.356981}}
{"target": -19.374692387142254, "params": {"C": 6928.495872122119, "gamma": 0.09098742933322021}, "datetime": {"datetime": "2021-06-28 15:57:38", "elapsed": 22.427522, "delta": 0.379001}}
{"target": -17.309426071861026, "params": {"C": 2579.2524150997965, "gamma": 0.06977278595915305}, "datetime": {"datetime": "2021-06-28 15:57:39", "elapsed": 22.779298, "delta": 0.351776}}
{"target": -16.849225778123863, "params": {"C": 1868.4690267078395, "gamma": 0.059637070675561475}, "datetime": {"datetime": "2021-06-28 15:57:39", "elapsed": 23.192347, "delta": 0.413049}}
{"target": -16.338537863753793, "params": {"C": 7767.539559311941, "gamma": 0.036519223093218194}, "datetime": {"datetime": "2021-06-28 15:57:39", "elapsed": 23.584348, "delta": 0.392001}}
{"target": -16.27163191612493, "params": {"C": 1948.0175692993066, "gamma": 0.04473797828455514}, "datetime": {"datetime": "2021-06-28 15:57:40", "elapsed": 23.976952, "delta": 0.392604}}
{"target": -17.43169891173845, "params": {"C": 1470.4557641773215, "gamma": 0.06989775477556233}, "datetime": {"datetime": "2021-06-28 15:57:40", "elapsed": 24.341955, "delta": 0.365003}}
{"target": -16.51773833550116, "params": {"C": 1870.5655906037462, "gamma": 0.05158621583830629}, "datetime": {"datetime": "2021-06-28 15:57:41", "elapsed": 24.750847, "delta": 0.408892}}
{"target": -16.244747812757186, "params": {"C": 6928.2393456785, "gamma": 0.03524946621523575}, "datetime": {"datetime": "2021-06-28 15:57:41", "elapsed": 25.158556, "delta": 0.407709}}
{"target": -18.253462421847942, "params": {"C": 1868.6765896505667, "gamma": 0.0875123484295891}, "datetime": {"datetime": "2021-06-28 15:57:41", "elapsed": 25.569352, "delta": 0.410796}}
{"target": -17.122234885673656, "params": {"C": 1869.4742187896452, "gamma": 0.06554677311553063}, "datetime": {"datetime": "2021-06-28 15:57:42", "elapsed": 25.954349, "delta": 0.384997}}
{"target": -16.11874322943194, "params": {"C": 6928.224802491088, "gamma": 0.02619501811949391}, "datetime": {"datetime": "2021-06-28 15:57:42", "elapsed": 26.320614, "delta": 0.366265}}
{"target": -16.24153648149018, "params": {"C": 1412.3252529070587, "gamma": 0.030354212891900358}, "datetime": {"datetime": "2021-06-28 15:57:43", "elapsed": 26.80045, "delta": 0.479836}}
{"target": -16.79449466018114, "params": {"C": 1474.1670650967988, "gamma": 0.05559718049553526}, "datetime": {"datetime": "2021-06-28 15:57:43", "elapsed": 27.20641, "delta": 0.40596}}
{"target": -17.753619588265007, "params": {"C": 2636.5833454710023, "gamma": 0.077895156330253}, "datetime": {"datetime": "2021-06-28 15:57:43", "elapsed": 27.586449, "delta": 0.380039}}
{"target": -16.341046206833173, "params": {"C": 1869.2579982264053, "gamma": 0.04647263780222584}, "datetime": {"datetime": "2021-06-28 15:57:44", "elapsed": 28.12809, "delta": 0.541641}}
{"target": -18.272607875796556, "params": {"C": 2238.9277073972994, "gamma": 0.08780987942459474}, "datetime": {"datetime": "2021-06-28 15:57:44", "elapsed": 28.503025, "delta": 0.374935}}
{"target": -16.82262802734618, "params": {"C": 3536.3966994949537, "gamma": 0.058847979618309704}, "datetime": {"datetime": "2021-06-28 15:57:45", "elapsed": 28.884029, "delta": 0.381004}}
{"target": -16.249962550024172, "params": {"C": 7492.400438210445, "gamma": 0.010484342397611826}, "datetime": {"datetime": "2021-06-28 15:57:45", "elapsed": 29.34378, "delta": 0.459751}}
{"target": -16.246495271754476, "params": {"C": 6928.041581336172, "gamma": 0.03533425252139595}, "datetime": {"datetime": "2021-06-28 15:57:46", "elapsed": 29.778782, "delta": 0.435002}}
{"target": -16.312474142459944, "params": {"C": 1475.2211021173266, "gamma": 0.0224012277810842}, "datetime": {"datetime": "2021-06-28 15:57:46", "elapsed": 30.226307, "delta": 0.447525}}
{"target": -18.758176707267776, "params": {"C": 8026.520251079099, "gamma": 0.07971297976901978}, "datetime": {"datetime": "2021-06-28 15:57:46", "elapsed": 30.623433, "delta": 0.397126}}
{"target": -17.117349735497804, "params": {"C": 6810.814586102584, "gamma": 0.057608524048798994}, "datetime": {"datetime": "2021-06-28 15:57:47", "elapsed": 31.029934, "delta": 0.406501}}
{"target": -20.20126677029335, "params": {"C": 8291.076464521006, "gamma": 0.09865198370051734}, "datetime": {"datetime": "2021-06-28 15:57:47", "elapsed": 31.445893, "delta": 0.415959}}
{"target": -18.36028116608189, "params": {"C": 1476.2189897413743, "gamma": 0.08839352379967545}, "datetime": {"datetime": "2021-06-28 15:57:48", "elapsed": 31.881932, "delta": 0.436039}}
{"target": -16.52257085520897, "params": {"C": 1475.1018118019108, "gamma": 0.04809141539506436}, "datetime": {"datetime": "2021-06-28 15:57:48", "elapsed": 32.394687, "delta": 0.512755}}
{"target": -18.9025913393966, "params": {"C": 6922.0251023322335, "gamma": 0.08435235061221981}, "datetime": {"datetime": "2021-06-28 15:57:49", "elapsed": 32.833613, "delta": 0.438926}}
{"target": -17.96743728004113, "params": {"C": 1474.4083800035041, "gamma": 0.08071525529931879}, "datetime": {"datetime": "2021-06-28 15:57:49", "elapsed": 33.525246, "delta": 0.691633}}
{"target": -16.987454022663943, "params": {"C": 5626.549089471296, "gamma": 0.05761394892782785}, "datetime": {"datetime": "2021-06-28 15:57:50", "elapsed": 33.984502, "delta": 0.459256}}
{"target": -18.379197872112865, "params": {"C": 1413.7456468338787, "gamma": 0.08838866958822979}, "datetime": {"datetime": "2021-06-28 15:57:50", "elapsed": 34.435581, "delta": 0.451079}}
{"target": -18.107505355031613, "params": {"C": 1867.552334726866, "gamma": 0.08477265971306427}, "datetime": {"datetime": "2021-06-28 15:57:51", "elapsed": 34.90945, "delta": 0.473869}}
{"target": -17.487228430011744, "params": {"C": 6893.555467873847, "gamma": 0.06367176688570893}, "datetime": {"datetime": "2021-06-28 15:57:51", "elapsed": 35.321157, "delta": 0.411707}}
{"target": -17.8637752038166, "params": {"C": 6927.984423912476, "gamma": 0.06941626839670616}, "datetime": {"datetime": "2021-06-28 15:57:52", "elapsed": 35.8244, "delta": 0.503243}}
{"target": -19.952991161053156, "params": {"C": 7492.488431431198, "gamma": 0.09750510930157509}, "datetime": {"datetime": "2021-06-28 15:57:52", "elapsed": 36.278941, "delta": 0.454541}}
{"target": -16.889010716889004, "params": {"C": 866.2559418190076, "gamma": 0.04212776246481143}, "datetime": {"datetime": "2021-06-28 15:57:53", "elapsed": 36.706931, "delta": 0.42799}}
{"target": -16.34802532253272, "params": {"C": 1250.5809654210577, "gamma": 0.03136471684434292}, "datetime": {"datetime": "2021-06-28 15:57:53", "elapsed": 37.147215, "delta": 0.440284}}
{"target": -17.909032013519035, "params": {"C": 1474.9576979718584, "gamma": 0.0795676722819749}, "datetime": {"datetime": "2021-06-28 15:57:53", "elapsed": 37.617178, "delta": 0.469963}}
{"target": -17.482869491744903, "params": {"C": 3625.6067045011673, "gamma": 0.07102055144777636}, "datetime": {"datetime": "2021-06-28 15:57:54", "elapsed": 38.056312, "delta": 0.439134}}
{"target": -17.214783434633325, "params": {"C": 1475.1929897212447, "gamma": 0.06533545248847722}, "datetime": {"datetime": "2021-06-28 15:57:54", "elapsed": 38.518752, "delta": 0.46244}}
{"target": -17.14512611414029, "params": {"C": 6928.122376080369, "gamma": 0.05787861837950056}, "datetime": {"datetime": "2021-06-28 15:57:55", "elapsed": 39.003727, "delta": 0.484975}}
{"target": -17.35226751529734, "params": {"C": 1869.3266237629239, "gamma": 0.0702404548809568}, "datetime": {"datetime": "2021-06-28 15:57:55", "elapsed": 39.478767, "delta": 0.47504}}
{"target": -19.59547953354791, "params": {"C": 5626.642612750802, "gamma": 0.0983909966508369}, "datetime": {"datetime": "2021-06-28 15:57:56", "elapsed": 40.037824, "delta": 0.559057}}
{"target": -18.803371852843473, "params": {"C": 7767.507580461674, "gamma": 0.0809105610674566}, "datetime": {"datetime": "2021-06-28 15:57:56", "elapsed": 40.568786, "delta": 0.530962}}
{"target": -16.482727564201337, "params": {"C": 9579.3258245993, "gamma": 0.03727435214821688}, "datetime": {"datetime": "2021-06-28 15:57:57", "elapsed": 41.013912, "delta": 0.445126}}
{"target": -18.664773480795123, "params": {"C": 1870.552474685228, "gamma": 0.09521326616480802}, "datetime": {"datetime": "2021-06-28 15:57:57", "elapsed": 41.487255, "delta": 0.473343}}
{"target": -16.152770385455874, "params": {"C": 6893.099993709325, "gamma": 0.029840181506003247}, "datetime": {"datetime": "2021-06-28 15:57:58", "elapsed": 41.983549, "delta": 0.496294}}
{"target": -16.159095912055026, "params": {"C": 6893.1456126486555, "gamma": 0.030333385444301114}, "datetime": {"datetime": "2021-06-28 15:57:58", "elapsed": 42.496553, "delta": 0.513004}}
{"target": -16.725203414614572, "params": {"C": 1947.9689682437108, "gamma": 0.05709109818936493}, "datetime": {"datetime": "2021-06-28 15:57:59", "elapsed": 42.972906, "delta": 0.476353}}
{"target": -17.849430635107822, "params": {"C": 1250.5199903141677, "gamma": 0.07637153966367462}, "datetime": {"datetime": "2021-06-28 15:57:59", "elapsed": 43.44987, "delta": 0.476964}}
{"target": -16.10020430502002, "params": {"C": 5626.7314157191895, "gamma": 0.033434182613590734}, "datetime": {"datetime": "2021-06-28 15:58:00", "elapsed": 43.94491, "delta": 0.49504}}
{"target": -19.263792961499153, "params": {"C": 606.3695878009207, "gamma": 0.08838780434712834}, "datetime": {"datetime": "2021-06-28 15:58:00", "elapsed": 44.392907, "delta": 0.447997}}
{"target": -16.06118608860097, "params": {"C": 1867.6834920128015, "gamma": 0.0273131755167077}, "datetime": {"datetime": "2021-06-28 15:58:01", "elapsed": 44.860907, "delta": 0.468}}
{"target": -18.173282472596412, "params": {"C": 1475.353344550453, "gamma": 0.08475097943356141}, "datetime": {"datetime": "2021-06-28 15:58:01", "elapsed": 45.376442, "delta": 0.515535}}
{"target": -16.362578023551524, "params": {"C": 3637.914638773755, "gamma": 0.01115971964622772}, "datetime": {"datetime": "2021-06-28 15:58:02", "elapsed": 45.841445, "delta": 0.465003}}
{"target": -16.79335367201957, "params": {"C": 859.5776670800766, "gamma": 0.03606601278945426}, "datetime": {"datetime": "2021-06-28 15:58:02", "elapsed": 46.323479, "delta": 0.482034}}
{"target": -16.05553321092058, "params": {"C": 3637.843362863167, "gamma": 0.038493013044405194}, "datetime": {"datetime": "2021-06-28 15:58:03", "elapsed": 46.889446, "delta": 0.565967}}
{"target": -16.051840783066222, "params": {"C": 1869.2307866907217, "gamma": 0.03111947997980856}, "datetime": {"datetime": "2021-06-28 15:58:03", "elapsed": 47.452479, "delta": 0.563033}}
{"target": -18.50113590189436, "params": {"C": 6928.767551257259, "gamma": 0.07866711183070471}, "datetime": {"datetime": "2021-06-28 15:58:04", "elapsed": 47.973441, "delta": 0.520962}}
{"target": -18.758794917528025, "params": {"C": 6893.155420271143, "gamma": 0.08240028076858646}, "datetime": {"datetime": "2021-06-28 15:58:04", "elapsed": 48.490479, "delta": 0.517038}}
{"target": -16.189990834674532, "params": {"C": 6928.331588671034, "gamma": 0.032257867095671}, "datetime": {"datetime": "2021-06-28 15:58:05", "elapsed": 49.013095, "delta": 0.522616}}
{"target": -16.095193678773093, "params": {"C": 5626.680437563087, "gamma": 0.014448898432407094}, "datetime": {"datetime": "2021-06-28 15:58:05", "elapsed": 49.536106, "delta": 0.523011}}
{"target": -19.058848136392108, "params": {"C": 3594.162108523436, "gamma": 0.09753651565577497}, "datetime": {"datetime": "2021-06-28 15:58:06", "elapsed": 50.01111, "delta": 0.475004}}
{"target": -17.08209190648628, "params": {"C": 1412.4474294296272, "gamma": 0.061791329868994625}, "datetime": {"datetime": "2021-06-28 15:58:06", "elapsed": 50.596063, "delta": 0.584953}}
{"target": -18.4786158686672, "params": {"C": 1867.6707826716417, "gamma": 0.09172561597800713}, "datetime": {"datetime": "2021-06-28 15:58:07", "elapsed": 51.125862, "delta": 0.529799}}
{"target": -18.864290619991255, "params": {"C": 7274.888361469447, "gamma": 0.08292256173559394}, "datetime": {"datetime": "2021-06-28 15:58:08", "elapsed": 51.682855, "delta": 0.556993}}
{"target": -16.184205392503927, "params": {"C": 4369.813897363138, "gamma": 0.0413537873419605}, "datetime": {"datetime": "2021-06-28 15:58:08", "elapsed": 52.16786, "delta": 0.485005}}
{"target": -16.08006272314925, "params": {"C": 1869.196445789148, "gamma": 0.034887007832690387}, "datetime": {"datetime": "2021-06-28 15:58:09", "elapsed": 52.704858, "delta": 0.536998}}
{"target": -16.06925426269366, "params": {"C": 6464.290554015631, "gamma": 0.024397213088516848}, "datetime": {"datetime": "2021-06-28 15:58:09", "elapsed": 53.191798, "delta": 0.48694}}
{"target": -18.589643827167965, "params": {"C": 8611.98390503832, "gamma": 0.07621840703989977}, "datetime": {"datetime": "2021-06-28 15:58:10", "elapsed": 53.673465, "delta": 0.481667}}
{"target": -19.029728449231673, "params": {"C": 3637.8383966758615, "gamma": 0.09688602717382909}, "datetime": {"datetime": "2021-06-28 15:58:10", "elapsed": 54.220247, "delta": 0.546782}}
{"target": -17.29287408034957, "params": {"C": 3587.8675290270735, "gamma": 0.06772139244782074}, "datetime": {"datetime": "2021-06-28 15:58:11", "elapsed": 54.752247, "delta": 0.532}}
{"target": -16.222634003466236, "params": {"C": 1474.2566828420445, "gamma": 0.02740114558018593}, "datetime": {"datetime": "2021-06-28 15:58:11", "elapsed": 55.334276, "delta": 0.582029}}
{"target": -16.385555760447318, "params": {"C": 1870.704582081319, "gamma": 0.047855769127716725}, "datetime": {"datetime": "2021-06-28 15:58:12", "elapsed": 55.960273, "delta": 0.625997}}
{"target": -16.313772750858437, "params": {"C": 3637.8548497656793, "gamma": 0.01177788553358736}, "datetime": {"datetime": "2021-06-28 15:58:12", "elapsed": 56.527268, "delta": 0.566995}}
{"target": -16.608794531043955, "params": {"C": 4369.820351985307, "gamma": 0.05261703596139821}, "datetime": {"datetime": "2021-06-28 15:58:13", "elapsed": 57.04262, "delta": 0.515352}}
{"target": -16.23270650696129, "params": {"C": 1868.5873385781108, "gamma": 0.01945024881215451}, "datetime": {"datetime": "2021-06-28 15:58:13", "elapsed": 57.602621, "delta": 0.560001}}
{"target": -16.350767855999166, "params": {"C": 4924.965037644487, "gamma": 0.04497884821813945}, "datetime": {"datetime": "2021-06-28 15:58:14", "elapsed": 58.099587, "delta": 0.496966}}
{"target": -16.23018355864836, "params": {"C": 1474.880181422692, "gamma": 0.035047590407723664}, "datetime": {"datetime": "2021-06-28 15:58:15", "elapsed": 58.674617, "delta": 0.57503}}
{"target": -17.30093023398264, "params": {"C": 3637.9331228813166, "gamma": 0.06775662725486466}, "datetime": {"datetime": "2021-06-28 15:58:15", "elapsed": 59.237625, "delta": 0.563008}}
{"target": -19.73547341265527, "params": {"C": 6928.21558406729, "gamma": 0.09612573505543492}, "datetime": {"datetime": "2021-06-28 15:58:16", "elapsed": 59.823587, "delta": 0.585962}}
{"target": -16.4523264877596, "params": {"C": 1475.4420553310915, "gamma": 0.018472790039920372}, "datetime": {"datetime": "2021-06-28 15:58:16", "elapsed": 60.409485, "delta": 0.585898}}
{"target": -16.259216601692238, "params": {"C": 8273.453345332095, "gamma": 0.029472925838146737}, "datetime": {"datetime": "2021-06-28 15:58:17", "elapsed": 60.930486, "delta": 0.521001}}
{"target": -18.527547288834995, "params": {"C": 3865.9316918707905, "gamma": 0.08783493892756887}, "datetime": {"datetime": "2021-06-28 15:58:17", "elapsed": 61.463995, "delta": 0.533509}}
{"target": -17.904348231686182, "params": {"C": 1745.9544348179681, "gamma": 0.0806760474851838}, "datetime": {"datetime": "2021-06-28 15:58:18", "elapsed": 61.993995, "delta": 0.53}}
{"target": -16.945611545954257, "params": {"C": 1474.8506935586988, "gamma": 0.05927397088652451}, "datetime": {"datetime": "2021-06-28 15:58:18", "elapsed": 62.584995, "delta": 0.591}}
{"target": -16.174549157465258, "params": {"C": 3721.73741764815, "gamma": 0.04262336254246572}, "datetime": {"datetime": "2021-06-28 15:58:19", "elapsed": 63.114173, "delta": 0.529178}}
{"target": -16.201306291517703, "params": {"C": 6479.028006903737, "gamma": 0.011578732794729813}, "datetime": {"datetime": "2021-06-28 15:58:19", "elapsed": 63.654171, "delta": 0.539998}}
{"target": -17.05138060846309, "params": {"C": 4369.763488605387, "gamma": 0.06155708468640641}, "datetime": {"datetime": "2021-06-28 15:58:20", "elapsed": 64.260682, "delta": 0.606511}}
{"target": -18.928453934552245, "params": {"C": 7492.278953406456, "gamma": 0.08327631316797839}, "datetime": {"datetime": "2021-06-28 15:58:21", "elapsed": 64.869593, "delta": 0.608911}}
