{"target": -10.439740460270636, "params": {"C": 4219.64948414118, "gamma": 0.036546762691621174}, "datetime": {"datetime": "2021-06-22 08:11:25", "elapsed": 102.265316, "delta": 0.89377}}
{"target": -10.563790829146976, "params": {"C": 4895.313121619687, "gamma": 0.022699395614822204}, "datetime": {"datetime": "2021-06-22 08:11:26", "elapsed": 103.332149, "delta": 1.066833}}
{"target": -10.81087548171553, "params": {"C": 5195.391091496103, "gamma": 0.01346716447813703}, "datetime": {"datetime": "2021-06-22 08:11:27", "elapsed": 104.085931, "delta": 0.753782}}
{"target": -10.333553456973647, "params": {"C": 5168.5781322006815, "gamma": 0.04803652544351634}, "datetime": {"datetime": "2021-06-22 08:11:27", "elapsed": 104.953951, "delta": 0.86802}}
{"target": -10.351247954777367, "params": {"C": 5886.226887405929, "gamma": 0.03030166258967494}, "datetime": {"datetime": "2021-06-22 08:11:28", "elapsed": 105.998045, "delta": 1.044094}}
{"target": -11.0826711268635, "params": {"C": 5945.970654278477, "gamma": 0.009}, "datetime": {"datetime": "2021-06-22 08:11:29", "elapsed": 106.80517, "delta": 0.807125}}
{"target": -10.62523586950713, "params": {"C": 6923.934498636432, "gamma": 0.015897374117427664}, "datetime": {"datetime": "2021-06-22 08:11:30", "elapsed": 107.491172, "delta": 0.686002}}
{"target": -10.197658990478379, "params": {"C": 7168.203737291847, "gamma": 0.047343777670545574}, "datetime": {"datetime": "2021-06-22 08:11:31", "elapsed": 108.350495, "delta": 0.859323}}
{"target": -11.047418549074035, "params": {"C": 6449.689790602518, "gamma": 0.009}, "datetime": {"datetime": "2021-06-22 08:11:32", "elapsed": 109.087694, "delta": 0.737199}}
{"target": -10.415956976923365, "params": {"C": 6421.365917506571, "gamma": 0.024976970544203336}, "datetime": {"datetime": "2021-06-22 08:11:33", "elapsed": 110.412195, "delta": 1.324501}}
{"target": -10.400062222612657, "params": {"C": 4429.3718539395895, "gamma": 0.048982759335904014}, "datetime": {"datetime": "2021-06-22 08:11:34", "elapsed": 111.706707, "delta": 1.294512}}
{"target": -10.769360488142103, "params": {"C": 4830.619236931187, "gamma": 0.0150344541427975}, "datetime": {"datetime": "2021-06-22 08:11:35", "elapsed": 112.605786, "delta": 0.899079}}
{"target": -10.369239648604676, "params": {"C": 4862.330349241831, "gamma": 0.04964254893055268}, "datetime": {"datetime": "2021-06-22 08:11:36", "elapsed": 113.639419, "delta": 1.033633}}
{"target": -10.155944656417047, "params": {"C": 7516.316728776568, "gamma": 0.0403304263786439}, "datetime": {"datetime": "2021-06-22 08:11:37", "elapsed": 114.440709, "delta": 0.80129}}
{"target": -10.194344185158782, "params": {"C": 7097.349482527436, "gamma": 0.03656876562623771}, "datetime": {"datetime": "2021-06-22 08:11:38", "elapsed": 115.615616, "delta": 1.174907}}
{"target": -10.205816449929962, "params": {"C": 7323.20252728112, "gamma": 0.05}, "datetime": {"datetime": "2021-06-22 08:11:39", "elapsed": 116.639203, "delta": 1.023587}}
{"target": -10.17195195759034, "params": {"C": 7268.950745133532, "gamma": 0.03971577781880597}, "datetime": {"datetime": "2021-06-22 08:11:40", "elapsed": 117.643819, "delta": 1.004616}}
{"target": -10.645927591704165, "params": {"C": 6123.202298801105, "gamma": 0.01643810609890206}, "datetime": {"datetime": "2021-06-22 08:11:41", "elapsed": 118.78084, "delta": 1.137021}}
{"target": -10.376561313819836, "params": {"C": 6369.534977114077, "gamma": 0.026895274445241785}, "datetime": {"datetime": "2021-06-22 08:11:42", "elapsed": 119.764449, "delta": 0.983609}}
{"target": -10.186242528040943, "params": {"C": 7020.848046870784, "gamma": 0.0403195389960827}, "datetime": {"datetime": "2021-06-22 08:11:43", "elapsed": 121.01416, "delta": 1.249711}}
{"target": -10.29931346436672, "params": {"C": 5859.641684679479, "gamma": 0.05}, "datetime": {"datetime": "2021-06-22 08:11:44", "elapsed": 121.881603, "delta": 0.867443}}
{"target": -10.746572378475667, "params": {"C": 6394.8295976609315, "gamma": 0.013246472663989843}, "datetime": {"datetime": "2021-06-22 08:11:45", "elapsed": 122.75515, "delta": 0.873547}}
{"target": -10.329733856673014, "params": {"C": 5573.50718887535, "gamma": 0.03449780888747028}, "datetime": {"datetime": "2021-06-22 08:11:46", "elapsed": 123.664181, "delta": 0.909031}}
{"target": -10.148503514975937, "params": {"C": 7745.2973297829085, "gamma": 0.03774991363006627}, "datetime": {"datetime": "2021-06-22 08:11:47", "elapsed": 124.458895, "delta": 0.794714}}
{"target": -10.693546978804775, "params": {"C": 5623.281321461043, "gamma": 0.015701117060136757}, "datetime": {"datetime": "2021-06-22 08:11:48", "elapsed": 125.236106, "delta": 0.777211}}
{"target": -10.148398386947532, "params": {"C": 7696.596455744493, "gamma": 0.038882342006288824}, "datetime": {"datetime": "2021-06-22 08:11:48", "elapsed": 126.025305, "delta": 0.789199}}
{"target": -10.638170725236929, "params": {"C": 4972.025771376599, "gamma": 0.01916351088025443}, "datetime": {"datetime": "2021-06-22 08:11:49", "elapsed": 126.952899, "delta": 0.927594}}
{"target": -10.502345811081254, "params": {"C": 4998.577940635785, "gamma": 0.025288423367753624}, "datetime": {"datetime": "2021-06-22 08:11:50", "elapsed": 128.016032, "delta": 1.063133}}
{"target": -10.299206482052274, "params": {"C": 5600.454984814044, "gamma": 0.03786986262337489}, "datetime": {"datetime": "2021-06-22 08:11:51", "elapsed": 129.072031, "delta": 1.055999}}
{"target": -10.158642798185918, "params": {"C": 7448.896947159363, "gamma": 0.041870644395968035}, "datetime": {"datetime": "2021-06-22 08:11:52", "elapsed": 130.052959, "delta": 0.980928}}
{"target": -10.326849450823754, "params": {"C": 5266.275128202116, "gamma": 0.048095589413918526}, "datetime": {"datetime": "2021-06-22 08:11:53", "elapsed": 131.015244, "delta": 0.962285}}
{"target": -10.212301725162751, "params": {"C": 7214.552752147212, "gamma": 0.04999011898640158}, "datetime": {"datetime": "2021-06-22 08:11:54", "elapsed": 131.855348, "delta": 0.840104}}
{"target": -10.297246649822977, "params": {"C": 5485.835563576744, "gamma": 0.040601059668879474}, "datetime": {"datetime": "2021-06-22 08:11:55", "elapsed": 132.711718, "delta": 0.85637}}
{"target": -10.216432326769088, "params": {"C": 6735.047384842764, "gamma": 0.03703905327285524}, "datetime": {"datetime": "2021-06-22 08:11:56", "elapsed": 133.874531, "delta": 1.162813}}
{"target": -10.273607883380027, "params": {"C": 6830.884444514548, "gamma": 0.031145274324087827}, "datetime": {"datetime": "2021-06-22 08:11:57", "elapsed": 135.009079, "delta": 1.134548}}
{"target": -10.158011203730979, "params": {"C": 7821.529963299035, "gamma": 0.035184948353597645}, "datetime": {"datetime": "2021-06-22 08:11:58", "elapsed": 135.85818, "delta": 0.849101}}
{"target": -10.3341862359568, "params": {"C": 5023.9075967099925, "gamma": 0.042104173487959404}, "datetime": {"datetime": "2021-06-22 08:11:59", "elapsed": 136.670826, "delta": 0.812646}}
{"target": -10.911378988886327, "params": {"C": 4320.110867504261, "gamma": 0.01295116870955193}, "datetime": {"datetime": "2021-06-22 08:12:00", "elapsed": 137.493424, "delta": 0.822598}}
{"target": -10.804434666492435, "params": {"C": 4095.186059081271, "gamma": 0.015670023458528824}, "datetime": {"datetime": "2021-06-22 08:12:01", "elapsed": 138.581388, "delta": 1.087964}}
{"target": -10.20884061054788, "params": {"C": 7144.888287347202, "gamma": 0.04884354080820682}, "datetime": {"datetime": "2021-06-22 08:12:02", "elapsed": 139.583723, "delta": 1.002335}}
{"target": -10.161008290207947, "params": {"C": 7881.76871241172, "gamma": 0.048108612741480414}, "datetime": {"datetime": "2021-06-22 08:12:03", "elapsed": 140.501626, "delta": 0.917903}}
{"target": -10.638079619513348, "params": {"C": 5219.614554718911, "gamma": 0.01855452154123427}, "datetime": {"datetime": "2021-06-22 08:12:04", "elapsed": 141.598854, "delta": 1.097228}}
{"target": -10.485345665724525, "params": {"C": 4462.441007422966, "gamma": 0.02852504818625226}, "datetime": {"datetime": "2021-06-22 08:12:05", "elapsed": 142.428607, "delta": 0.829753}}
{"target": -10.882270138639038, "params": {"C": 5110.580868305664, "gamma": 0.012235516047368973}, "datetime": {"datetime": "2021-06-22 08:12:06", "elapsed": 143.562394, "delta": 1.133787}}
{"target": -10.571076074291511, "params": {"C": 5133.747850277334, "gamma": 0.02163765730973836}, "datetime": {"datetime": "2021-06-22 08:12:07", "elapsed": 144.621984, "delta": 1.05959}}
{"target": -10.570684330366223, "params": {"C": 5084.292824324146, "gamma": 0.021799270070605795}, "datetime": {"datetime": "2021-06-22 08:12:08", "elapsed": 145.608783, "delta": 0.986799}}
{"target": -10.186241078510351, "params": {"C": 7191.657716228414, "gamma": 0.03700193277839212}, "datetime": {"datetime": "2021-06-22 08:12:09", "elapsed": 146.594218, "delta": 0.985435}}
{"target": -10.441661380212548, "params": {"C": 5513.41451954851, "gamma": 0.026508703343950987}, "datetime": {"datetime": "2021-06-22 08:12:10", "elapsed": 147.633991, "delta": 1.039773}}
{"target": -10.324951895732974, "params": {"C": 7538.557891862683, "gamma": 0.026045493680725007}, "datetime": {"datetime": "2021-06-22 08:12:11", "elapsed": 148.56747, "delta": 0.933479}}
{"target": -10.369685062080235, "params": {"C": 4625.967801592349, "gamma": 0.044025451135840284}, "datetime": {"datetime": "2021-06-22 08:12:12", "elapsed": 149.454099, "delta": 0.886629}}
{"target": -10.222498176842283, "params": {"C": 6662.475870605604, "gamma": 0.046481024812233526}, "datetime": {"datetime": "2021-06-22 08:12:13", "elapsed": 150.387217, "delta": 0.933118}}
{"target": -10.717848817663715, "params": {"C": 6143.261043304708, "gamma": 0.01420148010826059}, "datetime": {"datetime": "2021-06-22 08:12:14", "elapsed": 151.232589, "delta": 0.845372}}
{"target": -10.148343708693336, "params": {"C": 7622.8203504624935, "gamma": 0.041732288686827636}, "datetime": {"datetime": "2021-06-22 08:12:14", "elapsed": 152.059634, "delta": 0.827045}}
{"target": -10.191700375395998, "params": {"C": 7118.664888255239, "gamma": 0.045942290789172086}, "datetime": {"datetime": "2021-06-22 08:12:15", "elapsed": 152.916503, "delta": 0.856869}}
{"target": -10.574313231956545, "params": {"C": 4250.287727397505, "gamma": 0.024572052186778853}, "datetime": {"datetime": "2021-06-22 08:12:16", "elapsed": 153.792422, "delta": 0.875919}}
{"target": -10.332162378290443, "params": {"C": 5241.940057823642, "gamma": 0.03778963165836973}, "datetime": {"datetime": "2021-06-22 08:12:17", "elapsed": 154.613556, "delta": 0.821134}}
{"target": -10.615542926883514, "params": {"C": 7043.215663221089, "gamma": 0.016054256563118176}, "datetime": {"datetime": "2021-06-22 08:12:18", "elapsed": 155.413349, "delta": 0.799793}}
{"target": -10.192820448582102, "params": {"C": 7074.42737785857, "gamma": 0.03719150253420481}, "datetime": {"datetime": "2021-06-22 08:12:19", "elapsed": 156.214807, "delta": 0.801458}}
{"target": -10.243121524404405, "params": {"C": 6253.867599368558, "gamma": 0.038716329941803206}, "datetime": {"datetime": "2021-06-22 08:12:20", "elapsed": 157.156431, "delta": 0.941624}}
{"target": -10.409949752605277, "params": {"C": 7470.593266068041, "gamma": 0.022832952507617216}, "datetime": {"datetime": "2021-06-22 08:12:21", "elapsed": 158.221563, "delta": 1.065132}}
{"target": -10.677316140951811, "params": {"C": 6778.945608439618, "gamma": 0.014461931312642024}, "datetime": {"datetime": "2021-06-22 08:12:22", "elapsed": 159.379878, "delta": 1.158315}}
{"target": -10.650524821772903, "params": {"C": 6756.067198190003, "gamma": 0.01528995922769262}, "datetime": {"datetime": "2021-06-22 08:12:23", "elapsed": 160.434893, "delta": 1.055015}}
{"target": -10.626175329544603, "params": {"C": 6794.755242677261, "gamma": 0.016054800706594586}, "datetime": {"datetime": "2021-06-22 08:12:24", "elapsed": 161.390911, "delta": 0.956018}}
{"target": -10.193488517833693, "params": {"C": 7345.395119353941, "gamma": 0.04832898269431754}, "datetime": {"datetime": "2021-06-22 08:12:25", "elapsed": 162.522441, "delta": 1.13153}}
{"target": -10.560951867844057, "params": {"C": 6710.700312816413, "gamma": 0.018515395002594956}, "datetime": {"datetime": "2021-06-22 08:12:26", "elapsed": 163.363877, "delta": 0.841436}}
{"target": -10.148497476184348, "params": {"C": 7717.513469832481, "gamma": 0.03835464044149791}, "datetime": {"datetime": "2021-06-22 08:12:27", "elapsed": 164.535153, "delta": 1.171276}}
{"target": -10.501004220528062, "params": {"C": 6612.762576740202, "gamma": 0.02097072402051229}, "datetime": {"datetime": "2021-06-22 08:12:28", "elapsed": 165.461643, "delta": 0.92649}}
{"target": -10.761981508112225, "params": {"C": 5363.869538142292, "gamma": 0.014307267597259319}, "datetime": {"datetime": "2021-06-22 08:12:29", "elapsed": 166.315155, "delta": 0.853512}}
{"target": -10.364272563859902, "params": {"C": 5384.335145975677, "gamma": 0.032312507265192275}, "datetime": {"datetime": "2021-06-22 08:12:30", "elapsed": 167.362667, "delta": 1.047512}}
{"target": -10.31001118754885, "params": {"C": 7901.841884980193, "gamma": 0.025823225171964885}, "datetime": {"datetime": "2021-06-22 08:12:31", "elapsed": 168.364902, "delta": 1.002235}}
{"target": -10.818061560414103, "params": {"C": 7495.802380696559, "gamma": 0.01083540241815565}, "datetime": {"datetime": "2021-06-22 08:12:32", "elapsed": 169.209671, "delta": 0.844769}}
{"target": -10.606848115751772, "params": {"C": 7235.690333598864, "gamma": 0.016076459259280616}, "datetime": {"datetime": "2021-06-22 08:12:33", "elapsed": 170.25062, "delta": 1.040949}}
{"target": -10.77347253629258, "params": {"C": 4949.31254519159, "gamma": 0.014719525389761613}, "datetime": {"datetime": "2021-06-22 08:12:34", "elapsed": 171.33826, "delta": 1.08764}}
{"target": -10.329522286636177, "params": {"C": 5056.265822569678, "gamma": 0.044147290120727746}, "datetime": {"datetime": "2021-06-22 08:12:35", "elapsed": 172.243634, "delta": 0.905374}}
{"target": -10.856755561444697, "params": {"C": 7792.363472059956, "gamma": 0.010169614450678028}, "datetime": {"datetime": "2021-06-22 08:12:36", "elapsed": 173.085165, "delta": 0.841531}}
{"target": -10.965437274839134, "params": {"C": 6557.7328277058, "gamma": 0.00978552729010129}, "datetime": {"datetime": "2021-06-22 08:12:37", "elapsed": 174.10412, "delta": 1.018955}}
{"target": -10.85131680812496, "params": {"C": 6530.914063691882, "gamma": 0.01115142366645876}, "datetime": {"datetime": "2021-06-22 08:12:38", "elapsed": 175.353761, "delta": 1.249641}}
{"target": -10.293007019686803, "params": {"C": 6576.410498148571, "gamma": 0.03100655357358189}, "datetime": {"datetime": "2021-06-22 08:12:39", "elapsed": 176.286754, "delta": 0.932993}}
{"target": -10.417095940229517, "params": {"C": 4159.8072952959965, "gamma": 0.04548924536204094}, "datetime": {"datetime": "2021-06-22 08:12:40", "elapsed": 177.127289, "delta": 0.840535}}
{"target": -10.284644458928957, "params": {"C": 6046.900003798125, "gamma": 0.0351805051935976}, "datetime": {"datetime": "2021-06-22 08:12:41", "elapsed": 178.667255, "delta": 1.539966}}
{"target": -10.665220268074274, "params": {"C": 7290.647128964366, "gamma": 0.014177913482872218}, "datetime": {"datetime": "2021-06-22 08:12:42", "elapsed": 179.606009, "delta": 0.938754}}
{"target": -10.184555360419953, "params": {"C": 7560.3079021963, "gamma": 0.048904391985268365}, "datetime": {"datetime": "2021-06-22 08:12:43", "elapsed": 180.493931, "delta": 0.887922}}
{"target": -10.395499190008401, "params": {"C": 4381.339984400167, "gamma": 0.04622532298877124}, "datetime": {"datetime": "2021-06-22 08:12:44", "elapsed": 181.402262, "delta": 0.908331}}
{"target": -10.284567426809772, "params": {"C": 6595.401822500775, "gamma": 0.031441066654204396}, "datetime": {"datetime": "2021-06-22 08:12:45", "elapsed": 182.351167, "delta": 0.948905}}
{"target": -10.273852276679357, "params": {"C": 6171.711281955832, "gamma": 0.03525606900298319}, "datetime": {"datetime": "2021-06-22 08:12:46", "elapsed": 183.400776, "delta": 1.049609}}
{"target": -10.177986989048515, "params": {"C": 7962.099469941304, "gamma": 0.032474651841394524}, "datetime": {"datetime": "2021-06-22 08:12:47", "elapsed": 184.64114, "delta": 1.240364}}
{"target": -10.68518460000973, "params": {"C": 4920.100247627599, "gamma": 0.01742762031624623}, "datetime": {"datetime": "2021-06-22 08:12:48", "elapsed": 185.569318, "delta": 0.928178}}
{"target": -10.734011060126598, "params": {"C": 5423.677862122483, "gamma": 0.01487949288747507}, "datetime": {"datetime": "2021-06-22 08:12:49", "elapsed": 186.656032, "delta": 1.086714}}
{"target": -10.321222983686793, "params": {"C": 5441.512322218584, "gamma": 0.03685219511757651}, "datetime": {"datetime": "2021-06-22 08:12:50", "elapsed": 187.517393, "delta": 0.861361}}
{"target": -10.415389621474604, "params": {"C": 5406.1710047920515, "gamma": 0.028386035564410314}, "datetime": {"datetime": "2021-06-22 08:12:51", "elapsed": 188.749267, "delta": 1.231874}}
{"target": -10.388655434962875, "params": {"C": 4601.385554985353, "gamma": 0.03870857106671684}, "datetime": {"datetime": "2021-06-22 08:12:52", "elapsed": 189.702527, "delta": 0.95326}}
{"target": -10.221789826697409, "params": {"C": 6513.482542529603, "gamma": 0.03933745346327169}, "datetime": {"datetime": "2021-06-22 08:12:53", "elapsed": 190.562837, "delta": 0.86031}}
{"target": -10.47483843685724, "params": {"C": 5775.606406818708, "gamma": 0.024084557847205312}, "datetime": {"datetime": "2021-06-22 08:12:54", "elapsed": 191.935338, "delta": 1.372501}}
{"target": -10.432414572642985, "params": {"C": 6822.184308954269, "gamma": 0.02329794686467907}, "datetime": {"datetime": "2021-06-22 08:12:56", "elapsed": 193.1389, "delta": 1.203562}}
{"target": -10.280846307161829, "params": {"C": 5684.799930588067, "gamma": 0.045643319588829875}, "datetime": {"datetime": "2021-06-22 08:12:57", "elapsed": 194.680964, "delta": 1.542064}}
{"target": -10.427194717938592, "params": {"C": 6943.846092687585, "gamma": 0.023242384691932454}, "datetime": {"datetime": "2021-06-22 08:12:58", "elapsed": 195.630127, "delta": 0.949163}}
{"target": -10.191620336916802, "params": {"C": 6959.4980313256365, "gamma": 0.044437542407295916}, "datetime": {"datetime": "2021-06-22 08:12:59", "elapsed": 196.58698, "delta": 0.956853}}
{"target": -10.466868049191556, "params": {"C": 4718.214899532851, "gamma": 0.028388820608866334}, "datetime": {"datetime": "2021-06-22 08:13:01", "elapsed": 198.426306, "delta": 1.839326}}
{"target": -10.446075327195793, "params": {"C": 4772.882554735945, "gamma": 0.02955979179711865}, "datetime": {"datetime": "2021-06-22 08:13:02", "elapsed": 199.765101, "delta": 1.338795}}
{"target": -10.272017828229284, "params": {"C": 5759.833424908204, "gamma": 0.04398579015114636}, "datetime": {"datetime": "2021-06-22 08:13:03", "elapsed": 201.030419, "delta": 1.265318}}
{"target": -10.451002965125825, "params": {"C": 4118.650136012676, "gamma": 0.036377572738305546}, "datetime": {"datetime": "2021-06-22 08:13:05", "elapsed": 202.268848, "delta": 1.238429}}
{"target": -10.780156826720958, "params": {"C": 7384.18114547446, "gamma": 0.011557147665724897}, "datetime": {"datetime": "2021-06-22 08:13:06", "elapsed": 203.803105, "delta": 1.534257}}
{"target": -10.433482066678692, "params": {"C": 7372.622945477386, "gamma": 0.02210677750138123}, "datetime": {"datetime": "2021-06-22 08:13:08", "elapsed": 205.113519, "delta": 1.310414}}
{"target": -10.28440532110955, "params": {"C": 6074.805875324113, "gamma": 0.034974741719960734}, "datetime": {"datetime": "2021-06-22 08:13:09", "elapsed": 206.115985, "delta": 1.002466}}
{"target": -10.400107455989776, "params": {"C": 4354.8812719111775, "gamma": 0.04204722042609255}, "datetime": {"datetime": "2021-06-22 08:13:10", "elapsed": 207.58235, "delta": 1.466365}}
{"target": -10.268912484437765, "params": {"C": 6283.9431843238835, "gamma": 0.049714170394700365}, "datetime": {"datetime": "2021-06-22 08:13:11", "elapsed": 208.738396, "delta": 1.156046}}
{"target": -10.868820874226607, "params": {"C": 6632.50408970687, "gamma": 0.010852553942349703}, "datetime": {"datetime": "2021-06-22 08:13:12", "elapsed": 209.687552, "delta": 0.949156}}
{"target": -10.643677326274899, "params": {"C": 7579.272780328007, "gamma": 0.01446822097460881}, "datetime": {"datetime": "2021-06-22 08:13:13", "elapsed": 210.875418, "delta": 1.187866}}
{"target": -10.419272369393834, "params": {"C": 4181.91861704687, "gamma": 0.04808718694371943}, "datetime": {"datetime": "2021-06-22 08:13:15", "elapsed": 212.131474, "delta": 1.256056}}
{"target": -10.503437057551116, "params": {"C": 5460.8302828880405, "gamma": 0.02371672063134593}, "datetime": {"datetime": "2021-06-22 08:13:16", "elapsed": 213.118658, "delta": 0.987184}}
{"target": -10.157257667192649, "params": {"C": 7602.914373235504, "gamma": 0.0376059924396425}, "datetime": {"datetime": "2021-06-22 08:13:17", "elapsed": 214.326739, "delta": 1.208081}}
{"target": -10.192813562368634, "params": {"C": 6899.574999856733, "gamma": 0.04179492768002845}, "datetime": {"datetime": "2021-06-22 08:13:18", "elapsed": 215.344636, "delta": 1.017897}}
{"target": -10.851327875710902, "params": {"C": 4533.580836285986, "gamma": 0.013680918520778615}, "datetime": {"datetime": "2021-06-22 08:13:19", "elapsed": 216.347277, "delta": 1.002641}}
{"target": -10.531643335410493, "params": {"C": 4551.242947857715, "gamma": 0.02554194133916903}, "datetime": {"datetime": "2021-06-22 08:13:21", "elapsed": 218.336729, "delta": 1.989452}}
{"target": -10.398584573620232, "params": {"C": 4517.641448271866, "gamma": 0.03847715933528917}, "datetime": {"datetime": "2021-06-22 08:13:22", "elapsed": 219.354831, "delta": 1.018102}}
{"target": -10.366433157250238, "params": {"C": 4671.502521630213, "gamma": 0.046072138978080976}, "datetime": {"datetime": "2021-06-22 08:13:23", "elapsed": 220.395211, "delta": 1.04038}}
