{"target": -9.662429001171938, "params": {"C": 44105.38763383159, "gamma": 0.03537503014385379}, "datetime": {"datetime": "2021-06-22 09:21:27", "elapsed": 41.127983, "delta": 0.613792}}
{"target": -10.528331995113193, "params": {"C": 43984.5362410724, "gamma": 0.009}, "datetime": {"datetime": "2021-06-22 09:21:27", "elapsed": 41.830166, "delta": 0.702183}}
{"target": -9.855855636717134, "params": {"C": 44413.35097913521, "gamma": 0.02327635414445973}, "datetime": {"datetime": "2021-06-22 09:21:28", "elapsed": 42.40908, "delta": 0.578914}}
{"target": -10.187586282009192, "params": {"C": 46238.14523000234, "gamma": 0.0496089454379675}, "datetime": {"datetime": "2021-06-22 09:21:29", "elapsed": 43.094741, "delta": 0.685661}}
{"target": -10.098191541426143, "params": {"C": 33947.813383970206, "gamma": 0.05068036342827849}, "datetime": {"datetime": "2021-06-22 09:21:29", "elapsed": 43.742932, "delta": 0.648191}}
{"target": -9.629740973492451, "params": {"C": 38427.1356741849, "gamma": 0.036101719523995164}, "datetime": {"datetime": "2021-06-22 09:21:30", "elapsed": 44.297566, "delta": 0.554634}}
{"target": -10.055305101097591, "params": {"C": 38307.423477779485, "gamma": 0.04875125304970584}, "datetime": {"datetime": "2021-06-22 09:21:30", "elapsed": 44.914544, "delta": 0.616978}}
{"target": -10.384112167901726, "params": {"C": 38546.50422401004, "gamma": 0.05526855868364224}, "datetime": {"datetime": "2021-06-22 09:21:31", "elapsed": 45.685251, "delta": 0.770707}}
{"target": -10.31293774588634, "params": {"C": 47743.985470997744, "gamma": 0.05145601776563037}, "datetime": {"datetime": "2021-06-22 09:21:32", "elapsed": 46.365157, "delta": 0.679906}}
{"target": -10.354634913910639, "params": {"C": 59343.23710554307, "gamma": 0.012543152336335007}, "datetime": {"datetime": "2021-06-22 09:21:33", "elapsed": 46.973074, "delta": 0.607917}}
{"target": -10.168236244439097, "params": {"C": 48986.78464429805, "gamma": 0.048693326637293914}, "datetime": {"datetime": "2021-06-22 09:21:33", "elapsed": 47.616695, "delta": 0.643621}}
{"target": -10.877739975509678, "params": {"C": 59999.294707905225, "gamma": 0.05756129849464623}, "datetime": {"datetime": "2021-06-22 09:21:34", "elapsed": 48.218401, "delta": 0.601706}}
{"target": -10.071724108312683, "params": {"C": 39581.01111481063, "gamma": 0.04881719002894726}, "datetime": {"datetime": "2021-06-22 09:21:34", "elapsed": 48.883112, "delta": 0.664711}}
{"target": -9.885464114433288, "params": {"C": 50177.099351923986, "gamma": 0.02239307179247302}, "datetime": {"datetime": "2021-06-22 09:21:35", "elapsed": 49.621458, "delta": 0.738346}}
{"target": -9.724199735328254, "params": {"C": 56178.18992273354, "gamma": 0.03301610667904343}, "datetime": {"datetime": "2021-06-22 09:21:36", "elapsed": 50.27005, "delta": 0.648592}}
{"target": -10.967829735376744, "params": {"C": 56303.60640441257, "gamma": 0.06}, "datetime": {"datetime": "2021-06-22 09:21:36", "elapsed": 50.888203, "delta": 0.618153}}
{"target": -10.963962373829398, "params": {"C": 56061.95376013422, "gamma": 0.06}, "datetime": {"datetime": "2021-06-22 09:21:37", "elapsed": 51.57372, "delta": 0.685517}}
{"target": -10.022314942385059, "params": {"C": 55015.140039130056, "gamma": 0.0425385261822306}, "datetime": {"datetime": "2021-06-22 09:21:38", "elapsed": 52.213445, "delta": 0.639725}}
{"target": -9.812878179404617, "params": {"C": 44549.16734188017, "gamma": 0.04132318440330168}, "datetime": {"datetime": "2021-06-22 09:21:38", "elapsed": 52.830853, "delta": 0.617408}}
{"target": -9.976620829140842, "params": {"C": 55317.026962921605, "gamma": 0.040913185900397026}, "datetime": {"datetime": "2021-06-22 09:21:39", "elapsed": 53.478784, "delta": 0.647931}}
{"target": -10.090072818573235, "params": {"C": 36436.06965928326, "gamma": 0.04992205460283564}, "datetime": {"datetime": "2021-06-22 09:21:40", "elapsed": 54.101918, "delta": 0.623134}}
{"target": -10.509396692862403, "params": {"C": 57939.47220868987, "gamma": 0.05199016128492663}, "datetime": {"datetime": "2021-06-22 09:21:40", "elapsed": 54.904213, "delta": 0.802295}}
{"target": -10.140612980242679, "params": {"C": 35237.81025621366, "gamma": 0.05128812783040507}, "datetime": {"datetime": "2021-06-22 09:21:41", "elapsed": 55.505458, "delta": 0.601245}}
{"target": -10.532015114955206, "params": {"C": 50036.995207538974, "gamma": 0.009}, "datetime": {"datetime": "2021-06-22 09:21:42", "elapsed": 56.10733, "delta": 0.601872}}
{"target": -9.69502760282283, "params": {"C": 50918.68187860082, "gamma": 0.03415315202471546}, "datetime": {"datetime": "2021-06-22 09:21:42", "elapsed": 56.802955, "delta": 0.695625}}
{"target": -10.532248129318859, "params": {"C": 51035.88282191984, "gamma": 0.009}, "datetime": {"datetime": "2021-06-22 09:21:43", "elapsed": 57.426384, "delta": 0.623429}}
{"target": -10.53133478506364, "params": {"C": 48212.138323946674, "gamma": 0.009}, "datetime": {"datetime": "2021-06-22 09:21:44", "elapsed": 58.011915, "delta": 0.585531}}
{"target": -9.673249495592035, "params": {"C": 50313.58820958098, "gamma": 0.02960803294446094}, "datetime": {"datetime": "2021-06-22 09:21:44", "elapsed": 58.675777, "delta": 0.663862}}
{"target": -10.415161738172719, "params": {"C": 46459.430672873925, "gamma": 0.05356053468889952}, "datetime": {"datetime": "2021-06-22 09:21:45", "elapsed": 59.361688, "delta": 0.685911}}
{"target": -10.530040248492227, "params": {"C": 46014.91157132694, "gamma": 0.009}, "datetime": {"datetime": "2021-06-22 09:21:46", "elapsed": 60.017027, "delta": 0.655339}}
{"target": -10.65506060322013, "params": {"C": 42205.07536088317, "gamma": 0.058906128382841066}, "datetime": {"datetime": "2021-06-22 09:21:46", "elapsed": 60.665891, "delta": 0.648864}}
{"target": -10.078904225897505, "params": {"C": 33754.709253030924, "gamma": 0.018258030130352605}, "datetime": {"datetime": "2021-06-22 09:21:47", "elapsed": 61.282557, "delta": 0.616666}}
{"target": -10.266341332167057, "params": {"C": 42727.800703524445, "gamma": 0.051932523795860795}, "datetime": {"datetime": "2021-06-22 09:21:47", "elapsed": 61.922226, "delta": 0.639669}}
{"target": -10.438542328314504, "params": {"C": 34136.030556805694, "gamma": 0.011158442434479205}, "datetime": {"datetime": "2021-06-22 09:21:48", "elapsed": 62.724735, "delta": 0.802509}}
{"target": -9.90890206548252, "params": {"C": 45528.94080677207, "gamma": 0.02157735957016122}, "datetime": {"datetime": "2021-06-22 09:21:49", "elapsed": 63.457573, "delta": 0.732838}}
{"target": -9.666005633036285, "params": {"C": 45007.8532922846, "gamma": 0.03496291290816673}, "datetime": {"datetime": "2021-06-22 09:21:50", "elapsed": 64.228128, "delta": 0.770555}}
{"target": -9.82236720895584, "params": {"C": 40261.07203956245, "gamma": 0.024361320087781916}, "datetime": {"datetime": "2021-06-22 09:21:50", "elapsed": 64.961302, "delta": 0.733174}}
{"target": -10.250442965565659, "params": {"C": 52935.147055462614, "gamma": 0.014511130547656154}, "datetime": {"datetime": "2021-06-22 09:21:51", "elapsed": 65.77933, "delta": 0.818028}}
{"target": -10.426745561166578, "params": {"C": 52081.420235499594, "gamma": 0.011195996463595608}, "datetime": {"datetime": "2021-06-22 09:21:52", "elapsed": 66.45036, "delta": 0.67103}}
{"target": -10.37868815736396, "params": {"C": 55651.151336992974, "gamma": 0.012130382525039299}, "datetime": {"datetime": "2021-06-22 09:21:53", "elapsed": 67.214125, "delta": 0.763765}}
{"target": -9.968327537239405, "params": {"C": 54172.1124475417, "gamma": 0.020026436273354944}, "datetime": {"datetime": "2021-06-22 09:21:53", "elapsed": 67.800291, "delta": 0.586166}}
{"target": -9.674372671830115, "params": {"C": 36932.065061464906, "gamma": 0.04037109937496528}, "datetime": {"datetime": "2021-06-22 09:21:54", "elapsed": 68.53965, "delta": 0.739359}}
{"target": -9.730430791370335, "params": {"C": 41088.07864946603, "gamma": 0.040595913550642175}, "datetime": {"datetime": "2021-06-22 09:21:55", "elapsed": 69.187704, "delta": 0.648054}}
{"target": -10.526768064944521, "params": {"C": 39424.62540715067, "gamma": 0.009}, "datetime": {"datetime": "2021-06-22 09:21:55", "elapsed": 69.88987, "delta": 0.702166}}
{"target": -9.793613837340608, "params": {"C": 47918.35811217862, "gamma": 0.03881409877601945}, "datetime": {"datetime": "2021-06-22 09:21:56", "elapsed": 70.592097, "delta": 0.702227}}
{"target": -10.257241621248852, "params": {"C": 32341.02949269758, "gamma": 0.054638674081839915}, "datetime": {"datetime": "2021-06-22 09:21:57", "elapsed": 71.240041, "delta": 0.647944}}
{"target": -10.06667274405092, "params": {"C": 47559.57111284877, "gamma": 0.04706891980578807}, "datetime": {"datetime": "2021-06-22 09:21:57", "elapsed": 71.847967, "delta": 0.607926}}
{"target": -10.274748935211546, "params": {"C": 36281.37146394707, "gamma": 0.014318521999490456}, "datetime": {"datetime": "2021-06-22 09:21:58", "elapsed": 72.750692, "delta": 0.902725}}
{"target": -9.919682608175405, "params": {"C": 49149.16320176906, "gamma": 0.04229860983432275}, "datetime": {"datetime": "2021-06-22 09:21:59", "elapsed": 73.367317, "delta": 0.616625}}
{"target": -9.901910933068546, "params": {"C": 36585.79096949928, "gamma": 0.045804559854118666}, "datetime": {"datetime": "2021-06-22 09:22:00", "elapsed": 74.084713, "delta": 0.717396}}
{"target": -10.308318526952927, "params": {"C": 41772.398210929576, "gamma": 0.05295633080269206}, "datetime": {"datetime": "2021-06-22 09:22:00", "elapsed": 74.749002, "delta": 0.664289}}
{"target": -9.864935092156404, "params": {"C": 54620.567400280896, "gamma": 0.03783717912082791}, "datetime": {"datetime": "2021-06-22 09:22:01", "elapsed": 75.419016, "delta": 0.670014}}
{"target": -9.994224005194576, "params": {"C": 59521.484389863814, "gamma": 0.019420927712164256}, "datetime": {"datetime": "2021-06-22 09:22:02", "elapsed": 76.190266, "delta": 0.77125}}
{"target": -9.887913900433576, "params": {"C": 48834.12457615524, "gamma": 0.022278488877240512}, "datetime": {"datetime": "2021-06-22 09:22:02", "elapsed": 76.892385, "delta": 0.702119}}
{"target": -10.132243495509032, "params": {"C": 59164.64212114237, "gamma": 0.04367334281103067}, "datetime": {"datetime": "2021-06-22 09:22:03", "elapsed": 77.725003, "delta": 0.832618}}
{"target": -10.582765079833841, "params": {"C": 35390.70920800779, "gamma": 0.06}, "datetime": {"datetime": "2021-06-22 09:22:04", "elapsed": 78.464487, "delta": 0.739484}}
{"target": -9.655101893324696, "params": {"C": 35088.41679135009, "gamma": 0.03006148398181887}, "datetime": {"datetime": "2021-06-22 09:22:05", "elapsed": 79.113694, "delta": 0.649207}}
{"target": -10.32163846129055, "params": {"C": 39717.124841664656, "gamma": 0.013328120031719844}, "datetime": {"datetime": "2021-06-22 09:22:05", "elapsed": 79.861154, "delta": 0.74746}}
{"target": -9.746171310110054, "params": {"C": 45107.109069043785, "gamma": 0.03878202876419548}, "datetime": {"datetime": "2021-06-22 09:22:06", "elapsed": 80.763534, "delta": 0.90238}}
{"target": -10.435361160493882, "params": {"C": 57767.04488799647, "gamma": 0.011020649030348955}, "datetime": {"datetime": "2021-06-22 09:22:07", "elapsed": 81.534357, "delta": 0.770823}}
{"target": -10.515185017769136, "params": {"C": 58106.749045927325, "gamma": 0.009402533265962876}, "datetime": {"datetime": "2021-06-22 09:22:08", "elapsed": 82.25225, "delta": 0.717893}}
{"target": -10.340823660326828, "params": {"C": 53683.788849078235, "gamma": 0.012856887973478073}, "datetime": {"datetime": "2021-06-22 09:22:08", "elapsed": 82.938779, "delta": 0.686529}}
{"target": -9.811790142055008, "params": {"C": 50822.26920395123, "gamma": 0.024751105187995136}, "datetime": {"datetime": "2021-06-22 09:22:09", "elapsed": 83.592631, "delta": 0.653852}}
{"target": -9.690468743058648, "params": {"C": 49449.61517967662, "gamma": 0.03478863797350165}, "datetime": {"datetime": "2021-06-22 09:22:10", "elapsed": 84.35699, "delta": 0.764359}}
{"target": -9.906176410870883, "params": {"C": 44901.22784690166, "gamma": 0.044417858742355584}, "datetime": {"datetime": "2021-06-22 09:22:11", "elapsed": 85.18089, "delta": 0.8239}}
{"target": -10.001096220676828, "params": {"C": 59829.91119157039, "gamma": 0.039598138372944264}, "datetime": {"datetime": "2021-06-22 09:22:11", "elapsed": 85.829652, "delta": 0.648762}}
{"target": -9.869884830145468, "params": {"C": 49700.568100219025, "gamma": 0.040346644893638824}, "datetime": {"datetime": "2021-06-22 09:22:12", "elapsed": 86.578726, "delta": 0.749074}}
{"target": -9.80322834523268, "params": {"C": 37595.51934795588, "gamma": 0.024978361076856886}, "datetime": {"datetime": "2021-06-22 09:22:13", "elapsed": 87.317894, "delta": 0.739168}}
{"target": -9.764300902587186, "params": {"C": 45416.40986202718, "gamma": 0.0391971693897535}, "datetime": {"datetime": "2021-06-22 09:22:14", "elapsed": 88.182062, "delta": 0.864168}}
{"target": -10.00219593213463, "params": {"C": 40365.03276569431, "gamma": 0.019462697270070512}, "datetime": {"datetime": "2021-06-22 09:22:14", "elapsed": 88.868296, "delta": 0.686234}}
{"target": -9.706474913828435, "params": {"C": 56689.82356138198, "gamma": 0.030639989593025475}, "datetime": {"datetime": "2021-06-22 09:22:15", "elapsed": 89.585361, "delta": 0.717065}}
{"target": -10.317040984602423, "params": {"C": 38692.12882417229, "gamma": 0.013421493573456109}, "datetime": {"datetime": "2021-06-22 09:22:16", "elapsed": 90.494628, "delta": 0.909267}}
{"target": -9.699160677134362, "params": {"C": 42600.46788865007, "gamma": 0.038650086405405876}, "datetime": {"datetime": "2021-06-22 09:22:17", "elapsed": 91.275739, "delta": 0.781111}}
{"target": -9.953520776097779, "params": {"C": 48404.16025830209, "gamma": 0.04389881204059791}, "datetime": {"datetime": "2021-06-22 09:22:18", "elapsed": 92.130045, "delta": 0.854306}}
{"target": -9.652611029630584, "params": {"C": 45638.80889018471, "gamma": 0.03129930451449116}, "datetime": {"datetime": "2021-06-22 09:22:19", "elapsed": 93.061993, "delta": 0.931948}}
{"target": -10.062260434046289, "params": {"C": 38189.41595305064, "gamma": 0.018319024079643996}, "datetime": {"datetime": "2021-06-22 09:22:19", "elapsed": 93.794426, "delta": 0.732433}}
{"target": -9.732690178910067, "params": {"C": 33639.64681050022, "gamma": 0.042016353129672286}, "datetime": {"datetime": "2021-06-22 09:22:20", "elapsed": 94.51191, "delta": 0.717484}}
{"target": -9.596871108705326, "params": {"C": 33013.55892574364, "gamma": 0.03635919950953564}, "datetime": {"datetime": "2021-06-22 09:22:21", "elapsed": 95.36737, "delta": 0.85546}}
{"target": -9.757713085310039, "params": {"C": 54280.20645828871, "gamma": 0.03494713400415069}, "datetime": {"datetime": "2021-06-22 09:22:22", "elapsed": 96.060927, "delta": 0.693557}}
{"target": -9.687594638070554, "params": {"C": 34508.01491646821, "gamma": 0.028989909079743442}, "datetime": {"datetime": "2021-06-22 09:22:22", "elapsed": 96.749898, "delta": 0.688971}}
{"target": -9.658534870359459, "params": {"C": 46583.02211698886, "gamma": 0.030396331917097653}, "datetime": {"datetime": "2021-06-22 09:22:23", "elapsed": 97.690105, "delta": 0.940207}}
{"target": -9.64003131414538, "params": {"C": 42854.37876755216, "gamma": 0.03164617636355923}, "datetime": {"datetime": "2021-06-22 09:22:24", "elapsed": 98.516379, "delta": 0.826274}}
{"target": -10.342125942257804, "params": {"C": 40165.77509966133, "gamma": 0.012902402665227217}, "datetime": {"datetime": "2021-06-22 09:22:25", "elapsed": 99.467723, "delta": 0.951344}}
{"target": -10.205636398931283, "params": {"C": 58548.78638462419, "gamma": 0.015146561508233992}, "datetime": {"datetime": "2021-06-22 09:22:26", "elapsed": 100.255534, "delta": 0.787811}}
{"target": -9.68826908259203, "params": {"C": 52821.910173679644, "gamma": 0.02897624961671006}, "datetime": {"datetime": "2021-06-22 09:22:27", "elapsed": 101.005764, "delta": 0.75023}}
{"target": -10.032828642437295, "params": {"C": 39953.15028082184, "gamma": 0.018824111820020036}, "datetime": {"datetime": "2021-06-22 09:22:27", "elapsed": 101.877211, "delta": 0.871447}}
{"target": -10.3899377912901, "params": {"C": 42076.19895096771, "gamma": 0.05440961808261002}, "datetime": {"datetime": "2021-06-22 09:22:28", "elapsed": 102.771929, "delta": 0.894718}}
{"target": -9.741219613287276, "params": {"C": 44644.31682594447, "gamma": 0.027058608302764298}, "datetime": {"datetime": "2021-06-22 09:22:29", "elapsed": 103.493874, "delta": 0.721945}}
{"target": -9.672232088215429, "params": {"C": 45889.55803518793, "gamma": 0.03525828934268792}, "datetime": {"datetime": "2021-06-22 09:22:30", "elapsed": 104.442587, "delta": 0.948713}}
{"target": -9.847604643774813, "params": {"C": 42335.074109363755, "gamma": 0.023521211194264587}, "datetime": {"datetime": "2021-06-22 09:22:31", "elapsed": 105.341007, "delta": 0.89842}}
{"target": -9.972524579045762, "params": {"C": 54066.71674398273, "gamma": 0.04139845164183863}, "datetime": {"datetime": "2021-06-22 09:22:32", "elapsed": 106.156636, "delta": 0.815629}}
{"target": -9.743245872405225, "params": {"C": 52200.30061252795, "gamma": 0.03537518255691732}, "datetime": {"datetime": "2021-06-22 09:22:33", "elapsed": 107.048764, "delta": 0.892128}}
{"target": -9.622846858615812, "params": {"C": 37833.220847018405, "gamma": 0.03539796018879084}, "datetime": {"datetime": "2021-06-22 09:22:33", "elapsed": 107.935909, "delta": 0.887145}}
{"target": -10.25292762844941, "params": {"C": 34256.37955258833, "gamma": 0.053934064793342694}, "datetime": {"datetime": "2021-06-22 09:22:34", "elapsed": 108.838387, "delta": 0.902478}}
{"target": -9.997232942795044, "params": {"C": 46969.15496472694, "gamma": 0.019410083322726805}, "datetime": {"datetime": "2021-06-22 09:22:35", "elapsed": 109.602889, "delta": 0.764502}}
{"target": -10.480721292957728, "params": {"C": 53051.448826161926, "gamma": 0.052756218497629896}, "datetime": {"datetime": "2021-06-22 09:22:36", "elapsed": 110.495467, "delta": 0.892578}}
{"target": -10.125369649760767, "params": {"C": 46340.99197754258, "gamma": 0.04839695595604899}, "datetime": {"datetime": "2021-06-22 09:22:37", "elapsed": 111.21163, "delta": 0.716163}}
{"target": -10.181974456807021, "params": {"C": 36853.33746119832, "gamma": 0.051727680333422565}, "datetime": {"datetime": "2021-06-22 09:22:38", "elapsed": 112.142072, "delta": 0.930442}}
{"target": -9.648268609579029, "params": {"C": 44177.86235741206, "gamma": 0.03218129547521341}, "datetime": {"datetime": "2021-06-22 09:22:39", "elapsed": 113.073569, "delta": 0.931497}}
{"target": -9.699483973955898, "params": {"C": 55403.06579386752, "gamma": 0.02865358738322165}, "datetime": {"datetime": "2021-06-22 09:22:40", "elapsed": 114.10045, "delta": 1.026881}}
{"target": -10.007956188506876, "params": {"C": 33852.41631365519, "gamma": 0.01954137610029875}, "datetime": {"datetime": "2021-06-22 09:22:41", "elapsed": 115.120289, "delta": 1.019839}}
{"target": -10.754021092157009, "params": {"C": 48594.92882546112, "gamma": 0.05856565155288515}, "datetime": {"datetime": "2021-06-22 09:22:42", "elapsed": 116.02769, "delta": 0.907401}}
{"target": -10.140243537096017, "params": {"C": 35154.05521556108, "gamma": 0.05130047796185712}, "datetime": {"datetime": "2021-06-22 09:22:43", "elapsed": 117.077655, "delta": 1.049965}}
{"target": -10.234310985605276, "params": {"C": 47840.28508100259, "gamma": 0.01490829339189114}, "datetime": {"datetime": "2021-06-22 09:22:44", "elapsed": 118.056917, "delta": 0.979262}}
{"target": -10.005420708340411, "params": {"C": 52595.73266689983, "gamma": 0.0191499693779366}, "datetime": {"datetime": "2021-06-22 09:22:44", "elapsed": 118.933188, "delta": 0.876271}}
{"target": -9.921367565732373, "params": {"C": 46137.53914141577, "gamma": 0.021214292301889766}, "datetime": {"datetime": "2021-06-22 09:22:46", "elapsed": 120.221036, "delta": 1.287848}}
{"target": -9.97991878876741, "params": {"C": 40701.79369036143, "gamma": 0.046655179640979844}, "datetime": {"datetime": "2021-06-22 09:22:47", "elapsed": 121.174813, "delta": 0.953777}}
{"target": -10.243795057652001, "params": {"C": 47993.84359101117, "gamma": 0.01472949845977159}, "datetime": {"datetime": "2021-06-22 09:22:48", "elapsed": 122.08906, "delta": 0.914247}}
{"target": -10.534643662553274, "params": {"C": 57367.35632774795, "gamma": 0.009}, "datetime": {"datetime": "2021-06-22 09:22:49", "elapsed": 123.175485, "delta": 1.086425}}
{"target": -9.903680742711703, "params": {"C": 57212.8991998218, "gamma": 0.037875600802133175}, "datetime": {"datetime": "2021-06-22 09:22:50", "elapsed": 123.999876, "delta": 0.824391}}
{"target": -9.777340538108072, "params": {"C": 47647.55605872662, "gamma": 0.025856733783089635}, "datetime": {"datetime": "2021-06-22 09:22:50", "elapsed": 124.902238, "delta": 0.902362}}
{"target": -9.686374535036503, "params": {"C": 51968.99619915465, "gamma": 0.03134398532825064}, "datetime": {"datetime": "2021-06-22 09:22:51", "elapsed": 125.865993, "delta": 0.963755}}
{"target": -9.644697921955666, "params": {"C": 41260.92046873913, "gamma": 0.035256174738729384}, "datetime": {"datetime": "2021-06-22 09:22:52", "elapsed": 126.8694, "delta": 1.003407}}
{"target": -9.953568869887203, "params": {"C": 55749.96344924903, "gamma": 0.020416624624763083}, "datetime": {"datetime": "2021-06-22 09:22:53", "elapsed": 127.887056, "delta": 1.017656}}
{"target": -10.845490626460204, "params": {"C": 50249.14896019873, "gamma": 0.05963246817321779}, "datetime": {"datetime": "2021-06-22 09:22:55", "elapsed": 128.990553, "delta": 1.103497}}
{"target": -9.88200335843425, "params": {"C": 50378.451460502256, "gamma": 0.04039185219104249}, "datetime": {"datetime": "2021-06-22 09:22:55", "elapsed": 129.892941, "delta": 0.902388}}
{"target": -9.690701631758092, "params": {"C": 54540.30708844644, "gamma": 0.02967240442298265}, "datetime": {"datetime": "2021-06-22 09:22:56", "elapsed": 130.911838, "delta": 1.018897}}
