{"target": -9.82859669029215, "params": {"C": 23123.979137103437, "gamma": 0.044467902070359104}, "datetime": {"datetime": "2021-06-22 09:06:15", "elapsed": 233.071529, "delta": 1.189118}}
{"target": -10.27109187276149, "params": {"C": 18295.104476951925, "gamma": 0.05856607495758579}, "datetime": {"datetime": "2021-06-22 09:06:17", "elapsed": 234.441177, "delta": 1.369648}}
{"target": -10.363889402349088, "params": {"C": 24346.10956284699, "gamma": 0.059613731164795895}, "datetime": {"datetime": "2021-06-22 09:06:18", "elapsed": 235.608727, "delta": 1.16755}}
{"target": -9.714469985023126, "params": {"C": 24287.188960777057, "gamma": 0.03954249041628819}, "datetime": {"datetime": "2021-06-22 09:06:19", "elapsed": 236.799307, "delta": 1.19058}}
{"target": -9.794359110401937, "params": {"C": 19538.45670931456, "gamma": 0.032634721511181526}, "datetime": {"datetime": "2021-06-22 09:06:20", "elapsed": 238.101056, "delta": 1.301749}}
{"target": -10.539825603876348, "params": {"C": 29750.37207021228, "gamma": 0.009715582322212502}, "datetime": {"datetime": "2021-06-22 09:06:22", "elapsed": 239.743745, "delta": 1.642689}}
{"target": -9.61685172973558, "params": {"C": 29700.068379335185, "gamma": 0.03472181133575267}, "datetime": {"datetime": "2021-06-22 09:06:23", "elapsed": 241.257901, "delta": 1.514156}}
{"target": -10.019706078413755, "params": {"C": 21408.063445143747, "gamma": 0.05096988074100228}, "datetime": {"datetime": "2021-06-22 09:06:25", "elapsed": 242.630667, "delta": 1.372766}}
{"target": -9.654653914641884, "params": {"C": 26862.998317873054, "gamma": 0.03597779249371551}, "datetime": {"datetime": "2021-06-22 09:06:26", "elapsed": 244.140615, "delta": 1.509948}}
{"target": -9.820931269674409, "params": {"C": 19014.24959206706, "gamma": 0.031693744287862174}, "datetime": {"datetime": "2021-06-22 09:06:28", "elapsed": 245.799612, "delta": 1.658997}}
{"target": -9.961278915138418, "params": {"C": 43676.557833872546, "gamma": 0.04573654916555006}, "datetime": {"datetime": "2021-06-22 09:20:46", "elapsed": 0.0, "delta": 0.0}}
{"target": -9.827384352589217, "params": {"C": 32003.10250632314, "gamma": 0.024418961204223828}, "datetime": {"datetime": "2021-06-22 09:20:46", "elapsed": 0.184967, "delta": 0.184967}}
{"target": -10.302912075504775, "params": {"C": 36109.07961846825, "gamma": 0.013709268333208686}, "datetime": {"datetime": "2021-06-22 09:20:46", "elapsed": 0.369939, "delta": 0.184972}}
{"target": -9.756639227732473, "params": {"C": 37215.20454459592, "gamma": 0.026623597079195434}, "datetime": {"datetime": "2021-06-22 09:20:46", "elapsed": 0.570536, "delta": 0.200597}}
{"target": -9.665324038974445, "params": {"C": 43109.42895520618, "gamma": 0.0364796534341712}, "datetime": {"datetime": "2021-06-22 09:20:46", "elapsed": 0.765764, "delta": 0.195228}}
{"target": -9.8719365150938, "params": {"C": 43737.388322743696, "gamma": 0.04394619452023473}, "datetime": {"datetime": "2021-06-22 09:20:47", "elapsed": 1.002451, "delta": 0.236687}}
{"target": -10.294453649059117, "params": {"C": 37724.583437707464, "gamma": 0.05378398925593821}, "datetime": {"datetime": "2021-06-22 09:20:47", "elapsed": 1.193451, "delta": 0.191}}
{"target": -9.773579308567815, "params": {"C": 32766.755348301253, "gamma": 0.04319384301909851}, "datetime": {"datetime": "2021-06-22 09:20:47", "elapsed": 1.372245, "delta": 0.178794}}
{"target": -9.686894111306293, "params": {"C": 43684.476196759795, "gamma": 0.03749318125073333}, "datetime": {"datetime": "2021-06-22 09:20:47", "elapsed": 1.590317, "delta": 0.218072}}
{"target": -10.025129986837316, "params": {"C": 35930.748319360406, "gamma": 0.019103175943328818}, "datetime": {"datetime": "2021-06-22 09:20:47", "elapsed": 1.789325, "delta": 0.199008}}
{"target": -10.842292173900619, "params": {"C": 54420.827997371896, "gamma": 0.05838134036168927}, "datetime": {"datetime": "2021-06-22 09:20:48", "elapsed": 1.987317, "delta": 0.197992}}
{"target": -9.867078281590281, "params": {"C": 40775.808330876614, "gamma": 0.044308453399135014}, "datetime": {"datetime": "2021-06-22 09:20:48", "elapsed": 2.184382, "delta": 0.197065}}
{"target": -10.646931897183105, "params": {"C": 56538.8839032043, "gamma": 0.054624939838696214}, "datetime": {"datetime": "2021-06-22 09:20:48", "elapsed": 2.37285, "delta": 0.188468}}
{"target": -10.445202788230038, "params": {"C": 34381.14642277492, "gamma": 0.010991793944877}, "datetime": {"datetime": "2021-06-22 09:20:48", "elapsed": 2.557795, "delta": 0.184945}}
{"target": -10.281143005614652, "params": {"C": 36755.16873084989, "gamma": 0.05378526767490007}, "datetime": {"datetime": "2021-06-22 09:20:48", "elapsed": 2.765475, "delta": 0.20768}}
{"target": -9.644639058767975, "params": {"C": 34753.621182008785, "gamma": 0.03047648887525766}, "datetime": {"datetime": "2021-06-22 09:20:48", "elapsed": 2.950148, "delta": 0.184673}}
{"target": -9.86729710082133, "params": {"C": 58820.90263316707, "gamma": 0.03619142953362387}, "datetime": {"datetime": "2021-06-22 09:20:49", "elapsed": 3.166974, "delta": 0.216826}}
{"target": -9.801105004443182, "params": {"C": 51372.52837832465, "gamma": 0.02509129718130921}, "datetime": {"datetime": "2021-06-22 09:20:49", "elapsed": 3.343288, "delta": 0.176314}}
{"target": -10.378289561191925, "params": {"C": 51221.99462517711, "gamma": 0.05156590926676602}, "datetime": {"datetime": "2021-06-22 09:20:49", "elapsed": 3.545074, "delta": 0.201786}}
{"target": -9.92966637801469, "params": {"C": 32511.973594465107, "gamma": 0.04725736006219334}, "datetime": {"datetime": "2021-06-22 09:20:49", "elapsed": 3.722462, "delta": 0.177388}}
{"target": -10.278318368582102, "params": {"C": 59688.10937549074, "gamma": 0.04715644837337181}, "datetime": {"datetime": "2021-06-22 09:20:49", "elapsed": 3.907454, "delta": 0.184992}}
{"target": -10.096372551207354, "params": {"C": 39852.359822202554, "gamma": 0.049253245751025916}, "datetime": {"datetime": "2021-06-22 09:20:50", "elapsed": 4.099102, "delta": 0.191648}}
{"target": -9.620659317668945, "params": {"C": 34890.238506774636, "gamma": 0.03184256983497116}, "datetime": {"datetime": "2021-06-22 09:20:50", "elapsed": 4.315406, "delta": 0.216304}}
{"target": -9.837453180237992, "params": {"C": 57440.66494615699, "gamma": 0.02397432156705765}, "datetime": {"datetime": "2021-06-22 09:20:50", "elapsed": 4.511276, "delta": 0.19587}}
{"target": -10.204839033501251, "params": {"C": 40057.63825795162, "gamma": 0.01563145717803216}, "datetime": {"datetime": "2021-06-22 09:20:50", "elapsed": 4.711759, "delta": 0.200483}}
{"target": -9.788656800065286, "params": {"C": 32542.176757064106, "gamma": 0.04362061217993444}, "datetime": {"datetime": "2021-06-22 09:20:50", "elapsed": 4.907874, "delta": 0.196115}}
{"target": -9.882641694320846, "params": {"C": 37925.50841081326, "gamma": 0.022542879627983535}, "datetime": {"datetime": "2021-06-22 09:20:51", "elapsed": 5.099202, "delta": 0.191328}}
{"target": -10.40003607340279, "params": {"C": 45763.9976171654, "gamma": 0.011721489800971098}, "datetime": {"datetime": "2021-06-22 09:20:51", "elapsed": 5.316819, "delta": 0.217617}}
{"target": -10.143870437178204, "params": {"C": 48075.250365536915, "gamma": 0.016483157320196316}, "datetime": {"datetime": "2021-06-22 09:20:51", "elapsed": 5.521819, "delta": 0.205}}
{"target": -9.976981409781454, "params": {"C": 48500.513963845646, "gamma": 0.04468767636106749}, "datetime": {"datetime": "2021-06-22 09:20:51", "elapsed": 5.725817, "delta": 0.203998}}
{"target": -9.65358051421564, "params": {"C": 34865.274240622006, "gamma": 0.030116855378797984}, "datetime": {"datetime": "2021-06-22 09:20:51", "elapsed": 5.929823, "delta": 0.204006}}
{"target": -9.67762509929642, "params": {"C": 51443.173856392634, "gamma": 0.030123142745872036}, "datetime": {"datetime": "2021-06-22 09:20:52", "elapsed": 6.11032, "delta": 0.180497}}
{"target": -9.594856917263312, "params": {"C": 33398.60184583634, "gamma": 0.036330716701691086}, "datetime": {"datetime": "2021-06-22 09:20:52", "elapsed": 6.310521, "delta": 0.200201}}
{"target": -9.71638939218667, "params": {"C": 50586.216445618615, "gamma": 0.03525934471497373}, "datetime": {"datetime": "2021-06-22 09:20:52", "elapsed": 6.497548, "delta": 0.187027}}
{"target": -9.956943974533523, "params": {"C": 58448.64762721837, "gamma": 0.03891430706560164}, "datetime": {"datetime": "2021-06-22 09:20:52", "elapsed": 6.68112, "delta": 0.183572}}
{"target": -9.601794549470295, "params": {"C": 34888.02022701526, "gamma": 0.035332118329657006}, "datetime": {"datetime": "2021-06-22 09:20:52", "elapsed": 6.965038, "delta": 0.283918}}
{"target": -9.878086671606843, "params": {"C": 33288.530439741015, "gamma": 0.045930683978305076}, "datetime": {"datetime": "2021-06-22 09:20:53", "elapsed": 7.370616, "delta": 0.405578}}
{"target": -10.337914220345363, "params": {"C": 33509.938804327205, "gamma": 0.013072027358949242}, "datetime": {"datetime": "2021-06-22 09:20:53", "elapsed": 7.910615, "delta": 0.539999}}
{"target": -10.311408621201705, "params": {"C": 34640.7619223613, "gamma": 0.05504173339355797}, "datetime": {"datetime": "2021-06-22 09:20:54", "elapsed": 8.278059, "delta": 0.367444}}
{"target": -10.527302292760814, "params": {"C": 42993.09309016485, "gamma": 0.009}, "datetime": {"datetime": "2021-06-22 09:20:54", "elapsed": 8.668536, "delta": 0.390477}}
{"target": -9.650332880567527, "params": {"C": 43224.23309601552, "gamma": 0.0338233783830402}, "datetime": {"datetime": "2021-06-22 09:20:55", "elapsed": 9.04086, "delta": 0.372324}}
{"target": -9.646817579149081, "params": {"C": 43343.753633381835, "gamma": 0.030827265154242417}, "datetime": {"datetime": "2021-06-22 09:20:55", "elapsed": 9.45233, "delta": 0.41147}}
{"target": -9.750875158075159, "params": {"C": 51570.641125000264, "gamma": 0.035851211702093384}, "datetime": {"datetime": "2021-06-22 09:20:55", "elapsed": 9.83702, "delta": 0.38469}}
{"target": -10.076316593213727, "params": {"C": 50461.05766109747, "gamma": 0.04673935077103694}, "datetime": {"datetime": "2021-06-22 09:20:56", "elapsed": 10.316556, "delta": 0.479536}}
{"target": -10.019852255060181, "params": {"C": 50707.809324283895, "gamma": 0.04479106477980666}, "datetime": {"datetime": "2021-06-22 09:20:56", "elapsed": 10.789116, "delta": 0.47256}}
{"target": -9.719843555587925, "params": {"C": 37345.384716867164, "gamma": 0.04160676968549253}, "datetime": {"datetime": "2021-06-22 09:20:57", "elapsed": 11.154239, "delta": 0.365123}}
{"target": -10.037986959343028, "params": {"C": 37473.87090507792, "gamma": 0.018791351634686787}, "datetime": {"datetime": "2021-06-22 09:20:57", "elapsed": 11.570967, "delta": 0.416728}}
{"target": -9.810939489907126, "params": {"C": 51708.783525892184, "gamma": 0.03752666716391107}, "datetime": {"datetime": "2021-06-22 09:20:58", "elapsed": 11.97217, "delta": 0.401203}}
{"target": -10.18192915400538, "params": {"C": 32902.805660022226, "gamma": 0.0162299386302078}, "datetime": {"datetime": "2021-06-22 09:20:58", "elapsed": 12.425956, "delta": 0.453786}}
{"target": -9.806064454769881, "params": {"C": 32657.11626526775, "gamma": 0.024975664258359426}, "datetime": {"datetime": "2021-06-22 09:20:58", "elapsed": 12.844316, "delta": 0.41836}}
{"target": -9.950322888515602, "params": {"C": 37074.72842002199, "gamma": 0.0467842747490531}, "datetime": {"datetime": "2021-06-22 09:20:59", "elapsed": 13.19666, "delta": 0.352344}}
{"target": -10.320479591753713, "params": {"C": 51860.33911127064, "gamma": 0.013249053409975294}, "datetime": {"datetime": "2021-06-22 09:20:59", "elapsed": 13.582025, "delta": 0.385365}}
{"target": -10.440693005232447, "params": {"C": 32148.450591880992, "gamma": 0.011360657642547043}, "datetime": {"datetime": "2021-06-22 09:20:59", "elapsed": 13.946044, "delta": 0.364019}}
{"target": -9.872457264079552, "params": {"C": 57290.78006577246, "gamma": 0.03693878219213196}, "datetime": {"datetime": "2021-06-22 09:21:00", "elapsed": 14.346182, "delta": 0.400138}}
{"target": -10.513266499160311, "params": {"C": 57590.95237976328, "gamma": 0.05213524924943049}, "datetime": {"datetime": "2021-06-22 09:21:00", "elapsed": 14.826734, "delta": 0.480552}}
{"target": -10.344455674678098, "params": {"C": 58664.72863408833, "gamma": 0.0127292851761794}, "datetime": {"datetime": "2021-06-22 09:21:01", "elapsed": 15.163323, "delta": 0.336589}}
{"target": -10.58831391549846, "params": {"C": 58970.653632566144, "gamma": 0.053028549021702245}, "datetime": {"datetime": "2021-06-22 09:21:01", "elapsed": 15.564694, "delta": 0.401371}}
{"target": -10.623196243074267, "params": {"C": 40926.6084531221, "gamma": 0.05879006970865305}, "datetime": {"datetime": "2021-06-22 09:21:02", "elapsed": 16.081379, "delta": 0.516685}}
{"target": -9.787703431981672, "params": {"C": 40633.86408020444, "gamma": 0.042652162336843116}, "datetime": {"datetime": "2021-06-22 09:21:02", "elapsed": 16.466909, "delta": 0.38553}}
{"target": -10.40716943474834, "params": {"C": 40495.997155667814, "gamma": 0.011596473221612402}, "datetime": {"datetime": "2021-06-22 09:21:02", "elapsed": 16.885019, "delta": 0.41811}}
{"target": -9.699707302876027, "params": {"C": 43453.166754731385, "gamma": 0.038193490556589466}, "datetime": {"datetime": "2021-06-22 09:21:03", "elapsed": 17.253252, "delta": 0.368233}}
{"target": -10.120805464098568, "params": {"C": 38076.02748505389, "gamma": 0.05018932995811193}, "datetime": {"datetime": "2021-06-22 09:21:03", "elapsed": 17.670018, "delta": 0.416766}}
{"target": -9.793244468278106, "params": {"C": 57137.29386755389, "gamma": 0.025351502089771313}, "datetime": {"datetime": "2021-06-22 09:21:04", "elapsed": 18.070982, "delta": 0.400964}}
{"target": -9.9106487009889, "params": {"C": 56999.31749268698, "gamma": 0.02167025057878524}, "datetime": {"datetime": "2021-06-22 09:21:04", "elapsed": 18.456484, "delta": 0.385502}}
{"target": -10.473997092577257, "params": {"C": 56833.32725326729, "gamma": 0.010228900667804495}, "datetime": {"datetime": "2021-06-22 09:21:04", "elapsed": 18.843435, "delta": 0.386951}}
{"target": -10.366714564761466, "params": {"C": 58270.1882417656, "gamma": 0.049682392846413}, "datetime": {"datetime": "2021-06-22 09:21:05", "elapsed": 19.304878, "delta": 0.461443}}
{"target": -10.127500178219101, "params": {"C": 48683.554830946385, "gamma": 0.047993739561188374}, "datetime": {"datetime": "2021-06-22 09:21:05", "elapsed": 19.806389, "delta": 0.501511}}
{"target": -9.684275844923423, "params": {"C": 48319.312867170156, "gamma": 0.028847065207341628}, "datetime": {"datetime": "2021-06-22 09:21:06", "elapsed": 20.207565, "delta": 0.401176}}
{"target": -9.624313080788161, "params": {"C": 35688.00506148468, "gamma": 0.03163722240939461}, "datetime": {"datetime": "2021-06-22 09:21:06", "elapsed": 20.622567, "delta": 0.415002}}
{"target": -10.419035347785927, "params": {"C": 35571.10475149665, "gamma": 0.011404148456939754}, "datetime": {"datetime": "2021-06-22 09:21:07", "elapsed": 21.092272, "delta": 0.469705}}
{"target": -9.757581792012518, "params": {"C": 35793.078723693085, "gamma": 0.04264561666831544}, "datetime": {"datetime": "2021-06-22 09:21:07", "elapsed": 21.509139, "delta": 0.416867}}
{"target": -9.753868715833162, "params": {"C": 53303.14951186809, "gamma": 0.026571145912016564}, "datetime": {"datetime": "2021-06-22 09:21:07", "elapsed": 21.910292, "delta": 0.401153}}
{"target": -10.405932838405834, "params": {"C": 53169.66813051877, "gamma": 0.011597477731359928}, "datetime": {"datetime": "2021-06-22 09:21:08", "elapsed": 22.342759, "delta": 0.432467}}
{"target": -9.718771447906617, "params": {"C": 53431.974588529156, "gamma": 0.027716669195114126}, "datetime": {"datetime": "2021-06-22 09:21:08", "elapsed": 22.876886, "delta": 0.534127}}
{"target": -9.975983102322852, "params": {"C": 53565.51761815446, "gamma": 0.04176368741611022}, "datetime": {"datetime": "2021-06-22 09:21:09", "elapsed": 23.329318, "delta": 0.452432}}
{"target": -9.850750461903564, "params": {"C": 53792.21912395932, "gamma": 0.023540770344496986}, "datetime": {"datetime": "2021-06-22 09:21:09", "elapsed": 23.745854, "delta": 0.416536}}
{"target": -10.493229049141167, "params": {"C": 53945.648425097046, "gamma": 0.009842279514587405}, "datetime": {"datetime": "2021-06-22 09:21:10", "elapsed": 24.231356, "delta": 0.485502}}
{"target": -9.940296604194188, "params": {"C": 46885.394703660335, "gamma": 0.04437386200519888}, "datetime": {"datetime": "2021-06-22 09:21:10", "elapsed": 24.717327, "delta": 0.485971}}
{"target": -10.341726860869759, "params": {"C": 46707.504003593465, "gamma": 0.01290400992886306}, "datetime": {"datetime": "2021-06-22 09:21:11", "elapsed": 25.148992, "delta": 0.431665}}
{"target": -9.856767352988781, "params": {"C": 47058.295420866416, "gamma": 0.041362685324949605}, "datetime": {"datetime": "2021-06-22 09:21:11", "elapsed": 25.733282, "delta": 0.58429}}
{"target": -9.917030279382828, "params": {"C": 47210.56387428736, "gamma": 0.021334167930195894}, "datetime": {"datetime": "2021-06-22 09:21:12", "elapsed": 26.23477, "delta": 0.501488}}
{"target": -10.274372292989128, "params": {"C": 47382.46939411115, "gamma": 0.01415089486942826}, "datetime": {"datetime": "2021-06-22 09:21:12", "elapsed": 26.682882, "delta": 0.448112}}
{"target": -10.028781043684196, "params": {"C": 55492.59501526951, "gamma": 0.04249764997592003}, "datetime": {"datetime": "2021-06-22 09:21:13", "elapsed": 27.10536, "delta": 0.422478}}
{"target": -10.014794777648916, "params": {"C": 55145.12580747052, "gamma": 0.04222131748177312}, "datetime": {"datetime": "2021-06-22 09:21:13", "elapsed": 27.638081, "delta": 0.532721}}
{"target": -9.732464191916481, "params": {"C": 54905.40389379219, "gamma": 0.027288866072186384}, "datetime": {"datetime": "2021-06-22 09:21:14", "elapsed": 28.085627, "delta": 0.447546}}
{"target": -10.00888135250598, "params": {"C": 54765.48219848616, "gamma": 0.042221099091917146}, "datetime": {"datetime": "2021-06-22 09:21:14", "elapsed": 28.640187, "delta": 0.55456}}
{"target": -10.350238196581147, "params": {"C": 41958.03360864507, "gamma": 0.012734144730515028}, "datetime": {"datetime": "2021-06-22 09:21:15", "elapsed": 29.140946, "delta": 0.500759}}
{"target": -10.370825777416174, "params": {"C": 55849.01317900162, "gamma": 0.05029108179977281}, "datetime": {"datetime": "2021-06-22 09:21:15", "elapsed": 29.626828, "delta": 0.485882}}
{"target": -10.53150168310343, "params": {"C": 44760.95813604604, "gamma": 0.05600208974771553}, "datetime": {"datetime": "2021-06-22 09:21:16", "elapsed": 30.1285, "delta": 0.501672}}
{"target": -9.771300759360273, "params": {"C": 38971.11007702968, "gamma": 0.02612718882903766}, "datetime": {"datetime": "2021-06-22 09:21:16", "elapsed": 30.631051, "delta": 0.502551}}
{"target": -10.526665306111106, "params": {"C": 38834.99123964018, "gamma": 0.009}, "datetime": {"datetime": "2021-06-22 09:21:17", "elapsed": 31.163241, "delta": 0.53219}}
{"target": -9.761454531817408, "params": {"C": 39102.36987996663, "gamma": 0.026460506277860084}, "datetime": {"datetime": "2021-06-22 09:21:17", "elapsed": 31.64115, "delta": 0.477909}}
{"target": -10.29595761064296, "params": {"C": 39241.636345312625, "gamma": 0.0533896977763796}, "datetime": {"datetime": "2021-06-22 09:21:18", "elapsed": 32.170882, "delta": 0.529732}}
{"target": -10.033022614708859, "params": {"C": 49575.69289650436, "gamma": 0.045902095251403444}, "datetime": {"datetime": "2021-06-22 09:21:18", "elapsed": 32.656387, "delta": 0.485505}}
{"target": -10.195227994003508, "params": {"C": 49310.264494637544, "gamma": 0.015565276401546447}, "datetime": {"datetime": "2021-06-22 09:21:19", "elapsed": 33.188607, "delta": 0.53222}}
{"target": -10.382438444926256, "params": {"C": 49832.96988855822, "gamma": 0.012076636032294396}, "datetime": {"datetime": "2021-06-22 09:21:19", "elapsed": 33.789956, "delta": 0.601349}}
{"target": -9.98611459528201, "params": {"C": 52510.54532238991, "gamma": 0.04265523532385683}, "datetime": {"datetime": "2021-06-22 09:21:20", "elapsed": 34.460474, "delta": 0.670518}}
{"target": -10.40694474022406, "params": {"C": 52704.97045713992, "gamma": 0.05164014243992628}, "datetime": {"datetime": "2021-06-22 09:21:21", "elapsed": 35.030167, "delta": 0.569693}}
{"target": -10.559778283224533, "params": {"C": 52323.473967051235, "gamma": 0.05429206987790261}, "datetime": {"datetime": "2021-06-22 09:21:21", "elapsed": 35.53441, "delta": 0.504243}}
{"target": -10.517005821152292, "params": {"C": 42465.93723025897, "gamma": 0.056459704982161}, "datetime": {"datetime": "2021-06-22 09:21:22", "elapsed": 36.067223, "delta": 0.532813}}
{"target": -9.984661968621298, "params": {"C": 33125.35146749744, "gamma": 0.04838233171641243}, "datetime": {"datetime": "2021-06-22 09:21:22", "elapsed": 36.66903, "delta": 0.601807}}
{"target": -9.64591781757594, "params": {"C": 41452.90456514624, "gamma": 0.03526059348712143}, "datetime": {"datetime": "2021-06-22 09:21:23", "elapsed": 37.223336, "delta": 0.554306}}
{"target": -10.526827962069877, "params": {"C": 41573.310192555124, "gamma": 0.009}, "datetime": {"datetime": "2021-06-22 09:21:23", "elapsed": 37.793785, "delta": 0.570449}}
{"target": -9.831498850970751, "params": {"C": 41342.31636115166, "gamma": 0.04347099431343707}, "datetime": {"datetime": "2021-06-22 09:21:24", "elapsed": 38.525617, "delta": 0.731832}}
{"target": -9.63521266133428, "params": {"C": 41189.36048633289, "gamma": 0.03166370222296328}, "datetime": {"datetime": "2021-06-22 09:21:25", "elapsed": 39.24165, "delta": 0.716033}}
{"target": -10.73893617401287, "params": {"C": 45267.864402057705, "gamma": 0.059355162543068635}, "datetime": {"datetime": "2021-06-22 09:21:25", "elapsed": 39.959294, "delta": 0.717644}}
{"target": -9.867339601742046, "params": {"C": 44257.077319461976, "gamma": 0.04346227596072538}, "datetime": {"datetime": "2021-06-22 09:21:26", "elapsed": 40.514191, "delta": 0.554897}}
