{"target": -26.470606294564504, "params": {"C": 1580.011301161521, "gamma": 0.33317966315773434}, "datetime": {"datetime": "2021-06-28 16:18:21", "elapsed": 115.761354, "delta": 0.777582}}
{"target": -20.40371528645703, "params": {"C": 1031.0295946465096, "gamma": 0.12641516971850417}, "datetime": {"datetime": "2021-06-28 16:18:22", "elapsed": 116.547684, "delta": 0.78633}}
{"target": -22.530963588752968, "params": {"C": 1637.6416287550906, "gamma": 0.1811969554005227}, "datetime": {"datetime": "2021-06-28 16:18:22", "elapsed": 117.442333, "delta": 0.894649}}
{"target": -37.10546877607524, "params": {"C": 6547.199298659736, "gamma": 1.1321503886472024}, "datetime": {"datetime": "2021-06-28 16:18:23", "elapsed": 118.332959, "delta": 0.890626}}
{"target": -17.94448772883768, "params": {"C": 1033.1190931704082, "gamma": 0.07496087207667188}, "datetime": {"datetime": "2021-06-28 16:18:24", "elapsed": 119.15714, "delta": 0.824181}}
{"target": -22.313081475524076, "params": {"C": 1638.9474297574352, "gamma": 0.17522527084933387}, "datetime": {"datetime": "2021-06-28 16:18:25", "elapsed": 120.149568, "delta": 0.992428}}
{"target": -47.90891756942096, "params": {"C": 3671.100560033195, "gamma": 7.369563272502714}, "datetime": {"datetime": "2021-06-28 16:18:26", "elapsed": 121.025567, "delta": 0.875999}}
{"target": -16.28914093570262, "params": {"C": 1579.4261454965335, "gamma": 0.041316574029239106}, "datetime": {"datetime": "2021-06-28 16:18:27", "elapsed": 122.085811, "delta": 1.060244}}
{"target": -49.30620066375619, "params": {"C": 9016.932800253046, "gamma": 8.184245078071472}, "datetime": {"datetime": "2021-06-28 16:18:28", "elapsed": 122.960478, "delta": 0.874667}}
{"target": -48.03415124896493, "params": {"C": 9298.081627835965, "gamma": 5.281101138944534}, "datetime": {"datetime": "2021-06-28 16:18:29", "elapsed": 123.9981, "delta": 1.037622}}
{"target": -24.79274166297277, "params": {"C": 5166.130564208556, "gamma": 0.2144926671101784}, "datetime": {"datetime": "2021-06-28 16:18:30", "elapsed": 124.928099, "delta": 0.929999}}
{"target": -24.192778433842957, "params": {"C": 1581.004419504185, "gamma": 0.23430607093477393}, "datetime": {"datetime": "2021-06-28 16:18:31", "elapsed": 125.873354, "delta": 0.945255}}
{"target": -24.275390572379628, "params": {"C": 1036.6604702227282, "gamma": 0.23789138543754865}, "datetime": {"datetime": "2021-06-28 16:18:32", "elapsed": 126.742354, "delta": 0.869}}
{"target": -49.34313784924036, "params": {"C": 8743.156944070273, "gamma": 8.424676015420756}, "datetime": {"datetime": "2021-06-28 16:18:33", "elapsed": 127.523977, "delta": 0.781623}}
{"target": -25.275130682148294, "params": {"C": 1638.42774618885, "gamma": 0.2764669134441628}, "datetime": {"datetime": "2021-06-28 16:18:34", "elapsed": 128.507707, "delta": 0.98373}}
{"target": -49.31182925933103, "params": {"C": 8929.824467873224, "gamma": 8.236745011592337}, "datetime": {"datetime": "2021-06-28 16:18:34", "elapsed": 129.336544, "delta": 0.828837}}
{"target": -27.718117675081423, "params": {"C": 1581.2155623463796, "gamma": 0.4022981205150996}, "datetime": {"datetime": "2021-06-28 16:18:35", "elapsed": 130.411629, "delta": 1.075085}}
{"target": -47.96673339782201, "params": {"C": 4120.089752847414, "gamma": 7.022732027330195}, "datetime": {"datetime": "2021-06-28 16:18:36", "elapsed": 131.415629, "delta": 1.004}}
{"target": -36.20082453928279, "params": {"C": 9299.812429327672, "gamma": 1.0126901057348676}, "datetime": {"datetime": "2021-06-28 16:18:38", "elapsed": 132.888012, "delta": 1.472383}}
{"target": -23.820482010280454, "params": {"C": 1035.4177653094998, "gamma": 0.2213863937026235}, "datetime": {"datetime": "2021-06-28 16:18:39", "elapsed": 133.817635, "delta": 0.929623}}
{"target": -16.177630281257002, "params": {"C": 1580.3489267043954, "gamma": 0.02661987757621323}, "datetime": {"datetime": "2021-06-28 16:18:40", "elapsed": 134.886546, "delta": 1.068911}}
{"target": -45.85635509633436, "params": {"C": 3520.681282779507, "gamma": 4.023111815347761}, "datetime": {"datetime": "2021-06-28 16:18:41", "elapsed": 135.630545, "delta": 0.743999}}
{"target": -22.688532051785995, "params": {"C": 6545.8587038999385, "gamma": 0.14746071112416062}, "datetime": {"datetime": "2021-06-28 16:18:42", "elapsed": 136.651445, "delta": 1.0209}}
{"target": -22.47961078283819, "params": {"C": 9300.030197058684, "gamma": 0.13052804293685477}, "datetime": {"datetime": "2021-06-28 16:18:43", "elapsed": 137.601085, "delta": 0.94964}}
{"target": -23.14292263519734, "params": {"C": 1638.521405194168, "gamma": 0.19901930067639662}, "datetime": {"datetime": "2021-06-28 16:18:43", "elapsed": 138.402717, "delta": 0.801632}}
{"target": -27.7644467181563, "params": {"C": 9300.460247154993, "gamma": 0.3166781941662591}, "datetime": {"datetime": "2021-06-28 16:18:44", "elapsed": 139.379377, "delta": 0.97666}}
{"target": -25.443719320163165, "params": {"C": 1632.931242582858, "gamma": 0.2838386984112675}, "datetime": {"datetime": "2021-06-28 16:18:45", "elapsed": 140.428941, "delta": 1.049564}}
{"target": -16.06979525001828, "params": {"C": 6547.921862723691, "gamma": 0.018459335815962187}, "datetime": {"datetime": "2021-06-28 16:18:46", "elapsed": 141.417942, "delta": 0.989001}}
{"target": -49.2488826261781, "params": {"C": 7190.691150060422, "gamma": 8.871461006005765}, "datetime": {"datetime": "2021-06-28 16:18:47", "elapsed": 142.215246, "delta": 0.797304}}
{"target": -25.48164851730726, "params": {"C": 1036.6679535429469, "gamma": 0.2875011065773821}, "datetime": {"datetime": "2021-06-28 16:18:48", "elapsed": 143.069926, "delta": 0.85468}}
{"target": -29.229111932610657, "params": {"C": 6545.405777026512, "gamma": 0.4369668866468919}, "datetime": {"datetime": "2021-06-28 16:18:49", "elapsed": 144.179101, "delta": 1.109175}}
{"target": -20.564391072052814, "params": {"C": 9303.71629743541, "gamma": 0.10086369442877337}, "datetime": {"datetime": "2021-06-28 16:18:50", "elapsed": 145.150102, "delta": 0.971001}}
{"target": -24.093139031819373, "params": {"C": 3973.716654819414, "gamma": 0.20388605950342276}, "datetime": {"datetime": "2021-06-28 16:18:51", "elapsed": 146.187916, "delta": 1.037814}}
{"target": -17.80758154158222, "params": {"C": 1035.9878264652143, "gamma": 0.07210976960562836}, "datetime": {"datetime": "2021-06-28 16:18:52", "elapsed": 147.446489, "delta": 1.258573}}
{"target": -46.10875252283497, "params": {"C": 3857.1363388145855, "gamma": 4.145833561122152}, "datetime": {"datetime": "2021-06-28 16:18:53", "elapsed": 148.404586, "delta": 0.958097}}
{"target": -22.86677164983858, "params": {"C": 1034.277281725159, "gamma": 0.1902540239381291}, "datetime": {"datetime": "2021-06-28 16:18:55", "elapsed": 149.562265, "delta": 1.157679}}
{"target": -16.593088230134313, "params": {"C": 1036.6148761810687, "gamma": 0.037826709481572865}, "datetime": {"datetime": "2021-06-28 16:18:56", "elapsed": 150.544704, "delta": 0.982439}}
{"target": -16.20882901189999, "params": {"C": 1578.299375361601, "gamma": 0.037113973662769334}, "datetime": {"datetime": "2021-06-28 16:18:57", "elapsed": 151.595703, "delta": 1.050999}}
{"target": -41.48394149478196, "params": {"C": 2923.898438957882, "gamma": 1.9722639188369102}, "datetime": {"datetime": "2021-06-28 16:18:58", "elapsed": 152.50442, "delta": 0.908717}}
{"target": -16.134498702644695, "params": {"C": 1637.9747597660548, "gamma": 0.03216997964674503}, "datetime": {"datetime": "2021-06-28 16:18:59", "elapsed": 153.500036, "delta": 0.995616}}
{"target": -26.250851270328834, "params": {"C": 1579.223440805686, "gamma": 0.3221257263175054}, "datetime": {"datetime": "2021-06-28 16:19:00", "elapsed": 154.564303, "delta": 1.064267}}
{"target": -24.41714115338239, "params": {"C": 1035.4345690610157, "gamma": 0.2432561945134809}, "datetime": {"datetime": "2021-06-28 16:19:01", "elapsed": 155.548303, "delta": 0.984}}
{"target": -17.165187594776125, "params": {"C": 1577.786135915676, "gamma": 0.06504831485924367}, "datetime": {"datetime": "2021-06-28 16:19:02", "elapsed": 156.89728, "delta": 1.348977}}
{"target": -36.80220750726158, "params": {"C": 1639.672421555105, "gamma": 1.212084177538991}, "datetime": {"datetime": "2021-06-28 16:19:03", "elapsed": 157.907514, "delta": 1.010234}}
{"target": -48.31011848422035, "params": {"C": 8717.581226301278, "gamma": 5.815710088996945}, "datetime": {"datetime": "2021-06-28 16:19:04", "elapsed": 158.892535, "delta": 0.985021}}
{"target": -30.44442131043284, "params": {"C": 1031.0129701988176, "gamma": 0.592644047838622}, "datetime": {"datetime": "2021-06-28 16:19:05", "elapsed": 159.942176, "delta": 1.049641}}
{"target": -19.460187761867633, "params": {"C": 6548.378103193832, "gamma": 0.09333778664878765}, "datetime": {"datetime": "2021-06-28 16:19:06", "elapsed": 160.932531, "delta": 0.990355}}
{"target": -45.996657470820324, "params": {"C": 4272.434199532901, "gamma": 3.915620006743174}, "datetime": {"datetime": "2021-06-28 16:19:07", "elapsed": 161.82553, "delta": 0.892999}}
{"target": -16.864259378453802, "params": {"C": 1577.128521097449, "gamma": 0.05827483490994523}, "datetime": {"datetime": "2021-06-28 16:19:08", "elapsed": 163.160963, "delta": 1.335433}}
{"target": -25.546103476800113, "params": {"C": 9304.002783043501, "gamma": 0.2084084177034298}, "datetime": {"datetime": "2021-06-28 16:19:09", "elapsed": 164.207986, "delta": 1.047023}}
{"target": -28.361195465652226, "params": {"C": 1038.0302843623724, "gamma": 0.44464842383832703}, "datetime": {"datetime": "2021-06-28 16:19:11", "elapsed": 165.476983, "delta": 1.268997}}
{"target": -47.93198393096911, "params": {"C": 3395.4062383900086, "gamma": 7.864692564386405}, "datetime": {"datetime": "2021-06-28 16:19:11", "elapsed": 166.314083, "delta": 0.8371}}
{"target": -24.245100905489437, "params": {"C": 1032.5328792991406, "gamma": 0.2367187203444048}, "datetime": {"datetime": "2021-06-28 16:19:12", "elapsed": 167.421842, "delta": 1.107759}}
{"target": -24.29328238943565, "params": {"C": 1637.5453783736803, "gamma": 0.2375199515933471}, "datetime": {"datetime": "2021-06-28 16:19:13", "elapsed": 168.435847, "delta": 1.014005}}
{"target": -47.44653675982412, "params": {"C": 4740.039886625179, "gamma": 5.505599496768105}, "datetime": {"datetime": "2021-06-28 16:19:14", "elapsed": 169.312437, "delta": 0.87659}}
{"target": -26.667717177842732, "params": {"C": 1576.632498339818, "gamma": 0.34342325015531266}, "datetime": {"datetime": "2021-06-28 16:19:15", "elapsed": 170.449341, "delta": 1.136904}}
{"target": -25.41053128344104, "params": {"C": 9303.407204323354, "gamma": 0.20354638545297793}, "datetime": {"datetime": "2021-06-28 16:19:17", "elapsed": 171.823334, "delta": 1.373993}}
{"target": -18.582587173616094, "params": {"C": 1030.2987454727136, "gamma": 0.08808220617274232}, "datetime": {"datetime": "2021-06-28 16:19:18", "elapsed": 172.994014, "delta": 1.17068}}
{"target": -48.79554555470681, "params": {"C": 6592.730108873473, "gamma": 7.6053279045354305}, "datetime": {"datetime": "2021-06-28 16:19:19", "elapsed": 173.897225, "delta": 0.903211}}
{"target": -27.823865228745515, "params": {"C": 1637.4618022918314, "gamma": 0.4080017460809841}, "datetime": {"datetime": "2021-06-28 16:19:20", "elapsed": 174.963599, "delta": 1.066374}}
{"target": -20.846442442519944, "params": {"C": 1036.2267400907945, "gamma": 0.13661069936690184}, "datetime": {"datetime": "2021-06-28 16:19:21", "elapsed": 176.097186, "delta": 1.133587}}
{"target": -24.594645300365915, "params": {"C": 1033.4404862750764, "gamma": 0.2501349374004804}, "datetime": {"datetime": "2021-06-28 16:19:22", "elapsed": 177.375794, "delta": 1.278608}}
{"target": -30.30625179540522, "params": {"C": 2035.2223375516078, "gamma": 0.5708926059786932}, "datetime": {"datetime": "2021-06-28 16:19:23", "elapsed": 178.240516, "delta": 0.864722}}
{"target": -25.767331628289643, "params": {"C": 9304.746731634083, "gamma": 0.21673644507036793}, "datetime": {"datetime": "2021-06-28 16:19:25", "elapsed": 179.569518, "delta": 1.329002}}
{"target": -21.97291875032763, "params": {"C": 1030.374983535391, "gamma": 0.1647001488662645}, "datetime": {"datetime": "2021-06-28 16:19:26", "elapsed": 180.992417, "delta": 1.422899}}
{"target": -17.482431857633298, "params": {"C": 1033.9247822935988, "gamma": 0.06490518036018984}, "datetime": {"datetime": "2021-06-28 16:19:27", "elapsed": 182.044973, "delta": 1.052556}}
{"target": -16.224515021306807, "params": {"C": 1633.0145365132014, "gamma": 0.022719101594272754}, "datetime": {"datetime": "2021-06-28 16:19:28", "elapsed": 183.105591, "delta": 1.060618}}
{"target": -31.630830031226527, "params": {"C": 1639.0672224864952, "gamma": 0.6813205763607538}, "datetime": {"datetime": "2021-06-28 16:19:29", "elapsed": 184.328347, "delta": 1.222756}}
{"target": -23.60753458878147, "params": {"C": 1037.6861494867796, "gamma": 0.2140704260039739}, "datetime": {"datetime": "2021-06-28 16:19:30", "elapsed": 185.411304, "delta": 1.082957}}
{"target": -19.599195233114646, "params": {"C": 1037.9175507711893, "gamma": 0.10912060033694662}, "datetime": {"datetime": "2021-06-28 16:19:32", "elapsed": 186.577156, "delta": 1.165852}}
{"target": -19.895967673334248, "params": {"C": 1030.8358446403113, "gamma": 0.11530361882697436}, "datetime": {"datetime": "2021-06-28 16:19:33", "elapsed": 187.602811, "delta": 1.025655}}
{"target": -17.658432029191957, "params": {"C": 1036.740283263283, "gamma": 0.06889489013769556}, "datetime": {"datetime": "2021-06-28 16:19:34", "elapsed": 188.604896, "delta": 1.002085}}
{"target": -22.99245693686498, "params": {"C": 1035.8316906591538, "gamma": 0.1941247992991146}, "datetime": {"datetime": "2021-06-28 16:19:35", "elapsed": 189.7209, "delta": 1.116004}}
{"target": -31.41133414801438, "params": {"C": 6548.709827460294, "gamma": 0.6014636333318087}, "datetime": {"datetime": "2021-06-28 16:19:36", "elapsed": 190.768238, "delta": 1.047338}}
{"target": -27.27074206678709, "params": {"C": 1576.1737126939363, "gamma": 0.3763333467293722}, "datetime": {"datetime": "2021-06-28 16:19:37", "elapsed": 191.800229, "delta": 1.031991}}
{"target": -25.36267642829393, "params": {"C": 1037.2388232455098, "gamma": 0.2822104403132403}, "datetime": {"datetime": "2021-06-28 16:19:38", "elapsed": 192.681829, "delta": 0.8816}}
{"target": -28.01144983337901, "params": {"C": 1031.1642683351956, "gamma": 0.42251765744872055}, "datetime": {"datetime": "2021-06-28 16:19:39", "elapsed": 193.800818, "delta": 1.118989}}
{"target": -26.520282949328518, "params": {"C": 9299.515838979725, "gamma": 0.24908276723200973}, "datetime": {"datetime": "2021-06-28 16:19:40", "elapsed": 194.915049, "delta": 1.114231}}
{"target": -24.5286448209921, "params": {"C": 1029.7393741726937, "gamma": 0.24751455757460133}, "datetime": {"datetime": "2021-06-28 16:19:41", "elapsed": 196.374578, "delta": 1.459529}}
{"target": -16.65518258707252, "params": {"C": 1038.5026853764796, "gamma": 0.04132267388965523}, "datetime": {"datetime": "2021-06-28 16:19:43", "elapsed": 197.570208, "delta": 1.19563}}
{"target": -27.981068937823878, "params": {"C": 1579.9215412912517, "gamma": 0.4182306130495748}, "datetime": {"datetime": "2021-06-28 16:19:44", "elapsed": 199.048244, "delta": 1.478036}}
{"target": -45.17378116119786, "params": {"C": 1949.323543232177, "gamma": 4.274211402653209}, "datetime": {"datetime": "2021-06-28 16:19:45", "elapsed": 199.973245, "delta": 0.925001}}
{"target": -26.512298924990695, "params": {"C": 1578.0649530469714, "gamma": 0.33533651013685656}, "datetime": {"datetime": "2021-06-28 16:19:47", "elapsed": 201.524124, "delta": 1.550879}}
{"target": -31.147158339609902, "params": {"C": 1039.2908143194163, "gamma": 0.6487394689714726}, "datetime": {"datetime": "2021-06-28 16:19:48", "elapsed": 202.58252, "delta": 1.058396}}
{"target": -47.728785487920916, "params": {"C": 2926.258771334413, "gamma": 8.06523170711278}, "datetime": {"datetime": "2021-06-28 16:19:49", "elapsed": 203.509175, "delta": 0.926655}}
{"target": -24.85010050770611, "params": {"C": 1575.5719337729067, "gamma": 0.2594127480613519}, "datetime": {"datetime": "2021-06-28 16:19:50", "elapsed": 205.137266, "delta": 1.628091}}
{"target": -42.63374507122242, "params": {"C": 6651.458913314258, "gamma": 2.072407618683795}, "datetime": {"datetime": "2021-06-28 16:19:51", "elapsed": 206.091879, "delta": 0.954613}}
{"target": -20.306942784222294, "params": {"C": 1037.470334798944, "gamma": 0.12435405493153416}, "datetime": {"datetime": "2021-06-28 16:19:52", "elapsed": 207.328942, "delta": 1.237063}}
{"target": -18.43374705095253, "params": {"C": 1035.6776409754002, "gamma": 0.08513973303761564}, "datetime": {"datetime": "2021-06-28 16:19:54", "elapsed": 208.639223, "delta": 1.310281}}
{"target": -27.91144598527516, "params": {"C": 3975.288884523442, "gamma": 0.3789851572993374}, "datetime": {"datetime": "2021-06-28 16:19:55", "elapsed": 210.272636, "delta": 1.633413}}
{"target": -26.20294250373696, "params": {"C": 9302.287654718002, "gamma": 0.23467282861549874}, "datetime": {"datetime": "2021-06-28 16:19:57", "elapsed": 211.734626, "delta": 1.46199}}
{"target": -27.642048129187895, "params": {"C": 5165.480102737327, "gamma": 0.3476202859007332}, "datetime": {"datetime": "2021-06-28 16:19:58", "elapsed": 212.87038, "delta": 1.135754}}
{"target": -16.24792367199731, "params": {"C": 9304.882855102707, "gamma": 0.011283362529137623}, "datetime": {"datetime": "2021-06-28 16:19:59", "elapsed": 214.037064, "delta": 1.166684}}
{"target": -17.22304824264666, "params": {"C": 1635.7795665751494, "gamma": 0.06664265446295362}, "datetime": {"datetime": "2021-06-28 16:20:00", "elapsed": 215.206084, "delta": 1.16902}}
{"target": -45.34125614200748, "params": {"C": 6158.986958067926, "gamma": 3.1567501017579955}, "datetime": {"datetime": "2021-06-28 16:20:01", "elapsed": 216.161081, "delta": 0.954997}}
{"target": -31.728200990733903, "params": {"C": 9303.776097561056, "gamma": 0.6084946071559907}, "datetime": {"datetime": "2021-06-28 16:20:02", "elapsed": 217.270081, "delta": 1.109}}
{"target": -22.45909394170363, "params": {"C": 1578.5478844385893, "gamma": 0.17945530234310056}, "datetime": {"datetime": "2021-06-28 16:20:03", "elapsed": 218.469388, "delta": 1.199307}}
{"target": -29.41693827735774, "params": {"C": 1638.4624140478543, "gamma": 0.5121686699645656}, "datetime": {"datetime": "2021-06-28 16:20:05", "elapsed": 219.671379, "delta": 1.201991}}
{"target": -25.20056934673284, "params": {"C": 1036.2731055503773, "gamma": 0.27513329433712536}, "datetime": {"datetime": "2021-06-28 16:20:06", "elapsed": 221.107378, "delta": 1.435999}}
{"target": -22.221746639715644, "params": {"C": 1034.9025909426102, "gamma": 0.17154111278653172}, "datetime": {"datetime": "2021-06-28 16:20:07", "elapsed": 222.459379, "delta": 1.352001}}
{"target": -41.67361268899575, "params": {"C": 9282.574487711025, "gamma": 1.7937994471221812}, "datetime": {"datetime": "2021-06-28 16:20:09", "elapsed": 223.51438, "delta": 1.055001}}
{"target": -28.21493222347845, "params": {"C": 6548.313336424058, "gamma": 0.3682394355901178}, "datetime": {"datetime": "2021-06-28 16:20:10", "elapsed": 224.660389, "delta": 1.146009}}
{"target": -22.984001819022165, "params": {"C": 1578.6414085756405, "gamma": 0.19454714860934919}, "datetime": {"datetime": "2021-06-28 16:20:11", "elapsed": 225.866381, "delta": 1.205992}}
{"target": -26.447323726388934, "params": {"C": 1575.0073905995646, "gamma": 0.33204327946071077}, "datetime": {"datetime": "2021-06-28 16:20:12", "elapsed": 227.26638, "delta": 1.399999}}
{"target": -47.57946049085195, "params": {"C": 2733.5665079877367, "gamma": 7.9663887695302025}, "datetime": {"datetime": "2021-06-28 16:20:13", "elapsed": 228.319381, "delta": 1.053001}}
{"target": -45.32298100587543, "params": {"C": 4005.832519539723, "gamma": 3.449931458937858}, "datetime": {"datetime": "2021-06-28 16:20:14", "elapsed": 229.367387, "delta": 1.048006}}
{"target": -31.78814594730574, "params": {"C": 2746.5496990766555, "gamma": 0.6750507026907732}, "datetime": {"datetime": "2021-06-28 16:20:15", "elapsed": 230.336379, "delta": 0.968992}}
{"target": -16.149703121622945, "params": {"C": 1632.6381950379161, "gamma": 0.027029907877718813}, "datetime": {"datetime": "2021-06-28 16:20:17", "elapsed": 231.628384, "delta": 1.292005}}
{"target": -29.560805736277796, "params": {"C": 1037.0271903714838, "gamma": 0.5265004150310844}, "datetime": {"datetime": "2021-06-28 16:20:18", "elapsed": 232.856314, "delta": 1.22793}}
{"target": -20.633939575630794, "params": {"C": 1037.6945525437418, "gamma": 0.13171706094066682}, "datetime": {"datetime": "2021-06-28 16:20:19", "elapsed": 234.081615, "delta": 1.225301}}
{"target": -48.42921295552791, "params": {"C": 4703.643800655968, "gamma": 7.834528479378941}, "datetime": {"datetime": "2021-06-28 16:20:20", "elapsed": 235.13559, "delta": 1.053975}}
{"target": -29.612756753680785, "params": {"C": 1030.7603978982816, "gamma": 0.5302295671066317}, "datetime": {"datetime": "2021-06-28 16:20:21", "elapsed": 236.435875, "delta": 1.300285}}
{"target": -26.81417743321734, "params": {"C": 1580.367030177941, "gamma": 0.35114432565437786}, "datetime": {"datetime": "2021-06-28 16:20:23", "elapsed": 237.741431, "delta": 1.305556}}
{"target": -49.50841611960961, "params": {"C": 9204.656937314416, "gamma": 8.876407716859875}, "datetime": {"datetime": "2021-06-28 16:20:24", "elapsed": 238.811015, "delta": 1.069584}}
{"target": -24.271627283370538, "params": {"C": 6548.44883926436, "gamma": 0.1861504205892061}, "datetime": {"datetime": "2021-06-28 16:20:25", "elapsed": 240.056011, "delta": 1.244996}}
{"target": -38.6795172658288, "params": {"C": 5164.37446391867, "gamma": 1.350599671793903}, "datetime": {"datetime": "2021-06-28 16:20:26", "elapsed": 241.371887, "delta": 1.315876}}
{"target": -22.452291245577484, "params": {"C": 5165.939626648123, "gamma": 0.15105438305036636}, "datetime": {"datetime": "2021-06-28 16:20:28", "elapsed": 242.698965, "delta": 1.327078}}
