{"target": -16.78207089943968, "params": {"C": 4425.304560872889, "gamma": 0.056188984618935095}, "datetime": {"datetime": "2021-06-28 16:48:31", "elapsed": 88.073578, "delta": 0.801003}}
{"target": -16.48831615595821, "params": {"C": 4452.793561261033, "gamma": 0.04964723875288306}, "datetime": {"datetime": "2021-06-28 16:48:31", "elapsed": 88.939487, "delta": 0.865909}}
{"target": -16.41876134769783, "params": {"C": 4392.2334298645, "gamma": 0.048063472044981154}, "datetime": {"datetime": "2021-06-28 16:48:32", "elapsed": 89.686693, "delta": 0.747206}}
{"target": -16.774166700458334, "params": {"C": 4664.638199231615, "gamma": 0.055505878545932995}, "datetime": {"datetime": "2021-06-28 16:48:33", "elapsed": 90.472693, "delta": 0.786}}
{"target": -16.214991600734784, "params": {"C": 1826.4321743342675, "gamma": 0.0416110500869628}, "datetime": {"datetime": "2021-06-28 16:48:34", "elapsed": 91.389471, "delta": 0.916778}}
{"target": -16.69927698166187, "params": {"C": 2051.04780930018, "gamma": 0.05681097794862554}, "datetime": {"datetime": "2021-06-28 16:48:35", "elapsed": 92.197472, "delta": 0.808001}}
{"target": -16.13547191285355, "params": {"C": 2098.142532550075, "gamma": 0.04061877258584669}, "datetime": {"datetime": "2021-06-28 16:48:36", "elapsed": 93.103851, "delta": 0.906379}}
{"target": -16.115992796082658, "params": {"C": 3631.965703404088, "gamma": 0.04082077331214526}, "datetime": {"datetime": "2021-06-28 16:48:37", "elapsed": 94.133491, "delta": 1.02964}}
{"target": -16.85771610067345, "params": {"C": 3783.9349149372315, "gamma": 0.059072971728155246}, "datetime": {"datetime": "2021-06-28 16:48:37", "elapsed": 94.882489, "delta": 0.748998}}
{"target": -16.042715997827756, "params": {"C": 3811.5882631315144, "gamma": 0.03752190269918317}, "datetime": {"datetime": "2021-06-28 16:48:38", "elapsed": 95.720332, "delta": 0.837843}}
{"target": -16.588636390800833, "params": {"C": 3755.3297952928433, "gamma": 0.05344319137786248}, "datetime": {"datetime": "2021-06-28 16:48:39", "elapsed": 96.558034, "delta": 0.837702}}
{"target": -16.59454427462544, "params": {"C": 4165.977036432836, "gamma": 0.05273698625181791}, "datetime": {"datetime": "2021-06-28 16:48:40", "elapsed": 97.314377, "delta": 0.756343}}
{"target": -16.02638741027328, "params": {"C": 3157.8840380887764, "gamma": 0.03807516059683502}, "datetime": {"datetime": "2021-06-28 16:48:41", "elapsed": 98.115381, "delta": 0.801004}}
{"target": -16.164588129525736, "params": {"C": 1646.5894004663087, "gamma": 0.035930132917676647}, "datetime": {"datetime": "2021-06-28 16:48:42", "elapsed": 99.140053, "delta": 1.024672}}
{"target": -16.652210880817584, "params": {"C": 2567.906855986725, "gamma": 0.05634030278143535}, "datetime": {"datetime": "2021-06-28 16:48:42", "elapsed": 99.942052, "delta": 0.801999}}
{"target": -15.933598818306983, "params": {"C": 3218.5813831365376, "gamma": 0.03280454551027267}, "datetime": {"datetime": "2021-06-28 16:48:43", "elapsed": 100.851052, "delta": 0.909}}
{"target": -16.613887632566026, "params": {"C": 2236.68206299351, "gamma": 0.055206958263227114}, "datetime": {"datetime": "2021-06-28 16:48:44", "elapsed": 101.618317, "delta": 0.767265}}
{"target": -16.238607116071588, "params": {"C": 3020.614723395498, "gamma": 0.045669964937816276}, "datetime": {"datetime": "2021-06-28 16:48:45", "elapsed": 102.501468, "delta": 0.883151}}
{"target": -16.541633420141284, "params": {"C": 2990.3737055779075, "gamma": 0.053566856607429915}, "datetime": {"datetime": "2021-06-28 16:48:46", "elapsed": 103.340492, "delta": 0.839024}}
{"target": -16.43052255209414, "params": {"C": 1932.957205941205, "gamma": 0.04952890906646455}, "datetime": {"datetime": "2021-06-28 16:48:47", "elapsed": 104.280493, "delta": 0.940001}}
{"target": -16.83247758594064, "params": {"C": 4258.9489779880805, "gamma": 0.05756959131212032}, "datetime": {"datetime": "2021-06-28 16:48:48", "elapsed": 105.039534, "delta": 0.759041}}
{"target": -16.088830372537544, "params": {"C": 4214.661400677993, "gamma": 0.038301066576489115}, "datetime": {"datetime": "2021-06-28 16:48:49", "elapsed": 106.045803, "delta": 1.006269}}
{"target": -16.818892393946967, "params": {"C": 2489.061309538888, "gamma": 0.06}, "datetime": {"datetime": "2021-06-28 16:48:50", "elapsed": 107.248221, "delta": 1.202418}}
{"target": -15.9545931696226, "params": {"C": 2896.43935870108, "gamma": 0.034320928891517825}, "datetime": {"datetime": "2021-06-28 16:48:51", "elapsed": 108.129513, "delta": 0.881292}}
{"target": -16.260583099504935, "params": {"C": 2196.6853061481297, "gamma": 0.04560540021661571}, "datetime": {"datetime": "2021-06-28 16:48:52", "elapsed": 109.151357, "delta": 1.021844}}
{"target": -16.644424575407207, "params": {"C": 3355.432545911252, "gamma": 0.055399832868453375}, "datetime": {"datetime": "2021-06-28 16:48:53", "elapsed": 110.127357, "delta": 0.976}}
{"target": -16.876025270734075, "params": {"C": 4784.166162372897, "gamma": 0.05729038474884611}, "datetime": {"datetime": "2021-06-28 16:48:54", "elapsed": 111.041993, "delta": 0.914636}}
{"target": -16.552005226322024, "params": {"C": 4752.589483156333, "gamma": 0.05047943824637588}, "datetime": {"datetime": "2021-06-28 16:48:54", "elapsed": 111.889892, "delta": 0.847899}}
{"target": -16.5606456120706, "params": {"C": 3516.722592132095, "gamma": 0.053251479430936846}, "datetime": {"datetime": "2021-06-28 16:48:55", "elapsed": 112.86652, "delta": 0.976628}}
{"target": -16.516241363382285, "params": {"C": 2955.0227329369327, "gamma": 0.05300327336523907}, "datetime": {"datetime": "2021-06-28 16:48:56", "elapsed": 113.668177, "delta": 0.801657}}
{"target": -15.9948555547359, "params": {"C": 2128.129328010155, "gamma": 0.03179725519318716}, "datetime": {"datetime": "2021-06-28 16:48:57", "elapsed": 114.688176, "delta": 1.019999}}
{"target": -15.990551792649473, "params": {"C": 3042.605660867882, "gamma": 0.036450717646463696}, "datetime": {"datetime": "2021-06-28 16:48:58", "elapsed": 115.633979, "delta": 0.945803}}
{"target": -15.950913662650269, "params": {"C": 3491.437063100763, "gamma": 0.03354996911108645}, "datetime": {"datetime": "2021-06-28 16:48:59", "elapsed": 116.624978, "delta": 0.990999}}
{"target": -16.071635484114307, "params": {"C": 3867.202937449934, "gamma": 0.03858793578483537}, "datetime": {"datetime": "2021-06-28 16:49:00", "elapsed": 117.701804, "delta": 1.076826}}
{"target": -16.22098576716131, "params": {"C": 2261.786951522934, "gamma": 0.04453991290260462}, "datetime": {"datetime": "2021-06-28 16:49:01", "elapsed": 118.644681, "delta": 0.942877}}
{"target": -16.35620850807187, "params": {"C": 2288.1178080630702, "gamma": 0.04870577539997079}, "datetime": {"datetime": "2021-06-28 16:49:02", "elapsed": 119.717129, "delta": 1.072448}}
{"target": -16.523607910111863, "params": {"C": 1759.2306804317564, "gamma": 0.051046693775178745}, "datetime": {"datetime": "2021-06-28 16:49:03", "elapsed": 120.958131, "delta": 1.241002}}
{"target": -16.2059525833947, "params": {"C": 1685.5497072101846, "gamma": 0.03928398860313251}, "datetime": {"datetime": "2021-06-28 16:49:05", "elapsed": 122.236919, "delta": 1.278788}}
{"target": -16.77586948820488, "params": {"C": 1783.562528941032, "gamma": 0.05755733058405621}, "datetime": {"datetime": "2021-06-28 16:49:07", "elapsed": 124.667211, "delta": 2.430292}}
{"target": -16.11868109527857, "params": {"C": 3380.8673840423507, "gamma": 0.04138593410354002}, "datetime": {"datetime": "2021-06-28 16:49:08", "elapsed": 125.952182, "delta": 1.284971}}
{"target": -16.840602174494798, "params": {"C": 3694.6515246584013, "gamma": 0.05890764447336114}, "datetime": {"datetime": "2021-06-28 16:49:10", "elapsed": 127.08824, "delta": 1.136058}}
{"target": -16.018107512941747, "params": {"C": 3673.715185986168, "gamma": 0.036768246356290155}, "datetime": {"datetime": "2021-06-28 16:49:11", "elapsed": 128.265006, "delta": 1.176766}}
{"target": -16.615982700343473, "params": {"C": 3314.9228990029446, "gamma": 0.05483525146639276}, "datetime": {"datetime": "2021-06-28 16:49:12", "elapsed": 129.728187, "delta": 1.463181}}
{"target": -16.572993938337298, "params": {"C": 2861.13362905037, "gamma": 0.05441036553187519}, "datetime": {"datetime": "2021-06-28 16:49:14", "elapsed": 131.391441, "delta": 1.663254}}
{"target": -16.550197296699032, "params": {"C": 4072.956775903071, "gamma": 0.051927356149890504}, "datetime": {"datetime": "2021-06-28 16:49:15", "elapsed": 132.396417, "delta": 1.004976}}
{"target": -16.14004257509608, "params": {"C": 3449.6414487790003, "gamma": 0.04200876400300947}, "datetime": {"datetime": "2021-06-28 16:49:16", "elapsed": 133.520494, "delta": 1.124077}}
{"target": -16.748694756366437, "params": {"C": 3907.180461811859, "gamma": 0.05659771052400139}, "datetime": {"datetime": "2021-06-28 16:49:17", "elapsed": 134.954494, "delta": 1.434}}
{"target": -16.11539824625528, "params": {"C": 3712.055702138023, "gamma": 0.04062627804359392}, "datetime": {"datetime": "2021-06-28 16:49:19", "elapsed": 136.168424, "delta": 1.21393}}
{"target": -16.721442212549974, "params": {"C": 3191.9420615648487, "gamma": 0.05732128268556276}, "datetime": {"datetime": "2021-06-28 16:49:20", "elapsed": 137.449768, "delta": 1.281344}}
{"target": -16.43302288677822, "params": {"C": 1561.6010312287056, "gamma": 0.046418499703183694}, "datetime": {"datetime": "2021-06-28 16:49:21", "elapsed": 138.835489, "delta": 1.385721}}
{"target": -15.969677066546565, "params": {"C": 4033.421133078881, "gamma": 0.03300521276596236}, "datetime": {"datetime": "2021-06-28 16:49:23", "elapsed": 140.058661, "delta": 1.223172}}
{"target": -15.96348218810457, "params": {"C": 2371.7272210290657, "gamma": 0.03241388584554292}, "datetime": {"datetime": "2021-06-28 16:49:24", "elapsed": 141.599767, "delta": 1.541106}}
{"target": -16.2733948200425, "params": {"C": 1396.2633398083049, "gamma": 0.035094485412600615}, "datetime": {"datetime": "2021-06-28 16:49:26", "elapsed": 143.090765, "delta": 1.490998}}
{"target": -16.177911922343238, "params": {"C": 1534.4095936944527, "gamma": 0.031571674337634734}, "datetime": {"datetime": "2021-06-28 16:49:27", "elapsed": 144.451264, "delta": 1.360499}}
{"target": -16.10779962425017, "params": {"C": 2920.4153668918852, "gamma": 0.04146863958289013}, "datetime": {"datetime": "2021-06-28 16:49:29", "elapsed": 146.848393, "delta": 2.397129}}
{"target": -16.188204950305828, "params": {"C": 2754.898925088707, "gamma": 0.04421374598282456}, "datetime": {"datetime": "2021-06-28 16:49:31", "elapsed": 148.146289, "delta": 1.297896}}
{"target": -15.92920551673802, "params": {"C": 3975.9403938923347, "gamma": 0.03}, "datetime": {"datetime": "2021-06-28 16:49:32", "elapsed": 149.527229, "delta": 1.38094}}
{"target": -16.03815339560393, "params": {"C": 3730.444498179853, "gamma": 0.03753266623309738}, "datetime": {"datetime": "2021-06-28 16:49:33", "elapsed": 150.932231, "delta": 1.405002}}
{"target": -15.923945951707083, "params": {"C": 2636.903644635961, "gamma": 0.03}, "datetime": {"datetime": "2021-06-28 16:49:34", "elapsed": 151.946573, "delta": 1.014342}}
{"target": -15.984511428168965, "params": {"C": 4625.967369993441, "gamma": 0.031209748582183786}, "datetime": {"datetime": "2021-06-28 16:49:36", "elapsed": 153.460679, "delta": 1.514106}}
{"target": -16.782346552951978, "params": {"C": 1339.3665047537656, "gamma": 0.053528379914766014}, "datetime": {"datetime": "2021-06-28 16:49:37", "elapsed": 154.59568, "delta": 1.135001}}
{"target": -16.376147380287378, "params": {"C": 1314.3846097401024, "gamma": 0.038820131040435045}, "datetime": {"datetime": "2021-06-28 16:49:38", "elapsed": 155.808708, "delta": 1.213028}}
{"target": -16.586028964561816, "params": {"C": 1364.1695391523963, "gamma": 0.04829712654540894}, "datetime": {"datetime": "2021-06-28 16:49:40", "elapsed": 157.00434, "delta": 1.195632}}
{"target": -16.398398459944868, "params": {"C": 3096.2342691601452, "gamma": 0.049966968799688094}, "datetime": {"datetime": "2021-06-28 16:49:41", "elapsed": 158.111983, "delta": 1.107643}}
{"target": -15.90632583631856, "params": {"C": 3116.4412673711445, "gamma": 0.03}, "datetime": {"datetime": "2021-06-28 16:49:42", "elapsed": 159.291895, "delta": 1.179912}}
{"target": -16.68875096677967, "params": {"C": 3281.2149946665704, "gamma": 0.05648347790858792}, "datetime": {"datetime": "2021-06-28 16:49:43", "elapsed": 160.514736, "delta": 1.222841}}
{"target": -16.23199829092586, "params": {"C": 2172.2776348084153, "gamma": 0.04458377121929388}, "datetime": {"datetime": "2021-06-28 16:49:45", "elapsed": 162.098564, "delta": 1.583828}}
{"target": -16.04872862891225, "params": {"C": 2151.462019780479, "gamma": 0.036771779055680846}, "datetime": {"datetime": "2021-06-28 16:49:46", "elapsed": 163.555634, "delta": 1.45707}}
{"target": -16.032936464639715, "params": {"C": 2000.9152835816917, "gamma": 0.033447962488181895}, "datetime": {"datetime": "2021-06-28 16:49:48", "elapsed": 165.003637, "delta": 1.448003}}
{"target": -16.910783426716474, "params": {"C": 3845.3348293433723, "gamma": 0.06}, "datetime": {"datetime": "2021-06-28 16:49:49", "elapsed": 166.475708, "delta": 1.472071}}
{"target": -16.54340505124284, "params": {"C": 2728.595373837058, "gamma": 0.05379519005466289}, "datetime": {"datetime": "2021-06-28 16:49:50", "elapsed": 167.566452, "delta": 1.090744}}
{"target": -16.012836984707196, "params": {"C": 4711.65911448618, "gamma": 0.032715229687522294}, "datetime": {"datetime": "2021-06-28 16:49:51", "elapsed": 168.710303, "delta": 1.143851}}
{"target": -16.156796414809993, "params": {"C": 4945.377246466827, "gamma": 0.03865663086128661}, "datetime": {"datetime": "2021-06-28 16:49:52", "elapsed": 169.64191, "delta": 0.931607}}
{"target": -16.489931726735747, "params": {"C": 2420.823552865962, "gamma": 0.05243065486892301}, "datetime": {"datetime": "2021-06-28 16:49:53", "elapsed": 170.548913, "delta": 0.907003}}
{"target": -15.999486903604259, "params": {"C": 3166.8368679289997, "gamma": 0.03681249447734396}, "datetime": {"datetime": "2021-06-28 16:49:54", "elapsed": 171.483854, "delta": 0.934941}}
{"target": -15.963073266104244, "params": {"C": 2316.571734208186, "gamma": 0.03142242623450244}, "datetime": {"datetime": "2021-06-28 16:49:55", "elapsed": 172.486401, "delta": 1.002547}}
{"target": -16.157368785687556, "params": {"C": 1589.330246755394, "gamma": 0.032680631912576454}, "datetime": {"datetime": "2021-06-28 16:49:56", "elapsed": 173.407597, "delta": 0.921196}}
{"target": -16.594235928822123, "params": {"C": 3403.7135043109793, "gamma": 0.054205409915466275}, "datetime": {"datetime": "2021-06-28 16:49:57", "elapsed": 174.338625, "delta": 0.931028}}
{"target": -16.25963654426566, "params": {"C": 3423.17614163969, "gamma": 0.045774784776409866}, "datetime": {"datetime": "2021-06-28 16:49:58", "elapsed": 175.239629, "delta": 0.901004}}
{"target": -16.237276208443735, "params": {"C": 4108.546745225787, "gamma": 0.04371007633002784}, "datetime": {"datetime": "2021-06-28 16:49:59", "elapsed": 176.264634, "delta": 1.025005}}
{"target": -16.635536394568113, "params": {"C": 3071.4823617087604, "gamma": 0.055614089894577945}, "datetime": {"datetime": "2021-06-28 16:50:00", "elapsed": 177.381627, "delta": 1.116993}}
{"target": -16.312035354876837, "params": {"C": 3589.4704370876457, "gamma": 0.04695470700846416}, "datetime": {"datetime": "2021-06-28 16:50:01", "elapsed": 178.279057, "delta": 0.89743}}
{"target": -15.929031819601732, "params": {"C": 3263.055466684901, "gamma": 0.03238526451384223}, "datetime": {"datetime": "2021-06-28 16:50:02", "elapsed": 179.496804, "delta": 1.217747}}
{"target": -16.746578963676473, "params": {"C": 2706.335025920298, "gamma": 0.05838429137017402}, "datetime": {"datetime": "2021-06-28 16:50:03", "elapsed": 180.522804, "delta": 1.026}}
{"target": -15.920712490773878, "params": {"C": 2684.4786378742406, "gamma": 0.03}, "datetime": {"datetime": "2021-06-28 16:50:04", "elapsed": 181.673349, "delta": 1.150545}}
{"target": -16.16576102704531, "params": {"C": 4977.052825242083, "gamma": 0.038895937038709374}, "datetime": {"datetime": "2021-06-28 16:50:05", "elapsed": 182.593603, "delta": 0.920254}}
{"target": -15.958495425671352, "params": {"C": 2453.821717070674, "gamma": 0.03279897835262885}, "datetime": {"datetime": "2021-06-28 16:50:06", "elapsed": 183.815751, "delta": 1.222148}}
{"target": -16.16274324175099, "params": {"C": 1956.8865230483748, "gamma": 0.040691926792524175}, "datetime": {"datetime": "2021-06-28 16:50:07", "elapsed": 184.741754, "delta": 0.926003}}
{"target": -15.943476990198722, "params": {"C": 3607.8276528670262, "gamma": 0.03272356885217756}, "datetime": {"datetime": "2021-06-28 16:50:08", "elapsed": 185.702471, "delta": 0.960717}}
{"target": -16.112077309032465, "params": {"C": 3943.107469469777, "gamma": 0.039951657539884146}, "datetime": {"datetime": "2021-06-28 16:50:09", "elapsed": 186.683094, "delta": 0.980623}}
{"target": -15.971446853761773, "params": {"C": 4204.605878865927, "gamma": 0.03239623680391683}, "datetime": {"datetime": "2021-06-28 16:50:10", "elapsed": 187.904784, "delta": 1.22169}}
{"target": -16.183146441803164, "params": {"C": 4898.069879820982, "gamma": 0.039785853231479956}, "datetime": {"datetime": "2021-06-28 16:50:11", "elapsed": 188.903374, "delta": 0.99859}}
{"target": -16.27384692518411, "params": {"C": 3471.879651251032, "gamma": 0.04609970468726978}, "datetime": {"datetime": "2021-06-28 16:50:12", "elapsed": 189.872032, "delta": 0.968658}}
{"target": -16.23504230515915, "params": {"C": 1464.467867563547, "gamma": 0.03500054682090665}, "datetime": {"datetime": "2021-06-28 16:50:14", "elapsed": 191.497944, "delta": 1.625912}}
{"target": -16.356914010497935, "params": {"C": 2397.9886141998013, "gamma": 0.048922360007579296}, "datetime": {"datetime": "2021-06-28 16:50:15", "elapsed": 192.966777, "delta": 1.468833}}
{"target": -16.656202797385575, "params": {"C": 4872.894533996123, "gamma": 0.05255564966112586}, "datetime": {"datetime": "2021-06-28 16:50:16", "elapsed": 193.962233, "delta": 0.995456}}
{"target": -16.235720744773808, "params": {"C": 2830.4801584559264, "gamma": 0.04568475351507105}, "datetime": {"datetime": "2021-06-28 16:50:18", "elapsed": 195.05123, "delta": 1.088997}}
{"target": -16.127636728727275, "params": {"C": 3680.16346634023, "gamma": 0.04113086799031015}, "datetime": {"datetime": "2021-06-28 16:50:19", "elapsed": 196.908692, "delta": 1.857462}}
{"target": -16.081539145265747, "params": {"C": 4485.347553897804, "gamma": 0.0371318220755898}, "datetime": {"datetime": "2021-06-28 16:50:21", "elapsed": 198.091749, "delta": 1.183057}}
{"target": -16.537169701758845, "params": {"C": 2025.09073344142, "gamma": 0.05278432819319451}, "datetime": {"datetime": "2021-06-28 16:50:22", "elapsed": 199.08038, "delta": 0.988631}}
{"target": -16.268487892234173, "params": {"C": 1508.9993233433738, "gamma": 0.03883031378002866}, "datetime": {"datetime": "2021-06-28 16:50:23", "elapsed": 200.749951, "delta": 1.669571}}
{"target": -16.055422630110048, "params": {"C": 4804.234766542657, "gamma": 0.03471182152985776}, "datetime": {"datetime": "2021-06-28 16:50:24", "elapsed": 201.69378, "delta": 0.943829}}
{"target": -16.39160451967749, "params": {"C": 1731.2888745800487, "gamma": 0.04695730404340321}, "datetime": {"datetime": "2021-06-28 16:50:25", "elapsed": 202.845481, "delta": 1.151701}}
{"target": -16.292937172482567, "params": {"C": 1619.7121404908248, "gamma": 0.04214109234013544}, "datetime": {"datetime": "2021-06-28 16:50:26", "elapsed": 203.846139, "delta": 1.000658}}
{"target": -16.331715120959032, "params": {"C": 1433.0091884313174, "gamma": 0.040145628430915514}, "datetime": {"datetime": "2021-06-28 16:50:28", "elapsed": 205.075138, "delta": 1.228999}}
{"target": -16.133980096528724, "params": {"C": 2811.850030683582, "gamma": 0.042409863854322084}, "datetime": {"datetime": "2021-06-28 16:50:29", "elapsed": 206.222951, "delta": 1.147813}}
{"target": -16.801204598232427, "params": {"C": 1978.4709359530868, "gamma": 0.05893906623192333}, "datetime": {"datetime": "2021-06-28 16:50:30", "elapsed": 207.493545, "delta": 1.270594}}
{"target": -16.957210242054906, "params": {"C": 4603.122597670736, "gamma": 0.05926194967725218}, "datetime": {"datetime": "2021-06-28 16:50:31", "elapsed": 208.468431, "delta": 0.974886}}
{"target": -16.374004444323845, "params": {"C": 4585.430859376882, "gamma": 0.04644706500348186}, "datetime": {"datetime": "2021-06-28 16:50:32", "elapsed": 209.760476, "delta": 1.292045}}
{"target": -16.36586835310784, "params": {"C": 2660.6445628414904, "gamma": 0.049361247657626506}, "datetime": {"datetime": "2021-06-28 16:50:33", "elapsed": 210.823475, "delta": 1.062999}}
{"target": -16.544580695397823, "params": {"C": 1909.574618233201, "gamma": 0.05249305500559556}, "datetime": {"datetime": "2021-06-28 16:50:35", "elapsed": 212.113254, "delta": 1.289779}}
{"target": -15.926175491851838, "params": {"C": 2842.9814173995237, "gamma": 0.02440648986884316}, "datetime": {"datetime": "2021-06-28 17:48:22", "elapsed": 0.0, "delta": 0.0}}
{"target": -16.688393229255443, "params": {"C": 1300.4231868241761, "gamma": 0.016046651452636795}, "datetime": {"datetime": "2021-06-28 17:48:22", "elapsed": 0.212039, "delta": 0.212039}}
{"target": -16.703337615457304, "params": {"C": 1842.9967960233182, "gamma": 0.011846771895375956}, "datetime": {"datetime": "2021-06-28 17:48:22", "elapsed": 0.433997, "delta": 0.221958}}
{"target": -16.303354998011102, "params": {"C": 1989.1627820973822, "gamma": 0.016911214540860954}, "datetime": {"datetime": "2021-06-28 17:48:23", "elapsed": 0.628434, "delta": 0.194437}}
{"target": -15.995934240396616, "params": {"C": 2768.0396546534785, "gamma": 0.020776334680067135}, "datetime": {"datetime": "2021-06-28 17:48:23", "elapsed": 0.871473, "delta": 0.243039}}
{"target": -16.03279167364843, "params": {"C": 3922.1423772667026, "gamma": 0.016850157081443266}, "datetime": {"datetime": "2021-06-28 17:48:23", "elapsed": 1.225532, "delta": 0.354059}}
