{"target": -40.98527421768706, "params": {"C": 41.70803025021037, "gamma": 7.20352460992814}, "datetime": {"datetime": "2021-06-28 15:25:37", "elapsed": 0.0, "delta": 0.0}}
{"target": -41.517339690136666, "params": {"C": 0.021436337986315217, "gamma": 3.024023393745766}, "datetime": {"datetime": "2021-06-28 15:25:38", "elapsed": 0.193005, "delta": 0.193005}}
{"target": -39.18224388084859, "params": {"C": 14.684121522803132, "gamma": 0.9242936090932092}, "datetime": {"datetime": "2021-06-28 15:25:38", "elapsed": 0.388004, "delta": 0.194999}}
{"target": -40.81076861235602, "params": {"C": 18.634158535653313, "gamma": 3.4562617097034343}, "datetime": {"datetime": "2021-06-28 15:25:38", "elapsed": 0.586005, "delta": 0.198001}}
{"target": -40.8672887783807, "params": {"C": 39.682779748324684, "gamma": 5.388628523299567}, "datetime": {"datetime": "2021-06-28 15:25:38", "elapsed": 0.788, "delta": 0.201995}}
{"target": -40.96932870363402, "params": {"C": 41.92525949518544, "gamma": 6.852509784467199}, "datetime": {"datetime": "2021-06-28 15:25:39", "elapsed": 1.030002, "delta": 0.242002}}
{"target": -41.05941333125274, "params": {"C": 20.45318045065443, "gamma": 8.781296246473064}, "datetime": {"datetime": "2021-06-28 15:25:39", "elapsed": 1.248593, "delta": 0.218591}}
{"target": -41.39454193722899, "params": {"C": 2.7484854438606368, "gamma": 6.705004634273845}, "datetime": {"datetime": "2021-06-28 15:25:39", "elapsed": 1.519559, "delta": 0.270966}}
{"target": -40.88487822661064, "params": {"C": 41.73630718868902, "gamma": 5.587339594629071}, "datetime": {"datetime": "2021-06-28 15:25:39", "elapsed": 1.715567, "delta": 0.196008}}
{"target": -40.53445444945869, "params": {"C": 14.047289990137424, "gamma": 1.981816789359703}, "datetime": {"datetime": "2021-06-28 15:25:39", "elapsed": 1.986561, "delta": 0.270994}}
{"target": -41.31117313060161, "params": {"C": 80.07644942186691, "gamma": 9.682647495618255}, "datetime": {"datetime": "2021-06-28 15:25:40", "elapsed": 2.242565, "delta": 0.256004}}
{"target": -40.96981023388908, "params": {"C": 31.349283574142692, "gamma": 6.923533834077472}, "datetime": {"datetime": "2021-06-28 15:25:40", "elapsed": 2.450566, "delta": 0.208001}}
{"target": -41.34876024270859, "params": {"C": 87.64015133808087, "gamma": 8.946172028374969}, "datetime": {"datetime": "2021-06-28 15:25:40", "elapsed": 2.66556, "delta": 0.214994}}
{"target": -37.92192023873677, "params": {"C": 8.513570694864093, "gamma": 0.39150877754559077}, "datetime": {"datetime": "2021-06-28 15:25:40", "elapsed": 2.879282, "delta": 0.213722}}
{"target": -41.09041318026689, "params": {"C": 16.991343652261246, "gamma": 8.781546891790702}, "datetime": {"datetime": "2021-06-28 15:25:41", "elapsed": 3.10324, "delta": 0.223958}}
{"target": -41.103570479770966, "params": {"C": 9.843699914966678, "gamma": 4.211655142425517}, "datetime": {"datetime": "2021-06-28 15:25:41", "elapsed": 3.310711, "delta": 0.207471}}
{"target": -41.08853172306618, "params": {"C": 95.78937411974869, "gamma": 5.332119684445198}, "datetime": {"datetime": "2021-06-28 15:25:41", "elapsed": 3.539178, "delta": 0.228467}}
{"target": -40.34527005475849, "params": {"C": 69.19079262390784, "gamma": 3.1558407944296234}, "datetime": {"datetime": "2021-06-28 15:25:41", "elapsed": 3.740187, "delta": 0.201009}}
{"target": -41.17432060907145, "params": {"C": 68.65322775888156, "gamma": 8.346422093301832}, "datetime": {"datetime": "2021-06-28 15:25:41", "elapsed": 3.968757, "delta": 0.22857}}
{"target": -41.43457607374582, "params": {"C": 1.8386448516457385, "gamma": 7.50169300513473}, "datetime": {"datetime": "2021-06-28 15:25:42", "elapsed": 4.180759, "delta": 0.212002}}
{"target": -36.630073417672904, "params": {"C": 9.878727968510672, "gamma": 0.001}, "datetime": {"datetime": "2021-06-28 15:25:42", "elapsed": 4.552761, "delta": 0.372002}}
{"target": -36.256883980988476, "params": {"C": 10.943673060205459, "gamma": 0.001}, "datetime": {"datetime": "2021-06-28 15:25:42", "elapsed": 5.009511, "delta": 0.45675}}
{"target": -28.666388293118377, "params": {"C": 11.698579434260841, "gamma": 0.012686843766684039}, "datetime": {"datetime": "2021-06-28 15:25:43", "elapsed": 5.398146, "delta": 0.388635}}
{"target": -41.2169967789622, "params": {"C": 8.616349082130016, "gamma": 7.587154684288088}, "datetime": {"datetime": "2021-06-28 15:25:43", "elapsed": 5.70932, "delta": 0.311174}}
{"target": -33.82208879773573, "params": {"C": 11.544790232550564, "gamma": 0.15474433847477867}, "datetime": {"datetime": "2021-06-28 15:25:44", "elapsed": 6.029325, "delta": 0.320005}}
{"target": -28.599655306997317, "params": {"C": 11.686715784874316, "gamma": 0.014101585844999001}, "datetime": {"datetime": "2021-06-28 15:25:44", "elapsed": 6.330923, "delta": 0.301598}}
{"target": -30.643153760488325, "params": {"C": 11.581031400064056, "gamma": 0.06241550688460403}, "datetime": {"datetime": "2021-06-28 15:25:44", "elapsed": 6.65793, "delta": 0.327007}}
{"target": -32.49756271837819, "params": {"C": 11.321334063889907, "gamma": 0.0026473908208030127}, "datetime": {"datetime": "2021-06-28 15:25:45", "elapsed": 7.037923, "delta": 0.379993}}
{"target": -32.442001839479786, "params": {"C": 11.722297958106134, "gamma": 0.10751455416461657}, "datetime": {"datetime": "2021-06-28 15:25:45", "elapsed": 7.423655, "delta": 0.385732}}
{"target": -40.965132362495126, "params": {"C": 14.8530000298682, "gamma": 4.067430140759853}, "datetime": {"datetime": "2021-06-28 15:25:45", "elapsed": 7.744942, "delta": 0.321287}}
{"target": -29.373129120642457, "params": {"C": 11.126802734548736, "gamma": 0.035430263759798145}, "datetime": {"datetime": "2021-06-28 15:25:46", "elapsed": 8.084937, "delta": 0.339995}}
{"target": -28.569249366506927, "params": {"C": 11.672194874221736, "gamma": 0.015247480656058628}, "datetime": {"datetime": "2021-06-28 15:25:46", "elapsed": 8.408938, "delta": 0.324001}}
{"target": -30.11562312018578, "params": {"C": 11.662213161810438, "gamma": 0.05258155475353571}, "datetime": {"datetime": "2021-06-28 15:25:46", "elapsed": 8.730943, "delta": 0.322005}}
{"target": -30.013401465739758, "params": {"C": 11.311355127198775, "gamma": 0.048468687493704865}, "datetime": {"datetime": "2021-06-28 15:25:47", "elapsed": 9.046528, "delta": 0.315585}}
{"target": -33.223183578280384, "params": {"C": 11.731449971531244, "gamma": 0.13341939358871235}, "datetime": {"datetime": "2021-06-28 15:25:47", "elapsed": 9.355118, "delta": 0.30859}}
{"target": -35.81725566782781, "params": {"C": 11.336329166176283, "gamma": 0.26505311813702886}, "datetime": {"datetime": "2021-06-28 15:25:47", "elapsed": 9.717366, "delta": 0.362248}}
{"target": -34.419190146531676, "params": {"C": 11.147095176372975, "gamma": 0.17629549189421753}, "datetime": {"datetime": "2021-06-28 15:25:48", "elapsed": 10.075955, "delta": 0.358589}}
{"target": -32.98847987884879, "params": {"C": 11.547000233325601, "gamma": 0.12311443979931277}, "datetime": {"datetime": "2021-06-28 15:25:48", "elapsed": 10.436997, "delta": 0.361042}}
{"target": -41.042400376181455, "params": {"C": 21.95616609602122, "gamma": 8.328429570807826}, "datetime": {"datetime": "2021-06-28 15:25:48", "elapsed": 10.751852, "delta": 0.314855}}
{"target": -41.043221700127866, "params": {"C": 51.03938957777196, "gamma": 7.785724245337624}, "datetime": {"datetime": "2021-06-28 15:25:49", "elapsed": 11.08215, "delta": 0.330298}}
{"target": -30.224086341615802, "params": {"C": 11.132876218710198, "gamma": 0.05128705826465519}, "datetime": {"datetime": "2021-06-28 15:25:49", "elapsed": 11.417383, "delta": 0.335233}}
{"target": -32.9561093597479, "params": {"C": 11.016715029486171, "gamma": 0.11631553002788175}, "datetime": {"datetime": "2021-06-28 15:25:49", "elapsed": 11.801617, "delta": 0.384234}}
{"target": -36.19087471545625, "params": {"C": 11.138689166017764, "gamma": 0.001}, "datetime": {"datetime": "2021-06-28 15:25:50", "elapsed": 12.204612, "delta": 0.402995}}
{"target": -40.809789937849, "params": {"C": 46.14963540072418, "gamma": 4.88031097021141}, "datetime": {"datetime": "2021-06-28 15:25:50", "elapsed": 12.630612, "delta": 0.426}}
{"target": -34.378223857582846, "params": {"C": 11.002498381101006, "gamma": 0.172100015026356}, "datetime": {"datetime": "2021-06-28 15:25:51", "elapsed": 13.058617, "delta": 0.428005}}
{"target": -40.04397052615866, "params": {"C": 31.440679685032862, "gamma": 2.1452958650777916}, "datetime": {"datetime": "2021-06-28 15:25:51", "elapsed": 13.441256, "delta": 0.382639}}
{"target": -29.129387289138908, "params": {"C": 11.08935149207727, "gamma": 0.030371767923228255}, "datetime": {"datetime": "2021-06-28 15:25:51", "elapsed": 13.850494, "delta": 0.409238}}
{"target": -31.264223333121173, "params": {"C": 11.299247838439848, "gamma": 0.073628303258704}, "datetime": {"datetime": "2021-06-28 15:25:52", "elapsed": 14.247163, "delta": 0.396669}}
{"target": -32.885467817024264, "params": {"C": 11.618140371815556, "gamma": 0.12042117488876139}, "datetime": {"datetime": "2021-06-28 15:25:52", "elapsed": 14.649284, "delta": 0.402121}}
{"target": -30.86206037745274, "params": {"C": 11.061055495253454, "gamma": 0.06330965098891086}, "datetime": {"datetime": "2021-06-28 15:25:53", "elapsed": 15.027545, "delta": 0.378261}}
{"target": -41.197379453113655, "params": {"C": 66.59035524388143, "gamma": 9.45793299069371}, "datetime": {"datetime": "2021-06-28 15:25:53", "elapsed": 15.39617, "delta": 0.368625}}
{"target": -41.048005500572785, "params": {"C": 22.248091826430322, "gamma": 8.813607757610935}, "datetime": {"datetime": "2021-06-28 15:25:53", "elapsed": 15.763625, "delta": 0.367455}}
{"target": -31.548028772525978, "params": {"C": 11.01302309106117, "gamma": 0.07786451160839884}, "datetime": {"datetime": "2021-06-28 15:25:54", "elapsed": 16.146614, "delta": 0.382989}}
{"target": -40.926853557459495, "params": {"C": 89.52374685977819, "gamma": 4.704411382643942}, "datetime": {"datetime": "2021-06-28 15:25:54", "elapsed": 16.512616, "delta": 0.366002}}
{"target": -37.363501433380854, "params": {"C": 10.975306125153173, "gamma": 0.4052313438359526}, "datetime": {"datetime": "2021-06-28 15:25:54", "elapsed": 16.882615, "delta": 0.369999}}
{"target": -41.14885275949891, "params": {"C": 2.7999240341382627, "gamma": 1.3829125669326674}, "datetime": {"datetime": "2021-06-28 15:25:55", "elapsed": 17.239652, "delta": 0.357037}}
{"target": -33.39461115426908, "params": {"C": 11.217439917674865, "gamma": 0.13371161216051214}, "datetime": {"datetime": "2021-06-28 15:25:55", "elapsed": 17.69161, "delta": 0.451958}}
{"target": -41.32928794431485, "params": {"C": 88.23395975491617, "gamma": 8.402862000431732}, "datetime": {"datetime": "2021-06-28 15:25:56", "elapsed": 18.084615, "delta": 0.393005}}
{"target": -31.752604208893377, "params": {"C": 11.47653994136134, "gamma": 0.08653636064535555}, "datetime": {"datetime": "2021-06-28 15:25:56", "elapsed": 18.474615, "delta": 0.39}}
{"target": -41.25133201477234, "params": {"C": 6.272648992074027, "gamma": 5.274536704286818}, "datetime": {"datetime": "2021-06-28 15:25:56", "elapsed": 18.837614, "delta": 0.362999}}
{"target": -40.94173300897862, "params": {"C": 34.33437150411505, "gamma": 6.3932036472527285}, "datetime": {"datetime": "2021-06-28 15:25:57", "elapsed": 19.249617, "delta": 0.412003}}
{"target": -39.8196669658166, "params": {"C": 72.72448776191715, "gamma": 2.415442767442415}, "datetime": {"datetime": "2021-06-28 15:25:57", "elapsed": 19.614613, "delta": 0.364996}}
{"target": -41.232914398822, "params": {"C": 75.15130346536966, "gamma": 8.587790200468241}, "datetime": {"datetime": "2021-06-28 15:25:57", "elapsed": 19.975615, "delta": 0.361002}}
{"target": -31.922772242873354, "params": {"C": 11.710406341905344, "gamma": 0.09285152097251105}, "datetime": {"datetime": "2021-06-28 15:25:58", "elapsed": 20.380616, "delta": 0.405001}}
{"target": -41.04048459521021, "params": {"C": 29.264359388075025, "gamma": 9.978085339868343}, "datetime": {"datetime": "2021-06-28 15:25:58", "elapsed": 20.798614, "delta": 0.417998}}
{"target": -29.033523183014342, "params": {"C": 11.586707356248656, "gamma": 0.03175100002906502}, "datetime": {"datetime": "2021-06-28 15:25:59", "elapsed": 21.287616, "delta": 0.489002}}
{"target": -37.40773164357151, "params": {"C": 11.25304047883062, "gamma": 0.41930887440538184}, "datetime": {"datetime": "2021-06-28 15:25:59", "elapsed": 21.666614, "delta": 0.378998}}
{"target": -33.234376703600645, "params": {"C": 11.603651073709312, "gamma": 0.13236898043101336}, "datetime": {"datetime": "2021-06-28 15:26:00", "elapsed": 22.104613, "delta": 0.437999}}
{"target": -41.208445205834686, "params": {"C": 67.40959588164738, "gamma": 9.637324762064189}, "datetime": {"datetime": "2021-06-28 15:26:00", "elapsed": 22.530614, "delta": 0.426001}}
{"target": -40.21245122151299, "params": {"C": 19.406767778562998, "gamma": 1.8637818827824992}, "datetime": {"datetime": "2021-06-28 15:26:00", "elapsed": 22.929651, "delta": 0.399037}}
{"target": -40.41955536929629, "params": {"C": 56.22730859915051, "gamma": 3.2800834839313744}, "datetime": {"datetime": "2021-06-28 15:26:01", "elapsed": 23.326657, "delta": 0.397006}}
{"target": -39.23822045887226, "params": {"C": 77.65433525280679, "gamma": 1.9632691521919554}, "datetime": {"datetime": "2021-06-28 15:26:01", "elapsed": 23.732703, "delta": 0.406046}}
{"target": -30.296527247729287, "params": {"C": 11.036977436033153, "gamma": 0.05203467559701092}, "datetime": {"datetime": "2021-06-28 15:26:02", "elapsed": 24.132704, "delta": 0.400001}}
{"target": -35.111885245059185, "params": {"C": 11.251742773005986, "gamma": 0.2157461721963721}, "datetime": {"datetime": "2021-06-28 15:26:02", "elapsed": 24.574712, "delta": 0.442008}}
{"target": -28.80588005083392, "params": {"C": 11.327736839117561, "gamma": 0.02469360939998655}, "datetime": {"datetime": "2021-06-28 15:26:03", "elapsed": 25.111707, "delta": 0.536995}}
{"target": -41.03471628272826, "params": {"C": 28.89041094588948, "gamma": 9.50090347073714}, "datetime": {"datetime": "2021-06-28 15:26:03", "elapsed": 25.509706, "delta": 0.397999}}
{"target": -32.939232080609194, "params": {"C": 10.97638572366065, "gamma": 0.11533806076494603}, "datetime": {"datetime": "2021-06-28 15:26:03", "elapsed": 25.948534, "delta": 0.438828}}
{"target": -41.13462926153664, "params": {"C": 76.71764052114248, "gamma": 6.7319103271798}, "datetime": {"datetime": "2021-06-28 15:26:04", "elapsed": 26.363572, "delta": 0.415038}}
{"target": -40.97851404581917, "params": {"C": 25.725670569152015, "gamma": 6.641756520061905}, "datetime": {"datetime": "2021-06-28 15:26:04", "elapsed": 26.75557, "delta": 0.391998}}
{"target": -28.55900002578471, "params": {"C": 11.635044973841508, "gamma": 0.01844481493082142}, "datetime": {"datetime": "2021-06-28 15:26:05", "elapsed": 27.283565, "delta": 0.527995}}
{"target": -28.984528605686133, "params": {"C": 11.321333579205826, "gamma": 0.028926858838054268}, "datetime": {"datetime": "2021-06-28 15:26:05", "elapsed": 27.711528, "delta": 0.427963}}
{"target": -34.98827862839372, "params": {"C": 10.944178700431047, "gamma": 0.202968981998044}, "datetime": {"datetime": "2021-06-28 15:26:06", "elapsed": 28.161569, "delta": 0.450041}}
{"target": -28.80648447536035, "params": {"C": 11.313762851778565, "gamma": 0.024585808569977982}, "datetime": {"datetime": "2021-06-28 15:26:06", "elapsed": 28.604572, "delta": 0.443003}}
{"target": -32.669834029687514, "params": {"C": 11.584194973579876, "gamma": 0.11312871782799032}, "datetime": {"datetime": "2021-06-28 15:26:06", "elapsed": 29.009116, "delta": 0.404544}}
{"target": -34.39039400786864, "params": {"C": 11.527687340473353, "gamma": 0.18068915210210507}, "datetime": {"datetime": "2021-06-28 15:26:07", "elapsed": 29.479335, "delta": 0.470219}}
{"target": -40.917709764552924, "params": {"C": 21.332766989891702, "gamma": 4.8098535361375365}, "datetime": {"datetime": "2021-06-28 15:26:07", "elapsed": 29.907008, "delta": 0.427673}}
{"target": -31.797096690758625, "params": {"C": 11.24038254328766, "gamma": 0.08568838869565518}, "datetime": {"datetime": "2021-06-28 15:26:08", "elapsed": 30.338974, "delta": 0.431966}}
{"target": -31.48076837640734, "params": {"C": 11.116037963150028, "gamma": 0.07712709532437845}, "datetime": {"datetime": "2021-06-28 15:26:08", "elapsed": 30.792479, "delta": 0.453505}}
{"target": -30.3317110822699, "params": {"C": 11.28095397641036, "gamma": 0.05429369072236527}, "datetime": {"datetime": "2021-06-28 15:26:09", "elapsed": 31.274006, "delta": 0.481527}}
{"target": -34.5910878255377, "params": {"C": 10.706468380748644, "gamma": 0.17781170361590792}, "datetime": {"datetime": "2021-06-28 15:26:09", "elapsed": 31.723408, "delta": 0.449402}}
{"target": -41.00383105673141, "params": {"C": 26.299496367732285, "gamma": 7.544151868291109}, "datetime": {"datetime": "2021-06-28 15:26:10", "elapsed": 32.164409, "delta": 0.441001}}
{"target": -29.997335449988256, "params": {"C": 11.0512655147546, "gamma": 0.0465290280908461}, "datetime": {"datetime": "2021-06-28 15:26:10", "elapsed": 32.731409, "delta": 0.567}}
{"target": -41.04515145885628, "params": {"C": 22.319357503769364, "gamma": 8.645677604072475}, "datetime": {"datetime": "2021-06-28 15:26:11", "elapsed": 33.160407, "delta": 0.428998}}
{"target": -32.885326783431054, "params": {"C": 11.618299095772542, "gamma": 0.12041817094194292}, "datetime": {"datetime": "2021-06-28 15:26:11", "elapsed": 33.560409, "delta": 0.400002}}
{"target": -30.34647226590439, "params": {"C": 11.688089536338138, "gamma": 0.057198835244851615}, "datetime": {"datetime": "2021-06-28 15:26:12", "elapsed": 34.067778, "delta": 0.507369}}
{"target": -30.554649831094732, "params": {"C": 11.732102732663728, "gamma": 0.06162315662350598}, "datetime": {"datetime": "2021-06-28 15:26:12", "elapsed": 34.588622, "delta": 0.520844}}
{"target": -31.664048807624873, "params": {"C": 11.423098978411046, "gamma": 0.003324716941098619}, "datetime": {"datetime": "2021-06-28 15:26:13", "elapsed": 35.129918, "delta": 0.541296}}
{"target": -31.52235866235373, "params": {"C": 11.340156785767169, "gamma": 0.07985777514755485}, "datetime": {"datetime": "2021-06-28 15:26:13", "elapsed": 35.653477, "delta": 0.523559}}
{"target": -28.804247069298256, "params": {"C": 11.061918828936939, "gamma": 0.021927790679612636}, "datetime": {"datetime": "2021-06-28 15:26:14", "elapsed": 36.150355, "delta": 0.496878}}
{"target": -41.339924296415695, "params": {"C": 82.89536893768322, "gamma": 9.850235389127475}, "datetime": {"datetime": "2021-06-28 15:26:14", "elapsed": 36.583128, "delta": 0.432773}}
{"target": -33.82170037312393, "params": {"C": 11.601665027176912, "gamma": 0.15547818849238226}, "datetime": {"datetime": "2021-06-28 15:26:15", "elapsed": 37.112432, "delta": 0.529304}}
{"target": -34.740647235438516, "params": {"C": 11.226142712167212, "gamma": 0.19408373237694715}, "datetime": {"datetime": "2021-06-28 15:26:15", "elapsed": 37.769976, "delta": 0.657544}}
{"target": -36.629334437776635, "params": {"C": 11.593465727990889, "gamma": 0.3412886994262119}, "datetime": {"datetime": "2021-06-28 15:26:16", "elapsed": 38.344265, "delta": 0.574289}}
{"target": -31.368362112756692, "params": {"C": 11.638621667333345, "gamma": 0.07856044435965051}, "datetime": {"datetime": "2021-06-28 15:26:17", "elapsed": 39.049405, "delta": 0.70514}}
{"target": -33.266882125797515, "params": {"C": 11.075782078670779, "gamma": 0.12744508861400305}, "datetime": {"datetime": "2021-06-28 15:26:17", "elapsed": 39.678101, "delta": 0.628696}}
{"target": -29.24316355633927, "params": {"C": 11.115350120782985, "gamma": 0.03284420814736273}, "datetime": {"datetime": "2021-06-28 15:26:18", "elapsed": 40.198852, "delta": 0.520751}}
{"target": -29.450341034230544, "params": {"C": 11.643670230851203, "gamma": 0.0400742425834562}, "datetime": {"datetime": "2021-06-28 15:26:18", "elapsed": 40.687555, "delta": 0.488703}}
{"target": -28.955862944496698, "params": {"C": 11.546377970426853, "gamma": 0.010080479530773633}, "datetime": {"datetime": "2021-06-28 15:26:19", "elapsed": 41.194194, "delta": 0.506639}}
{"target": -32.61668546768996, "params": {"C": 11.671982767567718, "gamma": 0.11234562025293716}, "datetime": {"datetime": "2021-06-28 15:26:19", "elapsed": 41.766795, "delta": 0.572601}}
{"target": -30.335232541661185, "params": {"C": 10.673402398034236, "gamma": 0.05036128889982811}, "datetime": {"datetime": "2021-06-28 15:26:20", "elapsed": 42.308951, "delta": 0.542156}}
{"target": -29.950696461343945, "params": {"C": 10.70887594764575, "gamma": 0.006726263142148619}, "datetime": {"datetime": "2021-06-28 15:26:21", "elapsed": 43.088565, "delta": 0.779614}}
{"target": -30.82761994784905, "params": {"C": 11.110204984836562, "gamma": 0.0629508855047876}, "datetime": {"datetime": "2021-06-28 15:26:21", "elapsed": 43.599939, "delta": 0.511374}}
{"target": -33.127870874708634, "params": {"C": 11.301976253378596, "gamma": 0.12518415376291345}, "datetime": {"datetime": "2021-06-28 15:26:22", "elapsed": 44.186674, "delta": 0.586735}}
{"target": -30.424727318233558, "params": {"C": 10.67940578207975, "gamma": 0.0520889653602934}, "datetime": {"datetime": "2021-06-28 15:26:22", "elapsed": 44.722676, "delta": 0.536002}}
{"target": -36.34953999113619, "params": {"C": 11.918198398023225, "gamma": 0.3225586769014354}, "datetime": {"datetime": "2021-06-28 15:26:23", "elapsed": 45.308285, "delta": 0.585609}}
{"target": -28.549302418321233, "params": {"C": 11.701200472611946, "gamma": 0.01948178307727283}, "datetime": {"datetime": "2021-06-28 15:26:23", "elapsed": 45.883886, "delta": 0.575601}}
{"target": -29.89957872431986, "params": {"C": 11.72518515889714, "gamma": 0.04889223953685448}, "datetime": {"datetime": "2021-06-28 15:26:24", "elapsed": 46.541214, "delta": 0.657328}}
{"target": -32.765928004223326, "params": {"C": 10.967585357553702, "gamma": 0.10982191630445562}, "datetime": {"datetime": "2021-06-28 15:26:25", "elapsed": 47.111355, "delta": 0.570141}}
