{"target": -10.175073903096953, "params": {"C": 16360.786533553755, "gamma": 0.03463975879143593}, "datetime": {"datetime": "2021-06-22 10:19:47", "elapsed": 406.272783, "delta": 3.372679}}
{"target": -10.18947215835437, "params": {"C": 17785.040734281414, "gamma": 0.05929378462555465}, "datetime": {"datetime": "2021-06-22 10:19:50", "elapsed": 408.571628, "delta": 2.298845}}
{"target": -10.067508954564229, "params": {"C": 15930.840705763261, "gamma": 0.049162857704104}, "datetime": {"datetime": "2021-06-22 10:19:52", "elapsed": 410.702215, "delta": 2.130587}}
{"target": -10.094212820374421, "params": {"C": 16703.319133494675, "gamma": 0.055057656829820105}, "datetime": {"datetime": "2021-06-22 10:19:55", "elapsed": 413.417939, "delta": 2.715724}}
{"target": -10.326859909217163, "params": {"C": 19481.827692091385, "gamma": 0.02753733900799521}, "datetime": {"datetime": "2021-06-22 10:19:59", "elapsed": 417.494808, "delta": 4.076869}}
{"target": -10.823637423846497, "params": {"C": 8092.1398750692715, "gamma": 0.020111783094807274}, "datetime": {"datetime": "2021-06-22 10:20:02", "elapsed": 420.447667, "delta": 2.952859}}
{"target": -10.171846572886235, "params": {"C": 17132.531774139505, "gamma": 0.034794937826146774}, "datetime": {"datetime": "2021-06-22 10:20:04", "elapsed": 423.165854, "delta": 2.718187}}
{"target": -10.156289101984127, "params": {"C": 19231.51653139894, "gamma": 0.03682640644904062}, "datetime": {"datetime": "2021-06-22 10:20:07", "elapsed": 425.369562, "delta": 2.203708}}
{"target": -10.081889078672113, "params": {"C": 12369.893014465542, "gamma": 0.0575056359383477}, "datetime": {"datetime": "2021-06-22 10:20:10", "elapsed": 428.462233, "delta": 3.092671}}
{"target": -10.929798423987268, "params": {"C": 15146.015383103304, "gamma": 0.012389491379160036}, "datetime": {"datetime": "2021-06-22 10:20:12", "elapsed": 431.064334, "delta": 2.602101}}
{"target": -10.070095392862463, "params": {"C": 15191.84633304483, "gamma": 0.050331539326980625}, "datetime": {"datetime": "2021-06-22 10:20:15", "elapsed": 433.952208, "delta": 2.887874}}
{"target": -11.229968001108766, "params": {"C": 7520.638519098053, "gamma": 0.012035086675503636}, "datetime": {"datetime": "2021-06-22 10:20:17", "elapsed": 436.089209, "delta": 2.137001}}
{"target": -11.141334210663151, "params": {"C": 18081.557037481118, "gamma": 0.009}, "datetime": {"datetime": "2021-06-22 10:20:19", "elapsed": 438.254581, "delta": 2.165372}}
{"target": -10.899816284679375, "params": {"C": 18039.670081670352, "gamma": 0.012286219693250658}, "datetime": {"datetime": "2021-06-22 10:20:23", "elapsed": 441.434853, "delta": 3.180272}}
{"target": -10.71359365801308, "params": {"C": 17997.174186027503, "gamma": 0.018293402140789897}, "datetime": {"datetime": "2021-06-22 10:20:25", "elapsed": 443.664217, "delta": 2.229364}}
{"target": -10.063407913693984, "params": {"C": 18123.209464949872, "gamma": 0.04899204156993961}, "datetime": {"datetime": "2021-06-22 10:20:27", "elapsed": 445.885734, "delta": 2.221517}}
{"target": -10.09571737250178, "params": {"C": 17951.848692027317, "gamma": 0.054104104485896524}, "datetime": {"datetime": "2021-06-22 10:20:29", "elapsed": 448.147447, "delta": 2.261713}}
{"target": -10.871888834157396, "params": {"C": 11079.224890945887, "gamma": 0.015796294004069768}, "datetime": {"datetime": "2021-06-22 10:20:32", "elapsed": 450.979669, "delta": 2.832222}}
{"target": -10.560750324131837, "params": {"C": 8967.415919003657, "gamma": 0.02914547809154469}, "datetime": {"datetime": "2021-06-22 10:20:34", "elapsed": 453.269456, "delta": 2.289787}}
{"target": -10.357316258565193, "params": {"C": 9093.121190500604, "gamma": 0.03635317572004961}, "datetime": {"datetime": "2021-06-22 10:20:37", "elapsed": 455.599793, "delta": 2.330337}}
{"target": -10.107342905974388, "params": {"C": 14975.610485595858, "gamma": 0.057957602609287145}, "datetime": {"datetime": "2021-06-22 10:20:40", "elapsed": 458.388348, "delta": 2.788555}}
{"target": -11.265523215351942, "params": {"C": 5380.518342026156, "gamma": 0.013530359594480207}, "datetime": {"datetime": "2021-06-22 10:20:43", "elapsed": 461.904032, "delta": 3.515684}}
{"target": -10.43468527333293, "params": {"C": 5439.118441521548, "gamma": 0.05423856116535628}, "datetime": {"datetime": "2021-06-22 10:20:46", "elapsed": 464.765241, "delta": 2.861209}}
{"target": -10.57746410510954, "params": {"C": 15078.71594849836, "gamma": 0.023193865134498153}, "datetime": {"datetime": "2021-06-22 10:20:48", "elapsed": 467.114346, "delta": 2.349105}}
{"target": -10.744594947571699, "params": {"C": 8575.072282271993, "gamma": 0.02220779532448776}, "datetime": {"datetime": "2021-06-22 10:20:51", "elapsed": 469.387649, "delta": 2.273303}}
{"target": -10.375712477459679, "params": {"C": 6039.450230391154, "gamma": 0.050610327883979976}, "datetime": {"datetime": "2021-06-22 10:20:54", "elapsed": 472.337096, "delta": 2.949447}}
{"target": -10.14453880035976, "params": {"C": 14570.620094698383, "gamma": 0.03743287681608437}, "datetime": {"datetime": "2021-06-22 10:20:56", "elapsed": 474.609299, "delta": 2.272203}}
{"target": -10.876851795208028, "params": {"C": 16987.281516545576, "gamma": 0.012930232828519649}, "datetime": {"datetime": "2021-06-22 10:20:59", "elapsed": 477.485432, "delta": 2.876133}}
{"target": -10.212791181478014, "params": {"C": 8158.523972094203, "gamma": 0.05482012663571206}, "datetime": {"datetime": "2021-06-22 10:21:01", "elapsed": 479.82718, "delta": 2.341748}}
{"target": -10.085478748680627, "params": {"C": 16809.363972193485, "gamma": 0.04453060352007726}, "datetime": {"datetime": "2021-06-22 10:21:05", "elapsed": 483.434223, "delta": 3.607043}}
{"target": -10.101729352961884, "params": {"C": 17597.58443710421, "gamma": 0.04250512996039597}, "datetime": {"datetime": "2021-06-22 10:21:07", "elapsed": 485.913065, "delta": 2.478842}}
{"target": -10.183477341799318, "params": {"C": 9392.451942659016, "gamma": 0.05918536271598269}, "datetime": {"datetime": "2021-06-22 10:21:10", "elapsed": 488.756656, "delta": 2.843591}}
{"target": -10.086061300798919, "params": {"C": 16655.7304283341, "gamma": 0.05446198374079097}, "datetime": {"datetime": "2021-06-22 10:21:13", "elapsed": 491.752666, "delta": 2.99601}}
{"target": -10.191000454383179, "params": {"C": 10360.775108900809, "gamma": 0.040875507875447664}, "datetime": {"datetime": "2021-06-22 10:21:15", "elapsed": 494.079352, "delta": 2.326686}}
{"target": -11.124639728527425, "params": {"C": 19437.33502793307, "gamma": 0.009}, "datetime": {"datetime": "2021-06-22 10:21:18", "elapsed": 496.826511, "delta": 2.747159}}
{"target": -10.09189050140928, "params": {"C": 19526.807717880612, "gamma": 0.05177392460606203}, "datetime": {"datetime": "2021-06-22 10:21:21", "elapsed": 500.006765, "delta": 3.180254}}
{"target": -10.346690982336689, "params": {"C": 8911.25605432287, "gamma": 0.03701869690336874}, "datetime": {"datetime": "2021-06-22 10:21:24", "elapsed": 502.538886, "delta": 2.532121}}
{"target": -10.069024246159094, "params": {"C": 16255.33007053861, "gamma": 0.052965840881958846}, "datetime": {"datetime": "2021-06-22 10:28:10", "elapsed": 0.0, "delta": 0.0}}
{"target": -10.16226195509514, "params": {"C": 10001.715622260173, "gamma": 0.04544198630737312}, "datetime": {"datetime": "2021-06-22 10:28:10", "elapsed": 0.188963, "delta": 0.188963}}
{"target": -10.137938093023703, "params": {"C": 12201.338362256696, "gamma": 0.041662094705838364}, "datetime": {"datetime": "2021-06-22 10:28:10", "elapsed": 0.389532, "delta": 0.200569}}
{"target": -10.101224571683106, "params": {"C": 12793.903170665064, "gamma": 0.04622009308677486}, "datetime": {"datetime": "2021-06-22 10:28:11", "elapsed": 0.579256, "delta": 0.189724}}
{"target": -10.066204989559509, "params": {"C": 15951.512113460049, "gamma": 0.04969870121206042}, "datetime": {"datetime": "2021-06-22 10:28:11", "elapsed": 0.759153, "delta": 0.179897}}
{"target": -10.063711893629135, "params": {"C": 16287.917716049422, "gamma": 0.05233395100714167}, "datetime": {"datetime": "2021-06-22 10:28:11", "elapsed": 0.958825, "delta": 0.199672}}
{"target": -10.075115279219709, "params": {"C": 13066.783745972762, "gamma": 0.05580611385503702}, "datetime": {"datetime": "2021-06-22 10:28:11", "elapsed": 1.15944, "delta": 0.200615}}
{"target": -10.11255987574627, "params": {"C": 10410.813897968892, "gamma": 0.052068415183211245}, "datetime": {"datetime": "2021-06-22 10:28:11", "elapsed": 1.344313, "delta": 0.184873}}
{"target": -10.063204036833504, "params": {"C": 16259.572035506904, "gamma": 0.05005641691202353}, "datetime": {"datetime": "2021-06-22 10:28:12", "elapsed": 1.544918, "delta": 0.200605}}
{"target": -10.125838259888653, "params": {"C": 12105.804078928506, "gamma": 0.04356582680352782}, "datetime": {"datetime": "2021-06-22 10:28:12", "elapsed": 1.72334, "delta": 0.178422}}
{"target": -10.262982865286206, "params": {"C": 22011.16853013305, "gamma": 0.05742870836294916}, "datetime": {"datetime": "2021-06-22 10:28:12", "elapsed": 1.918882, "delta": 0.195542}}
{"target": -10.069259829401037, "params": {"C": 14701.362672388643, "gamma": 0.05246180708204766}, "datetime": {"datetime": "2021-06-22 10:28:12", "elapsed": 2.117352, "delta": 0.19847}}
{"target": -10.272107470096254, "params": {"C": 23145.837284440575, "gamma": 0.056102919943069256}, "datetime": {"datetime": "2021-06-22 10:28:12", "elapsed": 2.293695, "delta": 0.176343}}
{"target": -10.168392635052378, "params": {"C": 11275.663170546668, "gamma": 0.04070298609819188}, "datetime": {"datetime": "2021-06-22 10:28:12", "elapsed": 2.488739, "delta": 0.195044}}
{"target": -10.077535445737789, "params": {"C": 12547.456293468535, "gamma": 0.05580656506172944}, "datetime": {"datetime": "2021-06-22 10:28:13", "elapsed": 2.673426, "delta": 0.184687}}
{"target": -10.112357110730294, "params": {"C": 11475.202507495751, "gamma": 0.047579937250090944}, "datetime": {"datetime": "2021-06-22 10:28:13", "elapsed": 2.863887, "delta": 0.190461}}
{"target": -10.166659595963171, "params": {"C": 24368.34295225753, "gamma": 0.04959697512951431}, "datetime": {"datetime": "2021-06-22 10:28:13", "elapsed": 3.048811, "delta": 0.184924}}
{"target": -10.085355076606604, "params": {"C": 20378.1567092571, "gamma": 0.045679281358109135}, "datetime": {"datetime": "2021-06-22 10:28:13", "elapsed": 3.249389, "delta": 0.200578}}
{"target": -10.161460468812436, "params": {"C": 20297.513915223753, "gamma": 0.05502326209415272}, "datetime": {"datetime": "2021-06-22 10:28:13", "elapsed": 3.42781, "delta": 0.178421}}
{"target": -10.112614010516479, "params": {"C": 10274.324160162878, "gamma": 0.053502597669009416}, "datetime": {"datetime": "2021-06-22 10:28:14", "elapsed": 3.62798, "delta": 0.20017}}
{"target": -10.110607379716384, "params": {"C": 18045.247571405373, "gamma": 0.041327393731847496}, "datetime": {"datetime": "2021-06-22 10:28:14", "elapsed": 3.997557, "delta": 0.369577}}
{"target": -10.287088605895175, "params": {"C": 24996.360428617918, "gamma": 0.05425181308058644}, "datetime": {"datetime": "2021-06-22 10:28:14", "elapsed": 4.329358, "delta": 0.331801}}
{"target": -10.083840804500653, "params": {"C": 21164.87382778908, "gamma": 0.04761892181141786}, "datetime": {"datetime": "2021-06-22 10:28:15", "elapsed": 4.693212, "delta": 0.363854}}
{"target": -10.090717701197667, "params": {"C": 17322.739739363402, "gamma": 0.054233362070983906}, "datetime": {"datetime": "2021-06-22 10:28:15", "elapsed": 5.130941, "delta": 0.437729}}
{"target": -10.072921292912724, "params": {"C": 13929.01583491828, "gamma": 0.05333531572770496}, "datetime": {"datetime": "2021-06-22 10:28:15", "elapsed": 5.5323, "delta": 0.401359}}
{"target": -10.071972566877566, "params": {"C": 18807.65413394809, "gamma": 0.04770767658716296}, "datetime": {"datetime": "2021-06-22 10:28:16", "elapsed": 5.904637, "delta": 0.372337}}
{"target": -10.065496808165827, "params": {"C": 15273.458026107804, "gamma": 0.05235484377163674}, "datetime": {"datetime": "2021-06-22 10:28:16", "elapsed": 6.318557, "delta": 0.41392}}
{"target": -10.116980225409181, "params": {"C": 20773.17323151917, "gamma": 0.04070203102993113}, "datetime": {"datetime": "2021-06-22 10:28:17", "elapsed": 6.698531, "delta": 0.379974}}
{"target": -10.11915504607099, "params": {"C": 23766.383121994266, "gamma": 0.04010274494214743}, "datetime": {"datetime": "2021-06-22 10:28:17", "elapsed": 7.121029, "delta": 0.422498}}
{"target": -10.076918720644716, "params": {"C": 16870.983145813007, "gamma": 0.045836941477888374}, "datetime": {"datetime": "2021-06-22 10:28:18", "elapsed": 7.557718, "delta": 0.436689}}
{"target": -10.095794742818205, "params": {"C": 18473.67944518609, "gamma": 0.05370040868121087}, "datetime": {"datetime": "2021-06-22 10:28:18", "elapsed": 7.994889, "delta": 0.437171}}
{"target": -10.09522891775691, "params": {"C": 13516.197862394709, "gamma": 0.04622369847887577}, "datetime": {"datetime": "2021-06-22 10:28:18", "elapsed": 8.458229, "delta": 0.46334}}
{"target": -10.090289352973585, "params": {"C": 21549.5925722362, "gamma": 0.044950821769264654}, "datetime": {"datetime": "2021-06-22 10:28:19", "elapsed": 8.952211, "delta": 0.493982}}
{"target": -10.085428862176233, "params": {"C": 14323.025847755101, "gamma": 0.04675696112949193}, "datetime": {"datetime": "2021-06-22 10:28:19", "elapsed": 9.440978, "delta": 0.488767}}
{"target": -10.081320967909395, "params": {"C": 15594.151254304115, "gamma": 0.04532343198212976}, "datetime": {"datetime": "2021-06-22 10:28:20", "elapsed": 9.895749, "delta": 0.454771}}
{"target": -10.09599521224188, "params": {"C": 17670.4990133047, "gamma": 0.043277644588315886}, "datetime": {"datetime": "2021-06-22 10:28:20", "elapsed": 10.408161, "delta": 0.512412}}
{"target": -10.097681142345404, "params": {"C": 19172.531988207826, "gamma": 0.04309010479258678}, "datetime": {"datetime": "2021-06-22 10:28:21", "elapsed": 11.000443, "delta": 0.592282}}
{"target": -10.074700334966467, "params": {"C": 14987.10327650325, "gamma": 0.04867046026205912}, "datetime": {"datetime": "2021-06-22 10:28:21", "elapsed": 11.48872, "delta": 0.488277}}
{"target": -10.10372205207935, "params": {"C": 16597.68654774905, "gamma": 0.05591167894479862}, "datetime": {"datetime": "2021-06-22 10:28:22", "elapsed": 11.990016, "delta": 0.501296}}
{"target": -10.104604184082309, "params": {"C": 24045.244661079465, "gamma": 0.04250792678437345}, "datetime": {"datetime": "2021-06-22 10:28:23", "elapsed": 12.626854, "delta": 0.636838}}
{"target": -10.078842743131728, "params": {"C": 16291.133555371194, "gamma": 0.04530616060675751}, "datetime": {"datetime": "2021-06-22 10:28:23", "elapsed": 12.914368, "delta": 0.287514}}
{"target": -10.087208146555986, "params": {"C": 11766.232022971693, "gamma": 0.05155438846375765}, "datetime": {"datetime": "2021-06-22 10:28:23", "elapsed": 13.420327, "delta": 0.505959}}
{"target": -10.219052565224468, "params": {"C": 20539.19494954521, "gamma": 0.057187963680963294}, "datetime": {"datetime": "2021-06-22 10:28:24", "elapsed": 13.971273, "delta": 0.550946}}
{"target": -10.083501628173677, "params": {"C": 19661.373620298975, "gamma": 0.05065537383607294}, "datetime": {"datetime": "2021-06-22 10:28:24", "elapsed": 14.381246, "delta": 0.409973}}
{"target": -10.206042341074948, "params": {"C": 22577.939056376927, "gamma": 0.05366033853205235}, "datetime": {"datetime": "2021-06-22 10:28:25", "elapsed": 14.761401, "delta": 0.380155}}
{"target": -10.113590974026886, "params": {"C": 10833.737180327444, "gamma": 0.04967752623881136}, "datetime": {"datetime": "2021-06-22 10:28:25", "elapsed": 15.164178, "delta": 0.402777}}
{"target": -10.092059496752888, "params": {"C": 19958.93841987633, "gamma": 0.044315651993972215}, "datetime": {"datetime": "2021-06-22 10:28:26", "elapsed": 15.589278, "delta": 0.4251}}
{"target": -10.097786204947731, "params": {"C": 23466.412906143487, "gamma": 0.04577111838462517}, "datetime": {"datetime": "2021-06-22 10:28:26", "elapsed": 16.051956, "delta": 0.462678}}
{"target": -10.200047976297617, "params": {"C": 24673.89518154072, "gamma": 0.05068340774467333}, "datetime": {"datetime": "2021-06-22 10:28:26", "elapsed": 16.470257, "delta": 0.418301}}
{"target": -10.182295206402907, "params": {"C": 22297.819435980782, "gamma": 0.05294166541585526}, "datetime": {"datetime": "2021-06-22 10:28:27", "elapsed": 16.860987, "delta": 0.39073}}
{"target": -10.091916070761137, "params": {"C": 22858.172208416305, "gamma": 0.04470935929209138}, "datetime": {"datetime": "2021-06-22 10:28:27", "elapsed": 17.24911, "delta": 0.388123}}
{"target": -10.207641768220222, "params": {"C": 19417.35612800942, "gamma": 0.058}, "datetime": {"datetime": "2021-06-22 10:28:28", "elapsed": 17.688211, "delta": 0.439101}}
{"target": -10.091526540663002, "params": {"C": 13290.974450776548, "gamma": 0.05781013366885339}, "datetime": {"datetime": "2021-06-22 10:28:28", "elapsed": 18.098095, "delta": 0.409884}}
{"target": -10.08811191795081, "params": {"C": 17095.54987829738, "gamma": 0.044226594356260904}, "datetime": {"datetime": "2021-06-22 10:28:29", "elapsed": 18.589929, "delta": 0.491834}}
{"target": -10.089194045642174, "params": {"C": 21773.062995900527, "gamma": 0.04515280537727585}, "datetime": {"datetime": "2021-06-22 10:28:29", "elapsed": 19.125655, "delta": 0.535726}}
{"target": -10.071265484756662, "params": {"C": 18260.157933308437, "gamma": 0.04769106631264452}, "datetime": {"datetime": "2021-06-22 10:28:29", "elapsed": 19.520821, "delta": 0.395166}}
{"target": -10.130400219835094, "params": {"C": 11050.478871866377, "gamma": 0.04628903935895295}, "datetime": {"datetime": "2021-06-22 10:28:30", "elapsed": 19.949127, "delta": 0.428306}}
{"target": -10.092280001805534, "params": {"C": 13724.08728156311, "gamma": 0.046469560635558856}, "datetime": {"datetime": "2021-06-22 10:28:30", "elapsed": 20.388596, "delta": 0.439469}}
{"target": -10.119944098060753, "params": {"C": 10626.350836901594, "gamma": 0.049455691217234234}, "datetime": {"datetime": "2021-06-22 10:28:31", "elapsed": 20.801613, "delta": 0.413017}}
{"target": -10.167804164530908, "params": {"C": 20969.920101864063, "gamma": 0.054238640819578916}, "datetime": {"datetime": "2021-06-22 10:28:31", "elapsed": 21.418626, "delta": 0.617013}}
{"target": -10.087459897017268, "params": {"C": 18984.725672118744, "gamma": 0.04487769593427581}, "datetime": {"datetime": "2021-06-22 10:28:32", "elapsed": 21.961689, "delta": 0.543063}}
{"target": -10.068156909438434, "params": {"C": 15778.271638665374, "gamma": 0.053109556320106346}, "datetime": {"datetime": "2021-06-22 10:28:33", "elapsed": 22.600352, "delta": 0.638663}}
{"target": -10.097179213243006, "params": {"C": 14132.445406529896, "gamma": 0.04474469688366724}, "datetime": {"datetime": "2021-06-22 10:28:33", "elapsed": 23.278391, "delta": 0.678039}}
{"target": -10.080750909915192, "params": {"C": 21340.91507925069, "gamma": 0.04668067554081516}, "datetime": {"datetime": "2021-06-22 10:28:34", "elapsed": 23.978631, "delta": 0.70024}}
{"target": -10.105786359614601, "params": {"C": 19813.384217924693, "gamma": 0.05273666281312473}, "datetime": {"datetime": "2021-06-22 10:28:35", "elapsed": 24.667384, "delta": 0.688753}}
{"target": -10.07076675657811, "params": {"C": 14522.203324146682, "gamma": 0.05227929247390127}, "datetime": {"datetime": "2021-06-22 10:28:35", "elapsed": 25.365831, "delta": 0.698447}}
{"target": -10.083765316588694, "params": {"C": 17505.824125380244, "gamma": 0.044769192080669186}, "datetime": {"datetime": "2021-06-22 10:28:36", "elapsed": 26.02669, "delta": 0.660859}}
{"target": -10.064014664824517, "params": {"C": 15419.302780923232, "gamma": 0.05260418410714756}, "datetime": {"datetime": "2021-06-22 10:28:37", "elapsed": 26.637049, "delta": 0.610359}}
{"target": -10.273800115632026, "params": {"C": 23602.249897603393, "gamma": 0.05551224168979749}, "datetime": {"datetime": "2021-06-22 10:28:37", "elapsed": 27.312835, "delta": 0.675786}}
{"target": -10.100989859386146, "params": {"C": 23905.512018719928, "gamma": 0.045602331117719615}, "datetime": {"datetime": "2021-06-22 10:28:38", "elapsed": 28.004991, "delta": 0.692156}}
{"target": -10.1815776977976, "params": {"C": 23343.72397609639, "gamma": 0.05150334320952801}, "datetime": {"datetime": "2021-06-22 10:28:39", "elapsed": 28.727631, "delta": 0.72264}}
{"target": -10.069023847320596, "params": {"C": 17857.89038981757, "gamma": 0.047960303057618565}, "datetime": {"datetime": "2021-06-22 10:28:39", "elapsed": 29.346011, "delta": 0.61838}}
{"target": -10.108223039765562, "params": {"C": 18648.10754859184, "gamma": 0.041768411476368957}, "datetime": {"datetime": "2021-06-22 10:28:40", "elapsed": 30.023365, "delta": 0.677354}}
{"target": -10.067784184366452, "params": {"C": 16730.68225826959, "gamma": 0.04767979077115589}, "datetime": {"datetime": "2021-06-22 10:28:41", "elapsed": 30.829712, "delta": 0.806347}}
{"target": -10.08460359972897, "params": {"C": 11916.687444513547, "gamma": 0.0530768553365778}, "datetime": {"datetime": "2021-06-22 10:28:41", "elapsed": 31.531093, "delta": 0.701381}}
{"target": -10.082668095871734, "params": {"C": 12404.293427905406, "gamma": 0.05271317391774871}, "datetime": {"datetime": "2021-06-22 10:28:42", "elapsed": 32.278087, "delta": 0.746994}}
{"target": -10.102079063667746, "params": {"C": 14846.163035053607, "gamma": 0.04281889580754385}, "datetime": {"datetime": "2021-06-22 10:28:43", "elapsed": 32.856041, "delta": 0.577954}}
{"target": -10.105092963361406, "params": {"C": 15128.680430122222, "gamma": 0.04191292861141567}, "datetime": {"datetime": "2021-06-22 10:28:44", "elapsed": 33.604587, "delta": 0.748546}}
{"target": -10.098339389655372, "params": {"C": 24203.45077056689, "gamma": 0.04362138199372575}, "datetime": {"datetime": "2021-06-22 10:28:44", "elapsed": 34.222264, "delta": 0.617677}}
