{"target": -19.321635576328916, "params": {"C": 1575.553289226801, "gamma": 0.107480801053792}, "datetime": {"datetime": "2021-06-28 16:20:29", "elapsed": 244.038963, "delta": 1.339998}}
{"target": -21.623743284910503, "params": {"C": 1031.0117127234075, "gamma": 0.15555474448896445}, "datetime": {"datetime": "2021-06-28 16:20:31", "elapsed": 245.725966, "delta": 1.687003}}
{"target": -18.49425990712512, "params": {"C": 1578.2412101326481, "gamma": 0.09144054512384002}, "datetime": {"datetime": "2021-06-28 16:20:32", "elapsed": 247.216965, "delta": 1.490999}}
{"target": -15.933980850746005, "params": {"C": 3974.4540908637905, "gamma": 0.030493291034068615}, "datetime": {"datetime": "2021-06-28 16:20:34", "elapsed": 248.559966, "delta": 1.343001}}
{"target": -25.599432818168307, "params": {"C": 6548.2323307903425, "gamma": 0.23120157164669575}, "datetime": {"datetime": "2021-06-28 16:20:35", "elapsed": 249.900962, "delta": 1.340996}}
{"target": -38.74545105796692, "params": {"C": 4270.448838981941, "gamma": 1.3797587805058138}, "datetime": {"datetime": "2021-06-28 16:20:36", "elapsed": 250.944968, "delta": 1.044006}}
{"target": -25.113886420359538, "params": {"C": 9303.024151237201, "gamma": 0.1935039802866627}, "datetime": {"datetime": "2021-06-28 16:20:37", "elapsed": 252.306964, "delta": 1.361996}}
{"target": -23.353453070959574, "params": {"C": 1031.4129046178787, "gamma": 0.20555127414485905}, "datetime": {"datetime": "2021-06-28 16:20:39", "elapsed": 254.181966, "delta": 1.875002}}
{"target": -17.401201864218596, "params": {"C": 1636.1841185348137, "gamma": 0.07033643098024106}, "datetime": {"datetime": "2021-06-28 16:20:41", "elapsed": 255.786965, "delta": 1.604999}}
{"target": -22.84952958855984, "params": {"C": 1632.6841507460977, "gamma": 0.19029811338825298}, "datetime": {"datetime": "2021-06-28 16:20:43", "elapsed": 257.584966, "delta": 1.798001}}
{"target": -26.955282859912998, "params": {"C": 9301.815139394996, "gamma": 0.2706926932469684}, "datetime": {"datetime": "2021-06-28 16:20:44", "elapsed": 259.131966, "delta": 1.547}}
{"target": -47.331040996500526, "params": {"C": 4112.547185824572, "gamma": 5.641336285387875}, "datetime": {"datetime": "2021-06-28 16:20:45", "elapsed": 260.25596, "delta": 1.123994}}
{"target": -16.16457807303223, "params": {"C": 1638.2779999615493, "gamma": 0.025624810931425088}, "datetime": {"datetime": "2021-06-28 16:20:47", "elapsed": 261.603969, "delta": 1.348009}}
{"target": -19.233928806139534, "params": {"C": 5164.63955800606, "gamma": 0.09451704473624893}, "datetime": {"datetime": "2021-06-28 16:20:48", "elapsed": 263.348962, "delta": 1.744993}}
{"target": -26.824426315024695, "params": {"C": 3975.267833237904, "gamma": 0.3170143183398863}, "datetime": {"datetime": "2021-06-28 16:20:50", "elapsed": 264.887964, "delta": 1.539002}}
{"target": -27.49670711366874, "params": {"C": 1637.4594602675518, "gamma": 0.38861642292153264}, "datetime": {"datetime": "2021-06-28 16:20:51", "elapsed": 266.400968, "delta": 1.513004}}
{"target": -45.48664118955614, "params": {"C": 1134.4999065949266, "gamma": 6.893222134693028}, "datetime": {"datetime": "2021-06-28 16:20:53", "elapsed": 267.737963, "delta": 1.336995}}
{"target": -39.81991723657317, "params": {"C": 6741.888180080318, "gamma": 1.4942207492091888}, "datetime": {"datetime": "2021-06-28 16:20:54", "elapsed": 269.15162, "delta": 1.413657}}
{"target": -42.844305945541, "params": {"C": 4603.47493253558, "gamma": 2.2253782646526705}, "datetime": {"datetime": "2021-06-28 16:20:55", "elapsed": 270.404482, "delta": 1.252862}}
{"target": -26.242858562708882, "params": {"C": 9305.121309823744, "gamma": 0.2364001288263948}, "datetime": {"datetime": "2021-06-28 16:20:58", "elapsed": 272.522141, "delta": 2.117659}}
{"target": -29.350596849401363, "params": {"C": 1036.5213719262088, "gamma": 0.5114839983784455}, "datetime": {"datetime": "2021-06-28 16:20:59", "elapsed": 273.867611, "delta": 1.34547}}
{"target": -48.027484567970525, "params": {"C": 3037.0716164594505, "gamma": 9.078200153130693}, "datetime": {"datetime": "2021-06-28 16:21:00", "elapsed": 275.019764, "delta": 1.152153}}
{"target": -17.401683564952712, "params": {"C": 1575.3720689834042, "gamma": 0.07000439695161222}, "datetime": {"datetime": "2021-06-28 16:21:01", "elapsed": 276.409366, "delta": 1.389602}}
{"target": -47.63321679480919, "params": {"C": 3936.9229306407487, "gamma": 6.367870641769603}, "datetime": {"datetime": "2021-06-28 16:21:03", "elapsed": 277.568875, "delta": 1.159509}}
{"target": -17.97197141755088, "params": {"C": 1580.7318930697704, "gamma": 0.08138171762830596}, "datetime": {"datetime": "2021-06-28 16:21:04", "elapsed": 279.014144, "delta": 1.445269}}
{"target": -16.187736799494143, "params": {"C": 6547.446284760007, "gamma": 0.03395419688591701}, "datetime": {"datetime": "2021-06-28 16:21:06", "elapsed": 280.804265, "delta": 1.790121}}
{"target": -28.197749545181676, "params": {"C": 9299.133582683127, "gamma": 0.3440985270503343}, "datetime": {"datetime": "2021-06-28 16:21:07", "elapsed": 282.300878, "delta": 1.496613}}
{"target": -16.09340069204164, "params": {"C": 6548.31239112791, "gamma": 0.026922375738566498}, "datetime": {"datetime": "2021-06-28 16:21:09", "elapsed": 283.891156, "delta": 1.590278}}
{"target": -17.39791638101118, "params": {"C": 6546.266472444708, "gamma": 0.06291356406875162}, "datetime": {"datetime": "2021-06-28 16:21:10", "elapsed": 285.277202, "delta": 1.386046}}
{"target": -49.09386481910673, "params": {"C": 6668.559314755114, "gamma": 8.594970792509645}, "datetime": {"datetime": "2021-06-28 16:21:11", "elapsed": 286.387198, "delta": 1.109996}}
{"target": -48.33855551689659, "params": {"C": 4979.28255145728, "gamma": 7.304530049807753}, "datetime": {"datetime": "2021-06-28 16:21:13", "elapsed": 287.542689, "delta": 1.155491}}
{"target": -28.62518781731022, "params": {"C": 9302.362157804551, "gamma": 0.3727126282359847}, "datetime": {"datetime": "2021-06-28 16:21:14", "elapsed": 289.113896, "delta": 1.571207}}
{"target": -48.57946264860553, "params": {"C": 4490.154724670141, "gamma": 8.654117411050935}, "datetime": {"datetime": "2021-06-28 16:21:15", "elapsed": 290.347893, "delta": 1.233997}}
{"target": -46.73442541642999, "params": {"C": 2230.933830793238, "gamma": 6.516760270424571}, "datetime": {"datetime": "2021-06-28 16:21:17", "elapsed": 291.597753, "delta": 1.24986}}
{"target": -24.061387824405248, "params": {"C": 1029.6324866573345, "gamma": 0.22992266847657777}, "datetime": {"datetime": "2021-06-28 16:21:19", "elapsed": 293.968364, "delta": 2.370611}}
{"target": -26.624626573089007, "params": {"C": 1639.18392223757, "gamma": 0.3404901106853383}, "datetime": {"datetime": "2021-06-28 16:21:21", "elapsed": 296.132366, "delta": 2.164002}}
{"target": -27.860077988646687, "params": {"C": 3974.5762865148413, "gamma": 0.37586419941703747}, "datetime": {"datetime": "2021-06-28 16:21:23", "elapsed": 297.956121, "delta": 1.823755}}
{"target": -33.12424938043218, "params": {"C": 6775.301943516746, "gamma": 0.740885580704685}, "datetime": {"datetime": "2021-06-28 16:21:24", "elapsed": 299.299287, "delta": 1.343166}}
{"target": -21.456081942182585, "params": {"C": 1035.2912616494068, "gamma": 0.15135845991116656}, "datetime": {"datetime": "2021-06-28 16:21:27", "elapsed": 301.713106, "delta": 2.413819}}
{"target": -48.369660596221955, "params": {"C": 4101.277523016418, "gamma": 8.361033322153476}, "datetime": {"datetime": "2021-06-28 16:21:28", "elapsed": 303.088562, "delta": 1.375456}}
{"target": -25.954542744421243, "params": {"C": 9300.439818776256, "gamma": 0.22421395205439865}, "datetime": {"datetime": "2021-06-28 16:21:30", "elapsed": 305.263093, "delta": 2.174531}}
{"target": -18.48069754498554, "params": {"C": 1038.974381640865, "gamma": 0.08615841169463034}, "datetime": {"datetime": "2021-06-28 16:21:32", "elapsed": 306.796224, "delta": 1.533131}}
{"target": -43.66933719598333, "params": {"C": 2035.4857135883456, "gamma": 2.992573723374836}, "datetime": {"datetime": "2021-06-28 16:21:35", "elapsed": 309.624961, "delta": 2.828737}}
{"target": -25.34835218406282, "params": {"C": 1038.7316617369715, "gamma": 0.2815910724194238}, "datetime": {"datetime": "2021-06-28 16:21:37", "elapsed": 312.118934, "delta": 2.493973}}
{"target": -17.142247223008255, "params": {"C": 6546.017001142581, "gamma": 0.058562671351019016}, "datetime": {"datetime": "2021-06-28 16:21:39", "elapsed": 314.388941, "delta": 2.270007}}
{"target": -45.68407272948662, "params": {"C": 9839.8954870653, "gamma": 3.1252043882653457}, "datetime": {"datetime": "2021-06-28 16:21:41", "elapsed": 315.690574, "delta": 1.301633}}
{"target": -21.12715612629225, "params": {"C": 1107.1859512089993, "gamma": 0.14411262062484573}, "datetime": {"datetime": "2021-06-28 16:21:42", "elapsed": 316.998921, "delta": 1.308347}}
{"target": -22.195552588371967, "params": {"C": 6548.52072506078, "gamma": 0.13762823052102754}, "datetime": {"datetime": "2021-06-28 16:21:44", "elapsed": 318.805315, "delta": 1.806394}}
{"target": -17.282432333002497, "params": {"C": 1029.5380540859028, "gamma": 0.060113833346249416}, "datetime": {"datetime": "2021-06-28 16:21:46", "elapsed": 320.807077, "delta": 2.001762}}
{"target": -35.01199884160482, "params": {"C": 9303.164305966586, "gamma": 0.8948148594712583}, "datetime": {"datetime": "2021-06-28 16:21:48", "elapsed": 322.94892, "delta": 2.141843}}
{"target": -16.73849713887631, "params": {"C": 1632.9731797945346, "gamma": 0.055679848826188524}, "datetime": {"datetime": "2021-06-28 16:21:50", "elapsed": 324.812388, "delta": 1.863468}}
{"target": -16.477330279620915, "params": {"C": 1107.550926193788, "gamma": 0.028485756337422105}, "datetime": {"datetime": "2021-06-28 16:21:52", "elapsed": 326.985411, "delta": 2.173023}}
{"target": -22.782098267490163, "params": {"C": 1034.3397623209157, "gamma": 0.18769796511886486}, "datetime": {"datetime": "2021-06-28 16:21:54", "elapsed": 329.166711, "delta": 2.1813}}
{"target": -16.783118042396485, "params": {"C": 1030.8616851223028, "gamma": 0.018764385753773358}, "datetime": {"datetime": "2021-06-28 16:21:56", "elapsed": 331.430341, "delta": 2.26363}}
{"target": -25.026868622413247, "params": {"C": 9305.807192198286, "gamma": 0.19069007948901623}, "datetime": {"datetime": "2021-06-28 16:21:59", "elapsed": 333.547867, "delta": 2.117526}}
{"target": -47.97487255178426, "params": {"C": 3908.076115705684, "gamma": 7.272824561945292}, "datetime": {"datetime": "2021-06-28 16:22:00", "elapsed": 334.92587, "delta": 1.378003}}
{"target": -27.80789080597359, "params": {"C": 9300.131260936523, "gamma": 0.319347616080032}, "datetime": {"datetime": "2021-06-28 16:22:02", "elapsed": 336.868868, "delta": 1.942998}}
{"target": -19.086581439141533, "params": {"C": 1029.4877076265004, "gamma": 0.09836094540054263}, "datetime": {"datetime": "2021-06-28 16:22:04", "elapsed": 338.836867, "delta": 1.967999}}
{"target": -17.28482221587766, "params": {"C": 9305.013080522318, "gamma": 0.05628129060101924}, "datetime": {"datetime": "2021-06-28 16:22:06", "elapsed": 340.705867, "delta": 1.869}}
{"target": -28.28782969159855, "params": {"C": 1579.2905147798892, "gamma": 0.43737954639629817}, "datetime": {"datetime": "2021-06-28 16:22:07", "elapsed": 342.441868, "delta": 1.736001}}
{"target": -26.53891995240488, "params": {"C": 1578.0499095184687, "gamma": 0.33670731361413087}, "datetime": {"datetime": "2021-06-28 16:22:09", "elapsed": 344.103868, "delta": 1.662}}
{"target": -16.15804821173432, "params": {"C": 1575.1991258320784, "gamma": 0.03105613801182292}, "datetime": {"datetime": "2021-06-28 16:22:11", "elapsed": 346.450869, "delta": 2.347001}}
{"target": -23.72503545487527, "params": {"C": 1578.778050000452, "gamma": 0.21802425291532265}, "datetime": {"datetime": "2021-06-28 16:22:14", "elapsed": 348.531876, "delta": 2.081007}}
{"target": -48.78545970515182, "params": {"C": 4426.097408540487, "gamma": 9.754077898355051}, "datetime": {"datetime": "2021-06-28 16:22:15", "elapsed": 349.979931, "delta": 1.448055}}
{"target": -16.065935375192797, "params": {"C": 6547.546306461167, "gamma": 0.0198251419478337}, "datetime": {"datetime": "2021-06-28 16:22:17", "elapsed": 351.984927, "delta": 2.004996}}
{"target": -20.83882938111276, "params": {"C": 1635.9328256181166, "gamma": 0.13915643275073392}, "datetime": {"datetime": "2021-06-28 16:22:19", "elapsed": 354.194928, "delta": 2.210001}}
{"target": -22.24062316241452, "params": {"C": 1638.2636305604358, "gamma": 0.17328524802149098}, "datetime": {"datetime": "2021-06-28 16:22:21", "elapsed": 356.347928, "delta": 2.153}}
{"target": -42.7490405244293, "params": {"C": 1769.543916458957, "gamma": 2.620460352656989}, "datetime": {"datetime": "2021-06-28 16:22:23", "elapsed": 357.756925, "delta": 1.408997}}
{"target": -17.973480790111626, "params": {"C": 1037.313215249938, "gamma": 0.07565464261983454}, "datetime": {"datetime": "2021-06-28 16:22:25", "elapsed": 359.829538, "delta": 2.072613}}
{"target": -17.38269592203532, "params": {"C": 1576.1315684968365, "gamma": 0.06961776521574728}, "datetime": {"datetime": "2021-06-28 16:22:27", "elapsed": 362.449726, "delta": 2.620188}}
{"target": -24.087758073127656, "params": {"C": 9299.67627845057, "gamma": 0.16426316000015684}, "datetime": {"datetime": "2021-06-28 16:22:30", "elapsed": 364.942196, "delta": 2.49247}}
{"target": -25.579849585673664, "params": {"C": 5167.245276344261, "gamma": 0.24399694688464107}, "datetime": {"datetime": "2021-06-28 16:22:32", "elapsed": 367.01203, "delta": 2.069834}}
{"target": -28.49786729679602, "params": {"C": 5167.869496849327, "gamma": 0.4011955319765598}, "datetime": {"datetime": "2021-06-28 16:22:34", "elapsed": 368.987278, "delta": 1.975248}}
{"target": -33.701454375795464, "params": {"C": 5167.161916690075, "gamma": 0.8055877620311142}, "datetime": {"datetime": "2021-06-28 16:22:36", "elapsed": 371.092106, "delta": 2.104828}}
{"target": -19.70196977801379, "params": {"C": 1635.6093640786492, "gamma": 0.11514046819815675}, "datetime": {"datetime": "2021-06-28 16:22:38", "elapsed": 373.20708, "delta": 2.114974}}
{"target": -16.76480038528981, "params": {"C": 1038.7198210525394, "gamma": 0.04576408780281363}, "datetime": {"datetime": "2021-06-28 16:22:40", "elapsed": 374.968023, "delta": 1.760943}}
{"target": -20.726528565202734, "params": {"C": 1035.6606806853329, "gamma": 0.13381635876196396}, "datetime": {"datetime": "2021-06-28 16:22:43", "elapsed": 378.281738, "delta": 3.313715}}
{"target": -47.784784579227434, "params": {"C": 7844.710910098343, "gamma": 5.146370522768886}, "datetime": {"datetime": "2021-06-28 16:22:45", "elapsed": 379.741301, "delta": 1.459563}}
{"target": -24.187905579614533, "params": {"C": 9302.1583941776, "gamma": 0.1667810503075785}, "datetime": {"datetime": "2021-06-28 16:22:47", "elapsed": 381.952628, "delta": 2.211327}}
{"target": -24.88986167931051, "params": {"C": 1574.6889678576033, "gamma": 0.2610221463520407}, "datetime": {"datetime": "2021-06-28 16:22:50", "elapsed": 385.005217, "delta": 3.052589}}
{"target": -43.999106006044244, "params": {"C": 8446.885806961986, "gamma": 2.4340116294858745}, "datetime": {"datetime": "2021-06-28 16:22:52", "elapsed": 386.657382, "delta": 1.652165}}
{"target": -16.90852261591341, "params": {"C": 9299.282801246105, "gamma": 0.04943148952246945}, "datetime": {"datetime": "2021-06-28 16:22:54", "elapsed": 389.25292, "delta": 2.595538}}
{"target": -26.70304361401313, "params": {"C": 1107.9697032775225, "gamma": 0.34764371794860716}, "datetime": {"datetime": "2021-06-28 16:22:56", "elapsed": 391.470691, "delta": 2.217771}}
{"target": -28.08071312204531, "params": {"C": 1633.0618539225281, "gamma": 0.42377023483114035}, "datetime": {"datetime": "2021-06-28 16:22:59", "elapsed": 394.122705, "delta": 2.652014}}
{"target": -43.14804669712566, "params": {"C": 719.3137813909957, "gamma": 3.986854306239767}, "datetime": {"datetime": "2021-06-28 16:23:01", "elapsed": 396.12323, "delta": 2.000525}}
{"target": -24.490465358883775, "params": {"C": 1633.5111477601652, "gamma": 0.2448957460206837}, "datetime": {"datetime": "2021-06-28 16:23:04", "elapsed": 398.595578, "delta": 2.472348}}
{"target": -43.62794886612521, "params": {"C": 9913.534293157423, "gamma": 2.275966988140227}, "datetime": {"datetime": "2021-06-28 16:23:06", "elapsed": 400.494299, "delta": 1.898721}}
{"target": -29.043126245385082, "params": {"C": 5163.815219688264, "gamma": 0.43794553692534666}, "datetime": {"datetime": "2021-06-28 16:23:07", "elapsed": 402.265194, "delta": 1.770895}}
{"target": -16.737695285400406, "params": {"C": 1033.7129368268807, "gamma": 0.044567461684640645}, "datetime": {"datetime": "2021-06-28 16:23:09", "elapsed": 404.101738, "delta": 1.836544}}
{"target": -42.662884205457566, "params": {"C": 267.42848437473424, "gamma": 7.739746436028874}, "datetime": {"datetime": "2021-06-28 16:23:11", "elapsed": 405.607081, "delta": 1.505343}}
{"target": -17.14728392185846, "params": {"C": 1575.3214700309434, "gamma": 0.06464486414260337}, "datetime": {"datetime": "2021-06-28 16:23:13", "elapsed": 407.968722, "delta": 2.361641}}
{"target": -19.338964660163917, "params": {"C": 1038.6028826511313, "gamma": 0.10370887300950543}, "datetime": {"datetime": "2021-06-28 16:23:15", "elapsed": 410.13473, "delta": 2.166008}}
{"target": -16.455199825401902, "params": {"C": 2842.9814173995237, "gamma": 0.05160973480326474}, "datetime": {"datetime": "2021-06-28 16:47:03", "elapsed": 0.0, "delta": 0.0}}
{"target": -16.389799149027493, "params": {"C": 1300.4231868241761, "gamma": 0.03906997717895519}, "datetime": {"datetime": "2021-06-28 16:47:03", "elapsed": 0.248006, "delta": 0.248006}}
{"target": -16.067467944429104, "params": {"C": 1842.9967960233182, "gamma": 0.03277015784306393}, "datetime": {"datetime": "2021-06-28 16:47:03", "elapsed": 0.513002, "delta": 0.264996}}
{"target": -16.148744680556902, "params": {"C": 1989.1627820973822, "gamma": 0.040366821811291434}, "datetime": {"datetime": "2021-06-28 16:47:03", "elapsed": 0.733313, "delta": 0.220311}}
{"target": -16.251568682363594, "params": {"C": 2768.0396546534785, "gamma": 0.04616450202010071}, "datetime": {"datetime": "2021-06-28 16:47:04", "elapsed": 1.01931, "delta": 0.285997}}
{"target": -15.997954987209734, "params": {"C": 5000.0, "gamma": 0.03}, "datetime": {"datetime": "2021-06-28 16:47:04", "elapsed": 1.513929, "delta": 0.494619}}
{"target": -16.94837515804191, "params": {"C": 4189.213253477774, "gamma": 0.06}, "datetime": {"datetime": "2021-06-28 16:47:05", "elapsed": 1.984927, "delta": 0.470998}}
{"target": -16.141991567287985, "params": {"C": 4998.0519412707945, "gamma": 0.0378983756018736}, "datetime": {"datetime": "2021-06-28 16:47:05", "elapsed": 2.260828, "delta": 0.275901}}
{"target": -16.226409848409578, "params": {"C": 1882.7336878720066, "gamma": 0.04261150682586653}, "datetime": {"datetime": "2021-06-28 16:47:05", "elapsed": 2.56726, "delta": 0.306432}}
{"target": -16.87144229286231, "params": {"C": 1802.074298146713, "gamma": 0.05985199721498301}, "datetime": {"datetime": "2021-06-28 16:47:05", "elapsed": 2.907578, "delta": 0.340318}}
{"target": -16.02883204841274, "params": {"C": 1947.3623545535322, "gamma": 0.03}, "datetime": {"datetime": "2021-06-28 16:47:06", "elapsed": 3.323508, "delta": 0.41593}}
{"target": -16.045051108499774, "params": {"C": 2034.235502774432, "gamma": 0.03515364418365146}, "datetime": {"datetime": "2021-06-28 16:47:06", "elapsed": 3.76351, "delta": 0.440002}}
{"target": -16.829161324997635, "params": {"C": 2074.5870660811397, "gamma": 0.05981500716101107}, "datetime": {"datetime": "2021-06-28 16:47:07", "elapsed": 4.101509, "delta": 0.337999}}
{"target": -16.148999588672552, "params": {"C": 2716.8192595349396, "gamma": 0.042901389922804296}, "datetime": {"datetime": "2021-06-28 16:47:07", "elapsed": 4.441513, "delta": 0.340004}}
{"target": -16.215261391462807, "params": {"C": 2672.901281012706, "gamma": 0.045042875454767525}, "datetime": {"datetime": "2021-06-28 16:47:07", "elapsed": 4.868358, "delta": 0.426845}}
{"target": -16.582775851686264, "params": {"C": 2621.1997952184456, "gamma": 0.05474366745266418}, "datetime": {"datetime": "2021-06-28 16:47:08", "elapsed": 5.156356, "delta": 0.287998}}
{"target": -15.915040281240165, "params": {"C": 3615.7794633642256, "gamma": 0.030158325828209095}, "datetime": {"datetime": "2021-06-28 16:47:08", "elapsed": 5.699358, "delta": 0.543002}}
{"target": -16.04092086859864, "params": {"C": 3580.6967630659724, "gamma": 0.038006277472246455}, "datetime": {"datetime": "2021-06-28 16:47:09", "elapsed": 6.132354, "delta": 0.432996}}
{"target": -16.768264483592215, "params": {"C": 3656.079842583532, "gamma": 0.0575033879728783}, "datetime": {"datetime": "2021-06-28 16:47:09", "elapsed": 6.647367, "delta": 0.515013}}
{"target": -16.780337071761863, "params": {"C": 3535.7220105916354, "gamma": 0.05798082360964604}, "datetime": {"datetime": "2021-06-28 16:47:10", "elapsed": 7.031085, "delta": 0.383718}}
{"target": -16.14450108484078, "params": {"C": 4594.041812874879, "gamma": 0.03930348873525839}, "datetime": {"datetime": "2021-06-28 16:47:10", "elapsed": 7.37997, "delta": 0.348885}}
{"target": -16.685970568396915, "params": {"C": 4641.151311207686, "gamma": 0.053709135211256226}, "datetime": {"datetime": "2021-06-28 16:47:10", "elapsed": 7.790968, "delta": 0.410998}}
{"target": -16.07435537249884, "params": {"C": 4548.509763423531, "gamma": 0.036597258462914235}, "datetime": {"datetime": "2021-06-28 16:47:11", "elapsed": 8.235748, "delta": 0.44478}}
{"target": -16.49924358690041, "params": {"C": 4473.32073168697, "gamma": 0.04986365510249938}, "datetime": {"datetime": "2021-06-28 16:47:11", "elapsed": 8.824316, "delta": 0.588568}}
{"target": -16.242622560173555, "params": {"C": 3177.249524551883, "gamma": 0.04563070852385369}, "datetime": {"datetime": "2021-06-28 16:47:12", "elapsed": 9.289321, "delta": 0.465005}}
