{"target": -10.457839805538535, "params": {"C": 31917.468683261883, "gamma": 0.05456682644191211}, "datetime": {"datetime": "2021-06-22 10:07:11", "elapsed": 641.711226, "delta": 3.399807}}
{"target": -10.21923954138539, "params": {"C": 31842.85087464496, "gamma": 0.044409981009311844}, "datetime": {"datetime": "2021-06-22 10:07:15", "elapsed": 644.958072, "delta": 3.246846}}
{"target": -10.104896109745143, "params": {"C": 22266.410179562547, "gamma": 0.04876066490093896}, "datetime": {"datetime": "2021-06-22 10:07:17", "elapsed": 647.781133, "delta": 2.823061}}
{"target": -10.491277199152321, "params": {"C": 22295.762849451134, "gamma": 0.023543350693038565}, "datetime": {"datetime": "2021-06-22 10:07:20", "elapsed": 650.615626, "delta": 2.834493}}
{"target": -10.696863079067413, "params": {"C": 22238.031000023322, "gamma": 0.018561436847219902}, "datetime": {"datetime": "2021-06-22 10:07:23", "elapsed": 653.697615, "delta": 3.081989}}
{"target": -10.797158225078766, "params": {"C": 48192.028635483, "gamma": 0.05518917663767684}, "datetime": {"datetime": "2021-06-22 10:07:26", "elapsed": 656.434405, "delta": 2.73679}}
{"target": -10.128441114859736, "params": {"C": 26612.47402024864, "gamma": 0.03925260217293734}, "datetime": {"datetime": "2021-06-22 10:07:29", "elapsed": 659.333908, "delta": 2.899503}}
{"target": -10.113018242286998, "params": {"C": 26640.851476309374, "gamma": 0.04337128217634421}, "datetime": {"datetime": "2021-06-22 10:07:33", "elapsed": 663.292936, "delta": 3.959028}}
{"target": -10.657288282145764, "params": {"C": 26669.17713372747, "gamma": 0.019662432460448114}, "datetime": {"datetime": "2021-06-22 10:07:37", "elapsed": 667.10736, "delta": 3.814424}}
{"target": -10.220637965443682, "params": {"C": 26582.543436206866, "gamma": 0.0337223821887582}, "datetime": {"datetime": "2021-06-22 10:07:39", "elapsed": 669.848053, "delta": 2.740693}}
{"target": -10.336066383136028, "params": {"C": 26549.239803430384, "gamma": 0.02978129823649979}, "datetime": {"datetime": "2021-06-22 10:07:43", "elapsed": 673.367409, "delta": 3.519356}}
{"target": -10.388653783250898, "params": {"C": 26516.507666098325, "gamma": 0.05740421575555333}, "datetime": {"datetime": "2021-06-22 10:07:46", "elapsed": 676.239288, "delta": 2.871879}}
{"target": -10.423417155808249, "params": {"C": 24354.903548249527, "gamma": 0.02611818158764105}, "datetime": {"datetime": "2021-06-22 10:07:51", "elapsed": 681.064223, "delta": 4.824935}}
{"target": -10.273973640871489, "params": {"C": 24397.5423581505, "gamma": 0.030703887059947324}, "datetime": {"datetime": "2021-06-22 10:07:54", "elapsed": 684.581704, "delta": 3.517481}}
{"target": -10.209857974301896, "params": {"C": 24431.38037122001, "gamma": 0.033585985244570786}, "datetime": {"datetime": "2021-06-22 10:07:57", "elapsed": 687.487501, "delta": 2.905797}}
{"target": -10.607327299503739, "params": {"C": 24464.349599422618, "gamma": 0.020856681676402963}, "datetime": {"datetime": "2021-06-22 10:08:00", "elapsed": 690.637847, "delta": 3.150346}}
{"target": -10.098645937503695, "params": {"C": 24315.276424660602, "gamma": 0.04366842648741822}, "datetime": {"datetime": "2021-06-22 10:08:04", "elapsed": 693.956884, "delta": 3.319037}}
{"target": -10.115754148609446, "params": {"C": 24285.09073497919, "gamma": 0.04703232123775975}, "datetime": {"datetime": "2021-06-22 10:08:08", "elapsed": 697.972663, "delta": 4.015779}}
{"target": -10.907674215640926, "params": {"C": 24256.022235376287, "gamma": 0.011689027290007337}, "datetime": {"datetime": "2021-06-22 10:08:11", "elapsed": 701.705547, "delta": 3.732884}}
{"target": -10.7754149709511, "params": {"C": 37312.61490789997, "gamma": 0.01699542608436249}, "datetime": {"datetime": "2021-06-22 10:08:15", "elapsed": 705.315765, "delta": 3.610218}}
{"target": -10.448553278546106, "params": {"C": 42104.27195135965, "gamma": 0.04601110860630453}, "datetime": {"datetime": "2021-06-22 10:08:20", "elapsed": 710.327802, "delta": 5.012037}}
{"target": -10.739871129807339, "params": {"C": 42058.034205558855, "gamma": 0.022638619767834087}, "datetime": {"datetime": "2021-06-22 10:08:25", "elapsed": 715.060597, "delta": 4.732795}}
{"target": -10.801416722539576, "params": {"C": 42149.546713851145, "gamma": 0.01790777046995467}, "datetime": {"datetime": "2021-06-22 10:08:29", "elapsed": 719.179983, "delta": 4.119386}}
{"target": -10.746253510583607, "params": {"C": 44883.905302487874, "gamma": 0.055683763896165195}, "datetime": {"datetime": "2021-06-22 10:08:32", "elapsed": 722.514582, "delta": 3.334599}}
{"target": -11.020299153116033, "params": {"C": 58702.205208333806, "gamma": 0.010085757454107194}, "datetime": {"datetime": "2021-06-22 10:08:37", "elapsed": 727.003225, "delta": 4.488643}}
{"target": -10.355924700090418, "params": {"C": 40240.78531455144, "gamma": 0.043753060133524944}, "datetime": {"datetime": "2021-06-22 10:08:39", "elapsed": 729.839514, "delta": 2.836289}}
{"target": -10.299003372652116, "params": {"C": 40203.48972278864, "gamma": 0.03688789210598999}, "datetime": {"datetime": "2021-06-22 10:08:45", "elapsed": 735.595636, "delta": 5.756122}}
{"target": -10.891227006751288, "params": {"C": 40163.53296419533, "gamma": 0.0135581229522692}, "datetime": {"datetime": "2021-06-22 10:08:48", "elapsed": 738.547405, "delta": 2.951769}}
{"target": -10.305469331812876, "params": {"C": 40279.55406363676, "gamma": 0.039819594401549474}, "datetime": {"datetime": "2021-06-22 10:08:51", "elapsed": 741.817767, "delta": 3.270362}}
{"target": -10.488161893549993, "params": {"C": 40314.220365033034, "gamma": 0.04867916948917766}, "datetime": {"datetime": "2021-06-22 10:08:54", "elapsed": 744.817828, "delta": 3.000061}}
{"target": -10.803090009930543, "params": {"C": 42819.91277205028, "gamma": 0.019776213122867314}, "datetime": {"datetime": "2021-06-22 10:08:58", "elapsed": 747.994602, "delta": 3.176774}}
{"target": -10.5267908739235, "params": {"C": 30950.67154474859, "gamma": 0.0588731712326533}, "datetime": {"datetime": "2021-06-22 10:09:01", "elapsed": 751.730349, "delta": 3.735747}}
{"target": -10.704320797654747, "params": {"C": 54413.648767743325, "gamma": 0.027844705532365455}, "datetime": {"datetime": "2021-06-22 10:09:05", "elapsed": 755.266627, "delta": 3.536278}}
{"target": -10.807551618197229, "params": {"C": 42523.90535134247, "gamma": 0.018234654748957767}, "datetime": {"datetime": "2021-06-22 10:09:09", "elapsed": 759.420398, "delta": 4.153771}}
{"target": -10.699267525452488, "params": {"C": 38718.72022194612, "gamma": 0.02265024827435733}, "datetime": {"datetime": "2021-06-22 10:09:13", "elapsed": 763.449082, "delta": 4.028684}}
{"target": -10.664263336318998, "params": {"C": 41282.368749692156, "gamma": 0.05529355918877517}, "datetime": {"datetime": "2021-06-22 10:09:16", "elapsed": 766.513445, "delta": 3.064363}}
{"target": -10.531579417310159, "params": {"C": 49416.37779018483, "gamma": 0.032113324158843305}, "datetime": {"datetime": "2021-06-22 10:09:21", "elapsed": 771.287116, "delta": 4.773671}}
{"target": -10.579723209254114, "params": {"C": 54147.50226369927, "gamma": 0.03537949078515205}, "datetime": {"datetime": "2021-06-22 10:09:27", "elapsed": 776.86755, "delta": 5.580434}}
{"target": -10.527895994857927, "params": {"C": 29201.967482598848, "gamma": 0.024758532000227006}, "datetime": {"datetime": "2021-06-22 10:09:31", "elapsed": 781.287062, "delta": 4.419512}}
{"target": -10.854667950639556, "params": {"C": 50407.794864482676, "gamma": 0.021581731302760927}, "datetime": {"datetime": "2021-06-22 10:09:35", "elapsed": 785.663906, "delta": 4.376844}}
{"target": -10.886624713974054, "params": {"C": 50581.78202248605, "gamma": 0.05673009746493854}, "datetime": {"datetime": "2021-06-22 10:09:40", "elapsed": 790.366948, "delta": 4.703042}}
{"target": -10.556604209207043, "params": {"C": 43376.04150269108, "gamma": 0.029336382647814067}, "datetime": {"datetime": "2021-06-22 10:09:44", "elapsed": 794.830446, "delta": 4.463498}}
{"target": -10.134606691488528, "params": {"C": 22568.780651588884, "gamma": 0.03846344119977676}, "datetime": {"datetime": "2021-06-22 10:09:47", "elapsed": 797.73811, "delta": 2.907664}}
{"target": -10.20907678887995, "params": {"C": 22599.78678582634, "gamma": 0.03290905842555975}, "datetime": {"datetime": "2021-06-22 10:09:51", "elapsed": 801.446754, "delta": 3.708644}}
{"target": -10.182522898745198, "params": {"C": 22538.204275349926, "gamma": 0.05261621478569915}, "datetime": {"datetime": "2021-06-22 10:09:54", "elapsed": 804.76517, "delta": 3.318416}}
{"target": -10.978783072304331, "params": {"C": 22506.448287856936, "gamma": 0.010343927935892535}, "datetime": {"datetime": "2021-06-22 10:09:58", "elapsed": 808.28159, "delta": 3.51642}}
{"target": -10.993934580523797, "params": {"C": 22632.518642629708, "gamma": 0.010126389992423759}, "datetime": {"datetime": "2021-06-22 10:10:02", "elapsed": 811.925696, "delta": 3.644106}}
{"target": -10.558412607224547, "params": {"C": 47902.62051607249, "gamma": 0.030566379805941485}, "datetime": {"datetime": "2021-06-22 10:10:05", "elapsed": 814.992325, "delta": 3.066629}}
{"target": -10.810976803182436, "params": {"C": 43098.94944714449, "gamma": 0.017227058473445515}, "datetime": {"datetime": "2021-06-22 10:10:08", "elapsed": 818.855139, "delta": 3.862814}}
{"target": -10.84899278676669, "params": {"C": 46384.09448196771, "gamma": 0.016816576085436054}, "datetime": {"datetime": "2021-06-22 10:10:13", "elapsed": 823.340081, "delta": 4.484942}}
{"target": -10.76404812145546, "params": {"C": 41822.10407255136, "gamma": 0.05864207787021428}, "datetime": {"datetime": "2021-06-22 10:10:16", "elapsed": 826.836869, "delta": 3.496788}}
{"target": -10.462190317163955, "params": {"C": 31377.862807352667, "gamma": 0.055298588812305115}, "datetime": {"datetime": "2021-06-22 10:10:21", "elapsed": 830.920787, "delta": 4.083918}}
{"target": -10.414136731577562, "params": {"C": 31327.9070498551, "gamma": 0.05314438485529131}, "datetime": {"datetime": "2021-06-22 10:10:26", "elapsed": 836.509677, "delta": 5.58889}}
{"target": -10.559483659308452, "params": {"C": 31423.452666680023, "gamma": 0.059974660325750176}, "datetime": {"datetime": "2021-06-22 10:10:31", "elapsed": 840.957376, "delta": 4.447699}}
{"target": -10.778534613667071, "params": {"C": 39525.658667597934, "gamma": 0.01700596663676561}, "datetime": {"datetime": "2021-06-22 10:10:36", "elapsed": 846.020018, "delta": 5.062642}}
{"target": -10.680907442244273, "params": {"C": 55497.94318338789, "gamma": 0.04759563150727302}, "datetime": {"datetime": "2021-06-22 10:10:39", "elapsed": 849.579068, "delta": 3.55905}}
{"target": -10.185932638332398, "params": {"C": 30159.210063287264, "gamma": 0.03615327080909356}, "datetime": {"datetime": "2021-06-22 10:10:44", "elapsed": 854.493713, "delta": 4.914645}}
{"target": -10.898351689758245, "params": {"C": 30128.128751596756, "gamma": 0.012779422436394681}, "datetime": {"datetime": "2021-06-22 10:10:49", "elapsed": 859.147652, "delta": 4.653939}}
{"target": -10.176562009557962, "params": {"C": 30190.729982394067, "gamma": 0.03641763720572794}, "datetime": {"datetime": "2021-06-22 10:10:54", "elapsed": 864.543155, "delta": 5.395503}}
{"target": -10.230612846891438, "params": {"C": 30220.707136913898, "gamma": 0.04629721698320719}, "datetime": {"datetime": "2021-06-22 10:10:58", "elapsed": 867.961401, "delta": 3.418246}}
{"target": -10.246272471831718, "params": {"C": 37574.48936946226, "gamma": 0.03728144724874324}, "datetime": {"datetime": "2021-06-22 10:11:01", "elapsed": 871.740062, "delta": 3.778661}}
{"target": -10.422296803471394, "params": {"C": 37607.58736155879, "gamma": 0.04792591161518828}, "datetime": {"datetime": "2021-06-22 10:11:06", "elapsed": 875.878118, "delta": 4.138056}}
{"target": -11.009608518690516, "params": {"C": 37541.25227062107, "gamma": 0.009006746336744781}, "datetime": {"datetime": "2021-06-22 10:11:09", "elapsed": 879.257992, "delta": 3.379874}}
{"target": -10.908480344034444, "params": {"C": 51570.93670094802, "gamma": 0.01663091785495481}, "datetime": {"datetime": "2021-06-22 10:11:13", "elapsed": 883.012792, "delta": 3.7548}}
{"target": -10.30461012389295, "params": {"C": 25742.141038037615, "gamma": 0.05414352828411347}, "datetime": {"datetime": "2021-06-22 10:11:18", "elapsed": 888.735655, "delta": 5.722863}}
{"target": -10.106294861970962, "params": {"C": 25776.942684846228, "gamma": 0.04275114228447937}, "datetime": {"datetime": "2021-06-22 10:11:25", "elapsed": 895.562382, "delta": 6.826727}}
{"target": -10.931764381231664, "params": {"C": 25804.644433404457, "gamma": 0.010910190204889994}, "datetime": {"datetime": "2021-06-22 10:11:31", "elapsed": 901.32309, "delta": 5.760708}}
{"target": -10.15238513537098, "params": {"C": 25707.81218605036, "gamma": 0.037459145810286955}, "datetime": {"datetime": "2021-06-22 10:11:35", "elapsed": 904.988314, "delta": 3.665224}}
{"target": -10.918080907901805, "params": {"C": 25676.405243057005, "gamma": 0.011365729277566274}, "datetime": {"datetime": "2021-06-22 10:11:39", "elapsed": 909.836951, "delta": 4.848637}}
{"target": -10.568900319470368, "params": {"C": 53473.474295339496, "gamma": 0.03609665781096573}, "datetime": {"datetime": "2021-06-22 10:11:43", "elapsed": 913.418853, "delta": 3.581902}}
{"target": -10.830256052290652, "params": {"C": 59211.936682877174, "gamma": 0.024982029962555663}, "datetime": {"datetime": "2021-06-22 10:11:48", "elapsed": 917.881429, "delta": 4.462576}}
{"target": -10.645228779804334, "params": {"C": 54926.723545882574, "gamma": 0.044954329501590916}, "datetime": {"datetime": "2021-06-22 10:11:51", "elapsed": 921.73765, "delta": 3.856221}}
{"target": -10.742886759934606, "params": {"C": 48468.66785921618, "gamma": 0.05326521738615515}, "datetime": {"datetime": "2021-06-22 10:11:57", "elapsed": 927.536334, "delta": 5.798684}}
{"target": -10.540897320890204, "params": {"C": 38992.927624128875, "gamma": 0.051769009861935354}, "datetime": {"datetime": "2021-06-22 10:12:01", "elapsed": 931.612626, "delta": 4.076292}}
{"target": -10.54421407663901, "params": {"C": 52158.72792367244, "gamma": 0.03530019194627367}, "datetime": {"datetime": "2021-06-22 10:12:05", "elapsed": 935.858017, "delta": 4.245391}}
{"target": -10.116549707751538, "params": {"C": 26972.300480723883, "gamma": 0.04112539063516599}, "datetime": {"datetime": "2021-06-22 10:12:10", "elapsed": 940.181478, "delta": 4.323461}}
{"target": -10.373059549034465, "params": {"C": 27001.24554661128, "gamma": 0.028827483327105947}, "datetime": {"datetime": "2021-06-22 10:12:15", "elapsed": 945.402905, "delta": 5.221427}}
{"target": -10.909776319294137, "params": {"C": 26942.954145181036, "gamma": 0.011723282684729355}, "datetime": {"datetime": "2021-06-22 10:12:19", "elapsed": 949.152792, "delta": 3.749887}}
{"target": -10.129478226266437, "params": {"C": 11255.33007053861, "gamma": 0.04573654916555006}, "datetime": {"datetime": "2021-06-22 10:13:01", "elapsed": 0.0, "delta": 0.0}}
{"target": -10.885463397924902, "params": {"C": 5001.715622260173, "gamma": 0.024418961204223828}, "datetime": {"datetime": "2021-06-22 10:13:01", "elapsed": 0.184953, "delta": 0.184953}}
{"target": -11.134422445793941, "params": {"C": 7201.338362256696, "gamma": 0.013709268333208686}, "datetime": {"datetime": "2021-06-22 10:13:02", "elapsed": 0.385551, "delta": 0.200598}}
{"target": -10.658180919974876, "params": {"C": 7793.903170665064, "gamma": 0.026623597079195434}, "datetime": {"datetime": "2021-06-22 10:13:02", "elapsed": 0.591751, "delta": 0.2062}}
{"target": -10.274703530111994, "params": {"C": 10951.512113460049, "gamma": 0.0364796534341712}, "datetime": {"datetime": "2021-06-22 10:13:02", "elapsed": 0.826101, "delta": 0.23435}}
{"target": -10.141055078887607, "params": {"C": 11287.917716049422, "gamma": 0.04394619452023473}, "datetime": {"datetime": "2021-06-22 10:13:02", "elapsed": 1.044097, "delta": 0.217996}}
{"target": -10.217918105666335, "params": {"C": 8066.783745972762, "gamma": 0.05378398925593821}, "datetime": {"datetime": "2021-06-22 10:13:02", "elapsed": 1.246097, "delta": 0.202}}
{"target": -10.510336861510797, "params": {"C": 5410.813897968892, "gamma": 0.04319384301909851}, "datetime": {"datetime": "2021-06-22 10:13:03", "elapsed": 1.446095, "delta": 0.199998}}
{"target": -10.236720067503791, "params": {"C": 11259.572035506904, "gamma": 0.03749318125073333}, "datetime": {"datetime": "2021-06-22 10:13:03", "elapsed": 1.647594, "delta": 0.201499}}
{"target": -10.904563521751902, "params": {"C": 7105.804078928506, "gamma": 0.019103175943328818}, "datetime": {"datetime": "2021-06-22 10:13:03", "elapsed": 1.878516, "delta": 0.230922}}
{"target": -10.148232748311651, "params": {"C": 17011.16853013305, "gamma": 0.05838134036168927}, "datetime": {"datetime": "2021-06-22 10:13:03", "elapsed": 2.066513, "delta": 0.187997}}
{"target": -10.17934931284871, "params": {"C": 9701.362672388643, "gamma": 0.044308453399135014}, "datetime": {"datetime": "2021-06-22 10:13:04", "elapsed": 2.276845, "delta": 0.210332}}
{"target": -10.10507579560193, "params": {"C": 18145.837284440575, "gamma": 0.054624939838696214}, "datetime": {"datetime": "2021-06-22 10:13:04", "elapsed": 2.479807, "delta": 0.202962}}
{"target": -11.423569865537093, "params": {"C": 6275.663170546669, "gamma": 0.010991793944877}, "datetime": {"datetime": "2021-06-22 10:13:04", "elapsed": 2.68581, "delta": 0.206003}}
{"target": -10.257626025466642, "params": {"C": 7547.456293468534, "gamma": 0.05378526767490007}, "datetime": {"datetime": "2021-06-22 10:13:04", "elapsed": 2.889808, "delta": 0.203998}}
{"target": -10.650569955514285, "params": {"C": 6475.202507495751, "gamma": 0.03047648887525766}, "datetime": {"datetime": "2021-06-22 10:13:04", "elapsed": 3.087808, "delta": 0.198}}
{"target": -10.163791760514501, "params": {"C": 19368.34295225753, "gamma": 0.03619142953362387}, "datetime": {"datetime": "2021-06-22 10:13:05", "elapsed": 3.318214, "delta": 0.230406}}
{"target": -10.50595821880701, "params": {"C": 15378.1567092571, "gamma": 0.02509129718130921}, "datetime": {"datetime": "2021-06-22 10:13:05", "elapsed": 3.503407, "delta": 0.185193}}
{"target": -10.066713548379562, "params": {"C": 15297.513915223755, "gamma": 0.05156590926676602}, "datetime": {"datetime": "2021-06-22 10:13:05", "elapsed": 3.712128, "delta": 0.208721}}
{"target": -10.47595342557765, "params": {"C": 5274.324160162877, "gamma": 0.04725736006219334}, "datetime": {"datetime": "2021-06-22 10:13:05", "elapsed": 4.001206, "delta": 0.289078}}
{"target": -10.076286374733483, "params": {"C": 19832.916333597423, "gamma": 0.04715644837337181}, "datetime": {"datetime": "2021-06-22 10:13:05", "elapsed": 4.189167, "delta": 0.187961}}
{"target": -10.16227002195316, "params": {"C": 9206.659880966077, "gamma": 0.049253245751025916}, "datetime": {"datetime": "2021-06-22 10:13:06", "elapsed": 4.383772, "delta": 0.194605}}
{"target": -10.612181270913448, "params": {"C": 6548.39009866463, "gamma": 0.03184256983497116}, "datetime": {"datetime": "2021-06-22 10:13:06", "elapsed": 4.583129, "delta": 0.199357}}
{"target": -10.48360893284162, "params": {"C": 18628.932546396434, "gamma": 0.02397432156705765}, "datetime": {"datetime": "2021-06-22 10:13:06", "elapsed": 4.774078, "delta": 0.190949}}
{"target": -10.932204167207686, "params": {"C": 9316.630078795231, "gamma": 0.01563145717803216}, "datetime": {"datetime": "2021-06-22 10:13:06", "elapsed": 4.978983, "delta": 0.204905}}
{"target": -10.734074543882615, "params": {"C": 11186.34997334106, "gamma": 0.02027330955501365}, "datetime": {"datetime": "2021-06-22 10:13:07", "elapsed": 5.34495, "delta": 0.365967}}
{"target": -10.23874260182132, "params": {"C": 11355.31594804876, "gamma": 0.03729787557082307}, "datetime": {"datetime": "2021-06-22 10:13:07", "elapsed": 5.657356, "delta": 0.312406}}
{"target": -10.435817638114253, "params": {"C": 15217.820755814342, "gamma": 0.027215953664009307}, "datetime": {"datetime": "2021-06-22 10:13:07", "elapsed": 5.96008, "delta": 0.302724}}
{"target": -10.108442957540971, "params": {"C": 19914.512234085585, "gamma": 0.052822301503548844}, "datetime": {"datetime": "2021-06-22 10:13:08", "elapsed": 6.307882, "delta": 0.347802}}
{"target": -10.059675671470842, "params": {"C": 18059.254789587285, "gamma": 0.049586532790127424}, "datetime": {"datetime": "2021-06-22 10:13:08", "elapsed": 6.608775, "delta": 0.300893}}
{"target": -10.14313697044103, "params": {"C": 17974.361087522906, "gamma": 0.05696896759978905}, "datetime": {"datetime": "2021-06-22 10:13:08", "elapsed": 6.931583, "delta": 0.322808}}
{"target": -11.066465942338107, "params": {"C": 19744.144424206363, "gamma": 0.00963207899783539}, "datetime": {"datetime": "2021-06-22 10:13:08", "elapsed": 7.257813, "delta": 0.32623}}
{"target": -10.573911151158336, "params": {"C": 18235.099267370766, "gamma": 0.021919317671127377}, "datetime": {"datetime": "2021-06-22 10:13:09", "elapsed": 7.579869, "delta": 0.322056}}
{"target": -10.190894752004219, "params": {"C": 9117.817564022413, "gamma": 0.04536832950184144}, "datetime": {"datetime": "2021-06-22 10:13:09", "elapsed": 7.949405, "delta": 0.369536}}
{"target": -10.060486692218142, "params": {"C": 16919.92408300966, "gamma": 0.04914501284938192}, "datetime": {"datetime": "2021-06-22 10:13:10", "elapsed": 8.281614, "delta": 0.332209}}
{"target": -10.15507893387947, "params": {"C": 16831.80145421822, "gamma": 0.036051488039659976}, "datetime": {"datetime": "2021-06-22 10:13:10", "elapsed": 8.613817, "delta": 0.332203}}
{"target": -11.126528316215733, "params": {"C": 19271.039713562634, "gamma": 0.009}, "datetime": {"datetime": "2021-06-22 10:13:10", "elapsed": 8.993947, "delta": 0.38013}}
{"target": -10.100443763980378, "params": {"C": 19459.557276176918, "gamma": 0.052824169483561105}, "datetime": {"datetime": "2021-06-22 10:13:11", "elapsed": 9.344969, "delta": 0.351022}}
