{"target": -10.17841833946671, "params": {"C": 7407.380900176357, "gamma": 0.04651498814762189}, "datetime": {"datetime": "2021-06-22 08:22:09", "elapsed": 746.39869, "delta": 2.418373}}
{"target": -10.616183303014848, "params": {"C": 6289.5304452703185, "gamma": 0.017224144553456708}, "datetime": {"datetime": "2021-06-22 08:22:11", "elapsed": 748.858115, "delta": 2.459425}}
{"target": -10.25600841915644, "params": {"C": 7229.465341378666, "gamma": 0.030665647485140307}, "datetime": {"datetime": "2021-06-22 08:22:16", "elapsed": 753.325789, "delta": 4.467674}}
{"target": -10.272696492708334, "params": {"C": 5728.409377477883, "gamma": 0.04257931766422266}, "datetime": {"datetime": "2021-06-22 08:22:22", "elapsed": 759.40162, "delta": 6.075831}}
{"target": -10.485164924817818, "params": {"C": 5225.620068655465, "gamma": 0.025315737337530834}, "datetime": {"datetime": "2021-06-22 08:22:24", "elapsed": 761.940094, "delta": 2.538474}}
{"target": -10.367958299665533, "params": {"C": 4914.252705055348, "gamma": 0.05}, "datetime": {"datetime": "2021-06-22 08:22:28", "elapsed": 765.479318, "delta": 3.539224}}
{"target": -10.569244781995032, "params": {"C": 5446.118846533154, "gamma": 0.020867364430187652}, "datetime": {"datetime": "2021-06-22 08:22:31", "elapsed": 768.44063, "delta": 2.961312}}
{"target": -10.325629380906094, "params": {"C": 5378.687279223789, "gamma": 0.037006427378078535}, "datetime": {"datetime": "2021-06-22 08:22:33", "elapsed": 770.935159, "delta": 2.494529}}
{"target": -10.314100461697292, "params": {"C": 5437.26419992419, "gamma": 0.04804202979047816}, "datetime": {"datetime": "2021-06-22 08:22:37", "elapsed": 774.582527, "delta": 3.647368}}
{"target": -10.364315624294319, "params": {"C": 7958.757250029385, "gamma": 0.02368488891922018}, "datetime": {"datetime": "2021-06-22 08:22:40", "elapsed": 777.315585, "delta": 2.733058}}
{"target": -10.232097819487986, "params": {"C": 6762.5317322530955, "gamma": 0.04881759439590185}, "datetime": {"datetime": "2021-06-22 08:22:43", "elapsed": 780.483566, "delta": 3.167981}}
{"target": -10.450729234501194, "params": {"C": 4823.620374447663, "gamma": 0.02894612879681835}, "datetime": {"datetime": "2021-06-22 08:22:48", "elapsed": 785.492233, "delta": 5.008667}}
{"target": -10.204814580178127, "params": {"C": 6955.770241440076, "gamma": 0.03645266531708713}, "datetime": {"datetime": "2021-06-22 08:22:50", "elapsed": 788.025005, "delta": 2.532772}}
{"target": -10.59813542260618, "params": {"C": 7488.699189982814, "gamma": 0.016055002071476084}, "datetime": {"datetime": "2021-06-22 08:22:53", "elapsed": 790.764743, "delta": 2.739738}}
{"target": -10.330829760154376, "params": {"C": 7555.82862474765, "gamma": 0.02573304588985713}, "datetime": {"datetime": "2021-06-22 08:22:56", "elapsed": 793.361127, "delta": 2.596384}}
{"target": -10.33040320428591, "params": {"C": 5410.995405639786, "gamma": 0.036053398951548604}, "datetime": {"datetime": "2021-06-22 08:23:00", "elapsed": 797.802188, "delta": 4.441061}}
{"target": -10.233686816056377, "params": {"C": 6402.029565136072, "gamma": 0.04576979090208787}, "datetime": {"datetime": "2021-06-22 08:23:03", "elapsed": 800.470509, "delta": 2.668321}}
{"target": -10.353425146738394, "params": {"C": 5103.3631737469195, "gamma": 0.05}, "datetime": {"datetime": "2021-06-22 08:23:07", "elapsed": 804.347501, "delta": 3.876992}}
{"target": -10.441956203163443, "params": {"C": 7952.330019638081, "gamma": 0.020917732470374727}, "datetime": {"datetime": "2021-06-22 08:23:09", "elapsed": 806.839019, "delta": 2.491518}}
{"target": -10.942671343319587, "params": {"C": 6537.933442722426, "gamma": 0.010056339490393494}, "datetime": {"datetime": "2021-06-22 08:23:12", "elapsed": 809.960927, "delta": 3.121908}}
{"target": -10.530470882556408, "params": {"C": 7574.040359725976, "gamma": 0.0182737634747849}, "datetime": {"datetime": "2021-06-22 08:23:17", "elapsed": 814.461238, "delta": 4.500311}}
{"target": -10.19657805642691, "params": {"C": 7342.430472965329, "gamma": 0.04877783979054765}, "datetime": {"datetime": "2021-06-22 08:23:21", "elapsed": 818.717885, "delta": 4.256647}}
{"target": -10.257471856691998, "params": {"C": 6441.2204894202805, "gamma": 0.04954079540036527}, "datetime": {"datetime": "2021-06-22 08:23:26", "elapsed": 823.842379, "delta": 5.124494}}
{"target": -10.44259354714601, "params": {"C": 5455.677321541338, "gamma": 0.026662654395735938}, "datetime": {"datetime": "2021-06-22 08:23:30", "elapsed": 827.793093, "delta": 3.950714}}
{"target": -10.308688014211345, "params": {"C": 5855.430055013901, "gamma": 0.03428370077155939}, "datetime": {"datetime": "2021-06-22 08:23:34", "elapsed": 831.170452, "delta": 3.377359}}
{"target": -10.70811753749002, "params": {"C": 6705.049690340253, "gamma": 0.013726398778761278}, "datetime": {"datetime": "2021-06-22 08:23:37", "elapsed": 834.596423, "delta": 3.425971}}
{"target": -10.574780957889391, "params": {"C": 5629.623390171889, "gamma": 0.020181012879505807}, "datetime": {"datetime": "2021-06-22 08:23:43", "elapsed": 840.430809, "delta": 5.834386}}
{"target": -10.256478799215053, "params": {"C": 5982.6189439376985, "gamma": 0.04421503281354066}, "datetime": {"datetime": "2021-06-22 08:23:49", "elapsed": 846.729028, "delta": 6.298219}}
{"target": -10.211192285722186, "params": {"C": 6618.093561700166, "gamma": 0.042431136762971354}, "datetime": {"datetime": "2021-06-22 08:23:52", "elapsed": 849.830344, "delta": 3.101316}}
{"target": -10.569348608749902, "params": {"C": 4546.321152478555, "gamma": 0.02364426569660518}, "datetime": {"datetime": "2021-06-22 08:23:56", "elapsed": 853.103279, "delta": 3.272935}}
{"target": -10.383834478108128, "params": {"C": 6599.694757963411, "gamma": 0.025900520130685473}, "datetime": {"datetime": "2021-06-22 08:23:59", "elapsed": 856.476628, "delta": 3.373349}}
{"target": -10.241960054391754, "params": {"C": 7619.063149465259, "gamma": 0.030109362502896413}, "datetime": {"datetime": "2021-06-22 08:24:07", "elapsed": 864.25158, "delta": 7.774952}}
{"target": -10.253196222990741, "params": {"C": 7786.5252177651055, "gamma": 0.02900742791652964}, "datetime": {"datetime": "2021-06-22 08:24:13", "elapsed": 870.395871, "delta": 6.144291}}
{"target": -10.282591139538171, "params": {"C": 7742.4516147862305, "gamma": 0.027627955686250816}, "datetime": {"datetime": "2021-06-22 08:24:17", "elapsed": 874.955752, "delta": 4.559881}}
{"target": -10.217238653149881, "params": {"C": 7720.3155782543345, "gamma": 0.031077231171541257}, "datetime": {"datetime": "2021-06-22 08:24:21", "elapsed": 878.26178, "delta": 3.306028}}
{"target": -10.298798116270845, "params": {"C": 5805.780220859628, "gamma": 0.04944712085535214}, "datetime": {"datetime": "2021-06-22 08:24:26", "elapsed": 883.478542, "delta": 5.216762}}
{"target": -10.462845908624105, "params": {"C": 5326.533946921396, "gamma": 0.0260963144908156}, "datetime": {"datetime": "2021-06-22 08:24:29", "elapsed": 886.747314, "delta": 3.268772}}
{"target": -10.219208901311564, "params": {"C": 6524.471773195745, "gamma": 0.039863061285965444}, "datetime": {"datetime": "2021-06-22 08:24:34", "elapsed": 891.794997, "delta": 5.047683}}
{"target": -10.201968063985943, "params": {"C": 7693.376117832195, "gamma": 0.032019178918035206}, "datetime": {"datetime": "2021-06-22 08:24:41", "elapsed": 899.01849, "delta": 7.223493}}
{"target": -10.515327372932758, "params": {"C": 5680.808300703784, "gamma": 0.02256882552135751}, "datetime": {"datetime": "2021-06-22 08:24:46", "elapsed": 903.989593, "delta": 4.971103}}
{"target": -10.97291072096214, "params": {"C": 5689.071368330391, "gamma": 0.010397503500090988}, "datetime": {"datetime": "2021-06-22 08:24:50", "elapsed": 907.975095, "delta": 3.985502}}
{"target": -10.392144767426815, "params": {"C": 4579.538201041743, "gamma": 0.049578437395010146}, "datetime": {"datetime": "2021-06-22 08:24:57", "elapsed": 914.553991, "delta": 6.578896}}
{"target": -10.38054634663351, "params": {"C": 4652.732289457316, "gamma": 0.03928290183143281}, "datetime": {"datetime": "2021-06-22 08:25:01", "elapsed": 918.143817, "delta": 3.589826}}
{"target": -10.41870206867474, "params": {"C": 6972.049193016841, "gamma": 0.023527920528489052}, "datetime": {"datetime": "2021-06-22 08:25:05", "elapsed": 922.887088, "delta": 4.743271}}
{"target": -10.253731758365008, "params": {"C": 6550.275888303826, "gamma": 0.05}, "datetime": {"datetime": "2021-06-22 08:25:11", "elapsed": 928.310992, "delta": 5.423904}}
{"target": -10.593107473480012, "params": {"C": 4768.427499944721, "gamma": 0.02173921805696855}, "datetime": {"datetime": "2021-06-22 08:25:16", "elapsed": 933.641091, "delta": 5.330099}}
{"target": -10.409271733957851, "params": {"C": 4777.506264874749, "gamma": 0.03297022133111225}, "datetime": {"datetime": "2021-06-22 08:25:20", "elapsed": 937.440472, "delta": 3.799381}}
{"target": -10.630690674357197, "params": {"C": 5569.586407770426, "gamma": 0.018064690011581896}, "datetime": {"datetime": "2021-06-22 08:25:25", "elapsed": 942.317898, "delta": 4.877426}}
{"target": -10.792971911545319, "params": {"C": 5561.689084454199, "gamma": 0.01331796556085615}, "datetime": {"datetime": "2021-06-22 08:25:29", "elapsed": 946.915381, "delta": 4.597483}}
{"target": -10.195654324520332, "params": {"C": 6912.436264821878, "gamma": 0.03897082143665289}, "datetime": {"datetime": "2021-06-22 08:25:37", "elapsed": 954.101121, "delta": 7.18574}}
{"target": -10.495121338730328, "params": {"C": 5552.225541245738, "gamma": 0.02381851992032663}, "datetime": {"datetime": "2021-06-22 08:25:43", "elapsed": 960.894601, "delta": 6.79348}}
{"target": -10.357618100155564, "params": {"C": 5400.631567824008, "gamma": 0.0329274832595478}, "datetime": {"datetime": "2021-06-22 08:25:50", "elapsed": 967.498471, "delta": 6.60387}}
{"target": -10.326581504683052, "params": {"C": 5466.189446469347, "gamma": 0.05}, "datetime": {"datetime": "2021-06-22 08:25:55", "elapsed": 972.171188, "delta": 4.672717}}
{"target": -10.42747376805497, "params": {"C": 4204.788111806218, "gamma": 0.049935025024062274}, "datetime": {"datetime": "2021-06-22 08:25:59", "elapsed": 976.69632, "delta": 4.525132}}
{"target": -10.286915512022519, "params": {"C": 6150.151738459874, "gamma": 0.03412677998903574}, "datetime": {"datetime": "2021-06-22 08:26:06", "elapsed": 983.389637, "delta": 6.693317}}
{"target": -11.123584759334104, "params": {"C": 4067.7241047461503, "gamma": 0.010584668644286048}, "datetime": {"datetime": "2021-06-22 08:26:10", "elapsed": 987.503188, "delta": 4.113551}}
{"target": -10.674216330919114, "params": {"C": 4058.2562989132884, "gamma": 0.020350731959085263}, "datetime": {"datetime": "2021-06-22 08:26:14", "elapsed": 991.770616, "delta": 4.267428}}
{"target": -10.166543543290416, "params": {"C": 7982.230929901473, "gamma": 0.033255495111148614}, "datetime": {"datetime": "2021-06-22 08:26:19", "elapsed": 996.626635, "delta": 4.856019}}
{"target": -10.397011141503203, "params": {"C": 5847.286232969277, "gamma": 0.0276418435936944}, "datetime": {"datetime": "2021-06-22 08:26:24", "elapsed": 1001.4695, "delta": 4.842865}}
{"target": -10.816089807376326, "params": {"C": 6509.69508054324, "gamma": 0.011735586606966844}, "datetime": {"datetime": "2021-06-22 08:26:33", "elapsed": 1010.428032, "delta": 8.958532}}
{"target": -10.580573749744778, "params": {"C": 6502.736457572706, "gamma": 0.018157988314627324}, "datetime": {"datetime": "2021-06-22 08:26:37", "elapsed": 1015.067252, "delta": 4.63922}}
{"target": -10.56536537019832, "params": {"C": 6495.989282878624, "gamma": 0.01873801097025186}, "datetime": {"datetime": "2021-06-22 08:26:44", "elapsed": 1021.573943, "delta": 6.506691}}
{"target": -10.242986721490452, "params": {"C": 6516.854944106176, "gamma": 0.048164415714891926}, "datetime": {"datetime": "2021-06-22 08:26:51", "elapsed": 1028.417208, "delta": 6.843265}}
{"target": -10.396462068196183, "params": {"C": 6488.964619299558, "gamma": 0.02564919061825196}, "datetime": {"datetime": "2021-06-22 08:26:55", "elapsed": 1033.035865, "delta": 4.618657}}
{"target": -10.232885614579976, "params": {"C": 7800.5168787647235, "gamma": 0.030008141780119152}, "datetime": {"datetime": "2021-06-22 08:27:01", "elapsed": 1038.62466, "delta": 5.588795}}
{"target": -10.60195070640073, "params": {"C": 6638.66128369507, "gamma": 0.017146835465245272}, "datetime": {"datetime": "2021-06-22 08:27:07", "elapsed": 1044.33484, "delta": 5.71018}}
{"target": -10.222740387139737, "params": {"C": 6481.723799610113, "gamma": 0.04485298426376978}, "datetime": {"datetime": "2021-06-22 08:27:12", "elapsed": 1050.05767, "delta": 5.72283}}
{"target": -10.518227238606723, "params": {"C": 7941.812847024095, "gamma": 0.018294173255099848}, "datetime": {"datetime": "2021-06-22 08:27:21", "elapsed": 1058.267107, "delta": 8.209437}}
{"target": -10.4604346084445, "params": {"C": 4449.593388316775, "gamma": 0.03049743207187277}, "datetime": {"datetime": "2021-06-22 08:27:26", "elapsed": 1063.960253, "delta": 5.693146}}
{"target": -10.165541391272374, "params": {"C": 7501.682633099514, "gamma": 0.037226091441407275}, "datetime": {"datetime": "2021-06-22 08:27:30", "elapsed": 1068.017513, "delta": 4.05726}}
{"target": -10.153954125186585, "params": {"C": 7665.368084464701, "gamma": 0.037511964274802856}, "datetime": {"datetime": "2021-06-22 08:27:36", "elapsed": 1073.15546, "delta": 5.137947}}
{"target": -10.608857804883547, "params": {"C": 5697.711419959426, "gamma": 0.018648822476092716}, "datetime": {"datetime": "2021-06-22 08:27:43", "elapsed": 1080.823799, "delta": 7.668339}}
{"target": -10.405496470702545, "params": {"C": 6834.478009164177, "gamma": 0.02438965806648727}, "datetime": {"datetime": "2021-06-22 08:27:51", "elapsed": 1088.357968, "delta": 7.534169}}
{"target": -10.738050267725868, "params": {"C": 7841.77959134487, "gamma": 0.011951558129655006}, "datetime": {"datetime": "2021-06-22 08:27:57", "elapsed": 1094.323091, "delta": 5.965123}}
{"target": -10.206476974166327, "params": {"C": 6800.885287149336, "gamma": 0.03816923545193972}, "datetime": {"datetime": "2021-06-22 08:28:01", "elapsed": 1098.417646, "delta": 4.094555}}
{"target": -10.441627022070765, "params": {"C": 6783.770744223999, "gamma": 0.02300114165279801}, "datetime": {"datetime": "2021-06-22 08:28:07", "elapsed": 1104.353737, "delta": 5.936091}}
{"target": -10.288993894254586, "params": {"C": 5544.446088322049, "gamma": 0.04458713102053766}, "datetime": {"datetime": "2021-06-22 08:28:14", "elapsed": 1111.383476, "delta": 7.029739}}
{"target": -10.485502154446866, "params": {"C": 6658.842256131798, "gamma": 0.021476823846795473}, "datetime": {"datetime": "2021-06-22 08:28:20", "elapsed": 1117.865056, "delta": 6.48158}}
{"target": -10.302558047011805, "params": {"C": 6652.119672211596, "gamma": 0.030128294183366995}, "datetime": {"datetime": "2021-06-22 08:28:27", "elapsed": 1124.192379, "delta": 6.327323}}
{"target": -10.428796346532886, "params": {"C": 4114.14665988923, "gamma": 0.04169943101409471}, "datetime": {"datetime": "2021-06-22 08:28:32", "elapsed": 1129.650313, "delta": 5.457934}}
{"target": -10.71228445265838, "params": {"C": 6199.403272938759, "gamma": 0.014254482524362332}, "datetime": {"datetime": "2021-06-22 08:28:37", "elapsed": 1134.32372, "delta": 4.673407}}
{"target": -10.477966431079444, "params": {"C": 4556.2905481295475, "gamma": 0.02851145178058221}, "datetime": {"datetime": "2021-06-22 08:28:43", "elapsed": 1140.718921, "delta": 6.395201}}
{"target": -10.686760469755697, "params": {"C": 4521.511508239855, "gamma": 0.018385640329968186}, "datetime": {"datetime": "2021-06-22 08:28:48", "elapsed": 1145.93197, "delta": 5.213049}}
{"target": -10.447627741977863, "params": {"C": 4513.207763935617, "gamma": 0.031084873414446677}, "datetime": {"datetime": "2021-06-22 08:28:56", "elapsed": 1154.03418, "delta": 8.10221}}
{"target": -10.874581302195196, "params": {"C": 5904.495555411223, "gamma": 0.011422308797640002}, "datetime": {"datetime": "2021-06-22 08:29:01", "elapsed": 1158.939066, "delta": 4.904886}}
{"target": -10.45041831144885, "params": {"C": 5912.052331732629, "gamma": 0.024830922286661436}, "datetime": {"datetime": "2021-06-22 08:29:10", "elapsed": 1167.177717, "delta": 8.238651}}
{"target": -10.332688831791597, "params": {"C": 7864.26703836487, "gamma": 0.02499447874909297}, "datetime": {"datetime": "2021-06-22 08:29:19", "elapsed": 1176.688523, "delta": 9.510806}}
{"target": -10.252512063897175, "params": {"C": 6025.925550855867, "gamma": 0.043621951908675655}, "datetime": {"datetime": "2021-06-22 08:29:28", "elapsed": 1185.627206, "delta": 8.938683}}
{"target": -10.604261738089651, "params": {"C": 7367.477952660931, "gamma": 0.015982410301925477}, "datetime": {"datetime": "2021-06-22 08:29:34", "elapsed": 1191.602173, "delta": 5.974967}}
{"target": -10.217897770123916, "params": {"C": 6607.316741641211, "gamma": 0.03861172961934462}, "datetime": {"datetime": "2021-06-22 08:29:39", "elapsed": 1196.289178, "delta": 4.687005}}
{"target": -10.148269407562212, "params": {"C": 7639.528284576052, "gamma": 0.0404748724799135}, "datetime": {"datetime": "2021-06-22 08:29:43", "elapsed": 1200.836564, "delta": 4.547386}}
{"target": -10.361034489606382, "params": {"C": 6001.186607139811, "gamma": 0.029130142342258247}, "datetime": {"datetime": "2021-06-22 08:29:48", "elapsed": 1205.8602, "delta": 5.023636}}
{"target": -9.997268374523255, "params": {"C": 11336.117739821062, "gamma": 0.04573654916555006}, "datetime": {"datetime": "2021-06-22 08:36:48", "elapsed": 0.0, "delta": 0.0}}
{"target": -10.341941297177168, "params": {"C": 8000.815009976241, "gamma": 0.024418961204223828}, "datetime": {"datetime": "2021-06-22 08:36:48", "elapsed": 0.200579, "delta": 0.200579}}
{"target": -10.629428031148484, "params": {"C": 9173.961802125985, "gamma": 0.013709268333208686}, "datetime": {"datetime": "2021-06-22 08:36:48", "elapsed": 0.40126, "delta": 0.200681}}
{"target": -10.226044767605003, "params": {"C": 9490.000317042504, "gamma": 0.026623597079195434}, "datetime": {"datetime": "2021-06-22 08:36:49", "elapsed": 0.585674, "delta": 0.184414}}
{"target": -9.999484135018939, "params": {"C": 11174.079470592782, "gamma": 0.0364796534341712}, "datetime": {"datetime": "2021-06-22 08:36:49", "elapsed": 0.78625, "delta": 0.200576}}
{"target": -9.984661949625265, "params": {"C": 11353.4980346778, "gamma": 0.04394619452023473}, "datetime": {"datetime": "2021-06-22 08:36:49", "elapsed": 0.986379, "delta": 0.200129}}
{"target": -10.122285018259298, "params": {"C": 9635.538443077112, "gamma": 0.05378398925593821}, "datetime": {"datetime": "2021-06-22 08:36:49", "elapsed": 1.186588, "delta": 0.200209}}
{"target": -10.114798221413967, "params": {"C": 8219.00348434273, "gamma": 0.04319384301909851}, "datetime": {"datetime": "2021-06-22 08:36:49", "elapsed": 1.387206, "delta": 0.200618}}
{"target": -9.985876833622626, "params": {"C": 11338.380149417251, "gamma": 0.03749318125073333}, "datetime": {"datetime": "2021-06-22 08:36:50", "elapsed": 1.572084, "delta": 0.184878}}
{"target": -10.457630566346554, "params": {"C": 9123.00954745573, "gamma": 0.019103175943328818}, "datetime": {"datetime": "2021-06-22 08:36:50", "elapsed": 1.772652, "delta": 0.200568}}
{"target": -10.239783866283602, "params": {"C": 14405.936623861162, "gamma": 0.05838134036168927}, "datetime": {"datetime": "2021-06-22 08:36:50", "elapsed": 1.95758, "delta": 0.184928}}
{"target": -10.017413573272844, "params": {"C": 10507.324767691758, "gamma": 0.044308453399135014}, "datetime": {"datetime": "2021-06-22 08:36:50", "elapsed": 2.158182, "delta": 0.200602}}
{"target": -10.12392506224158, "params": {"C": 15011.100857283536, "gamma": 0.054624939838696214}, "datetime": {"datetime": "2021-06-22 08:36:50", "elapsed": 2.343114, "delta": 0.184932}}
{"target": -10.75911195917237, "params": {"C": 8680.26219537936, "gamma": 0.010991793944877}, "datetime": {"datetime": "2021-06-22 08:36:50", "elapsed": 2.525704, "delta": 0.18259}}
{"target": -10.133081145693362, "params": {"C": 9358.560339558508, "gamma": 0.05378526767490007}, "datetime": {"datetime": "2021-06-22 08:36:51", "elapsed": 2.720855, "delta": 0.195151}}
{"target": -10.16485922069639, "params": {"C": 8786.684505347785, "gamma": 0.03047648887525766}, "datetime": {"datetime": "2021-06-22 08:36:51", "elapsed": 2.921465, "delta": 0.20061}}
{"target": -9.856300755733761, "params": {"C": 15663.11203015703, "gamma": 0.03619142953362387}, "datetime": {"datetime": "2021-06-22 08:36:51", "elapsed": 3.12159, "delta": 0.200125}}
{"target": -10.131763745639484, "params": {"C": 13534.986099315181, "gamma": 0.02509129718130921}, "datetime": {"datetime": "2021-06-22 08:36:51", "elapsed": 3.306525, "delta": 0.184935}}
{"target": -10.034404110305108, "params": {"C": 13491.976071545438, "gamma": 0.05156590926676602}, "datetime": {"datetime": "2021-06-22 08:36:51", "elapsed": 3.507131, "delta": 0.200606}}
{"target": -10.14103606007413, "params": {"C": 8146.208047581268, "gamma": 0.04725736006219334}, "datetime": {"datetime": "2021-06-22 08:36:52", "elapsed": 3.692067, "delta": 0.184936}}
{"target": -9.915805675341439, "params": {"C": 15910.887597360848, "gamma": 0.04715644837337181}, "datetime": {"datetime": "2021-06-22 08:36:52", "elapsed": 3.877006, "delta": 0.184939}}
{"target": -10.061695073572833, "params": {"C": 10243.479980914448, "gamma": 0.049253245751025916}, "datetime": {"datetime": "2021-06-22 08:36:52", "elapsed": 4.061947, "delta": 0.184941}}
{"target": -10.134293967720943, "params": {"C": 8825.718375221793, "gamma": 0.03184256983497116}, "datetime": {"datetime": "2021-06-22 08:36:52", "elapsed": 4.262519, "delta": 0.200572}}
{"target": -10.122719300550415, "params": {"C": 15268.754884295075, "gamma": 0.02397432156705765}, "datetime": {"datetime": "2021-06-22 08:36:52", "elapsed": 4.462791, "delta": 0.200272}}
