{"target": -9.963625549068704, "params": {"C": 13917.938624763578, "gamma": 0.04878901246754221}, "datetime": {"datetime": "2021-06-22 08:47:57", "elapsed": 669.39378, "delta": 5.033703}}
{"target": -10.102480615007288, "params": {"C": 10319.597372258784, "gamma": 0.030126141409654597}, "datetime": {"datetime": "2021-06-22 08:48:00", "elapsed": 671.808487, "delta": 2.414707}}
{"target": -10.17749878828049, "params": {"C": 9777.103262176126, "gamma": 0.028071723714240854}, "datetime": {"datetime": "2021-06-22 08:48:02", "elapsed": 674.43584, "delta": 2.627353}}
{"target": -9.986065032604246, "params": {"C": 12450.125573423169, "gamma": 0.033108336857286334}, "datetime": {"datetime": "2021-06-22 08:48:05", "elapsed": 677.257185, "delta": 2.821345}}
{"target": -10.672036731441674, "params": {"C": 9136.019103824394, "gamma": 0.01259977043504448}, "datetime": {"datetime": "2021-06-22 08:48:09", "elapsed": 680.607325, "delta": 3.35014}}
{"target": -9.932000524613589, "params": {"C": 13997.179119983804, "gamma": 0.0463949777776438}, "datetime": {"datetime": "2021-06-22 08:48:13", "elapsed": 684.600347, "delta": 3.993022}}
{"target": -10.096195802623296, "params": {"C": 14154.33957379081, "gamma": 0.05375984991956228}, "datetime": {"datetime": "2021-06-22 08:48:16", "elapsed": 688.367557, "delta": 3.76721}}
{"target": -10.247284598585109, "params": {"C": 14171.49539687543, "gamma": 0.05864458862098684}, "datetime": {"datetime": "2021-06-22 08:48:21", "elapsed": 693.313055, "delta": 4.945498}}
{"target": -10.528720100214736, "params": {"C": 9647.800709416222, "gamma": 0.01642251793884556}, "datetime": {"datetime": "2021-06-22 08:48:25", "elapsed": 697.141627, "delta": 3.828572}}
{"target": -10.094013110187882, "params": {"C": 11134.220737817246, "gamma": 0.05367292676776267}, "datetime": {"datetime": "2021-06-22 08:48:28", "elapsed": 700.205698, "delta": 3.064071}}
{"target": -10.063271754659052, "params": {"C": 10675.264007957687, "gamma": 0.0511505752209834}, "datetime": {"datetime": "2021-06-22 08:48:33", "elapsed": 705.356219, "delta": 5.150521}}
{"target": -10.462476531524715, "params": {"C": 8498.139653784141, "gamma": 0.019571323736797857}, "datetime": {"datetime": "2021-06-22 08:48:38", "elapsed": 710.192521, "delta": 4.836302}}
{"target": -10.68983770855837, "params": {"C": 8748.496446883993, "gamma": 0.012400234693359644}, "datetime": {"datetime": "2021-06-22 08:48:42", "elapsed": 713.786302, "delta": 3.593781}}
{"target": -10.159150943235137, "params": {"C": 9837.57721980607, "gamma": 0.055785245683109816}, "datetime": {"datetime": "2021-06-22 08:48:46", "elapsed": 718.219931, "delta": 4.433629}}
{"target": -10.377942604758413, "params": {"C": 9159.091948646079, "gamma": 0.021674931031765626}, "datetime": {"datetime": "2021-06-22 08:48:51", "elapsed": 722.894319, "delta": 4.674388}}
{"target": -10.73911491261005, "params": {"C": 11740.384064932634, "gamma": 0.009973455253231763}, "datetime": {"datetime": "2021-06-22 08:48:57", "elapsed": 728.670983, "delta": 5.776664}}
{"target": -10.266810265018549, "params": {"C": 9292.492442368684, "gamma": 0.059635964705452446}, "datetime": {"datetime": "2021-06-22 08:49:00", "elapsed": 732.235305, "delta": 3.564322}}
{"target": -10.011864939840365, "params": {"C": 11723.50169181749, "gamma": 0.03278552834857203}, "datetime": {"datetime": "2021-06-22 08:49:04", "elapsed": 735.784618, "delta": 3.549313}}
{"target": -9.905591128263765, "params": {"C": 13363.542069983529, "gamma": 0.03941963754041939}, "datetime": {"datetime": "2021-06-22 08:49:07", "elapsed": 738.705063, "delta": 2.920445}}
{"target": -9.858086061387102, "params": {"C": 15313.412776039702, "gamma": 0.037221502743696164}, "datetime": {"datetime": "2021-06-22 08:49:10", "elapsed": 741.967902, "delta": 3.262839}}
{"target": -10.286695514435412, "params": {"C": 13523.058878937909, "gamma": 0.06}, "datetime": {"datetime": "2021-06-22 08:49:13", "elapsed": 745.174153, "delta": 3.206251}}
{"target": -10.467132404019656, "params": {"C": 12752.98834907838, "gamma": 0.01611313020910185}, "datetime": {"datetime": "2021-06-22 08:49:16", "elapsed": 748.188403, "delta": 3.01425}}
{"target": -9.86178683474824, "params": {"C": 15372.63455707402, "gamma": 0.04039749184262244}, "datetime": {"datetime": "2021-06-22 08:49:20", "elapsed": 752.251644, "delta": 4.063241}}
{"target": -9.909035653167265, "params": {"C": 13952.74314355358, "gamma": 0.036079826313120206}, "datetime": {"datetime": "2021-06-22 08:49:25", "elapsed": 756.679563, "delta": 4.427919}}
{"target": -9.963241231376896, "params": {"C": 12624.683539404046, "gamma": 0.04633599599153815}, "datetime": {"datetime": "2021-06-22 08:49:28", "elapsed": 759.932545, "delta": 3.252982}}
{"target": -10.113803236546646, "params": {"C": 8353.904195832223, "gamma": 0.04422739988663634}, "datetime": {"datetime": "2021-06-22 08:49:32", "elapsed": 763.971584, "delta": 4.039039}}
{"target": -9.881009804059717, "params": {"C": 14902.335575645546, "gamma": 0.042076772541860215}, "datetime": {"datetime": "2021-06-22 08:49:37", "elapsed": 769.18145, "delta": 5.209866}}
{"target": -10.022704172323893, "params": {"C": 10205.539472189172, "gamma": 0.04261172164918036}, "datetime": {"datetime": "2021-06-22 08:49:41", "elapsed": 772.931766, "delta": 3.750316}}
{"target": -10.783391668721858, "params": {"C": 12846.858503542888, "gamma": 0.009}, "datetime": {"datetime": "2021-06-22 08:49:46", "elapsed": 778.181368, "delta": 5.249602}}
{"target": -10.783047579986198, "params": {"C": 12863.091016172744, "gamma": 0.009}, "datetime": {"datetime": "2021-06-22 08:49:49", "elapsed": 781.191532, "delta": 3.010164}}
{"target": -10.68915542154067, "params": {"C": 12880.618826497051, "gamma": 0.010462578700162989}, "datetime": {"datetime": "2021-06-22 08:49:54", "elapsed": 785.670455, "delta": 4.478923}}
{"target": -10.637203245567505, "params": {"C": 12825.499199955564, "gamma": 0.01166057828862067}, "datetime": {"datetime": "2021-06-22 08:49:58", "elapsed": 790.00382, "delta": 4.333365}}
{"target": -10.912699907658723, "params": {"C": 8207.556088641395, "gamma": 0.00931689846684508}, "datetime": {"datetime": "2021-06-22 08:50:03", "elapsed": 794.746822, "delta": 4.743002}}
{"target": -10.169195587390853, "params": {"C": 9883.759031749509, "gamma": 0.028215415355043308}, "datetime": {"datetime": "2021-06-22 08:50:06", "elapsed": 798.022742, "delta": 3.27592}}
{"target": -10.0643438356595, "params": {"C": 12430.09529660276, "gamma": 0.028624429074747916}, "datetime": {"datetime": "2021-06-22 08:50:10", "elapsed": 801.687841, "delta": 3.665099}}
{"target": -9.960770735019043, "params": {"C": 13034.68934104537, "gamma": 0.033759246742706694}, "datetime": {"datetime": "2021-06-22 08:50:15", "elapsed": 807.079794, "delta": 5.391953}}
{"target": -10.27561466014373, "params": {"C": 10608.352655755365, "gamma": 0.06}, "datetime": {"datetime": "2021-06-22 08:50:19", "elapsed": 811.437406, "delta": 4.357612}}
{"target": -9.964812048486577, "params": {"C": 11655.426794102923, "gamma": 0.038736917478222936}, "datetime": {"datetime": "2021-06-22 08:50:23", "elapsed": 815.010756, "delta": 3.57335}}
{"target": -9.915893833683864, "params": {"C": 14614.540688307032, "gamma": 0.04603481981999803}, "datetime": {"datetime": "2021-06-22 08:50:29", "elapsed": 820.823066, "delta": 5.81231}}
{"target": -10.091527006434971, "params": {"C": 14659.273455432647, "gamma": 0.02542507110767825}, "datetime": {"datetime": "2021-06-22 08:50:36", "elapsed": 827.730447, "delta": 6.907381}}
{"target": -9.947314621795396, "params": {"C": 13856.466221453305, "gamma": 0.03262158562731326}, "datetime": {"datetime": "2021-06-22 08:50:41", "elapsed": 833.194666, "delta": 5.464219}}
{"target": -10.084703270462152, "params": {"C": 12809.807121793023, "gamma": 0.027394637722408688}, "datetime": {"datetime": "2021-06-22 08:50:45", "elapsed": 836.60984, "delta": 3.415174}}
{"target": -9.989157030779989, "params": {"C": 14939.771126547217, "gamma": 0.028801700995557677}, "datetime": {"datetime": "2021-06-22 08:50:49", "elapsed": 841.49383, "delta": 4.88399}}
{"target": -10.118567507233495, "params": {"C": 14850.459028993477, "gamma": 0.05445875095695456}, "datetime": {"datetime": "2021-06-22 08:50:53", "elapsed": 845.199153, "delta": 3.705323}}
{"target": -10.069623310706978, "params": {"C": 9312.947833856231, "gamma": 0.037242675724518476}, "datetime": {"datetime": "2021-06-22 08:50:58", "elapsed": 850.33808, "delta": 5.138927}}
{"target": -9.928496016564587, "params": {"C": 12969.302850487888, "gamma": 0.03747415345932733}, "datetime": {"datetime": "2021-06-22 08:51:02", "elapsed": 853.710983, "delta": 3.372903}}
{"target": -10.27374864607421, "params": {"C": 13404.664250235204, "gamma": 0.05958994592139828}, "datetime": {"datetime": "2021-06-22 08:51:07", "elapsed": 859.213463, "delta": 5.50248}}
{"target": -9.93811244547559, "params": {"C": 13426.7292451791, "gamma": 0.03469283087893994}, "datetime": {"datetime": "2021-06-22 08:51:11", "elapsed": 863.477955, "delta": 4.264492}}
{"target": -10.248616895613491, "params": {"C": 11248.88792825854, "gamma": 0.05901171317582593}, "datetime": {"datetime": "2021-06-22 08:51:16", "elapsed": 868.400117, "delta": 4.922162}}
{"target": -9.973228472680574, "params": {"C": 12469.732008028543, "gamma": 0.04698895189576884}, "datetime": {"datetime": "2021-06-22 08:51:20", "elapsed": 872.406577, "delta": 4.00646}}
{"target": -10.746479657980213, "params": {"C": 13892.073354093307, "gamma": 0.009208931556977717}, "datetime": {"datetime": "2021-06-22 08:51:27", "elapsed": 878.772472, "delta": 6.365895}}
{"target": -10.301784462488852, "params": {"C": 15423.40747431258, "gamma": 0.06}, "datetime": {"datetime": "2021-06-22 08:51:30", "elapsed": 882.248048, "delta": 3.475576}}
{"target": -10.228846262988748, "params": {"C": 12250.468095205322, "gamma": 0.023150856698280396}, "datetime": {"datetime": "2021-06-22 08:51:34", "elapsed": 886.106856, "delta": 3.858808}}
{"target": -10.600763539301871, "params": {"C": 10232.378438038882, "gamma": 0.013878582858655064}, "datetime": {"datetime": "2021-06-22 08:51:38", "elapsed": 890.065837, "delta": 3.958981}}
{"target": -10.721797483022133, "params": {"C": 12531.344861940324, "gamma": 0.009966368089426749}, "datetime": {"datetime": "2021-06-22 08:51:43", "elapsed": 895.282131, "delta": 5.216294}}
{"target": -9.857786907296688, "params": {"C": 15170.153313837094, "gamma": 0.038219719263700686}, "datetime": {"datetime": "2021-06-22 08:51:50", "elapsed": 902.378185, "delta": 7.096054}}
{"target": -10.10787162096924, "params": {"C": 12389.559055265288, "gamma": 0.05423110049291006}, "datetime": {"datetime": "2021-06-22 08:51:55", "elapsed": 906.70499, "delta": 4.326805}}
{"target": -10.30767851121746, "params": {"C": 12896.729843083034, "gamma": 0.020383611571968642}, "datetime": {"datetime": "2021-06-22 08:52:00", "elapsed": 912.508735, "delta": 5.803745}}
{"target": -9.99723992051907, "params": {"C": 10720.630020496006, "gamma": 0.039888462705838255}, "datetime": {"datetime": "2021-06-22 08:52:05", "elapsed": 917.156029, "delta": 4.647294}}
{"target": -9.882405134689536, "params": {"C": 15334.057282676744, "gamma": 0.03455565617183288}, "datetime": {"datetime": "2021-06-22 08:52:09", "elapsed": 920.590432, "delta": 3.434403}}
{"target": -10.568896653733695, "params": {"C": 11845.064330503803, "gamma": 0.013856626172309622}, "datetime": {"datetime": "2021-06-22 08:52:14", "elapsed": 926.257968, "delta": 5.667536}}
{"target": -9.882592537802172, "params": {"C": 15494.00518681389, "gamma": 0.04396744799760789}, "datetime": {"datetime": "2021-06-22 08:52:19", "elapsed": 931.185908, "delta": 4.92794}}
{"target": -10.113708194080791, "params": {"C": 8330.557276372994, "gamma": 0.03846949715322853}, "datetime": {"datetime": "2021-06-22 08:52:24", "elapsed": 936.088084, "delta": 4.902176}}
{"target": -10.041862429508956, "params": {"C": 9964.402171927471, "gamma": 0.04463698658161227}, "datetime": {"datetime": "2021-06-22 08:52:30", "elapsed": 942.354108, "delta": 6.266024}}
{"target": -10.084464303927225, "params": {"C": 11199.009421020142, "gamma": 0.05333007210848986}, "datetime": {"datetime": "2021-06-22 08:52:34", "elapsed": 946.104148, "delta": 3.75004}}
{"target": -10.324094708481313, "params": {"C": 10980.796008808524, "gamma": 0.021444798377933318}, "datetime": {"datetime": "2021-06-22 08:52:38", "elapsed": 949.78895, "delta": 3.684802}}
{"target": -10.266575765341608, "params": {"C": 9349.94555638565, "gamma": 0.025203798443857672}, "datetime": {"datetime": "2021-06-22 08:52:42", "elapsed": 953.596168, "delta": 3.807218}}
{"target": -10.252942634625658, "params": {"C": 8665.189889365465, "gamma": 0.05872016685790522}, "datetime": {"datetime": "2021-06-22 08:52:45", "elapsed": 957.496689, "delta": 3.900521}}
{"target": -10.614025010933851, "params": {"C": 8836.798289105458, "gamma": 0.014415189028988612}, "datetime": {"datetime": "2021-06-22 08:52:50", "elapsed": 961.562306, "delta": 4.065617}}
{"target": -9.930277981753198, "params": {"C": 12723.906858743656, "gamma": 0.042062521447971894}, "datetime": {"datetime": "2021-06-22 08:52:56", "elapsed": 967.705788, "delta": 6.143482}}
{"target": -10.084739191881264, "params": {"C": 8854.782553615205, "gamma": 0.039325676697904245}, "datetime": {"datetime": "2021-06-22 08:53:00", "elapsed": 971.574289, "delta": 3.868501}}
{"target": -10.160053211052773, "params": {"C": 9086.18379316849, "gamma": 0.03005680822583154}, "datetime": {"datetime": "2021-06-22 08:53:04", "elapsed": 976.473162, "delta": 4.898873}}
{"target": -9.966157622600766, "params": {"C": 11702.028862562429, "gamma": 0.04284457585156004}, "datetime": {"datetime": "2021-06-22 08:53:10", "elapsed": 981.618741, "delta": 5.145579}}
{"target": -10.244044731063289, "params": {"C": 11424.414722846446, "gamma": 0.02344514768082026}, "datetime": {"datetime": "2021-06-22 08:53:15", "elapsed": 986.838197, "delta": 5.219456}}
{"target": -9.998609237226812, "params": {"C": 10996.805978905388, "gamma": 0.04418795777027424}, "datetime": {"datetime": "2021-06-22 08:53:20", "elapsed": 992.457581, "delta": 5.619384}}
{"target": -9.92744177925101, "params": {"C": 13184.372454207012, "gamma": 0.04369823725677366}, "datetime": {"datetime": "2021-06-22 08:53:24", "elapsed": 996.548765, "delta": 4.091184}}
{"target": -9.97052426056213, "params": {"C": 12604.09520359054, "gamma": 0.0470486285888411}, "datetime": {"datetime": "2021-06-22 08:53:29", "elapsed": 1000.683624, "delta": 4.134859}}
{"target": -9.932256880528207, "params": {"C": 15278.37052346878, "gamma": 0.04779485803869734}, "datetime": {"datetime": "2021-06-22 08:53:33", "elapsed": 1004.762121, "delta": 4.078497}}
{"target": -9.844624289243242, "params": {"C": 15838.658989771608, "gamma": 0.03710708213025331}, "datetime": {"datetime": "2021-06-22 08:53:41", "elapsed": 1013.392426, "delta": 8.630305}}
{"target": -9.965572041260218, "params": {"C": 12117.75981551877, "gamma": 0.03652526514094452}, "datetime": {"datetime": "2021-06-22 08:53:48", "elapsed": 1020.026325, "delta": 6.633899}}
{"target": -10.566877626432573, "params": {"C": 11518.480554308811, "gamma": 0.014090335795888054}, "datetime": {"datetime": "2021-06-22 08:53:52", "elapsed": 1024.165657, "delta": 4.139332}}
{"target": -10.56284061860045, "params": {"C": 11499.093659808423, "gamma": 0.014213178501067689}, "datetime": {"datetime": "2021-06-22 08:53:56", "elapsed": 1028.337483, "delta": 4.171826}}
{"target": -10.014559061246178, "params": {"C": 11482.521217941565, "gamma": 0.03334081329484992}, "datetime": {"datetime": "2021-06-22 08:54:00", "elapsed": 1032.547651, "delta": 4.210168}}
{"target": -10.028174783433654, "params": {"C": 14099.221958922964, "gamma": 0.028115666219309526}, "datetime": {"datetime": "2021-06-22 08:54:09", "elapsed": 1040.935927, "delta": 8.388276}}
{"target": -9.870254595109747, "params": {"C": 15243.610777781683, "gamma": 0.03603963308850815}, "datetime": {"datetime": "2021-06-22 08:54:14", "elapsed": 1046.492538, "delta": 5.556611}}
{"target": -10.113657227799383, "params": {"C": 9332.223697901522, "gamma": 0.051331815080049845}, "datetime": {"datetime": "2021-06-22 08:54:20", "elapsed": 1052.46344, "delta": 5.970902}}
{"target": -9.918517315070646, "params": {"C": 13667.869339492443, "gamma": 0.0359835385699385}, "datetime": {"datetime": "2021-06-22 08:54:25", "elapsed": 1056.76018, "delta": 4.29674}}
{"target": -10.248058815644704, "params": {"C": 15109.145099738353, "gamma": 0.020455042852260106}, "datetime": {"datetime": "2021-06-22 08:54:31", "elapsed": 1063.414855, "delta": 6.654675}}
{"target": -10.378070511746152, "params": {"C": 10458.869139712695, "gamma": 0.020336638259734786}, "datetime": {"datetime": "2021-06-22 08:54:36", "elapsed": 1067.948551, "delta": 4.533696}}
{"target": -9.858831680543307, "params": {"C": 15742.749837348405, "gamma": 0.035680804263829885}, "datetime": {"datetime": "2021-06-22 08:54:43", "elapsed": 1075.324078, "delta": 7.375527}}
{"target": -10.180850969124343, "params": {"C": 9015.622053487858, "gamma": 0.05613833622397833}, "datetime": {"datetime": "2021-06-22 08:54:50", "elapsed": 1081.7729, "delta": 6.448822}}
{"target": -10.67865172044958, "params": {"C": 11976.706164469899, "gamma": 0.011023620385444756}, "datetime": {"datetime": "2021-06-22 08:54:56", "elapsed": 1087.781262, "delta": 6.008362}}
{"target": -10.631640477035953, "params": {"C": 15586.881170259283, "gamma": 0.010838883662057723}, "datetime": {"datetime": "2021-06-22 08:55:01", "elapsed": 1092.667643, "delta": 4.886381}}
{"target": -10.049855682875796, "params": {"C": 15601.341469631956, "gamma": 0.0520917423295001}, "datetime": {"datetime": "2021-06-22 08:55:08", "elapsed": 1099.749277, "delta": 7.081634}}
{"target": -9.9174577145297, "params": {"C": 15574.576762591834, "gamma": 0.04713800486693823}, "datetime": {"datetime": "2021-06-22 08:55:12", "elapsed": 1104.148975, "delta": 4.399698}}
{"target": -10.221316796987622, "params": {"C": 11164.799964109461, "gamma": 0.024520901914880086}, "datetime": {"datetime": "2021-06-22 08:55:18", "elapsed": 1109.698645, "delta": 5.54967}}
{"target": -10.265354777683127, "params": {"C": 9858.265822574816, "gamma": 0.05968352072864449}, "datetime": {"datetime": "2021-06-22 08:55:23", "elapsed": 1115.270599, "delta": 5.571954}}
{"target": -10.105945498506623, "params": {"C": 14497.335616779184, "gamma": 0.025108900249696697}, "datetime": {"datetime": "2021-06-22 08:55:29", "elapsed": 1120.906582, "delta": 5.635983}}
{"target": -10.197277579122533, "params": {"C": 9271.999529135732, "gamma": 0.05704021938587135}, "datetime": {"datetime": "2021-06-22 08:55:33", "elapsed": 1125.023735, "delta": 4.117153}}
{"target": -10.26228418246757, "params": {"C": 12407.398645167319, "gamma": 0.02198798200065933}, "datetime": {"datetime": "2021-06-22 08:55:39", "elapsed": 1131.336533, "delta": 6.312798}}
{"target": -10.069028296633178, "params": {"C": 13482.497105310982, "gamma": 0.05282821895679835}, "datetime": {"datetime": "2021-06-22 08:55:45", "elapsed": 1136.802336, "delta": 5.465803}}
{"target": -10.37591842814287, "params": {"C": 14286.966960359765, "gamma": 0.01774651470739349}, "datetime": {"datetime": "2021-06-22 08:55:52", "elapsed": 1143.940655, "delta": 7.138319}}
{"target": -10.23683766509391, "params": {"C": 14267.17508312865, "gamma": 0.05829909612456142}, "datetime": {"datetime": "2021-06-22 08:55:57", "elapsed": 1149.519121, "delta": 5.578466}}
{"target": -9.90220568140471, "params": {"C": 14191.260293887528, "gamma": 0.043182326956890664}, "datetime": {"datetime": "2021-06-22 08:56:05", "elapsed": 1157.275821, "delta": 7.7567}}
{"target": -10.077184162334884, "params": {"C": 14679.145883716745, "gamma": 0.05307959223717744}, "datetime": {"datetime": "2021-06-22 08:56:10", "elapsed": 1162.155344, "delta": 4.879523}}
{"target": -10.164223817610505, "params": {"C": 14020.868438039972, "gamma": 0.0559891750361821}, "datetime": {"datetime": "2021-06-22 08:56:15", "elapsed": 1167.422676, "delta": 5.267332}}
{"target": -10.10029157055787, "params": {"C": 10822.79921338055, "gamma": 0.053874517912600096}, "datetime": {"datetime": "2021-06-22 08:56:21", "elapsed": 1173.23128, "delta": 5.808604}}
{"target": -9.952129163579825, "params": {"C": 13873.09104807975, "gamma": 0.047932452109394744}, "datetime": {"datetime": "2021-06-22 08:56:26", "elapsed": 1177.619494, "delta": 4.388214}}
{"target": -10.917375487279477, "params": {"C": 8551.515733355573, "gamma": 0.009086661398195804}, "datetime": {"datetime": "2021-06-22 08:56:30", "elapsed": 1181.859522, "delta": 4.240028}}
{"target": -10.822675400730471, "params": {"C": 8570.894805406679, "gamma": 0.01008477215181825}, "datetime": {"datetime": "2021-06-22 08:56:34", "elapsed": 1186.366003, "delta": 4.506481}}
{"target": -10.123734856634872, "params": {"C": 8598.623005776615, "gamma": 0.03384250164742665}, "datetime": {"datetime": "2021-06-22 08:56:38", "elapsed": 1190.401592, "delta": 4.035589}}
{"target": -10.621691974954661, "params": {"C": 15147.61041595106, "gamma": 0.011193447834249129}, "datetime": {"datetime": "2021-06-22 08:56:44", "elapsed": 1196.229811, "delta": 5.828219}}
{"target": -9.96889751939118, "params": {"C": 11613.013240061457, "gamma": 0.0383986370869241}, "datetime": {"datetime": "2021-06-22 08:56:49", "elapsed": 1200.642536, "delta": 4.412725}}
{"target": -10.330214509271931, "params": {"C": 14541.794898340979, "gamma": 0.01876917998878621}, "datetime": {"datetime": "2021-06-22 08:56:55", "elapsed": 1207.456746, "delta": 6.81421}}
{"target": -10.154714574036227, "params": {"C": 9033.07358900721, "gamma": 0.05442562069637693}, "datetime": {"datetime": "2021-06-22 08:57:02", "elapsed": 1214.291678, "delta": 6.834932}}
{"target": -10.129820743009176, "params": {"C": 12988.015198988964, "gamma": 0.02565612894867423}, "datetime": {"datetime": "2021-06-22 08:57:07", "elapsed": 1218.698391, "delta": 4.406713}}
