{"target": -19.700502652494535, "params": {"C": 31.551198299220175, "gamma": 0.046674398198708056}, "datetime": {"datetime": "2021-06-21 22:37:04", "elapsed": 84.477502, "delta": 0.817998}}
{"target": -18.671654308901307, "params": {"C": 40.30991855794176, "gamma": 0.04054449883160685}, "datetime": {"datetime": "2021-06-21 22:37:05", "elapsed": 85.324504, "delta": 0.847002}}
{"target": -18.368071691469726, "params": {"C": 40.174931356564, "gamma": 0.02576556403529421}, "datetime": {"datetime": "2021-06-21 22:37:06", "elapsed": 86.151473, "delta": 0.826969}}
{"target": -18.92598038941982, "params": {"C": 40.088695224687655, "gamma": 0.04798117778270685}, "datetime": {"datetime": "2021-06-21 22:37:07", "elapsed": 87.149503, "delta": 0.99803}}
{"target": -21.161139550185407, "params": {"C": 20.686040554772774, "gamma": 0.04717702571802767}, "datetime": {"datetime": "2021-06-21 22:37:08", "elapsed": 88.397504, "delta": 1.248001}}
{"target": -20.410926855373095, "params": {"C": 23.647947992121935, "gamma": 0.03854318705445449}, "datetime": {"datetime": "2021-06-21 22:37:08", "elapsed": 88.986503, "delta": 0.588999}}
{"target": -18.906793718909732, "params": {"C": 40.437118571018516, "gamma": 0.04829738196303024}, "datetime": {"datetime": "2021-06-21 22:37:10", "elapsed": 90.230466, "delta": 1.243963}}
{"target": -19.074785311213706, "params": {"C": 34.41562666226752, "gamma": 0.03596851120737089}, "datetime": {"datetime": "2021-06-21 22:37:11", "elapsed": 91.082992, "delta": 0.852526}}
{"target": -19.66371263400316, "params": {"C": 27.56459119872276, "gamma": 0.030829374012212002}, "datetime": {"datetime": "2021-06-21 22:37:11", "elapsed": 91.922029, "delta": 0.839037}}
{"target": -18.99310711917761, "params": {"C": 36.10968673818426, "gamma": 0.03876840684264854}, "datetime": {"datetime": "2021-06-21 22:37:12", "elapsed": 92.888988, "delta": 0.966959}}
{"target": -22.401018827779108, "params": {"C": 14.685689969624317, "gamma": 0.049242898956037735}, "datetime": {"datetime": "2021-06-21 22:37:13", "elapsed": 93.98199, "delta": 1.093002}}
{"target": -18.740884079972062, "params": {"C": 38.259131342077275, "gamma": 0.03692930161900399}, "datetime": {"datetime": "2021-06-21 22:37:14", "elapsed": 94.853029, "delta": 0.871039}}
{"target": -18.69047498494238, "params": {"C": 38.120349372513026, "gamma": 0.014211424146484183}, "datetime": {"datetime": "2021-06-21 22:37:15", "elapsed": 95.671027, "delta": 0.817998}}
{"target": -19.968760381482976, "params": {"C": 30.004476620666892, "gamma": 0.04968201904588118}, "datetime": {"datetime": "2021-06-21 22:37:17", "elapsed": 97.476029, "delta": 1.805002}}
{"target": -18.960964275985422, "params": {"C": 33.01774472841252, "gamma": 0.02177433852226484}, "datetime": {"datetime": "2021-06-21 22:37:18", "elapsed": 98.524019, "delta": 1.04799}}
{"target": -22.51664426908788, "params": {"C": 11.652201484482834, "gamma": 0.01104527670459087}, "datetime": {"datetime": "2021-06-21 22:37:19", "elapsed": 99.404052, "delta": 0.880033}}
{"target": -18.565271344782328, "params": {"C": 44.32932919138683, "gamma": 0.04751733821916765}, "datetime": {"datetime": "2021-06-21 22:37:20", "elapsed": 100.353011, "delta": 0.948959}}
{"target": -20.539703832466152, "params": {"C": 22.990140330146712, "gamma": 0.03951236983251784}, "datetime": {"datetime": "2021-06-21 22:37:21", "elapsed": 101.238052, "delta": 0.885041}}
{"target": -19.692298234117082, "params": {"C": 28.890399732522347, "gamma": 0.036991145623265775}, "datetime": {"datetime": "2021-06-21 22:37:22", "elapsed": 102.23496, "delta": 0.996908}}
{"target": -19.22916387705493, "params": {"C": 33.984907305194675, "gamma": 0.039716496075867705}, "datetime": {"datetime": "2021-06-21 22:37:23", "elapsed": 103.240191, "delta": 1.005231}}
{"target": -19.433590020721113, "params": {"C": 31.07750130546208, "gamma": 0.01169071865026305}, "datetime": {"datetime": "2021-06-21 22:37:24", "elapsed": 104.202804, "delta": 0.962613}}
{"target": -19.31942022218916, "params": {"C": 32.02579770264408, "gamma": 0.012073405349302575}, "datetime": {"datetime": "2021-06-21 22:37:25", "elapsed": 105.463127, "delta": 1.260323}}
{"target": -19.469813622030692, "params": {"C": 34.84855746128176, "gamma": 0.04992619958626555}, "datetime": {"datetime": "2021-06-21 22:37:26", "elapsed": 106.320164, "delta": 0.857037}}
{"target": -20.98812667832319, "params": {"C": 20.182328769697424, "gamma": 0.009}, "datetime": {"datetime": "2021-06-21 22:37:27", "elapsed": 107.537112, "delta": 1.216948}}
{"target": -19.123507544852245, "params": {"C": 38.01025600534029, "gamma": 0.04843578698934701}, "datetime": {"datetime": "2021-06-21 22:37:28", "elapsed": 108.614699, "delta": 1.077587}}
{"target": -22.891043478330523, "params": {"C": 12.805832169003084, "gamma": 0.05}, "datetime": {"datetime": "2021-06-21 22:37:29", "elapsed": 109.687902, "delta": 1.073203}}
{"target": -18.607315766429128, "params": {"C": 45.84793394163501, "gamma": 0.009455610058865305}, "datetime": {"datetime": "2021-06-21 22:37:30", "elapsed": 110.666895, "delta": 0.978993}}
{"target": -18.40559848944288, "params": {"C": 44.714899719422405, "gamma": 0.04355375821421357}, "datetime": {"datetime": "2021-06-21 22:37:31", "elapsed": 111.674043, "delta": 1.007148}}
{"target": -18.8521373889839, "params": {"C": 35.7231764162703, "gamma": 0.014738251628872438}, "datetime": {"datetime": "2021-06-21 22:37:32", "elapsed": 112.801199, "delta": 1.127156}}
{"target": -19.383028857394574, "params": {"C": 35.5664418547721, "gamma": 0.04939952186996369}, "datetime": {"datetime": "2021-06-21 22:37:33", "elapsed": 113.783754, "delta": 0.982555}}
{"target": -20.326828335471397, "params": {"C": 25.053981412745564, "gamma": 0.04188359061189571}, "datetime": {"datetime": "2021-06-21 22:37:34", "elapsed": 114.415711, "delta": 0.631957}}
{"target": -18.790763499403695, "params": {"C": 35.87212719005587, "gamma": 0.03016915792606706}, "datetime": {"datetime": "2021-06-21 22:37:35", "elapsed": 115.509687, "delta": 1.093976}}
{"target": -18.626346391276947, "params": {"C": 45.40274314539736, "gamma": 0.009497354958425705}, "datetime": {"datetime": "2021-06-21 22:37:36", "elapsed": 116.674312, "delta": 1.164625}}
{"target": -18.350229671377154, "params": {"C": 43.337639149192704, "gamma": 0.03812391407225466}, "datetime": {"datetime": "2021-06-21 22:37:37", "elapsed": 117.306717, "delta": 0.632405}}
{"target": -20.89877384637269, "params": {"C": 19.19497870322722, "gamma": 0.011031195196418741}, "datetime": {"datetime": "2021-06-21 22:37:38", "elapsed": 118.804485, "delta": 1.497768}}
{"target": -18.691674028982344, "params": {"C": 36.49342178748231, "gamma": 0.027347392267991696}, "datetime": {"datetime": "2021-06-21 22:37:39", "elapsed": 119.81736, "delta": 1.012875}}
{"target": -18.72061723821678, "params": {"C": 36.3696121531356, "gamma": 0.028683480339893444}, "datetime": {"datetime": "2021-06-21 22:37:41", "elapsed": 121.08248, "delta": 1.26512}}
{"target": -19.30335481986617, "params": {"C": 36.6190045237591, "gamma": 0.05}, "datetime": {"datetime": "2021-06-21 22:37:42", "elapsed": 122.332455, "delta": 1.249975}}
{"target": -20.405033399515347, "params": {"C": 21.16049900430718, "gamma": 0.026519263231051943}, "datetime": {"datetime": "2021-06-21 22:37:43", "elapsed": 123.456233, "delta": 1.123778}}
{"target": -18.559032537140077, "params": {"C": 41.14965503443493, "gamma": 0.03916845540356819}, "datetime": {"datetime": "2021-06-21 22:37:44", "elapsed": 124.096234, "delta": 0.640001}}
{"target": -18.999110760709005, "params": {"C": 34.83339966706757, "gamma": 0.03474464257757249}, "datetime": {"datetime": "2021-06-21 22:37:44", "elapsed": 124.734232, "delta": 0.637998}}
{"target": -19.055083573541058, "params": {"C": 32.97852880566112, "gamma": 0.015418790322810481}, "datetime": {"datetime": "2021-06-21 22:37:45", "elapsed": 125.407232, "delta": 0.673}}
{"target": -18.874229076428325, "params": {"C": 34.7224172859671, "gamma": 0.01635289128249476}, "datetime": {"datetime": "2021-06-21 22:37:46", "elapsed": 126.541231, "delta": 1.133999}}
{"target": -18.95373030531975, "params": {"C": 41.25012040117307, "gamma": 0.009}, "datetime": {"datetime": "2021-06-21 22:37:47", "elapsed": 127.876275, "delta": 1.335044}}
{"target": -18.961255127331363, "params": {"C": 33.20141297123964, "gamma": 0.024869141446501375}, "datetime": {"datetime": "2021-06-21 22:37:49", "elapsed": 129.065684, "delta": 1.189409}}
{"target": -19.69863686382449, "params": {"C": 27.138822225637114, "gamma": 0.013585543478796022}, "datetime": {"datetime": "2021-06-21 22:37:50", "elapsed": 130.179095, "delta": 1.113411}}
{"target": -20.002771902300957, "params": {"C": 27.987778141365286, "gamma": 0.009}, "datetime": {"datetime": "2021-06-21 22:37:51", "elapsed": 131.358404, "delta": 1.179309}}
{"target": -20.713358343761683, "params": {"C": 22.054194924205852, "gamma": 0.009}, "datetime": {"datetime": "2021-06-21 22:37:52", "elapsed": 132.469081, "delta": 1.110677}}
{"target": -19.236957404156055, "params": {"C": 36.24834761212134, "gamma": 0.04688989993057395}, "datetime": {"datetime": "2021-06-21 22:37:53", "elapsed": 133.799362, "delta": 1.330281}}
{"target": -18.617959347842003, "params": {"C": 38.373944790174875, "gamma": 0.01538722748735842}, "datetime": {"datetime": "2021-06-21 22:37:55", "elapsed": 135.151592, "delta": 1.35223}}
{"target": -19.67307972999851, "params": {"C": 26.20481923716204, "gamma": 0.01782167212299006}, "datetime": {"datetime": "2021-06-21 22:37:56", "elapsed": 136.402497, "delta": 1.250905}}
{"target": -19.913542426417386, "params": {"C": 24.05534389961541, "gamma": 0.019032580848891874}, "datetime": {"datetime": "2021-06-21 22:37:57", "elapsed": 137.405644, "delta": 1.003147}}
{"target": -18.658076994133445, "params": {"C": 44.123193117769596, "gamma": 0.04983049081265977}, "datetime": {"datetime": "2021-06-21 22:37:58", "elapsed": 138.457283, "delta": 1.051639}}
{"target": -21.395077690264273, "params": {"C": 15.110399308144178, "gamma": 0.021953025010859894}, "datetime": {"datetime": "2021-06-21 22:37:59", "elapsed": 139.675977, "delta": 1.218694}}
{"target": -19.267224850236296, "params": {"C": 33.40866000717798, "gamma": 0.03905481963232502}, "datetime": {"datetime": "2021-06-21 22:38:00", "elapsed": 140.851561, "delta": 1.175584}}
{"target": -21.95632666462662, "params": {"C": 13.97601278746561, "gamma": 0.032803149540897344}, "datetime": {"datetime": "2021-06-21 22:38:01", "elapsed": 141.544412, "delta": 0.692851}}
{"target": -18.554247884045665, "params": {"C": 39.766750222830545, "gamma": 0.014489882099403249}, "datetime": {"datetime": "2021-06-21 22:38:02", "elapsed": 142.873745, "delta": 1.329333}}
{"target": -18.680400124562276, "params": {"C": 39.876133457172486, "gamma": 0.012364336851987357}, "datetime": {"datetime": "2021-06-21 22:38:04", "elapsed": 144.268553, "delta": 1.394808}}
{"target": -18.421452018616865, "params": {"C": 39.654503521493346, "gamma": 0.019490412656718865}, "datetime": {"datetime": "2021-06-21 22:38:05", "elapsed": 145.665372, "delta": 1.396819}}
{"target": -18.612731138061726, "params": {"C": 39.57070891106498, "gamma": 0.036497572663949984}, "datetime": {"datetime": "2021-06-21 22:38:07", "elapsed": 147.041047, "delta": 1.375675}}
{"target": -21.659979855096058, "params": {"C": 16.29772297002206, "gamma": 0.009}, "datetime": {"datetime": "2021-06-21 22:38:08", "elapsed": 148.298749, "delta": 1.257702}}
{"target": -20.072289488608074, "params": {"C": 25.940367253998097, "gamma": 0.03778098229434815}, "datetime": {"datetime": "2021-06-21 22:38:08", "elapsed": 148.99581, "delta": 0.697061}}
{"target": -19.24967664309127, "params": {"C": 32.68348810641577, "gamma": 0.035995331968537256}, "datetime": {"datetime": "2021-06-21 22:38:10", "elapsed": 150.401228, "delta": 1.405418}}
{"target": -18.949636977749176, "params": {"C": 37.546724660437256, "gamma": 0.011191862323060221}, "datetime": {"datetime": "2021-06-21 22:38:11", "elapsed": 151.63876, "delta": 1.237532}}
{"target": -18.81815965381299, "params": {"C": 41.90740269827859, "gamma": 0.009617328242062956}, "datetime": {"datetime": "2021-06-21 22:38:12", "elapsed": 152.784766, "delta": 1.146006}}
{"target": -21.288458396203175, "params": {"C": 17.726712255600102, "gamma": 0.03646015378668923}, "datetime": {"datetime": "2021-06-21 22:38:14", "elapsed": 154.251835, "delta": 1.467069}}
{"target": -19.32552731806206, "params": {"C": 33.74774695231183, "gamma": 0.010354708407062579}, "datetime": {"datetime": "2021-06-21 22:38:16", "elapsed": 156.185282, "delta": 1.933447}}
{"target": -23.098210561869042, "params": {"C": 10.267627635492937, "gamma": 0.009940592645095074}, "datetime": {"datetime": "2021-06-21 22:38:17", "elapsed": 157.590379, "delta": 1.405097}}
{"target": -19.225349237591765, "params": {"C": 30.322030864136543, "gamma": 0.019325781123450132}, "datetime": {"datetime": "2021-06-21 22:38:19", "elapsed": 159.367222, "delta": 1.776843}}
{"target": -19.996847092760994, "params": {"C": 29.690354888608596, "gamma": 0.04944275346041608}, "datetime": {"datetime": "2021-06-21 22:38:20", "elapsed": 160.687291, "delta": 1.320069}}
{"target": -21.891323349003077, "params": {"C": 14.32762892384639, "gamma": 0.010334903329335404}, "datetime": {"datetime": "2021-06-21 22:38:22", "elapsed": 162.52918, "delta": 1.841889}}
{"target": -19.324380121388845, "params": {"C": 32.269526187174634, "gamma": 0.03706761687160352}, "datetime": {"datetime": "2021-06-21 22:38:24", "elapsed": 164.035196, "delta": 1.506016}}
{"target": -21.05712699200362, "params": {"C": 17.047597520955367, "gamma": 0.014315762118781713}, "datetime": {"datetime": "2021-06-21 22:38:25", "elapsed": 165.391996, "delta": 1.3568}}
{"target": -19.31390975306693, "params": {"C": 35.984927859165474, "gamma": 0.009}, "datetime": {"datetime": "2021-06-21 22:38:26", "elapsed": 166.876996, "delta": 1.485}}
{"target": -18.949483725743956, "params": {"C": 34.21980490222896, "gamma": 0.03036688059573127}, "datetime": {"datetime": "2021-06-21 22:38:28", "elapsed": 168.094997, "delta": 1.218001}}
{"target": -19.940430138486537, "params": {"C": 24.76020809905234, "gamma": 0.013964681885025983}, "datetime": {"datetime": "2021-06-21 22:38:29", "elapsed": 169.771097, "delta": 1.6761}}
{"target": -22.851917146074154, "params": {"C": 11.980373401751514, "gamma": 0.04305455736101878}, "datetime": {"datetime": "2021-06-21 22:38:31", "elapsed": 171.130443, "delta": 1.359346}}
{"target": -18.840002681856276, "params": {"C": 34.57277202440737, "gamma": 0.025347227040230895}, "datetime": {"datetime": "2021-06-21 22:38:32", "elapsed": 172.937443, "delta": 1.807}}
{"target": -22.7637289872861, "params": {"C": 11.327593279663045, "gamma": 0.0359089072804441}, "datetime": {"datetime": "2021-06-21 22:38:34", "elapsed": 174.336645, "delta": 1.399202}}
{"target": -18.471842342562343, "params": {"C": 49.068875505821545, "gamma": 0.00919203771524418}, "datetime": {"datetime": "2021-06-21 22:38:36", "elapsed": 176.332904, "delta": 1.996259}}
{"target": -19.30918242663584, "params": {"C": 31.815130788501172, "gamma": 0.034949431226859555}, "datetime": {"datetime": "2021-06-21 22:38:37", "elapsed": 177.796217, "delta": 1.463313}}
{"target": -19.76249916152862, "params": {"C": 30.841517078865223, "gamma": 0.04616756094842624}, "datetime": {"datetime": "2021-06-21 22:38:39", "elapsed": 179.355837, "delta": 1.55962}}
{"target": -20.337297678333684, "params": {"C": 21.04574769410317, "gamma": 0.017053335402633964}, "datetime": {"datetime": "2021-06-21 22:38:40", "elapsed": 180.097881, "delta": 0.742044}}
{"target": -18.35119225947878, "params": {"C": 49.86510392438412, "gamma": 0.0096742447829678}, "datetime": {"datetime": "2021-06-21 22:38:42", "elapsed": 182.134982, "delta": 2.037101}}
{"target": -18.271536651950292, "params": {"C": 48.971746304928594, "gamma": 0.04891000193006261}, "datetime": {"datetime": "2021-06-21 22:38:43", "elapsed": 183.375995, "delta": 1.241013}}
{"target": -20.01180475750438, "params": {"C": 28.642316024790254, "gamma": 0.046099275358253616}, "datetime": {"datetime": "2021-06-21 22:38:45", "elapsed": 185.073122, "delta": 1.697127}}
{"target": -19.407145568297477, "params": {"C": 31.305179638769296, "gamma": 0.036437910581131744}, "datetime": {"datetime": "2021-06-21 22:38:47", "elapsed": 187.208979, "delta": 2.135857}}
{"target": -18.229011459985337, "params": {"C": 49.7370546206548, "gamma": 0.049239931546287}, "datetime": {"datetime": "2021-06-21 22:38:48", "elapsed": 188.458238, "delta": 1.249259}}
{"target": -18.793539732639218, "params": {"C": 35.10230415772474, "gamma": 0.018629776263467596}, "datetime": {"datetime": "2021-06-21 22:38:49", "elapsed": 189.857687, "delta": 1.399449}}
{"target": -19.821863316858686, "params": {"C": 29.136563515317384, "gamma": 0.041984952121771175}, "datetime": {"datetime": "2021-06-21 22:38:51", "elapsed": 191.350804, "delta": 1.493117}}
{"target": -18.670748562482757, "params": {"C": 37.12739865471531, "gamma": 0.029774545914802067}, "datetime": {"datetime": "2021-06-21 22:38:52", "elapsed": 192.734654, "delta": 1.38385}}
{"target": -20.287343566648943, "params": {"C": 23.251755630661485, "gamma": 0.03308012264339479}, "datetime": {"datetime": "2021-06-21 22:38:54", "elapsed": 194.889489, "delta": 2.154835}}
{"target": -21.473135394728992, "params": {"C": 19.3131488777018, "gamma": 0.049549438446084025}, "datetime": {"datetime": "2021-06-21 22:38:55", "elapsed": 195.641013, "delta": 0.751524}}
{"target": -20.798331970074084, "params": {"C": 22.726078667653702, "gamma": 0.04585633223019375}, "datetime": {"datetime": "2021-06-21 22:38:57", "elapsed": 197.456596, "delta": 1.815583}}
{"target": -18.457865098092114, "params": {"C": 49.949670628113225, "gamma": 0.009}, "datetime": {"datetime": "2021-06-21 22:38:59", "elapsed": 199.340309, "delta": 1.883713}}
{"target": -18.860450293148325, "params": {"C": 42.77927718163155, "gamma": 0.009}, "datetime": {"datetime": "2021-06-21 22:39:00", "elapsed": 201.004464, "delta": 1.664155}}
{"target": -18.939348173073288, "params": {"C": 39.13643374709187, "gamma": 0.01017364553864791}, "datetime": {"datetime": "2021-06-21 22:39:02", "elapsed": 202.54595, "delta": 1.541486}}
{"target": -19.588998646076263, "params": {"C": 31.036464344054522, "gamma": 0.041385444644144107}, "datetime": {"datetime": "2021-06-21 22:39:03", "elapsed": 203.320717, "delta": 0.774767}}
{"target": -20.25862052020095, "params": {"C": 27.34955303604645, "gamma": 0.04883203868864251}, "datetime": {"datetime": "2021-06-21 22:39:04", "elapsed": 204.862756, "delta": 1.542039}}
{"target": -22.453367333614487, "params": {"C": 13.577262052154234, "gamma": 0.043538053998651266}, "datetime": {"datetime": "2021-06-21 22:39:06", "elapsed": 206.326996, "delta": 1.46424}}
{"target": -18.53102441039386, "params": {"C": 39.974761733339605, "gamma": 0.01467305600507491}, "datetime": {"datetime": "2021-06-21 22:39:07", "elapsed": 207.976613, "delta": 1.649617}}
{"target": -18.298478884477976, "params": {"C": 49.0953513459814, "gamma": 0.05}, "datetime": {"datetime": "2021-06-21 22:39:09", "elapsed": 209.68291, "delta": 1.706297}}
{"target": -18.473602568632124, "params": {"C": 49.16067159159993, "gamma": 0.009152385831736724}, "datetime": {"datetime": "2021-06-21 22:39:11", "elapsed": 211.10788, "delta": 1.42497}}
{"target": -19.061947016919113, "params": {"C": 32.86072067894904, "gamma": 0.01552530568449631}, "datetime": {"datetime": "2021-06-21 22:39:11", "elapsed": 211.969176, "delta": 0.861296}}
{"target": -20.668127233672834, "params": {"C": 20.433747833684784, "gamma": 0.011436557762046305}, "datetime": {"datetime": "2021-06-21 22:39:13", "elapsed": 213.629887, "delta": 1.660711}}
{"target": -19.977328077178246, "params": {"C": 28.212879673181114, "gamma": 0.043454590626755316}, "datetime": {"datetime": "2021-06-21 22:39:16", "elapsed": 216.171212, "delta": 2.541325}}
{"target": -20.20611503143849, "params": {"C": 27.773848593521315, "gamma": 0.048855322622703375}, "datetime": {"datetime": "2021-06-21 22:39:18", "elapsed": 218.022212, "delta": 1.851}}
{"target": -19.10776548595935, "params": {"C": 37.73526113649918, "gamma": 0.009596268341092158}, "datetime": {"datetime": "2021-06-21 22:39:20", "elapsed": 220.152212, "delta": 2.13}}
{"target": -21.430505009239866, "params": {"C": 18.95229987882163, "gamma": 0.046559374430399925}, "datetime": {"datetime": "2021-06-21 22:39:22", "elapsed": 222.166208, "delta": 2.013996}}
{"target": -20.30123788015482, "params": {"C": 26.928531582732887, "gamma": 0.04850549206173141}, "datetime": {"datetime": "2021-06-21 22:39:24", "elapsed": 224.790777, "delta": 2.624569}}
{"target": -18.005481985032986, "params": {"C": 49.62330153171141, "gamma": 0.04205589617368827}, "datetime": {"datetime": "2021-06-21 22:39:25", "elapsed": 225.790954, "delta": 1.000177}}
{"target": -20.957539593604164, "params": {"C": 19.93580656646935, "gamma": 0.009482911884031617}, "datetime": {"datetime": "2021-06-21 22:39:31", "elapsed": 231.275249, "delta": 5.484295}}
{"target": -20.808496997846795, "params": {"C": 21.387892253471765, "gamma": 0.009}, "datetime": {"datetime": "2021-06-21 22:39:36", "elapsed": 236.676334, "delta": 5.401085}}
{"target": -18.236352419731798, "params": {"C": 49.556801171656204, "gamma": 0.04908206570754474}, "datetime": {"datetime": "2021-06-21 22:39:41", "elapsed": 241.420871, "delta": 4.744537}}
{"target": -20.090063516105786, "params": {"C": 25.608454743751395, "gamma": 0.010422669814655994}, "datetime": {"datetime": "2021-06-21 22:39:46", "elapsed": 246.947007, "delta": 5.526136}}
{"target": -19.255209136535022, "params": {"C": 36.779746615468774, "gamma": 0.009}, "datetime": {"datetime": "2021-06-21 22:39:53", "elapsed": 253.972035, "delta": 7.025028}}
{"target": -19.051284881776194, "params": {"C": 37.22155086876146, "gamma": 0.043934651776266355}, "datetime": {"datetime": "2021-06-21 22:39:59", "elapsed": 259.160727, "delta": 5.188692}}
