{"target": -10.441597406811557, "params": {"C": 57104.304425005714, "gamma": 0.010903325251955306}, "datetime": {"datetime": "2021-06-22 09:30:22", "elapsed": 576.52225, "delta": 4.468156}}
{"target": -10.495726181386056, "params": {"C": 57035.8833812824, "gamma": 0.009779403487732102}, "datetime": {"datetime": "2021-06-22 09:30:25", "elapsed": 579.396028, "delta": 2.873778}}
{"target": -10.065213833520078, "params": {"C": 42138.41260961861, "gamma": 0.048113465047704244}, "datetime": {"datetime": "2021-06-22 09:30:29", "elapsed": 583.608283, "delta": 4.212255}}
{"target": -9.828078605814653, "params": {"C": 34953.04934904318, "gamma": 0.024207992085850318}, "datetime": {"datetime": "2021-06-22 09:30:32", "elapsed": 586.894757, "delta": 3.286474}}
{"target": -9.863933743749477, "params": {"C": 40112.5765510456, "gamma": 0.022975265293839267}, "datetime": {"datetime": "2021-06-22 09:30:36", "elapsed": 590.923478, "delta": 4.028721}}
{"target": -9.932870454000723, "params": {"C": 53113.99897507904, "gamma": 0.04063076255810227}, "datetime": {"datetime": "2021-06-22 09:30:40", "elapsed": 594.769422, "delta": 3.845944}}
{"target": -10.424949788314636, "params": {"C": 56477.75055539599, "gamma": 0.011221855796002597}, "datetime": {"datetime": "2021-06-22 09:30:45", "elapsed": 599.197419, "delta": 4.427997}}
{"target": -10.579804310919194, "params": {"C": 55702.58456328888, "gamma": 0.053703985576548895}, "datetime": {"datetime": "2021-06-22 09:30:49", "elapsed": 603.661187, "delta": 4.463768}}
{"target": -9.880439912600751, "params": {"C": 58317.464755047484, "gamma": 0.022640658946629207}, "datetime": {"datetime": "2021-06-22 09:30:53", "elapsed": 607.798724, "delta": 4.137537}}
{"target": -10.311938735713206, "params": {"C": 59643.27740094869, "gamma": 0.04804020192895261}, "datetime": {"datetime": "2021-06-22 09:30:56", "elapsed": 610.835619, "delta": 3.036895}}
{"target": -10.137340902999643, "params": {"C": 45322.6811225338, "gamma": 0.04883040014030405}, "datetime": {"datetime": "2021-06-22 09:31:00", "elapsed": 614.734541, "delta": 3.898922}}
{"target": -10.09546622743817, "params": {"C": 46845.616091406395, "gamma": 0.047736295034656866}, "datetime": {"datetime": "2021-06-22 09:31:04", "elapsed": 618.858862, "delta": 4.124321}}
{"target": -10.128939086378722, "params": {"C": 34082.922940894576, "gamma": 0.05131946648133659}, "datetime": {"datetime": "2021-06-22 09:31:08", "elapsed": 622.037445, "delta": 3.178583}}
{"target": -10.182084862507633, "params": {"C": 59207.63157302106, "gamma": 0.04500942823314922}, "datetime": {"datetime": "2021-06-22 09:31:16", "elapsed": 630.83749, "delta": 4.926254}}
{"target": -10.02904582740085, "params": {"C": 40976.42377345025, "gamma": 0.04762205579542615}, "datetime": {"datetime": "2021-06-22 09:31:21", "elapsed": 635.708019, "delta": 4.870529}}
{"target": -9.671556561825895, "params": {"C": 47790.85640797728, "gamma": 0.032805294840286436}, "datetime": {"datetime": "2021-06-22 09:31:24", "elapsed": 638.701252, "delta": 2.993233}}
{"target": -10.20241326026972, "params": {"C": 56966.181742176224, "gamma": 0.015236124986936371}, "datetime": {"datetime": "2021-06-22 09:31:28", "elapsed": 642.241083, "delta": 3.539831}}
{"target": -10.47661216663745, "params": {"C": 53897.68360640452, "gamma": 0.05246325522711318}, "datetime": {"datetime": "2021-06-22 09:31:31", "elapsed": 645.194599, "delta": 2.953516}}
{"target": -10.294246727159182, "params": {"C": 37110.14786267919, "gamma": 0.013906246982150622}, "datetime": {"datetime": "2021-06-22 09:31:36", "elapsed": 650.232727, "delta": 5.038128}}
{"target": -9.604521377614244, "params": {"C": 32465.291410110138, "gamma": 0.03295617287218286}, "datetime": {"datetime": "2021-06-22 09:31:39", "elapsed": 653.903513, "delta": 3.670786}}
{"target": -9.854439068484279, "params": {"C": 36154.7868608618, "gamma": 0.044836484837359386}, "datetime": {"datetime": "2021-06-22 09:31:43", "elapsed": 656.984642, "delta": 3.081129}}
{"target": -9.964514744633568, "params": {"C": 58786.07625389761, "gamma": 0.03898680383564864}, "datetime": {"datetime": "2021-06-22 09:31:47", "elapsed": 661.166795, "delta": 4.182153}}
{"target": -10.495527009765095, "params": {"C": 36626.17114577279, "gamma": 0.05791290835640302}, "datetime": {"datetime": "2021-06-22 09:31:53", "elapsed": 667.585341, "delta": 6.418546}}
{"target": -9.862025698436076, "params": {"C": 46926.57073032071, "gamma": 0.023124143473974706}, "datetime": {"datetime": "2021-06-22 09:31:57", "elapsed": 671.709346, "delta": 4.124005}}
{"target": -9.625428195713042, "params": {"C": 36555.84773312845, "gamma": 0.03798775484433608}, "datetime": {"datetime": "2021-06-22 09:32:01", "elapsed": 675.954846, "delta": 4.2455}}
{"target": -10.482961121077047, "params": {"C": 51603.759444189694, "gamma": 0.05319059124199266}, "datetime": {"datetime": "2021-06-22 09:32:05", "elapsed": 679.919383, "delta": 3.964537}}
{"target": -10.084958141888949, "params": {"C": 51673.22315561029, "gamma": 0.046367628206967}, "datetime": {"datetime": "2021-06-22 09:32:11", "elapsed": 685.808315, "delta": 5.888932}}
{"target": -10.021794010122624, "params": {"C": 41629.092105410135, "gamma": 0.019014864861227283}, "datetime": {"datetime": "2021-06-22 09:32:15", "elapsed": 689.907014, "delta": 4.098699}}
{"target": -9.703463934589667, "params": {"C": 49112.26953690377, "gamma": 0.028211347816370462}, "datetime": {"datetime": "2021-06-22 09:32:20", "elapsed": 694.192482, "delta": 4.285468}}
{"target": -9.735633965522583, "params": {"C": 35892.40911971765, "gamma": 0.0273445558300085}, "datetime": {"datetime": "2021-06-22 09:32:24", "elapsed": 698.04182, "delta": 3.849338}}
{"target": -9.648052740213139, "params": {"C": 40740.27055081926, "gamma": 0.036765778335131186}, "datetime": {"datetime": "2021-06-22 09:32:27", "elapsed": 701.322387, "delta": 3.280567}}
{"target": -10.644851980425644, "params": {"C": 38648.89690726028, "gamma": 0.06}, "datetime": {"datetime": "2021-06-22 09:32:31", "elapsed": 705.337686, "delta": 4.015299}}
{"target": -9.628303755791386, "params": {"C": 38589.49449701738, "gamma": 0.035476899926540136}, "datetime": {"datetime": "2021-06-22 09:32:37", "elapsed": 711.403302, "delta": 6.065616}}
{"target": -10.081067534707481, "params": {"C": 47951.34670253787, "gamma": 0.04726425518147527}, "datetime": {"datetime": "2021-06-22 09:32:40", "elapsed": 714.659151, "delta": 3.255849}}
{"target": -9.809858845293762, "params": {"C": 46757.78099481278, "gamma": 0.024838941194366707}, "datetime": {"datetime": "2021-06-22 09:32:43", "elapsed": 717.871961, "delta": 3.21281}}
{"target": -10.275917676481782, "params": {"C": 39541.105637622786, "gamma": 0.05292474893320507}, "datetime": {"datetime": "2021-06-22 09:32:47", "elapsed": 721.156041, "delta": 3.28408}}
{"target": -10.021905400966254, "params": {"C": 39472.49745773885, "gamma": 0.01907171100978529}, "datetime": {"datetime": "2021-06-22 09:32:51", "elapsed": 725.237503, "delta": 4.081462}}
{"target": -9.678488343346803, "params": {"C": 50146.721822128515, "gamma": 0.03164064583556558}, "datetime": {"datetime": "2021-06-22 09:32:55", "elapsed": 729.043517, "delta": 3.806014}}
{"target": -10.075477083929977, "params": {"C": 43780.5001025783, "gamma": 0.01784618718587105}, "datetime": {"datetime": "2021-06-22 09:32:59", "elapsed": 733.800768, "delta": 4.757251}}
{"target": -9.93683531121839, "params": {"C": 46287.90102574587, "gamma": 0.020798456459408147}, "datetime": {"datetime": "2021-06-22 09:33:04", "elapsed": 738.565735, "delta": 4.764967}}
{"target": -10.463263140403177, "params": {"C": 35114.87271085942, "gamma": 0.010521719174744221}, "datetime": {"datetime": "2021-06-22 09:33:08", "elapsed": 742.63355, "delta": 4.067815}}
{"target": -10.031549607121452, "params": {"C": 35196.74363352727, "gamma": 0.0489543604069882}, "datetime": {"datetime": "2021-06-22 09:33:11", "elapsed": 745.951014, "delta": 3.317464}}
{"target": -10.121772277578305, "params": {"C": 35062.205770366694, "gamma": 0.05092065432577461}, "datetime": {"datetime": "2021-06-22 09:33:17", "elapsed": 750.975429, "delta": 5.024415}}
{"target": -9.78341314387505, "params": {"C": 39199.998359288824, "gamma": 0.025713248135058445}, "datetime": {"datetime": "2021-06-22 09:33:22", "elapsed": 756.643588, "delta": 5.668159}}
{"target": -9.825343961905252, "params": {"C": 37312.83710058667, "gamma": 0.024227033368323228}, "datetime": {"datetime": "2021-06-22 09:33:28", "elapsed": 762.206606, "delta": 5.563018}}
{"target": -9.976536685890943, "params": {"C": 48800.119888064044, "gamma": 0.019847887746503815}, "datetime": {"datetime": "2021-06-22 09:33:33", "elapsed": 767.085083, "delta": 4.878477}}
{"target": -9.690767194482577, "params": {"C": 50292.543414746935, "gamma": 0.03398226268663219}, "datetime": {"datetime": "2021-06-22 09:33:38", "elapsed": 772.146727, "delta": 5.061644}}
{"target": -10.405510416425546, "params": {"C": 44290.552767001675, "gamma": 0.011586099169992764}, "datetime": {"datetime": "2021-06-22 09:33:44", "elapsed": 778.631769, "delta": 6.485042}}
{"target": -9.675471062935666, "params": {"C": 47096.55756461887, "gamma": 0.03441219689017989}, "datetime": {"datetime": "2021-06-22 09:33:48", "elapsed": 781.999558, "delta": 3.367789}}
{"target": -10.32213634747089, "params": {"C": 56660.08107575615, "gamma": 0.049357474688720836}, "datetime": {"datetime": "2021-06-22 09:33:51", "elapsed": 785.878496, "delta": 3.878938}}
{"target": -9.884678086177486, "params": {"C": 56588.13014866223, "gamma": 0.02249203704374017}, "datetime": {"datetime": "2021-06-22 09:33:55", "elapsed": 789.068939, "delta": 3.190443}}
{"target": -9.847656841368496, "params": {"C": 56715.2494772718, "gamma": 0.023636142194163167}, "datetime": {"datetime": "2021-06-22 09:33:58", "elapsed": 792.562788, "delta": 3.493849}}
{"target": -9.91794322206092, "params": {"C": 37510.572956452066, "gamma": 0.021595033485694026}, "datetime": {"datetime": "2021-06-22 09:34:02", "elapsed": 796.338653, "delta": 3.775865}}
{"target": -10.613729721729555, "params": {"C": 37684.41555809567, "gamma": 0.059783690469728326}, "datetime": {"datetime": "2021-06-22 09:34:05", "elapsed": 799.937257, "delta": 3.598604}}
{"target": -10.00466084224623, "params": {"C": 37629.63930133561, "gamma": 0.019493276142628677}, "datetime": {"datetime": "2021-06-22 09:34:10", "elapsed": 804.678197, "delta": 4.74094}}
{"target": -10.351803741821405, "params": {"C": 32287.970657056103, "gamma": 0.013020584385146632}, "datetime": {"datetime": "2021-06-22 09:34:15", "elapsed": 809.582845, "delta": 4.904648}}
{"target": -9.66214226258846, "params": {"C": 36804.70154056435, "gamma": 0.039971759623496236}, "datetime": {"datetime": "2021-06-22 09:34:19", "elapsed": 813.169055, "delta": 3.58621}}
{"target": -10.346760571096333, "params": {"C": 53338.271977982295, "gamma": 0.05051867444966876}, "datetime": {"datetime": "2021-06-22 09:34:23", "elapsed": 817.48484, "delta": 4.315785}}
{"target": -10.920272154391498, "params": {"C": 53401.504524581025, "gamma": 0.06}, "datetime": {"datetime": "2021-06-22 09:34:29", "elapsed": 823.25893, "delta": 5.77409}}
{"target": -10.263960719168548, "params": {"C": 53458.15664660293, "gamma": 0.01425840569606281}, "datetime": {"datetime": "2021-06-22 09:34:33", "elapsed": 827.840101, "delta": 4.581171}}
{"target": -9.782754517025676, "params": {"C": 56366.1774711037, "gamma": 0.025675297957971008}, "datetime": {"datetime": "2021-06-22 09:34:39", "elapsed": 833.929695, "delta": 6.089594}}
{"target": -9.926220020179354, "params": {"C": 53531.08003502716, "gamma": 0.0402252203819736}, "datetime": {"datetime": "2021-06-22 09:34:43", "elapsed": 837.701362, "delta": 3.771667}}
{"target": -10.319655136283492, "params": {"C": 53274.58887675519, "gamma": 0.013243240344362896}, "datetime": {"datetime": "2021-06-22 09:34:49", "elapsed": 843.537218, "delta": 5.835856}}
{"target": -9.997260806227718, "params": {"C": 59022.66355864194, "gamma": 0.03983617631964741}, "datetime": {"datetime": "2021-06-22 09:34:54", "elapsed": 848.558427, "delta": 5.021209}}
{"target": -10.733995496066367, "params": {"C": 49349.929959214525, "gamma": 0.05799974221231945}, "datetime": {"datetime": "2021-06-22 09:35:00", "elapsed": 854.329536, "delta": 5.771109}}
{"target": -9.944688282581632, "params": {"C": 49419.33798800252, "gamma": 0.02060071165467335}, "datetime": {"datetime": "2021-06-22 09:35:05", "elapsed": 859.691691, "delta": 5.362155}}
{"target": -10.670430135089125, "params": {"C": 49273.04360447735, "gamma": 0.05696446311523319}, "datetime": {"datetime": "2021-06-22 09:35:09", "elapsed": 863.489198, "delta": 3.797507}}
{"target": -10.526760569525795, "params": {"C": 39372.72505012883, "gamma": 0.009}, "datetime": {"datetime": "2021-06-22 09:35:14", "elapsed": 868.462842, "delta": 4.973644}}
{"target": -9.951413060676467, "params": {"C": 55052.1087921267, "gamma": 0.04026586340311262}, "datetime": {"datetime": "2021-06-22 09:35:19", "elapsed": 873.094044, "delta": 4.631202}}
{"target": -10.150850345639268, "params": {"C": 49481.266062018665, "gamma": 0.04828213020690853}, "datetime": {"datetime": "2021-06-22 09:35:24", "elapsed": 878.163292, "delta": 5.069248}}
{"target": -10.172723217548933, "params": {"C": 49536.12553438082, "gamma": 0.01593867962204374}, "datetime": {"datetime": "2021-06-22 09:35:30", "elapsed": 884.188933, "delta": 6.025641}}
{"target": -9.642203794271852, "params": {"C": 34595.41454638442, "gamma": 0.030600493840470915}, "datetime": {"datetime": "2021-06-22 09:35:37", "elapsed": 891.590738, "delta": 7.401805}}
{"target": -9.646859921908323, "params": {"C": 44514.775140251084, "gamma": 0.031316945964079745}, "datetime": {"datetime": "2021-06-22 09:35:44", "elapsed": 898.253211, "delta": 6.662473}}
{"target": -10.341339728472338, "params": {"C": 51268.23712302794, "gamma": 0.0509580168711109}, "datetime": {"datetime": "2021-06-22 09:35:49", "elapsed": 903.208085, "delta": 4.954874}}
{"target": -10.171913467874434, "params": {"C": 48167.27938803453, "gamma": 0.04892293596319797}, "datetime": {"datetime": "2021-06-22 09:35:54", "elapsed": 908.460583, "delta": 5.252498}}
{"target": -10.311462332302982, "params": {"C": 52373.82221187973, "gamma": 0.050201745595121826}, "datetime": {"datetime": "2021-06-22 09:35:58", "elapsed": 912.269721, "delta": 3.809138}}
{"target": -10.272793101747013, "params": {"C": 44379.074605505295, "gamma": 0.014234594065041848}, "datetime": {"datetime": "2021-06-22 09:36:05", "elapsed": 919.281936, "delta": 7.012215}}
{"target": -9.680776840555815, "params": {"C": 41909.16686965159, "gamma": 0.029083177314234578}, "datetime": {"datetime": "2021-06-22 09:36:09", "elapsed": 923.128766, "delta": 3.84683}}
{"target": -9.673874353499476, "params": {"C": 47518.59378258203, "gamma": 0.033559524211954475}, "datetime": {"datetime": "2021-06-22 09:36:14", "elapsed": 928.13116, "delta": 5.002394}}
{"target": -10.217579191368925, "params": {"C": 55187.536391960704, "gamma": 0.04811048219448964}, "datetime": {"datetime": "2021-06-22 09:36:18", "elapsed": 932.086093, "delta": 3.954933}}
{"target": -9.745068169563098, "params": {"C": 51338.36377773801, "gamma": 0.035784582999408704}, "datetime": {"datetime": "2021-06-22 09:36:22", "elapsed": 936.261289, "delta": 4.175196}}
{"target": -9.699913145832115, "params": {"C": 37247.136253350305, "gamma": 0.02852021614041745}, "datetime": {"datetime": "2021-06-22 09:36:28", "elapsed": 942.158319, "delta": 5.89703}}
{"target": -10.63477959727106, "params": {"C": 42628.08571152213, "gamma": 0.05840967086677796}, "datetime": {"datetime": "2021-06-22 09:36:33", "elapsed": 947.914925, "delta": 5.756606}}
{"target": -10.526954758959244, "params": {"C": 42685.1268226737, "gamma": 0.009}, "datetime": {"datetime": "2021-06-22 09:36:38", "elapsed": 952.202297, "delta": 4.287372}}
{"target": -10.498101853218458, "params": {"C": 42767.05429768865, "gamma": 0.00966886919274917}, "datetime": {"datetime": "2021-06-22 09:36:42", "elapsed": 956.460086, "delta": 4.257789}}
{"target": -10.758880360618303, "params": {"C": 59296.60103340645, "gamma": 0.0557729790262922}, "datetime": {"datetime": "2021-06-22 09:36:46", "elapsed": 960.857323, "delta": 4.397237}}
{"target": -9.96524448006671, "params": {"C": 48542.17257979163, "gamma": 0.020110420674949975}, "datetime": {"datetime": "2021-06-22 09:36:52", "elapsed": 966.25979, "delta": 5.402467}}
{"target": -10.531559087180202, "params": {"C": 48721.48926152976, "gamma": 0.009}, "datetime": {"datetime": "2021-06-22 09:36:58", "elapsed": 972.88085, "delta": 6.62106}}
{"target": -10.568638060247816, "params": {"C": 55607.82682789571, "gamma": 0.05354126478380751}, "datetime": {"datetime": "2021-06-22 09:37:04", "elapsed": 977.97652, "delta": 5.09567}}
{"target": -9.861498438039904, "params": {"C": 37962.88024204595, "gamma": 0.02311561325323281}, "datetime": {"datetime": "2021-06-22 09:37:09", "elapsed": 983.715789, "delta": 5.739269}}
{"target": -10.497621428507967, "params": {"C": 47340.74612816498, "gamma": 0.00973626600485393}, "datetime": {"datetime": "2021-06-22 09:37:14", "elapsed": 988.866493, "delta": 5.150704}}
{"target": -10.120351615940555, "params": {"C": 36322.12203469048, "gamma": 0.05059439581685428}, "datetime": {"datetime": "2021-06-22 09:37:19", "elapsed": 993.958396, "delta": 5.091903}}
{"target": -10.508120198457958, "params": {"C": 39289.196615100416, "gamma": 0.009434857970701056}, "datetime": {"datetime": "2021-06-22 09:37:26", "elapsed": 1000.632059, "delta": 6.673663}}
{"target": -10.452448559356165, "params": {"C": 42946.70047407782, "gamma": 0.01068354171228995}, "datetime": {"datetime": "2021-06-22 09:37:32", "elapsed": 1006.323961, "delta": 5.691902}}
{"target": -9.71443968241255, "params": {"C": 56006.931001922974, "gamma": 0.03254659194412545}, "datetime": {"datetime": "2021-06-22 09:37:38", "elapsed": 1012.385873, "delta": 6.061912}}
{"target": -9.850265412946461, "params": {"C": 35440.59624758182, "gamma": 0.02356816373374366}, "datetime": {"datetime": "2021-06-22 09:37:45", "elapsed": 1019.599664, "delta": 7.213791}}
{"target": -9.816623593543683, "params": {"C": 45385.86661051944, "gamma": 0.04095354454597477}, "datetime": {"datetime": "2021-06-22 09:37:49", "elapsed": 1023.850937, "delta": 4.251273}}
{"target": -10.732187226230524, "params": {"C": 47882.02877219506, "gamma": 0.05840814980628769}, "datetime": {"datetime": "2021-06-22 09:37:54", "elapsed": 1028.409178, "delta": 4.558241}}
{"target": -10.927256549931771, "params": {"C": 53824.58237468657, "gamma": 0.06}, "datetime": {"datetime": "2021-06-22 09:37:58", "elapsed": 1032.855283, "delta": 4.446105}}
{"target": -10.412317197613326, "params": {"C": 41722.272768171766, "gamma": 0.011483473282981951}, "datetime": {"datetime": "2021-06-22 09:38:03", "elapsed": 1037.478986, "delta": 4.623703}}
{"target": -9.696961530789617, "params": {"C": 54731.83931200593, "gamma": 0.03068527592938674}, "datetime": {"datetime": "2021-06-22 09:38:07", "elapsed": 1041.731167, "delta": 4.252181}}
{"target": -9.755845108708334, "params": {"C": 34478.91192952222, "gamma": 0.04264051379732209}, "datetime": {"datetime": "2021-06-22 09:38:13", "elapsed": 1047.722911, "delta": 5.991744}}
{"target": -10.532134516443689, "params": {"C": 50498.29567532168, "gamma": 0.009}, "datetime": {"datetime": "2021-06-22 09:38:17", "elapsed": 1051.833273, "delta": 4.110362}}
{"target": -10.320101574228776, "params": {"C": 50557.59653268942, "gamma": 0.050805588382488706}, "datetime": {"datetime": "2021-06-22 09:38:23", "elapsed": 1057.562695, "delta": 5.729422}}
{"target": -10.372179865422682, "params": {"C": 50609.74076408379, "gamma": 0.012283390172616045}, "datetime": {"datetime": "2021-06-22 09:38:30", "elapsed": 1064.442044, "delta": 6.879349}}
{"target": -10.006941322767922, "params": {"C": 50673.333191634054, "gamma": 0.044395714465034875}, "datetime": {"datetime": "2021-06-22 09:38:35", "elapsed": 1069.872707, "delta": 5.430663}}
{"target": -10.080193410373772, "params": {"C": 51818.61094833589, "gamma": 0.01757826174284107}, "datetime": {"datetime": "2021-06-22 09:38:42", "elapsed": 1075.99894, "delta": 6.126233}}
{"target": -9.829946796645759, "params": {"C": 44806.56542638714, "gamma": 0.024175703718547534}, "datetime": {"datetime": "2021-06-22 09:38:46", "elapsed": 1080.412359, "delta": 4.413419}}
{"target": -10.484262243437712, "params": {"C": 32104.506399335005, "gamma": 0.010428667784553813}, "datetime": {"datetime": "2021-06-22 09:38:50", "elapsed": 1084.741975, "delta": 4.329616}}
{"target": -10.142764507874716, "params": {"C": 54310.54067160709, "gamma": 0.016329245143293203}, "datetime": {"datetime": "2021-06-22 09:38:56", "elapsed": 1089.971755, "delta": 5.22978}}
{"target": -9.845689911746195, "params": {"C": 54373.33469578121, "gamma": 0.03737843115850519}, "datetime": {"datetime": "2021-06-22 09:39:06", "elapsed": 1100.198973, "delta": 10.227218}}
{"target": -10.491011268167648, "params": {"C": 37566.76435333045, "gamma": 0.00982694761972553}, "datetime": {"datetime": "2021-06-22 09:39:14", "elapsed": 1108.449409, "delta": 8.250436}}
{"target": -10.23618652829727, "params": {"C": 52743.8310623605, "gamma": 0.048945638290741306}, "datetime": {"datetime": "2021-06-22 09:39:19", "elapsed": 1113.059142, "delta": 4.609733}}
{"target": -9.7332726028442, "params": {"C": 48643.37000098803, "gamma": 0.027272646208454224}, "datetime": {"datetime": "2021-06-22 09:39:23", "elapsed": 1117.480439, "delta": 4.421297}}
{"target": -9.900557221588503, "params": {"C": 36237.346253635056, "gamma": 0.022126721775100437}, "datetime": {"datetime": "2021-06-22 09:39:28", "elapsed": 1122.201324, "delta": 4.720885}}
{"target": -10.859456006345281, "params": {"C": 59125.035025591584, "gamma": 0.057475585449227616}, "datetime": {"datetime": "2021-06-22 09:39:36", "elapsed": 1130.403083, "delta": 8.201759}}
