{"target": -13.481945086426276, "params": {"C": 220.6284957266405, "gamma": 0.03053265469222837}, "datetime": {"datetime": "2021-06-21 23:34:49", "elapsed": 273.00745, "delta": 2.089394}}
{"target": -14.258000635057414, "params": {"C": 263.5853205561707, "gamma": 0.009668705600228814}, "datetime": {"datetime": "2021-06-21 23:34:50", "elapsed": 274.271136, "delta": 1.263686}}
{"target": -13.220469688373784, "params": {"C": 263.2097456987268, "gamma": 0.04283072676499831}, "datetime": {"datetime": "2021-06-21 23:34:51", "elapsed": 275.607876, "delta": 1.33674}}
{"target": -13.734362322947835, "params": {"C": 222.380971563062, "gamma": 0.05}, "datetime": {"datetime": "2021-06-21 23:34:53", "elapsed": 277.180204, "delta": 1.572328}}
{"target": -13.79459083980748, "params": {"C": 214.9282011092406, "gamma": 0.04899882234285538}, "datetime": {"datetime": "2021-06-21 23:34:54", "elapsed": 278.821222, "delta": 1.641018}}
{"target": -14.252778153579868, "params": {"C": 282.4621804690677, "gamma": 0.009}, "datetime": {"datetime": "2021-06-21 23:34:56", "elapsed": 280.177113, "delta": 1.355891}}
{"target": -13.055850746250597, "params": {"C": 282.12054261513316, "gamma": 0.041018344219302325}, "datetime": {"datetime": "2021-06-21 23:34:58", "elapsed": 282.005158, "delta": 1.828045}}
{"target": -13.04432748576614, "params": {"C": 282.7826691077394, "gamma": 0.024503123216141134}, "datetime": {"datetime": "2021-06-21 23:34:59", "elapsed": 283.731158, "delta": 1.726}}
{"target": -13.319119642061672, "params": {"C": 245.53755759944553, "gamma": 0.024193130130962512}, "datetime": {"datetime": "2021-06-21 23:35:00", "elapsed": 284.733158, "delta": 1.002}}
{"target": -13.810132230574759, "params": {"C": 251.73660260234794, "gamma": 0.01346701676493197}, "datetime": {"datetime": "2021-06-21 23:35:03", "elapsed": 287.084999, "delta": 2.351841}}
{"target": -14.051738231044785, "params": {"C": 251.3365074665312, "gamma": 0.01137929154714832}, "datetime": {"datetime": "2021-06-21 23:35:05", "elapsed": 289.733696, "delta": 2.648697}}
{"target": -13.397795452174904, "params": {"C": 250.95309599341118, "gamma": 0.04721411072707109}, "datetime": {"datetime": "2021-06-21 23:35:07", "elapsed": 291.156037, "delta": 1.422341}}
{"target": -13.438943954392183, "params": {"C": 243.41530795495177, "gamma": 0.04584751234772668}, "datetime": {"datetime": "2021-06-21 23:35:09", "elapsed": 293.748478, "delta": 2.592441}}
{"target": -14.089827230243765, "params": {"C": 286.27845295284425, "gamma": 0.00962129861887535}, "datetime": {"datetime": "2021-06-21 23:35:11", "elapsed": 295.755177, "delta": 2.006699}}
{"target": -14.126352038784622, "params": {"C": 285.54287310711135, "gamma": 0.009473217606472484}, "datetime": {"datetime": "2021-06-21 23:35:14", "elapsed": 298.460764, "delta": 2.705587}}
{"target": -13.046696537429426, "params": {"C": 285.20965678849103, "gamma": 0.023663472916035416}, "datetime": {"datetime": "2021-06-21 23:35:16", "elapsed": 300.266543, "delta": 1.805779}}
{"target": -13.55100194875666, "params": {"C": 292.02211832200794, "gamma": 0.013061463789270172}, "datetime": {"datetime": "2021-06-21 23:35:18", "elapsed": 302.907931, "delta": 2.641388}}
{"target": -13.301708144741383, "params": {"C": 258.28362737009263, "gamma": 0.045417936973303596}, "datetime": {"datetime": "2021-06-21 23:35:21", "elapsed": 305.605821, "delta": 2.69789}}
{"target": -14.253149178692043, "params": {"C": 267.10045481854434, "gamma": 0.009553330613308266}, "datetime": {"datetime": "2021-06-21 23:35:23", "elapsed": 307.774123, "delta": 2.168302}}
{"target": -13.293424516515588, "params": {"C": 267.4528931538781, "gamma": 0.04900708763133957}, "datetime": {"datetime": "2021-06-21 23:35:26", "elapsed": 310.447828, "delta": 2.673705}}
{"target": -13.673650059792584, "params": {"C": 226.89493510331863, "gamma": 0.049405172797035}, "datetime": {"datetime": "2021-06-21 23:35:28", "elapsed": 312.905181, "delta": 2.457353}}
{"target": -13.48425411361446, "params": {"C": 244.56906302916533, "gamma": 0.04856833148271668}, "datetime": {"datetime": "2021-06-21 23:35:31", "elapsed": 315.169279, "delta": 2.264098}}
{"target": -13.302955066497207, "params": {"C": 239.8638748266367, "gamma": 0.03211159036045074}, "datetime": {"datetime": "2021-06-21 23:35:32", "elapsed": 316.220279, "delta": 1.051}}
{"target": -13.247591276846748, "params": {"C": 262.6515715300976, "gamma": 0.04425887231676572}, "datetime": {"datetime": "2021-06-21 23:35:34", "elapsed": 318.060261, "delta": 1.839982}}
{"target": -13.838625056873521, "params": {"C": 279.89082050153496, "gamma": 0.011292204874869023}, "datetime": {"datetime": "2021-06-21 23:35:35", "elapsed": 319.838783, "delta": 1.778522}}
{"target": -13.9347389256552, "params": {"C": 256.1126204666564, "gamma": 0.011990393663162346}, "datetime": {"datetime": "2021-06-21 23:35:37", "elapsed": 321.284872, "delta": 1.446089}}
{"target": -13.872686975110115, "params": {"C": 209.97971225943365, "gamma": 0.05}, "datetime": {"datetime": "2021-06-21 23:35:39", "elapsed": 323.34034, "delta": 2.055468}}
{"target": -13.627923496363486, "params": {"C": 209.4452490459339, "gamma": 0.037249460212453865}, "datetime": {"datetime": "2021-06-21 23:35:40", "elapsed": 324.414337, "delta": 1.073997}}
{"target": -14.374730132300046, "params": {"C": 266.7689135762877, "gamma": 0.009}, "datetime": {"datetime": "2021-06-21 23:35:42", "elapsed": 326.333276, "delta": 1.918939}}
{"target": -13.947718597663556, "params": {"C": 203.56885206157855, "gamma": 0.05}, "datetime": {"datetime": "2021-06-21 23:35:44", "elapsed": 328.098276, "delta": 1.765}}
{"target": -13.61509852025518, "params": {"C": 265.7818387111744, "gamma": 0.014360400483335489}, "datetime": {"datetime": "2021-06-21 23:35:46", "elapsed": 330.552619, "delta": 2.454343}}
{"target": -13.779355488661786, "params": {"C": 215.64205400225532, "gamma": 0.04866458469719402}, "datetime": {"datetime": "2021-06-21 23:35:49", "elapsed": 333.230808, "delta": 2.678189}}
{"target": -14.810858951428196, "params": {"C": 219.17222929891938, "gamma": 0.009}, "datetime": {"datetime": "2021-06-21 23:35:51", "elapsed": 335.053888, "delta": 1.82308}}
{"target": -14.805693869702155, "params": {"C": 219.67190813966596, "gamma": 0.009}, "datetime": {"datetime": "2021-06-21 23:35:53", "elapsed": 337.136678, "delta": 2.08279}}
{"target": -14.12897980366153, "params": {"C": 299.3489987516895, "gamma": 0.009}, "datetime": {"datetime": "2021-06-21 23:35:55", "elapsed": 339.026558, "delta": 1.88988}}
{"target": -13.724715752770997, "params": {"C": 220.14124171266275, "gamma": 0.018894235048693607}, "datetime": {"datetime": "2021-06-21 23:35:57", "elapsed": 341.200562, "delta": 2.174004}}
{"target": -14.086222240845716, "params": {"C": 296.3926332908178, "gamma": 0.009287695541349688}, "datetime": {"datetime": "2021-06-21 23:35:59", "elapsed": 343.415581, "delta": 2.215019}}
{"target": -12.973156783186395, "params": {"C": 296.6861781501315, "gamma": 0.0421686554698479}, "datetime": {"datetime": "2021-06-21 23:36:01", "elapsed": 345.379867, "delta": 1.964286}}
{"target": -14.613898521345794, "params": {"C": 239.0874157451853, "gamma": 0.009}, "datetime": {"datetime": "2021-06-21 23:36:05", "elapsed": 349.334444, "delta": 3.954577}}
{"target": -14.08427676322007, "params": {"C": 259.6889170712538, "gamma": 0.010754983334027218}, "datetime": {"datetime": "2021-06-21 23:36:07", "elapsed": 351.748665, "delta": 2.414221}}
{"target": -13.953840259351779, "params": {"C": 259.27231601768443, "gamma": 0.011625003073922273}, "datetime": {"datetime": "2021-06-21 23:36:10", "elapsed": 354.679882, "delta": 2.931217}}
{"target": -14.221500467156432, "params": {"C": 286.63491535424913, "gamma": 0.009}, "datetime": {"datetime": "2021-06-21 23:36:12", "elapsed": 356.755305, "delta": 2.075423}}
{"target": -14.459719471612296, "params": {"C": 256.4706476496957, "gamma": 0.009}, "datetime": {"datetime": "2021-06-21 23:36:15", "elapsed": 359.272326, "delta": 2.517021}}
{"target": -13.4968649769907, "params": {"C": 256.8212918180874, "gamma": 0.017002609569550048}, "datetime": {"datetime": "2021-06-21 23:36:18", "elapsed": 362.645752, "delta": 3.373426}}
{"target": -13.496250745125055, "params": {"C": 220.64453841453093, "gamma": 0.035704421530271015}, "datetime": {"datetime": "2021-06-21 23:36:20", "elapsed": 363.9635, "delta": 1.317748}}
{"target": -13.10740901123262, "params": {"C": 286.93892821486816, "gamma": 0.04670249177939398}, "datetime": {"datetime": "2021-06-21 23:36:22", "elapsed": 366.32216, "delta": 2.35866}}
{"target": -13.273157333530527, "params": {"C": 252.11553354478335, "gamma": 0.04039919222648127}, "datetime": {"datetime": "2021-06-21 23:36:24", "elapsed": 368.765916, "delta": 2.443756}}
{"target": -13.600463387264499, "params": {"C": 247.91858328303886, "gamma": 0.01647478019670443}, "datetime": {"datetime": "2021-06-21 23:36:28", "elapsed": 372.268861, "delta": 3.502945}}
{"target": -13.845530253605748, "params": {"C": 267.0620127087782, "gamma": 0.011999630511400608}, "datetime": {"datetime": "2021-06-21 23:36:29", "elapsed": 373.46527, "delta": 1.196409}}
{"target": -13.795200205524601, "params": {"C": 210.46466245712887, "gamma": 0.046702273823928726}, "datetime": {"datetime": "2021-06-21 23:36:32", "elapsed": 376.338005, "delta": 2.872735}}
{"target": -13.4231131870485, "params": {"C": 239.74876327081057, "gamma": 0.043273510130960216}, "datetime": {"datetime": "2021-06-21 23:36:33", "elapsed": 377.525539, "delta": 1.187534}}
{"target": -14.209556102903873, "params": {"C": 278.0411228877165, "gamma": 0.009350692567538068}, "datetime": {"datetime": "2021-06-21 23:36:35", "elapsed": 379.905102, "delta": 2.379563}}
{"target": -13.212897832105206, "params": {"C": 277.7016419120641, "gamma": 0.048838967983831715}, "datetime": {"datetime": "2021-06-21 23:36:38", "elapsed": 382.400065, "delta": 2.494963}}
{"target": -13.229351497047245, "params": {"C": 298.4491896403256, "gamma": 0.01664575186936246}, "datetime": {"datetime": "2021-06-21 23:36:41", "elapsed": 385.068107, "delta": 2.668042}}
{"target": -12.953733342355852, "params": {"C": 290.0057716177759, "gamma": 0.02739308333381324}, "datetime": {"datetime": "2021-06-21 23:36:43", "elapsed": 387.073779, "delta": 2.005672}}
{"target": -14.66131822362009, "params": {"C": 221.69998262994477, "gamma": 0.009567655307243943}, "datetime": {"datetime": "2021-06-21 23:36:45", "elapsed": 389.559986, "delta": 2.486207}}
{"target": -14.111061760764246, "params": {"C": 283.12501827402787, "gamma": 0.009633852452764968}, "datetime": {"datetime": "2021-06-21 23:36:47", "elapsed": 391.905364, "delta": 2.345378}}
{"target": -13.070690742626725, "params": {"C": 283.4131752543146, "gamma": 0.042738635804785305}, "datetime": {"datetime": "2021-06-21 23:36:50", "elapsed": 394.223208, "delta": 2.317844}}
{"target": -13.32248778310908, "params": {"C": 263.92563686421045, "gamma": 0.04900240554676863}, "datetime": {"datetime": "2021-06-21 23:36:52", "elapsed": 396.397164, "delta": 2.173956}}
{"target": -13.647348123905099, "params": {"C": 226.44893621998318, "gamma": 0.04793874054567877}, "datetime": {"datetime": "2021-06-21 23:36:55", "elapsed": 399.790398, "delta": 3.393234}}
{"target": -13.591616296040208, "params": {"C": 248.31552162461054, "gamma": 0.01656158677844803}, "datetime": {"datetime": "2021-06-21 23:37:00", "elapsed": 404.946842, "delta": 5.156444}}
{"target": -13.24401085215946, "params": {"C": 276.54584247920815, "gamma": 0.05}, "datetime": {"datetime": "2021-06-21 23:37:05", "elapsed": 409.517767, "delta": 4.570925}}
{"target": -13.513124387552347, "params": {"C": 243.91461368675536, "gamma": 0.049631498446874506}, "datetime": {"datetime": "2021-06-21 23:37:08", "elapsed": 412.118615, "delta": 2.600848}}
{"target": -13.794961237823673, "params": {"C": 216.65441770277315, "gamma": 0.04989909753836507}, "datetime": {"datetime": "2021-06-21 23:37:10", "elapsed": 414.860017, "delta": 2.741402}}
{"target": -13.733853376389623, "params": {"C": 297.29037237228715, "gamma": 0.011170140164630154}, "datetime": {"datetime": "2021-06-21 23:37:13", "elapsed": 417.527612, "delta": 2.667595}}
{"target": -13.3458537404504, "params": {"C": 297.0073760466334, "gamma": 0.015068309120371062}, "datetime": {"datetime": "2021-06-21 23:37:16", "elapsed": 420.18467, "delta": 2.657058}}
{"target": -13.94833794151637, "params": {"C": 262.2657767987247, "gamma": 0.011477764223323925}, "datetime": {"datetime": "2021-06-21 23:37:20", "elapsed": 424.178457, "delta": 3.993787}}
{"target": -13.397307155977861, "params": {"C": 233.21225433059797, "gamma": 0.0262342665169306}, "datetime": {"datetime": "2021-06-21 23:37:22", "elapsed": 426.724012, "delta": 2.545555}}
{"target": -13.978963168734278, "params": {"C": 200.59377450378952, "gamma": 0.01799028164414552}, "datetime": {"datetime": "2021-06-21 23:37:25", "elapsed": 429.888149, "delta": 3.164137}}
{"target": -13.034401788845615, "params": {"C": 299.0729068064436, "gamma": 0.020986765622403074}, "datetime": {"datetime": "2021-06-21 23:37:28", "elapsed": 432.118394, "delta": 2.230245}}
{"target": -13.292909117146598, "params": {"C": 254.55096740967446, "gamma": 0.04302575108088031}, "datetime": {"datetime": "2021-06-21 23:37:30", "elapsed": 434.448375, "delta": 2.329981}}
{"target": -14.220777011841212, "params": {"C": 265.41270232083264, "gamma": 0.009779019447344299}, "datetime": {"datetime": "2021-06-21 23:37:34", "elapsed": 438.320249, "delta": 3.871874}}
{"target": -13.33485479753416, "params": {"C": 265.11445106808736, "gamma": 0.05}, "datetime": {"datetime": "2021-06-21 23:37:39", "elapsed": 443.565444, "delta": 5.245195}}
{"target": -13.213313769583873, "params": {"C": 271.882448231411, "gamma": 0.04648954984580055}, "datetime": {"datetime": "2021-06-21 23:37:42", "elapsed": 446.612672, "delta": 3.047228}}
{"target": -13.585969833854708, "params": {"C": 218.74672108643642, "gamma": 0.0408385914949241}, "datetime": {"datetime": "2021-06-21 23:37:45", "elapsed": 449.626517, "delta": 3.013845}}
{"target": -13.296066735980974, "params": {"C": 269.8207189872418, "gamma": 0.05}, "datetime": {"datetime": "2021-06-21 23:37:48", "elapsed": 452.337417, "delta": 2.7109}}
{"target": -13.456418117613781, "params": {"C": 292.3698539575872, "gamma": 0.014065690730671935}, "datetime": {"datetime": "2021-06-21 23:37:51", "elapsed": 455.814508, "delta": 3.477091}}
{"target": -13.323127146974723, "params": {"C": 264.3629032847285, "gamma": 0.0491943793868052}, "datetime": {"datetime": "2021-06-21 23:37:54", "elapsed": 458.60762, "delta": 2.793112}}
{"target": -13.98896425120645, "params": {"C": 200.13523424940925, "gamma": 0.05}, "datetime": {"datetime": "2021-06-21 23:37:57", "elapsed": 461.185666, "delta": 2.578046}}
{"target": -13.036428028442714, "params": {"C": 273.9875428621473, "gamma": 0.03445231746372134}, "datetime": {"datetime": "2021-06-21 23:37:59", "elapsed": 463.39441, "delta": 2.208744}}
{"target": -13.233718346876255, "params": {"C": 271.1584554025464, "gamma": 0.04734276732940115}, "datetime": {"datetime": "2021-06-21 23:38:02", "elapsed": 466.142967, "delta": 2.748557}}
{"target": -13.825358417839533, "params": {"C": 257.8891334419159, "gamma": 0.012818107386493523}, "datetime": {"datetime": "2021-06-21 23:38:04", "elapsed": 468.554954, "delta": 2.411987}}
{"target": -14.085906761084496, "params": {"C": 258.9476300732172, "gamma": 0.010781200995953245}, "datetime": {"datetime": "2021-06-21 23:38:07", "elapsed": 471.546289, "delta": 2.991335}}
{"target": -13.381947707400489, "params": {"C": 258.64369902234, "gamma": 0.04966846354796455}, "datetime": {"datetime": "2021-06-21 23:38:11", "elapsed": 475.065888, "delta": 3.519599}}
{"target": -13.42937795811285, "params": {"C": 254.0136259988732, "gamma": 0.05}, "datetime": {"datetime": "2021-06-21 23:38:14", "elapsed": 478.253558, "delta": 3.18767}}
{"target": -13.242266650512052, "params": {"C": 272.84230688152775, "gamma": 0.048491690578948546}, "datetime": {"datetime": "2021-06-21 23:38:18", "elapsed": 482.897412, "delta": 4.643854}}
{"target": -13.483305614630817, "params": {"C": 235.7196207220133, "gamma": 0.04440720155037101}, "datetime": {"datetime": "2021-06-21 23:38:20", "elapsed": 484.90281, "delta": 2.005398}}
{"target": -13.899702839138737, "params": {"C": 217.507373366633, "gamma": 0.016281249391037443}, "datetime": {"datetime": "2021-06-21 23:38:24", "elapsed": 488.23878, "delta": 3.33597}}
{"target": -14.137460673094141, "params": {"C": 298.15994135166585, "gamma": 0.009}, "datetime": {"datetime": "2021-06-21 23:38:28", "elapsed": 492.019259, "delta": 3.780479}}
{"target": -13.02250008738951, "params": {"C": 297.9260144018676, "gamma": 0.045979043135359575}, "datetime": {"datetime": "2021-06-21 23:38:32", "elapsed": 496.525265, "delta": 4.506006}}
{"target": -13.160103857377404, "params": {"C": 288.3312161473299, "gamma": 0.05}, "datetime": {"datetime": "2021-06-21 23:38:35", "elapsed": 499.733056, "delta": 3.207791}}
{"target": -14.117772536941589, "params": {"C": 252.76352079525228, "gamma": 0.010902018309278548}, "datetime": {"datetime": "2021-06-21 23:38:37", "elapsed": 501.941097, "delta": 2.208041}}
{"target": -13.30610419720388, "params": {"C": 245.20731817504992, "gamma": 0.03860382893725113}, "datetime": {"datetime": "2021-06-21 23:38:41", "elapsed": 505.095631, "delta": 3.154534}}
{"target": -14.617878222700448, "params": {"C": 223.61086942255446, "gamma": 0.009681524235645639}, "datetime": {"datetime": "2021-06-21 23:38:45", "elapsed": 509.168905, "delta": 4.073274}}
{"target": -13.690044368170778, "params": {"C": 208.12374966601377, "gamma": 0.04007204486736199}, "datetime": {"datetime": "2021-06-21 23:38:48", "elapsed": 512.736259, "delta": 3.567354}}
{"target": -13.208206884937788, "params": {"C": 269.31672875360266, "gamma": 0.04504111662320579}, "datetime": {"datetime": "2021-06-21 23:38:51", "elapsed": 515.514594, "delta": 2.778335}}
{"target": -14.262330226636827, "params": {"C": 268.7487818044948, "gamma": 0.00944594204166201}, "datetime": {"datetime": "2021-06-21 23:38:53", "elapsed": 517.802029, "delta": 2.287435}}
{"target": -13.249622025101129, "params": {"C": 268.98313743337576, "gamma": 0.047295379943572614}, "datetime": {"datetime": "2021-06-21 23:38:57", "elapsed": 521.252917, "delta": 3.450888}}
{"target": -14.843265482814068, "params": {"C": 216.06195032101695, "gamma": 0.009}, "datetime": {"datetime": "2021-06-21 23:39:01", "elapsed": 525.315514, "delta": 4.062597}}
{"target": -13.120921844042313, "params": {"C": 274.47938683652166, "gamma": 0.04182898420489557}, "datetime": {"datetime": "2021-06-21 23:39:06", "elapsed": 530.738289, "delta": 5.422775}}
{"target": -13.750180286710714, "params": {"C": 218.009829853402, "gamma": 0.048527881378254964}, "datetime": {"datetime": "2021-06-21 23:39:10", "elapsed": 534.748501, "delta": 4.010212}}
{"target": -14.746863690255646, "params": {"C": 201.04464166981788, "gamma": 0.010272803544612416}, "datetime": {"datetime": "2021-06-21 23:39:14", "elapsed": 538.63805, "delta": 3.889549}}
{"target": -13.673746340838125, "params": {"C": 228.12121352832148, "gamma": 0.05}, "datetime": {"datetime": "2021-06-21 23:39:18", "elapsed": 542.080557, "delta": 3.442507}}
{"target": -12.682343409754646, "params": {"C": 341.64390267072764, "gamma": 0.03853330423112848}, "datetime": {"datetime": "2021-06-21 23:42:28", "elapsed": 0.0, "delta": 0.0}}
{"target": -13.017040770151397, "params": {"C": 299.9114489192162, "gamma": 0.02139563547790543}, "datetime": {"datetime": "2021-06-21 23:42:28", "elapsed": 0.192996, "delta": 0.192996}}
{"target": -13.437574122640527, "params": {"C": 314.590264670793, "gamma": 0.01278588238552071}, "datetime": {"datetime": "2021-06-21 23:42:28", "elapsed": 0.392001, "delta": 0.199005}}
{"target": -12.867278917970932, "params": {"C": 318.5446471589048, "gamma": 0.023167989808764958}, "datetime": {"datetime": "2021-06-21 23:42:28", "elapsed": 0.586997, "delta": 0.194996}}
{"target": -12.662340479472958, "params": {"C": 339.61642417049006, "gamma": 0.031091486094137637}, "datetime": {"datetime": "2021-06-21 23:42:29", "elapsed": 0.776999, "delta": 0.190002}}
{"target": -12.669354288192276, "params": {"C": 341.8613708917698, "gamma": 0.03709399951626714}, "datetime": {"datetime": "2021-06-21 23:42:29", "elapsed": 0.993997, "delta": 0.216998}}
{"target": -12.878219285850264, "params": {"C": 320.36567019812486, "gamma": 0.045002814892028765}, "datetime": {"datetime": "2021-06-21 23:42:29", "elapsed": 1.194996, "delta": 0.200999}}
{"target": -12.866826896945243, "params": {"C": 302.6414980791124, "gamma": 0.03648916791731449}, "datetime": {"datetime": "2021-06-21 23:42:29", "elapsed": 1.393995, "delta": 0.198999}}
{"target": -12.650676993127355, "params": {"C": 341.6722107169494, "gamma": 0.03190628296627582}, "datetime": {"datetime": "2021-06-21 23:42:29", "elapsed": 1.591954, "delta": 0.197959}}
{"target": -13.109887826180508, "params": {"C": 313.9527325533829, "gamma": 0.01712216105248003}, "datetime": {"datetime": "2021-06-21 23:42:30", "elapsed": 1.790001, "delta": 0.198047}}
{"target": -12.654071473547926, "params": {"C": 380.0545313244212, "gamma": 0.0486987246044953}, "datetime": {"datetime": "2021-06-21 23:42:30", "elapsed": 1.992953, "delta": 0.202952}}
{"target": -12.720660843644268, "params": {"C": 331.2737602337402, "gamma": 0.03738522724244188}, "datetime": {"datetime": "2021-06-21 23:42:30", "elapsed": 2.183992, "delta": 0.191039}}
{"target": -12.57762661008661, "params": {"C": 387.62655414483345, "gamma": 0.045678873203657745}, "datetime": {"datetime": "2021-06-21 23:42:30", "elapsed": 2.390997, "delta": 0.207005}}
{"target": -13.748065025293323, "params": {"C": 308.41292555811475, "gamma": 0.010601246112548176}, "datetime": {"datetime": "2021-06-21 23:42:30", "elapsed": 2.595996, "delta": 0.204999}}
