{"target": -25.326272175424485, "params": {"C": 35.93343261904327, "gamma": 0.04222735967364515}, "datetime": {"datetime": "2021-06-28 15:28:06", "elapsed": 148.281155, "delta": 1.772006}}
{"target": -32.60493082680881, "params": {"C": 36.203572576083104, "gamma": 0.3124663497271515}, "datetime": {"datetime": "2021-06-28 15:28:07", "elapsed": 149.493147, "delta": 1.211992}}
{"target": -26.61090704496228, "params": {"C": 36.36249745500186, "gamma": 0.0696116783762822}, "datetime": {"datetime": "2021-06-28 15:28:08", "elapsed": 151.013148, "delta": 1.520001}}
{"target": -29.811611567081858, "params": {"C": 35.74117571127438, "gamma": 0.15797122135092762}, "datetime": {"datetime": "2021-06-28 15:28:10", "elapsed": 152.474148, "delta": 1.461}}
{"target": -24.622796036541324, "params": {"C": 36.06741869919079, "gamma": 0.018085946293228124}, "datetime": {"datetime": "2021-06-28 15:28:11", "elapsed": 153.773149, "delta": 1.299001}}
{"target": -26.58719435297705, "params": {"C": 36.355280082767656, "gamma": 0.06908967237445812}, "datetime": {"datetime": "2021-06-28 15:28:13", "elapsed": 155.201148, "delta": 1.427999}}
{"target": -28.950722957716827, "params": {"C": 50.697805462842105, "gamma": 0.1723873004412991}, "datetime": {"datetime": "2021-06-28 15:28:14", "elapsed": 156.253156, "delta": 1.052008}}
{"target": -30.621130667837754, "params": {"C": 35.71379704786353, "gamma": 0.19235303945946378}, "datetime": {"datetime": "2021-06-28 15:28:15", "elapsed": 157.273152, "delta": 1.019996}}
{"target": -41.11084298749454, "params": {"C": 15.995227854610837, "gamma": 9.820977860675947}, "datetime": {"datetime": "2021-06-28 15:28:16", "elapsed": 158.142154, "delta": 0.869002}}
{"target": -29.00700959058638, "params": {"C": 35.79267949263177, "gamma": 0.12983137610556886}, "datetime": {"datetime": "2021-06-28 15:28:17", "elapsed": 159.530148, "delta": 1.387994}}
{"target": -27.593038843012202, "params": {"C": 35.74591321239357, "gamma": 0.09041039445072696}, "datetime": {"datetime": "2021-06-28 15:28:18", "elapsed": 161.006147, "delta": 1.475999}}
{"target": -27.119958172778247, "params": {"C": 35.79480491178276, "gamma": 0.0794676619354545}, "datetime": {"datetime": "2021-06-28 15:28:20", "elapsed": 162.262875, "delta": 1.256728}}
{"target": -26.687187197080004, "params": {"C": 35.91960638637368, "gamma": 0.07024582756962935}, "datetime": {"datetime": "2021-06-28 15:28:21", "elapsed": 163.477867, "delta": 1.214992}}
{"target": -28.507277012623323, "params": {"C": 36.317480809325545, "gamma": 0.0021425148298858873}, "datetime": {"datetime": "2021-06-28 15:28:23", "elapsed": 165.29034, "delta": 1.812473}}
{"target": -39.9929826023442, "params": {"C": 27.802102541979448, "gamma": 1.9650317241691957}, "datetime": {"datetime": "2021-06-28 15:28:24", "elapsed": 166.83416, "delta": 1.54382}}
{"target": -25.06582680327647, "params": {"C": 36.42761058608678, "gamma": 0.010451060833000052}, "datetime": {"datetime": "2021-06-28 15:28:26", "elapsed": 168.206853, "delta": 1.372693}}
{"target": -25.510735795325374, "params": {"C": 36.438444274822146, "gamma": 0.047124479511477094}, "datetime": {"datetime": "2021-06-28 15:28:27", "elapsed": 169.520809, "delta": 1.313956}}
{"target": -29.63498758608211, "params": {"C": 50.632082753497855, "gamma": 0.2021167190461287}, "datetime": {"datetime": "2021-06-28 15:28:28", "elapsed": 170.899558, "delta": 1.378749}}
{"target": -29.82296782362444, "params": {"C": 11.710021334241311, "gamma": 0.047370875859557876}, "datetime": {"datetime": "2021-06-28 15:28:30", "elapsed": 172.450133, "delta": 1.550575}}
{"target": -28.65904321015255, "params": {"C": 11.553397875372434, "gamma": 0.02241530208904802}, "datetime": {"datetime": "2021-06-28 15:28:31", "elapsed": 173.743131, "delta": 1.292998}}
{"target": -26.467750402786244, "params": {"C": 36.137976438875334, "gamma": 0.0660803733672218}, "datetime": {"datetime": "2021-06-28 15:28:33", "elapsed": 175.479992, "delta": 1.736861}}
{"target": -25.359658537464448, "params": {"C": 36.319324574865554, "gamma": 0.04375842982893507}, "datetime": {"datetime": "2021-06-28 15:28:35", "elapsed": 177.310382, "delta": 1.83039}}
{"target": -24.79740925984755, "params": {"C": 36.34399092124496, "gamma": 0.013289784927170832}, "datetime": {"datetime": "2021-06-28 15:28:36", "elapsed": 178.656695, "delta": 1.346313}}
{"target": -30.946198538058773, "params": {"C": 36.14315657099069, "gamma": 0.210274134579413}, "datetime": {"datetime": "2021-06-28 15:28:38", "elapsed": 180.863985, "delta": 2.20729}}
{"target": -41.054595302076656, "params": {"C": 23.481839308763167, "gamma": 9.890117927375465}, "datetime": {"datetime": "2021-06-28 15:28:39", "elapsed": 181.936982, "delta": 1.072997}}
{"target": -25.406329604511, "params": {"C": 36.40755397159658, "gamma": 0.04491385231916823}, "datetime": {"datetime": "2021-06-28 15:28:41", "elapsed": 183.883987, "delta": 1.947005}}
{"target": -25.503107768707466, "params": {"C": 36.3274655619473, "gamma": 0.04673430657434526}, "datetime": {"datetime": "2021-06-28 15:28:43", "elapsed": 185.486234, "delta": 1.602247}}
{"target": -27.689843438528428, "params": {"C": 35.84125612415348, "gamma": 0.09302530132238929}, "datetime": {"datetime": "2021-06-28 15:28:45", "elapsed": 187.361498, "delta": 1.875264}}
{"target": -26.63774034952782, "params": {"C": 35.70932051325814, "gamma": 0.06871297788116765}, "datetime": {"datetime": "2021-06-28 15:28:47", "elapsed": 189.05962, "delta": 1.698122}}
{"target": -41.05605794768314, "params": {"C": 52.71411645291799, "gamma": 7.899099048702364}, "datetime": {"datetime": "2021-06-28 15:28:48", "elapsed": 190.168259, "delta": 1.108639}}
{"target": -40.88121478962785, "params": {"C": 46.332304924862406, "gamma": 5.501550487305734}, "datetime": {"datetime": "2021-06-28 15:28:49", "elapsed": 191.271377, "delta": 1.103118}}
{"target": -41.02981386215758, "params": {"C": 29.57322260540102, "gamma": 9.224498906766698}, "datetime": {"datetime": "2021-06-28 15:28:50", "elapsed": 192.375134, "delta": 1.103757}}
{"target": -26.82907582829243, "params": {"C": 36.45759835059334, "gamma": 0.07454744561690248}, "datetime": {"datetime": "2021-06-28 15:28:52", "elapsed": 194.41677, "delta": 2.041636}}
{"target": -29.13108326115846, "params": {"C": 50.60478064168471, "gamma": 0.17956472584552974}, "datetime": {"datetime": "2021-06-28 15:28:54", "elapsed": 196.10841, "delta": 1.69164}}
{"target": -27.35118149374666, "params": {"C": 36.23982511431861, "gamma": 0.08587473046829368}, "datetime": {"datetime": "2021-06-28 15:28:55", "elapsed": 197.563438, "delta": 1.455028}}
{"target": -38.80487816542303, "params": {"C": 57.26292919421732, "gamma": 1.5923788180311855}, "datetime": {"datetime": "2021-06-28 15:28:56", "elapsed": 198.664855, "delta": 1.101417}}
{"target": -30.77617228761949, "params": {"C": 50.92069993809666, "gamma": 0.26430938789330205}, "datetime": {"datetime": "2021-06-28 15:28:58", "elapsed": 200.424971, "delta": 1.760116}}
{"target": -24.67553325669069, "params": {"C": 35.84155662364539, "gamma": 0.02509539959261486}, "datetime": {"datetime": "2021-06-28 15:28:59", "elapsed": 201.877804, "delta": 1.452833}}
{"target": -28.37771382646484, "params": {"C": 35.87074003834743, "gamma": 0.11119825222445825}, "datetime": {"datetime": "2021-06-28 15:29:01", "elapsed": 203.986643, "delta": 2.108839}}
{"target": -24.7426555534254, "params": {"C": 35.657079094806605, "gamma": 0.027091581627035247}, "datetime": {"datetime": "2021-06-28 15:29:03", "elapsed": 205.622359, "delta": 1.635716}}
{"target": -26.865634555347658, "params": {"C": 35.89438213473845, "gamma": 0.07405100192201715}, "datetime": {"datetime": "2021-06-28 15:29:05", "elapsed": 207.427511, "delta": 1.805152}}
{"target": -25.110488988145796, "params": {"C": 35.70442496683255, "gamma": 0.010600672352530587}, "datetime": {"datetime": "2021-06-28 15:29:07", "elapsed": 209.586878, "delta": 2.159367}}
{"target": -40.760827210452675, "params": {"C": 8.052116531252054, "gamma": 1.6898469986296882}, "datetime": {"datetime": "2021-06-28 15:29:09", "elapsed": 211.173607, "delta": 1.586729}}
{"target": -27.362620593137738, "params": {"C": 36.445650743032026, "gamma": 0.08664963619183547}, "datetime": {"datetime": "2021-06-28 15:29:11", "elapsed": 213.045154, "delta": 1.871547}}
{"target": -30.361397992535167, "params": {"C": 36.30885482944069, "gamma": 0.1831172157192473}, "datetime": {"datetime": "2021-06-28 15:29:13", "elapsed": 215.316959, "delta": 2.271805}}
{"target": -27.270542462376334, "params": {"C": 36.05517771891092, "gamma": 0.08354101070995756}, "datetime": {"datetime": "2021-06-28 15:29:15", "elapsed": 217.475581, "delta": 2.158622}}
{"target": -28.209872469993734, "params": {"C": 35.87632085242701, "gamma": 0.10657883359660617}, "datetime": {"datetime": "2021-06-28 15:29:17", "elapsed": 219.261206, "delta": 1.785625}}
{"target": -40.87409985814006, "params": {"C": 54.05508039174323, "gamma": 5.287025430794673}, "datetime": {"datetime": "2021-06-28 15:29:18", "elapsed": 220.44739, "delta": 1.186184}}
{"target": -30.107587286068703, "params": {"C": 50.67321127590127, "gamma": 0.225772362609286}, "datetime": {"datetime": "2021-06-28 15:29:20", "elapsed": 222.051309, "delta": 1.603919}}
{"target": -25.76535098183172, "params": {"C": 35.61992975048296, "gamma": 0.05056483356282042}, "datetime": {"datetime": "2021-06-28 15:29:21", "elapsed": 223.854706, "delta": 1.803397}}
{"target": -26.10214278822128, "params": {"C": 36.328834641707424, "gamma": 0.058921492040832156}, "datetime": {"datetime": "2021-06-28 15:29:23", "elapsed": 225.786732, "delta": 1.932026}}
{"target": -28.752569290363816, "params": {"C": 50.69654808950996, "gamma": 0.1645568881080834}, "datetime": {"datetime": "2021-06-28 15:29:25", "elapsed": 227.767073, "delta": 1.980341}}
{"target": -40.935945281703255, "params": {"C": 14.299877641313275, "gamma": 3.641481869505715}, "datetime": {"datetime": "2021-06-28 15:29:27", "elapsed": 229.197019, "delta": 1.429946}}
{"target": -25.15883571117395, "params": {"C": 36.06850197227079, "gamma": 0.009985099884312735}, "datetime": {"datetime": "2021-06-28 15:29:29", "elapsed": 231.236817, "delta": 2.039798}}
{"target": -27.803436593443926, "params": {"C": 35.67663996562132, "gamma": 0.09542167790902029}, "datetime": {"datetime": "2021-06-28 15:29:31", "elapsed": 233.471809, "delta": 2.234992}}
{"target": -30.6677690830235, "params": {"C": 35.9538089991551, "gamma": 0.19565624522513864}, "datetime": {"datetime": "2021-06-28 15:29:32", "elapsed": 234.917532, "delta": 1.445723}}
{"target": -25.055777204657346, "params": {"C": 36.239903073136155, "gamma": 0.03703552003723553}, "datetime": {"datetime": "2021-06-28 15:29:35", "elapsed": 237.450992, "delta": 2.53346}}
{"target": -26.191146557023153, "params": {"C": 50.668914941748, "gamma": 0.08813381641244282}, "datetime": {"datetime": "2021-06-28 15:29:36", "elapsed": 239.00838, "delta": 1.557388}}
{"target": -30.22934852888122, "params": {"C": 36.01914401564948, "gamma": 0.17610888374573366}, "datetime": {"datetime": "2021-06-28 15:29:38", "elapsed": 240.624382, "delta": 1.616002}}
{"target": -25.36153522918746, "params": {"C": 35.934014603204005, "gamma": 0.008764446254017138}, "datetime": {"datetime": "2021-06-28 15:29:40", "elapsed": 242.89938, "delta": 2.274998}}
{"target": -25.268581071955538, "params": {"C": 35.55965319655695, "gamma": 0.04017674896725667}, "datetime": {"datetime": "2021-06-28 15:29:42", "elapsed": 244.456381, "delta": 1.557001}}
{"target": -26.341415867925775, "params": {"C": 35.641286643802545, "gamma": 0.06235015098876713}, "datetime": {"datetime": "2021-06-28 15:29:44", "elapsed": 246.48238, "delta": 2.025999}}
{"target": -30.96308793376893, "params": {"C": 50.57793638833975, "gamma": 0.27444677924160077}, "datetime": {"datetime": "2021-06-28 15:29:46", "elapsed": 248.04741, "delta": 1.56503}}
{"target": -24.563712120284464, "params": {"C": 36.47067974595482, "gamma": 0.0203934899005407}, "datetime": {"datetime": "2021-06-28 15:29:47", "elapsed": 249.366351, "delta": 1.318941}}
{"target": -28.130546883284026, "params": {"C": 35.884766171647435, "gamma": 0.1044638889830503}, "datetime": {"datetime": "2021-06-28 15:29:48", "elapsed": 250.776754, "delta": 1.410403}}
{"target": -29.20818226102872, "params": {"C": 11.449747555334678, "gamma": 0.03432235852889419}, "datetime": {"datetime": "2021-06-28 15:29:50", "elapsed": 252.472437, "delta": 1.695683}}
{"target": -24.61422836656989, "params": {"C": 35.93967541300052, "gamma": 0.020510243055489083}, "datetime": {"datetime": "2021-06-28 15:29:52", "elapsed": 254.510201, "delta": 2.037764}}
{"target": -25.116179524007453, "params": {"C": 35.53754594779329, "gamma": 0.036771456937710376}, "datetime": {"datetime": "2021-06-28 15:29:55", "elapsed": 257.691161, "delta": 3.18096}}
{"target": -25.509444176696228, "params": {"C": 35.748640527198745, "gamma": 0.04563000026922554}, "datetime": {"datetime": "2021-06-28 15:29:58", "elapsed": 260.644739, "delta": 2.953578}}
{"target": -24.76092212661197, "params": {"C": 35.89176013599176, "gamma": 0.028512434905426178}, "datetime": {"datetime": "2021-06-28 15:30:01", "elapsed": 263.843071, "delta": 3.198332}}
{"target": -29.93855664439406, "params": {"C": 36.00111848749699, "gamma": 0.16397735175438877}, "datetime": {"datetime": "2021-06-28 15:30:04", "elapsed": 266.04714, "delta": 2.204069}}
{"target": -26.404212980287994, "params": {"C": 35.462957212839555, "gamma": 0.06325579626629088}, "datetime": {"datetime": "2021-06-28 15:30:05", "elapsed": 267.961941, "delta": 1.914801}}
{"target": -24.784530467713886, "params": {"C": 35.887345187475276, "gamma": 0.029236309517911716}, "datetime": {"datetime": "2021-06-28 15:30:08", "elapsed": 270.865784, "delta": 2.903843}}
{"target": -25.929873298003304, "params": {"C": 36.10523560307471, "gamma": 0.05493459165008735}, "datetime": {"datetime": "2021-06-28 15:30:11", "elapsed": 273.477356, "delta": 2.611572}}
{"target": -29.668115181895406, "params": {"C": 50.59442114001712, "gamma": 0.20356780622488735}, "datetime": {"datetime": "2021-06-28 15:30:14", "elapsed": 276.328447, "delta": 2.851091}}
{"target": -28.923553241073197, "params": {"C": 10.515401056194523, "gamma": 0.017779201240098273}, "datetime": {"datetime": "2021-06-28 15:30:15", "elapsed": 277.994131, "delta": 1.665684}}
{"target": -38.82617964248149, "params": {"C": 92.68006357410464, "gamma": 1.78640647365112}, "datetime": {"datetime": "2021-06-28 15:30:17", "elapsed": 279.241522, "delta": 1.247391}}
{"target": -27.161130839517245, "params": {"C": 36.291758302754445, "gamma": 0.08159350674743228}, "datetime": {"datetime": "2021-06-28 15:30:19", "elapsed": 281.370231, "delta": 2.128709}}
{"target": -25.82841596395366, "params": {"C": 50.648008292632284, "gamma": 0.07979399884314875}, "datetime": {"datetime": "2021-06-28 15:30:20", "elapsed": 282.825596, "delta": 1.455365}}
{"target": -24.787953024405645, "params": {"C": 36.20016574920124, "gamma": 0.030260971381490687}, "datetime": {"datetime": "2021-06-28 15:30:23", "elapsed": 285.224681, "delta": 2.399085}}
{"target": -41.01556191879162, "params": {"C": 25.860134197315695, "gamma": 7.964556687340591}, "datetime": {"datetime": "2021-06-28 15:30:24", "elapsed": 286.404953, "delta": 1.180272}}
{"target": -24.991172031930788, "params": {"C": 35.57110399954393, "gamma": 0.011803092978373585}, "datetime": {"datetime": "2021-06-28 15:30:26", "elapsed": 288.262374, "delta": 1.857421}}
{"target": -24.619704032607768, "params": {"C": 36.449852361991645, "gamma": 0.025271192973379708}, "datetime": {"datetime": "2021-06-28 15:30:28", "elapsed": 290.427274, "delta": 2.1649}}
{"target": -24.67239440929493, "params": {"C": 36.286483696278744, "gamma": 0.02680100195303344}, "datetime": {"datetime": "2021-06-28 15:30:29", "elapsed": 291.974496, "delta": 1.547222}}
{"target": -41.22768833624822, "params": {"C": 91.13251689010701, "gamma": 6.6308331616739675}, "datetime": {"datetime": "2021-06-28 15:30:31", "elapsed": 293.214021, "delta": 1.239525}}
{"target": -25.561097274031034, "params": {"C": 35.696731764706286, "gamma": 0.0465768035297052}, "datetime": {"datetime": "2021-06-28 15:30:32", "elapsed": 294.781026, "delta": 1.567005}}
{"target": -26.10174982328458, "params": {"C": 35.83293382489147, "gamma": 0.05784766703516031}, "datetime": {"datetime": "2021-06-28 15:30:34", "elapsed": 296.459822, "delta": 1.678796}}
{"target": -28.886826702202455, "params": {"C": 11.48169840229289, "gamma": 0.027912042989175677}, "datetime": {"datetime": "2021-06-28 15:30:36", "elapsed": 298.324803, "delta": 1.864981}}
{"target": -27.43818017950881, "params": {"C": 35.48954549582506, "gamma": 0.08605727201656367}, "datetime": {"datetime": "2021-06-28 15:30:38", "elapsed": 300.9078, "delta": 2.582997}}
{"target": -24.575875964012813, "params": {"C": 36.401724149510734, "gamma": 0.019270177955705674}, "datetime": {"datetime": "2021-06-28 15:30:40", "elapsed": 302.857687, "delta": 1.949887}}
{"target": -40.58900658531503, "params": {"C": 45.59740643724834, "gamma": 3.706270931207174}, "datetime": {"datetime": "2021-06-28 15:30:42", "elapsed": 304.358794, "delta": 1.501107}}
{"target": -27.20649241381607, "params": {"C": 36.198066010848684, "gamma": 0.003459835012493413}, "datetime": {"datetime": "2021-06-28 15:30:44", "elapsed": 306.248849, "delta": 1.890055}}
{"target": -25.360916599431555, "params": {"C": 35.87853616305453, "gamma": 0.042834583295122915}, "datetime": {"datetime": "2021-06-28 15:30:47", "elapsed": 309.92037, "delta": 3.671521}}
{"target": -25.266741658379644, "params": {"C": 50.639233685669645, "gamma": 0.0675603858221749}, "datetime": {"datetime": "2021-06-28 15:30:49", "elapsed": 311.696372, "delta": 1.776002}}
{"target": -24.677814881714966, "params": {"C": 36.393456866376184, "gamma": 0.027385255888415044}, "datetime": {"datetime": "2021-06-28 15:30:52", "elapsed": 314.87082, "delta": 3.174448}}
{"target": -28.184496156999046, "params": {"C": 35.63268399599417, "gamma": 0.10520462714598688}, "datetime": {"datetime": "2021-06-28 15:30:55", "elapsed": 317.256348, "delta": 2.385528}}
{"target": -23.962461784732124, "params": {"C": 50.61460783561097, "gamma": 0.0398848617207695}, "datetime": {"datetime": "2021-06-28 15:30:58", "elapsed": 320.418909, "delta": 3.162561}}
{"target": -24.91324355677649, "params": {"C": 36.48167941176472, "gamma": 0.011771712284811327}, "datetime": {"datetime": "2021-06-28 15:31:00", "elapsed": 322.523058, "delta": 2.104149}}
{"target": -25.25973660878746, "params": {"C": 36.2230059429785, "gamma": 0.04145253648987586}, "datetime": {"datetime": "2021-06-28 15:31:02", "elapsed": 324.597863, "delta": 2.074805}}
{"target": -25.579761207797315, "params": {"C": 35.470779309419186, "gamma": 0.04647130739678823}, "datetime": {"datetime": "2021-06-28 15:31:04", "elapsed": 326.739025, "delta": 2.141162}}
{"target": -25.589422839772595, "params": {"C": 35.994907117434366, "gamma": 0.04779246066923622}, "datetime": {"datetime": "2021-06-28 15:31:06", "elapsed": 328.679217, "delta": 1.940192}}
{"target": -27.048904357024394, "params": {"C": 35.466106201972124, "gamma": 0.0770875942951245}, "datetime": {"datetime": "2021-06-28 15:31:08", "elapsed": 330.582755, "delta": 1.903538}}
{"target": -25.85893089720286, "params": {"C": 35.53458529421858, "gamma": 0.0522759827917108}, "datetime": {"datetime": "2021-06-28 15:31:10", "elapsed": 332.778336, "delta": 2.195581}}
{"target": -25.594759982374192, "params": {"C": 36.480039188933084, "gamma": 0.048925744173651434}, "datetime": {"datetime": "2021-06-28 15:31:13", "elapsed": 335.103701, "delta": 2.325365}}
{"target": -40.88888785194564, "params": {"C": 39.929958480673356, "gamma": 5.637409561320657}, "datetime": {"datetime": "2021-06-28 15:31:14", "elapsed": 336.370649, "delta": 1.266948}}
{"target": -27.838662708893473, "params": {"C": 36.26197674185084, "gamma": 0.09786240397363537}, "datetime": {"datetime": "2021-06-28 15:31:16", "elapsed": 338.550436, "delta": 2.179787}}
{"target": -24.78609454862573, "params": {"C": 36.37580027787746, "gamma": 0.030703913602900375}, "datetime": {"datetime": "2021-06-28 15:31:18", "elapsed": 340.405629, "delta": 1.855193}}
{"target": -41.443843045996566, "params": {"C": 97.22214429030035, "gamma": 9.26839703552601}, "datetime": {"datetime": "2021-06-28 15:31:19", "elapsed": 341.602098, "delta": 1.196469}}
{"target": -24.64030648758736, "params": {"C": 36.276468908504164, "gamma": 0.016555573950534076}, "datetime": {"datetime": "2021-06-28 15:31:21", "elapsed": 344.015905, "delta": 2.413807}}
{"target": -41.18737910989328, "params": {"C": 9.54475976126803, "gamma": 6.890423235715274}, "datetime": {"datetime": "2021-06-28 15:31:23", "elapsed": 345.462226, "delta": 1.446321}}
{"target": -38.404404448085224, "params": {"C": 66.75728562512562, "gamma": 1.486557885019287}, "datetime": {"datetime": "2021-06-28 15:31:24", "elapsed": 347.012476, "delta": 1.55025}}
{"target": -26.357465666503078, "params": {"C": 50.52523477344901, "gamma": 0.0918280522297381}, "datetime": {"datetime": "2021-06-28 15:31:27", "elapsed": 349.242217, "delta": 2.229741}}
{"target": -24.827189766024016, "params": {"C": 36.03843983649665, "gamma": 0.030909797799896357}, "datetime": {"datetime": "2021-06-28 15:31:30", "elapsed": 352.314168, "delta": 3.071951}}
{"target": -25.880368693352757, "params": {"C": 36.35593749542652, "gamma": 0.05446118527509616}, "datetime": {"datetime": "2021-06-28 15:31:33", "elapsed": 355.206868, "delta": 2.8927}}
{"target": -25.59748646438817, "params": {"C": 35.69860588288332, "gamma": 0.047323898967648555}, "datetime": {"datetime": "2021-06-28 15:31:35", "elapsed": 357.950313, "delta": 2.743445}}
{"target": -25.09912228434758, "params": {"C": 35.60024659553694, "gamma": 0.036531101702104905}, "datetime": {"datetime": "2021-06-28 15:31:38", "elapsed": 360.232602, "delta": 2.282289}}
