{"target": -23.606360362252417, "params": {"C": 9.523805274506973, "gamma": 0.04331229190114189}, "datetime": {"datetime": "2021-06-21 22:20:59", "elapsed": 989.420103, "delta": 9.421887}}
{"target": -23.090190586709262, "params": {"C": 9.373197009636307, "gamma": 0.0277210385195247}, "datetime": {"datetime": "2021-06-21 22:21:08", "elapsed": 998.407531, "delta": 8.987428}}
{"target": -34.19449567070779, "params": {"C": 4.541305505111823, "gamma": 7.1188627291513855}, "datetime": {"datetime": "2021-06-21 22:21:18", "elapsed": 1007.754174, "delta": 9.346643}}
{"target": -33.370515511163376, "params": {"C": 2.9000868142434677, "gamma": 0.5881125750428169}, "datetime": {"datetime": "2021-06-21 22:21:26", "elapsed": 1016.141309, "delta": 8.387135}}
{"target": -22.76194040288719, "params": {"C": 9.85142043948844, "gamma": 0.019496024945930803}, "datetime": {"datetime": "2021-06-21 22:21:36", "elapsed": 1026.17055, "delta": 10.029241}}
{"target": -22.983303082734743, "params": {"C": 9.5231175122255, "gamma": 0.025828983560102155}, "datetime": {"datetime": "2021-06-21 22:21:47", "elapsed": 1036.622362, "delta": 10.451812}}
{"target": -23.333760625084366, "params": {"C": 9.762211116838216, "gamma": 0.03822715082909896}, "datetime": {"datetime": "2021-06-21 22:21:55", "elapsed": 1045.096348, "delta": 8.473986}}
{"target": -34.21860112928922, "params": {"C": 4.378271131834362, "gamma": 8.652904904214044}, "datetime": {"datetime": "2021-06-21 22:22:03", "elapsed": 1053.201884, "delta": 8.105536}}
{"target": -23.747794796402154, "params": {"C": 9.683995400791737, "gamma": 0.04844610986062817}, "datetime": {"datetime": "2021-06-21 22:22:11", "elapsed": 1061.026149, "delta": 7.824265}}
{"target": -23.14594506394463, "params": {"C": 9.743945585795649, "gamma": 0.03302178573576232}, "datetime": {"datetime": "2021-06-21 22:22:19", "elapsed": 1069.149225, "delta": 8.123076}}
{"target": -22.92832307168955, "params": {"C": 9.62703809428986, "gamma": 0.014511236219246198}, "datetime": {"datetime": "2021-06-21 22:22:27", "elapsed": 1077.354888, "delta": 8.205663}}
{"target": -23.15509893078031, "params": {"C": 9.641122858975903, "gamma": 0.0323252502907305}, "datetime": {"datetime": "2021-06-21 22:22:35", "elapsed": 1085.155918, "delta": 7.80103}}
{"target": -23.042244375864026, "params": {"C": 9.863160672530414, "gamma": 0.03121352185239518}, "datetime": {"datetime": "2021-06-21 22:22:46", "elapsed": 1096.365868, "delta": 11.20995}}
{"target": -23.04493108926012, "params": {"C": 9.613486942864501, "gamma": 0.012622985955346978}, "datetime": {"datetime": "2021-06-21 22:22:57", "elapsed": 1107.005273, "delta": 10.639405}}
{"target": -22.798630210915867, "params": {"C": 9.82404739215376, "gamma": 0.022190492141036328}, "datetime": {"datetime": "2021-06-21 22:23:10", "elapsed": 1119.49267, "delta": 12.487397}}
{"target": -23.01520756080396, "params": {"C": 9.216509735188247, "gamma": 0.022343822115368568}, "datetime": {"datetime": "2021-06-21 22:23:19", "elapsed": 1128.838138, "delta": 9.345468}}
{"target": -23.68909810182167, "params": {"C": 9.151782493708316, "gamma": 0.04211394889975311}, "datetime": {"datetime": "2021-06-21 22:23:26", "elapsed": 1136.095614, "delta": 7.257476}}
{"target": -34.221821600517046, "params": {"C": 4.303595443527421, "gamma": 8.028245703269885}, "datetime": {"datetime": "2021-06-21 22:23:32", "elapsed": 1142.151101, "delta": 6.055487}}
{"target": -23.326707891282936, "params": {"C": 9.529590707123122, "gamma": 0.03597752826295597}, "datetime": {"datetime": "2021-06-21 22:23:40", "elapsed": 1149.507929, "delta": 7.356828}}
{"target": -22.835498447490437, "params": {"C": 9.662486542158355, "gamma": 0.017706290297826405}, "datetime": {"datetime": "2021-06-21 22:23:47", "elapsed": 1156.842502, "delta": 7.334573}}
{"target": -33.56540128485517, "params": {"C": 9.836644385221014, "gamma": 3.119010878705225}, "datetime": {"datetime": "2021-06-21 22:23:54", "elapsed": 1163.713307, "delta": 6.870805}}
{"target": -23.065380629888743, "params": {"C": 9.429002588799593, "gamma": 0.01331013143725316}, "datetime": {"datetime": "2021-06-21 22:24:01", "elapsed": 1171.103367, "delta": 7.39006}}
{"target": -33.336332612673026, "params": {"C": 4.313979979399529, "gamma": 0.8524382519809328}, "datetime": {"datetime": "2021-06-21 22:24:08", "elapsed": 1178.023766, "delta": 6.920399}}
{"target": -22.93514928841014, "params": {"C": 9.385572496348477, "gamma": 0.02086131873009291}, "datetime": {"datetime": "2021-06-21 22:24:15", "elapsed": 1184.832226, "delta": 6.80846}}
{"target": -23.05168386914757, "params": {"C": 9.519148657593522, "gamma": 0.02807287109326386}, "datetime": {"datetime": "2021-06-21 22:24:20", "elapsed": 1190.384418, "delta": 5.552192}}
{"target": -34.27479252220326, "params": {"C": 3.641277091659438, "gamma": 7.074914192223018}, "datetime": {"datetime": "2021-06-21 22:24:26", "elapsed": 1196.03242, "delta": 5.648002}}
{"target": -23.46004184414092, "params": {"C": 9.305848899052064, "gamma": 0.03749563548531656}, "datetime": {"datetime": "2021-06-21 22:24:33", "elapsed": 1202.961419, "delta": 6.928999}}
{"target": -22.83058441897722, "params": {"C": 9.734018871963627, "gamma": 0.022287959579653707}, "datetime": {"datetime": "2021-06-21 22:24:40", "elapsed": 1209.713355, "delta": 6.751936}}
{"target": -22.983430680287416, "params": {"C": 9.385760014615029, "gamma": 0.015349118349839694}, "datetime": {"datetime": "2021-06-21 22:24:46", "elapsed": 1215.874707, "delta": 6.161352}}
{"target": -22.995231317418348, "params": {"C": 9.8861530870551, "gamma": 0.030067144813659488}, "datetime": {"datetime": "2021-06-21 22:24:52", "elapsed": 1222.344241, "delta": 6.469534}}
{"target": -23.056984079206778, "params": {"C": 9.831891813814318, "gamma": 0.03134126897257687}, "datetime": {"datetime": "2021-06-21 22:24:59", "elapsed": 1228.941775, "delta": 6.597534}}
{"target": -23.016351784266398, "params": {"C": 9.322360025706418, "gamma": 0.02438479522569729}, "datetime": {"datetime": "2021-06-21 22:25:06", "elapsed": 1236.200492, "delta": 7.258717}}
{"target": -23.203612138774435, "params": {"C": 9.271794747421676, "gamma": 0.03012541908996491}, "datetime": {"datetime": "2021-06-21 22:25:13", "elapsed": 1242.787237, "delta": 6.586745}}
{"target": -23.002580150449337, "params": {"C": 9.18783642279834, "gamma": 0.02009310842202791}, "datetime": {"datetime": "2021-06-21 22:25:20", "elapsed": 1249.618416, "delta": 6.831179}}
{"target": -32.642278976692864, "params": {"C": 9.026204300086516, "gamma": 1.0923167396809133}, "datetime": {"datetime": "2021-06-21 22:25:28", "elapsed": 1257.794669, "delta": 8.176253}}
{"target": -22.931718240551927, "params": {"C": 9.398225029935674, "gamma": 0.02099087580534202}, "datetime": {"datetime": "2021-06-21 22:25:36", "elapsed": 1266.30455, "delta": 8.509881}}
{"target": -22.817142807205435, "params": {"C": 9.700164718795756, "gamma": 0.018349347952378824}, "datetime": {"datetime": "2021-06-21 22:25:44", "elapsed": 1273.760445, "delta": 7.455895}}
{"target": -22.940158246265423, "params": {"C": 9.961055327939789, "gamma": 0.029149784711579887}, "datetime": {"datetime": "2021-06-21 22:25:52", "elapsed": 1281.51462, "delta": 7.754175}}
{"target": -23.011838208765763, "params": {"C": 9.173096993370056, "gamma": 0.020672631022204128}, "datetime": {"datetime": "2021-06-21 22:26:00", "elapsed": 1289.76165, "delta": 8.24703}}
{"target": -22.742207860391442, "params": {"C": 9.908260291311102, "gamma": 0.018970081467299737}, "datetime": {"datetime": "2021-06-21 22:26:08", "elapsed": 1297.752438, "delta": 7.990788}}
{"target": -34.52750239133708, "params": {"C": 0.9413822779480967, "gamma": 5.273808456735469}, "datetime": {"datetime": "2021-06-21 22:26:15", "elapsed": 1304.944476, "delta": 7.192038}}
{"target": -22.88768074657037, "params": {"C": 9.633904414448615, "gamma": 0.02349140997243461}, "datetime": {"datetime": "2021-06-21 22:26:21", "elapsed": 1310.538195, "delta": 5.593719}}
{"target": -22.955500608378028, "params": {"C": 9.326247005732485, "gamma": 0.020702648482790315}, "datetime": {"datetime": "2021-06-21 22:26:30", "elapsed": 1319.517155, "delta": 8.97896}}
{"target": -31.896292086911632, "params": {"C": 5.419735054653096, "gamma": 0.44152816521099647}, "datetime": {"datetime": "2021-06-21 22:26:39", "elapsed": 1328.734156, "delta": 9.217001}}
{"target": -22.921029994259275, "params": {"C": 9.905142054783827, "gamma": 0.02798981320705121}, "datetime": {"datetime": "2021-06-21 22:26:47", "elapsed": 1337.080566, "delta": 8.34641}}
{"target": -22.80609292981032, "params": {"C": 9.940796968751712, "gamma": 0.02433690398433683}, "datetime": {"datetime": "2021-06-21 22:26:55", "elapsed": 1344.702778, "delta": 7.622212}}
{"target": -34.037379167510394, "params": {"C": 5.561908445914347, "gamma": 4.120393056539395}, "datetime": {"datetime": "2021-06-21 22:27:03", "elapsed": 1352.645376, "delta": 7.942598}}
{"target": -23.27260917764312, "params": {"C": 9.255340331930455, "gamma": 0.031943063917354936}, "datetime": {"datetime": "2021-06-21 22:27:09", "elapsed": 1359.243312, "delta": 6.597936}}
{"target": -34.27903335147858, "params": {"C": 2.2111864406463027, "gamma": 2.0309238505397844}, "datetime": {"datetime": "2021-06-21 22:27:17", "elapsed": 1366.863343, "delta": 7.620031}}
{"target": -34.12484517818245, "params": {"C": 5.4730540103566145, "gamma": 8.53582430424296}, "datetime": {"datetime": "2021-06-21 22:27:24", "elapsed": 1373.889439, "delta": 7.026096}}
{"target": -22.991177996308387, "params": {"C": 9.238447739189038, "gamma": 0.021075992677159483}, "datetime": {"datetime": "2021-06-21 22:27:33", "elapsed": 1382.580784, "delta": 8.691345}}
{"target": -22.835573504977372, "params": {"C": 9.812077879976234, "gamma": 0.015203476619205035}, "datetime": {"datetime": "2021-06-21 22:27:39", "elapsed": 1389.159278, "delta": 6.578494}}
{"target": -23.18730141968314, "params": {"C": 9.194726208542301, "gamma": 0.028836972589636724}, "datetime": {"datetime": "2021-06-21 22:27:48", "elapsed": 1398.258781, "delta": 9.099503}}
{"target": -34.3502760532981, "params": {"C": 2.9165243632210593, "gamma": 9.33296916895016}, "datetime": {"datetime": "2021-06-21 22:27:57", "elapsed": 1406.63951, "delta": 8.380729}}
{"target": -34.303385694588876, "params": {"C": 3.0277080562769263, "gamma": 4.561527687517064}, "datetime": {"datetime": "2021-06-21 22:28:05", "elapsed": 1414.55782, "delta": 7.91831}}
{"target": -33.56544726955584, "params": {"C": 8.415348079980907, "gamma": 2.4271954237466726}, "datetime": {"datetime": "2021-06-21 22:28:13", "elapsed": 1422.93913, "delta": 8.38131}}
{"target": -22.901353855485915, "params": {"C": 9.460776896781327, "gamma": 0.01981504958127832}, "datetime": {"datetime": "2021-06-21 22:28:22", "elapsed": 1432.016808, "delta": 9.077678}}
{"target": -22.750219125364122, "params": {"C": 9.901946736961063, "gamma": 0.01786060094135487}, "datetime": {"datetime": "2021-06-21 22:28:29", "elapsed": 1439.217014, "delta": 7.200206}}
{"target": -26.75918255132459, "params": {"C": 9.639176814700013, "gamma": 0.1462898548859793}, "datetime": {"datetime": "2021-06-21 22:28:37", "elapsed": 1447.030286, "delta": 7.813272}}
{"target": -25.059531708563267, "params": {"C": 9.319643434194106, "gamma": 0.08005375046569642}, "datetime": {"datetime": "2021-06-21 22:28:45", "elapsed": 1455.383764, "delta": 8.353478}}
{"target": -23.529107581115838, "params": {"C": 9.581411881819431, "gamma": 0.04178421135345696}, "datetime": {"datetime": "2021-06-21 22:28:54", "elapsed": 1463.756073, "delta": 8.372309}}
{"target": -22.742685975306028, "params": {"C": 9.934577579529664, "gamma": 0.017503204853615003}, "datetime": {"datetime": "2021-06-21 22:29:02", "elapsed": 1471.942073, "delta": 8.186}}
{"target": -22.728739675018662, "params": {"C": 9.952234630938177, "gamma": 0.019928102396961994}, "datetime": {"datetime": "2021-06-21 22:29:11", "elapsed": 1480.610844, "delta": 8.668771}}
{"target": -34.42032019022146, "params": {"C": 1.578755004887599, "gamma": 2.8376110078658567}, "datetime": {"datetime": "2021-06-21 22:29:18", "elapsed": 1488.030175, "delta": 7.419331}}
{"target": -23.379683546356503, "params": {"C": 9.77414435980984, "gamma": 0.0395409747319079}, "datetime": {"datetime": "2021-06-21 22:29:27", "elapsed": 1496.931164, "delta": 8.900989}}
{"target": -23.91243827177861, "params": {"C": 9.609271394446017, "gamma": 0.05191778936767267}, "datetime": {"datetime": "2021-06-21 22:29:34", "elapsed": 1503.80717, "delta": 6.876006}}
{"target": -22.803418098212795, "params": {"C": 9.953698580245488, "gamma": 0.024398100501798636}, "datetime": {"datetime": "2021-06-21 22:29:42", "elapsed": 1512.148524, "delta": 8.341354}}
{"target": -20.011109876871686, "params": {"C": 26.62258238857322, "gamma": 0.03853330423112848}, "datetime": {"datetime": "2021-06-21 22:35:39", "elapsed": 0.0, "delta": 0.0}}
{"target": -22.75958053318968, "params": {"C": 9.90458643017553, "gamma": 0.02139563547790543}, "datetime": {"datetime": "2021-06-21 22:35:40", "elapsed": 0.200002, "delta": 0.200002}}
{"target": -21.37462655734949, "params": {"C": 15.784911221766233, "gamma": 0.01278588238552071}, "datetime": {"datetime": "2021-06-21 22:35:40", "elapsed": 0.401006, "delta": 0.201004}}
{"target": -20.95593441264815, "params": {"C": 17.369034476244604, "gamma": 0.023167989808764958}, "datetime": {"datetime": "2021-06-21 22:35:40", "elapsed": 0.604, "delta": 0.202994}}
{"target": -19.885491033095164, "params": {"C": 25.810375716649865, "gamma": 0.031091486094137637}, "datetime": {"datetime": "2021-06-21 22:35:40", "elapsed": 0.804002, "delta": 0.200002}}
{"target": -19.95450765860213, "params": {"C": 26.709700027572126, "gamma": 0.03709399951626714}, "datetime": {"datetime": "2021-06-21 22:35:41", "elapsed": 1.138587, "delta": 0.334585}}
{"target": -21.529788230585748, "params": {"C": 18.09853521423385, "gamma": 0.045002814892028765}, "datetime": {"datetime": "2021-06-21 22:35:41", "elapsed": 1.377582, "delta": 0.238995}}
{"target": -22.88097983743363, "params": {"C": 10.99824248723684, "gamma": 0.03648916791731449}, "datetime": {"datetime": "2021-06-21 22:35:41", "elapsed": 1.604587, "delta": 0.227005}}
{"target": -19.80523450337989, "params": {"C": 26.63392257492179, "gamma": 0.03190628296627582}, "datetime": {"datetime": "2021-06-21 22:35:41", "elapsed": 1.809587, "delta": 0.205}}
{"target": -21.28448664952517, "params": {"C": 15.529516237668876, "gamma": 0.01712216105248003}, "datetime": {"datetime": "2021-06-21 22:35:42", "elapsed": 2.011633, "delta": 0.202046}}
{"target": -18.788499226827202, "params": {"C": 42.00985720388902, "gamma": 0.0486987246044953}, "datetime": {"datetime": "2021-06-21 22:35:42", "elapsed": 2.208255, "delta": 0.196622}}
{"target": -20.54435892555325, "params": {"C": 22.468309544185637, "gamma": 0.03738522724244188}, "datetime": {"datetime": "2021-06-21 22:35:42", "elapsed": 2.406611, "delta": 0.198356}}
{"target": -18.450089569644685, "params": {"C": 45.04320500707114, "gamma": 0.045678873203657745}, "datetime": {"datetime": "2021-06-21 22:35:42", "elapsed": 2.609573, "delta": 0.202962}}
{"target": -22.110223468283117, "params": {"C": 13.310272875928096, "gamma": 0.010601246112548176}, "datetime": {"datetime": "2021-06-21 22:35:42", "elapsed": 2.809821, "delta": 0.200248}}
{"target": -21.80184701920508, "params": {"C": 16.710199824539213, "gamma": 0.04500384264060594}, "datetime": {"datetime": "2021-06-21 22:35:43", "elapsed": 3.013922, "delta": 0.204101}}
{"target": -21.778403654593856, "params": {"C": 13.843708036705308, "gamma": 0.026265412625207138}, "datetime": {"datetime": "2021-06-21 22:35:43", "elapsed": 3.211929, "delta": 0.198007}}
{"target": -17.83479804274459, "params": {"C": 48.31137015903513, "gamma": 0.030859776683893697}, "datetime": {"datetime": "2021-06-21 22:35:43", "elapsed": 3.414937, "delta": 0.203008}}
{"target": -18.558940334942143, "params": {"C": 37.64427226941398, "gamma": 0.02193614087124858}, "datetime": {"datetime": "2021-06-21 22:35:43", "elapsed": 3.621889, "delta": 0.206952}}
{"target": -19.009490760903866, "params": {"C": 37.428687200031504, "gamma": 0.043219652547792295}, "datetime": {"datetime": "2021-06-21 22:35:43", "elapsed": 3.844558, "delta": 0.222669}}
{"target": -23.113432998401155, "params": {"C": 10.633359921502091, "gamma": 0.03975591691274367}, "datetime": {"datetime": "2021-06-21 22:35:44", "elapsed": 4.053218, "delta": 0.20866}}
{"target": -17.80557111005199, "params": {"C": 48.390546054261335, "gamma": 0.020926405649543213}, "datetime": {"datetime": "2021-06-21 22:35:44", "elapsed": 4.372365, "delta": 0.319147}}
{"target": -18.334634501685702, "params": {"C": 48.48115264222441, "gamma": 0.049782138327588196}, "datetime": {"datetime": "2021-06-21 22:35:44", "elapsed": 4.661366, "delta": 0.289001}}
{"target": -21.59831360243786, "params": {"C": 15.887199198266556, "gamma": 0.03478128232411327}, "datetime": {"datetime": "2021-06-21 22:35:44", "elapsed": 4.92038, "delta": 0.259014}}
{"target": -18.471266543545113, "params": {"C": 48.170398932299165, "gamma": 0.009493279751543843}, "datetime": {"datetime": "2021-06-21 22:35:45", "elapsed": 5.223378, "delta": 0.302998}}
{"target": -18.164439190899422, "params": {"C": 45.1902003094311, "gamma": 0.014975934538941058}, "datetime": {"datetime": "2021-06-21 22:35:45", "elapsed": 5.534373, "delta": 0.310995}}
{"target": -18.570760066005697, "params": {"C": 45.34434390918445, "gamma": 0.05}, "datetime": {"datetime": "2021-06-21 22:35:45", "elapsed": 5.89927, "delta": 0.364897}}
{"target": -19.191826568281236, "params": {"C": 37.83659942616111, "gamma": 0.05}, "datetime": {"datetime": "2021-06-21 22:35:46", "elapsed": 6.234913, "delta": 0.335643}}
{"target": -18.77710148012169, "params": {"C": 41.803277657948975, "gamma": 0.0478412276297996}, "datetime": {"datetime": "2021-06-21 22:35:46", "elapsed": 6.580126, "delta": 0.345213}}
{"target": -18.740349586441962, "params": {"C": 44.819328395086195, "gamma": 0.009}, "datetime": {"datetime": "2021-06-21 22:35:46", "elapsed": 6.888783, "delta": 0.308657}}
{"target": -21.315330077411822, "params": {"C": 15.852638275804729, "gamma": 0.025674030980213418}, "datetime": {"datetime": "2021-06-21 22:35:47", "elapsed": 7.172084, "delta": 0.283301}}
{"target": -18.626216806735393, "params": {"C": 44.612263277815224, "gamma": 0.05}, "datetime": {"datetime": "2021-06-21 22:35:47", "elapsed": 7.501073, "delta": 0.328989}}
{"target": -18.49710123525153, "params": {"C": 48.16866900951958, "gamma": 0.009333862731357806}, "datetime": {"datetime": "2021-06-21 22:35:47", "elapsed": 7.83304, "delta": 0.331967}}
{"target": -18.573848792856733, "params": {"C": 44.422766813140754, "gamma": 0.010292842374604342}, "datetime": {"datetime": "2021-06-21 22:35:48", "elapsed": 8.199388, "delta": 0.366348}}
{"target": -18.65571434149689, "params": {"C": 44.22711181169961, "gamma": 0.05}, "datetime": {"datetime": "2021-06-21 22:35:48", "elapsed": 8.556543, "delta": 0.357155}}
{"target": -18.7871149403297, "params": {"C": 44.01527577698329, "gamma": 0.009}, "datetime": {"datetime": "2021-06-21 22:35:48", "elapsed": 8.904836, "delta": 0.348293}}
{"target": -18.521254123816362, "params": {"C": 43.78947316701262, "gamma": 0.04494344012798369}, "datetime": {"datetime": "2021-06-21 22:35:49", "elapsed": 9.30639, "delta": 0.401554}}
{"target": -18.190065289836745, "params": {"C": 43.58195361086373, "gamma": 0.03252503707325244}, "datetime": {"datetime": "2021-06-21 22:35:49", "elapsed": 9.696473, "delta": 0.390083}}
{"target": -18.137355127142747, "params": {"C": 43.39848138802229, "gamma": 0.020681147971627116}, "datetime": {"datetime": "2021-06-21 22:35:50", "elapsed": 10.051472, "delta": 0.354999}}
{"target": -21.35214380545948, "params": {"C": 18.701292733777887, "gamma": 0.04314587582789488}, "datetime": {"datetime": "2021-06-21 22:35:50", "elapsed": 10.350089, "delta": 0.298617}}
{"target": -18.725127174194235, "params": {"C": 43.209659688992254, "gamma": 0.0497120461885564}, "datetime": {"datetime": "2021-06-21 22:35:50", "elapsed": 10.709088, "delta": 0.358999}}
{"target": -18.932443316599095, "params": {"C": 41.54001423253331, "gamma": 0.009020792914640235}, "datetime": {"datetime": "2021-06-21 22:35:51", "elapsed": 11.048528, "delta": 0.33944}}
{"target": -18.433396809294873, "params": {"C": 42.27204124392491, "gamma": 0.03804723738078503}, "datetime": {"datetime": "2021-06-21 22:35:51", "elapsed": 11.419524, "delta": 0.370996}}
{"target": -18.231701387244883, "params": {"C": 42.49307698683865, "gamma": 0.02984091508702883}, "datetime": {"datetime": "2021-06-21 22:35:51", "elapsed": 11.776051, "delta": 0.356527}}
{"target": -19.518269759701123, "params": {"C": 28.403844180108408, "gamma": 0.029007175695436323}, "datetime": {"datetime": "2021-06-21 22:35:52", "elapsed": 12.093931, "delta": 0.31788}}
{"target": -18.51042601422218, "params": {"C": 42.714823076363054, "gamma": 0.04179835563658313}, "datetime": {"datetime": "2021-06-21 22:35:52", "elapsed": 12.5724, "delta": 0.478469}}
{"target": -18.39630040735322, "params": {"C": 42.94045175132331, "gamma": 0.03861463218760612}, "datetime": {"datetime": "2021-06-21 22:35:52", "elapsed": 12.930026, "delta": 0.357626}}
{"target": -18.670982824070506, "params": {"C": 45.643900629029815, "gamma": 0.009132958943380592}, "datetime": {"datetime": "2021-06-21 22:35:53", "elapsed": 13.348706, "delta": 0.41868}}
{"target": -18.52856146292409, "params": {"C": 45.90847178237786, "gamma": 0.05}, "datetime": {"datetime": "2021-06-21 22:35:53", "elapsed": 13.798068, "delta": 0.449362}}
{"target": -18.057521602998598, "params": {"C": 46.16916379642842, "gamma": 0.01606913804072887}, "datetime": {"datetime": "2021-06-21 22:35:54", "elapsed": 14.161357, "delta": 0.363289}}
{"target": -18.32639962200389, "params": {"C": 46.37169049578743, "gamma": 0.04491266576078225}, "datetime": {"datetime": "2021-06-21 22:35:54", "elapsed": 14.554567, "delta": 0.39321}}
