{"target": -14.980803055043157, "params": {"C": 187.91606568000321, "gamma": 0.009874045173625922}, "datetime": {"datetime": "2021-06-21 23:19:40", "elapsed": 206.862772, "delta": 1.366782}}
{"target": -15.725764146484176, "params": {"C": 117.34190896366252, "gamma": 0.012212595996519122}, "datetime": {"datetime": "2021-06-21 23:19:41", "elapsed": 208.052591, "delta": 1.189819}}
{"target": -15.4149610116328, "params": {"C": 118.14215928529036, "gamma": 0.05}, "datetime": {"datetime": "2021-06-21 23:19:42", "elapsed": 209.794313, "delta": 1.741722}}
{"target": -15.017514936926457, "params": {"C": 133.75926847665897, "gamma": 0.016939380590314822}, "datetime": {"datetime": "2021-06-21 23:19:44", "elapsed": 211.134898, "delta": 1.340585}}
{"target": -14.142312561291465, "params": {"C": 167.33077725376344, "gamma": 0.03394326374868526}, "datetime": {"datetime": "2021-06-21 23:19:45", "elapsed": 212.682367, "delta": 1.547469}}
{"target": -14.379868221811574, "params": {"C": 182.65015941584554, "gamma": 0.015168900572808248}, "datetime": {"datetime": "2021-06-21 23:19:47", "elapsed": 214.512067, "delta": 1.8297}}
{"target": -14.166763969582973, "params": {"C": 184.52893089178644, "gamma": 0.049027922977146386}, "datetime": {"datetime": "2021-06-21 23:19:49", "elapsed": 216.343223, "delta": 1.831156}}
{"target": -15.327752075658513, "params": {"C": 174.14122518186701, "gamma": 0.00904367431207569}, "datetime": {"datetime": "2021-06-21 23:19:51", "elapsed": 218.264944, "delta": 1.921721}}
{"target": -15.632936826282362, "params": {"C": 107.95096374415773, "gamma": 0.015924965190900812}, "datetime": {"datetime": "2021-06-21 23:19:52", "elapsed": 219.139898, "delta": 0.874954}}
{"target": -14.311632291407067, "params": {"C": 174.54681972712328, "gamma": 0.017902767049906766}, "datetime": {"datetime": "2021-06-21 23:19:53", "elapsed": 220.762262, "delta": 1.622364}}
{"target": -14.158380558297488, "params": {"C": 193.4009773090983, "gamma": 0.016419485939209874}, "datetime": {"datetime": "2021-06-21 23:19:55", "elapsed": 222.163157, "delta": 1.400895}}
{"target": -14.306371032620536, "params": {"C": 172.30954461270167, "gamma": 0.04730702967802275}, "datetime": {"datetime": "2021-06-21 23:19:57", "elapsed": 223.839247, "delta": 1.67609}}
{"target": -15.446212371886428, "params": {"C": 165.96604380417102, "gamma": 0.009}, "datetime": {"datetime": "2021-06-21 23:19:58", "elapsed": 225.505897, "delta": 1.66665}}
{"target": -14.201766712600412, "params": {"C": 166.38760777048216, "gamma": 0.037532915924316936}, "datetime": {"datetime": "2021-06-21 23:20:00", "elapsed": 226.848336, "delta": 1.342439}}
{"target": -14.183273873464627, "params": {"C": 176.33722500108252, "gamma": 0.020188109786845973}, "datetime": {"datetime": "2021-06-21 23:20:01", "elapsed": 228.444044, "delta": 1.595708}}
{"target": -15.88228731027208, "params": {"C": 101.30155174114567, "gamma": 0.05}, "datetime": {"datetime": "2021-06-21 23:20:03", "elapsed": 230.125055, "delta": 1.681011}}
{"target": -15.750942019814449, "params": {"C": 100.34160864764434, "gamma": 0.043348830741901635}, "datetime": {"datetime": "2021-06-21 23:20:05", "elapsed": 232.170472, "delta": 2.045417}}
{"target": -15.238975797771639, "params": {"C": 168.93682549352525, "gamma": 0.009820693821308199}, "datetime": {"datetime": "2021-06-21 23:20:07", "elapsed": 234.148302, "delta": 1.97783}}
{"target": -14.133661912935958, "params": {"C": 191.49459433974323, "gamma": 0.01718081857971298}, "datetime": {"datetime": "2021-06-21 23:20:08", "elapsed": 235.561892, "delta": 1.41359}}
{"target": -14.23049371414946, "params": {"C": 181.14780039287527, "gamma": 0.049782893702252244}, "datetime": {"datetime": "2021-06-21 23:20:10", "elapsed": 237.612682, "delta": 2.05079}}
{"target": -14.470195948054943, "params": {"C": 173.70005651707035, "gamma": 0.01552751849730637}, "datetime": {"datetime": "2021-06-21 23:20:12", "elapsed": 239.514183, "delta": 1.901501}}
{"target": -14.913637492038456, "params": {"C": 192.15433230842055, "gamma": 0.009949998834278283}, "datetime": {"datetime": "2021-06-21 23:20:14", "elapsed": 240.862941, "delta": 1.348758}}
{"target": -15.116292096974734, "params": {"C": 191.83202663983417, "gamma": 0.009}, "datetime": {"datetime": "2021-06-21 23:20:15", "elapsed": 242.508523, "delta": 1.645582}}
{"target": -14.092701139435496, "params": {"C": 184.933482604241, "gamma": 0.019608731317791644}, "datetime": {"datetime": "2021-06-21 23:20:17", "elapsed": 243.895803, "delta": 1.38728}}
{"target": -15.09389365358986, "params": {"C": 170.81970743066398, "gamma": 0.01045926812359004}, "datetime": {"datetime": "2021-06-21 23:20:18", "elapsed": 245.679892, "delta": 1.784089}}
{"target": -14.029712536580865, "params": {"C": 187.0693582057158, "gamma": 0.044108760724394375}, "datetime": {"datetime": "2021-06-21 23:20:20", "elapsed": 247.570245, "delta": 1.890353}}
{"target": -15.457652676373796, "params": {"C": 165.12881252714695, "gamma": 0.009}, "datetime": {"datetime": "2021-06-21 23:20:22", "elapsed": 249.25803, "delta": 1.687785}}
{"target": -14.279902444173004, "params": {"C": 194.58928175780005, "gamma": 0.014592520835495214}, "datetime": {"datetime": "2021-06-21 23:20:24", "elapsed": 251.407285, "delta": 2.149255}}
{"target": -14.399276204186496, "params": {"C": 175.53474094741506, "gamma": 0.016195378071407245}, "datetime": {"datetime": "2021-06-21 23:20:26", "elapsed": 252.989197, "delta": 1.581912}}
{"target": -14.088001308701518, "params": {"C": 183.0667969960974, "gamma": 0.02032088523807693}, "datetime": {"datetime": "2021-06-21 23:20:27", "elapsed": 254.68133, "delta": 1.692133}}
{"target": -14.128298299575501, "params": {"C": 189.06954399476166, "gamma": 0.05}, "datetime": {"datetime": "2021-06-21 23:20:29", "elapsed": 256.160329, "delta": 1.478999}}
{"target": -14.51899051905759, "params": {"C": 159.19363394393693, "gamma": 0.04758451092379521}, "datetime": {"datetime": "2021-06-21 23:20:31", "elapsed": 258.271425, "delta": 2.111096}}
{"target": -14.20821927666501, "params": {"C": 163.47432601192992, "gamma": 0.03475418704966754}, "datetime": {"datetime": "2021-06-21 23:20:33", "elapsed": 260.377869, "delta": 2.106444}}
{"target": -14.696758675994301, "params": {"C": 144.54823892473448, "gamma": 0.04402854317592605}, "datetime": {"datetime": "2021-06-21 23:20:36", "elapsed": 263.097235, "delta": 2.719366}}
{"target": -14.276867867466828, "params": {"C": 159.63492486172532, "gamma": 0.03563105111909219}, "datetime": {"datetime": "2021-06-21 23:20:38", "elapsed": 264.97999, "delta": 1.882755}}
{"target": -14.851617906010189, "params": {"C": 152.22745784595995, "gamma": 0.014675995331926196}, "datetime": {"datetime": "2021-06-21 23:20:40", "elapsed": 267.166561, "delta": 2.186571}}
{"target": -15.615790288183923, "params": {"C": 152.68632256599784, "gamma": 0.009117261293510773}, "datetime": {"datetime": "2021-06-21 23:20:41", "elapsed": 268.78255, "delta": 1.615989}}
{"target": -14.53207771177612, "params": {"C": 153.12071748426234, "gamma": 0.04352571156671867}, "datetime": {"datetime": "2021-06-21 23:20:43", "elapsed": 270.785696, "delta": 2.003146}}
{"target": -15.135334329625627, "params": {"C": 185.29346614527964, "gamma": 0.009279276284720254}, "datetime": {"datetime": "2021-06-21 23:20:45", "elapsed": 272.701332, "delta": 1.915636}}
{"target": -15.627855177181344, "params": {"C": 153.556974326516, "gamma": 0.009}, "datetime": {"datetime": "2021-06-21 23:20:47", "elapsed": 274.675237, "delta": 1.973905}}
{"target": -13.945724423990697, "params": {"C": 195.5961476618558, "gamma": 0.045445191839735194}, "datetime": {"datetime": "2021-06-21 23:20:50", "elapsed": 276.940174, "delta": 2.264937}}
{"target": -14.59235810742126, "params": {"C": 151.73694129805847, "gamma": 0.01915279472963162}, "datetime": {"datetime": "2021-06-21 23:20:52", "elapsed": 278.862188, "delta": 1.922014}}
{"target": -14.173696824866925, "params": {"C": 192.67201083876262, "gamma": 0.016320898631832774}, "datetime": {"datetime": "2021-06-21 23:20:52", "elapsed": 279.833263, "delta": 0.971075}}
{"target": -13.766104614610928, "params": {"C": 196.79703772237158, "gamma": 0.026915917022247236}, "datetime": {"datetime": "2021-06-21 23:20:55", "elapsed": 281.996131, "delta": 2.162868}}
{"target": -15.093610400703037, "params": {"C": 127.51416275839884, "gamma": 0.045874344991540486}, "datetime": {"datetime": "2021-06-21 23:20:56", "elapsed": 283.624351, "delta": 1.62822}}
{"target": -15.567068895914563, "params": {"C": 156.39537325254963, "gamma": 0.009081289116556281}, "datetime": {"datetime": "2021-06-21 23:20:59", "elapsed": 285.859186, "delta": 2.234835}}
{"target": -15.031229418986749, "params": {"C": 125.77857218873189, "gamma": 0.04165384780287671}, "datetime": {"datetime": "2021-06-21 23:20:59", "elapsed": 286.834764, "delta": 0.975578}}
{"target": -14.688330152624216, "params": {"C": 138.7738607352986, "gamma": 0.02311783681846368}, "datetime": {"datetime": "2021-06-21 23:21:00", "elapsed": 287.782899, "delta": 0.948135}}
{"target": -14.440776577445721, "params": {"C": 166.81008465948048, "gamma": 0.049601584312202435}, "datetime": {"datetime": "2021-06-21 23:21:03", "elapsed": 290.071681, "delta": 2.288782}}
{"target": -14.660798959130622, "params": {"C": 138.02537723726348, "gamma": 0.02546524103156541}, "datetime": {"datetime": "2021-06-21 23:21:04", "elapsed": 291.582499, "delta": 1.510818}}
{"target": -13.832364996336786, "params": {"C": 191.12276168316544, "gamma": 0.03618503446630989}, "datetime": {"datetime": "2021-06-21 23:21:05", "elapsed": 292.57675, "delta": 0.994251}}
{"target": -13.924172494131984, "params": {"C": 183.91204012874235, "gamma": 0.02675355585750005}, "datetime": {"datetime": "2021-06-21 23:21:07", "elapsed": 294.358399, "delta": 1.781649}}
{"target": -15.012010068453899, "params": {"C": 178.0187399756582, "gamma": 0.01037555648779827}, "datetime": {"datetime": "2021-06-21 23:21:09", "elapsed": 295.888364, "delta": 1.529965}}
{"target": -14.475867372414655, "params": {"C": 178.32266163056204, "gamma": 0.014654800626782576}, "datetime": {"datetime": "2021-06-21 23:21:10", "elapsed": 297.581994, "delta": 1.69363}}
{"target": -14.825320195085856, "params": {"C": 193.91663843406903, "gamma": 0.010300649518770069}, "datetime": {"datetime": "2021-06-21 23:21:12", "elapsed": 299.810948, "delta": 2.228954}}
{"target": -14.609452720562977, "params": {"C": 139.6166318056327, "gamma": 0.03182669953727121}, "datetime": {"datetime": "2021-06-21 23:21:13", "elapsed": 300.765472, "delta": 0.954524}}
{"target": -14.541922929233838, "params": {"C": 145.53755759944553, "gamma": 0.024193130130962512}, "datetime": {"datetime": "2021-06-21 23:21:14", "elapsed": 301.771226, "delta": 1.005754}}
{"target": -14.548228578476364, "params": {"C": 158.79270890876077, "gamma": 0.04859174101691886}, "datetime": {"datetime": "2021-06-21 23:21:16", "elapsed": 303.744273, "delta": 1.973047}}
{"target": -14.788069749613166, "params": {"C": 198.26654827740634, "gamma": 0.010225162072509314}, "datetime": {"datetime": "2021-06-21 23:21:19", "elapsed": 306.06367, "delta": 2.319397}}
{"target": -14.190206852649071, "params": {"C": 198.57735403995054, "gamma": 0.015126562462758647}, "datetime": {"datetime": "2021-06-21 23:21:20", "elapsed": 307.661876, "delta": 1.598206}}
{"target": -14.90984054421512, "params": {"C": 136.62297415606733, "gamma": 0.04632308311457049}, "datetime": {"datetime": "2021-06-21 23:21:23", "elapsed": 310.78974, "delta": 3.127864}}
{"target": -15.64498244290633, "params": {"C": 107.33075235515483, "gamma": 0.04782620095225023}, "datetime": {"datetime": "2021-06-21 23:21:26", "elapsed": 313.530712, "delta": 2.740972}}
{"target": -15.663199949341433, "params": {"C": 106.60787604569396, "gamma": 0.015995133704940954}, "datetime": {"datetime": "2021-06-21 23:21:29", "elapsed": 315.990428, "delta": 2.459716}}
{"target": -14.205231767811519, "params": {"C": 165.5866670036924, "gamma": 0.024988955270993214}, "datetime": {"datetime": "2021-06-21 23:21:30", "elapsed": 317.639697, "delta": 1.649269}}
{"target": -14.732213975891831, "params": {"C": 177.80335566243156, "gamma": 0.012115350369240309}, "datetime": {"datetime": "2021-06-21 23:21:32", "elapsed": 319.362972, "delta": 1.723275}}
{"target": -14.916939828241851, "params": {"C": 185.5791286103637, "gamma": 0.01035996879144003}, "datetime": {"datetime": "2021-06-21 23:21:34", "elapsed": 321.404242, "delta": 2.04127}}
{"target": -14.492324118805014, "params": {"C": 158.38374817271796, "gamma": 0.04577492556215268}, "datetime": {"datetime": "2021-06-21 23:21:36", "elapsed": 323.834714, "delta": 2.430472}}
{"target": -15.10902302710333, "params": {"C": 192.44151006107998, "gamma": 0.009}, "datetime": {"datetime": "2021-06-21 23:21:39", "elapsed": 325.923937, "delta": 2.089223}}
{"target": -13.910577422691873, "params": {"C": 193.03827404014285, "gamma": 0.021869621515412337}, "datetime": {"datetime": "2021-06-21 23:21:41", "elapsed": 328.17175, "delta": 2.247813}}
{"target": -13.91012807230519, "params": {"C": 195.30413767554234, "gamma": 0.021023872324648526}, "datetime": {"datetime": "2021-06-21 23:21:43", "elapsed": 330.053592, "delta": 1.881842}}
{"target": -14.605417474811928, "params": {"C": 139.8638748266367, "gamma": 0.03211159036045074}, "datetime": {"datetime": "2021-06-21 23:21:44", "elapsed": 331.098187, "delta": 1.044595}}
{"target": -15.183935569642454, "params": {"C": 168.1134109336715, "gamma": 0.01017114400087867}, "datetime": {"datetime": "2021-06-21 23:21:47", "elapsed": 333.941585, "delta": 2.843398}}
{"target": -14.69089747636628, "params": {"C": 135.8798038696936, "gamma": 0.026819577893675485}, "datetime": {"datetime": "2021-06-21 23:21:49", "elapsed": 336.381928, "delta": 2.440343}}
{"target": -13.95902319634076, "params": {"C": 197.21908834342497, "gamma": 0.04700012785844249}, "datetime": {"datetime": "2021-06-21 23:21:50", "elapsed": 337.460388, "delta": 1.07846}}
{"target": -15.805729904081755, "params": {"C": 103.08919840245419, "gamma": 0.04918410358578214}, "datetime": {"datetime": "2021-06-21 23:21:53", "elapsed": 339.846242, "delta": 2.385854}}
{"target": -15.36149815076647, "params": {"C": 109.4452490459339, "gamma": 0.037249460212453865}, "datetime": {"datetime": "2021-06-21 23:21:54", "elapsed": 340.913508, "delta": 1.067266}}
{"target": -14.60003913461024, "params": {"C": 166.72071498224898, "gamma": 0.015091396468225899}, "datetime": {"datetime": "2021-06-21 23:21:55", "elapsed": 341.934181, "delta": 1.020673}}
{"target": -13.998134956640962, "params": {"C": 195.03420286553336, "gamma": 0.047551134238611806}, "datetime": {"datetime": "2021-06-21 23:21:57", "elapsed": 344.389617, "delta": 2.455436}}
{"target": -15.904523987011443, "params": {"C": 103.7968133067421, "gamma": 0.013589996304894953}, "datetime": {"datetime": "2021-06-21 23:22:01", "elapsed": 348.145248, "delta": 3.755631}}
{"target": -15.401121033342099, "params": {"C": 105.91714803866864, "gamma": 0.030206548780305147}, "datetime": {"datetime": "2021-06-21 23:22:04", "elapsed": 351.338445, "delta": 3.193197}}
{"target": -15.07196484651214, "params": {"C": 128.87866008240724, "gamma": 0.04621683746530114}, "datetime": {"datetime": "2021-06-21 23:22:05", "elapsed": 352.492343, "delta": 1.153898}}
{"target": -14.228569176763015, "params": {"C": 161.9597901652068, "gamma": 0.034263842950221814}, "datetime": {"datetime": "2021-06-21 23:22:08", "elapsed": 355.05782, "delta": 2.565477}}
{"target": -14.22661903891844, "params": {"C": 181.69701258814177, "gamma": 0.049958870094715765}, "datetime": {"datetime": "2021-06-21 23:22:10", "elapsed": 357.233017, "delta": 2.175197}}
{"target": -15.760628434593851, "params": {"C": 105.22554652808591, "gamma": 0.05}, "datetime": {"datetime": "2021-06-21 23:22:12", "elapsed": 359.720987, "delta": 2.48797}}
{"target": -15.86975722995492, "params": {"C": 104.49218333251287, "gamma": 0.013796923596043202}, "datetime": {"datetime": "2021-06-21 23:22:15", "elapsed": 362.430659, "delta": 2.709672}}
{"target": -14.880822328055698, "params": {"C": 139.37972548868802, "gamma": 0.04743906855932503}, "datetime": {"datetime": "2021-06-21 23:22:17", "elapsed": 364.38376, "delta": 1.953101}}
{"target": -15.326343062347409, "params": {"C": 124.01091451251168, "gamma": 0.015101435072231675}, "datetime": {"datetime": "2021-06-21 23:22:20", "elapsed": 367.031651, "delta": 2.647891}}
{"target": -15.510155647201321, "params": {"C": 108.79428473133069, "gamma": 0.04376773682224058}, "datetime": {"datetime": "2021-06-21 23:22:22", "elapsed": 369.319523, "delta": 2.287872}}
{"target": -13.983371523497471, "params": {"C": 197.9940283115198, "gamma": 0.048558208930093535}, "datetime": {"datetime": "2021-06-21 23:22:24", "elapsed": 371.570217, "delta": 2.250694}}
{"target": -14.649637654384682, "params": {"C": 194.2335067828261, "gamma": 0.0112820473966051}, "datetime": {"datetime": "2021-06-21 23:22:27", "elapsed": 374.055216, "delta": 2.484999}}
{"target": -14.88589129540148, "params": {"C": 140.27226367386618, "gamma": 0.04837869693704012}, "datetime": {"datetime": "2021-06-21 23:22:30", "elapsed": 377.046199, "delta": 2.990983}}
{"target": -15.139634639501118, "params": {"C": 121.78922192685235, "gamma": 0.01937349166515391}, "datetime": {"datetime": "2021-06-21 23:22:32", "elapsed": 379.499499, "delta": 2.4533}}
{"target": -15.050063482133686, "params": {"C": 120.64453841453093, "gamma": 0.035704421530271015}, "datetime": {"datetime": "2021-06-21 23:22:33", "elapsed": 380.665495, "delta": 1.165996}}
{"target": -15.105920573681288, "params": {"C": 130.33124510067688, "gamma": 0.04885502127363363}, "datetime": {"datetime": "2021-06-21 23:22:36", "elapsed": 383.442407, "delta": 2.776912}}
{"target": -14.870779984263915, "params": {"C": 129.80149347025872, "gamma": 0.038175258800329376}, "datetime": {"datetime": "2021-06-21 23:22:39", "elapsed": 386.750997, "delta": 3.30859}}
{"target": -15.063275008834278, "params": {"C": 124.57261407676998, "gamma": 0.041856300563434395}, "datetime": {"datetime": "2021-06-21 23:22:42", "elapsed": 389.416081, "delta": 2.665084}}
{"target": -14.89432509739228, "params": {"C": 167.06201270877818, "gamma": 0.011999630511400608}, "datetime": {"datetime": "2021-06-21 23:22:43", "elapsed": 390.576138, "delta": 1.160057}}
{"target": -15.119678873746324, "params": {"C": 131.02232353739808, "gamma": 0.05}, "datetime": {"datetime": "2021-06-21 23:22:47", "elapsed": 393.903601, "delta": 3.327463}}
{"target": -14.773332337576353, "params": {"C": 139.74876327081057, "gamma": 0.043273510130960216}, "datetime": {"datetime": "2021-06-21 23:22:48", "elapsed": 395.115305, "delta": 1.211704}}
{"target": -14.36372470666222, "params": {"C": 172.10362894664377, "gamma": 0.04982912546232101}, "datetime": {"datetime": "2021-06-21 23:22:51", "elapsed": 397.985421, "delta": 2.870116}}
{"target": -15.061720776293605, "params": {"C": 122.33428283419416, "gamma": 0.03906262982964191}, "datetime": {"datetime": "2021-06-21 23:22:53", "elapsed": 400.343377, "delta": 2.357956}}
{"target": -15.399319457633556, "params": {"C": 134.3324919681554, "gamma": 0.012146113982892174}, "datetime": {"datetime": "2021-06-21 23:22:57", "elapsed": 403.969823, "delta": 3.626446}}
{"target": -14.255003908587971, "params": {"C": 172.99013862869043, "gamma": 0.019558263358448482}, "datetime": {"datetime": "2021-06-21 23:22:59", "elapsed": 406.113521, "delta": 2.143698}}
{"target": -15.490315927585529, "params": {"C": 122.89498834500145, "gamma": 0.0133817930668369}, "datetime": {"datetime": "2021-06-21 23:23:02", "elapsed": 409.122297, "delta": 3.008776}}
{"target": -14.675449750728928, "params": {"C": 140.84861364776714, "gamma": 0.03981969214311149}, "datetime": {"datetime": "2021-06-21 23:23:04", "elapsed": 411.652429, "delta": 2.530132}}
{"target": -13.814254826066996, "params": {"C": 191.32547233620687, "gamma": 0.0291082427548428}, "datetime": {"datetime": "2021-06-21 23:23:06", "elapsed": 412.867024, "delta": 1.214595}}
{"target": -14.832316148553682, "params": {"C": 135.32910394510012, "gamma": 0.04195271300059652}, "datetime": {"datetime": "2021-06-21 23:23:08", "elapsed": 415.065296, "delta": 2.198272}}
{"target": -15.171444500513115, "params": {"C": 114.2498896724791, "gamma": 0.02863316887457907}, "datetime": {"datetime": "2021-06-21 23:23:10", "elapsed": 417.657287, "delta": 2.591991}}
{"target": -14.198818343535336, "params": {"C": 179.54040739717308, "gamma": 0.047230867722150544}, "datetime": {"datetime": "2021-06-21 23:23:14", "elapsed": 421.017297, "delta": 3.36001}}
{"target": -13.74844213234969, "params": {"C": 196.27547648264004, "gamma": 0.03361416065495788}, "datetime": {"datetime": "2021-06-21 23:23:19", "elapsed": 425.99575, "delta": 4.978453}}
{"target": -15.065773390128124, "params": {"C": 147.58385052076218, "gamma": 0.013115680091922538}, "datetime": {"datetime": "2021-06-21 23:23:22", "elapsed": 429.460997, "delta": 3.465247}}
{"target": -14.951279693100883, "params": {"C": 134.88350224569226, "gamma": 0.04654033400341105}, "datetime": {"datetime": "2021-06-21 23:23:25", "elapsed": 432.644003, "delta": 3.183006}}
{"target": -15.327532612019503, "params": {"C": 174.8795989219079, "gamma": 0.009}, "datetime": {"datetime": "2021-06-21 23:23:28", "elapsed": 435.774212, "delta": 3.130209}}
{"target": -14.163198644454441, "params": {"C": 175.15783852728967, "gamma": 0.0424031693528854}, "datetime": {"datetime": "2021-06-21 23:23:32", "elapsed": 439.01417, "delta": 3.239958}}
{"target": -14.719394280814251, "params": {"C": 183.53884993039637, "gamma": 0.0116808097550179}, "datetime": {"datetime": "2021-06-21 23:23:34", "elapsed": 441.516784, "delta": 2.502614}}
{"target": -15.4129748005928, "params": {"C": 147.9537707293764, "gamma": 0.010558846659273223}, "datetime": {"datetime": "2021-06-21 23:23:37", "elapsed": 444.048825, "delta": 2.532041}}
