{"target": -9.926119706614795, "params": {"C": 27166.02162684521, "gamma": 0.04764966940666936}, "datetime": {"datetime": "2021-06-22 09:04:02", "elapsed": 99.974348, "delta": 0.811801}}
{"target": -10.352639349537354, "params": {"C": 19916.959784986906, "gamma": 0.015848757207319594}, "datetime": {"datetime": "2021-06-22 09:04:03", "elapsed": 100.975528, "delta": 1.00118}}
{"target": -9.630670389087188, "params": {"C": 29007.91147795391, "gamma": 0.0324234987876375}, "datetime": {"datetime": "2021-06-22 09:04:04", "elapsed": 101.786741, "delta": 0.811213}}
{"target": -10.039651276252123, "params": {"C": 20819.517912050862, "gamma": 0.05166270405883277}, "datetime": {"datetime": "2021-06-22 09:04:05", "elapsed": 102.616573, "delta": 0.829832}}
{"target": -10.27941747236224, "params": {"C": 16851.255252345418, "gamma": 0.018722285663692998}, "datetime": {"datetime": "2021-06-22 09:04:06", "elapsed": 103.497385, "delta": 0.880812}}
{"target": -9.914063779422664, "params": {"C": 30602.044584608906, "gamma": 0.02205075943436465}, "datetime": {"datetime": "2021-06-22 09:04:07", "elapsed": 104.399218, "delta": 0.901833}}
{"target": -9.695177830440837, "params": {"C": 24903.83012342838, "gamma": 0.03216135245542082}, "datetime": {"datetime": "2021-06-22 09:04:07", "elapsed": 105.335342, "delta": 0.936124}}
{"target": -10.606131109885837, "params": {"C": 26278.449950844108, "gamma": 0.009}, "datetime": {"datetime": "2021-06-22 09:04:08", "elapsed": 106.302332, "delta": 0.96699}}
{"target": -9.78813875309786, "params": {"C": 23595.818157848993, "gamma": 0.02876284395033156}, "datetime": {"datetime": "2021-06-22 09:04:09", "elapsed": 107.073168, "delta": 0.770836}}
{"target": -9.963939963606876, "params": {"C": 21838.88619333585, "gamma": 0.024065335894874036}, "datetime": {"datetime": "2021-06-22 09:04:10", "elapsed": 107.859607, "delta": 0.786439}}
{"target": -10.579361200714088, "params": {"C": 29380.299957940122, "gamma": 0.009}, "datetime": {"datetime": "2021-06-22 09:04:11", "elapsed": 108.676967, "delta": 0.81736}}
{"target": -9.682871959623526, "params": {"C": 29469.3672658484, "gamma": 0.029183432023948276}, "datetime": {"datetime": "2021-06-22 09:04:12", "elapsed": 109.435715, "delta": 0.758748}}
{"target": -10.469228350371155, "params": {"C": 29247.76826854687, "gamma": 0.06}, "datetime": {"datetime": "2021-06-22 09:04:13", "elapsed": 110.543993, "delta": 1.108278}}
{"target": -10.560612686734713, "params": {"C": 31365.956655857794, "gamma": 0.009096718552176919}, "datetime": {"datetime": "2021-06-22 09:04:14", "elapsed": 111.462051, "delta": 0.918058}}
{"target": -10.064853129701245, "params": {"C": 31495.760181620266, "gamma": 0.018634197313836507}, "datetime": {"datetime": "2021-06-22 09:04:15", "elapsed": 112.54782, "delta": 1.085769}}
{"target": -10.094557678069345, "params": {"C": 19329.004291074587, "gamma": 0.02215098761070254}, "datetime": {"datetime": "2021-06-22 09:04:16", "elapsed": 113.788744, "delta": 1.240924}}
{"target": -9.7823276294009, "params": {"C": 20045.294319833156, "gamma": 0.03262675271367767}, "datetime": {"datetime": "2021-06-22 09:04:17", "elapsed": 114.723153, "delta": 0.934409}}
{"target": -10.60747298076858, "params": {"C": 16747.107351205086, "gamma": 0.011006783043703254}, "datetime": {"datetime": "2021-06-22 09:04:18", "elapsed": 115.580034, "delta": 0.856881}}
{"target": -10.639058663529543, "params": {"C": 16595.974019138994, "gamma": 0.010387504656698694}, "datetime": {"datetime": "2021-06-22 09:04:19", "elapsed": 116.528164, "delta": 0.94813}}
{"target": -9.62027150532702, "params": {"C": 29724.93305762393, "gamma": 0.03585210039825394}, "datetime": {"datetime": "2021-06-22 09:04:19", "elapsed": 117.360088, "delta": 0.831924}}
{"target": -9.837828202398486, "params": {"C": 16214.045992290636, "gamma": 0.03663317724618179}, "datetime": {"datetime": "2021-06-22 09:04:21", "elapsed": 118.65206, "delta": 1.291972}}
{"target": -10.075503123740768, "params": {"C": 25009.98039618622, "gamma": 0.019986934384254168}, "datetime": {"datetime": "2021-06-22 09:04:22", "elapsed": 119.735277, "delta": 1.083217}}
{"target": -9.689675374996314, "params": {"C": 28735.37525544616, "gamma": 0.040185365708424854}, "datetime": {"datetime": "2021-06-22 09:04:23", "elapsed": 120.632269, "delta": 0.896992}}
{"target": -9.980248195500806, "params": {"C": 19657.643501041395, "gamma": 0.049651630524497135}, "datetime": {"datetime": "2021-06-22 09:04:24", "elapsed": 121.605143, "delta": 0.972874}}
{"target": -9.857529516846727, "params": {"C": 28213.122570314288, "gamma": 0.04568860627409712}, "datetime": {"datetime": "2021-06-22 09:04:24", "elapsed": 122.375047, "delta": 0.769904}}
{"target": -10.184314008672395, "params": {"C": 22527.09823215723, "gamma": 0.018439763650581344}, "datetime": {"datetime": "2021-06-22 09:04:25", "elapsed": 123.325304, "delta": 0.950257}}
{"target": -9.690848205730283, "params": {"C": 24103.57512037245, "gamma": 0.03403807095649043}, "datetime": {"datetime": "2021-06-22 09:04:26", "elapsed": 124.223682, "delta": 0.898378}}
{"target": -9.826668004782064, "params": {"C": 17291.96314542543, "gamma": 0.04060957621002613}, "datetime": {"datetime": "2021-06-22 09:04:27", "elapsed": 125.09322, "delta": 0.869538}}
{"target": -9.70782729300836, "params": {"C": 23501.64142386011, "gamma": 0.037227780147204834}, "datetime": {"datetime": "2021-06-22 09:04:28", "elapsed": 126.256819, "delta": 1.163599}}
{"target": -10.306921184443945, "params": {"C": 22297.799899399466, "gamma": 0.05878670195085156}, "datetime": {"datetime": "2021-06-22 09:04:30", "elapsed": 127.494508, "delta": 1.237689}}
{"target": -10.165384415370788, "params": {"C": 26578.44575927363, "gamma": 0.017549991233621564}, "datetime": {"datetime": "2021-06-22 09:04:31", "elapsed": 128.422175, "delta": 0.927667}}
{"target": -9.793546355480832, "params": {"C": 24316.82711258334, "gamma": 0.028030145439875018}, "datetime": {"datetime": "2021-06-22 09:04:32", "elapsed": 129.617144, "delta": 1.194969}}
{"target": -10.175379908969658, "params": {"C": 18779.22094922939, "gamma": 0.0558198993767978}, "datetime": {"datetime": "2021-06-22 09:04:33", "elapsed": 130.522556, "delta": 0.905412}}
{"target": -9.989299022063006, "params": {"C": 30792.61158430834, "gamma": 0.048967906935910355}, "datetime": {"datetime": "2021-06-22 09:04:34", "elapsed": 131.74327, "delta": 1.220714}}
{"target": -9.79065214630899, "params": {"C": 27436.74444244304, "gamma": 0.04356963649762634}, "datetime": {"datetime": "2021-06-22 09:04:35", "elapsed": 132.823195, "delta": 1.079925}}
{"target": -10.271049243176035, "params": {"C": 30720.502151758345, "gamma": 0.014665169353497681}, "datetime": {"datetime": "2021-06-22 09:04:36", "elapsed": 133.940226, "delta": 1.117031}}
{"target": -9.613744387932384, "params": {"C": 29960.443662338115, "gamma": 0.03268312135181061}, "datetime": {"datetime": "2021-06-22 09:04:37", "elapsed": 134.838798, "delta": 0.898572}}
{"target": -10.134292010131789, "params": {"C": 26069.55744864982, "gamma": 0.05365341512754159}, "datetime": {"datetime": "2021-06-22 09:04:38", "elapsed": 135.929844, "delta": 1.091046}}
{"target": -10.52399154787268, "params": {"C": 26150.2298268091, "gamma": 0.010609987209075243}, "datetime": {"datetime": "2021-06-22 09:04:39", "elapsed": 136.977601, "delta": 1.047757}}
{"target": -10.41326906246887, "params": {"C": 19779.865472441816, "gamma": 0.014570736477243364}, "datetime": {"datetime": "2021-06-22 09:04:40", "elapsed": 137.923071, "delta": 0.94547}}
{"target": -10.224639295885208, "params": {"C": 30857.027299910107, "gamma": 0.01554552730978755}, "datetime": {"datetime": "2021-06-22 09:04:41", "elapsed": 139.03713, "delta": 1.114059}}
{"target": -10.666759364237988, "params": {"C": 20270.786417414576, "gamma": 0.009}, "datetime": {"datetime": "2021-06-22 09:04:42", "elapsed": 140.28584, "delta": 1.24871}}
{"target": -9.902475101659808, "params": {"C": 20538.497305998713, "gamma": 0.026981254963703585}, "datetime": {"datetime": "2021-06-22 09:04:43", "elapsed": 141.335251, "delta": 1.049411}}
{"target": -9.934116450566425, "params": {"C": 18075.06586101194, "gamma": 0.027879389993476958}, "datetime": {"datetime": "2021-06-22 09:04:45", "elapsed": 142.472669, "delta": 1.137418}}
{"target": -9.973451380130903, "params": {"C": 20152.67966642805, "gamma": 0.024859772896808678}, "datetime": {"datetime": "2021-06-22 09:04:46", "elapsed": 143.797137, "delta": 1.324468}}
{"target": -10.016532566498897, "params": {"C": 31614.135698524136, "gamma": 0.019538257582074187}, "datetime": {"datetime": "2021-06-22 09:04:47", "elapsed": 144.916328, "delta": 1.119191}}
{"target": -9.638338833307383, "params": {"C": 30958.02558888392, "gamma": 0.03806874029215584}, "datetime": {"datetime": "2021-06-22 09:04:48", "elapsed": 146.211861, "delta": 1.295533}}
{"target": -9.891820644781117, "params": {"C": 18925.728493574745, "gamma": 0.04645729118552479}, "datetime": {"datetime": "2021-06-22 09:04:50", "elapsed": 147.40298, "delta": 1.191119}}
{"target": -9.699236017332035, "params": {"C": 23683.893976554067, "gamma": 0.03630825691794046}, "datetime": {"datetime": "2021-06-22 09:04:50", "elapsed": 148.34282, "delta": 0.93984}}
{"target": -9.870183285453578, "params": {"C": 17847.028072480054, "gamma": 0.030790762377982957}, "datetime": {"datetime": "2021-06-22 09:04:52", "elapsed": 149.536274, "delta": 1.193454}}
{"target": -10.410864884811373, "params": {"C": 27270.128896346876, "gamma": 0.01271101071493241}, "datetime": {"datetime": "2021-06-22 09:04:53", "elapsed": 150.66039, "delta": 1.124116}}
{"target": -9.808433658243848, "params": {"C": 27350.38983331032, "gamma": 0.025811934261031365}, "datetime": {"datetime": "2021-06-22 09:04:54", "elapsed": 151.773404, "delta": 1.113014}}
{"target": -9.828786943414308, "params": {"C": 16973.698854293103, "gamma": 0.04005160434678298}, "datetime": {"datetime": "2021-06-22 09:04:55", "elapsed": 152.675539, "delta": 0.902135}}
{"target": -9.82462242580333, "params": {"C": 17190.040099014914, "gamma": 0.03999358569549973}, "datetime": {"datetime": "2021-06-22 09:04:56", "elapsed": 153.751266, "delta": 1.075727}}
{"target": -10.548124556510285, "params": {"C": 29114.77599239934, "gamma": 0.009653290616828413}, "datetime": {"datetime": "2021-06-22 09:04:57", "elapsed": 154.781479, "delta": 1.030213}}
{"target": -10.700418625140365, "params": {"C": 17527.57578300758, "gamma": 0.009}, "datetime": {"datetime": "2021-06-22 09:04:58", "elapsed": 155.689509, "delta": 0.90803}}
{"target": -9.923641823020803, "params": {"C": 22788.464105872063, "gamma": 0.024659620164679513}, "datetime": {"datetime": "2021-06-22 09:04:59", "elapsed": 156.602398, "delta": 0.912889}}
{"target": -9.777327617557463, "params": {"C": 29596.92078392486, "gamma": 0.04329985063528171}, "datetime": {"datetime": "2021-06-22 09:05:00", "elapsed": 157.631993, "delta": 1.029595}}
{"target": -10.40479175615152, "params": {"C": 25883.0900355948, "gamma": 0.06}, "datetime": {"datetime": "2021-06-22 09:05:01", "elapsed": 158.489374, "delta": 0.857381}}
{"target": -9.69371891048193, "params": {"C": 25978.578326826453, "gamma": 0.030933497628204194}, "datetime": {"datetime": "2021-06-22 09:05:01", "elapsed": 159.321555, "delta": 0.832181}}
{"target": -10.108122332933737, "params": {"C": 31938.974127943104, "gamma": 0.051418573911497054}, "datetime": {"datetime": "2021-06-22 09:05:02", "elapsed": 160.249005, "delta": 0.92745}}
{"target": -9.823276212067238, "params": {"C": 18194.46675436229, "gamma": 0.032898313347210266}, "datetime": {"datetime": "2021-06-22 09:05:04", "elapsed": 161.448166, "delta": 1.199161}}
{"target": -10.247282345263384, "params": {"C": 22046.210517653155, "gamma": 0.05725155147763311}, "datetime": {"datetime": "2021-06-22 09:05:05", "elapsed": 162.905195, "delta": 1.457029}}
{"target": -9.838575124856284, "params": {"C": 21974.919147999168, "gamma": 0.044721758701729016}, "datetime": {"datetime": "2021-06-22 09:05:06", "elapsed": 163.870159, "delta": 0.964964}}
{"target": -9.942804042672874, "params": {"C": 22125.86260752503, "gamma": 0.02449950346074279}, "datetime": {"datetime": "2021-06-22 09:05:07", "elapsed": 165.229204, "delta": 1.359045}}
{"target": -9.952826590510602, "params": {"C": 20374.56641451148, "gamma": 0.04867746215553651}, "datetime": {"datetime": "2021-06-22 09:05:08", "elapsed": 166.275254, "delta": 1.04605}}
{"target": -9.832421171758062, "params": {"C": 17423.426186646197, "gamma": 0.03373416478506931}, "datetime": {"datetime": "2021-06-22 09:05:10", "elapsed": 167.583812, "delta": 1.308558}}
{"target": -9.646455924410173, "params": {"C": 27622.149317073767, "gamma": 0.032878261418246485}, "datetime": {"datetime": "2021-06-22 09:05:11", "elapsed": 168.546097, "delta": 0.962285}}
{"target": -10.182187409298876, "params": {"C": 30441.91747461773, "gamma": 0.0164048053025474}, "datetime": {"datetime": "2021-06-22 09:05:12", "elapsed": 169.78137, "delta": 1.235273}}
{"target": -10.554263795546847, "params": {"C": 30502.69533232016, "gamma": 0.009334944997339419}, "datetime": {"datetime": "2021-06-22 09:05:13", "elapsed": 170.801942, "delta": 1.020572}}
{"target": -10.62974263731347, "params": {"C": 23801.552445993824, "gamma": 0.009}, "datetime": {"datetime": "2021-06-22 09:05:14", "elapsed": 171.920715, "delta": 1.118773}}
{"target": -9.74401566609013, "params": {"C": 30567.454639139425, "gamma": 0.04225037748391858}, "datetime": {"datetime": "2021-06-22 09:05:15", "elapsed": 172.976536, "delta": 1.055821}}
{"target": -10.385148421547893, "params": {"C": 24188.603788015098, "gamma": 0.013896875685725368}, "datetime": {"datetime": "2021-06-22 09:05:16", "elapsed": 174.3236, "delta": 1.347064}}
{"target": -10.56807702874977, "params": {"C": 29842.816359961736, "gamma": 0.009160274356339081}, "datetime": {"datetime": "2021-06-22 09:05:18", "elapsed": 175.434945, "delta": 1.111345}}
{"target": -9.871438637388444, "params": {"C": 24818.682735759365, "gamma": 0.025160472951834004}, "datetime": {"datetime": "2021-06-22 09:05:19", "elapsed": 176.562102, "delta": 1.127157}}
{"target": -9.69688086907933, "params": {"C": 27025.033085106294, "gamma": 0.030033798362959316}, "datetime": {"datetime": "2021-06-22 09:05:20", "elapsed": 177.9014, "delta": 1.339298}}
{"target": -9.872643088512813, "params": {"C": 22579.919348418334, "gamma": 0.026557431509971766}, "datetime": {"datetime": "2021-06-22 09:05:21", "elapsed": 179.006463, "delta": 1.105063}}
{"target": -10.130251857291125, "params": {"C": 25706.475427868412, "gamma": 0.018551193469654066}, "datetime": {"datetime": "2021-06-22 09:05:22", "elapsed": 179.921525, "delta": 0.915062}}
{"target": -10.562295383246967, "params": {"C": 31859.36338421586, "gamma": 0.009000000000000001}, "datetime": {"datetime": "2021-06-22 09:05:23", "elapsed": 181.293646, "delta": 1.372121}}
{"target": -10.562797568635034, "params": {"C": 31786.261224123602, "gamma": 0.009}, "datetime": {"datetime": "2021-06-22 09:05:25", "elapsed": 182.700337, "delta": 1.406691}}
{"target": -10.482511709068293, "params": {"C": 31713.6044122303, "gamma": 0.059333110367884065}, "datetime": {"datetime": "2021-06-22 09:05:26", "elapsed": 183.674251, "delta": 0.973914}}
{"target": -10.05221818710737, "params": {"C": 17978.092918689905, "gamma": 0.05217367190945338}, "datetime": {"datetime": "2021-06-22 09:05:27", "elapsed": 184.688936, "delta": 1.014685}}
{"target": -9.785230494109186, "params": {"C": 27555.08375997153, "gamma": 0.04340292647504228}, "datetime": {"datetime": "2021-06-22 09:05:28", "elapsed": 186.220254, "delta": 1.531318}}
{"target": -10.146725586276078, "params": {"C": 22870.10060726279, "gamma": 0.019209403240216208}, "datetime": {"datetime": "2021-06-22 09:05:29", "elapsed": 187.258284, "delta": 1.03803}}
{"target": -9.823966404111962, "params": {"C": 20722.903380493502, "gamma": 0.043975047488887184}, "datetime": {"datetime": "2021-06-22 09:05:30", "elapsed": 188.270392, "delta": 1.012108}}
{"target": -9.948407562056016, "params": {"C": 22195.270508866215, "gamma": 0.04855071194450249}, "datetime": {"datetime": "2021-06-22 09:05:31", "elapsed": 189.359035, "delta": 1.088643}}
{"target": -10.51051055153695, "params": {"C": 21737.038035992457, "gamma": 0.01180279122989438}, "datetime": {"datetime": "2021-06-22 09:05:32", "elapsed": 190.343493, "delta": 0.984458}}
{"target": -10.196779981694064, "params": {"C": 21673.038856150735, "gamma": 0.01847796516250237}, "datetime": {"datetime": "2021-06-22 09:05:34", "elapsed": 191.481434, "delta": 1.137941}}
{"target": -9.829163912573446, "params": {"C": 17073.13476823732, "gamma": 0.034937969133781395}, "datetime": {"datetime": "2021-06-22 09:05:35", "elapsed": 192.981543, "delta": 1.500109}}
{"target": -10.349435776144336, "params": {"C": 21806.05062523961, "gamma": 0.06}, "datetime": {"datetime": "2021-06-22 09:05:36", "elapsed": 194.299689, "delta": 1.318146}}
{"target": -10.18065045333888, "params": {"C": 18400.74743905233, "gamma": 0.05602112232465347}, "datetime": {"datetime": "2021-06-22 09:05:37", "elapsed": 195.344479, "delta": 1.04479}}
{"target": -10.311464896901104, "params": {"C": 18597.73055039568, "gamma": 0.05963146632146987}, "datetime": {"datetime": "2021-06-22 09:05:39", "elapsed": 196.401621, "delta": 1.057142}}
{"target": -9.788525116205308, "params": {"C": 19429.028168069555, "gamma": 0.033214932065395934}, "datetime": {"datetime": "2021-06-22 09:05:40", "elapsed": 198.210964, "delta": 1.809343}}
{"target": -10.368517022259578, "params": {"C": 24497.929876725066, "gamma": 0.014139853105051125}, "datetime": {"datetime": "2021-06-22 09:05:42", "elapsed": 199.586775, "delta": 1.375811}}
{"target": -10.464588835869439, "params": {"C": 24423.885231882996, "gamma": 0.012188653524759313}, "datetime": {"datetime": "2021-06-22 09:05:43", "elapsed": 200.689205, "delta": 1.10243}}
{"target": -10.37487044747222, "params": {"C": 23992.826511689957, "gamma": 0.06}, "datetime": {"datetime": "2021-06-22 09:05:44", "elapsed": 202.19852, "delta": 1.509315}}
{"target": -10.160528332014273, "params": {"C": 23911.462999364478, "gamma": 0.01849010817526557}, "datetime": {"datetime": "2021-06-22 09:05:46", "elapsed": 203.55729, "delta": 1.35877}}
{"target": -10.079684707462674, "params": {"C": 28766.82566591714, "gamma": 0.01869854941385461}, "datetime": {"datetime": "2021-06-22 09:05:47", "elapsed": 204.775945, "delta": 1.218655}}
{"target": -10.163335160125751, "params": {"C": 24741.09534746223, "gamma": 0.018133462806301095}, "datetime": {"datetime": "2021-06-22 09:05:48", "elapsed": 205.932382, "delta": 1.156437}}
{"target": -10.034668883914472, "params": {"C": 19080.01762279779, "gamma": 0.023831222177294602}, "datetime": {"datetime": "2021-06-22 09:05:49", "elapsed": 206.966979, "delta": 1.034597}}
{"target": -10.075713374692313, "params": {"C": 21873.720708186935, "gamma": 0.02131935996802712}, "datetime": {"datetime": "2021-06-22 09:05:51", "elapsed": 209.110626, "delta": 2.143647}}
{"target": -9.706161204873393, "params": {"C": 30374.168497555802, "gamma": 0.028343866888405372}, "datetime": {"datetime": "2021-06-22 09:05:53", "elapsed": 210.442953, "delta": 1.332327}}
{"target": -10.337982183843364, "params": {"C": 20447.53766838627, "gamma": 0.06}, "datetime": {"datetime": "2021-06-22 09:05:54", "elapsed": 212.1618, "delta": 1.718847}}
{"target": -9.986670706519877, "params": {"C": 25599.12037823054, "gamma": 0.021598222435231018}, "datetime": {"datetime": "2021-06-22 09:05:56", "elapsed": 213.797823, "delta": 1.636023}}
{"target": -9.687845306900229, "params": {"C": 24568.811591827904, "gamma": 0.03652252840022654}, "datetime": {"datetime": "2021-06-22 09:05:57", "elapsed": 214.985488, "delta": 1.187665}}
{"target": -10.232013389105822, "params": {"C": 23196.362878258802, "gamma": 0.017141292040015937}, "datetime": {"datetime": "2021-06-22 09:05:58", "elapsed": 216.130226, "delta": 1.144738}}
{"target": -10.075385698954568, "params": {"C": 16248.20176308729, "gamma": 0.024645795750621757}, "datetime": {"datetime": "2021-06-22 09:05:59", "elapsed": 217.260251, "delta": 1.130025}}
{"target": -10.128419468203639, "params": {"C": 18677.682006091753, "gamma": 0.021624032571538797}, "datetime": {"datetime": "2021-06-22 09:06:01", "elapsed": 219.137623, "delta": 1.877372}}
{"target": -9.652206427124858, "params": {"C": 28365.548718153037, "gamma": 0.03149402387425486}, "datetime": {"datetime": "2021-06-22 09:06:03", "elapsed": 220.522541, "delta": 1.384918}}
{"target": -10.440250067034025, "params": {"C": 21602.576165556442, "gamma": 0.01342204307430184}, "datetime": {"datetime": "2021-06-22 09:06:04", "elapsed": 221.774542, "delta": 1.252001}}
{"target": -10.547316626343605, "params": {"C": 20982.13012712928, "gamma": 0.011178391143802143}, "datetime": {"datetime": "2021-06-22 09:06:06", "elapsed": 223.525122, "delta": 1.75058}}
{"target": -10.28704097892158, "params": {"C": 20920.65131320268, "gamma": 0.05851329675220296}, "datetime": {"datetime": "2021-06-22 09:06:07", "elapsed": 224.676015, "delta": 1.150893}}
{"target": -9.867375790360239, "params": {"C": 21040.66076349665, "gamma": 0.04567627320532194}, "datetime": {"datetime": "2021-06-22 09:06:08", "elapsed": 225.737203, "delta": 1.061188}}
{"target": -9.757616249697794, "params": {"C": 20649.370337219978, "gamma": 0.033705920440651994}, "datetime": {"datetime": "2021-06-22 09:06:10", "elapsed": 227.603295, "delta": 1.866092}}
{"target": -9.627907781325257, "params": {"C": 28704.751461557804, "gamma": 0.03411681768318082}, "datetime": {"datetime": "2021-06-22 09:06:11", "elapsed": 228.821431, "delta": 1.218136}}
{"target": -10.006051036361132, "params": {"C": 18509.55927771153, "gamma": 0.025012926652861242}, "datetime": {"datetime": "2021-06-22 09:06:12", "elapsed": 230.07074, "delta": 1.249309}}
{"target": -10.545060707741602, "params": {"C": 23043.166939448358, "gamma": 0.010779720710402388}, "datetime": {"datetime": "2021-06-22 09:06:14", "elapsed": 231.882411, "delta": 1.811671}}
