{"target": -24.232509696522822, "params": {"C": 50.60644601682464, "gamma": 0.045833573306263226}, "datetime": {"datetime": "2021-06-28 15:31:40", "elapsed": 362.424862, "delta": 2.19226}}
{"target": -26.43720229009648, "params": {"C": 50.4413480687755, "gamma": 0.09360270390665618}, "datetime": {"datetime": "2021-06-28 15:31:43", "elapsed": 365.029601, "delta": 2.604739}}
{"target": -25.512973493514924, "params": {"C": 36.4300211213621, "gamma": 0.047152510159967354}, "datetime": {"datetime": "2021-06-28 15:31:45", "elapsed": 367.210946, "delta": 2.181345}}
{"target": -25.31403343205092, "params": {"C": 36.36488655533072, "gamma": 0.04290355535360853}, "datetime": {"datetime": "2021-06-28 15:31:47", "elapsed": 369.159536, "delta": 1.94859}}
{"target": -26.724086478835634, "params": {"C": 35.582322839863956, "gamma": 0.004346382894537159}, "datetime": {"datetime": "2021-06-28 15:31:49", "elapsed": 371.498198, "delta": 2.338662}}
{"target": -25.2761174099144, "params": {"C": 35.97568467133487, "gamma": 0.04125977572679161}, "datetime": {"datetime": "2021-06-28 15:31:51", "elapsed": 373.988283, "delta": 2.490085}}
{"target": -25.034041962006064, "params": {"C": 36.13197497433025, "gamma": 0.03628921226116861}, "datetime": {"datetime": "2021-06-28 15:31:54", "elapsed": 376.676412, "delta": 2.688129}}
{"target": -24.74919780796895, "params": {"C": 35.563384858342296, "gamma": 0.026987457697740698}, "datetime": {"datetime": "2021-06-28 15:31:56", "elapsed": 378.990413, "delta": 2.314001}}
{"target": -27.282117421622505, "params": {"C": 50.64021815563561, "gamma": 0.0022266243289838237}, "datetime": {"datetime": "2021-06-28 15:31:59", "elapsed": 381.484539, "delta": 2.494126}}
{"target": -27.30829390933972, "params": {"C": 50.741204408530756, "gamma": 0.11693658058288431}, "datetime": {"datetime": "2021-06-28 15:32:02", "elapsed": 384.346875, "delta": 2.862336}}
{"target": -41.00950758846698, "params": {"C": 20.73174221847101, "gamma": 6.513622216614143}, "datetime": {"datetime": "2021-06-28 15:32:03", "elapsed": 385.909264, "delta": 1.562389}}
{"target": -28.016108392408462, "params": {"C": 36.53002951573406, "gamma": 0.10319132724864294}, "datetime": {"datetime": "2021-06-28 15:32:06", "elapsed": 388.730634, "delta": 2.82137}}
{"target": -25.913119015340953, "params": {"C": 35.67013505726652, "gamma": 0.05366454477855421}, "datetime": {"datetime": "2021-06-28 15:32:09", "elapsed": 391.259593, "delta": 2.528959}}
{"target": -28.68432480594884, "params": {"C": 50.58043346565715, "gamma": 0.1616409241497316}, "datetime": {"datetime": "2021-06-28 15:32:11", "elapsed": 393.59161, "delta": 2.332017}}
{"target": -35.027820895973434, "params": {"C": 67.09820829920811, "gamma": 0.7325440361827974}, "datetime": {"datetime": "2021-06-28 15:32:13", "elapsed": 395.527664, "delta": 1.936054}}
{"target": -28.152369144088674, "params": {"C": 36.10131293088984, "gamma": 0.1056539173244773}, "datetime": {"datetime": "2021-06-28 15:32:17", "elapsed": 399.677121, "delta": 4.149457}}
{"target": -41.02064547994099, "params": {"C": 39.814973421062405, "gamma": 8.359556775596857}, "datetime": {"datetime": "2021-06-28 15:32:19", "elapsed": 401.261549, "delta": 1.584428}}
{"target": -25.979641197607283, "params": {"C": 36.360130079762286, "gamma": 0.006020656646746284}, "datetime": {"datetime": "2021-06-28 15:32:21", "elapsed": 403.534519, "delta": 2.27297}}
{"target": -26.148535681945333, "params": {"C": 50.30142056693377, "gamma": 0.08651040198275531}, "datetime": {"datetime": "2021-06-28 15:32:23", "elapsed": 405.658511, "delta": 2.123992}}
{"target": -28.446885110174346, "params": {"C": 36.47905682359309, "gamma": 0.11493906930971615}, "datetime": {"datetime": "2021-06-28 15:32:26", "elapsed": 408.540071, "delta": 2.88156}}
{"target": -40.91343833151003, "params": {"C": 68.25553928792473, "gamma": 5.192333485946929}, "datetime": {"datetime": "2021-06-28 15:32:28", "elapsed": 410.184926, "delta": 1.644855}}
{"target": -24.826575518580437, "params": {"C": 36.151182657938236, "gamma": 0.031203462325299712}, "datetime": {"datetime": "2021-06-28 15:32:31", "elapsed": 413.386179, "delta": 3.201253}}
{"target": -24.644191884211093, "params": {"C": 35.699823769676, "gamma": 0.019090759487710968}, "datetime": {"datetime": "2021-06-28 15:32:33", "elapsed": 415.993429, "delta": 2.60725}}
{"target": -25.740129321929423, "params": {"C": 36.468925650324415, "gamma": 0.05185440107763306}, "datetime": {"datetime": "2021-06-28 15:32:36", "elapsed": 418.866571, "delta": 2.873142}}
{"target": -28.04747687892575, "params": {"C": 50.6714342118105, "gamma": 0.13934130895719748}, "datetime": {"datetime": "2021-06-28 15:32:39", "elapsed": 421.237479, "delta": 2.370908}}
{"target": -26.08709617360822, "params": {"C": 36.26327591683803, "gamma": 0.058473469900003155}, "datetime": {"datetime": "2021-06-28 15:32:42", "elapsed": 424.253318, "delta": 3.015839}}
{"target": -25.593899219647025, "params": {"C": 35.71445075280908, "gamma": 0.007679859730679722}, "datetime": {"datetime": "2021-06-28 15:32:46", "elapsed": 428.73654, "delta": 4.483222}}
{"target": -23.733184937857455, "params": {"C": 50.63939431234623, "gamma": 0.01322574557602646}, "datetime": {"datetime": "2021-06-28 15:32:51", "elapsed": 433.41772, "delta": 4.68118}}
{"target": -26.16385978901214, "params": {"C": 35.9526265254955, "gamma": 0.05937618892433584}, "datetime": {"datetime": "2021-06-28 15:32:53", "elapsed": 435.935817, "delta": 2.518097}}
{"target": -27.468232024019834, "params": {"C": 35.58706048175104, "gamma": 0.08701338693129529}, "datetime": {"datetime": "2021-06-28 15:32:56", "elapsed": 438.45421, "delta": 2.518393}}
{"target": -25.928165682597605, "params": {"C": 50.3788407161349, "gamma": 0.0815924769228618}, "datetime": {"datetime": "2021-06-28 15:32:58", "elapsed": 440.804475, "delta": 2.350265}}
{"target": -29.20579412560882, "params": {"C": 10.78819879711803, "gamma": 0.010087956140731994}, "datetime": {"datetime": "2021-06-28 15:33:01", "elapsed": 443.132297, "delta": 2.327822}}
{"target": -27.40778477294967, "params": {"C": 50.549884937137556, "gamma": 0.11938678139169924}, "datetime": {"datetime": "2021-06-28 15:33:03", "elapsed": 445.682253, "delta": 2.549956}}
{"target": -29.128614242216834, "params": {"C": 50.42703315246126, "gamma": 0.17895666466031648}, "datetime": {"datetime": "2021-06-28 15:33:05", "elapsed": 447.672639, "delta": 1.990386}}
{"target": -28.378052493815826, "params": {"C": 35.95068687796791, "gamma": 0.0022637946194694223}, "datetime": {"datetime": "2021-06-28 15:33:08", "elapsed": 450.182031, "delta": 2.509392}}
{"target": -28.309687334156603, "params": {"C": 50.34778675533968, "gamma": 0.1474488404745572}, "datetime": {"datetime": "2021-06-28 15:33:10", "elapsed": 452.150194, "delta": 1.968163}}
{"target": -41.017790424443405, "params": {"C": 12.988987615818989, "gamma": 4.187558351314623}, "datetime": {"datetime": "2021-06-28 15:33:11", "elapsed": 453.829811, "delta": 1.679617}}
{"target": -27.538348281460422, "params": {"C": 36.07085150980257, "gamma": 0.08991409501850087}, "datetime": {"datetime": "2021-06-28 15:33:14", "elapsed": 456.863388, "delta": 3.033577}}
{"target": -26.164165760989334, "params": {"C": 35.75064578589739, "gamma": 0.058944479712153705}, "datetime": {"datetime": "2021-06-28 15:33:17", "elapsed": 459.183848, "delta": 2.32046}}
{"target": -25.81473643194397, "params": {"C": 36.15698130416254, "gamma": 0.05270950484233863}, "datetime": {"datetime": "2021-06-28 15:33:20", "elapsed": 462.09827, "delta": 2.914422}}
{"target": -28.341565301028027, "params": {"C": 36.39145721033535, "gamma": 0.11168709353800592}, "datetime": {"datetime": "2021-06-28 15:33:22", "elapsed": 464.730206, "delta": 2.631936}}
{"target": -25.46599138727739, "params": {"C": 50.5112612219816, "gamma": 0.07161958481235897}, "datetime": {"datetime": "2021-06-28 15:33:25", "elapsed": 467.407303, "delta": 2.677097}}
{"target": -24.855673374624903, "params": {"C": 35.90185998730335, "gamma": 0.013038186923762823}, "datetime": {"datetime": "2021-06-28 15:33:27", "elapsed": 469.542551, "delta": 2.135248}}
{"target": -25.019511420786227, "params": {"C": 35.853745560288544, "gamma": 0.03529171879932373}, "datetime": {"datetime": "2021-06-28 15:33:29", "elapsed": 471.922438, "delta": 2.379887}}
{"target": -24.776305927416097, "params": {"C": 36.20526460693454, "gamma": 0.029938572339325804}, "datetime": {"datetime": "2021-06-28 15:33:32", "elapsed": 474.083012, "delta": 2.160574}}
{"target": -30.72224574436187, "params": {"C": 35.85517597606651, "gamma": 0.1978075762307155}, "datetime": {"datetime": "2021-06-28 15:33:34", "elapsed": 476.153791, "delta": 2.070779}}
{"target": -28.367471159980447, "params": {"C": 35.94540355169299, "gamma": 0.11112766565681916}, "datetime": {"datetime": "2021-06-28 15:33:36", "elapsed": 478.544733, "delta": 2.390942}}
{"target": -25.09398109642819, "params": {"C": 35.92764073600403, "gamma": 0.03717874476169314}, "datetime": {"datetime": "2021-06-28 15:33:40", "elapsed": 482.218203, "delta": 3.67347}}
{"target": -27.561981518561492, "params": {"C": 50.559415520893246, "gamma": 0.12391437533458395}, "datetime": {"datetime": "2021-06-28 15:33:46", "elapsed": 488.135618, "delta": 5.917415}}
{"target": -23.692221445968105, "params": {"C": 50.48683091568168, "gamma": 0.032946239650545835}, "datetime": {"datetime": "2021-06-28 15:33:50", "elapsed": 492.972615, "delta": 4.836997}}
{"target": -24.837724948478165, "params": {"C": 35.50891017359268, "gamma": 0.02968550018980435}, "datetime": {"datetime": "2021-06-28 15:33:57", "elapsed": 499.534205, "delta": 6.56159}}
{"target": -26.07787850791351, "params": {"C": 50.25127183296436, "gamma": 0.08479145748084785}, "datetime": {"datetime": "2021-06-28 15:34:02", "elapsed": 504.868027, "delta": 5.333822}}
{"target": -40.28859084167845, "params": {"C": 59.42613806849764, "gamma": 3.012428563612308}, "datetime": {"datetime": "2021-06-28 15:34:04", "elapsed": 506.584383, "delta": 1.716356}}
{"target": -24.664872895520958, "params": {"C": 35.61917786840254, "gamma": 0.018110599869975024}, "datetime": {"datetime": "2021-06-28 15:34:07", "elapsed": 510.016468, "delta": 3.432085}}
{"target": -26.472795913477388, "params": {"C": 35.9377388770372, "gamma": 0.06574244476285795}, "datetime": {"datetime": "2021-06-28 15:34:10", "elapsed": 512.773926, "delta": 2.757458}}
{"target": -24.63484149812911, "params": {"C": 36.42078331443039, "gamma": 0.025820779037241906}, "datetime": {"datetime": "2021-06-28 15:34:14", "elapsed": 516.247357, "delta": 3.473431}}
{"target": -27.926242091179642, "params": {"C": 50.43780543234431, "gamma": 0.13487402377588573}, "datetime": {"datetime": "2021-06-28 15:34:17", "elapsed": 519.120265, "delta": 2.872908}}
{"target": -25.324875844066757, "params": {"C": 36.35817035578773, "gamma": 0.043116073651683594}, "datetime": {"datetime": "2021-06-28 15:34:19", "elapsed": 521.702262, "delta": 2.581997}}
{"target": -35.23023086831053, "params": {"C": 11.241010648762071, "gamma": 0.0012907597924983116}, "datetime": {"datetime": "2021-06-28 15:34:23", "elapsed": 525.38653, "delta": 3.684268}}
{"target": -24.638521268599366, "params": {"C": 35.89343437403491, "gamma": 0.02328578945820446}, "datetime": {"datetime": "2021-06-28 15:34:27", "elapsed": 529.191756, "delta": 3.805226}}
{"target": -24.79847071371632, "params": {"C": 35.5313525700946, "gamma": 0.02855427170555175}, "datetime": {"datetime": "2021-06-28 15:34:30", "elapsed": 532.713544, "delta": 3.521788}}
{"target": -41.252229398027495, "params": {"C": 5.308590306253638, "gamma": 3.9814370578670104}, "datetime": {"datetime": "2021-06-28 15:34:32", "elapsed": 534.830942, "delta": 2.117398}}
{"target": -26.29394882212451, "params": {"C": 50.40969678822773, "gamma": 0.09011124236329335}, "datetime": {"datetime": "2021-06-28 15:34:35", "elapsed": 537.572, "delta": 2.741058}}
{"target": -26.296828741712268, "params": {"C": 36.07631265040911, "gamma": 0.062382148321586284}, "datetime": {"datetime": "2021-06-28 15:34:39", "elapsed": 541.709373, "delta": 4.137373}}
{"target": -26.66779288101156, "params": {"C": 36.284494161988086, "gamma": 0.07065505505539256}, "datetime": {"datetime": "2021-06-28 15:34:44", "elapsed": 546.269609, "delta": 4.560236}}
{"target": -28.080118259679754, "params": {"C": 35.688892194234654, "gamma": 0.1025789338399109}, "datetime": {"datetime": "2021-06-28 15:34:48", "elapsed": 550.677953, "delta": 4.408344}}
{"target": -25.794619608287288, "params": {"C": 36.444598784864624, "gamma": 0.052908360110062634}, "datetime": {"datetime": "2021-06-28 15:34:51", "elapsed": 553.292274, "delta": 2.614321}}
{"target": -24.699294070577878, "params": {"C": 36.37397279755846, "gamma": 0.02806073082198979}, "datetime": {"datetime": "2021-06-28 15:34:54", "elapsed": 556.769466, "delta": 3.477192}}
{"target": -25.558701842797678, "params": {"C": 36.42146126224457, "gamma": 0.04806824011795392}, "datetime": {"datetime": "2021-06-28 15:34:57", "elapsed": 559.95114, "delta": 3.181674}}
{"target": -17.787462187404593, "params": {"C": 4176.049826978714, "gamma": 0.07482920440979424}, "datetime": {"datetime": "2021-06-28 15:57:16", "elapsed": 0.0, "delta": 0.0}}
{"target": -29.462127786660563, "params": {"C": 11.142604425275417, "gamma": 0.03720993153686558}, "datetime": {"datetime": "2021-06-28 15:57:16", "elapsed": 0.189008, "delta": 0.189008}}
{"target": -16.45927765051273, "params": {"C": 1476.0913492629593, "gamma": 0.018310473529191802}, "datetime": {"datetime": "2021-06-28 15:57:16", "elapsed": 0.381606, "delta": 0.192598}}
{"target": -16.191624697194865, "params": {"C": 1870.7395116629323, "gamma": 0.0411004654338743}, "datetime": {"datetime": "2021-06-28 15:57:16", "elapsed": 0.577081, "delta": 0.195475}}
{"target": -16.848315216388624, "params": {"C": 3973.7070675643927, "gamma": 0.05849350606030213}, "datetime": {"datetime": "2021-06-28 15:57:17", "elapsed": 0.768077, "delta": 0.190996}}
{"target": -17.601906080546005, "params": {"C": 4197.753198888915, "gamma": 0.07166975503570835}, "datetime": {"datetime": "2021-06-28 15:57:17", "elapsed": 0.95708, "delta": 0.189003}}
{"target": -18.331964752872604, "params": {"C": 2052.477974817859, "gamma": 0.08903056927518509}, "datetime": {"datetime": "2021-06-28 15:57:17", "elapsed": 1.150081, "delta": 0.193001}}
{"target": -19.988869339244992, "params": {"C": 283.60205604728236, "gamma": 0.07034207591605621}, "datetime": {"datetime": "2021-06-28 15:57:17", "elapsed": 1.337076, "delta": 0.186995}}
{"target": -16.961852976161566, "params": {"C": 4178.874975647598, "gamma": 0.06028208456011766}, "datetime": {"datetime": "2021-06-28 15:57:17", "elapsed": 1.523076, "delta": 0.186}}
{"target": -16.253639496555053, "params": {"C": 1412.4655165663853, "gamma": 0.02782913401763909}, "datetime": {"datetime": "2021-06-28 15:57:18", "elapsed": 1.72408, "delta": 0.201004}}
{"target": -20.035226956896352, "params": {"C": 8009.438241068611, "gamma": 0.09714354181474578}, "datetime": {"datetime": "2021-06-28 15:57:18", "elapsed": 1.905076, "delta": 0.180996}}
{"target": -17.494781674618828, "params": {"C": 3141.107539810836, "gamma": 0.07230903541023827}, "datetime": {"datetime": "2021-06-28 15:57:18", "elapsed": 2.091075, "delta": 0.185999}}
{"target": -19.69527621803363, "params": {"C": 8765.127631437423, "gamma": 0.09051459971534627}, "datetime": {"datetime": "2021-06-28 15:57:18", "elapsed": 2.27608, "delta": 0.185005}}
{"target": -17.28436620433916, "params": {"C": 859.5916715840814, "gamma": 0.013514930490959413}, "datetime": {"datetime": "2021-06-28 15:57:18", "elapsed": 2.464702, "delta": 0.188622}}
{"target": -18.348295271457374, "params": {"C": 1706.6058914500434, "gamma": 0.08903282530864719}, "datetime": {"datetime": "2021-06-28 15:57:19", "elapsed": 2.654894, "delta": 0.190192}}
{"target": -16.877844687642405, "params": {"C": 992.4848699921705, "gamma": 0.0478996862504547}, "datetime": {"datetime": "2021-06-28 15:57:19", "elapsed": 2.867682, "delta": 0.212788}}
{"target": -17.415254169032785, "params": {"C": 9579.316406203514, "gamma": 0.05798487564757154}, "datetime": {"datetime": "2021-06-28 15:57:19", "elapsed": 3.056686, "delta": 0.189004}}
{"target": -16.317885094948494, "params": {"C": 6921.852368365229, "gamma": 0.03839640679054567}, "datetime": {"datetime": "2021-06-28 15:57:19", "elapsed": 3.253691, "delta": 0.197005}}
{"target": -18.946794688089362, "params": {"C": 6868.144267539021, "gamma": 0.08511631047076357}, "datetime": {"datetime": "2021-06-28 15:57:19", "elapsed": 3.454687, "delta": 0.200996}}
{"target": -21.31036217793865, "params": {"C": 192.69989066847614, "gamma": 0.07751298834504708}, "datetime": {"datetime": "2021-06-28 15:57:20", "elapsed": 3.65769, "delta": 0.203003}}
{"target": -16.673080930022568, "params": {"C": 1867.7500882654258, "gamma": 0.05551870140877887}, "datetime": {"datetime": "2021-06-28 15:57:20", "elapsed": 3.934467, "delta": 0.276777}}
{"target": -16.502862075425494, "params": {"C": 1416.87865376224, "gamma": 0.04653849799531605}, "datetime": {"datetime": "2021-06-28 15:57:20", "elapsed": 4.23346, "delta": 0.298993}}
{"target": -17.954334111743197, "params": {"C": 1877.4531803852474, "gamma": 0.08190062519458495}, "datetime": {"datetime": "2021-06-28 15:57:20", "elapsed": 4.534136, "delta": 0.300676}}
{"target": -16.737462696212866, "params": {"C": 6916.977591686722, "gamma": 0.04999080610371279}, "datetime": {"datetime": "2021-06-28 15:57:21", "elapsed": 4.822496, "delta": 0.28836}}
{"target": -17.549157971850317, "params": {"C": 4185.619812106308, "gamma": 0.07080582468847275}, "datetime": {"datetime": "2021-06-28 15:57:21", "elapsed": 5.194496, "delta": 0.372}}
{"target": -16.861751787123712, "params": {"C": 1470.4860239775571, "gamma": 0.05722297028005273}, "datetime": {"datetime": "2021-06-28 15:57:21", "elapsed": 5.483503, "delta": 0.289007}}
{"target": -16.13142510048794, "params": {"C": 6928.757499909823, "gamma": 0.02763579091771013}, "datetime": {"datetime": "2021-06-28 15:57:22", "elapsed": 5.753495, "delta": 0.269992}}
{"target": -18.714275692513365, "params": {"C": 6934.880961348668, "gamma": 0.08166741659597189}, "datetime": {"datetime": "2021-06-28 15:57:22", "elapsed": 6.039498, "delta": 0.286003}}
{"target": -18.9529932167518, "params": {"C": 6925.7947947360735, "gamma": 0.08505165803861997}, "datetime": {"datetime": "2021-06-28 15:57:22", "elapsed": 6.347318, "delta": 0.30782}}
{"target": -16.849965743355362, "params": {"C": 1414.6490777969123, "gamma": 0.05630054572091537}, "datetime": {"datetime": "2021-06-28 15:57:22", "elapsed": 6.619268, "delta": 0.27195}}
{"target": -17.85870738529929, "params": {"C": 6920.169031788951, "gamma": 0.06935666228430673}, "datetime": {"datetime": "2021-06-28 15:57:23", "elapsed": 6.901229, "delta": 0.281961}}
{"target": -16.16804540832647, "params": {"C": 1869.4181772834468, "gamma": 0.021365308210466206}, "datetime": {"datetime": "2021-06-28 15:57:23", "elapsed": 7.219236, "delta": 0.318007}}
{"target": -18.621616861440394, "params": {"C": 6930.314146498321, "gamma": 0.08037041590379104}, "datetime": {"datetime": "2021-06-28 15:57:23", "elapsed": 7.508268, "delta": 0.289032}}
{"target": -17.82284271154928, "params": {"C": 1411.3408141401474, "gamma": 0.07739929810902049}, "datetime": {"datetime": "2021-06-28 15:57:24", "elapsed": 7.793269, "delta": 0.285001}}
{"target": -16.322117223303213, "params": {"C": 1413.5953634703615, "gamma": 0.023435116361299205}, "datetime": {"datetime": "2021-06-28 15:57:24", "elapsed": 8.084025, "delta": 0.290756}}
{"target": -16.77245040401372, "params": {"C": 6927.825030449309, "gamma": 0.05072238707703524}, "datetime": {"datetime": "2021-06-28 15:57:24", "elapsed": 8.37902, "delta": 0.294995}}
{"target": -16.210988118522028, "params": {"C": 1474.2918228047613, "gamma": 0.0290264239248276}, "datetime": {"datetime": "2021-06-28 15:57:25", "elapsed": 8.672982, "delta": 0.293962}}
{"target": -18.646414079940072, "params": {"C": 1472.9608711411993, "gamma": 0.09393177763588276}, "datetime": {"datetime": "2021-06-28 15:57:25", "elapsed": 9.005061, "delta": 0.332079}}
{"target": -17.497275551613484, "params": {"C": 6922.9664379212745, "gamma": 0.06377464805837617}, "datetime": {"datetime": "2021-06-28 15:57:25", "elapsed": 9.323975, "delta": 0.318914}}
{"target": -16.960754784126326, "params": {"C": 1418.1360197039876, "gamma": 0.059034585896086955}, "datetime": {"datetime": "2021-06-28 15:57:25", "elapsed": 9.633975, "delta": 0.31}}
{"target": -16.29866042868335, "params": {"C": 1474.9348987074254, "gamma": 0.02293498820851726}, "datetime": {"datetime": "2021-06-28 15:57:26", "elapsed": 9.925974, "delta": 0.291999}}
{"target": -18.808711455156736, "params": {"C": 1871.8572622464899, "gamma": 0.09791622225227756}, "datetime": {"datetime": "2021-06-28 15:57:26", "elapsed": 10.249587, "delta": 0.323613}}
{"target": -16.217239299885467, "params": {"C": 1868.53960125239, "gamma": 0.01986841971468361}, "datetime": {"datetime": "2021-06-28 15:57:26", "elapsed": 10.577366, "delta": 0.327779}}
{"target": -18.29091558353532, "params": {"C": 991.1937537328696, "gamma": 0.08133387701210265}, "datetime": {"datetime": "2021-06-28 15:57:27", "elapsed": 10.87237, "delta": 0.295004}}
{"target": -17.974101736240584, "params": {"C": 6915.551770772381, "gamma": 0.07108371447846233}, "datetime": {"datetime": "2021-06-28 15:57:27", "elapsed": 11.163371, "delta": 0.291001}}
{"target": -18.8164011613576, "params": {"C": 1415.902010695809, "gamma": 0.09694756959923168}, "datetime": {"datetime": "2021-06-28 15:57:27", "elapsed": 11.494378, "delta": 0.331007}}
{"target": -18.069590214888013, "params": {"C": 1476.7465709586086, "gamma": 0.08273395866431871}, "datetime": {"datetime": "2021-06-28 15:57:28", "elapsed": 11.83002, "delta": 0.335642}}
{"target": -16.67244240302965, "params": {"C": 1870.4540599613072, "gamma": 0.055515779316476443}, "datetime": {"datetime": "2021-06-28 15:57:28", "elapsed": 12.162016, "delta": 0.331996}}
