{"target": -10.452124443329566, "params": {"C": 27367.13757278551, "gamma": 0.059553576987633444}, "datetime": {"datetime": "2021-06-22 09:59:05", "elapsed": 155.247227, "delta": 1.120166}}
{"target": -10.787866249487884, "params": {"C": 55987.48081735937, "gamma": 0.05073038027844295}, "datetime": {"datetime": "2021-06-22 09:59:06", "elapsed": 156.269366, "delta": 1.022139}}
{"target": -10.710681486920215, "params": {"C": 28823.527597998225, "gamma": 0.018346448679783644}, "datetime": {"datetime": "2021-06-22 09:59:07", "elapsed": 157.222513, "delta": 0.953147}}
{"target": -10.59821684702812, "params": {"C": 33778.50277819883, "gamma": 0.059297360272182575}, "datetime": {"datetime": "2021-06-22 09:59:08", "elapsed": 158.849372, "delta": 1.626859}}
{"target": -10.1903697625173, "params": {"C": 33523.52669280957, "gamma": 0.04148701568316315}, "datetime": {"datetime": "2021-06-22 09:59:10", "elapsed": 159.981023, "delta": 1.131651}}
{"target": -10.729289796913399, "params": {"C": 33547.82419896441, "gamma": 0.017972001060414515}, "datetime": {"datetime": "2021-06-22 09:59:11", "elapsed": 161.187363, "delta": 1.20634}}
{"target": -10.691892966781158, "params": {"C": 33494.82519418388, "gamma": 0.018834799799716508}, "datetime": {"datetime": "2021-06-22 09:59:12", "elapsed": 162.344363, "delta": 1.157}}
{"target": -10.722585036146253, "params": {"C": 37706.123669892826, "gamma": 0.02092449531100092}, "datetime": {"datetime": "2021-06-22 09:59:13", "elapsed": 163.428236, "delta": 1.083873}}
{"target": -10.791591415139463, "params": {"C": 55631.93660356418, "gamma": 0.050998397957078}, "datetime": {"datetime": "2021-06-22 09:59:14", "elapsed": 164.654384, "delta": 1.226148}}
{"target": -10.816479676293214, "params": {"C": 41426.777993152406, "gamma": 0.0161338292401203}, "datetime": {"datetime": "2021-06-22 09:59:16", "elapsed": 166.035521, "delta": 1.381137}}
{"target": -10.667421319860281, "params": {"C": 56934.476335370564, "gamma": 0.030216698879670115}, "datetime": {"datetime": "2021-06-22 09:59:17", "elapsed": 167.103301, "delta": 1.06778}}
{"target": -10.7194781974428, "params": {"C": 41952.144927542475, "gamma": 0.023320280469207363}, "datetime": {"datetime": "2021-06-22 09:59:18", "elapsed": 168.147757, "delta": 1.044456}}
{"target": -10.55541208230596, "params": {"C": 51452.222659080144, "gamma": 0.04041745787688176}, "datetime": {"datetime": "2021-06-22 09:59:19", "elapsed": 169.29412, "delta": 1.146363}}
{"target": -10.41611047622016, "params": {"C": 45592.671466559244, "gamma": 0.035846226284633666}, "datetime": {"datetime": "2021-06-22 09:59:20", "elapsed": 170.29945, "delta": 1.00533}}
{"target": -10.946039103094659, "params": {"C": 45559.80839472707, "gamma": 0.012071031358776128}, "datetime": {"datetime": "2021-06-22 09:59:21", "elapsed": 171.416512, "delta": 1.117062}}
{"target": -10.447994017948965, "params": {"C": 45629.499609782884, "gamma": 0.04404751870565837}, "datetime": {"datetime": "2021-06-22 09:59:22", "elapsed": 172.471194, "delta": 1.054682}}
{"target": -10.416909242333626, "params": {"C": 45663.84202652612, "gamma": 0.03646849613746485}, "datetime": {"datetime": "2021-06-22 09:59:23", "elapsed": 173.763543, "delta": 1.292349}}
{"target": -10.837505554594818, "params": {"C": 45697.71414170865, "gamma": 0.016439139555395457}, "datetime": {"datetime": "2021-06-22 09:59:24", "elapsed": 174.790987, "delta": 1.027444}}
{"target": -10.996977372061023, "params": {"C": 29056.117839597013, "gamma": 0.009423590686585997}, "datetime": {"datetime": "2021-06-22 09:59:26", "elapsed": 175.892661, "delta": 1.101674}}
{"target": -10.512021586655258, "params": {"C": 30607.974005746066, "gamma": 0.02597489376684945}, "datetime": {"datetime": "2021-06-22 09:59:27", "elapsed": 176.939867, "delta": 1.047206}}
{"target": -10.142362912308785, "params": {"C": 30558.677935763506, "gamma": 0.03799283527621885}, "datetime": {"datetime": "2021-06-22 09:59:28", "elapsed": 178.261267, "delta": 1.3214}}
{"target": -10.1581317587093, "params": {"C": 30534.449388876725, "gamma": 0.0370041512429275}, "datetime": {"datetime": "2021-06-22 09:59:29", "elapsed": 179.60713, "delta": 1.345863}}
{"target": -10.898725053556998, "params": {"C": 30509.61755766745, "gamma": 0.012807522901841815}, "datetime": {"datetime": "2021-06-22 09:59:30", "elapsed": 180.715948, "delta": 1.108818}}
{"target": -10.611846303959076, "params": {"C": 30583.820428023562, "gamma": 0.021882875221645552}, "datetime": {"datetime": "2021-06-22 09:59:32", "elapsed": 182.101011, "delta": 1.385063}}
{"target": -10.142170042673303, "params": {"C": 30652.081063450627, "gamma": 0.041383603257649844}, "datetime": {"datetime": "2021-06-22 09:59:33", "elapsed": 183.181894, "delta": 1.080883}}
{"target": -10.46603270071302, "params": {"C": 30676.246663108577, "gamma": 0.0562109510074528}, "datetime": {"datetime": "2021-06-22 09:59:34", "elapsed": 184.681524, "delta": 1.49963}}
{"target": -10.173012251929787, "params": {"C": 30729.177495237374, "gamma": 0.03666446455837822}, "datetime": {"datetime": "2021-06-22 09:59:35", "elapsed": 185.837145, "delta": 1.155621}}
{"target": -10.253740872701652, "params": {"C": 30750.823302679244, "gamma": 0.04672779978763628}, "datetime": {"datetime": "2021-06-22 09:59:37", "elapsed": 187.191759, "delta": 1.354614}}
{"target": -10.380686159720025, "params": {"C": 30779.06609713823, "gamma": 0.05215936749085951}, "datetime": {"datetime": "2021-06-22 09:59:38", "elapsed": 188.339442, "delta": 1.147683}}
{"target": -10.281464345598698, "params": {"C": 30706.11770668489, "gamma": 0.04788419810128633}, "datetime": {"datetime": "2021-06-22 09:59:39", "elapsed": 189.492866, "delta": 1.153424}}
{"target": -10.645239001459975, "params": {"C": 30811.831208980642, "gamma": 0.01996596036374866}, "datetime": {"datetime": "2021-06-22 09:59:40", "elapsed": 190.68039, "delta": 1.187524}}
{"target": -10.208454053905339, "params": {"C": 24563.0945748991, "gamma": 0.051177997598809595}, "datetime": {"datetime": "2021-06-22 09:59:42", "elapsed": 191.998779, "delta": 1.318389}}
{"target": -10.118004867444396, "params": {"C": 24588.92774108599, "gamma": 0.040175113213191775}, "datetime": {"datetime": "2021-06-22 09:59:43", "elapsed": 193.063917, "delta": 1.065138}}
{"target": -10.83632881368362, "params": {"C": 24610.85861915133, "gamma": 0.014488033486475843}, "datetime": {"datetime": "2021-06-22 09:59:44", "elapsed": 194.295198, "delta": 1.231281}}
{"target": -10.11452537704551, "params": {"C": 24536.339449814644, "gamma": 0.046605904015097774}, "datetime": {"datetime": "2021-06-22 09:59:45", "elapsed": 195.672757, "delta": 1.377559}}
{"target": -10.761497394977697, "params": {"C": 24510.88020300433, "gamma": 0.016873049785663327}, "datetime": {"datetime": "2021-06-22 09:59:46", "elapsed": 196.863558, "delta": 1.190801}}
{"target": -10.598902580131005, "params": {"C": 38144.628944155025, "gamma": 0.05502829004636507}, "datetime": {"datetime": "2021-06-22 09:59:48", "elapsed": 198.046675, "delta": 1.183117}}
{"target": -10.569069277236709, "params": {"C": 52716.22840869569, "gamma": 0.032539420450527566}, "datetime": {"datetime": "2021-06-22 09:59:49", "elapsed": 199.380184, "delta": 1.333509}}
{"target": -10.90549256085886, "params": {"C": 50730.11949892192, "gamma": 0.018342799908479576}, "datetime": {"datetime": "2021-06-22 09:59:51", "elapsed": 200.951957, "delta": 1.571773}}
{"target": -10.727943623142862, "params": {"C": 43857.83269019312, "gamma": 0.05578434494167176}, "datetime": {"datetime": "2021-06-22 09:59:52", "elapsed": 202.263091, "delta": 1.311134}}
{"target": -10.720480942558662, "params": {"C": 51696.726437526406, "gamma": 0.05074861035927453}, "datetime": {"datetime": "2021-06-22 09:59:53", "elapsed": 203.581268, "delta": 1.318177}}
{"target": -10.501086206432268, "params": {"C": 29389.674690974363, "gamma": 0.05943954538415329}, "datetime": {"datetime": "2021-06-22 09:59:55", "elapsed": 205.829958, "delta": 2.24869}}
{"target": -10.197289783713211, "params": {"C": 29437.319571736654, "gamma": 0.04559342466960561}, "datetime": {"datetime": "2021-06-22 09:59:57", "elapsed": 207.189279, "delta": 1.359321}}
{"target": -10.73468465335901, "params": {"C": 29462.802720221138, "gamma": 0.01771111785690414}, "datetime": {"datetime": "2021-06-22 09:59:58", "elapsed": 208.520761, "delta": 1.331482}}
{"target": -10.793130982639369, "params": {"C": 29341.061765501603, "gamma": 0.01608156381769827}, "datetime": {"datetime": "2021-06-22 09:59:59", "elapsed": 209.803198, "delta": 1.282437}}
{"target": -10.4640327031501, "params": {"C": 26411.76297869864, "gamma": 0.02568938187207829}, "datetime": {"datetime": "2021-06-22 10:00:01", "elapsed": 211.193295, "delta": 1.390097}}
{"target": -10.90971629691106, "params": {"C": 26372.96305901556, "gamma": 0.011689082507743217}, "datetime": {"datetime": "2021-06-22 10:00:02", "elapsed": 212.558309, "delta": 1.365014}}
{"target": -10.904274956308765, "params": {"C": 26456.17277890112, "gamma": 0.011917946824985572}, "datetime": {"datetime": "2021-06-22 10:00:04", "elapsed": 214.212692, "delta": 1.654383}}
{"target": -10.753530655359622, "params": {"C": 48595.02338312364, "gamma": 0.02452212615374756}, "datetime": {"datetime": "2021-06-22 10:00:05", "elapsed": 215.369968, "delta": 1.157276}}
{"target": -10.238687751293607, "params": {"C": 25187.532180905804, "gamma": 0.05176829840395065}, "datetime": {"datetime": "2021-06-22 10:00:06", "elapsed": 216.703808, "delta": 1.33384}}
{"target": -10.321127030611173, "params": {"C": 25214.674101936904, "gamma": 0.02963937178434973}, "datetime": {"datetime": "2021-06-22 10:00:08", "elapsed": 217.899656, "delta": 1.195848}}
{"target": -10.43415681530657, "params": {"C": 25160.366369045798, "gamma": 0.026125324213585634}, "datetime": {"datetime": "2021-06-22 10:00:09", "elapsed": 219.425095, "delta": 1.525439}}
{"target": -10.18499890806743, "params": {"C": 25252.508263539232, "gamma": 0.0353925648778975}, "datetime": {"datetime": "2021-06-22 10:00:10", "elapsed": 220.685586, "delta": 1.260491}}
{"target": -10.413353842039308, "params": {"C": 25278.646586097588, "gamma": 0.02685724639392026}, "datetime": {"datetime": "2021-06-22 10:00:12", "elapsed": 221.95512, "delta": 1.269534}}
{"target": -10.234447572733187, "params": {"C": 25316.027875461725, "gamma": 0.05142987945764482}, "datetime": {"datetime": "2021-06-22 10:00:13", "elapsed": 223.635618, "delta": 1.680498}}
{"target": -10.11357737491068, "params": {"C": 25343.372799248627, "gamma": 0.0411745046345479}, "datetime": {"datetime": "2021-06-22 10:00:15", "elapsed": 225.194847, "delta": 1.559229}}
{"target": -10.215884686096151, "params": {"C": 25366.98656817381, "gamma": 0.03336343060397729}, "datetime": {"datetime": "2021-06-22 10:00:16", "elapsed": 226.817523, "delta": 1.622676}}
{"target": -10.286051156286739, "params": {"C": 25400.48966934837, "gamma": 0.03077094622061615}, "datetime": {"datetime": "2021-06-22 10:00:18", "elapsed": 228.267098, "delta": 1.449575}}
{"target": -10.385279805055976, "params": {"C": 25435.71626726323, "gamma": 0.058767214820861925}, "datetime": {"datetime": "2021-06-22 10:00:19", "elapsed": 229.680929, "delta": 1.413831}}
{"target": -10.37839899116927, "params": {"C": 25470.0276750122, "gamma": 0.058330067960825065}, "datetime": {"datetime": "2021-06-22 10:00:21", "elapsed": 231.620156, "delta": 1.939227}}
{"target": -10.333266194012191, "params": {"C": 25507.283840253873, "gamma": 0.05587108437524599}, "datetime": {"datetime": "2021-06-22 10:00:23", "elapsed": 233.21563, "delta": 1.595474}}
{"target": -10.197962314261574, "params": {"C": 25539.072913992502, "gamma": 0.03461715448685753}, "datetime": {"datetime": "2021-06-22 10:00:25", "elapsed": 234.958453, "delta": 1.742823}}
{"target": -10.82495907343132, "params": {"C": 25562.983287321564, "gamma": 0.014979486441453877}, "datetime": {"datetime": "2021-06-22 10:00:26", "elapsed": 236.413081, "delta": 1.454628}}
{"target": -10.605746704657538, "params": {"C": 25117.503031947323, "gamma": 0.02088707424875132}, "datetime": {"datetime": "2021-06-22 10:00:28", "elapsed": 237.86954, "delta": 1.456459}}
{"target": -10.315161099075866, "params": {"C": 40753.279762526276, "gamma": 0.03859425555561767}, "datetime": {"datetime": "2021-06-22 10:00:29", "elapsed": 239.324925, "delta": 1.455385}}
{"target": -10.315609749329248, "params": {"C": 40720.53605746074, "gamma": 0.03963461076191356}, "datetime": {"datetime": "2021-06-22 10:00:30", "elapsed": 240.648499, "delta": 1.323574}}
{"target": -10.361160968756785, "params": {"C": 40689.85265124688, "gamma": 0.04368132101658823}, "datetime": {"datetime": "2021-06-22 10:00:32", "elapsed": 242.443426, "delta": 1.794927}}
{"target": -10.734835433240612, "params": {"C": 40788.554641656825, "gamma": 0.058406625265213105}, "datetime": {"datetime": "2021-06-22 10:00:34", "elapsed": 243.867592, "delta": 1.424166}}
{"target": -10.668859579697324, "params": {"C": 40653.16204890245, "gamma": 0.02464777275835911}, "datetime": {"datetime": "2021-06-22 10:00:35", "elapsed": 245.083738, "delta": 1.216146}}
{"target": -10.653160876662279, "params": {"C": 49915.12833541025, "gamma": 0.04923178606505409}, "datetime": {"datetime": "2021-06-22 10:00:36", "elapsed": 246.69715, "delta": 1.613412}}
{"target": -11.05637004660401, "params": {"C": 54791.8024898428, "gamma": 0.05940390982137998}, "datetime": {"datetime": "2021-06-22 10:00:38", "elapsed": 248.167915, "delta": 1.470765}}
{"target": -10.587437337210615, "params": {"C": 54277.05926211176, "gamma": 0.03674993629251653}, "datetime": {"datetime": "2021-06-22 10:00:39", "elapsed": 249.520364, "delta": 1.352449}}
{"target": -10.820463321158817, "params": {"C": 49560.29592257239, "gamma": 0.022572287765740072}, "datetime": {"datetime": "2021-06-22 10:00:41", "elapsed": 251.250788, "delta": 1.730424}}
{"target": -10.517535413449174, "params": {"C": 46177.98415419478, "gamma": 0.03129383827428486}, "datetime": {"datetime": "2021-06-22 10:00:42", "elapsed": 252.540762, "delta": 1.289974}}
{"target": -10.57707948530103, "params": {"C": 39404.71252042877, "gamma": 0.05297822825942362}, "datetime": {"datetime": "2021-06-22 10:00:43", "elapsed": 253.790278, "delta": 1.249516}}
{"target": -10.336164817869259, "params": {"C": 41659.568458638074, "gamma": 0.03875772230883886}, "datetime": {"datetime": "2021-06-22 10:00:45", "elapsed": 255.637231, "delta": 1.846953}}
{"target": -10.626552020301073, "params": {"C": 41691.83782918996, "gamma": 0.026366502212656497}, "datetime": {"datetime": "2021-06-22 10:00:47", "elapsed": 256.921882, "delta": 1.284651}}
{"target": -10.851042537099005, "params": {"C": 41626.81987238428, "gamma": 0.015144649554716949}, "datetime": {"datetime": "2021-06-22 10:00:48", "elapsed": 258.166204, "delta": 1.244322}}
{"target": -10.492482135432379, "params": {"C": 49177.431965616124, "gamma": 0.037615682666287176}, "datetime": {"datetime": "2021-06-22 10:00:49", "elapsed": 259.499042, "delta": 1.332838}}
{"target": -10.901516101201086, "params": {"C": 49131.33396812045, "gamma": 0.014133990304505798}, "datetime": {"datetime": "2021-06-22 10:00:51", "elapsed": 261.112224, "delta": 1.613182}}
{"target": -10.49147910916643, "params": {"C": 49221.573687044016, "gamma": 0.03697785454416618}, "datetime": {"datetime": "2021-06-22 10:00:52", "elapsed": 262.408315, "delta": 1.296091}}
{"target": -10.91881564963073, "params": {"C": 49272.231215260515, "gamma": 0.013509842310866582}, "datetime": {"datetime": "2021-06-22 10:00:53", "elapsed": 263.757237, "delta": 1.348922}}
{"target": -10.439724671590078, "params": {"C": 46107.1516236444, "gamma": 0.03441101993124776}, "datetime": {"datetime": "2021-06-22 10:00:55", "elapsed": 265.352687, "delta": 1.59545}}
{"target": -10.896127809167826, "params": {"C": 46067.69087581583, "gamma": 0.014026494922714811}, "datetime": {"datetime": "2021-06-22 10:00:57", "elapsed": 266.902088, "delta": 1.549401}}
{"target": -10.938649817821226, "params": {"C": 46244.93851207732, "gamma": 0.012376297745269164}, "datetime": {"datetime": "2021-06-22 10:00:58", "elapsed": 268.444945, "delta": 1.542857}}
{"target": -10.98576076443046, "params": {"C": 36233.990722141774, "gamma": 0.009614892327766019}, "datetime": {"datetime": "2021-06-22 10:00:59", "elapsed": 269.851085, "delta": 1.40614}}
{"target": -10.329933701722254, "params": {"C": 33249.069884988065, "gamma": 0.04760567903133176}, "datetime": {"datetime": "2021-06-22 10:01:01", "elapsed": 271.615384, "delta": 1.764299}}
{"target": -10.243903206864804, "params": {"C": 33218.67294175371, "gamma": 0.044343968375559914}, "datetime": {"datetime": "2021-06-22 10:01:03", "elapsed": 273.341994, "delta": 1.72661}}
{"target": -10.315375223115145, "params": {"C": 33190.54283451779, "gamma": 0.04707192030783312}, "datetime": {"datetime": "2021-06-22 10:01:04", "elapsed": 274.64846, "delta": 1.306466}}
{"target": -10.240096930872676, "params": {"C": 33159.68815978803, "gamma": 0.035538807027614694}, "datetime": {"datetime": "2021-06-22 10:01:06", "elapsed": 276.444826, "delta": 1.796366}}
{"target": -10.441048888048824, "params": {"C": 33131.780667316445, "gamma": 0.052558884314068036}, "datetime": {"datetime": "2021-06-22 10:01:07", "elapsed": 277.794987, "delta": 1.350161}}
{"target": -10.350391361068631, "params": {"C": 33280.81743262495, "gamma": 0.03239054933022157}, "datetime": {"datetime": "2021-06-22 10:01:09", "elapsed": 279.229377, "delta": 1.43439}}
{"target": -10.725530356225088, "params": {"C": 33319.78923672084, "gamma": 0.018060449563453915}, "datetime": {"datetime": "2021-06-22 10:01:10", "elapsed": 280.796556, "delta": 1.567179}}
{"target": -10.687679779010676, "params": {"C": 33091.43509249694, "gamma": 0.018930388822161626}, "datetime": {"datetime": "2021-06-22 10:01:12", "elapsed": 282.284939, "delta": 1.488383}}
{"target": -10.77043191828817, "params": {"C": 42668.363503620174, "gamma": 0.02158686270775402}, "datetime": {"datetime": "2021-06-22 10:01:13", "elapsed": 283.716334, "delta": 1.431395}}
{"target": -10.277805092063895, "params": {"C": 35144.64958877918, "gamma": 0.04418507388043644}, "datetime": {"datetime": "2021-06-22 10:01:15", "elapsed": 285.218874, "delta": 1.50254}}
{"target": -10.88584613263875, "params": {"C": 35115.83660345472, "gamma": 0.013554433864572255}, "datetime": {"datetime": "2021-06-22 10:01:16", "elapsed": 286.786576, "delta": 1.567702}}
{"target": -10.191219599800487, "params": {"C": 35184.165389216316, "gamma": 0.040257787250330884}, "datetime": {"datetime": "2021-06-22 10:01:18", "elapsed": 288.678203, "delta": 1.891627}}
{"target": -10.370432811956734, "params": {"C": 35209.574161134835, "gamma": 0.03247412279202362}, "datetime": {"datetime": "2021-06-22 10:01:21", "elapsed": 290.900683, "delta": 2.22248}}
{"target": -10.598331103840755, "params": {"C": 35242.6127775606, "gamma": 0.057870727765652934}, "datetime": {"datetime": "2021-06-22 10:01:22", "elapsed": 292.342775, "delta": 1.442092}}
{"target": -10.115753261740974, "params": {"C": 20458.64506323619, "gamma": 0.040862844701483096}, "datetime": {"datetime": "2021-06-22 10:01:24", "elapsed": 294.249258, "delta": 1.906483}}
{"target": -10.128766392465401, "params": {"C": 20433.63417521019, "gamma": 0.0390727650994229}, "datetime": {"datetime": "2021-06-22 10:01:25", "elapsed": 295.825193, "delta": 1.575935}}
{"target": -10.206171419333803, "params": {"C": 20484.729337163968, "gamma": 0.03279723604796889}, "datetime": {"datetime": "2021-06-22 10:01:28", "elapsed": 298.020422, "delta": 2.195229}}
{"target": -10.998895419439163, "params": {"C": 20407.803867106417, "gamma": 0.010349953269735566}, "datetime": {"datetime": "2021-06-22 10:01:29", "elapsed": 299.812421, "delta": 1.791999}}
{"target": -10.330713835035413, "params": {"C": 20510.8960257843, "gamma": 0.027283523291716606}, "datetime": {"datetime": "2021-06-22 10:01:31", "elapsed": 301.323088, "delta": 1.510667}}
{"target": -10.286694406202871, "params": {"C": 20544.312595698924, "gamma": 0.029058269600880655}, "datetime": {"datetime": "2021-06-22 10:01:33", "elapsed": 303.170205, "delta": 1.847117}}
{"target": -10.164493335424616, "params": {"C": 20576.91854281444, "gamma": 0.03631711670850264}, "datetime": {"datetime": "2021-06-22 10:01:35", "elapsed": 305.011497, "delta": 1.841292}}
{"target": -10.545518575164522, "params": {"C": 20604.372374695646, "gamma": 0.02234583256191033}, "datetime": {"datetime": "2021-06-22 10:01:36", "elapsed": 306.806296, "delta": 1.794799}}
{"target": -10.65063936468927, "params": {"C": 55370.20470575497, "gamma": 0.04402175539171861}, "datetime": {"datetime": "2021-06-22 10:01:38", "elapsed": 308.728877, "delta": 1.922581}}
{"target": -10.308452695535488, "params": {"C": 40407.98425011145, "gamma": 0.04004859849780346}, "datetime": {"datetime": "2021-06-22 10:01:40", "elapsed": 310.779338, "delta": 2.050461}}
{"target": -10.533788416873332, "params": {"C": 40376.10019418939, "gamma": 0.05044504275254252}, "datetime": {"datetime": "2021-06-22 10:01:42", "elapsed": 312.471278, "delta": 1.69194}}
{"target": -10.308996527724402, "params": {"C": 40442.325484308385, "gamma": 0.03937178767952206}, "datetime": {"datetime": "2021-06-22 10:01:44", "elapsed": 314.059097, "delta": 1.587819}}
{"target": -10.4061789532384, "params": {"C": 40482.01310865887, "gamma": 0.04540851227946705}, "datetime": {"datetime": "2021-06-22 10:01:46", "elapsed": 315.910834, "delta": 1.851737}}
{"target": -10.614357890198505, "params": {"C": 40516.21920313075, "gamma": 0.02639358635448167}, "datetime": {"datetime": "2021-06-22 10:01:48", "elapsed": 318.033795, "delta": 2.122961}}
{"target": -10.989862270890809, "params": {"C": 22426.239150447214, "gamma": 0.010205273475853729}, "datetime": {"datetime": "2021-06-22 10:01:49", "elapsed": 319.671139, "delta": 1.637344}}
{"target": -10.71604700891718, "params": {"C": 48035.65699170049, "gamma": 0.052654111235105376}, "datetime": {"datetime": "2021-06-22 10:01:51", "elapsed": 321.540216, "delta": 1.869077}}
