{"target": -9.750579396797793, "params": {"C": 43372.11560375415, "gamma": 0.026760115175261362}, "datetime": {"datetime": "2021-06-22 09:39:42", "elapsed": 1136.257295, "delta": 5.854212}}
{"target": -10.349654468827216, "params": {"C": 56877.13526635271, "gamma": 0.04972898151803589}, "datetime": {"datetime": "2021-06-22 09:39:48", "elapsed": 1142.200683, "delta": 5.943388}}
{"target": -10.516287795431149, "params": {"C": 48035.70048243959, "gamma": 0.00931689477278427}, "datetime": {"datetime": "2021-06-22 09:39:53", "elapsed": 1147.169548, "delta": 4.968865}}
{"target": -10.435650088548245, "params": {"C": 32863.270912458254, "gamma": 0.05801812409705551}, "datetime": {"datetime": "2021-06-22 09:40:00", "elapsed": 1154.409987, "delta": 7.240439}}
{"target": -10.352181645780197, "params": {"C": 51542.82576313894, "gamma": 0.05105990150535112}, "datetime": {"datetime": "2021-06-22 09:40:05", "elapsed": 1159.304867, "delta": 4.89488}}
{"target": -10.075281274250006, "params": {"C": 47249.322482220065, "gamma": 0.017779466184669045}, "datetime": {"datetime": "2021-06-22 09:40:13", "elapsed": 1167.503048, "delta": 8.198181}}
{"target": -10.371676230477075, "params": {"C": 40664.674597602236, "gamma": 0.012285660791487032}, "datetime": {"datetime": "2021-06-22 09:40:19", "elapsed": 1173.639326, "delta": 6.136278}}
{"target": -10.535156706980437, "params": {"C": 35822.15064116273, "gamma": 0.009}, "datetime": {"datetime": "2021-06-22 09:40:27", "elapsed": 1181.22531, "delta": 7.585984}}
{"target": -10.98396141038827, "params": {"C": 57324.12217579621, "gamma": 0.06}, "datetime": {"datetime": "2021-06-22 09:40:32", "elapsed": 1186.217928, "delta": 4.992618}}
{"target": -10.308776513484046, "params": {"C": 57408.362890387725, "gamma": 0.048991216647730186}, "datetime": {"datetime": "2021-06-22 09:40:41", "elapsed": 1195.606306, "delta": 9.388378}}
{"target": -9.712726393326115, "params": {"C": 58854.872583290475, "gamma": 0.028492334872611172}, "datetime": {"datetime": "2021-06-22 09:40:47", "elapsed": 1201.533719, "delta": 5.927413}}
{"target": -10.575745665318125, "params": {"C": 55528.61935758545, "gamma": 0.053681346578957734}, "datetime": {"datetime": "2021-06-22 09:40:57", "elapsed": 1211.457135, "delta": 9.923416}}
{"target": -10.39761777026963, "params": {"C": 41371.58052572598, "gamma": 0.054758471855155276}, "datetime": {"datetime": "2021-06-22 09:41:04", "elapsed": 1218.492448, "delta": 7.035313}}
{"target": -10.481640748378403, "params": {"C": 38037.96011894994, "gamma": 0.05721782450413749}, "datetime": {"datetime": "2021-06-22 09:41:12", "elapsed": 1225.988235, "delta": 7.495787}}
{"target": -10.289865973758397, "params": {"C": 46663.22830975337, "gamma": 0.013882665579710343}, "datetime": {"datetime": "2021-06-22 09:41:16", "elapsed": 1230.941685, "delta": 4.95345}}
{"target": -9.691762050467146, "params": {"C": 50082.327216377, "gamma": 0.03445309487301777}, "datetime": {"datetime": "2021-06-22 09:41:26", "elapsed": 1240.038184, "delta": 9.096499}}
{"target": -10.555874061098091, "params": {"C": 32794.85988884134, "gamma": 0.009}, "datetime": {"datetime": "2021-06-22 09:41:33", "elapsed": 1247.092714, "delta": 7.05453}}
{"target": -10.509647224282359, "params": {"C": 33549.86338425978, "gamma": 0.05921551916232487}, "datetime": {"datetime": "2021-06-22 09:41:43", "elapsed": 1257.545351, "delta": 10.452637}}
{"target": -9.689924457527214, "params": {"C": 45446.80383533853, "gamma": 0.028709347822671157}, "datetime": {"datetime": "2021-06-22 09:41:50", "elapsed": 1264.704004, "delta": 7.158653}}
{"target": -10.057462307221545, "params": {"C": 42250.49059860966, "gamma": 0.018244089243669555}, "datetime": {"datetime": "2021-06-22 09:42:00", "elapsed": 1274.051395, "delta": 9.347391}}
{"target": -9.886847075680812, "params": {"C": 33612.01890642564, "gamma": 0.022654879497548595}, "datetime": {"datetime": "2021-06-22 09:42:06", "elapsed": 1280.944757, "delta": 6.893362}}
{"target": -9.674800437633085, "params": {"C": 43709.92126006746, "gamma": 0.03672890242653366}, "datetime": {"datetime": "2021-06-22 09:42:12", "elapsed": 1286.959722, "delta": 6.014965}}
{"target": -9.867291167403575, "params": {"C": 38449.83506221939, "gamma": 0.04469989188070539}, "datetime": {"datetime": "2021-06-22 09:42:22", "elapsed": 1296.286397, "delta": 9.326675}}
{"target": -9.872957070469795, "params": {"C": 32740.27954558424, "gamma": 0.04591672005123079}, "datetime": {"datetime": "2021-06-22 09:42:32", "elapsed": 1306.375572, "delta": 10.089175}}
{"target": -9.752743081685558, "params": {"C": 39755.12581980781, "gamma": 0.026746565453881398}, "datetime": {"datetime": "2021-06-22 09:42:38", "elapsed": 1312.017537, "delta": 5.641965}}
{"target": -9.671269332338186, "params": {"C": 46608.33881419171, "gamma": 0.034082360237456484}, "datetime": {"datetime": "2021-06-22 09:42:44", "elapsed": 1318.219598, "delta": 6.202061}}
{"target": -10.22876593237677, "params": {"C": 53209.644663661406, "gamma": 0.04872329370976903}, "datetime": {"datetime": "2021-06-22 09:42:50", "elapsed": 1324.199874, "delta": 5.980276}}
{"target": -9.648505051873645, "params": {"C": 44082.33161843662, "gamma": 0.03088842593666004}, "datetime": {"datetime": "2021-06-22 09:42:58", "elapsed": 1332.88624, "delta": 8.686366}}
{"target": -9.95812942267274, "params": {"C": 34831.63706728059, "gamma": 0.04744099555332731}, "datetime": {"datetime": "2021-06-22 09:43:07", "elapsed": 1341.002275, "delta": 8.116035}}
{"target": -9.673337960209762, "params": {"C": 42580.64706213224, "gamma": 0.037275667971760726}, "datetime": {"datetime": "2021-06-22 09:43:14", "elapsed": 1348.516129, "delta": 7.513854}}
{"target": -10.590968888656057, "params": {"C": 55112.57936004586, "gamma": 0.054049094670977404}, "datetime": {"datetime": "2021-06-22 09:43:23", "elapsed": 1357.118243, "delta": 8.602114}}
{"target": -9.644617959127897, "params": {"C": 37183.677844933896, "gamma": 0.03884612814754189}, "datetime": {"datetime": "2021-06-22 09:43:29", "elapsed": 1363.530514, "delta": 6.412271}}
{"target": -10.553880752475402, "params": {"C": 36396.32242080736, "gamma": 0.05910513799224238}, "datetime": {"datetime": "2021-06-22 09:43:37", "elapsed": 1371.079636, "delta": 7.549122}}
{"target": -9.748621270470732, "params": {"C": 48108.351566490644, "gamma": 0.03734138759136282}, "datetime": {"datetime": "2021-06-22 09:43:44", "elapsed": 1378.846138, "delta": 7.766502}}
{"target": -10.875563528443596, "params": {"C": 59797.21934747943, "gamma": 0.057576194216766664}, "datetime": {"datetime": "2021-06-22 09:43:54", "elapsed": 1388.577963, "delta": 9.731825}}
{"target": -9.719307357649422, "params": {"C": 59726.027001375005, "gamma": 0.03029453418418824}, "datetime": {"datetime": "2021-06-22 09:44:09", "elapsed": 1403.829923, "delta": 15.25196}}
{"target": -9.657684595252858, "params": {"C": 46421.83519311869, "gamma": 0.03144524537838376}, "datetime": {"datetime": "2021-06-22 09:44:17", "elapsed": 1411.094945, "delta": 7.265022}}
{"target": -9.750027951429036, "params": {"C": 42829.43598569475, "gamma": 0.026788372767811826}, "datetime": {"datetime": "2021-06-22 09:44:24", "elapsed": 1418.353198, "delta": 7.258253}}
{"target": -9.825169133499921, "params": {"C": 38505.77415673182, "gamma": 0.04377928851432379}, "datetime": {"datetime": "2021-06-22 09:44:31", "elapsed": 1425.470931, "delta": 7.117733}}
{"target": -10.48656768584058, "params": {"C": 44442.9154310523, "gamma": 0.009957606866245203}, "datetime": {"datetime": "2021-06-22 09:44:41", "elapsed": 1435.621906, "delta": 10.150975}}
{"target": -9.730583530286166, "params": {"C": 35273.6144944505, "gamma": 0.04193378561640973}, "datetime": {"datetime": "2021-06-22 09:44:51", "elapsed": 1445.742344, "delta": 10.120438}}
{"target": -10.092395269115482, "params": {"C": 35530.38289282214, "gamma": 0.05017614641206012}, "datetime": {"datetime": "2021-06-22 09:44:59", "elapsed": 1453.611517, "delta": 7.869173}}
{"target": -10.13585999271274, "params": {"C": 35770.40066440037, "gamma": 0.0510559841080785}, "datetime": {"datetime": "2021-06-22 09:45:05", "elapsed": 1459.791755, "delta": 6.180238}}
{"target": -10.163651961849233, "params": {"C": 55893.478699128755, "gamma": 0.04630457463179343}, "datetime": {"datetime": "2021-06-22 09:45:17", "elapsed": 1471.385785, "delta": 11.59403}}
{"target": -10.171136800040035, "params": {"C": 42880.95362851458, "gamma": 0.05002186679718452}, "datetime": {"datetime": "2021-06-22 09:45:27", "elapsed": 1481.59778, "delta": 10.211995}}
{"target": -10.617758826461817, "params": {"C": 54982.78649175891, "gamma": 0.054542011469721076}, "datetime": {"datetime": "2021-06-22 09:45:32", "elapsed": 1486.786239, "delta": 5.188459}}
{"target": -9.80010459041443, "params": {"C": 54930.36870912282, "gamma": 0.025130820757819597}, "datetime": {"datetime": "2021-06-22 09:45:39", "elapsed": 1493.729369, "delta": 6.94313}}
{"target": -10.035132228747184, "params": {"C": 53769.44900100338, "gamma": 0.01845897998996407}, "datetime": {"datetime": "2021-06-22 09:45:46", "elapsed": 1500.727924, "delta": 6.998555}}
{"target": -9.674606868311036, "params": {"C": 47423.30498168516, "gamma": 0.033823062554625916}, "datetime": {"datetime": "2021-06-22 09:45:51", "elapsed": 1505.890753, "delta": 5.162829}}
{"target": -9.91130789937735, "params": {"C": 51737.89124663043, "gamma": 0.021563219451883622}, "datetime": {"datetime": "2021-06-22 09:45:57", "elapsed": 1511.357209, "delta": 5.466456}}
{"target": -9.818266325357143, "params": {"C": 40537.28362577935, "gamma": 0.04331224808224792}, "datetime": {"datetime": "2021-06-22 09:46:03", "elapsed": 1517.918138, "delta": 6.560929}}
{"target": -10.15488221495949, "params": {"C": 32989.71616412544, "gamma": 0.05218217746702816}, "datetime": {"datetime": "2021-06-22 09:46:11", "elapsed": 1525.639247, "delta": 7.721109}}
{"target": -9.892810477877559, "params": {"C": 32934.84323655362, "gamma": 0.04634335424742987}, "datetime": {"datetime": "2021-06-22 09:46:18", "elapsed": 1532.714836, "delta": 7.075589}}
{"target": -9.677870976138584, "params": {"C": 45502.238041838755, "gamma": 0.03596216242617865}, "datetime": {"datetime": "2021-06-22 09:46:28", "elapsed": 1542.651897, "delta": 9.937061}}
{"target": -10.827175203473693, "params": {"C": 57549.036566137176, "gamma": 0.05733219522290858}, "datetime": {"datetime": "2021-06-22 09:46:39", "elapsed": 1553.163381, "delta": 10.511484}}
{"target": -9.98595824589777, "params": {"C": 57470.152914039485, "gamma": 0.019611137648726414}, "datetime": {"datetime": "2021-06-22 09:46:49", "elapsed": 1563.608324, "delta": 10.444943}}
{"target": -10.521990391927638, "params": {"C": 49182.79662437938, "gamma": 0.05456892546921715}, "datetime": {"datetime": "2021-06-22 09:46:56", "elapsed": 1570.918972, "delta": 7.310648}}
{"target": -9.965980666530761, "params": {"C": 43202.41257788324, "gamma": 0.020190678184148582}, "datetime": {"datetime": "2021-06-22 09:47:02", "elapsed": 1576.824728, "delta": 5.905756}}
{"target": -10.50826023014493, "params": {"C": 52225.0784541688, "gamma": 0.009536483681428105}, "datetime": {"datetime": "2021-06-22 09:47:09", "elapsed": 1583.057204, "delta": 6.232476}}
{"target": -10.26965926340844, "params": {"C": 52280.33374000637, "gamma": 0.014171142267028966}, "datetime": {"datetime": "2021-06-22 09:47:19", "elapsed": 1593.31526, "delta": 10.258056}}
{"target": -9.853645420514418, "params": {"C": 40288.79458638571, "gamma": 0.04410178277948523}, "datetime": {"datetime": "2021-06-22 09:47:29", "elapsed": 1603.645783, "delta": 10.330523}}
{"target": -10.468799701109303, "params": {"C": 52799.976136860874, "gamma": 0.010311028316061264}, "datetime": {"datetime": "2021-06-22 09:47:42", "elapsed": 1616.160115, "delta": 12.514332}}
{"target": -10.493853465520882, "params": {"C": 43615.70517402551, "gamma": 0.05572395325248687}, "datetime": {"datetime": "2021-06-22 09:47:50", "elapsed": 1624.202567, "delta": 8.042452}}
{"target": -9.710435394909545, "params": {"C": 38998.01862383234, "gamma": 0.028135480008134227}, "datetime": {"datetime": "2021-06-22 09:47:58", "elapsed": 1632.119534, "delta": 7.916967}}
{"target": -10.238088756423569, "params": {"C": 32029.582283048465, "gamma": 0.05431793273036847}, "datetime": {"datetime": "2021-06-22 09:48:05", "elapsed": 1639.112231, "delta": 6.992697}}
{"target": -9.59877455935398, "params": {"C": 34420.50257037969, "gamma": 0.03422451818108527}, "datetime": {"datetime": "2021-06-22 09:48:11", "elapsed": 1645.811313, "delta": 6.699082}}
{"target": -10.0788172088229, "params": {"C": 45660.958698135626, "gamma": 0.017734740061324746}, "datetime": {"datetime": "2021-06-22 09:48:22", "elapsed": 1656.100667, "delta": 10.289354}}
{"target": -9.661990751412556, "params": {"C": 45724.498784721225, "gamma": 0.02969006571418032}, "datetime": {"datetime": "2021-06-22 09:48:33", "elapsed": 1667.108624, "delta": 11.007957}}
{"target": -9.947343560535247, "params": {"C": 37374.42851578906, "gamma": 0.04665659656015419}, "datetime": {"datetime": "2021-06-22 09:48:40", "elapsed": 1674.290298, "delta": 7.181674}}
{"target": -10.143032647920988, "params": {"C": 50740.27109345482, "gamma": 0.016423213611717783}, "datetime": {"datetime": "2021-06-22 09:48:51", "elapsed": 1684.986684, "delta": 10.696386}}
{"target": -10.4248583314421, "params": {"C": 34679.8168799006, "gamma": 0.057187065776452564}, "datetime": {"datetime": "2021-06-22 09:48:56", "elapsed": 1690.44338, "delta": 5.456696}}
{"target": -10.24102238725298, "params": {"C": 57633.88357326328, "gamma": 0.014567220287748593}, "datetime": {"datetime": "2021-06-22 09:49:07", "elapsed": 1701.497613, "delta": 11.054233}}
{"target": -9.893004533995272, "params": {"C": 39612.05738546691, "gamma": 0.0221789066999235}, "datetime": {"datetime": "2021-06-22 09:49:13", "elapsed": 1707.389452, "delta": 5.891839}}
{"target": -10.019549462984218, "params": {"C": 56792.28675042887, "gamma": 0.04155503138785226}, "datetime": {"datetime": "2021-06-22 09:49:22", "elapsed": 1716.869984, "delta": 9.480532}}
{"target": -9.616317908055304, "params": {"C": 30919.154032918017, "gamma": 0.036643893921305896}, "datetime": {"datetime": "2021-06-22 09:52:57", "elapsed": 0.0, "delta": 0.0}}
{"target": -9.655912245722478, "params": {"C": 28000.800623721414, "gamma": 0.03162799087158208}, "datetime": {"datetime": "2021-06-22 09:52:57", "elapsed": 0.183523, "delta": 0.183523}}
{"target": -9.688846507785325, "params": {"C": 29027.291235719793, "gamma": 0.029108063137225575}, "datetime": {"datetime": "2021-06-22 09:52:57", "elapsed": 0.361625, "delta": 0.178102}}
{"target": -9.629660328314001, "params": {"C": 29303.821479643695, "gamma": 0.03214672872451657}, "datetime": {"datetime": "2021-06-22 09:52:58", "elapsed": 0.562243, "delta": 0.200618}}
{"target": -9.603471314505994, "params": {"C": 30777.37231961469, "gamma": 0.034465800808040285}, "datetime": {"datetime": "2021-06-22 09:52:58", "elapsed": 0.747151, "delta": 0.184908}}
{"target": -9.6472679767107, "params": {"C": 35000.0, "gamma": 0.03034359896339759}, "datetime": {"datetime": "2021-06-22 09:52:58", "elapsed": 1.115306, "delta": 0.368155}}
{"target": -9.64111100592879, "params": {"C": 33355.92516170122, "gamma": 0.03064002240912656}, "datetime": {"datetime": "2021-06-22 09:52:59", "elapsed": 1.540232, "delta": 0.424926}}
{"target": -9.634478378330114, "params": {"C": 32354.92305645018, "gamma": 0.03838167087077719}, "datetime": {"datetime": "2021-06-22 09:52:59", "elapsed": 1.964075, "delta": 0.423843}}
{"target": -9.62022225297083, "params": {"C": 30013.04057701298, "gamma": 0.036472672529864796}, "datetime": {"datetime": "2021-06-22 09:52:59", "elapsed": 2.333113, "delta": 0.369038}}
{"target": -9.601048243176482, "params": {"C": 34269.708839578394, "gamma": 0.033882689758711636}, "datetime": {"datetime": "2021-06-22 09:53:00", "elapsed": 2.70053, "delta": 0.367417}}
{"target": -9.660919983226059, "params": {"C": 31785.122625258926, "gamma": 0.029950471857979534}, "datetime": {"datetime": "2021-06-22 09:53:00", "elapsed": 3.093749, "delta": 0.393219}}
{"target": -9.638924016549215, "params": {"C": 33902.62041467379, "gamma": 0.030762732376095635}, "datetime": {"datetime": "2021-06-22 09:53:00", "elapsed": 3.448016, "delta": 0.354267}}
{"target": -9.615275583352407, "params": {"C": 34607.56953995307, "gamma": 0.032334617028664796}, "datetime": {"datetime": "2021-06-22 09:53:01", "elapsed": 3.780863, "delta": 0.332847}}
{"target": -9.595194601397912, "params": {"C": 32842.57966016597, "gamma": 0.034151579364806305}, "datetime": {"datetime": "2021-06-22 09:53:01", "elapsed": 4.173083, "delta": 0.39222}}
{"target": -9.610872110648643, "params": {"C": 30450.982314137058, "gamma": 0.035643945024976156}, "datetime": {"datetime": "2021-06-22 09:53:02", "elapsed": 4.558428, "delta": 0.385345}}
{"target": -9.616344259958849, "params": {"C": 29641.913368254576, "gamma": 0.03377591502129321}, "datetime": {"datetime": "2021-06-22 09:53:02", "elapsed": 4.940718, "delta": 0.38229}}
{"target": -9.62470548353938, "params": {"C": 32972.018831818175, "gamma": 0.038054315604128315}, "datetime": {"datetime": "2021-06-22 09:53:02", "elapsed": 5.325965, "delta": 0.385247}}
{"target": -9.676216365988404, "params": {"C": 32800.8795434246, "gamma": 0.02940744267510547}, "datetime": {"datetime": "2021-06-22 09:53:03", "elapsed": 5.573484, "delta": 0.247519}}
{"target": -9.670306449798275, "params": {"C": 32839.048431237665, "gamma": 0.02960816630884247}, "datetime": {"datetime": "2021-06-22 09:53:03", "elapsed": 5.811655, "delta": 0.238171}}
{"target": -9.65030155605392, "params": {"C": 32681.205643868245, "gamma": 0.030288029318058653}, "datetime": {"datetime": "2021-06-22 09:53:03", "elapsed": 6.112254, "delta": 0.300599}}
{"target": -9.657052673281711, "params": {"C": 30244.145184769768, "gamma": 0.03010973728545043}, "datetime": {"datetime": "2021-06-22 09:53:03", "elapsed": 6.411861, "delta": 0.299607}}
{"target": -9.694395674590293, "params": {"C": 31131.88692163454, "gamma": 0.02878213694023039}, "datetime": {"datetime": "2021-06-22 09:53:04", "elapsed": 6.728413, "delta": 0.316552}}
{"target": -9.674127646221136, "params": {"C": 28499.036194820288, "gamma": 0.03918138150169788}, "datetime": {"datetime": "2021-06-22 09:53:04", "elapsed": 7.044671, "delta": 0.316258}}
{"target": -9.633853476003113, "params": {"C": 29826.408934274234, "gamma": 0.031240244986672105}, "datetime": {"datetime": "2021-06-22 09:53:04", "elapsed": 7.361111, "delta": 0.31644}}
{"target": -9.613579516655465, "params": {"C": 34094.63081430424, "gamma": 0.03781580425168767}, "datetime": {"datetime": "2021-06-22 09:53:05", "elapsed": 7.677755, "delta": 0.316644}}
{"target": -9.711349934923518, "params": {"C": 32108.588477922436, "gamma": 0.028182377649384506}, "datetime": {"datetime": "2021-06-22 09:53:05", "elapsed": 7.979713, "delta": 0.301958}}
{"target": -9.615218497269694, "params": {"C": 33636.762447012545, "gamma": 0.03774301610700769}, "datetime": {"datetime": "2021-06-22 09:53:05", "elapsed": 8.280404, "delta": 0.300691}}
{"target": -9.596918242910501, "params": {"C": 31472.58807151474, "gamma": 0.03355040728199981}, "datetime": {"datetime": "2021-06-22 09:53:06", "elapsed": 8.6333, "delta": 0.352896}}
{"target": -9.629731497920261, "params": {"C": 28758.02930486201, "gamma": 0.035299261404520756}, "datetime": {"datetime": "2021-06-22 09:53:06", "elapsed": 8.965552, "delta": 0.332252}}
{"target": -9.720575677279147, "params": {"C": 28242.242625758536, "gamma": 0.028205498671315443}, "datetime": {"datetime": "2021-06-22 09:53:06", "elapsed": 9.282182, "delta": 0.31663}}
{"target": -9.60360383537691, "params": {"C": 34793.728093965154, "gamma": 0.03597793287718959}, "datetime": {"datetime": "2021-06-22 09:53:07", "elapsed": 9.605339, "delta": 0.323157}}
{"target": -9.617210294452102, "params": {"C": 34435.1029801078, "gamma": 0.03814987269048177}, "datetime": {"datetime": "2021-06-22 09:53:07", "elapsed": 9.938878, "delta": 0.333539}}
{"target": -9.712256337056228, "params": {"C": 30615.088119664622, "gamma": 0.028124362900741728}, "datetime": {"datetime": "2021-06-22 09:53:07", "elapsed": 10.306551, "delta": 0.367673}}
{"target": -9.645297460694707, "params": {"C": 29474.588505466818, "gamma": 0.037846627357128994}, "datetime": {"datetime": "2021-06-22 09:53:08", "elapsed": 10.66999, "delta": 0.363439}}
{"target": -9.671767192116183, "params": {"C": 33176.174333060815, "gamma": 0.04}, "datetime": {"datetime": "2021-06-22 09:53:08", "elapsed": 11.024918, "delta": 0.354928}}
{"target": -9.598372185342487, "params": {"C": 31313.43514798223, "gamma": 0.033326875522962894}, "datetime": {"datetime": "2021-06-22 09:53:08", "elapsed": 11.387377, "delta": 0.362459}}
{"target": -9.611374897022866, "params": {"C": 31623.41148226611, "gamma": 0.03665173496058002}, "datetime": {"datetime": "2021-06-22 09:53:09", "elapsed": 11.788703, "delta": 0.401326}}
{"target": -9.66766151516832, "params": {"C": 32513.026074915742, "gamma": 0.03981293597297671}, "datetime": {"datetime": "2021-06-22 09:53:09", "elapsed": 12.158719, "delta": 0.370016}}
{"target": -9.716362893597925, "params": {"C": 31943.08481999939, "gamma": 0.028}, "datetime": {"datetime": "2021-06-22 09:53:10", "elapsed": 12.52784, "delta": 0.369121}}
{"target": -9.643423303743628, "params": {"C": 33497.19193618756, "gamma": 0.03052143154173706}, "datetime": {"datetime": "2021-06-22 09:53:10", "elapsed": 12.906858, "delta": 0.379018}}
{"target": -9.597119087245426, "params": {"C": 33768.432854076855, "gamma": 0.036251071180476824}, "datetime": {"datetime": "2021-06-22 09:53:10", "elapsed": 13.245514, "delta": 0.338656}}
{"target": -9.658171236198895, "params": {"C": 29168.82211910915, "gamma": 0.0385011852455449}, "datetime": {"datetime": "2021-06-22 09:53:11", "elapsed": 13.593351, "delta": 0.347837}}
{"target": -9.693265375435704, "params": {"C": 28889.00387353583, "gamma": 0.028997702168613335}, "datetime": {"datetime": "2021-06-22 09:53:11", "elapsed": 13.963764, "delta": 0.370413}}
