{"target": -10.082598675979302, "params": {"C": 12939.364950060582, "gamma": 0.05097150973190529}, "datetime": {"datetime": "2021-06-22 10:28:45", "elapsed": 34.765724, "delta": 0.54346}}
{"target": -10.08773394027305, "params": {"C": 11614.156190329977, "gamma": 0.052901736306001805}, "datetime": {"datetime": "2021-06-22 10:28:45", "elapsed": 35.47818, "delta": 0.712456}}
{"target": -10.086062198256233, "params": {"C": 21668.19987563169, "gamma": 0.046981544704136305}, "datetime": {"datetime": "2021-06-22 10:28:46", "elapsed": 36.195873, "delta": 0.717693}}
{"target": -10.184278061888842, "params": {"C": 10130.402710287017, "gamma": 0.042200099537401}, "datetime": {"datetime": "2021-06-22 10:28:47", "elapsed": 36.852024, "delta": 0.656151}}
{"target": -10.062819067060211, "params": {"C": 18357.84947492162, "gamma": 0.05011016470763337}, "datetime": {"datetime": "2021-06-22 10:28:47", "elapsed": 37.383872, "delta": 0.531848}}
{"target": -10.174692229285364, "params": {"C": 22751.593196683054, "gamma": 0.05197051859239304}, "datetime": {"datetime": "2021-06-22 10:28:48", "elapsed": 38.006359, "delta": 0.622487}}
{"target": -10.10563187676011, "params": {"C": 15871.28437365317, "gamma": 0.04145564069503173}, "datetime": {"datetime": "2021-06-22 10:28:49", "elapsed": 38.647251, "delta": 0.640892}}
{"target": -10.06800746653498, "params": {"C": 16061.032514008823, "gamma": 0.048500958709923395}, "datetime": {"datetime": "2021-06-22 10:28:49", "elapsed": 39.209894, "delta": 0.562643}}
{"target": -10.289582881269972, "params": {"C": 22961.896535937478, "gamma": 0.05731213149379323}, "datetime": {"datetime": "2021-06-22 10:28:50", "elapsed": 39.872815, "delta": 0.662921}}
{"target": -10.116533117962149, "params": {"C": 24834.574789470927, "gamma": 0.04636825437369081}, "datetime": {"datetime": "2021-06-22 10:28:51", "elapsed": 40.673704, "delta": 0.800889}}
{"target": -10.107801270116454, "params": {"C": 22428.851789633183, "gamma": 0.04171630857182916}, "datetime": {"datetime": "2021-06-22 10:28:52", "elapsed": 41.59292, "delta": 0.919216}}
{"target": -10.072357812450985, "params": {"C": 16985.420455556017, "gamma": 0.04691824342003699}, "datetime": {"datetime": "2021-06-22 10:28:52", "elapsed": 42.495921, "delta": 0.903001}}
{"target": -10.117320693817359, "params": {"C": 13178.62032241347, "gamma": 0.04274379609829818}, "datetime": {"datetime": "2021-06-22 10:28:53", "elapsed": 43.304377, "delta": 0.808456}}
{"target": -10.08218252657011, "params": {"C": 13407.152225053998, "gamma": 0.04963871165980649}, "datetime": {"datetime": "2021-06-22 10:28:54", "elapsed": 44.183497, "delta": 0.87912}}
{"target": -10.130563526877644, "params": {"C": 12662.641452391781, "gamma": 0.04136766689713626}, "datetime": {"datetime": "2021-06-22 10:28:55", "elapsed": 44.952794, "delta": 0.769297}}
{"target": -10.100587252514885, "params": {"C": 13833.37818317957, "gamma": 0.04463197498120177}, "datetime": {"datetime": "2021-06-22 10:28:56", "elapsed": 45.686182, "delta": 0.733388}}
{"target": -10.068746540340767, "params": {"C": 15688.744071348548, "gamma": 0.049364683701444353}, "datetime": {"datetime": "2021-06-22 10:28:57", "elapsed": 46.557851, "delta": 0.871669}}
{"target": -10.088640269665673, "params": {"C": 14612.831898019453, "gamma": 0.04564487931231978}, "datetime": {"datetime": "2021-06-22 10:28:57", "elapsed": 47.51703, "delta": 0.959179}}
{"target": -10.099734232734434, "params": {"C": 14420.373266585546, "gamma": 0.05786411302869006}, "datetime": {"datetime": "2021-06-22 10:28:58", "elapsed": 48.462541, "delta": 0.945511}}
{"target": -10.103270607522052, "params": {"C": 21252.387769361907, "gamma": 0.04237180734828874}, "datetime": {"datetime": "2021-06-22 10:29:00", "elapsed": 49.632902, "delta": 1.170361}}
{"target": -10.099441695301406, "params": {"C": 21442.2790282117, "gamma": 0.043236846372643294}, "datetime": {"datetime": "2021-06-22 10:29:00", "elapsed": 50.41358, "delta": 0.780678}}
{"target": -10.0869038851507, "params": {"C": 17773.91205501033, "gamma": 0.04439819666073107}, "datetime": {"datetime": "2021-06-22 10:29:01", "elapsed": 51.509437, "delta": 1.095857}}
{"target": -10.183846716648803, "params": {"C": 19083.714796719447, "gamma": 0.05739760736007139}, "datetime": {"datetime": "2021-06-22 10:29:02", "elapsed": 52.37833, "delta": 0.868893}}
{"target": -10.06978590814129, "params": {"C": 19273.528038920507, "gamma": 0.04815296450045514}, "datetime": {"datetime": "2021-06-22 10:29:03", "elapsed": 53.287713, "delta": 0.909383}}
{"target": -10.083447472805014, "params": {"C": 18896.221780092197, "gamma": 0.04565106353315203}, "datetime": {"datetime": "2021-06-22 10:29:04", "elapsed": 54.200614, "delta": 0.912901}}
{"target": -10.076543667067787, "params": {"C": 20078.707576443925, "gamma": 0.04870802391217361}, "datetime": {"datetime": "2021-06-22 10:29:05", "elapsed": 55.120029, "delta": 0.919415}}
{"target": -10.103662356547195, "params": {"C": 17216.604896739704, "gamma": 0.04213847265975771}, "datetime": {"datetime": "2021-06-22 10:29:06", "elapsed": 56.048809, "delta": 0.92878}}
{"target": -10.084639209775172, "params": {"C": 14024.611294711893, "gamma": 0.05627872752042505}, "datetime": {"datetime": "2021-06-22 10:29:07", "elapsed": 57.140895, "delta": 1.092086}}
{"target": -10.17951068974636, "params": {"C": 10940.567252856037, "gamma": 0.040396311581641406}, "datetime": {"datetime": "2021-06-22 10:29:08", "elapsed": 58.074867, "delta": 0.933972}}
{"target": -10.102450227042327, "params": {"C": 10731.196192075002, "gamma": 0.05360124195264376}, "datetime": {"datetime": "2021-06-22 10:29:09", "elapsed": 58.977186, "delta": 0.902319}}
{"target": -10.070292337683272, "params": {"C": 15345.615534252724, "gamma": 0.04973985889195453}, "datetime": {"datetime": "2021-06-22 10:29:10", "elapsed": 59.909704, "delta": 0.932518}}
{"target": -10.074539269760226, "params": {"C": 13623.809864311104, "gamma": 0.05535532656869541}, "datetime": {"datetime": "2021-06-22 10:29:11", "elapsed": 60.831666, "delta": 0.921962}}
{"target": -10.088962956635989, "params": {"C": 17943.761506294184, "gamma": 0.04415360134002774}, "datetime": {"datetime": "2021-06-22 10:29:12", "elapsed": 61.777288, "delta": 0.945622}}
{"target": -10.09104969436181, "params": {"C": 17419.26888352079, "gamma": 0.04388403238743829}, "datetime": {"datetime": "2021-06-22 10:29:13", "elapsed": 62.809813, "delta": 1.032525}}
{"target": -10.072301167477345, "params": {"C": 14233.104323477932, "gamma": 0.0525033277606191}, "datetime": {"datetime": "2021-06-22 10:29:14", "elapsed": 63.846703, "delta": 1.03689}}
{"target": -10.094077437435383, "params": {"C": 11151.256752565458, "gamma": 0.054912106650670894}, "datetime": {"datetime": "2021-06-22 10:29:15", "elapsed": 64.661019, "delta": 0.814316}}
{"target": -10.070615307475121, "params": {"C": 15500.5603066705, "gamma": 0.04907432273483507}, "datetime": {"datetime": "2021-06-22 10:29:16", "elapsed": 65.607062, "delta": 0.946043}}
{"target": -10.089655574112506, "params": {"C": 12476.0937389848, "gamma": 0.04922846054206602}, "datetime": {"datetime": "2021-06-22 10:29:17", "elapsed": 66.585836, "delta": 0.978774}}
{"target": -10.096043406095893, "params": {"C": 18165.201018506443, "gamma": 0.05396103094260384}, "datetime": {"datetime": "2021-06-22 10:29:17", "elapsed": 67.496707, "delta": 0.910871}}
{"target": -10.107059672810013, "params": {"C": 16007.639876832516, "gamma": 0.0567656121219397}, "datetime": {"datetime": "2021-06-22 10:29:18", "elapsed": 68.33606, "delta": 0.839353}}
{"target": -10.130684456753961, "params": {"C": 24512.750700232187, "gamma": 0.0476234032066706}, "datetime": {"datetime": "2021-06-22 10:29:19", "elapsed": 69.304963, "delta": 0.968903}}
{"target": -10.096066615661384, "params": {"C": 21872.455637259463, "gamma": 0.04395106676980978}, "datetime": {"datetime": "2021-06-22 10:29:20", "elapsed": 70.153292, "delta": 0.848329}}
{"target": -10.063132686856893, "params": {"C": 16122.911461628777, "gamma": 0.05225698222673275}, "datetime": {"datetime": "2021-06-22 10:29:21", "elapsed": 70.989576, "delta": 0.836284}}
{"target": -10.093223018403403, "params": {"C": 19574.540215172245, "gamma": 0.04391643370003538}, "datetime": {"datetime": "2021-06-22 10:29:22", "elapsed": 71.897091, "delta": 0.907515}}
{"target": -10.089239912643265, "params": {"C": 11998.207002072902, "gamma": 0.05018576283580146}, "datetime": {"datetime": "2021-06-22 10:29:23", "elapsed": 72.737547, "delta": 0.840456}}
{"target": -10.063797868451859, "params": {"C": 16667.75992635735, "gamma": 0.048489360529147686}, "datetime": {"datetime": "2021-06-22 10:29:24", "elapsed": 73.642934, "delta": 0.905387}}
{"target": -10.077813166237206, "params": {"C": 12316.359726868326, "gamma": 0.05650345095446556}, "datetime": {"datetime": "2021-06-22 10:29:25", "elapsed": 74.752831, "delta": 1.109897}}
{"target": -10.075724590209626, "params": {"C": 18734.781925692252, "gamma": 0.04703676403689118}, "datetime": {"datetime": "2021-06-22 10:29:26", "elapsed": 75.774548, "delta": 1.021717}}
{"target": -10.094267159583577, "params": {"C": 21085.336367658263, "gamma": 0.04942445879306812}, "datetime": {"datetime": "2021-06-22 10:29:27", "elapsed": 76.836098, "delta": 1.06155}}
{"target": -10.207530379699435, "params": {"C": 24128.559864972252, "gamma": 0.051665607401913845}, "datetime": {"datetime": "2021-06-22 10:29:28", "elapsed": 78.101037, "delta": 1.264939}}
{"target": -10.254301763636539, "params": {"C": 24268.002169201813, "gamma": 0.05363471206152358}, "datetime": {"datetime": "2021-06-22 10:29:29", "elapsed": 79.040086, "delta": 0.939049}}
{"target": -10.178234051707884, "params": {"C": 10516.352596139366, "gamma": 0.04175648092352133}, "datetime": {"datetime": "2021-06-22 10:29:31", "elapsed": 80.594574, "delta": 1.554488}}
{"target": -10.07715610829253, "params": {"C": 20678.433758417872, "gamma": 0.04730894603268749}, "datetime": {"datetime": "2021-06-22 10:29:31", "elapsed": 81.486389, "delta": 0.891815}}
{"target": -10.09578430129371, "params": {"C": 23978.107946293923, "gamma": 0.04447109501566355}, "datetime": {"datetime": "2021-06-22 10:29:32", "elapsed": 82.519395, "delta": 1.033006}}
{"target": -10.08183767348165, "params": {"C": 20159.602408828876, "gamma": 0.049581936202632654}, "datetime": {"datetime": "2021-06-22 10:29:34", "elapsed": 83.864128, "delta": 1.344733}}
{"target": -10.18414785547054, "params": {"C": 24442.636589798494, "gamma": 0.05027506712286416}, "datetime": {"datetime": "2021-06-22 10:29:35", "elapsed": 84.803454, "delta": 0.939326}}
{"target": -10.265170486516396, "params": {"C": 22168.00889765058, "gamma": 0.057285622061275965}, "datetime": {"datetime": "2021-06-22 10:29:36", "elapsed": 86.089778, "delta": 1.286324}}
{"target": -10.152469666669603, "params": {"C": 11688.158944234121, "gamma": 0.041369038090994896}, "datetime": {"datetime": "2021-06-22 10:29:37", "elapsed": 87.04565, "delta": 0.955872}}
{"target": -10.131068356177234, "params": {"C": 11546.479192635616, "gamma": 0.04453272253746847}, "datetime": {"datetime": "2021-06-22 10:29:38", "elapsed": 88.228776, "delta": 1.183126}}
{"target": -10.089389499046762, "params": {"C": 11383.3699276943, "gamma": 0.05608279326895246}, "datetime": {"datetime": "2021-06-22 10:29:39", "elapsed": 89.35871, "delta": 1.129934}}
{"target": -10.115729938499799, "params": {"C": 11835.536708090582, "gamma": 0.04588944067863307}, "datetime": {"datetime": "2021-06-22 10:29:41", "elapsed": 90.653017, "delta": 1.294307}}
{"target": -10.089674125625864, "params": {"C": 17586.532029866285, "gamma": 0.0440631687727262}, "datetime": {"datetime": "2021-06-22 10:29:42", "elapsed": 91.811369, "delta": 1.158352}}
{"target": -10.100219833830215, "params": {"C": 24904.05942568438, "gamma": 0.043850750649921805}, "datetime": {"datetime": "2021-06-22 10:29:43", "elapsed": 93.131699, "delta": 1.32033}}
{"target": -10.072526947051324, "params": {"C": 14769.363138224035, "gamma": 0.050520213943294257}, "datetime": {"datetime": "2021-06-22 10:29:44", "elapsed": 94.22094, "delta": 1.089241}}
{"target": -10.07773621242877, "params": {"C": 12867.506771897159, "gamma": 0.05446891592404919}, "datetime": {"datetime": "2021-06-22 10:29:45", "elapsed": 95.206748, "delta": 0.985808}}
{"target": -10.065948890764737, "params": {"C": 15050.655806816703, "gamma": 0.05297594989947653}, "datetime": {"datetime": "2021-06-22 10:29:46", "elapsed": 96.309312, "delta": 1.102564}}
{"target": -10.15835785920075, "params": {"C": 18556.725013861513, "gamma": 0.05693412462314028}, "datetime": {"datetime": "2021-06-22 10:29:47", "elapsed": 97.411837, "delta": 1.102525}}
{"target": -10.262317533486343, "params": {"C": 23831.422265644018, "gamma": 0.054613416954970344}, "datetime": {"datetime": "2021-06-22 10:29:49", "elapsed": 98.786193, "delta": 1.374356}}
{"target": -10.313314698687604, "params": {"C": 23699.776949771374, "gamma": 0.057434681387961685}, "datetime": {"datetime": "2021-06-22 10:29:50", "elapsed": 99.965186, "delta": 1.178993}}
{"target": -10.226398491146837, "params": {"C": 23246.58303509037, "gamma": 0.05368850901128029}, "datetime": {"datetime": "2021-06-22 10:29:51", "elapsed": 101.156712, "delta": 1.191526}}
{"target": -10.074460971690069, "params": {"C": 19736.780946285617, "gamma": 0.049158672909823446}, "datetime": {"datetime": "2021-06-22 10:29:52", "elapsed": 102.384847, "delta": 1.228135}}
{"target": -10.086847098931392, "params": {"C": 20865.303799307352, "gamma": 0.04895249179059289}, "datetime": {"datetime": "2021-06-22 10:29:54", "elapsed": 103.725911, "delta": 1.341064}}
{"target": -10.074744649882579, "params": {"C": 16802.664386680543, "gamma": 0.04627634855163606}, "datetime": {"datetime": "2021-06-22 10:29:55", "elapsed": 104.87632, "delta": 1.150409}}
{"target": -10.111127460614526, "params": {"C": 10343.323728989395, "gamma": 0.05361276650484306}, "datetime": {"datetime": "2021-06-22 10:29:56", "elapsed": 106.210124, "delta": 1.333804}}
{"target": -10.336956557318636, "params": {"C": 24588.66616576494, "gamma": 0.057364638450791434}, "datetime": {"datetime": "2021-06-22 10:29:57", "elapsed": 107.159033, "delta": 0.948909}}
{"target": -10.245391461948532, "params": {"C": 24752.202105226454, "gamma": 0.052599205871384995}, "datetime": {"datetime": "2021-06-22 10:29:58", "elapsed": 108.272096, "delta": 1.113063}}
{"target": -10.11756065464488, "params": {"C": 22495.922491689176, "gamma": 0.040480498605989304}, "datetime": {"datetime": "2021-06-22 10:30:00", "elapsed": 109.641178, "delta": 1.369082}}
{"target": -10.093986333071284, "params": {"C": 20442.822814111434, "gamma": 0.044077858672470625}, "datetime": {"datetime": "2021-06-22 10:30:01", "elapsed": 110.922288, "delta": 1.28111}}
{"target": -10.084226712436669, "params": {"C": 13007.901583745816, "gamma": 0.04959598666510333}, "datetime": {"datetime": "2021-06-22 10:30:02", "elapsed": 111.933566, "delta": 1.011278}}
{"target": -10.079324679941116, "params": {"C": 15208.982502829067, "gamma": 0.05477705846528405}, "datetime": {"datetime": "2021-06-22 10:30:03", "elapsed": 113.223032, "delta": 1.289466}}
{"target": -10.067138160320512, "params": {"C": 18412.34217787005, "gamma": 0.04843700918672732}, "datetime": {"datetime": "2021-06-22 10:30:04", "elapsed": 114.386296, "delta": 1.163264}}
{"target": -10.116060990183474, "params": {"C": 19891.780540208736, "gamma": 0.040815748135583925}, "datetime": {"datetime": "2021-06-22 10:30:06", "elapsed": 115.954856, "delta": 1.56856}}
{"target": -10.078934793617126, "params": {"C": 19228.422517477768, "gamma": 0.04659165390732521}, "datetime": {"datetime": "2021-06-22 10:30:07", "elapsed": 116.936161, "delta": 0.981305}}
{"target": -10.087538068651542, "params": {"C": 13349.880225310299, "gamma": 0.04807553531135497}, "datetime": {"datetime": "2021-06-22 10:30:08", "elapsed": 118.032099, "delta": 1.095938}}
{"target": -10.097710060212172, "params": {"C": 21607.801073915387, "gamma": 0.04898564521195164}, "datetime": {"datetime": "2021-06-22 10:30:09", "elapsed": 119.293862, "delta": 1.261763}}
{"target": -10.163010558623604, "params": {"C": 23518.520317243536, "gamma": 0.05047882528231735}, "datetime": {"datetime": "2021-06-22 10:30:10", "elapsed": 120.484068, "delta": 1.190206}}
{"target": -10.118107118963927, "params": {"C": 17038.89009980366, "gamma": 0.0400055758987022}, "datetime": {"datetime": "2021-06-22 10:30:12", "elapsed": 121.817715, "delta": 1.333647}}
{"target": -10.097949955040086, "params": {"C": 16930.411635438682, "gamma": 0.04289203824039432}, "datetime": {"datetime": "2021-06-22 10:30:13", "elapsed": 122.947742, "delta": 1.130027}}
{"target": -10.121605172851247, "params": {"C": 17154.57277609954, "gamma": 0.05670894278139271}, "datetime": {"datetime": "2021-06-22 10:30:14", "elapsed": 124.155598, "delta": 1.207856}}
{"target": -10.110110396987, "params": {"C": 14920.100021399037, "gamma": 0.04139089948499089}, "datetime": {"datetime": "2021-06-22 10:30:15", "elapsed": 125.500747, "delta": 1.345149}}
{"target": -10.102859499527177, "params": {"C": 20022.00823534783, "gamma": 0.04243160335619237}, "datetime": {"datetime": "2021-06-22 10:30:16", "elapsed": 126.530207, "delta": 1.02946}}
{"target": -10.101335473791297, "params": {"C": 19332.800431787982, "gamma": 0.05314987998209944}, "datetime": {"datetime": "2021-06-22 10:30:17", "elapsed": 127.484796, "delta": 0.954589}}
{"target": -10.08665024077959, "params": {"C": 15733.063006966371, "gamma": 0.04415716470172505}, "datetime": {"datetime": "2021-06-22 10:30:19", "elapsed": 128.734556, "delta": 1.24976}}
{"target": -10.087431047191618, "params": {"C": 13669.652967658489, "gamma": 0.056932295175631246}, "datetime": {"datetime": "2021-06-22 10:30:20", "elapsed": 130.291761, "delta": 1.557205}}
{"target": -10.144084974145652, "params": {"C": 22813.614665747253, "gamma": 0.05045281150386692}, "datetime": {"datetime": "2021-06-22 10:30:22", "elapsed": 131.586267, "delta": 1.294506}}
{"target": -10.142277532903167, "params": {"C": 10209.337410494425, "gamma": 0.04738390717040881}, "datetime": {"datetime": "2021-06-22 10:30:23", "elapsed": 133.011104, "delta": 1.424837}}
{"target": -10.07723018911387, "params": {"C": 13974.793014184588, "gamma": 0.055393460499844935}, "datetime": {"datetime": "2021-06-22 10:30:24", "elapsed": 134.128753, "delta": 1.117649}}
{"target": -10.09103508746532, "params": {"C": 18307.94248448706, "gamma": 0.04390288641960375}, "datetime": {"datetime": "2021-06-22 10:30:25", "elapsed": 135.278833, "delta": 1.15008}}
{"target": -10.112270082714348, "params": {"C": 21826.160517878634, "gamma": 0.041165323442181406}, "datetime": {"datetime": "2021-06-22 10:30:27", "elapsed": 136.552269, "delta": 1.273436}}
{"target": -10.091351112508478, "params": {"C": 12598.832644442864, "gamma": 0.0486577948814778}, "datetime": {"datetime": "2021-06-22 10:30:28", "elapsed": 137.884828, "delta": 1.332559}}
{"target": -10.071495704112124, "params": {"C": 14476.456731888804, "gamma": 0.0520172707984036}, "datetime": {"datetime": "2021-06-22 10:30:29", "elapsed": 139.039616, "delta": 1.154788}}
{"target": -10.068072873283148, "params": {"C": 15642.567170802455, "gamma": 0.04983115726565859}, "datetime": {"datetime": "2021-06-22 10:30:30", "elapsed": 140.03124, "delta": 0.991624}}
{"target": -10.06417366761444, "params": {"C": 18213.771680796555, "gamma": 0.048885767996190266}, "datetime": {"datetime": "2021-06-22 10:30:31", "elapsed": 141.174045, "delta": 1.142805}}
{"target": -10.124599557602847, "params": {"C": 23415.622175235912, "gamma": 0.048654803995445195}, "datetime": {"datetime": "2021-06-22 10:30:32", "elapsed": 142.43042, "delta": 1.256375}}
{"target": -10.089575880303958, "params": {"C": 13571.065253750923, "gamma": 0.05729715872074494}, "datetime": {"datetime": "2021-06-22 10:30:34", "elapsed": 144.168467, "delta": 1.738047}}
{"target": -10.143752203039694, "params": {"C": 17270.916182744, "gamma": 0.057842039570860204}, "datetime": {"datetime": "2021-06-22 10:30:35", "elapsed": 145.454471, "delta": 1.286004}}
{"target": -10.132259153937447, "params": {"C": 17369.322213544925, "gamma": 0.057100044440173386}, "datetime": {"datetime": "2021-06-22 10:30:37", "elapsed": 146.661277, "delta": 1.206806}}
{"target": -10.111692716568987, "params": {"C": 20632.62734085917, "gamma": 0.04135225203123645}, "datetime": {"datetime": "2021-06-22 10:30:38", "elapsed": 147.79059, "delta": 1.129313}}
{"target": -10.092048173467983, "params": {"C": 21720.724032857972, "gamma": 0.048047108436134}, "datetime": {"datetime": "2021-06-22 10:30:39", "elapsed": 148.761905, "delta": 0.971315}}
{"target": -10.223824890962863, "params": {"C": 21929.761214361377, "gamma": 0.05550694997312087}, "datetime": {"datetime": "2021-06-22 10:30:40", "elapsed": 149.900725, "delta": 1.13882}}
{"target": -10.090570515336893, "params": {"C": 19516.267472946893, "gamma": 0.044457664050864584}, "datetime": {"datetime": "2021-06-22 10:30:41", "elapsed": 151.210248, "delta": 1.309523}}
{"target": -10.098733640616537, "params": {"C": 14274.598750487308, "gamma": 0.057893113071575956}, "datetime": {"datetime": "2021-06-22 10:30:43", "elapsed": 152.558765, "delta": 1.348517}}
{"target": -10.0877356430429, "params": {"C": 14183.548716277779, "gamma": 0.04656235233686296}, "datetime": {"datetime": "2021-06-22 10:30:44", "elapsed": 153.85211, "delta": 1.293345}}
{"target": -10.138315112554352, "params": {"C": 11106.57248164152, "gamma": 0.04491226034130681}, "datetime": {"datetime": "2021-06-22 10:30:45", "elapsed": 155.105637, "delta": 1.253527}}
{"target": -10.12801170569069, "params": {"C": 11204.355413661375, "gamma": 0.0461357202353136}, "datetime": {"datetime": "2021-06-22 10:30:46", "elapsed": 156.382138, "delta": 1.276501}}
{"target": -10.076509418182333, "params": {"C": 13116.304235718928, "gamma": 0.05429131488514423}, "datetime": {"datetime": "2021-06-22 10:30:48", "elapsed": 157.621549, "delta": 1.239411}}
