{"target": -30.05305469673154, "params": {"C": 11.561692405182576, "gamma": 0.050772379742306875}, "datetime": {"datetime": "2021-06-28 15:26:25", "elapsed": 47.68107, "delta": 0.569715}}
{"target": -29.520368620247613, "params": {"C": 11.164581012584023, "gamma": 0.03843535428728763}, "datetime": {"datetime": "2021-06-28 15:26:26", "elapsed": 48.270696, "delta": 0.589626}}
{"target": -32.71225361083208, "params": {"C": 11.375944640262926, "gamma": 0.11235203945855814}, "datetime": {"datetime": "2021-06-28 15:26:26", "elapsed": 48.946215, "delta": 0.675519}}
{"target": -28.63921932847931, "params": {"C": 11.376755515690252, "gamma": 0.018289913867155325}, "datetime": {"datetime": "2021-06-28 15:26:27", "elapsed": 49.545383, "delta": 0.599168}}
{"target": -30.90067598096782, "params": {"C": 11.230011962986428, "gamma": 0.06529847399786934}, "datetime": {"datetime": "2021-06-28 15:26:28", "elapsed": 50.241097, "delta": 0.695714}}
{"target": -30.483429178699406, "params": {"C": 10.567183089636552, "gamma": 0.05243957364028796}, "datetime": {"datetime": "2021-06-28 15:26:28", "elapsed": 50.919133, "delta": 0.678036}}
{"target": -30.9279985099988, "params": {"C": 10.503083220522257, "gamma": 0.0606493426646525}, "datetime": {"datetime": "2021-06-28 15:26:29", "elapsed": 51.628667, "delta": 0.709534}}
{"target": -29.353935455732387, "params": {"C": 11.604346813881163, "gamma": 0.03804205406748047}, "datetime": {"datetime": "2021-06-28 15:26:30", "elapsed": 52.165001, "delta": 0.536334}}
{"target": -31.81541353221663, "params": {"C": 11.746865469824378, "gamma": 0.09035926845506087}, "datetime": {"datetime": "2021-06-28 15:26:30", "elapsed": 52.831376, "delta": 0.666375}}
{"target": -30.568955500232153, "params": {"C": 10.53434136096597, "gamma": 0.053843236493167745}, "datetime": {"datetime": "2021-06-28 15:26:31", "elapsed": 53.446864, "delta": 0.615488}}
{"target": -29.357656845646453, "params": {"C": 11.498609465231572, "gamma": 0.03746728164510784}, "datetime": {"datetime": "2021-06-28 15:26:32", "elapsed": 54.019312, "delta": 0.572448}}
{"target": -28.953790769936422, "params": {"C": 36.32183030340217, "gamma": 0.1298448526958995}, "datetime": {"datetime": "2021-06-28 15:26:32", "elapsed": 54.52175, "delta": 0.502438}}
{"target": -28.495812695747443, "params": {"C": 11.847391346325784, "gamma": 0.01871603050829941}, "datetime": {"datetime": "2021-06-28 15:26:33", "elapsed": 55.105082, "delta": 0.583332}}
{"target": -33.63720895448741, "params": {"C": 11.854857526018703, "gamma": 0.0018488842614388045}, "datetime": {"datetime": "2021-06-28 15:26:33", "elapsed": 55.805147, "delta": 0.700065}}
{"target": -28.72869426970523, "params": {"C": 11.300395115381447, "gamma": 0.02201548527755027}, "datetime": {"datetime": "2021-06-28 15:26:34", "elapsed": 56.517769, "delta": 0.712622}}
{"target": -33.382750656821706, "params": {"C": 10.648310062961963, "gamma": 0.1264593095504188}, "datetime": {"datetime": "2021-06-28 15:26:35", "elapsed": 57.088953, "delta": 0.571184}}
{"target": -34.2598279902944, "params": {"C": 11.812921891335575, "gamma": 0.17847841391770322}, "datetime": {"datetime": "2021-06-28 15:26:35", "elapsed": 57.792743, "delta": 0.70379}}
{"target": -29.39572750689839, "params": {"C": 11.36212582262687, "gamma": 0.03733977885627062}, "datetime": {"datetime": "2021-06-28 15:26:36", "elapsed": 58.44193, "delta": 0.649187}}
{"target": -29.393446413575795, "params": {"C": 11.059633133417584, "gamma": 0.035384803058651784}, "datetime": {"datetime": "2021-06-28 15:26:37", "elapsed": 59.0672, "delta": 0.62527}}
{"target": -29.18043643844137, "params": {"C": 11.584676531310667, "gamma": 0.0346326401967953}, "datetime": {"datetime": "2021-06-28 15:26:37", "elapsed": 59.671156, "delta": 0.603956}}
{"target": -28.654661749632176, "params": {"C": 11.835782836502716, "gamma": 0.02495567923030944}, "datetime": {"datetime": "2021-06-28 15:26:38", "elapsed": 60.427091, "delta": 0.755935}}
{"target": -32.07564771275003, "params": {"C": 11.524098966456584, "gamma": 0.09531679754325954}, "datetime": {"datetime": "2021-06-28 15:26:39", "elapsed": 61.019903, "delta": 0.592812}}
{"target": -34.76619823817876, "params": {"C": 10.438709367595584, "gamma": 0.1821988762206272}, "datetime": {"datetime": "2021-06-28 15:26:39", "elapsed": 61.755754, "delta": 0.735851}}
{"target": -34.80952312849007, "params": {"C": 11.45652075813613, "gamma": 0.2017287700583487}, "datetime": {"datetime": "2021-06-28 15:26:40", "elapsed": 62.419793, "delta": 0.664039}}
{"target": -31.048463162750277, "params": {"C": 11.686776906174495, "gamma": 0.07169412151836956}, "datetime": {"datetime": "2021-06-28 15:26:41", "elapsed": 63.027946, "delta": 0.608153}}
{"target": -28.183318901820286, "params": {"C": 36.325567589217314, "gamma": 0.10711906519260436}, "datetime": {"datetime": "2021-06-28 15:26:41", "elapsed": 63.615421, "delta": 0.587475}}
{"target": -31.30902859228661, "params": {"C": 11.30572545298873, "gamma": 0.07468107258079587}, "datetime": {"datetime": "2021-06-28 15:26:42", "elapsed": 64.407516, "delta": 0.792095}}
{"target": -30.363867434571734, "params": {"C": 11.851149692776318, "gamma": 0.058579911554663765}, "datetime": {"datetime": "2021-06-28 15:26:43", "elapsed": 65.073109, "delta": 0.665593}}
{"target": -40.941656762589474, "params": {"C": 35.82090833107277, "gamma": 6.413846700952885}, "datetime": {"datetime": "2021-06-28 15:26:43", "elapsed": 65.641236, "delta": 0.568127}}
{"target": -32.7262384890037, "params": {"C": 11.920167385877525, "gamma": 0.11830676616028842}, "datetime": {"datetime": "2021-06-28 15:26:44", "elapsed": 66.249269, "delta": 0.608033}}
{"target": -29.34834172654969, "params": {"C": 11.312764541407569, "gamma": 0.03613942727065431}, "datetime": {"datetime": "2021-06-28 15:26:44", "elapsed": 66.946934, "delta": 0.697665}}
{"target": -29.628168922399478, "params": {"C": 10.610799957276267, "gamma": 0.03687511124236381}, "datetime": {"datetime": "2021-06-28 15:26:45", "elapsed": 67.665038, "delta": 0.718104}}
{"target": -26.964386040712423, "params": {"C": 36.34702783070968, "gamma": 0.07728298080829146}, "datetime": {"datetime": "2021-06-28 15:26:46", "elapsed": 68.335055, "delta": 0.670017}}
{"target": -30.758186199279358, "params": {"C": 11.160060459600862, "gamma": 0.06188603748696544}, "datetime": {"datetime": "2021-06-28 15:26:47", "elapsed": 69.203293, "delta": 0.868238}}
{"target": -32.218737452175766, "params": {"C": 11.88810596025091, "gamma": 0.1025259039651064}, "datetime": {"datetime": "2021-06-28 15:26:48", "elapsed": 70.17215, "delta": 0.968857}}
{"target": -30.637569461047175, "params": {"C": 11.188674513606891, "gamma": 0.05966014707817899}, "datetime": {"datetime": "2021-06-28 15:26:49", "elapsed": 71.022152, "delta": 0.850002}}
{"target": -28.747806231121263, "params": {"C": 11.343075643951982, "gamma": 0.02313670716056375}, "datetime": {"datetime": "2021-06-28 15:26:49", "elapsed": 71.833359, "delta": 0.811207}}
{"target": -30.5864101351373, "params": {"C": 36.278594000186075, "gamma": 0.1932856802586527}, "datetime": {"datetime": "2021-06-28 15:26:50", "elapsed": 72.756359, "delta": 0.923}}
{"target": -31.903294384471813, "params": {"C": 11.803928277477494, "gamma": 0.09312797404209956}, "datetime": {"datetime": "2021-06-28 15:26:51", "elapsed": 73.439361, "delta": 0.683002}}
{"target": -28.2758341652173, "params": {"C": 36.2691515859276, "gamma": 0.10950200121288955}, "datetime": {"datetime": "2021-06-28 15:26:52", "elapsed": 74.200259, "delta": 0.760898}}
{"target": -41.02511709686943, "params": {"C": 38.604055042058086, "gamma": 8.648461714852901}, "datetime": {"datetime": "2021-06-28 15:26:52", "elapsed": 74.846256, "delta": 0.645997}}
{"target": -32.314882376428606, "params": {"C": 11.20386773524114, "gamma": 0.09897434337275003}, "datetime": {"datetime": "2021-06-28 15:26:53", "elapsed": 75.719572, "delta": 0.873316}}
{"target": -32.92250486243475, "params": {"C": 10.539477236015099, "gamma": 0.11009683148657948}, "datetime": {"datetime": "2021-06-28 15:26:54", "elapsed": 76.433323, "delta": 0.713751}}
{"target": -29.06705667330889, "params": {"C": 11.053923308881899, "gamma": 0.028794644905655708}, "datetime": {"datetime": "2021-06-28 15:26:55", "elapsed": 77.194326, "delta": 0.761003}}
{"target": -30.067270208515573, "params": {"C": 10.52420858362725, "gamma": 0.044400080895044984}, "datetime": {"datetime": "2021-06-28 15:26:56", "elapsed": 78.044274, "delta": 0.849948}}
{"target": -27.03997898810989, "params": {"C": 36.398456326547716, "gamma": 0.07909665394168465}, "datetime": {"datetime": "2021-06-28 15:26:57", "elapsed": 79.024857, "delta": 0.980583}}
{"target": -28.604538133269603, "params": {"C": 11.634713041053226, "gamma": 0.014411119887019902}, "datetime": {"datetime": "2021-06-28 15:26:57", "elapsed": 79.906393, "delta": 0.881536}}
{"target": -31.771773066843977, "params": {"C": 10.629171137336082, "gamma": 0.07995467768490411}, "datetime": {"datetime": "2021-06-28 15:26:58", "elapsed": 80.946038, "delta": 1.039645}}
{"target": -32.13165995894228, "params": {"C": 10.997708553958404, "gamma": 0.09212923424937479}, "datetime": {"datetime": "2021-06-28 15:26:59", "elapsed": 81.705344, "delta": 0.759306}}
{"target": -31.052572824952705, "params": {"C": 36.28845142718619, "gamma": 0.21648439085011398}, "datetime": {"datetime": "2021-06-28 15:27:00", "elapsed": 82.61389, "delta": 0.908546}}
{"target": -25.719070067592998, "params": {"C": 36.05994242917769, "gamma": 0.007024336065713025}, "datetime": {"datetime": "2021-06-28 15:27:01", "elapsed": 83.503893, "delta": 0.890003}}
{"target": -29.50106711667997, "params": {"C": 35.783937979348565, "gamma": 0.1465653194095952}, "datetime": {"datetime": "2021-06-28 15:27:02", "elapsed": 84.322216, "delta": 0.818323}}
{"target": -32.2342908039155, "params": {"C": 10.528568420645955, "gamma": 0.09052685861949165}, "datetime": {"datetime": "2021-06-28 15:27:03", "elapsed": 85.193884, "delta": 0.871668}}
{"target": -25.513216437509424, "params": {"C": 36.10189501195404, "gamma": 0.046463104937221965}, "datetime": {"datetime": "2021-06-28 15:27:04", "elapsed": 86.060781, "delta": 0.866897}}
{"target": -40.97749272624703, "params": {"C": 34.29073116539332, "gamma": 7.205934813597328}, "datetime": {"datetime": "2021-06-28 15:27:04", "elapsed": 86.720545, "delta": 0.659764}}
{"target": -29.059040348013593, "params": {"C": 11.709810312844686, "gamma": 0.03304739242324825}, "datetime": {"datetime": "2021-06-28 15:27:05", "elapsed": 87.767206, "delta": 1.046661}}
{"target": -33.43324493072222, "params": {"C": 11.40703530372142, "gamma": 0.13742634456971947}, "datetime": {"datetime": "2021-06-28 15:27:06", "elapsed": 88.55735, "delta": 0.790144}}
{"target": -29.201813199937988, "params": {"C": 11.08653833360067, "gamma": 0.03182992341256875}, "datetime": {"datetime": "2021-06-28 15:27:07", "elapsed": 89.379986, "delta": 0.822636}}
{"target": -29.546654530776607, "params": {"C": 35.77460183228401, "gamma": 0.1481769763786563}, "datetime": {"datetime": "2021-06-28 15:27:08", "elapsed": 90.221444, "delta": 0.841458}}
{"target": -26.096531202549507, "params": {"C": 36.0951534900036, "gamma": 0.05830595974829701}, "datetime": {"datetime": "2021-06-28 15:27:09", "elapsed": 91.223445, "delta": 1.002001}}
{"target": -33.11117918568931, "params": {"C": 11.778004087427343, "gamma": 0.1299017024024979}, "datetime": {"datetime": "2021-06-28 15:27:09", "elapsed": 91.936935, "delta": 0.71349}}
{"target": -27.34213906203435, "params": {"C": 36.3752906594491, "gamma": 0.0859943010343973}, "datetime": {"datetime": "2021-06-28 15:27:10", "elapsed": 92.674937, "delta": 0.738002}}
{"target": -27.777774462222272, "params": {"C": 36.38005990753818, "gamma": 0.09662610567177118}, "datetime": {"datetime": "2021-06-28 15:27:11", "elapsed": 93.655948, "delta": 0.981011}}
{"target": -28.726965931861987, "params": {"C": 11.440165756468025, "gamma": 0.023459533034173925}, "datetime": {"datetime": "2021-06-28 15:27:12", "elapsed": 94.652385, "delta": 0.996437}}
{"target": -27.078125896348855, "params": {"C": 36.29246215849826, "gamma": 0.07970755976137531}, "datetime": {"datetime": "2021-06-28 15:27:13", "elapsed": 95.432009, "delta": 0.779624}}
{"target": -41.298334538300814, "params": {"C": 4.397134222849066, "gamma": 4.235685618961363}, "datetime": {"datetime": "2021-06-28 15:27:14", "elapsed": 96.139435, "delta": 0.707426}}
{"target": -31.24083376638544, "params": {"C": 11.435492394165408, "gamma": 0.07412393276881814}, "datetime": {"datetime": "2021-06-28 15:27:14", "elapsed": 96.949084, "delta": 0.809649}}
{"target": -27.282439783534812, "params": {"C": 35.71923666152098, "gamma": 0.08299490195905328}, "datetime": {"datetime": "2021-06-28 15:27:15", "elapsed": 97.849052, "delta": 0.899968}}
{"target": -30.704036005589302, "params": {"C": 36.26467819678075, "gamma": 0.1988275811784511}, "datetime": {"datetime": "2021-06-28 15:27:16", "elapsed": 98.699052, "delta": 0.85}}
{"target": -29.43687112126528, "params": {"C": 35.75455979639835, "gamma": 0.14417260984556413}, "datetime": {"datetime": "2021-06-28 15:27:17", "elapsed": 99.43795, "delta": 0.738898}}
{"target": -24.79429097981071, "params": {"C": 36.269206723907395, "gamma": 0.03063624512684453}, "datetime": {"datetime": "2021-06-28 15:27:18", "elapsed": 100.624764, "delta": 1.186814}}
{"target": -31.87753255118092, "params": {"C": 10.486617740789404, "gamma": 0.08125513034722125}, "datetime": {"datetime": "2021-06-28 15:27:19", "elapsed": 101.635401, "delta": 1.010637}}
{"target": -25.695524594392566, "params": {"C": 36.31297498724235, "gamma": 0.050621927487103376}, "datetime": {"datetime": "2021-06-28 15:27:20", "elapsed": 102.574301, "delta": 0.9389}}
{"target": -28.913080891227317, "params": {"C": 11.662279268616892, "gamma": 0.029755495285158307}, "datetime": {"datetime": "2021-06-28 15:27:21", "elapsed": 103.529869, "delta": 0.955568}}
{"target": -24.636705477743146, "params": {"C": 36.3678846992238, "gamma": 0.02567830021934732}, "datetime": {"datetime": "2021-06-28 15:27:22", "elapsed": 104.419401, "delta": 0.889532}}
{"target": -27.45031254885249, "params": {"C": 36.15157424662196, "gamma": 0.0880036984616968}, "datetime": {"datetime": "2021-06-28 15:27:23", "elapsed": 105.286451, "delta": 0.86705}}
{"target": -31.19086560213018, "params": {"C": 10.645811762293105, "gamma": 0.004234660674053786}, "datetime": {"datetime": "2021-06-28 15:27:24", "elapsed": 106.055267, "delta": 0.768816}}
{"target": -29.047292301423177, "params": {"C": 11.030625160645434, "gamma": 0.028186701325350515}, "datetime": {"datetime": "2021-06-28 15:27:24", "elapsed": 106.943086, "delta": 0.887819}}
{"target": -28.60336082683747, "params": {"C": 11.656860801829561, "gamma": 0.021545241427377324}, "datetime": {"datetime": "2021-06-28 15:27:25", "elapsed": 107.768096, "delta": 0.82501}}
{"target": -41.00692098200666, "params": {"C": 37.79669829078376, "gamma": 8.020585915325494}, "datetime": {"datetime": "2021-06-28 15:27:26", "elapsed": 108.449411, "delta": 0.681315}}
{"target": -25.275616733494722, "params": {"C": 36.39624755893679, "gamma": 0.009034110188903512}, "datetime": {"datetime": "2021-06-28 15:27:27", "elapsed": 109.371026, "delta": 0.921615}}
{"target": -26.949887621978537, "params": {"C": 36.14393886974366, "gamma": 0.07648720639726297}, "datetime": {"datetime": "2021-06-28 15:27:28", "elapsed": 110.157458, "delta": 0.786432}}
{"target": -37.23158730421618, "params": {"C": 90.60873444957423, "gamma": 1.2293272650284957}, "datetime": {"datetime": "2021-06-28 15:27:28", "elapsed": 110.883455, "delta": 0.725997}}
{"target": -25.17682058877579, "params": {"C": 35.70773233678948, "gamma": 0.03851829657890958}, "datetime": {"datetime": "2021-06-28 15:27:29", "elapsed": 111.99642, "delta": 1.112965}}
{"target": -29.2231970295175, "params": {"C": 36.285178974014336, "gamma": 0.13861253782754265}, "datetime": {"datetime": "2021-06-28 15:27:30", "elapsed": 112.91242, "delta": 0.916}}
{"target": -25.641429427901613, "params": {"C": 36.301258843077775, "gamma": 0.04949898452646437}, "datetime": {"datetime": "2021-06-28 15:27:31", "elapsed": 113.878026, "delta": 0.965606}}
{"target": -31.490393796337912, "params": {"C": 35.66959544273298, "gamma": 0.23724492840240888}, "datetime": {"datetime": "2021-06-28 15:27:32", "elapsed": 114.917915, "delta": 1.039889}}
{"target": -29.79079332727345, "params": {"C": 35.83841411380917, "gamma": 0.15754255791457977}, "datetime": {"datetime": "2021-06-28 15:27:33", "elapsed": 115.833339, "delta": 0.915424}}
{"target": -41.18951292655672, "params": {"C": 77.93152136890644, "gamma": 7.358424038543375}, "datetime": {"datetime": "2021-06-28 15:27:34", "elapsed": 116.587859, "delta": 0.75452}}
{"target": -41.0085393587636, "params": {"C": 62.181836227184185, "gamma": 6.279553198369448}, "datetime": {"datetime": "2021-06-28 15:27:35", "elapsed": 117.322864, "delta": 0.735005}}
{"target": -38.744965752519306, "params": {"C": 57.55668566778192, "gamma": 1.5664020594580979}, "datetime": {"datetime": "2021-06-28 15:27:36", "elapsed": 118.069607, "delta": 0.746743}}
{"target": -25.980271685811108, "params": {"C": 35.97720431566884, "gamma": 0.055684915164718456}, "datetime": {"datetime": "2021-06-28 15:27:37", "elapsed": 119.090606, "delta": 1.020999}}
{"target": -29.761435918602093, "params": {"C": 11.347120779684156, "gamma": 0.04402091879756936}, "datetime": {"datetime": "2021-06-28 15:27:38", "elapsed": 120.345616, "delta": 1.25501}}
{"target": -24.71413195473237, "params": {"C": 36.352904407336695, "gamma": 0.028480764912732996}, "datetime": {"datetime": "2021-06-28 15:27:39", "elapsed": 121.418614, "delta": 1.072998}}
{"target": -29.777541305733745, "params": {"C": 11.640257970315966, "gamma": 0.04610590932416344}, "datetime": {"datetime": "2021-06-28 15:27:40", "elapsed": 122.521615, "delta": 1.103001}}
{"target": -27.813988726643597, "params": {"C": 36.3173559091763, "gamma": 0.09737998345726183}, "datetime": {"datetime": "2021-06-28 15:27:41", "elapsed": 123.582611, "delta": 1.060996}}
{"target": -29.670842661815776, "params": {"C": 36.289517361114285, "gamma": 0.1546731178179644}, "datetime": {"datetime": "2021-06-28 15:27:42", "elapsed": 124.513608, "delta": 0.930997}}
{"target": -29.778394735280063, "params": {"C": 10.71678424939476, "gamma": 0.04035296169400933}, "datetime": {"datetime": "2021-06-28 15:27:43", "elapsed": 125.867609, "delta": 1.354001}}
{"target": -28.68154446521478, "params": {"C": 11.254425489778058, "gamma": 0.016422727512341945}, "datetime": {"datetime": "2021-06-28 15:27:45", "elapsed": 127.165609, "delta": 1.298}}
{"target": -24.823580708942085, "params": {"C": 36.28490336891224, "gamma": 0.013006918925398521}, "datetime": {"datetime": "2021-06-28 15:27:46", "elapsed": 128.13461, "delta": 0.969001}}
{"target": -28.25565137082177, "params": {"C": 35.95789398757275, "gamma": 0.10806019156206347}, "datetime": {"datetime": "2021-06-28 15:27:47", "elapsed": 129.111605, "delta": 0.976995}}
{"target": -26.515532153458572, "params": {"C": 35.91834512826142, "gamma": 0.06659735089988096}, "datetime": {"datetime": "2021-06-28 15:27:48", "elapsed": 130.085608, "delta": 0.974003}}
{"target": -29.398795129035644, "params": {"C": 10.583307709738214, "gamma": 0.03229838373584984}, "datetime": {"datetime": "2021-06-28 15:27:49", "elapsed": 131.197612, "delta": 1.112004}}
{"target": -29.70664698375819, "params": {"C": 50.67973419542995, "gamma": 0.20567689473820558}, "datetime": {"datetime": "2021-06-28 15:27:49", "elapsed": 131.990616, "delta": 0.793004}}
{"target": -41.15316816064657, "params": {"C": 10.173603955578212, "gamma": 5.806065664864209}, "datetime": {"datetime": "2021-06-28 15:27:50", "elapsed": 132.795609, "delta": 0.804993}}
{"target": -24.679558732245862, "params": {"C": 36.0485931073399, "gamma": 0.01602059948441561}, "datetime": {"datetime": "2021-06-28 15:27:51", "elapsed": 133.832609, "delta": 1.037}}
{"target": -24.674038265930175, "params": {"C": 35.69960207593752, "gamma": 0.02430717594542017}, "datetime": {"datetime": "2021-06-28 15:27:52", "elapsed": 134.932607, "delta": 1.099998}}
{"target": -39.97094315169426, "params": {"C": 44.270882643814595, "gamma": 2.338902521856828}, "datetime": {"datetime": "2021-06-28 15:27:53", "elapsed": 135.774154, "delta": 0.841547}}
{"target": -26.546429336285854, "params": {"C": 36.030657480258874, "gamma": 0.06749997463007018}, "datetime": {"datetime": "2021-06-28 15:27:55", "elapsed": 137.112147, "delta": 1.337993}}
{"target": -28.759670070430666, "params": {"C": 11.083603904478224, "gamma": 0.0203031550233001}, "datetime": {"datetime": "2021-06-28 15:27:56", "elapsed": 138.133149, "delta": 1.021002}}
{"target": -40.97389257662021, "params": {"C": 40.00691575379724, "gamma": 7.0200498039313945}, "datetime": {"datetime": "2021-06-28 15:27:56", "elapsed": 138.949148, "delta": 0.815999}}
{"target": -31.445608335115942, "params": {"C": 10.713791225273933, "gamma": 0.07316496075020944}, "datetime": {"datetime": "2021-06-28 15:27:58", "elapsed": 140.03315, "delta": 1.084002}}
{"target": -29.28175361379689, "params": {"C": 11.076440455010902, "gamma": 0.03334396995074432}, "datetime": {"datetime": "2021-06-28 15:27:59", "elapsed": 141.060148, "delta": 1.026998}}
{"target": -29.255037760338176, "params": {"C": 10.731941460987938, "gamma": 0.03044856438910537}, "datetime": {"datetime": "2021-06-28 15:28:00", "elapsed": 142.11815, "delta": 1.058002}}
{"target": -26.417765790455512, "params": {"C": 36.21325676470037, "gamma": 0.06519833460745668}, "datetime": {"datetime": "2021-06-28 15:28:01", "elapsed": 143.678148, "delta": 1.559998}}
{"target": -30.077729044832118, "params": {"C": 35.62030011293244, "gamma": 0.16809014945470813}, "datetime": {"datetime": "2021-06-28 15:28:03", "elapsed": 145.147148, "delta": 1.469}}
{"target": -27.503559801924478, "params": {"C": 35.690338943193694, "gamma": 0.08811518602764538}, "datetime": {"datetime": "2021-06-28 15:28:04", "elapsed": 146.509149, "delta": 1.362001}}
