{"target": -10.169416936487599, "params": {"C": 8135.5858488059, "gamma": 0.03228759588845805}, "datetime": {"datetime": "2021-06-22 08:57:13", "elapsed": 1225.302889, "delta": 6.604498}}
{"target": -10.073864819417206, "params": {"C": 9111.330805483538, "gamma": 0.03887149700826471}, "datetime": {"datetime": "2021-06-22 08:57:20", "elapsed": 1231.776969, "delta": 6.47408}}
{"target": -10.331658391226222, "params": {"C": 12209.598997303208, "gamma": 0.020234923914228143}, "datetime": {"datetime": "2021-06-22 08:57:27", "elapsed": 1239.086906, "delta": 7.309937}}
{"target": -9.994596269750943, "params": {"C": 12191.628835723575, "gamma": 0.033069228400853315}, "datetime": {"datetime": "2021-06-22 08:57:37", "elapsed": 1248.731731, "delta": 9.644825}}
{"target": -10.172845402690822, "params": {"C": 9982.500137308434, "gamma": 0.027909629252212277}, "datetime": {"datetime": "2021-06-22 08:57:43", "elapsed": 1255.14548, "delta": 6.413749}}
{"target": -10.669908816341566, "params": {"C": 11232.131669867147, "gamma": 0.011543605128769886}, "datetime": {"datetime": "2021-06-22 08:57:49", "elapsed": 1260.683994, "delta": 5.538514}}
{"target": -9.984160239372644, "params": {"C": 11217.163374133283, "gamma": 0.043085885448825}, "datetime": {"datetime": "2021-06-22 08:57:55", "elapsed": 1267.184446, "delta": 6.500452}}
{"target": -10.583924734615827, "params": {"C": 15777.885100678963, "gamma": 0.011846959604380404}, "datetime": {"datetime": "2021-06-22 08:58:03", "elapsed": 1274.85275, "delta": 7.668304}}
{"target": -10.40455523806794, "params": {"C": 10698.64399744182, "gamma": 0.01933745826215405}, "datetime": {"datetime": "2021-06-22 08:58:12", "elapsed": 1283.981569, "delta": 9.128819}}
{"target": -10.237377803449254, "params": {"C": 8226.754606552156, "gamma": 0.057576748773534685}, "datetime": {"datetime": "2021-06-22 08:58:18", "elapsed": 1289.600623, "delta": 5.619054}}
{"target": -10.167827272118958, "params": {"C": 11536.109582003011, "gamma": 0.02593269490081481}, "datetime": {"datetime": "2021-06-22 08:58:22", "elapsed": 1294.104657, "delta": 4.504034}}
{"target": -10.20953785296435, "params": {"C": 12488.328191497454, "gamma": 0.05758593536755674}, "datetime": {"datetime": "2021-06-22 08:58:27", "elapsed": 1298.947018, "delta": 4.842361}}
{"target": -10.140845939819714, "params": {"C": 9537.946823573477, "gamma": 0.029977524721053868}, "datetime": {"datetime": "2021-06-22 08:58:35", "elapsed": 1307.518912, "delta": 8.571894}}
{"target": -10.157723387458722, "params": {"C": 14758.094704851792, "gamma": 0.055729720356928344}, "datetime": {"datetime": "2021-06-22 08:58:40", "elapsed": 1312.136059, "delta": 4.617147}}
{"target": -10.441152418544771, "params": {"C": 11360.970190153987, "gamma": 0.01774734648084766}, "datetime": {"datetime": "2021-06-22 08:58:46", "elapsed": 1318.501062, "delta": 6.365003}}
{"target": -10.013926258508826, "params": {"C": 11375.699194881918, "gamma": 0.047962099067304934}, "datetime": {"datetime": "2021-06-22 08:58:52", "elapsed": 1324.204044, "delta": 5.702982}}
{"target": -10.12531580157812, "params": {"C": 11325.771764284102, "gamma": 0.05479804529208145}, "datetime": {"datetime": "2021-06-22 08:58:57", "elapsed": 1328.574642, "delta": 4.370598}}
{"target": -10.238015394921513, "params": {"C": 8390.306196717767, "gamma": 0.028086939473064447}, "datetime": {"datetime": "2021-06-22 08:59:01", "elapsed": 1333.358687, "delta": 4.784045}}
{"target": -10.172651497253387, "params": {"C": 8642.481211627666, "gamma": 0.030506832860946007}, "datetime": {"datetime": "2021-06-22 08:59:06", "elapsed": 1338.348772, "delta": 4.990085}}
{"target": -10.609968201454906, "params": {"C": 12317.155277876554, "gamma": 0.012528709787115963}, "datetime": {"datetime": "2021-06-22 08:59:13", "elapsed": 1345.557706, "delta": 7.208934}}
{"target": -9.935706807329085, "params": {"C": 12335.897338606239, "gamma": 0.0397851914423784}, "datetime": {"datetime": "2021-06-22 08:59:18", "elapsed": 1350.179403, "delta": 4.621697}}
{"target": -10.586150988109548, "params": {"C": 9610.875645249951, "gamma": 0.014715284937776928}, "datetime": {"datetime": "2021-06-22 08:59:28", "elapsed": 1359.982857, "delta": 9.803454}}
{"target": -10.45507766048024, "params": {"C": 12556.347281345366, "gamma": 0.016561823289213323}, "datetime": {"datetime": "2021-06-22 08:59:35", "elapsed": 1367.358761, "delta": 7.375904}}
{"target": -9.894865273242045, "params": {"C": 14459.27171215744, "gamma": 0.04287498625654258}, "datetime": {"datetime": "2021-06-22 08:59:44", "elapsed": 1376.345652, "delta": 8.986891}}
{"target": -10.2604973234652, "params": {"C": 10440.790493768973, "gamma": 0.02392930587218515}, "datetime": {"datetime": "2021-06-22 08:59:51", "elapsed": 1382.819681, "delta": 6.474029}}
{"target": -10.037867759354944, "params": {"C": 11872.484964999694, "gamma": 0.05151739235710993}, "datetime": {"datetime": "2021-06-22 08:59:55", "elapsed": 1387.361244, "delta": 4.541563}}
{"target": -9.981298095571786, "params": {"C": 11954.419842546451, "gamma": 0.035370889025567676}, "datetime": {"datetime": "2021-06-22 09:00:00", "elapsed": 1391.88632, "delta": 4.525076}}
{"target": -10.0715430486269, "params": {"C": 9398.509497922038, "gamma": 0.04553086518756771}, "datetime": {"datetime": "2021-06-22 09:00:05", "elapsed": 1396.946681, "delta": 5.060361}}
{"target": -9.907373023416445, "params": {"C": 15562.550617257337, "gamma": 0.0318396566846969}, "datetime": {"datetime": "2021-06-22 09:00:12", "elapsed": 1403.916945, "delta": 6.970264}}
{"target": -10.2683393118373, "params": {"C": 12938.714766118279, "gamma": 0.059471046428627675}, "datetime": {"datetime": "2021-06-22 09:00:19", "elapsed": 1411.149855, "delta": 7.23291}}
{"target": -10.530411832891245, "params": {"C": 12952.326193363499, "gamma": 0.014310502866518554}, "datetime": {"datetime": "2021-06-22 09:00:25", "elapsed": 1416.583469, "delta": 5.433614}}
{"target": -9.90888112020409, "params": {"C": 14827.79005399092, "gamma": 0.033389183986326974}, "datetime": {"datetime": "2021-06-22 09:00:32", "elapsed": 1423.630581, "delta": 7.047112}}
{"target": -10.281232028617657, "params": {"C": 12049.500576946795, "gamma": 0.02172903869801793}, "datetime": {"datetime": "2021-06-22 09:00:37", "elapsed": 1429.028992, "delta": 5.398411}}
{"target": -10.339528765984445, "params": {"C": 10655.799352148679, "gamma": 0.021286788145275945}, "datetime": {"datetime": "2021-06-22 09:00:42", "elapsed": 1433.895401, "delta": 4.866409}}
{"target": -10.262598810338039, "params": {"C": 10904.987919976937, "gamma": 0.023345955618184935}, "datetime": {"datetime": "2021-06-22 09:00:52", "elapsed": 1443.705419, "delta": 9.810018}}
{"target": -10.234387156170293, "params": {"C": 10922.60620790239, "gamma": 0.05854755940266035}, "datetime": {"datetime": "2021-06-22 09:01:02", "elapsed": 1453.871059, "delta": 10.16564}}
{"target": -9.888841474208933, "params": {"C": 14137.960145716457, "gamma": 0.040278026296401856}, "datetime": {"datetime": "2021-06-22 09:01:09", "elapsed": 1460.913494, "delta": 7.042435}}
{"target": -9.98194325478817, "params": {"C": 11182.456315858431, "gamma": 0.03884149199212921}, "datetime": {"datetime": "2021-06-22 09:01:17", "elapsed": 1469.11563, "delta": 8.202136}}
{"target": -10.202979064350783, "params": {"C": 13388.332984295192, "gamma": 0.022963120142701906}, "datetime": {"datetime": "2021-06-22 09:01:22", "elapsed": 1474.411833, "delta": 5.296203}}
{"target": -9.845139039821733, "params": {"C": 15802.001039610228, "gamma": 0.03874892760106004}, "datetime": {"datetime": "2021-06-22 09:01:30", "elapsed": 1482.12873, "delta": 7.716897}}
{"target": -10.140668730068631, "params": {"C": 11817.10922639593, "gamma": 0.026532754819843726}, "datetime": {"datetime": "2021-06-22 09:01:35", "elapsed": 1486.900467, "delta": 4.771737}}
{"target": -9.866151589364058, "params": {"C": 22672.293777441653, "gamma": 0.04573654916555006}, "datetime": {"datetime": "2021-06-22 09:02:22", "elapsed": 0.0, "delta": 0.0}}
{"target": -10.089579506644906, "params": {"C": 16001.730008515, "gamma": 0.024418961204223828}, "datetime": {"datetime": "2021-06-22 09:02:22", "elapsed": 0.19508, "delta": 0.19508}}
{"target": -10.469058782137305, "params": {"C": 18348.00892866289, "gamma": 0.013709268333208686}, "datetime": {"datetime": "2021-06-22 09:02:23", "elapsed": 0.410945, "delta": 0.215865}}
{"target": -9.946429136967582, "params": {"C": 18980.082008063873, "gamma": 0.026623597079195434}, "datetime": {"datetime": "2021-06-22 09:02:23", "elapsed": 0.611554, "delta": 0.200609}}
{"target": -9.720367717206459, "params": {"C": 22348.219264438143, "gamma": 0.0364796534341712}, "datetime": {"datetime": "2021-06-22 09:02:23", "elapsed": 0.796496, "delta": 0.184942}}
{"target": -9.814762863427244, "params": {"C": 22707.054149904157, "gamma": 0.04394619452023473}, "datetime": {"datetime": "2021-06-22 09:02:23", "elapsed": 0.996975, "delta": 0.200479}}
{"target": -10.103818530124622, "params": {"C": 19271.15644092925, "gamma": 0.05378398925593821}, "datetime": {"datetime": "2021-06-22 09:02:23", "elapsed": 1.197123, "delta": 0.200148}}
{"target": -9.860816496921034, "params": {"C": 16438.10422992614, "gamma": 0.04319384301909851}, "datetime": {"datetime": "2021-06-22 09:02:23", "elapsed": 1.381759, "delta": 0.184636}}
{"target": -9.7215749855019, "params": {"C": 22676.81856835427, "gamma": 0.03749318125073333}, "datetime": {"datetime": "2021-06-22 09:02:24", "elapsed": 1.579845, "delta": 0.198086}}
{"target": -10.232790071331275, "params": {"C": 18246.1050562176, "gamma": 0.019103175943328818}, "datetime": {"datetime": "2021-06-22 09:02:24", "elapsed": 1.760834, "delta": 0.180989}}
{"target": -10.380124448423848, "params": {"C": 28811.893173265453, "gamma": 0.05838134036168927}, "datetime": {"datetime": "2021-06-22 09:02:24", "elapsed": 1.940281, "delta": 0.179447}}
{"target": -9.829149599046232, "params": {"C": 21014.7181929657, "gamma": 0.044308453399135014}, "datetime": {"datetime": "2021-06-22 09:02:24", "elapsed": 2.130768, "delta": 0.190487}}
{"target": -10.222477498139451, "params": {"C": 30022.214075651842, "gamma": 0.054624939838696214}, "datetime": {"datetime": "2021-06-22 09:02:24", "elapsed": 2.315731, "delta": 0.184963}}
{"target": -10.599652434761978, "params": {"C": 17360.615886337582, "gamma": 0.010991793944877}, "datetime": {"datetime": "2021-06-22 09:02:25", "elapsed": 2.500702, "delta": 0.184971}}
{"target": -10.101429776274474, "params": {"C": 18717.20369607506, "gamma": 0.05378526767490007}, "datetime": {"datetime": "2021-06-22 09:02:25", "elapsed": 2.685634, "delta": 0.184932}}
{"target": -9.884126730953255, "params": {"C": 17573.459176012184, "gamma": 0.03047648887525766}, "datetime": {"datetime": "2021-06-22 09:02:25", "elapsed": 2.886212, "delta": 0.200578}}
{"target": -9.60671945996115, "params": {"C": 31326.228271361048, "gamma": 0.03619142953362387}, "datetime": {"datetime": "2021-06-22 09:02:25", "elapsed": 3.086789, "delta": 0.200577}}
{"target": -9.837482713345597, "params": {"C": 27070.00301091897, "gamma": 0.02509129718130921}, "datetime": {"datetime": "2021-06-22 09:02:25", "elapsed": 3.280848, "delta": 0.194059}}
{"target": -10.065410561996183, "params": {"C": 26983.983492998108, "gamma": 0.05156590926676602}, "datetime": {"datetime": "2021-06-22 09:02:26", "elapsed": 3.465783, "delta": 0.184935}}
{"target": -9.91532764825725, "params": {"C": 16292.514266334803, "gamma": 0.04725736006219334}, "datetime": {"datetime": "2021-06-22 09:02:26", "elapsed": 3.650785, "delta": 0.185002}}
{"target": -9.920104432303827, "params": {"C": 31821.776308612803, "gamma": 0.04715644837337181}, "datetime": {"datetime": "2021-06-22 09:02:26", "elapsed": 3.83572, "delta": 0.184935}}
{"target": -9.969138033846328, "params": {"C": 20487.03191742969, "gamma": 0.049253245751025916}, "datetime": {"datetime": "2021-06-22 09:02:26", "elapsed": 4.036318, "delta": 0.200598}}
{"target": -9.853464278764502, "params": {"C": 17651.52642784293, "gamma": 0.03184256983497116}, "datetime": {"datetime": "2021-06-22 09:02:26", "elapsed": 4.231431, "delta": 0.195113}}
{"target": -9.846368289680525, "params": {"C": 30537.518909039838, "gamma": 0.02397432156705765}, "datetime": {"datetime": "2021-06-22 09:02:27", "elapsed": 4.437582, "delta": 0.206151}}
{"target": -10.351625101048805, "params": {"C": 20604.33419491544, "gamma": 0.01563145717803216}, "datetime": {"datetime": "2021-06-22 09:02:27", "elapsed": 4.622499, "delta": 0.184917}}
{"target": -9.86682364892246, "params": {"C": 16309.77326262054, "gamma": 0.04362061217993444}, "datetime": {"datetime": "2021-06-22 09:02:27", "elapsed": 4.834238, "delta": 0.211739}}
{"target": -10.078096426247674, "params": {"C": 19385.971018812546, "gamma": 0.022542879627983535}, "datetime": {"datetime": "2021-06-22 09:02:27", "elapsed": 5.023372, "delta": 0.189134}}
{"target": -10.491786810380702, "params": {"C": 23865.119705801342, "gamma": 0.011721489800971098}, "datetime": {"datetime": "2021-06-22 09:02:27", "elapsed": 5.224115, "delta": 0.200743}}
{"target": -10.235798392047792, "params": {"C": 25185.839099632758, "gamma": 0.016483157320196316}, "datetime": {"datetime": "2021-06-22 09:02:28", "elapsed": 5.408064, "delta": 0.183949}}
{"target": -9.82915639587353, "params": {"C": 25428.84752100624, "gamma": 0.04468767636106749}, "datetime": {"datetime": "2021-06-22 09:02:28", "elapsed": 5.608731, "delta": 0.200667}}
{"target": -9.890708067795934, "params": {"C": 17637.261094688096, "gamma": 0.030116855378797984}, "datetime": {"datetime": "2021-06-22 09:02:28", "elapsed": 5.809288, "delta": 0.200557}}
{"target": -9.693790606877608, "params": {"C": 27110.371963659694, "gamma": 0.030123142745872036}, "datetime": {"datetime": "2021-06-22 09:02:28", "elapsed": 5.994234, "delta": 0.184946}}
{"target": -9.824911995982516, "params": {"C": 16799.16033848329, "gamma": 0.036330716701691086}, "datetime": {"datetime": "2021-06-22 09:02:28", "elapsed": 6.188302, "delta": 0.194068}}
{"target": -9.654836068096353, "params": {"C": 26620.680702981143, "gamma": 0.03525934471497373}, "datetime": {"datetime": "2021-06-22 09:02:28", "elapsed": 6.373272, "delta": 0.18497}}
{"target": -9.651780220443932, "params": {"C": 31113.510555328612, "gamma": 0.03891430706560164}, "datetime": {"datetime": "2021-06-22 09:02:29", "elapsed": 6.55825, "delta": 0.184978}}
{"target": -9.946706067352167, "params": {"C": 31222.32478498094, "gamma": 0.02112457141897294}, "datetime": {"datetime": "2021-06-22 09:02:29", "elapsed": 6.93132, "delta": 0.37307}}
{"target": -10.395236178293818, "params": {"C": 31426.100369273412, "gamma": 0.05773925701590667}, "datetime": {"datetime": "2021-06-22 09:02:29", "elapsed": 7.269983, "delta": 0.338663}}
{"target": -10.279458760857398, "params": {"C": 31008.270786511574, "gamma": 0.05551810703634492}, "datetime": {"datetime": "2021-06-22 09:02:30", "elapsed": 7.633037, "delta": 0.363054}}
{"target": -10.52159319430885, "params": {"C": 26516.514505001243, "gamma": 0.010594236644077111}, "datetime": {"datetime": "2021-06-22 09:02:30", "elapsed": 7.971748, "delta": 0.338711}}
{"target": -9.653840562870956, "params": {"C": 26719.52910178485, "gamma": 0.03345932552118}, "datetime": {"datetime": "2021-06-22 09:02:30", "elapsed": 8.33523, "delta": 0.363482}}
{"target": -9.917910168637315, "params": {"C": 27224.46549061538, "gamma": 0.022637884270921046}, "datetime": {"datetime": "2021-06-22 09:02:31", "elapsed": 8.689549, "delta": 0.354319}}
{"target": -10.130239649827418, "params": {"C": 22234.69731923021, "gamma": 0.05415807927325335}, "datetime": {"datetime": "2021-06-22 09:02:31", "elapsed": 9.090818, "delta": 0.401269}}
{"target": -9.988018825068593, "params": {"C": 26826.43606500164, "gamma": 0.04940734252731518}, "datetime": {"datetime": "2021-06-22 09:02:32", "elapsed": 9.442271, "delta": 0.351453}}
{"target": -10.076099268207232, "params": {"C": 22453.366344260023, "gamma": 0.05251957673826485}, "datetime": {"datetime": "2021-06-22 09:02:32", "elapsed": 9.846948, "delta": 0.404677}}
{"target": -10.317449607887323, "params": {"C": 17789.38282947862, "gamma": 0.059950528643349196}, "datetime": {"datetime": "2021-06-22 09:02:32", "elapsed": 10.258666, "delta": 0.411718}}
{"target": -10.712515249262088, "params": {"C": 16670.873812260845, "gamma": 0.009}, "datetime": {"datetime": "2021-06-22 09:02:33", "elapsed": 10.633637, "delta": 0.374971}}
{"target": -10.296629824124249, "params": {"C": 16918.663714643004, "gamma": 0.05953602201309655}, "datetime": {"datetime": "2021-06-22 09:02:33", "elapsed": 11.019201, "delta": 0.385564}}
{"target": -10.26511021191967, "params": {"C": 25553.836371876772, "gamma": 0.056945441622023855}, "datetime": {"datetime": "2021-06-22 09:02:34", "elapsed": 11.420415, "delta": 0.401214}}
{"target": -9.758882392163638, "params": {"C": 21138.906558573366, "gamma": 0.032604664588636485}, "datetime": {"datetime": "2021-06-22 09:02:34", "elapsed": 11.837245, "delta": 0.41683}}
{"target": -9.757657118172174, "params": {"C": 21255.927730867246, "gamma": 0.03953512773718199}, "datetime": {"datetime": "2021-06-22 09:02:34", "elapsed": 12.300539, "delta": 0.463294}}
{"target": -10.025663728292534, "params": {"C": 21374.744289470535, "gamma": 0.022739474165111066}, "datetime": {"datetime": "2021-06-22 09:02:35", "elapsed": 12.623303, "delta": 0.322764}}
{"target": -9.912311534290327, "params": {"C": 30407.27973954224, "gamma": 0.022109933636344274}, "datetime": {"datetime": "2021-06-22 09:02:35", "elapsed": 13.02452, "delta": 0.401217}}
{"target": -9.972489434148631, "params": {"C": 20884.66995172309, "gamma": 0.049371141392738904}, "datetime": {"datetime": "2021-06-22 09:02:35", "elapsed": 13.387908, "delta": 0.363388}}
{"target": -10.070287607984763, "params": {"C": 30670.76486389139, "gamma": 0.018569312319045916}, "datetime": {"datetime": "2021-06-22 09:02:36", "elapsed": 13.725805, "delta": 0.337897}}
{"target": -9.73570114708387, "params": {"C": 31969.975650781314, "gamma": 0.042035818598331956}, "datetime": {"datetime": "2021-06-22 09:02:36", "elapsed": 14.111361, "delta": 0.385556}}
{"target": -9.701791757799494, "params": {"C": 30261.111335401096, "gamma": 0.04081762957174287}, "datetime": {"datetime": "2021-06-22 09:02:37", "elapsed": 14.482551, "delta": 0.37119}}
{"target": -10.154623281016125, "params": {"C": 20329.842220365328, "gamma": 0.05504954472168103}, "datetime": {"datetime": "2021-06-22 09:02:37", "elapsed": 14.868152, "delta": 0.385601}}
{"target": -9.705621737499962, "params": {"C": 27390.210115803573, "gamma": 0.040526877687413754}, "datetime": {"datetime": "2021-06-22 09:02:37", "elapsed": 15.307267, "delta": 0.439115}}
{"target": -10.4141524011895, "params": {"C": 27503.497470020586, "gamma": 0.012602831153908414}, "datetime": {"datetime": "2021-06-22 09:02:38", "elapsed": 15.670698, "delta": 0.363431}}
{"target": -9.692490471163758, "params": {"C": 30161.708515400547, "gamma": 0.04049536762301259}, "datetime": {"datetime": "2021-06-22 09:02:38", "elapsed": 16.136155, "delta": 0.465457}}
{"target": -10.19143961633095, "params": {"C": 31671.527656014034, "gamma": 0.016072469526966136}, "datetime": {"datetime": "2021-06-22 09:02:39", "elapsed": 16.517052, "delta": 0.380897}}
{"target": -9.924927289734113, "params": {"C": 24536.00487687034, "gamma": 0.023624917293689724}, "datetime": {"datetime": "2021-06-22 09:02:39", "elapsed": 16.887357, "delta": 0.370305}}
{"target": -10.12773616987516, "params": {"C": 24380.739199062948, "gamma": 0.019076622870105628}, "datetime": {"datetime": "2021-06-22 09:02:39", "elapsed": 17.325698, "delta": 0.438341}}
{"target": -10.621201614111678, "params": {"C": 24688.59010911006, "gamma": 0.009}, "datetime": {"datetime": "2021-06-22 09:02:40", "elapsed": 17.726358, "delta": 0.40066}}
{"target": -9.745473235923718, "params": {"C": 28159.507276930068, "gamma": 0.027359858550970097}, "datetime": {"datetime": "2021-06-22 09:02:40", "elapsed": 18.14318, "delta": 0.416822}}
{"target": -10.044362836403732, "params": {"C": 28277.220805099492, "gamma": 0.05083342697356236}, "datetime": {"datetime": "2021-06-22 09:02:41", "elapsed": 18.634254, "delta": 0.491074}}
{"target": -10.38691421387784, "params": {"C": 28041.21055118981, "gamma": 0.05880611543792387}, "datetime": {"datetime": "2021-06-22 09:02:41", "elapsed": 19.08096, "delta": 0.446706}}
{"target": -9.637042318056652, "params": {"C": 29423.333437087455, "gamma": 0.03731028437941091}, "datetime": {"datetime": "2021-06-22 09:02:42", "elapsed": 19.486123, "delta": 0.405163}}
{"target": -10.364610673292649, "params": {"C": 29317.311802624776, "gamma": 0.013272681503619186}, "datetime": {"datetime": "2021-06-22 09:02:42", "elapsed": 19.902268, "delta": 0.416145}}
{"target": -10.374266178866767, "params": {"C": 29526.936381409403, "gamma": 0.05800491062421711}, "datetime": {"datetime": "2021-06-22 09:02:42", "elapsed": 20.32256, "delta": 0.420292}}
{"target": -9.871725345532777, "params": {"C": 23298.469249510657, "gamma": 0.026100941599617775}, "datetime": {"datetime": "2021-06-22 09:02:43", "elapsed": 20.704645, "delta": 0.382085}}
{"target": -9.931419215855602, "params": {"C": 23161.39850363973, "gamma": 0.04799622849581339}, "datetime": {"datetime": "2021-06-22 09:02:43", "elapsed": 21.13189, "delta": 0.427245}}
{"target": -10.301898015364817, "params": {"C": 23438.81215053891, "gamma": 0.058416863150213605}, "datetime": {"datetime": "2021-06-22 09:02:44", "elapsed": 21.572634, "delta": 0.440744}}
{"target": -9.711175228438428, "params": {"C": 23013.07888130896, "gamma": 0.03666960851421698}, "datetime": {"datetime": "2021-06-22 09:02:44", "elapsed": 22.03334, "delta": 0.460706}}
{"target": -9.900786461727982, "params": {"C": 22905.864670555704, "gamma": 0.02536244091834483}, "datetime": {"datetime": "2021-06-22 09:02:45", "elapsed": 22.544926, "delta": 0.511586}}
