{"target": -11.326163748474883, "params": {"C": 3803.714364146154, "gamma": 0.009}, "datetime": {"datetime": "2021-06-22 07:41:50", "elapsed": 194.875517, "delta": 1.611276}}
{"target": -10.471821115794603, "params": {"C": 3954.8335455566407, "gamma": 0.03558217992583787}, "datetime": {"datetime": "2021-06-22 07:41:52", "elapsed": 196.336754, "delta": 1.461237}}
{"target": -10.540262836180618, "params": {"C": 3795.899765852241, "gamma": 0.028916588066027343}, "datetime": {"datetime": "2021-06-22 07:41:53", "elapsed": 197.776134, "delta": 1.43938}}
{"target": -10.559347217184056, "params": {"C": 3096.687298110873, "gamma": 0.05}, "datetime": {"datetime": "2021-06-22 07:41:55", "elapsed": 199.407067, "delta": 1.630933}}
{"target": -10.960473820861619, "params": {"C": 2047.5930088066275, "gamma": 0.02131938183976753}, "datetime": {"datetime": "2021-06-22 07:41:56", "elapsed": 200.623459, "delta": 1.216392}}
{"target": -10.798720767399361, "params": {"C": 2111.2083599579983, "gamma": 0.04299734883853392}, "datetime": {"datetime": "2021-06-22 07:41:57", "elapsed": 202.325477, "delta": 1.702018}}
{"target": -10.692037706711883, "params": {"C": 3391.384752365024, "gamma": 0.02260387823165621}, "datetime": {"datetime": "2021-06-22 07:41:59", "elapsed": 203.626907, "delta": 1.30143}}
{"target": -10.860690890614737, "params": {"C": 2468.978308058454, "gamma": 0.02115732034816175}, "datetime": {"datetime": "2021-06-22 07:42:01", "elapsed": 205.378548, "delta": 1.751641}}
{"target": -11.298593677164973, "params": {"C": 3680.743690107309, "gamma": 0.009427340094606837}, "datetime": {"datetime": "2021-06-22 07:42:02", "elapsed": 206.60356, "delta": 1.225012}}
{"target": -10.477717664345844, "params": {"C": 3668.7732562858882, "gamma": 0.04366824261111417}, "datetime": {"datetime": "2021-06-22 07:42:03", "elapsed": 207.847858, "delta": 1.244298}}
{"target": -11.044740774192501, "params": {"C": 2443.649164878262, "gamma": 0.016086678168962042}, "datetime": {"datetime": "2021-06-22 07:42:05", "elapsed": 209.616605, "delta": 1.768747}}
{"target": -10.816694106668093, "params": {"C": 2498.3009686344876, "gamma": 0.022954702574097097}, "datetime": {"datetime": "2021-06-22 07:42:06", "elapsed": 211.153763, "delta": 1.537158}}
{"target": -10.528198866932359, "params": {"C": 3416.2144875145377, "gamma": 0.03629313023430249}, "datetime": {"datetime": "2021-06-22 07:42:08", "elapsed": 212.481642, "delta": 1.327879}}
{"target": -10.598632867560069, "params": {"C": 3120.9374635041836, "gamma": 0.031202406643621783}, "datetime": {"datetime": "2021-06-22 07:42:09", "elapsed": 213.64299, "delta": 1.161348}}
{"target": -10.85332334214674, "params": {"C": 2621.4929275961367, "gamma": 0.02029344783053487}, "datetime": {"datetime": "2021-06-22 07:42:10", "elapsed": 215.196596, "delta": 1.553606}}
{"target": -10.960786553008939, "params": {"C": 2632.2223884387367, "gamma": 0.016973091030100078}, "datetime": {"datetime": "2021-06-22 07:42:12", "elapsed": 216.841424, "delta": 1.644828}}
{"target": -10.673470580810832, "params": {"C": 2610.608107906086, "gamma": 0.05}, "datetime": {"datetime": "2021-06-22 07:42:14", "elapsed": 218.528732, "delta": 1.687308}}
{"target": -10.870283482421495, "params": {"C": 3576.519890323611, "gamma": 0.015500775056348871}, "datetime": {"datetime": "2021-06-22 07:42:15", "elapsed": 220.061719, "delta": 1.532987}}
{"target": -11.398331351127082, "params": {"C": 3341.615740564444, "gamma": 0.009}, "datetime": {"datetime": "2021-06-22 07:42:17", "elapsed": 221.371367, "delta": 1.309648}}
{"target": -10.750805550455384, "params": {"C": 3350.7711694918275, "gamma": 0.02014391395294317}, "datetime": {"datetime": "2021-06-22 07:42:19", "elapsed": 223.562809, "delta": 2.191442}}
{"target": -10.617439316216164, "params": {"C": 3310.2502725284457, "gamma": 0.027355086113732247}, "datetime": {"datetime": "2021-06-22 07:42:20", "elapsed": 225.211305, "delta": 1.648496}}
{"target": -10.5217427234003, "params": {"C": 3330.5024984424945, "gamma": 0.049296586631914385}, "datetime": {"datetime": "2021-06-22 07:42:22", "elapsed": 226.689289, "delta": 1.477984}}
{"target": -10.842281777747361, "params": {"C": 3360.2571033501918, "gamma": 0.016970131297295455}, "datetime": {"datetime": "2021-06-22 07:42:23", "elapsed": 227.928567, "delta": 1.239278}}
{"target": -10.689956162656514, "params": {"C": 2693.698499195764, "gamma": 0.028699441728444935}, "datetime": {"datetime": "2021-06-22 07:42:24", "elapsed": 229.263135, "delta": 1.334568}}
{"target": -10.810101943182945, "params": {"C": 3242.6112157689445, "gamma": 0.01842393062095268}, "datetime": {"datetime": "2021-06-22 07:42:26", "elapsed": 230.777999, "delta": 1.514864}}
{"target": -10.71571994006975, "params": {"C": 3254.1577536638406, "gamma": 0.02231746817902589}, "datetime": {"datetime": "2021-06-22 07:42:27", "elapsed": 232.329622, "delta": 1.551623}}
{"target": -10.741088858271926, "params": {"C": 2300.3125725393475, "gamma": 0.03513322715958594}, "datetime": {"datetime": "2021-06-22 07:42:29", "elapsed": 233.660226, "delta": 1.330604}}
{"target": -11.49017907469126, "params": {"C": 2828.1860996656515, "gamma": 0.009}, "datetime": {"datetime": "2021-06-22 07:42:31", "elapsed": 235.395827, "delta": 1.735601}}
{"target": -10.768878823209208, "params": {"C": 2818.5769175697064, "gamma": 0.022741766394682787}, "datetime": {"datetime": "2021-06-22 07:42:32", "elapsed": 237.049543, "delta": 1.653716}}
{"target": -11.10491343280596, "params": {"C": 3299.947611305497, "gamma": 0.01215448746510979}, "datetime": {"datetime": "2021-06-22 07:42:33", "elapsed": 238.278131, "delta": 1.228588}}
{"target": -11.024051067710236, "params": {"C": 2071.656389452322, "gamma": 0.018942219676185666}, "datetime": {"datetime": "2021-06-22 07:42:35", "elapsed": 239.506656, "delta": 1.228525}}
{"target": -10.686609643847932, "params": {"C": 2486.8821025555862, "gamma": 0.03772849991331212}, "datetime": {"datetime": "2021-06-22 07:42:36", "elapsed": 240.898523, "delta": 1.391867}}
{"target": -10.605694789240031, "params": {"C": 3192.9015328692294, "gamma": 0.02922990705953197}, "datetime": {"datetime": "2021-06-22 07:42:38", "elapsed": 242.7073, "delta": 1.808777}}
{"target": -10.581734275614805, "params": {"C": 3141.9649802199306, "gamma": 0.03352745917106665}, "datetime": {"datetime": "2021-06-22 07:42:39", "elapsed": 243.907348, "delta": 1.200048}}
{"target": -10.595391153154447, "params": {"C": 2899.7039831226743, "gamma": 0.042692161275965194}, "datetime": {"datetime": "2021-06-22 07:42:40", "elapsed": 245.283502, "delta": 1.376154}}
{"target": -10.672232090833432, "params": {"C": 3055.4870119671796, "gamma": 0.02617146783744638}, "datetime": {"datetime": "2021-06-22 07:42:43", "elapsed": 247.513779, "delta": 2.230277}}
{"target": -10.460065545195514, "params": {"C": 3881.7036416873625, "gamma": 0.05}, "datetime": {"datetime": "2021-06-22 07:42:44", "elapsed": 248.670196, "delta": 1.156417}}
{"target": -10.525508642906615, "params": {"C": 3288.320566277178, "gamma": 0.04830261803218524}, "datetime": {"datetime": "2021-06-22 07:42:46", "elapsed": 250.339499, "delta": 1.669303}}
{"target": -10.466260497841692, "params": {"C": 3739.8394149791848, "gamma": 0.04728586175853453}, "datetime": {"datetime": "2021-06-22 07:42:47", "elapsed": 251.642846, "delta": 1.303347}}
{"target": -10.505260164929602, "params": {"C": 3556.5801606327777, "gamma": 0.0383468286733045}, "datetime": {"datetime": "2021-06-22 07:42:48", "elapsed": 253.252578, "delta": 1.609732}}
{"target": -10.697793975157643, "params": {"C": 3605.2411227122802, "gamma": 0.021124159876855477}, "datetime": {"datetime": "2021-06-22 07:42:50", "elapsed": 254.976545, "delta": 1.723967}}
{"target": -10.532550218015476, "params": {"C": 3613.3153199457506, "gamma": 0.03146763975328654}, "datetime": {"datetime": "2021-06-22 07:42:52", "elapsed": 256.782095, "delta": 1.80555}}
{"target": -10.438784649077187, "params": {"C": 3996.0071026811593, "gamma": 0.04292811828930288}, "datetime": {"datetime": "2021-06-22 07:42:54", "elapsed": 258.519005, "delta": 1.73691}}
{"target": -10.628559202170216, "params": {"C": 3935.2079876740104, "gamma": 0.023074837317875286}, "datetime": {"datetime": "2021-06-22 07:42:55", "elapsed": 260.103983, "delta": 1.584978}}
{"target": -10.597835922152443, "params": {"C": 3013.3613083267014, "gamma": 0.034299495173687765}, "datetime": {"datetime": "2021-06-22 07:42:57", "elapsed": 261.632757, "delta": 1.528774}}
{"target": -10.722663058642084, "params": {"C": 3183.2079180320097, "gamma": 0.022439938858666027}, "datetime": {"datetime": "2021-06-22 07:42:59", "elapsed": 263.467034, "delta": 1.834277}}
{"target": -10.513773431756391, "params": {"C": 3368.594462281019, "gamma": 0.04745733270357988}, "datetime": {"datetime": "2021-06-22 07:43:01", "elapsed": 265.33376, "delta": 1.866726}}
{"target": -10.762664352112745, "params": {"C": 2528.1358378074447, "gamma": 0.02577994178524798}, "datetime": {"datetime": "2021-06-22 07:43:02", "elapsed": 266.754819, "delta": 1.421059}}
{"target": -11.344233677856884, "params": {"C": 2788.883436733025, "gamma": 0.010549938247498135}, "datetime": {"datetime": "2021-06-22 07:43:04", "elapsed": 268.69569, "delta": 1.940871}}
{"target": -10.629540091209266, "params": {"C": 2780.2531034996655, "gamma": 0.03602793956448184}, "datetime": {"datetime": "2021-06-22 07:43:06", "elapsed": 270.387297, "delta": 1.691607}}
{"target": -10.615477111771465, "params": {"C": 2797.540779198998, "gamma": 0.03935813663158583}, "datetime": {"datetime": "2021-06-22 07:43:07", "elapsed": 272.038889, "delta": 1.651592}}
{"target": -10.931624696727397, "params": {"C": 2088.7746823021193, "gamma": 0.02204997530431008}, "datetime": {"datetime": "2021-06-22 07:43:09", "elapsed": 273.883592, "delta": 1.844703}}
{"target": -10.510983375545024, "params": {"C": 3406.2698298698115, "gamma": 0.04897177550971622}, "datetime": {"datetime": "2021-06-22 07:43:10", "elapsed": 275.293272, "delta": 1.40968}}
{"target": -10.77344033029958, "params": {"C": 2211.5975452641924, "gamma": 0.03244671880888616}, "datetime": {"datetime": "2021-06-22 07:43:13", "elapsed": 277.638581, "delta": 2.345309}}
{"target": -11.10827351196817, "params": {"C": 3763.568636034648, "gamma": 0.01122827515397447}, "datetime": {"datetime": "2021-06-22 07:43:15", "elapsed": 279.476982, "delta": 1.838401}}
{"target": -10.586186810103975, "params": {"C": 3771.926282244701, "gamma": 0.02621372249301091}, "datetime": {"datetime": "2021-06-22 07:43:16", "elapsed": 281.236238, "delta": 1.759256}}
{"target": -10.839413272081238, "params": {"C": 3756.473346579556, "gamma": 0.015723395818502156}, "datetime": {"datetime": "2021-06-22 07:43:18", "elapsed": 282.677288, "delta": 1.44105}}
{"target": -10.491422689648761, "params": {"C": 3748.8656656747603, "gamma": 0.036116647443432834}, "datetime": {"datetime": "2021-06-22 07:43:20", "elapsed": 284.390993, "delta": 1.713705}}
{"target": -10.944027606754178, "params": {"C": 2060.0580851042587, "gamma": 0.021855188955781497}, "datetime": {"datetime": "2021-06-22 07:43:22", "elapsed": 286.538632, "delta": 2.147639}}
{"target": -11.139067929693292, "params": {"C": 2311.7042840923787, "gamma": 0.014896955332004025}, "datetime": {"datetime": "2021-06-22 07:43:24", "elapsed": 288.643088, "delta": 2.104456}}
{"target": -11.021637504705266, "params": {"C": 3132.1820991728814, "gamma": 0.013839673863087971}, "datetime": {"datetime": "2021-06-22 07:43:26", "elapsed": 290.533683, "delta": 1.890595}}
{"target": -10.683245067720506, "params": {"C": 3642.718660879249, "gamma": 0.021614281388039773}, "datetime": {"datetime": "2021-06-22 07:43:28", "elapsed": 292.687679, "delta": 2.153996}}
{"target": -10.486367577619246, "params": {"C": 3650.94526444288, "gamma": 0.04087425325439763}, "datetime": {"datetime": "2021-06-22 07:43:29", "elapsed": 294.115875, "delta": 1.428196}}
{"target": -10.5805563042544, "params": {"C": 2976.611605421691, "gamma": 0.04645577207463334}, "datetime": {"datetime": "2021-06-22 07:43:32", "elapsed": 296.393698, "delta": 2.277823}}
{"target": -10.714026682681405, "params": {"C": 3779.339406707596, "gamma": 0.01969273539346858}, "datetime": {"datetime": "2021-06-22 07:43:33", "elapsed": 298.07931, "delta": 1.685612}}
{"target": -10.473718041367198, "params": {"C": 3786.709393692645, "gamma": 0.03960197176361273}, "datetime": {"datetime": "2021-06-22 07:43:35", "elapsed": 299.799628, "delta": 1.720318}}
{"target": -11.1476729885799, "params": {"C": 3700.774721354115, "gamma": 0.010908276121682839}, "datetime": {"datetime": "2021-06-22 07:43:37", "elapsed": 301.49261, "delta": 1.692982}}
{"target": -10.472171481406138, "params": {"C": 3712.094592592646, "gamma": 0.04830695884031109}, "datetime": {"datetime": "2021-06-22 07:43:38", "elapsed": 302.880757, "delta": 1.388147}}
{"target": -10.560675380955313, "params": {"C": 3111.410562321373, "gamma": 0.04080888725160891}, "datetime": {"datetime": "2021-06-22 07:43:40", "elapsed": 304.393642, "delta": 1.512885}}
{"target": -10.55169967688319, "params": {"C": 3493.507549485833, "gamma": 0.030653702977268327}, "datetime": {"datetime": "2021-06-22 07:43:42", "elapsed": 306.610479, "delta": 2.216837}}
{"target": -10.676355724045813, "params": {"C": 2518.4016398390913, "gamma": 0.04095472123244786}, "datetime": {"datetime": "2021-06-22 07:43:43", "elapsed": 307.969275, "delta": 1.358796}}
{"target": -10.56088072747143, "params": {"C": 3634.6791854368958, "gamma": 0.028573293871229123}, "datetime": {"datetime": "2021-06-22 07:43:45", "elapsed": 309.332637, "delta": 1.363362}}
{"target": -10.619433922355123, "params": {"C": 3522.441784313655, "gamma": 0.02567206461663546}, "datetime": {"datetime": "2021-06-22 07:43:46", "elapsed": 311.184413, "delta": 1.851776}}
{"target": -11.37981013450239, "params": {"C": 2275.29431403024, "gamma": 0.011479580900862804}, "datetime": {"datetime": "2021-06-22 07:43:48", "elapsed": 312.875434, "delta": 1.691021}}
{"target": -10.83680650116194, "params": {"C": 2265.954848078231, "gamma": 0.02454111647396289}, "datetime": {"datetime": "2021-06-22 07:43:50", "elapsed": 314.982621, "delta": 2.107187}}
{"target": -10.767960697066323, "params": {"C": 2286.384943996004, "gamma": 0.05}, "datetime": {"datetime": "2021-06-22 07:43:52", "elapsed": 316.532152, "delta": 1.549531}}
{"target": -10.965389554496943, "params": {"C": 2537.931340742354, "gamma": 0.01736239221990428}, "datetime": {"datetime": "2021-06-22 07:43:53", "elapsed": 318.288412, "delta": 1.75626}}
{"target": -11.169907511284165, "params": {"C": 3942.903827263174, "gamma": 0.010297538043405654}, "datetime": {"datetime": "2021-06-22 07:43:56", "elapsed": 320.910168, "delta": 2.621756}}
{"target": -10.501459430473119, "params": {"C": 3951.1694644125428, "gamma": 0.030918995806826235}, "datetime": {"datetime": "2021-06-22 07:43:58", "elapsed": 322.727089, "delta": 1.816921}}
{"target": -10.565579321594603, "params": {"C": 3064.033182334793, "gamma": 0.043568712630964145}, "datetime": {"datetime": "2021-06-22 07:43:59", "elapsed": 324.295457, "delta": 1.568368}}
{"target": -10.483399538354012, "params": {"C": 3626.6262418857964, "gamma": 0.043563239759732794}, "datetime": {"datetime": "2021-06-22 07:44:02", "elapsed": 326.501312, "delta": 2.205855}}
{"target": -10.574439188135672, "params": {"C": 3035.9571212754627, "gamma": 0.04002040153139692}, "datetime": {"datetime": "2021-06-22 07:44:04", "elapsed": 328.504401, "delta": 2.003089}}
{"target": -10.612304168594216, "params": {"C": 3659.44411563581, "gamma": 0.025315505521695786}, "datetime": {"datetime": "2021-06-22 07:44:06", "elapsed": 330.800053, "delta": 2.295652}}
{"target": -10.68058494530592, "params": {"C": 3092.7935374775157, "gamma": 0.025357616875534977}, "datetime": {"datetime": "2021-06-22 07:44:08", "elapsed": 333.005933, "delta": 2.20588}}
{"target": -11.449640450770438, "params": {"C": 2201.1994459582115, "gamma": 0.01089230444915506}, "datetime": {"datetime": "2021-06-22 07:44:10", "elapsed": 334.697192, "delta": 1.691259}}
{"target": -10.77834887994225, "params": {"C": 2191.65204444545, "gamma": 0.032821687892381976}, "datetime": {"datetime": "2021-06-22 07:44:12", "elapsed": 336.519655, "delta": 1.822463}}
{"target": -10.509934175731166, "params": {"C": 3927.825641135647, "gamma": 0.030291868158830434}, "datetime": {"datetime": "2021-06-22 07:44:14", "elapsed": 339.106925, "delta": 2.58727}}
{"target": -10.636991320667562, "params": {"C": 2809.4553712096076, "gamma": 0.03322755605538855}, "datetime": {"datetime": "2021-06-22 07:44:16", "elapsed": 340.802306, "delta": 1.695381}}
{"target": -10.58860274686469, "params": {"C": 3567.7442280845407, "gamma": 0.02724978050641614}, "datetime": {"datetime": "2021-06-22 07:44:18", "elapsed": 342.510281, "delta": 1.707975}}
{"target": -10.506930506300813, "params": {"C": 3452.2588987342447, "gamma": 0.043252635770993274}, "datetime": {"datetime": "2021-06-22 07:44:19", "elapsed": 344.206954, "delta": 1.696673}}
{"target": -10.495021149735464, "params": {"C": 3535.242281220122, "gamma": 0.04898852694426596}, "datetime": {"datetime": "2021-06-22 07:44:21", "elapsed": 345.85119, "delta": 1.644236}}
{"target": -10.78312012296429, "params": {"C": 2221.690488366883, "gamma": 0.048686182066638654}, "datetime": {"datetime": "2021-06-22 07:44:23", "elapsed": 347.831016, "delta": 1.979826}}
{"target": -10.525155320364117, "params": {"C": 3318.871837733841, "gamma": 0.05}, "datetime": {"datetime": "2021-06-22 07:44:25", "elapsed": 349.783296, "delta": 1.95228}}
{"target": -11.002796884146564, "params": {"C": 2995.2028141299274, "gamma": 0.01460554786991133}, "datetime": {"datetime": "2021-06-22 07:44:27", "elapsed": 351.498315, "delta": 1.715019}}
{"target": -10.65096183529585, "params": {"C": 2988.642382777006, "gamma": 0.02813352852818183}, "datetime": {"datetime": "2021-06-22 07:44:29", "elapsed": 354.16227, "delta": 2.663955}}
{"target": -10.440885119820893, "params": {"C": 3981.827835175317, "gamma": 0.042798154279297}, "datetime": {"datetime": "2021-06-22 07:44:32", "elapsed": 356.531011, "delta": 2.368741}}
{"target": -10.675780801904866, "params": {"C": 2771.396646831921, "gamma": 0.028795888754813953}, "datetime": {"datetime": "2021-06-22 07:44:35", "elapsed": 359.698302, "delta": 3.167291}}
{"target": -10.530633471262469, "params": {"C": 3279.044932135619, "gamma": 0.04308452211111457}, "datetime": {"datetime": "2021-06-22 07:44:37", "elapsed": 361.721133, "delta": 2.022831}}
{"target": -10.573155158310039, "params": {"C": 3919.464167706159, "gamma": 0.026188517176690344}, "datetime": {"datetime": "2021-06-22 07:44:39", "elapsed": 363.539908, "delta": 1.818775}}
{"target": -10.742004734710154, "params": {"C": 2326.6497255624413, "gamma": 0.03216566276823202}, "datetime": {"datetime": "2021-06-22 07:44:41", "elapsed": 365.779762, "delta": 2.239854}}
{"target": -10.64292479505557, "params": {"C": 2842.4116796348053, "gamma": 0.0312348085286467}, "datetime": {"datetime": "2021-06-22 07:44:43", "elapsed": 368.304099, "delta": 2.524337}}
{"target": -10.4574467981095, "params": {"C": 3866.7933392946325, "gamma": 0.04188067253644224}, "datetime": {"datetime": "2021-06-22 07:44:46", "elapsed": 370.544302, "delta": 2.240203}}
{"target": -11.000940953844655, "params": {"C": 3222.0216152718426, "gamma": 0.013913768270668803}, "datetime": {"datetime": "2021-06-22 07:44:48", "elapsed": 373.142036, "delta": 2.597734}}
{"target": -10.582349803477216, "params": {"C": 3234.624154103195, "gamma": 0.031164703965694804}, "datetime": {"datetime": "2021-06-22 07:44:51", "elapsed": 375.495856, "delta": 2.35382}}
{"target": -11.504428090429652, "params": {"C": 2754.50144992862, "gamma": 0.009}, "datetime": {"datetime": "2021-06-22 07:44:53", "elapsed": 377.412449, "delta": 1.916593}}
{"target": -10.701295697683607, "params": {"C": 2746.808951602338, "gamma": 0.02732126938544297}, "datetime": {"datetime": "2021-06-22 07:44:54", "elapsed": 379.243749, "delta": 1.8313}}
{"target": -10.633743736047792, "params": {"C": 2761.738959426719, "gamma": 0.05}, "datetime": {"datetime": "2021-06-22 07:44:56", "elapsed": 381.218392, "delta": 1.974643}}
{"target": -10.805409255044665, "params": {"C": 2099.370411096266, "gamma": 0.033304703724755}, "datetime": {"datetime": "2021-06-22 07:44:59", "elapsed": 383.62185, "delta": 2.403458}}
{"target": -10.811853181035174, "params": {"C": 2508.5266315547406, "gamma": 0.023122083099081855}, "datetime": {"datetime": "2021-06-22 07:45:01", "elapsed": 385.586272, "delta": 1.964422}}
{"target": -10.511117484439234, "params": {"C": 3482.129580187888, "gamma": 0.039384553944440494}, "datetime": {"datetime": "2021-06-22 07:45:03", "elapsed": 387.772081, "delta": 2.185809}}
{"target": -11.577775194270652, "params": {"C": 2351.531187238026, "gamma": 0.009186732657081106}, "datetime": {"datetime": "2021-06-22 07:45:07", "elapsed": 391.426481, "delta": 3.6544}}
{"target": -10.738420838095879, "params": {"C": 2343.497470950024, "gamma": 0.03189043086813399}, "datetime": {"datetime": "2021-06-22 07:45:09", "elapsed": 394.217363, "delta": 2.790882}}
{"target": -11.389755417302268, "params": {"C": 2359.723612515573, "gamma": 0.011115162963940772}, "datetime": {"datetime": "2021-06-22 07:45:13", "elapsed": 397.564859, "delta": 3.347496}}
{"target": -10.576539223990205, "params": {"C": 3046.973189067843, "gamma": 0.03801763808561949}, "datetime": {"datetime": "2021-06-22 07:45:16", "elapsed": 400.90346, "delta": 3.338601}}
{"target": -10.517379458422509, "params": {"C": 3731.6697510703607, "gamma": 0.03181178532081561}, "datetime": {"datetime": "2021-06-22 07:45:19", "elapsed": 403.402139, "delta": 2.498679}}
{"target": -10.611574974002624, "params": {"C": 2951.6101958644845, "gamma": 0.03354963746543548}, "datetime": {"datetime": "2021-06-22 07:45:21", "elapsed": 405.705673, "delta": 2.303534}}
