{"target": -10.349002899284951, "params": {"C": 36680.880188102965, "gamma": 0.04573654916555006}, "datetime": {"datetime": "2021-06-22 09:56:30", "elapsed": 0.0, "delta": 0.0}}
{"target": -10.457371666991985, "params": {"C": 20004.574992693797, "gamma": 0.024418961204223828}, "datetime": {"datetime": "2021-06-22 09:56:30", "elapsed": 0.200215, "delta": 0.200215}}
{"target": -10.861286432026313, "params": {"C": 25870.235632684522, "gamma": 0.013709268333208686}, "datetime": {"datetime": "2021-06-22 09:56:30", "elapsed": 0.431486, "delta": 0.231271}}
{"target": -10.450225937378265, "params": {"C": 27450.408455106837, "gamma": 0.026623597079195434}, "datetime": {"datetime": "2021-06-22 09:56:30", "elapsed": 0.616501, "delta": 0.185015}}
{"target": -10.236802378924967, "params": {"C": 35870.698969226796, "gamma": 0.0364796534341712}, "datetime": {"datetime": "2021-06-22 09:56:30", "elapsed": 0.828445, "delta": 0.211944}}
{"target": -10.301482365570266, "params": {"C": 36767.78057613179, "gamma": 0.04394619452023473}, "datetime": {"datetime": "2021-06-22 09:56:31", "elapsed": 1.060195, "delta": 0.23175}}
{"target": -10.35756785930317, "params": {"C": 28178.089989260698, "gamma": 0.05378398925593821}, "datetime": {"datetime": "2021-06-22 09:56:31", "elapsed": 1.293045, "delta": 0.23285}}
{"target": -10.099230397831676, "params": {"C": 21095.503727917046, "gamma": 0.04319384301909851}, "datetime": {"datetime": "2021-06-22 09:56:31", "elapsed": 1.487301, "delta": 0.194256}}
{"target": -10.227241316392575, "params": {"C": 36692.19209468508, "gamma": 0.03749318125073333}, "datetime": {"datetime": "2021-06-22 09:56:31", "elapsed": 1.751213, "delta": 0.263912}}
{"target": -10.67769254341743, "params": {"C": 25615.47754380935, "gamma": 0.019103175943328818}, "datetime": {"datetime": "2021-06-22 09:56:32", "elapsed": 1.94451, "delta": 0.193297}}
{"target": -10.969574359653274, "params": {"C": 52029.78274702147, "gamma": 0.05838134036168927}, "datetime": {"datetime": "2021-06-22 09:56:32", "elapsed": 2.16124, "delta": 0.21673}}
{"target": -10.22992912767916, "params": {"C": 32536.967126369713, "gamma": 0.044308453399135014}, "datetime": {"datetime": "2021-06-22 09:56:32", "elapsed": 2.497795, "delta": 0.336555}}
{"target": -10.901581715907689, "params": {"C": 55055.56609184153, "gamma": 0.054624939838696214}, "datetime": {"datetime": "2021-06-22 09:56:32", "elapsed": 2.737759, "delta": 0.239964}}
{"target": -10.928715048898356, "params": {"C": 23401.768454791116, "gamma": 0.010991793944877}, "datetime": {"datetime": "2021-06-22 09:56:33", "elapsed": 2.948766, "delta": 0.211007}}
{"target": -10.323942300395272, "params": {"C": 26793.216782582756, "gamma": 0.05378526767490007}, "datetime": {"datetime": "2021-06-22 09:56:33", "elapsed": 3.170767, "delta": 0.222001}}
{"target": -10.274523352386735, "params": {"C": 23933.873353322004, "gamma": 0.03047648887525766}, "datetime": {"datetime": "2021-06-22 09:56:33", "elapsed": 3.444829, "delta": 0.274062}}
{"target": -10.659335030262636, "params": {"C": 58315.58120602008, "gamma": 0.03619142953362387}, "datetime": {"datetime": "2021-06-22 09:56:33", "elapsed": 3.811081, "delta": 0.366252}}
{"target": -10.72536664724495, "params": {"C": 47675.084558018934, "gamma": 0.02509129718130921}, "datetime": {"datetime": "2021-06-22 09:56:34", "elapsed": 4.027913, "delta": 0.216832}}
{"target": -10.67771996862165, "params": {"C": 47460.03710726334, "gamma": 0.05156590926676602}, "datetime": {"datetime": "2021-06-22 09:56:34", "elapsed": 4.247415, "delta": 0.219502}}
{"target": -10.07744474864652, "params": {"C": 20731.531093767673, "gamma": 0.04725736006219334}, "datetime": {"datetime": "2021-06-22 09:56:34", "elapsed": 4.465843, "delta": 0.218428}}
{"target": -10.7367061072434, "params": {"C": 59554.44355625979, "gamma": 0.04715644837337181}, "datetime": {"datetime": "2021-06-22 09:56:34", "elapsed": 4.672984, "delta": 0.207141}}
{"target": -10.325640132077654, "params": {"C": 31217.75968257621, "gamma": 0.049253245751025916}, "datetime": {"datetime": "2021-06-22 09:56:35", "elapsed": 4.876848, "delta": 0.203864}}
{"target": -10.231591482894656, "params": {"C": 24129.040263105682, "gamma": 0.03184256983497116}, "datetime": {"datetime": "2021-06-22 09:56:35", "elapsed": 5.07493, "delta": 0.198082}}
{"target": -10.838996842036183, "params": {"C": 56343.820123723825, "gamma": 0.02397432156705765}, "datetime": {"datetime": "2021-06-22 09:56:35", "elapsed": 5.306754, "delta": 0.231824}}
{"target": -10.810615611959342, "params": {"C": 31511.013543453948, "gamma": 0.01563145717803216}, "datetime": {"datetime": "2021-06-22 09:56:35", "elapsed": 5.511701, "delta": 0.204947}}
{"target": -10.096717276075537, "params": {"C": 20774.678314811885, "gamma": 0.04362061217993444}, "datetime": {"datetime": "2021-06-22 09:56:35", "elapsed": 5.7227, "delta": 0.210999}}
{"target": -10.570052303397544, "params": {"C": 28465.12464000236, "gamma": 0.022542879627983535}, "datetime": {"datetime": "2021-06-22 09:56:36", "elapsed": 5.924699, "delta": 0.201999}}
{"target": -10.94719176328079, "params": {"C": 39662.92637121353, "gamma": 0.011721489800971098}, "datetime": {"datetime": "2021-06-22 09:56:36", "elapsed": 6.133318, "delta": 0.208619}}
{"target": -10.811666752771917, "params": {"C": 42964.70421968053, "gamma": 0.016483157320196316}, "datetime": {"datetime": "2021-06-22 09:56:36", "elapsed": 6.356557, "delta": 0.223239}}
{"target": -10.434649491229003, "params": {"C": 43572.221476131366, "gamma": 0.04468767636106749}, "datetime": {"datetime": "2021-06-22 09:56:36", "elapsed": 6.614787, "delta": 0.25823}}
{"target": -10.288793600766661, "params": {"C": 24093.377153113033, "gamma": 0.030116855378797984}, "datetime": {"datetime": "2021-06-22 09:56:36", "elapsed": 6.845658, "delta": 0.230871}}
{"target": -10.573005319057438, "params": {"C": 47776.006309109805, "gamma": 0.030123142745872036}, "datetime": {"datetime": "2021-06-22 09:56:37", "elapsed": 7.143866, "delta": 0.298208}}
{"target": -10.165482492145305, "params": {"C": 21998.138357843487, "gamma": 0.036330716701691086}, "datetime": {"datetime": "2021-06-22 09:56:37", "elapsed": 7.38198, "delta": 0.238114}}
{"target": -10.437664611289875, "params": {"C": 46551.78580879155, "gamma": 0.03525934471497373}, "datetime": {"datetime": "2021-06-22 09:56:37", "elapsed": 7.624155, "delta": 0.242175}}
{"target": -10.67093961301356, "params": {"C": 57783.79023963253, "gamma": 0.03891430706560164}, "datetime": {"datetime": "2021-06-22 09:56:38", "elapsed": 7.906131, "delta": 0.281976}}
{"target": -10.091262519046325, "params": {"C": 21385.554035422647, "gamma": 0.044764866387833335}, "datetime": {"datetime": "2021-06-22 09:56:38", "elapsed": 8.351926, "delta": 0.445795}}
{"target": -10.647204165249468, "params": {"C": 20733.613039573036, "gamma": 0.01984206878064243}, "datetime": {"datetime": "2021-06-22 09:56:38", "elapsed": 8.776676, "delta": 0.42475}}
{"target": -10.689350784896453, "params": {"C": 20722.227494704053, "gamma": 0.01875729785179408}, "datetime": {"datetime": "2021-06-22 09:56:39", "elapsed": 9.226469, "delta": 0.449793}}
{"target": -10.09454337317839, "params": {"C": 20782.212375996605, "gamma": 0.04993098599780763}, "datetime": {"datetime": "2021-06-22 09:56:39", "elapsed": 9.574494, "delta": 0.348025}}
{"target": -10.62976597542391, "params": {"C": 21393.69227021093, "gamma": 0.020288120691165423}, "datetime": {"datetime": "2021-06-22 09:56:40", "elapsed": 9.929306, "delta": 0.354812}}
{"target": -10.403953367101693, "params": {"C": 21376.83626487359, "gamma": 0.025496258618486575}, "datetime": {"datetime": "2021-06-22 09:56:40", "elapsed": 10.324085, "delta": 0.394779}}
{"target": -10.095339697293499, "params": {"C": 21084.823800414968, "gamma": 0.04396737959135395}, "datetime": {"datetime": "2021-06-22 09:56:40", "elapsed": 10.683187, "delta": 0.359102}}
{"target": -10.260596759574305, "params": {"C": 21988.310676625584, "gamma": 0.057337822817006265}, "datetime": {"datetime": "2021-06-22 09:56:41", "elapsed": 11.068165, "delta": 0.384978}}
{"target": -10.157280316056791, "params": {"C": 21107.58851631034, "gamma": 0.03689563487860164}, "datetime": {"datetime": "2021-06-22 09:56:41", "elapsed": 11.484647, "delta": 0.416482}}
{"target": -10.234787538439667, "params": {"C": 21071.952613418347, "gamma": 0.057261688638260935}, "datetime": {"datetime": "2021-06-22 09:56:41", "elapsed": 11.832414, "delta": 0.347767}}
{"target": -10.127311325318223, "params": {"C": 20794.72324091273, "gamma": 0.039332670233733956}, "datetime": {"datetime": "2021-06-22 09:56:42", "elapsed": 12.221978, "delta": 0.389564}}
{"target": -10.904056214442166, "params": {"C": 20809.460550187545, "gamma": 0.011736695003446367}, "datetime": {"datetime": "2021-06-22 09:56:42", "elapsed": 12.66417, "delta": 0.442192}}
{"target": -10.464604671114646, "params": {"C": 24113.686911263, "gamma": 0.02443266411624762}, "datetime": {"datetime": "2021-06-22 09:56:43", "elapsed": 13.061765, "delta": 0.397595}}
{"target": -10.091132380622302, "params": {"C": 21123.185731725072, "gamma": 0.04475668408730437}, "datetime": {"datetime": "2021-06-22 09:56:43", "elapsed": 13.504264, "delta": 0.442499}}
{"target": -10.118260305864482, "params": {"C": 21133.887977215818, "gamma": 0.05146330198479374}, "datetime": {"datetime": "2021-06-22 09:56:44", "elapsed": 13.885867, "delta": 0.381603}}
{"target": -10.135529029884545, "params": {"C": 21147.542551117174, "gamma": 0.05244593122125677}, "datetime": {"datetime": "2021-06-22 09:56:44", "elapsed": 14.360422, "delta": 0.474555}}
{"target": -10.109131017023868, "params": {"C": 22011.78886921771, "gamma": 0.04955979346740905}, "datetime": {"datetime": "2021-06-22 09:56:44", "elapsed": 14.739453, "delta": 0.379031}}
{"target": -10.98021207949876, "params": {"C": 21163.730881659867, "gamma": 0.010495814853511852}, "datetime": {"datetime": "2021-06-22 09:56:45", "elapsed": 15.183088, "delta": 0.443635}}
{"target": -10.378156320804553, "params": {"C": 22029.005374822304, "gamma": 0.026481562783660234}, "datetime": {"datetime": "2021-06-22 09:56:45", "elapsed": 15.687811, "delta": 0.504723}}
{"target": -10.115095586304733, "params": {"C": 24145.99886829479, "gamma": 0.04717188114650431}, "datetime": {"datetime": "2021-06-22 09:56:46", "elapsed": 16.097033, "delta": 0.409222}}
{"target": -10.207121927083879, "params": {"C": 24161.27946162005, "gamma": 0.03372203139249164}, "datetime": {"datetime": "2021-06-22 09:56:46", "elapsed": 16.4813, "delta": 0.384267}}
{"target": -10.144039629907544, "params": {"C": 32553.62674099503, "gamma": 0.03888917487330883}, "datetime": {"datetime": "2021-06-22 09:56:47", "elapsed": 16.866853, "delta": 0.385553}}
{"target": -10.262811527723374, "params": {"C": 32568.265108116502, "gamma": 0.04554324777029385}, "datetime": {"datetime": "2021-06-22 09:56:47", "elapsed": 17.423492, "delta": 0.556639}}
{"target": -10.842105415630732, "params": {"C": 32518.564172117505, "gamma": 0.01478856296846838}, "datetime": {"datetime": "2021-06-22 09:56:48", "elapsed": 17.914579, "delta": 0.491087}}
{"target": -10.256869683200506, "params": {"C": 35853.736280479105, "gamma": 0.035792904528651116}, "datetime": {"datetime": "2021-06-22 09:56:48", "elapsed": 18.844949, "delta": 0.93037}}
{"target": -10.204483861565688, "params": {"C": 24177.871493876955, "gamma": 0.051469978740328985}, "datetime": {"datetime": "2021-06-22 09:56:50", "elapsed": 20.091902, "delta": 1.246953}}
{"target": -10.432008743022283, "params": {"C": 36711.593029190546, "gamma": 0.03106459187428484}, "datetime": {"datetime": "2021-06-22 09:56:51", "elapsed": 20.910045, "delta": 0.818143}}
{"target": -10.76908143517013, "params": {"C": 24197.60318634593, "gamma": 0.016648449031322732}, "datetime": {"datetime": "2021-06-22 09:56:51", "elapsed": 21.699255, "delta": 0.78921}}
{"target": -10.238773573112459, "params": {"C": 35889.06781440197, "gamma": 0.036421322877232716}, "datetime": {"datetime": "2021-06-22 09:56:52", "elapsed": 22.254721, "delta": 0.555466}}
{"target": -10.594760997924455, "params": {"C": 35908.28931221952, "gamma": 0.02530703695330825}, "datetime": {"datetime": "2021-06-22 09:56:52", "elapsed": 22.832008, "delta": 0.577287}}
{"target": -10.359406088992955, "params": {"C": 23915.505026560175, "gamma": 0.059591984287215245}, "datetime": {"datetime": "2021-06-22 09:56:53", "elapsed": 23.382283, "delta": 0.550275}}
{"target": -10.792436954488922, "params": {"C": 21053.411006349837, "gamma": 0.015754854839857484}, "datetime": {"datetime": "2021-06-22 09:56:54", "elapsed": 24.033273, "delta": 0.65099}}
{"target": -10.14534625359992, "params": {"C": 32589.02000201754, "gamma": 0.039804722418980594}, "datetime": {"datetime": "2021-06-22 09:56:54", "elapsed": 24.687759, "delta": 0.654486}}
{"target": -10.585901328409049, "params": {"C": 32604.530461375107, "gamma": 0.059963754327396306}, "datetime": {"datetime": "2021-06-22 09:56:55", "elapsed": 25.256306, "delta": 0.568547}}
{"target": -10.178836548065846, "params": {"C": 23955.284905917873, "gamma": 0.05062545705099907}, "datetime": {"datetime": "2021-06-22 09:56:56", "elapsed": 25.895273, "delta": 0.638967}}
{"target": -10.113950536566877, "params": {"C": 23972.43213021399, "gamma": 0.04067316468805031}, "datetime": {"datetime": "2021-06-22 09:56:56", "elapsed": 26.525297, "delta": 0.630024}}
{"target": -10.246527529866107, "params": {"C": 23990.34529934728, "gamma": 0.05363402112790439}, "datetime": {"datetime": "2021-06-22 09:56:57", "elapsed": 27.147448, "delta": 0.622151}}
{"target": -10.745201574492869, "params": {"C": 24011.468664824475, "gamma": 0.017309115475795587}, "datetime": {"datetime": "2021-06-22 09:56:57", "elapsed": 27.658424, "delta": 0.510976}}
{"target": -10.205111459962373, "params": {"C": 35832.18272009898, "gamma": 0.03795582842380959}, "datetime": {"datetime": "2021-06-22 09:56:58", "elapsed": 28.207053, "delta": 0.548629}}
{"target": -10.803622406305243, "params": {"C": 35810.991946592556, "gamma": 0.016084897430872755}, "datetime": {"datetime": "2021-06-22 09:56:58", "elapsed": 28.744325, "delta": 0.537272}}
{"target": -10.718486056319444, "params": {"C": 24071.329087060003, "gamma": 0.018001069402576314}, "datetime": {"datetime": "2021-06-22 09:56:59", "elapsed": 29.213648, "delta": 0.469323}}
{"target": -10.682652561530297, "params": {"C": 36747.50010480112, "gamma": 0.059896521941444}, "datetime": {"datetime": "2021-06-22 09:56:59", "elapsed": 29.783734, "delta": 0.570086}}
{"target": -10.654202250349972, "params": {"C": 36788.05183024751, "gamma": 0.023586873937017434}, "datetime": {"datetime": "2021-06-22 09:57:00", "elapsed": 30.353966, "delta": 0.570232}}
{"target": -10.720444059681533, "params": {"C": 26769.766504719006, "gamma": 0.017974840247454528}, "datetime": {"datetime": "2021-06-22 09:57:01", "elapsed": 31.033537, "delta": 0.679571}}
{"target": -10.406327025810864, "params": {"C": 26816.050604667336, "gamma": 0.02773145441624776}, "datetime": {"datetime": "2021-06-22 09:57:02", "elapsed": 31.873685, "delta": 0.840148}}
{"target": -10.42770307612556, "params": {"C": 21965.29858903619, "gamma": 0.024953444601202794}, "datetime": {"datetime": "2021-06-22 09:57:02", "elapsed": 32.545985, "delta": 0.6723}}
{"target": -10.389714593329678, "params": {"C": 31193.554716018793, "gamma": 0.052140824149972766}, "datetime": {"datetime": "2021-06-22 09:57:03", "elapsed": 33.06733, "delta": 0.521345}}
{"target": -10.376419877504244, "params": {"C": 28155.332083998182, "gamma": 0.05471614235630723}, "datetime": {"datetime": "2021-06-22 09:57:03", "elapsed": 33.633163, "delta": 0.565833}}
{"target": -10.758673537356293, "params": {"C": 31240.48367987325, "gamma": 0.017116839064222435}, "datetime": {"datetime": "2021-06-22 09:57:04", "elapsed": 34.196443, "delta": 0.56328}}
{"target": -10.231607613673594, "params": {"C": 28202.523893015597, "gamma": 0.04830151800312332}, "datetime": {"datetime": "2021-06-22 09:57:04", "elapsed": 34.782916, "delta": 0.586473}}
{"target": -10.204333565766117, "params": {"C": 28228.02496715302, "gamma": 0.04715548205199015}, "datetime": {"datetime": "2021-06-22 09:57:05", "elapsed": 35.423993, "delta": 0.641077}}
{"target": -10.430436879882242, "params": {"C": 28247.40577389754, "gamma": 0.05730588909426525}, "datetime": {"datetime": "2021-06-22 09:57:06", "elapsed": 36.101514, "delta": 0.677521}}
{"target": -10.211866983816384, "params": {"C": 23887.96133879587, "gamma": 0.033244729783675625}, "datetime": {"datetime": "2021-06-22 09:57:06", "elapsed": 36.674884, "delta": 0.57337}}
{"target": -10.35298605258534, "params": {"C": 23869.74008628752, "gamma": 0.05936349341699971}, "datetime": {"datetime": "2021-06-22 09:57:07", "elapsed": 37.278239, "delta": 0.603355}}
{"target": -10.39431467203264, "params": {"C": 23843.112416283762, "gamma": 0.026828240901654754}, "datetime": {"datetime": "2021-06-22 09:57:07", "elapsed": 37.810666, "delta": 0.532427}}
{"target": -10.858262507061847, "params": {"C": 28125.337043333035, "gamma": 0.014061357294297196}, "datetime": {"datetime": "2021-06-22 09:57:08", "elapsed": 38.411956, "delta": 0.60129}}
{"target": -10.773170444197042, "params": {"C": 23812.88919968446, "gamma": 0.01651177168301413}, "datetime": {"datetime": "2021-06-22 09:57:09", "elapsed": 38.912558, "delta": 0.500602}}
{"target": -10.149027712003889, "params": {"C": 31167.890258523174, "gamma": 0.04131847808129775}, "datetime": {"datetime": "2021-06-22 09:57:09", "elapsed": 39.500883, "delta": 0.588325}}
{"target": -10.307579187387129, "params": {"C": 31148.925372869977, "gamma": 0.04855222590894557}, "datetime": {"datetime": "2021-06-22 09:57:10", "elapsed": 40.021998, "delta": 0.521115}}
{"target": -10.292067725177285, "params": {"C": 31122.257665735422, "gamma": 0.04793324968677606}, "datetime": {"datetime": "2021-06-22 09:57:10", "elapsed": 40.567343, "delta": 0.545345}}
{"target": -10.842237470970947, "params": {"C": 31100.980530425462, "gamma": 0.014747864441089394}, "datetime": {"datetime": "2021-06-22 09:57:11", "elapsed": 41.131865, "delta": 0.564522}}
{"target": -10.627706958987133, "params": {"C": 36650.74177648744, "gamma": 0.05781872067685201}, "datetime": {"datetime": "2021-06-22 09:57:11", "elapsed": 41.838287, "delta": 0.706422}}
{"target": -10.317975282033027, "params": {"C": 22060.31130171489, "gamma": 0.028419831322504377}, "datetime": {"datetime": "2021-06-22 09:57:12", "elapsed": 42.49373, "delta": 0.655443}}
{"target": -10.21009519118818, "params": {"C": 22084.70025899525, "gamma": 0.0545819156034617}, "datetime": {"datetime": "2021-06-22 09:57:13", "elapsed": 43.17632, "delta": 0.68259}}
{"target": -10.866589974371877, "params": {"C": 22106.740532817017, "gamma": 0.013153879737167768}, "datetime": {"datetime": "2021-06-22 09:57:14", "elapsed": 44.037325, "delta": 0.861005}}
{"target": -10.942148876431395, "params": {"C": 26844.75507879456, "gamma": 0.010583020815932232}, "datetime": {"datetime": "2021-06-22 09:57:14", "elapsed": 44.61717, "delta": 0.579845}}
{"target": -10.094663372718097, "params": {"C": 21932.369777119886, "gamma": 0.044210695525464624}, "datetime": {"datetime": "2021-06-22 09:57:15", "elapsed": 45.195668, "delta": 0.578498}}
{"target": -10.4065362893388, "params": {"C": 21913.114653162003, "gamma": 0.02547285292558612}, "datetime": {"datetime": "2021-06-22 09:57:15", "elapsed": 45.824561, "delta": 0.628893}}
{"target": -10.377873955112836, "params": {"C": 43536.898988360175, "gamma": 0.038712235196969966}, "datetime": {"datetime": "2021-06-22 09:57:16", "elapsed": 46.482155, "delta": 0.657594}}
{"target": -10.627795642319745, "params": {"C": 43511.237931803094, "gamma": 0.026921934171017597}, "datetime": {"datetime": "2021-06-22 09:57:17", "elapsed": 47.110468, "delta": 0.628313}}
{"target": -10.373695822567749, "params": {"C": 43605.99913493714, "gamma": 0.036567651721383695}, "datetime": {"datetime": "2021-06-22 09:57:17", "elapsed": 47.717166, "delta": 0.606698}}
{"target": -10.658694153358232, "params": {"C": 43632.44957484763, "gamma": 0.05330760708069859}, "datetime": {"datetime": "2021-06-22 09:57:18", "elapsed": 48.500948, "delta": 0.783782}}
{"target": -10.749928063279764, "params": {"C": 46516.04608218501, "gamma": 0.02401440711813863}, "datetime": {"datetime": "2021-06-22 09:57:19", "elapsed": 49.264858, "delta": 0.76391}}
{"target": -10.876617874162891, "params": {"C": 46586.01085851496, "gamma": 0.05903110626969963}, "datetime": {"datetime": "2021-06-22 09:57:20", "elapsed": 50.072406, "delta": 0.807548}}
{"target": -10.184874948089547, "params": {"C": 21879.747900268307, "gamma": 0.03480623980762975}, "datetime": {"datetime": "2021-06-22 09:57:20", "elapsed": 50.727206, "delta": 0.6548}}
{"target": -10.086719370881344, "params": {"C": 21859.7496372298, "gamma": 0.0455702018075727}, "datetime": {"datetime": "2021-06-22 09:57:21", "elapsed": 51.374755, "delta": 0.647549}}
{"target": -10.150668138658942, "params": {"C": 21837.205048336713, "gamma": 0.0521420057829385}, "datetime": {"datetime": "2021-06-22 09:57:22", "elapsed": 51.89567, "delta": 0.520915}}
{"target": -10.727541231323775, "params": {"C": 21817.3037350557, "gamma": 0.017745826298831265}, "datetime": {"datetime": "2021-06-22 09:57:22", "elapsed": 52.451039, "delta": 0.555369}}
{"target": -10.534719836573943, "params": {"C": 27403.96667044248, "gamma": 0.023536331240362435}, "datetime": {"datetime": "2021-06-22 09:57:23", "elapsed": 52.998822, "delta": 0.547783}}
{"target": -10.325722355094372, "params": {"C": 27494.997396433788, "gamma": 0.05305942273063805}, "datetime": {"datetime": "2021-06-22 09:57:23", "elapsed": 53.703557, "delta": 0.704735}}
{"target": -10.79872822641864, "params": {"C": 27520.251545439918, "gamma": 0.01590421663688598}, "datetime": {"datetime": "2021-06-22 09:57:24", "elapsed": 54.422667, "delta": 0.71911}}
{"target": -10.466846653504197, "params": {"C": 47000.80535645862, "gamma": 0.04161692803590067}, "datetime": {"datetime": "2021-06-22 09:57:25", "elapsed": 55.156118, "delta": 0.733451}}
