{"target": -10.364606143925279, "params": {"C": 42309.90799852718, "gamma": 0.04288500469325963}, "datetime": {"datetime": "2021-06-22 09:57:26", "elapsed": 55.894837, "delta": 0.738719}}
{"target": -10.474819377027318, "params": {"C": 42335.491595869724, "gamma": 0.046863018723853817}, "datetime": {"datetime": "2021-06-22 09:57:26", "elapsed": 56.532204, "delta": 0.637367}}
{"target": -10.362444040145684, "params": {"C": 42282.58108397105, "gamma": 0.042622947418258776}, "datetime": {"datetime": "2021-06-22 09:57:27", "elapsed": 57.218865, "delta": 0.686661}}
{"target": -10.75095758409033, "params": {"C": 42257.00507342248, "gamma": 0.05781260580610969}, "datetime": {"datetime": "2021-06-22 09:57:28", "elapsed": 57.930735, "delta": 0.71187}}
{"target": -10.905443489671045, "params": {"C": 38571.000382062455, "gamma": 0.01306257447362229}, "datetime": {"datetime": "2021-06-22 09:57:28", "elapsed": 58.613125, "delta": 0.68239}}
{"target": -10.911536797195948, "params": {"C": 28295.398823295614, "gamma": 0.011900127743342447}, "datetime": {"datetime": "2021-06-22 09:57:29", "elapsed": 59.310502, "delta": 0.697377}}
{"target": -10.18238414210639, "params": {"C": 20043.63380659174, "gamma": 0.03454318370190507}, "datetime": {"datetime": "2021-06-22 09:57:30", "elapsed": 60.024694, "delta": 0.714192}}
{"target": -10.937496933994536, "params": {"C": 20064.636245387872, "gamma": 0.011299134573064407}, "datetime": {"datetime": "2021-06-22 09:57:30", "elapsed": 60.787106, "delta": 0.762412}}
{"target": -10.484199151851586, "params": {"C": 20027.245921715992, "gamma": 0.023807826832337953}, "datetime": {"datetime": "2021-06-22 09:57:31", "elapsed": 61.405691, "delta": 0.618585}}
{"target": -10.596214996931801, "params": {"C": 24967.291152837068, "gamma": 0.021106672878460984}, "datetime": {"datetime": "2021-06-22 09:57:32", "elapsed": 62.119962, "delta": 0.714271}}
{"target": -10.799841234391401, "params": {"C": 44455.32546225024, "gamma": 0.021139769546737998}, "datetime": {"datetime": "2021-06-22 09:57:33", "elapsed": 62.905727, "delta": 0.785765}}
{"target": -10.450925804259496, "params": {"C": 47050.06214527767, "gamma": 0.038098763733759484}, "datetime": {"datetime": "2021-06-22 09:57:33", "elapsed": 63.65598, "delta": 0.750253}}
{"target": -11.010970347889772, "params": {"C": 47086.84812416033, "gamma": 0.009572889185459997}, "datetime": {"datetime": "2021-06-22 09:57:34", "elapsed": 64.327663, "delta": 0.671683}}
{"target": -10.470991638967893, "params": {"C": 46957.85019399552, "gamma": 0.03340143766067233}, "datetime": {"datetime": "2021-06-22 09:57:35", "elapsed": 64.962483, "delta": 0.63482}}
{"target": -10.747655137671023, "params": {"C": 46902.926325918736, "gamma": 0.05437707947800316}, "datetime": {"datetime": "2021-06-22 09:57:35", "elapsed": 65.704869, "delta": 0.742386}}
{"target": -10.788264738495904, "params": {"C": 53600.04411304356, "gamma": 0.05187183949252898}, "datetime": {"datetime": "2021-06-22 09:57:36", "elapsed": 66.413361, "delta": 0.708492}}
{"target": -10.148910385734055, "params": {"C": 32040.97084680531, "gamma": 0.040516090884362255}, "datetime": {"datetime": "2021-06-22 09:57:37", "elapsed": 67.272767, "delta": 0.859406}}
{"target": -10.55851184347258, "params": {"C": 32021.18934409797, "gamma": 0.024994907898167697}, "datetime": {"datetime": "2021-06-22 09:57:38", "elapsed": 67.922916, "delta": 0.650149}}
{"target": -10.897864030484302, "params": {"C": 32060.646190858053, "gamma": 0.012986111688542792}, "datetime": {"datetime": "2021-06-22 09:57:38", "elapsed": 68.705304, "delta": 0.782388}}
{"target": -10.369349535538053, "params": {"C": 29969.920701285628, "gamma": 0.030239907690089267}, "datetime": {"datetime": "2021-06-22 09:57:39", "elapsed": 69.35663, "delta": 0.651326}}
{"target": -10.368370442140119, "params": {"C": 29944.68356183469, "gamma": 0.05242000743320638}, "datetime": {"datetime": "2021-06-22 09:57:40", "elapsed": 70.026303, "delta": 0.669673}}
{"target": -10.930685815173975, "params": {"C": 29917.44000883094, "gamma": 0.011235062350021967}, "datetime": {"datetime": "2021-06-22 09:57:40", "elapsed": 70.779769, "delta": 0.753466}}
{"target": -10.333341511384193, "params": {"C": 29999.27884726353, "gamma": 0.0508215526381756}, "datetime": {"datetime": "2021-06-22 09:57:41", "elapsed": 71.536064, "delta": 0.756295}}
{"target": -10.882724276424023, "params": {"C": 30024.99214621893, "gamma": 0.01336213766263912}, "datetime": {"datetime": "2021-06-22 09:57:42", "elapsed": 72.342266, "delta": 0.806202}}
{"target": -10.632458569503296, "params": {"C": 42384.332660178094, "gamma": 0.026379608767492742}, "datetime": {"datetime": "2021-06-22 09:57:43", "elapsed": 72.965557, "delta": 0.623291}}
{"target": -10.572482240079554, "params": {"C": 52498.686599004795, "gamma": 0.0395955945575404}, "datetime": {"datetime": "2021-06-22 09:57:43", "elapsed": 73.65816, "delta": 0.692603}}
{"target": -10.362295687719147, "params": {"C": 37089.384698602385, "gamma": 0.04595554098576353}, "datetime": {"datetime": "2021-06-22 09:57:44", "elapsed": 74.5449, "delta": 0.88674}}
{"target": -10.283217117024849, "params": {"C": 37060.94629573515, "gamma": 0.03542516564595067}, "datetime": {"datetime": "2021-06-22 09:57:45", "elapsed": 75.277616, "delta": 0.732716}}
{"target": -10.957627873222494, "params": {"C": 37037.08221073916, "gamma": 0.011051954008457009}, "datetime": {"datetime": "2021-06-22 09:57:46", "elapsed": 76.050604, "delta": 0.772988}}
{"target": -10.273780773674101, "params": {"C": 37116.92098280255, "gamma": 0.04273280731019972}, "datetime": {"datetime": "2021-06-22 09:57:47", "elapsed": 76.875603, "delta": 0.824999}}
{"target": -10.23003430016114, "params": {"C": 37143.465412583806, "gamma": 0.040262157753176896}, "datetime": {"datetime": "2021-06-22 09:57:47", "elapsed": 77.572844, "delta": 0.697241}}
{"target": -10.561737407016896, "params": {"C": 37163.15978577625, "gamma": 0.05419956941790168}, "datetime": {"datetime": "2021-06-22 09:57:48", "elapsed": 78.435049, "delta": 0.862205}}
{"target": -10.91697551353822, "params": {"C": 30292.81218568843, "gamma": 0.012002135824255564}, "datetime": {"datetime": "2021-06-22 09:57:49", "elapsed": 79.030898, "delta": 0.595849}}
{"target": -10.715333354510099, "params": {"C": 58555.33016439987, "gamma": 0.04557484233121652}, "datetime": {"datetime": "2021-06-22 09:57:49", "elapsed": 79.729942, "delta": 0.699044}}
{"target": -10.385907437015662, "params": {"C": 44207.76205101948, "gamma": 0.036248881804007656}, "datetime": {"datetime": "2021-06-22 09:57:50", "elapsed": 80.502361, "delta": 0.772419}}
{"target": -10.399723254252159, "params": {"C": 44238.032989171, "gamma": 0.04074231706328397}, "datetime": {"datetime": "2021-06-22 09:57:51", "elapsed": 81.203669, "delta": 0.701308}}
{"target": -10.863310124424382, "params": {"C": 44182.038941490755, "gamma": 0.014973008535198173}, "datetime": {"datetime": "2021-06-22 09:57:52", "elapsed": 82.005651, "delta": 0.801982}}
{"target": -10.827335009396128, "params": {"C": 44269.412840388875, "gamma": 0.059036062857433944}, "datetime": {"datetime": "2021-06-22 09:57:52", "elapsed": 82.746616, "delta": 0.740965}}
{"target": -10.807687665055091, "params": {"C": 54558.674708392115, "gamma": 0.0519742441500933}, "datetime": {"datetime": "2021-06-22 09:57:53", "elapsed": 83.542634, "delta": 0.796018}}
{"target": -10.57030657440617, "params": {"C": 37456.712301754305, "gamma": 0.026767146160444275}, "datetime": {"datetime": "2021-06-22 09:57:54", "elapsed": 84.257038, "delta": 0.714404}}
{"target": -10.918499477651496, "params": {"C": 41133.83848376322, "gamma": 0.01273713626926725}, "datetime": {"datetime": "2021-06-22 09:57:55", "elapsed": 84.998237, "delta": 0.741199}}
{"target": -10.844832319473118, "params": {"C": 45843.005221283805, "gamma": 0.017158420750159546}, "datetime": {"datetime": "2021-06-22 09:57:55", "elapsed": 85.808235, "delta": 0.809998}}
{"target": -10.964022660812658, "params": {"C": 58859.47707442883, "gamma": 0.05453004191747258}, "datetime": {"datetime": "2021-06-22 09:57:56", "elapsed": 86.527053, "delta": 0.718818}}
{"target": -10.68883569534846, "params": {"C": 59337.04906461176, "gamma": 0.03732887693632056}, "datetime": {"datetime": "2021-06-22 09:57:57", "elapsed": 87.195099, "delta": 0.668046}}
{"target": -10.207453879607536, "params": {"C": 34325.795912020316, "gamma": 0.04170878905376508}, "datetime": {"datetime": "2021-06-22 09:57:58", "elapsed": 87.942627, "delta": 0.747528}}
{"target": -10.492471444299586, "params": {"C": 34347.79500731634, "gamma": 0.05369923135360468}, "datetime": {"datetime": "2021-06-22 09:57:58", "elapsed": 88.661621, "delta": 0.718994}}
{"target": -10.428030510398314, "params": {"C": 34307.059970605886, "gamma": 0.0302520878646868}, "datetime": {"datetime": "2021-06-22 09:57:59", "elapsed": 89.454454, "delta": 0.792833}}
{"target": -10.404807778609129, "params": {"C": 34268.22724557159, "gamma": 0.04986359053244674}, "datetime": {"datetime": "2021-06-22 09:58:00", "elapsed": 90.110277, "delta": 0.655823}}
{"target": -10.96766342853737, "params": {"C": 34239.0522893212, "gamma": 0.010080734746975368}, "datetime": {"datetime": "2021-06-22 09:58:01", "elapsed": 90.950763, "delta": 0.840486}}
{"target": -10.87158399257282, "params": {"C": 48945.49895726312, "gamma": 0.016043164326791936}, "datetime": {"datetime": "2021-06-22 09:58:01", "elapsed": 91.814117, "delta": 0.863354}}
{"target": -10.278105080970757, "params": {"C": 39144.914437893276, "gamma": 0.0386475687557699}, "datetime": {"datetime": "2021-06-22 09:58:02", "elapsed": 92.574566, "delta": 0.760449}}
{"target": -10.901964443991051, "params": {"C": 39121.01793972294, "gamma": 0.013187359371260369}, "datetime": {"datetime": "2021-06-22 09:58:03", "elapsed": 93.320974, "delta": 0.746408}}
{"target": -10.941985445009243, "params": {"C": 39167.76066608864, "gamma": 0.01188261018382233}, "datetime": {"datetime": "2021-06-22 09:58:04", "elapsed": 94.010848, "delta": 0.689874}}
{"target": -10.605049870965667, "params": {"C": 54013.07844403092, "gamma": 0.04007135846562015}, "datetime": {"datetime": "2021-06-22 09:58:04", "elapsed": 94.694076, "delta": 0.683228}}
{"target": -10.675885796252231, "params": {"C": 57967.898334644226, "gamma": 0.0304345307124603}, "datetime": {"datetime": "2021-06-22 09:58:05", "elapsed": 95.4904, "delta": 0.796324}}
{"target": -10.912471241180306, "params": {"C": 53086.90028160999, "gamma": 0.020034657974949813}, "datetime": {"datetime": "2021-06-22 09:58:06", "elapsed": 96.298663, "delta": 0.808263}}
{"target": -10.502265374292556, "params": {"C": 35439.165933416574, "gamma": 0.053106465392289026}, "datetime": {"datetime": "2021-06-22 09:58:07", "elapsed": 97.08439, "delta": 0.785727}}
{"target": -10.933462036226508, "params": {"C": 35395.74448073729, "gamma": 0.011919668473089727}, "datetime": {"datetime": "2021-06-22 09:58:08", "elapsed": 97.883391, "delta": 0.799001}}
{"target": -10.90339956121148, "params": {"C": 35479.95760568619, "gamma": 0.013012011834851265}, "datetime": {"datetime": "2021-06-22 09:58:08", "elapsed": 98.771139, "delta": 0.887748}}
{"target": -10.51755262641395, "params": {"C": 34861.81148207467, "gamma": 0.027486572107397238}, "datetime": {"datetime": "2021-06-22 09:58:09", "elapsed": 99.519735, "delta": 0.748596}}
{"target": -10.857753255620043, "params": {"C": 51111.11477132396, "gamma": 0.05541317822533149}, "datetime": {"datetime": "2021-06-22 09:58:10", "elapsed": 100.346399, "delta": 0.826664}}
{"target": -10.750063050288066, "params": {"C": 48344.65384454602, "gamma": 0.05356451859295039}, "datetime": {"datetime": "2021-06-22 09:58:11", "elapsed": 101.258201, "delta": 0.911802}}
{"target": -10.588736090619012, "params": {"C": 34917.87370451942, "gamma": 0.0577184834179237}, "datetime": {"datetime": "2021-06-22 09:58:12", "elapsed": 102.093987, "delta": 0.835786}}
{"target": -10.616820163231658, "params": {"C": 34806.48488575524, "gamma": 0.024120031011420053}, "datetime": {"datetime": "2021-06-22 09:58:13", "elapsed": 102.909121, "delta": 0.815134}}
{"target": -10.416327835798558, "params": {"C": 45065.13357653814, "gamma": 0.04025149914127895}, "datetime": {"datetime": "2021-06-22 09:58:13", "elapsed": 103.853716, "delta": 0.944595}}
{"target": -10.839349708130323, "params": {"C": 45037.16672562067, "gamma": 0.018379038307399165}, "datetime": {"datetime": "2021-06-22 09:58:14", "elapsed": 104.599277, "delta": 0.745561}}
{"target": -10.833764939899156, "params": {"C": 45096.86203020921, "gamma": 0.05863743848910358}, "datetime": {"datetime": "2021-06-22 09:58:15", "elapsed": 105.47609, "delta": 0.876813}}
{"target": -11.000270604101505, "params": {"C": 59981.671776316456, "gamma": 0.017783993416978366}, "datetime": {"datetime": "2021-06-22 09:58:16", "elapsed": 106.230407, "delta": 0.754317}}
{"target": -10.300452572182621, "params": {"C": 40069.12870692101, "gamma": 0.03957223088582879}, "datetime": {"datetime": "2021-06-22 09:58:17", "elapsed": 106.994637, "delta": 0.76423}}
{"target": -10.664630016932435, "params": {"C": 40093.36001682002, "gamma": 0.056272977205535826}, "datetime": {"datetime": "2021-06-22 09:58:17", "elapsed": 107.758524, "delta": 0.763887}}
{"target": -10.674150977025594, "params": {"C": 40046.38878776187, "gamma": 0.024169993406315166}, "datetime": {"datetime": "2021-06-22 09:58:18", "elapsed": 108.681253, "delta": 0.922729}}
{"target": -10.639391686970065, "params": {"C": 57311.82881011198, "gamma": 0.03231529985285322}, "datetime": {"datetime": "2021-06-22 09:58:19", "elapsed": 109.588585, "delta": 0.907332}}
{"target": -10.895997416269, "params": {"C": 56702.81297495993, "gamma": 0.022352186440129915}, "datetime": {"datetime": "2021-06-22 09:58:20", "elapsed": 110.574585, "delta": 0.986}}
{"target": -10.867050288224615, "params": {"C": 34403.00150812008, "gamma": 0.014109581396990098}, "datetime": {"datetime": "2021-06-22 09:58:21", "elapsed": 111.542572, "delta": 0.967987}}
{"target": -10.415770146917346, "params": {"C": 32909.0111944587, "gamma": 0.030058624651123363}, "datetime": {"datetime": "2021-06-22 09:58:22", "elapsed": 112.530569, "delta": 0.987997}}
{"target": -10.145267644709255, "params": {"C": 32937.78679213148, "gamma": 0.039314336734750446}, "datetime": {"datetime": "2021-06-22 09:58:23", "elapsed": 113.524365, "delta": 0.993796}}
{"target": -10.690466395592864, "params": {"C": 32960.594645178935, "gamma": 0.018870836194590665}, "datetime": {"datetime": "2021-06-22 09:58:24", "elapsed": 114.546445, "delta": 1.02208}}
{"target": -10.168195056947189, "params": {"C": 32879.018091170496, "gamma": 0.04090632780564935}, "datetime": {"datetime": "2021-06-22 09:58:25", "elapsed": 115.45327, "delta": 0.906825}}
{"target": -10.499544806732347, "params": {"C": 32851.96100719379, "gamma": 0.02731001160608583}, "datetime": {"datetime": "2021-06-22 09:58:26", "elapsed": 116.406584, "delta": 0.953314}}
{"target": -10.447228195561124, "params": {"C": 32805.93975064251, "gamma": 0.05317706296330191}, "datetime": {"datetime": "2021-06-22 09:58:27", "elapsed": 117.450434, "delta": 1.04385}}
{"target": -10.18586457508461, "params": {"C": 32772.54374811366, "gamma": 0.04187503358019855}, "datetime": {"datetime": "2021-06-22 09:58:28", "elapsed": 118.348954, "delta": 0.89852}}
{"target": -10.690194629515263, "params": {"C": 32748.32437763821, "gamma": 0.01887954764071989}, "datetime": {"datetime": "2021-06-22 09:58:29", "elapsed": 119.388298, "delta": 1.039344}}
{"target": -10.717666961082593, "params": {"C": 59086.30658532573, "gamma": 0.028837532753433974}, "datetime": {"datetime": "2021-06-22 09:58:30", "elapsed": 120.417527, "delta": 1.029229}}
{"target": -10.115266397024227, "params": {"C": 22905.78067326972, "gamma": 0.0406724570781351}, "datetime": {"datetime": "2021-06-22 09:58:31", "elapsed": 121.292835, "delta": 0.875308}}
{"target": -10.13708815514172, "params": {"C": 22925.20363202965, "gamma": 0.03827961559457024}, "datetime": {"datetime": "2021-06-22 09:58:32", "elapsed": 122.165715, "delta": 0.87288}}
{"target": -10.255202967027543, "params": {"C": 22882.90177141669, "gamma": 0.0556329260590905}, "datetime": {"datetime": "2021-06-22 09:58:33", "elapsed": 123.313203, "delta": 1.147488}}
{"target": -10.300917081469626, "params": {"C": 22946.662590036558, "gamma": 0.057954984043581535}, "datetime": {"datetime": "2021-06-22 09:58:34", "elapsed": 124.197683, "delta": 0.88448}}
{"target": -10.37867032649236, "params": {"C": 22857.88665083689, "gamma": 0.026885389653565787}, "datetime": {"datetime": "2021-06-22 09:58:35", "elapsed": 125.195734, "delta": 0.998051}}
{"target": -10.23798566560964, "params": {"C": 22974.115555037934, "gamma": 0.03129993688526365}, "datetime": {"datetime": "2021-06-22 09:58:36", "elapsed": 126.139968, "delta": 0.944234}}
{"target": -10.915697570722783, "params": {"C": 23001.605347442353, "gamma": 0.011387067713026718}, "datetime": {"datetime": "2021-06-22 09:58:37", "elapsed": 127.233991, "delta": 1.094023}}
{"target": -10.08987682690675, "params": {"C": 22828.57446020643, "gamma": 0.04519186474139785}, "datetime": {"datetime": "2021-06-22 09:58:38", "elapsed": 128.444699, "delta": 1.210708}}
{"target": -10.336413672443259, "params": {"C": 22803.41106808318, "gamma": 0.05972694606300893}, "datetime": {"datetime": "2021-06-22 09:58:39", "elapsed": 129.357519, "delta": 0.91282}}
{"target": -10.104243977166998, "params": {"C": 22775.16274543924, "gamma": 0.048007604105858845}, "datetime": {"datetime": "2021-06-22 09:58:40", "elapsed": 130.555543, "delta": 1.198024}}
{"target": -10.157261068234646, "params": {"C": 22754.5237968493, "gamma": 0.05119410943064653}, "datetime": {"datetime": "2021-06-22 09:58:41", "elapsed": 131.60298, "delta": 1.047437}}
{"target": -10.11025053691549, "params": {"C": 22726.796975689595, "gamma": 0.04124586300909369}, "datetime": {"datetime": "2021-06-22 09:58:42", "elapsed": 132.579977, "delta": 0.976997}}
{"target": -10.603345502445922, "params": {"C": 22706.737463649675, "gamma": 0.02094521086713253}, "datetime": {"datetime": "2021-06-22 09:58:44", "elapsed": 133.919924, "delta": 1.339947}}
{"target": -10.801426035306086, "params": {"C": 27739.386567914058, "gamma": 0.015833398423673997}, "datetime": {"datetime": "2021-06-22 09:58:45", "elapsed": 135.368939, "delta": 1.449015}}
{"target": -10.936056665046145, "params": {"C": 59774.48657975865, "gamma": 0.0533258447955754}, "datetime": {"datetime": "2021-06-22 09:58:46", "elapsed": 136.302457, "delta": 0.933518}}
{"target": -10.919432512739295, "params": {"C": 38866.59814013695, "gamma": 0.01263871393656068}, "datetime": {"datetime": "2021-06-22 09:58:47", "elapsed": 137.379025, "delta": 1.076568}}
{"target": -10.398088913655691, "params": {"C": 44704.85500141645, "gamma": 0.036827791017883006}, "datetime": {"datetime": "2021-06-22 09:58:48", "elapsed": 138.291196, "delta": 0.912171}}
{"target": -10.652037613953205, "params": {"C": 44736.8238725039, "gamma": 0.02647818846363416}, "datetime": {"datetime": "2021-06-22 09:58:49", "elapsed": 139.297216, "delta": 1.00602}}
{"target": -10.510632592770346, "params": {"C": 44675.56645563801, "gamma": 0.031126956774560573}, "datetime": {"datetime": "2021-06-22 09:58:50", "elapsed": 140.168508, "delta": 0.871292}}
{"target": -10.662609149706338, "params": {"C": 50271.17119746803, "gamma": 0.02801544660630289}, "datetime": {"datetime": "2021-06-22 09:58:51", "elapsed": 141.067621, "delta": 0.899113}}
{"target": -10.39623869761115, "params": {"C": 44607.89192976004, "gamma": 0.03579023554641175}, "datetime": {"datetime": "2021-06-22 09:58:52", "elapsed": 142.066676, "delta": 0.999055}}
{"target": -10.84972937238281, "params": {"C": 44575.72398693817, "gamma": 0.015399110475454801}, "datetime": {"datetime": "2021-06-22 09:58:53", "elapsed": 143.074456, "delta": 1.00778}}
{"target": -11.020483714134384, "params": {"C": 44637.330709960435, "gamma": 0.009}, "datetime": {"datetime": "2021-06-22 09:58:54", "elapsed": 143.965468, "delta": 0.891012}}
{"target": -10.31098229565201, "params": {"C": 27143.175618255802, "gamma": 0.03077580783789454}, "datetime": {"datetime": "2021-06-22 09:58:55", "elapsed": 145.03898, "delta": 1.073512}}
{"target": -10.140064427572836, "params": {"C": 27115.216418481352, "gamma": 0.03822198923097595}, "datetime": {"datetime": "2021-06-22 09:58:56", "elapsed": 145.958438, "delta": 0.919458}}
{"target": -10.582967702622401, "params": {"C": 27091.794849352456, "gamma": 0.021366645779993414}, "datetime": {"datetime": "2021-06-22 09:58:57", "elapsed": 147.140185, "delta": 1.181747}}
{"target": -10.240081106997884, "params": {"C": 27174.05968853247, "gamma": 0.049654601666845335}, "datetime": {"datetime": "2021-06-22 09:58:58", "elapsed": 148.041411, "delta": 0.901226}}
{"target": -10.11583605250042, "params": {"C": 27197.84420788436, "gamma": 0.04180052033289239}, "datetime": {"datetime": "2021-06-22 09:58:59", "elapsed": 148.990659, "delta": 0.949248}}
{"target": -10.424069675795081, "params": {"C": 27222.056668700076, "gamma": 0.05829976644820745}, "datetime": {"datetime": "2021-06-22 09:59:00", "elapsed": 150.149372, "delta": 1.158713}}
{"target": -10.431296019951468, "params": {"C": 27254.732346037163, "gamma": 0.02714997019924499}, "datetime": {"datetime": "2021-06-22 09:59:01", "elapsed": 151.231071, "delta": 1.081699}}
{"target": -10.156873011208043, "params": {"C": 27289.452957714573, "gamma": 0.0372038078394939}, "datetime": {"datetime": "2021-06-22 09:59:02", "elapsed": 152.223979, "delta": 0.992908}}
{"target": -10.358386534525096, "params": {"C": 27310.933478130253, "gamma": 0.05483022021573883}, "datetime": {"datetime": "2021-06-22 09:59:03", "elapsed": 153.150827, "delta": 0.926848}}
{"target": -10.133736846249604, "params": {"C": 27345.08310993945, "gamma": 0.04442332272593268}, "datetime": {"datetime": "2021-06-22 09:59:04", "elapsed": 154.127061, "delta": 0.976234}}
