{"target": -16.29692470735073, "params": {"C": 3721.70270549274, "gamma": 0.01188527901642986}, "datetime": {"datetime": "2021-06-28 15:59:55", "elapsed": 159.519763, "delta": 1.467811}}
{"target": -16.961191285819332, "params": {"C": 5409.643495484698, "gamma": 0.057578986775829635}, "datetime": {"datetime": "2021-06-28 15:59:56", "elapsed": 160.356653, "delta": 0.83689}}
{"target": -18.993411652356926, "params": {"C": 8273.644347756988, "gamma": 0.08232816028551619}, "datetime": {"datetime": "2021-06-28 15:59:57", "elapsed": 161.419295, "delta": 1.062642}}
{"target": -17.707343325801606, "params": {"C": 9061.771230373004, "gamma": 0.06320146944946685}, "datetime": {"datetime": "2021-06-28 15:59:58", "elapsed": 162.481092, "delta": 1.061797}}
{"target": -16.23453535602861, "params": {"C": 9061.665701540349, "gamma": 0.018454106395944025}, "datetime": {"datetime": "2021-06-28 15:59:59", "elapsed": 163.494129, "delta": 1.013037}}
{"target": -16.007319000840287, "params": {"C": 5626.763581406283, "gamma": 0.020391899071350278}, "datetime": {"datetime": "2021-06-28 16:00:00", "elapsed": 164.553842, "delta": 1.059713}}
{"target": -16.38857549980646, "params": {"C": 1437.7015465218485, "gamma": 0.042767613586910135}, "datetime": {"datetime": "2021-06-28 16:00:01", "elapsed": 165.384477, "delta": 0.830635}}
{"target": -18.192129085883423, "params": {"C": 1412.5451556060148, "gamma": 0.08471827486066134}, "datetime": {"datetime": "2021-06-28 16:00:03", "elapsed": 166.732139, "delta": 1.347662}}
{"target": -16.38077912334013, "params": {"C": 5072.397576069538, "gamma": 0.04543933951828333}, "datetime": {"datetime": "2021-06-28 16:00:04", "elapsed": 168.092159, "delta": 1.36002}}
{"target": -16.957616916677622, "params": {"C": 7767.605918295724, "gamma": 0.05291602330310078}, "datetime": {"datetime": "2021-06-28 16:00:05", "elapsed": 169.098159, "delta": 1.006}}
{"target": -17.17670668343111, "params": {"C": 1418.2290022223135, "gamma": 0.06397456541097392}, "datetime": {"datetime": "2021-06-28 16:00:06", "elapsed": 170.38593, "delta": 1.287771}}
{"target": -16.74728754484952, "params": {"C": 8953.2161804539, "gamma": 0.046469401071124836}, "datetime": {"datetime": "2021-06-28 16:00:07", "elapsed": 171.597759, "delta": 1.211829}}
{"target": -19.801603980529272, "params": {"C": 8953.104084430513, "gamma": 0.09146842069999268}, "datetime": {"datetime": "2021-06-28 16:00:09", "elapsed": 172.802757, "delta": 1.204998}}
{"target": -17.07424143003342, "params": {"C": 1416.792640987196, "gamma": 0.061658383055692004}, "datetime": {"datetime": "2021-06-28 16:00:10", "elapsed": 173.781339, "delta": 0.978582}}
{"target": -18.032734142437974, "params": {"C": 2789.114808737835, "gamma": 0.08256965501903406}, "datetime": {"datetime": "2021-06-28 16:00:10", "elapsed": 174.626339, "delta": 0.845}}
{"target": -16.885267664228707, "params": {"C": 1412.2411855501366, "gamma": 0.012246961694246414}, "datetime": {"datetime": "2021-06-28 16:00:12", "elapsed": 175.857745, "delta": 1.231406}}
{"target": -16.125110672083338, "params": {"C": 6928.220686656496, "gamma": 0.026955804115930418}, "datetime": {"datetime": "2021-06-28 16:00:13", "elapsed": 176.714745, "delta": 0.857}}
{"target": -16.10252583196835, "params": {"C": 6479.077785053123, "gamma": 0.014921365792402812}, "datetime": {"datetime": "2021-06-28 16:00:14", "elapsed": 177.743292, "delta": 1.028547}}
{"target": -16.05526797552086, "params": {"C": 5730.1774669561855, "gamma": 0.029842720183597925}, "datetime": {"datetime": "2021-06-28 16:00:15", "elapsed": 178.801953, "delta": 1.058661}}
{"target": -17.244518225900347, "params": {"C": 2786.586881537245, "gamma": 0.06830848365622588}, "datetime": {"datetime": "2021-06-28 16:00:16", "elapsed": 179.850309, "delta": 1.048356}}
{"target": -18.273397222095124, "params": {"C": 2786.6545877833278, "gamma": 0.08678860040855918}, "datetime": {"datetime": "2021-06-28 16:00:17", "elapsed": 180.914947, "delta": 1.064638}}
{"target": -18.012728721193184, "params": {"C": 5730.037760354742, "gamma": 0.07439291716307044}, "datetime": {"datetime": "2021-06-28 16:00:18", "elapsed": 182.570261, "delta": 1.655314}}
{"target": -17.629980835140806, "params": {"C": 5730.206514461747, "gamma": 0.06841622721085369}, "datetime": {"datetime": "2021-06-28 16:00:19", "elapsed": 183.586217, "delta": 1.015956}}
{"target": -17.27936217966032, "params": {"C": 9582.874543251164, "gamma": 0.05578397410015633}, "datetime": {"datetime": "2021-06-28 16:00:20", "elapsed": 184.63407, "delta": 1.047853}}
{"target": -16.254273274716226, "params": {"C": 6464.357276120168, "gamma": 0.01054929207478019}, "datetime": {"datetime": "2021-06-28 16:00:22", "elapsed": 185.723884, "delta": 1.089814}}
{"target": -16.330343049047354, "params": {"C": 6928.642517663494, "gamma": 0.038845340769304806}, "datetime": {"datetime": "2021-06-28 16:00:23", "elapsed": 187.041516, "delta": 1.317632}}
{"target": -17.42467495562324, "params": {"C": 6893.040028164039, "gamma": 0.06266458552682266}, "datetime": {"datetime": "2021-06-28 16:00:24", "elapsed": 188.247202, "delta": 1.205686}}
{"target": -17.24842414037853, "params": {"C": 9754.096227388183, "gamma": 0.05502249170055727}, "datetime": {"datetime": "2021-06-28 16:00:25", "elapsed": 189.482703, "delta": 1.235501}}
{"target": -16.187800253654423, "params": {"C": 1604.708149505479, "gamma": 0.025098737625941878}, "datetime": {"datetime": "2021-06-28 16:00:27", "elapsed": 191.136359, "delta": 1.653656}}
{"target": -16.447279666221483, "params": {"C": 4925.129059600075, "gamma": 0.04754465610419534}, "datetime": {"datetime": "2021-06-28 16:00:28", "elapsed": 192.352811, "delta": 1.216452}}
{"target": -16.302575252530687, "params": {"C": 9268.66521757481, "gamma": 0.026070265289389022}, "datetime": {"datetime": "2021-06-28 16:00:29", "elapsed": 193.247438, "delta": 0.894627}}
{"target": -16.557215108866046, "params": {"C": 9874.029771916146, "gamma": 0.03942560089907346}, "datetime": {"datetime": "2021-06-28 16:00:30", "elapsed": 194.174868, "delta": 0.92743}}
{"target": -17.552217749672106, "params": {"C": 1414.7851333963379, "gamma": 0.07193520309079417}, "datetime": {"datetime": "2021-06-28 16:00:31", "elapsed": 195.218362, "delta": 1.043494}}
{"target": -18.54005869538746, "params": {"C": 1250.5977728142616, "gamma": 0.09022809564845095}, "datetime": {"datetime": "2021-06-28 16:00:32", "elapsed": 196.487373, "delta": 1.269011}}
{"target": -17.9605674414776, "params": {"C": 2592.6866749793357, "gamma": 0.0816791781038757}, "datetime": {"datetime": "2021-06-28 16:00:33", "elapsed": 197.43997, "delta": 0.952597}}
{"target": -16.13729967041352, "params": {"C": 3889.619068387942, "gamma": 0.040990373503944674}, "datetime": {"datetime": "2021-06-28 16:00:34", "elapsed": 198.392816, "delta": 0.952846}}
{"target": -16.19648331597288, "params": {"C": 2605.9215809975294, "gamma": 0.015991447771988947}, "datetime": {"datetime": "2021-06-28 16:00:35", "elapsed": 199.303069, "delta": 0.910253}}
{"target": -19.014163367824942, "params": {"C": 9268.638663462894, "gamma": 0.08048251377702229}, "datetime": {"datetime": "2021-06-28 16:00:36", "elapsed": 200.457476, "delta": 1.154407}}
{"target": -18.17297984936517, "params": {"C": 9114.049842305922, "gamma": 0.06967446590165587}, "datetime": {"datetime": "2021-06-28 16:00:37", "elapsed": 201.412475, "delta": 0.954999}}
{"target": -17.1730203272998, "params": {"C": 859.47380232076, "gamma": 0.05162691652644777}, "datetime": {"datetime": "2021-06-28 16:00:39", "elapsed": 202.762989, "delta": 1.350514}}
{"target": -16.061081289369028, "params": {"C": 6479.139535750954, "gamma": 0.021502861143407964}, "datetime": {"datetime": "2021-06-28 16:00:40", "elapsed": 204.041798, "delta": 1.278809}}
{"target": -16.24619711113597, "params": {"C": 9268.702152119118, "gamma": 0.011329462950914807}, "datetime": {"datetime": "2021-06-28 16:00:41", "elapsed": 205.250451, "delta": 1.208653}}
{"target": -16.64491821980597, "params": {"C": 1604.6518442779568, "gamma": 0.013916300011382582}, "datetime": {"datetime": "2021-06-28 16:00:42", "elapsed": 206.560271, "delta": 1.30982}}
{"target": -19.723902075874218, "params": {"C": 9189.237020792962, "gamma": 0.08987754699873762}, "datetime": {"datetime": "2021-06-28 16:00:43", "elapsed": 207.539873, "delta": 0.979602}}
{"target": -16.263094868450708, "params": {"C": 4564.637366817791, "gamma": 0.043350773458210395}, "datetime": {"datetime": "2021-06-28 16:00:44", "elapsed": 208.549738, "delta": 1.009865}}
{"target": -16.6857695725648, "params": {"C": 1276.9250877408413, "gamma": 0.016389481727672062}, "datetime": {"datetime": "2021-06-28 16:00:45", "elapsed": 209.541371, "delta": 0.991633}}
{"target": -18.131782905811374, "params": {"C": 6893.474761441335, "gamma": 0.07344415733598698}, "datetime": {"datetime": "2021-06-28 16:00:47", "elapsed": 210.748581, "delta": 1.20721}}
{"target": -15.913771161839652, "params": {"C": 2786.6768829168795, "gamma": 0.02661203113529454}, "datetime": {"datetime": "2021-06-28 16:00:48", "elapsed": 211.989605, "delta": 1.241024}}
{"target": -16.32463274434069, "params": {"C": 9579.383556700577, "gamma": 0.02596677947222706}, "datetime": {"datetime": "2021-06-28 16:00:50", "elapsed": 213.750945, "delta": 1.76134}}
{"target": -19.51667330972147, "params": {"C": 9061.608170123673, "gamma": 0.0874570084496086}, "datetime": {"datetime": "2021-06-28 16:00:51", "elapsed": 214.956778, "delta": 1.205833}}
{"target": -16.012897648264616, "params": {"C": 4925.181960180491, "gamma": 0.017464882772069992}, "datetime": {"datetime": "2021-06-28 16:00:52", "elapsed": 216.19354, "delta": 1.236762}}
{"target": -18.73374200600543, "params": {"C": 4925.181612450614, "gamma": 0.08765032318942917}, "datetime": {"datetime": "2021-06-28 16:00:53", "elapsed": 217.525027, "delta": 1.331487}}
{"target": -16.592585608966104, "params": {"C": 9873.972982331747, "gamma": 0.040617178141648835}, "datetime": {"datetime": "2021-06-28 16:00:55", "elapsed": 218.892361, "delta": 1.367334}}
{"target": -17.875786934779455, "params": {"C": 2605.9024270882014, "gamma": 0.08014016928039448}, "datetime": {"datetime": "2021-06-28 16:00:56", "elapsed": 220.202114, "delta": 1.309753}}
{"target": -17.1739860760885, "params": {"C": 5626.880973786744, "gamma": 0.0610084899991038}, "datetime": {"datetime": "2021-06-28 16:00:59", "elapsed": 223.077543, "delta": 2.875429}}
{"target": -16.002942602249785, "params": {"C": 4925.256900043389, "gamma": 0.03088070874687371}, "datetime": {"datetime": "2021-06-28 16:01:00", "elapsed": 224.502196, "delta": 1.424653}}
{"target": -16.2069495746378, "params": {"C": 1870.6325029016891, "gamma": 0.02013812963813152}, "datetime": {"datetime": "2021-06-28 16:01:02", "elapsed": 226.212207, "delta": 1.710011}}
{"target": -18.15388220708052, "params": {"C": 6478.888621307759, "gamma": 0.07471094950526572}, "datetime": {"datetime": "2021-06-28 16:01:03", "elapsed": 227.464935, "delta": 1.252728}}
{"target": -16.965015463585694, "params": {"C": 3998.402692488518, "gamma": 0.0607327593278187}, "datetime": {"datetime": "2021-06-28 16:01:04", "elapsed": 228.552652, "delta": 1.087717}}
{"target": -18.835727734788062, "params": {"C": 8632.666768392764, "gamma": 0.07945096012104863}, "datetime": {"datetime": "2021-06-28 16:01:06", "elapsed": 229.667159, "delta": 1.114507}}
{"target": -16.24277725835431, "params": {"C": 1413.5107493175576, "gamma": 0.029539431910711116}, "datetime": {"datetime": "2021-06-28 16:01:07", "elapsed": 231.246046, "delta": 1.578887}}
{"target": -20.089357224055934, "params": {"C": 9722.46446104711, "gamma": 0.09341491481121522}, "datetime": {"datetime": "2021-06-28 16:01:08", "elapsed": 232.376692, "delta": 1.130646}}
{"target": -16.752438784094892, "params": {"C": 1475.3285722523308, "gamma": 0.013410958765058854}, "datetime": {"datetime": "2021-06-28 16:01:10", "elapsed": 233.845354, "delta": 1.468662}}
{"target": -17.879496737277872, "params": {"C": 962.6177619268691, "gamma": 0.07201101022245972}, "datetime": {"datetime": "2021-06-28 16:01:11", "elapsed": 234.931027, "delta": 1.085673}}
{"target": -16.08127123935973, "params": {"C": 6678.720706020651, "gamma": 0.023371358100983685}, "datetime": {"datetime": "2021-06-28 16:01:12", "elapsed": 236.032004, "delta": 1.100977}}
{"target": -15.96062656924207, "params": {"C": 4498.848426125555, "gamma": 0.02995836274461866}, "datetime": {"datetime": "2021-06-28 16:01:13", "elapsed": 237.220003, "delta": 1.187999}}
{"target": -17.473078272817695, "params": {"C": 9753.932917328788, "gamma": 0.05863419430892844}, "datetime": {"datetime": "2021-06-28 16:01:15", "elapsed": 239.188331, "delta": 1.968328}}
{"target": -17.109234043839198, "params": {"C": 6678.806453682884, "gamma": 0.057716936580917255}, "datetime": {"datetime": "2021-06-28 16:01:17", "elapsed": 240.691792, "delta": 1.503461}}
{"target": -18.573943374982253, "params": {"C": 2902.0760661663176, "gamma": 0.09169549687505128}, "datetime": {"datetime": "2021-06-28 16:01:18", "elapsed": 241.789539, "delta": 1.097747}}
{"target": -15.907150136627829, "params": {"C": 3889.692942040373, "gamma": 0.0250304047079708}, "datetime": {"datetime": "2021-06-28 16:01:20", "elapsed": 243.746401, "delta": 1.956862}}
{"target": -16.239480703368233, "params": {"C": 6479.075563897637, "gamma": 0.010808000426025054}, "datetime": {"datetime": "2021-06-28 16:01:21", "elapsed": 244.86684, "delta": 1.120439}}
{"target": -16.006464012164752, "params": {"C": 4925.335238907695, "gamma": 0.031146743289640545}, "datetime": {"datetime": "2021-06-28 16:01:23", "elapsed": 246.856592, "delta": 1.989752}}
{"target": -15.952643659712141, "params": {"C": 4564.591051647913, "gamma": 0.028632923194802498}, "datetime": {"datetime": "2021-06-28 16:01:24", "elapsed": 248.422967, "delta": 1.566375}}
{"target": -16.568626347403303, "params": {"C": 6678.609196727002, "gamma": 0.04655817489869052}, "datetime": {"datetime": "2021-06-28 16:01:26", "elapsed": 249.865643, "delta": 1.442676}}
{"target": -17.800361664702262, "params": {"C": 4546.21882148886, "gamma": 0.07406717127949042}, "datetime": {"datetime": "2021-06-28 16:01:27", "elapsed": 250.968279, "delta": 1.102636}}
{"target": -17.86124976415132, "params": {"C": 6678.711871240626, "gamma": 0.06990647273093077}, "datetime": {"datetime": "2021-06-28 16:01:28", "elapsed": 252.36773, "delta": 1.399451}}
{"target": -19.053119260235558, "params": {"C": 6603.970158612611, "gamma": 0.08734207921179861}, "datetime": {"datetime": "2021-06-28 16:01:29", "elapsed": 253.448492, "delta": 1.080762}}
{"target": -17.957977211119893, "params": {"C": 4881.94211112839, "gamma": 0.07571648693520498}, "datetime": {"datetime": "2021-06-28 16:01:30", "elapsed": 254.559253, "delta": 1.110761}}
{"target": -18.165113321929685, "params": {"C": 3889.688254282673, "gamma": 0.08184312673911767}, "datetime": {"datetime": "2021-06-28 16:01:32", "elapsed": 256.029887, "delta": 1.470634}}
{"target": -18.635724870480548, "params": {"C": 4383.331193821909, "gamma": 0.0878749316310895}, "datetime": {"datetime": "2021-06-28 16:01:33", "elapsed": 257.098727, "delta": 1.06884}}
{"target": -17.250685632331308, "params": {"C": 2080.309078533107, "gamma": 0.06861946189571687}, "datetime": {"datetime": "2021-06-28 16:01:34", "elapsed": 258.249731, "delta": 1.151004}}
{"target": -16.701285088310954, "params": {"C": 3738.084043861141, "gamma": 0.055937843946575465}, "datetime": {"datetime": "2021-06-28 16:01:36", "elapsed": 260.011906, "delta": 1.762175}}
{"target": -16.05305457831702, "params": {"C": 2786.7783030320234, "gamma": 0.01873058795181861}, "datetime": {"datetime": "2021-06-28 16:01:38", "elapsed": 261.942828, "delta": 1.930922}}
{"target": -17.111404835426914, "params": {"C": 4498.90556771586, "gamma": 0.062377564611827356}, "datetime": {"datetime": "2021-06-28 16:01:39", "elapsed": 263.403934, "delta": 1.461106}}
{"target": -16.0904493380577, "params": {"C": 6712.782287319622, "gamma": 0.01658455478112329}, "datetime": {"datetime": "2021-06-28 16:01:40", "elapsed": 264.647197, "delta": 1.243263}}
{"target": -17.089074051932236, "params": {"C": 4564.553710142595, "gamma": 0.06182019256455846}, "datetime": {"datetime": "2021-06-28 16:01:43", "elapsed": 267.134966, "delta": 2.487769}}
{"target": -18.391310034177152, "params": {"C": 3986.9145362177564, "gamma": 0.08523453443381511}, "datetime": {"datetime": "2021-06-28 16:01:44", "elapsed": 268.332685, "delta": 1.197719}}
{"target": -16.13743791767097, "params": {"C": 7492.184964425141, "gamma": 0.021807933424764607}, "datetime": {"datetime": "2021-06-28 16:01:46", "elapsed": 270.022166, "delta": 1.689481}}
{"target": -17.541159105868754, "params": {"C": 1604.736188699249, "gamma": 0.07300596015951441}, "datetime": {"datetime": "2021-06-28 16:01:47", "elapsed": 271.64531, "delta": 1.623144}}
{"target": -16.195595700803718, "params": {"C": 4925.368082611677, "gamma": 0.040146087615644456}, "datetime": {"datetime": "2021-06-28 16:01:50", "elapsed": 273.678768, "delta": 2.033458}}
{"target": -17.070197259088786, "params": {"C": 6828.411215985279, "gamma": 0.05672667404092645}, "datetime": {"datetime": "2021-06-28 16:01:51", "elapsed": 274.919831, "delta": 1.241063}}
{"target": -17.693667492292533, "params": {"C": 4498.821228900087, "gamma": 0.07243888724791239}, "datetime": {"datetime": "2021-06-28 16:01:53", "elapsed": 276.853632, "delta": 1.933801}}
{"target": -16.518355977258178, "params": {"C": 9836.79141997779, "gamma": 0.0380649043987869}, "datetime": {"datetime": "2021-06-28 16:01:54", "elapsed": 278.018812, "delta": 1.16518}}
{"target": -17.393184963366185, "params": {"C": 934.7742502630513, "gamma": 0.011208221807431043}, "datetime": {"datetime": "2021-06-28 16:01:55", "elapsed": 279.215807, "delta": 1.196995}}
{"target": -16.078294500682187, "params": {"C": 6712.736894850452, "gamma": 0.021652530135534837}, "datetime": {"datetime": "2021-06-28 16:01:57", "elapsed": 280.906648, "delta": 1.690841}}
{"target": -18.932523966825592, "params": {"C": 1413.446957483193, "gamma": 0.09921383320516067}, "datetime": {"datetime": "2021-06-28 16:01:59", "elapsed": 282.711979, "delta": 1.805331}}
{"target": -17.821251611895597, "params": {"C": 6712.716826344237, "gamma": 0.06922915986633574}, "datetime": {"datetime": "2021-06-28 16:02:01", "elapsed": 284.771451, "delta": 2.059472}}
{"target": -16.61742813445227, "params": {"C": 6479.077604087278, "gamma": 0.04817070068859394}, "datetime": {"datetime": "2021-06-28 16:02:03", "elapsed": 286.723115, "delta": 1.951664}}
{"target": -18.15589612495538, "params": {"C": 6479.151694079478, "gamma": 0.07474000009949502}, "datetime": {"datetime": "2021-06-28 16:02:04", "elapsed": 288.348929, "delta": 1.625814}}
{"target": -17.46455254850425, "params": {"C": 1475.4290282495906, "gamma": 0.07061765078724015}, "datetime": {"datetime": "2021-06-28 16:02:06", "elapsed": 289.95147, "delta": 1.602541}}
{"target": -16.294670161244888, "params": {"C": 5759.513844365651, "gamma": 0.010197342328415817}, "datetime": {"datetime": "2021-06-28 16:02:08", "elapsed": 291.986909, "delta": 2.035439}}
{"target": -16.077277476243967, "params": {"C": 1870.3525158732357, "gamma": 0.025692695948857758}, "datetime": {"datetime": "2021-06-28 16:02:10", "elapsed": 293.768429, "delta": 1.78152}}
{"target": -20.13734349215833, "params": {"C": 9874.04574171966, "gamma": 0.09368638495088791}, "datetime": {"datetime": "2021-06-28 16:02:11", "elapsed": 295.438244, "delta": 1.669815}}
{"target": -17.110376586508686, "params": {"C": 813.4309474995558, "gamma": 0.04739872337506665}, "datetime": {"datetime": "2021-06-28 16:02:13", "elapsed": 297.055206, "delta": 1.616962}}
{"target": -16.25142860582533, "params": {"C": 6678.6948801711715, "gamma": 0.010547876195250142}, "datetime": {"datetime": "2021-06-28 16:02:14", "elapsed": 298.653221, "delta": 1.598015}}
{"target": -16.339979551146495, "params": {"C": 1437.6559269346537, "gamma": 0.040658558319873694}, "datetime": {"datetime": "2021-06-28 16:02:16", "elapsed": 300.294793, "delta": 1.641572}}
{"target": -16.601020006508712, "params": {"C": 1306.7305358739043, "gamma": 0.04768279344117573}, "datetime": {"datetime": "2021-06-28 16:02:17", "elapsed": 301.609464, "delta": 1.314671}}
{"target": -17.78274530060778, "params": {"C": 3950.3933122744997, "gamma": 0.07534640996962098}, "datetime": {"datetime": "2021-06-28 16:02:19", "elapsed": 302.834525, "delta": 1.225061}}
{"target": -16.410697896389852, "params": {"C": 2786.79853171018, "gamma": 0.05051717535700456}, "datetime": {"datetime": "2021-06-28 16:02:20", "elapsed": 304.590161, "delta": 1.755636}}
{"target": -17.423204080272885, "params": {"C": 7492.174119560107, "gamma": 0.06151296837710012}, "datetime": {"datetime": "2021-06-28 16:02:22", "elapsed": 306.336188, "delta": 1.746027}}
{"target": -16.90670689242065, "params": {"C": 5072.292402038553, "gamma": 0.057261042766523884}, "datetime": {"datetime": "2021-06-28 16:02:24", "elapsed": 308.041919, "delta": 1.705731}}
{"target": -17.828444450073373, "params": {"C": 4564.596343785539, "gamma": 0.07447606979254677}, "datetime": {"datetime": "2021-06-28 16:02:25", "elapsed": 309.625324, "delta": 1.583405}}
{"target": -16.035363769782364, "params": {"C": 4564.546958769741, "gamma": 0.01639165629562305}, "datetime": {"datetime": "2021-06-28 16:02:27", "elapsed": 311.23157, "delta": 1.606246}}
{"target": -16.86928096937642, "params": {"C": 1412.1630025692984, "gamma": 0.056750348468200776}, "datetime": {"datetime": "2021-06-28 16:02:29", "elapsed": 313.12524, "delta": 1.89367}}
{"target": -16.15408870985183, "params": {"C": 1609.9738495331612, "gamma": 0.03351766083474766}, "datetime": {"datetime": "2021-06-28 16:02:30", "elapsed": 314.369975, "delta": 1.244735}}
{"target": -19.393935379816504, "params": {"C": 6678.577523112265, "gamma": 0.09199218352270801}, "datetime": {"datetime": "2021-06-28 16:02:32", "elapsed": 316.10024, "delta": 1.730265}}
