{"target": -10.498507750862114, "params": {"C": 4791.230908576083, "gamma": 0.026270318269873215}, "datetime": {"datetime": "2021-06-22 08:16:50", "elapsed": 428.043237, "delta": 3.152133}}
{"target": -11.132230137015565, "params": {"C": 4387.218501194814, "gamma": 0.010060263964188272}, "datetime": {"datetime": "2021-06-22 08:16:53", "elapsed": 430.50076, "delta": 2.457523}}
{"target": -10.489389783784494, "params": {"C": 4376.756542513023, "gamma": 0.028750647657286306}, "datetime": {"datetime": "2021-06-22 08:16:56", "elapsed": 433.184927, "delta": 2.684167}}
{"target": -10.171507188910766, "params": {"C": 7837.891502574288, "gamma": 0.0493221154118458}, "datetime": {"datetime": "2021-06-22 08:16:58", "elapsed": 435.3885, "delta": 2.203573}}
{"target": -10.425693371116203, "params": {"C": 6305.4217587293715, "gamma": 0.024856354009818026}, "datetime": {"datetime": "2021-06-22 08:17:00", "elapsed": 437.104969, "delta": 1.716469}}
{"target": -10.236459546422305, "params": {"C": 6278.482269529481, "gamma": 0.04479991536549864}, "datetime": {"datetime": "2021-06-22 08:17:01", "elapsed": 438.878277, "delta": 1.773308}}
{"target": -10.856815829012847, "params": {"C": 4495.35767612157, "gamma": 0.013637327196993076}, "datetime": {"datetime": "2021-06-22 08:17:04", "elapsed": 441.304756, "delta": 2.426479}}
{"target": -10.797097640515767, "params": {"C": 4085.5559796557354, "gamma": 0.015887103593096818}, "datetime": {"datetime": "2021-06-22 08:17:05", "elapsed": 443.054622, "delta": 1.749866}}
{"target": -10.50039371546006, "params": {"C": 5016.904411022928, "gamma": 0.025317376958312376}, "datetime": {"datetime": "2021-06-22 08:17:07", "elapsed": 444.854658, "delta": 1.800036}}
{"target": -10.410235210922131, "params": {"C": 6429.282623152367, "gamma": 0.02520664641030798}, "datetime": {"datetime": "2021-06-22 08:17:09", "elapsed": 446.690769, "delta": 1.836111}}
{"target": -10.290716348113818, "params": {"C": 5548.419095296163, "gamma": 0.04548058875518346}, "datetime": {"datetime": "2021-06-22 08:17:12", "elapsed": 449.107624, "delta": 2.416855}}
{"target": -10.590711835487458, "params": {"C": 7274.758663355322, "gamma": 0.016567788218562834}, "datetime": {"datetime": "2021-06-22 08:17:14", "elapsed": 451.591834, "delta": 2.48421}}
{"target": -10.54621291377255, "params": {"C": 7284.458457662686, "gamma": 0.01809777888339349}, "datetime": {"datetime": "2021-06-22 08:17:16", "elapsed": 453.481915, "delta": 1.890081}}
{"target": -10.523576592091576, "params": {"C": 7298.093141105347, "gamma": 0.018879492699372807}, "datetime": {"datetime": "2021-06-22 08:17:18", "elapsed": 455.355682, "delta": 1.873767}}
{"target": -10.161353449540957, "params": {"C": 7607.706606100564, "gamma": 0.04558489738016678}, "datetime": {"datetime": "2021-06-22 08:17:20", "elapsed": 457.345327, "delta": 1.989645}}
{"target": -10.966612108822227, "params": {"C": 4361.119747814207, "gamma": 0.012009469043875119}, "datetime": {"datetime": "2021-06-22 08:17:24", "elapsed": 461.706329, "delta": 4.361002}}
{"target": -10.694376678096273, "params": {"C": 4348.714426703758, "gamma": 0.018591309235955908}, "datetime": {"datetime": "2021-06-22 08:17:26", "elapsed": 464.042534, "delta": 2.336205}}
{"target": -10.429860415253883, "params": {"C": 5141.884163554988, "gamma": 0.028705169204551066}, "datetime": {"datetime": "2021-06-22 08:17:29", "elapsed": 466.31778, "delta": 2.275246}}
{"target": -10.546586282972392, "params": {"C": 6012.194792865441, "gamma": 0.020452151050308072}, "datetime": {"datetime": "2021-06-22 08:17:32", "elapsed": 469.121653, "delta": 2.803873}}
{"target": -10.18109761033183, "params": {"C": 7102.9596870746045, "gamma": 0.04036382415951527}, "datetime": {"datetime": "2021-06-22 08:17:34", "elapsed": 471.195507, "delta": 2.073854}}
{"target": -10.215157960415896, "params": {"C": 7036.481031394505, "gamma": 0.04880542441382287}, "datetime": {"datetime": "2021-06-22 08:17:36", "elapsed": 473.377655, "delta": 2.182148}}
{"target": -10.480549385905864, "params": {"C": 4607.452270096803, "gamma": 0.02804551904925389}, "datetime": {"datetime": "2021-06-22 08:17:38", "elapsed": 475.878488, "delta": 2.500833}}
{"target": -10.558297848644001, "params": {"C": 5580.306958580844, "gamma": 0.020991335328722924}, "datetime": {"datetime": "2021-06-22 08:17:40", "elapsed": 477.794856, "delta": 1.916368}}
{"target": -10.820755603839896, "params": {"C": 5606.503437066069, "gamma": 0.012685568744386568}, "datetime": {"datetime": "2021-06-22 08:17:44", "elapsed": 481.519414, "delta": 3.724558}}
{"target": -10.418455691248232, "params": {"C": 4311.698611797766, "gamma": 0.05}, "datetime": {"datetime": "2021-06-22 08:17:47", "elapsed": 484.95968, "delta": 3.440266}}
{"target": -10.544439276271689, "params": {"C": 5745.518679541251, "gamma": 0.021164352880489297}, "datetime": {"datetime": "2021-06-22 08:17:49", "elapsed": 486.832794, "delta": 1.873114}}
{"target": -10.179991945302861, "params": {"C": 7627.745847943745, "gamma": 0.04880621692064873}, "datetime": {"datetime": "2021-06-22 08:17:51", "elapsed": 488.743296, "delta": 1.910502}}
{"target": -10.281648367570353, "params": {"C": 5616.365464314154, "gamma": 0.043486917013121636}, "datetime": {"datetime": "2021-06-22 08:17:53", "elapsed": 490.74801, "delta": 2.004714}}
{"target": -10.663883205047146, "params": {"C": 6249.4244672621735, "gamma": 0.015619879515213543}, "datetime": {"datetime": "2021-06-22 08:17:55", "elapsed": 492.796547, "delta": 2.048537}}
{"target": -10.346583840279008, "params": {"C": 6238.882644436882, "gamma": 0.029064569168473643}, "datetime": {"datetime": "2021-06-22 08:17:58", "elapsed": 495.588243, "delta": 2.791696}}
{"target": -10.238166397766863, "params": {"C": 6259.414222205849, "gamma": 0.03995598264109501}, "datetime": {"datetime": "2021-06-22 08:18:01", "elapsed": 498.391262, "delta": 2.803019}}
{"target": -10.654204488721787, "params": {"C": 4242.32659441465, "gamma": 0.020623333486467898}, "datetime": {"datetime": "2021-06-22 08:18:04", "elapsed": 501.696377, "delta": 3.305115}}
{"target": -10.449918028723173, "params": {"C": 5260.065306333927, "gamma": 0.026998124691603002}, "datetime": {"datetime": "2021-06-22 08:18:06", "elapsed": 503.58431, "delta": 1.887933}}
{"target": -10.67882892323846, "params": {"C": 7185.844564772112, "gamma": 0.0139320135333896}, "datetime": {"datetime": "2021-06-22 08:18:09", "elapsed": 506.184569, "delta": 2.600259}}
{"target": -10.20629306943444, "params": {"C": 7208.653302581264, "gamma": 0.034247818657542735}, "datetime": {"datetime": "2021-06-22 08:18:11", "elapsed": 508.47738, "delta": 2.292811}}
{"target": -10.45582688165181, "params": {"C": 6090.655050418538, "gamma": 0.024084090368734566}, "datetime": {"datetime": "2021-06-22 08:18:13", "elapsed": 511.015276, "delta": 2.537896}}
{"target": -10.305009195145267, "params": {"C": 5519.842346869471, "gamma": 0.047599056751635}, "datetime": {"datetime": "2021-06-22 08:18:15", "elapsed": 512.87781, "delta": 1.862534}}
{"target": -10.708567941277769, "params": {"C": 7711.948275214534, "gamma": 0.012672908264359121}, "datetime": {"datetime": "2021-06-22 08:18:19", "elapsed": 516.788945, "delta": 3.911135}}
{"target": -10.36124675711934, "params": {"C": 4991.231272533614, "gamma": 0.03701380710624613}, "datetime": {"datetime": "2021-06-22 08:18:21", "elapsed": 519.018596, "delta": 2.229651}}
{"target": -10.703394000437747, "params": {"C": 7532.777548437314, "gamma": 0.012952509046557226}, "datetime": {"datetime": "2021-06-22 08:18:24", "elapsed": 521.667982, "delta": 2.649386}}
{"target": -10.167506879911327, "params": {"C": 7544.397199590356, "gamma": 0.03638201756399178}, "datetime": {"datetime": "2021-06-22 08:18:26", "elapsed": 523.523377, "delta": 1.855395}}
{"target": -10.204434704281928, "params": {"C": 7464.735754627893, "gamma": 0.03297514947534582}, "datetime": {"datetime": "2021-06-22 08:18:28", "elapsed": 525.528698, "delta": 2.005321}}
{"target": -10.89157357307676, "params": {"C": 6079.45128670018, "gamma": 0.011038733338571622}, "datetime": {"datetime": "2021-06-22 08:18:31", "elapsed": 528.229727, "delta": 2.701029}}
{"target": -10.438299221501287, "params": {"C": 6068.773012700967, "gamma": 0.024940464676742075}, "datetime": {"datetime": "2021-06-22 08:18:33", "elapsed": 530.194339, "delta": 1.964612}}
{"target": -11.216462410748408, "params": {"C": 4176.3736185393855, "gamma": 0.009528526089154497}, "datetime": {"datetime": "2021-06-22 08:18:35", "elapsed": 532.1835, "delta": 1.989161}}
{"target": -10.450211408290206, "params": {"C": 4187.892258696859, "gamma": 0.03516774644234821}, "datetime": {"datetime": "2021-06-22 08:18:37", "elapsed": 534.887917, "delta": 2.704417}}
{"target": -10.911495379258266, "params": {"C": 6052.6768547339325, "gamma": 0.010816569662606117}, "datetime": {"datetime": "2021-06-22 08:18:40", "elapsed": 537.802196, "delta": 2.914279}}
{"target": -10.31574585493995, "params": {"C": 6668.649029181997, "gamma": 0.029279224882391874}, "datetime": {"datetime": "2021-06-22 08:18:42", "elapsed": 539.787722, "delta": 1.985526}}
{"target": -10.314610912371101, "params": {"C": 5247.664654217555, "gamma": 0.04565995674248425}, "datetime": {"datetime": "2021-06-22 08:18:44", "elapsed": 541.735955, "delta": 1.948233}}
{"target": -10.803628412797547, "params": {"C": 4704.254031966286, "gamma": 0.014439492835012455}, "datetime": {"datetime": "2021-06-22 08:18:46", "elapsed": 543.691789, "delta": 1.955834}}
{"target": -10.663046237051384, "params": {"C": 5091.143577332091, "gamma": 0.01785545125822887}, "datetime": {"datetime": "2021-06-22 08:18:49", "elapsed": 547.010978, "delta": 3.319189}}
{"target": -10.309947067114134, "params": {"C": 5305.450274793233, "gamma": 0.04566918957338197}, "datetime": {"datetime": "2021-06-22 08:18:51", "elapsed": 548.931233, "delta": 1.920255}}
{"target": -10.878821485209613, "params": {"C": 5203.213871489263, "gamma": 0.01217037990912036}, "datetime": {"datetime": "2021-06-22 08:18:53", "elapsed": 550.89998, "delta": 1.968747}}
{"target": -10.42487285515224, "params": {"C": 4102.899669391065, "gamma": 0.043597620680128436}, "datetime": {"datetime": "2021-06-22 08:18:55", "elapsed": 552.981302, "delta": 2.081322}}
{"target": -10.444501585059426, "params": {"C": 6165.413970215193, "gamma": 0.0243931987060253}, "datetime": {"datetime": "2021-06-22 08:18:59", "elapsed": 556.443832, "delta": 3.46253}}
{"target": -10.538525970626097, "params": {"C": 7265.116282499863, "gamma": 0.018400271503766087}, "datetime": {"datetime": "2021-06-22 08:19:02", "elapsed": 559.415434, "delta": 2.971602}}
{"target": -10.583497987491274, "params": {"C": 7257.228621778111, "gamma": 0.016839813647271884}, "datetime": {"datetime": "2021-06-22 08:19:05", "elapsed": 562.089446, "delta": 2.674012}}
{"target": -10.619013385268945, "params": {"C": 7243.288222761138, "gamma": 0.015659970849762443}, "datetime": {"datetime": "2021-06-22 08:19:07", "elapsed": 564.624645, "delta": 2.535199}}
{"target": -10.525476960471519, "params": {"C": 5956.772966261768, "gamma": 0.02144208854285052}, "datetime": {"datetime": "2021-06-22 08:19:10", "elapsed": 568.053608, "delta": 3.428963}}
{"target": -10.996027016667927, "params": {"C": 4329.793112174761, "gamma": 0.011660269658133004}, "datetime": {"datetime": "2021-06-22 08:19:14", "elapsed": 571.21113, "delta": 3.157522}}
{"target": -10.397655310600177, "params": {"C": 4902.697714077999, "gamma": 0.03308747271478639}, "datetime": {"datetime": "2021-06-22 08:19:16", "elapsed": 573.951978, "delta": 2.740848}}
{"target": -10.587473977451708, "params": {"C": 5506.2817705511725, "gamma": 0.01995007573629746}, "datetime": {"datetime": "2021-06-22 08:19:18", "elapsed": 576.015832, "delta": 2.063854}}
{"target": -10.481496407399, "params": {"C": 4594.8096640661715, "gamma": 0.028049851139541566}, "datetime": {"datetime": "2021-06-22 08:19:21", "elapsed": 578.099151, "delta": 2.083319}}
{"target": -10.27786696083491, "params": {"C": 6115.868994453178, "gamma": 0.03530412332087372}, "datetime": {"datetime": "2021-06-22 08:19:24", "elapsed": 581.26744, "delta": 3.168289}}
{"target": -10.272461481996752, "params": {"C": 5788.715907463836, "gamma": 0.04069951433556611}, "datetime": {"datetime": "2021-06-22 08:19:27", "elapsed": 584.916198, "delta": 3.648758}}
{"target": -10.346604679355549, "params": {"C": 5126.722883179652, "gamma": 0.037286834548270004}, "datetime": {"datetime": "2021-06-22 08:19:29", "elapsed": 586.961004, "delta": 2.044806}}
{"target": -10.503923959076372, "params": {"C": 4165.0447345387265, "gamma": 0.029030059429844372}, "datetime": {"datetime": "2021-06-22 08:19:31", "elapsed": 589.053441, "delta": 2.092437}}
{"target": -10.71125441154566, "params": {"C": 7967.673241629674, "gamma": 0.012419801650294876}, "datetime": {"datetime": "2021-06-22 08:19:34", "elapsed": 591.278028, "delta": 2.224587}}
{"target": -10.249686865818049, "params": {"C": 6042.444799158564, "gamma": 0.04162424277855218}, "datetime": {"datetime": "2021-06-22 08:19:36", "elapsed": 593.425569, "delta": 2.147541}}
{"target": -10.186530340373691, "params": {"C": 7219.738350197962, "gamma": 0.04606211224281105}, "datetime": {"datetime": "2021-06-22 08:19:39", "elapsed": 596.138331, "delta": 2.712762}}
{"target": -10.42693772789221, "params": {"C": 4154.085050217964, "gamma": 0.04093601367996285}, "datetime": {"datetime": "2021-06-22 08:19:41", "elapsed": 598.844216, "delta": 2.705885}}
{"target": -10.371419148982778, "params": {"C": 4838.577599282113, "gamma": 0.04967449048604597}, "datetime": {"datetime": "2021-06-22 08:19:45", "elapsed": 602.807233, "delta": 3.963017}}
{"target": -10.367795864694877, "params": {"C": 5188.136781691685, "gamma": 0.033810364926548625}, "datetime": {"datetime": "2021-06-22 08:19:48", "elapsed": 605.544202, "delta": 2.736969}}
{"target": -10.4953434142251, "params": {"C": 4965.445218410649, "gamma": 0.025754266412537585}, "datetime": {"datetime": "2021-06-22 08:19:50", "elapsed": 607.662305, "delta": 2.118103}}
{"target": -10.430776117720166, "params": {"C": 7113.597319208449, "gamma": 0.022733615240629772}, "datetime": {"datetime": "2021-06-22 08:19:55", "elapsed": 612.442536, "delta": 4.780231}}
{"target": -10.225781965928789, "params": {"C": 6458.1603224165, "gamma": 0.039312579670745466}, "datetime": {"datetime": "2021-06-22 08:19:59", "elapsed": 616.258853, "delta": 3.816317}}
{"target": -10.187986032053786, "params": {"C": 7675.533925573271, "gamma": 0.03313220836703044}, "datetime": {"datetime": "2021-06-22 08:20:02", "elapsed": 619.333424, "delta": 3.074571}}
{"target": -10.370291387882578, "params": {"C": 4620.358655749474, "gamma": 0.04377544970504654}, "datetime": {"datetime": "2021-06-22 08:20:06", "elapsed": 623.561499, "delta": 4.228075}}
{"target": -10.710165836949386, "params": {"C": 7477.293824989175, "gamma": 0.012861144739510954}, "datetime": {"datetime": "2021-06-22 08:20:09", "elapsed": 626.582335, "delta": 3.020836}}
{"target": -10.245718238948816, "params": {"C": 6225.878226273098, "gamma": 0.03857281016100778}, "datetime": {"datetime": "2021-06-22 08:20:13", "elapsed": 630.530958, "delta": 3.948623}}
{"target": -10.133918988453686, "params": {"C": 7876.299725208533, "gamma": 0.04096876704378838}, "datetime": {"datetime": "2021-06-22 08:20:15", "elapsed": 632.698498, "delta": 2.16754}}
{"target": -10.33532747053754, "params": {"C": 5005.410135618014, "gamma": 0.04255750945221066}, "datetime": {"datetime": "2021-06-22 08:20:18", "elapsed": 635.55657, "delta": 2.858072}}
{"target": -10.716021513187664, "params": {"C": 4124.373620655683, "gamma": 0.0184374481964412}, "datetime": {"datetime": "2021-06-22 08:20:20", "elapsed": 637.636468, "delta": 2.079898}}
{"target": -10.185339991502772, "params": {"C": 7051.556877259825, "gamma": 0.039591611287015514}, "datetime": {"datetime": "2021-06-22 08:20:22", "elapsed": 639.856565, "delta": 2.220097}}
{"target": -10.293354922052051, "params": {"C": 6387.2397908664125, "gamma": 0.03185708770964119}, "datetime": {"datetime": "2021-06-22 08:20:25", "elapsed": 642.128155, "delta": 2.27159}}
{"target": -10.183364658123855, "params": {"C": 7855.738358893315, "gamma": 0.03258932116724487}, "datetime": {"datetime": "2021-06-22 08:20:27", "elapsed": 644.264334, "delta": 2.136179}}
{"target": -10.331030152620322, "params": {"C": 5389.521133828959, "gamma": 0.0362091347114159}, "datetime": {"datetime": "2021-06-22 08:20:31", "elapsed": 648.77628, "delta": 4.511946}}
{"target": -10.50889085425961, "params": {"C": 4685.408537073551, "gamma": 0.026167281427642644}, "datetime": {"datetime": "2021-06-22 08:20:35", "elapsed": 652.107715, "delta": 3.331435}}
{"target": -10.714704920895251, "params": {"C": 7826.163503908217, "gamma": 0.012441801965526}, "datetime": {"datetime": "2021-06-22 08:20:37", "elapsed": 654.423368, "delta": 2.315653}}
{"target": -10.448075087498632, "params": {"C": 7896.768289819762, "gamma": 0.02076567929994532}, "datetime": {"datetime": "2021-06-22 08:20:40", "elapsed": 657.681104, "delta": 3.257736}}
{"target": -10.211161702637165, "params": {"C": 7907.587119908151, "gamma": 0.030787700483277017}, "datetime": {"datetime": "2021-06-22 08:20:45", "elapsed": 662.087789, "delta": 4.406685}}
{"target": -10.398033673700729, "params": {"C": 5077.890472365026, "gamma": 0.03120573925518358}, "datetime": {"datetime": "2021-06-22 08:20:49", "elapsed": 666.164782, "delta": 4.076993}}
{"target": -10.457614576881587, "params": {"C": 6980.037639612145, "gamma": 0.021924519813225216}, "datetime": {"datetime": "2021-06-22 08:20:52", "elapsed": 669.494856, "delta": 3.330074}}
{"target": -10.210103144673045, "params": {"C": 7564.2748728566075, "gamma": 0.03204659928530147}, "datetime": {"datetime": "2021-06-22 08:20:54", "elapsed": 671.679177, "delta": 2.184321}}
{"target": -11.029234153180589, "params": {"C": 6581.680384237374, "gamma": 0.009092974582030936}, "datetime": {"datetime": "2021-06-22 08:20:57", "elapsed": 674.649521, "delta": 2.970344}}
{"target": -10.217828227980466, "params": {"C": 6590.381137027742, "gamma": 0.038942316113819334}, "datetime": {"datetime": "2021-06-22 08:21:00", "elapsed": 677.958477, "delta": 3.308956}}
{"target": -10.215471007954136, "params": {"C": 6572.171299548998, "gamma": 0.03996557363525029}, "datetime": {"datetime": "2021-06-22 08:21:04", "elapsed": 681.774345, "delta": 3.815868}}
{"target": -10.153617688518562, "params": {"C": 7598.056788399474, "gamma": 0.04415228978463728}, "datetime": {"datetime": "2021-06-22 08:21:08", "elapsed": 685.455521, "delta": 3.681176}}
{"target": -10.332305919171645, "params": {"C": 5236.470231543172, "gamma": 0.03784304205518638}, "datetime": {"datetime": "2021-06-22 08:21:10", "elapsed": 687.835475, "delta": 2.379954}}
{"target": -10.172469568074977, "params": {"C": 7650.4425339541685, "gamma": 0.03470611121018362}, "datetime": {"datetime": "2021-06-22 08:21:13", "elapsed": 691.019414, "delta": 3.183939}}
{"target": -10.548963152597386, "params": {"C": 6716.839737054156, "gamma": 0.01894857450872526}, "datetime": {"datetime": "2021-06-22 08:21:16", "elapsed": 693.475413, "delta": 2.455999}}
{"target": -10.13961381791025, "params": {"C": 7818.393997371517, "gamma": 0.03959941195849904}, "datetime": {"datetime": "2021-06-22 08:21:20", "elapsed": 697.268323, "delta": 3.79291}}
{"target": -10.752090430589433, "params": {"C": 5213.704418049917, "gamma": 0.014785922605462288}, "datetime": {"datetime": "2021-06-22 08:21:24", "elapsed": 701.2693, "delta": 4.000977}}
{"target": -10.215616735269828, "params": {"C": 7834.488239763598, "gamma": 0.030790919697341587}, "datetime": {"datetime": "2021-06-22 08:21:29", "elapsed": 706.127856, "delta": 4.858556}}
{"target": -10.702651616979704, "params": {"C": 4978.876694839721, "gamma": 0.016679424634662036}, "datetime": {"datetime": "2021-06-22 08:21:34", "elapsed": 711.188219, "delta": 5.060363}}
{"target": -10.4358790987135, "params": {"C": 6749.907645802568, "gamma": 0.02331756618924799}, "datetime": {"datetime": "2021-06-22 08:21:37", "elapsed": 715.011025, "delta": 3.822806}}
{"target": -10.60645053204922, "params": {"C": 6895.473262202624, "gamma": 0.016583555919815036}, "datetime": {"datetime": "2021-06-22 08:21:41", "elapsed": 718.559094, "delta": 3.548069}}
{"target": -10.224932909093216, "params": {"C": 6903.067618367735, "gamma": 0.034560205930876345}, "datetime": {"datetime": "2021-06-22 08:21:44", "elapsed": 721.201173, "delta": 2.642079}}
{"target": -10.277090952739067, "params": {"C": 6129.996588742191, "gamma": 0.04944828994424204}, "datetime": {"datetime": "2021-06-22 08:21:47", "elapsed": 724.877049, "delta": 3.675876}}
{"target": -10.425151648593793, "params": {"C": 4631.798379152782, "gamma": 0.03250377816099671}, "datetime": {"datetime": "2021-06-22 08:21:50", "elapsed": 727.330289, "delta": 2.45324}}
{"target": -10.34054541561606, "params": {"C": 4941.560784533722, "gamma": 0.04564618684793866}, "datetime": {"datetime": "2021-06-22 08:21:53", "elapsed": 730.944331, "delta": 3.614042}}
{"target": -10.167892330833519, "params": {"C": 8000.0, "gamma": 0.05}, "datetime": {"datetime": "2021-06-22 08:21:56", "elapsed": 733.571784, "delta": 2.627453}}
{"target": -10.6758756121033, "params": {"C": 7349.38796255276, "gamma": 0.013827035676125234}, "datetime": {"datetime": "2021-06-22 08:21:58", "elapsed": 735.921763, "delta": 2.349979}}
{"target": -10.90454777160203, "params": {"C": 7356.688254178096, "gamma": 0.009913513779000727}, "datetime": {"datetime": "2021-06-22 08:22:01", "elapsed": 738.349508, "delta": 2.427745}}
{"target": -10.27545102408769, "params": {"C": 6195.726876723857, "gamma": 0.04981739724705148}, "datetime": {"datetime": "2021-06-22 08:22:04", "elapsed": 741.578966, "delta": 3.229458}}
{"target": -10.236899789499047, "params": {"C": 6816.150917789669, "gamma": 0.05}, "datetime": {"datetime": "2021-06-22 08:22:06", "elapsed": 743.980317, "delta": 2.401351}}
