{"target": -11.549476628386364, "params": {"C": 1580.0980827315339, "gamma": 0.012332199912203173}, "datetime": {"datetime": "2021-06-22 00:23:47", "elapsed": 20.062619, "delta": 0.487682}}
{"target": -11.046846041608442, "params": {"C": 1554.6417248328235, "gamma": 0.04770842008549627}, "datetime": {"datetime": "2021-06-22 00:23:47", "elapsed": 20.417617, "delta": 0.354998}}
{"target": -11.595366372475764, "params": {"C": 1263.278771902647, "gamma": 0.014450907389485344}, "datetime": {"datetime": "2021-06-22 00:23:47", "elapsed": 20.765238, "delta": 0.347621}}
{"target": -11.00407765785083, "params": {"C": 1775.2475521895894, "gamma": 0.02327543560538197}, "datetime": {"datetime": "2021-06-22 00:23:48", "elapsed": 21.171585, "delta": 0.406347}}
{"target": -11.392205211613113, "params": {"C": 1121.757475421462, "gamma": 0.02107342587472128}, "datetime": {"datetime": "2021-06-22 00:23:48", "elapsed": 21.697567, "delta": 0.525982}}
{"target": -10.9219826306964, "params": {"C": 1937.5210820117782, "gamma": 0.02476443142668277}, "datetime": {"datetime": "2021-06-22 00:23:49", "elapsed": 22.148944, "delta": 0.451377}}
{"target": -10.97502022723034, "params": {"C": 1664.7849179465768, "gamma": 0.04345247863516728}, "datetime": {"datetime": "2021-06-22 00:23:49", "elapsed": 22.58027, "delta": 0.431326}}
{"target": -10.91490842435973, "params": {"C": 1861.022735151807, "gamma": 0.0491012459043677}, "datetime": {"datetime": "2021-06-22 00:23:50", "elapsed": 22.99223, "delta": 0.41196}}
{"target": -11.053440511238607, "params": {"C": 1519.4407120535122, "gamma": 0.04520188157147898}, "datetime": {"datetime": "2021-06-22 00:23:50", "elapsed": 23.427864, "delta": 0.435634}}
{"target": -11.338910809137811, "params": {"C": 1430.6099007565915, "gamma": 0.017204076519502422}, "datetime": {"datetime": "2021-06-22 00:23:50", "elapsed": 23.851192, "delta": 0.423328}}
{"target": -11.608258960985852, "params": {"C": 1406.3128399769546, "gamma": 0.012859340248946003}, "datetime": {"datetime": "2021-06-22 00:23:51", "elapsed": 24.421195, "delta": 0.570003}}
{"target": -11.630924287792524, "params": {"C": 880.4324391253521, "gamma": 0.021398281595695907}, "datetime": {"datetime": "2021-06-22 00:23:51", "elapsed": 24.835633, "delta": 0.414438}}
{"target": -11.322274836300194, "params": {"C": 1163.4918511221413, "gamma": 0.05}, "datetime": {"datetime": "2021-06-22 00:23:52", "elapsed": 25.227634, "delta": 0.392001}}
{"target": -11.16938303003923, "params": {"C": 1977.2336398157968, "gamma": 0.016134047024964075}, "datetime": {"datetime": "2021-06-22 00:23:52", "elapsed": 25.58563, "delta": 0.357996}}
{"target": -10.854708710779496, "params": {"C": 1959.0519721622018, "gamma": 0.03160409495584245}, "datetime": {"datetime": "2021-06-22 00:23:53", "elapsed": 26.185861, "delta": 0.600231}}
{"target": -11.303260334756185, "params": {"C": 1093.8762469907751, "gamma": 0.040765871908721274}, "datetime": {"datetime": "2021-06-22 00:23:53", "elapsed": 26.59786, "delta": 0.411999}}
{"target": -12.466925157291408, "params": {"C": 849.0618744184982, "gamma": 0.009}, "datetime": {"datetime": "2021-06-22 00:23:54", "elapsed": 27.052457, "delta": 0.454597}}
{"target": -11.12111803906339, "params": {"C": 1643.7118309607986, "gamma": 0.020501913036507242}, "datetime": {"datetime": "2021-06-22 00:23:54", "elapsed": 27.514163, "delta": 0.461706}}
{"target": -10.91144488030773, "params": {"C": 1880.1839107700907, "gamma": 0.05}, "datetime": {"datetime": "2021-06-22 00:23:55", "elapsed": 28.032694, "delta": 0.518531}}
{"target": -11.407669388513556, "params": {"C": 1068.7413641227186, "gamma": 0.05}, "datetime": {"datetime": "2021-06-22 00:23:55", "elapsed": 28.485376, "delta": 0.452682}}
{"target": -11.346753283596843, "params": {"C": 1818.2723957618223, "gamma": 0.013826780375649578}, "datetime": {"datetime": "2021-06-22 00:23:56", "elapsed": 28.936319, "delta": 0.450943}}
{"target": -10.93971347685404, "params": {"C": 1803.8918922600544, "gamma": 0.04934944128301101}, "datetime": {"datetime": "2021-06-22 00:23:56", "elapsed": 29.519323, "delta": 0.583004}}
{"target": -11.110636401963976, "params": {"C": 1451.5796578474337, "gamma": 0.04858657919801}, "datetime": {"datetime": "2021-06-22 00:23:56", "elapsed": 29.905155, "delta": 0.385832}}
{"target": -11.260681458871916, "params": {"C": 1239.3576059966026, "gamma": 0.049838758127491785}, "datetime": {"datetime": "2021-06-22 00:23:57", "elapsed": 30.462156, "delta": 0.557001}}
{"target": -10.860463208846513, "params": {"C": 1993.411775322118, "gamma": 0.028208193713958364}, "datetime": {"datetime": "2021-06-22 00:23:57", "elapsed": 30.868016, "delta": 0.40586}}
{"target": -11.129994065725446, "params": {"C": 1360.3262536626917, "gamma": 0.04223691830064653}, "datetime": {"datetime": "2021-06-22 00:23:58", "elapsed": 31.43402, "delta": 0.566004}}
{"target": -11.804064621705228, "params": {"C": 1711.8413244289893, "gamma": 0.009}, "datetime": {"datetime": "2021-06-22 00:23:58", "elapsed": 31.889463, "delta": 0.455443}}
{"target": -10.968785560666772, "params": {"C": 1726.0122441539024, "gamma": 0.0485507293881745}, "datetime": {"datetime": "2021-06-22 00:23:59", "elapsed": 32.408139, "delta": 0.518676}}
{"target": -11.443659550534782, "params": {"C": 991.8395582082575, "gamma": 0.046170306880012814}, "datetime": {"datetime": "2021-06-22 00:23:59", "elapsed": 32.841712, "delta": 0.433573}}
{"target": -11.276719219725962, "params": {"C": 1219.411166413536, "gamma": 0.05}, "datetime": {"datetime": "2021-06-22 00:24:00", "elapsed": 33.312319, "delta": 0.470607}}
{"target": -11.34307572293889, "params": {"C": 1033.9929387397478, "gamma": 0.03901741890075278}, "datetime": {"datetime": "2021-06-22 00:24:00", "elapsed": 33.729943, "delta": 0.417624}}
{"target": -11.406465102757702, "params": {"C": 1477.3105926498852, "gamma": 0.015300392823877823}, "datetime": {"datetime": "2021-06-22 00:24:01", "elapsed": 34.36116, "delta": 0.631217}}
{"target": -11.495164495488314, "params": {"C": 1320.5379599157934, "gamma": 0.01538566178632348}, "datetime": {"datetime": "2021-06-22 00:24:01", "elapsed": 34.832934, "delta": 0.471774}}
{"target": -10.884639442560692, "params": {"C": 1898.7019267243968, "gamma": 0.04573853542210947}, "datetime": {"datetime": "2021-06-22 00:24:02", "elapsed": 35.302233, "delta": 0.469299}}
{"target": -10.91859428152345, "params": {"C": 1768.210534549764, "gamma": 0.03512469872415525}, "datetime": {"datetime": "2021-06-22 00:24:03", "elapsed": 35.954289, "delta": 0.652056}}
{"target": -11.16678455901, "params": {"C": 1378.2488077834814, "gamma": 0.05}, "datetime": {"datetime": "2021-06-22 00:24:03", "elapsed": 36.57625, "delta": 0.621961}}
{"target": -10.95269879533488, "params": {"C": 1699.1038833997604, "gamma": 0.029399355534748497}, "datetime": {"datetime": "2021-06-22 00:24:04", "elapsed": 37.106035, "delta": 0.529785}}
{"target": -10.959490164812333, "params": {"C": 1740.631655981282, "gamma": 0.04798816114813014}, "datetime": {"datetime": "2021-06-22 00:24:04", "elapsed": 37.591654, "delta": 0.485619}}
{"target": -11.003551800409776, "params": {"C": 1561.282056593771, "gamma": 0.03260757723822241}, "datetime": {"datetime": "2021-06-22 00:24:05", "elapsed": 38.180668, "delta": 0.589014}}
{"target": -11.058438521798907, "params": {"C": 1499.0725562849784, "gamma": 0.02658271393192753}, "datetime": {"datetime": "2021-06-22 00:24:05", "elapsed": 38.876725, "delta": 0.696057}}
{"target": -11.54309480857076, "params": {"C": 935.6059255605693, "gamma": 0.022157014856221777}, "datetime": {"datetime": "2021-06-22 00:24:06", "elapsed": 39.41376, "delta": 0.537035}}
{"target": -10.854276710227467, "params": {"C": 1943.4396681468593, "gamma": 0.03929357748593956}, "datetime": {"datetime": "2021-06-22 00:24:07", "elapsed": 39.969197, "delta": 0.555437}}
{"target": -11.067429989660075, "params": {"C": 1913.2497060756673, "gamma": 0.01906752247475718}, "datetime": {"datetime": "2021-06-22 00:24:07", "elapsed": 40.544203, "delta": 0.575006}}
{"target": -11.145791600395501, "params": {"C": 1283.8641178694716, "gamma": 0.035116111837005755}, "datetime": {"datetime": "2021-06-22 00:24:08", "elapsed": 41.036032, "delta": 0.491829}}
{"target": -11.461174104296285, "params": {"C": 1013.5076340721296, "gamma": 0.05}, "datetime": {"datetime": "2021-06-22 00:24:08", "elapsed": 41.543025, "delta": 0.506993}}
{"target": -11.219751457382, "params": {"C": 1201.8459828100658, "gamma": 0.04009628880297265}, "datetime": {"datetime": "2021-06-22 00:24:09", "elapsed": 42.243112, "delta": 0.700087}}
{"target": -10.924540313938506, "params": {"C": 1754.1486265805408, "gamma": 0.037108464312964606}, "datetime": {"datetime": "2021-06-22 00:24:10", "elapsed": 42.965916, "delta": 0.722804}}
{"target": -11.143274015930515, "params": {"C": 1343.4728600990188, "gamma": 0.02562917550670179}, "datetime": {"datetime": "2021-06-22 00:24:10", "elapsed": 43.599577, "delta": 0.633661}}
{"target": -11.518377751800388, "params": {"C": 957.7067357321469, "gamma": 0.05}, "datetime": {"datetime": "2021-06-22 00:24:11", "elapsed": 44.243471, "delta": 0.643894}}
{"target": -10.88563246279843, "params": {"C": 1855.9838160217205, "gamma": 0.03731591402511669}, "datetime": {"datetime": "2021-06-22 00:24:11", "elapsed": 44.820057, "delta": 0.576586}}
{"target": -10.862763699962724, "params": {"C": 1963.6430930791785, "gamma": 0.04637936569709278}, "datetime": {"datetime": "2021-06-22 00:24:12", "elapsed": 45.52923, "delta": 0.709173}}
{"target": -11.847359194015587, "params": {"C": 1513.7714199300935, "gamma": 0.00953608115813026}, "datetime": {"datetime": "2021-06-22 00:24:13", "elapsed": 46.117169, "delta": 0.587939}}
{"target": -11.039192624743425, "params": {"C": 1526.4208532154867, "gamma": 0.04305637045891904}, "datetime": {"datetime": "2021-06-22 00:24:13", "elapsed": 46.74179, "delta": 0.624621}}
{"target": -11.166155778110458, "params": {"C": 1782.5516201599942, "gamma": 0.017699756650769102}, "datetime": {"datetime": "2021-06-22 00:24:14", "elapsed": 47.314303, "delta": 0.572513}}
{"target": -11.001815349299475, "params": {"C": 1670.1370626839173, "gamma": 0.05}, "datetime": {"datetime": "2021-06-22 00:24:15", "elapsed": 48.2291, "delta": 0.914797}}
{"target": -11.2403368548316, "params": {"C": 1129.3778924640194, "gamma": 0.0331307118831123}, "datetime": {"datetime": "2021-06-22 00:24:15", "elapsed": 48.868642, "delta": 0.639542}}
{"target": -10.918006265416498, "params": {"C": 1829.1670088863561, "gamma": 0.027768783184605593}, "datetime": {"datetime": "2021-06-22 00:24:16", "elapsed": 49.438838, "delta": 0.570196}}
{"target": -11.313225705795375, "params": {"C": 1183.502735862987, "gamma": 0.02190305453004659}, "datetime": {"datetime": "2021-06-22 00:24:17", "elapsed": 49.961786, "delta": 0.522948}}
{"target": -10.85838248011636, "params": {"C": 1931.1194349860807, "gamma": 0.038392722730481776}, "datetime": {"datetime": "2021-06-22 00:24:17", "elapsed": 50.625787, "delta": 0.664001}}
{"target": -10.878215276148385, "params": {"C": 1875.432306173233, "gamma": 0.03614862096941002}, "datetime": {"datetime": "2021-06-22 00:24:18", "elapsed": 51.390641, "delta": 0.764854}}
{"target": -11.781801226763521, "params": {"C": 1547.6377449969548, "gamma": 0.009952481763121001}, "datetime": {"datetime": "2021-06-22 00:24:19", "elapsed": 52.01625, "delta": 0.625609}}
{"target": -11.090498773171028, "params": {"C": 1503.3566527560097, "gamma": 0.05}, "datetime": {"datetime": "2021-06-22 00:24:19", "elapsed": 52.719937, "delta": 0.703687}}
{"target": -11.565864862060348, "params": {"C": 809.8237609197686, "gamma": 0.02878415737071089}, "datetime": {"datetime": "2021-06-22 00:24:20", "elapsed": 53.326801, "delta": 0.606864}}
{"target": -11.57750141991641, "params": {"C": 872.3204622824827, "gamma": 0.023516528591252264}, "datetime": {"datetime": "2021-06-22 00:24:20", "elapsed": 53.910745, "delta": 0.583944}}
{"target": -10.999966927085577, "params": {"C": 1637.4482193564133, "gamma": 0.0469664414004205}, "datetime": {"datetime": "2021-06-22 00:24:21", "elapsed": 54.567742, "delta": 0.656997}}
{"target": -10.98365568943898, "params": {"C": 1617.9352567909464, "gamma": 0.029600148673793847}, "datetime": {"datetime": "2021-06-22 00:24:22", "elapsed": 55.119569, "delta": 0.551827}}
{"target": -10.983195835172587, "params": {"C": 1659.3187695452193, "gamma": 0.045157878582293816}, "datetime": {"datetime": "2021-06-22 00:24:22", "elapsed": 55.748169, "delta": 0.6286}}
{"target": -11.199916530854829, "params": {"C": 1954.2370803257063, "gamma": 0.015666815949929132}, "datetime": {"datetime": "2021-06-22 00:24:23", "elapsed": 56.331476, "delta": 0.583307}}
{"target": -11.232205595019558, "params": {"C": 1155.677482678646, "gamma": 0.03622162319448793}, "datetime": {"datetime": "2021-06-22 00:24:24", "elapsed": 56.957998, "delta": 0.626522}}
{"target": -11.015083464829083, "params": {"C": 1807.6157078666524, "gamma": 0.022210081445888874}, "datetime": {"datetime": "2021-06-22 00:24:24", "elapsed": 57.525649, "delta": 0.567651}}
{"target": -11.45205649532258, "params": {"C": 890.1307385747465, "gamma": 0.03439813241314298}, "datetime": {"datetime": "2021-06-22 00:24:25", "elapsed": 58.114375, "delta": 0.588726}}
{"target": -11.743731066149527, "params": {"C": 1413.585225562825, "gamma": 0.011126053004525996}, "datetime": {"datetime": "2021-06-22 00:24:25", "elapsed": 58.79899, "delta": 0.684615}}
{"target": -11.12310092503524, "params": {"C": 1424.290049925531, "gamma": 0.024464319901250205}, "datetime": {"datetime": "2021-06-22 00:24:26", "elapsed": 59.705859, "delta": 0.906869}}
{"target": -11.365858134583585, "params": {"C": 1865.9338297423833, "gamma": 0.01326115486179965}, "datetime": {"datetime": "2021-06-22 00:24:27", "elapsed": 60.482771, "delta": 0.776912}}
{"target": -11.247806449593725, "params": {"C": 1113.6777077607194, "gamma": 0.03147833104637374}, "datetime": {"datetime": "2021-06-22 00:24:28", "elapsed": 61.214796, "delta": 0.732025}}
{"target": -11.108233313230443, "params": {"C": 1885.0831527101918, "gamma": 0.018226767595557747}, "datetime": {"datetime": "2021-06-22 00:24:28", "elapsed": 61.827039, "delta": 0.612243}}
{"target": -11.586477553932022, "params": {"C": 1398.8611310701572, "gamma": 0.013223856858011442}, "datetime": {"datetime": "2021-06-22 00:24:29", "elapsed": 62.484704, "delta": 0.657665}}
{"target": -11.057891693448974, "params": {"C": 1446.8509795211653, "gamma": 0.029275914527835845}, "datetime": {"datetime": "2021-06-22 00:24:30", "elapsed": 63.099218, "delta": 0.614514}}
{"target": -11.155836856744058, "params": {"C": 1587.7185990530306, "gamma": 0.02012349133607206}, "datetime": {"datetime": "2021-06-22 00:24:30", "elapsed": 63.713068, "delta": 0.61385}}
{"target": -11.160194788866995, "params": {"C": 1255.2895104379347, "gamma": 0.028942500340911843}, "datetime": {"datetime": "2021-06-22 00:24:31", "elapsed": 64.354693, "delta": 0.641625}}
{"target": -11.330337530191855, "params": {"C": 1061.72304081478, "gamma": 0.025317370622288976}, "datetime": {"datetime": "2021-06-22 00:24:32", "elapsed": 64.954251, "delta": 0.599558}}
{"target": -11.051362435350553, "params": {"C": 1522.8762460507803, "gamma": 0.0451632264168703}, "datetime": {"datetime": "2021-06-22 00:24:32", "elapsed": 65.539249, "delta": 0.584998}}
{"target": -11.122277491690264, "params": {"C": 1312.8778245914427, "gamma": 0.03098889391796937}, "datetime": {"datetime": "2021-06-22 00:24:33", "elapsed": 66.23541, "delta": 0.696161}}
{"target": -11.307425444349843, "params": {"C": 1087.8885440135223, "gamma": 0.02540147274626768}, "datetime": {"datetime": "2021-06-22 00:24:34", "elapsed": 66.948698, "delta": 0.713288}}
{"target": -10.901808114530338, "params": {"C": 1846.8615254066372, "gamma": 0.04494121488440373}, "datetime": {"datetime": "2021-06-22 00:24:34", "elapsed": 67.596706, "delta": 0.648008}}
{"target": -10.837390305418355, "params": {"C": 1989.7645373762261, "gamma": 0.03850017494307821}, "datetime": {"datetime": "2021-06-22 00:24:35", "elapsed": 68.273908, "delta": 0.677202}}
{"target": -10.972115922408396, "params": {"C": 1680.5961464538173, "gamma": 0.0447446502569482}, "datetime": {"datetime": "2021-06-22 00:24:35", "elapsed": 68.860686, "delta": 0.586778}}
{"target": -10.99442341343584, "params": {"C": 1894.9016108919486, "gamma": 0.021827370583602117}, "datetime": {"datetime": "2021-06-22 00:24:36", "elapsed": 69.618788, "delta": 0.758102}}
{"target": -11.351600013276727, "params": {"C": 1946.5303286719645, "gamma": 0.013088170986366861}, "datetime": {"datetime": "2021-06-22 00:24:37", "elapsed": 70.205781, "delta": 0.586993}}
{"target": -11.18494007366602, "params": {"C": 1290.367276296215, "gamma": 0.04416246744680854}, "datetime": {"datetime": "2021-06-22 00:24:37", "elapsed": 70.800938, "delta": 0.595157}}
{"target": -11.821076377073602, "params": {"C": 984.9341933794371, "gamma": 0.01469668216790123}, "datetime": {"datetime": "2021-06-22 00:24:38", "elapsed": 71.416412, "delta": 0.615474}}
{"target": -11.251146869783065, "params": {"C": 1169.9523183901579, "gamma": 0.04161647104420252}, "datetime": {"datetime": "2021-06-22 00:24:39", "elapsed": 72.106717, "delta": 0.690305}}
{"target": -11.080903558106343, "params": {"C": 1470.8186794800988, "gamma": 0.04525978320885168}, "datetime": {"datetime": "2021-06-22 00:24:39", "elapsed": 72.730947, "delta": 0.62423}}
{"target": -11.674647659680248, "params": {"C": 1649.4288164797222, "gamma": 0.01052047931372406}, "datetime": {"datetime": "2021-06-22 00:24:40", "elapsed": 73.431948, "delta": 0.701001}}
{"target": -10.989219481878898, "params": {"C": 1599.5873509708497, "gamma": 0.030622777894200634}, "datetime": {"datetime": "2021-06-22 00:24:41", "elapsed": 74.201839, "delta": 0.769891}}
{"target": -11.97501927675337, "params": {"C": 1100.2483740808025, "gamma": 0.011207793616371062}, "datetime": {"datetime": "2021-06-22 00:24:41", "elapsed": 74.790807, "delta": 0.588968}}
{"target": -11.348139256711457, "params": {"C": 1075.7027538720542, "gamma": 0.023815388416086308}, "datetime": {"datetime": "2021-06-22 00:24:42", "elapsed": 75.547643, "delta": 0.756836}}
{"target": -11.036931593060062, "params": {"C": 1572.9500166479143, "gamma": 0.047727182414766416}, "datetime": {"datetime": "2021-06-22 00:24:43", "elapsed": 76.324039, "delta": 0.776396}}
{"target": -11.15012484779387, "params": {"C": 1270.5020415818558, "gamma": 0.03361661144492271}, "datetime": {"datetime": "2021-06-22 00:24:44", "elapsed": 76.983995, "delta": 0.659956}}
{"target": -10.865383876515612, "params": {"C": 1940.7393782703593, "gamma": 0.044933158309706234}, "datetime": {"datetime": "2021-06-22 00:24:44", "elapsed": 77.685351, "delta": 0.701356}}
{"target": -11.797010234468633, "params": {"C": 910.8390465563587, "gamma": 0.016504055588991734}, "datetime": {"datetime": "2021-06-22 00:24:45", "elapsed": 78.317348, "delta": 0.631997}}
{"target": -11.511790588189244, "params": {"C": 997.8540548179642, "gamma": 0.02107010885973517}, "datetime": {"datetime": "2021-06-22 00:24:46", "elapsed": 78.982773, "delta": 0.665425}}
{"target": -11.09909068756305, "params": {"C": 1373.5811749134916, "gamma": 0.036761319205863514}, "datetime": {"datetime": "2021-06-22 00:24:46", "elapsed": 79.723363, "delta": 0.74059}}
{"target": -10.844642295578492, "params": {"C": 1972.2146002828122, "gamma": 0.03494535011394821}, "datetime": {"datetime": "2021-06-22 00:24:47", "elapsed": 80.680059, "delta": 0.956696}}
{"target": -11.30806330754856, "params": {"C": 1039.5299741201482, "gamma": 0.032854140065518796}, "datetime": {"datetime": "2021-06-22 00:24:48", "elapsed": 81.403832, "delta": 0.723773}}
{"target": -11.127948099517502, "params": {"C": 1799.2876234889864, "gamma": 0.01850973414904933}, "datetime": {"datetime": "2021-06-22 00:24:49", "elapsed": 82.171932, "delta": 0.7681}}
{"target": -11.386292286147222, "params": {"C": 1494.4717328014988, "gamma": 0.015524872504826617}, "datetime": {"datetime": "2021-06-22 00:24:50", "elapsed": 83.108932, "delta": 0.937}}
{"target": -11.566160756629843, "params": {"C": 839.4985296716903, "gamma": 0.0420257641692045}, "datetime": {"datetime": "2021-06-22 00:24:50", "elapsed": 83.764938, "delta": 0.656006}}
{"target": -11.130035261667581, "params": {"C": 1436.66567072039, "gamma": 0.05}, "datetime": {"datetime": "2021-06-22 00:24:51", "elapsed": 84.443929, "delta": 0.678991}}
{"target": -11.257933919624517, "params": {"C": 1234.2622170826, "gamma": 0.022702370410007378}, "datetime": {"datetime": "2021-06-22 00:24:52", "elapsed": 85.213927, "delta": 0.769998}}
{"target": -11.705143214284409, "params": {"C": 1722.4400869968526, "gamma": 0.009869863584038307}, "datetime": {"datetime": "2021-06-22 00:24:52", "elapsed": 85.907968, "delta": 0.694041}}
{"target": -10.933919985497118, "params": {"C": 1729.5567764942236, "gamma": 0.03638293385513798}, "datetime": {"datetime": "2021-06-22 00:24:53", "elapsed": 86.57597, "delta": 0.668002}}
{"target": -12.003813501214697, "params": {"C": 1327.1969401842703, "gamma": 0.009195299096089122}, "datetime": {"datetime": "2021-06-22 00:24:54", "elapsed": 87.380932, "delta": 0.804962}}
{"target": -11.405988443245988, "params": {"C": 929.8565111794452, "gamma": 0.032127781570930894}, "datetime": {"datetime": "2021-06-22 00:24:55", "elapsed": 88.041972, "delta": 0.66104}}
{"target": -11.133110921028285, "params": {"C": 1339.0248767058242, "gamma": 0.0267017951309197}, "datetime": {"datetime": "2021-06-22 00:24:55", "elapsed": 88.779927, "delta": 0.737955}}
{"target": -10.979168101006302, "params": {"C": 1716.5440284162523, "gamma": 0.049697428840211756}, "datetime": {"datetime": "2021-06-22 00:24:56", "elapsed": 89.517939, "delta": 0.738012}}
{"target": -11.0505072805674, "params": {"C": 1456.8633037533418, "gamma": 0.03383937181783437}, "datetime": {"datetime": "2021-06-22 00:24:57", "elapsed": 90.134969, "delta": 0.61703}}
