{"target": -13.80833285735765, "params": {"C": 191.66374171293398, "gamma": 0.029448501308139897}, "datetime": {"datetime": "2021-06-21 23:16:22", "elapsed": 9.224267, "delta": 0.360854}}
{"target": -13.794450117783255, "params": {"C": 192.3261819828811, "gamma": 0.033287076179936204}, "datetime": {"datetime": "2021-06-21 23:16:22", "elapsed": 9.57227, "delta": 0.348003}}
{"target": -14.547419182297459, "params": {"C": 180.86430020618403, "gamma": 0.013478656810802639}, "datetime": {"datetime": "2021-06-21 23:16:23", "elapsed": 9.892263, "delta": 0.319993}}
{"target": -14.272884053467397, "params": {"C": 170.09160535603186, "gamma": 0.04411695516175623}, "datetime": {"datetime": "2021-06-21 23:16:23", "elapsed": 10.246268, "delta": 0.354005}}
{"target": -14.120965334874283, "params": {"C": 171.0358258521954, "gamma": 0.025306144682842563}, "datetime": {"datetime": "2021-06-21 23:16:23", "elapsed": 10.56927, "delta": 0.323002}}
{"target": -14.11036108105684, "params": {"C": 171.86463524783767, "gamma": 0.02523957889626076}, "datetime": {"datetime": "2021-06-21 23:16:24", "elapsed": 10.882263, "delta": 0.312993}}
{"target": -15.355824459571382, "params": {"C": 172.716315009733, "gamma": 0.009}, "datetime": {"datetime": "2021-06-21 23:16:24", "elapsed": 11.264266, "delta": 0.382003}}
{"target": -14.329845348276358, "params": {"C": 167.60523786014997, "gamma": 0.019591064283478864}, "datetime": {"datetime": "2021-06-21 23:16:24", "elapsed": 11.621266, "delta": 0.357}}
{"target": -14.484275822413373, "params": {"C": 146.09039407553246, "gamma": 0.029007175695436323}, "datetime": {"datetime": "2021-06-21 23:16:25", "elapsed": 11.91527, "delta": 0.294004}}
{"target": -14.153931784371315, "params": {"C": 166.60324935284868, "gamma": 0.02754931115267132}, "datetime": {"datetime": "2021-06-21 23:16:25", "elapsed": 12.292606, "delta": 0.377336}}
{"target": -14.198349099907723, "params": {"C": 165.74586666134718, "gamma": 0.025252783661631945}, "datetime": {"datetime": "2021-06-21 23:16:25", "elapsed": 12.654606, "delta": 0.362}}
{"target": -13.753318248330137, "params": {"C": 195.79418035789666, "gamma": 0.033364386844353666}, "datetime": {"datetime": "2021-06-21 23:16:26", "elapsed": 12.958604, "delta": 0.303998}}
{"target": -15.264511625595864, "params": {"C": 164.76757754214117, "gamma": 0.009990414244574815}, "datetime": {"datetime": "2021-06-21 23:16:26", "elapsed": 13.374606, "delta": 0.416002}}
{"target": -14.602879140105923, "params": {"C": 147.39437590241278, "gamma": 0.0421387412297411}, "datetime": {"datetime": "2021-06-21 23:16:26", "elapsed": 13.721313, "delta": 0.346707}}
{"target": -14.507238214317109, "params": {"C": 144.80378160351754, "gamma": 0.02984087153385505}, "datetime": {"datetime": "2021-06-21 23:16:27", "elapsed": 14.089346, "delta": 0.368033}}
{"target": -14.54250263171456, "params": {"C": 155.91379180742496, "gamma": 0.04617405362643666}, "datetime": {"datetime": "2021-06-21 23:16:27", "elapsed": 14.433346, "delta": 0.344}}
{"target": -15.137955819722096, "params": {"C": 157.41597635567476, "gamma": 0.01134272366617156}, "datetime": {"datetime": "2021-06-21 23:16:27", "elapsed": 14.818348, "delta": 0.385002}}
{"target": -14.934073294424433, "params": {"C": 154.49537074161347, "gamma": 0.013333443444214641}, "datetime": {"datetime": "2021-06-21 23:16:28", "elapsed": 15.180349, "delta": 0.362001}}
{"target": -13.841590147376623, "params": {"C": 189.51222182882083, "gamma": 0.028285915260366196}, "datetime": {"datetime": "2021-06-21 23:16:28", "elapsed": 15.49613, "delta": 0.315781}}
{"target": -14.71652003032661, "params": {"C": 136.87792590070893, "gamma": 0.023430649115109843}, "datetime": {"datetime": "2021-06-21 23:16:29", "elapsed": 15.85313, "delta": 0.357}}
{"target": -15.85103207662697, "params": {"C": 102.69299325749816, "gamma": 0.014666408165240459}, "datetime": {"datetime": "2021-06-21 23:16:29", "elapsed": 16.173521, "delta": 0.320391}}
{"target": -14.079296751459774, "params": {"C": 192.87642077063893, "gamma": 0.05}, "datetime": {"datetime": "2021-06-21 23:16:29", "elapsed": 16.579522, "delta": 0.406001}}
{"target": -14.100368940339811, "params": {"C": 171.8634963876504, "gamma": 0.02585075303192929}, "datetime": {"datetime": "2021-06-21 23:16:30", "elapsed": 16.89952, "delta": 0.319998}}
{"target": -14.07528075948087, "params": {"C": 171.48330351731227, "gamma": 0.03328034562817137}, "datetime": {"datetime": "2021-06-21 23:16:30", "elapsed": 17.27252, "delta": 0.373}}
{"target": -14.326243698879052, "params": {"C": 168.62003947246447, "gamma": 0.04560735276264432}, "datetime": {"datetime": "2021-06-21 23:16:30", "elapsed": 17.596522, "delta": 0.324002}}
{"target": -14.69881220337298, "params": {"C": 168.38680737606154, "gamma": 0.013655696749817564}, "datetime": {"datetime": "2021-06-21 23:16:31", "elapsed": 17.958521, "delta": 0.361999}}
{"target": -13.755812953664206, "params": {"C": 195.43674402003387, "gamma": 0.0314339677862128}, "datetime": {"datetime": "2021-06-21 23:16:31", "elapsed": 18.383377, "delta": 0.424856}}
{"target": -13.833936704763513, "params": {"C": 190.65105075377426, "gamma": 0.02748854582152331}, "datetime": {"datetime": "2021-06-21 23:16:31", "elapsed": 18.767409, "delta": 0.384032}}
{"target": -13.817504869723319, "params": {"C": 191.98650220871463, "gamma": 0.0275204532635513}, "datetime": {"datetime": "2021-06-21 23:16:32", "elapsed": 19.1654, "delta": 0.397991}}
{"target": -13.818207543092814, "params": {"C": 191.32541305904692, "gamma": 0.028468203605776225}, "datetime": {"datetime": "2021-06-21 23:16:32", "elapsed": 19.554198, "delta": 0.388798}}
{"target": -13.911894249763876, "params": {"C": 192.5796634128033, "gamma": 0.022014160188067865}, "datetime": {"datetime": "2021-06-21 23:16:33", "elapsed": 20.029497, "delta": 0.475299}}
{"target": -13.846012911427366, "params": {"C": 189.96647950471396, "gamma": 0.027075422751533386}, "datetime": {"datetime": "2021-06-21 23:16:33", "elapsed": 20.433497, "delta": 0.404}}
{"target": -14.567109550540348, "params": {"C": 194.84745066057815, "gamma": 0.011752132666260493}, "datetime": {"datetime": "2021-06-21 23:16:34", "elapsed": 20.857493, "delta": 0.423996}}
{"target": -13.985349341386213, "params": {"C": 185.4588300282193, "gamma": 0.040692519343046685}, "datetime": {"datetime": "2021-06-21 23:16:34", "elapsed": 21.257493, "delta": 0.4}}
{"target": -13.855261411498656, "params": {"C": 187.24380977326774, "gamma": 0.032522715338469836}, "datetime": {"datetime": "2021-06-21 23:16:34", "elapsed": 21.752488, "delta": 0.494995}}
{"target": -14.404565110711765, "params": {"C": 156.17915382313197, "gamma": 0.022445586842802914}, "datetime": {"datetime": "2021-06-21 23:16:35", "elapsed": 22.101969, "delta": 0.349481}}
{"target": -14.317911618767857, "params": {"C": 177.62975256331595, "gamma": 0.017046108134800494}, "datetime": {"datetime": "2021-06-21 23:16:35", "elapsed": 22.451012, "delta": 0.349043}}
{"target": -14.162811822498803, "params": {"C": 186.33703648864724, "gamma": 0.01778871454609867}, "datetime": {"datetime": "2021-06-21 23:16:36", "elapsed": 22.895196, "delta": 0.444184}}
{"target": -13.90031267133119, "params": {"C": 188.17385311347473, "gamma": 0.0379943728757795}, "datetime": {"datetime": "2021-06-21 23:16:36", "elapsed": 23.37111, "delta": 0.475914}}
{"target": -14.195499458939393, "params": {"C": 166.1845018324564, "gamma": 0.03699924651033035}, "datetime": {"datetime": "2021-06-21 23:16:36", "elapsed": 23.796114, "delta": 0.425004}}
{"target": -15.116617107070265, "params": {"C": 128.8121825750929, "gamma": 0.047953499579980276}, "datetime": {"datetime": "2021-06-21 23:16:37", "elapsed": 24.159572, "delta": 0.363458}}
{"target": -14.321436837345352, "params": {"C": 170.6132142944773, "gamma": 0.04681409868468885}, "datetime": {"datetime": "2021-06-21 23:16:37", "elapsed": 24.668453, "delta": 0.508881}}
{"target": -14.118319002582638, "params": {"C": 169.6035115434937, "gamma": 0.0351962079717281}, "datetime": {"datetime": "2021-06-21 23:16:38", "elapsed": 25.080984, "delta": 0.412531}}
{"target": -14.574180206195795, "params": {"C": 167.04307978010195, "gamma": 0.01537474537828061}, "datetime": {"datetime": "2021-06-21 23:16:38", "elapsed": 25.532886, "delta": 0.451902}}
{"target": -13.911494014005207, "params": {"C": 184.75785147763904, "gamma": 0.03590630115079736}, "datetime": {"datetime": "2021-06-21 23:16:39", "elapsed": 26.060887, "delta": 0.528001}}
{"target": -14.36474776054312, "params": {"C": 177.10406234305182, "gamma": 0.01640456836882765}, "datetime": {"datetime": "2021-06-21 23:16:39", "elapsed": 26.506821, "delta": 0.445934}}
{"target": -14.021566274598602, "params": {"C": 178.15063692566827, "gamma": 0.03706919769243835}, "datetime": {"datetime": "2021-06-21 23:16:40", "elapsed": 26.93482, "delta": 0.427999}}
{"target": -14.272603945809713, "params": {"C": 178.52547366722072, "gamma": 0.05}, "datetime": {"datetime": "2021-06-21 23:16:40", "elapsed": 27.467752, "delta": 0.532932}}
{"target": -14.03122394791726, "params": {"C": 176.52628478940971, "gamma": 0.0362721447238291}, "datetime": {"datetime": "2021-06-21 23:16:41", "elapsed": 27.91975, "delta": 0.451998}}
{"target": -14.01578526337185, "params": {"C": 176.1481373394451, "gamma": 0.03446946865825642}, "datetime": {"datetime": "2021-06-21 23:16:41", "elapsed": 28.383356, "delta": 0.463606}}
{"target": -14.02964595097965, "params": {"C": 175.73773959694182, "gamma": 0.03528750524449141}, "datetime": {"datetime": "2021-06-21 23:16:42", "elapsed": 28.857006, "delta": 0.47365}}
{"target": -14.300728346109025, "params": {"C": 175.32884535900854, "gamma": 0.017907647797904016}, "datetime": {"datetime": "2021-06-21 23:16:42", "elapsed": 29.340523, "delta": 0.483517}}
{"target": -14.027880316321136, "params": {"C": 174.74927449000293, "gamma": 0.0334169556185615}, "datetime": {"datetime": "2021-06-21 23:16:42", "elapsed": 29.798564, "delta": 0.458041}}
{"target": -14.083196483131388, "params": {"C": 174.34993132626425, "gamma": 0.024813287576093364}, "datetime": {"datetime": "2021-06-21 23:16:43", "elapsed": 30.326663, "delta": 0.528099}}
{"target": -14.323577863281574, "params": {"C": 173.90803369014952, "gamma": 0.0492243266322738}, "datetime": {"datetime": "2021-06-21 23:16:43", "elapsed": 30.83219, "delta": 0.505527}}
{"target": -15.128034908257565, "params": {"C": 124.8410975344054, "gamma": 0.018176293344264637}, "datetime": {"datetime": "2021-06-21 23:16:44", "elapsed": 31.30573, "delta": 0.47354}}
{"target": -14.38719409964144, "params": {"C": 161.05555166823322, "gamma": 0.04285289124285153}, "datetime": {"datetime": "2021-06-21 23:16:45", "elapsed": 31.859733, "delta": 0.554003}}
{"target": -15.240743978878207, "params": {"C": 161.7009231031639, "gamma": 0.01035783200969026}, "datetime": {"datetime": "2021-06-21 23:16:45", "elapsed": 32.339735, "delta": 0.480002}}
{"target": -14.479669783651527, "params": {"C": 160.453420720323, "gamma": 0.04674966258672099}, "datetime": {"datetime": "2021-06-21 23:16:45", "elapsed": 32.838295, "delta": 0.49856}}
{"target": -14.39659917642834, "params": {"C": 150.8462703676508, "gamma": 0.030884844450853453}, "datetime": {"datetime": "2021-06-21 23:16:46", "elapsed": 33.338183, "delta": 0.499888}}
{"target": -14.453399294666838, "params": {"C": 151.50177570497306, "gamma": 0.038250374396595864}, "datetime": {"datetime": "2021-06-21 23:16:47", "elapsed": 33.902175, "delta": 0.563992}}
{"target": -14.411746901850275, "params": {"C": 150.19666509070552, "gamma": 0.03253923955356277}, "datetime": {"datetime": "2021-06-21 23:16:47", "elapsed": 34.606267, "delta": 0.704092}}
{"target": -14.436317532982581, "params": {"C": 149.5056160347074, "gamma": 0.034326827963441005}, "datetime": {"datetime": "2021-06-21 23:16:48", "elapsed": 35.195474, "delta": 0.589207}}
{"target": -14.511085706282897, "params": {"C": 148.72910693385072, "gamma": 0.03879703326631419}, "datetime": {"datetime": "2021-06-21 23:16:48", "elapsed": 35.786708, "delta": 0.591234}}
{"target": -14.19751963365606, "params": {"C": 182.87655196181709, "gamma": 0.04938590368579123}, "datetime": {"datetime": "2021-06-21 23:16:49", "elapsed": 36.209707, "delta": 0.422999}}
{"target": -14.248714151925174, "params": {"C": 182.41185188125525, "gamma": 0.017160275183372455}, "datetime": {"datetime": "2021-06-21 23:16:50", "elapsed": 36.873278, "delta": 0.663571}}
{"target": -14.536024636278395, "params": {"C": 183.34297180560282, "gamma": 0.013271484534046208}, "datetime": {"datetime": "2021-06-21 23:16:50", "elapsed": 37.532131, "delta": 0.658853}}
{"target": -14.176739949400396, "params": {"C": 181.88375197570605, "gamma": 0.01863302331211767}, "datetime": {"datetime": "2021-06-21 23:16:51", "elapsed": 38.098093, "delta": 0.565962}}
{"target": -14.949375540882212, "params": {"C": 181.45226795890574, "gamma": 0.010471815053168462}, "datetime": {"datetime": "2021-06-21 23:16:51", "elapsed": 38.789935, "delta": 0.691842}}
{"target": -14.506583570410553, "params": {"C": 152.47694154706372, "gamma": 0.041798146488507694}, "datetime": {"datetime": "2021-06-21 23:16:52", "elapsed": 39.57073, "delta": 0.780795}}
{"target": -14.490563362019627, "params": {"C": 199.97444056101654, "gamma": 0.011872243292577522}, "datetime": {"datetime": "2021-06-21 23:16:53", "elapsed": 40.201926, "delta": 0.631196}}
{"target": -14.81267884158886, "params": {"C": 134.09495444560136, "gamma": 0.039953359570698996}, "datetime": {"datetime": "2021-06-21 23:16:54", "elapsed": 40.884122, "delta": 0.682196}}
{"target": -15.62656453345852, "params": {"C": 105.57099776298571, "gamma": 0.04482702760338294}, "datetime": {"datetime": "2021-06-21 23:16:54", "elapsed": 41.492075, "delta": 0.607953}}
{"target": -15.073920596094418, "params": {"C": 122.61411731889227, "gamma": 0.02073598932853036}, "datetime": {"datetime": "2021-06-21 23:16:55", "elapsed": 42.180073, "delta": 0.687998}}
{"target": -15.317113495999044, "params": {"C": 111.82469348217339, "gamma": 0.03840693423727002}, "datetime": {"datetime": "2021-06-21 23:16:56", "elapsed": 42.855416, "delta": 0.675343}}
{"target": -14.356701213091103, "params": {"C": 159.41606357307614, "gamma": 0.022351029070174895}, "datetime": {"datetime": "2021-06-21 23:16:56", "elapsed": 43.540782, "delta": 0.685366}}
{"target": -13.91115391957416, "params": {"C": 188.17338521881143, "gamma": 0.038617811384741296}, "datetime": {"datetime": "2021-06-21 23:16:57", "elapsed": 44.000829, "delta": 0.460047}}
{"target": -14.804765380985321, "params": {"C": 188.33581550853353, "gamma": 0.010792772374816581}, "datetime": {"datetime": "2021-06-21 23:16:57", "elapsed": 44.789751, "delta": 0.788922}}
{"target": -13.861108558343469, "params": {"C": 189.74313821432415, "gamma": 0.02592804445424699}, "datetime": {"datetime": "2021-06-21 23:16:58", "elapsed": 45.51538, "delta": 0.725629}}
{"target": -13.883660345235683, "params": {"C": 185.714850773734, "gamma": 0.034410119262213594}, "datetime": {"datetime": "2021-06-21 23:16:59", "elapsed": 46.270376, "delta": 0.754996}}
{"target": -14.101279785656345, "params": {"C": 188.86576226753635, "gamma": 0.01834921470019376}, "datetime": {"datetime": "2021-06-21 23:17:00", "elapsed": 47.069336, "delta": 0.79896}}
{"target": -14.027457968598128, "params": {"C": 186.60330010608422, "gamma": 0.043677283597156745}, "datetime": {"datetime": "2021-06-21 23:17:00", "elapsed": 47.73059, "delta": 0.661254}}
{"target": -14.198851359848636, "params": {"C": 175.01765895259848, "gamma": 0.044074799277048146}, "datetime": {"datetime": "2021-06-21 23:17:01", "elapsed": 48.447548, "delta": 0.716958}}
{"target": -14.060737640192777, "params": {"C": 194.09685585122605, "gamma": 0.049861471647480796}, "datetime": {"datetime": "2021-06-21 23:17:02", "elapsed": 49.261313, "delta": 0.813765}}
{"target": -14.325486841204372, "params": {"C": 196.08339420148678, "gamma": 0.01387040690240054}, "datetime": {"datetime": "2021-06-21 23:17:03", "elapsed": 50.076969, "delta": 0.815656}}
{"target": -13.98267857788531, "params": {"C": 193.18438620228034, "gamma": 0.045758021296983316}, "datetime": {"datetime": "2021-06-21 23:17:03", "elapsed": 50.769361, "delta": 0.692392}}
{"target": -14.45073515175221, "params": {"C": 165.40438844623117, "gamma": 0.04904846570591827}, "datetime": {"datetime": "2021-06-21 23:17:04", "elapsed": 51.550752, "delta": 0.781391}}
{"target": -15.25677830881965, "params": {"C": 180.39807509145822, "gamma": 0.009}, "datetime": {"datetime": "2021-06-21 23:17:05", "elapsed": 52.312737, "delta": 0.761985}}
{"target": -14.757309819782252, "params": {"C": 176.78277911525763, "gamma": 0.012016494681648972}, "datetime": {"datetime": "2021-06-21 23:17:06", "elapsed": 53.126285, "delta": 0.813548}}
{"target": -14.291439588925586, "params": {"C": 158.98293289545774, "gamma": 0.025809631449674172}, "datetime": {"datetime": "2021-06-21 23:17:06", "elapsed": 53.812159, "delta": 0.685874}}
{"target": -14.329542888288941, "params": {"C": 158.58467736956902, "gamma": 0.02397976586059448}, "datetime": {"datetime": "2021-06-21 23:17:07", "elapsed": 54.552406, "delta": 0.740247}}
{"target": -14.327846978694556, "params": {"C": 173.48783146449233, "gamma": 0.04913160583396468}, "datetime": {"datetime": "2021-06-21 23:17:08", "elapsed": 55.261816, "delta": 0.70941}}
{"target": -14.498634320369899, "params": {"C": 158.16765908443537, "gamma": 0.045898581076422605}, "datetime": {"datetime": "2021-06-21 23:17:09", "elapsed": 56.100066, "delta": 0.83825}}
{"target": -14.580827554981038, "params": {"C": 159.8710809962561, "gamma": 0.01686614775484836}, "datetime": {"datetime": "2021-06-21 23:17:09", "elapsed": 56.815192, "delta": 0.715126}}
{"target": -15.803153350719775, "params": {"C": 136.25177731143674, "gamma": 0.00952831672772596}, "datetime": {"datetime": "2021-06-21 23:17:10", "elapsed": 57.302058, "delta": 0.486866}}
{"target": -14.515435462592949, "params": {"C": 156.63205094267238, "gamma": 0.045495900173176056}, "datetime": {"datetime": "2021-06-21 23:17:11", "elapsed": 58.009105, "delta": 0.707047}}
{"target": -14.924566026244769, "params": {"C": 126.82950674181201, "gamma": 0.03733267002596572}, "datetime": {"datetime": "2021-06-21 23:17:11", "elapsed": 58.818986, "delta": 0.809881}}
{"target": -13.94717722386396, "params": {"C": 198.40956974523283, "gamma": 0.04712940000063481}, "datetime": {"datetime": "2021-06-21 23:17:12", "elapsed": 59.609712, "delta": 0.790726}}
{"target": -13.900168656883565, "params": {"C": 198.1204569646073, "gamma": 0.044758110695196154}, "datetime": {"datetime": "2021-06-21 23:17:13", "elapsed": 60.383304, "delta": 0.773592}}
{"target": -14.527420655630566, "params": {"C": 197.82407047640524, "gamma": 0.0117806024085017}, "datetime": {"datetime": "2021-06-21 23:17:14", "elapsed": 61.276261, "delta": 0.892957}}
{"target": -13.99446268153375, "params": {"C": 198.71692306607622, "gamma": 0.04947033101666239}, "datetime": {"datetime": "2021-06-21 23:17:15", "elapsed": 62.118282, "delta": 0.842021}}
{"target": -14.700121764432037, "params": {"C": 199.0277731699642, "gamma": 0.01065554545196391}, "datetime": {"datetime": "2021-06-21 23:17:16", "elapsed": 62.855976, "delta": 0.737694}}
{"target": -13.836876656629165, "params": {"C": 189.51231895365265, "gamma": 0.029030189943029583}, "datetime": {"datetime": "2021-06-21 23:17:16", "elapsed": 63.369304, "delta": 0.513328}}
{"target": -14.713216284167327, "params": {"C": 143.392676167059, "gamma": 0.019661059817372463}, "datetime": {"datetime": "2021-06-21 23:17:17", "elapsed": 64.22608, "delta": 0.856776}}
{"target": -14.375806449189776, "params": {"C": 163.233588635799, "gamma": 0.04397677152207117}, "datetime": {"datetime": "2021-06-21 23:17:18", "elapsed": 64.985114, "delta": 0.759034}}
{"target": -14.302364962601235, "params": {"C": 162.73869055619346, "gamma": 0.03992583910162003}, "datetime": {"datetime": "2021-06-21 23:17:18", "elapsed": 65.788455, "delta": 0.803341}}
{"target": -14.681401023809219, "params": {"C": 163.73053425495235, "gamma": 0.014615174984958706}, "datetime": {"datetime": "2021-06-21 23:17:19", "elapsed": 66.623086, "delta": 0.834631}}
{"target": -14.634517932222765, "params": {"C": 138.27379854711864, "gamma": 0.028806099210325807}, "datetime": {"datetime": "2021-06-21 23:17:20", "elapsed": 67.439318, "delta": 0.816232}}
{"target": -14.860281821539578, "params": {"C": 132.6945845841213, "gamma": 0.04078236400923028}, "datetime": {"datetime": "2021-06-21 23:17:21", "elapsed": 68.211311, "delta": 0.771993}}
{"target": -15.718136368319966, "params": {"C": 104.15106478072256, "gamma": 0.04693041860015241}, "datetime": {"datetime": "2021-06-21 23:17:22", "elapsed": 69.075379, "delta": 0.864068}}
{"target": -15.563006956309087, "params": {"C": 106.96861330664554, "gamma": 0.01774808443469089}, "datetime": {"datetime": "2021-06-21 23:17:23", "elapsed": 69.879763, "delta": 0.804384}}
{"target": -14.920558661169691, "params": {"C": 130.06873579034942, "gamma": 0.04096715974935109}, "datetime": {"datetime": "2021-06-21 23:17:23", "elapsed": 70.65384, "delta": 0.774077}}
{"target": -14.3527777562902, "params": {"C": 153.3411044997339, "gamma": 0.030964073073065743}, "datetime": {"datetime": "2021-06-21 23:17:24", "elapsed": 71.485037, "delta": 0.831197}}
{"target": -14.39413386868579, "params": {"C": 153.77588368435983, "gamma": 0.024532459540705348}, "datetime": {"datetime": "2021-06-21 23:17:25", "elapsed": 72.374037, "delta": 0.889}}
{"target": -15.304194467097584, "params": {"C": 121.49153653102914, "gamma": 0.048790899116226985}, "datetime": {"datetime": "2021-06-21 23:17:26", "elapsed": 73.239623, "delta": 0.865586}}
{"target": -15.09638349601845, "params": {"C": 123.7227485184724, "gamma": 0.019440370471309153}, "datetime": {"datetime": "2021-06-21 23:17:27", "elapsed": 74.011701, "delta": 0.772078}}
{"target": -15.235295593354339, "params": {"C": 140.56440488023816, "gamma": 0.012596902483974517}, "datetime": {"datetime": "2021-06-21 23:17:27", "elapsed": 74.795628, "delta": 0.783927}}
