{"target": -10.539236696137156, "params": {"C": 10302.131486224647, "gamma": 0.01563145717803216}, "datetime": {"datetime": "2021-06-22 08:36:53", "elapsed": 4.64724, "delta": 0.184449}}
{"target": -10.120397210119522, "params": {"C": 8154.8375996581635, "gamma": 0.04362061217993444}, "datetime": {"datetime": "2021-06-22 08:36:53", "elapsed": 4.843054, "delta": 0.195814}}
{"target": -10.331455861431445, "params": {"C": 9692.946090812073, "gamma": 0.022542879627983535}, "datetime": {"datetime": "2021-06-22 08:36:53", "elapsed": 5.041656, "delta": 0.198602}}
{"target": -10.6496526257273, "params": {"C": 11932.534431558634, "gamma": 0.011721489800971098}, "datetime": {"datetime": "2021-06-22 08:36:53", "elapsed": 5.226599, "delta": 0.184943}}
{"target": -10.457129852653733, "params": {"C": 12592.898255696655, "gamma": 0.016483157320196316}, "datetime": {"datetime": "2021-06-22 08:36:53", "elapsed": 5.428262, "delta": 0.201663}}
{"target": -9.947761531213711, "params": {"C": 12714.403225779964, "gamma": 0.04468767636106749}, "datetime": {"datetime": "2021-06-22 08:36:54", "elapsed": 5.627851, "delta": 0.199589}}
{"target": -10.171580266270047, "params": {"C": 8818.58566406549, "gamma": 0.030116855378797984}, "datetime": {"datetime": "2021-06-22 08:36:54", "elapsed": 5.828437, "delta": 0.200586}}
{"target": -9.997980178112867, "params": {"C": 13555.170701837735, "gamma": 0.030123142745872036}, "datetime": {"datetime": "2021-06-22 08:36:54", "elapsed": 6.012968, "delta": 0.184531}}
{"target": -10.117697572785849, "params": {"C": 8399.53266691459, "gamma": 0.036330716701691086}, "datetime": {"datetime": "2021-06-22 08:36:54", "elapsed": 6.213323, "delta": 0.200355}}
{"target": -9.93614060145095, "params": {"C": 13310.323541222831, "gamma": 0.03525934471497373}, "datetime": {"datetime": "2021-06-22 08:36:54", "elapsed": 6.398904, "delta": 0.185581}}
{"target": -9.85122517425608, "params": {"C": 15556.752507402107, "gamma": 0.03891430706560164}, "datetime": {"datetime": "2021-06-22 08:36:55", "elapsed": 6.582826, "delta": 0.183922}}
{"target": -10.28826942584307, "params": {"C": 13766.939375910404, "gamma": 0.06}, "datetime": {"datetime": "2021-06-22 08:36:55", "elapsed": 6.999403, "delta": 0.416577}}
{"target": -10.75858690545672, "params": {"C": 10934.429792918276, "gamma": 0.009970861216357745}, "datetime": {"datetime": "2021-06-22 08:36:55", "elapsed": 7.35379, "delta": 0.354387}}
{"target": -10.423017907454067, "params": {"C": 10032.627221426379, "gamma": 0.019362355954326796}, "datetime": {"datetime": "2021-06-22 08:36:56", "elapsed": 7.747178, "delta": 0.393388}}
{"target": -9.993970795592363, "params": {"C": 12959.975176790069, "gamma": 0.031236340752691064}, "datetime": {"datetime": "2021-06-22 08:36:56", "elapsed": 8.11712, "delta": 0.369942}}
{"target": -10.121024602955382, "params": {"C": 14720.356641487908, "gamma": 0.054543461062369666}, "datetime": {"datetime": "2021-06-22 08:36:56", "elapsed": 8.518375, "delta": 0.401255}}
{"target": -10.176067369534316, "params": {"C": 14108.210148464204, "gamma": 0.05636266444485684}, "datetime": {"datetime": "2021-06-22 08:36:57", "elapsed": 8.887083, "delta": 0.368708}}
{"target": -10.250604610119373, "params": {"C": 12262.652668198381, "gamma": 0.022446075346153692}, "datetime": {"datetime": "2021-06-22 08:36:57", "elapsed": 9.303997, "delta": 0.416914}}
{"target": -10.275788356130906, "params": {"C": 10687.560195728796, "gamma": 0.06}, "datetime": {"datetime": "2021-06-22 08:36:58", "elapsed": 9.667019, "delta": 0.363022}}
{"target": -10.811466045831763, "params": {"C": 11671.344627534312, "gamma": 0.009}, "datetime": {"datetime": "2021-06-22 08:36:58", "elapsed": 10.090421, "delta": 0.423402}}
{"target": -9.954087641895677, "params": {"C": 13132.05533842373, "gamma": 0.034096722500009294}, "datetime": {"datetime": "2021-06-22 08:36:58", "elapsed": 10.506252, "delta": 0.415831}}
{"target": -10.19795905608369, "params": {"C": 14566.483632896055, "gamma": 0.057031703832142504}, "datetime": {"datetime": "2021-06-22 08:36:59", "elapsed": 10.922655, "delta": 0.416403}}
{"target": -9.979485601392026, "params": {"C": 13946.017089932697, "gamma": 0.04955923596504923}, "datetime": {"datetime": "2021-06-22 08:36:59", "elapsed": 11.440117, "delta": 0.517462}}
{"target": -10.28102608118738, "params": {"C": 8970.07317709422, "gamma": 0.06}, "datetime": {"datetime": "2021-06-22 08:37:00", "elapsed": 11.871551, "delta": 0.431434}}
{"target": -9.90428163102871, "params": {"C": 15415.421425363977, "gamma": 0.03239472965184183}, "datetime": {"datetime": "2021-06-22 08:37:00", "elapsed": 12.325495, "delta": 0.453944}}
{"target": -10.743045746876364, "params": {"C": 14867.05991267958, "gamma": 0.009}, "datetime": {"datetime": "2021-06-22 08:37:01", "elapsed": 12.772897, "delta": 0.447402}}
{"target": -10.280640693319157, "params": {"C": 12107.430925801274, "gamma": 0.06}, "datetime": {"datetime": "2021-06-22 08:37:01", "elapsed": 13.22494, "delta": 0.452043}}
{"target": -10.59139980142643, "params": {"C": 15790.315511969493, "gamma": 0.011666413906382012}, "datetime": {"datetime": "2021-06-22 08:37:02", "elapsed": 13.63089, "delta": 0.40595}}
{"target": -10.06383140968718, "params": {"C": 15999.465096466163, "gamma": 0.052579203010085306}, "datetime": {"datetime": "2021-06-22 08:37:02", "elapsed": 13.985208, "delta": 0.354318}}
{"target": -10.184739777434183, "params": {"C": 14257.794326418953, "gamma": 0.022812917463225724}, "datetime": {"datetime": "2021-06-22 08:37:02", "elapsed": 14.434135, "delta": 0.448927}}
{"target": -10.262521904866821, "params": {"C": 12418.576486977501, "gamma": 0.05934841253712641}, "datetime": {"datetime": "2021-06-22 08:37:03", "elapsed": 14.918479, "delta": 0.484344}}
{"target": -10.283892373188818, "params": {"C": 12834.791891770778, "gamma": 0.06}, "datetime": {"datetime": "2021-06-22 08:37:03", "elapsed": 15.272719, "delta": 0.35424}}
{"target": -10.40220758138285, "params": {"C": 15135.281867359805, "gamma": 0.016638525718355675}, "datetime": {"datetime": "2021-06-22 08:37:04", "elapsed": 15.704728, "delta": 0.432009}}
{"target": -10.453272509824652, "params": {"C": 9870.864736406842, "gamma": 0.01856008870414511}, "datetime": {"datetime": "2021-06-22 08:37:04", "elapsed": 16.205894, "delta": 0.501166}}
{"target": -10.020238019167774, "params": {"C": 11071.023196377198, "gamma": 0.034265337607540684}, "datetime": {"datetime": "2021-06-22 08:37:05", "elapsed": 16.575262, "delta": 0.369368}}
{"target": -10.07009151823707, "params": {"C": 13658.149794152216, "gamma": 0.0528596464557458}, "datetime": {"datetime": "2021-06-22 08:37:05", "elapsed": 16.938529, "delta": 0.363267}}
{"target": -10.077627370584114, "params": {"C": 10145.719894789061, "gamma": 0.031621041739911995}, "datetime": {"datetime": "2021-06-22 08:37:05", "elapsed": 17.324175, "delta": 0.385646}}
{"target": -9.953116469589771, "params": {"C": 13395.920252688402, "gamma": 0.03338942285925713}, "datetime": {"datetime": "2021-06-22 08:37:06", "elapsed": 17.725327, "delta": 0.401152}}
{"target": -10.155630037850152, "params": {"C": 8509.687469628396, "gamma": 0.05181907325262153}, "datetime": {"datetime": "2021-06-22 08:37:06", "elapsed": 18.257751, "delta": 0.532424}}
{"target": -10.845030078827733, "params": {"C": 10591.660922815876, "gamma": 0.009}, "datetime": {"datetime": "2021-06-22 08:37:07", "elapsed": 18.642328, "delta": 0.384577}}
{"target": -10.83833426726704, "params": {"C": 10794.480082372118, "gamma": 0.009}, "datetime": {"datetime": "2021-06-22 08:37:07", "elapsed": 19.058985, "delta": 0.416657}}
{"target": -10.14443857450507, "params": {"C": 11527.74804693962, "gamma": 0.0554592306781691}, "datetime": {"datetime": "2021-06-22 08:37:07", "elapsed": 19.429017, "delta": 0.370032}}
{"target": -10.284780291220494, "params": {"C": 13046.425821843592, "gamma": 0.06}, "datetime": {"datetime": "2021-06-22 08:37:08", "elapsed": 19.883696, "delta": 0.454679}}
{"target": -9.915803083860016, "params": {"C": 13220.028381556745, "gamma": 0.038114493655705635}, "datetime": {"datetime": "2021-06-22 08:37:08", "elapsed": 20.315703, "delta": 0.432007}}
{"target": -10.572967299129017, "params": {"C": 10429.743152405648, "gamma": 0.014563793924422832}, "datetime": {"datetime": "2021-06-22 08:37:09", "elapsed": 20.868256, "delta": 0.552553}}
{"target": -9.901386658355053, "params": {"C": 13865.403810681224, "gamma": 0.04170637398838223}, "datetime": {"datetime": "2021-06-22 08:37:09", "elapsed": 21.300869, "delta": 0.432613}}
{"target": -10.044367940199244, "params": {"C": 11808.824708864524, "gamma": 0.030367041882052373}, "datetime": {"datetime": "2021-06-22 08:37:10", "elapsed": 21.723381, "delta": 0.422512}}
{"target": -10.301180052455953, "params": {"C": 15345.986050211559, "gamma": 0.06}, "datetime": {"datetime": "2021-06-22 08:37:10", "elapsed": 22.140259, "delta": 0.416878}}
{"target": -9.886452008976269, "params": {"C": 15485.413077726334, "gamma": 0.04436947385529257}, "datetime": {"datetime": "2021-06-22 08:37:11", "elapsed": 22.624605, "delta": 0.484346}}
{"target": -10.602359311894546, "params": {"C": 14646.819917420256, "gamma": 0.011795487361955683}, "datetime": {"datetime": "2021-06-22 08:37:11", "elapsed": 23.11014, "delta": 0.485535}}
{"target": -10.294309510473605, "params": {"C": 14487.855799459106, "gamma": 0.06}, "datetime": {"datetime": "2021-06-22 08:37:12", "elapsed": 23.742801, "delta": 0.632661}}
{"target": -10.937974647649632, "params": {"C": 8314.783518200515, "gamma": 0.009}, "datetime": {"datetime": "2021-06-22 08:37:12", "elapsed": 24.190055, "delta": 0.447254}}
{"target": -9.903454052836448, "params": {"C": 14028.203753835256, "gamma": 0.0364617325767888}, "datetime": {"datetime": "2021-06-22 08:37:13", "elapsed": 24.607015, "delta": 0.41696}}
{"target": -9.996749374831268, "params": {"C": 12184.458501173849, "gamma": 0.03286749777161652}, "datetime": {"datetime": "2021-06-22 08:37:13", "elapsed": 25.091019, "delta": 0.484004}}
{"target": -10.437565370094092, "params": {"C": 15613.116935682578, "gamma": 0.015522625923782524}, "datetime": {"datetime": "2021-06-22 08:37:14", "elapsed": 25.645758, "delta": 0.554739}}
{"target": -10.087612044342018, "params": {"C": 15712.862947855705, "gamma": 0.024694886425699274}, "datetime": {"datetime": "2021-06-22 08:37:14", "elapsed": 26.278617, "delta": 0.632859}}
{"target": -10.20451417283947, "params": {"C": 9281.938797016528, "gamma": 0.02784701279824052}, "datetime": {"datetime": "2021-06-22 08:37:15", "elapsed": 26.711521, "delta": 0.432904}}
{"target": -10.316356994790803, "params": {"C": 12499.928278164272, "gamma": 0.02043297400942601}, "datetime": {"datetime": "2021-06-22 08:37:15", "elapsed": 27.180402, "delta": 0.468881}}
{"target": -9.898930945100071, "params": {"C": 14328.283147958602, "gamma": 0.043098941261646255}, "datetime": {"datetime": "2021-06-22 08:37:16", "elapsed": 27.597184, "delta": 0.416782}}
{"target": -10.053477497052073, "params": {"C": 9561.381041649263, "gamma": 0.038750153219297215}, "datetime": {"datetime": "2021-06-22 08:37:16", "elapsed": 28.082606, "delta": 0.485422}}
{"target": -10.387840864319116, "params": {"C": 8901.515728488566, "gamma": 0.021647051139976326}, "datetime": {"datetime": "2021-06-22 08:37:17", "elapsed": 28.583017, "delta": 0.500411}}
{"target": -10.037910104280336, "params": {"C": 9786.515424466224, "gamma": 0.041872626718921085}, "datetime": {"datetime": "2021-06-22 08:37:17", "elapsed": 29.130347, "delta": 0.54733}}
{"target": -10.053396652478975, "params": {"C": 11459.152854249625, "gamma": 0.052105627435341514}, "datetime": {"datetime": "2021-06-22 08:37:18", "elapsed": 29.600152, "delta": 0.469805}}
{"target": -10.116024642944375, "params": {"C": 9041.791795993664, "gamma": 0.0498250209624801}, "datetime": {"datetime": "2021-06-22 08:37:18", "elapsed": 30.117382, "delta": 0.51723}}
{"target": -10.132435395337867, "params": {"C": 8454.074192450473, "gamma": 0.048282808524900106}, "datetime": {"datetime": "2021-06-22 08:37:19", "elapsed": 30.622821, "delta": 0.505439}}
{"target": -10.488594760121583, "params": {"C": 14781.311772379693, "gamma": 0.014512607094181347}, "datetime": {"datetime": "2021-06-22 08:37:19", "elapsed": 31.072111, "delta": 0.44929}}
{"target": -10.009684837614317, "params": {"C": 11123.797631839518, "gamma": 0.035383508535024075}, "datetime": {"datetime": "2021-06-22 08:37:20", "elapsed": 31.704491, "delta": 0.63238}}
{"target": -10.002789359973043, "params": {"C": 12904.209399177242, "gamma": 0.030829483510234033}, "datetime": {"datetime": "2021-06-22 08:37:20", "elapsed": 32.090082, "delta": 0.385591}}
{"target": -9.945168986689856, "params": {"C": 12342.812288778736, "gamma": 0.04289633883188576}, "datetime": {"datetime": "2021-06-22 08:37:20", "elapsed": 32.559966, "delta": 0.469884}}
{"target": -9.936165125524994, "params": {"C": 15208.195763038042, "gamma": 0.03091596512129599}, "datetime": {"datetime": "2021-06-22 08:37:21", "elapsed": 32.976096, "delta": 0.41613}}
{"target": -10.432006973748932, "params": {"C": 14952.547672179146, "gamma": 0.015961848102572174}, "datetime": {"datetime": "2021-06-22 08:37:21", "elapsed": 33.423786, "delta": 0.44769}}
{"target": -10.663581542273397, "params": {"C": 13607.95155721814, "gamma": 0.010753673442921025}, "datetime": {"datetime": "2021-06-22 08:37:22", "elapsed": 33.96314, "delta": 0.539354}}
{"target": -10.458436243468999, "params": {"C": 13706.423649557451, "gamma": 0.0158428810019514}, "datetime": {"datetime": "2021-06-22 08:37:23", "elapsed": 34.647725, "delta": 0.684585}}
{"target": -10.026811680386832, "params": {"C": 12023.585598966289, "gamma": 0.05094217363639578}, "datetime": {"datetime": "2021-06-22 08:37:23", "elapsed": 35.197793, "delta": 0.550068}}
{"target": -10.92426602795118, "params": {"C": 8584.759310668755, "gamma": 0.009}, "datetime": {"datetime": "2021-06-22 08:37:24", "elapsed": 35.699322, "delta": 0.501529}}
{"target": -10.107551696350798, "params": {"C": 14182.22297616397, "gamma": 0.025325561477006285}, "datetime": {"datetime": "2021-06-22 08:37:24", "elapsed": 36.285446, "delta": 0.586124}}
{"target": -10.360763149228703, "params": {"C": 11753.014500290003, "gamma": 0.019766992406787906}, "datetime": {"datetime": "2021-06-22 08:37:25", "elapsed": 36.848785, "delta": 0.563339}}
{"target": -10.05736999765278, "params": {"C": 9954.999935654063, "gamma": 0.034226126759737484}, "datetime": {"datetime": "2021-06-22 08:37:25", "elapsed": 37.403369, "delta": 0.554584}}
{"target": -10.304553404317476, "params": {"C": 12765.179753954635, "gamma": 0.02055926711087356}, "datetime": {"datetime": "2021-06-22 08:37:26", "elapsed": 37.989605, "delta": 0.586236}}
{"target": -9.949054926548598, "params": {"C": 12661.949859591172, "gamma": 0.03622738559934323}, "datetime": {"datetime": "2021-06-22 08:37:27", "elapsed": 38.617265, "delta": 0.62766}}
{"target": -10.13411047046235, "params": {"C": 9422.173725825927, "gamma": 0.054127383891469726}, "datetime": {"datetime": "2021-06-22 08:37:27", "elapsed": 39.277836, "delta": 0.660571}}
{"target": -9.982786034486123, "params": {"C": 11239.407581920128, "gamma": 0.0429842762214301}, "datetime": {"datetime": "2021-06-22 08:37:28", "elapsed": 39.910872, "delta": 0.633036}}
{"target": -10.439607561410561, "params": {"C": 8065.60937671796, "gamma": 0.020863446860925693}, "datetime": {"datetime": "2021-06-22 08:37:28", "elapsed": 40.428075, "delta": 0.517203}}
{"target": -10.5768353044909, "params": {"C": 13441.744753933599, "gamma": 0.012900623235305428}, "datetime": {"datetime": "2021-06-22 08:37:29", "elapsed": 40.960204, "delta": 0.532129}}
{"target": -9.953211544448113, "params": {"C": 13354.505786203375, "gamma": 0.047063088437427514}, "datetime": {"datetime": "2021-06-22 08:37:30", "elapsed": 41.915248, "delta": 0.955044}}
{"target": -10.601240162485045, "params": {"C": 11008.983985005038, "gamma": 0.013412578197290111}, "datetime": {"datetime": "2021-06-22 08:37:30", "elapsed": 42.501022, "delta": 0.585774}}
{"target": -10.07793127157635, "params": {"C": 10195.111725105757, "gamma": 0.05104677085965873}, "datetime": {"datetime": "2021-06-22 08:37:31", "elapsed": 43.179668, "delta": 0.678646}}
{"target": -10.28690830001292, "params": {"C": 15862.948801762326, "gamma": 0.059475174832878876}, "datetime": {"datetime": "2021-06-22 08:37:32", "elapsed": 43.681163, "delta": 0.501495}}
{"target": -10.288734118417752, "params": {"C": 13821.2854607059, "gamma": 0.06}, "datetime": {"datetime": "2021-06-22 08:37:32", "elapsed": 44.204891, "delta": 0.523728}}
{"target": -10.015739341043647, "params": {"C": 11588.830502622242, "gamma": 0.04894754586628876}, "datetime": {"datetime": "2021-06-22 08:37:33", "elapsed": 44.763214, "delta": 0.558323}}
{"target": -10.090614080589358, "params": {"C": 15954.668406529518, "gamma": 0.05351976613527844}, "datetime": {"datetime": "2021-06-22 08:37:33", "elapsed": 45.470399, "delta": 0.707185}}
{"target": -9.916429171968097, "params": {"C": 13175.61022876413, "gamma": 0.038227006000670326}, "datetime": {"datetime": "2021-06-22 08:37:34", "elapsed": 46.119232, "delta": 0.648833}}
{"target": -9.87757212762774, "params": {"C": 15065.918730473353, "gamma": 0.03583548663873632}, "datetime": {"datetime": "2021-06-22 08:37:35", "elapsed": 46.735974, "delta": 0.616742}}
{"target": -10.063402994632202, "params": {"C": 15523.604291398984, "gamma": 0.05257034518388608}, "datetime": {"datetime": "2021-06-22 08:37:35", "elapsed": 47.412042, "delta": 0.676068}}
{"target": -10.720599640834216, "params": {"C": 11859.909529247892, "gamma": 0.010239568397847985}, "datetime": {"datetime": "2021-06-22 08:37:36", "elapsed": 47.944417, "delta": 0.532375}}
{"target": -10.359872736176486, "params": {"C": 13904.445114034119, "gamma": 0.018376772743821258}, "datetime": {"datetime": "2021-06-22 08:37:36", "elapsed": 48.556031, "delta": 0.611614}}
{"target": -10.180049771963366, "params": {"C": 13986.91688039238, "gamma": 0.0231701560964964}, "datetime": {"datetime": "2021-06-22 08:37:37", "elapsed": 49.247365, "delta": 0.691334}}
{"target": -10.05380002390773, "params": {"C": 13266.847987882198, "gamma": 0.05228047444739921}, "datetime": {"datetime": "2021-06-22 08:37:38", "elapsed": 49.848728, "delta": 0.601363}}
{"target": -10.498326433419813, "params": {"C": 10094.079119057596, "gamma": 0.016984659763385493}, "datetime": {"datetime": "2021-06-22 08:37:38", "elapsed": 50.365932, "delta": 0.517204}}
{"target": -9.853126542292904, "params": {"C": 15449.789903314733, "gamma": 0.03874697643371823}, "datetime": {"datetime": "2021-06-22 08:37:39", "elapsed": 51.05175, "delta": 0.685818}}
{"target": -10.494544893881365, "params": {"C": 14063.976334671452, "gamma": 0.014681700184704192}, "datetime": {"datetime": "2021-06-22 08:37:40", "elapsed": 51.653166, "delta": 0.601416}}
{"target": -10.543513738414578, "params": {"C": 10865.77717593692, "gamma": 0.015135136267494641}, "datetime": {"datetime": "2021-06-22 08:37:40", "elapsed": 52.30839, "delta": 0.655224}}
{"target": -10.103359634095046, "params": {"C": 9745.949630419935, "gamma": 0.03122126550850749}, "datetime": {"datetime": "2021-06-22 08:37:41", "elapsed": 52.940951, "delta": 0.632561}}
{"target": -10.025385344810177, "params": {"C": 11414.773112501025, "gamma": 0.032324199423170816}, "datetime": {"datetime": "2021-06-22 08:37:42", "elapsed": 53.589612, "delta": 0.648661}}
{"target": -9.879408033249597, "params": {"C": 14361.228716806894, "gamma": 0.03917882621349782}, "datetime": {"datetime": "2021-06-22 08:37:42", "elapsed": 54.34484, "delta": 0.755228}}
{"target": -10.120756805795299, "params": {"C": 8737.19405101508, "gamma": 0.03336685454108306}, "datetime": {"datetime": "2021-06-22 08:37:43", "elapsed": 54.877005, "delta": 0.532165}}
{"target": -10.196861576235463, "params": {"C": 11986.220791406493, "gamma": 0.05721818079929754}, "datetime": {"datetime": "2021-06-22 08:37:43", "elapsed": 55.532632, "delta": 0.655627}}
{"target": -9.945781131620354, "params": {"C": 14145.369626803276, "gamma": 0.04783734872930662}, "datetime": {"datetime": "2021-06-22 08:37:44", "elapsed": 56.179491, "delta": 0.646859}}
{"target": -9.970158218057541, "params": {"C": 12308.582568671714, "gamma": 0.046038587415465265}, "datetime": {"datetime": "2021-06-22 08:37:45", "elapsed": 56.849286, "delta": 0.669795}}
{"target": -10.107179800851922, "params": {"C": 13091.990462493613, "gamma": 0.05417128124947142}, "datetime": {"datetime": "2021-06-22 08:37:45", "elapsed": 57.419384, "delta": 0.570098}}
{"target": -10.064057104302005, "params": {"C": 9236.64976765908, "gamma": 0.04066936281463594}, "datetime": {"datetime": "2021-06-22 08:37:46", "elapsed": 58.021259, "delta": 0.601875}}
{"target": -10.163611647258328, "params": {"C": 10730.53709651522, "gamma": 0.027095571428521044}, "datetime": {"datetime": "2021-06-22 08:37:47", "elapsed": 58.702141, "delta": 0.680882}}
{"target": -10.87951346470871, "params": {"C": 9597.101779836968, "gamma": 0.009}, "datetime": {"datetime": "2021-06-22 08:37:47", "elapsed": 59.254809, "delta": 0.552668}}
{"target": -10.062010192664722, "params": {"C": 9530.1294856431, "gamma": 0.044802886709701284}, "datetime": {"datetime": "2021-06-22 08:37:48", "elapsed": 59.840589, "delta": 0.58578}}
{"target": -10.27182688675209, "params": {"C": 10367.452748221362, "gamma": 0.0598802861616423}, "datetime": {"datetime": "2021-06-22 08:37:48", "elapsed": 60.442441, "delta": 0.601852}}
{"target": -10.18928783602106, "params": {"C": 12150.97564163672, "gamma": 0.024538561500818724}, "datetime": {"datetime": "2021-06-22 08:37:49", "elapsed": 61.127541, "delta": 0.6851}}
{"target": -10.061691667937877, "params": {"C": 12997.457208148357, "gamma": 0.028042871347236376}, "datetime": {"datetime": "2021-06-22 08:37:50", "elapsed": 61.891811, "delta": 0.76427}}
{"target": -10.035636930244138, "params": {"C": 11208.101473415092, "gamma": 0.049901604771362545}, "datetime": {"datetime": "2021-06-22 08:37:51", "elapsed": 62.578033, "delta": 0.686222}}
