{"target": -16.65552715039264, "params": {"C": 79.8166189406628, "gamma": 0.04973954070180278}, "datetime": {"datetime": "2021-06-21 23:05:14", "elapsed": 130.220562, "delta": 0.778656}}
{"target": -16.641734546758098, "params": {"C": 77.18897983714244, "gamma": 0.04519090935032857}, "datetime": {"datetime": "2021-06-21 23:05:15", "elapsed": 131.117579, "delta": 0.897017}}
{"target": -16.518479141746685, "params": {"C": 83.25645933675416, "gamma": 0.04979899906955028}, "datetime": {"datetime": "2021-06-21 23:05:16", "elapsed": 132.2085, "delta": 1.090921}}
{"target": -17.25991570350597, "params": {"C": 75.28807563947436, "gamma": 0.009839259194346077}, "datetime": {"datetime": "2021-06-21 23:05:16", "elapsed": 132.901089, "delta": 0.692589}}
{"target": -16.504363604780057, "params": {"C": 77.47987144749416, "gamma": 0.04021967829014411}, "datetime": {"datetime": "2021-06-21 23:05:17", "elapsed": 133.696376, "delta": 0.795287}}
{"target": -16.427895520053376, "params": {"C": 85.07103904909809, "gamma": 0.04907809854281497}, "datetime": {"datetime": "2021-06-21 23:05:18", "elapsed": 134.803385, "delta": 1.107009}}
{"target": -16.743528033782148, "params": {"C": 83.52359839455218, "gamma": 0.011423302202815906}, "datetime": {"datetime": "2021-06-21 23:05:19", "elapsed": 135.840421, "delta": 1.037036}}
{"target": -16.80768140118143, "params": {"C": 69.96702907669486, "gamma": 0.03901209070488819}, "datetime": {"datetime": "2021-06-21 23:05:20", "elapsed": 136.654405, "delta": 0.813984}}
{"target": -16.44722775120189, "params": {"C": 84.68438148785275, "gamma": 0.04923829715310991}, "datetime": {"datetime": "2021-06-21 23:05:21", "elapsed": 137.721274, "delta": 1.066869}}
{"target": -16.47782198326956, "params": {"C": 83.80259293215299, "gamma": 0.0491002894698186}, "datetime": {"datetime": "2021-06-21 23:05:22", "elapsed": 138.743319, "delta": 1.022045}}
{"target": -16.77953395810553, "params": {"C": 69.94045883853627, "gamma": 0.03778098229434815}, "datetime": {"datetime": "2021-06-21 23:05:23", "elapsed": 139.436316, "delta": 0.692997}}
{"target": -17.299086198474132, "params": {"C": 74.7428038105982, "gamma": 0.009718448155615369}, "datetime": {"datetime": "2021-06-21 23:05:24", "elapsed": 140.64331, "delta": 1.206994}}
{"target": -16.893679583762843, "params": {"C": 74.40003331957104, "gamma": 0.05}, "datetime": {"datetime": "2021-06-21 23:05:25", "elapsed": 141.637315, "delta": 0.994005}}
{"target": -16.236667765494225, "params": {"C": 89.66598318991727, "gamma": 0.048387311728111476}, "datetime": {"datetime": "2021-06-21 23:05:26", "elapsed": 142.484691, "delta": 0.847376}}
{"target": -16.644458481610236, "params": {"C": 94.88267799707606, "gamma": 0.009888297502599123}, "datetime": {"datetime": "2021-06-21 23:05:27", "elapsed": 143.73468, "delta": 1.249989}}
{"target": -17.027137730786233, "params": {"C": 67.83682996556999, "gamma": 0.04366524547103876}, "datetime": {"datetime": "2021-06-21 23:05:28", "elapsed": 144.920049, "delta": 1.185369}}
{"target": -16.735689247528924, "params": {"C": 90.69742629417728, "gamma": 0.010050688356248356}, "datetime": {"datetime": "2021-06-21 23:05:30", "elapsed": 146.203009, "delta": 1.28296}}
{"target": -16.69943738285613, "params": {"C": 73.6957747541721, "gamma": 0.016143611371178854}, "datetime": {"datetime": "2021-06-21 23:05:31", "elapsed": 147.815261, "delta": 1.612252}}
{"target": -16.679206113500776, "params": {"C": 79.41832813135342, "gamma": 0.05}, "datetime": {"datetime": "2021-06-21 23:05:32", "elapsed": 148.764837, "delta": 0.949576}}
{"target": -16.752296621795676, "params": {"C": 91.62747367804776, "gamma": 0.009801272587839653}, "datetime": {"datetime": "2021-06-21 23:05:34", "elapsed": 149.993326, "delta": 1.228489}}
{"target": -18.086660778305244, "params": {"C": 57.67395116437879, "gamma": 0.009}, "datetime": {"datetime": "2021-06-21 23:05:35", "elapsed": 151.175799, "delta": 1.182473}}
{"target": -16.951768951018167, "params": {"C": 89.90257325473782, "gamma": 0.009}, "datetime": {"datetime": "2021-06-21 23:05:36", "elapsed": 152.451706, "delta": 1.275907}}
{"target": -16.139580921911207, "params": {"C": 90.13341262210446, "gamma": 0.045364667355331054}, "datetime": {"datetime": "2021-06-21 23:05:37", "elapsed": 153.562708, "delta": 1.111002}}
{"target": -16.142641604499374, "params": {"C": 93.50017580768976, "gamma": 0.05}, "datetime": {"datetime": "2021-06-21 23:05:38", "elapsed": 154.593695, "delta": 1.030987}}
{"target": -16.434813842445816, "params": {"C": 84.15535756509318, "gamma": 0.04802883354689632}, "datetime": {"datetime": "2021-06-21 23:05:39", "elapsed": 155.489657, "delta": 0.895962}}
{"target": -16.768356343363585, "params": {"C": 75.62747331555049, "gamma": 0.04742674520394401}, "datetime": {"datetime": "2021-06-21 23:05:40", "elapsed": 156.61025, "delta": 1.120593}}
{"target": -16.677781226995954, "params": {"C": 99.94066940711693, "gamma": 0.009}, "datetime": {"datetime": "2021-06-21 23:05:41", "elapsed": 157.777531, "delta": 1.167281}}
{"target": -15.854371410272062, "params": {"C": 99.86026024141074, "gamma": 0.04706122696610738}, "datetime": {"datetime": "2021-06-21 23:05:43", "elapsed": 159.049201, "delta": 1.27167}}
{"target": -16.97911412743908, "params": {"C": 67.39454249833051, "gamma": 0.04099720405520396}, "datetime": {"datetime": "2021-06-21 23:05:44", "elapsed": 160.191227, "delta": 1.142026}}
{"target": -16.910288565220508, "params": {"C": 74.02459962248737, "gamma": 0.05}, "datetime": {"datetime": "2021-06-21 23:05:45", "elapsed": 161.243705, "delta": 1.052478}}
{"target": -16.04151247528549, "params": {"C": 95.06766807987897, "gamma": 0.04824958313160467}, "datetime": {"datetime": "2021-06-21 23:05:46", "elapsed": 162.446921, "delta": 1.203216}}
{"target": -17.075534396570184, "params": {"C": 63.825235897121416, "gamma": 0.017053335402633964}, "datetime": {"datetime": "2021-06-21 23:05:47", "elapsed": 163.223601, "delta": 0.77668}}
{"target": -16.571136716401945, "params": {"C": 81.99963331304524, "gamma": 0.013492289119231025}, "datetime": {"datetime": "2021-06-21 23:05:48", "elapsed": 164.256821, "delta": 1.03322}}
{"target": -17.60862556218734, "params": {"C": 59.91961629909729, "gamma": 0.049758054455025104}, "datetime": {"datetime": "2021-06-21 23:05:49", "elapsed": 165.325538, "delta": 1.068717}}
{"target": -15.958814660496524, "params": {"C": 98.38232916843941, "gamma": 0.04932393653487317}, "datetime": {"datetime": "2021-06-21 23:05:50", "elapsed": 166.289063, "delta": 0.963525}}
{"target": -17.008298926353017, "params": {"C": 82.28102779477292, "gamma": 0.009948989714485585}, "datetime": {"datetime": "2021-06-21 23:05:51", "elapsed": 167.491377, "delta": 1.202314}}
{"target": -17.083860327228184, "params": {"C": 67.05155406862583, "gamma": 0.04436040762041753}, "datetime": {"datetime": "2021-06-21 23:05:52", "elapsed": 168.463009, "delta": 0.971632}}
{"target": -17.596984242868764, "params": {"C": 59.439312820713454, "gamma": 0.04845420433055251}, "datetime": {"datetime": "2021-06-21 23:05:53", "elapsed": 169.63934, "delta": 1.176331}}
{"target": -16.785147725582785, "params": {"C": 95.87727854441226, "gamma": 0.00900285178025442}, "datetime": {"datetime": "2021-06-21 23:05:54", "elapsed": 170.886193, "delta": 1.246853}}
{"target": -16.552661748323008, "params": {"C": 96.05190374239592, "gamma": 0.01022726343032255}, "datetime": {"datetime": "2021-06-21 23:05:55", "elapsed": 171.891144, "delta": 1.004951}}
{"target": -16.133355290702266, "params": {"C": 95.72005568612744, "gamma": 0.013502726192464818}, "datetime": {"datetime": "2021-06-21 23:05:57", "elapsed": 173.5904, "delta": 1.699256}}
{"target": -17.50708452852442, "params": {"C": 61.66056755044539, "gamma": 0.049549438446084025}, "datetime": {"datetime": "2021-06-21 23:05:58", "elapsed": 174.359395, "delta": 0.768995}}
{"target": -16.851908039642723, "params": {"C": 85.82033826975203, "gamma": 0.010228890617559024}, "datetime": {"datetime": "2021-06-21 23:05:59", "elapsed": 175.615752, "delta": 1.256357}}
{"target": -16.05827704441639, "params": {"C": 85.5944116880112, "gamma": 0.023764119271843066}, "datetime": {"datetime": "2021-06-21 23:06:01", "elapsed": 177.086678, "delta": 1.470926}}
{"target": -16.768487820667048, "params": {"C": 76.03026527054026, "gamma": 0.0480672663969332}, "datetime": {"datetime": "2021-06-21 23:06:02", "elapsed": 178.377703, "delta": 1.291025}}
{"target": -16.843906428531703, "params": {"C": 93.74628208254653, "gamma": 0.009}, "datetime": {"datetime": "2021-06-21 23:06:03", "elapsed": 179.670956, "delta": 1.293253}}
{"target": -16.5827070932567, "params": {"C": 76.30740308322024, "gamma": 0.041385444644144107}, "datetime": {"datetime": "2021-06-21 23:06:04", "elapsed": 180.491914, "delta": 0.820958}}
{"target": -16.044862728399252, "params": {"C": 95.06824952041228, "gamma": 0.048376982323129855}, "datetime": {"datetime": "2021-06-21 23:06:05", "elapsed": 181.316568, "delta": 0.824654}}
{"target": -16.114763259669793, "params": {"C": 91.28030789132664, "gamma": 0.04599059790944561}, "datetime": {"datetime": "2021-06-21 23:06:06", "elapsed": 182.384568, "delta": 1.068}}
{"target": -17.320975704130635, "params": {"C": 69.63197344573216, "gamma": 0.010769788193971803}, "datetime": {"datetime": "2021-06-21 23:06:07", "elapsed": 183.940892, "delta": 1.556324}}
{"target": -17.564016053051734, "params": {"C": 58.179571861772864, "gamma": 0.04491601941325921}, "datetime": {"datetime": "2021-06-21 23:06:09", "elapsed": 185.076645, "delta": 1.135753}}
{"target": -18.04412288285593, "params": {"C": 58.622083714778846, "gamma": 0.009}, "datetime": {"datetime": "2021-06-21 23:06:10", "elapsed": 186.272695, "delta": 1.19605}}
{"target": -16.548248967033064, "params": {"C": 78.58658618492137, "gamma": 0.01552530568449631}, "datetime": {"datetime": "2021-06-21 23:06:11", "elapsed": 187.131765, "delta": 0.85907}}
{"target": -17.069194321415857, "params": {"C": 68.54498069250273, "gamma": 0.046510556038301155}, "datetime": {"datetime": "2021-06-21 23:06:12", "elapsed": 188.594057, "delta": 1.462292}}
{"target": -17.594024741880844, "params": {"C": 59.04931665604235, "gamma": 0.012226674452137907}, "datetime": {"datetime": "2021-06-21 23:06:13", "elapsed": 189.699885, "delta": 1.105828}}
{"target": -16.77652352633855, "params": {"C": 96.21788946909666, "gamma": 0.009}, "datetime": {"datetime": "2021-06-21 23:06:15", "elapsed": 191.026851, "delta": 1.326966}}
{"target": -17.626238441359053, "params": {"C": 51.049262414880054, "gamma": 0.022488525100274923}, "datetime": {"datetime": "2021-06-21 23:06:16", "elapsed": 192.347712, "delta": 1.320861}}
{"target": -16.12082659777237, "params": {"C": 90.41159724419055, "gamma": 0.04502969061487496}, "datetime": {"datetime": "2021-06-21 23:06:17", "elapsed": 193.930578, "delta": 1.582866}}
{"target": -16.673067172206192, "params": {"C": 75.02889648714647, "gamma": 0.04277644068792908}, "datetime": {"datetime": "2021-06-21 23:06:19", "elapsed": 195.431178, "delta": 1.5006}}
{"target": -17.615254154806053, "params": {"C": 53.929503332490526, "gamma": 0.015924965190900812}, "datetime": {"datetime": "2021-06-21 23:06:20", "elapsed": 196.273269, "delta": 0.842091}}
{"target": -16.566155718886975, "params": {"C": 93.85006803877616, "gamma": 0.010518985672057836}, "datetime": {"datetime": "2021-06-21 23:06:21", "elapsed": 197.534247, "delta": 1.260978}}
{"target": -17.078674539305922, "params": {"C": 85.33025702878788, "gamma": 0.009038677692141677}, "datetime": {"datetime": "2021-06-21 23:06:23", "elapsed": 199.396055, "delta": 1.861808}}
{"target": -16.78770585723504, "params": {"C": 89.45338187706653, "gamma": 0.009960020497997893}, "datetime": {"datetime": "2021-06-21 23:06:24", "elapsed": 200.862596, "delta": 1.466541}}
{"target": -18.214729515099666, "params": {"C": 50.59733969003113, "gamma": 0.010331001286962864}, "datetime": {"datetime": "2021-06-21 23:06:26", "elapsed": 202.74482, "delta": 1.882224}}
{"target": -17.94947618023138, "params": {"C": 50.119865895986614, "gamma": 0.01352967800998097}, "datetime": {"datetime": "2021-06-21 23:06:27", "elapsed": 203.894339, "delta": 1.149519}}
{"target": -16.46282434578382, "params": {"C": 92.82476075843849, "gamma": 0.011377862198505832}, "datetime": {"datetime": "2021-06-21 23:06:29", "elapsed": 205.085374, "delta": 1.191035}}
{"target": -16.04256742296751, "params": {"C": 96.39579159041818, "gamma": 0.05}, "datetime": {"datetime": "2021-06-21 23:06:30", "elapsed": 206.587817, "delta": 1.502443}}
{"target": -16.702402912059913, "params": {"C": 78.85992289928252, "gamma": 0.05}, "datetime": {"datetime": "2021-06-21 23:06:32", "elapsed": 208.222076, "delta": 1.634259}}
{"target": -17.952932440625396, "params": {"C": 60.70759294457323, "gamma": 0.009}, "datetime": {"datetime": "2021-06-21 23:06:33", "elapsed": 209.695132, "delta": 1.473056}}
{"target": -16.067852364899473, "params": {"C": 94.365055876198, "gamma": 0.048328042649911515}, "datetime": {"datetime": "2021-06-21 23:06:34", "elapsed": 210.81013, "delta": 1.114998}}
{"target": -17.08480150808843, "params": {"C": 68.97995420550006, "gamma": 0.047853599460107685}, "datetime": {"datetime": "2021-06-21 23:06:36", "elapsed": 212.279688, "delta": 1.469558}}
{"target": -16.01135061041309, "params": {"C": 97.3179181806338, "gamma": 0.05}, "datetime": {"datetime": "2021-06-21 23:06:38", "elapsed": 214.113899, "delta": 1.834211}}
{"target": -16.628584936182563, "params": {"C": 79.10776411480728, "gamma": 0.04770603312994735}, "datetime": {"datetime": "2021-06-21 23:06:39", "elapsed": 215.304196, "delta": 1.190297}}
{"target": -16.845808976803628, "params": {"C": 81.1340800602788, "gamma": 0.011250803107923863}, "datetime": {"datetime": "2021-06-21 23:06:40", "elapsed": 216.686618, "delta": 1.382422}}
{"target": -16.603835207598607, "params": {"C": 95.55988472654342, "gamma": 0.010011080042772796}, "datetime": {"datetime": "2021-06-21 23:06:41", "elapsed": 217.920607, "delta": 1.233989}}
{"target": -16.566512005788944, "params": {"C": 95.40715593588678, "gamma": 0.010251921924182224}, "datetime": {"datetime": "2021-06-21 23:06:43", "elapsed": 219.467104, "delta": 1.546497}}
{"target": -16.55127823476166, "params": {"C": 99.49264570809692, "gamma": 0.009710698089435794}, "datetime": {"datetime": "2021-06-21 23:06:45", "elapsed": 221.825959, "delta": 2.358855}}
{"target": -15.944912313729922, "params": {"C": 99.34132978765327, "gamma": 0.05}, "datetime": {"datetime": "2021-06-21 23:06:47", "elapsed": 223.324959, "delta": 1.499}}
{"target": -17.409150409262786, "params": {"C": 60.33385221933302, "gamma": 0.04360937878501937}, "datetime": {"datetime": "2021-06-21 23:06:49", "elapsed": 225.36617, "delta": 2.041211}}
{"target": -16.968898979274744, "params": {"C": 66.08879509378261, "gamma": 0.01715348580929671}, "datetime": {"datetime": "2021-06-21 23:06:51", "elapsed": 227.311687, "delta": 1.945517}}
{"target": -17.184555550676226, "params": {"C": 80.51375748209757, "gamma": 0.009275303331166582}, "datetime": {"datetime": "2021-06-21 23:06:52", "elapsed": 228.652758, "delta": 1.341071}}
{"target": -16.541506895361653, "params": {"C": 80.73724988751901, "gamma": 0.04696201287532889}, "datetime": {"datetime": "2021-06-21 23:06:53", "elapsed": 229.970711, "delta": 1.317953}}
{"target": -15.885946856594115, "params": {"C": 99.20332676310801, "gamma": 0.04748445876528853}, "datetime": {"datetime": "2021-06-21 23:06:55", "elapsed": 231.75898, "delta": 1.788269}}
{"target": -16.123535644124576, "params": {"C": 94.0459811730508, "gamma": 0.05}, "datetime": {"datetime": "2021-06-21 23:06:57", "elapsed": 233.444256, "delta": 1.685276}}
{"target": -17.459588833534053, "params": {"C": 61.364359981557584, "gamma": 0.047376323492906255}, "datetime": {"datetime": "2021-06-21 23:06:59", "elapsed": 235.520651, "delta": 2.076395}}
{"target": -15.995910011766497, "params": {"C": 91.89522055556743, "gamma": 0.042011083012551985}, "datetime": {"datetime": "2021-06-21 23:07:01", "elapsed": 237.886519, "delta": 2.365868}}
{"target": -16.100945846892493, "params": {"C": 94.51724139341371, "gamma": 0.04976892018996494}, "datetime": {"datetime": "2021-06-21 23:07:04", "elapsed": 240.000456, "delta": 2.113937}}
{"target": -16.36993958523103, "params": {"C": 93.57499249369997, "gamma": 0.01187304695222258}, "datetime": {"datetime": "2021-06-21 23:07:05", "elapsed": 241.476581, "delta": 1.476125}}
{"target": -16.315144480894364, "params": {"C": 88.71693975543141, "gamma": 0.05}, "datetime": {"datetime": "2021-06-21 23:07:07", "elapsed": 243.064505, "delta": 1.587924}}
{"target": -16.40463857348171, "params": {"C": 86.33435960049333, "gamma": 0.05}, "datetime": {"datetime": "2021-06-21 23:07:08", "elapsed": 244.594512, "delta": 1.530007}}
{"target": -17.064370417908144, "params": {"C": 66.752536635978, "gamma": 0.014750295655327036}, "datetime": {"datetime": "2021-06-21 23:07:10", "elapsed": 246.059235, "delta": 1.464723}}
{"target": -16.69083258768108, "params": {"C": 71.70436229713108, "gamma": 0.03743626767719795}, "datetime": {"datetime": "2021-06-21 23:07:11", "elapsed": 247.896903, "delta": 1.837668}}
{"target": -17.921178571417574, "params": {"C": 61.050710480949355, "gamma": 0.009098014700421469}, "datetime": {"datetime": "2021-06-21 23:07:13", "elapsed": 249.23246, "delta": 1.335557}}
{"target": -15.926341602274977, "params": {"C": 96.33234508513493, "gamma": 0.016320898631832774}, "datetime": {"datetime": "2021-06-21 23:07:14", "elapsed": 250.22289, "delta": 0.99043}}
{"target": -16.78312701585052, "params": {"C": 76.53499873249959, "gamma": 0.04937011371356731}, "datetime": {"datetime": "2021-06-21 23:07:16", "elapsed": 252.708294, "delta": 2.485404}}
{"target": -17.2931426849517, "params": {"C": 66.43910442470252, "gamma": 0.011968769880324543}, "datetime": {"datetime": "2021-06-21 23:07:18", "elapsed": 254.154074, "delta": 1.44578}}
{"target": -16.722676143259672, "params": {"C": 78.37506836703672, "gamma": 0.05}, "datetime": {"datetime": "2021-06-21 23:07:20", "elapsed": 256.089306, "delta": 1.935232}}
{"target": -17.223536252028453, "params": {"C": 62.852212454100574, "gamma": 0.04165384780287671}, "datetime": {"datetime": "2021-06-21 23:07:21", "elapsed": 257.036919, "delta": 0.947613}}
{"target": -16.755011506420622, "params": {"C": 93.16701910560982, "gamma": 0.009545964231127633}, "datetime": {"datetime": "2021-06-21 23:07:22", "elapsed": 258.62129, "delta": 1.584371}}
{"target": -17.140278039504203, "params": {"C": 71.06061029634779, "gamma": 0.011711412517940967}, "datetime": {"datetime": "2021-06-21 23:07:24", "elapsed": 260.684957, "delta": 2.063667}}
{"target": -16.118128997633576, "params": {"C": 94.20102974313882, "gamma": 0.05}, "datetime": {"datetime": "2021-06-21 23:07:27", "elapsed": 263.072733, "delta": 2.387776}}
{"target": -15.760039553177357, "params": {"C": 95.55694665660927, "gamma": 0.03618503446630989}, "datetime": {"datetime": "2021-06-21 23:07:28", "elapsed": 264.21847, "delta": 1.145737}}
{"target": -16.07301016260812, "params": {"C": 95.50525661213995, "gamma": 0.05}, "datetime": {"datetime": "2021-06-21 23:07:29", "elapsed": 265.973087, "delta": 1.754617}}
{"target": -16.812154491211288, "params": {"C": 88.54706536484028, "gamma": 0.009973839791709491}, "datetime": {"datetime": "2021-06-21 23:07:31", "elapsed": 267.583557, "delta": 1.61047}}
{"target": -16.327148080026024, "params": {"C": 88.39353917817964, "gamma": 0.05}, "datetime": {"datetime": "2021-06-21 23:07:33", "elapsed": 269.237972, "delta": 1.654415}}
{"target": -16.44059911278697, "params": {"C": 88.23563776871444, "gamma": 0.012643148207620854}, "datetime": {"datetime": "2021-06-21 23:07:35", "elapsed": 271.312325, "delta": 2.074353}}
{"target": -15.699341074988531, "params": {"C": 98.9820622221632, "gamma": 0.03890907263240946}, "datetime": {"datetime": "2021-06-21 23:07:37", "elapsed": 273.327292, "delta": 2.014967}}
{"target": -16.537145062387157, "params": {"C": 72.74157478253967, "gamma": 0.024193130130962512}, "datetime": {"datetime": "2021-06-21 23:07:38", "elapsed": 274.392343, "delta": 1.065051}}
{"target": -16.395877832106564, "params": {"C": 97.55526031088291, "gamma": 0.010924898313175961}, "datetime": {"datetime": "2021-06-21 23:07:40", "elapsed": 276.27129, "delta": 1.878947}}
{"target": -17.30576632844215, "params": {"C": 65.74923052025659, "gamma": 0.05}, "datetime": {"datetime": "2021-06-21 23:07:43", "elapsed": 279.60714, "delta": 3.33585}}
{"target": -17.029949196398277, "params": {"C": 70.61996701352459, "gamma": 0.013019599637638678}, "datetime": {"datetime": "2021-06-21 23:07:45", "elapsed": 281.33614, "delta": 1.729}}
{"target": -17.17422011636131, "params": {"C": 76.74122952373953, "gamma": 0.010055312446976925}, "datetime": {"datetime": "2021-06-21 23:07:48", "elapsed": 284.296714, "delta": 2.960574}}
{"target": -17.04084449325122, "params": {"C": 86.48905693026579, "gamma": 0.009053015312484591}, "datetime": {"datetime": "2021-06-21 23:07:50", "elapsed": 286.750069, "delta": 2.453355}}
{"target": -16.30123660238044, "params": {"C": 86.68537949895955, "gamma": 0.04666845604225276}, "datetime": {"datetime": "2021-06-21 23:07:52", "elapsed": 288.970217, "delta": 2.220148}}
{"target": -17.381541466611864, "params": {"C": 64.27625072499919, "gamma": 0.05}, "datetime": {"datetime": "2021-06-21 23:07:55", "elapsed": 291.162834, "delta": 2.192617}}
{"target": -16.239191728106512, "params": {"C": 89.03980163880442, "gamma": 0.047625148105490345}, "datetime": {"datetime": "2021-06-21 23:07:56", "elapsed": 292.758605, "delta": 1.595771}}
{"target": -16.147806263590656, "params": {"C": 92.65234635539255, "gamma": 0.0490779128225238}, "datetime": {"datetime": "2021-06-21 23:07:59", "elapsed": 295.932622, "delta": 3.174017}}
{"target": -16.691617427770915, "params": {"C": 77.7408712978302, "gamma": 0.0479222860648681}, "datetime": {"datetime": "2021-06-21 23:08:01", "elapsed": 297.904237, "delta": 1.971615}}
