{"target": -16.244317356027953, "params": {"C": 87.14497309302558, "gamma": 0.0451718592180085}, "datetime": {"datetime": "2021-06-21 23:08:03", "elapsed": 299.460774, "delta": 1.556537}}
{"target": -17.64370610871, "params": {"C": 52.53986414545537, "gamma": 0.017108600884848574}, "datetime": {"datetime": "2021-06-21 23:08:05", "elapsed": 301.458822, "delta": 1.998048}}
{"target": -17.003595630031633, "params": {"C": 71.3731947513544, "gamma": 0.049022530252963686}, "datetime": {"datetime": "2021-06-21 23:08:07", "elapsed": 303.131726, "delta": 1.672904}}
{"target": -16.682183808803735, "params": {"C": 69.90189938875623, "gamma": 0.03211159036045074}, "datetime": {"datetime": "2021-06-21 23:08:08", "elapsed": 304.153567, "delta": 1.021841}}
{"target": -16.295237063988917, "params": {"C": 89.2559388678491, "gamma": 0.05}, "datetime": {"datetime": "2021-06-21 23:08:10", "elapsed": 306.041208, "delta": 1.887641}}
{"target": -17.318561521260474, "params": {"C": 77.96719937918738, "gamma": 0.009}, "datetime": {"datetime": "2021-06-21 23:08:12", "elapsed": 308.149338, "delta": 2.10813}}
{"target": -15.893090325681165, "params": {"C": 98.60815510495097, "gamma": 0.04700012785844249}, "datetime": {"datetime": "2021-06-21 23:08:13", "elapsed": 309.179226, "delta": 1.029888}}
{"target": -16.834358153488512, "params": {"C": 86.16547911668829, "gamma": 0.010271540982475708}, "datetime": {"datetime": "2021-06-21 23:08:15", "elapsed": 311.398437, "delta": 2.219211}}
{"target": -17.561724625068447, "params": {"C": 54.67739237963325, "gamma": 0.037249460212453865}, "datetime": {"datetime": "2021-06-21 23:08:16", "elapsed": 312.424411, "delta": 1.025974}}
{"target": -16.406828876246795, "params": {"C": 83.34373447163509, "gamma": 0.015091396468225899}, "datetime": {"datetime": "2021-06-21 23:08:17", "elapsed": 313.435369, "delta": 1.010958}}
{"target": -16.528154367285154, "params": {"C": 92.06420802984525, "gamma": 0.011090436929429149}, "datetime": {"datetime": "2021-06-21 23:08:19", "elapsed": 315.424326, "delta": 1.988957}}
{"target": -17.210906725600193, "params": {"C": 81.30833674443289, "gamma": 0.009}, "datetime": {"datetime": "2021-06-21 23:08:21", "elapsed": 317.898551, "delta": 2.474225}}
{"target": -17.4596607336561, "params": {"C": 71.96787033272685, "gamma": 0.009349724426649837}, "datetime": {"datetime": "2021-06-21 23:08:24", "elapsed": 320.266833, "delta": 2.368282}}
{"target": -16.441083823355164, "params": {"C": 74.90246706017804, "gamma": 0.028301063302138503}, "datetime": {"datetime": "2021-06-21 23:08:25", "elapsed": 321.319835, "delta": 1.053002}}
{"target": -17.15394126210599, "params": {"C": 81.47925680664179, "gamma": 0.00927373970966733}, "datetime": {"datetime": "2021-06-21 23:08:27", "elapsed": 323.457146, "delta": 2.137311}}
{"target": -17.853441049544397, "params": {"C": 63.11875144746925, "gamma": 0.009}, "datetime": {"datetime": "2021-06-21 23:08:29", "elapsed": 325.28098, "delta": 1.823834}}
{"target": -17.53820827225524, "params": {"C": 63.43046896638944, "gamma": 0.010961220345482347}, "datetime": {"datetime": "2021-06-21 23:08:31", "elapsed": 327.709423, "delta": 2.428443}}
{"target": -17.44628790304248, "params": {"C": 63.972528540501116, "gamma": 0.011502378799946051}, "datetime": {"datetime": "2021-06-21 23:08:33", "elapsed": 329.740857, "delta": 2.031434}}
{"target": -17.974050806381705, "params": {"C": 52.16453531407222, "gamma": 0.04641234639428275}, "datetime": {"datetime": "2021-06-21 23:08:35", "elapsed": 331.474864, "delta": 1.734007}}
{"target": -18.12083066175892, "params": {"C": 51.81787711111043, "gamma": 0.01054751761623568}, "datetime": {"datetime": "2021-06-21 23:08:38", "elapsed": 334.047749, "delta": 2.572885}}
{"target": -17.793505475411976, "params": {"C": 64.63589481128592, "gamma": 0.009}, "datetime": {"datetime": "2021-06-21 23:08:40", "elapsed": 336.39583, "delta": 2.348081}}
{"target": -17.46390935834665, "params": {"C": 64.938556059469, "gamma": 0.011059711059697943}, "datetime": {"datetime": "2021-06-21 23:08:43", "elapsed": 339.021027, "delta": 2.625197}}
{"target": -17.166954550943473, "params": {"C": 82.70698688299969, "gamma": 0.009}, "datetime": {"datetime": "2021-06-21 23:08:45", "elapsed": 341.017981, "delta": 1.996954}}
{"target": -16.539496813263604, "params": {"C": 82.86534251247497, "gamma": 0.05}, "datetime": {"datetime": "2021-06-21 23:08:47", "elapsed": 343.775716, "delta": 2.757735}}
{"target": -17.69216633602611, "params": {"C": 53.23511111522992, "gamma": 0.0390701505481023}, "datetime": {"datetime": "2021-06-21 23:08:50", "elapsed": 346.868742, "delta": 3.093026}}
{"target": -17.210931452305417, "params": {"C": 60.28263111456543, "gamma": 0.035704421530271015}, "datetime": {"datetime": "2021-06-21 23:08:52", "elapsed": 348.047725, "delta": 1.178983}}
{"target": -18.080920193128044, "params": {"C": 51.45551307668366, "gamma": 0.011027457110085879}, "datetime": {"datetime": "2021-06-21 23:08:54", "elapsed": 350.592513, "delta": 2.544788}}
{"target": -16.413167976524264, "params": {"C": 98.3426075718221, "gamma": 0.01068358566111331}, "datetime": {"datetime": "2021-06-21 23:08:56", "elapsed": 352.938458, "delta": 2.345945}}
{"target": -16.06438918929759, "params": {"C": 95.75657574968109, "gamma": 0.05}, "datetime": {"datetime": "2021-06-21 23:08:58", "elapsed": 354.929039, "delta": 1.990581}}
{"target": -16.665889589093783, "params": {"C": 83.51455381328459, "gamma": 0.011999630511400608}, "datetime": {"datetime": "2021-06-21 23:09:00", "elapsed": 356.117792, "delta": 1.188753}}
{"target": -16.82580449501416, "params": {"C": 87.32588299388097, "gamma": 0.010109496986606946}, "datetime": {"datetime": "2021-06-21 23:09:03", "elapsed": 358.988576, "delta": 2.870784}}
{"target": -16.921101082384858, "params": {"C": 69.84428611256352, "gamma": 0.043273510130960216}, "datetime": {"datetime": "2021-06-21 23:09:04", "elapsed": 360.226956, "delta": 1.23838}}
{"target": -16.978519453576684, "params": {"C": 70.3425175212943, "gamma": 0.04631888627504063}, "datetime": {"datetime": "2021-06-21 23:09:06", "elapsed": 362.701559, "delta": 2.474603}}
{"target": -16.035295181106513, "params": {"C": 96.60979585719615, "gamma": 0.05}, "datetime": {"datetime": "2021-06-21 23:09:08", "elapsed": 364.623164, "delta": 1.921605}}
{"target": -16.348352862764457, "params": {"C": 87.82516243467464, "gamma": 0.05}, "datetime": {"datetime": "2021-06-21 23:09:11", "elapsed": 367.222074, "delta": 2.59891}}
{"target": -16.098887555233514, "params": {"C": 84.09443462671297, "gamma": 0.0302865959519776}, "datetime": {"datetime": "2021-06-21 23:09:12", "elapsed": 368.428897, "delta": 1.206823}}
{"target": -16.91075853335792, "params": {"C": 91.34789342774117, "gamma": 0.009}, "datetime": {"datetime": "2021-06-21 23:09:14", "elapsed": 370.950944, "delta": 2.522047}}
{"target": -16.991510674852638, "params": {"C": 72.21906593489201, "gamma": 0.05}, "datetime": {"datetime": "2021-06-21 23:09:17", "elapsed": 373.022154, "delta": 2.07121}}
{"target": -16.995491145729236, "params": {"C": 78.14943099788017, "gamma": 0.010901929536576342}, "datetime": {"datetime": "2021-06-21 23:09:19", "elapsed": 375.262098, "delta": 2.239944}}
{"target": -17.00447966824207, "params": {"C": 86.01777098629753, "gamma": 0.00931942218842154}, "datetime": {"datetime": "2021-06-21 23:09:21", "elapsed": 377.286027, "delta": 2.023929}}
{"target": -17.222673264231904, "params": {"C": 80.93733772809775, "gamma": 0.009}, "datetime": {"datetime": "2021-06-21 23:09:23", "elapsed": 379.865317, "delta": 2.57929}}
{"target": -16.741520330165137, "params": {"C": 76.94741636456669, "gamma": 0.0136064538931479}, "datetime": {"datetime": "2021-06-21 23:09:28", "elapsed": 384.776268, "delta": 4.910951}}
{"target": -16.9603696233351, "params": {"C": 89.60193414938261, "gamma": 0.009}, "datetime": {"datetime": "2021-06-21 23:09:32", "elapsed": 388.406026, "delta": 3.629758}}
{"target": -15.96339617179486, "params": {"C": 97.95177208237666, "gamma": 0.04895073581776918}, "datetime": {"datetime": "2021-06-21 23:09:34", "elapsed": 390.799071, "delta": 2.393045}}
{"target": -16.748318434527043, "params": {"C": 80.32687449743678, "gamma": 0.012185341986047458}, "datetime": {"datetime": "2021-06-21 23:09:37", "elapsed": 393.119628, "delta": 2.320557}}
{"target": -17.28317814545094, "params": {"C": 73.39839411654732, "gamma": 0.010102545522599298}, "datetime": {"datetime": "2021-06-21 23:09:39", "elapsed": 395.607214, "delta": 2.487586}}
{"target": -16.54852940479261, "params": {"C": 82.53335701790223, "gamma": 0.04984884088022182}, "datetime": {"datetime": "2021-06-21 23:09:41", "elapsed": 397.923195, "delta": 2.315981}}
{"target": -17.944588385171237, "params": {"C": 54.344604975142715, "gamma": 0.04991385741122999}, "datetime": {"datetime": "2021-06-21 23:09:44", "elapsed": 400.576771, "delta": 2.653576}}
{"target": -16.08193651014148, "params": {"C": 95.24575440453094, "gamma": 0.05}, "datetime": {"datetime": "2021-06-21 23:09:46", "elapsed": 402.666072, "delta": 2.089301}}
{"target": -17.45048770954602, "params": {"C": 62.2247342672386, "gamma": 0.0486513844411522}, "datetime": {"datetime": "2021-06-21 23:09:49", "elapsed": 405.515135, "delta": 2.849063}}
{"target": -17.76981327678079, "params": {"C": 57.08434525475159, "gamma": 0.04971432810762257}, "datetime": {"datetime": "2021-06-21 23:09:51", "elapsed": 407.571099, "delta": 2.055964}}
{"target": -16.576967421510258, "params": {"C": 98.94331458073901, "gamma": 0.00965014971417005}, "datetime": {"datetime": "2021-06-21 23:09:53", "elapsed": 409.4271, "delta": 1.856001}}
{"target": -16.53230165473221, "params": {"C": 83.04684604234082, "gamma": 0.05}, "datetime": {"datetime": "2021-06-21 23:09:56", "elapsed": 412.403064, "delta": 2.975964}}
{"target": -16.235123924491894, "params": {"C": 90.90385957905565, "gamma": 0.05}, "datetime": {"datetime": "2021-06-21 23:09:58", "elapsed": 414.748024, "delta": 2.34496}}
{"target": -18.035816138137015, "params": {"C": 52.86375659151975, "gamma": 0.04977218744783262}, "datetime": {"datetime": "2021-06-21 23:10:01", "elapsed": 417.787061, "delta": 3.039037}}
{"target": -16.229782831877053, "params": {"C": 91.04389346939027, "gamma": 0.04998947342834732}, "datetime": {"datetime": "2021-06-21 23:10:04", "elapsed": 420.350123, "delta": 2.563062}}
{"target": -17.40539439904376, "params": {"C": 61.95905955100388, "gamma": 0.012890648672655446}, "datetime": {"datetime": "2021-06-21 23:10:07", "elapsed": 423.114401, "delta": 2.764278}}
{"target": -16.026461221932685, "params": {"C": 96.7695645895067, "gamma": 0.04987173553466695}, "datetime": {"datetime": "2021-06-21 23:10:09", "elapsed": 425.170014, "delta": 2.055613}}
{"target": -17.995316835613, "params": {"C": 53.598456546895065, "gamma": 0.05}, "datetime": {"datetime": "2021-06-21 23:10:11", "elapsed": 427.801403, "delta": 2.631389}}
{"target": -16.325291497035387, "params": {"C": 93.57553528478435, "gamma": 0.012200840112997645}, "datetime": {"datetime": "2021-06-21 23:10:13", "elapsed": 429.114414, "delta": 1.313011}}
{"target": -15.990887647108941, "params": {"C": 93.624081138248, "gamma": 0.044265866028217325}, "datetime": {"datetime": "2021-06-21 23:10:15", "elapsed": 431.207684, "delta": 2.09327}}
{"target": -16.13584405699768, "params": {"C": 93.3118474031658, "gamma": 0.04949981327574543}, "datetime": {"datetime": "2021-06-21 23:10:18", "elapsed": 434.233111, "delta": 3.025427}}
{"target": -16.145193189111104, "params": {"C": 93.42753133338132, "gamma": 0.05}, "datetime": {"datetime": "2021-06-21 23:10:21", "elapsed": 437.082293, "delta": 2.849182}}
{"target": -16.309562129884828, "params": {"C": 88.86774866802888, "gamma": 0.05}, "datetime": {"datetime": "2021-06-21 23:10:24", "elapsed": 439.980312, "delta": 2.898019}}
{"target": -16.175426760504973, "params": {"C": 92.42050379544234, "gamma": 0.04980117644379795}, "datetime": {"datetime": "2021-06-21 23:10:27", "elapsed": 443.839919, "delta": 3.859607}}
{"target": -16.3834492802326, "params": {"C": 86.8925585273125, "gamma": 0.05}, "datetime": {"datetime": "2021-06-21 23:10:31", "elapsed": 447.150216, "delta": 3.310297}}
{"target": -17.473399446121828, "params": {"C": 62.53293340268489, "gamma": 0.05}, "datetime": {"datetime": "2021-06-21 23:10:34", "elapsed": 450.573671, "delta": 3.423455}}
{"target": -16.304827207111845, "params": {"C": 79.67046221853917, "gamma": 0.021348091920002463}, "datetime": {"datetime": "2021-06-21 23:10:35", "elapsed": 451.861728, "delta": 1.288057}}
{"target": -17.0508810662832, "params": {"C": 65.48300402645482, "gamma": 0.04013548447558575}, "datetime": {"datetime": "2021-06-21 23:10:39", "elapsed": 455.55347, "delta": 3.691742}}
{"target": -17.247778898046477, "params": {"C": 80.15056654430667, "gamma": 0.009}, "datetime": {"datetime": "2021-06-21 23:10:42", "elapsed": 458.507741, "delta": 2.954271}}
{"target": -16.5804035193517, "params": {"C": 88.05967064081483, "gamma": 0.011562532889608713}, "datetime": {"datetime": "2021-06-21 23:10:46", "elapsed": 462.133752, "delta": 3.626011}}
{"target": -16.95078840710368, "params": {"C": 73.11681475320641, "gamma": 0.05}, "datetime": {"datetime": "2021-06-21 23:10:49", "elapsed": 465.258657, "delta": 3.124905}}
{"target": -15.969091395868453, "params": {"C": 97.84428947155956, "gamma": 0.04903673065476425}, "datetime": {"datetime": "2021-06-21 23:10:51", "elapsed": 467.926336, "delta": 2.667679}}
{"target": -17.15090686516934, "params": {"C": 65.221421584851, "gamma": 0.04347185887389374}, "datetime": {"datetime": "2021-06-21 23:10:54", "elapsed": 470.386466, "delta": 2.46013}}
{"target": -17.0803595654777, "params": {"C": 85.52282532659439, "gamma": 0.009}, "datetime": {"datetime": "2021-06-21 23:10:57", "elapsed": 473.768695, "delta": 3.382229}}
{"target": -17.069775569578212, "params": {"C": 85.66211819246126, "gamma": 0.009032633399294533}, "datetime": {"datetime": "2021-06-21 23:11:01", "elapsed": 477.22034, "delta": 3.451645}}
{"target": -17.525777319028965, "params": {"C": 52.554859229356005, "gamma": 0.02532142407966271}, "datetime": {"datetime": "2021-06-21 23:11:02", "elapsed": 478.531082, "delta": 1.310742}}
{"target": -15.86014813676474, "params": {"C": 97.08023930930142, "gamma": 0.043604103347984535}, "datetime": {"datetime": "2021-06-21 23:11:05", "elapsed": 481.36831, "delta": 2.837228}}
{"target": -16.817108202524086, "params": {"C": 94.72265807860302, "gamma": 0.009}, "datetime": {"datetime": "2021-06-21 23:11:09", "elapsed": 485.681704, "delta": 4.313394}}
{"target": -16.943305187800718, "params": {"C": 90.08022385757675, "gamma": 0.009017304172770819}, "datetime": {"datetime": "2021-06-21 23:11:14", "elapsed": 490.084424, "delta": 4.40272}}
{"target": -17.119767696364253, "params": {"C": 68.23416638146574, "gamma": 0.047816565073061694}, "datetime": {"datetime": "2021-06-21 23:11:19", "elapsed": 495.974849, "delta": 5.890425}}
{"target": -16.666610976565742, "params": {"C": 98.67367883083388, "gamma": 0.009221677245699946}, "datetime": {"datetime": "2021-06-21 23:11:22", "elapsed": 498.631499, "delta": 2.65665}}
{"target": -16.702776407087125, "params": {"C": 79.9163790538165, "gamma": 0.012809269549356333}, "datetime": {"datetime": "2021-06-21 23:11:25", "elapsed": 501.889215, "delta": 3.257716}}
{"target": -16.493415114266423, "params": {"C": 81.62883296323713, "gamma": 0.046512878738120524}, "datetime": {"datetime": "2021-06-21 23:11:29", "elapsed": 505.745929, "delta": 3.856714}}
{"target": -14.6344396219415, "params": {"C": 141.64390267072767, "gamma": 0.03853330423112848}, "datetime": {"datetime": "2021-06-21 23:16:13", "elapsed": 0.0, "delta": 0.0}}
{"target": -15.63856981110944, "params": {"C": 99.91144891921623, "gamma": 0.02139563547790543}, "datetime": {"datetime": "2021-06-21 23:16:13", "elapsed": 0.204997, "delta": 0.204997}}
{"target": -15.720850463093527, "params": {"C": 114.59026467079302, "gamma": 0.01278588238552071}, "datetime": {"datetime": "2021-06-21 23:16:13", "elapsed": 0.400023, "delta": 0.195026}}
{"target": -15.112189359201809, "params": {"C": 118.54464715890487, "gamma": 0.023167989808764958}, "datetime": {"datetime": "2021-06-21 23:16:13", "elapsed": 0.600697, "delta": 0.200674}}
{"target": -14.607818971744402, "params": {"C": 139.61642417049006, "gamma": 0.031091486094137637}, "datetime": {"datetime": "2021-06-21 23:16:13", "elapsed": 0.802699, "delta": 0.202002}}
{"target": -14.605604895033897, "params": {"C": 141.8613708917698, "gamma": 0.03709399951626714}, "datetime": {"datetime": "2021-06-21 23:16:14", "elapsed": 1.008471, "delta": 0.205772}}
{"target": -15.235344005074305, "params": {"C": 120.3656701981249, "gamma": 0.045002814892028765}, "datetime": {"datetime": "2021-06-21 23:16:14", "elapsed": 1.209743, "delta": 0.201272}}
{"target": -15.543857073732772, "params": {"C": 102.64149807911241, "gamma": 0.03648916791731449}, "datetime": {"datetime": "2021-06-21 23:16:14", "elapsed": 1.403749, "delta": 0.194006}}
{"target": -14.569464535206961, "params": {"C": 141.67221071694942, "gamma": 0.03190628296627582}, "datetime": {"datetime": "2021-06-21 23:16:14", "elapsed": 1.610749, "delta": 0.207}}
{"target": -15.417806952034004, "params": {"C": 113.9527325533829, "gamma": 0.01712216105248003}, "datetime": {"datetime": "2021-06-21 23:16:14", "elapsed": 1.806748, "delta": 0.195999}}
{"target": -14.222508937561045, "params": {"C": 180.05453132442122, "gamma": 0.0486987246044953}, "datetime": {"datetime": "2021-06-21 23:16:15", "elapsed": 2.002744, "delta": 0.195996}}
{"target": -14.824199858027109, "params": {"C": 131.2737602337402, "gamma": 0.03738522724244188}, "datetime": {"datetime": "2021-06-21 23:16:15", "elapsed": 2.199748, "delta": 0.197004}}
{"target": -14.053838728435247, "params": {"C": 187.62655414483345, "gamma": 0.045678873203657745}, "datetime": {"datetime": "2021-06-21 23:16:15", "elapsed": 2.401657, "delta": 0.201909}}
{"target": -16.168900004994477, "params": {"C": 108.41292555811478, "gamma": 0.010601246112548176}, "datetime": {"datetime": "2021-06-21 23:16:15", "elapsed": 2.600652, "delta": 0.198995}}
{"target": -15.318181756903767, "params": {"C": 116.90002499841336, "gamma": 0.04500384264060594}, "datetime": {"datetime": "2021-06-21 23:16:15", "elapsed": 2.800653, "delta": 0.200001}}
{"target": -15.298813011829976, "params": {"C": 109.74451806668831, "gamma": 0.026265412625207138}, "datetime": {"datetime": "2021-06-21 23:16:16", "elapsed": 2.993382, "delta": 0.192729}}
{"target": -13.753105669341355, "params": {"C": 195.78474196806525, "gamma": 0.030859776683893697}, "datetime": {"datetime": "2021-06-21 23:16:16", "elapsed": 3.189614, "delta": 0.196232}}
{"target": -14.223571401606483, "params": {"C": 169.15689910644238, "gamma": 0.02193614087124858}, "datetime": {"datetime": "2021-06-21 23:16:16", "elapsed": 3.38262, "delta": 0.193006}}
{"target": -14.276837818419228, "params": {"C": 168.61874286092655, "gamma": 0.043219652547792295}, "datetime": {"datetime": "2021-06-21 23:16:16", "elapsed": 3.574615, "delta": 0.191995}}
{"target": -15.632352626273274, "params": {"C": 101.73065656215361, "gamma": 0.03975591691274367}, "datetime": {"datetime": "2021-06-21 23:16:16", "elapsed": 3.771621, "delta": 0.197006}}
{"target": -13.774472088462462, "params": {"C": 195.18273340622383, "gamma": 0.028115622465756628}, "datetime": {"datetime": "2021-06-21 23:16:17", "elapsed": 4.129278, "delta": 0.357657}}
{"target": -15.060809460638588, "params": {"C": 196.52995168470557, "gamma": 0.009}, "datetime": {"datetime": "2021-06-21 23:16:17", "elapsed": 4.464213, "delta": 0.334935}}
{"target": -15.18611860850645, "params": {"C": 114.84560198869033, "gamma": 0.03478128232411327}, "datetime": {"datetime": "2021-06-21 23:16:17", "elapsed": 4.73922, "delta": 0.275007}}
{"target": -14.023744982114577, "params": {"C": 186.86232336782024, "gamma": 0.04366763729522979}, "datetime": {"datetime": "2021-06-21 23:16:18", "elapsed": 5.06669, "delta": 0.32747}}
{"target": -14.060216281743584, "params": {"C": 194.38113469129857, "gamma": 0.05}, "datetime": {"datetime": "2021-06-21 23:16:18", "elapsed": 5.406689, "delta": 0.339999}}
{"target": -13.954741846568961, "params": {"C": 185.9657840980158, "gamma": 0.03940324049837905}, "datetime": {"datetime": "2021-06-21 23:16:18", "elapsed": 5.788296, "delta": 0.381607}}
{"target": -13.9205896119241, "params": {"C": 185.10857482705103, "gamma": 0.036763761408011894}, "datetime": {"datetime": "2021-06-21 23:16:19", "elapsed": 6.202297, "delta": 0.414001}}
{"target": -15.209016785805819, "params": {"C": 184.21282039162259, "gamma": 0.009}, "datetime": {"datetime": "2021-06-21 23:16:19", "elapsed": 6.578561, "delta": 0.376264}}
{"target": -14.074382954699846, "params": {"C": 188.59891125458694, "gamma": 0.01897082232788091}, "datetime": {"datetime": "2021-06-21 23:16:20", "elapsed": 6.88656, "delta": 0.307999}}
{"target": -15.171839611555251, "params": {"C": 114.75932896279436, "gamma": 0.025674030980213418}, "datetime": {"datetime": "2021-06-21 23:16:20", "elapsed": 7.170414, "delta": 0.283854}}
{"target": -14.12554476976279, "params": {"C": 189.28129428017553, "gamma": 0.05}, "datetime": {"datetime": "2021-06-21 23:16:20", "elapsed": 7.533407, "delta": 0.362993}}
{"target": -14.660865203426265, "params": {"C": 193.6700982005101, "gamma": 0.01125543619295185}, "datetime": {"datetime": "2021-06-21 23:16:21", "elapsed": 7.86941, "delta": 0.336003}}
{"target": -15.018464138799867, "params": {"C": 179.2963734529534, "gamma": 0.010249979621541765}, "datetime": {"datetime": "2021-06-21 23:16:21", "elapsed": 8.231415, "delta": 0.362005}}
{"target": -13.844721055385156, "params": {"C": 190.9682391239259, "gamma": 0.026058772366744858}, "datetime": {"datetime": "2021-06-21 23:16:21", "elapsed": 8.52241, "delta": 0.290995}}
{"target": -13.820915707264113, "params": {"C": 190.3281603628584, "gamma": 0.03391918127930575}, "datetime": {"datetime": "2021-06-21 23:16:22", "elapsed": 8.863413, "delta": 0.341003}}
