{"target": -12.668517615870794, "params": {"C": 382.5208300814376, "gamma": 0.05}, "datetime": {"datetime": "2021-06-21 23:53:24", "elapsed": 656.217772, "delta": 6.95319}}
{"target": -12.731438247566537, "params": {"C": 344.8814937583927, "gamma": 0.04358069599805153}, "datetime": {"datetime": "2021-06-21 23:53:36", "elapsed": 668.671718, "delta": 12.453946}}
{"target": -12.514127345115696, "params": {"C": 378.6078214076867, "gamma": 0.02805357443981423}, "datetime": {"datetime": "2021-06-21 23:53:46", "elapsed": 678.614687, "delta": 9.942969}}
{"target": -13.654134636188955, "params": {"C": 381.1024725932286, "gamma": 0.009}, "datetime": {"datetime": "2021-06-21 23:53:55", "elapsed": 687.641548, "delta": 9.026861}}
{"target": -12.570583007108716, "params": {"C": 381.6333427360296, "gamma": 0.043398247447874516}, "datetime": {"datetime": "2021-06-21 23:54:03", "elapsed": 695.612375, "delta": 7.970827}}
{"target": -12.618997646009236, "params": {"C": 395.2482289824322, "gamma": 0.05}, "datetime": {"datetime": "2021-06-21 23:54:14", "elapsed": 705.960663, "delta": 10.348288}}
{"target": -13.814726074195121, "params": {"C": 322.38552379010383, "gamma": 0.009769460017358445}, "datetime": {"datetime": "2021-06-21 23:54:24", "elapsed": 715.837304, "delta": 9.876641}}
{"target": -13.622627508153636, "params": {"C": 387.79087027920554, "gamma": 0.009}, "datetime": {"datetime": "2021-06-21 23:54:34", "elapsed": 726.686432, "delta": 10.849128}}
{"target": -12.763020249362253, "params": {"C": 339.781040228978, "gamma": 0.022973674547683218}, "datetime": {"datetime": "2021-06-21 23:54:46", "elapsed": 738.435322, "delta": 11.74889}}
{"target": -12.57343007291383, "params": {"C": 388.1304836600225, "gamma": 0.04551408345075485}, "datetime": {"datetime": "2021-06-21 23:54:57", "elapsed": 749.321258, "delta": 10.885936}}
{"target": -13.670828287181713, "params": {"C": 332.1543542642729, "gamma": 0.010203563425828736}, "datetime": {"datetime": "2021-06-21 23:55:07", "elapsed": 758.822177, "delta": 9.500919}}
{"target": -12.859722710760291, "params": {"C": 332.52488525074335, "gamma": 0.047558795759898145}, "datetime": {"datetime": "2021-06-21 23:55:16", "elapsed": 768.131737, "delta": 9.30956}}
{"target": -12.88621112367874, "params": {"C": 331.775462650975, "gamma": 0.04885778012591212}, "datetime": {"datetime": "2021-06-21 23:55:23", "elapsed": 775.455606, "delta": 7.323869}}
{"target": -12.933156849189615, "params": {"C": 302.43490117665345, "gamma": 0.04195984716553815}, "datetime": {"datetime": "2021-06-21 23:55:33", "elapsed": 785.313041, "delta": 9.857435}}
{"target": -13.734124874035908, "params": {"C": 328.19376647628116, "gamma": 0.009992234589764446}, "datetime": {"datetime": "2021-06-21 23:55:42", "elapsed": 793.898892, "delta": 8.585851}}
{"target": -12.78587787730421, "params": {"C": 355.8600073220079, "gamma": 0.05}, "datetime": {"datetime": "2021-06-21 23:55:52", "elapsed": 804.167897, "delta": 10.269005}}
{"target": -12.842166034679483, "params": {"C": 344.3623021536919, "gamma": 0.05}, "datetime": {"datetime": "2021-06-21 23:56:03", "elapsed": 815.363631, "delta": 11.195734}}
{"target": -12.931994469600392, "params": {"C": 321.05287176525644, "gamma": 0.04826831659725415}, "datetime": {"datetime": "2021-06-21 23:56:13", "elapsed": 825.587149, "delta": 10.223518}}
{"target": -12.979180058402534, "params": {"C": 326.3698508705019, "gamma": 0.018468791937741466}, "datetime": {"datetime": "2021-06-21 23:56:25", "elapsed": 837.23631, "delta": 11.649161}}
{"target": -13.008261328666817, "params": {"C": 311.44134901512024, "gamma": 0.04960914950714065}, "datetime": {"datetime": "2021-06-21 23:56:33", "elapsed": 845.003699, "delta": 7.767389}}
{"target": -12.719821267665852, "params": {"C": 367.5907562970768, "gamma": 0.0493260600242718}, "datetime": {"datetime": "2021-06-21 23:56:44", "elapsed": 856.37646, "delta": 11.372761}}
{"target": -12.794041115658523, "params": {"C": 342.64136246465785, "gamma": 0.04668710466292932}, "datetime": {"datetime": "2021-06-21 23:56:56", "elapsed": 868.365997, "delta": 11.989537}}
{"target": -12.732433258323669, "params": {"C": 365.31760087178134, "gamma": 0.04945610945995459}, "datetime": {"datetime": "2021-06-21 23:57:07", "elapsed": 878.761924, "delta": 10.395927}}
{"target": -12.962752331989847, "params": {"C": 317.5262533702455, "gamma": 0.0489317817037197}, "datetime": {"datetime": "2021-06-21 23:57:17", "elapsed": 889.002531, "delta": 10.240607}}
{"target": -13.0072171010048, "params": {"C": 363.9365250942189, "gamma": 0.014762954057323793}, "datetime": {"datetime": "2021-06-21 23:57:25", "elapsed": 897.403552, "delta": 8.401021}}
{"target": -12.896359877594058, "params": {"C": 363.6072180534451, "gamma": 0.016519149847491033}, "datetime": {"datetime": "2021-06-21 23:57:35", "elapsed": 907.212199, "delta": 9.808647}}
{"target": -12.70397526931022, "params": {"C": 357.2781346620847, "gamma": 0.045495027935973334}, "datetime": {"datetime": "2021-06-21 23:57:46", "elapsed": 918.125808, "delta": 10.913609}}
{"target": -12.804034013312812, "params": {"C": 347.3800226455889, "gamma": 0.0486472797959734}, "datetime": {"datetime": "2021-06-21 23:57:55", "elapsed": 927.050716, "delta": 8.924908}}
{"target": -12.661057829426065, "params": {"C": 369.319771251503, "gamma": 0.0462701284396677}, "datetime": {"datetime": "2021-06-21 23:58:03", "elapsed": 935.297081, "delta": 8.246365}}
{"target": -13.7406613737755, "params": {"C": 361.138730467301, "gamma": 0.009051957970136417}, "datetime": {"datetime": "2021-06-21 23:58:14", "elapsed": 946.305214, "delta": 11.008133}}
{"target": -13.248336113918716, "params": {"C": 360.7902643159205, "gamma": 0.012282938486126254}, "datetime": {"datetime": "2021-06-21 23:58:27", "elapsed": 959.546465, "delta": 13.241251}}
{"target": -13.877250946499606, "params": {"C": 310.8628474769995, "gamma": 0.009829451191404713}, "datetime": {"datetime": "2021-06-21 23:58:39", "elapsed": 971.470832, "delta": 11.924367}}
{"target": -13.566351368147009, "params": {"C": 301.5344910255841, "gamma": 0.012329190975877091}, "datetime": {"datetime": "2021-06-21 23:58:46", "elapsed": 978.695802, "delta": 7.22497}}
{"target": -14.110730121049695, "params": {"C": 301.9242266107883, "gamma": 0.009}, "datetime": {"datetime": "2021-06-21 23:58:56", "elapsed": 988.204998, "delta": 9.509196}}
{"target": -12.760969149446897, "params": {"C": 327.1962578828125, "gamma": 0.03954051194867086}, "datetime": {"datetime": "2021-06-21 23:59:05", "elapsed": 997.22116, "delta": 9.016162}}
{"target": -12.848179160201123, "params": {"C": 306.0608099658573, "gamma": 0.036736510149924254}, "datetime": {"datetime": "2021-06-21 23:59:16", "elapsed": 1008.177548, "delta": 10.956388}}
{"target": -12.526927054030923, "params": {"C": 386.4179892245376, "gamma": 0.04138165672272387}, "datetime": {"datetime": "2021-06-21 23:59:24", "elapsed": 1015.891817, "delta": 7.714269}}
{"target": -12.644014506343368, "params": {"C": 387.4866447416296, "gamma": 0.04975633551701045}, "datetime": {"datetime": "2021-06-21 23:59:34", "elapsed": 1026.199812, "delta": 10.307995}}
{"target": -12.612467879721592, "params": {"C": 379.01936453722556, "gamma": 0.04575859099624819}, "datetime": {"datetime": "2021-06-21 23:59:44", "elapsed": 1036.591837, "delta": 10.392025}}
{"target": -12.565483701102453, "params": {"C": 382.88263152255115, "gamma": 0.043385334457857506}, "datetime": {"datetime": "2021-06-21 23:59:58", "elapsed": 1049.825205, "delta": 13.233368}}
{"target": -13.310061123264921, "params": {"C": 335.0108675330166, "gamma": 0.012948956766266406}, "datetime": {"datetime": "2021-06-22 00:00:09", "elapsed": 1061.600138, "delta": 11.774933}}
{"target": -13.49418527044017, "params": {"C": 334.6282275135495, "gamma": 0.011293709134743705}, "datetime": {"datetime": "2021-06-22 00:00:19", "elapsed": 1071.608149, "delta": 10.008011}}
{"target": -12.536594042018725, "params": {"C": 384.92248724152284, "gamma": 0.0417040880503436}, "datetime": {"datetime": "2021-06-22 00:00:34", "elapsed": 1086.320602, "delta": 14.712453}}
{"target": -13.773254462852218, "params": {"C": 337.3826649125742, "gamma": 0.009520837095785417}, "datetime": {"datetime": "2021-06-22 00:00:45", "elapsed": 1097.21967, "delta": 10.899068}}
{"target": -12.992883825512743, "params": {"C": 337.0747379128934, "gamma": 0.0170559391295348}, "datetime": {"datetime": "2021-06-22 00:00:56", "elapsed": 1108.190579, "delta": 10.970909}}
{"target": -13.368170082986323, "params": {"C": 369.677438493352, "gamma": 0.0109053195920487}, "datetime": {"datetime": "2021-06-22 00:01:06", "elapsed": 1118.409842, "delta": 10.219263}}
{"target": -12.685631125609348, "params": {"C": 364.97863558203966, "gamma": 0.046562532832732435}, "datetime": {"datetime": "2021-06-22 00:01:20", "elapsed": 1131.788659, "delta": 13.378817}}
{"target": -13.716427258672823, "params": {"C": 368.2266147311074, "gamma": 0.009}, "datetime": {"datetime": "2021-06-22 00:01:33", "elapsed": 1145.666612, "delta": 13.877953}}
{"target": -13.079161490286184, "params": {"C": 300.4971936858443, "gamma": 0.05}, "datetime": {"datetime": "2021-06-22 00:01:47", "elapsed": 1159.547644, "delta": 13.881032}}
{"target": -12.76022556544547, "params": {"C": 342.05320860741716, "gamma": 0.04449917356541846}, "datetime": {"datetime": "2021-06-22 00:01:58", "elapsed": 1170.35939, "delta": 10.811746}}
{"target": -13.833842552345388, "params": {"C": 308.68219836967626, "gamma": 0.01012715260288659}, "datetime": {"datetime": "2021-06-22 00:02:08", "elapsed": 1179.928644, "delta": 9.569254}}
{"target": -12.911244424058651, "params": {"C": 325.4154691933807, "gamma": 0.04839880292706922}, "datetime": {"datetime": "2021-06-22 00:02:21", "elapsed": 1193.680682, "delta": 13.752038}}
{"target": -13.784459787158813, "params": {"C": 309.03286229728883, "gamma": 0.010378134094077639}, "datetime": {"datetime": "2021-06-22 00:02:32", "elapsed": 1204.108504, "delta": 10.427822}}
{"target": -12.61339594523607, "params": {"C": 373.2880198595803, "gamma": 0.04411722612152015}, "datetime": {"datetime": "2021-06-22 00:02:43", "elapsed": 1215.305993, "delta": 11.197489}}
{"target": -11.985224370305552, "params": {"C": 566.7505040814999, "gamma": 0.03853330423112848}, "datetime": {"datetime": "2021-06-22 00:06:48", "elapsed": 0.0, "delta": 0.0}}
{"target": -12.558841053859279, "params": {"C": 399.94576136441964, "gamma": 0.02139563547790543}, "datetime": {"datetime": "2021-06-22 00:06:48", "elapsed": 0.199995, "delta": 0.199995}}
{"target": -12.808907300726045, "params": {"C": 458.61703191592693, "gamma": 0.01278588238552071}, "datetime": {"datetime": "2021-06-22 00:06:48", "elapsed": 0.388997, "delta": 0.189002}}
{"target": -12.282903457735426, "params": {"C": 474.42271057220614, "gamma": 0.023167989808764958}, "datetime": {"datetime": "2021-06-22 00:06:48", "elapsed": 0.577999, "delta": 0.189002}}
{"target": -11.973195690098356, "params": {"C": 558.646666439691, "gamma": 0.031091486094137637}, "datetime": {"datetime": "2021-06-22 00:06:48", "elapsed": 0.775997, "delta": 0.197998}}
{"target": -11.971378053469325, "params": {"C": 567.6197252127582, "gamma": 0.03709399951626714}, "datetime": {"datetime": "2021-06-22 00:06:49", "elapsed": 0.993998, "delta": 0.218001}}
{"target": -12.256391312149795, "params": {"C": 481.7013451175801, "gamma": 0.045002814892028765}, "datetime": {"datetime": "2021-06-22 00:06:49", "elapsed": 1.184, "delta": 0.190002}}
{"target": -12.38852450826325, "params": {"C": 410.8577760384902, "gamma": 0.03648916791731449}, "datetime": {"datetime": "2021-06-22 00:06:49", "elapsed": 1.383999, "delta": 0.199999}}
{"target": -11.952673477252484, "params": {"C": 566.8636514270875, "gamma": 0.03190628296627582}, "datetime": {"datetime": "2021-06-22 00:06:49", "elapsed": 1.579999, "delta": 0.196}}
{"target": -12.547629156908826, "params": {"C": 456.068814131953, "gamma": 0.01712216105248003}, "datetime": {"datetime": "2021-06-22 00:06:49", "elapsed": 1.773041, "delta": 0.193042}}
{"target": -11.803104330279734, "params": {"C": 720.2779019270822, "gamma": 0.0486987246044953}, "datetime": {"datetime": "2021-06-22 00:06:50", "elapsed": 1.990002, "delta": 0.216961}}
{"target": -12.06469238340083, "params": {"C": 525.301013681513, "gamma": 0.03738522724244188}, "datetime": {"datetime": "2021-06-22 00:06:50", "elapsed": 2.181031, "delta": 0.191029}}
{"target": -11.72160416989367, "params": {"C": 750.5432998336449, "gamma": 0.045678873203657745}, "datetime": {"datetime": "2021-06-22 00:06:50", "elapsed": 2.37804, "delta": 0.197009}}
{"target": -13.139330103957617, "params": {"C": 433.9261889690481, "gamma": 0.010601246112548176}, "datetime": {"datetime": "2021-06-22 00:06:50", "elapsed": 2.577044, "delta": 0.199004}}
{"target": -12.297411211787795, "params": {"C": 467.84915086778403, "gamma": 0.04500384264060594}, "datetime": {"datetime": "2021-06-22 00:06:50", "elapsed": 2.772, "delta": 0.194956}}
{"target": -12.324229005553313, "params": {"C": 439.2485682166033, "gamma": 0.026265412625207138}, "datetime": {"datetime": "2021-06-22 00:06:51", "elapsed": 2.971041, "delta": 0.199041}}
{"target": -11.589595456564501, "params": {"C": 783.1516010132159, "gamma": 0.030859776683893697}, "datetime": {"datetime": "2021-06-22 00:06:51", "elapsed": 3.165998, "delta": 0.194957}}
{"target": -11.896268992386867, "params": {"C": 676.7200332915844, "gamma": 0.02193614087124858}, "datetime": {"datetime": "2021-06-22 00:06:51", "elapsed": 3.365044, "delta": 0.199046}}
{"target": -11.822835776013978, "params": {"C": 674.5690211654016, "gamma": 0.043219652547792295}, "datetime": {"datetime": "2021-06-22 00:06:51", "elapsed": 3.55704, "delta": 0.191996}}
{"target": -12.43089153186905, "params": {"C": 407.2171397654111, "gamma": 0.03975591691274367}, "datetime": {"datetime": "2021-06-22 00:06:51", "elapsed": 3.756999, "delta": 0.199959}}
{"target": -11.599407133930026, "params": {"C": 795.5433216714885, "gamma": 0.03967479182957342}, "datetime": {"datetime": "2021-06-22 00:06:52", "elapsed": 3.95107, "delta": 0.194071}}
{"target": -12.135087010875715, "params": {"C": 512.1056412249685, "gamma": 0.04136045246651103}, "datetime": {"datetime": "2021-06-22 00:06:52", "elapsed": 4.146045, "delta": 0.194975}}
{"target": -12.30546192051665, "params": {"C": 441.20072523171456, "gamma": 0.027363634573212114}, "datetime": {"datetime": "2021-06-22 00:06:52", "elapsed": 4.341042, "delta": 0.194997}}
{"target": -11.793242767166104, "params": {"C": 763.4290607875475, "gamma": 0.02103818008332086}, "datetime": {"datetime": "2021-06-22 00:06:52", "elapsed": 4.535041, "delta": 0.193999}}
{"target": -12.55008884366041, "params": {"C": 515.0389129683981, "gamma": 0.014331171456849385}, "datetime": {"datetime": "2021-06-22 00:06:52", "elapsed": 4.725039, "delta": 0.189998}}
{"target": -12.402366012352706, "params": {"C": 407.64871984390584, "gamma": 0.03683225685053553}, "datetime": {"datetime": "2021-06-22 00:06:53", "elapsed": 4.922002, "delta": 0.196963}}
{"target": -12.358923098492573, "params": {"C": 484.5724092116236, "gamma": 0.019887413034261274}, "datetime": {"datetime": "2021-06-22 00:06:53", "elapsed": 5.115001, "delta": 0.192999}}
{"target": -12.619161626964942, "params": {"C": 596.5784210280633, "gamma": 0.011187864349800295}, "datetime": {"datetime": "2021-06-22 00:06:53", "elapsed": 5.307041, "delta": 0.19204}}
{"target": -12.274014127017237, "params": {"C": 629.6044539573544, "gamma": 0.015015871571138217}, "datetime": {"datetime": "2021-06-22 00:06:53", "elapsed": 5.498041, "delta": 0.191}}
{"target": -11.843483004755596, "params": {"C": 635.681145315004, "gamma": 0.037690092760858177}, "datetime": {"datetime": "2021-06-22 00:06:53", "elapsed": 5.68804, "delta": 0.189999}}
{"target": -11.585450642826709, "params": {"C": 789.3251704811701, "gamma": 0.03618974888161909}, "datetime": {"datetime": "2021-06-22 00:06:54", "elapsed": 6.028117, "delta": 0.340077}}
{"target": -11.81531897839518, "params": {"C": 756.8029825017848, "gamma": 0.02064092153310472}, "datetime": {"datetime": "2021-06-22 00:06:54", "elapsed": 6.382118, "delta": 0.354001}}
{"target": -11.8173485838857, "params": {"C": 776.9898101765136, "gamma": 0.019763643930294245}, "datetime": {"datetime": "2021-06-22 00:06:54", "elapsed": 6.715649, "delta": 0.333531}}
{"target": -11.741852030160727, "params": {"C": 770.0606617438149, "gamma": 0.05}, "datetime": {"datetime": "2021-06-22 00:06:55", "elapsed": 7.069191, "delta": 0.353542}}
{"target": -11.735063425496541, "params": {"C": 743.675021055644, "gamma": 0.04591904802302814}, "datetime": {"datetime": "2021-06-22 00:06:55", "elapsed": 7.47219, "delta": 0.402999}}
{"target": -11.904298580205436, "params": {"C": 736.5825678261128, "gamma": 0.01900248888489064}, "datetime": {"datetime": "2021-06-22 00:06:56", "elapsed": 7.942151, "delta": 0.469961}}
{"target": -11.69399203185757, "params": {"C": 727.677310801351, "gamma": 0.028082572270087154}, "datetime": {"datetime": "2021-06-22 00:06:56", "elapsed": 8.291147, "delta": 0.348996}}
{"target": -11.834178629878153, "params": {"C": 643.2322291725501, "gamma": 0.028237976212945822}, "datetime": {"datetime": "2021-06-22 00:06:56", "elapsed": 8.618108, "delta": 0.326961}}
{"target": -12.395210550495934, "params": {"C": 550.83272430309, "gamma": 0.01558066989047777}, "datetime": {"datetime": "2021-06-22 00:06:57", "elapsed": 9.051142, "delta": 0.433034}}
{"target": -11.691415499477587, "params": {"C": 712.5399323669423, "gamma": 0.03147016864212685}, "datetime": {"datetime": "2021-06-22 00:06:57", "elapsed": 9.416036, "delta": 0.364894}}
{"target": -11.725309229232412, "params": {"C": 705.6349833857716, "gamma": 0.038415945851192485}, "datetime": {"datetime": "2021-06-22 00:06:57", "elapsed": 9.748, "delta": 0.331964}}
{"target": -11.775788745859348, "params": {"C": 698.251419515635, "gamma": 0.04256989678273625}, "datetime": {"datetime": "2021-06-22 00:06:58", "elapsed": 10.181058, "delta": 0.433058}}
{"target": -11.869905450367021, "params": {"C": 690.4906027744798, "gamma": 0.05}, "datetime": {"datetime": "2021-06-22 00:06:58", "elapsed": 10.563058, "delta": 0.382}}
{"target": -12.160338715863183, "params": {"C": 666.0139767293854, "gamma": 0.015934773142131438}, "datetime": {"datetime": "2021-06-22 00:06:59", "elapsed": 10.933058, "delta": 0.37}}
{"target": -11.869425004737273, "params": {"C": 651.4368700715279, "gamma": 0.043741242359211625}, "datetime": {"datetime": "2021-06-22 00:06:59", "elapsed": 11.316058, "delta": 0.383}}
{"target": -12.27080005057171, "params": {"C": 503.1893872498139, "gamma": 0.05}, "datetime": {"datetime": "2021-06-22 00:06:59", "elapsed": 11.73824, "delta": 0.422182}}
{"target": -11.860930379316875, "params": {"C": 613.8168122201964, "gamma": 0.03380643615997851}, "datetime": {"datetime": "2021-06-22 00:07:00", "elapsed": 12.155193, "delta": 0.416953}}
{"target": -13.072600171415615, "params": {"C": 535.9522449221677, "gamma": 0.009}, "datetime": {"datetime": "2021-06-22 00:07:00", "elapsed": 12.537189, "delta": 0.381996}}
{"target": -12.645925315116822, "params": {"C": 583.2926183529157, "gamma": 0.011184888246653878}, "datetime": {"datetime": "2021-06-22 00:07:01", "elapsed": 12.944708, "delta": 0.407519}}
{"target": -12.030433526767892, "params": {"C": 606.8688985364679, "gamma": 0.05}, "datetime": {"datetime": "2021-06-22 00:07:01", "elapsed": 13.359711, "delta": 0.415003}}
{"target": -11.964982601586327, "params": {"C": 620.7211495513681, "gamma": 0.047025688143465416}, "datetime": {"datetime": "2021-06-22 00:07:01", "elapsed": 13.732704, "delta": 0.372993}}
{"target": -11.779051678159103, "params": {"C": 658.1868928183023, "gamma": 0.03122683673132278}, "datetime": {"datetime": "2021-06-22 00:07:02", "elapsed": 14.17071, "delta": 0.438006}}
{"target": -12.525221805623165, "params": {"C": 421.34956524911894, "gamma": 0.05}, "datetime": {"datetime": "2021-06-22 00:07:02", "elapsed": 14.568707, "delta": 0.397997}}
{"target": -12.730156378672804, "params": {"C": 683.9948340119718, "gamma": 0.009}, "datetime": {"datetime": "2021-06-22 00:07:03", "elapsed": 14.960712, "delta": 0.392005}}
{"target": -12.121221628970396, "params": {"C": 494.2030743910657, "gamma": 0.032233563164083885}, "datetime": {"datetime": "2021-06-22 00:07:03", "elapsed": 15.371708, "delta": 0.410996}}
{"target": -11.620167709117657, "params": {"C": 799.9848165806521, "gamma": 0.025949737679745698}, "datetime": {"datetime": "2021-06-22 00:07:03", "elapsed": 15.767708, "delta": 0.396}}
{"target": -12.245957939203423, "params": {"C": 448.7842855424048, "gamma": 0.032277076468521126}, "datetime": {"datetime": "2021-06-22 00:07:04", "elapsed": 16.133705, "delta": 0.365997}}
{"target": -13.049298812208121, "params": {"C": 544.0380630811054, "gamma": 0.009}, "datetime": {"datetime": "2021-06-22 00:07:04", "elapsed": 16.492711, "delta": 0.359006}}
{"target": -11.66556293098747, "params": {"C": 731.9254707083003, "gamma": 0.03439504657548029}, "datetime": {"datetime": "2021-06-22 00:07:04", "elapsed": 16.866708, "delta": 0.373997}}
{"target": -12.000575240252216, "params": {"C": 576.4519280995974, "gamma": 0.04228043802685179}, "datetime": {"datetime": "2021-06-22 00:07:05", "elapsed": 17.308269, "delta": 0.441561}}
{"target": -11.906283053423154, "params": {"C": 590.0229636660845, "gamma": 0.03372457003374094}, "datetime": {"datetime": "2021-06-22 00:07:05", "elapsed": 17.713307, "delta": 0.405038}}
{"target": -11.715640959060575, "params": {"C": 716.3256038717983, "gamma": 0.03934062116218676}, "datetime": {"datetime": "2021-06-22 00:07:06", "elapsed": 18.151312, "delta": 0.438005}}
{"target": -11.75774525718646, "params": {"C": 694.3617733774815, "gamma": 0.027345480404401108}, "datetime": {"datetime": "2021-06-22 00:07:06", "elapsed": 18.535306, "delta": 0.383994}}
{"target": -12.484106832651717, "params": {"C": 647.3066079860741, "gamma": 0.011641473960504342}, "datetime": {"datetime": "2021-06-22 00:07:07", "elapsed": 18.961278, "delta": 0.425972}}
