{"target": -15.920577589266172, "params": {"C": 4054.7755674365617, "gamma": 0.028373599570685158}, "datetime": {"datetime": "2021-06-28 17:51:04", "elapsed": 162.100332, "delta": 1.565023}}
{"target": -16.545283758366764, "params": {"C": 2338.1431898325663, "gamma": 0.01176378773555658}, "datetime": {"datetime": "2021-06-28 17:51:05", "elapsed": 163.016336, "delta": 0.916004}}
{"target": -15.950050494282616, "params": {"C": 2360.39354539212, "gamma": 0.028894671104965707}, "datetime": {"datetime": "2021-06-28 17:51:06", "elapsed": 163.831265, "delta": 0.814929}}
{"target": -15.936287421913043, "params": {"C": 4370.331969105085, "gamma": 0.028098044519258493}, "datetime": {"datetime": "2021-06-28 17:51:07", "elapsed": 165.319095, "delta": 1.48783}}
{"target": -15.899052467458926, "params": {"C": 3528.9732163984118, "gamma": 0.025594096911067676}, "datetime": {"datetime": "2021-06-28 17:51:08", "elapsed": 166.148915, "delta": 0.82982}}
{"target": -16.085128019269888, "params": {"C": 4592.428967353565, "gamma": 0.014847674207594665}, "datetime": {"datetime": "2021-06-28 17:51:09", "elapsed": 167.035931, "delta": 0.887016}}
{"target": -15.913509453402641, "params": {"C": 3839.7477115810902, "gamma": 0.028818413889879588}, "datetime": {"datetime": "2021-06-28 17:51:10", "elapsed": 168.250931, "delta": 1.215}}
{"target": -16.015268181406217, "params": {"C": 2939.410108703669, "gamma": 0.019378278899793516}, "datetime": {"datetime": "2021-06-28 17:51:11", "elapsed": 169.185927, "delta": 0.934996}}
{"target": -16.701167276651415, "params": {"C": 1383.2517551644692, "gamma": 0.01493153506147753}, "datetime": {"datetime": "2021-06-28 17:51:12", "elapsed": 170.296898, "delta": 1.110971}}
{"target": -15.980132751075043, "params": {"C": 4806.861561977876, "gamma": 0.01929767696800731}, "datetime": {"datetime": "2021-06-28 17:51:13", "elapsed": 171.563323, "delta": 1.266425}}
{"target": -16.023289563763136, "params": {"C": 3073.9246384291155, "gamma": 0.018689504834971532}, "datetime": {"datetime": "2021-06-28 17:51:15", "elapsed": 172.608995, "delta": 1.045672}}
{"target": -16.166982529593916, "params": {"C": 2034.1574802682733, "gamma": 0.01977902299309195}, "datetime": {"datetime": "2021-06-28 17:51:16", "elapsed": 173.792116, "delta": 1.183121}}
{"target": -16.485506358950214, "params": {"C": 3497.5048509487465, "gamma": 0.01}, "datetime": {"datetime": "2021-06-28 17:51:17", "elapsed": 174.963702, "delta": 1.171586}}
{"target": -16.170762259930758, "params": {"C": 3512.2165190457777, "gamma": 0.014203542327304088}, "datetime": {"datetime": "2021-06-28 17:51:18", "elapsed": 176.07331, "delta": 1.109608}}
