{"target": -16.30421199074163, "params": {"C": 9268.748341316814, "gamma": 0.026281475725657415}, "datetime": {"datetime": "2021-06-28 16:02:34", "elapsed": 318.324447, "delta": 2.224207}}
{"target": -18.862145366661668, "params": {"C": 4925.317322144212, "gamma": 0.08962543145354758}, "datetime": {"datetime": "2021-06-28 16:02:36", "elapsed": 319.948672, "delta": 1.624225}}
{"target": -16.604265263369626, "params": {"C": 1870.4164562508602, "gamma": 0.012890858376263277}, "datetime": {"datetime": "2021-06-28 16:02:38", "elapsed": 322.219678, "delta": 2.271006}}
{"target": -17.605245933067902, "params": {"C": 1543.881029029395, "gamma": 0.07395108745616136}, "datetime": {"datetime": "2021-06-28 16:02:41", "elapsed": 324.839667, "delta": 2.619989}}
{"target": -18.26774238327881, "params": {"C": 1437.726765617398, "gamma": 0.08636552391572899}, "datetime": {"datetime": "2021-06-28 16:02:42", "elapsed": 326.645546, "delta": 1.805879}}
{"target": -16.44525185085208, "params": {"C": 3889.5759914426035, "gamma": 0.04981551172006224}, "datetime": {"datetime": "2021-06-28 16:02:44", "elapsed": 328.337224, "delta": 1.691678}}
{"target": -16.203960696300864, "params": {"C": 5946.265819624878, "gamma": 0.0371055676292737}, "datetime": {"datetime": "2021-06-28 16:02:45", "elapsed": 329.637892, "delta": 1.300668}}
{"target": -18.217235058197197, "params": {"C": 6927.7447623583175, "gamma": 0.0746067745568098}, "datetime": {"datetime": "2021-06-28 16:02:48", "elapsed": 332.07113, "delta": 2.433238}}
{"target": -17.143637562518233, "params": {"C": 7802.92469304923, "gamma": 0.05627360831323322}, "datetime": {"datetime": "2021-06-28 16:02:49", "elapsed": 333.329341, "delta": 1.258211}}
{"target": -16.168561447917114, "params": {"C": 6921.831995944541, "gamma": 0.012524152947939142}, "datetime": {"datetime": "2021-06-28 16:02:51", "elapsed": 334.992705, "delta": 1.663364}}
{"target": -19.66751367512302, "params": {"C": 9836.84074199507, "gamma": 0.08769068061545458}, "datetime": {"datetime": "2021-06-28 16:02:53", "elapsed": 337.114806, "delta": 2.122101}}
{"target": -16.185895133342942, "params": {"C": 1610.0307440033528, "gamma": 0.03644284309184198}, "datetime": {"datetime": "2021-06-28 16:02:55", "elapsed": 339.23795, "delta": 2.123144}}
{"target": -15.951089303522807, "params": {"C": 2786.8523912219234, "gamma": 0.03389363250327685}, "datetime": {"datetime": "2021-06-28 16:02:57", "elapsed": 340.821658, "delta": 1.583708}}
{"target": -16.201182618490094, "params": {"C": 6712.8225239282, "gamma": 0.03393638785928381}, "datetime": {"datetime": "2021-06-28 16:02:58", "elapsed": 342.557232, "delta": 1.735574}}
{"target": -16.230920261976138, "params": {"C": 1609.9138799603413, "gamma": 0.039136423232904255}, "datetime": {"datetime": "2021-06-28 16:03:00", "elapsed": 344.415693, "delta": 1.858461}}
{"target": -17.70205741171199, "params": {"C": 539.3821098057191, "gamma": 0.04582751627243034}, "datetime": {"datetime": "2021-06-28 16:03:02", "elapsed": 345.743442, "delta": 1.327749}}
{"target": -16.079941972664283, "params": {"C": 6678.759291880271, "gamma": 0.017886676541643373}, "datetime": {"datetime": "2021-06-28 16:03:03", "elapsed": 347.502414, "delta": 1.758972}}
{"target": -18.926386819412876, "params": {"C": 9268.752944975944, "gamma": 0.079345431222747}, "datetime": {"datetime": "2021-06-28 16:03:05", "elapsed": 349.431715, "delta": 1.929301}}
{"target": -16.659845032042103, "params": {"C": 2290.4799808720204, "gamma": 0.05635929169462276}, "datetime": {"datetime": "2021-06-28 16:03:07", "elapsed": 350.716351, "delta": 1.284636}}
{"target": -16.20191889096661, "params": {"C": 5946.322060145347, "gamma": 0.011657248058425995}, "datetime": {"datetime": "2021-06-28 16:03:08", "elapsed": 352.410381, "delta": 1.69403}}
{"target": -24.226585472419714, "params": {"C": 78.73577131669335, "gamma": 0.0796373552795394}, "datetime": {"datetime": "2021-06-28 16:03:10", "elapsed": 353.676775, "delta": 1.266394}}
{"target": -18.899945042859265, "params": {"C": 859.5668593053476, "gamma": 0.09080363500015386}, "datetime": {"datetime": "2021-06-28 16:03:12", "elapsed": 355.726446, "delta": 2.049671}}
{"target": -16.240165303497804, "params": {"C": 1604.916208177853, "gamma": 0.03950798346451335}, "datetime": {"datetime": "2021-06-28 16:03:13", "elapsed": 357.52037, "delta": 1.793924}}
{"target": -48.0914970639932, "params": {"C": 4286.815646085225, "gamma": 7.20604168948716}, "datetime": {"datetime": "2021-06-28 16:16:25", "elapsed": 0.0, "delta": 0.0}}
{"target": -40.626322231903465, "params": {"C": 201.1208732099799, "gamma": 3.0303024005920793}, "datetime": {"datetime": "2021-06-28 16:16:25", "elapsed": 0.204963, "delta": 0.204963}}
{"target": -34.379270350050476, "params": {"C": 1638.2077300077078, "gamma": 0.9324625617402901}, "datetime": {"datetime": "2021-06-28 16:16:25", "elapsed": 0.395959, "delta": 0.190996}}
{"target": -44.36733478591918, "params": {"C": 2025.3500715011749, "gamma": 3.462151663160047}, "datetime": {"datetime": "2021-06-28 16:16:26", "elapsed": 0.588996, "delta": 0.193037}}
{"target": -47.17526899004892, "params": {"C": 4088.3212474605652, "gamma": 5.392779172693536}, "datetime": {"datetime": "2021-06-28 16:16:26", "elapsed": 0.789964, "delta": 0.200968}}
{"target": -47.969275823027864, "params": {"C": 4308.106241152289, "gamma": 6.855342808963627}, "datetime": {"datetime": "2021-06-28 16:16:26", "elapsed": 0.983958, "delta": 0.193994}}
{"target": -47.35526038585506, "params": {"C": 2203.632047368871, "gamma": 8.782393189545544}, "datetime": {"datetime": "2021-06-28 16:16:26", "elapsed": 1.189956, "delta": 0.205998}}
{"target": -43.54834749254007, "params": {"C": 468.3984133396764, "gamma": 6.707970426682238}, "datetime": {"datetime": "2021-06-28 16:16:26", "elapsed": 1.401962, "delta": 0.212006}}
{"target": -47.36174932961963, "params": {"C": 4289.587063197844, "gamma": 5.591311386173059}, "datetime": {"datetime": "2021-06-28 16:16:27", "elapsed": 1.607224, "delta": 0.205262}}
{"target": -40.8502201624752, "params": {"C": 1575.791998233291, "gamma": 1.9890338759579391}, "datetime": {"datetime": "2021-06-28 16:16:27", "elapsed": 1.815223, "delta": 0.207999}}
{"target": -49.54771860990735, "params": {"C": 8047.296773020259, "gamma": 9.68293314143678}, "datetime": {"datetime": "2021-06-28 16:16:27", "elapsed": 2.016228, "delta": 0.201005}}
{"target": -47.567579016700265, "params": {"C": 3271.55694596058, "gamma": 6.926302930536448}, "datetime": {"datetime": "2021-06-28 16:16:27", "elapsed": 2.252224, "delta": 0.235996}}
{"target": -49.48014555720202, "params": {"C": 8788.613692501176, "gamma": 8.947120568403435}, "datetime": {"datetime": "2021-06-28 16:16:27", "elapsed": 2.448228, "delta": 0.196004}}
{"target": -27.64304809186038, "params": {"C": 1033.4332714238235, "gamma": 0.4001572844964948}, "datetime": {"datetime": "2021-06-28 16:16:28", "elapsed": 2.706221, "delta": 0.257993}}
{"target": -47.011503976364246, "params": {"C": 1864.3381117327751, "gamma": 8.782643609259837}, "datetime": {"datetime": "2021-06-28 16:16:28", "elapsed": 2.901229, "delta": 0.195008}}
{"target": -44.203873384862604, "params": {"C": 1163.798971563891, "gamma": 4.216865173800471}, "datetime": {"datetime": "2021-06-28 16:16:28", "elapsed": 3.113834, "delta": 0.212605}}
{"target": -48.09781280646369, "params": {"C": 9587.317395474918, "gamma": 5.336321196880441}, "datetime": {"datetime": "2021-06-28 16:16:28", "elapsed": 3.317628, "delta": 0.203794}}
{"target": -45.46881289297046, "params": {"C": 6980.395716714639, "gamma": 3.162001153750569}, "datetime": {"datetime": "2021-06-28 16:16:29", "elapsed": 3.52263, "delta": 0.205002}}
{"target": -49.07394095758587, "params": {"C": 6927.70909127952, "gamma": 8.347910462254756}, "datetime": {"datetime": "2021-06-28 16:16:29", "elapsed": 3.730252, "delta": 0.207622}}
{"target": -43.28140810370284, "params": {"C": 379.2251179730797, "gamma": 7.503941706300225}, "datetime": {"datetime": "2021-06-28 16:16:29", "elapsed": 3.953271, "delta": 0.223019}}
{"target": -35.59093765442741, "params": {"C": 1034.8617791052147, "gamma": 1.0913749746564532}, "datetime": {"datetime": "2021-06-28 16:16:29", "elapsed": 4.222293, "delta": 0.269022}}
{"target": -43.267917061838304, "params": {"C": 1639.7758945024202, "gamma": 2.9464813090785245}, "datetime": {"datetime": "2021-06-28 16:16:30", "elapsed": 4.502255, "delta": 0.279962}}
{"target": -40.86064226013953, "params": {"C": 1034.3561805931918, "gamma": 2.149001874456184}, "datetime": {"datetime": "2021-06-28 16:16:30", "elapsed": 4.797288, "delta": 0.295033}}
{"target": -25.980148628218707, "params": {"C": 1032.6664524659022, "gamma": 0.3106624257254723}, "datetime": {"datetime": "2021-06-28 16:16:30", "elapsed": 5.067258, "delta": 0.26997}}
{"target": -32.48569633272599, "params": {"C": 1031.276558216051, "gamma": 0.7645142597287579}, "datetime": {"datetime": "2021-06-28 16:16:30", "elapsed": 5.4376, "delta": 0.370342}}
{"target": -35.835648999164185, "params": {"C": 1032.1179472816766, "gamma": 1.1221904313948867}, "datetime": {"datetime": "2021-06-28 16:16:31", "elapsed": 5.773595, "delta": 0.335995}}
{"target": -35.98899335826504, "params": {"C": 1576.7956366509025, "gamma": 1.112632843145034}, "datetime": {"datetime": "2021-06-28 16:16:31", "elapsed": 6.102594, "delta": 0.328999}}
{"target": -28.30431999680402, "params": {"C": 1033.429205220491, "gamma": 0.44097293128875137}, "datetime": {"datetime": "2021-06-28 16:16:31", "elapsed": 6.414629, "delta": 0.312035}}
{"target": -17.322254380929756, "params": {"C": 1034.5315324940238, "gamma": 0.010832488819022665}, "datetime": {"datetime": "2021-06-28 16:16:32", "elapsed": 6.744382, "delta": 0.329753}}
{"target": -16.867500782742233, "params": {"C": 1638.0118451279914, "gamma": 0.05881288075063501}, "datetime": {"datetime": "2021-06-28 16:16:32", "elapsed": 7.049383, "delta": 0.305001}}
{"target": -35.99093091941922, "params": {"C": 1575.897895621427, "gamma": 1.1129085229633529}, "datetime": {"datetime": "2021-06-28 16:16:32", "elapsed": 7.409153, "delta": 0.35977}}
{"target": -38.05889949137386, "params": {"C": 1576.4446002436966, "gamma": 1.3991406789692857}, "datetime": {"datetime": "2021-06-28 16:16:33", "elapsed": 7.832805, "delta": 0.423652}}
{"target": -20.602425739105207, "params": {"C": 1034.8620901989357, "gamma": 0.13095760550841332}, "datetime": {"datetime": "2021-06-28 16:16:33", "elapsed": 8.148803, "delta": 0.315998}}
{"target": -16.73823675119548, "params": {"C": 1032.324733997245, "gamma": 0.019842170743839968}, "datetime": {"datetime": "2021-06-28 16:16:34", "elapsed": 8.477805, "delta": 0.329002}}
{"target": -38.664791796563435, "params": {"C": 1576.9003565575117, "gamma": 1.5012979161042115}, "datetime": {"datetime": "2021-06-28 16:16:34", "elapsed": 8.902865, "delta": 0.42506}}
{"target": -33.40369637713941, "params": {"C": 1032.8972162073637, "gamma": 0.8513884079899542}, "datetime": {"datetime": "2021-06-28 16:16:34", "elapsed": 9.306518, "delta": 0.403653}}
{"target": -30.664545768424883, "params": {"C": 1638.1685201943276, "gamma": 0.6041745458499173}, "datetime": {"datetime": "2021-06-28 16:16:35", "elapsed": 9.653524, "delta": 0.347006}}
{"target": -24.60086906149491, "params": {"C": 1031.6158578391144, "gamma": 0.25036348929108104}, "datetime": {"datetime": "2021-06-28 16:16:35", "elapsed": 10.107518, "delta": 0.453994}}
{"target": -26.952508196986958, "params": {"C": 1035.072119756071, "gamma": 0.3607173567421651}, "datetime": {"datetime": "2021-06-28 16:16:36", "elapsed": 10.519518, "delta": 0.412}}
{"target": -30.556910070890975, "params": {"C": 1577.5175508349707, "gamma": 0.5967547456152327}, "datetime": {"datetime": "2021-06-28 16:16:36", "elapsed": 10.918521, "delta": 0.399003}}
{"target": -28.307943027229094, "params": {"C": 1576.3566168578961, "gamma": 0.43868876419561986}, "datetime": {"datetime": "2021-06-28 16:16:36", "elapsed": 11.352954, "delta": 0.434433}}
{"target": -31.92633198854417, "params": {"C": 1032.4563750800287, "gamma": 0.7146568834982971}, "datetime": {"datetime": "2021-06-28 16:16:37", "elapsed": 11.8022, "delta": 0.449246}}
{"target": -27.941719663560555, "params": {"C": 1035.438077571147, "gamma": 0.4182403646715198}, "datetime": {"datetime": "2021-06-28 16:16:37", "elapsed": 12.326202, "delta": 0.524002}}
{"target": -35.231643488742364, "params": {"C": 1036.5815435078384, "gamma": 1.0479028516446605}, "datetime": {"datetime": "2021-06-28 16:16:38", "elapsed": 12.659791, "delta": 0.333589}}
{"target": -23.4316360524005, "params": {"C": 1577.653368077008, "gamma": 0.20840879753909825}, "datetime": {"datetime": "2021-06-28 16:16:38", "elapsed": 13.090787, "delta": 0.430996}}
{"target": -28.73330056286764, "params": {"C": 1580.1100583258133, "gamma": 0.4662349463735888}, "datetime": {"datetime": "2021-06-28 16:16:39", "elapsed": 13.495062, "delta": 0.404275}}
{"target": -33.93414396830041, "params": {"C": 1035.4247489145262, "gamma": 0.9047959858768112}, "datetime": {"datetime": "2021-06-28 16:16:39", "elapsed": 13.966676, "delta": 0.471614}}
{"target": -28.64707692179614, "params": {"C": 1637.3451102478928, "gamma": 0.45987449300264505}, "datetime": {"datetime": "2021-06-28 16:16:39", "elapsed": 14.352674, "delta": 0.385998}}
{"target": -17.381083820757297, "params": {"C": 1637.9187632329044, "gamma": 0.06993427791099714}, "datetime": {"datetime": "2021-06-28 16:16:40", "elapsed": 14.733677, "delta": 0.381003}}
{"target": -17.352320383975968, "params": {"C": 1036.9440281892073, "gamma": 0.06196304958404741}, "datetime": {"datetime": "2021-06-28 16:16:40", "elapsed": 15.135673, "delta": 0.401996}}
{"target": -31.358134625057154, "params": {"C": 1034.3458921120728, "gamma": 0.6662016498251376}, "datetime": {"datetime": "2021-06-28 16:16:41", "elapsed": 15.61962, "delta": 0.483947}}
{"target": -23.559540953462292, "params": {"C": 1576.0504243022947, "gamma": 0.21255874744410905}, "datetime": {"datetime": "2021-06-28 16:16:41", "elapsed": 16.082625, "delta": 0.463005}}
{"target": -24.621943001288297, "params": {"C": 1037.2781671587884, "gamma": 0.25124636115453197}, "datetime": {"datetime": "2021-06-28 16:16:41", "elapsed": 16.471621, "delta": 0.388996}}
{"target": -28.660623941577835, "params": {"C": 1637.0529909676252, "gamma": 0.4607675352190121}, "datetime": {"datetime": "2021-06-28 16:16:42", "elapsed": 16.846286, "delta": 0.374665}}
{"target": -23.520924637525773, "params": {"C": 1033.8671453771296, "gamma": 0.21111355883222413}, "datetime": {"datetime": "2021-06-28 16:16:42", "elapsed": 17.289874, "delta": 0.443588}}
{"target": -26.934543141471885, "params": {"C": 1637.3836570085352, "gamma": 0.35700406488569886}, "datetime": {"datetime": "2021-06-28 16:16:43", "elapsed": 17.684017, "delta": 0.394143}}
{"target": -37.174097213614175, "params": {"C": 1584.1086148653706, "gamma": 1.2660665961773476}, "datetime": {"datetime": "2021-06-28 16:16:43", "elapsed": 18.102016, "delta": 0.417999}}
{"target": -31.73771288183223, "params": {"C": 1035.871624498386, "gamma": 0.6983183083017364}, "datetime": {"datetime": "2021-06-28 16:16:44", "elapsed": 18.492017, "delta": 0.390001}}
{"target": -38.88770593304805, "params": {"C": 1580.974257205943, "gamma": 1.5412615007102302}, "datetime": {"datetime": "2021-06-28 16:16:44", "elapsed": 18.886629, "delta": 0.394612}}
{"target": -40.45881366496052, "params": {"C": 1635.5102106040629, "gamma": 1.8730405604430946}, "datetime": {"datetime": "2021-06-28 16:16:44", "elapsed": 19.381761, "delta": 0.495132}}
{"target": -29.906789587998478, "params": {"C": 1580.0133992228036, "gamma": 0.5480166180986588}, "datetime": {"datetime": "2021-06-28 16:16:45", "elapsed": 19.767759, "delta": 0.385998}}
{"target": -19.557794985135445, "params": {"C": 1036.1044618871774, "gamma": 0.10822432882843745}, "datetime": {"datetime": "2021-06-28 16:16:45", "elapsed": 20.120765, "delta": 0.353006}}
{"target": -36.883877912718134, "params": {"C": 1037.4817487560367, "gamma": 1.265056659195831}, "datetime": {"datetime": "2021-06-28 16:16:46", "elapsed": 20.536761, "delta": 0.415996}}
{"target": -38.54182225807152, "params": {"C": 1025.291901071369, "gamma": 1.5478071444130972}, "datetime": {"datetime": "2021-06-28 16:16:46", "elapsed": 20.931764, "delta": 0.395003}}
{"target": -31.937027788324272, "params": {"C": 1574.6237791463975, "gamma": 0.7080145581266812}, "datetime": {"datetime": "2021-06-28 16:16:46", "elapsed": 21.412352, "delta": 0.480588}}
{"target": -28.768824298478783, "params": {"C": 1575.0517860330094, "gamma": 0.46864821702692094}, "datetime": {"datetime": "2021-06-28 16:16:47", "elapsed": 21.868001, "delta": 0.455649}}
{"target": -16.670694098107525, "params": {"C": 1037.2396363964426, "gamma": 0.021682661222563106}, "datetime": {"datetime": "2021-06-28 16:16:47", "elapsed": 22.324003, "delta": 0.456002}}
{"target": -33.54569612918235, "params": {"C": 1636.7774767399796, "gamma": 0.8506430643198242}, "datetime": {"datetime": "2021-06-28 16:16:48", "elapsed": 22.890676, "delta": 0.566673}}
{"target": -29.31563940429332, "params": {"C": 1637.0366775884836, "gamma": 0.5051031333120717}, "datetime": {"datetime": "2021-06-28 16:16:48", "elapsed": 23.322367, "delta": 0.431691}}
{"target": -30.21069947311589, "params": {"C": 1033.8080903554776, "gamma": 0.5746731344907432}, "datetime": {"datetime": "2021-06-28 16:16:49", "elapsed": 23.78428, "delta": 0.461913}}
{"target": -45.481103449711746, "params": {"C": 5709.847227439494, "gamma": 3.2861320136488077}, "datetime": {"datetime": "2021-06-28 16:16:49", "elapsed": 24.368278, "delta": 0.583998}}
{"target": -20.433080268286407, "params": {"C": 1638.2765644536378, "gamma": 0.13028595215063613}, "datetime": {"datetime": "2021-06-28 16:16:50", "elapsed": 24.84028, "delta": 0.472002}}
{"target": -38.71149441352841, "params": {"C": 1567.9685964884177, "gamma": 1.510536108961916}, "datetime": {"datetime": "2021-06-28 16:16:50", "elapsed": 25.306988, "delta": 0.466708}}
{"target": -26.830221817802908, "params": {"C": 1638.4263133756613, "gamma": 0.35136556341574127}, "datetime": {"datetime": "2021-06-28 16:16:51", "elapsed": 25.728279, "delta": 0.421291}}
{"target": -20.581676860362986, "params": {"C": 1036.0418229972838, "gamma": 0.13050169604885226}, "datetime": {"datetime": "2021-06-28 16:16:51", "elapsed": 26.195279, "delta": 0.467}}
{"target": -23.46778336944873, "params": {"C": 1576.3320748127894, "gamma": 0.20957822418960764}, "datetime": {"datetime": "2021-06-28 16:16:52", "elapsed": 26.630275, "delta": 0.434996}}
{"target": -30.07574260695225, "params": {"C": 1575.4944153426325, "gamma": 0.5605051447532433}, "datetime": {"datetime": "2021-06-28 16:16:52", "elapsed": 27.150284, "delta": 0.520009}}
{"target": -28.19309754148142, "params": {"C": 1037.262659504842, "gamma": 0.43392638855260696}, "datetime": {"datetime": "2021-06-28 16:16:53", "elapsed": 27.606399, "delta": 0.456115}}
{"target": -47.14540967445157, "params": {"C": 2720.387754552353, "gamma": 6.644779241465988}, "datetime": {"datetime": "2021-06-28 16:16:53", "elapsed": 28.140395, "delta": 0.533996}}
{"target": -16.794346173243337, "params": {"C": 1034.6983240225563, "gamma": 0.04665361017574912}, "datetime": {"datetime": "2021-06-28 16:16:54", "elapsed": 28.653395, "delta": 0.513}}
{"target": -28.410989127165198, "params": {"C": 1579.8309471711948, "gamma": 0.4452287264873583}, "datetime": {"datetime": "2021-06-28 16:16:54", "elapsed": 29.088013, "delta": 0.434618}}
{"target": -27.83803722179996, "params": {"C": 1637.7577390349752, "gamma": 0.4088541226325674}, "datetime": {"datetime": "2021-06-28 16:16:55", "elapsed": 29.555873, "delta": 0.46786}}
{"target": -17.870000779845576, "params": {"C": 1035.1357817986527, "gamma": 0.073424399506735}, "datetime": {"datetime": "2021-06-28 16:16:55", "elapsed": 30.013876, "delta": 0.458003}}
{"target": -28.66897272045023, "params": {"C": 1034.3452549656683, "gamma": 0.46473606399956174}, "datetime": {"datetime": "2021-06-28 16:16:56", "elapsed": 30.497875, "delta": 0.483999}}
{"target": -20.191213970781327, "params": {"C": 1036.6920745444404, "gamma": 0.12179112290644484}, "datetime": {"datetime": "2021-06-28 16:16:56", "elapsed": 31.022872, "delta": 0.524997}}
{"target": -17.412870470993226, "params": {"C": 1635.8244692642413, "gamma": 0.0705724983477338}, "datetime": {"datetime": "2021-06-28 16:16:57", "elapsed": 31.500097, "delta": 0.477225}}
{"target": -30.540141281739608, "params": {"C": 1574.7263476052558, "gamma": 0.5955074519521071}, "datetime": {"datetime": "2021-06-28 16:16:57", "elapsed": 31.948532, "delta": 0.448435}}
{"target": -21.994591162466218, "params": {"C": 3973.579529035597, "gamma": 0.14967102640439794}, "datetime": {"datetime": "2021-06-28 16:16:57", "elapsed": 32.376533, "delta": 0.428001}}
{"target": -21.943345032749285, "params": {"C": 1035.12397073669, "gamma": 0.1639678550582234}, "datetime": {"datetime": "2021-06-28 16:16:58", "elapsed": 32.907891, "delta": 0.531358}}
{"target": -26.483232666946254, "params": {"C": 1636.5083294816784, "gamma": 0.33321781677833123}, "datetime": {"datetime": "2021-06-28 16:16:58", "elapsed": 33.46901, "delta": 0.561119}}
{"target": -47.48967088903661, "params": {"C": 2776.628306868451, "gamma": 7.5463623526580825}, "datetime": {"datetime": "2021-06-28 16:16:59", "elapsed": 33.883011, "delta": 0.414001}}
{"target": -33.11845117412165, "params": {"C": 1578.1358753212387, "gamma": 0.812129693948138}, "datetime": {"datetime": "2021-06-28 16:17:00", "elapsed": 34.540012, "delta": 0.657001}}
{"target": -29.368628864479344, "params": {"C": 1038.1391690678774, "gamma": 0.5127679037077741}, "datetime": {"datetime": "2021-06-28 16:17:00", "elapsed": 34.993014, "delta": 0.453002}}
{"target": -47.038212066589494, "params": {"C": 3659.3280935986536, "gamma": 5.432125737632376}, "datetime": {"datetime": "2021-06-28 16:17:00", "elapsed": 35.461209, "delta": 0.468195}}
