{"target": -10.1060574974194, "params": {"C": 12269.046190339646, "gamma": 0.046278298257640155}, "datetime": {"datetime": "2021-06-22 10:30:49", "elapsed": 159.180411, "delta": 1.558862}}
{"target": -10.100442090729194, "params": {"C": 21387.491224303798, "gamma": 0.04302055360321598}, "datetime": {"datetime": "2021-06-22 10:30:50", "elapsed": 160.328154, "delta": 1.147743}}
{"target": -10.117571591309165, "params": {"C": 18942.934700060592, "gamma": 0.04049094263320956}, "datetime": {"datetime": "2021-06-22 10:30:52", "elapsed": 161.885319, "delta": 1.557165}}
{"target": -10.076940320869829, "params": {"C": 18850.749128248877, "gamma": 0.05141850353384382}, "datetime": {"datetime": "2021-06-22 10:30:53", "elapsed": 163.240689, "delta": 1.35537}}
{"target": -10.101479010714618, "params": {"C": 10782.565990210838, "gamma": 0.052942637675198946}, "datetime": {"datetime": "2021-06-22 10:30:55", "elapsed": 164.575134, "delta": 1.334445}}
{"target": -10.28505040445694, "params": {"C": 22366.818219041466, "gamma": 0.058}, "datetime": {"datetime": "2021-06-22 10:30:56", "elapsed": 165.977733, "delta": 1.402599}}
{"target": -10.106861059581517, "params": {"C": 22666.66502983283, "gamma": 0.048406475405220487}, "datetime": {"datetime": "2021-06-22 10:30:57", "elapsed": 167.051781, "delta": 1.074048}}
{"target": -10.062354989576383, "params": {"C": 17463.85085006652, "gamma": 0.051684201704543714}, "datetime": {"datetime": "2021-06-22 10:30:58", "elapsed": 168.151975, "delta": 1.100194}}
{"target": -10.073955460838372, "params": {"C": 13459.32563233992, "gamma": 0.05453851206686699}, "datetime": {"datetime": "2021-06-22 10:30:59", "elapsed": 169.335704, "delta": 1.183729}}
{"target": -10.073652529158156, "params": {"C": 20120.71098754032, "gamma": 0.04765413197187494}, "datetime": {"datetime": "2021-06-22 10:31:01", "elapsed": 170.566542, "delta": 1.230838}}
{"target": -10.073233385852104, "params": {"C": 15459.046553123044, "gamma": 0.047849250884458454}, "datetime": {"datetime": "2021-06-22 10:31:02", "elapsed": 171.848136, "delta": 1.281594}}
{"target": -10.140322625272177, "params": {"C": 17899.18133258243, "gamma": 0.05693805839155602}, "datetime": {"datetime": "2021-06-22 10:31:03", "elapsed": 172.99114, "delta": 1.143004}}
{"target": -10.065066361948594, "params": {"C": 17993.537598974326, "gamma": 0.04868409143826459}, "datetime": {"datetime": "2021-06-22 10:31:04", "elapsed": 174.131637, "delta": 1.140497}}
{"target": -10.059085785588163, "params": {"C": 17818.6718800216, "gamma": 0.05109477706319261}, "datetime": {"datetime": "2021-06-22 10:31:05", "elapsed": 175.297236, "delta": 1.165599}}
{"target": -10.081630908656628, "params": {"C": 16518.65834556597, "gamma": 0.05423621069445281}, "datetime": {"datetime": "2021-06-22 10:31:06", "elapsed": 176.474767, "delta": 1.177531}}
{"target": -10.113167034768693, "params": {"C": 16466.796661256318, "gamma": 0.040556028140782185}, "datetime": {"datetime": "2021-06-22 10:31:08", "elapsed": 177.867077, "delta": 1.39231}}
{"target": -10.106804002074265, "params": {"C": 21495.977228922617, "gamma": 0.05009672869951953}, "datetime": {"datetime": "2021-06-22 10:31:09", "elapsed": 178.979493, "delta": 1.112416}}
{"target": -10.104984304405512, "params": {"C": 16095.181927785501, "gamma": 0.041608383938023706}, "datetime": {"datetime": "2021-06-22 10:31:10", "elapsed": 180.493118, "delta": 1.513625}}
{"target": -10.07105081709541, "params": {"C": 16169.490652483759, "gamma": 0.04656416734353065}, "datetime": {"datetime": "2021-06-22 10:31:12", "elapsed": 181.663965, "delta": 1.170847}}
{"target": -10.100911838202684, "params": {"C": 22239.9562368281, "gamma": 0.04308737281953153}, "datetime": {"datetime": "2021-06-22 10:31:13", "elapsed": 183.218124, "delta": 1.554159}}
{"target": -10.151662604614401, "params": {"C": 20219.224502354078, "gamma": 0.05466815840321236}, "datetime": {"datetime": "2021-06-22 10:31:14", "elapsed": 184.50219, "delta": 1.284066}}
{"target": -10.08452844079283, "params": {"C": 13779.281071991969, "gamma": 0.047887278368730704}, "datetime": {"datetime": "2021-06-22 10:31:16", "elapsed": 185.653877, "delta": 1.151687}}
{"target": -10.092646103951381, "params": {"C": 11426.022570527493, "gamma": 0.05149726046674326}, "datetime": {"datetime": "2021-06-22 10:31:17", "elapsed": 186.875038, "delta": 1.221161}}
{"target": -10.092635403177798, "params": {"C": 12733.961885107976, "gamma": 0.04814852795375011}, "datetime": {"datetime": "2021-06-22 10:31:18", "elapsed": 188.224055, "delta": 1.349017}}
{"target": -10.132586751605405, "params": {"C": 10053.855221555197, "gamma": 0.04980642329295955}, "datetime": {"datetime": "2021-06-22 10:31:19", "elapsed": 189.503935, "delta": 1.27988}}
{"target": -10.087073872433368, "params": {"C": 15919.456545343166, "gamma": 0.055252966618193594}, "datetime": {"datetime": "2021-06-22 10:31:21", "elapsed": 190.813535, "delta": 1.3096}}
{"target": -10.113503426640431, "params": {"C": 14075.375392703323, "gamma": 0.04207379284452916}, "datetime": {"datetime": "2021-06-22 10:31:22", "elapsed": 192.243038, "delta": 1.429503}}
{"target": -10.085515444854968, "params": {"C": 12047.771565768633, "gamma": 0.05193022039864973}, "datetime": {"datetime": "2021-06-22 10:31:23", "elapsed": 193.404322, "delta": 1.161284}}
{"target": -10.14011978552048, "params": {"C": 12361.440642152169, "gamma": 0.040915366832591775}, "datetime": {"datetime": "2021-06-22 10:31:25", "elapsed": 194.854753, "delta": 1.450431}}
{"target": -10.068453051958858, "params": {"C": 14658.86879401626, "gamma": 0.05309673406865573}, "datetime": {"datetime": "2021-06-22 10:31:26", "elapsed": 196.257077, "delta": 1.402324}}
{"target": -10.234391323583425, "params": {"C": 21125.247004471887, "gamma": 0.0571885222109403}, "datetime": {"datetime": "2021-06-22 10:31:27", "elapsed": 197.355263, "delta": 1.098186}}
{"target": -10.126997059293705, "params": {"C": 21034.590022698994, "gamma": 0.05212582478008965}, "datetime": {"datetime": "2021-06-22 10:31:29", "elapsed": 198.987042, "delta": 1.631779}}
{"target": -10.184483273112658, "params": {"C": 21204.553956984066, "gamma": 0.05468392103222729}, "datetime": {"datetime": "2021-06-22 10:31:30", "elapsed": 200.401901, "delta": 1.414859}}
{"target": -10.090300558181763, "params": {"C": 21294.84130238765, "gamma": 0.04492560714832995}, "datetime": {"datetime": "2021-06-22 10:31:32", "elapsed": 202.105003, "delta": 1.703102}}
{"target": -10.080232017243205, "params": {"C": 20910.193992836466, "gamma": 0.04660223239674166}, "datetime": {"datetime": "2021-06-22 10:31:33", "elapsed": 203.339945, "delta": 1.234942}}
{"target": -10.094281072728815, "params": {"C": 23061.434379953895, "gamma": 0.04585274322054375}, "datetime": {"datetime": "2021-06-22 10:31:35", "elapsed": 204.831864, "delta": 1.491919}}
{"target": -10.103701871173648, "params": {"C": 10676.617843761485, "gamma": 0.05366436587992444}, "datetime": {"datetime": "2021-06-22 10:31:37", "elapsed": 206.746395, "delta": 1.914531}}
{"target": -10.125698687393191, "params": {"C": 13237.234739032569, "gamma": 0.04093551530364797}, "datetime": {"datetime": "2021-06-22 10:31:38", "elapsed": 208.001264, "delta": 1.254869}}
{"target": -10.108764395394426, "params": {"C": 17718.964696896266, "gamma": 0.055252342904575764}, "datetime": {"datetime": "2021-06-22 10:31:39", "elapsed": 209.146842, "delta": 1.145578}}
{"target": -10.127988566160951, "params": {"C": 20723.387516821218, "gamma": 0.052682380415226875}, "datetime": {"datetime": "2021-06-22 10:31:40", "elapsed": 210.512234, "delta": 1.365392}}
{"target": -10.10929662592858, "params": {"C": 15819.397618948722, "gamma": 0.04089385767276614}, "datetime": {"datetime": "2021-06-22 10:31:42", "elapsed": 211.687032, "delta": 1.174798}}
{"target": -10.097611748293664, "params": {"C": 15545.99445241108, "gamma": 0.056493922043923124}, "datetime": {"datetime": "2021-06-22 10:31:43", "elapsed": 212.880314, "delta": 1.193282}}
{"target": -10.081000540802876, "params": {"C": 18691.849780781657, "gamma": 0.05215332585485246}, "datetime": {"datetime": "2021-06-22 10:31:44", "elapsed": 214.125228, "delta": 1.244914}}
{"target": -10.070575332668259, "params": {"C": 14368.568402995983, "gamma": 0.05428704878487095}, "datetime": {"datetime": "2021-06-22 10:31:46", "elapsed": 215.565456, "delta": 1.440228}}
{"target": -10.089956362543289, "params": {"C": 18105.600060838417, "gamma": 0.04403423064612394}, "datetime": {"datetime": "2021-06-22 10:31:48", "elapsed": 217.619673, "delta": 2.054217}}
{"target": -10.075294598658418, "params": {"C": 13886.561955007654, "gamma": 0.05198659782726433}, "datetime": {"datetime": "2021-06-22 10:31:49", "elapsed": 218.870519, "delta": 1.250846}}
{"target": -10.169520575117485, "params": {"C": 19696.694580580457, "gamma": 0.056090730510488275}, "datetime": {"datetime": "2021-06-22 10:31:50", "elapsed": 220.458558, "delta": 1.588039}}
{"target": -10.0844096368787, "params": {"C": 19621.132704802898, "gamma": 0.05081695168277786}, "datetime": {"datetime": "2021-06-22 10:31:52", "elapsed": 221.751071, "delta": 1.292513}}
{"target": -10.076042065523799, "params": {"C": 19772.297531812605, "gamma": 0.04941287499946627}, "datetime": {"datetime": "2021-06-22 10:31:53", "elapsed": 223.269715, "delta": 1.518644}}
{"target": -10.118355602482028, "params": {"C": 10997.429010262822, "gamma": 0.048344376081583866}, "datetime": {"datetime": "2021-06-22 10:31:55", "elapsed": 224.595236, "delta": 1.325521}}
{"target": -10.074844269895673, "params": {"C": 15379.98505779836, "gamma": 0.04719967153881335}, "datetime": {"datetime": "2021-06-22 10:31:56", "elapsed": 226.396632, "delta": 1.801396}}
{"target": -10.091500331536091, "params": {"C": 11335.753168018351, "gamma": 0.05412773372686541}, "datetime": {"datetime": "2021-06-22 10:31:58", "elapsed": 227.596101, "delta": 1.199469}}
{"target": -10.134477585980664, "params": {"C": 12439.187985326445, "gamma": 0.04146380099012294}, "datetime": {"datetime": "2021-06-22 10:31:59", "elapsed": 228.980111, "delta": 1.38401}}
{"target": -10.110160857660423, "params": {"C": 12511.777461108519, "gamma": 0.04515340913441601}, "datetime": {"datetime": "2021-06-22 10:32:00", "elapsed": 230.466166, "delta": 1.486055}}
{"target": -10.115860294923525, "params": {"C": 10458.339322096303, "gamma": 0.05086941066738037}, "datetime": {"datetime": "2021-06-22 10:32:03", "elapsed": 232.579746, "delta": 2.11358}}
{"target": -10.094827033270837, "params": {"C": 19023.896672386836, "gamma": 0.04342953692362948}, "datetime": {"datetime": "2021-06-22 10:32:04", "elapsed": 234.089256, "delta": 1.50951}}
{"target": -10.058374755683094, "params": {"C": 17628.084257586153, "gamma": 0.049701509268093344}, "datetime": {"datetime": "2021-06-22 10:32:06", "elapsed": 235.582672, "delta": 1.493416}}
{"target": -10.124194903202948, "params": {"C": 11953.858047787135, "gamma": 0.04427610016912219}, "datetime": {"datetime": "2021-06-22 10:32:07", "elapsed": 237.116181, "delta": 1.533509}}
{"target": -10.09939009069864, "params": {"C": 23939.63191464987, "gamma": 0.04342144412939871}, "datetime": {"datetime": "2021-06-22 10:32:09", "elapsed": 238.590115, "delta": 1.473934}}
{"target": -10.111720006801002, "params": {"C": 24872.78315507069, "gamma": 0.04130784725537548}, "datetime": {"datetime": "2021-06-22 10:32:10", "elapsed": 239.830012, "delta": 1.239897}}
{"target": -10.065995679356188, "params": {"C": 16697.23027980951, "gamma": 0.05240907879631903}, "datetime": {"datetime": "2021-06-22 10:32:11", "elapsed": 241.389724, "delta": 1.559712}}
{"target": -10.088776311681585, "params": {"C": 14563.325615026963, "gamma": 0.05639638496292941}, "datetime": {"datetime": "2021-06-22 10:32:13", "elapsed": 243.130411, "delta": 1.740687}}
{"target": -10.110714842783722, "params": {"C": 15307.357622234358, "gamma": 0.04071015889739861}, "datetime": {"datetime": "2021-06-22 10:32:15", "elapsed": 244.580937, "delta": 1.450526}}
{"target": -10.088797585489823, "params": {"C": 15242.142670908102, "gamma": 0.04454462764116932}, "datetime": {"datetime": "2021-06-22 10:32:16", "elapsed": 246.083999, "delta": 1.503062}}
{"target": -10.065524683215576, "params": {"C": 15172.404619332438, "gamma": 0.05273598905014935}, "datetime": {"datetime": "2021-06-22 10:32:18", "elapsed": 247.888687, "delta": 1.804688}}
{"target": -10.078347964765639, "params": {"C": 15021.014484697134, "gamma": 0.04683010553080781}, "datetime": {"datetime": "2021-06-22 10:32:19", "elapsed": 249.27896, "delta": 1.390273}}
{"target": -10.088499238798983, "params": {"C": 14805.929386701104, "gamma": 0.045340977837452986}, "datetime": {"datetime": "2021-06-22 10:32:21", "elapsed": 250.667104, "delta": 1.388144}}
{"target": -10.113659210051267, "params": {"C": 12903.180353199084, "gamma": 0.04388141457310519}, "datetime": {"datetime": "2021-06-22 10:32:22", "elapsed": 251.938513, "delta": 1.271409}}
{"target": -10.14982814797462, "params": {"C": 20822.315719508886, "gamma": 0.053606192955050175}, "datetime": {"datetime": "2021-06-22 10:32:23", "elapsed": 253.342664, "delta": 1.404151}}
{"target": -10.080533818125662, "params": {"C": 11879.63479710616, "gamma": 0.056600345783170206}, "datetime": {"datetime": "2021-06-22 10:32:25", "elapsed": 254.893407, "delta": 1.550743}}
{"target": -10.105184573906358, "params": {"C": 22083.00029361948, "gamma": 0.042197711003690824}, "datetime": {"datetime": "2021-06-22 10:32:27", "elapsed": 256.808497, "delta": 1.91509}}
{"target": -10.102491711223413, "params": {"C": 16836.69515573172, "gamma": 0.042190459471147766}, "datetime": {"datetime": "2021-06-22 10:32:28", "elapsed": 258.058311, "delta": 1.249814}}
{"target": -10.067839522197385, "params": {"C": 16767.89166522695, "gamma": 0.04769086140509414}, "datetime": {"datetime": "2021-06-22 10:32:29", "elapsed": 259.418906, "delta": 1.360595}}
{"target": -10.22958410435294, "params": {"C": 20410.860734884678, "gamma": 0.05776999308086082}, "datetime": {"datetime": "2021-06-22 10:32:31", "elapsed": 260.976505, "delta": 1.557599}}
{"target": -10.09868185955893, "params": {"C": 20484.448664605934, "gamma": 0.043106567014797856}, "datetime": {"datetime": "2021-06-22 10:32:33", "elapsed": 263.044199, "delta": 2.067694}}
{"target": -10.224017631011199, "params": {"C": 20343.94048973069, "gamma": 0.05761200248322463}, "datetime": {"datetime": "2021-06-22 10:32:35", "elapsed": 264.86981, "delta": 1.825611}}
{"target": -10.090979173730833, "params": {"C": 23026.99136958822, "gamma": 0.04504978557902259}, "datetime": {"datetime": "2021-06-22 10:32:36", "elapsed": 266.359632, "delta": 1.489822}}
{"target": -10.082566650213856, "params": {"C": 12154.252995890256, "gamma": 0.053852201687897866}, "datetime": {"datetime": "2021-06-22 10:32:38", "elapsed": 267.851105, "delta": 1.491473}}
{"target": -10.080704074351766, "params": {"C": 12833.266273688396, "gamma": 0.052490693270790936}, "datetime": {"datetime": "2021-06-22 10:32:40", "elapsed": 269.578803, "delta": 1.727698}}
{"target": -10.095203534800687, "params": {"C": 22460.71565798296, "gamma": 0.044147452415519775}, "datetime": {"datetime": "2021-06-22 10:32:41", "elapsed": 271.300489, "delta": 1.721686}}
{"target": -10.102121544629629, "params": {"C": 22701.64056113127, "gamma": 0.04290882344463652}, "datetime": {"datetime": "2021-06-22 10:32:43", "elapsed": 272.902271, "delta": 1.601782}}
{"target": -10.196490897160468, "params": {"C": 10576.217716811268, "gamma": 0.04006749027139471}, "datetime": {"datetime": "2021-06-22 10:32:44", "elapsed": 274.306383, "delta": 1.404112}}
{"target": -10.099482997365389, "params": {"C": 19473.755419493602, "gamma": 0.042862543019782276}, "datetime": {"datetime": "2021-06-22 10:32:47", "elapsed": 276.551189, "delta": 2.244806}}
{"target": -10.097925446394083, "params": {"C": 18770.03317412171, "gamma": 0.04307574833590263}, "datetime": {"datetime": "2021-06-22 10:32:48", "elapsed": 278.225754, "delta": 1.674565}}
{"target": -10.160371726576104, "params": {"C": 10880.87425631756, "gamma": 0.042815804676092764}, "datetime": {"datetime": "2021-06-22 10:32:50", "elapsed": 280.418125, "delta": 2.192371}}
{"target": -10.084641747221193, "params": {"C": 12973.112971119179, "gamma": 0.04939558904763006}, "datetime": {"datetime": "2021-06-22 10:32:52", "elapsed": 282.224014, "delta": 1.805889}}
{"target": -10.147620490616916, "params": {"C": 24946.50826407082, "gamma": 0.047958127402804016}, "datetime": {"datetime": "2021-06-22 10:32:54", "elapsed": 283.605424, "delta": 1.38141}}
{"target": -10.108476122358994, "params": {"C": 20261.601552929365, "gamma": 0.041758031400539054}, "datetime": {"datetime": "2021-06-22 10:32:55", "elapsed": 285.131825, "delta": 1.526401}}
{"target": -10.097157832632055, "params": {"C": 16556.862435034032, "gamma": 0.055429433793265696}, "datetime": {"datetime": "2021-06-22 10:32:56", "elapsed": 286.377639, "delta": 1.245814}}
{"target": -10.0698627126504, "params": {"C": 14734.945527536533, "gamma": 0.05394418854721028}, "datetime": {"datetime": "2021-06-22 10:32:58", "elapsed": 288.282267, "delta": 1.904628}}
{"target": -10.076850045683369, "params": {"C": 15083.616246721025, "gamma": 0.04703266942275964}, "datetime": {"datetime": "2021-06-22 10:33:00", "elapsed": 289.97047, "delta": 1.688203}}
{"target": -10.114133374335477, "params": {"C": 18384.548698678933, "gamma": 0.04088147314253469}, "datetime": {"datetime": "2021-06-22 10:33:01", "elapsed": 291.349441, "delta": 1.378971}}
{"target": -10.116646479769067, "params": {"C": 18442.13666625363, "gamma": 0.04050789497294232}, "datetime": {"datetime": "2021-06-22 10:33:03", "elapsed": 293.20553, "delta": 1.856089}}
{"target": -10.075602120337479, "params": {"C": 18511.81351575735, "gamma": 0.04699343645556757}, "datetime": {"datetime": "2021-06-22 10:33:05", "elapsed": 294.73109, "delta": 1.52556}}
{"target": -10.29840838302912, "params": {"C": 24012.84423387093, "gamma": 0.05617499614091373}, "datetime": {"datetime": "2021-06-22 10:33:06", "elapsed": 296.113694, "delta": 1.382604}}
{"target": -10.116984934086465, "params": {"C": 24079.631893693837, "gamma": 0.04027404999040762}, "datetime": {"datetime": "2021-06-22 10:33:09", "elapsed": 298.590624, "delta": 2.47693}}
{"target": -10.115582985041215, "params": {"C": 16411.165280503337, "gamma": 0.0401658468823193}, "datetime": {"datetime": "2021-06-22 10:33:10", "elapsed": 300.482013, "delta": 1.891389}}
{"target": -10.089697982420928, "params": {"C": 11732.298892872672, "gamma": 0.05066166095126747}, "datetime": {"datetime": "2021-06-22 10:33:12", "elapsed": 302.153368, "delta": 1.671355}}
{"target": -10.097827377910438, "params": {"C": 23294.797399517876, "gamma": 0.0460706872739004}, "datetime": {"datetime": "2021-06-22 10:33:14", "elapsed": 304.346019, "delta": 2.192651}}
{"target": -10.090622436967589, "params": {"C": 11584.526269669015, "gamma": 0.051108879059779885}, "datetime": {"datetime": "2021-06-22 10:33:16", "elapsed": 306.18905, "delta": 1.843031}}
{"target": -10.076440580658137, "params": {"C": 19301.87765709794, "gamma": 0.04704428321436619}, "datetime": {"datetime": "2021-06-22 10:33:18", "elapsed": 307.941528, "delta": 1.752478}}
{"target": -10.100762020973509, "params": {"C": 17543.84649466892, "gamma": 0.05481938618855299}, "datetime": {"datetime": "2021-06-22 10:33:20", "elapsed": 309.663296, "delta": 1.721768}}
{"target": -10.151377665411815, "params": {"C": 19851.85979369036, "gamma": 0.055188359979958246}, "datetime": {"datetime": "2021-06-22 10:33:22", "elapsed": 311.73355, "delta": 2.070254}}
{"target": -10.111838032939849, "params": {"C": 19927.69865017198, "gamma": 0.04135942400632481}, "datetime": {"datetime": "2021-06-22 10:33:23", "elapsed": 313.390065, "delta": 1.656515}}
{"target": -10.279170853620963, "params": {"C": 22893.08447506679, "gamma": 0.056863842197060616}, "datetime": {"datetime": "2021-06-22 10:33:25", "elapsed": 315.475992, "delta": 2.085927}}
{"target": -10.074076971639078, "params": {"C": 16635.81696716945, "gamma": 0.046287841507124006}, "datetime": {"datetime": "2021-06-22 10:33:27", "elapsed": 317.167152, "delta": 1.69116}}
{"target": -10.153428718676077, "params": {"C": 18336.404285322562, "gamma": 0.056980685589275305}, "datetime": {"datetime": "2021-06-22 10:33:29", "elapsed": 318.817262, "delta": 1.65011}}
{"target": -10.189994533379346, "params": {"C": 19134.42047938634, "gamma": 0.05759496006771407}, "datetime": {"datetime": "2021-06-22 10:33:31", "elapsed": 320.794209, "delta": 1.976947}}
{"target": -10.186815701161324, "params": {"C": 24174.853688590694, "gamma": 0.050704480814173954}, "datetime": {"datetime": "2021-06-22 10:33:33", "elapsed": 322.96705, "delta": 2.172841}}
{"target": -10.082999633183967, "params": {"C": 12700.678229870671, "gamma": 0.05150151130469274}, "datetime": {"datetime": "2021-06-22 10:33:35", "elapsed": 325.308477, "delta": 2.341427}}
{"target": -10.089441447266937, "params": {"C": 18285.68307483216, "gamma": 0.05336410711782427}, "datetime": {"datetime": "2021-06-22 10:33:38", "elapsed": 327.789029, "delta": 2.480552}}
{"target": -10.1127223538752, "params": {"C": 10307.852873088954, "gamma": 0.05498206509139551}, "datetime": {"datetime": "2021-06-22 10:33:40", "elapsed": 329.631951, "delta": 1.842922}}
{"target": -10.094025118840873, "params": {"C": 14954.005944332732, "gamma": 0.05677398893968899}, "datetime": {"datetime": "2021-06-22 10:33:42", "elapsed": 332.10507, "delta": 2.473119}}
{"target": -10.061972546368231, "params": {"C": 16206.166269470028, "gamma": 0.05075945829629163}, "datetime": {"datetime": "2021-06-22 10:33:44", "elapsed": 333.891488, "delta": 1.786418}}
{"target": -10.09060739939117, "params": {"C": 22113.233289653414, "gamma": 0.04492586058946973}, "datetime": {"datetime": "2021-06-22 10:33:45", "elapsed": 335.460399, "delta": 1.568911}}
{"target": -10.082150178232446, "params": {"C": 18607.323524156905, "gamma": 0.05244545557079778}, "datetime": {"datetime": "2021-06-22 10:33:48", "elapsed": 337.866459, "delta": 2.40606}}
