{"target": -18.44279064152075, "params": {"C": 46.623255374884906, "gamma": 0.01026020417027277}, "datetime": {"datetime": "2021-06-21 22:35:54", "elapsed": 15.00585, "delta": 0.451283}}
{"target": -18.187675852868153, "params": {"C": 46.89281486713069, "gamma": 0.04175232319550658}, "datetime": {"datetime": "2021-06-21 22:35:55", "elapsed": 15.368851, "delta": 0.363001}}
{"target": -18.12863521147943, "params": {"C": 47.12777347669886, "gamma": 0.013425017012884347}, "datetime": {"datetime": "2021-06-21 22:35:55", "elapsed": 15.794849, "delta": 0.425998}}
{"target": -18.466953384965933, "params": {"C": 43.79100196420397, "gamma": 0.043198168462585285}, "datetime": {"datetime": "2021-06-21 22:35:56", "elapsed": 16.126851, "delta": 0.332002}}
{"target": -18.403067992448598, "params": {"C": 47.30791996365206, "gamma": 0.049307593434909376}, "datetime": {"datetime": "2021-06-21 22:35:56", "elapsed": 16.51806, "delta": 0.391209}}
{"target": -18.258885487245582, "params": {"C": 43.893214115477384, "gamma": 0.014761655050410022}, "datetime": {"datetime": "2021-06-21 22:35:56", "elapsed": 16.900677, "delta": 0.382617}}
{"target": -17.848278901980134, "params": {"C": 47.5352923482348, "gamma": 0.022225044565823394}, "datetime": {"datetime": "2021-06-21 22:35:57", "elapsed": 17.309754, "delta": 0.409077}}
{"target": -18.398538856408138, "params": {"C": 47.685954523832386, "gamma": 0.05}, "datetime": {"datetime": "2021-06-21 22:35:57", "elapsed": 17.67977, "delta": 0.370016}}
{"target": -18.338064859423937, "params": {"C": 47.002513526175825, "gamma": 0.010982017671149966}, "datetime": {"datetime": "2021-06-21 22:35:58", "elapsed": 18.061726, "delta": 0.381956}}
{"target": -18.86455465054635, "params": {"C": 41.539529784600724, "gamma": 0.00945325392958847}, "datetime": {"datetime": "2021-06-21 22:35:58", "elapsed": 18.397764, "delta": 0.336038}}
{"target": -19.03900382471591, "params": {"C": 37.42906822399302, "gamma": 0.04414550945003444}, "datetime": {"datetime": "2021-06-21 22:35:58", "elapsed": 18.734726, "delta": 0.336962}}
{"target": -18.270001226033557, "params": {"C": 41.507486360928716, "gamma": 0.026528653920584913}, "datetime": {"datetime": "2021-06-21 22:35:59", "elapsed": 19.206761, "delta": 0.472035}}
{"target": -17.78841000224251, "params": {"C": 48.34846557179324, "gamma": 0.02488485014023857}, "datetime": {"datetime": "2021-06-21 22:35:59", "elapsed": 19.581729, "delta": 0.374968}}
{"target": -18.33363374262538, "params": {"C": 48.41209179754117, "gamma": 0.04960201028312807}, "datetime": {"datetime": "2021-06-21 22:35:59", "elapsed": 19.96772, "delta": 0.385991}}
{"target": -21.105085210590172, "params": {"C": 21.63217133175126, "gamma": 0.049910140907550964}, "datetime": {"datetime": "2021-06-21 22:36:00", "elapsed": 20.315725, "delta": 0.348005}}
{"target": -18.278411516654323, "params": {"C": 48.375243519836, "gamma": 0.04783633727771327}, "datetime": {"datetime": "2021-06-21 22:36:00", "elapsed": 20.758728, "delta": 0.443003}}
{"target": -18.648284163872905, "params": {"C": 41.532998802378906, "gamma": 0.04311665220012739}, "datetime": {"datetime": "2021-06-21 22:36:01", "elapsed": 21.241727, "delta": 0.482999}}
{"target": -17.83907789664319, "params": {"C": 47.576814220690004, "gamma": 0.023809524414674814}, "datetime": {"datetime": "2021-06-21 22:36:01", "elapsed": 21.745724, "delta": 0.503997}}
{"target": -19.22528226300079, "params": {"C": 36.929940942634865, "gamma": 0.048512882812744455}, "datetime": {"datetime": "2021-06-21 22:36:02", "elapsed": 22.103723, "delta": 0.357999}}
{"target": -18.360467693516057, "params": {"C": 47.56228683661851, "gamma": 0.048569894426615294}, "datetime": {"datetime": "2021-06-21 22:36:02", "elapsed": 22.574122, "delta": 0.470399}}
{"target": -19.015653618676293, "params": {"C": 32.44539528778814, "gamma": 0.022445586842802914}, "datetime": {"datetime": "2021-06-21 22:36:02", "elapsed": 22.981241, "delta": 0.407119}}
{"target": -18.369605217566512, "params": {"C": 41.038492285604086, "gamma": 0.017046108134800494}, "datetime": {"datetime": "2021-06-21 22:36:03", "elapsed": 23.33821, "delta": 0.356969}}
{"target": -18.538387830538912, "params": {"C": 48.43824518010472, "gamma": 0.009}, "datetime": {"datetime": "2021-06-21 22:36:03", "elapsed": 23.799247, "delta": 0.461037}}
{"target": -18.018217167061717, "params": {"C": 47.62768760389127, "gamma": 0.014880660901402379}, "datetime": {"datetime": "2021-06-21 22:36:04", "elapsed": 24.310206, "delta": 0.510959}}
{"target": -18.091427200716286, "params": {"C": 43.843943284026054, "gamma": 0.02422015978976336}, "datetime": {"datetime": "2021-06-21 22:36:04", "elapsed": 24.739206, "delta": 0.429}}
{"target": -18.458126548462186, "params": {"C": 45.04327251755453, "gamma": 0.04592132962598458}, "datetime": {"datetime": "2021-06-21 22:36:05", "elapsed": 25.119245, "delta": 0.380039}}
{"target": -18.302430991112594, "params": {"C": 48.26505785507592, "gamma": 0.010621818932458126}, "datetime": {"datetime": "2021-06-21 22:36:05", "elapsed": 25.639241, "delta": 0.519996}}
{"target": -18.52338510163578, "params": {"C": 40.662840132991434, "gamma": 0.036599492290666245}, "datetime": {"datetime": "2021-06-21 22:36:06", "elapsed": 26.013202, "delta": 0.373961}}
{"target": -18.22830134014495, "params": {"C": 47.069531697607594, "gamma": 0.01209216974293896}, "datetime": {"datetime": "2021-06-21 22:36:06", "elapsed": 26.502244, "delta": 0.489042}}
{"target": -17.933636030566344, "params": {"C": 46.941598923133576, "gamma": 0.03145579377642968}, "datetime": {"datetime": "2021-06-21 22:36:07", "elapsed": 27.045249, "delta": 0.543005}}
{"target": -18.4761358382285, "params": {"C": 45.0017337917566, "gamma": 0.010842800783238486}, "datetime": {"datetime": "2021-06-21 22:36:07", "elapsed": 27.496205, "delta": 0.450956}}
{"target": -18.225617843950168, "params": {"C": 45.12194356575155, "gamma": 0.013880377806304585}, "datetime": {"datetime": "2021-06-21 22:36:08", "elapsed": 28.024205, "delta": 0.528}}
{"target": -17.96896631161518, "params": {"C": 46.218259419551735, "gamma": 0.03047237594797722}, "datetime": {"datetime": "2021-06-21 22:36:08", "elapsed": 28.485202, "delta": 0.460997}}
{"target": -18.276120144718277, "params": {"C": 46.27796060418867, "gamma": 0.043161556662828955}, "datetime": {"datetime": "2021-06-21 22:36:09", "elapsed": 29.050822, "delta": 0.56562}}
{"target": -17.84692720586912, "params": {"C": 47.482114423982885, "gamma": 0.025796444256774555}, "datetime": {"datetime": "2021-06-21 22:36:09", "elapsed": 29.616819, "delta": 0.565997}}
{"target": -20.902833577003165, "params": {"C": 18.451284691415715, "gamma": 0.028718271325296425}, "datetime": {"datetime": "2021-06-21 22:36:09", "elapsed": 30.006817, "delta": 0.389998}}
{"target": -18.140707611805297, "params": {"C": 47.428694287750545, "gamma": 0.012971172633981731}, "datetime": {"datetime": "2021-06-21 22:36:10", "elapsed": 30.521784, "delta": 0.514967}}
{"target": -18.321441017316488, "params": {"C": 43.463357002683345, "gamma": 0.037433251408591245}, "datetime": {"datetime": "2021-06-21 22:36:11", "elapsed": 31.137781, "delta": 0.615997}}
{"target": -18.147233823231673, "params": {"C": 43.525244008243526, "gamma": 0.019268019484208393}, "datetime": {"datetime": "2021-06-21 22:36:11", "elapsed": 31.56578, "delta": 0.427999}}
{"target": -18.170470440857507, "params": {"C": 47.37355254825024, "gamma": 0.04232858000891608}, "datetime": {"datetime": "2021-06-21 22:36:12", "elapsed": 32.030817, "delta": 0.465037}}
{"target": -18.199734303844174, "params": {"C": 45.25290998346202, "gamma": 0.03800631674594395}, "datetime": {"datetime": "2021-06-21 22:36:12", "elapsed": 32.448783, "delta": 0.417966}}
{"target": -18.351074188743873, "params": {"C": 43.337531576506365, "gamma": 0.038152486721592146}, "datetime": {"datetime": "2021-06-21 22:36:12", "elapsed": 32.995787, "delta": 0.547004}}
{"target": -18.270659719899346, "params": {"C": 47.19025231796643, "gamma": 0.04502199272121479}, "datetime": {"datetime": "2021-06-21 22:36:13", "elapsed": 33.508781, "delta": 0.512994}}
{"target": -18.192035352132805, "params": {"C": 42.42608434044225, "gamma": 0.023252739704271067}, "datetime": {"datetime": "2021-06-21 22:36:13", "elapsed": 34.000786, "delta": 0.492005}}
{"target": -18.626727939823997, "params": {"C": 42.352967813077136, "gamma": 0.04460327695386221}, "datetime": {"datetime": "2021-06-21 22:36:14", "elapsed": 34.620803, "delta": 0.620017}}
{"target": -18.513098826620546, "params": {"C": 46.116728860155575, "gamma": 0.05}, "datetime": {"datetime": "2021-06-21 22:36:15", "elapsed": 35.425781, "delta": 0.804978}}
{"target": -18.092222494309897, "params": {"C": 47.24959871673295, "gamma": 0.013897850559598246}, "datetime": {"datetime": "2021-06-21 22:36:16", "elapsed": 36.020785, "delta": 0.595004}}
{"target": -18.632603826458066, "params": {"C": 42.57042038928085, "gamma": 0.045363255891885716}, "datetime": {"datetime": "2021-06-21 22:36:16", "elapsed": 36.626782, "delta": 0.605997}}
{"target": -19.21342153730315, "params": {"C": 37.355211556864774, "gamma": 0.009}, "datetime": {"datetime": "2021-06-21 22:36:17", "elapsed": 37.186784, "delta": 0.560002}}
{"target": -18.71967793118711, "params": {"C": 43.14035697970894, "gamma": 0.04938590368579123}, "datetime": {"datetime": "2021-06-21 22:36:17", "elapsed": 37.613781, "delta": 0.426997}}
{"target": -18.36498834978899, "params": {"C": 43.654167202038586, "gamma": 0.013132544917740678}, "datetime": {"datetime": "2021-06-21 22:36:18", "elapsed": 38.15578, "delta": 0.541999}}
{"target": -18.578582159336417, "params": {"C": 43.01828801394942, "gamma": 0.0448011897857605}, "datetime": {"datetime": "2021-06-21 22:36:18", "elapsed": 38.703784, "delta": 0.548004}}
{"target": -17.93070733224466, "params": {"C": 46.444755189076176, "gamma": 0.02822437318607325}, "datetime": {"datetime": "2021-06-21 22:36:19", "elapsed": 39.305789, "delta": 0.602005}}
{"target": -17.918330439290123, "params": {"C": 46.51026205266846, "gamma": 0.02176111899397762}, "datetime": {"datetime": "2021-06-21 22:36:19", "elapsed": 39.917782, "delta": 0.611993}}
{"target": -18.145142219177217, "params": {"C": 46.555089208731765, "gamma": 0.03953592239978281}, "datetime": {"datetime": "2021-06-21 22:36:20", "elapsed": 40.558777, "delta": 0.640995}}
{"target": -18.372464080009376, "params": {"C": 40.962605512936136, "gamma": 0.031219794746314103}, "datetime": {"datetime": "2021-06-21 22:36:21", "elapsed": 41.068784, "delta": 0.510007}}
{"target": -17.923118452921084, "params": {"C": 48.55680187639914, "gamma": 0.03637857771810071}, "datetime": {"datetime": "2021-06-21 22:36:21", "elapsed": 41.665819, "delta": 0.597035}}
{"target": -18.047455037907056, "params": {"C": 48.61946994003043, "gamma": 0.04116704240162423}, "datetime": {"datetime": "2021-06-21 22:36:22", "elapsed": 42.298781, "delta": 0.632962}}
{"target": -18.216060815967285, "params": {"C": 48.68593077637524, "gamma": 0.01118806124476853}, "datetime": {"datetime": "2021-06-21 22:36:22", "elapsed": 42.929782, "delta": 0.631001}}
{"target": -18.20618558476423, "params": {"C": 48.74417131581223, "gamma": 0.046422519030962346}, "datetime": {"datetime": "2021-06-21 22:36:23", "elapsed": 43.485782, "delta": 0.556}}
{"target": -18.518538177759265, "params": {"C": 48.80711648172282, "gamma": 0.009}, "datetime": {"datetime": "2021-06-21 22:36:24", "elapsed": 44.121778, "delta": 0.635996}}
{"target": -18.357559590647664, "params": {"C": 42.843689616026744, "gamma": 0.03696883342980356}, "datetime": {"datetime": "2021-06-21 22:36:24", "elapsed": 44.677781, "delta": 0.556003}}
{"target": -18.376895611933648, "params": {"C": 46.821340749060205, "gamma": 0.01072459080234472}, "datetime": {"datetime": "2021-06-21 22:36:25", "elapsed": 45.203824, "delta": 0.526043}}
{"target": -18.53202155566487, "params": {"C": 46.73087506233313, "gamma": 0.009616341334299798}, "datetime": {"datetime": "2021-06-21 22:36:25", "elapsed": 45.794824, "delta": 0.591}}
{"target": -18.843351006003807, "params": {"C": 41.11497998404738, "gamma": 0.04811147677399089}, "datetime": {"datetime": "2021-06-21 22:36:26", "elapsed": 46.439777, "delta": 0.644953}}
{"target": -18.68598252127626, "params": {"C": 42.183402774275244, "gamma": 0.04603358349701174}, "datetime": {"datetime": "2021-06-21 22:36:26", "elapsed": 46.993819, "delta": 0.554042}}
{"target": -18.399481145729354, "params": {"C": 40.8784735641403, "gamma": 0.01642875863122209}, "datetime": {"datetime": "2021-06-21 22:36:27", "elapsed": 47.686778, "delta": 0.692959}}
{"target": -18.36582429575141, "params": {"C": 40.78005763771563, "gamma": 0.029818044045093216}, "datetime": {"datetime": "2021-06-21 22:36:28", "elapsed": 48.301782, "delta": 0.615004}}
{"target": -17.946415696863134, "params": {"C": 46.00193208188784, "gamma": 0.022675622315632936}, "datetime": {"datetime": "2021-06-21 22:36:28", "elapsed": 48.901782, "delta": 0.6}}
{"target": -18.197416361063603, "params": {"C": 46.04687903391624, "gamma": 0.040037202033087096}, "datetime": {"datetime": "2021-06-21 22:36:29", "elapsed": 49.705784, "delta": 0.804002}}
{"target": -18.18645444010341, "params": {"C": 44.514687864622665, "gamma": 0.03533968780798484}, "datetime": {"datetime": "2021-06-21 22:36:30", "elapsed": 50.291785, "delta": 0.586001}}
{"target": -17.838445506707178, "params": {"C": 47.776445101741544, "gamma": 0.021508266974936026}, "datetime": {"datetime": "2021-06-21 22:36:30", "elapsed": 50.895781, "delta": 0.603996}}
{"target": -17.839947417812223, "params": {"C": 47.838847635599706, "gamma": 0.028618352962111862}, "datetime": {"datetime": "2021-06-21 22:36:31", "elapsed": 51.579788, "delta": 0.684007}}
{"target": -18.30277762332766, "params": {"C": 47.9092994924848, "gamma": 0.010806111878562993}, "datetime": {"datetime": "2021-06-21 22:36:32", "elapsed": 52.195783, "delta": 0.615995}}
{"target": -18.11457456029931, "params": {"C": 47.99465268735705, "gamma": 0.04195704264826511}, "datetime": {"datetime": "2021-06-21 22:36:32", "elapsed": 52.931825, "delta": 0.736042}}
{"target": -18.336306574460124, "params": {"C": 48.05268352955026, "gamma": 0.01044094807796333}, "datetime": {"datetime": "2021-06-21 22:36:33", "elapsed": 53.49378, "delta": 0.561955}}
{"target": -18.775256007103707, "params": {"C": 40.56761711422425, "gamma": 0.010768680596490882}, "datetime": {"datetime": "2021-06-21 22:36:34", "elapsed": 54.13978, "delta": 0.646}}
{"target": -17.988550619379094, "params": {"C": 45.79013112619199, "gamma": 0.029593453251407366}, "datetime": {"datetime": "2021-06-21 22:36:34", "elapsed": 54.729781, "delta": 0.590001}}
{"target": -18.05059924479423, "params": {"C": 45.72539260772128, "gamma": 0.01712372890669446}, "datetime": {"datetime": "2021-06-21 22:36:35", "elapsed": 55.332777, "delta": 0.602996}}
{"target": -20.323595452339784, "params": {"C": 24.462500201684442, "gamma": 0.00952831672772596}, "datetime": {"datetime": "2021-06-21 22:36:35", "elapsed": 55.803781, "delta": 0.471004}}
{"target": -18.262256193898406, "params": {"C": 48.90801550787709, "gamma": 0.048489381976976}, "datetime": {"datetime": "2021-06-21 22:36:36", "elapsed": 56.379823, "delta": 0.576042}}
{"target": -17.90862715866664, "params": {"C": 48.98102643071925, "gamma": 0.015516561504980094}, "datetime": {"datetime": "2021-06-21 22:36:37", "elapsed": 57.041782, "delta": 0.661959}}
{"target": -17.939330611634407, "params": {"C": 49.03535751291685, "gamma": 0.03825060775898052}, "datetime": {"datetime": "2021-06-21 22:36:37", "elapsed": 57.869786, "delta": 0.828004}}
{"target": -17.73979521449086, "params": {"C": 49.11040054732317, "gamma": 0.024121124059148333}, "datetime": {"datetime": "2021-06-21 22:36:38", "elapsed": 58.406782, "delta": 0.536996}}
{"target": -18.104713466167635, "params": {"C": 49.171083426199125, "gamma": 0.04421796780244862}, "datetime": {"datetime": "2021-06-21 22:36:39", "elapsed": 59.032782, "delta": 0.626}}
{"target": -18.10967733240373, "params": {"C": 49.24133538812475, "gamma": 0.012001707250996538}, "datetime": {"datetime": "2021-06-21 22:36:39", "elapsed": 59.721825, "delta": 0.689043}}
{"target": -17.727577206991445, "params": {"C": 49.32220770036432, "gamma": 0.023596334498599273}, "datetime": {"datetime": "2021-06-21 22:36:40", "elapsed": 60.314822, "delta": 0.592997}}
{"target": -17.7620559421859, "params": {"C": 49.38879305717809, "gamma": 0.01966754943252065}, "datetime": {"datetime": "2021-06-21 22:36:40", "elapsed": 60.955567, "delta": 0.640745}}
{"target": -18.201722104224363, "params": {"C": 49.45466915117173, "gamma": 0.04780305966718227}, "datetime": {"datetime": "2021-06-21 22:36:41", "elapsed": 61.824769, "delta": 0.869202}}
{"target": -18.35009024074373, "params": {"C": 49.52925644833108, "gamma": 0.009794633118258254}, "datetime": {"datetime": "2021-06-21 22:36:42", "elapsed": 62.409769, "delta": 0.585}}
{"target": -18.183011568845675, "params": {"C": 49.355641283299335, "gamma": 0.04701869066802769}, "datetime": {"datetime": "2021-06-21 22:36:43", "elapsed": 63.156706, "delta": 0.746937}}
{"target": -18.004392493758925, "params": {"C": 49.623245869181495, "gamma": 0.042020778966847805}, "datetime": {"datetime": "2021-06-21 22:36:43", "elapsed": 63.795501, "delta": 0.638795}}
{"target": -17.731439097959747, "params": {"C": 49.69716776397259, "gamma": 0.029700521919456997}, "datetime": {"datetime": "2021-06-21 22:36:44", "elapsed": 64.576501, "delta": 0.781}}
{"target": -18.46773210734066, "params": {"C": 49.762306606939205, "gamma": 0.009}, "datetime": {"datetime": "2021-06-21 22:36:45", "elapsed": 65.259651, "delta": 0.68315}}
{"target": -18.10878628747559, "params": {"C": 45.47140148708494, "gamma": 0.01587362043656297}, "datetime": {"datetime": "2021-06-21 22:36:45", "elapsed": 65.990694, "delta": 0.731043}}
{"target": -18.489265535504824, "params": {"C": 45.54024364658248, "gamma": 0.0479826701125101}, "datetime": {"datetime": "2021-06-21 22:36:46", "elapsed": 66.7941, "delta": 0.803406}}
{"target": -17.818100934758508, "params": {"C": 49.90999748426802, "gamma": 0.03569148837282981}, "datetime": {"datetime": "2021-06-21 22:36:47", "elapsed": 67.465056, "delta": 0.670956}}
{"target": -18.22348528470791, "params": {"C": 49.97708471843741, "gamma": 0.049579085080283095}, "datetime": {"datetime": "2021-06-21 22:36:48", "elapsed": 68.151058, "delta": 0.686002}}
{"target": -18.175452947482697, "params": {"C": 49.83705920755593, "gamma": 0.0478078311615289}, "datetime": {"datetime": "2021-06-21 22:36:48", "elapsed": 68.84406, "delta": 0.693002}}
{"target": -22.380593408885275, "params": {"C": 12.305748437158513, "gamma": 0.03285328016044137}, "datetime": {"datetime": "2021-06-21 22:36:49", "elapsed": 69.592058, "delta": 0.747998}}
{"target": -19.43181858441697, "params": {"C": 30.616677924313464, "gamma": 0.03477906902423136}, "datetime": {"datetime": "2021-06-21 22:36:50", "elapsed": 70.243097, "delta": 0.651039}}
{"target": -18.60808607708245, "params": {"C": 38.91786270465628, "gamma": 0.01466215171369548}, "datetime": {"datetime": "2021-06-21 22:36:51", "elapsed": 71.140096, "delta": 0.896999}}
{"target": -18.50018596539958, "params": {"C": 38.78952412842327, "gamma": 0.018629013805724643}, "datetime": {"datetime": "2021-06-21 22:36:52", "elapsed": 72.01106, "delta": 0.870964}}
{"target": -18.748882159524502, "params": {"C": 38.6785330167375, "gamma": 0.03846338673699347}, "datetime": {"datetime": "2021-06-21 22:36:52", "elapsed": 72.8191, "delta": 0.80804}}
{"target": -18.784450865886175, "params": {"C": 39.04281218006826, "gamma": 0.04065610061830769}, "datetime": {"datetime": "2021-06-21 22:36:53", "elapsed": 73.869059, "delta": 1.049959}}
{"target": -18.422555244816934, "params": {"C": 49.65729258008501, "gamma": 0.009299000228230657}, "datetime": {"datetime": "2021-06-21 22:36:54", "elapsed": 74.561057, "delta": 0.691998}}
{"target": -19.16949340334357, "params": {"C": 35.2911869182713, "gamma": 0.04197303997773422}, "datetime": {"datetime": "2021-06-21 22:36:55", "elapsed": 75.329106, "delta": 0.768049}}
{"target": -21.42366521504401, "params": {"C": 19.686060455768498, "gamma": 0.05}, "datetime": {"datetime": "2021-06-21 22:36:56", "elapsed": 76.098059, "delta": 0.768953}}
{"target": -20.370325046342185, "params": {"C": 25.37776384825012, "gamma": 0.04445813884478138}, "datetime": {"datetime": "2021-06-21 22:36:56", "elapsed": 76.649099, "delta": 0.55104}}
{"target": -18.85328151738594, "params": {"C": 38.49012991892989, "gamma": 0.04130091117202656}, "datetime": {"datetime": "2021-06-21 22:36:57", "elapsed": 77.43506, "delta": 0.785961}}
{"target": -18.28108552341965, "params": {"C": 49.27762361266144, "gamma": 0.049857728414117695}, "datetime": {"datetime": "2021-06-21 22:36:58", "elapsed": 78.214988, "delta": 0.779928}}
{"target": -18.45042607240873, "params": {"C": 39.34305709654094, "gamma": 0.019109234740589093}, "datetime": {"datetime": "2021-06-21 22:36:59", "elapsed": 79.013404, "delta": 0.798416}}
{"target": -19.02411329010136, "params": {"C": 39.444447844404166, "gamma": 0.04925126740236301}, "datetime": {"datetime": "2021-06-21 22:36:59", "elapsed": 79.913438, "delta": 0.900034}}
{"target": -18.709776289909904, "params": {"C": 39.23850736381057, "gamma": 0.03878360044882975}, "datetime": {"datetime": "2021-06-21 22:37:00", "elapsed": 80.863439, "delta": 0.950001}}
{"target": -19.990819419106714, "params": {"C": 23.499575054361827, "gamma": 0.021741150614786958}, "datetime": {"datetime": "2021-06-21 22:37:01", "elapsed": 81.809438, "delta": 0.945999}}
{"target": -18.94968230480912, "params": {"C": 33.58172957371669, "gamma": 0.01723891983344989}, "datetime": {"datetime": "2021-06-21 22:37:02", "elapsed": 82.778395, "delta": 0.968957}}
{"target": -19.708754683997256, "params": {"C": 29.380231996738416, "gamma": 0.01035282606256067}, "datetime": {"datetime": "2021-06-21 22:37:03", "elapsed": 83.659504, "delta": 0.881109}}
