{"target": -15.73095994173482, "params": {"C": 129.14688133433359, "gamma": 0.010622342001204257}, "datetime": {"datetime": "2021-06-21 23:23:41", "elapsed": 447.941552, "delta": 3.892727}}
{"target": -14.097145302375862, "params": {"C": 188.7311927117656, "gamma": 0.048401208983691456}, "datetime": {"datetime": "2021-06-21 23:23:43", "elapsed": 450.241714, "delta": 2.300162}}
{"target": -15.217593646616379, "params": {"C": 126.59504997707357, "gamma": 0.05}, "datetime": {"datetime": "2021-06-21 23:23:45", "elapsed": 452.613865, "delta": 2.372151}}
{"target": -15.782764599474069, "params": {"C": 125.09466812659062, "gamma": 0.01077897866112566}, "datetime": {"datetime": "2021-06-21 23:23:49", "elapsed": 456.203088, "delta": 3.589223}}
{"target": -14.03023238124124, "params": {"C": 180.65824945397878, "gamma": 0.03954727452844412}, "datetime": {"datetime": "2021-06-21 23:23:52", "elapsed": 459.4287, "delta": 3.225612}}
{"target": -14.096794165853865, "params": {"C": 189.62557083340363, "gamma": 0.048908595378330644}, "datetime": {"datetime": "2021-06-21 23:23:55", "elapsed": 462.540981, "delta": 3.112281}}
{"target": -15.327340192992809, "params": {"C": 115.11740223554949, "gamma": 0.018436674234003792}, "datetime": {"datetime": "2021-06-21 23:23:58", "elapsed": 465.809693, "delta": 3.268712}}
{"target": -15.164902252194757, "params": {"C": 126.1226552881462, "gamma": 0.047490009074897255}, "datetime": {"datetime": "2021-06-21 23:24:01", "elapsed": 468.792341, "delta": 2.982648}}
{"target": -14.865774136808053, "params": {"C": 185.8178246300696, "gamma": 0.0106237636539205}, "datetime": {"datetime": "2021-06-21 23:24:05", "elapsed": 472.022061, "delta": 3.22972}}
{"target": -15.534820608601354, "params": {"C": 141.38645556635868, "gamma": 0.010481396042344326}, "datetime": {"datetime": "2021-06-21 23:24:08", "elapsed": 475.436639, "delta": 3.414578}}
{"target": -15.260257416019481, "params": {"C": 115.93177000383078, "gamma": 0.019713601046940595}, "datetime": {"datetime": "2021-06-21 23:24:09", "elapsed": 476.704631, "delta": 1.267992}}
{"target": -15.355690448722312, "params": {"C": 115.6311387624672, "gamma": 0.04522021091504613}, "datetime": {"datetime": "2021-06-21 23:24:12", "elapsed": 479.302829, "delta": 2.598198}}
{"target": -14.440631797320211, "params": {"C": 164.44192630443672, "gamma": 0.04790429732627933}, "datetime": {"datetime": "2021-06-21 23:24:15", "elapsed": 482.805335, "delta": 3.502506}}
{"target": -15.542726575507853, "params": {"C": 153.9220975975776, "gamma": 0.009371970171927669}, "datetime": {"datetime": "2021-06-21 23:24:19", "elapsed": 486.094868, "delta": 3.289533}}
{"target": -14.543640860085238, "params": {"C": 154.28159109200146, "gamma": 0.04496919215214506}, "datetime": {"datetime": "2021-06-21 23:24:22", "elapsed": 489.001561, "delta": 2.906693}}
{"target": -14.359958518244046, "params": {"C": 167.4587257100207, "gamma": 0.046358477061116815}, "datetime": {"datetime": "2021-06-21 23:24:25", "elapsed": 492.731677, "delta": 3.730116}}
{"target": -14.3710858538592, "params": {"C": 167.76658960540212, "gamma": 0.04710299511407378}, "datetime": {"datetime": "2021-06-21 23:24:29", "elapsed": 495.954686, "delta": 3.223009}}
{"target": -15.12204605926466, "params": {"C": 151.32644115632286, "gamma": 0.012071947696594258}, "datetime": {"datetime": "2021-06-21 23:24:32", "elapsed": 498.846987, "delta": 2.892301}}
{"target": -15.667184442062956, "params": {"C": 151.001886053902, "gamma": 0.009}, "datetime": {"datetime": "2021-06-21 23:24:34", "elapsed": 501.418986, "delta": 2.571999}}
{"target": -14.192101993557857, "params": {"C": 197.6338049918839, "gamma": 0.015243514860887871}, "datetime": {"datetime": "2021-06-21 23:24:38", "elapsed": 505.748989, "delta": 4.330003}}
{"target": -14.004037877427397, "params": {"C": 197.49780344691737, "gamma": 0.049220947221950105}, "datetime": {"datetime": "2021-06-21 23:24:40", "elapsed": 507.024131, "delta": 1.275142}}
{"target": -15.521166171938788, "params": {"C": 158.00543494035765, "gamma": 0.00918156939174876}, "datetime": {"datetime": "2021-06-21 23:24:42", "elapsed": 509.710825, "delta": 2.686694}}
{"target": -14.478213566978543, "params": {"C": 157.68358921814706, "gamma": 0.044596533123893424}, "datetime": {"datetime": "2021-06-21 23:24:47", "elapsed": 514.173918, "delta": 4.463093}}
{"target": -14.11776222013293, "params": {"C": 186.47140126370124, "gamma": 0.0479951636920919}, "datetime": {"datetime": "2021-06-21 23:24:50", "elapsed": 516.934149, "delta": 2.760231}}
{"target": -14.26646286941626, "params": {"C": 198.84338184894267, "gamma": 0.0141721341502756}, "datetime": {"datetime": "2021-06-21 23:24:52", "elapsed": 519.58804, "delta": 2.653891}}
{"target": -16.104369690349404, "params": {"C": 125.55847704693035, "gamma": 0.009}, "datetime": {"datetime": "2021-06-21 23:24:56", "elapsed": 523.303644, "delta": 3.715604}}
{"target": -14.523214011775467, "params": {"C": 157.1480753221556, "gamma": 0.046241048999295785}, "datetime": {"datetime": "2021-06-21 23:25:00", "elapsed": 527.339186, "delta": 4.035542}}
{"target": -15.430444325720751, "params": {"C": 105.20441933849375, "gamma": 0.02532142407966271}, "datetime": {"datetime": "2021-06-21 23:25:01", "elapsed": 528.665227, "delta": 1.326041}}
{"target": -15.233337687491305, "params": {"C": 121.22185937995799, "gamma": 0.017555018092633656}, "datetime": {"datetime": "2021-06-21 23:25:04", "elapsed": 531.394273, "delta": 2.729046}}
{"target": -13.978038068543954, "params": {"C": 189.8581012241474, "gamma": 0.04339494211040596}, "datetime": {"datetime": "2021-06-21 23:25:07", "elapsed": 534.302514, "delta": 2.908241}}
{"target": -15.31505901679268, "params": {"C": 116.65058699760513, "gamma": 0.04456962682716207}, "datetime": {"datetime": "2021-06-21 23:25:12", "elapsed": 539.30868, "delta": 5.006166}}
{"target": -14.158557482223541, "params": {"C": 179.05316908163195, "gamma": 0.044957180707175644}, "datetime": {"datetime": "2021-06-21 23:25:17", "elapsed": 544.369511, "delta": 5.060831}}
{"target": -15.437112680445367, "params": {"C": 112.55444275752149, "gamma": 0.045221767835910844}, "datetime": {"datetime": "2021-06-21 23:25:20", "elapsed": 547.128257, "delta": 2.758746}}
{"target": -14.47713564522141, "params": {"C": 173.3385938219031, "gamma": 0.015500243340472309}, "datetime": {"datetime": "2021-06-21 23:25:23", "elapsed": 550.724878, "delta": 3.596621}}
{"target": -14.495664906236904, "params": {"C": 163.9339036891647, "gamma": 0.05}, "datetime": {"datetime": "2021-06-21 23:25:28", "elapsed": 555.14021, "delta": 4.415332}}
{"target": -13.335795417207644, "params": {"C": 241.64390267072767, "gamma": 0.03853330423112848}, "datetime": {"datetime": "2021-06-21 23:30:16", "elapsed": 0.0, "delta": 0.0}}
{"target": -13.843593843096732, "params": {"C": 199.91144891921624, "gamma": 0.02139563547790543}, "datetime": {"datetime": "2021-06-21 23:30:16", "elapsed": 0.196998, "delta": 0.196998}}
{"target": -14.229076491123344, "params": {"C": 214.59026467079303, "gamma": 0.01278588238552071}, "datetime": {"datetime": "2021-06-21 23:30:16", "elapsed": 0.398002, "delta": 0.201004}}
{"target": -13.591573506931462, "params": {"C": 218.54464715890487, "gamma": 0.023167989808764958}, "datetime": {"datetime": "2021-06-21 23:30:16", "elapsed": 0.601001, "delta": 0.202999}}
{"target": -13.304612555729642, "params": {"C": 239.61642417049006, "gamma": 0.031091486094137637}, "datetime": {"datetime": "2021-06-21 23:30:16", "elapsed": 0.793004, "delta": 0.192003}}
{"target": -13.316491443707184, "params": {"C": 241.8613708917698, "gamma": 0.03709399951626714}, "datetime": {"datetime": "2021-06-21 23:30:17", "elapsed": 0.995001, "delta": 0.201997}}
{"target": -13.650283384542025, "params": {"C": 220.3656701981249, "gamma": 0.045002814892028765}, "datetime": {"datetime": "2021-06-21 23:30:17", "elapsed": 1.186002, "delta": 0.191001}}
{"target": -13.69397682711542, "params": {"C": 202.6414980791124, "gamma": 0.03648916791731449}, "datetime": {"datetime": "2021-06-21 23:30:17", "elapsed": 1.382, "delta": 0.195998}}
{"target": -13.286980769616255, "params": {"C": 241.67221071694942, "gamma": 0.03190628296627582}, "datetime": {"datetime": "2021-06-21 23:30:17", "elapsed": 1.57, "delta": 0.188}}
{"target": -13.882598221215572, "params": {"C": 213.9527325533829, "gamma": 0.01712216105248003}, "datetime": {"datetime": "2021-06-21 23:30:17", "elapsed": 1.757001, "delta": 0.187001}}
{"target": -13.193009722416402, "params": {"C": 280.0545313244212, "gamma": 0.0486987246044953}, "datetime": {"datetime": "2021-06-21 23:30:17", "elapsed": 1.945004, "delta": 0.188003}}
{"target": -13.415011145948307, "params": {"C": 231.2737602337402, "gamma": 0.03738522724244188}, "datetime": {"datetime": "2021-06-21 23:30:18", "elapsed": 2.154002, "delta": 0.208998}}
{"target": -13.08594246400164, "params": {"C": 287.62655414483345, "gamma": 0.045678873203657745}, "datetime": {"datetime": "2021-06-21 23:30:18", "elapsed": 2.356998, "delta": 0.202996}}
{"target": -14.602453783260314, "params": {"C": 208.41292555811478, "gamma": 0.010601246112548176}, "datetime": {"datetime": "2021-06-21 23:30:18", "elapsed": 2.561004, "delta": 0.204006}}
{"target": -13.687571973260578, "params": {"C": 216.90002499841336, "gamma": 0.04500384264060594}, "datetime": {"datetime": "2021-06-21 23:30:18", "elapsed": 2.763003, "delta": 0.201999}}
{"target": -13.630222977616002, "params": {"C": 209.74451806668833, "gamma": 0.026265412625207138}, "datetime": {"datetime": "2021-06-21 23:30:19", "elapsed": 2.965001, "delta": 0.201998}}
{"target": -12.893225294371172, "params": {"C": 295.78474196806525, "gamma": 0.030859776683893697}, "datetime": {"datetime": "2021-06-21 23:30:19", "elapsed": 3.176, "delta": 0.210999}}
{"target": -13.195318240478905, "params": {"C": 269.1568991064424, "gamma": 0.02193614087124858}, "datetime": {"datetime": "2021-06-21 23:30:19", "elapsed": 3.379004, "delta": 0.203004}}
{"target": -13.184519060049793, "params": {"C": 268.61874286092655, "gamma": 0.043219652547792295}, "datetime": {"datetime": "2021-06-21 23:30:19", "elapsed": 3.574003, "delta": 0.194999}}
{"target": -13.758499237780903, "params": {"C": 201.7306565621536, "gamma": 0.03975591691274367}, "datetime": {"datetime": "2021-06-21 23:30:19", "elapsed": 3.765002, "delta": 0.190999}}
{"target": -12.936960844524915, "params": {"C": 294.82941402284695, "gamma": 0.026491438464481806}, "datetime": {"datetime": "2021-06-21 23:30:20", "elapsed": 4.119001, "delta": 0.353999}}
{"target": -13.053136741224169, "params": {"C": 296.8487184764102, "gamma": 0.020819557246158013}, "datetime": {"datetime": "2021-06-21 23:30:20", "elapsed": 4.477001, "delta": 0.358}}
{"target": -14.169652435255598, "params": {"C": 293.69036395681997, "gamma": 0.009}, "datetime": {"datetime": "2021-06-21 23:30:20", "elapsed": 4.770003, "delta": 0.293002}}
{"target": -13.288924102088462, "params": {"C": 286.4738243229282, "gamma": 0.016924352315091873}, "datetime": {"datetime": "2021-06-21 23:30:21", "elapsed": 5.135001, "delta": 0.364998}}
{"target": -14.20527617038073, "params": {"C": 288.8239654961467, "gamma": 0.009}, "datetime": {"datetime": "2021-06-21 23:30:21", "elapsed": 5.497, "delta": 0.361999}}
{"target": -13.025275914070209, "params": {"C": 298.02844847756285, "gamma": 0.021481358789221253}, "datetime": {"datetime": "2021-06-21 23:30:21", "elapsed": 5.888002, "delta": 0.391002}}
{"target": -13.010041096601894, "params": {"C": 299.18681142549866, "gamma": 0.04572401687606549}, "datetime": {"datetime": "2021-06-21 23:30:22", "elapsed": 6.276, "delta": 0.387998}}
{"target": -13.08489085011028, "params": {"C": 281.3853699571613, "gamma": 0.04274245849825858}, "datetime": {"datetime": "2021-06-21 23:30:22", "elapsed": 6.666001, "delta": 0.390001}}
{"target": -13.06326119538921, "params": {"C": 282.6319536296635, "gamma": 0.023631468737516148}, "datetime": {"datetime": "2021-06-21 23:30:23", "elapsed": 6.99, "delta": 0.323999}}
{"target": -12.984962946351661, "params": {"C": 283.9011924257855, "gamma": 0.03619239942876369}, "datetime": {"datetime": "2021-06-21 23:30:23", "elapsed": 7.3, "delta": 0.31}}
{"target": -13.18317193692592, "params": {"C": 285.0375065030784, "gamma": 0.05}, "datetime": {"datetime": "2021-06-21 23:30:23", "elapsed": 7.671001, "delta": 0.371001}}
{"target": -13.114279375796848, "params": {"C": 278.53161983379863, "gamma": 0.022582457294890994}, "datetime": {"datetime": "2021-06-21 23:30:24", "elapsed": 8.025001, "delta": 0.354}}
{"target": -13.195789494370427, "params": {"C": 277.1477866510445, "gamma": 0.04772856297084751}, "datetime": {"datetime": "2021-06-21 23:30:24", "elapsed": 8.379001, "delta": 0.354}}
{"target": -13.329814174857649, "params": {"C": 275.5840430179612, "gamma": 0.017508111140086498}, "datetime": {"datetime": "2021-06-21 23:30:24", "elapsed": 8.706347, "delta": 0.327346}}
{"target": -13.248689790436185, "params": {"C": 266.9207224035821, "gamma": 0.04633022113819038}, "datetime": {"datetime": "2021-06-21 23:30:25", "elapsed": 9.06231, "delta": 0.355963}}
{"target": -13.155266035289905, "params": {"C": 265.2549793273844, "gamma": 0.024653688390250776}, "datetime": {"datetime": "2021-06-21 23:30:25", "elapsed": 9.427347, "delta": 0.365037}}
{"target": -13.240603138959747, "params": {"C": 263.7644530993821, "gamma": 0.04437019366537304}, "datetime": {"datetime": "2021-06-21 23:30:25", "elapsed": 9.827302, "delta": 0.399955}}
{"target": -13.61762364606752, "params": {"C": 262.0549119159398, "gamma": 0.014671901889426952}, "datetime": {"datetime": "2021-06-21 23:30:26", "elapsed": 10.159348, "delta": 0.332046}}
{"target": -13.98583397697527, "params": {"C": 270.91747558208135, "gamma": 0.01078873955583922}, "datetime": {"datetime": "2021-06-21 23:30:26", "elapsed": 10.531346, "delta": 0.371998}}
{"target": -13.393662962394107, "params": {"C": 237.91101222951903, "gamma": 0.04032417322659721}, "datetime": {"datetime": "2021-06-21 23:30:26", "elapsed": 10.895353, "delta": 0.364007}}
{"target": -13.9885258561495, "params": {"C": 235.49583879086106, "gamma": 0.013132169503103577}, "datetime": {"datetime": "2021-06-21 23:30:27", "elapsed": 11.253352, "delta": 0.357999}}
{"target": -13.567318225999195, "params": {"C": 228.85551184428493, "gamma": 0.04523187306355169}, "datetime": {"datetime": "2021-06-21 23:30:27", "elapsed": 11.667738, "delta": 0.414386}}
{"target": -13.264242082790956, "params": {"C": 273.8121498759192, "gamma": 0.05}, "datetime": {"datetime": "2021-06-21 23:30:28", "elapsed": 12.111175, "delta": 0.443437}}
{"target": -13.199540583087154, "params": {"C": 252.27741690401623, "gamma": 0.029584859096455238}, "datetime": {"datetime": "2021-06-21 23:30:28", "elapsed": 12.470023, "delta": 0.358848}}
{"target": -13.373073532190674, "params": {"C": 250.74316478717932, "gamma": 0.02058940977085388}, "datetime": {"datetime": "2021-06-21 23:30:28", "elapsed": 12.873728, "delta": 0.403705}}
{"target": -13.431015397572367, "params": {"C": 253.82580890442594, "gamma": 0.05}, "datetime": {"datetime": "2021-06-21 23:30:29", "elapsed": 13.280731, "delta": 0.407003}}
{"target": -13.323714926598354, "params": {"C": 248.4993016047318, "gamma": 0.041770737390860825}, "datetime": {"datetime": "2021-06-21 23:30:29", "elapsed": 13.666536, "delta": 0.385805}}
{"target": -14.545595771206402, "params": {"C": 246.6274830413564, "gamma": 0.009}, "datetime": {"datetime": "2021-06-21 23:30:30", "elapsed": 14.114513, "delta": 0.447977}}
{"target": -13.179794040914041, "params": {"C": 256.98308258526623, "gamma": 0.027009632723381374}, "datetime": {"datetime": "2021-06-21 23:30:30", "elapsed": 14.480834, "delta": 0.366321}}
{"target": -13.223537510723816, "params": {"C": 258.4686608682592, "gamma": 0.023823527590925615}, "datetime": {"datetime": "2021-06-21 23:30:30", "elapsed": 14.862833, "delta": 0.381999}}
{"target": -13.262692640479253, "params": {"C": 255.56875739552078, "gamma": 0.023098919102019735}, "datetime": {"datetime": "2021-06-21 23:30:31", "elapsed": 15.232833, "delta": 0.37}}
{"target": -14.429944955696488, "params": {"C": 259.9733699799807, "gamma": 0.009}, "datetime": {"datetime": "2021-06-21 23:30:31", "elapsed": 15.619284, "delta": 0.386451}}
{"target": -13.492569139757721, "params": {"C": 224.70279674582721, "gamma": 0.0252589585313227}, "datetime": {"datetime": "2021-06-21 23:30:32", "elapsed": 15.954242, "delta": 0.334958}}
{"target": -14.26868910600701, "params": {"C": 205.18393608130734, "gamma": 0.013383220226704969}, "datetime": {"datetime": "2021-06-21 23:30:32", "elapsed": 16.31357, "delta": 0.359328}}
{"target": -13.973443798590967, "params": {"C": 222.69019416067295, "gamma": 0.014613102943566065}, "datetime": {"datetime": "2021-06-21 23:30:32", "elapsed": 16.716536, "delta": 0.402966}}
{"target": -13.512945616226993, "params": {"C": 226.6679931189745, "gamma": 0.041330746082014425}, "datetime": {"datetime": "2021-06-21 23:30:33", "elapsed": 17.069575, "delta": 0.353039}}
{"target": -13.648115101599931, "params": {"C": 211.70974132206058, "gamma": 0.03999498353397365}, "datetime": {"datetime": "2021-06-21 23:30:33", "elapsed": 17.500998, "delta": 0.431423}}
{"target": -13.501872188649964, "params": {"C": 233.01067286868877, "gamma": 0.04401371318947672}, "datetime": {"datetime": "2021-06-21 23:30:33", "elapsed": 17.867635, "delta": 0.366637}}
{"target": -13.139842652744957, "params": {"C": 291.25842715709143, "gamma": 0.05}, "datetime": {"datetime": "2021-06-21 23:30:34", "elapsed": 18.23793, "delta": 0.370295}}
{"target": -14.566918970163192, "params": {"C": 244.24162097642088, "gamma": 0.009}, "datetime": {"datetime": "2021-06-21 23:30:34", "elapsed": 18.602156, "delta": 0.364226}}
{"target": -14.328724012964134, "params": {"C": 272.5836886149693, "gamma": 0.009}, "datetime": {"datetime": "2021-06-21 23:30:35", "elapsed": 18.972161, "delta": 0.370005}}
{"target": -14.12435121312085, "params": {"C": 300.0, "gamma": 0.009}, "datetime": {"datetime": "2021-06-21 23:30:35", "elapsed": 19.32216, "delta": 0.349999}}
{"target": -13.34295053877598, "params": {"C": 249.5982447757283, "gamma": 0.043586997048220555}, "datetime": {"datetime": "2021-06-21 23:30:35", "elapsed": 19.691839, "delta": 0.369679}}
{"target": -13.829614162720805, "params": {"C": 230.0838829396485, "gamma": 0.015513537341813056}, "datetime": {"datetime": "2021-06-21 23:30:36", "elapsed": 20.080802, "delta": 0.388963}}
{"target": -14.19457843236691, "params": {"C": 290.276641609713, "gamma": 0.009}, "datetime": {"datetime": "2021-06-21 23:30:36", "elapsed": 20.490818, "delta": 0.410016}}
{"target": -13.13324409978157, "params": {"C": 292.21873559739413, "gamma": 0.05}, "datetime": {"datetime": "2021-06-21 23:30:36", "elapsed": 20.905664, "delta": 0.414846}}
{"target": -13.340056329817804, "params": {"C": 236.8153025467253, "gamma": 0.028354385332996147}, "datetime": {"datetime": "2021-06-21 23:30:37", "elapsed": 21.323664, "delta": 0.418}}
{"target": -14.205199383686287, "params": {"C": 227.75767088796965, "gamma": 0.011838776045846806}, "datetime": {"datetime": "2021-06-21 23:30:37", "elapsed": 21.778928, "delta": 0.455264}}
{"target": -13.910404646846922, "params": {"C": 206.7301101260885, "gamma": 0.05}, "datetime": {"datetime": "2021-06-21 23:30:38", "elapsed": 22.208565, "delta": 0.429637}}
{"target": -14.660777218945418, "params": {"C": 234.1484456336252, "gamma": 0.009}, "datetime": {"datetime": "2021-06-21 23:30:38", "elapsed": 22.590311, "delta": 0.381746}}
{"target": -13.445048390505985, "params": {"C": 274.6711705278628, "gamma": 0.01576840984203594}, "datetime": {"datetime": "2021-06-21 23:30:39", "elapsed": 22.984963, "delta": 0.394652}}
{"target": -13.579015683053525, "params": {"C": 225.6947578900989, "gamma": 0.021091301002100445}, "datetime": {"datetime": "2021-06-21 23:30:39", "elapsed": 23.371961, "delta": 0.386998}}
{"target": -13.688725248682887, "params": {"C": 212.8000789707295, "gamma": 0.04281604694904523}, "datetime": {"datetime": "2021-06-21 23:30:39", "elapsed": 23.764912, "delta": 0.392951}}
{"target": -13.664106302248543, "params": {"C": 203.81988984027447, "gamma": 0.034386741918138564}, "datetime": {"datetime": "2021-06-21 23:30:40", "elapsed": 24.122945, "delta": 0.358033}}
{"target": -13.474318365957624, "params": {"C": 221.47097670207646, "gamma": 0.030323469148834915}, "datetime": {"datetime": "2021-06-21 23:30:40", "elapsed": 24.501536, "delta": 0.378591}}
{"target": -14.380288053609592, "params": {"C": 266.0748769960238, "gamma": 0.009}, "datetime": {"datetime": "2021-06-21 23:30:40", "elapsed": 24.861574, "delta": 0.360038}}
{"target": -14.178734782130443, "params": {"C": 267.70776331720083, "gamma": 0.009896483481559257}, "datetime": {"datetime": "2021-06-21 23:30:41", "elapsed": 25.305514, "delta": 0.44394}}
{"target": -13.280018564278285, "params": {"C": 264.5364222288902, "gamma": 0.04705293606118663}, "datetime": {"datetime": "2021-06-21 23:30:41", "elapsed": 25.714874, "delta": 0.40936}}
{"target": -13.496863403089462, "params": {"C": 232.14967454037097, "gamma": 0.021695519586203194}, "datetime": {"datetime": "2021-06-21 23:30:42", "elapsed": 26.116099, "delta": 0.401225}}
{"target": -13.588437165257861, "params": {"C": 210.6945002673402, "gamma": 0.029886551063212086}, "datetime": {"datetime": "2021-06-21 23:30:42", "elapsed": 26.592486, "delta": 0.476387}}
{"target": -14.250936230129147, "params": {"C": 238.78779794352653, "gamma": 0.010853382455151234}, "datetime": {"datetime": "2021-06-21 23:30:43", "elapsed": 27.032567, "delta": 0.440081}}
{"target": -13.191758789130223, "params": {"C": 254.72547781129583, "gamma": 0.027651067745387975}, "datetime": {"datetime": "2021-06-21 23:30:43", "elapsed": 27.580995, "delta": 0.548428}}
{"target": -13.123378963035304, "params": {"C": 279.28657576817375, "gamma": 0.022078338650227524}, "datetime": {"datetime": "2021-06-21 23:30:44", "elapsed": 28.03803, "delta": 0.457035}}
