{"target": -16.49276783305379, "params": {"C": 3445.646518620393, "gamma": 0.01}, "datetime": {"datetime": "2021-06-28 17:49:25", "elapsed": 62.819916, "delta": 0.708652}}
{"target": -16.2292297748331, "params": {"C": 3474.747027596909, "gamma": 0.01326360034498674}, "datetime": {"datetime": "2021-06-28 17:49:25", "elapsed": 63.402467, "delta": 0.582551}}
{"target": -15.936220115455685, "params": {"C": 2492.227677462705, "gamma": 0.027556308103072816}, "datetime": {"datetime": "2021-06-28 17:49:26", "elapsed": 64.109739, "delta": 0.707272}}
{"target": -16.481712285443788, "params": {"C": 1481.2105042923574, "gamma": 0.01776986853592769}, "datetime": {"datetime": "2021-06-28 17:49:27", "elapsed": 64.668258, "delta": 0.558519}}
{"target": -15.949184648669624, "params": {"C": 4716.848961264675, "gamma": 0.02239762457132343}, "datetime": {"datetime": "2021-06-28 17:49:27", "elapsed": 65.356126, "delta": 0.687868}}
{"target": -16.08412076039971, "params": {"C": 4602.561550632339, "gamma": 0.014869685399663608}, "datetime": {"datetime": "2021-06-28 17:49:28", "elapsed": 65.98558, "delta": 0.629454}}
{"target": -15.908919813956581, "params": {"C": 3505.3159590999803, "gamma": 0.02979945820082331}, "datetime": {"datetime": "2021-06-28 17:49:29", "elapsed": 66.614986, "delta": 0.629406}}
{"target": -15.91174742851131, "params": {"C": 3987.4969489249293, "gamma": 0.024418284728424104}, "datetime": {"datetime": "2021-06-28 17:49:29", "elapsed": 67.315378, "delta": 0.700392}}
{"target": -15.907976258093855, "params": {"C": 3865.906333345956, "gamma": 0.02455588667815422}, "datetime": {"datetime": "2021-06-28 17:49:30", "elapsed": 67.908135, "delta": 0.592757}}
{"target": -16.051189600185435, "params": {"C": 4162.773898145158, "gamma": 0.016076300466251678}, "datetime": {"datetime": "2021-06-28 17:49:30", "elapsed": 68.506488, "delta": 0.598353}}
{"target": -15.961917458014693, "params": {"C": 4638.630845187159, "gamma": 0.02911366727221803}, "datetime": {"datetime": "2021-06-28 17:49:31", "elapsed": 69.133155, "delta": 0.626667}}
{"target": -15.924359009185753, "params": {"C": 3537.4795553814197, "gamma": 0.02225390548927413}, "datetime": {"datetime": "2021-06-28 17:49:32", "elapsed": 69.882742, "delta": 0.749587}}
{"target": -15.953619216652754, "params": {"C": 4799.028587972041, "gamma": 0.026276134086025867}, "datetime": {"datetime": "2021-06-28 17:49:32", "elapsed": 70.51162, "delta": 0.628878}}
{"target": -16.031395187073404, "params": {"C": 2750.4927110381095, "gamma": 0.019554651278033706}, "datetime": {"datetime": "2021-06-28 17:49:33", "elapsed": 71.196935, "delta": 0.685315}}
{"target": -15.937889923970245, "params": {"C": 4346.258037401069, "gamma": 0.028534478100603194}, "datetime": {"datetime": "2021-06-28 17:49:34", "elapsed": 71.79458, "delta": 0.597645}}
{"target": -16.022986094441862, "params": {"C": 3794.147968967534, "gamma": 0.017302948914800012}, "datetime": {"datetime": "2021-06-28 17:49:34", "elapsed": 72.374584, "delta": 0.580004}}
{"target": -16.189440490461838, "params": {"C": 4195.344302867334, "gamma": 0.01294959295380875}, "datetime": {"datetime": "2021-06-28 17:49:35", "elapsed": 73.030176, "delta": 0.655592}}
{"target": -15.989647183104816, "params": {"C": 2280.0463959046833, "gamma": 0.024811180477938476}, "datetime": {"datetime": "2021-06-28 17:49:36", "elapsed": 73.842574, "delta": 0.812398}}
{"target": -15.90547068319552, "params": {"C": 3675.9651883536203, "gamma": 0.02845714817403789}, "datetime": {"datetime": "2021-06-28 17:49:36", "elapsed": 74.531433, "delta": 0.688859}}
{"target": -15.896621207507932, "params": {"C": 3250.515175490219, "gamma": 0.027439399589811488}, "datetime": {"datetime": "2021-06-28 17:49:37", "elapsed": 75.199556, "delta": 0.668123}}
{"target": -15.947033100223099, "params": {"C": 4285.661273345857, "gamma": 0.03}, "datetime": {"datetime": "2021-06-28 17:49:38", "elapsed": 75.960096, "delta": 0.76054}}
{"target": -16.982927603648005, "params": {"C": 1545.2625452783354, "gamma": 0.01043474733999736}, "datetime": {"datetime": "2021-06-28 17:49:39", "elapsed": 76.895181, "delta": 0.935085}}
{"target": -15.921477566687889, "params": {"C": 4223.8804073130395, "gamma": 0.023936675175282647}, "datetime": {"datetime": "2021-06-28 17:49:39", "elapsed": 77.50597, "delta": 0.610789}}
{"target": -16.016642963160884, "params": {"C": 4539.872219145255, "gamma": 0.017104157028691454}, "datetime": {"datetime": "2021-06-28 17:49:40", "elapsed": 78.220785, "delta": 0.714815}}
{"target": -16.52075358562854, "params": {"C": 2784.3831094248417, "gamma": 0.010874260827292403}, "datetime": {"datetime": "2021-06-28 17:49:41", "elapsed": 78.91234, "delta": 0.691555}}
{"target": -16.22549284072454, "params": {"C": 2715.5947735079544, "gamma": 0.015078829398786221}, "datetime": {"datetime": "2021-06-28 17:49:41", "elapsed": 79.532004, "delta": 0.619664}}
{"target": -16.421855792075426, "params": {"C": 3942.1817257195707, "gamma": 0.01009978946972286}, "datetime": {"datetime": "2021-06-28 17:49:42", "elapsed": 80.266267, "delta": 0.734263}}
{"target": -16.27819672224919, "params": {"C": 1970.2008338643811, "gamma": 0.017555058478835442}, "datetime": {"datetime": "2021-06-28 17:49:43", "elapsed": 81.083187, "delta": 0.81692}}
{"target": -15.936587963057347, "params": {"C": 4378.200497993928, "gamma": 0.02216880283579748}, "datetime": {"datetime": "2021-06-28 17:49:44", "elapsed": 81.704486, "delta": 0.621299}}
{"target": -16.136718074109034, "params": {"C": 3023.419751348587, "gamma": 0.015907920993660916}, "datetime": {"datetime": "2021-06-28 17:49:44", "elapsed": 82.402499, "delta": 0.698013}}
{"target": -16.217357923735563, "params": {"C": 1772.7798907785245, "gamma": 0.020912346751185133}, "datetime": {"datetime": "2021-06-28 17:49:45", "elapsed": 83.462957, "delta": 1.060458}}
{"target": -15.98954690095791, "params": {"C": 3830.040554859763, "gamma": 0.018463081179424627}, "datetime": {"datetime": "2021-06-28 17:49:46", "elapsed": 84.510898, "delta": 1.047941}}
{"target": -15.89946992295294, "params": {"C": 3065.2376562533464, "gamma": 0.027826191479286902}, "datetime": {"datetime": "2021-06-28 17:49:47", "elapsed": 85.310275, "delta": 0.799377}}
{"target": -16.526410939317312, "params": {"C": 3142.9277522928546, "gamma": 0.010132020519863094}, "datetime": {"datetime": "2021-06-28 17:49:48", "elapsed": 86.140161, "delta": 0.829886}}
{"target": -16.004169814342436, "params": {"C": 3109.522622817468, "gamma": 0.019231848829976333}, "datetime": {"datetime": "2021-06-28 17:49:49", "elapsed": 86.884867, "delta": 0.744706}}
{"target": -16.01114040542131, "params": {"C": 4960.231136922551, "gamma": 0.017595063884420042}, "datetime": {"datetime": "2021-06-28 17:49:50", "elapsed": 87.962852, "delta": 1.077985}}
{"target": -15.957594831932031, "params": {"C": 4892.866768644906, "gamma": 0.025693186281542005}, "datetime": {"datetime": "2021-06-28 17:49:51", "elapsed": 89.088655, "delta": 1.125803}}
{"target": -15.935673464798542, "params": {"C": 4478.36669871449, "gamma": 0.026793603927074992}, "datetime": {"datetime": "2021-06-28 17:49:52", "elapsed": 90.166045, "delta": 1.07739}}
{"target": -16.152585148017618, "params": {"C": 3709.1673749048514, "gamma": 0.014233410500577848}, "datetime": {"datetime": "2021-06-28 17:49:53", "elapsed": 90.921048, "delta": 0.755003}}
{"target": -16.07122976977023, "params": {"C": 1938.573302762893, "gamma": 0.02468443289464043}, "datetime": {"datetime": "2021-06-28 17:49:54", "elapsed": 91.752831, "delta": 0.831783}}
{"target": -16.11964981390461, "params": {"C": 3167.8702523110805, "gamma": 0.015916210964437114}, "datetime": {"datetime": "2021-06-28 17:49:54", "elapsed": 92.545426, "delta": 0.792595}}
{"target": -16.037573698486618, "params": {"C": 3193.053793621814, "gamma": 0.017932211383234704}, "datetime": {"datetime": "2021-06-28 17:49:55", "elapsed": 93.402256, "delta": 0.85683}}
{"target": -15.956600368595039, "params": {"C": 2313.863900499543, "gamma": 0.029374747019657206}, "datetime": {"datetime": "2021-06-28 17:49:56", "elapsed": 94.224462, "delta": 0.822206}}
{"target": -15.90613244645653, "params": {"C": 3220.988262497192, "gamma": 0.03}, "datetime": {"datetime": "2021-06-28 17:49:57", "elapsed": 95.02284, "delta": 0.798378}}
{"target": -16.087205347611206, "params": {"C": 2672.602641175159, "gamma": 0.018220566623081684}, "datetime": {"datetime": "2021-06-28 17:49:58", "elapsed": 95.891081, "delta": 0.868241}}
{"target": -16.29658186761011, "params": {"C": 4569.206745548716, "gamma": 0.010955210082099988}, "datetime": {"datetime": "2021-06-28 17:49:59", "elapsed": 96.727078, "delta": 0.835997}}
{"target": -15.952636465132098, "params": {"C": 4831.982407716565, "gamma": 0.025345308551289258}, "datetime": {"datetime": "2021-06-28 17:49:59", "elapsed": 97.551721, "delta": 0.824643}}
{"target": -16.16959850744582, "params": {"C": 1578.684870643821, "gamma": 0.027477175579857814}, "datetime": {"datetime": "2021-06-28 17:50:00", "elapsed": 98.369723, "delta": 0.818002}}
{"target": -16.502261409494757, "params": {"C": 2958.7734751804355, "gamma": 0.010712258075176131}, "datetime": {"datetime": "2021-06-28 17:50:01", "elapsed": 99.236307, "delta": 0.866584}}
{"target": -16.048047542543454, "params": {"C": 4755.404733569954, "gamma": 0.01592698473131423}, "datetime": {"datetime": "2021-06-28 17:50:02", "elapsed": 99.88831, "delta": 0.652003}}
{"target": -15.901633595106492, "params": {"C": 2998.489819622302, "gamma": 0.02826210667839102}, "datetime": {"datetime": "2021-06-28 17:50:03", "elapsed": 100.728597, "delta": 0.840287}}
{"target": -16.01935052473164, "params": {"C": 4315.55846786455, "gamma": 0.01703054320449968}, "datetime": {"datetime": "2021-06-28 17:50:03", "elapsed": 101.50694, "delta": 0.778343}}
{"target": -15.927606996346388, "params": {"C": 2561.059091675287, "gamma": 0.028204149634604513}, "datetime": {"datetime": "2021-06-28 17:50:04", "elapsed": 102.275942, "delta": 0.769002}}
{"target": -15.909621557615134, "params": {"C": 3733.706190912119, "gamma": 0.02885548116429522}, "datetime": {"datetime": "2021-06-28 17:50:05", "elapsed": 103.098934, "delta": 0.822992}}
{"target": -16.01007864457831, "params": {"C": 2862.21983774647, "gamma": 0.019841061985205462}, "datetime": {"datetime": "2021-06-28 17:50:06", "elapsed": 103.857938, "delta": 0.759004}}
{"target": -15.91526345684924, "params": {"C": 4134.337628814246, "gamma": 0.02569671060308646}, "datetime": {"datetime": "2021-06-28 17:50:07", "elapsed": 104.761941, "delta": 0.904003}}
{"target": -16.643388866295822, "params": {"C": 2623.6262623056646, "gamma": 0.01}, "datetime": {"datetime": "2021-06-28 17:50:08", "elapsed": 105.599941, "delta": 0.838}}
{"target": -15.969873735389712, "params": {"C": 2602.6421142783292, "gamma": 0.022948372609789026}, "datetime": {"datetime": "2021-06-28 17:50:08", "elapsed": 106.322938, "delta": 0.722997}}
{"target": -16.226147662017446, "params": {"C": 2644.2959752921906, "gamma": 0.01529853699772359}, "datetime": {"datetime": "2021-06-28 17:50:09", "elapsed": 107.319942, "delta": 0.997004}}
{"target": -16.313814092913027, "params": {"C": 1865.7023166416222, "gamma": 0.01757642082720891}, "datetime": {"datetime": "2021-06-28 17:50:10", "elapsed": 108.15094, "delta": 0.830998}}
{"target": -15.97266252534675, "params": {"C": 4256.690599148877, "gamma": 0.019096510958104905}, "datetime": {"datetime": "2021-06-28 17:50:11", "elapsed": 108.899937, "delta": 0.748997}}
{"target": -16.95376020137643, "params": {"C": 1695.7869444470875, "gamma": 0.01}, "datetime": {"datetime": "2021-06-28 17:50:12", "elapsed": 109.780607, "delta": 0.88067}}
{"target": -15.92838764258741, "params": {"C": 4417.639869862824, "gamma": 0.025086780663452195}, "datetime": {"datetime": "2021-06-28 17:50:12", "elapsed": 110.477264, "delta": 0.696657}}
{"target": -16.24005032627196, "params": {"C": 1611.1907879404066, "gamma": 0.022506134750970463}, "datetime": {"datetime": "2021-06-28 17:50:13", "elapsed": 111.257963, "delta": 0.780699}}
{"target": -15.961718500072966, "params": {"C": 4508.308999799531, "gamma": 0.03}, "datetime": {"datetime": "2021-06-28 17:50:14", "elapsed": 112.003882, "delta": 0.745919}}
{"target": -16.230054941283452, "params": {"C": 1819.5813975049798, "gamma": 0.020008164427139985}, "datetime": {"datetime": "2021-06-28 17:50:15", "elapsed": 112.734837, "delta": 0.730955}}
{"target": -16.13234941191532, "params": {"C": 4922.071131366485, "gamma": 0.013511401448548233}, "datetime": {"datetime": "2021-06-28 17:50:15", "elapsed": 113.500985, "delta": 0.766148}}
{"target": -15.963119270924878, "params": {"C": 2503.320516168309, "gamma": 0.02419588956305661}, "datetime": {"datetime": "2021-06-28 17:50:16", "elapsed": 114.395607, "delta": 0.894622}}
{"target": -15.906410689183897, "params": {"C": 2888.445033796897, "gamma": 0.028824777503226713}, "datetime": {"datetime": "2021-06-28 17:50:17", "elapsed": 115.239877, "delta": 0.84427}}
{"target": -15.959347016327907, "params": {"C": 4097.564212563622, "gamma": 0.019794259443852588}, "datetime": {"datetime": "2021-06-28 17:50:18", "elapsed": 116.136656, "delta": 0.896779}}
{"target": -16.14594925445369, "params": {"C": 4863.640054142092, "gamma": 0.013241155575138098}, "datetime": {"datetime": "2021-06-28 17:50:19", "elapsed": 116.899243, "delta": 0.762587}}
{"target": -16.077092674058413, "params": {"C": 2120.138665825117, "gamma": 0.02200162976097062}, "datetime": {"datetime": "2021-06-28 17:50:20", "elapsed": 117.773454, "delta": 0.874211}}
{"target": -16.10857138814981, "params": {"C": 4988.663563225047, "gamma": 0.01406336554314408}, "datetime": {"datetime": "2021-06-28 17:50:20", "elapsed": 118.559457, "delta": 0.786003}}
{"target": -15.94515934992772, "params": {"C": 3304.8150679026085, "gamma": 0.021295240695381426}, "datetime": {"datetime": "2021-06-28 17:50:21", "elapsed": 119.360139, "delta": 0.800682}}
{"target": -16.00037638777054, "params": {"C": 3767.341051345576, "gamma": 0.01811245603074695}, "datetime": {"datetime": "2021-06-28 17:50:22", "elapsed": 120.259759, "delta": 0.89962}}
{"target": -16.01264960698441, "params": {"C": 2058.0046915215316, "gamma": 0.02697666293386841}, "datetime": {"datetime": "2021-06-28 17:50:23", "elapsed": 121.217502, "delta": 0.957743}}
{"target": -16.53378116625627, "params": {"C": 1736.353084380135, "gamma": 0.014623716800207555}, "datetime": {"datetime": "2021-06-28 17:50:24", "elapsed": 122.019654, "delta": 0.802152}}
{"target": -16.05100484156172, "params": {"C": 4035.5061165785446, "gamma": 0.016192237932318592}, "datetime": {"datetime": "2021-06-28 17:50:25", "elapsed": 122.859656, "delta": 0.840002}}
{"target": -16.278958181790472, "params": {"C": 1355.3718244263068, "gamma": 0.02935334859650595}, "datetime": {"datetime": "2021-06-28 17:50:26", "elapsed": 123.695645, "delta": 0.835989}}
{"target": -15.930151322027521, "params": {"C": 4451.975880015849, "gamma": 0.025071160250108176}, "datetime": {"datetime": "2021-06-28 17:50:27", "elapsed": 124.904302, "delta": 1.208657}}
{"target": -15.979100325082962, "params": {"C": 2216.6483816820646, "gamma": 0.02705265209299554}, "datetime": {"datetime": "2021-06-28 17:50:28", "elapsed": 125.815823, "delta": 0.911521}}
{"target": -16.10286265263051, "params": {"C": 1912.1155513332405, "gamma": 0.02340645201447318}, "datetime": {"datetime": "2021-06-28 17:50:29", "elapsed": 126.722821, "delta": 0.906998}}
{"target": -16.571271243963665, "params": {"C": 2807.086111544606, "gamma": 0.010307436882538315}, "datetime": {"datetime": "2021-06-28 17:50:30", "elapsed": 127.799234, "delta": 1.076413}}
{"target": -15.930617237595653, "params": {"C": 2828.663164774988, "gamma": 0.02410490145896422}, "datetime": {"datetime": "2021-06-28 17:50:31", "elapsed": 128.575237, "delta": 0.776003}}
{"target": -16.289270488261202, "params": {"C": 2003.8473204551524, "gamma": 0.01709709133230227}, "datetime": {"datetime": "2021-06-28 17:50:31", "elapsed": 129.442834, "delta": 0.867597}}
{"target": -15.923487888223606, "params": {"C": 3600.5241747739633, "gamma": 0.022271463155498692}, "datetime": {"datetime": "2021-06-28 17:50:32", "elapsed": 130.515471, "delta": 1.072637}}
{"target": -16.36995297088108, "params": {"C": 1424.769280028579, "gamma": 0.021437161201443317}, "datetime": {"datetime": "2021-06-28 17:50:33", "elapsed": 131.485536, "delta": 0.970065}}
{"target": -16.386018849261674, "params": {"C": 1495.991396069883, "gamma": 0.019793181152787886}, "datetime": {"datetime": "2021-06-28 17:50:34", "elapsed": 132.421196, "delta": 0.93566}}
{"target": -15.94839013464085, "params": {"C": 4707.191456017616, "gamma": 0.02645210428000723}, "datetime": {"datetime": "2021-06-28 17:50:35", "elapsed": 133.495173, "delta": 1.073977}}
{"target": -16.100843679701608, "params": {"C": 3057.1699596954677, "gamma": 0.01661842205183895}, "datetime": {"datetime": "2021-06-28 17:50:36", "elapsed": 134.388098, "delta": 0.892925}}
{"target": -16.35078236919711, "params": {"C": 2403.0193346285005, "gamma": 0.014091532885122632}, "datetime": {"datetime": "2021-06-28 17:50:37", "elapsed": 135.2741, "delta": 0.886002}}
{"target": -15.975320172582256, "params": {"C": 2382.590617934454, "gamma": 0.02458636651179147}, "datetime": {"datetime": "2021-06-28 17:50:38", "elapsed": 136.334668, "delta": 1.060568}}
{"target": -16.485579689870878, "params": {"C": 2423.611689872138, "gamma": 0.012202689412946366}, "datetime": {"datetime": "2021-06-28 17:50:39", "elapsed": 137.257508, "delta": 0.92284}}
{"target": -16.296067957137193, "params": {"C": 2449.4324651818015, "gamma": 0.014782786514893793}, "datetime": {"datetime": "2021-06-28 17:50:40", "elapsed": 138.185233, "delta": 0.927725}}
{"target": -16.02252852094115, "params": {"C": 2143.756806104774, "gamma": 0.024435866898236167}, "datetime": {"datetime": "2021-06-28 17:50:41", "elapsed": 139.128473, "delta": 0.94324}}
{"target": -15.907628362316093, "params": {"C": 3875.677266362828, "gamma": 0.024725251795277507}, "datetime": {"datetime": "2021-06-28 17:50:42", "elapsed": 139.992426, "delta": 0.863953}}
{"target": -16.10261854119694, "params": {"C": 3996.4653071782727, "gamma": 0.01490671677905248}, "datetime": {"datetime": "2021-06-28 17:50:43", "elapsed": 140.81107, "delta": 0.818644}}
{"target": -16.20287665237908, "params": {"C": 4016.1991757608876, "gamma": 0.012920328654585481}, "datetime": {"datetime": "2021-06-28 17:50:44", "elapsed": 141.645341, "delta": 0.834271}}
{"target": -15.919575577008215, "params": {"C": 3977.8798972803957, "gamma": 0.02879841926529491}, "datetime": {"datetime": "2021-06-28 17:50:44", "elapsed": 142.420491, "delta": 0.77515}}
{"target": -17.17378490027693, "params": {"C": 1318.0112933884773, "gamma": 0.01}, "datetime": {"datetime": "2021-06-28 17:50:45", "elapsed": 143.37414, "delta": 0.953649}}
{"target": -16.965262830979203, "params": {"C": 1671.9928924927763, "gamma": 0.01}, "datetime": {"datetime": "2021-06-28 17:50:46", "elapsed": 144.542168, "delta": 1.168028}}
{"target": -16.18578215960494, "params": {"C": 1636.7328492424733, "gamma": 0.024400132965576825}, "datetime": {"datetime": "2021-06-28 17:50:47", "elapsed": 145.52786, "delta": 0.985692}}
{"target": -15.900088048169735, "params": {"C": 3649.702327254328, "gamma": 0.02702663899453895}, "datetime": {"datetime": "2021-06-28 17:50:49", "elapsed": 146.713868, "delta": 1.186008}}
{"target": -16.453212006878704, "params": {"C": 2530.8218413340537, "gamma": 0.012281320267982192}, "datetime": {"datetime": "2021-06-28 17:50:50", "elapsed": 147.766229, "delta": 1.052361}}
{"target": -15.951257147533909, "params": {"C": 2481.1690883328365, "gamma": 0.025450380052027002}, "datetime": {"datetime": "2021-06-28 17:50:51", "elapsed": 148.961272, "delta": 1.195043}}
{"target": -16.331909639739273, "params": {"C": 4666.624985616565, "gamma": 0.010418895710268683}, "datetime": {"datetime": "2021-06-28 17:50:52", "elapsed": 149.763832, "delta": 0.80256}}
{"target": -16.13139492385342, "params": {"C": 4647.960906111621, "gamma": 0.013689585017430159}, "datetime": {"datetime": "2021-06-28 17:50:53", "elapsed": 150.809429, "delta": 1.045597}}
{"target": -15.943120034309006, "params": {"C": 4685.487632382453, "gamma": 0.023874424531292435}, "datetime": {"datetime": "2021-06-28 17:50:54", "elapsed": 151.694786, "delta": 0.885357}}
{"target": -15.90273428703629, "params": {"C": 3278.1279157096687, "gamma": 0.02498524649160165}, "datetime": {"datetime": "2021-06-28 17:50:54", "elapsed": 152.514326, "delta": 0.81954}}
{"target": -15.963729713133706, "params": {"C": 4629.596093177646, "gamma": 0.0201751689056459}, "datetime": {"datetime": "2021-06-28 17:50:55", "elapsed": 153.395951, "delta": 0.881625}}
{"target": -15.912204243109803, "params": {"C": 2760.2979060689986, "gamma": 0.027932526158290963}, "datetime": {"datetime": "2021-06-28 17:50:57", "elapsed": 154.595795, "delta": 1.199844}}
{"target": -16.43444748927111, "params": {"C": 3912.6002326120442, "gamma": 0.01}, "datetime": {"datetime": "2021-06-28 17:50:57", "elapsed": 155.465117, "delta": 0.869322}}
{"target": -16.128902588693244, "params": {"C": 3896.0454139264407, "gamma": 0.014451862690718398}, "datetime": {"datetime": "2021-06-28 17:50:58", "elapsed": 156.423848, "delta": 0.958731}}
{"target": -15.910006597029916, "params": {"C": 3930.8784090967206, "gamma": 0.024455421773395006}, "datetime": {"datetime": "2021-06-28 17:50:59", "elapsed": 157.51822, "delta": 1.094372}}
{"target": -15.977920730777, "params": {"C": 2251.363269260865, "gamma": 0.026369903437639376}, "datetime": {"datetime": "2021-06-28 17:51:00", "elapsed": 158.47922, "delta": 0.961}}
{"target": -15.898663558308112, "params": {"C": 3568.29252931308, "gamma": 0.02595257172409851}, "datetime": {"datetime": "2021-06-28 17:51:01", "elapsed": 159.430502, "delta": 0.951282}}
{"target": -15.903616862999984, "params": {"C": 3385.347022762666, "gamma": 0.02936303186929308}, "datetime": {"datetime": "2021-06-28 17:51:02", "elapsed": 160.535309, "delta": 1.104807}}
