{"target": -9.692890770787816, "params": {"C": 30887.232447739163, "gamma": 0.028834538855087626}, "datetime": {"datetime": "2021-06-22 09:54:36", "elapsed": 99.067141, "delta": 1.074262}}
{"target": -9.620242605294855, "params": {"C": 32393.27560497515, "gamma": 0.037582450231593574}, "datetime": {"datetime": "2021-06-22 09:54:37", "elapsed": 99.910339, "delta": 0.843198}}
{"target": -9.633029077693385, "params": {"C": 32200.696453865796, "gamma": 0.03104856807806437}, "datetime": {"datetime": "2021-06-22 09:54:38", "elapsed": 100.942428, "delta": 1.032089}}
{"target": -9.59369693619317, "params": {"C": 33390.22567323729, "gamma": 0.03455300060497575}, "datetime": {"datetime": "2021-06-22 09:54:39", "elapsed": 101.829901, "delta": 0.887473}}
{"target": -9.631251350710363, "params": {"C": 28466.487447296815, "gamma": 0.03446492912852556}, "datetime": {"datetime": "2021-06-22 09:54:40", "elapsed": 102.773104, "delta": 0.943203}}
{"target": -9.625664868107089, "params": {"C": 28992.39986195648, "gamma": 0.03488665974663093}, "datetime": {"datetime": "2021-06-22 09:54:41", "elapsed": 103.74922, "delta": 0.976116}}
{"target": -9.621523893840621, "params": {"C": 29203.319634725398, "gamma": 0.033713580643354064}, "datetime": {"datetime": "2021-06-22 09:54:42", "elapsed": 104.888392, "delta": 1.139172}}
{"target": -9.659729478712162, "params": {"C": 28091.07528098308, "gamma": 0.03814199809775956}, "datetime": {"datetime": "2021-06-22 09:54:43", "elapsed": 105.828889, "delta": 0.940497}}
{"target": -9.627177070245766, "params": {"C": 28726.26604690419, "gamma": 0.033689520759885266}, "datetime": {"datetime": "2021-06-22 09:54:44", "elapsed": 106.749192, "delta": 0.920303}}
{"target": -9.610639285981598, "params": {"C": 30213.702401916475, "gamma": 0.03471055413694641}, "datetime": {"datetime": "2021-06-22 09:54:45", "elapsed": 107.606073, "delta": 0.856881}}
{"target": -9.670751068999763, "params": {"C": 28339.560140787005, "gamma": 0.03891491506720825}, "datetime": {"datetime": "2021-06-22 09:54:46", "elapsed": 108.507508, "delta": 0.901435}}
{"target": -9.686975497609826, "params": {"C": 32712.2131340479, "gamma": 0.029038947407437187}, "datetime": {"datetime": "2021-06-22 09:54:46", "elapsed": 109.293874, "delta": 0.786366}}
{"target": -9.633625190938, "params": {"C": 34975.31246061761, "gamma": 0.03104260338039542}, "datetime": {"datetime": "2021-06-22 09:54:47", "elapsed": 110.131469, "delta": 0.837595}}
{"target": -9.616972455774663, "params": {"C": 33096.895886596016, "gamma": 0.03189684055416744}, "datetime": {"datetime": "2021-06-22 09:54:48", "elapsed": 111.127058, "delta": 0.995589}}
{"target": -9.697360545840649, "params": {"C": 28026.364679513936, "gamma": 0.02935258643488249}, "datetime": {"datetime": "2021-06-22 09:54:49", "elapsed": 112.136761, "delta": 1.009703}}
{"target": -9.647287907891515, "params": {"C": 34870.052751808165, "gamma": 0.030341205528729147}, "datetime": {"datetime": "2021-06-22 09:54:50", "elapsed": 113.32704, "delta": 1.190279}}
{"target": -9.635233087261174, "params": {"C": 28855.673977551007, "gamma": 0.03689008736375001}, "datetime": {"datetime": "2021-06-22 09:54:52", "elapsed": 114.685599, "delta": 1.358559}}
{"target": -9.705486482500904, "params": {"C": 28532.658000195384, "gamma": 0.028678050083015525}, "datetime": {"datetime": "2021-06-22 09:54:53", "elapsed": 115.664755, "delta": 0.979156}}
{"target": -9.632818658099618, "params": {"C": 30373.45706280367, "gamma": 0.031094492651732124}, "datetime": {"datetime": "2021-06-22 09:54:54", "elapsed": 116.684509, "delta": 1.019754}}
{"target": -9.674045246067887, "params": {"C": 32140.759777995256, "gamma": 0.04}, "datetime": {"datetime": "2021-06-22 09:54:55", "elapsed": 118.001193, "delta": 1.316684}}
{"target": -9.68697381091971, "params": {"C": 28660.537906533114, "gamma": 0.04}, "datetime": {"datetime": "2021-06-22 09:54:56", "elapsed": 119.074492, "delta": 1.073299}}
{"target": -9.632491138870362, "params": {"C": 30099.213381022637, "gamma": 0.031113499958098065}, "datetime": {"datetime": "2021-06-22 09:54:57", "elapsed": 120.261419, "delta": 1.186927}}
{"target": -9.676517948785682, "params": {"C": 30944.925630973088, "gamma": 0.04}, "datetime": {"datetime": "2021-06-22 09:54:58", "elapsed": 121.331139, "delta": 1.06972}}
{"target": -9.64970988065459, "params": {"C": 34922.02234835971, "gamma": 0.030252012257297463}, "datetime": {"datetime": "2021-06-22 09:54:59", "elapsed": 122.433474, "delta": 1.102335}}
{"target": -9.598900814945726, "params": {"C": 34817.932101037455, "gamma": 0.0345682681623223}, "datetime": {"datetime": "2021-06-22 09:55:01", "elapsed": 124.08445, "delta": 1.650976}}
{"target": -9.718473224296961, "params": {"C": 28149.022565611383, "gamma": 0.028352137957625905}, "datetime": {"datetime": "2021-06-22 09:55:02", "elapsed": 125.123778, "delta": 1.039328}}
{"target": -9.604239846146042, "params": {"C": 34070.78668594493, "gamma": 0.03343786047357556}, "datetime": {"datetime": "2021-06-22 09:55:03", "elapsed": 126.320643, "delta": 1.196865}}
{"target": -9.628034026504634, "params": {"C": 30322.049926734093, "gamma": 0.03132982162051027}, "datetime": {"datetime": "2021-06-22 09:55:05", "elapsed": 127.59534, "delta": 1.274697}}
{"target": -9.63822013005583, "params": {"C": 28405.829588828612, "gamma": 0.03640700976684109}, "datetime": {"datetime": "2021-06-22 09:55:06", "elapsed": 128.592529, "delta": 0.997189}}
{"target": -9.67377607555296, "params": {"C": 32265.978210212466, "gamma": 0.04}, "datetime": {"datetime": "2021-06-22 09:55:07", "elapsed": 130.063533, "delta": 1.471004}}
{"target": -9.701363970126996, "params": {"C": 33287.81439683915, "gamma": 0.028536220111886893}, "datetime": {"datetime": "2021-06-22 09:55:08", "elapsed": 131.064981, "delta": 1.001448}}
{"target": -9.597857689696133, "params": {"C": 33149.06337660831, "gamma": 0.03392755410106417}, "datetime": {"datetime": "2021-06-22 09:55:09", "elapsed": 132.270805, "delta": 1.205824}}
{"target": -9.593542542031539, "params": {"C": 33330.887628706456, "gamma": 0.036027487049713695}, "datetime": {"datetime": "2021-06-22 09:55:11", "elapsed": 133.45473, "delta": 1.183925}}
{"target": -9.607771640580856, "params": {"C": 34766.646104925756, "gamma": 0.037098428509287414}, "datetime": {"datetime": "2021-06-22 09:55:12", "elapsed": 134.65751, "delta": 1.20278}}
{"target": -9.697061235884213, "params": {"C": 29708.481030052757, "gamma": 0.028665337502099906}, "datetime": {"datetime": "2021-06-22 09:55:13", "elapsed": 135.974569, "delta": 1.317059}}
{"target": -9.616048795793002, "params": {"C": 29756.774352197368, "gamma": 0.03464871971033705}, "datetime": {"datetime": "2021-06-22 09:55:14", "elapsed": 137.292673, "delta": 1.318104}}
{"target": -9.613610695977865, "params": {"C": 33244.94885331107, "gamma": 0.037503748245346344}, "datetime": {"datetime": "2021-06-22 09:55:16", "elapsed": 138.695265, "delta": 1.402592}}
{"target": -9.689975269296509, "params": {"C": 28210.707770843634, "gamma": 0.04}, "datetime": {"datetime": "2021-06-22 09:55:17", "elapsed": 139.668276, "delta": 0.973011}}
{"target": -9.682979212155134, "params": {"C": 30426.655044379386, "gamma": 0.029188007041029678}, "datetime": {"datetime": "2021-06-22 09:55:18", "elapsed": 141.260333, "delta": 1.592057}}
{"target": -9.665550268507879, "params": {"C": 29897.486483115237, "gamma": 0.039242552481782246}, "datetime": {"datetime": "2021-06-22 09:55:20", "elapsed": 142.566299, "delta": 1.305966}}
{"target": -9.616376537281196, "params": {"C": 30158.185620530036, "gamma": 0.036120611828265134}, "datetime": {"datetime": "2021-06-22 09:55:21", "elapsed": 143.822074, "delta": 1.255775}}
{"target": -9.679152318519609, "params": {"C": 30997.04382251311, "gamma": 0.029324639575251624}, "datetime": {"datetime": "2021-06-22 09:55:22", "elapsed": 145.224228, "delta": 1.402154}}
{"target": -9.59835569015751, "params": {"C": 34497.53442778517, "gamma": 0.035045524338082036}, "datetime": {"datetime": "2021-06-22 09:55:24", "elapsed": 146.612118, "delta": 1.38789}}
{"target": -9.628230356323915, "params": {"C": 29849.81337209426, "gamma": 0.036935027231588424}, "datetime": {"datetime": "2021-06-22 09:55:25", "elapsed": 147.714623, "delta": 1.102505}}
{"target": -9.600757507141102, "params": {"C": 34629.39137176815, "gamma": 0.0340275784403892}, "datetime": {"datetime": "2021-06-22 09:55:26", "elapsed": 148.801481, "delta": 1.086858}}
{"target": -9.634367511405298, "params": {"C": 32657.628857298874, "gamma": 0.030981392321959962}, "datetime": {"datetime": "2021-06-22 09:55:27", "elapsed": 150.436987, "delta": 1.635506}}
{"target": -9.618483646706816, "params": {"C": 33973.15668439098, "gamma": 0.03805568830939876}, "datetime": {"datetime": "2021-06-22 09:55:29", "elapsed": 151.608566, "delta": 1.171579}}
{"target": -9.630069400186452, "params": {"C": 30273.515916424592, "gamma": 0.03123072539297405}, "datetime": {"datetime": "2021-06-22 09:55:30", "elapsed": 153.081488, "delta": 1.472922}}
{"target": -9.680797344402455, "params": {"C": 34161.45880040647, "gamma": 0.02922539509360415}, "datetime": {"datetime": "2021-06-22 09:55:32", "elapsed": 154.62328, "delta": 1.541792}}
{"target": -9.667351461478411, "params": {"C": 34290.0232376374, "gamma": 0.039939414816892164}, "datetime": {"datetime": "2021-06-22 09:55:33", "elapsed": 155.709927, "delta": 1.086647}}
{"target": -9.68415207257535, "params": {"C": 29662.537765166144, "gamma": 0.029139163731681246}, "datetime": {"datetime": "2021-06-22 09:55:34", "elapsed": 157.112225, "delta": 1.402298}}
{"target": -9.66563264813248, "params": {"C": 29619.812483897178, "gamma": 0.03913394528699577}, "datetime": {"datetime": "2021-06-22 09:55:35", "elapsed": 158.378543, "delta": 1.266318}}
{"target": -9.687075170420277, "params": {"C": 33047.014843908866, "gamma": 0.029031631080424315}, "datetime": {"datetime": "2021-06-22 09:55:37", "elapsed": 159.750609, "delta": 1.372066}}
{"target": -9.620136045129774, "params": {"C": 31293.574827037264, "gamma": 0.03707540950887405}, "datetime": {"datetime": "2021-06-22 09:55:38", "elapsed": 161.021966, "delta": 1.271357}}
{"target": -9.627728736041616, "params": {"C": 34118.20241555209, "gamma": 0.03860625164812016}, "datetime": {"datetime": "2021-06-22 09:55:40", "elapsed": 162.825925, "delta": 1.803959}}
{"target": -9.639930301926299, "params": {"C": 32887.32096766762, "gamma": 0.038867067067078674}, "datetime": {"datetime": "2021-06-22 09:55:41", "elapsed": 164.213672, "delta": 1.387747}}
{"target": -9.643662696597215, "params": {"C": 32994.77422864262, "gamma": 0.03904285017415654}, "datetime": {"datetime": "2021-06-22 09:55:42", "elapsed": 165.400201, "delta": 1.186529}}
{"target": -9.595512448792247, "params": {"C": 31723.304447400922, "gamma": 0.03549307051095241}, "datetime": {"datetime": "2021-06-22 09:55:43", "elapsed": 166.4494, "delta": 1.049199}}
{"target": -9.60962814476739, "params": {"C": 31054.759970169027, "gamma": 0.032264795643612044}, "datetime": {"datetime": "2021-06-22 09:55:45", "elapsed": 167.952661, "delta": 1.503261}}
{"target": -9.601812136511093, "params": {"C": 32635.016226713764, "gamma": 0.03332220410646522}, "datetime": {"datetime": "2021-06-22 09:55:46", "elapsed": 168.713833, "delta": 0.761172}}
{"target": -9.603115080597313, "params": {"C": 34719.02277630882, "gamma": 0.033767809984526484}, "datetime": {"datetime": "2021-06-22 09:55:47", "elapsed": 170.048608, "delta": 1.334775}}
{"target": -9.67050001862297, "params": {"C": 29366.542978866622, "gamma": 0.02970293625005637}, "datetime": {"datetime": "2021-06-22 09:55:48", "elapsed": 171.219522, "delta": 1.170914}}
{"target": -9.643038614949925, "params": {"C": 29496.523531484425, "gamma": 0.03092881559985225}, "datetime": {"datetime": "2021-06-22 09:55:50", "elapsed": 173.001596, "delta": 1.782074}}
{"target": -9.613556675761162, "params": {"C": 30470.765841827444, "gamma": 0.032042228173749486}, "datetime": {"datetime": "2021-06-22 09:55:52", "elapsed": 175.113571, "delta": 2.111975}}
{"target": -9.617243121133434, "params": {"C": 34414.684036922445, "gamma": 0.0381443602000261}, "datetime": {"datetime": "2021-06-22 09:55:53", "elapsed": 176.21657, "delta": 1.102999}}
{"target": -9.594796091060633, "params": {"C": 31565.651053533376, "gamma": 0.03479929916135306}, "datetime": {"datetime": "2021-06-22 09:55:55", "elapsed": 177.466441, "delta": 1.249871}}
{"target": -9.676288639355917, "params": {"C": 31154.279906003198, "gamma": 0.029424907303677042}, "datetime": {"datetime": "2021-06-22 09:55:56", "elapsed": 178.754256, "delta": 1.287815}}
{"target": -9.624957272325647, "params": {"C": 34584.01718406152, "gamma": 0.03855737913297279}, "datetime": {"datetime": "2021-06-22 09:55:58", "elapsed": 180.663775, "delta": 1.909519}}
{"target": -9.61547179220635, "params": {"C": 34250.64152538407, "gamma": 0.03798268068202612}, "datetime": {"datetime": "2021-06-22 09:55:59", "elapsed": 181.796168, "delta": 1.132393}}
{"target": -9.674249146102184, "params": {"C": 34025.447930197835, "gamma": 0.029448059281005926}, "datetime": {"datetime": "2021-06-22 09:56:01", "elapsed": 183.607045, "delta": 1.810877}}
{"target": -9.624422291124068, "params": {"C": 32572.39519941537, "gamma": 0.03150362654258897}, "datetime": {"datetime": "2021-06-22 09:56:02", "elapsed": 184.925294, "delta": 1.318249}}
{"target": -9.617209704587406, "params": {"C": 31879.613197462026, "gamma": 0.03715879799774207}, "datetime": {"datetime": "2021-06-22 09:56:03", "elapsed": 186.192178, "delta": 1.266884}}
{"target": -9.603832588206293, "params": {"C": 30675.08844816281, "gamma": 0.033578008152919524}, "datetime": {"datetime": "2021-06-22 09:56:05", "elapsed": 187.619415, "delta": 1.427237}}
{"target": -9.645226466311769, "params": {"C": 29802.86254122666, "gamma": 0.03798511332029687}, "datetime": {"datetime": "2021-06-22 09:56:06", "elapsed": 189.176131, "delta": 1.556716}}
{"target": -9.624900426153205, "params": {"C": 32044.317477144392, "gamma": 0.037729402528516615}, "datetime": {"datetime": "2021-06-22 09:56:08", "elapsed": 190.702079, "delta": 1.525948}}
{"target": -9.680773205371924, "params": {"C": 29578.527461026195, "gamma": 0.04}, "datetime": {"datetime": "2021-06-22 09:56:09", "elapsed": 192.027321, "delta": 1.325242}}
{"target": -9.651862460581103, "params": {"C": 29537.67783973904, "gamma": 0.0304119027876787}, "datetime": {"datetime": "2021-06-22 09:56:11", "elapsed": 193.567657, "delta": 1.540336}}
{"target": -9.667466165066799, "params": {"C": 30511.2842792778, "gamma": 0.02974021747108944}, "datetime": {"datetime": "2021-06-22 09:56:12", "elapsed": 194.879315, "delta": 1.311658}}
{"target": -9.63556180277595, "params": {"C": 30550.624347538404, "gamma": 0.03772034621887625}, "datetime": {"datetime": "2021-06-22 09:56:13", "elapsed": 196.244076, "delta": 1.364761}}
{"target": -9.602641587183331, "params": {"C": 34203.68925600469, "gamma": 0.033667200057154775}, "datetime": {"datetime": "2021-06-22 09:56:15", "elapsed": 197.867272, "delta": 1.623196}}
{"target": -9.599517060972431, "params": {"C": 34330.70917037752, "gamma": 0.03578623194792093}, "datetime": {"datetime": "2021-06-22 09:56:17", "elapsed": 199.94878, "delta": 2.081508}}
{"target": -9.63204931035059, "params": {"C": 29940.776389409548, "gamma": 0.031247369253453065}, "datetime": {"datetime": "2021-06-22 09:56:19", "elapsed": 201.624716, "delta": 1.675936}}
{"target": -9.625020557556565, "params": {"C": 29411.21602338676, "gamma": 0.03610779567325389}, "datetime": {"datetime": "2021-06-22 09:56:20", "elapsed": 203.106121, "delta": 1.481405}}
{"target": -9.607724111182694, "params": {"C": 34541.8339458329, "gamma": 0.03755394784476364}, "datetime": {"datetime": "2021-06-22 09:56:22", "elapsed": 204.694193, "delta": 1.588072}}
{"target": -9.608170343714143, "params": {"C": 30794.359512209423, "gamma": 0.03593554110708557}, "datetime": {"datetime": "2021-06-22 09:56:23", "elapsed": 206.03746, "delta": 1.343267}}
{"target": -9.59644508686181, "params": {"C": 32491.171819266456, "gamma": 0.03606963350581166}, "datetime": {"datetime": "2021-06-22 09:56:24", "elapsed": 207.292717, "delta": 1.255257}}
{"target": -9.675229137252954, "params": {"C": 31333.02466438603, "gamma": 0.03998280629794963}, "datetime": {"datetime": "2021-06-22 09:56:26", "elapsed": 208.729452, "delta": 1.436735}}
{"target": -9.71495353722089, "params": {"C": 31372.84556010973, "gamma": 0.028041680774258438}, "datetime": {"datetime": "2021-06-22 09:56:27", "elapsed": 209.983253, "delta": 1.253801}}
{"target": -9.628881344749859, "params": {"C": 33924.49917255098, "gamma": 0.03862293714315389}, "datetime": {"datetime": "2021-06-22 09:56:29", "elapsed": 211.538316, "delta": 1.555063}}
{"target": -9.639347290721782, "params": {"C": 31605.506559664696, "gamma": 0.030758472262756114}, "datetime": {"datetime": "2021-06-22 09:56:31", "elapsed": 213.647482, "delta": 2.109166}}
{"target": -9.667676999111341, "params": {"C": 32376.099415854733, "gamma": 0.0297072066504189}, "datetime": {"datetime": "2021-06-22 09:56:32", "elapsed": 215.401059, "delta": 1.753577}}
{"target": -9.6033826520616, "params": {"C": 32786.554337917034, "gamma": 0.03668246422976084}, "datetime": {"datetime": "2021-06-22 09:56:34", "elapsed": 217.166269, "delta": 1.76521}}
{"target": -9.632536567227843, "params": {"C": 33849.68023602979, "gamma": 0.031093635455960677}, "datetime": {"datetime": "2021-06-22 09:56:36", "elapsed": 218.805847, "delta": 1.639578}}
{"target": -9.620342530256451, "params": {"C": 29323.697161767468, "gamma": 0.03397248514964331}, "datetime": {"datetime": "2021-06-22 09:56:38", "elapsed": 221.447757, "delta": 2.64191}}
{"target": -9.622115832344221, "params": {"C": 31763.92213907626, "gamma": 0.03742312507953532}, "datetime": {"datetime": "2021-06-22 09:56:40", "elapsed": 223.33197, "delta": 1.884213}}
{"target": -9.714638698270967, "params": {"C": 31642.18123909668, "gamma": 0.028057846063274168}, "datetime": {"datetime": "2021-06-22 09:56:42", "elapsed": 224.657091, "delta": 1.325121}}
{"target": -9.710193526146876, "params": {"C": 33684.28822013441, "gamma": 0.02822803710700532}, "datetime": {"datetime": "2021-06-22 09:56:44", "elapsed": 226.771831, "delta": 2.11474}}
{"target": -9.714472480128418, "params": {"C": 33653.50153871017, "gamma": 0.02807902418439508}, "datetime": {"datetime": "2021-06-22 09:56:46", "elapsed": 228.683321, "delta": 1.91149}}
{"target": -9.647946356706202, "params": {"C": 33618.843409785164, "gamma": 0.03033509853552328}, "datetime": {"datetime": "2021-06-22 09:56:47", "elapsed": 230.216783, "delta": 1.533462}}
{"target": -9.635389467908523, "params": {"C": 33715.768179779545, "gamma": 0.030944250410619822}, "datetime": {"datetime": "2021-06-22 09:56:50", "elapsed": 232.700497, "delta": 2.483714}}
{"target": -9.597517511265693, "params": {"C": 31248.37540239908, "gamma": 0.03424882630278954}, "datetime": {"datetime": "2021-06-22 09:56:52", "elapsed": 234.932291, "delta": 2.231794}}
{"target": -9.61341015053193, "params": {"C": 33585.796512118344, "gamma": 0.032298788715212835}, "datetime": {"datetime": "2021-06-22 09:56:55", "elapsed": 238.034592, "delta": 3.102301}}
{"target": -9.66828229808594, "params": {"C": 34674.835212200785, "gamma": 0.04}, "datetime": {"datetime": "2021-06-22 09:56:57", "elapsed": 240.313751, "delta": 2.279159}}
{"target": -9.601670338422283, "params": {"C": 33201.63520454567, "gamma": 0.033499981979270024}, "datetime": {"datetime": "2021-06-22 09:56:59", "elapsed": 242.269736, "delta": 1.955985}}
{"target": -9.59828107844889, "params": {"C": 34455.721242997446, "gamma": 0.034308907557470604}, "datetime": {"datetime": "2021-06-22 09:57:01", "elapsed": 244.390932, "delta": 2.121196}}
{"target": -9.673080862376128, "params": {"C": 31487.756182891073, "gamma": 0.03992077410655111}, "datetime": {"datetime": "2021-06-22 09:57:03", "elapsed": 246.235078, "delta": 1.844146}}
{"target": -9.646851658032359, "params": {"C": 31682.051498268855, "gamma": 0.03883467039786763}, "datetime": {"datetime": "2021-06-22 09:57:05", "elapsed": 248.01128, "delta": 1.776202}}
{"target": -9.612412942648122, "params": {"C": 29992.231493846113, "gamma": 0.032852737952229115}, "datetime": {"datetime": "2021-06-22 09:57:07", "elapsed": 249.627667, "delta": 1.616387}}
{"target": -9.653364035436436, "params": {"C": 33753.605630359634, "gamma": 0.03943317242572904}, "datetime": {"datetime": "2021-06-22 09:57:09", "elapsed": 251.514474, "delta": 1.886807}}
