{"target": -10.95819035770996, "params": {"C": 53338.65060071374, "gamma": 0.057260444127634695}, "datetime": {"datetime": "2021-06-22 10:01:53", "elapsed": 323.733321, "delta": 2.193105}}
{"target": -10.816405004579128, "params": {"C": 43234.704173996775, "gamma": 0.059452009937389}, "datetime": {"datetime": "2021-06-22 10:01:55", "elapsed": 325.756991, "delta": 2.02367}}
{"target": -10.290328405946891, "params": {"C": 26112.844545093423, "gamma": 0.053015974176620434}, "datetime": {"datetime": "2021-06-22 10:01:58", "elapsed": 328.013332, "delta": 2.256341}}
{"target": -10.383004675538931, "params": {"C": 26082.042804941913, "gamma": 0.05770109902981559}, "datetime": {"datetime": "2021-06-22 10:01:59", "elapsed": 329.860139, "delta": 1.846807}}
{"target": -10.133444839515414, "params": {"C": 26147.25599772255, "gamma": 0.04588857856309837}, "datetime": {"datetime": "2021-06-22 10:02:01", "elapsed": 331.491047, "delta": 1.630908}}
{"target": -10.187855632012672, "params": {"C": 26175.5333506006, "gamma": 0.03530637837464585}, "datetime": {"datetime": "2021-06-22 10:02:03", "elapsed": 333.341265, "delta": 1.850218}}
{"target": -10.41426308433443, "params": {"C": 26203.9318922287, "gamma": 0.05919740062698708}, "datetime": {"datetime": "2021-06-22 10:02:05", "elapsed": 335.750409, "delta": 2.409144}}
{"target": -10.360889869602008, "params": {"C": 26043.007758188778, "gamma": 0.028764900579613444}, "datetime": {"datetime": "2021-06-22 10:02:07", "elapsed": 337.593185, "delta": 1.842776}}
{"target": -10.256143550518653, "params": {"C": 26008.938801627366, "gamma": 0.03214871191351346}, "datetime": {"datetime": "2021-06-22 10:02:10", "elapsed": 340.179699, "delta": 2.586514}}
{"target": -10.23533919511253, "params": {"C": 25979.24722022129, "gamma": 0.05071776233823773}, "datetime": {"datetime": "2021-06-22 10:02:12", "elapsed": 342.369889, "delta": 2.19019}}
{"target": -10.147012387249084, "params": {"C": 25949.809762486864, "gamma": 0.046836510890854846}, "datetime": {"datetime": "2021-06-22 10:02:14", "elapsed": 344.489423, "delta": 2.119534}}
{"target": -10.171504067208927, "params": {"C": 25923.990426965098, "gamma": 0.04802550577320775}, "datetime": {"datetime": "2021-06-22 10:02:17", "elapsed": 347.051113, "delta": 2.56169}}
{"target": -10.138903566415502, "params": {"C": 26245.311225744706, "gamma": 0.046092011202535685}, "datetime": {"datetime": "2021-06-22 10:02:20", "elapsed": 350.094004, "delta": 3.042891}}
{"target": -10.669959561720573, "params": {"C": 26277.66963947235, "gamma": 0.01933457707359435}, "datetime": {"datetime": "2021-06-22 10:02:21", "elapsed": 351.790405, "delta": 1.696401}}
{"target": -10.37960979636479, "params": {"C": 31755.993153859126, "gamma": 0.05109843230088121}, "datetime": {"datetime": "2021-06-22 10:02:23", "elapsed": 353.609421, "delta": 1.819016}}
{"target": -10.508590873028844, "params": {"C": 31793.86712597026, "gamma": 0.05703122651722627}, "datetime": {"datetime": "2021-06-22 10:02:26", "elapsed": 356.408211, "delta": 2.79879}}
{"target": -10.138580217879927, "params": {"C": 31720.048644522678, "gamma": 0.03994740608387105}, "datetime": {"datetime": "2021-06-22 10:02:28", "elapsed": 358.254462, "delta": 1.846251}}
{"target": -10.13828103455063, "params": {"C": 31682.85999887315, "gamma": 0.04001903633034241}, "datetime": {"datetime": "2021-06-22 10:02:30", "elapsed": 360.111636, "delta": 1.857174}}
{"target": -10.782882051668246, "params": {"C": 31657.67368740854, "gamma": 0.016392503694307083}, "datetime": {"datetime": "2021-06-22 10:02:32", "elapsed": 362.760226, "delta": 2.64859}}
{"target": -10.981952295661648, "params": {"C": 57551.02260204867, "gamma": 0.05567799467697181}, "datetime": {"datetime": "2021-06-22 10:02:35", "elapsed": 365.191281, "delta": 2.431055}}
{"target": -10.666260253612466, "params": {"C": 52276.635047538206, "gamma": 0.048532620572266365}, "datetime": {"datetime": "2021-06-22 10:02:38", "elapsed": 368.104149, "delta": 2.912868}}
{"target": -10.430202482850612, "params": {"C": 34003.54813219546, "gamma": 0.03005080321364518}, "datetime": {"datetime": "2021-06-22 10:02:40", "elapsed": 370.429923, "delta": 2.325774}}
{"target": -10.842546018890198, "params": {"C": 33963.78655180263, "gamma": 0.01479811346959779}, "datetime": {"datetime": "2021-06-22 10:02:42", "elapsed": 372.75366, "delta": 2.323737}}
{"target": -10.23297905832068, "params": {"C": 34042.129788790364, "gamma": 0.04318229003135865}, "datetime": {"datetime": "2021-06-22 10:02:44", "elapsed": 374.769164, "delta": 2.015504}}
{"target": -10.623008802919232, "params": {"C": 34071.468573508064, "gamma": 0.06}, "datetime": {"datetime": "2021-06-22 10:02:46", "elapsed": 376.716041, "delta": 1.946877}}
{"target": -10.514468608618529, "params": {"C": 50497.644916117875, "gamma": 0.034979161260830734}, "datetime": {"datetime": "2021-06-22 10:02:49", "elapsed": 379.427779, "delta": 2.711738}}
{"target": -10.642489252658551, "params": {"C": 45326.65143372791, "gamma": 0.027114404788148604}, "datetime": {"datetime": "2021-06-22 10:02:51", "elapsed": 381.56057, "delta": 2.132791}}
{"target": -10.313724953326224, "params": {"C": 29683.45956381401, "gamma": 0.03209028797736052}, "datetime": {"datetime": "2021-06-22 10:02:53", "elapsed": 383.697682, "delta": 2.137112}}
{"target": -10.138167425004205, "params": {"C": 29715.742685210927, "gamma": 0.04206602987570959}, "datetime": {"datetime": "2021-06-22 10:02:56", "elapsed": 386.204913, "delta": 2.507231}}
{"target": -10.838157832184399, "params": {"C": 29743.501551372712, "gamma": 0.014820300238057265}, "datetime": {"datetime": "2021-06-22 10:02:58", "elapsed": 388.650408, "delta": 2.445495}}
{"target": -10.754587538349677, "params": {"C": 29650.165435085844, "gamma": 0.017128265979113884}, "datetime": {"datetime": "2021-06-22 10:03:00", "elapsed": 390.644482, "delta": 1.994074}}
{"target": -10.613139748682906, "params": {"C": 32291.678429217667, "gamma": 0.02297671649812822}, "datetime": {"datetime": "2021-06-22 10:03:03", "elapsed": 393.80139, "delta": 3.156908}}
{"target": -10.250948490284824, "params": {"C": 37936.400198184456, "gamma": 0.0374361755463851}, "datetime": {"datetime": "2021-06-22 10:03:05", "elapsed": 395.718775, "delta": 1.917385}}
{"target": -10.361374100994592, "params": {"C": 37965.41073509391, "gamma": 0.04533512036848986}, "datetime": {"datetime": "2021-06-22 10:03:08", "elapsed": 398.586409, "delta": 2.867634}}
{"target": -10.633269093647367, "params": {"C": 37908.509685559744, "gamma": 0.024772820465439667}, "datetime": {"datetime": "2021-06-22 10:03:10", "elapsed": 400.813489, "delta": 2.22708}}
{"target": -10.797794432658964, "params": {"C": 38002.08468540111, "gamma": 0.016442821287346195}, "datetime": {"datetime": "2021-06-22 10:03:14", "elapsed": 404.132346, "delta": 3.318857}}
{"target": -10.257998055149358, "params": {"C": 38353.85159523864, "gamma": 0.03784892833719763}, "datetime": {"datetime": "2021-06-22 10:03:16", "elapsed": 406.651201, "delta": 2.518855}}
{"target": -10.62794809497733, "params": {"C": 38324.956817962884, "gamma": 0.05625107319194822}, "datetime": {"datetime": "2021-06-22 10:03:19", "elapsed": 409.185534, "delta": 2.534333}}
{"target": -10.457535075813071, "params": {"C": 38383.919602013586, "gamma": 0.03085118099717013}, "datetime": {"datetime": "2021-06-22 10:03:21", "elapsed": 411.364465, "delta": 2.178931}}
{"target": -10.361591555995066, "params": {"C": 38430.51758820149, "gamma": 0.03365147315128082}, "datetime": {"datetime": "2021-06-22 10:03:24", "elapsed": 414.078199, "delta": 2.713734}}
{"target": -10.633543131770082, "params": {"C": 38468.41713565705, "gamma": 0.056364727248723}, "datetime": {"datetime": "2021-06-22 10:03:26", "elapsed": 416.658752, "delta": 2.580553}}
{"target": -10.73119014516549, "params": {"C": 53809.90316383423, "gamma": 0.05003605251949764}, "datetime": {"datetime": "2021-06-22 10:03:29", "elapsed": 419.708329, "delta": 3.049577}}
{"target": -10.212875900310193, "params": {"C": 36443.29343037483, "gamma": 0.040417687662366295}, "datetime": {"datetime": "2021-06-22 10:03:32", "elapsed": 422.213745, "delta": 2.505416}}
{"target": -10.541159027476477, "params": {"C": 36413.94038434223, "gamma": 0.053947116410990155}, "datetime": {"datetime": "2021-06-22 10:03:34", "elapsed": 424.75951, "delta": 2.545765}}
{"target": -10.666650988533577, "params": {"C": 36474.519254783125, "gamma": 0.05950717732123622}, "datetime": {"datetime": "2021-06-22 10:03:37", "elapsed": 426.952356, "delta": 2.192846}}
{"target": -10.088996641326059, "params": {"C": 21607.55074945438, "gamma": 0.04517762954396881}, "datetime": {"datetime": "2021-06-22 10:03:39", "elapsed": 429.743314, "delta": 2.790958}}
{"target": -10.238015633286105, "params": {"C": 21581.078580366957, "gamma": 0.056810196636493844}, "datetime": {"datetime": "2021-06-22 10:03:42", "elapsed": 431.8835, "delta": 2.140186}}
{"target": -10.307325590006775, "params": {"C": 21634.69966809986, "gamma": 0.028556582190840098}, "datetime": {"datetime": "2021-06-22 10:03:44", "elapsed": 434.542479, "delta": 2.658979}}
{"target": -10.483354381554443, "params": {"C": 21547.72412197868, "gamma": 0.0237512785802175}, "datetime": {"datetime": "2021-06-22 10:03:46", "elapsed": 436.698883, "delta": 2.156404}}
{"target": -10.659175466909891, "params": {"C": 21666.409873251698, "gamma": 0.019536701191942504}, "datetime": {"datetime": "2021-06-22 10:03:50", "elapsed": 440.181261, "delta": 3.482378}}
{"target": -10.33020396945014, "params": {"C": 23609.3391034073, "gamma": 0.058508866962958046}, "datetime": {"datetime": "2021-06-22 10:03:52", "elapsed": 442.391652, "delta": 2.210391}}
{"target": -10.115515275744531, "params": {"C": 23642.86060110312, "gamma": 0.04782785127094657}, "datetime": {"datetime": "2021-06-22 10:03:54", "elapsed": 444.585265, "delta": 2.193613}}
{"target": -10.151310333122556, "params": {"C": 23674.437003112835, "gamma": 0.04968573401898785}, "datetime": {"datetime": "2021-06-22 10:03:57", "elapsed": 447.283871, "delta": 2.698606}}
{"target": -10.128557448230804, "params": {"C": 23701.133208395477, "gamma": 0.048499275239081686}, "datetime": {"datetime": "2021-06-22 10:04:01", "elapsed": 451.123975, "delta": 3.840104}}
{"target": -10.339080895117574, "params": {"C": 23733.9259083952, "gamma": 0.058808374106008074}, "datetime": {"datetime": "2021-06-22 10:04:03", "elapsed": 453.335593, "delta": 2.211618}}
{"target": -10.143414429945324, "params": {"C": 23576.66691376683, "gamma": 0.037876036932720646}, "datetime": {"datetime": "2021-06-22 10:04:06", "elapsed": 455.957379, "delta": 2.621786}}
{"target": -10.100993165550074, "params": {"C": 23548.120893696276, "gamma": 0.04620148367667668}, "datetime": {"datetime": "2021-06-22 10:04:08", "elapsed": 458.173633, "delta": 2.216254}}
{"target": -10.87360072998733, "params": {"C": 23519.966857723517, "gamma": 0.012966314484635807}, "datetime": {"datetime": "2021-06-22 10:04:11", "elapsed": 461.566079, "delta": 3.392446}}
{"target": -10.7896801972351, "params": {"C": 34610.43782227431, "gamma": 0.01639533608318682}, "datetime": {"datetime": "2021-06-22 10:04:14", "elapsed": 464.438032, "delta": 2.871953}}
{"target": -10.333314552541175, "params": {"C": 23201.57889593755, "gamma": 0.05918814086488993}, "datetime": {"datetime": "2021-06-22 10:04:17", "elapsed": 467.744749, "delta": 3.306717}}
{"target": -10.116710294780114, "params": {"C": 23169.777069998818, "gamma": 0.048502276524975935}, "datetime": {"datetime": "2021-06-22 10:04:20", "elapsed": 470.562814, "delta": 2.818065}}
{"target": -10.91296819438163, "params": {"C": 23141.603048378383, "gamma": 0.011484683475175254}, "datetime": {"datetime": "2021-06-22 10:04:23", "elapsed": 473.831644, "delta": 3.26883}}
{"target": -10.801041529674482, "params": {"C": 23238.924448059417, "gamma": 0.015575924525301288}, "datetime": {"datetime": "2021-06-22 10:04:27", "elapsed": 477.212397, "delta": 3.380753}}
{"target": -10.896668978791672, "params": {"C": 57123.01214531659, "gamma": 0.0534132858086345}, "datetime": {"datetime": "2021-06-22 10:04:29", "elapsed": 479.793528, "delta": 2.581131}}
{"target": -10.463437267948878, "params": {"C": 27930.54450201535, "gamma": 0.026405294406604114}, "datetime": {"datetime": "2021-06-22 10:04:32", "elapsed": 482.250436, "delta": 2.456908}}
{"target": -10.881763028421009, "params": {"C": 27884.19284400871, "gamma": 0.013167298986230865}, "datetime": {"datetime": "2021-06-22 10:04:34", "elapsed": 484.748709, "delta": 2.498273}}
{"target": -10.12685307403233, "params": {"C": 27975.085291248706, "gamma": 0.03982891630006558}, "datetime": {"datetime": "2021-06-22 10:04:37", "elapsed": 487.690127, "delta": 2.941418}}
{"target": -10.779719579266157, "params": {"C": 28004.97796498366, "gamma": 0.016427301381117747}, "datetime": {"datetime": "2021-06-22 10:04:40", "elapsed": 490.078237, "delta": 2.38811}}
{"target": -10.991645874113875, "params": {"C": 52895.13882648607, "gamma": 0.010874222046220827}, "datetime": {"datetime": "2021-06-22 10:04:42", "elapsed": 492.536834, "delta": 2.458597}}
{"target": -10.135716801760323, "params": {"C": 21490.076292301375, "gamma": 0.03842005989434211}, "datetime": {"datetime": "2021-06-22 10:04:45", "elapsed": 495.270944, "delta": 2.73411}}
{"target": -10.088685009726227, "params": {"C": 21461.882377637015, "gamma": 0.04792842394452886}, "datetime": {"datetime": "2021-06-22 10:04:48", "elapsed": 498.804884, "delta": 3.53394}}
{"target": -10.19502271996577, "params": {"C": 21516.10116586715, "gamma": 0.0337330022792232}, "datetime": {"datetime": "2021-06-22 10:04:51", "elapsed": 501.812751, "delta": 3.007867}}
{"target": -10.102532783472451, "params": {"C": 21437.846408833047, "gamma": 0.04259417380350995}, "datetime": {"datetime": "2021-06-22 10:04:54", "elapsed": 504.578215, "delta": 2.765464}}
{"target": -10.902314908012425, "params": {"C": 39859.48822103812, "gamma": 0.013195932912493168}, "datetime": {"datetime": "2021-06-22 10:04:57", "elapsed": 507.210422, "delta": 2.632207}}
{"target": -10.955214204352897, "params": {"C": 50921.02685008593, "gamma": 0.05862520430346976}, "datetime": {"datetime": "2021-06-22 10:05:00", "elapsed": 510.550913, "delta": 3.340491}}
{"target": -10.455547718270255, "params": {"C": 47278.17116943434, "gamma": 0.038089272783036296}, "datetime": {"datetime": "2021-06-22 10:05:03", "elapsed": 513.102207, "delta": 2.551294}}
{"target": -10.677341116781303, "params": {"C": 47232.60219235846, "gamma": 0.05168976743390221}, "datetime": {"datetime": "2021-06-22 10:05:06", "elapsed": 516.097709, "delta": 2.995502}}
{"target": -11.021109694713202, "params": {"C": 47324.621374323324, "gamma": 0.009175533573595195}, "datetime": {"datetime": "2021-06-22 10:05:08", "elapsed": 518.810461, "delta": 2.712752}}
{"target": -10.387335973651535, "params": {"C": 28644.61055657886, "gamma": 0.05468764260570854}, "datetime": {"datetime": "2021-06-22 10:05:12", "elapsed": 522.601752, "delta": 3.791291}}
{"target": -10.34189974818242, "params": {"C": 28606.41411022363, "gamma": 0.030491164845473595}, "datetime": {"datetime": "2021-06-22 10:05:15", "elapsed": 525.518887, "delta": 2.917135}}
{"target": -10.377144954912131, "params": {"C": 28571.17911681893, "gamma": 0.029374585879114422}, "datetime": {"datetime": "2021-06-22 10:05:19", "elapsed": 528.882877, "delta": 3.36399}}
{"target": -10.125359717885443, "params": {"C": 28534.77166967716, "gamma": 0.04242006226680786}, "datetime": {"datetime": "2021-06-22 10:05:21", "elapsed": 531.722706, "delta": 2.839829}}
{"target": -10.812493204138223, "params": {"C": 28506.43253490362, "gamma": 0.015538064870080899}, "datetime": {"datetime": "2021-06-22 10:05:24", "elapsed": 534.214258, "delta": 2.491552}}
{"target": -10.534331998095581, "params": {"C": 28684.322629676055, "gamma": 0.024272902701311674}, "datetime": {"datetime": "2021-06-22 10:05:26", "elapsed": 536.816531, "delta": 2.602273}}
{"target": -10.939588298771739, "params": {"C": 50092.33977217339, "gamma": 0.012710680219407121}, "datetime": {"datetime": "2021-06-22 10:05:30", "elapsed": 540.276157, "delta": 3.459626}}
{"target": -10.11077872354293, "params": {"C": 24792.07856029242, "gamma": 0.04142835001012927}, "datetime": {"datetime": "2021-06-22 10:05:32", "elapsed": 542.79828, "delta": 2.522123}}
{"target": -10.12560311406448, "params": {"C": 24766.517493620075, "gamma": 0.03947878039134324}, "datetime": {"datetime": "2021-06-22 10:05:35", "elapsed": 545.353743, "delta": 2.555463}}
{"target": -10.107670107375402, "params": {"C": 24823.117918750795, "gamma": 0.04194134792520381}, "datetime": {"datetime": "2021-06-22 10:05:38", "elapsed": 547.959661, "delta": 2.605918}}
{"target": -10.59750424475486, "params": {"C": 24849.940828593288, "gamma": 0.021079588310307637}, "datetime": {"datetime": "2021-06-22 10:05:41", "elapsed": 550.969572, "delta": 3.009911}}
{"target": -10.133834629351828, "params": {"C": 24738.499148975337, "gamma": 0.03869312469098941}, "datetime": {"datetime": "2021-06-22 10:05:44", "elapsed": 554.131051, "delta": 3.161479}}
{"target": -10.104105364301578, "params": {"C": 24710.103864975354, "gamma": 0.044887289716862816}, "datetime": {"datetime": "2021-06-22 10:05:47", "elapsed": 557.06743, "delta": 2.936379}}
{"target": -10.824709944741235, "params": {"C": 24673.12229521281, "gamma": 0.014902370280463172}, "datetime": {"datetime": "2021-06-22 10:05:49", "elapsed": 559.675103, "delta": 2.607673}}
{"target": -10.9862557266456, "params": {"C": 49739.05775644492, "gamma": 0.010812353453557712}, "datetime": {"datetime": "2021-06-22 10:05:52", "elapsed": 562.807954, "delta": 3.132851}}
{"target": -10.862987276366635, "params": {"C": 55809.569396727726, "gamma": 0.02318645173371932}, "datetime": {"datetime": "2021-06-22 10:05:57", "elapsed": 567.322047, "delta": 4.514093}}
{"target": -10.657349025913287, "params": {"C": 58139.74442014205, "gamma": 0.03177870624543913}, "datetime": {"datetime": "2021-06-22 10:06:01", "elapsed": 571.019027, "delta": 3.69698}}
{"target": -10.685385478402424, "params": {"C": 56522.20629602996, "gamma": 0.029122346018617823}, "datetime": {"datetime": "2021-06-22 10:06:04", "elapsed": 574.215998, "delta": 3.196971}}
{"target": -10.82609255001501, "params": {"C": 56163.87686256854, "gamma": 0.051749256525886606}, "datetime": {"datetime": "2021-06-22 10:06:06", "elapsed": 576.830301, "delta": 2.614303}}
{"target": -10.63664518912573, "params": {"C": 51287.04612343451, "gamma": 0.047947814570100375}, "datetime": {"datetime": "2021-06-22 10:06:10", "elapsed": 579.883412, "delta": 3.053111}}
{"target": -11.019660023926821, "params": {"C": 48768.058840468206, "gamma": 0.009326394145851973}, "datetime": {"datetime": "2021-06-22 10:06:13", "elapsed": 583.059901, "delta": 3.176489}}
{"target": -10.324803629188938, "params": {"C": 40954.7905650651, "gamma": 0.04166447799155076}, "datetime": {"datetime": "2021-06-22 10:06:16", "elapsed": 586.103288, "delta": 3.043387}}
{"target": -10.743665033717246, "params": {"C": 40919.386144549106, "gamma": 0.058639572626315986}, "datetime": {"datetime": "2021-06-22 10:06:18", "elapsed": 588.816359, "delta": 2.713071}}
{"target": -10.850667188340198, "params": {"C": 40988.79018997768, "gamma": 0.01509424786186489}, "datetime": {"datetime": "2021-06-22 10:06:22", "elapsed": 592.732273, "delta": 3.915914}}
{"target": -10.141039691139618, "params": {"C": 20236.545329855904, "gamma": 0.03805735177029821}, "datetime": {"datetime": "2021-06-22 10:06:27", "elapsed": 597.403803, "delta": 4.67153}}
{"target": -10.892176006580586, "params": {"C": 20205.968106005454, "gamma": 0.012110973656263962}, "datetime": {"datetime": "2021-06-22 10:06:30", "elapsed": 600.306536, "delta": 2.902733}}
{"target": -10.935106025239605, "params": {"C": 20263.785451511023, "gamma": 0.011305588019513741}, "datetime": {"datetime": "2021-06-22 10:06:33", "elapsed": 603.09684, "delta": 2.790304}}
{"target": -10.653623837708352, "params": {"C": 51859.978012747044, "gamma": 0.04827824655233763}, "datetime": {"datetime": "2021-06-22 10:06:35", "elapsed": 605.720686, "delta": 2.623846}}
{"target": -10.44600911533702, "params": {"C": 35646.261047334614, "gamma": 0.05046943269797886}, "datetime": {"datetime": "2021-06-22 10:06:38", "elapsed": 608.452346, "delta": 2.73166}}
{"target": -10.314645146926752, "params": {"C": 35602.2322907708, "gamma": 0.045208027426444655}, "datetime": {"datetime": "2021-06-22 10:06:41", "elapsed": 611.230158, "delta": 2.777812}}
{"target": -10.232826436473642, "params": {"C": 35567.55908187323, "gamma": 0.03648205103427682}, "datetime": {"datetime": "2021-06-22 10:06:44", "elapsed": 614.204519, "delta": 2.974361}}
{"target": -10.983777172023702, "params": {"C": 35535.75478136162, "gamma": 0.009630873677144275}, "datetime": {"datetime": "2021-06-22 10:06:48", "elapsed": 618.700523, "delta": 4.496004}}
{"target": -10.86593547727978, "params": {"C": 35695.49583146525, "gamma": 0.014171981210000769}, "datetime": {"datetime": "2021-06-22 10:06:51", "elapsed": 621.593974, "delta": 2.893451}}
{"target": -10.98228085223183, "params": {"C": 36070.43736312991, "gamma": 0.009711901294850145}, "datetime": {"datetime": "2021-06-22 10:06:55", "elapsed": 625.394317, "delta": 3.800343}}
{"target": -10.659292907334232, "params": {"C": 44015.66365557359, "gamma": 0.05305882055303471}, "datetime": {"datetime": "2021-06-22 10:06:58", "elapsed": 628.584897, "delta": 3.19058}}
{"target": -10.725656754012292, "params": {"C": 55216.259668140854, "gamma": 0.04921251155595733}, "datetime": {"datetime": "2021-06-22 10:07:02", "elapsed": 632.395023, "delta": 3.810126}}
{"target": -10.8066650393509, "params": {"C": 46746.25792472165, "gamma": 0.05647503216236444}, "datetime": {"datetime": "2021-06-22 10:07:05", "elapsed": 635.152603, "delta": 2.75758}}
{"target": -10.35918002564899, "params": {"C": 31880.550874406, "gamma": 0.031549254552018784}, "datetime": {"datetime": "2021-06-22 10:07:08", "elapsed": 638.311419, "delta": 3.158816}}
