{"target": -16.289346663758035, "params": {"C": 3084.5296952386634, "gamma": 0.04707171760019187}, "datetime": {"datetime": "2021-06-28 16:47:12", "elapsed": 9.730318, "delta": 0.440997}}
{"target": -15.934854215600913, "params": {"C": 3271.180193770857, "gamma": 0.03283815655650309}, "datetime": {"datetime": "2021-06-28 16:47:13", "elapsed": 10.161317, "delta": 0.430999}}
{"target": -16.8614938902512, "params": {"C": 3335.207824238574, "gamma": 0.06}, "datetime": {"datetime": "2021-06-28 16:47:13", "elapsed": 10.817712, "delta": 0.656395}}
{"target": -16.008306267784754, "params": {"C": 3232.452507734839, "gamma": 0.03716326330003997}, "datetime": {"datetime": "2021-06-28 16:47:14", "elapsed": 11.290452, "delta": 0.47274}}
{"target": -16.26485620238293, "params": {"C": 2358.6368448054077, "gamma": 0.04618604847943786}, "datetime": {"datetime": "2021-06-28 16:47:14", "elapsed": 11.700451, "delta": 0.409999}}
{"target": -16.270310497662688, "params": {"C": 1521.0394925252217, "gamma": 0.03922535062232399}, "datetime": {"datetime": "2021-06-28 16:47:15", "elapsed": 12.130071, "delta": 0.42962}}
{"target": -16.77546033313356, "params": {"C": 3925.7766852050813, "gamma": 0.05711378121323796}, "datetime": {"datetime": "2021-06-28 16:47:15", "elapsed": 12.607068, "delta": 0.476997}}
{"target": -16.771298069543857, "params": {"C": 2469.102146126582, "gamma": 0.05897242046408653}, "datetime": {"datetime": "2021-06-28 16:47:16", "elapsed": 13.139917, "delta": 0.532849}}
{"target": -15.966869894061494, "params": {"C": 2250.9921064588975, "gamma": 0.03}, "datetime": {"datetime": "2021-06-28 16:47:16", "elapsed": 13.640927, "delta": 0.50101}}
{"target": -16.133927085628507, "params": {"C": 1630.78824912902, "gamma": 0.03}, "datetime": {"datetime": "2021-06-28 16:47:17", "elapsed": 14.127931, "delta": 0.487004}}
{"target": -16.452125123429834, "params": {"C": 2973.218069417272, "gamma": 0.051436864405908514}, "datetime": {"datetime": "2021-06-28 16:47:17", "elapsed": 14.697477, "delta": 0.569546}}
{"target": -17.002941643503945, "params": {"C": 1415.6154939692783, "gamma": 0.06}, "datetime": {"datetime": "2021-06-28 16:47:18", "elapsed": 15.230499, "delta": 0.533022}}
{"target": -15.982459859996826, "params": {"C": 4796.749437456589, "gamma": 0.03}, "datetime": {"datetime": "2021-06-28 16:47:18", "elapsed": 15.813501, "delta": 0.583002}}
{"target": -16.335085929987137, "params": {"C": 4342.763318442747, "gamma": 0.04597109457385322}, "datetime": {"datetime": "2021-06-28 16:47:19", "elapsed": 16.267123, "delta": 0.453622}}
{"target": -16.933298897155275, "params": {"C": 4053.917435306899, "gamma": 0.06}, "datetime": {"datetime": "2021-06-28 16:47:19", "elapsed": 16.70374, "delta": 0.436617}}
{"target": -16.064201308542906, "params": {"C": 3798.4065121643157, "gamma": 0.03846292623254504}, "datetime": {"datetime": "2021-06-28 16:47:20", "elapsed": 17.260911, "delta": 0.557171}}
{"target": -15.978283598354157, "params": {"C": 2182.40593489424, "gamma": 0.03}, "datetime": {"datetime": "2021-06-28 16:47:20", "elapsed": 17.74691, "delta": 0.485999}}
{"target": -15.987526796709611, "params": {"C": 4864.120998526833, "gamma": 0.03}, "datetime": {"datetime": "2021-06-28 16:47:21", "elapsed": 18.219954, "delta": 0.473044}}
{"target": -17.010943092518723, "params": {"C": 4730.022285218995, "gamma": 0.06}, "datetime": {"datetime": "2021-06-28 16:47:21", "elapsed": 18.769371, "delta": 0.549417}}
{"target": -16.26301973178582, "params": {"C": 1701.6266249518355, "gamma": 0.042087649526714704}, "datetime": {"datetime": "2021-06-28 16:47:22", "elapsed": 19.24854, "delta": 0.479169}}
{"target": -16.23831831618177, "params": {"C": 3435.5806387187995, "gamma": 0.04513290441131227}, "datetime": {"datetime": "2021-06-28 16:47:22", "elapsed": 19.703538, "delta": 0.454998}}
{"target": -15.946257226173403, "params": {"C": 4273.276180285147, "gamma": 0.03}, "datetime": {"datetime": "2021-06-28 16:47:23", "elapsed": 20.17654, "delta": 0.473002}}
{"target": -16.075077459565048, "params": {"C": 3740.068990086987, "gamma": 0.03904339274778083}, "datetime": {"datetime": "2021-06-28 16:47:23", "elapsed": 20.652537, "delta": 0.475997}}
{"target": -16.719370802950696, "params": {"C": 2545.6112781930556, "gamma": 0.05784075611030963}, "datetime": {"datetime": "2021-06-28 16:47:24", "elapsed": 21.190138, "delta": 0.537601}}
{"target": -15.9148898763379, "params": {"C": 2908.392251388297, "gamma": 0.03075194331402482}, "datetime": {"datetime": "2021-06-28 16:47:24", "elapsed": 21.791137, "delta": 0.600999}}
{"target": -16.329536055009115, "params": {"C": 2303.0969194353006, "gamma": 0.04798139956516467}, "datetime": {"datetime": "2021-06-28 16:47:25", "elapsed": 22.267821, "delta": 0.476684}}
{"target": -15.923357298188211, "params": {"C": 3856.6944673871544, "gamma": 0.03}, "datetime": {"datetime": "2021-06-28 16:47:25", "elapsed": 22.787508, "delta": 0.519687}}
{"target": -16.374613152625106, "params": {"C": 1575.7880757941698, "gamma": 0.04461038785475777}, "datetime": {"datetime": "2021-06-28 16:47:26", "elapsed": 23.278563, "delta": 0.491055}}
{"target": -16.24306191688173, "params": {"C": 4407.183149965244, "gamma": 0.04314560239006599}, "datetime": {"datetime": "2021-06-28 16:47:26", "elapsed": 23.890565, "delta": 0.612002}}
{"target": -15.907295382863968, "params": {"C": 3032.4662912266476, "gamma": 0.03}, "datetime": {"datetime": "2021-06-28 16:47:27", "elapsed": 24.400558, "delta": 0.509993}}
{"target": -16.13249899147972, "params": {"C": 2409.405187960934, "gamma": 0.04186540575015029}, "datetime": {"datetime": "2021-06-28 16:47:28", "elapsed": 24.983913, "delta": 0.583355}}
{"target": -16.010124263465364, "params": {"C": 4831.050838337566, "gamma": 0.031931256211216646}, "datetime": {"datetime": "2021-06-28 16:47:28", "elapsed": 25.68291, "delta": 0.698997}}
{"target": -15.937028419148122, "params": {"C": 4119.330531218832, "gamma": 0.03}, "datetime": {"datetime": "2021-06-28 16:47:29", "elapsed": 26.397506, "delta": 0.714596}}
{"target": -16.285520564894078, "params": {"C": 1351.8524855345154, "gamma": 0.0333167812464287}, "datetime": {"datetime": "2021-06-28 16:47:30", "elapsed": 27.579357, "delta": 1.181851}}
{"target": -16.68813665548857, "params": {"C": 2215.726843474545, "gamma": 0.056905953259534695}, "datetime": {"datetime": "2021-06-28 16:47:31", "elapsed": 28.229361, "delta": 0.650004}}
{"target": -15.985968524804273, "params": {"C": 2140.3452849397554, "gamma": 0.03}, "datetime": {"datetime": "2021-06-28 16:47:32", "elapsed": 29.1735, "delta": 0.944139}}
{"target": -16.188367378708097, "params": {"C": 3987.721355163983, "gamma": 0.04246874118596969}, "datetime": {"datetime": "2021-06-28 16:47:33", "elapsed": 30.028503, "delta": 0.855003}}
{"target": -16.04224914533282, "params": {"C": 3393.046215284135, "gamma": 0.038432772652021066}, "datetime": {"datetime": "2021-06-28 16:47:34", "elapsed": 31.646417, "delta": 1.617914}}
{"target": -16.24362093455037, "params": {"C": 1475.8825248829667, "gamma": 0.036228606150261244}, "datetime": {"datetime": "2021-06-28 16:47:35", "elapsed": 32.266662, "delta": 0.620245}}
{"target": -16.84538227833862, "params": {"C": 3132.233970637385, "gamma": 0.06}, "datetime": {"datetime": "2021-06-28 16:47:35", "elapsed": 32.860271, "delta": 0.593609}}
{"target": -16.169647260114605, "params": {"C": 4907.384239453537, "gamma": 0.039263678691153936}, "datetime": {"datetime": "2021-06-28 16:47:36", "elapsed": 33.485876, "delta": 0.625605}}
{"target": -16.09308121671881, "params": {"C": 4303.826391390552, "gamma": 0.038201227279493065}, "datetime": {"datetime": "2021-06-28 16:47:37", "elapsed": 34.114876, "delta": 0.629}}
{"target": -16.545041255861285, "params": {"C": 1666.011935364717, "gamma": 0.050901083448402024}, "datetime": {"datetime": "2021-06-28 16:47:37", "elapsed": 34.653874, "delta": 0.538998}}
{"target": -16.444615454546955, "params": {"C": 1742.9164563870527, "gamma": 0.04867661365565829}, "datetime": {"datetime": "2021-06-28 16:47:38", "elapsed": 35.148882, "delta": 0.495008}}
{"target": -16.501747153621633, "params": {"C": 3830.4115567017684, "gamma": 0.0512953760411377}, "datetime": {"datetime": "2021-06-28 16:47:38", "elapsed": 35.69988, "delta": 0.550998}}
{"target": -16.107909165812952, "params": {"C": 3768.855448542652, "gamma": 0.04022467598860238}, "datetime": {"datetime": "2021-06-28 16:47:39", "elapsed": 36.236258, "delta": 0.536378}}
{"target": -15.909820269725694, "params": {"C": 3480.6781322849356, "gamma": 0.03}, "datetime": {"datetime": "2021-06-28 16:47:39", "elapsed": 36.758059, "delta": 0.521801}}
{"target": -16.846617003242006, "params": {"C": 3884.7345599088057, "gamma": 0.05864434979451895}, "datetime": {"datetime": "2021-06-28 16:47:40", "elapsed": 37.315491, "delta": 0.557432}}
{"target": -16.95390374842689, "params": {"C": 4238.164202549063, "gamma": 0.06}, "datetime": {"datetime": "2021-06-28 16:47:40", "elapsed": 37.966492, "delta": 0.651001}}
{"target": -16.037292543710823, "params": {"C": 4513.137772950595, "gamma": 0.03495839121567387}, "datetime": {"datetime": "2021-06-28 16:47:41", "elapsed": 38.614359, "delta": 0.647867}}
{"target": -16.4779588459177, "params": {"C": 2879.8296900030127, "gamma": 0.05214453206967122}, "datetime": {"datetime": "2021-06-28 16:47:42", "elapsed": 39.202578, "delta": 0.588219}}
{"target": -16.047540328839, "params": {"C": 4147.167254743874, "gamma": 0.03674962787609422}, "datetime": {"datetime": "2021-06-28 16:47:42", "elapsed": 39.75558, "delta": 0.553002}}
{"target": -16.577400019707593, "params": {"C": 2936.449761643077, "gamma": 0.05444791355248767}, "datetime": {"datetime": "2021-06-28 16:47:43", "elapsed": 40.367577, "delta": 0.611997}}
{"target": -15.914176674970903, "params": {"C": 2804.4544717999324, "gamma": 0.03}, "datetime": {"datetime": "2021-06-28 16:47:44", "elapsed": 41.087286, "delta": 0.719709}}
{"target": -15.916904374565277, "params": {"C": 3704.7310149544146, "gamma": 0.03}, "datetime": {"datetime": "2021-06-28 16:47:44", "elapsed": 41.619967, "delta": 0.532681}}
{"target": -16.115080127018814, "params": {"C": 3006.5068252911187, "gamma": 0.04169224417475437}, "datetime": {"datetime": "2021-06-28 16:47:45", "elapsed": 42.248134, "delta": 0.628167}}
{"target": -16.04577746289383, "params": {"C": 1917.875606692623, "gamma": 0.0325838996637826}, "datetime": {"datetime": "2021-06-28 16:47:45", "elapsed": 42.813942, "delta": 0.565808}}
{"target": -16.165450115827763, "params": {"C": 2273.344788315767, "gamma": 0.042656204213581794}, "datetime": {"datetime": "2021-06-28 16:47:46", "elapsed": 43.321542, "delta": 0.5076}}
{"target": -16.0600054162461, "params": {"C": 4376.879749549387, "gamma": 0.03654985848690339}, "datetime": {"datetime": "2021-06-28 16:47:46", "elapsed": 43.845539, "delta": 0.523997}}
{"target": -15.999773036816704, "params": {"C": 2161.6826927589454, "gamma": 0.033203324351239696}, "datetime": {"datetime": "2021-06-28 16:47:47", "elapsed": 44.581541, "delta": 0.736002}}
{"target": -16.65070880749732, "params": {"C": 3961.091375661149, "gamma": 0.05440377603081131}, "datetime": {"datetime": "2021-06-28 16:47:48", "elapsed": 45.253633, "delta": 0.672092}}
{"target": -15.999072330880566, "params": {"C": 3205.1990505309313, "gamma": 0.03675092277321285}, "datetime": {"datetime": "2021-06-28 16:47:48", "elapsed": 45.910634, "delta": 0.657001}}
{"target": -16.396629899839752, "params": {"C": 3056.942607531052, "gamma": 0.0499639226743501}, "datetime": {"datetime": "2021-06-28 16:47:49", "elapsed": 46.551264, "delta": 0.64063}}
{"target": -15.928057458942737, "params": {"C": 2583.3682155217452, "gamma": 0.03}, "datetime": {"datetime": "2021-06-28 16:47:50", "elapsed": 47.088828, "delta": 0.537564}}
{"target": -16.37213094075346, "params": {"C": 4769.664888414769, "gamma": 0.045951203925000336}, "datetime": {"datetime": "2021-06-28 16:47:50", "elapsed": 47.730824, "delta": 0.641996}}
{"target": -16.60926595446903, "params": {"C": 1605.4946216386004, "gamma": 0.05211084672057176}, "datetime": {"datetime": "2021-06-28 16:47:51", "elapsed": 48.394828, "delta": 0.664004}}
{"target": -16.677507723232793, "params": {"C": 4015.1412680628637, "gamma": 0.05487141869521741}, "datetime": {"datetime": "2021-06-28 16:47:52", "elapsed": 49.031222, "delta": 0.636394}}
{"target": -16.562403266492446, "params": {"C": 3295.750213619557, "gamma": 0.05365463784813745}, "datetime": {"datetime": "2021-06-28 16:47:52", "elapsed": 49.546222, "delta": 0.515}}
{"target": -16.63898093755493, "params": {"C": 4093.408089742027, "gamma": 0.05387365016259025}, "datetime": {"datetime": "2021-06-28 16:47:53", "elapsed": 50.121225, "delta": 0.575003}}
{"target": -15.974058340590108, "params": {"C": 4682.666385897066, "gamma": 0.03}, "datetime": {"datetime": "2021-06-28 16:47:53", "elapsed": 50.708224, "delta": 0.586999}}
{"target": -16.277724996238497, "params": {"C": 2385.415811016264, "gamma": 0.046627965880717694}, "datetime": {"datetime": "2021-06-28 16:47:54", "elapsed": 51.300503, "delta": 0.592279}}
{"target": -15.969866640660104, "params": {"C": 3462.05507416739, "gamma": 0.034783649009526116}, "datetime": {"datetime": "2021-06-28 16:47:55", "elapsed": 51.976503, "delta": 0.676}}
{"target": -16.22323407810637, "params": {"C": 2013.8338988876872, "gamma": 0.04347621483304491}, "datetime": {"datetime": "2021-06-28 16:47:55", "elapsed": 52.652964, "delta": 0.676461}}
{"target": -16.44375445619467, "params": {"C": 4885.756534697193, "gamma": 0.0475482392065537}, "datetime": {"datetime": "2021-06-28 16:47:56", "elapsed": 53.720608, "delta": 1.067644}}
{"target": -15.993090627644335, "params": {"C": 4937.043497384155, "gamma": 0.03}, "datetime": {"datetime": "2021-06-28 16:47:57", "elapsed": 54.39995, "delta": 0.679342}}
{"target": -16.803029779770025, "params": {"C": 2436.2728545254968, "gamma": 0.059652529055998715}, "datetime": {"datetime": "2021-06-28 16:47:58", "elapsed": 55.32695, "delta": 0.927}}
{"target": -16.271618906649444, "params": {"C": 1547.9877758557677, "gamma": 0.03989933634960669}, "datetime": {"datetime": "2021-06-28 16:47:59", "elapsed": 56.265953, "delta": 0.939003}}
{"target": -15.990860439647959, "params": {"C": 2115.025917349949, "gamma": 0.03}, "datetime": {"datetime": "2021-06-28 16:48:00", "elapsed": 57.014946, "delta": 0.748993}}
{"target": -15.924705733601838, "params": {"C": 3599.206425934437, "gamma": 0.031221281903341336}, "datetime": {"datetime": "2021-06-28 16:48:00", "elapsed": 57.671949, "delta": 0.657003}}
{"target": -16.044641332321028, "params": {"C": 3370.389338321282, "gamma": 0.03857202494087663}, "datetime": {"datetime": "2021-06-28 16:48:01", "elapsed": 58.295951, "delta": 0.624002}}
{"target": -16.992387944845213, "params": {"C": 4571.988989344208, "gamma": 0.06}, "datetime": {"datetime": "2021-06-28 16:48:02", "elapsed": 58.986952, "delta": 0.691001}}
{"target": -15.97183622603088, "params": {"C": 4439.540361629456, "gamma": 0.03126354835821586}, "datetime": {"datetime": "2021-06-28 16:48:02", "elapsed": 59.629949, "delta": 0.642997}}
{"target": -16.25922642519899, "params": {"C": 4531.144075770679, "gamma": 0.04332019076546154}, "datetime": {"datetime": "2021-06-28 16:48:03", "elapsed": 60.336948, "delta": 0.706999}}
{"target": -16.10988035826597, "params": {"C": 2505.0554636489173, "gamma": 0.041231830341321406}, "datetime": {"datetime": "2021-06-28 16:48:04", "elapsed": 60.975948, "delta": 0.639}}
{"target": -16.095737079583454, "params": {"C": 4612.959187728149, "gamma": 0.03730515761943317}, "datetime": {"datetime": "2021-06-28 16:48:04", "elapsed": 61.685947, "delta": 0.709999}}
{"target": -16.295267283123273, "params": {"C": 1326.975210253143, "gamma": 0.03}, "datetime": {"datetime": "2021-06-28 16:48:05", "elapsed": 62.540952, "delta": 0.855005}}
{"target": -16.59922675749644, "params": {"C": 2331.3292479500146, "gamma": 0.05499092306811795}, "datetime": {"datetime": "2021-06-28 16:48:06", "elapsed": 63.313949, "delta": 0.772997}}
{"target": -16.18935689575677, "params": {"C": 2695.4969271008667, "gamma": 0.04423224129832774}, "datetime": {"datetime": "2021-06-28 16:48:07", "elapsed": 64.058949, "delta": 0.745}}
{"target": -16.200176048661344, "params": {"C": 3252.907406310388, "gamma": 0.04425652035028123}, "datetime": {"datetime": "2021-06-28 16:48:07", "elapsed": 64.795951, "delta": 0.737002}}
{"target": -16.228970984674916, "params": {"C": 2741.9808065460174, "gamma": 0.04548537080220388}, "datetime": {"datetime": "2021-06-28 16:48:08", "elapsed": 65.56395, "delta": 0.767999}}
{"target": -16.020406794607737, "params": {"C": 3502.7075958370187, "gamma": 0.03726641821499571}, "datetime": {"datetime": "2021-06-28 16:48:09", "elapsed": 66.270946, "delta": 0.706996}}
{"target": -16.72785167030791, "params": {"C": 1450.6113554459323, "gamma": 0.05360817544435575}, "datetime": {"datetime": "2021-06-28 16:48:10", "elapsed": 67.03595, "delta": 0.765004}}
{"target": -16.560568673458686, "params": {"C": 1379.815101892398, "gamma": 0.047770226467771154}, "datetime": {"datetime": "2021-06-28 16:48:10", "elapsed": 67.680944, "delta": 0.644994}}
{"target": -15.988258304889403, "params": {"C": 3720.8776255140156, "gamma": 0.03515207865160819}, "datetime": {"datetime": "2021-06-28 16:48:11", "elapsed": 68.43595, "delta": 0.755006}}
{"target": -16.190271383826005, "params": {"C": 1967.4503257035485, "gamma": 0.04191202525877579}, "datetime": {"datetime": "2021-06-28 16:48:12", "elapsed": 69.089948, "delta": 0.653998}}
{"target": -16.45701762943984, "params": {"C": 1861.1398897988088, "gamma": 0.04987007115998808}, "datetime": {"datetime": "2021-06-28 16:48:12", "elapsed": 69.782948, "delta": 0.693}}
{"target": -16.351714498781277, "params": {"C": 1497.3138472580954, "gamma": 0.04245289143723542}, "datetime": {"datetime": "2021-06-28 16:48:13", "elapsed": 70.449949, "delta": 0.667001}}
{"target": -16.0659275535701, "params": {"C": 4698.97101844419, "gamma": 0.03565319867241235}, "datetime": {"datetime": "2021-06-28 16:48:14", "elapsed": 71.126949, "delta": 0.677}}
{"target": -16.434805589911246, "params": {"C": 4848.347584775498, "gamma": 0.04740875374881565}, "datetime": {"datetime": "2021-06-28 16:48:14", "elapsed": 71.77195, "delta": 0.645001}}
{"target": -16.181815355780664, "params": {"C": 4814.221807802435, "gamma": 0.03999368302836767}, "datetime": {"datetime": "2021-06-28 16:48:15", "elapsed": 72.571948, "delta": 0.799998}}
{"target": -15.99047173551754, "params": {"C": 2820.4015958279497, "gamma": 0.036389649719737606}, "datetime": {"datetime": "2021-06-28 16:48:16", "elapsed": 73.304152, "delta": 0.732204}}
{"target": -16.065894476436775, "params": {"C": 2598.2485834958916, "gamma": 0.039640693591988074}, "datetime": {"datetime": "2021-06-28 16:48:17", "elapsed": 74.155148, "delta": 0.850996}}
{"target": -16.056171638252135, "params": {"C": 4287.3048351104935, "gamma": 0.03668037999678458}, "datetime": {"datetime": "2021-06-28 16:48:17", "elapsed": 74.969033, "delta": 0.813885}}
{"target": -15.916187886642833, "params": {"C": 3685.8180602295256, "gamma": 0.03}, "datetime": {"datetime": "2021-06-28 16:48:18", "elapsed": 75.677224, "delta": 0.708191}}
{"target": -16.131308848723, "params": {"C": 1721.7702444917356, "gamma": 0.035442978840079915}, "datetime": {"datetime": "2021-06-28 16:48:19", "elapsed": 76.447838, "delta": 0.770614}}
{"target": -17.024416280374453, "params": {"C": 4923.625140671806, "gamma": 0.05982442196549308}, "datetime": {"datetime": "2021-06-28 16:48:20", "elapsed": 77.198246, "delta": 0.750408}}
{"target": -16.716061562629157, "params": {"C": 4957.910735304258, "gamma": 0.05365408932040231}, "datetime": {"datetime": "2021-06-28 16:48:21", "elapsed": 77.988864, "delta": 0.790618}}
{"target": -16.137070625567006, "params": {"C": 2649.292031515256, "gamma": 0.04243971458860996}, "datetime": {"datetime": "2021-06-28 16:48:21", "elapsed": 78.670506, "delta": 0.681642}}
{"target": -16.081059197623798, "params": {"C": 1771.1392512523225, "gamma": 0.03}, "datetime": {"datetime": "2021-06-28 16:48:22", "elapsed": 79.365759, "delta": 0.695253}}
{"target": -15.998392317510401, "params": {"C": 3413.4738885182605, "gamma": 0.03639866578887798}, "datetime": {"datetime": "2021-06-28 16:48:23", "elapsed": 80.105752, "delta": 0.739993}}
{"target": -15.994484541937384, "params": {"C": 3105.8596213152437, "gamma": 0.03661602327088854}, "datetime": {"datetime": "2021-06-28 16:48:24", "elapsed": 80.986409, "delta": 0.880657}}
{"target": -16.07886931743285, "params": {"C": 4495.696587613336, "gamma": 0.03698062791152211}, "datetime": {"datetime": "2021-06-28 16:48:24", "elapsed": 81.779727, "delta": 0.793318}}
{"target": -16.07089147263656, "params": {"C": 1900.957526424529, "gamma": 0.03481110614554455}, "datetime": {"datetime": "2021-06-28 16:48:25", "elapsed": 82.564317, "delta": 0.78459}}
{"target": -16.334143121936847, "params": {"C": 2787.4166545590588, "gamma": 0.048499747473283554}, "datetime": {"datetime": "2021-06-28 16:48:26", "elapsed": 83.257708, "delta": 0.693391}}
{"target": -15.941034278028482, "params": {"C": 4133.239865048764, "gamma": 0.03031765177331878}, "datetime": {"datetime": "2021-06-28 16:48:26", "elapsed": 83.940704, "delta": 0.682996}}
{"target": -16.899048403580423, "params": {"C": 4322.953899706646, "gamma": 0.05875050795834412}, "datetime": {"datetime": "2021-06-28 16:48:27", "elapsed": 84.742708, "delta": 0.802004}}
{"target": -16.375092157133896, "params": {"C": 4360.507942738748, "gamma": 0.04700571964509426}, "datetime": {"datetime": "2021-06-28 16:48:28", "elapsed": 85.712141, "delta": 0.969433}}
{"target": -16.882098317370716, "params": {"C": 3561.5203308106356, "gamma": 0.06}, "datetime": {"datetime": "2021-06-28 16:48:29", "elapsed": 86.449829, "delta": 0.737688}}
{"target": -16.306259836051083, "params": {"C": 2521.659385201824, "gamma": 0.04764668774461532}, "datetime": {"datetime": "2021-06-28 16:48:30", "elapsed": 87.272575, "delta": 0.822746}}
