{"target": -18.892771224467054, "params": {"C": 40.23939558998877, "gamma": 0.009916553568721044}, "datetime": {"datetime": "2021-06-21 22:40:04", "elapsed": 264.872592, "delta": 5.711865}}
{"target": -19.638342806912124, "params": {"C": 26.391412125072087, "gamma": 0.01924477098903918}, "datetime": {"datetime": "2021-06-21 22:40:10", "elapsed": 270.31909, "delta": 5.446498}}
{"target": -22.610694425389063, "params": {"C": 13.065763958021009, "gamma": 0.044284219951874065}, "datetime": {"datetime": "2021-06-21 22:40:15", "elapsed": 275.6971, "delta": 5.37801}}
{"target": -18.889343316667404, "params": {"C": 38.58505743360312, "gamma": 0.01102572917823051}, "datetime": {"datetime": "2021-06-21 22:40:20", "elapsed": 280.91997, "delta": 5.22287}}
{"target": -18.375748362100378, "params": {"C": 47.80877427681149, "gamma": 0.04957425651267571}, "datetime": {"datetime": "2021-06-21 22:40:25", "elapsed": 286.009477, "delta": 5.089507}}
{"target": -20.46024509966195, "params": {"C": 24.247002095218086, "gamma": 0.042483455911047074}, "datetime": {"datetime": "2021-06-21 22:40:30", "elapsed": 290.241527, "delta": 4.23205}}
{"target": -18.271479995398828, "params": {"C": 47.71175027820469, "gamma": 0.01121105371189281}, "datetime": {"datetime": "2021-06-21 22:40:36", "elapsed": 296.148279, "delta": 5.906752}}
{"target": -20.447892521530868, "params": {"C": 23.853055411221384, "gamma": 0.009160631534581678}, "datetime": {"datetime": "2021-06-21 22:40:41", "elapsed": 301.455812, "delta": 5.307533}}
{"target": -22.032253615185642, "params": {"C": 12.5517037144992, "gamma": 0.023704071513526152}, "datetime": {"datetime": "2021-06-21 22:40:49", "elapsed": 309.176957, "delta": 7.721145}}
{"target": -18.459576546927988, "params": {"C": 42.10226727366416, "gamma": 0.013259964574581649}, "datetime": {"datetime": "2021-06-21 22:40:54", "elapsed": 314.811285, "delta": 5.634328}}
{"target": -18.877316762520785, "params": {"C": 37.03921174162426, "gamma": 0.012536910275725455}, "datetime": {"datetime": "2021-06-21 22:40:59", "elapsed": 319.913802, "delta": 5.102517}}
{"target": -19.92855034520907, "params": {"C": 30.46052409069166, "gamma": 0.05}, "datetime": {"datetime": "2021-06-21 22:41:06", "elapsed": 326.245095, "delta": 6.331293}}
{"target": -19.43507918744167, "params": {"C": 34.11816159022231, "gamma": 0.009161807204583159}, "datetime": {"datetime": "2021-06-21 22:41:10", "elapsed": 330.412144, "delta": 4.167049}}
{"target": -18.360208289663245, "params": {"C": 48.221520002832335, "gamma": 0.05}, "datetime": {"datetime": "2021-06-21 22:41:15", "elapsed": 335.976001, "delta": 5.563857}}
{"target": -19.356183496557986, "params": {"C": 35.42219694126298, "gamma": 0.009}, "datetime": {"datetime": "2021-06-21 22:41:22", "elapsed": 342.585738, "delta": 6.609737}}
{"target": -19.27245218386431, "params": {"C": 30.18412695162263, "gamma": 0.026336530070575258}, "datetime": {"datetime": "2021-06-21 22:41:29", "elapsed": 349.223732, "delta": 6.637994}}
{"target": -20.98390805438479, "params": {"C": 22.264887312484706, "gamma": 0.04922201053832897}, "datetime": {"datetime": "2021-06-21 22:41:35", "elapsed": 355.280828, "delta": 6.057096}}
{"target": -19.506130922375515, "params": {"C": 32.55754393214381, "gamma": 0.009608687412520312}, "datetime": {"datetime": "2021-06-21 22:41:40", "elapsed": 360.584143, "delta": 5.303315}}
{"target": -19.326641031812215, "params": {"C": 34.990045077362886, "gamma": 0.009481533905199116}, "datetime": {"datetime": "2021-06-21 22:41:45", "elapsed": 365.250359, "delta": 4.666216}}
{"target": -18.655134946619306, "params": {"C": 42.64553378437113, "gamma": 0.010584926783019692}, "datetime": {"datetime": "2021-06-21 22:41:51", "elapsed": 371.103447, "delta": 5.853088}}
{"target": -20.21304892212926, "params": {"C": 21.84800909886249, "gamma": 0.01789864544182372}, "datetime": {"datetime": "2021-06-21 22:41:56", "elapsed": 376.611888, "delta": 5.508441}}
{"target": -22.099128423809862, "params": {"C": 15.32776804793207, "gamma": 0.04505686820443686}, "datetime": {"datetime": "2021-06-21 22:42:03", "elapsed": 383.873387, "delta": 7.261499}}
{"target": -18.431971558327955, "params": {"C": 49.44060905134446, "gamma": 0.009311899390359245}, "datetime": {"datetime": "2021-06-21 22:42:09", "elapsed": 389.277619, "delta": 5.404232}}
{"target": -19.282036192316944, "params": {"C": 35.18749500712919, "gamma": 0.045150488660359325}, "datetime": {"datetime": "2021-06-21 22:42:15", "elapsed": 395.802693, "delta": 6.525074}}
{"target": -18.97510276214249, "params": {"C": 38.855782587198824, "gamma": 0.04617360999674188}, "datetime": {"datetime": "2021-06-21 22:42:20", "elapsed": 400.945003, "delta": 5.14231}}
{"target": -18.540674334426505, "params": {"C": 45.745911751131935, "gamma": 0.05}, "datetime": {"datetime": "2021-06-21 22:42:25", "elapsed": 405.566006, "delta": 4.621003}}
{"target": -18.424827630746652, "params": {"C": 46.48470961975398, "gamma": 0.04814773898113195}, "datetime": {"datetime": "2021-06-21 22:42:31", "elapsed": 411.869108, "delta": 6.303102}}
{"target": -18.53009994256067, "params": {"C": 48.59196810586999, "gamma": 0.009}, "datetime": {"datetime": "2021-06-21 22:42:39", "elapsed": 419.504034, "delta": 7.634926}}
{"target": -21.510218692366525, "params": {"C": 14.901811808003547, "gamma": 0.013603390547884345}, "datetime": {"datetime": "2021-06-21 22:42:45", "elapsed": 425.774162, "delta": 6.270128}}
{"target": -18.907168794270323, "params": {"C": 34.312057986475544, "gamma": 0.016408195573311215}, "datetime": {"datetime": "2021-06-21 22:42:51", "elapsed": 431.792386, "delta": 6.018224}}
{"target": -19.56470434309148, "params": {"C": 33.86131604451627, "gamma": 0.04983088598878425}, "datetime": {"datetime": "2021-06-21 22:42:57", "elapsed": 437.817229, "delta": 6.024843}}
{"target": -18.585713998044927, "params": {"C": 44.89585320199179, "gamma": 0.049429236181538404}, "datetime": {"datetime": "2021-06-21 22:43:04", "elapsed": 444.892937, "delta": 7.075708}}
{"target": -19.676732002389024, "params": {"C": 32.14537475889073, "gamma": 0.04787395726260756}, "datetime": {"datetime": "2021-06-21 22:43:13", "elapsed": 453.041703, "delta": 8.148766}}
{"target": -22.115486092049117, "params": {"C": 16.095188474993467, "gamma": 0.05}, "datetime": {"datetime": "2021-06-21 22:43:19", "elapsed": 459.392052, "delta": 6.350349}}
{"target": -22.020660962818575, "params": {"C": 16.496301955180158, "gamma": 0.04971492325181069}, "datetime": {"datetime": "2021-06-21 22:43:27", "elapsed": 467.570119, "delta": 8.178067}}
{"target": -19.763217574573986, "params": {"C": 29.526354128726865, "gamma": 0.009717047044956646}, "datetime": {"datetime": "2021-06-21 22:43:34", "elapsed": 474.962828, "delta": 7.392709}}
{"target": -18.647973287482827, "params": {"C": 43.944563035896365, "gamma": 0.04911296001916092}, "datetime": {"datetime": "2021-06-21 22:43:43", "elapsed": 483.100058, "delta": 8.13723}}
{"target": -19.65731552743382, "params": {"C": 31.6911369609455, "gamma": 0.009}, "datetime": {"datetime": "2021-06-21 22:43:55", "elapsed": 495.728267, "delta": 12.628209}}
{"target": -18.67386098478204, "params": {"C": 43.73540903662554, "gamma": 0.009831974797224917}, "datetime": {"datetime": "2021-06-21 22:44:03", "elapsed": 503.267183, "delta": 7.538916}}
{"target": -19.753356367493108, "params": {"C": 29.846547305977374, "gamma": 0.009546325467500278}, "datetime": {"datetime": "2021-06-21 22:44:09", "elapsed": 509.990566, "delta": 6.723383}}
{"target": -19.156119808820783, "params": {"C": 33.29945470030809, "gamma": 0.0349329199349876}, "datetime": {"datetime": "2021-06-21 22:44:17", "elapsed": 517.380963, "delta": 7.390397}}
{"target": -20.34723216184541, "params": {"C": 20.871507423477418, "gamma": 0.018617183591456303}, "datetime": {"datetime": "2021-06-21 22:44:26", "elapsed": 526.2625, "delta": 8.881537}}
{"target": -19.463657090790594, "params": {"C": 33.11373204867376, "gamma": 0.009574577325360283}, "datetime": {"datetime": "2021-06-21 22:44:33", "elapsed": 533.909853, "delta": 7.647353}}
{"target": -18.588511365378835, "params": {"C": 46.39939498768274, "gamma": 0.009376642813593713}, "datetime": {"datetime": "2021-06-21 22:44:39", "elapsed": 539.393074, "delta": 5.483221}}
{"target": -18.37252714045228, "params": {"C": 47.093708720173794, "gamma": 0.0479081245460618}, "datetime": {"datetime": "2021-06-21 22:44:46", "elapsed": 546.251264, "delta": 6.85819}}
{"target": -18.94975281679843, "params": {"C": 39.71030876855517, "gamma": 0.04771899217275359}, "datetime": {"datetime": "2021-06-21 22:44:52", "elapsed": 552.628624, "delta": 6.37736}}
{"target": -18.503265287952146, "params": {"C": 47.340739195935605, "gamma": 0.009581216448708296}, "datetime": {"datetime": "2021-06-21 22:44:58", "elapsed": 558.481181, "delta": 5.852557}}
{"target": -19.34776443372223, "params": {"C": 35.79724643987218, "gamma": 0.04899366514028084}, "datetime": {"datetime": "2021-06-21 22:45:04", "elapsed": 564.853985, "delta": 6.372804}}
{"target": -18.416078279619164, "params": {"C": 47.44266495709753, "gamma": 0.05}, "datetime": {"datetime": "2021-06-21 22:45:11", "elapsed": 571.266831, "delta": 6.412846}}
{"target": -18.707994976551255, "params": {"C": 45.06041345364225, "gamma": 0.009111219092242863}, "datetime": {"datetime": "2021-06-21 22:45:16", "elapsed": 576.658302, "delta": 5.391471}}
{"target": -18.324967196870574, "params": {"C": 48.67630501042603, "gamma": 0.04990855257794295}, "datetime": {"datetime": "2021-06-21 22:45:22", "elapsed": 582.688219, "delta": 6.029917}}
{"target": -18.58450904243811, "params": {"C": 45.16186669360722, "gamma": 0.05}, "datetime": {"datetime": "2021-06-21 22:45:29", "elapsed": 589.316437, "delta": 6.628218}}
{"target": -18.712874621396125, "params": {"C": 45.2975616077962, "gamma": 0.009}, "datetime": {"datetime": "2021-06-21 22:45:37", "elapsed": 597.269744, "delta": 7.953307}}
{"target": -18.512796059665465, "params": {"C": 48.91427398645844, "gamma": 0.009}, "datetime": {"datetime": "2021-06-21 22:45:43", "elapsed": 603.499266, "delta": 6.229522}}
{"target": -20.881338775139714, "params": {"C": 19.492535113984268, "gamma": 0.01072200181743482}, "datetime": {"datetime": "2021-06-21 22:45:49", "elapsed": 609.772566, "delta": 6.2733}}
{"target": -18.98669017607769, "params": {"C": 40.72108778920306, "gamma": 0.009}, "datetime": {"datetime": "2021-06-21 22:45:58", "elapsed": 618.669106, "delta": 8.89654}}
{"target": -18.472228399971165, "params": {"C": 47.81739580465904, "gamma": 0.009610260597540944}, "datetime": {"datetime": "2021-06-21 22:46:10", "elapsed": 630.749701, "delta": 12.080595}}
{"target": -18.062170895740863, "params": {"C": 47.873823107516635, "gamma": 0.03987638607445051}, "datetime": {"datetime": "2021-06-21 22:46:19", "elapsed": 639.80672, "delta": 9.057019}}
{"target": -18.290023448635903, "params": {"C": 47.74591655520642, "gamma": 0.046826053245054754}, "datetime": {"datetime": "2021-06-21 22:46:29", "elapsed": 649.169486, "delta": 9.362766}}
{"target": -18.471913046419573, "params": {"C": 46.67552243512957, "gamma": 0.05}, "datetime": {"datetime": "2021-06-21 22:46:36", "elapsed": 656.630487, "delta": 7.461001}}
{"target": -18.460179395461335, "params": {"C": 44.561766506275234, "gamma": 0.01126956879128154}, "datetime": {"datetime": "2021-06-21 22:46:49", "elapsed": 669.759666, "delta": 13.129179}}
{"target": -18.454700983717835, "params": {"C": 46.77817796101694, "gamma": 0.04970559499398951}, "datetime": {"datetime": "2021-06-21 22:46:57", "elapsed": 677.284744, "delta": 7.525078}}
{"target": -21.356833442201886, "params": {"C": 17.911326651367748, "gamma": 0.009}, "datetime": {"datetime": "2021-06-21 22:47:05", "elapsed": 685.361161, "delta": 8.076417}}
{"target": -19.81928483688039, "params": {"C": 25.21923763115931, "gamma": 0.025196563484148116}, "datetime": {"datetime": "2021-06-21 22:47:11", "elapsed": 691.685438, "delta": 6.324277}}
{"target": -19.37635117095909, "params": {"C": 31.42458425866233, "gamma": 0.012031956576100889}, "datetime": {"datetime": "2021-06-21 22:47:19", "elapsed": 699.647771, "delta": 7.962333}}
{"target": -19.76987142069923, "params": {"C": 31.923860674705814, "gamma": 0.05}, "datetime": {"datetime": "2021-06-21 22:47:28", "elapsed": 708.335762, "delta": 8.687991}}
{"target": -18.561918560261358, "params": {"C": 45.43982998861138, "gamma": 0.04994962482575046}, "datetime": {"datetime": "2021-06-21 22:47:36", "elapsed": 716.357981, "delta": 8.022219}}
{"target": -19.7444426982406, "params": {"C": 31.188467621051203, "gamma": 0.046805861109189766}, "datetime": {"datetime": "2021-06-21 22:47:45", "elapsed": 725.33477, "delta": 8.976789}}
{"target": -21.557496829306587, "params": {"C": 17.547003770624123, "gamma": 0.042901408650372654}, "datetime": {"datetime": "2021-06-21 22:47:52", "elapsed": 732.654965, "delta": 7.320195}}
{"target": -18.41680817960483, "params": {"C": 49.35799082824317, "gamma": 0.009431364410447509}, "datetime": {"datetime": "2021-06-21 22:48:01", "elapsed": 741.043289, "delta": 8.388324}}
{"target": -19.16071473389311, "params": {"C": 38.182346821670194, "gamma": 0.05}, "datetime": {"datetime": "2021-06-21 22:48:10", "elapsed": 750.914377, "delta": 9.871088}}
{"target": -18.228739196450228, "params": {"C": 49.284851233591255, "gamma": 0.010754315437164628}, "datetime": {"datetime": "2021-06-21 22:48:18", "elapsed": 758.79602, "delta": 7.881643}}
{"target": -18.70740525006167, "params": {"C": 41.364160311961484, "gamma": 0.010899659619539748}, "datetime": {"datetime": "2021-06-21 22:48:27", "elapsed": 767.899741, "delta": 9.103721}}
{"target": -18.927772757754017, "params": {"C": 40.84032366324794, "gamma": 0.04995398447866322}, "datetime": {"datetime": "2021-06-21 22:48:36", "elapsed": 776.976958, "delta": 9.077217}}
{"target": -18.47420395694911, "params": {"C": 45.9488420194791, "gamma": 0.010335663407589343}, "datetime": {"datetime": "2021-06-21 22:48:48", "elapsed": 788.05621, "delta": 11.079252}}
{"target": -20.35330393293621, "params": {"C": 24.61772682357548, "gamma": 0.04088500549522311}, "datetime": {"datetime": "2021-06-21 22:48:58", "elapsed": 798.090882, "delta": 10.034672}}
{"target": -18.178648393162785, "params": {"C": 49.40847062383611, "gamma": 0.04699720288534911}, "datetime": {"datetime": "2021-06-21 22:49:08", "elapsed": 808.935208, "delta": 10.844326}}
{"target": -18.74923745483933, "params": {"C": 44.6655547419513, "gamma": 0.009}, "datetime": {"datetime": "2021-06-21 22:49:21", "elapsed": 821.410804, "delta": 12.475596}}
{"target": -18.31618719017146, "params": {"C": 48.84323339425043, "gamma": 0.05}, "datetime": {"datetime": "2021-06-21 22:49:31", "elapsed": 831.08857, "delta": 9.677766}}
{"target": -20.41826974534378, "params": {"C": 24.901157083075375, "gamma": 0.04393655916769171}, "datetime": {"datetime": "2021-06-21 22:49:41", "elapsed": 841.424466, "delta": 10.335896}}
{"target": -21.46157889712052, "params": {"C": 18.284747199593628, "gamma": 0.0440704105063806}, "datetime": {"datetime": "2021-06-21 22:49:50", "elapsed": 850.299443, "delta": 8.874977}}
{"target": -18.621980223979325, "params": {"C": 46.91103206925167, "gamma": 0.009}, "datetime": {"datetime": "2021-06-21 22:50:03", "elapsed": 863.347098, "delta": 13.047655}}
{"target": -18.37024058973072, "params": {"C": 48.08082889257414, "gamma": 0.05}, "datetime": {"datetime": "2021-06-21 22:50:11", "elapsed": 871.576791, "delta": 8.229693}}
{"target": -18.365202522803486, "params": {"C": 46.99468641020847, "gamma": 0.04746768832423452}, "datetime": {"datetime": "2021-06-21 22:50:23", "elapsed": 883.794169, "delta": 12.217378}}
{"target": -20.226885243557742, "params": {"C": 26.07462295499886, "gamma": 0.04302047026069464}, "datetime": {"datetime": "2021-06-21 22:50:33", "elapsed": 893.416085, "delta": 9.621916}}
{"target": -18.831052655013874, "params": {"C": 43.27113054918415, "gamma": 0.009}, "datetime": {"datetime": "2021-06-21 22:50:44", "elapsed": 904.094063, "delta": 10.677978}}
{"target": -18.64721011060773, "params": {"C": 42.89944227599538, "gamma": 0.010505932084574355}, "datetime": {"datetime": "2021-06-21 22:50:54", "elapsed": 914.132009, "delta": 10.037946}}
{"target": -18.637974497100526, "params": {"C": 44.458391404611625, "gamma": 0.05}, "datetime": {"datetime": "2021-06-21 22:51:05", "elapsed": 925.815814, "delta": 11.683805}}
{"target": -18.842480833599808, "params": {"C": 43.07935331896954, "gamma": 0.009}, "datetime": {"datetime": "2021-06-21 22:51:15", "elapsed": 935.826293, "delta": 10.010479}}
{"target": -18.50599345750854, "params": {"C": 45.977416566738, "gamma": 0.049471881082175394}, "datetime": {"datetime": "2021-06-21 22:51:27", "elapsed": 947.013239, "delta": 11.186946}}
{"target": -18.771662148297885, "params": {"C": 44.27958196442911, "gamma": 0.009}, "datetime": {"datetime": "2021-06-21 22:51:38", "elapsed": 958.193966, "delta": 11.180727}}
{"target": -18.663314599308414, "params": {"C": 46.10125100217151, "gamma": 0.009023394318040464}, "datetime": {"datetime": "2021-06-21 22:51:51", "elapsed": 971.728191, "delta": 13.534225}}
{"target": -18.77785408350486, "params": {"C": 44.17351164201807, "gamma": 0.009}, "datetime": {"datetime": "2021-06-21 22:52:03", "elapsed": 983.114867, "delta": 11.386676}}
{"target": -19.900333753422125, "params": {"C": 29.01183249391835, "gamma": 0.009}, "datetime": {"datetime": "2021-06-21 22:52:11", "elapsed": 991.014751, "delta": 7.899884}}
{"target": -20.001726712902464, "params": {"C": 29.260226494904245, "gamma": 0.048037522248876724}, "datetime": {"datetime": "2021-06-21 22:52:18", "elapsed": 998.972388, "delta": 7.957637}}
{"target": -19.65959594369261, "params": {"C": 30.722513690257706, "gamma": 0.009663720725010486}, "datetime": {"datetime": "2021-06-21 22:52:28", "elapsed": 1008.691816, "delta": 9.719428}}
{"target": -19.00858602140381, "params": {"C": 40.372852030907886, "gamma": 0.009}, "datetime": {"datetime": "2021-06-21 22:52:38", "elapsed": 1018.52252, "delta": 9.830704}}
{"target": -19.680446591632535, "params": {"C": 32.77850312134095, "gamma": 0.05}, "datetime": {"datetime": "2021-06-21 22:52:48", "elapsed": 1028.4686, "delta": 9.94608}}
{"target": -19.56288226259806, "params": {"C": 33.65941358783519, "gamma": 0.04914930453053678}, "datetime": {"datetime": "2021-06-21 22:52:57", "elapsed": 1037.876463, "delta": 9.407863}}
{"target": -19.923864502049863, "params": {"C": 28.771580368710843, "gamma": 0.009}, "datetime": {"datetime": "2021-06-21 22:53:08", "elapsed": 1048.830713, "delta": 10.95425}}
{"target": -19.384432361500174, "params": {"C": 33.497930332689776, "gamma": 0.0431461857113252}, "datetime": {"datetime": "2021-06-21 22:53:19", "elapsed": 1059.640555, "delta": 10.809842}}
{"target": -19.19756843131963, "params": {"C": 32.359538258905495, "gamma": 0.013514950203720458}, "datetime": {"datetime": "2021-06-21 22:53:29", "elapsed": 1069.196235, "delta": 9.55568}}
{"target": -19.479957893794452, "params": {"C": 34.652601670086, "gamma": 0.049644413732999264}, "datetime": {"datetime": "2021-06-21 22:53:39", "elapsed": 1079.972727, "delta": 10.776492}}
{"target": -21.884851427897793, "params": {"C": 17.209282009538292, "gamma": 0.05}, "datetime": {"datetime": "2021-06-21 22:53:51", "elapsed": 1091.474732, "delta": 11.502005}}
{"target": -19.053210756616277, "params": {"C": 37.92740993696648, "gamma": 0.009933566558155877}, "datetime": {"datetime": "2021-06-21 22:54:01", "elapsed": 1101.914344, "delta": 10.439612}}
{"target": -18.859182666923083, "params": {"C": 34.49654003585341, "gamma": 0.017709001577614153}, "datetime": {"datetime": "2021-06-21 22:54:10", "elapsed": 1110.686837, "delta": 8.772493}}
{"target": -21.583785852157153, "params": {"C": 16.885982847473745, "gamma": 0.04005182001940901}, "datetime": {"datetime": "2021-06-21 22:54:19", "elapsed": 1119.554854, "delta": 8.868017}}
{"target": -18.257901410460374, "params": {"C": 49.67748517049199, "gamma": 0.05}, "datetime": {"datetime": "2021-06-21 22:54:29", "elapsed": 1129.821877, "delta": 10.267023}}
{"target": -19.54345039163906, "params": {"C": 28.521975293990486, "gamma": 0.013865487334059252}, "datetime": {"datetime": "2021-06-21 22:54:39", "elapsed": 1139.994951, "delta": 10.173074}}
{"target": -19.082207429461445, "params": {"C": 38.96945372540682, "gamma": 0.04974414896340312}, "datetime": {"datetime": "2021-06-21 22:54:50", "elapsed": 1150.050974, "delta": 10.056023}}
{"target": -19.014688735509537, "params": {"C": 39.8143616584482, "gamma": 0.04992949764437191}, "datetime": {"datetime": "2021-06-21 22:54:59", "elapsed": 1159.586187, "delta": 9.535213}}
{"target": -22.4617819946102, "params": {"C": 14.15055137092316, "gamma": 0.04747939295147218}, "datetime": {"datetime": "2021-06-21 22:55:12", "elapsed": 1172.805012, "delta": 13.218825}}
{"target": -18.20835626698373, "params": {"C": 49.583475124000046, "gamma": 0.010787005573490624}, "datetime": {"datetime": "2021-06-21 22:55:25", "elapsed": 1185.084375, "delta": 12.279363}}
{"target": -21.892200829519652, "params": {"C": 14.503412795762475, "gamma": 0.010011925218568571}, "datetime": {"datetime": "2021-06-21 22:55:35", "elapsed": 1195.704989, "delta": 10.620614}}
{"target": -19.14786036806052, "params": {"C": 38.32598448230953, "gamma": 0.05}, "datetime": {"datetime": "2021-06-21 22:55:44", "elapsed": 1204.671967, "delta": 8.966978}}
{"target": -18.570897967163916, "params": {"C": 46.248110429044196, "gamma": 0.00954229676363308}, "datetime": {"datetime": "2021-06-21 22:55:55", "elapsed": 1215.017197, "delta": 10.34523}}
{"target": -19.005583057635363, "params": {"C": 39.931362182183314, "gamma": 0.04995938878717202}, "datetime": {"datetime": "2021-06-21 22:56:10", "elapsed": 1230.688201, "delta": 15.671004}}
{"target": -19.187323200252845, "params": {"C": 36.43543252559129, "gamma": 0.04589715625008131}, "datetime": {"datetime": "2021-06-21 22:56:21", "elapsed": 1241.920325, "delta": 11.232124}}
