{"target": -45.61512539954881, "params": {"C": 1415.165482420296, "gamma": 5.961732361091854}, "datetime": {"datetime": "2021-06-28 16:17:01", "elapsed": 35.883209, "delta": 0.422}}
{"target": -27.26703580365279, "params": {"C": 1635.6875511001435, "gamma": 0.3754595293169512}, "datetime": {"datetime": "2021-06-28 16:17:01", "elapsed": 36.397216, "delta": 0.514007}}
{"target": -22.295929408679278, "params": {"C": 1034.0888283851027, "gamma": 0.1735989853393308}, "datetime": {"datetime": "2021-06-28 16:17:02", "elapsed": 36.95732, "delta": 0.560104}}
{"target": -49.06280690199858, "params": {"C": 8064.053899957475, "gamma": 7.748140754361195}, "datetime": {"datetime": "2021-06-28 16:17:03", "elapsed": 37.476787, "delta": 0.519467}}
{"target": -47.75319815299487, "params": {"C": 6871.469764144677, "gamma": 5.294546169416687}, "datetime": {"datetime": "2021-06-28 16:17:03", "elapsed": 37.95048, "delta": 0.473693}}
{"target": -49.615595747473094, "params": {"C": 8323.578513744329, "gamma": 9.850370190757424}, "datetime": {"datetime": "2021-06-28 16:17:03", "elapsed": 38.410481, "delta": 0.460001}}
{"target": -29.416459818971507, "params": {"C": 1636.425291389368, "gamma": 0.5121610597999353}, "datetime": {"datetime": "2021-06-28 16:17:04", "elapsed": 38.931157, "delta": 0.520676}}
{"target": -25.344870485766357, "params": {"C": 1035.4519696595403, "gamma": 0.2814111649728605}, "datetime": {"datetime": "2021-06-28 16:17:05", "elapsed": 39.566076, "delta": 0.634919}}
{"target": -16.924859163404957, "params": {"C": 3973.80312587286, "gamma": 0.06000633335523408}, "datetime": {"datetime": "2021-06-28 16:17:05", "elapsed": 40.040075, "delta": 0.473999}}
{"target": -40.16461524736373, "params": {"C": 3972.4736975408196, "gamma": 1.6211432342717496}, "datetime": {"datetime": "2021-06-28 16:17:06", "elapsed": 40.689072, "delta": 0.648997}}
{"target": -16.632275766790734, "params": {"C": 1636.0178811965307, "gamma": 0.05299784576766983}, "datetime": {"datetime": "2021-06-28 16:17:06", "elapsed": 41.196081, "delta": 0.507009}}
{"target": -28.081075897399334, "params": {"C": 3974.005208219709, "gamma": 0.3894729827766931}, "datetime": {"datetime": "2021-06-28 16:17:07", "elapsed": 41.741265, "delta": 0.545184}}
{"target": -16.52043999134033, "params": {"C": 1578.1642220697308, "gamma": 0.0493322648601224}, "datetime": {"datetime": "2021-06-28 16:17:07", "elapsed": 42.232273, "delta": 0.491008}}
{"target": -32.90345668099949, "params": {"C": 6735.422499848034, "gamma": 0.7223668813527685}, "datetime": {"datetime": "2021-06-28 16:17:08", "elapsed": 42.696395, "delta": 0.464122}}
{"target": -20.25149808041786, "params": {"C": 1579.8072689523929, "gamma": 0.12642345094043556}, "datetime": {"datetime": "2021-06-28 16:17:08", "elapsed": 43.205389, "delta": 0.508994}}
{"target": -32.67884225459745, "params": {"C": 1038.1343070163202, "gamma": 0.7821671021235261}, "datetime": {"datetime": "2021-06-28 16:17:09", "elapsed": 43.778609, "delta": 0.57322}}
{"target": -43.40052539094598, "params": {"C": 1039.9707937764038, "gamma": 3.5761816335940684}, "datetime": {"datetime": "2021-06-28 16:17:09", "elapsed": 44.256611, "delta": 0.478002}}
{"target": -41.88746406877692, "params": {"C": 1416.9863324450816, "gamma": 2.3814835697220635}, "datetime": {"datetime": "2021-06-28 16:17:10", "elapsed": 44.76561, "delta": 0.508999}}
{"target": -16.686580264268898, "params": {"C": 1035.0763301664538, "gamma": 0.02124348152740025}, "datetime": {"datetime": "2021-06-28 16:17:10", "elapsed": 45.320609, "delta": 0.554999}}
{"target": -47.73115573488472, "params": {"C": 3746.8414118229666, "gamma": 6.7832812107031755}, "datetime": {"datetime": "2021-06-28 16:17:11", "elapsed": 45.803809, "delta": 0.4832}}
{"target": -42.47452855491198, "params": {"C": 272.84376947907435, "gamma": 6.364654981898506}, "datetime": {"datetime": "2021-06-28 16:17:11", "elapsed": 46.452824, "delta": 0.649015}}
{"target": -19.680064186402625, "params": {"C": 1034.4719254472284, "gamma": 0.11076914688502083}, "datetime": {"datetime": "2021-06-28 16:17:12", "elapsed": 47.174421, "delta": 0.721597}}
{"target": -30.51903323268309, "params": {"C": 1031.7760579615544, "gamma": 0.5984555778901562}, "datetime": {"datetime": "2021-06-28 16:17:13", "elapsed": 47.878635, "delta": 0.704214}}
{"target": -16.790031133024225, "params": {"C": 1037.8474088394241, "gamma": 0.01843975137722252}, "datetime": {"datetime": "2021-06-28 16:17:13", "elapsed": 48.407641, "delta": 0.529006}}
{"target": -29.290927870884044, "params": {"C": 1035.1278804803483, "gamma": 0.5072669311229133}, "datetime": {"datetime": "2021-06-28 16:17:14", "elapsed": 49.16333, "delta": 0.755689}}
{"target": -46.0345020909071, "params": {"C": 2141.4774309848167, "gamma": 5.232457960094851}, "datetime": {"datetime": "2021-06-28 16:17:15", "elapsed": 49.62583, "delta": 0.4625}}
{"target": -36.377414156524715, "params": {"C": 3973.6657164193884, "gamma": 1.0860261878355422}, "datetime": {"datetime": "2021-06-28 16:17:15", "elapsed": 50.188825, "delta": 0.562995}}
{"target": -29.899563464567724, "params": {"C": 1033.6944505627064, "gamma": 0.5512734955110463}, "datetime": {"datetime": "2021-06-28 16:17:16", "elapsed": 50.707825, "delta": 0.519}}
{"target": -44.5814428671511, "params": {"C": 2860.4174067885892, "gamma": 3.2518998774569967}, "datetime": {"datetime": "2021-06-28 16:17:16", "elapsed": 51.240821, "delta": 0.532996}}
{"target": -25.74443386905059, "params": {"C": 1034.5040937221643, "gamma": 0.2995060675631109}, "datetime": {"datetime": "2021-06-28 16:17:17", "elapsed": 51.802824, "delta": 0.562003}}
{"target": -24.743281972994822, "params": {"C": 1579.6315058470561, "gamma": 0.25512507292273806}, "datetime": {"datetime": "2021-06-28 16:17:17", "elapsed": 52.376837, "delta": 0.574013}}
{"target": -16.175754762367546, "params": {"C": 1579.8243175639263, "gamma": 0.03453943812914303}, "datetime": {"datetime": "2021-06-28 16:17:18", "elapsed": 52.980511, "delta": 0.603674}}
{"target": -45.05452941595578, "params": {"C": 785.0272232681705, "gamma": 8.711046282531246}, "datetime": {"datetime": "2021-06-28 16:17:19", "elapsed": 53.568006, "delta": 0.587495}}
{"target": -19.154032057867326, "params": {"C": 1577.8000111533568, "gamma": 0.10419545665347721}, "datetime": {"datetime": "2021-06-28 16:17:19", "elapsed": 54.257653, "delta": 0.689647}}
{"target": -49.362111626388284, "params": {"C": 8037.701484587755, "gamma": 8.835402346582708}, "datetime": {"datetime": "2021-06-28 16:17:20", "elapsed": 54.988635, "delta": 0.730982}}
{"target": -17.265926049211213, "params": {"C": 1032.1664520837953, "gamma": 0.011403047843346814}, "datetime": {"datetime": "2021-06-28 16:17:21", "elapsed": 55.606413, "delta": 0.617778}}
{"target": -48.95233735412548, "params": {"C": 6621.100543890562, "gamma": 8.100257133659136}, "datetime": {"datetime": "2021-06-28 16:17:21", "elapsed": 56.176417, "delta": 0.570004}}
{"target": -17.505390990650596, "params": {"C": 1037.5873303001981, "gamma": 0.06550855275688708}, "datetime": {"datetime": "2021-06-28 16:17:22", "elapsed": 56.956231, "delta": 0.779814}}
{"target": -22.880139017717518, "params": {"C": 3974.3531353162725, "gamma": 0.17010705648704344}, "datetime": {"datetime": "2021-06-28 16:17:23", "elapsed": 57.719732, "delta": 0.763501}}
{"target": -27.194877330365518, "params": {"C": 1032.089617815589, "gamma": 0.37417151930235937}, "datetime": {"datetime": "2021-06-28 16:17:23", "elapsed": 58.318734, "delta": 0.599002}}
{"target": -16.158604480341914, "params": {"C": 1577.710821140371, "gamma": 0.03179573297863374}, "datetime": {"datetime": "2021-06-28 16:17:24", "elapsed": 59.005355, "delta": 0.686621}}
{"target": -34.112823346638415, "params": {"C": 1579.3258594295094, "gamma": 0.9073661553027784}, "datetime": {"datetime": "2021-06-28 16:17:25", "elapsed": 59.596135, "delta": 0.59078}}
{"target": -25.78370460811234, "params": {"C": 1577.2973124710209, "gamma": 0.29974230741623076}, "datetime": {"datetime": "2021-06-28 16:17:25", "elapsed": 60.190132, "delta": 0.593997}}
{"target": -48.500226289893455, "params": {"C": 3715.9948612141816, "gamma": 9.726553237791022}, "datetime": {"datetime": "2021-06-28 16:17:26", "elapsed": 60.805133, "delta": 0.615001}}
{"target": -21.51811604430824, "params": {"C": 1579.669856537454, "gamma": 0.15506631802412343}, "datetime": {"datetime": "2021-06-28 16:17:27", "elapsed": 61.571712, "delta": 0.766579}}
{"target": -16.949674587218095, "params": {"C": 1036.791075232896, "gamma": 0.015412055689328703}, "datetime": {"datetime": "2021-06-28 16:17:27", "elapsed": 62.254307, "delta": 0.682595}}
{"target": -29.608325655732635, "params": {"C": 1038.1367665107655, "gamma": 0.5299374579939988}, "datetime": {"datetime": "2021-06-28 16:17:28", "elapsed": 62.848978, "delta": 0.594671}}
{"target": -45.51664342917524, "params": {"C": 4476.894513929805, "gamma": 3.4902703949576144}, "datetime": {"datetime": "2021-06-28 16:17:28", "elapsed": 63.446969, "delta": 0.597991}}
{"target": -21.95980912910232, "params": {"C": 1575.2745990279175, "gamma": 0.1661357480691978}, "datetime": {"datetime": "2021-06-28 16:17:29", "elapsed": 64.111592, "delta": 0.664623}}
{"target": -40.47667161837762, "params": {"C": 6531.536279214533, "gamma": 1.6080906528253698}, "datetime": {"datetime": "2021-06-28 16:17:30", "elapsed": 64.647601, "delta": 0.536009}}
{"target": -16.131477897155225, "params": {"C": 1637.806434336405, "gamma": 0.029715775059134204}, "datetime": {"datetime": "2021-06-28 16:17:30", "elapsed": 65.214602, "delta": 0.567001}}
{"target": -27.048196058007505, "params": {"C": 3974.4111890044414, "gamma": 0.3290175679340062}, "datetime": {"datetime": "2021-06-28 16:17:31", "elapsed": 65.884422, "delta": 0.66982}}
{"target": -30.48390629472324, "params": {"C": 1037.4664840215887, "gamma": 0.595721793342253}, "datetime": {"datetime": "2021-06-28 16:17:32", "elapsed": 66.67817, "delta": 0.793748}}
{"target": -29.203570750459967, "params": {"C": 1580.4053793799687, "gamma": 0.498029212839516}, "datetime": {"datetime": "2021-06-28 16:17:32", "elapsed": 67.417793, "delta": 0.739623}}
{"target": -24.036820562685474, "params": {"C": 1037.3507050415114, "gamma": 0.22910676671665148}, "datetime": {"datetime": "2021-06-28 16:17:33", "elapsed": 68.162861, "delta": 0.745068}}
{"target": -26.019362346141868, "params": {"C": 1580.5025595402683, "gamma": 0.31082326959147477}, "datetime": {"datetime": "2021-06-28 16:17:34", "elapsed": 68.937867, "delta": 0.775006}}
{"target": -47.44896163483002, "params": {"C": 9412.20030279764, "gamma": 4.526974996672341}, "datetime": {"datetime": "2021-06-28 16:17:35", "elapsed": 69.569697, "delta": 0.63183}}
{"target": -27.28850063512635, "params": {"C": 1636.1889968976363, "gamma": 0.3766700550033293}, "datetime": {"datetime": "2021-06-28 16:17:35", "elapsed": 70.328694, "delta": 0.758997}}
{"target": -46.16755392064376, "params": {"C": 5021.487224115713, "gamma": 3.8926521522134787}, "datetime": {"datetime": "2021-06-28 16:17:36", "elapsed": 70.900698, "delta": 0.572004}}
{"target": -26.030242842104805, "params": {"C": 1577.8903942905768, "gamma": 0.3113716505647263}, "datetime": {"datetime": "2021-06-28 16:17:37", "elapsed": 71.650485, "delta": 0.749787}}
{"target": -48.073221730799936, "params": {"C": 8489.52302677074, "gamma": 5.4633600515733995}, "datetime": {"datetime": "2021-06-28 16:17:37", "elapsed": 72.407084, "delta": 0.756599}}
{"target": -29.692838695155228, "params": {"C": 1638.0002194452734, "gamma": 0.5317679401424378}, "datetime": {"datetime": "2021-06-28 16:17:38", "elapsed": 73.111084, "delta": 0.704}}
{"target": -25.12172792023742, "params": {"C": 1580.5542568792962, "gamma": 0.27051379397879993}, "datetime": {"datetime": "2021-06-28 16:17:39", "elapsed": 73.849848, "delta": 0.738764}}
{"target": -21.574963605813906, "params": {"C": 1032.2310187469225, "gamma": 0.15432424093048747}, "datetime": {"datetime": "2021-06-28 16:17:40", "elapsed": 74.540847, "delta": 0.690999}}
{"target": -48.393925011549264, "params": {"C": 3982.5956536870617, "gamma": 8.649678220960144}, "datetime": {"datetime": "2021-06-28 16:17:40", "elapsed": 75.152852, "delta": 0.612005}}
{"target": -46.846912253949604, "params": {"C": 1902.9382844060149, "gamma": 7.855041270855401}, "datetime": {"datetime": "2021-06-28 16:17:41", "elapsed": 75.747512, "delta": 0.59466}}
{"target": -24.936922974520222, "params": {"C": 1577.054080778488, "gamma": 0.2629109351365551}, "datetime": {"datetime": "2021-06-28 16:17:41", "elapsed": 76.46151, "delta": 0.713998}}
{"target": -45.51546378705316, "params": {"C": 3841.143813108295, "gamma": 3.6311932422136945}, "datetime": {"datetime": "2021-06-28 16:17:42", "elapsed": 77.040734, "delta": 0.579224}}
{"target": -24.239328749342256, "params": {"C": 6545.993440205868, "gamma": 0.18523934021500918}, "datetime": {"datetime": "2021-06-28 16:17:43", "elapsed": 77.601663, "delta": 0.560929}}
{"target": -39.232160900825725, "params": {"C": 6544.427187836499, "gamma": 1.4072157559261285}, "datetime": {"datetime": "2021-06-28 16:17:43", "elapsed": 78.358314, "delta": 0.756651}}
{"target": -29.821219260579678, "params": {"C": 1580.7893488737434, "gamma": 0.5417728986030852}, "datetime": {"datetime": "2021-06-28 16:17:44", "elapsed": 79.048915, "delta": 0.690601}}
{"target": -48.78178028534045, "params": {"C": 9792.033105285922, "gamma": 6.536345796587738}, "datetime": {"datetime": "2021-06-28 16:17:45", "elapsed": 79.658715, "delta": 0.6098}}
{"target": -16.188389764798593, "params": {"C": 6545.961119374657, "gamma": 0.011879248272100478}, "datetime": {"datetime": "2021-06-28 16:17:45", "elapsed": 80.36872, "delta": 0.710005}}
{"target": -30.291301019769534, "params": {"C": 3974.602306275086, "gamma": 0.5414733387622902}, "datetime": {"datetime": "2021-06-28 16:17:46", "elapsed": 81.200713, "delta": 0.831993}}
{"target": -20.13396037244566, "params": {"C": 1031.802693917452, "gamma": 0.12046567688547258}, "datetime": {"datetime": "2021-06-28 16:17:47", "elapsed": 82.023513, "delta": 0.8228}}
{"target": -23.80884289713942, "params": {"C": 1034.5178172626129, "gamma": 0.22097022146917508}, "datetime": {"datetime": "2021-06-28 16:17:48", "elapsed": 82.723138, "delta": 0.699625}}
{"target": -16.429919742620964, "params": {"C": 1577.5799161326136, "gamma": 0.046523369743720885}, "datetime": {"datetime": "2021-06-28 16:17:49", "elapsed": 83.485737, "delta": 0.762599}}
{"target": -18.113656091312553, "params": {"C": 1576.3723907796486, "gamma": 0.08410753195262627}, "datetime": {"datetime": "2021-06-28 16:17:49", "elapsed": 84.229702, "delta": 0.743965}}
{"target": -27.15750647242872, "params": {"C": 1031.4556000628208, "gamma": 0.3720628281137209}, "datetime": {"datetime": "2021-06-28 16:17:50", "elapsed": 84.855703, "delta": 0.626001}}
{"target": -47.48785842403597, "params": {"C": 9341.398058477436, "gamma": 4.577055794705955}, "datetime": {"datetime": "2021-06-28 16:17:50", "elapsed": 85.427703, "delta": 0.572}}
{"target": -43.741048598006216, "params": {"C": 9999.660895314699, "gamma": 2.3095777092410303}, "datetime": {"datetime": "2021-06-28 16:17:51", "elapsed": 86.026643, "delta": 0.59894}}
{"target": -29.37014671349129, "params": {"C": 1581.4537351560948, "gamma": 0.5095968007657312}, "datetime": {"datetime": "2021-06-28 16:17:52", "elapsed": 86.675651, "delta": 0.649008}}
{"target": -30.772789590674755, "params": {"C": 1581.24859915009, "gamma": 0.6133940729938469}, "datetime": {"datetime": "2021-06-28 16:17:53", "elapsed": 87.501698, "delta": 0.826047}}
{"target": -40.32421528750426, "params": {"C": 1197.2600308856422, "gamma": 1.929364335534476}, "datetime": {"datetime": "2021-06-28 16:17:53", "elapsed": 88.218912, "delta": 0.717214}}
{"target": -28.837374453494974, "params": {"C": 1580.2982919235321, "gamma": 0.47315424271254364}, "datetime": {"datetime": "2021-06-28 16:17:54", "elapsed": 89.165546, "delta": 0.946634}}
{"target": -25.0538448325757, "params": {"C": 1032.6142366162896, "gamma": 0.2688469120236853}, "datetime": {"datetime": "2021-06-28 16:17:55", "elapsed": 90.078256, "delta": 0.91271}}
{"target": -24.884259887242763, "params": {"C": 1578.4608462543636, "gamma": 0.26076374683043907}, "datetime": {"datetime": "2021-06-28 16:17:56", "elapsed": 91.015257, "delta": 0.937001}}
{"target": -20.098872021709095, "params": {"C": 1580.4218491020868, "gamma": 0.1232194319168958}, "datetime": {"datetime": "2021-06-28 16:17:57", "elapsed": 92.044669, "delta": 1.029412}}
{"target": -28.639909549293613, "params": {"C": 9304.257514667273, "gamma": 0.3737105941608573}, "datetime": {"datetime": "2021-06-28 16:17:58", "elapsed": 92.667666, "delta": 0.622997}}
{"target": -20.3071064459085, "params": {"C": 1638.5097640168774, "gamma": 0.1276059232770145}, "datetime": {"datetime": "2021-06-28 16:17:58", "elapsed": 93.400485, "delta": 0.732819}}
{"target": -36.6199461252813, "params": {"C": 9304.554396580203, "gamma": 1.0568725165844897}, "datetime": {"datetime": "2021-06-28 16:17:59", "elapsed": 94.19252, "delta": 0.792035}}
{"target": -28.4076600176316, "params": {"C": 6545.619141296431, "gamma": 0.3808016356697347}, "datetime": {"datetime": "2021-06-28 16:18:00", "elapsed": 94.877517, "delta": 0.684997}}
{"target": -27.375436865119912, "params": {"C": 9300.447393594519, "gamma": 0.29367247390131945}, "datetime": {"datetime": "2021-06-28 16:18:01", "elapsed": 95.754511, "delta": 0.876994}}
{"target": -29.460277972398845, "params": {"C": 1636.7060389487096, "gamma": 0.5152399838781749}, "datetime": {"datetime": "2021-06-28 16:18:02", "elapsed": 96.596514, "delta": 0.842003}}
{"target": -27.330985089300793, "params": {"C": 1034.867257684392, "gamma": 0.3819351283865387}, "datetime": {"datetime": "2021-06-28 16:18:02", "elapsed": 97.399514, "delta": 0.803}}
{"target": -16.56191454535753, "params": {"C": 1035.380813491015, "gamma": 0.027157818095524755}, "datetime": {"datetime": "2021-06-28 16:18:03", "elapsed": 98.124511, "delta": 0.724997}}
{"target": -17.861055726486725, "params": {"C": 1037.3020011654512, "gamma": 0.0732780713667245}, "datetime": {"datetime": "2021-06-28 16:18:04", "elapsed": 98.896515, "delta": 0.772004}}
{"target": -37.52528943425685, "params": {"C": 7817.052192615965, "gamma": 1.1691008839134047}, "datetime": {"datetime": "2021-06-28 16:18:05", "elapsed": 99.52252, "delta": 0.626005}}
{"target": -16.4057631947892, "params": {"C": 6545.578546850408, "gamma": 0.042416963198263435}, "datetime": {"datetime": "2021-06-28 16:18:05", "elapsed": 100.358511, "delta": 0.835991}}
{"target": -21.282558063010455, "params": {"C": 3973.631951303787, "gamma": 0.13510280535129646}, "datetime": {"datetime": "2021-06-28 16:18:06", "elapsed": 101.086514, "delta": 0.728003}}
{"target": -24.53722951888876, "params": {"C": 1037.151007500918, "gamma": 0.24791723527261725}, "datetime": {"datetime": "2021-06-28 16:18:07", "elapsed": 101.842511, "delta": 0.755997}}
{"target": -45.33853934519907, "params": {"C": 3626.5319537022774, "gamma": 3.554035929255847}, "datetime": {"datetime": "2021-06-28 16:18:08", "elapsed": 102.495509, "delta": 0.652998}}
{"target": -21.244804283026106, "params": {"C": 1030.6044095863906, "gamma": 0.1460611878313267}, "datetime": {"datetime": "2021-06-28 16:18:08", "elapsed": 103.255515, "delta": 0.760006}}
{"target": -48.2027518867422, "params": {"C": 3903.466779174726, "gamma": 8.022367566166785}, "datetime": {"datetime": "2021-06-28 16:18:09", "elapsed": 103.921574, "delta": 0.666059}}
{"target": -23.383292465872874, "params": {"C": 1579.6675555088216, "gamma": 0.20685390189460878}, "datetime": {"datetime": "2021-06-28 16:18:10", "elapsed": 104.651582, "delta": 0.730008}}
{"target": -30.1584037389653, "params": {"C": 1576.7276640053174, "gamma": 0.5666293996296329}, "datetime": {"datetime": "2021-06-28 16:18:11", "elapsed": 105.632579, "delta": 0.980997}}
{"target": -38.166416401657834, "params": {"C": 9079.56393245152, "gamma": 1.23722165992946}, "datetime": {"datetime": "2021-06-28 16:18:11", "elapsed": 106.289212, "delta": 0.656633}}
{"target": -27.9409398719613, "params": {"C": 1030.243183809519, "gamma": 0.41815768972548034}, "datetime": {"datetime": "2021-06-28 16:18:12", "elapsed": 107.364988, "delta": 1.075776}}
{"target": -24.83396215501524, "params": {"C": 1636.467467508062, "gamma": 0.25822716448143224}, "datetime": {"datetime": "2021-06-28 16:18:13", "elapsed": 108.144741, "delta": 0.779753}}
{"target": -22.32928877309055, "params": {"C": 1579.5983872132833, "gamma": 0.17589545057225572}, "datetime": {"datetime": "2021-06-28 16:18:14", "elapsed": 109.004351, "delta": 0.85961}}
{"target": -39.79198646946433, "params": {"C": 1030.180602318404, "gamma": 1.8293797460260532}, "datetime": {"datetime": "2021-06-28 16:18:15", "elapsed": 109.909962, "delta": 0.905611}}
{"target": -16.553039631033357, "params": {"C": 1038.031105307186, "gamma": 0.027752192699934522}, "datetime": {"datetime": "2021-06-28 16:18:16", "elapsed": 110.821966, "delta": 0.912004}}
{"target": -26.922685412771752, "params": {"C": 1033.6855328877355, "gamma": 0.3590769463185338}, "datetime": {"datetime": "2021-06-28 16:18:17", "elapsed": 111.696568, "delta": 0.874602}}
{"target": -33.71034983631106, "params": {"C": 1030.5513558954563, "gamma": 0.8820363017577932}, "datetime": {"datetime": "2021-06-28 16:18:18", "elapsed": 112.496545, "delta": 0.799977}}
{"target": -40.20292086882466, "params": {"C": 5840.139209363565, "gamma": 1.5739930567043103}, "datetime": {"datetime": "2021-06-28 16:18:18", "elapsed": 113.207161, "delta": 0.710616}}
{"target": -30.65507886489994, "params": {"C": 6547.464175711897, "gamma": 0.5424199754332614}, "datetime": {"datetime": "2021-06-28 16:18:19", "elapsed": 114.220764, "delta": 1.013603}}
{"target": -29.547169014899143, "params": {"C": 1031.2803499670815, "gamma": 0.5254944811414646}, "datetime": {"datetime": "2021-06-28 16:18:20", "elapsed": 114.983772, "delta": 0.763008}}
