{"target": -10.520398617345823, "params": {"C": 3338.245932244444, "gamma": 0.04472537695267898}, "datetime": {"datetime": "2021-06-22 07:59:34", "elapsed": 1258.786887, "delta": 6.148274}}
{"target": -10.471877644599957, "params": {"C": 3797.760646163122, "gamma": 0.03974839206401886}, "datetime": {"datetime": "2021-06-22 07:59:39", "elapsed": 1263.694146, "delta": 4.907259}}
{"target": -10.586551618971182, "params": {"C": 2953.588635178472, "gamma": 0.041098349638764096}, "datetime": {"datetime": "2021-06-22 07:59:45", "elapsed": 1269.620641, "delta": 5.926495}}
{"target": -10.54246334708128, "params": {"C": 3180.7093476646783, "gamma": 0.04650704228292342}, "datetime": {"datetime": "2021-06-22 07:59:49", "elapsed": 1273.995913, "delta": 4.375272}}
{"target": -10.636179443467197, "params": {"C": 3587.0274465365696, "gamma": 0.02434510158116728}, "datetime": {"datetime": "2021-06-22 07:59:55", "elapsed": 1280.102595, "delta": 6.106682}}
{"target": -10.49657184182273, "params": {"C": 3565.3918131290584, "gamma": 0.04104264738447578}, "datetime": {"datetime": "2021-06-22 08:00:00", "elapsed": 1284.590841, "delta": 4.488246}}
{"target": -10.49693971219519, "params": {"C": 3714.207078616594, "gamma": 0.035678368855837764}, "datetime": {"datetime": "2021-06-22 08:00:07", "elapsed": 1292.0876, "delta": 7.496759}}
{"target": -11.184059345189912, "params": {"C": 3048.95547253934, "gamma": 0.011774685949429153}, "datetime": {"datetime": "2021-06-22 08:00:18", "elapsed": 1303.06301, "delta": 10.97541}}
{"target": -10.755862535285347, "params": {"C": 3052.963082357258, "gamma": 0.021692531333301394}, "datetime": {"datetime": "2021-06-22 08:00:25", "elapsed": 1310.162561, "delta": 7.099551}}
{"target": -10.590949204428876, "params": {"C": 3057.7447803938467, "gamma": 0.03425735463446844}, "datetime": {"datetime": "2021-06-22 08:00:30", "elapsed": 1314.377837, "delta": 4.215276}}
{"target": -10.522326213336495, "params": {"C": 3316.666306293414, "gamma": 0.04571329039236032}, "datetime": {"datetime": "2021-06-22 08:00:34", "elapsed": 1318.801874, "delta": 4.424037}}
{"target": -10.635930997609833, "params": {"C": 3216.140567802935, "gamma": 0.02699011611394489}, "datetime": {"datetime": "2021-06-22 08:00:40", "elapsed": 1324.816375, "delta": 6.014501}}
{"target": -11.022081983207455, "params": {"C": 2411.539435471542, "gamma": 0.01672276075555506}, "datetime": {"datetime": "2021-06-22 08:00:46", "elapsed": 1331.322912, "delta": 6.506537}}
{"target": -10.497724717852183, "params": {"C": 3937.409041298119, "gamma": 0.03163030594199786}, "datetime": {"datetime": "2021-06-22 08:00:51", "elapsed": 1335.511275, "delta": 4.188363}}
{"target": -11.246376622940444, "params": {"C": 2091.940553096434, "gamma": 0.014082164774895035}, "datetime": {"datetime": "2021-06-22 08:00:55", "elapsed": 1339.859001, "delta": 4.347726}}
{"target": -10.665196250961943, "params": {"C": 2635.2940660509935, "gamma": 0.03401917946113802}, "datetime": {"datetime": "2021-06-22 08:00:59", "elapsed": 1344.019144, "delta": 4.160143}}
{"target": -11.060122901664737, "params": {"C": 3150.8022297636962, "gamma": 0.013168455287031531}, "datetime": {"datetime": "2021-06-22 08:01:07", "elapsed": 1351.693661, "delta": 7.674517}}
{"target": -10.92707454883263, "params": {"C": 3154.920197033086, "gamma": 0.015545494394383703}, "datetime": {"datetime": "2021-06-22 08:01:11", "elapsed": 1356.248534, "delta": 4.554873}}
{"target": -10.688267328501892, "params": {"C": 2664.5993946759145, "gamma": 0.02931304376995724}, "datetime": {"datetime": "2021-06-22 08:01:18", "elapsed": 1362.526348, "delta": 6.277814}}
{"target": -10.620120681412322, "params": {"C": 2773.6190454538278, "gamma": 0.04367292345841711}, "datetime": {"datetime": "2021-06-22 08:01:24", "elapsed": 1368.895716, "delta": 6.369368}}
{"target": -10.692390928936971, "params": {"C": 3632.794750715324, "gamma": 0.021232461287344552}, "datetime": {"datetime": "2021-06-22 08:01:31", "elapsed": 1375.712803, "delta": 6.817087}}
{"target": -10.9618444391908, "params": {"C": 3636.4861863449623, "gamma": 0.013519802186077975}, "datetime": {"datetime": "2021-06-22 08:01:36", "elapsed": 1380.835176, "delta": 5.122373}}
{"target": -10.478782283896297, "params": {"C": 3640.092362443821, "gamma": 0.04499265961806525}, "datetime": {"datetime": "2021-06-22 08:01:42", "elapsed": 1386.911151, "delta": 6.075975}}
{"target": -10.671004281020469, "params": {"C": 2548.7843754877435, "gamma": 0.03779893585991567}, "datetime": {"datetime": "2021-06-22 08:01:48", "elapsed": 1393.040926, "delta": 6.129775}}
{"target": -10.767913285700647, "params": {"C": 2214.37791022545, "gamma": 0.0344429980818033}, "datetime": {"datetime": "2021-06-22 08:01:58", "elapsed": 1402.345924, "delta": 9.304998}}
{"target": -10.759574043514561, "params": {"C": 2394.5415502318524, "gamma": 0.027605109531101527}, "datetime": {"datetime": "2021-06-22 08:02:04", "elapsed": 1408.566877, "delta": 6.220953}}
{"target": -10.593265422364286, "params": {"C": 2917.260014117441, "gamma": 0.04854164303873201}, "datetime": {"datetime": "2021-06-22 08:02:08", "elapsed": 1413.081156, "delta": 4.514279}}
{"target": -10.51909266005689, "params": {"C": 3357.691407233364, "gamma": 0.043658028210033326}, "datetime": {"datetime": "2021-06-22 08:02:13", "elapsed": 1417.596951, "delta": 4.515795}}
{"target": -10.444945392103747, "params": {"C": 3949.2389483239276, "gamma": 0.04818154777666706}, "datetime": {"datetime": "2021-06-22 08:02:21", "elapsed": 1426.273445, "delta": 8.676494}}
{"target": -11.025078570134337, "params": {"C": 3370.725998329058, "gamma": 0.013118336367403616}, "datetime": {"datetime": "2021-06-22 08:02:28", "elapsed": 1433.180101, "delta": 6.906656}}
{"target": -11.230222879522788, "params": {"C": 3967.101708860168, "gamma": 0.009675275285555725}, "datetime": {"datetime": "2021-06-22 08:02:35", "elapsed": 1439.656771, "delta": 6.47667}}
{"target": -10.494546175645272, "params": {"C": 3970.790294463879, "gamma": 0.03161164463491498}, "datetime": {"datetime": "2021-06-22 08:02:39", "elapsed": 1444.305763, "delta": 4.648992}}
{"target": -10.853747780895125, "params": {"C": 3961.0535974474824, "gamma": 0.014819731014394294}, "datetime": {"datetime": "2021-06-22 08:02:45", "elapsed": 1449.97617, "delta": 5.670407}}
{"target": -10.756403955079703, "params": {"C": 2302.9988493783967, "gamma": 0.048255364095070266}, "datetime": {"datetime": "2021-06-22 08:02:51", "elapsed": 1456.165569, "delta": 6.189399}}
{"target": -11.344278811024411, "params": {"C": 2096.9384295849954, "gamma": 0.012533143857217068}, "datetime": {"datetime": "2021-06-22 08:03:01", "elapsed": 1465.449047, "delta": 9.283478}}
{"target": -11.013786822825962, "params": {"C": 2101.789500559962, "gamma": 0.01899195807534544}, "datetime": {"datetime": "2021-06-22 08:03:08", "elapsed": 1472.837053, "delta": 7.388006}}
{"target": -10.806103834947592, "params": {"C": 3537.2446964212927, "gamma": 0.01733511748636784}, "datetime": {"datetime": "2021-06-22 08:03:15", "elapsed": 1480.177564, "delta": 7.340511}}
{"target": -10.51487443545999, "params": {"C": 3525.19267081796, "gamma": 0.03653038910321473}, "datetime": {"datetime": "2021-06-22 08:03:22", "elapsed": 1487.12259, "delta": 6.945026}}
{"target": -10.703438411412876, "params": {"C": 2440.379873995433, "gamma": 0.04403503649351351}, "datetime": {"datetime": "2021-06-22 08:03:29", "elapsed": 1494.116087, "delta": 6.993497}}
{"target": -11.347750087484854, "params": {"C": 3657.140169067339, "gamma": 0.009}, "datetime": {"datetime": "2021-06-22 08:03:34", "elapsed": 1499.061508, "delta": 4.945421}}
{"target": -10.803049849076194, "params": {"C": 2161.6937852602036, "gamma": 0.028989755401183426}, "datetime": {"datetime": "2021-06-22 08:03:41", "elapsed": 1506.074479, "delta": 7.012971}}
{"target": -10.533683694368497, "params": {"C": 3491.07787081279, "gamma": 0.03344374973731539}, "datetime": {"datetime": "2021-06-22 08:03:50", "elapsed": 1514.685331, "delta": 8.610852}}
{"target": -10.699370509397852, "params": {"C": 2568.967732096718, "gamma": 0.02999998103539399}, "datetime": {"datetime": "2021-06-22 08:04:00", "elapsed": 1525.279743, "delta": 10.594412}}
{"target": -10.760367651924566, "params": {"C": 2495.549466952581, "gamma": 0.026287362112931992}, "datetime": {"datetime": "2021-06-22 08:04:08", "elapsed": 1532.553275, "delta": 7.273532}}
{"target": -10.620167808024675, "params": {"C": 2815.9409287099434, "gamma": 0.05}, "datetime": {"datetime": "2021-06-22 08:04:21", "elapsed": 1545.594519, "delta": 13.041244}}
{"target": -10.290443924802437, "params": {"C": 5668.0297210107665, "gamma": 0.03853330423112848}, "datetime": {"datetime": "2021-06-22 08:09:42", "elapsed": 0.0, "delta": 0.0}}
{"target": -10.656397629532243, "params": {"C": 4000.3575107068614, "gamma": 0.02139563547790543}, "datetime": {"datetime": "2021-06-22 08:09:43", "elapsed": 0.216211, "delta": 0.216211}}
{"target": -10.89417744173506, "params": {"C": 4586.938238857534, "gamma": 0.01278588238552071}, "datetime": {"datetime": "2021-06-22 08:09:43", "elapsed": 0.401151, "delta": 0.18494}}
{"target": -10.564508593646798, "params": {"C": 4744.959471531822, "gamma": 0.023167989808764958}, "datetime": {"datetime": "2021-06-22 08:09:43", "elapsed": 0.601736, "delta": 0.200585}}
{"target": -10.361232484986989, "params": {"C": 5587.009573670102, "gamma": 0.031091486094137637}, "datetime": {"datetime": "2021-06-22 08:09:43", "elapsed": 0.802316, "delta": 0.20058}}
{"target": -10.298406519421105, "params": {"C": 5676.719977064619, "gamma": 0.03709399951626714}, "datetime": {"datetime": "2021-06-22 08:09:43", "elapsed": 1.003225, "delta": 0.200909}}
{"target": -10.351724463935854, "params": {"C": 4817.729444151043, "gamma": 0.045002814892028765}, "datetime": {"datetime": "2021-06-22 08:09:44", "elapsed": 1.181272, "delta": 0.178047}}
{"target": -10.45140359112617, "params": {"C": 4109.453111551024, "gamma": 0.03648916791731449}, "datetime": {"datetime": "2021-06-22 08:09:44", "elapsed": 1.381839, "delta": 0.200567}}
{"target": -10.345827628269362, "params": {"C": 5669.160939948744, "gamma": 0.03190628296627582}, "datetime": {"datetime": "2021-06-22 08:09:44", "elapsed": 1.582416, "delta": 0.200577}}
{"target": -10.718472285779631, "params": {"C": 4561.4617930747945, "gamma": 0.01712216105248003}, "datetime": {"datetime": "2021-06-22 08:09:44", "elapsed": 1.782591, "delta": 0.200175}}
{"target": -10.20438837590863, "params": {"C": 7202.958349159015, "gamma": 0.0486987246044953}, "datetime": {"datetime": "2021-06-22 08:09:44", "elapsed": 1.967409, "delta": 0.184818}}
{"target": -10.3341084189564, "params": {"C": 5253.628055054787, "gamma": 0.03738522724244188}, "datetime": {"datetime": "2021-06-22 08:09:45", "elapsed": 2.16796, "delta": 0.200551}}
{"target": -10.167710559402675, "params": {"C": 7505.5442480993825, "gamma": 0.045678873203657745}, "datetime": {"datetime": "2021-06-22 08:09:45", "elapsed": 2.368516, "delta": 0.200556}}
{"target": -11.084117855968028, "params": {"C": 4340.085349900249, "gamma": 0.010601246112548176}, "datetime": {"datetime": "2021-06-22 08:09:45", "elapsed": 2.56908, "delta": 0.200564}}
{"target": -10.364884483020651, "params": {"C": 4679.238661300232, "gamma": 0.04500384264060594}, "datetime": {"datetime": "2021-06-22 08:09:45", "elapsed": 2.785301, "delta": 0.216221}}
{"target": -10.530800633711742, "params": {"C": 4393.297170015584, "gamma": 0.026265412625207138}, "datetime": {"datetime": "2021-06-22 08:09:45", "elapsed": 2.970627, "delta": 0.185326}}
{"target": -10.214464404664247, "params": {"C": 7831.553909555023, "gamma": 0.030859776683893697}, "datetime": {"datetime": "2021-06-22 08:09:46", "elapsed": 3.170149, "delta": 0.199522}}
{"target": -10.468111880102873, "params": {"C": 6767.477643513288, "gamma": 0.02193614087124858}, "datetime": {"datetime": "2021-06-22 08:09:46", "elapsed": 3.355084, "delta": 0.184935}}
{"target": -10.20322338379778, "params": {"C": 6745.972360819103, "gamma": 0.043219652547792295}, "datetime": {"datetime": "2021-06-22 08:09:46", "elapsed": 3.555672, "delta": 0.200588}}
{"target": -10.440346476217064, "params": {"C": 4073.054938204502, "gamma": 0.03975591691274367}, "datetime": {"datetime": "2021-06-22 08:09:46", "elapsed": 3.756249, "delta": 0.200577}}
{"target": -10.13146968562926, "params": {"C": 7955.443241734869, "gamma": 0.03967479182957342}, "datetime": {"datetime": "2021-06-22 08:09:46", "elapsed": 3.956831, "delta": 0.200582}}
{"target": -10.326799315476762, "params": {"C": 5121.704012656827, "gamma": 0.04136045246651103}, "datetime": {"datetime": "2021-06-22 08:09:47", "elapsed": 4.156988, "delta": 0.200157}}
{"target": -10.508934350687985, "params": {"C": 4412.814348911226, "gamma": 0.027363634573212114}, "datetime": {"datetime": "2021-06-22 08:09:47", "elapsed": 4.357563, "delta": 0.200575}}
{"target": -10.449633737997399, "params": {"C": 7634.372871922691, "gamma": 0.02103818008332086}, "datetime": {"datetime": "2021-06-22 08:09:47", "elapsed": 4.558155, "delta": 0.200592}}
{"target": -10.775410889770704, "params": {"C": 5151.0301318792535, "gamma": 0.014331171456849385}, "datetime": {"datetime": "2021-06-22 08:09:47", "elapsed": 4.743112, "delta": 0.184957}}
{"target": -10.453088557328014, "params": {"C": 4077.3697681769754, "gamma": 0.03683225685053553}, "datetime": {"datetime": "2021-06-22 08:09:47", "elapsed": 4.943675, "delta": 0.200563}}
{"target": -10.629153310445155, "params": {"C": 4846.433626811836, "gamma": 0.019887413034261274}, "datetime": {"datetime": "2021-06-22 08:09:48", "elapsed": 5.128577, "delta": 0.184902}}
{"target": -10.887845174014133, "params": {"C": 5966.241794437281, "gamma": 0.011187864349800295}, "datetime": {"datetime": "2021-06-22 08:09:48", "elapsed": 5.329134, "delta": 0.200557}}
{"target": -10.68063431788805, "params": {"C": 6296.427833728601, "gamma": 0.015015871571138217}, "datetime": {"datetime": "2021-06-22 08:09:48", "elapsed": 5.529718, "delta": 0.200584}}
{"target": -10.240348101831142, "params": {"C": 6357.181078166827, "gamma": 0.037690092760858177}, "datetime": {"datetime": "2021-06-22 08:09:48", "elapsed": 5.730297, "delta": 0.200579}}
{"target": -10.314819267909911, "params": {"C": 5634.145693194618, "gamma": 0.05}, "datetime": {"datetime": "2021-06-22 08:09:48", "elapsed": 6.062414, "delta": 0.332117}}
{"target": -10.837687357047713, "params": {"C": 5713.640675473181, "gamma": 0.012235605781096677}, "datetime": {"datetime": "2021-06-22 08:09:49", "elapsed": 6.416775, "delta": 0.354361}}
{"target": -10.463665017609976, "params": {"C": 7912.277846487617, "gamma": 0.020183992028738478}, "datetime": {"datetime": "2021-06-22 08:09:49", "elapsed": 6.779845, "delta": 0.36307}}
{"target": -10.355194544962998, "params": {"C": 7997.930170072972, "gamma": 0.0239521043575674}, "datetime": {"datetime": "2021-06-22 08:09:50", "elapsed": 7.134025, "delta": 0.35418}}
{"target": -10.261007282960495, "params": {"C": 6700.356016607962, "gamma": 0.03272916711988206}, "datetime": {"datetime": "2021-06-22 08:09:50", "elapsed": 7.550801, "delta": 0.416776}}
{"target": -10.298764912155693, "params": {"C": 7550.776893929141, "gamma": 0.02733521023413181}, "datetime": {"datetime": "2021-06-22 08:09:50", "elapsed": 7.920708, "delta": 0.369907}}
{"target": -10.16286629333964, "params": {"C": 7459.426860799008, "gamma": 0.04441234787452847}, "datetime": {"datetime": "2021-06-22 08:09:51", "elapsed": 8.299354, "delta": 0.378646}}
{"target": -10.207051239685601, "params": {"C": 7412.8512797081075, "gamma": 0.03304759944199256}, "datetime": {"datetime": "2021-06-22 08:09:51", "elapsed": 8.653644, "delta": 0.35429}}
{"target": -10.745459704727041, "params": {"C": 7251.448675449542, "gamma": 0.012347540640861647}, "datetime": {"datetime": "2021-06-22 08:09:51", "elapsed": 9.023049, "delta": 0.369405}}
{"target": -10.176998144689637, "params": {"C": 7156.414857275242, "gamma": 0.043343681840338134}, "datetime": {"datetime": "2021-06-22 08:09:52", "elapsed": 9.386515, "delta": 0.363466}}
{"target": -10.183138643140738, "params": {"C": 7108.220561377684, "gamma": 0.03890056827650614}, "datetime": {"datetime": "2021-06-22 08:09:52", "elapsed": 9.740793, "delta": 0.354278}}
{"target": -10.812695006318277, "params": {"C": 7058.881157544785, "gamma": 0.011274389030724715}, "datetime": {"datetime": "2021-06-22 08:09:53", "elapsed": 10.20449, "delta": 0.463697}}
{"target": -10.227976248926291, "params": {"C": 7782.553042121643, "gamma": 0.030317634589179424}, "datetime": {"datetime": "2021-06-22 08:09:53", "elapsed": 10.61861, "delta": 0.41412}}
{"target": -10.781877319309, "params": {"C": 7362.542429284657, "gamma": 0.01154526911906999}, "datetime": {"datetime": "2021-06-22 08:09:53", "elapsed": 11.019743, "delta": 0.401133}}
{"target": -10.620247450480399, "params": {"C": 5070.767510726234, "gamma": 0.019664602708245518}, "datetime": {"datetime": "2021-06-22 08:09:54", "elapsed": 11.382902, "delta": 0.363159}}
{"target": -10.306823799283036, "params": {"C": 6407.476031845565, "gamma": 0.030860785304856093}, "datetime": {"datetime": "2021-06-22 08:09:54", "elapsed": 11.736936, "delta": 0.354034}}
{"target": -10.44368214461343, "params": {"C": 7731.122845764166, "gamma": 0.02113266168925752}, "datetime": {"datetime": "2021-06-22 08:09:55", "elapsed": 12.099328, "delta": 0.362392}}
{"target": -10.853654436033562, "params": {"C": 6646.136643256123, "gamma": 0.01102747494348122}, "datetime": {"datetime": "2021-06-22 08:09:55", "elapsed": 12.484485, "delta": 0.385157}}
{"target": -10.30746237061348, "params": {"C": 6464.13749606413, "gamma": 0.03058416670264659}, "datetime": {"datetime": "2021-06-22 08:09:55", "elapsed": 12.933472, "delta": 0.448987}}
{"target": -10.235836091277156, "params": {"C": 6520.231594722916, "gamma": 0.03650684349243932}, "datetime": {"datetime": "2021-06-22 08:09:56", "elapsed": 13.3804, "delta": 0.446928}}
{"target": -10.288258644135455, "params": {"C": 6568.1372174895005, "gamma": 0.031329883415618175}, "datetime": {"datetime": "2021-06-22 08:09:56", "elapsed": 13.752588, "delta": 0.372188}}
{"target": -10.472175752151196, "params": {"C": 5312.567714873779, "gamma": 0.025672847057588044}, "datetime": {"datetime": "2021-06-22 08:09:57", "elapsed": 14.09654, "delta": 0.343952}}
{"target": -10.289662834338607, "params": {"C": 5526.079673201072, "gamma": 0.042630753277577475}, "datetime": {"datetime": "2021-06-22 08:09:57", "elapsed": 14.513343, "delta": 0.416803}}
{"target": -10.438621405581852, "params": {"C": 5470.882948115324, "gamma": 0.0268079698470223}, "datetime": {"datetime": "2021-06-22 08:09:57", "elapsed": 14.883283, "delta": 0.36994}}
{"target": -10.245795995285524, "params": {"C": 6134.479818560407, "gamma": 0.04424208366929989}, "datetime": {"datetime": "2021-06-22 08:09:58", "elapsed": 15.25282, "delta": 0.369537}}
{"target": -10.956964196765954, "params": {"C": 6186.451449438768, "gamma": 0.010164166879664184}, "datetime": {"datetime": "2021-06-22 08:09:58", "elapsed": 15.677237, "delta": 0.424417}}
{"target": -10.26536282006401, "params": {"C": 6084.817048141214, "gamma": 0.03700793315287408}, "datetime": {"datetime": "2021-06-22 08:09:59", "elapsed": 16.111741, "delta": 0.434504}}
{"target": -11.167120481379369, "params": {"C": 4196.683061904954, "gamma": 0.00996920555246958}, "datetime": {"datetime": "2021-06-22 08:09:59", "elapsed": 16.538897, "delta": 0.427156}}
{"target": -10.38607383673858, "params": {"C": 6907.809976409724, "gamma": 0.025022077157807306}, "datetime": {"datetime": "2021-06-22 08:09:59", "elapsed": 16.951899, "delta": 0.413002}}
{"target": -10.66510634362763, "params": {"C": 5842.053420755884, "gamma": 0.016261871628835287}, "datetime": {"datetime": "2021-06-22 08:10:00", "elapsed": 17.347111, "delta": 0.395212}}
{"target": -10.42584396059707, "params": {"C": 5395.460146951376, "gamma": 0.027777972237021123}, "datetime": {"datetime": "2021-06-22 08:10:00", "elapsed": 17.748309, "delta": 0.401198}}
{"target": -10.379533825866933, "params": {"C": 4959.86816334443, "gamma": 0.03486626058875217}, "datetime": {"datetime": "2021-06-22 08:10:01", "elapsed": 18.252112, "delta": 0.503803}}
{"target": -10.519171033167037, "params": {"C": 6847.908828304089, "gamma": 0.019821078364508398}, "datetime": {"datetime": "2021-06-22 08:10:01", "elapsed": 18.840114, "delta": 0.588002}}
{"target": -10.346454925137895, "params": {"C": 6967.407891562483, "gamma": 0.02657949762592343}, "datetime": {"datetime": "2021-06-22 08:10:02", "elapsed": 19.282005, "delta": 0.441891}}
{"target": -11.23446318947534, "params": {"C": 4483.632408386242, "gamma": 0.009}, "datetime": {"datetime": "2021-06-22 08:10:02", "elapsed": 19.785173, "delta": 0.503168}}
{"target": -10.275266371896068, "params": {"C": 6037.194457993263, "gamma": 0.04836288864724383}, "datetime": {"datetime": "2021-06-22 08:10:03", "elapsed": 20.207848, "delta": 0.422675}}
{"target": -10.393512715611552, "params": {"C": 4908.649313628683, "gamma": 0.033577475005628805}, "datetime": {"datetime": "2021-06-22 08:10:03", "elapsed": 20.605652, "delta": 0.397804}}
{"target": -10.342247738565895, "params": {"C": 5010.784912694714, "gamma": 0.03979961325114667}, "datetime": {"datetime": "2021-06-22 08:10:03", "elapsed": 21.039157, "delta": 0.433505}}
{"target": -10.979978824437985, "params": {"C": 4269.479359266889, "gamma": 0.01196164929446625}, "datetime": {"datetime": "2021-06-22 08:10:04", "elapsed": 21.544888, "delta": 0.505731}}
{"target": -10.556856910147694, "params": {"C": 7682.630768352534, "gamma": 0.017259170442509887}, "datetime": {"datetime": "2021-06-22 08:10:04", "elapsed": 21.970012, "delta": 0.425124}}
{"target": -10.296504075381685, "params": {"C": 5901.001060937276, "gamma": 0.05}, "datetime": {"datetime": "2021-06-22 08:10:05", "elapsed": 22.394862, "delta": 0.42485}}
{"target": -10.303811036613348, "params": {"C": 5782.930456832346, "gamma": 0.03544736933213628}, "datetime": {"datetime": "2021-06-22 08:10:05", "elapsed": 22.82572, "delta": 0.430858}}
