{"target": -10.959155231882086, "params": {"C": 3123.8344426048225, "gamma": 0.014958793444249666}, "datetime": {"datetime": "2021-06-22 07:51:24", "elapsed": 769.001533, "delta": 2.595051}}
{"target": -10.892481593250999, "params": {"C": 3139.608939755155, "gamma": 0.016436547324784848}, "datetime": {"datetime": "2021-06-22 07:51:28", "elapsed": 772.519934, "delta": 3.518401}}
{"target": -11.028869740561193, "params": {"C": 3144.4592021924436, "gamma": 0.0136847799140256}, "datetime": {"datetime": "2021-06-22 07:51:31", "elapsed": 775.829147, "delta": 3.309213}}
{"target": -11.121151869093296, "params": {"C": 2376.2456077388606, "gamma": 0.01492707685705743}, "datetime": {"datetime": "2021-06-22 07:51:34", "elapsed": 778.413856, "delta": 2.584709}}
{"target": -10.969199095008806, "params": {"C": 2483.4085060081343, "gamma": 0.01757457568874704}, "datetime": {"datetime": "2021-06-22 07:51:36", "elapsed": 780.93242, "delta": 2.518564}}
{"target": -10.457415781460117, "params": {"C": 3888.8289203248482, "gamma": 0.0409929266574283}, "datetime": {"datetime": "2021-06-22 07:51:39", "elapsed": 783.344977, "delta": 2.412557}}
{"target": -10.75676599908348, "params": {"C": 3975.2386176320097, "gamma": 0.017401843192578606}, "datetime": {"datetime": "2021-06-22 07:51:42", "elapsed": 786.900618, "delta": 3.555641}}
{"target": -10.47158263852178, "params": {"C": 3709.649820897559, "gamma": 0.04406073207176748}, "datetime": {"datetime": "2021-06-22 07:51:44", "elapsed": 789.27889, "delta": 2.378272}}
{"target": -10.486847476202918, "params": {"C": 3997.9591474232725, "gamma": 0.03231022941232395}, "datetime": {"datetime": "2021-06-22 07:51:47", "elapsed": 791.890994, "delta": 2.612104}}
{"target": -10.570783544291418, "params": {"C": 3624.003349835791, "gamma": 0.028014374496571133}, "datetime": {"datetime": "2021-06-22 07:51:50", "elapsed": 794.571667, "delta": 2.680673}}
{"target": -10.910223089049568, "params": {"C": 3290.7949491558393, "gamma": 0.015474387188791579}, "datetime": {"datetime": "2021-06-22 07:51:54", "elapsed": 798.870141, "delta": 4.298474}}
{"target": -10.652565162328072, "params": {"C": 3413.688736975921, "gamma": 0.02452488329813028}, "datetime": {"datetime": "2021-06-22 07:51:58", "elapsed": 802.697459, "delta": 3.827318}}
{"target": -10.648503263679302, "params": {"C": 2640.64761685082, "gamma": 0.03880661550396974}, "datetime": {"datetime": "2021-06-22 07:52:01", "elapsed": 805.522093, "delta": 2.824634}}
{"target": -11.247382164325126, "params": {"C": 3332.7356633384406, "gamma": 0.010500949534022736}, "datetime": {"datetime": "2021-06-22 07:52:03", "elapsed": 808.23085, "delta": 2.708757}}
{"target": -11.271087711071814, "params": {"C": 3327.9506686394225, "gamma": 0.010263081906517419}, "datetime": {"datetime": "2021-06-22 07:52:08", "elapsed": 812.568482, "delta": 4.337632}}
{"target": -10.580833840019558, "params": {"C": 3321.63149948417, "gamma": 0.029860900774818046}, "datetime": {"datetime": "2021-06-22 07:52:11", "elapsed": 816.065117, "delta": 3.496635}}
{"target": -10.816751668327855, "params": {"C": 2085.177326970263, "gamma": 0.030718697569775695}, "datetime": {"datetime": "2021-06-22 07:52:17", "elapsed": 821.836297, "delta": 5.77118}}
{"target": -10.591067231579743, "params": {"C": 2922.4037538204743, "gamma": 0.04429930534244109}, "datetime": {"datetime": "2021-06-22 07:52:20", "elapsed": 824.359175, "delta": 2.522878}}
{"target": -11.507042663046189, "params": {"C": 2180.0409414381616, "gamma": 0.010326631510866591}, "datetime": {"datetime": "2021-06-22 07:52:22", "elapsed": 826.893501, "delta": 2.534326}}
{"target": -10.556059586250683, "params": {"C": 3108.6453399611833, "gamma": 0.04552218921104943}, "datetime": {"datetime": "2021-06-22 07:52:26", "elapsed": 831.161747, "delta": 4.268246}}
{"target": -10.596491575677621, "params": {"C": 2902.823648849813, "gamma": 0.040087144091202766}, "datetime": {"datetime": "2021-06-22 07:52:30", "elapsed": 835.162637, "delta": 4.00089}}
{"target": -10.703535686669323, "params": {"C": 2419.235029231764, "gamma": 0.03910162713958046}, "datetime": {"datetime": "2021-06-22 07:52:33", "elapsed": 837.874046, "delta": 2.711409}}
{"target": -11.394450630532598, "params": {"C": 2020.4999902997818, "gamma": 0.012163444232684388}, "datetime": {"datetime": "2021-06-22 07:52:36", "elapsed": 840.605132, "delta": 2.731086}}
{"target": -10.4643778903502, "params": {"C": 3845.014165790226, "gamma": 0.04039169959022615}, "datetime": {"datetime": "2021-06-22 07:52:39", "elapsed": 843.474821, "delta": 2.869689}}
{"target": -10.917982752296746, "params": {"C": 2579.7961994279317, "gamma": 0.01837482870429031}, "datetime": {"datetime": "2021-06-22 07:52:41", "elapsed": 846.176216, "delta": 2.701395}}
{"target": -10.500061921334096, "params": {"C": 3599.0150850348236, "gamma": 0.038398461574603235}, "datetime": {"datetime": "2021-06-22 07:52:45", "elapsed": 849.610404, "delta": 3.434188}}
{"target": -11.29517349420376, "params": {"C": 3251.1833727862186, "gamma": 0.010151566493896725}, "datetime": {"datetime": "2021-06-22 07:52:48", "elapsed": 852.999618, "delta": 3.389214}}
{"target": -11.168098177934844, "params": {"C": 3286.045304436684, "gamma": 0.011449863674728385}, "datetime": {"datetime": "2021-06-22 07:52:51", "elapsed": 856.083084, "delta": 3.083466}}
{"target": -10.542838356601814, "params": {"C": 3281.4141980707564, "gamma": 0.0373027072517711}, "datetime": {"datetime": "2021-06-22 07:52:54", "elapsed": 858.724377, "delta": 2.641293}}
{"target": -10.935755602470314, "params": {"C": 2068.413268486897, "gamma": 0.02210832764507807}, "datetime": {"datetime": "2021-06-22 07:52:57", "elapsed": 861.574969, "delta": 2.850592}}
{"target": -10.633464754401219, "params": {"C": 2728.4980030977845, "gamma": 0.045781768193564096}, "datetime": {"datetime": "2021-06-22 07:53:01", "elapsed": 866.064615, "delta": 4.489646}}
{"target": -10.518186128779737, "params": {"C": 3495.8663298912807, "gamma": 0.03654706613292002}, "datetime": {"datetime": "2021-06-22 07:53:05", "elapsed": 869.614864, "delta": 3.550249}}
{"target": -10.658754023491944, "params": {"C": 3993.2668906044128, "gamma": 0.021307479839948733}, "datetime": {"datetime": "2021-06-22 07:53:09", "elapsed": 873.332484, "delta": 3.71762}}
{"target": -10.514792572939234, "params": {"C": 3375.556343775411, "gamma": 0.045030636868926485}, "datetime": {"datetime": "2021-06-22 07:53:14", "elapsed": 878.715965, "delta": 5.383481}}
{"target": -11.376369418980314, "params": {"C": 2289.5524825371203, "gamma": 0.011476373230028359}, "datetime": {"datetime": "2021-06-22 07:53:17", "elapsed": 882.143581, "delta": 3.427616}}
{"target": -10.757053709317574, "params": {"C": 2297.1105447181503, "gamma": 0.04794353085513962}, "datetime": {"datetime": "2021-06-22 07:53:21", "elapsed": 886.080856, "delta": 3.937275}}
{"target": -10.787086543763301, "params": {"C": 3118.5043615791665, "gamma": 0.019865705903829946}, "datetime": {"datetime": "2021-06-22 07:53:24", "elapsed": 888.874869, "delta": 2.794013}}
{"target": -10.507073325589507, "params": {"C": 3484.75158729911, "gamma": 0.04086798982040982}, "datetime": {"datetime": "2021-06-22 07:53:27", "elapsed": 892.313149, "delta": 3.43828}}
{"target": -10.45261562485784, "params": {"C": 3904.3119487564404, "gamma": 0.04198865872478113}, "datetime": {"datetime": "2021-06-22 07:53:30", "elapsed": 895.321972, "delta": 3.008823}}
{"target": -10.502527020928195, "params": {"C": 3449.6947911096427, "gamma": 0.046452415255853315}, "datetime": {"datetime": "2021-06-22 07:53:36", "elapsed": 900.876395, "delta": 5.554423}}
{"target": -10.784701307374895, "params": {"C": 2283.7091282323595, "gamma": 0.027649748766919044}, "datetime": {"datetime": "2021-06-22 07:53:39", "elapsed": 904.083146, "delta": 3.206751}}
{"target": -10.564511616439905, "params": {"C": 3066.45628090317, "gamma": 0.044301835935711964}, "datetime": {"datetime": "2021-06-22 07:53:42", "elapsed": 906.991525, "delta": 2.908379}}
{"target": -10.575464314639236, "params": {"C": 3733.8839968834172, "gamma": 0.02706443852713674}, "datetime": {"datetime": "2021-06-22 07:53:47", "elapsed": 911.743738, "delta": 4.752213}}
{"target": -10.952089494307163, "params": {"C": 3307.7340174029923, "gamma": 0.01453953657275773}, "datetime": {"datetime": "2021-06-22 07:53:51", "elapsed": 915.76257, "delta": 4.018832}}
{"target": -10.824472351985822, "params": {"C": 2979.122248351515, "gamma": 0.019207485119613905}, "datetime": {"datetime": "2021-06-22 07:53:54", "elapsed": 918.870679, "delta": 3.108109}}
{"target": -10.531578330719874, "params": {"C": 3245.546978445149, "gamma": 0.04692787196769135}, "datetime": {"datetime": "2021-06-22 07:53:58", "elapsed": 922.739689, "delta": 3.86901}}
{"target": -10.8713201690425, "params": {"C": 2501.2269212110987, "gamma": 0.020482299599861795}, "datetime": {"datetime": "2021-06-22 07:54:03", "elapsed": 927.89324, "delta": 5.153551}}
{"target": -10.611175620828051, "params": {"C": 2821.392038660019, "gamma": 0.04504299936254995}, "datetime": {"datetime": "2021-06-22 07:54:08", "elapsed": 932.376178, "delta": 4.482938}}
{"target": -10.47548032243841, "params": {"C": 3809.663922546154, "gamma": 0.03843332319274125}, "datetime": {"datetime": "2021-06-22 07:54:11", "elapsed": 936.297626, "delta": 3.921448}}
{"target": -10.669124563887742, "params": {"C": 3312.434676438715, "gamma": 0.024328271568839852}, "datetime": {"datetime": "2021-06-22 07:54:14", "elapsed": 939.185214, "delta": 2.887588}}
{"target": -11.216202825670866, "params": {"C": 3884.060088904803, "gamma": 0.009926923148092856}, "datetime": {"datetime": "2021-06-22 07:54:18", "elapsed": 942.992134, "delta": 3.80692}}
{"target": -10.717873015736394, "params": {"C": 3746.4129606197957, "gamma": 0.019655203466629564}, "datetime": {"datetime": "2021-06-22 07:54:24", "elapsed": 948.358836, "delta": 5.366702}}
{"target": -10.49189623332595, "params": {"C": 3751.0558681188622, "gamma": 0.035940075412034735}, "datetime": {"datetime": "2021-06-22 07:54:28", "elapsed": 952.88069, "delta": 4.521854}}
{"target": -10.803386027495455, "params": {"C": 3742.0302962477303, "gamma": 0.016705758510528194}, "datetime": {"datetime": "2021-06-22 07:54:32", "elapsed": 957.034293, "delta": 4.153603}}
{"target": -10.563166993563925, "params": {"C": 3520.2720630426775, "gamma": 0.029318466311326653}, "datetime": {"datetime": "2021-06-22 07:54:35", "elapsed": 960.167225, "delta": 3.132932}}
{"target": -10.722502274228958, "params": {"C": 3541.4687797494025, "gamma": 0.020375081075187842}, "datetime": {"datetime": "2021-06-22 07:54:39", "elapsed": 964.032949, "delta": 3.865724}}
{"target": -10.985902970804178, "params": {"C": 3898.9791146370317, "gamma": 0.012551986330534202}, "datetime": {"datetime": "2021-06-22 07:54:45", "elapsed": 969.340014, "delta": 5.307065}}
{"target": -10.72510525036608, "params": {"C": 3113.872958563182, "gamma": 0.02278875600354304}, "datetime": {"datetime": "2021-06-22 07:54:51", "elapsed": 975.551967, "delta": 6.211953}}
{"target": -10.730118935973469, "params": {"C": 2323.8721251839725, "gamma": 0.040505040365708615}, "datetime": {"datetime": "2021-06-22 07:54:56", "elapsed": 980.341589, "delta": 4.789622}}
{"target": -10.737169038675313, "params": {"C": 2308.4858092675645, "gamma": 0.03609195216320197}, "datetime": {"datetime": "2021-06-22 07:55:04", "elapsed": 989.171884, "delta": 8.830295}}
{"target": -10.5510269939094, "params": {"C": 3135.163634263233, "gamma": 0.049479220931808336}, "datetime": {"datetime": "2021-06-22 07:55:11", "elapsed": 996.313583, "delta": 7.141699}}
{"target": -10.489157798954958, "params": {"C": 3737.9020869850447, "gamma": 0.03699693258303772}, "datetime": {"datetime": "2021-06-22 07:55:16", "elapsed": 1001.23237, "delta": 4.918787}}
{"target": -11.404815526186592, "params": {"C": 3303.093045739749, "gamma": 0.009}, "datetime": {"datetime": "2021-06-22 07:55:21", "elapsed": 1006.151577, "delta": 4.919207}}
{"target": -10.770314640457396, "params": {"C": 3296.9473677981564, "gamma": 0.019608509474387692}, "datetime": {"datetime": "2021-06-22 07:55:26", "elapsed": 1011.126035, "delta": 4.974458}}
{"target": -10.866454277662138, "params": {"C": 2672.009725818215, "gamma": 0.019460572279057193}, "datetime": {"datetime": "2021-06-22 07:55:31", "elapsed": 1016.044713, "delta": 4.918678}}
{"target": -10.77884005475774, "params": {"C": 2174.0419921260386, "gamma": 0.03520827114671774}, "datetime": {"datetime": "2021-06-22 07:55:35", "elapsed": 1019.338217, "delta": 3.293504}}
{"target": -11.130859912782812, "params": {"C": 3190.260276590733, "gamma": 0.01208339933845861}, "datetime": {"datetime": "2021-06-22 07:55:39", "elapsed": 1023.943827, "delta": 4.60561}}
{"target": -10.651951599363093, "params": {"C": 3186.0103699101282, "gamma": 0.026279437360536638}, "datetime": {"datetime": "2021-06-22 07:55:44", "elapsed": 1028.801373, "delta": 4.857546}}
{"target": -10.774982201816915, "params": {"C": 2209.041453708167, "gamma": 0.032160679456058654}, "datetime": {"datetime": "2021-06-22 07:55:47", "elapsed": 1031.976827, "delta": 3.175454}}
{"target": -10.867370196755466, "params": {"C": 3256.5746830545854, "gamma": 0.01666980027175854}, "datetime": {"datetime": "2021-06-22 07:55:50", "elapsed": 1035.228623, "delta": 3.251796}}
{"target": -10.501555665222, "params": {"C": 3458.5581158545956, "gamma": 0.04703009267707036}, "datetime": {"datetime": "2021-06-22 07:55:55", "elapsed": 1039.480503, "delta": 4.25188}}
{"target": -10.578843915875517, "params": {"C": 3016.0664865144568, "gamma": 0.039378169594018034}, "datetime": {"datetime": "2021-06-22 07:55:58", "elapsed": 1042.813487, "delta": 3.332984}}
{"target": -10.912159858226744, "params": {"C": 3044.439566015293, "gamma": 0.01630018192066164}, "datetime": {"datetime": "2021-06-22 07:56:01", "elapsed": 1046.156236, "delta": 3.342749}}
{"target": -10.512728138930967, "params": {"C": 3677.3566020061066, "gamma": 0.03348579624698031}, "datetime": {"datetime": "2021-06-22 07:56:05", "elapsed": 1049.449848, "delta": 3.293612}}
{"target": -11.030272277576877, "params": {"C": 2194.020391595051, "gamma": 0.01783536974392614}, "datetime": {"datetime": "2021-06-22 07:56:09", "elapsed": 1054.075913, "delta": 4.626065}}
{"target": -11.405186043471431, "params": {"C": 2188.8221522569484, "gamma": 0.011450568104091305}, "datetime": {"datetime": "2021-06-22 07:56:16", "elapsed": 1061.251733, "delta": 7.17582}}
{"target": -10.550130709542021, "params": {"C": 3501.267532422823, "gamma": 0.030752442550512016}, "datetime": {"datetime": "2021-06-22 07:56:20", "elapsed": 1064.588432, "delta": 3.336699}}
{"target": -10.748225868390389, "params": {"C": 3868.630418290906, "gamma": 0.018015038063230192}, "datetime": {"datetime": "2021-06-22 07:56:25", "elapsed": 1069.611591, "delta": 5.023159}}
{"target": -10.88206252324154, "params": {"C": 3864.8133880104933, "gamma": 0.01445725185781619}, "datetime": {"datetime": "2021-06-22 07:56:28", "elapsed": 1072.788178, "delta": 3.176587}}
{"target": -10.476173707822118, "params": {"C": 3789.0673989668653, "gamma": 0.03886962930098233}, "datetime": {"datetime": "2021-06-22 07:56:31", "elapsed": 1076.167208, "delta": 3.37903}}
{"target": -10.769457555273735, "params": {"C": 3616.0831120404755, "gamma": 0.01821954206897743}, "datetime": {"datetime": "2021-06-22 07:56:38", "elapsed": 1082.420809, "delta": 6.253601}}
{"target": -10.550536418902883, "params": {"C": 3979.8225391724827, "gamma": 0.027180025645527815}, "datetime": {"datetime": "2021-06-22 07:56:41", "elapsed": 1085.796611, "delta": 3.375802}}
{"target": -10.675060712712082, "params": {"C": 2530.777723319598, "gamma": 0.04220807089585476}, "datetime": {"datetime": "2021-06-22 07:56:45", "elapsed": 1089.459366, "delta": 3.662755}}
{"target": -10.829264975458024, "params": {"C": 3210.900935151983, "gamma": 0.017934564260119037}, "datetime": {"datetime": "2021-06-22 07:56:51", "elapsed": 1095.886469, "delta": 6.427103}}
{"target": -10.686849493091758, "params": {"C": 3648.9409171653556, "gamma": 0.021417668399484953}, "datetime": {"datetime": "2021-06-22 07:56:55", "elapsed": 1099.713651, "delta": 3.827182}}
{"target": -10.488379308021797, "params": {"C": 3573.921451775497, "gamma": 0.04457746954077696}, "datetime": {"datetime": "2021-06-22 07:57:01", "elapsed": 1106.005722, "delta": 6.292071}}
{"target": -10.792633648015915, "params": {"C": 2629.2602851884867, "gamma": 0.02306570029955825}, "datetime": {"datetime": "2021-06-22 07:57:05", "elapsed": 1109.916823, "delta": 3.911101}}
{"target": -10.901751768443061, "params": {"C": 2075.3737250085114, "gamma": 0.023565329461285863}, "datetime": {"datetime": "2021-06-22 07:57:10", "elapsed": 1114.592641, "delta": 4.675818}}
{"target": -11.056785609853074, "params": {"C": 2949.5894080320363, "gamma": 0.013828033532924066}, "datetime": {"datetime": "2021-06-22 07:57:13", "elapsed": 1118.328894, "delta": 3.736253}}
{"target": -10.62092379339689, "params": {"C": 2806.8620954118446, "gamma": 0.049220530966943454}, "datetime": {"datetime": "2021-06-22 07:57:19", "elapsed": 1123.670061, "delta": 5.341167}}
{"target": -10.891948074526907, "params": {"C": 3353.4508096542945, "gamma": 0.015688853806702437}, "datetime": {"datetime": "2021-06-22 07:57:23", "elapsed": 1127.354577, "delta": 3.684516}}
{"target": -10.523222231869193, "params": {"C": 3348.3806587067156, "gamma": 0.04169414659271276}, "datetime": {"datetime": "2021-06-22 07:57:27", "elapsed": 1131.469073, "delta": 4.114496}}
{"target": -11.404012912049922, "params": {"C": 2520.874471437251, "gamma": 0.010531655069513556}, "datetime": {"datetime": "2021-06-22 07:57:32", "elapsed": 1136.78465, "delta": 5.315577}}
{"target": -10.688421376316363, "params": {"C": 2515.9087919910667, "gamma": 0.03433808241927729}, "datetime": {"datetime": "2021-06-22 07:57:40", "elapsed": 1144.477833, "delta": 7.693183}}
{"target": -10.823712983138915, "params": {"C": 2525.428934382811, "gamma": 0.02233542550774062}, "datetime": {"datetime": "2021-06-22 07:57:45", "elapsed": 1150.275764, "delta": 5.797931}}
{"target": -10.683967492106598, "params": {"C": 3511.220184031098, "gamma": 0.022274585386658448}, "datetime": {"datetime": "2021-06-22 07:57:50", "elapsed": 1154.359157, "delta": 4.083393}}
{"target": -10.651062523843322, "params": {"C": 3000.5901346430583, "gamma": 0.02800868929677422}, "datetime": {"datetime": "2021-06-22 07:57:54", "elapsed": 1158.678068, "delta": 4.318911}}
{"target": -10.617993099170322, "params": {"C": 2795.498918964337, "gamma": 0.046096155549801454}, "datetime": {"datetime": "2021-06-22 07:57:58", "elapsed": 1162.886431, "delta": 4.208363}}
{"target": -10.626739093009844, "params": {"C": 2782.389624625938, "gamma": 0.04909750125013001}, "datetime": {"datetime": "2021-06-22 07:58:06", "elapsed": 1170.763675, "delta": 7.877244}}
{"target": -11.03199167101101, "params": {"C": 3628.9261212041847, "gamma": 0.01239336497000879}, "datetime": {"datetime": "2021-06-22 07:58:13", "elapsed": 1177.620647, "delta": 6.856972}}
{"target": -10.733788878475758, "params": {"C": 3232.1160742691795, "gamma": 0.021592994617763213}, "datetime": {"datetime": "2021-06-22 07:58:17", "elapsed": 1181.644264, "delta": 4.023617}}
{"target": -11.33293797053407, "params": {"C": 3033.8908869215934, "gamma": 0.01016419893812289}, "datetime": {"datetime": "2021-06-22 07:58:21", "elapsed": 1185.802439, "delta": 4.158175}}
{"target": -10.597581074935626, "params": {"C": 3038.1831484485147, "gamma": 0.03358221827035718}, "datetime": {"datetime": "2021-06-22 07:58:25", "elapsed": 1190.154134, "delta": 4.351695}}
{"target": -10.579059092450365, "params": {"C": 3029.5621988979724, "gamma": 0.03812588175188495}, "datetime": {"datetime": "2021-06-22 07:58:32", "elapsed": 1196.875844, "delta": 6.72171}}
{"target": -10.741396815890413, "params": {"C": 2748.773747595884, "gamma": 0.02483309569374144}, "datetime": {"datetime": "2021-06-22 07:58:37", "elapsed": 1202.241038, "delta": 5.365194}}
{"target": -10.532106490002766, "params": {"C": 3652.8947448374347, "gamma": 0.030935690758988575}, "datetime": {"datetime": "2021-06-22 07:58:43", "elapsed": 1207.512096, "delta": 5.271058}}
{"target": -10.457497665205985, "params": {"C": 3819.4435513032754, "gamma": 0.04407398437784905}, "datetime": {"datetime": "2021-06-22 07:58:47", "elapsed": 1211.401349, "delta": 3.889253}}
{"target": -10.779058718757591, "params": {"C": 2446.6946080066546, "gamma": 0.02566988319674729}, "datetime": {"datetime": "2021-06-22 07:58:52", "elapsed": 1216.937191, "delta": 5.535842}}
{"target": -10.645639188105005, "params": {"C": 3769.6861179626503, "gamma": 0.02292114820201077}, "datetime": {"datetime": "2021-06-22 07:58:56", "elapsed": 1220.939139, "delta": 4.001948}}
{"target": -10.581171255343598, "params": {"C": 2974.2439800958678, "gamma": 0.04406024060291377}, "datetime": {"datetime": "2021-06-22 07:59:00", "elapsed": 1225.129756, "delta": 4.190617}}
{"target": -11.284670591415473, "params": {"C": 2618.8412063765572, "gamma": 0.011641413577469967}, "datetime": {"datetime": "2021-06-22 07:59:08", "elapsed": 1232.440376, "delta": 7.31062}}
{"target": -10.658115985654854, "params": {"C": 2623.9093887301956, "gamma": 0.036565235188931657}, "datetime": {"datetime": "2021-06-22 07:59:13", "elapsed": 1237.893738, "delta": 5.453362}}
{"target": -10.562100820129974, "params": {"C": 3090.074170973073, "gamma": 0.042599230704191686}, "datetime": {"datetime": "2021-06-22 07:59:17", "elapsed": 1242.178757, "delta": 4.285019}}
{"target": -10.534169992053375, "params": {"C": 3913.554129727509, "gamma": 0.028523031525444005}, "datetime": {"datetime": "2021-06-22 07:59:24", "elapsed": 1248.438013, "delta": 6.259256}}
{"target": -10.522969232946448, "params": {"C": 3366.563448633695, "gamma": 0.04040978641825097}, "datetime": {"datetime": "2021-06-22 07:59:28", "elapsed": 1252.638613, "delta": 4.2006}}
