{"target": -34.22804343653385, "params": {"C": 4.170803025021038, "gamma": 7.20352460992814}, "datetime": {"datetime": "2021-06-21 22:04:30", "elapsed": 0.0, "delta": 0.0}}
{"target": -34.63069369845244, "params": {"C": 0.002143633798631522, "gamma": 3.024023393745766}, "datetime": {"datetime": "2021-06-21 22:04:30", "elapsed": 0.208001, "delta": 0.208001}}
{"target": -34.192006156741186, "params": {"C": 1.4684121522803133, "gamma": 0.9242936090932092}, "datetime": {"datetime": "2021-06-21 22:04:31", "elapsed": 0.422005, "delta": 0.214004}}
{"target": -34.40448293975197, "params": {"C": 1.8634158535653313, "gamma": 3.4562617097034343}, "datetime": {"datetime": "2021-06-21 22:04:31", "elapsed": 0.630005, "delta": 0.208}}
{"target": -34.22608824370893, "params": {"C": 3.968277974832469, "gamma": 5.388628523299567}, "datetime": {"datetime": "2021-06-21 22:04:31", "elapsed": 0.860003, "delta": 0.229998}}
{"target": -34.22320389368211, "params": {"C": 4.192525949518545, "gamma": 6.852509784467199}, "datetime": {"datetime": "2021-06-21 22:04:31", "elapsed": 1.073003, "delta": 0.213}}
{"target": -34.42919273989659, "params": {"C": 2.045318045065443, "gamma": 8.781296246473064}, "datetime": {"datetime": "2021-06-21 22:04:31", "elapsed": 1.288, "delta": 0.214997}}
{"target": -34.60097061332579, "params": {"C": 0.2748485443860637, "gamma": 6.705004634273845}, "datetime": {"datetime": "2021-06-21 22:04:32", "elapsed": 1.519003, "delta": 0.231003}}
{"target": -34.209972094961955, "params": {"C": 4.173630718868903, "gamma": 5.587339594629071}, "datetime": {"datetime": "2021-06-21 22:04:32", "elapsed": 1.741573, "delta": 0.22257}}
{"target": -34.400019169975714, "params": {"C": 1.4047289990137424, "gamma": 1.981816789359703}, "datetime": {"datetime": "2021-06-21 22:04:32", "elapsed": 1.954839, "delta": 0.213266}}
{"target": -33.94300615050101, "params": {"C": 8.00764494218669, "gamma": 9.682647495618255}, "datetime": {"datetime": "2021-06-21 22:04:32", "elapsed": 2.169838, "delta": 0.214999}}
{"target": -34.32032238331541, "params": {"C": 3.1349283574142692, "gamma": 6.923533834077472}, "datetime": {"datetime": "2021-06-21 22:04:33", "elapsed": 2.430837, "delta": 0.260999}}
{"target": -33.88621246999959, "params": {"C": 8.764015133808087, "gamma": 8.946172028374969}, "datetime": {"datetime": "2021-06-21 22:04:33", "elapsed": 2.827837, "delta": 0.397}}
{"target": -34.05119688830155, "params": {"C": 0.8513570694864094, "gamma": 0.39150877754559077}, "datetime": {"datetime": "2021-06-21 22:04:33", "elapsed": 3.073839, "delta": 0.246002}}
{"target": -34.46188468057014, "params": {"C": 1.6991343652261244, "gamma": 8.781546891790702}, "datetime": {"datetime": "2021-06-21 22:04:33", "elapsed": 3.370471, "delta": 0.296632}}
{"target": -34.51653054631411, "params": {"C": 0.9843699914966679, "gamma": 4.211655142425517}, "datetime": {"datetime": "2021-06-21 22:04:34", "elapsed": 3.618168, "delta": 0.247697}}
{"target": -33.76326749296227, "params": {"C": 9.578937411974868, "gamma": 5.332119684445198}, "datetime": {"datetime": "2021-06-21 22:04:34", "elapsed": 3.845338, "delta": 0.22717}}
{"target": -33.83987177762241, "params": {"C": 6.919079262390784, "gamma": 3.1558407944296234}, "datetime": {"datetime": "2021-06-21 22:04:34", "elapsed": 4.106613, "delta": 0.261275}}
{"target": -34.01475854816937, "params": {"C": 6.865322775888155, "gamma": 8.346422093301832}, "datetime": {"datetime": "2021-06-21 22:04:34", "elapsed": 4.344611, "delta": 0.237998}}
{"target": -34.611162303274966, "params": {"C": 0.18386448516457388, "gamma": 7.50169300513473}, "datetime": {"datetime": "2021-06-21 22:04:35", "elapsed": 4.65362, "delta": 0.309009}}
{"target": -29.805607282459157, "params": {"C": 10.0, "gamma": 0.001}, "datetime": {"datetime": "2021-06-21 22:04:35", "elapsed": 5.278286, "delta": 0.624666}}
{"target": -29.885589552301607, "params": {"C": 9.762199126025834, "gamma": 0.001}, "datetime": {"datetime": "2021-06-21 22:04:36", "elapsed": 6.298155, "delta": 1.019869}}
{"target": -29.885589552301607, "params": {"C": 9.762199126025834, "gamma": 0.001}, "datetime": {"datetime": "2021-06-21 22:04:37", "elapsed": 6.777143, "delta": 0.478988}}
{"target": -29.885589552301607, "params": {"C": 9.762199126025834, "gamma": 0.001}, "datetime": {"datetime": "2021-06-21 22:04:37", "elapsed": 7.393149, "delta": 0.616006}}
{"target": -29.885589552301607, "params": {"C": 9.762199126025834, "gamma": 0.001}, "datetime": {"datetime": "2021-06-21 22:04:38", "elapsed": 7.768049, "delta": 0.3749}}
{"target": -29.885589552301607, "params": {"C": 9.762199126025834, "gamma": 0.001}, "datetime": {"datetime": "2021-06-21 22:04:38", "elapsed": 8.069941, "delta": 0.301892}}
{"target": -29.885589552301607, "params": {"C": 9.762199126025834, "gamma": 0.001}, "datetime": {"datetime": "2021-06-21 22:04:38", "elapsed": 8.309561, "delta": 0.23962}}
{"target": -29.885589552301607, "params": {"C": 9.762199126025834, "gamma": 0.001}, "datetime": {"datetime": "2021-06-21 22:04:39", "elapsed": 8.450562, "delta": 0.141001}}
{"target": -29.885589552301607, "params": {"C": 9.762199126025834, "gamma": 0.001}, "datetime": {"datetime": "2021-06-21 22:04:39", "elapsed": 8.725559, "delta": 0.274997}}
{"target": -29.885589552301607, "params": {"C": 9.762199126025834, "gamma": 0.001}, "datetime": {"datetime": "2021-06-21 22:04:39", "elapsed": 8.894184, "delta": 0.168625}}
{"target": -29.885589552301607, "params": {"C": 9.762199126025834, "gamma": 0.001}, "datetime": {"datetime": "2021-06-21 22:04:39", "elapsed": 9.107186, "delta": 0.213002}}
{"target": -29.885589552301607, "params": {"C": 9.762199126025834, "gamma": 0.001}, "datetime": {"datetime": "2021-06-21 22:04:39", "elapsed": 9.31379, "delta": 0.206604}}
{"target": -29.885589552301607, "params": {"C": 9.762199126025834, "gamma": 0.001}, "datetime": {"datetime": "2021-06-21 22:04:40", "elapsed": 9.472789, "delta": 0.158999}}
{"target": -29.885589552301607, "params": {"C": 9.762199126025834, "gamma": 0.001}, "datetime": {"datetime": "2021-06-21 22:04:40", "elapsed": 9.649524, "delta": 0.176735}}
{"target": -29.885589552301607, "params": {"C": 9.762199126025834, "gamma": 0.001}, "datetime": {"datetime": "2021-06-21 22:04:40", "elapsed": 10.09298, "delta": 0.443456}}
{"target": -29.885589552301607, "params": {"C": 9.762199126025834, "gamma": 0.001}, "datetime": {"datetime": "2021-06-21 22:04:41", "elapsed": 10.544982, "delta": 0.452002}}
{"target": -29.885589552301607, "params": {"C": 9.762199126025834, "gamma": 0.001}, "datetime": {"datetime": "2021-06-21 22:04:41", "elapsed": 11.077984, "delta": 0.533002}}
{"target": -29.885589552301607, "params": {"C": 9.762199126025834, "gamma": 0.001}, "datetime": {"datetime": "2021-06-21 22:04:42", "elapsed": 11.507984, "delta": 0.43}}
{"target": -29.885589552301607, "params": {"C": 9.762199126025834, "gamma": 0.001}, "datetime": {"datetime": "2021-06-21 22:04:42", "elapsed": 11.885757, "delta": 0.377773}}
{"target": -29.885589552301607, "params": {"C": 9.762199126025834, "gamma": 0.001}, "datetime": {"datetime": "2021-06-21 22:04:42", "elapsed": 12.247894, "delta": 0.362137}}
{"target": -29.885589552301607, "params": {"C": 9.762199126025834, "gamma": 0.001}, "datetime": {"datetime": "2021-06-21 22:04:43", "elapsed": 12.592893, "delta": 0.344999}}
{"target": -29.885589552301607, "params": {"C": 9.762199126025834, "gamma": 0.001}, "datetime": {"datetime": "2021-06-21 22:04:43", "elapsed": 12.914894, "delta": 0.322001}}
{"target": -29.885589552301607, "params": {"C": 9.762199126025834, "gamma": 0.001}, "datetime": {"datetime": "2021-06-21 22:04:43", "elapsed": 13.200519, "delta": 0.285625}}
{"target": -29.885589552301607, "params": {"C": 9.762199126025834, "gamma": 0.001}, "datetime": {"datetime": "2021-06-21 22:04:44", "elapsed": 13.447519, "delta": 0.247}}
{"target": -29.885589552301607, "params": {"C": 9.762199126025834, "gamma": 0.001}, "datetime": {"datetime": "2021-06-21 22:04:44", "elapsed": 13.653167, "delta": 0.205648}}
{"target": -29.885589552301607, "params": {"C": 9.762199126025834, "gamma": 0.001}, "datetime": {"datetime": "2021-06-21 22:04:44", "elapsed": 13.9316, "delta": 0.278433}}
{"target": -29.885589552301607, "params": {"C": 9.762199126025834, "gamma": 0.001}, "datetime": {"datetime": "2021-06-21 22:04:44", "elapsed": 14.346034, "delta": 0.414434}}
{"target": -29.885589552301607, "params": {"C": 9.762199126025834, "gamma": 0.001}, "datetime": {"datetime": "2021-06-21 22:04:45", "elapsed": 14.646032, "delta": 0.299998}}
{"target": -29.885589552301607, "params": {"C": 9.762199126025834, "gamma": 0.001}, "datetime": {"datetime": "2021-06-21 22:04:45", "elapsed": 14.910731, "delta": 0.264699}}
{"target": -29.885589552301607, "params": {"C": 9.762199126025834, "gamma": 0.001}, "datetime": {"datetime": "2021-06-21 22:04:45", "elapsed": 15.232727, "delta": 0.321996}}
{"target": -29.885589552301607, "params": {"C": 9.762199126025834, "gamma": 0.001}, "datetime": {"datetime": "2021-06-21 22:04:46", "elapsed": 15.524728, "delta": 0.292001}}
{"target": -29.885589552301607, "params": {"C": 9.762199126025834, "gamma": 0.001}, "datetime": {"datetime": "2021-06-21 22:04:46", "elapsed": 15.796307, "delta": 0.271579}}
{"target": -29.885589552301607, "params": {"C": 9.762199126025834, "gamma": 0.001}, "datetime": {"datetime": "2021-06-21 22:04:46", "elapsed": 15.980545, "delta": 0.184238}}
{"target": -29.885589552301607, "params": {"C": 9.762199126025834, "gamma": 0.001}, "datetime": {"datetime": "2021-06-21 22:04:46", "elapsed": 16.178702, "delta": 0.198157}}
{"target": -29.885589552301607, "params": {"C": 9.762199126025834, "gamma": 0.001}, "datetime": {"datetime": "2021-06-21 22:04:47", "elapsed": 16.527702, "delta": 0.349}}
{"target": -29.885589552301607, "params": {"C": 9.762199126025834, "gamma": 0.001}, "datetime": {"datetime": "2021-06-21 22:04:47", "elapsed": 16.800702, "delta": 0.273}}
{"target": -29.885589552301607, "params": {"C": 9.762199126025834, "gamma": 0.001}, "datetime": {"datetime": "2021-06-21 22:04:47", "elapsed": 17.0767, "delta": 0.275998}}
{"target": -29.805607282455327, "params": {"C": 10.0, "gamma": 0.0010000000000012221}, "datetime": {"datetime": "2021-06-21 22:04:48", "elapsed": 17.68343, "delta": 0.60673}}
{"target": -29.80560728775321, "params": {"C": 9.999999984177359, "gamma": 0.001}, "datetime": {"datetime": "2021-06-21 22:04:49", "elapsed": 18.661695, "delta": 0.978265}}
{"target": -29.80558709487951, "params": {"C": 10.0, "gamma": 0.0010000064430418071}, "datetime": {"datetime": "2021-06-21 22:04:50", "elapsed": 19.726629, "delta": 1.064934}}
{"target": -29.805498699109794, "params": {"C": 9.999999999987455, "gamma": 0.001000034655587618}, "datetime": {"datetime": "2021-06-21 22:04:51", "elapsed": 20.782279, "delta": 1.05565}}
{"target": -26.530949883392786, "params": {"C": 9.944683159258147, "gamma": 0.14173480177533754}, "datetime": {"datetime": "2021-06-21 22:04:52", "elapsed": 21.960307, "delta": 1.178028}}
{"target": -25.433243596855554, "params": {"C": 9.881601768942788, "gamma": 0.09859940449250296}, "datetime": {"datetime": "2021-06-21 22:04:53", "elapsed": 22.988304, "delta": 1.027997}}
{"target": -25.95497173046289, "params": {"C": 9.834272910901209, "gamma": 0.11712228605398099}, "datetime": {"datetime": "2021-06-21 22:04:54", "elapsed": 23.871, "delta": 0.882696}}
{"target": -26.3329230256299, "params": {"C": 9.895232925900272, "gamma": 0.13283040283562078}, "datetime": {"datetime": "2021-06-21 22:04:55", "elapsed": 24.617643, "delta": 0.746643}}
{"target": -25.694768796345496, "params": {"C": 9.818244071379754, "gamma": 0.10703036000977707}, "datetime": {"datetime": "2021-06-21 22:04:55", "elapsed": 25.414378, "delta": 0.796735}}
{"target": -25.98962726702032, "params": {"C": 9.960528242491161, "gamma": 0.1202478316413267}, "datetime": {"datetime": "2021-06-21 22:04:56", "elapsed": 26.229116, "delta": 0.814738}}
{"target": -23.284636161414856, "params": {"C": 9.855850177969273, "gamma": 0.0377451312984032}, "datetime": {"datetime": "2021-06-21 22:04:57", "elapsed": 27.000117, "delta": 0.771001}}
{"target": -24.679507988819868, "params": {"C": 9.89971179454031, "gamma": 0.07531324921000271}, "datetime": {"datetime": "2021-06-21 22:04:58", "elapsed": 28.000856, "delta": 1.000739}}
{"target": -24.88330787703205, "params": {"C": 9.928302846713397, "gamma": 0.08158357399938697}, "datetime": {"datetime": "2021-06-21 22:04:59", "elapsed": 28.974398, "delta": 0.973542}}
{"target": -24.486564551222113, "params": {"C": 9.885487669557572, "gamma": 0.06976434599768462}, "datetime": {"datetime": "2021-06-21 22:05:00", "elapsed": 29.923505, "delta": 0.949107}}
{"target": -26.95868792832886, "params": {"C": 9.8110196295604, "gamma": 0.15829418753787702}, "datetime": {"datetime": "2021-06-21 22:05:01", "elapsed": 31.048505, "delta": 1.125}}
{"target": -24.178592551442932, "params": {"C": 9.866474568224104, "gamma": 0.061045502736020454}, "datetime": {"datetime": "2021-06-21 22:05:02", "elapsed": 31.7335, "delta": 0.684995}}
{"target": -23.804781357145295, "params": {"C": 9.88607491940366, "gamma": 0.05169246419687075}, "datetime": {"datetime": "2021-06-21 22:05:02", "elapsed": 32.413934, "delta": 0.680434}}
{"target": -24.2019149796729, "params": {"C": 9.88272255381201, "gamma": 0.061823184584365504}, "datetime": {"datetime": "2021-06-21 22:05:03", "elapsed": 33.096584, "delta": 0.68265}}
{"target": -28.209952804625022, "params": {"C": 9.874324038116509, "gamma": 0.0016374963444548492}, "datetime": {"datetime": "2021-06-21 22:05:04", "elapsed": 33.826816, "delta": 0.730232}}
{"target": -24.415645117390426, "params": {"C": 9.817140833059335, "gamma": 0.06705459116464323}, "datetime": {"datetime": "2021-06-21 22:05:05", "elapsed": 34.42253, "delta": 0.595714}}
{"target": -23.550293406280133, "params": {"C": 9.834851094930928, "gamma": 0.044566067008468775}, "datetime": {"datetime": "2021-06-21 22:05:05", "elapsed": 35.176199, "delta": 0.753669}}
{"target": -26.525437839116666, "params": {"C": 9.91045167751095, "gamma": 0.1409358978551598}, "datetime": {"datetime": "2021-06-21 22:05:06", "elapsed": 35.91489, "delta": 0.738691}}
{"target": -25.672328044603702, "params": {"C": 9.87500264172801, "gamma": 0.10695957259579447}, "datetime": {"datetime": "2021-06-21 22:05:07", "elapsed": 36.52054, "delta": 0.60565}}
{"target": -24.46427523019575, "params": {"C": 9.863519796495762, "gamma": 0.06890378161039755}, "datetime": {"datetime": "2021-06-21 22:05:07", "elapsed": 37.251542, "delta": 0.731002}}
{"target": -23.20924370117857, "params": {"C": 9.888178657876818, "gamma": 0.03602500974382382}, "datetime": {"datetime": "2021-06-21 22:05:08", "elapsed": 37.946895, "delta": 0.695353}}
{"target": -23.001412951304683, "params": {"C": 9.95069851090846, "gamma": 0.030862010390677333}, "datetime": {"datetime": "2021-06-21 22:05:09", "elapsed": 38.692016, "delta": 0.745121}}
{"target": -26.370408106287396, "params": {"C": 9.806424405819316, "gamma": 0.13293828057177992}, "datetime": {"datetime": "2021-06-21 22:05:09", "elapsed": 39.366206, "delta": 0.67419}}
{"target": -24.434122089250984, "params": {"C": 9.936379931612313, "gamma": 0.06878650084527657}, "datetime": {"datetime": "2021-06-21 22:05:10", "elapsed": 40.133983, "delta": 0.767777}}
{"target": -24.34865907931446, "params": {"C": 9.850086437498687, "gamma": 0.06552276824209037}, "datetime": {"datetime": "2021-06-21 22:05:11", "elapsed": 40.965984, "delta": 0.832001}}
{"target": -26.21542571836034, "params": {"C": 9.856058321017661, "gamma": 0.1275504862048486}, "datetime": {"datetime": "2021-06-21 22:05:12", "elapsed": 41.687985, "delta": 0.722001}}
{"target": -24.543005900663125, "params": {"C": 9.943914699541025, "gamma": 0.07193030769771454}, "datetime": {"datetime": "2021-06-21 22:05:12", "elapsed": 42.412787, "delta": 0.724802}}
{"target": -23.658308345172323, "params": {"C": 9.830033831736161, "gamma": 0.04739858845222066}, "datetime": {"datetime": "2021-06-21 22:05:13", "elapsed": 43.223413, "delta": 0.810626}}
{"target": -22.96094920127365, "params": {"C": 9.853933077719624, "gamma": 0.028715823014532554}, "datetime": {"datetime": "2021-06-21 22:05:14", "elapsed": 43.962013, "delta": 0.7386}}
{"target": -26.961325421355138, "params": {"C": 9.851620912147618, "gamma": 0.15917343025305572}, "datetime": {"datetime": "2021-06-21 22:05:15", "elapsed": 44.759441, "delta": 0.797428}}
{"target": -22.746160971540963, "params": {"C": 9.956656802208892, "gamma": 0.021665313643278086}, "datetime": {"datetime": "2021-06-21 22:05:15", "elapsed": 45.38415, "delta": 0.624709}}
{"target": -23.297558838252243, "params": {"C": 9.866183512200342, "gamma": 0.038176017670316385}, "datetime": {"datetime": "2021-06-21 22:05:16", "elapsed": 46.211437, "delta": 0.827287}}
{"target": -23.106898314027784, "params": {"C": 9.844533197986157, "gamma": 0.032860055327536566}, "datetime": {"datetime": "2021-06-21 22:05:17", "elapsed": 47.01644, "delta": 0.805003}}
{"target": -22.852590335133836, "params": {"C": 9.931310308251948, "gamma": 0.013849100935006634}, "datetime": {"datetime": "2021-06-21 22:05:18", "elapsed": 47.77544, "delta": 0.759}}
{"target": -23.503954880193213, "params": {"C": 9.940837937515255, "gamma": 0.04425593673009155}, "datetime": {"datetime": "2021-06-21 22:05:19", "elapsed": 48.564766, "delta": 0.789326}}
{"target": -27.28170634606019, "params": {"C": 9.923525629589234, "gamma": 0.17611548056028423}, "datetime": {"datetime": "2021-06-21 22:05:19", "elapsed": 49.262392, "delta": 0.697626}}
{"target": -22.773887596586846, "params": {"C": 9.921992513349766, "gamma": 0.016017351157373315}, "datetime": {"datetime": "2021-06-21 22:05:20", "elapsed": 50.200253, "delta": 0.937861}}
{"target": -22.96563188305348, "params": {"C": 9.933857653394634, "gamma": 0.02965077419858849}, "datetime": {"datetime": "2021-06-21 22:05:21", "elapsed": 51.116252, "delta": 0.915999}}
{"target": -22.751206893249464, "params": {"C": 9.914082226658397, "gamma": 0.01738530593143204}, "datetime": {"datetime": "2021-06-21 22:05:22", "elapsed": 52.017844, "delta": 0.901592}}
{"target": -23.668709285702445, "params": {"C": 9.850803799323934, "gamma": 0.04784846730154977}, "datetime": {"datetime": "2021-06-21 22:05:23", "elapsed": 52.878142, "delta": 0.860298}}
{"target": -23.813742937105573, "params": {"C": 9.983326824117714, "gamma": 0.0527535469806362}, "datetime": {"datetime": "2021-06-21 22:05:24", "elapsed": 53.608784, "delta": 0.730642}}
{"target": -23.845193246819772, "params": {"C": 9.907366295303156, "gamma": 0.052884471303083}, "datetime": {"datetime": "2021-06-21 22:05:25", "elapsed": 54.543572, "delta": 0.934788}}
{"target": -22.827544908984006, "params": {"C": 9.869810546274707, "gamma": 0.024270344014764956}, "datetime": {"datetime": "2021-06-21 22:05:25", "elapsed": 55.206232, "delta": 0.66266}}
{"target": -24.942396213890902, "params": {"C": 9.762802391770478, "gamma": 0.0815322287080963}, "datetime": {"datetime": "2021-06-21 22:05:26", "elapsed": 56.086951, "delta": 0.880719}}
{"target": -23.81831765166343, "params": {"C": 9.951671819515184, "gamma": 0.05259600464851516}, "datetime": {"datetime": "2021-06-21 22:05:27", "elapsed": 57.053278, "delta": 0.966327}}
{"target": -22.84901985401048, "params": {"C": 9.8272981386667, "gamma": 0.024576623690885244}, "datetime": {"datetime": "2021-06-21 22:05:28", "elapsed": 57.996961, "delta": 0.943683}}
{"target": -23.858337154637983, "params": {"C": 9.702646289257487, "gamma": 0.05142405331690038}, "datetime": {"datetime": "2021-06-21 22:05:29", "elapsed": 58.866773, "delta": 0.869812}}
{"target": -22.941028884044538, "params": {"C": 9.850626134144779, "gamma": 0.02805886463856941}, "datetime": {"datetime": "2021-06-21 22:05:30", "elapsed": 59.855364, "delta": 0.988591}}
{"target": -23.906817125861778, "params": {"C": 9.980073370506078, "gamma": 0.05505951949690979}, "datetime": {"datetime": "2021-06-21 22:05:31", "elapsed": 60.862182, "delta": 1.006818}}
{"target": -23.35522956663173, "params": {"C": 9.901157806743477, "gamma": 0.039996227881494775}, "datetime": {"datetime": "2021-06-21 22:05:32", "elapsed": 61.786178, "delta": 0.923996}}
{"target": -22.830728721395595, "params": {"C": 9.880019102544045, "gamma": 0.024534006478438595}, "datetime": {"datetime": "2021-06-21 22:05:33", "elapsed": 62.92949, "delta": 1.143312}}
{"target": -23.55225963336148, "params": {"C": 9.990579500351119, "gamma": 0.04596907832154573}, "datetime": {"datetime": "2021-06-21 22:05:34", "elapsed": 63.861335, "delta": 0.931845}}
{"target": -23.070410713452, "params": {"C": 9.97611146474264, "gamma": 0.03304049387089056}, "datetime": {"datetime": "2021-06-21 22:05:35", "elapsed": 64.854826, "delta": 0.993491}}
{"target": -22.991303314528803, "params": {"C": 9.709684219182083, "gamma": 0.02817895986207205}, "datetime": {"datetime": "2021-06-21 22:05:36", "elapsed": 65.664825, "delta": 0.809999}}
{"target": -22.78385093314979, "params": {"C": 9.855704476597863, "gamma": 0.021934117413910697}, "datetime": {"datetime": "2021-06-21 22:05:37", "elapsed": 66.554583, "delta": 0.889758}}
{"target": -22.840464575474595, "params": {"C": 9.924562156462105, "gamma": 0.025463595092327374}, "datetime": {"datetime": "2021-06-21 22:05:38", "elapsed": 67.486585, "delta": 0.932002}}
{"target": -24.47077845496802, "params": {"C": 9.993977495116482, "gamma": 0.07043072011961088}, "datetime": {"datetime": "2021-06-21 22:05:39", "elapsed": 68.831442, "delta": 1.344857}}
{"target": -22.887915068585606, "params": {"C": 9.936860891276334, "gamma": 0.02725197547885138}, "datetime": {"datetime": "2021-06-21 22:05:40", "elapsed": 69.790629, "delta": 0.959187}}
{"target": -24.31892918341641, "params": {"C": 9.711299201330467, "gamma": 0.06333924918010364}, "datetime": {"datetime": "2021-06-21 22:05:41", "elapsed": 70.705628, "delta": 0.914999}}
