{"target": -10.397183282336826, "params": {"C": 19552.222793448156, "gamma": 0.025816528773402028}, "datetime": {"datetime": "2021-06-22 10:13:11", "elapsed": 9.730159, "delta": 0.38519}}
{"target": -10.134109600574797, "params": {"C": 9603.003100265289, "gamma": 0.05239422565193837}, "datetime": {"datetime": "2021-06-22 10:13:11", "elapsed": 10.100149, "delta": 0.36999}}
{"target": -10.537062963920045, "params": {"C": 9505.467080057366, "gamma": 0.029408809048911064}, "datetime": {"datetime": "2021-06-22 10:13:12", "elapsed": 10.432363, "delta": 0.332214}}
{"target": -10.093794411436756, "params": {"C": 17110.816140175386, "gamma": 0.0434970906155121}, "datetime": {"datetime": "2021-06-22 10:13:12", "elapsed": 10.764124, "delta": 0.331761}}
{"target": -10.121930547597731, "params": {"C": 17205.514162588253, "gamma": 0.03947772952235437}, "datetime": {"datetime": "2021-06-22 10:13:12", "elapsed": 11.102294, "delta": 0.33817}}
{"target": -10.730077905375266, "params": {"C": 17305.04009901009, "gamma": 0.017820382600800364}, "datetime": {"datetime": "2021-06-22 10:13:13", "elapsed": 11.459815, "delta": 0.357521}}
{"target": -10.214104462405675, "params": {"C": 17872.248306722686, "gamma": 0.032587484237862153}, "datetime": {"datetime": "2021-06-22 10:13:13", "elapsed": 11.835262, "delta": 0.375447}}
{"target": -10.06245713734202, "params": {"C": 16724.03939038369, "gamma": 0.04890786671154234}, "datetime": {"datetime": "2021-06-22 10:13:13", "elapsed": 12.183021, "delta": 0.347759}}
{"target": -10.072996658245605, "params": {"C": 16631.655416071255, "gamma": 0.04652696985580099}, "datetime": {"datetime": "2021-06-22 10:13:14", "elapsed": 12.552413, "delta": 0.369392}}
{"target": -10.301904520886747, "params": {"C": 16531.83901144409, "gamma": 0.03020011475508249}, "datetime": {"datetime": "2021-06-22 10:13:14", "elapsed": 12.948149, "delta": 0.395736}}
{"target": -10.125576354085625, "params": {"C": 9814.258202091096, "gamma": 0.05318259253983153}, "datetime": {"datetime": "2021-06-22 10:13:15", "elapsed": 13.285858, "delta": 0.337709}}
{"target": -10.887571453243302, "params": {"C": 9919.946847147396, "gamma": 0.01624577332199051}, "datetime": {"datetime": "2021-06-22 10:13:15", "elapsed": 13.654218, "delta": 0.36836}}
{"target": -10.208202920531185, "params": {"C": 8181.806519272186, "gamma": 0.051315702860612655}, "datetime": {"datetime": "2021-06-22 10:13:15", "elapsed": 13.986319, "delta": 0.332101}}
{"target": -10.277057885941364, "params": {"C": 8294.547891389197, "gamma": 0.041136042858174134}, "datetime": {"datetime": "2021-06-22 10:13:16", "elapsed": 14.355944, "delta": 0.369625}}
{"target": -10.809360727765434, "params": {"C": 9002.953176719275, "gamma": 0.019419636199809073}, "datetime": {"datetime": "2021-06-22 10:13:16", "elapsed": 14.741599, "delta": 0.385655}}
{"target": -10.297633582582474, "params": {"C": 17755.20017583057, "gamma": 0.029434991029848097}, "datetime": {"datetime": "2021-06-22 10:13:16", "elapsed": 15.105739, "delta": 0.36414}}
{"target": -10.276336052621858, "params": {"C": 7429.0243295708115, "gamma": 0.05811440703668469}, "datetime": {"datetime": "2021-06-22 10:13:17", "elapsed": 15.458879, "delta": 0.35314}}
{"target": -10.14206010161294, "params": {"C": 10826.659431648879, "gamma": 0.045287480220930314}, "datetime": {"datetime": "2021-06-22 10:13:17", "elapsed": 15.812304, "delta": 0.353425}}
{"target": -10.153808954349834, "params": {"C": 10721.537031917362, "gamma": 0.04407491323592579}, "datetime": {"datetime": "2021-06-22 10:13:17", "elapsed": 16.213086, "delta": 0.400782}}
{"target": -10.756381874591831, "params": {"C": 10609.32975048961, "gamma": 0.019580087975972646}, "datetime": {"datetime": "2021-06-22 10:13:18", "elapsed": 16.629477, "delta": 0.416391}}
{"target": -10.192539563496569, "params": {"C": 8426.734623707023, "gamma": 0.0534718932338223}, "datetime": {"datetime": "2021-06-22 10:13:18", "elapsed": 17.014272, "delta": 0.384795}}
{"target": -11.016274217991517, "params": {"C": 8540.818313805685, "gamma": 0.014601654494452387}, "datetime": {"datetime": "2021-06-22 10:13:19", "elapsed": 17.422357, "delta": 0.408085}}
{"target": -10.064148119549204, "params": {"C": 17619.441995521443, "gamma": 0.048733276603023415}, "datetime": {"datetime": "2021-06-22 10:13:19", "elapsed": 17.785661, "delta": 0.363304}}
{"target": -10.438023460237723, "params": {"C": 17521.693967607735, "gamma": 0.025646122990899932}, "datetime": {"datetime": "2021-06-22 10:13:19", "elapsed": 18.139619, "delta": 0.353958}}
{"target": -10.099031307655553, "params": {"C": 16385.34078056663, "gamma": 0.055744915949681124}, "datetime": {"datetime": "2021-06-22 10:13:20", "elapsed": 18.61099, "delta": 0.471371}}
{"target": -10.161382676766744, "params": {"C": 16282.771736049484, "gamma": 0.06}, "datetime": {"datetime": "2021-06-22 10:13:20", "elapsed": 19.008062, "delta": 0.397072}}
{"target": -10.1142090573555, "params": {"C": 16168.592740441123, "gamma": 0.05714182935854395}, "datetime": {"datetime": "2021-06-22 10:13:21", "elapsed": 19.435382, "delta": 0.42732}}
{"target": -10.100458691328514, "params": {"C": 16062.120140186295, "gamma": 0.056182917994080095}, "datetime": {"datetime": "2021-06-22 10:13:21", "elapsed": 19.829018, "delta": 0.393636}}
{"target": -10.13615518763789, "params": {"C": 15954.26315868374, "gamma": 0.037643823635034636}, "datetime": {"datetime": "2021-06-22 10:13:22", "elapsed": 20.372888, "delta": 0.54387}}
{"target": -10.07473567892147, "params": {"C": 15840.82133386585, "gamma": 0.053854926354806314}, "datetime": {"datetime": "2021-06-22 10:13:22", "elapsed": 20.869813, "delta": 0.496925}}
{"target": -10.149516056467363, "params": {"C": 15734.780586052777, "gamma": 0.06}, "datetime": {"datetime": "2021-06-22 10:13:23", "elapsed": 21.322273, "delta": 0.45246}}
{"target": -10.083764324313522, "params": {"C": 15616.902015710111, "gamma": 0.055083003135324035}, "datetime": {"datetime": "2021-06-22 10:13:23", "elapsed": 21.886289, "delta": 0.564016}}
{"target": -10.127246617912347, "params": {"C": 15516.963343776819, "gamma": 0.058859805778653206}, "datetime": {"datetime": "2021-06-22 10:13:24", "elapsed": 22.29305, "delta": 0.406761}}
{"target": -10.136499588720097, "params": {"C": 12275.394826832071, "gamma": 0.04164878524484272}, "datetime": {"datetime": "2021-06-22 10:13:24", "elapsed": 22.753586, "delta": 0.460536}}
{"target": -10.100563284019607, "params": {"C": 12160.153017933559, "gamma": 0.06}, "datetime": {"datetime": "2021-06-22 10:13:24", "elapsed": 23.184436, "delta": 0.43085}}
{"target": -10.72362357426722, "params": {"C": 12046.283625325286, "gamma": 0.020188387388018147}, "datetime": {"datetime": "2021-06-22 10:13:25", "elapsed": 23.665494, "delta": 0.481058}}
{"target": -10.082928816554372, "params": {"C": 12393.870952926158, "gamma": 0.05761227613066828}, "datetime": {"datetime": "2021-06-22 10:13:25", "elapsed": 24.056008, "delta": 0.390514}}
{"target": -10.079198230007071, "params": {"C": 12505.914293157213, "gamma": 0.05490084877991054}, "datetime": {"datetime": "2021-06-22 10:13:26", "elapsed": 24.500073, "delta": 0.444065}}
{"target": -10.083464509386063, "params": {"C": 12618.8685780287, "gamma": 0.051470323627336806}, "datetime": {"datetime": "2021-06-22 10:13:26", "elapsed": 24.944338, "delta": 0.444265}}
{"target": -10.624399401358115, "params": {"C": 12733.193806476105, "gamma": 0.023346079328731596}, "datetime": {"datetime": "2021-06-22 10:13:27", "elapsed": 25.377759, "delta": 0.433421}}
{"target": -10.121566463796912, "params": {"C": 14198.670526372623, "gamma": 0.040296776539814685}, "datetime": {"datetime": "2021-06-22 10:13:27", "elapsed": 25.830155, "delta": 0.452396}}
{"target": -10.557619733920651, "params": {"C": 14315.466984718247, "gamma": 0.024324656124790615}, "datetime": {"datetime": "2021-06-22 10:13:27", "elapsed": 26.265306, "delta": 0.435151}}
{"target": -10.142194537425228, "params": {"C": 14082.111405970518, "gamma": 0.03799727257330052}, "datetime": {"datetime": "2021-06-22 10:13:28", "elapsed": 26.731917, "delta": 0.466611}}
{"target": -10.120105298844024, "params": {"C": 13958.413455762411, "gamma": 0.04097308979544114}, "datetime": {"datetime": "2021-06-22 10:13:28", "elapsed": 27.19716, "delta": 0.465243}}
{"target": -10.280048933009759, "params": {"C": 13837.397369579909, "gamma": 0.03314115254646563}, "datetime": {"datetime": "2021-06-22 10:13:29", "elapsed": 27.723228, "delta": 0.526068}}
{"target": -10.075337244765127, "params": {"C": 13673.038972294478, "gamma": 0.05283737856232711}, "datetime": {"datetime": "2021-06-22 10:13:29", "elapsed": 28.198215, "delta": 0.474987}}
{"target": -10.08128814136269, "params": {"C": 13559.09610255925, "gamma": 0.049699905332786565}, "datetime": {"datetime": "2021-06-22 10:13:30", "elapsed": 28.662108, "delta": 0.463893}}
{"target": -10.100880536787793, "params": {"C": 13441.902753858765, "gamma": 0.04521401610765589}, "datetime": {"datetime": "2021-06-22 10:13:30", "elapsed": 29.152479, "delta": 0.490371}}
{"target": -10.927200011329479, "params": {"C": 13320.761951707847, "gamma": 0.01322875851408549}, "datetime": {"datetime": "2021-06-22 10:13:31", "elapsed": 29.674316, "delta": 0.521837}}
{"target": -10.12737958815675, "params": {"C": 14770.800708992278, "gamma": 0.03893046529459163}, "datetime": {"datetime": "2021-06-22 10:13:31", "elapsed": 30.189869, "delta": 0.515553}}
{"target": -10.075501374997273, "params": {"C": 14892.379047250919, "gamma": 0.054513740539521516}, "datetime": {"datetime": "2021-06-22 10:13:32", "elapsed": 30.628722, "delta": 0.438853}}
{"target": -10.48448376813643, "params": {"C": 15007.893128449148, "gamma": 0.025955179152775634}, "datetime": {"datetime": "2021-06-22 10:13:32", "elapsed": 31.073401, "delta": 0.444679}}
{"target": -10.797878303621863, "params": {"C": 14646.470672608908, "gamma": 0.015784968220244534}, "datetime": {"datetime": "2021-06-22 10:13:33", "elapsed": 31.53235, "delta": 0.458949}}
{"target": -10.422088005726726, "params": {"C": 5818.6382171861915, "gamma": 0.046237829377281325}, "datetime": {"datetime": "2021-06-22 10:13:33", "elapsed": 31.960112, "delta": 0.427762}}
{"target": -10.763553644208146, "params": {"C": 11690.125991578254, "gamma": 0.018639538907014086}, "datetime": {"datetime": "2021-06-22 10:13:34", "elapsed": 32.452223, "delta": 0.492111}}
{"target": -10.116514168501332, "params": {"C": 10268.040870785031, "gamma": 0.052078512481649596}, "datetime": {"datetime": "2021-06-22 10:13:34", "elapsed": 32.984431, "delta": 0.532208}}
{"target": -10.12897846783363, "params": {"C": 10385.725852493393, "gamma": 0.0489112102370025}, "datetime": {"datetime": "2021-06-22 10:13:35", "elapsed": 33.524591, "delta": 0.54016}}
{"target": -10.13643367051463, "params": {"C": 10147.797676818662, "gamma": 0.048581802943430945}, "datetime": {"datetime": "2021-06-22 10:13:35", "elapsed": 34.084806, "delta": 0.560215}}
{"target": -10.066503768352604, "params": {"C": 18924.593448279855, "gamma": 0.04863556399481781}, "datetime": {"datetime": "2021-06-22 10:13:36", "elapsed": 34.573559, "delta": 0.488753}}
{"target": -10.075180523803477, "params": {"C": 19037.865493765254, "gamma": 0.05084594695843359}, "datetime": {"datetime": "2021-06-22 10:13:36", "elapsed": 35.099951, "delta": 0.526392}}
{"target": -10.189425800001697, "params": {"C": 18808.418448889133, "gamma": 0.03377270181232578}, "datetime": {"datetime": "2021-06-22 10:13:37", "elapsed": 35.738694, "delta": 0.638743}}
{"target": -10.583034340947787, "params": {"C": 13018.87702077251, "gamma": 0.024462068272927018}, "datetime": {"datetime": "2021-06-22 10:13:37", "elapsed": 36.256509, "delta": 0.517815}}
{"target": -11.140766169863907, "params": {"C": 6815.050676850569, "gamma": 0.013989714993346189}, "datetime": {"datetime": "2021-06-22 10:13:38", "elapsed": 36.788707, "delta": 0.532198}}
{"target": -10.436128500997272, "params": {"C": 5623.9158960389195, "gamma": 0.04698782469592216}, "datetime": {"datetime": "2021-06-22 10:13:39", "elapsed": 37.327088, "delta": 0.538381}}
{"target": -10.378494264395863, "params": {"C": 6011.356237919917, "gamma": 0.05093341636304399}, "datetime": {"datetime": "2021-06-22 10:13:39", "elapsed": 37.867669, "delta": 0.540581}}
{"target": -10.408852184320917, "params": {"C": 8776.047291406332, "gamma": 0.03504522767887845}, "datetime": {"datetime": "2021-06-22 10:13:40", "elapsed": 38.438054, "delta": 0.570385}}
{"target": -10.06556787211129, "params": {"C": 18440.50358682894, "gamma": 0.048703532653685155}, "datetime": {"datetime": "2021-06-22 10:13:40", "elapsed": 39.056609, "delta": 0.618555}}
{"target": -10.225460367915462, "params": {"C": 7948.3393185830255, "gamma": 0.04994171222499717}, "datetime": {"datetime": "2021-06-22 10:13:41", "elapsed": 39.708056, "delta": 0.651447}}
{"target": -10.083497554424321, "params": {"C": 11869.691929064336, "gamma": 0.058048121895561536}, "datetime": {"datetime": "2021-06-22 10:13:41", "elapsed": 40.244883, "delta": 0.536827}}
{"target": -10.08757474729394, "params": {"C": 11512.898628312278, "gamma": 0.05548721297330283}, "datetime": {"datetime": "2021-06-22 10:13:42", "elapsed": 40.847038, "delta": 0.602155}}
{"target": -10.124757138707157, "params": {"C": 14472.779178848807, "gamma": 0.06}, "datetime": {"datetime": "2021-06-22 10:13:43", "elapsed": 41.434666, "delta": 0.587628}}
{"target": -11.271663771345523, "params": {"C": 12878.173175940969, "gamma": 0.009}, "datetime": {"datetime": "2021-06-22 10:13:43", "elapsed": 42.053943, "delta": 0.619277}}
{"target": -10.114904371361574, "params": {"C": 13158.57086691615, "gamma": 0.04324228536398882}, "datetime": {"datetime": "2021-06-22 10:13:44", "elapsed": 42.770254, "delta": 0.716311}}
{"target": -10.251194037864433, "params": {"C": 7660.463806758136, "gamma": 0.055569608773088856}, "datetime": {"datetime": "2021-06-22 10:13:45", "elapsed": 43.40847, "delta": 0.638216}}
{"target": -10.125737466435705, "params": {"C": 19999.941497828135, "gamma": 0.039461149064270354}, "datetime": {"datetime": "2021-06-22 10:13:45", "elapsed": 43.963424, "delta": 0.554954}}
{"target": -10.476891123314777, "params": {"C": 5147.784190070165, "gamma": 0.048625118555275605}, "datetime": {"datetime": "2021-06-22 10:13:46", "elapsed": 44.560098, "delta": 0.596674}}
{"target": -10.844794803384907, "params": {"C": 18349.978112521334, "gamma": 0.013718501942581306}, "datetime": {"datetime": "2021-06-22 10:13:46", "elapsed": 45.25615, "delta": 0.696052}}
{"target": -10.097753584512443, "params": {"C": 18525.462074036768, "gamma": 0.043097883199010714}, "datetime": {"datetime": "2021-06-22 10:13:47", "elapsed": 45.853994, "delta": 0.597844}}
{"target": -11.366926414529278, "params": {"C": 10483.325155645443, "gamma": 0.009}, "datetime": {"datetime": "2021-06-22 10:13:48", "elapsed": 46.450797, "delta": 0.596803}}
{"target": -10.630115014450302, "params": {"C": 6967.615683063315, "gamma": 0.029804321981925286}, "datetime": {"datetime": "2021-06-22 10:13:48", "elapsed": 47.026235, "delta": 0.575438}}
{"target": -10.078985910978702, "params": {"C": 19131.6658322538, "gamma": 0.04655866713888393}, "datetime": {"datetime": "2021-06-22 10:13:49", "elapsed": 47.817648, "delta": 0.791413}}
{"target": -11.38763704752515, "params": {"C": 10050.451159600998, "gamma": 0.009}, "datetime": {"datetime": "2021-06-22 10:13:50", "elapsed": 48.358488, "delta": 0.54084}}
{"target": -10.389668437484588, "params": {"C": 6122.745494583191, "gamma": 0.06}, "datetime": {"datetime": "2021-06-22 10:13:50", "elapsed": 48.886529, "delta": 0.528041}}
{"target": -10.403152539533087, "params": {"C": 6671.151431638398, "gamma": 0.04115167542259626}, "datetime": {"datetime": "2021-06-22 10:13:51", "elapsed": 49.48371, "delta": 0.597181}}
{"target": -10.568230707365693, "params": {"C": 5519.40527405122, "gamma": 0.03840007617598972}, "datetime": {"datetime": "2021-06-22 10:13:51", "elapsed": 50.023914, "delta": 0.540204}}
{"target": -10.822731830132662, "params": {"C": 8879.409653197887, "gamma": 0.019107971268602843}, "datetime": {"datetime": "2021-06-22 10:13:52", "elapsed": 50.57742, "delta": 0.553506}}
{"target": -11.400184676294959, "params": {"C": 8671.226339788813, "gamma": 0.00952309931580165}, "datetime": {"datetime": "2021-06-22 10:13:52", "elapsed": 51.203877, "delta": 0.626457}}
{"target": -10.989389407927352, "params": {"C": 7330.121939572167, "gamma": 0.016434138799796796}, "datetime": {"datetime": "2021-06-22 10:13:53", "elapsed": 51.772918, "delta": 0.569041}}
{"target": -10.995274669000906, "params": {"C": 5722.0923625750665, "gamma": 0.018659041904746803}, "datetime": {"datetime": "2021-06-22 10:13:54", "elapsed": 52.290885, "delta": 0.517967}}
{"target": -11.712467691615448, "params": {"C": 5913.975318472368, "gamma": 0.009}, "datetime": {"datetime": "2021-06-22 10:13:54", "elapsed": 52.890678, "delta": 0.599793}}
{"target": -10.97125075740533, "params": {"C": 15110.630716918688, "gamma": 0.011676322997978777}, "datetime": {"datetime": "2021-06-22 10:13:55", "elapsed": 53.465724, "delta": 0.575046}}
{"target": -10.783410955459457, "params": {"C": 11047.233066414785, "gamma": 0.01826708536160513}, "datetime": {"datetime": "2021-06-22 10:13:55", "elapsed": 54.052769, "delta": 0.587045}}
{"target": -10.094304049679197, "params": {"C": 17416.09700682683, "gamma": 0.04346995985879262}, "datetime": {"datetime": "2021-06-22 10:13:56", "elapsed": 54.731809, "delta": 0.67904}}
{"target": -10.619989694994056, "params": {"C": 13752.526328650622, "gamma": 0.022765838668850503}, "datetime": {"datetime": "2021-06-22 10:13:57", "elapsed": 55.355617, "delta": 0.623808}}
{"target": -10.160007832732, "params": {"C": 18721.41895169164, "gamma": 0.03637793087453411}, "datetime": {"datetime": "2021-06-22 10:13:57", "elapsed": 55.99748, "delta": 0.641863}}
{"target": -10.48731776537924, "params": {"C": 11790.760349142776, "gamma": 0.0286253115395724}, "datetime": {"datetime": "2021-06-22 10:13:58", "elapsed": 56.667531, "delta": 0.670051}}
{"target": -10.09714582481497, "params": {"C": 11589.93854820025, "gamma": 0.059125632622640645}, "datetime": {"datetime": "2021-06-22 10:13:58", "elapsed": 57.21821, "delta": 0.550679}}
{"target": -10.4049102115373, "params": {"C": 11948.759550504852, "gamma": 0.031056310401872518}, "datetime": {"datetime": "2021-06-22 10:13:59", "elapsed": 57.853211, "delta": 0.635001}}
{"target": -10.093277212232609, "params": {"C": 14549.543906506668, "gamma": 0.044841677108766555}, "datetime": {"datetime": "2021-06-22 10:14:00", "elapsed": 58.420284, "delta": 0.567073}}
{"target": -11.168354378805736, "params": {"C": 16455.60231471452, "gamma": 0.009}, "datetime": {"datetime": "2021-06-22 10:14:00", "elapsed": 59.014349, "delta": 0.594065}}
{"target": -11.122377215637325, "params": {"C": 19637.762310537808, "gamma": 0.009}, "datetime": {"datetime": "2021-06-22 10:14:01", "elapsed": 59.719616, "delta": 0.705267}}
{"target": -10.4328955939448, "params": {"C": 17684.077910211614, "gamma": 0.025694130499515036}, "datetime": {"datetime": "2021-06-22 10:14:02", "elapsed": 60.353666, "delta": 0.63405}}
{"target": -10.106717930498883, "params": {"C": 14399.514390079485, "gamma": 0.04275381738583302}, "datetime": {"datetime": "2021-06-22 10:14:02", "elapsed": 61.035979, "delta": 0.682313}}
{"target": -10.476375418429681, "params": {"C": 13228.09709150437, "gamma": 0.02761753483654015}, "datetime": {"datetime": "2021-06-22 10:14:03", "elapsed": 61.710947, "delta": 0.674968}}
{"target": -10.186983249651725, "params": {"C": 9416.779707347212, "gamma": 0.05968698077761805}, "datetime": {"datetime": "2021-06-22 10:14:04", "elapsed": 62.296832, "delta": 0.585885}}
{"target": -10.233887897870972, "params": {"C": 7876.428540070684, "gamma": 0.05506913160216444}, "datetime": {"datetime": "2021-06-22 10:14:04", "elapsed": 62.928539, "delta": 0.631707}}
{"target": -10.178407120221324, "params": {"C": 14831.021589794396, "gamma": 0.03547154531308442}, "datetime": {"datetime": "2021-06-22 10:14:05", "elapsed": 63.583317, "delta": 0.654778}}
{"target": -10.36697366480498, "params": {"C": 6384.9430304307825, "gamma": 0.06}, "datetime": {"datetime": "2021-06-22 10:14:05", "elapsed": 64.194521, "delta": 0.611204}}
{"target": -11.10667124707333, "params": {"C": 8364.891634629354, "gamma": 0.013147088684236655}, "datetime": {"datetime": "2021-06-22 10:14:06", "elapsed": 65.001674, "delta": 0.807153}}
{"target": -10.169442658905977, "params": {"C": 11440.540574388486, "gamma": 0.040111205887056196}, "datetime": {"datetime": "2021-06-22 10:14:07", "elapsed": 65.679381, "delta": 0.677707}}
{"target": -10.139254191838434, "params": {"C": 10206.4482049607, "gamma": 0.04788446245598591}, "datetime": {"datetime": "2021-06-22 10:14:08", "elapsed": 66.331567, "delta": 0.652186}}
{"target": -11.264080593782817, "params": {"C": 13092.777775195544, "gamma": 0.009}, "datetime": {"datetime": "2021-06-22 10:14:08", "elapsed": 66.974255, "delta": 0.642688}}
{"target": -10.688076213103132, "params": {"C": 10329.04564736136, "gamma": 0.022851853534386228}, "datetime": {"datetime": "2021-06-22 10:14:09", "elapsed": 67.723924, "delta": 0.749669}}
{"target": -10.354083633561425, "params": {"C": 14019.121815831933, "gamma": 0.030675927488320473}, "datetime": {"datetime": "2021-06-22 10:14:10", "elapsed": 68.541175, "delta": 0.817251}}
{"target": -10.42528077805841, "params": {"C": 13499.684414276795, "gamma": 0.028908121108192075}, "datetime": {"datetime": "2021-06-22 10:14:10", "elapsed": 69.261076, "delta": 0.719901}}
{"target": -10.111499792580574, "params": {"C": 13616.779152822766, "gamma": 0.06}, "datetime": {"datetime": "2021-06-22 10:14:11", "elapsed": 69.950822, "delta": 0.689746}}
{"target": -10.102856648870212, "params": {"C": 10888.080649606982, "gamma": 0.051692680286186225}, "datetime": {"datetime": "2021-06-22 10:14:12", "elapsed": 70.720765, "delta": 0.769943}}
