{"target": -18.827155930987793, "params": {"C": 35.642996216202654, "gamma": 0.015504659493649982}, "datetime": {"datetime": "2021-06-21 22:56:30", "elapsed": 1250.592201, "delta": 8.671876}}
{"target": -18.49323112239781, "params": {"C": 46.19126469319036, "gamma": 0.04956518187960697}, "datetime": {"datetime": "2021-06-21 22:56:42", "elapsed": 1262.664834, "delta": 12.072633}}
{"target": -18.64192369598483, "params": {"C": 46.47307949431724, "gamma": 0.009026390631666773}, "datetime": {"datetime": "2021-06-21 22:56:52", "elapsed": 1272.43672, "delta": 9.771886}}
{"target": -18.343285171822384, "params": {"C": 46.561629871292226, "gamma": 0.011189743684463828}, "datetime": {"datetime": "2021-06-21 22:57:04", "elapsed": 1284.790062, "delta": 12.353342}}
{"target": -18.498204172325757, "params": {"C": 47.19000433732435, "gamma": 0.009667954177854621}, "datetime": {"datetime": "2021-06-21 22:57:16", "elapsed": 1296.676058, "delta": 11.885996}}
{"target": -18.61359487353887, "params": {"C": 44.77796519637177, "gamma": 0.05}, "datetime": {"datetime": "2021-06-21 22:57:26", "elapsed": 1306.886084, "delta": 10.210026}}
{"target": -18.481203983769486, "params": {"C": 46.42504806769998, "gamma": 0.04972348795917885}, "datetime": {"datetime": "2021-06-21 22:57:40", "elapsed": 1320.043651, "delta": 13.157567}}
{"target": -23.672357571743145, "params": {"C": 10.078463260883131, "gamma": 0.04990900808294819}, "datetime": {"datetime": "2021-06-21 22:57:52", "elapsed": 1332.109026, "delta": 12.065375}}
{"target": -18.563534157506055, "params": {"C": 47.97439349895218, "gamma": 0.009}, "datetime": {"datetime": "2021-06-21 22:58:02", "elapsed": 1342.596701, "delta": 10.487675}}
{"target": -18.840815998575707, "params": {"C": 41.31466339815995, "gamma": 0.04853770752328081}, "datetime": {"datetime": "2021-06-21 22:58:13", "elapsed": 1353.619854, "delta": 11.023153}}
{"target": -23.543223364008785, "params": {"C": 10.451250228604698, "gamma": 0.049666259016706474}, "datetime": {"datetime": "2021-06-21 22:58:27", "elapsed": 1367.027021, "delta": 13.407167}}
{"target": -18.516347751205213, "params": {"C": 48.321293775473464, "gamma": 0.009167231989748148}, "datetime": {"datetime": "2021-06-21 22:58:38", "elapsed": 1378.729248, "delta": 11.702227}}
{"target": -18.352562076180593, "params": {"C": 48.29899740789367, "gamma": 0.049934860094389355}, "datetime": {"datetime": "2021-06-21 22:58:50", "elapsed": 1390.145335, "delta": 11.416087}}
{"target": -18.450631540004377, "params": {"C": 41.73467880636491, "gamma": 0.013831640856770473}, "datetime": {"datetime": "2021-06-21 22:59:00", "elapsed": 1400.067948, "delta": 9.922613}}
{"target": -23.023481471227118, "params": {"C": 10.815789645863944, "gamma": 0.00923464004105796}, "datetime": {"datetime": "2021-06-21 22:59:10", "elapsed": 1410.32266, "delta": 10.254712}}
{"target": -18.893863705654375, "params": {"C": 42.22604984488889, "gamma": 0.009}, "datetime": {"datetime": "2021-06-21 22:59:22", "elapsed": 1422.341335, "delta": 12.018675}}
{"target": -18.69980555796516, "params": {"C": 45.52657563296785, "gamma": 0.009}, "datetime": {"datetime": "2021-06-21 22:59:34", "elapsed": 1434.41099, "delta": 12.069655}}
{"target": -18.99978860996808, "params": {"C": 38.726569470517234, "gamma": 0.009902076687355614}, "datetime": {"datetime": "2021-06-21 22:59:44", "elapsed": 1444.307303, "delta": 9.896313}}
{"target": -16.758046802867657, "params": {"C": 70.79280243559896, "gamma": 0.03853330423112848}, "datetime": {"datetime": "2021-06-21 23:03:04", "elapsed": 0.0, "delta": 0.0}}
{"target": -17.705961777206337, "params": {"C": 49.905730178348975, "gamma": 0.02139563547790543}, "datetime": {"datetime": "2021-06-21 23:03:04", "elapsed": 0.203043, "delta": 0.203043}}
{"target": -17.63380801505402, "params": {"C": 57.252470129937365, "gamma": 0.01278588238552071}, "datetime": {"datetime": "2021-06-21 23:03:04", "elapsed": 0.405656, "delta": 0.202613}}
{"target": -17.1587093037389, "params": {"C": 59.23163659002131, "gamma": 0.023167989808764958}, "datetime": {"datetime": "2021-06-21 23:03:04", "elapsed": 0.598964, "delta": 0.193308}}
{"target": -16.67758075016413, "params": {"C": 69.77805045895656, "gamma": 0.031091486094137637}, "datetime": {"datetime": "2021-06-21 23:03:04", "elapsed": 0.797927, "delta": 0.198963}}
{"target": -16.719421733764943, "params": {"C": 70.90164517160507, "gamma": 0.03709399951626714}, "datetime": {"datetime": "2021-06-21 23:03:05", "elapsed": 1.015957, "delta": 0.21803}}
{"target": -17.457682331089618, "params": {"C": 60.14305771154902, "gamma": 0.045002814892028765}, "datetime": {"datetime": "2021-06-21 23:03:05", "elapsed": 1.209962, "delta": 0.194005}}
{"target": -17.750735581861534, "params": {"C": 51.2721184192161, "gamma": 0.03648916791731449}, "datetime": {"datetime": "2021-06-21 23:03:05", "elapsed": 1.409961, "delta": 0.199999}}
{"target": -16.63918375360195, "params": {"C": 70.80697059859307, "gamma": 0.03190628296627582}, "datetime": {"datetime": "2021-06-21 23:03:05", "elapsed": 1.615962, "delta": 0.206001}}
{"target": -17.408806294393997, "params": {"C": 56.93338562362121, "gamma": 0.01712216105248003}, "datetime": {"datetime": "2021-06-21 23:03:05", "elapsed": 1.813199, "delta": 0.197237}}
{"target": -16.2322168805478, "params": {"C": 90.01730289064439, "gamma": 0.0486987246044953}, "datetime": {"datetime": "2021-06-21 23:03:06", "elapsed": 2.020306, "delta": 0.207107}}
{"target": -16.97725257231083, "params": {"C": 65.60255132577807, "gamma": 0.03738522724244188}, "datetime": {"datetime": "2021-06-21 23:03:06", "elapsed": 2.209355, "delta": 0.189049}}
{"target": -16.01939817799955, "params": {"C": 93.80709653003152, "gamma": 0.045678873203657745}, "datetime": {"datetime": "2021-06-21 23:03:06", "elapsed": 2.407962, "delta": 0.198607}}
{"target": -17.998368960377327, "params": {"C": 54.16071498962587, "gamma": 0.010601246112548176}, "datetime": {"datetime": "2021-06-21 23:03:06", "elapsed": 2.602103, "delta": 0.194141}}
{"target": -17.55364468038071, "params": {"C": 58.4085040201849, "gamma": 0.04500384264060594}, "datetime": {"datetime": "2021-06-21 23:03:06", "elapsed": 2.794699, "delta": 0.192596}}
{"target": -17.3956951363679, "params": {"C": 54.827176375035805, "gamma": 0.026265412625207138}, "datetime": {"datetime": "2021-06-21 23:03:07", "elapsed": 2.999738, "delta": 0.205039}}
{"target": -15.642194069788404, "params": {"C": 97.89026546054015, "gamma": 0.030859776683893697}, "datetime": {"datetime": "2021-06-21 23:03:07", "elapsed": 3.198703, "delta": 0.198965}}
{"target": -16.11960031680223, "params": {"C": 84.56304340891872, "gamma": 0.02193614087124858}, "datetime": {"datetime": "2021-06-21 23:03:07", "elapsed": 3.407743, "delta": 0.20904}}
{"target": -16.30145623938446, "params": {"C": 84.29369647684734, "gamma": 0.043219652547792295}, "datetime": {"datetime": "2021-06-21 23:03:07", "elapsed": 3.605742, "delta": 0.197999}}
{"target": -17.86101396388504, "params": {"C": 50.81624269494401, "gamma": 0.03975591691274367}, "datetime": {"datetime": "2021-06-21 23:03:07", "elapsed": 3.808349, "delta": 0.202607}}
{"target": -15.759994804367805, "params": {"C": 98.09080998858687, "gamma": 0.04052237321439179}, "datetime": {"datetime": "2021-06-21 23:03:08", "elapsed": 4.126688, "delta": 0.318339}}
{"target": -15.987675973277113, "params": {"C": 97.63800596770704, "gamma": 0.04950201584335472}, "datetime": {"datetime": "2021-06-21 23:03:08", "elapsed": 4.422285, "delta": 0.295597}}
{"target": -17.35062870931674, "params": {"C": 57.38026633000385, "gamma": 0.03478128232411327}, "datetime": {"datetime": "2021-06-21 23:03:08", "elapsed": 4.691065, "delta": 0.26878}}
{"target": -15.807142796248938, "params": {"C": 94.12173010010525, "gamma": 0.03622417218641394}, "datetime": {"datetime": "2021-06-21 23:03:09", "elapsed": 5.019314, "delta": 0.328249}}
{"target": -15.76867787340226, "params": {"C": 94.44140068584866, "gamma": 0.023477628306097825}, "datetime": {"datetime": "2021-06-21 23:03:09", "elapsed": 5.311351, "delta": 0.292037}}
{"target": -16.098079364682818, "params": {"C": 94.77830751443676, "gamma": 0.05}, "datetime": {"datetime": "2021-06-21 23:03:09", "elapsed": 5.696347, "delta": 0.384996}}
{"target": -16.041417466571882, "params": {"C": 98.48269226227984, "gamma": 0.013655016367975557}, "datetime": {"datetime": "2021-06-21 23:03:10", "elapsed": 6.048187, "delta": 0.35184}}
{"target": -15.818756257038089, "params": {"C": 98.90427319961117, "gamma": 0.04432938195862022}, "datetime": {"datetime": "2021-06-21 23:03:10", "elapsed": 6.395222, "delta": 0.347035}}
{"target": -15.83134717651389, "params": {"C": 99.27971642752033, "gamma": 0.016501004178150598}, "datetime": {"datetime": "2021-06-21 23:03:10", "elapsed": 6.689789, "delta": 0.294567}}
{"target": -17.253616871314563, "params": {"C": 57.33708672363633, "gamma": 0.025674030980213418}, "datetime": {"datetime": "2021-06-21 23:03:10", "elapsed": 6.957747, "delta": 0.267958}}
{"target": -15.648417100187789, "params": {"C": 99.58889747549725, "gamma": 0.03723070184250445}, "datetime": {"datetime": "2021-06-21 23:03:11", "elapsed": 7.317791, "delta": 0.360044}}
{"target": -16.833216816738076, "params": {"C": 66.89386414630725, "gamma": 0.020270651339412117}, "datetime": {"datetime": "2021-06-21 23:03:11", "elapsed": 7.596791, "delta": 0.279}}
{"target": -15.577116514707487, "params": {"C": 99.88080901066257, "gamma": 0.026760673854910405}, "datetime": {"datetime": "2021-06-21 23:03:11", "elapsed": 7.93011, "delta": 0.333319}}
{"target": -15.713964001606195, "params": {"C": 95.47960819289399, "gamma": 0.026058772366744858}, "datetime": {"datetime": "2021-06-21 23:03:12", "elapsed": 8.21636, "delta": 0.28625}}
{"target": -16.25806378575911, "params": {"C": 95.17964491386667, "gamma": 0.01234952163888498}, "datetime": {"datetime": "2021-06-21 23:03:12", "elapsed": 8.556416, "delta": 0.340056}}
{"target": -15.709790133624002, "params": {"C": 95.79272775957021, "gamma": 0.02507657603850129}, "datetime": {"datetime": "2021-06-21 23:03:12", "elapsed": 8.910413, "delta": 0.353997}}
{"target": -15.850937611976981, "params": {"C": 96.13627073713147, "gamma": 0.04187639443150801}, "datetime": {"datetime": "2021-06-21 23:03:13", "elapsed": 9.26342, "delta": 0.353007}}
{"target": -16.594847493991715, "params": {"C": 96.50506016994822, "gamma": 0.009913793720956337}, "datetime": {"datetime": "2021-06-21 23:03:13", "elapsed": 9.621417, "delta": 0.357997}}
{"target": -17.366338983487818, "params": {"C": 60.896128826989326, "gamma": 0.04314587582789488}, "datetime": {"datetime": "2021-06-21 23:03:13", "elapsed": 9.905709, "delta": 0.284292}}
{"target": -16.607437130389073, "params": {"C": 75.46828100656441, "gamma": 0.040920561462030464}, "datetime": {"datetime": "2021-06-21 23:03:14", "elapsed": 10.196912, "delta": 0.291203}}
{"target": -16.18006942342842, "params": {"C": 93.37511812448982, "gamma": 0.013778823166520385}, "datetime": {"datetime": "2021-06-21 23:03:14", "elapsed": 10.514516, "delta": 0.317604}}
{"target": -16.141887717892853, "params": {"C": 85.00568570303966, "gamma": 0.02014487447211539}, "datetime": {"datetime": "2021-06-21 23:03:14", "elapsed": 10.881715, "delta": 0.367199}}
{"target": -16.438223613818252, "params": {"C": 85.4570181306929, "gamma": 0.05}, "datetime": {"datetime": "2021-06-21 23:03:15", "elapsed": 11.272719, "delta": 0.391004}}
{"target": -16.52186914942951, "params": {"C": 73.01826916267908, "gamma": 0.029007175695436323}, "datetime": {"datetime": "2021-06-21 23:03:15", "elapsed": 11.577471, "delta": 0.304752}}
{"target": -15.812566596367777, "params": {"C": 92.90031263746376, "gamma": 0.03263630415936359}, "datetime": {"datetime": "2021-06-21 23:03:16", "elapsed": 12.02419, "delta": 0.446719}}
{"target": -16.877267922338515, "params": {"C": 92.54278843184507, "gamma": 0.009}, "datetime": {"datetime": "2021-06-21 23:03:16", "elapsed": 12.400232, "delta": 0.376042}}
{"target": -15.958183769759804, "params": {"C": 89.53979471312616, "gamma": 0.035981318078515935}, "datetime": {"datetime": "2021-06-21 23:03:16", "elapsed": 12.798847, "delta": 0.398615}}
{"target": -16.767033183553472, "params": {"C": 89.14621538518206, "gamma": 0.010135130823239169}, "datetime": {"datetime": "2021-06-21 23:03:17", "elapsed": 13.214843, "delta": 0.415996}}
{"target": -15.634288751924261, "params": {"C": 99.58511801894792, "gamma": 0.036327170456132964}, "datetime": {"datetime": "2021-06-21 23:03:17", "elapsed": 13.529101, "delta": 0.314258}}
{"target": -16.56982665817867, "params": {"C": 90.54464301572415, "gamma": 0.011113976363874102}, "datetime": {"datetime": "2021-06-21 23:03:17", "elapsed": 13.857749, "delta": 0.328648}}
{"target": -16.750697690996248, "params": {"C": 97.17986589581653, "gamma": 0.009}, "datetime": {"datetime": "2021-06-21 23:03:18", "elapsed": 14.238025, "delta": 0.380276}}
{"target": -16.300344790158288, "params": {"C": 83.66147394535076, "gamma": 0.016841750078286945}, "datetime": {"datetime": "2021-06-21 23:03:18", "elapsed": 14.589752, "delta": 0.351727}}
{"target": -16.14412851767282, "params": {"C": 83.12663264447676, "gamma": 0.031789223775286084}, "datetime": {"datetime": "2021-06-21 23:03:19", "elapsed": 14.996491, "delta": 0.406739}}
{"target": -16.12886716810783, "params": {"C": 85.00530383965679, "gamma": 0.020693014156720813}, "datetime": {"datetime": "2021-06-21 23:03:19", "elapsed": 15.313494, "delta": 0.317003}}
{"target": -16.34341760093092, "params": {"C": 84.79842578286713, "gamma": 0.04555620527044055}, "datetime": {"datetime": "2021-06-21 23:03:19", "elapsed": 15.704535, "delta": 0.391041}}
{"target": -15.823271488473825, "params": {"C": 93.10967976760017, "gamma": 0.034614438912309795}, "datetime": {"datetime": "2021-06-21 23:03:20", "elapsed": 16.15279, "delta": 0.448255}}
{"target": -15.959836244307452, "params": {"C": 98.70315036471938, "gamma": 0.049774585912751974}, "datetime": {"datetime": "2021-06-21 23:03:20", "elapsed": 16.555396, "delta": 0.402606}}
{"target": -16.151126744304435, "params": {"C": 82.78979596299453, "gamma": 0.03107704280547944}, "datetime": {"datetime": "2021-06-21 23:03:20", "elapsed": 16.91363, "delta": 0.358234}}
{"target": -16.66566240244713, "params": {"C": 82.42720589031856, "gamma": 0.012290558672396899}, "datetime": {"datetime": "2021-06-21 23:03:21", "elapsed": 17.260676, "delta": 0.347046}}
{"target": -16.03083318904325, "params": {"C": 85.93950534965334, "gamma": 0.025658999812725895}, "datetime": {"datetime": "2021-06-21 23:03:21", "elapsed": 17.686323, "delta": 0.425647}}
{"target": -16.02173563355766, "params": {"C": 86.25269231349317, "gamma": 0.025352587395162295}, "datetime": {"datetime": "2021-06-21 23:03:22", "elapsed": 18.081859, "delta": 0.395536}}
{"target": -16.278220002515532, "params": {"C": 86.58099479271128, "gamma": 0.04565507438321785}, "datetime": {"datetime": "2021-06-21 23:03:22", "elapsed": 18.532412, "delta": 0.450553}}
{"target": -17.035406916073466, "params": {"C": 87.01667924253805, "gamma": 0.009}, "datetime": {"datetime": "2021-06-21 23:03:22", "elapsed": 18.948107, "delta": 0.415695}}
{"target": -16.401964700024813, "params": {"C": 78.7368960733846, "gamma": 0.03808208520052452}, "datetime": {"datetime": "2021-06-21 23:03:23", "elapsed": 19.326065, "delta": 0.377958}}
{"target": -16.68659602970885, "params": {"C": 79.24001179149006, "gamma": 0.05}, "datetime": {"datetime": "2021-06-21 23:03:23", "elapsed": 19.718092, "delta": 0.392027}}
{"target": -16.607087750742032, "params": {"C": 78.24453180632615, "gamma": 0.045584352286210314}, "datetime": {"datetime": "2021-06-21 23:03:24", "elapsed": 20.136085, "delta": 0.417993}}
{"target": -17.229456306079314, "params": {"C": 63.273770017808985, "gamma": 0.014552489182670256}, "datetime": {"datetime": "2021-06-21 23:03:24", "elapsed": 20.519715, "delta": 0.38363}}
{"target": -16.315645969738437, "params": {"C": 80.83208311689764, "gamma": 0.01910870310944574}, "datetime": {"datetime": "2021-06-21 23:03:24", "elapsed": 20.948999, "delta": 0.429284}}
{"target": -16.229838381790504, "params": {"C": 80.41090464105898, "gamma": 0.025796902070057103}, "datetime": {"datetime": "2021-06-21 23:03:25", "elapsed": 21.349802, "delta": 0.400803}}
{"target": -17.028851167699646, "params": {"C": 80.0287362868906, "gamma": 0.010270888213117254}, "datetime": {"datetime": "2021-06-21 23:03:25", "elapsed": 21.830805, "delta": 0.481003}}
{"target": -16.3468062879814, "params": {"C": 78.0676883770121, "gamma": 0.022445586842802914}, "datetime": {"datetime": "2021-06-21 23:03:26", "elapsed": 22.210025, "delta": 0.37922}}
{"target": -16.122205888132882, "params": {"C": 88.80370233188938, "gamma": 0.017046108134800494}, "datetime": {"datetime": "2021-06-21 23:03:26", "elapsed": 22.570617, "delta": 0.360592}}
{"target": -15.954794037812988, "params": {"C": 88.46491680846218, "gamma": 0.024254011405317022}, "datetime": {"datetime": "2021-06-21 23:03:27", "elapsed": 23.013384, "delta": 0.442767}}
{"target": -16.336302713941084, "params": {"C": 88.14770028225561, "gamma": 0.05}, "datetime": {"datetime": "2021-06-21 23:03:27", "elapsed": 23.526494, "delta": 0.51311}}
{"target": -16.486645788077027, "params": {"C": 77.63966101654283, "gamma": 0.01747580312914966}, "datetime": {"datetime": "2021-06-21 23:03:28", "elapsed": 23.996486, "delta": 0.469992}}
{"target": -16.025414737567733, "params": {"C": 93.80718087604694, "gamma": 0.04592132962598458}, "datetime": {"datetime": "2021-06-21 23:03:28", "elapsed": 24.418149, "delta": 0.421663}}
{"target": -16.132034766183427, "params": {"C": 93.65111217361144, "gamma": 0.01428735261655635}, "datetime": {"datetime": "2021-06-21 23:03:29", "elapsed": 25.007238, "delta": 0.589089}}
{"target": -15.84615705973676, "params": {"C": 95.96247536452998, "gamma": 0.041399589594932236}, "datetime": {"datetime": "2021-06-21 23:03:29", "elapsed": 25.45724, "delta": 0.450002}}
{"target": -16.147409931060352, "params": {"C": 89.76984187609119, "gamma": 0.01591112335296405}, "datetime": {"datetime": "2021-06-21 23:03:29", "elapsed": 25.970917, "delta": 0.513677}}
{"target": -16.196575058567763, "params": {"C": 81.2262863742017, "gamma": 0.026703369547327546}, "datetime": {"datetime": "2021-06-21 23:03:30", "elapsed": 26.557791, "delta": 0.586874}}
{"target": -16.196792282091568, "params": {"C": 81.56238081495079, "gamma": 0.0311470799608314}, "datetime": {"datetime": "2021-06-21 23:03:31", "elapsed": 26.979764, "delta": 0.421973}}
{"target": -16.222435805220613, "params": {"C": 81.89711289222635, "gamma": 0.03500791630265764}, "datetime": {"datetime": "2021-06-21 23:03:31", "elapsed": 27.422764, "delta": 0.443}}
{"target": -17.037149487938194, "params": {"C": 68.3548923743996, "gamma": 0.0449809425689619}, "datetime": {"datetime": "2021-06-21 23:03:31", "elapsed": 27.870377, "delta": 0.447613}}
{"target": -16.514663673483586, "params": {"C": 87.7261264346661, "gamma": 0.012122657361614858}, "datetime": {"datetime": "2021-06-21 23:03:32", "elapsed": 28.392412, "delta": 0.522035}}
{"target": -17.59625215970884, "params": {"C": 52.708268509772566, "gamma": 0.033339369910490774}, "datetime": {"datetime": "2021-06-21 23:03:32", "elapsed": 28.887873, "delta": 0.495461}}
{"target": -17.01148580555287, "params": {"C": 74.2067689603997, "gamma": 0.01180226994194411}, "datetime": {"datetime": "2021-06-21 23:03:33", "elapsed": 29.340875, "delta": 0.453002}}
{"target": -16.37499956501486, "params": {"C": 76.63063869491188, "gamma": 0.029368654569915748}, "datetime": {"datetime": "2021-06-21 23:03:33", "elapsed": 29.902382, "delta": 0.561507}}
{"target": -16.71276873639939, "params": {"C": 76.20205490096167, "gamma": 0.04627724355694489}, "datetime": {"datetime": "2021-06-21 23:03:34", "elapsed": 30.370274, "delta": 0.467892}}
{"target": -16.4276880832543, "params": {"C": 77.04349388325508, "gamma": 0.02011609363834914}, "datetime": {"datetime": "2021-06-21 23:03:34", "elapsed": 30.837099, "delta": 0.466825}}
{"target": -17.066431324220854, "params": {"C": 62.08653130422209, "gamma": 0.01986052119739678}, "datetime": {"datetime": "2021-06-21 23:03:35", "elapsed": 31.302141, "delta": 0.465042}}
{"target": -17.80042961079122, "params": {"C": 64.45908219272224, "gamma": 0.009}, "datetime": {"datetime": "2021-06-21 23:03:35", "elapsed": 31.753759, "delta": 0.451618}}
{"target": -16.90815036611549, "params": {"C": 72.10123449328428, "gamma": 0.013819661550684221}, "datetime": {"datetime": "2021-06-21 23:03:36", "elapsed": 32.321172, "delta": 0.567413}}
{"target": -16.21475881245163, "params": {"C": 91.46916328130169, "gamma": 0.05}, "datetime": {"datetime": "2021-06-21 23:03:36", "elapsed": 32.852717, "delta": 0.531545}}
{"target": -16.641436884915574, "params": {"C": 91.13380528669556, "gamma": 0.01054130262718793}, "datetime": {"datetime": "2021-06-21 23:03:37", "elapsed": 33.297761, "delta": 0.445044}}
{"target": -16.423742501812047, "params": {"C": 91.79694115453572, "gamma": 0.011867744502829567}, "datetime": {"datetime": "2021-06-21 23:03:37", "elapsed": 33.80493, "delta": 0.507169}}
{"target": -17.350499025226686, "params": {"C": 55.888067308503366, "gamma": 0.028482533135141305}, "datetime": {"datetime": "2021-06-21 23:03:38", "elapsed": 34.290005, "delta": 0.485075}}
{"target": -16.779443591096086, "params": {"C": 69.11964767804002, "gamma": 0.01867440969498427}, "datetime": {"datetime": "2021-06-21 23:03:38", "elapsed": 34.877542, "delta": 0.587537}}
{"target": -17.36974942422756, "params": {"C": 67.60739178004268, "gamma": 0.01097596906156066}, "datetime": {"datetime": "2021-06-21 23:03:39", "elapsed": 35.436448, "delta": 0.558906}}
{"target": -16.900240258213536, "params": {"C": 73.51929833450234, "gamma": 0.048840851972904095}, "datetime": {"datetime": "2021-06-21 23:03:40", "elapsed": 35.980078, "delta": 0.54363}}
{"target": -16.19963254522119, "params": {"C": 91.4297228100603, "gamma": 0.04938590368579123}, "datetime": {"datetime": "2021-06-21 23:03:40", "elapsed": 36.398449, "delta": 0.418371}}
