{"target": -10.329210357456772, "params": {"C": 19843.14907414312, "gamma": 0.05988664466350765}, "datetime": {"datetime": "2021-06-22 09:02:45", "elapsed": 22.995466, "delta": 0.45054}}
{"target": -9.903012659049617, "params": {"C": 21774.896450935106, "gamma": 0.04696752370793858}, "datetime": {"datetime": "2021-06-22 09:02:46", "elapsed": 23.494168, "delta": 0.498702}}
{"target": -10.471283122339397, "params": {"C": 21920.98013329999, "gamma": 0.01262226672358489}, "datetime": {"datetime": "2021-06-22 09:02:46", "elapsed": 23.997187, "delta": 0.503019}}
{"target": -9.945462177068315, "params": {"C": 21635.107161834043, "gamma": 0.048437835486946586}, "datetime": {"datetime": "2021-06-22 09:02:47", "elapsed": 24.439554, "delta": 0.442367}}
{"target": -9.996312468764641, "params": {"C": 26022.743809756277, "gamma": 0.02122763257260784}, "datetime": {"datetime": "2021-06-22 09:02:47", "elapsed": 25.065121, "delta": 0.625567}}
{"target": -10.271627545003888, "params": {"C": 26203.120855388235, "gamma": 0.015538333327710735}, "datetime": {"datetime": "2021-06-22 09:02:48", "elapsed": 25.547725, "delta": 0.482604}}
{"target": -9.66237110645707, "params": {"C": 25846.222536525536, "gamma": 0.03418582834086257}, "datetime": {"datetime": "2021-06-22 09:02:48", "elapsed": 26.0453, "delta": 0.497575}}
{"target": -9.666293823277975, "params": {"C": 25740.30252404938, "gamma": 0.03560504102274033}, "datetime": {"datetime": "2021-06-22 09:02:49", "elapsed": 26.499519, "delta": 0.454219}}
{"target": -10.39023995014071, "params": {"C": 28517.520181970634, "gamma": 0.012916387983365534}, "datetime": {"datetime": "2021-06-22 09:02:49", "elapsed": 27.057602, "delta": 0.558083}}
{"target": -9.69497658098938, "params": {"C": 24145.798832397202, "gamma": 0.0366873902501997}, "datetime": {"datetime": "2021-06-22 09:02:50", "elapsed": 27.688025, "delta": 0.630423}}
{"target": -10.286796052531676, "params": {"C": 24041.137025613574, "gamma": 0.05791723808071946}, "datetime": {"datetime": "2021-06-22 09:02:50", "elapsed": 28.198468, "delta": 0.510443}}
{"target": -10.405578846609508, "params": {"C": 24245.39539033818, "gamma": 0.01347545833225353}, "datetime": {"datetime": "2021-06-22 09:02:51", "elapsed": 28.704489, "delta": 0.506021}}
{"target": -9.95218758504753, "params": {"C": 27774.155602057093, "gamma": 0.021559553665426466}, "datetime": {"datetime": "2021-06-22 09:02:51", "elapsed": 29.195531, "delta": 0.491042}}
{"target": -9.941078531707676, "params": {"C": 20098.9670204802, "gamma": 0.04825816890773101}, "datetime": {"datetime": "2021-06-22 09:02:52", "elapsed": 29.702831, "delta": 0.5073}}
{"target": -10.41960039926155, "params": {"C": 19589.34777890761, "gamma": 0.014487374185693392}, "datetime": {"datetime": "2021-06-22 09:02:52", "elapsed": 30.173983, "delta": 0.471152}}
{"target": -10.132840095157283, "params": {"C": 29784.64556442989, "gamma": 0.05260318057008991}, "datetime": {"datetime": "2021-06-22 09:02:53", "elapsed": 30.674675, "delta": 0.500692}}
{"target": -9.886424840473511, "params": {"C": 29062.594116879212, "gamma": 0.04644049898153301}, "datetime": {"datetime": "2021-06-22 09:02:53", "elapsed": 31.112987, "delta": 0.438312}}
{"target": -9.729855028632638, "params": {"C": 24955.92177113446, "gamma": 0.029930528510041673}, "datetime": {"datetime": "2021-06-22 09:02:54", "elapsed": 31.608191, "delta": 0.495204}}
{"target": -9.993368040370768, "params": {"C": 18027.87774791042, "gamma": 0.025777499166272484}, "datetime": {"datetime": "2021-06-22 09:02:54", "elapsed": 32.025372, "delta": 0.417181}}
{"target": -10.451964515846512, "params": {"C": 17130.321619495153, "gamma": 0.01455291927148209}, "datetime": {"datetime": "2021-06-22 09:02:55", "elapsed": 32.478505, "delta": 0.453133}}
{"target": -9.716126538918488, "params": {"C": 24852.192192898816, "gamma": 0.039913245435918766}, "datetime": {"datetime": "2021-06-22 09:02:55", "elapsed": 32.984469, "delta": 0.505964}}
{"target": -9.755294824964125, "params": {"C": 23640.764818710133, "gamma": 0.04151253024557094}, "datetime": {"datetime": "2021-06-22 09:02:56", "elapsed": 33.628556, "delta": 0.644087}}
{"target": -10.033112171688757, "params": {"C": 19115.914236043525, "gamma": 0.023848572739744014}, "datetime": {"datetime": "2021-06-22 09:02:56", "elapsed": 34.196673, "delta": 0.568117}}
{"target": -10.240849543739824, "params": {"C": 18554.404001943993, "gamma": 0.05767083929748434}, "datetime": {"datetime": "2021-06-22 09:02:57", "elapsed": 34.65807, "delta": 0.461397}}
{"target": -9.609835475191627, "params": {"C": 30824.482828175293, "gamma": 0.03615719282665381}, "datetime": {"datetime": "2021-06-22 09:02:57", "elapsed": 35.183108, "delta": 0.525038}}
{"target": -9.73563673980758, "params": {"C": 21509.872716302045, "gamma": 0.036902862526959776}, "datetime": {"datetime": "2021-06-22 09:02:58", "elapsed": 35.724238, "delta": 0.54113}}
{"target": -10.202005834927132, "params": {"C": 16145.160813968734, "gamma": 0.020991746661916784}, "datetime": {"datetime": "2021-06-22 09:02:58", "elapsed": 36.240599, "delta": 0.516361}}
{"target": -10.68326964768998, "params": {"C": 18855.133593040955, "gamma": 0.009}, "datetime": {"datetime": "2021-06-22 09:02:59", "elapsed": 36.802493, "delta": 0.561894}}
{"target": -9.68804061963075, "params": {"C": 25321.89972867292, "gamma": 0.03225866061999103}, "datetime": {"datetime": "2021-06-22 09:03:00", "elapsed": 37.434743, "delta": 0.63225}}
{"target": -9.880418357246908, "params": {"C": 20757.921975015754, "gamma": 0.046124123422429504}, "datetime": {"datetime": "2021-06-22 09:03:00", "elapsed": 38.020208, "delta": 0.585465}}
{"target": -9.888328376381237, "params": {"C": 22087.86448296274, "gamma": 0.04647151153792201}, "datetime": {"datetime": "2021-06-22 09:03:01", "elapsed": 38.676205, "delta": 0.655997}}
{"target": -9.73164502747897, "params": {"C": 25056.813551784333, "gamma": 0.04086421609557072}, "datetime": {"datetime": "2021-06-22 09:03:01", "elapsed": 39.242308, "delta": 0.566103}}
{"target": -9.640161665547938, "params": {"C": 27655.362867570893, "gamma": 0.03395427807324511}, "datetime": {"datetime": "2021-06-22 09:03:02", "elapsed": 39.814586, "delta": 0.572278}}
{"target": -10.250749248954442, "params": {"C": 26350.29942641629, "gamma": 0.05638653079027698}, "datetime": {"datetime": "2021-06-22 09:03:03", "elapsed": 40.439951, "delta": 0.625365}}
{"target": -10.119948246260677, "params": {"C": 19984.96913138303, "gamma": 0.05415798724418435}, "datetime": {"datetime": "2021-06-22 09:03:03", "elapsed": 40.939183, "delta": 0.499232}}
{"target": -10.376536070876357, "params": {"C": 29173.783373506285, "gamma": 0.013073391324224254}, "datetime": {"datetime": "2021-06-22 09:03:04", "elapsed": 41.440757, "delta": 0.501574}}
{"target": -9.789791164305306, "params": {"C": 28952.6164403311, "gamma": 0.02571188095122414}, "datetime": {"datetime": "2021-06-22 09:03:04", "elapsed": 41.9434, "delta": 0.502643}}
{"target": -9.850402344271945, "params": {"C": 27895.18559883427, "gamma": 0.024325219318172782}, "datetime": {"datetime": "2021-06-22 09:03:05", "elapsed": 42.500468, "delta": 0.557068}}
{"target": -10.356037654012917, "params": {"C": 28664.212325516524, "gamma": 0.05793222844585778}, "datetime": {"datetime": "2021-06-22 09:03:05", "elapsed": 43.020388, "delta": 0.51992}}
{"target": -10.331583840551028, "params": {"C": 20209.822387721884, "gamma": 0.0598739219695156}, "datetime": {"datetime": "2021-06-22 09:03:06", "elapsed": 43.613761, "delta": 0.593373}}
{"target": -10.251027347156272, "params": {"C": 23737.69974207727, "gamma": 0.016560664584137526}, "datetime": {"datetime": "2021-06-22 09:03:06", "elapsed": 44.246222, "delta": 0.632461}}
{"target": -10.669717882618542, "params": {"C": 17917.564223243913, "gamma": 0.009410235365258614}, "datetime": {"datetime": "2021-06-22 09:03:07", "elapsed": 44.766226, "delta": 0.520004}}
{"target": -10.32158925078687, "params": {"C": 18131.432142741178, "gamma": 0.06}, "datetime": {"datetime": "2021-06-22 09:03:07", "elapsed": 45.366741, "delta": 0.600515}}
{"target": -10.21103268608433, "params": {"C": 29663.598633683156, "gamma": 0.01600375314653936}, "datetime": {"datetime": "2021-06-22 09:03:08", "elapsed": 45.866394, "delta": 0.499653}}
{"target": -10.311536715980075, "params": {"C": 29900.897416218373, "gamma": 0.05656126873466594}, "datetime": {"datetime": "2021-06-22 09:03:09", "elapsed": 46.527586, "delta": 0.661192}}
{"target": -9.70276049958879, "params": {"C": 28391.69945377019, "gamma": 0.028881517598834658}, "datetime": {"datetime": "2021-06-22 09:03:09", "elapsed": 47.169326, "delta": 0.64174}}
{"target": -9.698563859194937, "params": {"C": 23550.591205737972, "gamma": 0.03577633933188574}, "datetime": {"datetime": "2021-06-22 09:03:10", "elapsed": 47.754281, "delta": 0.584955}}
{"target": -10.13667132754414, "params": {"C": 19717.739282331062, "gamma": 0.0208606493616279}, "datetime": {"datetime": "2021-06-22 09:03:10", "elapsed": 48.270953, "delta": 0.516672}}
{"target": -10.156310800632378, "params": {"C": 31556.63167468501, "gamma": 0.05261505678702941}, "datetime": {"datetime": "2021-06-22 09:03:11", "elapsed": 48.856734, "delta": 0.585781}}
{"target": -9.826355365858394, "params": {"C": 16539.07726613807, "gamma": 0.03716354084181632}, "datetime": {"datetime": "2021-06-22 09:03:12", "elapsed": 49.442376, "delta": 0.585642}}
{"target": -10.112958496194347, "params": {"C": 25931.62721551508, "gamma": 0.018848687045805362}, "datetime": {"datetime": "2021-06-22 09:03:12", "elapsed": 50.002944, "delta": 0.560568}}
{"target": -10.331133728425252, "params": {"C": 30904.825922141386, "gamma": 0.056623356148032516}, "datetime": {"datetime": "2021-06-22 09:03:13", "elapsed": 50.581523, "delta": 0.578579}}
{"target": -9.78193167219482, "params": {"C": 27312.609870089953, "gamma": 0.043277581816982165}, "datetime": {"datetime": "2021-06-22 09:03:13", "elapsed": 51.131335, "delta": 0.549812}}
{"target": -10.308085690398833, "params": {"C": 17475.697863895282, "gamma": 0.05974910798783929}, "datetime": {"datetime": "2021-06-22 09:03:14", "elapsed": 51.879488, "delta": 0.748153}}
{"target": -10.612000718706167, "params": {"C": 25655.589477454894, "gamma": 0.009}, "datetime": {"datetime": "2021-06-22 09:03:15", "elapsed": 52.413394, "delta": 0.533906}}
{"target": -9.856221746801154, "params": {"C": 17243.287927281992, "gamma": 0.03235808999383678}, "datetime": {"datetime": "2021-06-22 09:03:15", "elapsed": 52.972978, "delta": 0.559584}}
{"target": -10.544816716084094, "params": {"C": 19481.348800674696, "gamma": 0.011597796864262615}, "datetime": {"datetime": "2021-06-22 09:03:16", "elapsed": 53.649223, "delta": 0.676245}}
{"target": -9.633764192996699, "params": {"C": 30755.50447079241, "gamma": 0.03770073888100946}, "datetime": {"datetime": "2021-06-22 09:03:16", "elapsed": 54.211683, "delta": 0.56246}}
{"target": -10.623729111281605, "params": {"C": 18455.19816387769, "gamma": 0.01021813624129974}, "datetime": {"datetime": "2021-06-22 09:03:17", "elapsed": 54.768825, "delta": 0.557142}}
{"target": -9.691815782176198, "params": {"C": 26109.248780744827, "gamma": 0.03093896653186763}, "datetime": {"datetime": "2021-06-22 09:03:17", "elapsed": 55.357904, "delta": 0.589079}}
{"target": -10.029589082454885, "params": {"C": 31899.511744152987, "gamma": 0.049674017460029155}, "datetime": {"datetime": "2021-06-22 09:03:18", "elapsed": 56.044459, "delta": 0.686555}}
{"target": -10.09809935877417, "params": {"C": 17022.428825187068, "gamma": 0.053754026380738854}, "datetime": {"datetime": "2021-06-22 09:03:19", "elapsed": 56.607803, "delta": 0.563344}}
{"target": -10.360922847574706, "params": {"C": 23084.53542133292, "gamma": 0.06}, "datetime": {"datetime": "2021-06-22 09:03:19", "elapsed": 57.17138, "delta": 0.563577}}
{"target": -9.901806158892798, "params": {"C": 24461.386876005723, "gamma": 0.04704717458083399}, "datetime": {"datetime": "2021-06-22 09:03:20", "elapsed": 57.763576, "delta": 0.592196}}
{"target": -10.242399831886436, "params": {"C": 30333.471962006224, "gamma": 0.015286189193205995}, "datetime": {"datetime": "2021-06-22 09:03:21", "elapsed": 58.419382, "delta": 0.655806}}
{"target": -9.787085899374745, "params": {"C": 20411.430675900363, "gamma": 0.03176487695167439}, "datetime": {"datetime": "2021-06-22 09:03:21", "elapsed": 59.1767, "delta": 0.757318}}
{"target": -10.03747973563023, "params": {"C": 18639.000569430587, "gamma": 0.024036583895986962}, "datetime": {"datetime": "2021-06-22 09:03:22", "elapsed": 59.911878, "delta": 0.735178}}
{"target": -9.989348695496508, "params": {"C": 23233.426289639134, "gamma": 0.049837978769389}, "datetime": {"datetime": "2021-06-22 09:03:23", "elapsed": 60.615455, "delta": 0.703577}}
{"target": -9.751797052855451, "params": {"C": 22011.270471525917, "gamma": 0.04015171677224376}, "datetime": {"datetime": "2021-06-22 09:03:23", "elapsed": 61.272878, "delta": 0.657423}}
{"target": -9.881254227996749, "params": {"C": 24781.778114545054, "gamma": 0.046380696328368325}, "datetime": {"datetime": "2021-06-22 09:03:24", "elapsed": 61.936656, "delta": 0.663778}}
{"target": -9.747209510092162, "params": {"C": 21703.705653940702, "gamma": 0.03904254786671376}, "datetime": {"datetime": "2021-06-22 09:03:25", "elapsed": 62.575588, "delta": 0.638932}}
{"target": -9.640647638086074, "params": {"C": 27593.9698172914, "gamma": 0.033726772700146485}, "datetime": {"datetime": "2021-06-22 09:03:25", "elapsed": 63.192645, "delta": 0.617057}}
{"target": -9.606204174214573, "params": {"C": 30475.752689737645, "gamma": 0.03355166337551934}, "datetime": {"datetime": "2021-06-22 09:03:26", "elapsed": 63.809671, "delta": 0.617026}}
{"target": -10.074184414472926, "params": {"C": 21446.66255434004, "gamma": 0.05263252728500845}, "datetime": {"datetime": "2021-06-22 09:03:27", "elapsed": 64.563976, "delta": 0.754305}}
{"target": -10.280646233747486, "params": {"C": 26903.61553464002, "gamma": 0.05688942097872406}, "datetime": {"datetime": "2021-06-22 09:03:27", "elapsed": 65.198092, "delta": 0.634116}}
{"target": -9.81515395733956, "params": {"C": 25791.64266406042, "gamma": 0.04425087827249581}, "datetime": {"datetime": "2021-06-22 09:03:28", "elapsed": 65.929003, "delta": 0.730911}}
{"target": -10.519085056427919, "params": {"C": 19191.618755004147, "gamma": 0.012254730845882661}, "datetime": {"datetime": "2021-06-22 09:03:29", "elapsed": 66.615083, "delta": 0.68608}}
{"target": -9.796197866801121, "params": {"C": 19046.06115511397, "gamma": 0.03333331617005598}, "datetime": {"datetime": "2021-06-22 09:03:29", "elapsed": 67.253813, "delta": 0.63873}}
{"target": -9.96303334791756, "params": {"C": 31748.91057440019, "gamma": 0.020667659733461664}, "datetime": {"datetime": "2021-06-22 09:03:30", "elapsed": 67.854997, "delta": 0.601184}}
{"target": -9.828500366677892, "params": {"C": 20687.60431233301, "gamma": 0.04420059640439605}, "datetime": {"datetime": "2021-06-22 09:03:31", "elapsed": 68.62135, "delta": 0.766353}}
{"target": -10.16955014553417, "params": {"C": 22959.820476538556, "gamma": 0.055087163856053285}, "datetime": {"datetime": "2021-06-22 09:03:31", "elapsed": 69.238979, "delta": 0.617629}}
{"target": -10.026723047012197, "params": {"C": 21077.901389437193, "gamma": 0.02287275852621873}, "datetime": {"datetime": "2021-06-22 09:03:32", "elapsed": 70.122644, "delta": 0.883665}}
{"target": -10.075299374554497, "params": {"C": 30098.80843848173, "gamma": 0.051175863770387256}, "datetime": {"datetime": "2021-06-22 09:03:33", "elapsed": 70.760375, "delta": 0.637731}}
{"target": -9.838870692567369, "params": {"C": 20950.596659601873, "gamma": 0.029041307126926763}, "datetime": {"datetime": "2021-06-22 09:03:34", "elapsed": 71.404103, "delta": 0.643728}}
{"target": -10.1208928520874, "params": {"C": 21198.570440610776, "gamma": 0.020546327214444958}, "datetime": {"datetime": "2021-06-22 09:03:34", "elapsed": 72.118926, "delta": 0.714823}}
{"target": -10.565589768875382, "params": {"C": 25263.340809729536, "gamma": 0.009925728702400148}, "datetime": {"datetime": "2021-06-22 09:03:35", "elapsed": 72.833927, "delta": 0.715001}}
{"target": -10.241838705903312, "params": {"C": 25371.78797872598, "gamma": 0.016312727009688326}, "datetime": {"datetime": "2021-06-22 09:03:36", "elapsed": 73.770857, "delta": 0.93693}}
{"target": -10.235835185062319, "params": {"C": 25485.409693513786, "gamma": 0.01641352377324358}, "datetime": {"datetime": "2021-06-22 09:03:37", "elapsed": 74.566387, "delta": 0.79553}}
{"target": -9.931119406511401, "params": {"C": 25115.234049215927, "gamma": 0.04795375836606949}, "datetime": {"datetime": "2021-06-22 09:03:37", "elapsed": 75.166784, "delta": 0.600397}}
{"target": -9.729578438436077, "params": {"C": 22834.267438477662, "gamma": 0.03888687545670999}, "datetime": {"datetime": "2021-06-22 09:03:38", "elapsed": 75.925916, "delta": 0.759132}}
{"target": -9.97788551981696, "params": {"C": 28890.466768335653, "gamma": 0.02062430036761628}, "datetime": {"datetime": "2021-06-22 09:03:39", "elapsed": 76.936439, "delta": 1.010523}}
{"target": -10.0018059023725, "params": {"C": 23953.106996298127, "gamma": 0.05011222877205899}, "datetime": {"datetime": "2021-06-22 09:03:40", "elapsed": 77.856441, "delta": 0.920002}}
{"target": -10.590499316936768, "params": {"C": 27958.940234786005, "gamma": 0.009}, "datetime": {"datetime": "2021-06-22 09:03:41", "elapsed": 78.710724, "delta": 0.854283}}
{"target": -10.203336146593927, "params": {"C": 27837.059311822297, "gamma": 0.054861411382924406}, "datetime": {"datetime": "2021-06-22 09:03:42", "elapsed": 79.468906, "delta": 0.758182}}
{"target": -9.736778074926987, "params": {"C": 22160.14137114597, "gamma": 0.038550837683366077}, "datetime": {"datetime": "2021-06-22 09:03:42", "elapsed": 80.162624, "delta": 0.693718}}
{"target": -10.479036079248113, "params": {"C": 21311.382994062773, "gamma": 0.012604251649316268}, "datetime": {"datetime": "2021-06-22 09:03:43", "elapsed": 81.115084, "delta": 0.95246}}
{"target": -9.962949986651745, "params": {"C": 21566.19225591205, "gamma": 0.024256674010804273}, "datetime": {"datetime": "2021-06-22 09:03:44", "elapsed": 82.310887, "delta": 1.195803}}
{"target": -10.18799724500002, "params": {"C": 16070.500115566907, "gamma": 0.05661302536585617}, "datetime": {"datetime": "2021-06-22 09:03:45", "elapsed": 83.035247, "delta": 0.72436}}
{"target": -9.954052079841604, "params": {"C": 26668.67365776645, "gamma": 0.048469288882257225}, "datetime": {"datetime": "2021-06-22 09:03:46", "elapsed": 83.834765, "delta": 0.799518}}
{"target": -9.750781431058805, "params": {"C": 27713.822651622, "gamma": 0.027439957407094845}, "datetime": {"datetime": "2021-06-22 09:03:47", "elapsed": 84.60196, "delta": 0.767195}}
{"target": -10.108269838291564, "params": {"C": 23360.910258434313, "gamma": 0.05332407072321347}, "datetime": {"datetime": "2021-06-22 09:03:48", "elapsed": 85.665093, "delta": 1.063133}}
{"target": -10.453193570983958, "params": {"C": 28445.03455958452, "gamma": 0.06}, "datetime": {"datetime": "2021-06-22 09:03:49", "elapsed": 86.489148, "delta": 0.824055}}
{"target": -9.633032304346354, "params": {"C": 28339.558822852687, "gamma": 0.03462439628206154}, "datetime": {"datetime": "2021-06-22 09:03:49", "elapsed": 87.28984, "delta": 0.800692}}
{"target": -9.630690904316413, "params": {"C": 30213.142299806997, "gamma": 0.03726632834569794}, "datetime": {"datetime": "2021-06-22 09:03:50", "elapsed": 88.154246, "delta": 0.864406}}
{"target": -9.844105069389524, "params": {"C": 26768.69623072518, "gamma": 0.02503945842755751}, "datetime": {"datetime": "2021-06-22 09:03:51", "elapsed": 89.026203, "delta": 0.871957}}
{"target": -9.85381012439298, "params": {"C": 22398.05308640027, "gamma": 0.045288578877392655}, "datetime": {"datetime": "2021-06-22 09:03:52", "elapsed": 90.004291, "delta": 0.978088}}
{"target": -10.561329428853119, "params": {"C": 32000.0, "gamma": 0.009}, "datetime": {"datetime": "2021-06-22 09:03:53", "elapsed": 90.796641, "delta": 0.79235}}
{"target": -10.542459795582305, "params": {"C": 16378.177544051638, "gamma": 0.012595309869828018}, "datetime": {"datetime": "2021-06-22 09:03:54", "elapsed": 91.577322, "delta": 0.780681}}
{"target": -9.889142569729767, "params": {"C": 16489.974173157694, "gamma": 0.04588678201687692}, "datetime": {"datetime": "2021-06-22 09:03:55", "elapsed": 92.481371, "delta": 0.904049}}
{"target": -10.474643756916445, "params": {"C": 26425.41059819534, "gamma": 0.0115538547696852}, "datetime": {"datetime": "2021-06-22 09:03:55", "elapsed": 93.216214, "delta": 0.734843}}
{"target": -10.120112833542597, "params": {"C": 31280.6716318174, "gamma": 0.05187084821436014}, "datetime": {"datetime": "2021-06-22 09:03:56", "elapsed": 93.975586, "delta": 0.759372}}
{"target": -10.219365526813382, "params": {"C": 31163.30314907293, "gamma": 0.054188204484989136}, "datetime": {"datetime": "2021-06-22 09:03:57", "elapsed": 94.657808, "delta": 0.682222}}
{"target": -10.341503746490217, "params": {"C": 17721.123806948613, "gamma": 0.01694265679977794}, "datetime": {"datetime": "2021-06-22 09:03:58", "elapsed": 95.655211, "delta": 0.997403}}
{"target": -10.368625294936901, "params": {"C": 28591.44782095351, "gamma": 0.013321533125957595}, "datetime": {"datetime": "2021-06-22 09:03:59", "elapsed": 96.535004, "delta": 0.879793}}
{"target": -9.884816473861715, "params": {"C": 28108.179501324237, "gamma": 0.02323050651106258}, "datetime": {"datetime": "2021-06-22 09:04:00", "elapsed": 97.60318, "delta": 1.068176}}
{"target": -10.468053881571189, "params": {"C": 31069.275060869495, "gamma": 0.059287587023919425}, "datetime": {"datetime": "2021-06-22 09:04:01", "elapsed": 98.40677, "delta": 0.80359}}
{"target": -9.939106700118057, "params": {"C": 24601.196899717797, "gamma": 0.04822935113399017}, "datetime": {"datetime": "2021-06-22 09:04:01", "elapsed": 99.162547, "delta": 0.755777}}
