{"target": -10.05323049651831, "params": {"C": 11317.000108923665, "gamma": 0.030750937569614313}, "datetime": {"datetime": "2021-06-22 08:42:43", "elapsed": 354.587434, "delta": 2.342831}}
{"target": -10.015452525056352, "params": {"C": 15674.289923371658, "gamma": 0.050881488518974186}, "datetime": {"datetime": "2021-06-22 08:42:45", "elapsed": 356.592402, "delta": 2.004968}}
{"target": -10.646120190794326, "params": {"C": 15697.947195350445, "gamma": 0.010490672596873866}, "datetime": {"datetime": "2021-06-22 08:42:47", "elapsed": 359.289566, "delta": 2.697164}}
{"target": -9.878600210419888, "params": {"C": 15364.472834294831, "gamma": 0.03483925966597012}, "datetime": {"datetime": "2021-06-22 08:42:50", "elapsed": 361.717911, "delta": 2.428345}}
{"target": -10.303247491603914, "params": {"C": 15811.48633791778, "gamma": 0.059955906475128114}, "datetime": {"datetime": "2021-06-22 08:42:51", "elapsed": 363.394515, "delta": 1.676604}}
{"target": -10.299304260416493, "params": {"C": 10492.675936328662, "gamma": 0.022632003748790354}, "datetime": {"datetime": "2021-06-22 08:42:55", "elapsed": 366.606129, "delta": 3.211614}}
{"target": -9.974283236930795, "params": {"C": 11796.708679929723, "gamma": 0.04463512711065718}, "datetime": {"datetime": "2021-06-22 08:42:56", "elapsed": 368.338647, "delta": 1.732518}}
{"target": -10.507847633558876, "params": {"C": 11912.229539425733, "gamma": 0.015482834075465683}, "datetime": {"datetime": "2021-06-22 08:42:59", "elapsed": 371.217691, "delta": 2.879044}}
{"target": -10.216132293127735, "params": {"C": 15077.567024080196, "gamma": 0.021288778390012683}, "datetime": {"datetime": "2021-06-22 08:43:02", "elapsed": 373.64422, "delta": 2.426529}}
{"target": -10.887633967987986, "params": {"C": 9374.651883206414, "gamma": 0.009}, "datetime": {"datetime": "2021-06-22 08:43:04", "elapsed": 376.206429, "delta": 2.562209}}
{"target": -10.655452324964195, "params": {"C": 14705.84107187754, "gamma": 0.010583400897370757}, "datetime": {"datetime": "2021-06-22 08:43:06", "elapsed": 378.537736, "delta": 2.331307}}
{"target": -9.986858918223346, "params": {"C": 14669.519393453149, "gamma": 0.04985154541952521}, "datetime": {"datetime": "2021-06-22 08:43:09", "elapsed": 381.523311, "delta": 2.985575}}
{"target": -9.948548070033294, "params": {"C": 12816.580567541792, "gamma": 0.045175189988828704}, "datetime": {"datetime": "2021-06-22 08:43:12", "elapsed": 383.953175, "delta": 2.429864}}
{"target": -10.115259937207329, "params": {"C": 9620.187002411818, "gamma": 0.05301374747555637}, "datetime": {"datetime": "2021-06-22 08:43:15", "elapsed": 386.670741, "delta": 2.717566}}
{"target": -10.119708673376444, "params": {"C": 14551.536052151596, "gamma": 0.02462769511646537}, "datetime": {"datetime": "2021-06-22 08:43:17", "elapsed": 389.159587, "delta": 2.488846}}
{"target": -10.478836629105421, "params": {"C": 14733.676314008499, "gamma": 0.01480433022538002}, "datetime": {"datetime": "2021-06-22 08:43:20", "elapsed": 392.071391, "delta": 2.911804}}
{"target": -10.21366191174109, "params": {"C": 8440.812917761576, "gamma": 0.05676564217093008}, "datetime": {"datetime": "2021-06-22 08:43:23", "elapsed": 394.784225, "delta": 2.712834}}
{"target": -9.842857977378186, "params": {"C": 15898.97298333274, "gamma": 0.03872179417119255}, "datetime": {"datetime": "2021-06-22 08:43:25", "elapsed": 397.069845, "delta": 2.28562}}
{"target": -10.54605795928471, "params": {"C": 13320.016194163196, "gamma": 0.013723575740244595}, "datetime": {"datetime": "2021-06-22 08:43:27", "elapsed": 398.702354, "delta": 1.632509}}
{"target": -10.140394800450016, "params": {"C": 13343.75227618038, "gamma": 0.055255749802656066}, "datetime": {"datetime": "2021-06-22 08:43:29", "elapsed": 400.806345, "delta": 2.103991}}
{"target": -10.20425825609923, "params": {"C": 8127.60352812632, "gamma": 0.05483440809941575}, "datetime": {"datetime": "2021-06-22 08:43:32", "elapsed": 403.68152, "delta": 2.875175}}
{"target": -10.19691327049375, "params": {"C": 8016.709549661472, "gamma": 0.05370680698546769}, "datetime": {"datetime": "2021-06-22 08:43:35", "elapsed": 406.612199, "delta": 2.930679}}
{"target": -10.700544913486528, "params": {"C": 10882.843979351192, "gamma": 0.01104145277051562}, "datetime": {"datetime": "2021-06-22 08:43:37", "elapsed": 408.604847, "delta": 1.992648}}
{"target": -9.90717259577921, "params": {"C": 14764.804325124096, "gamma": 0.04537115607855045}, "datetime": {"datetime": "2021-06-22 08:43:40", "elapsed": 411.789015, "delta": 3.184168}}
{"target": -10.274304372496847, "params": {"C": 9676.978016561605, "gamma": 0.06}, "datetime": {"datetime": "2021-06-22 08:43:41", "elapsed": 413.503995, "delta": 1.71498}}
{"target": -9.96409341988538, "params": {"C": 13142.900023466627, "gamma": 0.04762167511618702}, "datetime": {"datetime": "2021-06-22 08:43:43", "elapsed": 415.30432, "delta": 1.800325}}
{"target": -9.970038944694025, "params": {"C": 11368.153564279884, "gamma": 0.039657420079971646}, "datetime": {"datetime": "2021-06-22 08:43:46", "elapsed": 418.039257, "delta": 2.734937}}
{"target": -9.870290835498848, "params": {"C": 15845.487617870134, "gamma": 0.03430551290377396}, "datetime": {"datetime": "2021-06-22 08:43:49", "elapsed": 421.525001, "delta": 3.485744}}
{"target": -10.285634166063515, "params": {"C": 13255.47175665236, "gamma": 0.06}, "datetime": {"datetime": "2021-06-22 08:43:51", "elapsed": 423.180452, "delta": 1.655451}}
{"target": -10.223866803751154, "params": {"C": 11575.284120462326, "gamma": 0.023982758974521567}, "datetime": {"datetime": "2021-06-22 08:43:53", "elapsed": 425.16623, "delta": 1.985778}}
{"target": -10.020964327520808, "params": {"C": 15117.829355539096, "gamma": 0.05107080442605278}, "datetime": {"datetime": "2021-06-22 08:43:55", "elapsed": 426.769492, "delta": 1.603262}}
{"target": -10.049681241881036, "params": {"C": 10183.139722730528, "gamma": 0.03422752845645939}, "datetime": {"datetime": "2021-06-22 08:43:57", "elapsed": 429.545022, "delta": 2.77553}}
{"target": -10.033092904808376, "params": {"C": 12297.479788898268, "gamma": 0.051427679583306095}, "datetime": {"datetime": "2021-06-22 08:44:00", "elapsed": 431.754744, "delta": 2.209722}}
{"target": -10.721553087113525, "params": {"C": 14391.669927544095, "gamma": 0.009416935579392483}, "datetime": {"datetime": "2021-06-22 08:44:02", "elapsed": 434.3335, "delta": 2.578756}}
{"target": -10.05099101236838, "params": {"C": 14417.868586225126, "gamma": 0.026952343506408544}, "datetime": {"datetime": "2021-06-22 08:44:04", "elapsed": 436.025271, "delta": 1.691771}}
{"target": -10.021578134177881, "params": {"C": 11693.826388222633, "gamma": 0.03185042958783615}, "datetime": {"datetime": "2021-06-22 08:44:07", "elapsed": 438.669045, "delta": 2.643774}}
{"target": -10.094353881384668, "params": {"C": 9800.580263921209, "gamma": 0.05130805727690342}, "datetime": {"datetime": "2021-06-22 08:44:09", "elapsed": 441.521303, "delta": 2.852258}}
{"target": -10.16995106735811, "params": {"C": 10284.937440240554, "gamma": 0.02753444361703753}, "datetime": {"datetime": "2021-06-22 08:44:11", "elapsed": 443.380056, "delta": 1.858753}}
{"target": -10.121259401804258, "params": {"C": 15723.36106947597, "gamma": 0.054513551596858646}, "datetime": {"datetime": "2021-06-22 08:44:13", "elapsed": 445.393735, "delta": 2.013679}}
{"target": -10.219344586062117, "params": {"C": 11770.906143170158, "gamma": 0.023930284930327672}, "datetime": {"datetime": "2021-06-22 08:44:15", "elapsed": 447.339643, "delta": 1.945908}}
{"target": -10.366544729379711, "params": {"C": 13588.76158044926, "gamma": 0.018382825744410615}, "datetime": {"datetime": "2021-06-22 08:44:17", "elapsed": 449.482014, "delta": 2.142371}}
{"target": -10.130317290650046, "params": {"C": 8801.140191332968, "gamma": 0.05026304138472585}, "datetime": {"datetime": "2021-06-22 08:44:19", "elapsed": 451.404175, "delta": 1.922161}}
{"target": -10.267738615162306, "params": {"C": 10381.380369881546, "gamma": 0.05973538579673342}, "datetime": {"datetime": "2021-06-22 08:44:21", "elapsed": 453.121514, "delta": 1.717339}}
{"target": -10.0559296257761, "params": {"C": 9905.928230063844, "gamma": 0.04657669495357382}, "datetime": {"datetime": "2021-06-22 08:44:24", "elapsed": 455.763844, "delta": 2.64233}}
{"target": -10.20486154317698, "params": {"C": 9575.829740288302, "gamma": 0.02732916791452699}, "datetime": {"datetime": "2021-06-22 08:44:27", "elapsed": 458.602868, "delta": 2.839024}}
{"target": -10.379123018155699, "params": {"C": 13566.127835950198, "gamma": 0.01806622403046863}, "datetime": {"datetime": "2021-06-22 08:44:29", "elapsed": 461.044089, "delta": 2.441221}}
{"target": -10.532492576958823, "params": {"C": 13625.523501472482, "gamma": 0.013927918185449306}, "datetime": {"datetime": "2021-06-22 08:44:31", "elapsed": 462.979256, "delta": 1.935167}}
{"target": -9.989119526990384, "params": {"C": 13646.089622169686, "gamma": 0.030462125335084224}, "datetime": {"datetime": "2021-06-22 08:44:33", "elapsed": 465.028252, "delta": 2.048996}}
{"target": -10.111549699609352, "params": {"C": 8724.032218331573, "gamma": 0.04707009180404506}, "datetime": {"datetime": "2021-06-22 08:44:36", "elapsed": 467.739852, "delta": 2.7116}}
{"target": -10.655770433383594, "params": {"C": 13806.742363523692, "gamma": 0.01086828969823371}, "datetime": {"datetime": "2021-06-22 08:44:38", "elapsed": 469.813652, "delta": 2.0738}}
{"target": -9.897648681375111, "params": {"C": 13783.167258197482, "gamma": 0.0404084813507183}, "datetime": {"datetime": "2021-06-22 08:44:40", "elapsed": 472.230865, "delta": 2.417213}}
{"target": -10.192110804767147, "params": {"C": 15942.202757156998, "gamma": 0.05675528556800355}, "datetime": {"datetime": "2021-06-22 08:44:42", "elapsed": 474.122037, "delta": 1.891172}}
{"target": -10.061408393604085, "params": {"C": 15921.973343056945, "gamma": 0.05249511023767615}, "datetime": {"datetime": "2021-06-22 08:44:46", "elapsed": 477.92549, "delta": 3.803453}}
{"target": -10.348074491940569, "params": {"C": 8412.627284258137, "gamma": 0.023607734678451685}, "datetime": {"datetime": "2021-06-22 08:44:49", "elapsed": 480.708777, "delta": 2.783287}}
{"target": -10.127327188926, "params": {"C": 10111.060698715388, "gamma": 0.05468847421517293}, "datetime": {"datetime": "2021-06-22 08:44:52", "elapsed": 484.210328, "delta": 3.501551}}
{"target": -10.665381429458613, "params": {"C": 14438.424610639762, "gamma": 0.01044189607430417}, "datetime": {"datetime": "2021-06-22 08:44:55", "elapsed": 486.792176, "delta": 2.581848}}
{"target": -10.434130679215512, "params": {"C": 11291.059079854518, "gamma": 0.0180018219528078}, "datetime": {"datetime": "2021-06-22 08:44:57", "elapsed": 489.049026, "delta": 2.25685}}
{"target": -10.39799443604517, "params": {"C": 9226.079010032487, "gamma": 0.020950415246336486}, "datetime": {"datetime": "2021-06-22 08:44:59", "elapsed": 491.390623, "delta": 2.341597}}
{"target": -10.228496401358274, "params": {"C": 15966.642940061389, "gamma": 0.05778860426126909}, "datetime": {"datetime": "2021-06-22 08:45:02", "elapsed": 493.922736, "delta": 2.532113}}
{"target": -10.304295071711795, "params": {"C": 10549.625908700815, "gamma": 0.02242506784979256}, "datetime": {"datetime": "2021-06-22 08:45:04", "elapsed": 496.076213, "delta": 2.153477}}
{"target": -10.042742672654732, "params": {"C": 10573.62381521314, "gamma": 0.04832312302226203}, "datetime": {"datetime": "2021-06-22 08:45:06", "elapsed": 498.043818, "delta": 1.967605}}
{"target": -10.126289729311507, "params": {"C": 11267.782585509402, "gamma": 0.05482867250331467}, "datetime": {"datetime": "2021-06-22 08:45:08", "elapsed": 500.103016, "delta": 2.059198}}
{"target": -10.206967255892883, "params": {"C": 15654.057995078114, "gamma": 0.021167991275886092}, "datetime": {"datetime": "2021-06-22 08:45:11", "elapsed": 503.192927, "delta": 3.089911}}
{"target": -10.319979083072289, "params": {"C": 8772.150442030174, "gamma": 0.024062945907669726}, "datetime": {"datetime": "2021-06-22 08:45:14", "elapsed": 506.285348, "delta": 3.092421}}
{"target": -10.186508751795964, "params": {"C": 13060.531273101613, "gamma": 0.023762668153667357}, "datetime": {"datetime": "2021-06-22 08:45:17", "elapsed": 508.968934, "delta": 2.683586}}
{"target": -10.840401784119273, "params": {"C": 10158.051183550599, "gamma": 0.00920667111486726}, "datetime": {"datetime": "2021-06-22 08:45:19", "elapsed": 511.398105, "delta": 2.429171}}
{"target": -10.145171044347498, "params": {"C": 10135.29641380196, "gamma": 0.05535398952488277}, "datetime": {"datetime": "2021-06-22 08:45:22", "elapsed": 514.382579, "delta": 2.984474}}
{"target": -10.060601854894225, "params": {"C": 10449.759342991254, "gamma": 0.05002846020181041}, "datetime": {"datetime": "2021-06-22 08:45:26", "elapsed": 518.241213, "delta": 3.858634}}
{"target": -10.236302816998078, "params": {"C": 8170.245426195858, "gamma": 0.028754257291819227}, "datetime": {"datetime": "2021-06-22 08:45:30", "elapsed": 521.635214, "delta": 3.394001}}
{"target": -10.347292926557618, "params": {"C": 8294.757563856892, "gamma": 0.023799757052518595}, "datetime": {"datetime": "2021-06-22 08:45:32", "elapsed": 524.457664, "delta": 2.82245}}
{"target": -10.015670327025008, "params": {"C": 10352.374983175188, "gamma": 0.03926469660507709}, "datetime": {"datetime": "2021-06-22 08:45:35", "elapsed": 526.944095, "delta": 2.486431}}
{"target": -9.894234569369674, "params": {"C": 14078.891381473572, "gamma": 0.03737403793061229}, "datetime": {"datetime": "2021-06-22 08:45:38", "elapsed": 530.067367, "delta": 3.123272}}
{"target": -10.210022877555042, "params": {"C": 10076.820512310453, "gamma": 0.026336640379693507}, "datetime": {"datetime": "2021-06-22 08:45:41", "elapsed": 532.923085, "delta": 2.855718}}
{"target": -9.965735843240951, "params": {"C": 13546.433406976108, "gamma": 0.04851158440059629}, "datetime": {"datetime": "2021-06-22 08:45:44", "elapsed": 535.828889, "delta": 2.905804}}
{"target": -10.274735316365872, "params": {"C": 15989.09733187533, "gamma": 0.05910053824981432}, "datetime": {"datetime": "2021-06-22 08:45:46", "elapsed": 537.994029, "delta": 2.16514}}
{"target": -10.202816226584332, "params": {"C": 12138.73175792531, "gamma": 0.0241108053981115}, "datetime": {"datetime": "2021-06-22 08:45:50", "elapsed": 541.662349, "delta": 3.66832}}
{"target": -10.100882392205905, "params": {"C": 13167.066920143228, "gamma": 0.05395826944448185}, "datetime": {"datetime": "2021-06-22 08:45:54", "elapsed": 545.717736, "delta": 4.055387}}
{"target": -9.988448030158649, "params": {"C": 12275.79123999531, "gamma": 0.03343269052542379}, "datetime": {"datetime": "2021-06-22 08:45:56", "elapsed": 548.221841, "delta": 2.504105}}
{"target": -9.994178925759437, "params": {"C": 11446.806086276618, "gamma": 0.035928395371805505}, "datetime": {"datetime": "2021-06-22 08:45:58", "elapsed": 550.430441, "delta": 2.2086}}
{"target": -10.761506193570032, "params": {"C": 13302.716020869535, "gamma": 0.009167395154957854}, "datetime": {"datetime": "2021-06-22 08:46:01", "elapsed": 552.688065, "delta": 2.257624}}
{"target": -10.15244303668338, "params": {"C": 9191.596650184294, "gamma": 0.05481711659432694}, "datetime": {"datetime": "2021-06-22 08:46:03", "elapsed": 554.924344, "delta": 2.236279}}
{"target": -10.158272518497098, "params": {"C": 14968.647056448244, "gamma": 0.0557347967226673}, "datetime": {"datetime": "2021-06-22 08:46:05", "elapsed": 557.09153, "delta": 2.167186}}
{"target": -10.22720903161398, "params": {"C": 14582.52101876165, "gamma": 0.021330626940883553}, "datetime": {"datetime": "2021-06-22 08:46:07", "elapsed": 559.25342, "delta": 2.16189}}
{"target": -10.175372100059105, "params": {"C": 8698.200050643909, "gamma": 0.030225755875362574}, "datetime": {"datetime": "2021-06-22 08:46:11", "elapsed": 563.019759, "delta": 3.766339}}
{"target": -10.483171390798697, "params": {"C": 10743.430342266372, "gamma": 0.016945045868488808}, "datetime": {"datetime": "2021-06-22 08:46:13", "elapsed": 565.255232, "delta": 2.235473}}
{"target": -10.200975284448658, "params": {"C": 13833.475898481545, "gamma": 0.057181352284840545}, "datetime": {"datetime": "2021-06-22 08:46:17", "elapsed": 568.826809, "delta": 3.571577}}
{"target": -10.213716876446934, "params": {"C": 8082.94033986316, "gamma": 0.03012129173733933}, "datetime": {"datetime": "2021-06-22 08:46:20", "elapsed": 572.140464, "delta": 3.313655}}
{"target": -10.071725072195825, "params": {"C": 12227.353385968003, "gamma": 0.05293540607349721}, "datetime": {"datetime": "2021-06-22 08:46:23", "elapsed": 575.259089, "delta": 3.118625}}
{"target": -10.246671322518534, "params": {"C": 15513.064290879094, "gamma": 0.058393181438124435}, "datetime": {"datetime": "2021-06-22 08:46:26", "elapsed": 577.746878, "delta": 2.487789}}
{"target": -9.966431906555831, "params": {"C": 13456.980982503545, "gamma": 0.04840809877226627}, "datetime": {"datetime": "2021-06-22 08:46:28", "elapsed": 580.034859, "delta": 2.287981}}
{"target": -10.082515184390903, "params": {"C": 13502.293755055463, "gamma": 0.053319745128155974}, "datetime": {"datetime": "2021-06-22 08:46:31", "elapsed": 583.182721, "delta": 3.147862}}
{"target": -9.880999929182927, "params": {"C": 15628.912179211538, "gamma": 0.033889281468896394}, "datetime": {"datetime": "2021-06-22 08:46:34", "elapsed": 586.503212, "delta": 3.320491}}
{"target": -10.047382853353252, "params": {"C": 10632.475906874179, "gamma": 0.03264407734560646}, "datetime": {"datetime": "2021-06-22 08:46:37", "elapsed": 589.080627, "delta": 2.577415}}
{"target": -10.588048560065207, "params": {"C": 15458.041587302574, "gamma": 0.011857898359491635}, "datetime": {"datetime": "2021-06-22 08:46:40", "elapsed": 591.990328, "delta": 2.909701}}
{"target": -9.860507017670098, "params": {"C": 15475.909007144457, "gamma": 0.04052675547786245}, "datetime": {"datetime": "2021-06-22 08:46:44", "elapsed": 596.546728, "delta": 4.5564}}
{"target": -10.367046621840089, "params": {"C": 15442.653385138216, "gamma": 0.017381055291075885}, "datetime": {"datetime": "2021-06-22 08:46:48", "elapsed": 599.597629, "delta": 3.050901}}
{"target": -10.127050131871782, "params": {"C": 10775.005462728766, "gamma": 0.05482594124768674}, "datetime": {"datetime": "2021-06-22 08:46:50", "elapsed": 602.265245, "delta": 2.667616}}
{"target": -9.996923119490097, "params": {"C": 11402.791112584504, "gamma": 0.03577798256711141}, "datetime": {"datetime": "2021-06-22 08:46:54", "elapsed": 605.744882, "delta": 3.479637}}
{"target": -10.12079392522912, "params": {"C": 8467.051485504184, "gamma": 0.03521206808522138}, "datetime": {"datetime": "2021-06-22 08:46:58", "elapsed": 610.376644, "delta": 4.631762}}
{"target": -10.807604366324371, "params": {"C": 9756.685637279297, "gamma": 0.009743585647964372}, "datetime": {"datetime": "2021-06-22 08:47:01", "elapsed": 613.066682, "delta": 2.690038}}
{"target": -10.701706311874604, "params": {"C": 9735.8091258978, "gamma": 0.011571855426815178}, "datetime": {"datetime": "2021-06-22 08:47:04", "elapsed": 616.104257, "delta": 3.037575}}
{"target": -10.585338634557012, "params": {"C": 9706.16140520776, "gamma": 0.014674265642806265}, "datetime": {"datetime": "2021-06-22 08:47:07", "elapsed": 618.60073, "delta": 2.496473}}
{"target": -10.517359625127865, "params": {"C": 13691.713373660103, "gamma": 0.014281291293662594}, "datetime": {"datetime": "2021-06-22 08:47:11", "elapsed": 622.788945, "delta": 4.188215}}
{"target": -10.0979980071436, "params": {"C": 15877.394704061442, "gamma": 0.05377090350223703}, "datetime": {"datetime": "2021-06-22 08:47:13", "elapsed": 625.551564, "delta": 2.762619}}
{"target": -10.582182007900483, "params": {"C": 12076.650544152248, "gamma": 0.013380393390064629}, "datetime": {"datetime": "2021-06-22 08:47:16", "elapsed": 628.017389, "delta": 2.465825}}
{"target": -10.328074237795592, "params": {"C": 12095.403137975416, "gamma": 0.020419066329534427}, "datetime": {"datetime": "2021-06-22 08:47:19", "elapsed": 630.643915, "delta": 2.626526}}
{"target": -9.957255305483145, "params": {"C": 13008.812814267814, "gamma": 0.04669138193992218}, "datetime": {"datetime": "2021-06-22 08:47:23", "elapsed": 634.713594, "delta": 4.069679}}
{"target": -10.021906032977967, "params": {"C": 13081.939000646484, "gamma": 0.02958539523423994}, "datetime": {"datetime": "2021-06-22 08:47:26", "elapsed": 638.010914, "delta": 3.29732}}
{"target": -10.762258072450075, "params": {"C": 13227.777968981121, "gamma": 0.009178357964771532}, "datetime": {"datetime": "2021-06-22 08:47:30", "elapsed": 641.592343, "delta": 3.581429}}
{"target": -10.025814281426925, "params": {"C": 13212.288345356737, "gamma": 0.029245424558460298}, "datetime": {"datetime": "2021-06-22 08:47:33", "elapsed": 644.607376, "delta": 3.015033}}
{"target": -10.122691102576733, "params": {"C": 13277.095486342216, "gamma": 0.025632377589843672}, "datetime": {"datetime": "2021-06-22 08:47:36", "elapsed": 648.520302, "delta": 3.912926}}
{"target": -10.115802376671509, "params": {"C": 8269.935871188587, "gamma": 0.038874850443690774}, "datetime": {"datetime": "2021-06-22 08:47:40", "elapsed": 652.305, "delta": 3.784698}}
{"target": -10.261418928879362, "params": {"C": 14882.39840329553, "gamma": 0.05894930146398942}, "datetime": {"datetime": "2021-06-22 08:47:44", "elapsed": 656.046969, "delta": 3.741969}}
{"target": -9.96166943472281, "params": {"C": 11947.3905012115, "gamma": 0.043493586623880164}, "datetime": {"datetime": "2021-06-22 08:47:47", "elapsed": 658.793764, "delta": 2.746795}}
{"target": -10.025608559716002, "params": {"C": 12512.439408891696, "gamma": 0.03019353482209773}, "datetime": {"datetime": "2021-06-22 08:47:49", "elapsed": 661.314101, "delta": 2.520337}}
{"target": -10.72155973478028, "params": {"C": 13937.437863918745, "gamma": 0.00954179166233085}, "datetime": {"datetime": "2021-06-22 08:47:52", "elapsed": 664.360077, "delta": 3.045976}}
