{"target": -11.02053319643141, "params": {"C": 1551.8129697017102, "gamma": 0.04153641058883436}, "datetime": {"datetime": "2021-06-22 00:26:44", "elapsed": 197.622764, "delta": 1.121623}}
{"target": -11.541118172811862, "params": {"C": 854.3662622748782, "gamma": 0.026297330752782733}, "datetime": {"datetime": "2021-06-22 00:26:45", "elapsed": 198.766598, "delta": 1.143834}}
{"target": -11.0795872189413, "params": {"C": 1459.8325019191352, "gamma": 0.04382925476875799}, "datetime": {"datetime": "2021-06-22 00:26:47", "elapsed": 199.953377, "delta": 1.186779}}
{"target": -11.670900523055227, "params": {"C": 1381.031594658983, "gamma": 0.0122469921612615}, "datetime": {"datetime": "2021-06-22 00:26:47", "elapsed": 200.853284, "delta": 0.899907}}
{"target": -11.093343482690106, "params": {"C": 1386.176224264486, "gamma": 0.03717541246197512}, "datetime": {"datetime": "2021-06-22 00:26:48", "elapsed": 201.799797, "delta": 0.946513}}
{"target": -11.458650598450788, "params": {"C": 914.5399368476087, "gamma": 0.026861134526959173}, "datetime": {"datetime": "2021-06-22 00:26:50", "elapsed": 203.432327, "delta": 1.63253}}
{"target": -11.027649961151937, "params": {"C": 1509.800824940335, "gamma": 0.030082675168763166}, "datetime": {"datetime": "2021-06-22 00:26:51", "elapsed": 204.346203, "delta": 0.913876}}
{"target": -11.353515053025932, "params": {"C": 1084.5846080836563, "gamma": 0.04588179357697793}, "datetime": {"datetime": "2021-06-22 00:26:52", "elapsed": 205.325981, "delta": 0.979778}}
{"target": -11.017994365044267, "params": {"C": 1528.8379069421867, "gamma": 0.03420373036738975}, "datetime": {"datetime": "2021-06-22 00:26:53", "elapsed": 206.601059, "delta": 1.275078}}
{"target": -10.940992913640853, "params": {"C": 1801.6443644885956, "gamma": 0.04941540968519538}, "datetime": {"datetime": "2021-06-22 00:26:54", "elapsed": 207.739008, "delta": 1.137949}}
{"target": -10.88803609371734, "params": {"C": 1862.9832092551646, "gamma": 0.031465709881478114}, "datetime": {"datetime": "2021-06-22 00:26:56", "elapsed": 209.03829, "delta": 1.299282}}
{"target": -12.39998691333262, "params": {"C": 835.9992685314737, "gamma": 0.009693432927707999}, "datetime": {"datetime": "2021-06-22 00:26:57", "elapsed": 210.012291, "delta": 0.974001}}
{"target": -11.932875035399878, "params": {"C": 1473.749346447282, "gamma": 0.009}, "datetime": {"datetime": "2021-06-22 00:26:58", "elapsed": 211.349291, "delta": 1.337}}
{"target": -11.409529331401135, "params": {"C": 926.8177773827899, "gamma": 0.030743997013151322}, "datetime": {"datetime": "2021-06-22 00:26:59", "elapsed": 212.801292, "delta": 1.452001}}
{"target": -10.931346648821307, "params": {"C": 1892.6055747170954, "gamma": 0.02507801526637144}, "datetime": {"datetime": "2021-06-22 00:27:01", "elapsed": 214.024288, "delta": 1.222996}}
{"target": -11.09846646378233, "params": {"C": 1375.8906494058483, "gamma": 0.03697033567479355}, "datetime": {"datetime": "2021-06-22 00:27:02", "elapsed": 214.957287, "delta": 0.932999}}
{"target": -12.294554747154876, "params": {"C": 1000.9215098027926, "gamma": 0.009034481256965021}, "datetime": {"datetime": "2021-06-22 00:27:03", "elapsed": 216.09129, "delta": 1.134003}}
{"target": -11.344429007989461, "params": {"C": 994.807075609405, "gamma": 0.030240709441830924}, "datetime": {"datetime": "2021-06-22 00:27:04", "elapsed": 217.199292, "delta": 1.108002}}
{"target": -11.037948094065678, "params": {"C": 1485.944421187146, "gamma": 0.034811960963119525}, "datetime": {"datetime": "2021-06-22 00:27:05", "elapsed": 218.424765, "delta": 1.225473}}
{"target": -11.081938710933732, "params": {"C": 1421.5936659624472, "gamma": 0.039595818192540114}, "datetime": {"datetime": "2021-06-22 00:27:06", "elapsed": 219.566684, "delta": 1.141919}}
{"target": -11.467186861066033, "params": {"C": 1042.3055305969583, "gamma": 0.021067224656910945}, "datetime": {"datetime": "2021-06-22 00:27:07", "elapsed": 220.458633, "delta": 0.891949}}
{"target": -11.49305114026486, "params": {"C": 1236.9460915378277, "gamma": 0.016503901411508506}, "datetime": {"datetime": "2021-06-22 00:27:08", "elapsed": 221.486838, "delta": 1.028205}}
{"target": -11.654444654648328, "params": {"C": 1336.4115152021004, "gamma": 0.012851503000183425}, "datetime": {"datetime": "2021-06-22 00:27:09", "elapsed": 222.792852, "delta": 1.306014}}
{"target": -11.004444626450946, "params": {"C": 1915.5963006760517, "gamma": 0.021114207101069128}, "datetime": {"datetime": "2021-06-22 00:27:10", "elapsed": 223.762795, "delta": 0.969943}}
{"target": -10.859940798200563, "params": {"C": 1929.177715240235, "gamma": 0.039968398228323765}, "datetime": {"datetime": "2021-06-22 00:27:11", "elapsed": 224.7908, "delta": 1.028005}}
{"target": -10.900620157620363, "params": {"C": 1827.0725302917958, "gamma": 0.04126958689750332}, "datetime": {"datetime": "2021-06-22 00:27:12", "elapsed": 225.792799, "delta": 1.001999}}
{"target": -11.059970025521777, "params": {"C": 1444.4519544979285, "gamma": 0.036450214525949105}, "datetime": {"datetime": "2021-06-22 00:27:13", "elapsed": 226.817798, "delta": 1.024999}}
{"target": -10.882361944687261, "params": {"C": 1969.9902002709473, "gamma": 0.02691388834653259}, "datetime": {"datetime": "2021-06-22 00:27:15", "elapsed": 228.002366, "delta": 1.184568}}
{"target": -11.15352553076335, "params": {"C": 1371.1142926451303, "gamma": 0.04754201594691993}, "datetime": {"datetime": "2021-06-22 00:27:16", "elapsed": 229.232259, "delta": 1.229893}}
{"target": -11.048072732191478, "params": {"C": 1672.5438627896401, "gamma": 0.022950568948875337}, "datetime": {"datetime": "2021-06-22 00:27:17", "elapsed": 230.34146, "delta": 1.109201}}
{"target": -11.052822780754479, "params": {"C": 1540.445696032818, "gamma": 0.047347824188992776}, "datetime": {"datetime": "2021-06-22 00:27:18", "elapsed": 231.645096, "delta": 1.303636}}
{"target": -11.117513316034358, "params": {"C": 1433.88349879226, "gamma": 0.04794954856496379}, "datetime": {"datetime": "2021-06-22 00:27:20", "elapsed": 233.073276, "delta": 1.42818}}
{"target": -11.463001228540257, "params": {"C": 1731.5976205498728, "gamma": 0.012542184742961569}, "datetime": {"datetime": "2021-06-22 00:27:21", "elapsed": 234.844291, "delta": 1.771015}}
{"target": -10.954340601903038, "params": {"C": 1727.7943010302852, "gamma": 0.027691353565249474}, "datetime": {"datetime": "2021-06-22 00:27:23", "elapsed": 236.001245, "delta": 1.156954}}
{"target": -11.580174666810573, "params": {"C": 906.5519103360862, "gamma": 0.022030126752083098}, "datetime": {"datetime": "2021-06-22 00:27:24", "elapsed": 237.140732, "delta": 1.139487}}
{"target": -12.188673135210347, "params": {"C": 1078.7310948960585, "gamma": 0.009303971094627165}, "datetime": {"datetime": "2021-06-22 00:27:25", "elapsed": 238.487731, "delta": 1.346999}}
{"target": -11.628979361108197, "params": {"C": 1036.7128410472158, "gamma": 0.01722691307407042}, "datetime": {"datetime": "2021-06-22 00:27:27", "elapsed": 239.927764, "delta": 1.440033}}
{"target": -10.913398923436826, "params": {"C": 1785.0302940421639, "gamma": 0.03818962885193443}, "datetime": {"datetime": "2021-06-22 00:27:29", "elapsed": 242.021628, "delta": 2.093864}}
{"target": -10.881952214773701, "params": {"C": 1907.6790136919303, "gamma": 0.045912149716985234}, "datetime": {"datetime": "2021-06-22 00:27:30", "elapsed": 243.39704, "delta": 1.375412}}
{"target": -11.19117372062409, "params": {"C": 1341.2070847846514, "gamma": 0.05}, "datetime": {"datetime": "2021-06-22 00:27:31", "elapsed": 244.759025, "delta": 1.361985}}
{"target": -10.83791284221755, "params": {"C": 1988.217729857889, "gamma": 0.03792456182914141}, "datetime": {"datetime": "2021-06-22 00:27:32", "elapsed": 245.85007, "delta": 1.091045}}
{"target": -11.305281758741726, "params": {"C": 1153.2774162575838, "gamma": 0.047165884776245295}, "datetime": {"datetime": "2021-06-22 00:27:34", "elapsed": 246.935012, "delta": 1.084942}}
{"target": -10.92050505735992, "params": {"C": 1766.4540977253623, "gamma": 0.0379809833407012}, "datetime": {"datetime": "2021-06-22 00:27:35", "elapsed": 248.587052, "delta": 1.65204}}
{"target": -11.386368144102843, "params": {"C": 1231.686594696924, "gamma": 0.018839896468628783}, "datetime": {"datetime": "2021-06-22 00:27:37", "elapsed": 250.014921, "delta": 1.427869}}
{"target": -10.893328112340154, "params": {"C": 1925.3463308704765, "gamma": 0.05}, "datetime": {"datetime": "2021-06-22 00:27:38", "elapsed": 251.184966, "delta": 1.170045}}
{"target": -11.270712057500136, "params": {"C": 1226.7701960571867, "gamma": 0.04993683528185478}, "datetime": {"datetime": "2021-06-22 00:27:39", "elapsed": 252.357683, "delta": 1.172717}}
{"target": -12.146506086973229, "params": {"C": 1031.3179400963102, "gamma": 0.010092300343869575}, "datetime": {"datetime": "2021-06-22 00:27:41", "elapsed": 254.539602, "delta": 2.181919}}
{"target": -11.77968237427111, "params": {"C": 1026.0507976575577, "gamma": 0.014708104115924396}, "datetime": {"datetime": "2021-06-22 00:27:43", "elapsed": 256.332165, "delta": 1.792563}}
{"target": -11.862088012110808, "params": {"C": 1358.2256305446153, "gamma": 0.010287139810227107}, "datetime": {"datetime": "2021-06-22 00:27:45", "elapsed": 258.030373, "delta": 1.698208}}
{"target": -11.297502980116574, "params": {"C": 1353.9254076436002, "gamma": 0.01926508226745296}, "datetime": {"datetime": "2021-06-22 00:27:46", "elapsed": 259.59421, "delta": 1.563837}}
{"target": -11.539205934949665, "params": {"C": 1409.8389786516832, "gamma": 0.013804289130311318}, "datetime": {"datetime": "2021-06-22 00:27:48", "elapsed": 261.201336, "delta": 1.607126}}
{"target": -11.380061164502466, "params": {"C": 972.0631665321646, "gamma": 0.028137608555283626}, "datetime": {"datetime": "2021-06-22 00:27:49", "elapsed": 262.633145, "delta": 1.431809}}
{"target": -11.261327713806786, "params": {"C": 1103.9976432369992, "gamma": 0.0286128985722328}, "datetime": {"datetime": "2021-06-22 00:27:51", "elapsed": 264.514411, "delta": 1.881266}}
{"target": -11.288881163748899, "params": {"C": 1887.7723947604136, "gamma": 0.014423104584991773}, "datetime": {"datetime": "2021-06-22 00:27:52", "elapsed": 265.676331, "delta": 1.16192}}
{"target": -11.097778551067892, "params": {"C": 1501.0836054833017, "gamma": 0.023959800592856646}, "datetime": {"datetime": "2021-06-22 00:27:54", "elapsed": 267.538899, "delta": 1.862568}}
{"target": -11.04937733253777, "params": {"C": 1590.30918581388, "gamma": 0.02464531351597412}, "datetime": {"datetime": "2021-06-22 00:27:55", "elapsed": 268.800224, "delta": 1.261325}}
{"target": -11.977193960122117, "params": {"C": 988.637374746334, "gamma": 0.01242482652821715}, "datetime": {"datetime": "2021-06-22 00:27:57", "elapsed": 270.034008, "delta": 1.233784}}
{"target": -11.362300456751342, "params": {"C": 1995.1975567044883, "gamma": 0.012698045887838509}, "datetime": {"datetime": "2021-06-22 00:27:58", "elapsed": 271.81067, "delta": 1.776662}}
{"target": -10.838074958114003, "params": {"C": 1991.7372620672131, "gamma": 0.03489532586447975}, "datetime": {"datetime": "2021-06-22 00:28:00", "elapsed": 273.493554, "delta": 1.682884}}
{"target": -10.977922694488127, "params": {"C": 1998.3666564109762, "gamma": 0.02116682473271531}, "datetime": {"datetime": "2021-06-22 00:28:02", "elapsed": 275.687222, "delta": 2.193668}}
{"target": -11.225963239628422, "params": {"C": 1216.9254398685653, "gamma": 0.04280970676832907}, "datetime": {"datetime": "2021-06-22 00:28:04", "elapsed": 277.59887, "delta": 1.911648}}
{"target": -11.091192557096448, "params": {"C": 1449.147781405446, "gamma": 0.04486845104029152}, "datetime": {"datetime": "2021-06-22 00:28:06", "elapsed": 279.710839, "delta": 2.111969}}
{"target": -11.139404474849394, "params": {"C": 1362.1236577451123, "gamma": 0.044201627282691766}, "datetime": {"datetime": "2021-06-22 00:28:08", "elapsed": 281.162004, "delta": 1.451165}}
{"target": -11.508430691297074, "params": {"C": 938.4791710880228, "gamma": 0.047164818897250424}, "datetime": {"datetime": "2021-06-22 00:28:09", "elapsed": 282.662963, "delta": 1.500959}}
{"target": -11.504175455254485, "params": {"C": 861.238503802904, "gamma": 0.028401241590470236}, "datetime": {"datetime": "2021-06-22 00:28:11", "elapsed": 284.390385, "delta": 1.727422}}
{"target": -10.99284813146659, "params": {"C": 1682.514780024038, "gamma": 0.04943020535891063}, "datetime": {"datetime": "2021-06-22 00:28:13", "elapsed": 286.869147, "delta": 2.478762}}
{"target": -10.922557827382578, "params": {"C": 1762.4614751044437, "gamma": 0.03273261341798764}, "datetime": {"datetime": "2021-06-22 00:28:16", "elapsed": 289.048096, "delta": 2.178949}}
{"target": -11.064367504960803, "params": {"C": 1900.4374006531893, "gamma": 0.019277172785649277}, "datetime": {"datetime": "2021-06-22 00:28:18", "elapsed": 291.292655, "delta": 2.244559}}
{"target": -10.870443517619117, "params": {"C": 1896.9154697063714, "gamma": 0.03615486440922909}, "datetime": {"datetime": "2021-06-22 00:28:19", "elapsed": 292.749695, "delta": 1.45704}}
{"target": -11.515452693121683, "params": {"C": 960.4820425104718, "gamma": 0.05}, "datetime": {"datetime": "2021-06-22 00:28:21", "elapsed": 294.152439, "delta": 1.402744}}
{"target": -10.948911356454856, "params": {"C": 1903.7463452665033, "gamma": 0.023887081331031346}, "datetime": {"datetime": "2021-06-22 00:28:22", "elapsed": 295.506915, "delta": 1.354476}}
{"target": -11.567796254994926, "params": {"C": 1745.8921557018625, "gamma": 0.011215955962609592}, "datetime": {"datetime": "2021-06-22 00:28:24", "elapsed": 297.204141, "delta": 1.697226}}
{"target": -10.930314910728915, "params": {"C": 1742.2824243400582, "gamma": 0.03266803605951853}, "datetime": {"datetime": "2021-06-22 00:28:25", "elapsed": 298.64409, "delta": 1.439949}}
{"target": -10.909346474370114, "params": {"C": 1796.5421409141684, "gamma": 0.03864262009107412}, "datetime": {"datetime": "2021-06-22 00:28:27", "elapsed": 300.259237, "delta": 1.615147}}
{"target": -11.54856490713592, "params": {"C": 920.7970442405367, "gamma": 0.04912729637243069}, "datetime": {"datetime": "2021-06-22 00:28:29", "elapsed": 302.666482, "delta": 2.407245}}
{"target": -10.991044605311536, "params": {"C": 1604.9978481895746, "gamma": 0.03971167699486497}, "datetime": {"datetime": "2021-06-22 00:28:32", "elapsed": 305.646973, "delta": 2.980491}}
{"target": -11.015700100220567, "params": {"C": 1533.278450172993, "gamma": 0.03342928904238999}, "datetime": {"datetime": "2021-06-22 00:28:34", "elapsed": 307.900001, "delta": 2.253028}}
{"target": -11.227358080880402, "params": {"C": 1148.479311476219, "gamma": 0.02913225727238767}, "datetime": {"datetime": "2021-06-22 00:28:37", "elapsed": 310.289037, "delta": 2.389036}}
{"target": -11.011587684395382, "params": {"C": 1748.9472379569138, "gamma": 0.02337291239749082}, "datetime": {"datetime": "2021-06-22 00:28:38", "elapsed": 311.920199, "delta": 1.631162}}
{"target": -11.463039845166524, "params": {"C": 944.0241301046816, "gamma": 0.04322493915974541}, "datetime": {"datetime": "2021-06-22 00:28:41", "elapsed": 314.042548, "delta": 2.122349}}
{"target": -10.96408909202553, "params": {"C": 1686.3091698170879, "gamma": 0.04301742162760174}, "datetime": {"datetime": "2021-06-22 00:28:42", "elapsed": 315.695863, "delta": 1.653315}}
{"target": -11.167984939220458, "params": {"C": 1330.5038854878871, "gamma": 0.045708092050331287}, "datetime": {"datetime": "2021-06-22 00:28:46", "elapsed": 318.975451, "delta": 3.279588}}
{"target": -11.036647212783759, "params": {"C": 1496.9532990719435, "gamma": 0.0374210872924216}, "datetime": {"datetime": "2021-06-22 00:28:48", "elapsed": 321.102752, "delta": 2.127301}}
{"target": -11.44792279078067, "params": {"C": 932.6848418064212, "gamma": 0.026182615646107035}, "datetime": {"datetime": "2021-06-22 00:28:51", "elapsed": 324.368339, "delta": 3.265587}}
{"target": -11.499788907720292, "params": {"C": 1517.2156570824918, "gamma": 0.013460854721708923}, "datetime": {"datetime": "2021-06-22 00:28:53", "elapsed": 325.987618, "delta": 1.619279}}
{"target": -12.310126231825587, "params": {"C": 897.9024937426532, "gamma": 0.009852716589268739}, "datetime": {"datetime": "2021-06-22 00:28:55", "elapsed": 328.100209, "delta": 2.112591}}
{"target": -11.445992405515232, "params": {"C": 892.6126767311193, "gamma": 0.032410693496975444}, "datetime": {"datetime": "2021-06-22 00:28:56", "elapsed": 329.840436, "delta": 1.740227}}
{"target": -11.402042973631882, "params": {"C": 1734.919643930665, "gamma": 0.013398092633619262}, "datetime": {"datetime": "2021-06-22 00:28:58", "elapsed": 331.86859, "delta": 2.028154}}
{"target": -11.189951063441447, "params": {"C": 1222.0148902333249, "gamma": 0.03672984467246428}, "datetime": {"datetime": "2021-06-22 00:29:01", "elapsed": 333.941013, "delta": 2.072423}}
{"target": -10.996094756740693, "params": {"C": 1809.5156427227407, "gamma": 0.023072943358660225}, "datetime": {"datetime": "2021-06-22 00:29:03", "elapsed": 336.083548, "delta": 2.142535}}
{"target": -11.762324785324703, "params": {"C": 1096.5106872272245, "gamma": 0.01396853612593977}, "datetime": {"datetime": "2021-06-22 00:29:04", "elapsed": 337.735429, "delta": 1.651881}}
{"target": -11.706601796196015, "params": {"C": 1831.0507450118212, "gamma": 0.00940977266305471}, "datetime": {"datetime": "2021-06-22 00:29:06", "elapsed": 339.866613, "delta": 2.131184}}
{"target": -10.918373798021493, "params": {"C": 1834.7863566125607, "gamma": 0.04760817590400711}, "datetime": {"datetime": "2021-06-22 00:29:09", "elapsed": 342.915951, "delta": 3.049338}}
{"target": -10.95214293684937, "params": {"C": 1911.1296371004378, "gamma": 0.02358618215512439}, "datetime": {"datetime": "2021-06-22 00:29:11", "elapsed": 344.685474, "delta": 1.769523}}
{"target": -10.930999338355955, "params": {"C": 1776.6875848979844, "gamma": 0.045074979107062825}, "datetime": {"datetime": "2021-06-22 00:29:13", "elapsed": 346.240245, "delta": 1.554771}}
{"target": -11.139644719271988, "params": {"C": 1416.7341436383808, "gamma": 0.049652689627393394}, "datetime": {"datetime": "2021-06-22 00:29:15", "elapsed": 348.722594, "delta": 2.482349}}
{"target": -11.103967911139252, "params": {"C": 1349.514003706665, "gamma": 0.029397472432153196}, "datetime": {"datetime": "2021-06-22 00:29:17", "elapsed": 350.380153, "delta": 1.657559}}
{"target": -11.149875725230936, "params": {"C": 1717.9626101475942, "gamma": 0.018760417403113117}, "datetime": {"datetime": "2021-06-22 00:29:19", "elapsed": 352.564485, "delta": 2.184332}}
{"target": -11.29296238213059, "params": {"C": 1714.656075576143, "gamma": 0.015486970599377363}, "datetime": {"datetime": "2021-06-22 00:29:21", "elapsed": 354.701913, "delta": 2.137428}}
{"target": -11.946219076249767, "params": {"C": 1212.293424474971, "gamma": 0.010524077141107849}, "datetime": {"datetime": "2021-06-22 00:29:25", "elapsed": 358.075302, "delta": 3.373389}}
{"target": -11.387083003481601, "params": {"C": 1208.129268347175, "gamma": 0.019274236813345266}, "datetime": {"datetime": "2021-06-22 00:29:26", "elapsed": 359.749067, "delta": 1.673765}}
{"target": -10.968441628593995, "params": {"C": 1652.4784306895049, "gamma": 0.038766990498058394}, "datetime": {"datetime": "2021-06-22 00:29:29", "elapsed": 362.709139, "delta": 2.960072}}
{"target": -10.873038647751528, "params": {"C": 1919.9129740848812, "gamma": 0.044901751245284977}, "datetime": {"datetime": "2021-06-22 00:29:31", "elapsed": 364.347796, "delta": 1.638657}}
{"target": -11.47398407666918, "params": {"C": 1021.1120671619327, "gamma": 0.021484606051510348}, "datetime": {"datetime": "2021-06-22 00:29:33", "elapsed": 366.447906, "delta": 2.10011}}
{"target": -11.408433138745854, "params": {"C": 949.809347407017, "gamma": 0.037091126262237616}, "datetime": {"datetime": "2021-06-22 00:29:35", "elapsed": 368.419105, "delta": 1.971199}}
{"target": -11.232509294557095, "params": {"C": 1942.1390408770026, "gamma": 0.01511062435706114}, "datetime": {"datetime": "2021-06-22 00:29:38", "elapsed": 371.270794, "delta": 2.851689}}
{"target": -10.863584646991258, "params": {"C": 1939.2845537048988, "gamma": 0.04421608178055016}, "datetime": {"datetime": "2021-06-22 00:29:40", "elapsed": 372.934988, "delta": 1.664194}}
{"target": -11.144426341753757, "params": {"C": 1305.465398543374, "gamma": 0.038254574822007}, "datetime": {"datetime": "2021-06-22 00:29:41", "elapsed": 374.86328, "delta": 1.928292}}
{"target": -11.730361143363181, "params": {"C": 1138.5744625707405, "gamma": 0.013907706147969351}, "datetime": {"datetime": "2021-06-22 00:29:44", "elapsed": 377.325643, "delta": 2.462363}}
{"target": -11.292019144187911, "params": {"C": 1142.6798942554078, "gamma": 0.02390023898624586}, "datetime": {"datetime": "2021-06-22 00:29:46", "elapsed": 379.08074, "delta": 1.755097}}
{"target": -11.193432007597384, "params": {"C": 1203.8430161174601, "gamma": 0.028782902325447633}, "datetime": {"datetime": "2021-06-22 00:29:48", "elapsed": 381.265065, "delta": 2.184325}}
{"target": -11.391142130177355, "params": {"C": 1559.754916668489, "gamma": 0.014861025304635345}, "datetime": {"datetime": "2021-06-22 00:29:50", "elapsed": 382.928751, "delta": 1.663686}}
{"target": -11.320117849679773, "params": {"C": 1556.389925677819, "gamma": 0.016298949649155375}, "datetime": {"datetime": "2021-06-22 00:29:51", "elapsed": 384.740484, "delta": 1.811733}}
{"target": -11.067520036340502, "params": {"C": 1544.55263120083, "gamma": 0.05}, "datetime": {"datetime": "2021-06-22 00:29:53", "elapsed": 386.580719, "delta": 1.840235}}
{"target": -11.216117958649804, "params": {"C": 1323.391650314255, "gamma": 0.022401062879225518}, "datetime": {"datetime": "2021-06-22 00:29:56", "elapsed": 389.287322, "delta": 2.706603}}
{"target": -11.269925701833014, "params": {"C": 1314.5250758988598, "gamma": 0.020690739715938447}, "datetime": {"datetime": "2021-06-22 00:29:59", "elapsed": 392.291876, "delta": 3.004554}}
