{"target": -9.658687675428856, "params": {"C": 28628.907957339463, "gamma": 0.030718237201755778}, "datetime": {"datetime": "2021-06-22 09:53:11", "elapsed": 14.362826, "delta": 0.399062}}
{"target": -9.723731149793505, "params": {"C": 28372.117712754596, "gamma": 0.028}, "datetime": {"datetime": "2021-06-22 09:53:12", "elapsed": 14.732835, "delta": 0.370009}}
{"target": -9.685409654779347, "params": {"C": 32234.065581545423, "gamma": 0.029097785701853503}, "datetime": {"datetime": "2021-06-22 09:53:12", "elapsed": 15.081703, "delta": 0.348868}}
{"target": -9.636445470501545, "params": {"C": 28120.14855610086, "gamma": 0.035040393573887815}, "datetime": {"datetime": "2021-06-22 09:53:12", "elapsed": 15.450072, "delta": 0.368369}}
{"target": -9.678094551121765, "params": {"C": 30127.696602558433, "gamma": 0.04}, "datetime": {"datetime": "2021-06-22 09:53:13", "elapsed": 15.835203, "delta": 0.385131}}
{"target": -9.715890544079945, "params": {"C": 31024.103543990215, "gamma": 0.028}, "datetime": {"datetime": "2021-06-22 09:53:13", "elapsed": 16.220044, "delta": 0.384841}}
{"target": -9.602378112204741, "params": {"C": 34896.11539784745, "gamma": 0.03391063699830883}, "datetime": {"datetime": "2021-06-22 09:53:14", "elapsed": 16.683421, "delta": 0.463377}}
{"target": -9.608275633417374, "params": {"C": 30347.907968059884, "gamma": 0.03417156007107064}, "datetime": {"datetime": "2021-06-22 09:53:14", "elapsed": 17.037491, "delta": 0.35407}}
{"target": -9.650241571141194, "params": {"C": 33998.828309358956, "gamma": 0.030245616432901957}, "datetime": {"datetime": "2021-06-22 09:53:15", "elapsed": 17.482275, "delta": 0.444784}}
{"target": -9.61905929735697, "params": {"C": 29919.652261905663, "gamma": 0.032242916008629025}, "datetime": {"datetime": "2021-06-22 09:53:15", "elapsed": 17.856512, "delta": 0.374237}}
{"target": -9.623123912787088, "params": {"C": 34697.18963584301, "gamma": 0.03157902643799906}, "datetime": {"datetime": "2021-06-22 09:53:15", "elapsed": 18.340686, "delta": 0.484174}}
{"target": -9.619402193284603, "params": {"C": 29732.45944416248, "gamma": 0.03564637909765393}, "datetime": {"datetime": "2021-06-22 09:53:16", "elapsed": 18.75968, "delta": 0.418994}}
{"target": -9.590354015927423, "params": {"C": 33264.61939366766, "gamma": 0.034984370797142825}, "datetime": {"datetime": "2021-06-22 09:53:16", "elapsed": 19.167735, "delta": 0.408055}}
{"target": -9.715610878056232, "params": {"C": 31224.960254084937, "gamma": 0.028014693886857137}, "datetime": {"datetime": "2021-06-22 09:53:17", "elapsed": 19.580577, "delta": 0.412842}}
{"target": -9.660941789337596, "params": {"C": 32908.24636680383, "gamma": 0.03961792136086833}, "datetime": {"datetime": "2021-06-22 09:53:17", "elapsed": 20.014964, "delta": 0.434387}}
{"target": -9.610781647819486, "params": {"C": 33071.37611326064, "gamma": 0.032450859301501066}, "datetime": {"datetime": "2021-06-22 09:53:18", "elapsed": 20.468603, "delta": 0.453639}}
{"target": -9.621437413497878, "params": {"C": 34183.827937798735, "gamma": 0.0383014865537585}, "datetime": {"datetime": "2021-06-22 09:53:18", "elapsed": 20.844546, "delta": 0.375943}}
{"target": -9.61088075480978, "params": {"C": 34520.301024961125, "gamma": 0.037815770714868566}, "datetime": {"datetime": "2021-06-22 09:53:18", "elapsed": 21.298819, "delta": 0.454273}}
{"target": -9.639601998146595, "params": {"C": 29389.22041373545, "gamma": 0.0374555280080001}, "datetime": {"datetime": "2021-06-22 09:53:19", "elapsed": 21.677511, "delta": 0.378692}}
{"target": -9.619928854699118, "params": {"C": 31701.997924211326, "gamma": 0.03725284421416969}, "datetime": {"datetime": "2021-06-22 09:53:19", "elapsed": 22.095876, "delta": 0.418365}}
{"target": -9.631142054120657, "params": {"C": 29558.14933453312, "gamma": 0.031738247570033275}, "datetime": {"datetime": "2021-06-22 09:53:20", "elapsed": 22.473792, "delta": 0.377916}}
{"target": -9.675610874069108, "params": {"C": 31394.082488613876, "gamma": 0.04}, "datetime": {"datetime": "2021-06-22 09:53:20", "elapsed": 22.865116, "delta": 0.391324}}
{"target": -9.665683170785472, "params": {"C": 34353.028105811296, "gamma": 0.029724102458515443}, "datetime": {"datetime": "2021-06-22 09:53:20", "elapsed": 23.281075, "delta": 0.415959}}
{"target": -9.67649711273453, "params": {"C": 30697.64502766647, "gamma": 0.039982626265056304}, "datetime": {"datetime": "2021-06-22 09:53:21", "elapsed": 23.806872, "delta": 0.525797}}
{"target": -9.71472574651402, "params": {"C": 32434.11305047746, "gamma": 0.02806465722639511}, "datetime": {"datetime": "2021-06-22 09:53:21", "elapsed": 24.293502, "delta": 0.48663}}
{"target": -9.608095119221337, "params": {"C": 32025.661052826687, "gamma": 0.03247285801249548}, "datetime": {"datetime": "2021-06-22 09:53:22", "elapsed": 24.735779, "delta": 0.442277}}
{"target": -9.606299377555953, "params": {"C": 30529.907839437776, "gamma": 0.034348692870756314}, "datetime": {"datetime": "2021-06-22 09:53:22", "elapsed": 25.18631, "delta": 0.450531}}
{"target": -9.673060392133598, "params": {"C": 32594.946373931365, "gamma": 0.04}, "datetime": {"datetime": "2021-06-22 09:53:23", "elapsed": 25.656308, "delta": 0.469998}}
{"target": -9.601510824265763, "params": {"C": 31547.413866467894, "gamma": 0.035943215040099064}, "datetime": {"datetime": "2021-06-22 09:53:23", "elapsed": 26.169167, "delta": 0.512859}}
{"target": -9.597586032583342, "params": {"C": 31862.58048063266, "gamma": 0.035830366976737596}, "datetime": {"datetime": "2021-06-22 09:53:24", "elapsed": 26.668938, "delta": 0.499771}}
{"target": -9.6708777712242, "params": {"C": 33567.22433266868, "gamma": 0.04}, "datetime": {"datetime": "2021-06-22 09:53:24", "elapsed": 27.214246, "delta": 0.545308}}
{"target": -9.676707441308004, "params": {"C": 30849.320117872943, "gamma": 0.04}, "datetime": {"datetime": "2021-06-22 09:53:25", "elapsed": 27.804721, "delta": 0.590475}}
{"target": -9.60674109253769, "params": {"C": 32741.934661661173, "gamma": 0.036882387000337524}, "datetime": {"datetime": "2021-06-22 09:53:25", "elapsed": 28.40348, "delta": 0.598759}}
{"target": -9.635710224854925, "params": {"C": 29098.524337632807, "gamma": 0.03191982942736866}, "datetime": {"datetime": "2021-06-22 09:53:26", "elapsed": 28.91947, "delta": 0.51599}}
{"target": -9.59812697526852, "params": {"C": 33833.86956377631, "gamma": 0.036409402178670294}, "datetime": {"datetime": "2021-06-22 09:53:26", "elapsed": 29.429492, "delta": 0.510022}}
{"target": -9.7046341188251, "params": {"C": 33425.89960495229, "gamma": 0.028422059848102595}, "datetime": {"datetime": "2021-06-22 09:53:27", "elapsed": 30.074368, "delta": 0.644876}}
{"target": -9.685886674373855, "params": {"C": 28822.530242549976, "gamma": 0.04}, "datetime": {"datetime": "2021-06-22 09:53:28", "elapsed": 30.616379, "delta": 0.542011}}
{"target": -9.63329117926991, "params": {"C": 28563.671361285673, "gamma": 0.035649673314295076}, "datetime": {"datetime": "2021-06-22 09:53:28", "elapsed": 31.28803, "delta": 0.671651}}
{"target": -9.627506588570501, "params": {"C": 29237.12632141916, "gamma": 0.03620863913115424}, "datetime": {"datetime": "2021-06-22 09:53:29", "elapsed": 31.811022, "delta": 0.522992}}
{"target": -9.619046829247933, "params": {"C": 33701.674013377116, "gamma": 0.03798968774846456}, "datetime": {"datetime": "2021-06-22 09:53:29", "elapsed": 32.318978, "delta": 0.507956}}
{"target": -9.690975852199983, "params": {"C": 28059.848133680665, "gamma": 0.04}, "datetime": {"datetime": "2021-06-22 09:53:30", "elapsed": 32.874595, "delta": 0.555617}}
{"target": -9.664349241721466, "params": {"C": 28958.000370975587, "gamma": 0.03024054282555247}, "datetime": {"datetime": "2021-06-22 09:53:31", "elapsed": 33.484689, "delta": 0.610094}}
{"target": -9.634830494926161, "params": {"C": 28307.286392408336, "gamma": 0.03523074625388415}, "datetime": {"datetime": "2021-06-22 09:53:31", "elapsed": 34.21011, "delta": 0.725421}}
{"target": -9.606346948678874, "params": {"C": 32294.112716845157, "gamma": 0.036640700445544516}, "datetime": {"datetime": "2021-06-22 09:53:32", "elapsed": 34.752114, "delta": 0.542004}}
{"target": -9.686746241889923, "params": {"C": 28694.487133803155, "gamma": 0.04}, "datetime": {"datetime": "2021-06-22 09:53:33", "elapsed": 35.459794, "delta": 0.70768}}
{"target": -9.611658687569237, "params": {"C": 30070.50996710534, "gamma": 0.03421156420816253}, "datetime": {"datetime": "2021-06-22 09:53:33", "elapsed": 35.962378, "delta": 0.502584}}
{"target": -9.672114549953788, "params": {"C": 33021.604334079464, "gamma": 0.04}, "datetime": {"datetime": "2021-06-22 09:53:34", "elapsed": 36.580221, "delta": 0.617843}}
{"target": -9.600410791498794, "params": {"C": 34948.61435563434, "gamma": 0.03476959287188987}, "datetime": {"datetime": "2021-06-22 09:53:34", "elapsed": 37.193131, "delta": 0.61291}}
{"target": -9.726599756875572, "params": {"C": 28178.51148481723, "gamma": 0.028}, "datetime": {"datetime": "2021-06-22 09:53:35", "elapsed": 37.795132, "delta": 0.602001}}
{"target": -9.648372965754133, "params": {"C": 28437.10308717687, "gamma": 0.03170943908333319}, "datetime": {"datetime": "2021-06-22 09:53:35", "elapsed": 38.358282, "delta": 0.56315}}
{"target": -9.617156493625638, "params": {"C": 30297.44850858736, "gamma": 0.031944671841505325}, "datetime": {"datetime": "2021-06-22 09:53:36", "elapsed": 39.116821, "delta": 0.758539}}
{"target": -9.619993355391465, "params": {"C": 32170.371984227328, "gamma": 0.03747381826457568}, "datetime": {"datetime": "2021-06-22 09:53:37", "elapsed": 39.710826, "delta": 0.594005}}
{"target": -9.601816064518047, "params": {"C": 33122.60363321398, "gamma": 0.036741506906865645}, "datetime": {"datetime": "2021-06-22 09:53:37", "elapsed": 40.285671, "delta": 0.574845}}
{"target": -9.652681581109118, "params": {"C": 30970.602344876155, "gamma": 0.030250651002897318}, "datetime": {"datetime": "2021-06-22 09:53:38", "elapsed": 41.01828, "delta": 0.732609}}
{"target": -9.595770496291216, "params": {"C": 32872.75841030258, "gamma": 0.0340933048178732}, "datetime": {"datetime": "2021-06-22 09:53:39", "elapsed": 41.707769, "delta": 0.689489}}
{"target": -9.609592020952775, "params": {"C": 30186.08772236776, "gamma": 0.03335500177829713}, "datetime": {"datetime": "2021-06-22 09:53:40", "elapsed": 42.505326, "delta": 0.797557}}
{"target": -9.59879818265352, "params": {"C": 34842.82432423601, "gamma": 0.034381159869911}, "datetime": {"datetime": "2021-06-22 09:53:40", "elapsed": 43.088353, "delta": 0.583027}}
{"target": -9.621131628667946, "params": {"C": 30400.909663780356, "gamma": 0.03671951351461844}, "datetime": {"datetime": "2021-06-22 09:53:41", "elapsed": 43.671354, "delta": 0.583001}}
{"target": -9.715925856690411, "params": {"C": 31080.949499324124, "gamma": 0.028}, "datetime": {"datetime": "2021-06-22 09:53:41", "elapsed": 44.385316, "delta": 0.713962}}
{"target": -9.5974392327313, "params": {"C": 34046.903261418134, "gamma": 0.0342721805515851}, "datetime": {"datetime": "2021-06-22 09:53:42", "elapsed": 45.075542, "delta": 0.690226}}
{"target": -9.622809166530855, "params": {"C": 29779.69429322491, "gamma": 0.03653693176126062}, "datetime": {"datetime": "2021-06-22 09:53:43", "elapsed": 45.700141, "delta": 0.624599}}
{"target": -9.591113455204534, "params": {"C": 33308.55325108788, "gamma": 0.034892658738267274}, "datetime": {"datetime": "2021-06-22 09:53:43", "elapsed": 46.390773, "delta": 0.690632}}
{"target": -9.615663242267859, "params": {"C": 34742.70632212562, "gamma": 0.03817265626589965}, "datetime": {"datetime": "2021-06-22 09:53:44", "elapsed": 47.094669, "delta": 0.703896}}
{"target": -9.710477892871134, "params": {"C": 29964.55158515397, "gamma": 0.028172617824661204}, "datetime": {"datetime": "2021-06-22 09:53:45", "elapsed": 47.800081, "delta": 0.705412}}
{"target": -9.610680222785387, "params": {"C": 34563.009166877644, "gamma": 0.037819888376676165}, "datetime": {"datetime": "2021-06-22 09:53:45", "elapsed": 48.444323, "delta": 0.644242}}
{"target": -9.652896095233238, "params": {"C": 34227.88003284093, "gamma": 0.039457314850914964}, "datetime": {"datetime": "2021-06-22 09:53:46", "elapsed": 49.229966, "delta": 0.785643}}
{"target": -9.641651880933251, "params": {"C": 31271.312138986894, "gamma": 0.03840325711546755}, "datetime": {"datetime": "2021-06-22 09:53:47", "elapsed": 50.070431, "delta": 0.840465}}
{"target": -9.618683479648736, "params": {"C": 29684.29573588332, "gamma": 0.035282202171802064}, "datetime": {"datetime": "2021-06-22 09:53:48", "elapsed": 50.832738, "delta": 0.762307}}
{"target": -9.626803933307382, "params": {"C": 29874.522005552655, "gamma": 0.03685122785996256}, "datetime": {"datetime": "2021-06-22 09:53:49", "elapsed": 51.649912, "delta": 0.817174}}
{"target": -9.648582460623569, "params": {"C": 33948.75592117511, "gamma": 0.03929022150974887}, "datetime": {"datetime": "2021-06-22 09:53:49", "elapsed": 52.448045, "delta": 0.798133}}
{"target": -9.589498103332375, "params": {"C": 32638.266571803168, "gamma": 0.03485584230153638}, "datetime": {"datetime": "2021-06-22 09:53:50", "elapsed": 53.266642, "delta": 0.818597}}
{"target": -9.637873368675505, "params": {"C": 29432.223583761566, "gamma": 0.03736642583131193}, "datetime": {"datetime": "2021-06-22 09:53:51", "elapsed": 53.93536, "delta": 0.668718}}
{"target": -9.599200853579745, "params": {"C": 34475.2929429442, "gamma": 0.03418423418870297}, "datetime": {"datetime": "2021-06-22 09:53:52", "elapsed": 54.704804, "delta": 0.769444}}
{"target": -9.660641759005298, "params": {"C": 30570.5985986209, "gamma": 0.03922194268010048}, "datetime": {"datetime": "2021-06-22 09:53:53", "elapsed": 55.606462, "delta": 0.901658}}
{"target": -9.613975443446497, "params": {"C": 34139.990639609474, "gamma": 0.037855486279442435}, "datetime": {"datetime": "2021-06-22 09:53:54", "elapsed": 56.463901, "delta": 0.857439}}
{"target": -9.650858222604313, "params": {"C": 31662.728616168297, "gamma": 0.039048540551612894}, "datetime": {"datetime": "2021-06-22 09:53:54", "elapsed": 57.327509, "delta": 0.863608}}
{"target": -9.621278397142625, "params": {"C": 34652.89557446038, "gamma": 0.03172643963133056}, "datetime": {"datetime": "2021-06-22 09:53:55", "elapsed": 58.108056, "delta": 0.780547}}
{"target": -9.68289839875151, "params": {"C": 31988.212605113196, "gamma": 0.029187298747229633}, "datetime": {"datetime": "2021-06-22 09:53:56", "elapsed": 59.089715, "delta": 0.981659}}
{"target": -9.715700852954916, "params": {"C": 30739.12698936316, "gamma": 0.028}, "datetime": {"datetime": "2021-06-22 09:53:57", "elapsed": 59.962713, "delta": 0.872998}}
{"target": -9.616965583693457, "params": {"C": 34311.14184142964, "gamma": 0.03209585705373465}, "datetime": {"datetime": "2021-06-22 09:53:58", "elapsed": 60.646131, "delta": 0.683418}}
{"target": -9.616653752789647, "params": {"C": 29598.06770514473, "gamma": 0.033499429945403385}, "datetime": {"datetime": "2021-06-22 09:53:58", "elapsed": 61.447238, "delta": 0.801107}}
{"target": -9.67305516240986, "params": {"C": 31509.16802587049, "gamma": 0.029535030574089998}, "datetime": {"datetime": "2021-06-22 09:53:59", "elapsed": 62.197136, "delta": 0.749898}}
{"target": -9.635084294129745, "params": {"C": 33222.744749237885, "gamma": 0.03871768334214522}, "datetime": {"datetime": "2021-06-22 09:54:00", "elapsed": 63.125509, "delta": 0.928373}}
{"target": -9.696497131230695, "params": {"C": 31825.247475731125, "gamma": 0.02870990977420182}, "datetime": {"datetime": "2021-06-22 09:54:01", "elapsed": 63.993612, "delta": 0.868103}}
{"target": -9.635064569396427, "params": {"C": 29344.487763837104, "gamma": 0.03715021698311676}, "datetime": {"datetime": "2021-06-22 09:54:02", "elapsed": 64.902201, "delta": 0.908589}}
{"target": -9.609365628707598, "params": {"C": 32770.74631056987, "gamma": 0.03252602948761972}, "datetime": {"datetime": "2021-06-22 09:54:03", "elapsed": 65.561765, "delta": 0.659564}}
{"target": -9.716126907618674, "params": {"C": 31434.134181914505, "gamma": 0.028}, "datetime": {"datetime": "2021-06-22 09:54:03", "elapsed": 66.322619, "delta": 0.760854}}
{"target": -9.609003383369183, "params": {"C": 31743.429297321236, "gamma": 0.03655098326682414}, "datetime": {"datetime": "2021-06-22 09:54:04", "elapsed": 67.140314, "delta": 0.817695}}
{"target": -9.604070934578699, "params": {"C": 31584.704706703007, "gamma": 0.0327819961161626}, "datetime": {"datetime": "2021-06-22 09:54:05", "elapsed": 67.951128, "delta": 0.810814}}
{"target": -9.637500861071404, "params": {"C": 31352.653478460954, "gamma": 0.038189815622771586}, "datetime": {"datetime": "2021-06-22 09:54:06", "elapsed": 68.790758, "delta": 0.83963}}
{"target": -9.676053116121826, "params": {"C": 31176.78632155935, "gamma": 0.04}, "datetime": {"datetime": "2021-06-22 09:54:07", "elapsed": 69.486421, "delta": 0.695663}}
{"target": -9.606827531217986, "params": {"C": 30489.791141032143, "gamma": 0.03261564760777918}, "datetime": {"datetime": "2021-06-22 09:54:07", "elapsed": 70.335173, "delta": 0.848752}}
{"target": -9.593168650965273, "params": {"C": 32475.321457559396, "gamma": 0.035835989590637635}, "datetime": {"datetime": "2021-06-22 09:54:08", "elapsed": 71.245233, "delta": 0.91006}}
{"target": -9.632597666112027, "params": {"C": 31899.06488189393, "gamma": 0.031076916915452016}, "datetime": {"datetime": "2021-06-22 09:54:09", "elapsed": 72.225681, "delta": 0.980448}}
{"target": -9.65132962725404, "params": {"C": 32065.13995199301, "gamma": 0.03027117847332594}, "datetime": {"datetime": "2021-06-22 09:54:10", "elapsed": 73.262052, "delta": 1.036371}}
{"target": -9.61803506745805, "params": {"C": 29516.94433668739, "gamma": 0.03293753687349389}, "datetime": {"datetime": "2021-06-22 09:54:11", "elapsed": 74.164676, "delta": 0.902624}}
{"target": -9.612915084561886, "params": {"C": 30811.750846126346, "gamma": 0.03208464961584214}, "datetime": {"datetime": "2021-06-22 09:54:12", "elapsed": 75.09828, "delta": 0.933604}}
{"target": -9.669504952229657, "params": {"C": 33801.430599596606, "gamma": 0.029612520274964152}, "datetime": {"datetime": "2021-06-22 09:54:13", "elapsed": 76.301069, "delta": 1.202789}}
{"target": -9.639454673857504, "params": {"C": 33734.65093777693, "gamma": 0.03073287741178218}, "datetime": {"datetime": "2021-06-22 09:54:14", "elapsed": 77.163791, "delta": 0.862722}}
{"target": -9.620340854649918, "params": {"C": 34394.97092610167, "gamma": 0.0383146091922163}, "datetime": {"datetime": "2021-06-22 09:54:15", "elapsed": 78.226921, "delta": 1.06313}}
{"target": -9.634333353473144, "params": {"C": 29132.84406353183, "gamma": 0.031986069865137315}, "datetime": {"datetime": "2021-06-22 09:54:16", "elapsed": 79.372073, "delta": 1.145152}}
{"target": -9.606336641869195, "params": {"C": 30658.009757244396, "gamma": 0.03243814108344113}, "datetime": {"datetime": "2021-06-22 09:54:17", "elapsed": 80.314295, "delta": 0.942222}}
{"target": -9.609267843532336, "params": {"C": 33866.5051501155, "gamma": 0.03279840861094748}, "datetime": {"datetime": "2021-06-22 09:54:19", "elapsed": 81.558894, "delta": 1.244599}}
{"target": -9.671283738091299, "params": {"C": 32941.17987414076, "gamma": 0.02957282493366648}, "datetime": {"datetime": "2021-06-22 09:54:20", "elapsed": 82.451551, "delta": 0.892657}}
{"target": -9.713834530151171, "params": {"C": 33530.80079837427, "gamma": 0.028101293970042837}, "datetime": {"datetime": "2021-06-22 09:54:20", "elapsed": 83.387376, "delta": 0.935825}}
{"target": -9.59183747304765, "params": {"C": 32324.134551669362, "gamma": 0.03439637120251067}, "datetime": {"datetime": "2021-06-22 09:54:22", "elapsed": 84.616311, "delta": 1.228935}}
{"target": -9.634028066688165, "params": {"C": 28595.82788542358, "gamma": 0.035940274455927505}, "datetime": {"datetime": "2021-06-22 09:54:23", "elapsed": 85.889081, "delta": 1.27277}}
{"target": -9.596580305555731, "params": {"C": 33667.73663394515, "gamma": 0.03424678826725333}, "datetime": {"datetime": "2021-06-22 09:54:24", "elapsed": 87.07963, "delta": 1.190549}}
{"target": -9.708348496660072, "params": {"C": 33462.090952688595, "gamma": 0.02829280737796964}, "datetime": {"datetime": "2021-06-22 09:54:25", "elapsed": 88.089205, "delta": 1.009575}}
{"target": -9.622349588391346, "params": {"C": 29269.433962863026, "gamma": 0.034893450991014194}, "datetime": {"datetime": "2021-06-22 09:54:26", "elapsed": 89.111455, "delta": 1.02225}}
{"target": -9.681195989423758, "params": {"C": 28924.58260236987, "gamma": 0.029510848373292625}, "datetime": {"datetime": "2021-06-22 09:54:27", "elapsed": 90.304175, "delta": 1.19272}}
{"target": -9.612172805971248, "params": {"C": 30042.391906603345, "gamma": 0.03435064780835354}, "datetime": {"datetime": "2021-06-22 09:54:28", "elapsed": 91.366819, "delta": 1.062644}}
{"target": -9.677254192340511, "params": {"C": 28788.169488172854, "gamma": 0.02977380544850002}, "datetime": {"datetime": "2021-06-22 09:54:29", "elapsed": 92.322691, "delta": 0.955872}}
{"target": -9.685710922522354, "params": {"C": 28278.070763001855, "gamma": 0.03977709909297554}, "datetime": {"datetime": "2021-06-22 09:54:30", "elapsed": 93.258282, "delta": 0.935591}}
{"target": -9.599001595889405, "params": {"C": 33602.193783073904, "gamma": 0.03392407229280874}, "datetime": {"datetime": "2021-06-22 09:54:32", "elapsed": 94.550879, "delta": 1.292597}}
{"target": -9.627920099339308, "params": {"C": 32855.87212600197, "gamma": 0.038193013101674604}, "datetime": {"datetime": "2021-06-22 09:54:33", "elapsed": 95.742878, "delta": 1.191999}}
{"target": -9.606092787550613, "params": {"C": 32554.183594620954, "gamma": 0.0328143192118954}, "datetime": {"datetime": "2021-06-22 09:54:34", "elapsed": 96.861878, "delta": 1.119}}
{"target": -9.714622702433191, "params": {"C": 29062.000599544084, "gamma": 0.028}, "datetime": {"datetime": "2021-06-22 09:54:35", "elapsed": 97.992879, "delta": 1.131001}}
