{"target": -10.63267033583712, "params": {"C": 3174.9082118174438, "gamma": 0.02754785963616562}, "datetime": {"datetime": "2021-06-22 07:45:24", "elapsed": 408.914905, "delta": 3.209232}}
{"target": -10.481400426238691, "params": {"C": 3821.063954953547, "gamma": 0.036643734337850474}, "datetime": {"datetime": "2021-06-22 07:45:26", "elapsed": 410.961034, "delta": 2.046129}}
{"target": -10.866161771127905, "params": {"C": 2176.8531510953085, "gamma": 0.024064866714990668}, "datetime": {"datetime": "2021-06-22 07:45:30", "elapsed": 414.483721, "delta": 3.522687}}
{"target": -11.00675556390539, "params": {"C": 2384.163441666134, "gamma": 0.01722060826738208}, "datetime": {"datetime": "2021-06-22 07:45:32", "elapsed": 416.570469, "delta": 2.086748}}
{"target": -10.673399910627426, "params": {"C": 2546.2446180130955, "gamma": 0.04322277749963785}, "datetime": {"datetime": "2021-06-22 07:45:36", "elapsed": 420.733832, "delta": 4.163363}}
{"target": -10.86224477306307, "params": {"C": 2013.07119885239, "gamma": 0.027475249239070326}, "datetime": {"datetime": "2021-06-22 07:45:39", "elapsed": 423.567678, "delta": 2.833846}}
{"target": -10.621337272078604, "params": {"C": 3958.5842702271216, "gamma": 0.023350289419846727}, "datetime": {"datetime": "2021-06-22 07:45:42", "elapsed": 427.055088, "delta": 3.48741}}
{"target": -10.751646509525012, "params": {"C": 3160.753525800492, "gamma": 0.02119921108772024}, "datetime": {"datetime": "2021-06-22 07:45:44", "elapsed": 429.327359, "delta": 2.272271}}
{"target": -10.582244201577769, "params": {"C": 2967.961335773939, "gamma": 0.04576193924523986}, "datetime": {"datetime": "2021-06-22 07:45:47", "elapsed": 431.756033, "delta": 2.428674}}
{"target": -10.707099844300835, "params": {"C": 2405.252418196733, "gamma": 0.03980416744366257}, "datetime": {"datetime": "2021-06-22 07:45:50", "elapsed": 435.179182, "delta": 3.423149}}
{"target": -10.809640872472189, "params": {"C": 2145.7832170760034, "gamma": 0.028769568694024736}, "datetime": {"datetime": "2021-06-22 07:45:53", "elapsed": 437.585252, "delta": 2.40607}}
{"target": -10.977553680656985, "params": {"C": 3073.074062477982, "gamma": 0.014788419322584574}, "datetime": {"datetime": "2021-06-22 07:45:55", "elapsed": 440.315732, "delta": 2.73048}}
{"target": -10.793988361223054, "params": {"C": 3079.9071006361687, "gamma": 0.019809274175659267}, "datetime": {"datetime": "2021-06-22 07:45:59", "elapsed": 443.777413, "delta": 3.461681}}
{"target": -10.791218850679167, "params": {"C": 2239.975737031942, "gamma": 0.02802520258500695}, "datetime": {"datetime": "2021-06-22 07:46:02", "elapsed": 446.744892, "delta": 2.967479}}
{"target": -10.536993918339299, "params": {"C": 3262.4681983232726, "gamma": 0.04059859328031692}, "datetime": {"datetime": "2021-06-22 07:46:05", "elapsed": 450.235387, "delta": 3.490495}}
{"target": -10.763140055798388, "params": {"C": 2257.103689234672, "gamma": 0.03159890580840975}, "datetime": {"datetime": "2021-06-22 07:46:10", "elapsed": 454.601493, "delta": 4.366106}}
{"target": -11.196561776862312, "params": {"C": 3387.903879769743, "gamma": 0.0109395189666243}, "datetime": {"datetime": "2021-06-22 07:46:12", "elapsed": 457.094506, "delta": 2.493013}}
{"target": -10.553247636683388, "params": {"C": 3394.585313692668, "gamma": 0.03213977389891641}, "datetime": {"datetime": "2021-06-22 07:46:15", "elapsed": 459.372874, "delta": 2.278368}}
{"target": -10.86898818135749, "params": {"C": 2936.969863337205, "gamma": 0.01796143331706091}, "datetime": {"datetime": "2021-06-22 07:46:17", "elapsed": 461.824232, "delta": 2.451358}}
{"target": -11.460931074244488, "params": {"C": 2943.9635096056454, "gamma": 0.009070699001059643}, "datetime": {"datetime": "2021-06-22 07:46:20", "elapsed": 465.101316, "delta": 3.277084}}
{"target": -11.110622921086428, "params": {"C": 3439.089159516536, "gamma": 0.011799390805368081}, "datetime": {"datetime": "2021-06-22 07:46:23", "elapsed": 467.452168, "delta": 2.350852}}
{"target": -10.701664087426577, "params": {"C": 2883.939036321307, "gamma": 0.025922229432220466}, "datetime": {"datetime": "2021-06-22 07:46:25", "elapsed": 469.742535, "delta": 2.290367}}
{"target": -11.419442576393024, "params": {"C": 3026.607983236332, "gamma": 0.009320343808700216}, "datetime": {"datetime": "2021-06-22 07:46:28", "elapsed": 473.11704, "delta": 3.374505}}
{"target": -10.546322117283358, "params": {"C": 3152.8602183496655, "gamma": 0.04775211158660524}, "datetime": {"datetime": "2021-06-22 07:46:32", "elapsed": 476.547163, "delta": 3.430123}}
{"target": -10.592158632382125, "params": {"C": 2930.9817228218235, "gamma": 0.039803833906997224}, "datetime": {"datetime": "2021-06-22 07:46:34", "elapsed": 478.842635, "delta": 2.295472}}
{"target": -10.640899629953882, "params": {"C": 3836.3510204739177, "gamma": 0.02286754287040489}, "datetime": {"datetime": "2021-06-22 07:46:37", "elapsed": 482.243568, "delta": 3.400933}}
{"target": -10.803727076313912, "params": {"C": 3873.700632962098, "gamma": 0.01628413674612584}, "datetime": {"datetime": "2021-06-22 07:46:40", "elapsed": 484.512937, "delta": 2.269369}}
{"target": -10.728137212272493, "params": {"C": 2877.111499114314, "gamma": 0.024445313073009636}, "datetime": {"datetime": "2021-06-22 07:46:43", "elapsed": 488.019955, "delta": 3.507018}}
{"target": -10.486235370107067, "params": {"C": 3969.275131399414, "gamma": 0.032810234372685786}, "datetime": {"datetime": "2021-06-22 07:46:45", "elapsed": 490.322921, "delta": 2.302966}}
{"target": -10.933555853417431, "params": {"C": 3100.1924792855, "gamma": 0.015587070991178687}, "datetime": {"datetime": "2021-06-22 07:46:50", "elapsed": 494.354767, "delta": 4.031846}}
{"target": -10.731185801742438, "params": {"C": 2335.4026138747586, "gamma": 0.035209079147509946}, "datetime": {"datetime": "2021-06-22 07:46:52", "elapsed": 497.302563, "delta": 2.947796}}
{"target": -10.832473745266169, "params": {"C": 2004.2619163591487, "gamma": 0.039615783274315385}, "datetime": {"datetime": "2021-06-22 07:46:57", "elapsed": 502.272386, "delta": 4.969823}}
{"target": -11.14028598283448, "params": {"C": 2856.7085182121577, "gamma": 0.012813090743880455}, "datetime": {"datetime": "2021-06-22 07:47:00", "elapsed": 504.603189, "delta": 2.330803}}
{"target": -10.783148160123176, "params": {"C": 2863.4731300714384, "gamma": 0.021685765649204714}, "datetime": {"datetime": "2021-06-22 07:47:03", "elapsed": 507.89912, "delta": 3.295931}}
{"target": -10.84024415739816, "params": {"C": 2849.406689941272, "gamma": 0.019350258718019576}, "datetime": {"datetime": "2021-06-22 07:47:06", "elapsed": 510.60626, "delta": 2.70714}}
{"target": -10.993533360509133, "params": {"C": 2231.1745610891767, "gamma": 0.018567838930617947}, "datetime": {"datetime": "2021-06-22 07:47:09", "elapsed": 513.752797, "delta": 3.146537}}
{"target": -10.723339594217512, "params": {"C": 2397.1980734574217, "gamma": 0.03216330837592438}, "datetime": {"datetime": "2021-06-22 07:47:12", "elapsed": 516.857046, "delta": 3.104249}}
{"target": -10.582003677707652, "params": {"C": 3168.112660654768, "gamma": 0.03278997749318301}, "datetime": {"datetime": "2021-06-22 07:47:15", "elapsed": 519.913261, "delta": 3.056215}}
{"target": -10.456006958940556, "params": {"C": 3850.62240488779, "gamma": 0.048179835057328695}, "datetime": {"datetime": "2021-06-22 07:47:17", "elapsed": 522.180409, "delta": 2.267148}}
{"target": -11.302561871903098, "params": {"C": 2869.9135873476803, "gamma": 0.010829883821482322}, "datetime": {"datetime": "2021-06-22 07:47:21", "elapsed": 525.487352, "delta": 3.306943}}
{"target": -10.810330659572971, "params": {"C": 2153.976103693377, "gamma": 0.05}, "datetime": {"datetime": "2021-06-22 07:47:24", "elapsed": 529.303495, "delta": 3.816143}}
{"target": -10.933153974267643, "params": {"C": 3721.2079616087294, "gamma": 0.013824809067039801}, "datetime": {"datetime": "2021-06-22 07:47:27", "elapsed": 532.067148, "delta": 2.763653}}
{"target": -10.74076315500944, "params": {"C": 2709.6295087983262, "gamma": 0.025238463132361902}, "datetime": {"datetime": "2021-06-22 07:47:30", "elapsed": 534.441076, "delta": 2.373928}}
{"target": -10.587806367323367, "params": {"C": 2959.6187273250907, "gamma": 0.03954169361069441}, "datetime": {"datetime": "2021-06-22 07:47:33", "elapsed": 537.993651, "delta": 3.552575}}
{"target": -10.791066843778582, "params": {"C": 2129.488770273645, "gamma": 0.04212599105893322}, "datetime": {"datetime": "2021-06-22 07:47:35", "elapsed": 540.324248, "delta": 2.330597}}
{"target": -10.668905370563959, "params": {"C": 2571.003085778502, "gamma": 0.03672597561817628}, "datetime": {"datetime": "2021-06-22 07:47:39", "elapsed": 543.843054, "delta": 3.518806}}
{"target": -11.505713648497427, "params": {"C": 2557.059058817148, "gamma": 0.009385271086094413}, "datetime": {"datetime": "2021-06-22 07:47:42", "elapsed": 546.662827, "delta": 2.819773}}
{"target": -10.712389784813297, "params": {"C": 2434.4338444240684, "gamma": 0.046532383565872575}, "datetime": {"datetime": "2021-06-22 07:47:46", "elapsed": 550.925189, "delta": 4.262362}}
{"target": -10.885680465890568, "params": {"C": 3432.2520420401606, "gamma": 0.015579644877038081}, "datetime": {"datetime": "2021-06-22 07:47:48", "elapsed": 553.330636, "delta": 2.405447}}
{"target": -11.384231131460394, "params": {"C": 3426.6318576632957, "gamma": 0.009}, "datetime": {"datetime": "2021-06-22 07:47:52", "elapsed": 556.421722, "delta": 3.091086}}
{"target": -10.528896416525638, "params": {"C": 3419.3793791926314, "gamma": 0.0360094120375088}, "datetime": {"datetime": "2021-06-22 07:47:54", "elapsed": 558.634711, "delta": 2.212989}}
{"target": -10.827968526090189, "params": {"C": 2031.768891200368, "gamma": 0.03270118565425009}, "datetime": {"datetime": "2021-06-22 07:47:57", "elapsed": 562.102019, "delta": 3.467308}}
{"target": -10.84701365314399, "params": {"C": 2043.0292477074863, "gamma": 0.04960108656345602}, "datetime": {"datetime": "2021-06-22 07:48:00", "elapsed": 564.893899, "delta": 2.79188}}
{"target": -10.811000687489965, "params": {"C": 2716.230870438549, "gamma": 0.021415696218932842}, "datetime": {"datetime": "2021-06-22 07:48:04", "elapsed": 568.746742, "delta": 3.852843}}
{"target": -10.98369362903912, "params": {"C": 2114.893510681707, "gamma": 0.01978909647991218}, "datetime": {"datetime": "2021-06-22 07:48:06", "elapsed": 570.940134, "delta": 2.193392}}
{"target": -10.692069814595353, "params": {"C": 2891.0178261494657, "gamma": 0.026452161661117718}, "datetime": {"datetime": "2021-06-22 07:48:09", "elapsed": 573.914496, "delta": 2.974362}}
{"target": -11.029942728305683, "params": {"C": 3553.824728491517, "gamma": 0.012594626836544925}, "datetime": {"datetime": "2021-06-22 07:48:12", "elapsed": 576.766032, "delta": 2.851536}}
{"target": -10.542650569592556, "params": {"C": 3559.26681622007, "gamma": 0.030897057597614637}, "datetime": {"datetime": "2021-06-22 07:48:14", "elapsed": 579.17168, "delta": 2.405648}}
{"target": -10.531334120055291, "params": {"C": 3547.154959595372, "gamma": 0.03274940390370384}, "datetime": {"datetime": "2021-06-22 07:48:18", "elapsed": 582.57837, "delta": 3.40669}}
{"target": -10.628795944748521, "params": {"C": 2736.718087528914, "gamma": 0.044345147940384896}, "datetime": {"datetime": "2021-06-22 07:48:20", "elapsed": 585.113266, "delta": 2.534896}}
{"target": -10.6402985995737, "params": {"C": 2722.620295755991, "gamma": 0.04843285508697558}, "datetime": {"datetime": "2021-06-22 07:48:23", "elapsed": 587.624661, "delta": 2.511395}}
{"target": -11.56936522292973, "params": {"C": 2465.5755194742296, "gamma": 0.009001390817646872}, "datetime": {"datetime": "2021-06-22 07:48:25", "elapsed": 590.113778, "delta": 2.489117}}
{"target": -10.70879727046571, "params": {"C": 2472.834605409912, "gamma": 0.048913883987711085}, "datetime": {"datetime": "2021-06-22 07:48:29", "elapsed": 593.824347, "delta": 3.710569}}
{"target": -11.315838920161744, "params": {"C": 2459.032967648494, "gamma": 0.011707385774864298}, "datetime": {"datetime": "2021-06-22 07:48:33", "elapsed": 598.130191, "delta": 4.305844}}
{"target": -10.696980815217906, "params": {"C": 2452.4993726110624, "gamma": 0.04269701215884905}, "datetime": {"datetime": "2021-06-22 07:48:36", "elapsed": 601.203952, "delta": 3.073761}}
{"target": -10.756401506831759, "params": {"C": 3271.61857675189, "gamma": 0.020330595914531572}, "datetime": {"datetime": "2021-06-22 07:48:40", "elapsed": 604.3643, "delta": 3.160348}}
{"target": -10.844095915055926, "params": {"C": 2163.9237433318676, "gamma": 0.025655518139648253}, "datetime": {"datetime": "2021-06-22 07:48:43", "elapsed": 607.70673, "delta": 3.34243}}
{"target": -10.685332811512609, "params": {"C": 2489.899245623872, "gamma": 0.041919640305244955}, "datetime": {"datetime": "2021-06-22 07:48:45", "elapsed": 610.158294, "delta": 2.451564}}
{"target": -11.37891056735126, "params": {"C": 2593.4741827864914, "gamma": 0.010625205584938131}, "datetime": {"datetime": "2021-06-22 07:48:49", "elapsed": 613.637151, "delta": 3.478857}}
{"target": -10.662651924644313, "params": {"C": 2599.82386621864, "gamma": 0.04451074730489986}, "datetime": {"datetime": "2021-06-22 07:48:52", "elapsed": 617.052691, "delta": 3.41554}}
{"target": -10.677465079719621, "params": {"C": 2587.7755201948667, "gamma": 0.049162611256595004}, "datetime": {"datetime": "2021-06-22 07:48:55", "elapsed": 619.602622, "delta": 2.549931}}
{"target": -10.867803580909003, "params": {"C": 2137.4499720150234, "gamma": 0.024553032094252795}, "datetime": {"datetime": "2021-06-22 07:48:59", "elapsed": 623.332667, "delta": 3.730045}}
{"target": -11.06175884448886, "params": {"C": 2696.7328418109855, "gamma": 0.014648055374828472}, "datetime": {"datetime": "2021-06-22 07:49:04", "elapsed": 628.870867, "delta": 5.5382}}
{"target": -10.636045780222736, "params": {"C": 2690.6072768861995, "gamma": 0.042345009811470186}, "datetime": {"datetime": "2021-06-22 07:49:07", "elapsed": 632.220021, "delta": 3.349154}}
{"target": -10.64873397787189, "params": {"C": 2703.0148911833785, "gamma": 0.05}, "datetime": {"datetime": "2021-06-22 07:49:11", "elapsed": 635.581966, "delta": 3.361945}}
{"target": -11.377348981759313, "params": {"C": 3468.754300169955, "gamma": 0.009}, "datetime": {"datetime": "2021-06-22 07:49:15", "elapsed": 639.886969, "delta": 4.305003}}
{"target": -11.160731216965921, "params": {"C": 3474.0481423523606, "gamma": 0.01116758743089109}, "datetime": {"datetime": "2021-06-22 07:49:17", "elapsed": 642.285418, "delta": 2.398449}}
{"target": -10.51273342110731, "params": {"C": 3463.7739614482216, "gamma": 0.039616304069366184}, "datetime": {"datetime": "2021-06-22 07:49:20", "elapsed": 644.892377, "delta": 2.606959}}
{"target": -10.618165754488299, "params": {"C": 3589.0661481253337, "gamma": 0.025365767608186082}, "datetime": {"datetime": "2021-06-22 07:49:23", "elapsed": 647.906879, "delta": 3.014502}}
{"target": -10.758923501155474, "params": {"C": 2247.915013907169, "gamma": 0.04394090327034297}, "datetime": {"datetime": "2021-06-22 07:49:26", "elapsed": 650.389858, "delta": 2.482979}}
{"target": -10.593226605735556, "params": {"C": 2911.465002099965, "gamma": 0.04484620567618159}, "datetime": {"datetime": "2021-06-22 07:49:28", "elapsed": 652.928299, "delta": 2.538441}}
{"target": -10.581567885998625, "params": {"C": 3479.8226000794048, "gamma": 0.02826353085407371}, "datetime": {"datetime": "2021-06-22 07:49:31", "elapsed": 655.549028, "delta": 2.620729}}
{"target": -10.739718328519537, "params": {"C": 2368.919247273674, "gamma": 0.04912823711519336}, "datetime": {"datetime": "2021-06-22 07:49:34", "elapsed": 659.048695, "delta": 3.499667}}
{"target": -10.80720813337142, "params": {"C": 2107.7255339855324, "gamma": 0.03145704849822779}, "datetime": {"datetime": "2021-06-22 07:49:39", "elapsed": 664.101397, "delta": 5.052702}}
{"target": -10.513581055464636, "params": {"C": 3380.83374257302, "gamma": 0.04855749179289821}, "datetime": {"datetime": "2021-06-22 07:49:42", "elapsed": 666.687208, "delta": 2.585811}}
{"target": -10.869848238750885, "params": {"C": 3689.0012488230177, "gamma": 0.015173695518325838}, "datetime": {"datetime": "2021-06-22 07:49:44", "elapsed": 668.976845, "delta": 2.289637}}
{"target": -10.65077194193418, "params": {"C": 3694.1993138290127, "gamma": 0.023001232867806302}, "datetime": {"datetime": "2021-06-22 07:49:47", "elapsed": 671.662487, "delta": 2.685642}}
{"target": -11.583548601496434, "params": {"C": 2122.1579989400616, "gamma": 0.009729744142520596}, "datetime": {"datetime": "2021-06-22 07:49:51", "elapsed": 675.921095, "delta": 4.258608}}
{"target": -10.650787546101181, "params": {"C": 2646.8489730863967, "gamma": 0.044546550081210355}, "datetime": {"datetime": "2021-06-22 07:49:54", "elapsed": 679.098983, "delta": 3.177888}}
{"target": -10.719379897822753, "params": {"C": 2426.935300633841, "gamma": 0.048100903184053835}, "datetime": {"datetime": "2021-06-22 07:49:57", "elapsed": 681.659577, "delta": 2.560594}}
{"target": -11.126210477447533, "params": {"C": 2563.594252957885, "gamma": 0.014039070541293667}, "datetime": {"datetime": "2021-06-22 07:50:00", "elapsed": 685.095306, "delta": 3.435729}}
{"target": -10.470488318828526, "params": {"C": 3858.0996040336845, "gamma": 0.03830569473684557}, "datetime": {"datetime": "2021-06-22 07:50:03", "elapsed": 687.723611, "delta": 2.628305}}
{"target": -10.751590455008229, "params": {"C": 2658.9693734138605, "gamma": 0.025094911270844608}, "datetime": {"datetime": "2021-06-22 07:50:07", "elapsed": 691.451101, "delta": 3.72749}}
{"target": -10.819263214108858, "params": {"C": 3408.675434488126, "gamma": 0.017435214119786886}, "datetime": {"datetime": "2021-06-22 07:50:10", "elapsed": 695.120844, "delta": 3.669743}}
{"target": -10.651797108985175, "params": {"C": 3403.691117844839, "gamma": 0.024636033883021907}, "datetime": {"datetime": "2021-06-22 07:50:13", "elapsed": 697.879286, "delta": 2.758442}}
{"target": -11.282205188262905, "params": {"C": 3684.423420631966, "gamma": 0.009578641641004134}, "datetime": {"datetime": "2021-06-22 07:50:19", "elapsed": 703.465469, "delta": 5.586183}}
{"target": -10.498484924233686, "params": {"C": 3506.4011360008963, "gamma": 0.04396869090694037}, "datetime": {"datetime": "2021-06-22 07:50:22", "elapsed": 707.285541, "delta": 3.820072}}
{"target": -10.60232336101219, "params": {"C": 3893.8725303218826, "gamma": 0.024672473274400003}, "datetime": {"datetime": "2021-06-22 07:50:25", "elapsed": 709.962896, "delta": 2.677355}}
{"target": -10.636639843431475, "params": {"C": 2897.0497892753137, "gamma": 0.030771133233049426}, "datetime": {"datetime": "2021-06-22 07:50:28", "elapsed": 712.854392, "delta": 2.891496}}
{"target": -11.100450708644601, "params": {"C": 3666.4061666822663, "gamma": 0.011485096628851266}, "datetime": {"datetime": "2021-06-22 07:50:31", "elapsed": 715.499733, "delta": 2.645341}}
{"target": -10.502374382320308, "params": {"C": 3671.2749015188356, "gamma": 0.03548061535479027}, "datetime": {"datetime": "2021-06-22 07:50:33", "elapsed": 718.223633, "delta": 2.7239}}
{"target": -10.469411832779503, "params": {"C": 3984.4456250796275, "gamma": 0.03544238787463132}, "datetime": {"datetime": "2021-06-22 07:50:37", "elapsed": 722.26236, "delta": 4.038727}}
{"target": -10.84907147365061, "params": {"C": 2613.5217331828003, "gamma": 0.020515936652141815}, "datetime": {"datetime": "2021-06-22 07:50:41", "elapsed": 726.104155, "delta": 3.841795}}
{"target": -10.657471107754628, "params": {"C": 2607.7965652354624, "gamma": 0.03806388045255393}, "datetime": {"datetime": "2021-06-22 07:50:47", "elapsed": 731.519557, "delta": 5.415402}}
{"target": -10.668806609296517, "params": {"C": 3205.9898636172993, "gamma": 0.025135287703707807}, "datetime": {"datetime": "2021-06-22 07:50:49", "elapsed": 733.962313, "delta": 2.442756}}
{"target": -10.453718940409912, "params": {"C": 3879.274464297844, "gamma": 0.048575028933097994}, "datetime": {"datetime": "2021-06-22 07:50:53", "elapsed": 737.616963, "delta": 3.65465}}
{"target": -10.89737604793577, "params": {"C": 3200.524708780792, "gamma": 0.01608225453371011}, "datetime": {"datetime": "2021-06-22 07:50:56", "elapsed": 740.485066, "delta": 2.868103}}
{"target": -10.503761956815758, "params": {"C": 3830.950960198159, "gamma": 0.03232314677456572}, "datetime": {"datetime": "2021-06-22 07:50:58", "elapsed": 743.322569, "delta": 2.837503}}
{"target": -10.827239594407274, "params": {"C": 2051.374857479662, "gamma": 0.03074893197835618}, "datetime": {"datetime": "2021-06-22 07:51:01", "elapsed": 745.606747, "delta": 2.284178}}
{"target": -11.030493263641231, "params": {"C": 2676.9473113140994, "gamma": 0.01530689897955244}, "datetime": {"datetime": "2021-06-22 07:51:05", "elapsed": 749.861441, "delta": 4.254694}}
{"target": -10.66322489714918, "params": {"C": 2682.3742325985395, "gamma": 0.032658613108882205}, "datetime": {"datetime": "2021-06-22 07:51:07", "elapsed": 752.053051, "delta": 2.19161}}
{"target": -10.497927635302917, "params": {"C": 3611.0708203360646, "gamma": 0.03861123904804977}, "datetime": {"datetime": "2021-06-22 07:51:10", "elapsed": 755.025177, "delta": 2.972126}}
{"target": -10.542168296833648, "params": {"C": 3195.5149846009413, "gamma": 0.05}, "datetime": {"datetime": "2021-06-22 07:51:14", "elapsed": 758.365096, "delta": 3.339919}}
{"target": -10.64565589109248, "params": {"C": 2652.914321728701, "gamma": 0.03888545470782673}, "datetime": {"datetime": "2021-06-22 07:51:16", "elapsed": 760.695334, "delta": 2.330238}}
{"target": -10.526199083979364, "params": {"C": 3661.8262021194346, "gamma": 0.03160426206813204}, "datetime": {"datetime": "2021-06-22 07:51:19", "elapsed": 763.750184, "delta": 3.05485}}
{"target": -10.491834173084372, "params": {"C": 3532.5451916901334, "gamma": 0.046772028786904625}, "datetime": {"datetime": "2021-06-22 07:51:22", "elapsed": 766.406482, "delta": 2.656298}}
