{"target": -10.10779804036123, "params": {"C": 21062.09461611082, "gamma": 0.04176391590999861}, "datetime": {"datetime": "2021-06-22 10:33:50", "elapsed": 339.884779, "delta": 2.01832}}
{"target": -10.271318249979492, "params": {"C": 22626.51850681239, "gamma": 0.05686932507262432}, "datetime": {"datetime": "2021-06-22 10:33:52", "elapsed": 341.697785, "delta": 1.813006}}
{"target": -10.27692575257635, "params": {"C": 22535.58639225515, "gamma": 0.057316322736871164}, "datetime": {"datetime": "2021-06-22 10:33:54", "elapsed": 343.559172, "delta": 1.861387}}
{"target": -10.090042678466261, "params": {"C": 13144.995019099943, "gamma": 0.04794498881998283}, "datetime": {"datetime": "2021-06-22 10:33:55", "elapsed": 345.157922, "delta": 1.59875}}
{"target": -10.080020155279914, "params": {"C": 13321.332977528991, "gamma": 0.05127145110988222}, "datetime": {"datetime": "2021-06-22 10:33:57", "elapsed": 347.431596, "delta": 2.273674}}
{"target": -10.077936390129098, "params": {"C": 17972.722210503514, "gamma": 0.05273573315502584}, "datetime": {"datetime": "2021-06-22 10:34:00", "elapsed": 349.652178, "delta": 2.220582}}
{"target": -10.22308019442354, "params": {"C": 20591.916878472977, "gamma": 0.057297002834074816}, "datetime": {"datetime": "2021-06-22 10:34:02", "elapsed": 351.556035, "delta": 1.903857}}
{"target": -10.273298235129696, "params": {"C": 24481.18032066195, "gamma": 0.05426329540624498}, "datetime": {"datetime": "2021-06-22 10:34:04", "elapsed": 354.430425, "delta": 2.87439}}
{"target": -10.33381908752727, "params": {"C": 24405.060623409583, "gamma": 0.05746915446891022}, "datetime": {"datetime": "2021-06-22 10:34:07", "elapsed": 356.575357, "delta": 2.144932}}
{"target": -10.117427118095003, "params": {"C": 24326.920729975012, "gamma": 0.040221611297663794}, "datetime": {"datetime": "2021-06-22 10:34:09", "elapsed": 358.943652, "delta": 2.368295}}
{"target": -10.115942454078542, "params": {"C": 24540.9957857732, "gamma": 0.04670497618468492}, "datetime": {"datetime": "2021-06-22 10:34:11", "elapsed": 360.962333, "delta": 2.018681}}
{"target": -10.112700710991076, "params": {"C": 23098.02903977986, "gamma": 0.04834481267302022}, "datetime": {"datetime": "2021-06-22 10:34:13", "elapsed": 362.709873, "delta": 1.74754}}
{"target": -10.203815757077834, "params": {"C": 10089.652778918075, "gamma": 0.04061339263558464}, "datetime": {"datetime": "2021-06-22 10:34:15", "elapsed": 364.907062, "delta": 2.197189}}
{"target": -10.263970362468838, "params": {"C": 22263.734716583105, "gamma": 0.0570635710279974}, "datetime": {"datetime": "2021-06-22 10:34:17", "elapsed": 366.872764, "delta": 1.965702}}
{"target": -10.141772217560794, "params": {"C": 22213.98328789381, "gamma": 0.051170189550531514}, "datetime": {"datetime": "2021-06-22 10:34:19", "elapsed": 368.626874, "delta": 1.75411}}
{"target": -10.095712331282096, "params": {"C": 21638.6002332527, "gamma": 0.04398837876673074}, "datetime": {"datetime": "2021-06-22 10:34:21", "elapsed": 370.805181, "delta": 2.178307}}
{"target": -10.097629422881722, "params": {"C": 14882.389756237557, "gamma": 0.0434489407754428}, "datetime": {"datetime": "2021-06-22 10:34:23", "elapsed": 372.754245, "delta": 1.949064}}
{"target": -10.067115003838893, "params": {"C": 18132.70825295034, "gamma": 0.051653785264677926}, "datetime": {"datetime": "2021-06-22 10:34:25", "elapsed": 374.578602, "delta": 1.824357}}
{"target": -10.085694104566914, "params": {"C": 16374.883379436313, "gamma": 0.05469638812067347}, "datetime": {"datetime": "2021-06-22 10:34:26", "elapsed": 376.513782, "delta": 1.93518}}
{"target": -10.076236733786018, "params": {"C": 16899.670311482158, "gamma": 0.05344226522041021}, "datetime": {"datetime": "2021-06-22 10:34:28", "elapsed": 378.087018, "delta": 1.573236}}
{"target": -10.118075162300313, "params": {"C": 13486.775322603371, "gamma": 0.04211326651085165}, "datetime": {"datetime": "2021-06-22 10:34:30", "elapsed": 379.797001, "delta": 1.709983}}
{"target": -10.120288540588685, "params": {"C": 13433.287304765516, "gamma": 0.04174451474627322}, "datetime": {"datetime": "2021-06-22 10:34:32", "elapsed": 381.764355, "delta": 1.967354}}
{"target": -10.092750775773371, "params": {"C": 13381.003715699982, "gamma": 0.04697599362846243}, "datetime": {"datetime": "2021-06-22 10:34:34", "elapsed": 383.600649, "delta": 1.836294}}
{"target": -10.136925549511187, "params": {"C": 10171.589097863978, "gamma": 0.048408480213783134}, "datetime": {"datetime": "2021-06-22 10:34:36", "elapsed": 385.742622, "delta": 2.141973}}
{"target": -10.12129910074126, "params": {"C": 12572.965707594747, "gamma": 0.04287256886653589}, "datetime": {"datetime": "2021-06-22 10:34:38", "elapsed": 387.955076, "delta": 2.212454}}
{"target": -10.0748778788933, "params": {"C": 13040.803038649165, "gamma": 0.055640404062052784}, "datetime": {"datetime": "2021-06-22 10:34:40", "elapsed": 389.73626, "delta": 1.781184}}
{"target": -10.201413830140401, "params": {"C": 19990.667566495264, "gamma": 0.05706921410345803}, "datetime": {"datetime": "2021-06-22 10:34:42", "elapsed": 391.685455, "delta": 1.949195}}
{"target": -10.16813633704214, "params": {"C": 20049.596613938476, "gamma": 0.05564469839698484}, "datetime": {"datetime": "2021-06-22 10:34:44", "elapsed": 393.636881, "delta": 1.951426}}
{"target": -10.069717810590378, "params": {"C": 19198.603247531755, "gamma": 0.048153529598775315}, "datetime": {"datetime": "2021-06-22 10:34:46", "elapsed": 395.591724, "delta": 1.954843}}
{"target": -10.08498737499104, "params": {"C": 13752.815987918186, "gamma": 0.04784741395431809}, "datetime": {"datetime": "2021-06-22 10:34:48", "elapsed": 397.765292, "delta": 2.173568}}
{"target": -10.064654564806116, "params": {"C": 17187.073943068026, "gamma": 0.04849016250009628}, "datetime": {"datetime": "2021-06-22 10:34:50", "elapsed": 400.438625, "delta": 2.673333}}
{"target": -10.069824515184948, "params": {"C": 18235.69007236278, "gamma": 0.051788231505420584}, "datetime": {"datetime": "2021-06-22 10:34:53", "elapsed": 402.880364, "delta": 2.441739}}
{"target": -10.102313694829046, "params": {"C": 13543.720420949994, "gamma": 0.044819077249529715}, "datetime": {"datetime": "2021-06-22 10:34:55", "elapsed": 404.863764, "delta": 1.9834}}
{"target": -10.08385325791597, "params": {"C": 11797.870895236892, "gamma": 0.05424544024860977}, "datetime": {"datetime": "2021-06-22 10:34:57", "elapsed": 407.238599, "delta": 2.374835}}
{"target": -10.087198498251789, "params": {"C": 20462.988646318496, "gamma": 0.045364650750324705}, "datetime": {"datetime": "2021-06-22 10:35:00", "elapsed": 409.95605, "delta": 2.717451}}
{"target": -10.298334148127717, "params": {"C": 23558.937850934162, "gamma": 0.056848547598469884}, "datetime": {"datetime": "2021-06-22 10:35:03", "elapsed": 412.616158, "delta": 2.660108}}
{"target": -10.169028308797353, "params": {"C": 24798.768331088337, "gamma": 0.049191310185358425}, "datetime": {"datetime": "2021-06-22 10:35:04", "elapsed": 414.470346, "delta": 1.854188}}
{"target": -10.11043116240236, "params": {"C": 10377.854524846967, "gamma": 0.0537408822971661}, "datetime": {"datetime": "2021-06-22 10:35:06", "elapsed": 416.211372, "delta": 1.741026}}
{"target": -10.103802399813231, "params": {"C": 20098.080345592018, "gamma": 0.05204216921005951}, "datetime": {"datetime": "2021-06-22 10:35:09", "elapsed": 418.64975, "delta": 2.438378}}
{"target": -10.090304011216327, "params": {"C": 16037.231016278141, "gamma": 0.043732112145456074}, "datetime": {"datetime": "2021-06-22 10:35:11", "elapsed": 420.660081, "delta": 2.010331}}
{"target": -10.100309929115454, "params": {"C": 19546.336375181607, "gamma": 0.04276180202457917}, "datetime": {"datetime": "2021-06-22 10:35:13", "elapsed": 423.142567, "delta": 2.482486}}
{"target": -10.106203601660726, "params": {"C": 12626.345103646387, "gamma": 0.04566211710516244}, "datetime": {"datetime": "2021-06-22 10:35:16", "elapsed": 426.061844, "delta": 2.919277}}
{"target": -10.1003557329867, "params": {"C": 12293.231088250373, "gamma": 0.04722705481826267}, "datetime": {"datetime": "2021-06-22 10:35:19", "elapsed": 428.829972, "delta": 2.768128}}
{"target": -10.096008626029402, "params": {"C": 12022.757318728336, "gamma": 0.04869290748223844}, "datetime": {"datetime": "2021-06-22 10:35:21", "elapsed": 431.316223, "delta": 2.486251}}
{"target": -10.084063479619374, "params": {"C": 17070.60368389719, "gamma": 0.05393662017210318}, "datetime": {"datetime": "2021-06-22 10:35:23", "elapsed": 433.335053, "delta": 2.01883}}
{"target": -10.09089045965329, "params": {"C": 14450.845893046655, "gamma": 0.04548613417112972}, "datetime": {"datetime": "2021-06-22 10:35:25", "elapsed": 435.333524, "delta": 1.998471}}
{"target": -10.095028574129534, "params": {"C": 16145.347884465196, "gamma": 0.05565973684177057}, "datetime": {"datetime": "2021-06-22 10:35:28", "elapsed": 437.569472, "delta": 2.235948}}
{"target": -10.109006213385285, "params": {"C": 19369.845364782435, "gamma": 0.04171139234511217}, "datetime": {"datetime": "2021-06-22 10:35:30", "elapsed": 439.76579, "delta": 2.196318}}
{"target": -10.120382363976924, "params": {"C": 21576.69210715017, "gamma": 0.05092535532839171}, "datetime": {"datetime": "2021-06-22 10:35:33", "elapsed": 442.607059, "delta": 2.841269}}
{"target": -10.102275953061277, "params": {"C": 15664.997432929707, "gamma": 0.04186411730019495}, "datetime": {"datetime": "2021-06-22 10:35:35", "elapsed": 444.864034, "delta": 2.256975}}
{"target": -10.096576566749322, "params": {"C": 15618.00070089713, "gamma": 0.04261478094553159}, "datetime": {"datetime": "2021-06-22 10:35:37", "elapsed": 447.02433, "delta": 2.160296}}
{"target": -10.073330352798989, "params": {"C": 13600.007309518121, "gamma": 0.05437081246547792}, "datetime": {"datetime": "2021-06-22 10:35:39", "elapsed": 449.420919, "delta": 2.396589}}
{"target": -10.057218471176975, "params": {"C": 16962.540769713596, "gamma": 0.050966537646318054}, "datetime": {"datetime": "2021-06-22 10:35:42", "elapsed": 452.086156, "delta": 2.665237}}
{"target": -10.074843370357927, "params": {"C": 14208.552037614994, "gamma": 0.05117412101861304}, "datetime": {"datetime": "2021-06-22 10:35:44", "elapsed": 454.07179, "delta": 1.985634}}
{"target": -10.107665760079293, "params": {"C": 20888.001606391976, "gamma": 0.051137554209904214}, "datetime": {"datetime": "2021-06-22 10:35:47", "elapsed": 457.153435, "delta": 3.081645}}
{"target": -10.071811478526357, "params": {"C": 13998.933836491124, "gamma": 0.05372585227248364}, "datetime": {"datetime": "2021-06-22 10:35:50", "elapsed": 459.806173, "delta": 2.652738}}
{"target": -10.123696791039844, "params": {"C": 11509.048772572665, "gamma": 0.04577544816303153}, "datetime": {"datetime": "2021-06-22 10:35:53", "elapsed": 463.435972, "delta": 3.629799}}
{"target": -10.117783989740389, "params": {"C": 15975.023784264475, "gamma": 0.05762558748036359}, "datetime": {"datetime": "2021-06-22 10:35:56", "elapsed": 466.413817, "delta": 2.977845}}
{"target": -10.118283730311235, "params": {"C": 20932.206000844748, "gamma": 0.05177476051830758}, "datetime": {"datetime": "2021-06-22 10:35:59", "elapsed": 469.413403, "delta": 2.999586}}
{"target": -10.214184734169535, "params": {"C": 21747.623597297454, "gamma": 0.05530634275870009}, "datetime": {"datetime": "2021-06-22 10:36:01", "elapsed": 471.449215, "delta": 2.035812}}
{"target": -10.171524503007799, "params": {"C": 21797.874771105555, "gamma": 0.05315775229404969}, "datetime": {"datetime": "2021-06-22 10:36:04", "elapsed": 473.831854, "delta": 2.382639}}
{"target": -10.197367513822728, "params": {"C": 21697.365992999217, "gamma": 0.05454776888156844}, "datetime": {"datetime": "2021-06-22 10:36:06", "elapsed": 476.405138, "delta": 2.573284}}
{"target": -10.222671703131688, "params": {"C": 21850.4803047424, "gamma": 0.05557357404190669}, "datetime": {"datetime": "2021-06-22 10:36:10", "elapsed": 479.642504, "delta": 3.237366}}
{"target": -10.12446888987504, "params": {"C": 21896.36006749026, "gamma": 0.05069512159036982}, "datetime": {"datetime": "2021-06-22 10:36:12", "elapsed": 482.364972, "delta": 2.722468}}
{"target": -10.238028377362038, "params": {"C": 24707.904980140564, "gamma": 0.0523184190938756}, "datetime": {"datetime": "2021-06-22 10:36:15", "elapsed": 485.142103, "delta": 2.777131}}
{"target": -10.261539400222805, "params": {"C": 23648.24719380179, "gamma": 0.0548322489154019}, "datetime": {"datetime": "2021-06-22 10:36:17", "elapsed": 487.433184, "delta": 2.291081}}
{"target": -10.139773441651458, "params": {"C": 11648.254107751185, "gamma": 0.04302110962292611}, "datetime": {"datetime": "2021-06-22 10:36:20", "elapsed": 489.709733, "delta": 2.276549}}
{"target": -10.162748432938425, "params": {"C": 23874.35453838096, "gamma": 0.05002164713862857}, "datetime": {"datetime": "2021-06-22 10:36:22", "elapsed": 492.093667, "delta": 2.383934}}
{"target": -10.117947400545837, "params": {"C": 11239.219700392185, "gamma": 0.04755492698179621}, "datetime": {"datetime": "2021-06-22 10:36:25", "elapsed": 495.119619, "delta": 3.025952}}
{"target": -10.084532520907976, "params": {"C": 12235.257977162528, "gamma": 0.057999998947146914}, "datetime": {"datetime": "2021-06-22 10:36:27", "elapsed": 497.285173, "delta": 2.165554}}
{"target": -10.103415026915531, "params": {"C": 21522.36785845327, "gamma": 0.042428234190794896}, "datetime": {"datetime": "2021-06-22 10:36:31", "elapsed": 500.614325, "delta": 3.329152}}
{"target": -10.09051879102595, "params": {"C": 13860.777326929932, "gamma": 0.046583510129410394}, "datetime": {"datetime": "2021-06-22 10:36:33", "elapsed": 502.921071, "delta": 2.306746}}
{"target": -10.086528060248808, "params": {"C": 14104.535296704023, "gamma": 0.04693179378325058}, "datetime": {"datetime": "2021-06-22 10:36:36", "elapsed": 506.434879, "delta": 3.513808}}
{"target": -10.11019649553084, "params": {"C": 17745.407871282285, "gamma": 0.055334906239095163}, "datetime": {"datetime": "2021-06-22 10:36:39", "elapsed": 508.627001, "delta": 2.192122}}
{"target": -10.090653100285332, "params": {"C": 22327.065642119185, "gamma": 0.04492237709382674}, "datetime": {"datetime": "2021-06-22 10:36:41", "elapsed": 510.755246, "delta": 2.128245}}
{"target": -10.112037812806456, "params": {"C": 23383.83388059411, "gamma": 0.04099286008945952}, "datetime": {"datetime": "2021-06-22 10:36:44", "elapsed": 514.311915, "delta": 3.556669}}
{"target": -10.103637885103977, "params": {"C": 10705.06885267749, "gamma": 0.05488403865931307}, "datetime": {"datetime": "2021-06-22 10:36:48", "elapsed": 518.339597, "delta": 4.027682}}
{"target": -10.260224387922268, "params": {"C": 24228.820336874953, "gamma": 0.05396953921114603}, "datetime": {"datetime": "2021-06-22 10:36:51", "elapsed": 520.921405, "delta": 2.581808}}
{"target": -10.06106711091375, "params": {"C": 18018.513794614748, "gamma": 0.049352706373527025}, "datetime": {"datetime": "2021-06-22 10:36:54", "elapsed": 523.743945, "delta": 2.82254}}
{"target": -10.130731933409212, "params": {"C": 16493.8355461452, "gamma": 0.05795273978904304}, "datetime": {"datetime": "2021-06-22 10:36:56", "elapsed": 526.159855, "delta": 2.41591}}
{"target": -10.084163720036512, "params": {"C": 12763.868152473467, "gamma": 0.05737258159101567}, "datetime": {"datetime": "2021-06-22 10:37:00", "elapsed": 529.557863, "delta": 3.398008}}
{"target": -10.125310634538858, "params": {"C": 11358.708009158154, "gamma": 0.04603039225799897}, "datetime": {"datetime": "2021-06-22 10:37:02", "elapsed": 532.329773, "delta": 2.77191}}
{"target": -10.071536027857192, "params": {"C": 14346.325297780291, "gamma": 0.05251821996132675}, "datetime": {"datetime": "2021-06-22 10:37:05", "elapsed": 535.107729, "delta": 2.777956}}
{"target": -10.059148153835045, "params": {"C": 17442.68021177856, "gamma": 0.05128940797675543}, "datetime": {"datetime": "2021-06-22 10:37:07", "elapsed": 537.487825, "delta": 2.380096}}
{"target": -10.083851128091052, "params": {"C": 21413.36272496511, "gamma": 0.046031021722910126}, "datetime": {"datetime": "2021-06-22 10:37:10", "elapsed": 539.822443, "delta": 2.334618}}
{"target": -10.17844353157305, "params": {"C": 20657.523267311004, "gamma": 0.05527228176220306}, "datetime": {"datetime": "2021-06-22 10:37:14", "elapsed": 543.580045, "delta": 3.757602}}
{"target": -10.242066817786318, "params": {"C": 20697.89028626879, "gamma": 0.05797327954354177}, "datetime": {"datetime": "2021-06-22 10:37:16", "elapsed": 546.389862, "delta": 2.809817}}
{"target": -10.09988578587717, "params": {"C": 20747.150130841583, "gamma": 0.04294175291909046}, "datetime": {"datetime": "2021-06-22 10:37:19", "elapsed": 548.811385, "delta": 2.421523}}
{"target": -10.127014277045319, "params": {"C": 16345.98823144281, "gamma": 0.057886251003824864}, "datetime": {"datetime": "2021-06-22 10:37:22", "elapsed": 552.219315, "delta": 3.40793}}
{"target": -10.204134798537853, "params": {"C": 23198.34733377734, "gamma": 0.052711436739808895}, "datetime": {"datetime": "2021-06-22 10:37:25", "elapsed": 555.174745, "delta": 2.95543}}
{"target": -10.169003244386866, "params": {"C": 22999.040975228338, "gamma": 0.05139203593885383}, "datetime": {"datetime": "2021-06-22 10:37:28", "elapsed": 558.022095, "delta": 2.84735}}
{"target": -10.123054472736213, "params": {"C": 10243.435142365597, "gamma": 0.05671630381748124}, "datetime": {"datetime": "2021-06-22 10:37:30", "elapsed": 560.201074, "delta": 2.178979}}
{"target": -10.105009655573442, "params": {"C": 11022.810788734634, "gamma": 0.05064277710878605}, "datetime": {"datetime": "2021-06-22 10:37:33", "elapsed": 563.257702, "delta": 3.056628}}
{"target": -10.079788557734487, "params": {"C": 12074.881928628378, "gamma": 0.056125944677924706}, "datetime": {"datetime": "2021-06-22 10:37:37", "elapsed": 567.018769, "delta": 3.761067}}
{"target": -10.100391586090419, "params": {"C": 23489.9672365569, "gamma": 0.04619298041461039}, "datetime": {"datetime": "2021-06-22 10:37:40", "elapsed": 570.004694, "delta": 2.985925}}
{"target": -10.104372148652935, "params": {"C": 13695.763608677891, "gamma": 0.04424068960002333}, "datetime": {"datetime": "2021-06-22 10:37:43", "elapsed": 572.609653, "delta": 2.604959}}
{"target": -10.186503198352103, "params": {"C": 10026.323800074448, "gamma": 0.042242849449368555}, "datetime": {"datetime": "2021-06-22 10:37:46", "elapsed": 575.716572, "delta": 3.106919}}
{"target": -10.103397491480234, "params": {"C": 23790.734396034044, "gamma": 0.04272488286217612}, "datetime": {"datetime": "2021-06-22 10:37:49", "elapsed": 579.00624, "delta": 3.289668}}
{"target": -10.089134753937746, "params": {"C": 21972.729749740636, "gamma": 0.04517029196003247}, "datetime": {"datetime": "2021-06-22 10:37:51", "elapsed": 581.527448, "delta": 2.521208}}
{"target": -10.10219768427662, "params": {"C": 14637.447794774525, "gamma": 0.057932837219135655}, "datetime": {"datetime": "2021-06-22 10:37:55", "elapsed": 584.571191, "delta": 3.043743}}
{"target": -10.072144864987942, "params": {"C": 14500.335782848166, "gamma": 0.051565128892250636}, "datetime": {"datetime": "2021-06-22 10:37:57", "elapsed": 587.386669, "delta": 2.815478}}
{"target": -10.06762629026036, "params": {"C": 19050.149670000254, "gamma": 0.048472342064652424}, "datetime": {"datetime": "2021-06-22 10:38:01", "elapsed": 591.327127, "delta": 3.940458}}
{"target": -10.174413756727432, "params": {"C": 18873.76788850206, "gamma": 0.05725682476353741}, "datetime": {"datetime": "2021-06-22 10:38:04", "elapsed": 594.388757, "delta": 3.06163}}
{"target": -10.087817247588852, "params": {"C": 18829.71802274191, "gamma": 0.044726895796814846}, "datetime": {"datetime": "2021-06-22 10:38:07", "elapsed": 597.431784, "delta": 3.043027}}
{"target": -10.093905449836631, "params": {"C": 18919.817639659275, "gamma": 0.05315613662174501}, "datetime": {"datetime": "2021-06-22 10:38:10", "elapsed": 600.364196, "delta": 2.932412}}
{"target": -10.16697965637828, "params": {"C": 10807.583349688644, "gamma": 0.042254271563314634}, "datetime": {"datetime": "2021-06-22 10:38:13", "elapsed": 602.832882, "delta": 2.468686}}
{"target": -10.161647368409705, "params": {"C": 10758.908955515653, "gamma": 0.04304026926175414}, "datetime": {"datetime": "2021-06-22 10:38:16", "elapsed": 605.648827, "delta": 2.815945}}
{"target": -10.090604545641865, "params": {"C": 11310.006869845847, "gamma": 0.056746019357026715}, "datetime": {"datetime": "2021-06-22 10:38:19", "elapsed": 609.142533, "delta": 3.493706}}
{"target": -10.068732887231132, "params": {"C": 15709.506614339913, "gamma": 0.05321448990010485}, "datetime": {"datetime": "2021-06-22 10:38:22", "elapsed": 611.745101, "delta": 2.602568}}
