{"target": -11.84840065553812, "params": {"C": 639.462326439687, "gamma": 0.027641701277227995}, "datetime": {"datetime": "2021-06-22 00:07:07", "elapsed": 19.449277, "delta": 0.487999}}
{"target": -13.448445768701465, "params": {"C": 427.0440186245831, "gamma": 0.009}, "datetime": {"datetime": "2021-06-22 00:07:08", "elapsed": 19.927285, "delta": 0.478008}}
{"target": -11.895603286357696, "params": {"C": 602.2625447101167, "gamma": 0.03615318405913609}, "datetime": {"datetime": "2021-06-22 00:07:08", "elapsed": 20.378273, "delta": 0.450988}}
{"target": -12.192726608521056, "params": {"C": 529.8700782397002, "gamma": 0.04932677863659948}, "datetime": {"datetime": "2021-06-22 00:07:08", "elapsed": 20.736272, "delta": 0.357999}}
{"target": -12.893150631484549, "params": {"C": 416.31538989895023, "gamma": 0.013440393111120361}, "datetime": {"datetime": "2021-06-22 00:07:09", "elapsed": 21.169278, "delta": 0.433006}}
{"target": -12.350311923608261, "params": {"C": 507.70405795013835, "gamma": 0.018601675851067735}, "datetime": {"datetime": "2021-06-22 00:07:09", "elapsed": 21.592271, "delta": 0.422993}}
{"target": -11.711781025507655, "params": {"C": 702.0613235696921, "gamma": 0.034223952756376665}, "datetime": {"datetime": "2021-06-22 00:07:10", "elapsed": 22.018272, "delta": 0.426001}}
{"target": -12.789426010930926, "params": {"C": 498.5527734017574, "gamma": 0.011796684962315234}, "datetime": {"datetime": "2021-06-22 00:07:10", "elapsed": 22.441274, "delta": 0.423002}}
{"target": -13.214052977720462, "params": {"C": 489.8326711544977, "gamma": 0.009}, "datetime": {"datetime": "2021-06-22 00:07:10", "elapsed": 22.914309, "delta": 0.473035}}
{"target": -12.059366133431451, "params": {"C": 747.1005290388018, "gamma": 0.015505582190389488}, "datetime": {"datetime": "2021-06-22 00:07:11", "elapsed": 23.369312, "delta": 0.455003}}
{"target": -12.027154489042081, "params": {"C": 624.9020095991667, "gamma": 0.020594163125224038}, "datetime": {"datetime": "2021-06-22 00:07:11", "elapsed": 23.851801, "delta": 0.482489}}
{"target": -11.93597513979272, "params": {"C": 654.8613078091022, "gamma": 0.05}, "datetime": {"datetime": "2021-06-22 00:07:12", "elapsed": 24.224792, "delta": 0.372991}}
{"target": -12.141310321703706, "params": {"C": 786.2474666768371, "gamma": 0.013367654966453733}, "datetime": {"datetime": "2021-06-22 00:07:12", "elapsed": 24.606444, "delta": 0.381652}}
{"target": -11.766729230860609, "params": {"C": 792.3357239881004, "gamma": 0.02064029465508555}, "datetime": {"datetime": "2021-06-22 00:07:13", "elapsed": 24.991443, "delta": 0.384999}}
{"target": -11.703360373856707, "params": {"C": 780.2407721573094, "gamma": 0.047872784119852026}, "datetime": {"datetime": "2021-06-22 00:07:13", "elapsed": 25.449089, "delta": 0.457646}}
{"target": -12.571387793238422, "params": {"C": 555.0707219375369, "gamma": 0.0127409445442337}, "datetime": {"datetime": "2021-06-22 00:07:13", "elapsed": 25.886808, "delta": 0.437719}}
{"target": -12.561115177167013, "params": {"C": 670.3742317647905, "gamma": 0.010433242487687068}, "datetime": {"datetime": "2021-06-22 00:07:14", "elapsed": 26.309379, "delta": 0.422571}}
{"target": -11.839596127067583, "params": {"C": 661.9543777220154, "gamma": 0.04272186108542979}, "datetime": {"datetime": "2021-06-22 00:07:14", "elapsed": 26.747422, "delta": 0.438043}}
{"target": -11.695970730388986, "params": {"C": 724.0718014948131, "gamma": 0.038474809233815424}, "datetime": {"datetime": "2021-06-22 00:07:15", "elapsed": 27.240584, "delta": 0.493162}}
{"target": -12.225711776468103, "params": {"C": 520.8229719320337, "gamma": 0.05}, "datetime": {"datetime": "2021-06-22 00:07:15", "elapsed": 27.669544, "delta": 0.42896}}
{"target": -11.749134837636865, "params": {"C": 740.3043767652548, "gamma": 0.04676021585696912}, "datetime": {"datetime": "2021-06-22 00:07:16", "elapsed": 28.086174, "delta": 0.41663}}
{"target": -12.338460217482842, "params": {"C": 766.7946991851014, "gamma": 0.011213777665771384}, "datetime": {"datetime": "2021-06-22 00:07:16", "elapsed": 28.697432, "delta": 0.611258}}
{"target": -11.737488351778804, "params": {"C": 773.3098111443255, "gamma": 0.05}, "datetime": {"datetime": "2021-06-22 00:07:17", "elapsed": 29.254302, "delta": 0.55687}}
{"target": -12.596792857253364, "params": {"C": 760.205532966461, "gamma": 0.009}, "datetime": {"datetime": "2021-06-22 00:07:17", "elapsed": 29.749899, "delta": 0.495597}}
{"target": -11.833658855330487, "params": {"C": 753.7562351628271, "gamma": 0.020217831434864074}, "datetime": {"datetime": "2021-06-22 00:07:18", "elapsed": 30.214628, "delta": 0.464729}}
{"target": -12.265923270962698, "params": {"C": 709.1248369146447, "gamma": 0.013139595332888285}, "datetime": {"datetime": "2021-06-22 00:07:18", "elapsed": 30.798912, "delta": 0.584284}}
{"target": -12.191682272225275, "params": {"C": 617.0837666351695, "gamma": 0.016972593117208133}, "datetime": {"datetime": "2021-06-22 00:07:19", "elapsed": 31.335371, "delta": 0.536459}}
{"target": -11.87899391644072, "params": {"C": 610.5080882954328, "gamma": 0.03602120046720573}, "datetime": {"datetime": "2021-06-22 00:07:19", "elapsed": 31.917368, "delta": 0.581997}}
{"target": -12.201443984640763, "params": {"C": 463.86246211136285, "gamma": 0.03234597412278007}, "datetime": {"datetime": "2021-06-22 00:07:20", "elapsed": 32.412403, "delta": 0.495035}}
{"target": -12.085483579674081, "params": {"C": 797.8301765944191, "gamma": 0.013958315745061251}, "datetime": {"datetime": "2021-06-22 00:07:20", "elapsed": 32.916409, "delta": 0.504006}}
{"target": -13.023783797281109, "params": {"C": 445.2503592670731, "gamma": 0.011188028638561824}, "datetime": {"datetime": "2021-06-22 00:07:21", "elapsed": 33.461994, "delta": 0.545585}}
{"target": -12.421355517733254, "params": {"C": 452.120801354259, "gamma": 0.049848499099812746}, "datetime": {"datetime": "2021-06-22 00:07:22", "elapsed": 33.951035, "delta": 0.489041}}
{"target": -12.02819304928822, "params": {"C": 587.1869189741072, "gamma": 0.04663230624953346}, "datetime": {"datetime": "2021-06-22 00:07:22", "elapsed": 34.498556, "delta": 0.547521}}
{"target": -12.563598817603028, "params": {"C": 477.9383296310481, "gamma": 0.015659759125559176}, "datetime": {"datetime": "2021-06-22 00:07:23", "elapsed": 35.018521, "delta": 0.519965}}
{"target": -11.975693988342414, "params": {"C": 573.3747806835509, "gamma": 0.027590088690310197}, "datetime": {"datetime": "2021-06-22 00:07:23", "elapsed": 35.529053, "delta": 0.510532}}
{"target": -11.904999164570947, "params": {"C": 632.9270653196605, "gamma": 0.024633954239193803}, "datetime": {"datetime": "2021-06-22 00:07:24", "elapsed": 36.197209, "delta": 0.668156}}
{"target": -11.667527066337344, "params": {"C": 729.8989254124851, "gamma": 0.03381737228421724}, "datetime": {"datetime": "2021-06-22 00:07:24", "elapsed": 36.712472, "delta": 0.515263}}
{"target": -12.48122092129679, "params": {"C": 471.2282302736623, "gamma": 0.017662608584129727}, "datetime": {"datetime": "2021-06-22 00:07:25", "elapsed": 37.21627, "delta": 0.503798}}
{"target": -11.777267843466444, "params": {"C": 679.9584237160514, "gamma": 0.039490773101093855}, "datetime": {"datetime": "2021-06-22 00:07:25", "elapsed": 37.76927, "delta": 0.553}}
{"target": -12.436457875348298, "params": {"C": 714.3767871409348, "gamma": 0.010960436924382155}, "datetime": {"datetime": "2021-06-22 00:07:26", "elapsed": 38.366867, "delta": 0.597597}}
{"target": -12.151590970853617, "params": {"C": 718.1266263006405, "gamma": 0.014670148734712665}, "datetime": {"datetime": "2021-06-22 00:07:26", "elapsed": 38.850864, "delta": 0.483997}}
{"target": -12.38077613049061, "params": {"C": 561.5007637478298, "gamma": 0.015435070791474537}, "datetime": {"datetime": "2021-06-22 00:07:27", "elapsed": 39.340859, "delta": 0.489995}}
{"target": -11.945405841472196, "params": {"C": 592.9471506979423, "gamma": 0.04011641105086955}, "datetime": {"datetime": "2021-06-22 00:07:27", "elapsed": 39.842868, "delta": 0.502009}}
{"target": -12.062285455588718, "params": {"C": 579.4726089868409, "gamma": 0.04809090272026696}, "datetime": {"datetime": "2021-06-22 00:07:28", "elapsed": 40.306868, "delta": 0.464}}
{"target": -11.737760019340788, "params": {"C": 687.8215102530311, "gamma": 0.035102406056199825}, "datetime": {"datetime": "2021-06-22 00:07:28", "elapsed": 40.765868, "delta": 0.459}}
{"target": -11.79245540839164, "params": {"C": 734.2273096851679, "gamma": 0.022470332871101673}, "datetime": {"datetime": "2021-06-22 00:07:29", "elapsed": 41.350861, "delta": 0.584993}}
{"target": -12.660831845989701, "params": {"C": 722.1878322564629, "gamma": 0.009}, "datetime": {"datetime": "2021-06-22 00:07:29", "elapsed": 41.879857, "delta": 0.528996}}
{"target": -11.748302371030226, "params": {"C": 725.7252105971197, "gamma": 0.02483957406031976}, "datetime": {"datetime": "2021-06-22 00:07:30", "elapsed": 42.436861, "delta": 0.557004}}
{"target": -12.811352422253849, "params": {"C": 403.2836291198783, "gamma": 0.015203494535843355}, "datetime": {"datetime": "2021-06-22 00:07:31", "elapsed": 42.992861, "delta": 0.556}}
{"target": -12.17820629629034, "params": {"C": 540.0135668939156, "gamma": 0.05}, "datetime": {"datetime": "2021-06-22 00:07:31", "elapsed": 43.460904, "delta": 0.468043}}
{"target": -11.942813918590293, "params": {"C": 599.8661185222743, "gamma": 0.026102728937689536}, "datetime": {"datetime": "2021-06-22 00:07:32", "elapsed": 43.973863, "delta": 0.512959}}
{"target": -12.159227156590164, "params": {"C": 547.8608740170463, "gamma": 0.05}, "datetime": {"datetime": "2021-06-22 00:07:32", "elapsed": 44.537902, "delta": 0.564039}}
{"target": -11.815892237509306, "params": {"C": 703.9269811898852, "gamma": 0.02331162762592523}, "datetime": {"datetime": "2021-06-22 00:07:33", "elapsed": 45.069897, "delta": 0.531995}}
{"target": -12.272060186828169, "params": {"C": 696.2712618373871, "gamma": 0.013330118623550307}, "datetime": {"datetime": "2021-06-22 00:07:33", "elapsed": 45.522868, "delta": 0.452971}}
{"target": -11.710546744133932, "params": {"C": 700.0780714858596, "gamma": 0.030760809523458617}, "datetime": {"datetime": "2021-06-22 00:07:34", "elapsed": 46.123864, "delta": 0.600996}}
{"target": -11.80605983879381, "params": {"C": 692.5994554822728, "gamma": 0.024524487739293548}, "datetime": {"datetime": "2021-06-22 00:07:34", "elapsed": 46.745901, "delta": 0.622037}}
{"target": -12.781297816405889, "params": {"C": 527.5864153704331, "gamma": 0.011154011910857433}, "datetime": {"datetime": "2021-06-22 00:07:35", "elapsed": 47.240861, "delta": 0.49496}}
{"target": -12.967173535991048, "params": {"C": 532.3446720217987, "gamma": 0.00963651748592179}, "datetime": {"datetime": "2021-06-22 00:07:35", "elapsed": 47.718868, "delta": 0.478007}}
{"target": -12.177790086961537, "params": {"C": 523.1353209624875, "gamma": 0.04702041483143189}, "datetime": {"datetime": "2021-06-22 00:07:36", "elapsed": 48.315869, "delta": 0.597001}}
{"target": -12.892323524999785, "params": {"C": 604.5568315002446, "gamma": 0.009}, "datetime": {"datetime": "2021-06-22 00:07:36", "elapsed": 48.894897, "delta": 0.579028}}
{"target": -12.074562597817245, "params": {"C": 518.0861217958753, "gamma": 0.03634115372330564}, "datetime": {"datetime": "2021-06-22 00:07:37", "elapsed": 49.403868, "delta": 0.508971}}
{"target": -11.96017336746756, "params": {"C": 641.3965420766256, "gamma": 0.021785283353613634}, "datetime": {"datetime": "2021-06-22 00:07:38", "elapsed": 49.989902, "delta": 0.586034}}
{"target": -12.776380077988883, "params": {"C": 660.0555146198893, "gamma": 0.009}, "datetime": {"datetime": "2021-06-22 00:07:38", "elapsed": 50.617869, "delta": 0.627967}}
{"target": -12.10645272773733, "params": {"C": 663.924755678026, "gamma": 0.01704226978137488}, "datetime": {"datetime": "2021-06-22 00:07:39", "elapsed": 51.180861, "delta": 0.562992}}
{"target": -12.097505291494533, "params": {"C": 570.9938869785313, "gamma": 0.049400188367049}, "datetime": {"datetime": "2021-06-22 00:07:39", "elapsed": 51.804864, "delta": 0.624003}}
{"target": -11.869804370360033, "params": {"C": 656.6347100031519, "gamma": 0.04461946410683971}, "datetime": {"datetime": "2021-06-22 00:07:40", "elapsed": 52.336864, "delta": 0.532}}
{"target": -11.849410501386997, "params": {"C": 622.8005965787311, "gamma": 0.034850933627663484}, "datetime": {"datetime": "2021-06-22 00:07:40", "elapsed": 52.863869, "delta": 0.527005}}
{"target": -11.647505876563375, "params": {"C": 742.020688423858, "gamma": 0.03114050190923931}, "datetime": {"datetime": "2021-06-22 00:07:41", "elapsed": 53.453861, "delta": 0.589992}}
{"target": -12.492044118627584, "params": {"C": 608.6556344772085, "gamma": 0.01237474496804122}, "datetime": {"datetime": "2021-06-22 00:07:42", "elapsed": 54.009868, "delta": 0.556007}}
{"target": -11.602148848622097, "params": {"C": 775.1572099692626, "gamma": 0.034882834659052696}, "datetime": {"datetime": "2021-06-22 00:07:42", "elapsed": 54.53186, "delta": 0.521992}}
{"target": -12.238117852871207, "params": {"C": 612.1104041692404, "gamma": 0.016235269287121698}, "datetime": {"datetime": "2021-06-22 00:07:43", "elapsed": 55.04386, "delta": 0.512}}
{"target": -11.57662221718084, "params": {"C": 794.051655266241, "gamma": 0.035592880019370526}, "datetime": {"datetime": "2021-06-22 00:07:43", "elapsed": 55.60686, "delta": 0.563}}
{"target": -12.704784341008747, "params": {"C": 637.525962219035, "gamma": 0.009783318104103138}, "datetime": {"datetime": "2021-06-22 00:07:44", "elapsed": 56.125904, "delta": 0.519044}}
{"target": -11.98956368254939, "params": {"C": 627.2225228450516, "gamma": 0.05}, "datetime": {"datetime": "2021-06-22 00:07:44", "elapsed": 56.668897, "delta": 0.542993}}
{"target": -12.80343160920433, "params": {"C": 510.02130456733585, "gamma": 0.011370560880318369}, "datetime": {"datetime": "2021-06-22 00:07:45", "elapsed": 57.269463, "delta": 0.600566}}
{"target": -12.09437740071234, "params": {"C": 505.41527965761907, "gamma": 0.03365858696496495}, "datetime": {"datetime": "2021-06-22 00:07:45", "elapsed": 57.860789, "delta": 0.591326}}
{"target": -11.818260738757184, "params": {"C": 711.0993283565128, "gamma": 0.04864359731818235}, "datetime": {"datetime": "2021-06-22 00:07:46", "elapsed": 58.447487, "delta": 0.586698}}
{"target": -12.303808001700094, "params": {"C": 781.7379174801788, "gamma": 0.011376173966811402}, "datetime": {"datetime": "2021-06-22 00:07:47", "elapsed": 58.998489, "delta": 0.551002}}
{"target": -11.59473066592254, "params": {"C": 778.783851469804, "gamma": 0.03216095728159578}, "datetime": {"datetime": "2021-06-22 00:07:47", "elapsed": 59.630716, "delta": 0.632227}}
{"target": -12.362768184509596, "params": {"C": 461.5417742778951, "gamma": 0.04807494354106992}, "datetime": {"datetime": "2021-06-22 00:07:48", "elapsed": 60.258305, "delta": 0.627589}}
{"target": -11.587414658389978, "params": {"C": 784.4232371584205, "gamma": 0.03378767877869159}, "datetime": {"datetime": "2021-06-22 00:07:48", "elapsed": 60.775224, "delta": 0.516919}}
{"target": -12.44071993224357, "params": {"C": 413.41413805031164, "gamma": 0.04248258469606111}, "datetime": {"datetime": "2021-06-22 00:07:49", "elapsed": 61.302867, "delta": 0.527643}}
{"target": -12.487279712697088, "params": {"C": 430.61405909726955, "gamma": 0.0496272197458745}, "datetime": {"datetime": "2021-06-22 00:07:49", "elapsed": 61.833902, "delta": 0.531035}}
{"target": -11.82997875105292, "params": {"C": 644.9978522381767, "gamma": 0.03819821364771966}, "datetime": {"datetime": "2021-06-22 00:07:50", "elapsed": 62.357564, "delta": 0.523662}}
{"target": -12.22794625032145, "params": {"C": 752.0552224348044, "gamma": 0.012810568176972275}, "datetime": {"datetime": "2021-06-22 00:07:51", "elapsed": 63.07786, "delta": 0.720296}}
{"target": -11.659521307142768, "params": {"C": 748.9212844767821, "gamma": 0.038653541050059595}, "datetime": {"datetime": "2021-06-22 00:07:51", "elapsed": 63.654119, "delta": 0.576259}}
{"target": -11.655215535697918, "params": {"C": 755.3293542219362, "gamma": 0.0392966754188798}, "datetime": {"datetime": "2021-06-22 00:07:52", "elapsed": 64.208161, "delta": 0.554042}}
{"target": -12.632958313932832, "params": {"C": 738.4646039744383, "gamma": 0.009}, "datetime": {"datetime": "2021-06-22 00:07:52", "elapsed": 64.780511, "delta": 0.57235}}
{"target": -11.799993083522816, "params": {"C": 653.0324767097347, "gamma": 0.03579055700898568}, "datetime": {"datetime": "2021-06-22 00:07:53", "elapsed": 65.449804, "delta": 0.669293}}
{"target": -12.168195607697788, "params": {"C": 771.5396498716851, "gamma": 0.013266754939320202}, "datetime": {"datetime": "2021-06-22 00:07:54", "elapsed": 66.022426, "delta": 0.572622}}
{"target": -12.228353674571402, "params": {"C": 672.7324312477306, "gamma": 0.014566026100977182}, "datetime": {"datetime": "2021-06-22 00:07:54", "elapsed": 66.617848, "delta": 0.595422}}
{"target": -11.650642467350837, "params": {"C": 790.6375291691852, "gamma": 0.024991317771903276}, "datetime": {"datetime": "2021-06-22 00:07:55", "elapsed": 67.371696, "delta": 0.753848}}
{"target": -12.422648262045865, "params": {"C": 678.4863052487563, "gamma": 0.011742921856939516}, "datetime": {"datetime": "2021-06-22 00:07:56", "elapsed": 68.045696, "delta": 0.674}}
{"target": -11.755557804779663, "params": {"C": 681.5825949038704, "gamma": 0.03669962298156246}, "datetime": {"datetime": "2021-06-22 00:07:56", "elapsed": 68.676498, "delta": 0.630802}}
{"target": -12.749336895328911, "params": {"C": 634.3282392122071, "gamma": 0.009517097475035716}, "datetime": {"datetime": "2021-06-22 00:07:57", "elapsed": 69.313488, "delta": 0.63699}}
{"target": -11.948512510944354, "params": {"C": 631.491739021639, "gamma": 0.04738298323760068}, "datetime": {"datetime": "2021-06-22 00:07:57", "elapsed": 69.913351, "delta": 0.599863}}
{"target": -13.006890942538476, "params": {"C": 496.10008987925437, "gamma": 0.010069360476219494}, "datetime": {"datetime": "2021-06-22 00:07:58", "elapsed": 70.489603, "delta": 0.576252}}
{"target": -12.604980242635602, "params": {"C": 423.8499178987404, "gamma": 0.01795389843245754}, "datetime": {"datetime": "2021-06-22 00:07:59", "elapsed": 71.354911, "delta": 0.865308}}
{"target": -12.216919779890738, "params": {"C": 500.9214009529438, "gamma": 0.02306389708926925}, "datetime": {"datetime": "2021-06-22 00:08:00", "elapsed": 71.939285, "delta": 0.584374}}
{"target": -12.473305554565457, "params": {"C": 436.88079475414816, "gamma": 0.05}, "datetime": {"datetime": "2021-06-22 00:08:00", "elapsed": 72.584938, "delta": 0.645653}}
{"target": -12.609834178211152, "params": {"C": 668.0408298852674, "gamma": 0.01004603836382196}, "datetime": {"datetime": "2021-06-22 00:08:01", "elapsed": 73.333607, "delta": 0.748669}}
{"target": -12.353243346153391, "params": {"C": 465.8398488721296, "gamma": 0.02154782036100272}, "datetime": {"datetime": "2021-06-22 00:08:01", "elapsed": 73.906589, "delta": 0.572982}}
{"target": -12.289882496670804, "params": {"C": 492.4453792375738, "gamma": 0.04934531941001272}, "datetime": {"datetime": "2021-06-22 00:08:02", "elapsed": 74.602181, "delta": 0.695592}}
{"target": -12.103044007091142, "params": {"C": 615.3557445924052, "gamma": 0.019018860310549897}, "datetime": {"datetime": "2021-06-22 00:08:03", "elapsed": 75.299887, "delta": 0.697706}}
{"target": -11.716644850682757, "params": {"C": 768.6603921011938, "gamma": 0.04770394552931182}, "datetime": {"datetime": "2021-06-22 00:08:03", "elapsed": 75.903805, "delta": 0.603918}}
{"target": -12.14734378862721, "params": {"C": 486.8585501879394, "gamma": 0.03539679610161272}, "datetime": {"datetime": "2021-06-22 00:08:04", "elapsed": 76.545357, "delta": 0.641552}}
{"target": -12.474455069169506, "params": {"C": 418.9548637406076, "gamma": 0.04640343353133214}, "datetime": {"datetime": "2021-06-22 00:08:05", "elapsed": 77.439971, "delta": 0.894614}}
{"target": -11.814714555651355, "params": {"C": 707.1205536529283, "gamma": 0.047691262591498335}, "datetime": {"datetime": "2021-06-22 00:08:06", "elapsed": 78.056762, "delta": 0.616791}}
{"target": -11.882537528160949, "params": {"C": 649.6369012038027, "gamma": 0.02425608070867833}, "datetime": {"datetime": "2021-06-22 00:08:06", "elapsed": 78.668258, "delta": 0.611496}}
{"target": -11.760116698264216, "params": {"C": 689.0312149526023, "gamma": 0.02781748295658716}, "datetime": {"datetime": "2021-06-22 00:08:07", "elapsed": 79.263482, "delta": 0.595224}}
{"target": -12.107221705968504, "params": {"C": 745.1980849335303, "gamma": 0.014747382736919439}, "datetime": {"datetime": "2021-06-22 00:08:08", "elapsed": 80.012836, "delta": 0.749354}}
{"target": -12.6534766730116, "params": {"C": 591.506558133304, "gamma": 0.010951707078876086}, "datetime": {"datetime": "2021-06-22 00:08:08", "elapsed": 80.631401, "delta": 0.618565}}
{"target": -12.380005123252136, "params": {"C": 594.3854517913915, "gamma": 0.014333756425540096}, "datetime": {"datetime": "2021-06-22 00:08:09", "elapsed": 81.405887, "delta": 0.774486}}
{"target": -12.400005080558927, "params": {"C": 588.6599907566956, "gamma": 0.01419294699032584}, "datetime": {"datetime": "2021-06-22 00:08:10", "elapsed": 82.029193, "delta": 0.623306}}
{"target": -11.960386692064562, "params": {"C": 585.4806874099955, "gamma": 0.04009471893750449}, "datetime": {"datetime": "2021-06-22 00:08:10", "elapsed": 82.663083, "delta": 0.63389}}
{"target": -12.797311690311593, "params": {"C": 563.7602122606493, "gamma": 0.010294755582225933}, "datetime": {"datetime": "2021-06-22 00:08:11", "elapsed": 83.346689, "delta": 0.683606}}
{"target": -12.461899014724231, "params": {"C": 619.0321006829593, "gamma": 0.012505693444320384}, "datetime": {"datetime": "2021-06-22 00:08:12", "elapsed": 84.134443, "delta": 0.787754}}
{"target": -11.617509039344299, "params": {"C": 764.765253258258, "gamma": 0.03007821769019014}, "datetime": {"datetime": "2021-06-22 00:08:12", "elapsed": 84.916755, "delta": 0.782312}}
