{"target": -23.074801047211956, "params": {"C": 9.873196807360216, "gamma": 0.03222811755355719}, "datetime": {"datetime": "2021-06-21 22:05:42", "elapsed": 71.579632, "delta": 0.874004}}
{"target": -23.140412579552844, "params": {"C": 9.68637134736198, "gamma": 0.03233675395886642}, "datetime": {"datetime": "2021-06-21 22:05:43", "elapsed": 72.639647, "delta": 1.060015}}
{"target": -23.5703998557126, "params": {"C": 9.91723693193481, "gamma": 0.04581743276736213}, "datetime": {"datetime": "2021-06-21 22:05:44", "elapsed": 73.765409, "delta": 1.125762}}
{"target": -23.82759716675158, "params": {"C": 9.967860309040486, "gamma": 0.05296636871054266}, "datetime": {"datetime": "2021-06-21 22:05:45", "elapsed": 74.818967, "delta": 1.053558}}
{"target": -23.693117770862486, "params": {"C": 9.948704501445597, "gamma": 0.04933491528406065}, "datetime": {"datetime": "2021-06-21 22:05:46", "elapsed": 75.997771, "delta": 1.178804}}
{"target": -22.817574749626125, "params": {"C": 9.696515536918145, "gamma": 0.01994732704825935}, "datetime": {"datetime": "2021-06-21 22:05:47", "elapsed": 77.370779, "delta": 1.373008}}
{"target": -22.827719490563428, "params": {"C": 9.909483772019794, "gamma": 0.024794024269833508}, "datetime": {"datetime": "2021-06-21 22:05:49", "elapsed": 78.529791, "delta": 1.159012}}
{"target": -24.14039646352908, "params": {"C": 9.76705439342533, "gamma": 0.05910653929182833}, "datetime": {"datetime": "2021-06-21 22:05:50", "elapsed": 79.807403, "delta": 1.277612}}
{"target": -22.97167593822437, "params": {"C": 9.89730940122256, "gamma": 0.0294745757539718}, "datetime": {"datetime": "2021-06-21 22:05:51", "elapsed": 81.106639, "delta": 1.299236}}
{"target": -23.378764499528536, "params": {"C": 9.674930448168592, "gamma": 0.03864956801173121}, "datetime": {"datetime": "2021-06-21 22:05:53", "elapsed": 82.706465, "delta": 1.599826}}
{"target": -23.68147045077785, "params": {"C": 9.625958137877783, "gamma": 0.04622072091732917}, "datetime": {"datetime": "2021-06-21 22:05:54", "elapsed": 83.955587, "delta": 1.249122}}
{"target": -22.885973539465237, "params": {"C": 9.812122488634007, "gamma": 0.025784075171331796}, "datetime": {"datetime": "2021-06-21 22:05:55", "elapsed": 85.175483, "delta": 1.219896}}
{"target": -23.722000320901586, "params": {"C": 9.795516072943625, "gamma": 0.04875717073567281}, "datetime": {"datetime": "2021-06-21 22:05:56", "elapsed": 86.309019, "delta": 1.133536}}
{"target": -25.17028306064223, "params": {"C": 9.649265896514946, "gamma": 0.004359260397496298}, "datetime": {"datetime": "2021-06-21 22:05:58", "elapsed": 87.62233, "delta": 1.313311}}
{"target": -22.83404669568446, "params": {"C": 9.680601265825059, "gamma": 0.0172864404696471}, "datetime": {"datetime": "2021-06-21 22:05:59", "elapsed": 88.859333, "delta": 1.237003}}
{"target": -23.03906127658493, "params": {"C": 9.794833720549942, "gamma": 0.030472784403053017}, "datetime": {"datetime": "2021-06-21 22:06:01", "elapsed": 90.520549, "delta": 1.661216}}
{"target": -22.81407819609039, "params": {"C": 9.817521681538613, "gamma": 0.0229180676005296}, "datetime": {"datetime": "2021-06-21 22:06:02", "elapsed": 92.01755, "delta": 1.497001}}
{"target": -25.21427475991498, "params": {"C": 9.706632519894985, "gamma": 0.08928605026604078}, "datetime": {"datetime": "2021-06-21 22:06:04", "elapsed": 93.641934, "delta": 1.624384}}
{"target": -24.77103151969189, "params": {"C": 9.6451227213122, "gamma": 0.07520016890294702}, "datetime": {"datetime": "2021-06-21 22:06:05", "elapsed": 94.834168, "delta": 1.192234}}
{"target": -24.29951281982487, "params": {"C": 9.672039529047744, "gamma": 0.06243211090215767}, "datetime": {"datetime": "2021-06-21 22:06:06", "elapsed": 96.256864, "delta": 1.422696}}
{"target": -23.80038488524654, "params": {"C": 9.94265736946844, "gamma": 0.05207355468373317}, "datetime": {"datetime": "2021-06-21 22:06:07", "elapsed": 97.398041, "delta": 1.141177}}
{"target": -24.18533605628685, "params": {"C": 9.643481086713125, "gamma": 0.059125048255555604}, "datetime": {"datetime": "2021-06-21 22:06:09", "elapsed": 98.91699, "delta": 1.518949}}
{"target": -22.854525669913155, "params": {"C": 9.588179238684614, "gamma": 0.019228315893962403}, "datetime": {"datetime": "2021-06-21 22:06:10", "elapsed": 100.399245, "delta": 1.482255}}
{"target": -22.888663865677486, "params": {"C": 9.59804928569659, "gamma": 0.01596244815974283}, "datetime": {"datetime": "2021-06-21 22:06:12", "elapsed": 101.932418, "delta": 1.533173}}
{"target": -23.27234336846209, "params": {"C": 9.60675979697005, "gamma": 0.03521668462371492}, "datetime": {"datetime": "2021-06-21 22:06:13", "elapsed": 103.377378, "delta": 1.44496}}
{"target": -23.01037203295404, "params": {"C": 9.697533062108617, "gamma": 0.028648217540042625}, "datetime": {"datetime": "2021-06-21 22:06:15", "elapsed": 104.863026, "delta": 1.485648}}
{"target": -22.916769284127913, "params": {"C": 9.628283181629165, "gamma": 0.0246561453253488}, "datetime": {"datetime": "2021-06-21 22:06:17", "elapsed": 106.44755, "delta": 1.584524}}
{"target": -24.278705170982164, "params": {"C": 9.590480852353927, "gamma": 0.06108193666929839}, "datetime": {"datetime": "2021-06-21 22:06:18", "elapsed": 108.333551, "delta": 1.886001}}
{"target": -22.773346325471095, "params": {"C": 9.896420534505127, "gamma": 0.022124006221938494}, "datetime": {"datetime": "2021-06-21 22:06:20", "elapsed": 109.993554, "delta": 1.660003}}
{"target": -22.830771925813945, "params": {"C": 9.948571316971869, "gamma": 0.025393251633439768}, "datetime": {"datetime": "2021-06-21 22:06:22", "elapsed": 111.619552, "delta": 1.625998}}
{"target": -23.277215850605618, "params": {"C": 9.560939721925513, "gamma": 0.03493342950930789}, "datetime": {"datetime": "2021-06-21 22:06:24", "elapsed": 113.530554, "delta": 1.911002}}
{"target": -22.877701830415074, "params": {"C": 9.548358387323466, "gamma": 0.02101810590821798}, "datetime": {"datetime": "2021-06-21 22:06:25", "elapsed": 115.094665, "delta": 1.564111}}
{"target": -25.051455037907477, "params": {"C": 9.617384124994187, "gamma": 0.08318788783997097}, "datetime": {"datetime": "2021-06-21 22:06:27", "elapsed": 116.545954, "delta": 1.451289}}
{"target": -23.245083093774817, "params": {"C": 9.467322952928512, "gamma": 0.03319724192656056}, "datetime": {"datetime": "2021-06-21 22:06:28", "elapsed": 117.857588, "delta": 1.311634}}
{"target": -23.166481868615595, "params": {"C": 9.605466948033508, "gamma": 0.011300596744005114}, "datetime": {"datetime": "2021-06-21 22:06:29", "elapsed": 119.277523, "delta": 1.419935}}
{"target": -25.208802898721487, "params": {"C": 9.450637443818465, "gamma": 0.08606055710111282}, "datetime": {"datetime": "2021-06-21 22:06:31", "elapsed": 120.82999, "delta": 1.552467}}
{"target": -22.889291498413776, "params": {"C": 9.497872899454515, "gamma": 0.018337502822852837}, "datetime": {"datetime": "2021-06-21 22:06:33", "elapsed": 122.771613, "delta": 1.941623}}
{"target": -22.83080601441753, "params": {"C": 9.962044220308236, "gamma": 0.014056086522331177}, "datetime": {"datetime": "2021-06-21 22:06:37", "elapsed": 126.786222, "delta": 2.248213}}
{"target": -22.9206505483728, "params": {"C": 9.657325948579734, "gamma": 0.014439130417367742}, "datetime": {"datetime": "2021-06-21 22:06:39", "elapsed": 128.58752, "delta": 1.801298}}
{"target": -28.49820899222177, "params": {"C": 9.94584933761648, "gamma": 0.0014963604874692685}, "datetime": {"datetime": "2021-06-21 22:06:41", "elapsed": 130.461278, "delta": 1.873758}}
{"target": -23.433626593661163, "params": {"C": 9.783476025575796, "gamma": 0.04104082667730686}, "datetime": {"datetime": "2021-06-21 22:06:42", "elapsed": 132.073254, "delta": 1.611976}}
{"target": -23.204383082142026, "params": {"C": 9.510114293072904, "gamma": 0.032471454694798355}, "datetime": {"datetime": "2021-06-21 22:06:44", "elapsed": 133.791449, "delta": 1.718195}}
{"target": -22.852905864445017, "params": {"C": 9.815246441153038, "gamma": 0.01469609240831726}, "datetime": {"datetime": "2021-06-21 22:06:45", "elapsed": 135.378685, "delta": 1.587236}}
{"target": -22.896136179274595, "params": {"C": 9.508288066772353, "gamma": 0.01723346253028657}, "datetime": {"datetime": "2021-06-21 22:06:48", "elapsed": 137.513733, "delta": 2.135048}}
{"target": -22.771609062611162, "params": {"C": 9.838799536195358, "gamma": 0.020522450619572474}, "datetime": {"datetime": "2021-06-21 22:06:50", "elapsed": 139.610537, "delta": 2.096804}}
{"target": -23.298599379049122, "params": {"C": 9.432723789460534, "gamma": 0.034338051383199085}, "datetime": {"datetime": "2021-06-21 22:06:52", "elapsed": 141.655433, "delta": 2.044896}}
{"target": -29.582355348709616, "params": {"C": 9.526195516579268, "gamma": 0.001131797232502577}, "datetime": {"datetime": "2021-06-21 22:06:53", "elapsed": 143.405532, "delta": 1.750099}}
{"target": -22.76856376977318, "params": {"C": 9.83258746349493, "gamma": 0.01893051564690385}, "datetime": {"datetime": "2021-06-21 22:06:55", "elapsed": 144.962342, "delta": 1.55681}}
{"target": -23.46038316027254, "params": {"C": 9.425736087115302, "gamma": 0.03858878638437088}, "datetime": {"datetime": "2021-06-21 22:06:57", "elapsed": 146.648176, "delta": 1.685834}}
{"target": -23.11372701799397, "params": {"C": 9.585653339792351, "gamma": 0.011909382674978642}, "datetime": {"datetime": "2021-06-21 22:06:58", "elapsed": 148.274174, "delta": 1.625998}}
{"target": -23.00390379744898, "params": {"C": 9.61838680659576, "gamma": 0.02761084192545547}, "datetime": {"datetime": "2021-06-21 22:07:00", "elapsed": 149.607177, "delta": 1.333003}}
{"target": -23.9618316424486, "params": {"C": 9.522333205947373, "gamma": 0.052350367130930366}, "datetime": {"datetime": "2021-06-21 22:07:02", "elapsed": 151.580176, "delta": 1.972999}}
{"target": -22.94138550163051, "params": {"C": 9.438542123736498, "gamma": 0.02274920827849534}, "datetime": {"datetime": "2021-06-21 22:07:03", "elapsed": 153.169024, "delta": 1.588848}}
{"target": -23.593377115680138, "params": {"C": 9.712228177750786, "gamma": 0.044636340200799006}, "datetime": {"datetime": "2021-06-21 22:07:05", "elapsed": 155.216332, "delta": 2.047308}}
{"target": -22.976304493736414, "params": {"C": 9.56529631148365, "gamma": 0.02608390291632762}, "datetime": {"datetime": "2021-06-21 22:07:07", "elapsed": 156.980225, "delta": 1.763893}}
{"target": -23.054185535287484, "params": {"C": 9.629332645324993, "gamma": 0.029292245306693842}, "datetime": {"datetime": "2021-06-21 22:07:09", "elapsed": 158.724953, "delta": 1.744728}}
{"target": -22.954786060953218, "params": {"C": 9.65629545043353, "gamma": 0.026394117282356463}, "datetime": {"datetime": "2021-06-21 22:07:11", "elapsed": 160.620954, "delta": 1.896001}}
{"target": -22.922302394612636, "params": {"C": 9.465656584335044, "gamma": 0.02218569356488827}, "datetime": {"datetime": "2021-06-21 22:07:13", "elapsed": 162.499951, "delta": 1.878997}}
{"target": -23.029835123849168, "params": {"C": 9.670310938555193, "gamma": 0.028968042181982897}, "datetime": {"datetime": "2021-06-21 22:07:14", "elapsed": 164.289952, "delta": 1.790001}}
{"target": -23.443423443101743, "params": {"C": 9.846717485423733, "gamma": 0.008754473856262416}, "datetime": {"datetime": "2021-06-21 22:07:16", "elapsed": 166.194951, "delta": 1.904999}}
{"target": -22.958950992700622, "params": {"C": 9.912441242837165, "gamma": 0.012352416725079626}, "datetime": {"datetime": "2021-06-21 22:07:18", "elapsed": 167.948952, "delta": 1.754001}}
{"target": -23.260500799501884, "params": {"C": 9.620009747856281, "gamma": 0.035017565965131246}, "datetime": {"datetime": "2021-06-21 22:07:20", "elapsed": 169.958953, "delta": 2.010001}}
{"target": -22.90627700246893, "params": {"C": 9.454038994640745, "gamma": 0.020328325282477983}, "datetime": {"datetime": "2021-06-21 22:07:22", "elapsed": 172.155952, "delta": 2.196999}}
{"target": -23.647076632701737, "params": {"C": 9.664449043028808, "gamma": 0.04564376625048115}, "datetime": {"datetime": "2021-06-21 22:07:25", "elapsed": 174.80948, "delta": 2.653528}}
{"target": -22.92656773622721, "params": {"C": 9.49271528775345, "gamma": 0.02299496960560734}, "datetime": {"datetime": "2021-06-21 22:07:27", "elapsed": 177.349319, "delta": 2.539839}}
{"target": -23.252498725224836, "params": {"C": 9.80752034668074, "gamma": 0.03647123120640176}, "datetime": {"datetime": "2021-06-21 22:07:30", "elapsed": 179.577312, "delta": 2.227993}}
{"target": -22.922264036882638, "params": {"C": 9.667690655841383, "gamma": 0.014325091842523292}, "datetime": {"datetime": "2021-06-21 22:07:32", "elapsed": 181.895311, "delta": 2.317999}}
{"target": -22.95973112201822, "params": {"C": 9.479247614030015, "gamma": 0.024336702081769482}, "datetime": {"datetime": "2021-06-21 22:07:34", "elapsed": 183.825312, "delta": 1.930001}}
{"target": -25.535124079023625, "params": {"C": 9.680954368729294, "gamma": 0.003822228392454331}, "datetime": {"datetime": "2021-06-21 22:07:36", "elapsed": 186.056891, "delta": 2.231579}}
{"target": -22.850572080601548, "params": {"C": 9.603765014088792, "gamma": 0.01996252555327478}, "datetime": {"datetime": "2021-06-21 22:07:38", "elapsed": 188.05758, "delta": 2.000689}}
{"target": -23.008154844802995, "params": {"C": 9.722450105908687, "gamma": 0.028834687752978375}, "datetime": {"datetime": "2021-06-21 22:07:40", "elapsed": 189.945538, "delta": 1.887958}}
{"target": -23.155622034872046, "params": {"C": 9.831598778930932, "gamma": 0.010669610327794676}, "datetime": {"datetime": "2021-06-21 22:07:42", "elapsed": 191.802867, "delta": 1.857329}}
{"target": -23.224224452508572, "params": {"C": 9.49689044830199, "gamma": 0.03289813306674068}, "datetime": {"datetime": "2021-06-21 22:07:44", "elapsed": 193.931286, "delta": 2.128419}}
{"target": -24.89408110623721, "params": {"C": 9.474935159170814, "gamma": 0.004949684448854691}, "datetime": {"datetime": "2021-06-21 22:07:46", "elapsed": 196.139605, "delta": 2.208319}}
{"target": -22.949706606821323, "params": {"C": 9.58643428245978, "gamma": 0.02537967920676586}, "datetime": {"datetime": "2021-06-21 22:07:49", "elapsed": 198.443721, "delta": 2.304116}}
{"target": -22.85342441950773, "params": {"C": 9.72131151841748, "gamma": 0.015652704700323542}, "datetime": {"datetime": "2021-06-21 22:07:51", "elapsed": 200.571662, "delta": 2.127941}}
{"target": -24.288661019075505, "params": {"C": 9.480057397967862, "gamma": 0.06026439974095318}, "datetime": {"datetime": "2021-06-21 22:07:53", "elapsed": 203.076785, "delta": 2.505123}}
{"target": -22.721378678189712, "params": {"C": 9.976607389167764, "gamma": 0.020079046401338806}, "datetime": {"datetime": "2021-06-21 22:07:55", "elapsed": 205.297631, "delta": 2.220846}}
{"target": -25.3491100531057, "params": {"C": 9.408362344625306, "gamma": 0.08996007613428697}, "datetime": {"datetime": "2021-06-21 22:07:58", "elapsed": 207.880971, "delta": 2.58334}}
{"target": -26.0581734996019, "params": {"C": 9.489700822287123, "gamma": 0.11621741761318526}, "datetime": {"datetime": "2021-06-21 22:08:01", "elapsed": 210.759729, "delta": 2.878758}}
{"target": -23.4850180162053, "params": {"C": 9.592472307067496, "gamma": 0.04072103755812807}, "datetime": {"datetime": "2021-06-21 22:08:03", "elapsed": 212.777024, "delta": 2.017295}}
{"target": -23.730657886178303, "params": {"C": 9.446268166442763, "gamma": 0.04591072015751209}, "datetime": {"datetime": "2021-06-21 22:08:05", "elapsed": 215.355299, "delta": 2.578275}}
{"target": -25.06659790970095, "params": {"C": 9.517173237182714, "gamma": 0.08250790574770148}, "datetime": {"datetime": "2021-06-21 22:08:08", "elapsed": 217.502332, "delta": 2.147033}}
{"target": -24.01174222269126, "params": {"C": 9.39457032271684, "gamma": 0.05242109555097239}, "datetime": {"datetime": "2021-06-21 22:08:10", "elapsed": 219.848682, "delta": 2.34635}}
{"target": -23.201819506320838, "params": {"C": 9.48167779380158, "gamma": 0.03213073061617589}, "datetime": {"datetime": "2021-06-21 22:08:12", "elapsed": 221.985216, "delta": 2.136534}}
{"target": -22.94629860324827, "params": {"C": 9.973572775570767, "gamma": 0.012243462142485576}, "datetime": {"datetime": "2021-06-21 22:08:15", "elapsed": 224.545993, "delta": 2.560777}}
{"target": -26.344083328811617, "params": {"C": 9.272890470908575, "gamma": 0.12358668482201161}, "datetime": {"datetime": "2021-06-21 22:08:17", "elapsed": 227.171539, "delta": 2.625546}}
{"target": -33.606093127684346, "params": {"C": 5.755668566778193, "gamma": 1.5664020594580979}, "datetime": {"datetime": "2021-06-21 22:08:20", "elapsed": 230.147534, "delta": 2.975995}}
{"target": -22.897171405849353, "params": {"C": 9.857089537471845, "gamma": 0.026690794255581775}, "datetime": {"datetime": "2021-06-21 22:08:22", "elapsed": 232.411532, "delta": 2.263998}}
{"target": -33.639532562679115, "params": {"C": 7.0679113159002, "gamma": 2.138123518158718}, "datetime": {"datetime": "2021-06-21 22:08:25", "elapsed": 234.743883, "delta": 2.332351}}
{"target": -23.002316536224686, "params": {"C": 9.648539204072312, "gamma": 0.027883204562551552}, "datetime": {"datetime": "2021-06-21 22:08:27", "elapsed": 237.260544, "delta": 2.516661}}
{"target": -23.15199811105239, "params": {"C": 9.406199149218825, "gamma": 0.02996316641291153}, "datetime": {"datetime": "2021-06-21 22:08:30", "elapsed": 239.686006, "delta": 2.425462}}
{"target": -23.392833230711737, "params": {"C": 9.962654074230299, "gamma": 0.04151225103749119}, "datetime": {"datetime": "2021-06-21 22:08:33", "elapsed": 242.645821, "delta": 2.959815}}
{"target": -23.57010624440278, "params": {"C": 9.455253849693644, "gamma": 0.041743548669228636}, "datetime": {"datetime": "2021-06-21 22:08:35", "elapsed": 245.338954, "delta": 2.693133}}
{"target": -23.318626131577634, "params": {"C": 9.397882047331947, "gamma": 0.03455881796885931}, "datetime": {"datetime": "2021-06-21 22:08:38", "elapsed": 247.884309, "delta": 2.545355}}
{"target": -23.219210373936612, "params": {"C": 9.381618127149743, "gamma": 0.031661250198507095}, "datetime": {"datetime": "2021-06-21 22:08:41", "elapsed": 250.614455, "delta": 2.730146}}
{"target": -22.99946414050147, "params": {"C": 9.552769186361802, "gamma": 0.026737602445066712}, "datetime": {"datetime": "2021-06-21 22:08:43", "elapsed": 253.267685, "delta": 2.65323}}
{"target": -22.96955769316387, "params": {"C": 9.68136588300976, "gamma": 0.027174522242596776}, "datetime": {"datetime": "2021-06-21 22:08:46", "elapsed": 255.887772, "delta": 2.620087}}
{"target": -24.360687259863948, "params": {"C": 9.566261391403607, "gamma": 0.06302762774421335}, "datetime": {"datetime": "2021-06-21 22:08:50", "elapsed": 259.661663, "delta": 3.773891}}
{"target": -23.26513853156748, "params": {"C": 9.732624064460385, "gamma": 0.03614787269527806}, "datetime": {"datetime": "2021-06-21 22:08:53", "elapsed": 262.668398, "delta": 3.006735}}
{"target": -22.772497240330146, "params": {"C": 9.820859910397003, "gamma": 0.01942248380658528}, "datetime": {"datetime": "2021-06-21 22:08:56", "elapsed": 265.658145, "delta": 2.989747}}
{"target": -22.99787515151358, "params": {"C": 9.411901262063788, "gamma": 0.014724493407815613}, "datetime": {"datetime": "2021-06-21 22:08:59", "elapsed": 268.8323, "delta": 3.174155}}
{"target": -34.09984270054441, "params": {"C": 4.938273019144534, "gamma": 4.153933843201714}, "datetime": {"datetime": "2021-06-21 22:09:02", "elapsed": 272.328033, "delta": 3.495733}}
{"target": -23.348023278253795, "params": {"C": 9.45053764934122, "gamma": 0.010264505102409695}, "datetime": {"datetime": "2021-06-21 22:09:06", "elapsed": 275.614133, "delta": 3.2861}}
{"target": -24.079735907786308, "params": {"C": 9.325096838161553, "gamma": 0.053464639346265865}, "datetime": {"datetime": "2021-06-21 22:09:09", "elapsed": 278.655493, "delta": 3.04136}}
{"target": -22.873762744439382, "params": {"C": 9.609935318915278, "gamma": 0.016425940986838448}, "datetime": {"datetime": "2021-06-21 22:09:11", "elapsed": 281.276691, "delta": 2.621198}}
{"target": -25.664192222693522, "params": {"C": 9.805012010063031, "gamma": 0.003603816612879461}, "datetime": {"datetime": "2021-06-21 22:09:14", "elapsed": 283.928524, "delta": 2.651833}}
{"target": -22.726285767340695, "params": {"C": 9.968985000822778, "gamma": 0.020360690242110364}, "datetime": {"datetime": "2021-06-21 22:09:18", "elapsed": 287.423604, "delta": 3.49508}}
{"target": -22.915218054483045, "params": {"C": 9.738116593210632, "gamma": 0.025958483697952003}, "datetime": {"datetime": "2021-06-21 22:09:21", "elapsed": 290.600915, "delta": 3.177311}}
{"target": -22.92941825714935, "params": {"C": 9.41071343086163, "gamma": 0.021217389742834256}, "datetime": {"datetime": "2021-06-21 22:09:24", "elapsed": 293.888797, "delta": 3.287882}}
{"target": -23.37006033871561, "params": {"C": 9.383695471449823, "gamma": 0.010288223568333064}, "datetime": {"datetime": "2021-06-21 22:09:27", "elapsed": 297.205652, "delta": 3.316855}}
{"target": -22.80510988439307, "params": {"C": 9.73291066090591, "gamma": 0.018443592312265805}, "datetime": {"datetime": "2021-06-21 22:09:30", "elapsed": 299.624644, "delta": 2.418992}}
{"target": -23.869264601025613, "params": {"C": 9.2988323514865, "gamma": 0.04807299844739097}, "datetime": {"datetime": "2021-06-21 22:09:32", "elapsed": 302.306206, "delta": 2.681562}}
{"target": -22.874499402736305, "params": {"C": 9.559249097728763, "gamma": 0.017497932993864485}, "datetime": {"datetime": "2021-06-21 22:09:35", "elapsed": 304.774545, "delta": 2.468339}}
{"target": -25.558579829505312, "params": {"C": 9.35490272788868, "gamma": 0.09620135426690352}, "datetime": {"datetime": "2021-06-21 22:09:37", "elapsed": 307.404551, "delta": 2.630006}}
{"target": -24.77156007713323, "params": {"C": 9.427858918196431, "gamma": 0.005222426250346754}, "datetime": {"datetime": "2021-06-21 22:09:40", "elapsed": 310.178199, "delta": 2.773648}}
