{"target": -9.858277753621634, "params": {"C": 50769.86555338075, "gamma": 0.023298911822057233}, "datetime": {"datetime": "2021-06-22 09:25:32", "elapsed": 286.751536, "delta": 1.589955}}
{"target": -10.107057255339486, "params": {"C": 58887.52905133068, "gamma": 0.04311505184947687}, "datetime": {"datetime": "2021-06-22 09:25:34", "elapsed": 288.701593, "delta": 1.950057}}
{"target": -10.455125122317229, "params": {"C": 50963.234947831406, "gamma": 0.052902964209098076}, "datetime": {"datetime": "2021-06-22 09:25:36", "elapsed": 290.104684, "delta": 1.403091}}
{"target": -10.461255897265973, "params": {"C": 49642.836597359244, "gamma": 0.010479032294543642}, "datetime": {"datetime": "2021-06-22 09:25:37", "elapsed": 291.426894, "delta": 1.32221}}
{"target": -10.380373118141435, "params": {"C": 49757.13466726115, "gamma": 0.012119144590475873}, "datetime": {"datetime": "2021-06-22 09:25:38", "elapsed": 292.652839, "delta": 1.225945}}
{"target": -10.175604487106568, "params": {"C": 39330.35827112827, "gamma": 0.05098131283390024}, "datetime": {"datetime": "2021-06-22 09:25:40", "elapsed": 294.385948, "delta": 1.733109}}
{"target": -9.69413219053212, "params": {"C": 55084.46901548089, "gamma": 0.028917886534754397}, "datetime": {"datetime": "2021-06-22 09:25:41", "elapsed": 295.735852, "delta": 1.349904}}
{"target": -9.85918358805733, "params": {"C": 42909.003937600006, "gamma": 0.023140792179960665}, "datetime": {"datetime": "2021-06-22 09:25:43", "elapsed": 297.43301, "delta": 1.697158}}
{"target": -9.86729146168396, "params": {"C": 33583.87652350106, "gamma": 0.0231839673373366}, "datetime": {"datetime": "2021-06-22 09:25:45", "elapsed": 299.151081, "delta": 1.718071}}
{"target": -9.818643655643022, "params": {"C": 52249.419771686924, "gamma": 0.024528635391511466}, "datetime": {"datetime": "2021-06-22 09:25:46", "elapsed": 300.820567, "delta": 1.669486}}
{"target": -9.888652640937192, "params": {"C": 50641.38483563235, "gamma": 0.0404750291128602}, "datetime": {"datetime": "2021-06-22 09:25:48", "elapsed": 302.677835, "delta": 1.857268}}
{"target": -10.2279502293407, "params": {"C": 41140.622389779426, "gamma": 0.051588624078603144}, "datetime": {"datetime": "2021-06-22 09:25:50", "elapsed": 304.2479, "delta": 1.570065}}
{"target": -9.907110611194138, "params": {"C": 51304.241570570135, "gamma": 0.04074002162955269}, "datetime": {"datetime": "2021-06-22 09:25:51", "elapsed": 305.549512, "delta": 1.301612}}
{"target": -9.97923738403768, "params": {"C": 39788.7788963246, "gamma": 0.019979081806017505}, "datetime": {"datetime": "2021-06-22 09:25:53", "elapsed": 307.654266, "delta": 2.104754}}
{"target": -9.944337725951389, "params": {"C": 44600.19141153393, "gamma": 0.020652580811613076}, "datetime": {"datetime": "2021-06-22 09:25:55", "elapsed": 309.642349, "delta": 1.988083}}
{"target": -9.820158354056026, "params": {"C": 41502.97450927389, "gamma": 0.02446762466419221}, "datetime": {"datetime": "2021-06-22 09:25:57", "elapsed": 311.506913, "delta": 1.864564}}
{"target": -9.699326123508273, "params": {"C": 40312.57307161609, "gamma": 0.04000780395929964}, "datetime": {"datetime": "2021-06-22 09:25:59", "elapsed": 313.627082, "delta": 2.120169}}
{"target": -10.381349412366136, "params": {"C": 51925.724161944774, "gamma": 0.012097353111954545}, "datetime": {"datetime": "2021-06-22 09:26:01", "elapsed": 315.5159, "delta": 1.888818}}
{"target": -10.193291542097317, "params": {"C": 52011.91898913658, "gamma": 0.015515239365803363}, "datetime": {"datetime": "2021-06-22 09:26:03", "elapsed": 317.683217, "delta": 2.167317}}
{"target": -9.657930167392523, "params": {"C": 45356.929950674246, "gamma": 0.03283320095640047}, "datetime": {"datetime": "2021-06-22 09:26:06", "elapsed": 320.12451, "delta": 2.441293}}
{"target": -10.27250060990078, "params": {"C": 54119.510156757126, "gamma": 0.01409225311911384}, "datetime": {"datetime": "2021-06-22 09:26:09", "elapsed": 323.764962, "delta": 3.640452}}
{"target": -9.70816883190515, "params": {"C": 34708.52545273674, "gamma": 0.041293503501513035}, "datetime": {"datetime": "2021-06-22 09:26:11", "elapsed": 325.283999, "delta": 1.519037}}
{"target": -10.489750025530686, "params": {"C": 46086.27250640726, "gamma": 0.009900613487135003}, "datetime": {"datetime": "2021-06-22 09:26:12", "elapsed": 326.94494, "delta": 1.660941}}
{"target": -9.661976682356512, "params": {"C": 37873.488042186385, "gamma": 0.039551327685873564}, "datetime": {"datetime": "2021-06-22 09:26:15", "elapsed": 329.718877, "delta": 2.773937}}
{"target": -9.77365740575241, "params": {"C": 34450.908693138794, "gamma": 0.025964709833343272}, "datetime": {"datetime": "2021-06-22 09:26:17", "elapsed": 331.291678, "delta": 1.572801}}
{"target": -9.847423086910618, "params": {"C": 56223.354874914774, "gamma": 0.02363690920115881}, "datetime": {"datetime": "2021-06-22 09:26:19", "elapsed": 333.563932, "delta": 2.272254}}
{"target": -10.303238117135455, "params": {"C": 46530.390711553926, "gamma": 0.05161519509254485}, "datetime": {"datetime": "2021-06-22 09:26:22", "elapsed": 335.970792, "delta": 2.40686}}
{"target": -10.419185073895083, "params": {"C": 38757.244897694596, "gamma": 0.05585082425717016}, "datetime": {"datetime": "2021-06-22 09:26:24", "elapsed": 338.190972, "delta": 2.22018}}
{"target": -9.809488693256208, "params": {"C": 43824.085316747354, "gamma": 0.024855307759782633}, "datetime": {"datetime": "2021-06-22 09:26:26", "elapsed": 340.781616, "delta": 2.590644}}
{"target": -10.216668262746516, "params": {"C": 59762.04228369692, "gamma": 0.045616646215426986}, "datetime": {"datetime": "2021-06-22 09:26:28", "elapsed": 342.348123, "delta": 1.566507}}
{"target": -9.750584401839834, "params": {"C": 44057.030684612, "gamma": 0.03950309559083507}, "datetime": {"datetime": "2021-06-22 09:26:30", "elapsed": 343.986532, "delta": 1.638409}}
{"target": -9.647895431754783, "params": {"C": 37655.07058187959, "gamma": 0.03031626764563647}, "datetime": {"datetime": "2021-06-22 09:26:31", "elapsed": 345.918288, "delta": 1.931756}}
{"target": -9.795814574198433, "params": {"C": 41223.59947895036, "gamma": 0.025303621824579244}, "datetime": {"datetime": "2021-06-22 09:26:33", "elapsed": 347.553982, "delta": 1.635694}}
{"target": -10.634365496302479, "params": {"C": 52152.78090232263, "gamma": 0.05559090520717807}, "datetime": {"datetime": "2021-06-22 09:26:36", "elapsed": 350.235123, "delta": 2.681141}}
{"target": -9.629832491629067, "params": {"C": 38619.818544697126, "gamma": 0.035799355669291925}, "datetime": {"datetime": "2021-06-22 09:26:37", "elapsed": 351.870345, "delta": 1.635222}}
{"target": -9.744187952032519, "params": {"C": 48136.25946243567, "gamma": 0.037193431956711855}, "datetime": {"datetime": "2021-06-22 09:26:39", "elapsed": 353.543663, "delta": 1.673318}}
{"target": -10.685970110543161, "params": {"C": 53618.06887254561, "gamma": 0.05603264848362904}, "datetime": {"datetime": "2021-06-22 09:26:42", "elapsed": 356.198783, "delta": 2.65512}}
{"target": -9.956700306481329, "params": {"C": 44691.23543460846, "gamma": 0.04547713223326151}, "datetime": {"datetime": "2021-06-22 09:26:44", "elapsed": 358.235599, "delta": 2.036816}}
{"target": -10.77700263367101, "params": {"C": 54014.18495180853, "gamma": 0.057406226172313356}, "datetime": {"datetime": "2021-06-22 09:26:45", "elapsed": 359.947391, "delta": 1.711792}}
{"target": -9.976330544607913, "params": {"C": 53742.44392739715, "gamma": 0.04168430957945137}, "datetime": {"datetime": "2021-06-22 09:26:48", "elapsed": 362.863951, "delta": 2.91656}}
{"target": -9.841957881533277, "params": {"C": 48355.802517230724, "gamma": 0.023810988084032925}, "datetime": {"datetime": "2021-06-22 09:26:50", "elapsed": 364.503645, "delta": 1.639694}}
{"target": -9.653925036552108, "params": {"C": 46186.362181919496, "gamma": 0.030938528021287943}, "datetime": {"datetime": "2021-06-22 09:26:53", "elapsed": 367.262558, "delta": 2.758913}}
{"target": -10.059766438533936, "params": {"C": 38136.536437730974, "gamma": 0.04888690247806454}, "datetime": {"datetime": "2021-06-22 09:26:55", "elapsed": 369.494865, "delta": 2.232307}}
{"target": -10.373815756264813, "params": {"C": 41301.30404122967, "gamma": 0.05431947793908373}, "datetime": {"datetime": "2021-06-22 09:26:58", "elapsed": 372.179837, "delta": 2.684972}}
{"target": -10.089454417307197, "params": {"C": 35981.65363369024, "gamma": 0.05001035111103842}, "datetime": {"datetime": "2021-06-22 09:27:00", "elapsed": 374.554737, "delta": 2.3749}}
{"target": -10.380499620185201, "params": {"C": 36056.09316493749, "gamma": 0.05591840939333069}, "datetime": {"datetime": "2021-06-22 09:27:03", "elapsed": 377.411167, "delta": 2.85643}}
{"target": -10.25577759322068, "params": {"C": 39646.45636239793, "gamma": 0.014649680172987987}, "datetime": {"datetime": "2021-06-22 09:27:05", "elapsed": 379.487203, "delta": 2.076036}}
{"target": -10.568981142743139, "params": {"C": 55362.07155766798, "gamma": 0.053611437325519526}, "datetime": {"datetime": "2021-06-22 09:27:08", "elapsed": 382.171624, "delta": 2.684421}}
{"target": -9.695468562015806, "params": {"C": 55445.62282455192, "gamma": 0.029713101318570273}, "datetime": {"datetime": "2021-06-22 09:27:10", "elapsed": 384.423094, "delta": 2.25147}}
{"target": -9.659501544096935, "params": {"C": 46396.37131171633, "gamma": 0.030171752252874516}, "datetime": {"datetime": "2021-06-22 09:27:13", "elapsed": 387.24547, "delta": 2.822376}}
{"target": -10.060302733181523, "params": {"C": 40426.434199400595, "gamma": 0.04839209141146611}, "datetime": {"datetime": "2021-06-22 09:27:15", "elapsed": 389.717205, "delta": 2.471735}}
{"target": -10.072562425844424, "params": {"C": 51095.5612579821, "gamma": 0.017744668943432393}, "datetime": {"datetime": "2021-06-22 09:27:18", "elapsed": 392.106813, "delta": 2.389608}}
{"target": -9.61626962552122, "params": {"C": 36699.37040523593, "gamma": 0.0357054530613495}, "datetime": {"datetime": "2021-06-22 09:27:19", "elapsed": 393.795779, "delta": 1.688966}}
{"target": -9.759309645840949, "params": {"C": 52988.955540135226, "gamma": 0.026402439672157225}, "datetime": {"datetime": "2021-06-22 09:27:22", "elapsed": 396.114963, "delta": 2.319184}}
{"target": -10.16202350964667, "params": {"C": 54575.01864653582, "gamma": 0.0470290594659613}, "datetime": {"datetime": "2021-06-22 09:27:24", "elapsed": 398.693624, "delta": 2.578661}}
{"target": -10.100253486239406, "params": {"C": 54493.817751342125, "gamma": 0.045217931247372056}, "datetime": {"datetime": "2021-06-22 09:27:27", "elapsed": 401.357083, "delta": 2.663459}}
{"target": -10.004547382445272, "params": {"C": 47608.19882575762, "gamma": 0.019236908181326833}, "datetime": {"datetime": "2021-06-22 09:27:29", "elapsed": 403.19382, "delta": 1.836737}}
{"target": -10.206680022475771, "params": {"C": 44216.84029028847, "gamma": 0.015505143235561743}, "datetime": {"datetime": "2021-06-22 09:27:32", "elapsed": 406.257405, "delta": 3.063585}}
{"target": -10.209609810775804, "params": {"C": 44142.540733256064, "gamma": 0.05049415618448361}, "datetime": {"datetime": "2021-06-22 09:27:34", "elapsed": 408.179533, "delta": 1.922128}}
{"target": -9.670741016382967, "params": {"C": 34801.89715425781, "gamma": 0.029543464567269223}, "datetime": {"datetime": "2021-06-22 09:27:36", "elapsed": 410.013586, "delta": 1.834053}}
{"target": -9.772988068098968, "params": {"C": 48453.969350611515, "gamma": 0.03791110102251711}, "datetime": {"datetime": "2021-06-22 09:27:39", "elapsed": 413.253638, "delta": 3.240052}}
{"target": -9.721838360158307, "params": {"C": 40001.869803920046, "gamma": 0.027745414120236664}, "datetime": {"datetime": "2021-06-22 09:27:42", "elapsed": 416.473325, "delta": 3.219687}}
{"target": -10.955661805096732, "params": {"C": 58496.61479980672, "gamma": 0.059214381456387195}, "datetime": {"datetime": "2021-06-22 09:27:44", "elapsed": 418.597872, "delta": 2.124547}}
{"target": -10.038173786677742, "params": {"C": 58600.62187456431, "gamma": 0.04127919913503437}, "datetime": {"datetime": "2021-06-22 09:27:46", "elapsed": 420.933644, "delta": 2.335772}}
{"target": -10.585687797775286, "params": {"C": 43564.59076665992, "gamma": 0.057266673090457736}, "datetime": {"datetime": "2021-06-22 09:27:48", "elapsed": 422.820973, "delta": 1.887329}}
{"target": -9.823999171494785, "params": {"C": 41051.89026102745, "gamma": 0.02432270184028179}, "datetime": {"datetime": "2021-06-22 09:27:54", "elapsed": 428.342591, "delta": 2.367551}}
{"target": -9.633302475018427, "params": {"C": 33998.75400237766, "gamma": 0.03878284741153761}, "datetime": {"datetime": "2021-06-22 09:27:56", "elapsed": 430.89157, "delta": 2.548979}}
{"target": -10.09212742159136, "params": {"C": 34201.7366988701, "gamma": 0.017988194151163768}, "datetime": {"datetime": "2021-06-22 09:27:58", "elapsed": 432.803152, "delta": 1.911582}}
{"target": -9.924854510247458, "params": {"C": 59398.557172081666, "gamma": 0.03759014237505874}, "datetime": {"datetime": "2021-06-22 09:28:01", "elapsed": 435.59602, "delta": 2.792868}}
{"target": -10.353320542898715, "params": {"C": 33168.28001513181, "gamma": 0.05631369235549227}, "datetime": {"datetime": "2021-06-22 09:28:04", "elapsed": 438.855839, "delta": 3.259819}}
{"target": -9.800756814768608, "params": {"C": 33247.02648914912, "gamma": 0.04391606055468708}, "datetime": {"datetime": "2021-06-22 09:28:06", "elapsed": 440.755568, "delta": 1.899729}}
{"target": -9.600129056023771, "params": {"C": 32393.25744685923, "gamma": 0.03344932210038178}, "datetime": {"datetime": "2021-06-22 09:28:08", "elapsed": 442.773168, "delta": 2.0176}}
{"target": -10.389979390832716, "params": {"C": 47690.96464303151, "gamma": 0.05275466027414635}, "datetime": {"datetime": "2021-06-22 09:28:10", "elapsed": 444.756865, "delta": 1.983697}}
{"target": -9.898617050394352, "params": {"C": 55794.01876738008, "gamma": 0.02204453607552459}, "datetime": {"datetime": "2021-06-22 09:28:13", "elapsed": 447.210304, "delta": 2.453439}}
{"target": -10.413494539212271, "params": {"C": 33806.67969207835, "gamma": 0.05726084407521362}, "datetime": {"datetime": "2021-06-22 09:28:15", "elapsed": 449.250067, "delta": 2.039763}}
{"target": -9.731156854209319, "params": {"C": 51409.92100182827, "gamma": 0.03536298876939208}, "datetime": {"datetime": "2021-06-22 09:28:17", "elapsed": 451.208958, "delta": 1.958891}}
{"target": -10.4368782278422, "params": {"C": 58411.324686162145, "gamma": 0.05073329116148352}, "datetime": {"datetime": "2021-06-22 09:28:20", "elapsed": 454.824758, "delta": 3.6158}}
{"target": -9.742730735786225, "params": {"C": 42020.58008681232, "gamma": 0.040438935391252186}, "datetime": {"datetime": "2021-06-22 09:28:23", "elapsed": 457.767022, "delta": 2.942264}}
{"target": -10.641342356226096, "params": {"C": 56132.372595661946, "gamma": 0.054636942597373415}, "datetime": {"datetime": "2021-06-22 09:28:26", "elapsed": 460.388233, "delta": 2.621211}}
{"target": -9.784780914475295, "params": {"C": 36969.987247841345, "gamma": 0.025630579368088054}, "datetime": {"datetime": "2021-06-22 09:28:28", "elapsed": 462.533571, "delta": 2.145338}}
{"target": -10.603889379266858, "params": {"C": 48272.13768177382, "gamma": 0.056159443001207614}, "datetime": {"datetime": "2021-06-22 09:28:30", "elapsed": 464.914252, "delta": 2.380681}}
{"target": -10.111336187454445, "params": {"C": 45141.65930443853, "gamma": 0.01715344420294628}, "datetime": {"datetime": "2021-06-22 09:28:34", "elapsed": 468.598025, "delta": 3.683773}}
{"target": -10.279320608565744, "params": {"C": 45206.38450444588, "gamma": 0.014100171005137177}, "datetime": {"datetime": "2021-06-22 09:28:36", "elapsed": 470.73345, "delta": 2.135425}}
{"target": -9.886621973720379, "params": {"C": 47015.9555369449, "gamma": 0.04242949076247256}, "datetime": {"datetime": "2021-06-22 09:28:39", "elapsed": 473.330908, "delta": 2.597458}}
{"target": -10.108856977669657, "params": {"C": 49888.88635012022, "gamma": 0.017056113490356947}, "datetime": {"datetime": "2021-06-22 09:28:41", "elapsed": 475.574617, "delta": 2.243709}}
{"target": -10.871104091600143, "params": {"C": 52552.87578787015, "gamma": 0.05939119073308103}, "datetime": {"datetime": "2021-06-22 09:28:45", "elapsed": 479.648226, "delta": 4.073609}}
{"target": -10.907655606656363, "params": {"C": 52642.1461535849, "gamma": 0.06}, "datetime": {"datetime": "2021-06-22 09:28:48", "elapsed": 482.704253, "delta": 3.056027}}
{"target": -10.178944223199938, "params": {"C": 52469.240451246704, "gamma": 0.015747773294378965}, "datetime": {"datetime": "2021-06-22 09:28:51", "elapsed": 485.760449, "delta": 3.056196}}
{"target": -9.816543642972936, "params": {"C": 43918.63029853692, "gamma": 0.024620022449226182}, "datetime": {"datetime": "2021-06-22 09:28:54", "elapsed": 488.141562, "delta": 2.381113}}
{"target": -10.381169058549586, "params": {"C": 37034.06950338073, "gamma": 0.055641198736242105}, "datetime": {"datetime": "2021-06-22 09:28:56", "elapsed": 490.092556, "delta": 1.950994}}
{"target": -9.885770173690283, "params": {"C": 36896.25707998039, "gamma": 0.04538714003871388}, "datetime": {"datetime": "2021-06-22 09:28:58", "elapsed": 492.717963, "delta": 2.625407}}
{"target": -9.774621602238865, "params": {"C": 54661.014464656684, "gamma": 0.035261671087962}, "datetime": {"datetime": "2021-06-22 09:29:01", "elapsed": 495.610522, "delta": 2.892559}}
{"target": -10.727771417044382, "params": {"C": 50343.41573259172, "gamma": 0.05760447463208185}, "datetime": {"datetime": "2021-06-22 09:29:03", "elapsed": 497.711948, "delta": 2.101426}}
{"target": -9.919466071708094, "params": {"C": 50414.1553532552, "gamma": 0.041595177375259494}, "datetime": {"datetime": "2021-06-22 09:29:06", "elapsed": 500.107524, "delta": 2.395576}}
{"target": -10.266592702822845, "params": {"C": 34320.102080239274, "gamma": 0.05420367935341784}, "datetime": {"datetime": "2021-06-22 09:29:08", "elapsed": 502.884151, "delta": 2.776627}}
{"target": -9.697550721258965, "params": {"C": 49976.729036264325, "gamma": 0.03488972778245177}, "datetime": {"datetime": "2021-06-22 09:29:11", "elapsed": 505.965849, "delta": 3.081698}}
{"target": -10.6334170588223, "params": {"C": 55277.313583471216, "gamma": 0.05473131666233904}, "datetime": {"datetime": "2021-06-22 09:29:15", "elapsed": 509.249292, "delta": 3.283443}}
{"target": -10.06176969502265, "params": {"C": 57252.22397811842, "gamma": 0.01783463495875631}, "datetime": {"datetime": "2021-06-22 09:29:17", "elapsed": 511.66531, "delta": 2.416018}}
{"target": -9.687171933119625, "params": {"C": 47173.177345702905, "gamma": 0.028765784621460823}, "datetime": {"datetime": "2021-06-22 09:29:20", "elapsed": 514.133411, "delta": 2.468101}}
{"target": -10.238005956662013, "params": {"C": 59478.643188257396, "gamma": 0.04627658649628356}, "datetime": {"datetime": "2021-06-22 09:29:23", "elapsed": 517.569276, "delta": 3.435865}}
{"target": -9.987591153125082, "params": {"C": 59563.68517668311, "gamma": 0.039319159285898075}, "datetime": {"datetime": "2021-06-22 09:29:27", "elapsed": 521.834155, "delta": 4.264879}}
{"target": -9.695863918912028, "params": {"C": 39133.64799115404, "gamma": 0.028618437412656662}, "datetime": {"datetime": "2021-06-22 09:29:31", "elapsed": 525.309857, "delta": 3.475702}}
{"target": -10.436860771649497, "params": {"C": 33897.934263440126, "gamma": 0.011221561938912824}, "datetime": {"datetime": "2021-06-22 09:29:34", "elapsed": 528.168493, "delta": 2.858636}}
{"target": -10.30417030703887, "params": {"C": 40218.88514085838, "gamma": 0.013694471545620049}, "datetime": {"datetime": "2021-06-22 09:29:36", "elapsed": 530.607184, "delta": 2.438691}}
{"target": -10.50068910461512, "params": {"C": 59940.532193122664, "gamma": 0.05139375901516466}, "datetime": {"datetime": "2021-06-22 09:29:40", "elapsed": 534.319053, "delta": 3.711869}}
{"target": -10.19874712668437, "params": {"C": 59869.43783516108, "gamma": 0.04511107082240993}, "datetime": {"datetime": "2021-06-22 09:29:43", "elapsed": 537.265331, "delta": 2.946278}}
{"target": -10.059020051429766, "params": {"C": 49031.081914650575, "gamma": 0.018063393282581823}, "datetime": {"datetime": "2021-06-22 09:29:46", "elapsed": 540.864384, "delta": 3.599053}}
{"target": -10.338378895375854, "params": {"C": 43251.45679332411, "gamma": 0.05314938608444471}, "datetime": {"datetime": "2021-06-22 09:29:49", "elapsed": 543.74451, "delta": 2.880126}}
{"target": -9.694173160753436, "params": {"C": 43312.596690026214, "gamma": 0.03809093270311654}, "datetime": {"datetime": "2021-06-22 09:29:54", "elapsed": 548.588753, "delta": 4.844243}}
{"target": -10.467959000624468, "params": {"C": 32201.67360229607, "gamma": 0.010757733147431288}, "datetime": {"datetime": "2021-06-22 09:29:59", "elapsed": 553.392102, "delta": 4.803349}}
{"target": -9.915149750564897, "params": {"C": 39902.7403799685, "gamma": 0.02155946287251684}, "datetime": {"datetime": "2021-06-22 09:30:02", "elapsed": 556.528288, "delta": 3.136186}}
{"target": -9.77035455794888, "params": {"C": 41821.71913681234, "gamma": 0.04152090672143346}, "datetime": {"datetime": "2021-06-22 09:30:05", "elapsed": 559.642299, "delta": 3.114011}}
{"target": -9.776164727763394, "params": {"C": 43485.76371042493, "gamma": 0.02594564792472579}, "datetime": {"datetime": "2021-06-22 09:30:08", "elapsed": 562.713804, "delta": 3.071505}}
{"target": -10.265989402397906, "params": {"C": 51173.310090074374, "gamma": 0.04979057311071757}, "datetime": {"datetime": "2021-06-22 09:30:11", "elapsed": 565.915529, "delta": 3.201725}}
{"target": -10.211971776380596, "params": {"C": 58715.73768124082, "gamma": 0.04604531962557251}, "datetime": {"datetime": "2021-06-22 09:30:15", "elapsed": 569.083967, "delta": 3.168438}}
{"target": -10.633520487325088, "params": {"C": 57173.18076396655, "gamma": 0.0542301181204639}, "datetime": {"datetime": "2021-06-22 09:30:18", "elapsed": 572.054094, "delta": 2.970127}}
