{"target": -10.51100028371806, "params": {"C": 14127.805982033087, "gamma": 0.014234884463457978}, "datetime": {"datetime": "2021-06-22 08:39:34", "elapsed": 166.323473, "delta": 0.832989}}
{"target": -9.893718286135151, "params": {"C": 14162.508234528508, "gamma": 0.041568466150727984}, "datetime": {"datetime": "2021-06-22 08:39:35", "elapsed": 167.48879, "delta": 1.165317}}
{"target": -10.125630042882392, "params": {"C": 8712.310594630906, "gamma": 0.049028578892785335}, "datetime": {"datetime": "2021-06-22 08:39:36", "elapsed": 168.360179, "delta": 0.871389}}
{"target": -9.868648454696443, "params": {"C": 15931.95713369494, "gamma": 0.04319251035091945}, "datetime": {"datetime": "2021-06-22 08:39:37", "elapsed": 169.198817, "delta": 0.838638}}
{"target": -10.10642414381009, "params": {"C": 12127.274700397622, "gamma": 0.0541804646569751}, "datetime": {"datetime": "2021-06-22 08:39:38", "elapsed": 170.147684, "delta": 0.948867}}
{"target": -10.047172862230939, "params": {"C": 9895.303597602508, "gamma": 0.036469851009355424}, "datetime": {"datetime": "2021-06-22 08:39:40", "elapsed": 171.577779, "delta": 1.430095}}
{"target": -10.021614045709542, "params": {"C": 15502.828881855054, "gamma": 0.05109649436849541}, "datetime": {"datetime": "2021-06-22 08:39:41", "elapsed": 172.639164, "delta": 1.061385}}
{"target": -10.09384562595861, "params": {"C": 13794.516476322613, "gamma": 0.05369683182270842}, "datetime": {"datetime": "2021-06-22 08:39:42", "elapsed": 173.573991, "delta": 0.934827}}
{"target": -10.000795741285872, "params": {"C": 13512.500995878705, "gamma": 0.030033798362959316}, "datetime": {"datetime": "2021-06-22 08:39:43", "elapsed": 174.723364, "delta": 1.149373}}
{"target": -10.280312419931038, "params": {"C": 12037.977695395051, "gamma": 0.06}, "datetime": {"datetime": "2021-06-22 08:39:44", "elapsed": 175.79784, "delta": 1.074476}}
{"target": -9.973386029788376, "params": {"C": 11257.540497366777, "gamma": 0.03988341456890796}, "datetime": {"datetime": "2021-06-22 08:39:45", "elapsed": 176.946732, "delta": 1.148892}}
{"target": -10.185745367794837, "params": {"C": 10522.65879714164, "gamma": 0.026588299563231582}, "datetime": {"datetime": "2021-06-22 08:39:47", "elapsed": 178.596097, "delta": 1.649365}}
{"target": -10.037443779466795, "params": {"C": 10560.516115536599, "gamma": 0.04758027270408681}, "datetime": {"datetime": "2021-06-22 08:39:48", "elapsed": 180.372357, "delta": 1.77626}}
{"target": -10.031614987526046, "params": {"C": 10123.679150120392, "gamma": 0.04393472961955671}, "datetime": {"datetime": "2021-06-22 08:39:49", "elapsed": 181.394743, "delta": 1.022386}}
{"target": -10.050458707173155, "params": {"C": 9972.9564557329, "gamma": 0.046153810639595685}, "datetime": {"datetime": "2021-06-22 08:39:51", "elapsed": 182.638345, "delta": 1.243602}}
{"target": -10.05359504456855, "params": {"C": 15287.985894942265, "gamma": 0.05222662254812276}, "datetime": {"datetime": "2021-06-22 08:39:53", "elapsed": 185.27988, "delta": 2.641535}}
{"target": -10.274610385664115, "params": {"C": 15192.011270984549, "gamma": 0.019735118962159286}, "datetime": {"datetime": "2021-06-22 08:39:55", "elapsed": 186.574812, "delta": 1.294932}}
{"target": -10.562450109814653, "params": {"C": 9098.539503502301, "gamma": 0.015816856450541913}, "datetime": {"datetime": "2021-06-22 08:39:56", "elapsed": 187.666398, "delta": 1.091586}}
{"target": -10.247806794481777, "params": {"C": 9147.241835964182, "gamma": 0.0588790281816621}, "datetime": {"datetime": "2021-06-22 08:39:57", "elapsed": 189.141868, "delta": 1.47547}}
{"target": -10.228501295972277, "params": {"C": 10710.197640553928, "gamma": 0.024792784044443086}, "datetime": {"datetime": "2021-06-22 08:39:58", "elapsed": 190.54553, "delta": 1.403662}}
{"target": -10.602771606063262, "params": {"C": 14344.568022145442, "gamma": 0.011894997528535798}, "datetime": {"datetime": "2021-06-22 08:40:00", "elapsed": 192.008863, "delta": 1.463333}}
{"target": -10.482675113737516, "params": {"C": 14312.151799365016, "gamma": 0.014879235026082922}, "datetime": {"datetime": "2021-06-22 08:40:02", "elapsed": 193.713381, "delta": 1.704518}}
{"target": -10.261987152426038, "params": {"C": 14277.13580438977, "gamma": 0.020629797440442143}, "datetime": {"datetime": "2021-06-22 08:40:03", "elapsed": 194.943028, "delta": 1.229647}}
{"target": -10.902806766483586, "params": {"C": 8614.544282918017, "gamma": 0.009203224848839378}, "datetime": {"datetime": "2021-06-22 08:40:04", "elapsed": 196.297871, "delta": 1.354843}}
{"target": -9.88947845242606, "params": {"C": 14428.314147501853, "gamma": 0.03665337028744174}, "datetime": {"datetime": "2021-06-22 08:40:05", "elapsed": 197.452348, "delta": 1.154477}}
{"target": -10.334504457494502, "params": {"C": 8652.782063813533, "gamma": 0.023739408410113228}, "datetime": {"datetime": "2021-06-22 08:40:07", "elapsed": 199.361618, "delta": 1.90927}}
{"target": -9.94390980254739, "params": {"C": 13637.09072084726, "gamma": 0.03352540778225404}, "datetime": {"datetime": "2021-06-22 08:40:09", "elapsed": 200.781251, "delta": 1.419633}}
{"target": -9.944859475863325, "params": {"C": 14893.453417829449, "gamma": 0.048255604413899665}, "datetime": {"datetime": "2021-06-22 08:40:10", "elapsed": 201.853974, "delta": 1.072723}}
{"target": -10.276144185255582, "params": {"C": 12327.022986201937, "gamma": 0.02164879900207077}, "datetime": {"datetime": "2021-06-22 08:40:11", "elapsed": 203.28302, "delta": 1.429046}}
{"target": -9.985799595083284, "params": {"C": 14089.367224616855, "gamma": 0.049796308020580236}, "datetime": {"datetime": "2021-06-22 08:40:13", "elapsed": 204.993277, "delta": 1.710257}}
{"target": -10.244748207145284, "params": {"C": 8343.655586218567, "gamma": 0.027881874019070906}, "datetime": {"datetime": "2021-06-22 08:40:14", "elapsed": 206.554099, "delta": 1.560822}}
{"target": -10.245847367914026, "params": {"C": 8235.26504301976, "gamma": 0.02811266344763614}, "datetime": {"datetime": "2021-06-22 08:40:16", "elapsed": 207.6433, "delta": 1.089201}}
{"target": -9.976357457790682, "params": {"C": 12978.348794478834, "gamma": 0.03244962939346507}, "datetime": {"datetime": "2021-06-22 08:40:17", "elapsed": 208.795394, "delta": 1.152094}}
{"target": -10.119864272015333, "params": {"C": 12200.667251613884, "gamma": 0.054639703724121545}, "datetime": {"datetime": "2021-06-22 08:40:19", "elapsed": 210.809825, "delta": 2.014431}}
{"target": -10.704838362980357, "params": {"C": 11829.930627652144, "gamma": 0.010552543397280501}, "datetime": {"datetime": "2021-06-22 08:40:20", "elapsed": 212.383348, "delta": 1.573523}}
{"target": -10.08494498839743, "params": {"C": 12614.810447547528, "gamma": 0.05345602424895803}, "datetime": {"datetime": "2021-06-22 08:40:22", "elapsed": 213.741062, "delta": 1.357714}}
{"target": -10.172886208154907, "params": {"C": 11508.157531481342, "gamma": 0.02578949783478049}, "datetime": {"datetime": "2021-06-22 08:40:23", "elapsed": 215.318763, "delta": 1.577701}}
{"target": -10.072582265049904, "params": {"C": 12479.156638683315, "gamma": 0.052989296842663}, "datetime": {"datetime": "2021-06-22 08:40:24", "elapsed": 216.40234, "delta": 1.083577}}
{"target": -10.078976385586616, "params": {"C": 10665.542890437246, "gamma": 0.05267869943035278}, "datetime": {"datetime": "2021-06-22 08:40:26", "elapsed": 217.859709, "delta": 1.457369}}
{"target": -10.665564442934192, "params": {"C": 9510.542002246813, "gamma": 0.012537766558687952}, "datetime": {"datetime": "2021-06-22 08:40:27", "elapsed": 218.928893, "delta": 1.069184}}
{"target": -10.10035549372194, "params": {"C": 9546.05012992507, "gamma": 0.031796074757101375}, "datetime": {"datetime": "2021-06-22 08:40:29", "elapsed": 220.656406, "delta": 1.727513}}
{"target": -10.605408535578968, "params": {"C": 9471.841888811996, "gamma": 0.014231023304763486}, "datetime": {"datetime": "2021-06-22 08:40:30", "elapsed": 221.960988, "delta": 1.304582}}
{"target": -10.553242218641323, "params": {"C": 12357.089166951173, "gamma": 0.014011410528783073}, "datetime": {"datetime": "2021-06-22 08:40:31", "elapsed": 223.108211, "delta": 1.147223}}
{"target": -10.850295900861884, "params": {"C": 9059.63180138302, "gamma": 0.009538949024129656}, "datetime": {"datetime": "2021-06-22 08:40:33", "elapsed": 224.760611, "delta": 1.6524}}
{"target": -10.102662112920674, "params": {"C": 9024.639087833664, "gamma": 0.033638663516293375}, "datetime": {"datetime": "2021-06-22 08:40:34", "elapsed": 226.518893, "delta": 1.758282}}
{"target": -10.064224802483157, "params": {"C": 13881.235517573607, "gamma": 0.027011385166876525}, "datetime": {"datetime": "2021-06-22 08:40:36", "elapsed": 227.688227, "delta": 1.169334}}
{"target": -10.618641554778364, "params": {"C": 14803.14376696418, "gamma": 0.011373709322093289}, "datetime": {"datetime": "2021-06-22 08:40:38", "elapsed": 229.799379, "delta": 2.111152}}
{"target": -10.297156161891149, "params": {"C": 14838.498956724692, "gamma": 0.06}, "datetime": {"datetime": "2021-06-22 08:40:39", "elapsed": 231.149585, "delta": 1.350206}}
{"target": -10.27855924324107, "params": {"C": 11643.52107131375, "gamma": 0.06}, "datetime": {"datetime": "2021-06-22 08:40:40", "elapsed": 232.517398, "delta": 1.367813}}
{"target": -10.380237492178795, "params": {"C": 14238.931024776033, "gamma": 0.017659102774651863}, "datetime": {"datetime": "2021-06-22 08:40:42", "elapsed": 234.376645, "delta": 1.859247}}
{"target": -10.142421391634404, "params": {"C": 8282.574405411198, "gamma": 0.04854903120220076}, "datetime": {"datetime": "2021-06-22 08:40:44", "elapsed": 235.561401, "delta": 1.184756}}
{"target": -10.547490014836221, "params": {"C": 15541.613717118553, "gamma": 0.012779428863325275}, "datetime": {"datetime": "2021-06-22 08:40:45", "elapsed": 236.785056, "delta": 1.223655}}
{"target": -9.867451453190847, "params": {"C": 15568.56459228736, "gamma": 0.042018011920462596}, "datetime": {"datetime": "2021-06-22 08:40:46", "elapsed": 237.874534, "delta": 1.089478}}
{"target": -9.977371057010737, "params": {"C": 11731.464321198102, "gamma": 0.0447731291647567}, "datetime": {"datetime": "2021-06-22 08:40:47", "elapsed": 239.350573, "delta": 1.476039}}
{"target": -10.058872463531472, "params": {"C": 9341.004078377353, "gamma": 0.04079375336831152}, "datetime": {"datetime": "2021-06-22 08:40:48", "elapsed": 240.481061, "delta": 1.130488}}
{"target": -10.304437679398632, "params": {"C": 15766.948743761539, "gamma": 0.06}, "datetime": {"datetime": "2021-06-22 08:40:50", "elapsed": 241.853681, "delta": 1.37262}}
{"target": -10.087789733366263, "params": {"C": 8846.49420830112, "gamma": 0.03824170930485024}, "datetime": {"datetime": "2021-06-22 08:40:51", "elapsed": 243.390255, "delta": 1.536574}}
{"target": -9.92330088991649, "params": {"C": 12855.859949260153, "gamma": 0.041015192421750835}, "datetime": {"datetime": "2021-06-22 08:40:53", "elapsed": 244.848166, "delta": 1.457911}}
{"target": -10.682299185166041, "params": {"C": 14041.674441568422, "gamma": 0.01019463057737529}, "datetime": {"datetime": "2021-06-22 08:40:55", "elapsed": 246.6105, "delta": 1.762334}}
{"target": -10.695148966426315, "params": {"C": 10009.812032351954, "gamma": 0.011574410343871045}, "datetime": {"datetime": "2021-06-22 08:40:56", "elapsed": 248.295305, "delta": 1.684805}}
{"target": -10.149194643281373, "params": {"C": 11882.72512611076, "gamma": 0.026166022043327686}, "datetime": {"datetime": "2021-06-22 08:40:58", "elapsed": 249.731124, "delta": 1.435819}}
{"target": -10.167681432608026, "params": {"C": 10621.566721087525, "gamma": 0.0271059603985893}, "datetime": {"datetime": "2021-06-22 08:40:59", "elapsed": 251.259351, "delta": 1.528227}}
{"target": -10.277084798558315, "params": {"C": 11110.728788040495, "gamma": 0.06}, "datetime": {"datetime": "2021-06-22 08:41:00", "elapsed": 252.440828, "delta": 1.181477}}
{"target": -10.664690810328585, "params": {"C": 9437.750581275315, "gamma": 0.012602044504665667}, "datetime": {"datetime": "2021-06-22 08:41:02", "elapsed": 253.841015, "delta": 1.400187}}
{"target": -10.17672316397844, "params": {"C": 9407.534284528314, "gamma": 0.05631744296582209}, "datetime": {"datetime": "2021-06-22 08:41:03", "elapsed": 255.169395, "delta": 1.32838}}
{"target": -10.014761022810953, "params": {"C": 11475.206110088107, "gamma": 0.03334434055422657}, "datetime": {"datetime": "2021-06-22 08:41:04", "elapsed": 256.527342, "delta": 1.357947}}
{"target": -10.36419431271252, "params": {"C": 12647.44207533031, "gamma": 0.019040959984899734}, "datetime": {"datetime": "2021-06-22 08:41:06", "elapsed": 258.500443, "delta": 1.973101}}
{"target": -10.789343638310903, "params": {"C": 12568.706125720306, "gamma": 0.009}, "datetime": {"datetime": "2021-06-22 08:41:08", "elapsed": 260.378788, "delta": 1.878345}}
{"target": -10.578023065850028, "params": {"C": 12782.351566736344, "gamma": 0.013158997367619775}, "datetime": {"datetime": "2021-06-22 08:41:10", "elapsed": 261.974137, "delta": 1.595349}}
{"target": -10.740016959798995, "params": {"C": 15028.480816151201, "gamma": 0.009}, "datetime": {"datetime": "2021-06-22 08:41:12", "elapsed": 263.572949, "delta": 1.598812}}
{"target": -9.988307272066791, "params": {"C": 15053.959832554123, "gamma": 0.028711558819688433}, "datetime": {"datetime": "2021-06-22 08:41:13", "elapsed": 264.882464, "delta": 1.309515}}
{"target": -9.972889914950672, "params": {"C": 12398.292937441936, "gamma": 0.046709688097134834}, "datetime": {"datetime": "2021-06-22 08:41:15", "elapsed": 266.911113, "delta": 2.028649}}
{"target": -10.25817598534122, "params": {"C": 14200.811420549224, "gamma": 0.058993372959873315}, "datetime": {"datetime": "2021-06-22 08:41:17", "elapsed": 268.722551, "delta": 1.811438}}
{"target": -10.213685332408591, "params": {"C": 12918.800367805354, "gamma": 0.05767651316682481}, "datetime": {"datetime": "2021-06-22 08:41:18", "elapsed": 270.263134, "delta": 1.540583}}
{"target": -10.191299258985556, "params": {"C": 8526.31624195326, "gamma": 0.0554906025550343}, "datetime": {"datetime": "2021-06-22 08:41:20", "elapsed": 272.182836, "delta": 1.919702}}
{"target": -10.74515159220932, "params": {"C": 10957.708910207228, "gamma": 0.010163992371585925}, "datetime": {"datetime": "2021-06-22 08:41:22", "elapsed": 273.640543, "delta": 1.457707}}
{"target": -10.005062642896219, "params": {"C": 10989.006852968894, "gamma": 0.04515281538908296}, "datetime": {"datetime": "2021-06-22 08:41:24", "elapsed": 275.604074, "delta": 1.963531}}
{"target": -10.223511065783466, "params": {"C": 10913.144743921632, "gamma": 0.058170162980168715}, "datetime": {"datetime": "2021-06-22 08:41:25", "elapsed": 277.156791, "delta": 1.552717}}
{"target": -10.20412970973065, "params": {"C": 8382.043268200474, "gamma": 0.05591764511448027}, "datetime": {"datetime": "2021-06-22 08:41:26", "elapsed": 278.418062, "delta": 1.261271}}
{"target": -10.353464930759506, "params": {"C": 12168.492706010291, "gamma": 0.01966685452449754}, "datetime": {"datetime": "2021-06-22 08:41:29", "elapsed": 280.793586, "delta": 2.375524}}
{"target": -10.907733025760246, "params": {"C": 8920.946580304053, "gamma": 0.009}, "datetime": {"datetime": "2021-06-22 08:41:32", "elapsed": 283.739201, "delta": 2.945615}}
{"target": -10.573189329777607, "params": {"C": 8882.575357645846, "gamma": 0.015652266892682523}, "datetime": {"datetime": "2021-06-22 08:41:34", "elapsed": 285.872541, "delta": 2.13334}}
{"target": -10.149734677054093, "params": {"C": 8952.310692833618, "gamma": 0.03077086478928079}, "datetime": {"datetime": "2021-06-22 08:41:36", "elapsed": 287.962625, "delta": 2.090084}}
{"target": -9.957813352353657, "params": {"C": 12086.273848236948, "gamma": 0.037582664520546843}, "datetime": {"datetime": "2021-06-22 08:41:38", "elapsed": 290.367376, "delta": 2.404751}}
{"target": -10.611483691586624, "params": {"C": 10845.31152491001, "gamma": 0.013214463675297175}, "datetime": {"datetime": "2021-06-22 08:41:40", "elapsed": 291.75985, "delta": 1.392474}}
{"target": -10.184882833788079, "params": {"C": 10814.419263975931, "gamma": 0.02622738963473315}, "datetime": {"datetime": "2021-06-22 08:41:41", "elapsed": 293.137093, "delta": 1.377243}}
{"target": -9.950431570781477, "params": {"C": 12521.492862037401, "gamma": 0.044305086160748616}, "datetime": {"datetime": "2021-06-22 08:41:43", "elapsed": 294.586726, "delta": 1.449633}}
{"target": -9.863919450234095, "params": {"C": 15593.794012151971, "gamma": 0.041513192113600744}, "datetime": {"datetime": "2021-06-22 08:41:44", "elapsed": 296.252557, "delta": 1.665831}}
{"target": -10.278298726989165, "params": {"C": 11545.080341384179, "gamma": 0.06}, "datetime": {"datetime": "2021-06-22 08:41:45", "elapsed": 297.560455, "delta": 1.307898}}
{"target": -9.920798397559317, "params": {"C": 12945.464603205553, "gamma": 0.038730160490796556}, "datetime": {"datetime": "2021-06-22 08:41:47", "elapsed": 299.05606, "delta": 1.495605}}
{"target": -10.173766662157202, "params": {"C": 10050.332600865311, "gamma": 0.05638669574741413}, "datetime": {"datetime": "2021-06-22 08:41:49", "elapsed": 300.67219, "delta": 1.61613}}
{"target": -10.117795140135318, "params": {"C": 15402.927835588163, "gamma": 0.02402464904304529}, "datetime": {"datetime": "2021-06-22 08:41:50", "elapsed": 302.302216, "delta": 1.630026}}
{"target": -10.672034791476923, "params": {"C": 9937.731822072737, "gamma": 0.012140083117510221}, "datetime": {"datetime": "2021-06-22 08:41:52", "elapsed": 304.196789, "delta": 1.894573}}
{"target": -10.288655860308577, "params": {"C": 8561.023604751299, "gamma": 0.06}, "datetime": {"datetime": "2021-06-22 08:41:54", "elapsed": 305.878335, "delta": 1.681546}}
{"target": -10.031057141893884, "params": {"C": 11224.138023806468, "gamma": 0.03233616127526119}, "datetime": {"datetime": "2021-06-22 08:41:55", "elapsed": 307.276078, "delta": 1.397743}}
{"target": -9.88637555276148, "params": {"C": 14999.33088269061, "gamma": 0.0432254019620393}, "datetime": {"datetime": "2021-06-22 08:41:57", "elapsed": 309.122999, "delta": 1.846921}}
{"target": -10.084839681985313, "params": {"C": 14624.428860784732, "gamma": 0.0533558854045717}, "datetime": {"datetime": "2021-06-22 08:41:59", "elapsed": 311.074411, "delta": 1.951412}}
{"target": -10.01430238266869, "params": {"C": 10410.331493115154, "gamma": 0.0427138833108221}, "datetime": {"datetime": "2021-06-22 08:42:01", "elapsed": 312.847793, "delta": 1.773382}}
{"target": -10.73844340564654, "params": {"C": 14470.974877633644, "gamma": 0.009163426606304346}, "datetime": {"datetime": "2021-06-22 08:42:03", "elapsed": 314.750512, "delta": 1.902719}}
{"target": -10.14804205432567, "params": {"C": 14505.948974261693, "gamma": 0.0554305398780968}, "datetime": {"datetime": "2021-06-22 08:42:05", "elapsed": 316.563376, "delta": 1.812864}}
{"target": -10.18610560747585, "params": {"C": 8047.637706817844, "gamma": 0.031619630972113906}, "datetime": {"datetime": "2021-06-22 08:42:07", "elapsed": 319.025356, "delta": 2.46198}}
{"target": -10.007771890613945, "params": {"C": 12889.899590303316, "gamma": 0.05052320217953434}, "datetime": {"datetime": "2021-06-22 08:42:09", "elapsed": 321.508277, "delta": 2.482921}}
{"target": -9.97396184749195, "params": {"C": 12673.61692480869, "gamma": 0.0336084811462402}, "datetime": {"datetime": "2021-06-22 08:42:13", "elapsed": 325.02505, "delta": 3.516773}}
{"target": -10.021183875200592, "params": {"C": 10257.121642884485, "gamma": 0.042792987534798065}, "datetime": {"datetime": "2021-06-22 08:42:14", "elapsed": 326.508653, "delta": 1.483603}}
{"target": -9.932931768965483, "params": {"C": 12702.88727889521, "gamma": 0.04249034526426166}, "datetime": {"datetime": "2021-06-22 08:42:16", "elapsed": 328.061431, "delta": 1.552778}}
{"target": -10.146944970644856, "params": {"C": 14369.849881391696, "gamma": 0.05540297838794456}, "datetime": {"datetime": "2021-06-22 08:42:19", "elapsed": 331.024711, "delta": 2.96328}}
{"target": -10.08766888767675, "params": {"C": 9847.907771214199, "gamma": 0.0507061558796973}, "datetime": {"datetime": "2021-06-22 08:42:21", "elapsed": 332.613484, "delta": 1.588773}}
{"target": -9.983211206289493, "params": {"C": 11604.28010034138, "gamma": 0.045011529451076886}, "datetime": {"datetime": "2021-06-22 08:42:22", "elapsed": 334.507676, "delta": 1.894192}}
{"target": -10.095252256434236, "params": {"C": 15220.20296629429, "gamma": 0.05369764972500025}, "datetime": {"datetime": "2021-06-22 08:42:25", "elapsed": 337.189884, "delta": 2.682208}}
{"target": -10.01611122075748, "params": {"C": 15252.304876685768, "gamma": 0.050899903559223594}, "datetime": {"datetime": "2021-06-22 08:42:27", "elapsed": 339.453555, "delta": 2.263671}}
{"target": -10.686520145306195, "params": {"C": 8989.030802559375, "gamma": 0.012331178858887794}, "datetime": {"datetime": "2021-06-22 08:42:30", "elapsed": 341.748519, "delta": 2.294964}}
{"target": -10.55423679615853, "params": {"C": 11056.915773105933, "gamma": 0.014712340647495499}, "datetime": {"datetime": "2021-06-22 08:42:31", "elapsed": 343.195189, "delta": 1.44667}}
{"target": -10.062609503943614, "params": {"C": 11083.65572852967, "gamma": 0.05223781984303683}, "datetime": {"datetime": "2021-06-22 08:42:33", "elapsed": 344.802545, "delta": 1.607356}}
{"target": -10.033436289253778, "params": {"C": 11029.55743451693, "gamma": 0.04900279509317303}, "datetime": {"datetime": "2021-06-22 08:42:35", "elapsed": 346.970767, "delta": 2.168222}}
{"target": -10.383104210362783, "params": {"C": 13725.409226672946, "gamma": 0.017869174738128758}, "datetime": {"datetime": "2021-06-22 08:42:37", "elapsed": 349.029102, "delta": 2.058335}}
{"target": -9.95571089953258, "params": {"C": 13750.532402689518, "gamma": 0.04801864568120212}, "datetime": {"datetime": "2021-06-22 08:42:40", "elapsed": 352.244603, "delta": 3.215501}}
