{"target": -11.758287161362002, "params": {"C": 719.8190830688904, "gamma": 0.024790363422042064}, "datetime": {"datetime": "2021-06-22 00:18:28", "elapsed": 700.60666, "delta": 5.325353}}
{"target": -12.303717499905757, "params": {"C": 631.0227175797361, "gamma": 0.014477523856706271}, "datetime": {"datetime": "2021-06-22 00:18:31", "elapsed": 703.433167, "delta": 2.826507}}
{"target": -11.870041617526143, "params": {"C": 630.2030731490437, "gamma": 0.03983363606510578}, "datetime": {"datetime": "2021-06-22 00:18:36", "elapsed": 708.597749, "delta": 5.164582}}
{"target": -11.805533881327783, "params": {"C": 650.0932048354593, "gamma": 0.035865967980962275}, "datetime": {"datetime": "2021-06-22 00:18:41", "elapsed": 713.392156, "delta": 4.794407}}
{"target": -12.030263545386061, "params": {"C": 531.5100108155241, "gamma": 0.033330599772340055}, "datetime": {"datetime": "2021-06-22 00:18:44", "elapsed": 716.317275, "delta": 2.925119}}
{"target": -11.731253217763257, "params": {"C": 717.5334135625974, "gamma": 0.026609802679849595}, "datetime": {"datetime": "2021-06-22 00:18:48", "elapsed": 720.117632, "delta": 3.800357}}
{"target": -12.631818160842393, "params": {"C": 662.3684260643752, "gamma": 0.00996242281828839}, "datetime": {"datetime": "2021-06-22 00:18:51", "elapsed": 723.079573, "delta": 2.961941}}
{"target": -12.052403759297189, "params": {"C": 554.3913658279223, "gamma": 0.024931310137199972}, "datetime": {"datetime": "2021-06-22 00:18:54", "elapsed": 725.943969, "delta": 2.864396}}
{"target": -12.4819802921493, "params": {"C": 505.929505527694, "gamma": 0.015840790921950093}, "datetime": {"datetime": "2021-06-22 00:18:56", "elapsed": 728.900395, "delta": 2.956426}}
{"target": -12.133517067712285, "params": {"C": 504.90680342620936, "gamma": 0.0395542171748219}, "datetime": {"datetime": "2021-06-22 00:19:02", "elapsed": 734.568629, "delta": 5.668234}}
{"target": -12.136335863841675, "params": {"C": 528.3084488719072, "gamma": 0.023687868615798746}, "datetime": {"datetime": "2021-06-22 00:19:07", "elapsed": 739.715719, "delta": 5.14709}}
{"target": -12.2327770067718, "params": {"C": 673.2530874619558, "gamma": 0.014480770130984765}, "datetime": {"datetime": "2021-06-22 00:19:13", "elapsed": 745.759578, "delta": 6.043859}}
{"target": -12.44609348351163, "params": {"C": 424.5923618519162, "gamma": 0.022518036997513147}, "datetime": {"datetime": "2021-06-22 00:19:17", "elapsed": 749.721233, "delta": 3.961655}}
{"target": -12.258110489908269, "params": {"C": 460.8932175732086, "gamma": 0.04027287379640773}, "datetime": {"datetime": "2021-06-22 00:19:20", "elapsed": 752.643144, "delta": 2.921911}}
{"target": -11.777490028016535, "params": {"C": 709.7030322031882, "gamma": 0.04460602344397505}, "datetime": {"datetime": "2021-06-22 00:19:25", "elapsed": 757.604805, "delta": 4.961661}}
{"target": -12.175483183822818, "params": {"C": 524.8010248385342, "gamma": 0.04715378403130158}, "datetime": {"datetime": "2021-06-22 00:19:29", "elapsed": 761.785296, "delta": 4.180491}}
{"target": -11.946301917087352, "params": {"C": 643.674351446128, "gamma": 0.022130939719772764}, "datetime": {"datetime": "2021-06-22 00:19:33", "elapsed": 764.943422, "delta": 3.158126}}
{"target": -11.824060760826448, "params": {"C": 655.317522942044, "gamma": 0.039879406792594}, "datetime": {"datetime": "2021-06-22 00:19:37", "elapsed": 769.059564, "delta": 4.116142}}
{"target": -12.114352927334163, "params": {"C": 507.0984721580479, "gamma": 0.02846858977251914}, "datetime": {"datetime": "2021-06-22 00:19:40", "elapsed": 772.301394, "delta": 3.24183}}
{"target": -12.004859880914946, "params": {"C": 581.6760209613585, "gamma": 0.043629485034842666}, "datetime": {"datetime": "2021-06-22 00:19:44", "elapsed": 776.537064, "delta": 4.23567}}
{"target": -11.8086134888125, "params": {"C": 724.4285145892381, "gamma": 0.049857047410002006}, "datetime": {"datetime": "2021-06-22 00:19:49", "elapsed": 781.174594, "delta": 4.63753}}
{"target": -12.343767554296372, "params": {"C": 725.286428454993, "gamma": 0.0118299250813096}, "datetime": {"datetime": "2021-06-22 00:19:52", "elapsed": 784.224662, "delta": 3.050068}}
{"target": -12.651815446978171, "params": {"C": 694.7700656794298, "gamma": 0.009386049665894862}, "datetime": {"datetime": "2021-06-22 00:19:58", "elapsed": 790.171938, "delta": 5.947276}}
{"target": -11.783354134297815, "params": {"C": 694.0145498996728, "gamma": 0.0426161759146594}, "datetime": {"datetime": "2021-06-22 00:20:01", "elapsed": 793.37525, "delta": 3.203312}}
{"target": -12.309123329590395, "params": {"C": 437.4988602513461, "gamma": 0.028109253725560807}, "datetime": {"datetime": "2021-06-22 00:20:05", "elapsed": 797.516115, "delta": 4.140865}}
{"target": -12.88953799539872, "params": {"C": 503.76726981655025, "gamma": 0.010772773549324039}, "datetime": {"datetime": "2021-06-22 00:20:11", "elapsed": 803.2773, "delta": 5.761185}}
{"target": -12.720894254263454, "params": {"C": 463.3170763826263, "gamma": 0.013739606452464557}, "datetime": {"datetime": "2021-06-22 00:20:14", "elapsed": 806.652475, "delta": 3.375175}}
{"target": -12.160116522975006, "params": {"C": 536.7704446528351, "gamma": 0.048186999495528855}, "datetime": {"datetime": "2021-06-22 00:20:18", "elapsed": 809.950198, "delta": 3.297723}}
{"target": -12.233324556653868, "params": {"C": 758.6068597586028, "gamma": 0.012617147942813971}, "datetime": {"datetime": "2021-06-22 00:20:22", "elapsed": 814.826057, "delta": 4.875859}}
{"target": -11.750993898237597, "params": {"C": 759.497591516017, "gamma": 0.049567330661032964}, "datetime": {"datetime": "2021-06-22 00:20:26", "elapsed": 818.019056, "delta": 3.192999}}
{"target": -12.316515047545078, "params": {"C": 501.4459740095339, "gamma": 0.01988737857245697}, "datetime": {"datetime": "2021-06-22 00:20:29", "elapsed": 821.314468, "delta": 3.295412}}
{"target": -12.579384704583003, "params": {"C": 500.34284127831484, "gamma": 0.014430060053986778}, "datetime": {"datetime": "2021-06-22 00:20:32", "elapsed": 824.672207, "delta": 3.357739}}
{"target": -13.173764555125153, "params": {"C": 485.18059767876355, "gamma": 0.009269636864556537}, "datetime": {"datetime": "2021-06-22 00:20:36", "elapsed": 828.312549, "delta": 3.640342}}
{"target": -12.153312173074445, "params": {"C": 486.3321094678066, "gamma": 0.036129632469400444}, "datetime": {"datetime": "2021-06-22 00:20:42", "elapsed": 834.113302, "delta": 5.800753}}
{"target": -11.858107704235065, "params": {"C": 642.7854298027194, "gamma": 0.041081420985252776}, "datetime": {"datetime": "2021-06-22 00:20:45", "elapsed": 837.570147, "delta": 3.456845}}
{"target": -12.751139829906228, "params": {"C": 653.4326110956825, "gamma": 0.009246129947863063}, "datetime": {"datetime": "2021-06-22 00:20:49", "elapsed": 841.025645, "delta": 3.455498}}
{"target": -12.06657478022081, "params": {"C": 654.347499997315, "gamma": 0.01823319675635305}, "datetime": {"datetime": "2021-06-22 00:20:52", "elapsed": 844.53911, "delta": 3.513465}}
{"target": -12.568924501210004, "params": {"C": 651.0662387140775, "gamma": 0.010679245325085861}, "datetime": {"datetime": "2021-06-22 00:20:56", "elapsed": 848.173556, "delta": 3.634446}}
{"target": -11.797547100965792, "params": {"C": 649.1289295187869, "gamma": 0.03360012250820893}, "datetime": {"datetime": "2021-06-22 00:20:59", "elapsed": 851.772795, "delta": 3.599239}}
{"target": -11.722598656057475, "params": {"C": 712.8969309233187, "gamma": 0.027707298437259748}, "datetime": {"datetime": "2021-06-22 00:21:04", "elapsed": 856.908138, "delta": 5.135343}}
{"target": -12.406238653944909, "params": {"C": 429.9850008831393, "gamma": 0.04426310919597421}, "datetime": {"datetime": "2021-06-22 00:21:10", "elapsed": 862.157732, "delta": 5.249594}}
{"target": -12.697308220976636, "params": {"C": 423.14758394212777, "gamma": 0.016066386449751408}, "datetime": {"datetime": "2021-06-22 00:21:13", "elapsed": 865.824532, "delta": 3.6668}}
{"target": -12.012717373604698, "params": {"C": 798.8515438085443, "gamma": 0.015081816389411189}, "datetime": {"datetime": "2021-06-22 00:21:19", "elapsed": 871.274655, "delta": 5.450123}}
{"target": -11.695020184683251, "params": {"C": 798.2577415181418, "gamma": 0.049174433941602556}, "datetime": {"datetime": "2021-06-22 00:21:23", "elapsed": 875.500696, "delta": 4.226041}}
{"target": -12.311366591515602, "params": {"C": 488.8963648163003, "gamma": 0.05}, "datetime": {"datetime": "2021-06-22 00:21:29", "elapsed": 881.154782, "delta": 5.654086}}
{"target": -12.741222431726595, "params": {"C": 421.9925390114536, "gamma": 0.015324604821349036}, "datetime": {"datetime": "2021-06-22 00:21:36", "elapsed": 888.428482, "delta": 7.2737}}
{"target": -11.617442388327541, "params": {"C": 772.1032642924866, "gamma": 0.03758532165919201}, "datetime": {"datetime": "2021-06-22 00:21:40", "elapsed": 892.61113, "delta": 4.182648}}
{"target": -12.401087351231302, "params": {"C": 459.3772490885641, "gamma": 0.04999762429470447}, "datetime": {"datetime": "2021-06-22 00:21:44", "elapsed": 896.272587, "delta": 3.661457}}
{"target": -12.865392839931442, "params": {"C": 499.2200430828373, "gamma": 0.011082170173917948}, "datetime": {"datetime": "2021-06-22 00:21:48", "elapsed": 900.113332, "delta": 3.840745}}
{"target": -12.194681338960622, "params": {"C": 639.8828135060459, "gamma": 0.016118290350746012}, "datetime": {"datetime": "2021-06-22 00:21:51", "elapsed": 903.902709, "delta": 3.789377}}
{"target": -12.374817672689224, "params": {"C": 618.4161058173977, "gamma": 0.01372704218335207}, "datetime": {"datetime": "2021-06-22 00:21:55", "elapsed": 907.705318, "delta": 3.802609}}
{"target": -12.637570872367112, "params": {"C": 462.17846137861414, "gamma": 0.01510925492732988}, "datetime": {"datetime": "2021-06-22 00:21:59", "elapsed": 911.476983, "delta": 3.771665}}
{"target": -11.880999924241468, "params": {"C": 677.9291384092548, "gamma": 0.04900453870457746}, "datetime": {"datetime": "2021-06-22 00:22:03", "elapsed": 915.619192, "delta": 4.142209}}
{"target": -11.148689444293739, "params": {"C": 1300.368107843559, "gamma": 0.03853330423112848}, "datetime": {"datetime": "2021-06-22 00:23:27", "elapsed": 0.0, "delta": 0.0}}
{"target": -11.732125651767186, "params": {"C": 800.0372612182956, "gamma": 0.02139563547790543}, "datetime": {"datetime": "2021-06-22 00:23:27", "elapsed": 0.202037, "delta": 0.202037}}
{"target": -11.96187957806359, "params": {"C": 976.0217445696173, "gamma": 0.01278588238552071}, "datetime": {"datetime": "2021-06-22 00:23:27", "elapsed": 0.401034, "delta": 0.198997}}
{"target": -11.418266765031774, "params": {"C": 1023.4308796743428, "gamma": 0.023167989808764958}, "datetime": {"datetime": "2021-06-22 00:23:27", "elapsed": 0.596033, "delta": 0.194999}}
{"target": -11.143716501833447, "params": {"C": 1276.0606458242269, "gamma": 0.031091486094137637}, "datetime": {"datetime": "2021-06-22 00:23:27", "elapsed": 0.790036, "delta": 0.194003}}
{"target": -11.141331215105906, "params": {"C": 1302.975336735394, "gamma": 0.03709399951626714}, "datetime": {"datetime": "2021-06-22 00:23:28", "elapsed": 0.992001, "delta": 0.201965}}
{"target": -11.381077135235545, "params": {"C": 1045.263144902794, "gamma": 0.045002814892028765}, "datetime": {"datetime": "2021-06-22 00:23:28", "elapsed": 1.191001, "delta": 0.199}}
{"target": -11.528369184600452, "params": {"C": 832.7678505968312, "gamma": 0.03648916791731449}, "datetime": {"datetime": "2021-06-22 00:23:28", "elapsed": 1.390038, "delta": 0.199037}}
{"target": -11.129773838746509, "params": {"C": 1300.7074933207891, "gamma": 0.03190628296627582}, "datetime": {"datetime": "2021-06-22 00:23:28", "elapsed": 1.588038, "delta": 0.198}}
{"target": -11.703409235026434, "params": {"C": 968.37836500814, "gamma": 0.01712216105248003}, "datetime": {"datetime": "2021-06-22 00:23:28", "elapsed": 1.810992, "delta": 0.222954}}
{"target": -10.954562570546148, "params": {"C": 1760.8735568675115, "gamma": 0.0486987246044953}, "datetime": {"datetime": "2021-06-22 00:23:29", "elapsed": 2.009034, "delta": 0.198042}}
{"target": -11.222952459066834, "params": {"C": 1176.0403562089073, "gamma": 0.03738522724244188}, "datetime": {"datetime": "2021-06-22 00:23:29", "elapsed": 2.236992, "delta": 0.227958}}
{"target": -10.902633692844539, "params": {"C": 1851.6546216704755, "gamma": 0.045678873203657745}, "datetime": {"datetime": "2021-06-22 00:23:29", "elapsed": 2.427005, "delta": 0.190013}}
{"target": -12.228669824461225, "params": {"C": 901.9615580648705, "gamma": 0.010601246112548176}, "datetime": {"datetime": "2021-06-22 00:23:29", "elapsed": 2.641992, "delta": 0.214987}}
{"target": -11.420412855163102, "params": {"C": 1003.7134865194391, "gamma": 0.04500384264060594}, "datetime": {"datetime": "2021-06-22 00:23:29", "elapsed": 2.837996, "delta": 0.196004}}
{"target": -11.46330559619915, "params": {"C": 917.9260352830433, "gamma": 0.026265412625207138}, "datetime": {"datetime": "2021-06-22 00:23:30", "elapsed": 3.041992, "delta": 0.203996}}
{"target": -10.859972072218705, "params": {"C": 1949.4632251336175, "gamma": 0.030859776683893697}, "datetime": {"datetime": "2021-06-22 00:23:30", "elapsed": 3.249998, "delta": 0.208006}}
{"target": -11.087053196250936, "params": {"C": 1630.221724451963, "gamma": 0.02193614087124858}, "datetime": {"datetime": "2021-06-22 00:23:30", "elapsed": 3.448039, "delta": 0.198041}}
{"target": -10.992864544436316, "params": {"C": 1623.7697633106686, "gamma": 0.043219652547792295}, "datetime": {"datetime": "2021-06-22 00:23:30", "elapsed": 3.695995, "delta": 0.247956}}
{"target": -11.56409511566842, "params": {"C": 821.8477616407646, "gamma": 0.03975591691274367}, "datetime": {"datetime": "2021-06-22 00:23:31", "elapsed": 3.934992, "delta": 0.238997}}
{"target": -10.838797414384862, "params": {"C": 1986.6321927966842, "gamma": 0.03967479182957342}, "datetime": {"datetime": "2021-06-22 00:23:31", "elapsed": 4.234993, "delta": 0.300001}}
{"target": -11.273493895989187, "params": {"C": 1136.4608348764925, "gamma": 0.04136045246651103}, "datetime": {"datetime": "2021-06-22 00:23:31", "elapsed": 4.441989, "delta": 0.206996}}
{"target": -11.441806365326194, "params": {"C": 923.7815304938282, "gamma": 0.027363634573212114}, "datetime": {"datetime": "2021-06-22 00:23:31", "elapsed": 4.640995, "delta": 0.199006}}
{"target": -11.014440674181907, "params": {"C": 1890.3054632620237, "gamma": 0.02103818008332086}, "datetime": {"datetime": "2021-06-22 00:23:31", "elapsed": 4.831999, "delta": 0.191004}}
{"target": -11.697023900105412, "params": {"C": 1145.259183837477, "gamma": 0.014331171456849385}, "datetime": {"datetime": "2021-06-22 00:23:32", "elapsed": 5.031, "delta": 0.199001}}
{"target": -11.54284594590588, "params": {"C": 823.1422861401435, "gamma": 0.03683225685053553}, "datetime": {"datetime": "2021-06-22 00:23:32", "elapsed": 5.236035, "delta": 0.205035}}
{"target": -11.498955911945256, "params": {"C": 1053.8749020116709, "gamma": 0.019887413034261274}, "datetime": {"datetime": "2021-06-22 00:23:32", "elapsed": 5.426, "delta": 0.189965}}
{"target": -11.753543234489195, "params": {"C": 1389.836948452334, "gamma": 0.011187864349800295}, "datetime": {"datetime": "2021-06-22 00:23:32", "elapsed": 5.625219, "delta": 0.199219}}
{"target": -11.416494208321811, "params": {"C": 1488.8985383509648, "gamma": 0.015015871571138217}, "datetime": {"datetime": "2021-06-22 00:23:32", "elapsed": 5.848, "delta": 0.222781}}
{"target": -11.0323461641453, "params": {"C": 1507.1255748376313, "gamma": 0.037690092760858177}, "datetime": {"datetime": "2021-06-22 00:23:33", "elapsed": 6.043996, "delta": 0.195996}}
{"target": -11.324900102127051, "params": {"C": 1922.6273227747313, "gamma": 0.01363265930324815}, "datetime": {"datetime": "2021-06-22 00:23:33", "elapsed": 6.420017, "delta": 0.376021}}
{"target": -11.226675606292517, "params": {"C": 1249.0008396849466, "gamma": 0.02375206182987003}, "datetime": {"datetime": "2021-06-22 00:23:33", "elapsed": 6.763274, "delta": 0.343257}}
{"target": -10.900833080925015, "params": {"C": 1824.8611440286754, "gamma": 0.031853089493567986}, "datetime": {"datetime": "2021-06-22 00:23:34", "elapsed": 7.106264, "delta": 0.34299}}
{"target": -11.60378606510081, "params": {"C": 1793.1843839176877, "gamma": 0.010608267327346713}, "datetime": {"datetime": "2021-06-22 00:23:34", "elapsed": 7.454268, "delta": 0.348004}}
{"target": -10.932198876114246, "params": {"C": 1733.5259574364227, "gamma": 0.035631815396863754}, "datetime": {"datetime": "2021-06-22 00:23:34", "elapsed": 7.820233, "delta": 0.365965}}
{"target": -11.372424760361453, "params": {"C": 1106.82854870105, "gamma": 0.05}, "datetime": {"datetime": "2021-06-22 00:23:35", "elapsed": 8.227269, "delta": 0.407036}}
{"target": -10.986065360852544, "params": {"C": 1704.7880833763338, "gamma": 0.05}, "datetime": {"datetime": "2021-06-22 00:23:35", "elapsed": 8.617232, "delta": 0.389963}}
{"target": -11.805571895211262, "params": {"C": 1536.8491754947795, "gamma": 0.009790902906900281}, "datetime": {"datetime": "2021-06-22 00:23:36", "elapsed": 8.983232, "delta": 0.366}}
{"target": -10.991252936461045, "params": {"C": 1674.9831049959844, "gamma": 0.048546211166588346}, "datetime": {"datetime": "2021-06-22 00:23:36", "elapsed": 9.394235, "delta": 0.411003}}
{"target": -11.180509082517469, "params": {"C": 1592.9755012018047, "gamma": 0.019340784963040456}, "datetime": {"datetime": "2021-06-22 00:23:36", "elapsed": 9.760234, "delta": 0.365999}}
{"target": -11.194876756306826, "params": {"C": 1210.1146340315183, "gamma": 0.03606697159675566}, "datetime": {"datetime": "2021-06-22 00:23:37", "elapsed": 10.099236, "delta": 0.339002}}
{"target": -11.084294790720225, "params": {"C": 1441.9617036842744, "gamma": 0.04275859418998018}, "datetime": {"datetime": "2021-06-22 00:23:37", "elapsed": 10.521254, "delta": 0.422018}}
{"target": -10.845824137277045, "params": {"C": 1968.1586217857553, "gamma": 0.03521134978569038}, "datetime": {"datetime": "2021-06-22 00:23:37", "elapsed": 10.886251, "delta": 0.364997}}
{"target": -11.136182574626478, "params": {"C": 1351.5637264485617, "gamma": 0.04239619270952962}, "datetime": {"datetime": "2021-06-22 00:23:38", "elapsed": 11.287248, "delta": 0.400997}}
{"target": -11.010056717270874, "params": {"C": 1567.89337871052, "gamma": 0.040620039924836815}, "datetime": {"datetime": "2021-06-22 00:23:38", "elapsed": 11.660759, "delta": 0.373511}}
{"target": -11.140759863537227, "params": {"C": 1419.1507828427837, "gamma": 0.05}, "datetime": {"datetime": "2021-06-22 00:23:39", "elapsed": 12.096756, "delta": 0.435997}}
{"target": -11.622130265215617, "params": {"C": 864.3679690942876, "gamma": 0.05}, "datetime": {"datetime": "2021-06-22 00:23:39", "elapsed": 12.582452, "delta": 0.485696}}
{"target": -10.882502016852499, "params": {"C": 1870.7831608980541, "gamma": 0.040494936980930436}, "datetime": {"datetime": "2021-06-22 00:23:40", "elapsed": 12.999281, "delta": 0.416829}}
{"target": -10.974046577973509, "params": {"C": 1654.5641093963927, "gamma": 0.028675391760128642}, "datetime": {"datetime": "2021-06-22 00:23:40", "elapsed": 13.544068, "delta": 0.544787}}
{"target": -11.644222229282635, "params": {"C": 1463.66490403916, "gamma": 0.011944645086935426}, "datetime": {"datetime": "2021-06-22 00:23:41", "elapsed": 14.037633, "delta": 0.493565}}
{"target": -11.326831500434906, "params": {"C": 1081.767351170416, "gamma": 0.024531116346657517}, "datetime": {"datetime": "2021-06-22 00:23:41", "elapsed": 14.377671, "delta": 0.340038}}
{"target": -10.861236319715827, "params": {"C": 1999.960920379483, "gamma": 0.027896073105053938}, "datetime": {"datetime": "2021-06-22 00:23:41", "elapsed": 14.767477, "delta": 0.389806}}
{"target": -11.207858057855011, "params": {"C": 1229.4170582183694, "gamma": 0.04122737269711499}, "datetime": {"datetime": "2021-06-22 00:23:42", "elapsed": 15.177481, "delta": 0.410004}}
{"target": -11.64920782731837, "params": {"C": 946.8925659069025, "gamma": 0.018813813465565904}, "datetime": {"datetime": "2021-06-22 00:23:42", "elapsed": 15.54812, "delta": 0.370639}}
{"target": -11.538248954386122, "params": {"C": 1333.4209483827965, "gamma": 0.014555489891007831}, "datetime": {"datetime": "2021-06-22 00:23:42", "elapsed": 15.897945, "delta": 0.349825}}
{"target": -11.447501446669488, "params": {"C": 1192.809996570424, "gamma": 0.018157488985746886}, "datetime": {"datetime": "2021-06-22 00:23:43", "elapsed": 16.292954, "delta": 0.395009}}
{"target": -11.108575245422358, "params": {"C": 1368.8126363982255, "gamma": 0.03867344831439322}, "datetime": {"datetime": "2021-06-22 00:23:43", "elapsed": 16.681541, "delta": 0.388587}}
{"target": -10.937900820173233, "params": {"C": 1719.2801824919093, "gamma": 0.035500365737715124}, "datetime": {"datetime": "2021-06-22 00:23:44", "elapsed": 17.074867, "delta": 0.393326}}
{"target": -11.748092706468825, "params": {"C": 1837.8682540649177, "gamma": 0.009}, "datetime": {"datetime": "2021-06-22 00:23:44", "elapsed": 17.432552, "delta": 0.357685}}
{"target": -10.934237217321877, "params": {"C": 1811.349212594857, "gamma": 0.02681768348416684}, "datetime": {"datetime": "2021-06-22 00:23:44", "elapsed": 17.834427, "delta": 0.401875}}
{"target": -10.898474975525803, "params": {"C": 1905.6013146117816, "gamma": 0.049415930855182186}, "datetime": {"datetime": "2021-06-22 00:23:45", "elapsed": 18.256035, "delta": 0.421608}}
{"target": -11.815243351332068, "params": {"C": 1689.6272607981036, "gamma": 0.009}, "datetime": {"datetime": "2021-06-22 00:23:45", "elapsed": 18.741611, "delta": 0.485576}}
{"target": -10.948820227720665, "params": {"C": 1747.5980715287546, "gamma": 0.04649786166011017}, "datetime": {"datetime": "2021-06-22 00:23:46", "elapsed": 19.10731, "delta": 0.365699}}
{"target": -11.8576228119649, "params": {"C": 1608.1803051451855, "gamma": 0.009}, "datetime": {"datetime": "2021-06-22 00:23:46", "elapsed": 19.574937, "delta": 0.467627}}
