{"target": -24.302546444162772, "params": {"C": 9.372415608930929, "gamma": 0.05957128247800844}, "datetime": {"datetime": "2021-06-21 22:09:43", "elapsed": 312.872796, "delta": 2.694597}}
{"target": -22.86770246708686, "params": {"C": 9.641081705583884, "gamma": 0.022602128283392385}, "datetime": {"datetime": "2021-06-21 22:09:46", "elapsed": 316.300548, "delta": 3.427752}}
{"target": -24.93168640802698, "params": {"C": 9.324248002755638, "gamma": 0.004993993427290888}, "datetime": {"datetime": "2021-06-21 22:09:50", "elapsed": 320.249334, "delta": 3.948786}}
{"target": -34.45648844686357, "params": {"C": 1.5972705143426846, "gamma": 4.951495552161318}, "datetime": {"datetime": "2021-06-21 22:09:56", "elapsed": 325.747323, "delta": 5.497989}}
{"target": -23.569926187456435, "params": {"C": 9.743307685406315, "gamma": 0.04428702295636871}, "datetime": {"datetime": "2021-06-21 22:10:00", "elapsed": 330.319283, "delta": 4.57196}}
{"target": -23.46797597819116, "params": {"C": 9.23141299006545, "gamma": 0.009999058161745962}, "datetime": {"datetime": "2021-06-21 22:10:05", "elapsed": 335.098738, "delta": 4.779455}}
{"target": -22.95058292045084, "params": {"C": 9.347013938482831, "gamma": 0.021008849106291864}, "datetime": {"datetime": "2021-06-21 22:10:10", "elapsed": 339.789628, "delta": 4.69089}}
{"target": -23.878993020058655, "params": {"C": 9.345259517551131, "gamma": 0.048743496977825464}, "datetime": {"datetime": "2021-06-21 22:10:14", "elapsed": 343.838556, "delta": 4.048928}}
{"target": -23.857001121618595, "params": {"C": 9.496639860446404, "gamma": 0.049562503193054136}, "datetime": {"datetime": "2021-06-21 22:10:18", "elapsed": 347.444528, "delta": 3.605972}}
{"target": -23.37549428442495, "params": {"C": 9.183535797409663, "gamma": 0.010856754414772275}, "datetime": {"datetime": "2021-06-21 22:10:21", "elapsed": 350.826606, "delta": 3.382078}}
{"target": -28.34831333109436, "params": {"C": 9.11190223813056, "gamma": 0.0017212952797113663}, "datetime": {"datetime": "2021-06-21 22:10:24", "elapsed": 354.299931, "delta": 3.473325}}
{"target": -23.007247145583175, "params": {"C": 9.212030305970993, "gamma": 0.021642731801406006}, "datetime": {"datetime": "2021-06-21 22:10:28", "elapsed": 358.349214, "delta": 4.049283}}
{"target": -23.162206404461177, "params": {"C": 9.579954326726643, "gamma": 0.031949615473780356}, "datetime": {"datetime": "2021-06-21 22:10:32", "elapsed": 362.116762, "delta": 3.767548}}
{"target": -22.858900471233017, "params": {"C": 9.71603263462069, "gamma": 0.015528394097162921}, "datetime": {"datetime": "2021-06-21 22:10:36", "elapsed": 365.453761, "delta": 3.336999}}
{"target": -23.02618801327321, "params": {"C": 9.355901950130251, "gamma": 0.025287799016443707}, "datetime": {"datetime": "2021-06-21 22:10:39", "elapsed": 369.114762, "delta": 3.661001}}
{"target": -34.2770162191324, "params": {"C": 3.4976363151177936, "gamma": 5.852860113403056}, "datetime": {"datetime": "2021-06-21 22:10:43", "elapsed": 372.96076, "delta": 3.845998}}
{"target": -23.27272298485916, "params": {"C": 9.54378001861775, "gamma": 0.03465612480056074}, "datetime": {"datetime": "2021-06-21 22:10:46", "elapsed": 376.187711, "delta": 3.226951}}
{"target": -23.297051530981634, "params": {"C": 9.266679858611862, "gamma": 0.03273513517484935}, "datetime": {"datetime": "2021-06-21 22:10:50", "elapsed": 379.74239, "delta": 3.554679}}
{"target": -22.97839349988882, "params": {"C": 9.251033868434142, "gamma": 0.01850110245725935}, "datetime": {"datetime": "2021-06-21 22:10:55", "elapsed": 384.632568, "delta": 4.890178}}
{"target": -22.978942569477233, "params": {"C": 9.275368760416672, "gamma": 0.01737097497359941}, "datetime": {"datetime": "2021-06-21 22:10:59", "elapsed": 388.758416, "delta": 4.125848}}
{"target": -34.3788780092656, "params": {"C": 2.2550728157041458, "gamma": 4.296727818574821}, "datetime": {"datetime": "2021-06-21 22:11:03", "elapsed": 392.962942, "delta": 4.204526}}
{"target": -25.789406176467743, "params": {"C": 9.204596230044112, "gamma": 0.003753170314698904}, "datetime": {"datetime": "2021-06-21 22:11:06", "elapsed": 395.751262, "delta": 2.78832}}
{"target": -23.37574876096673, "params": {"C": 9.343587679569492, "gamma": 0.010360218296312163}, "datetime": {"datetime": "2021-06-21 22:11:10", "elapsed": 399.757405, "delta": 4.006143}}
{"target": -24.74891095217954, "params": {"C": 9.212966366077476, "gamma": 0.06989150776735488}, "datetime": {"datetime": "2021-06-21 22:11:15", "elapsed": 404.659779, "delta": 4.902374}}
{"target": -23.03579260224425, "params": {"C": 9.170129560911716, "gamma": 0.01631733858614926}, "datetime": {"datetime": "2021-06-21 22:11:18", "elapsed": 407.722237, "delta": 3.062458}}
{"target": -23.870117866662614, "params": {"C": 9.171376849678339, "gamma": 0.04692558082838945}, "datetime": {"datetime": "2021-06-21 22:11:22", "elapsed": 411.972445, "delta": 4.250208}}
{"target": -23.683595741936266, "params": {"C": 9.209721134241843, "gamma": 0.0425099013365903}, "datetime": {"datetime": "2021-06-21 22:11:26", "elapsed": 416.07241, "delta": 4.099965}}
{"target": -23.44352864823587, "params": {"C": 9.287947135492786, "gamma": 0.03689413138677035}, "datetime": {"datetime": "2021-06-21 22:11:32", "elapsed": 421.7928, "delta": 5.72039}}
{"target": -22.777177881760487, "params": {"C": 9.807480565629508, "gamma": 0.019029506382375324}, "datetime": {"datetime": "2021-06-21 22:11:36", "elapsed": 426.365145, "delta": 4.572345}}
{"target": -25.496093936640534, "params": {"C": 9.56196380993361, "gamma": 0.09673388277135618}, "datetime": {"datetime": "2021-06-21 22:11:42", "elapsed": 431.756542, "delta": 5.391397}}
{"target": -24.251562037165915, "params": {"C": 9.2593508075459, "gamma": 0.006623219336861358}, "datetime": {"datetime": "2021-06-21 22:11:46", "elapsed": 436.093975, "delta": 4.337433}}
{"target": -26.80320942662478, "params": {"C": 9.141428369110974, "gamma": 0.13935830887282113}, "datetime": {"datetime": "2021-06-21 22:11:52", "elapsed": 441.445485, "delta": 5.35151}}
{"target": -34.03336894440874, "params": {"C": 6.523541669247537, "gamma": 7.603170542287265}, "datetime": {"datetime": "2021-06-21 22:11:57", "elapsed": 447.088045, "delta": 5.64256}}
{"target": -23.15182736290769, "params": {"C": 9.179072674934039, "gamma": 0.027534313392779883}, "datetime": {"datetime": "2021-06-21 22:12:02", "elapsed": 451.967044, "delta": 4.878999}}
{"target": -22.7363125159291, "params": {"C": 9.926200537659062, "gamma": 0.019656587859930862}, "datetime": {"datetime": "2021-06-21 22:12:06", "elapsed": 456.131713, "delta": 4.164669}}
{"target": -24.081494950828468, "params": {"C": 9.13736676617108, "gamma": 0.05176495817386215}, "datetime": {"datetime": "2021-06-21 22:12:10", "elapsed": 459.966627, "delta": 3.834914}}
{"target": -33.75599368591254, "params": {"C": 1.8734885870590332, "gamma": 0.562397914632728}, "datetime": {"datetime": "2021-06-21 22:12:14", "elapsed": 463.470053, "delta": 3.503426}}
{"target": -23.149817043138587, "params": {"C": 9.159300581518634, "gamma": 0.027219995771098425}, "datetime": {"datetime": "2021-06-21 22:12:17", "elapsed": 467.014007, "delta": 3.543954}}
{"target": -23.637982362455563, "params": {"C": 9.187686585726572, "gamma": 0.04111280132449437}, "datetime": {"datetime": "2021-06-21 22:12:21", "elapsed": 470.893007, "delta": 3.879}}
{"target": -23.015844120658556, "params": {"C": 9.192327953651803, "gamma": 0.016936754142596724}, "datetime": {"datetime": "2021-06-21 22:12:24", "elapsed": 474.40801, "delta": 3.515003}}
{"target": -23.169783859546257, "params": {"C": 9.219636184983742, "gamma": 0.028563755356795183}, "datetime": {"datetime": "2021-06-21 22:12:29", "elapsed": 479.180007, "delta": 4.771997}}
{"target": -23.14950981304716, "params": {"C": 9.35227945044405, "gamma": 0.029339654637362947}, "datetime": {"datetime": "2021-06-21 22:12:33", "elapsed": 483.184074, "delta": 4.004067}}
{"target": -24.062055234567488, "params": {"C": 9.156944333750925, "gamma": 0.05147564606012476}, "datetime": {"datetime": "2021-06-21 22:12:38", "elapsed": 488.228438, "delta": 5.044364}}
{"target": -23.288996471273578, "params": {"C": 9.326145338062153, "gamma": 0.033078906014983415}, "datetime": {"datetime": "2021-06-21 22:12:42", "elapsed": 492.269313, "delta": 4.040875}}
{"target": -22.955346177256015, "params": {"C": 9.984028920054032, "gamma": 0.029830335953666014}, "datetime": {"datetime": "2021-06-21 22:12:47", "elapsed": 496.590514, "delta": 4.321201}}
{"target": -34.09081021856832, "params": {"C": 5.405508039174324, "gamma": 5.287025430794673}, "datetime": {"datetime": "2021-06-21 22:12:52", "elapsed": 501.874068, "delta": 5.283554}}
{"target": -33.96428269684284, "params": {"C": 5.077915314196812, "gamma": 2.5920220950456128}, "datetime": {"datetime": "2021-06-21 22:12:57", "elapsed": 507.119842, "delta": 5.245774}}
{"target": -23.055017397665374, "params": {"C": 9.234771602555583, "gamma": 0.024682871968029225}, "datetime": {"datetime": "2021-06-21 22:13:02", "elapsed": 511.769778, "delta": 4.649936}}
{"target": -26.324950054917863, "params": {"C": 9.155647734138046, "gamma": 0.003169477725089843}, "datetime": {"datetime": "2021-06-21 22:13:07", "elapsed": 517.183358, "delta": 5.41358}}
{"target": -23.580016858608985, "params": {"C": 9.259974247528673, "gamma": 0.040245329910555426}, "datetime": {"datetime": "2021-06-21 22:13:13", "elapsed": 523.10797, "delta": 5.924612}}
{"target": -24.11806912041928, "params": {"C": 9.411616336666834, "gamma": 0.05522623389906515}, "datetime": {"datetime": "2021-06-21 22:13:19", "elapsed": 529.196925, "delta": 6.088955}}
{"target": -23.07391607795714, "params": {"C": 9.336121406108704, "gamma": 0.026769226925675543}, "datetime": {"datetime": "2021-06-21 22:13:24", "elapsed": 533.820141, "delta": 4.623216}}
{"target": -33.841780786409956, "params": {"C": 8.569407889046387, "gamma": 5.4416198625269185}, "datetime": {"datetime": "2021-06-21 22:13:28", "elapsed": 538.10883, "delta": 4.288689}}
{"target": -24.09878770118799, "params": {"C": 9.22541319249711, "gamma": 0.05301376245109187}, "datetime": {"datetime": "2021-06-21 22:13:33", "elapsed": 543.257493, "delta": 5.148663}}
{"target": -26.463977828732567, "params": {"C": 9.374124060814152, "gamma": 0.002942664427775824}, "datetime": {"datetime": "2021-06-21 22:13:39", "elapsed": 548.514083, "delta": 5.25659}}
{"target": -22.96332597934594, "params": {"C": 9.496090833261311, "gamma": 0.02473031760384899}, "datetime": {"datetime": "2021-06-21 22:13:44", "elapsed": 553.779218, "delta": 5.265135}}
{"target": -23.13289024377215, "params": {"C": 9.575017923475574, "gamma": 0.011746863026573622}, "datetime": {"datetime": "2021-06-21 22:13:49", "elapsed": 558.809038, "delta": 5.02982}}
{"target": -23.728259189273505, "params": {"C": 9.540172564768293, "gamma": 0.046679113780741015}, "datetime": {"datetime": "2021-06-21 22:13:54", "elapsed": 563.66982, "delta": 4.860782}}
{"target": -24.913565449931898, "params": {"C": 9.260848887732909, "gamma": 0.07504586862045022}, "datetime": {"datetime": "2021-06-21 22:13:59", "elapsed": 568.853742, "delta": 5.183922}}
{"target": -24.24438528322391, "params": {"C": 9.711135686118139, "gamma": 0.006148823298664173}, "datetime": {"datetime": "2021-06-21 22:14:04", "elapsed": 573.91616, "delta": 5.062418}}
{"target": -23.43051783242873, "params": {"C": 9.192727401045923, "gamma": 0.03566843291038919}, "datetime": {"datetime": "2021-06-21 22:14:09", "elapsed": 579.14379, "delta": 5.22763}}
{"target": -26.552542430618033, "params": {"C": 9.411170849909313, "gamma": 0.002848773375870229}, "datetime": {"datetime": "2021-06-21 22:14:15", "elapsed": 584.513151, "delta": 5.369361}}
{"target": -23.029483373408436, "params": {"C": 9.804090288342788, "gamma": 0.030282040553264514}, "datetime": {"datetime": "2021-06-21 22:14:20", "elapsed": 589.911436, "delta": 5.398285}}
{"target": -33.40123691616161, "params": {"C": 6.175610010636939, "gamma": 1.3318250800229523}, "datetime": {"datetime": "2021-06-21 22:14:25", "elapsed": 595.246722, "delta": 5.335286}}
{"target": -22.9366575478238, "params": {"C": 9.409101198430275, "gamma": 0.016920240737432396}, "datetime": {"datetime": "2021-06-21 22:14:31", "elapsed": 600.444073, "delta": 5.197351}}
{"target": -22.82749355951062, "params": {"C": 9.666299928369222, "gamma": 0.019726774878578032}, "datetime": {"datetime": "2021-06-21 22:14:35", "elapsed": 604.504931, "delta": 4.060858}}
{"target": -27.33463828693373, "params": {"C": 9.290767721242037, "gamma": 0.002284518711596304}, "datetime": {"datetime": "2021-06-21 22:14:40", "elapsed": 609.761878, "delta": 5.256947}}
{"target": -22.77019810800359, "params": {"C": 9.90525974723381, "gamma": 0.022111499420520854}, "datetime": {"datetime": "2021-06-21 22:14:45", "elapsed": 614.749381, "delta": 4.987503}}
{"target": -23.103643986442773, "params": {"C": 9.752828938223384, "gamma": 0.03192435488895287}, "datetime": {"datetime": "2021-06-21 22:14:50", "elapsed": 620.227649, "delta": 5.478268}}
{"target": -23.01299835862916, "params": {"C": 9.417832537684765, "gamma": 0.025612172614577346}, "datetime": {"datetime": "2021-06-21 22:14:55", "elapsed": 625.326072, "delta": 5.098423}}
{"target": -23.041293899656754, "params": {"C": 9.167444526943013, "gamma": 0.022833336167054852}, "datetime": {"datetime": "2021-06-21 22:15:01", "elapsed": 630.890103, "delta": 5.564031}}
{"target": -23.16113882618096, "params": {"C": 9.763789778133745, "gamma": 0.03362028148797076}, "datetime": {"datetime": "2021-06-21 22:15:05", "elapsed": 635.16814, "delta": 4.278037}}
{"target": -22.826457279860666, "params": {"C": 9.805726324530244, "gamma": 0.023318458811155112}, "datetime": {"datetime": "2021-06-21 22:15:12", "elapsed": 641.421046, "delta": 6.252906}}
{"target": -33.841324910937345, "params": {"C": 7.708370774185314, "gamma": 3.9848240955773186}, "datetime": {"datetime": "2021-06-21 22:15:20", "elapsed": 649.835676, "delta": 8.41463}}
{"target": -22.85262863577841, "params": {"C": 9.6469259732554, "gamma": 0.016848868300641195}, "datetime": {"datetime": "2021-06-21 22:15:28", "elapsed": 658.000831, "delta": 8.165155}}
{"target": -24.737939394837817, "params": {"C": 9.10988390340911, "gamma": 0.06848247991646522}, "datetime": {"datetime": "2021-06-21 22:15:35", "elapsed": 665.354534, "delta": 7.353703}}
{"target": -24.379218083497285, "params": {"C": 9.283637918730468, "gamma": 0.06069924674017885}, "datetime": {"datetime": "2021-06-21 22:15:42", "elapsed": 671.822848, "delta": 6.468314}}
{"target": -22.841052478575346, "params": {"C": 9.900811852616291, "gamma": 0.014282349713038434}, "datetime": {"datetime": "2021-06-21 22:15:48", "elapsed": 678.104769, "delta": 6.281921}}
{"target": -25.158721029556432, "params": {"C": 9.053849153831367, "gamma": 0.07988119863159182}, "datetime": {"datetime": "2021-06-21 22:15:56", "elapsed": 685.482479, "delta": 7.37771}}
{"target": -24.786683025744473, "params": {"C": 9.132605911286099, "gamma": 0.07005238311370468}, "datetime": {"datetime": "2021-06-21 22:16:04", "elapsed": 694.146024, "delta": 8.663545}}
{"target": -23.749845094422444, "params": {"C": 9.565260367984452, "gamma": 0.04745785830136781}, "datetime": {"datetime": "2021-06-21 22:16:11", "elapsed": 701.250022, "delta": 7.103998}}
{"target": -34.10327640960229, "params": {"C": 2.890016379814943, "gamma": 1.633129570793956}, "datetime": {"datetime": "2021-06-21 22:16:19", "elapsed": 709.129109, "delta": 7.879087}}
{"target": -23.028404632077002, "params": {"C": 9.925001912471293, "gamma": 0.03139604180659998}, "datetime": {"datetime": "2021-06-21 22:16:27", "elapsed": 717.129464, "delta": 8.000355}}
{"target": -23.425444358320664, "params": {"C": 9.750562504303419, "gamma": 0.040539463030229456}, "datetime": {"datetime": "2021-06-21 22:16:34", "elapsed": 724.179515, "delta": 7.050051}}
{"target": -23.038650136279955, "params": {"C": 9.510952855065987, "gamma": 0.02756752319247679}, "datetime": {"datetime": "2021-06-21 22:16:42", "elapsed": 731.678887, "delta": 7.499372}}
{"target": -23.41053663227064, "params": {"C": 9.247722364381072, "gamma": 0.035643884073066054}, "datetime": {"datetime": "2021-06-21 22:16:49", "elapsed": 738.664594, "delta": 6.985707}}
{"target": -24.393988493758837, "params": {"C": 9.56219582467933, "gamma": 0.005928232755344569}, "datetime": {"datetime": "2021-06-21 22:16:56", "elapsed": 746.216563, "delta": 7.551969}}
{"target": -23.146874020570223, "params": {"C": 9.450739882893892, "gamma": 0.030258220160854606}, "datetime": {"datetime": "2021-06-21 22:17:03", "elapsed": 753.108682, "delta": 6.892119}}
{"target": -34.117661675287344, "params": {"C": 4.559740643724835, "gamma": 3.706270931207174}, "datetime": {"datetime": "2021-06-21 22:17:13", "elapsed": 762.659427, "delta": 9.550745}}
{"target": -27.075622450141708, "params": {"C": 8.966402194197327, "gamma": 0.14768980827731448}, "datetime": {"datetime": "2021-06-21 22:17:20", "elapsed": 769.999538, "delta": 7.340111}}
{"target": -23.416869360745576, "params": {"C": 9.245762418787086, "gamma": 0.010331656202848427}, "datetime": {"datetime": "2021-06-21 22:17:27", "elapsed": 777.1832, "delta": 7.183662}}
{"target": -33.967402372721935, "params": {"C": 3.7584497702261728, "gamma": 1.6762897800942953}, "datetime": {"datetime": "2021-06-21 22:17:34", "elapsed": 784.195197, "delta": 7.011997}}
{"target": -23.062682743989807, "params": {"C": 9.210191761746293, "gamma": 0.02462770020477862}, "datetime": {"datetime": "2021-06-21 22:17:40", "elapsed": 790.348759, "delta": 6.153562}}
{"target": -23.500009759129483, "params": {"C": 9.628177743061379, "gamma": 0.008881277299745482}, "datetime": {"datetime": "2021-06-21 22:17:47", "elapsed": 797.143554, "delta": 6.794795}}
{"target": -22.90693791931841, "params": {"C": 9.718668938543031, "gamma": 0.02542535621200254}, "datetime": {"datetime": "2021-06-21 22:17:54", "elapsed": 803.611377, "delta": 6.467823}}
{"target": -22.922781090316963, "params": {"C": 9.402409745884672, "gamma": 0.019886095184858427}, "datetime": {"datetime": "2021-06-21 22:18:03", "elapsed": 812.756221, "delta": 9.144844}}
{"target": -25.372839220750837, "params": {"C": 9.172557554755961, "gamma": 0.0877865796763345}, "datetime": {"datetime": "2021-06-21 22:18:11", "elapsed": 820.590341, "delta": 7.83412}}
{"target": -22.986707327659474, "params": {"C": 9.228761610645115, "gamma": 0.01848084428425635}, "datetime": {"datetime": "2021-06-21 22:18:19", "elapsed": 829.191098, "delta": 8.600757}}
{"target": -22.723332976549184, "params": {"C": 9.967148133871138, "gamma": 0.01850290644362642}, "datetime": {"datetime": "2021-06-21 22:18:29", "elapsed": 838.80663, "delta": 9.615532}}
{"target": -23.84863058282948, "params": {"C": 9.732506273349438, "gamma": 0.051449875742131904}, "datetime": {"datetime": "2021-06-21 22:18:37", "elapsed": 847.364393, "delta": 8.557763}}
{"target": -22.755819433029725, "params": {"C": 9.915173331183047, "gamma": 0.021377881558697596}, "datetime": {"datetime": "2021-06-21 22:18:45", "elapsed": 855.395753, "delta": 8.03136}}
{"target": -33.99494383112455, "params": {"C": 7.2701150090549564, "gamma": 9.787960866062985}, "datetime": {"datetime": "2021-06-21 22:18:53", "elapsed": 863.335579, "delta": 7.939826}}
{"target": -33.827791045963146, "params": {"C": 9.610324872756168, "gamma": 8.772832090561296}, "datetime": {"datetime": "2021-06-21 22:19:01", "elapsed": 871.292511, "delta": 7.956932}}
{"target": -33.88315963602806, "params": {"C": 8.631434936652578, "gamma": 7.717001669448503}, "datetime": {"datetime": "2021-06-21 22:19:11", "elapsed": 880.63027, "delta": 9.337759}}
{"target": -22.929675660402633, "params": {"C": 9.73154342165245, "gamma": 0.026389217182179653}, "datetime": {"datetime": "2021-06-21 22:19:19", "elapsed": 888.626792, "delta": 7.996522}}
{"target": -23.151328153562538, "params": {"C": 9.342282324351485, "gamma": 0.029291213031411245}, "datetime": {"datetime": "2021-06-21 22:19:28", "elapsed": 898.012404, "delta": 9.385612}}
{"target": -23.397608236470553, "params": {"C": 9.368140270101758, "gamma": 0.03640505966765601}, "datetime": {"datetime": "2021-06-21 22:19:36", "elapsed": 906.311892, "delta": 8.299488}}
{"target": -23.031952079592287, "params": {"C": 9.28208478585303, "gamma": 0.024429927934523546}, "datetime": {"datetime": "2021-06-21 22:19:45", "elapsed": 914.956452, "delta": 8.64456}}
{"target": -23.00897963738792, "params": {"C": 9.266468998566827, "gamma": 0.023061245682344807}, "datetime": {"datetime": "2021-06-21 22:19:52", "elapsed": 921.795804, "delta": 6.839352}}
{"target": -33.97997473496038, "params": {"C": 4.49389243371666, "gamma": 2.2183741009271327}, "datetime": {"datetime": "2021-06-21 22:20:02", "elapsed": 931.588064, "delta": 9.79226}}
{"target": -34.490552460183, "params": {"C": 1.412381956876155, "gamma": 9.775914023189275}, "datetime": {"datetime": "2021-06-21 22:20:09", "elapsed": 939.213802, "delta": 7.625738}}
{"target": -24.246579741918914, "params": {"C": 9.24713675715705, "gamma": 0.056908770902412135}, "datetime": {"datetime": "2021-06-21 22:20:16", "elapsed": 945.914086, "delta": 6.700284}}
{"target": -22.8926128683006, "params": {"C": 9.484197339336296, "gamma": 0.019727615768630937}, "datetime": {"datetime": "2021-06-21 22:20:25", "elapsed": 955.055518, "delta": 9.141432}}
{"target": -34.133330861771164, "params": {"C": 5.415755449953878, "gamma": 9.21615589822961}, "datetime": {"datetime": "2021-06-21 22:20:33", "elapsed": 962.884395, "delta": 7.828877}}
{"target": -22.946695837169433, "params": {"C": 9.448918895040075, "gamma": 0.01578585347377954}, "datetime": {"datetime": "2021-06-21 22:20:42", "elapsed": 972.25257, "delta": 9.368175}}
{"target": -22.795011824135543, "params": {"C": 9.849458571272747, "gamma": 0.022473322874946633}, "datetime": {"datetime": "2021-06-21 22:20:50", "elapsed": 979.998216, "delta": 7.745646}}
