{"target": -10.749475381404036, "params": {"C": 14528.99736980612, "gamma": 0.009}, "datetime": {"datetime": "2021-06-22 08:37:51", "elapsed": 63.278646, "delta": 0.700613}}
{"target": -10.244498923835295, "params": {"C": 9918.890282815126, "gamma": 0.02524197661943426}, "datetime": {"datetime": "2021-06-22 08:37:52", "elapsed": 64.049815, "delta": 0.771169}}
{"target": -10.732900670426679, "params": {"C": 12060.924790752848, "gamma": 0.009956255246188522}, "datetime": {"datetime": "2021-06-22 08:37:53", "elapsed": 64.814555, "delta": 0.76474}}
{"target": -10.022030556299399, "params": {"C": 11278.237390792327, "gamma": 0.0485676316444589}, "datetime": {"datetime": "2021-06-22 08:37:53", "elapsed": 65.499704, "delta": 0.685149}}
{"target": -10.165315723210407, "params": {"C": 15233.974519326144, "gamma": 0.02266473611447137}, "datetime": {"datetime": "2021-06-22 08:37:54", "elapsed": 66.085547, "delta": 0.585843}}
{"target": -10.03433162744346, "params": {"C": 10539.011864115928, "gamma": 0.04707695155033774}, "datetime": {"datetime": "2021-06-22 08:37:55", "elapsed": 66.688446, "delta": 0.602899}}
{"target": -9.949035281605703, "params": {"C": 12217.80532082699, "gamma": 0.03806566556386921}, "datetime": {"datetime": "2021-06-22 08:37:55", "elapsed": 67.442062, "delta": 0.753616}}
{"target": -10.136801535131463, "params": {"C": 9077.526719940357, "gamma": 0.05284208770384613}, "datetime": {"datetime": "2021-06-22 08:37:56", "elapsed": 68.075179, "delta": 0.633117}}
{"target": -10.234827842124174, "params": {"C": 14450.55682536033, "gamma": 0.05821839628346061}, "datetime": {"datetime": "2021-06-22 08:37:57", "elapsed": 68.809372, "delta": 0.734193}}
{"target": -10.65208415572014, "params": {"C": 14600.759226346992, "gamma": 0.010692436134933224}, "datetime": {"datetime": "2021-06-22 08:37:58", "elapsed": 69.609965, "delta": 0.800593}}
{"target": -9.87631684378813, "params": {"C": 15178.099129809263, "gamma": 0.04220091480782535}, "datetime": {"datetime": "2021-06-22 08:37:58", "elapsed": 70.265859, "delta": 0.655894}}
{"target": -10.453772470326333, "params": {"C": 12378.523046296179, "gamma": 0.016707288128498775}, "datetime": {"datetime": "2021-06-22 08:37:59", "elapsed": 70.865523, "delta": 0.599664}}
{"target": -9.981312631931436, "params": {"C": 12459.971933073231, "gamma": 0.03355996832924023}, "datetime": {"datetime": "2021-06-22 08:38:00", "elapsed": 71.65173, "delta": 0.786207}}
{"target": -9.866856272675799, "params": {"C": 15685.32970584849, "gamma": 0.04229961783649896}, "datetime": {"datetime": "2021-06-22 08:38:00", "elapsed": 72.253454, "delta": 0.601724}}
{"target": -9.87378340437763, "params": {"C": 15043.598659780037, "gamma": 0.03630621354350165}, "datetime": {"datetime": "2021-06-22 08:38:01", "elapsed": 73.133355, "delta": 0.879901}}
{"target": -10.076361044008891, "params": {"C": 9989.79739754491, "gamma": 0.03205374499933765}, "datetime": {"datetime": "2021-06-22 08:38:02", "elapsed": 73.835124, "delta": 0.701769}}
{"target": -10.042930438736942, "params": {"C": 12687.814826551574, "gamma": 0.05186689814551343}, "datetime": {"datetime": "2021-06-22 08:38:03", "elapsed": 74.575083, "delta": 0.739959}}
{"target": -10.0149099481631, "params": {"C": 14294.668146355383, "gamma": 0.02843227472803235}, "datetime": {"datetime": "2021-06-22 08:38:03", "elapsed": 75.392377, "delta": 0.817294}}
{"target": -10.12694408135709, "params": {"C": 12872.298175466185, "gamma": 0.0548433301983934}, "datetime": {"datetime": "2021-06-22 08:38:04", "elapsed": 76.194241, "delta": 0.801864}}
{"target": -10.08346583772692, "params": {"C": 11561.328817564656, "gamma": 0.053326738216768796}, "datetime": {"datetime": "2021-06-22 08:38:05", "elapsed": 77.111947, "delta": 0.917706}}
{"target": -9.938159737601259, "params": {"C": 12632.42321548465, "gamma": 0.04309261834145042}, "datetime": {"datetime": "2021-06-22 08:38:06", "elapsed": 77.945724, "delta": 0.833777}}
{"target": -9.872843639912057, "params": {"C": 15304.990152121454, "gamma": 0.03558562760314553}, "datetime": {"datetime": "2021-06-22 08:38:07", "elapsed": 78.669172, "delta": 0.723448}}
{"target": -10.753483611095337, "params": {"C": 9821.917266671131, "gamma": 0.010507414569873004}, "datetime": {"datetime": "2021-06-22 08:38:07", "elapsed": 79.448672, "delta": 0.7795}}
{"target": -10.31005532795816, "params": {"C": 9660.504095716473, "gamma": 0.023246895452220837}, "datetime": {"datetime": "2021-06-22 08:38:08", "elapsed": 80.351497, "delta": 0.902825}}
{"target": -10.460171774629137, "params": {"C": 8256.052693274929, "gamma": 0.019914876081113475}, "datetime": {"datetime": "2021-06-22 08:38:09", "elapsed": 81.190016, "delta": 0.838519}}
{"target": -10.068800061342598, "params": {"C": 9322.56360312236, "gamma": 0.04423790719247339}, "datetime": {"datetime": "2021-06-22 08:38:10", "elapsed": 81.923118, "delta": 0.733102}}
{"target": -10.445639959957171, "params": {"C": 14689.463108413198, "gamma": 0.015724944767459087}, "datetime": {"datetime": "2021-06-22 08:38:11", "elapsed": 82.626013, "delta": 0.702895}}
{"target": -10.184110685304754, "params": {"C": 9006.062784629145, "gamma": 0.05629069238238038}, "datetime": {"datetime": "2021-06-22 08:38:11", "elapsed": 83.311089, "delta": 0.685076}}
{"target": -10.221106137186405, "params": {"C": 11621.89039556047, "gamma": 0.05805119937193122}, "datetime": {"datetime": "2021-06-22 08:38:12", "elapsed": 84.12877, "delta": 0.817681}}
{"target": -10.009103780342839, "params": {"C": 11096.292274840886, "gamma": 0.04625479102021226}, "datetime": {"datetime": "2021-06-22 08:38:13", "elapsed": 85.231212, "delta": 1.102442}}
{"target": -9.99199446243463, "params": {"C": 11490.982672283402, "gamma": 0.04572004712437758}, "datetime": {"datetime": "2021-06-22 08:38:14", "elapsed": 85.917495, "delta": 0.686283}}
{"target": -10.15904485749996, "params": {"C": 9453.411602378521, "gamma": 0.029383744854894346}, "datetime": {"datetime": "2021-06-22 08:38:15", "elapsed": 86.82089, "delta": 0.903395}}
{"target": -9.964726431330917, "params": {"C": 11785.058284847906, "gamma": 0.03810488615740198}, "datetime": {"datetime": "2021-06-22 08:38:16", "elapsed": 87.737452, "delta": 0.916562}}
{"target": -10.114005562413384, "params": {"C": 8863.071245251916, "gamma": 0.048363096443652547}, "datetime": {"datetime": "2021-06-22 08:38:17", "elapsed": 88.807834, "delta": 1.070382}}
{"target": -9.920942285813863, "params": {"C": 12932.236712766926, "gamma": 0.04092930753597223}, "datetime": {"datetime": "2021-06-22 08:38:18", "elapsed": 89.656861, "delta": 0.849027}}
{"target": -10.776018780370185, "params": {"C": 13198.352069178847, "gamma": 0.009}, "datetime": {"datetime": "2021-06-22 08:38:18", "elapsed": 90.395581, "delta": 0.73872}}
{"target": -10.23158125052395, "params": {"C": 13239.68521157372, "gamma": 0.02220380605313778}, "datetime": {"datetime": "2021-06-22 08:38:19", "elapsed": 91.258535, "delta": 0.862954}}
{"target": -10.00414336467247, "params": {"C": 13155.90079386023, "gamma": 0.050431452228153734}, "datetime": {"datetime": "2021-06-22 08:38:20", "elapsed": 92.098817, "delta": 0.840282}}
{"target": -10.269635718134298, "params": {"C": 10645.849822405191, "gamma": 0.059788108344532326}, "datetime": {"datetime": "2021-06-22 08:38:21", "elapsed": 92.943021, "delta": 0.844204}}
{"target": -10.132085860890875, "params": {"C": 8364.559256932485, "gamma": 0.03444202668799457}, "datetime": {"datetime": "2021-06-22 08:38:22", "elapsed": 93.844131, "delta": 0.90111}}
{"target": -10.660683813165443, "params": {"C": 12544.554260635576, "gamma": 0.01120469187589146}, "datetime": {"datetime": "2021-06-22 08:38:22", "elapsed": 94.49949, "delta": 0.655359}}
{"target": -10.261162721394168, "params": {"C": 14219.993251991595, "gamma": 0.05908793393186161}, "datetime": {"datetime": "2021-06-22 08:38:23", "elapsed": 95.279028, "delta": 0.779538}}
{"target": -9.882839414038749, "params": {"C": 14910.80158486761, "gamma": 0.04239630744251729}, "datetime": {"datetime": "2021-06-22 08:38:24", "elapsed": 95.976105, "delta": 0.697077}}
{"target": -10.849034468069444, "params": {"C": 10471.905668581383, "gamma": 0.009}, "datetime": {"datetime": "2021-06-22 08:38:25", "elapsed": 96.716604, "delta": 0.740499}}
{"target": -10.948956560041319, "params": {"C": 8104.091973921142, "gamma": 0.009}, "datetime": {"datetime": "2021-06-22 08:38:25", "elapsed": 97.396109, "delta": 0.679505}}
{"target": -10.358619826804436, "params": {"C": 15385.091419988388, "gamma": 0.017617310656285363}, "datetime": {"datetime": "2021-06-22 08:38:26", "elapsed": 98.252117, "delta": 0.856008}}
{"target": -9.886546506510523, "params": {"C": 15750.004021310328, "gamma": 0.03309965232098535}, "datetime": {"datetime": "2021-06-22 08:38:27", "elapsed": 99.087982, "delta": 0.835865}}
{"target": -10.126238312914309, "params": {"C": 8032.474151908939, "gamma": 0.040029889902163766}, "datetime": {"datetime": "2021-06-22 08:38:28", "elapsed": 100.042883, "delta": 0.954901}}
{"target": -10.738758341785086, "params": {"C": 15095.970867294693, "gamma": 0.009}, "datetime": {"datetime": "2021-06-22 08:38:29", "elapsed": 100.729009, "delta": 0.686126}}
{"target": -10.205072504724818, "params": {"C": 8541.681370560322, "gamma": 0.056521032281933926}, "datetime": {"datetime": "2021-06-22 08:38:29", "elapsed": 101.499491, "delta": 0.770482}}
{"target": -10.348528195602041, "params": {"C": 14748.845243751744, "gamma": 0.01819784700979999}, "datetime": {"datetime": "2021-06-22 08:38:30", "elapsed": 102.317535, "delta": 0.818044}}
{"target": -10.175933963511389, "params": {"C": 9390.673566864663, "gamma": 0.02881530081778775}, "datetime": {"datetime": "2021-06-22 08:38:31", "elapsed": 103.273002, "delta": 0.955467}}
{"target": -10.478417182495866, "params": {"C": 11387.142067803663, "gamma": 0.016641685818684054}, "datetime": {"datetime": "2021-06-22 08:38:32", "elapsed": 103.98338, "delta": 0.710378}}
{"target": -10.633217277875174, "params": {"C": 13289.149129996213, "gamma": 0.011577920355179024}, "datetime": {"datetime": "2021-06-22 08:38:33", "elapsed": 104.938887, "delta": 0.955507}}
{"target": -9.92234166289721, "params": {"C": 13332.227312123641, "gamma": 0.043404650946557856}, "datetime": {"datetime": "2021-06-22 08:38:34", "elapsed": 105.80379, "delta": 0.864903}}
{"target": -10.144264686778163, "params": {"C": 8634.43394960428, "gamma": 0.05109550238599328}, "datetime": {"datetime": "2021-06-22 08:38:35", "elapsed": 106.73715, "delta": 0.93336}}
{"target": -10.266414201753888, "params": {"C": 12800.39191062926, "gamma": 0.05942560241587968}, "datetime": {"datetime": "2021-06-22 08:38:35", "elapsed": 107.560756, "delta": 0.823606}}
{"target": -10.100599228304539, "params": {"C": 14819.87886138562, "gamma": 0.025009356517718143}, "datetime": {"datetime": "2021-06-22 08:38:36", "elapsed": 108.485667, "delta": 0.924911}}
{"target": -10.944419846128543, "params": {"C": 8190.536194810226, "gamma": 0.009}, "datetime": {"datetime": "2021-06-22 08:38:37", "elapsed": 109.381944, "delta": 0.896277}}
{"target": -10.016788030857331, "params": {"C": 10396.185383727374, "gamma": 0.03850371703827103}, "datetime": {"datetime": "2021-06-22 08:38:38", "elapsed": 110.085797, "delta": 0.703853}}
{"target": -9.851672089980934, "params": {"C": 15579.866013707979, "gamma": 0.03921731363745885}, "datetime": {"datetime": "2021-06-22 08:38:39", "elapsed": 110.977882, "delta": 0.892085}}
{"target": -10.639600086429116, "params": {"C": 9210.058073882983, "gamma": 0.01340637518466215}, "datetime": {"datetime": "2021-06-22 08:38:40", "elapsed": 111.674147, "delta": 0.696265}}
{"target": -10.122926019527217, "params": {"C": 8937.347020646232, "gamma": 0.05011660197807182}, "datetime": {"datetime": "2021-06-22 08:38:41", "elapsed": 112.613812, "delta": 0.939665}}
{"target": -10.044708439046493, "params": {"C": 11042.777126072211, "gamma": 0.05035352574573837}, "datetime": {"datetime": "2021-06-22 08:38:41", "elapsed": 113.436859, "delta": 0.823047}}
{"target": -10.044366021385782, "params": {"C": 10270.25841194897, "gamma": 0.047111375773520224}, "datetime": {"datetime": "2021-06-22 08:38:42", "elapsed": 114.354931, "delta": 0.918072}}
{"target": -10.028254869503453, "params": {"C": 10170.658498732371, "gamma": 0.04362255572938325}, "datetime": {"datetime": "2021-06-22 08:38:43", "elapsed": 115.303623, "delta": 0.948692}}
{"target": -10.13622394449557, "params": {"C": 8426.173323224304, "gamma": 0.048632064648800426}, "datetime": {"datetime": "2021-06-22 08:38:44", "elapsed": 116.235278, "delta": 0.931655}}
{"target": -9.87911312852284, "params": {"C": 15888.543002278902, "gamma": 0.044249839743328793}, "datetime": {"datetime": "2021-06-22 08:38:45", "elapsed": 117.337265, "delta": 1.101987}}
{"target": -10.264558194581547, "params": {"C": 11713.150711562237, "gamma": 0.022511167673090218}, "datetime": {"datetime": "2021-06-22 08:38:46", "elapsed": 118.302183, "delta": 0.964918}}
{"target": -10.826860308314767, "params": {"C": 11149.63756059326, "gamma": 0.009}, "datetime": {"datetime": "2021-06-22 08:38:47", "elapsed": 119.103978, "delta": 0.801795}}
{"target": -10.04747114353505, "params": {"C": 10897.766084079853, "gamma": 0.0501499834929359}, "datetime": {"datetime": "2021-06-22 08:38:48", "elapsed": 120.228945, "delta": 1.124967}}
{"target": -10.527921637571987, "params": {"C": 10758.072942374269, "gamma": 0.01565018436313207}, "datetime": {"datetime": "2021-06-22 08:38:49", "elapsed": 121.249536, "delta": 1.020591}}
{"target": -10.112772508557907, "params": {"C": 8759.546433433945, "gamma": 0.03413369945789376}, "datetime": {"datetime": "2021-06-22 08:38:50", "elapsed": 122.181552, "delta": 0.932016}}
{"target": -10.50087544936537, "params": {"C": 13376.947347205929, "gamma": 0.014856589761242118}, "datetime": {"datetime": "2021-06-22 08:38:51", "elapsed": 123.180283, "delta": 0.998731}}
{"target": -10.271683213480072, "params": {"C": 13413.907280433072, "gamma": 0.020959477114062847}, "datetime": {"datetime": "2021-06-22 08:38:52", "elapsed": 123.934036, "delta": 0.753753}}
{"target": -10.550315018300346, "params": {"C": 8481.626666989874, "gamma": 0.016716456124403527}, "datetime": {"datetime": "2021-06-22 08:38:53", "elapsed": 124.827601, "delta": 0.893565}}
{"target": -9.952252444343507, "params": {"C": 13737.903946328199, "gamma": 0.032512023386752666}, "datetime": {"datetime": "2021-06-22 08:38:54", "elapsed": 125.744808, "delta": 0.917207}}
{"target": -10.120978621495793, "params": {"C": 13846.226601043705, "gamma": 0.02517917290398055}, "datetime": {"datetime": "2021-06-22 08:38:54", "elapsed": 126.545323, "delta": 0.800515}}
{"target": -10.05336008567717, "params": {"C": 11434.964093463299, "gamma": 0.05208975440303067}, "datetime": {"datetime": "2021-06-22 08:38:56", "elapsed": 127.717517, "delta": 1.172194}}
{"target": -10.001561919780219, "params": {"C": 11302.553117329384, "gamma": 0.046172656586272606}, "datetime": {"datetime": "2021-06-22 08:38:57", "elapsed": 128.876515, "delta": 1.158998}}
{"target": -10.669283017405403, "params": {"C": 12737.396316406544, "gamma": 0.010929521565308567}, "datetime": {"datetime": "2021-06-22 08:38:58", "elapsed": 129.838904, "delta": 0.962389}}
{"target": -10.004765930884872, "params": {"C": 11897.586397918272, "gamma": 0.03296960053025217}, "datetime": {"datetime": "2021-06-22 08:38:59", "elapsed": 130.740493, "delta": 0.901589}}
{"target": -10.051925411038232, "params": {"C": 15977.952438440647, "gamma": 0.052162301110341314}, "datetime": {"datetime": "2021-06-22 08:38:59", "elapsed": 131.520615, "delta": 0.780122}}
{"target": -10.73441613997638, "params": {"C": 9257.434548033656, "gamma": 0.011161595396304366}, "datetime": {"datetime": "2021-06-22 08:39:01", "elapsed": 132.662015, "delta": 1.1414}}
{"target": -10.46304623726282, "params": {"C": 9720.864513698632, "gamma": 0.018379865310233882}, "datetime": {"datetime": "2021-06-22 08:39:01", "elapsed": 133.51043, "delta": 0.848415}}
{"target": -10.09579294847624, "params": {"C": 9768.27691654105, "gamma": 0.051339261031882376}, "datetime": {"datetime": "2021-06-22 08:39:02", "elapsed": 134.363686, "delta": 0.853256}}
{"target": -10.282771341562869, "params": {"C": 15828.006477450679, "gamma": 0.019184496575389863}, "datetime": {"datetime": "2021-06-22 08:39:03", "elapsed": 135.344542, "delta": 0.980856}}
{"target": -9.962730524789858, "params": {"C": 14380.938028241755, "gamma": 0.04892940492847211}, "datetime": {"datetime": "2021-06-22 08:39:04", "elapsed": 136.246872, "delta": 0.90233}}
{"target": -10.210948732861533, "params": {"C": 13020.708006618826, "gamma": 0.057576768474683876}, "datetime": {"datetime": "2021-06-22 08:39:05", "elapsed": 137.187493, "delta": 0.940621}}
{"target": -10.091205747433461, "params": {"C": 9302.728963872554, "gamma": 0.04794252959504258}, "datetime": {"datetime": "2021-06-22 08:39:06", "elapsed": 138.004374, "delta": 0.816881}}
{"target": -10.121602283171557, "params": {"C": 14927.684026367213, "gamma": 0.024269386913032445}, "datetime": {"datetime": "2021-06-22 08:39:07", "elapsed": 138.980765, "delta": 0.976391}}
{"target": -10.222347627903192, "params": {"C": 14985.019035099365, "gamma": 0.021184208104513456}, "datetime": {"datetime": "2021-06-22 08:39:08", "elapsed": 140.294078, "delta": 1.313313}}
{"target": -10.290339461061773, "params": {"C": 14010.466385660106, "gamma": 0.06}, "datetime": {"datetime": "2021-06-22 08:39:09", "elapsed": 141.297566, "delta": 1.003488}}
{"target": -10.760487284744483, "params": {"C": 13964.393295002614, "gamma": 0.009}, "datetime": {"datetime": "2021-06-22 08:39:10", "elapsed": 142.399912, "delta": 1.102346}}
{"target": -9.978721526873704, "params": {"C": 13928.525398549431, "gamma": 0.030598022906678804}, "datetime": {"datetime": "2021-06-22 08:39:12", "elapsed": 143.593891, "delta": 1.193979}}
{"target": -10.045976869419196, "params": {"C": 10064.351017469126, "gamma": 0.04605752885505169}, "datetime": {"datetime": "2021-06-22 08:39:12", "elapsed": 144.489302, "delta": 0.895411}}
{"target": -10.63067135777738, "params": {"C": 13112.708089002128, "gamma": 0.011704383183920263}, "datetime": {"datetime": "2021-06-22 08:39:13", "elapsed": 145.452603, "delta": 0.963301}}
{"target": -9.96725628888589, "params": {"C": 13071.895405241487, "gamma": 0.03303059774437527}, "datetime": {"datetime": "2021-06-22 08:39:15", "elapsed": 146.856226, "delta": 1.403623}}
{"target": -10.56915164226719, "params": {"C": 10336.489116611658, "gamma": 0.014734442256245275}, "datetime": {"datetime": "2021-06-22 08:39:16", "elapsed": 147.873269, "delta": 1.017043}}
{"target": -10.25546866389082, "params": {"C": 13471.471192990517, "gamma": 0.058983520074574504}, "datetime": {"datetime": "2021-06-22 08:39:17", "elapsed": 148.913566, "delta": 1.040297}}
{"target": -10.444639243551533, "params": {"C": 10218.887241791195, "gamma": 0.018532511287366556}, "datetime": {"datetime": "2021-06-22 08:39:18", "elapsed": 150.117033, "delta": 1.203467}}
{"target": -10.166106116165354, "params": {"C": 12238.840034760271, "gamma": 0.025212349782571405}, "datetime": {"datetime": "2021-06-22 08:39:19", "elapsed": 151.118847, "delta": 1.001814}}
{"target": -9.924235261360193, "params": {"C": 13576.318813705853, "gamma": 0.04461562485137783}, "datetime": {"datetime": "2021-06-22 08:39:20", "elapsed": 152.01448, "delta": 0.895633}}
{"target": -9.921580473144529, "params": {"C": 15467.611989116904, "gamma": 0.031247997837678065}, "datetime": {"datetime": "2021-06-22 08:39:21", "elapsed": 153.078445, "delta": 1.063965}}
{"target": -10.244052143172622, "params": {"C": 15160.618455431646, "gamma": 0.058388701871053376}, "datetime": {"datetime": "2021-06-22 08:39:22", "elapsed": 153.932725, "delta": 0.85428}}
{"target": -10.02798427361102, "params": {"C": 15322.523225732566, "gamma": 0.0513202951932963}, "datetime": {"datetime": "2021-06-22 08:39:23", "elapsed": 154.732441, "delta": 0.799716}}
{"target": -9.969716068031547, "params": {"C": 12440.880036621857, "gamma": 0.034829980457716216}, "datetime": {"datetime": "2021-06-22 08:39:24", "elapsed": 155.56522, "delta": 0.832779}}
{"target": -9.981895163474972, "params": {"C": 11189.86254205936, "gamma": 0.042547344008567356}, "datetime": {"datetime": "2021-06-22 08:39:25", "elapsed": 156.605275, "delta": 1.040055}}
{"target": -10.118663656315478, "params": {"C": 15431.952077859813, "gamma": 0.0544404748915345}, "datetime": {"datetime": "2021-06-22 08:39:25", "elapsed": 157.383698, "delta": 0.778423}}
{"target": -10.032440756636051, "params": {"C": 10973.028976334008, "gamma": 0.033119648907973524}, "datetime": {"datetime": "2021-06-22 08:39:26", "elapsed": 158.201683, "delta": 0.817985}}
{"target": -10.727472917547583, "params": {"C": 12005.778001207142, "gamma": 0.010060239000773772}, "datetime": {"datetime": "2021-06-22 08:39:27", "elapsed": 159.016951, "delta": 0.815268}}
{"target": -10.496433070850806, "params": {"C": 11963.989999836158, "gamma": 0.015760069554577674}, "datetime": {"datetime": "2021-06-22 08:39:28", "elapsed": 159.970535, "delta": 0.953584}}
{"target": -10.012692516942211, "params": {"C": 10830.42958328457, "gamma": 0.045455964617246686}, "datetime": {"datetime": "2021-06-22 08:39:29", "elapsed": 161.243439, "delta": 1.272904}}
{"target": -10.238646906769539, "params": {"C": 15642.288317317074, "gamma": 0.05813836509346382}, "datetime": {"datetime": "2021-06-22 08:39:30", "elapsed": 162.183742, "delta": 0.940303}}
{"target": -9.965764936833397, "params": {"C": 12286.990304937237, "gamma": 0.045402617264131556}, "datetime": {"datetime": "2021-06-22 08:39:31", "elapsed": 163.332085, "delta": 1.148343}}
{"target": -10.268643769756084, "params": {"C": 13678.011553093223, "gamma": 0.05939014579566337}, "datetime": {"datetime": "2021-06-22 08:39:32", "elapsed": 164.281176, "delta": 0.949091}}
{"target": -9.942024950723349, "params": {"C": 15735.041181125374, "gamma": 0.030004483817081075}, "datetime": {"datetime": "2021-06-22 08:39:33", "elapsed": 165.490484, "delta": 1.209308}}
