{"target": -12.896478568015201, "params": {"C": 316.9000249984133, "gamma": 0.04500384264060594}, "datetime": {"datetime": "2021-06-21 23:42:31", "elapsed": 2.792997, "delta": 0.197001}}
{"target": -12.85328232065156, "params": {"C": 309.7445180666883, "gamma": 0.026265412625207138}, "datetime": {"datetime": "2021-06-21 23:42:31", "elapsed": 2.992996, "delta": 0.199999}}
{"target": -12.430910807684551, "params": {"C": 395.78474196806525, "gamma": 0.030859776683893697}, "datetime": {"datetime": "2021-06-21 23:42:31", "elapsed": 3.183955, "delta": 0.190959}}
{"target": -12.659175829274085, "params": {"C": 369.1568991064424, "gamma": 0.02193614087124858}, "datetime": {"datetime": "2021-06-21 23:42:31", "elapsed": 3.379959, "delta": 0.196004}}
{"target": -12.620662245740624, "params": {"C": 368.61874286092655, "gamma": 0.043219652547792295}, "datetime": {"datetime": "2021-06-21 23:42:31", "elapsed": 3.577995, "delta": 0.198036}}
{"target": -12.909441684940898, "params": {"C": 301.73065656215357, "gamma": 0.03975591691274367}, "datetime": {"datetime": "2021-06-21 23:42:32", "elapsed": 3.770996, "delta": 0.193001}}
{"target": -12.515808707629548, "params": {"C": 394.21792419898, "gamma": 0.023868674146101516}, "datetime": {"datetime": "2021-06-21 23:42:32", "elapsed": 4.121995, "delta": 0.350999}}
{"target": -12.58568746801414, "params": {"C": 397.42971233702303, "gamma": 0.020822731385560168}, "datetime": {"datetime": "2021-06-21 23:42:32", "elapsed": 4.449996, "delta": 0.328001}}
{"target": -12.445238248132158, "params": {"C": 392.36552371470606, "gamma": 0.030478605871435152}, "datetime": {"datetime": "2021-06-21 23:42:33", "elapsed": 4.752003, "delta": 0.302007}}
{"target": -12.461736102857369, "params": {"C": 390.61407336736056, "gamma": 0.03622023312960434}, "datetime": {"datetime": "2021-06-21 23:42:33", "elapsed": 5.120107, "delta": 0.368104}}
{"target": -12.59604453740607, "params": {"C": 385.62803318546537, "gamma": 0.046450813497406186}, "datetime": {"datetime": "2021-06-21 23:42:33", "elapsed": 5.46111, "delta": 0.341003}}
{"target": -12.743002556730461, "params": {"C": 337.5738991686369, "gamma": 0.042114723284337796}, "datetime": {"datetime": "2021-06-21 23:42:34", "elapsed": 5.809069, "delta": 0.347959}}
{"target": -12.530667663873501, "params": {"C": 383.47925207509974, "gamma": 0.025131267784587394}, "datetime": {"datetime": "2021-06-21 23:42:34", "elapsed": 6.161106, "delta": 0.352037}}
{"target": -12.499163374246365, "params": {"C": 399.62259745156547, "gamma": 0.04316782925419267}, "datetime": {"datetime": "2021-06-21 23:42:34", "elapsed": 6.517066, "delta": 0.35596}}
{"target": -12.710047849177124, "params": {"C": 366.24468375825643, "gamma": 0.04838526873439415}, "datetime": {"datetime": "2021-06-21 23:42:35", "elapsed": 6.842002, "delta": 0.324936}}
{"target": -12.546025806093317, "params": {"C": 377.6687961501596, "gamma": 0.02555688757505304}, "datetime": {"datetime": "2021-06-21 23:42:35", "elapsed": 7.153617, "delta": 0.311615}}
{"target": -13.096243569855334, "params": {"C": 375.6407222451251, "gamma": 0.013105052676981008}, "datetime": {"datetime": "2021-06-21 23:42:35", "elapsed": 7.479243, "delta": 0.325626}}
{"target": -12.585058910051966, "params": {"C": 363.4568396842144, "gamma": 0.03820119486580952}, "datetime": {"datetime": "2021-06-21 23:42:36", "elapsed": 7.791956, "delta": 0.312713}}
{"target": -12.800873225047399, "params": {"C": 361.33134608318824, "gamma": 0.018744873323876716}, "datetime": {"datetime": "2021-06-21 23:42:36", "elapsed": 8.19706, "delta": 0.405104}}
{"target": -12.78344081475832, "params": {"C": 328.37878391505956, "gamma": 0.04169321856157587}, "datetime": {"datetime": "2021-06-21 23:42:36", "elapsed": 8.530849, "delta": 0.333789}}
{"target": -12.761105919143962, "params": {"C": 334.14289805977774, "gamma": 0.02423231373860054}, "datetime": {"datetime": "2021-06-21 23:42:37", "elapsed": 8.891822, "delta": 0.360973}}
{"target": -12.602027237277538, "params": {"C": 352.27682741353937, "gamma": 0.03243991856649623}, "datetime": {"datetime": "2021-06-21 23:42:37", "elapsed": 9.257339, "delta": 0.365517}}
{"target": -13.665920876636642, "params": {"C": 350.0866060745993, "gamma": 0.009702486520136997}, "datetime": {"datetime": "2021-06-21 23:42:37", "elapsed": 9.631843, "delta": 0.374504}}
{"target": -12.793409153365607, "params": {"C": 354.2730920253579, "gamma": 0.05}, "datetime": {"datetime": "2021-06-21 23:42:38", "elapsed": 9.993587, "delta": 0.361744}}
{"target": -12.775175394450525, "params": {"C": 324.8194087679475, "gamma": 0.039715936950914014}, "datetime": {"datetime": "2021-06-21 23:42:38", "elapsed": 10.348742, "delta": 0.355155}}
{"target": -12.768330364563834, "params": {"C": 357.78512722403394, "gamma": 0.04950965168644198}, "datetime": {"datetime": "2021-06-21 23:42:39", "elapsed": 10.715165, "delta": 0.366423}}
{"target": -12.802992120161063, "params": {"C": 381.84185793993, "gamma": 0.016799007209646086}, "datetime": {"datetime": "2021-06-21 23:42:39", "elapsed": 11.0845, "delta": 0.369335}}
{"target": -12.713249437616533, "params": {"C": 371.81496049250757, "gamma": 0.05}, "datetime": {"datetime": "2021-06-21 23:42:39", "elapsed": 11.492748, "delta": 0.408248}}
{"target": -13.53969009439166, "params": {"C": 346.0422465258769, "gamma": 0.010507444761465107}, "datetime": {"datetime": "2021-06-21 23:42:40", "elapsed": 11.868388, "delta": 0.37564}}
{"target": -13.082152474927645, "params": {"C": 311.6878212777126, "gamma": 0.01793938920974665}, "datetime": {"datetime": "2021-06-21 23:42:40", "elapsed": 12.233386, "delta": 0.364998}}
{"target": -12.837652194467388, "params": {"C": 389.15164501283834, "gamma": 0.01565558719703638}, "datetime": {"datetime": "2021-06-21 23:42:40", "elapsed": 12.615604, "delta": 0.382218}}
{"target": -13.049414979551225, "params": {"C": 305.0659199853335, "gamma": 0.04990775618842124}, "datetime": {"datetime": "2021-06-21 23:42:41", "elapsed": 12.976605, "delta": 0.361001}}
{"target": -13.975935474751294, "params": {"C": 322.6735751572247, "gamma": 0.009}, "datetime": {"datetime": "2021-06-21 23:42:41", "elapsed": 13.364286, "delta": 0.387681}}
{"target": -12.724477258211634, "params": {"C": 326.5616743830661, "gamma": 0.03458327673513736}, "datetime": {"datetime": "2021-06-21 23:42:42", "elapsed": 13.884239, "delta": 0.519953}}
{"target": -13.759741559036028, "params": {"C": 359.53698925117374, "gamma": 0.009}, "datetime": {"datetime": "2021-06-21 23:42:42", "elapsed": 14.210119, "delta": 0.32588}}
{"target": -13.130220217188526, "params": {"C": 356.0937756046441, "gamma": 0.013738085718958525}, "datetime": {"datetime": "2021-06-21 23:42:42", "elapsed": 14.570857, "delta": 0.360738}}
{"target": -13.895127951018576, "params": {"C": 335.85778880312415, "gamma": 0.009}, "datetime": {"datetime": "2021-06-21 23:42:43", "elapsed": 14.920856, "delta": 0.349999}}
{"target": -13.690467271604035, "params": {"C": 373.53731246647203, "gamma": 0.009}, "datetime": {"datetime": "2021-06-21 23:42:43", "elapsed": 15.286671, "delta": 0.365815}}
{"target": -12.717667019044057, "params": {"C": 332.71796188819854, "gamma": 0.027092813446824744}, "datetime": {"datetime": "2021-06-21 23:42:43", "elapsed": 15.606297, "delta": 0.319626}}
{"target": -12.933942921787114, "params": {"C": 364.81897260212185, "gamma": 0.01578238736274039}, "datetime": {"datetime": "2021-06-21 23:42:44", "elapsed": 15.939966, "delta": 0.333669}}
{"target": -13.93161465479444, "params": {"C": 329.83761893747766, "gamma": 0.009}, "datetime": {"datetime": "2021-06-21 23:42:44", "elapsed": 16.317521, "delta": 0.377555}}
{"target": -13.037974444215203, "params": {"C": 370.55209831781605, "gamma": 0.014006887079147094}, "datetime": {"datetime": "2021-06-21 23:42:44", "elapsed": 16.650738, "delta": 0.333217}}
{"target": -12.923671892983077, "params": {"C": 378.8271143010071, "gamma": 0.014982469057256333}, "datetime": {"datetime": "2021-06-21 23:42:45", "elapsed": 17.060068, "delta": 0.40933}}
{"target": -12.723646321734766, "params": {"C": 348.02357200324883, "gamma": 0.04402363230194454}, "datetime": {"datetime": "2021-06-21 23:42:45", "elapsed": 17.388005, "delta": 0.327937}}
{"target": -13.846527667069125, "params": {"C": 344.05325229471396, "gamma": 0.009}, "datetime": {"datetime": "2021-06-21 23:42:46", "elapsed": 17.753611, "delta": 0.365606}}
{"target": -13.573059175715905, "params": {"C": 398.56097315283256, "gamma": 0.009}, "datetime": {"datetime": "2021-06-21 23:42:46", "elapsed": 18.133372, "delta": 0.379761}}
{"target": -12.591382553571753, "params": {"C": 384.53925316430855, "gamma": 0.04580567170077783}, "datetime": {"datetime": "2021-06-21 23:42:46", "elapsed": 18.497211, "delta": 0.363839}}
{"target": -12.869525840001833, "params": {"C": 306.55500112158956, "gamma": 0.026391197387480865}, "datetime": {"datetime": "2021-06-21 23:42:47", "elapsed": 18.845168, "delta": 0.347957}}
{"target": -12.85642556257573, "params": {"C": 367.3951834917216, "gamma": 0.016935830325473553}, "datetime": {"datetime": "2021-06-21 23:42:47", "elapsed": 19.255812, "delta": 0.410644}}
{"target": -13.387385587703756, "params": {"C": 338.5883085586622, "gamma": 0.01202356297930604}, "datetime": {"datetime": "2021-06-21 23:42:47", "elapsed": 19.646951, "delta": 0.391139}}
{"target": -12.631701795009413, "params": {"C": 362.4183674972855, "gamma": 0.04210399476500084}, "datetime": {"datetime": "2021-06-21 23:42:48", "elapsed": 20.061995, "delta": 0.415044}}
{"target": -13.589549701545769, "params": {"C": 386.6540666531274, "gamma": 0.009181257700151428}, "datetime": {"datetime": "2021-06-21 23:42:48", "elapsed": 20.465503, "delta": 0.403508}}
{"target": -12.575110507641906, "params": {"C": 393.28209422007745, "gamma": 0.04704395581588234}, "datetime": {"datetime": "2021-06-21 23:42:49", "elapsed": 20.877537, "delta": 0.412034}}
{"target": -12.955752425984029, "params": {"C": 353.2350535058897, "gamma": 0.016312092149605436}, "datetime": {"datetime": "2021-06-21 23:42:49", "elapsed": 21.325908, "delta": 0.448371}}
{"target": -12.614356366750258, "params": {"C": 391.4602074531484, "gamma": 0.048999407166674426}, "datetime": {"datetime": "2021-06-21 23:42:50", "elapsed": 21.721147, "delta": 0.395239}}
{"target": -14.09781925151721, "params": {"C": 303.830049027386, "gamma": 0.009}, "datetime": {"datetime": "2021-06-21 23:42:50", "elapsed": 22.091182, "delta": 0.370035}}
{"target": -12.488729298922522, "params": {"C": 396.6063042069204, "gamma": 0.041426813516737}, "datetime": {"datetime": "2021-06-21 23:42:50", "elapsed": 22.477771, "delta": 0.386589}}
{"target": -12.633430370592153, "params": {"C": 376.7381200758383, "gamma": 0.04658167368377119}, "datetime": {"datetime": "2021-06-21 23:42:51", "elapsed": 22.852097, "delta": 0.374326}}
{"target": -13.633716957687428, "params": {"C": 327.47059030231287, "gamma": 0.010566778372109979}, "datetime": {"datetime": "2021-06-21 23:42:51", "elapsed": 23.245409, "delta": 0.393312}}
{"target": -13.390217766201, "params": {"C": 325.7246972510308, "gamma": 0.01264262438678386}, "datetime": {"datetime": "2021-06-21 23:42:51", "elapsed": 23.65571, "delta": 0.410301}}
{"target": -12.990660923335035, "params": {"C": 312.80680640353296, "gamma": 0.049053812395626444}, "datetime": {"datetime": "2021-06-21 23:42:52", "elapsed": 24.017669, "delta": 0.361959}}
{"target": -12.757114470329608, "params": {"C": 351.3639245794896, "gamma": 0.04701420263457113}, "datetime": {"datetime": "2021-06-21 23:42:52", "elapsed": 24.389304, "delta": 0.371635}}
{"target": -12.675126273687978, "params": {"C": 380.9181650235507, "gamma": 0.05}, "datetime": {"datetime": "2021-06-21 23:42:53", "elapsed": 24.831212, "delta": 0.441908}}
{"target": -13.012019326016846, "params": {"C": 310.6373809650432, "gamma": 0.04957084256948561}, "datetime": {"datetime": "2021-06-21 23:42:53", "elapsed": 25.227469, "delta": 0.396257}}
{"target": -12.947352749018423, "params": {"C": 323.9608898347881, "gamma": 0.05}, "datetime": {"datetime": "2021-06-21 23:42:53", "elapsed": 25.63726, "delta": 0.409791}}
{"target": -13.293885374801453, "params": {"C": 394.9992335502051, "gamma": 0.010612080584082242}, "datetime": {"datetime": "2021-06-21 23:42:54", "elapsed": 26.125581, "delta": 0.488321}}
{"target": -13.996102213437473, "params": {"C": 319.46665749559156, "gamma": 0.009}, "datetime": {"datetime": "2021-06-21 23:42:54", "elapsed": 26.584003, "delta": 0.458422}}
{"target": -12.961660424257532, "params": {"C": 321.28467019090914, "gamma": 0.05}, "datetime": {"datetime": "2021-06-21 23:42:55", "elapsed": 27.015012, "delta": 0.431009}}
{"target": -13.039052034757647, "params": {"C": 317.7513402759204, "gamma": 0.01815708184441595}, "datetime": {"datetime": "2021-06-21 23:42:55", "elapsed": 27.476472, "delta": 0.46146}}
{"target": -12.95722613026764, "params": {"C": 315.8815157776885, "gamma": 0.0481275374744482}, "datetime": {"datetime": "2021-06-21 23:42:56", "elapsed": 27.902922, "delta": 0.42645}}
{"target": -12.900717620520838, "params": {"C": 347.1765103667867, "gamma": 0.017911965441603995}, "datetime": {"datetime": "2021-06-21 23:42:56", "elapsed": 28.379495, "delta": 0.476573}}
{"target": -12.566170090177103, "params": {"C": 388.3130929885072, "gamma": 0.022616374191798534}, "datetime": {"datetime": "2021-06-21 23:42:57", "elapsed": 28.800784, "delta": 0.421289}}
{"target": -12.636520037253545, "params": {"C": 382.71525771031355, "gamma": 0.04832230564567828}, "datetime": {"datetime": "2021-06-21 23:42:57", "elapsed": 29.224376, "delta": 0.423592}}
{"target": -12.436394332809204, "params": {"C": 399.9791505476139, "gamma": 0.027713376716948186}, "datetime": {"datetime": "2021-06-21 23:42:57", "elapsed": 29.626581, "delta": 0.402205}}
{"target": -13.325887173595682, "params": {"C": 355.1456611460192, "gamma": 0.011827352635724738}, "datetime": {"datetime": "2021-06-21 23:42:58", "elapsed": 30.062581, "delta": 0.436}}
{"target": -13.543922279789559, "params": {"C": 357.0196443343859, "gamma": 0.010160482155850577}, "datetime": {"datetime": "2021-06-21 23:42:58", "elapsed": 30.55846, "delta": 0.495879}}
{"target": -12.81050602907026, "params": {"C": 331.9731531818385, "gamma": 0.04452473517136948}, "datetime": {"datetime": "2021-06-21 23:42:59", "elapsed": 30.99346, "delta": 0.435}}
{"target": -13.525663450807828, "params": {"C": 340.42116401518246, "gamma": 0.010813110242379355}, "datetime": {"datetime": "2021-06-21 23:42:59", "elapsed": 31.638202, "delta": 0.644742}}
{"target": -13.318654229342936, "params": {"C": 348.8755461536418, "gamma": 0.012172710465777517}, "datetime": {"datetime": "2021-06-21 23:43:00", "elapsed": 32.083203, "delta": 0.445001}}
{"target": -14.081938785231868, "params": {"C": 300.78530325201217, "gamma": 0.009166454381978465}, "datetime": {"datetime": "2021-06-21 23:43:00", "elapsed": 32.618737, "delta": 0.535534}}
{"target": -13.683723947874018, "params": {"C": 333.46855021017734, "gamma": 0.01009225892869342}, "datetime": {"datetime": "2021-06-21 23:43:01", "elapsed": 33.037736, "delta": 0.418999}}
{"target": -12.885863628526756, "params": {"C": 334.8032998775733, "gamma": 0.049728379131925834}, "datetime": {"datetime": "2021-06-21 23:43:01", "elapsed": 33.476756, "delta": 0.43902}}
{"target": -12.4851423882663, "params": {"C": 389.9613368590484, "gamma": 0.038880616060517466}, "datetime": {"datetime": "2021-06-21 23:43:02", "elapsed": 34.015752, "delta": 0.538996}}
{"target": -12.727479130173789, "params": {"C": 358.50234898509376, "gamma": 0.04727471733924318}, "datetime": {"datetime": "2021-06-21 23:43:02", "elapsed": 34.501372, "delta": 0.48562}}
{"target": -13.439839601028735, "params": {"C": 305.82457707776894, "gamma": 0.013304387159713965}, "datetime": {"datetime": "2021-06-21 23:43:03", "elapsed": 34.971609, "delta": 0.470237}}
{"target": -12.89484882996193, "params": {"C": 307.32820094608485, "gamma": 0.041407965984118174}, "datetime": {"datetime": "2021-06-21 23:43:03", "elapsed": 35.499097, "delta": 0.527488}}
{"target": -12.701176283016244, "params": {"C": 374.6736789891689, "gamma": 0.05}, "datetime": {"datetime": "2021-06-21 23:43:04", "elapsed": 36.023093, "delta": 0.523996}}
{"target": -13.696082332165375, "params": {"C": 365.59135698517, "gamma": 0.009158270104595162}, "datetime": {"datetime": "2021-06-21 23:43:05", "elapsed": 36.738757, "delta": 0.715664}}
{"target": -12.61830645989394, "params": {"C": 364.100646657159, "gamma": 0.0415979878730697}, "datetime": {"datetime": "2021-06-21 23:43:05", "elapsed": 37.304367, "delta": 0.56561}}
{"target": -12.734139804093125, "params": {"C": 336.92504742179085, "gamma": 0.041277509949123666}, "datetime": {"datetime": "2021-06-21 23:43:06", "elapsed": 37.900194, "delta": 0.595827}}
{"target": -12.8614390976676, "params": {"C": 385.1023859304692, "gamma": 0.015531816571843233}, "datetime": {"datetime": "2021-06-21 23:43:06", "elapsed": 38.47089, "delta": 0.570696}}
{"target": -12.75161952817754, "params": {"C": 372.48970139784194, "gamma": 0.01875916258138467}, "datetime": {"datetime": "2021-06-21 23:43:07", "elapsed": 39.025116, "delta": 0.554226}}
{"target": -12.711578828507761, "params": {"C": 366.76660794157897, "gamma": 0.04861671465297084}, "datetime": {"datetime": "2021-06-21 23:43:07", "elapsed": 39.606917, "delta": 0.581801}}
{"target": -13.853036136490026, "params": {"C": 342.94382891815826, "gamma": 0.009}, "datetime": {"datetime": "2021-06-21 23:43:08", "elapsed": 40.08391, "delta": 0.476993}}
{"target": -12.823344235472431, "params": {"C": 383.9955154397906, "gamma": 0.01624571720963197}, "datetime": {"datetime": "2021-06-21 23:43:08", "elapsed": 40.684346, "delta": 0.600436}}
{"target": -12.569795819781254, "params": {"C": 360.60590094449503, "gamma": 0.03429300051441839}, "datetime": {"datetime": "2021-06-21 23:43:09", "elapsed": 41.261934, "delta": 0.577588}}
{"target": -12.681062943020532, "params": {"C": 369.84737490330804, "gamma": 0.047627981548316545}, "datetime": {"datetime": "2021-06-21 23:43:10", "elapsed": 41.759627, "delta": 0.497693}}
{"target": -12.637234037985271, "params": {"C": 393.7646600766557, "gamma": 0.01970595936543202}, "datetime": {"datetime": "2021-06-21 23:43:10", "elapsed": 42.237632, "delta": 0.478005}}
{"target": -12.8030977040638, "params": {"C": 345.0693763252121, "gamma": 0.04792483929250089}, "datetime": {"datetime": "2021-06-21 23:43:11", "elapsed": 42.814518, "delta": 0.576886}}
{"target": -12.978486382696289, "params": {"C": 362.93769320063626, "gamma": 0.015207902763558833}, "datetime": {"datetime": "2021-06-21 23:43:11", "elapsed": 43.395523, "delta": 0.581005}}
{"target": -12.826761361472382, "params": {"C": 379.49119300187357, "gamma": 0.01651890418000174}, "datetime": {"datetime": "2021-06-21 23:43:12", "elapsed": 43.989523, "delta": 0.594}}
{"target": -12.51998993031387, "params": {"C": 396.1536642615283, "gamma": 0.023385627752323487}, "datetime": {"datetime": "2021-06-21 23:43:12", "elapsed": 44.582116, "delta": 0.592593}}
{"target": -12.841171182097549, "params": {"C": 377.2303043334275, "gamma": 0.01642875863122209}, "datetime": {"datetime": "2021-06-21 23:43:13", "elapsed": 45.08228, "delta": 0.500164}}
{"target": -12.54018737572323, "params": {"C": 378.1609800047667, "gamma": 0.039793997112318964}, "datetime": {"datetime": "2021-06-21 23:43:13", "elapsed": 45.625759, "delta": 0.543479}}
{"target": -12.779284284753276, "params": {"C": 328.9307066480195, "gamma": 0.04159994865563969}, "datetime": {"datetime": "2021-06-21 23:43:14", "elapsed": 46.222762, "delta": 0.597003}}
{"target": -12.777117475747914, "params": {"C": 368.04095335063914, "gamma": 0.018607814083798906}, "datetime": {"datetime": "2021-06-21 23:43:15", "elapsed": 46.724266, "delta": 0.501504}}
{"target": -12.84542051067673, "params": {"C": 392.78166828940266, "gamma": 0.01530297460702209}, "datetime": {"datetime": "2021-06-21 23:43:15", "elapsed": 47.302848, "delta": 0.578582}}
{"target": -12.572521492669702, "params": {"C": 391.9306439179993, "gamma": 0.021882872600710132}, "datetime": {"datetime": "2021-06-21 23:43:16", "elapsed": 47.863632, "delta": 0.560784}}
{"target": -13.387724087854046, "params": {"C": 361.9272026722688, "gamma": 0.01103832993562083}, "datetime": {"datetime": "2021-06-21 23:43:16", "elapsed": 48.38463, "delta": 0.520998}}
{"target": -13.229873082308913, "params": {"C": 351.83247434558564, "gamma": 0.01289008575316095}, "datetime": {"datetime": "2021-06-21 23:43:17", "elapsed": 48.995014, "delta": 0.610384}}
{"target": -12.726319175953257, "params": {"C": 350.8570936738614, "gamma": 0.04501045281640223}, "datetime": {"datetime": "2021-06-21 23:43:17", "elapsed": 49.614847, "delta": 0.619833}}
{"target": -12.777103530185938, "params": {"C": 352.68973700199547, "gamma": 0.048584442086024505}, "datetime": {"datetime": "2021-06-21 23:43:18", "elapsed": 50.228847, "delta": 0.614}}
{"target": -12.612215317875567, "params": {"C": 397.0359670563708, "gamma": 0.05}, "datetime": {"datetime": "2021-06-21 23:43:19", "elapsed": 50.775349, "delta": 0.546502}}
{"target": -12.709545230642464, "params": {"C": 371.2503796126934, "gamma": 0.04968105155030616}, "datetime": {"datetime": "2021-06-21 23:43:19", "elapsed": 51.34301, "delta": 0.567661}}
{"target": -12.68020726581681, "params": {"C": 376.24641139548544, "gamma": 0.04925729179761884}, "datetime": {"datetime": "2021-06-21 23:43:20", "elapsed": 51.996838, "delta": 0.653828}}
{"target": -13.584441775306239, "params": {"C": 302.1798487710401, "gamma": 0.01213020651812573}, "datetime": {"datetime": "2021-06-21 23:43:20", "elapsed": 52.581492, "delta": 0.584654}}
{"target": -12.861372193446305, "params": {"C": 330.7338769732837, "gamma": 0.047125619004746495}, "datetime": {"datetime": "2021-06-21 23:43:21", "elapsed": 53.119293, "delta": 0.537801}}
{"target": -13.619272555056957, "params": {"C": 313.34731354306354, "gamma": 0.01126471199257146}, "datetime": {"datetime": "2021-06-21 23:43:22", "elapsed": 53.927203, "delta": 0.80791}}
