{"target": -10.405988685712451, "params": {"C": 13190.834269797992, "gamma": 0.0297587149819633}, "datetime": {"datetime": "2021-06-22 10:16:03", "elapsed": 181.518252, "delta": 1.033589}}
{"target": -10.26019054278714, "params": {"C": 7911.415971027613, "gamma": 0.043329733022747535}, "datetime": {"datetime": "2021-06-22 10:16:04", "elapsed": 182.563733, "delta": 1.045481}}
{"target": -10.99045398129412, "params": {"C": 11907.776617077285, "gamma": 0.012707434739560807}, "datetime": {"datetime": "2021-06-22 10:16:05", "elapsed": 183.698495, "delta": 1.134762}}
{"target": -10.747349534100788, "params": {"C": 11223.990694423406, "gamma": 0.019646802612111776}, "datetime": {"datetime": "2021-06-22 10:16:07", "elapsed": 185.380039, "delta": 1.681544}}
{"target": -10.096490520515292, "params": {"C": 15169.212256249848, "gamma": 0.05682170960272606}, "datetime": {"datetime": "2021-06-22 10:16:08", "elapsed": 186.706593, "delta": 1.326554}}
{"target": -10.20702687508419, "params": {"C": 8731.87166957932, "gamma": 0.05841570948341481}, "datetime": {"datetime": "2021-06-22 10:16:09", "elapsed": 187.759153, "delta": 1.05256}}
{"target": -10.179334430933473, "params": {"C": 10856.35437597625, "gamma": 0.040578900831849764}, "datetime": {"datetime": "2021-06-22 10:16:10", "elapsed": 189.116129, "delta": 1.356976}}
{"target": -10.134962229056939, "params": {"C": 10920.043756784311, "gamma": 0.046015190522615684}, "datetime": {"datetime": "2021-06-22 10:16:12", "elapsed": 190.506151, "delta": 1.390022}}
{"target": -10.794972633400313, "params": {"C": 7837.080084905418, "gamma": 0.02149029125597561}, "datetime": {"datetime": "2021-06-22 10:16:13", "elapsed": 191.803819, "delta": 1.297668}}
{"target": -10.486824792509934, "params": {"C": 10237.883376991573, "gamma": 0.030317035729100564}, "datetime": {"datetime": "2021-06-22 10:16:14", "elapsed": 193.09714, "delta": 1.293321}}
{"target": -10.09956550434963, "params": {"C": 13271.202657171281, "gamma": 0.045706069460474515}, "datetime": {"datetime": "2021-06-22 10:16:16", "elapsed": 194.41415, "delta": 1.31701}}
{"target": -10.758691083699272, "params": {"C": 12245.340684163639, "gamma": 0.018555888077745233}, "datetime": {"datetime": "2021-06-22 10:16:18", "elapsed": 196.41264, "delta": 1.99849}}
{"target": -10.335822407245187, "params": {"C": 12189.661921655748, "gamma": 0.03299644477858357}, "datetime": {"datetime": "2021-06-22 10:16:19", "elapsed": 197.991122, "delta": 1.578482}}
{"target": -11.2064654813609, "params": {"C": 14862.706338690676, "gamma": 0.009}, "datetime": {"datetime": "2021-06-22 10:16:21", "elapsed": 199.548002, "delta": 1.55688}}
{"target": -10.06984100093287, "params": {"C": 14803.696448896786, "gamma": 0.05170302288875975}, "datetime": {"datetime": "2021-06-22 10:16:22", "elapsed": 201.052291, "delta": 1.504289}}
{"target": -10.078879307450581, "params": {"C": 19691.27910684683, "gamma": 0.05006348554429671}, "datetime": {"datetime": "2021-06-22 10:16:23", "elapsed": 202.187253, "delta": 1.134962}}
{"target": -10.08439551156332, "params": {"C": 12984.384484150745, "gamma": 0.04955080189675128}, "datetime": {"datetime": "2021-06-22 10:16:25", "elapsed": 203.342333, "delta": 1.15508}}
{"target": -10.098285978823554, "params": {"C": 14914.851294023556, "gamma": 0.04329974372091571}, "datetime": {"datetime": "2021-06-22 10:16:26", "elapsed": 204.549287, "delta": 1.206954}}
{"target": -10.238675682741636, "params": {"C": 18898.057249608613, "gamma": 0.06}, "datetime": {"datetime": "2021-06-22 10:16:27", "elapsed": 206.170367, "delta": 1.62108}}
{"target": -10.398236343873863, "params": {"C": 18837.597269844016, "gamma": 0.025973702341584297}, "datetime": {"datetime": "2021-06-22 10:16:29", "elapsed": 207.528268, "delta": 1.357901}}
{"target": -10.557114802237736, "params": {"C": 17648.703422384657, "gamma": 0.022406816505719844}, "datetime": {"datetime": "2021-06-22 10:16:30", "elapsed": 208.747895, "delta": 1.219627}}
{"target": -10.133062522090217, "params": {"C": 17720.70979100409, "gamma": 0.05677771980447417}, "datetime": {"datetime": "2021-06-22 10:16:32", "elapsed": 210.487913, "delta": 1.740018}}
{"target": -10.380549793994183, "params": {"C": 5973.371715839757, "gamma": 0.04940694585004015}, "datetime": {"datetime": "2021-06-22 10:16:33", "elapsed": 211.753957, "delta": 1.266044}}
{"target": -10.088671292866676, "params": {"C": 14112.084142888725, "gamma": 0.05672487866025374}, "datetime": {"datetime": "2021-06-22 10:16:34", "elapsed": 212.887207, "delta": 1.13325}}
{"target": -10.080218626287751, "params": {"C": 12828.616361120537, "gamma": 0.052890348702095205}, "datetime": {"datetime": "2021-06-22 10:16:36", "elapsed": 214.776212, "delta": 1.889005}}
{"target": -10.943261663354878, "params": {"C": 7754.507824897633, "gamma": 0.017030445202174258}, "datetime": {"datetime": "2021-06-22 10:16:37", "elapsed": 216.030439, "delta": 1.254227}}
{"target": -11.545848043941849, "params": {"C": 7691.863362733726, "gamma": 0.009}, "datetime": {"datetime": "2021-06-22 10:16:39", "elapsed": 217.312051, "delta": 1.281612}}
{"target": -10.735381168772005, "params": {"C": 7632.334069642018, "gamma": 0.024108207753876863}, "datetime": {"datetime": "2021-06-22 10:16:40", "elapsed": 219.269969, "delta": 1.957918}}
{"target": -10.39549747276116, "params": {"C": 5856.614835277883, "gamma": 0.05339283609005595}, "datetime": {"datetime": "2021-06-22 10:16:42", "elapsed": 220.478887, "delta": 1.208918}}
{"target": -11.28613894351564, "params": {"C": 12476.8238331823, "gamma": 0.009}, "datetime": {"datetime": "2021-06-22 10:16:43", "elapsed": 221.823632, "delta": 1.344745}}
{"target": -10.774029152790332, "params": {"C": 12532.227319993966, "gamma": 0.01774575152779142}, "datetime": {"datetime": "2021-06-22 10:16:44", "elapsed": 223.120069, "delta": 1.296437}}
{"target": -10.078277388019869, "params": {"C": 12421.134959470375, "gamma": 0.05581289612935555}, "datetime": {"datetime": "2021-06-22 10:16:46", "elapsed": 224.802635, "delta": 1.682566}}
{"target": -10.63508276957332, "params": {"C": 12590.741546688601, "gamma": 0.023097274641340416}, "datetime": {"datetime": "2021-06-22 10:16:48", "elapsed": 226.33551, "delta": 1.532875}}
{"target": -10.306199201359934, "params": {"C": 7152.134614053546, "gamma": 0.06}, "datetime": {"datetime": "2021-06-22 10:16:49", "elapsed": 228.043091, "delta": 1.707581}}
{"target": -10.353489545241462, "params": {"C": 6861.419612044249, "gamma": 0.042903238573969056}, "datetime": {"datetime": "2021-06-22 10:16:51", "elapsed": 229.806785, "delta": 1.763694}}
{"target": -10.533359077948571, "params": {"C": 6224.56333123023, "gamma": 0.03670439998032474}, "datetime": {"datetime": "2021-06-22 10:16:53", "elapsed": 231.321284, "delta": 1.514499}}
{"target": -10.641591341605112, "params": {"C": 13645.453174401391, "gamma": 0.022151208761791823}, "datetime": {"datetime": "2021-06-22 10:16:54", "elapsed": 233.221547, "delta": 1.900263}}
{"target": -11.197727753807685, "params": {"C": 13587.965534636929, "gamma": 0.009462688749877395}, "datetime": {"datetime": "2021-06-22 10:16:57", "elapsed": 235.299117, "delta": 2.07757}}
{"target": -10.110688228799448, "params": {"C": 13532.656949056298, "gamma": 0.06}, "datetime": {"datetime": "2021-06-22 10:16:58", "elapsed": 237.238189, "delta": 1.939072}}
{"target": -10.791362776186796, "params": {"C": 10177.983619240566, "gamma": 0.018807358253572548}, "datetime": {"datetime": "2021-06-22 10:17:00", "elapsed": 239.03831, "delta": 1.800121}}
{"target": -10.61210347433928, "params": {"C": 5112.289230860291, "gamma": 0.038315776028433016}, "datetime": {"datetime": "2021-06-22 10:17:02", "elapsed": 240.514823, "delta": 1.476513}}
{"target": -10.066787228198852, "params": {"C": 16252.154732255287, "gamma": 0.048456322610168856}, "datetime": {"datetime": "2021-06-22 10:17:04", "elapsed": 242.48676, "delta": 1.971937}}
{"target": -10.073324910939787, "params": {"C": 13987.147875261653, "gamma": 0.05285554849215102}, "datetime": {"datetime": "2021-06-22 10:17:05", "elapsed": 243.96269, "delta": 1.47593}}
{"target": -10.067418096535283, "params": {"C": 14686.933359416253, "gamma": 0.05359221645565648}, "datetime": {"datetime": "2021-06-22 10:17:07", "elapsed": 245.48167, "delta": 1.51898}}
{"target": -11.605174408071376, "params": {"C": 7004.202125535569, "gamma": 0.009}, "datetime": {"datetime": "2021-06-22 10:17:09", "elapsed": 247.277681, "delta": 1.796011}}
{"target": -10.605980137972706, "params": {"C": 7066.862329320038, "gamma": 0.03046082168586159}, "datetime": {"datetime": "2021-06-22 10:17:11", "elapsed": 249.408643, "delta": 2.130962}}
{"target": -10.321601724978658, "params": {"C": 6934.036404890774, "gamma": 0.06}, "datetime": {"datetime": "2021-06-22 10:17:12", "elapsed": 251.065724, "delta": 1.657081}}
{"target": -10.784450258990704, "params": {"C": 15417.922602089126, "gamma": 0.01604560486260131}, "datetime": {"datetime": "2021-06-22 10:17:14", "elapsed": 252.727679, "delta": 1.661955}}
{"target": -10.135957183383683, "params": {"C": 11150.421997915482, "gamma": 0.04510460608070305}, "datetime": {"datetime": "2021-06-22 10:17:16", "elapsed": 254.32474, "delta": 1.597061}}
{"target": -10.234148172421218, "params": {"C": 19588.661001783483, "gamma": 0.058928246982465675}, "datetime": {"datetime": "2021-06-22 10:17:18", "elapsed": 256.525744, "delta": 2.201004}}
{"target": -10.223727358936612, "params": {"C": 7979.3518747641465, "gamma": 0.05266848831300967}, "datetime": {"datetime": "2021-06-22 10:17:20", "elapsed": 258.400215, "delta": 1.874471}}
{"target": -10.809932647760283, "params": {"C": 14281.019507081903, "gamma": 0.015387888544021707}, "datetime": {"datetime": "2021-06-22 10:17:21", "elapsed": 260.006147, "delta": 1.605932}}
{"target": -10.768178973448583, "params": {"C": 14226.049941902305, "gamma": 0.0172004529474151}, "datetime": {"datetime": "2021-06-22 10:17:24", "elapsed": 262.697887, "delta": 2.69174}}
{"target": -10.129549595958071, "params": {"C": 14172.661294302408, "gamma": 0.03917707870481837}, "datetime": {"datetime": "2021-06-22 10:17:26", "elapsed": 264.573721, "delta": 1.875834}}
{"target": -10.585332021467398, "params": {"C": 12305.498949619898, "gamma": 0.02494521426914964}, "datetime": {"datetime": "2021-06-22 10:17:28", "elapsed": 266.788611, "delta": 2.21489}}
{"target": -10.260711742872552, "params": {"C": 7575.351096224422, "gamma": 0.044628745996138114}, "datetime": {"datetime": "2021-06-22 10:17:30", "elapsed": 268.576913, "delta": 1.788302}}
{"target": -11.182730832677427, "params": {"C": 15762.491433692147, "gamma": 0.009}, "datetime": {"datetime": "2021-06-22 10:17:31", "elapsed": 270.048104, "delta": 1.471191}}
{"target": -10.100440551283834, "params": {"C": 15707.70374154251, "gamma": 0.042126546631159896}, "datetime": {"datetime": "2021-06-22 10:17:33", "elapsed": 272.048455, "delta": 2.000351}}
{"target": -10.773730844707801, "params": {"C": 15814.32170991933, "gamma": 0.016317054287755293}, "datetime": {"datetime": "2021-06-22 10:17:35", "elapsed": 273.609898, "delta": 1.561443}}
{"target": -10.078078378209998, "params": {"C": 13415.881606947934, "gamma": 0.05203312445110155}, "datetime": {"datetime": "2021-06-22 10:17:37", "elapsed": 275.289372, "delta": 1.679474}}
{"target": -11.059350631719795, "params": {"C": 15489.056191841553, "gamma": 0.010386374185891872}, "datetime": {"datetime": "2021-06-22 10:17:38", "elapsed": 277.184286, "delta": 1.894914}}
{"target": -10.403830996271124, "params": {"C": 6154.8301838707175, "gamma": 0.04468006070443628}, "datetime": {"datetime": "2021-06-22 10:17:40", "elapsed": 279.126617, "delta": 1.942331}}
{"target": -10.612779196996321, "params": {"C": 12133.277445687094, "gamma": 0.024185970630783926}, "datetime": {"datetime": "2021-06-22 10:17:42", "elapsed": 280.684036, "delta": 1.557419}}
{"target": -10.104582736229201, "params": {"C": 12081.300943380755, "gamma": 0.04684745520913209}, "datetime": {"datetime": "2021-06-22 10:17:44", "elapsed": 282.278305, "delta": 1.594269}}
{"target": -10.067963521301907, "params": {"C": 16140.215533353328, "gamma": 0.04826134103571733}, "datetime": {"datetime": "2021-06-22 10:17:45", "elapsed": 283.857506, "delta": 1.579201}}
{"target": -10.882100736905507, "params": {"C": 12923.543033954042, "gamma": 0.014389154172199197}, "datetime": {"datetime": "2021-06-22 10:17:47", "elapsed": 285.857219, "delta": 1.999713}}
{"target": -10.35609611485524, "params": {"C": 6512.454499446727, "gamma": 0.06}, "datetime": {"datetime": "2021-06-22 10:17:49", "elapsed": 287.421945, "delta": 1.564726}}
{"target": -10.211707309821636, "params": {"C": 8325.104122325574, "gamma": 0.04687241831491951}, "datetime": {"datetime": "2021-06-22 10:17:51", "elapsed": 289.286921, "delta": 1.864976}}
{"target": -10.747423015379717, "params": {"C": 15643.008391522008, "gamma": 0.017371921548557392}, "datetime": {"datetime": "2021-06-22 10:17:53", "elapsed": 291.49908, "delta": 2.212159}}
{"target": -10.138916120268151, "params": {"C": 17844.63691446554, "gamma": 0.03805757241090815}, "datetime": {"datetime": "2021-06-22 10:17:55", "elapsed": 293.569607, "delta": 2.070527}}
{"target": -11.072601457962525, "params": {"C": 12642.167664067645, "gamma": 0.011168740896353347}, "datetime": {"datetime": "2021-06-22 10:17:57", "elapsed": 295.489294, "delta": 1.919687}}
{"target": -10.319401601229353, "params": {"C": 12701.142801114163, "gamma": 0.03301682100553541}, "datetime": {"datetime": "2021-06-22 10:17:59", "elapsed": 297.374847, "delta": 1.885553}}
{"target": -10.872789876501173, "params": {"C": 16498.65200366875, "gamma": 0.013113960610419207}, "datetime": {"datetime": "2021-06-22 10:18:00", "elapsed": 299.046474, "delta": 1.671627}}
{"target": -10.444044204915128, "params": {"C": 16414.04508397341, "gamma": 0.026158954259403636}, "datetime": {"datetime": "2021-06-22 10:18:02", "elapsed": 300.921885, "delta": 1.875411}}
{"target": -10.152915244190373, "params": {"C": 10295.171542118702, "gamma": 0.06}, "datetime": {"datetime": "2021-06-22 10:18:05", "elapsed": 303.573086, "delta": 2.651201}}
{"target": -10.519357952066281, "params": {"C": 5040.316088892379, "gamma": 0.04600286892908558}, "datetime": {"datetime": "2021-06-22 10:18:07", "elapsed": 305.509593, "delta": 1.936507}}
{"target": -10.583806948633724, "params": {"C": 8039.177180468102, "gamma": 0.02936613531165618}, "datetime": {"datetime": "2021-06-22 10:18:09", "elapsed": 308.027776, "delta": 2.518183}}
{"target": -10.27075252151249, "params": {"C": 15862.965942287185, "gamma": 0.031632381678357045}, "datetime": {"datetime": "2021-06-22 10:18:11", "elapsed": 310.244153, "delta": 2.216377}}
{"target": -10.75905108410617, "params": {"C": 14052.581636557225, "gamma": 0.01764368156006957}, "datetime": {"datetime": "2021-06-22 10:18:14", "elapsed": 312.577515, "delta": 2.333362}}
{"target": -10.789567061661902, "params": {"C": 13864.85735693821, "gamma": 0.016462033929205533}, "datetime": {"datetime": "2021-06-22 10:18:17", "elapsed": 315.429416, "delta": 2.851901}}
{"target": -10.11212040763934, "params": {"C": 19159.04217572572, "gamma": 0.04129323515658568}, "datetime": {"datetime": "2021-06-22 10:18:19", "elapsed": 317.926655, "delta": 2.497239}}
{"target": -10.960186729964361, "params": {"C": 15540.48567846799, "gamma": 0.011740359123045264}, "datetime": {"datetime": "2021-06-22 10:18:21", "elapsed": 319.59706, "delta": 1.670405}}
{"target": -10.109315783955985, "params": {"C": 15591.681990144063, "gamma": 0.040781863084483894}, "datetime": {"datetime": "2021-06-22 10:18:23", "elapsed": 321.41911, "delta": 1.82205}}
{"target": -10.082376632355764, "params": {"C": 12768.321191206509, "gamma": 0.051669971058316694}, "datetime": {"datetime": "2021-06-22 10:18:24", "elapsed": 323.257123, "delta": 1.838013}}
{"target": -10.732186780560435, "params": {"C": 13359.7816362508, "gamma": 0.019083469129369146}, "datetime": {"datetime": "2021-06-22 10:18:26", "elapsed": 325.123633, "delta": 1.86651}}
{"target": -10.70331932973438, "params": {"C": 10525.79401795088, "gamma": 0.022062039454668312}, "datetime": {"datetime": "2021-06-22 10:18:28", "elapsed": 327.253359, "delta": 2.129726}}
{"target": -10.442493768896613, "params": {"C": 16196.324742833693, "gamma": 0.026346438911314572}, "datetime": {"datetime": "2021-06-22 10:18:32", "elapsed": 330.304208, "delta": 3.050849}}
{"target": -10.073442302046072, "params": {"C": 19062.101505835482, "gamma": 0.05058098936533686}, "datetime": {"datetime": "2021-06-22 10:18:34", "elapsed": 332.741707, "delta": 2.437499}}
{"target": -10.117974518315723, "params": {"C": 16310.964039728105, "gamma": 0.03972262231894988}, "datetime": {"datetime": "2021-06-22 10:18:37", "elapsed": 335.670175, "delta": 2.928468}}
{"target": -10.200553252892513, "params": {"C": 9039.24568691384, "gamma": 0.04419087857176825}, "datetime": {"datetime": "2021-06-22 10:18:39", "elapsed": 337.601138, "delta": 1.930963}}
{"target": -10.067032314777133, "params": {"C": 16607.404953243316, "gamma": 0.052568993505358215}, "datetime": {"datetime": "2021-06-22 10:18:41", "elapsed": 339.518916, "delta": 1.917778}}
{"target": -10.293010029624869, "params": {"C": 16087.409473423171, "gamma": 0.030799638452266367}, "datetime": {"datetime": "2021-06-22 10:18:43", "elapsed": 341.532067, "delta": 2.013151}}
{"target": -10.790093736314722, "params": {"C": 5244.851930986103, "gamma": 0.028305878364681854}, "datetime": {"datetime": "2021-06-22 10:18:45", "elapsed": 343.475198, "delta": 1.943131}}
{"target": -10.15331500550806, "params": {"C": 14743.909764699683, "gamma": 0.03666132565536078}, "datetime": {"datetime": "2021-06-22 10:18:48", "elapsed": 346.508089, "delta": 3.032891}}
{"target": -10.669580565741944, "params": {"C": 5178.948209409852, "gamma": 0.03473515785151097}, "datetime": {"datetime": "2021-06-22 10:18:50", "elapsed": 348.461682, "delta": 1.953593}}
{"target": -10.185344086558166, "params": {"C": 10577.739983101397, "gamma": 0.04077891006353197}, "datetime": {"datetime": "2021-06-22 10:18:52", "elapsed": 350.453072, "delta": 1.99139}}
{"target": -10.826714215884534, "params": {"C": 18317.07027638707, "gamma": 0.014450373026781222}, "datetime": {"datetime": "2021-06-22 10:18:54", "elapsed": 352.406681, "delta": 1.953609}}
{"target": -10.329238401252939, "params": {"C": 6772.205711593471, "gamma": 0.05837204916805603}, "datetime": {"datetime": "2021-06-22 10:18:56", "elapsed": 354.675854, "delta": 2.269173}}
{"target": -10.749017295854124, "params": {"C": 13930.660820965611, "gamma": 0.018107255342874586}, "datetime": {"datetime": "2021-06-22 10:18:58", "elapsed": 356.586594, "delta": 1.91074}}
{"target": -10.553606329833105, "params": {"C": 17087.695091878602, "gamma": 0.02267265328313639}, "datetime": {"datetime": "2021-06-22 10:19:01", "elapsed": 359.383493, "delta": 2.796899}}
{"target": -10.183381635114571, "params": {"C": 17034.582651205674, "gamma": 0.03417425574597754}, "datetime": {"datetime": "2021-06-22 10:19:03", "elapsed": 361.419557, "delta": 2.036064}}
{"target": -10.83992358228035, "params": {"C": 8450.384675188592, "gamma": 0.01908012869429395}, "datetime": {"datetime": "2021-06-22 10:19:06", "elapsed": 364.502639, "delta": 3.083082}}
{"target": -10.538229626658817, "params": {"C": 8502.340381437396, "gamma": 0.030619846178106612}, "datetime": {"datetime": "2021-06-22 10:19:08", "elapsed": 366.850249, "delta": 2.34761}}
{"target": -11.016280502407993, "params": {"C": 8402.364943749213, "gamma": 0.014727657321580084}, "datetime": {"datetime": "2021-06-22 10:19:12", "elapsed": 370.843799, "delta": 3.99355}}
{"target": -10.466682520140946, "params": {"C": 13469.098933687723, "gamma": 0.027702444320744875}, "datetime": {"datetime": "2021-06-22 10:19:14", "elapsed": 372.851938, "delta": 2.008139}}
{"target": -10.074954116565637, "params": {"C": 13130.664835089705, "gamma": 0.05579848050530502}, "datetime": {"datetime": "2021-06-22 10:19:17", "elapsed": 375.350446, "delta": 2.498508}}
{"target": -10.287244603787297, "params": {"C": 7457.666702332773, "gamma": 0.06}, "datetime": {"datetime": "2021-06-22 10:19:19", "elapsed": 378.116742, "delta": 2.766296}}
{"target": -10.207742615276464, "params": {"C": 9884.163132447326, "gamma": 0.04079734761296747}, "datetime": {"datetime": "2021-06-22 10:19:22", "elapsed": 381.139218, "delta": 3.022476}}
{"target": -10.448376449650928, "params": {"C": 5307.721820379361, "gamma": 0.05493824812558227}, "datetime": {"datetime": "2021-06-22 10:19:25", "elapsed": 384.030916, "delta": 2.891698}}
{"target": -10.108274227234517, "params": {"C": 16557.149119478632, "gamma": 0.04126782006273731}, "datetime": {"datetime": "2021-06-22 10:19:28", "elapsed": 386.641065, "delta": 2.610149}}
{"target": -11.255219491258632, "params": {"C": 6644.752063769557, "gamma": 0.012404059488301448}, "datetime": {"datetime": "2021-06-22 10:19:30", "elapsed": 388.87933, "delta": 2.238265}}
{"target": -10.709848147436189, "params": {"C": 6582.787506492081, "gamma": 0.027646540445740365}, "datetime": {"datetime": "2021-06-22 10:19:32", "elapsed": 390.912375, "delta": 2.033045}}
{"target": -11.065096276877338, "params": {"C": 6700.659464410968, "gamma": 0.015575940008984584}, "datetime": {"datetime": "2021-06-22 10:19:34", "elapsed": 393.093306, "delta": 2.180931}}
{"target": -10.137152277397995, "params": {"C": 16940.526687686674, "gamma": 0.05783807079936784}, "datetime": {"datetime": "2021-06-22 10:19:37", "elapsed": 395.804625, "delta": 2.711319}}
{"target": -10.0866002954883, "params": {"C": 19390.76807562691, "gamma": 0.051450853729678635}, "datetime": {"datetime": "2021-06-22 10:19:39", "elapsed": 397.839787, "delta": 2.035162}}
{"target": -10.092391531783624, "params": {"C": 18601.01463512155, "gamma": 0.053355103802004214}, "datetime": {"datetime": "2021-06-22 10:19:42", "elapsed": 400.758876, "delta": 2.919089}}
{"target": -10.061983932810953, "params": {"C": 18264.717579095028, "gamma": 0.0492541349529564}, "datetime": {"datetime": "2021-06-22 10:19:44", "elapsed": 402.900104, "delta": 2.141228}}
