{"target": -12.943577352054895, "params": {"C": 312.2739677681835, "gamma": 0.04627009098332602}, "datetime": {"datetime": "2021-06-21 23:43:22", "elapsed": 54.674054, "delta": 0.746851}}
{"target": -12.899561786660602, "params": {"C": 353.78928574500077, "gamma": 0.017302131085283865}, "datetime": {"datetime": "2021-06-21 23:43:23", "elapsed": 55.277059, "delta": 0.603005}}
{"target": -12.936561673870484, "params": {"C": 303.0836720969133, "gamma": 0.042498964887174986}, "datetime": {"datetime": "2021-06-21 23:43:24", "elapsed": 55.89908, "delta": 0.622021}}
{"target": -12.976388201465952, "params": {"C": 316.40140864693024, "gamma": 0.019842041089492078}, "datetime": {"datetime": "2021-06-21 23:43:24", "elapsed": 56.563705, "delta": 0.664625}}
{"target": -13.589747837025449, "params": {"C": 320.7839208052978, "gamma": 0.011150487329277654}, "datetime": {"datetime": "2021-06-21 23:43:25", "elapsed": 57.19142, "delta": 0.627715}}
{"target": -12.879999400809314, "params": {"C": 321.8371720787126, "gamma": 0.04554818603871483}, "datetime": {"datetime": "2021-06-21 23:43:26", "elapsed": 57.772287, "delta": 0.580867}}
{"target": -12.999259188492204, "params": {"C": 309.2082948560648, "gamma": 0.04843289384691563}, "datetime": {"datetime": "2021-06-21 23:43:26", "elapsed": 58.547907, "delta": 0.77562}}
{"target": -12.686961811511303, "params": {"C": 390.9941462509431, "gamma": 0.018655378069129848}, "datetime": {"datetime": "2021-06-21 23:43:27", "elapsed": 59.247492, "delta": 0.699585}}
{"target": -12.757867968079207, "params": {"C": 360.94970634521314, "gamma": 0.04976201063775892}, "datetime": {"datetime": "2021-06-21 23:43:28", "elapsed": 59.791314, "delta": 0.543822}}
{"target": -12.908068506984321, "params": {"C": 383.09762204032904, "gamma": 0.014944808894627055}, "datetime": {"datetime": "2021-06-21 23:43:28", "elapsed": 60.392922, "delta": 0.601608}}
{"target": -13.081362338213395, "params": {"C": 382.29131878617136, "gamma": 0.012948263285273971}, "datetime": {"datetime": "2021-06-21 23:43:29", "elapsed": 61.098753, "delta": 0.705831}}
{"target": -13.508667110658184, "params": {"C": 381.3538130464857, "gamma": 0.00970644364309883}, "datetime": {"datetime": "2021-06-21 23:43:29", "elapsed": 61.664773, "delta": 0.56602}}
{"target": -12.987380550178976, "params": {"C": 380.50558372651074, "gamma": 0.014064628584476126}, "datetime": {"datetime": "2021-06-21 23:43:30", "elapsed": 62.288775, "delta": 0.624002}}
{"target": -12.786426565352087, "params": {"C": 339.18604343161803, "gamma": 0.04522660717654537}, "datetime": {"datetime": "2021-06-21 23:43:31", "elapsed": 62.99466, "delta": 0.705885}}
{"target": -12.5340701837208, "params": {"C": 374.22831583864206, "gamma": 0.037362627286579186}, "datetime": {"datetime": "2021-06-21 23:43:31", "elapsed": 63.664995, "delta": 0.670335}}
{"target": -12.994077579066998, "params": {"C": 315.3058477665945, "gamma": 0.05}, "datetime": {"datetime": "2021-06-21 23:43:32", "elapsed": 64.463994, "delta": 0.798999}}
{"target": -12.537247096640167, "params": {"C": 397.91339292786984, "gamma": 0.04560128375868044}, "datetime": {"datetime": "2021-06-21 23:43:33", "elapsed": 65.096289, "delta": 0.632295}}
{"target": -12.866096771830247, "params": {"C": 324.42230272918385, "gamma": 0.022032925882381094}, "datetime": {"datetime": "2021-06-21 23:43:34", "elapsed": 65.796345, "delta": 0.700056}}
{"target": -13.367298367362112, "params": {"C": 347.61169478716215, "gamma": 0.01179204953505231}, "datetime": {"datetime": "2021-06-21 23:43:34", "elapsed": 66.460229, "delta": 0.663884}}
{"target": -12.791639299715452, "params": {"C": 346.69100764156735, "gamma": 0.047718903766316045}, "datetime": {"datetime": "2021-06-21 23:43:35", "elapsed": 67.178283, "delta": 0.718054}}
{"target": -12.705039641926822, "params": {"C": 387.97448033687846, "gamma": 0.018473143514691214}, "datetime": {"datetime": "2021-06-21 23:43:36", "elapsed": 67.760099, "delta": 0.581816}}
{"target": -12.685411176712655, "params": {"C": 360.19755683837775, "gamma": 0.045188441299194956}, "datetime": {"datetime": "2021-06-21 23:43:36", "elapsed": 68.611268, "delta": 0.851169}}
{"target": -13.611055343872078, "params": {"C": 390.2778667422637, "gamma": 0.009}, "datetime": {"datetime": "2021-06-21 23:43:37", "elapsed": 69.403567, "delta": 0.792299}}
{"target": -12.505414644320458, "params": {"C": 389.60275395939743, "gamma": 0.025233555659871024}, "datetime": {"datetime": "2021-06-21 23:43:38", "elapsed": 70.104125, "delta": 0.700558}}
{"target": -12.425805881927925, "params": {"C": 399.6200391146866, "gamma": 0.03588723653656859}, "datetime": {"datetime": "2021-06-21 23:43:38", "elapsed": 70.68837, "delta": 0.584245}}
{"target": -13.570066649939882, "params": {"C": 399.2210758597255, "gamma": 0.009}, "datetime": {"datetime": "2021-06-21 23:43:39", "elapsed": 71.318412, "delta": 0.630042}}
{"target": -12.776752303741429, "params": {"C": 338.536512748375, "gamma": 0.04445813884478138}, "datetime": {"datetime": "2021-06-21 23:43:40", "elapsed": 71.854958, "delta": 0.536546}}
{"target": -12.649382088758937, "params": {"C": 368.61975094444966, "gamma": 0.04533893861881343}, "datetime": {"datetime": "2021-06-21 23:43:40", "elapsed": 72.409448, "delta": 0.55449}}
{"target": -12.542444350533048, "params": {"C": 368.40290084032034, "gamma": 0.029986343187964865}, "datetime": {"datetime": "2021-06-21 23:43:41", "elapsed": 73.256741, "delta": 0.847293}}
{"target": -12.72314098088808, "params": {"C": 338.28544382292387, "gamma": 0.025045521666836115}, "datetime": {"datetime": "2021-06-21 23:43:42", "elapsed": 74.166639, "delta": 0.909898}}
{"target": -13.587701155096147, "params": {"C": 364.7197901392457, "gamma": 0.009719200495376914}, "datetime": {"datetime": "2021-06-21 23:43:43", "elapsed": 74.716572, "delta": 0.549933}}
{"target": -12.624456292410605, "params": {"C": 363.76551488880665, "gamma": 0.0242885885250222}, "datetime": {"datetime": "2021-06-21 23:43:43", "elapsed": 75.559692, "delta": 0.84312}}
{"target": -13.093899753659688, "params": {"C": 395.4914499449805, "gamma": 0.012260723484146894}, "datetime": {"datetime": "2021-06-21 23:43:44", "elapsed": 76.349458, "delta": 0.789766}}
{"target": -12.76846762676214, "params": {"C": 357.7845816133727, "gamma": 0.04951747136939412}, "datetime": {"datetime": "2021-06-21 23:43:45", "elapsed": 76.896999, "delta": 0.547541}}
{"target": -12.573113745294599, "params": {"C": 388.6887971054825, "gamma": 0.02229265941834569}, "datetime": {"datetime": "2021-06-21 23:43:46", "elapsed": 77.790894, "delta": 0.893895}}
{"target": -12.52469707887597, "params": {"C": 386.0186054884432, "gamma": 0.04106575985260492}, "datetime": {"datetime": "2021-06-21 23:43:46", "elapsed": 78.62259, "delta": 0.831696}}
{"target": -12.692235810081332, "params": {"C": 369.50068294182836, "gamma": 0.02077132518965428}, "datetime": {"datetime": "2021-06-21 23:43:47", "elapsed": 79.443385, "delta": 0.820795}}
{"target": -13.625142614654532, "params": {"C": 387.2525220797958, "gamma": 0.009}, "datetime": {"datetime": "2021-06-21 23:43:48", "elapsed": 80.386105, "delta": 0.94272}}
{"target": -12.610902936578377, "params": {"C": 375.1025123441516, "gamma": 0.022837464634929822}, "datetime": {"datetime": "2021-06-21 23:43:49", "elapsed": 81.364011, "delta": 0.977906}}
{"target": -12.751783391189903, "params": {"C": 323.42757417452, "gamma": 0.03645615601901402}, "datetime": {"datetime": "2021-06-21 23:43:50", "elapsed": 82.231638, "delta": 0.867627}}
{"target": -12.733988192878677, "params": {"C": 341.09676615325554, "gamma": 0.02388536279266254}, "datetime": {"datetime": "2021-06-21 23:43:51", "elapsed": 82.975528, "delta": 0.74389}}
{"target": -12.7435849084473, "params": {"C": 336.51567382913515, "gamma": 0.04179203963563996}, "datetime": {"datetime": "2021-06-21 23:43:52", "elapsed": 83.894163, "delta": 0.918635}}
{"target": -13.934438121281662, "params": {"C": 311.1551078649487, "gamma": 0.009537235827997032}, "datetime": {"datetime": "2021-06-21 23:43:52", "elapsed": 84.701782, "delta": 0.807619}}
{"target": -12.644395625605082, "params": {"C": 372.90258617612056, "gamma": 0.04623249355444913}, "datetime": {"datetime": "2021-06-21 23:43:53", "elapsed": 85.481295, "delta": 0.779513}}
{"target": -12.880921751131776, "params": {"C": 310.1817985550101, "gamma": 0.04161636951684403}, "datetime": {"datetime": "2021-06-21 23:43:54", "elapsed": 86.385347, "delta": 0.904052}}
{"target": -12.535996654621147, "params": {"C": 397.91412317874165, "gamma": 0.045507965833999124}, "datetime": {"datetime": "2021-06-21 23:43:55", "elapsed": 86.972957, "delta": 0.58761}}
{"target": -13.054086999744936, "params": {"C": 304.541388487344, "gamma": 0.05}, "datetime": {"datetime": "2021-06-21 23:43:56", "elapsed": 87.762782, "delta": 0.789825}}
{"target": -12.764446258681787, "params": {"C": 358.9499791471738, "gamma": 0.019960007599718513}, "datetime": {"datetime": "2021-06-21 23:43:56", "elapsed": 88.522824, "delta": 0.760042}}
{"target": -13.035725872432588, "params": {"C": 307.79383689322725, "gamma": 0.05}, "datetime": {"datetime": "2021-06-21 23:43:57", "elapsed": 89.648495, "delta": 1.125671}}
{"target": -13.082177505635388, "params": {"C": 349.421315745926, "gamma": 0.014711184512313829}, "datetime": {"datetime": "2021-06-21 23:43:58", "elapsed": 90.464096, "delta": 0.815601}}
{"target": -13.85665811706792, "params": {"C": 342.3280391607339, "gamma": 0.009}, "datetime": {"datetime": "2021-06-21 23:43:59", "elapsed": 91.202895, "delta": 0.738799}}
{"target": -12.82972396528041, "params": {"C": 345.4877374988752, "gamma": 0.04960278233041692}, "datetime": {"datetime": "2021-06-21 23:44:00", "elapsed": 91.945854, "delta": 0.742959}}
{"target": -12.548558179998565, "params": {"C": 365.1410230388751, "gamma": 0.03176660635451607}, "datetime": {"datetime": "2021-06-21 23:44:01", "elapsed": 92.731, "delta": 0.785146}}
{"target": -13.426738399037374, "params": {"C": 335.245367000114, "gamma": 0.011826861599985816}, "datetime": {"datetime": "2021-06-21 23:44:01", "elapsed": 93.645066, "delta": 0.914066}}
{"target": -12.740531664369437, "params": {"C": 348.39749674804006, "gamma": 0.045160512012906516}, "datetime": {"datetime": "2021-06-21 23:44:02", "elapsed": 94.462066, "delta": 0.817}}
{"target": -13.405428680720565, "params": {"C": 344.64141955467636, "gamma": 0.011591490159375491}, "datetime": {"datetime": "2021-06-21 23:44:03", "elapsed": 95.131024, "delta": 0.668958}}
{"target": -12.718124308891184, "params": {"C": 332.3531250260505, "gamma": 0.03772684744583639}, "datetime": {"datetime": "2021-06-21 23:44:04", "elapsed": 96.358654, "delta": 1.22763}}
{"target": -12.94059721466044, "params": {"C": 325.23254955853986, "gamma": 0.05}, "datetime": {"datetime": "2021-06-21 23:44:05", "elapsed": 97.111537, "delta": 0.752883}}
{"target": -12.798230193495163, "params": {"C": 317.32627389124974, "gamma": 0.03818580641462404}, "datetime": {"datetime": "2021-06-21 23:44:06", "elapsed": 98.008993, "delta": 0.897456}}
{"target": -13.227322482809631, "params": {"C": 326.955856966488, "gamma": 0.014357885368135124}, "datetime": {"datetime": "2021-06-21 23:44:07", "elapsed": 98.92378, "delta": 0.914787}}
{"target": -12.68532206507873, "params": {"C": 354.676723590508, "gamma": 0.04359137748349939}, "datetime": {"datetime": "2021-06-21 23:44:08", "elapsed": 99.719624, "delta": 0.795844}}
{"target": -13.534083160408006, "params": {"C": 394.5596629866858, "gamma": 0.00927129958925331}, "datetime": {"datetime": "2021-06-21 23:44:08", "elapsed": 100.417864, "delta": 0.69824}}
{"target": -12.873893424859412, "params": {"C": 327.9819499129734, "gamma": 0.04703132193380193}, "datetime": {"datetime": "2021-06-21 23:44:09", "elapsed": 101.159798, "delta": 0.741934}}
{"target": -13.634510070959017, "params": {"C": 306.93158086651187, "gamma": 0.011455140563690968}, "datetime": {"datetime": "2021-06-21 23:44:10", "elapsed": 101.938571, "delta": 0.778773}}
{"target": -12.786898099141295, "params": {"C": 355.6446068144652, "gamma": 0.05}, "datetime": {"datetime": "2021-06-21 23:44:10", "elapsed": 102.679528, "delta": 0.740957}}
{"target": -12.73887783190702, "params": {"C": 337.7282678158561, "gamma": 0.04188359061189571}, "datetime": {"datetime": "2021-06-21 23:44:11", "elapsed": 103.318474, "delta": 0.638946}}
{"target": -12.880595776923656, "params": {"C": 326.17817321038734, "gamma": 0.021223783906011207}, "datetime": {"datetime": "2021-06-21 23:44:12", "elapsed": 104.054358, "delta": 0.735884}}
{"target": -12.887815032071318, "params": {"C": 301.33404790039367, "gamma": 0.037688020093613835}, "datetime": {"datetime": "2021-06-21 23:44:13", "elapsed": 105.017078, "delta": 0.96272}}
{"target": -12.945130629972907, "params": {"C": 390.5984030243262, "gamma": 0.014036645451161948}, "datetime": {"datetime": "2021-06-21 23:44:13", "elapsed": 105.67234, "delta": 0.655262}}
{"target": -12.616532487862084, "params": {"C": 390.77162827112943, "gamma": 0.0489741979812207}, "datetime": {"datetime": "2021-06-21 23:44:15", "elapsed": 106.863986, "delta": 1.191646}}
{"target": -13.669345738405998, "params": {"C": 377.9162023104332, "gamma": 0.009}, "datetime": {"datetime": "2021-06-21 23:44:16", "elapsed": 108.082107, "delta": 1.218121}}
{"target": -12.672953513433976, "params": {"C": 378.40918683378555, "gamma": 0.04935354557794151}, "datetime": {"datetime": "2021-06-21 23:44:17", "elapsed": 109.148288, "delta": 1.066181}}
{"target": -12.597643088032656, "params": {"C": 396.3710857711992, "gamma": 0.0491091599082159}, "datetime": {"datetime": "2021-06-21 23:44:18", "elapsed": 110.220343, "delta": 1.072055}}
{"target": -13.69724087984465, "params": {"C": 372.1440888868964, "gamma": 0.009}, "datetime": {"datetime": "2021-06-21 23:44:19", "elapsed": 111.525116, "delta": 1.304773}}
{"target": -12.534930308003926, "params": {"C": 377.9072436146368, "gamma": 0.03916845540356819}, "datetime": {"datetime": "2021-06-21 23:44:20", "elapsed": 112.158192, "delta": 0.633076}}
{"target": -12.56591264015617, "params": {"C": 362.14023208662, "gamma": 0.03474464257757249}, "datetime": {"datetime": "2021-06-21 23:44:21", "elapsed": 112.841459, "delta": 0.683267}}
{"target": -12.989611128426931, "params": {"C": 357.509993352785, "gamma": 0.015418790322810481}, "datetime": {"datetime": "2021-06-21 23:44:21", "elapsed": 113.517725, "delta": 0.676266}}
{"target": -12.534968807481436, "params": {"C": 377.80480909974756, "gamma": 0.039129959759009486}, "datetime": {"datetime": "2021-06-21 23:44:23", "elapsed": 114.72513, "delta": 1.207405}}
{"target": -12.419847741959266, "params": {"C": 399.48952957662925, "gamma": 0.03477657510886107}, "datetime": {"datetime": "2021-06-21 23:44:24", "elapsed": 116.109211, "delta": 1.384081}}
{"target": -12.454922442867181, "params": {"C": 395.9556926966427, "gamma": 0.038036140133179484}, "datetime": {"datetime": "2021-06-21 23:44:25", "elapsed": 117.257455, "delta": 1.148244}}
{"target": -12.517756920050113, "params": {"C": 389.78349716827427, "gamma": 0.024538255652725757}, "datetime": {"datetime": "2021-06-21 23:44:26", "elapsed": 118.515988, "delta": 1.258533}}
{"target": -13.041025773103367, "params": {"C": 399.8215375950614, "gamma": 0.012588978159146471}, "datetime": {"datetime": "2021-06-21 23:44:28", "elapsed": 119.750981, "delta": 1.234993}}
{"target": -12.862626432375468, "params": {"C": 392.20070121412783, "gamma": 0.015071868342844647}, "datetime": {"datetime": "2021-06-21 23:44:29", "elapsed": 120.996938, "delta": 1.245957}}
{"target": -12.547701176466289, "params": {"C": 385.8352321976095, "gamma": 0.04289358522023737}, "datetime": {"datetime": "2021-06-21 23:44:30", "elapsed": 122.487429, "delta": 1.490491}}
{"target": -12.57937826003808, "params": {"C": 388.4899715105365, "gamma": 0.022083489604835846}, "datetime": {"datetime": "2021-06-21 23:44:32", "elapsed": 123.784152, "delta": 1.296723}}
{"target": -12.828718211257986, "params": {"C": 396.78384254152127, "gamma": 0.015320678143417713}, "datetime": {"datetime": "2021-06-21 23:44:33", "elapsed": 124.841463, "delta": 1.057311}}
{"target": -12.973003768713554, "params": {"C": 392.52996902810173, "gamma": 0.013621019397100548}, "datetime": {"datetime": "2021-06-21 23:44:34", "elapsed": 125.999596, "delta": 1.158133}}
{"target": -12.45897487569211, "params": {"C": 397.23433800990097, "gamma": 0.03898784541616155}, "datetime": {"datetime": "2021-06-21 23:44:35", "elapsed": 127.150505, "delta": 1.150909}}
{"target": -12.435628033968737, "params": {"C": 394.03222436695455, "gamma": 0.03135233916628386}, "datetime": {"datetime": "2021-06-21 23:44:36", "elapsed": 128.372067, "delta": 1.221562}}
{"target": -13.636910055330254, "params": {"C": 350.6254764772731, "gamma": 0.009839259194346077}, "datetime": {"datetime": "2021-06-21 23:44:37", "elapsed": 129.03762, "delta": 0.665553}}
{"target": -12.523836238136635, "params": {"C": 374.4257990045894, "gamma": 0.028986549429265276}, "datetime": {"datetime": "2021-06-21 23:44:38", "elapsed": 130.255604, "delta": 1.217984}}
{"target": -12.68232472946957, "params": {"C": 360.41252947286335, "gamma": 0.04505898985101378}, "datetime": {"datetime": "2021-06-21 23:44:39", "elapsed": 131.546295, "delta": 1.290691}}
{"target": -12.474412009200817, "params": {"C": 391.71636066812755, "gamma": 0.026978270807348624}, "datetime": {"datetime": "2021-06-21 23:44:41", "elapsed": 132.926201, "delta": 1.379906}}
{"target": -13.16886948289783, "params": {"C": 393.4987314729991, "gamma": 0.011663787432841712}, "datetime": {"datetime": "2021-06-21 23:44:42", "elapsed": 133.96366, "delta": 1.037459}}
{"target": -12.603744510052127, "params": {"C": 383.67013418966667, "gamma": 0.02185147923522697}, "datetime": {"datetime": "2021-06-21 23:44:43", "elapsed": 135.382008, "delta": 1.418348}}
{"target": -12.640694579843615, "params": {"C": 374.89430131525535, "gamma": 0.021759555480056324}, "datetime": {"datetime": "2021-06-21 23:44:44", "elapsed": 136.659349, "delta": 1.277341}}
{"target": -12.683566269601041, "params": {"C": 339.94091676122713, "gamma": 0.03778098229434815}, "datetime": {"datetime": "2021-06-21 23:44:45", "elapsed": 137.37004, "delta": 0.710691}}
{"target": -12.826626961006573, "params": {"C": 393.09123638751385, "gamma": 0.015582577280461429}, "datetime": {"datetime": "2021-06-21 23:44:47", "elapsed": 138.890956, "delta": 1.520916}}
{"target": -12.702426705600493, "params": {"C": 389.40714113704337, "gamma": 0.018411366969504087}, "datetime": {"datetime": "2021-06-21 23:44:48", "elapsed": 140.143928, "delta": 1.252972}}
{"target": -12.451340264670552, "params": {"C": 391.2397100084924, "gamma": 0.03492300114378017}, "datetime": {"datetime": "2021-06-21 23:44:49", "elapsed": 141.502834, "delta": 1.358906}}
{"target": -12.552654240528573, "params": {"C": 376.5050618193539, "gamma": 0.025436402634426813}, "datetime": {"datetime": "2021-06-21 23:44:51", "elapsed": 143.093408, "delta": 1.590574}}
{"target": -12.524176813604354, "params": {"C": 377.4718072221298, "gamma": 0.037757159845725224}, "datetime": {"datetime": "2021-06-21 23:44:52", "elapsed": 144.696369, "delta": 1.602961}}
{"target": -12.6059027934932, "params": {"C": 384.31734632548483, "gamma": 0.046788736906075705}, "datetime": {"datetime": "2021-06-21 23:44:54", "elapsed": 146.049654, "delta": 1.353285}}
{"target": -12.511028617013137, "params": {"C": 374.0171618326612, "gamma": 0.03205821406212455}, "datetime": {"datetime": "2021-06-21 23:44:55", "elapsed": 147.627006, "delta": 1.577352}}
{"target": -12.517712351547743, "params": {"C": 386.2226977876114, "gamma": 0.04053909068016987}, "datetime": {"datetime": "2021-06-21 23:44:57", "elapsed": 148.943316, "delta": 1.31631}}
{"target": -13.574917035151197, "params": {"C": 398.151732895715, "gamma": 0.009}, "datetime": {"datetime": "2021-06-21 23:44:58", "elapsed": 150.503038, "delta": 1.559722}}
{"target": -12.467821408566305, "params": {"C": 384.76689297934246, "gamma": 0.033077053980650584}, "datetime": {"datetime": "2021-06-21 23:45:00", "elapsed": 151.793975, "delta": 1.290937}}
{"target": -12.770292413525508, "params": {"C": 351.100134949557, "gamma": 0.04772424465784767}, "datetime": {"datetime": "2021-06-21 23:45:01", "elapsed": 153.181317, "delta": 1.387342}}
{"target": -12.72838767414256, "params": {"C": 366.5062218143098, "gamma": 0.04953883189344127}, "datetime": {"datetime": "2021-06-21 23:45:02", "elapsed": 154.677888, "delta": 1.496571}}
{"target": -12.633123104138663, "params": {"C": 371.5353545204276, "gamma": 0.04505804883982637}, "datetime": {"datetime": "2021-06-21 23:45:04", "elapsed": 156.000195, "delta": 1.322307}}
{"target": -12.571570945909313, "params": {"C": 379.80157560323636, "gamma": 0.04290561018863991}, "datetime": {"datetime": "2021-06-21 23:45:05", "elapsed": 157.208347, "delta": 1.208152}}
{"target": -12.586703029762209, "params": {"C": 385.3984834355053, "gamma": 0.04570926234832222}, "datetime": {"datetime": "2021-06-21 23:45:06", "elapsed": 158.403383, "delta": 1.195036}}
{"target": -13.741159205579809, "params": {"C": 363.23902372854906, "gamma": 0.009}, "datetime": {"datetime": "2021-06-21 23:45:08", "elapsed": 160.011385, "delta": 1.608002}}
{"target": -12.566875615517453, "params": {"C": 370.1038476206692, "gamma": 0.03922638864259965}, "datetime": {"datetime": "2021-06-21 23:45:09", "elapsed": 161.403825, "delta": 1.39244}}
{"target": -12.612399498374172, "params": {"C": 388.9085182639414, "gamma": 0.04834902292809314}, "datetime": {"datetime": "2021-06-21 23:45:10", "elapsed": 162.623908, "delta": 1.220083}}
{"target": -12.700442367462514, "params": {"C": 337.2151499007291, "gamma": 0.038303385048006705}, "datetime": {"datetime": "2021-06-21 23:45:12", "elapsed": 163.917983, "delta": 1.294075}}
{"target": -13.322043731950222, "params": {"C": 331.5514339274706, "gamma": 0.013014467997698433}, "datetime": {"datetime": "2021-06-21 23:45:13", "elapsed": 165.499542, "delta": 1.581559}}
