{"target": -14.034997625911222, "params": {"C": 174.74912655098967, "gamma": 0.034382366287515086}, "datetime": {"datetime": "2021-06-21 23:17:28", "elapsed": 75.335625, "delta": 0.539997}}
{"target": -14.725903376272928, "params": {"C": 135.1046232962711, "gamma": 0.02493405737958858}, "datetime": {"datetime": "2021-06-21 23:17:29", "elapsed": 76.438309, "delta": 1.102684}}
{"target": -14.702951583879404, "params": {"C": 145.46944721597256, "gamma": 0.04504284075704389}, "datetime": {"datetime": "2021-06-21 23:17:30", "elapsed": 77.42217, "delta": 0.983861}}
{"target": -16.25648077954311, "params": {"C": 112.8803567016943, "gamma": 0.009545710040643657}, "datetime": {"datetime": "2021-06-21 23:17:31", "elapsed": 78.26586, "delta": 0.84369}}
{"target": -15.210553751808185, "params": {"C": 162.3576880581774, "gamma": 0.010473998411869785}, "datetime": {"datetime": "2021-06-21 23:17:32", "elapsed": 79.02986, "delta": 0.764}}
{"target": -14.472856016523385, "params": {"C": 146.66453217088423, "gamma": 0.02942883674300678}, "datetime": {"datetime": "2021-06-21 23:17:33", "elapsed": 79.878725, "delta": 0.848865}}
{"target": -14.825738179291706, "params": {"C": 138.536512748375, "gamma": 0.04445813884478138}, "datetime": {"datetime": "2021-06-21 23:17:33", "elapsed": 80.452404, "delta": 0.573679}}
{"target": -16.415838956587418, "params": {"C": 110.78366496386545, "gamma": 0.009}, "datetime": {"datetime": "2021-06-21 23:17:34", "elapsed": 81.286413, "delta": 0.834009}}
{"target": -14.36809590408941, "params": {"C": 152.9322641234952, "gamma": 0.0273828500849082}, "datetime": {"datetime": "2021-06-21 23:17:35", "elapsed": 82.137564, "delta": 0.851151}}
{"target": -15.298728644930632, "params": {"C": 125.84591635913077, "gamma": 0.014969687550851474}, "datetime": {"datetime": "2021-06-21 23:17:36", "elapsed": 82.98463, "delta": 0.847066}}
{"target": -15.317105149952177, "params": {"C": 164.71979013924567, "gamma": 0.009719200495376914}, "datetime": {"datetime": "2021-06-21 23:17:36", "elapsed": 83.573435, "delta": 0.588805}}
{"target": -15.355269044901195, "params": {"C": 144.2064964944503, "gamma": 0.011282424613756632}, "datetime": {"datetime": "2021-06-21 23:17:37", "elapsed": 84.578318, "delta": 1.004883}}
{"target": -14.4506269992488, "params": {"C": 148.1269580220911, "gamma": 0.02783831935236105}, "datetime": {"datetime": "2021-06-21 23:17:38", "elapsed": 85.420998, "delta": 0.84268}}
{"target": -16.06257886052568, "params": {"C": 127.80005180930951, "gamma": 0.009}, "datetime": {"datetime": "2021-06-21 23:17:39", "elapsed": 86.480156, "delta": 1.059158}}
{"target": -15.131016273274629, "params": {"C": 115.88960434859528, "gamma": 0.02754143692709026}, "datetime": {"datetime": "2021-06-21 23:17:40", "elapsed": 87.380432, "delta": 0.900276}}
{"target": -14.715890129925652, "params": {"C": 137.63563209663948, "gamma": 0.022854831370089528}, "datetime": {"datetime": "2021-06-21 23:17:41", "elapsed": 88.234682, "delta": 0.85425}}
{"target": -14.64630225005496, "params": {"C": 151.9801833213585, "gamma": 0.047790714165235795}, "datetime": {"datetime": "2021-06-21 23:17:42", "elapsed": 89.107214, "delta": 0.872532}}
{"target": -15.057123452366747, "params": {"C": 119.46188177075103, "gamma": 0.03327456834158107}, "datetime": {"datetime": "2021-06-21 23:17:43", "elapsed": 90.064903, "delta": 0.957689}}
{"target": -14.89436306787593, "params": {"C": 142.62886767581352, "gamma": 0.01632618982726352}, "datetime": {"datetime": "2021-06-21 23:17:44", "elapsed": 91.218682, "delta": 1.153779}}
{"target": -14.538772404203936, "params": {"C": 155.29702605523815, "gamma": 0.045532909623448754}, "datetime": {"datetime": "2021-06-21 23:17:45", "elapsed": 92.268858, "delta": 1.050176}}
{"target": -16.1717725227984, "params": {"C": 100.82279835415622, "gamma": 0.011832816716566837}, "datetime": {"datetime": "2021-06-21 23:17:46", "elapsed": 93.062496, "delta": 0.793638}}
{"target": -15.111012476654473, "params": {"C": 117.74831744653905, "gamma": 0.03461507547093844}, "datetime": {"datetime": "2021-06-21 23:17:47", "elapsed": 93.995347, "delta": 0.932851}}
{"target": -14.800269050218573, "params": {"C": 131.9753453138368, "gamma": 0.024199045792858094}, "datetime": {"datetime": "2021-06-21 23:17:48", "elapsed": 95.186298, "delta": 1.190951}}
{"target": -14.850987834453369, "params": {"C": 133.4294550122806, "gamma": 0.04104999670085098}, "datetime": {"datetime": "2021-06-21 23:17:49", "elapsed": 95.946776, "delta": 0.760478}}
{"target": -13.91358742822052, "params": {"C": 197.2544754977837, "gamma": 0.04489020377338911}, "datetime": {"datetime": "2021-06-21 23:17:50", "elapsed": 96.963598, "delta": 1.016822}}
{"target": -13.947616792139259, "params": {"C": 185.9661320163799, "gamma": 0.039007033311588}, "datetime": {"datetime": "2021-06-21 23:17:50", "elapsed": 97.571433, "delta": 0.607835}}
{"target": -14.11857015352319, "params": {"C": 186.1289895967434, "gamma": 0.01870007972999555}, "datetime": {"datetime": "2021-06-21 23:17:51", "elapsed": 98.52243, "delta": 0.950997}}
{"target": -13.972569164429476, "params": {"C": 196.99417575602598, "gamma": 0.047496559450721294}, "datetime": {"datetime": "2021-06-21 23:17:52", "elapsed": 99.389391, "delta": 0.866961}}
{"target": -14.605970177793534, "params": {"C": 179.7581490670786, "gamma": 0.013031433847493112}, "datetime": {"datetime": "2021-06-21 23:17:53", "elapsed": 100.511488, "delta": 1.122097}}
{"target": -14.23114185797669, "params": {"C": 177.90405735763295, "gamma": 0.047645896615288785}, "datetime": {"datetime": "2021-06-21 23:17:54", "elapsed": 101.53762, "delta": 1.026132}}
{"target": -15.1878973153699, "params": {"C": 139.09689269539493, "gamma": 0.013332964105065785}, "datetime": {"datetime": "2021-06-21 23:17:55", "elapsed": 102.433449, "delta": 0.895829}}
{"target": -16.010042019945807, "params": {"C": 130.6847922274384, "gamma": 0.009}, "datetime": {"datetime": "2021-06-21 23:17:56", "elapsed": 103.328425, "delta": 0.894976}}
{"target": -15.696658461145907, "params": {"C": 149.12657989297134, "gamma": 0.009}, "datetime": {"datetime": "2021-06-21 23:17:57", "elapsed": 104.511345, "delta": 1.18292}}
{"target": -14.972841142350257, "params": {"C": 149.84415839393534, "gamma": 0.013703685010832831}, "datetime": {"datetime": "2021-06-21 23:17:58", "elapsed": 105.547714, "delta": 1.036369}}
{"target": -13.714297594259634, "params": {"C": 199.54881037529307, "gamma": 0.03469158013395312}, "datetime": {"datetime": "2021-06-21 23:17:59", "elapsed": 106.621276, "delta": 1.073562}}
{"target": -14.920522614041754, "params": {"C": 199.32820205681463, "gamma": 0.009496476686234531}, "datetime": {"datetime": "2021-06-21 23:18:00", "elapsed": 107.494329, "delta": 0.873053}}
{"target": -13.858165899505623, "params": {"C": 199.7358510452484, "gamma": 0.04366654695148164}, "datetime": {"datetime": "2021-06-21 23:18:02", "elapsed": 109.201785, "delta": 1.707456}}
{"target": -15.936463206076946, "params": {"C": 129.4639513245817, "gamma": 0.00947333503307853}, "datetime": {"datetime": "2021-06-21 23:18:03", "elapsed": 110.407288, "delta": 1.205503}}
{"target": -15.864589449188458, "params": {"C": 104.86256807891199, "gamma": 0.013743530842417587}, "datetime": {"datetime": "2021-06-21 23:18:04", "elapsed": 111.435115, "delta": 1.027827}}
{"target": -15.429308941072051, "params": {"C": 107.6711759297506, "gamma": 0.03823979374601328}, "datetime": {"datetime": "2021-06-21 23:18:05", "elapsed": 112.475586, "delta": 1.040471}}
{"target": -15.423434664223947, "params": {"C": 106.25554879659907, "gamma": 0.03512116111373448}, "datetime": {"datetime": "2021-06-21 23:18:06", "elapsed": 113.599178, "delta": 1.123592}}
{"target": -15.581495997989595, "params": {"C": 103.44491276243457, "gamma": 0.03977463590035355}, "datetime": {"datetime": "2021-06-21 23:18:07", "elapsed": 114.479835, "delta": 0.880657}}
{"target": -15.262068713210569, "params": {"C": 134.61745243153163, "gamma": 0.013388931919819578}, "datetime": {"datetime": "2021-06-21 23:18:08", "elapsed": 115.356686, "delta": 0.876851}}
{"target": -15.022392062597618, "params": {"C": 135.58426828213214, "gamma": 0.05}, "datetime": {"datetime": "2021-06-21 23:18:09", "elapsed": 116.263978, "delta": 0.907292}}
{"target": -15.647880079617826, "params": {"C": 109.12270413475285, "gamma": 0.05}, "datetime": {"datetime": "2021-06-21 23:18:10", "elapsed": 117.164558, "delta": 0.90058}}
{"target": -14.78167258199814, "params": {"C": 137.72826781585613, "gamma": 0.04188359061189571}, "datetime": {"datetime": "2021-06-21 23:18:10", "elapsed": 117.813559, "delta": 0.649001}}
{"target": -15.295936911306493, "params": {"C": 123.1663803118424, "gamma": 0.05}, "datetime": {"datetime": "2021-06-21 23:18:12", "elapsed": 118.96924, "delta": 1.155681}}
{"target": -15.107057529788298, "params": {"C": 124.28925586054257, "gamma": 0.04346757027244888}, "datetime": {"datetime": "2021-06-21 23:18:13", "elapsed": 120.141455, "delta": 1.172215}}
{"target": -14.375260293223882, "params": {"C": 190.59840302432625, "gamma": 0.014036645451161948}, "datetime": {"datetime": "2021-06-21 23:18:13", "elapsed": 120.796768, "delta": 0.655313}}
{"target": -15.280585838571401, "params": {"C": 150.5181746156594, "gamma": 0.011114874777776562}, "datetime": {"datetime": "2021-06-21 23:18:15", "elapsed": 122.058459, "delta": 1.261691}}
{"target": -14.092426289137086, "params": {"C": 190.80947456502219, "gamma": 0.049400013003511746}, "datetime": {"datetime": "2021-06-21 23:18:16", "elapsed": 123.086369, "delta": 1.02791}}
{"target": -14.006376760914355, "params": {"C": 190.1469470636339, "gamma": 0.045013355161088335}, "datetime": {"datetime": "2021-06-21 23:18:17", "elapsed": 124.071134, "delta": 0.984765}}
{"target": -14.390825366912246, "params": {"C": 151.15838947674496, "gamma": 0.030433876958465347}, "datetime": {"datetime": "2021-06-21 23:18:18", "elapsed": 125.073807, "delta": 1.002673}}
{"target": -14.131469922066852, "params": {"C": 182.14019508354903, "gamma": 0.04576745504352566}, "datetime": {"datetime": "2021-06-21 23:18:19", "elapsed": 126.280277, "delta": 1.20647}}
{"target": -14.062005199576195, "params": {"C": 177.9072436146368, "gamma": 0.03916845540356819}, "datetime": {"datetime": "2021-06-21 23:18:20", "elapsed": 126.935875, "delta": 0.655598}}
{"target": -14.229308629750129, "params": {"C": 162.14023208662005, "gamma": 0.03474464257757249}, "datetime": {"datetime": "2021-06-21 23:18:20", "elapsed": 127.612878, "delta": 0.677003}}
{"target": -14.712622768633068, "params": {"C": 157.509993352785, "gamma": 0.015418790322810481}, "datetime": {"datetime": "2021-06-21 23:18:21", "elapsed": 128.275882, "delta": 0.663004}}
{"target": -14.057037227159736, "params": {"C": 191.15208529748182, "gamma": 0.04799804921131151}, "datetime": {"datetime": "2021-06-21 23:18:22", "elapsed": 129.645533, "delta": 1.369651}}
{"target": -14.33952945775727, "params": {"C": 171.6736365370577, "gamma": 0.018129468769390502}, "datetime": {"datetime": "2021-06-21 23:18:24", "elapsed": 131.477614, "delta": 1.832081}}
{"target": -14.074202345440428, "params": {"C": 171.26377158953974, "gamma": 0.032485723458699975}, "datetime": {"datetime": "2021-06-21 23:18:25", "elapsed": 132.494811, "delta": 1.017197}}
{"target": -14.021205575453482, "params": {"C": 197.4973407641008, "gamma": 0.05}, "datetime": {"datetime": "2021-06-21 23:18:26", "elapsed": 133.759727, "delta": 1.264916}}
{"target": -14.898522049631573, "params": {"C": 169.84395906452642, "gamma": 0.011710401262869012}, "datetime": {"datetime": "2021-06-21 23:18:28", "elapsed": 135.006279, "delta": 1.246552}}
{"target": -14.911424254451786, "params": {"C": 169.38823138264803, "gamma": 0.01166887205449979}, "datetime": {"datetime": "2021-06-21 23:18:29", "elapsed": 136.159458, "delta": 1.153179}}
{"target": -13.868099774370709, "params": {"C": 187.4295035348659, "gamma": 0.028171728248020077}, "datetime": {"datetime": "2021-06-21 23:18:30", "elapsed": 137.617421, "delta": 1.457963}}
{"target": -14.916744542109308, "params": {"C": 170.35348157574253, "gamma": 0.011547959191632916}, "datetime": {"datetime": "2021-06-21 23:18:31", "elapsed": 138.763963, "delta": 1.146542}}
{"target": -14.29491992616333, "params": {"C": 157.8365857750289, "gamma": 0.026872689123281078}, "datetime": {"datetime": "2021-06-21 23:18:33", "elapsed": 139.86712, "delta": 1.103157}}
{"target": -14.853002823784433, "params": {"C": 178.84414943787505, "gamma": 0.011225044849058168}, "datetime": {"datetime": "2021-06-21 23:18:34", "elapsed": 140.916956, "delta": 1.049836}}
{"target": -14.474335515623265, "params": {"C": 147.77727665910692, "gamma": 0.03524704153516327}, "datetime": {"datetime": "2021-06-21 23:18:35", "elapsed": 141.976363, "delta": 1.059407}}
{"target": -14.944362869626193, "params": {"C": 147.02925818604027, "gamma": 0.014570143696505118}, "datetime": {"datetime": "2021-06-21 23:18:36", "elapsed": 143.404838, "delta": 1.428475}}
{"target": -15.501116680603126, "params": {"C": 150.6254764772731, "gamma": 0.009839259194346077}, "datetime": {"datetime": "2021-06-21 23:18:37", "elapsed": 144.10037, "delta": 0.695532}}
{"target": -15.094288156282538, "params": {"C": 122.07379744003399, "gamma": 0.020454481063928078}, "datetime": {"datetime": "2021-06-21 23:18:38", "elapsed": 145.147416, "delta": 1.047046}}
{"target": -14.718240804913805, "params": {"C": 140.008700894792, "gamma": 0.021215314948304257}, "datetime": {"datetime": "2021-06-21 23:18:39", "elapsed": 146.443127, "delta": 1.295711}}
{"target": -14.320475582020578, "params": {"C": 167.91829637119534, "gamma": 0.044818927303577026}, "datetime": {"datetime": "2021-06-21 23:18:40", "elapsed": 147.677356, "delta": 1.234229}}
{"target": -15.996676754907185, "params": {"C": 120.9213846283088, "gamma": 0.010022433684642883}, "datetime": {"datetime": "2021-06-21 23:18:41", "elapsed": 148.758852, "delta": 1.081496}}
{"target": -15.216792969273435, "params": {"C": 141.12891754379007, "gamma": 0.01268297549164429}, "datetime": {"datetime": "2021-06-21 23:18:43", "elapsed": 150.190907, "delta": 1.432055}}
{"target": -15.224118383024631, "params": {"C": 164.17391641570467, "gamma": 0.010253694049807737}, "datetime": {"datetime": "2021-06-21 23:18:44", "elapsed": 151.388074, "delta": 1.197167}}
{"target": -14.654036396638661, "params": {"C": 139.94091676122716, "gamma": 0.03778098229434815}, "datetime": {"datetime": "2021-06-21 23:18:45", "elapsed": 152.124288, "delta": 0.736214}}
{"target": -14.199277985627493, "params": {"C": 183.71531946226293, "gamma": 0.05}, "datetime": {"datetime": "2021-06-21 23:18:46", "elapsed": 153.55761, "delta": 1.433322}}
{"target": -15.6054970579532, "params": {"C": 154.93536068990886, "gamma": 0.00900632097437091}, "datetime": {"datetime": "2021-06-21 23:18:47", "elapsed": 154.829649, "delta": 1.272039}}
{"target": -15.185429533026479, "params": {"C": 115.3862330912914, "gamma": 0.03606294997938446}, "datetime": {"datetime": "2021-06-21 23:18:49", "elapsed": 155.984673, "delta": 1.155024}}
{"target": -14.323363388958802, "params": {"C": 173.17870251418236, "gamma": 0.04870896464059363}, "datetime": {"datetime": "2021-06-21 23:18:50", "elapsed": 157.503131, "delta": 1.518458}}
{"target": -15.520059701937969, "params": {"C": 160.76095045565052, "gamma": 0.009}, "datetime": {"datetime": "2021-06-21 23:18:52", "elapsed": 158.926992, "delta": 1.423861}}
{"target": -14.537970257977308, "params": {"C": 154.09729589485516, "gamma": 0.04456646751829775}, "datetime": {"datetime": "2021-06-21 23:18:53", "elapsed": 160.239832, "delta": 1.31284}}
{"target": -14.889888403605198, "params": {"C": 126.36438663325605, "gamma": 0.02707218535440583}, "datetime": {"datetime": "2021-06-21 23:18:54", "elapsed": 161.64261, "delta": 1.402778}}
{"target": -15.28786718080152, "params": {"C": 116.38642153231567, "gamma": 0.018649740318271584}, "datetime": {"datetime": "2021-06-21 23:18:56", "elapsed": 162.901887, "delta": 1.259277}}
{"target": -15.038388407316038, "params": {"C": 125.341403003766, "gamma": 0.041523764108328656}, "datetime": {"datetime": "2021-06-21 23:18:57", "elapsed": 164.351806, "delta": 1.449919}}
{"target": -14.780132819374062, "params": {"C": 148.42572523755518, "gamma": 0.016588932752203092}, "datetime": {"datetime": "2021-06-21 23:18:58", "elapsed": 165.557882, "delta": 1.206076}}
{"target": -15.489971606741914, "params": {"C": 137.25145461638175, "gamma": 0.011186276242749173}, "datetime": {"datetime": "2021-06-21 23:18:59", "elapsed": 166.739892, "delta": 1.18201}}
{"target": -14.394700158153197, "params": {"C": 177.3697635628629, "gamma": 0.01590385556573971}, "datetime": {"datetime": "2021-06-21 23:19:01", "elapsed": 168.386886, "delta": 1.646994}}
{"target": -15.055770521990237, "params": {"C": 119.00785030170199, "gamma": 0.03137900905434705}, "datetime": {"datetime": "2021-06-21 23:19:02", "elapsed": 169.689277, "delta": 1.302391}}
{"target": -15.395749983290264, "params": {"C": 113.45556896726, "gamma": 0.04443301454819996}, "datetime": {"datetime": "2021-06-21 23:19:03", "elapsed": 170.70336, "delta": 1.014083}}
{"target": -14.673344750969704, "params": {"C": 145.1167785269237, "gamma": 0.019908986420470537}, "datetime": {"datetime": "2021-06-21 23:19:04", "elapsed": 171.744447, "delta": 1.041087}}
{"target": -15.99286813205202, "params": {"C": 128.36084909179672, "gamma": 0.009291703879335396}, "datetime": {"datetime": "2021-06-21 23:19:06", "elapsed": 173.188211, "delta": 1.443764}}
{"target": -15.055770265624826, "params": {"C": 127.2517184648137, "gamma": 0.04409110853734418}, "datetime": {"datetime": "2021-06-21 23:19:07", "elapsed": 174.476476, "delta": 1.288265}}
{"target": -14.648607886205106, "params": {"C": 155.59096477789208, "gamma": 0.01684440726586498}, "datetime": {"datetime": "2021-06-21 23:19:09", "elapsed": 175.861635, "delta": 1.385159}}
{"target": -15.853118991541141, "params": {"C": 102.2282195206208, "gamma": 0.05}, "datetime": {"datetime": "2021-06-21 23:19:10", "elapsed": 177.134508, "delta": 1.272873}}
{"target": -15.3963029029579, "params": {"C": 119.90128679272892, "gamma": 0.01533355928465101}, "datetime": {"datetime": "2021-06-21 23:19:12", "elapsed": 179.687871, "delta": 2.553363}}
{"target": -15.127688628663352, "params": {"C": 127.72267691221265, "gamma": 0.017053335402633964}, "datetime": {"datetime": "2021-06-21 23:19:13", "elapsed": 180.461455, "delta": 0.773584}}
{"target": -14.215447413598314, "params": {"C": 175.94173685934516, "gamma": 0.045537332823660556}, "datetime": {"datetime": "2021-06-21 23:19:14", "elapsed": 181.539152, "delta": 1.077697}}
{"target": -15.128488735795361, "params": {"C": 160.17245667320392, "gamma": 0.01114498553755448}, "datetime": {"datetime": "2021-06-21 23:19:15", "elapsed": 182.832448, "delta": 1.293296}}
{"target": -14.684920978700571, "params": {"C": 143.02851055796756, "gamma": 0.042207688844020215}, "datetime": {"datetime": "2021-06-21 23:19:17", "elapsed": 183.961479, "delta": 1.129031}}
{"target": -15.271360647160032, "params": {"C": 112.3045181361883, "gamma": 0.036535856946498725}, "datetime": {"datetime": "2021-06-21 23:19:18", "elapsed": 185.485751, "delta": 1.524272}}
{"target": -14.87850741953526, "params": {"C": 142.23445463641147, "gamma": 0.0496701383872582}, "datetime": {"datetime": "2021-06-21 23:19:19", "elapsed": 186.725303, "delta": 1.239552}}
{"target": -13.85956614432666, "params": {"C": 186.90100824007732, "gamma": 0.03282723860349097}, "datetime": {"datetime": "2021-06-21 23:19:20", "elapsed": 187.548673, "delta": 0.82337}}
{"target": -15.402919407101201, "params": {"C": 111.36232476611622, "gamma": 0.04210830412980227}, "datetime": {"datetime": "2021-06-21 23:19:22", "elapsed": 189.182672, "delta": 1.633999}}
{"target": -15.51504166865275, "params": {"C": 110.21563881878959, "gamma": 0.04580343934427745}, "datetime": {"datetime": "2021-06-21 23:19:23", "elapsed": 190.386449, "delta": 1.203777}}
{"target": -14.846347368775724, "params": {"C": 146.38746387684438, "gamma": 0.016076801928870742}, "datetime": {"datetime": "2021-06-21 23:19:25", "elapsed": 192.142448, "delta": 1.755999}}
{"target": -15.279101009752837, "params": {"C": 123.39766091416335, "gamma": 0.049549438446084025}, "datetime": {"datetime": "2021-06-21 23:19:26", "elapsed": 192.961449, "delta": 0.819001}}
{"target": -14.494260733821104, "params": {"C": 145.79278034194624, "gamma": 0.02770313461259477}, "datetime": {"datetime": "2021-06-21 23:19:27", "elapsed": 194.373147, "delta": 1.411698}}
{"target": -14.755006806626318, "params": {"C": 143.7673578149509, "gamma": 0.04584402357018902}, "datetime": {"datetime": "2021-06-21 23:19:29", "elapsed": 195.988052, "delta": 1.614905}}
{"target": -14.589969551640811, "params": {"C": 161.32367049139327, "gamma": 0.016361665934492363}, "datetime": {"datetime": "2021-06-21 23:19:30", "elapsed": 197.767697, "delta": 1.779645}}
{"target": -14.591854363406952, "params": {"C": 156.95766840990666, "gamma": 0.01745651495864637}, "datetime": {"datetime": "2021-06-21 23:19:32", "elapsed": 199.288824, "delta": 1.521127}}
{"target": -14.246303603180344, "params": {"C": 162.98570564593055, "gamma": 0.024848655343488513}, "datetime": {"datetime": "2021-06-21 23:19:33", "elapsed": 200.389299, "delta": 1.100475}}
{"target": -14.480913044389842, "params": {"C": 146.2732645562429, "gamma": 0.03155451244919843}, "datetime": {"datetime": "2021-06-21 23:19:34", "elapsed": 201.2113, "delta": 0.822001}}
{"target": -15.75106345890781, "params": {"C": 133.07471835272014, "gamma": 0.010098302328307251}, "datetime": {"datetime": "2021-06-21 23:19:35", "elapsed": 202.536346, "delta": 1.325046}}
{"target": -14.787196746079873, "params": {"C": 132.3381139762889, "gamma": 0.03651685191491646}, "datetime": {"datetime": "2021-06-21 23:19:37", "elapsed": 204.024897, "delta": 1.488551}}
{"target": -14.838953794113063, "params": {"C": 131.6207952602276, "gamma": 0.022529453104581917}, "datetime": {"datetime": "2021-06-21 23:19:38", "elapsed": 205.49599, "delta": 1.471093}}
