{"target": -12.910636996820749, "params": {"C": 296.53942653155514, "gamma": 0.03698884213037308}, "datetime": {"datetime": "2021-06-21 23:32:15", "elapsed": 119.378368, "delta": 1.209167}}
{"target": -12.981742348546934, "params": {"C": 293.1925812384727, "gamma": 0.04108477316018304}, "datetime": {"datetime": "2021-06-21 23:32:16", "elapsed": 120.422196, "delta": 1.043828}}
{"target": -13.28792008173528, "params": {"C": 268.2233118048871, "gamma": 0.049043612519595506}, "datetime": {"datetime": "2021-06-21 23:32:17", "elapsed": 121.448518, "delta": 1.026322}}
{"target": -13.817839319852157, "params": {"C": 243.66362793211812, "gamma": 0.014132932121770945}, "datetime": {"datetime": "2021-06-21 23:32:18", "elapsed": 122.407349, "delta": 0.958831}}
{"target": -13.100438153981237, "params": {"C": 286.13521575357413, "gamma": 0.04594814351939367}, "datetime": {"datetime": "2021-06-21 23:32:19", "elapsed": 123.506452, "delta": 1.099103}}
{"target": -13.222290862761877, "params": {"C": 266.5958586679525, "gamma": 0.04460954829828721}, "datetime": {"datetime": "2021-06-21 23:32:20", "elapsed": 124.28281, "delta": 0.776358}}
{"target": -13.221600219476965, "params": {"C": 258.7894728436405, "gamma": 0.040601054483990554}, "datetime": {"datetime": "2021-06-21 23:32:21", "elapsed": 125.027584, "delta": 0.744774}}
{"target": -13.59522286302477, "params": {"C": 257.509993352785, "gamma": 0.015418790322810481}, "datetime": {"datetime": "2021-06-21 23:32:21", "elapsed": 125.702585, "delta": 0.675001}}
{"target": -13.717581174103127, "params": {"C": 217.2880180135038, "gamma": 0.046639526949974704}, "datetime": {"datetime": "2021-06-21 23:32:22", "elapsed": 126.809057, "delta": 1.106472}}
{"target": -13.675826449350772, "params": {"C": 289.2704962251829, "gamma": 0.012067587832721507}, "datetime": {"datetime": "2021-06-21 23:32:24", "elapsed": 127.994508, "delta": 1.185451}}
{"target": -13.368126041123812, "params": {"C": 287.3599185187654, "gamma": 0.015625750619276336}, "datetime": {"datetime": "2021-06-21 23:32:25", "elapsed": 129.010977, "delta": 1.016469}}
{"target": -13.110432871817007, "params": {"C": 295.6195729220852, "gamma": 0.05}, "datetime": {"datetime": "2021-06-21 23:32:26", "elapsed": 129.981152, "delta": 0.970175}}
{"target": -13.285232592912674, "params": {"C": 273.5640914691045, "gamma": 0.01861742793619806}, "datetime": {"datetime": "2021-06-21 23:32:27", "elapsed": 131.002331, "delta": 1.021179}}
{"target": -13.382365415382088, "params": {"C": 259.47060786685705, "gamma": 0.05}, "datetime": {"datetime": "2021-06-21 23:32:28", "elapsed": 132.036331, "delta": 1.034}}
{"target": -14.04590187118606, "params": {"C": 281.62660932309257, "gamma": 0.010014183484132739}, "datetime": {"datetime": "2021-06-21 23:32:29", "elapsed": 133.254141, "delta": 1.21781}}
{"target": -13.193600296013939, "params": {"C": 281.15375668765, "gamma": 0.04913426757653589}, "datetime": {"datetime": "2021-06-21 23:32:30", "elapsed": 134.726134, "delta": 1.471993}}
{"target": -13.664252079989971, "params": {"C": 271.36188157169755, "gamma": 0.01337301697958316}, "datetime": {"datetime": "2021-06-21 23:32:31", "elapsed": 135.894168, "delta": 1.168034}}
{"target": -13.410586268820865, "params": {"C": 239.3063411620857, "gamma": 0.0422429722978489}, "datetime": {"datetime": "2021-06-21 23:32:32", "elapsed": 136.793334, "delta": 0.899166}}
{"target": -13.255232334223594, "params": {"C": 262.45755151640554, "gamma": 0.04463372299535903}, "datetime": {"datetime": "2021-06-21 23:32:33", "elapsed": 137.618381, "delta": 0.825047}}
{"target": -13.988951652176285, "params": {"C": 207.88097749038326, "gamma": 0.016464841363247038}, "datetime": {"datetime": "2021-06-21 23:32:34", "elapsed": 138.654825, "delta": 1.036444}}
{"target": -14.24494747983255, "params": {"C": 238.24314177415005, "gamma": 0.01091746757171902}, "datetime": {"datetime": "2021-06-21 23:32:35", "elapsed": 139.651125, "delta": 0.9963}}
{"target": -13.150315361321091, "params": {"C": 286.7891232836095, "gamma": 0.048952156811027964}, "datetime": {"datetime": "2021-06-21 23:32:36", "elapsed": 140.701776, "delta": 1.050651}}
{"target": -13.03823459729979, "params": {"C": 294.6332024300451, "gamma": 0.021715342469819685}, "datetime": {"datetime": "2021-06-21 23:32:37", "elapsed": 141.717654, "delta": 1.015878}}
{"target": -13.18954905881241, "params": {"C": 284.1342229369726, "gamma": 0.05}, "datetime": {"datetime": "2021-06-21 23:32:38", "elapsed": 142.792259, "delta": 1.074605}}
{"target": -13.259022558820742, "params": {"C": 289.8101026280028, "gamma": 0.01704966748456288}, "datetime": {"datetime": "2021-06-21 23:32:39", "elapsed": 143.891363, "delta": 1.099104}}
{"target": -14.638016940684828, "params": {"C": 236.5172177499947, "gamma": 0.009}, "datetime": {"datetime": "2021-06-21 23:32:41", "elapsed": 145.013696, "delta": 1.122333}}
{"target": -13.400122732835449, "params": {"C": 235.90312914658224, "gamma": 0.03952932400578068}, "datetime": {"datetime": "2021-06-21 23:32:42", "elapsed": 146.101896, "delta": 1.0882}}
{"target": -13.341414693014006, "params": {"C": 239.94091676122716, "gamma": 0.03778098229434815}, "datetime": {"datetime": "2021-06-21 23:32:42", "elapsed": 146.796051, "delta": 0.694155}}
{"target": -13.389294176776906, "params": {"C": 237.06363783997799, "gamma": 0.02448154743241459}, "datetime": {"datetime": "2021-06-21 23:32:43", "elapsed": 147.923966, "delta": 1.127915}}
{"target": -13.323242665391453, "params": {"C": 252.57448862380124, "gamma": 0.043896563605405337}, "datetime": {"datetime": "2021-06-21 23:32:44", "elapsed": 148.884636, "delta": 0.96067}}
{"target": -13.270156439413686, "params": {"C": 273.0254575469913, "gamma": 0.05}, "datetime": {"datetime": "2021-06-21 23:32:45", "elapsed": 149.780685, "delta": 0.896049}}
{"target": -14.042204614701381, "params": {"C": 280.3352046928204, "gamma": 0.010083998129275204}, "datetime": {"datetime": "2021-06-21 23:32:47", "elapsed": 151.29875, "delta": 1.518065}}
{"target": -14.516907335060486, "params": {"C": 249.87359171934335, "gamma": 0.009}, "datetime": {"datetime": "2021-06-21 23:32:48", "elapsed": 152.859076, "delta": 1.560326}}
{"target": -13.214009812454139, "params": {"C": 250.45003183339242, "gamma": 0.0331935654905306}, "datetime": {"datetime": "2021-06-21 23:32:50", "elapsed": 154.060757, "delta": 1.201681}}
{"target": -13.086507817679912, "params": {"C": 267.2574108516876, "gamma": 0.03462003262816041}, "datetime": {"datetime": "2021-06-21 23:32:51", "elapsed": 155.682484, "delta": 1.621727}}
{"target": -13.625219576314063, "params": {"C": 207.11249653662063, "gamma": 0.03381639859085302}, "datetime": {"datetime": "2021-06-21 23:32:53", "elapsed": 156.991134, "delta": 1.30865}}
{"target": -14.166512370748935, "params": {"C": 294.1233051758039, "gamma": 0.009}, "datetime": {"datetime": "2021-06-21 23:32:54", "elapsed": 158.567861, "delta": 1.576727}}
{"target": -13.446778696381449, "params": {"C": 245.680759702866, "gamma": 0.019723728003994488}, "datetime": {"datetime": "2021-06-21 23:32:55", "elapsed": 159.888072, "delta": 1.320211}}
{"target": -13.651983747181564, "params": {"C": 218.20399217671257, "gamma": 0.043951734919413975}, "datetime": {"datetime": "2021-06-21 23:32:56", "elapsed": 160.866073, "delta": 0.978001}}
{"target": -13.307810968807217, "params": {"C": 249.37167143869635, "gamma": 0.041202879171081806}, "datetime": {"datetime": "2021-06-21 23:32:58", "elapsed": 162.185643, "delta": 1.31957}}
{"target": -13.02666451373955, "params": {"C": 298.93390984934314, "gamma": 0.046578777743040485}, "datetime": {"datetime": "2021-06-21 23:32:59", "elapsed": 163.279116, "delta": 1.093473}}
{"target": -14.060258859219637, "params": {"C": 276.2209650137595, "gamma": 0.010156239540180427}, "datetime": {"datetime": "2021-06-21 23:33:00", "elapsed": 164.150057, "delta": 0.870941}}
{"target": -13.071498898809802, "params": {"C": 275.8242112426794, "gamma": 0.038850830736525205}, "datetime": {"datetime": "2021-06-21 23:33:01", "elapsed": 165.209867, "delta": 1.05981}}
{"target": -14.105283347826894, "params": {"C": 260.42254626969, "gamma": 0.01060264798261531}, "datetime": {"datetime": "2021-06-21 23:33:02", "elapsed": 166.479272, "delta": 1.269405}}
{"target": -13.744919697935856, "params": {"C": 204.11977170730935, "gamma": 0.02315674838732489}, "datetime": {"datetime": "2021-06-21 23:33:03", "elapsed": 167.638694, "delta": 1.159422}}
{"target": -13.815744691609453, "params": {"C": 284.78321914854047, "gamma": 0.011201537129948739}, "datetime": {"datetime": "2021-06-21 23:33:04", "elapsed": 168.789423, "delta": 1.150729}}
{"target": -14.211056551065868, "params": {"C": 260.9490119187487, "gamma": 0.010013931416376649}, "datetime": {"datetime": "2021-06-21 23:33:05", "elapsed": 169.946075, "delta": 1.156652}}
{"target": -14.418147591706527, "params": {"C": 261.39477828176484, "gamma": 0.009}, "datetime": {"datetime": "2021-06-21 23:33:07", "elapsed": 171.274797, "delta": 1.328722}}
{"target": -13.747586151066749, "params": {"C": 227.72267691221265, "gamma": 0.017053335402633964}, "datetime": {"datetime": "2021-06-21 23:33:08", "elapsed": 172.029385, "delta": 0.754588}}
{"target": -13.464797045246591, "params": {"C": 227.48148154805435, "gamma": 0.038542483411633015}, "datetime": {"datetime": "2021-06-21 23:33:09", "elapsed": 173.016585, "delta": 0.9872}}
{"target": -13.362602697670853, "params": {"C": 261.8022919415136, "gamma": 0.05}, "datetime": {"datetime": "2021-06-21 23:33:10", "elapsed": 174.069377, "delta": 1.052792}}
{"target": -13.461305533095983, "params": {"C": 246.21754870965603, "gamma": 0.048202134918356426}, "datetime": {"datetime": "2021-06-21 23:33:11", "elapsed": 175.208555, "delta": 1.139178}}
{"target": -13.537192709327556, "params": {"C": 229.75011792073096, "gamma": 0.04417418905315366}, "datetime": {"datetime": "2021-06-21 23:33:12", "elapsed": 176.370861, "delta": 1.162306}}
{"target": -14.60217903530992, "params": {"C": 234.56264432529264, "gamma": 0.009245335782381755}, "datetime": {"datetime": "2021-06-21 23:33:13", "elapsed": 177.318886, "delta": 0.948025}}
{"target": -14.301104319189065, "params": {"C": 235.15016059625717, "gamma": 0.010762929087694365}, "datetime": {"datetime": "2021-06-21 23:33:14", "elapsed": 178.316197, "delta": 0.997311}}
{"target": -14.094944355320607, "params": {"C": 230.4215455768161, "gamma": 0.012575224559464363}, "datetime": {"datetime": "2021-06-21 23:33:15", "elapsed": 179.660157, "delta": 1.34396}}
{"target": -13.185242740997394, "params": {"C": 274.9087222698379, "gamma": 0.04618716410831347}, "datetime": {"datetime": "2021-06-21 23:33:16", "elapsed": 180.560229, "delta": 0.900072}}
{"target": -13.98614784167316, "params": {"C": 231.00468441844964, "gamma": 0.013577980621175992}, "datetime": {"datetime": "2021-06-21 23:33:18", "elapsed": 182.280414, "delta": 1.720185}}
{"target": -13.713659979719525, "params": {"C": 223.39766091416334, "gamma": 0.049549438446084025}, "datetime": {"datetime": "2021-06-21 23:33:19", "elapsed": 183.064027, "delta": 0.783613}}
{"target": -13.805129291456266, "params": {"C": 206.36936820296276, "gamma": 0.0449296827886457}, "datetime": {"datetime": "2021-06-21 23:33:20", "elapsed": 184.393625, "delta": 1.329598}}
{"target": -13.843376554372957, "params": {"C": 204.8171454767539, "gamma": 0.04588130133503326}, "datetime": {"datetime": "2021-06-21 23:33:22", "elapsed": 185.956621, "delta": 1.562996}}
{"target": -13.749917856952914, "params": {"C": 208.82057395922365, "gamma": 0.04363329866470952}, "datetime": {"datetime": "2021-06-21 23:33:23", "elapsed": 187.489585, "delta": 1.532964}}
{"target": -13.245028378253412, "params": {"C": 247.01997097304323, "gamma": 0.03401752702413768}, "datetime": {"datetime": "2021-06-21 23:33:24", "elapsed": 188.687907, "delta": 1.198322}}
{"target": -14.536102640204508, "params": {"C": 229.13162192151796, "gamma": 0.009817609253580706}, "datetime": {"datetime": "2021-06-21 23:33:25", "elapsed": 189.661395, "delta": 0.973488}}
{"target": -13.971536669349222, "params": {"C": 291.0648476912794, "gamma": 0.010040270873134746}, "datetime": {"datetime": "2021-06-21 23:33:26", "elapsed": 190.866856, "delta": 1.205461}}
{"target": -14.01899086626241, "params": {"C": 270.60465186782625, "gamma": 0.0106172647887964}, "datetime": {"datetime": "2021-06-21 23:33:27", "elapsed": 191.897042, "delta": 1.030186}}
{"target": -13.288222019951434, "params": {"C": 242.14406349907415, "gamma": 0.03436290906528416}, "datetime": {"datetime": "2021-06-21 23:33:29", "elapsed": 193.149091, "delta": 1.252049}}
{"target": -13.678385769028962, "params": {"C": 205.5798710896908, "gamma": 0.03776020053937785}, "datetime": {"datetime": "2021-06-21 23:33:30", "elapsed": 194.49585, "delta": 1.346759}}
{"target": -13.034570044904282, "params": {"C": 293.01517633865114, "gamma": 0.04471271191645593}, "datetime": {"datetime": "2021-06-21 23:33:31", "elapsed": 195.85466, "delta": 1.35881}}
{"target": -14.177128210208895, "params": {"C": 270.18866256557624, "gamma": 0.009804555714627882}, "datetime": {"datetime": "2021-06-21 23:33:32", "elapsed": 196.863622, "delta": 1.008962}}
{"target": -13.044558426875163, "params": {"C": 288.47624950001875, "gamma": 0.04334524101712267}, "datetime": {"datetime": "2021-06-21 23:33:34", "elapsed": 198.278184, "delta": 1.414562}}
{"target": -13.22440206377509, "params": {"C": 275.3642682098123, "gamma": 0.04853940280221612}, "datetime": {"datetime": "2021-06-21 23:33:35", "elapsed": 199.309235, "delta": 1.031051}}
{"target": -13.791019452981876, "params": {"C": 209.46682674310046, "gamma": 0.045969077516970935}, "datetime": {"datetime": "2021-06-21 23:33:36", "elapsed": 200.634627, "delta": 1.325392}}
{"target": -13.431148940301899, "params": {"C": 254.92352313658796, "gamma": 0.018478530428524778}, "datetime": {"datetime": "2021-06-21 23:33:37", "elapsed": 201.885629, "delta": 1.251002}}
{"target": -14.211819902173842, "params": {"C": 241.31707918102026, "gamma": 0.010946552040184958}, "datetime": {"datetime": "2021-06-21 23:33:39", "elapsed": 203.494855, "delta": 1.609226}}
{"target": -13.489781950400022, "params": {"C": 228.60857547063878, "gamma": 0.04108931480520686}, "datetime": {"datetime": "2021-06-21 23:33:41", "elapsed": 205.542712, "delta": 2.047857}}
{"target": -14.805365460335299, "params": {"C": 213.6537682887333, "gamma": 0.009288028398231543}, "datetime": {"datetime": "2021-06-21 23:33:42", "elapsed": 206.594644, "delta": 1.051932}}
{"target": -13.65573914245562, "params": {"C": 213.07099376715882, "gamma": 0.041242898291544206}, "datetime": {"datetime": "2021-06-21 23:33:43", "elapsed": 207.880149, "delta": 1.285505}}
{"target": -13.754223759334236, "params": {"C": 214.26296707004974, "gamma": 0.04678699712434017}, "datetime": {"datetime": "2021-06-21 23:33:45", "elapsed": 209.109077, "delta": 1.228928}}
{"target": -14.003525791059147, "params": {"C": 225.44482774434897, "gamma": 0.013961032544583562}, "datetime": {"datetime": "2021-06-21 23:33:46", "elapsed": 210.55784, "delta": 1.448763}}
{"target": -14.346667200096286, "params": {"C": 224.94869573173966, "gamma": 0.011079717572849996}, "datetime": {"datetime": "2021-06-21 23:33:48", "elapsed": 212.007064, "delta": 1.449224}}
{"target": -14.748043941663685, "params": {"C": 224.47940453026158, "gamma": 0.009037758802299537}, "datetime": {"datetime": "2021-06-21 23:33:49", "elapsed": 213.086181, "delta": 1.079117}}
{"target": -13.675802649523972, "params": {"C": 224.03515102844605, "gamma": 0.04809131601367604}, "datetime": {"datetime": "2021-06-21 23:33:51", "elapsed": 215.062612, "delta": 1.976431}}
{"target": -14.35468354462945, "params": {"C": 255.33969636294097, "gamma": 0.009531141951113115}, "datetime": {"datetime": "2021-06-21 23:33:52", "elapsed": 216.499718, "delta": 1.437106}}
{"target": -13.635618352700424, "params": {"C": 231.9276180459222, "gamma": 0.05}, "datetime": {"datetime": "2021-06-21 23:33:54", "elapsed": 218.231948, "delta": 1.73223}}
{"target": -13.474793233903155, "params": {"C": 221.22913221500997, "gamma": 0.0319053018562312}, "datetime": {"datetime": "2021-06-21 23:33:56", "elapsed": 220.423999, "delta": 2.192051}}
{"target": -14.880855840990876, "params": {"C": 212.52255506228, "gamma": 0.009}, "datetime": {"datetime": "2021-06-21 23:33:58", "elapsed": 221.977747, "delta": 1.553748}}
{"target": -14.766125539652531, "params": {"C": 211.98332988391113, "gamma": 0.009557947518075418}, "datetime": {"datetime": "2021-06-21 23:33:59", "elapsed": 223.446745, "delta": 1.468998}}
{"target": -13.731293886415758, "params": {"C": 211.45318451992702, "gamma": 0.04418989233401476}, "datetime": {"datetime": "2021-06-21 23:34:01", "elapsed": 225.19689, "delta": 1.750145}}
{"target": -13.148839791525663, "params": {"C": 287.83102956045474, "gamma": 0.04924773097669596}, "datetime": {"datetime": "2021-06-21 23:34:02", "elapsed": 226.321856, "delta": 1.124966}}
{"target": -13.883586164231012, "params": {"C": 279.10585414758543, "gamma": 0.011014471757481773}, "datetime": {"datetime": "2021-06-21 23:34:04", "elapsed": 228.161888, "delta": 1.840032}}
{"target": -14.166931323376822, "params": {"C": 278.7101331984658, "gamma": 0.009527739309593391}, "datetime": {"datetime": "2021-06-21 23:34:05", "elapsed": 229.408891, "delta": 1.247003}}
{"target": -13.228251131428362, "params": {"C": 278.36497643438423, "gamma": 0.049871864109344397}, "datetime": {"datetime": "2021-06-21 23:34:07", "elapsed": 230.955652, "delta": 1.546761}}
{"target": -12.99330761486997, "params": {"C": 279.46565508873033, "gamma": 0.03294689812874398}, "datetime": {"datetime": "2021-06-21 23:34:09", "elapsed": 233.095717, "delta": 2.140065}}
{"target": -13.476242677350218, "params": {"C": 248.73476133657937, "gamma": 0.04997699914740851}, "datetime": {"datetime": "2021-06-21 23:34:10", "elapsed": 234.620983, "delta": 1.525266}}
{"target": -13.074737567861547, "params": {"C": 293.39803693819545, "gamma": 0.04727928830323966}, "datetime": {"datetime": "2021-06-21 23:34:12", "elapsed": 236.386982, "delta": 1.765999}}
{"target": -13.838571201005726, "params": {"C": 247.49561328591193, "gamma": 0.013551983729023434}, "datetime": {"datetime": "2021-06-21 23:34:14", "elapsed": 238.341983, "delta": 1.955001}}
{"target": -13.051246324678054, "params": {"C": 291.4389567556095, "gamma": 0.04511255203769567}, "datetime": {"datetime": "2021-06-21 23:34:15", "elapsed": 239.752963, "delta": 1.41098}}
{"target": -13.436095267971554, "params": {"C": 240.72080143544423, "gamma": 0.0444364940647115}, "datetime": {"datetime": "2021-06-21 23:34:17", "elapsed": 241.032277, "delta": 1.279314}}
{"target": -13.51307715903359, "params": {"C": 242.72930285603246, "gamma": 0.04911702846117043}, "datetime": {"datetime": "2021-06-21 23:34:18", "elapsed": 242.574178, "delta": 1.541901}}
{"target": -13.553929413043523, "params": {"C": 231.49217317124373, "gamma": 0.045867077394231494}, "datetime": {"datetime": "2021-06-21 23:34:20", "elapsed": 244.487647, "delta": 1.913469}}
{"target": -13.676842163004801, "params": {"C": 255.7549007361246, "gamma": 0.014567193504991112}, "datetime": {"datetime": "2021-06-21 23:34:22", "elapsed": 246.898509, "delta": 2.410862}}
{"target": -13.812380428694235, "params": {"C": 202.90117655036727, "gamma": 0.043288639234057374}, "datetime": {"datetime": "2021-06-21 23:34:24", "elapsed": 248.429843, "delta": 1.531334}}
{"target": -13.65454233811951, "params": {"C": 222.97598415640573, "gamma": 0.04654554734701559}, "datetime": {"datetime": "2021-06-21 23:34:26", "elapsed": 250.724447, "delta": 2.294604}}
{"target": -14.197936006245, "params": {"C": 268.39850382409713, "gamma": 0.009772467045392972}, "datetime": {"datetime": "2021-06-21 23:34:28", "elapsed": 252.1304, "delta": 1.405953}}
{"target": -13.19187743732661, "params": {"C": 268.01374801204656, "gamma": 0.043392407619786987}, "datetime": {"datetime": "2021-06-21 23:34:30", "elapsed": 253.963109, "delta": 1.832709}}
{"target": -13.320392190451466, "params": {"C": 299.7041326703609, "gamma": 0.015179341177727537}, "datetime": {"datetime": "2021-06-21 23:34:31", "elapsed": 255.687019, "delta": 1.72391}}
{"target": -13.85348107780329, "params": {"C": 285.9509618106759, "gamma": 0.010894548827304193}, "datetime": {"datetime": "2021-06-21 23:34:33", "elapsed": 257.882659, "delta": 2.19564}}
{"target": -13.74885311730321, "params": {"C": 210.9346361333154, "gamma": 0.04475522254093651}, "datetime": {"datetime": "2021-06-21 23:34:36", "elapsed": 260.616441, "delta": 2.733782}}
{"target": -13.23576204785093, "params": {"C": 272.262909613361, "gamma": 0.04792761181143245}, "datetime": {"datetime": "2021-06-21 23:34:38", "elapsed": 262.119385, "delta": 1.502944}}
{"target": -13.285769945969616, "params": {"C": 292.6720108387626, "gamma": 0.016320898631832774}, "datetime": {"datetime": "2021-06-21 23:34:39", "elapsed": 263.031336, "delta": 0.911951}}
{"target": -13.632278218330413, "params": {"C": 225.9104471228856, "gamma": 0.04695086969332498}, "datetime": {"datetime": "2021-06-21 23:34:40", "elapsed": 264.730924, "delta": 1.699588}}
{"target": -13.216913727140883, "params": {"C": 266.39199470450234, "gamma": 0.044177952470851226}, "datetime": {"datetime": "2021-06-21 23:34:42", "elapsed": 266.576933, "delta": 1.846009}}
{"target": -13.040452003279352, "params": {"C": 295.0120967150347, "gamma": 0.04593176518998019}, "datetime": {"datetime": "2021-06-21 23:34:44", "elapsed": 268.430888, "delta": 1.853955}}
{"target": -13.527966259598232, "params": {"C": 225.77857218873189, "gamma": 0.04165384780287671}, "datetime": {"datetime": "2021-06-21 23:34:45", "elapsed": 269.404879, "delta": 0.973991}}
{"target": -13.53585108812807, "params": {"C": 233.80070202925845, "gamma": 0.046097138047268275}, "datetime": {"datetime": "2021-06-21 23:34:46", "elapsed": 270.918056, "delta": 1.513177}}
