{"target": -11.264310170904235, "params": {"C": 1224.4716898020592, "gamma": 0.022700577695432274}, "datetime": {"datetime": "2021-06-22 00:24:57", "elapsed": 90.753931, "delta": 0.618962}}
{"target": -10.870165107126676, "params": {"C": 1909.3141112764501, "gamma": 0.032241251032136965}, "datetime": {"datetime": "2021-06-22 00:24:58", "elapsed": 91.679932, "delta": 0.926001}}
{"target": -11.129323932801425, "params": {"C": 1355.9460297089615, "gamma": 0.02626103374877252}, "datetime": {"datetime": "2021-06-22 00:24:59", "elapsed": 92.391939, "delta": 0.712007}}
{"target": -10.883152925860367, "params": {"C": 1982.5098831420419, "gamma": 0.026555756395560175}, "datetime": {"datetime": "2021-06-22 00:25:00", "elapsed": 93.20993, "delta": 0.817991}}
{"target": -10.977485279945665, "params": {"C": 1764.5882272974645, "gamma": 0.024979327012112577}, "datetime": {"datetime": "2021-06-22 00:25:00", "elapsed": 93.836964, "delta": 0.627034}}
{"target": -10.859439963448887, "params": {"C": 1927.5061232990984, "gamma": 0.037197396329212616}, "datetime": {"datetime": "2021-06-22 00:25:01", "elapsed": 94.618971, "delta": 0.782007}}
{"target": -11.151787006391027, "params": {"C": 1383.5227926805126, "gamma": 0.023950893051432616}, "datetime": {"datetime": "2021-06-22 00:25:02", "elapsed": 95.258968, "delta": 0.639997}}
{"target": -11.018513348364522, "params": {"C": 1530.944019380354, "gamma": 0.030070243914500083}, "datetime": {"datetime": "2021-06-22 00:25:03", "elapsed": 96.109931, "delta": 0.850963}}
{"target": -11.32817639039075, "params": {"C": 1737.06121266378, "gamma": 0.0146605654941174}, "datetime": {"datetime": "2021-06-22 00:25:03", "elapsed": 96.753935, "delta": 0.644004}}
{"target": -10.960157835526674, "params": {"C": 1744.0525395477514, "gamma": 0.026614378276911363}, "datetime": {"datetime": "2021-06-22 00:25:04", "elapsed": 97.502927, "delta": 0.748992}}
{"target": -11.567365266563954, "params": {"C": 858.0144168697818, "gamma": 0.04422485642547777}, "datetime": {"datetime": "2021-06-22 00:25:05", "elapsed": 98.300011, "delta": 0.797084}}
{"target": -11.073206805176278, "params": {"C": 1483.200436340774, "gamma": 0.02600681424560959}, "datetime": {"datetime": "2021-06-22 00:25:06", "elapsed": 98.995011, "delta": 0.695}}
{"target": -11.366094660969605, "params": {"C": 1028.735097838999, "gamma": 0.04159054057701825}, "datetime": {"datetime": "2021-06-22 00:25:06", "elapsed": 99.800011, "delta": 0.805}}
{"target": -10.839284144257832, "params": {"C": 1997.022158544104, "gamma": 0.032723481956615154}, "datetime": {"datetime": "2021-06-22 00:25:07", "elapsed": 100.653013, "delta": 0.853002}}
{"target": -11.513293344774493, "params": {"C": 1701.9875165102592, "gamma": 0.012068722267477542}, "datetime": {"datetime": "2021-06-22 00:25:08", "elapsed": 101.37301, "delta": 0.719997}}
{"target": -10.952430682814072, "params": {"C": 1695.309750748662, "gamma": 0.03995662679417542}, "datetime": {"datetime": "2021-06-22 00:25:09", "elapsed": 102.150019, "delta": 0.777009}}
{"target": -11.18938434222692, "params": {"C": 1214.4864668596585, "gamma": 0.03523924932571362}, "datetime": {"datetime": "2021-06-22 00:25:09", "elapsed": 102.890014, "delta": 0.739995}}
{"target": -12.0877268888348, "params": {"C": 1244.2501902589543, "gamma": 0.009}, "datetime": {"datetime": "2021-06-22 00:25:10", "elapsed": 103.516011, "delta": 0.625997}}
{"target": -10.918467994998782, "params": {"C": 1787.1913182637268, "gamma": 0.04203415884708337}, "datetime": {"datetime": "2021-06-22 00:25:11", "elapsed": 104.526019, "delta": 1.010008}}
{"target": -11.277018460473903, "params": {"C": 1151.0658466720392, "gamma": 0.043468868580629656}, "datetime": {"datetime": "2021-06-22 00:25:12", "elapsed": 105.252011, "delta": 0.725992}}
{"target": -11.506148088644997, "params": {"C": 952.5974034976928, "gamma": 0.04834685798266969}, "datetime": {"datetime": "2021-06-22 00:25:13", "elapsed": 105.95701, "delta": 0.704999}}
{"target": -11.776325764915367, "params": {"C": 1771.8145216499856, "gamma": 0.009}, "datetime": {"datetime": "2021-06-22 00:25:13", "elapsed": 106.885015, "delta": 0.928005}}
{"target": -10.983733837137581, "params": {"C": 1778.3352126226562, "gamma": 0.024330116331950813}, "datetime": {"datetime": "2021-06-22 00:25:14", "elapsed": 107.565777, "delta": 0.680762}}
{"target": -12.512175131336893, "params": {"C": 815.182552157749, "gamma": 0.009}, "datetime": {"datetime": "2021-06-22 00:25:15", "elapsed": 108.46219, "delta": 0.896413}}
{"target": -12.04584244757517, "params": {"C": 805.2594592004704, "gamma": 0.014414714338256716}, "datetime": {"datetime": "2021-06-22 00:25:16", "elapsed": 109.269023, "delta": 0.806833}}
{"target": -11.883853275661172, "params": {"C": 1308.7063292149783, "gamma": 0.010417909789086023}, "datetime": {"datetime": "2021-06-22 00:25:17", "elapsed": 109.932058, "delta": 0.663035}}
{"target": -11.120561030777164, "params": {"C": 1316.2412635748374, "gamma": 0.03157698462951326}, "datetime": {"datetime": "2021-06-22 00:25:17", "elapsed": 110.920275, "delta": 0.988217}}
{"target": -12.291107262050968, "params": {"C": 1008.6466060685653, "gamma": 0.009}, "datetime": {"datetime": "2021-06-22 00:25:18", "elapsed": 111.867052, "delta": 0.946777}}
{"target": -11.814552461764508, "params": {"C": 1018.2074700341357, "gamma": 0.014277904011693852}, "datetime": {"datetime": "2021-06-22 00:25:19", "elapsed": 112.852166, "delta": 0.985114}}
{"target": -11.484848147101811, "params": {"C": 895.0800480662415, "gamma": 0.02660080183948515}, "datetime": {"datetime": "2021-06-22 00:25:20", "elapsed": 113.614728, "delta": 0.762562}}
{"target": -11.387750814732929, "params": {"C": 1197.4810056978333, "gamma": 0.019471435037595852}, "datetime": {"datetime": "2021-06-22 00:25:21", "elapsed": 114.316467, "delta": 0.701739}}
{"target": -11.57342458781871, "params": {"C": 1364.5960787661306, "gamma": 0.01371820107125037}, "datetime": {"datetime": "2021-06-22 00:25:22", "elapsed": 115.077107, "delta": 0.76064}}
{"target": -11.52079437033771, "params": {"C": 1757.4266678587533, "gamma": 0.011699721487629279}, "datetime": {"datetime": "2021-06-22 00:25:22", "elapsed": 115.758268, "delta": 0.681161}}
{"target": -11.374591979280616, "params": {"C": 1751.1569975087045, "gamma": 0.013750901266533912}, "datetime": {"datetime": "2021-06-22 00:25:23", "elapsed": 116.441726, "delta": 0.683458}}
{"target": -11.402859732048794, "params": {"C": 941.1811984094786, "gamma": 0.029190226837191406}, "datetime": {"datetime": "2021-06-22 00:25:24", "elapsed": 117.450248, "delta": 1.008522}}
{"target": -11.854524816935209, "params": {"C": 1613.9891001294507, "gamma": 0.009}, "datetime": {"datetime": "2021-06-22 00:25:25", "elapsed": 118.266877, "delta": 0.816629}}
{"target": -11.381338814155773, "params": {"C": 962.989445813902, "gamma": 0.028928725809596448}, "datetime": {"datetime": "2021-06-22 00:25:26", "elapsed": 119.105607, "delta": 0.83873}}
{"target": -11.426050051394558, "params": {"C": 1843.1041400695722, "gamma": 0.012465249149363734}, "datetime": {"datetime": "2021-06-22 00:25:26", "elapsed": 119.905944, "delta": 0.800337}}
{"target": -10.996187231858919, "params": {"C": 1603.0732013930053, "gamma": 0.0413522879197503}, "datetime": {"datetime": "2021-06-22 00:25:27", "elapsed": 120.761131, "delta": 0.855187}}
{"target": -10.871225631356928, "params": {"C": 1902.0986110029717, "gamma": 0.03300226734348631}, "datetime": {"datetime": "2021-06-22 00:25:28", "elapsed": 121.611821, "delta": 0.85069}}
{"target": -11.004915879976696, "params": {"C": 1558.008388531866, "gamma": 0.03348784374991208}, "datetime": {"datetime": "2021-06-22 00:25:29", "elapsed": 122.33644, "delta": 0.724619}}
{"target": -11.638956848640785, "params": {"C": 1187.7135101270928, "gamma": 0.014692437777524632}, "datetime": {"datetime": "2021-06-22 00:25:30", "elapsed": 123.02944, "delta": 0.693}}
{"target": -11.612016649882396, "params": {"C": 1633.7221523679025, "gamma": 0.01127880101926149}, "datetime": {"datetime": "2021-06-22 00:25:31", "elapsed": 123.987788, "delta": 0.958348}}
{"target": -11.840555623487854, "params": {"C": 1640.4625851101573, "gamma": 0.009}, "datetime": {"datetime": "2021-06-22 00:25:32", "elapsed": 125.098301, "delta": 1.110513}}
{"target": -11.926029083318264, "params": {"C": 1294.6237602219642, "gamma": 0.010108031685509333}, "datetime": {"datetime": "2021-06-22 00:25:32", "elapsed": 125.826158, "delta": 0.727857}}
{"target": -10.98789030395489, "params": {"C": 1627.0805252078467, "gamma": 0.04216630472263224}, "datetime": {"datetime": "2021-06-22 00:25:33", "elapsed": 126.657722, "delta": 0.831564}}
{"target": -10.996361527988716, "params": {"C": 1917.8503447610397, "gamma": 0.02142341108802978}, "datetime": {"datetime": "2021-06-22 00:25:34", "elapsed": 127.368091, "delta": 0.710369}}
{"target": -11.148381733598978, "params": {"C": 1347.6373163941712, "gamma": 0.025143796785621862}, "datetime": {"datetime": "2021-06-22 00:25:35", "elapsed": 128.173097, "delta": 0.805006}}
{"target": -11.28686736021532, "params": {"C": 1205.9491470068256, "gamma": 0.05}, "datetime": {"datetime": "2021-06-22 00:25:36", "elapsed": 129.087735, "delta": 0.914638}}
{"target": -11.099001177888008, "params": {"C": 1832.8455231880048, "gamma": 0.018945210599112926}, "datetime": {"datetime": "2021-06-22 00:25:37", "elapsed": 130.164715, "delta": 1.07698}}
{"target": -11.4874301183837, "params": {"C": 885.3304422783374, "gamma": 0.039026419609885336}, "datetime": {"datetime": "2021-06-22 00:25:38", "elapsed": 131.00008, "delta": 0.835365}}
{"target": -10.952217018771321, "params": {"C": 1684.1780303814794, "gamma": 0.03570105669399282}, "datetime": {"datetime": "2021-06-22 00:25:38", "elapsed": 131.915672, "delta": 0.915592}}
{"target": -11.718392162956523, "params": {"C": 1279.902266220711, "gamma": 0.012534812105871517}, "datetime": {"datetime": "2021-06-22 00:25:40", "elapsed": 132.973151, "delta": 1.057479}}
{"target": -11.258726028860078, "params": {"C": 1287.1160887188669, "gamma": 0.021557664513578222}, "datetime": {"datetime": "2021-06-22 00:25:40", "elapsed": 133.846824, "delta": 0.873673}}
{"target": -11.276868797266012, "params": {"C": 1117.6495413036232, "gamma": 0.039776385960925156}, "datetime": {"datetime": "2021-06-22 00:25:42", "elapsed": 134.984628, "delta": 1.137804}}
{"target": -11.169093141727245, "params": {"C": 1252.0997597652404, "gamma": 0.0362492708217627}, "datetime": {"datetime": "2021-06-22 00:25:42", "elapsed": 135.870251, "delta": 0.885623}}
{"target": -11.138229927493514, "params": {"C": 1620.697961630396, "gamma": 0.02023915386018424}, "datetime": {"datetime": "2021-06-22 00:25:43", "elapsed": 136.820487, "delta": 0.950236}}
{"target": -11.011581486003163, "params": {"C": 1934.3430372898088, "gamma": 0.020597201802672445}, "datetime": {"datetime": "2021-06-22 00:25:44", "elapsed": 137.59752, "delta": 0.777033}}
{"target": -11.924690379814814, "params": {"C": 1179.6699759443356, "gamma": 0.011018991588101372}, "datetime": {"datetime": "2021-06-22 00:25:45", "elapsed": 138.61748, "delta": 1.01996}}
{"target": -11.786309880631995, "params": {"C": 1159.5013982663966, "gamma": 0.012863309615754494}, "datetime": {"datetime": "2021-06-22 00:25:46", "elapsed": 139.517469, "delta": 0.899989}}
{"target": -11.349000694180145, "params": {"C": 1132.925276716254, "gamma": 0.05}, "datetime": {"datetime": "2021-06-22 00:25:47", "elapsed": 140.50148, "delta": 0.984011}}
{"target": -11.658571935693175, "params": {"C": 1049.3857752632994, "gamma": 0.016431568038949983}, "datetime": {"datetime": "2021-06-22 00:25:48", "elapsed": 141.229473, "delta": 0.727993}}
{"target": -10.976765189748734, "params": {"C": 1707.3892010324707, "gamma": 0.02635901259379675}, "datetime": {"datetime": "2021-06-22 00:25:49", "elapsed": 142.007514, "delta": 0.778041}}
{"target": -11.34080577461575, "params": {"C": 1564.7655440831168, "gamma": 0.015793439835754642}, "datetime": {"datetime": "2021-06-22 00:25:49", "elapsed": 142.774923, "delta": 0.767409}}
{"target": -11.232118015467877, "params": {"C": 1140.5242801963475, "gamma": 0.03288916093250295}, "datetime": {"datetime": "2021-06-22 00:25:50", "elapsed": 143.726965, "delta": 0.952042}}
{"target": -10.901899077486458, "params": {"C": 1814.3769001686537, "gamma": 0.03809345181767781}, "datetime": {"datetime": "2021-06-22 00:25:51", "elapsed": 144.476964, "delta": 0.749999}}
{"target": -11.34482355069865, "params": {"C": 1858.5734176352448, "gamma": 0.013640177298482992}, "datetime": {"datetime": "2021-06-22 00:25:52", "elapsed": 145.242964, "delta": 0.766}}
{"target": -11.299981925280244, "params": {"C": 1058.0174219029773, "gamma": 0.03483296640742729}, "datetime": {"datetime": "2021-06-22 00:25:53", "elapsed": 146.285967, "delta": 1.043003}}
{"target": -11.771054867412207, "params": {"C": 1258.9743053399052, "gamma": 0.012057635711995312}, "datetime": {"datetime": "2021-06-22 00:25:54", "elapsed": 147.318964, "delta": 1.032997}}
{"target": -11.966007530193574, "params": {"C": 828.4892577323284, "gamma": 0.015215093651931326}, "datetime": {"datetime": "2021-06-22 00:25:55", "elapsed": 148.247966, "delta": 0.929002}}
{"target": -10.996516985789317, "params": {"C": 1584.226261954388, "gamma": 0.037408754619653546}, "datetime": {"datetime": "2021-06-22 00:25:56", "elapsed": 149.44537, "delta": 1.197404}}
{"target": -11.025916253067333, "params": {"C": 1596.2797527463467, "gamma": 0.048011646902291184}, "datetime": {"datetime": "2021-06-22 00:25:57", "elapsed": 150.22937, "delta": 0.784}}
{"target": -11.73406649768527, "params": {"C": 1873.016213761066, "gamma": 0.009}, "datetime": {"datetime": "2021-06-22 00:25:58", "elapsed": 151.347368, "delta": 1.117998}}
{"target": -10.91247365209328, "params": {"C": 1877.6504515566203, "gamma": 0.05}, "datetime": {"datetime": "2021-06-22 00:25:59", "elapsed": 152.309749, "delta": 0.962381}}
{"target": -11.013298840838043, "params": {"C": 1542.30114824201, "gamma": 0.03577444639781277}, "datetime": {"datetime": "2021-06-22 00:26:00", "elapsed": 153.287745, "delta": 0.977996}}
{"target": -10.880677605921166, "params": {"C": 1869.112649869408, "gamma": 0.03503818104336931}, "datetime": {"datetime": "2021-06-22 00:26:01", "elapsed": 154.050578, "delta": 0.762833}}
{"target": -11.517126105078363, "params": {"C": 1125.6883078584476, "gamma": 0.01786797836531557}, "datetime": {"datetime": "2021-06-22 00:26:01", "elapsed": 154.82458, "delta": 0.774002}}
{"target": -11.594177785792477, "params": {"C": 1394.695335038569, "gamma": 0.013151892931437453}, "datetime": {"datetime": "2021-06-22 00:26:02", "elapsed": 155.784582, "delta": 0.960002}}
{"target": -12.143552363956218, "params": {"C": 1173.1147165925051, "gamma": 0.009}, "datetime": {"datetime": "2021-06-22 00:26:03", "elapsed": 156.669322, "delta": 0.88474}}
{"target": -11.527538999541076, "params": {"C": 1166.866979530053, "gamma": 0.01692587304175449}, "datetime": {"datetime": "2021-06-22 00:26:04", "elapsed": 157.470908, "delta": 0.801586}}
{"target": -11.111329556068975, "params": {"C": 1467.7635101605636, "gamma": 0.05}, "datetime": {"datetime": "2021-06-22 00:26:05", "elapsed": 158.521439, "delta": 1.050531}}
{"target": -11.525238849702554, "params": {"C": 1110.174205938471, "gamma": 0.017991040679810288}, "datetime": {"datetime": "2021-06-22 00:26:06", "elapsed": 159.47077, "delta": 0.949331}}
{"target": -11.645706750572419, "params": {"C": 1267.2474718856088, "gamma": 0.013659867734155322}, "datetime": {"datetime": "2021-06-22 00:26:07", "elapsed": 160.279488, "delta": 0.808718}}
{"target": -11.191810871915283, "params": {"C": 1273.3045428441571, "gamma": 0.0434326628192361}, "datetime": {"datetime": "2021-06-22 00:26:08", "elapsed": 161.081735, "delta": 0.802247}}
{"target": -11.045463816791038, "params": {"C": 1570.463052032902, "gamma": 0.025390464334255985}, "datetime": {"datetime": "2021-06-22 00:26:08", "elapsed": 161.91733, "delta": 0.835595}}
{"target": -10.944690659141973, "params": {"C": 1822.0893305108832, "gamma": 0.02575571494779537}, "datetime": {"datetime": "2021-06-22 00:26:09", "elapsed": 162.906217, "delta": 0.988887}}
{"target": -11.42017630822795, "params": {"C": 1961.2295693223964, "gamma": 0.012061985712782459}, "datetime": {"datetime": "2021-06-22 00:26:10", "elapsed": 163.729088, "delta": 0.822871}}
{"target": -10.846355067236306, "params": {"C": 1965.8003974733083, "gamma": 0.03974524382909769}, "datetime": {"datetime": "2021-06-22 00:26:11", "elapsed": 164.540062, "delta": 0.810974}}
{"target": -12.302858867861747, "params": {"C": 876.2193692958996, "gamma": 0.0101569210565527}, "datetime": {"datetime": "2021-06-22 00:26:12", "elapsed": 165.83518, "delta": 1.295118}}
{"target": -11.569582455515281, "params": {"C": 868.5057095060897, "gamma": 0.04559185674422753}, "datetime": {"datetime": "2021-06-22 00:26:13", "elapsed": 166.65234, "delta": 0.81716}}
{"target": -10.956639031682107, "params": {"C": 1957.0436073675496, "gamma": 0.022634808865692774}, "datetime": {"datetime": "2021-06-22 00:26:14", "elapsed": 167.666734, "delta": 1.014394}}
{"target": -11.278896715431728, "params": {"C": 1072.1932291735313, "gamma": 0.03055273288081351}, "datetime": {"datetime": "2021-06-22 00:26:15", "elapsed": 168.463144, "delta": 0.79641}}
{"target": -10.969103121925116, "params": {"C": 1667.4459600639768, "gamma": 0.028677559151971233}, "datetime": {"datetime": "2021-06-22 00:26:16", "elapsed": 169.52683, "delta": 1.063686}}
{"target": -10.956860426138414, "params": {"C": 1677.6665832620545, "gamma": 0.03145093273125582}, "datetime": {"datetime": "2021-06-22 00:26:17", "elapsed": 170.560055, "delta": 1.033225}}
{"target": -10.97529286776822, "params": {"C": 1656.9355461958646, "gamma": 0.04242376225717722}, "datetime": {"datetime": "2021-06-22 00:26:18", "elapsed": 171.578051, "delta": 1.017996}}
{"target": -10.907970130444305, "params": {"C": 1853.7468133215984, "gamma": 0.027966119435845357}, "datetime": {"datetime": "2021-06-22 00:26:20", "elapsed": 172.946519, "delta": 1.368468}}
{"target": -11.647274475332436, "params": {"C": 843.6067652441941, "gamma": 0.05}, "datetime": {"datetime": "2021-06-22 00:26:21", "elapsed": 174.066086, "delta": 1.119567}}
{"target": -11.063904741740412, "params": {"C": 1427.3773796480034, "gamma": 0.03330461840027437}, "datetime": {"datetime": "2021-06-22 00:26:22", "elapsed": 174.932874, "delta": 0.866788}}
{"target": -11.11933412488229, "params": {"C": 1454.3698988999054, "gamma": 0.05}, "datetime": {"datetime": "2021-06-22 00:26:23", "elapsed": 176.03626, "delta": 1.103386}}
{"target": -10.887872993034438, "params": {"C": 1849.2774776998585, "gamma": 0.036554731154431724}, "datetime": {"datetime": "2021-06-22 00:26:24", "elapsed": 177.131896, "delta": 1.095636}}
{"target": -11.022019453534948, "params": {"C": 1576.035441395396, "gamma": 0.04500204521861775}, "datetime": {"datetime": "2021-06-22 00:26:25", "elapsed": 177.980008, "delta": 0.848112}}
{"target": -11.324965595543569, "params": {"C": 1090.9841103215883, "gamma": 0.02424504729573297}, "datetime": {"datetime": "2021-06-22 00:26:26", "elapsed": 179.009635, "delta": 1.029627}}
{"target": -11.058096277030655, "params": {"C": 1789.5918907796636, "gamma": 0.02073792936113064}, "datetime": {"datetime": "2021-06-22 00:26:27", "elapsed": 180.115703, "delta": 1.106068}}
{"target": -11.083574758830627, "params": {"C": 1480.5684869363045, "gamma": 0.02538913159357662}, "datetime": {"datetime": "2021-06-22 00:26:28", "elapsed": 181.10454, "delta": 0.988837}}
{"target": -11.477627400612093, "params": {"C": 980.5292843430625, "gamma": 0.04837746477390299}, "datetime": {"datetime": "2021-06-22 00:26:29", "elapsed": 182.647029, "delta": 1.542489}}
{"target": -11.1007016517583, "params": {"C": 1439.1754095408628, "gamma": 0.045549447217272984}, "datetime": {"datetime": "2021-06-22 00:26:30", "elapsed": 183.491605, "delta": 0.844576}}
{"target": -10.90284205648875, "params": {"C": 1951.4147510327239, "gamma": 0.025783928950167352}, "datetime": {"datetime": "2021-06-22 00:26:31", "elapsed": 184.824018, "delta": 1.332413}}
{"target": -10.876422146661284, "params": {"C": 1882.4758972966392, "gamma": 0.03423964167837593}, "datetime": {"datetime": "2021-06-22 00:26:33", "elapsed": 185.963053, "delta": 1.139035}}
{"target": -10.962035842805804, "params": {"C": 1661.9872291722509, "gamma": 0.032366703935005174}, "datetime": {"datetime": "2021-06-22 00:26:34", "elapsed": 187.026968, "delta": 1.063915}}
{"target": -11.300333009903795, "params": {"C": 1980.2166038384175, "gamma": 0.01374302604435103}, "datetime": {"datetime": "2021-06-22 00:26:34", "elapsed": 187.897279, "delta": 0.870311}}
{"target": -10.86699405566768, "params": {"C": 1974.4703106494794, "gamma": 0.04836197011353158}, "datetime": {"datetime": "2021-06-22 00:26:36", "elapsed": 189.000088, "delta": 1.102809}}
{"target": -11.172770203766609, "params": {"C": 1984.5341737556937, "gamma": 0.01601974017555485}, "datetime": {"datetime": "2021-06-22 00:26:37", "elapsed": 190.297125, "delta": 1.297037}}
{"target": -10.969802909736512, "params": {"C": 1645.9391276927363, "gamma": 0.037723611356652476}, "datetime": {"datetime": "2021-06-22 00:26:38", "elapsed": 191.715438, "delta": 1.418313}}
{"target": -11.294905653531714, "params": {"C": 1402.7187953432622, "gamma": 0.018652542436307207}, "datetime": {"datetime": "2021-06-22 00:26:39", "elapsed": 192.904906, "delta": 1.189468}}
{"target": -11.676755524655576, "params": {"C": 1697.2072238059818, "gamma": 0.010269208706785242}, "datetime": {"datetime": "2021-06-22 00:26:41", "elapsed": 194.139171, "delta": 1.234265}}
{"target": -11.017564428451342, "params": {"C": 1693.151761731584, "gamma": 0.024171450954910682}, "datetime": {"datetime": "2021-06-22 00:26:42", "elapsed": 194.999996, "delta": 0.860825}}
{"target": -11.33300246574051, "params": {"C": 1065.216711597802, "gamma": 0.04148498785683492}, "datetime": {"datetime": "2021-06-22 00:26:43", "elapsed": 196.501141, "delta": 1.501145}}
