{"target": -12.11448181894032, "params": {"C": 557.0667356717621, "gamma": 0.048308086410439884}, "datetime": {"datetime": "2021-06-22 00:08:13", "elapsed": 85.635873, "delta": 0.719118}}
{"target": -12.01750975757849, "params": {"C": 538.3139835814561, "gamma": 0.03435573126331189}, "datetime": {"datetime": "2021-06-22 00:08:14", "elapsed": 86.346868, "delta": 0.710995}}
{"target": -11.968788887571161, "params": {"C": 577.9979250213754, "gamma": 0.027384672130230783}, "datetime": {"datetime": "2021-06-22 00:08:15", "elapsed": 87.083409, "delta": 0.736541}}
{"target": -11.757067501233893, "params": {"C": 788.0881881456721, "gamma": 0.02111238743031381}, "datetime": {"datetime": "2021-06-22 00:08:15", "elapsed": 87.867407, "delta": 0.783998}}
{"target": -11.848426398812, "params": {"C": 686.275262215122, "gamma": 0.04744746666989033}, "datetime": {"datetime": "2021-06-22 00:08:16", "elapsed": 88.729746, "delta": 0.862339}}
{"target": -11.992342422735048, "params": {"C": 601.1402441967313, "gamma": 0.046057817186338494}, "datetime": {"datetime": "2021-06-22 00:08:17", "elapsed": 89.354709, "delta": 0.624963}}
{"target": -12.363588109456943, "params": {"C": 454.07647580417927, "gamma": 0.022294232685758815}, "datetime": {"datetime": "2021-06-22 00:08:18", "elapsed": 90.153032, "delta": 0.798323}}
{"target": -12.501597106475003, "params": {"C": 479.9572834871733, "gamma": 0.016727904968272707}, "datetime": {"datetime": "2021-06-22 00:08:18", "elapsed": 90.789034, "delta": 0.636002}}
{"target": -12.557050282814675, "params": {"C": 574.8794645285709, "gamma": 0.012390978859297632}, "datetime": {"datetime": "2021-06-22 00:08:19", "elapsed": 91.645034, "delta": 0.856}}
{"target": -11.677732567180565, "params": {"C": 735.384172680328, "gamma": 0.03837572694979498}, "datetime": {"datetime": "2021-06-22 00:08:20", "elapsed": 92.479756, "delta": 0.834722}}
{"target": -11.8000152455446, "params": {"C": 728.8007970488884, "gamma": 0.022488111945439135}, "datetime": {"datetime": "2021-06-22 00:08:21", "elapsed": 93.13593, "delta": 0.656174}}
{"target": -11.987380265738153, "params": {"C": 552.8496156626259, "gamma": 0.034916070887760456}, "datetime": {"datetime": "2021-06-22 00:08:22", "elapsed": 93.924097, "delta": 0.788167}}
{"target": -11.88862080169492, "params": {"C": 598.4351313182577, "gamma": 0.03172626174910521}, "datetime": {"datetime": "2021-06-22 00:08:23", "elapsed": 94.93106, "delta": 1.006963}}
{"target": -12.323253191588748, "params": {"C": 730.9360660541615, "gamma": 0.011976950432380862}, "datetime": {"datetime": "2021-06-22 00:08:23", "elapsed": 95.676793, "delta": 0.745733}}
{"target": -11.769625376144713, "params": {"C": 732.9455277127331, "gamma": 0.04756252750944217}, "datetime": {"datetime": "2021-06-22 00:08:24", "elapsed": 96.568229, "delta": 0.891436}}
{"target": -13.007281055476211, "params": {"C": 546.2771771038557, "gamma": 0.009174834512471289}, "datetime": {"datetime": "2021-06-22 00:08:25", "elapsed": 97.311811, "delta": 0.743582}}
{"target": -12.222008805893925, "params": {"C": 581.102541105522, "gamma": 0.017809263839328064}, "datetime": {"datetime": "2021-06-22 00:08:25", "elapsed": 97.916902, "delta": 0.605091}}
{"target": -11.730334985378637, "params": {"C": 758.2553276603393, "gamma": 0.04768685487578329}, "datetime": {"datetime": "2021-06-22 00:08:26", "elapsed": 98.698043, "delta": 0.781141}}
{"target": -12.245659929684253, "params": {"C": 450.302613135869, "gamma": 0.031241130891272798}, "datetime": {"datetime": "2021-06-22 00:08:27", "elapsed": 99.392515, "delta": 0.694472}}
{"target": -12.46390525338584, "params": {"C": 476.0408480430474, "gamma": 0.017770622657687085}, "datetime": {"datetime": "2021-06-22 00:08:28", "elapsed": 100.093783, "delta": 0.701268}}
{"target": -12.128922532628659, "params": {"C": 541.8376930333318, "gamma": 0.022763306720553426}, "datetime": {"datetime": "2021-06-22 00:08:28", "elapsed": 100.881888, "delta": 0.788105}}
{"target": -12.422004489269982, "params": {"C": 442.9605973599817, "gamma": 0.04811875390121962}, "datetime": {"datetime": "2021-06-22 00:08:29", "elapsed": 101.543002, "delta": 0.661114}}
{"target": -11.623447927359276, "params": {"C": 774.2914052888502, "gamma": 0.02806153986393564}, "datetime": {"datetime": "2021-06-22 00:08:30", "elapsed": 102.280525, "delta": 0.737523}}
{"target": -11.756748514718822, "params": {"C": 675.6274060311138, "gamma": 0.030025136606878285}, "datetime": {"datetime": "2021-06-22 00:08:31", "elapsed": 102.952526, "delta": 0.672001}}
{"target": -12.025828328255535, "params": {"C": 572.216632592457, "gamma": 0.024283290207885333}, "datetime": {"datetime": "2021-06-22 00:08:31", "elapsed": 103.630299, "delta": 0.677773}}
{"target": -12.265382631858742, "params": {"C": 469.4543269647877, "gamma": 0.024509103204781398}, "datetime": {"datetime": "2021-06-22 00:08:32", "elapsed": 104.424301, "delta": 0.794002}}
{"target": -12.927969044730805, "params": {"C": 519.3543775301672, "gamma": 0.010146212721774532}, "datetime": {"datetime": "2021-06-22 00:08:33", "elapsed": 105.123302, "delta": 0.699001}}
{"target": -12.075966371900941, "params": {"C": 516.7838189684234, "gamma": 0.03603738031566844}, "datetime": {"datetime": "2021-06-22 00:08:34", "elapsed": 106.180758, "delta": 1.057456}}
{"target": -11.617783326653578, "params": {"C": 799.1449886088617, "gamma": 0.0423582202891608}, "datetime": {"datetime": "2021-06-22 00:08:34", "elapsed": 106.845718, "delta": 0.66496}}
{"target": -12.583165371337856, "params": {"C": 559.9747094800573, "gamma": 0.012455784769609127}, "datetime": {"datetime": "2021-06-22 00:08:35", "elapsed": 107.658226, "delta": 0.812508}}
{"target": -12.501955781299232, "params": {"C": 569.424865147693, "gamma": 0.013259522266864061}, "datetime": {"datetime": "2021-06-22 00:08:36", "elapsed": 108.401747, "delta": 0.743521}}
{"target": -12.264312313827164, "params": {"C": 701.0743709123333, "gamma": 0.01333581743115958}, "datetime": {"datetime": "2021-06-22 00:08:37", "elapsed": 109.072587, "delta": 0.67084}}
{"target": -12.609226168200612, "params": {"C": 699.188090056643, "gamma": 0.009628293490965233}, "datetime": {"datetime": "2021-06-22 00:08:37", "elapsed": 109.710587, "delta": 0.638}}
{"target": -11.772964348147505, "params": {"C": 697.4448719781732, "gamma": 0.04215511452525412}, "datetime": {"datetime": "2021-06-22 00:08:38", "elapsed": 110.595587, "delta": 0.885}}
{"target": -11.781591887815654, "params": {"C": 702.8987014550812, "gamma": 0.04390007490631719}, "datetime": {"datetime": "2021-06-22 00:08:39", "elapsed": 111.394583, "delta": 0.798996}}
{"target": -12.155973818026682, "params": {"C": 549.2165533415507, "gamma": 0.05}, "datetime": {"datetime": "2021-06-22 00:08:40", "elapsed": 112.198587, "delta": 0.804004}}
{"target": -12.647545569651614, "params": {"C": 405.19546643051234, "gamma": 0.018408674574105107}, "datetime": {"datetime": "2021-06-22 00:08:41", "elapsed": 113.016586, "delta": 0.817999}}
{"target": -12.223405265254096, "params": {"C": 472.8709764292031, "gamma": 0.026693035579907654}, "datetime": {"datetime": "2021-06-22 00:08:42", "elapsed": 113.948587, "delta": 0.932001}}
{"target": -11.665907919072428, "params": {"C": 762.071596748591, "gamma": 0.041708555662069706}, "datetime": {"datetime": "2021-06-22 00:08:42", "elapsed": 114.72951, "delta": 0.780923}}
{"target": -12.244547325013837, "params": {"C": 513.3889339197005, "gamma": 0.05}, "datetime": {"datetime": "2021-06-22 00:08:43", "elapsed": 115.668093, "delta": 0.938583}}
{"target": -12.416664870178389, "params": {"C": 447.2350719649302, "gamma": 0.04864609385458941}, "datetime": {"datetime": "2021-06-22 00:08:44", "elapsed": 116.379086, "delta": 0.710993}}
{"target": -12.353758853557917, "params": {"C": 621.8308169862692, "gamma": 0.013951404681502449}, "datetime": {"datetime": "2021-06-22 00:08:45", "elapsed": 117.525864, "delta": 1.146778}}
{"target": -11.88818396142765, "params": {"C": 623.7914676352798, "gamma": 0.02679672973610444}, "datetime": {"datetime": "2021-06-22 00:08:46", "elapsed": 118.38814, "delta": 0.862276}}
{"target": -12.157740096930295, "params": {"C": 483.0912295458961, "gamma": 0.030510104912487034}, "datetime": {"datetime": "2021-06-22 00:08:47", "elapsed": 119.2685, "delta": 0.88036}}
{"target": -11.67008399647223, "params": {"C": 726.6925277935311, "gamma": 0.03158285995385361}, "datetime": {"datetime": "2021-06-22 00:08:48", "elapsed": 120.094384, "delta": 0.825884}}
{"target": -12.18526726879408, "params": {"C": 741.177011765987, "gamma": 0.013628992453329498}, "datetime": {"datetime": "2021-06-22 00:08:48", "elapsed": 120.796841, "delta": 0.702457}}
{"target": -11.718675429581927, "params": {"C": 742.8222553476668, "gamma": 0.02504530362132179}, "datetime": {"datetime": "2021-06-22 00:08:49", "elapsed": 121.650658, "delta": 0.853817}}
{"target": -12.46040807501802, "params": {"C": 409.41874754263154, "gamma": 0.023990898241164016}, "datetime": {"datetime": "2021-06-22 00:08:50", "elapsed": 122.494242, "delta": 0.843584}}
{"target": -11.754426934062295, "params": {"C": 794.7496879467001, "gamma": 0.02091714894602397}, "datetime": {"datetime": "2021-06-22 00:08:51", "elapsed": 123.694513, "delta": 1.200271}}
{"target": -11.645616465813024, "params": {"C": 796.4873559464315, "gamma": 0.0446192529681122}, "datetime": {"datetime": "2021-06-22 00:08:52", "elapsed": 124.492185, "delta": 0.797672}}
{"target": -11.681900581425781, "params": {"C": 719.384606480784, "gamma": 0.03268452512798698}, "datetime": {"datetime": "2021-06-22 00:08:53", "elapsed": 125.34672, "delta": 0.854535}}
{"target": -11.865130079278112, "params": {"C": 640.3557619679519, "gamma": 0.041341085434709754}, "datetime": {"datetime": "2021-06-22 00:08:54", "elapsed": 126.282395, "delta": 0.935675}}
{"target": -11.820510880753162, "params": {"C": 680.7850144801562, "gamma": 0.0440148623598932}, "datetime": {"datetime": "2021-06-22 00:08:55", "elapsed": 127.233298, "delta": 0.950903}}
{"target": -12.118096458000375, "params": {"C": 749.7010085621414, "gamma": 0.01446953375806465}, "datetime": {"datetime": "2021-06-22 00:08:56", "elapsed": 128.25645, "delta": 1.023152}}
{"target": -11.638983587934526, "params": {"C": 748.1138212594012, "gamma": 0.03284971561903316}, "datetime": {"datetime": "2021-06-22 00:08:57", "elapsed": 128.981633, "delta": 0.725183}}
{"target": -12.443684291318114, "params": {"C": 401.50263926017703, "gamma": 0.03901873472745635}, "datetime": {"datetime": "2021-06-22 00:08:58", "elapsed": 130.004079, "delta": 1.022446}}
{"target": -11.83615089144329, "params": {"C": 626.105558778137, "gamma": 0.03148262477439302}, "datetime": {"datetime": "2021-06-22 00:08:58", "elapsed": 130.769073, "delta": 0.764994}}
{"target": -11.680107306288017, "params": {"C": 793.2442641352856, "gamma": 0.047316350691419096}, "datetime": {"datetime": "2021-06-22 00:09:00", "elapsed": 131.938314, "delta": 1.169241}}
{"target": -12.026656298227904, "params": {"C": 693.5149515604883, "gamma": 0.017690187565362187}, "datetime": {"datetime": "2021-06-22 00:09:00", "elapsed": 132.705188, "delta": 0.766874}}
{"target": -11.815830908195077, "params": {"C": 691.5822078267065, "gamma": 0.024107756372200254}, "datetime": {"datetime": "2021-06-22 00:09:01", "elapsed": 133.58444, "delta": 0.879252}}
{"target": -11.770860809768982, "params": {"C": 662.7857004507152, "gamma": 0.03163850875111318}, "datetime": {"datetime": "2021-06-22 00:09:02", "elapsed": 134.33566, "delta": 0.75122}}
{"target": -12.652102104770757, "params": {"C": 521.9047399964595, "gamma": 0.012656228161038383}, "datetime": {"datetime": "2021-06-22 00:09:03", "elapsed": 135.284962, "delta": 0.949302}}
{"target": -12.072637950660432, "params": {"C": 524.2548380096283, "gamma": 0.028555802663450508}, "datetime": {"datetime": "2021-06-22 00:09:04", "elapsed": 136.321364, "delta": 1.036402}}
{"target": -13.246369491138212, "params": {"C": 429.1251247928787, "gamma": 0.009969493440078595}, "datetime": {"datetime": "2021-06-22 00:09:05", "elapsed": 137.201022, "delta": 0.879658}}
{"target": -12.635053601270965, "params": {"C": 432.081166996058, "gamma": 0.016759733867601052}, "datetime": {"datetime": "2021-06-22 00:09:06", "elapsed": 138.154652, "delta": 0.95363}}
{"target": -12.565683577339184, "params": {"C": 779.4895403823479, "gamma": 0.009}, "datetime": {"datetime": "2021-06-22 00:09:07", "elapsed": 138.940393, "delta": 0.785741}}
{"target": -11.64077196002209, "params": {"C": 777.9835835942187, "gamma": 0.026571790686870933}, "datetime": {"datetime": "2021-06-22 00:09:08", "elapsed": 139.958349, "delta": 1.017956}}
{"target": -11.633099533768537, "params": {"C": 776.0138422545149, "gamma": 0.02723725929431864}, "datetime": {"datetime": "2021-06-22 00:09:08", "elapsed": 140.735518, "delta": 0.777169}}
{"target": -12.990633382247218, "params": {"C": 488.0409754663964, "gamma": 0.010363235800549033}, "datetime": {"datetime": "2021-06-22 00:09:09", "elapsed": 141.631776, "delta": 0.896258}}
{"target": -11.87831444789578, "params": {"C": 644.1488737704796, "gamma": 0.04335243302719271}, "datetime": {"datetime": "2021-06-22 00:09:10", "elapsed": 142.707526, "delta": 1.07575}}
{"target": -12.041707432409309, "params": {"C": 783.8071314739104, "gamma": 0.014937531958169159}, "datetime": {"datetime": "2021-06-22 00:09:11", "elapsed": 143.742689, "delta": 1.035163}}
{"target": -11.594745442071003, "params": {"C": 785.238013368243, "gamma": 0.03691609228071581}, "datetime": {"datetime": "2021-06-22 00:09:12", "elapsed": 144.843362, "delta": 1.100673}}
{"target": -12.761842587072048, "params": {"C": 460.16760572009736, "gamma": 0.013304581510631675}, "datetime": {"datetime": "2021-06-22 00:09:13", "elapsed": 145.778152, "delta": 0.93479}}
{"target": -12.262140327931178, "params": {"C": 506.5231247095343, "gamma": 0.04999836711595583}, "datetime": {"datetime": "2021-06-22 00:09:14", "elapsed": 146.72174, "delta": 0.943588}}
{"target": -11.623752121242417, "params": {"C": 765.5894517364708, "gamma": 0.02904400898530366}, "datetime": {"datetime": "2021-06-22 00:09:15", "elapsed": 147.590806, "delta": 0.869066}}
{"target": -11.822391851820454, "params": {"C": 724.8043316027465, "gamma": 0.021911982403938567}, "datetime": {"datetime": "2021-06-22 00:09:16", "elapsed": 148.382119, "delta": 0.791313}}
{"target": -11.85608851490589, "params": {"C": 682.606756081581, "gamma": 0.047550227382405885}, "datetime": {"datetime": "2021-06-22 00:09:17", "elapsed": 149.305862, "delta": 0.923743}}
{"target": -12.035901706168287, "params": {"C": 534.0931895924939, "gamma": 0.030065736851788427}, "datetime": {"datetime": "2021-06-22 00:09:18", "elapsed": 150.220493, "delta": 0.914631}}
{"target": -12.3205032197492, "params": {"C": 485.8108017335237, "gamma": 0.05}, "datetime": {"datetime": "2021-06-22 00:09:19", "elapsed": 151.038807, "delta": 0.818314}}
{"target": -11.947864178742018, "params": {"C": 648.6341336564144, "gamma": 0.05}, "datetime": {"datetime": "2021-06-22 00:09:20", "elapsed": 152.038568, "delta": 0.999761}}
{"target": -11.629731072485807, "params": {"C": 754.577272406736, "gamma": 0.03311141221726692}, "datetime": {"datetime": "2021-06-22 00:09:21", "elapsed": 152.962429, "delta": 0.923861}}
{"target": -12.446212475600927, "params": {"C": 412.2537612147134, "gamma": 0.024211090994760088}, "datetime": {"datetime": "2021-06-22 00:09:22", "elapsed": 154.285394, "delta": 1.322965}}
{"target": -12.047692926073394, "params": {"C": 628.4004860091046, "gamma": 0.019841516510855323}, "datetime": {"datetime": "2021-06-22 00:09:23", "elapsed": 155.113298, "delta": 0.827904}}
{"target": -12.349294128634352, "params": {"C": 462.7229031988116, "gamma": 0.047436521536747205}, "datetime": {"datetime": "2021-06-22 00:09:24", "elapsed": 155.955833, "delta": 0.842535}}
{"target": -12.133927472187104, "params": {"C": 653.8887797560428, "gamma": 0.016830677698768285}, "datetime": {"datetime": "2021-06-22 00:09:24", "elapsed": 156.821823, "delta": 0.86599}}
{"target": -12.103799856639567, "params": {"C": 501.9685572236974, "gamma": 0.034062910698415244}, "datetime": {"datetime": "2021-06-22 00:09:25", "elapsed": 157.692734, "delta": 0.870911}}
{"target": -11.708593925732789, "params": {"C": 704.8238024208351, "gamma": 0.0346866629099236}, "datetime": {"datetime": "2021-06-22 00:09:26", "elapsed": 158.554999, "delta": 0.862265}}
{"target": -11.936223824531119, "params": {"C": 711.8578714402767, "gamma": 0.019132414568727937}, "datetime": {"datetime": "2021-06-22 00:09:27", "elapsed": 159.723721, "delta": 1.168722}}
{"target": -11.617824739130702, "params": {"C": 791.3512417225772, "gamma": 0.04119195060976754}, "datetime": {"datetime": "2021-06-22 00:09:28", "elapsed": 160.775048, "delta": 1.051327}}
{"target": -11.901425349729228, "params": {"C": 769.3422383541123, "gamma": 0.01798178504135259}, "datetime": {"datetime": "2021-06-22 00:09:29", "elapsed": 161.801539, "delta": 1.026491}}
{"target": -11.755453399875671, "params": {"C": 710.1896618352954, "gamma": 0.04251270882165118}, "datetime": {"datetime": "2021-06-22 00:09:30", "elapsed": 162.68333, "delta": 0.881791}}
{"target": -12.443141756024383, "params": {"C": 414.77727440524546, "gamma": 0.04308022957500414}, "datetime": {"datetime": "2021-06-22 00:09:32", "elapsed": 163.95909, "delta": 1.27576}}
{"target": -12.252802534492117, "params": {"C": 657.44574201973, "gamma": 0.014575984276306271}, "datetime": {"datetime": "2021-06-22 00:09:33", "elapsed": 165.039364, "delta": 1.080274}}
{"target": -11.917977779463863, "params": {"C": 655.8020915129262, "gamma": 0.02239686990272144}, "datetime": {"datetime": "2021-06-22 00:09:34", "elapsed": 165.92788, "delta": 0.888516}}
{"target": -12.390361108629303, "params": {"C": 425.25076500328646, "gamma": 0.02484303358976918}, "datetime": {"datetime": "2021-06-22 00:09:35", "elapsed": 167.127398, "delta": 1.199518}}
{"target": -12.107613143796758, "params": {"C": 553.8081952505777, "gamma": 0.022573301564498025}, "datetime": {"datetime": "2021-06-22 00:09:36", "elapsed": 168.190356, "delta": 1.062958}}
{"target": -11.892338114705266, "params": {"C": 687.0553141273132, "gamma": 0.021502302707550845}, "datetime": {"datetime": "2021-06-22 00:09:37", "elapsed": 169.079349, "delta": 0.888993}}
{"target": -11.727529499229696, "params": {"C": 780.7757289329883, "gamma": 0.05}, "datetime": {"datetime": "2021-06-22 00:09:38", "elapsed": 170.005966, "delta": 0.926617}}
{"target": -12.695065808636171, "params": {"C": 652.2362987588044, "gamma": 0.009643692735047397}, "datetime": {"datetime": "2021-06-22 00:09:39", "elapsed": 171.103127, "delta": 1.097161}}
{"target": -11.88260584268515, "params": {"C": 650.5979285851018, "gamma": 0.044785103795359264}, "datetime": {"datetime": "2021-06-22 00:09:40", "elapsed": 172.008942, "delta": 0.905815}}
{"target": -11.952954256844937, "params": {"C": 645.9848619497475, "gamma": 0.05}, "datetime": {"datetime": "2021-06-22 00:09:41", "elapsed": 173.048418, "delta": 1.039476}}
{"target": -12.295849699189763, "params": {"C": 438.08460265454346, "gamma": 0.03663355536756784}, "datetime": {"datetime": "2021-06-22 00:09:42", "elapsed": 174.115812, "delta": 1.067394}}
{"target": -12.642213005916467, "params": {"C": 565.2571286223556, "gamma": 0.011617316005942825}, "datetime": {"datetime": "2021-06-22 00:09:43", "elapsed": 175.566417, "delta": 1.450605}}
{"target": -11.80932464441807, "params": {"C": 717.0414632599882, "gamma": 0.048761621335182}, "datetime": {"datetime": "2021-06-22 00:09:44", "elapsed": 176.676216, "delta": 1.109799}}
{"target": -12.769893700440257, "params": {"C": 586.2483461480592, "gamma": 0.0101094156496426}, "datetime": {"datetime": "2021-06-22 00:09:45", "elapsed": 177.817055, "delta": 1.140839}}
{"target": -11.977229333532469, "params": {"C": 584.5449801424049, "gamma": 0.04166958711988477}, "datetime": {"datetime": "2021-06-22 00:09:47", "elapsed": 178.983055, "delta": 1.166}}
{"target": -12.162666308805651, "params": {"C": 504.3544612458656, "gamma": 0.042128317945244756}, "datetime": {"datetime": "2021-06-22 00:09:48", "elapsed": 180.111055, "delta": 1.128}}
{"target": -11.730491784237538, "params": {"C": 695.1971268647757, "gamma": 0.03627130924361142}, "datetime": {"datetime": "2021-06-22 00:09:49", "elapsed": 181.278608, "delta": 1.167553}}
{"target": -12.044379200996254, "params": {"C": 739.5793887361991, "gamma": 0.015964601342122173}, "datetime": {"datetime": "2021-06-22 00:09:50", "elapsed": 182.183832, "delta": 0.905224}}
{"target": -12.498806587825435, "params": {"C": 420.1122856698901, "gamma": 0.048203250303461724}, "datetime": {"datetime": "2021-06-22 00:09:51", "elapsed": 183.323832, "delta": 1.14}}
{"target": -11.938570459904755, "params": {"C": 757.5962621272363, "gamma": 0.017529974891562508}, "datetime": {"datetime": "2021-06-22 00:09:52", "elapsed": 184.670628, "delta": 1.346796}}
{"target": -11.904520483396826, "params": {"C": 671.6047773005351, "gamma": 0.05}, "datetime": {"datetime": "2021-06-22 00:09:54", "elapsed": 185.973739, "delta": 1.303111}}
{"target": -11.895522176717847, "params": {"C": 642.3547730867392, "gamma": 0.04459212000880562}, "datetime": {"datetime": "2021-06-22 00:09:54", "elapsed": 186.913265, "delta": 0.939526}}
{"target": -11.890438964947926, "params": {"C": 658.8994113545345, "gamma": 0.046806004680353404}, "datetime": {"datetime": "2021-06-22 00:09:56", "elapsed": 188.047124, "delta": 1.133859}}
{"target": -11.821769133805656, "params": {"C": 713.278857036142, "gamma": 0.049305928496342064}, "datetime": {"datetime": "2021-06-22 00:09:57", "elapsed": 188.968072, "delta": 0.920948}}
{"target": -11.713490865316212, "params": {"C": 762.6851075535542, "gamma": 0.023875355902305405}, "datetime": {"datetime": "2021-06-22 00:09:58", "elapsed": 190.379091, "delta": 1.411019}}
{"target": -11.914261727179472, "params": {"C": 664.9918508869342, "gamma": 0.049809730772219875}, "datetime": {"datetime": "2021-06-22 00:09:59", "elapsed": 191.663691, "delta": 1.2846}}
