{"target": -16.440351910705733, "params": {"C": 74.90248218200351, "gamma": 0.027852223919650955}, "datetime": {"datetime": "2021-06-21 23:03:40", "elapsed": 36.961134, "delta": 0.562685}}
{"target": -17.279545656860172, "params": {"C": 66.26644408066664, "gamma": 0.05}, "datetime": {"datetime": "2021-06-21 23:03:41", "elapsed": 37.514134, "delta": 0.553}}
{"target": -17.58804756193303, "params": {"C": 51.993809652209116, "gamma": 0.02075270375689177}, "datetime": {"datetime": "2021-06-21 23:03:42", "elapsed": 38.111745, "delta": 0.597611}}
{"target": -17.949851888031343, "params": {"C": 53.4230472247026, "gamma": 0.04822233076166566}, "datetime": {"datetime": "2021-06-21 23:03:42", "elapsed": 38.734103, "delta": 0.622358}}
{"target": -17.463918429066215, "params": {"C": 71.53725152472323, "gamma": 0.00941345671969625}, "datetime": {"datetime": "2021-06-21 23:03:43", "elapsed": 39.528968, "delta": 0.794865}}
{"target": -17.247746466209197, "params": {"C": 62.6757179061769, "gamma": 0.04222323499530629}, "datetime": {"datetime": "2021-06-21 23:03:44", "elapsed": 40.0391, "delta": 0.510132}}
{"target": -16.93430348206628, "params": {"C": 72.59226263408785, "gamma": 0.04854241182569926}, "datetime": {"datetime": "2021-06-21 23:03:44", "elapsed": 40.600702, "delta": 0.561602}}
{"target": -17.212180654574684, "params": {"C": 61.51936990161608, "gamma": 0.01638137689481936}, "datetime": {"datetime": "2021-06-21 23:03:45", "elapsed": 41.12297, "delta": 0.522268}}
{"target": -17.32571235170852, "params": {"C": 65.08703305693986, "gamma": 0.04951983887306848}, "datetime": {"datetime": "2021-06-21 23:03:45", "elapsed": 41.831145, "delta": 0.708175}}
{"target": -16.946554099924857, "params": {"C": 63.836519699433694, "gamma": 0.02978819279215661}, "datetime": {"datetime": "2021-06-21 23:03:46", "elapsed": 42.464137, "delta": 0.632992}}
{"target": -16.904347313566483, "params": {"C": 83.97295744686157, "gamma": 0.010258716375380582}, "datetime": {"datetime": "2021-06-21 23:03:47", "elapsed": 43.15114, "delta": 0.687003}}
{"target": -16.322687162253285, "params": {"C": 83.39129286734345, "gamma": 0.042653647749920906}, "datetime": {"datetime": "2021-06-21 23:03:47", "elapsed": 43.781136, "delta": 0.629996}}
{"target": -17.771410995224482, "params": {"C": 56.42818711869819, "gamma": 0.04848499931146303}, "datetime": {"datetime": "2021-06-21 23:03:48", "elapsed": 44.410135, "delta": 0.628999}}
{"target": -17.481020788970493, "params": {"C": 70.19458712440982, "gamma": 0.00959777728915558}, "datetime": {"datetime": "2021-06-21 23:03:49", "elapsed": 45.000543, "delta": 0.590408}}
{"target": -17.538389743717314, "params": {"C": 55.36113424276686, "gamma": 0.03796184128273468}, "datetime": {"datetime": "2021-06-21 23:03:49", "elapsed": 45.592255, "delta": 0.591712}}
{"target": -17.38386479711136, "params": {"C": 75.8317511302628, "gamma": 0.009029931793202804}, "datetime": {"datetime": "2021-06-21 23:03:50", "elapsed": 46.22436, "delta": 0.632105}}
{"target": -16.190915759648263, "params": {"C": 92.13558703101805, "gamma": 0.05}, "datetime": {"datetime": "2021-06-21 23:03:50", "elapsed": 46.920806, "delta": 0.696446}}
{"target": -16.8780511386419, "params": {"C": 79.60524463247003, "gamma": 0.01138485122402295}, "datetime": {"datetime": "2021-06-21 23:03:51", "elapsed": 47.561763, "delta": 0.640957}}
{"target": -16.845955783440427, "params": {"C": 74.58276435096428, "gamma": 0.04858756754793419}, "datetime": {"datetime": "2021-06-21 23:03:52", "elapsed": 48.258762, "delta": 0.696999}}
{"target": -17.99776728336927, "params": {"C": 59.67040375810758, "gamma": 0.009}, "datetime": {"datetime": "2021-06-21 23:03:52", "elapsed": 48.898178, "delta": 0.639416}}
{"target": -17.38823014419569, "params": {"C": 68.74562561113076, "gamma": 0.010534448460188714}, "datetime": {"datetime": "2021-06-21 23:03:53", "elapsed": 49.501945, "delta": 0.603767}}
{"target": -16.990343440513765, "params": {"C": 69.45029906151738, "gamma": 0.0451887799028155}, "datetime": {"datetime": "2021-06-21 23:03:54", "elapsed": 50.18191, "delta": 0.679965}}
{"target": -16.313940990674887, "params": {"C": 87.40230633357592, "gamma": 0.048145704785140214}, "datetime": {"datetime": "2021-06-21 23:03:54", "elapsed": 50.920906, "delta": 0.738996}}
{"target": -16.356041633031673, "params": {"C": 77.33953002046759, "gamma": 0.024150813458907343}, "datetime": {"datetime": "2021-06-21 23:03:55", "elapsed": 51.563898, "delta": 0.642992}}
{"target": -15.923727338096914, "params": {"C": 100.0, "gamma": 0.05}, "datetime": {"datetime": "2021-06-21 23:03:56", "elapsed": 52.330162, "delta": 0.766264}}
{"target": -17.207208975998526, "params": {"C": 75.1870809167699, "gamma": 0.010184285608841367}, "datetime": {"datetime": "2021-06-21 23:03:57", "elapsed": 52.996161, "delta": 0.665999}}
{"target": -15.893360014266007, "params": {"C": 96.83923866354213, "gamma": 0.0446658995904027}, "datetime": {"datetime": "2021-06-21 23:03:57", "elapsed": 53.781203, "delta": 0.785042}}
{"target": -17.964036008556025, "params": {"C": 57.95255241495426, "gamma": 0.009643684192287979}, "datetime": {"datetime": "2021-06-21 23:03:58", "elapsed": 54.522205, "delta": 0.741002}}
{"target": -17.67605481176882, "params": {"C": 58.84390801868098, "gamma": 0.05}, "datetime": {"datetime": "2021-06-21 23:03:59", "elapsed": 55.149162, "delta": 0.626957}}
{"target": -17.570041530898, "params": {"C": 68.09404638664316, "gamma": 0.00952831672772596}, "datetime": {"datetime": "2021-06-21 23:03:59", "elapsed": 55.651204, "delta": 0.502042}}
{"target": -16.38381578871403, "params": {"C": 85.7163989744039, "gamma": 0.048369147431622336}, "datetime": {"datetime": "2021-06-21 23:04:00", "elapsed": 56.233162, "delta": 0.581958}}
{"target": -16.562709037202552, "params": {"C": 90.26897220001804, "gamma": 0.011217302279418844}, "datetime": {"datetime": "2021-06-21 23:04:01", "elapsed": 57.138162, "delta": 0.905}}
{"target": -16.76924019247248, "params": {"C": 67.21920570763552, "gamma": 0.026843471107478672}, "datetime": {"datetime": "2021-06-21 23:04:01", "elapsed": 57.924163, "delta": 0.786001}}
{"target": -18.189299036103222, "params": {"C": 50.35865019617902, "gamma": 0.04933352078017818}, "datetime": {"datetime": "2021-06-21 23:04:02", "elapsed": 58.625173, "delta": 0.70101}}
{"target": -16.647317447258494, "params": {"C": 73.85906327428626, "gamma": 0.01707204173156586}, "datetime": {"datetime": "2021-06-21 23:04:03", "elapsed": 59.381161, "delta": 0.755988}}
{"target": -16.50285178316914, "params": {"C": 82.13463023104966, "gamma": 0.04760381775481537}, "datetime": {"datetime": "2021-06-21 23:04:04", "elapsed": 60.117166, "delta": 0.736005}}
{"target": -16.019379346882857, "params": {"C": 95.6377975853494, "gamma": 0.04813996720760826}, "datetime": {"datetime": "2021-06-21 23:04:04", "elapsed": 60.760163, "delta": 0.642997}}
{"target": -15.911809072429223, "params": {"C": 99.42323839294627, "gamma": 0.048797758678385074}, "datetime": {"datetime": "2021-06-21 23:04:05", "elapsed": 61.520204, "delta": 0.760041}}
{"target": -16.7001475198344, "params": {"C": 99.08673249460892, "gamma": 0.009}, "datetime": {"datetime": "2021-06-21 23:04:06", "elapsed": 62.342163, "delta": 0.821959}}
{"target": -16.092071954280478, "params": {"C": 90.82898972553392, "gamma": 0.04446443007924553}, "datetime": {"datetime": "2021-06-21 23:04:07", "elapsed": 62.977171, "delta": 0.635008}}
{"target": -15.783227429550609, "params": {"C": 98.28133686369628, "gamma": 0.041895481033189026}, "datetime": {"datetime": "2021-06-21 23:04:07", "elapsed": 63.804167, "delta": 0.826996}}
{"target": -17.456839268656168, "params": {"C": 60.51043642430166, "gamma": 0.01307811432998203}, "datetime": {"datetime": "2021-06-21 23:04:08", "elapsed": 64.484204, "delta": 0.680037}}
{"target": -16.168566060620392, "params": {"C": 94.28112129322085, "gamma": 0.013589048027757174}, "datetime": {"datetime": "2021-06-21 23:04:09", "elapsed": 65.183192, "delta": 0.698988}}
{"target": -16.686420603199455, "params": {"C": 94.62499817465383, "gamma": 0.009696409110998156}, "datetime": {"datetime": "2021-06-21 23:04:09", "elapsed": 65.871228, "delta": 0.688036}}
{"target": -16.460074552862576, "params": {"C": 93.95980402854661, "gamma": 0.011173168919934879}, "datetime": {"datetime": "2021-06-21 23:04:10", "elapsed": 66.659844, "delta": 0.788616}}
{"target": -15.911295495836079, "params": {"C": 94.96916065550204, "gamma": 0.04283560362723863}, "datetime": {"datetime": "2021-06-21 23:04:11", "elapsed": 67.522837, "delta": 0.862993}}
{"target": -16.53415788864701, "params": {"C": 78.98057481464333, "gamma": 0.015518802367683472}, "datetime": {"datetime": "2021-06-21 23:04:12", "elapsed": 68.134836, "delta": 0.611999}}
{"target": -16.44950072634, "params": {"C": 80.6234657762804, "gamma": 0.04328903311781736}, "datetime": {"datetime": "2021-06-21 23:04:12", "elapsed": 68.891837, "delta": 0.757001}}
{"target": -17.354281898027732, "params": {"C": 65.9083764930217, "gamma": 0.01160896768333661}, "datetime": {"datetime": "2021-06-21 23:04:13", "elapsed": 69.641835, "delta": 0.749998}}
{"target": -17.26288099602051, "params": {"C": 66.59719773514257, "gamma": 0.05}, "datetime": {"datetime": "2021-06-21 23:04:14", "elapsed": 70.428879, "delta": 0.787044}}
{"target": -16.051644238958083, "params": {"C": 88.6236329546709, "gamma": 0.03937951659928936}, "datetime": {"datetime": "2021-06-21 23:04:15", "elapsed": 71.148838, "delta": 0.719959}}
{"target": -16.677338700983174, "params": {"C": 78.50966330676069, "gamma": 0.013700689727588408}, "datetime": {"datetime": "2021-06-21 23:04:16", "elapsed": 72.072841, "delta": 0.924003}}
{"target": -16.5648912880017, "params": {"C": 97.45326343703016, "gamma": 0.00993560594100862}, "datetime": {"datetime": "2021-06-21 23:04:16", "elapsed": 72.913841, "delta": 0.841}}
{"target": -16.530716755894982, "params": {"C": 81.03774066307187, "gamma": 0.04701184238082993}, "datetime": {"datetime": "2021-06-21 23:04:17", "elapsed": 73.840836, "delta": 0.926995}}
{"target": -17.455152072807003, "params": {"C": 73.24324441014477, "gamma": 0.009123283251726427}, "datetime": {"datetime": "2021-06-21 23:04:18", "elapsed": 74.832844, "delta": 0.992008}}
{"target": -17.82605138846563, "params": {"C": 52.344574280656815, "gamma": 0.042011313686995316}, "datetime": {"datetime": "2021-06-21 23:04:19", "elapsed": 75.496837, "delta": 0.663993}}
{"target": -18.118326298977333, "params": {"C": 51.63045183081243, "gamma": 0.04979861765239036}, "datetime": {"datetime": "2021-06-21 23:04:20", "elapsed": 76.321835, "delta": 0.824998}}
{"target": -16.61206995482995, "params": {"C": 77.86301363187124, "gamma": 0.04515472734201608}, "datetime": {"datetime": "2021-06-21 23:04:21", "elapsed": 77.17784, "delta": 0.856005}}
{"target": -16.980986160822773, "params": {"C": 69.23755533160426, "gamma": 0.04445813884478138}, "datetime": {"datetime": "2021-06-21 23:04:21", "elapsed": 77.747542, "delta": 0.569702}}
{"target": -16.379984028650235, "params": {"C": 76.4209235946069, "gamma": 0.02674812192890027}, "datetime": {"datetime": "2021-06-21 23:04:22", "elapsed": 78.471545, "delta": 0.724003}}
{"target": -16.367682896263712, "params": {"C": 86.08621395058769, "gamma": 0.048294587176428705}, "datetime": {"datetime": "2021-06-21 23:04:23", "elapsed": 79.170543, "delta": 0.698998}}
{"target": -16.014572586173152, "params": {"C": 86.41681688932749, "gamma": 0.02559050136332059}, "datetime": {"datetime": "2021-06-21 23:04:23", "elapsed": 79.875581, "delta": 0.705038}}
{"target": -17.06974153680169, "params": {"C": 61.20540665161991, "gamma": 0.028771528004970633}, "datetime": {"datetime": "2021-06-21 23:04:24", "elapsed": 80.844543, "delta": 0.968962}}
{"target": -16.682535983948107, "params": {"C": 99.75860510609834, "gamma": 0.009}, "datetime": {"datetime": "2021-06-21 23:04:25", "elapsed": 81.639551, "delta": 0.795008}}
{"target": -18.178896267589657, "params": {"C": 53.04468544702299, "gamma": 0.009745945628551316}, "datetime": {"datetime": "2021-06-21 23:04:26", "elapsed": 82.44958, "delta": 0.810029}}
{"target": -17.727047321017224, "params": {"C": 62.37899884665395, "gamma": 0.009952712901360475}, "datetime": {"datetime": "2021-06-21 23:04:27", "elapsed": 83.285304, "delta": 0.835724}}
{"target": -17.314069533806933, "params": {"C": 62.96501551066585, "gamma": 0.04523980405701116}, "datetime": {"datetime": "2021-06-21 23:04:28", "elapsed": 84.051408, "delta": 0.766104}}
{"target": -17.467940739293898, "params": {"C": 61.81514373128142, "gamma": 0.04849618156463103}, "datetime": {"datetime": "2021-06-21 23:04:28", "elapsed": 84.787206, "delta": 0.735798}}
{"target": -17.31288504452994, "params": {"C": 63.57176036042583, "gamma": 0.046344825769168554}, "datetime": {"datetime": "2021-06-21 23:04:29", "elapsed": 85.637337, "delta": 0.850131}}
{"target": -17.33226124217669, "params": {"C": 64.10658991861611, "gamma": 0.047997278656695445}, "datetime": {"datetime": "2021-06-21 23:04:30", "elapsed": 86.345336, "delta": 0.707999}}
{"target": -16.67675738512293, "params": {"C": 82.95522914249881, "gamma": 0.012057296015737712}, "datetime": {"datetime": "2021-06-21 23:04:31", "elapsed": 87.265438, "delta": 0.920102}}
{"target": -16.287548546541895, "params": {"C": 89.35294215002361, "gamma": 0.04984807787913834}, "datetime": {"datetime": "2021-06-21 23:04:32", "elapsed": 88.142435, "delta": 0.876997}}
{"target": -16.049877075688848, "params": {"C": 95.34494607442309, "gamma": 0.048924897195277664}, "datetime": {"datetime": "2021-06-21 23:04:32", "elapsed": 88.860397, "delta": 0.717962}}
{"target": -17.008176142224094, "params": {"C": 87.94629679789202, "gamma": 0.009}, "datetime": {"datetime": "2021-06-21 23:04:33", "elapsed": 89.913144, "delta": 1.052747}}
{"target": -16.045898091438733, "params": {"C": 96.29794240831336, "gamma": 0.05}, "datetime": {"datetime": "2021-06-21 23:04:34", "elapsed": 90.674142, "delta": 0.760998}}
{"target": -16.478973789872487, "params": {"C": 97.76950524640422, "gamma": 0.010380216558832553}, "datetime": {"datetime": "2021-06-21 23:04:35", "elapsed": 91.416846, "delta": 0.742704}}
{"target": -18.16344292310192, "params": {"C": 53.775693862023545, "gamma": 0.009618657708839243}, "datetime": {"datetime": "2021-06-21 23:04:36", "elapsed": 92.374343, "delta": 0.957497}}
{"target": -16.71985608242254, "params": {"C": 76.84648955121114, "gamma": 0.047573989031524926}, "datetime": {"datetime": "2021-06-21 23:04:37", "elapsed": 93.398529, "delta": 1.024186}}
{"target": -16.756233755957894, "params": {"C": 96.97296308296512, "gamma": 0.009}, "datetime": {"datetime": "2021-06-21 23:04:38", "elapsed": 94.130488, "delta": 0.731959}}
{"target": -16.307610908610496, "params": {"C": 96.70079063841001, "gamma": 0.011670111709473635}, "datetime": {"datetime": "2021-06-21 23:04:38", "elapsed": 94.928862, "delta": 0.798374}}
{"target": -16.54547748445384, "params": {"C": 82.61859057229205, "gamma": 0.049861231345458924}, "datetime": {"datetime": "2021-06-21 23:04:39", "elapsed": 95.956881, "delta": 1.028019}}
{"target": -16.858664549641073, "params": {"C": 72.82302825536877, "gamma": 0.014115062047157293}, "datetime": {"datetime": "2021-06-21 23:04:40", "elapsed": 96.855552, "delta": 0.898671}}
{"target": -17.837685738131754, "params": {"C": 54.508463747255085, "gamma": 0.04681709754811418}, "datetime": {"datetime": "2021-06-21 23:04:41", "elapsed": 97.729289, "delta": 0.873737}}
{"target": -16.484142587354317, "params": {"C": 81.39678919466829, "gamma": 0.04582544068392103}, "datetime": {"datetime": "2021-06-21 23:04:42", "elapsed": 98.532896, "delta": 0.803607}}
{"target": -16.77085493828852, "params": {"C": 71.8461347995746, "gamma": 0.041022610486427497}, "datetime": {"datetime": "2021-06-21 23:04:43", "elapsed": 99.36727, "delta": 0.834374}}
{"target": -17.144360318053927, "params": {"C": 81.72831975652113, "gamma": 0.009282703494990267}, "datetime": {"datetime": "2021-06-21 23:04:44", "elapsed": 100.416268, "delta": 1.048998}}
{"target": -16.004508260550928, "params": {"C": 88.31907016320304, "gamma": 0.021264873376622823}, "datetime": {"datetime": "2021-06-21 23:04:45", "elapsed": 101.359014, "delta": 0.942746}}
{"target": -16.883896384882842, "params": {"C": 92.30524532388704, "gamma": 0.009}, "datetime": {"datetime": "2021-06-21 23:04:46", "elapsed": 102.160855, "delta": 0.801841}}
{"target": -16.147789439216687, "params": {"C": 92.74947040012037, "gamma": 0.04920561033192859}, "datetime": {"datetime": "2021-06-21 23:04:47", "elapsed": 103.341811, "delta": 1.180956}}
{"target": -15.93843338109313, "params": {"C": 91.97715208244753, "gamma": 0.01923995907244485}, "datetime": {"datetime": "2021-06-21 23:04:48", "elapsed": 104.239763, "delta": 0.897952}}
{"target": -16.147763010605086, "params": {"C": 98.00112673860026, "gamma": 0.01263420215233478}, "datetime": {"datetime": "2021-06-21 23:04:49", "elapsed": 105.13269, "delta": 0.892927}}
{"target": -17.211525174069585, "params": {"C": 71.21546442658104, "gamma": 0.0111287769603927}, "datetime": {"datetime": "2021-06-21 23:04:50", "elapsed": 106.009892, "delta": 0.877202}}
{"target": -17.33704352006748, "params": {"C": 64.78767868157394, "gamma": 0.04937936475217258}, "datetime": {"datetime": "2021-06-21 23:04:51", "elapsed": 106.993311, "delta": 0.983419}}
{"target": -17.261989498665013, "params": {"C": 72.35443902799875, "gamma": 0.010483494886552876}, "datetime": {"datetime": "2021-06-21 23:04:51", "elapsed": 107.780545, "delta": 0.787234}}
{"target": -16.36186346970795, "params": {"C": 85.22023921110237, "gamma": 0.0468522279079222}, "datetime": {"datetime": "2021-06-21 23:04:52", "elapsed": 108.524809, "delta": 0.744264}}
{"target": -17.242965289114224, "params": {"C": 65.34938856440884, "gamma": 0.013072789450619354}, "datetime": {"datetime": "2021-06-21 23:04:53", "elapsed": 109.553702, "delta": 1.028893}}
{"target": -16.578605737914007, "params": {"C": 98.79391135247246, "gamma": 0.00966279994599282}, "datetime": {"datetime": "2021-06-21 23:04:54", "elapsed": 110.295474, "delta": 0.741772}}
{"target": -16.932845395297875, "params": {"C": 68.83302914659733, "gamma": 0.04188359061189571}, "datetime": {"datetime": "2021-06-21 23:04:54", "elapsed": 110.950196, "delta": 0.654722}}
{"target": -16.683829944680305, "params": {"C": 86.78244191059153, "gamma": 0.011119697586881482}, "datetime": {"datetime": "2021-06-21 23:04:55", "elapsed": 111.9362, "delta": 0.986004}}
{"target": -16.151886048341144, "params": {"C": 93.23725929332846, "gamma": 0.05}, "datetime": {"datetime": "2021-06-21 23:04:57", "elapsed": 113.04464, "delta": 1.10844}}
{"target": -16.102147009894498, "params": {"C": 95.29450540977767, "gamma": 0.014036645451161948}, "datetime": {"datetime": "2021-06-21 23:04:57", "elapsed": 113.704473, "delta": 0.659833}}
{"target": -16.621447138807675, "params": {"C": 80.24699016315009, "gamma": 0.04914684381851287}, "datetime": {"datetime": "2021-06-21 23:04:58", "elapsed": 114.758009, "delta": 1.053536}}
{"target": -16.782938649116527, "params": {"C": 87.5598148735642, "gamma": 0.010326454514669283}, "datetime": {"datetime": "2021-06-21 23:04:59", "elapsed": 115.571486, "delta": 0.813477}}
{"target": -16.17592704229372, "params": {"C": 87.23956265356982, "gamma": 0.04265768409546818}, "datetime": {"datetime": "2021-06-21 23:05:00", "elapsed": 116.3952, "delta": 0.823714}}
{"target": -16.467347589139784, "params": {"C": 84.42330110338489, "gamma": 0.04960280141641578}, "datetime": {"datetime": "2021-06-21 23:05:01", "elapsed": 117.386935, "delta": 0.991735}}
{"target": -15.950350431824182, "params": {"C": 98.18169358595006, "gamma": 0.01499626437203659}, "datetime": {"datetime": "2021-06-21 23:05:02", "elapsed": 118.403631, "delta": 1.016696}}
{"target": -16.035730473083827, "params": {"C": 88.94258646446858, "gamma": 0.03916845540356819}, "datetime": {"datetime": "2021-06-21 23:05:03", "elapsed": 119.049432, "delta": 0.645801}}
{"target": -16.251633814649697, "params": {"C": 81.05120507032632, "gamma": 0.03474464257757249}, "datetime": {"datetime": "2021-06-21 23:05:03", "elapsed": 119.692233, "delta": 0.642801}}
{"target": -16.54931457824865, "params": {"C": 78.73377289684842, "gamma": 0.015418790322810481}, "datetime": {"datetime": "2021-06-21 23:05:04", "elapsed": 120.341828, "delta": 0.649595}}
{"target": -17.621764672077134, "params": {"C": 55.08078606538371, "gamma": 0.014596560812897777}, "datetime": {"datetime": "2021-06-21 23:05:05", "elapsed": 121.253868, "delta": 0.91204}}
{"target": -16.825944834786235, "params": {"C": 93.01502984508626, "gamma": 0.00919454481865264}, "datetime": {"datetime": "2021-06-21 23:05:06", "elapsed": 122.283478, "delta": 1.02961}}
{"target": -16.967566068896943, "params": {"C": 70.47943697175003, "gamma": 0.013887202406511895}, "datetime": {"datetime": "2021-06-21 23:05:07", "elapsed": 123.310948, "delta": 1.02747}}
{"target": -17.753597279962392, "params": {"C": 55.63369406894545, "gamma": 0.04634420547114214}, "datetime": {"datetime": "2021-06-21 23:05:08", "elapsed": 124.301909, "delta": 0.990961}}
{"target": -17.941590432441217, "params": {"C": 56.13703935150906, "gamma": 0.010337956382825083}, "datetime": {"datetime": "2021-06-21 23:05:09", "elapsed": 125.196697, "delta": 0.894788}}
{"target": -16.142284743366105, "params": {"C": 90.96375469910828, "gamma": 0.015346488571522137}, "datetime": {"datetime": "2021-06-21 23:05:10", "elapsed": 126.144692, "delta": 0.947995}}
{"target": -17.76566154210222, "params": {"C": 56.68906362264949, "gamma": 0.04880934926652476}, "datetime": {"datetime": "2021-06-21 23:05:11", "elapsed": 127.41476, "delta": 1.270068}}
{"target": -15.936925964804939, "params": {"C": 98.59338454473743, "gamma": 0.0487304053330343}, "datetime": {"datetime": "2021-06-21 23:05:12", "elapsed": 128.54071, "delta": 1.12595}}
{"target": -16.458922920379194, "params": {"C": 84.92076932117988, "gamma": 0.05}, "datetime": {"datetime": "2021-06-21 23:05:13", "elapsed": 129.441906, "delta": 0.901196}}
