{"target": -11.881368380089654, "params": {"C": 625.5159187395866, "gamma": 0.040124396942233145}, "datetime": {"datetime": "2021-06-22 00:13:05", "elapsed": 377.740266, "delta": 1.445848}}
{"target": -12.348928793679818, "params": {"C": 446.3645215952041, "gamma": 0.04392692433962766}, "datetime": {"datetime": "2021-06-22 00:13:07", "elapsed": 379.859021, "delta": 2.118755}}
{"target": -12.22080247867301, "params": {"C": 483.81134016946453, "gamma": 0.0426365023479296}, "datetime": {"datetime": "2021-06-22 00:13:10", "elapsed": 382.734105, "delta": 2.875084}}
{"target": -12.077816771192387, "params": {"C": 675.1314044704177, "gamma": 0.01724595656986825}, "datetime": {"datetime": "2021-06-22 00:13:12", "elapsed": 384.294317, "delta": 1.560212}}
{"target": -12.079960216347855, "params": {"C": 676.1316246446397, "gamma": 0.017168703420416723}, "datetime": {"datetime": "2021-06-22 00:13:15", "elapsed": 387.124027, "delta": 2.82971}}
{"target": -12.602158053179974, "params": {"C": 495.0043616334864, "gamma": 0.014283532494696709}, "datetime": {"datetime": "2021-06-22 00:13:16", "elapsed": 388.561733, "delta": 1.437706}}
{"target": -12.062652917756264, "params": {"C": 590.6345115099356, "gamma": 0.021483896485354557}, "datetime": {"datetime": "2021-06-22 00:13:18", "elapsed": 390.521405, "delta": 1.959672}}
{"target": -11.67665661406353, "params": {"C": 727.1812584335493, "gamma": 0.035694620450553126}, "datetime": {"datetime": "2021-06-22 00:13:20", "elapsed": 392.622289, "delta": 2.100884}}
{"target": -11.734437701605815, "params": {"C": 775.5893059969939, "gamma": 0.05}, "datetime": {"datetime": "2021-06-22 00:13:22", "elapsed": 394.630816, "delta": 2.008527}}
{"target": -11.604178329639366, "params": {"C": 774.7178262068246, "gamma": 0.03558875756054439}, "datetime": {"datetime": "2021-06-22 00:13:24", "elapsed": 396.6092, "delta": 1.978384}}
{"target": -12.043461038517263, "params": {"C": 600.5091433388761, "gamma": 0.05}, "datetime": {"datetime": "2021-06-22 00:13:26", "elapsed": 398.619815, "delta": 2.010615}}
{"target": -12.767730174317283, "params": {"C": 549.9697336221806, "gamma": 0.010789135286043505}, "datetime": {"datetime": "2021-06-22 00:13:28", "elapsed": 400.171663, "delta": 1.551848}}
{"target": -11.712345918253012, "params": {"C": 765.2377680919142, "gamma": 0.04694819834584526}, "datetime": {"datetime": "2021-06-22 00:13:29", "elapsed": 401.682346, "delta": 1.510683}}
{"target": -11.754016586179068, "params": {"C": 685.7544182172326, "gamma": 0.028729636704397293}, "datetime": {"datetime": "2021-06-22 00:13:31", "elapsed": 403.154803, "delta": 1.472457}}
{"target": -12.555215032528292, "params": {"C": 404.2879170525163, "gamma": 0.021028602812478363}, "datetime": {"datetime": "2021-06-22 00:13:32", "elapsed": 404.607241, "delta": 1.452438}}
{"target": -12.517208842306813, "params": {"C": 793.6729493831583, "gamma": 0.009184995020893868}, "datetime": {"datetime": "2021-06-22 00:13:35", "elapsed": 407.855588, "delta": 3.248347}}
{"target": -11.63021422845921, "params": {"C": 792.8646031603984, "gamma": 0.042796757680982477}, "datetime": {"datetime": "2021-06-22 00:13:37", "elapsed": 409.425687, "delta": 1.570099}}
{"target": -11.865998096561006, "params": {"C": 794.3846718866141, "gamma": 0.018010424584848937}, "datetime": {"datetime": "2021-06-22 00:13:39", "elapsed": 411.426738, "delta": 2.001051}}
{"target": -12.414858093975726, "params": {"C": 408.6017873645627, "gamma": 0.03870794267062398}, "datetime": {"datetime": "2021-06-22 00:13:42", "elapsed": 414.053915, "delta": 2.627177}}
{"target": -12.044974720464655, "params": {"C": 533.3957103426525, "gamma": 0.03723483781201579}, "datetime": {"datetime": "2021-06-22 00:13:43", "elapsed": 415.895198, "delta": 1.841283}}
{"target": -12.125209784859807, "params": {"C": 545.1504803743097, "gamma": 0.0470224814675986}, "datetime": {"datetime": "2021-06-22 00:13:45", "elapsed": 417.787727, "delta": 1.892529}}
{"target": -11.950883965694599, "params": {"C": 570.2716130574438, "gamma": 0.0307767452299409}, "datetime": {"datetime": "2021-06-22 00:13:49", "elapsed": 421.596419, "delta": 3.808692}}
{"target": -12.902575435810823, "params": {"C": 402.288353685497, "gamma": 0.013967499831331161}, "datetime": {"datetime": "2021-06-22 00:13:52", "elapsed": 424.236229, "delta": 2.63981}}
{"target": -12.26186873771232, "params": {"C": 572.786325920757, "gamma": 0.01731342851272557}, "datetime": {"datetime": "2021-06-22 00:13:55", "elapsed": 427.375658, "delta": 3.139429}}
{"target": -11.946499905165316, "params": {"C": 573.9965200248514, "gamma": 0.03551743084893459}, "datetime": {"datetime": "2021-06-22 00:13:58", "elapsed": 430.247829, "delta": 2.872171}}
{"target": -12.075486608309912, "params": {"C": 514.1878437869838, "gamma": 0.034711678158057355}, "datetime": {"datetime": "2021-06-22 00:14:00", "elapsed": 432.66398, "delta": 2.416151}}
{"target": -11.887776422705668, "params": {"C": 633.4838973949214, "gamma": 0.042320144291832194}, "datetime": {"datetime": "2021-06-22 00:14:02", "elapsed": 434.420909, "delta": 1.756929}}
{"target": -12.408177770310767, "params": {"C": 400.70178219904557, "gamma": 0.032203082901342314}, "datetime": {"datetime": "2021-06-22 00:14:04", "elapsed": 436.518092, "delta": 2.097183}}
{"target": -11.628283416141809, "params": {"C": 795.1962365800875, "gamma": 0.02586743816892604}, "datetime": {"datetime": "2021-06-22 00:14:07", "elapsed": 439.553171, "delta": 3.035079}}
{"target": -11.576921869148038, "params": {"C": 791.7885627825419, "gamma": 0.03169642674870002}, "datetime": {"datetime": "2021-06-22 00:14:11", "elapsed": 443.429729, "delta": 3.876558}}
{"target": -11.695794721700913, "params": {"C": 766.1050482178217, "gamma": 0.04555912469369209}, "datetime": {"datetime": "2021-06-22 00:14:13", "elapsed": 445.863132, "delta": 2.433403}}
{"target": -12.007918870051245, "params": {"C": 777.494029711105, "gamma": 0.015654515705535672}, "datetime": {"datetime": "2021-06-22 00:14:16", "elapsed": 448.118209, "delta": 2.255077}}
{"target": -11.609879879615896, "params": {"C": 776.5058304873935, "gamma": 0.037381295316930546}, "datetime": {"datetime": "2021-06-22 00:14:18", "elapsed": 449.947256, "delta": 1.829047}}
{"target": -12.18844808091426, "params": {"C": 627.8672753470532, "gamma": 0.01664660008318671}, "datetime": {"datetime": "2021-06-22 00:14:19", "elapsed": 451.792672, "delta": 1.845416}}
{"target": -12.197237091448338, "params": {"C": 475.21666190636984, "gamma": 0.028406980137749838}, "datetime": {"datetime": "2021-06-22 00:14:23", "elapsed": 455.730533, "delta": 3.937861}}
{"target": -11.997373168492572, "params": {"C": 623.2856200373715, "gamma": 0.05}, "datetime": {"datetime": "2021-06-22 00:14:26", "elapsed": 458.27086, "delta": 2.540327}}
{"target": -11.696594108253345, "params": {"C": 747.689623351097, "gamma": 0.04263655366128512}, "datetime": {"datetime": "2021-06-22 00:14:28", "elapsed": 460.854365, "delta": 2.583505}}
{"target": -11.736740819597072, "params": {"C": 726.1880106061228, "gamma": 0.025449161202445045}, "datetime": {"datetime": "2021-06-22 00:14:31", "elapsed": 463.240423, "delta": 2.386058}}
{"target": -11.79878674137527, "params": {"C": 710.5936458873042, "gamma": 0.046767862964368814}, "datetime": {"datetime": "2021-06-22 00:14:34", "elapsed": 466.75609, "delta": 3.515667}}
{"target": -12.453811794436639, "params": {"C": 773.7978215223152, "gamma": 0.009945293515297179}, "datetime": {"datetime": "2021-06-22 00:14:37", "elapsed": 469.234094, "delta": 2.478004}}
{"target": -11.604383284517999, "params": {"C": 772.9218910311026, "gamma": 0.030367615426950136}, "datetime": {"datetime": "2021-06-22 00:14:40", "elapsed": 472.538688, "delta": 3.304594}}
{"target": -12.181629357859142, "params": {"C": 626.6328354186873, "gamma": 0.016826104501488352}, "datetime": {"datetime": "2021-06-22 00:14:43", "elapsed": 474.957699, "delta": 2.419011}}
{"target": -12.613119098023109, "params": {"C": 432.92791696029576, "gamma": 0.017161271123445725}, "datetime": {"datetime": "2021-06-22 00:14:45", "elapsed": 477.293716, "delta": 2.336017}}
{"target": -12.08571382621091, "params": {"C": 589.4270391364618, "gamma": 0.020854770322448965}, "datetime": {"datetime": "2021-06-22 00:14:47", "elapsed": 479.044561, "delta": 1.750845}}
{"target": -12.6867601668368, "params": {"C": 707.6167044766128, "gamma": 0.009}, "datetime": {"datetime": "2021-06-22 00:14:50", "elapsed": 482.458864, "delta": 3.414303}}
{"target": -11.822915505684602, "params": {"C": 708.4402660147334, "gamma": 0.04864853016139433}, "datetime": {"datetime": "2021-06-22 00:14:52", "elapsed": 484.365495, "delta": 1.906631}}
{"target": -12.457320195966922, "params": {"C": 426.0198169253412, "gamma": 0.04685742953825008}, "datetime": {"datetime": "2021-06-22 00:14:54", "elapsed": 486.309942, "delta": 1.944447}}
{"target": -12.012444186966336, "params": {"C": 592.3277368623014, "gamma": 0.04621363592136123}, "datetime": {"datetime": "2021-06-22 00:14:56", "elapsed": 488.625818, "delta": 2.315876}}
{"target": -12.794047770588781, "params": {"C": 482.39011984771685, "gamma": 0.012201693459309092}, "datetime": {"datetime": "2021-06-22 00:14:59", "elapsed": 491.444942, "delta": 2.819124}}
{"target": -11.876073729123634, "params": {"C": 663.3152674077951, "gamma": 0.0462510350656685}, "datetime": {"datetime": "2021-06-22 00:15:03", "elapsed": 495.366643, "delta": 3.921701}}
{"target": -11.922329621260253, "params": {"C": 648.0563044667192, "gamma": 0.04782162486993348}, "datetime": {"datetime": "2021-06-22 00:15:06", "elapsed": 498.148208, "delta": 2.781565}}
{"target": -12.031849490938447, "params": {"C": 703.4093991913286, "gamma": 0.01725492289600667}, "datetime": {"datetime": "2021-06-22 00:15:08", "elapsed": 500.104834, "delta": 1.956626}}
{"target": -12.674993280756663, "params": {"C": 645.4844043781142, "gamma": 0.009885860584017279}, "datetime": {"datetime": "2021-06-22 00:15:10", "elapsed": 502.748401, "delta": 2.643567}}
{"target": -11.941791688749662, "params": {"C": 646.5144678329525, "gamma": 0.04921748736549111}, "datetime": {"datetime": "2021-06-22 00:15:13", "elapsed": 505.369581, "delta": 2.62118}}
{"target": -11.86675196204909, "params": {"C": 644.6049279039871, "gamma": 0.04231101429476051}, "datetime": {"datetime": "2021-06-22 00:15:16", "elapsed": 508.336003, "delta": 2.966422}}
{"target": -12.733280280255995, "params": {"C": 672.0928699920896, "gamma": 0.009124651999082762}, "datetime": {"datetime": "2021-06-22 00:15:18", "elapsed": 510.300516, "delta": 1.964513}}
{"target": -11.76668033986114, "params": {"C": 671.1166551539283, "gamma": 0.035333244576965184}, "datetime": {"datetime": "2021-06-22 00:15:21", "elapsed": 513.627144, "delta": 3.326628}}
{"target": -12.002031895430196, "params": {"C": 603.7063951893368, "gamma": 0.047315906453935415}, "datetime": {"datetime": "2021-06-22 00:15:24", "elapsed": 515.92275, "delta": 2.295606}}
{"target": -11.956813054303577, "params": {"C": 601.7356478478122, "gamma": 0.024951432213906853}, "datetime": {"datetime": "2021-06-22 00:15:25", "elapsed": 517.892874, "delta": 1.970124}}
{"target": -11.819430385820928, "params": {"C": 715.0889420578583, "gamma": 0.04937788518137633}, "datetime": {"datetime": "2021-06-22 00:15:27", "elapsed": 519.908174, "delta": 2.0153}}
{"target": -11.754030722921357, "params": {"C": 692.1398603109108, "gamma": 0.02788638027858977}, "datetime": {"datetime": "2021-06-22 00:15:30", "elapsed": 522.811336, "delta": 2.903162}}
{"target": -11.820772132766477, "params": {"C": 706.7586497379821, "gamma": 0.048188201664129744}, "datetime": {"datetime": "2021-06-22 00:15:34", "elapsed": 526.061463, "delta": 3.250127}}
{"target": -12.638793558024586, "params": {"C": 571.6413734278792, "gamma": 0.011509945657969835}, "datetime": {"datetime": "2021-06-22 00:15:37", "elapsed": 529.029104, "delta": 2.967641}}
{"target": -12.309346503144111, "params": {"C": 697.8738061826297, "gamma": 0.01278508650203196}, "datetime": {"datetime": "2021-06-22 00:15:41", "elapsed": 533.056462, "delta": 4.027358}}
{"target": -12.526489626999826, "params": {"C": 696.9131979752508, "gamma": 0.010347183420207642}, "datetime": {"datetime": "2021-06-22 00:15:44", "elapsed": 536.337624, "delta": 3.281162}}
{"target": -11.717717378243638, "params": {"C": 695.6931965129352, "gamma": 0.03186061936450332}, "datetime": {"datetime": "2021-06-22 00:15:48", "elapsed": 540.471794, "delta": 4.13417}}
{"target": -12.051403279572904, "params": {"C": 559.2462422018422, "gamma": 0.04353883186030208}, "datetime": {"datetime": "2021-06-22 00:15:50", "elapsed": 542.626368, "delta": 2.154574}}
{"target": -12.36229946449138, "params": {"C": 700.4613683493201, "gamma": 0.01205760314304721}, "datetime": {"datetime": "2021-06-22 00:15:55", "elapsed": 547.395667, "delta": 4.769299}}
{"target": -12.407043093513478, "params": {"C": 635.161572576086, "gamma": 0.012851715788125457}, "datetime": {"datetime": "2021-06-22 00:15:57", "elapsed": 549.570088, "delta": 2.174421}}
{"target": -12.563743181486373, "params": {"C": 410.16446218240924, "gamma": 0.05}, "datetime": {"datetime": "2021-06-22 00:16:01", "elapsed": 553.177997, "delta": 3.607909}}
{"target": -12.309523991906028, "params": {"C": 742.3932602025181, "gamma": 0.01194324168733761}, "datetime": {"datetime": "2021-06-22 00:16:04", "elapsed": 556.366635, "delta": 3.188638}}
{"target": -11.64947693671297, "params": {"C": 743.2564054396199, "gamma": 0.03491991041543019}, "datetime": {"datetime": "2021-06-22 00:16:06", "elapsed": 558.797912, "delta": 2.431277}}
{"target": -11.754022953300773, "params": {"C": 741.6602206672234, "gamma": 0.0474475709262235}, "datetime": {"datetime": "2021-06-22 00:16:09", "elapsed": 561.1044, "delta": 2.306488}}
{"target": -12.233456933170634, "params": {"C": 585.0168433055719, "gamma": 0.017390542263869588}, "datetime": {"datetime": "2021-06-22 00:16:11", "elapsed": 563.351678, "delta": 2.247278}}
{"target": -12.366632063485316, "params": {"C": 502.55037747277754, "gamma": 0.018505339846966524}, "datetime": {"datetime": "2021-06-22 00:16:13", "elapsed": 565.715584, "delta": 2.363906}}
{"target": -12.530341226285085, "params": {"C": 411.5315524279719, "gamma": 0.0483327555723462}, "datetime": {"datetime": "2021-06-22 00:16:16", "elapsed": 568.071528, "delta": 2.355944}}
{"target": -12.067728135154287, "params": {"C": 704.4055149124675, "gamma": 0.01651832489550093}, "datetime": {"datetime": "2021-06-22 00:16:19", "elapsed": 571.434157, "delta": 3.362629}}
{"target": -11.821557153884672, "params": {"C": 640.8790837858356, "gamma": 0.02975526074597601}, "datetime": {"datetime": "2021-06-22 00:16:21", "elapsed": 573.878953, "delta": 2.444796}}
{"target": -11.94996115078652, "params": {"C": 624.3448099202049, "gamma": 0.04635717549809383}, "datetime": {"datetime": "2021-06-22 00:16:24", "elapsed": 576.311916, "delta": 2.432963}}
{"target": -12.161344867178041, "params": {"C": 584.0242742860296, "gamma": 0.019095224778968176}, "datetime": {"datetime": "2021-06-22 00:16:26", "elapsed": 578.700941, "delta": 2.389025}}
{"target": -11.7691480548066, "params": {"C": 666.570926865985, "gamma": 0.03399549645341163}, "datetime": {"datetime": "2021-06-22 00:16:29", "elapsed": 581.064017, "delta": 2.363076}}
{"target": -12.30879051557486, "params": {"C": 702.4682743192212, "gamma": 0.012698601419433941}, "datetime": {"datetime": "2021-06-22 00:16:32", "elapsed": 584.475351, "delta": 3.411334}}
{"target": -11.793230421625669, "params": {"C": 701.654638160062, "gamma": 0.044815576537178776}, "datetime": {"datetime": "2021-06-22 00:16:35", "elapsed": 587.281632, "delta": 2.806281}}
{"target": -11.995318401580398, "params": {"C": 547.1894142531303, "gamma": 0.0315792912019873}, "datetime": {"datetime": "2021-06-22 00:16:37", "elapsed": 589.781174, "delta": 2.499542}}
{"target": -12.213061107912548, "params": {"C": 490.72656463491825, "gamma": 0.024346900126906816}, "datetime": {"datetime": "2021-06-22 00:16:41", "elapsed": 593.094292, "delta": 3.313118}}
{"target": -11.67846030472299, "params": {"C": 721.443768819873, "gamma": 0.03239605934348217}, "datetime": {"datetime": "2021-06-22 00:16:43", "elapsed": 595.78429, "delta": 2.689998}}
{"target": -12.32457120002923, "params": {"C": 566.002655778688, "gamma": 0.016314574776306552}, "datetime": {"datetime": "2021-06-22 00:16:47", "elapsed": 599.113983, "delta": 3.329693}}
{"target": -12.222445913349036, "params": {"C": 681.2168217881162, "gamma": 0.014441458434608702}, "datetime": {"datetime": "2021-06-22 00:16:49", "elapsed": 601.61817, "delta": 2.504187}}
{"target": -11.758315199641958, "params": {"C": 680.4107082280395, "gamma": 0.029133635201264517}, "datetime": {"datetime": "2021-06-22 00:16:52", "elapsed": 604.055815, "delta": 2.437645}}
{"target": -12.11608648500877, "params": {"C": 520.1583284159373, "gamma": 0.02582378304611902}, "datetime": {"datetime": "2021-06-22 00:16:55", "elapsed": 607.680247, "delta": 3.624432}}
{"target": -13.05786510723165, "params": {"C": 431.3054593755384, "gamma": 0.011311315508599309}, "datetime": {"datetime": "2021-06-22 00:16:58", "elapsed": 610.203883, "delta": 2.523636}}
{"target": -12.63761435780826, "params": {"C": 512.7040803708157, "gamma": 0.013136876345045498}, "datetime": {"datetime": "2021-06-22 00:17:00", "elapsed": 612.804439, "delta": 2.600556}}
{"target": -11.610714615755635, "params": {"C": 767.4978701834634, "gamma": 0.032531937989193474}, "datetime": {"datetime": "2021-06-22 00:17:03", "elapsed": 615.185969, "delta": 2.38153}}
{"target": -11.741506018981992, "params": {"C": 760.9002114197212, "gamma": 0.04893045027340955}, "datetime": {"datetime": "2021-06-22 00:17:06", "elapsed": 618.530476, "delta": 3.344507}}
{"target": -12.429563814678449, "params": {"C": 414.11381793086537, "gamma": 0.04175590420271336}, "datetime": {"datetime": "2021-06-22 00:17:09", "elapsed": 621.255891, "delta": 2.725415}}
{"target": -12.331683787676607, "params": {"C": 745.7689086518503, "gamma": 0.011623018623341688}, "datetime": {"datetime": "2021-06-22 00:17:12", "elapsed": 623.947532, "delta": 2.691641}}
{"target": -11.773975801860711, "params": {"C": 746.5507624795038, "gamma": 0.05}, "datetime": {"datetime": "2021-06-22 00:17:14", "elapsed": 626.614134, "delta": 2.666602}}
{"target": -11.830157860773753, "params": {"C": 628.9710419846249, "gamma": 0.032328956956003685}, "datetime": {"datetime": "2021-06-22 00:17:18", "elapsed": 630.736721, "delta": 4.122587}}
{"target": -12.887993111519986, "params": {"C": 606.3965194176895, "gamma": 0.009}, "datetime": {"datetime": "2021-06-22 00:17:22", "elapsed": 634.380204, "delta": 3.643483}}
{"target": -11.909798162543028, "params": {"C": 605.4338531198821, "gamma": 0.03884684107526164}, "datetime": {"datetime": "2021-06-22 00:17:25", "elapsed": 637.068641, "delta": 2.688437}}
{"target": -11.840309869988689, "params": {"C": 684.7519156470155, "gamma": 0.046474299282982565}, "datetime": {"datetime": "2021-06-22 00:17:27", "elapsed": 639.683551, "delta": 2.61491}}
{"target": -12.076976059788665, "params": {"C": 523.7023310443105, "gamma": 0.028255107190647215}, "datetime": {"datetime": "2021-06-22 00:17:30", "elapsed": 642.442594, "delta": 2.759043}}
{"target": -11.946708888782231, "params": {"C": 609.2844462722913, "gamma": 0.04345468450906234}, "datetime": {"datetime": "2021-06-22 00:17:34", "elapsed": 646.052639, "delta": 3.610045}}
{"target": -11.993741443119573, "params": {"C": 723.6802626712706, "gamma": 0.01740148993221445}, "datetime": {"datetime": "2021-06-22 00:17:37", "elapsed": 649.771222, "delta": 3.718583}}
{"target": -12.326300794593859, "params": {"C": 722.9068997431375, "gamma": 0.012083915701319005}, "datetime": {"datetime": "2021-06-22 00:17:41", "elapsed": 653.663302, "delta": 3.89208}}
{"target": -12.322551294079737, "params": {"C": 428.11246608581087, "gamma": 0.030062847985119052}, "datetime": {"datetime": "2021-06-22 00:17:44", "elapsed": 656.409413, "delta": 2.746111}}
{"target": -11.747547661924775, "params": {"C": 730.3372605156169, "gamma": 0.0450120867332259}, "datetime": {"datetime": "2021-06-22 00:17:48", "elapsed": 660.649892, "delta": 4.240479}}
{"target": -11.98348985781232, "params": {"C": 560.7840388970941, "gamma": 0.0368482380246283}, "datetime": {"datetime": "2021-06-22 00:17:52", "elapsed": 664.503472, "delta": 3.85358}}
{"target": -12.023229465217563, "params": {"C": 563.0092402829123, "gamma": 0.025594075375813742}, "datetime": {"datetime": "2021-06-22 00:17:57", "elapsed": 669.534553, "delta": 5.031081}}
{"target": -11.718604657764047, "params": {"C": 705.2330680179233, "gamma": 0.037197620759201834}, "datetime": {"datetime": "2021-06-22 00:18:00", "elapsed": 672.356929, "delta": 2.822376}}
{"target": -12.066748868587304, "params": {"C": 537.8527471813436, "gamma": 0.040593430525927884}, "datetime": {"datetime": "2021-06-22 00:18:03", "elapsed": 675.250935, "delta": 2.894006}}
{"target": -12.764941838913026, "params": {"C": 664.5312248987036, "gamma": 0.009016431200621547}, "datetime": {"datetime": "2021-06-22 00:18:07", "elapsed": 679.249795, "delta": 3.99886}}
{"target": -11.846177958200377, "params": {"C": 665.3869012094104, "gamma": 0.043894275450444054}, "datetime": {"datetime": "2021-06-22 00:18:11", "elapsed": 683.240552, "delta": 3.990757}}
{"target": -11.671366987130046, "params": {"C": 754.9262353665506, "gamma": 0.026772835099760195}, "datetime": {"datetime": "2021-06-22 00:18:14", "elapsed": 686.025918, "delta": 2.785366}}
{"target": -13.497838715461944, "params": {"C": 415.50579365541597, "gamma": 0.009}, "datetime": {"datetime": "2021-06-22 00:18:19", "elapsed": 691.32088, "delta": 5.294962}}
{"target": -12.596972050717842, "params": {"C": 417.0819672748892, "gamma": 0.01867184037907777}, "datetime": {"datetime": "2021-06-22 00:18:23", "elapsed": 695.281307, "delta": 3.960427}}
