{"target": -13.040100201053011, "params": {"C": 327.72267691221265, "gamma": 0.017053335402633964}, "datetime": {"datetime": "2021-06-21 23:45:14", "elapsed": 166.244446, "delta": 0.744904}}
{"target": -12.943705498861222, "params": {"C": 367.0463666439738, "gamma": 0.015464258993046398}, "datetime": {"datetime": "2021-06-21 23:45:15", "elapsed": 167.424659, "delta": 1.180213}}
{"target": -13.264104988713186, "params": {"C": 358.2245964958766, "gamma": 0.012250139912924342}, "datetime": {"datetime": "2021-06-21 23:45:17", "elapsed": 168.886922, "delta": 1.462263}}
{"target": -13.1725782893934, "params": {"C": 338.0070059214602, "gamma": 0.014308759501237408}, "datetime": {"datetime": "2021-06-21 23:45:18", "elapsed": 170.092424, "delta": 1.205502}}
{"target": -12.796858511652953, "params": {"C": 331.0245140057334, "gamma": 0.023379435033233153}, "datetime": {"datetime": "2021-06-21 23:45:19", "elapsed": 171.598572, "delta": 1.506148}}
{"target": -12.542844987806138, "params": {"C": 370.9885895126331, "gamma": 0.028244748889493153}, "datetime": {"datetime": "2021-06-21 23:45:21", "elapsed": 172.867941, "delta": 1.269369}}
{"target": -12.59447920497351, "params": {"C": 390.77154535274167, "gamma": 0.04770921916329971}, "datetime": {"datetime": "2021-06-21 23:45:21", "elapsed": 173.644112, "delta": 0.776171}}
{"target": -12.483547396496379, "params": {"C": 397.6355998127846, "gamma": 0.02485912077471425}, "datetime": {"datetime": "2021-06-21 23:45:23", "elapsed": 175.320678, "delta": 1.676566}}
{"target": -12.973422001512148, "params": {"C": 352.4653721261928, "gamma": 0.016068719877334086}, "datetime": {"datetime": "2021-06-21 23:45:24", "elapsed": 176.574119, "delta": 1.253441}}
{"target": -13.503164348966745, "params": {"C": 372.7046761542746, "gamma": 0.009954411410962007}, "datetime": {"datetime": "2021-06-21 23:45:26", "elapsed": 178.395445, "delta": 1.821326}}
{"target": -12.9423175688572, "params": {"C": 323.39766091416334, "gamma": 0.049549438446084025}, "datetime": {"datetime": "2021-06-21 23:45:27", "elapsed": 179.158048, "delta": 0.762603}}
{"target": -13.321299885938576, "params": {"C": 323.642107552389, "gamma": 0.013479002037780387}, "datetime": {"datetime": "2021-06-21 23:45:29", "elapsed": 180.718167, "delta": 1.560119}}
{"target": -12.541389253837915, "params": {"C": 373.1095737736056, "gamma": 0.03771773592865484}, "datetime": {"datetime": "2021-06-21 23:45:30", "elapsed": 182.36084, "delta": 1.642673}}
{"target": -12.899469364834392, "params": {"C": 376.9518231738741, "gamma": 0.015478062773209327}, "datetime": {"datetime": "2021-06-21 23:45:31", "elapsed": 183.698373, "delta": 1.337533}}
{"target": -13.390357456681146, "params": {"C": 364.3156495285235, "gamma": 0.010928649314684291}, "datetime": {"datetime": "2021-06-21 23:45:33", "elapsed": 185.42373, "delta": 1.725357}}
{"target": -12.720927318948696, "params": {"C": 362.6400440285966, "gamma": 0.04805329728904305}, "datetime": {"datetime": "2021-06-21 23:45:34", "elapsed": 186.702831, "delta": 1.279101}}
{"target": -12.630913721662198, "params": {"C": 346.2732645562429, "gamma": 0.03155451244919843}, "datetime": {"datetime": "2021-06-21 23:45:35", "elapsed": 187.519588, "delta": 0.816757}}
{"target": -12.750592480406766, "params": {"C": 346.45722594650897, "gamma": 0.02222497523230734}, "datetime": {"datetime": "2021-06-21 23:45:37", "elapsed": 189.052591, "delta": 1.533003}}
{"target": -12.635882005735935, "params": {"C": 375.3136427078472, "gamma": 0.02187029577700793}, "datetime": {"datetime": "2021-06-21 23:45:39", "elapsed": 190.723866, "delta": 1.671275}}
{"target": -12.937813632612801, "params": {"C": 341.34430939827627, "gamma": 0.017730843235708088}, "datetime": {"datetime": "2021-06-21 23:45:40", "elapsed": 192.276337, "delta": 1.552471}}
{"target": -12.799153510256328, "params": {"C": 328.65949658916736, "gamma": 0.042856982144271576}, "datetime": {"datetime": "2021-06-21 23:45:42", "elapsed": 193.770647, "delta": 1.49431}}
{"target": -12.691818572522424, "params": {"C": 332.95824583699294, "gamma": 0.031504565122059146}, "datetime": {"datetime": "2021-06-21 23:45:43", "elapsed": 195.124286, "delta": 1.353639}}
{"target": -13.06926611749743, "params": {"C": 376.00705521719044, "gamma": 0.013373602184833874}, "datetime": {"datetime": "2021-06-21 23:45:45", "elapsed": 196.812702, "delta": 1.688416}}
{"target": -12.899377711260703, "params": {"C": 334.42955705213564, "gamma": 0.019428627717466326}, "datetime": {"datetime": "2021-06-21 23:45:46", "elapsed": 198.126286, "delta": 1.313584}}
{"target": -12.542191535549172, "params": {"C": 367.7531757986043, "gamma": 0.03462890147435628}, "datetime": {"datetime": "2021-06-21 23:45:48", "elapsed": 199.847023, "delta": 1.720737}}
{"target": -13.114647148901668, "params": {"C": 368.931945064124, "gamma": 0.01323739606813112}, "datetime": {"datetime": "2021-06-21 23:45:49", "elapsed": 201.372831, "delta": 1.525808}}
{"target": -12.70884600837514, "params": {"C": 329.2177331801847, "gamma": 0.03173093295061568}, "datetime": {"datetime": "2021-06-21 23:45:51", "elapsed": 203.266078, "delta": 1.893247}}
{"target": -12.662736114660117, "params": {"C": 358.7211546883763, "gamma": 0.0235224790262292}, "datetime": {"datetime": "2021-06-21 23:45:53", "elapsed": 205.135684, "delta": 1.869606}}
{"target": -13.218712752912698, "params": {"C": 307.9509637441577, "gamma": 0.015924965190900812}, "datetime": {"datetime": "2021-06-21 23:45:54", "elapsed": 205.982041, "delta": 0.846357}}
{"target": -12.77613045473774, "params": {"C": 340.83145386191745, "gamma": 0.022289856407306026}, "datetime": {"datetime": "2021-06-21 23:45:55", "elapsed": 207.612428, "delta": 1.630387}}
{"target": -13.167073076855173, "params": {"C": 359.95506289285925, "gamma": 0.013132151084854498}, "datetime": {"datetime": "2021-06-21 23:45:57", "elapsed": 209.188814, "delta": 1.576386}}
{"target": -12.496492582612605, "params": {"C": 379.1839972986759, "gamma": 0.030433928435012227}, "datetime": {"datetime": "2021-06-21 23:45:59", "elapsed": 210.921247, "delta": 1.732433}}
{"target": -12.81177327929622, "params": {"C": 318.8825205879753, "gamma": 0.04006839506275491}, "datetime": {"datetime": "2021-06-21 23:46:01", "elapsed": 212.73864, "delta": 1.817393}}
{"target": -12.96752534455749, "params": {"C": 318.2117092428557, "gamma": 0.049404054219660445}, "datetime": {"datetime": "2021-06-21 23:46:02", "elapsed": 214.174038, "delta": 1.435398}}
{"target": -12.719473781313633, "params": {"C": 330.4061171251084, "gamma": 0.036661196728203616}, "datetime": {"datetime": "2021-06-21 23:46:04", "elapsed": 216.053592, "delta": 1.879554}}
{"target": -13.992555933146697, "params": {"C": 320.02822351633307, "gamma": 0.009}, "datetime": {"datetime": "2021-06-21 23:46:05", "elapsed": 217.451576, "delta": 1.397984}}
{"target": -12.760825215431604, "params": {"C": 343.50263149673833, "gamma": 0.04495956640839704}, "datetime": {"datetime": "2021-06-21 23:46:07", "elapsed": 219.188046, "delta": 1.73647}}
{"target": -12.822177362745316, "params": {"C": 322.16317521584176, "gamma": 0.04212388468479514}, "datetime": {"datetime": "2021-06-21 23:46:09", "elapsed": 221.093903, "delta": 1.905857}}
{"target": -12.545209170622693, "params": {"C": 366.00186806955355, "gamma": 0.03168619950487026}, "datetime": {"datetime": "2021-06-21 23:46:10", "elapsed": 222.470324, "delta": 1.376421}}
{"target": -12.583169076110007, "params": {"C": 356.53116742755907, "gamma": 0.03256003158718865}, "datetime": {"datetime": "2021-06-21 23:46:13", "elapsed": 225.367095, "delta": 2.896771}}
{"target": -12.889305461526313, "params": {"C": 333.88770293205556, "gamma": 0.04965604392589724}, "datetime": {"datetime": "2021-06-21 23:46:16", "elapsed": 227.726894, "delta": 2.359799}}
{"target": -12.872689398747433, "params": {"C": 306.2641187186108, "gamma": 0.039070374562556395}, "datetime": {"datetime": "2021-06-21 23:46:17", "elapsed": 229.197849, "delta": 1.470955}}
{"target": -12.977932735933214, "params": {"C": 300.28625550563964, "gamma": 0.044125334164299736}, "datetime": {"datetime": "2021-06-21 23:46:19", "elapsed": 230.849347, "delta": 1.651498}}
{"target": -12.738182735523637, "params": {"C": 352.9442484879591, "gamma": 0.021591085297341512}, "datetime": {"datetime": "2021-06-21 23:46:20", "elapsed": 232.27917, "delta": 1.429823}}
{"target": -12.841942043592052, "params": {"C": 336.25604380689657, "gamma": 0.047626579847328036}, "datetime": {"datetime": "2021-06-21 23:46:22", "elapsed": 234.008872, "delta": 1.729702}}
{"target": -12.888623724649953, "params": {"C": 308.8675007749151, "gamma": 0.04163069871541162}, "datetime": {"datetime": "2021-06-21 23:46:24", "elapsed": 236.096215, "delta": 2.087343}}
{"target": -13.920197177068639, "params": {"C": 305.4103254012703, "gamma": 0.009796096114082845}, "datetime": {"datetime": "2021-06-21 23:46:26", "elapsed": 237.731643, "delta": 1.635428}}
{"target": -13.873931685422342, "params": {"C": 339.40699621509435, "gamma": 0.009}, "datetime": {"datetime": "2021-06-21 23:46:28", "elapsed": 239.840311, "delta": 2.108668}}
{"target": -12.918377103201372, "params": {"C": 329.4520271432967, "gamma": 0.05}, "datetime": {"datetime": "2021-06-21 23:46:29", "elapsed": 241.541595, "delta": 1.701284}}
{"target": -12.674127405198456, "params": {"C": 338.9606525331039, "gamma": 0.02911478623067343}, "datetime": {"datetime": "2021-06-21 23:46:31", "elapsed": 243.606748, "delta": 2.065153}}
{"target": -13.117795178644744, "params": {"C": 303.38025819164466, "gamma": 0.018186517713486224}, "datetime": {"datetime": "2021-06-21 23:46:33", "elapsed": 245.11075, "delta": 1.504002}}
{"target": -12.843477435284584, "params": {"C": 314.9786553344297, "gamma": 0.04085063495541747}, "datetime": {"datetime": "2021-06-21 23:46:35", "elapsed": 246.987881, "delta": 1.877131}}
{"target": -12.779968706453628, "params": {"C": 321.56812944663915, "gamma": 0.03857737690882945}, "datetime": {"datetime": "2021-06-21 23:46:37", "elapsed": 248.847022, "delta": 1.859141}}
{"target": -12.622656527082116, "params": {"C": 353.5090717751455, "gamma": 0.03767440150913799}, "datetime": {"datetime": "2021-06-21 23:46:39", "elapsed": 251.6764, "delta": 2.829378}}
{"target": -12.998541548379148, "params": {"C": 315.58658544136443, "gamma": 0.019386571124470432}, "datetime": {"datetime": "2021-06-21 23:46:41", "elapsed": 253.594298, "delta": 1.917898}}
{"target": -12.615447496865098, "params": {"C": 361.58203950491105, "gamma": 0.04052793515379669}, "datetime": {"datetime": "2021-06-21 23:46:43", "elapsed": 255.701612, "delta": 2.107314}}
{"target": -13.045740582395435, "params": {"C": 311.98843514731976, "gamma": 0.01872144967712292}, "datetime": {"datetime": "2021-06-21 23:46:45", "elapsed": 257.406381, "delta": 1.704769}}
{"target": -13.43993288605709, "params": {"C": 309.47702536804394, "gamma": 0.013071011751577634}, "datetime": {"datetime": "2021-06-21 23:46:49", "elapsed": 260.860042, "delta": 3.453661}}
{"target": -12.639959861332489, "params": {"C": 346.93031928848956, "gamma": 0.03617184862075668}, "datetime": {"datetime": "2021-06-21 23:46:50", "elapsed": 262.687179, "delta": 1.827137}}
{"target": -13.00312683952647, "params": {"C": 304.2431023578548, "gamma": 0.021044594188448625}, "datetime": {"datetime": "2021-06-21 23:46:52", "elapsed": 264.569494, "delta": 1.882315}}
{"target": -13.788898673469877, "params": {"C": 354.04094172214536, "gamma": 0.009}, "datetime": {"datetime": "2021-06-21 23:46:54", "elapsed": 266.702018, "delta": 2.132524}}
{"target": -13.082739021878007, "params": {"C": 354.477662098722, "gamma": 0.014390890957702174}, "datetime": {"datetime": "2021-06-21 23:46:58", "elapsed": 270.071074, "delta": 3.369056}}
{"target": -12.786132667142697, "params": {"C": 392.6720108387626, "gamma": 0.016320898631832774}, "datetime": {"datetime": "2021-06-21 23:46:59", "elapsed": 271.010018, "delta": 0.938944}}
{"target": -12.736036443650118, "params": {"C": 349.7216283353016, "gamma": 0.04527203460741307}, "datetime": {"datetime": "2021-06-21 23:47:01", "elapsed": 273.156266, "delta": 2.146248}}
{"target": -13.610450034030524, "params": {"C": 312.54128953359003, "gamma": 0.011373302195155855}, "datetime": {"datetime": "2021-06-21 23:47:03", "elapsed": 274.951377, "delta": 1.795111}}
{"target": -12.873685898422863, "params": {"C": 314.25572525957296, "gamma": 0.04273107121458539}, "datetime": {"datetime": "2021-06-21 23:47:05", "elapsed": 276.893775, "delta": 1.942398}}
{"target": -12.796465120271227, "params": {"C": 325.77857218873186, "gamma": 0.04165384780287671}, "datetime": {"datetime": "2021-06-21 23:47:06", "elapsed": 277.841428, "delta": 0.947653}}
{"target": -12.61159128118251, "params": {"C": 383.6699106117288, "gamma": 0.02158326358608413}, "datetime": {"datetime": "2021-06-21 23:47:07", "elapsed": 278.737357, "delta": 0.895929}}
{"target": -12.575081853567488, "params": {"C": 383.8137126322676, "gamma": 0.04439858191517389}, "datetime": {"datetime": "2021-06-21 23:47:09", "elapsed": 281.035677, "delta": 2.29832}}
{"target": -12.890982162017007, "params": {"C": 325.96461102059624, "gamma": 0.02092277255890275}, "datetime": {"datetime": "2021-06-21 23:47:10", "elapsed": 282.657325, "delta": 1.621648}}
{"target": -12.632478890372987, "params": {"C": 362.4183437730262, "gamma": 0.04216424955182316}, "datetime": {"datetime": "2021-06-21 23:47:11", "elapsed": 283.628201, "delta": 0.970876}}
{"target": -12.60517729120422, "params": {"C": 383.3020914820524, "gamma": 0.04645078076476481}, "datetime": {"datetime": "2021-06-21 23:47:18", "elapsed": 290.146665, "delta": 6.518464}}
{"target": -12.709012657860416, "params": {"C": 370.79123526713954, "gamma": 0.04953724907609451}, "datetime": {"datetime": "2021-06-21 23:47:26", "elapsed": 297.928121, "delta": 7.781456}}
{"target": -12.71073591663025, "params": {"C": 370.2951506833982, "gamma": 0.049510350304170954}, "datetime": {"datetime": "2021-06-21 23:47:33", "elapsed": 305.37446, "delta": 7.446339}}
{"target": -13.458566607839886, "params": {"C": 380.2656198357362, "gamma": 0.00999609069052358}, "datetime": {"datetime": "2021-06-21 23:47:42", "elapsed": 314.252827, "delta": 8.878367}}
{"target": -13.06157020758017, "params": {"C": 359.18139988982756, "gamma": 0.014369388055708924}, "datetime": {"datetime": "2021-06-21 23:47:48", "elapsed": 320.165916, "delta": 5.913089}}
{"target": -12.818541976091105, "params": {"C": 330.17949666852513, "gamma": 0.04446555222968075}, "datetime": {"datetime": "2021-06-21 23:47:56", "elapsed": 328.53261, "delta": 8.366694}}
{"target": -12.78178316317292, "params": {"C": 356.7258863696189, "gamma": 0.05}, "datetime": {"datetime": "2021-06-21 23:48:04", "elapsed": 336.482984, "delta": 7.950374}}
{"target": -12.957010634595898, "params": {"C": 316.14008110840655, "gamma": 0.04819356287222348}, "datetime": {"datetime": "2021-06-21 23:48:11", "elapsed": 343.080437, "delta": 6.597453}}
{"target": -13.130832837967906, "params": {"C": 316.6574600187702, "gamma": 0.01649634565266419}, "datetime": {"datetime": "2021-06-21 23:48:17", "elapsed": 349.420207, "delta": 6.33977}}
{"target": -13.973534181529185, "params": {"C": 323.0576115236215, "gamma": 0.009}, "datetime": {"datetime": "2021-06-21 23:48:23", "elapsed": 354.938693, "delta": 5.518486}}
{"target": -12.926731538839794, "params": {"C": 319.1191875553768, "gamma": 0.047391775629904674}, "datetime": {"datetime": "2021-06-21 23:48:28", "elapsed": 360.277788, "delta": 5.339095}}
{"target": -12.83908066670845, "params": {"C": 343.2715699452779, "gamma": 0.04950486682869964}, "datetime": {"datetime": "2021-06-21 23:48:35", "elapsed": 366.817135, "delta": 6.539347}}
{"target": -14.071376420441073, "params": {"C": 304.81497254335613, "gamma": 0.009090310350809008}, "datetime": {"datetime": "2021-06-21 23:48:42", "elapsed": 373.941052, "delta": 7.123917}}
{"target": -12.749525656585822, "params": {"C": 345.72605008122713, "gamma": 0.022390167344100646}, "datetime": {"datetime": "2021-06-21 23:48:48", "elapsed": 380.604713, "delta": 6.663661}}
{"target": -13.355236743386287, "params": {"C": 336.71407828644567, "gamma": 0.01241370002274276}, "datetime": {"datetime": "2021-06-21 23:48:54", "elapsed": 386.234097, "delta": 5.629384}}
{"target": -13.003029516573358, "params": {"C": 313.6752796154339, "gamma": 0.05}, "datetime": {"datetime": "2021-06-21 23:49:01", "elapsed": 393.001758, "delta": 6.767661}}
{"target": -12.767196868056917, "params": {"C": 324.1925860625721, "gamma": 0.03865226113721542}, "datetime": {"datetime": "2021-06-21 23:49:08", "elapsed": 400.528013, "delta": 7.526255}}
{"target": -12.666976705042304, "params": {"C": 398.8904211018623, "gamma": 0.018463273164422447}, "datetime": {"datetime": "2021-06-21 23:49:16", "elapsed": 408.562764, "delta": 8.034751}}
{"target": -12.670575637388207, "params": {"C": 343.73023806821277, "gamma": 0.03826672234217706}, "datetime": {"datetime": "2021-06-21 23:49:24", "elapsed": 415.759941, "delta": 7.197177}}
{"target": -12.618048164148357, "params": {"C": 354.8800462992399, "gamma": 0.0378221195946296}, "datetime": {"datetime": "2021-06-21 23:49:33", "elapsed": 424.788431, "delta": 9.02849}}
{"target": -13.198496050598099, "params": {"C": 307.56045835543785, "gamma": 0.016265958949991666}, "datetime": {"datetime": "2021-06-21 23:49:41", "elapsed": 432.750742, "delta": 7.962311}}
{"target": -12.81838068499841, "params": {"C": 349.15839935869013, "gamma": 0.05}, "datetime": {"datetime": "2021-06-21 23:49:48", "elapsed": 440.439193, "delta": 7.688451}}
{"target": -12.804066226847446, "params": {"C": 352.07829103291647, "gamma": 0.05}, "datetime": {"datetime": "2021-06-21 23:49:57", "elapsed": 449.065902, "delta": 8.626709}}
{"target": -13.323423800498336, "params": {"C": 309.96553231458944, "gamma": 0.014352155913865506}, "datetime": {"datetime": "2021-06-21 23:50:04", "elapsed": 455.790056, "delta": 6.724154}}
{"target": -12.974131978542367, "params": {"C": 310.40842908502685, "gamma": 0.02088615748248026}, "datetime": {"datetime": "2021-06-21 23:50:12", "elapsed": 464.19586, "delta": 8.405804}}
{"target": -12.639690719191407, "params": {"C": 355.4209179391349, "gamma": 0.02539360760941345}, "datetime": {"datetime": "2021-06-21 23:50:20", "elapsed": 471.818382, "delta": 7.622522}}
{"target": -12.991723503467345, "params": {"C": 313.0381911403478, "gamma": 0.04918275964391073}, "datetime": {"datetime": "2021-06-21 23:50:29", "elapsed": 481.501442, "delta": 9.68306}}
{"target": -13.53097575124007, "params": {"C": 302.8631873442615, "gamma": 0.012578434938859686}, "datetime": {"datetime": "2021-06-21 23:50:36", "elapsed": 488.463441, "delta": 6.961999}}
{"target": -13.264590840588564, "params": {"C": 380.71727419647334, "gamma": 0.011327305919800043}, "datetime": {"datetime": "2021-06-21 23:50:43", "elapsed": 494.80297, "delta": 6.339529}}
{"target": -12.876264223461673, "params": {"C": 333.1691663694921, "gamma": 0.048698999590894944}, "datetime": {"datetime": "2021-06-21 23:50:52", "elapsed": 503.787881, "delta": 8.984911}}
{"target": -12.781533347361096, "params": {"C": 317.1219836769295, "gamma": 0.029140334389805712}, "datetime": {"datetime": "2021-06-21 23:50:59", "elapsed": 511.36326, "delta": 7.575379}}
{"target": -12.708995671402098, "params": {"C": 356.3329303060705, "gamma": 0.04553131740526543}, "datetime": {"datetime": "2021-06-21 23:51:09", "elapsed": 521.047542, "delta": 9.684282}}
{"target": -13.548896569150829, "params": {"C": 348.6160309664126, "gamma": 0.010377026090874337}, "datetime": {"datetime": "2021-06-21 23:51:17", "elapsed": 529.024893, "delta": 7.977351}}
{"target": -12.67043093945184, "params": {"C": 382.05488524977693, "gamma": 0.05}, "datetime": {"datetime": "2021-06-21 23:51:25", "elapsed": 537.123409, "delta": 8.098516}}
{"target": -13.822325024510352, "params": {"C": 348.2116022158581, "gamma": 0.009}, "datetime": {"datetime": "2021-06-21 23:51:35", "elapsed": 547.50776, "delta": 10.384351}}
{"target": -13.839389953416992, "params": {"C": 345.27421852401307, "gamma": 0.009}, "datetime": {"datetime": "2021-06-21 23:51:42", "elapsed": 554.144348, "delta": 6.636588}}
{"target": -12.703494924385728, "params": {"C": 373.819847636415, "gamma": 0.049934808718442185}, "datetime": {"datetime": "2021-06-21 23:51:50", "elapsed": 562.520496, "delta": 8.376148}}
{"target": -12.661807911852762, "params": {"C": 351.5714748854293, "gamma": 0.0408601243900156}, "datetime": {"datetime": "2021-06-21 23:51:58", "elapsed": 570.647204, "delta": 8.126708}}
{"target": -12.852251814311364, "params": {"C": 335.53252471409337, "gamma": 0.020627442439357956}, "datetime": {"datetime": "2021-06-21 23:52:09", "elapsed": 581.467597, "delta": 10.820393}}
{"target": -13.487821130051106, "params": {"C": 325.01484345421085, "gamma": 0.01177878484934142}, "datetime": {"datetime": "2021-06-21 23:52:20", "elapsed": 592.657385, "delta": 11.189788}}
{"target": -12.84213618509083, "params": {"C": 317.98781987086704, "gamma": 0.0419540811079064}, "datetime": {"datetime": "2021-06-21 23:52:30", "elapsed": 602.321031, "delta": 9.663646}}
{"target": -13.616199427683814, "params": {"C": 347.8587494603413, "gamma": 0.010027411046720362}, "datetime": {"datetime": "2021-06-21 23:52:39", "elapsed": 611.497922, "delta": 9.176891}}
{"target": -13.339305219118543, "params": {"C": 324.6275502773939, "gamma": 0.01322584022731971}, "datetime": {"datetime": "2021-06-21 23:52:47", "elapsed": 619.364579, "delta": 7.866657}}
{"target": -12.856331435098728, "params": {"C": 301.1131303020542, "gamma": 0.03405941127138286}, "datetime": {"datetime": "2021-06-21 23:52:55", "elapsed": 626.99829, "delta": 7.633711}}
{"target": -12.576017895382599, "params": {"C": 386.9433405835591, "gamma": 0.045366509168103544}, "datetime": {"datetime": "2021-06-21 23:53:05", "elapsed": 637.400309, "delta": 10.402019}}
{"target": -13.427095070538053, "params": {"C": 340.154101286709, "gamma": 0.011603074206906547}, "datetime": {"datetime": "2021-06-21 23:53:17", "elapsed": 649.264582, "delta": 11.864273}}
