{"target": -10.47401730477262, "params": {"C": 5923.142784067884, "gamma": 0.023709120288945874}, "datetime": {"datetime": "2021-06-22 08:13:24", "elapsed": 221.398121, "delta": 1.00291}}
{"target": -10.29715756784219, "params": {"C": 7670.739227955658, "gamma": 0.02707870722386093}, "datetime": {"datetime": "2021-06-22 08:13:25", "elapsed": 222.692475, "delta": 1.294354}}
{"target": -10.403554880497879, "params": {"C": 5997.166807721554, "gamma": 0.026756398832473202}, "datetime": {"datetime": "2021-06-22 08:13:26", "elapsed": 223.784529, "delta": 1.092054}}
{"target": -11.201139641755057, "params": {"C": 4755.2725481668385, "gamma": 0.009}, "datetime": {"datetime": "2021-06-22 08:13:27", "elapsed": 224.950796, "delta": 1.166267}}
{"target": -10.64112547861242, "params": {"C": 4735.337895200143, "gamma": 0.019678895469921222}, "datetime": {"datetime": "2021-06-22 08:13:29", "elapsed": 226.175648, "delta": 1.224852}}
{"target": -10.294806007164043, "params": {"C": 5817.111641778682, "gamma": 0.049020013996385295}, "datetime": {"datetime": "2021-06-22 08:13:31", "elapsed": 228.338856, "delta": 2.163208}}
{"target": -10.61001626950272, "params": {"C": 7751.245477146091, "gamma": 0.015417443589021123}, "datetime": {"datetime": "2021-06-22 08:13:32", "elapsed": 229.584159, "delta": 1.245303}}
{"target": -10.198327266503789, "params": {"C": 7739.107008262352, "gamma": 0.032065566545404524}, "datetime": {"datetime": "2021-06-22 08:13:33", "elapsed": 230.803234, "delta": 1.219075}}
{"target": -10.912834810265332, "params": {"C": 7989.482517033984, "gamma": 0.00943737211684026}, "datetime": {"datetime": "2021-06-22 08:13:35", "elapsed": 232.137697, "delta": 1.334463}}
{"target": -10.743280930925032, "params": {"C": 4573.352347730711, "gamma": 0.016274891539768535}, "datetime": {"datetime": "2021-06-22 08:13:36", "elapsed": 233.529638, "delta": 1.391941}}
{"target": -10.622537752837932, "params": {"C": 5346.029213980786, "gamma": 0.018888435096736548}, "datetime": {"datetime": "2021-06-22 08:13:37", "elapsed": 234.616281, "delta": 1.086643}}
{"target": -10.459766219925868, "params": {"C": 7763.159650080856, "gamma": 0.020504663509513563}, "datetime": {"datetime": "2021-06-22 08:13:38", "elapsed": 235.9834, "delta": 1.367119}}
{"target": -10.67701225150293, "params": {"C": 7947.6346639375, "gamma": 0.013260267838840685}, "datetime": {"datetime": "2021-06-22 08:13:39", "elapsed": 237.069138, "delta": 1.085738}}
{"target": -10.94967814274536, "params": {"C": 7922.280815156859, "gamma": 0.009091514832608996}, "datetime": {"datetime": "2021-06-22 08:13:41", "elapsed": 238.197472, "delta": 1.128334}}
{"target": -10.76192904636563, "params": {"C": 4870.378438112906, "gamma": 0.015146374057107248}, "datetime": {"datetime": "2021-06-22 08:13:42", "elapsed": 239.915172, "delta": 1.7177}}
{"target": -10.275151897769918, "params": {"C": 5908.2800724004555, "gamma": 0.03771752284244782}, "datetime": {"datetime": "2021-06-22 08:13:44", "elapsed": 241.164819, "delta": 1.249647}}
{"target": -10.54568902516491, "params": {"C": 5977.333343827562, "gamma": 0.020566825544945024}, "datetime": {"datetime": "2021-06-22 08:13:45", "elapsed": 242.283041, "delta": 1.118222}}
{"target": -10.418303231434429, "params": {"C": 7776.762698301845, "gamma": 0.021997624273926757}, "datetime": {"datetime": "2021-06-22 08:13:46", "elapsed": 243.321195, "delta": 1.038154}}
{"target": -10.852313586913203, "params": {"C": 6999.338409073407, "gamma": 0.010768148406304122}, "datetime": {"datetime": "2021-06-22 08:13:47", "elapsed": 244.47661, "delta": 1.155415}}
{"target": -10.6443265706468, "params": {"C": 6870.546020193675, "gamma": 0.015333755344314512}, "datetime": {"datetime": "2021-06-22 08:13:48", "elapsed": 245.879854, "delta": 1.403244}}
{"target": -10.443699867464654, "params": {"C": 4454.306406809784, "gamma": 0.0321733542779969}, "datetime": {"datetime": "2021-06-22 08:13:50", "elapsed": 247.414534, "delta": 1.53468}}
{"target": -11.062311895825964, "params": {"C": 4421.113275622304, "gamma": 0.010727684692735428}, "datetime": {"datetime": "2021-06-22 08:13:51", "elapsed": 248.532276, "delta": 1.117742}}
{"target": -11.200806633047215, "params": {"C": 4403.674988070116, "gamma": 0.009393611912585545}, "datetime": {"datetime": "2021-06-22 08:13:52", "elapsed": 249.822123, "delta": 1.289847}}
{"target": -10.589195778372746, "params": {"C": 4210.605701377446, "gamma": 0.02395936309447104}, "datetime": {"datetime": "2021-06-22 08:13:54", "elapsed": 251.463415, "delta": 1.641292}}
{"target": -10.335236565816015, "params": {"C": 5175.4334395116675, "gamma": 0.04832458239053102}, "datetime": {"datetime": "2021-06-22 08:13:56", "elapsed": 253.127586, "delta": 1.664171}}
{"target": -10.41465978791447, "params": {"C": 6883.989011773578, "gamma": 0.023893267221160974}, "datetime": {"datetime": "2021-06-22 08:13:57", "elapsed": 254.44667, "delta": 1.319084}}
{"target": -10.470051672375012, "params": {"C": 5866.419694024893, "gamma": 0.024049658143326838}, "datetime": {"datetime": "2021-06-22 08:13:58", "elapsed": 255.617972, "delta": 1.171302}}
{"target": -10.263765385219648, "params": {"C": 5851.707182527706, "gamma": 0.04206451351872916}, "datetime": {"datetime": "2021-06-22 08:13:59", "elapsed": 256.967133, "delta": 1.349161}}
{"target": -10.207662069114134, "params": {"C": 7261.399627014544, "gamma": 0.049721013829502725}, "datetime": {"datetime": "2021-06-22 08:14:01", "elapsed": 258.82519, "delta": 1.858057}}
{"target": -10.26703925538862, "params": {"C": 6103.949445399646, "gamma": 0.04783110223408838}, "datetime": {"datetime": "2021-06-22 08:14:03", "elapsed": 260.406217, "delta": 1.581027}}
{"target": -10.715670195438802, "params": {"C": 7315.965250471103, "gamma": 0.012901495483065328}, "datetime": {"datetime": "2021-06-22 08:14:05", "elapsed": 262.163583, "delta": 1.757366}}
{"target": -10.193698340789663, "params": {"C": 7353.28419788162, "gamma": 0.03454674697099868}, "datetime": {"datetime": "2021-06-22 08:14:06", "elapsed": 263.75753, "delta": 1.593947}}
{"target": -10.349315606579863, "params": {"C": 4854.935971293058, "gamma": 0.04231095127298904}, "datetime": {"datetime": "2021-06-22 08:14:07", "elapsed": 265.01316, "delta": 1.25563}}
{"target": -10.812025338378817, "params": {"C": 4027.681465956957, "gamma": 0.015634497619243272}, "datetime": {"datetime": "2021-06-22 08:14:09", "elapsed": 266.156638, "delta": 1.143478}}
{"target": -11.209498616284746, "params": {"C": 4009.3093342382404, "gamma": 0.00981549016895766}, "datetime": {"datetime": "2021-06-22 08:14:10", "elapsed": 267.282751, "delta": 1.126113}}
{"target": -10.2876948966202, "params": {"C": 5565.873753251059, "gamma": 0.041952761426531995}, "datetime": {"datetime": "2021-06-22 08:14:11", "elapsed": 268.833341, "delta": 1.55059}}
{"target": -10.332157292922934, "params": {"C": 5660.0929676883525, "gamma": 0.0334464323197261}, "datetime": {"datetime": "2021-06-22 08:14:13", "elapsed": 270.153325, "delta": 1.319984}}
{"target": -10.189241045176596, "params": {"C": 7815.047432614532, "gamma": 0.03236032039645372}, "datetime": {"datetime": "2021-06-22 08:14:14", "elapsed": 271.680902, "delta": 1.527577}}
{"target": -10.568477799482737, "params": {"C": 4435.612531063788, "gamma": 0.024113362129114635}, "datetime": {"datetime": "2021-06-22 08:14:16", "elapsed": 273.740017, "delta": 2.059115}}
{"target": -10.72384982876083, "params": {"C": 6855.845763728487, "gamma": 0.013202271931196479}, "datetime": {"datetime": "2021-06-22 08:14:18", "elapsed": 275.292965, "delta": 1.552948}}
{"target": -10.438720391484532, "params": {"C": 6839.0634948634115, "gamma": 0.022998823764474652}, "datetime": {"datetime": "2021-06-22 08:14:19", "elapsed": 276.840379, "delta": 1.547414}}
{"target": -10.467245944321158, "params": {"C": 4297.3970437497255, "gamma": 0.031094546626887175}, "datetime": {"datetime": "2021-06-22 08:14:21", "elapsed": 278.760976, "delta": 1.920597}}
{"target": -10.219218344059104, "params": {"C": 6499.107895049701, "gamma": 0.04045325082463198}, "datetime": {"datetime": "2021-06-22 08:14:23", "elapsed": 280.358129, "delta": 1.597153}}
{"target": -10.197727464480426, "params": {"C": 7418.489251815938, "gamma": 0.04964050609392908}, "datetime": {"datetime": "2021-06-22 08:14:24", "elapsed": 282.022647, "delta": 1.664518}}
{"target": -10.996082669627102, "params": {"C": 4280.4924094447715, "gamma": 0.011732721662649527}, "datetime": {"datetime": "2021-06-22 08:14:26", "elapsed": 284.033995, "delta": 2.011348}}
{"target": -10.223213764569419, "params": {"C": 6693.6698381304, "gamma": 0.03650466288777017}, "datetime": {"datetime": "2021-06-22 08:14:28", "elapsed": 285.335756, "delta": 1.301761}}
{"target": -10.33698378200687, "params": {"C": 5533.045150342254, "gamma": 0.034054148741245543}, "datetime": {"datetime": "2021-06-22 08:14:30", "elapsed": 287.902, "delta": 2.566244}}
{"target": -10.379084470834178, "params": {"C": 7644.913342284801, "gamma": 0.023676992558400396}, "datetime": {"datetime": "2021-06-22 08:14:32", "elapsed": 289.340538, "delta": 1.438538}}
{"target": -10.170869800215508, "params": {"C": 7860.123807638651, "gamma": 0.03355899588688387}, "datetime": {"datetime": "2021-06-22 08:14:33", "elapsed": 290.878699, "delta": 1.538161}}
{"target": -10.523024333893272, "params": {"C": 5478.922479467483, "gamma": 0.02278919473490114}, "datetime": {"datetime": "2021-06-22 08:14:35", "elapsed": 292.761066, "delta": 1.882367}}
{"target": -10.399876952803528, "params": {"C": 6470.457578596793, "gamma": 0.025549807525825176}, "datetime": {"datetime": "2021-06-22 08:14:38", "elapsed": 295.610974, "delta": 2.849908}}
{"target": -10.242780611034634, "params": {"C": 7510.646555580106, "gamma": 0.0304205725049025}, "datetime": {"datetime": "2021-06-22 08:14:39", "elapsed": 296.967834, "delta": 1.35686}}
{"target": -10.35539333001986, "params": {"C": 4810.881219189857, "gamma": 0.04718684615310911}, "datetime": {"datetime": "2021-06-22 08:14:41", "elapsed": 298.296177, "delta": 1.328343}}
{"target": -11.144738839362036, "params": {"C": 4139.590776274836, "gamma": 0.010267518156224092}, "datetime": {"datetime": "2021-06-22 08:14:43", "elapsed": 300.301115, "delta": 2.004938}}
{"target": -10.343636233461858, "params": {"C": 7393.720780393752, "gamma": 0.025598050605923038}, "datetime": {"datetime": "2021-06-22 08:14:44", "elapsed": 301.721012, "delta": 1.419897}}
{"target": -11.054238646080927, "params": {"C": 5703.425770134274, "gamma": 0.009478033400082008}, "datetime": {"datetime": "2021-06-22 08:14:46", "elapsed": 303.378495, "delta": 1.657483}}
{"target": -10.446981894269005, "params": {"C": 5321.235755963191, "gamma": 0.026922658978584077}, "datetime": {"datetime": "2021-06-22 08:14:48", "elapsed": 305.40571, "delta": 2.027215}}
{"target": -10.290363173735125, "params": {"C": 5723.699717249443, "gamma": 0.037632640884849355}, "datetime": {"datetime": "2021-06-22 08:14:50", "elapsed": 307.226399, "delta": 1.820689}}
{"target": -11.129594325341218, "params": {"C": 5049.261714434509, "gamma": 0.009330861970177675}, "datetime": {"datetime": "2021-06-22 08:14:52", "elapsed": 309.683506, "delta": 2.457107}}
{"target": -10.359162639311052, "params": {"C": 5062.5265062639855, "gamma": 0.03638004163437176}, "datetime": {"datetime": "2021-06-22 08:14:54", "elapsed": 311.081378, "delta": 1.397872}}
{"target": -10.363784418366109, "params": {"C": 5030.995897140074, "gamma": 0.03614280128066619}, "datetime": {"datetime": "2021-06-22 08:14:55", "elapsed": 312.47762, "delta": 1.396242}}
{"target": -10.429874082486586, "params": {"C": 4042.537648011903, "gamma": 0.04579051948285236}, "datetime": {"datetime": "2021-06-22 08:14:56", "elapsed": 313.906377, "delta": 1.428757}}
{"target": -10.495228859376194, "params": {"C": 6350.66754557918, "gamma": 0.021761254061159224}, "datetime": {"datetime": "2021-06-22 08:14:58", "elapsed": 315.394306, "delta": 1.487929}}
{"target": -10.622852908003965, "params": {"C": 6335.876830869433, "gamma": 0.016902195311971475}, "datetime": {"datetime": "2021-06-22 08:15:00", "elapsed": 317.56775, "delta": 2.173444}}
{"target": -10.447538197122123, "params": {"C": 6322.858093103912, "gamma": 0.023846344195641408}, "datetime": {"datetime": "2021-06-22 08:15:01", "elapsed": 319.04186, "delta": 1.47411}}
{"target": -10.188192999352722, "params": {"C": 6975.72053237993, "gamma": 0.04315647640112056}, "datetime": {"datetime": "2021-06-22 08:15:03", "elapsed": 320.508195, "delta": 1.466335}}
{"target": -10.723739929945141, "params": {"C": 5160.375847161339, "gamma": 0.015612737640246696}, "datetime": {"datetime": "2021-06-22 08:15:05", "elapsed": 323.014488, "delta": 2.506293}}
{"target": -10.65056489478771, "params": {"C": 7079.771089456266, "gamma": 0.014846456133960184}, "datetime": {"datetime": "2021-06-22 08:15:07", "elapsed": 324.671407, "delta": 1.656919}}
{"target": -10.705529111720088, "params": {"C": 7068.126455920212, "gamma": 0.013379357719880062}, "datetime": {"datetime": "2021-06-22 08:15:09", "elapsed": 326.175722, "delta": 1.504315}}
{"target": -10.219856449478355, "params": {"C": 7091.54950867844, "gamma": 0.05}, "datetime": {"datetime": "2021-06-22 08:15:12", "elapsed": 329.166938, "delta": 2.991216}}
{"target": -10.689017093272666, "params": {"C": 5640.890318009791, "gamma": 0.015819847712696275}, "datetime": {"datetime": "2021-06-22 08:15:13", "elapsed": 330.671366, "delta": 1.504428}}
{"target": -10.222798972577134, "params": {"C": 6655.686464030285, "gamma": 0.04646393961691551}, "datetime": {"datetime": "2021-06-22 08:15:15", "elapsed": 332.85341, "delta": 2.182044}}
{"target": -10.225559299185436, "params": {"C": 6413.96303304743, "gamma": 0.040344399933662366}, "datetime": {"datetime": "2021-06-22 08:15:17", "elapsed": 334.557923, "delta": 1.704513}}
{"target": -10.340921579814195, "params": {"C": 5273.605497280521, "gamma": 0.03626145918397098}, "datetime": {"datetime": "2021-06-22 08:15:19", "elapsed": 337.071682, "delta": 2.513759}}
{"target": -10.805642325224255, "params": {"C": 4472.018537505941, "gamma": 0.014830727275224906}, "datetime": {"datetime": "2021-06-22 08:15:22", "elapsed": 339.1351, "delta": 2.063418}}
{"target": -10.66975889624073, "params": {"C": 5831.823166259241, "gamma": 0.0161234766501932}, "datetime": {"datetime": "2021-06-22 08:15:24", "elapsed": 341.998614, "delta": 2.863514}}
{"target": -10.453265729839998, "params": {"C": 4259.038173763613, "gamma": 0.03337537794427324}, "datetime": {"datetime": "2021-06-22 08:15:26", "elapsed": 343.518009, "delta": 1.519395}}
{"target": -10.26282971027197, "params": {"C": 6029.734327326694, "gamma": 0.03820438614651059}, "datetime": {"datetime": "2021-06-22 08:15:28", "elapsed": 345.552034, "delta": 2.034025}}
{"target": -10.625044836621992, "params": {"C": 7328.818716689358, "gamma": 0.015348089115984877}, "datetime": {"datetime": "2021-06-22 08:15:30", "elapsed": 347.430186, "delta": 1.878152}}
{"target": -10.165741843987352, "params": {"C": 7339.151720753485, "gamma": 0.04090552889686958}, "datetime": {"datetime": "2021-06-22 08:15:32", "elapsed": 349.983851, "delta": 2.553665}}
{"target": -10.553071492106707, "params": {"C": 4647.354874661293, "gamma": 0.024077187932470757}, "datetime": {"datetime": "2021-06-22 08:15:34", "elapsed": 351.9254, "delta": 1.941549}}
{"target": -10.220514305447455, "params": {"C": 6485.350224942536, "gamma": 0.04317338157824824}, "datetime": {"datetime": "2021-06-22 08:15:36", "elapsed": 354.069839, "delta": 2.144439}}
{"target": -10.456183020863783, "params": {"C": 4063.4183998670087, "gamma": 0.03649362829653205}, "datetime": {"datetime": "2021-06-22 08:15:38", "elapsed": 355.458227, "delta": 1.388388}}
{"target": -10.310902676940723, "params": {"C": 5492.494944631343, "gamma": 0.03757916114318929}, "datetime": {"datetime": "2021-06-22 08:15:40", "elapsed": 357.495689, "delta": 2.037462}}
{"target": -10.214055997519829, "params": {"C": 7522.023888919577, "gamma": 0.03196110522305354}, "datetime": {"datetime": "2021-06-22 08:15:43", "elapsed": 360.33387, "delta": 2.838181}}
{"target": -10.179235103840139, "params": {"C": 7124.6206155173895, "gamma": 0.043693053787460356}, "datetime": {"datetime": "2021-06-22 08:15:45", "elapsed": 362.524168, "delta": 2.190298}}
{"target": -10.558881889936291, "params": {"C": 7150.389953472178, "gamma": 0.017859905562510547}, "datetime": {"datetime": "2021-06-22 08:15:46", "elapsed": 364.019285, "delta": 1.495117}}
{"target": -10.20815505148768, "params": {"C": 7162.1364086670455, "gamma": 0.048897105803190934}, "datetime": {"datetime": "2021-06-22 08:15:49", "elapsed": 366.566971, "delta": 2.547686}}
{"target": -10.39401068117293, "params": {"C": 7139.481073270352, "gamma": 0.024158815802774288}, "datetime": {"datetime": "2021-06-22 08:15:51", "elapsed": 368.171731, "delta": 1.60476}}
{"target": -10.703577003601774, "params": {"C": 7442.756531265621, "gamma": 0.013036666858532773}, "datetime": {"datetime": "2021-06-22 08:15:52", "elapsed": 369.698702, "delta": 1.526971}}
{"target": -10.177119955402953, "params": {"C": 7453.873091209323, "gamma": 0.035654846652873357}, "datetime": {"datetime": "2021-06-22 08:15:54", "elapsed": 371.86227, "delta": 2.163568}}
{"target": -10.161090849914848, "params": {"C": 7429.909697638481, "gamma": 0.04036856637152166}, "datetime": {"datetime": "2021-06-22 08:15:57", "elapsed": 374.625693, "delta": 2.763423}}
{"target": -10.572852535773247, "params": {"C": 4227.485956523852, "gamma": 0.024747549383675987}, "datetime": {"datetime": "2021-06-22 08:15:59", "elapsed": 376.230124, "delta": 1.604431}}
{"target": -10.800122008003695, "params": {"C": 5893.925562701522, "gamma": 0.012734955880349336}, "datetime": {"datetime": "2021-06-22 08:16:01", "elapsed": 378.161975, "delta": 1.931851}}
{"target": -10.746345305446981, "params": {"C": 5880.258704091615, "gamma": 0.013910746829909532}, "datetime": {"datetime": "2021-06-22 08:16:02", "elapsed": 379.715538, "delta": 1.553563}}
{"target": -10.200791691191856, "params": {"C": 7174.499643687073, "gamma": 0.03507858315805324}, "datetime": {"datetime": "2021-06-22 08:16:05", "elapsed": 382.696591, "delta": 2.981053}}
{"target": -10.14279946452744, "params": {"C": 7723.100681669501, "gamma": 0.04081517448545794}, "datetime": {"datetime": "2021-06-22 08:16:07", "elapsed": 384.881964, "delta": 2.185373}}
{"target": -10.430385766341438, "params": {"C": 6740.5707411661915, "gamma": 0.023569181890727188}, "datetime": {"datetime": "2021-06-22 08:16:09", "elapsed": 386.972762, "delta": 2.090798}}
{"target": -10.340997727128476, "params": {"C": 6728.886358407998, "gamma": 0.027586163843978558}, "datetime": {"datetime": "2021-06-22 08:16:11", "elapsed": 388.527877, "delta": 1.555115}}
{"target": -10.274601511917602, "params": {"C": 6177.475509344147, "gamma": 0.04953602772301915}, "datetime": {"datetime": "2021-06-22 08:16:13", "elapsed": 391.034182, "delta": 2.506305}}
{"target": -10.434823022698666, "params": {"C": 5593.977954011826, "gamma": 0.026571442419299943}, "datetime": {"datetime": "2021-06-22 08:16:16", "elapsed": 393.730875, "delta": 2.696693}}
{"target": -10.424262418328073, "params": {"C": 6363.2132250316845, "gamma": 0.02476578201294069}, "datetime": {"datetime": "2021-06-22 08:16:18", "elapsed": 395.560073, "delta": 1.829198}}
{"target": -10.347016483612519, "params": {"C": 6376.040064012492, "gamma": 0.02849334651940906}, "datetime": {"datetime": "2021-06-22 08:16:21", "elapsed": 398.146577, "delta": 2.586504}}
{"target": -10.34840741053024, "params": {"C": 5936.461667439589, "gamma": 0.03025886671584281}, "datetime": {"datetime": "2021-06-22 08:16:22", "elapsed": 399.820883, "delta": 1.674306}}
{"target": -10.664530941765706, "params": {"C": 6931.33125628977, "gamma": 0.014626405674311173}, "datetime": {"datetime": "2021-06-22 08:16:24", "elapsed": 401.84586, "delta": 2.024977}}
{"target": -10.206355225687807, "params": {"C": 6916.378298440616, "gamma": 0.036621245054257665}, "datetime": {"datetime": "2021-06-22 08:16:26", "elapsed": 403.534234, "delta": 1.688374}}
{"target": -10.232728793252472, "params": {"C": 7701.421262769383, "gamma": 0.030328734587534864}, "datetime": {"datetime": "2021-06-22 08:16:28", "elapsed": 405.216477, "delta": 1.682243}}
{"target": -10.178195671839156, "params": {"C": 7690.074683657657, "gamma": 0.049090397459106705}, "datetime": {"datetime": "2021-06-22 08:16:30", "elapsed": 407.577515, "delta": 2.361038}}
{"target": -10.173976008925923, "params": {"C": 7197.557309754611, "gamma": 0.04230473812464409}, "datetime": {"datetime": "2021-06-22 08:16:32", "elapsed": 409.907756, "delta": 2.330241}}
{"target": -10.133003999204691, "params": {"C": 7886.343320444394, "gamma": 0.04159286917856507}, "datetime": {"datetime": "2021-06-22 08:16:34", "elapsed": 412.064672, "delta": 2.156916}}
{"target": -10.229187691500616, "params": {"C": 6679.875104549988, "gamma": 0.047636060628183645}, "datetime": {"datetime": "2021-06-22 08:16:37", "elapsed": 414.66816, "delta": 2.603488}}
{"target": -10.327783425495573, "params": {"C": 7026.029541204941, "gamma": 0.02734964836913803}, "datetime": {"datetime": "2021-06-22 08:16:39", "elapsed": 416.287824, "delta": 1.619664}}
{"target": -10.506439130393908, "params": {"C": 7015.164269514091, "gamma": 0.019988595481638446}, "datetime": {"datetime": "2021-06-22 08:16:41", "elapsed": 418.504861, "delta": 2.217037}}
{"target": -10.35953440501443, "params": {"C": 4887.506386978189, "gamma": 0.04862071316974172}, "datetime": {"datetime": "2021-06-22 08:16:44", "elapsed": 421.144768, "delta": 2.639907}}
{"target": -10.35937187150515, "params": {"C": 5290.564697968713, "gamma": 0.03378706089990517}, "datetime": {"datetime": "2021-06-22 08:16:46", "elapsed": 423.157107, "delta": 2.012339}}
{"target": -10.252969532721004, "params": {"C": 6214.259615310513, "gamma": 0.03741809306909609}, "datetime": {"datetime": "2021-06-22 08:16:47", "elapsed": 424.891104, "delta": 1.733997}}
