{"target": -10.276798312965866, "params": {"C": 58364.59268724394, "gamma": 0.047835200164961136}, "datetime": {"datetime": "2021-06-22 09:22:57", "elapsed": 131.78253, "delta": 0.870692}}
{"target": -9.716838065929, "params": {"C": 59439.013843770794, "gamma": 0.03007792294862551}, "datetime": {"datetime": "2021-06-22 09:22:58", "elapsed": 132.870421, "delta": 1.087891}}
{"target": -9.775737430823854, "params": {"C": 47134.77099477623, "gamma": 0.03865492699242339}, "datetime": {"datetime": "2021-06-22 09:22:59", "elapsed": 133.841794, "delta": 0.971373}}
{"target": -9.629184596538124, "params": {"C": 36998.9555193141, "gamma": 0.031404610121584346}, "datetime": {"datetime": "2021-06-22 09:23:00", "elapsed": 134.791146, "delta": 0.949352}}
{"target": -10.071451093605093, "params": {"C": 48762.61130165345, "gamma": 0.04694360701694599}, "datetime": {"datetime": "2021-06-22 09:23:01", "elapsed": 135.777488, "delta": 0.986342}}
{"target": -9.616614742520802, "params": {"C": 36016.7596910256, "gamma": 0.037039999435230404}, "datetime": {"datetime": "2021-06-22 09:23:02", "elapsed": 136.800213, "delta": 1.022725}}
{"target": -10.575821001967642, "params": {"C": 35017.78681671488, "gamma": 0.06}, "datetime": {"datetime": "2021-06-22 09:23:03", "elapsed": 137.818875, "delta": 1.018662}}
{"target": -10.387579269461565, "params": {"C": 39036.02237336588, "gamma": 0.055198521316662585}, "datetime": {"datetime": "2021-06-22 09:23:04", "elapsed": 138.652215, "delta": 0.83334}}
{"target": -9.645734585672162, "params": {"C": 36660.1452707138, "gamma": 0.039295094713232}, "datetime": {"datetime": "2021-06-22 09:23:05", "elapsed": 139.685595, "delta": 1.03338}}
{"target": -10.419614230501292, "params": {"C": 55229.21100526025, "gamma": 0.0512060319310632}, "datetime": {"datetime": "2021-06-22 09:23:06", "elapsed": 140.957992, "delta": 1.272397}}
{"target": -9.945961634339092, "params": {"C": 51639.46023660343, "gamma": 0.04179711940317408}, "datetime": {"datetime": "2021-06-22 09:23:08", "elapsed": 142.061, "delta": 1.103008}}
{"target": -10.551538725718357, "params": {"C": 59075.46604102169, "gamma": 0.052403600759415615}, "datetime": {"datetime": "2021-06-22 09:23:09", "elapsed": 143.123149, "delta": 1.062149}}
{"target": -10.422082081523461, "params": {"C": 44335.68853858887, "gamma": 0.054303663729884544}, "datetime": {"datetime": "2021-06-22 09:23:10", "elapsed": 144.433123, "delta": 1.309974}}
{"target": -9.79314351810613, "params": {"C": 37281.38244996989, "gamma": 0.04329085332868739}, "datetime": {"datetime": "2021-06-22 09:23:11", "elapsed": 145.536677, "delta": 1.103554}}
{"target": -9.96237057914963, "params": {"C": 49073.10069522484, "gamma": 0.04380540693702277}, "datetime": {"datetime": "2021-06-22 09:23:12", "elapsed": 146.740461, "delta": 1.203784}}
{"target": -9.627684460535296, "params": {"C": 39164.062305594256, "gamma": 0.034471122615218}, "datetime": {"datetime": "2021-06-22 09:23:14", "elapsed": 148.075434, "delta": 1.334973}}
{"target": -9.800801671965248, "params": {"C": 53369.764559682546, "gamma": 0.02510381936725284}, "datetime": {"datetime": "2021-06-22 09:23:15", "elapsed": 149.125234, "delta": 1.0498}}
{"target": -9.743869977293645, "params": {"C": 50118.31850548594, "gamma": 0.03627729454307585}, "datetime": {"datetime": "2021-06-22 09:23:16", "elapsed": 150.342123, "delta": 1.216889}}
{"target": -10.031051677697125, "params": {"C": 41862.70229418192, "gamma": 0.04748931795876277}, "datetime": {"datetime": "2021-06-22 09:23:17", "elapsed": 151.696832, "delta": 1.354709}}
{"target": -10.434281458502346, "params": {"C": 57505.703271955805, "gamma": 0.011042069071011736}, "datetime": {"datetime": "2021-06-22 09:23:18", "elapsed": 152.808544, "delta": 1.111712}}
{"target": -9.790643307616103, "params": {"C": 57068.88468503795, "gamma": 0.03477861201384412}, "datetime": {"datetime": "2021-06-22 09:23:19", "elapsed": 153.781435, "delta": 0.972891}}
{"target": -10.125155914900382, "params": {"C": 32247.52523770199, "gamma": 0.017422307629108423}, "datetime": {"datetime": "2021-06-22 09:23:21", "elapsed": 155.110989, "delta": 1.329554}}
{"target": -10.63652138957255, "params": {"C": 54838.9971434811, "gamma": 0.05490565543358622}, "datetime": {"datetime": "2021-06-22 09:23:22", "elapsed": 156.148657, "delta": 1.037668}}
{"target": -9.823230740325299, "params": {"C": 54697.12731854273, "gamma": 0.036598421193358675}, "datetime": {"datetime": "2021-06-22 09:23:23", "elapsed": 157.215786, "delta": 1.067129}}
{"target": -10.500365313744975, "params": {"C": 47293.4573232497, "gamma": 0.05475912004980403}, "datetime": {"datetime": "2021-06-22 09:23:24", "elapsed": 158.13976, "delta": 0.923974}}
{"target": -10.569707613816236, "params": {"C": 43165.929776421835, "gamma": 0.05712237098442023}, "datetime": {"datetime": "2021-06-22 09:23:25", "elapsed": 159.187278, "delta": 1.047518}}
{"target": -9.650855979419557, "params": {"C": 43283.753086076125, "gamma": 0.03385712827756757}, "datetime": {"datetime": "2021-06-22 09:23:26", "elapsed": 160.057265, "delta": 0.869987}}
{"target": -9.800517491191451, "params": {"C": 34037.535501511236, "gamma": 0.04386971617321241}, "datetime": {"datetime": "2021-06-22 09:23:27", "elapsed": 161.033552, "delta": 0.976287}}
{"target": -10.090328102886263, "params": {"C": 46804.00220305188, "gamma": 0.017483113836277372}, "datetime": {"datetime": "2021-06-22 09:23:27", "elapsed": 161.909387, "delta": 0.875835}}
{"target": -10.553236049097867, "params": {"C": 47470.39527328987, "gamma": 0.055567634356685054}, "datetime": {"datetime": "2021-06-22 09:23:29", "elapsed": 163.158073, "delta": 1.248686}}
{"target": -9.732829267224254, "params": {"C": 33209.40349425389, "gamma": 0.027425263500360078}, "datetime": {"datetime": "2021-06-22 09:23:30", "elapsed": 164.529681, "delta": 1.371608}}
{"target": -9.945937980475676, "params": {"C": 44478.72500744942, "gamma": 0.045297037966590376}, "datetime": {"datetime": "2021-06-22 09:23:31", "elapsed": 165.48959, "delta": 0.959909}}
{"target": -9.747863116676964, "params": {"C": 58752.55688472487, "gamma": 0.032980215445793166}, "datetime": {"datetime": "2021-06-22 09:23:32", "elapsed": 166.775041, "delta": 1.285451}}
{"target": -9.868248978897292, "params": {"C": 56628.80400269022, "gamma": 0.023003583310354625}, "datetime": {"datetime": "2021-06-22 09:23:33", "elapsed": 167.934153, "delta": 1.159112}}
{"target": -9.902750619288494, "params": {"C": 49388.38439173336, "gamma": 0.04161220225352164}, "datetime": {"datetime": "2021-06-22 09:23:35", "elapsed": 169.248138, "delta": 1.313985}}
{"target": -10.440688485426563, "params": {"C": 51504.37104677121, "gamma": 0.010900499260742155}, "datetime": {"datetime": "2021-06-22 09:23:36", "elapsed": 170.190402, "delta": 0.942264}}
{"target": -10.446807779279403, "params": {"C": 52426.04328351734, "gamma": 0.010777034651973516}, "datetime": {"datetime": "2021-06-22 09:23:37", "elapsed": 171.454401, "delta": 1.263999}}
{"target": -10.210842172829516, "params": {"C": 59252.0565061806, "gamma": 0.04573317416001361}, "datetime": {"datetime": "2021-06-22 09:23:38", "elapsed": 172.458047, "delta": 1.003646}}
{"target": -10.150238680566693, "params": {"C": 53494.253862959005, "gamma": 0.016222837431261468}, "datetime": {"datetime": "2021-06-22 09:23:39", "elapsed": 173.539254, "delta": 1.081207}}
{"target": -9.775395667894534, "params": {"C": 43404.06746052199, "gamma": 0.02597125617657358}, "datetime": {"datetime": "2021-06-22 09:23:40", "elapsed": 174.674463, "delta": 1.135209}}
{"target": -10.782067042906336, "params": {"C": 48906.22883236992, "gamma": 0.05895058418988025}, "datetime": {"datetime": "2021-06-22 09:23:42", "elapsed": 176.07609, "delta": 1.401627}}
{"target": -10.531753961847475, "params": {"C": 49224.142596617065, "gamma": 0.009}, "datetime": {"datetime": "2021-06-22 09:23:43", "elapsed": 177.200885, "delta": 1.124795}}
{"target": -10.268029608320827, "params": {"C": 41676.06560626587, "gamma": 0.014377598304092586}, "datetime": {"datetime": "2021-06-22 09:23:44", "elapsed": 178.203993, "delta": 1.003108}}
{"target": -10.048017714525075, "params": {"C": 36359.88822543856, "gamma": 0.018674497598931493}, "datetime": {"datetime": "2021-06-22 09:23:45", "elapsed": 179.437252, "delta": 1.233259}}
{"target": -9.906632806593917, "params": {"C": 53856.847758791686, "gamma": 0.021752484571115546}, "datetime": {"datetime": "2021-06-22 09:23:46", "elapsed": 180.491971, "delta": 1.054719}}
{"target": -9.796514606013341, "params": {"C": 41018.04105669311, "gamma": 0.025278430697391288}, "datetime": {"datetime": "2021-06-22 09:23:47", "elapsed": 181.409185, "delta": 0.917214}}
{"target": -10.252953445259116, "params": {"C": 38913.39575516005, "gamma": 0.014718375233538687}, "datetime": {"datetime": "2021-06-22 09:23:48", "elapsed": 182.71583, "delta": 1.306645}}
{"target": -9.958185569342733, "params": {"C": 49928.64716038331, "gamma": 0.020277170596432796}, "datetime": {"datetime": "2021-06-22 09:23:50", "elapsed": 184.101672, "delta": 1.385842}}
{"target": -10.2599249207341, "params": {"C": 51774.651568605754, "gamma": 0.04954574724520393}, "datetime": {"datetime": "2021-06-22 09:23:51", "elapsed": 185.46489, "delta": 1.363218}}
{"target": -10.026945559509196, "params": {"C": 35737.9503929694, "gamma": 0.04873898571916378}, "datetime": {"datetime": "2021-06-22 09:23:52", "elapsed": 186.709011, "delta": 1.244121}}
{"target": -9.813481668895975, "params": {"C": 35854.811212853536, "gamma": 0.024615599627570747}, "datetime": {"datetime": "2021-06-22 09:23:54", "elapsed": 188.558942, "delta": 1.849931}}
{"target": -9.831755252875151, "params": {"C": 43063.22827016, "gamma": 0.024090626978117778}, "datetime": {"datetime": "2021-06-22 09:23:55", "elapsed": 189.594837, "delta": 1.035895}}
{"target": -10.54591466078962, "params": {"C": 38375.538423751845, "gamma": 0.05828948921788801}, "datetime": {"datetime": "2021-06-22 09:23:56", "elapsed": 190.588136, "delta": 0.993299}}
{"target": -9.738957177944837, "params": {"C": 38475.559276811095, "gamma": 0.04193281880351264}, "datetime": {"datetime": "2021-06-22 09:23:57", "elapsed": 191.712161, "delta": 1.124025}}
{"target": -10.06422851038738, "params": {"C": 37998.68192694414, "gamma": 0.018295992452868656}, "datetime": {"datetime": "2021-06-22 09:23:58", "elapsed": 192.75563, "delta": 1.043469}}
{"target": -10.9895242464583, "params": {"C": 57680.782807138334, "gamma": 0.06}, "datetime": {"datetime": "2021-06-22 09:24:00", "elapsed": 194.024083, "delta": 1.268453}}
{"target": -10.99217013360433, "params": {"C": 57851.288443308855, "gamma": 0.06}, "datetime": {"datetime": "2021-06-22 09:24:01", "elapsed": 195.583547, "delta": 1.559464}}
{"target": -9.852459793491823, "params": {"C": 59601.25056151753, "gamma": 0.035496399267629486}, "datetime": {"datetime": "2021-06-22 09:24:02", "elapsed": 196.667317, "delta": 1.08377}}
{"target": -9.804895932102298, "params": {"C": 43875.409035004675, "gamma": 0.02500768869695398}, "datetime": {"datetime": "2021-06-22 09:24:04", "elapsed": 198.074022, "delta": 1.406705}}
{"target": -10.519846048207738, "params": {"C": 56423.11657967526, "gamma": 0.009308404031311288}, "datetime": {"datetime": "2021-06-22 09:24:05", "elapsed": 199.256153, "delta": 1.182131}}
{"target": -10.077988239824778, "params": {"C": 37150.26092982533, "gamma": 0.04951158331012927}, "datetime": {"datetime": "2021-06-22 09:24:07", "elapsed": 201.076716, "delta": 1.820563}}
{"target": -9.719609756075625, "params": {"C": 59901.77132932357, "gamma": 0.030193231982859295}, "datetime": {"datetime": "2021-06-22 09:24:08", "elapsed": 202.554086, "delta": 1.47737}}
{"target": -10.484867027478439, "params": {"C": 56924.69132723527, "gamma": 0.051837596754628304}, "datetime": {"datetime": "2021-06-22 09:24:09", "elapsed": 203.732308, "delta": 1.178222}}
{"target": -9.750124617901426, "params": {"C": 51134.62866288362, "gamma": 0.036015235086740954}, "datetime": {"datetime": "2021-06-22 09:24:11", "elapsed": 205.166775, "delta": 1.434467}}
{"target": -9.862716339716103, "params": {"C": 42802.18235827168, "gamma": 0.023020087836656586}, "datetime": {"datetime": "2021-06-22 09:24:13", "elapsed": 206.986711, "delta": 1.819936}}
{"target": -9.679466873674548, "params": {"C": 45172.479802956695, "gamma": 0.02905321158633431}, "datetime": {"datetime": "2021-06-22 09:24:14", "elapsed": 208.542169, "delta": 1.555458}}
{"target": -9.727174155362452, "params": {"C": 50529.600400449286, "gamma": 0.03561943840072967}, "datetime": {"datetime": "2021-06-22 09:24:15", "elapsed": 209.644158, "delta": 1.101989}}
{"target": -9.721528588085256, "params": {"C": 54954.55378743773, "gamma": 0.03354406551061773}, "datetime": {"datetime": "2021-06-22 09:24:16", "elapsed": 210.70456, "delta": 1.060402}}
{"target": -9.784614843755254, "params": {"C": 39509.38521919682, "gamma": 0.042752070239427696}, "datetime": {"datetime": "2021-06-22 09:24:18", "elapsed": 212.628817, "delta": 1.924257}}
{"target": -9.703882613394299, "params": {"C": 49509.413778189504, "gamma": 0.028190928681982128}, "datetime": {"datetime": "2021-06-22 09:24:20", "elapsed": 214.5847, "delta": 1.955883}}
{"target": -9.919893761132107, "params": {"C": 41403.80389636563, "gamma": 0.021370877052050506}, "datetime": {"datetime": "2021-06-22 09:24:22", "elapsed": 216.146082, "delta": 1.561382}}
{"target": -9.610411185215176, "params": {"C": 32427.152578109504, "gamma": 0.03697294134579167}, "datetime": {"datetime": "2021-06-22 09:24:23", "elapsed": 217.597315, "delta": 1.451233}}
{"target": -9.770719894526955, "params": {"C": 34559.69254827721, "gamma": 0.026077236300837442}, "datetime": {"datetime": "2021-06-22 09:24:25", "elapsed": 219.328255, "delta": 1.73094}}
{"target": -10.143547349389555, "params": {"C": 37407.068389916196, "gamma": 0.016889827070290898}, "datetime": {"datetime": "2021-06-22 09:24:26", "elapsed": 220.777984, "delta": 1.449729}}
{"target": -9.628543433526952, "params": {"C": 37539.63382407183, "gamma": 0.037435105936138274}, "datetime": {"datetime": "2021-06-22 09:24:27", "elapsed": 221.888111, "delta": 1.110127}}
{"target": -10.994806919028525, "params": {"C": 58021.76528705094, "gamma": 0.06}, "datetime": {"datetime": "2021-06-22 09:24:29", "elapsed": 223.560229, "delta": 1.672118}}
{"target": -10.642085290508696, "params": {"C": 58188.84202869389, "gamma": 0.05411686213308737}, "datetime": {"datetime": "2021-06-22 09:24:30", "elapsed": 224.941823, "delta": 1.381594}}
{"target": -10.148079577161306, "params": {"C": 33351.64041028922, "gamma": 0.016925927228565188}, "datetime": {"datetime": "2021-06-22 09:24:32", "elapsed": 226.044623, "delta": 1.1028}}
{"target": -10.688841979710528, "params": {"C": 45591.50902846084, "gamma": 0.058380574387510306}, "datetime": {"datetime": "2021-06-22 09:24:33", "elapsed": 227.708937, "delta": 1.664314}}
{"target": -10.061204388172369, "params": {"C": 45689.88755024687, "gamma": 0.018101125823306634}, "datetime": {"datetime": "2021-06-22 09:24:35", "elapsed": 229.220559, "delta": 1.511622}}
{"target": -9.661580876430248, "params": {"C": 45473.99155729641, "gamma": 0.03340882219044626}, "datetime": {"datetime": "2021-06-22 09:24:36", "elapsed": 230.391724, "delta": 1.171165}}
{"target": -10.891503785854074, "params": {"C": 55948.80817310486, "gamma": 0.058804354078813285}, "datetime": {"datetime": "2021-06-22 09:24:38", "elapsed": 232.310215, "delta": 1.918491}}
{"target": -10.32612283892803, "params": {"C": 45838.17695930615, "gamma": 0.013215063806356694}, "datetime": {"datetime": "2021-06-22 09:24:39", "elapsed": 233.502601, "delta": 1.192386}}
{"target": -10.179504869834677, "params": {"C": 32063.846097474507, "gamma": 0.05299854249532673}, "datetime": {"datetime": "2021-06-22 09:24:40", "elapsed": 234.762025, "delta": 1.259424}}
{"target": -10.203850519581048, "params": {"C": 56752.953945163084, "gamma": 0.015215537444744189}, "datetime": {"datetime": "2021-06-22 09:24:42", "elapsed": 236.921034, "delta": 2.159009}}
{"target": -9.708448231860825, "params": {"C": 43517.13649491976, "gamma": 0.02814872354899714}, "datetime": {"datetime": "2021-06-22 09:24:44", "elapsed": 238.069842, "delta": 1.148808}}
{"target": -10.006111757635463, "params": {"C": 32826.8949073372, "gamma": 0.048929453036993864}, "datetime": {"datetime": "2021-06-22 09:24:45", "elapsed": 239.264265, "delta": 1.194423}}
{"target": -9.807502615102601, "params": {"C": 36514.671189357454, "gamma": 0.043737133508250675}, "datetime": {"datetime": "2021-06-22 09:24:46", "elapsed": 240.502775, "delta": 1.23851}}
{"target": -10.51211114933722, "params": {"C": 45938.58868422525, "gamma": 0.00939398888180007}, "datetime": {"datetime": "2021-06-22 09:24:48", "elapsed": 242.169618, "delta": 1.666843}}
{"target": -10.178218510258596, "params": {"C": 40577.54184273497, "gamma": 0.050722959355303576}, "datetime": {"datetime": "2021-06-22 09:24:49", "elapsed": 243.302146, "delta": 1.132528}}
{"target": -9.707916605596445, "params": {"C": 46633.13008416349, "gamma": 0.03681762291081562}, "datetime": {"datetime": "2021-06-22 09:24:50", "elapsed": 244.72083, "delta": 1.418684}}
{"target": -10.486165194560593, "params": {"C": 42548.88046887907, "gamma": 0.00994258827024796}, "datetime": {"datetime": "2021-06-22 09:24:52", "elapsed": 246.071024, "delta": 1.350194}}
{"target": -9.652865170007143, "params": {"C": 42653.980673895276, "gamma": 0.030029353885939095}, "datetime": {"datetime": "2021-06-22 09:24:53", "elapsed": 247.358781, "delta": 1.287757}}
{"target": -10.529214926553983, "params": {"C": 44956.86497842144, "gamma": 0.009}, "datetime": {"datetime": "2021-06-22 09:24:54", "elapsed": 248.6616, "delta": 1.302819}}
{"target": -9.895802615055949, "params": {"C": 44843.06055701941, "gamma": 0.044084715471348186}, "datetime": {"datetime": "2021-06-22 09:24:56", "elapsed": 250.227284, "delta": 1.565684}}
{"target": -9.881144733567702, "params": {"C": 45055.49170399103, "gamma": 0.04343685734120977}, "datetime": {"datetime": "2021-06-22 09:24:57", "elapsed": 251.95683, "delta": 1.729546}}
{"target": -10.406552857930022, "params": {"C": 35638.91471294744, "gamma": 0.011651958964704551}, "datetime": {"datetime": "2021-06-22 09:24:59", "elapsed": 253.516005, "delta": 1.559175}}
{"target": -10.348121017649047, "params": {"C": 35484.55314000757, "gamma": 0.012800285201382683}, "datetime": {"datetime": "2021-06-22 09:25:01", "elapsed": 255.061283, "delta": 1.545278}}
{"target": -10.274513617793039, "params": {"C": 33063.12476184068, "gamma": 0.05477776385194125}, "datetime": {"datetime": "2021-06-22 09:25:02", "elapsed": 256.6861, "delta": 1.624817}}
{"target": -9.78532545212701, "params": {"C": 32965.19463893393, "gamma": 0.04350755613179939}, "datetime": {"datetime": "2021-06-22 09:25:03", "elapsed": 257.837328, "delta": 1.151228}}
{"target": -10.19500190940917, "params": {"C": 55566.15629048461, "gamma": 0.047327898555896065}, "datetime": {"datetime": "2021-06-22 09:25:05", "elapsed": 259.022716, "delta": 1.185388}}
{"target": -10.056172897847079, "params": {"C": 53242.88931485762, "gamma": 0.04450557728442482}, "datetime": {"datetime": "2021-06-22 09:25:06", "elapsed": 260.615228, "delta": 1.592512}}
{"target": -10.131929883239065, "params": {"C": 32601.51710272266, "gamma": 0.051773669529296545}, "datetime": {"datetime": "2021-06-22 09:25:07", "elapsed": 261.918606, "delta": 1.303378}}
{"target": -10.127750657750068, "params": {"C": 32709.544244184868, "gamma": 0.05165129025932258}, "datetime": {"datetime": "2021-06-22 09:25:09", "elapsed": 263.16005, "delta": 1.241444}}
{"target": -10.10757515029924, "params": {"C": 36195.510416690486, "gamma": 0.050349341968455745}, "datetime": {"datetime": "2021-06-22 09:25:10", "elapsed": 264.324587, "delta": 1.164537}}
{"target": -10.517445172888596, "params": {"C": 42390.12501588455, "gamma": 0.009226031242677336}, "datetime": {"datetime": "2021-06-22 09:25:11", "elapsed": 265.650166, "delta": 1.325579}}
{"target": -9.94751622208409, "params": {"C": 33691.56834157361, "gamma": 0.020974015175021236}, "datetime": {"datetime": "2021-06-22 09:25:13", "elapsed": 267.463223, "delta": 1.813057}}
{"target": -10.167003423697004, "params": {"C": 38250.56151466301, "gamma": 0.05107267543674409}, "datetime": {"datetime": "2021-06-22 09:25:15", "elapsed": 269.265277, "delta": 1.802054}}
{"target": -9.922834699915411, "params": {"C": 33443.52866134031, "gamma": 0.046941346909055444}, "datetime": {"datetime": "2021-06-22 09:25:16", "elapsed": 270.713291, "delta": 1.448014}}
{"target": -9.759178135341854, "params": {"C": 42282.659334821845, "gamma": 0.04084399037338763}, "datetime": {"datetime": "2021-06-22 09:25:19", "elapsed": 272.984137, "delta": 2.270846}}
{"target": -10.242128989160019, "params": {"C": 54232.40749119112, "gamma": 0.014629624093001503}, "datetime": {"datetime": "2021-06-22 09:25:20", "elapsed": 274.665398, "delta": 1.681261}}
{"target": -9.887320360429985, "params": {"C": 54338.68038617376, "gamma": 0.022393306958981684}, "datetime": {"datetime": "2021-06-22 09:25:22", "elapsed": 276.456454, "delta": 1.791056}}
{"target": -10.599221454691268, "params": {"C": 52870.300876806126, "gamma": 0.054815583091700336}, "datetime": {"datetime": "2021-06-22 09:25:24", "elapsed": 278.151078, "delta": 1.694624}}
{"target": -9.688592806244715, "params": {"C": 52775.902864288975, "gamma": 0.03096781326943976}, "datetime": {"datetime": "2021-06-22 09:25:25", "elapsed": 279.351419, "delta": 1.200341}}
{"target": -10.074069766029407, "params": {"C": 35307.215856058, "gamma": 0.018269325551569047}, "datetime": {"datetime": "2021-06-22 09:25:27", "elapsed": 281.157005, "delta": 1.805586}}
{"target": -10.631758745102527, "params": {"C": 40836.65848308537, "gamma": 0.05897262900214184}, "datetime": {"datetime": "2021-06-22 09:25:29", "elapsed": 283.453542, "delta": 2.296537}}
{"target": -10.266854507095365, "params": {"C": 50871.916423874914, "gamma": 0.014246622756293046}, "datetime": {"datetime": "2021-06-22 09:25:31", "elapsed": 285.161581, "delta": 1.708039}}
