{"target": -15.997954987209734, "params": {"C": 5000.0, "gamma": 0.03}, "datetime": {"datetime": "2021-06-28 17:48:24", "elapsed": 1.572711, "delta": 0.347179}}
{"target": -15.926977699104262, "params": {"C": 2845.1067720092733, "gamma": 0.02431771932332049}, "datetime": {"datetime": "2021-06-28 17:48:24", "elapsed": 1.827426, "delta": 0.254715}}
{"target": -15.950816247628538, "params": {"C": 4464.602376518939, "gamma": 0.020886736908670284}, "datetime": {"datetime": "2021-06-28 17:48:24", "elapsed": 2.228132, "delta": 0.400706}}
{"target": -15.966945413826913, "params": {"C": 3431.1108858854304, "gamma": 0.01995043862602841}, "datetime": {"datetime": "2021-06-28 17:48:25", "elapsed": 2.81443, "delta": 0.586298}}
{"target": -15.957106959173354, "params": {"C": 2327.8292741844643, "gamma": 0.02772948890590244}, "datetime": {"datetime": "2021-06-28 17:48:25", "elapsed": 3.331005, "delta": 0.516575}}
{"target": -16.150374856320795, "params": {"C": 4736.682140472689, "gamma": 0.013225593114288278}, "datetime": {"datetime": "2021-06-28 17:48:26", "elapsed": 3.889624, "delta": 0.558619}}
{"target": -15.903762305197422, "params": {"C": 3157.1309254749385, "gamma": 0.025262714367241312}, "datetime": {"datetime": "2021-06-28 17:48:26", "elapsed": 4.349368, "delta": 0.459744}}
{"target": -15.920248898861159, "params": {"C": 4209.686574764666, "gamma": 0.024149734740348115}, "datetime": {"datetime": "2021-06-28 17:48:27", "elapsed": 4.773047, "delta": 0.423679}}
{"target": -15.900994283276296, "params": {"C": 3010.7832407226597, "gamma": 0.027375560007816026}, "datetime": {"datetime": "2021-06-28 17:48:27", "elapsed": 5.223538, "delta": 0.450491}}
{"target": -15.929676111402163, "params": {"C": 3660.662887551199, "gamma": 0.02175468944546445}, "datetime": {"datetime": "2021-06-28 17:48:28", "elapsed": 5.677574, "delta": 0.454036}}
{"target": -15.953563744639812, "params": {"C": 4329.75464168689, "gamma": 0.020371263260949637}, "datetime": {"datetime": "2021-06-28 17:48:28", "elapsed": 6.209519, "delta": 0.531945}}
{"target": -15.973946857821685, "params": {"C": 2207.029612548077, "gamma": 0.029950167438418482}, "datetime": {"datetime": "2021-06-28 17:48:29", "elapsed": 6.650118, "delta": 0.440599}}
{"target": -16.030835959468355, "params": {"C": 3266.1614168324086, "gamma": 0.01796047359616467}, "datetime": {"datetime": "2021-06-28 17:48:29", "elapsed": 7.17728, "delta": 0.527162}}
{"target": -16.12689139557834, "params": {"C": 3555.258780770436, "gamma": 0.014992547748835142}, "datetime": {"datetime": "2021-06-28 17:48:30", "elapsed": 7.684275, "delta": 0.506995}}
{"target": -16.183523028348787, "params": {"C": 2516.4326354245695, "gamma": 0.016598172066714715}, "datetime": {"datetime": "2021-06-28 17:48:30", "elapsed": 8.16476, "delta": 0.480485}}
{"target": -15.903139320272691, "params": {"C": 3779.464767732562, "gamma": 0.025622673686183588}, "datetime": {"datetime": "2021-06-28 17:48:31", "elapsed": 8.77897, "delta": 0.61421}}
{"target": -15.928016443199065, "params": {"C": 4085.535090031087, "gamma": 0.022204125967783293}, "datetime": {"datetime": "2021-06-28 17:48:31", "elapsed": 9.266686, "delta": 0.487716}}
{"target": -15.974675754220922, "params": {"C": 4583.693899898894, "gamma": 0.01926631980516025}, "datetime": {"datetime": "2021-06-28 17:48:32", "elapsed": 9.873405, "delta": 0.606719}}
{"target": -16.42337462081299, "params": {"C": 3086.2922466051828, "gamma": 0.011342128057508448}, "datetime": {"datetime": "2021-06-28 17:48:32", "elapsed": 10.421987, "delta": 0.548582}}
{"target": -16.16306777444434, "params": {"C": 1564.5033516491267, "gamma": 0.03}, "datetime": {"datetime": "2021-06-28 17:48:33", "elapsed": 10.821924, "delta": 0.399937}}
{"target": -15.98859018131908, "params": {"C": 4878.139430709566, "gamma": 0.03}, "datetime": {"datetime": "2021-06-28 17:48:33", "elapsed": 11.410005, "delta": 0.588081}}
{"target": -17.08795202553216, "params": {"C": 1447.9034231194444, "gamma": 0.01}, "datetime": {"datetime": "2021-06-28 17:48:34", "elapsed": 11.847729, "delta": 0.437724}}
{"target": -16.113188027571727, "params": {"C": 1682.3573781430725, "gamma": 0.03}, "datetime": {"datetime": "2021-06-28 17:48:34", "elapsed": 12.286727, "delta": 0.438998}}
{"target": -16.56467109312752, "params": {"C": 2103.4809528974733, "gamma": 0.012354127223839096}, "datetime": {"datetime": "2021-06-28 17:48:35", "elapsed": 12.714012, "delta": 0.427285}}
{"target": -15.924097362301417, "params": {"C": 2634.8071745649017, "gamma": 0.02999999995505701}, "datetime": {"datetime": "2021-06-28 17:48:35", "elapsed": 13.166606, "delta": 0.452594}}
{"target": -15.904418566591334, "params": {"C": 2946.825884912814, "gamma": 0.02679641579471146}, "datetime": {"datetime": "2021-06-28 17:48:35", "elapsed": 13.56219, "delta": 0.395584}}
{"target": -15.916939173337841, "params": {"C": 4006.7100583195916, "gamma": 0.02815055699725398}, "datetime": {"datetime": "2021-06-28 17:48:36", "elapsed": 14.007368, "delta": 0.445178}}
{"target": -15.989688057667436, "params": {"C": 2413.2864505859857, "gamma": 0.023338023672464098}, "datetime": {"datetime": "2021-06-28 17:48:36", "elapsed": 14.407382, "delta": 0.400014}}
{"target": -15.982283419147844, "params": {"C": 3206.0943189428585, "gamma": 0.019794855798652103}, "datetime": {"datetime": "2021-06-28 17:48:37", "elapsed": 14.860331, "delta": 0.452949}}
{"target": -15.907356707588017, "params": {"C": 3355.2080403985524, "gamma": 0.03}, "datetime": {"datetime": "2021-06-28 17:48:37", "elapsed": 15.231752, "delta": 0.371421}}
{"target": -15.90146603238962, "params": {"C": 3721.6870906152717, "gamma": 0.02669492868066873}, "datetime": {"datetime": "2021-06-28 17:48:38", "elapsed": 15.753937, "delta": 0.522185}}
{"target": -16.373766144818347, "params": {"C": 4397.589613983617, "gamma": 0.010159919085285492}, "datetime": {"datetime": "2021-06-28 17:48:38", "elapsed": 16.225979, "delta": 0.472042}}
{"target": -16.085464042845054, "params": {"C": 4523.111342668146, "gamma": 0.014876763778818435}, "datetime": {"datetime": "2021-06-28 17:48:39", "elapsed": 16.708038, "delta": 0.482059}}
{"target": -15.972197896187499, "params": {"C": 4656.94609071655, "gamma": 0.03}, "datetime": {"datetime": "2021-06-28 17:48:39", "elapsed": 17.156649, "delta": 0.448611}}
{"target": -15.943181145119018, "params": {"C": 4271.02971290966, "gamma": 0.021118108375837438}, "datetime": {"datetime": "2021-06-28 17:48:39", "elapsed": 17.549647, "delta": 0.392998}}
{"target": -16.348910824887216, "params": {"C": 4940.343771696832, "gamma": 0.01}, "datetime": {"datetime": "2021-06-28 17:48:40", "elapsed": 18.082186, "delta": 0.532539}}
{"target": -15.983896538499673, "params": {"C": 4815.952326364169, "gamma": 0.03}, "datetime": {"datetime": "2021-06-28 17:48:40", "elapsed": 18.544941, "delta": 0.462755}}
{"target": -16.08873333810897, "params": {"C": 2264.2377699874733, "gamma": 0.020371666288172684}, "datetime": {"datetime": "2021-06-28 17:48:41", "elapsed": 19.061587, "delta": 0.516646}}
{"target": -16.471511145327437, "params": {"C": 2693.436382608177, "gamma": 0.01163131704797333}, "datetime": {"datetime": "2021-06-28 17:48:42", "elapsed": 19.595993, "delta": 0.534406}}
{"target": -16.65274738948247, "params": {"C": 2584.1361134589274, "gamma": 0.010000055973458034}, "datetime": {"datetime": "2021-06-28 17:48:42", "elapsed": 20.114561, "delta": 0.518568}}
{"target": -16.023204273954622, "params": {"C": 3849.2692449241863, "gamma": 0.01723266967323949}, "datetime": {"datetime": "2021-06-28 17:48:43", "elapsed": 20.578207, "delta": 0.463646}}
{"target": -15.938645043881113, "params": {"C": 4147.298810915518, "gamma": 0.03}, "datetime": {"datetime": "2021-06-28 17:48:43", "elapsed": 21.011323, "delta": 0.433116}}
{"target": -16.137305833556876, "params": {"C": 1623.9015694860277, "gamma": 0.029717098011362894}, "datetime": {"datetime": "2021-06-28 17:48:43", "elapsed": 21.49708, "delta": 0.485757}}
{"target": -16.333034885841172, "params": {"C": 1754.3332434032775, "gamma": 0.018101427935241436}, "datetime": {"datetime": "2021-06-28 17:48:44", "elapsed": 22.045962, "delta": 0.548882}}
{"target": -15.907322201626004, "params": {"C": 3490.341588581553, "gamma": 0.02397790318431462}, "datetime": {"datetime": "2021-06-28 17:48:44", "elapsed": 22.519349, "delta": 0.473387}}
{"target": -16.552363168114624, "params": {"C": 2464.9412317013625, "gamma": 0.011313580917032167}, "datetime": {"datetime": "2021-06-28 17:48:45", "elapsed": 22.929302, "delta": 0.409953}}
{"target": -16.033921733467555, "params": {"C": 2371.671528127853, "gamma": 0.021572308373066493}, "datetime": {"datetime": "2021-06-28 17:48:45", "elapsed": 23.369936, "delta": 0.440634}}
{"target": -16.03997633818615, "params": {"C": 1925.3277910302686, "gamma": 0.02796129876140837}, "datetime": {"datetime": "2021-06-28 17:48:46", "elapsed": 23.898692, "delta": 0.528756}}
{"target": -16.089300943842584, "params": {"C": 3612.9582795274596, "gamma": 0.01573607063482644}, "datetime": {"datetime": "2021-06-28 17:48:46", "elapsed": 24.45896, "delta": 0.560268}}
{"target": -15.910951996315104, "params": {"C": 3314.4067218058094, "gamma": 0.023813274423979715}, "datetime": {"datetime": "2021-06-28 17:48:47", "elapsed": 24.965314, "delta": 0.506354}}
{"target": -16.287373511513504, "params": {"C": 2902.698942310669, "gamma": 0.013542083543284613}, "datetime": {"datetime": "2021-06-28 17:48:47", "elapsed": 25.487284, "delta": 0.52197}}
{"target": -16.568919890818538, "params": {"C": 2979.310220990532, "gamma": 0.010000008855078884}, "datetime": {"datetime": "2021-06-28 17:48:48", "elapsed": 25.948088, "delta": 0.460804}}
{"target": -16.27638657625208, "params": {"C": 1369.0442714576077, "gamma": 0.028295098043937025}, "datetime": {"datetime": "2021-06-28 17:48:48", "elapsed": 26.381599, "delta": 0.433511}}
{"target": -16.77096616155505, "params": {"C": 2160.5719099108587, "gamma": 0.01}, "datetime": {"datetime": "2021-06-28 17:48:49", "elapsed": 26.774318, "delta": 0.392719}}
{"target": -16.057541366794894, "params": {"C": 2045.7453423762447, "gamma": 0.023769502795832065}, "datetime": {"datetime": "2021-06-28 17:48:49", "elapsed": 27.217741, "delta": 0.443423}}
{"target": -16.31198539056215, "params": {"C": 3965.8788684412652, "gamma": 0.011369490374926048}, "datetime": {"datetime": "2021-06-28 17:48:50", "elapsed": 27.585487, "delta": 0.367746}}
{"target": -15.926083229723478, "params": {"C": 4045.59679622794, "gamma": 0.029219466688889528}, "datetime": {"datetime": "2021-06-28 17:48:50", "elapsed": 28.072726, "delta": 0.487239}}
{"target": -16.409419956453867, "params": {"C": 3041.6482215246197, "gamma": 0.011593759835655623}, "datetime": {"datetime": "2021-06-28 17:48:50", "elapsed": 28.532724, "delta": 0.459998}}
{"target": -17.04780528906778, "params": {"C": 1515.7260588130384, "gamma": 0.01}, "datetime": {"datetime": "2021-06-28 17:48:51", "elapsed": 28.977616, "delta": 0.444892}}
{"target": -15.969604827779818, "params": {"C": 4620.786790155793, "gamma": 0.03}, "datetime": {"datetime": "2021-06-28 17:48:51", "elapsed": 29.476625, "delta": 0.499009}}
{"target": -15.897612326518548, "params": {"C": 3393.2997246402188, "gamma": 0.027914866828336805}, "datetime": {"datetime": "2021-06-28 17:48:52", "elapsed": 30.00604, "delta": 0.529415}}
{"target": -15.945349706796746, "params": {"C": 3885.8692364770345, "gamma": 0.02062211167941043}, "datetime": {"datetime": "2021-06-28 17:48:52", "elapsed": 30.484028, "delta": 0.477988}}
{"target": -16.35938038229835, "params": {"C": 4777.796570610047, "gamma": 0.01}, "datetime": {"datetime": "2021-06-28 17:48:53", "elapsed": 31.021931, "delta": 0.537903}}
{"target": -16.002467688482604, "params": {"C": 4696.2014485801765, "gamma": 0.017797379434377907}, "datetime": {"datetime": "2021-06-28 17:48:53", "elapsed": 31.431936, "delta": 0.410005}}
{"target": -16.120855850849587, "params": {"C": 4847.832787486336, "gamma": 0.013815920712563028}, "datetime": {"datetime": "2021-06-28 17:48:54", "elapsed": 31.851524, "delta": 0.419588}}
{"target": -16.121517646092606, "params": {"C": 3811.382834607466, "gamma": 0.014718949624426592}, "datetime": {"datetime": "2021-06-28 17:48:54", "elapsed": 32.288525, "delta": 0.437001}}
{"target": -15.919081728189658, "params": {"C": 4179.022178624937, "gamma": 0.026709137839468544}, "datetime": {"datetime": "2021-06-28 17:48:55", "elapsed": 32.813262, "delta": 0.524737}}
{"target": -16.2231943227784, "params": {"C": 3126.563376910156, "gamma": 0.014036659106890326}, "datetime": {"datetime": "2021-06-28 17:48:55", "elapsed": 33.420777, "delta": 0.607515}}
{"target": -15.914430103816418, "params": {"C": 2798.9210456958776, "gamma": 0.029999999996427367}, "datetime": {"datetime": "2021-06-28 17:48:56", "elapsed": 33.981973, "delta": 0.561196}}
{"target": -16.86802069575571, "params": {"C": 1891.488720213061, "gamma": 0.01}, "datetime": {"datetime": "2021-06-28 17:48:56", "elapsed": 34.567003, "delta": 0.58503}}
{"target": -15.95399320691063, "params": {"C": 4301.192405424608, "gamma": 0.020298070887271483}, "datetime": {"datetime": "2021-06-28 17:48:57", "elapsed": 35.026326, "delta": 0.459323}}
{"target": -16.302793731634328, "params": {"C": 3750.1246053296677, "gamma": 0.01176671371803101}, "datetime": {"datetime": "2021-06-28 17:48:57", "elapsed": 35.510355, "delta": 0.484029}}
{"target": -16.017788824787672, "params": {"C": 3692.412024293448, "gamma": 0.017601630122799014}, "datetime": {"datetime": "2021-06-28 17:48:58", "elapsed": 36.232325, "delta": 0.72197}}
{"target": -16.741834295565113, "params": {"C": 1796.0167271701662, "gamma": 0.01163836830541774}, "datetime": {"datetime": "2021-06-28 17:48:59", "elapsed": 36.783388, "delta": 0.551063}}
{"target": -15.901993057393662, "params": {"C": 3520.685312373274, "gamma": 0.0285886855460735}, "datetime": {"datetime": "2021-06-28 17:48:59", "elapsed": 37.38693, "delta": 0.603542}}
{"target": -16.944017051946147, "params": {"C": 1716.364562752974, "gamma": 0.01}, "datetime": {"datetime": "2021-06-28 17:49:00", "elapsed": 37.821903, "delta": 0.434973}}
{"target": -16.027310693776332, "params": {"C": 1953.2891067623536, "gamma": 0.03}, "datetime": {"datetime": "2021-06-28 17:49:00", "elapsed": 38.282201, "delta": 0.460298}}
{"target": -16.973666829545422, "params": {"C": 1654.9414481418587, "gamma": 0.01}, "datetime": {"datetime": "2021-06-28 17:49:01", "elapsed": 38.763807, "delta": 0.481606}}
{"target": -16.24250777856435, "params": {"C": 1595.1555699646117, "gamma": 0.02270380688216657}, "datetime": {"datetime": "2021-06-28 17:49:01", "elapsed": 39.355597, "delta": 0.59179}}
{"target": -16.04897646350744, "params": {"C": 2297.3112336214754, "gamma": 0.021541803123687222}, "datetime": {"datetime": "2021-06-28 17:49:02", "elapsed": 39.889304, "delta": 0.533707}}
{"target": -16.413464023906574, "params": {"C": 4115.644779815976, "gamma": 0.01}, "datetime": {"datetime": "2021-06-28 17:49:02", "elapsed": 40.426138, "delta": 0.536834}}
{"target": -16.272698903593145, "params": {"C": 4434.973473599399, "gamma": 0.011404204188431487}, "datetime": {"datetime": "2021-06-28 17:49:03", "elapsed": 40.982032, "delta": 0.555894}}
{"target": -16.138429481395917, "params": {"C": 4240.045583619266, "gamma": 0.013871261574932459}, "datetime": {"datetime": "2021-06-28 17:49:03", "elapsed": 41.429514, "delta": 0.447482}}
{"target": -16.029609276848912, "params": {"C": 4493.472344149196, "gamma": 0.016610224289588065}, "datetime": {"datetime": "2021-06-28 17:49:04", "elapsed": 41.933397, "delta": 0.503883}}
{"target": -16.655581938358317, "params": {"C": 2232.7613498710925, "gamma": 0.010897428168577758}, "datetime": {"datetime": "2021-06-28 17:49:04", "elapsed": 42.449442, "delta": 0.516045}}
{"target": -16.05251183126964, "params": {"C": 2733.868473514458, "gamma": 0.018955386654999302}, "datetime": {"datetime": "2021-06-28 17:49:05", "elapsed": 42.90685, "delta": 0.457408}}
{"target": -15.926726256557627, "params": {"C": 4360.855972589554, "gamma": 0.026086431346963118}, "datetime": {"datetime": "2021-06-28 17:49:05", "elapsed": 43.337032, "delta": 0.430182}}
{"target": -15.92128166185989, "params": {"C": 3235.8030225112398, "gamma": 0.023053928676774714}, "datetime": {"datetime": "2021-06-28 17:49:06", "elapsed": 43.814969, "delta": 0.477937}}
{"target": -15.909351872200997, "params": {"C": 3460.8004366748796, "gamma": 0.03}, "datetime": {"datetime": "2021-06-28 17:49:06", "elapsed": 44.316549, "delta": 0.50158}}
{"target": -17.039992181339947, "params": {"C": 1402.2864138545249, "gamma": 0.0106942632196198}, "datetime": {"datetime": "2021-06-28 17:49:07", "elapsed": 44.828882, "delta": 0.512333}}
{"target": -16.707611587483328, "params": {"C": 1337.9745793795444, "gamma": 0.015297375230836876}, "datetime": {"datetime": "2021-06-28 17:49:07", "elapsed": 45.434554, "delta": 0.605672}}
{"target": -15.941262981287565, "params": {"C": 4555.45315931659, "gamma": 0.026990399545630914}, "datetime": {"datetime": "2021-06-28 17:49:08", "elapsed": 46.027467, "delta": 0.592913}}
{"target": -16.024737392055265, "params": {"C": 4906.725910516274, "gamma": 0.01688189649266588}, "datetime": {"datetime": "2021-06-28 17:49:09", "elapsed": 46.809862, "delta": 0.782395}}
{"target": -15.954415748009021, "params": {"C": 2657.3441900543876, "gamma": 0.023509388451918956}, "datetime": {"datetime": "2021-06-28 17:49:09", "elapsed": 47.303462, "delta": 0.4936}}
{"target": -16.35820158854891, "params": {"C": 2071.7834009634594, "gamma": 0.01542614468534369}, "datetime": {"datetime": "2021-06-28 17:49:10", "elapsed": 47.888264, "delta": 0.584802}}
{"target": -15.940313379137114, "params": {"C": 3179.9387845730457, "gamma": 0.021897608475404638}, "datetime": {"datetime": "2021-06-28 17:49:10", "elapsed": 48.504316, "delta": 0.616052}}
{"target": -15.971170443970998, "params": {"C": 4975.910684866362, "gamma": 0.020788864184776653}, "datetime": {"datetime": "2021-06-28 17:49:11", "elapsed": 49.10028, "delta": 0.595964}}
{"target": -16.250560646730698, "params": {"C": 3637.730414967223, "gamma": 0.012671701820324746}, "datetime": {"datetime": "2021-06-28 17:49:12", "elapsed": 49.675728, "delta": 0.575448}}
{"target": -16.47367289091544, "params": {"C": 3585.4374459542864, "gamma": 0.01}, "datetime": {"datetime": "2021-06-28 17:49:12", "elapsed": 50.231641, "delta": 0.555913}}
{"target": -16.16435872709777, "params": {"C": 2544.858282581795, "gamma": 0.016889442957452497}, "datetime": {"datetime": "2021-06-28 17:49:13", "elapsed": 50.862034, "delta": 0.630393}}
{"target": -16.324988365074024, "params": {"C": 2929.0808280203955, "gamma": 0.012930518937970365}, "datetime": {"datetime": "2021-06-28 17:49:13", "elapsed": 51.423157, "delta": 0.561123}}
{"target": -16.42591069020124, "params": {"C": 2020.4288018219322, "gamma": 0.01460523036779125}, "datetime": {"datetime": "2021-06-28 17:49:14", "elapsed": 51.991471, "delta": 0.568314}}
{"target": -15.957794789650318, "params": {"C": 2875.0442057773585, "gamma": 0.02205480475069589}, "datetime": {"datetime": "2021-06-28 17:49:15", "elapsed": 52.584724, "delta": 0.593253}}
{"target": -16.214249961260265, "params": {"C": 4066.2292549673834, "gamma": 0.012673373767051499}, "datetime": {"datetime": "2021-06-28 17:49:15", "elapsed": 53.241425, "delta": 0.656701}}
{"target": -15.912276553334781, "params": {"C": 4025.5476064620316, "gamma": 0.026796290266655844}, "datetime": {"datetime": "2021-06-28 17:49:16", "elapsed": 53.970855, "delta": 0.72943}}
{"target": -16.190340128632403, "params": {"C": 3292.119537417304, "gamma": 0.01425556326192235}, "datetime": {"datetime": "2021-06-28 17:49:17", "elapsed": 54.670215, "delta": 0.69936}}
{"target": -16.503479673919923, "params": {"C": 3334.712178709553, "gamma": 0.010055574706352759}, "datetime": {"datetime": "2021-06-28 17:49:17", "elapsed": 55.304317, "delta": 0.634102}}
{"target": -16.31816184573505, "params": {"C": 3372.4229267539936, "gamma": 0.01213715392921371}, "datetime": {"datetime": "2021-06-28 17:49:18", "elapsed": 55.990018, "delta": 0.685701}}
{"target": -16.477228842005783, "params": {"C": 3410.955486462527, "gamma": 0.010208502466556064}, "datetime": {"datetime": "2021-06-28 17:49:19", "elapsed": 56.58682, "delta": 0.596802}}
{"target": -16.31445018339069, "params": {"C": 2435.804554983438, "gamma": 0.01453516844453544}, "datetime": {"datetime": "2021-06-28 17:49:19", "elapsed": 57.18532, "delta": 0.5985}}
{"target": -16.15954029949667, "params": {"C": 2349.74535007911, "gamma": 0.017899302486304017}, "datetime": {"datetime": "2021-06-28 17:49:20", "elapsed": 57.83691, "delta": 0.65159}}
{"target": -16.76207625523235, "params": {"C": 2188.302301899177, "gamma": 0.01}, "datetime": {"datetime": "2021-06-28 17:49:20", "elapsed": 58.389066, "delta": 0.552156}}
{"target": -15.976374627702558, "params": {"C": 2392.9298851603676, "gamma": 0.02439025617051946}, "datetime": {"datetime": "2021-06-28 17:49:21", "elapsed": 59.025844, "delta": 0.636778}}
{"target": -15.973615254488735, "params": {"C": 4676.55707454065, "gamma": 0.03}, "datetime": {"datetime": "2021-06-28 17:49:22", "elapsed": 59.619079, "delta": 0.593235}}
{"target": -16.083047862022855, "params": {"C": 2817.8120010146695, "gamma": 0.017784248738197735}, "datetime": {"datetime": "2021-06-28 17:49:22", "elapsed": 60.244852, "delta": 0.625773}}
{"target": -15.989327275018292, "params": {"C": 2131.513005292285, "gamma": 0.028297927131919934}, "datetime": {"datetime": "2021-06-28 17:49:23", "elapsed": 60.876682, "delta": 0.63183}}
{"target": -15.925669205360812, "params": {"C": 2613.642803308232, "gamma": 0.03}, "datetime": {"datetime": "2021-06-28 17:49:23", "elapsed": 61.529241, "delta": 0.652559}}
{"target": -15.90768198040981, "params": {"C": 3903.7329243882305, "gamma": 0.026917648595620937}, "datetime": {"datetime": "2021-06-28 17:49:24", "elapsed": 62.111264, "delta": 0.582023}}
