{"target": -10.119256034605115, "params": {"C": 14141.996283208106, "gamma": 0.06}, "datetime": {"datetime": "2021-06-22 10:14:13", "elapsed": 71.606073, "delta": 0.885308}}
{"target": -10.094812007052127, "params": {"C": 12215.555352532612, "gamma": 0.04861183649520181}, "datetime": {"datetime": "2021-06-22 10:14:14", "elapsed": 72.362839, "delta": 0.756766}}
{"target": -10.691562594534982, "params": {"C": 13898.204403355605, "gamma": 0.020306039191786963}, "datetime": {"datetime": "2021-06-22 10:14:14", "elapsed": 73.121373, "delta": 0.758534}}
{"target": -10.138424513693463, "params": {"C": 12563.192279453066, "gamma": 0.04059363139259457}, "datetime": {"datetime": "2021-06-22 10:14:15", "elapsed": 73.762318, "delta": 0.640945}}
{"target": -10.557773102401177, "params": {"C": 15455.073557546817, "gamma": 0.023547395426328464}, "datetime": {"datetime": "2021-06-22 10:14:16", "elapsed": 74.390831, "delta": 0.628513}}
{"target": -11.235566324942432, "params": {"C": 8239.039012143196, "gamma": 0.011474904099101086}, "datetime": {"datetime": "2021-06-22 10:14:16", "elapsed": 75.229435, "delta": 0.838604}}
{"target": -10.949353792200464, "params": {"C": 8127.043423153825, "gamma": 0.016432207464429718}, "datetime": {"datetime": "2021-06-22 10:14:17", "elapsed": 76.053511, "delta": 0.824076}}
{"target": -10.225003912218474, "params": {"C": 8010.417813438422, "gamma": 0.05544367193713662}, "datetime": {"datetime": "2021-06-22 10:14:18", "elapsed": 76.708395, "delta": 0.654884}}
{"target": -10.369824705437754, "params": {"C": 15675.552746695617, "gamma": 0.028865487545043984}, "datetime": {"datetime": "2021-06-22 10:14:19", "elapsed": 77.459415, "delta": 0.75102}}
{"target": -11.018171423116586, "params": {"C": 18980.291402215647, "gamma": 0.010324383913085938}, "datetime": {"datetime": "2021-06-22 10:14:19", "elapsed": 78.190868, "delta": 0.731453}}
{"target": -10.069785317008591, "params": {"C": 18870.099689876697, "gamma": 0.04808834979950275}, "datetime": {"datetime": "2021-06-22 10:14:20", "elapsed": 79.046639, "delta": 0.855771}}
{"target": -10.710212226372262, "params": {"C": 12338.46908264343, "gamma": 0.02055003816822521}, "datetime": {"datetime": "2021-06-22 10:14:21", "elapsed": 79.744812, "delta": 0.698173}}
{"target": -10.097063380364444, "params": {"C": 12446.848398962766, "gamma": 0.047706957228123535}, "datetime": {"datetime": "2021-06-22 10:14:22", "elapsed": 80.390644, "delta": 0.645832}}
{"target": -10.830004920025916, "params": {"C": 15896.55457513686, "gamma": 0.014154020182709875}, "datetime": {"datetime": "2021-06-22 10:14:23", "elapsed": 81.360135, "delta": 0.969491}}
{"target": -10.927635086373142, "params": {"C": 16007.490769421958, "gamma": 0.012210008543710644}, "datetime": {"datetime": "2021-06-22 10:14:23", "elapsed": 82.141459, "delta": 0.781324}}
{"target": -10.14044754070084, "params": {"C": 16112.820321608113, "gamma": 0.058985563664441826}, "datetime": {"datetime": "2021-06-22 10:14:24", "elapsed": 82.914239, "delta": 0.77278}}
{"target": -10.064813162947637, "params": {"C": 15789.946868251991, "gamma": 0.05083571059774922}, "datetime": {"datetime": "2021-06-22 10:14:25", "elapsed": 83.769451, "delta": 0.855212}}
{"target": -11.402015931231746, "params": {"C": 9759.385024115672, "gamma": 0.009}, "datetime": {"datetime": "2021-06-22 10:14:26", "elapsed": 84.453744, "delta": 0.684293}}
{"target": -10.787633101269178, "params": {"C": 9653.264009467077, "gamma": 0.019444515874585733}, "datetime": {"datetime": "2021-06-22 10:14:26", "elapsed": 85.239708, "delta": 0.785964}}
{"target": -10.506510454771888, "params": {"C": 7488.529716895509, "gamma": 0.033665622683502594}, "datetime": {"datetime": "2021-06-22 10:14:27", "elapsed": 85.936963, "delta": 0.697255}}
{"target": -11.036448870070338, "params": {"C": 5342.243523031394, "gamma": 0.018250071625591717}, "datetime": {"datetime": "2021-06-22 10:14:28", "elapsed": 86.65797, "delta": 0.721007}}
{"target": -10.078254295376947, "params": {"C": 16336.369757549712, "gamma": 0.04538334194686731}, "datetime": {"datetime": "2021-06-22 10:14:29", "elapsed": 87.360972, "delta": 0.703002}}
{"target": -10.17277958558063, "params": {"C": 19087.257789222484, "gamma": 0.05693081535095062}, "datetime": {"datetime": "2021-06-22 10:14:29", "elapsed": 88.238505, "delta": 0.877533}}
{"target": -10.599335541764843, "params": {"C": 5211.42893399699, "gamma": 0.03846685939248589}, "datetime": {"datetime": "2021-06-22 10:14:30", "elapsed": 89.088506, "delta": 0.850001}}
{"target": -10.548744345804243, "params": {"C": 5076.247755904827, "gamma": 0.0432397055000126}, "datetime": {"datetime": "2021-06-22 10:14:31", "elapsed": 90.081502, "delta": 0.992996}}
{"target": -10.342988792838783, "params": {"C": 17814.930155241207, "gamma": 0.028151505087859657}, "datetime": {"datetime": "2021-06-22 10:14:32", "elapsed": 90.871209, "delta": 0.789707}}
{"target": -10.24229817812627, "params": {"C": 7722.064866827244, "gamma": 0.04919924558244426}, "datetime": {"datetime": "2021-06-22 10:14:33", "elapsed": 91.613369, "delta": 0.74216}}
{"target": -10.162677729163502, "params": {"C": 9857.032540257556, "gamma": 0.04589594605830409}, "datetime": {"datetime": "2021-06-22 10:14:34", "elapsed": 92.366474, "delta": 0.753105}}
{"target": -10.0701731247997, "params": {"C": 16224.070875263831, "gamma": 0.046854074789602476}, "datetime": {"datetime": "2021-06-22 10:14:34", "elapsed": 93.149099, "delta": 0.782625}}
{"target": -10.745423649944435, "params": {"C": 19192.169472820875, "gamma": 0.01728268899790298}, "datetime": {"datetime": "2021-06-22 10:14:35", "elapsed": 93.885659, "delta": 0.73656}}
{"target": -10.922366575616218, "params": {"C": 16777.245637861968, "gamma": 0.0121461902614718}, "datetime": {"datetime": "2021-06-22 10:14:36", "elapsed": 94.665661, "delta": 0.780002}}
{"target": -10.513603036997543, "params": {"C": 14945.80037024211, "gamma": 0.025181008290928723}, "datetime": {"datetime": "2021-06-22 10:14:37", "elapsed": 95.454966, "delta": 0.789305}}
{"target": -10.48824487166221, "params": {"C": 6067.461877970056, "gamma": 0.039753628340721776}, "datetime": {"datetime": "2021-06-22 10:14:37", "elapsed": 96.253182, "delta": 0.798216}}
{"target": -10.135995463101588, "params": {"C": 16679.91347139912, "gamma": 0.038005654814230544}, "datetime": {"datetime": "2021-06-22 10:14:38", "elapsed": 97.177697, "delta": 0.924515}}
{"target": -10.758777381108251, "params": {"C": 6734.0198886155795, "gamma": 0.025199440836762198}, "datetime": {"datetime": "2021-06-22 10:14:39", "elapsed": 98.105379, "delta": 0.927682}}
{"target": -10.260148980494215, "params": {"C": 15567.551802137072, "gamma": 0.032207240285809804}, "datetime": {"datetime": "2021-06-22 10:14:40", "elapsed": 98.823985, "delta": 0.718606}}
{"target": -10.431438393597176, "params": {"C": 6897.943443620623, "gamma": 0.038437229248301424}, "datetime": {"datetime": "2021-06-22 10:14:41", "elapsed": 99.674199, "delta": 0.850214}}
{"target": -10.367691643182129, "params": {"C": 6187.585619672478, "gamma": 0.05381055874872338}, "datetime": {"datetime": "2021-06-22 10:14:42", "elapsed": 100.410758, "delta": 0.736559}}
{"target": -11.101336219473463, "params": {"C": 10771.591933502523, "gamma": 0.011672328895500756}, "datetime": {"datetime": "2021-06-22 10:14:42", "elapsed": 101.167345, "delta": 0.756587}}
{"target": -11.082840374541219, "params": {"C": 10672.127515798344, "gamma": 0.011961746973682023}, "datetime": {"datetime": "2021-06-22 10:14:43", "elapsed": 102.144082, "delta": 0.976737}}
{"target": -10.251946783497232, "params": {"C": 7603.016353970035, "gamma": 0.046452984639177554}, "datetime": {"datetime": "2021-06-22 10:14:44", "elapsed": 103.026799, "delta": 0.882717}}
{"target": -10.058773905625822, "params": {"C": 16582.731985767197, "gamma": 0.05093495399926527}, "datetime": {"datetime": "2021-06-22 10:14:45", "elapsed": 104.057584, "delta": 1.030785}}
{"target": -10.222154452855916, "params": {"C": 8474.375519900017, "gamma": 0.04409737366349992}, "datetime": {"datetime": "2021-06-22 10:14:46", "elapsed": 105.043946, "delta": 0.986362}}
{"target": -10.106378233371233, "params": {"C": 13389.762629710303, "gamma": 0.04439439523792995}, "datetime": {"datetime": "2021-06-22 10:14:47", "elapsed": 105.927274, "delta": 0.883328}}
{"target": -10.077142549149915, "params": {"C": 12956.241248123746, "gamma": 0.054507991941539886}, "datetime": {"datetime": "2021-06-22 10:14:48", "elapsed": 106.824669, "delta": 0.897395}}
{"target": -10.233680491238157, "params": {"C": 12668.775642970293, "gamma": 0.03590647713120613}, "datetime": {"datetime": "2021-06-22 10:14:49", "elapsed": 107.740181, "delta": 0.915512}}
{"target": -10.07174946911293, "params": {"C": 14717.43290386717, "gamma": 0.05106390610596276}, "datetime": {"datetime": "2021-06-22 10:14:50", "elapsed": 108.578105, "delta": 0.837924}}
{"target": -10.335829986786562, "params": {"C": 17158.82270831481, "gamma": 0.028794465873554595}, "datetime": {"datetime": "2021-06-22 10:14:51", "elapsed": 109.928006, "delta": 1.349901}}
{"target": -10.18864004442153, "params": {"C": 17061.276083406006, "gamma": 0.0338757725518339}, "datetime": {"datetime": "2021-06-22 10:14:52", "elapsed": 110.944841, "delta": 1.016835}}
{"target": -10.53963630482345, "params": {"C": 6613.955499759544, "gamma": 0.03481881078153006}, "datetime": {"datetime": "2021-06-22 10:14:53", "elapsed": 111.837829, "delta": 0.892988}}
{"target": -10.965690146397602, "params": {"C": 16875.99930223301, "gamma": 0.011381463851198833}, "datetime": {"datetime": "2021-06-22 10:14:54", "elapsed": 112.803185, "delta": 0.965356}}
{"target": -10.092646926385509, "params": {"C": 16963.3858385298, "gamma": 0.04362619824078727}, "datetime": {"datetime": "2021-06-22 10:14:55", "elapsed": 113.544773, "delta": 0.741588}}
{"target": -10.745144280501915, "params": {"C": 17464.812871825176, "gamma": 0.017329581701978534}, "datetime": {"datetime": "2021-06-22 10:14:56", "elapsed": 114.487721, "delta": 0.942948}}
{"target": -10.776747139470281, "params": {"C": 17367.73417642944, "gamma": 0.01625455123053505}, "datetime": {"datetime": "2021-06-22 10:14:57", "elapsed": 115.3556, "delta": 0.867879}}
{"target": -10.09783501754287, "params": {"C": 14252.68151649979, "gamma": 0.044398276581529506}, "datetime": {"datetime": "2021-06-22 10:14:57", "elapsed": 116.152287, "delta": 0.796687}}
{"target": -10.703919120837138, "params": {"C": 17923.926265848757, "gamma": 0.018580353894688616}, "datetime": {"datetime": "2021-06-22 10:14:58", "elapsed": 117.157512, "delta": 1.005225}}
{"target": -10.409214882565548, "params": {"C": 17573.046675172056, "gamma": 0.026427153225025216}, "datetime": {"datetime": "2021-06-22 10:14:59", "elapsed": 117.950695, "delta": 0.793183}}
{"target": -10.320094806703096, "params": {"C": 7036.313425441559, "gamma": 0.04391123607210789}, "datetime": {"datetime": "2021-06-22 10:15:00", "elapsed": 118.850263, "delta": 0.899568}}
{"target": -10.089071511203732, "params": {"C": 19414.269609531497, "gamma": 0.05167286804952223}, "datetime": {"datetime": "2021-06-22 10:15:01", "elapsed": 119.96515, "delta": 1.114887}}
{"target": -11.152567604660947, "params": {"C": 9559.712482027982, "gamma": 0.011675104428093372}, "datetime": {"datetime": "2021-06-22 10:15:02", "elapsed": 120.740036, "delta": 0.774886}}
{"target": -10.091420135903649, "params": {"C": 12108.40958943127, "gamma": 0.049529656726187934}, "datetime": {"datetime": "2021-06-22 10:15:03", "elapsed": 121.772792, "delta": 1.032756}}
{"target": -10.177207797955964, "params": {"C": 9066.516355163765, "gamma": 0.05681406205482343}, "datetime": {"datetime": "2021-06-22 10:15:04", "elapsed": 122.648596, "delta": 0.875804}}
{"target": -10.436173332745742, "params": {"C": 18482.057433438647, "gamma": 0.025138976493505452}, "datetime": {"datetime": "2021-06-22 10:15:05", "elapsed": 123.619447, "delta": 0.970851}}
{"target": -10.376228756629938, "params": {"C": 18572.361014645776, "gamma": 0.026749900778287802}, "datetime": {"datetime": "2021-06-22 10:15:06", "elapsed": 124.623286, "delta": 1.003839}}
{"target": -10.08501132519017, "params": {"C": 18017.277277814595, "gamma": 0.0532327951104615}, "datetime": {"datetime": "2021-06-22 10:15:07", "elapsed": 125.584413, "delta": 0.961127}}
{"target": -10.180647586167584, "params": {"C": 9458.408210463615, "gamma": 0.04512671139282394}, "datetime": {"datetime": "2021-06-22 10:15:08", "elapsed": 126.53349, "delta": 0.949077}}
{"target": -10.486792049168859, "params": {"C": 5465.756131142348, "gamma": 0.044476271871920665}, "datetime": {"datetime": "2021-06-22 10:15:09", "elapsed": 127.370242, "delta": 0.836752}}
{"target": -10.185440014527412, "params": {"C": 19872.85544074452, "gamma": 0.034106801147577595}, "datetime": {"datetime": "2021-06-22 10:15:10", "elapsed": 128.297573, "delta": 0.927331}}
{"target": -10.102748756560512, "params": {"C": 18104.411609725736, "gamma": 0.04244056112453342}, "datetime": {"datetime": "2021-06-22 10:15:10", "elapsed": 129.261259, "delta": 0.963686}}
{"target": -10.989019440342599, "params": {"C": 17250.25006821347, "gamma": 0.010977235844294057}, "datetime": {"datetime": "2021-06-22 10:15:11", "elapsed": 130.077267, "delta": 0.816008}}
{"target": -10.854724923504309, "params": {"C": 19957.720381781306, "gamma": 0.013464639991850543}, "datetime": {"datetime": "2021-06-22 10:15:12", "elapsed": 130.918245, "delta": 0.840978}}
{"target": -10.439607285173464, "params": {"C": 9253.947397052707, "gamma": 0.033230334380352854}, "datetime": {"datetime": "2021-06-22 10:15:13", "elapsed": 132.083352, "delta": 1.165107}}
{"target": -10.089599119064381, "params": {"C": 19505.054473108343, "gamma": 0.051565551074853416}, "datetime": {"datetime": "2021-06-22 10:15:14", "elapsed": 133.053842, "delta": 0.97049}}
{"target": -10.101757939219185, "params": {"C": 12798.182949314862, "gamma": 0.04612553381678568}, "datetime": {"datetime": "2021-06-22 10:15:15", "elapsed": 134.05545, "delta": 1.001608}}
{"target": -10.232695535505835, "params": {"C": 18763.862258095178, "gamma": 0.031653261671207855}, "datetime": {"datetime": "2021-06-22 10:15:16", "elapsed": 135.193136, "delta": 1.137686}}
{"target": -11.317893203446284, "params": {"C": 11633.667944393186, "gamma": 0.009}, "datetime": {"datetime": "2021-06-22 10:15:17", "elapsed": 136.080061, "delta": 0.886925}}
{"target": -11.321029577753166, "params": {"C": 11553.108170612504, "gamma": 0.009}, "datetime": {"datetime": "2021-06-22 10:15:18", "elapsed": 137.144335, "delta": 1.064274}}
{"target": -10.74084418356422, "params": {"C": 11479.977802623376, "gamma": 0.019790259551122215}, "datetime": {"datetime": "2021-06-22 10:15:19", "elapsed": 138.19509, "delta": 1.050755}}
{"target": -11.326994992786892, "params": {"C": 11401.206444271376, "gamma": 0.009}, "datetime": {"datetime": "2021-06-22 10:15:21", "elapsed": 139.321741, "delta": 1.126651}}
{"target": -10.568082372667286, "params": {"C": 11112.73096122251, "gamma": 0.026592496530404124}, "datetime": {"datetime": "2021-06-22 10:15:21", "elapsed": 140.255209, "delta": 0.933468}}
{"target": -11.750131355213817, "params": {"C": 5574.153385512107, "gamma": 0.009}, "datetime": {"datetime": "2021-06-22 10:15:23", "elapsed": 141.375215, "delta": 1.120006}}
{"target": -11.286696625454802, "params": {"C": 11740.12522783662, "gamma": 0.009251327795574634}, "datetime": {"datetime": "2021-06-22 10:15:24", "elapsed": 142.318148, "delta": 0.942933}}
{"target": -10.396667861423893, "params": {"C": 8939.704079028033, "gamma": 0.035225795583657744}, "datetime": {"datetime": "2021-06-22 10:15:24", "elapsed": 143.269528, "delta": 0.95138}}
{"target": -10.155190911069663, "params": {"C": 9162.887824557652, "gamma": 0.054534105391366945}, "datetime": {"datetime": "2021-06-22 10:15:25", "elapsed": 144.203139, "delta": 0.933611}}
{"target": -11.106943904770214, "params": {"C": 5665.696598860488, "gamma": 0.016098842887896078}, "datetime": {"datetime": "2021-06-22 10:15:26", "elapsed": 145.245528, "delta": 1.042389}}
{"target": -10.106428814437148, "params": {"C": 10552.636232573912, "gamma": 0.05357424175263763}, "datetime": {"datetime": "2021-06-22 10:15:27", "elapsed": 146.152159, "delta": 0.906631}}
{"target": -10.220427708114418, "params": {"C": 18289.7032892052, "gamma": 0.06}, "datetime": {"datetime": "2021-06-22 10:15:28", "elapsed": 147.162977, "delta": 1.010818}}
{"target": -11.13355485770181, "params": {"C": 18677.22129146057, "gamma": 0.009}, "datetime": {"datetime": "2021-06-22 10:15:29", "elapsed": 148.078792, "delta": 0.915815}}
{"target": -10.706028191140387, "params": {"C": 7266.829565328419, "gamma": 0.026038496554433563}, "datetime": {"datetime": "2021-06-22 10:15:31", "elapsed": 149.390508, "delta": 1.311716}}
{"target": -10.083825169847891, "params": {"C": 14591.585513517915, "gamma": 0.055746881376148694}, "datetime": {"datetime": "2021-06-22 10:15:32", "elapsed": 150.71051, "delta": 1.320002}}
{"target": -10.191726962159246, "params": {"C": 11323.680226471482, "gamma": 0.03911351431979744}, "datetime": {"datetime": "2021-06-22 10:15:33", "elapsed": 151.628849, "delta": 0.918339}}
{"target": -10.083555122094952, "params": {"C": 11832.69817853453, "gamma": 0.05435145973438199}, "datetime": {"datetime": "2021-06-22 10:15:34", "elapsed": 152.899912, "delta": 1.271063}}
{"target": -10.501834116490825, "params": {"C": 8821.356841548113, "gamma": 0.03157749421136816}, "datetime": {"datetime": "2021-06-22 10:15:35", "elapsed": 153.964719, "delta": 1.064807}}
{"target": -10.065219649256749, "params": {"C": 15260.84293861526, "gamma": 0.05292061254188322}, "datetime": {"datetime": "2021-06-22 10:15:36", "elapsed": 155.273945, "delta": 1.309226}}
{"target": -10.82633429274355, "params": {"C": 5774.734536935837, "gamma": 0.0248502447527119}, "datetime": {"datetime": "2021-06-22 10:15:37", "elapsed": 156.247524, "delta": 0.973579}}
{"target": -10.535679118229456, "params": {"C": 14435.770313176874, "gamma": 0.024904008891901926}, "datetime": {"datetime": "2021-06-22 10:15:39", "elapsed": 157.549486, "delta": 1.301962}}
{"target": -10.10517213194992, "params": {"C": 14508.845690510216, "gamma": 0.04283999863047593}, "datetime": {"datetime": "2021-06-22 10:15:40", "elapsed": 158.613418, "delta": 1.063932}}
{"target": -10.753958277628247, "params": {"C": 14361.721422922814, "gamma": 0.017698114201079217}, "datetime": {"datetime": "2021-06-22 10:15:41", "elapsed": 159.635562, "delta": 1.022144}}
{"target": -11.057172682003822, "params": {"C": 9981.402674401565, "gamma": 0.012765163505693098}, "datetime": {"datetime": "2021-06-22 10:15:42", "elapsed": 160.778223, "delta": 1.142661}}
{"target": -10.905460063847723, "params": {"C": 18401.329993823194, "gamma": 0.012121000439940823}, "datetime": {"datetime": "2021-06-22 10:15:43", "elapsed": 162.084332, "delta": 1.306109}}
{"target": -10.165784087856137, "params": {"C": 9371.899294454082, "gamma": 0.05711330126903104}, "datetime": {"datetime": "2021-06-22 10:15:44", "elapsed": 163.152371, "delta": 1.068039}}
{"target": -10.403953970843478, "params": {"C": 6427.1330376487285, "gamma": 0.042679071386922264}, "datetime": {"datetime": "2021-06-22 10:15:45", "elapsed": 164.198905, "delta": 1.046534}}
{"target": -10.267915000031104, "params": {"C": 7386.078874222855, "gamma": 0.05083152447408902}, "datetime": {"datetime": "2021-06-22 10:15:47", "elapsed": 165.448023, "delta": 1.249118}}
{"target": -10.117443836213715, "params": {"C": 15056.035355385262, "gamma": 0.03984919410986452}, "datetime": {"datetime": "2021-06-22 10:15:48", "elapsed": 166.55907, "delta": 1.111047}}
{"target": -11.343411298086522, "params": {"C": 10994.948795326087, "gamma": 0.009}, "datetime": {"datetime": "2021-06-22 10:15:49", "elapsed": 167.629082, "delta": 1.070012}}
{"target": -10.436819298057689, "params": {"C": 8602.97902820076, "gamma": 0.034287315791579676}, "datetime": {"datetime": "2021-06-22 10:15:50", "elapsed": 168.897869, "delta": 1.268787}}
{"target": -10.074595198861033, "params": {"C": 18185.231414847112, "gamma": 0.047067792259178926}, "datetime": {"datetime": "2021-06-22 10:15:51", "elapsed": 170.238479, "delta": 1.34061}}
{"target": -10.447750593451161, "params": {"C": 11994.888701540998, "gamma": 0.02967594381862626}, "datetime": {"datetime": "2021-06-22 10:15:53", "elapsed": 171.287539, "delta": 1.04906}}
{"target": -10.174661022426376, "params": {"C": 10422.985486411162, "gamma": 0.04250503890169992}, "datetime": {"datetime": "2021-06-22 10:15:54", "elapsed": 172.288604, "delta": 1.001065}}
{"target": -10.910752553124041, "params": {"C": 19327.491370583906, "gamma": 0.011862642517753806}, "datetime": {"datetime": "2021-06-22 10:15:55", "elapsed": 173.80992, "delta": 1.521316}}
{"target": -11.231738742435052, "params": {"C": 13798.461054291492, "gamma": 0.009078281983907723}, "datetime": {"datetime": "2021-06-22 10:15:56", "elapsed": 174.825325, "delta": 1.015405}}
{"target": -10.60349561474883, "params": {"C": 13710.300111864419, "gamma": 0.023303288685713984}, "datetime": {"datetime": "2021-06-22 10:15:57", "elapsed": 175.833364, "delta": 1.008039}}
{"target": -10.683187246747924, "params": {"C": 19796.8514735481, "gamma": 0.018997729192994958}, "datetime": {"datetime": "2021-06-22 10:15:58", "elapsed": 176.850171, "delta": 1.016807}}
{"target": -10.370982378865639, "params": {"C": 6338.255393382193, "gamma": 0.06}, "datetime": {"datetime": "2021-06-22 10:15:59", "elapsed": 177.856971, "delta": 1.0068}}
{"target": -10.073902332127604, "params": {"C": 15335.445644018473, "gamma": 0.047907540971171905}, "datetime": {"datetime": "2021-06-22 10:16:00", "elapsed": 179.055482, "delta": 1.198511}}
{"target": -10.340211647753343, "params": {"C": 10109.961593903721, "gamma": 0.03539544998763067}, "datetime": {"datetime": "2021-06-22 10:16:02", "elapsed": 180.484663, "delta": 1.429181}}
