{"target": -10.674932753268989, "params": {"C": 2661.8412318790706, "gamma": 0.031241853877399514}, "datetime": {"datetime": "2021-06-22 07:39:39", "elapsed": 63.923137, "delta": 0.753088}}
{"target": -11.339058924491278, "params": {"C": 3445.9882718875087, "gamma": 0.009390659512627159}, "datetime": {"datetime": "2021-06-22 07:39:40", "elapsed": 64.960903, "delta": 1.037766}}
{"target": -10.51148618211961, "params": {"C": 3466.0908898011894, "gamma": 0.03995987612288013}, "datetime": {"datetime": "2021-06-22 07:39:41", "elapsed": 65.825403, "delta": 0.8645}}
{"target": -11.14626906869834, "params": {"C": 3528.428137629733, "gamma": 0.011225592846600182}, "datetime": {"datetime": "2021-06-22 07:39:42", "elapsed": 66.777706, "delta": 0.952303}}
{"target": -10.498628668933742, "params": {"C": 3508.9983993315805, "gamma": 0.04912837345382951}, "datetime": {"datetime": "2021-06-22 07:39:43", "elapsed": 67.574215, "delta": 0.796509}}
{"target": -10.709778536719588, "params": {"C": 2437.8079762922366, "gamma": 0.045977252251768554}, "datetime": {"datetime": "2021-06-22 07:39:44", "elapsed": 68.51186, "delta": 0.937645}}
{"target": -11.454432818897224, "params": {"C": 3019.9285644593942, "gamma": 0.009}, "datetime": {"datetime": "2021-06-22 07:39:45", "elapsed": 69.440277, "delta": 0.928417}}
{"target": -10.577467106586285, "params": {"C": 2998.430092481737, "gamma": 0.042913778491961145}, "datetime": {"datetime": "2021-06-22 07:39:45", "elapsed": 70.311458, "delta": 0.871181}}
{"target": -10.65495878835428, "params": {"C": 2637.9452572733207, "gamma": 0.04542394360684449}, "datetime": {"datetime": "2021-06-22 07:39:46", "elapsed": 71.227924, "delta": 0.916466}}
{"target": -10.458092947836924, "params": {"C": 3886.465056153519, "gamma": 0.04086092441992678}, "datetime": {"datetime": "2021-06-22 07:39:47", "elapsed": 72.153719, "delta": 0.925795}}
{"target": -10.480938063355383, "params": {"C": 3686.5629774476506, "gamma": 0.05}, "datetime": {"datetime": "2021-06-22 07:39:48", "elapsed": 72.950728, "delta": 0.797009}}
{"target": -10.97603567276361, "params": {"C": 3041.2329252216955, "gamma": 0.014926120637363989}, "datetime": {"datetime": "2021-06-22 07:39:49", "elapsed": 73.873399, "delta": 0.922671}}
{"target": -11.417578827706787, "params": {"C": 3228.306313757258, "gamma": 0.009}, "datetime": {"datetime": "2021-06-22 07:39:50", "elapsed": 74.835986, "delta": 0.962587}}
{"target": -10.577139374716483, "params": {"C": 3208.613273903557, "gamma": 0.032593083021608106}, "datetime": {"datetime": "2021-06-22 07:39:51", "elapsed": 75.59726, "delta": 0.761274}}
{"target": -10.79285452101842, "params": {"C": 3248.1345890388634, "gamma": 0.01900393412062525}, "datetime": {"datetime": "2021-06-22 07:39:51", "elapsed": 76.307134, "delta": 0.709874}}
{"target": -10.804519703001182, "params": {"C": 2462.091363938673, "gamma": 0.023984602115359858}, "datetime": {"datetime": "2021-06-22 07:39:52", "elapsed": 77.16128, "delta": 0.854146}}
{"target": -10.677407672998273, "params": {"C": 2590.3387291886384, "gamma": 0.033298198565950565}, "datetime": {"datetime": "2021-06-22 07:39:53", "elapsed": 78.012313, "delta": 0.851033}}
{"target": -10.565635948688438, "params": {"C": 3059.9136282982813, "gamma": 0.04984093537688913}, "datetime": {"datetime": "2021-06-22 07:39:54", "elapsed": 78.888016, "delta": 0.875703}}
{"target": -10.622261638279392, "params": {"C": 3305.388434891712, "gamma": 0.02709457065855208}, "datetime": {"datetime": "2021-06-22 07:39:55", "elapsed": 79.778128, "delta": 0.890112}}
{"target": -10.507137546629284, "params": {"C": 3646.776501101063, "gamma": 0.03503051386685541}, "datetime": {"datetime": "2021-06-22 07:39:56", "elapsed": 80.832949, "delta": 1.054821}}
{"target": -11.134659386285426, "params": {"C": 2803.4804039425685, "gamma": 0.013056913038158355}, "datetime": {"datetime": "2021-06-22 07:39:57", "elapsed": 81.847605, "delta": 1.014656}}
{"target": -10.54684562608703, "params": {"C": 3188.0444546971667, "gamma": 0.04184666688039561}, "datetime": {"datetime": "2021-06-22 07:39:58", "elapsed": 82.817537, "delta": 0.969932}}
{"target": -11.07190973426066, "params": {"C": 3726.8816937092297, "gamma": 0.01169778086132915}, "datetime": {"datetime": "2021-06-22 07:39:59", "elapsed": 83.79677, "delta": 0.979233}}
{"target": -11.00784192372476, "params": {"C": 3706.4483650968223, "gamma": 0.012592017154557043}, "datetime": {"datetime": "2021-06-22 07:40:00", "elapsed": 84.697351, "delta": 0.900581}}
{"target": -10.502317598772278, "params": {"C": 3744.143283954746, "gamma": 0.03399690512188746}, "datetime": {"datetime": "2021-06-22 07:40:01", "elapsed": 85.664001, "delta": 0.96665}}
{"target": -10.447227549268552, "params": {"C": 3906.4608719504167, "gamma": 0.0438166911753502}, "datetime": {"datetime": "2021-06-22 07:40:02", "elapsed": 86.465156, "delta": 0.801155}}
{"target": -10.757881876569838, "params": {"C": 2513.3440168855836, "gamma": 0.026242384706501115}, "datetime": {"datetime": "2021-06-22 07:40:03", "elapsed": 87.336777, "delta": 0.871621}}
{"target": -10.561448604520955, "params": {"C": 3116.187171087997, "gamma": 0.04002066700275551}, "datetime": {"datetime": "2021-06-22 07:40:03", "elapsed": 88.236098, "delta": 0.899321}}
{"target": -10.920517874214019, "params": {"C": 3487.9851338050275, "gamma": 0.014647105775334013}, "datetime": {"datetime": "2021-06-22 07:40:04", "elapsed": 89.027858, "delta": 0.79176}}
{"target": -11.221296773283402, "params": {"C": 2551.6294933854874, "gamma": 0.012620173001630229}, "datetime": {"datetime": "2021-06-22 07:40:05", "elapsed": 89.955361, "delta": 0.927503}}
{"target": -10.687565811933881, "params": {"C": 2533.2343209759174, "gamma": 0.047400407567943975}, "datetime": {"datetime": "2021-06-22 07:40:06", "elapsed": 90.753194, "delta": 0.797833}}
{"target": -10.928648247002652, "params": {"C": 3324.5114861913, "gamma": 0.01495335903163538}, "datetime": {"datetime": "2021-06-22 07:40:07", "elapsed": 91.595965, "delta": 0.842771}}
{"target": -10.518017870408698, "params": {"C": 3346.536684461828, "gamma": 0.045751176621495845}, "datetime": {"datetime": "2021-06-22 07:40:08", "elapsed": 92.616817, "delta": 1.020852}}
{"target": -10.624588048839675, "params": {"C": 2784.5545800151594, "gamma": 0.04826392775601071}, "datetime": {"datetime": "2021-06-22 07:40:09", "elapsed": 93.540351, "delta": 0.923534}}
{"target": -10.633937881461208, "params": {"C": 3791.3726936013904, "gamma": 0.02344555582382707}, "datetime": {"datetime": "2021-06-22 07:40:10", "elapsed": 94.641747, "delta": 1.101396}}
{"target": -10.907655993567547, "params": {"C": 3267.0569313743167, "gamma": 0.015611969966847794}, "datetime": {"datetime": "2021-06-22 07:40:11", "elapsed": 95.555208, "delta": 0.913461}}
{"target": -10.665828420425564, "params": {"C": 2616.286176891238, "gamma": 0.047634244544745616}, "datetime": {"datetime": "2021-06-22 07:40:12", "elapsed": 96.540621, "delta": 0.985413}}
{"target": -10.454262014306272, "params": {"C": 3938.9942077286405, "gamma": 0.05}, "datetime": {"datetime": "2021-06-22 07:40:13", "elapsed": 97.547127, "delta": 1.006506}}
{"target": -10.46953774647062, "params": {"C": 3807.7143579410754, "gamma": 0.04012802504693338}, "datetime": {"datetime": "2021-06-22 07:40:14", "elapsed": 98.577157, "delta": 1.03003}}
{"target": -10.60594154983839, "params": {"C": 3283.4852691291185, "gamma": 0.02830791479559313}, "datetime": {"datetime": "2021-06-22 07:40:15", "elapsed": 99.537649, "delta": 0.960492}}
{"target": -11.642131166080615, "params": {"C": 2184.7766369544433, "gamma": 0.009}, "datetime": {"datetime": "2021-06-22 07:40:16", "elapsed": 100.448285, "delta": 0.910636}}
{"target": -10.877464813340636, "params": {"C": 2766.576839078474, "gamma": 0.01853904432581748}, "datetime": {"datetime": "2021-06-22 07:40:17", "elapsed": 101.524258, "delta": 1.075973}}
{"target": -11.093678418997396, "params": {"C": 3840.8990829161166, "gamma": 0.011257021150726569}, "datetime": {"datetime": "2021-06-22 07:40:18", "elapsed": 102.481785, "delta": 0.957527}}
{"target": -11.186851820909617, "params": {"C": 3826.71080076508, "gamma": 0.010302190717216348}, "datetime": {"datetime": "2021-06-22 07:40:19", "elapsed": 103.586174, "delta": 1.104389}}
{"target": -10.758133939606873, "params": {"C": 2493.117955071385, "gamma": 0.026457441993713478}, "datetime": {"datetime": "2021-06-22 07:40:20", "elapsed": 104.582874, "delta": 0.9967}}
{"target": -10.814489432229713, "params": {"C": 2065.4282325519425, "gamma": 0.0343104419538894}, "datetime": {"datetime": "2021-06-22 07:40:21", "elapsed": 105.589421, "delta": 1.006547}}
{"target": -10.517533598796984, "params": {"C": 3364.6809981997785, "gamma": 0.04409656084950679}, "datetime": {"datetime": "2021-06-22 07:40:22", "elapsed": 106.556952, "delta": 0.967531}}
{"target": -10.482607848101281, "params": {"C": 3608.6780432817113, "gamma": 0.0451911317103346}, "datetime": {"datetime": "2021-06-22 07:40:23", "elapsed": 107.421818, "delta": 0.864866}}
{"target": -10.514399852674632, "params": {"C": 3663.829750809492, "gamma": 0.0334539460440696}, "datetime": {"datetime": "2021-06-22 07:40:24", "elapsed": 108.433535, "delta": 1.011717}}
{"target": -10.46460030610671, "params": {"C": 3775.4337601009565, "gamma": 0.04819847528970535}, "datetime": {"datetime": "2021-06-22 07:40:25", "elapsed": 109.674469, "delta": 1.240934}}
{"target": -10.716119930028153, "params": {"C": 3853.8877896165823, "gamma": 0.019333836248540424}, "datetime": {"datetime": "2021-06-22 07:40:26", "elapsed": 110.875001, "delta": 1.200532}}
{"target": -10.549267907273475, "params": {"C": 3137.2281567437294, "gamma": 0.04759122286076553}, "datetime": {"datetime": "2021-06-22 07:40:27", "elapsed": 111.939939, "delta": 1.064938}}
{"target": -10.789909299007618, "params": {"C": 2216.835420384272, "gamma": 0.05}, "datetime": {"datetime": "2021-06-22 07:40:28", "elapsed": 112.913183, "delta": 0.973244}}
{"target": -10.71399529147062, "params": {"C": 2955.60979745111, "gamma": 0.0245702285294412}, "datetime": {"datetime": "2021-06-22 07:40:29", "elapsed": 114.241564, "delta": 1.328381}}
{"target": -10.757334964306091, "params": {"C": 2270.3668241560695, "gamma": 0.04563816927194553}, "datetime": {"datetime": "2021-06-22 07:40:30", "elapsed": 115.177959, "delta": 0.936395}}
{"target": -10.482146887921706, "params": {"C": 3759.4268844840826, "gamma": 0.03819200357730333}, "datetime": {"datetime": "2021-06-22 07:40:31", "elapsed": 116.168637, "delta": 0.990678}}
{"target": -10.636511570340836, "params": {"C": 3923.7526343193977, "gamma": 0.022710277584571784}, "datetime": {"datetime": "2021-06-22 07:40:32", "elapsed": 117.295063, "delta": 1.126426}}
{"target": -11.105298573637947, "params": {"C": 2926.624727613709, "gamma": 0.013121824077778593}, "datetime": {"datetime": "2021-06-22 07:40:34", "elapsed": 118.412562, "delta": 1.117499}}
{"target": -10.589867845606172, "params": {"C": 2940.4757476861373, "gamma": 0.05}, "datetime": {"datetime": "2021-06-22 07:40:35", "elapsed": 119.668859, "delta": 1.256297}}
{"target": -10.815318671308164, "params": {"C": 2094.5795905871005, "gamma": 0.03031948984255195}, "datetime": {"datetime": "2021-06-22 07:40:36", "elapsed": 120.820041, "delta": 1.151182}}
{"target": -10.662925208002703, "params": {"C": 2887.6532168676918, "gamma": 0.02837872856299433}, "datetime": {"datetime": "2021-06-22 07:40:37", "elapsed": 122.094076, "delta": 1.274035}}
{"target": -10.728285614221154, "params": {"C": 2347.233670596423, "gamma": 0.03502969783279496}, "datetime": {"datetime": "2021-06-22 07:40:38", "elapsed": 123.129288, "delta": 1.035212}}
{"target": -11.132775043197352, "params": {"C": 2158.4405717323734, "gamma": 0.01580789263554481}, "datetime": {"datetime": "2021-06-22 07:40:39", "elapsed": 124.28049, "delta": 1.151202}}
{"target": -10.519664353257308, "params": {"C": 3571.7008619934386, "gamma": 0.03432598123025659}, "datetime": {"datetime": "2021-06-22 07:40:40", "elapsed": 125.228365, "delta": 0.947875}}
{"target": -11.686909620026505, "params": {"C": 2025.512456810715, "gamma": 0.009}, "datetime": {"datetime": "2021-06-22 07:40:41", "elapsed": 126.184878, "delta": 0.956513}}
{"target": -10.835251909395026, "params": {"C": 2008.6482542570852, "gamma": 0.04315000687260387}, "datetime": {"datetime": "2021-06-22 07:40:43", "elapsed": 127.651989, "delta": 1.467111}}
{"target": -10.74997947780247, "params": {"C": 2305.7050409138424, "gamma": 0.03153027693936099}, "datetime": {"datetime": "2021-06-22 07:40:44", "elapsed": 128.772347, "delta": 1.120358}}
{"target": -10.977835405777913, "params": {"C": 2252.3160291204426, "gamma": 0.018853575905623796}, "datetime": {"datetime": "2021-06-22 07:40:45", "elapsed": 130.100154, "delta": 1.327807}}
{"target": -10.606797895147988, "params": {"C": 2846.1650168425545, "gamma": 0.04624052032412193}, "datetime": {"datetime": "2021-06-22 07:40:46", "elapsed": 131.076887, "delta": 0.976733}}
{"target": -10.544028747170072, "params": {"C": 3171.376067108901, "gamma": 0.04658812275515892}, "datetime": {"datetime": "2021-06-22 07:40:47", "elapsed": 132.132049, "delta": 1.055162}}
{"target": -11.22979327474595, "params": {"C": 2364.731840232218, "gamma": 0.013168566697451995}, "datetime": {"datetime": "2021-06-22 07:40:48", "elapsed": 133.151649, "delta": 1.0196}}
{"target": -10.491838155400439, "params": {"C": 3972.5049949789645, "gamma": 0.03196711476934867}, "datetime": {"datetime": "2021-06-22 07:40:50", "elapsed": 134.585479, "delta": 1.43383}}
{"target": -10.854687340113237, "params": {"C": 2235.79524346578, "gamma": 0.02390644196119733}, "datetime": {"datetime": "2021-06-22 07:40:51", "elapsed": 135.478677, "delta": 0.893198}}
{"target": -11.309203782485532, "params": {"C": 3004.0387094490056, "gamma": 0.010474431579691542}, "datetime": {"datetime": "2021-06-22 07:40:52", "elapsed": 136.538502, "delta": 1.059825}}
{"target": -10.578947446115036, "params": {"C": 2992.0927992185143, "gamma": 0.05}, "datetime": {"datetime": "2021-06-22 07:40:53", "elapsed": 137.887836, "delta": 1.349334}}
{"target": -10.533443567213492, "params": {"C": 3631.113678356884, "gamma": 0.031075702351445786}, "datetime": {"datetime": "2021-06-22 07:40:54", "elapsed": 139.026794, "delta": 1.138958}}
{"target": -10.6365057392525, "params": {"C": 2750.830649568247, "gamma": 0.05}, "datetime": {"datetime": "2021-06-22 07:40:55", "elapsed": 140.151314, "delta": 1.12452}}
{"target": -10.792309026771346, "params": {"C": 2141.5814690962047, "gamma": 0.04407274536542149}, "datetime": {"datetime": "2021-06-22 07:40:57", "elapsed": 141.379567, "delta": 1.228253}}
{"target": -10.683825081414119, "params": {"C": 2873.353234700607, "gamma": 0.027150188768874678}, "datetime": {"datetime": "2021-06-22 07:40:58", "elapsed": 142.613232, "delta": 1.233665}}
{"target": -10.45427462567032, "params": {"C": 3870.3712476902383, "gamma": 0.042862235497510816}, "datetime": {"datetime": "2021-06-22 07:40:59", "elapsed": 143.818203, "delta": 1.204971}}
{"target": -10.582819462368489, "params": {"C": 2972.040293556675, "gamma": 0.05}, "datetime": {"datetime": "2021-06-22 07:41:00", "elapsed": 145.039953, "delta": 1.22175}}
{"target": -11.177395782104064, "params": {"C": 2415.0549195148324, "gamma": 0.01378158460557546}, "datetime": {"datetime": "2021-06-22 07:41:01", "elapsed": 146.048889, "delta": 1.008936}}
{"target": -10.732958852690155, "params": {"C": 2401.690324231023, "gamma": 0.05}, "datetime": {"datetime": "2021-06-22 07:41:03", "elapsed": 147.429974, "delta": 1.381085}}
{"target": -10.852406653015546, "params": {"C": 2430.6549532892204, "gamma": 0.021839006962565563}, "datetime": {"datetime": "2021-06-22 07:41:04", "elapsed": 148.557592, "delta": 1.127618}}
{"target": -10.639760989676569, "params": {"C": 2719.5797330251653, "gamma": 0.047816785204101826}, "datetime": {"datetime": "2021-06-22 07:41:05", "elapsed": 149.726343, "delta": 1.168751}}
{"target": -10.47557124141024, "params": {"C": 3691.569760766127, "gamma": 0.04867632079508551}, "datetime": {"datetime": "2021-06-22 07:41:07", "elapsed": 151.332142, "delta": 1.605799}}
{"target": -10.759935015173253, "params": {"C": 2566.880574474751, "gamma": 0.025531739789002868}, "datetime": {"datetime": "2021-06-22 07:41:08", "elapsed": 152.372913, "delta": 1.040771}}
{"target": -10.58134673876322, "params": {"C": 3544.0543713606517, "gamma": 0.027855210707156297}, "datetime": {"datetime": "2021-06-22 07:41:09", "elapsed": 153.674563, "delta": 1.30165}}
{"target": -10.612577108019575, "params": {"C": 3460.967340620791, "gamma": 0.026483069721568206}, "datetime": {"datetime": "2021-06-22 07:41:10", "elapsed": 154.979423, "delta": 1.30486}}
{"target": -10.754062224547981, "params": {"C": 2331.5148572848584, "gamma": 0.05}, "datetime": {"datetime": "2021-06-22 07:41:11", "elapsed": 155.987813, "delta": 1.00839}}
{"target": -10.659085350990523, "params": {"C": 2706.166711643351, "gamma": 0.03260988945219036}, "datetime": {"datetime": "2021-06-22 07:41:13", "elapsed": 157.774148, "delta": 1.786335}}
{"target": -11.432333217529852, "params": {"C": 2668.2262540574475, "gamma": 0.009893288089511103}, "datetime": {"datetime": "2021-06-22 07:41:14", "elapsed": 159.100103, "delta": 1.325955}}
{"target": -10.66111477908157, "params": {"C": 2656.1273746289385, "gamma": 0.05}, "datetime": {"datetime": "2021-06-22 07:41:16", "elapsed": 160.788946, "delta": 1.688843}}
{"target": -10.63748797341129, "params": {"C": 2679.5126780041237, "gamma": 0.04061308791069054}, "datetime": {"datetime": "2021-06-22 07:41:17", "elapsed": 162.103273, "delta": 1.314327}}
{"target": -10.505561915008933, "params": {"C": 3429.6832098713317, "gamma": 0.04629268119413581}, "datetime": {"datetime": "2021-06-22 07:41:18", "elapsed": 163.174189, "delta": 1.070916}}
{"target": -10.593056880249986, "params": {"C": 3076.2395403702412, "gamma": 0.03331538001105442}, "datetime": {"datetime": "2021-06-22 07:41:19", "elapsed": 164.263526, "delta": 1.089337}}
{"target": -10.78702564023548, "params": {"C": 2379.4638014068983, "gamma": 0.02598575192437888}, "datetime": {"datetime": "2021-06-22 07:41:20", "elapsed": 165.26323, "delta": 0.999704}}
{"target": -10.6643006301863, "params": {"C": 3156.97596736677, "gamma": 0.025786996328115888}, "datetime": {"datetime": "2021-06-22 07:41:21", "elapsed": 166.291754, "delta": 1.028524}}
{"target": -10.795220666377134, "params": {"C": 2125.6695039503393, "gamma": 0.04344396038502967}, "datetime": {"datetime": "2021-06-22 07:41:23", "elapsed": 167.694244, "delta": 1.40249}}
{"target": -11.357155668706849, "params": {"C": 3594.7932137555304, "gamma": 0.009}, "datetime": {"datetime": "2021-06-22 07:41:24", "elapsed": 168.863431, "delta": 1.169187}}
{"target": -10.610936533413879, "params": {"C": 2860.0581353020657, "gamma": 0.03717015047213341}, "datetime": {"datetime": "2021-06-22 07:41:25", "elapsed": 170.233177, "delta": 1.369746}}
{"target": -10.507379347050925, "params": {"C": 3471.313583759048, "gamma": 0.04159297284904705}, "datetime": {"datetime": "2021-06-22 07:41:27", "elapsed": 171.455246, "delta": 1.222069}}
{"target": -10.765454136764555, "params": {"C": 3213.7829846039112, "gamma": 0.02025880761918883}, "datetime": {"datetime": "2021-06-22 07:41:28", "elapsed": 172.734383, "delta": 1.279137}}
{"target": -10.537378628591265, "params": {"C": 3203.347281700464, "gamma": 0.04770163065510815}, "datetime": {"datetime": "2021-06-22 07:41:29", "elapsed": 174.139341, "delta": 1.404958}}
{"target": -10.873737881967749, "params": {"C": 2455.7244632844263, "gamma": 0.020769256967550654}, "datetime": {"datetime": "2021-06-22 07:41:30", "elapsed": 175.287191, "delta": 1.14785}}
{"target": -10.638956952938406, "params": {"C": 3513.9391116814622, "gamma": 0.024591686898077114}, "datetime": {"datetime": "2021-06-22 07:41:32", "elapsed": 176.423702, "delta": 1.136511}}
{"target": -10.522092336748019, "params": {"C": 3503.8613853269035, "gamma": 0.03533974572327826}, "datetime": {"datetime": "2021-06-22 07:41:33", "elapsed": 177.93717, "delta": 1.513468}}
{"target": -10.47727277184706, "params": {"C": 3891.4235105276575, "gamma": 0.03584527681774872}, "datetime": {"datetime": "2021-06-22 07:41:35", "elapsed": 179.852791, "delta": 1.915621}}
{"target": -10.66278283896943, "params": {"C": 2643.726173225646, "gamma": 0.0341817280183794}, "datetime": {"datetime": "2021-06-22 07:41:36", "elapsed": 181.141284, "delta": 1.288493}}
{"target": -11.118223984170168, "params": {"C": 2584.2721342575705, "gamma": 0.014095429688113998}, "datetime": {"datetime": "2021-06-22 07:41:38", "elapsed": 182.607665, "delta": 1.466381}}
{"target": -10.661033173659016, "params": {"C": 2596.3268686140145, "gamma": 0.04339717749953019}, "datetime": {"datetime": "2021-06-22 07:41:39", "elapsed": 183.820221, "delta": 1.212556}}
{"target": -10.592521467084012, "params": {"C": 2914.931483865566, "gamma": 0.04448100659936918}, "datetime": {"datetime": "2021-06-22 07:41:41", "elapsed": 185.425706, "delta": 1.605485}}
{"target": -10.517753850094085, "params": {"C": 3378.144910271047, "gamma": 0.04267563599993304}, "datetime": {"datetime": "2021-06-22 07:41:42", "elapsed": 186.968296, "delta": 1.54259}}
{"target": -10.729868553210727, "params": {"C": 3910.998415786171, "gamma": 0.018585537079483187}, "datetime": {"datetime": "2021-06-22 07:41:44", "elapsed": 188.769376, "delta": 1.80108}}
{"target": -10.615404213456618, "params": {"C": 3901.7336645765695, "gamma": 0.0239240426214748}, "datetime": {"datetime": "2021-06-22 07:41:45", "elapsed": 190.29732, "delta": 1.527944}}
{"target": -10.960215652480812, "params": {"C": 2732.3516639441386, "gamma": 0.0164944045520722}, "datetime": {"datetime": "2021-06-22 07:41:47", "elapsed": 191.776629, "delta": 1.479309}}
{"target": -10.903468066095098, "params": {"C": 3812.2381652277545, "gamma": 0.014152266170683856}, "datetime": {"datetime": "2021-06-22 07:41:48", "elapsed": 193.264241, "delta": 1.487612}}
