{"target": -18.19135269250203, "params": {"C": 9788.001094061872, "gamma": 0.06879590807736702}, "datetime": {"datetime": "2021-06-28 15:58:21", "elapsed": 65.41479, "delta": 0.545197}}
{"target": -16.24860507452652, "params": {"C": 9754.08721261442, "gamma": 0.013608570297295574}, "datetime": {"datetime": "2021-06-28 15:58:22", "elapsed": 65.974826, "delta": 0.560036}}
{"target": -16.465223361577234, "params": {"C": 1413.5685880789085, "gamma": 0.04518590240506049}, "datetime": {"datetime": "2021-06-28 15:58:23", "elapsed": 66.657996, "delta": 0.68317}}
{"target": -17.917134136794207, "params": {"C": 6928.317299141203, "gamma": 0.07021194042164927}, "datetime": {"datetime": "2021-06-28 15:58:23", "elapsed": 67.312437, "delta": 0.654441}}
{"target": -17.37882724031077, "params": {"C": 2784.7084300486067, "gamma": 0.07082910878433304}, "datetime": {"datetime": "2021-06-28 15:58:24", "elapsed": 67.864136, "delta": 0.551699}}
{"target": -16.51802953609531, "params": {"C": 1867.7233796799637, "gamma": 0.01405922378756953}, "datetime": {"datetime": "2021-06-28 15:58:24", "elapsed": 68.542136, "delta": 0.678}}
{"target": -17.374360959534258, "params": {"C": 8273.422152220768, "gamma": 0.05936554819876346}, "datetime": {"datetime": "2021-06-28 15:58:25", "elapsed": 69.169036, "delta": 0.6269}}
{"target": -17.676558675573077, "params": {"C": 3434.9875421770107, "gamma": 0.07485089841221716}, "datetime": {"datetime": "2021-06-28 15:58:26", "elapsed": 69.74411, "delta": 0.575074}}
{"target": -16.32324878644444, "params": {"C": 1412.0479185452134, "gamma": 0.03913100158097599}, "datetime": {"datetime": "2021-06-28 15:58:26", "elapsed": 70.296362, "delta": 0.552252}}
{"target": -17.479185452186936, "params": {"C": 1869.4916037839266, "gamma": 0.07275660508791058}, "datetime": {"datetime": "2021-06-28 15:58:27", "elapsed": 70.872509, "delta": 0.576147}}
{"target": -19.15766987646206, "params": {"C": 3721.6939898571577, "gamma": 0.098689030905138}, "datetime": {"datetime": "2021-06-28 15:58:27", "elapsed": 71.493618, "delta": 0.621109}}
{"target": -16.257753267017083, "params": {"C": 6478.948720101229, "gamma": 0.03746410664789517}, "datetime": {"datetime": "2021-06-28 15:58:28", "elapsed": 72.157627, "delta": 0.664009}}
{"target": -16.56988253417778, "params": {"C": 1026.5946641375067, "gamma": 0.027291570590400688}, "datetime": {"datetime": "2021-06-28 15:58:29", "elapsed": 72.711577, "delta": 0.55395}}
{"target": -16.44104709814911, "params": {"C": 1412.0983097134083, "gamma": 0.04428017954182046}, "datetime": {"datetime": "2021-06-28 15:58:29", "elapsed": 73.361238, "delta": 0.649661}}
{"target": -16.23776193532163, "params": {"C": 6928.709696825123, "gamma": 0.03490588786030293}, "datetime": {"datetime": "2021-06-28 15:58:30", "elapsed": 74.005646, "delta": 0.644408}}
{"target": -16.096987740196845, "params": {"C": 6478.984946699544, "gamma": 0.015249421247399258}, "datetime": {"datetime": "2021-06-28 15:58:30", "elapsed": 74.639371, "delta": 0.633725}}
{"target": -16.226247795218544, "params": {"C": 7767.523952624904, "gamma": 0.011081916322507369}, "datetime": {"datetime": "2021-06-28 15:58:31", "elapsed": 75.435519, "delta": 0.796148}}
{"target": -16.922202488612726, "params": {"C": 6928.230143831497, "gamma": 0.05376063347872124}, "datetime": {"datetime": "2021-06-28 15:58:32", "elapsed": 76.010516, "delta": 0.574997}}
{"target": -18.11032506565489, "params": {"C": 448.3185407166934, "gamma": 0.04811598216886916}, "datetime": {"datetime": "2021-06-28 15:58:32", "elapsed": 76.636516, "delta": 0.626}}
{"target": -16.12866673161075, "params": {"C": 7492.3558438686005, "gamma": 0.018693451071688495}, "datetime": {"datetime": "2021-06-28 15:58:33", "elapsed": 77.323398, "delta": 0.686882}}
{"target": -17.644617642668727, "params": {"C": 1412.3457211079995, "gamma": 0.07380811774243179}, "datetime": {"datetime": "2021-06-28 15:58:34", "elapsed": 78.029061, "delta": 0.705663}}
{"target": -16.127739811924158, "params": {"C": 5626.796273724667, "gamma": 0.034884939102407}, "datetime": {"datetime": "2021-06-28 15:58:35", "elapsed": 78.845167, "delta": 0.816106}}
{"target": -18.06672711457703, "params": {"C": 6921.828779650247, "gamma": 0.07243232008498558}, "datetime": {"datetime": "2021-06-28 15:58:35", "elapsed": 79.523482, "delta": 0.678315}}
{"target": -16.165238569026265, "params": {"C": 7767.376028154902, "gamma": 0.02305925574916594}, "datetime": {"datetime": "2021-06-28 15:58:36", "elapsed": 80.262164, "delta": 0.738682}}
{"target": -16.491014893459923, "params": {"C": 1475.1990875965362, "gamma": 0.04709244275864013}, "datetime": {"datetime": "2021-06-28 15:58:37", "elapsed": 80.8568, "delta": 0.594636}}
{"target": -18.820413462364627, "params": {"C": 1870.760506712988, "gamma": 0.09813625871158256}, "datetime": {"datetime": "2021-06-28 15:58:37", "elapsed": 81.514161, "delta": 0.657361}}
{"target": -16.794298736145105, "params": {"C": 4178.893880168078, "gamma": 0.056968886013958143}, "datetime": {"datetime": "2021-06-28 15:58:38", "elapsed": 82.103113, "delta": 0.588952}}
{"target": -16.13727262989301, "params": {"C": 7492.307332532548, "gamma": 0.021767994684650828}, "datetime": {"datetime": "2021-06-28 15:58:39", "elapsed": 82.83873, "delta": 0.735617}}
{"target": -15.913399487665117, "params": {"C": 3721.761325635405, "gamma": 0.02947861750177881}, "datetime": {"datetime": "2021-06-28 15:58:39", "elapsed": 83.533656, "delta": 0.694926}}
{"target": -16.20484293474531, "params": {"C": 4369.83919412955, "gamma": 0.012510754575030217}, "datetime": {"datetime": "2021-06-28 15:58:40", "elapsed": 84.252607, "delta": 0.718951}}
{"target": -16.770663222522963, "params": {"C": 1870.5762768105153, "gamma": 0.05784829573001135}, "datetime": {"datetime": "2021-06-28 15:58:41", "elapsed": 84.875574, "delta": 0.622967}}
{"target": -16.93974981978185, "params": {"C": 1474.2974188500507, "gamma": 0.05913053163058499}, "datetime": {"datetime": "2021-06-28 15:58:41", "elapsed": 85.542071, "delta": 0.666497}}
{"target": -18.16713562873596, "params": {"C": 3785.2686861179095, "gamma": 0.08218349158708815}, "datetime": {"datetime": "2021-06-28 15:58:42", "elapsed": 86.167072, "delta": 0.625001}}
{"target": -17.150465341620873, "params": {"C": 1250.6299506716873, "gamma": 0.010651511109829688}, "datetime": {"datetime": "2021-06-28 15:58:43", "elapsed": 86.877678, "delta": 0.710606}}
{"target": -18.04087733614165, "params": {"C": 1947.8929863661124, "gamma": 0.08360630793110578}, "datetime": {"datetime": "2021-06-28 15:58:44", "elapsed": 87.70987, "delta": 0.832192}}
{"target": -16.251970380410427, "params": {"C": 9061.718743386804, "gamma": 0.0210560509903555}, "datetime": {"datetime": "2021-06-28 15:58:44", "elapsed": 88.344535, "delta": 0.634665}}
{"target": -18.090909988833854, "params": {"C": 1026.6667364842588, "gamma": 0.07790144685382029}, "datetime": {"datetime": "2021-06-28 15:58:45", "elapsed": 89.297349, "delta": 0.952814}}
{"target": -15.956812667250391, "params": {"C": 4925.0189026783655, "gamma": 0.024216258563443074}, "datetime": {"datetime": "2021-06-28 15:58:46", "elapsed": 90.014988, "delta": 0.717639}}
{"target": -16.2158037875639, "params": {"C": 8273.530465966269, "gamma": 0.01168495584581583}, "datetime": {"datetime": "2021-06-28 15:58:47", "elapsed": 90.741328, "delta": 0.72634}}
{"target": -16.1759009364516, "params": {"C": 8273.597618876425, "gamma": 0.015326769705187867}, "datetime": {"datetime": "2021-06-28 15:58:47", "elapsed": 91.444222, "delta": 0.702894}}
{"target": -16.64567064160332, "params": {"C": 1868.5214362114634, "gamma": 0.054851533895391436}, "datetime": {"datetime": "2021-06-28 15:58:48", "elapsed": 92.248263, "delta": 0.804041}}
{"target": -18.466194045114797, "params": {"C": 7795.138498603614, "gamma": 0.07622343869075945}, "datetime": {"datetime": "2021-06-28 15:58:49", "elapsed": 92.873842, "delta": 0.625579}}
{"target": -17.57883251522286, "params": {"C": 6221.587597855486, "gamma": 0.06651263004832986}, "datetime": {"datetime": "2021-06-28 15:58:49", "elapsed": 93.51105, "delta": 0.637208}}
{"target": -16.013734061119283, "params": {"C": 5759.488847096124, "gamma": 0.024090027537876674}, "datetime": {"datetime": "2021-06-28 15:58:50", "elapsed": 94.159684, "delta": 0.648634}}
{"target": -16.84211446887606, "params": {"C": 4924.902442730848, "gamma": 0.05631156588463731}, "datetime": {"datetime": "2021-06-28 15:58:51", "elapsed": 95.011015, "delta": 0.851331}}
{"target": -18.002306932721602, "params": {"C": 1948.0601216073817, "gamma": 0.08288446644068943}, "datetime": {"datetime": "2021-06-28 15:58:52", "elapsed": 95.755746, "delta": 0.744731}}
{"target": -16.301699393671033, "params": {"C": 9754.037981015408, "gamma": 0.020893365648603078}, "datetime": {"datetime": "2021-06-28 15:58:52", "elapsed": 96.471872, "delta": 0.716126}}
{"target": -16.05387295178916, "params": {"C": 1869.3899490826543, "gamma": 0.02840675236616505}, "datetime": {"datetime": "2021-06-28 15:58:53", "elapsed": 97.233954, "delta": 0.762082}}
{"target": -17.83575268202954, "params": {"C": 1413.6034273143946, "gamma": 0.07767546406018645}, "datetime": {"datetime": "2021-06-28 15:58:54", "elapsed": 97.942667, "delta": 0.708713}}
{"target": -16.187601408948108, "params": {"C": 8273.594475220105, "gamma": 0.013346130700891558}, "datetime": {"datetime": "2021-06-28 15:58:54", "elapsed": 98.614666, "delta": 0.671999}}
{"target": -18.33522303739472, "params": {"C": 6464.262671208887, "gamma": 0.0774008219560371}, "datetime": {"datetime": "2021-06-28 15:58:55", "elapsed": 99.377716, "delta": 0.76305}}
{"target": -27.14733123609484, "params": {"C": 44.03075387358978, "gamma": 0.09872651512074275}, "datetime": {"datetime": "2021-06-28 15:58:56", "elapsed": 100.028427, "delta": 0.650711}}
{"target": -17.777354967590533, "params": {"C": 3548.3974076256754, "gamma": 0.07630237182434878}, "datetime": {"datetime": "2021-06-28 15:58:57", "elapsed": 100.69111, "delta": 0.662683}}
{"target": -17.221557152369655, "params": {"C": 1026.5259105156697, "gamma": 0.05854459955199209}, "datetime": {"datetime": "2021-06-28 15:58:57", "elapsed": 101.432539, "delta": 0.741429}}
{"target": -16.544607883991045, "params": {"C": 1475.1441402379846, "gamma": 0.016614553968402355}, "datetime": {"datetime": "2021-06-28 15:58:58", "elapsed": 102.275565, "delta": 0.843026}}
{"target": -16.16680746239912, "params": {"C": 5626.846728147656, "gamma": 0.012480709171301563}, "datetime": {"datetime": "2021-06-28 15:58:59", "elapsed": 103.042568, "delta": 0.767003}}
{"target": -16.212495100907937, "params": {"C": 5072.412687392191, "gamma": 0.011842276280271877}, "datetime": {"datetime": "2021-06-28 15:59:00", "elapsed": 103.730593, "delta": 0.688025}}
{"target": -17.37622562927586, "params": {"C": 1025.4455797202354, "gamma": 0.06225081606538442}, "datetime": {"datetime": "2021-06-28 15:59:00", "elapsed": 104.409298, "delta": 0.678705}}
{"target": -16.3161272911344, "params": {"C": 1543.9372983129836, "gamma": 0.04183900962803768}, "datetime": {"datetime": "2021-06-28 15:59:01", "elapsed": 105.097907, "delta": 0.688609}}
{"target": -17.20734025650132, "params": {"C": 8273.520528393348, "gamma": 0.056587673258719086}, "datetime": {"datetime": "2021-06-28 15:59:02", "elapsed": 105.954403, "delta": 0.856496}}
{"target": -15.968527853767922, "params": {"C": 4432.104386555734, "gamma": 0.0310432270194134}, "datetime": {"datetime": "2021-06-28 15:59:02", "elapsed": 106.640443, "delta": 0.68604}}
{"target": -19.23516939707322, "params": {"C": 8909.076166740155, "gamma": 0.0841148199242553}, "datetime": {"datetime": "2021-06-28 15:59:03", "elapsed": 107.31579, "delta": 0.675347}}
{"target": -16.246753850655825, "params": {"C": 4432.155410314165, "gamma": 0.04319487232463446}, "datetime": {"datetime": "2021-06-28 15:59:04", "elapsed": 108.293738, "delta": 0.977948}}
{"target": -17.662422842479568, "params": {"C": 4006.0914929536398, "gamma": 0.07317776601198374}, "datetime": {"datetime": "2021-06-28 15:59:05", "elapsed": 108.988365, "delta": 0.694627}}
{"target": -16.769323661403753, "params": {"C": 5759.538522869853, "gamma": 0.0530366478169368}, "datetime": {"datetime": "2021-06-28 15:59:06", "elapsed": 109.890044, "delta": 0.901679}}
{"target": -18.966527148878132, "params": {"C": 9582.76125115406, "gamma": 0.07924926673176189}, "datetime": {"datetime": "2021-06-28 15:59:07", "elapsed": 110.905613, "delta": 1.015569}}
{"target": -16.0559806778783, "params": {"C": 3637.810054216509, "gamma": 0.01654314577593912}, "datetime": {"datetime": "2021-06-28 15:59:08", "elapsed": 111.729603, "delta": 0.82399}}
{"target": -18.643185639950328, "params": {"C": 6478.994463007101, "gamma": 0.08181594536113625}, "datetime": {"datetime": "2021-06-28 15:59:08", "elapsed": 112.602603, "delta": 0.873}}
{"target": -16.21724774429618, "params": {"C": 6478.890658363304, "gamma": 0.011238384784902349}, "datetime": {"datetime": "2021-06-28 15:59:09", "elapsed": 113.529556, "delta": 0.926953}}
{"target": -17.600172968299017, "params": {"C": 1869.1449254286858, "gamma": 0.07511736072920293}, "datetime": {"datetime": "2021-06-28 15:59:10", "elapsed": 114.652056, "delta": 1.1225}}
{"target": -16.139016194561634, "params": {"C": 1947.9669799827304, "gamma": 0.021479727463462182}, "datetime": {"datetime": "2021-06-28 15:59:11", "elapsed": 115.510949, "delta": 0.858893}}
{"target": -18.239719743000162, "params": {"C": 5626.76931276426, "gamma": 0.07810495181359088}, "datetime": {"datetime": "2021-06-28 15:59:12", "elapsed": 116.454903, "delta": 0.943954}}
{"target": -17.798069770975587, "params": {"C": 1869.2162485425847, "gamma": 0.07892171992876183}, "datetime": {"datetime": "2021-06-28 15:59:14", "elapsed": 117.936907, "delta": 1.482004}}
{"target": -16.524320418058192, "params": {"C": 1543.9655797066473, "gamma": 0.016293660487422045}, "datetime": {"datetime": "2021-06-28 15:59:15", "elapsed": 118.852907, "delta": 0.916}}
{"target": -19.334343531170543, "params": {"C": 7136.224958071797, "gamma": 0.08983298203608797}, "datetime": {"datetime": "2021-06-28 15:59:15", "elapsed": 119.558466, "delta": 0.705559}}
{"target": -16.703035717089936, "params": {"C": 1604.8337272010622, "gamma": 0.05455891586103797}, "datetime": {"datetime": "2021-06-28 15:59:16", "elapsed": 120.255077, "delta": 0.696611}}
{"target": -18.47198841246908, "params": {"C": 1868.8990514296986, "gamma": 0.09160242518968012}, "datetime": {"datetime": "2021-06-28 15:59:17", "elapsed": 121.165709, "delta": 0.910632}}
{"target": -17.603265482841486, "params": {"C": 4432.215856384195, "gamma": 0.07110409463562851}, "datetime": {"datetime": "2021-06-28 15:59:18", "elapsed": 122.007917, "delta": 0.842208}}
{"target": -18.850923500837887, "params": {"C": 1607.08397107273, "gamma": 0.09838863961004453}, "datetime": {"datetime": "2021-06-28 15:59:19", "elapsed": 122.746917, "delta": 0.739}}
{"target": -16.74637784525343, "params": {"C": 1543.874888356285, "gamma": 0.012997370011152427}, "datetime": {"datetime": "2021-06-28 15:59:19", "elapsed": 123.596989, "delta": 0.850072}}
{"target": -16.33375801744628, "params": {"C": 3738.0400025262966, "gamma": 0.047259761811911286}, "datetime": {"datetime": "2021-06-28 15:59:20", "elapsed": 124.353686, "delta": 0.756697}}
{"target": -17.8384054132456, "params": {"C": 3721.83532436965, "gamma": 0.07688611031676175}, "datetime": {"datetime": "2021-06-28 15:59:21", "elapsed": 125.203321, "delta": 0.849635}}
{"target": -16.389956850771632, "params": {"C": 1604.7643524996126, "gamma": 0.045534628996441374}, "datetime": {"datetime": "2021-06-28 15:59:22", "elapsed": 126.215477, "delta": 1.012156}}
{"target": -16.202921077869355, "params": {"C": 5626.629524820902, "gamma": 0.01174098069694591}, "datetime": {"datetime": "2021-06-28 15:59:23", "elapsed": 127.188075, "delta": 0.972598}}
{"target": -15.910834632948784, "params": {"C": 2786.708714815228, "gamma": 0.02767805332285505}, "datetime": {"datetime": "2021-06-28 15:59:24", "elapsed": 127.917014, "delta": 0.728939}}
{"target": -17.38373102464801, "params": {"C": 2786.726960707794, "gamma": 0.0709171560875468}, "datetime": {"datetime": "2021-06-28 15:59:25", "elapsed": 128.831056, "delta": 0.914042}}
{"target": -17.093619251134072, "params": {"C": 4925.003980296845, "gamma": 0.06109842690999994}, "datetime": {"datetime": "2021-06-28 15:59:26", "elapsed": 129.870557, "delta": 1.039501}}
{"target": -15.941741730824505, "params": {"C": 2786.635691772959, "gamma": 0.023509335849364064}, "datetime": {"datetime": "2021-06-28 15:59:27", "elapsed": 130.790256, "delta": 0.919699}}
{"target": -17.500566334054625, "params": {"C": 1543.998212946991, "gamma": 0.07183399105826632}, "datetime": {"datetime": "2021-06-28 15:59:28", "elapsed": 131.908049, "delta": 1.117793}}
{"target": -16.74400389929856, "params": {"C": 6921.8891531167665, "gamma": 0.05012329347806226}, "datetime": {"datetime": "2021-06-28 15:59:29", "elapsed": 132.790093, "delta": 0.882044}}
{"target": -17.606914158310868, "params": {"C": 8692.718005178547, "gamma": 0.062303694495467986}, "datetime": {"datetime": "2021-06-28 15:59:29", "elapsed": 133.537044, "delta": 0.746951}}
{"target": -16.24928280907855, "params": {"C": 7767.561799337079, "gamma": 0.010507214685886083}, "datetime": {"datetime": "2021-06-28 15:59:30", "elapsed": 134.501622, "delta": 0.964578}}
{"target": -16.082168709674587, "params": {"C": 4925.068980865416, "gamma": 0.014811658651100184}, "datetime": {"datetime": "2021-06-28 15:59:32", "elapsed": 136.022608, "delta": 1.520986}}
{"target": -17.12435809601517, "params": {"C": 5072.44809312033, "gamma": 0.06132988316774448}, "datetime": {"datetime": "2021-06-28 15:59:33", "elapsed": 136.996969, "delta": 0.974361}}
{"target": -18.902451759964965, "params": {"C": 2355.0712540708473, "gamma": 0.09901096244262346}, "datetime": {"datetime": "2021-06-28 15:59:34", "elapsed": 137.776815, "delta": 0.779846}}
{"target": -16.279611240280055, "params": {"C": 5072.351530253239, "gamma": 0.042498709301679156}, "datetime": {"datetime": "2021-06-28 15:59:34", "elapsed": 138.650446, "delta": 0.873631}}
{"target": -18.684778945130166, "params": {"C": 3738.001201085351, "gamma": 0.09083277898239264}, "datetime": {"datetime": "2021-06-28 15:59:36", "elapsed": 139.723334, "delta": 1.072888}}
{"target": -16.097346486740935, "params": {"C": 1870.499220171092, "gamma": 0.024379813728123992}, "datetime": {"datetime": "2021-06-28 15:59:37", "elapsed": 140.668529, "delta": 0.945195}}
{"target": -16.158846945466124, "params": {"C": 7492.231246994533, "gamma": 0.02542520781688977}, "datetime": {"datetime": "2021-06-28 15:59:38", "elapsed": 141.711394, "delta": 1.042865}}
{"target": -18.373479759710683, "params": {"C": 5275.6678004265505, "gamma": 0.0810900004383651}, "datetime": {"datetime": "2021-06-28 15:59:38", "elapsed": 142.498399, "delta": 0.787005}}
{"target": -16.97424853013281, "params": {"C": 4638.0610681005655, "gamma": 0.05950990537628924}, "datetime": {"datetime": "2021-06-28 15:59:39", "elapsed": 143.293737, "delta": 0.795338}}
{"target": -18.661477731704537, "params": {"C": 2963.6613044100027, "gamma": 0.0930197921401143}, "datetime": {"datetime": "2021-06-28 15:59:40", "elapsed": 144.079231, "delta": 0.785494}}
{"target": -16.11613472478351, "params": {"C": 7274.945608038715, "gamma": 0.017360835966045575}, "datetime": {"datetime": "2021-06-28 15:59:41", "elapsed": 145.002027, "delta": 0.922796}}
{"target": -17.61865341282613, "params": {"C": 1476.0860444552638, "gamma": 0.07377506467783189}, "datetime": {"datetime": "2021-06-28 15:59:42", "elapsed": 146.16285, "delta": 1.160823}}
{"target": -18.41640724584242, "params": {"C": 6526.670794657754, "gamma": 0.07842637751833721}, "datetime": {"datetime": "2021-06-28 15:59:43", "elapsed": 146.949855, "delta": 0.787005}}
{"target": -16.012307574542504, "params": {"C": 5730.139640466357, "gamma": 0.02432384174645532}, "datetime": {"datetime": "2021-06-28 15:59:44", "elapsed": 147.749344, "delta": 0.799489}}
{"target": -16.269095940226833, "params": {"C": 1412.5075698332603, "gamma": 0.0355514936967167}, "datetime": {"datetime": "2021-06-28 15:59:45", "elapsed": 148.689876, "delta": 0.940532}}
{"target": -16.243902145533713, "params": {"C": 5730.213803491879, "gamma": 0.01097728208838133}, "datetime": {"datetime": "2021-06-28 15:59:46", "elapsed": 149.749451, "delta": 1.059575}}
{"target": -16.334924023160866, "params": {"C": 1870.5769563766382, "gamma": 0.01710799547955072}, "datetime": {"datetime": "2021-06-28 15:59:47", "elapsed": 150.817635, "delta": 1.068184}}
{"target": -18.32995056515646, "params": {"C": 4432.080635504965, "gamma": 0.08288024356014517}, "datetime": {"datetime": "2021-06-28 15:59:48", "elapsed": 151.884117, "delta": 1.066482}}
{"target": -16.091370813822483, "params": {"C": 5730.085897348061, "gamma": 0.0323975129505495}, "datetime": {"datetime": "2021-06-28 15:59:49", "elapsed": 152.900767, "delta": 1.01665}}
{"target": -19.032970077157508, "params": {"C": 5759.4719918826, "gamma": 0.08953622464872978}, "datetime": {"datetime": "2021-06-28 15:59:50", "elapsed": 153.971004, "delta": 1.070237}}
{"target": -16.87605885231749, "params": {"C": 813.4877902511053, "gamma": 0.025201143101977394}, "datetime": {"datetime": "2021-06-28 15:59:51", "elapsed": 154.845641, "delta": 0.874637}}
{"target": -16.368822413958824, "params": {"C": 6464.326245812132, "gamma": 0.04148310752738215}, "datetime": {"datetime": "2021-06-28 15:59:52", "elapsed": 156.032373, "delta": 1.186732}}
{"target": -16.27108463005023, "params": {"C": 8273.65498493782, "gamma": 0.010055254326585952}, "datetime": {"datetime": "2021-06-28 15:59:53", "elapsed": 156.969374, "delta": 0.937001}}
{"target": -19.89070858592442, "params": {"C": 7767.361099505645, "gamma": 0.09582157441767707}, "datetime": {"datetime": "2021-06-28 15:59:54", "elapsed": 158.051952, "delta": 1.082578}}
