{"target": -11.035401325962226, "params": {"C": 1562.7980064167698, "gamma": 0.02626532046994831}, "datetime": {"datetime": "2021-06-22 00:30:01", "elapsed": 394.441552, "delta": 2.149676}}
{"target": -10.61058293014886, "params": {"C": 2833.9857116056182, "gamma": 0.03853330423112848}, "datetime": {"datetime": "2021-06-22 07:38:35", "elapsed": 0.0, "delta": 0.0}}
{"target": -10.971755300955916, "params": {"C": 2000.1287610721715, "gamma": 0.02139563547790543}, "datetime": {"datetime": "2021-06-22 07:38:35", "elapsed": 0.252217, "delta": 0.252217}}
{"target": -11.273681806813444, "params": {"C": 2293.426457223308, "gamma": 0.01278588238552071}, "datetime": {"datetime": "2021-06-22 07:38:36", "elapsed": 0.52852, "delta": 0.276303}}
{"target": -10.837164760171447, "params": {"C": 2372.4390487764795, "gamma": 0.023167989808764958}, "datetime": {"datetime": "2021-06-22 07:38:36", "elapsed": 0.776983, "delta": 0.248463}}
{"target": -10.652313632448273, "params": {"C": 2793.474625208763, "gamma": 0.031091486094137637}, "datetime": {"datetime": "2021-06-22 07:38:36", "elapsed": 1.030389, "delta": 0.253406}}
{"target": -10.615088231136172, "params": {"C": 2838.33094825803, "gamma": 0.03709399951626714}, "datetime": {"datetime": "2021-06-22 07:38:36", "elapsed": 1.302134, "delta": 0.271745}}
{"target": -10.714916325743358, "params": {"C": 2408.824944688008, "gamma": 0.045002814892028765}, "datetime": {"datetime": "2021-06-22 07:38:37", "elapsed": 1.566279, "delta": 0.264145}}
{"target": -10.815705139320304, "params": {"C": 2054.677925155172, "gamma": 0.03648916791731449}, "datetime": {"datetime": "2021-06-22 07:38:37", "elapsed": 1.831108, "delta": 0.264829}}
{"target": -10.640118483654627, "params": {"C": 2834.551335214491, "gamma": 0.03190628296627582}, "datetime": {"datetime": "2021-06-22 07:38:37", "elapsed": 2.098255, "delta": 0.267147}}
{"target": -11.037126785608157, "params": {"C": 2280.687915884327, "gamma": 0.01712216105248003}, "datetime": {"datetime": "2021-06-22 07:38:38", "elapsed": 2.348763, "delta": 0.250508}}
{"target": -10.486233765653502, "params": {"C": 3601.469211807941, "gamma": 0.0486987246044953}, "datetime": {"datetime": "2021-06-22 07:38:38", "elapsed": 2.62175, "delta": 0.272987}}
{"target": -10.655185099604173, "params": {"C": 2626.7796987363017, "gamma": 0.03738522724244188}, "datetime": {"datetime": "2021-06-22 07:38:38", "elapsed": 2.880121, "delta": 0.258371}}
{"target": -10.464181147530008, "params": {"C": 3752.7659435073065, "gamma": 0.045678873203657745}, "datetime": {"datetime": "2021-06-22 07:38:38", "elapsed": 3.132925, "delta": 0.252804}}
{"target": -11.483205261361302, "params": {"C": 2169.996927160693, "gamma": 0.010601246112548176}, "datetime": {"datetime": "2021-06-22 07:38:39", "elapsed": 3.396188, "delta": 0.263263}}
{"target": -10.734704038959348, "params": {"C": 2339.5778221710943, "gamma": 0.04500384264060594}, "datetime": {"datetime": "2021-06-22 07:38:39", "elapsed": 3.666211, "delta": 0.270023}}
{"target": -10.82663224882148, "params": {"C": 2196.6035023494837, "gamma": 0.026265412625207138}, "datetime": {"datetime": "2021-06-22 07:38:39", "elapsed": 3.934271, "delta": 0.26806}}
{"target": -10.505336346520561, "params": {"C": 3915.7748492540186, "gamma": 0.030859776683893697}, "datetime": {"datetime": "2021-06-22 07:38:39", "elapsed": 4.206289, "delta": 0.272018}}
{"target": -10.707000859044628, "params": {"C": 3383.723415612342, "gamma": 0.02193614087124858}, "datetime": {"datetime": "2021-06-22 07:38:40", "elapsed": 4.453869, "delta": 0.24758}}
{"target": -10.517635716172114, "params": {"C": 3372.9705054559354, "gamma": 0.043219652547792295}, "datetime": {"datetime": "2021-06-22 07:38:40", "elapsed": 4.675577, "delta": 0.221708}}
{"target": -10.821121874920696, "params": {"C": 2036.4783835161181, "gamma": 0.03975591691274367}, "datetime": {"datetime": "2021-06-22 07:38:40", "elapsed": 4.915931, "delta": 0.240354}}
{"target": -10.451355915125301, "params": {"C": 3977.72106392188, "gamma": 0.03967479182957342}, "datetime": {"datetime": "2021-06-22 07:38:40", "elapsed": 5.1796, "delta": 0.263669}}
{"target": -10.665820174235776, "params": {"C": 2560.816028528017, "gamma": 0.04136045246651103}, "datetime": {"datetime": "2021-06-22 07:38:41", "elapsed": 5.455748, "delta": 0.276148}}
{"target": -10.808953577815252, "params": {"C": 2206.362335755942, "gamma": 0.027363634573212114}, "datetime": {"datetime": "2021-06-22 07:38:41", "elapsed": 5.713679, "delta": 0.257931}}
{"target": -10.679476289783352, "params": {"C": 3817.1818657365, "gamma": 0.02103818008332086}, "datetime": {"datetime": "2021-06-22 07:38:41", "elapsed": 5.953443, "delta": 0.239764}}
{"target": -11.10665970390154, "params": {"C": 2575.479454706556, "gamma": 0.014331171456849385}, "datetime": {"datetime": "2021-06-22 07:38:41", "elapsed": 6.223284, "delta": 0.269841}}
{"target": -10.820870840724272, "params": {"C": 2038.6358524363814, "gamma": 0.03683225685053553}, "datetime": {"datetime": "2021-06-22 07:38:42", "elapsed": 6.495839, "delta": 0.272555}}
{"target": -10.904981092102178, "params": {"C": 2423.177394811718, "gamma": 0.019887413034261274}, "datetime": {"datetime": "2021-06-22 07:38:42", "elapsed": 6.75433, "delta": 0.258491}}
{"target": -11.248185576487998, "params": {"C": 2983.0954758766047, "gamma": 0.011187864349800295}, "datetime": {"datetime": "2021-06-22 07:38:42", "elapsed": 7.040096, "delta": 0.285766}}
{"target": -10.952389637195962, "params": {"C": 3148.1926227445756, "gamma": 0.015015871571138217}, "datetime": {"datetime": "2021-06-22 07:38:42", "elapsed": 7.30108, "delta": 0.260984}}
{"target": -10.557057277400098, "params": {"C": 3178.570004360259, "gamma": 0.037690092760858177}, "datetime": {"datetime": "2021-06-22 07:38:43", "elapsed": 7.561431, "delta": 0.260351}}
{"target": -10.630253108102353, "params": {"C": 2866.6441401593456, "gamma": 0.0326248063828622}, "datetime": {"datetime": "2021-06-22 07:38:43", "elapsed": 8.134079, "delta": 0.572648}}
{"target": -10.65533109191878, "params": {"C": 3947.2516145385575, "gamma": 0.021655738248922494}, "datetime": {"datetime": "2021-06-22 07:38:44", "elapsed": 8.715506, "delta": 0.581427}}
{"target": -10.877492586330776, "params": {"C": 3335.6530119892077, "gamma": 0.016112277696939466}, "datetime": {"datetime": "2021-06-22 07:38:44", "elapsed": 9.176927, "delta": 0.461421}}
{"target": -10.691220811558056, "params": {"C": 3716.6646483185677, "gamma": 0.020924735637848628}, "datetime": {"datetime": "2021-06-22 07:38:45", "elapsed": 9.70787, "delta": 0.530943}}
{"target": -10.697748805945633, "params": {"C": 2523.324273656899, "gamma": 0.05}, "datetime": {"datetime": "2021-06-22 07:38:46", "elapsed": 10.361139, "delta": 0.653269}}
{"target": -10.486180909060272, "params": {"C": 3638.485893944578, "gamma": 0.05}, "datetime": {"datetime": "2021-06-22 07:38:46", "elapsed": 10.942035, "delta": 0.580896}}
{"target": -10.488255386897082, "params": {"C": 3876.9431557538223, "gamma": 0.033946120868065116}, "datetime": {"datetime": "2021-06-22 07:38:47", "elapsed": 11.526995, "delta": 0.58496}}
{"target": -10.800311672174553, "params": {"C": 3562.617268761328, "gamma": 0.017418278121909554}, "datetime": {"datetime": "2021-06-22 07:38:47", "elapsed": 12.080074, "delta": 0.553079}}
{"target": -10.53686195021018, "params": {"C": 3218.1602952848157, "gamma": 0.045659946128583206}, "datetime": {"datetime": "2021-06-22 07:38:48", "elapsed": 12.665398, "delta": 0.585324}}
{"target": -10.578116046692516, "params": {"C": 3258.8559133773397, "gamma": 0.031282396332149236}, "datetime": {"datetime": "2021-06-22 07:38:48", "elapsed": 13.166462, "delta": 0.501064}}
{"target": -10.838400573967421, "params": {"C": 3674.144186005517, "gamma": 0.016001368770266047}, "datetime": {"datetime": "2021-06-22 07:38:49", "elapsed": 13.708332, "delta": 0.54187}}
{"target": -10.680290517710366, "params": {"C": 2674.3906229362697, "gamma": 0.029983053188222086}, "datetime": {"datetime": "2021-06-22 07:38:49", "elapsed": 14.276962, "delta": 0.56863}}
{"target": -10.639777961989513, "params": {"C": 2725.5677616886524, "gamma": 0.03600383151032522}, "datetime": {"datetime": "2021-06-22 07:38:50", "elapsed": 14.795407, "delta": 0.518445}}
{"target": -10.6921117644258, "params": {"C": 3477.4115269581494, "gamma": 0.022086896153668288}, "datetime": {"datetime": "2021-06-22 07:38:50", "elapsed": 15.325936, "delta": 0.530529}}
{"target": -10.683932283911812, "params": {"C": 3069.0223244837007, "gamma": 0.025358029002878597}, "datetime": {"datetime": "2021-06-22 07:38:51", "elapsed": 15.81192, "delta": 0.485984}}
{"target": -11.56638373854522, "params": {"C": 2478.3624838486844, "gamma": 0.009}, "datetime": {"datetime": "2021-06-22 07:38:51", "elapsed": 16.22782, "delta": 0.4159}}
{"target": -10.59813091481762, "params": {"C": 3435.0526620201963, "gamma": 0.027552765308565347}, "datetime": {"datetime": "2021-06-22 07:38:52", "elapsed": 16.749013, "delta": 0.521193}}
{"target": -10.594844238599725, "params": {"C": 2919.6803468194444, "gamma": 0.05}, "datetime": {"datetime": "2021-06-22 07:38:52", "elapsed": 17.221548, "delta": 0.472535}}
{"target": -10.797889963374544, "params": {"C": 2104.1699196935833, "gamma": 0.03905298513995725}, "datetime": {"datetime": "2021-06-22 07:38:53", "elapsed": 17.810845, "delta": 0.589297}}
{"target": -10.500257781437899, "params": {"C": 3518.185087897786, "gamma": 0.05}, "datetime": {"datetime": "2021-06-22 07:38:53", "elapsed": 18.313039, "delta": 0.502194}}
{"target": -10.496427027034326, "params": {"C": 3783.1422174671216, "gamma": 0.034259764305837444}, "datetime": {"datetime": "2021-06-22 07:38:54", "elapsed": 18.786633, "delta": 0.473594}}
{"target": -10.848337679782171, "params": {"C": 3293.9045136684435, "gamma": 0.01705243736458595}, "datetime": {"datetime": "2021-06-22 07:38:54", "elapsed": 19.297507, "delta": 0.510874}}
{"target": -10.70355614777085, "params": {"C": 3031.627241742336, "gamma": 0.02452697970929582}, "datetime": {"datetime": "2021-06-22 07:38:55", "elapsed": 19.798164, "delta": 0.500657}}
{"target": -10.993922653835227, "params": {"C": 3105.3388178975665, "gamma": 0.014391052039804064}, "datetime": {"datetime": "2021-06-22 07:38:55", "elapsed": 20.299287, "delta": 0.501123}}
{"target": -10.640304012800819, "params": {"C": 2758.2575316788534, "gamma": 0.034449422536028194}, "datetime": {"datetime": "2021-06-22 07:38:56", "elapsed": 20.816474, "delta": 0.517187}}
{"target": -10.498791434104255, "params": {"C": 3848.1466285641372, "gamma": 0.032803560937594456}, "datetime": {"datetime": "2021-06-22 07:38:57", "elapsed": 21.345216, "delta": 0.528742}}
{"target": -10.78124868655631, "params": {"C": 2244.029735733069, "gamma": 0.05}, "datetime": {"datetime": "2021-06-22 07:38:57", "elapsed": 21.846941, "delta": 0.501725}}
{"target": -10.448314157719157, "params": {"C": 3999.9688351010564, "gamma": 0.039827943308707224}, "datetime": {"datetime": "2021-06-22 07:38:58", "elapsed": 22.356991, "delta": 0.51005}}
{"target": -10.629530609056701, "params": {"C": 2813.7526589042004, "gamma": 0.034616428336852176}, "datetime": {"datetime": "2021-06-22 07:38:58", "elapsed": 22.910489, "delta": 0.553498}}
{"target": -10.586314391194513, "params": {"C": 2947.677503322582, "gamma": 0.04682900864507276}, "datetime": {"datetime": "2021-06-22 07:38:59", "elapsed": 23.39115, "delta": 0.480661}}
{"target": -10.855757790654925, "params": {"C": 2133.525131138444, "gamma": 0.02541854666876666}, "datetime": {"datetime": "2021-06-22 07:38:59", "elapsed": 23.912142, "delta": 0.520992}}
{"target": -10.670527576587933, "params": {"C": 2700.0652533785446, "gamma": 0.03081759251860388}, "datetime": {"datetime": "2021-06-22 07:39:00", "elapsed": 24.563594, "delta": 0.651452}}
{"target": -10.600968941029675, "params": {"C": 2894.272138384672, "gamma": 0.05}, "datetime": {"datetime": "2021-06-22 07:39:00", "elapsed": 25.146962, "delta": 0.583368}}
{"target": -10.518723208600637, "params": {"C": 3411.35550323032, "gamma": 0.03983035205491075}, "datetime": {"datetime": "2021-06-22 07:39:01", "elapsed": 25.652043, "delta": 0.505081}}
{"target": -10.648286878863319, "params": {"C": 2649.9091883172614, "gamma": 0.03811507862268775}, "datetime": {"datetime": "2021-06-22 07:39:01", "elapsed": 26.263097, "delta": 0.611054}}
{"target": -10.497682247714229, "params": {"C": 3539.1903640179453, "gamma": 0.05}, "datetime": {"datetime": "2021-06-22 07:39:02", "elapsed": 26.777916, "delta": 0.514819}}
{"target": -11.671223074891094, "params": {"C": 2080.1478895139826, "gamma": 0.009}, "datetime": {"datetime": "2021-06-22 07:39:02", "elapsed": 27.265389, "delta": 0.487473}}
{"target": -10.53585779715894, "params": {"C": 3238.418374200485, "gamma": 0.05}, "datetime": {"datetime": "2021-06-22 07:39:03", "elapsed": 27.867842, "delta": 0.602453}}
{"target": -10.963737609267913, "params": {"C": 2603.6379119500593, "gamma": 0.017050367961627975}, "datetime": {"datetime": "2021-06-22 07:39:04", "elapsed": 28.521294, "delta": 0.653452}}
{"target": -10.504586759184203, "params": {"C": 3896.569138927508, "gamma": 0.03123203785889911}, "datetime": {"datetime": "2021-06-22 07:39:04", "elapsed": 29.137333, "delta": 0.616039}}
{"target": -11.192304383182838, "params": {"C": 3619.890320054458, "gamma": 0.010576213965914637}, "datetime": {"datetime": "2021-06-22 07:39:05", "elapsed": 29.760157, "delta": 0.622824}}
{"target": -10.561828451800439, "params": {"C": 3197.9626798359577, "gamma": 0.035679445771599434}, "datetime": {"datetime": "2021-06-22 07:39:05", "elapsed": 30.277487, "delta": 0.51733}}
{"target": -10.507903202851054, "params": {"C": 3456.2598541366906, "gamma": 0.05}, "datetime": {"datetime": "2021-06-22 07:39:06", "elapsed": 30.835623, "delta": 0.558136}}
{"target": -11.358890269770693, "params": {"C": 3583.7960405691647, "gamma": 0.009}, "datetime": {"datetime": "2021-06-22 07:39:07", "elapsed": 31.462229, "delta": 0.626606}}
{"target": -10.586563234264029, "params": {"C": 3009.5289853963313, "gamma": 0.036837080061390186}, "datetime": {"datetime": "2021-06-22 07:39:07", "elapsed": 32.264911, "delta": 0.802682}}
{"target": -10.694574270927841, "params": {"C": 2449.457933830154, "gamma": 0.04090501128213169}, "datetime": {"datetime": "2021-06-22 07:39:08", "elapsed": 32.84871, "delta": 0.583799}}
{"target": -10.635613967040632, "params": {"C": 3498.47147820722, "gamma": 0.024882491730147047}, "datetime": {"datetime": "2021-06-22 07:39:09", "elapsed": 33.395728, "delta": 0.547018}}
{"target": -10.529857923296563, "params": {"C": 3654.9715699415347, "gamma": 0.031208169384818997}, "datetime": {"datetime": "2021-06-22 07:39:09", "elapsed": 33.999539, "delta": 0.603811}}
{"target": -10.68854031673481, "params": {"C": 2542.102448358637, "gamma": 0.048627617664548706}, "datetime": {"datetime": "2021-06-22 07:39:10", "elapsed": 34.685349, "delta": 0.68581}}
{"target": -10.47104334760869, "params": {"C": 3696.5066234390024, "gamma": 0.046082295170152554}, "datetime": {"datetime": "2021-06-22 07:39:11", "elapsed": 35.333934, "delta": 0.648585}}
{"target": -11.606363104142115, "params": {"C": 2319.4965367125296, "gamma": 0.009}, "datetime": {"datetime": "2021-06-22 07:39:11", "elapsed": 35.955096, "delta": 0.621162}}
{"target": -10.527911344318223, "params": {"C": 3314.725850340187, "gamma": 0.041535749524317524}, "datetime": {"datetime": "2021-06-22 07:39:12", "elapsed": 36.638697, "delta": 0.683601}}
{"target": -10.633935766501711, "params": {"C": 2775.8967572487845, "gamma": 0.035161913370218685}, "datetime": {"datetime": "2021-06-22 07:39:12", "elapsed": 37.239034, "delta": 0.600337}}
{"target": -10.471308487341929, "params": {"C": 3735.9978759797286, "gamma": 0.04901438967590242}, "datetime": {"datetime": "2021-06-22 07:39:13", "elapsed": 37.877773, "delta": 0.638739}}
{"target": -10.570160452267311, "params": {"C": 3051.0565632285516, "gamma": 0.04115438851465994}, "datetime": {"datetime": "2021-06-22 07:39:14", "elapsed": 38.414737, "delta": 0.536964}}
{"target": -10.768554014548098, "params": {"C": 3126.718326595765, "gamma": 0.02063212206752711}, "datetime": {"datetime": "2021-06-22 07:39:14", "elapsed": 39.062649, "delta": 0.647912}}
{"target": -10.478801818643612, "params": {"C": 3799.427140209006, "gamma": 0.03788113805868711}, "datetime": {"datetime": "2021-06-22 07:39:15", "elapsed": 39.613156, "delta": 0.550507}}
{"target": -10.542992029819324, "params": {"C": 3355.7101900203015, "gamma": 0.034778267624615604}, "datetime": {"datetime": "2021-06-22 07:39:15", "elapsed": 40.257342, "delta": 0.644186}}
{"target": -10.701889508613627, "params": {"C": 2852.985512085108, "gamma": 0.026201728825265592}, "datetime": {"datetime": "2021-06-22 07:39:16", "elapsed": 40.764681, "delta": 0.507339}}
{"target": -10.712264981245346, "params": {"C": 2504.0376430342512, "gamma": 0.029879984094837178}, "datetime": {"datetime": "2021-06-22 07:39:17", "elapsed": 41.397058, "delta": 0.632377}}
{"target": -11.588120448807523, "params": {"C": 2390.8786803817825, "gamma": 0.009}, "datetime": {"datetime": "2021-06-22 07:39:17", "elapsed": 42.175731, "delta": 0.778673}}
{"target": -10.804114124924155, "params": {"C": 2355.756283655681, "gamma": 0.025258922555622086}, "datetime": {"datetime": "2021-06-22 07:39:18", "elapsed": 42.830374, "delta": 0.654643}}
{"target": -10.866873328354483, "params": {"C": 2226.647476033033, "gamma": 0.02334080161647852}, "datetime": {"datetime": "2021-06-22 07:39:19", "elapsed": 43.515759, "delta": 0.685385}}
{"target": -11.10924737737244, "params": {"C": 2741.4643493691588, "gamma": 0.013664594162706944}, "datetime": {"datetime": "2021-06-22 07:39:19", "elapsed": 44.117914, "delta": 0.602155}}
{"target": -10.455040979671725, "params": {"C": 3931.277970482865, "gamma": 0.05}, "datetime": {"datetime": "2021-06-22 07:39:20", "elapsed": 44.735595, "delta": 0.617681}}
{"target": -10.889699627388456, "params": {"C": 3862.1344492944754, "gamma": 0.014308481958252427}, "datetime": {"datetime": "2021-06-22 07:39:21", "elapsed": 45.5034, "delta": 0.767805}}
{"target": -10.466477476183277, "params": {"C": 3833.7715238096926, "gamma": 0.040129405564176296}, "datetime": {"datetime": "2021-06-22 07:39:21", "elapsed": 46.260631, "delta": 0.757231}}
{"target": -10.588878495800868, "params": {"C": 3275.245082891879, "gamma": 0.029700627543267515}, "datetime": {"datetime": "2021-06-22 07:39:22", "elapsed": 47.042675, "delta": 0.782044}}
{"target": -10.505755993291396, "params": {"C": 3767.8455392024844, "gamma": 0.033034190431224325}, "datetime": {"datetime": "2021-06-22 07:39:23", "elapsed": 47.905531, "delta": 0.862856}}
{"target": -10.77578366583638, "params": {"C": 2261.3563891865247, "gamma": 0.05}, "datetime": {"datetime": "2021-06-22 07:39:24", "elapsed": 48.807039, "delta": 0.901508}}
{"target": -10.594821228771742, "params": {"C": 2933.9907131763853, "gamma": 0.03805315038983192}, "datetime": {"datetime": "2021-06-22 07:39:25", "elapsed": 49.758116, "delta": 0.951077}}
{"target": -11.132696958624102, "params": {"C": 3963.8678565267683, "gamma": 0.010645757273469515}, "datetime": {"datetime": "2021-06-22 07:39:26", "elapsed": 50.488735, "delta": 0.730619}}
{"target": -11.442501080038426, "params": {"C": 3086.1804754989726, "gamma": 0.009}, "datetime": {"datetime": "2021-06-22 07:39:27", "elapsed": 51.38189, "delta": 0.893155}}
{"target": -10.799894544155498, "params": {"C": 2118.544808735566, "gamma": 0.04413555660469711}, "datetime": {"datetime": "2021-06-22 07:39:28", "elapsed": 52.330786, "delta": 0.948896}}
{"target": -11.29987710470556, "params": {"C": 3988.9327156639165, "gamma": 0.009}, "datetime": {"datetime": "2021-06-22 07:39:28", "elapsed": 53.192319, "delta": 0.861533}}
{"target": -10.757152264558789, "params": {"C": 2963.6361895244136, "gamma": 0.022246884267117996}, "datetime": {"datetime": "2021-06-22 07:39:29", "elapsed": 53.977656, "delta": 0.785337}}
{"target": -10.59902481757308, "params": {"C": 2880.518408357409, "gamma": 0.04126924853798303}, "datetime": {"datetime": "2021-06-22 07:39:30", "elapsed": 54.713034, "delta": 0.735378}}
{"target": -10.828915714580797, "params": {"C": 2016.8564706404693, "gamma": 0.03573911900177213}, "datetime": {"datetime": "2021-06-22 07:39:31", "elapsed": 55.547198, "delta": 0.834164}}
{"target": -10.636901838203586, "params": {"C": 3164.6558221009664, "gamma": 0.027376354428364065}, "datetime": {"datetime": "2021-06-22 07:39:31", "elapsed": 56.229756, "delta": 0.682558}}
{"target": -10.635098797419792, "params": {"C": 2712.921545398768, "gamma": 0.038074378407387664}, "datetime": {"datetime": "2021-06-22 07:39:32", "elapsed": 57.112976, "delta": 0.88322}}
{"target": -11.10622171620162, "params": {"C": 3399.5457279958478, "gamma": 0.011930314604482354}, "datetime": {"datetime": "2021-06-22 07:39:33", "elapsed": 58.066125, "delta": 0.953149}}
{"target": -10.849237014425988, "params": {"C": 3422.6334921092102, "gamma": 0.016553988040997263}, "datetime": {"datetime": "2021-06-22 07:39:34", "elapsed": 58.901074, "delta": 0.834949}}
{"target": -10.785020337205099, "params": {"C": 2149.758552598575, "gamma": 0.036236138584102455}, "datetime": {"datetime": "2021-06-22 07:39:35", "elapsed": 59.702157, "delta": 0.801083}}
{"target": -10.775782842446374, "params": {"C": 3550.4360986379215, "gamma": 0.018270474734856545}, "datetime": {"datetime": "2021-06-22 07:39:36", "elapsed": 60.516631, "delta": 0.814474}}
{"target": -11.170982294740114, "params": {"C": 2907.061354353836, "gamma": 0.01226776265412525}, "datetime": {"datetime": "2021-06-22 07:39:37", "elapsed": 61.351677, "delta": 0.835046}}
{"target": -10.611021674506372, "params": {"C": 2823.384170413182, "gamma": 0.045441489385975}, "datetime": {"datetime": "2021-06-22 07:39:37", "elapsed": 62.267237, "delta": 0.91556}}
{"target": -11.031742190022005, "params": {"C": 2686.690612253654, "gamma": 0.015242746058221754}, "datetime": {"datetime": "2021-06-22 07:39:38", "elapsed": 63.170049, "delta": 0.902812}}
