{"target": 0.8296365510979367, "params": {"C": 2997.3703805068585, "gamma": 0.016425042843548215}, "datetime": {"datetime": "2021-10-04 09:27:15", "elapsed": 115.435946, "delta": 1.095091}}
{"target": 0.7965537934320929, "params": {"C": 1445.068018641275, "gamma": 0.07984447043761855}, "datetime": {"datetime": "2021-10-04 09:27:17", "elapsed": 116.660081, "delta": 1.224135}}
{"target": 0.8127276668904675, "params": {"C": 2197.161406532814, "gamma": 0.01575838531649671}, "datetime": {"datetime": "2021-10-04 09:27:18", "elapsed": 117.874084, "delta": 1.214003}}
{"target": 0.7394418323597043, "params": {"C": 1666.373740300066, "gamma": 0.005659454344880368}, "datetime": {"datetime": "2021-10-04 09:27:19", "elapsed": 119.014281, "delta": 1.140197}}
{"target": 0.8296568640583311, "params": {"C": 1818.3878846682555, "gamma": 0.051004498656684716}, "datetime": {"datetime": "2021-10-04 09:27:20", "elapsed": 120.171914, "delta": 1.157633}}
{"target": 0.8737658035347298, "params": {"C": 4080.2406100958283, "gamma": 0.042771752563520365}, "datetime": {"datetime": "2021-10-04 09:27:21", "elapsed": 121.257264, "delta": 1.08535}}
{"target": 0.8104696947270976, "params": {"C": 4087.9421471776154, "gamma": 0.008259454541709111}, "datetime": {"datetime": "2021-10-04 09:27:23", "elapsed": 122.586154, "delta": 1.32889}}
{"target": 0.8464306535598505, "params": {"C": 4073.374391062491, "gamma": 0.018068525003071993}, "datetime": {"datetime": "2021-10-04 09:27:24", "elapsed": 123.949329, "delta": 1.363175}}
{"target": 0.8158663154035655, "params": {"C": 1516.0590938947366, "gamma": 0.0366997550348155}, "datetime": {"datetime": "2021-10-04 09:27:25", "elapsed": 124.968856, "delta": 1.019527}}
{"target": 0.860136275275772, "params": {"C": 4415.595644863788, "gamma": 0.02387274328545153}, "datetime": {"datetime": "2021-10-04 09:27:26", "elapsed": 126.239014, "delta": 1.270158}}
{"target": 0.8309954388425183, "params": {"C": 4406.174967273018, "gamma": 0.011908962765820975}, "datetime": {"datetime": "2021-10-04 09:27:27", "elapsed": 127.248671, "delta": 1.009657}}
{"target": 0.8315128432316594, "params": {"C": 4424.613480753353, "gamma": 0.012001307161887381}, "datetime": {"datetime": "2021-10-04 09:27:28", "elapsed": 128.40556, "delta": 1.156889}}
{"target": 0.8092420665776205, "params": {"C": 3064.482906454547, "gamma": 0.010331772592813038}, "datetime": {"datetime": "2021-10-04 09:27:30", "elapsed": 129.61917, "delta": 1.21361}}
{"target": 0.8039638477696083, "params": {"C": 2036.1902124999415, "gamma": 0.014136006641016677}, "datetime": {"datetime": "2021-10-04 09:27:31", "elapsed": 130.791519, "delta": 1.172349}}
{"target": 0.8443245476081567, "params": {"C": 2486.479923227921, "gamma": 0.0761197650075732}, "datetime": {"datetime": "2021-10-04 09:27:32", "elapsed": 131.96699, "delta": 1.175471}}
{"target": 0.7959138447234883, "params": {"C": 1280.5585093112707, "gamma": 0.062461803697943685}, "datetime": {"datetime": "2021-10-04 09:27:33", "elapsed": 133.268401, "delta": 1.301411}}
{"target": 0.8652125302979009, "params": {"C": 3379.267223648553, "gamma": 0.07095749268833337}, "datetime": {"datetime": "2021-10-04 09:27:34", "elapsed": 134.304791, "delta": 1.03639}}
{"target": 0.8393118228584935, "params": {"C": 3370.804259969403, "gamma": 0.018272353510895605}, "datetime": {"datetime": "2021-10-04 09:27:36", "elapsed": 135.560933, "delta": 1.256142}}
{"target": 0.8965211708387606, "params": {"C": 7085.110023512871, "gamma": 0.05790563498193049}, "datetime": {"datetime": "2021-10-04 09:27:48", "elapsed": 0.0, "delta": 0.0}}
{"target": 0.8657589708372172, "params": {"C": 5000.571874086724, "gamma": 0.024884273237915342}, "datetime": {"datetime": "2021-10-04 09:27:48", "elapsed": 0.200561, "delta": 0.200561}}
{"target": 0.8234182437546727, "params": {"C": 5733.779454085565, "gamma": 0.008294748986735026}, "datetime": {"datetime": "2021-10-04 09:27:49", "elapsed": 0.416761, "delta": 0.2162}}
{"target": 0.8752293659616586, "params": {"C": 5931.301056888355, "gamma": 0.028299297436400774}, "datetime": {"datetime": "2021-10-04 09:27:49", "elapsed": 0.617336, "delta": 0.200575}}
{"target": 0.8921813090758999, "params": {"C": 6983.8373711533495, "gamma": 0.0435665219862652}, "datetime": {"datetime": "2021-10-04 09:27:49", "elapsed": 0.817705, "delta": 0.200369}}
{"target": 0.8973998154275855, "params": {"C": 7281.666861680076, "gamma": 0.05963345336955755}, "datetime": {"datetime": "2021-10-04 09:27:49", "elapsed": 1.115173, "delta": 0.297468}}
{"target": 0.8497779289931995, "params": {"C": 7086.482843040083, "gamma": 0.012716743280097913}, "datetime": {"datetime": "2021-10-04 09:27:49", "elapsed": 1.37176, "delta": 0.256587}}
{"target": 0.8889155707288597, "params": {"C": 5746.533565868648, "gamma": 0.05067612935621825}, "datetime": {"datetime": "2021-10-04 09:27:50", "elapsed": 1.619201, "delta": 0.247441}}
{"target": 0.8879913302835416, "params": {"C": 5430.360490155516, "gamma": 0.060936615667442635}, "datetime": {"datetime": "2021-10-04 09:27:50", "elapsed": 1.888887, "delta": 0.269686}}
{"target": 0.8526119155437615, "params": {"C": 6978.1370607988065, "gamma": 0.013755195576515014}, "datetime": {"datetime": "2021-10-04 09:27:50", "elapsed": 2.158583, "delta": 0.269696}}
{"target": 0.8944916433265608, "params": {"C": 9438.485155282544, "gamma": 0.0363288197194247}, "datetime": {"datetime": "2021-10-04 09:27:51", "elapsed": 2.437324, "delta": 0.278741}}
{"target": 0.880679626344407, "params": {"C": 7161.470844954516, "gamma": 0.02880955005792051}, "datetime": {"datetime": "2021-10-04 09:27:51", "elapsed": 2.722623, "delta": 0.285299}}
{"target": 0.8869455062459762, "params": {"C": 8049.497558281634, "gamma": 0.032037180021281066}, "datetime": {"datetime": "2021-10-04 09:27:51", "elapsed": 3.009167, "delta": 0.286544}}
{"target": 0.8989424440607366, "params": {"C": 7766.006556452803, "gamma": 0.05646180775680237}, "datetime": {"datetime": "2021-10-04 09:27:51", "elapsed": 3.292938, "delta": 0.283771}}
{"target": 0.8793394142599646, "params": {"C": 5742.224223915801, "gamma": 0.03312801091309415}, "datetime": {"datetime": "2021-10-04 09:27:52", "elapsed": 3.562552, "delta": 0.269614}}
{"target": 0.8838480666960215, "params": {"C": 5334.03703170643, "gamma": 0.043208662667959696}, "datetime": {"datetime": "2021-10-04 09:27:52", "elapsed": 3.840908, "delta": 0.278356}}
{"target": 0.870734896411596, "params": {"C": 6695.994425779167, "gamma": 0.0227166208735014}, "datetime": {"datetime": "2021-10-04 09:27:52", "elapsed": 4.110597, "delta": 0.269689}}
{"target": 0.8913766152171333, "params": {"C": 7766.011399662778, "gamma": 0.037920601804117694}, "datetime": {"datetime": "2021-10-04 09:27:52", "elapsed": 4.380267, "delta": 0.26967}}
{"target": 0.8924379462389168, "params": {"C": 9548.863093103193, "gamma": 0.03386934187738644}, "datetime": {"datetime": "2021-10-04 09:27:53", "elapsed": 4.649552, "delta": 0.269285}}
{"target": 0.7509560650686983, "params": {"C": 7085.05488011993, "gamma": 0.002280627082991039}, "datetime": {"datetime": "2021-10-04 09:27:53", "elapsed": 4.927928, "delta": 0.278376}}
{"target": 0.850487838661686, "params": {"C": 9548.952069988323, "gamma": 0.010676767238666736}, "datetime": {"datetime": "2021-10-04 09:27:53", "elapsed": 5.213071, "delta": 0.285143}}
{"target": 0.8681714175958458, "params": {"C": 7281.651320593264, "gamma": 0.020018038600526842}, "datetime": {"datetime": "2021-10-04 09:27:54", "elapsed": 5.498426, "delta": 0.285355}}
{"target": 0.9018066911926901, "params": {"C": 9548.831573498364, "gamma": 0.07810552915623269}, "datetime": {"datetime": "2021-10-04 09:27:54", "elapsed": 5.799399, "delta": 0.300973}}
{"target": 0.8916068860253109, "params": {"C": 6097.418046605721, "gamma": 0.06679327293667549}, "datetime": {"datetime": "2021-10-04 09:27:54", "elapsed": 6.069067, "delta": 0.269668}}
{"target": 0.898436181726394, "params": {"C": 7551.724651353734, "gamma": 0.06250547208537575}, "datetime": {"datetime": "2021-10-04 09:27:54", "elapsed": 6.354337, "delta": 0.28527}}
{"target": 0.9031308856134961, "params": {"C": 9548.873640475991, "gamma": 0.07268141239121999}, "datetime": {"datetime": "2021-10-04 09:27:55", "elapsed": 6.655231, "delta": 0.300894}}
{"target": 0.897709272401682, "params": {"C": 7551.797911038152, "gamma": 0.07003861260521672}, "datetime": {"datetime": "2021-10-04 09:27:55", "elapsed": 6.949651, "delta": 0.29442}}
{"target": 0.7494851305040168, "params": {"C": 7551.712752444908, "gamma": 0.002160040524163215}, "datetime": {"datetime": "2021-10-04 09:27:55", "elapsed": 7.25694, "delta": 0.307289}}
{"target": 0.8910183665862642, "params": {"C": 7307.212491285338, "gamma": 0.03955041170584072}, "datetime": {"datetime": "2021-10-04 09:27:56", "elapsed": 7.573576, "delta": 0.316636}}
{"target": 0.8854686988417524, "params": {"C": 5430.4078682037225, "gamma": 0.045618366579903126}, "datetime": {"datetime": "2021-10-04 09:27:56", "elapsed": 7.905269, "delta": 0.331693}}
{"target": 0.8615140874609694, "params": {"C": 6571.69115336698, "gamma": 0.01794163149726428}, "datetime": {"datetime": "2021-10-04 09:27:56", "elapsed": 8.206279, "delta": 0.30101}}
{"target": 0.6963868732096399, "params": {"C": 9438.566330136422, "gamma": 0.0012214909200095486}, "datetime": {"datetime": "2021-10-04 09:27:57", "elapsed": 8.522851, "delta": 0.316572}}
{"target": 0.8467103404390743, "params": {"C": 6097.373123322503, "gamma": 0.01314705858258438}, "datetime": {"datetime": "2021-10-04 09:27:57", "elapsed": 8.855031, "delta": 0.33218}}
{"target": 0.8879989878861079, "params": {"C": 5430.3358593239045, "gamma": 0.059336393282179066}, "datetime": {"datetime": "2021-10-04 09:27:57", "elapsed": 9.155494, "delta": 0.300463}}
{"target": 0.879278469660361, "params": {"C": 8693.313844507695, "gamma": 0.024552967836438108}, "datetime": {"datetime": "2021-10-04 09:27:58", "elapsed": 9.462472, "delta": 0.306978}}
{"target": 0.8991710477884413, "params": {"C": 8329.350697263797, "gamma": 0.07571724235071538}, "datetime": {"datetime": "2021-10-04 09:27:58", "elapsed": 9.794325, "delta": 0.331853}}
{"target": 0.8911139782752048, "params": {"C": 6112.015792900806, "gamma": 0.07062656394152055}, "datetime": {"datetime": "2021-10-04 09:27:58", "elapsed": 10.110893, "delta": 0.316568}}
{"target": 0.8884692159012658, "params": {"C": 7281.746408521096, "gamma": 0.03624784857578154}, "datetime": {"datetime": "2021-10-04 09:27:59", "elapsed": 10.465274, "delta": 0.354381}}
{"target": 0.8960982948211765, "params": {"C": 9476.134956484559, "gamma": 0.03816066598948609}, "datetime": {"datetime": "2021-10-04 09:27:59", "elapsed": 10.797503, "delta": 0.332229}}
{"target": 0.896294068085598, "params": {"C": 7160.85307293732, "gamma": 0.06937303561314713}, "datetime": {"datetime": "2021-10-04 09:27:59", "elapsed": 11.11386, "delta": 0.316357}}
{"target": 0.8366583917859955, "params": {"C": 5139.510152722185, "gamma": 0.011918201098877961}, "datetime": {"datetime": "2021-10-04 09:28:00", "elapsed": 11.446102, "delta": 0.332242}}
{"target": 0.7709586353432157, "params": {"C": 5746.507934468511, "gamma": 0.003281056927364214}, "datetime": {"datetime": "2021-10-04 09:28:00", "elapsed": 11.816125, "delta": 0.370023}}
{"target": 0.9036731112338677, "params": {"C": 9411.639151660975, "gamma": 0.06738134793820451}, "datetime": {"datetime": "2021-10-04 09:28:00", "elapsed": 12.148269, "delta": 0.332144}}
{"target": 0.8892381253869708, "params": {"C": 9476.095764008354, "gamma": 0.030999085781948293}, "datetime": {"datetime": "2021-10-04 09:28:01", "elapsed": 12.502632, "delta": 0.354363}}
{"target": 0.8834595191776837, "params": {"C": 5313.163765980299, "gamma": 0.042665106474513305}, "datetime": {"datetime": "2021-10-04 09:28:01", "elapsed": 12.83485, "delta": 0.332218}}
{"target": 0.8939797243684418, "params": {"C": 6716.390214227175, "gamma": 0.05150345915921247}, "datetime": {"datetime": "2021-10-04 09:28:01", "elapsed": 13.173278, "delta": 0.338428}}
{"target": 0.8719813912690548, "params": {"C": 8636.087996895547, "gamma": 0.02007600546334141}, "datetime": {"datetime": "2021-10-04 09:28:02", "elapsed": 13.505469, "delta": 0.332191}}
{"target": 0.9017687510293493, "params": {"C": 8757.440917360218, "gamma": 0.06884242682638175}, "datetime": {"datetime": "2021-10-04 09:28:02", "elapsed": 13.837242, "delta": 0.331773}}
{"target": 0.8898091804913008, "params": {"C": 5793.286327093399, "gamma": 0.05390840480483226}, "datetime": {"datetime": "2021-10-04 09:28:02", "elapsed": 14.175967, "delta": 0.338725}}
{"target": 0.8907522899863124, "params": {"C": 6462.864255829334, "gamma": 0.07982685687064697}, "datetime": {"datetime": "2021-10-04 09:28:03", "elapsed": 14.539482, "delta": 0.363515}}
{"target": 0.8152542468586927, "params": {"C": 9411.625981163528, "gamma": 0.004986159274055543}, "datetime": {"datetime": "2021-10-04 09:28:03", "elapsed": 14.924881, "delta": 0.385399}}
{"target": 0.9038395694835921, "params": {"C": 9411.699860787186, "gamma": 0.06579816232426623}, "datetime": {"datetime": "2021-10-04 09:28:03", "elapsed": 15.29488, "delta": 0.369999}}
{"target": 0.8857375236154801, "params": {"C": 8329.317541414217, "gamma": 0.03023901763544275}, "datetime": {"datetime": "2021-10-04 09:28:04", "elapsed": 15.796225, "delta": 0.501345}}
{"target": 0.8989371620415464, "params": {"C": 8370.316825764945, "gamma": 0.07713457907821492}, "datetime": {"datetime": "2021-10-04 09:28:04", "elapsed": 16.197602, "delta": 0.401377}}
{"target": 0.8535708005789133, "params": {"C": 5969.935382466397, "gamma": 0.015717448618843628}, "datetime": {"datetime": "2021-10-04 09:28:05", "elapsed": 16.562166, "delta": 0.364564}}
{"target": 0.8803010720665088, "params": {"C": 7811.146544611987, "gamma": 0.026907350258083666}, "datetime": {"datetime": "2021-10-04 09:28:05", "elapsed": 16.915213, "delta": 0.353047}}
{"target": 0.8655302964653071, "params": {"C": 8882.605023142654, "gamma": 0.016503476649981447}, "datetime": {"datetime": "2021-10-04 09:28:05", "elapsed": 17.285113, "delta": 0.3699}}
{"target": 0.9047046676125958, "params": {"C": 9749.510622515078, "gamma": 0.05791923855858894}, "datetime": {"datetime": "2021-10-04 09:28:06", "elapsed": 17.648631, "delta": 0.363518}}
{"target": 0.8858969996481215, "params": {"C": 5430.368202883394, "gamma": 0.07526308160433885}, "datetime": {"datetime": "2021-10-04 09:28:06", "elapsed": 18.002991, "delta": 0.35436}}
{"target": 0.8995098756996456, "params": {"C": 9411.761243268693, "gamma": 0.04346058192815687}, "datetime": {"datetime": "2021-10-04 09:28:06", "elapsed": 18.38854, "delta": 0.385549}}
{"target": 0.8916886869342908, "params": {"C": 6444.164963790853, "gamma": 0.07605674309313272}, "datetime": {"datetime": "2021-10-04 09:28:07", "elapsed": 18.767589, "delta": 0.379049}}
{"target": 0.9008250361421998, "params": {"C": 8329.246319813254, "gamma": 0.05691954039297399}, "datetime": {"datetime": "2021-10-04 09:28:07", "elapsed": 19.152853, "delta": 0.385264}}
{"target": 0.9018954934209431, "params": {"C": 8835.765602617386, "gamma": 0.05417950953567398}, "datetime": {"datetime": "2021-10-04 09:28:08", "elapsed": 19.538502, "delta": 0.385649}}
{"target": 0.8923724080902095, "params": {"C": 6285.912119669568, "gamma": 0.05346722323081213}, "datetime": {"datetime": "2021-10-04 09:28:08", "elapsed": 19.908198, "delta": 0.369696}}
{"target": 0.8970037621744732, "params": {"C": 8835.700687095374, "gamma": 0.041647432315444335}, "datetime": {"datetime": "2021-10-04 09:28:08", "elapsed": 20.309407, "delta": 0.401209}}
{"target": 0.8942625253611485, "params": {"C": 8292.607723538255, "gamma": 0.03973103348220993}, "datetime": {"datetime": "2021-10-04 09:28:09", "elapsed": 20.857058, "delta": 0.547651}}
{"target": 0.8674421273053717, "params": {"C": 8479.794028321046, "gamma": 0.017873809651565237}, "datetime": {"datetime": "2021-10-04 09:28:09", "elapsed": 21.284896, "delta": 0.427838}}
{"target": 0.8938804592890727, "params": {"C": 6983.916569442617, "gamma": 0.04745434538710968}, "datetime": {"datetime": "2021-10-04 09:28:10", "elapsed": 21.743371, "delta": 0.458475}}
{"target": 0.8460133308885815, "params": {"C": 6373.65282740884, "gamma": 0.012534249649001478}, "datetime": {"datetime": "2021-10-04 09:28:10", "elapsed": 22.128871, "delta": 0.3855}}
{"target": 0.7980692779803671, "params": {"C": 9438.453707252145, "gamma": 0.0035669527955052073}, "datetime": {"datetime": "2021-10-04 09:28:11", "elapsed": 22.606438, "delta": 0.477567}}
{"target": 0.8855249996543596, "params": {"C": 6066.244973991985, "gamma": 0.038993742309717506}, "datetime": {"datetime": "2021-10-04 09:28:11", "elapsed": 23.038626, "delta": 0.432188}}
{"target": 0.8856141529426637, "params": {"C": 7765.955415205077, "gamma": 0.0315395654786793}, "datetime": {"datetime": "2021-10-04 09:28:12", "elapsed": 23.496464, "delta": 0.457838}}
{"target": 0.8966171186429663, "params": {"C": 7085.167680278696, "gamma": 0.06259179001387319}, "datetime": {"datetime": "2021-10-04 09:28:12", "elapsed": 23.955394, "delta": 0.45893}}
{"target": 0.8962035297960861, "params": {"C": 7551.81333656587, "gamma": 0.07710232353481773}, "datetime": {"datetime": "2021-10-04 09:28:13", "elapsed": 24.455078, "delta": 0.499684}}
{"target": 0.8980904141290985, "params": {"C": 8329.27246550465, "gamma": 0.07973603664141408}, "datetime": {"datetime": "2021-10-04 09:28:13", "elapsed": 24.918418, "delta": 0.46334}}
{"target": 0.8931220576977049, "params": {"C": 6314.606279014516, "gamma": 0.060596859445444295}, "datetime": {"datetime": "2021-10-04 09:28:13", "elapsed": 25.350705, "delta": 0.432287}}
{"target": 0.9038592686605537, "params": {"C": 9749.583520523047, "gamma": 0.07134449359635651}, "datetime": {"datetime": "2021-10-04 09:28:14", "elapsed": 25.967619, "delta": 0.616914}}
{"target": 0.8913581733392577, "params": {"C": 6115.579433131781, "gamma": 0.0692997830504776}, "datetime": {"datetime": "2021-10-04 09:28:14", "elapsed": 26.400092, "delta": 0.432473}}
{"target": 0.8914524834443137, "params": {"C": 6764.963313060538, "gamma": 0.043877670998294066}, "datetime": {"datetime": "2021-10-04 09:28:15", "elapsed": 26.823403, "delta": 0.423311}}
{"target": 0.8963813512542882, "params": {"C": 7160.804143648138, "gamma": 0.06877991275684141}, "datetime": {"datetime": "2021-10-04 09:28:15", "elapsed": 27.324962, "delta": 0.501559}}
{"target": 0.9022334305786726, "params": {"C": 8835.655121917265, "gamma": 0.06687958714026992}, "datetime": {"datetime": "2021-10-04 09:28:16", "elapsed": 27.788342, "delta": 0.46338}}
{"target": 0.8792294092695266, "params": {"C": 9411.723227973238, "gamma": 0.023510487825387696}, "datetime": {"datetime": "2021-10-04 09:28:16", "elapsed": 28.247648, "delta": 0.459306}}
{"target": 0.9030110433880425, "params": {"C": 9012.272397937486, "gamma": 0.062192504463917365}, "datetime": {"datetime": "2021-10-04 09:28:17", "elapsed": 28.664119, "delta": 0.416471}}
{"target": 0.896507690776296, "params": {"C": 8403.811104155448, "gamma": 0.04278970444283466}, "datetime": {"datetime": "2021-10-04 09:28:17", "elapsed": 29.102905, "delta": 0.438786}}
{"target": 0.900623911883649, "params": {"C": 9144.68291517568, "gamma": 0.07881674124823188}, "datetime": {"datetime": "2021-10-04 09:28:18", "elapsed": 29.5243, "delta": 0.421395}}
{"target": 0.9014466217357326, "params": {"C": 8909.562166506537, "gamma": 0.07302971626393527}, "datetime": {"datetime": "2021-10-04 09:28:18", "elapsed": 29.940737, "delta": 0.416437}}
{"target": 0.8468104718907964, "params": {"C": 7160.89198989644, "gamma": 0.011778770141207456}, "datetime": {"datetime": "2021-10-04 09:28:18", "elapsed": 30.388813, "delta": 0.448076}}
{"target": 0.8698634764679326, "params": {"C": 7068.2174103789475, "gamma": 0.021380655555669512}, "datetime": {"datetime": "2021-10-04 09:28:19", "elapsed": 30.827808, "delta": 0.438995}}
{"target": 0.8394067391062547, "params": {"C": 9144.704200705182, "gamma": 0.008491798944933964}, "datetime": {"datetime": "2021-10-04 09:28:19", "elapsed": 31.360555, "delta": 0.532747}}
{"target": 0.8992525730173032, "params": {"C": 8329.185090612922, "gamma": 0.04948342558132943}, "datetime": {"datetime": "2021-10-04 09:28:20", "elapsed": 31.815261, "delta": 0.454706}}
{"target": 0.8950920463398216, "params": {"C": 8370.355852808108, "gamma": 0.04063341860966388}, "datetime": {"datetime": "2021-10-04 09:28:20", "elapsed": 32.263423, "delta": 0.448162}}
{"target": 0.9044577879300392, "params": {"C": 9749.545900843976, "gamma": 0.0675135896363307}, "datetime": {"datetime": "2021-10-04 09:28:21", "elapsed": 32.7181, "delta": 0.454677}}
{"target": 0.8251235008388317, "params": {"C": 8334.399234616343, "gamma": 0.006633331694381252}, "datetime": {"datetime": "2021-10-04 09:28:21", "elapsed": 33.166238, "delta": 0.448138}}
{"target": 0.8996482093434531, "params": {"C": 8472.638408733728, "gamma": 0.04939644324277298}, "datetime": {"datetime": "2021-10-04 09:28:22", "elapsed": 33.587329, "delta": 0.421091}}
{"target": 0.9026005671289076, "params": {"C": 9571.843575969213, "gamma": 0.04958700570947129}, "datetime": {"datetime": "2021-10-04 09:28:22", "elapsed": 34.011523, "delta": 0.424194}}
{"target": 0.8737107733935131, "params": {"C": 5428.556527436941, "gamma": 0.029201035941334476}, "datetime": {"datetime": "2021-10-04 09:28:23", "elapsed": 34.459707, "delta": 0.448184}}
{"target": 0.8608170338554266, "params": {"C": 5620.9113941046335, "gamma": 0.019753473674478782}, "datetime": {"datetime": "2021-10-04 09:28:23", "elapsed": 34.898456, "delta": 0.438749}}
{"target": 0.8523666409059429, "params": {"C": 8757.481691314122, "gamma": 0.011793224174532498}, "datetime": {"datetime": "2021-10-04 09:28:23", "elapsed": 35.400075, "delta": 0.501619}}
{"target": 0.8949832781916446, "params": {"C": 6809.6129652158, "gamma": 0.05456248404860369}, "datetime": {"datetime": "2021-10-04 09:28:24", "elapsed": 35.834496, "delta": 0.434421}}
