{"target": -2.3554684520537443, "params": {"C": 443319.15539937146, "gamma": 0.05821460529071874}, "datetime": {"datetime": "2021-10-04 12:27:18", "elapsed": 71.114048, "delta": 0.761002}}
{"target": -2.544703990983394, "params": {"C": 476008.1756243935, "gamma": 0.09316918161672738}, "datetime": {"datetime": "2021-10-04 12:27:19", "elapsed": 71.910381, "delta": 0.796333}}
{"target": -2.6537404098485085, "params": {"C": 400035.290534412, "gamma": 0.13101992794865913}, "datetime": {"datetime": "2021-10-04 12:27:19", "elapsed": 72.654238, "delta": 0.743857}}
{"target": -2.3871044953880003, "params": {"C": 296795.39690268214, "gamma": 0.08078750447263548}, "datetime": {"datetime": "2021-10-04 12:27:20", "elapsed": 73.357203, "delta": 0.702965}}
{"target": -2.4240738597255613, "params": {"C": 106229.04141265943, "gamma": 0.1197511511517213}, "datetime": {"datetime": "2021-10-04 12:27:21", "elapsed": 74.167645, "delta": 0.810442}}
{"target": -2.8018828731414325, "params": {"C": 344553.1510566174, "gamma": 0.19489946617572135}, "datetime": {"datetime": "2021-10-04 12:27:22", "elapsed": 74.872998, "delta": 0.705353}}
{"target": -2.675440264132966, "params": {"C": 324892.0982428284, "gamma": 0.14534583137567755}, "datetime": {"datetime": "2021-10-04 12:27:22", "elapsed": 75.681587, "delta": 0.808589}}
{"target": -2.5195900559872806, "params": {"C": 125052.60839237052, "gamma": 0.1360529193589914}, "datetime": {"datetime": "2021-10-04 12:27:23", "elapsed": 76.546153, "delta": 0.864566}}
{"target": -2.2816152867433437, "params": {"C": 430869.0028160999, "gamma": 0.04719133931598459}, "datetime": {"datetime": "2021-10-04 12:27:24", "elapsed": 77.211404, "delta": 0.665251}}
{"target": -2.725141922741595, "params": {"C": 254391.6593341658, "gamma": 0.17364236767639923}, "datetime": {"datetime": "2021-10-04 12:27:25", "elapsed": 77.930293, "delta": 0.718889}}
{"target": -2.64048200846763, "params": {"C": 169507.68507779652, "gamma": 0.15813143621789824}, "datetime": {"datetime": "2021-10-04 12:27:25", "elapsed": 78.613556, "delta": 0.683263}}
{"target": -1.9138789750792, "params": {"C": 168737.78441680985, "gamma": 0.022160478043529098}, "datetime": {"datetime": "2021-10-04 12:27:26", "elapsed": 79.435435, "delta": 0.821879}}
{"target": -2.315125287009314, "params": {"C": 248618.11482074673, "gamma": 0.07568395217534239}, "datetime": {"datetime": "2021-10-04 12:27:27", "elapsed": 80.153245, "delta": 0.71781}}
{"target": -2.1380932444606517, "params": {"C": 359020.14041656605, "gamma": 0.008420587721914594}, "datetime": {"datetime": "2021-10-04 12:27:28", "elapsed": 80.892957, "delta": 0.739712}}
{"target": -1.9235992788861378, "params": {"C": 208588.1226648516, "gamma": 0.021458620232977017}, "datetime": {"datetime": "2021-10-04 12:27:28", "elapsed": 81.678173, "delta": 0.785216}}
{"target": -2.7463359083932795, "params": {"C": 399590.7488851434, "gamma": 0.1637653451972865}, "datetime": {"datetime": "2021-10-04 12:27:29", "elapsed": 82.479126, "delta": 0.800953}}
{"target": -2.6813853152295373, "params": {"C": 491511.5553177927, "gamma": 0.13239113416762852}, "datetime": {"datetime": "2021-10-04 12:27:30", "elapsed": 83.307695, "delta": 0.828569}}
{"target": -2.0270305772351476, "params": {"C": 490153.6421467235, "gamma": 0.012818568977473743}, "datetime": {"datetime": "2021-10-04 12:27:31", "elapsed": 84.054272, "delta": 0.746577}}
{"target": -2.198806420356487, "params": {"C": 375600.1003333745, "gamma": 0.04274106462895577}, "datetime": {"datetime": "2021-10-04 12:27:32", "elapsed": 84.959971, "delta": 0.905699}}
{"target": -2.129008932084002, "params": {"C": 452830.3415001798, "gamma": 0.008448866704488469}, "datetime": {"datetime": "2021-10-04 12:27:32", "elapsed": 85.727788, "delta": 0.767817}}
{"target": -2.593949414392562, "params": {"C": 211099.43663858285, "gamma": 0.13679640236605495}, "datetime": {"datetime": "2021-10-04 12:27:33", "elapsed": 86.589429, "delta": 0.861641}}
{"target": -2.7084766600013044, "params": {"C": 282020.8780876401, "gamma": 0.1627369711902858}, "datetime": {"datetime": "2021-10-04 12:27:34", "elapsed": 87.454091, "delta": 0.864662}}
{"target": -2.424349985047849, "params": {"C": 179592.77667383017, "gamma": 0.10385958932507244}, "datetime": {"datetime": "2021-10-04 12:27:35", "elapsed": 88.415793, "delta": 0.961702}}
{"target": -2.64000704960514, "params": {"C": 237136.63832540583, "gamma": 0.1455102798931372}, "datetime": {"datetime": "2021-10-04 12:27:36", "elapsed": 89.208157, "delta": 0.792364}}
{"target": -2.547258915084044, "params": {"C": 473118.28810111986, "gamma": 0.09414673473149762}, "datetime": {"datetime": "2021-10-04 12:27:37", "elapsed": 89.909856, "delta": 0.701699}}
{"target": -2.349863945622903, "params": {"C": 499986.15899243666, "gamma": 0.04988665198218228}, "datetime": {"datetime": "2021-10-04 12:27:37", "elapsed": 90.653174, "delta": 0.743318}}
{"target": -2.551523865296997, "params": {"C": 324891.3384329699, "gamma": 0.10993138240965677}, "datetime": {"datetime": "2021-10-04 12:27:38", "elapsed": 91.700556, "delta": 1.047382}}
{"target": -2.722883919083428, "params": {"C": 344553.6836405142, "gamma": 0.1603691199112573}, "datetime": {"datetime": "2021-10-04 12:27:39", "elapsed": 92.567356, "delta": 0.8668}}
{"target": -1.9864904093847047, "params": {"C": 140704.4910565568, "gamma": 0.042465069612534816}, "datetime": {"datetime": "2021-10-04 12:27:40", "elapsed": 93.389608, "delta": 0.822252}}
{"target": -2.668309919939051, "params": {"C": 104137.20816765171, "gamma": 0.18660900509523828}, "datetime": {"datetime": "2021-10-04 12:27:41", "elapsed": 94.379352, "delta": 0.989744}}
{"target": -2.582248607217871, "params": {"C": 235679.6213610449, "gamma": 0.13011910289090656}, "datetime": {"datetime": "2021-10-04 12:27:42", "elapsed": 95.410875, "delta": 1.031523}}
{"target": -2.6276289933282104, "params": {"C": 274567.5670062994, "gamma": 0.1368526942756411}, "datetime": {"datetime": "2021-10-04 12:27:43", "elapsed": 96.379202, "delta": 0.968327}}
{"target": -2.7457605468205575, "params": {"C": 452135.0489282844, "gamma": 0.15866161522105787}, "datetime": {"datetime": "2021-10-04 12:27:44", "elapsed": 97.23986, "delta": 0.860658}}
{"target": -2.0404138680218202, "params": {"C": 471602.3475374397, "gamma": 0.012099456042178897}, "datetime": {"datetime": "2021-10-04 12:27:45", "elapsed": 97.965816, "delta": 0.725956}}
{"target": -2.4543150402178084, "params": {"C": 399590.1399687981, "gamma": 0.08084166389810689}, "datetime": {"datetime": "2021-10-04 12:27:45", "elapsed": 98.830549, "delta": 0.864733}}
{"target": -2.1823939771511953, "params": {"C": 177594.95361522006, "gamma": 0.06752965004376796}, "datetime": {"datetime": "2021-10-04 12:27:46", "elapsed": 99.833885, "delta": 1.003336}}
{"target": -2.2640251731007406, "params": {"C": 375599.7639625049, "gamma": 0.051375211254380375}, "datetime": {"datetime": "2021-10-04 12:27:48", "elapsed": 100.952863, "delta": 1.118978}}
{"target": -2.491649512379613, "params": {"C": 100045.77564121396, "gamma": 0.13675534123750113}, "datetime": {"datetime": "2021-10-04 12:27:49", "elapsed": 101.945458, "delta": 0.992595}}
{"target": -2.2827575354125638, "params": {"C": 104136.68632323504, "gamma": 0.09324877939276326}, "datetime": {"datetime": "2021-10-04 12:27:49", "elapsed": 102.838461, "delta": 0.893003}}
{"target": -2.638620681738634, "params": {"C": 208588.6329783473, "gamma": 0.14971246237439687}, "datetime": {"datetime": "2021-10-04 12:27:51", "elapsed": 103.952127, "delta": 1.113666}}
{"target": -2.7454119277077487, "params": {"C": 178371.74502476875, "gamma": 0.19541377873095697}, "datetime": {"datetime": "2021-10-04 12:27:51", "elapsed": 104.717423, "delta": 0.765296}}
{"target": -2.1115900545868365, "params": {"C": 401322.4743541977, "gamma": 0.009238649435413894}, "datetime": {"datetime": "2021-10-04 12:27:52", "elapsed": 105.689027, "delta": 0.971604}}
{"target": -2.0802440831555544, "params": {"C": 410900.0894945292, "gamma": 0.027625092328640036}, "datetime": {"datetime": "2021-10-04 12:27:53", "elapsed": 106.460514, "delta": 0.771487}}
{"target": -2.1348538323862876, "params": {"C": 387265.88589821034, "gamma": 0.008433667913098592}, "datetime": {"datetime": "2021-10-04 12:27:54", "elapsed": 107.42153, "delta": 0.961016}}
{"target": -2.6947237339720673, "params": {"C": 248617.82568641432, "gamma": 0.162316063244285}, "datetime": {"datetime": "2021-10-04 12:27:55", "elapsed": 108.481709, "delta": 1.060179}}
{"target": -2.064973103757679, "params": {"C": 149672.79534544318, "gamma": 0.057321533900713574}, "datetime": {"datetime": "2021-10-04 12:27:56", "elapsed": 109.482843, "delta": 1.001134}}
{"target": -2.296679967644559, "params": {"C": 239858.44708988888, "gamma": 0.07417787849898802}, "datetime": {"datetime": "2021-10-04 12:27:57", "elapsed": 110.190822, "delta": 0.707979}}
{"target": -2.5113348489629135, "params": {"C": 297771.5577252775, "gamma": 0.10436170393558787}, "datetime": {"datetime": "2021-10-04 12:27:58", "elapsed": 111.062072, "delta": 0.87125}}
{"target": -2.693421477358224, "params": {"C": 251161.90935407046, "gamma": 0.16139756510535766}, "datetime": {"datetime": "2021-10-04 12:27:59", "elapsed": 112.017769, "delta": 0.955697}}
{"target": -2.003006945710573, "params": {"C": 366751.45456499554, "gamma": 0.02353383450316764}, "datetime": {"datetime": "2021-10-04 12:28:00", "elapsed": 113.021677, "delta": 1.003908}}
{"target": -2.5562864763858486, "params": {"C": 375600.23948134284, "gamma": 0.10553901392467713}, "datetime": {"datetime": "2021-10-04 12:28:01", "elapsed": 114.075157, "delta": 1.05348}}
{"target": -2.1253628332378547, "params": {"C": 462431.1809163886, "gamma": 0.028954777145770244}, "datetime": {"datetime": "2021-10-04 12:28:02", "elapsed": 114.902679, "delta": 0.827522}}
{"target": -2.7651179336046416, "params": {"C": 495283.266287813, "gamma": 0.16349730560369008}, "datetime": {"datetime": "2021-10-04 12:28:03", "elapsed": 116.168291, "delta": 1.265612}}
{"target": -2.7984211384720914, "params": {"C": 358429.799263051, "gamma": 0.19189306354780925}, "datetime": {"datetime": "2021-10-04 12:28:04", "elapsed": 117.152143, "delta": 0.983852}}
{"target": -1.9957217562490466, "params": {"C": 258250.90114296737, "gamma": 0.014941768513359065}, "datetime": {"datetime": "2021-10-04 12:28:05", "elapsed": 118.293418, "delta": 1.141275}}
{"target": -2.366828750922814, "params": {"C": 410608.5582958727, "gamma": 0.06515668047484259}, "datetime": {"datetime": "2021-10-04 12:28:06", "elapsed": 119.422042, "delta": 1.128624}}
{"target": -2.518616649209557, "params": {"C": 308942.0230568028, "gamma": 0.1045702247940835}, "datetime": {"datetime": "2021-10-04 12:28:07", "elapsed": 120.261679, "delta": 0.839637}}
{"target": -2.7092457372022767, "params": {"C": 411717.25720134587, "gamma": 0.14848411716331214}, "datetime": {"datetime": "2021-10-04 12:28:08", "elapsed": 121.156447, "delta": 0.894768}}
{"target": -2.625784643389387, "params": {"C": 348712.2161303498, "gamma": 0.12744403177138136}, "datetime": {"datetime": "2021-10-04 12:28:09", "elapsed": 122.166597, "delta": 1.01015}}
{"target": -2.1091500149155764, "params": {"C": 330209.76364749245, "gamma": 0.03552839299873278}, "datetime": {"datetime": "2021-10-04 12:28:10", "elapsed": 123.131398, "delta": 0.964801}}
{"target": -2.110407622206723, "params": {"C": 430868.7652432431, "gamma": 0.029079594018254752}, "datetime": {"datetime": "2021-10-04 12:28:11", "elapsed": 124.414076, "delta": 1.282678}}
{"target": -2.2560089867576583, "params": {"C": 174504.18504824623, "gamma": 0.0772359634121488}, "datetime": {"datetime": "2021-10-04 12:28:12", "elapsed": 125.36138, "delta": 0.947304}}
{"target": -2.3869612080492044, "params": {"C": 499986.00318874733, "gamma": 0.05629273491349955}, "datetime": {"datetime": "2021-10-04 12:28:13", "elapsed": 126.264486, "delta": 0.903106}}
{"target": -1.958536362910791, "params": {"C": 123795.87727069503, "gamma": 0.04152519713239491}, "datetime": {"datetime": "2021-10-04 12:28:14", "elapsed": 127.433676, "delta": 1.16919}}
{"target": -2.389561632557511, "params": {"C": 191483.35469598018, "gamma": 0.09494730038593888}, "datetime": {"datetime": "2021-10-04 12:28:15", "elapsed": 128.616905, "delta": 1.183229}}
{"target": -2.786858888745437, "params": {"C": 342147.8764105503, "gamma": 0.18844568600783626}, "datetime": {"datetime": "2021-10-04 12:28:16", "elapsed": 129.662907, "delta": 1.046002}}
{"target": -2.063173587166483, "params": {"C": 282020.938291449, "gamma": 0.03356501802003688}, "datetime": {"datetime": "2021-10-04 12:28:17", "elapsed": 130.763836, "delta": 1.100929}}
{"target": -2.6991721957706845, "params": {"C": 101362.59274769128, "gamma": 0.19724078276160928}, "datetime": {"datetime": "2021-10-04 12:28:18", "elapsed": 131.764535, "delta": 1.000699}}
{"target": -2.652659806811446, "params": {"C": 241677.5738789059, "gamma": 0.1486551389527557}, "datetime": {"datetime": "2021-10-04 12:28:19", "elapsed": 132.822878, "delta": 1.058343}}
{"target": -2.436404213993414, "params": {"C": 410900.22792772844, "gamma": 0.07550444823738926}, "datetime": {"datetime": "2021-10-04 12:28:21", "elapsed": 134.135219, "delta": 1.312341}}
{"target": -2.7610211172144745, "params": {"C": 459874.8081735937, "gamma": 0.16455733635875247}, "datetime": {"datetime": "2021-10-04 12:28:22", "elapsed": 135.186881, "delta": 1.051662}}
{"target": -2.588322389060611, "params": {"C": 350459.69624276285, "gamma": 0.11627288156328588}, "datetime": {"datetime": "2021-10-04 12:28:23", "elapsed": 136.150313, "delta": 0.963432}}
{"target": -2.130545872888221, "params": {"C": 302699.20670239005, "gamma": 0.008991598607255735}, "datetime": {"datetime": "2021-10-04 12:28:24", "elapsed": 137.169593, "delta": 1.01928}}
{"target": -2.457318684701752, "params": {"C": 140658.4816704799, "gamma": 0.11821010147499957}, "datetime": {"datetime": "2021-10-04 12:28:25", "elapsed": 138.192165, "delta": 1.022572}}
{"target": -2.1379911161204777, "params": {"C": 410607.49708541733, "gamma": 0.03306677308816247}, "datetime": {"datetime": "2021-10-04 12:28:26", "elapsed": 139.339844, "delta": 1.147679}}
{"target": -2.7688464160793145, "params": {"C": 448700.2834314397, "gamma": 0.16925043273343818}, "datetime": {"datetime": "2021-10-04 12:28:27", "elapsed": 140.305283, "delta": 0.965439}}
{"target": -2.574121026571233, "params": {"C": 443318.9466619024, "gamma": 0.10323531644417484}, "datetime": {"datetime": "2021-10-04 12:28:28", "elapsed": 141.42089, "delta": 1.115607}}
{"target": -2.762576328889365, "params": {"C": 456319.3660356418, "gamma": 0.16558210983588648}, "datetime": {"datetime": "2021-10-04 12:28:29", "elapsed": 142.312414, "delta": 0.891524}}
{"target": -2.2297941716849268, "params": {"C": 344553.3339870642, "gamma": 0.05045359012605084}, "datetime": {"datetime": "2021-10-04 12:28:30", "elapsed": 143.425915, "delta": 1.113501}}
{"target": -2.638568366121716, "params": {"C": 260003.66338152712, "gamma": 0.14188515969263144}, "datetime": {"datetime": "2021-10-04 12:28:31", "elapsed": 144.265951, "delta": 0.840036}}
{"target": -2.4589859254901554, "params": {"C": 225735.3328677195, "gamma": 0.10304440560216131}, "datetime": {"datetime": "2021-10-04 12:28:32", "elapsed": 145.469567, "delta": 1.203616}}
{"target": -2.784665415880136, "params": {"C": 272918.14440249174, "gamma": 0.19562098306696984}, "datetime": {"datetime": "2021-10-04 12:28:33", "elapsed": 146.535942, "delta": 1.066375}}
{"target": -2.3723520772922693, "params": {"C": 158703.15238844484, "gamma": 0.09731596271723976}, "datetime": {"datetime": "2021-10-04 12:28:35", "elapsed": 148.182705, "delta": 1.646763}}
{"target": -2.3524553322883683, "params": {"C": 235538.0115420207, "gamma": 0.08333401441369505}, "datetime": {"datetime": "2021-10-04 12:28:36", "elapsed": 149.047204, "delta": 0.864499}}
{"target": -2.207135051225523, "params": {"C": 188990.70184725279, "gamma": 0.0689268761332176}, "datetime": {"datetime": "2021-10-04 12:28:37", "elapsed": 150.327675, "delta": 1.280471}}
{"target": -2.624253746167121, "params": {"C": 109276.89925618557, "gamma": 0.16989920851924772}, "datetime": {"datetime": "2021-10-04 12:28:38", "elapsed": 151.449281, "delta": 1.121606}}
{"target": -2.527534489618334, "params": {"C": 305479.5610034537, "gamma": 0.10683341669471962}, "datetime": {"datetime": "2021-10-04 12:28:39", "elapsed": 152.366025, "delta": 0.916744}}
{"target": -2.3689952978013538, "params": {"C": 245262.2840752512, "gamma": 0.08473021738206102}, "datetime": {"datetime": "2021-10-04 12:28:40", "elapsed": 153.537353, "delta": 1.171328}}
{"target": -1.9743962287832613, "params": {"C": 100045.42818286213, "gamma": 0.051997363346144264}, "datetime": {"datetime": "2021-10-04 12:28:41", "elapsed": 154.665249, "delta": 1.127896}}
{"target": -2.666439753820326, "params": {"C": 245262.4079393908, "gamma": 0.15256139320308412}, "datetime": {"datetime": "2021-10-04 12:28:43", "elapsed": 156.009823, "delta": 1.344574}}
{"target": -2.77322629727389, "params": {"C": 385334.3326555274, "gamma": 0.17797146107819062}, "datetime": {"datetime": "2021-10-04 12:28:44", "elapsed": 156.989694, "delta": 0.979871}}
{"target": -2.3983290380334994, "params": {"C": 163857.20629433682, "gamma": 0.10154431769891559}, "datetime": {"datetime": "2021-10-04 12:28:45", "elapsed": 157.937217, "delta": 0.947523}}
{"target": -1.9321271683230568, "params": {"C": 241930.80553564167, "gamma": 0.02299828861295666}, "datetime": {"datetime": "2021-10-04 12:28:46", "elapsed": 158.909523, "delta": 0.972306}}
{"target": -2.8040550132729116, "params": {"C": 395465.3175835216, "gamma": 0.19093549805106885}, "datetime": {"datetime": "2021-10-04 12:28:47", "elapsed": 160.077745, "delta": 1.168222}}
{"target": -2.7405615155308984, "params": {"C": 163947.30614905825, "gamma": 0.1965087191550965}, "datetime": {"datetime": "2021-10-04 12:28:48", "elapsed": 161.033828, "delta": 0.956083}}
{"target": -2.2127276032062184, "params": {"C": 488222.9764741264, "gamma": 0.03561314371774073}, "datetime": {"datetime": "2021-10-04 12:28:49", "elapsed": 161.957898, "delta": 0.92407}}
{"target": -2.378072038884131, "params": {"C": 249270.8709720239, "gamma": 0.08572948392580779}, "datetime": {"datetime": "2021-10-04 12:28:49", "elapsed": 162.8579, "delta": 0.900002}}
{"target": -2.440104537776678, "params": {"C": 434498.5368733031, "gamma": 0.07311776236367365}, "datetime": {"datetime": "2021-10-04 12:28:51", "elapsed": 163.946842, "delta": 1.088942}}
{"target": -2.652027949542982, "params": {"C": 488222.70028334064, "gamma": 0.12089325236032651}, "datetime": {"datetime": "2021-10-04 12:28:52", "elapsed": 165.122635, "delta": 1.175793}}
{"target": -2.4659109453316588, "params": {"C": 135869.63980087088, "gamma": 0.12117266188594177}, "datetime": {"datetime": "2021-10-04 12:28:53", "elapsed": 166.160783, "delta": 1.038148}}
{"target": -2.068594736412904, "params": {"C": 211179.52812072987, "gamma": 0.043302448866185936}, "datetime": {"datetime": "2021-10-04 12:28:54", "elapsed": 167.057584, "delta": 0.896801}}
{"target": -2.2219349175978267, "params": {"C": 165653.80735271907, "gamma": 0.07398910838374398}, "datetime": {"datetime": "2021-10-04 12:28:55", "elapsed": 168.044131, "delta": 0.986547}}
{"target": -2.557166015967797, "params": {"C": 190724.48080825305, "gamma": 0.1310807180049898}, "datetime": {"datetime": "2021-10-04 12:28:56", "elapsed": 169.070494, "delta": 1.026363}}
{"target": -2.541925178067075, "params": {"C": 239879.4405487666, "gamma": 0.11912268447980756}, "datetime": {"datetime": "2021-10-04 12:28:57", "elapsed": 170.088812, "delta": 1.018318}}
{"target": -2.813310252435854, "params": {"C": 410607.36401498906, "gamma": 0.19403625399553162}, "datetime": {"datetime": "2021-10-04 12:28:58", "elapsed": 171.348022, "delta": 1.25921}}
{"target": -2.595834386335873, "params": {"C": 375599.87655493047, "gamma": 0.11528040555486915}, "datetime": {"datetime": "2021-10-04 12:28:59", "elapsed": 172.627939, "delta": 1.279917}}
{"target": -2.6325591788717624, "params": {"C": 447656.37658372556, "gamma": 0.11832467140684728}, "datetime": {"datetime": "2021-10-04 12:29:01", "elapsed": 173.910033, "delta": 1.282094}}
{"target": -2.562631559749238, "params": {"C": 430869.0740884712, "gamma": 0.1018966529524367}, "datetime": {"datetime": "2021-10-04 12:29:02", "elapsed": 175.228634, "delta": 1.318601}}
{"target": -2.4232391871597154, "params": {"C": 209245.46241554432, "gamma": 0.09845743145334696}, "datetime": {"datetime": "2021-10-04 12:29:03", "elapsed": 176.680799, "delta": 1.452165}}
{"target": -2.3659595928450314, "params": {"C": 266221.8040625674, "gamma": 0.08123582595744935}, "datetime": {"datetime": "2021-10-04 12:29:04", "elapsed": 177.71549, "delta": 1.034691}}
{"target": -2.7610711649229818, "params": {"C": 193896.74690974364, "gamma": 0.19785708529235083}, "datetime": {"datetime": "2021-10-04 12:29:05", "elapsed": 178.8484, "delta": 1.13291}}
{"target": -2.6124805846893007, "params": {"C": 177595.05260952964, "gamma": 0.14778646466871143}, "datetime": {"datetime": "2021-10-04 12:29:07", "elapsed": 180.163545, "delta": 1.315145}}
{"target": -2.439833573537399, "params": {"C": 48608.56233388276, "gamma": 0.14546327622122085}, "datetime": {"datetime": "2021-10-04 12:29:10", "elapsed": 0.0, "delta": 0.0}}
{"target": -1.9728782072034379, "params": {"C": 19008.120612031486, "gamma": 0.06395485166320876}, "datetime": {"datetime": "2021-10-04 12:29:10", "elapsed": 0.193686, "delta": 0.193686}}
{"target": -2.0198115447219376, "params": {"C": 29419.668248015027, "gamma": 0.02300602597991557}, "datetime": {"datetime": "2021-10-04 12:29:11", "elapsed": 0.462463, "delta": 0.268777}}
{"target": -1.9993752430680571, "params": {"C": 32224.47500781463, "gamma": 0.07238434177339431}, "datetime": {"datetime": "2021-10-04 12:29:11", "elapsed": 0.679535, "delta": 0.217072}}
