{"target": -3.244017862703054, "params": {"C": 4763.538455339965, "gamma": 0.5238170979567751}, "datetime": {"datetime": "2021-10-04 12:20:01", "elapsed": 64.080316, "delta": 0.824906}}
{"target": -3.507847922360226, "params": {"C": 4195.762467285791, "gamma": 0.6217192282215944}, "datetime": {"datetime": "2021-10-04 12:20:01", "elapsed": 64.843284, "delta": 0.762968}}
{"target": -3.3004409862235455, "params": {"C": 6063.55469120802, "gamma": 0.5758436640737847}, "datetime": {"datetime": "2021-10-04 12:20:02", "elapsed": 65.469812, "delta": 0.626528}}
{"target": -4.2060829690454735, "params": {"C": 2860.181894965685, "gamma": 0.9079323507860444}, "datetime": {"datetime": "2021-10-04 12:20:03", "elapsed": 66.319745, "delta": 0.849933}}
{"target": -2.2965655404614513, "params": {"C": 4763.182713799946, "gamma": 0.05851457129500245}, "datetime": {"datetime": "2021-10-04 12:20:04", "elapsed": 67.069144, "delta": 0.749399}}
{"target": -3.6370151914843625, "params": {"C": 4762.569346913116, "gamma": 0.6984544607074593}, "datetime": {"datetime": "2021-10-04 12:20:04", "elapsed": 67.769035, "delta": 0.699891}}
{"target": -3.6858292657256952, "params": {"C": 6271.421890895073, "gamma": 0.7527624273756968}, "datetime": {"datetime": "2021-10-04 12:20:05", "elapsed": 68.746998, "delta": 0.977963}}
{"target": -4.810516294500513, "params": {"C": 898.253117621974, "gamma": 0.9314879983178402}, "datetime": {"datetime": "2021-10-04 12:20:06", "elapsed": 69.415861, "delta": 0.668863}}
{"target": -3.709233443088761, "params": {"C": 6269.664396752745, "gamma": 0.7641607828444043}, "datetime": {"datetime": "2021-10-04 12:20:07", "elapsed": 70.45054, "delta": 1.034679}}
{"target": -2.979469821463431, "params": {"C": 9804.24610809773, "gamma": 0.474432753723544}, "datetime": {"datetime": "2021-10-04 12:20:08", "elapsed": 71.331984, "delta": 0.881444}}
{"target": -2.3332226836549728, "params": {"C": 5495.965207092195, "gamma": 0.04032130486851172}, "datetime": {"datetime": "2021-10-04 12:20:08", "elapsed": 72.018699, "delta": 0.686715}}
{"target": -2.866164726497227, "params": {"C": 5495.296923185769, "gamma": 0.3715439477703305}, "datetime": {"datetime": "2021-10-04 12:20:09", "elapsed": 72.673168, "delta": 0.654469}}
{"target": -2.673222851710765, "params": {"C": 8675.203454776823, "gamma": 0.31981352560341025}, "datetime": {"datetime": "2021-10-04 12:20:10", "elapsed": 73.444793, "delta": 0.771625}}
{"target": -3.819812387725931, "params": {"C": 8674.40263693865, "gamma": 0.8512988672087994}, "datetime": {"datetime": "2021-10-04 12:20:11", "elapsed": 74.131381, "delta": 0.686588}}
{"target": -3.9744066805909064, "params": {"C": 5496.369582244279, "gamma": 0.8897245677388835}, "datetime": {"datetime": "2021-10-04 12:20:11", "elapsed": 74.862638, "delta": 0.731257}}
{"target": -3.082885111415972, "params": {"C": 5401.433502681075, "gamma": 0.46800237232411923}, "datetime": {"datetime": "2021-10-04 12:20:12", "elapsed": 75.687269, "delta": 0.824631}}
{"target": -2.7809284786005395, "params": {"C": 3651.237960913156, "gamma": 0.2824822993943276}, "datetime": {"datetime": "2021-10-04 12:20:13", "elapsed": 76.252783, "delta": 0.565514}}
{"target": -2.2803746451404616, "params": {"C": 7356.904068448936, "gamma": 0.12417554212756331}, "datetime": {"datetime": "2021-10-04 12:20:13", "elapsed": 76.964652, "delta": 0.711869}}
{"target": -3.7432901034861232, "params": {"C": 7357.135248991335, "gamma": 0.7962888345467222}, "datetime": {"datetime": "2021-10-04 12:20:14", "elapsed": 77.750427, "delta": 0.785775}}
{"target": -2.755220687694133, "params": {"C": 7356.432822320537, "gamma": 0.3463348243476116}, "datetime": {"datetime": "2021-10-04 12:20:15", "elapsed": 78.429332, "delta": 0.678905}}
{"target": -3.6067789418346208, "params": {"C": 8675.867532506323, "gamma": 0.7429604014586139}, "datetime": {"datetime": "2021-10-04 12:20:16", "elapsed": 79.209615, "delta": 0.780283}}
{"target": -4.00149669755857, "params": {"C": 5498.057204417195, "gamma": 0.9057032527917369}, "datetime": {"datetime": "2021-10-04 12:20:16", "elapsed": 79.915538, "delta": 0.705923}}
{"target": -2.4498675435319948, "params": {"C": 3650.0325544000393, "gamma": 0.03869288219416133}, "datetime": {"datetime": "2021-10-04 12:20:17", "elapsed": 80.601763, "delta": 0.686225}}
{"target": -2.973660384405538, "params": {"C": 4358.861505059618, "gamma": 0.007082451815122494}, "datetime": {"datetime": "2021-10-04 12:20:18", "elapsed": 81.234743, "delta": 0.63298}}
{"target": -2.2632744995156564, "params": {"C": 7357.443425471923, "gamma": 0.11805118271429889}, "datetime": {"datetime": "2021-10-04 12:20:18", "elapsed": 81.87391, "delta": 0.639167}}
{"target": -4.537585561595657, "params": {"C": 363.6674479187322, "gamma": 0.4439325246608203}, "datetime": {"datetime": "2021-10-04 12:20:19", "elapsed": 82.453471, "delta": 0.579561}}
{"target": -2.4579889305383786, "params": {"C": 2621.1162623415335, "gamma": 0.06093608182047777}, "datetime": {"datetime": "2021-10-04 12:20:19", "elapsed": 83.039567, "delta": 0.586096}}
{"target": -2.3791707638762327, "params": {"C": 3863.446328189004, "gamma": 0.049952376581314364}, "datetime": {"datetime": "2021-10-04 12:20:20", "elapsed": 83.625635, "delta": 0.586068}}
{"target": -2.48767753134877, "params": {"C": 3862.9237243194248, "gamma": 0.16158272098671847}, "datetime": {"datetime": "2021-10-04 12:20:21", "elapsed": 84.295701, "delta": 0.670066}}
{"target": -3.709220620138046, "params": {"C": 2620.6632287600705, "gamma": 0.6325207312046017}, "datetime": {"datetime": "2021-10-04 12:20:21", "elapsed": 85.028996, "delta": 0.733295}}
{"target": -3.5621437712854824, "params": {"C": 1429.1238559283565, "gamma": 0.43337131498033304}, "datetime": {"datetime": "2021-10-04 12:20:22", "elapsed": 85.630376, "delta": 0.60138}}
{"target": -4.1703078587341045, "params": {"C": 3862.704907215573, "gamma": 0.9496593683797862}, "datetime": {"datetime": "2021-10-04 12:20:23", "elapsed": 86.30076, "delta": 0.670384}}
{"target": -2.5845018830217352, "params": {"C": 9623.861677896057, "gamma": 0.2854947992428777}, "datetime": {"datetime": "2021-10-04 12:20:23", "elapsed": 86.902475, "delta": 0.601715}}
{"target": -2.2061310971410917, "params": {"C": 9623.173041569258, "gamma": 0.1083870709936531}, "datetime": {"datetime": "2021-10-04 12:20:24", "elapsed": 87.666982, "delta": 0.764507}}
{"target": -3.247249269621332, "params": {"C": 9622.689932795214, "gamma": 0.5918361052210002}, "datetime": {"datetime": "2021-10-04 12:20:25", "elapsed": 88.55367, "delta": 0.886688}}
{"target": -2.475013564252523, "params": {"C": 9623.454612188614, "gamma": 0.22948033991140318}, "datetime": {"datetime": "2021-10-04 12:20:26", "elapsed": 89.23935, "delta": 0.68568}}
{"target": -3.573290363610881, "params": {"C": 3135.3540874743558, "gamma": 0.6047420475295322}, "datetime": {"datetime": "2021-10-04 12:20:26", "elapsed": 89.852711, "delta": 0.613361}}
{"target": -2.803016921998415, "params": {"C": 3864.0637875032166, "gamma": 0.298832517286922}, "datetime": {"datetime": "2021-10-04 12:20:27", "elapsed": 90.674591, "delta": 0.82188}}
{"target": -3.607533115206679, "params": {"C": 1222.1912009511898, "gamma": 0.414596168700883}, "datetime": {"datetime": "2021-10-04 12:20:28", "elapsed": 91.291518, "delta": 0.616927}}
{"target": -3.338005268062551, "params": {"C": 3650.1012682280143, "gamma": 0.5262460516335199}, "datetime": {"datetime": "2021-10-04 12:20:28", "elapsed": 91.946344, "delta": 0.654826}}
{"target": -2.3080145893658863, "params": {"C": 4765.654641744639, "gamma": 0.09674826845444039}, "datetime": {"datetime": "2021-10-04 12:20:29", "elapsed": 92.594942, "delta": 0.648598}}
{"target": -2.3595971261290303, "params": {"C": 3649.3962836289074, "gamma": 0.06561112161215793}, "datetime": {"datetime": "2021-10-04 12:20:30", "elapsed": 93.303464, "delta": 0.708522}}
{"target": -2.3157380085657038, "params": {"C": 5494.44623948779, "gamma": 0.11783115009256895}, "datetime": {"datetime": "2021-10-04 12:20:31", "elapsed": 94.183084, "delta": 0.87962}}
{"target": -2.4733102165668335, "params": {"C": 2621.7559327023914, "gamma": 0.10590498257751783}, "datetime": {"datetime": "2021-10-04 12:20:31", "elapsed": 95.023169, "delta": 0.840085}}
{"target": -2.7219511836869823, "params": {"C": 7358.205729065318, "gamma": 0.33017935532167303}, "datetime": {"datetime": "2021-10-04 12:20:32", "elapsed": 95.966625, "delta": 0.943456}}
{"target": -3.7103971591320803, "params": {"C": 9624.460629657646, "gamma": 0.8016776553762032}, "datetime": {"datetime": "2021-10-04 12:20:33", "elapsed": 96.731125, "delta": 0.7645}}
{"target": -3.257274452071015, "params": {"C": 3649.084977126697, "gamma": 0.49157631653593914}, "datetime": {"datetime": "2021-10-04 12:20:34", "elapsed": 97.526366, "delta": 0.795241}}
{"target": -2.7969577151352474, "params": {"C": 2622.5353317367635, "gamma": 0.24354471824164087}, "datetime": {"datetime": "2021-10-04 12:20:35", "elapsed": 98.2594, "delta": 0.733034}}
{"target": -2.293255938630285, "params": {"C": 4764.372366013588, "gamma": 0.06048491383621428}, "datetime": {"datetime": "2021-10-04 12:20:35", "elapsed": 99.008414, "delta": 0.749014}}
{"target": -3.5555234598281777, "params": {"C": 5494.553202589595, "gamma": 0.679514753274427}, "datetime": {"datetime": "2021-10-04 12:20:36", "elapsed": 99.814419, "delta": 0.806005}}
{"target": -2.289927283625658, "params": {"C": 9804.877621692509, "gamma": 0.02994562389832134}, "datetime": {"datetime": "2021-10-04 12:20:37", "elapsed": 100.478266, "delta": 0.663847}}
{"target": -3.605266329887675, "params": {"C": 7501.990058458269, "gamma": 0.7306074338222603}, "datetime": {"datetime": "2021-10-04 12:20:38", "elapsed": 101.164679, "delta": 0.686413}}
{"target": -2.9579482159359505, "params": {"C": 9805.907655165729, "gamma": 0.004450568047510878}, "datetime": {"datetime": "2021-10-04 12:20:38", "elapsed": 101.93573, "delta": 0.771051}}
{"target": -4.634621909097, "params": {"C": 761.4641568911537, "gamma": 0.7577857067875259}, "datetime": {"datetime": "2021-10-04 12:20:39", "elapsed": 102.606481, "delta": 0.670751}}
{"target": -3.663376006174633, "params": {"C": 4214.5867025345815, "gamma": 0.6938623417803752}, "datetime": {"datetime": "2021-10-04 12:20:40", "elapsed": 103.493405, "delta": 0.886924}}
{"target": -4.350295800348095, "params": {"C": 2621.686273479463, "gamma": 0.9754156527707326}, "datetime": {"datetime": "2021-10-04 12:20:41", "elapsed": 104.310819, "delta": 0.817414}}
{"target": -3.3841353832944634, "params": {"C": 9072.514767490076, "gamma": 0.6464885434724498}, "datetime": {"datetime": "2021-10-04 12:20:41", "elapsed": 104.975073, "delta": 0.664254}}
{"target": -3.682479022902566, "params": {"C": 3651.9648427025195, "gamma": 0.6815068198023425}, "datetime": {"datetime": "2021-10-04 12:20:42", "elapsed": 105.779678, "delta": 0.804605}}
{"target": -3.2740803988875102, "params": {"C": 3974.85642819878, "gamma": 0.5114028546450724}, "datetime": {"datetime": "2021-10-04 12:20:43", "elapsed": 106.443486, "delta": 0.663808}}
{"target": -4.021151079167096, "params": {"C": 3726.2549675403525, "gamma": 0.8553795834290031}, "datetime": {"datetime": "2021-10-04 12:20:44", "elapsed": 107.118561, "delta": 0.675075}}
{"target": -2.664385603536956, "params": {"C": 1515.1946845615125, "gamma": 0.11015095625590529}, "datetime": {"datetime": "2021-10-04 12:20:44", "elapsed": 107.805012, "delta": 0.686451}}
{"target": -2.7736773854643353, "params": {"C": 3865.031047263164, "gamma": 0.28671865587722506}, "datetime": {"datetime": "2021-10-04 12:20:45", "elapsed": 108.560189, "delta": 0.755177}}
{"target": -4.047369978661321, "params": {"C": 3865.593436822696, "gamma": 0.8769063370358611}, "datetime": {"datetime": "2021-10-04 12:20:46", "elapsed": 109.462062, "delta": 0.901873}}
{"target": -2.8667931226345367, "params": {"C": 2623.6575670673333, "gamma": 0.2707826451655452}, "datetime": {"datetime": "2021-10-04 12:20:48", "elapsed": 111.18464, "delta": 1.722578}}
{"target": -3.8671832575930387, "params": {"C": 7358.968353958807, "gamma": 0.8626388571898426}, "datetime": {"datetime": "2021-10-04 12:20:49", "elapsed": 112.334821, "delta": 1.150181}}
{"target": -3.2846950824665697, "params": {"C": 7355.533150091962, "gamma": 0.5869962464734033}, "datetime": {"datetime": "2021-10-04 12:20:50", "elapsed": 113.302174, "delta": 0.967353}}
{"target": -3.93890685987278, "params": {"C": 9432.557040558568, "gamma": 0.9260988382607704}, "datetime": {"datetime": "2021-10-04 12:20:50", "elapsed": 114.035702, "delta": 0.733528}}
{"target": -3.5973950694828782, "params": {"C": 7433.677594536276, "gamma": 0.726180622523771}, "datetime": {"datetime": "2021-10-04 12:20:51", "elapsed": 114.768145, "delta": 0.732443}}
{"target": -5.230587659561075, "params": {"C": 179.40444837443346, "gamma": 0.46779034552776455}, "datetime": {"datetime": "2021-10-04 12:20:52", "elapsed": 115.5237, "delta": 0.755555}}
{"target": -3.8998779600768443, "params": {"C": 6370.551861557167, "gamma": 0.8664196117107286}, "datetime": {"datetime": "2021-10-04 12:20:53", "elapsed": 116.241056, "delta": 0.717356}}
{"target": -3.221368379827079, "params": {"C": 4062.1325246341844, "gamma": 0.49203731766807784}, "datetime": {"datetime": "2021-10-04 12:20:53", "elapsed": 117.005641, "delta": 0.764585}}
{"target": -3.846235162600844, "params": {"C": 2624.386825249631, "gamma": 0.6990979986742064}, "datetime": {"datetime": "2021-10-04 12:20:54", "elapsed": 117.861563, "delta": 0.855922}}
{"target": -2.8533606364799424, "params": {"C": 4200.809032061217, "gamma": 0.3322259534099948}, "datetime": {"datetime": "2021-10-04 12:20:55", "elapsed": 118.616792, "delta": 0.755229}}
{"target": -2.428690060434852, "params": {"C": 2996.0625831542693, "gamma": 0.10039572209156028}, "datetime": {"datetime": "2021-10-04 12:20:56", "elapsed": 119.597066, "delta": 0.980274}}
{"target": -4.161919828550923, "params": {"C": 2995.6951468493708, "gamma": 0.8918590900235452}, "datetime": {"datetime": "2021-10-04 12:20:57", "elapsed": 120.536125, "delta": 0.939059}}
{"target": -4.097498905943325, "params": {"C": 5845.737688870269, "gamma": 0.9730036542995442}, "datetime": {"datetime": "2021-10-04 12:20:58", "elapsed": 121.438795, "delta": 0.90267}}
{"target": -2.92624076814222, "params": {"C": 2996.577764002762, "gamma": 0.3159362369113029}, "datetime": {"datetime": "2021-10-04 12:20:59", "elapsed": 122.719788, "delta": 1.280993}}
{"target": -3.942391177778773, "params": {"C": 2623.1434706150767, "gamma": 0.7457771143565303}, "datetime": {"datetime": "2021-10-04 12:21:00", "elapsed": 123.829559, "delta": 1.109771}}
{"target": -2.980015537418025, "params": {"C": 1571.9881165593354, "gamma": 0.23269047361389406}, "datetime": {"datetime": "2021-10-04 12:21:01", "elapsed": 124.832617, "delta": 1.003058}}
{"target": -2.3933490504713797, "params": {"C": 4764.035647701374, "gamma": 0.036884139608951406}, "datetime": {"datetime": "2021-10-04 12:21:03", "elapsed": 126.116129, "delta": 1.283512}}
{"target": -3.4014293172934313, "params": {"C": 3863.5169348598643, "gamma": 0.5617852913093827}, "datetime": {"datetime": "2021-10-04 12:21:04", "elapsed": 127.207277, "delta": 1.091148}}
{"target": -2.425927079418044, "params": {"C": 9271.87925603595, "gamma": 0.20366204966670118}, "datetime": {"datetime": "2021-10-04 12:21:05", "elapsed": 128.104297, "delta": 0.89702}}
{"target": -3.798631769432268, "params": {"C": 9271.304058475696, "gamma": 0.8452264880909531}, "datetime": {"datetime": "2021-10-04 12:21:06", "elapsed": 129.535557, "delta": 1.43126}}
{"target": -3.612627355350437, "params": {"C": 9272.602029815462, "gamma": 0.7507147831956843}, "datetime": {"datetime": "2021-10-04 12:21:07", "elapsed": 130.464164, "delta": 0.928607}}
{"target": -3.921249757119812, "params": {"C": 5847.788480459127, "gamma": 0.8678736803252839}, "datetime": {"datetime": "2021-10-04 12:21:08", "elapsed": 131.723866, "delta": 1.259702}}
{"target": -2.244649312923982, "params": {"C": 9272.244030357151, "gamma": 0.03536894861196223}, "datetime": {"datetime": "2021-10-04 12:21:09", "elapsed": 132.823183, "delta": 1.099317}}
{"target": -2.495998616985181, "params": {"C": 9820.699671591668, "gamma": 0.2407215823376217}, "datetime": {"datetime": "2021-10-04 12:21:10", "elapsed": 133.747576, "delta": 0.924393}}
{"target": -3.5712839790805124, "params": {"C": 9069.423560276606, "gamma": 0.729673048124756}, "datetime": {"datetime": "2021-10-04 12:21:11", "elapsed": 134.690007, "delta": 0.942431}}
{"target": -3.220487824541818, "params": {"C": 9821.260068035446, "gamma": 0.5818447148704465}, "datetime": {"datetime": "2021-10-04 12:21:12", "elapsed": 136.009252, "delta": 1.319245}}
{"target": -4.183793090390559, "params": {"C": 1570.886853060538, "gamma": 0.7424968923255675}, "datetime": {"datetime": "2021-10-04 12:21:14", "elapsed": 137.312325, "delta": 1.303073}}
{"target": -4.4254662724479905, "params": {"C": 2298.5636932626626, "gamma": 0.9900049422629842}, "datetime": {"datetime": "2021-10-04 12:21:15", "elapsed": 138.330914, "delta": 1.018589}}
{"target": -2.135180486202099, "params": {"C": 9819.978299952283, "gamma": 0.0808223272488812}, "datetime": {"datetime": "2021-10-04 12:21:16", "elapsed": 139.808371, "delta": 1.477457}}
{"target": -3.43791425549349, "params": {"C": 9820.017764888195, "gamma": 0.6754155241367474}, "datetime": {"datetime": "2021-10-04 12:21:17", "elapsed": 140.992608, "delta": 1.184237}}
{"target": -2.247749482738288, "params": {"C": 9818.979695986756, "gamma": 0.1238826209080906}, "datetime": {"datetime": "2021-10-04 12:21:19", "elapsed": 142.157144, "delta": 1.164536}}
{"target": -3.46337884106911, "params": {"C": 9818.804147810379, "gamma": 0.6865519054708014}, "datetime": {"datetime": "2021-10-04 12:21:20", "elapsed": 143.717684, "delta": 1.56054}}
{"target": -2.3766766106889814, "params": {"C": 4769.0305453744195, "gamma": 0.13133703649725118}, "datetime": {"datetime": "2021-10-04 12:21:21", "elapsed": 145.001939, "delta": 1.284255}}
{"target": -3.127995563311418, "params": {"C": 4768.888329051387, "gamma": 0.4745015732870716}, "datetime": {"datetime": "2021-10-04 12:21:23", "elapsed": 146.416892, "delta": 1.414953}}
{"target": -4.4404582447371235, "params": {"C": 1572.5335412725808, "gamma": 0.8863639260047019}, "datetime": {"datetime": "2021-10-04 12:21:24", "elapsed": 147.538495, "delta": 1.121603}}
{"target": -2.9668937914027147, "params": {"C": 3564.995931939223, "gamma": 0.3611425290093783}, "datetime": {"datetime": "2021-10-04 12:21:25", "elapsed": 148.561586, "delta": 1.023091}}
{"target": -2.282618421703478, "params": {"C": 4769.434701350822, "gamma": 0.06841326987617442}, "datetime": {"datetime": "2021-10-04 12:21:27", "elapsed": 150.168856, "delta": 1.60727}}
{"target": -2.402516126858151, "params": {"C": 3650.6264666854977, "gamma": 0.11271872701761002}, "datetime": {"datetime": "2021-10-04 12:21:28", "elapsed": 151.767825, "delta": 1.598969}}
{"target": -3.9246155687631927, "params": {"C": 2117.6772369421565, "gamma": 0.6899910270438268}, "datetime": {"datetime": "2021-10-04 12:21:29", "elapsed": 152.657101, "delta": 0.889276}}
{"target": -3.6127185017715546, "params": {"C": 4769.708781760609, "gamma": 0.687594060947302}, "datetime": {"datetime": "2021-10-04 12:21:31", "elapsed": 154.083092, "delta": 1.425991}}
{"target": -2.1122329002384563, "params": {"C": 9819.46156151614, "gamma": 0.0616245679387871}, "datetime": {"datetime": "2021-10-04 12:21:32", "elapsed": 155.364419, "delta": 1.281327}}
{"target": -3.1956827468689255, "params": {"C": 3563.977896810922, "gamma": 0.46278770458895363}, "datetime": {"datetime": "2021-10-04 12:21:34", "elapsed": 157.148758, "delta": 1.784339}}
{"target": -3.720630886475959, "params": {"C": 5402.726433455507, "gamma": 0.7534051697185037}, "datetime": {"datetime": "2021-10-04 12:21:35", "elapsed": 159.008987, "delta": 1.860229}}
{"target": -2.714165372267199, "params": {"C": 3565.8678153261108, "gamma": 0.2527677316745334}, "datetime": {"datetime": "2021-10-04 12:21:37", "elapsed": 160.189219, "delta": 1.180232}}
{"target": -2.486365350121792, "params": {"C": 4205.025335949743, "gamma": 0.028608535347084574}, "datetime": {"datetime": "2021-10-04 12:21:38", "elapsed": 161.318028, "delta": 1.128809}}
{"target": -3.3130446889713565, "params": {"C": 1151.2957122090415, "gamma": 0.2874768052698464}, "datetime": {"datetime": "2021-10-04 12:21:39", "elapsed": 162.318199, "delta": 1.000171}}
{"target": -4.642221085709366, "params": {"C": 9820.356079787463, "gamma": 0.0001}, "datetime": {"datetime": "2021-10-04 12:21:40", "elapsed": 163.712094, "delta": 1.393895}}
{"target": -3.0093797258671926, "params": {"C": 4764.269626784666, "gamma": 0.42246439320903534}, "datetime": {"datetime": "2021-10-04 12:21:41", "elapsed": 164.987021, "delta": 1.274927}}
{"target": -2.5248341379208603, "params": {"C": 9819.590228362664, "gamma": 0.2547552237333377}, "datetime": {"datetime": "2021-10-04 12:21:43", "elapsed": 166.429713, "delta": 1.442692}}
{"target": -2.714296271661113, "params": {"C": 7064.081869879153, "gamma": 0.3231377320199534}, "datetime": {"datetime": "2021-10-04 12:21:44", "elapsed": 167.474225, "delta": 1.044512}}
{"target": -2.153162822328211, "params": {"C": 8086.229197490931, "gamma": 0.06447430453474505}, "datetime": {"datetime": "2021-10-04 12:21:45", "elapsed": 168.508466, "delta": 1.034241}}
{"target": -3.0123735199070025, "params": {"C": 9032.051065118738, "gamma": 0.4833087389342604}, "datetime": {"datetime": "2021-10-04 12:21:46", "elapsed": 169.525815, "delta": 1.017349}}
{"target": -2.866543685101414, "params": {"C": 8086.5476113878085, "gamma": 0.4069082367676255}, "datetime": {"datetime": "2021-10-04 12:21:47", "elapsed": 170.976928, "delta": 1.451113}}
{"target": -3.6515818528170434, "params": {"C": 8086.032846913223, "gamma": 0.7588072434823218}, "datetime": {"datetime": "2021-10-04 12:21:49", "elapsed": 172.307268, "delta": 1.33034}}
