{"target": 0.3690964891532371, "params": {"C": 91.51455746830923, "gamma": 0.06759575448701}, "datetime": {"datetime": "2021-10-04 09:13:16", "elapsed": 1222.570198, "delta": 2.869546}}
{"target": 0.4017804861547739, "params": {"C": 77.66979615876633, "gamma": 0.04113112754416558}, "datetime": {"datetime": "2021-10-04 09:13:18", "elapsed": 1224.685374, "delta": 2.115176}}
{"target": -0.25936984056762324, "params": {"C": 21.51657645393169, "gamma": 0.3256985444629873}, "datetime": {"datetime": "2021-10-04 09:13:20", "elapsed": 1226.006488, "delta": 1.321114}}
{"target": 0.4465067422914286, "params": {"C": 87.57076010338123, "gamma": 0.013182150094316886}, "datetime": {"datetime": "2021-10-04 09:13:22", "elapsed": 1228.557187, "delta": 2.550699}}
{"target": -0.37763390695491705, "params": {"C": 87.92451870920857, "gamma": 0.0001}, "datetime": {"datetime": "2021-10-04 09:13:24", "elapsed": 1230.603401, "delta": 2.046214}}
{"target": 0.36597527362738613, "params": {"C": 87.99639351801834, "gamma": 0.06537320510146064}, "datetime": {"datetime": "2021-10-04 09:13:26", "elapsed": 1232.720153, "delta": 2.116752}}
{"target": 0.3833234719938562, "params": {"C": 67.42396861307734, "gamma": 0.036673543723150355}, "datetime": {"datetime": "2021-10-04 09:13:28", "elapsed": 1234.082363, "delta": 1.36221}}
{"target": 0.36156518599329457, "params": {"C": 85.9498121328975, "gamma": 0.06506768695391346}, "datetime": {"datetime": "2021-10-04 09:13:30", "elapsed": 1236.44808, "delta": 2.365717}}
{"target": -0.17366372038943312, "params": {"C": 40.41086477332912, "gamma": 0.4179860418162685}, "datetime": {"datetime": "2021-10-04 09:13:31", "elapsed": 1237.815823, "delta": 1.367743}}
{"target": 0.28645244347703624, "params": {"C": 89.45375261812652, "gamma": 0.0026909342538927487}, "datetime": {"datetime": "2021-10-04 09:13:34", "elapsed": 1240.201246, "delta": 2.385423}}
{"target": 0.1865957858656112, "params": {"C": 87.43683641638003, "gamma": 0.0013680834350164133}, "datetime": {"datetime": "2021-10-04 09:13:36", "elapsed": 1242.353269, "delta": 2.152023}}
{"target": 0.3983189045682274, "params": {"C": 97.11288973434952, "gamma": 0.06094588931329598}, "datetime": {"datetime": "2021-10-04 09:13:39", "elapsed": 1245.105732, "delta": 2.752463}}
{"target": 0.031697712076645845, "params": {"C": 68.56984087913341, "gamma": 0.2596407150339903}, "datetime": {"datetime": "2021-10-04 09:13:40", "elapsed": 1246.54965, "delta": 1.443918}}
{"target": 0.3132680377409075, "params": {"C": 72.7689223464009, "gamma": 0.06947323837553554}, "datetime": {"datetime": "2021-10-04 09:13:43", "elapsed": 1248.992765, "delta": 2.443115}}
{"target": 0.221778288680757, "params": {"C": 86.81008096241595, "gamma": 0.0017353924181335361}, "datetime": {"datetime": "2021-10-04 09:13:45", "elapsed": 1251.23032, "delta": 2.237555}}
{"target": 0.4118113036048098, "params": {"C": 88.89176013988444, "gamma": 0.04822792746584671}, "datetime": {"datetime": "2021-10-04 09:13:46", "elapsed": 1252.575567, "delta": 1.345247}}
{"target": 0.39160454875844253, "params": {"C": 89.55492882977731, "gamma": 0.05672615504738506}, "datetime": {"datetime": "2021-10-04 09:13:48", "elapsed": 1254.601704, "delta": 2.026137}}
{"target": 0.275153655940636, "params": {"C": 87.89953018162643, "gamma": 0.10649189540236842}, "datetime": {"datetime": "2021-10-04 09:13:51", "elapsed": 1257.109885, "delta": 2.508181}}
{"target": 0.31770083163850726, "params": {"C": 90.10255222359899, "gamma": 0.0034366833334264404}, "datetime": {"datetime": "2021-10-04 09:13:54", "elapsed": 1260.229069, "delta": 3.119184}}
{"target": 0.24143105185007785, "params": {"C": 86.8427059479023, "gamma": 0.12368820060370772}, "datetime": {"datetime": "2021-10-04 09:13:57", "elapsed": 1263.893987, "delta": 3.664918}}
{"target": 0.25275050860987913, "params": {"C": 67.4747437699695, "gamma": 0.08756072452378791}, "datetime": {"datetime": "2021-10-04 09:13:59", "elapsed": 1265.920413, "delta": 2.026426}}
{"target": 0.32813288045291833, "params": {"C": 86.1790144648869, "gamma": 0.07918738855737514}, "datetime": {"datetime": "2021-10-04 09:14:02", "elapsed": 1268.195795, "delta": 2.275382}}
{"target": 0.30997890796910643, "params": {"C": 86.67169878992726, "gamma": 0.08784961779352424}, "datetime": {"datetime": "2021-10-04 09:14:04", "elapsed": 1270.802898, "delta": 2.607103}}
{"target": 0.4046754970590569, "params": {"C": 67.34911489729973, "gamma": 0.01514744144127981}, "datetime": {"datetime": "2021-10-04 09:14:07", "elapsed": 1273.371874, "delta": 2.568976}}
{"target": 0.4446100034270076, "params": {"C": 92.88402615676331, "gamma": 0.011017781009476276}, "datetime": {"datetime": "2021-10-04 09:14:09", "elapsed": 1275.578579, "delta": 2.206705}}
{"target": 0.25417964293312245, "params": {"C": 67.37743911560659, "gamma": 0.08677554154552133}, "datetime": {"datetime": "2021-10-04 09:14:12", "elapsed": 1278.306681, "delta": 2.728102}}
{"target": 0.3631256104450974, "params": {"C": 89.16582728365171, "gamma": 0.06770169721916934}, "datetime": {"datetime": "2021-10-04 09:14:14", "elapsed": 1280.46791, "delta": 2.161229}}
{"target": 0.2962622365282649, "params": {"C": 90.86169165581438, "gamma": 0.09960511783832293}, "datetime": {"datetime": "2021-10-04 09:14:16", "elapsed": 1282.792136, "delta": 2.324226}}
{"target": -0.27217848060610095, "params": {"C": 13.850482787939592, "gamma": 0.20940698268048602}, "datetime": {"datetime": "2021-10-04 09:14:18", "elapsed": 1284.201236, "delta": 1.4091}}
{"target": 0.3383515196334759, "params": {"C": 67.28922576461282, "gamma": 0.053281643558446966}, "datetime": {"datetime": "2021-10-04 09:14:20", "elapsed": 1286.418461, "delta": 2.217225}}
{"target": -0.4130546480816586, "params": {"C": 72.80224450241867, "gamma": 0.0001}, "datetime": {"datetime": "2021-10-04 09:14:22", "elapsed": 1288.711579, "delta": 2.293118}}
{"target": 0.4248526269529792, "params": {"C": 72.67385460501517, "gamma": 0.01913675259394157}, "datetime": {"datetime": "2021-10-04 09:14:25", "elapsed": 1291.078199, "delta": 2.36662}}
{"target": 0.34439617865074545, "params": {"C": 72.88810503489843, "gamma": 0.057612211620624805}, "datetime": {"datetime": "2021-10-04 09:14:28", "elapsed": 1294.174816, "delta": 3.096617}}
{"target": 0.35897968057275675, "params": {"C": 88.06532056970391, "gamma": 0.0682756867687941}, "datetime": {"datetime": "2021-10-04 09:14:30", "elapsed": 1296.843883, "delta": 2.669067}}
{"target": 0.4349976246264211, "params": {"C": 89.94605376013538, "gamma": 0.03991940435934515}, "datetime": {"datetime": "2021-10-04 09:14:32", "elapsed": 1298.939399, "delta": 2.095516}}
{"target": 0.3669708305953828, "params": {"C": 97.55040810433098, "gamma": 0.0743677230310274}, "datetime": {"datetime": "2021-10-04 09:14:35", "elapsed": 1301.824109, "delta": 2.88471}}
{"target": -0.14743787727864976, "params": {"C": 16.855596707085382, "gamma": 0.13072754056989278}, "datetime": {"datetime": "2021-10-04 09:14:37", "elapsed": 1303.282257, "delta": 1.458148}}
{"target": 0.24365588858557108, "params": {"C": 88.13660165156023, "gamma": 0.001985992800986531}, "datetime": {"datetime": "2021-10-04 09:14:39", "elapsed": 1305.444909, "delta": 2.162652}}
{"target": 0.2589307690328472, "params": {"C": 79.06096194061793, "gamma": 0.10215909955602288}, "datetime": {"datetime": "2021-10-04 09:14:42", "elapsed": 1308.210706, "delta": 2.765797}}
{"target": -0.3708050263723459, "params": {"C": 91.01089576298936, "gamma": 0.0001}, "datetime": {"datetime": "2021-10-04 09:14:44", "elapsed": 1310.785113, "delta": 2.574407}}
{"target": 0.37705792835497587, "params": {"C": 90.97196637684019, "gamma": 0.06383860134079046}, "datetime": {"datetime": "2021-10-04 09:14:48", "elapsed": 1314.911592, "delta": 4.126479}}
{"target": 0.305228543835282, "params": {"C": 91.04853401675781, "gamma": 0.09541451214247958}, "datetime": {"datetime": "2021-10-04 09:14:52", "elapsed": 1318.07118, "delta": 3.159588}}
{"target": 0.3407021670650894, "params": {"C": 89.09753292590584, "gamma": 0.07699984320723516}, "datetime": {"datetime": "2021-10-04 09:14:54", "elapsed": 1320.770645, "delta": 2.699465}}
{"target": 0.37331813241464407, "params": {"C": 72.71545643401134, "gamma": 0.04664432693313243}, "datetime": {"datetime": "2021-10-04 09:14:57", "elapsed": 1323.18066, "delta": 2.410015}}
{"target": 0.11197027317360109, "params": {"C": 59.82785947376005, "gamma": 0.15065636953193245}, "datetime": {"datetime": "2021-10-04 09:14:58", "elapsed": 1324.657068, "delta": 1.476408}}
{"target": 0.3758817613286676, "params": {"C": 86.98876858379154, "gamma": 0.06043494862200737}, "datetime": {"datetime": "2021-10-04 09:15:02", "elapsed": 1328.379804, "delta": 3.722736}}
{"target": 0.0636583153319571, "params": {"C": 78.2271816428302, "gamma": 0.2571241866198365}, "datetime": {"datetime": "2021-10-04 09:15:03", "elapsed": 1329.821942, "delta": 1.442138}}
{"target": 0.2732619588281273, "params": {"C": 88.31170721678872, "gamma": 0.0024676643903269236}, "datetime": {"datetime": "2021-10-04 09:15:07", "elapsed": 1333.500671, "delta": 3.678729}}
{"target": 0.45787035604933224, "params": {"C": 88.81904243797915, "gamma": 0.01574266162215208}, "datetime": {"datetime": "2021-10-04 09:15:10", "elapsed": 1336.337806, "delta": 2.837135}}
{"target": 0.4570360578880046, "params": {"C": 87.70381012231755, "gamma": 0.02647991310332655}, "datetime": {"datetime": "2021-10-04 09:15:12", "elapsed": 1338.785964, "delta": 2.448158}}
{"target": -0.3861807063370626, "params": {"C": 77.68665888050714, "gamma": 0.00010837888933629417}, "datetime": {"datetime": "2021-10-04 09:15:14", "elapsed": 1340.745472, "delta": 1.959508}}
{"target": 0.47288532616014545, "params": {"C": 97.00653989884306, "gamma": 0.028839982168111372}, "datetime": {"datetime": "2021-10-04 09:15:17", "elapsed": 1343.69927, "delta": 2.953798}}
{"target": 0.44078103929396273, "params": {"C": 97.30818605509793, "gamma": 0.04408802009005256}, "datetime": {"datetime": "2021-10-04 09:15:20", "elapsed": 1346.766514, "delta": 3.067244}}
{"target": -0.4059861459895384, "params": {"C": 6.246129016092711, "gamma": 0.19910194871764358}, "datetime": {"datetime": "2021-10-04 09:15:22", "elapsed": 1348.271368, "delta": 1.504854}}
{"target": 0.4019770083742794, "params": {"C": 88.4083381491424, "gamma": 0.051612555514394545}, "datetime": {"datetime": "2021-10-04 09:15:24", "elapsed": 1350.702581, "delta": 2.431213}}
{"target": 0.43935607415522304, "params": {"C": 97.19776996156692, "gamma": 0.009435464036460506}, "datetime": {"datetime": "2021-10-04 09:15:27", "elapsed": 1353.156125, "delta": 2.453544}}
{"target": 0.3777679415325167, "params": {"C": 77.63026829142932, "gamma": 0.050256311906610875}, "datetime": {"datetime": "2021-10-04 09:15:30", "elapsed": 1356.757364, "delta": 3.601239}}
{"target": 0.3781543552618395, "params": {"C": 87.39250373247656, "gamma": 0.059936587747967486}, "datetime": {"datetime": "2021-10-04 09:15:34", "elapsed": 1360.331602, "delta": 3.574238}}
{"target": 0.434918266363007, "params": {"C": 77.7623269805089, "gamma": 0.016563197528547745}, "datetime": {"datetime": "2021-10-04 09:15:36", "elapsed": 1362.87042, "delta": 2.538818}}
{"target": 0.37822747005925494, "params": {"C": 91.37521712746585, "gamma": 0.06375497104761074}, "datetime": {"datetime": "2021-10-04 09:15:39", "elapsed": 1365.76518, "delta": 2.89476}}
{"target": 0.27403243776155284, "params": {"C": 92.83897785033894, "gamma": 0.0023347722442366623}, "datetime": {"datetime": "2021-10-04 09:15:43", "elapsed": 1369.002853, "delta": 3.237673}}
{"target": 0.40533929016442727, "params": {"C": 92.80693500367559, "gamma": 0.05431175084081524}, "datetime": {"datetime": "2021-10-04 09:15:45", "elapsed": 1371.490379, "delta": 2.487526}}
{"target": 0.3831350342713644, "params": {"C": 77.73982402379006, "gamma": 0.048346386863204076}, "datetime": {"datetime": "2021-10-04 09:15:49", "elapsed": 1375.318594, "delta": 3.828215}}
{"target": 0.16914223087500935, "params": {"C": 97.51718021678676, "gamma": 0.0010889839516015562}, "datetime": {"datetime": "2021-10-04 09:15:53", "elapsed": 1379.490326, "delta": 4.171732}}
{"target": 0.40982142491164597, "params": {"C": 97.48411219004701, "gamma": 0.05665065007010547}, "datetime": {"datetime": "2021-10-04 09:15:56", "elapsed": 1382.09947, "delta": 2.609144}}
{"target": 0.34621441645692785, "params": {"C": 89.09736113235738, "gamma": 0.004454098143358867}, "datetime": {"datetime": "2021-10-04 09:15:58", "elapsed": 1384.658664, "delta": 2.559194}}
{"target": 0.3886530812760347, "params": {"C": 85.95415427666786, "gamma": 0.006935806375426131}, "datetime": {"datetime": "2021-10-04 09:16:01", "elapsed": 1387.34003, "delta": 2.681366}}
{"target": 0.42003084666868085, "params": {"C": 90.83289922042742, "gamma": 0.04676362330523739}, "datetime": {"datetime": "2021-10-04 09:16:04", "elapsed": 1390.773937, "delta": 3.433907}}
{"target": 0.2964235564695691, "params": {"C": 87.27739330264836, "gamma": 0.09497639556496347}, "datetime": {"datetime": "2021-10-04 09:16:06", "elapsed": 1392.602483, "delta": 1.828546}}
{"target": 0.44725926773997315, "params": {"C": 91.21123554104582, "gamma": 0.03584684996882643}, "datetime": {"datetime": "2021-10-04 09:16:09", "elapsed": 1395.093567, "delta": 2.491084}}
{"target": 0.4244948787086259, "params": {"C": 97.23058030138286, "gamma": 0.05058126443177778}, "datetime": {"datetime": "2021-10-04 09:16:12", "elapsed": 1398.878308, "delta": 3.784741}}
{"target": 0.40703123874416314, "params": {"C": 87.66683721316528, "gamma": 0.04895834106419783}, "datetime": {"datetime": "2021-10-04 09:16:16", "elapsed": 1402.715624, "delta": 3.837316}}
{"target": 0.3990752531365793, "params": {"C": 86.71554894865518, "gamma": 0.05115089159225333}, "datetime": {"datetime": "2021-10-04 09:16:21", "elapsed": 1407.243123, "delta": 4.527499}}
{"target": 0.42410144640781167, "params": {"C": 72.67383832753114, "gamma": 0.018068912085189872}, "datetime": {"datetime": "2021-10-04 09:16:23", "elapsed": 1409.027829, "delta": 1.784706}}
{"target": 0.3407211339473276, "params": {"C": 90.90512538836862, "gamma": 0.004131344166962202}, "datetime": {"datetime": "2021-10-04 09:16:26", "elapsed": 1412.13991, "delta": 3.112081}}
{"target": 0.3499061820753183, "params": {"C": 88.31706915225597, "gamma": 0.07227690208815081}, "datetime": {"datetime": "2021-10-04 09:16:29", "elapsed": 1415.593413, "delta": 3.453503}}
{"target": 0.4705393723068375, "params": {"C": 92.76917103895916, "gamma": 0.01852379222460377}, "datetime": {"datetime": "2021-10-04 09:16:33", "elapsed": 1419.014323, "delta": 3.42091}}
{"target": -0.30150379353851475, "params": {"C": 12.53647640048246, "gamma": 0.2227209634502355}, "datetime": {"datetime": "2021-10-04 09:16:34", "elapsed": 1420.714994, "delta": 1.700671}}
{"target": -0.16231809991186896, "params": {"C": 29.906210322939295, "gamma": 0.27503930571603846}, "datetime": {"datetime": "2021-10-04 09:16:36", "elapsed": 1422.440676, "delta": 1.725682}}
{"target": 0.06041728902709442, "params": {"C": 93.4864607205946, "gamma": 0.3186043278498682}, "datetime": {"datetime": "2021-10-04 09:16:38", "elapsed": 1424.115563, "delta": 1.674887}}
{"target": 0.3540224005455328, "params": {"C": 86.90978123691977, "gamma": 0.06910649137708899}, "datetime": {"datetime": "2021-10-04 09:16:40", "elapsed": 1426.865392, "delta": 2.749829}}
{"target": 0.1965606199928196, "params": {"C": 88.92576298515944, "gamma": 0.0014293270710684061}, "datetime": {"datetime": "2021-10-04 09:16:43", "elapsed": 1429.583432, "delta": 2.71804}}
{"target": 0.35539356122964505, "params": {"C": 89.49267678893334, "gamma": 0.07121536076655041}, "datetime": {"datetime": "2021-10-04 09:16:46", "elapsed": 1432.535503, "delta": 2.952071}}
{"target": 0.404876873488348, "params": {"C": 86.5126968035751, "gamma": 0.04871319279143106}, "datetime": {"datetime": "2021-10-04 09:16:48", "elapsed": 1434.442181, "delta": 1.906678}}
{"target": 0.33154450627483534, "params": {"C": 87.20172256099856, "gamma": 0.07886292793279716}, "datetime": {"datetime": "2021-10-04 09:16:51", "elapsed": 1437.314003, "delta": 2.871822}}
{"target": 0.3515123864114197, "params": {"C": 86.2492351067442, "gamma": 0.06944062429859507}, "datetime": {"datetime": "2021-10-04 09:16:55", "elapsed": 1441.62007, "delta": 4.306067}}
{"target": 0.401928823866591, "params": {"C": 88.98816969800852, "gamma": 0.052169118661194426}, "datetime": {"datetime": "2021-10-04 09:16:58", "elapsed": 1444.679185, "delta": 3.059115}}
{"target": 0.3966316636716998, "params": {"C": 90.12599081462938, "gamma": 0.05528896051080145}, "datetime": {"datetime": "2021-10-04 09:17:03", "elapsed": 1449.524471, "delta": 4.845286}}
{"target": 0.3577117424698101, "params": {"C": 86.90458907229686, "gamma": 0.005109395492623909}, "datetime": {"datetime": "2021-10-04 09:17:06", "elapsed": 1452.548534, "delta": 3.024063}}
{"target": 0.30462391705569125, "params": {"C": 89.29498785734883, "gamma": 0.09355633430321883}, "datetime": {"datetime": "2021-10-04 09:17:11", "elapsed": 1457.794489, "delta": 5.245955}}
{"target": 0.37819754690071794, "params": {"C": 86.0396133648684, "gamma": 0.05859510863818223}, "datetime": {"datetime": "2021-10-04 09:17:14", "elapsed": 1460.90685, "delta": 3.112361}}
{"target": 0.13553155684094775, "params": {"C": 88.55659517165378, "gamma": 0.20858375071063867}, "datetime": {"datetime": "2021-10-04 09:17:16", "elapsed": 1462.675831, "delta": 1.768981}}
{"target": 0.39405239628997535, "params": {"C": 88.78383001930719, "gamma": 0.05504663965163668}, "datetime": {"datetime": "2021-10-04 09:17:20", "elapsed": 1466.900334, "delta": 4.224503}}
{"target": 0.5724740727604971, "params": {"C": 475.3198042323166, "gamma": 0.14420473644171056}, "datetime": {"datetime": "2021-10-04 09:17:26", "elapsed": 0.0, "delta": 0.0}}
{"target": 0.4050969987747529, "params": {"C": 100.10293733561039, "gamma": 0.06081534824005204}, "datetime": {"datetime": "2021-10-04 09:17:26", "elapsed": 0.212195, "delta": 0.212195}}
{"target": 0.6201435047358703, "params": {"C": 232.08030173540175, "gamma": 0.018921549656375162}, "datetime": {"datetime": "2021-10-04 09:17:26", "elapsed": 0.412764, "delta": 0.200569}}
{"target": 0.5770602717494375, "params": {"C": 267.6341902399038, "gamma": 0.06943936504508803}, "datetime": {"datetime": "2021-10-04 09:17:26", "elapsed": 0.64458, "delta": 0.231816}}
{"target": 0.6108188486811208, "params": {"C": 457.09072680760295, "gamma": 0.10799393843366972}, "datetime": {"datetime": "2021-10-04 09:17:27", "elapsed": 0.857237, "delta": 0.212657}}
{"target": 0.469987643004365, "params": {"C": 233.55433990686709, "gamma": 0.11786077229426149}, "datetime": {"datetime": "2021-10-04 09:17:27", "elapsed": 1.132148, "delta": 0.274911}}
{"target": 0.5553729806296919, "params": {"C": 475.3131916788545, "gamma": 0.15909714245444784}, "datetime": {"datetime": "2021-10-04 09:17:27", "elapsed": 1.424501, "delta": 0.292353}}
{"target": 0.4584809957029524, "params": {"C": 234.3760418563566, "gamma": 0.12594794691855116}, "datetime": {"datetime": "2021-10-04 09:17:27", "elapsed": 1.683089, "delta": 0.258588}}
{"target": 0.5027311585495602, "params": {"C": 231.939122910167, "gamma": 0.005007173286428149}, "datetime": {"datetime": "2021-10-04 09:17:28", "elapsed": 1.984856, "delta": 0.301767}}
{"target": 0.546486643930439, "params": {"C": 475.30123625410874, "gamma": 0.1671294362312469}, "datetime": {"datetime": "2021-10-04 09:17:28", "elapsed": 2.245863, "delta": 0.261007}}
{"target": 0.6201531695840458, "params": {"C": 232.20949076129153, "gamma": 0.02752565172498847}, "datetime": {"datetime": "2021-10-04 09:17:28", "elapsed": 2.620146, "delta": 0.374283}}
{"target": 0.3807565427508125, "params": {"C": 232.1280414118869, "gamma": 0.18433769937564595}, "datetime": {"datetime": "2021-10-04 09:17:29", "elapsed": 2.92322, "delta": 0.303074}}
{"target": 0.6137442329870579, "params": {"C": 456.9984069330395, "gamma": 0.10576659721542657}, "datetime": {"datetime": "2021-10-04 09:17:29", "elapsed": 3.243222, "delta": 0.320002}}
{"target": 0.6174469881362745, "params": {"C": 597.8811801615046, "gamma": 0.1405586157909123}, "datetime": {"datetime": "2021-10-04 09:17:29", "elapsed": 3.516217, "delta": 0.272995}}
{"target": 0.5306998551292188, "params": {"C": 233.6003603048443, "gamma": 0.08163339464762383}, "datetime": {"datetime": "2021-10-04 09:17:29", "elapsed": 3.806828, "delta": 0.290611}}
{"target": 0.7330157139746416, "params": {"C": 597.8863385491003, "gamma": 0.025662104673251144}, "datetime": {"datetime": "2021-10-04 09:17:30", "elapsed": 4.095234, "delta": 0.288406}}
{"target": 0.6649593907049353, "params": {"C": 405.27899664024994, "gamma": 0.05534134005396872}, "datetime": {"datetime": "2021-10-04 09:17:30", "elapsed": 4.404715, "delta": 0.309481}}
{"target": 0.705899465794279, "params": {"C": 598.0139807368487, "gamma": 0.0657820747673463}, "datetime": {"datetime": "2021-10-04 09:17:30", "elapsed": 4.701305, "delta": 0.29659}}
{"target": 0.7429852061749285, "params": {"C": 918.7953567585747, "gamma": 0.08350548993086827}, "datetime": {"datetime": "2021-10-04 09:17:31", "elapsed": 4.991661, "delta": 0.290356}}
{"target": 0.6504541847612526, "params": {"C": 918.8664591946002, "gamma": 0.17901080690379323}, "datetime": {"datetime": "2021-10-04 09:17:31", "elapsed": 5.277721, "delta": 0.28606}}
{"target": 0.757161968611706, "params": {"C": 918.6430904670283, "gamma": 0.06788775591771051}, "datetime": {"datetime": "2021-10-04 09:17:31", "elapsed": 5.586399, "delta": 0.308678}}
{"target": 0.7745202318462654, "params": {"C": 918.502429150752, "gamma": 0.03268799060244236}, "datetime": {"datetime": "2021-10-04 09:17:32", "elapsed": 5.907626, "delta": 0.321227}}
{"target": 0.7687881031799246, "params": {"C": 918.3358751059643, "gamma": 0.05225036933878586}, "datetime": {"datetime": "2021-10-04 09:17:32", "elapsed": 6.207745, "delta": 0.300119}}
