{"target": 0.8973092047313869, "params": {"C": 11351.28570856171, "gamma": 0.09882359902255285}, "datetime": {"datetime": "2021-10-04 09:35:27", "elapsed": 215.494714, "delta": 1.428816}}
{"target": 0.8803392543260133, "params": {"C": 25031.302211125803, "gamma": 0.017587027525686093}, "datetime": {"datetime": "2021-10-04 09:35:29", "elapsed": 216.643789, "delta": 1.149075}}
{"target": 0.9124591745506174, "params": {"C": 19264.514473198178, "gamma": 0.07878986355909108}, "datetime": {"datetime": "2021-10-04 09:35:30", "elapsed": 217.722433, "delta": 1.078644}}
{"target": 0.8481068735471998, "params": {"C": 19437.30919202093, "gamma": 0.006711367013252593}, "datetime": {"datetime": "2021-10-04 09:35:31", "elapsed": 218.902541, "delta": 1.180108}}
{"target": 0.8717540765801868, "params": {"C": 27380.234482371325, "gamma": 0.012822263408347096}, "datetime": {"datetime": "2021-10-04 09:35:32", "elapsed": 220.058988, "delta": 1.156447}}
{"target": 0.9238342006663889, "params": {"C": 42245.247114681144, "gamma": 0.044611192602040564}, "datetime": {"datetime": "2021-10-04 09:35:34", "elapsed": 221.577838, "delta": 1.51885}}
{"target": 0.8749108894257036, "params": {"C": 26614.076893803838, "gamma": 0.014574186113120679}, "datetime": {"datetime": "2021-10-04 09:35:35", "elapsed": 222.660444, "delta": 1.082606}}
{"target": 0.9151875956653738, "params": {"C": 39121.60316685268, "gamma": 0.0793279094990508}, "datetime": {"datetime": "2021-10-04 09:35:36", "elapsed": 223.786206, "delta": 1.125762}}
{"target": 0.8922074448205304, "params": {"C": 15099.634271182545, "gamma": 0.027335574591635797}, "datetime": {"datetime": "2021-10-04 09:35:37", "elapsed": 224.970285, "delta": 1.184079}}
{"target": 0.8661853665846428, "params": {"C": 14021.008067727298, "gamma": 0.013286994151257128}, "datetime": {"datetime": "2021-10-04 09:35:38", "elapsed": 226.162768, "delta": 1.192483}}
{"target": 0.906984040634897, "params": {"C": 47780.94903512003, "gamma": 0.09249623169391882}, "datetime": {"datetime": "2021-10-04 09:35:39", "elapsed": 227.371775, "delta": 1.209007}}
{"target": 0.9048644036662095, "params": {"C": 39079.36797301713, "gamma": 0.09790060263428697}, "datetime": {"datetime": "2021-10-04 09:35:41", "elapsed": 228.553257, "delta": 1.181482}}
{"target": 0.9204749691232719, "params": {"C": 25969.580350304375, "gamma": 0.05680603526060057}, "datetime": {"datetime": "2021-10-04 09:35:42", "elapsed": 229.740222, "delta": 1.186965}}
{"target": 0.9159414461884816, "params": {"C": 44525.1922658369, "gamma": 0.07739605613315349}, "datetime": {"datetime": "2021-10-04 09:35:43", "elapsed": 230.946257, "delta": 1.206035}}
{"target": 0.8965058939176298, "params": {"C": 27909.981446082078, "gamma": 0.025220775162725213}, "datetime": {"datetime": "2021-10-04 09:35:44", "elapsed": 232.221966, "delta": 1.275709}}
{"target": 0.9066818939807482, "params": {"C": 48888.746590779214, "gamma": 0.09275640629233675}, "datetime": {"datetime": "2021-10-04 09:35:45", "elapsed": 233.432786, "delta": 1.21082}}
{"target": 0.92538396548837, "params": {"C": 46160.04346044163, "gamma": 0.05217122690667577}, "datetime": {"datetime": "2021-10-04 09:35:47", "elapsed": 234.563012, "delta": 1.130226}}
{"target": 0.9108745549362692, "params": {"C": 13814.285333040516, "gamma": 0.06921211124470568}, "datetime": {"datetime": "2021-10-04 09:35:48", "elapsed": 235.794664, "delta": 1.231652}}
{"target": 0.8786775394257783, "params": {"C": 36701.58440849109, "gamma": 0.01570849391108205}, "datetime": {"datetime": "2021-10-04 09:35:49", "elapsed": 236.971952, "delta": 1.177288}}
{"target": 0.8920836218493383, "params": {"C": 27973.367071573794, "gamma": 0.022954199019080523}, "datetime": {"datetime": "2021-10-04 09:35:50", "elapsed": 238.204633, "delta": 1.232681}}
{"target": 0.9021727121913132, "params": {"C": 15646.092436748295, "gamma": 0.09778132696227006}, "datetime": {"datetime": "2021-10-04 09:35:51", "elapsed": 239.379863, "delta": 1.17523}}
{"target": 0.9010196731724732, "params": {"C": 10124.641718412453, "gamma": 0.043306312476451087}, "datetime": {"datetime": "2021-10-04 09:35:53", "elapsed": 240.591939, "delta": 1.212076}}
{"target": 0.9081033607368195, "params": {"C": 21579.884148814082, "gamma": 0.09086504656255641}, "datetime": {"datetime": "2021-10-04 09:35:54", "elapsed": 241.80948, "delta": 1.217541}}
{"target": 0.9084742668180167, "params": {"C": 31661.18791860737, "gamma": 0.09223916730920406}, "datetime": {"datetime": "2021-10-04 09:35:55", "elapsed": 243.317084, "delta": 1.507604}}
{"target": 0.9193379010671108, "params": {"C": 25252.746655676525, "gamma": 0.06400592527879786}, "datetime": {"datetime": "2021-10-04 09:35:57", "elapsed": 244.581887, "delta": 1.264803}}
{"target": 0.8846506277827647, "params": {"C": 48000.66051302764, "gamma": 0.017564731558294144}, "datetime": {"datetime": "2021-10-04 09:35:58", "elapsed": 245.878498, "delta": 1.296611}}
{"target": 0.9201917840399951, "params": {"C": 30072.56987696894, "gamma": 0.04524880711633805}, "datetime": {"datetime": "2021-10-04 09:35:59", "elapsed": 247.162739, "delta": 1.284241}}
{"target": 0.8653766930679825, "params": {"C": 23221.665315036927, "gamma": 0.010412757345042871}, "datetime": {"datetime": "2021-10-04 09:36:01", "elapsed": 248.912344, "delta": 1.749605}}
{"target": 0.9179860144298011, "params": {"C": 28163.038324279718, "gamma": 0.07147388840743946}, "datetime": {"datetime": "2021-10-04 09:36:02", "elapsed": 250.112151, "delta": 1.199807}}
{"target": 0.8508689686235738, "params": {"C": 21597.50700767464, "gamma": 0.006812995792503137}, "datetime": {"datetime": "2021-10-04 09:36:03", "elapsed": 251.399139, "delta": 1.286988}}
{"target": 0.9116974575823844, "params": {"C": 36402.28291736782, "gamma": 0.08607628713297848}, "datetime": {"datetime": "2021-10-04 09:36:05", "elapsed": 252.621336, "delta": 1.222197}}
{"target": 0.9175295221383124, "params": {"C": 29507.275720233793, "gamma": 0.07328813562872548}, "datetime": {"datetime": "2021-10-04 09:36:06", "elapsed": 253.882747, "delta": 1.261411}}
{"target": 0.9023400672288575, "params": {"C": 10062.590689499719, "gamma": 0.08015214392089964}, "datetime": {"datetime": "2021-10-04 09:36:08", "elapsed": 255.719323, "delta": 1.836576}}
{"target": 0.9112027970992796, "params": {"C": 27510.835610898535, "gamma": 0.08666242479419846}, "datetime": {"datetime": "2021-10-04 09:36:09", "elapsed": 256.975801, "delta": 1.256478}}
{"target": 0.9155556331344703, "params": {"C": 18289.5258399724, "gamma": 0.06548140808528854}, "datetime": {"datetime": "2021-10-04 09:36:10", "elapsed": 258.224057, "delta": 1.248256}}
{"target": 0.9214508034224405, "params": {"C": 42286.56933663179, "gamma": 0.06600809816970875}, "datetime": {"datetime": "2021-10-04 09:36:12", "elapsed": 260.016744, "delta": 1.792687}}
{"target": 0.8273001111004589, "params": {"C": 34172.71610349449, "gamma": 0.0030121556694197443}, "datetime": {"datetime": "2021-10-04 09:36:14", "elapsed": 261.757299, "delta": 1.740555}}
{"target": 0.8884704239993677, "params": {"C": 29968.465821977403, "gamma": 0.02088029101308583}, "datetime": {"datetime": "2021-10-04 09:36:16", "elapsed": 263.548153, "delta": 1.790854}}
{"target": 0.8640515602713963, "params": {"C": 36837.96711639488, "gamma": 0.008243010259235618}, "datetime": {"datetime": "2021-10-04 09:36:17", "elapsed": 264.887791, "delta": 1.339638}}
{"target": 0.8162208967387107, "params": {"C": 49661.408610561855, "gamma": 0.0018945199580223805}, "datetime": {"datetime": "2021-10-04 09:36:19", "elapsed": 266.657079, "delta": 1.769288}}
{"target": 0.9124012438338656, "params": {"C": 25923.581726597622, "gamma": 0.08375798787719661}, "datetime": {"datetime": "2021-10-04 09:36:20", "elapsed": 268.015202, "delta": 1.358123}}
{"target": 0.9121689230297403, "params": {"C": 16977.212401100496, "gamma": 0.045998365362486825}, "datetime": {"datetime": "2021-10-04 09:36:22", "elapsed": 269.768103, "delta": 1.752901}}
{"target": 0.9009101469645234, "params": {"C": 42871.3305642511, "gamma": 0.024677764587584496}, "datetime": {"datetime": "2021-10-04 09:36:23", "elapsed": 271.090321, "delta": 1.322218}}
{"target": 0.9141123106434934, "params": {"C": 27212.10298440812, "gamma": 0.08047768023039491}, "datetime": {"datetime": "2021-10-04 09:36:25", "elapsed": 272.665575, "delta": 1.575254}}
{"target": 0.9239216583776826, "params": {"C": 37300.94580975087, "gamma": 0.052399341445019086}, "datetime": {"datetime": "2021-10-04 09:36:26", "elapsed": 274.134503, "delta": 1.468928}}
{"target": 0.9118032604002004, "params": {"C": 37164.620665568655, "gamma": 0.08582219156924184}, "datetime": {"datetime": "2021-10-04 09:36:28", "elapsed": 275.541474, "delta": 1.406971}}
{"target": 0.9157490375532704, "params": {"C": 49346.51219210326, "gamma": 0.03187139483866559}, "datetime": {"datetime": "2021-10-04 09:36:29", "elapsed": 276.937052, "delta": 1.395578}}
{"target": 0.7863449020002791, "params": {"C": 13702.799800853058, "gamma": 0.002329043988174147}, "datetime": {"datetime": "2021-10-04 09:36:30", "elapsed": 278.417522, "delta": 1.48047}}
{"target": 0.8644683566518085, "params": {"C": 27253.645282126326, "gamma": 0.009430081702781513}, "datetime": {"datetime": "2021-10-04 09:36:32", "elapsed": 280.367176, "delta": 1.949654}}
{"target": 0.9124297384371471, "params": {"C": 36791.290767647544, "gamma": 0.08469026160966528}, "datetime": {"datetime": "2021-10-04 09:36:34", "elapsed": 281.715576, "delta": 1.3484}}
{"target": 0.9056632332318705, "params": {"C": 46908.473684670804, "gamma": 0.09493811768851741}, "datetime": {"datetime": "2021-10-04 09:36:35", "elapsed": 283.324181, "delta": 1.608605}}
{"target": 0.9172297133351274, "params": {"C": 24562.56462310006, "gamma": 0.07103875437844571}, "datetime": {"datetime": "2021-10-04 09:36:37", "elapsed": 284.548766, "delta": 1.224585}}
{"target": 0.8664808083863841, "params": {"C": 11750.317726553052, "gamma": 0.014595302842535258}, "datetime": {"datetime": "2021-10-04 09:36:38", "elapsed": 285.877842, "delta": 1.329076}}
{"target": 0.9055576940015994, "params": {"C": 10320.320207312705, "gamma": 0.0547040886808492}, "datetime": {"datetime": "2021-10-04 09:36:40", "elapsed": 287.637255, "delta": 1.759413}}
{"target": 0.9234090370058583, "params": {"C": 35731.26685961352, "gamma": 0.055975145798211244}, "datetime": {"datetime": "2021-10-04 09:36:41", "elapsed": 289.446335, "delta": 1.80908}}
{"target": 0.8929105605493903, "params": {"C": 33027.18032878515, "gamma": 0.022490135511879745}, "datetime": {"datetime": "2021-10-04 09:36:43", "elapsed": 290.915743, "delta": 1.469408}}
{"target": 0.9167393431541042, "params": {"C": 25135.004553900748, "gamma": 0.07297393710035875}, "datetime": {"datetime": "2021-10-04 09:36:44", "elapsed": 292.204183, "delta": 1.28844}}
{"target": 0.8901791479480202, "params": {"C": 14179.767410524699, "gamma": 0.026556364417186312}, "datetime": {"datetime": "2021-10-04 09:36:46", "elapsed": 293.598235, "delta": 1.394052}}
{"target": 0.8457795431784465, "params": {"C": 15207.301581922995, "gamma": 0.007257518443895241}, "datetime": {"datetime": "2021-10-04 09:36:47", "elapsed": 295.202697, "delta": 1.604462}}
{"target": 0.9230569826286033, "params": {"C": 36509.96430982757, "gamma": 0.05914894316039856}, "datetime": {"datetime": "2021-10-04 09:36:49", "elapsed": 296.616684, "delta": 1.413987}}
{"target": 0.9082876630151724, "params": {"C": 15192.114257753372, "gamma": 0.042451072785293295}, "datetime": {"datetime": "2021-10-04 09:36:50", "elapsed": 297.977777, "delta": 1.361093}}
{"target": 0.9169411933650528, "params": {"C": 25777.350599697696, "gamma": 0.07288105096658308}, "datetime": {"datetime": "2021-10-04 09:36:51", "elapsed": 299.41456, "delta": 1.436783}}
{"target": 0.9236320055736931, "params": {"C": 48772.35994977084, "gamma": 0.06064019506019583}, "datetime": {"datetime": "2021-10-04 09:36:53", "elapsed": 300.798351, "delta": 1.383791}}
{"target": 0.9061062092055329, "params": {"C": 19509.286354788786, "gamma": 0.09363947232809987}, "datetime": {"datetime": "2021-10-04 09:36:54", "elapsed": 302.238791, "delta": 1.44044}}
{"target": 0.9055062073736544, "params": {"C": 27249.377177716273, "gamma": 0.09756293412784287}, "datetime": {"datetime": "2021-10-04 09:36:56", "elapsed": 303.617717, "delta": 1.378926}}
{"target": 0.9148572761407234, "params": {"C": 32215.684931335993, "gamma": 0.03621818707941633}, "datetime": {"datetime": "2021-10-04 09:36:57", "elapsed": 305.323196, "delta": 1.705479}}
{"target": 0.9109602093784464, "params": {"C": 13761.905302322619, "gamma": 0.053206024324113546}, "datetime": {"datetime": "2021-10-04 09:36:59", "elapsed": 306.711727, "delta": 1.388531}}
{"target": 0.8466532774255151, "params": {"C": 39396.27775471549, "gamma": 0.004467848682887451}, "datetime": {"datetime": "2021-10-04 09:37:01", "elapsed": 308.536386, "delta": 1.824659}}
{"target": 0.8926458741132934, "params": {"C": 16406.30169983248, "gamma": 0.02686942691822242}, "datetime": {"datetime": "2021-10-04 09:37:02", "elapsed": 309.884592, "delta": 1.348206}}
{"target": 0.8493319844963146, "params": {"C": 31677.10792940532, "gamma": 0.005361665002089074}, "datetime": {"datetime": "2021-10-04 09:37:03", "elapsed": 311.381041, "delta": 1.496449}}
{"target": 0.8997176202704805, "params": {"C": 11494.403518186686, "gamma": 0.09391001451102651}, "datetime": {"datetime": "2021-10-04 09:37:05", "elapsed": 312.841961, "delta": 1.46092}}
{"target": 0.9142234320336325, "params": {"C": 43441.387957609215, "gamma": 0.03206367377474808}, "datetime": {"datetime": "2021-10-04 09:37:07", "elapsed": 314.70652, "delta": 1.864559}}
{"target": 0.919340804800646, "params": {"C": 32245.858369494337, "gamma": 0.041786069866726686}, "datetime": {"datetime": "2021-10-04 09:37:08", "elapsed": 316.1815, "delta": 1.47498}}
{"target": 0.9071359193528181, "params": {"C": 30786.554341415085, "gamma": 0.03062016604042638}, "datetime": {"datetime": "2021-10-04 09:37:10", "elapsed": 317.64828, "delta": 1.46678}}
{"target": 0.8845955505577571, "params": {"C": 18841.629925577767, "gamma": 0.021098255945938463}, "datetime": {"datetime": "2021-10-04 09:37:11", "elapsed": 319.080795, "delta": 1.432515}}
{"target": 0.9120459202048612, "params": {"C": 31890.40508193465, "gamma": 0.08550321093309862}, "datetime": {"datetime": "2021-10-04 09:37:13", "elapsed": 320.948366, "delta": 1.867571}}
{"target": 0.9087775114727695, "params": {"C": 33768.83211061012, "gamma": 0.03081612439220107}, "datetime": {"datetime": "2021-10-04 09:37:14", "elapsed": 322.37897, "delta": 1.430604}}
{"target": 0.9061941509550717, "params": {"C": 34547.79083482305, "gamma": 0.09619560533454703}, "datetime": {"datetime": "2021-10-04 09:37:16", "elapsed": 324.218366, "delta": 1.839396}}
{"target": 0.9246818294485012, "params": {"C": 41202.90167387079, "gamma": 0.05190096914455654}, "datetime": {"datetime": "2021-10-04 09:37:18", "elapsed": 325.631043, "delta": 1.412677}}
{"target": 0.9068848045501721, "params": {"C": 21663.26377926216, "gamma": 0.0933957343460412}, "datetime": {"datetime": "2021-10-04 09:37:19", "elapsed": 327.044908, "delta": 1.413865}}
{"target": 0.8713965053799059, "params": {"C": 21254.35753778511, "gamma": 0.013516160370014428}, "datetime": {"datetime": "2021-10-04 09:37:21", "elapsed": 328.531784, "delta": 1.486876}}
{"target": 0.9019045737293097, "params": {"C": 43660.75839576321, "gamma": 0.02502173686877894}, "datetime": {"datetime": "2021-10-04 09:37:22", "elapsed": 329.924406, "delta": 1.392622}}
{"target": 0.8986398775152592, "params": {"C": 34335.599116117286, "gamma": 0.024986187045352364}, "datetime": {"datetime": "2021-10-04 09:37:23", "elapsed": 331.376781, "delta": 1.452375}}
{"target": 0.8682977492269757, "params": {"C": 26581.456722348506, "gamma": 0.01116808466047945}, "datetime": {"datetime": "2021-10-04 09:37:25", "elapsed": 333.226368, "delta": 1.849587}}
{"target": 0.9251173116067596, "params": {"C": 44331.612001051864, "gamma": 0.052681619678133514}, "datetime": {"datetime": "2021-10-04 09:37:27", "elapsed": 335.207839, "delta": 1.981471}}
{"target": 0.9027663482138438, "params": {"C": 12119.648087310186, "gamma": 0.04041026789967337}, "datetime": {"datetime": "2021-10-04 09:37:29", "elapsed": 336.637691, "delta": 1.429852}}
{"target": 0.9143335898535421, "params": {"C": 47544.06163586302, "gamma": 0.07987497654106807}, "datetime": {"datetime": "2021-10-04 09:37:31", "elapsed": 338.702491, "delta": 2.0648}}
{"target": 0.9001041004138144, "params": {"C": 49647.07874758132, "gamma": 0.023455528711299547}, "datetime": {"datetime": "2021-10-04 09:37:32", "elapsed": 340.142818, "delta": 1.440327}}
{"target": 0.9160905122717555, "params": {"C": 19131.050974462545, "gamma": 0.051995220864085034}, "datetime": {"datetime": "2021-10-04 09:37:34", "elapsed": 341.540998, "delta": 1.39818}}
{"target": 0.9035198694108393, "params": {"C": 10275.218303570344, "gamma": 0.07760109080749335}, "datetime": {"datetime": "2021-10-04 09:37:37", "elapsed": 344.834256, "delta": 1.408785}}
{"target": 0.9081870200762563, "params": {"C": 15337.873377942058, "gamma": 0.042045864961152576}, "datetime": {"datetime": "2021-10-04 09:37:39", "elapsed": 346.636535, "delta": 1.802279}}
{"target": 0.9105478637295734, "params": {"C": 22095.42627343498, "gamma": 0.08597463496605069}, "datetime": {"datetime": "2021-10-04 09:37:40", "elapsed": 348.048118, "delta": 1.411583}}
{"target": 0.9103805939375965, "params": {"C": 45807.541094749155, "gamma": 0.08709666405323632}, "datetime": {"datetime": "2021-10-04 09:37:42", "elapsed": 349.532083, "delta": 1.483965}}
{"target": 0.9229787229206486, "params": {"C": 41168.35540150975, "gamma": 0.0615649861079455}, "datetime": {"datetime": "2021-10-04 09:37:43", "elapsed": 350.970293, "delta": 1.43821}}
{"target": 0.920484839220337, "params": {"C": 47807.91388072121, "gamma": 0.06816307423032301}, "datetime": {"datetime": "2021-10-04 09:37:44", "elapsed": 352.364392, "delta": 1.394099}}
{"target": 0.9059787705396781, "params": {"C": 25091.893479219896, "gamma": 0.09634995658974801}, "datetime": {"datetime": "2021-10-04 09:37:46", "elapsed": 353.890274, "delta": 1.525882}}
{"target": 0.8802984347634004, "params": {"C": 47327.49859695395, "gamma": 0.01586779280254634}, "datetime": {"datetime": "2021-10-04 09:37:47", "elapsed": 355.375914, "delta": 1.48564}}
{"target": 0.8662715053822433, "params": {"C": 36395.14469966327, "gamma": 0.009231477624321686}, "datetime": {"datetime": "2021-10-04 09:37:49", "elapsed": 356.758609, "delta": 1.382695}}
{"target": 0.921600497706032, "params": {"C": 43669.48423658035, "gamma": 0.06571596412486598}, "datetime": {"datetime": "2021-10-04 09:37:50", "elapsed": 358.355528, "delta": 1.596919}}
{"target": 0.9114276605322704, "params": {"C": 22070.679436387894, "gamma": 0.08400258971065476}, "datetime": {"datetime": "2021-10-04 09:37:52", "elapsed": 359.915642, "delta": 1.560114}}
{"target": 0.9049790679162883, "params": {"C": 12869.59770046464, "gamma": 0.041965982234483216}, "datetime": {"datetime": "2021-10-04 09:37:53", "elapsed": 361.492496, "delta": 1.576854}}
{"target": 0.9242839897828341, "params": {"C": 44009.29838568735, "gamma": 0.044775028415689574}, "datetime": {"datetime": "2021-10-04 09:37:55", "elapsed": 363.013745, "delta": 1.521249}}
{"target": 0.8690594643525719, "params": {"C": 17169.766103561655, "gamma": 0.013385121462306103}, "datetime": {"datetime": "2021-10-04 09:37:56", "elapsed": 364.506372, "delta": 1.492627}}
{"target": 0.922658281090839, "params": {"C": 32706.54751931247, "gamma": 0.05119042269541402}, "datetime": {"datetime": "2021-10-04 09:37:58", "elapsed": 366.508746, "delta": 2.002374}}
{"target": 0.8677138131972625, "params": {"C": 38681.968342251595, "gamma": 0.009800240708892412}, "datetime": {"datetime": "2021-10-04 09:38:00", "elapsed": 368.074159, "delta": 1.565413}}
{"target": 0.9089046722655703, "params": {"C": 14826.027430191334, "gamma": 0.08031955704885956}, "datetime": {"datetime": "2021-10-04 09:38:02", "elapsed": 369.642538, "delta": 1.568379}}
{"target": 0.9006833170165114, "params": {"C": 15862.101524878995, "gamma": 0.03318576598556992}, "datetime": {"datetime": "2021-10-04 09:38:04", "elapsed": 371.687465, "delta": 2.044927}}
{"target": 0.9062215412084721, "params": {"C": 37997.08762276414, "gamma": 0.028213650964068807}, "datetime": {"datetime": "2021-10-04 09:38:05", "elapsed": 373.216245, "delta": 1.52878}}
{"target": 0.9092010153662947, "params": {"C": 14661.202586053518, "gamma": 0.045087768316809995}, "datetime": {"datetime": "2021-10-04 09:38:07", "elapsed": 374.848744, "delta": 1.632499}}
{"target": 0.9183059332939125, "params": {"C": 21679.27689815729, "gamma": 0.055448872306236865}, "datetime": {"datetime": "2021-10-04 09:38:08", "elapsed": 376.418508, "delta": 1.569764}}
{"target": 0.92230341233574, "params": {"C": 47368.266957816, "gamma": 0.06407647220871565}, "datetime": {"datetime": "2021-10-04 09:38:10", "elapsed": 377.979671, "delta": 1.561163}}
{"target": 0.9102614376243215, "params": {"C": 19323.03097493611, "gamma": 0.08437353394480462}, "datetime": {"datetime": "2021-10-04 09:38:12", "elapsed": 379.642625, "delta": 1.662954}}
{"target": 0.8923368666234086, "params": {"C": 33889.28457986648, "gamma": 0.02209964620990311}, "datetime": {"datetime": "2021-10-04 09:38:13", "elapsed": 381.27444, "delta": 1.631815}}
{"target": 0.9202481001214141, "params": {"C": 36206.59212146964, "gamma": 0.06826562938598117}, "datetime": {"datetime": "2021-10-04 09:38:15", "elapsed": 383.359507, "delta": 2.085067}}
{"target": 0.8691816131281616, "params": {"C": 38074.44410989428, "gamma": 0.010641396204918881}, "datetime": {"datetime": "2021-10-04 09:38:17", "elapsed": 384.967124, "delta": 1.607617}}
{"target": 0.9222318376943025, "params": {"C": 31512.251332091488, "gamma": 0.05786423251887409}, "datetime": {"datetime": "2021-10-04 09:38:19", "elapsed": 386.665354, "delta": 1.69823}}
