{"target": 0.9128353332742274, "params": {"C": 85042.59377970701, "gamma": 0.07393260900678365}, "datetime": {"datetime": "2021-10-04 09:56:23", "elapsed": 151.782948, "delta": 0.987307}}
{"target": 0.9166533687337709, "params": {"C": 81970.3343757096, "gamma": 0.06879464187262989}, "datetime": {"datetime": "2021-10-04 09:56:23", "elapsed": 152.710214, "delta": 0.927266}}
{"target": 0.9044463628024785, "params": {"C": 103589.35869475547, "gamma": 0.08200603230521279}, "datetime": {"datetime": "2021-10-04 09:56:24", "elapsed": 153.669574, "delta": 0.95936}}
{"target": 0.9221408561027217, "params": {"C": 94289.07418063484, "gamma": 0.05749238602443745}, "datetime": {"datetime": "2021-10-04 09:56:26", "elapsed": 154.948559, "delta": 1.278985}}
{"target": 0.8476923007413255, "params": {"C": 90229.43256970316, "gamma": 0.003026503908299065}, "datetime": {"datetime": "2021-10-04 09:56:27", "elapsed": 156.075422, "delta": 1.126863}}
{"target": 0.9233702668705152, "params": {"C": 76455.97094199079, "gamma": 0.05847589767192286}, "datetime": {"datetime": "2021-10-04 09:56:28", "elapsed": 157.175409, "delta": 1.099987}}
{"target": 0.9250361637516539, "params": {"C": 78220.60742168583, "gamma": 0.03602291059084145}, "datetime": {"datetime": "2021-10-04 09:56:29", "elapsed": 158.373707, "delta": 1.198298}}
{"target": 0.903073132357489, "params": {"C": 102639.52409167237, "gamma": 0.08438868123389938}, "datetime": {"datetime": "2021-10-04 09:56:30", "elapsed": 159.482064, "delta": 1.108357}}
{"target": 0.9097991916559605, "params": {"C": 88050.2051194089, "gamma": 0.024147549721354737}, "datetime": {"datetime": "2021-10-04 09:56:32", "elapsed": 160.800295, "delta": 1.318231}}
{"target": 0.9041597419639132, "params": {"C": 103287.14611302955, "gamma": 0.08252630191668082}, "datetime": {"datetime": "2021-10-04 09:56:33", "elapsed": 161.771051, "delta": 0.970756}}
{"target": 0.881750580100869, "params": {"C": 91212.76129417954, "gamma": 0.014848021466115881}, "datetime": {"datetime": "2021-10-04 09:56:34", "elapsed": 163.122562, "delta": 1.351511}}
{"target": 0.9148662188234976, "params": {"C": 86600.3113874298, "gamma": 0.07049554261318212}, "datetime": {"datetime": "2021-10-04 09:56:35", "elapsed": 164.130463, "delta": 1.007901}}
{"target": 0.9190338791699564, "params": {"C": 91659.3231884111, "gamma": 0.02879819149904959}, "datetime": {"datetime": "2021-10-04 09:56:36", "elapsed": 165.422657, "delta": 1.292194}}
{"target": 0.8687814354301717, "params": {"C": 79307.80863026647, "gamma": 0.009929783692975171}, "datetime": {"datetime": "2021-10-04 09:56:37", "elapsed": 166.743106, "delta": 1.320449}}
{"target": 0.9218594362078925, "params": {"C": 77664.99102283527, "gamma": 0.06110029740746058}, "datetime": {"datetime": "2021-10-04 09:56:39", "elapsed": 168.034321, "delta": 1.291215}}
{"target": 0.9273359180724838, "params": {"C": 84520.73098107176, "gamma": 0.04076957654849133}, "datetime": {"datetime": "2021-10-04 09:56:40", "elapsed": 169.201346, "delta": 1.167025}}
{"target": 0.8845555509716939, "params": {"C": 87139.05986542768, "gamma": 0.015806902541772534}, "datetime": {"datetime": "2021-10-04 09:56:41", "elapsed": 170.470968, "delta": 1.269622}}
{"target": 0.9120988764447416, "params": {"C": 106083.76424311512, "gamma": 0.02410104889940778}, "datetime": {"datetime": "2021-10-04 09:56:43", "elapsed": 171.9898, "delta": 1.518832}}
{"target": 0.9250198079931409, "params": {"C": 90465.76268529356, "gamma": 0.05270004232193457}, "datetime": {"datetime": "2021-10-04 09:56:44", "elapsed": 173.09511, "delta": 1.10531}}
{"target": 0.8630978367459473, "params": {"C": 105563.5457775567, "gamma": 0.0052559134761811935}, "datetime": {"datetime": "2021-10-04 09:56:45", "elapsed": 174.58061, "delta": 1.4855}}
{"target": 0.9134013752945143, "params": {"C": 93031.14813874182, "gamma": 0.025467287294554285}, "datetime": {"datetime": "2021-10-04 09:56:46", "elapsed": 175.615726, "delta": 1.035116}}
{"target": 0.92678483326891, "params": {"C": 85404.0851176058, "gamma": 0.04875171212083307}, "datetime": {"datetime": "2021-10-04 09:56:48", "elapsed": 176.981867, "delta": 1.366141}}
{"target": 0.9011992774677682, "params": {"C": 97253.41827571983, "gamma": 0.08881628023969677}, "datetime": {"datetime": "2021-10-04 09:56:49", "elapsed": 178.055772, "delta": 1.073905}}
{"target": 0.9266831851553358, "params": {"C": 78427.86253501863, "gamma": 0.05001480744714176}, "datetime": {"datetime": "2021-10-04 09:56:50", "elapsed": 179.142093, "delta": 1.086321}}
{"target": 0.8690850053241691, "params": {"C": 85064.11847052955, "gamma": 0.010137592680424148}, "datetime": {"datetime": "2021-10-04 09:56:51", "elapsed": 180.303677, "delta": 1.161584}}
{"target": 0.922908966399407, "params": {"C": 83917.75408232566, "gamma": 0.032702856469735045}, "datetime": {"datetime": "2021-10-04 09:56:53", "elapsed": 181.812847, "delta": 1.50917}}
{"target": 0.8986768079490143, "params": {"C": 78435.52102266996, "gamma": 0.098227503571049}, "datetime": {"datetime": "2021-10-04 09:56:54", "elapsed": 182.948867, "delta": 1.13602}}
{"target": 0.8892296924237046, "params": {"C": 105998.95300030074, "gamma": 0.016542057579776063}, "datetime": {"datetime": "2021-10-04 09:56:55", "elapsed": 184.258159, "delta": 1.309292}}
{"target": 0.927523940070212, "params": {"C": 85688.02403262204, "gamma": 0.04198573799310241}, "datetime": {"datetime": "2021-10-04 09:56:56", "elapsed": 185.556818, "delta": 1.298659}}
{"target": 0.9123020021130499, "params": {"C": 78714.68142024137, "gamma": 0.07627305168787088}, "datetime": {"datetime": "2021-10-04 09:56:58", "elapsed": 186.824853, "delta": 1.268035}}
{"target": 0.9012315473160095, "params": {"C": 73094.3275261307, "gamma": 0.09543715133856943}, "datetime": {"datetime": "2021-10-04 09:56:59", "elapsed": 187.988466, "delta": 1.163613}}
{"target": 0.9226261420836068, "params": {"C": 76048.91938307403, "gamma": 0.059979966803631976}, "datetime": {"datetime": "2021-10-04 09:57:00", "elapsed": 189.289085, "delta": 1.300619}}
{"target": 0.8989660859810032, "params": {"C": 82450.25989026204, "gamma": 0.020445858655140554}, "datetime": {"datetime": "2021-10-04 09:57:01", "elapsed": 190.496698, "delta": 1.207613}}
{"target": 0.9250701042777618, "params": {"C": 78580.57362498112, "gamma": 0.03602523964097771}, "datetime": {"datetime": "2021-10-04 09:57:03", "elapsed": 191.780558, "delta": 1.28386}}
{"target": 0.9192090048063855, "params": {"C": 80711.58086870151, "gamma": 0.06501021067945637}, "datetime": {"datetime": "2021-10-04 09:57:04", "elapsed": 192.913081, "delta": 1.132523}}
{"target": 0.9223236009779908, "params": {"C": 84889.75244664516, "gamma": 0.05893920904359461}, "datetime": {"datetime": "2021-10-04 09:57:05", "elapsed": 194.11181, "delta": 1.198729}}
{"target": 0.9061766792596923, "params": {"C": 73927.68483733387, "gamma": 0.0236546245020746}, "datetime": {"datetime": "2021-10-04 09:57:07", "elapsed": 195.999942, "delta": 1.888132}}
{"target": 0.9272927635983567, "params": {"C": 73880.67896750817, "gamma": 0.04289337329021346}, "datetime": {"datetime": "2021-10-04 09:57:08", "elapsed": 197.153279, "delta": 1.153337}}
{"target": 0.9205265345070939, "params": {"C": 102550.79200961668, "gamma": 0.05853406394501478}, "datetime": {"datetime": "2021-10-04 09:57:09", "elapsed": 198.310316, "delta": 1.157037}}
{"target": 0.898448119855929, "params": {"C": 91239.92325214522, "gamma": 0.09502813387066095}, "datetime": {"datetime": "2021-10-04 09:57:10", "elapsed": 199.603077, "delta": 1.292761}}
{"target": 0.9275423492389606, "params": {"C": 80664.61403479757, "gamma": 0.043531958599750696}, "datetime": {"datetime": "2021-10-04 09:57:12", "elapsed": 200.853173, "delta": 1.250096}}
{"target": 0.9271822483270286, "params": {"C": 87128.85334531823, "gamma": 0.03970434240916659}, "datetime": {"datetime": "2021-10-04 09:57:13", "elapsed": 202.147941, "delta": 1.294768}}
{"target": 0.8978530288788438, "params": {"C": 80981.22348732821, "gamma": 0.09891205868688581}, "datetime": {"datetime": "2021-10-04 09:57:14", "elapsed": 203.428486, "delta": 1.280545}}
{"target": 0.8897684647157222, "params": {"C": 84035.49268683803, "gamma": 0.01747900467165109}, "datetime": {"datetime": "2021-10-04 09:57:16", "elapsed": 205.15139, "delta": 1.722904}}
{"target": 0.9272257843329387, "params": {"C": 91606.71620146657, "gamma": 0.03943411591167168}, "datetime": {"datetime": "2021-10-04 09:57:17", "elapsed": 206.517186, "delta": 1.365796}}
{"target": 0.9097689718800516, "params": {"C": 84086.10327604697, "gamma": 0.07883929568310852}, "datetime": {"datetime": "2021-10-04 09:57:19", "elapsed": 207.855611, "delta": 1.338425}}
{"target": 0.8813121343253255, "params": {"C": 77710.66132853432, "gamma": 0.015100739551811113}, "datetime": {"datetime": "2021-10-04 09:57:21", "elapsed": 209.749963, "delta": 1.894352}}
{"target": 0.9084017318531054, "params": {"C": 90921.19171316343, "gamma": 0.07919900048220162}, "datetime": {"datetime": "2021-10-04 09:57:22", "elapsed": 211.186422, "delta": 1.436459}}
{"target": 0.9238240199719433, "params": {"C": 88751.15879033225, "gamma": 0.05546089591391816}, "datetime": {"datetime": "2021-10-04 09:57:23", "elapsed": 212.615853, "delta": 1.429431}}
{"target": 0.9014360294436469, "params": {"C": 83052.50093592994, "gamma": 0.09232177135412573}, "datetime": {"datetime": "2021-10-04 09:57:25", "elapsed": 214.343656, "delta": 1.727803}}
{"target": 0.9234441401228698, "params": {"C": 89162.69816437332, "gamma": 0.03275432763255596}, "datetime": {"datetime": "2021-10-04 09:57:27", "elapsed": 215.768503, "delta": 1.424847}}
{"target": 0.9259586752437257, "params": {"C": 91695.950067677, "gamma": 0.036023361374374105}, "datetime": {"datetime": "2021-10-04 09:57:28", "elapsed": 217.173442, "delta": 1.404939}}
{"target": 0.9096417110906311, "params": {"C": 95178.85956139777, "gamma": 0.07626901527017094}, "datetime": {"datetime": "2021-10-04 09:57:29", "elapsed": 218.616514, "delta": 1.443072}}
{"target": 0.8884106136505269, "params": {"C": 92467.94272030592, "gamma": 0.016756225921100848}, "datetime": {"datetime": "2021-10-04 09:57:31", "elapsed": 220.157152, "delta": 1.540638}}
{"target": 0.8608209651739105, "params": {"C": 106125.64159077973, "gamma": 0.004474885469393165}, "datetime": {"datetime": "2021-10-04 09:57:33", "elapsed": 221.874645, "delta": 1.717493}}
{"target": 0.9012193954633476, "params": {"C": 82102.31035210227, "gamma": 0.09294294213984161}, "datetime": {"datetime": "2021-10-04 09:57:34", "elapsed": 223.185126, "delta": 1.310481}}
{"target": 0.8644568371482133, "params": {"C": 79367.09790579129, "gamma": 0.006558395194383446}, "datetime": {"datetime": "2021-10-04 09:57:35", "elapsed": 224.477509, "delta": 1.292383}}
{"target": 0.9231013033009767, "params": {"C": 83217.09038419065, "gamma": 0.032977528164386635}, "datetime": {"datetime": "2021-10-04 09:57:37", "elapsed": 226.068891, "delta": 1.591382}}
{"target": 0.9055831100845099, "params": {"C": 83595.33915504684, "gamma": 0.08548201759453007}, "datetime": {"datetime": "2021-10-04 09:57:38", "elapsed": 227.422327, "delta": 1.353436}}
{"target": 0.9115328101204938, "params": {"C": 94922.54229795143, "gamma": 0.024471800941839667}, "datetime": {"datetime": "2021-10-04 09:57:40", "elapsed": 229.159737, "delta": 1.73741}}
{"target": 0.8893792782869606, "params": {"C": 75734.5930799337, "gamma": 0.017721257412175135}, "datetime": {"datetime": "2021-10-04 09:57:41", "elapsed": 230.544519, "delta": 1.384782}}
{"target": 0.9049227445498742, "params": {"C": 91005.96707097771, "gamma": 0.08454996560014841}, "datetime": {"datetime": "2021-10-04 09:57:43", "elapsed": 231.862508, "delta": 1.317989}}
{"target": 0.8543651999185098, "params": {"C": 76955.28240961183, "gamma": 0.004000586164280635}, "datetime": {"datetime": "2021-10-04 09:57:44", "elapsed": 233.492967, "delta": 1.630459}}
{"target": 0.9272246035833025, "params": {"C": 82970.40584939423, "gamma": 0.047199948680976184}, "datetime": {"datetime": "2021-10-04 09:57:46", "elapsed": 234.767464, "delta": 1.274497}}
{"target": 0.9015914605741411, "params": {"C": 73263.9168886506, "gamma": 0.09479136469944818}, "datetime": {"datetime": "2021-10-04 09:57:47", "elapsed": 235.968619, "delta": 1.201155}}
{"target": 0.9246496411660894, "params": {"C": 91377.16504969767, "gamma": 0.0533368854534126}, "datetime": {"datetime": "2021-10-04 09:57:48", "elapsed": 237.340774, "delta": 1.372155}}
{"target": 0.9153322228704408, "params": {"C": 90263.23839210837, "gamma": 0.026653684109362502}, "datetime": {"datetime": "2021-10-04 09:57:50", "elapsed": 238.845353, "delta": 1.504579}}
{"target": 0.9227085009003567, "params": {"C": 100234.18786705754, "gamma": 0.05539550650080252}, "datetime": {"datetime": "2021-10-04 09:57:51", "elapsed": 240.20838, "delta": 1.363027}}
{"target": 0.9041113866759924, "params": {"C": 79912.360403757, "gamma": 0.08882830746620664}, "datetime": {"datetime": "2021-10-04 09:57:52", "elapsed": 241.536809, "delta": 1.328429}}
{"target": 0.9078262448230527, "params": {"C": 103663.59663430581, "gamma": 0.07688410067682186}, "datetime": {"datetime": "2021-10-04 09:57:54", "elapsed": 243.104846, "delta": 1.568037}}
{"target": 0.9256208821627903, "params": {"C": 77859.04430247676, "gamma": 0.037044374945601144}, "datetime": {"datetime": "2021-10-04 09:57:56", "elapsed": 244.882545, "delta": 1.777699}}
{"target": 0.9113125545854337, "params": {"C": 96616.077435568, "gamma": 0.07344674792793217}, "datetime": {"datetime": "2021-10-04 09:57:57", "elapsed": 246.206587, "delta": 1.324042}}
{"target": 0.9228074162870821, "params": {"C": 102135.500372795, "gamma": 0.05486752339135562}, "datetime": {"datetime": "2021-10-04 09:57:59", "elapsed": 248.466132, "delta": 2.259545}}
{"target": 0.9218623896846702, "params": {"C": 89286.69752286622, "gamma": 0.058918012097191774}, "datetime": {"datetime": "2021-10-04 09:58:01", "elapsed": 250.02364, "delta": 1.557508}}
{"target": 0.9058801191913378, "params": {"C": 76714.32863270002, "gamma": 0.023323083329730567}, "datetime": {"datetime": "2021-10-04 09:58:02", "elapsed": 251.252919, "delta": 1.229279}}
{"target": 0.9274997871452821, "params": {"C": 79069.08168060143, "gamma": 0.043257950837103876}, "datetime": {"datetime": "2021-10-04 09:58:03", "elapsed": 252.718185, "delta": 1.465266}}
{"target": 0.9098571239020505, "params": {"C": 100937.02123812638, "gamma": 0.07455255245673685}, "datetime": {"datetime": "2021-10-04 09:58:05", "elapsed": 254.345341, "delta": 1.627156}}
{"target": 0.9030657487806406, "params": {"C": 75121.29517672968, "gamma": 0.09184415834343115}, "datetime": {"datetime": "2021-10-04 09:58:07", "elapsed": 255.76546, "delta": 1.420119}}
{"target": 0.9087488925385917, "params": {"C": 82458.44879850715, "gamma": 0.08082662052093746}, "datetime": {"datetime": "2021-10-04 09:58:08", "elapsed": 257.061517, "delta": 1.296057}}
{"target": 0.9237235214481964, "params": {"C": 86204.6480433764, "gamma": 0.033351571248922}, "datetime": {"datetime": "2021-10-04 09:58:10", "elapsed": 259.248007, "delta": 2.18649}}
{"target": 0.9039037603873255, "params": {"C": 95382.6125563964, "gamma": 0.02143827369866824}, "datetime": {"datetime": "2021-10-04 09:58:11", "elapsed": 260.735846, "delta": 1.487839}}
{"target": 0.9204211510065717, "params": {"C": 90527.5864595176, "gamma": 0.06107077762138916}, "datetime": {"datetime": "2021-10-04 09:58:13", "elapsed": 262.162054, "delta": 1.426208}}
{"target": 0.9222129921811164, "params": {"C": 73400.00270580935, "gamma": 0.06121496698122109}, "datetime": {"datetime": "2021-10-04 09:58:14", "elapsed": 263.558995, "delta": 1.396941}}
{"target": 0.8797591489082386, "params": {"C": 93995.77361352695, "gamma": 0.014176485940821312}, "datetime": {"datetime": "2021-10-04 09:58:16", "elapsed": 265.30475, "delta": 1.745755}}
{"target": 0.9014787680624927, "params": {"C": 98990.38938031039, "gamma": 0.08789588556109294}, "datetime": {"datetime": "2021-10-04 09:58:18", "elapsed": 267.277885, "delta": 1.973135}}
{"target": 0.9093059505307319, "params": {"C": 76778.76801400556, "gamma": 0.08141776192592635}, "datetime": {"datetime": "2021-10-04 09:58:19", "elapsed": 268.695552, "delta": 1.417667}}
{"target": 0.9124032876100214, "params": {"C": 97930.38304574876, "gamma": 0.07153889988083603}, "datetime": {"datetime": "2021-10-04 09:58:21", "elapsed": 270.117562, "delta": 1.42201}}
{"target": 0.9074544142689172, "params": {"C": 97931.26253727436, "gamma": 0.07886386759820799}, "datetime": {"datetime": "2021-10-04 09:58:22", "elapsed": 271.36973, "delta": 1.252168}}
{"target": 0.9232752705753288, "params": {"C": 93674.03638513362, "gamma": 0.032184010017421584}, "datetime": {"datetime": "2021-10-04 09:58:24", "elapsed": 272.884953, "delta": 1.515223}}
{"target": 0.9161044162421258, "params": {"C": 86344.59780036361, "gamma": 0.06867316465595479}, "datetime": {"datetime": "2021-10-04 09:58:25", "elapsed": 274.308142, "delta": 1.423189}}
{"target": 0.8651448961044284, "params": {"C": 84551.86479329753, "gamma": 0.006969132400820993}, "datetime": {"datetime": "2021-10-04 09:58:27", "elapsed": 275.874463, "delta": 1.566321}}
{"target": 0.9249131467802697, "params": {"C": 83594.97561290891, "gamma": 0.035157466794748245}, "datetime": {"datetime": "2021-10-04 09:58:28", "elapsed": 277.225061, "delta": 1.350598}}
{"target": 0.8979098590039001, "params": {"C": 94276.56239412268, "gamma": 0.09509796251586022}, "datetime": {"datetime": "2021-10-04 09:58:30", "elapsed": 278.96958, "delta": 1.744519}}
{"target": 0.9274255191348496, "params": {"C": 99207.6814003701, "gamma": 0.04044380292650811}, "datetime": {"datetime": "2021-10-04 09:58:32", "elapsed": 280.870227, "delta": 1.900647}}
{"target": 0.8965636168033634, "params": {"C": 104510.97271246681, "gamma": 0.01867729181832792}, "datetime": {"datetime": "2021-10-04 09:58:33", "elapsed": 282.394165, "delta": 1.523938}}
{"target": 0.9249651208931512, "params": {"C": 106571.2724970119, "gamma": 0.0333681609889808}, "datetime": {"datetime": "2021-10-04 09:58:35", "elapsed": 284.291676, "delta": 1.897511}}
{"target": 0.9102373041175819, "params": {"C": 93472.71949173241, "gamma": 0.07579819378927488}, "datetime": {"datetime": "2021-10-04 09:58:36", "elapsed": 285.67035, "delta": 1.378674}}
{"target": 0.9205290825163869, "params": {"C": 106606.87096615684, "gamma": 0.028874707719197843}, "datetime": {"datetime": "2021-10-04 09:58:38", "elapsed": 287.237081, "delta": 1.566731}}
{"target": 0.9094922165628871, "params": {"C": 81789.92461954929, "gamma": 0.07984709591426327}, "datetime": {"datetime": "2021-10-04 09:58:39", "elapsed": 288.676069, "delta": 1.438988}}
{"target": 0.925065469842668, "params": {"C": 86203.90874126027, "gamma": 0.035089410854339136}, "datetime": {"datetime": "2021-10-04 09:58:41", "elapsed": 290.049446, "delta": 1.373377}}
{"target": 0.8658374828502204, "params": {"C": 81834.96834373534, "gamma": 0.007590592549187842}, "datetime": {"datetime": "2021-10-04 09:58:42", "elapsed": 291.467025, "delta": 1.417579}}
{"target": 0.8885471063711949, "params": {"C": 82823.63805517633, "gamma": 0.01715969872073224}, "datetime": {"datetime": "2021-10-04 09:58:44", "elapsed": 293.664976, "delta": 2.197951}}
{"target": 0.914848224462828, "params": {"C": 103984.7542180582, "gamma": 0.06664191249182146}, "datetime": {"datetime": "2021-10-04 09:58:46", "elapsed": 295.23363, "delta": 1.568654}}
{"target": 0.9273866163411995, "params": {"C": 92276.40916914928, "gamma": 0.04487502331331634}, "datetime": {"datetime": "2021-10-04 09:58:47", "elapsed": 296.68204, "delta": 1.44841}}
{"target": 0.9092159274177398, "params": {"C": 88624.88665533703, "gamma": 0.0785403723181697}, "datetime": {"datetime": "2021-10-04 09:58:49", "elapsed": 298.326081, "delta": 1.644041}}
{"target": 0.9064205408034913, "params": {"C": 95558.07810289858, "gamma": 0.08103862163683156}, "datetime": {"datetime": "2021-10-04 09:58:51", "elapsed": 300.117448, "delta": 1.791367}}
{"target": 0.9001197200209097, "params": {"C": 104269.88066737354, "gamma": 0.019771568095514346}, "datetime": {"datetime": "2021-10-04 09:58:53", "elapsed": 302.210515, "delta": 2.093067}}
{"target": 0.9000156203863577, "params": {"C": 104240.64651721329, "gamma": 0.08886530169861138}, "datetime": {"datetime": "2021-10-04 09:58:54", "elapsed": 303.595494, "delta": 1.384979}}
{"target": 0.9265855072269068, "params": {"C": 88501.26831549598, "gamma": 0.037685850804031425}, "datetime": {"datetime": "2021-10-04 09:58:56", "elapsed": 304.930753, "delta": 1.335259}}
{"target": 0.8663318299659611, "params": {"C": 77311.85715547434, "gamma": 0.008028429900439268}, "datetime": {"datetime": "2021-10-04 09:58:57", "elapsed": 306.33494, "delta": 1.404187}}
{"target": 0.8990381664032367, "params": {"C": 74148.59285227745, "gamma": 0.09882359902255285}, "datetime": {"datetime": "2021-10-04 09:58:59", "elapsed": 308.117393, "delta": 1.782453}}
{"target": 0.8903663969432907, "params": {"C": 85776.60687945693, "gamma": 0.017587027525686093}, "datetime": {"datetime": "2021-10-04 09:59:01", "elapsed": 310.251483, "delta": 2.13409}}
{"target": 0.9103263601659469, "params": {"C": 80874.83730221845, "gamma": 0.07878986355909108}, "datetime": {"datetime": "2021-10-04 09:59:02", "elapsed": 311.717269, "delta": 1.465786}}
{"target": 0.8647403747530007, "params": {"C": 81021.71281321779, "gamma": 0.006711367013252593}, "datetime": {"datetime": "2021-10-04 09:59:05", "elapsed": 314.071544, "delta": 2.354275}}
{"target": 0.8752332674068466, "params": {"C": 87773.19931001563, "gamma": 0.012822263408347096}, "datetime": {"datetime": "2021-10-04 09:59:07", "elapsed": 316.14433, "delta": 2.072786}}
{"target": 0.9271526075507779, "params": {"C": 100408.46004747898, "gamma": 0.044611192602040564}, "datetime": {"datetime": "2021-10-04 09:59:08", "elapsed": 317.725202, "delta": 1.580872}}
{"target": 0.88049671723219, "params": {"C": 87121.96535973327, "gamma": 0.014574186113120679}, "datetime": {"datetime": "2021-10-04 09:59:10", "elapsed": 319.349399, "delta": 1.624197}}
