{"target": 0.8869656065375632, "params": {"C": 29431.539915041867, "gamma": 0.17910478096341426}, "datetime": {"datetime": "2021-10-01 01:46:00", "elapsed": 25.777698, "delta": 0.421995}}
{"target": 0.8881308827463702, "params": {"C": 45627.84392499293, "gamma": 0.1739879116663176}, "datetime": {"datetime": "2021-10-01 01:46:00", "elapsed": 26.202397, "delta": 0.424699}}
{"target": 0.9027018331038268, "params": {"C": 37464.271268339806, "gamma": 0.1233241429679366}, "datetime": {"datetime": "2021-10-01 01:46:01", "elapsed": 26.726407, "delta": 0.52401}}
{"target": 0.91226984223006, "params": {"C": 42767.239609390206, "gamma": 0.0792521427789105}, "datetime": {"datetime": "2021-10-01 01:46:01", "elapsed": 27.186535, "delta": 0.460128}}
{"target": 0.9076291567620925, "params": {"C": 22242.83117407859, "gamma": 0.06545194320484295}, "datetime": {"datetime": "2021-10-01 01:46:02", "elapsed": 27.649695, "delta": 0.46316}}
{"target": 0.9022118904669797, "params": {"C": 34223.09871835831, "gamma": 0.12606127400218795}, "datetime": {"datetime": "2021-10-01 01:46:02", "elapsed": 28.097653, "delta": 0.447958}}
{"target": 0.9066530330888172, "params": {"C": 16726.731159224953, "gamma": 0.0732865602583342}, "datetime": {"datetime": "2021-10-01 01:46:03", "elapsed": 28.552659, "delta": 0.455006}}
{"target": 0.8862643515248018, "params": {"C": 13261.397441951502, "gamma": 0.043751288956271096}, "datetime": {"datetime": "2021-10-01 01:46:03", "elapsed": 28.966382, "delta": 0.413723}}
{"target": 0.906935126641028, "params": {"C": 49121.06986462311, "gamma": 0.05218020795886526}, "datetime": {"datetime": "2021-10-01 01:46:04", "elapsed": 29.388053, "delta": 0.421671}}
{"target": 0.8971133622950037, "params": {"C": 48852.46276211109, "gamma": 0.04157726925332444}, "datetime": {"datetime": "2021-10-01 01:46:04", "elapsed": 29.803054, "delta": 0.415001}}
{"target": 0.9046060844826878, "params": {"C": 16297.488707912491, "gamma": 0.06725329133794204}, "datetime": {"datetime": "2021-10-01 01:46:04", "elapsed": 30.327053, "delta": 0.523999}}
{"target": 0.9094234661528162, "params": {"C": 28210.747869477276, "gamma": 0.09963864211990395}, "datetime": {"datetime": "2021-10-01 01:46:05", "elapsed": 30.803054, "delta": 0.476001}}
{"target": 0.8890132216685555, "params": {"C": 21386.002309436408, "gamma": 0.17036344939282186}, "datetime": {"datetime": "2021-10-01 01:46:05", "elapsed": 31.23149, "delta": 0.428436}}
{"target": 0.8938749760440166, "params": {"C": 47815.6256811077, "gamma": 0.15167129335864812}, "datetime": {"datetime": "2021-10-01 01:46:06", "elapsed": 31.669488, "delta": 0.437998}}
{"target": 0.8819520825347488, "params": {"C": 48757.922047331725, "gamma": 0.19721842515410484}, "datetime": {"datetime": "2021-10-01 01:46:06", "elapsed": 32.113276, "delta": 0.443788}}
{"target": 0.8928611662950109, "params": {"C": 42107.100702452175, "gamma": 0.15691263062007038}, "datetime": {"datetime": "2021-10-01 01:46:07", "elapsed": 32.599224, "delta": 0.485948}}
{"target": 0.8749068228830598, "params": {"C": 8301.206206886849, "gamma": 0.1843762394423409}, "datetime": {"datetime": "2021-10-01 01:46:07", "elapsed": 33.036919, "delta": 0.437695}}
{"target": 0.8814795676490921, "params": {"C": 40451.66760093629, "gamma": 0.19914753145570704}, "datetime": {"datetime": "2021-10-01 01:46:08", "elapsed": 33.591543, "delta": 0.554624}}
{"target": 0.8958994390751716, "params": {"C": 17378.849175625575, "gamma": 0.14504926400033935}, "datetime": {"datetime": "2021-10-01 01:46:08", "elapsed": 34.034268, "delta": 0.442725}}
{"target": 0.9065494430572361, "params": {"C": 18510.303199911836, "gamma": 0.10640822937352314}, "datetime": {"datetime": "2021-10-01 01:46:09", "elapsed": 34.5293, "delta": 0.495032}}
{"target": 0.9101679050820727, "params": {"C": 26002.686313072525, "gamma": 0.09491084929878826}, "datetime": {"datetime": "2021-10-01 01:46:09", "elapsed": 34.979305, "delta": 0.450005}}
{"target": 0.8654856858230601, "params": {"C": 6339.375123386702, "gamma": 0.03424512222653689}, "datetime": {"datetime": "2021-10-01 01:46:10", "elapsed": 35.457635, "delta": 0.47833}}
{"target": 0.897877698774006, "params": {"C": 11033.671932059513, "gamma": 0.06539753005554991}, "datetime": {"datetime": "2021-10-01 01:46:10", "elapsed": 35.960284, "delta": 0.502649}}
{"target": 0.8943979446677353, "params": {"C": 40907.00919978632, "gamma": 0.1515911259656155}, "datetime": {"datetime": "2021-10-01 01:46:11", "elapsed": 36.403285, "delta": 0.443001}}
{"target": 0.9102729786729284, "params": {"C": 23766.074660659593, "gamma": 0.07345090367424333}, "datetime": {"datetime": "2021-10-01 01:46:11", "elapsed": 36.839286, "delta": 0.436001}}
{"target": 0.8812054202258811, "params": {"C": 19845.885089571842, "gamma": 0.03523807403984346}, "datetime": {"datetime": "2021-10-01 01:46:11", "elapsed": 37.358719, "delta": 0.519433}}
{"target": 0.8937813667993559, "params": {"C": 20762.42548446697, "gamma": 0.1543803965904599}, "datetime": {"datetime": "2021-10-01 01:46:12", "elapsed": 37.866679, "delta": 0.50796}}
{"target": 0.8819436071880842, "params": {"C": 12388.49927634658, "gamma": 0.0402427419601177}, "datetime": {"datetime": "2021-10-01 01:46:12", "elapsed": 38.368546, "delta": 0.501867}}
{"target": 0.8956580553805626, "params": {"C": 31981.789950145547, "gamma": 0.14902148370991483}, "datetime": {"datetime": "2021-10-01 01:46:13", "elapsed": 38.837853, "delta": 0.469307}}
{"target": 0.8843566910363674, "params": {"C": 13225.973423475332, "gamma": 0.17614711626539825}, "datetime": {"datetime": "2021-10-01 01:46:13", "elapsed": 39.341948, "delta": 0.504095}}
{"target": 0.8887048180349324, "params": {"C": 10309.879652019059, "gamma": 0.15222003546783572}, "datetime": {"datetime": "2021-10-01 01:46:14", "elapsed": 39.815189, "delta": 0.473241}}
{"target": 0.8812638750133441, "params": {"C": 6630.550104480585, "gamma": 0.053000626354092764}, "datetime": {"datetime": "2021-10-01 01:46:14", "elapsed": 40.289189, "delta": 0.474}}
{"target": 0.878378172653892, "params": {"C": 6028.288341465614, "gamma": 0.14686813741832944}, "datetime": {"datetime": "2021-10-01 01:46:15", "elapsed": 40.83719, "delta": 0.548001}}
{"target": 0.8898948169632039, "params": {"C": 26132.7036667419, "gamma": 0.16872503272941847}, "datetime": {"datetime": "2021-10-01 01:46:15", "elapsed": 41.368557, "delta": 0.531367}}
{"target": 0.9100347753481725, "params": {"C": 46271.29863632073, "gamma": 0.09130909098902767}, "datetime": {"datetime": "2021-10-01 01:46:16", "elapsed": 41.856553, "delta": 0.487996}}
{"target": 0.9073788624342624, "params": {"C": 32384.54940106029, "gamma": 0.057287885076701454}, "datetime": {"datetime": "2021-10-01 01:46:16", "elapsed": 42.331596, "delta": 0.475043}}
{"target": 0.9106013304304718, "params": {"C": 24869.63185209812, "gamma": 0.09081319960143161}, "datetime": {"datetime": "2021-10-01 01:46:17", "elapsed": 42.830555, "delta": 0.498959}}
{"target": 0.8971167695547297, "params": {"C": 35077.6351127566, "gamma": 0.1434075568167269}, "datetime": {"datetime": "2021-10-01 01:46:17", "elapsed": 43.38433, "delta": 0.553775}}
{"target": 0.9115250725518957, "params": {"C": 33717.562383710654, "gamma": 0.06810780625716722}, "datetime": {"datetime": "2021-10-01 01:46:18", "elapsed": 43.885039, "delta": 0.500709}}
{"target": 0.8838521346941097, "params": {"C": 23397.326001879635, "gamma": 0.18845984778649758}, "datetime": {"datetime": "2021-10-01 01:46:18", "elapsed": 44.37104, "delta": 0.486001}}
{"target": 0.8849231603797272, "params": {"C": 36561.137839093615, "gamma": 0.1865624033301765}, "datetime": {"datetime": "2021-10-01 01:46:19", "elapsed": 44.878075, "delta": 0.507035}}
{"target": 0.8596327581964445, "params": {"C": 22148.524557173398, "gamma": 0.01772532039775815}, "datetime": {"datetime": "2021-10-01 01:46:19", "elapsed": 45.376385, "delta": 0.49831}}
{"target": 0.9072095532719427, "params": {"C": 17588.86097840424, "gamma": 0.07305014886611866}, "datetime": {"datetime": "2021-10-01 01:46:20", "elapsed": 45.943058, "delta": 0.566673}}
{"target": 0.9020902791597715, "params": {"C": 29790.817712734974, "gamma": 0.05063122982731133}, "datetime": {"datetime": "2021-10-01 01:46:21", "elapsed": 46.448063, "delta": 0.505005}}
{"target": 0.9051008656601922, "params": {"C": 32284.224532889377, "gamma": 0.11643284510704631}, "datetime": {"datetime": "2021-10-01 01:46:21", "elapsed": 46.962024, "delta": 0.513961}}
{"target": 0.9040773675055819, "params": {"C": 18932.500797701847, "gamma": 0.06141643557130786}, "datetime": {"datetime": "2021-10-01 01:46:22", "elapsed": 47.552208, "delta": 0.590184}}
{"target": 0.8656928211284914, "params": {"C": 22642.62960748684, "gamma": 0.022526363614062447}, "datetime": {"datetime": "2021-10-01 01:46:22", "elapsed": 48.124208, "delta": 0.572}}
{"target": 0.8891777655985132, "params": {"C": 48336.89301564303, "gamma": 0.16956487077319643}, "datetime": {"datetime": "2021-10-01 01:46:23", "elapsed": 48.646977, "delta": 0.522769}}
{"target": 0.9117291779610824, "params": {"C": 28191.14701222159, "gamma": 0.0829818157100405}, "datetime": {"datetime": "2021-10-01 01:46:23", "elapsed": 49.152124, "delta": 0.505147}}
{"target": 0.8758860162787948, "params": {"C": 9038.042833582242, "gamma": 0.18650178584719926}, "datetime": {"datetime": "2021-10-01 01:46:24", "elapsed": 49.664768, "delta": 0.512644}}
{"target": 0.9007248365998439, "params": {"C": 42164.860775553796, "gamma": 0.12853067761102763}, "datetime": {"datetime": "2021-10-01 01:46:24", "elapsed": 50.163735, "delta": 0.498967}}
{"target": 0.8868278608582645, "params": {"C": 16663.342923460656, "gamma": 0.173942090965905}, "datetime": {"datetime": "2021-10-01 01:46:25", "elapsed": 50.701771, "delta": 0.538036}}
{"target": 0.8974374999384522, "params": {"C": 16617.62445963871, "gamma": 0.05332433859198911}, "datetime": {"datetime": "2021-10-01 01:46:25", "elapsed": 51.217133, "delta": 0.515362}}
{"target": 0.8784570917521468, "params": {"C": 13101.15405542538, "gamma": 0.19478411291508804}, "datetime": {"datetime": "2021-10-01 01:46:26", "elapsed": 51.729777, "delta": 0.512644}}
{"target": 0.9119006490001718, "params": {"C": 44037.819328428544, "gamma": 0.06598986353022485}, "datetime": {"datetime": "2021-10-01 01:46:26", "elapsed": 52.263464, "delta": 0.533687}}
{"target": 0.9058403211088901, "params": {"C": 14083.288762573804, "gamma": 0.08381036687438036}, "datetime": {"datetime": "2021-10-01 01:46:27", "elapsed": 52.771076, "delta": 0.507612}}
{"target": 0.8852885277300638, "params": {"C": 40687.05131182992, "gamma": 0.1851024067051829}, "datetime": {"datetime": "2021-10-01 01:46:27", "elapsed": 53.302636, "delta": 0.53156}}
{"target": 0.9103263244037164, "params": {"C": 29304.381200184856, "gamma": 0.09518598594644614}, "datetime": {"datetime": "2021-10-01 01:46:28", "elapsed": 53.832188, "delta": 0.529552}}
{"target": 0.9040891672190643, "params": {"C": 21427.713595468747, "gamma": 0.05863487646832938}, "datetime": {"datetime": "2021-10-01 01:46:28", "elapsed": 54.347279, "delta": 0.515091}}
{"target": 0.8738985242219903, "params": {"C": 38104.87879589981, "gamma": 0.027445326331763147}, "datetime": {"datetime": "2021-10-01 01:46:29", "elapsed": 54.876976, "delta": 0.529697}}
{"target": 0.8919570750543792, "params": {"C": 38465.825054812594, "gamma": 0.16092651002527023}, "datetime": {"datetime": "2021-10-01 01:46:30", "elapsed": 55.430145, "delta": 0.553169}}
{"target": 0.8520127254976146, "params": {"C": 31541.57017355441, "gamma": 0.01145197842816957}, "datetime": {"datetime": "2021-10-01 01:46:30", "elapsed": 55.970977, "delta": 0.540832}}
{"target": 0.7748950452703015, "params": {"C": 13489.654341898673, "gamma": 0.0033817904414835814}, "datetime": {"datetime": "2021-10-01 01:46:31", "elapsed": 56.517633, "delta": 0.546656}}
{"target": 0.8863744199197883, "params": {"C": 13080.360676100672, "gamma": 0.1693090364875586}, "datetime": {"datetime": "2021-10-01 01:46:31", "elapsed": 57.137998, "delta": 0.620365}}
{"target": 0.8398682826629427, "params": {"C": 25528.301200219623, "gamma": 0.008327291620152548}, "datetime": {"datetime": "2021-10-01 01:46:32", "elapsed": 57.838923, "delta": 0.700925}}
{"target": 0.9121104744613707, "params": {"C": 30615.862887747808, "gamma": 0.07874148192665237}, "datetime": {"datetime": "2021-10-01 01:46:32", "elapsed": 58.37897, "delta": 0.540047}}
{"target": 0.899111832556962, "params": {"C": 12455.457634322462, "gamma": 0.12371232027994133}, "datetime": {"datetime": "2021-10-01 01:46:33", "elapsed": 58.924339, "delta": 0.545369}}
{"target": 0.8913743712025817, "params": {"C": 6632.166732307525, "gamma": 0.09044375173335494}, "datetime": {"datetime": "2021-10-01 01:46:34", "elapsed": 59.490794, "delta": 0.566455}}
{"target": 0.8528611881530332, "params": {"C": 16791.70235077198, "gamma": 0.014985906709305052}, "datetime": {"datetime": "2021-10-01 01:46:34", "elapsed": 60.053741, "delta": 0.562947}}
{"target": 0.8516535456207586, "params": {"C": 22382.74675152567, "gamma": 0.012821900376556585}, "datetime": {"datetime": "2021-10-01 01:46:35", "elapsed": 60.630672, "delta": 0.576931}}
{"target": 0.9041455334212635, "params": {"C": 22371.31127265925, "gamma": 0.119770427221162}, "datetime": {"datetime": "2021-10-01 01:46:35", "elapsed": 61.167414, "delta": 0.536742}}
{"target": 0.9085239522510435, "params": {"C": 41903.1526024119, "gamma": 0.10004299096759986}, "datetime": {"datetime": "2021-10-01 01:46:36", "elapsed": 61.76839, "delta": 0.600976}}
{"target": 0.9029168797819447, "params": {"C": 11427.200071684772, "gamma": 0.08836298534966058}, "datetime": {"datetime": "2021-10-01 01:46:36", "elapsed": 62.326389, "delta": 0.557999}}
{"target": 0.7929168378022913, "params": {"C": 13594.51102740821, "gamma": 0.004379535304534835}, "datetime": {"datetime": "2021-10-01 01:46:37", "elapsed": 63.023263, "delta": 0.696874}}
{"target": 0.9103242198404261, "params": {"C": 48307.20827135939, "gamma": 0.059228398290675985}, "datetime": {"datetime": "2021-10-01 01:46:38", "elapsed": 63.602971, "delta": 0.579708}}
{"target": 0.8764945258676684, "params": {"C": 32855.01004821696, "gamma": 0.029483743366299334}, "datetime": {"datetime": "2021-10-01 01:46:38", "elapsed": 64.304604, "delta": 0.701633}}
{"target": 0.9023006711141047, "params": {"C": 24475.770645154247, "gamma": 0.05352733494734367}, "datetime": {"datetime": "2021-10-01 01:46:39", "elapsed": 64.971937, "delta": 0.667333}}
{"target": 0.8868825983466538, "params": {"C": 5697.17287219307, "gamma": 0.08577256946454317}, "datetime": {"datetime": "2021-10-01 01:46:40", "elapsed": 65.62007, "delta": 0.648133}}
{"target": 0.9029575722509218, "params": {"C": 19106.003994034003, "gamma": 0.12212639600291815}, "datetime": {"datetime": "2021-10-01 01:46:40", "elapsed": 66.194707, "delta": 0.574637}}
{"target": 0.8916246891773684, "params": {"C": 21583.20667465824, "gamma": 0.16182636188946514}, "datetime": {"datetime": "2021-10-01 01:46:41", "elapsed": 66.771831, "delta": 0.577124}}
{"target": 0.901303495619164, "params": {"C": 10495.909995279882, "gamma": 0.08466391162523648}, "datetime": {"datetime": "2021-10-01 01:46:41", "elapsed": 67.384635, "delta": 0.612804}}
{"target": 0.9101505887654125, "params": {"C": 21658.006942213357, "gamma": 0.08773760805090416}, "datetime": {"datetime": "2021-10-01 01:46:42", "elapsed": 68.078496, "delta": 0.693861}}
{"target": 0.8601567790597615, "params": {"C": 48119.09311351207, "gamma": 0.017591762974894433}, "datetime": {"datetime": "2021-10-01 01:46:43", "elapsed": 68.66013, "delta": 0.581634}}
{"target": 0.8985288023340303, "params": {"C": 14554.93972775742, "gamma": 0.13189462768487376}, "datetime": {"datetime": "2021-10-01 01:46:44", "elapsed": 69.387383, "delta": 0.727253}}
{"target": 0.9043236064341243, "params": {"C": 47121.28764884621, "gamma": 0.11339788992282224}, "datetime": {"datetime": "2021-10-01 01:46:44", "elapsed": 70.045638, "delta": 0.658255}}
{"target": 0.8648310539223346, "params": {"C": 33891.222241826195, "gamma": 0.021255017872346908}, "datetime": {"datetime": "2021-10-01 01:46:45", "elapsed": 70.745002, "delta": 0.699364}}
{"target": 0.8814299106150951, "params": {"C": 22565.55982155052, "gamma": 0.03459754092711137}, "datetime": {"datetime": "2021-10-01 01:46:46", "elapsed": 71.571908, "delta": 0.826906}}
{"target": 0.8931328261044925, "params": {"C": 49992.709323346375, "gamma": 0.1539048463976163}, "datetime": {"datetime": "2021-10-01 01:46:46", "elapsed": 72.292593, "delta": 0.720685}}
{"target": 0.8897444649185307, "params": {"C": 27850.332285206016, "gamma": 0.16941381727587657}, "datetime": {"datetime": "2021-10-01 01:46:47", "elapsed": 72.965182, "delta": 0.672589}}
{"target": 0.8945011534812616, "params": {"C": 46345.16624553143, "gamma": 0.14973298077728436}, "datetime": {"datetime": "2021-10-01 01:46:48", "elapsed": 73.687668, "delta": 0.722486}}
{"target": 0.8479842141023117, "params": {"C": 32446.7085897524, "gamma": 0.009658220232287218}, "datetime": {"datetime": "2021-10-01 01:46:49", "elapsed": 74.430662, "delta": 0.742994}}
{"target": 0.8742101400667713, "params": {"C": 10513.154506501574, "gamma": 0.034749715233579254}, "datetime": {"datetime": "2021-10-01 01:46:49", "elapsed": 75.170567, "delta": 0.739905}}
{"target": 0.822730448863197, "params": {"C": 6316.898809694216, "gamma": 0.012160361534487567}, "datetime": {"datetime": "2021-10-01 01:46:50", "elapsed": 75.789765, "delta": 0.619198}}
{"target": 0.8958528489501347, "params": {"C": 38757.83104616683, "gamma": 0.14692435689867517}, "datetime": {"datetime": "2021-10-01 01:46:51", "elapsed": 76.421851, "delta": 0.632086}}
{"target": 0.909910780665251, "params": {"C": 24877.28494953973, "gamma": 0.06966058627120855}, "datetime": {"datetime": "2021-10-01 01:46:51", "elapsed": 77.099, "delta": 0.677149}}
{"target": 0.8851781009490344, "params": {"C": 8422.430949105103, "gamma": 0.15227901213835646}, "datetime": {"datetime": "2021-10-01 01:46:52", "elapsed": 77.745342, "delta": 0.646342}}
{"target": 0.9027630089307942, "params": {"C": 21950.669244652392, "gamma": 0.12460245132318773}, "datetime": {"datetime": "2021-10-01 01:46:52", "elapsed": 78.361634, "delta": 0.616292}}
{"target": 0.8938300077357668, "params": {"C": 22523.939079210806, "gamma": 0.15487443471944}, "datetime": {"datetime": "2021-10-01 01:46:53", "elapsed": 78.960172, "delta": 0.598538}}
{"target": 0.8998106675453112, "params": {"C": 45825.8990436097, "gamma": 0.13035127819189182}, "datetime": {"datetime": "2021-10-01 01:46:54", "elapsed": 79.587485, "delta": 0.627313}}
{"target": 0.8957158544828562, "params": {"C": 46785.51265624565, "gamma": 0.14505481159733824}, "datetime": {"datetime": "2021-10-01 01:46:54", "elapsed": 80.367477, "delta": 0.779992}}
{"target": 0.9081296594850143, "params": {"C": 22884.142341128623, "gamma": 0.10373673603868314}, "datetime": {"datetime": "2021-10-01 01:46:55", "elapsed": 81.037778, "delta": 0.670301}}
{"target": 0.88871797293543, "params": {"C": 21765.323886320217, "gamma": 0.17150692862837646}, "datetime": {"datetime": "2021-10-01 01:46:56", "elapsed": 81.708894, "delta": 0.671116}}
{"target": 0.8880877528785753, "params": {"C": 25485.750384169678, "gamma": 0.03891021612983909}, "datetime": {"datetime": "2021-10-01 01:46:56", "elapsed": 82.366945, "delta": 0.658051}}
{"target": 0.8950654547710274, "params": {"C": 34269.39207124892, "gamma": 0.15068645082750265}, "datetime": {"datetime": "2021-10-01 01:46:57", "elapsed": 83.003002, "delta": 0.636057}}
{"target": 0.9085832905733928, "params": {"C": 17779.947644979387, "gamma": 0.08724522730561456}, "datetime": {"datetime": "2021-10-01 01:46:58", "elapsed": 83.793289, "delta": 0.790287}}
{"target": 0.8503387931881905, "params": {"C": 29341.154137742924, "gamma": 0.01098845767529565}, "datetime": {"datetime": "2021-10-01 01:46:59", "elapsed": 84.582926, "delta": 0.789637}}
{"target": 0.8771877655476984, "params": {"C": 5695.107132342309, "gamma": 0.052309840437815655}, "datetime": {"datetime": "2021-10-01 01:46:59", "elapsed": 85.23927, "delta": 0.656344}}
{"target": 0.8814094069112542, "params": {"C": 26970.50645394074, "gamma": 0.19797130955611353}, "datetime": {"datetime": "2021-10-01 01:47:00", "elapsed": 86.052501, "delta": 0.813231}}
{"target": 0.885073365750441, "params": {"C": 47446.25130764432, "gamma": 0.18544001513888567}, "datetime": {"datetime": "2021-10-01 01:47:01", "elapsed": 86.701835, "delta": 0.649334}}
{"target": 0.8961215289529181, "params": {"C": 38450.39421483473, "gamma": 0.1460521878559685}, "datetime": {"datetime": "2021-10-01 01:47:02", "elapsed": 87.388825, "delta": 0.68699}}
{"target": 0.8874484617733343, "params": {"C": 5802.900307715722, "gamma": 0.09514421249021865}, "datetime": {"datetime": "2021-10-01 01:47:02", "elapsed": 88.078575, "delta": 0.68975}}
{"target": 0.8885325824051469, "params": {"C": 33665.849962003456, "gamma": 0.17368203171018454}, "datetime": {"datetime": "2021-10-01 01:47:03", "elapsed": 88.750573, "delta": 0.671998}}
{"target": 0.9089447757593203, "params": {"C": 23276.924053259158, "gamma": 0.09992134371498283}, "datetime": {"datetime": "2021-10-01 01:47:04", "elapsed": 89.463735, "delta": 0.713162}}
{"target": 0.8890475337335596, "params": {"C": 24021.45050673308, "gamma": 0.04013869338080772}, "datetime": {"datetime": "2021-10-01 01:47:04", "elapsed": 90.232776, "delta": 0.769041}}
{"target": 0.8774636591039394, "params": {"C": 11129.454202925075, "gamma": 0.19186089388143507}, "datetime": {"datetime": "2021-10-01 01:47:05", "elapsed": 90.917386, "delta": 0.68461}}
{"target": 0.8832885388793265, "params": {"C": 43164.3771926179, "gamma": 0.03275531783284062}, "datetime": {"datetime": "2021-10-01 01:47:06", "elapsed": 91.63806, "delta": 0.720674}}
{"target": 0.8910306344406216, "params": {"C": 42880.45012836458, "gamma": 0.03777525376827055}, "datetime": {"datetime": "2021-10-01 01:47:06", "elapsed": 92.331061, "delta": 0.693001}}
