{"target": -2.3338906580159424, "params": {"C": 45768.28468225725, "gamma": 0.1553607810530467}, "datetime": {"datetime": "2021-10-04 12:28:42", "elapsed": 98.627838, "delta": 0.806886}}
{"target": -2.4999553051551, "params": {"C": 43530.647772640434, "gamma": 0.25718807550253514}, "datetime": {"datetime": "2021-10-04 12:28:42", "elapsed": 99.411752, "delta": 0.783914}}
{"target": -2.0561214206659875, "params": {"C": 50971.500768339356, "gamma": 0.05795646687529121}, "datetime": {"datetime": "2021-10-04 12:28:43", "elapsed": 100.18874, "delta": 0.776988}}
{"target": -2.4674060024321594, "params": {"C": 68538.78414249784, "gamma": 0.22590451494893796}, "datetime": {"datetime": "2021-10-04 12:28:44", "elapsed": 100.884528, "delta": 0.695788}}
{"target": -2.260531582963622, "params": {"C": 35559.895289958775, "gamma": 0.13058166133229396}, "datetime": {"datetime": "2021-10-04 12:28:45", "elapsed": 101.751686, "delta": 0.867158}}
{"target": -2.2897219189013835, "params": {"C": 58682.30827548585, "gamma": 0.016002961786231028}, "datetime": {"datetime": "2021-10-04 12:28:46", "elapsed": 102.601775, "delta": 0.850089}}
{"target": -2.1064468762721162, "params": {"C": 11390.214264684619, "gamma": 0.07808991253600726}, "datetime": {"datetime": "2021-10-04 12:28:46", "elapsed": 103.425005, "delta": 0.82323}}
{"target": -2.567583421089323, "params": {"C": 53941.01290788148, "gamma": 0.2969518153736528}, "datetime": {"datetime": "2021-10-04 12:28:47", "elapsed": 104.3248, "delta": 0.899795}}
{"target": -2.5674472573404277, "params": {"C": 94892.50261528864, "gamma": 0.2781230684320312}, "datetime": {"datetime": "2021-10-04 12:28:48", "elapsed": 105.025226, "delta": 0.700426}}
{"target": -2.462195684853834, "params": {"C": 76900.78842966945, "gamma": 0.2189413584028765}, "datetime": {"datetime": "2021-10-04 12:28:49", "elapsed": 105.760396, "delta": 0.73517}}
{"target": -2.280905857463526, "params": {"C": 11605.800615431444, "gamma": 0.1424501872949478}, "datetime": {"datetime": "2021-10-04 12:28:50", "elapsed": 106.528161, "delta": 0.767765}}
{"target": -2.5160107486821026, "params": {"C": 67331.69992400691, "gamma": 0.2604562506914448}, "datetime": {"datetime": "2021-10-04 12:28:50", "elapsed": 107.221968, "delta": 0.693807}}
{"target": -2.322553326742158, "params": {"C": 46553.848106518315, "gamma": 0.1496280088306341}, "datetime": {"datetime": "2021-10-04 12:28:51", "elapsed": 108.01746, "delta": 0.795492}}
{"target": -2.052607065512398, "params": {"C": 48042.90101346616, "gamma": 0.05980230071431007}, "datetime": {"datetime": "2021-10-04 12:28:52", "elapsed": 108.813867, "delta": 0.796407}}
{"target": -2.539663984758885, "params": {"C": 22258.90840585015, "gamma": 0.28777068319241}, "datetime": {"datetime": "2021-10-04 12:28:53", "elapsed": 109.663957, "delta": 0.85009}}
{"target": -2.0990527062287057, "params": {"C": 86328.7543852358, "gamma": 0.04870849786051179}, "datetime": {"datetime": "2021-10-04 12:28:53", "elapsed": 110.418353, "delta": 0.754396}}
{"target": -2.1086957175297445, "params": {"C": 85760.90025672916, "gamma": 0.056251142717807526}, "datetime": {"datetime": "2021-10-04 12:28:54", "elapsed": 111.188806, "delta": 0.770453}}
{"target": -2.452445335688433, "params": {"C": 75459.87900778897, "gamma": 0.2110371223385926}, "datetime": {"datetime": "2021-10-04 12:28:55", "elapsed": 111.94575, "delta": 0.756944}}
{"target": -2.146654899637027, "params": {"C": 85682.05528284963, "gamma": 0.07549919692265433}, "datetime": {"datetime": "2021-10-04 12:28:56", "elapsed": 112.764752, "delta": 0.819002}}
{"target": -2.1119092613587194, "params": {"C": 84739.48603319796, "gamma": 0.058302417139864254}, "datetime": {"datetime": "2021-10-04 12:28:57", "elapsed": 113.643073, "delta": 0.878321}}
{"target": -2.0418179106692484, "params": {"C": 24140.307079741993, "gamma": 0.07285366555626827}, "datetime": {"datetime": "2021-10-04 12:28:57", "elapsed": 114.466804, "delta": 0.823731}}
{"target": -2.5193719942087482, "params": {"C": 28509.538256625154, "gamma": 0.27546702961547037}, "datetime": {"datetime": "2021-10-04 12:28:58", "elapsed": 115.380475, "delta": 0.913671}}
{"target": -2.188163367063269, "params": {"C": 33530.651558950034, "gamma": 0.11008806847314975}, "datetime": {"datetime": "2021-10-04 12:28:59", "elapsed": 116.4342, "delta": 1.053725}}
{"target": -2.1387303892207816, "params": {"C": 93446.25793011657, "gamma": 0.06426039274061761}, "datetime": {"datetime": "2021-10-04 12:29:00", "elapsed": 117.453042, "delta": 1.018842}}
{"target": -2.1315951704661162, "params": {"C": 53452.04298231497, "gamma": 0.029584916795394257}, "datetime": {"datetime": "2021-10-04 12:29:01", "elapsed": 118.351132, "delta": 0.89809}}
{"target": -2.556060637935929, "params": {"C": 78802.85046431304, "gamma": 0.2783841479899021}, "datetime": {"datetime": "2021-10-04 12:29:02", "elapsed": 119.2853, "delta": 0.934168}}
{"target": -2.4704651956079777, "params": {"C": 22568.669733942726, "gamma": 0.2422363884835335}, "datetime": {"datetime": "2021-10-04 12:29:03", "elapsed": 120.235282, "delta": 0.949982}}
{"target": -2.3340553109883886, "params": {"C": 82953.62023116245, "gamma": 0.13639664841010546}, "datetime": {"datetime": "2021-10-04 12:29:04", "elapsed": 121.077633, "delta": 0.842351}}
{"target": -2.1674059178825176, "params": {"C": 98386.1356578908, "gamma": 0.07523111148308434}, "datetime": {"datetime": "2021-10-04 12:29:05", "elapsed": 121.978797, "delta": 0.901164}}
{"target": -2.466013296387095, "params": {"C": 91623.97443993344, "gamma": 0.21997521976690446}, "datetime": {"datetime": "2021-10-04 12:29:06", "elapsed": 122.957452, "delta": 0.978655}}
{"target": -2.384394453392509, "params": {"C": 13499.570637913632, "gamma": 0.1941955303117653}, "datetime": {"datetime": "2021-10-04 12:29:07", "elapsed": 123.833021, "delta": 0.875569}}
{"target": -2.035436734533716, "params": {"C": 19217.502687317272, "gamma": 0.0572775132310077}, "datetime": {"datetime": "2021-10-04 12:29:08", "elapsed": 124.792859, "delta": 0.959838}}
{"target": -2.55300900200196, "params": {"C": 30680.141253489313, "gamma": 0.297041167026546}, "datetime": {"datetime": "2021-10-04 12:29:09", "elapsed": 125.725664, "delta": 0.932805}}
{"target": -2.4043882917418657, "params": {"C": 88764.38008533967, "gamma": 0.17374332491039063}, "datetime": {"datetime": "2021-10-04 12:29:10", "elapsed": 126.714539, "delta": 0.988875}}
{"target": -2.3796545005001137, "params": {"C": 92510.35603627026, "gamma": 0.15498147669166193}, "datetime": {"datetime": "2021-10-04 12:29:11", "elapsed": 127.926458, "delta": 1.211919}}
{"target": -2.2440671788960316, "params": {"C": 43719.79638544449, "gamma": 0.12063871396872149}, "datetime": {"datetime": "2021-10-04 12:29:12", "elapsed": 129.039245, "delta": 1.112787}}
{"target": -2.2571447136522313, "params": {"C": 67799.57008157988, "gamma": 0.1108261059522463}, "datetime": {"datetime": "2021-10-04 12:29:13", "elapsed": 130.072972, "delta": 1.033727}}
{"target": -2.3676218245567373, "params": {"C": 13501.961216725469, "gamma": 0.18694635240881793}, "datetime": {"datetime": "2021-10-04 12:29:14", "elapsed": 130.975634, "delta": 0.902662}}
{"target": -2.060995254596635, "params": {"C": 59884.527043297894, "gamma": 0.04957011946805781}, "datetime": {"datetime": "2021-10-04 12:29:15", "elapsed": 132.01627, "delta": 1.040636}}
{"target": -2.2328250295574166, "params": {"C": 73359.3029894954, "gamma": 0.02085270507708798}, "datetime": {"datetime": "2021-10-04 12:29:16", "elapsed": 133.050222, "delta": 1.033952}}
{"target": -2.210671685061675, "params": {"C": 42079.17130458346, "gamma": 0.11087927651442743}, "datetime": {"datetime": "2021-10-04 12:29:17", "elapsed": 133.951436, "delta": 0.901214}}
{"target": -2.4696370873711664, "params": {"C": 28779.248582035438, "gamma": 0.2400197312666576}, "datetime": {"datetime": "2021-10-04 12:29:18", "elapsed": 135.070332, "delta": 1.118896}}
{"target": -2.0573100502279598, "params": {"C": 56983.894165070866, "gamma": 0.04965779028472997}, "datetime": {"datetime": "2021-10-04 12:29:19", "elapsed": 135.941819, "delta": 0.871487}}
{"target": -2.4209739591038315, "params": {"C": 29052.00033251266, "gamma": 0.20822816682165488}, "datetime": {"datetime": "2021-10-04 12:29:20", "elapsed": 136.825257, "delta": 0.883438}}
{"target": -2.1553321907535463, "params": {"C": 84291.19314528954, "gamma": 0.0796146193868103}, "datetime": {"datetime": "2021-10-04 12:29:21", "elapsed": 137.689821, "delta": 0.864564}}
{"target": -2.165233693516225, "params": {"C": 55746.427494297226, "gamma": 0.026321591350194556}, "datetime": {"datetime": "2021-10-04 12:29:22", "elapsed": 138.761653, "delta": 1.071832}}
{"target": -2.228592183003709, "params": {"C": 66907.6194560421, "gamma": 0.021237702203124733}, "datetime": {"datetime": "2021-10-04 12:29:23", "elapsed": 139.987379, "delta": 1.225726}}
{"target": -2.1185126327879424, "params": {"C": 75201.13497000604, "gamma": 0.03505517241651719}, "datetime": {"datetime": "2021-10-04 12:29:24", "elapsed": 141.059465, "delta": 1.072086}}
{"target": -2.563491222455569, "params": {"C": 48789.32951553532, "gamma": 0.29621357364940065}, "datetime": {"datetime": "2021-10-04 12:29:25", "elapsed": 141.977421, "delta": 0.917956}}
{"target": -2.0424129784087, "params": {"C": 43648.006663485256, "gamma": 0.05363472459791707}, "datetime": {"datetime": "2021-10-04 12:29:26", "elapsed": 142.995699, "delta": 1.018278}}
{"target": -2.099551745692068, "params": {"C": 20353.69677955933, "gamma": 0.08907204156403095}, "datetime": {"datetime": "2021-10-04 12:29:27", "elapsed": 143.851034, "delta": 0.855335}}
{"target": -2.035380326832902, "params": {"C": 19097.11170567743, "gamma": 0.05628862180171437}, "datetime": {"datetime": "2021-10-04 12:29:28", "elapsed": 144.769399, "delta": 0.918365}}
{"target": -2.1783973808494554, "params": {"C": 74000.70759345757, "gamma": 0.08887675666469101}, "datetime": {"datetime": "2021-10-04 12:29:29", "elapsed": 145.656443, "delta": 0.887044}}
{"target": -2.044267868290172, "params": {"C": 33405.185257922276, "gamma": 0.046779100280112326}, "datetime": {"datetime": "2021-10-04 12:29:30", "elapsed": 146.690379, "delta": 1.033936}}
{"target": -2.227763853605248, "params": {"C": 73574.0942383362, "gamma": 0.0996287315510613}, "datetime": {"datetime": "2021-10-04 12:29:31", "elapsed": 147.545847, "delta": 0.855468}}
{"target": -2.199028097584075, "params": {"C": 82774.34021143953, "gamma": 0.023056699812265758}, "datetime": {"datetime": "2021-10-04 12:29:31", "elapsed": 148.463811, "delta": 0.917964}}
{"target": -2.365403377014475, "params": {"C": 91287.58834490312, "gamma": 0.14704409113365444}, "datetime": {"datetime": "2021-10-04 12:29:32", "elapsed": 149.33487, "delta": 0.871059}}
{"target": -2.34831411276472, "params": {"C": 49273.62301136092, "gamma": 0.1605447063177396}, "datetime": {"datetime": "2021-10-04 12:29:33", "elapsed": 150.437852, "delta": 1.102982}}
{"target": -2.2877915950402348, "params": {"C": 96504.13902618962, "gamma": 0.016559206979456544}, "datetime": {"datetime": "2021-10-04 12:29:34", "elapsed": 151.317989, "delta": 0.880137}}
{"target": -2.5529758132626656, "params": {"C": 24589.61884646013, "gamma": 0.2973081007839386}, "datetime": {"datetime": "2021-10-04 12:29:36", "elapsed": 152.896194, "delta": 1.578205}}
{"target": -2.2397826198283894, "params": {"C": 70914.77454497758, "gamma": 0.10387395081442638}, "datetime": {"datetime": "2021-10-04 12:29:37", "elapsed": 154.113443, "delta": 1.217249}}
{"target": -2.2328999946618464, "params": {"C": 53182.452876566946, "gamma": 0.021014497324102984}, "datetime": {"datetime": "2021-10-04 12:29:38", "elapsed": 155.241139, "delta": 1.127696}}
{"target": -2.4790496055037394, "params": {"C": 40447.440205875675, "gamma": 0.24347025576860032}, "datetime": {"datetime": "2021-10-04 12:29:39", "elapsed": 156.32522, "delta": 1.084081}}
{"target": -2.52327009082532, "params": {"C": 83390.60158847905, "gamma": 0.2584939035935316}, "datetime": {"datetime": "2021-10-04 12:29:40", "elapsed": 157.358296, "delta": 1.033076}}
{"target": -2.5108808811062895, "params": {"C": 23949.71284785524, "gamma": 0.2696022166186698}, "datetime": {"datetime": "2021-10-04 12:29:42", "elapsed": 158.612579, "delta": 1.254283}}
{"target": -2.074409950933357, "params": {"C": 62389.71841258405, "gamma": 0.04386434605591483}, "datetime": {"datetime": "2021-10-04 12:29:43", "elapsed": 159.606624, "delta": 0.994045}}
{"target": -2.240670375274197, "params": {"C": 39046.175488395435, "gamma": 0.12207368643350906}, "datetime": {"datetime": "2021-10-04 12:29:44", "elapsed": 160.665596, "delta": 1.058972}}
{"target": -2.415228922295986, "params": {"C": 50965.59121410338, "gamma": 0.19416747515491828}, "datetime": {"datetime": "2021-10-04 12:29:45", "elapsed": 161.657123, "delta": 0.991527}}
{"target": -2.2938899045718046, "params": {"C": 92074.18243041159, "gamma": 0.11496014774454096}, "datetime": {"datetime": "2021-10-04 12:29:46", "elapsed": 162.795611, "delta": 1.138488}}
{"target": -2.0725818728811314, "params": {"C": 49375.373787876444, "gamma": 0.040211163104755754}, "datetime": {"datetime": "2021-10-04 12:29:47", "elapsed": 164.168771, "delta": 1.37316}}
{"target": -2.1069777046151397, "params": {"C": 89449.41431869654, "gamma": 0.04543646555114797}, "datetime": {"datetime": "2021-10-04 12:29:48", "elapsed": 165.299549, "delta": 1.130778}}
{"target": -2.305906955449206, "params": {"C": 41994.63046208279, "gamma": 0.14473786436434297}, "datetime": {"datetime": "2021-10-04 12:29:49", "elapsed": 166.314216, "delta": 1.014667}}
{"target": -2.140544515456638, "params": {"C": 11006.8156842253, "gamma": 0.08994235567673295}, "datetime": {"datetime": "2021-10-04 12:29:51", "elapsed": 167.52412, "delta": 1.209904}}
{"target": -2.395090786687027, "params": {"C": 76301.950581346, "gamma": 0.17228989049786358}, "datetime": {"datetime": "2021-10-04 12:29:52", "elapsed": 169.009703, "delta": 1.485583}}
{"target": -2.5504860144599184, "params": {"C": 37609.6810290118, "gamma": 0.29340137565371094}, "datetime": {"datetime": "2021-10-04 12:29:53", "elapsed": 170.24384, "delta": 1.234137}}
{"target": -2.5832355958798177, "params": {"C": 78662.83667509863, "gamma": 0.29427574703012177}, "datetime": {"datetime": "2021-10-04 12:29:55", "elapsed": 171.695101, "delta": 1.451261}}
{"target": -2.0613156452597567, "params": {"C": 22141.413515077104, "gamma": 0.07918757552359511}, "datetime": {"datetime": "2021-10-04 12:29:56", "elapsed": 172.784739, "delta": 1.089638}}
{"target": -2.2496444620037916, "params": {"C": 93263.85952911219, "gamma": 0.09931989144294413}, "datetime": {"datetime": "2021-10-04 12:29:57", "elapsed": 174.212509, "delta": 1.42777}}
{"target": -2.4124062440900977, "params": {"C": 79829.11292123029, "gamma": 0.18227782449051644}, "datetime": {"datetime": "2021-10-04 12:29:58", "elapsed": 175.37888, "delta": 1.166371}}
{"target": -2.3060037850610073, "params": {"C": 83658.48181297696, "gamma": 0.014669308330217304}, "datetime": {"datetime": "2021-10-04 12:30:00", "elapsed": 176.62749, "delta": 1.24861}}
{"target": -2.245150428232442, "params": {"C": 94404.17153101593, "gamma": 0.09781113155938069}, "datetime": {"datetime": "2021-10-04 12:30:01", "elapsed": 177.70986, "delta": 1.08237}}
{"target": -2.5308790450714738, "params": {"C": 28155.3954253194, "gamma": 0.28286182293281953}, "datetime": {"datetime": "2021-10-04 12:30:02", "elapsed": 178.78536, "delta": 1.0755}}
{"target": -2.308083907731867, "params": {"C": 19596.12576886269, "gamma": 0.1621631969859758}, "datetime": {"datetime": "2021-10-04 12:30:03", "elapsed": 179.807698, "delta": 1.022338}}
{"target": -2.2293806548306807, "params": {"C": 44473.48409168305, "gamma": 0.11497227022602877}, "datetime": {"datetime": "2021-10-04 12:30:05", "elapsed": 181.70595, "delta": 1.898252}}
{"target": -2.3910732055828743, "params": {"C": 86600.87102429604, "gamma": 0.16627291972063002}, "datetime": {"datetime": "2021-10-04 12:30:06", "elapsed": 183.084521, "delta": 1.378571}}
{"target": -2.539160992923822, "params": {"C": 51946.42051357673, "gamma": 0.2793957528521221}, "datetime": {"datetime": "2021-10-04 12:30:07", "elapsed": 184.389154, "delta": 1.304633}}
{"target": -2.326586783770601, "params": {"C": 63321.375881825, "gamma": 0.1429174841062214}, "datetime": {"datetime": "2021-10-04 12:30:09", "elapsed": 185.565457, "delta": 1.176303}}
{"target": -2.383351584770048, "params": {"C": 62314.77298681096, "gamma": 0.1714108610131276}, "datetime": {"datetime": "2021-10-04 12:30:10", "elapsed": 186.763245, "delta": 1.197788}}
{"target": -2.3696639349907915, "params": {"C": 54017.08457915837, "gamma": 0.1685545256089096}, "datetime": {"datetime": "2021-10-04 12:30:11", "elapsed": 187.894412, "delta": 1.131167}}
{"target": -2.346730391718868, "params": {"C": 21661.59076609566, "gamma": 0.1772508102432058}, "datetime": {"datetime": "2021-10-04 12:30:12", "elapsed": 189.110136, "delta": 1.215724}}
{"target": -2.4570380013310724, "params": {"C": 60561.87781555811, "gamma": 0.21968607436991391}, "datetime": {"datetime": "2021-10-04 12:30:13", "elapsed": 190.398445, "delta": 1.288309}}
{"target": -2.0644319164536995, "params": {"C": 21624.82035105538, "gamma": 0.07988160681432487}, "datetime": {"datetime": "2021-10-04 12:30:15", "elapsed": 191.848728, "delta": 1.450283}}
{"target": -2.589939645849256, "params": {"C": 81910.70781408339, "gamma": 0.29681947389482405}, "datetime": {"datetime": "2021-10-04 12:30:16", "elapsed": 193.011321, "delta": 1.162593}}
{"target": -2.530067660859043, "params": {"C": 81369.95243765759, "gamma": 0.2629271556352861}, "datetime": {"datetime": "2021-10-04 12:30:17", "elapsed": 194.117521, "delta": 1.1062}}
{"target": -2.0848624814678516, "params": {"C": 22742.860407289118, "gamma": 0.08539902898602035}, "datetime": {"datetime": "2021-10-04 12:30:19", "elapsed": 195.548227, "delta": 1.430706}}
{"target": -2.2643972101662078, "params": {"C": 21535.56814640374, "gamma": 0.1416948716837425}, "datetime": {"datetime": "2021-10-04 12:30:20", "elapsed": 196.708457, "delta": 1.16023}}
{"target": -2.396143383875298, "params": {"C": 30225.16733664095, "gamma": 0.19425416309385637}, "datetime": {"datetime": "2021-10-04 12:30:21", "elapsed": 198.091562, "delta": 1.383105}}
{"target": -2.324930976219045, "params": {"C": 42210.50678644571, "gamma": 0.1531239238293286}, "datetime": {"datetime": "2021-10-04 12:30:22", "elapsed": 199.282796, "delta": 1.191234}}
{"target": -2.5373992309479307, "params": {"C": 91988.89650432729, "gamma": 0.26267027548627103}, "datetime": {"datetime": "2021-10-04 12:30:24", "elapsed": 200.477218, "delta": 1.194422}}
{"target": -2.568416745541336, "params": {"C": 99071.91343161721, "gamma": 0.27715978324760904}, "datetime": {"datetime": "2021-10-04 12:30:25", "elapsed": 202.037598, "delta": 1.56038}}
{"target": -2.0322348370039616, "params": {"C": 35079.11055382283, "gamma": 0.06131944408038696}, "datetime": {"datetime": "2021-10-04 12:30:27", "elapsed": 203.560964, "delta": 1.523366}}
{"target": -2.4767374356445986, "params": {"C": 57175.49966792068, "gamma": 0.23578549699276072}, "datetime": {"datetime": "2021-10-04 12:30:28", "elapsed": 204.698637, "delta": 1.137673}}
{"target": -2.303689442043219, "params": {"C": 63770.41049818146, "gamma": 0.13242075684769697}, "datetime": {"datetime": "2021-10-04 12:30:29", "elapsed": 205.891792, "delta": 1.193155}}
{"target": -2.096567800603211, "params": {"C": 50715.96312421128, "gamma": 0.034405149375960654}, "datetime": {"datetime": "2021-10-04 12:30:30", "elapsed": 207.048919, "delta": 1.157127}}
{"target": -2.207366424834749, "params": {"C": 29007.11685136544, "gamma": 0.024227729085218336}, "datetime": {"datetime": "2021-10-04 12:30:31", "elapsed": 208.293358, "delta": 1.244439}}
{"target": -2.400699394517489, "params": {"C": 15990.94744492061, "gamma": 0.20409951105744406}, "datetime": {"datetime": "2021-10-04 12:30:33", "elapsed": 209.537418, "delta": 1.24406}}
{"target": -2.497627475197323, "params": {"C": 17692.904530969237, "gamma": 0.2599932305382476}, "datetime": {"datetime": "2021-10-04 12:30:34", "elapsed": 210.922825, "delta": 1.385407}}
{"target": -2.041290794690534, "params": {"C": 39458.38619437591, "gamma": 0.05269436534787671}, "datetime": {"datetime": "2021-10-04 12:30:36", "elapsed": 212.645858, "delta": 1.723033}}
{"target": -2.408089104696178, "params": {"C": 74098.71297766504, "gamma": 0.18151785911358187}, "datetime": {"datetime": "2021-10-04 12:30:37", "elapsed": 213.757674, "delta": 1.111816}}
{"target": -2.5114606933880794, "params": {"C": 50643.10393275261, "gamma": 0.26211173942145427}, "datetime": {"datetime": "2021-10-04 12:30:38", "elapsed": 214.900024, "delta": 1.14235}}
{"target": -2.3429702152455025, "params": {"C": 77591.43545633258, "gamma": 0.1423212202230173}, "datetime": {"datetime": "2021-10-04 12:30:39", "elapsed": 216.093888, "delta": 1.193864}}
{"target": -2.2257344847840907, "params": {"C": 95757.16040571302, "gamma": 0.09284133181486631}, "datetime": {"datetime": "2021-10-04 12:30:41", "elapsed": 218.069286, "delta": 1.975398}}
{"target": -2.1048800915298345, "params": {"C": 88154.08063124675, "gamma": 0.04578979639836579}, "datetime": {"datetime": "2021-10-04 12:30:42", "elapsed": 219.27104, "delta": 1.201754}}
{"target": -2.5916713683803763, "params": {"C": 84583.72221393127, "gamma": 0.29667350379303536}, "datetime": {"datetime": "2021-10-04 12:30:43", "elapsed": 220.415657, "delta": 1.144617}}
{"target": -2.2289523608497386, "params": {"C": 53357.6287396987, "gamma": 0.10931880638041819}, "datetime": {"datetime": "2021-10-04 12:30:45", "elapsed": 221.689306, "delta": 1.273649}}
{"target": -2.433840212731908, "params": {"C": 78149.20202268424, "gamma": 0.19670279773237268}, "datetime": {"datetime": "2021-10-04 12:30:46", "elapsed": 222.84053, "delta": 1.151224}}
