{"target": 0.8819173901393511, "params": {"C": 44519.9035589934, "gamma": 0.016682356585001366}, "datetime": {"datetime": "2021-10-04 09:38:21", "elapsed": 388.61397, "delta": 1.948616}}
{"target": 0.9204536538509017, "params": {"C": 32922.44594754263, "gamma": 0.06669522416955231}, "datetime": {"datetime": "2021-10-04 09:38:22", "elapsed": 390.310037, "delta": 1.696067}}
{"target": 0.9114824928119539, "params": {"C": 26019.231283653033, "gamma": 0.08572047770506155}, "datetime": {"datetime": "2021-10-04 09:38:24", "elapsed": 391.813159, "delta": 1.503122}}
{"target": 0.920339090619656, "params": {"C": 36062.3416343427, "gamma": 0.06799863908908144}, "datetime": {"datetime": "2021-10-04 09:38:25", "elapsed": 393.510208, "delta": 1.697049}}
{"target": 0.8645700783142649, "params": {"C": 16161.81460047423, "gamma": 0.011821628392608384}, "datetime": {"datetime": "2021-10-04 09:38:27", "elapsed": 395.069782, "delta": 1.559574}}
{"target": 0.9033653569531839, "params": {"C": 40221.10946889322, "gamma": 0.026273036262483104}, "datetime": {"datetime": "2021-10-04 09:38:29", "elapsed": 397.287048, "delta": 2.217266}}
{"target": 0.923659037201198, "params": {"C": 45376.40208955709, "gamma": 0.042288040248756216}, "datetime": {"datetime": "2021-10-04 09:38:31", "elapsed": 398.913147, "delta": 1.626099}}
{"target": 0.9185063301174659, "params": {"C": 31566.520608669198, "gamma": 0.04092252061900629}, "datetime": {"datetime": "2021-10-04 09:38:33", "elapsed": 401.017611, "delta": 2.104464}}
{"target": 0.8827413710549071, "params": {"C": 34009.35961163473, "gamma": 0.017782499531142384}, "datetime": {"datetime": "2021-10-04 09:38:35", "elapsed": 402.69882, "delta": 1.681209}}
{"target": 0.8689831306468444, "params": {"C": 11094.083014666954, "gamma": 0.016167008240988292}, "datetime": {"datetime": "2021-10-04 09:38:36", "elapsed": 404.430736, "delta": 1.731916}}
{"target": 0.9156624447292003, "params": {"C": 27879.922873611766, "gamma": 0.03942440169731031}, "datetime": {"datetime": "2021-10-04 09:38:38", "elapsed": 405.985095, "delta": 1.554359}}
{"target": 0.9189452097825727, "params": {"C": 44251.58538200075, "gamma": 0.07158887076802446}, "datetime": {"datetime": "2021-10-04 09:38:40", "elapsed": 407.653661, "delta": 1.668566}}
{"target": 0.9228727309851907, "params": {"C": 37161.823905554615, "gamma": 0.04575153244639605}, "datetime": {"datetime": "2021-10-04 09:38:41", "elapsed": 409.357298, "delta": 1.703637}}
{"target": 0.9080668162964151, "params": {"C": 15205.133104301387, "gamma": 0.04209191128782585}, "datetime": {"datetime": "2021-10-04 09:38:43", "elapsed": 411.064959, "delta": 1.707661}}
{"target": 0.9199206005397484, "params": {"C": 30217.805906787857, "gamma": 0.06694459142166242}, "datetime": {"datetime": "2021-10-04 09:38:45", "elapsed": 412.802441, "delta": 1.737482}}
{"target": 0.9198456292654758, "params": {"C": 49524.70649560231, "gamma": 0.035357247881699715}, "datetime": {"datetime": "2021-10-04 09:38:46", "elapsed": 414.4815, "delta": 1.679059}}
{"target": 0.9220800180066788, "params": {"C": 31572.934643605946, "gamma": 0.059106983885031585}, "datetime": {"datetime": "2021-10-04 09:38:49", "elapsed": 416.770869, "delta": 2.289369}}
{"target": 0.9109251380488874, "params": {"C": 41836.92511227808, "gamma": 0.086836738417014}, "datetime": {"datetime": "2021-10-04 09:38:50", "elapsed": 418.498724, "delta": 1.727855}}
{"target": 0.9164401121971197, "params": {"C": 19869.81134845798, "gamma": 0.06619578408743688}, "datetime": {"datetime": "2021-10-04 09:38:52", "elapsed": 420.186404, "delta": 1.68768}}
{"target": 0.9200874278060266, "params": {"C": 34941.91627445638, "gamma": 0.041294417398866926}, "datetime": {"datetime": "2021-10-04 09:38:54", "elapsed": 421.759205, "delta": 1.572801}}
{"target": 0.8598086463020235, "params": {"C": 13925.631649375458, "gamma": 0.010999905867359897}, "datetime": {"datetime": "2021-10-04 09:38:55", "elapsed": 423.362743, "delta": 1.603538}}
{"target": 0.923663347677458, "params": {"C": 41745.39569267835, "gamma": 0.059329370710969165}, "datetime": {"datetime": "2021-10-04 09:38:57", "elapsed": 425.069826, "delta": 1.707083}}
{"target": 0.9148788883155275, "params": {"C": 18189.60337128736, "gamma": 0.0502118381058208}, "datetime": {"datetime": "2021-10-04 09:38:59", "elapsed": 426.854102, "delta": 1.784276}}
{"target": 0.9120769303128371, "params": {"C": 48265.57953616279, "gamma": 0.0836912564226593}, "datetime": {"datetime": "2021-10-04 09:39:01", "elapsed": 428.651929, "delta": 1.797827}}
{"target": 0.916847297482767, "params": {"C": 36816.275754648435, "gamma": 0.0760732338245431}, "datetime": {"datetime": "2021-10-04 09:39:02", "elapsed": 430.502288, "delta": 1.850359}}
{"target": 0.9244965830072335, "params": {"C": 40762.92107082827, "gamma": 0.05400962139177563}, "datetime": {"datetime": "2021-10-04 09:39:04", "elapsed": 432.263935, "delta": 1.761647}}
{"target": 0.9128771143882654, "params": {"C": 19392.431258013345, "gamma": 0.04330416086824653}, "datetime": {"datetime": "2021-10-04 09:39:06", "elapsed": 434.113421, "delta": 1.849486}}
{"target": 0.8955253990854369, "params": {"C": 42028.02810374916, "gamma": 0.022425453394632207}, "datetime": {"datetime": "2021-10-04 09:39:08", "elapsed": 436.486788, "delta": 2.373367}}
{"target": 0.9044546038706304, "params": {"C": 12190.274321853574, "gamma": 0.08456914709694328}, "datetime": {"datetime": "2021-10-04 09:39:10", "elapsed": 438.238734, "delta": 1.751946}}
{"target": 0.9148114695403858, "params": {"C": 20532.258918072912, "gamma": 0.04521082671228275}, "datetime": {"datetime": "2021-10-04 09:39:12", "elapsed": 439.919728, "delta": 1.680994}}
{"target": 0.8990056631064887, "params": {"C": 10989.135344499105, "gamma": 0.09373055801658367}, "datetime": {"datetime": "2021-10-04 09:39:14", "elapsed": 441.692763, "delta": 1.773035}}
{"target": 0.9201157749281693, "params": {"C": 33197.043183196336, "gamma": 0.042471596380550806}, "datetime": {"datetime": "2021-10-04 09:39:16", "elapsed": 443.542711, "delta": 1.849948}}
{"target": 0.9196549301374983, "params": {"C": 24437.9066361571, "gamma": 0.05973039920372268}, "datetime": {"datetime": "2021-10-04 09:39:17", "elapsed": 445.388525, "delta": 1.845814}}
{"target": 0.9110200936816863, "params": {"C": 17542.506003090464, "gamma": 0.08010861901043798}, "datetime": {"datetime": "2021-10-04 09:39:19", "elapsed": 447.181109, "delta": 1.792584}}
{"target": 0.9055617588087113, "params": {"C": 40476.53898743036, "gamma": 0.02735963470927996}, "datetime": {"datetime": "2021-10-04 09:39:21", "elapsed": 448.910214, "delta": 1.729105}}
{"target": 0.9216687662947936, "params": {"C": 40995.98233921997, "gamma": 0.040645436071538754}, "datetime": {"datetime": "2021-10-04 09:39:23", "elapsed": 450.682075, "delta": 1.771861}}
{"target": 0.8981748903037637, "params": {"C": 10475.069052125044, "gamma": 0.09358644034181257}, "datetime": {"datetime": "2021-10-04 09:39:25", "elapsed": 452.89751, "delta": 2.215435}}
{"target": 0.9196716514323351, "params": {"C": 24609.12436358314, "gamma": 0.060293380946770926}, "datetime": {"datetime": "2021-10-04 09:39:27", "elapsed": 454.617427, "delta": 1.719917}}
{"target": 0.9236501667922156, "params": {"C": 47364.07843963821, "gamma": 0.06048988927099138}, "datetime": {"datetime": "2021-10-04 09:39:28", "elapsed": 456.438577, "delta": 1.82115}}
{"target": 0.8353517582860202, "params": {"C": 12440.886919375509, "gamma": 0.006425051000179125}, "datetime": {"datetime": "2021-10-04 09:39:30", "elapsed": 458.281597, "delta": 1.84302}}
{"target": 0.8728279277076252, "params": {"C": 46379.62382957695, "gamma": 0.01243902676396148}, "datetime": {"datetime": "2021-10-04 09:39:32", "elapsed": 460.026512, "delta": 1.744915}}
{"target": 0.9177467026900118, "params": {"C": 25977.12716638972, "gamma": 0.044201401938951675}, "datetime": {"datetime": "2021-10-04 09:39:34", "elapsed": 462.469867, "delta": 2.443355}}
{"target": 0.9216423713553633, "params": {"C": 36724.0575378215, "gamma": 0.06450828744436228}, "datetime": {"datetime": "2021-10-04 09:39:36", "elapsed": 464.365324, "delta": 1.895457}}
{"target": 0.9057793279727295, "params": {"C": 11132.12684876176, "gamma": 0.04932057942793115}, "datetime": {"datetime": "2021-10-04 09:39:38", "elapsed": 466.189784, "delta": 1.82446}}
{"target": 0.9195130183203735, "params": {"C": 24007.504932164273, "gamma": 0.05438570658281013}, "datetime": {"datetime": "2021-10-04 09:39:40", "elapsed": 468.021134, "delta": 1.83135}}
{"target": 0.9186152718718833, "params": {"C": 23226.31716717851, "gamma": 0.06356410398034242}, "datetime": {"datetime": "2021-10-04 09:39:42", "elapsed": 469.815391, "delta": 1.794257}}
{"target": 0.923887907457977, "params": {"C": 45072.436894893035, "gamma": 0.05941752438727078}, "datetime": {"datetime": "2021-10-04 09:39:44", "elapsed": 471.703607, "delta": 1.888216}}
{"target": 0.920948308794249, "params": {"C": 41428.09704015585, "gamma": 0.03934361230168706}, "datetime": {"datetime": "2021-10-04 09:39:46", "elapsed": 473.622537, "delta": 1.91893}}
{"target": 0.8692539807521653, "params": {"C": 35019.54646312257, "gamma": 0.01085901077021301}, "datetime": {"datetime": "2021-10-04 09:39:47", "elapsed": 475.391854, "delta": 1.769317}}
{"target": 0.9221760206754023, "params": {"C": 41782.5076069343, "gamma": 0.04113373510244278}, "datetime": {"datetime": "2021-10-04 09:39:49", "elapsed": 477.160466, "delta": 1.768612}}
{"target": 0.8898417639721455, "params": {"C": 20543.7672449377, "gamma": 0.023522816473228854}, "datetime": {"datetime": "2021-10-04 09:39:51", "elapsed": 478.943805, "delta": 1.783339}}
{"target": 0.9197503396490492, "params": {"C": 41177.52010999565, "gamma": 0.037864798770920687}, "datetime": {"datetime": "2021-10-04 09:39:53", "elapsed": 480.837309, "delta": 1.893504}}
{"target": 0.913783512480201, "params": {"C": 38669.44694615206, "gamma": 0.03298847912311904}, "datetime": {"datetime": "2021-10-04 09:39:55", "elapsed": 483.423304, "delta": 2.585995}}
{"target": 0.8921796162059027, "params": {"C": 48166.621807727926, "gamma": 0.020437872943736682}, "datetime": {"datetime": "2021-10-04 09:39:57", "elapsed": 485.136551, "delta": 1.713247}}
{"target": 0.9043079912816824, "params": {"C": 48629.09342337225, "gamma": 0.09683779299500977}, "datetime": {"datetime": "2021-10-04 09:39:59", "elapsed": 487.01837, "delta": 1.881819}}
{"target": 0.9180003341948614, "params": {"C": 24914.784759364018, "gamma": 0.06889786023825492}, "datetime": {"datetime": "2021-10-04 09:40:02", "elapsed": 489.787768, "delta": 2.769398}}
{"target": 0.8526708723417813, "params": {"C": 41918.08960895395, "gamma": 0.005112576806417567}, "datetime": {"datetime": "2021-10-04 09:40:04", "elapsed": 491.658523, "delta": 1.870755}}
{"target": 0.9177553586403201, "params": {"C": 30090.44546139288, "gamma": 0.07293633946126288}, "datetime": {"datetime": "2021-10-04 09:40:06", "elapsed": 493.572594, "delta": 1.914071}}
{"target": 0.909218150494491, "params": {"C": 19576.52644959849, "gamma": 0.08702047812068216}, "datetime": {"datetime": "2021-10-04 09:40:08", "elapsed": 495.576952, "delta": 2.004358}}
{"target": 0.9241944886249747, "params": {"C": 45596.58331353312, "gamma": 0.058446996923592336}, "datetime": {"datetime": "2021-10-04 09:40:10", "elapsed": 498.364934, "delta": 2.787982}}
{"target": 0.9096873161378694, "params": {"C": 48852.480309247854, "gamma": 0.0876663557148582}, "datetime": {"datetime": "2021-10-04 09:40:12", "elapsed": 500.382718, "delta": 2.017784}}
{"target": 0.9142755198252392, "params": {"C": 25252.907765289896, "gamma": 0.07930459450455114}, "datetime": {"datetime": "2021-10-04 09:40:14", "elapsed": 502.135723, "delta": 1.753005}}
{"target": 0.9201850675574579, "params": {"C": 25278.323622338983, "gamma": 0.05597130763848902}, "datetime": {"datetime": "2021-10-04 09:40:16", "elapsed": 504.095733, "delta": 1.96001}}
{"target": 0.900968912067689, "params": {"C": 13041.655047332635, "gamma": 0.09554326445652629}, "datetime": {"datetime": "2021-10-04 09:40:18", "elapsed": 506.101792, "delta": 2.006059}}
{"target": 0.9055385593450529, "params": {"C": 18180.07112385843, "gamma": 0.09368845181863718}, "datetime": {"datetime": "2021-10-04 09:40:20", "elapsed": 508.223565, "delta": 2.121773}}
{"target": 0.8225778918419453, "params": {"C": 33872.551297560276, "gamma": 0.0027128814717873734}, "datetime": {"datetime": "2021-10-04 09:40:22", "elapsed": 510.082018, "delta": 1.858453}}
{"target": 0.9123546321388125, "params": {"C": 16006.258762590529, "gamma": 0.048811450652541645}, "datetime": {"datetime": "2021-10-04 09:40:24", "elapsed": 512.023771, "delta": 1.941753}}
{"target": 0.9219828524307888, "params": {"C": 38764.20628378789, "gamma": 0.04240530857831165}, "datetime": {"datetime": "2021-10-04 09:40:26", "elapsed": 513.951192, "delta": 1.927421}}
{"target": 0.9031445621731491, "params": {"C": 44874.81460548893, "gamma": 0.09969304539905481}, "datetime": {"datetime": "2021-10-04 09:40:29", "elapsed": 516.901849, "delta": 2.950657}}
{"target": 0.9210578546777463, "params": {"C": 46579.31119826514, "gamma": 0.06698534920883979}, "datetime": {"datetime": "2021-10-04 09:40:32", "elapsed": 519.717768, "delta": 2.815919}}
{"target": 0.8564074993797923, "params": {"C": 23615.078046162555, "gamma": 0.007606201444437503}, "datetime": {"datetime": "2021-10-04 09:40:34", "elapsed": 522.341929, "delta": 2.624161}}
{"target": 0.9179166147576469, "params": {"C": 23375.984883179473, "gamma": 0.067178126973294}, "datetime": {"datetime": "2021-10-04 09:40:37", "elapsed": 525.229465, "delta": 2.887536}}
{"target": 0.884749662555308, "params": {"C": 34468.398177775394, "gamma": 0.018644981022955174}, "datetime": {"datetime": "2021-10-04 09:40:39", "elapsed": 527.266024, "delta": 2.036559}}
{"target": 0.8619583601310491, "params": {"C": 31462.343541247203, "gamma": 0.0080348335143783}, "datetime": {"datetime": "2021-10-04 09:40:41", "elapsed": 529.250914, "delta": 1.98489}}
{"target": 0.903201923768014, "params": {"C": 45217.70924252353, "gamma": 0.09951739628074431}, "datetime": {"datetime": "2021-10-04 09:40:44", "elapsed": 532.1592, "delta": 2.908286}}
{"target": 0.9171490684924669, "params": {"C": 29026.195084643146, "gamma": 0.04063708206025924}, "datetime": {"datetime": "2021-10-04 09:40:46", "elapsed": 534.261938, "delta": 2.102738}}
{"target": 0.8913126200933321, "params": {"C": 237659.9021161583, "gamma": 0.07231212485077365}, "datetime": {"datetime": "2021-10-04 09:46:19", "elapsed": 0.0, "delta": 0.0}}
{"target": 0.9146230589941576, "params": {"C": 50051.4686678052, "gamma": 0.03093092469055214}, "datetime": {"datetime": "2021-10-04 09:46:19", "elapsed": 0.216176, "delta": 0.216176}}
{"target": 0.8690658745904019, "params": {"C": 116040.15086770087, "gamma": 0.010141520882110983}, "datetime": {"datetime": "2021-10-04 09:46:19", "elapsed": 0.435264, "delta": 0.219088}}
{"target": 0.9259611979405136, "params": {"C": 133817.0951199519, "gamma": 0.03521051197726173}, "datetime": {"datetime": "2021-10-04 09:46:19", "elapsed": 0.642283, "delta": 0.207019}}
{"target": 0.9066797720057124, "params": {"C": 228545.36340380146, "gamma": 0.05434285666633234}, "datetime": {"datetime": "2021-10-04 09:46:20", "elapsed": 0.844242, "delta": 0.201959}}
{"target": 0.81762580143291, "params": {"C": 50043.627809453654, "gamma": 0.0019471225434725555}, "datetime": {"datetime": "2021-10-04 09:46:20", "elapsed": 1.117964, "delta": 0.273722}}
{"target": 0.8754817853338294, "params": {"C": 423500.8585492927, "gamma": 0.06635365379871644}, "datetime": {"datetime": "2021-10-04 09:46:20", "elapsed": 1.372331, "delta": 0.254367}}
{"target": 0.9152712189375936, "params": {"C": 117188.0209281783, "gamma": 0.0632523646362735}, "datetime": {"datetime": "2021-10-04 09:46:20", "elapsed": 1.631567, "delta": 0.259236}}
{"target": 0.9108029881895903, "params": {"C": 88732.44411399646, "gamma": 0.07611044241869394}, "datetime": {"datetime": "2021-10-04 09:46:21", "elapsed": 1.870648, "delta": 0.239081}}
{"target": 0.9001755842812535, "params": {"C": 228032.3354718926, "gamma": 0.01698435901360742}, "datetime": {"datetime": "2021-10-04 09:46:21", "elapsed": 2.110242, "delta": 0.239594}}
{"target": 0.8900630706270061, "params": {"C": 449463.66397542896, "gamma": 0.045272824711684125}, "datetime": {"datetime": "2021-10-04 09:46:21", "elapsed": 2.376572, "delta": 0.26633}}
{"target": 0.9186550621848191, "params": {"C": 244532.3760459064, "gamma": 0.03584994247764722}, "datetime": {"datetime": "2021-10-04 09:46:21", "elapsed": 2.644124, "delta": 0.267552}}
{"target": 0.9136294359075392, "params": {"C": 50051.84969215052, "gamma": 0.03026875417813833}, "datetime": {"datetime": "2021-10-04 09:46:22", "elapsed": 2.933572, "delta": 0.289448}}
{"target": 0.8937213038089015, "params": {"C": 244545.71082103046, "gamma": 0.06757605583381156}, "datetime": {"datetime": "2021-10-04 09:46:22", "elapsed": 3.233001, "delta": 0.299429}}
{"target": 0.9231387057727213, "params": {"C": 133807.8843349109, "gamma": 0.048395215105707975}, "datetime": {"datetime": "2021-10-04 09:46:22", "elapsed": 3.524994, "delta": 0.291993}}
{"target": 0.886957368555176, "params": {"C": 244527.31233511024, "gamma": 0.07808306490962062}, "datetime": {"datetime": "2021-10-04 09:46:22", "elapsed": 3.802765, "delta": 0.277771}}
{"target": 0.9118975727724035, "params": {"C": 117183.34192552847, "gamma": 0.06792349914741282}, "datetime": {"datetime": "2021-10-04 09:46:23", "elapsed": 4.092675, "delta": 0.28991}}
{"target": 0.8985280712295513, "params": {"C": 117195.44169128136, "gamma": 0.08787712757066801}, "datetime": {"datetime": "2021-10-04 09:46:23", "elapsed": 4.405364, "delta": 0.312689}}
{"target": 0.9207814730961105, "params": {"C": 50060.716872178964, "gamma": 0.06736627007968456}, "datetime": {"datetime": "2021-10-04 09:46:23", "elapsed": 4.727778, "delta": 0.322414}}
{"target": 0.9268475801900863, "params": {"C": 88739.11995787497, "gamma": 0.048023586712173216}, "datetime": {"datetime": "2021-10-04 09:46:24", "elapsed": 5.036458, "delta": 0.30868}}
{"target": 0.9091703847851703, "params": {"C": 228526.21357731763, "gamma": 0.05152071999967566}, "datetime": {"datetime": "2021-10-04 09:46:24", "elapsed": 5.348651, "delta": 0.312193}}
{"target": 0.9110741769741257, "params": {"C": 228514.58596001484, "gamma": 0.04933976767316939}, "datetime": {"datetime": "2021-10-04 09:46:24", "elapsed": 5.62402, "delta": 0.275369}}
{"target": 0.924208820692874, "params": {"C": 133839.55715481204, "gamma": 0.0463314365250922}, "datetime": {"datetime": "2021-10-04 09:46:25", "elapsed": 5.954021, "delta": 0.330001}}
{"target": 0.914032545701192, "params": {"C": 50064.75306239981, "gamma": 0.07995845520122553}, "datetime": {"datetime": "2021-10-04 09:46:25", "elapsed": 6.288937, "delta": 0.334916}}
{"target": 0.9005352059842181, "params": {"C": 133826.1907288751, "gamma": 0.08047603469688633}, "datetime": {"datetime": "2021-10-04 09:46:25", "elapsed": 6.595684, "delta": 0.306747}}
{"target": 0.8967069297686155, "params": {"C": 133845.83192924876, "gamma": 0.08660849751519}, "datetime": {"datetime": "2021-10-04 09:46:26", "elapsed": 6.905038, "delta": 0.309354}}
{"target": 0.908709192657641, "params": {"C": 50078.955264894, "gamma": 0.08905578003317946}, "datetime": {"datetime": "2021-10-04 09:46:26", "elapsed": 7.245679, "delta": 0.340641}}
{"target": 0.8929147194388486, "params": {"C": 133804.6397686228, "gamma": 0.09320385375518893}, "datetime": {"datetime": "2021-10-04 09:46:26", "elapsed": 7.578162, "delta": 0.332483}}
{"target": 0.9004351618153523, "params": {"C": 88737.14980351093, "gamma": 0.09239902424470847}, "datetime": {"datetime": "2021-10-04 09:46:27", "elapsed": 7.884639, "delta": 0.306477}}
{"target": 0.9222769443591425, "params": {"C": 133812.79270831816, "gamma": 0.029253198636616302}, "datetime": {"datetime": "2021-10-04 09:46:27", "elapsed": 8.19101, "delta": 0.306371}}
{"target": 0.8965452477321596, "params": {"C": 133809.5679259697, "gamma": 0.08688777094598314}, "datetime": {"datetime": "2021-10-04 09:46:27", "elapsed": 8.518808, "delta": 0.327798}}
{"target": 0.9106036647348051, "params": {"C": 228519.1423023106, "gamma": 0.04988256352004179}, "datetime": {"datetime": "2021-10-04 09:46:27", "elapsed": 8.816071, "delta": 0.297263}}
{"target": 0.9257099803731289, "params": {"C": 133821.77611801727, "gamma": 0.03440853560593493}, "datetime": {"datetime": "2021-10-04 09:46:28", "elapsed": 9.158673, "delta": 0.342602}}
{"target": 0.897890900367839, "params": {"C": 88744.46299490554, "gamma": 0.09666897297084892}, "datetime": {"datetime": "2021-10-04 09:46:28", "elapsed": 9.496666, "delta": 0.337993}}
{"target": 0.903717108084189, "params": {"C": 133819.06759738032, "gamma": 0.07571313695891364}, "datetime": {"datetime": "2021-10-04 09:46:29", "elapsed": 9.856196, "delta": 0.35953}}
{"target": 0.8940589007407308, "params": {"C": 117174.22859653522, "gamma": 0.09554501376080106}, "datetime": {"datetime": "2021-10-04 09:46:29", "elapsed": 10.212652, "delta": 0.356456}}
{"target": 0.9076262407338357, "params": {"C": 50058.700094175416, "gamma": 0.09088973278194376}, "datetime": {"datetime": "2021-10-04 09:46:29", "elapsed": 10.585463, "delta": 0.372811}}
{"target": 0.8931425971281357, "params": {"C": 244535.74344251145, "gamma": 0.06838063305215969}, "datetime": {"datetime": "2021-10-04 09:46:30", "elapsed": 10.908557, "delta": 0.323094}}
{"target": 0.9080071135312267, "params": {"C": 133837.5425611874, "gamma": 0.06966161098518013}, "datetime": {"datetime": "2021-10-04 09:46:30", "elapsed": 11.233232, "delta": 0.324675}}
{"target": 0.8920241466379674, "params": {"C": 133833.0534575517, "gamma": 0.09482031624489633}, "datetime": {"datetime": "2021-10-04 09:46:30", "elapsed": 11.612585, "delta": 0.379353}}
{"target": 0.904285999610011, "params": {"C": 133815.68745927533, "gamma": 0.07488968171303838}, "datetime": {"datetime": "2021-10-04 09:46:31", "elapsed": 11.949814, "delta": 0.337229}}
