{"target": 0.8285330095753237, "params": {"C": 3578.0011427811014, "gamma": 0.013500696714962887}, "datetime": {"datetime": "2021-10-04 09:25:47", "elapsed": 26.964275, "delta": 0.521019}}
{"target": 0.6930548124465274, "params": {"C": 3314.528410989018, "gamma": 0.0022611365634259434}, "datetime": {"datetime": "2021-10-04 09:25:47", "elapsed": 27.418885, "delta": 0.45461}}
{"target": 0.8267911230922478, "params": {"C": 1892.4635465054253, "gamma": 0.0692997830504776}, "datetime": {"datetime": "2021-10-04 09:25:48", "elapsed": 27.935668, "delta": 0.516783}}
{"target": 0.8481353658597048, "params": {"C": 2411.97065044843, "gamma": 0.043877670998294066}, "datetime": {"datetime": "2021-10-04 09:25:49", "elapsed": 28.490236, "delta": 0.554568}}
{"target": 0.847890282887718, "params": {"C": 2400.621452477988, "gamma": 0.044048821216461885}, "datetime": {"datetime": "2021-10-04 09:25:49", "elapsed": 28.954015, "delta": 0.463779}}
{"target": 0.8383654701582808, "params": {"C": 2423.2564987190262, "gamma": 0.02707646807489809}, "datetime": {"datetime": "2021-10-04 09:25:50", "elapsed": 29.493205, "delta": 0.53919}}
{"target": 0.8452242342380222, "params": {"C": 2389.444974615546, "gamma": 0.06647609626448954}, "datetime": {"datetime": "2021-10-04 09:25:50", "elapsed": 29.972476, "delta": 0.479271}}
{"target": 0.842874435297241, "params": {"C": 2376.8374221943, "gamma": 0.07194716712830651}, "datetime": {"datetime": "2021-10-04 09:25:51", "elapsed": 30.459579, "delta": 0.487103}}
{"target": 0.7818838753594008, "params": {"C": 2362.1722916100994, "gamma": 0.00771890340669575}, "datetime": {"datetime": "2021-10-04 09:25:51", "elapsed": 30.972056, "delta": 0.512477}}
{"target": 0.8752469080903575, "params": {"C": 4315.746332140543, "gamma": 0.07881674124823188}, "datetime": {"datetime": "2021-10-04 09:25:52", "elapsed": 31.573733, "delta": 0.601677}}
{"target": 0.8683850730457586, "params": {"C": 4309.163825582238, "gamma": 0.03143899185764999}, "datetime": {"datetime": "2021-10-04 09:25:52", "elapsed": 32.213203, "delta": 0.63947}}
{"target": 0.8704245420145318, "params": {"C": 4322.737713778599, "gamma": 0.03361401060244176}, "datetime": {"datetime": "2021-10-04 09:25:53", "elapsed": 32.714349, "delta": 0.501146}}
{"target": 0.8776548812558252, "params": {"C": 4330.401995956698, "gamma": 0.04704996288936619}, "datetime": {"datetime": "2021-10-04 09:25:53", "elapsed": 33.236429, "delta": 0.52208}}
{"target": 0.8788328870984813, "params": {"C": 4337.3308533472045, "gamma": 0.05243342086480685}, "datetime": {"datetime": "2021-10-04 09:25:54", "elapsed": 33.701193, "delta": 0.464764}}
{"target": 0.7341150331252488, "params": {"C": 4344.014360682588, "gamma": 0.0026512855943753334}, "datetime": {"datetime": "2021-10-04 09:25:54", "elapsed": 34.191617, "delta": 0.490424}}
{"target": 0.8310062384704346, "params": {"C": 4301.454961257503, "gamma": 0.012148993118898735}, "datetime": {"datetime": "2021-10-04 09:25:55", "elapsed": 34.7397, "delta": 0.548083}}
{"target": 0.8607229001014944, "params": {"C": 3808.378017100276, "gamma": 0.0285195985021337}, "datetime": {"datetime": "2021-10-04 09:25:55", "elapsed": 35.32584, "delta": 0.58614}}
{"target": 0.8722485178936628, "params": {"C": 3816.493147838411, "gamma": 0.06799710779191259}, "datetime": {"datetime": "2021-10-04 09:25:56", "elapsed": 35.840027, "delta": 0.514187}}
{"target": 0.8708749013353767, "params": {"C": 3823.906347895324, "gamma": 0.07392595150749053}, "datetime": {"datetime": "2021-10-04 09:25:56", "elapsed": 36.379208, "delta": 0.539181}}
{"target": 0.8727865752251174, "params": {"C": 3831.2525671721783, "gamma": 0.048154757169566804}, "datetime": {"datetime": "2021-10-04 09:25:57", "elapsed": 36.980695, "delta": 0.601487}}
{"target": 0.8570596396779001, "params": {"C": 3838.813236154173, "gamma": 0.025312995416926325}, "datetime": {"datetime": "2021-10-04 09:25:58", "elapsed": 37.497832, "delta": 0.517137}}
{"target": 0.8732707113661659, "params": {"C": 3799.6059511275985, "gamma": 0.055270753753433675}, "datetime": {"datetime": "2021-10-04 09:25:58", "elapsed": 37.998901, "delta": 0.501069}}
{"target": 0.8717030081398286, "params": {"C": 3792.968739249084, "gamma": 0.04564700035735737}, "datetime": {"datetime": "2021-10-04 09:25:59", "elapsed": 38.609014, "delta": 0.610113}}
{"target": 0.8694051316297434, "params": {"C": 3785.575364614911, "gamma": 0.04000869890006827}, "datetime": {"datetime": "2021-10-04 09:25:59", "elapsed": 39.17912, "delta": 0.570106}}
{"target": 0.7949547300325703, "params": {"C": 3778.365086694759, "gamma": 0.006510249044301322}, "datetime": {"datetime": "2021-10-04 09:26:00", "elapsed": 39.743401, "delta": 0.564281}}
{"target": 0.8720454723096325, "params": {"C": 3848.563612416692, "gamma": 0.07072685154663386}, "datetime": {"datetime": "2021-10-04 09:26:00", "elapsed": 40.329543, "delta": 0.586142}}
{"target": 0.8703925741572667, "params": {"C": 3855.272717887784, "gamma": 0.04046088673565178}, "datetime": {"datetime": "2021-10-04 09:26:01", "elapsed": 40.908066, "delta": 0.578523}}
{"target": 0.860248896316916, "params": {"C": 3862.6806821912924, "gamma": 0.02762544572574995}, "datetime": {"datetime": "2021-10-04 09:26:01", "elapsed": 41.409513, "delta": 0.501447}}
{"target": 0.8732447218029096, "params": {"C": 3871.6436175258423, "gamma": 0.06646548009713478}, "datetime": {"datetime": "2021-10-04 09:26:02", "elapsed": 42.03982, "delta": 0.630307}}
{"target": 0.869303051512803, "params": {"C": 3878.387787682039, "gamma": 0.03797354191168979}, "datetime": {"datetime": "2021-10-04 09:26:03", "elapsed": 42.584129, "delta": 0.544309}}
{"target": 0.8736443050227919, "params": {"C": 3887.010579581717, "gamma": 0.04923391734307459}, "datetime": {"datetime": "2021-10-04 09:26:03", "elapsed": 43.173547, "delta": 0.589418}}
{"target": 0.8741096596959581, "params": {"C": 3893.6382267759677, "gamma": 0.062391242651299805}, "datetime": {"datetime": "2021-10-04 09:26:04", "elapsed": 43.685512, "delta": 0.511965}}
{"target": 0.851192495261243, "params": {"C": 3900.7493491003015, "gamma": 0.021214064866225797}, "datetime": {"datetime": "2021-10-04 09:26:04", "elapsed": 44.216373, "delta": 0.530861}}
{"target": 0.8737999471507341, "params": {"C": 3913.8881420423777, "gamma": 0.0662787688305477}, "datetime": {"datetime": "2021-10-04 09:26:05", "elapsed": 44.748701, "delta": 0.532328}}
{"target": 0.8743846160786749, "params": {"C": 3920.594394300376, "gamma": 0.06283524530828527}, "datetime": {"datetime": "2021-10-04 09:26:05", "elapsed": 45.319281, "delta": 0.57058}}
{"target": 0.8510527250931739, "params": {"C": 3927.6454176588472, "gamma": 0.020993784681595684}, "datetime": {"datetime": "2021-10-04 09:26:06", "elapsed": 45.935364, "delta": 0.616083}}
{"target": 0.813790374029979, "params": {"C": 3908.018287977115, "gamma": 0.009169508551821737}, "datetime": {"datetime": "2021-10-04 09:26:07", "elapsed": 46.47461, "delta": 0.539246}}
{"target": 0.867385400656944, "params": {"C": 3940.7531182309735, "gamma": 0.034212376197360256}, "datetime": {"datetime": "2021-10-04 09:26:07", "elapsed": 46.99132, "delta": 0.51671}}
{"target": 0.8030470470929286, "params": {"C": 3948.1325794059453, "gamma": 0.007330190985349504}, "datetime": {"datetime": "2021-10-04 09:26:08", "elapsed": 47.581515, "delta": 0.590195}}
{"target": 0.8724958158132202, "params": {"C": 3935.1876767142016, "gamma": 0.04333398185683189}, "datetime": {"datetime": "2021-10-04 09:26:08", "elapsed": 48.16679, "delta": 0.585275}}
{"target": 0.8341954430352049, "params": {"C": 1969.628159484656, "gamma": 0.038162021830653724}, "datetime": {"datetime": "2021-10-04 09:26:09", "elapsed": 48.720462, "delta": 0.553672}}
{"target": 0.8583286121831257, "params": {"C": 3459.0539526936955, "gamma": 0.029970025590863158}, "datetime": {"datetime": "2021-10-04 09:26:09", "elapsed": 49.358523, "delta": 0.638061}}
{"target": 0.866563360711293, "params": {"C": 3467.6324477598337, "gamma": 0.04228827534767006}, "datetime": {"datetime": "2021-10-04 09:26:10", "elapsed": 49.929001, "delta": 0.570478}}
{"target": 0.687271449101595, "params": {"C": 3475.5084004729, "gamma": 0.002101881477246532}, "datetime": {"datetime": "2021-10-04 09:26:11", "elapsed": 50.516233, "delta": 0.587232}}
{"target": 0.867464936366994, "params": {"C": 3449.0505545776623, "gamma": 0.06616546248756226}, "datetime": {"datetime": "2021-10-04 09:26:11", "elapsed": 51.083596, "delta": 0.567363}}
{"target": 0.7600970572027177, "params": {"C": 3441.0678688189773, "gamma": 0.004094627339596539}, "datetime": {"datetime": "2021-10-04 09:26:12", "elapsed": 51.674787, "delta": 0.591191}}
{"target": 0.8542677183876705, "params": {"C": 2755.969498704421, "gamma": 0.03965383244068951}, "datetime": {"datetime": "2021-10-04 09:26:12", "elapsed": 52.242915, "delta": 0.568128}}
{"target": 0.8508358298590859, "params": {"C": 2765.428314204333, "gamma": 0.03325185420038906}, "datetime": {"datetime": "2021-10-04 09:26:13", "elapsed": 52.850911, "delta": 0.607996}}
{"target": 0.8318697173329075, "params": {"C": 2746.4348277942518, "gamma": 0.01906532183403832}, "datetime": {"datetime": "2021-10-04 09:26:14", "elapsed": 53.443891, "delta": 0.59298}}
{"target": 0.8567940445657259, "params": {"C": 2776.316207243195, "gamma": 0.047910421682025486}, "datetime": {"datetime": "2021-10-04 09:26:14", "elapsed": 54.114506, "delta": 0.670615}}
{"target": 0.577231927171195, "params": {"C": 2785.0332745067226, "gamma": 0.0011202191828929226}, "datetime": {"datetime": "2021-10-04 09:26:15", "elapsed": 54.667093, "delta": 0.552587}}
{"target": 0.8353002168648163, "params": {"C": 3131.3707711393768, "gamma": 0.017915431114080498}, "datetime": {"datetime": "2021-10-04 09:26:15", "elapsed": 55.373749, "delta": 0.706656}}
{"target": 0.8478116347641979, "params": {"C": 4992.364885920704, "gamma": 0.015696547694427805}, "datetime": {"datetime": "2021-10-04 09:26:16", "elapsed": 55.99763, "delta": 0.623881}}
{"target": 0.8847698754742939, "params": {"C": 4980.471890688697, "gamma": 0.06053506086177599}, "datetime": {"datetime": "2021-10-04 09:26:17", "elapsed": 56.599084, "delta": 0.601454}}
{"target": 0.8497459005876419, "params": {"C": 4973.417109776283, "gamma": 0.016487036212342508}, "datetime": {"datetime": "2021-10-04 09:26:17", "elapsed": 57.216413, "delta": 0.617329}}
{"target": 0.8819518861925655, "params": {"C": 4985.341876859475, "gamma": 0.0774449536993832}, "datetime": {"datetime": "2021-10-04 09:26:18", "elapsed": 57.914701, "delta": 0.698288}}
{"target": 0.8835675184826224, "params": {"C": 4955.163041868904, "gamma": 0.06963987951836915}, "datetime": {"datetime": "2021-10-04 09:26:19", "elapsed": 58.59691, "delta": 0.682209}}
{"target": 0.869073555798652, "params": {"C": 4948.035852779481, "gamma": 0.02767910088497451}, "datetime": {"datetime": "2021-10-04 09:26:19", "elapsed": 59.226384, "delta": 0.629474}}
{"target": 0.85556360986238, "params": {"C": 4961.831490032145, "gamma": 0.01906817644572746}, "datetime": {"datetime": "2021-10-04 09:26:20", "elapsed": 59.946006, "delta": 0.719622}}
{"target": 0.8618219038504671, "params": {"C": 4939.205799467394, "gamma": 0.02255483965807702}, "datetime": {"datetime": "2021-10-04 09:26:21", "elapsed": 60.574848, "delta": 0.628842}}
{"target": 0.8836290797766908, "params": {"C": 4930.125314954923, "gamma": 0.0510688257459035}, "datetime": {"datetime": "2021-10-04 09:26:21", "elapsed": 61.333864, "delta": 0.759016}}
{"target": 0.8840072931657864, "params": {"C": 4923.208733415682, "gamma": 0.05373839647698045}, "datetime": {"datetime": "2021-10-04 09:26:22", "elapsed": 62.036035, "delta": 0.702171}}
{"target": 0.8715942013597089, "params": {"C": 4915.7629104048865, "gamma": 0.030111326753228296}, "datetime": {"datetime": "2021-10-04 09:26:23", "elapsed": 62.768646, "delta": 0.732611}}
{"target": 0.8838982618030966, "params": {"C": 4907.394667429432, "gamma": 0.0647994123251868}, "datetime": {"datetime": "2021-10-04 09:26:23", "elapsed": 63.43952, "delta": 0.670874}}
{"target": 0.8836675910347559, "params": {"C": 4900.8011418135975, "gamma": 0.06625667748094859}, "datetime": {"datetime": "2021-10-04 09:26:24", "elapsed": 64.078905, "delta": 0.639385}}
{"target": 0.8788381761604929, "params": {"C": 4893.797242843571, "gamma": 0.03927422169801429}, "datetime": {"datetime": "2021-10-04 09:26:25", "elapsed": 64.695978, "delta": 0.617073}}
{"target": 0.8838974430071947, "params": {"C": 4885.084819644205, "gamma": 0.06283549370643682}, "datetime": {"datetime": "2021-10-04 09:26:26", "elapsed": 65.444839, "delta": 0.748861}}
{"target": 0.8834422657807515, "params": {"C": 4878.0688265563795, "gamma": 0.06654080688098378}, "datetime": {"datetime": "2021-10-04 09:26:26", "elapsed": 66.262714, "delta": 0.817875}}
{"target": 0.8826371167887148, "params": {"C": 4871.013014688202, "gamma": 0.07085049286104161}, "datetime": {"datetime": "2021-10-04 09:26:27", "elapsed": 66.986769, "delta": 0.724055}}
{"target": 0.8819858858085953, "params": {"C": 4864.165269194197, "gamma": 0.07350107473917766}, "datetime": {"datetime": "2021-10-04 09:26:28", "elapsed": 67.669397, "delta": 0.682628}}
{"target": 0.8834503267044169, "params": {"C": 4856.924313030302, "gamma": 0.06511040483875574}, "datetime": {"datetime": "2021-10-04 09:26:29", "elapsed": 68.596239, "delta": 0.926842}}
{"target": 0.876517436492107, "params": {"C": 4850.090706398867, "gamma": 0.03622199707443249}, "datetime": {"datetime": "2021-10-04 09:26:29", "elapsed": 69.326475, "delta": 0.730236}}
{"target": 0.8836916287141839, "params": {"C": 4842.169488337771, "gamma": 0.0594079017520835}, "datetime": {"datetime": "2021-10-04 09:26:30", "elapsed": 70.057269, "delta": 0.730794}}
{"target": 0.8641967088876712, "params": {"C": 4835.319261342065, "gamma": 0.024547009878996377}, "datetime": {"datetime": "2021-10-04 09:26:31", "elapsed": 70.843538, "delta": 0.786269}}
{"target": 0.881600245192191, "params": {"C": 4825.36157909814, "gamma": 0.04638472735069991}, "datetime": {"datetime": "2021-10-04 09:26:32", "elapsed": 71.660452, "delta": 0.816914}}
{"target": 0.8834973830266721, "params": {"C": 4818.898476614326, "gamma": 0.05977382185950915}, "datetime": {"datetime": "2021-10-04 09:26:32", "elapsed": 72.417603, "delta": 0.757151}}
{"target": 0.8635543270461237, "params": {"C": 3220.9835987918955, "gamma": 0.06709007668665823}, "datetime": {"datetime": "2021-10-04 09:26:33", "elapsed": 73.266157, "delta": 0.848554}}
{"target": 0.8629460838424321, "params": {"C": 3229.984596718546, "gamma": 0.0700728328555963}, "datetime": {"datetime": "2021-10-04 09:26:34", "elapsed": 74.000833, "delta": 0.734676}}
{"target": 0.8636042020141534, "params": {"C": 3211.568195149305, "gamma": 0.06615989861712168}, "datetime": {"datetime": "2021-10-04 09:26:35", "elapsed": 74.89759, "delta": 0.896757}}
{"target": 0.8645482439807365, "params": {"C": 3202.651847262309, "gamma": 0.04952559463831909}, "datetime": {"datetime": "2021-10-04 09:26:36", "elapsed": 75.753414, "delta": 0.855824}}
{"target": 0.8597581283049449, "params": {"C": 3194.2826158156313, "gamma": 0.07788166096215215}, "datetime": {"datetime": "2021-10-04 09:26:37", "elapsed": 76.449432, "delta": 0.696018}}
{"target": 0.8166112430531064, "params": {"C": 3239.181774881687, "gamma": 0.011451002105243642}, "datetime": {"datetime": "2021-10-04 09:26:37", "elapsed": 77.20772, "delta": 0.758288}}
{"target": 0.8644606535678543, "params": {"C": 3184.2675794419965, "gamma": 0.0517010428634479}, "datetime": {"datetime": "2021-10-04 09:26:38", "elapsed": 78.326202, "delta": 1.118482}}
{"target": 0.8258882066482158, "params": {"C": 3175.4480364184324, "gamma": 0.014246728418051129}, "datetime": {"datetime": "2021-10-04 09:26:39", "elapsed": 79.177941, "delta": 0.851739}}
{"target": 0.8776555098170592, "params": {"C": 4185.362075800985, "gamma": 0.05756218133371485}, "datetime": {"datetime": "2021-10-04 09:26:40", "elapsed": 80.180974, "delta": 1.003033}}
{"target": 0.8737548666720069, "params": {"C": 4192.702607495833, "gamma": 0.0792208516571713}, "datetime": {"datetime": "2021-10-04 09:26:41", "elapsed": 80.972643, "delta": 0.791669}}
{"target": 0.8738896666468717, "params": {"C": 4177.534853256706, "gamma": 0.07827510782527915}, "datetime": {"datetime": "2021-10-04 09:26:42", "elapsed": 81.76538, "delta": 0.792737}}
{"target": 0.8755207105678378, "params": {"C": 4169.685393325474, "gamma": 0.07225894553512713}, "datetime": {"datetime": "2021-10-04 09:26:43", "elapsed": 82.562469, "delta": 0.797089}}
{"target": 0.8625284373626032, "params": {"C": 4162.361269698862, "gamma": 0.027178878396066142}, "datetime": {"datetime": "2021-10-04 09:26:44", "elapsed": 83.674719, "delta": 1.11225}}
{"target": 0.8774224602317321, "params": {"C": 4200.740943253859, "gamma": 0.051877503632801455}, "datetime": {"datetime": "2021-10-04 09:26:45", "elapsed": 84.460844, "delta": 0.786125}}
{"target": 0.8739833129299164, "params": {"C": 4207.814837091566, "gamma": 0.07904635555969362}, "datetime": {"datetime": "2021-10-04 09:26:45", "elapsed": 85.374925, "delta": 0.914081}}
{"target": 0.8700719027871473, "params": {"C": 4215.965256035687, "gamma": 0.034328002926263486}, "datetime": {"datetime": "2021-10-04 09:26:46", "elapsed": 86.278507, "delta": 0.903582}}
{"target": 0.8775441850330913, "params": {"C": 4224.221992582041, "gamma": 0.06494989473886167}, "datetime": {"datetime": "2021-10-04 09:26:47", "elapsed": 87.141424, "delta": 0.862917}}
{"target": 0.6923188858081031, "params": {"C": 4231.7045081525885, "gamma": 0.0019243772901944057}, "datetime": {"datetime": "2021-10-04 09:26:48", "elapsed": 88.106124, "delta": 0.9647}}
{"target": 0.8219396921206915, "params": {"C": 4151.967792071031, "gamma": 0.010322243759865728}, "datetime": {"datetime": "2021-10-04 09:26:49", "elapsed": 89.273098, "delta": 1.166974}}
{"target": 0.878586130217111, "params": {"C": 4625.374502183299, "gamma": 0.07811845422853822}, "datetime": {"datetime": "2021-10-04 09:26:50", "elapsed": 90.433709, "delta": 1.160611}}
{"target": 0.8805783490664534, "params": {"C": 4632.565028014904, "gamma": 0.07068139117296887}, "datetime": {"datetime": "2021-10-04 09:26:52", "elapsed": 91.449922, "delta": 1.016213}}
{"target": 0.8730793423635388, "params": {"C": 4640.188345277962, "gamma": 0.033764039937318364}, "datetime": {"datetime": "2021-10-04 09:26:52", "elapsed": 92.4322, "delta": 0.982278}}
{"target": 0.8774420101821812, "params": {"C": 4617.933235300515, "gamma": 0.04045712157569909}, "datetime": {"datetime": "2021-10-04 09:26:53", "elapsed": 93.336026, "delta": 0.903826}}
{"target": 0.8761305734573147, "params": {"C": 4610.671259285875, "gamma": 0.03828425634342204}, "datetime": {"datetime": "2021-10-04 09:26:54", "elapsed": 94.412252, "delta": 1.076226}}
{"target": 0.8561820824942795, "params": {"C": 4603.109506038572, "gamma": 0.020661632383374078}, "datetime": {"datetime": "2021-10-04 09:26:56", "elapsed": 95.469493, "delta": 1.057241}}
{"target": 0.8599227084214822, "params": {"C": 4648.368580744036, "gamma": 0.02261508706755677}, "datetime": {"datetime": "2021-10-04 09:26:57", "elapsed": 96.626493, "delta": 1.157}}
{"target": 0.8805229027422826, "params": {"C": 4658.796002719793, "gamma": 0.07203107664234028}, "datetime": {"datetime": "2021-10-04 09:26:58", "elapsed": 97.859401, "delta": 1.232908}}
{"target": 0.8819297084146714, "params": {"C": 4665.476466109627, "gamma": 0.06404666021603866}, "datetime": {"datetime": "2021-10-04 09:26:59", "elapsed": 98.793183, "delta": 0.933782}}
{"target": 0.7456973095734025, "params": {"C": 4672.8321568850715, "gamma": 0.0028241285962337234}, "datetime": {"datetime": "2021-10-04 09:27:00", "elapsed": 100.062437, "delta": 1.269254}}
{"target": 0.8810364777937928, "params": {"C": 4590.726467660605, "gamma": 0.05184039034411768}, "datetime": {"datetime": "2021-10-04 09:27:01", "elapsed": 101.223767, "delta": 1.16133}}
{"target": 0.8790000193698011, "params": {"C": 4584.19712899297, "gamma": 0.04445695515912965}, "datetime": {"datetime": "2021-10-04 09:27:02", "elapsed": 102.233096, "delta": 1.009329}}
{"target": 0.8576079424019756, "params": {"C": 4576.624375749114, "gamma": 0.02155949741286798}, "datetime": {"datetime": "2021-10-04 09:27:04", "elapsed": 103.694448, "delta": 1.461352}}
{"target": 0.8767996213335082, "params": {"C": 4564.122598857577, "gamma": 0.04006213097126586}, "datetime": {"datetime": "2021-10-04 09:27:05", "elapsed": 105.038983, "delta": 1.344535}}
{"target": 0.8773367975304079, "params": {"C": 4556.951220371742, "gamma": 0.08}, "datetime": {"datetime": "2021-10-04 09:27:07", "elapsed": 106.627282, "delta": 1.588299}}
{"target": 0.8735410743549721, "params": {"C": 4549.5405402520755, "gamma": 0.03521712620800082}, "datetime": {"datetime": "2021-10-04 09:27:08", "elapsed": 107.806393, "delta": 1.179111}}
{"target": 0.8784513524158851, "params": {"C": 4542.16690074462, "gamma": 0.07585341894535819}, "datetime": {"datetime": "2021-10-04 09:27:09", "elapsed": 108.916844, "delta": 1.110451}}
{"target": 0.8370807718238031, "params": {"C": 4534.854404180671, "gamma": 0.013281281447018504}, "datetime": {"datetime": "2021-10-04 09:27:10", "elapsed": 110.093704, "delta": 1.17686}}
{"target": 0.8552129011660927, "params": {"C": 2985.860292554628, "gamma": 0.03410973383421545}, "datetime": {"datetime": "2021-10-04 09:27:11", "elapsed": 111.054676, "delta": 0.960972}}
{"target": 0.8580341681362784, "params": {"C": 2974.603383033902, "gamma": 0.039350620328984516}, "datetime": {"datetime": "2021-10-04 09:27:12", "elapsed": 111.973093, "delta": 0.918417}}
{"target": 0.8600033709016432, "params": {"C": 2964.3092469238027, "gamma": 0.046024759702969174}, "datetime": {"datetime": "2021-10-04 09:27:13", "elapsed": 113.105649, "delta": 1.132556}}
{"target": 0.8088821002084974, "params": {"C": 2954.904894753577, "gamma": 0.010608784884166254}, "datetime": {"datetime": "2021-10-04 09:27:14", "elapsed": 114.340855, "delta": 1.235206}}
