{"target": -2.6595100527633804, "params": {"C": 1939.4753283694845, "gamma": 0.09089227296404562}, "datetime": {"datetime": "2021-10-04 12:12:07", "elapsed": 50.198195, "delta": 0.601983}}
{"target": -2.5920017150640775, "params": {"C": 3852.934133275106, "gamma": 0.1410299099446757}, "datetime": {"datetime": "2021-10-04 12:12:08", "elapsed": 50.899588, "delta": 0.701393}}
{"target": -4.449192038772951, "params": {"C": 3853.0525357264205, "gamma": 0.7855120331790526}, "datetime": {"datetime": "2021-10-04 12:12:09", "elapsed": 51.663698, "delta": 0.76411}}
{"target": -2.3482254729517265, "params": {"C": 3853.7658050376176, "gamma": 0.08143833960645948}, "datetime": {"datetime": "2021-10-04 12:12:10", "elapsed": 52.326271, "delta": 0.662573}}
{"target": -4.54292602872371, "params": {"C": 3854.4281852315967, "gamma": 0.8405016933877111}, "datetime": {"datetime": "2021-10-04 12:12:10", "elapsed": 52.998158, "delta": 0.671887}}
{"target": -4.764838414608451, "params": {"C": 3588.39108339598, "gamma": 0.9726306889356598}, "datetime": {"datetime": "2021-10-04 12:12:11", "elapsed": 53.630983, "delta": 0.632825}}
{"target": -4.097661041694465, "params": {"C": 5624.319612200573, "gamma": 0.6504118838334771}, "datetime": {"datetime": "2021-10-04 12:12:12", "elapsed": 54.371967, "delta": 0.740984}}
{"target": -2.3520832325092047, "params": {"C": 3849.5085130986627, "gamma": 0.0824045581776687}, "datetime": {"datetime": "2021-10-04 12:12:12", "elapsed": 55.134583, "delta": 0.762616}}
{"target": -3.8620765751362343, "params": {"C": 1941.501672445827, "gamma": 0.4073762580887431}, "datetime": {"datetime": "2021-10-04 12:12:13", "elapsed": 55.805438, "delta": 0.670855}}
{"target": -3.348970198414977, "params": {"C": 4364.7416576310325, "gamma": 0.34844057736918105}, "datetime": {"datetime": "2021-10-04 12:12:14", "elapsed": 56.391597, "delta": 0.586159}}
{"target": -4.672126716443167, "params": {"C": 1938.4944371932454, "gamma": 0.7683237883655358}, "datetime": {"datetime": "2021-10-04 12:12:14", "elapsed": 57.093357, "delta": 0.70176}}
{"target": -2.5257057632451416, "params": {"C": 6461.10523019042, "gamma": 0.16005303741342214}, "datetime": {"datetime": "2021-10-04 12:12:15", "elapsed": 57.69515, "delta": 0.601793}}
{"target": -4.191318819430612, "params": {"C": 8610.733440087903, "gamma": 0.7357865022132863}, "datetime": {"datetime": "2021-10-04 12:12:15", "elapsed": 58.258757, "delta": 0.563607}}
{"target": -2.1719742589886906, "params": {"C": 6461.4709787539705, "gamma": 0.07035677760214659}, "datetime": {"datetime": "2021-10-04 12:12:16", "elapsed": 59.006766, "delta": 0.748009}}
{"target": -2.4979571518315042, "params": {"C": 3848.786971244479, "gamma": 0.12003399595965004}, "datetime": {"datetime": "2021-10-04 12:12:17", "elapsed": 59.776091, "delta": 0.769325}}
{"target": -4.616740882380178, "params": {"C": 6460.592893311021, "gamma": 0.9767165978858336}, "datetime": {"datetime": "2021-10-04 12:12:18", "elapsed": 60.662089, "delta": 0.885998}}
{"target": -4.213910093104133, "params": {"C": 3849.1576319018795, "gamma": 0.6603286784782058}, "datetime": {"datetime": "2021-10-04 12:12:19", "elapsed": 61.590449, "delta": 0.92836}}
{"target": -3.63297143724086, "params": {"C": 3848.29931121653, "gamma": 0.0016147878095042604}, "datetime": {"datetime": "2021-10-04 12:12:20", "elapsed": 62.292017, "delta": 0.701568}}
{"target": -3.5056737373901257, "params": {"C": 9400.264370170777, "gamma": 0.452204434351619}, "datetime": {"datetime": "2021-10-04 12:12:20", "elapsed": 63.012442, "delta": 0.720425}}
{"target": -4.348004167904299, "params": {"C": 6461.634766784567, "gamma": 0.8002219196394101}, "datetime": {"datetime": "2021-10-04 12:12:21", "elapsed": 64.006729, "delta": 0.994287}}
{"target": -3.4429940590499775, "params": {"C": 4920.392934074797, "gamma": 0.38871500370352924}, "datetime": {"datetime": "2021-10-04 12:12:22", "elapsed": 64.662436, "delta": 0.655707}}
{"target": -2.147450494770513, "params": {"C": 6461.927359591969, "gamma": 0.05623375754757634}, "datetime": {"datetime": "2021-10-04 12:12:23", "elapsed": 65.497002, "delta": 0.834566}}
{"target": -2.1595751133637195, "params": {"C": 6462.23558920448, "gamma": 0.0658873788826385}, "datetime": {"datetime": "2021-10-04 12:12:23", "elapsed": 66.252893, "delta": 0.755891}}
{"target": -4.51930857817351, "params": {"C": 6463.0858541796515, "gamma": 0.9090515434712708}, "datetime": {"datetime": "2021-10-04 12:12:24", "elapsed": 67.155558, "delta": 0.902665}}
{"target": -2.3510265376210984, "params": {"C": 3849.136557884611, "gamma": 0.08210349384316966}, "datetime": {"datetime": "2021-10-04 12:12:25", "elapsed": 67.965546, "delta": 0.809988}}
{"target": -2.9994136854221667, "params": {"C": 7767.416860531266, "gamma": 0.28830827715344726}, "datetime": {"datetime": "2021-10-04 12:12:26", "elapsed": 68.723307, "delta": 0.757761}}
{"target": -4.581804325120068, "params": {"C": 3860.4055042058094, "gamma": 0.8648461714852901}, "datetime": {"datetime": "2021-10-04 12:12:27", "elapsed": 69.365788, "delta": 0.642481}}
{"target": -4.747350101203166, "params": {"C": 1738.5183577322186, "gamma": 0.785310887560392}, "datetime": {"datetime": "2021-10-04 12:12:27", "elapsed": 70.022564, "delta": 0.656776}}
{"target": -3.031413432965895, "params": {"C": 7768.238420046737, "gamma": 0.0025599065303589306}, "datetime": {"datetime": "2021-10-04 12:12:28", "elapsed": 70.821817, "delta": 0.799253}}
{"target": -3.4490801124381525, "params": {"C": 3716.0813252316166, "gamma": 0.36254555784679415}, "datetime": {"datetime": "2021-10-04 12:12:29", "elapsed": 71.493648, "delta": 0.671831}}
{"target": -2.3827880717129832, "params": {"C": 6475.85596006311, "gamma": 0.017639721349448214}, "datetime": {"datetime": "2021-10-04 12:12:29", "elapsed": 72.172766, "delta": 0.679118}}
{"target": -3.489198472840067, "params": {"C": 6476.6046708415615, "gamma": 0.42468249924411583}, "datetime": {"datetime": "2021-10-04 12:12:30", "elapsed": 72.922042, "delta": 0.749276}}
{"target": -3.1333018864996007, "params": {"C": 6475.703409041777, "gamma": 0.3154341110533458}, "datetime": {"datetime": "2021-10-04 12:12:31", "elapsed": 73.677346, "delta": 0.755304}}
{"target": -4.01227440141962, "params": {"C": 9787.810104056523, "gamma": 0.6533225387395475}, "datetime": {"datetime": "2021-10-04 12:12:32", "elapsed": 74.351353, "delta": 0.674007}}
{"target": -4.19478718522806, "params": {"C": 7768.669970364166, "gamma": 0.729947691296608}, "datetime": {"datetime": "2021-10-04 12:12:32", "elapsed": 75.037773, "delta": 0.68642}}
{"target": -4.709937800032914, "params": {"C": 6098.557326891374, "gamma": 0.0001}, "datetime": {"datetime": "2021-10-04 12:12:33", "elapsed": 75.962141, "delta": 0.924368}}
{"target": -2.4556827592787114, "params": {"C": 3854.148809577526, "gamma": 0.11034532739904135}, "datetime": {"datetime": "2021-10-04 12:12:34", "elapsed": 76.822808, "delta": 0.860667}}
{"target": -3.6757956118018846, "params": {"C": 6462.338933671837, "gamma": 0.4877150894670311}, "datetime": {"datetime": "2021-10-04 12:12:35", "elapsed": 77.504458, "delta": 0.68165}}
{"target": -4.441981095024391, "params": {"C": 4363.742140898033, "gamma": 0.8025262573619465}, "datetime": {"datetime": "2021-10-04 12:12:36", "elapsed": 78.360932, "delta": 0.856474}}
{"target": -4.483431710775868, "params": {"C": 7767.0091823055145, "gamma": 0.9067529992541914}, "datetime": {"datetime": "2021-10-04 12:12:36", "elapsed": 79.130431, "delta": 0.769499}}
{"target": -3.19947944152302, "params": {"C": 3391.3923824123913, "gamma": 0.27658678321607943}, "datetime": {"datetime": "2021-10-04 12:12:37", "elapsed": 79.869873, "delta": 0.739442}}
{"target": -2.363130269364643, "params": {"C": 3852.320839783039, "gamma": 0.0855295383906312}, "datetime": {"datetime": "2021-10-04 12:12:38", "elapsed": 80.859739, "delta": 0.989866}}
{"target": -4.531447639135164, "params": {"C": 9997.891474596387, "gamma": 0.0001}, "datetime": {"datetime": "2021-10-04 12:12:39", "elapsed": 81.831216, "delta": 0.971477}}
{"target": -4.755681325007841, "params": {"C": 3390.7779883934973, "gamma": 0.9539632634472651}, "datetime": {"datetime": "2021-10-04 12:12:40", "elapsed": 82.627926, "delta": 0.79671}}
{"target": -4.277256700949514, "params": {"C": 4365.807964596421, "gamma": 0.7093959501660304}, "datetime": {"datetime": "2021-10-04 12:12:41", "elapsed": 83.422777, "delta": 0.794851}}
{"target": -3.4897434857977045, "params": {"C": 1018.5105151862792, "gamma": 0.1922093492593516}, "datetime": {"datetime": "2021-10-04 12:12:41", "elapsed": 84.116776, "delta": 0.693999}}
{"target": -4.526369749805974, "params": {"C": 9098.395798846988, "gamma": 0.9507054071195942}, "datetime": {"datetime": "2021-10-04 12:12:42", "elapsed": 85.004104, "delta": 0.887328}}
{"target": -3.9430294610319208, "params": {"C": 9096.847319336752, "gamma": 0.6175274867367201}, "datetime": {"datetime": "2021-10-04 12:12:43", "elapsed": 85.816416, "delta": 0.812312}}
{"target": -4.601293734498618, "params": {"C": 3392.294619357289, "gamma": 0.8510674682906156}, "datetime": {"datetime": "2021-10-04 12:12:44", "elapsed": 86.755768, "delta": 0.939352}}
{"target": -3.012297546871202, "params": {"C": 6474.782347058663, "gamma": 0.28064427597377756}, "datetime": {"datetime": "2021-10-04 12:12:45", "elapsed": 87.740342, "delta": 0.984574}}
{"target": -2.0988154170471383, "params": {"C": 9290.12968256715, "gamma": 0.03650382613628041}, "datetime": {"datetime": "2021-10-04 12:12:46", "elapsed": 88.547571, "delta": 0.807229}}
{"target": -2.9956244280070625, "params": {"C": 9290.343852497952, "gamma": 0.2968565221430154}, "datetime": {"datetime": "2021-10-04 12:12:47", "elapsed": 89.314526, "delta": 0.766955}}
{"target": -3.123220412736729, "params": {"C": 9289.746058952665, "gamma": 0.3335729780706187}, "datetime": {"datetime": "2021-10-04 12:12:47", "elapsed": 90.204376, "delta": 0.88985}}
{"target": -2.7624861424205482, "params": {"C": 6473.9287636216395, "gamma": 0.21583647660033797}, "datetime": {"datetime": "2021-10-04 12:12:48", "elapsed": 91.095047, "delta": 0.890671}}
{"target": -3.9300100241072284, "params": {"C": 3852.2515809827496, "gamma": 0.5338909738525258}, "datetime": {"datetime": "2021-10-04 12:12:49", "elapsed": 92.13423, "delta": 1.039183}}
{"target": -4.224990446151898, "params": {"C": 6473.852484772834, "gamma": 0.730585830182826}, "datetime": {"datetime": "2021-10-04 12:12:50", "elapsed": 93.166922, "delta": 1.032692}}
{"target": -2.2954736293296834, "params": {"C": 3854.7068060256056, "gamma": 0.052515670578773675}, "datetime": {"datetime": "2021-10-04 12:12:51", "elapsed": 94.187122, "delta": 1.0202}}
{"target": -2.884729250740216, "params": {"C": 3855.567012281298, "gamma": 0.20805344961786001}, "datetime": {"datetime": "2021-10-04 12:12:53", "elapsed": 95.364969, "delta": 1.177847}}
{"target": -3.88785468475715, "params": {"C": 3855.0411513976633, "gamma": 0.5176344258544416}, "datetime": {"datetime": "2021-10-04 12:12:54", "elapsed": 96.292214, "delta": 0.927245}}
{"target": -2.034805208426294, "params": {"C": 9999.51678991982, "gamma": 0.050940606091255045}, "datetime": {"datetime": "2021-10-04 12:12:54", "elapsed": 97.262382, "delta": 0.970168}}
{"target": -3.439511132367407, "params": {"C": 3856.2361974938713, "gamma": 0.3636234283290548}, "datetime": {"datetime": "2021-10-04 12:12:56", "elapsed": 98.402558, "delta": 1.140176}}
{"target": -2.6307846636656897, "params": {"C": 6101.122352671897, "gamma": 0.008014284677815424}, "datetime": {"datetime": "2021-10-04 12:12:56", "elapsed": 99.259512, "delta": 0.856954}}
{"target": -3.758782226995379, "params": {"C": 9583.382638169054, "gamma": 0.5442478838962321}, "datetime": {"datetime": "2021-10-04 12:12:58", "elapsed": 100.304904, "delta": 1.045392}}
{"target": -3.9286109673087917, "params": {"C": 4322.433524952499, "gamma": 0.5466559090778725}, "datetime": {"datetime": "2021-10-04 12:12:59", "elapsed": 101.323207, "delta": 1.018303}}
{"target": -4.514864071660838, "params": {"C": 9581.561111269019, "gamma": 0.9470016146949751}, "datetime": {"datetime": "2021-10-04 12:12:59", "elapsed": 102.236759, "delta": 0.913552}}
{"target": -4.483750085421295, "params": {"C": 3779.669829078376, "gamma": 0.8020585915325493}, "datetime": {"datetime": "2021-10-04 12:13:00", "elapsed": 103.234604, "delta": 0.997845}}
{"target": -2.39898941834383, "params": {"C": 6460.443395080552, "gamma": 0.01662177353373131}, "datetime": {"datetime": "2021-10-04 12:13:01", "elapsed": 104.232616, "delta": 0.998012}}
{"target": -4.443237095534611, "params": {"C": 4324.446676940742, "gamma": 0.801882352261864}, "datetime": {"datetime": "2021-10-04 12:13:03", "elapsed": 105.629357, "delta": 1.396741}}
{"target": -2.3106335423812037, "params": {"C": 9060.873444957424, "gamma": 0.12293272650284956}, "datetime": {"datetime": "2021-10-04 12:13:04", "elapsed": 106.509566, "delta": 0.880209}}
{"target": -3.852870601748398, "params": {"C": 9061.383201612318, "gamma": 0.5785715685403269}, "datetime": {"datetime": "2021-10-04 12:13:05", "elapsed": 107.918305, "delta": 1.408739}}
{"target": -2.8442029695724558, "params": {"C": 6460.068188544467, "gamma": 0.23592558213224019}, "datetime": {"datetime": "2021-10-04 12:13:06", "elapsed": 108.873457, "delta": 0.955152}}
{"target": -3.870140446042719, "params": {"C": 9060.401815077897, "gamma": 0.5857932764024748}, "datetime": {"datetime": "2021-10-04 12:13:07", "elapsed": 109.871628, "delta": 0.998171}}
{"target": -2.211887935323325, "params": {"C": 9061.194537300744, "gamma": 0.10071845473972037}, "datetime": {"datetime": "2021-10-04 12:13:08", "elapsed": 110.878547, "delta": 1.006919}}
{"target": -2.878237438165273, "params": {"C": 7491.329859303404, "gamma": 0.2528923584526171}, "datetime": {"datetime": "2021-10-04 12:13:09", "elapsed": 111.968128, "delta": 1.089581}}
{"target": -3.1195720457258447, "params": {"C": 7492.357772655927, "gamma": 0.3207545898143488}, "datetime": {"datetime": "2021-10-04 12:13:10", "elapsed": 112.843632, "delta": 0.875504}}
{"target": -2.7001364398395986, "params": {"C": 9288.643193827125, "gamma": 0.21629894478974768}, "datetime": {"datetime": "2021-10-04 12:13:11", "elapsed": 113.712234, "delta": 0.868602}}
{"target": -2.538465313315553, "params": {"C": 5755.668566778193, "gamma": 0.1566402059458098}, "datetime": {"datetime": "2021-10-04 12:13:12", "elapsed": 114.516313, "delta": 0.804079}}
{"target": -3.121000162602191, "params": {"C": 6459.197771063143, "gamma": 0.3118029033255495}, "datetime": {"datetime": "2021-10-04 12:13:13", "elapsed": 115.801299, "delta": 1.284986}}
{"target": -4.159419218740528, "params": {"C": 5755.446572637772, "gamma": 0.6831841628413432}, "datetime": {"datetime": "2021-10-04 12:13:14", "elapsed": 116.87574, "delta": 1.074441}}
{"target": -2.153531485096613, "params": {"C": 6475.398337849406, "gamma": 0.048328422391877186}, "datetime": {"datetime": "2021-10-04 12:13:15", "elapsed": 117.91103, "delta": 1.03529}}
{"target": -3.8639369496367806, "params": {"C": 5756.277265420708, "gamma": 0.5506120038090816}, "datetime": {"datetime": "2021-10-04 12:13:16", "elapsed": 119.094723, "delta": 1.183693}}
{"target": -4.0237025679967005, "params": {"C": 9289.077374621851, "gamma": 0.655541143704743}, "datetime": {"datetime": "2021-10-04 12:13:18", "elapsed": 120.463328, "delta": 1.368605}}
{"target": -3.0935103471732135, "params": {"C": 9287.839432224971, "gamma": 0.3250015537306014}, "datetime": {"datetime": "2021-10-04 12:13:19", "elapsed": 121.932024, "delta": 1.468696}}
{"target": -2.852604168825496, "params": {"C": 7493.233769126608, "gamma": 0.24611800858535096}, "datetime": {"datetime": "2021-10-04 12:13:20", "elapsed": 122.959894, "delta": 1.02787}}
{"target": -4.5781205192584435, "params": {"C": 7492.627516072353, "gamma": 0.9691161028852496}, "datetime": {"datetime": "2021-10-04 12:13:21", "elapsed": 124.036688, "delta": 1.076794}}
{"target": -4.387819822882665, "params": {"C": 3542.5851530379505, "gamma": 0.7367193509685149}, "datetime": {"datetime": "2021-10-04 12:13:22", "elapsed": 124.883564, "delta": 0.846876}}
{"target": -2.3958904607785367, "params": {"C": 7493.754569603287, "gamma": 0.1368249072678903}, "datetime": {"datetime": "2021-10-04 12:13:23", "elapsed": 125.956722, "delta": 1.073158}}
{"target": -4.327954928279087, "params": {"C": 8996.970517319409, "gamma": 0.8182609262826491}, "datetime": {"datetime": "2021-10-04 12:13:24", "elapsed": 126.774599, "delta": 0.817877}}
{"target": -2.737949603985128, "params": {"C": 7494.146727139082, "gamma": 0.2170429039780933}, "datetime": {"datetime": "2021-10-04 12:13:25", "elapsed": 127.903895, "delta": 1.129296}}
{"target": -2.398208332475363, "params": {"C": 5067.9734195429955, "gamma": 0.020567689473820556}, "datetime": {"datetime": "2021-10-04 12:13:26", "elapsed": 128.770984, "delta": 0.867089}}
{"target": -3.632829153862382, "params": {"C": 7493.800433499623, "gamma": 0.48257313104441246}, "datetime": {"datetime": "2021-10-04 12:13:27", "elapsed": 129.8091, "delta": 1.038116}}
{"target": -4.409983056141622, "params": {"C": 5068.302457059662, "gamma": 0.8054840206073115}, "datetime": {"datetime": "2021-10-04 12:13:28", "elapsed": 130.854927, "delta": 1.045827}}
{"target": -4.370775295528353, "params": {"C": 8717.635335077413, "gamma": 0.8423256804623838}, "datetime": {"datetime": "2021-10-04 12:13:29", "elapsed": 131.714673, "delta": 0.859746}}
{"target": -3.377749598213864, "params": {"C": 5067.1934206587, "gamma": 0.3714188759380548}, "datetime": {"datetime": "2021-10-04 12:13:30", "elapsed": 132.890118, "delta": 1.175445}}
{"target": -4.337652256339669, "params": {"C": 8908.093352475957, "gamma": 0.8235156493584763}, "datetime": {"datetime": "2021-10-04 12:13:31", "elapsed": 133.785867, "delta": 0.895749}}
{"target": -2.800462588909077, "params": {"C": 7494.890385293778, "gamma": 0.23268024056737455}, "datetime": {"datetime": "2021-10-04 12:13:32", "elapsed": 135.096891, "delta": 1.311024}}
{"target": -4.2862424387462035, "params": {"C": 4000.6915753797243, "gamma": 0.7020049803931393}, "datetime": {"datetime": "2021-10-04 12:13:33", "elapsed": 136.048738, "delta": 0.951847}}
{"target": -2.8484025763868384, "params": {"C": 7491.802140572259, "gamma": 0.24501322916184032}, "datetime": {"datetime": "2021-10-04 12:13:35", "elapsed": 137.559581, "delta": 1.510843}}
{"target": -2.164633397748344, "params": {"C": 6458.467474646107, "gamma": 0.04342976380931979}, "datetime": {"datetime": "2021-10-04 12:13:36", "elapsed": 138.606198, "delta": 1.046617}}
{"target": -2.869648522083222, "params": {"C": 6458.1835476701735, "gamma": 0.24228807353920345}, "datetime": {"datetime": "2021-10-04 12:13:37", "elapsed": 139.738114, "delta": 1.131916}}
{"target": -3.6094783118878366, "params": {"C": 3389.1114435216623, "gamma": 0.4017727231397624}, "datetime": {"datetime": "2021-10-04 12:13:38", "elapsed": 140.637987, "delta": 0.899873}}
{"target": -4.315019421459643, "params": {"C": 7495.095267581374, "gamma": 0.7952383461840984}, "datetime": {"datetime": "2021-10-04 12:13:39", "elapsed": 141.880663, "delta": 1.242676}}
{"target": -4.587470927431833, "params": {"C": 6458.5621386437115, "gamma": 0.955906899056782}, "datetime": {"datetime": "2021-10-04 12:13:40", "elapsed": 143.19851, "delta": 1.317847}}
{"target": -2.192347136655162, "params": {"C": 5755.0374628484105, "gamma": 0.044761457009124435}, "datetime": {"datetime": "2021-10-04 12:13:42", "elapsed": 144.863498, "delta": 1.664988}}
{"target": -2.371264338547141, "params": {"C": 9061.821360329668, "gamma": 0.014565039420074637}, "datetime": {"datetime": "2021-10-04 12:13:43", "elapsed": 146.138138, "delta": 1.27464}}
{"target": -2.483945798179134, "params": {"C": 9084.40033230843, "gamma": 0.009714186985061194}, "datetime": {"datetime": "2021-10-04 12:13:45", "elapsed": 147.445466, "delta": 1.307328}}
{"target": -2.2005100923808105, "params": {"C": 6473.401289320224, "gamma": 0.0797452657233755}, "datetime": {"datetime": "2021-10-04 12:13:46", "elapsed": 148.718758, "delta": 1.273292}}
{"target": -4.467120116772722, "params": {"C": 7133.644980556546, "gamma": 0.8870444304209374}, "datetime": {"datetime": "2021-10-04 12:13:47", "elapsed": 149.579566, "delta": 0.860808}}
{"target": -2.222745357560093, "params": {"C": 6472.914276334583, "gamma": 0.08618571523601815}, "datetime": {"datetime": "2021-10-04 12:13:48", "elapsed": 150.641779, "delta": 1.062213}}
{"target": -4.435624631532229, "params": {"C": 6472.458187090716, "gamma": 0.8545029716682733}, "datetime": {"datetime": "2021-10-04 12:13:49", "elapsed": 151.994018, "delta": 1.352239}}
{"target": -4.419471875095884, "params": {"C": 9062.739999534333, "gamma": 0.876594372705963}, "datetime": {"datetime": "2021-10-04 12:13:50", "elapsed": 153.159334, "delta": 1.165316}}
{"target": -3.7343076556220693, "params": {"C": 5754.772945712123, "gamma": 0.5004709907837535}, "datetime": {"datetime": "2021-10-04 12:13:52", "elapsed": 154.345665, "delta": 1.186331}}
{"target": -4.4918248298716685, "params": {"C": 9288.14590448869, "gamma": 0.9282941203854211}, "datetime": {"datetime": "2021-10-04 12:13:53", "elapsed": 155.750552, "delta": 1.404887}}
{"target": -3.61265944838496, "params": {"C": 3732.3985971231673, "gamma": 0.4140559537303343}, "datetime": {"datetime": "2021-10-04 12:13:54", "elapsed": 156.698351, "delta": 0.947799}}
{"target": -2.2385260692419617, "params": {"C": 5067.547657334224, "gamma": 0.07157624078143388}, "datetime": {"datetime": "2021-10-04 12:13:55", "elapsed": 157.781423, "delta": 1.083072}}
{"target": -3.0205555654608354, "params": {"C": 6473.221985417522, "gamma": 0.2829479967697012}, "datetime": {"datetime": "2021-10-04 12:13:56", "elapsed": 159.177871, "delta": 1.396448}}
{"target": -2.183015438447514, "params": {"C": 6101.572973256162, "gamma": 0.042506537622038515}, "datetime": {"datetime": "2021-10-04 12:13:57", "elapsed": 160.272778, "delta": 1.094907}}
