{"target": -1.9010192371841839, "params": {"C": 25896.042346097143, "gamma": 0.03901353435846364}, "datetime": {"datetime": "2021-10-04 12:30:04", "elapsed": 53.59771, "delta": 0.640818}}
{"target": -2.6138354126526657, "params": {"C": 44473.023994510906, "gamma": 0.19466245058751244}, "datetime": {"datetime": "2021-10-04 12:30:05", "elapsed": 54.316401, "delta": 0.718691}}
{"target": -1.9391397717785768, "params": {"C": 86658.00554610291, "gamma": 0.04812303482379572}, "datetime": {"datetime": "2021-10-04 12:30:05", "elapsed": 55.204339, "delta": 0.887938}}
{"target": -2.170015557349308, "params": {"C": 24005.43110195067, "gamma": 0.10431828946483551}, "datetime": {"datetime": "2021-10-04 12:30:06", "elapsed": 56.000971, "delta": 0.796632}}
{"target": -2.5859927507453233, "params": {"C": 80341.64760739601, "gamma": 0.1693132864562391}, "datetime": {"datetime": "2021-10-04 12:30:07", "elapsed": 56.677982, "delta": 0.677011}}
{"target": -2.0355083954815383, "params": {"C": 49985.664335613896, "gamma": 0.07293320590758108}, "datetime": {"datetime": "2021-10-04 12:30:08", "elapsed": 57.422262, "delta": 0.74428}}
{"target": -2.0128966627282048, "params": {"C": 56512.563308679724, "gamma": 0.01928905044131596}, "datetime": {"datetime": "2021-10-04 12:30:08", "elapsed": 58.14155, "delta": 0.719288}}
{"target": -1.8673060661579512, "params": {"C": 64871.33426777876, "gamma": 0.0361939616917865}, "datetime": {"datetime": "2021-10-04 12:30:09", "elapsed": 58.825562, "delta": 0.684012}}
{"target": -2.512022154156563, "params": {"C": 80135.2209467188, "gamma": 0.14847321525311616}, "datetime": {"datetime": "2021-10-04 12:30:10", "elapsed": 59.493699, "delta": 0.668137}}
{"target": -2.460358234309378, "params": {"C": 59534.3362295987, "gamma": 0.14464060058326877}, "datetime": {"datetime": "2021-10-04 12:30:10", "elapsed": 60.201786, "delta": 0.708087}}
{"target": -2.3584520027516107, "params": {"C": 44428.28774383606, "gamma": 0.13006301697027828}, "datetime": {"datetime": "2021-10-04 12:30:11", "elapsed": 61.067026, "delta": 0.86524}}
{"target": -2.10628894621732, "params": {"C": 28001.94892591599, "gamma": 0.09191006458059957}, "datetime": {"datetime": "2021-10-04 12:30:12", "elapsed": 61.833589, "delta": 0.766563}}
{"target": -1.9015114827056951, "params": {"C": 31200.999377834713, "gamma": 0.05516389090586277}, "datetime": {"datetime": "2021-10-04 12:30:13", "elapsed": 62.587843, "delta": 0.754254}}
{"target": -1.868437751572372, "params": {"C": 68440.41653961837, "gamma": 0.035460714979138164}, "datetime": {"datetime": "2021-10-04 12:30:14", "elapsed": 63.248149, "delta": 0.660306}}
{"target": -2.250564540546967, "params": {"C": 85741.45117332984, "gamma": 0.09316918161672738}, "datetime": {"datetime": "2021-10-04 12:30:14", "elapsed": 63.902374, "delta": 0.654225}}
{"target": -1.8691781834787766, "params": {"C": 70378.26064914203, "gamma": 0.031929745955380937}, "datetime": {"datetime": "2021-10-04 12:30:15", "elapsed": 64.602171, "delta": 0.699797}}
{"target": -2.100457190532413, "params": {"C": 53931.18295022608, "gamma": 0.08078750447263548}, "datetime": {"datetime": "2021-10-04 12:30:16", "elapsed": 65.227034, "delta": 0.624863}}
{"target": -2.101972682791747, "params": {"C": 22548.685532677617, "gamma": 0.09166020493633996}, "datetime": {"datetime": "2021-10-04 12:30:16", "elapsed": 65.958482, "delta": 0.731448}}
{"target": -2.341631959527185, "params": {"C": 79056.74845925739, "gamma": 0.11144696797365496}, "datetime": {"datetime": "2021-10-04 12:30:17", "elapsed": 66.647196, "delta": 0.688714}}
{"target": -2.402119481520388, "params": {"C": 79373.21423815488, "gamma": 0.12380225295678295}, "datetime": {"datetime": "2021-10-04 12:30:18", "elapsed": 67.3003, "delta": 0.653104}}
{"target": -1.9339824217540371, "params": {"C": 48909.83708062563, "gamma": 0.05840003986681958}, "datetime": {"datetime": "2021-10-04 12:30:18", "elapsed": 67.9223, "delta": 0.622}}
{"target": -1.921796695246406, "params": {"C": 77729.24799985773, "gamma": 0.04719133931598459}, "datetime": {"datetime": "2021-10-04 12:30:19", "elapsed": 68.668221, "delta": 0.745921}}
{"target": -2.54690018475917, "params": {"C": 46404.519531814425, "gamma": 0.17364236767639923}, "datetime": {"datetime": "2021-10-04 12:30:20", "elapsed": 69.379907, "delta": 0.711686}}
{"target": -2.4551846217622098, "params": {"C": 31337.61410130888, "gamma": 0.15813143621789824}, "datetime": {"datetime": "2021-10-04 12:30:20", "elapsed": 70.048281, "delta": 0.668374}}
{"target": -2.067877740748041, "params": {"C": 39964.011081790486, "gamma": 0.018196630045675954}, "datetime": {"datetime": "2021-10-04 12:30:21", "elapsed": 70.79319, "delta": 0.744909}}
{"target": -2.0443222835608577, "params": {"C": 45379.715380682544, "gamma": 0.07568395217534239}, "datetime": {"datetime": "2021-10-04 12:30:22", "elapsed": 71.478065, "delta": 0.684875}}
{"target": -2.257707497003727, "params": {"C": 64976.074923940476, "gamma": 0.008420587721914594}, "datetime": {"datetime": "2021-10-04 12:30:22", "elapsed": 72.147985, "delta": 0.66992}}
{"target": -2.5906181015198437, "params": {"C": 69311.76057406917, "gamma": 0.17539374756128093}, "datetime": {"datetime": "2021-10-04 12:30:23", "elapsed": 72.815422, "delta": 0.667437}}
{"target": -2.596785016473741, "params": {"C": 69136.07059865331, "gamma": 0.17725555272523}, "datetime": {"datetime": "2021-10-04 12:30:24", "elapsed": 73.648802, "delta": 0.83338}}
{"target": -2.456419932526555, "params": {"C": 88493.3010689082, "gamma": 0.13239113416762852}, "datetime": {"datetime": "2021-10-04 12:30:25", "elapsed": 74.305269, "delta": 0.656467}}
{"target": -2.114529778680647, "params": {"C": 88252.27148104343, "gamma": 0.012818568977473743}, "datetime": {"datetime": "2021-10-04 12:30:25", "elapsed": 75.041079, "delta": 0.73581}}
{"target": -2.0912845128825075, "params": {"C": 29182.452572744733, "gamma": 0.0888304586019024}, "datetime": {"datetime": "2021-10-04 12:30:26", "elapsed": 75.728728, "delta": 0.687649}}
{"target": -2.240241729661566, "params": {"C": 81627.38561628191, "gamma": 0.008448866704488469}, "datetime": {"datetime": "2021-10-04 12:30:27", "elapsed": 76.506865, "delta": 0.778137}}
{"target": -2.375672965262078, "params": {"C": 38720.15000334846, "gamma": 0.13679640236605495}, "datetime": {"datetime": "2021-10-04 12:30:27", "elapsed": 77.206094, "delta": 0.699229}}
{"target": -2.5303184128216256, "params": {"C": 25806.354898422956, "gamma": 0.18130595630079271}, "datetime": {"datetime": "2021-10-04 12:30:28", "elapsed": 77.959919, "delta": 0.753825}}
{"target": -2.563667392638074, "params": {"C": 23164.09661785197, "gamma": 0.19253447553098976}, "datetime": {"datetime": "2021-10-04 12:30:29", "elapsed": 78.678234, "delta": 0.718315}}
{"target": -2.426969678766906, "params": {"C": 43341.753302759535, "gamma": 0.1455102798931372}, "datetime": {"datetime": "2021-10-04 12:30:30", "elapsed": 79.379459, "delta": 0.701225}}
{"target": -2.2554174797330617, "params": {"C": 85228.49613794878, "gamma": 0.09414673473149762}, "datetime": {"datetime": "2021-10-04 12:30:30", "elapsed": 80.080366, "delta": 0.700907}}
{"target": -1.9515981330191017, "params": {"C": 89997.54322115751, "gamma": 0.04988665198218228}, "datetime": {"datetime": "2021-10-04 12:30:31", "elapsed": 80.806341, "delta": 0.725975}}
{"target": -2.0084714586360977, "params": {"C": 30086.135373419944, "gamma": 0.02364842883828688}, "datetime": {"datetime": "2021-10-04 12:30:32", "elapsed": 81.603719, "delta": 0.797378}}
{"target": -1.9200579498270194, "params": {"C": 59982.27332028566, "gamma": 0.05324358048915129}, "datetime": {"datetime": "2021-10-04 12:30:33", "elapsed": 82.551686, "delta": 0.947967}}
{"target": -1.8944364035872283, "params": {"C": 26225.047162538838, "gamma": 0.042465069612534816}, "datetime": {"datetime": "2021-10-04 12:30:33", "elapsed": 83.169766, "delta": 0.61808}}
{"target": -1.874532028237114, "params": {"C": 87486.55616868442, "gamma": 0.03302086115036189}, "datetime": {"datetime": "2021-10-04 12:30:34", "elapsed": 83.994642, "delta": 0.824876}}
{"target": -2.612499764182124, "params": {"C": 89068.74267791021, "gamma": 0.17391975402814808}, "datetime": {"datetime": "2021-10-04 12:30:35", "elapsed": 84.644871, "delta": 0.650229}}
{"target": -2.624588267999649, "params": {"C": 64164.84762214465, "gamma": 0.187785674994331}, "datetime": {"datetime": "2021-10-04 12:30:36", "elapsed": 85.314307, "delta": 0.669436}}
{"target": -2.307772758016115, "params": {"C": 72782.75839923508, "gamma": 0.10745008669137698}, "datetime": {"datetime": "2021-10-04 12:30:36", "elapsed": 86.072634, "delta": 0.758327}}
{"target": -2.1371519094781166, "params": {"C": 84959.41668789556, "gamma": 0.012099456042178897}, "datetime": {"datetime": "2021-10-04 12:30:37", "elapsed": 86.726916, "delta": 0.654282}}
{"target": -2.0806127918070567, "params": {"C": 22115.176815904426, "gamma": 0.08758462803254984}, "datetime": {"datetime": "2021-10-04 12:30:38", "elapsed": 87.558474, "delta": 0.831558}}
{"target": -2.174501605104839, "params": {"C": 88378.19418895317, "gamma": 0.08084938993960052}, "datetime": {"datetime": "2021-10-04 12:30:39", "elapsed": 88.393343, "delta": 0.834869}}
{"target": -2.2864821554001096, "params": {"C": 24157.760695053752, "gamma": 0.1261005711811048}, "datetime": {"datetime": "2021-10-04 12:30:39", "elapsed": 89.190963, "delta": 0.79762}}
{"target": -1.9573966585824936, "params": {"C": 36196.28273077358, "gamma": 0.06484137972709429}, "datetime": {"datetime": "2021-10-04 12:30:40", "elapsed": 90.176413, "delta": 0.98545}}
{"target": -2.2293975719816004, "params": {"C": 78543.87294988424, "gamma": 0.09206080617079955}, "datetime": {"datetime": "2021-10-04 12:30:41", "elapsed": 90.949958, "delta": 0.773545}}
{"target": -2.5841526008233955, "params": {"C": 66194.89822827, "gamma": 0.17482540475397712}, "datetime": {"datetime": "2021-10-04 12:30:42", "elapsed": 91.649465, "delta": 0.699507}}
{"target": -2.5949170406289674, "params": {"C": 32910.98474189645, "gamma": 0.19541377873095697}, "datetime": {"datetime": "2021-10-04 12:30:43", "elapsed": 92.577951, "delta": 0.928486}}
{"target": -2.1534639651260847, "params": {"C": 60835.267301468244, "gamma": 0.08621288128341316}, "datetime": {"datetime": "2021-10-04 12:30:44", "elapsed": 93.445907, "delta": 0.867956}}
{"target": -1.8839016407269447, "params": {"C": 74184.76588527893, "gamma": 0.027625092328640036}, "datetime": {"datetime": "2021-10-04 12:30:45", "elapsed": 94.270554, "delta": 0.824647}}
{"target": -2.2518417823339014, "params": {"C": 69989.69474693233, "gamma": 0.008433667913098592}, "datetime": {"datetime": "2021-10-04 12:30:45", "elapsed": 95.016281, "delta": 0.745727}}
{"target": -2.041604794571278, "params": {"C": 73093.58791251804, "gamma": 0.01663385808624862}, "datetime": {"datetime": "2021-10-04 12:30:46", "elapsed": 95.70953, "delta": 0.693249}}
{"target": -1.946855582809083, "params": {"C": 20159.520842430036, "gamma": 0.05834496400647923}, "datetime": {"datetime": "2021-10-04 12:30:47", "elapsed": 96.480873, "delta": 0.771343}}
{"target": -2.0304327525706896, "params": {"C": 43824.87435845527, "gamma": 0.07417787849898802}, "datetime": {"datetime": "2021-10-04 12:30:47", "elapsed": 97.20584, "delta": 0.724967}}
{"target": -2.3498698912711578, "params": {"C": 25600.545220622967, "gamma": 0.13812805317217508}, "datetime": {"datetime": "2021-10-04 12:30:48", "elapsed": 97.954562, "delta": 0.748722}}
{"target": -2.499654189222133, "params": {"C": 45831.23891034751, "gamma": 0.16139756510535766}, "datetime": {"datetime": "2021-10-04 12:30:49", "elapsed": 98.699622, "delta": 0.74506}}
{"target": -2.373180087565552, "params": {"C": 48987.4331431317, "gamma": 0.13066625970491222}, "datetime": {"datetime": "2021-10-04 12:30:50", "elapsed": 99.423969, "delta": 0.724347}}
{"target": -2.4767302244056553, "params": {"C": 70053.57091338535, "gamma": 0.14376191475468536}, "datetime": {"datetime": "2021-10-04 12:30:51", "elapsed": 100.332348, "delta": 0.908379}}
{"target": -1.8766070728716329, "params": {"C": 83331.53461265897, "gamma": 0.028954777145770244}, "datetime": {"datetime": "2021-10-04 12:30:51", "elapsed": 101.133577, "delta": 0.801229}}
{"target": -2.3638153130699404, "params": {"C": 70681.23694467408, "gamma": 0.11893649079956058}, "datetime": {"datetime": "2021-10-04 12:30:52", "elapsed": 101.984954, "delta": 0.851377}}
{"target": -2.176207504216704, "params": {"C": 61691.048241599034, "gamma": 0.011769017932628198}, "datetime": {"datetime": "2021-10-04 12:30:53", "elapsed": 102.66883, "delta": 0.683876}}
{"target": -2.3819988206234086, "params": {"C": 26003.33706373966, "gamma": 0.14470415848090507}, "datetime": {"datetime": "2021-10-04 12:30:54", "elapsed": 103.445636, "delta": 0.776806}}
{"target": -2.1214528591124124, "params": {"C": 72731.32887550574, "gamma": 0.07770611937704049}, "datetime": {"datetime": "2021-10-04 12:30:55", "elapsed": 104.233762, "delta": 0.788126}}
{"target": -2.2530649779820036, "params": {"C": 56087.209092582496, "gamma": 0.1045702247940835}, "datetime": {"datetime": "2021-10-04 12:30:56", "elapsed": 105.250109, "delta": 1.016347}}
{"target": -2.503266419743529, "params": {"C": 74329.8131532389, "gamma": 0.14848411716331214}, "datetime": {"datetime": "2021-10-04 12:30:56", "elapsed": 106.12685, "delta": 0.876741}}
{"target": -2.3888541410941526, "params": {"C": 63146.41836313709, "gamma": 0.12744403177138136}, "datetime": {"datetime": "2021-10-04 12:30:57", "elapsed": 107.004477, "delta": 0.877627}}
{"target": -1.8659018690022513, "params": {"C": 59862.23304742991, "gamma": 0.03552839299873278}, "datetime": {"datetime": "2021-10-04 12:30:58", "elapsed": 107.820698, "delta": 0.816221}}
{"target": -2.632429628081753, "params": {"C": 80566.08362524938, "gamma": 0.1832369976787323}, "datetime": {"datetime": "2021-10-04 12:30:59", "elapsed": 108.790872, "delta": 0.970174}}
{"target": -2.372421733477811, "params": {"C": 41032.67104729642, "gamma": 0.134759482628857}, "datetime": {"datetime": "2021-10-04 12:31:00", "elapsed": 109.608695, "delta": 0.817823}}
{"target": -2.39115466072366, "params": {"C": 19422.305686422325, "gamma": 0.1495612859118037}, "datetime": {"datetime": "2021-10-04 12:31:01", "elapsed": 110.677579, "delta": 1.068884}}
{"target": -2.607498385768254, "params": {"C": 71595.04685222339, "gamma": 0.17932865158257025}, "datetime": {"datetime": "2021-10-04 12:31:02", "elapsed": 111.594502, "delta": 0.916923}}
{"target": -2.439833573537399, "params": {"C": 48608.56233388276, "gamma": 0.14546327622122085}, "datetime": {"datetime": "2021-10-04 12:31:04", "elapsed": 0.0, "delta": 0.0}}
{"target": -1.9728782072034379, "params": {"C": 19008.120612031486, "gamma": 0.06395485166320876}, "datetime": {"datetime": "2021-10-04 12:31:04", "elapsed": 0.196614, "delta": 0.196614}}
{"target": -2.0198115447219376, "params": {"C": 29419.668248015027, "gamma": 0.02300602597991557}, "datetime": {"datetime": "2021-10-04 12:31:05", "elapsed": 0.463227, "delta": 0.266613}}
{"target": -1.9993752430680571, "params": {"C": 32224.47500781463, "gamma": 0.07238434177339431}, "datetime": {"datetime": "2021-10-04 12:31:05", "elapsed": 0.716695, "delta": 0.253468}}
{"target": -2.2624525821117643, "params": {"C": 47170.49067037756, "gamma": 0.11006926313065461}, "datetime": {"datetime": "2021-10-04 12:31:05", "elapsed": 1.025592, "delta": 0.308897}}
{"target": -2.5495335753499306, "params": {"C": 19214.27491999134, "gamma": 0.1904827881705899}, "datetime": {"datetime": "2021-10-04 12:31:05", "elapsed": 1.299391, "delta": 0.273799}}
{"target": -1.9151464843150443, "params": {"C": 32222.887007176152, "gamma": 0.058006947337558304}, "datetime": {"datetime": "2021-10-04 12:31:06", "elapsed": 1.664047, "delta": 0.364656}}
{"target": -1.9056530175200768, "params": {"C": 32216.75583032429, "gamma": 0.03266265691186965}, "datetime": {"datetime": "2021-10-04 12:31:06", "elapsed": 1.940999, "delta": 0.276952}}
{"target": -2.0528433968992714, "params": {"C": 19020.466116868116, "gamma": 0.08139897750043111}, "datetime": {"datetime": "2021-10-04 12:31:06", "elapsed": 2.244995, "delta": 0.303996}}
{"target": -2.551498523422479, "params": {"C": 32199.04144018529, "gamma": 0.1833029916442261}, "datetime": {"datetime": "2021-10-04 12:31:07", "elapsed": 2.58485, "delta": 0.339855}}
{"target": -1.9596536975726426, "params": {"C": 29432.88659202031, "gamma": 0.06543159211194138}, "datetime": {"datetime": "2021-10-04 12:31:07", "elapsed": 2.881314, "delta": 0.296464}}
{"target": -2.095360873684703, "params": {"C": 29448.676762242747, "gamma": 0.0894277180274009}, "datetime": {"datetime": "2021-10-04 12:31:07", "elapsed": 3.190849, "delta": 0.309535}}
{"target": -2.180162277305147, "params": {"C": 29407.95362969221, "gamma": 0.10459870343829793}, "datetime": {"datetime": "2021-10-04 12:31:08", "elapsed": 3.49603, "delta": 0.305181}}
{"target": -2.2033434292478407, "params": {"C": 19035.313405049295, "gamma": 0.11050802423504222}, "datetime": {"datetime": "2021-10-04 12:31:08", "elapsed": 3.836031, "delta": 0.340001}}
{"target": -2.0656456492761515, "params": {"C": 29469.39104819123, "gamma": 0.08434837627760637}, "datetime": {"datetime": "2021-10-04 12:31:08", "elapsed": 4.170338, "delta": 0.334307}}
{"target": -2.430007943270073, "params": {"C": 29481.673080058397, "gamma": 0.15326996454017336}, "datetime": {"datetime": "2021-10-04 12:31:09", "elapsed": 4.505348, "delta": 0.33501}}
{"target": -2.1966936580993788, "params": {"C": 19000.55531069378, "gamma": 0.10919271032545134}, "datetime": {"datetime": "2021-10-04 12:31:09", "elapsed": 4.973576, "delta": 0.468228}}
{"target": -2.358952786661221, "params": {"C": 32556.931641408548, "gamma": 0.13632420990291108}, "datetime": {"datetime": "2021-10-04 12:31:10", "elapsed": 5.391198, "delta": 0.417622}}
{"target": -2.048480405929496, "params": {"C": 29458.886991332605, "gamma": 0.08153463177477312}, "datetime": {"datetime": "2021-10-04 12:31:10", "elapsed": 5.887201, "delta": 0.496003}}
{"target": -2.36519175167035, "params": {"C": 30933.425817612762, "gamma": 0.1384003309747359}, "datetime": {"datetime": "2021-10-04 12:31:10", "elapsed": 6.318264, "delta": 0.431063}}
{"target": -2.1532896484443116, "params": {"C": 69907.438695852, "gamma": 0.08298004650628413}, "datetime": {"datetime": "2021-10-04 12:31:11", "elapsed": 6.68996, "delta": 0.371696}}
{"target": -2.514150835416256, "params": {"C": 29427.16527876743, "gamma": 0.17433253694354264}, "datetime": {"datetime": "2021-10-04 12:31:11", "elapsed": 7.144957, "delta": 0.454997}}
{"target": -2.542119532066972, "params": {"C": 19014.312178335273, "gamma": 0.1885220614045209}, "datetime": {"datetime": "2021-10-04 12:31:12", "elapsed": 7.505464, "delta": 0.360507}}
{"target": -2.190415477827013, "params": {"C": 32213.445374695413, "gamma": 0.1049222599720744}, "datetime": {"datetime": "2021-10-04 12:31:12", "elapsed": 7.935466, "delta": 0.430002}}
{"target": -2.0964497862035643, "params": {"C": 32218.787213463125, "gamma": 0.08841041315365332}, "datetime": {"datetime": "2021-10-04 12:31:12", "elapsed": 8.275309, "delta": 0.339843}}
{"target": -2.1264252814940914, "params": {"C": 29434.75440390703, "gamma": 0.0951490158705121}, "datetime": {"datetime": "2021-10-04 12:31:13", "elapsed": 8.627753, "delta": 0.352444}}
{"target": -2.4398153906065247, "params": {"C": 29461.537486185352, "gamma": 0.15555812768552263}, "datetime": {"datetime": "2021-10-04 12:31:13", "elapsed": 8.964689, "delta": 0.336936}}
{"target": -2.1666693777335158, "params": {"C": 29445.95370883314, "gamma": 0.10218889103873117}, "datetime": {"datetime": "2021-10-04 12:31:13", "elapsed": 9.336025, "delta": 0.371336}}
{"target": -2.496815296948269, "params": {"C": 29417.40168437738, "gamma": 0.16968235539201348}, "datetime": {"datetime": "2021-10-04 12:31:14", "elapsed": 9.701283, "delta": 0.365258}}
{"target": -2.5438604572484222, "params": {"C": 32215.411681836384, "gamma": 0.18103124385171893}, "datetime": {"datetime": "2021-10-04 12:31:14", "elapsed": 10.189022, "delta": 0.487739}}
{"target": -2.4309160111491357, "params": {"C": 29469.21256490551, "gamma": 0.1534859864811605}, "datetime": {"datetime": "2021-10-04 12:31:15", "elapsed": 10.685211, "delta": 0.496189}}
{"target": -1.8724735454758683, "params": {"C": 81504.03127731103, "gamma": 0.030762310675573303}, "datetime": {"datetime": "2021-10-04 12:31:15", "elapsed": 11.067081, "delta": 0.38187}}
{"target": -2.3335055978593893, "params": {"C": 20646.76126730249, "gamma": 0.010385013665269373}, "datetime": {"datetime": "2021-10-04 12:31:16", "elapsed": 11.424427, "delta": 0.357346}}
{"target": -2.044978266668994, "params": {"C": 23422.688156704837, "gamma": 0.08098792944460657}, "datetime": {"datetime": "2021-10-04 12:31:16", "elapsed": 11.746694, "delta": 0.322267}}
{"target": -2.003520342207483, "params": {"C": 71445.05659200928, "gamma": 0.06313707250766368}, "datetime": {"datetime": "2021-10-04 12:31:16", "elapsed": 12.237336, "delta": 0.490642}}
{"target": -2.633548406157011, "params": {"C": 66276.77990114593, "gamma": 0.18942863618214556}, "datetime": {"datetime": "2021-10-04 12:31:17", "elapsed": 12.671471, "delta": 0.434135}}
{"target": -2.5350099780957165, "params": {"C": 34790.62425919145, "gamma": 0.17686303757717095}, "datetime": {"datetime": "2021-10-04 12:31:17", "elapsed": 13.029298, "delta": 0.357827}}
{"target": -2.315028776114909, "params": {"C": 25031.725067806674, "gamma": 0.13131111332663642}, "datetime": {"datetime": "2021-10-04 12:31:18", "elapsed": 13.456919, "delta": 0.427621}}
{"target": -2.2651011142093207, "params": {"C": 82561.11638208071, "gamma": 0.09672569453100996}, "datetime": {"datetime": "2021-10-04 12:31:18", "elapsed": 13.791157, "delta": 0.334238}}
{"target": -2.553866456721534, "params": {"C": 49684.11363570993, "gamma": 0.17376888537422394}, "datetime": {"datetime": "2021-10-04 12:31:18", "elapsed": 14.207605, "delta": 0.416448}}
