{"target": 0.6381587985889164, "params": {"C": 440.0350493371039, "gamma": 0.011402408053825454}, "datetime": {"datetime": "2021-10-01 01:40:43", "elapsed": 220.211014, "delta": 1.748143}}
{"target": 0.7103669838199114, "params": {"C": 934.9452057300952, "gamma": 0.19426492187249614}, "datetime": {"datetime": "2021-10-01 01:40:44", "elapsed": 221.443635, "delta": 1.232621}}
{"target": 0.3025067130972623, "params": {"C": 329.14644234941784, "gamma": 0.001}, "datetime": {"datetime": "2021-10-01 01:40:45", "elapsed": 222.897011, "delta": 1.453376}}
{"target": 0.43963066744345713, "params": {"C": 209.32819216039303, "gamma": 0.197872194363076}, "datetime": {"datetime": "2021-10-01 01:40:47", "elapsed": 224.478536, "delta": 1.581525}}
{"target": 0.5867203973489381, "params": {"C": 215.6970442386317, "gamma": 0.07583335228131692}, "datetime": {"datetime": "2021-10-01 01:40:48", "elapsed": 225.754415, "delta": 1.275879}}
{"target": 0.6582018231946913, "params": {"C": 674.0092797518538, "gamma": 0.19982738659419236}, "datetime": {"datetime": "2021-10-01 01:40:50", "elapsed": 227.252873, "delta": 1.498458}}
{"target": 0.713627142572423, "params": {"C": 465.66897852102824, "gamma": 0.03817138010845344}, "datetime": {"datetime": "2021-10-01 01:40:51", "elapsed": 228.484434, "delta": 1.231561}}
{"target": 0.6982299583219873, "params": {"C": 812.6639211834151, "gamma": 0.18252851407630333}, "datetime": {"datetime": "2021-10-01 01:40:53", "elapsed": 230.165014, "delta": 1.68058}}
{"target": 0.6456695539856467, "params": {"C": 606.0928272844634, "gamma": 0.19363078555168564}, "datetime": {"datetime": "2021-10-01 01:40:54", "elapsed": 231.908316, "delta": 1.743302}}
{"target": 0.7521367757598086, "params": {"C": 774.4710636363845, "gamma": 0.02729399125491483}, "datetime": {"datetime": "2021-10-01 01:40:56", "elapsed": 233.289818, "delta": 1.381502}}
{"target": 0.5583899993293566, "params": {"C": 379.6102457834974, "gamma": 0.2}, "datetime": {"datetime": "2021-10-01 01:40:58", "elapsed": 235.099511, "delta": 1.809693}}
{"target": 0.7494520001275876, "params": {"C": 713.5867085193181, "gamma": 0.0804830786966363}, "datetime": {"datetime": "2021-10-01 01:40:59", "elapsed": 236.596156, "delta": 1.496645}}
{"target": 0.7760382719792956, "params": {"C": 886.4612761870803, "gamma": 0.04086480538263547}, "datetime": {"datetime": "2021-10-01 01:41:00", "elapsed": 237.810663, "delta": 1.214507}}
{"target": 0.622711356231826, "params": {"C": 670.4711288735097, "gamma": 0.006696071992493785}, "datetime": {"datetime": "2021-10-01 01:41:02", "elapsed": 239.612304, "delta": 1.801641}}
{"target": 0.7314247771402514, "params": {"C": 634.2585024926042, "gamma": 0.025219771697063038}, "datetime": {"datetime": "2021-10-01 01:41:03", "elapsed": 240.772323, "delta": 1.160019}}
{"target": 0.7392577891982501, "params": {"C": 677.7633989800855, "gamma": 0.02636019996265563}, "datetime": {"datetime": "2021-10-01 01:41:05", "elapsed": 241.980324, "delta": 1.208001}}
{"target": 0.7334746963665523, "params": {"C": 560.3328418400617, "gamma": 0.03987809244141675}, "datetime": {"datetime": "2021-10-01 01:41:06", "elapsed": 243.173354, "delta": 1.19303}}
{"target": 0.6596438752770795, "params": {"C": 610.0546138537745, "gamma": 0.17636536074936554}, "datetime": {"datetime": "2021-10-01 01:41:08", "elapsed": 245.201354, "delta": 2.028}}
{"target": 0.7439095320840553, "params": {"C": 614.0416674879377, "gamma": 0.05193266846218073}, "datetime": {"datetime": "2021-10-01 01:41:09", "elapsed": 246.799357, "delta": 1.598003}}
{"target": 0.7854257660588164, "params": {"C": 990.4857888633064, "gamma": 0.0742116914526142}, "datetime": {"datetime": "2021-10-01 01:41:11", "elapsed": 248.335355, "delta": 1.535998}}
{"target": 0.6675096793796689, "params": {"C": 461.05533798870914, "gamma": 0.014818408569788888}, "datetime": {"datetime": "2021-10-01 01:41:12", "elapsed": 249.749362, "delta": 1.414007}}
{"target": 0.7532779200312215, "params": {"C": 720.8026135752726, "gamma": 0.03342022815721384}, "datetime": {"datetime": "2021-10-01 01:41:14", "elapsed": 251.244359, "delta": 1.494997}}
{"target": 0.6799098390817535, "params": {"C": 653.1760953343575, "gamma": 0.16328321104081567}, "datetime": {"datetime": "2021-10-01 01:41:16", "elapsed": 253.12536, "delta": 1.881001}}
{"target": 0.7381356831862824, "params": {"C": 656.6967279191579, "gamma": 0.02744880101024355}, "datetime": {"datetime": "2021-10-01 01:41:17", "elapsed": 254.457356, "delta": 1.331996}}
{"target": 0.767981712673298, "params": {"C": 823.1715270869221, "gamma": 0.07307475575356741}, "datetime": {"datetime": "2021-10-01 01:41:18", "elapsed": 255.895396, "delta": 1.43804}}
{"target": 0.4281451945718231, "params": {"C": 923.4383699905138, "gamma": 0.001}, "datetime": {"datetime": "2021-10-01 01:41:20", "elapsed": 257.113356, "delta": 1.21796}}
{"target": 0.7048745657429283, "params": {"C": 920.11179923891, "gamma": 0.19952350317036255}, "datetime": {"datetime": "2021-10-01 01:41:21", "elapsed": 258.502356, "delta": 1.389}}
{"target": 0.724058439335235, "params": {"C": 926.2766324153295, "gamma": 0.1704050841641596}, "datetime": {"datetime": "2021-10-01 01:41:22", "elapsed": 259.874569, "delta": 1.372213}}
{"target": 0.7316408969681045, "params": {"C": 555.0780946438013, "gamma": 0.05823996667564848}, "datetime": {"datetime": "2021-10-01 01:41:25", "elapsed": 261.97447, "delta": 2.099901}}
{"target": 0.3964804416710288, "params": {"C": 682.8741258743888, "gamma": 0.001}, "datetime": {"datetime": "2021-10-01 01:41:27", "elapsed": 264.130312, "delta": 2.155842}}
{"target": 0.4727435006385622, "params": {"C": 106.81197870294355, "gamma": 0.06582987325177185}, "datetime": {"datetime": "2021-10-01 01:41:28", "elapsed": 265.613854, "delta": 1.483542}}
{"target": 0.4908719020637883, "params": {"C": 97.11498959805363, "gamma": 0.03532302997470489}, "datetime": {"datetime": "2021-10-01 01:41:30", "elapsed": 267.862104, "delta": 2.24825}}
{"target": 0.6841061057292108, "params": {"C": 455.4859407536284, "gamma": 0.09358821659614364}, "datetime": {"datetime": "2021-10-01 01:41:32", "elapsed": 269.325255, "delta": 1.463151}}
{"target": 0.704153992015607, "params": {"C": 754.0447501756383, "gamma": 0.15838063414096895}, "datetime": {"datetime": "2021-10-01 01:41:34", "elapsed": 271.17532, "delta": 1.850065}}
{"target": 0.7223178484173769, "params": {"C": 589.6948619166818, "gamma": 0.023914371745811267}, "datetime": {"datetime": "2021-10-01 01:41:36", "elapsed": 273.379843, "delta": 2.204523}}
{"target": 0.6136030518343896, "params": {"C": 893.606290035822, "gamma": 0.004951892672002533}, "datetime": {"datetime": "2021-10-01 01:41:37", "elapsed": 274.911178, "delta": 1.531335}}
{"target": 0.656421668518682, "params": {"C": 470.15389621904836, "gamma": 0.1306353315119314}, "datetime": {"datetime": "2021-10-01 01:41:39", "elapsed": 276.677569, "delta": 1.766391}}
{"target": 0.7849132732371272, "params": {"C": 975.4385636263388, "gamma": 0.07124802044585542}, "datetime": {"datetime": "2021-10-01 01:41:41", "elapsed": 278.408126, "delta": 1.730557}}
{"target": 0.7550197008654904, "params": {"C": 762.3980022796707, "gamma": 0.03041719270733391}, "datetime": {"datetime": "2021-10-01 01:41:43", "elapsed": 280.009131, "delta": 1.601005}}
{"target": 0.7418998905812882, "params": {"C": 645.4091149366378, "gamma": 0.03185432494653563}, "datetime": {"datetime": "2021-10-01 01:41:45", "elapsed": 282.138425, "delta": 2.129294}}
{"target": 0.47216406104056463, "params": {"C": 221.53216207212137, "gamma": 0.1779564211732806}, "datetime": {"datetime": "2021-10-01 01:41:46", "elapsed": 283.575171, "delta": 1.436746}}
{"target": 0.47000532827678876, "params": {"C": 227.41862474217663, "gamma": 0.18534812818745322}, "datetime": {"datetime": "2021-10-01 01:41:49", "elapsed": 286.338007, "delta": 2.762836}}
{"target": 0.7430032230517931, "params": {"C": 836.4566863486671, "gamma": 0.01996827039385813}, "datetime": {"datetime": "2021-10-01 01:41:51", "elapsed": 288.124638, "delta": 1.786631}}
{"target": 0.6021747624667173, "params": {"C": 232.8449293801412, "gamma": 0.07333099850314084}, "datetime": {"datetime": "2021-10-01 01:41:52", "elapsed": 289.660603, "delta": 1.535965}}
{"target": 0.7218160000848557, "params": {"C": 497.42097437415725, "gamma": 0.04783861488184288}, "datetime": {"datetime": "2021-10-01 01:41:55", "elapsed": 292.165827, "delta": 2.505224}}
{"target": 0.7737926867748838, "params": {"C": 929.1350424614999, "gamma": 0.0328057609020663}, "datetime": {"datetime": "2021-10-01 01:41:57", "elapsed": 294.081573, "delta": 1.915746}}
{"target": 0.47271747277076903, "params": {"C": 88.72176215643157, "gamma": 0.026042917491811587}, "datetime": {"datetime": "2021-10-01 01:41:59", "elapsed": 296.058695, "delta": 1.977122}}
{"target": 0.5725046614169309, "params": {"C": 251.61913391044794, "gamma": 0.11040697633880515}, "datetime": {"datetime": "2021-10-01 01:42:01", "elapsed": 298.45601, "delta": 2.397315}}
{"target": 0.6890038807501921, "params": {"C": 809.3761869251106, "gamma": 0.1955719230791498}, "datetime": {"datetime": "2021-10-01 01:42:04", "elapsed": 300.97381, "delta": 2.5178}}
{"target": 0.7352349504386526, "params": {"C": 806.1620003336601, "gamma": 0.018409591661628186}, "datetime": {"datetime": "2021-10-01 01:42:06", "elapsed": 303.187028, "delta": 2.213218}}
{"target": 0.7608474319224863, "params": {"C": 2743.979608568015, "gamma": 0.008107467670094593}, "datetime": {"datetime": "2021-10-01 01:42:10", "elapsed": 0.0, "delta": 0.0}}
{"target": 0.8644607987334499, "params": {"C": 3198.6499115148367, "gamma": 0.08875851134580055}, "datetime": {"datetime": "2021-10-01 01:42:11", "elapsed": 0.225004, "delta": 0.225004}}
{"target": 0.8553475357947816, "params": {"C": 2681.471208349956, "gamma": 0.0680759597377632}, "datetime": {"datetime": "2021-10-01 01:42:11", "elapsed": 0.610997, "delta": 0.385993}}
{"target": 0.8194003971545885, "params": {"C": 1818.59453615137, "gamma": 0.12499638037108075}, "datetime": {"datetime": "2021-10-01 01:42:11", "elapsed": 0.837014, "delta": 0.226017}}
{"target": 0.8427958538426241, "params": {"C": 2198.6186946980924, "gamma": 0.05556497319526473}, "datetime": {"datetime": "2021-10-01 01:42:12", "elapsed": 1.225003, "delta": 0.387989}}
{"target": 0.8476848544726044, "params": {"C": 3197.4025643267223, "gamma": 0.03583635305492661}, "datetime": {"datetime": "2021-10-01 01:42:12", "elapsed": 1.622964, "delta": 0.397961}}
{"target": 0.8437655763859098, "params": {"C": 3202.6911217444936, "gamma": 0.0320855826201005}, "datetime": {"datetime": "2021-10-01 01:42:13", "elapsed": 2.209964, "delta": 0.587}}
{"target": 0.8249593527040925, "params": {"C": 2686.1602926538303, "gamma": 0.1867906774675313}, "datetime": {"datetime": "2021-10-01 01:42:13", "elapsed": 2.64698, "delta": 0.437016}}
{"target": 0.8549226342492486, "params": {"C": 2677.1563228919713, "gamma": 0.09177372367241868}, "datetime": {"datetime": "2021-10-01 01:42:14", "elapsed": 3.15197, "delta": 0.50499}}
{"target": 0.8487538496001289, "params": {"C": 2671.8627363775386, "gamma": 0.11955254599176612}, "datetime": {"datetime": "2021-10-01 01:42:14", "elapsed": 3.694542, "delta": 0.542572}}
{"target": 0.8349177833399218, "params": {"C": 2665.974088663212, "gamma": 0.15975185784517096}, "datetime": {"datetime": "2021-10-01 01:42:15", "elapsed": 4.225545, "delta": 0.531003}}
{"target": 0.8041301707396213, "params": {"C": 2205.423157440733, "gamma": 0.1994948970916947}, "datetime": {"datetime": "2021-10-01 01:42:15", "elapsed": 4.586804, "delta": 0.361259}}
{"target": 0.7991919470481795, "params": {"C": 2193.0382201437587, "gamma": 0.017717147009870093}, "datetime": {"datetime": "2021-10-01 01:42:16", "elapsed": 5.172806, "delta": 0.586002}}
{"target": 0.8476999671254103, "params": {"C": 2656.4550114107724, "gamma": 0.1219324379601113}, "datetime": {"datetime": "2021-10-01 01:42:16", "elapsed": 5.560323, "delta": 0.387517}}
{"target": 0.852844295110257, "params": {"C": 2651.4112602300534, "gamma": 0.10103804507573137}, "datetime": {"datetime": "2021-10-01 01:42:17", "elapsed": 6.253196, "delta": 0.692873}}
{"target": 0.8549470546828251, "params": {"C": 2646.9117981496875, "gamma": 0.07035008598328754}, "datetime": {"datetime": "2021-10-01 01:42:17", "elapsed": 6.691198, "delta": 0.438002}}
{"target": 0.8219693478607283, "params": {"C": 2642.368523023936, "gamma": 0.19128735312507847}, "datetime": {"datetime": "2021-10-01 01:42:18", "elapsed": 7.299878, "delta": 0.60868}}
{"target": 0.8252108216530752, "params": {"C": 2860.70895330636, "gamma": 0.19749022775907396}, "datetime": {"datetime": "2021-10-01 01:42:18", "elapsed": 7.991507, "delta": 0.691629}}
{"target": 0.8441211400236424, "params": {"C": 2660.756065367892, "gamma": 0.04023086782396546}, "datetime": {"datetime": "2021-10-01 01:42:19", "elapsed": 8.566505, "delta": 0.574998}}
{"target": 0.7632940184966974, "params": {"C": 2103.438828930688, "gamma": 0.010355337609841756}, "datetime": {"datetime": "2021-10-01 01:42:19", "elapsed": 8.923505, "delta": 0.357}}
{"target": 0.8286578662429771, "params": {"C": 2498.9997078824445, "gamma": 0.16413101706048536}, "datetime": {"datetime": "2021-10-01 01:42:20", "elapsed": 9.638835, "delta": 0.71533}}
{"target": 0.8786899237045127, "params": {"C": 4726.122365828884, "gamma": 0.06968911904496192}, "datetime": {"datetime": "2021-10-01 01:42:21", "elapsed": 10.139833, "delta": 0.500998}}
{"target": 0.8683063484152989, "params": {"C": 4729.673507438499, "gamma": 0.04599073409587022}, "datetime": {"datetime": "2021-10-01 01:42:21", "elapsed": 10.840829, "delta": 0.700996}}
{"target": 0.8729523209656402, "params": {"C": 4721.748096869277, "gamma": 0.1359111296563373}, "datetime": {"datetime": "2021-10-01 01:42:22", "elapsed": 11.578508, "delta": 0.737679}}
{"target": 0.8806358135351562, "params": {"C": 4715.979003191273, "gamma": 0.09264059751932811}, "datetime": {"datetime": "2021-10-01 01:42:22", "elapsed": 11.975875, "delta": 0.397367}}
{"target": 0.8671604843297767, "params": {"C": 4711.85557867507, "gamma": 0.04447779690264469}, "datetime": {"datetime": "2021-10-01 01:42:23", "elapsed": 12.475479, "delta": 0.499604}}
{"target": 0.8689815615791026, "params": {"C": 4738.022797334954, "gamma": 0.15007092353459933}, "datetime": {"datetime": "2021-10-01 01:42:23", "elapsed": 12.987476, "delta": 0.511997}}
{"target": 0.8751741698410109, "params": {"C": 4744.182943974096, "gamma": 0.12812652974048214}, "datetime": {"datetime": "2021-10-01 01:42:24", "elapsed": 13.47648, "delta": 0.489004}}
{"target": 0.86295212738964, "params": {"C": 4750.22906463566, "gamma": 0.03879110438230578}, "datetime": {"datetime": "2021-10-01 01:42:25", "elapsed": 14.163941, "delta": 0.687461}}
{"target": 0.865239152356743, "params": {"C": 4759.176717197508, "gamma": 0.1625682201508296}, "datetime": {"datetime": "2021-10-01 01:42:25", "elapsed": 14.751474, "delta": 0.587533}}
{"target": 0.8778447373170618, "params": {"C": 4766.795558767346, "gamma": 0.1171975552704395}, "datetime": {"datetime": "2021-10-01 01:42:26", "elapsed": 15.220472, "delta": 0.468998}}
{"target": 0.8767003996710024, "params": {"C": 4772.641606485569, "gamma": 0.061954251311380354}, "datetime": {"datetime": "2021-10-01 01:42:26", "elapsed": 15.98887, "delta": 0.768398}}
{"target": 0.8731296801481452, "params": {"C": 4779.7481842166035, "gamma": 0.053659269298483143}, "datetime": {"datetime": "2021-10-01 01:42:27", "elapsed": 16.47787, "delta": 0.489}}
{"target": 0.8776228985533893, "params": {"C": 4787.651735197358, "gamma": 0.06436264197337434}, "datetime": {"datetime": "2021-10-01 01:42:27", "elapsed": 16.880868, "delta": 0.402998}}
{"target": 0.8722176851644301, "params": {"C": 4794.927460043777, "gamma": 0.1406956672068596}, "datetime": {"datetime": "2021-10-01 01:42:28", "elapsed": 17.662495, "delta": 0.781627}}
{"target": 0.8804447179114466, "params": {"C": 4802.63536420815, "gamma": 0.0760402459312502}, "datetime": {"datetime": "2021-10-01 01:42:29", "elapsed": 18.149807, "delta": 0.487312}}
{"target": 0.8794984625695054, "params": {"C": 4809.28134756355, "gamma": 0.07071365606165558}, "datetime": {"datetime": "2021-10-01 01:42:29", "elapsed": 18.555812, "delta": 0.406005}}
{"target": 0.8724406348010766, "params": {"C": 4816.646965066013, "gamma": 0.140528538378539}, "datetime": {"datetime": "2021-10-01 01:42:29", "elapsed": 19.010809, "delta": 0.454997}}
{"target": 0.8654117571371112, "params": {"C": 4825.295397723286, "gamma": 0.0412680458998355}, "datetime": {"datetime": "2021-10-01 01:42:30", "elapsed": 19.472805, "delta": 0.461996}}
{"target": 0.8713503391808858, "params": {"C": 4834.973419429427, "gamma": 0.144812972381545}, "datetime": {"datetime": "2021-10-01 01:42:30", "elapsed": 19.927465, "delta": 0.45466}}
{"target": 0.8779729080929219, "params": {"C": 4842.9486305025885, "gamma": 0.11944023668642641}, "datetime": {"datetime": "2021-10-01 01:42:31", "elapsed": 20.543465, "delta": 0.616}}
{"target": 0.8590089260113634, "params": {"C": 4850.131934328271, "gamma": 0.18370474208187976}, "datetime": {"datetime": "2021-10-01 01:42:32", "elapsed": 21.413462, "delta": 0.869997}}
{"target": 0.8782868791703002, "params": {"C": 4697.793438400793, "gamma": 0.11199733112897291}, "datetime": {"datetime": "2021-10-01 01:42:32", "elapsed": 21.935916, "delta": 0.522454}}
{"target": 0.798797783105007, "params": {"C": 4691.000983965863, "gamma": 0.00958519728357412}, "datetime": {"datetime": "2021-10-01 01:42:33", "elapsed": 22.344526, "delta": 0.40861}}
{"target": 0.8434158031244712, "params": {"C": 4703.1005960522325, "gamma": 0.023112369956348945}, "datetime": {"datetime": "2021-10-01 01:42:33", "elapsed": 22.756994, "delta": 0.412468}}
{"target": 0.8817811991767365, "params": {"C": 4861.994985085912, "gamma": 0.0876326065960704}, "datetime": {"datetime": "2021-10-01 01:42:34", "elapsed": 23.155683, "delta": 0.398689}}
{"target": 0.8816471297642596, "params": {"C": 4868.279447108209, "gamma": 0.09530940942162067}, "datetime": {"datetime": "2021-10-01 01:42:34", "elapsed": 23.554319, "delta": 0.398636}}
{"target": 0.8814910564612196, "params": {"C": 4874.574632466398, "gamma": 0.08051900775410906}, "datetime": {"datetime": "2021-10-01 01:42:34", "elapsed": 23.954611, "delta": 0.400292}}
{"target": 0.8607879991552797, "params": {"C": 4881.002346434658, "gamma": 0.1791820975925749}, "datetime": {"datetime": "2021-10-01 01:42:35", "elapsed": 24.451936, "delta": 0.497325}}
{"target": 0.8762655007507942, "params": {"C": 4857.098175367029, "gamma": 0.0594286136348678}, "datetime": {"datetime": "2021-10-01 01:42:35", "elapsed": 24.955131, "delta": 0.503195}}
{"target": 0.8724913207003595, "params": {"C": 4896.317492238542, "gamma": 0.14255651257787735}, "datetime": {"datetime": "2021-10-01 01:42:36", "elapsed": 25.707312, "delta": 0.752181}}
{"target": 0.8820843313109183, "params": {"C": 4903.9300061602025, "gamma": 0.09017243515810712}, "datetime": {"datetime": "2021-10-01 01:42:37", "elapsed": 26.430313, "delta": 0.723001}}
{"target": 0.8819119701766647, "params": {"C": 4910.214990939683, "gamma": 0.08263096304829218}, "datetime": {"datetime": "2021-10-01 01:42:38", "elapsed": 27.353107, "delta": 0.922794}}
{"target": 0.8211774214898623, "params": {"C": 4917.053748032856, "gamma": 0.013941834210465624}, "datetime": {"datetime": "2021-10-01 01:42:38", "elapsed": 27.921335, "delta": 0.568228}}
{"target": 0.8603356628785449, "params": {"C": 4889.474571258157, "gamma": 0.035114823144543866}, "datetime": {"datetime": "2021-10-01 01:42:39", "elapsed": 29.041338, "delta": 1.120003}}
{"target": 0.8688769964510945, "params": {"C": 3508.014732460862, "gamma": 0.08292750626534585}, "datetime": {"datetime": "2021-10-01 01:42:40", "elapsed": 29.685645, "delta": 0.644307}}
{"target": 0.8612759988269729, "params": {"C": 3499.8672509590524, "gamma": 0.05044287483562197}, "datetime": {"datetime": "2021-10-01 01:42:41", "elapsed": 30.149273, "delta": 0.463628}}
{"target": 0.8628699983582377, "params": {"C": 3516.132390802504, "gamma": 0.0534219389099806}, "datetime": {"datetime": "2021-10-01 01:42:41", "elapsed": 30.81727, "delta": 0.667997}}
{"target": 0.8663811121062721, "params": {"C": 3526.901139267394, "gamma": 0.1096154460283998}, "datetime": {"datetime": "2021-10-01 01:42:42", "elapsed": 31.705681, "delta": 0.888411}}
{"target": 0.8692243174889763, "params": {"C": 3535.3977199075084, "gamma": 0.08352462760935679}, "datetime": {"datetime": "2021-10-01 01:42:43", "elapsed": 32.235274, "delta": 0.529593}}
{"target": 0.8405103878228842, "params": {"C": 3543.4354689656743, "gamma": 0.1929040652330152}, "datetime": {"datetime": "2021-10-01 01:42:43", "elapsed": 32.922276, "delta": 0.687002}}
{"target": 0.8483764582284459, "params": {"C": 3489.187465163, "gamma": 0.16867480567404594}, "datetime": {"datetime": "2021-10-01 01:42:44", "elapsed": 33.493275, "delta": 0.570999}}
{"target": 0.8235248588255217, "params": {"C": 1631.0137279921348, "gamma": 0.0869909440026936}, "datetime": {"datetime": "2021-10-01 01:42:44", "elapsed": 34.04266, "delta": 0.549385}}
{"target": 0.8740338252041302, "params": {"C": 3997.4969510027345, "gamma": 0.07799534423788583}, "datetime": {"datetime": "2021-10-01 01:42:45", "elapsed": 34.696441, "delta": 0.653781}}
{"target": 0.8744773392407481, "params": {"C": 4004.1855339414296, "gamma": 0.08552596928150044}, "datetime": {"datetime": "2021-10-01 01:42:46", "elapsed": 35.237441, "delta": 0.541}}
{"target": 0.8725484080427772, "params": {"C": 4011.6037599113083, "gamma": 0.0678605377674606}, "datetime": {"datetime": "2021-10-01 01:42:46", "elapsed": 35.933103, "delta": 0.695662}}
{"target": 0.7897088511883104, "params": {"C": 3990.1452952762506, "gamma": 0.00927474529305041}, "datetime": {"datetime": "2021-10-01 01:42:47", "elapsed": 36.372105, "delta": 0.439002}}
{"target": 0.8589785462087903, "params": {"C": 4018.675744074071, "gamma": 0.03982213083925026}, "datetime": {"datetime": "2021-10-01 01:42:47", "elapsed": 36.841105, "delta": 0.469}}
