{"target": 0.8556734429792608, "params": {"C": 47639.79571335406, "gamma": 0.012720960790243804}, "datetime": {"datetime": "2021-10-01 01:59:55", "elapsed": 860.83341, "delta": 5.431785}}
{"target": 0.8830638550808934, "params": {"C": 7253.927212327224, "gamma": 0.14820263623823865}, "datetime": {"datetime": "2021-10-01 01:59:58", "elapsed": 863.59046, "delta": 2.75705}}
{"target": 0.8996204190245596, "params": {"C": 46271.23138144816, "gamma": 0.13086124865647222}, "datetime": {"datetime": "2021-10-01 02:00:01", "elapsed": 867.383095, "delta": 3.792635}}
{"target": 0.9104045931387362, "params": {"C": 40694.01803840532, "gamma": 0.09235813701682608}, "datetime": {"datetime": "2021-10-01 02:00:04", "elapsed": 870.166817, "delta": 2.783722}}
{"target": 0.9098227721204029, "params": {"C": 47582.99736777367, "gamma": 0.09155036584278174}, "datetime": {"datetime": "2021-10-01 02:00:08", "elapsed": 873.619646, "delta": 3.452829}}
{"target": 0.7871980403871068, "params": {"C": 21859.899075466, "gamma": 0.003029290466806756}, "datetime": {"datetime": "2021-10-01 02:00:12", "elapsed": 877.88186, "delta": 4.262214}}
{"target": 0.9042219505382374, "params": {"C": 49121.038162536555, "gamma": 0.11276899619257771}, "datetime": {"datetime": "2021-10-01 02:00:17", "elapsed": 882.668155, "delta": 4.786295}}
{"target": 0.860649058589434, "params": {"C": 35457.341353946744, "gamma": 0.017622594614065096}, "datetime": {"datetime": "2021-10-01 02:00:21", "elapsed": 886.920178, "delta": 4.252023}}
{"target": 0.8759249473526365, "params": {"C": 8642.686139234029, "gamma": 0.03929123135934326}, "datetime": {"datetime": "2021-10-01 02:00:23", "elapsed": 889.379545, "delta": 2.459367}}
{"target": 0.8950376811116572, "params": {"C": 36663.96779531327, "gamma": 0.15030488754269783}, "datetime": {"datetime": "2021-10-01 02:00:26", "elapsed": 891.8274, "delta": 2.447855}}
{"target": 0.9104239460238256, "params": {"C": 37237.016380513785, "gamma": 0.09361487926983036}, "datetime": {"datetime": "2021-10-01 02:00:34", "elapsed": 899.479859, "delta": 7.652459}}
{"target": 0.8873289910134264, "params": {"C": 35610.05551189049, "gamma": 0.17790008284241843}, "datetime": {"datetime": "2021-10-01 02:00:36", "elapsed": 902.065724, "delta": 2.585865}}
{"target": 0.8853115469256023, "params": {"C": 33995.55869116734, "gamma": 0.18514765171565464}, "datetime": {"datetime": "2021-10-01 02:00:39", "elapsed": 905.165032, "delta": 3.099308}}
{"target": 0.9094353856808123, "params": {"C": 37745.93069159051, "gamma": 0.09798387791027016}, "datetime": {"datetime": "2021-10-01 02:00:43", "elapsed": 908.831033, "delta": 3.666001}}
{"target": 0.9050868130250491, "params": {"C": 20589.296916214324, "gamma": 0.1151797053775347}, "datetime": {"datetime": "2021-10-01 02:00:48", "elapsed": 913.664924, "delta": 4.833891}}
{"target": 0.9113725754232056, "params": {"C": 40485.005209490184, "gamma": 0.08727864685738863}, "datetime": {"datetime": "2021-10-01 02:00:52", "elapsed": 918.075124, "delta": 4.4102}}
{"target": 0.9064940579379074, "params": {"C": 37045.93068776622, "gamma": 0.10989910520187614}, "datetime": {"datetime": "2021-10-01 02:00:59", "elapsed": 924.512817, "delta": 6.437693}}
{"target": 0.8867393004644402, "params": {"C": 16617.633341081157, "gamma": 0.041500162818420006}, "datetime": {"datetime": "2021-10-01 02:01:01", "elapsed": 927.177539, "delta": 2.664722}}
{"target": 0.8947679935688689, "params": {"C": 33899.75199610776, "gamma": 0.15178356591174832}, "datetime": {"datetime": "2021-10-01 02:01:07", "elapsed": 932.412652, "delta": 5.235113}}
{"target": 0.9060883664692998, "params": {"C": 37237.09662216385, "gamma": 0.11132657030004964}, "datetime": {"datetime": "2021-10-01 02:01:15", "elapsed": 940.576266, "delta": 8.163614}}
{"target": 0.8823529295500276, "params": {"C": 14676.738056214499, "gamma": 0.18556254295679434}, "datetime": {"datetime": "2021-10-01 02:01:17", "elapsed": 943.167597, "delta": 2.591331}}
{"target": 0.9070314589385482, "params": {"C": 47474.1227235592, "gamma": 0.1031154078082091}, "datetime": {"datetime": "2021-10-01 02:01:22", "elapsed": 947.841101, "delta": 4.673504}}
{"target": 0.9105026212455499, "params": {"C": 27321.984856966665, "gamma": 0.06910302341908905}, "datetime": {"datetime": "2021-10-01 02:01:27", "elapsed": 953.184305, "delta": 5.343204}}
{"target": 0.8654345985190223, "params": {"C": 23916.507610024884, "gamma": 0.022174098471900314}, "datetime": {"datetime": "2021-10-01 02:01:33", "elapsed": 958.923426, "delta": 5.739121}}
{"target": 0.8705597586099099, "params": {"C": 23766.072131700046, "gamma": 0.026244688406245806}, "datetime": {"datetime": "2021-10-01 02:01:38", "elapsed": 963.402383, "delta": 4.478957}}
{"target": 0.8620542475847284, "params": {"C": 32905.42295951335, "gamma": 0.0189019491424152}, "datetime": {"datetime": "2021-10-01 02:01:40", "elapsed": 966.258563, "delta": 2.85618}}
{"target": 0.8870013726843267, "params": {"C": 7106.758566422859, "gamma": 0.13196068186054843}, "datetime": {"datetime": "2021-10-01 02:01:43", "elapsed": 968.515459, "delta": 2.256896}}
{"target": 0.9092824685553763, "params": {"C": 19847.830865442607, "gamma": 0.09135088535234528}, "datetime": {"datetime": "2021-10-01 02:01:45", "elapsed": 971.25439, "delta": 2.738931}}
{"target": 0.9099356331172316, "params": {"C": 49602.30360507815, "gamma": 0.058022080042628786}, "datetime": {"datetime": "2021-10-01 02:01:48", "elapsed": 973.650486, "delta": 2.396096}}
{"target": 0.9011830137835026, "params": {"C": 22451.115079898733, "gamma": 0.05332241891817717}, "datetime": {"datetime": "2021-10-01 02:01:50", "elapsed": 976.31718, "delta": 2.666694}}
{"target": 0.9125255109801775, "params": {"C": 38721.890568304814, "gamma": 0.07650991476216126}, "datetime": {"datetime": "2021-10-01 02:01:54", "elapsed": 979.937914, "delta": 3.620734}}
{"target": 0.9112965279453235, "params": {"C": 49605.89822425366, "gamma": 0.062495740044852865}, "datetime": {"datetime": "2021-10-01 02:01:58", "elapsed": 983.964456, "delta": 4.026542}}
{"target": 0.8617140776684008, "params": {"C": 36787.08339373576, "gamma": 0.018618088094259962}, "datetime": {"datetime": "2021-10-01 02:02:03", "elapsed": 989.169329, "delta": 5.204873}}
{"target": 0.9121525500836256, "params": {"C": 31136.58350510248, "gamma": 0.07961218227046904}, "datetime": {"datetime": "2021-10-01 02:02:06", "elapsed": 992.032586, "delta": 2.863257}}
{"target": 0.8959816446707237, "params": {"C": 25545.138042512684, "gamma": 0.1482693268061048}, "datetime": {"datetime": "2021-10-01 02:02:09", "elapsed": 995.057902, "delta": 3.025316}}
{"target": 0.909254955044631, "params": {"C": 41478.44610451365, "gamma": 0.057869387911589694}, "datetime": {"datetime": "2021-10-01 02:02:12", "elapsed": 998.108466, "delta": 3.050564}}
{"target": 0.9086317185494753, "params": {"C": 47878.61430790744, "gamma": 0.09654223994214609}, "datetime": {"datetime": "2021-10-01 02:02:17", "elapsed": 1002.897689, "delta": 4.789223}}
{"target": 0.9122198641744843, "params": {"C": 32950.97795091055, "gamma": 0.07439718379941695}, "datetime": {"datetime": "2021-10-01 02:02:21", "elapsed": 1006.87412, "delta": 3.976431}}
{"target": 0.9024092748667581, "params": {"C": 24535.369414995333, "gamma": 0.05364079936755518}, "datetime": {"datetime": "2021-10-01 02:02:26", "elapsed": 1012.199506, "delta": 5.325386}}
{"target": 0.8468371331374749, "params": {"C": 246197.70596390168, "gamma": 0.008107467670094593}, "datetime": {"datetime": "2021-10-01 02:02:30", "elapsed": 0.0, "delta": 0.0}}
{"target": 0.8790826071873967, "params": {"C": 297348.1150454191, "gamma": 0.08875851134580055}, "datetime": {"datetime": "2021-10-01 02:02:31", "elapsed": 0.234, "delta": 0.234}}
{"target": 0.885935180918823, "params": {"C": 239165.51093937005, "gamma": 0.0680759597377632}, "datetime": {"datetime": "2021-10-01 02:02:31", "elapsed": 0.548001, "delta": 0.314001}}
{"target": 0.8913570851100784, "params": {"C": 142091.88531702914, "gamma": 0.12499638037108075}, "datetime": {"datetime": "2021-10-01 02:02:31", "elapsed": 0.938008, "delta": 0.390007}}
{"target": 0.895615082166251, "params": {"C": 184844.60315353543, "gamma": 0.05556497319526473}, "datetime": {"datetime": "2021-10-01 02:02:32", "elapsed": 1.41561, "delta": 0.477602}}
{"target": 0.8795672934531543, "params": {"C": 329510.2247461827, "gamma": 0.1072409925725767}, "datetime": {"datetime": "2021-10-01 02:02:32", "elapsed": 1.759979, "delta": 0.344369}}
{"target": 0.8890850796455393, "params": {"C": 184845.5957989082, "gamma": 0.10670417597009436}, "datetime": {"datetime": "2021-10-01 02:02:32", "elapsed": 2.099978, "delta": 0.339999}}
{"target": 0.8904219202059719, "params": {"C": 142074.25243066426, "gamma": 0.1341794947493075}, "datetime": {"datetime": "2021-10-01 02:02:33", "elapsed": 2.365233, "delta": 0.265255}}
{"target": 0.8495962598601179, "params": {"C": 142083.75399220275, "gamma": 0.011763311500971992}, "datetime": {"datetime": "2021-10-01 02:02:33", "elapsed": 2.627635, "delta": 0.262402}}
{"target": 0.8438360110161006, "params": {"C": 142058.00834356097, "gamma": 0.004340977354305692}, "datetime": {"datetime": "2021-10-01 02:02:33", "elapsed": 2.888293, "delta": 0.260658}}
{"target": 0.8838996229167959, "params": {"C": 239158.2805574024, "gamma": 0.16096077427516484}, "datetime": {"datetime": "2021-10-01 02:02:33", "elapsed": 3.166813, "delta": 0.27852}}
{"target": 0.8533756870074805, "params": {"C": 142094.40811863448, "gamma": 0.016866386122096563}, "datetime": {"datetime": "2021-10-01 02:02:34", "elapsed": 3.444136, "delta": 0.277323}}
{"target": 0.8857137089029947, "params": {"C": 142070.92452026182, "gamma": 0.16837498297887035}, "datetime": {"datetime": "2021-10-01 02:02:34", "elapsed": 3.719473, "delta": 0.275337}}
{"target": 0.8890710546396838, "params": {"C": 142067.74604980127, "gamma": 0.14598860639817923}, "datetime": {"datetime": "2021-10-01 02:02:34", "elapsed": 3.990593, "delta": 0.27112}}
{"target": 0.8854770695704635, "params": {"C": 239170.8767953414, "gamma": 0.14226653439406184}, "datetime": {"datetime": "2021-10-01 02:02:35", "elapsed": 4.255629, "delta": 0.265036}}
{"target": 0.8817732412607118, "params": {"C": 329502.22820741154, "gamma": 0.12328293910965524}, "datetime": {"datetime": "2021-10-01 02:02:35", "elapsed": 4.525023, "delta": 0.269394}}
{"target": 0.8790077441531186, "params": {"C": 329483.9644858658, "gamma": 0.17760002681080686}, "datetime": {"datetime": "2021-10-01 02:02:35", "elapsed": 4.806092, "delta": 0.281069}}
{"target": 0.8847011317959582, "params": {"C": 239172.77404155885, "gamma": 0.10381981325984078}, "datetime": {"datetime": "2021-10-01 02:02:35", "elapsed": 5.069706, "delta": 0.263614}}
{"target": 0.8756607955364162, "params": {"C": 329476.36431438255, "gamma": 0.1932970086137568}, "datetime": {"datetime": "2021-10-01 02:02:36", "elapsed": 5.343482, "delta": 0.273776}}
{"target": 0.8844276672036584, "params": {"C": 239186.38560856547, "gamma": 0.08295234528266737}, "datetime": {"datetime": "2021-10-01 02:02:36", "elapsed": 5.62582, "delta": 0.282338}}
{"target": 0.8581185788623049, "params": {"C": 239183.3560587984, "gamma": 0.020504045185428654}, "datetime": {"datetime": "2021-10-01 02:02:36", "elapsed": 5.904305, "delta": 0.278485}}
{"target": 0.8418354856822271, "params": {"C": 329506.123725885, "gamma": 0.008547487130606983}, "datetime": {"datetime": "2021-10-01 02:02:37", "elapsed": 6.263052, "delta": 0.358747}}
{"target": 0.8838153803140182, "params": {"C": 142076.0650849105, "gamma": 0.1783879394728045}, "datetime": {"datetime": "2021-10-01 02:02:37", "elapsed": 6.547904, "delta": 0.284852}}
{"target": 0.880490573682232, "params": {"C": 142088.5246206434, "gamma": 0.029097869201249266}, "datetime": {"datetime": "2021-10-01 02:02:37", "elapsed": 6.84029, "delta": 0.292386}}
{"target": 0.8496353498729268, "params": {"C": 142064.33710256522, "gamma": 0.011590195567314002}, "datetime": {"datetime": "2021-10-01 02:02:37", "elapsed": 7.124516, "delta": 0.284226}}
{"target": 0.8755358646470798, "params": {"C": 329500.187587206, "gamma": 0.19382359592004592}, "datetime": {"datetime": "2021-10-01 02:02:38", "elapsed": 7.421678, "delta": 0.297162}}
{"target": 0.8929863036637319, "params": {"C": 146306.10864237323, "gamma": 0.10509202946775324}, "datetime": {"datetime": "2021-10-01 02:02:38", "elapsed": 7.712092, "delta": 0.290414}}
{"target": 0.8399516110511795, "params": {"C": 329518.9366487939, "gamma": 0.009482408728357112}, "datetime": {"datetime": "2021-10-01 02:02:38", "elapsed": 8.007243, "delta": 0.295151}}
{"target": 0.8786225716838006, "params": {"C": 329479.87101526593, "gamma": 0.04001768035231386}, "datetime": {"datetime": "2021-10-01 02:02:39", "elapsed": 8.306017, "delta": 0.298774}}
{"target": 0.8815072923715572, "params": {"C": 146308.6155177512, "gamma": 0.1886336672104588}, "datetime": {"datetime": "2021-10-01 02:02:39", "elapsed": 8.610373, "delta": 0.304356}}
{"target": 0.8487424118899245, "params": {"C": 239168.26744689167, "gamma": 0.016643690472120186}, "datetime": {"datetime": "2021-10-01 02:02:39", "elapsed": 8.914279, "delta": 0.303906}}
{"target": 0.9007494272437314, "params": {"C": 146302.50947694504, "gamma": 0.057689250719584625}, "datetime": {"datetime": "2021-10-01 02:02:40", "elapsed": 9.247447, "delta": 0.333168}}
{"target": 0.8843145188561393, "params": {"C": 239160.6189694068, "gamma": 0.09188739063142633}, "datetime": {"datetime": "2021-10-01 02:02:40", "elapsed": 9.594884, "delta": 0.347437}}
{"target": 0.8845699271840233, "params": {"C": 239163.40663597523, "gamma": 0.08023434905276286}, "datetime": {"datetime": "2021-10-01 02:02:40", "elapsed": 10.000958, "delta": 0.406074}}
{"target": 0.8857583744851125, "params": {"C": 239155.30777301005, "gamma": 0.06919947307004776}, "datetime": {"datetime": "2021-10-01 02:02:41", "elapsed": 10.333823, "delta": 0.332865}}
{"target": 0.8891422370731775, "params": {"C": 184840.40952650324, "gamma": 0.1052462623322339}, "datetime": {"datetime": "2021-10-01 02:02:41", "elapsed": 10.657248, "delta": 0.323425}}
{"target": 0.8956691431088153, "params": {"C": 184838.01041790633, "gamma": 0.047823184065640845}, "datetime": {"datetime": "2021-10-01 02:02:41", "elapsed": 11.004362, "delta": 0.347114}}
{"target": 0.8809219268634559, "params": {"C": 297353.2813381199, "gamma": 0.10451575512045508}, "datetime": {"datetime": "2021-10-01 02:02:42", "elapsed": 11.339414, "delta": 0.335052}}
{"target": 0.8877664162637342, "params": {"C": 239188.84110204678, "gamma": 0.05837349448918086}, "datetime": {"datetime": "2021-10-01 02:02:42", "elapsed": 11.692902, "delta": 0.353488}}
{"target": 0.8822903671569662, "params": {"C": 297357.52537282417, "gamma": 0.1614538464590591}, "datetime": {"datetime": "2021-10-01 02:02:42", "elapsed": 12.065721, "delta": 0.372819}}
{"target": 0.8907287621175077, "params": {"C": 184834.6422572888, "gamma": 0.0840225528585027}, "datetime": {"datetime": "2021-10-01 02:02:43", "elapsed": 12.452852, "delta": 0.387131}}
{"target": 0.8923651257231153, "params": {"C": 146291.68474342334, "gamma": 0.11100350940210565}, "datetime": {"datetime": "2021-10-01 02:02:43", "elapsed": 12.842974, "delta": 0.390122}}
{"target": 0.8807585306100907, "params": {"C": 239199.17088743683, "gamma": 0.0318813678633257}, "datetime": {"datetime": "2021-10-01 02:02:44", "elapsed": 13.253563, "delta": 0.410589}}
{"target": 0.8774437448875636, "params": {"C": 297341.9832313687, "gamma": 0.18889423371659503}, "datetime": {"datetime": "2021-10-01 02:02:44", "elapsed": 13.63699, "delta": 0.383427}}
{"target": 0.8856873422613349, "params": {"C": 239142.7989153697, "gamma": 0.13362670464780124}, "datetime": {"datetime": "2021-10-01 02:02:44", "elapsed": 14.036883, "delta": 0.399893}}
{"target": 0.9001069555622314, "params": {"C": 146296.86664225993, "gamma": 0.06284065413541991}, "datetime": {"datetime": "2021-10-01 02:02:45", "elapsed": 14.393506, "delta": 0.356623}}
{"target": 0.8786355943153553, "params": {"C": 239115.0583968198, "gamma": 0.19013269352484713}, "datetime": {"datetime": "2021-10-01 02:02:45", "elapsed": 14.783147, "delta": 0.389641}}
{"target": 0.8852753551637723, "params": {"C": 239100.74895180514, "gamma": 0.11558911927230736}, "datetime": {"datetime": "2021-10-01 02:02:45", "elapsed": 15.149288, "delta": 0.366141}}
{"target": 0.8514543761778389, "params": {"C": 118162.09514571725, "gamma": 0.011161912802407994}, "datetime": {"datetime": "2021-10-01 02:02:46", "elapsed": 15.502634, "delta": 0.353346}}
{"target": 0.9007799016832096, "params": {"C": 146299.09624803477, "gamma": 0.05228194413975581}, "datetime": {"datetime": "2021-10-01 02:02:46", "elapsed": 15.879169, "delta": 0.376535}}
{"target": 0.8847334942102315, "params": {"C": 239095.91929964474, "gamma": 0.10438952809974668}, "datetime": {"datetime": "2021-10-01 02:02:47", "elapsed": 16.244249, "delta": 0.36508}}
{"target": 0.8799860732471056, "params": {"C": 239134.22437964292, "gamma": 0.1839537247696412}, "datetime": {"datetime": "2021-10-01 02:02:47", "elapsed": 16.733248, "delta": 0.488999}}
{"target": 0.8815749488634199, "params": {"C": 239149.78542951672, "gamma": 0.17589316078537306}, "datetime": {"datetime": "2021-10-01 02:02:47", "elapsed": 17.125248, "delta": 0.392}}
{"target": 0.8886640847027815, "params": {"C": 184825.6829942974, "gamma": 0.11977905215464728}, "datetime": {"datetime": "2021-10-01 02:02:48", "elapsed": 17.502495, "delta": 0.377247}}
{"target": 0.8823262735837882, "params": {"C": 239106.73256947, "gamma": 0.17163607378648305}, "datetime": {"datetime": "2021-10-01 02:02:48", "elapsed": 17.901044, "delta": 0.398549}}
{"target": 0.8856747541646525, "params": {"C": 239090.13103950155, "gamma": 0.1286246764507936}, "datetime": {"datetime": "2021-10-01 02:02:49", "elapsed": 18.292661, "delta": 0.391617}}
{"target": 0.8815856753945032, "params": {"C": 184829.31124231426, "gamma": 0.18329127664529965}, "datetime": {"datetime": "2021-10-01 02:02:49", "elapsed": 18.699291, "delta": 0.40663}}
{"target": 0.846501793656712, "params": {"C": 239086.92715300366, "gamma": 0.015515387159213558}, "datetime": {"datetime": "2021-10-01 02:02:49", "elapsed": 19.064996, "delta": 0.365705}}
{"target": 0.8825249925160963, "params": {"C": 239212.2083982673, "gamma": 0.17042329942298573}, "datetime": {"datetime": "2021-10-01 02:02:50", "elapsed": 19.4448, "delta": 0.379804}}
{"target": 0.8850318870721514, "params": {"C": 239139.33491689104, "gamma": 0.11052735501493598}, "datetime": {"datetime": "2021-10-01 02:02:50", "elapsed": 19.877202, "delta": 0.432402}}
{"target": 0.8793373193388803, "params": {"C": 239126.19792431057, "gamma": 0.18698259694927327}, "datetime": {"datetime": "2021-10-01 02:02:51", "elapsed": 20.312198, "delta": 0.434996}}
{"target": 0.8891892396919443, "params": {"C": 239193.80956959503, "gamma": 0.04719072037961257}, "datetime": {"datetime": "2021-10-01 02:02:51", "elapsed": 20.78964, "delta": 0.477442}}
{"target": 0.8947234437881866, "params": {"C": 184851.63287289714, "gamma": 0.06120215095690766}, "datetime": {"datetime": "2021-10-01 02:02:52", "elapsed": 21.238156, "delta": 0.448516}}
{"target": 0.8889181505227616, "params": {"C": 184869.01545006863, "gamma": 0.11149023120006454}, "datetime": {"datetime": "2021-10-01 02:02:52", "elapsed": 21.691644, "delta": 0.453488}}
{"target": 0.8876162207223813, "params": {"C": 184821.495761157, "gamma": 0.03453942241324395}, "datetime": {"datetime": "2021-10-01 02:02:52", "elapsed": 22.159407, "delta": 0.467763}}
{"target": 0.8958122475811934, "params": {"C": 184842.8438910237, "gamma": 0.04913179247351152}, "datetime": {"datetime": "2021-10-01 02:02:53", "elapsed": 22.565834, "delta": 0.406427}}
{"target": 0.8810037757836001, "params": {"C": 297363.9836121687, "gamma": 0.10515951437968646}, "datetime": {"datetime": "2021-10-01 02:02:53", "elapsed": 22.956568, "delta": 0.390734}}
{"target": 0.900837275071009, "params": {"C": 146270.79741057992, "gamma": 0.05307945149349597}, "datetime": {"datetime": "2021-10-01 02:02:54", "elapsed": 23.373992, "delta": 0.417424}}
{"target": 0.8842253423920823, "params": {"C": 146285.99590638326, "gamma": 0.1756779078599645}, "datetime": {"datetime": "2021-10-01 02:02:54", "elapsed": 23.778654, "delta": 0.404662}}
{"target": 0.9005997976410643, "params": {"C": 146301.5293341718, "gamma": 0.05070724885625804}, "datetime": {"datetime": "2021-10-01 02:02:55", "elapsed": 24.247202, "delta": 0.468548}}
{"target": 0.8834152781385929, "params": {"C": 184866.05783106238, "gamma": 0.031506866635950044}, "datetime": {"datetime": "2021-10-01 02:02:55", "elapsed": 24.658796, "delta": 0.411594}}
{"target": 0.8860058514705643, "params": {"C": 184816.70740161833, "gamma": 0.157253731926937}, "datetime": {"datetime": "2021-10-01 02:02:55", "elapsed": 25.109595, "delta": 0.450799}}
{"target": 0.8899993972842448, "params": {"C": 184791.20793904888, "gamma": 0.09108740948008473}, "datetime": {"datetime": "2021-10-01 02:02:56", "elapsed": 25.515508, "delta": 0.405913}}
{"target": 0.8898705578336865, "params": {"C": 146275.82933411252, "gamma": 0.137058378584258}, "datetime": {"datetime": "2021-10-01 02:02:56", "elapsed": 26.024034, "delta": 0.508526}}
{"target": 0.8801072967812138, "params": {"C": 146279.97442004114, "gamma": 0.19469853453854868}, "datetime": {"datetime": "2021-10-01 02:02:57", "elapsed": 26.472999, "delta": 0.448965}}
{"target": 0.8829934686727137, "params": {"C": 239219.0503381986, "gamma": 0.16746017960846604}, "datetime": {"datetime": "2021-10-01 02:02:57", "elapsed": 26.944889, "delta": 0.47189}}
{"target": 0.8880834318108508, "params": {"C": 184783.27397428695, "gamma": 0.13389943591620154}, "datetime": {"datetime": "2021-10-01 02:02:58", "elapsed": 27.404428, "delta": 0.459539}}
{"target": 0.8849840911308959, "params": {"C": 239230.80246089102, "gamma": 0.15035664581745142}, "datetime": {"datetime": "2021-10-01 02:02:58", "elapsed": 27.870289, "delta": 0.465861}}
