{"target": 0.8716950028074201, "params": {"C": 4032.6014388330977, "gamma": 0.06387676542902578}, "datetime": {"datetime": "2021-10-01 01:42:48", "elapsed": 37.359787, "delta": 0.518682}}
{"target": 0.8734782217191902, "params": {"C": 4039.5080313612666, "gamma": 0.10409842826061545}, "datetime": {"datetime": "2021-10-01 01:42:48", "elapsed": 37.935477, "delta": 0.57569}}
{"target": 0.8522097981562965, "params": {"C": 4046.729833837603, "gamma": 0.17986288024373612}, "datetime": {"datetime": "2021-10-01 01:42:49", "elapsed": 38.520478, "delta": 0.585001}}
{"target": 0.7838979566867118, "params": {"C": 1121.1232293852706, "gamma": 0.10582819036317075}, "datetime": {"datetime": "2021-10-01 01:42:50", "elapsed": 39.191475, "delta": 0.670997}}
{"target": 0.8391757959194284, "params": {"C": 3079.973090133051, "gamma": 0.17374475924809438}, "datetime": {"datetime": "2021-10-01 01:42:50", "elapsed": 39.848475, "delta": 0.657}}
{"target": 0.8662797225010153, "params": {"C": 3338.536823287344, "gamma": 0.09191697130057581}, "datetime": {"datetime": "2021-10-01 01:42:51", "elapsed": 40.413474, "delta": 0.564999}}
{"target": 0.8637360029743372, "params": {"C": 3346.822349510297, "gamma": 0.06090898277120791}, "datetime": {"datetime": "2021-10-01 01:42:51", "elapsed": 40.977477, "delta": 0.564003}}
{"target": 0.861757209724698, "params": {"C": 3329.6383125802467, "gamma": 0.11756612640694707}, "datetime": {"datetime": "2021-10-01 01:42:52", "elapsed": 41.544474, "delta": 0.566997}}
{"target": 0.8436989052834107, "params": {"C": 3356.1781973623547, "gamma": 0.17557681431424935}, "datetime": {"datetime": "2021-10-01 01:42:52", "elapsed": 42.102895, "delta": 0.558421}}
{"target": 0.861944914602691, "params": {"C": 3319.598291256273, "gamma": 0.05652384617775787}, "datetime": {"datetime": "2021-10-01 01:42:53", "elapsed": 42.679189, "delta": 0.576294}}
{"target": 0.8647899038735485, "params": {"C": 3310.010652919343, "gamma": 0.0670436101458837}, "datetime": {"datetime": "2021-10-01 01:42:54", "elapsed": 43.361197, "delta": 0.682008}}
{"target": 0.8661311365415116, "params": {"C": 3301.2254768813054, "gamma": 0.0813523634717684}, "datetime": {"datetime": "2021-10-01 01:42:54", "elapsed": 43.90001, "delta": 0.538813}}
{"target": 0.8657834004452793, "params": {"C": 3293.2786609374234, "gamma": 0.07605898802967288}, "datetime": {"datetime": "2021-10-01 01:42:55", "elapsed": 44.581008, "delta": 0.680998}}
{"target": 0.8581620421808014, "params": {"C": 3284.408479423125, "gamma": 0.04899592118962051}, "datetime": {"datetime": "2021-10-01 01:42:56", "elapsed": 45.163007, "delta": 0.581999}}
{"target": 0.860009728880808, "params": {"C": 3271.9077028760908, "gamma": 0.12088726857448176}, "datetime": {"datetime": "2021-10-01 01:42:56", "elapsed": 45.781298, "delta": 0.618291}}
{"target": 0.8598136410969511, "params": {"C": 3261.475866153135, "gamma": 0.12099009696369116}, "datetime": {"datetime": "2021-10-01 01:42:57", "elapsed": 46.467008, "delta": 0.68571}}
{"target": 0.8329492926933239, "params": {"C": 3250.414162410575, "gamma": 0.024333262897515275}, "datetime": {"datetime": "2021-10-01 01:42:58", "elapsed": 47.269013, "delta": 0.802005}}
{"target": 0.8728008765787267, "params": {"C": 4026.3010145909725, "gamma": 0.10754871909121554}, "datetime": {"datetime": "2021-10-01 01:42:58", "elapsed": 47.889008, "delta": 0.619995}}
{"target": 0.8285854403632353, "params": {"C": 3904.697252708707, "gamma": 0.019101347596892998}, "datetime": {"datetime": "2021-10-01 01:42:59", "elapsed": 48.536009, "delta": 0.647001}}
{"target": 0.8698235912148126, "params": {"C": 3733.8150338657993, "gamma": 0.06780844202950352}, "datetime": {"datetime": "2021-10-01 01:43:00", "elapsed": 49.307026, "delta": 0.771017}}
{"target": 0.8715911252734166, "params": {"C": 3741.1053891246834, "gamma": 0.08925129797029246}, "datetime": {"datetime": "2021-10-01 01:43:00", "elapsed": 50.099011, "delta": 0.791985}}
{"target": 0.8670400463417429, "params": {"C": 3748.0836317776448, "gamma": 0.05785910967437759}, "datetime": {"datetime": "2021-10-01 01:43:01", "elapsed": 50.764008, "delta": 0.664997}}
{"target": 0.869886122921843, "params": {"C": 3726.053861798175, "gamma": 0.0684911860451182}, "datetime": {"datetime": "2021-10-01 01:43:02", "elapsed": 51.829011, "delta": 1.065003}}
{"target": 0.8472568229799855, "params": {"C": 3718.4530645776827, "gamma": 0.03058990811038984}, "datetime": {"datetime": "2021-10-01 01:43:03", "elapsed": 52.703648, "delta": 0.874637}}
{"target": 0.8671997311005678, "params": {"C": 3756.4072219188806, "gamma": 0.05806913339430622}, "datetime": {"datetime": "2021-10-01 01:43:04", "elapsed": 53.481649, "delta": 0.778001}}
{"target": 0.8566273899952939, "params": {"C": 3764.3508351708115, "gamma": 0.03949544118519096}, "datetime": {"datetime": "2021-10-01 01:43:05", "elapsed": 54.383447, "delta": 0.901798}}
{"target": 0.7907449419519359, "params": {"C": 2939.787057545179, "gamma": 0.011905585898230944}, "datetime": {"datetime": "2021-10-01 01:43:06", "elapsed": 55.142144, "delta": 0.758697}}
{"target": 0.8601485316252824, "params": {"C": 3781.804899212018, "gamma": 0.044002935331462614}, "datetime": {"datetime": "2021-10-01 01:43:06", "elapsed": 56.012987, "delta": 0.870843}}
{"target": 0.7921854054781057, "params": {"C": 3792.3529902658543, "gamma": 0.0100193540241794}, "datetime": {"datetime": "2021-10-01 01:43:07", "elapsed": 56.882989, "delta": 0.870002}}
{"target": 0.8223159949159784, "params": {"C": 1536.3263939608455, "gamma": 0.06539753005554991}, "datetime": {"datetime": "2021-10-01 01:43:08", "elapsed": 57.746996, "delta": 0.864007}}
{"target": 0.7684975468619885, "params": {"C": 3774.4916375108814, "gamma": 0.007083992763574813}, "datetime": {"datetime": "2021-10-01 01:43:09", "elapsed": 58.592595, "delta": 0.845599}}
{"target": 0.7545712447740996, "params": {"C": 1334.126336537152, "gamma": 0.19630242440207635}, "datetime": {"datetime": "2021-10-01 01:43:10", "elapsed": 59.392595, "delta": 0.8}}
{"target": 0.8335817015085237, "params": {"C": 2319.634230184164, "gamma": 0.03523807403984346}, "datetime": {"datetime": "2021-10-01 01:43:11", "elapsed": 60.51971, "delta": 1.127115}}
{"target": 0.8649251697743673, "params": {"C": 4525.270335176423, "gamma": 0.15704400002164953}, "datetime": {"datetime": "2021-10-01 01:43:12", "elapsed": 61.426712, "delta": 0.907002}}
{"target": 0.8778210793109247, "params": {"C": 4534.158345126162, "gamma": 0.07214918845571743}, "datetime": {"datetime": "2021-10-01 01:43:13", "elapsed": 62.501959, "delta": 1.075247}}
{"target": 0.8352893142686093, "params": {"C": 4541.091629105284, "gamma": 0.01969762455542797}, "datetime": {"datetime": "2021-10-01 01:43:14", "elapsed": 63.62796, "delta": 1.126001}}
{"target": 0.8741991118732335, "params": {"C": 4515.509679863151, "gamma": 0.05994755282972093}, "datetime": {"datetime": "2021-10-01 01:43:15", "elapsed": 64.58321, "delta": 0.95525}}
{"target": 0.8528079032056669, "params": {"C": 4508.321323976215, "gamma": 0.030251968113277967}, "datetime": {"datetime": "2021-10-01 01:43:16", "elapsed": 65.193212, "delta": 0.610002}}
{"target": 0.8064400482911231, "params": {"C": 1436.8267580089591, "gamma": 0.10740492403010198}, "datetime": {"datetime": "2021-10-01 01:43:16", "elapsed": 65.73907, "delta": 0.545858}}
{"target": 0.8494674416562761, "params": {"C": 4187.440409249775, "gamma": 0.029334227481231497}, "datetime": {"datetime": "2021-10-01 01:43:17", "elapsed": 66.26446, "delta": 0.52539}}
{"target": 0.7874393783497928, "params": {"C": 1226.1925494647755, "gamma": 0.1166816931015177}, "datetime": {"datetime": "2021-10-01 01:43:17", "elapsed": 66.88146, "delta": 0.617}}
{"target": 0.8380197478947586, "params": {"C": 2011.4721153070477, "gamma": 0.055699180860660676}, "datetime": {"datetime": "2021-10-01 01:43:18", "elapsed": 67.46707, "delta": 0.58561}}
{"target": 0.8706847347265654, "params": {"C": 4390.162845963425, "gamma": 0.1333718685112163}, "datetime": {"datetime": "2021-10-01 01:43:18", "elapsed": 68.074437, "delta": 0.607367}}
{"target": 0.8592683420634559, "params": {"C": 4397.676599847376, "gamma": 0.17056158375373942}, "datetime": {"datetime": "2021-10-01 01:43:19", "elapsed": 68.799433, "delta": 0.724996}}
{"target": 0.8495594870649046, "params": {"C": 4382.312932398775, "gamma": 0.1983049648548779}, "datetime": {"datetime": "2021-10-01 01:43:20", "elapsed": 69.484439, "delta": 0.685006}}
{"target": 0.8782486169725007, "params": {"C": 4410.071419009024, "gamma": 0.08829569581642117}, "datetime": {"datetime": "2021-10-01 01:43:20", "elapsed": 70.081734, "delta": 0.597295}}
{"target": 0.8782255996676465, "params": {"C": 4416.530934942168, "gamma": 0.0839515936430716}, "datetime": {"datetime": "2021-10-01 01:43:21", "elapsed": 70.710733, "delta": 0.628999}}
{"target": 0.8735970702936113, "params": {"C": 4423.816508436281, "gamma": 0.12314186201419315}, "datetime": {"datetime": "2021-10-01 01:43:22", "elapsed": 71.318735, "delta": 0.608002}}
{"target": 0.8779923479528694, "params": {"C": 4432.107350597633, "gamma": 0.07882179810155376}, "datetime": {"datetime": "2021-10-01 01:43:22", "elapsed": 72.102639, "delta": 0.783904}}
{"target": 0.8696542850168361, "params": {"C": 4439.393055884969, "gamma": 0.05126706788042223}, "datetime": {"datetime": "2021-10-01 01:43:23", "elapsed": 72.688105, "delta": 0.585466}}
{"target": 0.8725135956119238, "params": {"C": 4448.687899848308, "gamma": 0.05699167812405959}, "datetime": {"datetime": "2021-10-01 01:43:24", "elapsed": 73.284066, "delta": 0.595961}}
{"target": 0.8611843657444458, "params": {"C": 4456.799708841433, "gamma": 0.1665641972606663}, "datetime": {"datetime": "2021-10-01 01:43:24", "elapsed": 73.994287, "delta": 0.710221}}
{"target": 0.8784117665993375, "params": {"C": 4468.476330392856, "gamma": 0.09639948786472491}, "datetime": {"datetime": "2021-10-01 01:43:25", "elapsed": 74.629122, "delta": 0.634835}}
{"target": 0.8784986621726993, "params": {"C": 4475.29157558109, "gamma": 0.08051610737169891}, "datetime": {"datetime": "2021-10-01 01:43:26", "elapsed": 75.307123, "delta": 0.678001}}
{"target": 0.863982281106262, "params": {"C": 4483.007666495133, "gamma": 0.15874827752647153}, "datetime": {"datetime": "2021-10-01 01:43:26", "elapsed": 76.019605, "delta": 0.712482}}
{"target": 0.871422601648842, "params": {"C": 4493.453885139146, "gamma": 0.0539615218883694}, "datetime": {"datetime": "2021-10-01 01:43:27", "elapsed": 76.752608, "delta": 0.733003}}
{"target": 0.8669863599872408, "params": {"C": 4284.068465060742, "gamma": 0.1427067755982367}, "datetime": {"datetime": "2021-10-01 01:43:28", "elapsed": 77.616531, "delta": 0.863923}}
{"target": 0.8768625316819094, "params": {"C": 4275.169057342445, "gamma": 0.09393699446334612}, "datetime": {"datetime": "2021-10-01 01:43:29", "elapsed": 78.350044, "delta": 0.733513}}
{"target": 0.8524175828110377, "params": {"C": 4267.648953040278, "gamma": 0.18659412520903765}, "datetime": {"datetime": "2021-10-01 01:43:30", "elapsed": 79.395043, "delta": 1.044999}}
{"target": 0.8633113302025688, "params": {"C": 4293.651147619044, "gamma": 0.15496137175552863}, "datetime": {"datetime": "2021-10-01 01:43:30", "elapsed": 80.100887, "delta": 0.705844}}
{"target": 0.8629493751881043, "params": {"C": 4303.973556608706, "gamma": 0.1564291598469068}, "datetime": {"datetime": "2021-10-01 01:43:31", "elapsed": 80.79689, "delta": 0.696003}}
{"target": 0.8556494826324962, "params": {"C": 4314.0615785492355, "gamma": 0.17868798033119132}, "datetime": {"datetime": "2021-10-01 01:43:32", "elapsed": 81.664891, "delta": 0.868001}}
{"target": 0.8592293312975383, "params": {"C": 4329.666650257058, "gamma": 0.03749603417813906}, "datetime": {"datetime": "2021-10-01 01:43:33", "elapsed": 82.471899, "delta": 0.807008}}
{"target": 0.8750280412068039, "params": {"C": 4340.80236257315, "gamma": 0.11277948703888424}, "datetime": {"datetime": "2021-10-01 01:43:34", "elapsed": 83.391855, "delta": 0.919956}}
{"target": 0.877104850362892, "params": {"C": 4347.819897461691, "gamma": 0.09913196120877578}, "datetime": {"datetime": "2021-10-01 01:43:35", "elapsed": 84.212174, "delta": 0.820319}}
{"target": 0.8764645007137408, "params": {"C": 4355.181080686379, "gamma": 0.07242932156729943}, "datetime": {"datetime": "2021-10-01 01:43:35", "elapsed": 85.027933, "delta": 0.815759}}
{"target": 0.874886433689235, "params": {"C": 4363.044297270728, "gamma": 0.06539184899352281}, "datetime": {"datetime": "2021-10-01 01:43:36", "elapsed": 85.88876, "delta": 0.860827}}
{"target": 0.8499184920552536, "params": {"C": 4370.491710506751, "gamma": 0.02869711003862744}, "datetime": {"datetime": "2021-10-01 01:43:37", "elapsed": 86.740215, "delta": 0.851455}}
{"target": 0.7622977772702673, "params": {"C": 1016.8045135664263, "gamma": 0.021606931883828194}, "datetime": {"datetime": "2021-10-01 01:43:38", "elapsed": 87.585724, "delta": 0.845509}}
{"target": 0.8355872043662058, "params": {"C": 1918.584638808848, "gamma": 0.0842645080653003}, "datetime": {"datetime": "2021-10-01 01:43:39", "elapsed": 88.525858, "delta": 0.940134}}
{"target": 0.7943090570352925, "params": {"C": 1727.1572473840947, "gamma": 0.17171994497605578}, "datetime": {"datetime": "2021-10-01 01:43:40", "elapsed": 89.331854, "delta": 0.805996}}
{"target": 0.843359635155472, "params": {"C": 2410.024129253442, "gamma": 0.04584940222148635}, "datetime": {"datetime": "2021-10-01 01:43:41", "elapsed": 90.163862, "delta": 0.832008}}
{"target": 0.8561536310837092, "params": {"C": 3632.1716645419756, "gamma": 0.15219190920985998}, "datetime": {"datetime": "2021-10-01 01:43:41", "elapsed": 91.071818, "delta": 0.907956}}
{"target": 0.8578434479760254, "params": {"C": 3618.143592488015, "gamma": 0.1463427318536699}, "datetime": {"datetime": "2021-10-01 01:43:42", "elapsed": 91.88152, "delta": 0.809702}}
{"target": 0.8623912008459118, "params": {"C": 3605.613376336749, "gamma": 0.1306214618147069}, "datetime": {"datetime": "2021-10-01 01:43:43", "elapsed": 92.676215, "delta": 0.794695}}
{"target": 0.8508349692011192, "params": {"C": 3595.3506031258526, "gamma": 0.16632847571116147}, "datetime": {"datetime": "2021-10-01 01:43:44", "elapsed": 93.53722, "delta": 0.861005}}
{"target": 0.8653312044931012, "params": {"C": 3646.1647337880217, "gamma": 0.056062559273330405}, "datetime": {"datetime": "2021-10-01 01:43:45", "elapsed": 94.398226, "delta": 0.861006}}
{"target": 0.8692210799133512, "params": {"C": 3655.688179258888, "gamma": 0.1029895539468062}, "datetime": {"datetime": "2021-10-01 01:43:46", "elapsed": 95.274223, "delta": 0.875997}}
{"target": 0.8289725998405113, "params": {"C": 3664.345521360854, "gamma": 0.020226873459636092}, "datetime": {"datetime": "2021-10-01 01:43:47", "elapsed": 96.164224, "delta": 0.890001}}
{"target": 0.8616423227928152, "params": {"C": 4999.975439593498, "gamma": 0.17948241522926792}, "datetime": {"datetime": "2021-10-01 01:43:48", "elapsed": 97.195273, "delta": 1.031049}}
{"target": 0.8802749235751405, "params": {"C": 4989.235433058742, "gamma": 0.0690347562811636}, "datetime": {"datetime": "2021-10-01 01:43:49", "elapsed": 98.202226, "delta": 1.006953}}
{"target": 0.8800545154071708, "params": {"C": 4982.404233375189, "gamma": 0.11426060872505557}, "datetime": {"datetime": "2021-10-01 01:43:50", "elapsed": 99.141225, "delta": 0.938999}}
{"target": 0.8410539162452173, "params": {"C": 4974.867179594416, "gamma": 0.021022568536819837}, "datetime": {"datetime": "2021-10-01 01:43:50", "elapsed": 100.098223, "delta": 0.956998}}
{"target": 0.8703238853467694, "params": {"C": 4117.655362045174, "gamma": 0.12411074079437166}, "datetime": {"datetime": "2021-10-01 01:43:51", "elapsed": 101.014226, "delta": 0.916003}}
{"target": 0.8605526485004693, "params": {"C": 4125.990720535599, "gamma": 0.15791248384686873}, "datetime": {"datetime": "2021-10-01 01:43:52", "elapsed": 101.931225, "delta": 0.916999}}
{"target": 0.8723957361870867, "params": {"C": 4108.819774035236, "gamma": 0.06399505237413085}, "datetime": {"datetime": "2021-10-01 01:43:53", "elapsed": 102.692177, "delta": 0.760952}}
{"target": 0.832017224560698, "params": {"C": 4100.537271005154, "gamma": 0.019782643349256654}, "datetime": {"datetime": "2021-10-01 01:43:54", "elapsed": 103.504339, "delta": 0.812162}}
{"target": 0.8579833994962132, "params": {"C": 4138.59819570173, "gamma": 0.16612242386144568}, "datetime": {"datetime": "2021-10-01 01:43:55", "elapsed": 104.318341, "delta": 0.814002}}
{"target": 0.8741451166630787, "params": {"C": 4151.164955851382, "gamma": 0.1072663429409279}, "datetime": {"datetime": "2021-10-01 01:43:56", "elapsed": 105.199137, "delta": 0.880796}}
{"target": 0.872758660823329, "params": {"C": 4158.748097484484, "gamma": 0.06378890549578722}, "datetime": {"datetime": "2021-10-01 01:43:56", "elapsed": 106.01934, "delta": 0.820203}}
{"target": 0.8565351042518525, "params": {"C": 4166.62307972469, "gamma": 0.17135797789925397}, "datetime": {"datetime": "2021-10-01 01:43:57", "elapsed": 106.801681, "delta": 0.782341}}
{"target": 0.8386840516659826, "params": {"C": 4614.827226140189, "gamma": 0.020994651542576133}, "datetime": {"datetime": "2021-10-01 01:43:58", "elapsed": 107.630674, "delta": 0.828993}}
{"target": 0.8221523356894668, "params": {"C": 2570.5698037666957, "gamma": 0.18573833709316784}, "datetime": {"datetime": "2021-10-01 01:43:59", "elapsed": 108.4518, "delta": 0.821126}}
{"target": 0.8568021824076775, "params": {"C": 3011.6508011383567, "gamma": 0.05343988652366137}, "datetime": {"datetime": "2021-10-01 01:44:00", "elapsed": 109.263234, "delta": 0.811434}}
{"target": 0.8570311897244495, "params": {"C": 3024.98471444177, "gamma": 0.11583365287541363}, "datetime": {"datetime": "2021-10-01 01:44:01", "elapsed": 110.119966, "delta": 0.856732}}
{"target": 0.85580349774838, "params": {"C": 3038.391590679985, "gamma": 0.12148931724270867}, "datetime": {"datetime": "2021-10-01 01:44:01", "elapsed": 110.957065, "delta": 0.837099}}
{"target": 0.8602667198731037, "params": {"C": 2998.051891421489, "gamma": 0.09744309913990881}, "datetime": {"datetime": "2021-10-01 01:44:02", "elapsed": 111.74826, "delta": 0.791195}}
{"target": 0.8495803899131569, "params": {"C": 2987.093543877688, "gamma": 0.1388854727189241}, "datetime": {"datetime": "2021-10-01 01:44:03", "elapsed": 112.513827, "delta": 0.765567}}
{"target": 0.862262186247813, "params": {"C": 3052.9580455012037, "gamma": 0.075210694152556}, "datetime": {"datetime": "2021-10-01 01:44:04", "elapsed": 113.405585, "delta": 0.891758}}
{"target": 0.8509491642346881, "params": {"C": 3062.3108589668223, "gamma": 0.04168747186951716}, "datetime": {"datetime": "2021-10-01 01:44:05", "elapsed": 114.200891, "delta": 0.795306}}
{"target": 0.8529602827655993, "params": {"C": 3423.579876913532, "gamma": 0.03896373009490654}, "datetime": {"datetime": "2021-10-01 01:44:05", "elapsed": 115.007818, "delta": 0.806927}}
{"target": 0.8636867436300624, "params": {"C": 3136.517038955591, "gamma": 0.0852775272864491}, "datetime": {"datetime": "2021-10-01 01:44:06", "elapsed": 115.877199, "delta": 0.869381}}
{"target": 0.84994656519321, "params": {"C": 3146.148051139872, "gamma": 0.1470378236666905}, "datetime": {"datetime": "2021-10-01 01:44:07", "elapsed": 116.718627, "delta": 0.841428}}
{"target": 0.8324716489683932, "params": {"C": 3127.9692266022907, "gamma": 0.024904221819118343}, "datetime": {"datetime": "2021-10-01 01:44:08", "elapsed": 117.527416, "delta": 0.808789}}
{"target": 0.8531262431274037, "params": {"C": 2803.6653149925983, "gamma": 0.11411789144635139}, "datetime": {"datetime": "2021-10-01 01:44:09", "elapsed": 118.354707, "delta": 0.827291}}
{"target": 0.8379015713310881, "params": {"C": 2263.8948658273994, "gamma": 0.04183042262007111}, "datetime": {"datetime": "2021-10-01 01:44:10", "elapsed": 119.38635, "delta": 1.031643}}
{"target": 0.8726757720239491, "params": {"C": 3849.5351128259003, "gamma": 0.07975897979153142}, "datetime": {"datetime": "2021-10-01 01:44:11", "elapsed": 120.498601, "delta": 1.112251}}
{"target": 0.7275399695422932, "params": {"C": 3856.8473317068983, "gamma": 0.004405052896240654}, "datetime": {"datetime": "2021-10-01 01:44:12", "elapsed": 121.478056, "delta": 0.979455}}
{"target": 0.8719168451958033, "params": {"C": 3844.117585835809, "gamma": 0.07310104033671984}, "datetime": {"datetime": "2021-10-01 01:44:13", "elapsed": 122.493994, "delta": 1.015938}}
{"target": 0.8527100739263161, "params": {"C": 3834.561203443453, "gamma": 0.17065551425671616}, "datetime": {"datetime": "2021-10-01 01:44:14", "elapsed": 124.012833, "delta": 1.518839}}
{"target": 0.8733728619447112, "params": {"C": 4404.546029050465, "gamma": 0.1233325650546995}, "datetime": {"datetime": "2021-10-01 01:44:16", "elapsed": 125.727267, "delta": 1.714434}}
{"target": 0.8055344098363768, "params": {"C": 4499.7847130561895, "gamma": 0.011095320590041275}, "datetime": {"datetime": "2021-10-01 01:44:17", "elapsed": 126.919264, "delta": 1.191997}}
{"target": 0.8760681857344979, "params": {"C": 4489.047855322075, "gamma": 0.06616399443870612}, "datetime": {"datetime": "2021-10-01 01:44:19", "elapsed": 128.421869, "delta": 1.502605}}
{"target": 0.8560717635704722, "params": {"C": 2822.3287913276276, "gamma": 0.0595398623648575}, "datetime": {"datetime": "2021-10-01 01:44:20", "elapsed": 129.65853, "delta": 1.236661}}
{"target": 0.8586212878382096, "params": {"C": 2834.6606828923905, "gamma": 0.08521753996416402}, "datetime": {"datetime": "2021-10-01 01:44:21", "elapsed": 131.083988, "delta": 1.425458}}
{"target": 0.8230092909099329, "params": {"C": 2784.6531784824656, "gamma": 0.19824397265906787}, "datetime": {"datetime": "2021-10-01 01:44:23", "elapsed": 132.895993, "delta": 1.812005}}
{"target": 0.8509343950782932, "params": {"C": 3442.656487012717, "gamma": 0.15918938865798282}, "datetime": {"datetime": "2021-10-01 01:44:25", "elapsed": 134.54836, "delta": 1.652367}}
