{"target": -1.9794494906811442, "params": {"C": 37045.23925226937, "gamma": 0.06798604032379185}, "datetime": {"datetime": "2021-10-04 12:23:18", "elapsed": 182.53757, "delta": 1.51363}}
{"target": -2.5222956903026184, "params": {"C": 38046.4859986534, "gamma": 0.17140397404983196}, "datetime": {"datetime": "2021-10-04 12:23:20", "elapsed": 184.263087, "delta": 1.725517}}
{"target": -1.9200349704244672, "params": {"C": 68030.25902398906, "gamma": 0.05123233518847207}, "datetime": {"datetime": "2021-10-04 12:23:21", "elapsed": 185.640559, "delta": 1.377472}}
{"target": -1.9638389143591313, "params": {"C": 17238.62874100095, "gamma": 0.03793581005428435}, "datetime": {"datetime": "2021-10-04 12:23:22", "elapsed": 186.91266, "delta": 1.272101}}
{"target": -2.5528764869766487, "params": {"C": 57662.854011411604, "gamma": 0.1695681140608984}, "datetime": {"datetime": "2021-10-04 12:23:23", "elapsed": 188.109513, "delta": 1.196853}}
{"target": -2.320716400240185, "params": {"C": 20469.865201913664, "gamma": 0.01091024547509822}, "datetime": {"datetime": "2021-10-04 12:23:25", "elapsed": 189.361514, "delta": 1.252001}}
{"target": -2.149520307926938, "params": {"C": 36392.25077780826, "gamma": 0.0959998989170743}, "datetime": {"datetime": "2021-10-04 12:23:26", "elapsed": 190.592907, "delta": 1.231393}}
{"target": -2.569855547553822, "params": {"C": 10698.603528780997, "gamma": 0.1897405668322464}, "datetime": {"datetime": "2021-10-04 12:23:27", "elapsed": 191.943481, "delta": 1.350574}}
{"target": -2.2802669398635573, "params": {"C": 58645.436896258536, "gamma": 0.10808780468096421}, "datetime": {"datetime": "2021-10-04 12:23:29", "elapsed": 193.40302, "delta": 1.459539}}
{"target": -1.926153623367635, "params": {"C": 55696.80750852215, "gamma": 0.05552998385177462}, "datetime": {"datetime": "2021-10-04 12:23:30", "elapsed": 194.493594, "delta": 1.090574}}
{"target": -2.35063802479345, "params": {"C": 82090.49729515232, "gamma": 0.11214266431976254}, "datetime": {"datetime": "2021-10-04 12:23:31", "elapsed": 195.674388, "delta": 1.180794}}
{"target": -2.5246940008227696, "params": {"C": 28297.42459818029, "gamma": 0.17799515106980093}, "datetime": {"datetime": "2021-10-04 12:23:32", "elapsed": 196.966342, "delta": 1.291954}}
{"target": -2.5504494962674507, "params": {"C": 91168.34403198597, "gamma": 0.1544686831513158}, "datetime": {"datetime": "2021-10-04 12:23:33", "elapsed": 198.087293, "delta": 1.120951}}
{"target": -2.0205533471043653, "params": {"C": 22862.17609479143, "gamma": 0.07599649610497194}, "datetime": {"datetime": "2021-10-04 12:23:35", "elapsed": 199.848701, "delta": 1.761408}}
{"target": -2.4971971275409968, "params": {"C": 72513.1461529741, "gamma": 0.1476981398580482}, "datetime": {"datetime": "2021-10-04 12:23:37", "elapsed": 201.15869, "delta": 1.309989}}
{"target": -2.3536065858402275, "params": {"C": 87123.38333975145, "gamma": 0.11110269758903381}, "datetime": {"datetime": "2021-10-04 12:23:38", "elapsed": 203.088995, "delta": 1.930305}}
{"target": -2.326067578206106, "params": {"C": 53111.846384057644, "gamma": 0.11908093291871107}, "datetime": {"datetime": "2021-10-04 12:23:40", "elapsed": 204.385865, "delta": 1.29687}}
{"target": -1.928243676637454, "params": {"C": 19832.046380676533, "gamma": 0.048969709588863236}, "datetime": {"datetime": "2021-10-04 12:23:41", "elapsed": 205.57261, "delta": 1.186745}}
{"target": -2.0843812772843813, "params": {"C": 26065.216213356725, "gamma": 0.08823535770944703}, "datetime": {"datetime": "2021-10-04 12:23:42", "elapsed": 206.893841, "delta": 1.321231}}
{"target": -2.522820634052258, "params": {"C": 83950.93857151101, "gamma": 0.14987623968751196}, "datetime": {"datetime": "2021-10-04 12:23:44", "elapsed": 208.338067, "delta": 1.444226}}
{"target": -2.524728671627233, "params": {"C": 15615.193114872687, "gamma": 0.18393546340372804}, "datetime": {"datetime": "2021-10-04 12:23:45", "elapsed": 209.832164, "delta": 1.494097}}
{"target": -2.480381764836154, "params": {"C": 35037.07034898951, "gamma": 0.16223425254124046}, "datetime": {"datetime": "2021-10-04 12:23:46", "elapsed": 211.05084, "delta": 1.218676}}
{"target": -1.9969013361860688, "params": {"C": 44953.480114819846, "gamma": 0.06872279185393727}, "datetime": {"datetime": "2021-10-04 12:23:48", "elapsed": 212.76644, "delta": 1.7156}}
{"target": -1.8981383674536276, "params": {"C": 69248.0920610493, "gamma": 0.04525720577010411}, "datetime": {"datetime": "2021-10-04 12:23:49", "elapsed": 214.064735, "delta": 1.298295}}
{"target": -2.354595276489871, "params": {"C": 56396.55239284071, "gamma": 0.12332122864819077}, "datetime": {"datetime": "2021-10-04 12:23:51", "elapsed": 215.678124, "delta": 1.613389}}
{"target": -2.2940468490003405, "params": {"C": 11058.830691848285, "gamma": 0.12360523799331427}, "datetime": {"datetime": "2021-10-04 12:23:52", "elapsed": 217.003758, "delta": 1.325634}}
{"target": -1.871568577140635, "params": {"C": 65577.04780051249, "gamma": 0.030953684428890463}, "datetime": {"datetime": "2021-10-04 12:23:55", "elapsed": 219.222365, "delta": 2.218607}}
{"target": -2.6068486066983128, "params": {"C": 78798.08953611573, "gamma": 0.17615856246881942}, "datetime": {"datetime": "2021-10-04 12:23:56", "elapsed": 220.900731, "delta": 1.678366}}
{"target": -2.4490482873977317, "params": {"C": 20002.62121354413, "gamma": 0.16339862197530947}, "datetime": {"datetime": "2021-10-04 12:23:58", "elapsed": 222.21557, "delta": 1.314839}}
{"target": -2.487377750022779, "params": {"C": 75992.19041521732, "gamma": 0.14394025734104066}, "datetime": {"datetime": "2021-10-04 12:23:59", "elapsed": 223.485185, "delta": 1.269615}}
{"target": -2.5423787244140574, "params": {"C": 75994.5184810204, "gamma": 0.15836822405707632}, "datetime": {"datetime": "2021-10-04 12:24:00", "elapsed": 224.749653, "delta": 1.264468}}
{"target": -2.016520347361683, "params": {"C": 64725.390431236054, "gamma": 0.06642305003431524}, "datetime": {"datetime": "2021-10-04 12:24:01", "elapsed": 226.111321, "delta": 1.361668}}
{"target": -2.4002763419067277, "params": {"C": 45323.93535390367, "gamma": 0.13829562735263823}, "datetime": {"datetime": "2021-10-04 12:24:03", "elapsed": 227.767096, "delta": 1.655775}}
{"target": -2.0985372759480247, "params": {"C": 40578.465629316976, "gamma": 0.016757382001617107}, "datetime": {"datetime": "2021-10-04 12:24:05", "elapsed": 229.212783, "delta": 1.445687}}
{"target": -2.008325021440445, "params": {"C": 38045.523681229475, "gamma": 0.07227985883814049}, "datetime": {"datetime": "2021-10-04 12:24:06", "elapsed": 230.611127, "delta": 1.398344}}
{"target": -2.63671134242307, "params": {"C": 66320.31221973649, "gamma": 0.19034447162214893}, "datetime": {"datetime": "2021-10-04 12:24:08", "elapsed": 232.243547, "delta": 1.63242}}
{"target": -2.1706954000396403, "params": {"C": 79373.27429509732, "gamma": 0.08269233909766749}, "datetime": {"datetime": "2021-10-04 12:24:09", "elapsed": 234.063549, "delta": 1.820002}}
{"target": -1.9107105719001725, "params": {"C": 93411.39835652983, "gamma": 0.03981890812700954}, "datetime": {"datetime": "2021-10-04 12:24:11", "elapsed": 235.429031, "delta": 1.365482}}
{"target": -2.095398672115337, "params": {"C": 98865.13308032564, "gamma": 0.06875546861465916}, "datetime": {"datetime": "2021-10-04 12:24:13", "elapsed": 237.423271, "delta": 1.99424}}
{"target": -2.5009611642324203, "params": {"C": 64192.49277223286, "gamma": 0.15232977564554143}, "datetime": {"datetime": "2021-10-04 12:24:14", "elapsed": 238.753487, "delta": 1.330216}}
{"target": -2.020243244141356, "params": {"C": 98959.36432217987, "gamma": 0.059904727325692714}, "datetime": {"datetime": "2021-10-04 12:24:16", "elapsed": 240.156199, "delta": 1.402712}}
{"target": -2.4686894941810467, "params": {"C": 33267.447522336355, "gamma": 0.1603048858917307}, "datetime": {"datetime": "2021-10-04 12:24:17", "elapsed": 241.540802, "delta": 1.384603}}
{"target": -2.0183048015521585, "params": {"C": 44951.52313863011, "gamma": 0.07214580925854679}, "datetime": {"datetime": "2021-10-04 12:24:18", "elapsed": 243.039113, "delta": 1.498311}}
{"target": -2.0932306363067985, "params": {"C": 33386.680909887655, "gamma": 0.01798147017264272}, "datetime": {"datetime": "2021-10-04 12:24:20", "elapsed": 244.730068, "delta": 1.690955}}
{"target": -1.874739114688435, "params": {"C": 36003.7477931138, "gamma": 0.03682970960144229}, "datetime": {"datetime": "2021-10-04 12:24:22", "elapsed": 246.587903, "delta": 1.857835}}
{"target": -2.470015326257127, "params": {"C": 92018.4670478011, "gamma": 0.1342946761202544}, "datetime": {"datetime": "2021-10-04 12:24:23", "elapsed": 247.861512, "delta": 1.273609}}
{"target": -2.186043805427464, "params": {"C": 61025.78897715986, "gamma": 0.09142050046562308}, "datetime": {"datetime": "2021-10-04 12:24:25", "elapsed": 249.326057, "delta": 1.464545}}
{"target": -2.495866982640063, "params": {"C": 51359.99408765685, "gamma": 0.15773103638427363}, "datetime": {"datetime": "2021-10-04 12:24:26", "elapsed": 250.71482, "delta": 1.388763}}
{"target": -2.547420195585338, "params": {"C": 69712.5596841433, "gamma": 0.16265183049678944}, "datetime": {"datetime": "2021-10-04 12:24:28", "elapsed": 252.157352, "delta": 1.442532}}
{"target": -1.9215005538759748, "params": {"C": 92773.21353128288, "gamma": 0.041974300794194924}, "datetime": {"datetime": "2021-10-04 12:24:29", "elapsed": 253.809191, "delta": 1.651839}}
{"target": -2.629906340021316, "params": {"C": 92695.8290161528, "gamma": 0.17806801849726483}, "datetime": {"datetime": "2021-10-04 12:24:30", "elapsed": 255.101437, "delta": 1.292246}}
{"target": -2.0685900089396467, "params": {"C": 51032.76907043056, "gamma": 0.07726000915945584}, "datetime": {"datetime": "2021-10-04 12:24:32", "elapsed": 256.527572, "delta": 1.426135}}
{"target": -2.142016777961018, "params": {"C": 21413.73952919677, "gamma": 0.0188438770766228}, "datetime": {"datetime": "2021-10-04 12:24:33", "elapsed": 257.887952, "delta": 1.36038}}
{"target": -2.5870177535708456, "params": {"C": 13040.39284426385, "gamma": 0.19768284655957377}, "datetime": {"datetime": "2021-10-04 12:24:35", "elapsed": 259.351617, "delta": 1.463665}}
{"target": -1.8618040227572643, "params": {"C": 43820.429975033054, "gamma": 0.037671417853624115}, "datetime": {"datetime": "2021-10-04 12:24:37", "elapsed": 261.436104, "delta": 2.084487}}
{"target": -2.4543986933753654, "params": {"C": 30845.1575646959, "gamma": 0.15822245852548245}, "datetime": {"datetime": "2021-10-04 12:24:38", "elapsed": 262.801931, "delta": 1.365827}}
{"target": -2.1358167295691493, "params": {"C": 31233.945682047095, "gamma": 0.016249662298830864}, "datetime": {"datetime": "2021-10-04 12:24:40", "elapsed": 265.092387, "delta": 2.290456}}
{"target": -1.906649623029436, "params": {"C": 49105.527585335476, "gamma": 0.028286276410380642}, "datetime": {"datetime": "2021-10-04 12:24:42", "elapsed": 266.726981, "delta": 1.634594}}
{"target": -2.230330944437126, "params": {"C": 82551.80600803258, "gamma": 0.09090083391311021}, "datetime": {"datetime": "2021-10-04 12:24:43", "elapsed": 268.13075, "delta": 1.403769}}
{"target": -1.8828660178898613, "params": {"C": 47381.673011058636, "gamma": 0.031737033253116484}, "datetime": {"datetime": "2021-10-04 12:24:45", "elapsed": 269.604345, "delta": 1.473595}}
{"target": -2.5448349047608145, "params": {"C": 75523.60712541852, "gamma": 0.15928224598297885}, "datetime": {"datetime": "2021-10-04 12:24:47", "elapsed": 271.327014, "delta": 1.722669}}
{"target": -1.934963433132889, "params": {"C": 21474.177110160726, "gamma": 0.05687310146837354}, "datetime": {"datetime": "2021-10-04 12:24:49", "elapsed": 273.410896, "delta": 2.083882}}
{"target": -2.0139417168432594, "params": {"C": 19047.268152386423, "gamma": 0.02920165514641556}, "datetime": {"datetime": "2021-10-04 12:24:51", "elapsed": 275.528334, "delta": 2.117438}}
{"target": -2.655128526095501, "params": {"C": 95007.13532902006, "gamma": 0.18521985030620375}, "datetime": {"datetime": "2021-10-04 12:24:53", "elapsed": 277.273391, "delta": 1.745057}}
{"target": -2.6673395070724664, "params": {"C": 75428.57793928853, "gamma": 0.19586482337056527}, "datetime": {"datetime": "2021-10-04 12:24:54", "elapsed": 278.869971, "delta": 1.59658}}
{"target": -2.2857405772217008, "params": {"C": 45931.55578818484, "gamma": 0.11492097854360718}, "datetime": {"datetime": "2021-10-04 12:24:56", "elapsed": 280.417433, "delta": 1.547462}}
{"target": -2.5491334500263063, "params": {"C": 87681.68259813302, "gamma": 0.15547708026227203}, "datetime": {"datetime": "2021-10-04 12:24:57", "elapsed": 282.000321, "delta": 1.582888}}
{"target": -1.8990480839217772, "params": {"C": 50297.45825368467, "gamma": 0.05270758744173148}, "datetime": {"datetime": "2021-10-04 12:25:00", "elapsed": 285.022103, "delta": 3.021782}}
{"target": -2.65928308482857, "params": {"C": 97499.67982925323, "gamma": 0.18573231542429966}, "datetime": {"datetime": "2021-10-04 12:25:03", "elapsed": 287.279155, "delta": 2.257052}}
{"target": -2.3312638735627664, "params": {"C": 91360.09778599367, "gamma": 0.10579181057375531}, "datetime": {"datetime": "2021-10-04 12:25:04", "elapsed": 289.000064, "delta": 1.720909}}
{"target": -2.3452641463231747, "params": {"C": 18582.141999341162, "gamma": 0.13935718881532938}, "datetime": {"datetime": "2021-10-04 12:25:06", "elapsed": 290.846499, "delta": 1.846435}}
{"target": -1.8690361047573942, "params": {"C": 70078.56491910496, "gamma": 0.03397127588546465}, "datetime": {"datetime": "2021-10-04 12:25:08", "elapsed": 292.42232, "delta": 1.575821}}
{"target": -1.8730931112249498, "params": {"C": 50440.075911041036, "gamma": 0.04824311928000709}, "datetime": {"datetime": "2021-10-04 12:25:10", "elapsed": 294.218676, "delta": 1.796356}}
{"target": -2.573439989310325, "params": {"C": 22703.707982683663, "gamma": 0.19562988644083495}, "datetime": {"datetime": "2021-10-04 12:25:12", "elapsed": 296.221153, "delta": 2.002477}}
{"target": -2.140304339506751, "params": {"C": 10280.443866428019, "gamma": 0.08833061548391881}, "datetime": {"datetime": "2021-10-04 12:25:14", "elapsed": 298.508434, "delta": 2.287281}}
{"target": -2.5554327106285664, "params": {"C": 36054.739334831684, "gamma": 0.18200690989594445}, "datetime": {"datetime": "2021-10-04 12:25:16", "elapsed": 300.305362, "delta": 1.796928}}
{"target": -2.605708390561542, "params": {"C": 58737.67281686658, "gamma": 0.18471351136661407}, "datetime": {"datetime": "2021-10-04 12:25:17", "elapsed": 301.976507, "delta": 1.671145}}
{"target": -2.3533383595418393, "params": {"C": 44318.679975272185, "gamma": 0.12910258009460185}, "datetime": {"datetime": "2021-10-04 12:25:19", "elapsed": 303.570801, "delta": 1.594294}}
{"target": -1.9013246168755362, "params": {"C": 95501.48615431218, "gamma": 0.03762750155421573}, "datetime": {"datetime": "2021-10-04 12:25:21", "elapsed": 305.616904, "delta": 2.046103}}
{"target": -2.1762822199124834, "params": {"C": 55163.28222318011, "gamma": 0.09215674128975677}, "datetime": {"datetime": "2021-10-04 12:25:23", "elapsed": 308.034621, "delta": 2.417717}}
{"target": -1.9807418812150575, "params": {"C": 39748.746958833086, "gamma": 0.023540279619023836}, "datetime": {"datetime": "2021-10-04 12:25:25", "elapsed": 309.920509, "delta": 1.885888}}
{"target": -2.4380440936618717, "params": {"C": 50866.83622962937, "gamma": 0.1438122044388959}, "datetime": {"datetime": "2021-10-04 12:25:27", "elapsed": 312.106676, "delta": 2.186167}}
{"target": -2.1175342799030585, "params": {"C": 36094.390767267934, "gamma": 0.016449840197354664}, "datetime": {"datetime": "2021-10-04 12:25:30", "elapsed": 314.468189, "delta": 2.361513}}
{"target": -2.5808418425888515, "params": {"C": 69405.13656407758, "gamma": 0.172574504958897}, "datetime": {"datetime": "2021-10-04 12:25:32", "elapsed": 316.153447, "delta": 1.685258}}
{"target": -2.4596226729586506, "params": {"C": 53891.370370526034, "gamma": 0.14738572169294414}, "datetime": {"datetime": "2021-10-04 12:25:34", "elapsed": 318.255612, "delta": 2.102165}}
{"target": -2.4554915341443375, "params": {"C": 10140.829051374369, "gamma": 0.16090573802601446}, "datetime": {"datetime": "2021-10-04 12:25:36", "elapsed": 320.391902, "delta": 2.13629}}
{"target": -2.5531809053122423, "params": {"C": 49399.380124521704, "gamma": 0.17372901853402725}, "datetime": {"datetime": "2021-10-04 12:25:38", "elapsed": 322.207155, "delta": 1.815253}}
{"target": -2.3271501074925287, "params": {"C": 28651.4331399379, "gamma": 0.13200883410738654}, "datetime": {"datetime": "2021-10-04 12:25:39", "elapsed": 323.958229, "delta": 1.751074}}
{"target": -2.4503380655226232, "params": {"C": 82644.78100742152, "gamma": 0.13304625397063846}, "datetime": {"datetime": "2021-10-04 12:25:41", "elapsed": 325.607677, "delta": 1.649448}}
{"target": -2.2438127734504225, "params": {"C": 64388.61123286259, "gamma": 0.008963336924614648}, "datetime": {"datetime": "2021-10-04 12:25:44", "elapsed": 328.426824, "delta": 2.819147}}
{"target": -1.8673207522023827, "params": {"C": 54929.04809944916, "gamma": 0.04415814896516906}, "datetime": {"datetime": "2021-10-04 12:25:46", "elapsed": 330.944317, "delta": 2.517493}}
{"target": -1.995682145229129, "params": {"C": 70385.42601188848, "gamma": 0.01926653535910046}, "datetime": {"datetime": "2021-10-04 12:25:48", "elapsed": 332.96708, "delta": 2.022763}}
{"target": -2.274695358614733, "params": {"C": 99238.16937376416, "gamma": 0.006761933250650143}, "datetime": {"datetime": "2021-10-04 12:25:51", "elapsed": 335.650382, "delta": 2.683302}}
{"target": -2.5250826651824285, "params": {"C": 45828.05888484466, "gamma": 0.16800815793993273}, "datetime": {"datetime": "2021-10-04 12:25:53", "elapsed": 337.627248, "delta": 1.976866}}
{"target": -2.112262573005768, "params": {"C": 25698.727902476116, "gamma": 0.09363314389580739}, "datetime": {"datetime": "2021-10-04 12:25:55", "elapsed": 340.03926, "delta": 2.412012}}
{"target": -1.9483220921184614, "params": {"C": 83960.49376956496, "gamma": 0.05163802115736339}, "datetime": {"datetime": "2021-10-04 12:25:57", "elapsed": 341.850143, "delta": 1.810883}}
{"target": -2.5058988451237294, "params": {"C": 48727.23171491827, "gamma": 0.1615469459083536}, "datetime": {"datetime": "2021-10-04 12:26:00", "elapsed": 344.910916, "delta": 3.060773}}
{"target": -2.2980883189392944, "params": {"C": 71427.12807193946, "gamma": 0.10624112708867396}, "datetime": {"datetime": "2021-10-04 12:26:02", "elapsed": 346.955491, "delta": 2.044575}}
{"target": -2.5815337214679546, "params": {"C": 71120.39649752947, "gamma": 0.17207401369699152}, "datetime": {"datetime": "2021-10-04 12:26:04", "elapsed": 349.048883, "delta": 2.093392}}
{"target": -2.6537903006970853, "params": {"C": 266808.8018810296, "gamma": 0.14546327622122085}, "datetime": {"datetime": "2021-10-04 12:26:07", "elapsed": 0.0, "delta": 0.0}}
{"target": -2.0547143352225654, "params": {"C": 100045.74992693795, "gamma": 0.06395485166320876}, "datetime": {"datetime": "2021-10-04 12:26:07", "elapsed": 0.189341, "delta": 0.189341}}
{"target": -1.9090326066487737, "params": {"C": 158702.3563268452, "gamma": 0.02300602597991557}, "datetime": {"datetime": "2021-10-04 12:26:07", "elapsed": 0.654823, "delta": 0.465482}}
{"target": -2.218072450809206, "params": {"C": 174504.08455106837, "gamma": 0.07238434177339431}, "datetime": {"datetime": "2021-10-04 12:26:08", "elapsed": 0.880824, "delta": 0.226001}}
{"target": -2.5142672234302297, "params": {"C": 258706.98969226796, "gamma": 0.11006926313065461}, "datetime": {"datetime": "2021-10-04 12:26:08", "elapsed": 1.079706, "delta": 0.198882}}
{"target": -2.5724700013616273, "params": {"C": 158699.1722909931, "gamma": 0.140891273655177}, "datetime": {"datetime": "2021-10-04 12:26:08", "elapsed": 1.378103, "delta": 0.298397}}
{"target": -2.669848421724897, "params": {"C": 432000.7631549269, "gamma": 0.13372689384595662}, "datetime": {"datetime": "2021-10-04 12:26:08", "elapsed": 1.644102, "delta": 0.265999}}
{"target": -2.517498679175772, "params": {"C": 159722.68526949183, "gamma": 0.1276182939805387}, "datetime": {"datetime": "2021-10-04 12:26:09", "elapsed": 1.903368, "delta": 0.259266}}
{"target": -2.59564989327556, "params": {"C": 134428.8392124413, "gamma": 0.15294481082470018}, "datetime": {"datetime": "2021-10-04 12:26:09", "elapsed": 2.238364, "delta": 0.334996}}
{"target": -2.0669639007454768, "params": {"C": 258250.96486390455, "gamma": 0.03648434351165098}, "datetime": {"datetime": "2021-10-04 12:26:09", "elapsed": 2.755653, "delta": 0.517289}}
{"target": -2.5319019780508323, "params": {"C": 455078.8124226035, "gamma": 0.09220404867452933}, "datetime": {"datetime": "2021-10-04 12:26:10", "elapsed": 3.080801, "delta": 0.325148}}
{"target": -2.320310961721823, "params": {"C": 272917.66759636125, "gamma": 0.07364382609233544}, "datetime": {"datetime": "2021-10-04 12:26:10", "elapsed": 3.418452, "delta": 0.337651}}
{"target": -2.4240207274325503, "params": {"C": 343959.8046625308, "gamma": 0.0816107608120229}, "datetime": {"datetime": "2021-10-04 12:26:10", "elapsed": 3.744426, "delta": 0.325974}}
{"target": -2.6632802339766584, "params": {"C": 321280.5245162243, "gamma": 0.14189939889337294}, "datetime": {"datetime": "2021-10-04 12:26:11", "elapsed": 4.068075, "delta": 0.323649}}
{"target": -2.294195942762551, "params": {"C": 159377.93791326415, "gamma": 0.08430331807662479}, "datetime": {"datetime": "2021-10-04 12:26:11", "elapsed": 4.355866, "delta": 0.287791}}
{"target": -2.396494941178657, "params": {"C": 126722.9625365144, "gamma": 0.10918593949686255}, "datetime": {"datetime": "2021-10-04 12:26:11", "elapsed": 4.777868, "delta": 0.422002}}
{"target": -2.1767699353752192, "params": {"C": 235679.5540623333, "gamma": 0.05860431734598446}, "datetime": {"datetime": "2021-10-04 12:26:12", "elapsed": 5.077865, "delta": 0.299997}}
