{"target": -2.3412051774036176, "params": {"C": 79841.78019024836, "gamma": 0.11110269758903381}, "datetime": {"datetime": "2021-10-04 12:34:07", "elapsed": 182.744052, "delta": 1.549901}}
{"target": -2.3258170338550883, "params": {"C": 53010.456591867696, "gamma": 0.11908093291871107}, "datetime": {"datetime": "2021-10-04 12:34:08", "elapsed": 183.762603, "delta": 1.018551}}
{"target": -1.896774447447994, "params": {"C": 26756.392144755933, "gamma": 0.048969709588863236}, "datetime": {"datetime": "2021-10-04 12:34:09", "elapsed": 184.78117, "delta": 1.018567}}
{"target": -2.0940959751650348, "params": {"C": 31673.670568314752, "gamma": 0.08823535770944703}, "datetime": {"datetime": "2021-10-04 12:34:10", "elapsed": 185.821913, "delta": 1.040743}}
{"target": -2.513350612433089, "params": {"C": 77339.0737619698, "gamma": 0.14987623968751196}, "datetime": {"datetime": "2021-10-04 12:34:11", "elapsed": 187.07173, "delta": 1.249817}}
{"target": -2.5336249857398, "params": {"C": 23429.763457288453, "gamma": 0.18393546340372804}, "datetime": {"datetime": "2021-10-04 12:34:12", "elapsed": 188.126892, "delta": 1.055162}}
{"target": -2.488532847353752, "params": {"C": 38751.46660864728, "gamma": 0.16223425254124046}, "datetime": {"datetime": "2021-10-04 12:34:13", "elapsed": 189.146523, "delta": 1.019631}}
{"target": -2.0001612999875955, "params": {"C": 46574.4120905801, "gamma": 0.06872279185393727}, "datetime": {"datetime": "2021-10-04 12:34:15", "elapsed": 190.664776, "delta": 1.518253}}
{"target": -1.8910096863022232, "params": {"C": 65740.16151482779, "gamma": 0.04525720577010411}, "datetime": {"datetime": "2021-10-04 12:34:16", "elapsed": 191.759423, "delta": 1.094647}}
{"target": -2.3527623826786077, "params": {"C": 55601.724665463225, "gamma": 0.12332122864819077}, "datetime": {"datetime": "2021-10-04 12:34:17", "elapsed": 192.901428, "delta": 1.142005}}
{"target": -2.269611900050104, "params": {"C": 19835.299768013647, "gamma": 0.12360523799331427}, "datetime": {"datetime": "2021-10-04 12:34:18", "elapsed": 193.933175, "delta": 1.031747}}
{"target": -1.8721741508066523, "params": {"C": 62844.11548707097, "gamma": 0.030953684428890463}, "datetime": {"datetime": "2021-10-04 12:34:19", "elapsed": 195.316009, "delta": 1.382834}}
{"target": -2.5991285386020624, "params": {"C": 73274.04841182462, "gamma": 0.17615856246881942}, "datetime": {"datetime": "2021-10-04 12:34:21", "elapsed": 196.584462, "delta": 1.268453}}
{"target": -2.4657133094765817, "params": {"C": 26890.95673512926, "gamma": 0.16339862197530947}, "datetime": {"datetime": "2021-10-04 12:34:22", "elapsed": 197.625156, "delta": 1.040694}}
{"target": -2.479233864641056, "params": {"C": 71060.50577200478, "gamma": 0.14394025734104066}, "datetime": {"datetime": "2021-10-04 12:34:23", "elapsed": 198.715918, "delta": 1.090762}}
{"target": -2.534927722807989, "params": {"C": 71062.34235724942, "gamma": 0.15836822405707632}, "datetime": {"datetime": "2021-10-04 12:34:24", "elapsed": 199.781243, "delta": 1.065325}}
{"target": -2.0118401668200754, "params": {"C": 62172.25245130844, "gamma": 0.06642305003431524}, "datetime": {"datetime": "2021-10-04 12:34:25", "elapsed": 200.858364, "delta": 1.077121}}
{"target": -2.4042105693671076, "params": {"C": 46866.660112524, "gamma": 0.13829562735263823}, "datetime": {"datetime": "2021-10-04 12:34:26", "elapsed": 201.985368, "delta": 1.127004}}
{"target": -2.091638120752839, "params": {"C": 43123.01177423895, "gamma": 0.016757382001617107}, "datetime": {"datetime": "2021-10-04 12:34:27", "elapsed": 203.08853, "delta": 1.103162}}
{"target": -2.012936658394794, "params": {"C": 41124.80201519214, "gamma": 0.07227985883814049}, "datetime": {"datetime": "2021-10-04 12:34:28", "elapsed": 204.162674, "delta": 1.074144}}
{"target": -2.63212874319595, "params": {"C": 63430.46852890323, "gamma": 0.19034447162214893}, "datetime": {"datetime": "2021-10-04 12:34:30", "elapsed": 205.482367, "delta": 1.319693}}
{"target": -2.159430951611595, "params": {"C": 73727.80527724345, "gamma": 0.08269233909766749}, "datetime": {"datetime": "2021-10-04 12:34:31", "elapsed": 206.99867, "delta": 1.516303}}
{"target": -1.898075300450249, "params": {"C": 84802.3253701513, "gamma": 0.03981890812700954}, "datetime": {"datetime": "2021-10-04 12:34:32", "elapsed": 208.125658, "delta": 1.126988}}
{"target": -2.0801826725537897, "params": {"C": 89104.71609670133, "gamma": 0.06875546861465916}, "datetime": {"datetime": "2021-10-04 12:34:34", "elapsed": 209.641643, "delta": 1.515985}}
{"target": -2.496342378914686, "params": {"C": 61751.85540920592, "gamma": 0.15232977564554143}, "datetime": {"datetime": "2021-10-04 12:34:35", "elapsed": 210.736316, "delta": 1.094673}}
{"target": -2.0068592770364013, "params": {"C": 89179.05407638634, "gamma": 0.059904727325692714}, "datetime": {"datetime": "2021-10-04 12:34:36", "elapsed": 211.848717, "delta": 1.112401}}
{"target": -2.4776775320860445, "params": {"C": 37355.43082317646, "gamma": 0.1603048858917307}, "datetime": {"datetime": "2021-10-04 12:34:37", "elapsed": 212.956941, "delta": 1.108224}}
{"target": -2.022048062758991, "params": {"C": 46572.86825380819, "gamma": 0.07214580925854679}, "datetime": {"datetime": "2021-10-04 12:34:38", "elapsed": 214.146597, "delta": 1.189656}}
{"target": -2.080235246038201, "params": {"C": 37449.492717800254, "gamma": 0.01798147017264272}, "datetime": {"datetime": "2021-10-04 12:34:39", "elapsed": 215.276629, "delta": 1.130032}}
{"target": -1.8688905516006347, "params": {"C": 39514.06770345644, "gamma": 0.03682970960144229}, "datetime": {"datetime": "2021-10-04 12:34:41", "elapsed": 216.907655, "delta": 1.631026}}
{"target": -2.457643595262413, "params": {"C": 83703.45733770975, "gamma": 0.1342946761202544}, "datetime": {"datetime": "2021-10-04 12:34:42", "elapsed": 218.095291, "delta": 1.187636}}
{"target": -2.1815766217122134, "params": {"C": 59253.67797087055, "gamma": 0.09142050046562308}, "datetime": {"datetime": "2021-10-04 12:34:43", "elapsed": 219.340826, "delta": 1.245535}}
{"target": -2.496402000310121, "params": {"C": 51628.439780262626, "gamma": 0.15773103638427363}, "datetime": {"datetime": "2021-10-04 12:34:45", "elapsed": 220.531497, "delta": 1.190671}}
{"target": -2.5415685289976193, "params": {"C": 66106.57486193527, "gamma": 0.16265183049678944}, "datetime": {"datetime": "2021-10-04 12:34:46", "elapsed": 221.850635, "delta": 1.319138}}
{"target": -1.9087017597068165, "params": {"C": 84298.86845245649, "gamma": 0.041974300794194924}, "datetime": {"datetime": "2021-10-04 12:34:48", "elapsed": 223.452824, "delta": 1.602189}}
{"target": -2.6202248689052943, "params": {"C": 84237.82066829831, "gamma": 0.17806801849726483}, "datetime": {"datetime": "2021-10-04 12:34:49", "elapsed": 224.666476, "delta": 1.213652}}
{"target": -2.069400837813093, "params": {"C": 51370.29560000633, "gamma": 0.07726000915945584}, "datetime": {"datetime": "2021-10-04 12:34:50", "elapsed": 225.937776, "delta": 1.2713}}
{"target": -2.096245370204828, "params": {"C": 28004.17229525523, "gamma": 0.0188438770766228}, "datetime": {"datetime": "2021-10-04 12:34:51", "elapsed": 227.25617, "delta": 1.318394}}
{"target": -2.577677632875352, "params": {"C": 21398.532132697037, "gamma": 0.19768284655957377}, "datetime": {"datetime": "2021-10-04 12:34:53", "elapsed": 228.505436, "delta": 1.249266}}
{"target": -1.8619322860938827, "params": {"C": 45680.5614247483, "gamma": 0.037671417853624115}, "datetime": {"datetime": "2021-10-04 12:34:54", "elapsed": 230.1189, "delta": 1.613464}}
{"target": -2.464833266260938, "params": {"C": 35444.513189926765, "gamma": 0.15822245852548245}, "datetime": {"datetime": "2021-10-04 12:34:55", "elapsed": 231.260135, "delta": 1.141235}}
{"target": -2.1227812541492947, "params": {"C": 35751.22381583715, "gamma": 0.016249662298830864}, "datetime": {"datetime": "2021-10-04 12:34:57", "elapsed": 233.116074, "delta": 1.855939}}
{"target": -1.9052022812389107, "params": {"C": 49849.916206209105, "gamma": 0.028286276410380642}, "datetime": {"datetime": "2021-10-04 12:34:59", "elapsed": 234.663615, "delta": 1.547541}}
{"target": -2.2172221516266135, "params": {"C": 76235.31362855903, "gamma": 0.09090083391311021}, "datetime": {"datetime": "2021-10-04 12:35:00", "elapsed": 235.868778, "delta": 1.205163}}
{"target": -1.8814842195666557, "params": {"C": 48489.98648650182, "gamma": 0.031737033253116484}, "datetime": {"datetime": "2021-10-04 12:35:01", "elapsed": 237.047192, "delta": 1.178414}}
{"target": -2.5375257548166, "params": {"C": 70690.8456211635, "gamma": 0.15928224598297885}, "datetime": {"datetime": "2021-10-04 12:35:02", "elapsed": 238.344425, "delta": 1.297233}}
{"target": -1.911587931694757, "params": {"C": 28051.850831349017, "gamma": 0.05687310146837354}, "datetime": {"datetime": "2021-10-04 12:35:04", "elapsed": 240.365537, "delta": 2.021112}}
{"target": -1.9593724176785765, "params": {"C": 26137.289320215954, "gamma": 0.02920165514641556}, "datetime": {"datetime": "2021-10-04 12:35:06", "elapsed": 241.669362, "delta": 1.303825}}
{"target": -2.645546439656636, "params": {"C": 86061.18453733805, "gamma": 0.18521985030620375}, "datetime": {"datetime": "2021-10-04 12:35:07", "elapsed": 243.288737, "delta": 1.619375}}
{"target": -2.6609680362075836, "params": {"C": 70615.8781521054, "gamma": 0.19586482337056527}, "datetime": {"datetime": "2021-10-04 12:35:09", "elapsed": 244.523065, "delta": 1.234328}}
{"target": -2.2895615900477337, "params": {"C": 47346.005121790266, "gamma": 0.11492097854360718}, "datetime": {"datetime": "2021-10-04 12:35:10", "elapsed": 245.848207, "delta": 1.325142}}
{"target": -2.5383967267931675, "params": {"C": 80282.2162718605, "gamma": 0.15547708026227203}, "datetime": {"datetime": "2021-10-04 12:35:11", "elapsed": 247.182812, "delta": 1.334605}}
{"target": -1.9000375836744026, "params": {"C": 50790.21706679568, "gamma": 0.05270758744173148}, "datetime": {"datetime": "2021-10-04 12:35:13", "elapsed": 249.314681, "delta": 2.131869}}
{"target": -2.649483507902772, "params": {"C": 88027.52519863311, "gamma": 0.18573231542429966}, "datetime": {"datetime": "2021-10-04 12:35:15", "elapsed": 250.582807, "delta": 1.268126}}
{"target": -2.3176389343705313, "params": {"C": 83184.0771422839, "gamma": 0.10579181057375531}, "datetime": {"datetime": "2021-10-04 12:35:16", "elapsed": 251.722309, "delta": 1.139502}}
{"target": -2.3561724290466035, "params": {"C": 25770.356466146917, "gamma": 0.13935718881532938}, "datetime": {"datetime": "2021-10-04 12:35:17", "elapsed": 253.067152, "delta": 1.344843}}
{"target": -1.8679655751340734, "params": {"C": 66395.31232507169, "gamma": 0.03397127588546465}, "datetime": {"datetime": "2021-10-04 12:35:19", "elapsed": 254.477512, "delta": 1.41036}}
{"target": -1.8735187047318609, "params": {"C": 50902.72655204349, "gamma": 0.04824311928000709}, "datetime": {"datetime": "2021-10-04 12:35:20", "elapsed": 255.835839, "delta": 1.358327}}
{"target": -2.587406992953043, "params": {"C": 29021.814075228227, "gamma": 0.19562988644083495}, "datetime": {"datetime": "2021-10-04 12:35:22", "elapsed": 257.542821, "delta": 1.706982}}
{"target": -2.086368975795632, "params": {"C": 19221.239050182103, "gamma": 0.08833061548391881}, "datetime": {"datetime": "2021-10-04 12:35:23", "elapsed": 258.85983, "delta": 1.317009}}
{"target": -2.562342438781262, "params": {"C": 39554.294364145, "gamma": 0.18200690989594445}, "datetime": {"datetime": "2021-10-04 12:35:24", "elapsed": 260.190904, "delta": 1.331074}}
{"target": -2.603599248772855, "params": {"C": 57448.60855552808, "gamma": 0.18471351136661407}, "datetime": {"datetime": "2021-10-04 12:35:26", "elapsed": 261.494372, "delta": 1.303468}}
{"target": -2.3579186196681263, "params": {"C": 46073.62531382583, "gamma": 0.12910258009460185}, "datetime": {"datetime": "2021-10-04 12:35:27", "elapsed": 262.835464, "delta": 1.341092}}
{"target": -1.8886453650109838, "params": {"C": 86451.17241062406, "gamma": 0.03762750155421573}, "datetime": {"datetime": "2021-10-04 12:35:29", "elapsed": 264.561926, "delta": 1.726462}}
{"target": -2.1749394799210866, "params": {"C": 54628.81153161987, "gamma": 0.09215674128975677}, "datetime": {"datetime": "2021-10-04 12:35:30", "elapsed": 265.969497, "delta": 1.407571}}
{"target": -1.97513668230535, "params": {"C": 42468.45593419055, "gamma": 0.023540279619023836}, "datetime": {"datetime": "2021-10-04 12:35:32", "elapsed": 267.389905, "delta": 1.420408}}
{"target": -2.4388796784081364, "params": {"C": 51239.3930255965, "gamma": 0.1438122044388959}, "datetime": {"datetime": "2021-10-04 12:35:33", "elapsed": 268.745329, "delta": 1.355424}}
{"target": -2.1081195782691515, "params": {"C": 39585.574938622485, "gamma": 0.016449840197354664}, "datetime": {"datetime": "2021-10-04 12:35:35", "elapsed": 270.498734, "delta": 1.753405}}
{"target": -2.5757162569082497, "params": {"C": 65864.05217832787, "gamma": 0.172574504958897}, "datetime": {"datetime": "2021-10-04 12:35:36", "elapsed": 271.867354, "delta": 1.36862}}
{"target": -2.4590490764420294, "params": {"C": 53625.41440341499, "gamma": 0.14738572169294414}, "datetime": {"datetime": "2021-10-04 12:35:37", "elapsed": 273.28542, "delta": 1.418066}}
{"target": -2.438608119963489, "params": {"C": 19111.098473862003, "gamma": 0.16090573802601446}, "datetime": {"datetime": "2021-10-04 12:35:39", "elapsed": 274.672175, "delta": 1.386755}}
{"target": -2.554480017779227, "params": {"C": 50081.7332093449, "gamma": 0.17372901853402725}, "datetime": {"datetime": "2021-10-04 12:35:40", "elapsed": 275.983507, "delta": 1.311332}}
{"target": -2.3397345909180496, "params": {"C": 33713.90836595101, "gamma": 0.13200883410738654}, "datetime": {"datetime": "2021-10-04 12:35:41", "elapsed": 277.29146, "delta": 1.307953}}
{"target": -2.439743874747948, "params": {"C": 76308.66057252142, "gamma": 0.13304625397063846}, "datetime": {"datetime": "2021-10-04 12:35:43", "elapsed": 278.730452, "delta": 1.438992}}
{"target": -2.2468964671366662, "params": {"C": 61906.57108370271, "gamma": 0.008963336924614648}, "datetime": {"datetime": "2021-10-04 12:35:45", "elapsed": 280.429436, "delta": 1.698984}}
{"target": -1.8668829206085424, "params": {"C": 54444.02683400989, "gamma": 0.04415814896516906}, "datetime": {"datetime": "2021-10-04 12:35:46", "elapsed": 281.836817, "delta": 1.407381}}
{"target": -1.9999933013898117, "params": {"C": 66637.39163160091, "gamma": 0.01926653535910046}, "datetime": {"datetime": "2021-10-04 12:35:47", "elapsed": 283.326846, "delta": 1.490029}}
{"target": -2.2822209776880626, "params": {"C": 89399.00028374729, "gamma": 0.006761933250650143}, "datetime": {"datetime": "2021-10-04 12:35:49", "elapsed": 285.132097, "delta": 1.805251}}
{"target": -2.5280085971042467, "params": {"C": 47264.35756471078, "gamma": 0.16800815793993273}, "datetime": {"datetime": "2021-10-04 12:35:51", "elapsed": 286.582205, "delta": 1.450108}}
{"target": -2.1232954571129548, "params": {"C": 31384.552011953383, "gamma": 0.09363314389580739}, "datetime": {"datetime": "2021-10-04 12:35:53", "elapsed": 288.609598, "delta": 2.027393}}
{"target": -1.9366743133459476, "params": {"C": 77346.61175154569, "gamma": 0.05163802115736339}, "datetime": {"datetime": "2021-10-04 12:35:54", "elapsed": 290.013739, "delta": 1.404141}}
{"target": -2.5076051925023806, "params": {"C": 49551.48279732442, "gamma": 0.1615469459083536}, "datetime": {"datetime": "2021-10-04 12:35:57", "elapsed": 292.799706, "delta": 2.785967}}
{"target": -2.2897903953250967, "params": {"C": 67459.1788123078, "gamma": 0.10624112708867396}, "datetime": {"datetime": "2021-10-04 12:35:58", "elapsed": 294.231628, "delta": 1.431922}}
{"target": -2.575926361096306, "params": {"C": 67217.20168138435, "gamma": 0.17207401369699152}, "datetime": {"datetime": "2021-10-04 12:36:00", "elapsed": 296.11802, "delta": 1.886392}}
{"target": -2.0536828123196615, "params": {"C": 88840.0591409833, "gamma": 0.06580729286403829}, "datetime": {"datetime": "2021-10-04 12:36:02", "elapsed": 297.645895, "delta": 1.527875}}
{"target": -2.389758628792527, "params": {"C": 25572.46964651418, "gamma": 0.007617813916100592}, "datetime": {"datetime": "2021-10-04 12:36:03", "elapsed": 299.123242, "delta": 1.477347}}
{"target": -1.9864002287188733, "params": {"C": 49625.220375774225, "gamma": 0.021604706384266616}, "datetime": {"datetime": "2021-10-04 12:36:05", "elapsed": 300.643034, "delta": 1.519792}}
{"target": -2.567042409536167, "params": {"C": 66554.5411125744, "gamma": 0.16984445468570433}, "datetime": {"datetime": "2021-10-04 12:36:06", "elapsed": 302.073122, "delta": 1.430088}}
{"target": -2.6597047936703686, "params": {"C": 84512.54079029069, "gamma": 0.19002962575011006}, "datetime": {"datetime": "2021-10-04 12:36:08", "elapsed": 303.708666, "delta": 1.635544}}
{"target": -2.4198956427261558, "params": {"C": 44848.55220600261, "gamma": 0.14295512226057489}, "datetime": {"datetime": "2021-10-04 12:36:09", "elapsed": 305.027046, "delta": 1.31838}}
{"target": -1.960965368791017, "params": {"C": 22106.813964631667, "gamma": 0.0317786268110543}, "datetime": {"datetime": "2021-10-04 12:36:11", "elapsed": 306.936748, "delta": 1.909702}}
{"target": -2.2040219711573066, "params": {"C": 19568.568367980053, "gamma": 0.11078078073500601}, "datetime": {"datetime": "2021-10-04 12:36:13", "elapsed": 308.9201, "delta": 1.983352}}
{"target": -2.3228810082625233, "params": {"C": 64672.99867581401, "gamma": 0.11328437808738578}, "datetime": {"datetime": "2021-10-04 12:36:15", "elapsed": 310.82313, "delta": 1.90303}}
{"target": -1.8873826082641456, "params": {"C": 59873.24508359364, "gamma": 0.047329054796126764}, "datetime": {"datetime": "2021-10-04 12:36:17", "elapsed": 312.983884, "delta": 2.160754}}
{"target": -2.438676729890563, "params": {"C": 45864.63308317383, "gamma": 0.14676684580373694}, "datetime": {"datetime": "2021-10-04 12:36:19", "elapsed": 314.52701, "delta": 1.543126}}
{"target": -1.9093102135573468, "params": {"C": 26419.087153681343, "gamma": 0.05533829354900333}, "datetime": {"datetime": "2021-10-04 12:36:20", "elapsed": 316.144444, "delta": 1.617434}}
{"target": -2.1258508693656366, "params": {"C": 28242.960307913316, "gamma": 0.017325415116763353}, "datetime": {"datetime": "2021-10-04 12:36:22", "elapsed": 318.077366, "delta": 1.932922}}
{"target": -2.357381226490679, "params": {"C": 66055.18664994393, "gamma": 0.11953579713411837}, "datetime": {"datetime": "2021-10-04 12:36:24", "elapsed": 319.722364, "delta": 1.644998}}
{"target": -2.0770332825418083, "params": {"C": 28216.00280751223, "gamma": 0.08664605245588074}, "datetime": {"datetime": "2021-10-04 12:36:26", "elapsed": 321.438751, "delta": 1.716387}}
{"target": -2.440699819830451, "params": {"C": 47004.797314463416, "gamma": 0.14658388826751212}, "datetime": {"datetime": "2021-10-04 12:36:28", "elapsed": 323.434638, "delta": 1.995887}}
{"target": -2.4101873836779624, "params": {"C": 87820.93891084325, "gamma": 0.12247311148220391}, "datetime": {"datetime": "2021-10-04 12:36:29", "elapsed": 324.956953, "delta": 1.522315}}
{"target": -2.573559983759219, "params": {"C": 35878.9832797501, "gamma": 0.18747168791898458}, "datetime": {"datetime": "2021-10-04 12:36:32", "elapsed": 327.461013, "delta": 2.50406}}
{"target": -2.625429530687259, "params": {"C": 49617.644490446386, "gamma": 0.1951997187366602}, "datetime": {"datetime": "2021-10-04 12:36:33", "elapsed": 328.921645, "delta": 1.460632}}
{"target": -2.065023163897174, "params": {"C": 58432.84075312139, "gamma": 0.07436915636854732}, "datetime": {"datetime": "2021-10-04 12:36:35", "elapsed": 330.370144, "delta": 1.448499}}
{"target": -2.190890321565432, "params": {"C": 25677.381911622648, "gamma": 0.10783004791113275}, "datetime": {"datetime": "2021-10-04 12:36:36", "elapsed": 331.792966, "delta": 1.422822}}
{"target": -2.1618251065685654, "params": {"C": 71178.39301462, "gamma": 0.011830611042051041}, "datetime": {"datetime": "2021-10-04 12:36:37", "elapsed": 333.258934, "delta": 1.465968}}
{"target": -1.9056397261546285, "params": {"C": 30371.185517202648, "gamma": 0.055954931808619914}, "datetime": {"datetime": "2021-10-04 12:36:39", "elapsed": 334.758221, "delta": 1.499287}}
{"target": -2.137028702081659, "params": {"C": 57476.86657469444, "gamma": 0.013591158337448176}, "datetime": {"datetime": "2021-10-04 12:36:40", "elapsed": 336.329596, "delta": 1.571375}}
{"target": -2.5435880606468317, "params": {"C": 21652.56624478137, "gamma": 0.1880045740368704}, "datetime": {"datetime": "2021-10-04 12:36:42", "elapsed": 337.813099, "delta": 1.483503}}
{"target": -2.0396798106425167, "params": {"C": 78358.46362475635, "gamma": 0.06618602410177653}, "datetime": {"datetime": "2021-10-04 12:36:44", "elapsed": 340.146008, "delta": 2.332909}}
{"target": -2.1419727395285206, "params": {"C": 58486.398605852446, "gamma": 0.08533619822234044}, "datetime": {"datetime": "2021-10-04 12:36:46", "elapsed": 341.677831, "delta": 1.531823}}
{"target": -1.9799007557951573, "params": {"C": 55896.13395601178, "gamma": 0.06334275129174892}, "datetime": {"datetime": "2021-10-04 12:36:47", "elapsed": 343.140284, "delta": 1.462453}}
{"target": -1.8692898044390116, "params": {"C": 34693.89311790054, "gamma": 0.04458747383290909}, "datetime": {"datetime": "2021-10-04 12:36:49", "elapsed": 344.606918, "delta": 1.466634}}
{"target": -2.559906843871292, "params": {"C": 57855.469020434, "gamma": 0.17144571850458817}, "datetime": {"datetime": "2021-10-04 12:36:50", "elapsed": 346.164686, "delta": 1.557768}}
{"target": -1.9909491930446892, "params": {"C": 61189.676996332964, "gamma": 0.06372872986342634}, "datetime": {"datetime": "2021-10-04 12:36:52", "elapsed": 347.725971, "delta": 1.561285}}
{"target": -2.637995868783968, "params": {"C": 62572.328731810914, "gamma": 0.19250649535592598}, "datetime": {"datetime": "2021-10-04 12:36:54", "elapsed": 349.863278, "delta": 2.137307}}
