{"target": -2.151307035772738, "params": {"C": 13156.529553196553, "gamma": 0.09775466444894809}, "datetime": {"datetime": "2021-10-04 12:31:55", "elapsed": 37.082324, "delta": 0.501437}}
{"target": -2.452374560394419, "params": {"C": 33735.93967096391, "gamma": 0.2272638237858994}, "datetime": {"datetime": "2021-10-04 12:31:55", "elapsed": 37.536968, "delta": 0.454644}}
{"target": -2.1726885793739994, "params": {"C": 21927.74032178772, "gamma": 0.10985516491155342}, "datetime": {"datetime": "2021-10-04 12:31:56", "elapsed": 37.998606, "delta": 0.461638}}
{"target": -2.03887651488477, "params": {"C": 19227.165283927272, "gamma": 0.05243893358270896}, "datetime": {"datetime": "2021-10-04 12:31:56", "elapsed": 38.524657, "delta": 0.526051}}
{"target": -2.4500043664993556, "params": {"C": 19858.55977818836, "gamma": 0.23145480909023416}, "datetime": {"datetime": "2021-10-04 12:31:57", "elapsed": 39.079153, "delta": 0.554496}}
{"target": -2.0539781541875732, "params": {"C": 14089.855057038756, "gamma": 0.05995863766596364}, "datetime": {"datetime": "2021-10-04 12:31:57", "elapsed": 39.608464, "delta": 0.529311}}
{"target": -2.4435756377465827, "params": {"C": 27587.455298989153, "gamma": 0.22340283846768927}, "datetime": {"datetime": "2021-10-04 12:31:58", "elapsed": 40.147517, "delta": 0.539053}}
{"target": -2.5108177377551972, "params": {"C": 14666.78169172745, "gamma": 0.26416013408405015}, "datetime": {"datetime": "2021-10-04 12:31:58", "elapsed": 40.66461, "delta": 0.517093}}
{"target": -2.4532650716184783, "params": {"C": 12657.91709361313, "gamma": 0.22820878425624044}, "datetime": {"datetime": "2021-10-04 12:31:59", "elapsed": 41.195499, "delta": 0.530889}}
{"target": -2.1268991740000818, "params": {"C": 10123.267849753292, "gamma": 0.07912784467416983}, "datetime": {"datetime": "2021-10-04 12:31:59", "elapsed": 41.759489, "delta": 0.56399}}
{"target": -2.454745152117374, "params": {"C": 9708.376413009646, "gamma": 0.22016735368439344}, "datetime": {"datetime": "2021-10-04 12:32:00", "elapsed": 42.398745, "delta": 0.639256}}
{"target": -2.48702523276567, "params": {"C": 23558.084748199974, "gamma": 0.25300817100460843}, "datetime": {"datetime": "2021-10-04 12:32:01", "elapsed": 42.963428, "delta": 0.564683}}
{"target": -2.280198357150947, "params": {"C": 37431.3390605765, "gamma": 0.1366877712322446}, "datetime": {"datetime": "2021-10-04 12:32:01", "elapsed": 43.491427, "delta": 0.527999}}
{"target": -2.088100948574099, "params": {"C": 27864.91180961931, "gamma": 0.08556961412539912}, "datetime": {"datetime": "2021-10-04 12:32:02", "elapsed": 44.014787, "delta": 0.52336}}
{"target": -2.2517151409408096, "params": {"C": 22687.96860922315, "gamma": 0.13594267554326778}, "datetime": {"datetime": "2021-10-04 12:32:02", "elapsed": 44.531079, "delta": 0.516292}}
{"target": -2.4327722505632754, "params": {"C": 29720.148633232326, "gamma": 0.21496769958249318}, "datetime": {"datetime": "2021-10-04 12:32:03", "elapsed": 45.164072, "delta": 0.632993}}
{"target": -2.1501476166443596, "params": {"C": 28783.209642111786, "gamma": 0.10182695762498221}, "datetime": {"datetime": "2021-10-04 12:32:03", "elapsed": 45.718935, "delta": 0.554863}}
{"target": -2.532055571123659, "params": {"C": 21673.713467961526, "gamma": 0.2826604819533161}, "datetime": {"datetime": "2021-10-04 12:32:04", "elapsed": 46.267305, "delta": 0.54837}}
{"target": -2.5266764555974732, "params": {"C": 30742.11717804227, "gamma": 0.27980949941996064}, "datetime": {"datetime": "2021-10-04 12:32:04", "elapsed": 46.784407, "delta": 0.517102}}
{"target": -2.2028319731661767, "params": {"C": 20813.428028275008, "gamma": 0.0261253545062762}, "datetime": {"datetime": "2021-10-04 12:32:05", "elapsed": 47.323679, "delta": 0.539272}}
{"target": -2.1765087317746405, "params": {"C": 17672.326451789588, "gamma": 0.10925301555518335}, "datetime": {"datetime": "2021-10-04 12:32:05", "elapsed": 47.925451, "delta": 0.601772}}
{"target": -2.0484291014682, "params": {"C": 26078.11886877298, "gamma": 0.0755677361872292}, "datetime": {"datetime": "2021-10-04 12:32:06", "elapsed": 48.510926, "delta": 0.585475}}
{"target": -2.3492548029264895, "params": {"C": 27795.799122657125, "gamma": 0.17443716828266853}, "datetime": {"datetime": "2021-10-04 12:32:07", "elapsed": 49.08258, "delta": 0.571654}}
{"target": -2.112997823381727, "params": {"C": 18597.944993972385, "gamma": 0.09177291842186358}, "datetime": {"datetime": "2021-10-04 12:32:07", "elapsed": 49.731279, "delta": 0.648699}}
{"target": -2.1288135331778366, "params": {"C": 21153.811507379825, "gamma": 0.03333910471960652}, "datetime": {"datetime": "2021-10-04 12:32:08", "elapsed": 50.35503, "delta": 0.623751}}
{"target": -2.492887669782308, "params": {"C": 38854.304077442976, "gamma": 0.2542700596389144}, "datetime": {"datetime": "2021-10-04 12:32:08", "elapsed": 50.934702, "delta": 0.579672}}
{"target": -2.2213671260507137, "params": {"C": 24976.12349730821, "gamma": 0.12417572309731974}, "datetime": {"datetime": "2021-10-04 12:32:09", "elapsed": 51.552059, "delta": 0.617357}}
{"target": -2.555709050634768, "params": {"C": 11781.76284091221, "gamma": 0.2797184193440151}, "datetime": {"datetime": "2021-10-04 12:32:10", "elapsed": 52.122202, "delta": 0.570143}}
{"target": -2.398289730091457, "params": {"C": 34602.4596453815, "gamma": 0.19261462219728007}, "datetime": {"datetime": "2021-10-04 12:32:10", "elapsed": 52.677109, "delta": 0.554907}}
{"target": -2.4996768040273367, "params": {"C": 17034.747347272896, "gamma": 0.26084699962389785}, "datetime": {"datetime": "2021-10-04 12:32:11", "elapsed": 53.309943, "delta": 0.632834}}
{"target": -2.071572423544353, "params": {"C": 17003.25240552889, "gamma": 0.07961423463567906}, "datetime": {"datetime": "2021-10-04 12:32:11", "elapsed": 53.89608, "delta": 0.586137}}
{"target": -2.56159702601977, "params": {"C": 14580.795015959706, "gamma": 0.29216293108053837}, "datetime": {"datetime": "2021-10-04 12:32:12", "elapsed": 54.51339, "delta": 0.61731}}
{"target": -2.1495189002007495, "params": {"C": 35892.71998180633, "gamma": 0.09864466804541398}, "datetime": {"datetime": "2021-10-04 12:32:13", "elapsed": 55.082596, "delta": 0.569206}}
{"target": -2.2271761842097497, "params": {"C": 15257.376703106398, "gamma": 0.1254206527655664}, "datetime": {"datetime": "2021-10-04 12:32:13", "elapsed": 55.681243, "delta": 0.598647}}
{"target": -2.5245648283375304, "params": {"C": 33584.41312592728, "gamma": 0.2776157989072799}, "datetime": {"datetime": "2021-10-04 12:32:14", "elapsed": 56.251701, "delta": 0.570458}}
{"target": -2.2735195572921834, "params": {"C": 25743.018160127343, "gamma": 0.14251295350328963}, "datetime": {"datetime": "2021-10-04 12:32:14", "elapsed": 56.83783, "delta": 0.586129}}
{"target": -2.0939741716774516, "params": {"C": 20316.869365767358, "gamma": 0.08759351997271825}, "datetime": {"datetime": "2021-10-04 12:32:15", "elapsed": 57.512563, "delta": 0.674733}}
{"target": -2.052160497922946, "params": {"C": 31805.583170508755, "gamma": 0.04073003347310604}, "datetime": {"datetime": "2021-10-04 12:32:16", "elapsed": 58.073795, "delta": 0.561232}}
{"target": -2.4721495445337442, "params": {"C": 32054.235037759787, "gamma": 0.24129059374355322}, "datetime": {"datetime": "2021-10-04 12:32:16", "elapsed": 58.674052, "delta": 0.600257}}
{"target": -2.3177767029493204, "params": {"C": 27284.192786226373, "gamma": 0.016699419364153263}, "datetime": {"datetime": "2021-10-04 12:32:17", "elapsed": 59.240005, "delta": 0.565953}}
{"target": -2.8318078283369963, "params": {"C": 14848.428546641308, "gamma": 0.004573654673498173}, "datetime": {"datetime": "2021-10-04 12:32:17", "elapsed": 59.888717, "delta": 0.648712}}
{"target": -2.491506927079223, "params": {"C": 14566.470687980462, "gamma": 0.2538856588848596}, "datetime": {"datetime": "2021-10-04 12:32:18", "elapsed": 60.558811, "delta": 0.670094}}
{"target": -2.416309420375063, "params": {"C": 23141.71860459574, "gamma": 0.012004458474950021}, "datetime": {"datetime": "2021-10-04 12:32:19", "elapsed": 61.309166, "delta": 0.750355}}
{"target": -2.203128603498425, "params": {"C": 26646.483322670712, "gamma": 0.11780446015375177}, "datetime": {"datetime": "2021-10-04 12:32:19", "elapsed": 61.910938, "delta": 0.601772}}
{"target": -2.362638622498723, "params": {"C": 14135.981925866585, "gamma": 0.185374856867323}, "datetime": {"datetime": "2021-10-04 12:32:20", "elapsed": 62.512794, "delta": 0.601856}}
{"target": -2.27491484962513, "params": {"C": 10124.38152670074, "gamma": 0.1353875660562084}, "datetime": {"datetime": "2021-10-04 12:32:21", "elapsed": 63.203114, "delta": 0.69032}}
{"target": -2.2894293582818115, "params": {"C": 17123.172730531805, "gamma": 0.022009281146976117}, "datetime": {"datetime": "2021-10-04 12:32:21", "elapsed": 63.82052, "delta": 0.617406}}
{"target": -2.3107318872851894, "params": {"C": 20974.781095495462, "gamma": 0.01875777924599365}, "datetime": {"datetime": "2021-10-04 12:32:22", "elapsed": 64.452878, "delta": 0.632358}}
{"target": -2.3514148453976547, "params": {"C": 20966.90332116526, "gamma": 0.1794520124744363}, "datetime": {"datetime": "2021-10-04 12:32:23", "elapsed": 65.13939, "delta": 0.686512}}
{"target": -2.306100686022571, "params": {"C": 34422.17179277264, "gamma": 0.14981078845893175}, "datetime": {"datetime": "2021-10-04 12:32:23", "elapsed": 65.762871, "delta": 0.623481}}
{"target": -2.2495424603442458, "params": {"C": 13427.62671604951, "gamma": 0.13226113534771333}, "datetime": {"datetime": "2021-10-04 12:32:24", "elapsed": 66.415225, "delta": 0.652354}}
{"target": -2.7128259229357194, "params": {"C": 14920.663152214545, "gamma": 0.006072804315443204}, "datetime": {"datetime": "2021-10-04 12:32:25", "elapsed": 67.155488, "delta": 0.740263}}
{"target": -2.1130634425883947, "params": {"C": 38833.854586936475, "gamma": 0.08848530910680248}, "datetime": {"datetime": "2021-10-04 12:32:25", "elapsed": 67.776326, "delta": 0.620838}}
{"target": -2.0441175137478442, "params": {"C": 28189.006922105014, "gamma": 0.0437928326722061}, "datetime": {"datetime": "2021-10-04 12:32:26", "elapsed": 68.524481, "delta": 0.748155}}
{"target": -2.063444100639416, "params": {"C": 22416.641999995147, "gamma": 0.07991924438788693}, "datetime": {"datetime": "2021-10-04 12:32:27", "elapsed": 69.301954, "delta": 0.777473}}
{"target": -2.2614303401983498, "params": {"C": 9480.27464528856, "gamma": 0.12836893686043033}, "datetime": {"datetime": "2021-10-04 12:32:28", "elapsed": 69.955497, "delta": 0.653543}}
{"target": -2.357592517713055, "params": {"C": 18717.469418112312, "gamma": 0.18299194526326787}, "datetime": {"datetime": "2021-10-04 12:32:28", "elapsed": 70.594674, "delta": 0.639177}}
{"target": -2.4700090061685636, "params": {"C": 20423.98682032012, "gamma": 0.2426426554278258}, "datetime": {"datetime": "2021-10-04 12:32:29", "elapsed": 71.212105, "delta": 0.617431}}
{"target": -2.239516414549479, "params": {"C": 12786.071330081697, "gamma": 0.12670313624908627}, "datetime": {"datetime": "2021-10-04 12:32:29", "elapsed": 71.870019, "delta": 0.657914}}
{"target": -2.2340022563816855, "params": {"C": 20475.515893524756, "gamma": 0.13132148214755143}, "datetime": {"datetime": "2021-10-04 12:32:30", "elapsed": 72.656501, "delta": 0.786482}}
{"target": -2.1793145640390623, "params": {"C": 38704.264144863875, "gamma": 0.02592467939375001}, "datetime": {"datetime": "2021-10-04 12:32:31", "elapsed": 73.306858, "delta": 0.650357}}
{"target": -2.3875417067885714, "params": {"C": 15582.29181245511, "gamma": 0.19766908525239912}, "datetime": {"datetime": "2021-10-04 12:32:32", "elapsed": 74.012187, "delta": 0.705329}}
{"target": -2.3520739995520046, "params": {"C": 38016.88704698294, "gamma": 0.1698770325743928}, "datetime": {"datetime": "2021-10-04 12:32:32", "elapsed": 74.729142, "delta": 0.716955}}
{"target": -2.131130904705762, "params": {"C": 28902.841988813605, "gamma": 0.03142885934119129}, "datetime": {"datetime": "2021-10-04 12:32:33", "elapsed": 75.500264, "delta": 0.771122}}
{"target": -2.035942960986235, "params": {"C": 21100.718988179247, "gamma": 0.05147650819505058}, "datetime": {"datetime": "2021-10-04 12:32:34", "elapsed": 76.323245, "delta": 0.822981}}
{"target": -2.4604737922872806, "params": {"C": 39994.97753386084, "gamma": 0.23074027682078388}, "datetime": {"datetime": "2021-10-04 12:32:35", "elapsed": 77.188071, "delta": 0.864826}}
{"target": -2.488607564200544, "params": {"C": 24741.340018697476, "gamma": 0.2540430960084237}, "datetime": {"datetime": "2021-10-04 12:32:36", "elapsed": 78.012352, "delta": 0.824281}}
{"target": -2.450809533515396, "params": {"C": 37482.22563581054, "gamma": 0.2244718898988638}, "datetime": {"datetime": "2021-10-04 12:32:36", "elapsed": 78.84462, "delta": 0.832268}}
{"target": -2.361843688068228, "params": {"C": 27907.732584051653, "gamma": 0.01400422938455338}, "datetime": {"datetime": "2021-10-04 12:32:37", "elapsed": 79.630666, "delta": 0.786046}}
{"target": -2.0880396136420507, "params": {"C": 12797.950882256639, "gamma": 0.05170515588395663}, "datetime": {"datetime": "2021-10-04 12:32:38", "elapsed": 80.470552, "delta": 0.839886}}
{"target": -2.435003700987048, "params": {"C": 9907.196957789349, "gamma": 0.017763791950296037}, "datetime": {"datetime": "2021-10-04 12:32:39", "elapsed": 81.141315, "delta": 0.670763}}
{"target": -2.442440225246945, "params": {"C": 32255.394720692704, "gamma": 0.22025182559394843}, "datetime": {"datetime": "2021-10-04 12:32:39", "elapsed": 81.784966, "delta": 0.643651}}
{"target": -2.1533738657454684, "params": {"C": 22693.24074301626, "gamma": 0.10416006871206969}, "datetime": {"datetime": "2021-10-04 12:32:40", "elapsed": 82.471387, "delta": 0.686421}}
{"target": -2.4591541334766363, "params": {"C": 11357.674653827959, "gamma": 0.22829739894900256}, "datetime": {"datetime": "2021-10-04 12:32:41", "elapsed": 83.132626, "delta": 0.661239}}
{"target": -2.3679061115498996, "params": {"C": 20677.12770187165, "gamma": 0.1867123126480384}, "datetime": {"datetime": "2021-10-04 12:32:41", "elapsed": 83.834825, "delta": 0.702199}}
{"target": -2.4525340056999827, "params": {"C": 21072.046921234112, "gamma": 0.23219712018758498}, "datetime": {"datetime": "2021-10-04 12:32:42", "elapsed": 84.474067, "delta": 0.639242}}
{"target": -2.4059679712554924, "params": {"C": 37124.50823004224, "gamma": 0.19535014388223337}, "datetime": {"datetime": "2021-10-04 12:32:43", "elapsed": 85.154032, "delta": 0.679965}}
{"target": -2.4415950312713472, "params": {"C": 37785.57538541367, "gamma": 0.2174427626031072}, "datetime": {"datetime": "2021-10-04 12:32:44", "elapsed": 86.050882, "delta": 0.89685}}
{"target": -2.2944370141826256, "params": {"C": 21320.18694611083, "gamma": 0.1553607810530467}, "datetime": {"datetime": "2021-10-04 12:32:44", "elapsed": 86.759313, "delta": 0.708431}}
{"target": -2.4927098599649375, "params": {"C": 20549.445343909483, "gamma": 0.25718807550253514}, "datetime": {"datetime": "2021-10-04 12:32:45", "elapsed": 87.42355, "delta": 0.664237}}
{"target": -2.0317724264503925, "params": {"C": 23112.40582020578, "gamma": 0.05795646687529121}, "datetime": {"datetime": "2021-10-04 12:32:46", "elapsed": 88.12526, "delta": 0.70171}}
{"target": -2.4483870624792834, "params": {"C": 29163.35898241592, "gamma": 0.22590451494893796}, "datetime": {"datetime": "2021-10-04 12:32:46", "elapsed": 88.795838, "delta": 0.670578}}
{"target": -2.2317960650254536, "params": {"C": 17803.963933208022, "gamma": 0.13058166133229396}, "datetime": {"datetime": "2021-10-04 12:32:47", "elapsed": 89.628719, "delta": 0.832881}}
{"target": -2.3351957363920417, "params": {"C": 25768.350628222903, "gamma": 0.016002961786231028}, "datetime": {"datetime": "2021-10-04 12:32:48", "elapsed": 90.399464, "delta": 0.770745}}
{"target": -2.135479663490153, "params": {"C": 9478.851580058035, "gamma": 0.07808991253600726}, "datetime": {"datetime": "2021-10-04 12:32:49", "elapsed": 91.132794, "delta": 0.73333}}
{"target": -2.5526684537534607, "params": {"C": 24135.2377793814, "gamma": 0.2969518153736528}, "datetime": {"datetime": "2021-10-04 12:32:50", "elapsed": 92.019898, "delta": 0.887104}}
{"target": -2.527398320833246, "params": {"C": 38240.750900821644, "gamma": 0.2781230684320312}, "datetime": {"datetime": "2021-10-04 12:32:50", "elapsed": 92.690386, "delta": 0.670488}}
{"target": -2.440464586427538, "params": {"C": 32043.60490355281, "gamma": 0.2189413584028765}, "datetime": {"datetime": "2021-10-04 12:32:51", "elapsed": 93.407712, "delta": 0.717326}}
{"target": -2.2970698155249534, "params": {"C": 9553.10910087083, "gamma": 0.1424501872949478}, "datetime": {"datetime": "2021-10-04 12:32:52", "elapsed": 94.150862, "delta": 0.74315}}
{"target": -2.496726379588484, "params": {"C": 28747.585529380158, "gamma": 0.2604562506914448}, "datetime": {"datetime": "2021-10-04 12:32:52", "elapsed": 94.858029, "delta": 0.707167}}
{"target": -2.2830371882592124, "params": {"C": 21590.769903356308, "gamma": 0.1496280088306341}, "datetime": {"datetime": "2021-10-04 12:32:53", "elapsed": 95.601785, "delta": 0.743756}}
{"target": -2.032450772889927, "params": {"C": 22103.665904638343, "gamma": 0.05980230071431007}, "datetime": {"datetime": "2021-10-04 12:32:54", "elapsed": 96.469642, "delta": 0.867857}}
{"target": -2.5614713590901004, "params": {"C": 13222.512895348385, "gamma": 0.28777068319241}, "datetime": {"datetime": "2021-10-04 12:32:55", "elapsed": 97.219976, "delta": 0.750334}}
{"target": -2.0435668395336477, "params": {"C": 35291.015399359, "gamma": 0.04870849786051179}, "datetime": {"datetime": "2021-10-04 12:32:56", "elapsed": 97.943854, "delta": 0.723878}}
{"target": -2.03361043774942, "params": {"C": 35095.42119954004, "gamma": 0.056251142717807526}, "datetime": {"datetime": "2021-10-04 12:32:56", "elapsed": 98.706646, "delta": 0.762792}}
{"target": -2.4281535208375686, "params": {"C": 31547.291658238424, "gamma": 0.2110371223385926}, "datetime": {"datetime": "2021-10-04 12:32:57", "elapsed": 99.450242, "delta": 0.743596}}
{"target": -2.0570224776512425, "params": {"C": 35068.26348631487, "gamma": 0.07549919692265433}, "datetime": {"datetime": "2021-10-04 12:32:58", "elapsed": 100.214838, "delta": 0.764596}}
{"target": -2.031198530259586, "params": {"C": 34743.60074476819, "gamma": 0.058302417139864254}, "datetime": {"datetime": "2021-10-04 12:32:59", "elapsed": 101.070571, "delta": 0.855733}}
{"target": -2.0681053525031854, "params": {"C": 13870.550216355576, "gamma": 0.07285366555626827}, "datetime": {"datetime": "2021-10-04 12:32:59", "elapsed": 101.89876, "delta": 0.828189}}
{"target": -2.528643769882502, "params": {"C": 15375.507621726443, "gamma": 0.27546702961547037}, "datetime": {"datetime": "2021-10-04 12:33:00", "elapsed": 102.704884, "delta": 0.806124}}
{"target": -2.180388603505161, "params": {"C": 17105.002203638345, "gamma": 0.11008806847314975}, "datetime": {"datetime": "2021-10-04 12:33:01", "elapsed": 103.682868, "delta": 0.977984}}
{"target": -2.0367509824026877, "params": {"C": 37742.59995370681, "gamma": 0.06426039274061761}, "datetime": {"datetime": "2021-10-04 12:33:02", "elapsed": 104.477968, "delta": 0.7951}}
{"target": -2.1549709863269353, "params": {"C": 23966.8148050196, "gamma": 0.029584916795394257}, "datetime": {"datetime": "2021-10-04 12:33:03", "elapsed": 105.286884, "delta": 0.808916}}
{"target": -2.5253582993370114, "params": {"C": 32698.759604374496, "gamma": 0.2783841479899021}, "datetime": {"datetime": "2021-10-04 12:33:04", "elapsed": 106.108362, "delta": 0.821478}}
{"target": -2.4755117004902853, "params": {"C": 13329.208463913605, "gamma": 0.2422363884835335}, "datetime": {"datetime": "2021-10-04 12:33:05", "elapsed": 107.12449, "delta": 1.016128}}
{"target": -2.2736802756840446, "params": {"C": 34128.46919073373, "gamma": 0.13639664841010546}, "datetime": {"datetime": "2021-10-04 12:33:06", "elapsed": 107.995201, "delta": 0.870711}}
{"target": -2.0641984419974126, "params": {"C": 39444.113393273496, "gamma": 0.07523111148308434}, "datetime": {"datetime": "2021-10-04 12:33:06", "elapsed": 108.828519, "delta": 0.833318}}
{"target": -2.444624763944744, "params": {"C": 37114.92452931041, "gamma": 0.21997521976690446}, "datetime": {"datetime": "2021-10-04 12:33:07", "elapsed": 109.661951, "delta": 0.833432}}
{"target": -2.3986053236621903, "params": {"C": 10205.407664170252, "gamma": 0.1941955303117653}, "datetime": {"datetime": "2021-10-04 12:33:08", "elapsed": 110.480764, "delta": 0.818813}}
{"target": -2.0752912253116382, "params": {"C": 12174.917592298172, "gamma": 0.0572775132310077}, "datetime": {"datetime": "2021-10-04 12:33:09", "elapsed": 111.561864, "delta": 1.0811}}
{"target": -2.5621596798470674, "params": {"C": 16123.159765090764, "gamma": 0.297041167026546}, "datetime": {"datetime": "2021-10-04 12:33:10", "elapsed": 112.433323, "delta": 0.871459}}
{"target": -2.358274874724199, "params": {"C": 36129.95314050588, "gamma": 0.17374332491039063}, "datetime": {"datetime": "2021-10-04 12:33:11", "elapsed": 113.457258, "delta": 1.023935}}
{"target": -2.322312090645969, "params": {"C": 37420.23374582642, "gamma": 0.15498147669166193}, "datetime": {"datetime": "2021-10-04 12:33:12", "elapsed": 114.452624, "delta": 0.995366}}
{"target": -2.204682739637795, "params": {"C": 20614.59653276421, "gamma": 0.12063871396872149}, "datetime": {"datetime": "2021-10-04 12:33:13", "elapsed": 115.256114, "delta": 0.80349}}
{"target": -2.181229503618106, "params": {"C": 28908.740805877515, "gamma": 0.1108261059522463}, "datetime": {"datetime": "2021-10-04 12:33:14", "elapsed": 116.286067, "delta": 1.029953}}
{"target": -2.382319873563919, "params": {"C": 10206.231085760995, "gamma": 0.18694635240881793}, "datetime": {"datetime": "2021-10-04 12:33:15", "elapsed": 117.150679, "delta": 0.864612}}
{"target": -2.036730411358036, "params": {"C": 26182.448203802607, "gamma": 0.04957011946805781}, "datetime": {"datetime": "2021-10-04 12:33:16", "elapsed": 118.147169, "delta": 0.99649}}
