{"target": 0.9071768885575942, "params": {"C": 97753.36269182478, "gamma": 0.0793279094990508}, "datetime": {"datetime": "2021-10-04 09:59:12", "elapsed": 321.028974, "delta": 1.679575}}
{"target": 0.9146447830725942, "params": {"C": 77334.68913050517, "gamma": 0.027335574591635797}, "datetime": {"datetime": "2021-10-04 09:59:14", "elapsed": 323.419651, "delta": 2.390677}}
{"target": 0.8759490340844627, "params": {"C": 76417.8568575682, "gamma": 0.013286994151257128}, "datetime": {"datetime": "2021-10-04 09:59:16", "elapsed": 325.025094, "delta": 1.605443}}
{"target": 0.8976919044862044, "params": {"C": 105113.80667985202, "gamma": 0.09249623169391882}, "datetime": {"datetime": "2021-10-04 09:59:18", "elapsed": 326.986489, "delta": 1.961395}}
{"target": 0.8957283641353218, "params": {"C": 97717.46277706456, "gamma": 0.09790060263428697}, "datetime": {"datetime": "2021-10-04 09:59:19", "elapsed": 328.534886, "delta": 1.548397}}
{"target": 0.923323208307995, "params": {"C": 86574.14329775872, "gamma": 0.05680603526060057}, "datetime": {"datetime": "2021-10-04 09:59:21", "elapsed": 330.160213, "delta": 1.625327}}
{"target": 0.9076997742095967, "params": {"C": 102346.41342596136, "gamma": 0.07739605613315349}, "datetime": {"datetime": "2021-10-04 09:59:23", "elapsed": 331.801536, "delta": 1.641323}}
{"target": 0.9122105132358136, "params": {"C": 88223.48422916977, "gamma": 0.025220775162725213}, "datetime": {"datetime": "2021-10-04 09:59:25", "elapsed": 334.534077, "delta": 2.732541}}
{"target": 0.8973878363192692, "params": {"C": 106055.43460216234, "gamma": 0.09275640629233675}, "datetime": {"datetime": "2021-10-04 09:59:27", "elapsed": 336.181087, "delta": 1.64701}}
{"target": 0.9241203869811083, "params": {"C": 103736.03694137538, "gamma": 0.05217122690667577}, "datetime": {"datetime": "2021-10-04 09:59:28", "elapsed": 337.681382, "delta": 1.500295}}
{"target": 0.9171815055196763, "params": {"C": 76242.14253308444, "gamma": 0.06921211124470568}, "datetime": {"datetime": "2021-10-04 09:59:30", "elapsed": 339.573467, "delta": 1.892085}}
{"target": 0.8851324581356761, "params": {"C": 95696.34674721744, "gamma": 0.01570849391108205}, "datetime": {"datetime": "2021-10-04 09:59:32", "elapsed": 341.144081, "delta": 1.570614}}
{"target": 0.9069201383987928, "params": {"C": 88277.36201083772, "gamma": 0.022954199019080523}, "datetime": {"datetime": "2021-10-04 09:59:34", "elapsed": 342.859675, "delta": 1.715594}}
{"target": 0.8990461654754736, "params": {"C": 77799.17857123606, "gamma": 0.09778132696227006}, "datetime": {"datetime": "2021-10-04 09:59:36", "elapsed": 344.971936, "delta": 2.112261}}
{"target": 0.927308490565558, "params": {"C": 73105.94546065059, "gamma": 0.043306312476451087}, "datetime": {"datetime": "2021-10-04 09:59:37", "elapsed": 346.309814, "delta": 1.337878}}
{"target": 0.9023599844041033, "params": {"C": 82842.90152649197, "gamma": 0.09086504656255641}, "datetime": {"datetime": "2021-10-04 09:59:39", "elapsed": 347.886449, "delta": 1.576635}}
{"target": 0.9000857198646767, "params": {"C": 91412.00973081627, "gamma": 0.09223916730920406}, "datetime": {"datetime": "2021-10-04 09:59:40", "elapsed": 349.489699, "delta": 1.60325}}
{"target": 0.9191636618758077, "params": {"C": 85964.83465732505, "gamma": 0.06400592527879786}, "datetime": {"datetime": "2021-10-04 09:59:42", "elapsed": 351.152521, "delta": 1.662822}}
{"target": 0.8928149215051381, "params": {"C": 105300.56143607349, "gamma": 0.017564731558294144}, "datetime": {"datetime": "2021-10-04 09:59:44", "elapsed": 353.30415, "delta": 2.151629}}
{"target": 0.9273891233655401, "params": {"C": 90061.6843954236, "gamma": 0.04524880711633805}, "datetime": {"datetime": "2021-10-04 09:59:46", "elapsed": 354.919185, "delta": 1.615035}}
{"target": 0.8695692127697552, "params": {"C": 84238.4155177814, "gamma": 0.010412757345042871}, "datetime": {"datetime": "2021-10-04 09:59:48", "elapsed": 356.999425, "delta": 2.08024}}
{"target": 0.9139364041769678, "params": {"C": 88438.58257563776, "gamma": 0.07147388840743946}, "datetime": {"datetime": "2021-10-04 09:59:49", "elapsed": 358.661759, "delta": 1.662334}}
{"target": 0.8649221223757182, "params": {"C": 82857.88095652344, "gamma": 0.006812995792503137}, "datetime": {"datetime": "2021-10-04 09:59:52", "elapsed": 360.744378, "delta": 2.082619}}
{"target": 0.9032086872381463, "params": {"C": 95441.94047976265, "gamma": 0.08607628713297848}, "datetime": {"datetime": "2021-10-04 09:59:53", "elapsed": 362.367284, "delta": 1.622906}}
{"target": 0.9125463463281002, "params": {"C": 89581.18436219872, "gamma": 0.07328813562872548}, "datetime": {"datetime": "2021-10-04 09:59:55", "elapsed": 363.99495, "delta": 1.627666}}
{"target": 0.9107132588932862, "params": {"C": 73053.20208607476, "gamma": 0.08015214392089964}, "datetime": {"datetime": "2021-10-04 09:59:56", "elapsed": 365.684117, "delta": 1.689167}}
{"target": 0.9041140450211439, "params": {"C": 87884.21026926376, "gamma": 0.08666242479419846}, "datetime": {"datetime": "2021-10-04 09:59:58", "elapsed": 367.273855, "delta": 1.589738}}
{"target": 0.9190027429200336, "params": {"C": 80046.09696397654, "gamma": 0.06548140808528854}, "datetime": {"datetime": "2021-10-04 10:00:00", "elapsed": 368.909962, "delta": 1.636107}}
{"target": 0.9158177037721362, "params": {"C": 100443.58393613702, "gamma": 0.06600809816970875}, "datetime": {"datetime": "2021-10-04 10:00:02", "elapsed": 370.915509, "delta": 2.005547}}
{"target": 0.8481651474794089, "params": {"C": 93546.8086879703, "gamma": 0.0030121556694197443}, "datetime": {"datetime": "2021-10-04 10:00:03", "elapsed": 372.698168, "delta": 1.782659}}
{"target": 0.9014707872494562, "params": {"C": 89973.19594868079, "gamma": 0.02088029101308583}, "datetime": {"datetime": "2021-10-04 10:00:05", "elapsed": 374.702332, "delta": 2.004164}}
{"target": 0.8663815570344345, "params": {"C": 95812.27204893564, "gamma": 0.008243010259235618}, "datetime": {"datetime": "2021-10-04 10:00:07", "elapsed": 376.453795, "delta": 1.751463}}
{"target": 0.833233903659938, "params": {"C": 106712.19731897757, "gamma": 0.0018945199580223805}, "datetime": {"datetime": "2021-10-04 10:00:10", "elapsed": 379.284281, "delta": 2.830486}}
{"target": 0.906182520569049, "params": {"C": 86535.04446760798, "gamma": 0.08375798787719661}, "datetime": {"datetime": "2021-10-04 10:00:12", "elapsed": 381.123922, "delta": 1.839641}}
{"target": 0.9274426853490663, "params": {"C": 78930.63054093542, "gamma": 0.045998365362486825}, "datetime": {"datetime": "2021-10-04 10:00:14", "elapsed": 383.640663, "delta": 2.516741}}
{"target": 0.9127565000251757, "params": {"C": 100940.63097961343, "gamma": 0.024677764587584496}, "datetime": {"datetime": "2021-10-04 10:00:16", "elapsed": 385.428845, "delta": 1.788182}}
{"target": 0.9081142245256238, "params": {"C": 87630.28753674691, "gamma": 0.08047768023039491}, "datetime": {"datetime": "2021-10-04 10:00:20", "elapsed": 389.460451, "delta": 4.031606}}
{"target": 0.9246893611217823, "params": {"C": 96205.80393828824, "gamma": 0.052399341445019086}, "datetime": {"datetime": "2021-10-04 10:00:22", "elapsed": 391.361099, "delta": 1.900648}}
{"target": 0.9032600401671665, "params": {"C": 96089.92756573335, "gamma": 0.08582219156924184}, "datetime": {"datetime": "2021-10-04 10:00:24", "elapsed": 393.734907, "delta": 2.373808}}
{"target": 0.9237876454732129, "params": {"C": 106444.53536328778, "gamma": 0.03187139483866559}, "datetime": {"datetime": "2021-10-04 10:00:26", "elapsed": 395.554049, "delta": 1.819142}}
{"target": 0.8343901711497599, "params": {"C": 76147.3798307251, "gamma": 0.002329043988174147}, "datetime": {"datetime": "2021-10-04 10:00:28", "elapsed": 397.408539, "delta": 1.85449}}
{"target": 0.8679551921035275, "params": {"C": 87665.59848980738, "gamma": 0.009430081702781513}, "datetime": {"datetime": "2021-10-04 10:00:30", "elapsed": 399.154088, "delta": 1.745549}}
{"target": 0.9040304448641338, "params": {"C": 95772.59715250041, "gamma": 0.08469026160966528}, "datetime": {"datetime": "2021-10-04 10:00:32", "elapsed": 400.854685, "delta": 1.700597}}
{"target": 0.8963812808426624, "params": {"C": 104372.20263197018, "gamma": 0.09493811768851741}, "datetime": {"datetime": "2021-10-04 10:00:34", "elapsed": 403.186968, "delta": 2.332283}}
{"target": 0.914692198231116, "params": {"C": 85378.17992963505, "gamma": 0.07103875437844571}, "datetime": {"datetime": "2021-10-04 10:00:36", "elapsed": 404.889037, "delta": 1.702069}}
{"target": 0.8795030079223911, "params": {"C": 74487.77006757009, "gamma": 0.014595302842535258}, "datetime": {"datetime": "2021-10-04 10:00:38", "elapsed": 407.300605, "delta": 2.411568}}
{"target": 0.9252988077632807, "params": {"C": 73272.2721762158, "gamma": 0.0547040886808492}, "datetime": {"datetime": "2021-10-04 10:00:40", "elapsed": 409.62934, "delta": 2.328735}}
{"target": 0.9229476975772752, "params": {"C": 94871.57683067149, "gamma": 0.055975145798211244}, "datetime": {"datetime": "2021-10-04 10:00:43", "elapsed": 411.95988, "delta": 2.33054}}
{"target": 0.9063731944018492, "params": {"C": 92573.10327946738, "gamma": 0.022490135511879745}, "datetime": {"datetime": "2021-10-04 10:00:45", "elapsed": 414.255385, "delta": 2.295505}}
{"target": 0.9133398045333916, "params": {"C": 85864.75387081564, "gamma": 0.07297393710035875}, "datetime": {"datetime": "2021-10-04 10:00:47", "elapsed": 416.282808, "delta": 2.027423}}
{"target": 0.913047734737279, "params": {"C": 76552.802298946, "gamma": 0.026556364417186312}, "datetime": {"datetime": "2021-10-04 10:00:49", "elapsed": 417.965254, "delta": 1.682446}}
{"target": 0.8654058167736098, "params": {"C": 77426.20634463454, "gamma": 0.007257518443895241}, "datetime": {"datetime": "2021-10-04 10:00:52", "elapsed": 420.89354, "delta": 2.928286}}
{"target": 0.921000602939221, "params": {"C": 95533.46966335343, "gamma": 0.05914894316039856}, "datetime": {"datetime": "2021-10-04 10:00:53", "elapsed": 422.65653, "delta": 1.76299}}
{"target": 0.9273759115294254, "params": {"C": 77413.29711909036, "gamma": 0.042451072785293295}, "datetime": {"datetime": "2021-10-04 10:00:55", "elapsed": 424.689793, "delta": 2.033263}}
{"target": 0.9133161507298984, "params": {"C": 86410.74800974304, "gamma": 0.07288105096658308}, "datetime": {"datetime": "2021-10-04 10:00:58", "elapsed": 427.269555, "delta": 2.579762}}
{"target": 0.9186986117392363, "params": {"C": 105956.50595730523, "gamma": 0.06064019506019583}, "datetime": {"datetime": "2021-10-04 10:01:00", "elapsed": 429.258356, "delta": 1.988801}}
{"target": 0.9009699694580783, "params": {"C": 81082.89340157047, "gamma": 0.09363947232809987}, "datetime": {"datetime": "2021-10-04 10:01:03", "elapsed": 432.688677, "delta": 3.430321}}
{"target": 0.8975445012029918, "params": {"C": 87661.97060105883, "gamma": 0.09756293412784287}, "datetime": {"datetime": "2021-10-04 10:01:05", "elapsed": 434.608151, "delta": 1.919474}}
{"target": 0.9260688031129142, "params": {"C": 91883.33219163559, "gamma": 0.03621818707941633}, "datetime": {"datetime": "2021-10-04 10:01:07", "elapsed": 436.421637, "delta": 1.813486}}
{"target": 0.925729329061339, "params": {"C": 76197.61950697422, "gamma": 0.053206024324113546}, "datetime": {"datetime": "2021-10-04 10:01:09", "elapsed": 438.466986, "delta": 2.045349}}
{"target": 0.8600907399723543, "params": {"C": 97986.83609150816, "gamma": 0.004467848682887451}, "datetime": {"datetime": "2021-10-04 10:01:11", "elapsed": 440.281844, "delta": 1.814858}}
{"target": 0.9139699412882318, "params": {"C": 78445.3564448576, "gamma": 0.02686942691822242}, "datetime": {"datetime": "2021-10-04 10:01:13", "elapsed": 442.442178, "delta": 2.160334}}
{"target": 0.8626353589891229, "params": {"C": 91425.54173999451, "gamma": 0.005361665002089074}, "datetime": {"datetime": "2021-10-04 10:01:15", "elapsed": 444.518925, "delta": 2.076747}}
{"target": 0.901954015643216, "params": {"C": 74270.24299045869, "gamma": 0.09391001451102651}, "datetime": {"datetime": "2021-10-04 10:01:17", "elapsed": 446.403056, "delta": 1.884131}}
{"target": 0.9236881072258898, "params": {"C": 101425.17976396783, "gamma": 0.03206367377474808}, "datetime": {"datetime": "2021-10-04 10:01:20", "elapsed": 449.583689, "delta": 3.180633}}
{"target": 0.9275468171767698, "params": {"C": 91908.97961407018, "gamma": 0.041786069866726686}, "datetime": {"datetime": "2021-10-04 10:01:22", "elapsed": 451.675407, "delta": 2.091718}}
{"target": 0.9213389040295364, "params": {"C": 90668.57119020283, "gamma": 0.03062016604042638}, "datetime": {"datetime": "2021-10-04 10:01:24", "elapsed": 453.594867, "delta": 1.91946}}
{"target": 0.9005569793866071, "params": {"C": 80515.3854367411, "gamma": 0.021098255945938463}, "datetime": {"datetime": "2021-10-04 10:01:26", "elapsed": 455.527571, "delta": 1.932704}}
{"target": 0.9042161570628164, "params": {"C": 91606.84431964446, "gamma": 0.08550321093309862}, "datetime": {"datetime": "2021-10-04 10:01:28", "elapsed": 457.337913, "delta": 1.810342}}
{"target": 0.9218076256903673, "params": {"C": 93203.50729401861, "gamma": 0.03081612439220107}, "datetime": {"datetime": "2021-10-04 10:01:30", "elapsed": 459.361057, "delta": 2.023144}}
{"target": 0.8973329289915479, "params": {"C": 93865.62220959959, "gamma": 0.09619560533454703}, "datetime": {"datetime": "2021-10-04 10:01:33", "elapsed": 462.439944, "delta": 3.078887}}
{"target": 0.9246417154610299, "params": {"C": 99522.46642279017, "gamma": 0.05190096914455654}, "datetime": {"datetime": "2021-10-04 10:01:35", "elapsed": 464.385075, "delta": 1.945131}}
{"target": 0.900809241555065, "params": {"C": 82913.77421237284, "gamma": 0.0933957343460412}, "datetime": {"datetime": "2021-10-04 10:01:37", "elapsed": 466.317265, "delta": 1.93219}}
{"target": 0.8769326655970634, "params": {"C": 82566.20390711733, "gamma": 0.013516160370014428}, "datetime": {"datetime": "2021-10-04 10:01:40", "elapsed": 469.249055, "delta": 2.93179}}
{"target": 0.9135622043656626, "params": {"C": 101611.64463639873, "gamma": 0.02502173686877894}, "datetime": {"datetime": "2021-10-04 10:01:42", "elapsed": 471.297837, "delta": 2.048782}}
{"target": 0.9124857267642124, "params": {"C": 93685.2592486997, "gamma": 0.024986187045352364}, "datetime": {"datetime": "2021-10-04 10:01:45", "elapsed": 473.929965, "delta": 2.632128}}
{"target": 0.8710808835499251, "params": {"C": 87094.23821399623, "gamma": 0.01116808466047945}, "datetime": {"datetime": "2021-10-04 10:01:47", "elapsed": 475.894365, "delta": 1.9644}}
{"target": 0.9240036177075919, "params": {"C": 102181.87020089409, "gamma": 0.052681619678133514}, "datetime": {"datetime": "2021-10-04 10:01:49", "elapsed": 477.901883, "delta": 2.007518}}
{"target": 0.9268167847226902, "params": {"C": 74801.70087421365, "gamma": 0.04041026789967337}, "datetime": {"datetime": "2021-10-04 10:01:51", "elapsed": 479.903671, "delta": 2.001788}}
{"target": 0.9056214397198108, "params": {"C": 104912.45239048357, "gamma": 0.07987497654106807}, "datetime": {"datetime": "2021-10-04 10:01:53", "elapsed": 482.341798, "delta": 2.438127}}
{"target": 0.9106835416051717, "params": {"C": 106700.01693544412, "gamma": 0.023455528711299547}, "datetime": {"datetime": "2021-10-04 10:01:55", "elapsed": 484.340104, "delta": 1.998306}}
{"target": 0.9259467043822515, "params": {"C": 80761.39332829317, "gamma": 0.051995220864085034}, "datetime": {"datetime": "2021-10-04 10:01:57", "elapsed": 486.27176, "delta": 1.931656}}
{"target": 0.9177225474139309, "params": {"C": 78364.90350696853, "gamma": 0.029085257503622345}, "datetime": {"datetime": "2021-10-04 10:01:59", "elapsed": 488.214106, "delta": 1.942346}}
{"target": 0.912305266047548, "params": {"C": 73233.93555803479, "gamma": 0.07760109080749335}, "datetime": {"datetime": "2021-10-04 10:02:01", "elapsed": 490.204173, "delta": 1.990067}}
{"target": 0.927323335727146, "params": {"C": 77537.19237125074, "gamma": 0.042045864961152576}, "datetime": {"datetime": "2021-10-04 10:02:04", "elapsed": 492.757656, "delta": 2.553483}}
{"target": 0.9053253114098367, "params": {"C": 83281.11233241973, "gamma": 0.08597463496605069}, "datetime": {"datetime": "2021-10-04 10:02:05", "elapsed": 494.66743, "delta": 1.909774}}
{"target": 0.9012378071108812, "params": {"C": 103436.40993053679, "gamma": 0.08709666405323632}, "datetime": {"datetime": "2021-10-04 10:02:09", "elapsed": 498.481785, "delta": 3.814355}}
{"target": 0.9189524120914061, "params": {"C": 99493.10209128328, "gamma": 0.0615649861079455}, "datetime": {"datetime": "2021-10-04 10:02:11", "elapsed": 500.489965, "delta": 2.00818}}
{"target": 0.9136088610048365, "params": {"C": 105136.72679861303, "gamma": 0.06816307423032301}, "datetime": {"datetime": "2021-10-04 10:02:13", "elapsed": 502.437648, "delta": 1.947683}}
{"target": 0.8985590485896536, "params": {"C": 85828.10945733692, "gamma": 0.09634995658974801}, "datetime": {"datetime": "2021-10-04 10:02:15", "elapsed": 504.523135, "delta": 2.085487}}
{"target": 0.8866444762980701, "params": {"C": 104728.37380741086, "gamma": 0.01586779280254634}, "datetime": {"datetime": "2021-10-04 10:02:17", "elapsed": 506.580065, "delta": 2.05693}}
{"target": 0.8675805581214804, "params": {"C": 95435.87299471378, "gamma": 0.009231477624321686}, "datetime": {"datetime": "2021-10-04 10:02:19", "elapsed": 508.559949, "delta": 1.979884}}
{"target": 0.9158444464951195, "params": {"C": 101619.0616010933, "gamma": 0.06571596412486598}, "datetime": {"datetime": "2021-10-04 10:02:22", "elapsed": 511.308939, "delta": 2.74899}}
{"target": 0.9065782166714453, "params": {"C": 83260.07752092971, "gamma": 0.08400258971065476}, "datetime": {"datetime": "2021-10-04 10:02:24", "elapsed": 513.323541, "delta": 2.014602}}
{"target": 0.9272207096340388, "params": {"C": 75439.15804539494, "gamma": 0.041965982234483216}, "datetime": {"datetime": "2021-10-04 10:02:27", "elapsed": 516.106415, "delta": 2.782874}}
{"target": 0.9270552437922811, "params": {"C": 101907.90362783425, "gamma": 0.044775028415689574}, "datetime": {"datetime": "2021-10-04 10:02:30", "elapsed": 518.871155, "delta": 2.76474}}
{"target": 0.8763612584617149, "params": {"C": 79094.3011880274, "gamma": 0.013385121462306103}, "datetime": {"datetime": "2021-10-04 10:02:32", "elapsed": 520.853391, "delta": 1.982236}}
{"target": 0.9255412463311713, "params": {"C": 92300.5653914156, "gamma": 0.05119042269541402}, "datetime": {"datetime": "2021-10-04 10:02:34", "elapsed": 523.004416, "delta": 2.151025}}
{"target": 0.8684423298152792, "params": {"C": 97379.67309091386, "gamma": 0.009800240708892412}, "datetime": {"datetime": "2021-10-04 10:02:36", "elapsed": 525.082573, "delta": 2.078157}}
{"target": 0.9099550555172131, "params": {"C": 77102.12331566264, "gamma": 0.08031955704885956}, "datetime": {"datetime": "2021-10-04 10:02:38", "elapsed": 527.652191, "delta": 2.569618}}
{"target": 0.922729034650532, "params": {"C": 77982.78629614714, "gamma": 0.03318576598556992}, "datetime": {"datetime": "2021-10-04 10:02:41", "elapsed": 530.400254, "delta": 2.748063}}
{"target": 0.9187190507127924, "params": {"C": 96797.52447934952, "gamma": 0.028213650964068807}, "datetime": {"datetime": "2021-10-04 10:02:43", "elapsed": 532.497069, "delta": 2.096815}}
{"target": 0.9274874684407847, "params": {"C": 76962.0221981455, "gamma": 0.045087768316809995}, "datetime": {"datetime": "2021-10-04 10:02:45", "elapsed": 534.595556, "delta": 2.098487}}
{"target": 0.9243316472713395, "params": {"C": 82927.3853634337, "gamma": 0.055448872306236865}, "datetime": {"datetime": "2021-10-04 10:02:47", "elapsed": 536.727055, "delta": 2.131499}}
{"target": 0.9165151107316245, "params": {"C": 104763.0269141436, "gamma": 0.06407647220871565}, "datetime": {"datetime": "2021-10-04 10:02:50", "elapsed": 538.781057, "delta": 2.054002}}
{"target": 0.9067351780479292, "params": {"C": 80924.5763286957, "gamma": 0.08437353394480462}, "datetime": {"datetime": "2021-10-04 10:02:52", "elapsed": 541.691584, "delta": 2.910527}}
{"target": 0.9054368702000907, "params": {"C": 93305.89189288652, "gamma": 0.02209964620990311}, "datetime": {"datetime": "2021-10-04 10:02:55", "elapsed": 544.49047, "delta": 2.798886}}
{"target": 0.9150498559026548, "params": {"C": 95275.6033032492, "gamma": 0.06826562938598117}, "datetime": {"datetime": "2021-10-04 10:02:58", "elapsed": 547.272121, "delta": 2.781651}}
{"target": 0.8700398188455143, "params": {"C": 96863.27749341013, "gamma": 0.010641396204918881}, "datetime": {"datetime": "2021-10-04 10:03:00", "elapsed": 549.402409, "delta": 2.130288}}
{"target": 0.9222545390436733, "params": {"C": 91285.41363227776, "gamma": 0.05786423251887409}, "datetime": {"datetime": "2021-10-04 10:03:03", "elapsed": 552.352679, "delta": 2.95027}}
{"target": 0.8893205997431055, "params": {"C": 102341.91802514439, "gamma": 0.016682356585001366}, "datetime": {"datetime": "2021-10-04 10:03:06", "elapsed": 555.36905, "delta": 3.016371}}
{"target": 0.9165206341234681, "params": {"C": 92484.07905541123, "gamma": 0.06669522416955231}, "datetime": {"datetime": "2021-10-04 10:03:10", "elapsed": 558.848824, "delta": 3.479774}}
{"target": 0.9049218169332814, "params": {"C": 86616.34659110507, "gamma": 0.08572047770506155}, "datetime": {"datetime": "2021-10-04 10:03:13", "elapsed": 561.914442, "delta": 3.065618}}
{"target": 0.915249438751603, "params": {"C": 95152.9903891913, "gamma": 0.06799863908908144}, "datetime": {"datetime": "2021-10-04 10:03:15", "elapsed": 564.129241, "delta": 2.214799}}
{"target": 0.8723843893967327, "params": {"C": 78237.5424104031, "gamma": 0.011821628392608384}, "datetime": {"datetime": "2021-10-04 10:03:17", "elapsed": 566.310254, "delta": 2.181013}}
{"target": 0.9156724135136122, "params": {"C": 98687.94304855923, "gamma": 0.026273036262483104}, "datetime": {"datetime": "2021-10-04 10:03:19", "elapsed": 568.634573, "delta": 2.324319}}
