{"target": 0.927365999645449, "params": {"C": 103069.94177612352, "gamma": 0.042288040248756216}, "datetime": {"datetime": "2021-10-04 10:03:22", "elapsed": 570.980737, "delta": 2.346164}}
{"target": 0.9274743542795681, "params": {"C": 91331.54251736881, "gamma": 0.04092252061900629}, "datetime": {"datetime": "2021-10-04 10:03:24", "elapsed": 573.319598, "delta": 2.338861}}
{"target": 0.8920584692146236, "params": {"C": 93407.95566988952, "gamma": 0.017782499531142384}, "datetime": {"datetime": "2021-10-04 10:03:27", "elapsed": 576.129593, "delta": 2.809995}}
{"target": 0.8842217033954581, "params": {"C": 73929.97056246691, "gamma": 0.016167008240988292}, "datetime": {"datetime": "2021-10-04 10:03:30", "elapsed": 578.760364, "delta": 2.630771}}
{"target": 0.9271430221941084, "params": {"C": 88197.93444257, "gamma": 0.03942440169731031}, "datetime": {"datetime": "2021-10-04 10:03:32", "elapsed": 581.165919, "delta": 2.405555}}
{"target": 0.9117014265285495, "params": {"C": 102113.84757470063, "gamma": 0.07158887076802446}, "datetime": {"datetime": "2021-10-04 10:03:34", "elapsed": 583.370005, "delta": 2.204086}}
{"target": 0.9270982497362965, "params": {"C": 96087.55031972143, "gamma": 0.04575153244639605}, "datetime": {"datetime": "2021-10-04 10:03:36", "elapsed": 585.709481, "delta": 2.339476}}
{"target": 0.92732604774888, "params": {"C": 77424.36313865618, "gamma": 0.04209191128782585}, "datetime": {"datetime": "2021-10-04 10:03:39", "elapsed": 588.099113, "delta": 2.389632}}
{"target": 0.916687038729989, "params": {"C": 90185.13502076968, "gamma": 0.06694459142166242}, "datetime": {"datetime": "2021-10-04 10:03:41", "elapsed": 590.593849, "delta": 2.494736}}
{"target": 0.9261155882008326, "params": {"C": 106596.00052126197, "gamma": 0.035357247881699715}, "datetime": {"datetime": "2021-10-04 10:03:44", "elapsed": 593.128721, "delta": 2.534872}}
{"target": 0.9215193315151454, "params": {"C": 91336.99444706505, "gamma": 0.059106983885031585}, "datetime": {"datetime": "2021-10-04 10:03:46", "elapsed": 595.647796, "delta": 2.519075}}
{"target": 0.9019592818945672, "params": {"C": 100061.38634543636, "gamma": 0.086836738417014}, "datetime": {"datetime": "2021-10-04 10:03:50", "elapsed": 599.474028, "delta": 3.826232}}
{"target": 0.9183848534856225, "params": {"C": 81389.33964618928, "gamma": 0.06619578408743688}, "datetime": {"datetime": "2021-10-04 10:03:52", "elapsed": 601.722902, "delta": 2.248874}}
{"target": 0.9275141318929164, "params": {"C": 94200.62883328792, "gamma": 0.041294417398866926}, "datetime": {"datetime": "2021-10-04 10:03:55", "elapsed": 603.939343, "delta": 2.216441}}
{"target": 0.8706465063415186, "params": {"C": 76336.78690196914, "gamma": 0.010999905867359897}, "datetime": {"datetime": "2021-10-04 10:03:57", "elapsed": 606.538853, "delta": 2.59951}}
{"target": 0.9203402318387963, "params": {"C": 99983.5863387766, "gamma": 0.059329370710969165}, "datetime": {"datetime": "2021-10-04 10:04:01", "elapsed": 609.969231, "delta": 3.430378}}
{"target": 0.9265746126836514, "params": {"C": 79961.16286559426, "gamma": 0.0502118381058208}, "datetime": {"datetime": "2021-10-04 10:04:04", "elapsed": 612.90098, "delta": 2.931749}}
{"target": 0.9030383334625338, "params": {"C": 105525.74260573837, "gamma": 0.0836912564226593}, "datetime": {"datetime": "2021-10-04 10:04:07", "elapsed": 616.731041, "delta": 3.830061}}
