{"target": 0.7441086130487218, "params": {"C": 856.2403817741109, "gamma": 0.01970305855294189}, "datetime": {"datetime": "2021-10-01 01:37:12", "elapsed": 9.104625, "delta": 0.306998}}
{"target": 0.7508898341334682, "params": {"C": 857.8677069001582, "gamma": 0.022258345185405537}, "datetime": {"datetime": "2021-10-01 01:37:12", "elapsed": 9.417017, "delta": 0.312392}}
{"target": 0.7015946192542294, "params": {"C": 859.7266802188522, "gamma": 0.18960352704768293}, "datetime": {"datetime": "2021-10-01 01:37:12", "elapsed": 9.770014, "delta": 0.352997}}
{"target": 0.772264005592584, "params": {"C": 863.658699025578, "gamma": 0.038050461247581546}, "datetime": {"datetime": "2021-10-01 01:37:13", "elapsed": 10.157303, "delta": 0.387289}}
{"target": 0.7671433419228338, "params": {"C": 865.0008302190856, "gamma": 0.08633135399508941}, "datetime": {"datetime": "2021-10-01 01:37:13", "elapsed": 10.508297, "delta": 0.350994}}
{"target": 0.7680062523072098, "params": {"C": 862.1272395606666, "gamma": 0.08384140477330342}, "datetime": {"datetime": "2021-10-01 01:37:13", "elapsed": 10.849298, "delta": 0.341001}}
{"target": 0.7058148050536187, "params": {"C": 866.6675010772012, "gamma": 0.1848198835587136}, "datetime": {"datetime": "2021-10-01 01:37:14", "elapsed": 11.2173, "delta": 0.368002}}
{"target": 0.6168208117028756, "params": {"C": 500.09591477801723, "gamma": 0.1894464417965554}, "datetime": {"datetime": "2021-10-01 01:37:14", "elapsed": 11.552298, "delta": 0.334998}}
{"target": 0.6981015549476283, "params": {"C": 700.3160047490101, "gamma": 0.15231381888451787}, "datetime": {"datetime": "2021-10-01 01:37:15", "elapsed": 12.017101, "delta": 0.464803}}
{"target": 0.6951915572208245, "params": {"C": 704.0584647648276, "gamma": 0.15737248944440452}, "datetime": {"datetime": "2021-10-01 01:37:15", "elapsed": 12.400225, "delta": 0.383124}}
{"target": 0.7486883828421664, "params": {"C": 696.5708633581507, "gamma": 0.07683510520490583}, "datetime": {"datetime": "2021-10-01 01:37:15", "elapsed": 12.849865, "delta": 0.44964}}
{"target": 0.7347680267794818, "params": {"C": 694.8785290256624, "gamma": 0.09954678532302111}, "datetime": {"datetime": "2021-10-01 01:37:16", "elapsed": 13.247866, "delta": 0.398001}}
{"target": 0.7366678666568451, "params": {"C": 698.1169482876617, "gamma": 0.023542326851232705}, "datetime": {"datetime": "2021-10-01 01:37:16", "elapsed": 13.676871, "delta": 0.429005}}
{"target": 0.7301077038460445, "params": {"C": 692.780395824102, "gamma": 0.10586924000407559}, "datetime": {"datetime": "2021-10-01 01:37:17", "elapsed": 14.075005, "delta": 0.398134}}
{"target": 0.7558131383567931, "params": {"C": 690.6661342842167, "gamma": 0.05013323185054903}, "datetime": {"datetime": "2021-10-01 01:37:17", "elapsed": 14.466751, "delta": 0.391746}}
{"target": 0.747007138846058, "params": {"C": 689.0634130817358, "gamma": 0.07776277155713422}, "datetime": {"datetime": "2021-10-01 01:37:17", "elapsed": 14.844753, "delta": 0.378002}}
{"target": 0.5657404812215414, "params": {"C": 686.9669693638168, "gamma": 0.004271531045007751}, "datetime": {"datetime": "2021-10-01 01:37:18", "elapsed": 15.21476, "delta": 0.370007}}
{"target": 0.7138051879986624, "params": {"C": 595.1829554205783, "gamma": 0.10170330332953267}, "datetime": {"datetime": "2021-10-01 01:37:18", "elapsed": 15.581753, "delta": 0.366993}}
{"target": 0.6372508458223739, "params": {"C": 592.5670256546404, "gamma": 0.2}, "datetime": {"datetime": "2021-10-01 01:37:19", "elapsed": 15.97415, "delta": 0.392397}}
{"target": 0.7034592180067516, "params": {"C": 597.5780677338549, "gamma": 0.1159935399236191}, "datetime": {"datetime": "2021-10-01 01:37:19", "elapsed": 16.521305, "delta": 0.547155}}
{"target": 0.7139745000316281, "params": {"C": 601.1004433519073, "gamma": 0.10320577619513563}, "datetime": {"datetime": "2021-10-01 01:37:19", "elapsed": 16.915297, "delta": 0.393992}}
{"target": 0.6926577183343775, "params": {"C": 603.7228121390253, "gamma": 0.13166511469974473}, "datetime": {"datetime": "2021-10-01 01:37:20", "elapsed": 17.38934, "delta": 0.474043}}
{"target": 0.7665913945126663, "params": {"C": 909.6817417791484, "gamma": 0.09761153252799165}, "datetime": {"datetime": "2021-10-01 01:37:20", "elapsed": 17.764299, "delta": 0.374959}}
{"target": 0.7814037041135562, "params": {"C": 911.1047794927595, "gamma": 0.05684815715475862}, "datetime": {"datetime": "2021-10-01 01:37:21", "elapsed": 18.127299, "delta": 0.363}}
{"target": 0.7649610465677316, "params": {"C": 912.6244659030426, "gamma": 0.1012171131127867}, "datetime": {"datetime": "2021-10-01 01:37:21", "elapsed": 18.617306, "delta": 0.490007}}
{"target": 0.7124084317264056, "params": {"C": 907.9123737090541, "gamma": 0.18456888305177416}, "datetime": {"datetime": "2021-10-01 01:37:22", "elapsed": 19.003772, "delta": 0.386466}}
{"target": 0.4271628785157594, "params": {"C": 914.3316754156117, "gamma": 0.0010000000000000007}, "datetime": {"datetime": "2021-10-01 01:37:22", "elapsed": 19.433735, "delta": 0.429963}}
{"target": 0.705943758163719, "params": {"C": 904.4902378566842, "gamma": 0.010938923830675705}, "datetime": {"datetime": "2021-10-01 01:37:22", "elapsed": 19.863643, "delta": 0.429908}}
{"target": 0.7336817817046664, "params": {"C": 911.8406395220208, "gamma": 0.1520610010799262}, "datetime": {"datetime": "2021-10-01 01:37:23", "elapsed": 20.309608, "delta": 0.445965}}
{"target": 0.7683811354179705, "params": {"C": 901.9228265597852, "gamma": 0.09251789022328133}, "datetime": {"datetime": "2021-10-01 01:37:23", "elapsed": 20.772601, "delta": 0.462993}}
{"target": 0.7692046521300124, "params": {"C": 900.6536197453934, "gamma": 0.09062002019881299}, "datetime": {"datetime": "2021-10-01 01:37:24", "elapsed": 21.197603, "delta": 0.425002}}
{"target": 0.7638062584609053, "params": {"C": 899.2898548494921, "gamma": 0.10043174977353804}, "datetime": {"datetime": "2021-10-01 01:37:24", "elapsed": 21.596603, "delta": 0.399}}
{"target": 0.7746032883655364, "params": {"C": 897.7391129884343, "gamma": 0.07816006617406593}, "datetime": {"datetime": "2021-10-01 01:37:25", "elapsed": 22.026604, "delta": 0.430001}}
{"target": 0.7178048965464565, "params": {"C": 896.4321261510896, "gamma": 0.17338207006646028}, "datetime": {"datetime": "2021-10-01 01:37:25", "elapsed": 22.455606, "delta": 0.429002}}
{"target": 0.7566949589238035, "params": {"C": 749.6248635129328, "gamma": 0.07675671829106234}, "datetime": {"datetime": "2021-10-01 01:37:25", "elapsed": 22.870608, "delta": 0.415002}}
{"target": 0.7530550662042004, "params": {"C": 748.1673312195536, "gamma": 0.08351250887466796}, "datetime": {"datetime": "2021-10-01 01:37:26", "elapsed": 23.265604, "delta": 0.394996}}
{"target": 0.6738390157724004, "params": {"C": 751.2227762722406, "gamma": 0.009379250148672268}, "datetime": {"datetime": "2021-10-01 01:37:26", "elapsed": 23.681606, "delta": 0.416002}}
{"target": 0.7532788250218414, "params": {"C": 746.4827181684421, "gamma": 0.08263149547554044}, "datetime": {"datetime": "2021-10-01 01:37:27", "elapsed": 24.108604, "delta": 0.426998}}
{"target": 0.7627180022391552, "params": {"C": 744.9134275545899, "gamma": 0.05658502561731019}, "datetime": {"datetime": "2021-10-01 01:37:27", "elapsed": 24.569605, "delta": 0.461001}}
{"target": 0.7268890648706615, "params": {"C": 743.4301594482722, "gamma": 0.12328505740651793}, "datetime": {"datetime": "2021-10-01 01:37:28", "elapsed": 25.123618, "delta": 0.554013}}
{"target": 0.7078090668342366, "params": {"C": 740.9586863363402, "gamma": 0.14974604036053749}, "datetime": {"datetime": "2021-10-01 01:37:28", "elapsed": 25.617606, "delta": 0.493988}}
{"target": 0.7111927000825106, "params": {"C": 737.5191649858366, "gamma": 0.14407608035213298}, "datetime": {"datetime": "2021-10-01 01:37:29", "elapsed": 26.093604, "delta": 0.475998}}
{"target": 0.7593565676289945, "params": {"C": 734.6723167477252, "gamma": 0.06497013052920297}, "datetime": {"datetime": "2021-10-01 01:37:29", "elapsed": 26.488604, "delta": 0.395}}
{"target": 0.6763792531846927, "params": {"C": 733.4022206055794, "gamma": 0.19250547084995437}, "datetime": {"datetime": "2021-10-01 01:37:29", "elapsed": 26.920611, "delta": 0.432007}}
{"target": 0.7459730518045944, "params": {"C": 735.8565797116714, "gamma": 0.026124745033752592}, "datetime": {"datetime": "2021-10-01 01:37:30", "elapsed": 27.374022, "delta": 0.453411}}
{"target": -0.017541155109310314, "params": {"C": 8.236070463471933, "gamma": 0.024867259966018563}, "datetime": {"datetime": "2021-10-01 01:37:30", "elapsed": 27.867982, "delta": 0.49396}}
{"target": 0.7730916707314867, "params": {"C": 962.8647119425123, "gamma": 0.029837126353373114}, "datetime": {"datetime": "2021-10-01 01:37:31", "elapsed": 28.34525, "delta": 0.477268}}
{"target": 0.7235696307666988, "params": {"C": 960.4478527024739, "gamma": 0.1788308246576665}, "datetime": {"datetime": "2021-10-01 01:37:31", "elapsed": 28.835256, "delta": 0.490006}}
{"target": 0.7112453014063777, "params": {"C": 965.3161236943047, "gamma": 0.2}, "datetime": {"datetime": "2021-10-01 01:37:32", "elapsed": 29.459256, "delta": 0.624}}
{"target": 0.7834294606057408, "params": {"C": 956.0771064774127, "gamma": 0.04349021252038083}, "datetime": {"datetime": "2021-10-01 01:37:33", "elapsed": 30.028252, "delta": 0.568996}}
{"target": 0.7680767019244445, "params": {"C": 953.8548038440049, "gamma": 0.10417312916133038}, "datetime": {"datetime": "2021-10-01 01:37:33", "elapsed": 30.67225, "delta": 0.643998}}
{"target": 0.7424678791107429, "params": {"C": 951.0942223204654, "gamma": 0.14646723031303724}, "datetime": {"datetime": "2021-10-01 01:37:34", "elapsed": 31.22425, "delta": 0.552}}
{"target": 0.7838357160754833, "params": {"C": 947.9183895099977, "gamma": 0.04679689398543022}, "datetime": {"datetime": "2021-10-01 01:37:34", "elapsed": 31.949249, "delta": 0.724999}}
{"target": 0.7211229484939219, "params": {"C": 945.5425842389634, "gamma": 0.17942928525682036}, "datetime": {"datetime": "2021-10-01 01:37:35", "elapsed": 32.531249, "delta": 0.582}}
{"target": 0.7237325315731198, "params": {"C": 957.9513167836385, "gamma": 0.17801278138238497}, "datetime": {"datetime": "2021-10-01 01:37:36", "elapsed": 33.042251, "delta": 0.511002}}
{"target": 0.7568859414704168, "params": {"C": 939.8719056146139, "gamma": 0.02179964402621458}, "datetime": {"datetime": "2021-10-01 01:37:36", "elapsed": 33.59525, "delta": 0.552999}}
{"target": 0.7244748958214253, "params": {"C": 937.2571690902853, "gamma": 0.17220776222508927}, "datetime": {"datetime": "2021-10-01 01:37:37", "elapsed": 34.110393, "delta": 0.515143}}
{"target": 0.7079095121064893, "params": {"C": 942.3130161156887, "gamma": 0.2}, "datetime": {"datetime": "2021-10-01 01:37:37", "elapsed": 34.656927, "delta": 0.546534}}
{"target": 0.7817823971644786, "params": {"C": 933.3002231343709, "gamma": 0.06782172407477159}, "datetime": {"datetime": "2021-10-01 01:37:38", "elapsed": 35.220925, "delta": 0.563998}}
{"target": 0.707984354965415, "params": {"C": 931.049937906001, "gamma": 0.19717391197643858}, "datetime": {"datetime": "2021-10-01 01:37:38", "elapsed": 35.815927, "delta": 0.595002}}
{"target": 0.49475205785662146, "params": {"C": 255.2146258916562, "gamma": 0.18448512994959787}, "datetime": {"datetime": "2021-10-01 01:37:39", "elapsed": 36.290924, "delta": 0.474997}}
{"target": 0.5085975778945844, "params": {"C": 155.36752523257877, "gamma": 0.09040295586763633}, "datetime": {"datetime": "2021-10-01 01:37:39", "elapsed": 36.831925, "delta": 0.541001}}
{"target": 0.2124086542719661, "params": {"C": 74.28677779288805, "gamma": 0.18421762258388752}, "datetime": {"datetime": "2021-10-01 01:37:40", "elapsed": 37.430925, "delta": 0.599}}
{"target": 0.6877607833572293, "params": {"C": 711.2786560918498, "gamma": 0.16976816372189013}, "datetime": {"datetime": "2021-10-01 01:37:41", "elapsed": 38.078923, "delta": 0.647998}}
{"target": 0.4541258620290728, "params": {"C": 111.23315637957768, "gamma": 0.08259132412519907}, "datetime": {"datetime": "2021-10-01 01:37:41", "elapsed": 38.597927, "delta": 0.519004}}
{"target": 0.7519053493209028, "params": {"C": 784.2642919206324, "gamma": 0.0947987200145934}, "datetime": {"datetime": "2021-10-01 01:37:42", "elapsed": 39.318925, "delta": 0.720998}}
{"target": 0.7206950510957888, "params": {"C": 787.3404827262086, "gamma": 0.015224771068878588}, "datetime": {"datetime": "2021-10-01 01:37:43", "elapsed": 40.000925, "delta": 0.682}}
{"target": 0.7465212992141801, "params": {"C": 781.1165622401317, "gamma": 0.10286417225275488}, "datetime": {"datetime": "2021-10-01 01:37:43", "elapsed": 40.568925, "delta": 0.568}}
{"target": 0.6162977834864372, "params": {"C": 777.7569462519613, "gamma": 0.005638479809794369}, "datetime": {"datetime": "2021-10-01 01:37:44", "elapsed": 41.129926, "delta": 0.561001}}
{"target": 0.7687966746276302, "params": {"C": 791.6787172095578, "gamma": 0.05217905672433644}, "datetime": {"datetime": "2021-10-01 01:37:44", "elapsed": 41.663925, "delta": 0.533999}}
{"target": 0.7662193075832961, "params": {"C": 794.4800190853804, "gamma": 0.03985616349052103}, "datetime": {"datetime": "2021-10-01 01:37:45", "elapsed": 42.227926, "delta": 0.564001}}
{"target": 0.683901712770432, "params": {"C": 797.5071387211987, "gamma": 0.2}, "datetime": {"datetime": "2021-10-01 01:37:45", "elapsed": 42.941925, "delta": 0.713999}}
{"target": 0.7591104729132473, "params": {"C": 998.0061703553705, "gamma": 0.12847576621077073}, "datetime": {"datetime": "2021-10-01 01:37:46", "elapsed": 43.743924, "delta": 0.801999}}
{"target": 0.7874133025438902, "params": {"C": 995.0635744179688, "gamma": 0.04555030010752055}, "datetime": {"datetime": "2021-10-01 01:37:48", "elapsed": 45.184844, "delta": 1.44092}}
{"target": 0.7494307284377242, "params": {"C": 992.4526736671479, "gamma": 0.14352403332131167}, "datetime": {"datetime": "2021-10-01 01:37:49", "elapsed": 46.449714, "delta": 1.26487}}
{"target": 0.7779274049595877, "params": {"C": 988.8640257074117, "gamma": 0.09229912830045711}, "datetime": {"datetime": "2021-10-01 01:37:50", "elapsed": 47.025711, "delta": 0.575997}}
{"target": 0.7184687881836209, "params": {"C": 986.1269091640912, "gamma": 0.1928930942450161}, "datetime": {"datetime": "2021-10-01 01:37:50", "elapsed": 47.670432, "delta": 0.644721}}
{"target": 0.7435257382162388, "params": {"C": 980.6591013189833, "gamma": 0.01641420922925174}, "datetime": {"datetime": "2021-10-01 01:37:51", "elapsed": 48.269698, "delta": 0.599266}}
{"target": 0.7297456397524613, "params": {"C": 977.4241129167286, "gamma": 0.1725354647573219}, "datetime": {"datetime": "2021-10-01 01:37:51", "elapsed": 48.95169, "delta": 0.681992}}
{"target": 0.7429975162358113, "params": {"C": 973.6215115697963, "gamma": 0.15024955433401044}, "datetime": {"datetime": "2021-10-01 01:37:52", "elapsed": 49.608926, "delta": 0.657236}}
{"target": 0.7743007007115372, "params": {"C": 970.3782301045628, "gamma": 0.03031782444407003}, "datetime": {"datetime": "2021-10-01 01:37:53", "elapsed": 50.360534, "delta": 0.751608}}
{"target": 0.7135835526027763, "params": {"C": 467.8662619322084, "gamma": 0.05389709319868634}, "datetime": {"datetime": "2021-10-01 01:37:54", "elapsed": 51.055526, "delta": 0.694992}}
{"target": 0.7077809149880413, "params": {"C": 463.4202400284565, "gamma": 0.06426268427642942}, "datetime": {"datetime": "2021-10-01 01:37:54", "elapsed": 51.803451, "delta": 0.747925}}
{"target": 0.6878221369189741, "params": {"C": 472.30391149376527, "gamma": 0.09519330549537544}, "datetime": {"datetime": "2021-10-01 01:37:55", "elapsed": 52.528614, "delta": 0.725163}}
{"target": 0.6477020146686286, "params": {"C": 458.43080955462693, "gamma": 0.13602294981761606}, "datetime": {"datetime": "2021-10-01 01:37:56", "elapsed": 53.220617, "delta": 0.692003}}
{"target": 0.16749207871640004, "params": {"C": 40.90923130066101, "gamma": 0.11442284969647964}, "datetime": {"datetime": "2021-10-01 01:37:56", "elapsed": 53.934615, "delta": 0.713998}}
{"target": 0.5687664993320167, "params": {"C": 332.79784880039796, "gamma": 0.008312017419899682}, "datetime": {"datetime": "2021-10-01 01:37:57", "elapsed": 54.611878, "delta": 0.677263}}
{"target": 0.5020502143029033, "params": {"C": 390.8479302732543, "gamma": 0.004247496570987689}, "datetime": {"datetime": "2021-10-01 01:37:58", "elapsed": 55.593873, "delta": 0.981995}}
{"target": 0.73513482912222, "params": {"C": 658.541463822547, "gamma": 0.08912729998132136}, "datetime": {"datetime": "2021-10-01 01:37:59", "elapsed": 56.358739, "delta": 0.764866}}
{"target": 0.7473281373438707, "params": {"C": 654.8443175313105, "gamma": 0.06493157410198065}, "datetime": {"datetime": "2021-10-01 01:38:00", "elapsed": 57.329738, "delta": 0.970999}}
{"target": 0.7480460922750458, "params": {"C": 651.3101537175748, "gamma": 0.061188879383064755}, "datetime": {"datetime": "2021-10-01 01:38:01", "elapsed": 58.468434, "delta": 1.138696}}
{"target": 0.6659567945849578, "params": {"C": 647.806574019793, "gamma": 0.1804442665094783}, "datetime": {"datetime": "2021-10-01 01:38:02", "elapsed": 59.334437, "delta": 0.866003}}
{"target": 0.6856635302698872, "params": {"C": 662.2373466187333, "gamma": 0.15828572570140403}, "datetime": {"datetime": "2021-10-01 01:38:03", "elapsed": 60.146851, "delta": 0.812414}}
{"target": 0.3733376290419126, "params": {"C": 180.48525984343664, "gamma": 0.0032466936057044004}, "datetime": {"datetime": "2021-10-01 01:38:03", "elapsed": 60.838373, "delta": 0.691522}}
{"target": 0.6273010409638242, "params": {"C": 230.27276194105707, "gamma": 0.03794045071864322}, "datetime": {"datetime": "2021-10-01 01:38:04", "elapsed": 61.524373, "delta": 0.686}}
{"target": 0.6488127400463011, "params": {"C": 522.6393929924718, "gamma": 0.1590801833210142}, "datetime": {"datetime": "2021-10-01 01:38:05", "elapsed": 62.362982, "delta": 0.838609}}
{"target": 0.7689987896307957, "params": {"C": 817.765299615605, "gamma": 0.0683953174232345}, "datetime": {"datetime": "2021-10-01 01:38:06", "elapsed": 63.075678, "delta": 0.712696}}
{"target": 0.740439595564791, "params": {"C": 814.741466587978, "gamma": 0.12010057785697466}, "datetime": {"datetime": "2021-10-01 01:38:06", "elapsed": 63.904646, "delta": 0.828968}}
{"target": 0.6927267087510975, "params": {"C": 820.7593929488462, "gamma": 0.1930103240754386}, "datetime": {"datetime": "2021-10-01 01:38:07", "elapsed": 64.601746, "delta": 0.6971}}
{"target": 0.7707496322278987, "params": {"C": 810.8499717159659, "gamma": 0.05716095359528084}, "datetime": {"datetime": "2021-10-01 01:38:08", "elapsed": 65.334791, "delta": 0.733045}}
{"target": 0.7547711587753607, "params": {"C": 807.7866590255528, "gamma": 0.02675712464692104}, "datetime": {"datetime": "2021-10-01 01:38:09", "elapsed": 66.041753, "delta": 0.706962}}
{"target": 0.6900709692949055, "params": {"C": 804.3605584316393, "gamma": 0.19257938492621482}, "datetime": {"datetime": "2021-10-01 01:38:09", "elapsed": 66.762585, "delta": 0.720832}}
{"target": 0.3532752154666814, "params": {"C": 133.44454683626236, "gamma": 0.0038811027979870874}, "datetime": {"datetime": "2021-10-01 01:38:10", "elapsed": 67.589295, "delta": 0.82671}}
{"target": 0.6481595720672502, "params": {"C": 276.82633897724594, "gamma": 0.050692964871820775}, "datetime": {"datetime": "2021-10-01 01:38:11", "elapsed": 68.344517, "delta": 0.755222}}
{"target": 0.6459583725556238, "params": {"C": 572.1856222953493, "gamma": 0.1809212417396809}, "datetime": {"datetime": "2021-10-01 01:38:12", "elapsed": 69.069525, "delta": 0.725008}}
{"target": 0.4443914290314731, "params": {"C": 92.73296964854742, "gamma": 0.0659528313776553}, "datetime": {"datetime": "2021-10-01 01:38:12", "elapsed": 69.897788, "delta": 0.828263}}
{"target": 0.7347055493183334, "params": {"C": 718.8486014839228, "gamma": 0.1057912878923055}, "datetime": {"datetime": "2021-10-01 01:38:13", "elapsed": 70.718455, "delta": 0.820667}}
{"target": 0.7597191461568742, "params": {"C": 722.4908200976392, "gamma": 0.05661075419381334}, "datetime": {"datetime": "2021-10-01 01:38:14", "elapsed": 71.511263, "delta": 0.792808}}
{"target": 0.6837886329778344, "params": {"C": 725.6815320737447, "gamma": 0.179559229234328}, "datetime": {"datetime": "2021-10-01 01:38:15", "elapsed": 72.359534, "delta": 0.848271}}
{"target": 0.756318060379092, "params": {"C": 715.4381315140529, "gamma": 0.06589120110045794}, "datetime": {"datetime": "2021-10-01 01:38:16", "elapsed": 73.158332, "delta": 0.798798}}
{"target": 0.650678592064095, "params": {"C": 484.33377080942125, "gamma": 0.14254107300676153}, "datetime": {"datetime": "2021-10-01 01:38:17", "elapsed": 74.083295, "delta": 0.924963}}
{"target": 0.7779922567529599, "params": {"C": 881.2937604680732, "gamma": 0.06073200731520305}, "datetime": {"datetime": "2021-10-01 01:38:17", "elapsed": 74.942312, "delta": 0.859017}}
{"target": 0.7697845878355669, "params": {"C": 878.5150806523598, "gamma": 0.08417659418449144}, "datetime": {"datetime": "2021-10-01 01:38:18", "elapsed": 75.802113, "delta": 0.859801}}
{"target": 0.7384565171006552, "params": {"C": 884.4257525775167, "gamma": 0.13864187273656886}, "datetime": {"datetime": "2021-10-01 01:38:19", "elapsed": 76.814927, "delta": 1.012814}}
{"target": 0.626609186483198, "params": {"C": 875.1954801877557, "gamma": 0.0055511470721973065}, "datetime": {"datetime": "2021-10-01 01:38:20", "elapsed": 77.610604, "delta": 0.795677}}
{"target": 0.7601313739681563, "params": {"C": 888.2794951494368, "gamma": 0.10451647142479327}, "datetime": {"datetime": "2021-10-01 01:38:21", "elapsed": 78.438564, "delta": 0.82796}}
{"target": 0.705534237580143, "params": {"C": 891.374113291045, "gamma": 0.01104474310277866}, "datetime": {"datetime": "2021-10-01 01:38:22", "elapsed": 79.181563, "delta": 0.742999}}
{"target": 0.24257828775844736, "params": {"C": 57.6021024236583, "gamma": 0.11956549156588311}, "datetime": {"datetime": "2021-10-01 01:38:23", "elapsed": 80.033848, "delta": 0.852285}}
