{"target": -2.9681384632066026, "params": {"C": 2780.210254197945, "gamma": 0.19650317241691956}, "datetime": {"datetime": "2021-10-04 12:13:59", "elapsed": 161.290772, "delta": 1.017994}}
{"target": -4.535268122603024, "params": {"C": 2780.9376776016707, "gamma": 0.7710998611893745}, "datetime": {"datetime": "2021-10-04 12:14:00", "elapsed": 162.842939, "delta": 1.552167}}
{"target": -2.5615148683520723, "params": {"C": 2779.5744010025264, "gamma": 0.10484013429899554}, "datetime": {"datetime": "2021-10-04 12:14:01", "elapsed": 164.03622, "delta": 1.193281}}
{"target": -4.819427371592511, "params": {"C": 2779.8192946327395, "gamma": 0.9526617598103367}, "datetime": {"datetime": "2021-10-04 12:14:03", "elapsed": 165.421036, "delta": 1.384816}}
{"target": -2.170610933278873, "params": {"C": 9062.172789500732, "gamma": 0.09104678132856289}, "datetime": {"datetime": "2021-10-04 12:14:04", "elapsed": 166.887416, "delta": 1.46638}}
{"target": -3.780268337323336, "params": {"C": 6472.443594229847, "gamma": 0.0009671447837213811}, "datetime": {"datetime": "2021-10-04 12:14:06", "elapsed": 168.695757, "delta": 1.808341}}
{"target": -3.865378729185111, "params": {"C": 8691.54027365168, "gamma": 0.5811940458446492}, "datetime": {"datetime": "2021-10-04 12:14:07", "elapsed": 169.706962, "delta": 1.011205}}
{"target": -2.1862780930440557, "params": {"C": 9062.84268381897, "gamma": 0.0270470766842403}, "datetime": {"datetime": "2021-10-04 12:14:08", "elapsed": 171.042068, "delta": 1.335106}}
{"target": -3.336935170097557, "params": {"C": 2778.886999984985, "gamma": 0.29178538094228335}, "datetime": {"datetime": "2021-10-04 12:14:10", "elapsed": 172.366619, "delta": 1.324551}}
{"target": -3.5043415755777305, "params": {"C": 4156.129547054029, "gamma": 0.39101385833258256}, "datetime": {"datetime": "2021-10-04 12:14:11", "elapsed": 173.40698, "delta": 1.040361}}
{"target": -2.17801063433122, "params": {"C": 9291.344096314326, "gamma": 0.0937143475968069}, "datetime": {"datetime": "2021-10-04 12:14:12", "elapsed": 174.776301, "delta": 1.369321}}
{"target": -2.6067698665343957, "params": {"C": 9292.625150120279, "gamma": 0.19408818465171995}, "datetime": {"datetime": "2021-10-04 12:14:13", "elapsed": 175.944932, "delta": 1.168631}}
{"target": -3.7419653357271243, "params": {"C": 9290.99765510147, "gamma": 0.5363102755905997}, "datetime": {"datetime": "2021-10-04 12:14:15", "elapsed": 177.846204, "delta": 1.901272}}
{"target": -2.3645222328878224, "params": {"C": 9293.76150945852, "gamma": 0.13643275580658745}, "datetime": {"datetime": "2021-10-04 12:14:16", "elapsed": 179.217018, "delta": 1.370814}}
{"target": -2.344131378969331, "params": {"C": 9291.676449941855, "gamma": 0.13143104715271003}, "datetime": {"datetime": "2021-10-04 12:14:18", "elapsed": 181.162696, "delta": 1.945678}}
{"target": -2.6316678219511367, "params": {"C": 9293.042116148667, "gamma": 0.19984592804968296}, "datetime": {"datetime": "2021-10-04 12:14:20", "elapsed": 182.471837, "delta": 1.309141}}
{"target": -3.917971259348249, "params": {"C": 4633.230492486241, "gamma": 0.5501550487305734}, "datetime": {"datetime": "2021-10-04 12:14:21", "elapsed": 183.596249, "delta": 1.124412}}
{"target": -3.9990290077945585, "params": {"C": 9292.055153207759, "gamma": 0.6440908244280109}, "datetime": {"datetime": "2021-10-04 12:14:22", "elapsed": 185.080788, "delta": 1.484539}}
{"target": -4.214522470161675, "params": {"C": 9294.197530982226, "gamma": 0.753944136499499}, "datetime": {"datetime": "2021-10-04 12:14:24", "elapsed": 186.719458, "delta": 1.63867}}
{"target": -2.1806061603781317, "params": {"C": 9293.363767238732, "gamma": 0.027080967775538315}, "datetime": {"datetime": "2021-10-04 12:14:26", "elapsed": 188.565549, "delta": 1.846091}}
{"target": -4.277200290067275, "params": {"C": 6523.541669247536, "gamma": 0.7603170542287264}, "datetime": {"datetime": "2021-10-04 12:14:27", "elapsed": 189.738385, "delta": 1.172836}}
{"target": -3.248073761265219, "params": {"C": 9286.60469219799, "gamma": 0.37148970097540274}, "datetime": {"datetime": "2021-10-04 12:14:28", "elapsed": 191.116608, "delta": 1.378223}}
{"target": -3.7788379646681975, "params": {"C": 9293.499383121802, "gamma": 0.5503430713593712}, "datetime": {"datetime": "2021-10-04 12:14:30", "elapsed": 192.484331, "delta": 1.367723}}
{"target": -3.5251991455430183, "params": {"C": 9064.191694435798, "gamma": 0.45677409211999825}, "datetime": {"datetime": "2021-10-04 12:14:31", "elapsed": 193.890569, "delta": 1.406238}}
{"target": -2.9370271675075963, "params": {"C": 9062.413808134814, "gamma": 0.2786591448376795}, "datetime": {"datetime": "2021-10-04 12:14:33", "elapsed": 195.455278, "delta": 1.564709}}
{"target": -2.2636138908619294, "params": {"C": 9290.628833633591, "gamma": 0.020792269411998087}, "datetime": {"datetime": "2021-10-04 12:14:35", "elapsed": 197.516448, "delta": 2.06117}}
{"target": -2.4120085076848796, "params": {"C": 9063.407784627063, "gamma": 0.147517006120253}, "datetime": {"datetime": "2021-10-04 12:14:36", "elapsed": 198.926276, "delta": 1.409828}}
{"target": -2.205625618156947, "params": {"C": 5754.522241753943, "gamma": 0.04083054055746758}, "datetime": {"datetime": "2021-10-04 12:14:38", "elapsed": 200.573401, "delta": 1.647125}}
{"target": -3.994135929097544, "params": {"C": 5753.28606726282, "gamma": 0.6058221247861753}, "datetime": {"datetime": "2021-10-04 12:14:39", "elapsed": 202.015996, "delta": 1.442595}}
{"target": -2.2678303140225764, "params": {"C": 7495.429943241104, "gamma": 0.0236501191689773}, "datetime": {"datetime": "2021-10-04 12:14:41", "elapsed": 203.861696, "delta": 1.8457}}
{"target": -2.241756646130236, "params": {"C": 5754.11108819458, "gamma": 0.08304047788463752}, "datetime": {"datetime": "2021-10-04 12:14:42", "elapsed": 205.135618, "delta": 1.273922}}
{"target": -4.223777774304549, "params": {"C": 7496.275864669451, "gamma": 0.742745104714383}, "datetime": {"datetime": "2021-10-04 12:14:44", "elapsed": 206.588939, "delta": 1.453321}}
{"target": -2.1479327889639834, "params": {"C": 6456.962358612848, "gamma": 0.05741775322240836}, "datetime": {"datetime": "2021-10-04 12:14:46", "elapsed": 209.008567, "delta": 2.419628}}
{"target": -3.716625641188782, "params": {"C": 6456.838763781174, "gamma": 0.5027655067650841}, "datetime": {"datetime": "2021-10-04 12:14:48", "elapsed": 210.342382, "delta": 1.333815}}
{"target": -2.125677811346934, "params": {"C": 9292.120538100575, "gamma": 0.0323310008409534}, "datetime": {"datetime": "2021-10-04 12:14:50", "elapsed": 212.740509, "delta": 2.398127}}
{"target": -2.4885433564629684, "params": {"C": 6667.670031960874, "gamma": 0.1534352217632333}, "datetime": {"datetime": "2021-10-04 12:14:51", "elapsed": 214.140498, "delta": 1.399989}}
{"target": -2.3456058458566575, "params": {"C": 6458.732735533859, "gamma": 0.020306710923541218}, "datetime": {"datetime": "2021-10-04 12:14:53", "elapsed": 216.085242, "delta": 1.944744}}
{"target": -2.1388660021475747, "params": {"C": 6667.241054102147, "gamma": 0.05713114281955884}, "datetime": {"datetime": "2021-10-04 12:14:55", "elapsed": 217.584407, "delta": 1.499165}}
{"target": -3.6287949170675247, "params": {"C": 6666.071310663842, "gamma": 0.47322150150341097}, "datetime": {"datetime": "2021-10-04 12:14:56", "elapsed": 218.868903, "delta": 1.284496}}
{"target": -3.14404383433477, "params": {"C": 6667.125432417138, "gamma": 0.3203920859531595}, "datetime": {"datetime": "2021-10-04 12:14:58", "elapsed": 220.82405, "delta": 1.955147}}
{"target": -2.6219013845987567, "params": {"C": 6457.707093242944, "gamma": 0.18230458395510105}, "datetime": {"datetime": "2021-10-04 12:15:01", "elapsed": 223.432098, "delta": 2.608048}}
{"target": -2.4950378766170007, "params": {"C": 9285.016874898174, "gamma": 0.16841094357744205}, "datetime": {"datetime": "2021-10-04 12:15:03", "elapsed": 225.300771, "delta": 1.868673}}
{"target": -2.4667177624530012, "params": {"C": 9284.425445549628, "gamma": 0.16151105964660792}, "datetime": {"datetime": "2021-10-04 12:15:05", "elapsed": 227.444024, "delta": 2.143253}}
{"target": -3.9594151525179813, "params": {"C": 1785.8455213039324, "gamma": 0.42690530345474914}, "datetime": {"datetime": "2021-10-04 12:15:06", "elapsed": 228.828193, "delta": 1.384169}}
{"target": -3.874239792645349, "params": {"C": 9283.80911179089, "gamma": 0.5889537508904304}, "datetime": {"datetime": "2021-10-04 12:15:09", "elapsed": 231.782894, "delta": 2.954701}}
{"target": -2.150661208812036, "params": {"C": 6457.34805048895, "gamma": 0.050956205035504555}, "datetime": {"datetime": "2021-10-04 12:15:11", "elapsed": 233.562732, "delta": 1.779838}}
{"target": -4.596442443299488, "params": {"C": 2782.618515772734, "gamma": 0.8063488672614684}, "datetime": {"datetime": "2021-10-04 12:15:12", "elapsed": 234.865216, "delta": 1.302484}}
{"target": -4.43179456910061, "params": {"C": 9285.844333928177, "gamma": 0.8866995445265239}, "datetime": {"datetime": "2021-10-04 12:15:15", "elapsed": 237.326225, "delta": 2.461009}}
{"target": -2.719854450317055, "params": {"C": 6583.463027982579, "gamma": 0.2065265643565492}, "datetime": {"datetime": "2021-10-04 12:15:16", "elapsed": 238.553176, "delta": 1.226951}}
{"target": -4.079883442030033, "params": {"C": 6581.6204203517245, "gamma": 0.6569723330450475}, "datetime": {"datetime": "2021-10-04 12:15:18", "elapsed": 240.490158, "delta": 1.936982}}
{"target": -2.454924748501815, "params": {"C": 6584.734899093556, "gamma": 0.14464152330576152}, "datetime": {"datetime": "2021-10-04 12:15:20", "elapsed": 242.787093, "delta": 2.296935}}
{"target": -4.5441935394473685, "params": {"C": 6587.291411266698, "gamma": 0.9283451782542294}, "datetime": {"datetime": "2021-10-04 12:15:22", "elapsed": 245.128108, "delta": 2.341015}}
{"target": -4.18550264546163, "params": {"C": 6584.535768846032, "gamma": 0.7109143259734044}, "datetime": {"datetime": "2021-10-04 12:15:25", "elapsed": 247.321972, "delta": 2.193864}}
{"target": -4.363324278965873, "params": {"C": 9284.807670867604, "gamma": 0.8426539670190144}, "datetime": {"datetime": "2021-10-04 12:15:27", "elapsed": 249.625859, "delta": 2.303887}}
{"target": -3.3180807775162537, "params": {"C": 6582.985321184909, "gamma": 0.37250722420030047}, "datetime": {"datetime": "2021-10-04 12:15:28", "elapsed": 251.135867, "delta": 1.510008}}
{"target": -3.432593985127116, "params": {"C": 7761.053054399166, "gamma": 0.41820645409176965}, "datetime": {"datetime": "2021-10-04 12:15:31", "elapsed": 253.565447, "delta": 2.42958}}
{"target": -2.1454012641696876, "params": {"C": 6584.124835407126, "gamma": 0.05086197308981271}, "datetime": {"datetime": "2021-10-04 12:15:33", "elapsed": 255.435101, "delta": 1.869654}}
{"target": -2.2302777440144332, "params": {"C": 6585.433306179694, "gamma": 0.08959433187072866}, "datetime": {"datetime": "2021-10-04 12:15:35", "elapsed": 258.214357, "delta": 2.779256}}
{"target": -2.588536937575525, "params": {"C": 4170.803025021038, "gamma": 0.1465819782474522}, "datetime": {"datetime": "2021-10-04 12:15:40", "elapsed": 0.0, "delta": 0.0}}
{"target": -8.289684643513574, "params": {"C": 2.1436337986315213, "gamma": 0.06674552137268139}, "datetime": {"datetime": "2021-10-04 12:15:40", "elapsed": 0.198117, "delta": 0.198117}}
{"target": -2.6991930293861155, "params": {"C": 1468.4121522803134, "gamma": 0.026636671600840378}, "datetime": {"datetime": "2021-10-04 12:15:40", "elapsed": 0.471657, "delta": 0.27354}}
{"target": -2.6174285250581115, "params": {"C": 1863.4158535653314, "gamma": 0.07500209886522212}, "datetime": {"datetime": "2021-10-04 12:15:40", "elapsed": 0.700658, "delta": 0.229001}}
{"target": -2.4516434783228207, "params": {"C": 3968.2779748324688, "gamma": 0.11191399619464117}, "datetime": {"datetime": "2021-10-04 12:15:41", "elapsed": 0.920541, "delta": 0.219883}}
{"target": -2.23292624237628, "params": {"C": 7089.053043143279, "gamma": 0.028155925310871494}, "datetime": {"datetime": "2021-10-04 12:15:41", "elapsed": 1.30691, "delta": 0.386369}}
{"target": -2.4363143402774665, "params": {"C": 8778.40191117536, "gamma": 0.15235307990704527}, "datetime": {"datetime": "2021-10-04 12:15:41", "elapsed": 1.731792, "delta": 0.424882}}
{"target": -2.5664236778019895, "params": {"C": 7090.983861839893, "gamma": 0.17390512609943654}, "datetime": {"datetime": "2021-10-04 12:15:42", "elapsed": 1.985584, "delta": 0.253792}}
{"target": -2.468528538755498, "params": {"C": 7067.098103656005, "gamma": 0.15169432972028463}, "datetime": {"datetime": "2021-10-04 12:15:42", "elapsed": 2.285923, "delta": 0.300339}}
{"target": -2.32018838154447, "params": {"C": 8748.872074946054, "gamma": 0.12426801312155424}, "datetime": {"datetime": "2021-10-04 12:15:42", "elapsed": 2.678886, "delta": 0.392963}}
{"target": -2.534294214559833, "params": {"C": 8719.982103146644, "gamma": 0.17515440117611367}, "datetime": {"datetime": "2021-10-04 12:15:43", "elapsed": 3.084882, "delta": 0.405996}}
{"target": -2.71506216355741, "params": {"C": 3938.7708006952494, "gamma": 0.1710056724979882}, "datetime": {"datetime": "2021-10-04 12:15:43", "elapsed": 3.441152, "delta": 0.35627}}
{"target": -2.4883153559526123, "params": {"C": 3997.5841057570747, "gamma": 0.12096489314860823}, "datetime": {"datetime": "2021-10-04 12:15:43", "elapsed": 3.805383, "delta": 0.364231}}
{"target": -2.371291497323779, "params": {"C": 8807.884526411628, "gamma": 0.01482008174463106}, "datetime": {"datetime": "2021-10-04 12:15:44", "elapsed": 4.231443, "delta": 0.42606}}
{"target": -2.4407089954718737, "params": {"C": 8836.04188619128, "gamma": 0.1536157717512448}, "datetime": {"datetime": "2021-10-04 12:15:44", "elapsed": 4.622923, "delta": 0.39148}}
{"target": -2.4700401657516253, "params": {"C": 8864.884144802458, "gamma": 0.16081175516694943}, "datetime": {"datetime": "2021-10-04 12:15:45", "elapsed": 4.990922, "delta": 0.367999}}
{"target": -2.069082389062098, "params": {"C": 8894.552100783161, "gamma": 0.048088829698622}, "datetime": {"datetime": "2021-10-04 12:15:45", "elapsed": 5.334997, "delta": 0.344075}}
{"target": -2.06004305751943, "params": {"C": 8916.100332027934, "gamma": 0.05322339144768898}, "datetime": {"datetime": "2021-10-04 12:15:45", "elapsed": 5.667998, "delta": 0.333001}}
{"target": -2.166580757003096, "params": {"C": 8939.339332372872, "gamma": 0.08959912675771421}, "datetime": {"datetime": "2021-10-04 12:15:46", "elapsed": 6.051178, "delta": 0.38318}}
{"target": -2.559486143058731, "params": {"C": 8965.356560495495, "gamma": 0.1819946156077482}, "datetime": {"datetime": "2021-10-04 12:15:46", "elapsed": 6.420318, "delta": 0.36914}}
{"target": -2.2906991415000197, "params": {"C": 4030.751826705648, "gamma": 0.04619986492922433}, "datetime": {"datetime": "2021-10-04 12:15:46", "elapsed": 6.765262, "delta": 0.344944}}
{"target": -2.483398366868086, "params": {"C": 4057.6934270853294, "gamma": 0.12103197134914245}, "datetime": {"datetime": "2021-10-04 12:15:47", "elapsed": 7.088853, "delta": 0.323591}}
{"target": -2.6227681310435584, "params": {"C": 4087.8613906375526, "gamma": 0.15273519885234452}, "datetime": {"datetime": "2021-10-04 12:15:47", "elapsed": 7.444044, "delta": 0.355191}}
{"target": -2.591082530904726, "params": {"C": 8688.425935908006, "gamma": 0.18817177694960996}, "datetime": {"datetime": "2021-10-04 12:15:47", "elapsed": 7.791898, "delta": 0.347854}}
{"target": -2.5828956457984296, "params": {"C": 4138.580128079249, "gamma": 0.14469895230428917}, "datetime": {"datetime": "2021-10-04 12:15:48", "elapsed": 8.167924, "delta": 0.376026}}
{"target": -2.312356735446846, "params": {"C": 8996.233178547622, "gamma": 0.01803098665156152}, "datetime": {"datetime": "2021-10-04 12:15:48", "elapsed": 8.584177, "delta": 0.416253}}
{"target": -2.0561739663788017, "params": {"C": 9016.813351062638, "gamma": 0.05504893326792242}, "datetime": {"datetime": "2021-10-04 12:15:49", "elapsed": 8.93053, "delta": 0.346353}}
{"target": -2.147682332511675, "params": {"C": 9035.180456559157, "gamma": 0.030684399567382933}, "datetime": {"datetime": "2021-10-04 12:15:49", "elapsed": 9.405535, "delta": 0.475005}}
{"target": -2.150135361557923, "params": {"C": 9057.864587046135, "gamma": 0.03039243447011422}, "datetime": {"datetime": "2021-10-04 12:15:49", "elapsed": 9.771595, "delta": 0.36606}}
{"target": -2.075514208212538, "params": {"C": 9079.911341257934, "gamma": 0.04320835292195356}, "datetime": {"datetime": "2021-10-04 12:15:50", "elapsed": 10.14618, "delta": 0.374585}}
{"target": -2.3456029300183467, "params": {"C": 9102.194468496946, "gamma": 0.1312644361236173}, "datetime": {"datetime": "2021-10-04 12:15:50", "elapsed": 10.491982, "delta": 0.345802}}
{"target": -2.093229552958139, "params": {"C": 9132.91067429704, "gamma": 0.038448196827985656}, "datetime": {"datetime": "2021-10-04 12:15:51", "elapsed": 10.892696, "delta": 0.400714}}
{"target": -2.0529626209818654, "params": {"C": 9153.967737021732, "gamma": 0.05606953953293487}, "datetime": {"datetime": "2021-10-04 12:15:51", "elapsed": 11.252032, "delta": 0.359336}}
{"target": -2.4418422182755406, "params": {"C": 9176.750491541436, "gamma": 0.15513897534825488}, "datetime": {"datetime": "2021-10-04 12:15:51", "elapsed": 11.768269, "delta": 0.516237}}
{"target": -2.4586920546029787, "params": {"C": 9216.062214461235, "gamma": 0.1593567810034425}, "datetime": {"datetime": "2021-10-04 12:15:52", "elapsed": 12.134419, "delta": 0.36615}}
{"target": -2.0874395783264443, "params": {"C": 9248.365977847641, "gamma": 0.06956785532288998}, "datetime": {"datetime": "2021-10-04 12:15:52", "elapsed": 12.57242, "delta": 0.438001}}
{"target": -2.1315870538628623, "params": {"C": 9267.785216883145, "gamma": 0.08202570143742974}, "datetime": {"datetime": "2021-10-04 12:15:53", "elapsed": 12.953295, "delta": 0.380875}}
{"target": -2.0598799412385183, "params": {"C": 9291.075413853754, "gamma": 0.06063989093757456}, "datetime": {"datetime": "2021-10-04 12:15:53", "elapsed": 13.342274, "delta": 0.388979}}
{"target": -2.5865705995423216, "params": {"C": 9312.587979413533, "gamma": 0.18956812436075535}, "datetime": {"datetime": "2021-10-04 12:15:53", "elapsed": 13.744489, "delta": 0.402215}}
{"target": -3.5456921666218566, "params": {"C": 541.8471429838498, "gamma": 0.12009919792127888}, "datetime": {"datetime": "2021-10-04 12:15:54", "elapsed": 14.195042, "delta": 0.450553}}
{"target": -2.2488507271834104, "params": {"C": 4782.986422827632, "gamma": 0.06953608303111855}, "datetime": {"datetime": "2021-10-04 12:15:54", "elapsed": 14.613042, "delta": 0.418}}
{"target": -2.3600539325923946, "params": {"C": 4757.18013057759, "gamma": 0.10222180826794128}, "datetime": {"datetime": "2021-10-04 12:15:55", "elapsed": 15.018642, "delta": 0.4056}}
{"target": -2.654177822265512, "params": {"C": 4808.068895709144, "gamma": 0.1721588724310099}, "datetime": {"datetime": "2021-10-04 12:15:55", "elapsed": 15.500864, "delta": 0.482222}}
{"target": -2.7711064365970266, "params": {"C": 4730.036437888592, "gamma": 0.1976931899691631}, "datetime": {"datetime": "2021-10-04 12:15:56", "elapsed": 15.930108, "delta": 0.429244}}
{"target": -4.286896108262227, "params": {"C": 219.20209019299602, "gamma": 0.12519632646509712}, "datetime": {"datetime": "2021-10-04 12:15:56", "elapsed": 16.347141, "delta": 0.417033}}
{"target": -2.590142535046407, "params": {"C": 3433.437150411505, "gamma": 0.13110329999252635}, "datetime": {"datetime": "2021-10-04 12:15:56", "elapsed": 16.802119, "delta": 0.454978}}
{"target": -2.3204320765489905, "params": {"C": 8035.238732739707, "gamma": 0.01882022894039547}, "datetime": {"datetime": "2021-10-04 12:15:57", "elapsed": 17.25055, "delta": 0.448431}}
{"target": -2.204513370557882, "params": {"C": 8002.86196811711, "gamma": 0.09450049999461099}, "datetime": {"datetime": "2021-10-04 12:15:57", "elapsed": 17.731043, "delta": 0.480493}}
{"target": -2.3478340251703655, "params": {"C": 7975.41859683862, "gamma": 0.12807246146844672}, "datetime": {"datetime": "2021-10-04 12:15:58", "elapsed": 18.150745, "delta": 0.419702}}
{"target": -2.62847563872825, "params": {"C": 8066.113784373428, "gamma": 0.1938312942869001}, "datetime": {"datetime": "2021-10-04 12:15:58", "elapsed": 18.615662, "delta": 0.464917}}
{"target": -2.53092085608883, "params": {"C": 7944.651676157199, "gamma": 0.17069713648209348}, "datetime": {"datetime": "2021-10-04 12:15:59", "elapsed": 19.115302, "delta": 0.49964}}
{"target": -2.24952572578943, "params": {"C": 7900.73752139282, "gamma": 0.10459740302157809}, "datetime": {"datetime": "2021-10-04 12:15:59", "elapsed": 19.612266, "delta": 0.496964}}
{"target": -2.2242176088306267, "params": {"C": 7880.096409860117, "gamma": 0.09871863484191977}, "datetime": {"datetime": "2021-10-04 12:16:00", "elapsed": 20.014939, "delta": 0.402673}}
{"target": -2.596204469679848, "params": {"C": 7856.925056803043, "gamma": 0.18557947834450716}, "datetime": {"datetime": "2021-10-04 12:16:00", "elapsed": 20.44778, "delta": 0.432841}}
{"target": -2.477874486847854, "params": {"C": 2307.309599998711, "gamma": 0.04941533362522032}, "datetime": {"datetime": "2021-10-04 12:16:01", "elapsed": 20.938597, "delta": 0.490817}}
{"target": -2.097208490609782, "params": {"C": 8018.787935579152, "gamma": 0.0474476240638492}, "datetime": {"datetime": "2021-10-04 12:16:01", "elapsed": 21.463883, "delta": 0.525286}}
{"target": -2.958801277422306, "params": {"C": 2259.768944859648, "gamma": 0.1730149423056323}, "datetime": {"datetime": "2021-10-04 12:16:02", "elapsed": 21.940903, "delta": 0.47702}}
{"target": -2.5790317892903696, "params": {"C": 2352.6518163181486, "gamma": 0.09228473078207008}, "datetime": {"datetime": "2021-10-04 12:16:02", "elapsed": 22.366397, "delta": 0.425494}}
{"target": -2.6371810913796887, "params": {"C": 2884.821217444449, "gamma": 0.12574228354014957}, "datetime": {"datetime": "2021-10-04 12:16:03", "elapsed": 22.856946, "delta": 0.490549}}
