{"target": -2.1034872324070535, "params": {"C": 17468.360327154463, "gamma": 0.04033569837010645}, "datetime": {"datetime": "2021-10-04 12:35:28", "elapsed": 249.949978, "delta": 1.704569}}
{"target": -2.1685503711598964, "params": {"C": 38259.90514060551, "gamma": 0.10197436828723502}, "datetime": {"datetime": "2021-10-04 12:35:29", "elapsed": 251.275188, "delta": 1.32521}}
{"target": -2.164554606073725, "params": {"C": 14501.7498995015, "gamma": 0.10305460388038774}, "datetime": {"datetime": "2021-10-04 12:35:30", "elapsed": 252.573339, "delta": 1.298151}}
{"target": -2.5126084416731778, "params": {"C": 29790.933551082107, "gamma": 0.27099877267797284}, "datetime": {"datetime": "2021-10-04 12:35:31", "elapsed": 253.817934, "delta": 1.244595}}
{"target": -2.4896830499221614, "params": {"C": 18256.208382284007, "gamma": 0.25502059450531106}, "datetime": {"datetime": "2021-10-04 12:35:33", "elapsed": 255.480737, "delta": 1.662803}}
{"target": -2.0915298440374497, "params": {"C": 15382.308667196841, "gamma": 0.045208515796647336}, "datetime": {"datetime": "2021-10-04 12:35:35", "elapsed": 257.118209, "delta": 1.637472}}
{"target": -2.4597839748665216, "params": {"C": 31731.047738777317, "gamma": 0.2326018569085192}, "datetime": {"datetime": "2021-10-04 12:35:36", "elapsed": 258.471202, "delta": 1.352993}}
{"target": -2.3841885718014093, "params": {"C": 22983.078138028475, "gamma": 0.19355288943291576}, "datetime": {"datetime": "2021-10-04 12:35:37", "elapsed": 259.788999, "delta": 1.317797}}
{"target": -2.5181603146040423, "params": {"C": 19398.64277204044, "gamma": 0.00917748659232396}, "datetime": {"datetime": "2021-10-04 12:35:39", "elapsed": 261.137961, "delta": 1.348962}}
{"target": -2.187913552996547, "params": {"C": 37610.577528084395, "gamma": 0.1073872118336754}, "datetime": {"datetime": "2021-10-04 12:35:41", "elapsed": 262.951488, "delta": 1.813527}}
{"target": -2.4130938838691103, "params": {"C": 23519.93914985653, "gamma": 0.20845609372900403}, "datetime": {"datetime": "2021-10-04 12:35:42", "elapsed": 264.304859, "delta": 1.353371}}
{"target": -2.542850321371872, "params": {"C": 33956.75136670114, "gamma": 0.289978375152053}, "datetime": {"datetime": "2021-10-04 12:35:43", "elapsed": 265.644322, "delta": 1.339463}}
{"target": -2.4745294331031826, "params": {"C": 18979.56052393368, "gamma": 0.24566727938518534}, "datetime": {"datetime": "2021-10-04 12:35:45", "elapsed": 267.011144, "delta": 1.366822}}
{"target": -2.2628093573020895, "params": {"C": 29694.19387678444, "gamma": 0.1357649691191173}, "datetime": {"datetime": "2021-10-04 12:35:46", "elapsed": 268.340395, "delta": 1.329251}}
{"target": -2.5486749309850416, "params": {"C": 23434.947393992203, "gamma": 0.2940245891850293}, "datetime": {"datetime": "2021-10-04 12:35:47", "elapsed": 269.692339, "delta": 1.351944}}
{"target": -2.2095843056512994, "params": {"C": 19356.243838117407, "gamma": 0.1225808062187415}, "datetime": {"datetime": "2021-10-04 12:35:49", "elapsed": 271.096421, "delta": 1.404082}}
{"target": -2.0347954343927355, "params": {"C": 21212.149057774004, "gamma": 0.05262773769219313}, "datetime": {"datetime": "2021-10-04 12:35:50", "elapsed": 272.39984, "delta": 1.303419}}
{"target": -2.137482819732622, "params": {"C": 10428.245805487366, "gamma": 0.08619475402591377}, "datetime": {"datetime": "2021-10-04 12:35:51", "elapsed": 273.771143, "delta": 1.371303}}
{"target": -2.0417606341706844, "params": {"C": 39274.743827921055, "gamma": 0.05222448929582052}, "datetime": {"datetime": "2021-10-04 12:35:53", "elapsed": 275.053584, "delta": 1.282441}}
{"target": -2.315796368310911, "params": {"C": 21694.32988652044, "gamma": 0.1644217671583211}, "datetime": {"datetime": "2021-10-04 12:35:54", "elapsed": 276.463906, "delta": 1.410322}}
{"target": -2.5525573045471224, "params": {"C": 23044.877698454853, "gamma": 0.2965227590391305}, "datetime": {"datetime": "2021-10-04 12:35:55", "elapsed": 277.76673, "delta": 1.302824}}
{"target": -2.24975274241428, "params": {"C": 30422.060817319078, "gamma": 0.13049895040167656}, "datetime": {"datetime": "2021-10-04 12:35:57", "elapsed": 279.134528, "delta": 1.367798}}
{"target": -2.0303661189644386, "params": {"C": 25330.600884854084, "gamma": 0.06370648065634675}, "datetime": {"datetime": "2021-10-04 12:35:58", "elapsed": 280.465508, "delta": 1.33098}}
{"target": -2.033430926630461, "params": {"C": 24915.776378703893, "gamma": 0.05554268508290375}, "datetime": {"datetime": "2021-10-04 12:35:59", "elapsed": 281.837936, "delta": 1.372428}}
{"target": -2.2563196549398024, "params": {"C": 9790.843162437912, "gamma": 0.12714481720405782}, "datetime": {"datetime": "2021-10-04 12:36:01", "elapsed": 283.223035, "delta": 1.385099}}
{"target": -2.0385455814877846, "params": {"C": 26933.78504699932, "gamma": 0.04637073545463749}, "datetime": {"datetime": "2021-10-04 12:36:02", "elapsed": 284.628809, "delta": 1.405774}}
{"target": -2.1795457541015244, "params": {"C": 10458.77517234839, "gamma": 0.03964800407336627}, "datetime": {"datetime": "2021-10-04 12:36:04", "elapsed": 285.943338, "delta": 1.314529}}
{"target": -2.4063627404451817, "params": {"C": 37512.01492428222, "gamma": 0.19538748288686825}, "datetime": {"datetime": "2021-10-04 12:36:05", "elapsed": 287.36682, "delta": 1.423482}}
{"target": -2.213775021749704, "params": {"C": 20016.806425558563, "gamma": 0.12394543334642255}, "datetime": {"datetime": "2021-10-04 12:36:07", "elapsed": 289.287658, "delta": 1.920838}}
{"target": -2.299829811103662, "params": {"C": 36557.497895365435, "gamma": 0.14533663997144206}, "datetime": {"datetime": "2021-10-04 12:36:08", "elapsed": 290.691687, "delta": 1.404029}}
{"target": -2.1010607467512696, "params": {"C": 19129.43965335945, "gamma": 0.08910971790399283}, "datetime": {"datetime": "2021-10-04 12:36:10", "elapsed": 292.063346, "delta": 1.371659}}
{"target": -2.192231919732169, "params": {"C": 23557.048069168286, "gamma": 0.11580552731005878}, "datetime": {"datetime": "2021-10-04 12:36:11", "elapsed": 293.518482, "delta": 1.455136}}
{"target": -2.503329601479763, "params": {"C": 14561.756471485598, "gamma": 0.260033080829928}, "datetime": {"datetime": "2021-10-04 12:36:12", "elapsed": 294.884564, "delta": 1.366082}}
{"target": -2.5676449882357546, "params": {"C": 15650.043036671459, "gamma": 0.00881384917425996}, "datetime": {"datetime": "2021-10-04 12:36:14", "elapsed": 296.27306, "delta": 1.388496}}
{"target": -2.1155707147637366, "params": {"C": 15903.530279379469, "gamma": 0.039804452740913626}, "datetime": {"datetime": "2021-10-04 12:36:15", "elapsed": 297.60547, "delta": 1.33241}}
{"target": -2.3349345555180605, "params": {"C": 10215.617654718892, "gamma": 0.16373523534083198}, "datetime": {"datetime": "2021-10-04 12:36:17", "elapsed": 299.043894, "delta": 1.438424}}
{"target": -2.1133425148583194, "params": {"C": 37959.628250010486, "gamma": 0.032400332667849356}, "datetime": {"datetime": "2021-10-04 12:36:18", "elapsed": 300.676173, "delta": 1.632279}}
{"target": -2.0408861133195915, "params": {"C": 38378.525223794335, "gamma": 0.05245470385878173}, "datetime": {"datetime": "2021-10-04 12:36:20", "elapsed": 302.672762, "delta": 1.996589}}
{"target": -2.461684581525569, "params": {"C": 28882.51289006352, "gamma": 0.23459419707229281}, "datetime": {"datetime": "2021-10-04 12:36:22", "elapsed": 304.195377, "delta": 1.522615}}
{"target": -2.4237511872897204, "params": {"C": 27352.404699123792, "gamma": 0.21106177387422614}, "datetime": {"datetime": "2021-10-04 12:36:24", "elapsed": 306.304097, "delta": 2.10872}}
{"target": -2.2938177162467084, "params": {"C": 17585.21589873139, "gamma": 0.021439386929097966}, "datetime": {"datetime": "2021-10-04 12:36:26", "elapsed": 307.983694, "delta": 1.679597}}
{"target": -2.4828837319067847, "params": {"C": 38103.24899865553, "gamma": 0.24711208009381946}, "datetime": {"datetime": "2021-10-04 12:36:27", "elapsed": 309.451404, "delta": 1.46771}}
{"target": -2.259189696918338, "params": {"C": 14261.395877509756, "gamma": 0.13871603388256204}, "datetime": {"datetime": "2021-10-04 12:36:28", "elapsed": 310.906042, "delta": 1.454638}}
{"target": -2.0433062860711395, "params": {"C": 38729.11638137443, "gamma": 0.050611010711645366}, "datetime": {"datetime": "2021-10-04 12:36:30", "elapsed": 312.347646, "delta": 1.441604}}
{"target": -2.483065441618341, "params": {"C": 19902.702981559116, "gamma": 0.010175377611396173}, "datetime": {"datetime": "2021-10-04 12:36:31", "elapsed": 313.815964, "delta": 1.468318}}
{"target": -2.5162239621135196, "params": {"C": 34802.4766693894, "gamma": 0.2717794732294287}, "datetime": {"datetime": "2021-10-04 12:36:33", "elapsed": 315.409599, "delta": 1.593635}}
{"target": -2.1002745836096883, "params": {"C": 26292.870579670413, "gamma": 0.08890766750574135}, "datetime": {"datetime": "2021-10-04 12:36:34", "elapsed": 316.804671, "delta": 1.395072}}
{"target": -2.4607367410836303, "params": {"C": 17875.38388754282, "gamma": 0.2377166023934702}, "datetime": {"datetime": "2021-10-04 12:36:36", "elapsed": 318.243113, "delta": 1.438442}}
{"target": -2.2991983022539024, "params": {"C": 10603.900630403348, "gamma": 0.1473931596620344}, "datetime": {"datetime": "2021-10-04 12:36:37", "elapsed": 319.771603, "delta": 1.52849}}
{"target": -2.4407760137383874, "params": {"C": 38004.51267042638, "gamma": 0.21674901690649406}, "datetime": {"datetime": "2021-10-04 12:36:39", "elapsed": 321.270394, "delta": 1.498791}}
{"target": -2.074057332613063, "params": {"C": 14551.926353850056, "gamma": 0.05094541159421681}, "datetime": {"datetime": "2021-10-04 12:36:40", "elapsed": 322.817529, "delta": 1.547135}}
{"target": -2.471620947628279, "params": {"C": 18227.38051935391, "gamma": 0.24391687270648382}, "datetime": {"datetime": "2021-10-04 12:36:42", "elapsed": 324.341416, "delta": 1.523887}}
{"target": -2.1720127898502177, "params": {"C": 25935.31988039681, "gamma": 0.10918083487115222}, "datetime": {"datetime": "2021-10-04 12:36:44", "elapsed": 325.939295, "delta": 1.597879}}
{"target": -2.363734988845801, "params": {"C": 26335.21873638812, "gamma": 0.18161074217943987}, "datetime": {"datetime": "2021-10-04 12:36:46", "elapsed": 328.09676, "delta": 2.157465}}
{"target": -2.3548620464187344, "params": {"C": 14917.837467229958, "gamma": 0.1827066546270775}, "datetime": {"datetime": "2021-10-04 12:36:47", "elapsed": 329.606078, "delta": 1.509318}}
{"target": -2.4192355205743903, "params": {"C": 27831.023031402034, "gamma": 0.20810961217358784}, "datetime": {"datetime": "2021-10-04 12:36:49", "elapsed": 331.173, "delta": 1.566922}}
{"target": -2.120392712843766, "params": {"C": 13713.972166377129, "gamma": 0.0894535272109715}, "datetime": {"datetime": "2021-10-04 12:36:50", "elapsed": 332.661722, "delta": 1.488722}}
{"target": -2.2982861391200786, "params": {"C": 24838.31046266936, "gamma": 0.01845610471579457}, "datetime": {"datetime": "2021-10-04 12:36:52", "elapsed": 334.245161, "delta": 1.583439}}
{"target": -2.42313625962104, "params": {"C": 37852.117771677484, "gamma": 0.20496635802952795}, "datetime": {"datetime": "2021-10-04 12:36:53", "elapsed": 335.749399, "delta": 1.504238}}
{"target": -2.047059399215052, "params": {"C": 25073.746026868, "gamma": 0.07486159894528197}, "datetime": {"datetime": "2021-10-04 12:36:55", "elapsed": 337.269675, "delta": 1.520276}}
{"target": -2.4779305613785265, "params": {"C": 26976.351673204892, "gamma": 0.24635085419644062}, "datetime": {"datetime": "2021-10-04 12:36:58", "elapsed": 339.989359, "delta": 2.719684}}
{"target": -2.214158522072147, "params": {"C": 36210.183699506175, "gamma": 0.022885557851999888}, "datetime": {"datetime": "2021-10-04 12:36:59", "elapsed": 341.422489, "delta": 1.43313}}
{"target": -2.3298982133461013, "params": {"C": 17154.845587713236, "gamma": 0.17265619433168133}, "datetime": {"datetime": "2021-10-04 12:37:01", "elapsed": 343.004264, "delta": 1.581775}}
{"target": -2.497170357185522, "params": {"C": 36310.62771685842, "gamma": 0.2582850841945815}, "datetime": {"datetime": "2021-10-04 12:37:02", "elapsed": 344.702309, "delta": 1.698045}}
{"target": -2.507899938386493, "params": {"C": 31524.46770252682, "gamma": 0.26740775661029537}, "datetime": {"datetime": "2021-10-04 12:37:04", "elapsed": 346.152357, "delta": 1.450048}}
{"target": -2.3865749290050773, "params": {"C": 39139.835640217105, "gamma": 0.18452249407725982}, "datetime": {"datetime": "2021-10-04 12:37:05", "elapsed": 347.765198, "delta": 1.612841}}
{"target": -2.0347394618869346, "params": {"C": 28579.70675441342, "gamma": 0.06819248360947026}, "datetime": {"datetime": "2021-10-04 12:37:07", "elapsed": 349.326024, "delta": 1.560826}}
{"target": -2.438611818325477, "params": {"C": 37562.36169385753, "gamma": 0.21545095913430598}, "datetime": {"datetime": "2021-10-04 12:37:09", "elapsed": 351.037396, "delta": 1.711372}}
{"target": -2.4337736198615487, "params": {"C": 39834.41164392685, "gamma": 0.21090215566745416}, "datetime": {"datetime": "2021-10-04 12:37:10", "elapsed": 352.648384, "delta": 1.610988}}
{"target": -2.1362415126048475, "params": {"C": 21095.480837552997, "gamma": 0.09899440358117742}, "datetime": {"datetime": "2021-10-04 12:37:12", "elapsed": 354.173462, "delta": 1.525078}}
{"target": -2.2526040619659002, "params": {"C": 14510.799336718652, "gamma": 0.13584317059295692}, "datetime": {"datetime": "2021-10-04 12:37:13", "elapsed": 355.679048, "delta": 1.505586}}
{"target": -2.521946483727823, "params": {"C": 35270.2643721044, "gamma": 0.2754394649469495}, "datetime": {"datetime": "2021-10-04 12:37:15", "elapsed": 357.399328, "delta": 1.72028}}
{"target": -2.169517072792799, "params": {"C": 16006.933917922, "gamma": 0.03247948729582098}, "datetime": {"datetime": "2021-10-04 12:37:17", "elapsed": 359.050647, "delta": 1.651319}}
{"target": -2.1480756372771768, "params": {"C": 12224.663580212142, "gamma": 0.040153019275858154}, "datetime": {"datetime": "2021-10-04 12:37:19", "elapsed": 361.015471, "delta": 1.964824}}
{"target": -2.4915470370136306, "params": {"C": 18788.244849980692, "gamma": 0.2563505118918336}, "datetime": {"datetime": "2021-10-04 12:37:20", "elapsed": 362.667122, "delta": 1.651651}}
{"target": -2.4167186122376507, "params": {"C": 30437.498928459532, "gamma": 0.20488823426107836}, "datetime": {"datetime": "2021-10-04 12:37:22", "elapsed": 364.233894, "delta": 1.566772}}
{"target": -2.3108475581124637, "params": {"C": 19444.541744342812, "gamma": 0.1634437264410902}, "datetime": {"datetime": "2021-10-04 12:37:23", "elapsed": 365.925216, "delta": 1.691322}}
{"target": -2.4127401999080913, "params": {"C": 30425.537274750684, "gamma": 0.20268217325040336}, "datetime": {"datetime": "2021-10-04 12:37:25", "elapsed": 367.925773, "delta": 2.000557}}
{"target": -2.1064233039238496, "params": {"C": 22968.125648122124, "gamma": 0.09111007468080143}, "datetime": {"datetime": "2021-10-04 12:37:28", "elapsed": 370.115687, "delta": 2.189914}}
{"target": -2.2298854908334507, "params": {"C": 20823.04466567171, "gamma": 0.1296271357035493}, "datetime": {"datetime": "2021-10-04 12:37:30", "elapsed": 372.300096, "delta": 2.184409}}
{"target": -2.4915434092882998, "params": {"C": 29514.92321327108, "gamma": 0.256346023055346}, "datetime": {"datetime": "2021-10-04 12:37:32", "elapsed": 374.004172, "delta": 1.704076}}
{"target": -2.4169145179758345, "params": {"C": 33307.90628025275, "gamma": 0.20336521899771282}, "datetime": {"datetime": "2021-10-04 12:37:33", "elapsed": 375.618086, "delta": 1.613914}}
{"target": -2.357950636741713, "params": {"C": 16455.95648346173, "gamma": 0.18428981452361926}, "datetime": {"datetime": "2021-10-04 12:37:36", "elapsed": 377.950285, "delta": 2.332199}}
{"target": -2.1255893131625982, "params": {"C": 17765.967922716998, "gamma": 0.09455033157572555}, "datetime": {"datetime": "2021-10-04 12:37:37", "elapsed": 379.50569, "delta": 1.555405}}
{"target": -2.1046947711784663, "params": {"C": 11714.419333873735, "gamma": 0.07897165884493829}, "datetime": {"datetime": "2021-10-04 12:37:39", "elapsed": 381.618274, "delta": 2.112584}}
{"target": -2.1507599791597882, "params": {"C": 9822.206028299848, "gamma": 0.0464655326671477}, "datetime": {"datetime": "2021-10-04 12:37:41", "elapsed": 383.336333, "delta": 1.718059}}
{"target": -2.3307725856946306, "params": {"C": 30309.039663317515, "gamma": 0.1645281937267961}, "datetime": {"datetime": "2021-10-04 12:37:42", "elapsed": 384.877879, "delta": 1.541546}}
{"target": -2.245636113569644, "params": {"C": 34174.06827563131, "gamma": 0.12657347777299233}, "datetime": {"datetime": "2021-10-04 12:37:44", "elapsed": 386.587265, "delta": 1.709386}}
{"target": -2.34069716726045, "params": {"C": 36087.67121567883, "gamma": 0.16487881173089727}, "datetime": {"datetime": "2021-10-04 12:37:46", "elapsed": 388.11509, "delta": 1.527825}}
{"target": -2.1876970343793314, "params": {"C": 33445.19981821239, "gamma": 0.11000960981685402}, "datetime": {"datetime": "2021-10-04 12:37:47", "elapsed": 389.835141, "delta": 1.720051}}
{"target": -2.0567363107657046, "params": {"C": 37550.654838651055, "gamma": 0.07347142060402088}, "datetime": {"datetime": "2021-10-04 12:37:49", "elapsed": 391.537148, "delta": 1.702007}}
{"target": -2.284091748380298, "params": {"C": 13898.582749962048, "gamma": 0.025087898228207724}, "datetime": {"datetime": "2021-10-04 12:37:51", "elapsed": 393.281651, "delta": 1.744503}}
{"target": -2.045204475462917, "params": {"C": 34286.574137755924, "gamma": 0.046586395832665856}, "datetime": {"datetime": "2021-10-04 12:37:52", "elapsed": 394.931986, "delta": 1.650335}}
{"target": -2.496755413592665, "params": {"C": 28588.135994083943, "gamma": 0.2605115979576242}, "datetime": {"datetime": "2021-10-04 12:37:54", "elapsed": 396.553222, "delta": 1.621236}}
{"target": -2.0456135736161833, "params": {"C": 18861.43212514615, "gamma": 0.05021502848543323}, "datetime": {"datetime": "2021-10-04 12:37:56", "elapsed": 398.841688, "delta": 2.288466}}
{"target": -2.5310869926619772, "params": {"C": 34375.32342036007, "gamma": 0.2818012270247397}, "datetime": {"datetime": "2021-10-04 12:37:58", "elapsed": 400.641168, "delta": 1.79948}}
{"target": -2.174922244606363, "params": {"C": 16394.915828777313, "gamma": 0.10780247935592575}, "datetime": {"datetime": "2021-10-04 12:38:00", "elapsed": 402.34875, "delta": 1.707582}}
{"target": -2.5404301420463575, "params": {"C": 35678.52190037758, "gamma": 0.28790091352620373}, "datetime": {"datetime": "2021-10-04 12:38:02", "elapsed": 403.952541, "delta": 1.603791}}
{"target": -2.5284695609725465, "params": {"C": 38041.27717915633, "gamma": 0.2789653893634479}, "datetime": {"datetime": "2021-10-04 12:38:03", "elapsed": 405.574432, "delta": 1.621891}}
{"target": -2.3269747409304036, "params": {"C": 10036.346835943034, "gamma": 0.15862990267684357}, "datetime": {"datetime": "2021-10-04 12:38:05", "elapsed": 407.317676, "delta": 1.743244}}
{"target": -2.0817325013800088, "params": {"C": 35991.40640853929, "gamma": 0.08140115138260795}, "datetime": {"datetime": "2021-10-04 12:38:07", "elapsed": 409.735771, "delta": 2.418095}}
{"target": -2.052002472463451, "params": {"C": 33906.986885849314, "gamma": 0.07437677015236656}, "datetime": {"datetime": "2021-10-04 12:38:09", "elapsed": 411.468292, "delta": 1.732521}}
{"target": -2.3756654367425885, "params": {"C": 20245.202119866797, "gamma": 0.015083558610438856}, "datetime": {"datetime": "2021-10-04 12:38:11", "elapsed": 413.858894, "delta": 2.390602}}
{"target": -2.539432930678443, "params": {"C": 15206.177167361928, "gamma": 0.2811604722746777}, "datetime": {"datetime": "2021-10-04 12:38:13", "elapsed": 415.642827, "delta": 1.783933}}
{"target": -2.458174725773691, "params": {"C": 36670.41727433826, "gamma": 0.23017908718805094}, "datetime": {"datetime": "2021-10-04 12:38:15", "elapsed": 417.451591, "delta": 1.808764}}
{"target": -2.1228510986035998, "params": {"C": 17283.99858569875, "gamma": 0.09359031203656255}, "datetime": {"datetime": "2021-10-04 12:38:18", "elapsed": 420.044925, "delta": 2.593334}}
{"target": -2.2134775982123, "params": {"C": 27545.493812998495, "gamma": 0.12034203946552478}, "datetime": {"datetime": "2021-10-04 12:38:19", "elapsed": 421.902774, "delta": 1.857849}}
{"target": -2.5285331329114755, "params": {"C": 38677.79043697595, "gamma": 0.27866549700799664}, "datetime": {"datetime": "2021-10-04 12:38:21", "elapsed": 423.761225, "delta": 1.858451}}
{"target": -2.4350503035937012, "params": {"C": 36593.76097171429, "gamma": 0.21336480146709982}, "datetime": {"datetime": "2021-10-04 12:38:24", "elapsed": 426.097787, "delta": 2.336562}}
{"target": -2.5312002568192273, "params": {"C": 38495.72739470404, "gamma": 0.28059997736255066}, "datetime": {"datetime": "2021-10-04 12:38:26", "elapsed": 427.947715, "delta": 1.849928}}
{"target": -2.4233340078738763, "params": {"C": 15237.042843230829, "gamma": 0.21613111494557977}, "datetime": {"datetime": "2021-10-04 12:38:28", "elapsed": 430.538178, "delta": 2.590463}}
{"target": -2.380356106305086, "params": {"C": 22828.112618913525, "gamma": 0.191740697284509}, "datetime": {"datetime": "2021-10-04 12:38:30", "elapsed": 432.252251, "delta": 1.714073}}
{"target": -2.1445043284988397, "params": {"C": 21114.42236860009, "gamma": 0.03142417202986377}, "datetime": {"datetime": "2021-10-04 12:38:32", "elapsed": 434.013455, "delta": 1.761204}}
{"target": -2.4845549784423406, "params": {"C": 9249.117090321412, "gamma": 0.23193083081577362}, "datetime": {"datetime": "2021-10-04 12:38:33", "elapsed": 435.789932, "delta": 1.776477}}
{"target": -2.475046964620715, "params": {"C": 19410.958081528657, "gamma": 0.2460167869638473}, "datetime": {"datetime": "2021-10-04 12:38:35", "elapsed": 437.561701, "delta": 1.771769}}
{"target": -2.386664472348335, "params": {"C": 9218.642547000598, "gamma": 0.18517041655923275}, "datetime": {"datetime": "2021-10-04 12:38:37", "elapsed": 439.358765, "delta": 1.797064}}
