{"target": -16.85971796418003, "params": {"C": 4403.79961396374, "gamma": 0.02009422567942285}, "datetime": {"datetime": "2021-06-28 15:45:16", "elapsed": 88.381488, "delta": 0.998325}}
{"target": -17.114792121859097, "params": {"C": 4429.9997677391275, "gamma": 0.014890971694367771}, "datetime": {"datetime": "2021-06-28 15:45:17", "elapsed": 89.227334, "delta": 0.845846}}
{"target": -16.642843841124407, "params": {"C": 4464.2187387355125, "gamma": 0.03082651533168867}, "datetime": {"datetime": "2021-06-28 15:45:17", "elapsed": 90.14155, "delta": 0.914216}}
{"target": -16.658352052694934, "params": {"C": 4487.254222404654, "gamma": 0.04430247186288641}, "datetime": {"datetime": "2021-06-28 15:45:18", "elapsed": 91.100799, "delta": 0.959249}}
{"target": -16.66403628707249, "params": {"C": 4323.3488192212535, "gamma": 0.02806047997900043}, "datetime": {"datetime": "2021-06-28 15:45:19", "elapsed": 91.879394, "delta": 0.778595}}
{"target": -16.644915835337535, "params": {"C": 4299.391091984322, "gamma": 0.02941694891649283}, "datetime": {"datetime": "2021-06-28 15:45:20", "elapsed": 92.692301, "delta": 0.812907}}
{"target": -17.99967933003462, "params": {"C": 4273.699396684035, "gamma": 0.08697887412014073}, "datetime": {"datetime": "2021-06-28 15:45:21", "elapsed": 93.569896, "delta": 0.877595}}
{"target": -18.44453622411987, "params": {"C": 7137.883646738354, "gamma": 0.08472615041721111}, "datetime": {"datetime": "2021-06-28 15:45:22", "elapsed": 94.602425, "delta": 1.032529}}
{"target": -16.923307675874373, "params": {"C": 7481.298225479696, "gamma": 0.0357390351124873}, "datetime": {"datetime": "2021-06-28 15:45:23", "elapsed": 95.555603, "delta": 0.953178}}
{"target": -17.16198714121547, "params": {"C": 7509.492858927619, "gamma": 0.053885570686169455}, "datetime": {"datetime": "2021-06-28 15:45:24", "elapsed": 96.618269, "delta": 1.062666}}
{"target": -17.355887765701972, "params": {"C": 7452.128522972246, "gamma": 0.06065684373630608}, "datetime": {"datetime": "2021-06-28 15:45:25", "elapsed": 97.43993, "delta": 0.821661}}
{"target": -17.53574510535079, "params": {"C": 7546.305402957065, "gamma": 0.06517727562862302}, "datetime": {"datetime": "2021-06-28 15:45:26", "elapsed": 98.408019, "delta": 0.968089}}
{"target": -17.317048449714967, "params": {"C": 8610.452501401169, "gamma": 0.010877550270601924}, "datetime": {"datetime": "2021-06-28 15:45:27", "elapsed": 99.232017, "delta": 0.823998}}
{"target": -19.654434245929963, "params": {"C": 8568.306161044527, "gamma": 0.1}, "datetime": {"datetime": "2021-06-28 15:45:28", "elapsed": 100.336717, "delta": 1.1047}}
{"target": -17.34382292127824, "params": {"C": 8646.589122007046, "gamma": 0.05624935019304539}, "datetime": {"datetime": "2021-06-28 15:45:28", "elapsed": 101.194157, "delta": 0.85744}}
{"target": -17.52031998402043, "params": {"C": 1256.762614193791, "gamma": 0.01841410767471808}, "datetime": {"datetime": "2021-06-28 15:45:29", "elapsed": 102.038649, "delta": 0.844492}}
{"target": -17.628763356825477, "params": {"C": 6722.181266177105, "gamma": 0.06996763263422491}, "datetime": {"datetime": "2021-06-28 15:45:30", "elapsed": 103.17906, "delta": 1.140411}}
{"target": -18.023831862517305, "params": {"C": 432.21487591742823, "gamma": 0.04089982720818231}, "datetime": {"datetime": "2021-06-28 15:45:31", "elapsed": 104.160375, "delta": 0.981315}}
{"target": -17.662780939048133, "params": {"C": 8157.150249764446, "gamma": 0.0664302750904827}, "datetime": {"datetime": "2021-06-28 15:45:33", "elapsed": 105.228303, "delta": 1.067928}}
{"target": -17.26716092269484, "params": {"C": 8910.597412612242, "gamma": 0.0524224573760343}, "datetime": {"datetime": "2021-06-28 15:45:34", "elapsed": 106.328727, "delta": 1.100424}}
{"target": -17.060157540085484, "params": {"C": 8949.183077481186, "gamma": 0.035380273680404015}, "datetime": {"datetime": "2021-06-28 15:45:35", "elapsed": 107.384533, "delta": 1.055806}}
{"target": -19.24948617630479, "params": {"C": 8980.523776679542, "gamma": 0.09251612808046555}, "datetime": {"datetime": "2021-06-28 15:45:36", "elapsed": 108.26088, "delta": 0.876347}}
{"target": -17.799440858734794, "params": {"C": 8870.2344549762, "gamma": 0.06757690964080007}, "datetime": {"datetime": "2021-06-28 15:45:36", "elapsed": 109.150877, "delta": 0.889997}}
{"target": -17.744505486382874, "params": {"C": 8687.827500256086, "gamma": 0.0668430049541271}, "datetime": {"datetime": "2021-06-28 15:45:37", "elapsed": 110.084871, "delta": 0.933994}}
{"target": -17.75367535484951, "params": {"C": 719.9400050372851, "gamma": 0.07716627244709832}, "datetime": {"datetime": "2021-06-28 15:45:39", "elapsed": 111.250837, "delta": 1.165966}}
{"target": -16.61549398362734, "params": {"C": 2172.0457272030953, "gamma": 0.05531623737954933}, "datetime": {"datetime": "2021-06-28 15:45:40", "elapsed": 112.273258, "delta": 1.022421}}
{"target": -16.87315491565299, "params": {"C": 2148.6318069672866, "gamma": 0.06645806503021369}, "datetime": {"datetime": "2021-06-28 15:45:41", "elapsed": 113.380493, "delta": 1.107235}}
{"target": -17.344416439952095, "params": {"C": 2196.689561915703, "gamma": 0.015435103837890431}, "datetime": {"datetime": "2021-06-28 15:45:42", "elapsed": 114.52119, "delta": 1.140697}}
{"target": -17.621969536956193, "params": {"C": 2117.8331495143625, "gamma": 0.08790785743781261}, "datetime": {"datetime": "2021-06-28 15:45:43", "elapsed": 115.530191, "delta": 1.009001}}
{"target": -16.622189505853, "params": {"C": 3832.098076556019, "gamma": 0.04760791374396597}, "datetime": {"datetime": "2021-06-28 15:45:44", "elapsed": 116.777174, "delta": 1.246983}}
{"target": -16.56111490603312, "params": {"C": 3808.4867421971203, "gamma": 0.03584736789520153}, "datetime": {"datetime": "2021-06-28 15:45:45", "elapsed": 117.872174, "delta": 1.095}}
{"target": -16.677035255167034, "params": {"C": 3784.393984189024, "gamma": 0.051620729380576984}, "datetime": {"datetime": "2021-06-28 15:45:46", "elapsed": 118.845002, "delta": 0.972828}}
{"target": -16.63374288803475, "params": {"C": 3858.3455079685323, "gamma": 0.028369260767662483}, "datetime": {"datetime": "2021-06-28 15:45:47", "elapsed": 120.149698, "delta": 1.304696}}
{"target": -17.197963062725226, "params": {"C": 3883.9959438799115, "gamma": 0.07004901238975525}, "datetime": {"datetime": "2021-06-28 15:45:49", "elapsed": 121.302691, "delta": 1.152993}}
{"target": -18.477901208809996, "params": {"C": 3759.5093259066625, "gamma": 0.09912738485863518}, "datetime": {"datetime": "2021-06-28 15:45:50", "elapsed": 122.315531, "delta": 1.01284}}
{"target": -17.550403477552795, "params": {"C": 9740.163098480598, "gamma": 0.059262011217417275}, "datetime": {"datetime": "2021-06-28 15:45:51", "elapsed": 123.499526, "delta": 1.183995}}
{"target": -18.88913197459407, "params": {"C": 5863.095134831239, "gamma": 0.09707592928152155}, "datetime": {"datetime": "2021-06-28 15:45:52", "elapsed": 124.47197, "delta": 0.972444}}
{"target": -19.073371458086687, "params": {"C": 7894.4552841191535, "gamma": 0.09294417454757975}, "datetime": {"datetime": "2021-06-28 15:45:53", "elapsed": 125.505666, "delta": 1.033696}}
{"target": -16.556690188322108, "params": {"C": 3536.954494836087, "gamma": 0.04413118613873355}, "datetime": {"datetime": "2021-06-28 15:45:54", "elapsed": 126.604656, "delta": 1.09899}}
{"target": -17.26305931394191, "params": {"C": 3513.7024032972413, "gamma": 0.07338636173615105}, "datetime": {"datetime": "2021-06-28 15:45:55", "elapsed": 127.597184, "delta": 0.992528}}
{"target": -17.126357886863673, "params": {"C": 3560.3898995964287, "gamma": 0.0694583096812625}, "datetime": {"datetime": "2021-06-28 15:45:56", "elapsed": 128.718216, "delta": 1.121032}}
{"target": -16.858700805412674, "params": {"C": 6415.465429135384, "gamma": 0.04285302593589249}, "datetime": {"datetime": "2021-06-28 15:45:57", "elapsed": 129.683001, "delta": 0.964785}}
{"target": -16.825531976831986, "params": {"C": 6387.26779092612, "gamma": 0.027865599003309788}, "datetime": {"datetime": "2021-06-28 15:45:58", "elapsed": 130.64411, "delta": 0.961109}}
{"target": -17.327434157756073, "params": {"C": 6444.770927790404, "gamma": 0.0633643381991207}, "datetime": {"datetime": "2021-06-28 15:45:59", "elapsed": 131.747117, "delta": 1.103007}}
{"target": -16.96199260847549, "params": {"C": 6362.89902741367, "gamma": 0.050485594449520645}, "datetime": {"datetime": "2021-06-28 15:46:00", "elapsed": 132.720617, "delta": 0.9735}}
{"target": -16.793232705054294, "params": {"C": 6166.64651472647, "gamma": 0.030852063025249406}, "datetime": {"datetime": "2021-06-28 15:46:01", "elapsed": 133.965814, "delta": 1.245197}}
{"target": -17.086834982214043, "params": {"C": 6139.846909748866, "gamma": 0.05696910014817367}, "datetime": {"datetime": "2021-06-28 15:46:02", "elapsed": 135.09842, "delta": 1.132606}}
{"target": -16.871553873179426, "params": {"C": 6193.994864397391, "gamma": 0.022204718511203453}, "datetime": {"datetime": "2021-06-28 15:46:03", "elapsed": 136.183428, "delta": 1.085008}}
{"target": -17.733558564049645, "params": {"C": 3272.6616951745013, "gamma": 0.0857852435026696}, "datetime": {"datetime": "2021-06-28 15:46:05", "elapsed": 137.339299, "delta": 1.155871}}
{"target": -16.676996271221288, "params": {"C": 1321.8678048940383, "gamma": 0.04285775356665855}, "datetime": {"datetime": "2021-06-28 15:46:06", "elapsed": 138.420581, "delta": 1.081282}}
{"target": -17.04339658261222, "params": {"C": 1347.163745366857, "gamma": 0.06956540863842807}, "datetime": {"datetime": "2021-06-28 15:46:07", "elapsed": 139.533546, "delta": 1.112965}}
{"target": -18.0940812280191, "params": {"C": 1296.829457417423, "gamma": 0.1}, "datetime": {"datetime": "2021-06-28 15:46:08", "elapsed": 140.572734, "delta": 1.039188}}
{"target": -16.74060359209064, "params": {"C": 1197.9824854694432, "gamma": 0.045998457816040894}, "datetime": {"datetime": "2021-06-28 15:46:09", "elapsed": 141.721391, "delta": 1.148657}}
{"target": -17.031715927536872, "params": {"C": 1172.2225610850114, "gamma": 0.06617446717568307}, "datetime": {"datetime": "2021-06-28 15:46:10", "elapsed": 142.990861, "delta": 1.26947}}
{"target": -17.72801457770753, "params": {"C": 1221.906379364868, "gamma": 0.016215144175690567}, "datetime": {"datetime": "2021-06-28 15:46:12", "elapsed": 144.225566, "delta": 1.234705}}
{"target": -19.3312085855194, "params": {"C": 7051.783729022861, "gamma": 0.1}, "datetime": {"datetime": "2021-06-28 15:46:13", "elapsed": 145.29179, "delta": 1.066224}}
{"target": -16.893225373257216, "params": {"C": 7225.434248377, "gamma": 0.029768690887237728}, "datetime": {"datetime": "2021-06-28 15:46:14", "elapsed": 146.619309, "delta": 1.327519}}
{"target": -17.162879189520535, "params": {"C": 7197.201588773757, "gamma": 0.013585233908965853}, "datetime": {"datetime": "2021-06-28 15:46:15", "elapsed": 147.825294, "delta": 1.205985}}
{"target": -19.369215705277856, "params": {"C": 7253.776963432251, "gamma": 0.09988912953582235}, "datetime": {"datetime": "2021-06-28 15:46:16", "elapsed": 149.086781, "delta": 1.261487}}
{"target": -17.05861929810618, "params": {"C": 1981.2279497827385, "gamma": 0.07271786808158968}, "datetime": {"datetime": "2021-06-28 15:46:18", "elapsed": 150.34187, "delta": 1.255089}}
{"target": -17.4950276921871, "params": {"C": 1951.2128586201156, "gamma": 0.08505277960811664}, "datetime": {"datetime": "2021-06-28 15:46:19", "elapsed": 151.386848, "delta": 1.044978}}
{"target": -16.514618622439247, "params": {"C": 2009.524089844964, "gamma": 0.04622255164799277}, "datetime": {"datetime": "2021-06-28 15:46:20", "elapsed": 152.633757, "delta": 1.246909}}
{"target": -17.015559405868526, "params": {"C": 5206.526015557642, "gamma": 0.05864532924526198}, "datetime": {"datetime": "2021-06-28 15:46:21", "elapsed": 153.820468, "delta": 1.186711}}
{"target": -17.110799169856552, "params": {"C": 5177.269936750004, "gamma": 0.06195947573221137}, "datetime": {"datetime": "2021-06-28 15:46:22", "elapsed": 154.907902, "delta": 1.087434}}
{"target": -17.701636804403527, "params": {"C": 5236.034990989688, "gamma": 0.07676772345227828}, "datetime": {"datetime": "2021-06-28 15:46:23", "elapsed": 155.98634, "delta": 1.078438}}
{"target": -17.005890743298192, "params": {"C": 7403.256086603949, "gamma": 0.0464753479057769}, "datetime": {"datetime": "2021-06-28 15:46:24", "elapsed": 157.180955, "delta": 1.194615}}
{"target": -18.328977436103667, "params": {"C": 7374.529439096722, "gamma": 0.08193672892413817}, "datetime": {"datetime": "2021-06-28 15:46:26", "elapsed": 158.301302, "delta": 1.120347}}
{"target": -16.984127400547703, "params": {"C": 6787.226318848865, "gamma": 0.04914540336988905}, "datetime": {"datetime": "2021-06-28 15:46:27", "elapsed": 159.380298, "delta": 1.078996}}
{"target": -17.551860548188394, "params": {"C": 6813.941525309058, "gamma": 0.06787740289885107}, "datetime": {"datetime": "2021-06-28 15:46:28", "elapsed": 160.462622, "delta": 1.082324}}
{"target": -18.63806465642686, "params": {"C": 6759.506929013765, "gamma": 0.08935670733770193}, "datetime": {"datetime": "2021-06-28 15:46:29", "elapsed": 161.657949, "delta": 1.195327}}
{"target": -16.839786062586125, "params": {"C": 6661.238863646966, "gamma": 0.03068216745851298}, "datetime": {"datetime": "2021-06-28 15:46:30", "elapsed": 162.687472, "delta": 1.029523}}
{"target": -19.236879742513572, "params": {"C": 6634.548879726594, "gamma": 0.1}, "datetime": {"datetime": "2021-06-28 15:46:31", "elapsed": 163.734794, "delta": 1.047322}}
{"target": -19.221400061822678, "params": {"C": 6684.362337577451, "gamma": 0.09954950245314464}, "datetime": {"datetime": "2021-06-28 15:46:32", "elapsed": 164.78245, "delta": 1.047656}}
{"target": -18.00222923988469, "params": {"C": 2026.4876545580705, "gamma": 0.01}, "datetime": {"datetime": "2021-06-28 15:46:33", "elapsed": 166.071092, "delta": 1.288642}}
{"target": -17.347879176272173, "params": {"C": 4087.040935421901, "gamma": 0.012113489006576057}, "datetime": {"datetime": "2021-06-28 15:46:35", "elapsed": 167.535089, "delta": 1.463997}}
{"target": -17.276321058351602, "params": {"C": 8093.942112178611, "gamma": 0.055872483485005946}, "datetime": {"datetime": "2021-06-28 15:46:36", "elapsed": 168.66109, "delta": 1.126001}}
{"target": -17.379585824286135, "params": {"C": 8221.455089033583, "gamma": 0.01}, "datetime": {"datetime": "2021-06-28 15:46:37", "elapsed": 170.14905, "delta": 1.48796}}
{"target": -22.066529184016133, "params": {"C": 107.75059394913116, "gamma": 0.013150252881126622}, "datetime": {"datetime": "2021-06-28 15:46:39", "elapsed": 171.290074, "delta": 1.141024}}
{"target": -16.91594655094062, "params": {"C": 7425.42606540347, "gamma": 0.03510964942688896}, "datetime": {"datetime": "2021-06-28 15:46:40", "elapsed": 172.774902, "delta": 1.484828}}
{"target": -17.727927819065975, "params": {"C": 654.7051814794635, "gamma": 0.07171303658682371}, "datetime": {"datetime": "2021-06-28 15:46:41", "elapsed": 173.90294, "delta": 1.128038}}
{"target": -17.27730776314654, "params": {"C": 784.789448987145, "gamma": 0.060856253195028166}, "datetime": {"datetime": "2021-06-28 15:46:43", "elapsed": 175.367896, "delta": 1.464956}}
{"target": -18.547838780811652, "params": {"C": 500.93421779271574, "gamma": 0.019178394644598157}, "datetime": {"datetime": "2021-06-28 15:46:44", "elapsed": 176.519973, "delta": 1.152077}}
{"target": -19.009493492854514, "params": {"C": 363.293060779403, "gamma": 0.08412782017591573}, "datetime": {"datetime": "2021-06-28 15:46:45", "elapsed": 177.69059, "delta": 1.170617}}
{"target": -17.24461917887112, "params": {"C": 9791.606459092849, "gamma": 0.047386156260723504}, "datetime": {"datetime": "2021-06-28 15:46:46", "elapsed": 178.837646, "delta": 1.147056}}
{"target": -17.981062816863552, "params": {"C": 9688.944738986325, "gamma": 0.06934790888775041}, "datetime": {"datetime": "2021-06-28 15:46:48", "elapsed": 180.2416, "delta": 1.403954}}
{"target": -16.534356965570353, "params": {"C": 2557.6961422433906, "gamma": 0.04927478408783412}, "datetime": {"datetime": "2021-06-28 15:46:49", "elapsed": 181.45988, "delta": 1.21828}}
{"target": -18.004696717629965, "params": {"C": 2578.422137439687, "gamma": 0.09515521880052151}, "datetime": {"datetime": "2021-06-28 15:46:50", "elapsed": 182.689518, "delta": 1.229638}}
{"target": -17.72228121251638, "params": {"C": 2537.73416380509, "gamma": 0.08881645796058824}, "datetime": {"datetime": "2021-06-28 15:46:51", "elapsed": 184.155024, "delta": 1.465506}}
{"target": -17.95756632833489, "params": {"C": 9450.251563213602, "gamma": 0.06944191909785107}, "datetime": {"datetime": "2021-06-28 15:46:53", "elapsed": 185.39739, "delta": 1.242366}}
{"target": -16.49826505388072, "params": {"C": 2241.8281358845165, "gamma": 0.03842025784569042}, "datetime": {"datetime": "2021-06-28 15:46:54", "elapsed": 186.596104, "delta": 1.198714}}
{"target": -18.004516265339518, "params": {"C": 2261.531201537564, "gamma": 0.09657836093421104}, "datetime": {"datetime": "2021-06-28 15:46:55", "elapsed": 187.985981, "delta": 1.389877}}
{"target": -17.12828519122576, "params": {"C": 2224.3742264646207, "gamma": 0.07447565143541023}, "datetime": {"datetime": "2021-06-28 15:46:57", "elapsed": 189.568938, "delta": 1.582957}}
{"target": -19.070869620468248, "params": {"C": 5925.562777594884, "gamma": 0.1}, "datetime": {"datetime": "2021-06-28 15:46:58", "elapsed": 190.8275, "delta": 1.258562}}
{"target": -17.794113791690087, "params": {"C": 5801.4102282773465, "gamma": 0.07668019001316058}, "datetime": {"datetime": "2021-06-28 15:46:59", "elapsed": 192.050786, "delta": 1.223286}}
{"target": -18.952549792761484, "params": {"C": 5438.426382697789, "gamma": 0.1}, "datetime": {"datetime": "2021-06-28 15:47:01", "elapsed": 193.739251, "delta": 1.688465}}
{"target": -17.31679685789581, "params": {"C": 7586.623275972046, "gamma": 0.059018142207429916}, "datetime": {"datetime": "2021-06-28 15:47:02", "elapsed": 195.036363, "delta": 1.297112}}
{"target": -17.433699544107174, "params": {"C": 1667.4654743105111, "gamma": 0.016580174645861596}, "datetime": {"datetime": "2021-06-28 15:47:04", "elapsed": 196.242854, "delta": 1.206491}}
{"target": -18.338805799033924, "params": {"C": 4342.473018959968, "gamma": 0.09349034382019812}, "datetime": {"datetime": "2021-06-28 15:47:05", "elapsed": 197.549329, "delta": 1.306475}}
{"target": -16.78510518608091, "params": {"C": 4506.352814933769, "gamma": 0.022503825077928117}, "datetime": {"datetime": "2021-06-28 15:47:06", "elapsed": 198.816289, "delta": 1.26696}}
{"target": -18.40938294330048, "params": {"C": 8063.668722397117, "gamma": 0.08136408523578172}, "datetime": {"datetime": "2021-06-28 15:47:08", "elapsed": 200.316122, "delta": 1.499833}}
{"target": -17.380674441883862, "params": {"C": 8121.573902390175, "gamma": 0.01}, "datetime": {"datetime": "2021-06-28 15:47:09", "elapsed": 201.882175, "delta": 1.566053}}
{"target": -16.671852769483746, "params": {"C": 4591.241614823959, "gamma": 0.04448869058106734}, "datetime": {"datetime": "2021-06-28 15:47:10", "elapsed": 203.170626, "delta": 1.288451}}
{"target": -18.001326442642515, "params": {"C": 4571.033487387594, "gamma": 0.08572528079422911}, "datetime": {"datetime": "2021-06-28 15:47:12", "elapsed": 204.797732, "delta": 1.627106}}
{"target": -17.205034577684106, "params": {"C": 4608.975313899521, "gamma": 0.013455279891693636}, "datetime": {"datetime": "2021-06-28 15:47:13", "elapsed": 206.10095, "delta": 1.303218}}
{"target": -17.03391992903289, "params": {"C": 8823.832885728894, "gamma": 0.02599726868121937}, "datetime": {"datetime": "2021-06-28 15:47:15", "elapsed": 207.674769, "delta": 1.573819}}
{"target": -17.440154348215053, "params": {"C": 4899.073056415106, "gamma": 0.07205927784531672}, "datetime": {"datetime": "2021-06-28 15:47:16", "elapsed": 209.17577, "delta": 1.501001}}
{"target": -17.930042461633768, "params": {"C": 3314.7739968065484, "gamma": 0.08994454324342033}, "datetime": {"datetime": "2021-06-28 15:47:18", "elapsed": 210.424936, "delta": 1.249166}}
{"target": -16.95976448721109, "params": {"C": 3230.0403735910027, "gamma": 0.0186161053890734}, "datetime": {"datetime": "2021-06-28 15:47:19", "elapsed": 211.954957, "delta": 1.530021}}
{"target": -17.797833450602393, "params": {"C": 814.1678388525953, "gamma": 0.0831697060869159}, "datetime": {"datetime": "2021-06-28 15:47:21", "elapsed": 213.239025, "delta": 1.284068}}
{"target": -18.491404847778032, "params": {"C": 755.8539692045218, "gamma": 0.013881071164945623}, "datetime": {"datetime": "2021-06-28 15:47:22", "elapsed": 214.661832, "delta": 1.422807}}
{"target": -16.677580310681762, "params": {"C": 4118.3494857881215, "gamma": 0.026561662949825107}, "datetime": {"datetime": "2021-06-28 15:47:23", "elapsed": 215.96162, "delta": 1.299788}}
{"target": -18.386383221187447, "params": {"C": 3590.673709264191, "gamma": 0.09815697829759187}, "datetime": {"datetime": "2021-06-28 15:47:25", "elapsed": 217.292468, "delta": 1.330848}}
{"target": -17.293387912634596, "params": {"C": 9820.027833172513, "gamma": 0.011419487016645705}, "datetime": {"datetime": "2021-06-28 15:47:27", "elapsed": 219.505657, "delta": 2.213189}}
{"target": -19.042636242894282, "params": {"C": 6112.252920738241, "gamma": 0.09874544658653764}, "datetime": {"datetime": "2021-06-28 15:47:28", "elapsed": 220.97725, "delta": 1.471593}}
{"target": -17.159498852193177, "params": {"C": 7951.193774378716, "gamma": 0.051832159550149755}, "datetime": {"datetime": "2021-06-28 15:47:30", "elapsed": 222.549592, "delta": 1.572342}}
{"target": -17.27348296139149, "params": {"C": 7838.146278441898, "gamma": 0.05671206820118208}, "datetime": {"datetime": "2021-06-28 15:47:31", "elapsed": 224.129727, "delta": 1.580135}}
{"target": -18.823516241230877, "params": {"C": 8252.753452126199, "gamma": 0.08781422656740662}, "datetime": {"datetime": "2021-06-28 15:47:33", "elapsed": 225.453688, "delta": 1.323961}}
