{"target": -0.13733826889414424, "params": {"C": 42.28517846555483, "gamma": 0.3601902142717348}, "datetime": {"datetime": "2021-10-04 08:52:54", "elapsed": 0.0, "delta": 0.0}}
{"target": -0.5765720911147056, "params": {"C": 1.0113231069171438, "gamma": 0.1512360530586567}, "datetime": {"datetime": "2021-10-04 08:52:54", "elapsed": 0.217555, "delta": 0.217555}}
{"target": 0.0265802558608339, "params": {"C": 15.528833190894192, "gamma": 0.04626006352492203}, "datetime": {"datetime": "2021-10-04 08:52:54", "elapsed": 0.430763, "delta": 0.213208}}
{"target": -0.16937573825245278, "params": {"C": 19.439760926389418, "gamma": 0.17284580744881956}, "datetime": {"datetime": "2021-10-04 08:52:54", "elapsed": 0.638263, "delta": 0.2075}}
{"target": -0.09434658652362837, "params": {"C": 40.27997994883632, "gamma": 0.26945448532827815}, "datetime": {"datetime": "2021-10-04 08:52:54", "elapsed": 0.855542, "delta": 0.217279}}
{"target": -0.4387656495834602, "params": {"C": 11.097363790994175, "gamma": 0.5}, "datetime": {"datetime": "2021-10-04 08:52:55", "elapsed": 1.175513, "delta": 0.319971}}
{"target": -0.22690382089108385, "params": {"C": 36.313018088919385, "gamma": 0.5}, "datetime": {"datetime": "2021-10-04 08:52:55", "elapsed": 1.462892, "delta": 0.287379}}
{"target": -0.3701319004048338, "params": {"C": 17.040245305903042, "gamma": 0.5}, "datetime": {"datetime": "2021-10-04 08:52:55", "elapsed": 1.917941, "delta": 0.455049}}
{"target": -0.42687625650411065, "params": {"C": 9.521137705079225, "gamma": 0.37936979964752626}, "datetime": {"datetime": "2021-10-04 08:52:56", "elapsed": 2.378008, "delta": 0.460067}}
{"target": -0.01648404938144621, "params": {"C": 14.944627884126593, "gamma": 0.05709642712860587}, "datetime": {"datetime": "2021-10-04 08:52:56", "elapsed": 2.694145, "delta": 0.316137}}
{"target": 0.27655922060205207, "params": {"C": 38.68980816562757, "gamma": 0.009595334895428253}, "datetime": {"datetime": "2021-10-04 08:52:57", "elapsed": 3.020794, "delta": 0.326649}}
{"target": -0.2067607753956091, "params": {"C": 38.112959955255974, "gamma": 0.4709863719878826}, "datetime": {"datetime": "2021-10-04 08:52:57", "elapsed": 3.462456, "delta": 0.441662}}
{"target": 0.22231093081365805, "params": {"C": 39.09024799593401, "gamma": 0.005056133759852744}, "datetime": {"datetime": "2021-10-04 08:52:58", "elapsed": 4.0436, "delta": 0.581144}}
{"target": -0.1793888646381303, "params": {"C": 38.90664842813143, "gamma": 0.41285775930447494}, "datetime": {"datetime": "2021-10-04 08:52:58", "elapsed": 4.381639, "delta": 0.338039}}
{"target": -0.24248496413398635, "params": {"C": 15.696039633532873, "gamma": 0.2034011728538704}, "datetime": {"datetime": "2021-10-04 08:52:58", "elapsed": 4.651186, "delta": 0.269547}}
{"target": -0.415038671579405, "params": {"C": 7.6139332277873155, "gamma": 0.26719000592041836}, "datetime": {"datetime": "2021-10-04 08:52:58", "elapsed": 4.92914, "delta": 0.277954}}
{"target": 0.0027431223824772033, "params": {"C": 34.58068963042749, "gamma": 0.13751947816029553}, "datetime": {"datetime": "2021-10-04 08:52:59", "elapsed": 5.201659, "delta": 0.272519}}
{"target": -0.2802269791969907, "params": {"C": 19.903327218302056, "gamma": 0.3367613975921294}, "datetime": {"datetime": "2021-10-04 08:52:59", "elapsed": 5.464026, "delta": 0.262367}}
{"target": 0.14252150457880963, "params": {"C": 91.06748924344322, "gamma": 0.20809220258867694}, "datetime": {"datetime": "2021-10-04 08:52:59", "elapsed": 5.731478, "delta": 0.267452}}
{"target": -0.30595223273287075, "params": {"C": 17.639565576671313, "gamma": 0.34208372027831013}, "datetime": {"datetime": "2021-10-04 08:53:00", "elapsed": 6.011256, "delta": 0.279778}}
{"target": 0.09611754147127716, "params": {"C": 71.98361170266688, "gamma": 0.2000088474281612}, "datetime": {"datetime": "2021-10-04 08:53:00", "elapsed": 6.315976, "delta": 0.30472}}
{"target": -0.4123015542754003, "params": {"C": 8.893907175396016, "gamma": 0.31361674794930444}, "datetime": {"datetime": "2021-10-04 08:53:00", "elapsed": 6.66176, "delta": 0.345784}}
{"target": 0.289957752106624, "params": {"C": 38.39507847335301, "gamma": 0.012652463558439691}, "datetime": {"datetime": "2021-10-04 08:53:01", "elapsed": 6.993048, "delta": 0.331288}}
{"target": 0.32620525715686177, "params": {"C": 90.60467541068196, "gamma": 0.0036647690528203263}, "datetime": {"datetime": "2021-10-04 08:53:01", "elapsed": 7.333478, "delta": 0.34043}}
{"target": -0.009522003758902775, "params": {"C": 90.44565560875228, "gamma": 0.43642941894823895}, "datetime": {"datetime": "2021-10-04 08:53:01", "elapsed": 7.942289, "delta": 0.608811}}
{"target": 0.04679721711406293, "params": {"C": 84.56606776221571, "gamma": 0.30489923638136357}, "datetime": {"datetime": "2021-10-04 08:53:02", "elapsed": 8.263456, "delta": 0.321167}}
{"target": 0.37882072197955896, "params": {"C": 90.2428758835786, "gamma": 0.00586259216478166}, "datetime": {"datetime": "2021-10-04 08:53:02", "elapsed": 8.624184, "delta": 0.360728}}
{"target": -0.3736634172878195, "params": {"C": 89.71192734973386, "gamma": 0.0001}, "datetime": {"datetime": "2021-10-04 08:53:03", "elapsed": 9.050422, "delta": 0.426238}}
{"target": -0.04286315472619284, "params": {"C": 46.68280732744968, "gamma": 0.24404114951581993}, "datetime": {"datetime": "2021-10-04 08:53:03", "elapsed": 9.34865, "delta": 0.298228}}
{"target": 0.2930584029909574, "params": {"C": 49.948452765008525, "gamma": 0.045722386503767226}, "datetime": {"datetime": "2021-10-04 08:53:03", "elapsed": 9.741568, "delta": 0.392918}}
{"target": -0.1327683891202993, "params": {"C": 49.864750446487015, "gamma": 0.42585463097612725}, "datetime": {"datetime": "2021-10-04 08:53:04", "elapsed": 10.187601, "delta": 0.446033}}
{"target": 0.3644540538677571, "params": {"C": 88.15350840075763, "gamma": 0.06614399541907227}, "datetime": {"datetime": "2021-10-04 08:53:04", "elapsed": 10.798511, "delta": 0.61091}}
{"target": -0.22705584859826833, "params": {"C": 3.296188245956989, "gamma": 0.013904965801375176}, "datetime": {"datetime": "2021-10-04 08:53:05", "elapsed": 11.179352, "delta": 0.380841}}
{"target": -0.38061590238110665, "params": {"C": 7.16684686639125, "gamma": 0.19490187656081448}, "datetime": {"datetime": "2021-10-04 08:53:05", "elapsed": 11.538191, "delta": 0.358839}}
{"target": 0.3591352315849198, "params": {"C": 87.8195568350637, "gamma": 0.06796093659395093}, "datetime": {"datetime": "2021-10-04 08:53:06", "elapsed": 12.028325, "delta": 0.490134}}
{"target": -0.021514578619417968, "params": {"C": 88.02286353739555, "gamma": 0.45039087616327983}, "datetime": {"datetime": "2021-10-04 08:53:06", "elapsed": 12.337674, "delta": 0.309349}}
{"target": 0.3474952311559245, "params": {"C": 50.27277682429287, "gamma": 0.01471021400003999}, "datetime": {"datetime": "2021-10-04 08:53:06", "elapsed": 12.958107, "delta": 0.620433}}
{"target": -0.40775703260954876, "params": {"C": 9.41043354525156, "gamma": 0.3239098746255669}, "datetime": {"datetime": "2021-10-04 08:53:07", "elapsed": 13.635332, "delta": 0.677225}}
{"target": 0.113162662179641, "params": {"C": 89.62747213839424, "gamma": 0.23524704972334295}, "datetime": {"datetime": "2021-10-04 08:53:08", "elapsed": 13.983491, "delta": 0.348159}}
{"target": -0.03837331103377295, "params": {"C": 89.37391320955028, "gamma": 0.5}, "datetime": {"datetime": "2021-10-04 08:53:08", "elapsed": 14.403245, "delta": 0.419754}}
{"target": -0.3331499588539739, "params": {"C": 3.76230102389927, "gamma": 0.06918871809277333}, "datetime": {"datetime": "2021-10-04 08:53:08", "elapsed": 14.843559, "delta": 0.440314}}
{"target": 0.3504992153317552, "params": {"C": 50.2583546577667, "gamma": 0.022000186444492996}, "datetime": {"datetime": "2021-10-04 08:53:09", "elapsed": 15.224672, "delta": 0.381113}}
{"target": -0.007182496627311297, "params": {"C": 88.3504552028873, "gamma": 0.4201510865102333}, "datetime": {"datetime": "2021-10-04 08:53:09", "elapsed": 15.754904, "delta": 0.530232}}
{"target": 0.2510174275328265, "params": {"C": 87.41792075389607, "gamma": 0.11900789065122284}, "datetime": {"datetime": "2021-10-04 08:53:10", "elapsed": 16.339691, "delta": 0.584787}}
{"target": -0.4219056489985953, "params": {"C": 7.200642566409928, "gamma": 0.26375046489378734}, "datetime": {"datetime": "2021-10-04 08:53:11", "elapsed": 17.085342, "delta": 0.745651}}
{"target": -0.06973759975934324, "params": {"C": 50.636925116006275, "gamma": 0.30869358020755033}, "datetime": {"datetime": "2021-10-04 08:53:11", "elapsed": 17.69739, "delta": 0.612048}}
{"target": 0.2055118859986853, "params": {"C": 72.99454233853183, "gamma": 0.12081006495094142}, "datetime": {"datetime": "2021-10-04 08:53:12", "elapsed": 18.060213, "delta": 0.362823}}
{"target": -0.04574834074302658, "params": {"C": 75.39733016373233, "gamma": 0.42939657177858526}, "datetime": {"datetime": "2021-10-04 08:53:12", "elapsed": 18.40279, "delta": 0.342577}}
{"target": -0.020381225288291338, "params": {"C": 72.58098484735156, "gamma": 0.3606020223553471}, "datetime": {"datetime": "2021-10-04 08:53:12", "elapsed": 18.97107, "delta": 0.56828}}
{"target": -0.03113987654204209, "params": {"C": 89.87409680975043, "gamma": 0.48450734883213875}, "datetime": {"datetime": "2021-10-04 08:53:13", "elapsed": 19.557235, "delta": 0.586165}}
{"target": 0.37344056837211104, "params": {"C": 88.55855130660606, "gamma": 0.005736985947532967}, "datetime": {"datetime": "2021-10-04 08:53:14", "elapsed": 20.112088, "delta": 0.554853}}
{"target": 0.41379749528957066, "params": {"C": 88.89198655447893, "gamma": 0.047450746710696906}, "datetime": {"datetime": "2021-10-04 08:53:14", "elapsed": 20.50728, "delta": 0.395192}}
{"target": 0.4157969702820671, "params": {"C": 73.49167899184171, "gamma": 0.03021747028279382}, "datetime": {"datetime": "2021-10-04 08:53:15", "elapsed": 20.995537, "delta": 0.488257}}
{"target": -0.04096499203861503, "params": {"C": 73.46322548068973, "gamma": 0.40669014557838323}, "datetime": {"datetime": "2021-10-04 08:53:15", "elapsed": 21.451441, "delta": 0.455904}}
{"target": 0.3305051741091265, "params": {"C": 88.14566641925914, "gamma": 0.08037162411934988}, "datetime": {"datetime": "2021-10-04 08:53:15", "elapsed": 21.830779, "delta": 0.379338}}
{"target": 0.08139749754692505, "params": {"C": 56.66070158331735, "gamma": 0.16403777713944334}, "datetime": {"datetime": "2021-10-04 08:53:16", "elapsed": 22.189376, "delta": 0.358597}}
{"target": 0.26338391776612813, "params": {"C": 77.87557945822455, "gamma": 0.09820364528260411}, "datetime": {"datetime": "2021-10-04 08:53:16", "elapsed": 22.556382, "delta": 0.367006}}
{"target": -0.41055670130171795, "params": {"C": 73.82255324664487, "gamma": 0.0001}, "datetime": {"datetime": "2021-10-04 08:53:17", "elapsed": 23.007643, "delta": 0.451261}}
{"target": 0.42821312022491964, "params": {"C": 88.88296260380308, "gamma": 0.04171215625667841}, "datetime": {"datetime": "2021-10-04 08:53:17", "elapsed": 23.389629, "delta": 0.381986}}
{"target": 0.374136829997036, "params": {"C": 73.25790877113008, "gamma": 0.046936258004942034}, "datetime": {"datetime": "2021-10-04 08:53:18", "elapsed": 24.01254, "delta": 0.622911}}
{"target": -0.2592264262060444, "params": {"C": 29.594466283058892, "gamma": 0.4750476692690765}, "datetime": {"datetime": "2021-10-04 08:53:18", "elapsed": 24.654, "delta": 0.64146}}
{"target": 0.3802876731569692, "params": {"C": 78.25969890611306, "gamma": 0.007459947823328908}, "datetime": {"datetime": "2021-10-04 08:53:19", "elapsed": 25.182428, "delta": 0.528428}}
{"target": 0.005534879263647929, "params": {"C": 78.22406329328945, "gamma": 0.34369343637005717}, "datetime": {"datetime": "2021-10-04 08:53:19", "elapsed": 25.877032, "delta": 0.694604}}
{"target": -0.22100125119286895, "params": {"C": 26.46105996945744, "gamma": 0.33210461889978454}, "datetime": {"datetime": "2021-10-04 08:53:20", "elapsed": 26.322386, "delta": 0.445354}}
{"target": 0.43792027746518447, "params": {"C": 78.65202585851979, "gamma": 0.017076026662223888}, "datetime": {"datetime": "2021-10-04 08:53:21", "elapsed": 26.986375, "delta": 0.663989}}
{"target": 0.3432444334579875, "params": {"C": 78.97059569831465, "gamma": 0.06489633857416241}, "datetime": {"datetime": "2021-10-04 08:53:21", "elapsed": 27.640175, "delta": 0.6538}}
{"target": -0.010083347575582602, "params": {"C": 78.85077070158485, "gamma": 0.37552428872241483}, "datetime": {"datetime": "2021-10-04 08:53:22", "elapsed": 28.096012, "delta": 0.455837}}
{"target": -0.3972531109140267, "params": {"C": 79.37135542382151, "gamma": 0.0001}, "datetime": {"datetime": "2021-10-04 08:53:22", "elapsed": 28.761143, "delta": 0.665131}}
{"target": 0.10953899500423425, "params": {"C": 88.75082514192967, "gamma": 0.236791148506619}, "datetime": {"datetime": "2021-10-04 08:53:23", "elapsed": 29.311101, "delta": 0.549958}}
{"target": 0.4270599358363403, "params": {"C": 77.45543129462025, "gamma": 0.013909443278992444}, "datetime": {"datetime": "2021-10-04 08:53:23", "elapsed": 29.892226, "delta": 0.581125}}
{"target": 0.03182480104096175, "params": {"C": 77.36397992951733, "gamma": 0.2973435123699635}, "datetime": {"datetime": "2021-10-04 08:53:24", "elapsed": 30.433441, "delta": 0.541215}}
{"target": 0.14825450038610466, "params": {"C": 77.14679192863086, "gamma": 0.0012499353602100024}, "datetime": {"datetime": "2021-10-04 08:53:25", "elapsed": 31.081794, "delta": 0.648353}}
{"target": -0.04120549869305057, "params": {"C": 87.17494939821361, "gamma": 0.4935446003015053}, "datetime": {"datetime": "2021-10-04 08:53:25", "elapsed": 31.763048, "delta": 0.681254}}
{"target": 0.26589535898216243, "params": {"C": 77.64523090585229, "gamma": 0.0027383697299765927}, "datetime": {"datetime": "2021-10-04 08:53:26", "elapsed": 32.536487, "delta": 0.773439}}
{"target": 0.29993058944829687, "params": {"C": 39.63927624458252, "gamma": 0.014074808220541555}, "datetime": {"datetime": "2021-10-04 08:53:27", "elapsed": 33.149902, "delta": 0.613415}}
{"target": 0.2469711260274351, "params": {"C": 38.398181700336174, "gamma": 0.00669365748114907}, "datetime": {"datetime": "2021-10-04 08:53:27", "elapsed": 33.731989, "delta": 0.582087}}
{"target": -0.027373072218761285, "params": {"C": 38.39070043233707, "gamma": 0.1799145292489058}, "datetime": {"datetime": "2021-10-04 08:53:28", "elapsed": 34.544364, "delta": 0.812375}}
{"target": -0.2922199251339219, "params": {"C": 23.088472776009272, "gamma": 0.43229065249283233}, "datetime": {"datetime": "2021-10-04 08:53:29", "elapsed": 35.23602, "delta": 0.691656}}
{"target": 0.29307056568163037, "params": {"C": 39.63500863123483, "gamma": 0.011842572193626172}, "datetime": {"datetime": "2021-10-04 08:53:29", "elapsed": 35.701442, "delta": 0.465422}}
{"target": 0.2605169202603421, "params": {"C": 78.78276804991928, "gamma": 0.10095187279066366}, "datetime": {"datetime": "2021-10-04 08:53:30", "elapsed": 36.56679, "delta": 0.865348}}
{"target": 0.29664551060116795, "params": {"C": 38.243636524996205, "gamma": 0.017633357823380554}, "datetime": {"datetime": "2021-10-04 08:53:31", "elapsed": 37.535771, "delta": 0.968981}}
{"target": 0.384493481023482, "params": {"C": 78.48042760809722, "gamma": 0.007753103430529178}, "datetime": {"datetime": "2021-10-04 08:53:32", "elapsed": 38.477267, "delta": 0.941496}}
{"target": -0.011739166007765922, "params": {"C": 80.44299347916224, "gamma": 0.38731687318369984}, "datetime": {"datetime": "2021-10-04 08:53:33", "elapsed": 39.096699, "delta": 0.619432}}
{"target": 0.29983147483600314, "params": {"C": 78.25978252143676, "gamma": 0.0035648561778975586}, "datetime": {"datetime": "2021-10-04 08:53:33", "elapsed": 39.689569, "delta": 0.59287}}
{"target": -0.05111773373405004, "params": {"C": 83.06472172047843, "gamma": 0.4925125183543179}, "datetime": {"datetime": "2021-10-04 08:53:34", "elapsed": 40.265419, "delta": 0.57585}}
{"target": -0.04875013743075063, "params": {"C": 78.40933089682946, "gamma": 0.45589310329545873}, "datetime": {"datetime": "2021-10-04 08:53:34", "elapsed": 40.966762, "delta": 0.701343}}
{"target": 0.39475599617463686, "params": {"C": 78.22424090425088, "gamma": 0.04443161668805879}, "datetime": {"datetime": "2021-10-04 08:53:36", "elapsed": 42.101675, "delta": 1.134913}}
{"target": 0.39060668314373237, "params": {"C": 78.26437821312211, "gamma": 0.04605807853962138}, "datetime": {"datetime": "2021-10-04 08:53:36", "elapsed": 42.720415, "delta": 0.61874}}
{"target": 0.3897467552651873, "params": {"C": 78.6809555393373, "gamma": 0.04681453473824792}, "datetime": {"datetime": "2021-10-04 08:53:37", "elapsed": 43.551061, "delta": 0.830646}}
{"target": 0.3481395189350366, "params": {"C": 78.61810803421726, "gamma": 0.06259416981054158}, "datetime": {"datetime": "2021-10-04 08:53:38", "elapsed": 44.259315, "delta": 0.708254}}
{"target": 0.2497784976357511, "params": {"C": 38.33506111762422, "gamma": 0.04019135557847391}, "datetime": {"datetime": "2021-10-04 08:53:38", "elapsed": 44.888485, "delta": 0.62917}}
{"target": 0.37711554427259364, "params": {"C": 78.56632906644049, "gamma": 0.0071751496385836794}, "datetime": {"datetime": "2021-10-04 08:53:39", "elapsed": 45.604586, "delta": 0.716101}}
{"target": 0.38903491579341587, "params": {"C": 73.4223975845669, "gamma": 0.04148494214626965}, "datetime": {"datetime": "2021-10-04 08:53:40", "elapsed": 46.295901, "delta": 0.691315}}
{"target": 0.42567759280197803, "params": {"C": 77.50979706942476, "gamma": 0.013515369824156844}, "datetime": {"datetime": "2021-10-04 08:53:40", "elapsed": 46.944093, "delta": 0.648192}}
{"target": 0.2995518315425486, "params": {"C": 73.45597045054878, "gamma": 0.07590667966572168}, "datetime": {"datetime": "2021-10-04 08:53:41", "elapsed": 47.680688, "delta": 0.736595}}
{"target": -0.3177991229073711, "params": {"C": 9.485419243251426, "gamma": 0.17855187173510256}, "datetime": {"datetime": "2021-10-04 08:53:42", "elapsed": 48.28513, "delta": 0.604442}}
{"target": -0.1795683234746972, "params": {"C": 13.294045603271742, "gamma": 0.11876913278318917}, "datetime": {"datetime": "2021-10-04 08:53:42", "elapsed": 48.860486, "delta": 0.575356}}
{"target": 0.3705478077274932, "params": {"C": 77.47437965788465, "gamma": 0.052812403501307746}, "datetime": {"datetime": "2021-10-04 08:53:43", "elapsed": 49.486712, "delta": 0.626226}}
{"target": -0.15574733854113032, "params": {"C": 36.83033671127283, "gamma": 0.33903526298603776}, "datetime": {"datetime": "2021-10-04 08:53:44", "elapsed": 50.091548, "delta": 0.604836}}
{"target": 0.3238689901261932, "params": {"C": 78.52685572639517, "gamma": 0.0721495580604965}, "datetime": {"datetime": "2021-10-04 08:53:44", "elapsed": 50.818596, "delta": 0.727048}}
{"target": -0.3987927975457961, "params": {"C": 78.71908219097494, "gamma": 0.0001}, "datetime": {"datetime": "2021-10-04 08:53:45", "elapsed": 51.642479, "delta": 0.823883}}
{"target": 0.21792669723150793, "params": {"C": 78.67062495367692, "gamma": 0.12386437390522999}, "datetime": {"datetime": "2021-10-04 08:53:46", "elapsed": 52.241624, "delta": 0.599145}}
{"target": 0.34671213641740983, "params": {"C": 73.35088082453267, "gamma": 0.057268381308800624}, "datetime": {"datetime": "2021-10-04 08:53:47", "elapsed": 53.065589, "delta": 0.823965}}
{"target": 0.2514319195599197, "params": {"C": 73.29340742263791, "gamma": 0.09713522596334356}, "datetime": {"datetime": "2021-10-04 08:53:47", "elapsed": 53.979328, "delta": 0.913739}}
{"target": 0.3243416561294721, "params": {"C": 78.4565689254475, "gamma": 0.07187405164424625}, "datetime": {"datetime": "2021-10-04 08:53:48", "elapsed": 54.830785, "delta": 0.851457}}
{"target": 0.31749990169327735, "params": {"C": 88.84153261655968, "gamma": 0.08698611549358361}, "datetime": {"datetime": "2021-10-04 08:53:49", "elapsed": 55.625309, "delta": 0.794524}}
{"target": 0.014705388737554559, "params": {"C": 73.4546502998608, "gamma": 0.0006633847624452912}, "datetime": {"datetime": "2021-10-04 08:53:50", "elapsed": 56.725099, "delta": 1.09979}}
{"target": 0.2985295372889788, "params": {"C": 77.54465641239844, "gamma": 0.08159904985600709}, "datetime": {"datetime": "2021-10-04 08:53:51", "elapsed": 57.668786, "delta": 0.943687}}
{"target": 0.3430337031444668, "params": {"C": 73.53667452835774, "gamma": 0.058867171230167194}, "datetime": {"datetime": "2021-10-04 08:53:52", "elapsed": 58.768504, "delta": 1.099718}}
{"target": 0.33186023754600513, "params": {"C": 73.3054968424846, "gamma": 0.005180751826351379}, "datetime": {"datetime": "2021-10-04 08:53:53", "elapsed": 59.57171, "delta": 0.803206}}
{"target": 0.2939443300626603, "params": {"C": 78.90397790252877, "gamma": 0.08536902822216522}, "datetime": {"datetime": "2021-10-04 08:53:54", "elapsed": 60.368863, "delta": 0.797153}}
{"target": 0.38242864002564125, "params": {"C": 90.26724573326766, "gamma": 0.06101773564109308}, "datetime": {"datetime": "2021-10-04 08:53:55", "elapsed": 61.203437, "delta": 0.834574}}
{"target": 0.3248986182357809, "params": {"C": 90.20649047633226, "gamma": 0.08519362731829351}, "datetime": {"datetime": "2021-10-04 08:53:56", "elapsed": 62.207642, "delta": 1.004205}}
{"target": 0.37038341734459546, "params": {"C": 90.17222328191518, "gamma": 0.005433473372288289}, "datetime": {"datetime": "2021-10-04 08:53:57", "elapsed": 63.016936, "delta": 0.809294}}
{"target": 0.23799096133819797, "params": {"C": 36.95230723109127, "gamma": 0.006541598346102626}, "datetime": {"datetime": "2021-10-04 08:53:57", "elapsed": 63.759091, "delta": 0.742155}}
{"target": 0.34944465578752415, "params": {"C": 88.55596367790544, "gamma": 0.072720526820427}, "datetime": {"datetime": "2021-10-04 08:53:58", "elapsed": 64.593319, "delta": 0.834228}}
{"target": 0.4360883860336946, "params": {"C": 77.57157791511699, "gamma": 0.0239368236736124}, "datetime": {"datetime": "2021-10-04 08:53:59", "elapsed": 65.625966, "delta": 1.032647}}
