{"target": 0.8871225046252353, "params": {"C": 469758.07411375985, "gamma": 0.04625911147906802}, "datetime": {"datetime": "2021-10-04 09:47:34", "elapsed": 75.344601, "delta": 0.581513}}
{"target": 0.9019962323403539, "params": {"C": 499984.42886649125, "gamma": 0.02378860792941562}, "datetime": {"datetime": "2021-10-04 09:47:35", "elapsed": 75.980818, "delta": 0.636217}}
{"target": 0.9214591661444036, "params": {"C": 137280.45957651784, "gamma": 0.05056675306610305}, "datetime": {"datetime": "2021-10-04 09:47:35", "elapsed": 76.699197, "delta": 0.718379}}
{"target": 0.9209807950506416, "params": {"C": 50093.67788777972, "gamma": 0.03643372574123382}, "datetime": {"datetime": "2021-10-04 09:47:36", "elapsed": 77.416068, "delta": 0.716871}}
{"target": 0.8997349111477401, "params": {"C": 95792.55243862643, "gamma": 0.020020727649440757}, "datetime": {"datetime": "2021-10-04 09:47:37", "elapsed": 78.013125, "delta": 0.597057}}
{"target": 0.8736588437494521, "params": {"C": 50061.40210558718, "gamma": 0.01279352460795764}, "datetime": {"datetime": "2021-10-04 09:47:38", "elapsed": 78.87935, "delta": 0.866225}}
{"target": 0.8921623864478313, "params": {"C": 133808.13433447652, "gamma": 0.09457280795265528}, "datetime": {"datetime": "2021-10-04 09:47:38", "elapsed": 79.688484, "delta": 0.809134}}
{"target": 0.9130731339406878, "params": {"C": 50080.37517754586, "gamma": 0.08161892191379819}, "datetime": {"datetime": "2021-10-04 09:47:39", "elapsed": 80.428402, "delta": 0.739918}}
{"target": 0.8174455996987424, "params": {"C": 76862.80765718664, "gamma": 0.0015292353178756927}, "datetime": {"datetime": "2021-10-04 09:47:40", "elapsed": 81.181361, "delta": 0.752959}}
{"target": 0.8614318849672309, "params": {"C": 468052.6409796197, "gamma": 0.004604339221413902}, "datetime": {"datetime": "2021-10-04 09:47:40", "elapsed": 81.814077, "delta": 0.632716}}
{"target": 0.9256762023972909, "params": {"C": 139145.87847035303, "gamma": 0.04123340438509351}, "datetime": {"datetime": "2021-10-04 09:47:41", "elapsed": 82.519921, "delta": 0.705844}}
{"target": 0.8928804655370172, "params": {"C": 172162.96895292914, "gamma": 0.08372083414634597}, "datetime": {"datetime": "2021-10-04 09:47:42", "elapsed": 83.285422, "delta": 0.765501}}
{"target": 0.9148764543184151, "params": {"C": 133820.28555270977, "gamma": 0.060468243063771535}, "datetime": {"datetime": "2021-10-04 09:47:43", "elapsed": 84.00706, "delta": 0.721638}}
{"target": 0.8664448431283012, "params": {"C": 76864.41552271417, "gamma": 0.008125343815283391}, "datetime": {"datetime": "2021-10-04 09:47:43", "elapsed": 84.747607, "delta": 0.740547}}
{"target": 0.8902380256867267, "params": {"C": 133839.22537302034, "gamma": 0.09816474950876304}, "datetime": {"datetime": "2021-10-04 09:47:44", "elapsed": 85.540545, "delta": 0.792938}}
{"target": 0.8987216060247972, "params": {"C": 172162.2121006407, "gamma": 0.0744694039746938}, "datetime": {"datetime": "2021-10-04 09:47:45", "elapsed": 86.481878, "delta": 0.941333}}
{"target": 0.9274300451373532, "params": {"C": 88739.94536828909, "gamma": 0.04516878723020044}, "datetime": {"datetime": "2021-10-04 09:47:46", "elapsed": 87.236268, "delta": 0.75439}}
{"target": 0.9181637988990176, "params": {"C": 244532.8782323367, "gamma": 0.02647706029891338}, "datetime": {"datetime": "2021-10-04 09:47:47", "elapsed": 88.051808, "delta": 0.81554}}
{"target": 0.8864277557514733, "params": {"C": 399762.6006813454, "gamma": 0.012486585336078788}, "datetime": {"datetime": "2021-10-04 09:47:47", "elapsed": 88.728462, "delta": 0.676654}}
{"target": 0.8626989793679049, "params": {"C": 373174.1216354866, "gamma": 0.0027432467866500545}, "datetime": {"datetime": "2021-10-04 09:47:48", "elapsed": 89.39042, "delta": 0.661958}}
{"target": 0.8886672051574919, "params": {"C": 217195.0538972161, "gamma": 0.08086815518556006}, "datetime": {"datetime": "2021-10-04 09:47:49", "elapsed": 90.195611, "delta": 0.805191}}
{"target": 0.8897461583897116, "params": {"C": 137300.89431463977, "gamma": 0.09820321364208573}, "datetime": {"datetime": "2021-10-04 09:47:50", "elapsed": 91.000566, "delta": 0.804955}}
{"target": 0.9217516741436892, "params": {"C": 207340.752976125, "gamma": 0.0361210767764093}, "datetime": {"datetime": "2021-10-04 09:47:50", "elapsed": 91.699938, "delta": 0.699372}}
{"target": 0.915079194177683, "params": {"C": 50062.8411111285, "gamma": 0.07812388892027318}, "datetime": {"datetime": "2021-10-04 09:47:51", "elapsed": 92.443742, "delta": 0.743804}}
{"target": 0.8885780511818231, "params": {"C": 220057.14802332927, "gamma": 0.08040184074579697}, "datetime": {"datetime": "2021-10-04 09:47:52", "elapsed": 93.13961, "delta": 0.695868}}
{"target": 0.9078403603857937, "params": {"C": 139146.698544035, "gamma": 0.06875346044709273}, "datetime": {"datetime": "2021-10-04 09:47:53", "elapsed": 93.934656, "delta": 0.795046}}
{"target": 0.9243967826999071, "params": {"C": 133839.77229953225, "gamma": 0.045933206439691725}, "datetime": {"datetime": "2021-10-04 09:47:54", "elapsed": 94.8813, "delta": 0.946644}}
{"target": 0.8903460300190932, "params": {"C": 457735.07853093714, "gamma": 0.013161656089391047}, "datetime": {"datetime": "2021-10-04 09:47:54", "elapsed": 95.558319, "delta": 0.677019}}
{"target": 0.9241313523158857, "params": {"C": 50093.11543911268, "gamma": 0.05926070519258755}, "datetime": {"datetime": "2021-10-04 09:47:55", "elapsed": 96.501966, "delta": 0.943647}}
{"target": 0.9163617534213955, "params": {"C": 228532.77196025255, "gamma": 0.02401855940103981}, "datetime": {"datetime": "2021-10-04 09:47:56", "elapsed": 97.403252, "delta": 0.901286}}
{"target": 0.8651273770564534, "params": {"C": 50082.98429694354, "gamma": 0.007859329133799192}, "datetime": {"datetime": "2021-10-04 09:47:57", "elapsed": 98.338342, "delta": 0.93509}}
{"target": 0.9115407623814314, "params": {"C": 50049.1971799411, "gamma": 0.028980604963164625}, "datetime": {"datetime": "2021-10-04 09:47:58", "elapsed": 99.156613, "delta": 0.818271}}
{"target": 0.8820182991292193, "params": {"C": 228545.85485543206, "gamma": 0.09176186129558336}, "datetime": {"datetime": "2021-10-04 09:47:59", "elapsed": 99.894207, "delta": 0.737594}}
{"target": 0.8735726301459276, "params": {"C": 400681.91435151413, "gamma": 0.0738457825598354}, "datetime": {"datetime": "2021-10-04 09:47:59", "elapsed": 100.637732, "delta": 0.743525}}
{"target": 0.8869157117584944, "params": {"C": 329801.2431466435, "gamma": 0.06316389305316285}, "datetime": {"datetime": "2021-10-04 09:48:00", "elapsed": 101.364045, "delta": 0.726313}}
{"target": 0.9007824949306397, "params": {"C": 308985.984103429, "gamma": 0.016499030291664336}, "datetime": {"datetime": "2021-10-04 09:48:01", "elapsed": 102.062054, "delta": 0.698009}}
{"target": 0.9097251545942209, "params": {"C": 117188.23445850573, "gamma": 0.07095596710206624}, "datetime": {"datetime": "2021-10-04 09:48:02", "elapsed": 103.037914, "delta": 0.97586}}
{"target": 0.9212075667862987, "params": {"C": 88739.51870682399, "gamma": 0.030674503828475756}, "datetime": {"datetime": "2021-10-04 09:48:03", "elapsed": 103.982286, "delta": 0.944372}}
{"target": 0.8806750007934777, "params": {"C": 387542.15891490923, "gamma": 0.0635137105461269}, "datetime": {"datetime": "2021-10-04 09:48:04", "elapsed": 104.876656, "delta": 0.89437}}
{"target": 0.9006730851022995, "params": {"C": 117181.29307687978, "gamma": 0.08441032128777089}, "datetime": {"datetime": "2021-10-04 09:48:04", "elapsed": 105.755326, "delta": 0.87867}}
{"target": 0.926667430708821, "params": {"C": 88727.99041513597, "gamma": 0.03787113204511805}, "datetime": {"datetime": "2021-10-04 09:48:05", "elapsed": 106.678051, "delta": 0.922725}}
{"target": 0.9075249685008557, "params": {"C": 137303.00972866954, "gamma": 0.021033569802663674}, "datetime": {"datetime": "2021-10-04 09:48:06", "elapsed": 107.417283, "delta": 0.739232}}
{"target": 0.9255528797454909, "params": {"C": 50053.106776269626, "gamma": 0.05373526614989373}, "datetime": {"datetime": "2021-10-04 09:48:07", "elapsed": 108.295377, "delta": 0.878094}}
{"target": 0.9025513593461824, "params": {"C": 88738.93296883223, "gamma": 0.08893746001974744}, "datetime": {"datetime": "2021-10-04 09:48:08", "elapsed": 109.128947, "delta": 0.83357}}
{"target": 0.8938935695397087, "params": {"C": 209387.27061376916, "gamma": 0.07393260900678365}, "datetime": {"datetime": "2021-10-04 09:48:09", "elapsed": 109.858408, "delta": 0.729461}}
{"target": 0.9154285268502707, "params": {"C": 133812.56467234984, "gamma": 0.05973290172775239}, "datetime": {"datetime": "2021-10-04 09:48:09", "elapsed": 110.782352, "delta": 0.923944}}
{"target": 0.8664704384597005, "params": {"C": 454859.1591952929, "gamma": 0.08200603230521279}, "datetime": {"datetime": "2021-10-04 09:48:10", "elapsed": 111.560954, "delta": 0.778602}}
{"target": 0.8912260062197189, "params": {"C": 331767.1582731082, "gamma": 0.05749238602443745}, "datetime": {"datetime": "2021-10-04 09:48:11", "elapsed": 112.530424, "delta": 0.96947}}
{"target": 0.8620005990233574, "params": {"C": 278036.6075401888, "gamma": 0.003026503908299065}, "datetime": {"datetime": "2021-10-04 09:48:12", "elapsed": 113.263351, "delta": 0.732927}}
{"target": 0.887051617940862, "params": {"C": 228535.47886055327, "gamma": 0.08132091751150822}, "datetime": {"datetime": "2021-10-04 09:48:13", "elapsed": 114.182389, "delta": 0.919038}}
{"target": 0.9228670548353196, "params": {"C": 50054.596604279934, "gamma": 0.06267116013870902}, "datetime": {"datetime": "2021-10-04 09:48:14", "elapsed": 115.081147, "delta": 0.898758}}
{"target": 0.8667269741629589, "params": {"C": 442287.8188603697, "gamma": 0.08438868123389938}, "datetime": {"datetime": "2021-10-04 09:48:14", "elapsed": 115.813544, "delta": 0.732397}}
{"target": 0.8914746343318039, "params": {"C": 139148.2439999536, "gamma": 0.09445295634328334}, "datetime": {"datetime": "2021-10-04 09:48:15", "elapsed": 116.669947, "delta": 0.856403}}
{"target": 0.8666102618131396, "params": {"C": 450859.286790097, "gamma": 0.08252630191668082}, "datetime": {"datetime": "2021-10-04 09:48:16", "elapsed": 117.453922, "delta": 0.783975}}
{"target": 0.885318144664488, "params": {"C": 246386.35505219054, "gamma": 0.0806991353563004}, "datetime": {"datetime": "2021-10-04 09:48:17", "elapsed": 118.429942, "delta": 0.97602}}
{"target": 0.8935135778740335, "params": {"C": 230004.12130421802, "gamma": 0.07049554261318212}, "datetime": {"datetime": "2021-10-04 09:48:18", "elapsed": 119.191735, "delta": 0.761793}}
{"target": 0.8917694773237098, "params": {"C": 246394.18209470762, "gamma": 0.07000759033791579}, "datetime": {"datetime": "2021-10-04 09:48:19", "elapsed": 120.400475, "delta": 1.20874}}
{"target": 0.9263459338414859, "params": {"C": 88727.5508095331, "gamma": 0.04966427902503321}, "datetime": {"datetime": "2021-10-04 09:48:20", "elapsed": 121.313978, "delta": 0.913503}}
{"target": 0.8835069053905629, "params": {"C": 228544.79109829597, "gamma": 0.013031523586000533}, "datetime": {"datetime": "2021-10-04 09:48:21", "elapsed": 122.40648, "delta": 1.092502}}
{"target": 0.9203349013264289, "params": {"C": 202480.2629847733, "gamma": 0.04076957654849133}, "datetime": {"datetime": "2021-10-04 09:48:22", "elapsed": 123.152791, "delta": 0.746311}}
{"target": 0.8842602717876383, "params": {"C": 228525.72418026804, "gamma": 0.08682164913182965}, "datetime": {"datetime": "2021-10-04 09:48:23", "elapsed": 124.255142, "delta": 1.102351}}
{"target": 0.8797065702756198, "params": {"C": 50068.24650620949, "gamma": 0.015502341440337727}, "datetime": {"datetime": "2021-10-04 09:48:24", "elapsed": 125.11461, "delta": 0.859468}}
{"target": 0.9106037176247465, "params": {"C": 50065.256599837754, "gamma": 0.08584826324252781}, "datetime": {"datetime": "2021-10-04 09:48:25", "elapsed": 126.015883, "delta": 0.901273}}
{"target": 0.9106119302068963, "params": {"C": 50056.49361357458, "gamma": 0.028444211661512408}, "datetime": {"datetime": "2021-10-04 09:48:26", "elapsed": 127.095465, "delta": 1.079582}}
{"target": 0.9034496093557384, "params": {"C": 50051.106705719896, "gamma": 0.02486019985265786}, "datetime": {"datetime": "2021-10-04 09:48:27", "elapsed": 128.13716, "delta": 1.041695}}
{"target": 0.9235779259567864, "params": {"C": 128197.8127544472, "gamma": 0.030784754755134706}, "datetime": {"datetime": "2021-10-04 09:48:28", "elapsed": 129.290601, "delta": 1.153441}}
{"target": 0.8706313843816464, "params": {"C": 371001.12423746835, "gamma": 0.08881628023969677}, "datetime": {"datetime": "2021-10-04 09:48:29", "elapsed": 130.132979, "delta": 0.842378}}
{"target": 0.8639951166249815, "params": {"C": 133840.0925776048, "gamma": 0.005478773014311982}, "datetime": {"datetime": "2021-10-04 09:48:30", "elapsed": 131.047751, "delta": 0.914772}}
{"target": 0.8862421746705309, "params": {"C": 228518.59879575783, "gamma": 0.08284973120169073}, "datetime": {"datetime": "2021-10-04 09:48:31", "elapsed": 131.896222, "delta": 0.848471}}
{"target": 0.9096469724714884, "params": {"C": 244531.4501115857, "gamma": 0.0200889066262269}, "datetime": {"datetime": "2021-10-04 09:48:32", "elapsed": 132.886724, "delta": 0.990502}}
{"target": 0.8927576041108594, "params": {"C": 308982.90339795005, "gamma": 0.05877261273727884}, "datetime": {"datetime": "2021-10-04 09:48:33", "elapsed": 134.075855, "delta": 1.189131}}
{"target": 0.9081883519311494, "params": {"C": 137304.11116724194, "gamma": 0.06867244854521147}, "datetime": {"datetime": "2021-10-04 09:48:34", "elapsed": 135.016535, "delta": 0.94068}}
{"target": 0.9180217769424475, "params": {"C": 217929.72984352687, "gamma": 0.04198573799310241}, "datetime": {"datetime": "2021-10-04 09:48:35", "elapsed": 135.885944, "delta": 0.869409}}
{"target": 0.8894031284986609, "params": {"C": 50065.58533321902, "gamma": 0.019227221412058997}, "datetime": {"datetime": "2021-10-04 09:48:36", "elapsed": 136.89028, "delta": 1.004336}}
{"target": 0.8871650308929658, "params": {"C": 88732.16096235254, "gamma": 0.016524884421756557}, "datetime": {"datetime": "2021-10-04 09:48:37", "elapsed": 137.883959, "delta": 0.993679}}
{"target": 0.9211092915169473, "params": {"C": 90353.34477597973, "gamma": 0.059979966803631976}, "datetime": {"datetime": "2021-10-04 09:48:37", "elapsed": 138.727986, "delta": 0.844027}}
{"target": 0.9084821160424061, "params": {"C": 175076.9691358211, "gamma": 0.020445858655140554}, "datetime": {"datetime": "2021-10-04 09:48:38", "elapsed": 139.556934, "delta": 0.828948}}
{"target": 0.9263749013069309, "params": {"C": 123860.53327180896, "gamma": 0.03602523964097771}, "datetime": {"datetime": "2021-10-04 09:48:39", "elapsed": 140.493407, "delta": 0.936473}}
{"target": 0.9245809146702385, "params": {"C": 137287.70673461392, "gamma": 0.044834943523135454}, "datetime": {"datetime": "2021-10-04 09:48:40", "elapsed": 141.555104, "delta": 1.061697}}
{"target": 0.9055644177042299, "params": {"C": 207364.37061736244, "gamma": 0.05893920904359461}, "datetime": {"datetime": "2021-10-04 09:48:41", "elapsed": 142.469443, "delta": 0.914339}}
{"target": 0.920453080386086, "params": {"C": 207340.98883608365, "gamma": 0.027866782401673857}, "datetime": {"datetime": "2021-10-04 09:48:43", "elapsed": 143.91851, "delta": 1.449067}}
{"target": 0.9248229756991295, "params": {"C": 128198.06729082616, "gamma": 0.04610392232856588}, "datetime": {"datetime": "2021-10-04 09:48:44", "elapsed": 145.006105, "delta": 1.087595}}
{"target": 0.8791397646604526, "params": {"C": 441113.4236566913, "gamma": 0.05853406394501478}, "datetime": {"datetime": "2021-10-04 09:48:45", "elapsed": 145.941041, "delta": 0.934936}}
{"target": 0.9179877968792507, "params": {"C": 88739.35296595, "gamma": 0.02833398737987964}, "datetime": {"datetime": "2021-10-04 09:48:46", "elapsed": 147.072485, "delta": 1.131444}}
{"target": 0.9137492557034703, "params": {"C": 133821.2681838984, "gamma": 0.06196666881312758}, "datetime": {"datetime": "2021-10-04 09:48:47", "elapsed": 148.448231, "delta": 1.375746}}
{"target": 0.9174512675767459, "params": {"C": 236999.52957038835, "gamma": 0.03970434240916659}, "datetime": {"datetime": "2021-10-04 09:48:48", "elapsed": 149.352076, "delta": 0.903845}}
{"target": 0.8870099067610193, "params": {"C": 155633.8402734616, "gamma": 0.09891205868688581}, "datetime": {"datetime": "2021-10-04 09:48:49", "elapsed": 150.293967, "delta": 0.941891}}
{"target": 0.8815768662851509, "params": {"C": 246392.60521674532, "gamma": 0.08851309034769099}, "datetime": {"datetime": "2021-10-04 09:48:50", "elapsed": 151.217959, "delta": 0.923992}}
{"target": 0.9271058090677291, "params": {"C": 88729.86871509763, "gamma": 0.03922433593290358}, "datetime": {"datetime": "2021-10-04 09:48:51", "elapsed": 152.339992, "delta": 1.122033}}
{"target": 0.8924675373704692, "params": {"C": 196727.83747709222, "gamma": 0.07883929568310852}, "datetime": {"datetime": "2021-10-04 09:48:52", "elapsed": 153.190365, "delta": 0.850373}}
{"target": 0.9254095505576188, "params": {"C": 50066.77920696299, "gamma": 0.04477045623933379}, "datetime": {"datetime": "2021-10-04 09:48:53", "elapsed": 154.253432, "delta": 1.063067}}
{"target": 0.8802509368511585, "params": {"C": 217929.4688640937, "gamma": 0.09863289353784267}, "datetime": {"datetime": "2021-10-04 09:48:54", "elapsed": 155.204003, "delta": 0.950571}}
{"target": 0.901813212220519, "params": {"C": 258471.21928380925, "gamma": 0.05546089591391816}, "datetime": {"datetime": "2021-10-04 09:48:55", "elapsed": 156.067619, "delta": 0.863616}}
{"target": 0.9260123109844068, "params": {"C": 133807.38359944092, "gamma": 0.03540410168196972}, "datetime": {"datetime": "2021-10-04 09:48:56", "elapsed": 157.390184, "delta": 1.322565}}
{"target": 0.9179531992057296, "params": {"C": 263918.06394023506, "gamma": 0.03275432763255596}, "datetime": {"datetime": "2021-10-04 09:48:57", "elapsed": 158.399864, "delta": 1.00968}}
{"target": 0.9263583007565583, "params": {"C": 133807.02068702376, "gamma": 0.037990737254059874}, "datetime": {"datetime": "2021-10-04 09:48:58", "elapsed": 159.734916, "delta": 1.335052}}
{"target": 0.8775598171514785, "params": {"C": 343543.72948908806, "gamma": 0.07626901527017094}, "datetime": {"datetime": "2021-10-04 09:48:59", "elapsed": 160.712135, "delta": 0.977219}}
{"target": 0.875536379280063, "params": {"C": 228513.5121704648, "gamma": 0.011287804864354083}, "datetime": {"datetime": "2021-10-04 09:49:00", "elapsed": 161.725015, "delta": 1.01288}}
{"target": 0.9179232003236484, "params": {"C": 50085.83209728863, "gamma": 0.0729729708984845}, "datetime": {"datetime": "2021-10-04 09:49:02", "elapsed": 162.954623, "delta": 1.229608}}
{"target": 0.8881117274951384, "params": {"C": 170471.75466017722, "gamma": 0.09294294213984161}, "datetime": {"datetime": "2021-10-04 09:49:03", "elapsed": 163.935433, "delta": 0.98081}}
{"target": 0.8645610594407606, "params": {"C": 134270.4134590024, "gamma": 0.006558395194383446}, "datetime": {"datetime": "2021-10-04 09:49:04", "elapsed": 164.862219, "delta": 0.926786}}
{"target": 0.9210339209775472, "params": {"C": 207339.1514372425, "gamma": 0.02884596025996281}, "datetime": {"datetime": "2021-10-04 09:49:05", "elapsed": 165.924865, "delta": 1.062646}}
{"target": 0.9055763171334102, "params": {"C": 50048.45096013275, "gamma": 0.09435183776015041}, "datetime": {"datetime": "2021-10-04 09:49:06", "elapsed": 167.212069, "delta": 1.287204}}
{"target": 0.9156050516568586, "params": {"C": 88733.69765705802, "gamma": 0.06889812739593563}, "datetime": {"datetime": "2021-10-04 09:49:07", "elapsed": 168.29447, "delta": 1.082401}}
{"target": 0.8908712881388589, "params": {"C": 86193.14370500474, "gamma": 0.017721257412175135}, "datetime": {"datetime": "2021-10-04 09:49:08", "elapsed": 169.304184, "delta": 1.009714}}
{"target": 0.902350905776997, "params": {"C": 50093.975219023094, "gamma": 0.09979541323781699}, "datetime": {"datetime": "2021-10-04 09:49:09", "elapsed": 170.522274, "delta": 1.21809}}
{"target": 0.9033776977678443, "params": {"C": 377249.3701440682, "gamma": 0.03895629443157698}, "datetime": {"datetime": "2021-10-04 09:49:10", "elapsed": 171.66112, "delta": 1.138846}}
{"target": 0.8671549624462396, "params": {"C": 90353.86854091876, "gamma": 0.00885529979502157}, "datetime": {"datetime": "2021-10-04 09:49:12", "elapsed": 172.86204, "delta": 1.20092}}
{"target": 0.9048089225462763, "params": {"C": 53493.01764390499, "gamma": 0.09479136469944818}, "datetime": {"datetime": "2021-10-04 09:49:12", "elapsed": 173.786603, "delta": 0.924563}}
{"target": 0.8936898865099607, "params": {"C": 139146.10081783176, "gamma": 0.09043723408782367}, "datetime": {"datetime": "2021-10-04 09:49:14", "elapsed": 174.920581, "delta": 1.133978}}
{"target": 0.8675048407274117, "params": {"C": 246389.79459015973, "gamma": 0.009124804327749227}, "datetime": {"datetime": "2021-10-04 09:49:15", "elapsed": 176.076245, "delta": 1.155664}}
{"target": 0.8775643219416577, "params": {"C": 246388.72469124233, "gamma": 0.09869457328631055}, "datetime": {"datetime": "2021-10-04 09:49:16", "elapsed": 177.41666, "delta": 1.340415}}
{"target": 0.9219268509879477, "params": {"C": 88733.36646883574, "gamma": 0.058912385140618605}, "datetime": {"datetime": "2021-10-04 09:49:17", "elapsed": 178.515808, "delta": 1.099148}}
{"target": 0.8679494914484479, "params": {"C": 455841.7201599298, "gamma": 0.07688410067682186}, "datetime": {"datetime": "2021-10-04 09:49:18", "elapsed": 179.439576, "delta": 0.923768}}
{"target": 0.9098214543779045, "params": {"C": 133820.8228746096, "gamma": 0.06720197994822802}, "datetime": {"datetime": "2021-10-04 09:49:19", "elapsed": 180.541395, "delta": 1.101819}}
{"target": 0.91592437465995, "params": {"C": 50084.206985032266, "gamma": 0.07661915441872559}, "datetime": {"datetime": "2021-10-04 09:49:20", "elapsed": 181.491429, "delta": 0.950034}}
{"target": 0.8826021778412907, "params": {"C": 435616.91669875727, "gamma": 0.05486752339135562}, "datetime": {"datetime": "2021-10-04 09:49:22", "elapsed": 183.265959, "delta": 1.77453}}
