{"target": -2.2982518894403907, "params": {"C": 74385.15047112065, "gamma": 0.10525948467867197}, "datetime": {"datetime": "2021-10-04 12:36:56", "elapsed": 351.405071, "delta": 1.541793}}
{"target": -2.579213208909226, "params": {"C": 39702.29320819034, "gamma": 0.18699159795432357}, "datetime": {"datetime": "2021-10-04 12:36:57", "elapsed": 352.892087, "delta": 1.487016}}
{"target": -1.9145979532566113, "params": {"C": 38976.484629568564, "gamma": 0.029653043153058722}, "datetime": {"datetime": "2021-10-04 12:37:00", "elapsed": 355.451007, "delta": 2.55892}}
{"target": -1.9414996336102945, "params": {"C": 78747.8461524797, "gamma": 0.052315542317291845}, "datetime": {"datetime": "2021-10-04 12:37:01", "elapsed": 357.040026, "delta": 1.589019}}
{"target": -1.917683408914717, "params": {"C": 62195.68843110819, "gamma": 0.05224551993781526}, "datetime": {"datetime": "2021-10-04 12:37:03", "elapsed": 359.147281, "delta": 2.107255}}
{"target": -1.9464578355448952, "params": {"C": 48432.0856821686, "gamma": 0.02502804554336862}, "datetime": {"datetime": "2021-10-04 12:37:05", "elapsed": 360.729205, "delta": 1.581924}}
{"target": -2.317629520031714, "params": {"C": 79938.61130186706, "gamma": 0.10679712966905086}, "datetime": {"datetime": "2021-10-04 12:37:07", "elapsed": 362.44374, "delta": 1.714535}}
{"target": -2.0534931358109816, "params": {"C": 22762.375354975582, "gamma": 0.0826262852569324}, "datetime": {"datetime": "2021-10-04 12:37:08", "elapsed": 364.070118, "delta": 1.626378}}
{"target": -2.5639077401878705, "params": {"C": 85640.70940365686, "gamma": 0.16035980227786134}, "datetime": {"datetime": "2021-10-04 12:37:10", "elapsed": 365.850473, "delta": 1.780355}}
{"target": -1.9478425223953413, "params": {"C": 89373.56477695685, "gamma": 0.049230586855590015}, "datetime": {"datetime": "2021-10-04 12:37:12", "elapsed": 367.491437, "delta": 1.640964}}
{"target": -2.2024992486284596, "params": {"C": 35207.61547967102, "gamma": 0.10544513200501598}, "datetime": {"datetime": "2021-10-04 12:37:13", "elapsed": 369.012683, "delta": 1.521246}}
{"target": -1.9295744601919225, "params": {"C": 30203.18085278723, "gamma": 0.06031944659804401}, "datetime": {"datetime": "2021-10-04 12:37:15", "elapsed": 370.579234, "delta": 1.566551}}
{"target": -2.4181557207326754, "params": {"C": 19488.51248883736, "gamma": 0.15588093643900205}, "datetime": {"datetime": "2021-10-04 12:37:16", "elapsed": 372.15787, "delta": 1.578636}}
{"target": -2.0728305670731664, "params": {"C": 28474.725245847152, "gamma": 0.08584791583257326}, "datetime": {"datetime": "2021-10-04 12:37:18", "elapsed": 374.095099, "delta": 1.937229}}
{"target": -2.530694047913427, "params": {"C": 40469.38163534709, "gamma": 0.17237428099373622}, "datetime": {"datetime": "2021-10-04 12:37:20", "elapsed": 375.63077, "delta": 1.535671}}
{"target": -2.6063294288488694, "params": {"C": 82558.38544317975, "gamma": 0.1745843382866776}, "datetime": {"datetime": "2021-10-04 12:37:23", "elapsed": 378.385536, "delta": 2.754766}}
{"target": -2.3953339440333585, "params": {"C": 74323.8308376798, "gamma": 0.12429466960655933}, "datetime": {"datetime": "2021-10-04 12:37:24", "elapsed": 379.976571, "delta": 1.591035}}
{"target": -2.4743700912192854, "params": {"C": 86109.04713828013, "gamma": 0.13729090378699987}, "datetime": {"datetime": "2021-10-04 12:37:26", "elapsed": 381.528017, "delta": 1.551446}}
{"target": -2.610304221330839, "params": {"C": 45788.110925615314, "gamma": 0.19281052055556425}, "datetime": {"datetime": "2021-10-04 12:37:27", "elapsed": 383.110449, "delta": 1.582432}}
{"target": -1.8751344259069722, "params": {"C": 85256.31000959326, "gamma": 0.03428504642925794}, "datetime": {"datetime": "2021-10-04 12:37:29", "elapsed": 384.831397, "delta": 1.720948}}
{"target": -1.9688184837832883, "params": {"C": 65851.3818419023, "gamma": 0.02121351653275484}, "datetime": {"datetime": "2021-10-04 12:37:30", "elapsed": 386.357536, "delta": 1.526139}}
{"target": -2.4413208419401378, "params": {"C": 78763.33451993013, "gamma": 0.13247083842776633}, "datetime": {"datetime": "2021-10-04 12:37:33", "elapsed": 388.645518, "delta": 2.287982}}
{"target": -2.516266786143899, "params": {"C": 40425.45599958851, "gamma": 0.16848994943007756}, "datetime": {"datetime": "2021-10-04 12:37:35", "elapsed": 390.402959, "delta": 1.757441}}
{"target": -2.0700185933977435, "params": {"C": 24093.535918324735, "gamma": 0.08569057106792148}, "datetime": {"datetime": "2021-10-04 12:37:37", "elapsed": 392.7768, "delta": 2.373841}}
{"target": -2.2258857368057607, "params": {"C": 79366.50463459504, "gamma": 0.0912235408187825}, "datetime": {"datetime": "2021-10-04 12:37:39", "elapsed": 394.96795, "delta": 2.19115}}
{"target": -1.9367596813650862, "params": {"C": 31726.334833821937, "gamma": 0.029394936213633236}, "datetime": {"datetime": "2021-10-04 12:37:41", "elapsed": 396.638712, "delta": 1.670762}}
{"target": -2.2568358184055017, "params": {"C": 59304.121846779635, "gamma": 0.103859923490967}, "datetime": {"datetime": "2021-10-04 12:37:42", "elapsed": 398.29617, "delta": 1.657458}}
{"target": -1.948612399308001, "params": {"C": 69910.49380749659, "gamma": 0.0223338074569093}, "datetime": {"datetime": "2021-10-04 12:37:44", "elapsed": 399.999037, "delta": 1.702867}}
{"target": -2.4586575736030123, "params": {"C": 27566.19868858962, "gamma": 0.16123549115684457}, "datetime": {"datetime": "2021-10-04 12:37:46", "elapsed": 402.25072, "delta": 2.251683}}
{"target": -1.976858991812538, "params": {"C": 29405.230206660217, "gamma": 0.06839620572915288}, "datetime": {"datetime": "2021-10-04 12:37:49", "elapsed": 404.62331, "delta": 2.37259}}
{"target": -1.9678333401697083, "params": {"C": 68694.83053040635, "gamma": 0.05860264583831734}, "datetime": {"datetime": "2021-10-04 12:37:50", "elapsed": 406.314291, "delta": 1.690981}}
{"target": -2.104580355890391, "params": {"C": 27273.634590244998, "gamma": 0.09183954365432273}, "datetime": {"datetime": "2021-10-04 12:37:52", "elapsed": 408.165312, "delta": 1.851021}}
{"target": -2.253700333063333, "params": {"C": 39730.71649422919, "gamma": 0.112247778785012}, "datetime": {"datetime": "2021-10-04 12:37:54", "elapsed": 409.940259, "delta": 1.774947}}
{"target": -2.437031287198262, "params": {"C": 85328.67385012339, "gamma": 0.12924153616868234}, "datetime": {"datetime": "2021-10-04 12:37:56", "elapsed": 411.67384, "delta": 1.733581}}
{"target": -2.5087484433232508, "params": {"C": 35548.3799805116, "gamma": 0.1692205971640091}, "datetime": {"datetime": "2021-10-04 12:37:58", "elapsed": 414.037317, "delta": 2.363477}}
{"target": -1.8875136324166906, "params": {"C": 61403.48012926301, "gamma": 0.0465599092013243}, "datetime": {"datetime": "2021-10-04 12:38:01", "elapsed": 416.437642, "delta": 2.400325}}
{"target": -2.4406136289813016, "params": {"C": 65516.701015608625, "gamma": 0.13749290636632655}, "datetime": {"datetime": "2021-10-04 12:38:03", "elapsed": 418.769916, "delta": 2.332274}}
{"target": -1.928193439698161, "params": {"C": 68832.13829506234, "gamma": 0.023990628888476584}, "datetime": {"datetime": "2021-10-04 12:38:05", "elapsed": 420.551003, "delta": 1.781087}}
{"target": -2.325236283057241, "params": {"C": 57184.24611446239, "gamma": 0.11700530647657018}, "datetime": {"datetime": "2021-10-04 12:38:07", "elapsed": 422.815793, "delta": 2.26479}}
{"target": -1.8746270337044257, "params": {"C": 80272.82881721329, "gamma": 0.03588949024318451}, "datetime": {"datetime": "2021-10-04 12:38:09", "elapsed": 425.218315, "delta": 2.402522}}
{"target": -2.4148670372725225, "params": {"C": 59687.34155688816, "gamma": 0.1343996839703303}, "datetime": {"datetime": "2021-10-04 12:38:13", "elapsed": 428.396598, "delta": 3.178283}}
{"target": -2.5426545884876988, "params": {"C": 47434.13552848413, "gamma": 0.17187366820693945}, "datetime": {"datetime": "2021-10-04 12:38:15", "elapsed": 430.823013, "delta": 2.426415}}
{"target": -2.4377146948379065, "params": {"C": 65260.656400958294, "gamma": 0.13696701638758466}, "datetime": {"datetime": "2021-10-04 12:38:17", "elapsed": 432.54944, "delta": 1.726427}}
{"target": -1.9740462550791111, "params": {"C": 29937.220915841757, "gamma": 0.026315328652107426}, "datetime": {"datetime": "2021-10-04 12:38:18", "elapsed": 434.259111, "delta": 1.709671}}
{"target": -1.9477789486106922, "params": {"C": 72642.46930728546, "gamma": 0.05478022294125459}, "datetime": {"datetime": "2021-10-04 12:38:20", "elapsed": 436.023103, "delta": 1.763992}}
{"target": -2.1993852692766764, "params": {"C": 81793.11370896382, "gamma": 0.08632492776270163}, "datetime": {"datetime": "2021-10-04 12:38:22", "elapsed": 437.858817, "delta": 1.835714}}
{"target": -2.127736000353917, "params": {"C": 57280.57408038783, "gamma": 0.08363526788592147}, "datetime": {"datetime": "2021-10-04 12:38:24", "elapsed": 439.562953, "delta": 1.704136}}
{"target": -1.8663029994390659, "params": {"C": 61616.61331065164, "gamma": 0.03805643847043196}, "datetime": {"datetime": "2021-10-04 12:38:25", "elapsed": 441.270538, "delta": 1.707585}}
{"target": -1.9482418636387433, "params": {"C": 20941.997351033842, "gamma": 0.034874410171643604}, "datetime": {"datetime": "2021-10-04 12:38:27", "elapsed": 443.116845, "delta": 1.846307}}
{"target": -2.0915270647947337, "params": {"C": 50736.863100660885, "gamma": 0.08068442758561122}, "datetime": {"datetime": "2021-10-04 12:38:29", "elapsed": 445.147165, "delta": 2.03032}}
{"target": -2.493652631871241, "params": {"C": 79796.56405305132, "gamma": 0.1440386848461088}, "datetime": {"datetime": "2021-10-04 12:38:31", "elapsed": 447.015473, "delta": 1.868308}}
{"target": -2.210968654914369, "params": {"C": 67212.23743235944, "gamma": 0.09314695784896192}, "datetime": {"datetime": "2021-10-04 12:38:33", "elapsed": 448.992018, "delta": 1.976545}}
{"target": -2.072972374346951, "params": {"C": 28239.11126013496, "gamma": 0.08593861314268729}, "datetime": {"datetime": "2021-10-04 12:38:35", "elapsed": 450.917471, "delta": 1.925453}}
{"target": -2.407188861459885, "params": {"C": 54886.60548454845, "gamma": 0.13489086189115326}, "datetime": {"datetime": "2021-10-04 12:38:37", "elapsed": 452.745811, "delta": 1.82834}}
{"target": -2.113284380658304, "params": {"C": 89156.35402969409, "gamma": 0.07267336703971157}, "datetime": {"datetime": "2021-10-04 12:38:39", "elapsed": 454.588234, "delta": 1.842423}}
{"target": -2.3378697741718675, "params": {"C": 57291.958992400556, "gamma": 0.11945315007657736}, "datetime": {"datetime": "2021-10-04 12:38:40", "elapsed": 456.329809, "delta": 1.741575}}
{"target": -2.5950474467249043, "params": {"C": 75510.5420742936, "gamma": 0.17407236354866396}, "datetime": {"datetime": "2021-10-04 12:38:43", "elapsed": 459.349687, "delta": 3.019878}}
{"target": -2.3535009075674203, "params": {"C": 36518.91514351292, "gamma": 0.13341593835404236}, "datetime": {"datetime": "2021-10-04 12:38:45", "elapsed": 461.236789, "delta": 1.887102}}
{"target": -2.147396772956073, "params": {"C": 63271.90138716008, "gamma": 0.08436779184625304}, "datetime": {"datetime": "2021-10-04 12:38:47", "elapsed": 462.955309, "delta": 1.71852}}
{"target": -2.013938306866847, "params": {"C": 25967.99617764144, "gamma": 0.02469678428419374}, "datetime": {"datetime": "2021-10-04 12:38:49", "elapsed": 464.713964, "delta": 1.758655}}
{"target": -2.3771262029966382, "params": {"C": 75348.07735450407, "gamma": 0.11989118473372715}, "datetime": {"datetime": "2021-10-04 12:38:51", "elapsed": 467.332909, "delta": 2.618945}}
{"target": -2.176896324832757, "params": {"C": 33536.54598403507, "gamma": 0.10193240839025308}, "datetime": {"datetime": "2021-10-04 12:38:53", "elapsed": 469.303211, "delta": 1.970302}}
{"target": -2.5910754930528697, "params": {"C": 86921.40367668895, "gamma": 0.1678767171961471}, "datetime": {"datetime": "2021-10-04 12:38:56", "elapsed": 472.005407, "delta": 2.702196}}
{"target": -2.5073873312390926, "params": {"C": 66598.88946450097, "gamma": 0.1528715211695546}, "datetime": {"datetime": "2021-10-04 12:38:59", "elapsed": 474.634753, "delta": 2.629346}}
{"target": -2.320402555932293, "params": {"C": 73604.18490072018, "gamma": 0.10941289062016411}, "datetime": {"datetime": "2021-10-04 12:39:01", "elapsed": 477.303693, "delta": 2.66894}}
{"target": -2.1042779587919145, "params": {"C": 35671.56548297369, "gamma": 0.08832637746775833}, "datetime": {"datetime": "2021-10-04 12:39:04", "elapsed": 480.058068, "delta": 2.754375}}
{"target": -1.9186510360219595, "params": {"C": 75849.74988415476, "gamma": 0.04720165062579071}, "datetime": {"datetime": "2021-10-04 12:39:06", "elapsed": 481.936746, "delta": 1.878678}}
{"target": -2.4796131384770477, "params": {"C": 22887.736921290092, "gamma": 0.1696058957970095}, "datetime": {"datetime": "2021-10-04 12:39:09", "elapsed": 484.598298, "delta": 2.661552}}
{"target": -2.1310306911535855, "params": {"C": 37694.75957957942, "gamma": 0.09208193140298118}, "datetime": {"datetime": "2021-10-04 12:39:11", "elapsed": 486.394345, "delta": 1.796047}}
{"target": -2.540292664056517, "params": {"C": 20755.715236485914, "gamma": 0.1876510991235739}, "datetime": {"datetime": "2021-10-04 12:39:13", "elapsed": 489.002451, "delta": 2.608106}}
{"target": -2.1548271405068946, "params": {"C": 60174.751650173486, "gamma": 0.08668647771926674}, "datetime": {"datetime": "2021-10-04 12:39:15", "elapsed": 490.919226, "delta": 1.916775}}
{"target": -2.3117939249980357, "params": {"C": 44627.28427917885, "gamma": 0.12068108934066589}, "datetime": {"datetime": "2021-10-04 12:39:17", "elapsed": 493.012605, "delta": 2.093379}}
{"target": -2.4688084080738797, "params": {"C": 32387.948155485574, "gamma": 0.16082000714177178}, "datetime": {"datetime": "2021-10-04 12:39:19", "elapsed": 494.90971, "delta": 1.897105}}
{"target": -1.9637738014512611, "params": {"C": 73095.85670268888, "gamma": 0.056920492609187794}, "datetime": {"datetime": "2021-10-04 12:39:21", "elapsed": 496.761213, "delta": 1.851503}}
{"target": -2.162725998379462, "params": {"C": 74017.86865211545, "gamma": 0.08308949529242482}, "datetime": {"datetime": "2021-10-04 12:39:23", "elapsed": 498.713034, "delta": 1.951821}}
{"target": -2.5384474084498265, "params": {"C": 19843.24756752195, "gamma": 0.18736723097629748}, "datetime": {"datetime": "2021-10-04 12:39:25", "elapsed": 500.622553, "delta": 1.909519}}
{"target": -2.3181006117072265, "params": {"C": 44931.19574536008, "gamma": 0.12178999277394274}, "datetime": {"datetime": "2021-10-04 12:39:27", "elapsed": 503.331295, "delta": 2.708742}}
{"target": -2.404791722615467, "params": {"C": 85321.23923035781, "gamma": 0.12217705462468}, "datetime": {"datetime": "2021-10-04 12:39:29", "elapsed": 505.337414, "delta": 2.006119}}
{"target": -2.189750976661999, "params": {"C": 23332.574281891528, "gamma": 0.015685706515504338}, "datetime": {"datetime": "2021-10-04 12:39:32", "elapsed": 507.859577, "delta": 2.522163}}
{"target": -1.8831726863556857, "params": {"C": 83573.83229749909, "gamma": 0.02753141635325746}, "datetime": {"datetime": "2021-10-04 12:39:34", "elapsed": 509.818424, "delta": 1.958847}}
{"target": -2.143881208744984, "params": {"C": 47359.40072034176, "gamma": 0.0900936704858139}, "datetime": {"datetime": "2021-10-04 12:39:36", "elapsed": 511.629966, "delta": 1.811542}}
{"target": -2.4078847572440654, "params": {"C": 66435.20212963315, "gamma": 0.1300920813298045}, "datetime": {"datetime": "2021-10-04 12:39:38", "elapsed": 513.771785, "delta": 2.141819}}
{"target": -2.149093285929185, "params": {"C": 21009.525156552125, "gamma": 0.10017689887319772}, "datetime": {"datetime": "2021-10-04 12:39:40", "elapsed": 515.769883, "delta": 1.998098}}
{"target": -2.254000154290018, "params": {"C": 43863.32125459158, "gamma": 0.11015366448129268}, "datetime": {"datetime": "2021-10-04 12:39:42", "elapsed": 517.868052, "delta": 2.098169}}
{"target": -2.3440597250229938, "params": {"C": 42476.71297174186, "gamma": 0.12823232602188656}, "datetime": {"datetime": "2021-10-04 12:39:44", "elapsed": 519.804909, "delta": 1.936857}}
{"target": -2.388211858916711, "params": {"C": 81253.57548843513, "gamma": 0.12006482076280608}, "datetime": {"datetime": "2021-10-04 12:39:46", "elapsed": 521.87282, "delta": 2.067911}}
{"target": -2.146448715665812, "params": {"C": 74784.87224627665, "gamma": 0.08052529695786845}, "datetime": {"datetime": "2021-10-04 12:39:48", "elapsed": 523.885126, "delta": 2.012306}}
{"target": -1.929693179191354, "params": {"C": 63409.69497204256, "gamma": 0.024419263638298355}, "datetime": {"datetime": "2021-10-04 12:39:50", "elapsed": 525.804919, "delta": 1.919793}}
{"target": -2.171983997978341, "params": {"C": 75413.95100230837, "gamma": 0.08405129641390245}, "datetime": {"datetime": "2021-10-04 12:39:52", "elapsed": 527.631867, "delta": 1.826948}}
{"target": -1.8755821319470147, "params": {"C": 37715.18685976441, "gamma": 0.04936312335635985}, "datetime": {"datetime": "2021-10-04 12:39:54", "elapsed": 529.625555, "delta": 1.993688}}
{"target": -2.1240178579395783, "params": {"C": 74340.09819524226, "gamma": 0.07761248242757106}, "datetime": {"datetime": "2021-10-04 12:39:56", "elapsed": 531.59491, "delta": 1.969355}}
{"target": -2.0399291045308066, "params": {"C": 69888.2683294199, "gamma": 0.06800761039402235}, "datetime": {"datetime": "2021-10-04 12:39:58", "elapsed": 533.547388, "delta": 1.952478}}
{"target": -1.9191146427749506, "params": {"C": 86745.75370871706, "gamma": 0.04328671943463285}, "datetime": {"datetime": "2021-10-04 12:39:59", "elapsed": 535.336394, "delta": 1.789006}}
{"target": -2.674894479857822, "params": {"C": 87566.64082648575, "gamma": 0.1937714104447162}, "datetime": {"datetime": "2021-10-04 12:40:01", "elapsed": 537.27933, "delta": 1.942936}}
{"target": -2.402688845673593, "params": {"C": 45473.74294787113, "gamma": 0.13873820956019908}, "datetime": {"datetime": "2021-10-04 12:40:04", "elapsed": 539.386464, "delta": 2.107134}}
{"target": -2.1218771884123826, "params": {"C": 75654.60905589326, "gamma": 0.013100530073246724}, "datetime": {"datetime": "2021-10-04 12:40:05", "elapsed": 541.361872, "delta": 1.975408}}
{"target": -2.4584607460511627, "params": {"C": 54660.54069397236, "gamma": 0.14669278984794204}, "datetime": {"datetime": "2021-10-04 12:40:08", "elapsed": 543.412942, "delta": 2.05107}}
{"target": -2.528990778602474, "params": {"C": 35998.33444803732, "gamma": 0.17443427508619214}, "datetime": {"datetime": "2021-10-04 12:40:10", "elapsed": 545.544879, "delta": 2.131937}}
{"target": -2.380789665815341, "params": {"C": 82183.93538152128, "gamma": 0.11815317575859097}, "datetime": {"datetime": "2021-10-04 12:40:12", "elapsed": 547.581115, "delta": 2.036236}}
{"target": -2.616759138534858, "params": {"C": 87963.15254891495, "gamma": 0.17570645822623585}, "datetime": {"datetime": "2021-10-04 12:40:14", "elapsed": 549.627025, "delta": 2.04591}}
{"target": -2.4915327469217616, "params": {"C": 46073.91128338956, "gamma": 0.15923632250896436}, "datetime": {"datetime": "2021-10-04 12:40:16", "elapsed": 551.531961, "delta": 1.904936}}
{"target": -2.2773989139257, "params": {"C": 46119.0244296517, "gamma": 0.1132768180758117}, "datetime": {"datetime": "2021-10-04 12:40:18", "elapsed": 553.578316, "delta": 2.046355}}
{"target": -2.561839279010382, "params": {"C": 24398.937709015427, "gamma": 0.19122158150527904}, "datetime": {"datetime": "2021-10-04 12:40:20", "elapsed": 555.596371, "delta": 2.018055}}
{"target": -2.5689866134988883, "params": {"C": 33519.62624484871, "gamma": 0.18756816267307322}, "datetime": {"datetime": "2021-10-04 12:40:22", "elapsed": 558.357108, "delta": 2.760737}}
{"target": -2.263118718722436, "params": {"C": 61373.77855316948, "gamma": 0.008373857444429676}, "datetime": {"datetime": "2021-10-04 12:40:24", "elapsed": 560.34004, "delta": 1.982932}}
{"target": -2.1500357276618005, "params": {"C": 29661.10930359819, "gamma": 0.09917406946712749}, "datetime": {"datetime": "2021-10-04 12:40:26", "elapsed": 562.313662, "delta": 1.973622}}
{"target": -2.1770316951996187, "params": {"C": 70056.46615372351, "gamma": 0.08655591083606841}, "datetime": {"datetime": "2021-10-04 12:40:29", "elapsed": 565.241698, "delta": 2.928036}}
{"target": -2.684652313628273, "params": {"C": 80902.79592474285, "gamma": 0.19939539245268373}, "datetime": {"datetime": "2021-10-04 12:40:32", "elapsed": 567.618352, "delta": 2.376654}}
{"target": -2.4609955427374515, "params": {"C": 83928.27737692063, "gamma": 0.1349711423810481}, "datetime": {"datetime": "2021-10-04 12:40:35", "elapsed": 570.429036, "delta": 2.810684}}
{"target": -2.063715299039634, "params": {"C": 43166.76353193853, "gamma": 0.018012214966316293}, "datetime": {"datetime": "2021-10-04 12:40:37", "elapsed": 572.587273, "delta": 2.158237}}
{"target": -2.379786937497828, "params": {"C": 42742.373167643564, "gamma": 0.1353508561595185}, "datetime": {"datetime": "2021-10-04 12:40:39", "elapsed": 574.827083, "delta": 2.23981}}
{"target": -1.8674544092745873, "params": {"C": 62431.40676555132, "gamma": 0.03975526565127534}, "datetime": {"datetime": "2021-10-04 12:40:41", "elapsed": 577.119276, "delta": 2.292193}}
{"target": -2.020003668582268, "params": {"C": 57095.65978571379, "gamma": 0.018856490255593623}, "datetime": {"datetime": "2021-10-04 12:40:43", "elapsed": 579.247386, "delta": 2.12811}}
{"target": -2.684310820241111, "params": {"C": 81511.43390547927, "gamma": 0.19904941691661757}, "datetime": {"datetime": "2021-10-04 12:40:46", "elapsed": 581.384197, "delta": 2.136811}}
{"target": -2.112577851560921, "params": {"C": 52771.49627524159, "gamma": 0.08307304042172274}, "datetime": {"datetime": "2021-10-04 12:40:49", "elapsed": 584.369981, "delta": 2.985784}}
