{"target": 0.8587858818373812, "params": {"C": 117185.71410216595, "gamma": 0.003858539693785534}, "datetime": {"datetime": "2021-10-04 09:46:31", "elapsed": 12.298767, "delta": 0.348953}}
{"target": 0.9259352135533122, "params": {"C": 50094.46625617923, "gamma": 0.04869451837546197}, "datetime": {"datetime": "2021-10-04 09:46:31", "elapsed": 12.630162, "delta": 0.331395}}
{"target": 0.9108718456833163, "params": {"C": 50095.11261181924, "gamma": 0.08538586510102907}, "datetime": {"datetime": "2021-10-04 09:46:32", "elapsed": 12.970068, "delta": 0.339906}}
{"target": 0.8801995407868153, "params": {"C": 228549.65434065205, "gamma": 0.09614759561031057}, "datetime": {"datetime": "2021-10-04 09:46:32", "elapsed": 13.3092, "delta": 0.339132}}
{"target": 0.91335252040028, "params": {"C": 228533.31573793708, "gamma": 0.04663873083394416}, "datetime": {"datetime": "2021-10-04 09:46:32", "elapsed": 13.659061, "delta": 0.349861}}
{"target": 0.910233222519141, "params": {"C": 377247.9197205992, "gamma": 0.024905373935073416}, "datetime": {"datetime": "2021-10-04 09:46:33", "elapsed": 14.006263, "delta": 0.347202}}
{"target": 0.9055046726351497, "params": {"C": 228534.7282123165, "gamma": 0.05568166521635613}, "datetime": {"datetime": "2021-10-04 09:46:33", "elapsed": 14.34856, "delta": 0.342297}}
{"target": 0.8839194644847751, "params": {"C": 228540.2250983373, "gamma": 0.08753802886529508}, "datetime": {"datetime": "2021-10-04 09:46:33", "elapsed": 14.700978, "delta": 0.352418}}
{"target": 0.8980834424261315, "params": {"C": 117190.65950201753, "gamma": 0.08861407311378064}, "datetime": {"datetime": "2021-10-04 09:46:34", "elapsed": 15.107601, "delta": 0.406623}}
{"target": 0.9209103273486934, "params": {"C": 50083.281303944736, "gamma": 0.06709419276838399}, "datetime": {"datetime": "2021-10-04 09:46:34", "elapsed": 15.464059, "delta": 0.356458}}
{"target": 0.826550934950374, "params": {"C": 50091.9531215265, "gamma": 0.002399842965635126}, "datetime": {"datetime": "2021-10-04 09:46:34", "elapsed": 15.824942, "delta": 0.360883}}
{"target": 0.9157258722858534, "params": {"C": 50048.873904140615, "gamma": 0.07697941373371339}, "datetime": {"datetime": "2021-10-04 09:46:35", "elapsed": 16.174897, "delta": 0.349955}}
{"target": 0.8699456105653108, "params": {"C": 353328.51431884506, "gamma": 0.09640915606004148}, "datetime": {"datetime": "2021-10-04 09:46:35", "elapsed": 16.609138, "delta": 0.434241}}
{"target": 0.9027567845708597, "params": {"C": 137294.1844219757, "gamma": 0.01944338497804455}, "datetime": {"datetime": "2021-10-04 09:46:36", "elapsed": 16.981956, "delta": 0.372818}}
{"target": 0.9009103289723073, "params": {"C": 377241.8706447129, "gamma": 0.04170338324535359}, "datetime": {"datetime": "2021-10-04 09:46:36", "elapsed": 17.37026, "delta": 0.388304}}
{"target": 0.9113628304915591, "params": {"C": 137301.96761736527, "gamma": 0.022518363578354135}, "datetime": {"datetime": "2021-10-04 09:46:36", "elapsed": 17.749537, "delta": 0.379277}}
{"target": 0.9221237758568516, "params": {"C": 137303.8269756912, "gamma": 0.02902652903147493}, "datetime": {"datetime": "2021-10-04 09:46:37", "elapsed": 18.155227, "delta": 0.40569}}
{"target": 0.8685262084194589, "params": {"C": 377252.33148648776, "gamma": 0.09564176600825948}, "datetime": {"datetime": "2021-10-04 09:46:37", "elapsed": 18.538205, "delta": 0.382978}}
{"target": 0.9240157446629278, "params": {"C": 50085.3391046793, "gamma": 0.04093017843713887}, "datetime": {"datetime": "2021-10-04 09:46:38", "elapsed": 18.917518, "delta": 0.379313}}
{"target": 0.8859142050644965, "params": {"C": 179974.8467411768, "gamma": 0.09505845020531822}, "datetime": {"datetime": "2021-10-04 09:46:38", "elapsed": 19.299603, "delta": 0.382085}}
{"target": 0.8988963374962771, "params": {"C": 228521.13420217583, "gamma": 0.06353578455296595}, "datetime": {"datetime": "2021-10-04 09:46:38", "elapsed": 19.676774, "delta": 0.377171}}
{"target": 0.9178454552654165, "params": {"C": 88729.47378035047, "gamma": 0.06549018352643426}, "datetime": {"datetime": "2021-10-04 09:46:39", "elapsed": 20.083225, "delta": 0.406451}}
{"target": 0.904015453597107, "params": {"C": 133811.19781380374, "gamma": 0.0752817374419374}, "datetime": {"datetime": "2021-10-04 09:46:39", "elapsed": 20.472258, "delta": 0.389033}}
{"target": 0.9026939321200735, "params": {"C": 387540.4174776596, "gamma": 0.01710846084789858}, "datetime": {"datetime": "2021-10-04 09:46:40", "elapsed": 20.924721, "delta": 0.452463}}
{"target": 0.9095436372057177, "params": {"C": 387543.2959925288, "gamma": 0.02457515706117669}, "datetime": {"datetime": "2021-10-04 09:46:40", "elapsed": 21.37823, "delta": 0.453509}}
{"target": 0.9261413980561385, "params": {"C": 137298.08870717598, "gamma": 0.03921177611301065}, "datetime": {"datetime": "2021-10-04 09:46:40", "elapsed": 21.779943, "delta": 0.401713}}
{"target": 0.8934471459177604, "params": {"C": 133806.6572726569, "gamma": 0.09224670392039157}, "datetime": {"datetime": "2021-10-04 09:46:41", "elapsed": 22.180778, "delta": 0.400835}}
{"target": 0.8710821960928543, "params": {"C": 50074.35884509552, "gamma": 0.011402765158680103}, "datetime": {"datetime": "2021-10-04 09:46:41", "elapsed": 22.649287, "delta": 0.468509}}
{"target": 0.9102852266969771, "params": {"C": 50063.17410384485, "gamma": 0.08638980190930673}, "datetime": {"datetime": "2021-10-04 09:46:42", "elapsed": 23.041767, "delta": 0.39248}}
{"target": 0.8936062389011581, "params": {"C": 137296.60900214626, "gamma": 0.09106059133542495}, "datetime": {"datetime": "2021-10-04 09:46:42", "elapsed": 23.495635, "delta": 0.453868}}
{"target": 0.8909140581411749, "params": {"C": 387554.36160563125, "gamma": 0.051019931034691615}, "datetime": {"datetime": "2021-10-04 09:46:43", "elapsed": 23.905085, "delta": 0.40945}}
{"target": 0.9225046219217312, "params": {"C": 133823.1747634781, "gamma": 0.04949574669094882}, "datetime": {"datetime": "2021-10-04 09:46:43", "elapsed": 24.29899, "delta": 0.393905}}
{"target": 0.8812220725919951, "params": {"C": 324887.4154606108, "gamma": 0.0727185272919758}, "datetime": {"datetime": "2021-10-04 09:46:43", "elapsed": 24.758933, "delta": 0.459943}}
{"target": 0.9068423734315606, "params": {"C": 50067.16116300028, "gamma": 0.026455349329126694}, "datetime": {"datetime": "2021-10-04 09:46:44", "elapsed": 25.225144, "delta": 0.466211}}
{"target": 0.9033796859431706, "params": {"C": 137313.24742951733, "gamma": 0.07539915159053845}, "datetime": {"datetime": "2021-10-04 09:46:44", "elapsed": 25.677106, "delta": 0.451962}}
{"target": 0.9233585976852592, "params": {"C": 88741.47807951164, "gamma": 0.05634919018164467}, "datetime": {"datetime": "2021-10-04 09:46:45", "elapsed": 26.095334, "delta": 0.418228}}
{"target": 0.8925019372897254, "params": {"C": 228524.29005826762, "gamma": 0.07226422591359875}, "datetime": {"datetime": "2021-10-04 09:46:45", "elapsed": 26.550059, "delta": 0.454725}}
{"target": 0.9158908254579263, "params": {"C": 137283.52720380187, "gamma": 0.05845519374322296}, "datetime": {"datetime": "2021-10-04 09:46:46", "elapsed": 27.026994, "delta": 0.476935}}
{"target": 0.9193949036799998, "params": {"C": 50084.179282727164, "gamma": 0.07016324457396844}, "datetime": {"datetime": "2021-10-04 09:46:46", "elapsed": 27.462999, "delta": 0.436005}}
{"target": 0.9181745964278236, "params": {"C": 137279.92938432953, "gamma": 0.05536239886650545}, "datetime": {"datetime": "2021-10-04 09:46:47", "elapsed": 27.909928, "delta": 0.446929}}
{"target": 0.8821581159993086, "params": {"C": 88730.9888139443, "gamma": 0.015039410606545667}, "datetime": {"datetime": "2021-10-04 09:46:47", "elapsed": 28.376232, "delta": 0.466304}}
{"target": 0.9114399094934277, "params": {"C": 228513.2161347389, "gamma": 0.021000382049902108}, "datetime": {"datetime": "2021-10-04 09:46:47", "elapsed": 28.814396, "delta": 0.438164}}
{"target": 0.9170863925507329, "params": {"C": 50082.071167449125, "gamma": 0.07451923596805855}, "datetime": {"datetime": "2021-10-04 09:46:48", "elapsed": 29.247411, "delta": 0.433015}}
{"target": 0.9080352047251287, "params": {"C": 88742.3192717483, "gamma": 0.08031393700587777}, "datetime": {"datetime": "2021-10-04 09:46:48", "elapsed": 29.699777, "delta": 0.452366}}
{"target": 0.9194818056355599, "params": {"C": 88734.51650268279, "gamma": 0.029345043699926694}, "datetime": {"datetime": "2021-10-04 09:46:49", "elapsed": 30.181518, "delta": 0.481741}}
{"target": 0.8693195117334755, "params": {"C": 137274.97615602938, "gamma": 0.010184650689163702}, "datetime": {"datetime": "2021-10-04 09:46:49", "elapsed": 30.693008, "delta": 0.51149}}
{"target": 0.9250219186680145, "params": {"C": 50080.849709724804, "gamma": 0.05623149691988866}, "datetime": {"datetime": "2021-10-04 09:46:50", "elapsed": 31.191791, "delta": 0.498783}}
{"target": 0.9202184280258013, "params": {"C": 137319.05312337796, "gamma": 0.05244572097617415}, "datetime": {"datetime": "2021-10-04 09:46:50", "elapsed": 31.70273, "delta": 0.510939}}
{"target": 0.8999367772934348, "params": {"C": 88723.95649357443, "gamma": 0.09322983396458961}, "datetime": {"datetime": "2021-10-04 09:46:51", "elapsed": 32.216018, "delta": 0.513288}}
{"target": 0.8636570756727572, "params": {"C": 133841.53814263016, "gamma": 0.005147748450048634}, "datetime": {"datetime": "2021-10-04 09:46:51", "elapsed": 32.720124, "delta": 0.504106}}
{"target": 0.9178009557188782, "params": {"C": 133838.6995095694, "gamma": 0.02585124408655765}, "datetime": {"datetime": "2021-10-04 09:46:52", "elapsed": 33.245542, "delta": 0.525418}}
{"target": 0.8845851256098932, "params": {"C": 50086.37577042679, "gamma": 0.01741301780162796}, "datetime": {"datetime": "2021-10-04 09:46:52", "elapsed": 33.724072, "delta": 0.47853}}
{"target": 0.88454766990266, "params": {"C": 362537.4567860355, "gamma": 0.0616487073548674}, "datetime": {"datetime": "2021-10-04 09:46:53", "elapsed": 34.269615, "delta": 0.545543}}
{"target": 0.8946447759260598, "params": {"C": 137318.27653374715, "gamma": 0.08923204684678525}, "datetime": {"datetime": "2021-10-04 09:46:53", "elapsed": 34.756594, "delta": 0.486979}}
{"target": 0.9143477224302278, "params": {"C": 50047.21494545984, "gamma": 0.07941156946833353}, "datetime": {"datetime": "2021-10-04 09:46:54", "elapsed": 35.207994, "delta": 0.4514}}
{"target": 0.8756440422855089, "params": {"C": 88740.84145951646, "gamma": 0.012950958234162785}, "datetime": {"datetime": "2021-10-04 09:46:54", "elapsed": 35.696927, "delta": 0.488933}}
{"target": 0.8871376604206487, "params": {"C": 244530.5475500098, "gamma": 0.013654569558633794}, "datetime": {"datetime": "2021-10-04 09:46:55", "elapsed": 36.17519, "delta": 0.478263}}
{"target": 0.8974881220794205, "params": {"C": 212865.16686942196, "gamma": 0.068122606592554}, "datetime": {"datetime": "2021-10-04 09:46:55", "elapsed": 36.640892, "delta": 0.465702}}
{"target": 0.9256460037715568, "params": {"C": 137303.21753823213, "gamma": 0.0344174602329103}, "datetime": {"datetime": "2021-10-04 09:46:56", "elapsed": 37.127042, "delta": 0.48615}}
{"target": 0.904211166157434, "params": {"C": 88738.63451187778, "gamma": 0.08627834701938857}, "datetime": {"datetime": "2021-10-04 09:46:56", "elapsed": 37.608288, "delta": 0.481246}}
{"target": 0.8991463431764265, "params": {"C": 133835.58064451325, "gamma": 0.0826451680567901}, "datetime": {"datetime": "2021-10-04 09:46:57", "elapsed": 38.155565, "delta": 0.547277}}
{"target": 0.9087252663617559, "params": {"C": 137302.64305593597, "gamma": 0.021474236756727758}, "datetime": {"datetime": "2021-10-04 09:46:57", "elapsed": 38.680499, "delta": 0.524934}}
{"target": 0.9247258869926689, "params": {"C": 50047.838274248024, "gamma": 0.0425712127911297}, "datetime": {"datetime": "2021-10-04 09:46:58", "elapsed": 39.261242, "delta": 0.580743}}
{"target": 0.9197808844002786, "params": {"C": 139149.4738717518, "gamma": 0.05275408789283186}, "datetime": {"datetime": "2021-10-04 09:46:58", "elapsed": 39.723524, "delta": 0.462282}}
{"target": 0.8879348075238855, "params": {"C": 448816.1231017629, "gamma": 0.04754688755629412}, "datetime": {"datetime": "2021-10-04 09:46:59", "elapsed": 40.272601, "delta": 0.549077}}
{"target": 0.9112958767998122, "params": {"C": 50082.36040091215, "gamma": 0.02883191085799506}, "datetime": {"datetime": "2021-10-04 09:46:59", "elapsed": 40.787243, "delta": 0.514642}}
{"target": 0.9240894932926194, "params": {"C": 172162.02378110867, "gamma": 0.03312693572254682}, "datetime": {"datetime": "2021-10-04 09:47:00", "elapsed": 41.294344, "delta": 0.507101}}
{"target": 0.9209977068823768, "params": {"C": 137303.83659194445, "gamma": 0.0512782606048197}, "datetime": {"datetime": "2021-10-04 09:47:00", "elapsed": 41.77341, "delta": 0.479066}}
{"target": 0.9012147974311678, "params": {"C": 228509.86953826898, "gamma": 0.06069207611974491}, "datetime": {"datetime": "2021-10-04 09:47:01", "elapsed": 42.333966, "delta": 0.560556}}
{"target": 0.9087118030734593, "params": {"C": 387546.52993674047, "gamma": 0.029297844358305614}, "datetime": {"datetime": "2021-10-04 09:47:02", "elapsed": 42.94674, "delta": 0.612774}}
{"target": 0.9056228665003698, "params": {"C": 76863.49494598742, "gamma": 0.08722658478184118}, "datetime": {"datetime": "2021-10-04 09:47:02", "elapsed": 43.437731, "delta": 0.490991}}
{"target": 0.9101255497689063, "params": {"C": 172159.04068308225, "gamma": 0.05942604008847098}, "datetime": {"datetime": "2021-10-04 09:47:03", "elapsed": 44.068107, "delta": 0.630376}}
{"target": 0.926075044241835, "params": {"C": 139147.15702499746, "gamma": 0.03681943686843127}, "datetime": {"datetime": "2021-10-04 09:47:03", "elapsed": 44.64413, "delta": 0.576023}}
{"target": 0.9213021971467851, "params": {"C": 133816.5717349124, "gamma": 0.028361675785730546}, "datetime": {"datetime": "2021-10-04 09:47:04", "elapsed": 45.336316, "delta": 0.692186}}
{"target": 0.87530034130129, "params": {"C": 344846.4535459952, "gamma": 0.08117371934256802}, "datetime": {"datetime": "2021-10-04 09:47:05", "elapsed": 45.848172, "delta": 0.511856}}
{"target": 0.9103980239740682, "params": {"C": 137289.24207935002, "gamma": 0.022123467429006404}, "datetime": {"datetime": "2021-10-04 09:47:05", "elapsed": 46.589286, "delta": 0.741114}}
{"target": 0.9257998713548414, "params": {"C": 133823.92485243827, "gamma": 0.04217667611349018}, "datetime": {"datetime": "2021-10-04 09:47:06", "elapsed": 47.22341, "delta": 0.634124}}
{"target": 0.9227867169851134, "params": {"C": 50054.06487355968, "gamma": 0.06286855605000774}, "datetime": {"datetime": "2021-10-04 09:47:06", "elapsed": 47.794678, "delta": 0.571268}}
{"target": 0.8974076391615105, "params": {"C": 139148.81664200377, "gamma": 0.01782565796498445}, "datetime": {"datetime": "2021-10-04 09:47:07", "elapsed": 48.392595, "delta": 0.597917}}
{"target": 0.8984112459156235, "params": {"C": 244533.3732954268, "gamma": 0.016319274351766323}, "datetime": {"datetime": "2021-10-04 09:47:08", "elapsed": 48.979002, "delta": 0.586407}}
{"target": 0.8859337529953677, "params": {"C": 172157.65156782663, "gamma": 0.09697067783608461}, "datetime": {"datetime": "2021-10-04 09:47:08", "elapsed": 49.63402, "delta": 0.655018}}
{"target": 0.8814488942021581, "params": {"C": 211448.7436271818, "gamma": 0.09729016722135246}, "datetime": {"datetime": "2021-10-04 09:47:09", "elapsed": 50.158021, "delta": 0.524001}}
{"target": 0.8798876304633119, "params": {"C": 377246.477648525, "gamma": 0.06622161690772124}, "datetime": {"datetime": "2021-10-04 09:47:10", "elapsed": 50.877515, "delta": 0.719494}}
{"target": 0.9229189196048544, "params": {"C": 50084.79908481267, "gamma": 0.06254230916985559}, "datetime": {"datetime": "2021-10-04 09:47:10", "elapsed": 51.552838, "delta": 0.675323}}
{"target": 0.8669588858187233, "params": {"C": 438785.0904694113, "gamma": 0.08442059158547524}, "datetime": {"datetime": "2021-10-04 09:47:11", "elapsed": 52.044232, "delta": 0.491394}}
{"target": 0.918626461842123, "params": {"C": 246388.01339473593, "gamma": 0.03548916607615654}, "datetime": {"datetime": "2021-10-04 09:47:11", "elapsed": 52.639972, "delta": 0.59574}}
{"target": 0.9187948242672814, "params": {"C": 117188.90973824286, "gamma": 0.058280678897912046}, "datetime": {"datetime": "2021-10-04 09:47:12", "elapsed": 53.367306, "delta": 0.727334}}
{"target": 0.896077279642333, "params": {"C": 137290.46465686665, "gamma": 0.08679191897108748}, "datetime": {"datetime": "2021-10-04 09:47:13", "elapsed": 53.958981, "delta": 0.591675}}
{"target": 0.9252298878514453, "params": {"C": 50056.712484285934, "gamma": 0.04409031232156889}, "datetime": {"datetime": "2021-10-04 09:47:13", "elapsed": 54.600616, "delta": 0.641635}}
{"target": 0.9218715957219865, "params": {"C": 139147.78617204318, "gamma": 0.02874725864641355}, "datetime": {"datetime": "2021-10-04 09:47:14", "elapsed": 55.365453, "delta": 0.764837}}
{"target": 0.9258416229259446, "params": {"C": 88735.22998883214, "gamma": 0.05104520718868877}, "datetime": {"datetime": "2021-10-04 09:47:15", "elapsed": 56.050305, "delta": 0.684852}}
{"target": 0.9267120275694967, "params": {"C": 107054.60586848161, "gamma": 0.04512357124861209}, "datetime": {"datetime": "2021-10-04 09:47:16", "elapsed": 56.901851, "delta": 0.851546}}
{"target": 0.923188494705157, "params": {"C": 117181.45678383748, "gamma": 0.0513955636629975}, "datetime": {"datetime": "2021-10-04 09:47:16", "elapsed": 57.701808, "delta": 0.799957}}
{"target": 0.8960041094056524, "params": {"C": 137279.0868250351, "gamma": 0.08691793529881035}, "datetime": {"datetime": "2021-10-04 09:47:17", "elapsed": 58.372766, "delta": 0.670958}}
{"target": 0.9188131346488196, "params": {"C": 107059.29121397118, "gamma": 0.06024946038633868}, "datetime": {"datetime": "2021-10-04 09:47:18", "elapsed": 58.978443, "delta": 0.605677}}
{"target": 0.9259239515747006, "params": {"C": 50056.08395162767, "gamma": 0.05031606845664781}, "datetime": {"datetime": "2021-10-04 09:47:19", "elapsed": 59.975606, "delta": 0.997163}}
{"target": 0.9246898160130602, "params": {"C": 88728.20224093182, "gamma": 0.05371188509687246}, "datetime": {"datetime": "2021-10-04 09:47:19", "elapsed": 60.638821, "delta": 0.663215}}
{"target": 0.9136154143808297, "params": {"C": 137282.33921170607, "gamma": 0.06146589045883157}, "datetime": {"datetime": "2021-10-04 09:47:20", "elapsed": 61.651589, "delta": 1.012768}}
{"target": 0.9037756678197597, "params": {"C": 117180.42606670652, "gamma": 0.07960542912558954}, "datetime": {"datetime": "2021-10-04 09:47:21", "elapsed": 62.393184, "delta": 0.741595}}
{"target": 0.9125516499246903, "params": {"C": 246392.9387023223, "gamma": 0.04503648689898697}, "datetime": {"datetime": "2021-10-04 09:47:22", "elapsed": 63.203701, "delta": 0.810517}}
{"target": 0.8578855785584519, "params": {"C": 133822.42088772895, "gamma": 0.003480040307365715}, "datetime": {"datetime": "2021-10-04 09:47:23", "elapsed": 64.116378, "delta": 0.912677}}
{"target": 0.9229383570683565, "params": {"C": 107054.107796547, "gamma": 0.053720245318205295}, "datetime": {"datetime": "2021-10-04 09:47:23", "elapsed": 64.729791, "delta": 0.613413}}
{"target": 0.884899908547616, "params": {"C": 223690.61675093652, "gamma": 0.08661843282032576}, "datetime": {"datetime": "2021-10-04 09:47:24", "elapsed": 65.312313, "delta": 0.582522}}
{"target": 0.9025659192083721, "params": {"C": 128196.14571252109, "gamma": 0.07874365223370218}, "datetime": {"datetime": "2021-10-04 09:47:25", "elapsed": 65.912092, "delta": 0.599779}}
{"target": 0.8993263850580657, "params": {"C": 139150.5342619181, "gamma": 0.08106517822991839}, "datetime": {"datetime": "2021-10-04 09:47:25", "elapsed": 66.630459, "delta": 0.718367}}
{"target": 0.9206939373759924, "params": {"C": 217195.37917334007, "gamma": 0.036885698796712295}, "datetime": {"datetime": "2021-10-04 09:47:26", "elapsed": 67.216313, "delta": 0.585854}}
{"target": 0.8621036851473971, "params": {"C": 341397.6579686368, "gamma": 0.002736606074202794}, "datetime": {"datetime": "2021-10-04 09:47:26", "elapsed": 67.810138, "delta": 0.593825}}
{"target": 0.867514109330289, "params": {"C": 172161.63799795805, "gamma": 0.009355914887511408}, "datetime": {"datetime": "2021-10-04 09:47:27", "elapsed": 68.502581, "delta": 0.692443}}
{"target": 0.8889322606140873, "params": {"C": 137321.223799569, "gamma": 0.015647011852578965}, "datetime": {"datetime": "2021-10-04 09:47:28", "elapsed": 69.123962, "delta": 0.621381}}
{"target": 0.8701761096252868, "params": {"C": 490450.4997325168, "gamma": 0.06567549888510371}, "datetime": {"datetime": "2021-10-04 09:47:28", "elapsed": 69.719364, "delta": 0.595402}}
{"target": 0.8607280196551603, "params": {"C": 488922.847415064, "gamma": 0.004969427327025131}, "datetime": {"datetime": "2021-10-04 09:47:29", "elapsed": 70.441882, "delta": 0.722518}}
{"target": 0.9141699493957257, "params": {"C": 246394.75316786717, "gamma": 0.022562618233257843}, "datetime": {"datetime": "2021-10-04 09:47:30", "elapsed": 71.209262, "delta": 0.76738}}
{"target": 0.8635940503302036, "params": {"C": 446934.13418770226, "gamma": 0.002750963096124915}, "datetime": {"datetime": "2021-10-04 09:47:30", "elapsed": 71.83799, "delta": 0.628728}}
{"target": 0.8671673989402795, "params": {"C": 107053.6509317155, "gamma": 0.009042587143372645}, "datetime": {"datetime": "2021-10-04 09:47:31", "elapsed": 72.478289, "delta": 0.640299}}
{"target": 0.907071793370932, "params": {"C": 387544.712213786, "gamma": 0.019753208456206418}, "datetime": {"datetime": "2021-10-04 09:47:32", "elapsed": 73.256149, "delta": 0.77786}}
{"target": 0.8677602628074006, "params": {"C": 50097.07598011943, "gamma": 0.009354890125909943}, "datetime": {"datetime": "2021-10-04 09:47:33", "elapsed": 74.115547, "delta": 0.859398}}
{"target": 0.9231089412652134, "params": {"C": 139145.51213303325, "gamma": 0.04745573048620227}, "datetime": {"datetime": "2021-10-04 09:47:33", "elapsed": 74.763088, "delta": 0.647541}}
