{"target": -25.090289713838775, "params": {"C": 1635.6875511001435, "gamma": 0.3754595293169512}, "datetime": {"datetime": "2021-06-28 16:17:09", "elapsed": 36.380807, "delta": 0.484003}}
{"target": -20.761476362847255, "params": {"C": 1034.0888283851027, "gamma": 0.1735989853393308}, "datetime": {"datetime": "2021-06-28 16:17:10", "elapsed": 36.941806, "delta": 0.560999}}
{"target": -48.6136429352876, "params": {"C": 8064.053899957475, "gamma": 7.748140754361195}, "datetime": {"datetime": "2021-06-28 16:17:10", "elapsed": 37.354811, "delta": 0.413005}}
{"target": -46.98823172812505, "params": {"C": 6871.469764144677, "gamma": 5.294546169416687}, "datetime": {"datetime": "2021-06-28 16:17:11", "elapsed": 37.868003, "delta": 0.513192}}
{"target": -36.04531275384404, "params": {"C": 1586.4196492145918, "gamma": 1.4501752465909215}, "datetime": {"datetime": "2021-06-28 16:17:11", "elapsed": 38.417002, "delta": 0.548999}}
{"target": -26.89143514636669, "params": {"C": 1636.425291389368, "gamma": 0.5121610597999353}, "datetime": {"datetime": "2021-06-28 16:17:12", "elapsed": 38.993614, "delta": 0.576612}}
{"target": -23.369337260735623, "params": {"C": 1035.4519696595403, "gamma": 0.2814111649728605}, "datetime": {"datetime": "2021-06-28 16:17:13", "elapsed": 39.75785, "delta": 0.764236}}
{"target": -16.888348126545196, "params": {"C": 3973.80312587286, "gamma": 0.06000633335523408}, "datetime": {"datetime": "2021-06-28 16:17:13", "elapsed": 40.375832, "delta": 0.617982}}
{"target": -29.742115798994362, "params": {"C": 1584.9302919137222, "gamma": 0.7543358517847372}, "datetime": {"datetime": "2021-06-28 16:17:14", "elapsed": 41.135525, "delta": 0.759693}}
{"target": -16.627430706976913, "params": {"C": 1636.0178811965307, "gamma": 0.05299784576766983}, "datetime": {"datetime": "2021-06-28 16:17:15", "elapsed": 41.715017, "delta": 0.579492}}
{"target": -26.05006320922324, "params": {"C": 3974.005208219709, "gamma": 0.3894729827766931}, "datetime": {"datetime": "2021-06-28 16:17:15", "elapsed": 42.257017, "delta": 0.542}}
{"target": -16.60216719772202, "params": {"C": 1578.1642220697308, "gamma": 0.0493322648601224}, "datetime": {"datetime": "2021-06-28 16:17:16", "elapsed": 42.82002, "delta": 0.563003}}
{"target": -30.266447727753842, "params": {"C": 6735.422499848034, "gamma": 0.7223668813527685}, "datetime": {"datetime": "2021-06-28 16:17:16", "elapsed": 43.31802, "delta": 0.498}}
{"target": -16.5991776775863, "params": {"C": 1581.6966082952977, "gamma": 0.039097380662236385}, "datetime": {"datetime": "2021-06-28 16:17:17", "elapsed": 43.951015, "delta": 0.632995}}
{"target": -29.98764866083688, "params": {"C": 1038.1343070163202, "gamma": 0.7821671021235261}, "datetime": {"datetime": "2021-06-28 16:17:17", "elapsed": 44.520016, "delta": 0.569001}}
{"target": -42.42833410845969, "params": {"C": 1039.9707937764038, "gamma": 3.5761816335940684}, "datetime": {"datetime": "2021-06-28 16:17:18", "elapsed": 45.056708, "delta": 0.536692}}
{"target": -40.30308979534838, "params": {"C": 1416.9863324450816, "gamma": 2.3814835697220635}, "datetime": {"datetime": "2021-06-28 16:17:18", "elapsed": 45.571438, "delta": 0.51473}}
{"target": -17.507571579222514, "params": {"C": 1035.0763301664538, "gamma": 0.02124348152740025}, "datetime": {"datetime": "2021-06-28 16:17:19", "elapsed": 46.195833, "delta": 0.624395}}
{"target": -47.2199021262046, "params": {"C": 3746.8414118229666, "gamma": 6.7832812107031755}, "datetime": {"datetime": "2021-06-28 16:17:20", "elapsed": 46.786834, "delta": 0.591001}}
{"target": -23.619491990112007, "params": {"C": 1582.4750785202432, "gamma": 0.28553569640858484}, "datetime": {"datetime": "2021-06-28 16:17:20", "elapsed": 47.468838, "delta": 0.682004}}
{"target": -18.582492910146474, "params": {"C": 1034.4719254472284, "gamma": 0.11076914688502083}, "datetime": {"datetime": "2021-06-28 16:17:21", "elapsed": 48.151611, "delta": 0.682773}}
{"target": -23.29614814284374, "params": {"C": 1582.7744859100544, "gamma": 0.2687352023214463}, "datetime": {"datetime": "2021-06-28 16:17:22", "elapsed": 48.669609, "delta": 0.517998}}
{"target": -17.70207405967889, "params": {"C": 1037.8474088394241, "gamma": 0.01843975137722252}, "datetime": {"datetime": "2021-06-28 16:17:22", "elapsed": 49.342422, "delta": 0.672813}}
{"target": -26.759425658387137, "params": {"C": 1035.1278804803483, "gamma": 0.5072669311229133}, "datetime": {"datetime": "2021-06-28 16:17:23", "elapsed": 49.957929, "delta": 0.615507}}
{"target": -45.34875564438459, "params": {"C": 2141.4774309848167, "gamma": 5.232457960094851}, "datetime": {"datetime": "2021-06-28 16:17:23", "elapsed": 50.461926, "delta": 0.503997}}
{"target": -33.72444747726768, "params": {"C": 3973.6657164193884, "gamma": 1.0860261878355422}, "datetime": {"datetime": "2021-06-28 16:17:24", "elapsed": 51.110546, "delta": 0.64862}}
{"target": -27.313134903018017, "params": {"C": 1033.6944505627064, "gamma": 0.5512734955110463}, "datetime": {"datetime": "2021-06-28 16:17:25", "elapsed": 51.66141, "delta": 0.550864}}
{"target": -43.31753850830266, "params": {"C": 2860.4174067885892, "gamma": 3.2518998774569967}, "datetime": {"datetime": "2021-06-28 16:17:25", "elapsed": 52.156331, "delta": 0.494921}}
{"target": -23.70646849013838, "params": {"C": 1034.5040937221643, "gamma": 0.2995060675631109}, "datetime": {"datetime": "2021-06-28 16:17:26", "elapsed": 52.768327, "delta": 0.611996}}
{"target": -16.85896471555644, "params": {"C": 1033.5382444844872, "gamma": 0.04538131176693223}, "datetime": {"datetime": "2021-06-28 16:17:26", "elapsed": 53.481332, "delta": 0.713005}}
{"target": -16.65943788344622, "params": {"C": 1579.8243175639263, "gamma": 0.03453943812914303}, "datetime": {"datetime": "2021-06-28 16:17:27", "elapsed": 54.120496, "delta": 0.639164}}
{"target": -44.82694506018635, "params": {"C": 785.0272232681705, "gamma": 8.711046282531246}, "datetime": {"datetime": "2021-06-28 16:17:27", "elapsed": 54.601496, "delta": 0.481}}
{"target": -18.238785655864515, "params": {"C": 1577.8000111533568, "gamma": 0.10419545665347721}, "datetime": {"datetime": "2021-06-28 16:17:28", "elapsed": 55.243178, "delta": 0.641682}}
{"target": -40.31133844311612, "params": {"C": 1580.416063581962, "gamma": 2.345312443779167}, "datetime": {"datetime": "2021-06-28 16:17:29", "elapsed": 55.896788, "delta": 0.65361}}
{"target": -18.44340610663217, "params": {"C": 1032.1664520837953, "gamma": 0.011403047843346814}, "datetime": {"datetime": "2021-06-28 16:17:29", "elapsed": 56.423796, "delta": 0.527008}}
{"target": -48.53982128784779, "params": {"C": 6621.100543890562, "gamma": 8.100257133659136}, "datetime": {"datetime": "2021-06-28 16:17:30", "elapsed": 56.921795, "delta": 0.497999}}
{"target": -17.1023166257755, "params": {"C": 1037.5873303001981, "gamma": 0.06550855275688708}, "datetime": {"datetime": "2021-06-28 16:17:31", "elapsed": 57.706616, "delta": 0.784821}}
{"target": -21.837617289687767, "params": {"C": 3974.3531353162725, "gamma": 0.17010705648704344}, "datetime": {"datetime": "2021-06-28 16:17:31", "elapsed": 58.498615, "delta": 0.791999}}
{"target": -24.931421428664606, "params": {"C": 1032.089617815589, "gamma": 0.37417151930235937}, "datetime": {"datetime": "2021-06-28 16:17:32", "elapsed": 59.193393, "delta": 0.694778}}
{"target": -16.718419699599842, "params": {"C": 1577.710821140371, "gamma": 0.03179573297863374}, "datetime": {"datetime": "2021-06-28 16:17:33", "elapsed": 59.792336, "delta": 0.598943}}
{"target": -31.3926340828365, "params": {"C": 1579.3258594295094, "gamma": 0.9073661553027784}, "datetime": {"datetime": "2021-06-28 16:17:33", "elapsed": 60.44606, "delta": 0.653724}}
{"target": -23.8744992402783, "params": {"C": 1577.2973124710209, "gamma": 0.29974230741623076}, "datetime": {"datetime": "2021-06-28 16:17:34", "elapsed": 61.166057, "delta": 0.719997}}
{"target": -48.217566511995955, "params": {"C": 3715.9948612141816, "gamma": 9.726553237791022}, "datetime": {"datetime": "2021-06-28 16:17:35", "elapsed": 61.760889, "delta": 0.594832}}
{"target": -20.228313037647318, "params": {"C": 1579.669856537454, "gamma": 0.15506631802412343}, "datetime": {"datetime": "2021-06-28 16:17:35", "elapsed": 62.545892, "delta": 0.785003}}
{"target": -17.96671618111561, "params": {"C": 1036.791075232896, "gamma": 0.015412055689328703}, "datetime": {"datetime": "2021-06-28 16:17:36", "elapsed": 63.226893, "delta": 0.681001}}
{"target": -27.046584286986032, "params": {"C": 1038.1367665107655, "gamma": 0.5299374579939988}, "datetime": {"datetime": "2021-06-28 16:17:37", "elapsed": 63.790688, "delta": 0.563795}}
{"target": -44.29747515488058, "params": {"C": 4476.894513929805, "gamma": 3.4902703949576144}, "datetime": {"datetime": "2021-06-28 16:17:37", "elapsed": 64.398283, "delta": 0.607595}}
{"target": -25.710716740825863, "params": {"C": 3973.2186410800855, "gamma": 0.3613945996522213}, "datetime": {"datetime": "2021-06-28 16:17:38", "elapsed": 65.139279, "delta": 0.740996}}
{"target": -38.20365883592915, "params": {"C": 6531.536279214533, "gamma": 1.6080906528253698}, "datetime": {"datetime": "2021-06-28 16:17:38", "elapsed": 65.64997, "delta": 0.510691}}
{"target": -48.512182281346085, "params": {"C": 8638.3826095471, "gamma": 7.360243181428873}, "datetime": {"datetime": "2021-06-28 16:17:39", "elapsed": 66.267037, "delta": 0.617067}}
{"target": -25.29739598478878, "params": {"C": 3974.4111890044414, "gamma": 0.3290175679340062}, "datetime": {"datetime": "2021-06-28 16:17:40", "elapsed": 66.92204, "delta": 0.655003}}
{"target": -22.255495539783105, "params": {"C": 1581.8438851557023, "gamma": 0.22213172857095076}, "datetime": {"datetime": "2021-06-28 16:17:40", "elapsed": 67.564039, "delta": 0.641999}}
{"target": -25.143976758191116, "params": {"C": 1583.1915842006017, "gamma": 0.380439177897062}, "datetime": {"datetime": "2021-06-28 16:17:41", "elapsed": 68.251707, "delta": 0.687668}}
{"target": -22.257737220192674, "params": {"C": 1037.3507050415114, "gamma": 0.22910676671665148}, "datetime": {"datetime": "2021-06-28 16:17:42", "elapsed": 69.01392, "delta": 0.762213}}
{"target": -26.59558291368167, "params": {"C": 1581.5667857953783, "gamma": 0.48954961841035594}, "datetime": {"datetime": "2021-06-28 16:17:42", "elapsed": 69.647617, "delta": 0.633697}}
{"target": -46.50223048641281, "params": {"C": 9412.20030279764, "gamma": 4.526974996672341}, "datetime": {"datetime": "2021-06-28 16:17:43", "elapsed": 70.227485, "delta": 0.579868}}
{"target": -25.107799954140557, "params": {"C": 1636.1889968976363, "gamma": 0.3766700550033293}, "datetime": {"datetime": "2021-06-28 16:17:44", "elapsed": 70.991113, "delta": 0.763628}}
{"target": -45.07653885611161, "params": {"C": 5021.487224115713, "gamma": 3.8926521522134787}, "datetime": {"datetime": "2021-06-28 16:17:44", "elapsed": 71.517113, "delta": 0.526}}
{"target": -24.07576147366122, "params": {"C": 1577.8903942905768, "gamma": 0.3113716505647263}, "datetime": {"datetime": "2021-06-28 16:17:45", "elapsed": 72.340908, "delta": 0.823795}}
{"target": -31.217686011619616, "params": {"C": 1580.5537525384302, "gamma": 0.8905118432755726}, "datetime": {"datetime": "2021-06-28 16:17:46", "elapsed": 73.070904, "delta": 0.729996}}
{"target": -27.134489745467818, "params": {"C": 1638.0002194452734, "gamma": 0.5317679401424378}, "datetime": {"datetime": "2021-06-28 16:17:47", "elapsed": 73.74279, "delta": 0.671886}}
{"target": -23.33049532056443, "params": {"C": 1580.5542568792962, "gamma": 0.27051379397879993}, "datetime": {"datetime": "2021-06-28 16:17:47", "elapsed": 74.478712, "delta": 0.735922}}
{"target": -20.144481018002544, "params": {"C": 1032.2310187469225, "gamma": 0.15432424093048747}, "datetime": {"datetime": "2021-06-28 16:17:48", "elapsed": 75.143332, "delta": 0.66462}}
{"target": -48.04404715543918, "params": {"C": 3982.5956536870617, "gamma": 8.649678220960144}, "datetime": {"datetime": "2021-06-28 16:17:49", "elapsed": 75.68993, "delta": 0.546598}}
{"target": -46.487124868765406, "params": {"C": 1902.9382844060149, "gamma": 7.855041270855401}, "datetime": {"datetime": "2021-06-28 16:17:49", "elapsed": 76.2349, "delta": 0.54497}}
{"target": -23.175883262833686, "params": {"C": 1577.054080778488, "gamma": 0.2629109351365551}, "datetime": {"datetime": "2021-06-28 16:17:50", "elapsed": 76.952897, "delta": 0.717997}}
{"target": -44.360901279174456, "params": {"C": 3841.143813108295, "gamma": 3.6311932422136945}, "datetime": {"datetime": "2021-06-28 16:17:50", "elapsed": 77.529897, "delta": 0.577}}
{"target": -23.328850203679572, "params": {"C": 6545.993440205868, "gamma": 0.18523934021500918}, "datetime": {"datetime": "2021-06-28 16:17:51", "elapsed": 78.108845, "delta": 0.578948}}
{"target": -17.48010766494373, "params": {"C": 1582.5751342102612, "gamma": 0.016502207322900937}, "datetime": {"datetime": "2021-06-28 16:17:52", "elapsed": 78.761841, "delta": 0.652996}}
{"target": -27.245740812637898, "params": {"C": 1580.7893488737434, "gamma": 0.5417728986030852}, "datetime": {"datetime": "2021-06-28 16:17:52", "elapsed": 79.4722, "delta": 0.710359}}
{"target": -48.196979996185384, "params": {"C": 9792.033105285922, "gamma": 6.536345796587738}, "datetime": {"datetime": "2021-06-28 16:17:53", "elapsed": 80.140103, "delta": 0.667903}}
{"target": -17.26416469291792, "params": {"C": 6545.961119374657, "gamma": 0.011879248272100478}, "datetime": {"datetime": "2021-06-28 16:17:54", "elapsed": 80.936738, "delta": 0.796635}}
{"target": -27.80555948087272, "params": {"C": 3974.602306275086, "gamma": 0.5414733387622902}, "datetime": {"datetime": "2021-06-28 16:17:55", "elapsed": 81.849455, "delta": 0.912717}}
{"target": -18.9439887303251, "params": {"C": 1031.802693917452, "gamma": 0.12046567688547258}, "datetime": {"datetime": "2021-06-28 16:17:56", "elapsed": 82.744456, "delta": 0.895001}}
{"target": -22.061685075380538, "params": {"C": 1034.5178172626129, "gamma": 0.22097022146917508}, "datetime": {"datetime": "2021-06-28 16:17:56", "elapsed": 83.543452, "delta": 0.798996}}
{"target": -16.585542396553866, "params": {"C": 1577.5799161326136, "gamma": 0.046523369743720885}, "datetime": {"datetime": "2021-06-28 16:17:57", "elapsed": 84.43886, "delta": 0.895408}}
{"target": -17.06928477405794, "params": {"C": 1582.3521321578835, "gamma": 0.07235136572935198}, "datetime": {"datetime": "2021-06-28 16:17:58", "elapsed": 85.180681, "delta": 0.741821}}
{"target": -24.899568137456864, "params": {"C": 1031.4556000628208, "gamma": 0.3720628281137209}, "datetime": {"datetime": "2021-06-28 16:17:59", "elapsed": 85.853715, "delta": 0.673034}}
{"target": -46.553930802633865, "params": {"C": 9341.398058477436, "gamma": 4.577055794705955}, "datetime": {"datetime": "2021-06-28 16:17:59", "elapsed": 86.429715, "delta": 0.576}}
{"target": -16.589369815353276, "params": {"C": 1583.1740542762313, "gamma": 0.04038753542821244}, "datetime": {"datetime": "2021-06-28 16:18:00", "elapsed": 87.057709, "delta": 0.627994}}
{"target": -26.84746714097332, "params": {"C": 1581.4537351560948, "gamma": 0.5095968007657312}, "datetime": {"datetime": "2021-06-28 16:18:01", "elapsed": 87.742707, "delta": 0.684998}}
{"target": -27.450617721559862, "params": {"C": 1579.740187608744, "gamma": 0.5585382598332188}, "datetime": {"datetime": "2021-06-28 16:18:01", "elapsed": 88.506714, "delta": 0.764007}}
{"target": -38.45686500451148, "params": {"C": 1197.2600308856422, "gamma": 1.929364335534476}, "datetime": {"datetime": "2021-06-28 16:18:02", "elapsed": 89.123706, "delta": 0.616992}}
{"target": -26.386780459400523, "params": {"C": 1580.2982919235321, "gamma": 0.47315424271254364}, "datetime": {"datetime": "2021-06-28 16:18:03", "elapsed": 89.922704, "delta": 0.798998}}
{"target": -17.85670233282386, "params": {"C": 1583.1779080886229, "gamma": 0.09460592255885394}, "datetime": {"datetime": "2021-06-28 16:18:03", "elapsed": 90.645743, "delta": 0.723039}}
{"target": -23.132344801770145, "params": {"C": 1578.4608462543636, "gamma": 0.26076374683043907}, "datetime": {"datetime": "2021-06-28 16:18:04", "elapsed": 91.42471, "delta": 0.778967}}
{"target": -19.01034655352882, "params": {"C": 1580.4218491020868, "gamma": 0.1232194319168958}, "datetime": {"datetime": "2021-06-28 16:18:05", "elapsed": 92.273743, "delta": 0.849033}}
{"target": -26.802614272024005, "params": {"C": 9304.257514667273, "gamma": 0.3737105941608573}, "datetime": {"datetime": "2021-06-28 16:18:06", "elapsed": 92.897744, "delta": 0.624001}}
{"target": -19.195879112385192, "params": {"C": 1638.5097640168774, "gamma": 0.1276059232770145}, "datetime": {"datetime": "2021-06-28 16:18:06", "elapsed": 93.59671, "delta": 0.698966}}
{"target": -17.673997942208224, "params": {"C": 1583.5938756640398, "gamma": 0.08986756323015999}, "datetime": {"datetime": "2021-06-28 16:18:07", "elapsed": 94.403714, "delta": 0.807004}}
{"target": -26.49784739189916, "params": {"C": 6545.619141296431, "gamma": 0.3808016356697347}, "datetime": {"datetime": "2021-06-28 16:18:08", "elapsed": 95.130707, "delta": 0.726993}}
{"target": -26.52631763496624, "params": {"C": 1583.203618938534, "gamma": 0.48405260425549024}, "datetime": {"datetime": "2021-06-28 16:18:09", "elapsed": 96.079772, "delta": 0.949065}}
{"target": -26.929776658696692, "params": {"C": 1636.7060389487096, "gamma": 0.5152399838781749}, "datetime": {"datetime": "2021-06-28 16:18:10", "elapsed": 96.787778, "delta": 0.708006}}
{"target": -25.04762402655366, "params": {"C": 1034.867257684392, "gamma": 0.3819351283865387}, "datetime": {"datetime": "2021-06-28 16:18:10", "elapsed": 97.627777, "delta": 0.839999}}
{"target": -17.19952603501928, "params": {"C": 1035.380813491015, "gamma": 0.027157818095524755}, "datetime": {"datetime": "2021-06-28 16:18:11", "elapsed": 98.380412, "delta": 0.752635}}
{"target": -17.298354052379004, "params": {"C": 1037.3020011654512, "gamma": 0.0732780713667245}, "datetime": {"datetime": "2021-06-28 16:18:12", "elapsed": 99.122185, "delta": 0.741773}}
{"target": -34.96067368781807, "params": {"C": 7817.052192615965, "gamma": 1.1691008839134047}, "datetime": {"datetime": "2021-06-28 16:18:13", "elapsed": 99.757181, "delta": 0.634996}}
{"target": -24.19126319343863, "params": {"C": 1034.0433019872928, "gamma": 0.32741073518898633}, "datetime": {"datetime": "2021-06-28 16:18:13", "elapsed": 100.591932, "delta": 0.834751}}
{"target": -20.341736334331966, "params": {"C": 3973.631951303787, "gamma": 0.13510280535129646}, "datetime": {"datetime": "2021-06-28 16:18:14", "elapsed": 101.452548, "delta": 0.860616}}
{"target": -22.684746464209557, "params": {"C": 1037.151007500918, "gamma": 0.24791723527261725}, "datetime": {"datetime": "2021-06-28 16:18:15", "elapsed": 102.316156, "delta": 0.863608}}
{"target": -44.16250797099529, "params": {"C": 3626.5319537022774, "gamma": 3.554035929255847}, "datetime": {"datetime": "2021-06-28 16:18:16", "elapsed": 103.089162, "delta": 0.773006}}
{"target": -19.864228951412244, "params": {"C": 1030.6044095863906, "gamma": 0.1460611878313267}, "datetime": {"datetime": "2021-06-28 16:18:17", "elapsed": 103.990744, "delta": 0.901582}}
{"target": -47.80758326868524, "params": {"C": 3903.466779174726, "gamma": 8.022367566166785}, "datetime": {"datetime": "2021-06-28 16:18:18", "elapsed": 104.652744, "delta": 0.662}}
{"target": -21.855589127120616, "params": {"C": 1579.6675555088216, "gamma": 0.20685390189460878}, "datetime": {"datetime": "2021-06-28 16:18:18", "elapsed": 105.420359, "delta": 0.767615}}
{"target": -27.548459486382853, "params": {"C": 1576.7276640053174, "gamma": 0.5666293996296329}, "datetime": {"datetime": "2021-06-28 16:18:19", "elapsed": 106.452962, "delta": 1.032603}}
{"target": -35.65228991303367, "params": {"C": 9079.56393245152, "gamma": 1.23722165992946}, "datetime": {"datetime": "2021-06-28 16:18:20", "elapsed": 107.130966, "delta": 0.678004}}
{"target": -25.57015617103605, "params": {"C": 1030.243183809519, "gamma": 0.41815768972548034}, "datetime": {"datetime": "2021-06-28 16:18:21", "elapsed": 108.132878, "delta": 1.001912}}
{"target": -23.106255730282086, "params": {"C": 1636.467467508062, "gamma": 0.25822716448143224}, "datetime": {"datetime": "2021-06-28 16:18:22", "elapsed": 108.939872, "delta": 0.806994}}
{"target": -20.93730366345174, "params": {"C": 1579.5983872132833, "gamma": 0.17589545057225572}, "datetime": {"datetime": "2021-06-28 16:18:23", "elapsed": 109.797528, "delta": 0.857656}}
{"target": -28.091334607471186, "params": {"C": 3976.192693299208, "gamma": 0.5662727324263762}, "datetime": {"datetime": "2021-06-28 16:18:23", "elapsed": 110.563153, "delta": 0.765625}}
{"target": -17.17284741170658, "params": {"C": 1038.031105307186, "gamma": 0.027752192699934522}, "datetime": {"datetime": "2021-06-28 16:18:24", "elapsed": 111.585335, "delta": 1.022182}}
{"target": -48.417835068376206, "params": {"C": 7837.072801432974, "gamma": 7.360801694674299}, "datetime": {"datetime": "2021-06-28 16:18:25", "elapsed": 112.448772, "delta": 0.863437}}
{"target": -20.431212921613415, "params": {"C": 1585.1340244962698, "gamma": 0.1607577795619396}, "datetime": {"datetime": "2021-06-28 16:18:26", "elapsed": 113.387769, "delta": 0.938997}}
{"target": -37.904615997867296, "params": {"C": 5840.139209363565, "gamma": 1.5739930567043103}, "datetime": {"datetime": "2021-06-28 16:18:27", "elapsed": 114.164006, "delta": 0.776237}}
{"target": -21.300877725994802, "params": {"C": 3976.885858366971, "gamma": 0.15652639684688716}, "datetime": {"datetime": "2021-06-28 16:18:28", "elapsed": 115.403663, "delta": 1.239657}}
{"target": -26.991204148466807, "params": {"C": 1031.2803499670815, "gamma": 0.5254944811414646}, "datetime": {"datetime": "2021-06-28 16:18:29", "elapsed": 116.304288, "delta": 0.900625}}
{"target": -24.4339673783617, "params": {"C": 1580.011301161521, "gamma": 0.33317966315773434}, "datetime": {"datetime": "2021-06-28 16:18:30", "elapsed": 117.350292, "delta": 1.046004}}
