{"target": -16.513615800927262, "params": {"C": 3013.9989953790373, "gamma": 0.03557669584782281}, "datetime": {"datetime": "2021-06-28 15:44:01", "elapsed": 13.963542, "delta": 0.338998}}
{"target": -17.030329291594377, "params": {"C": 2996.147190351251, "gamma": 0.06903442958859175}, "datetime": {"datetime": "2021-06-28 15:44:02", "elapsed": 14.319121, "delta": 0.355579}}
{"target": -17.733119311994486, "params": {"C": 2969.0765946093798, "gamma": 0.01}, "datetime": {"datetime": "2021-06-28 15:44:02", "elapsed": 14.668931, "delta": 0.34981}}
{"target": -17.218077095691005, "params": {"C": 9545.000430057706, "gamma": 0.04707647279168357}, "datetime": {"datetime": "2021-06-28 15:44:02", "elapsed": 15.052661, "delta": 0.38373}}
{"target": -18.78048096134147, "params": {"C": 9519.038660688164, "gamma": 0.08375223287372249}, "datetime": {"datetime": "2021-06-28 15:44:03", "elapsed": 15.386734, "delta": 0.334073}}
{"target": -17.11459255651759, "params": {"C": 943.1490498813207, "gamma": 0.03237098345054044}, "datetime": {"datetime": "2021-06-28 15:44:03", "elapsed": 15.763638, "delta": 0.376904}}
{"target": -16.98354622657057, "params": {"C": 919.5175321759538, "gamma": 0.05048235412064239}, "datetime": {"datetime": "2021-06-28 15:44:03", "elapsed": 16.138595, "delta": 0.374957}}
{"target": -18.18943593345385, "params": {"C": 898.6253265123964, "gamma": 0.0975431013112244}, "datetime": {"datetime": "2021-06-28 15:44:04", "elapsed": 16.533246, "delta": 0.394651}}
{"target": -18.826201742975147, "params": {"C": 9614.604543996664, "gamma": 0.08424554591163007}, "datetime": {"datetime": "2021-06-28 15:44:04", "elapsed": 16.86282, "delta": 0.329574}}
{"target": -17.603793555870816, "params": {"C": 1044.0795831539936, "gamma": 0.08349642147758522}, "datetime": {"datetime": "2021-06-28 15:44:05", "elapsed": 17.277445, "delta": 0.414625}}
{"target": -16.857535336073706, "params": {"C": 1086.5490122066892, "gamma": 0.05316593696580516}, "datetime": {"datetime": "2021-06-28 15:44:05", "elapsed": 17.710385, "delta": 0.43294}}
{"target": -18.123895686389275, "params": {"C": 1107.9283614779688, "gamma": 0.013290264568143823}, "datetime": {"datetime": "2021-06-28 15:44:05", "elapsed": 18.14938, "delta": 0.438995}}
{"target": -18.11476807061223, "params": {"C": 1068.6241082629622, "gamma": 0.09855796209022459}, "datetime": {"datetime": "2021-06-28 15:44:06", "elapsed": 18.550413, "delta": 0.401033}}
{"target": -16.550592580441524, "params": {"C": 1753.6581292950627, "gamma": 0.04709115509405552}, "datetime": {"datetime": "2021-06-28 15:44:06", "elapsed": 19.006376, "delta": 0.455963}}
{"target": -16.95532795208356, "params": {"C": 1771.1054180187177, "gamma": 0.06914924089852628}, "datetime": {"datetime": "2021-06-28 15:44:07", "elapsed": 19.421015, "delta": 0.414639}}
{"target": -17.586613996606378, "params": {"C": 1737.1987096842108, "gamma": 0.08765532774520958}, "datetime": {"datetime": "2021-06-28 15:44:07", "elapsed": 19.822331, "delta": 0.401316}}
{"target": -16.632478698164874, "params": {"C": 1795.4366468055216, "gamma": 0.03277049224641376}, "datetime": {"datetime": "2021-06-28 15:44:08", "elapsed": 20.374329, "delta": 0.551998}}
{"target": -18.09469362534145, "params": {"C": 1813.0059693777996, "gamma": 0.01}, "datetime": {"datetime": "2021-06-28 15:44:08", "elapsed": 20.835331, "delta": 0.461002}}
{"target": -16.689252584171875, "params": {"C": 2343.0852654670703, "gamma": 0.026984063069733555}, "datetime": {"datetime": "2021-06-28 15:44:09", "elapsed": 21.258907, "delta": 0.423576}}
{"target": -16.604936915161446, "params": {"C": 2361.051221055182, "gamma": 0.030049028035879333}, "datetime": {"datetime": "2021-06-28 15:44:09", "elapsed": 21.631586, "delta": 0.372679}}
{"target": -16.78993294545468, "params": {"C": 2379.378865438536, "gamma": 0.024039964035548915}, "datetime": {"datetime": "2021-06-28 15:44:09", "elapsed": 22.093541, "delta": 0.461955}}
{"target": -16.63815208936031, "params": {"C": 2322.548912137568, "gamma": 0.028844664403948207}, "datetime": {"datetime": "2021-06-28 15:44:10", "elapsed": 22.587175, "delta": 0.493634}}
{"target": -17.761610153115903, "params": {"C": 2302.217261711753, "gamma": 0.09069563261438944}, "datetime": {"datetime": "2021-06-28 15:44:10", "elapsed": 23.098174, "delta": 0.510999}}
{"target": -16.919314049396746, "params": {"C": 2403.134114155442, "gamma": 0.021138990724324146}, "datetime": {"datetime": "2021-06-28 15:44:11", "elapsed": 23.648645, "delta": 0.550471}}
{"target": -16.728109073996805, "params": {"C": 2426.3181030138953, "gamma": 0.06041919739614582}, "datetime": {"datetime": "2021-06-28 15:44:11", "elapsed": 24.205645, "delta": 0.557}}
{"target": -16.767302768682445, "params": {"C": 2447.496690422655, "gamma": 0.024387294004762035}, "datetime": {"datetime": "2021-06-28 15:44:12", "elapsed": 24.714646, "delta": 0.509001}}
{"target": -16.799806895297912, "params": {"C": 2468.746957011355, "gamma": 0.06316926547250339}, "datetime": {"datetime": "2021-06-28 15:44:12", "elapsed": 25.138646, "delta": 0.424}}
{"target": -17.84751027532494, "params": {"C": 2491.307400001993, "gamma": 0.01}, "datetime": {"datetime": "2021-06-28 15:44:13", "elapsed": 25.673598, "delta": 0.534952}}
{"target": -17.51403440762714, "params": {"C": 7693.753427176635, "gamma": 0.06417972312417955}, "datetime": {"datetime": "2021-06-28 15:44:13", "elapsed": 26.209478, "delta": 0.53588}}
{"target": -17.261721372549296, "params": {"C": 7742.553936226106, "gamma": 0.056661181756379915}, "datetime": {"datetime": "2021-06-28 15:44:14", "elapsed": 26.667254, "delta": 0.457776}}
{"target": -16.99846261918472, "params": {"C": 7772.711054452658, "gamma": 0.04286537343632006}, "datetime": {"datetime": "2021-06-28 15:44:15", "elapsed": 27.268024, "delta": 0.60077}}
{"target": -17.605089776018065, "params": {"C": 7797.188868540955, "gamma": 0.06611001772162524}, "datetime": {"datetime": "2021-06-28 15:44:15", "elapsed": 27.842899, "delta": 0.574875}}
{"target": -18.469502808266384, "params": {"C": 7642.38282411512, "gamma": 0.08362446545333953}, "datetime": {"datetime": "2021-06-28 15:44:16", "elapsed": 28.432894, "delta": 0.589995}}
{"target": -16.6763708998169, "params": {"C": 5032.585714945065, "gamma": 0.034444068502833776}, "datetime": {"datetime": "2021-06-28 15:44:16", "elapsed": 28.976896, "delta": 0.544002}}
{"target": -16.687180682348675, "params": {"C": 5052.096983314965, "gamma": 0.03165115219847472}, "datetime": {"datetime": "2021-06-28 15:44:17", "elapsed": 29.531567, "delta": 0.554671}}
{"target": -16.806566460981, "params": {"C": 5011.496678357493, "gamma": 0.02239873043337111}, "datetime": {"datetime": "2021-06-28 15:44:17", "elapsed": 30.006922, "delta": 0.475355}}
{"target": -16.718729552620243, "params": {"C": 5075.741447585543, "gamma": 0.0436860874099699}, "datetime": {"datetime": "2021-06-28 15:44:18", "elapsed": 30.475877, "delta": 0.468955}}
{"target": -16.75484847304277, "params": {"C": 5097.338688688667, "gamma": 0.04664768371278005}, "datetime": {"datetime": "2021-06-28 15:44:18", "elapsed": 30.937879, "delta": 0.462002}}
{"target": -18.30286082955021, "params": {"C": 5120.3784352083185, "gamma": 0.08938721799445626}, "datetime": {"datetime": "2021-06-28 15:44:19", "elapsed": 31.485622, "delta": 0.547743}}
{"target": -17.274217091545996, "params": {"C": 4985.902730078143, "gamma": 0.012317543853239354}, "datetime": {"datetime": "2021-06-28 15:44:19", "elapsed": 31.975884, "delta": 0.490262}}
{"target": -18.18650078194243, "params": {"C": 4949.924342657754, "gamma": 0.08783951820676136}, "datetime": {"datetime": "2021-06-28 15:44:20", "elapsed": 32.608523, "delta": 0.632639}}
{"target": -16.95598276664456, "params": {"C": 3666.7770919075137, "gamma": 0.06380343262661901}, "datetime": {"datetime": "2021-06-28 15:44:21", "elapsed": 33.229565, "delta": 0.621042}}
{"target": -16.703628950495737, "params": {"C": 3691.0455039059743, "gamma": 0.05364785674911764}, "datetime": {"datetime": "2021-06-28 15:44:21", "elapsed": 33.813437, "delta": 0.583872}}
{"target": -17.676086001581258, "params": {"C": 3713.5443215119235, "gamma": 0.0824940756870936}, "datetime": {"datetime": "2021-06-28 15:44:22", "elapsed": 34.304395, "delta": 0.490958}}
{"target": -18.369134548115024, "params": {"C": 3638.124640498312, "gamma": 0.09755868293892007}, "datetime": {"datetime": "2021-06-28 15:44:22", "elapsed": 34.868404, "delta": 0.564009}}
{"target": -18.034666002830033, "params": {"C": 4539.370248981387, "gamma": 0.08654034100422626}, "datetime": {"datetime": "2021-06-28 15:44:23", "elapsed": 35.604779, "delta": 0.736375}}
{"target": -17.125899879635543, "params": {"C": 9890.995455199023, "gamma": 0.018510903570979145}, "datetime": {"datetime": "2021-06-28 15:44:23", "elapsed": 36.076714, "delta": 0.471935}}
{"target": -18.123034447640237, "params": {"C": 9862.707193100792, "gamma": 0.07169443040363087}, "datetime": {"datetime": "2021-06-28 15:44:24", "elapsed": 36.664869, "delta": 0.588155}}
{"target": -17.45714865435104, "params": {"C": 9916.553063443498, "gamma": 0.05595333891003515}, "datetime": {"datetime": "2021-06-28 15:44:24", "elapsed": 37.14604, "delta": 0.481171}}
{"target": -19.22864272845972, "params": {"C": 7316.161538179363, "gamma": 0.09737189362630363}, "datetime": {"datetime": "2021-06-28 15:44:25", "elapsed": 37.679181, "delta": 0.533141}}
{"target": -17.312286457580722, "params": {"C": 6028.361419975353, "gamma": 0.011369362602249872}, "datetime": {"datetime": "2021-06-28 15:44:26", "elapsed": 38.268182, "delta": 0.589001}}
{"target": -16.783746808232717, "params": {"C": 5994.333957484201, "gamma": 0.038721586532615045}, "datetime": {"datetime": "2021-06-28 15:44:26", "elapsed": 39.020678, "delta": 0.752496}}
{"target": -17.474082651630894, "params": {"C": 5970.954760609818, "gamma": 0.06886237885607178}, "datetime": {"datetime": "2021-06-28 15:44:27", "elapsed": 39.662311, "delta": 0.641633}}
{"target": -18.954314029989273, "params": {"C": 6065.176686932966, "gamma": 0.09740252623400078}, "datetime": {"datetime": "2021-06-28 15:44:28", "elapsed": 40.264307, "delta": 0.601996}}
{"target": -17.454551022147285, "params": {"C": 5581.899522632163, "gamma": 0.06979706710575229}, "datetime": {"datetime": "2021-06-28 15:44:28", "elapsed": 40.812312, "delta": 0.548005}}
{"target": -17.475971246753108, "params": {"C": 5624.55049487863, "gamma": 0.07016071741276436}, "datetime": {"datetime": "2021-06-28 15:44:29", "elapsed": 41.321006, "delta": 0.508694}}
{"target": -17.436289190313747, "params": {"C": 5538.816612328272, "gamma": 0.06950841405935096}, "datetime": {"datetime": "2021-06-28 15:44:29", "elapsed": 41.89326, "delta": 0.572254}}
{"target": -18.650175071549544, "params": {"C": 5498.023545718409, "gamma": 0.09429939190494406}, "datetime": {"datetime": "2021-06-28 15:44:30", "elapsed": 42.616364, "delta": 0.723104}}
{"target": -16.74040056722931, "params": {"C": 5670.673242747569, "gamma": 0.03344349624695074}, "datetime": {"datetime": "2021-06-28 15:44:31", "elapsed": 43.282358, "delta": 0.665994}}
{"target": -16.75758330145475, "params": {"C": 5692.040676853363, "gamma": 0.03987909818843702}, "datetime": {"datetime": "2021-06-28 15:44:31", "elapsed": 43.870971, "delta": 0.588613}}
{"target": -16.92976433736211, "params": {"C": 5715.962544623853, "gamma": 0.05259775011824807}, "datetime": {"datetime": "2021-06-28 15:44:32", "elapsed": 44.471976, "delta": 0.601005}}
{"target": -18.27801020253437, "params": {"C": 5741.363954873518, "gamma": 0.0864801542468709}, "datetime": {"datetime": "2021-06-28 15:44:32", "elapsed": 45.103976, "delta": 0.632}}
{"target": -18.046778177573504, "params": {"C": 5649.503254526267, "gamma": 0.08236983627054406}, "datetime": {"datetime": "2021-06-28 15:44:33", "elapsed": 45.759968, "delta": 0.655992}}
{"target": -17.114679142016566, "params": {"C": 9085.490269359214, "gamma": 0.01649523417903325}, "datetime": {"datetime": "2021-06-28 15:44:34", "elapsed": 46.313581, "delta": 0.553613}}
{"target": -19.402782928085507, "params": {"C": 9057.561546480418, "gamma": 0.09465940548692811}, "datetime": {"datetime": "2021-06-28 15:44:34", "elapsed": 46.965492, "delta": 0.651911}}
{"target": -17.090861310617246, "params": {"C": 9110.440050089075, "gamma": 0.038742293630999514}, "datetime": {"datetime": "2021-06-28 15:44:35", "elapsed": 47.670248, "delta": 0.704756}}
{"target": -18.597354037800063, "params": {"C": 9138.258267806017, "gamma": 0.08171855295672723}, "datetime": {"datetime": "2021-06-28 15:44:36", "elapsed": 48.370253, "delta": 0.700005}}
{"target": -18.09830485669917, "params": {"C": 9972.599835799672, "gamma": 0.07097749605327429}, "datetime": {"datetime": "2021-06-28 15:44:36", "elapsed": 48.994253, "delta": 0.624}}
{"target": -17.32856958790381, "params": {"C": 6543.520792918467, "gamma": 0.06304082043419167}, "datetime": {"datetime": "2021-06-28 15:44:37", "elapsed": 49.613857, "delta": 0.619604}}
{"target": -18.354221652010487, "params": {"C": 6576.762283326332, "gamma": 0.08493029376454861}, "datetime": {"datetime": "2021-06-28 15:44:38", "elapsed": 50.263121, "delta": 0.649264}}
{"target": -18.359395045051745, "params": {"C": 6512.07961400222, "gamma": 0.08524267503865335}, "datetime": {"datetime": "2021-06-28 15:44:38", "elapsed": 50.904123, "delta": 0.641002}}
{"target": -17.573813022863675, "params": {"C": 8352.808071773412, "gamma": 0.06373564716119431}, "datetime": {"datetime": "2021-06-28 15:44:39", "elapsed": 51.632629, "delta": 0.728506}}
{"target": -18.580794359914766, "params": {"C": 577.6075225690008, "gamma": 0.09524541734754013}, "datetime": {"datetime": "2021-06-28 15:44:40", "elapsed": 52.354714, "delta": 0.722085}}
{"target": -17.470963519923536, "params": {"C": 8417.532651432166, "gamma": 0.0608440926224788}, "datetime": {"datetime": "2021-06-28 15:44:40", "elapsed": 53.051719, "delta": 0.697005}}
{"target": -18.579180689268618, "params": {"C": 8458.24137339441, "gamma": 0.08319151790963496}, "datetime": {"datetime": "2021-06-28 15:44:41", "elapsed": 53.619332, "delta": 0.567613}}
{"target": -18.03972781253431, "params": {"C": 8294.405187892557, "gamma": 0.07397402032699418}, "datetime": {"datetime": "2021-06-28 15:44:42", "elapsed": 54.252636, "delta": 0.633304}}
{"target": -17.321097428975406, "params": {"C": 2734.5757944163684, "gamma": 0.07814315359829167}, "datetime": {"datetime": "2021-06-28 15:44:42", "elapsed": 55.017264, "delta": 0.764628}}
{"target": -16.830078933008586, "params": {"C": 2701.0748115926754, "gamma": 0.06356684365951572}, "datetime": {"datetime": "2021-06-28 15:44:43", "elapsed": 55.960528, "delta": 0.943264}}
{"target": -16.711969307388287, "params": {"C": 2678.2529072987754, "gamma": 0.02529784713368169}, "datetime": {"datetime": "2021-06-28 15:44:44", "elapsed": 56.700308, "delta": 0.73978}}
{"target": -16.922254828786112, "params": {"C": 2653.9643318409435, "gamma": 0.06691284381493667}, "datetime": {"datetime": "2021-06-28 15:44:45", "elapsed": 57.349938, "delta": 0.64963}}
{"target": -18.18902635631008, "params": {"C": 2627.6779266639537, "gamma": 0.0990397926893809}, "datetime": {"datetime": "2021-06-28 15:44:45", "elapsed": 58.157557, "delta": 0.807619}}
{"target": -17.514843257431796, "params": {"C": 2769.7288591188676, "gamma": 0.08287648900681435}, "datetime": {"datetime": "2021-06-28 15:44:46", "elapsed": 58.867544, "delta": 0.709987}}
{"target": -16.86312189078402, "params": {"C": 2818.8568817220657, "gamma": 0.021211675754824372}, "datetime": {"datetime": "2021-06-28 15:44:47", "elapsed": 59.669735, "delta": 0.802191}}
{"target": -16.5125388114858, "params": {"C": 2844.3124452135976, "gamma": 0.04554686118836808}, "datetime": {"datetime": "2021-06-28 15:44:48", "elapsed": 60.48903, "delta": 0.819295}}
{"target": -16.726391216254104, "params": {"C": 2863.956274537376, "gamma": 0.02451273731661919}, "datetime": {"datetime": "2021-06-28 15:44:49", "elapsed": 61.332045, "delta": 0.843015}}
{"target": -16.66308541580609, "params": {"C": 2888.955689253294, "gamma": 0.026512554525958576}, "datetime": {"datetime": "2021-06-28 15:44:49", "elapsed": 62.090113, "delta": 0.758068}}
{"target": -17.477944059754027, "params": {"C": 2911.8728038890254, "gamma": 0.08137819014615745}, "datetime": {"datetime": "2021-06-28 15:44:50", "elapsed": 62.801708, "delta": 0.711595}}
{"target": -16.545304685872704, "params": {"C": 3406.6151957872335, "gamma": 0.03374885924036562}, "datetime": {"datetime": "2021-06-28 15:44:51", "elapsed": 63.562608, "delta": 0.7609}}
{"target": -16.88355655545139, "params": {"C": 3386.5866530091603, "gamma": 0.06262856692940129}, "datetime": {"datetime": "2021-06-28 15:44:52", "elapsed": 64.460246, "delta": 0.897638}}
{"target": -16.638766551789484, "params": {"C": 3428.5085424424765, "gamma": 0.05170594595638378}, "datetime": {"datetime": "2021-06-28 15:44:53", "elapsed": 65.293243, "delta": 0.832997}}
{"target": -17.431804242368358, "params": {"C": 3452.435233969316, "gamma": 0.07791773077865057}, "datetime": {"datetime": "2021-06-28 15:44:53", "elapsed": 65.996049, "delta": 0.702806}}
{"target": -17.698105385402226, "params": {"C": 3357.5987419503813, "gamma": 0.08459416458800581}, "datetime": {"datetime": "2021-06-28 15:44:54", "elapsed": 66.685335, "delta": 0.689286}}
{"target": -16.820438767265163, "params": {"C": 6290.084345331436, "gamma": 0.02736370911138636}, "datetime": {"datetime": "2021-06-28 15:44:55", "elapsed": 67.360938, "delta": 0.675603}}
{"target": -16.799210389961754, "params": {"C": 6265.905394044741, "gamma": 0.03382820606036329}, "datetime": {"datetime": "2021-06-28 15:44:55", "elapsed": 68.184861, "delta": 0.823923}}
{"target": -17.422727649657148, "params": {"C": 6240.065468604525, "gamma": 0.01}, "datetime": {"datetime": "2021-06-28 15:44:56", "elapsed": 68.914861, "delta": 0.73}}
{"target": -18.41191685684588, "params": {"C": 6315.533401092536, "gamma": 0.08687518211685465}, "datetime": {"datetime": "2021-06-28 15:44:57", "elapsed": 69.568857, "delta": 0.653996}}
{"target": -16.670986494813583, "params": {"C": 4744.331735681037, "gamma": 0.04244914361357915}, "datetime": {"datetime": "2021-06-28 15:44:58", "elapsed": 70.422277, "delta": 0.85342}}
{"target": -16.69361278677076, "params": {"C": 4766.5412364962685, "gamma": 0.04467672110876184}, "datetime": {"datetime": "2021-06-28 15:44:58", "elapsed": 71.185784, "delta": 0.763507}}
{"target": -16.81179755629871, "params": {"C": 4719.881855536829, "gamma": 0.0217776655214781}, "datetime": {"datetime": "2021-06-28 15:44:59", "elapsed": 72.028826, "delta": 0.843042}}
{"target": -16.7226174870001, "params": {"C": 4791.102005198694, "gamma": 0.04690145140683154}, "datetime": {"datetime": "2021-06-28 15:45:00", "elapsed": 72.754459, "delta": 0.725633}}
{"target": -16.851259119759618, "params": {"C": 4816.2594775327025, "gamma": 0.054065779471586424}, "datetime": {"datetime": "2021-06-28 15:45:01", "elapsed": 73.434455, "delta": 0.679996}}
{"target": -16.972569692361567, "params": {"C": 4692.668049637218, "gamma": 0.05954427815450318}, "datetime": {"datetime": "2021-06-28 15:45:01", "elapsed": 74.209293, "delta": 0.774838}}
{"target": -18.42222392500911, "params": {"C": 4843.269397685221, "gamma": 0.09284242759648491}, "datetime": {"datetime": "2021-06-28 15:45:02", "elapsed": 75.060338, "delta": 0.851045}}
{"target": -16.751243506775264, "params": {"C": 4664.667906800103, "gamma": 0.049833710708182925}, "datetime": {"datetime": "2021-06-28 15:45:03", "elapsed": 75.955653, "delta": 0.895315}}
{"target": -17.828659145303654, "params": {"C": 4640.5932457949275, "gamma": 0.08184336705067748}, "datetime": {"datetime": "2021-06-28 15:45:04", "elapsed": 76.74125, "delta": 0.785597}}
{"target": -17.077582131337547, "params": {"C": 9327.763982030134, "gamma": 0.02877562424110954}, "datetime": {"datetime": "2021-06-28 15:45:05", "elapsed": 77.542892, "delta": 0.801642}}
{"target": -17.372703028856513, "params": {"C": 9358.06586812646, "gamma": 0.01}, "datetime": {"datetime": "2021-06-28 15:45:06", "elapsed": 78.338706, "delta": 0.795814}}
{"target": -17.295304746101614, "params": {"C": 9296.649802347598, "gamma": 0.05208877227883476}, "datetime": {"datetime": "2021-06-28 15:45:07", "elapsed": 79.247705, "delta": 0.908999}}
{"target": -17.344163759252115, "params": {"C": 9256.38595397276, "gamma": 0.054164246122300704}, "datetime": {"datetime": "2021-06-28 15:45:08", "elapsed": 80.222509, "delta": 0.974804}}
{"target": -17.33871358042472, "params": {"C": 9215.946224691552, "gamma": 0.05410347859884349}, "datetime": {"datetime": "2021-06-28 15:45:08", "elapsed": 81.043507, "delta": 0.820998}}
{"target": -17.4629356873228, "params": {"C": 9406.76043419187, "gamma": 0.057658145440950374}, "datetime": {"datetime": "2021-06-28 15:45:09", "elapsed": 81.901108, "delta": 0.857601}}
{"target": -17.054402839462576, "params": {"C": 5309.798120016677, "gamma": 0.059529231573150626}, "datetime": {"datetime": "2021-06-28 15:45:10", "elapsed": 82.846893, "delta": 0.945785}}
{"target": -16.710763576128844, "params": {"C": 5339.749710294167, "gamma": 0.03237749772878491}, "datetime": {"datetime": "2021-06-28 15:45:11", "elapsed": 83.889319, "delta": 1.042426}}
{"target": -16.74376951874814, "params": {"C": 5364.116544048277, "gamma": 0.04289514321926209}, "datetime": {"datetime": "2021-06-28 15:45:12", "elapsed": 84.695323, "delta": 0.806004}}
{"target": -17.655484810510274, "params": {"C": 5390.32312943712, "gamma": 0.0751729517067911}, "datetime": {"datetime": "2021-06-28 15:45:13", "elapsed": 85.56732, "delta": 0.871997}}
{"target": -17.62322834312929, "params": {"C": 5277.351954751638, "gamma": 0.07487530129230319}, "datetime": {"datetime": "2021-06-28 15:45:14", "elapsed": 86.508564, "delta": 0.941244}}
{"target": -17.27932671300299, "params": {"C": 4365.6529822389775, "gamma": 0.012668631922910702}, "datetime": {"datetime": "2021-06-28 15:45:15", "elapsed": 87.383163, "delta": 0.874599}}
