{"target": 0.9042680407732889, "params": {"C": 10237.918696575958, "gamma": 0.07439265284753112}, "datetime": {"datetime": "2021-10-04 09:33:32", "elapsed": 99.592417, "delta": 0.812608}}
{"target": 0.9096044200117122, "params": {"C": 39631.01231111177, "gamma": 0.08950531541884335}, "datetime": {"datetime": "2021-10-04 09:33:33", "elapsed": 100.64281, "delta": 1.050393}}
{"target": 0.9144081578074521, "params": {"C": 19148.335469598016, "gamma": 0.046665552503630504}, "datetime": {"datetime": "2021-10-04 09:33:33", "elapsed": 101.493422, "delta": 0.850612}}
{"target": 0.9073639963568858, "params": {"C": 34214.78764105504, "gamma": 0.09413396366551686}, "datetime": {"datetime": "2021-10-04 09:33:34", "elapsed": 102.358075, "delta": 0.864653}}
{"target": 0.9113358765397386, "params": {"C": 46583.21833230375, "gamma": 0.029474993302001443}, "datetime": {"datetime": "2021-10-04 09:33:35", "elapsed": 103.099752, "delta": 0.741677}}
{"target": 0.895336282927025, "params": {"C": 10136.259274769129, "gamma": 0.09859916663281702}, "datetime": {"datetime": "2021-10-04 09:33:36", "elapsed": 103.907385, "delta": 0.807633}}
{"target": 0.9161212749696769, "params": {"C": 24167.75738789059, "gamma": 0.07393260900678365}, "datetime": {"datetime": "2021-10-04 09:33:37", "elapsed": 104.662493, "delta": 0.755108}}
{"target": 0.9162451162471259, "params": {"C": 20553.334559658353, "gamma": 0.06879464187262989}, "datetime": {"datetime": "2021-10-04 09:33:38", "elapsed": 105.535464, "delta": 0.872971}}
{"target": 0.9132772310520685, "params": {"C": 45987.48081735937, "gamma": 0.08200603230521279}, "datetime": {"datetime": "2021-10-04 09:33:38", "elapsed": 106.404382, "delta": 0.868918}}
{"target": 0.9230837899798061, "params": {"C": 35045.96962427628, "gamma": 0.05749238602443745}, "datetime": {"datetime": "2021-10-04 09:33:39", "elapsed": 107.224985, "delta": 0.820603}}
{"target": 0.8245930345931647, "params": {"C": 30269.920670239004, "gamma": 0.003026503908299065}, "datetime": {"datetime": "2021-10-04 09:33:40", "elapsed": 108.005983, "delta": 0.780998}}
{"target": 0.9120052103272744, "params": {"C": 14065.848167047989, "gamma": 0.05847589767192286}, "datetime": {"datetime": "2021-10-04 09:33:41", "elapsed": 108.871139, "delta": 0.865156}}
{"target": 0.9040454834282592, "params": {"C": 16141.891084336272, "gamma": 0.03602291059084145}, "datetime": {"datetime": "2021-10-04 09:33:42", "elapsed": 109.688009, "delta": 0.81687}}
{"target": 0.9120325640367369, "params": {"C": 44870.02834314397, "gamma": 0.08438868123389938}, "datetime": {"datetime": "2021-10-04 09:33:42", "elapsed": 110.459308, "delta": 0.771299}}
{"target": 0.8943479631702769, "params": {"C": 27706.12366989283, "gamma": 0.024147549721354737}, "datetime": {"datetime": "2021-10-04 09:33:43", "elapsed": 111.342618, "delta": 0.88331}}
{"target": 0.9130164802887745, "params": {"C": 45631.93660356418, "gamma": 0.08252630191668082}, "datetime": {"datetime": "2021-10-04 09:33:44", "elapsed": 112.141638, "delta": 0.79902}}
{"target": 0.8762411252228085, "params": {"C": 31426.777993152406, "gamma": 0.014848021466115881}, "datetime": {"datetime": "2021-10-04 09:33:45", "elapsed": 112.945698, "delta": 0.80406}}
{"target": 0.9178219651764559, "params": {"C": 26000.36633815271, "gamma": 0.07049554261318212}, "datetime": {"datetime": "2021-10-04 09:33:46", "elapsed": 113.806819, "delta": 0.861121}}
{"target": 0.904763648658617, "params": {"C": 31952.144927542475, "gamma": 0.02879819149904959}, "datetime": {"datetime": "2021-10-04 09:33:47", "elapsed": 114.970361, "delta": 1.163542}}
{"target": 0.8601879842732035, "params": {"C": 17420.95132972527, "gamma": 0.009929783692975171}, "datetime": {"datetime": "2021-10-04 09:33:48", "elapsed": 115.914817, "delta": 0.944456}}
{"target": 0.9136107481207045, "params": {"C": 15488.224732747374, "gamma": 0.06110029740746058}, "datetime": {"datetime": "2021-10-04 09:33:49", "elapsed": 116.697249, "delta": 0.782432}}
{"target": 0.9141968517916249, "params": {"C": 23553.80115420207, "gamma": 0.04076957654849133}, "datetime": {"datetime": "2021-10-04 09:33:49", "elapsed": 117.503638, "delta": 0.806389}}
{"target": 0.877267602122369, "params": {"C": 26634.188076973747, "gamma": 0.015806902541772534}, "datetime": {"datetime": "2021-10-04 09:33:50", "elapsed": 118.312317, "delta": 0.808679}}
{"target": 0.9014146391748987, "params": {"C": 48922.07558013543, "gamma": 0.02410104889940778}, "datetime": {"datetime": "2021-10-04 09:33:51", "elapsed": 119.104316, "delta": 0.791999}}
{"target": 0.9220938607020644, "params": {"C": 30547.956100345367, "gamma": 0.05270004232193457}, "datetime": {"datetime": "2021-10-04 09:33:52", "elapsed": 119.83216, "delta": 0.727844}}
{"target": 0.8557771422056697, "params": {"C": 48310.05385594906, "gamma": 0.0052559134761811935}, "datetime": {"datetime": "2021-10-04 09:33:53", "elapsed": 120.918064, "delta": 1.085904}}
{"target": 0.8993161069852383, "params": {"C": 33566.0566338139, "gamma": 0.025467287294554285}, "datetime": {"datetime": "2021-10-04 09:33:54", "elapsed": 121.750557, "delta": 0.832493}}
{"target": 0.9188074569209468, "params": {"C": 24593.041314830363, "gamma": 0.04875171212083307}, "datetime": {"datetime": "2021-10-04 09:33:55", "elapsed": 122.814733, "delta": 1.064176}}
{"target": 0.9100738256934917, "params": {"C": 38533.43326555274, "gamma": 0.08881628023969677}, "datetime": {"datetime": "2021-10-04 09:33:56", "elapsed": 123.665319, "delta": 0.850586}}
{"target": 0.9131455557706005, "params": {"C": 16385.720629433683, "gamma": 0.05001480744714176}, "datetime": {"datetime": "2021-10-04 09:33:56", "elapsed": 124.487343, "delta": 0.822024}}
{"target": 0.8651033184558539, "params": {"C": 24193.08055356417, "gamma": 0.010137592680424148}, "datetime": {"datetime": "2021-10-04 09:33:57", "elapsed": 125.297911, "delta": 0.810568}}
{"target": 0.9056633841180335, "params": {"C": 22844.41656744195, "gamma": 0.032702856469735045}, "datetime": {"datetime": "2021-10-04 09:33:58", "elapsed": 126.19565, "delta": 0.897739}}
{"target": 0.9024267926083871, "params": {"C": 16394.730614905828, "gamma": 0.098227503571049}, "datetime": {"datetime": "2021-10-04 09:33:59", "elapsed": 127.078977, "delta": 0.883327}}
{"target": 0.8821533378582479, "params": {"C": 48822.29764741264, "gamma": 0.016542057579776063}, "datetime": {"datetime": "2021-10-04 09:34:00", "elapsed": 127.900335, "delta": 0.821358}}
{"target": 0.9158751940155944, "params": {"C": 24927.08709720239, "gamma": 0.04198573799310241}, "datetime": {"datetime": "2021-10-04 09:34:01", "elapsed": 128.71139, "delta": 0.811055}}
{"target": 0.9117919897493048, "params": {"C": 16723.154612048667, "gamma": 0.07627305168787088}, "datetime": {"datetime": "2021-10-04 09:34:02", "elapsed": 129.568867, "delta": 0.857477}}
{"target": 0.8966889430397484, "params": {"C": 10110.973560153758, "gamma": 0.09543715133856943}, "datetime": {"datetime": "2021-10-04 09:34:02", "elapsed": 130.442882, "delta": 0.874015}}
{"target": 0.9114476427492907, "params": {"C": 13586.963980087088, "gamma": 0.059979966803631976}, "datetime": {"datetime": "2021-10-04 09:34:03", "elapsed": 131.271826, "delta": 0.828944}}
{"target": 0.8844781148336676, "params": {"C": 21117.95281207299, "gamma": 0.020445858655140554}, "datetime": {"datetime": "2021-10-04 09:34:04", "elapsed": 132.097848, "delta": 0.826022}}
{"target": 0.9044715656800202, "params": {"C": 16565.38073527191, "gamma": 0.03602523964097771}, "datetime": {"datetime": "2021-10-04 09:34:05", "elapsed": 133.021125, "delta": 0.923277}}
{"target": 0.916157483426707, "params": {"C": 19072.448080825307, "gamma": 0.06501021067945637}, "datetime": {"datetime": "2021-10-04 09:34:06", "elapsed": 133.930189, "delta": 0.909064}}
{"target": 0.9195163665248806, "params": {"C": 23987.94405487666, "gamma": 0.05893920904359461}, "datetime": {"datetime": "2021-10-04 09:34:07", "elapsed": 134.763493, "delta": 0.833304}}
{"target": 0.882220402328159, "params": {"C": 11091.393926275145, "gamma": 0.0236546245020746}, "datetime": {"datetime": "2021-10-04 09:34:08", "elapsed": 135.810861, "delta": 1.047368}}
{"target": 0.9025727979111382, "params": {"C": 11036.092902950786, "gamma": 0.04289337329021346}, "datetime": {"datetime": "2021-10-04 09:34:09", "elapsed": 136.784653, "delta": 0.973792}}
{"target": 0.9241159867793255, "params": {"C": 44765.63765837256, "gamma": 0.05853406394501478}, "datetime": {"datetime": "2021-10-04 09:34:10", "elapsed": 137.634915, "delta": 0.850262}}
{"target": 0.9069548691432461, "params": {"C": 31458.7332378179, "gamma": 0.09502813387066095}, "datetime": {"datetime": "2021-10-04 09:34:11", "elapsed": 138.834064, "delta": 1.199149}}
{"target": 0.9127018200080419, "params": {"C": 19017.192982114793, "gamma": 0.043531958599750696}, "datetime": {"datetime": "2021-10-04 09:34:12", "elapsed": 140.055097, "delta": 1.221033}}
{"target": 0.9152106203681665, "params": {"C": 26622.180406256743, "gamma": 0.03970434240916659}, "datetime": {"datetime": "2021-10-04 09:34:13", "elapsed": 140.932129, "delta": 0.877032}}
{"target": 0.9034461298415791, "params": {"C": 19389.674690974363, "gamma": 0.09891205868688581}, "datetime": {"datetime": "2021-10-04 09:34:14", "elapsed": 141.90933, "delta": 0.977201}}
{"target": 0.8795396541328041, "params": {"C": 22982.932572750622, "gamma": 0.01747900467165109}, "datetime": {"datetime": "2021-10-04 09:34:15", "elapsed": 142.747135, "delta": 0.837805}}
{"target": 0.9175776757227254, "params": {"C": 31890.254354666544, "gamma": 0.03943411591167168}, "datetime": {"datetime": "2021-10-04 09:34:16", "elapsed": 143.798375, "delta": 1.05124}}
{"target": 0.9139077110104933, "params": {"C": 23042.4744424082, "gamma": 0.07883929568310852}, "datetime": {"datetime": "2021-10-04 09:34:17", "elapsed": 144.64672, "delta": 0.848345}}
{"target": 0.87152856900937, "params": {"C": 15541.95450415802, "gamma": 0.015100739551811113}, "datetime": {"datetime": "2021-10-04 09:34:17", "elapsed": 145.516905, "delta": 0.870185}}
{"target": 0.9151258665055926, "params": {"C": 31083.754956662862, "gamma": 0.07919900048220162}, "datetime": {"datetime": "2021-10-04 09:34:18", "elapsed": 146.493312, "delta": 0.976407}}
{"target": 0.9214760798294827, "params": {"C": 28530.77504744971, "gamma": 0.05546089591391816}, "datetime": {"datetime": "2021-10-04 09:34:19", "elapsed": 147.402181, "delta": 0.908869}}
{"target": 0.9074570231933141, "params": {"C": 21826.47168932934, "gamma": 0.09232177135412573}, "datetime": {"datetime": "2021-10-04 09:34:20", "elapsed": 148.392143, "delta": 0.989962}}
{"target": 0.9092777801462026, "params": {"C": 29014.939016909782, "gamma": 0.03275432763255596}, "datetime": {"datetime": "2021-10-04 09:34:21", "elapsed": 149.25722, "delta": 0.865077}}
{"target": 0.9145581491672351, "params": {"C": 31995.235373737647, "gamma": 0.036023361374374105}, "datetime": {"datetime": "2021-10-04 09:34:22", "elapsed": 150.128477, "delta": 0.871257}}
{"target": 0.9167417483950021, "params": {"C": 36092.7759545856, "gamma": 0.07626901527017094}, "datetime": {"datetime": "2021-10-04 09:34:23", "elapsed": 151.122433, "delta": 0.993956}}
{"target": 0.880332034408871, "params": {"C": 32903.46202388932, "gamma": 0.016756225921100848}, "datetime": {"datetime": "2021-10-04 09:34:24", "elapsed": 152.074341, "delta": 0.951908}}
{"target": 0.8507481879727599, "params": {"C": 48971.34304797615, "gamma": 0.004474885469393165}, "datetime": {"datetime": "2021-10-04 09:34:25", "elapsed": 153.193006, "delta": 1.118665}}
{"target": 0.9068439801938348, "params": {"C": 20708.600414237975, "gamma": 0.09294294213984161}, "datetime": {"datetime": "2021-10-04 09:34:26", "elapsed": 154.125476, "delta": 0.93247}}
{"target": 0.8448149981285028, "params": {"C": 17490.703418577992, "gamma": 0.006558395194383446}, "datetime": {"datetime": "2021-10-04 09:34:27", "elapsed": 155.049488, "delta": 0.924012}}
{"target": 0.9054634056485632, "params": {"C": 22020.10633434194, "gamma": 0.032977528164386635}, "datetime": {"datetime": "2021-10-04 09:34:28", "elapsed": 155.976289, "delta": 0.926801}}
{"target": 0.910874554753515, "params": {"C": 22465.1048882904, "gamma": 0.08548201759453007}, "datetime": {"datetime": "2021-10-04 09:34:29", "elapsed": 156.889399, "delta": 0.91311}}
{"target": 0.8981040945152023, "params": {"C": 35791.22623288403, "gamma": 0.024471800941839667}, "datetime": {"datetime": "2021-10-04 09:34:30", "elapsed": 157.806685, "delta": 0.917286}}
{"target": 0.8746428681356924, "params": {"C": 13217.168329333756, "gamma": 0.017721257412175135}, "datetime": {"datetime": "2021-10-04 09:34:31", "elapsed": 158.779528, "delta": 0.972843}}
{"target": 0.9125118329697214, "params": {"C": 31183.49067173849, "gamma": 0.08454996560014841}, "datetime": {"datetime": "2021-10-04 09:34:32", "elapsed": 159.983517, "delta": 1.203989}}
{"target": 0.8180699909168546, "params": {"C": 14653.27342307274, "gamma": 0.004000586164280635}, "datetime": {"datetime": "2021-10-04 09:34:33", "elapsed": 161.205731, "delta": 1.222214}}
{"target": 0.91654139751782, "params": {"C": 21729.889234581446, "gamma": 0.047199948680976184}, "datetime": {"datetime": "2021-10-04 09:34:34", "elapsed": 162.393828, "delta": 1.188097}}
{"target": 0.8973533586110276, "params": {"C": 10310.490457236, "gamma": 0.09479136469944818}, "datetime": {"datetime": "2021-10-04 09:34:35", "elapsed": 163.335109, "delta": 0.941281}}
{"target": 0.9224685633435115, "params": {"C": 31620.194176114906, "gamma": 0.0533368854534126}, "datetime": {"datetime": "2021-10-04 09:34:36", "elapsed": 164.344187, "delta": 1.009078}}
{"target": 0.900248679334696, "params": {"C": 30309.692226009847, "gamma": 0.026653684109362502}, "datetime": {"datetime": "2021-10-04 09:34:37", "elapsed": 165.311682, "delta": 0.967495}}
{"target": 0.9245103464618822, "params": {"C": 42040.2210200677, "gamma": 0.05539550650080252}, "datetime": {"datetime": "2021-10-04 09:34:38", "elapsed": 166.503227, "delta": 1.191545}}
{"target": 0.9077630761677619, "params": {"C": 18132.18871030235, "gamma": 0.08882830746620664}, "datetime": {"datetime": "2021-10-04 09:34:39", "elapsed": 167.452637, "delta": 0.94941}}
{"target": 0.9161112164726493, "params": {"C": 46074.81956977154, "gamma": 0.07688410067682186}, "datetime": {"datetime": "2021-10-04 09:34:40", "elapsed": 168.364227, "delta": 0.91159}}
{"target": 0.9045958115278725, "params": {"C": 15716.52270879619, "gamma": 0.037044374945601144}, "datetime": {"datetime": "2021-10-04 09:34:41", "elapsed": 169.408637, "delta": 1.04441}}
{"target": 0.9181062252497467, "params": {"C": 37783.62051243294, "gamma": 0.07344674792793217}, "datetime": {"datetime": "2021-10-04 09:34:42", "elapsed": 170.368149, "delta": 0.959512}}
{"target": 0.9248545863491942, "params": {"C": 44277.05926211176, "gamma": 0.05486752339135562}, "datetime": {"datetime": "2021-10-04 09:34:44", "elapsed": 171.556733, "delta": 1.188584}}
{"target": 0.9214509166299142, "params": {"C": 29160.82061513673, "gamma": 0.058918012097191774}, "datetime": {"datetime": "2021-10-04 09:34:45", "elapsed": 172.564002, "delta": 1.007269}}
{"target": 0.885348155603582, "params": {"C": 14369.798391411792, "gamma": 0.023323083329730567}, "datetime": {"datetime": "2021-10-04 09:34:46", "elapsed": 173.753256, "delta": 1.189254}}
{"target": 0.9108462804010438, "params": {"C": 17140.09609482521, "gamma": 0.043257950837103876}, "datetime": {"datetime": "2021-10-04 09:34:47", "elapsed": 174.741957, "delta": 0.988701}}
{"target": 0.9175136363148323, "params": {"C": 42867.08380956045, "gamma": 0.07455255245673685}, "datetime": {"datetime": "2021-10-04 09:34:48", "elapsed": 175.961198, "delta": 1.219241}}
{"target": 0.9019597665137467, "params": {"C": 12495.641384387862, "gamma": 0.09184415834343115}, "datetime": {"datetime": "2021-10-04 09:34:49", "elapsed": 177.154347, "delta": 1.193149}}
{"target": 0.9124658065003833, "params": {"C": 21127.586821773115, "gamma": 0.08082662052093746}, "datetime": {"datetime": "2021-10-04 09:34:50", "elapsed": 178.134751, "delta": 0.980404}}
{"target": 0.9081489317092581, "params": {"C": 25534.880051031043, "gamma": 0.033351571248922}, "datetime": {"datetime": "2021-10-04 09:34:52", "elapsed": 179.682315, "delta": 1.547564}}
{"target": 0.8915894194745972, "params": {"C": 36332.48536046636, "gamma": 0.02143827369866824}, "datetime": {"datetime": "2021-10-04 09:34:53", "elapsed": 180.65932, "delta": 0.977005}}
{"target": 0.9215083296726247, "params": {"C": 30620.68995237365, "gamma": 0.06107077762138916}, "datetime": {"datetime": "2021-10-04 09:34:54", "elapsed": 181.971473, "delta": 1.312153}}
{"target": 0.9064147508976749, "params": {"C": 10470.591418599237, "gamma": 0.06121496698122109}, "datetime": {"datetime": "2021-10-04 09:34:55", "elapsed": 183.233818, "delta": 1.262345}}
{"target": 0.8753400021246137, "params": {"C": 34700.910133561105, "gamma": 0.014176485940821312}, "datetime": {"datetime": "2021-10-04 09:34:56", "elapsed": 184.310868, "delta": 1.07705}}
{"target": 0.91043451044941, "params": {"C": 40576.928682718106, "gamma": 0.08789588556109294}, "datetime": {"datetime": "2021-10-04 09:34:58", "elapsed": 185.57137, "delta": 1.260502}}
{"target": 0.9081645258089779, "params": {"C": 14445.609428241838, "gamma": 0.08141776192592635}, "datetime": {"datetime": "2021-10-04 09:34:59", "elapsed": 186.587538, "delta": 1.016168}}
{"target": 0.9190092492908994, "params": {"C": 39329.862406763255, "gamma": 0.07153889988083603}, "datetime": {"datetime": "2021-10-04 09:35:00", "elapsed": 187.916019, "delta": 1.328481}}
{"target": 0.9154220892763479, "params": {"C": 39330.897102675735, "gamma": 0.07886386759820799}, "datetime": {"datetime": "2021-10-04 09:35:01", "elapsed": 189.097858, "delta": 1.181839}}
{"target": 0.9109811473583347, "params": {"C": 34322.395747216025, "gamma": 0.032184010017421584}, "datetime": {"datetime": "2021-10-04 09:35:02", "elapsed": 190.14076, "delta": 1.042902}}
{"target": 0.9183076411712553, "params": {"C": 25699.52682395718, "gamma": 0.06867316465595479}, "datetime": {"datetime": "2021-10-04 09:35:03", "elapsed": 191.181159, "delta": 1.040399}}
{"target": 0.8533835204254454, "params": {"C": 23590.429168585324, "gamma": 0.006969132400820993}, "datetime": {"datetime": "2021-10-04 09:35:04", "elapsed": 192.485966, "delta": 1.304807}}
{"target": 0.9083446379732458, "params": {"C": 22464.677191657545, "gamma": 0.035157466794748245}, "datetime": {"datetime": "2021-10-04 09:35:05", "elapsed": 193.484324, "delta": 0.998358}}
{"target": 0.9067826271905278, "params": {"C": 35031.249875438436, "gamma": 0.09509796251586022}, "datetime": {"datetime": "2021-10-04 09:35:06", "elapsed": 194.502681, "delta": 1.018357}}
{"target": 0.9214975817983962, "params": {"C": 40832.56635337659, "gamma": 0.04044380292650811}, "datetime": {"datetime": "2021-10-04 09:35:08", "elapsed": 195.579329, "delta": 1.076648}}
{"target": 0.8873693427834006, "params": {"C": 47071.73260290214, "gamma": 0.01867729181832792}, "datetime": {"datetime": "2021-10-04 09:35:09", "elapsed": 196.647654, "delta": 1.068325}}
{"target": 0.9176888982202176, "params": {"C": 49495.61470236695, "gamma": 0.0333681609889808}, "datetime": {"datetime": "2021-10-04 09:35:10", "elapsed": 197.717536, "delta": 1.069882}}
{"target": 0.9168944696971456, "params": {"C": 34085.5523432146, "gamma": 0.07579819378927488}, "datetime": {"datetime": "2021-10-04 09:35:11", "elapsed": 199.090288, "delta": 1.372752}}
{"target": 0.9112120885457153, "params": {"C": 49537.495254302165, "gamma": 0.028874707719197843}, "datetime": {"datetime": "2021-10-04 09:35:12", "elapsed": 200.45025, "delta": 1.359962}}
{"target": 0.9125477444023464, "params": {"C": 20341.087787705048, "gamma": 0.07984709591426327}, "datetime": {"datetime": "2021-10-04 09:35:14", "elapsed": 201.544596, "delta": 1.094346}}
{"target": 0.910210378092321, "params": {"C": 25534.010283835603, "gamma": 0.035089410854339136}, "datetime": {"datetime": "2021-10-04 09:35:15", "elapsed": 202.625163, "delta": 1.080567}}
{"target": 0.8537503186982194, "params": {"C": 20394.08040439451, "gamma": 0.007590592549187842}, "datetime": {"datetime": "2021-10-04 09:35:16", "elapsed": 203.671526, "delta": 1.046363}}
{"target": 0.8784693835797994, "params": {"C": 21557.221241383908, "gamma": 0.01715969872073224}, "datetime": {"datetime": "2021-10-04 09:35:17", "elapsed": 204.800076, "delta": 1.12855}}
{"target": 0.9212128944980276, "params": {"C": 46452.65202124493, "gamma": 0.06664191249182146}, "datetime": {"datetime": "2021-10-04 09:35:18", "elapsed": 205.910114, "delta": 1.110038}}
{"target": 0.9210728485261581, "params": {"C": 32678.12843429327, "gamma": 0.04487502331331634}, "datetime": {"datetime": "2021-10-04 09:35:19", "elapsed": 207.013006, "delta": 1.102892}}
{"target": 0.915147703174092, "params": {"C": 28382.219594514154, "gamma": 0.0785403723181697}, "datetime": {"datetime": "2021-10-04 09:35:20", "elapsed": 208.125993, "delta": 1.112987}}
{"target": 0.9143616372480639, "params": {"C": 36538.9154151748, "gamma": 0.08103862163683156}, "datetime": {"datetime": "2021-10-04 09:35:22", "elapsed": 209.578823, "delta": 1.45283}}
{"target": 0.8901460875176688, "params": {"C": 46788.09490279239, "gamma": 0.019771568095514346}, "datetime": {"datetime": "2021-10-04 09:35:23", "elapsed": 210.729873, "delta": 1.15105}}
{"target": 0.9092433873600027, "params": {"C": 46753.7017849568, "gamma": 0.08886530169861138}, "datetime": {"datetime": "2021-10-04 09:35:24", "elapsed": 211.815387, "delta": 1.085514}}
{"target": 0.9143588152062472, "params": {"C": 28236.78625352469, "gamma": 0.037685850804031425}, "datetime": {"datetime": "2021-10-04 09:35:25", "elapsed": 212.938979, "delta": 1.123592}}
{"target": 0.8496976820189115, "params": {"C": 15072.773124087453, "gamma": 0.008028429900439268}, "datetime": {"datetime": "2021-10-04 09:35:26", "elapsed": 214.065898, "delta": 1.126919}}
