{"target": 0.6765527845554224, "params": {"C": 347.9904926121167, "gamma": 0.054945311778406225}, "datetime": {"datetime": "2021-10-01 01:38:23", "elapsed": 80.93321, "delta": 0.899362}}
{"target": 0.5746830368274862, "params": {"C": 317.67005203911043, "gamma": 0.1471759698844527}, "datetime": {"datetime": "2021-10-01 01:38:24", "elapsed": 81.875964, "delta": 0.942754}}
{"target": -0.02241874148657841, "params": {"C": 24.74645352680338, "gamma": 0.1550212584573327}, "datetime": {"datetime": "2021-10-01 01:38:25", "elapsed": 82.761524, "delta": 0.88556}}
{"target": 0.7278100580307709, "params": {"C": 611.988879551509, "gamma": 0.08681929224850649}, "datetime": {"datetime": "2021-10-01 01:38:26", "elapsed": 83.746696, "delta": 0.985172}}
{"target": 0.6521834069973087, "params": {"C": 616.4020042299456, "gamma": 0.1885113834555249}, "datetime": {"datetime": "2021-10-01 01:38:27", "elapsed": 84.489103, "delta": 0.742407}}
{"target": 0.7400690088449391, "params": {"C": 608.3024596690686, "gamma": 0.06297202247907364}, "datetime": {"datetime": "2021-10-01 01:38:28", "elapsed": 85.216966, "delta": 0.727863}}
{"target": 0.559118438967198, "params": {"C": 375.9883535930575, "gamma": 0.1970675683419264}, "datetime": {"datetime": "2021-10-01 01:38:28", "elapsed": 85.970242, "delta": 0.753276}}
{"target": 0.6427846045348801, "params": {"C": 405.4073076045108, "gamma": 0.12013786903695481}, "datetime": {"datetime": "2021-10-01 01:38:29", "elapsed": 86.754272, "delta": 0.78403}}
{"target": 0.7500547511990502, "params": {"C": 672.2867261868803, "gamma": 0.06514800371168476}, "datetime": {"datetime": "2021-10-01 01:38:30", "elapsed": 87.473946, "delta": 0.719674}}
{"target": 0.7498001808207938, "params": {"C": 675.9852174742618, "gamma": 0.03639295896631727}, "datetime": {"datetime": "2021-10-01 01:38:31", "elapsed": 88.441666, "delta": 0.96772}}
{"target": 0.683805596715441, "params": {"C": 668.3656878621404, "gamma": 0.16262247573237631}, "datetime": {"datetime": "2021-10-01 01:38:32", "elapsed": 89.243509, "delta": 0.801843}}
{"target": 0.6692057609949295, "params": {"C": 679.6430652278956, "gamma": 0.18617347673067744}, "datetime": {"datetime": "2021-10-01 01:38:33", "elapsed": 90.100111, "delta": 0.856602}}
{"target": 0.7259062402111998, "params": {"C": 764.4722991216241, "gamma": 0.1298590533870185}, "datetime": {"datetime": "2021-10-01 01:38:33", "elapsed": 90.911734, "delta": 0.811623}}
{"target": 0.6774286183756824, "params": {"C": 760.2160519588306, "gamma": 0.19894000502305265}, "datetime": {"datetime": "2021-10-01 01:38:34", "elapsed": 91.880999, "delta": 0.969265}}
{"target": 0.7626390246885248, "params": {"C": 768.685482707665, "gamma": 0.06885048780986894}, "datetime": {"datetime": "2021-10-01 01:38:35", "elapsed": 92.781928, "delta": 0.900929}}
{"target": 0.7216489534108925, "params": {"C": 771.9135601462742, "gamma": 0.13783196590295765}, "datetime": {"datetime": "2021-10-01 01:38:36", "elapsed": 93.754746, "delta": 0.972818}}
{"target": 0.6124180012518103, "params": {"C": 218.62714438054888, "gamma": 0.025241406507615378}, "datetime": {"datetime": "2021-10-01 01:38:37", "elapsed": 94.532475, "delta": 0.777729}}
{"target": 0.48559201402939767, "params": {"C": 242.13803522597613, "gamma": 0.18285589853745499}, "datetime": {"datetime": "2021-10-01 01:38:38", "elapsed": 95.529123, "delta": 0.996648}}
{"target": 0.6676657665528647, "params": {"C": 511.69656535320723, "gamma": 0.13261003206586314}, "datetime": {"datetime": "2021-10-01 01:38:39", "elapsed": 96.36699, "delta": 0.837867}}
{"target": 0.7146035389801153, "params": {"C": 533.2723926958159, "gamma": 0.024865179078863417}, "datetime": {"datetime": "2021-10-01 01:38:40", "elapsed": 97.500475, "delta": 1.133485}}
{"target": 0.6808554073823372, "params": {"C": 537.574998734183, "gamma": 0.12559818787151397}, "datetime": {"datetime": "2021-10-01 01:38:41", "elapsed": 98.545417, "delta": 1.044942}}
{"target": 0.6340749261929497, "params": {"C": 529.0110932186263, "gamma": 0.17970735934848614}, "datetime": {"datetime": "2021-10-01 01:38:42", "elapsed": 99.47498, "delta": 0.929563}}
{"target": 0.4171442373009001, "params": {"C": 167.47694214617994, "gamma": 0.17327206978830684}, "datetime": {"datetime": "2021-10-01 01:38:43", "elapsed": 100.258872, "delta": 0.783892}}
{"target": 0.47085913047070227, "params": {"C": 193.43610886637816, "gamma": 0.006668819557251121}, "datetime": {"datetime": "2021-10-01 01:38:44", "elapsed": 101.151237, "delta": 0.892365}}
{"target": 0.6979331655299199, "params": {"C": 448.25709954548034, "gamma": 0.07316328873175357}, "datetime": {"datetime": "2021-10-01 01:38:46", "elapsed": 103.32969, "delta": 2.178453}}
{"target": 0.6431447152731268, "params": {"C": 286.5963033760623, "gamma": 0.06423342378465112}, "datetime": {"datetime": "2021-10-01 01:38:47", "elapsed": 104.623794, "delta": 1.294104}}
{"target": 0.6384250170664794, "params": {"C": 267.098267365364, "gamma": 0.025159278622773847}, "datetime": {"datetime": "2021-10-01 01:38:49", "elapsed": 105.975794, "delta": 1.352}}
{"target": 0.6361246773609537, "params": {"C": 581.9881724635811, "gamma": 0.19751230087836166}, "datetime": {"datetime": "2021-10-01 01:38:50", "elapsed": 107.428146, "delta": 1.452352}}
{"target": 0.7020116351899334, "params": {"C": 562.51683909047, "gamma": 0.10732503119240548}, "datetime": {"datetime": "2021-10-01 01:38:51", "elapsed": 108.432068, "delta": 1.003922}}
{"target": 0.7728853022682839, "params": {"C": 828.5557119254772, "gamma": 0.05580102011744418}, "datetime": {"datetime": "2021-10-01 01:38:52", "elapsed": 109.747068, "delta": 1.315}}
{"target": 0.7610177781999418, "params": {"C": 831.5601719266975, "gamma": 0.0901014900891634}, "datetime": {"datetime": "2021-10-01 01:38:53", "elapsed": 110.942067, "delta": 1.194999}}
{"target": 0.7312562562138423, "params": {"C": 825.4022823423102, "gamma": 0.13640790804741476}, "datetime": {"datetime": "2021-10-01 01:38:55", "elapsed": 112.39807, "delta": 1.456003}}
{"target": 0.46783057026979036, "params": {"C": 144.77186996554485, "gamma": 0.1091169756107244}, "datetime": {"datetime": "2021-10-01 01:38:57", "elapsed": 114.707347, "delta": 2.309277}}
{"target": 0.4346449455475033, "params": {"C": 122.02290849499525, "gamma": 0.1073728808105014}, "datetime": {"datetime": "2021-10-01 01:38:59", "elapsed": 116.945205, "delta": 2.237858}}
{"target": 0.6826696428928263, "params": {"C": 354.2126452207207, "gamma": 0.0381611521047985}, "datetime": {"datetime": "2021-10-01 01:39:01", "elapsed": 118.732889, "delta": 1.787684}}
{"target": 0.727241242585198, "params": {"C": 640.0589730673119, "gamma": 0.09581488267138993}, "datetime": {"datetime": "2021-10-01 01:39:04", "elapsed": 121.508696, "delta": 2.775807}}
{"target": 0.6071739761293777, "params": {"C": 341.880783382263, "gamma": 0.12788413572369753}, "datetime": {"datetime": "2021-10-01 01:39:06", "elapsed": 123.409575, "delta": 1.900879}}
{"target": 0.7080363837227949, "params": {"C": 491.5224674808476, "gamma": 0.07566801073066776}, "datetime": {"datetime": "2021-10-01 01:39:08", "elapsed": 125.010026, "delta": 1.600451}}
{"target": 0.6763667729039319, "params": {"C": 477.65734404971175, "gamma": 0.01580872582186738}, "datetime": {"datetime": "2021-10-01 01:39:10", "elapsed": 127.443953, "delta": 2.433927}}
{"target": 0.7701115952408025, "params": {"C": 925.049750427223, "gamma": 0.02991861949594172}, "datetime": {"datetime": "2021-10-01 01:39:12", "elapsed": 129.098968, "delta": 1.655015}}
{"target": 0.7705432533403065, "params": {"C": 922.0628367414837, "gamma": 0.09279662946822011}, "datetime": {"datetime": "2021-10-01 01:39:13", "elapsed": 130.842066, "delta": 1.743098}}
{"target": 0.332862498162494, "params": {"C": 102.04514084355107, "gamma": 0.15026921301020552}, "datetime": {"datetime": "2021-10-01 01:39:14", "elapsed": 131.906101, "delta": 1.064035}}
{"target": 0.5887224349997581, "params": {"C": 443.68065201325646, "gamma": 0.19813251462280732}, "datetime": {"datetime": "2021-10-01 01:39:16", "elapsed": 132.98208, "delta": 1.075979}}
{"target": 0.5908897178649041, "params": {"C": 452.4185201348417, "gamma": 0.19976933474000944}, "datetime": {"datetime": "2021-10-01 01:39:17", "elapsed": 134.039089, "delta": 1.057009}}
{"target": 0.6851667642848014, "params": {"C": 566.7883360096647, "gamma": 0.1297184013834382}, "datetime": {"datetime": "2021-10-01 01:39:17", "elapsed": 134.962253, "delta": 0.923164}}
{"target": 0.7402787644075671, "params": {"C": 636.4834780859146, "gamma": 0.03150836296343709}, "datetime": {"datetime": "2021-10-01 01:39:18", "elapsed": 135.903249, "delta": 0.940996}}
{"target": 0.25976356260762923, "params": {"C": 83.88822661488, "gamma": 0.17019294742179095}, "datetime": {"datetime": "2021-10-01 01:39:19", "elapsed": 136.793021, "delta": 0.889772}}
{"target": 0.3342509760147946, "params": {"C": 411.85390038108727, "gamma": 0.001}, "datetime": {"datetime": "2021-10-01 01:39:20", "elapsed": 137.845585, "delta": 1.052564}}
{"target": 0.6652729502512189, "params": {"C": 399.19054926101916, "gamma": 0.0934971524427181}, "datetime": {"datetime": "2021-10-01 01:39:22", "elapsed": 139.129258, "delta": 1.283673}}
{"target": 0.5286078896932085, "params": {"C": 325.2017406359082, "gamma": 0.2}, "datetime": {"datetime": "2021-10-01 01:39:23", "elapsed": 140.30696, "delta": 1.177702}}
{"target": 0.6843352526696217, "params": {"C": 558.1185502059772, "gamma": 0.0143221283504926}, "datetime": {"datetime": "2021-10-01 01:39:24", "elapsed": 141.215806, "delta": 0.908846}}
{"target": 0.5919033225310395, "params": {"C": 310.13648610971353, "gamma": 0.12635655947142357}, "datetime": {"datetime": "2021-10-01 01:39:25", "elapsed": 142.216768, "delta": 1.000962}}
{"target": 0.36375141652282383, "params": {"C": 516.9459949165913, "gamma": 0.001}, "datetime": {"datetime": "2021-10-01 01:39:26", "elapsed": 143.266401, "delta": 1.049633}}
{"target": 0.6952449444787155, "params": {"C": 506.81216975608135, "gamma": 0.09799788446888356}, "datetime": {"datetime": "2021-10-01 01:39:27", "elapsed": 144.330396, "delta": 1.063995}}
{"target": 0.624577071003177, "params": {"C": 368.57646731316436, "gamma": 0.12307093913587334}, "datetime": {"datetime": "2021-10-01 01:39:28", "elapsed": 145.304393, "delta": 0.973997}}
{"target": 0.6074663641694298, "params": {"C": 383.11199264580125, "gamma": 0.1475543986626437}, "datetime": {"datetime": "2021-10-01 01:39:29", "elapsed": 146.194394, "delta": 0.890001}}
{"target": 0.6155429994952439, "params": {"C": 212.61375100487462, "gamma": 0.032886161737740664}, "datetime": {"datetime": "2021-10-01 01:39:30", "elapsed": 147.296394, "delta": 1.102}}
{"target": 0.5756638775286468, "params": {"C": 224.52851386048962, "gamma": 0.0907954916249294}, "datetime": {"datetime": "2021-10-01 01:39:31", "elapsed": 148.198396, "delta": 0.902002}}
{"target": 0.34003767381700656, "params": {"C": 429.96151261153943, "gamma": 0.001}, "datetime": {"datetime": "2021-10-01 01:39:32", "elapsed": 149.254396, "delta": 1.056}}
{"target": 0.7488310773228979, "params": {"C": 643.5444344676602, "gamma": 0.04894134828228795}, "datetime": {"datetime": "2021-10-01 01:39:33", "elapsed": 150.726268, "delta": 1.471872}}
{"target": 0.6922082432900951, "params": {"C": 495.2093094292425, "gamma": 0.0978246101852475}, "datetime": {"datetime": "2021-10-01 01:39:35", "elapsed": 152.03161, "delta": 1.305342}}
{"target": 0.4068169523128069, "params": {"C": 65.7215375117754, "gamma": 0.04534495504478711}, "datetime": {"datetime": "2021-10-01 01:39:36", "elapsed": 153.297365, "delta": 1.265755}}
{"target": 0.1265283796979757, "params": {"C": 49.47236354824498, "gamma": 0.17192382770579498}, "datetime": {"datetime": "2021-10-01 01:39:37", "elapsed": 154.668181, "delta": 1.370816}}
{"target": 0.5584981719178477, "params": {"C": 281.6464124288774, "gamma": 0.1414438913953834}, "datetime": {"datetime": "2021-10-01 01:39:38", "elapsed": 155.859539, "delta": 1.191358}}
{"target": 0.4757177369092239, "params": {"C": 291.6281076589233, "gamma": 0.004542475332022837}, "datetime": {"datetime": "2021-10-01 01:39:40", "elapsed": 157.230714, "delta": 1.371175}}
{"target": 0.5806416769074272, "params": {"C": 272.0055625017304, "gamma": 0.01147390768887957}, "datetime": {"datetime": "2021-10-01 01:39:41", "elapsed": 158.47441, "delta": 1.243696}}
{"target": 0.49057396786765317, "params": {"C": 262.0727877857229, "gamma": 0.19428908691218794}, "datetime": {"datetime": "2021-10-01 01:39:42", "elapsed": 159.633004, "delta": 1.158594}}
{"target": 0.656761120969312, "params": {"C": 587.0796310957909, "gamma": 0.17224181459867674}, "datetime": {"datetime": "2021-10-01 01:39:44", "elapsed": 161.007796, "delta": 1.374792}}
{"target": 0.5915954581664078, "params": {"C": 577.2008415392055, "gamma": 0.00598230478754826}, "datetime": {"datetime": "2021-10-01 01:39:45", "elapsed": 162.126756, "delta": 1.11896}}
{"target": 0.3857742149914848, "params": {"C": 621.319068300424, "gamma": 0.001}, "datetime": {"datetime": "2021-10-01 01:39:46", "elapsed": 163.337798, "delta": 1.211042}}
{"target": 0.592287055149538, "params": {"C": 235.54176940568047, "gamma": 0.015711165138892456}, "datetime": {"datetime": "2021-10-01 01:39:47", "elapsed": 164.367754, "delta": 1.029956}}
{"target": 0.7612815198229625, "params": {"C": 834.6447143772017, "gamma": 0.09035316832787577}, "datetime": {"datetime": "2021-10-01 01:39:48", "elapsed": 165.47553, "delta": 1.107776}}
{"target": 0.5892929303007572, "params": {"C": 248.68894592974831, "gamma": 0.0942035426829397}, "datetime": {"datetime": "2021-10-01 01:39:49", "elapsed": 166.430533, "delta": 0.955003}}
{"target": 0.6740494597725035, "params": {"C": 707.6318889424028, "gamma": 0.1880491203632423}, "datetime": {"datetime": "2021-10-01 01:39:50", "elapsed": 167.807144, "delta": 1.376611}}
{"target": 0.6566774864192356, "params": {"C": 357.9939603680818, "gamma": 0.08537503708335718}, "datetime": {"datetime": "2021-10-01 01:39:52", "elapsed": 169.185744, "delta": 1.3786}}
{"target": 0.022178199464329196, "params": {"C": 33.11633659696788, "gamma": 0.17507423791091664}, "datetime": {"datetime": "2021-10-01 01:39:53", "elapsed": 170.683747, "delta": 1.498003}}
{"target": 0.7213855969712383, "params": {"C": 756.2459410723452, "gamma": 0.1343477637566895}, "datetime": {"datetime": "2021-10-01 01:39:55", "elapsed": 172.210744, "delta": 1.526997}}
{"target": -0.11819215563400198, "params": {"C": 16.531107203203383, "gamma": 0.15505202115813316}, "datetime": {"datetime": "2021-10-01 01:39:56", "elapsed": 173.401744, "delta": 1.191}}
{"target": -0.5513608265739098, "params": {"C": 1.0443523712870664, "gamma": 0.14325720670129052}, "datetime": {"datetime": "2021-10-01 01:39:57", "elapsed": 174.328744, "delta": 0.927}}
{"target": 0.5856049761736564, "params": {"C": 199.65354892677212, "gamma": 0.06568613993693927}, "datetime": {"datetime": "2021-10-01 01:39:58", "elapsed": 175.494362, "delta": 1.165618}}
{"target": 0.4884082521236446, "params": {"C": 187.17755415342052, "gamma": 0.13318968312560434}, "datetime": {"datetime": "2021-10-01 01:39:59", "elapsed": 176.629398, "delta": 1.135036}}
{"target": 0.46747023585930936, "params": {"C": 161.0635214124773, "gamma": 0.12543063280013678}, "datetime": {"datetime": "2021-10-01 01:40:00", "elapsed": 177.64036, "delta": 1.010962}}
{"target": 0.4630819379204214, "params": {"C": 173.82351347634355, "gamma": 0.14129240173822022}, "datetime": {"datetime": "2021-10-01 01:40:01", "elapsed": 178.535893, "delta": 0.895533}}
{"target": 0.707768952369819, "params": {"C": 488.15441231328487, "gamma": 0.025961854488229255}, "datetime": {"datetime": "2021-10-01 01:40:02", "elapsed": 179.611851, "delta": 1.075958}}
{"target": 0.5756587324284952, "params": {"C": 337.4660643372303, "gamma": 0.15728354152197363}, "datetime": {"datetime": "2021-10-01 01:40:03", "elapsed": 180.67186, "delta": 1.060009}}
{"target": 0.4193978699089147, "params": {"C": 150.29679941030182, "gamma": 0.1513260554177514}, "datetime": {"datetime": "2021-10-01 01:40:04", "elapsed": 181.741389, "delta": 1.069529}}
{"target": 0.7030612412430852, "params": {"C": 870.9386910730501, "gamma": 0.19016838730970623}, "datetime": {"datetime": "2021-10-01 01:40:05", "elapsed": 182.640389, "delta": 0.899}}
{"target": 0.5720814652249628, "params": {"C": 395.656155359424, "gamma": 0.19307699035415682}, "datetime": {"datetime": "2021-10-01 01:40:07", "elapsed": 184.435389, "delta": 1.795}}
{"target": 0.400799207000231, "params": {"C": 139.52674937709034, "gamma": 0.15304291687717264}, "datetime": {"datetime": "2021-10-01 01:40:08", "elapsed": 185.710384, "delta": 1.274995}}
{"target": 0.7894485807438529, "params": {"C": 999.9938602793543, "gamma": 0.05721327066818851}, "datetime": {"datetime": "2021-10-01 01:40:09", "elapsed": 186.674427, "delta": 0.964043}}
{"target": 0.5950984714744862, "params": {"C": 351.1075994547736, "gamma": 0.1446406928615476}, "datetime": {"datetime": "2021-10-01 01:40:10", "elapsed": 187.543428, "delta": 0.869001}}
{"target": 0.4136836186634246, "params": {"C": 801.0043524429258, "gamma": 0.001}, "datetime": {"datetime": "2021-10-01 01:40:11", "elapsed": 188.604387, "delta": 1.060959}}
{"target": 0.776967796635155, "params": {"C": 927.7418362007954, "gamma": 0.03647619667334599}, "datetime": {"datetime": "2021-10-01 01:40:12", "elapsed": 189.684384, "delta": 1.079997}}
{"target": 0.4553979489845472, "params": {"C": 127.50817445856782, "gamma": 0.0997385855090558}, "datetime": {"datetime": "2021-10-01 01:40:13", "elapsed": 190.711385, "delta": 1.027001}}
{"target": 0.39968047943912866, "params": {"C": 116.52082984709655, "gamma": 0.12422434578688844}, "datetime": {"datetime": "2021-10-01 01:40:14", "elapsed": 191.822429, "delta": 1.111044}}
{"target": 0.6322875799595694, "params": {"C": 402.28113925034927, "gamma": 0.12994533838450475}, "datetime": {"datetime": "2021-10-01 01:40:15", "elapsed": 192.816384, "delta": 0.993955}}
{"target": 0.6271408159679965, "params": {"C": 481.0220760958503, "gamma": 0.16883706396103285}, "datetime": {"datetime": "2021-10-01 01:40:16", "elapsed": 193.879389, "delta": 1.063005}}
{"target": 0.6646950695605218, "params": {"C": 503.71928874276085, "gamma": 0.13330217458351612}, "datetime": {"datetime": "2021-10-01 01:40:18", "elapsed": 195.540389, "delta": 1.661}}
{"target": 0.7458942052430484, "params": {"C": 983.2481688813887, "gamma": 0.14748653989917015}, "datetime": {"datetime": "2021-10-01 01:40:19", "elapsed": 196.534429, "delta": 0.99404}}
{"target": 0.7072115411682806, "params": {"C": 665.3535418341929, "gamma": 0.015510437513577092}, "datetime": {"datetime": "2021-10-01 01:40:20", "elapsed": 197.520388, "delta": 0.985959}}
{"target": 0.6202560305067708, "params": {"C": 525.6186336026597, "gamma": 0.19587104701189972}, "datetime": {"datetime": "2021-10-01 01:40:21", "elapsed": 198.822388, "delta": 1.302}}
{"target": 0.3693205207665825, "params": {"C": 540.882351076232, "gamma": 0.001}, "datetime": {"datetime": "2021-10-01 01:40:23", "elapsed": 200.057387, "delta": 1.234999}}
{"target": 0.662980264559742, "params": {"C": 345.2569250602359, "gamma": 0.022062299152381636}, "datetime": {"datetime": "2021-10-01 01:40:24", "elapsed": 201.130386, "delta": 1.072999}}
{"target": 0.7740942138357496, "params": {"C": 968.2256633768546, "gamma": 0.030288280648641402}, "datetime": {"datetime": "2021-10-01 01:40:25", "elapsed": 202.419389, "delta": 1.289003}}
{"target": 0.5330244051185281, "params": {"C": 313.75608300300047, "gamma": 0.18754022847656768}, "datetime": {"datetime": "2021-10-01 01:40:26", "elapsed": 203.545914, "delta": 1.126525}}
{"target": 0.5931198324984542, "params": {"C": 372.20773113240745, "gamma": 0.15742984847093056}, "datetime": {"datetime": "2021-10-01 01:40:28", "elapsed": 204.999915, "delta": 1.454001}}
{"target": 0.6884577400346057, "params": {"C": 729.0021623758254, "gamma": 0.17386653425348556}, "datetime": {"datetime": "2021-10-01 01:40:29", "elapsed": 206.028915, "delta": 1.029}}
{"target": 0.692823958899412, "params": {"C": 386.63989745298795, "gamma": 0.037754100455560644}, "datetime": {"datetime": "2021-10-01 01:40:30", "elapsed": 207.397941, "delta": 1.369026}}
{"target": 0.7036231614685323, "params": {"C": 766.6950292710326, "gamma": 0.16247797512085602}, "datetime": {"datetime": "2021-10-01 01:40:31", "elapsed": 208.426951, "delta": 1.02901}}
{"target": 0.664694867246514, "params": {"C": 474.92356510084556, "gamma": 0.12298002110082326}, "datetime": {"datetime": "2021-10-01 01:40:32", "elapsed": 209.468943, "delta": 1.041992}}
{"target": 0.5762482522191568, "params": {"C": 306.64096429006213, "gamma": 0.13939628937227966}, "datetime": {"datetime": "2021-10-01 01:40:33", "elapsed": 210.496927, "delta": 1.027984}}
{"target": 0.6694595774866752, "params": {"C": 535.2665023537986, "gamma": 0.1385875813141195}, "datetime": {"datetime": "2021-10-01 01:40:35", "elapsed": 212.415789, "delta": 1.918862}}
{"target": 0.5645537006640049, "params": {"C": 321.2919228452033, "gamma": 0.15940674695913074}, "datetime": {"datetime": "2021-10-01 01:40:36", "elapsed": 213.589658, "delta": 1.173869}}
{"target": 0.5516744658235524, "params": {"C": 365.4506580921505, "gamma": 0.19943551200166487}, "datetime": {"datetime": "2021-10-01 01:40:37", "elapsed": 214.667052, "delta": 1.077394}}
{"target": 0.6191668455910517, "params": {"C": 509.3193044071157, "gamma": 0.19042415255473463}, "datetime": {"datetime": "2021-10-01 01:40:38", "elapsed": 215.762659, "delta": 1.095607}}
{"target": 0.7010188418142902, "params": {"C": 789.5693417344429, "gamma": 0.17229386103972763}, "datetime": {"datetime": "2021-10-01 01:40:40", "elapsed": 217.37449, "delta": 1.611831}}
{"target": 0.6963963301814897, "params": {"C": 569.4114709076548, "gamma": 0.016338531667696412}, "datetime": {"datetime": "2021-10-01 01:40:41", "elapsed": 218.462871, "delta": 1.088381}}
