{"target": 0.8996668317531104, "params": {"C": 8835.827520479705, "gamma": 0.07932774649794078}, "datetime": {"datetime": "2021-10-04 09:28:24", "elapsed": 36.304858, "delta": 0.470362}}
{"target": 0.9018132154883135, "params": {"C": 8835.597281911323, "gamma": 0.06997298358881038}, "datetime": {"datetime": "2021-10-04 09:28:25", "elapsed": 36.790749, "delta": 0.485891}}
{"target": 0.8605915938620012, "params": {"C": 9941.035141631866, "gamma": 0.013511241281298061}, "datetime": {"datetime": "2021-10-04 09:28:25", "elapsed": 37.254316, "delta": 0.463567}}
{"target": 0.8301662502899717, "params": {"C": 8400.221752409681, "gamma": 0.007341728523296874}, "datetime": {"datetime": "2021-10-04 09:28:26", "elapsed": 37.708978, "delta": 0.454662}}
{"target": 0.8925919021861357, "params": {"C": 6505.121355850664, "gamma": 0.049819042742443496}, "datetime": {"datetime": "2021-10-04 09:28:26", "elapsed": 38.140873, "delta": 0.431895}}
{"target": 0.8905949217532511, "params": {"C": 6505.123972859745, "gamma": 0.04442666470970463}, "datetime": {"datetime": "2021-10-04 09:28:27", "elapsed": 38.588924, "delta": 0.448051}}
{"target": 0.855129865005945, "params": {"C": 9749.497094174956, "gamma": 0.011834582421042562}, "datetime": {"datetime": "2021-10-04 09:28:27", "elapsed": 39.117892, "delta": 0.528968}}
{"target": 0.8944146916152526, "params": {"C": 6716.450592048399, "gamma": 0.05359694859748735}, "datetime": {"datetime": "2021-10-04 09:28:28", "elapsed": 39.707213, "delta": 0.589321}}
{"target": 0.8682503731680059, "params": {"C": 9012.282161824787, "gamma": 0.017655237096736533}, "datetime": {"datetime": "2021-10-04 09:28:28", "elapsed": 40.234211, "delta": 0.526998}}
{"target": 0.9039305264759484, "params": {"C": 9571.805322538325, "gamma": 0.0683786831295704}, "datetime": {"datetime": "2021-10-04 09:28:29", "elapsed": 40.835961, "delta": 0.60175}}
{"target": 0.8926961994779714, "params": {"C": 8329.437277350084, "gamma": 0.037481142718387116}, "datetime": {"datetime": "2021-10-04 09:28:29", "elapsed": 41.368568, "delta": 0.532607}}
{"target": 0.8732033772014629, "params": {"C": 9749.576463962636, "gamma": 0.019480040282123308}, "datetime": {"datetime": "2021-10-04 09:28:30", "elapsed": 41.905774, "delta": 0.537206}}
{"target": 0.8861516391929156, "params": {"C": 5298.483277177638, "gamma": 0.06980707270470154}, "datetime": {"datetime": "2021-10-04 09:28:30", "elapsed": 42.384182, "delta": 0.478408}}
{"target": 0.8773692167264063, "params": {"C": 7161.474545865877, "gamma": 0.02617272478070456}, "datetime": {"datetime": "2021-10-04 09:28:31", "elapsed": 42.904697, "delta": 0.520515}}
{"target": 0.8830078622188966, "params": {"C": 5746.602864118881, "gamma": 0.037666539268911656}, "datetime": {"datetime": "2021-10-04 09:28:32", "elapsed": 43.451215, "delta": 0.546518}}
{"target": 0.7354579844859752, "params": {"C": 6815.773092479357, "gamma": 0.002017976133910997}, "datetime": {"datetime": "2021-10-04 09:28:32", "elapsed": 43.941323, "delta": 0.490108}}
{"target": 0.6780516952057105, "params": {"C": 9571.855922454717, "gamma": 0.0010640953678952264}, "datetime": {"datetime": "2021-10-04 09:28:33", "elapsed": 44.496318, "delta": 0.554995}}
{"target": 0.8354585742741396, "params": {"C": 8835.638818237572, "gamma": 0.007960419671415947}, "datetime": {"datetime": "2021-10-04 09:28:33", "elapsed": 45.091832, "delta": 0.595514}}
{"target": 0.8585367566241984, "params": {"C": 8472.664797955631, "gamma": 0.014070716191134598}, "datetime": {"datetime": "2021-10-04 09:28:34", "elapsed": 45.664063, "delta": 0.572231}}
{"target": 0.8990604883170834, "params": {"C": 8329.383069317442, "gamma": 0.048906412357396095}, "datetime": {"datetime": "2021-10-04 09:28:34", "elapsed": 46.26755, "delta": 0.603487}}
{"target": 0.9037283163124163, "params": {"C": 9411.798393504085, "gamma": 0.06690582596447724}, "datetime": {"datetime": "2021-10-04 09:28:35", "elapsed": 46.815488, "delta": 0.547938}}
{"target": 0.8811230391002999, "params": {"C": 9411.842459856494, "gamma": 0.024787657732205013}, "datetime": {"datetime": "2021-10-04 09:28:35", "elapsed": 47.374645, "delta": 0.559157}}
{"target": 0.8877283877835247, "params": {"C": 5746.571155580627, "gamma": 0.07624857573612313}, "datetime": {"datetime": "2021-10-04 09:28:36", "elapsed": 47.932473, "delta": 0.557828}}
{"target": 0.8928969289395876, "params": {"C": 6793.874929190909, "gamma": 0.07783760818673581}, "datetime": {"datetime": "2021-10-04 09:28:37", "elapsed": 48.449603, "delta": 0.51713}}
{"target": 0.9019486895851707, "params": {"C": 8757.392666075895, "gamma": 0.06746929960579286}, "datetime": {"datetime": "2021-10-04 09:28:37", "elapsed": 48.999133, "delta": 0.54953}}
{"target": 0.9038190347059619, "params": {"C": 9548.792295155576, "gamma": 0.05468978537435252}, "datetime": {"datetime": "2021-10-04 09:28:38", "elapsed": 49.597705, "delta": 0.598572}}
{"target": 0.8891651652044144, "params": {"C": 9548.747725858004, "gamma": 0.030803553703786034}, "datetime": {"datetime": "2021-10-04 09:28:38", "elapsed": 50.311599, "delta": 0.713894}}
{"target": 0.8804057784667279, "params": {"C": 7182.089037719288, "gamma": 0.0285216577779431}, "datetime": {"datetime": "2021-10-04 09:28:39", "elapsed": 50.846383, "delta": 0.534784}}
{"target": 0.8611973207759658, "params": {"C": 8403.766561685758, "gamma": 0.01516593031226384}, "datetime": {"datetime": "2021-10-04 09:28:40", "elapsed": 51.424579, "delta": 0.578196}}
{"target": 0.8977295333213132, "params": {"C": 7551.731416551429, "gamma": 0.05349526894355916}, "datetime": {"datetime": "2021-10-04 09:28:40", "elapsed": 51.956288, "delta": 0.531709}}
{"target": 0.8783884989749531, "params": {"C": 5313.162597194398, "gamma": 0.034764161343746984}, "datetime": {"datetime": "2021-10-04 09:28:41", "elapsed": 52.479997, "delta": 0.523709}}
{"target": 0.8727821736311286, "params": {"C": 8909.562023302107, "gamma": 0.02018253212186896}, "datetime": {"datetime": "2021-10-04 09:28:41", "elapsed": 53.048117, "delta": 0.56812}}
{"target": 0.894341313539277, "params": {"C": 6790.7244890025395, "gamma": 0.05166655559308709}, "datetime": {"datetime": "2021-10-04 09:28:42", "elapsed": 53.598138, "delta": 0.550021}}
{"target": 0.8999599229661523, "params": {"C": 8472.596432626906, "gamma": 0.0741908240986705}, "datetime": {"datetime": "2021-10-04 09:28:42", "elapsed": 54.216714, "delta": 0.618576}}
{"target": 0.8639781925634594, "params": {"C": 8835.748431679476, "gamma": 0.01586321905113926}, "datetime": {"datetime": "2021-10-04 09:28:43", "elapsed": 54.88656, "delta": 0.669846}}
{"target": 0.9011184608084077, "params": {"C": 8909.62378317902, "gamma": 0.07452533152178634}, "datetime": {"datetime": "2021-10-04 09:28:44", "elapsed": 55.47054, "delta": 0.58398}}
{"target": 0.8979516874488149, "params": {"C": 8292.58149684054, "gamma": 0.07982578144198892}, "datetime": {"datetime": "2021-10-04 09:28:44", "elapsed": 56.372679, "delta": 0.902139}}
{"target": 0.9047346906636193, "params": {"C": 9749.63833836523, "gamma": 0.0646530019786841}, "datetime": {"datetime": "2021-10-04 09:28:45", "elapsed": 56.947306, "delta": 0.574627}}
{"target": 0.8848520093665732, "params": {"C": 7459.942461283526, "gamma": 0.031703655658144626}, "datetime": {"datetime": "2021-10-04 09:28:46", "elapsed": 57.50174, "delta": 0.554434}}
{"target": 0.8996156763909985, "params": {"C": 8403.862941962447, "gamma": 0.04992618439376289}, "datetime": {"datetime": "2021-10-04 09:28:46", "elapsed": 58.259793, "delta": 0.758053}}
{"target": 0.8935819335089169, "params": {"C": 6765.023671179866, "gamma": 0.07458039366898865}, "datetime": {"datetime": "2021-10-04 09:28:47", "elapsed": 58.845414, "delta": 0.585621}}
{"target": 0.8836106359358419, "params": {"C": 7160.7554938612975, "gamma": 0.031452933786163546}, "datetime": {"datetime": "2021-10-04 09:28:48", "elapsed": 59.462463, "delta": 0.617049}}
{"target": 0.9025806028053402, "params": {"C": 8909.683050479047, "gamma": 0.06535332288387402}, "datetime": {"datetime": "2021-10-04 09:28:48", "elapsed": 60.091036, "delta": 0.628573}}
{"target": 0.9023116980835945, "params": {"C": 8757.400734672727, "gamma": 0.06063367930725389}, "datetime": {"datetime": "2021-10-04 09:28:49", "elapsed": 60.720372, "delta": 0.629336}}
{"target": 0.8953290083695207, "params": {"C": 6929.895741677072, "gamma": 0.06932177972531045}, "datetime": {"datetime": "2021-10-04 09:28:49", "elapsed": 61.305341, "delta": 0.584969}}
{"target": 0.8571003017431835, "params": {"C": 8329.15144752988, "gamma": 0.013703614755715705}, "datetime": {"datetime": "2021-10-04 09:28:50", "elapsed": 61.969808, "delta": 0.664467}}
{"target": 0.893974478858929, "params": {"C": 9476.211995124304, "gamma": 0.03565347406168159}, "datetime": {"datetime": "2021-10-04 09:28:51", "elapsed": 62.618159, "delta": 0.648351}}
{"target": 0.8805799643597803, "params": {"C": 6857.726435259334, "gamma": 0.029636062676164355}, "datetime": {"datetime": "2021-10-04 09:28:51", "elapsed": 63.194536, "delta": 0.576377}}
{"target": 0.7639328149356264, "params": {"C": 8237.751755207075, "gamma": 0.0023857765642628353}, "datetime": {"datetime": "2021-10-04 09:28:52", "elapsed": 63.799831, "delta": 0.605295}}
{"target": 0.903230361120586, "params": {"C": 9749.696998686093, "gamma": 0.07434078864885531}, "datetime": {"datetime": "2021-10-04 09:28:53", "elapsed": 64.481833, "delta": 0.682002}}
{"target": 0.9008105620401791, "params": {"C": 8530.709197088261, "gamma": 0.07078558289893933}, "datetime": {"datetime": "2021-10-04 09:28:53", "elapsed": 65.228612, "delta": 0.746779}}
{"target": 0.9042015303306907, "params": {"C": 9893.89444147241, "gamma": 0.05260974153457771}, "datetime": {"datetime": "2021-10-04 09:28:54", "elapsed": 65.836622, "delta": 0.60801}}
{"target": 0.8079282148425576, "params": {"C": 9876.920526834045, "gamma": 0.004167522816515003}, "datetime": {"datetime": "2021-10-04 09:28:55", "elapsed": 66.448868, "delta": 0.612246}}
{"target": 0.8817542616937591, "params": {"C": 9893.84427758397, "gamma": 0.024607250878099635}, "datetime": {"datetime": "2021-10-04 09:28:55", "elapsed": 67.243088, "delta": 0.79422}}
{"target": 0.645188270014551, "params": {"C": 6765.025599570652, "gamma": 0.0010404235881818838}, "datetime": {"datetime": "2021-10-04 09:28:56", "elapsed": 68.197846, "delta": 0.954758}}
{"target": 0.8930278806692169, "params": {"C": 6388.742957982286, "gamma": 0.05439443993291456}, "datetime": {"datetime": "2021-10-04 09:28:57", "elapsed": 68.785043, "delta": 0.587197}}
{"target": 0.8920249221221035, "params": {"C": 6790.660042798082, "gamma": 0.04486449807025526}, "datetime": {"datetime": "2021-10-04 09:28:58", "elapsed": 69.595196, "delta": 0.810153}}
{"target": 0.9016099751817859, "params": {"C": 8757.33513504328, "gamma": 0.05381753332830996}, "datetime": {"datetime": "2021-10-04 09:28:58", "elapsed": 70.413049, "delta": 0.817853}}
{"target": 0.8949334462251699, "params": {"C": 6714.2079790675725, "gamma": 0.0579246774951684}, "datetime": {"datetime": "2021-10-04 09:28:59", "elapsed": 71.01706, "delta": 0.604011}}
{"target": 0.8545557172978642, "params": {"C": 6929.836492169441, "gamma": 0.014494462729846325}, "datetime": {"datetime": "2021-10-04 09:29:00", "elapsed": 71.837904, "delta": 0.820844}}
{"target": 0.8960776324425932, "params": {"C": 7085.2433527746, "gamma": 0.05419735382195482}, "datetime": {"datetime": "2021-10-04 09:29:01", "elapsed": 72.615223, "delta": 0.777319}}
{"target": 0.9009249044368864, "params": {"C": 8757.283756811295, "gamma": 0.07352248003957906}, "datetime": {"datetime": "2021-10-04 09:29:01", "elapsed": 73.299378, "delta": 0.684155}}
{"target": 0.8697823896871171, "params": {"C": 9476.271972115657, "gamma": 0.017935434718163543}, "datetime": {"datetime": "2021-10-04 09:29:02", "elapsed": 73.998304, "delta": 0.698926}}
{"target": 0.8522887779434147, "params": {"C": 5508.80613820696, "gamma": 0.016178156407129492}, "datetime": {"datetime": "2021-10-04 09:29:03", "elapsed": 74.621922, "delta": 0.623618}}
{"target": 0.8926220725157006, "params": {"C": 6505.05009066017, "gamma": 0.07335205808210245}, "datetime": {"datetime": "2021-10-04 09:29:03", "elapsed": 75.376654, "delta": 0.754732}}
{"target": 0.708890804861442, "params": {"C": 7085.178524311019, "gamma": 0.0015870235617404796}, "datetime": {"datetime": "2021-10-04 09:29:04", "elapsed": 76.050489, "delta": 0.673835}}
{"target": 0.8919832964929308, "params": {"C": 6097.482605665887, "gamma": 0.06126007419701265}, "datetime": {"datetime": "2021-10-04 09:29:05", "elapsed": 76.708669, "delta": 0.65818}}
{"target": 0.8645887166877178, "params": {"C": 8530.652154787533, "gamma": 0.016467461051428826}, "datetime": {"datetime": "2021-10-04 09:29:06", "elapsed": 77.628267, "delta": 0.919598}}
{"target": 0.8908224085501467, "params": {"C": 6809.673321045971, "gamma": 0.04231076119741254}, "datetime": {"datetime": "2021-10-04 09:29:07", "elapsed": 78.499329, "delta": 0.871062}}
{"target": 0.8775723563603253, "params": {"C": 5219.378649007354, "gamma": 0.03445736212600737}, "datetime": {"datetime": "2021-10-04 09:29:07", "elapsed": 79.167096, "delta": 0.667767}}
{"target": 0.8908771740283828, "params": {"C": 9885.788323165716, "gamma": 0.03172872720629969}, "datetime": {"datetime": "2021-10-04 09:29:08", "elapsed": 79.812635, "delta": 0.645539}}
{"target": 0.8912436157826912, "params": {"C": 6115.52001000083, "gamma": 0.0520846566211039}, "datetime": {"datetime": "2021-10-04 09:29:09", "elapsed": 80.544104, "delta": 0.731469}}
{"target": 0.8378202414118673, "params": {"C": 6793.849988177975, "gamma": 0.009980037560831937}, "datetime": {"datetime": "2021-10-04 09:29:09", "elapsed": 81.361464, "delta": 0.81736}}
{"target": 0.7361069428230148, "params": {"C": 6285.947083077356, "gamma": 0.0021337849811043095}, "datetime": {"datetime": "2021-10-04 09:29:10", "elapsed": 82.066626, "delta": 0.705162}}
{"target": 0.9016319453354789, "params": {"C": 8835.550825033502, "gamma": 0.07103646423319515}, "datetime": {"datetime": "2021-10-04 09:29:11", "elapsed": 82.861489, "delta": 0.794863}}
{"target": 0.8765848379394015, "params": {"C": 8835.510769889643, "gamma": 0.022564038900318165}, "datetime": {"datetime": "2021-10-04 09:29:12", "elapsed": 83.795371, "delta": 0.933882}}
{"target": 0.9024739195545134, "params": {"C": 9144.602584514329, "gamma": 0.0709204082471712}, "datetime": {"datetime": "2021-10-04 09:29:13", "elapsed": 84.51539, "delta": 0.720019}}
{"target": 0.8239949046606617, "params": {"C": 9749.71215862338, "gamma": 0.005849342973537531}, "datetime": {"datetime": "2021-10-04 09:29:13", "elapsed": 85.270241, "delta": 0.754851}}
{"target": 0.9000989132143264, "params": {"C": 9012.224131102299, "gamma": 0.07945552344936381}, "datetime": {"datetime": "2021-10-04 09:29:14", "elapsed": 86.213555, "delta": 0.943314}}
{"target": 0.8994673889854032, "params": {"C": 8472.546672730612, "gamma": 0.048861892038047854}, "datetime": {"datetime": "2021-10-04 09:29:15", "elapsed": 86.942486, "delta": 0.728931}}
{"target": 0.8895988190021833, "params": {"C": 9893.954422378742, "gamma": 0.030588111206897358}, "datetime": {"datetime": "2021-10-04 09:29:16", "elapsed": 87.713053, "delta": 0.770567}}
{"target": 0.8869068704408419, "params": {"C": 8292.529715199229, "gamma": 0.03138147967018363}, "datetime": {"datetime": "2021-10-04 09:29:17", "elapsed": 88.493125, "delta": 0.780072}}
{"target": 0.902545118780735, "params": {"C": 8909.732539614277, "gamma": 0.06577536267549268}, "datetime": {"datetime": "2021-10-04 09:29:17", "elapsed": 89.316013, "delta": 0.822888}}
{"target": 0.8957021082519289, "params": {"C": 6889.523866925881, "gamma": 0.06436106483755516}, "datetime": {"datetime": "2021-10-04 09:29:18", "elapsed": 90.028107, "delta": 0.712094}}
{"target": 0.9006396010569244, "params": {"C": 8370.413451162938, "gamma": 0.0688347181409665}, "datetime": {"datetime": "2021-10-04 09:29:19", "elapsed": 90.758521, "delta": 0.730414}}
{"target": 0.8825072587451972, "params": {"C": 6314.544750406263, "gamma": 0.03365407273703805}, "datetime": {"datetime": "2021-10-04 09:29:20", "elapsed": 91.565903, "delta": 0.807382}}
{"target": 0.8505465218144724, "params": {"C": 9530.389761454857, "gamma": 0.010704755869312046}, "datetime": {"datetime": "2021-10-04 09:29:20", "elapsed": 92.235123, "delta": 0.66922}}
{"target": 0.8601177604386382, "params": {"C": 8472.50405830816, "gamma": 0.014665482389649112}, "datetime": {"datetime": "2021-10-04 09:29:21", "elapsed": 93.409866, "delta": 1.174743}}
{"target": 0.8571650409238829, "params": {"C": 8835.82110529135, "gamma": 0.013233930944882726}, "datetime": {"datetime": "2021-10-04 09:29:22", "elapsed": 94.200863, "delta": 0.790997}}
{"target": 0.8179486558562455, "params": {"C": 8757.30348340765, "gamma": 0.005526924727803292}, "datetime": {"datetime": "2021-10-04 09:29:23", "elapsed": 95.087706, "delta": 0.886843}}
{"target": 0.7460124448869284, "params": {"C": 6889.52311094512, "gamma": 0.0022101660341859574}, "datetime": {"datetime": "2021-10-04 09:29:24", "elapsed": 95.871363, "delta": 0.783657}}
{"target": 0.7798876459567557, "params": {"C": 9144.576734564384, "gamma": 0.0027309678162783556}, "datetime": {"datetime": "2021-10-04 09:29:25", "elapsed": 96.65831, "delta": 0.786947}}
{"target": 0.9026421680350148, "params": {"C": 8896.465715016824, "gamma": 0.05912946285077774}, "datetime": {"datetime": "2021-10-04 09:29:25", "elapsed": 97.361698, "delta": 0.703388}}
{"target": 0.8989172699603527, "params": {"C": 8108.902701629373, "gamma": 0.05060553082020065}, "datetime": {"datetime": "2021-10-04 09:29:26", "elapsed": 98.075156, "delta": 0.713458}}
{"target": 0.8547156506050857, "params": {"C": 7877.622045593656, "gamma": 0.013367913061025076}, "datetime": {"datetime": "2021-10-04 09:29:27", "elapsed": 98.758505, "delta": 0.683349}}
{"target": 0.9002252310426668, "params": {"C": 8370.486711727171, "gamma": 0.07138195431698927}, "datetime": {"datetime": "2021-10-04 09:29:28", "elapsed": 99.613627, "delta": 0.855122}}
{"target": 0.8990257596908701, "params": {"C": 8403.912751060605, "gamma": 0.04818814749931854}, "datetime": {"datetime": "2021-10-04 09:29:29", "elapsed": 100.475273, "delta": 0.861646}}
{"target": 0.8417909020672955, "params": {"C": 8108.932946943843, "gamma": 0.009674500471538686}, "datetime": {"datetime": "2021-10-04 09:29:29", "elapsed": 101.299542, "delta": 0.824269}}
{"target": 0.8991329515156042, "params": {"C": 8370.544219660125, "gamma": 0.07637627618096694}, "datetime": {"datetime": "2021-10-04 09:29:30", "elapsed": 102.034653, "delta": 0.735111}}
{"target": 0.8951050850405172, "params": {"C": 6764.913803397221, "gamma": 0.06497525364123374}, "datetime": {"datetime": "2021-10-04 09:29:31", "elapsed": 102.894944, "delta": 0.860291}}
{"target": 0.7822164106743061, "params": {"C": 6115.621229774162, "gamma": 0.003680768417205743}, "datetime": {"datetime": "2021-10-04 09:29:32", "elapsed": 103.889262, "delta": 0.994318}}
{"target": 0.8798564275172494, "params": {"C": 9572.902291537968, "gamma": 0.02372246940260721}, "datetime": {"datetime": "2021-10-04 09:29:33", "elapsed": 104.604938, "delta": 0.715676}}
{"target": 0.8817870120231666, "params": {"C": 5017.032409346141, "gamma": 0.07888216327265196}, "datetime": {"datetime": "2021-10-04 09:29:33", "elapsed": 105.301675, "delta": 0.696737}}
{"target": 0.900790779570551, "params": {"C": 9476.134738782537, "gamma": 0.045646088099683735}, "datetime": {"datetime": "2021-10-04 09:29:34", "elapsed": 106.05905, "delta": 0.757375}}
{"target": 0.859839116845121, "params": {"C": 8909.7913392422, "gamma": 0.014120306159996696}, "datetime": {"datetime": "2021-10-04 09:29:35", "elapsed": 106.962471, "delta": 0.903421}}
{"target": 0.8995293872139873, "params": {"C": 8108.905743204363, "gamma": 0.05307472958951424}, "datetime": {"datetime": "2021-10-04 09:29:36", "elapsed": 107.718713, "delta": 0.756242}}
{"target": 0.8949879622308378, "params": {"C": 8530.755255482745, "gamma": 0.03982092451662896}, "datetime": {"datetime": "2021-10-04 09:29:37", "elapsed": 108.540276, "delta": 0.821563}}
{"target": 0.7670249072129025, "params": {"C": 7533.740083779876, "gamma": 0.0026171091793497593}, "datetime": {"datetime": "2021-10-04 09:29:37", "elapsed": 109.286737, "delta": 0.746461}}
{"target": 0.8863995971584486, "params": {"C": 5508.231020880999, "gamma": 0.046864605212948544}, "datetime": {"datetime": "2021-10-04 09:29:38", "elapsed": 110.081401, "delta": 0.794664}}
{"target": 0.8751956953825433, "params": {"C": 5767.7363855420335, "gamma": 0.028947575117944185}, "datetime": {"datetime": "2021-10-04 09:29:39", "elapsed": 110.870899, "delta": 0.789498}}
{"target": 0.8894531310827712, "params": {"C": 6285.849659883511, "gamma": 0.044136347745945645}, "datetime": {"datetime": "2021-10-04 09:29:40", "elapsed": 112.043454, "delta": 1.172555}}
{"target": 0.8669321922915383, "params": {"C": 7213.265458736603, "gamma": 0.01947127705037398}, "datetime": {"datetime": "2021-10-04 09:29:41", "elapsed": 112.925018, "delta": 0.881564}}
{"target": 0.9039190097888012, "params": {"C": 9453.992075445523, "gamma": 0.06605634193351298}, "datetime": {"datetime": "2021-10-04 09:29:42", "elapsed": 113.764136, "delta": 0.839118}}
{"target": 0.8657835613409732, "params": {"C": 9454.04826358236, "gamma": 0.016042660744282934}, "datetime": {"datetime": "2021-10-04 09:29:43", "elapsed": 114.867844, "delta": 1.103708}}
{"target": 0.896039367423069, "params": {"C": 7000.045792269089, "gamma": 0.056456039054963505}, "datetime": {"datetime": "2021-10-04 09:29:44", "elapsed": 115.652043, "delta": 0.784199}}
{"target": 0.8742772565094319, "params": {"C": 8909.660061878927, "gamma": 0.021050570130962995}, "datetime": {"datetime": "2021-10-04 09:29:45", "elapsed": 116.611527, "delta": 0.959484}}
{"target": 0.8810521057589084, "params": {"C": 6790.783269726409, "gamma": 0.030282553813535434}, "datetime": {"datetime": "2021-10-04 09:29:46", "elapsed": 117.667476, "delta": 1.055949}}
