{"target": 0.8938377883803381, "params": {"C": 6929.9583160915, "gamma": 0.0765673140109402}, "datetime": {"datetime": "2021-10-04 09:29:47", "elapsed": 118.526879, "delta": 0.859403}}
{"target": 0.8959836588511649, "params": {"C": 7085.314033335049, "gamma": 0.06936479084860944}, "datetime": {"datetime": "2021-10-04 09:29:49", "elapsed": 120.528741, "delta": 0.970257}}
{"target": 0.8951473234600232, "params": {"C": 7000.101198638781, "gamma": 0.051369006449334766}, "datetime": {"datetime": "2021-10-04 09:29:50", "elapsed": 121.96638, "delta": 1.437639}}
{"target": 0.8741819563843585, "params": {"C": 8896.39744039442, "gamma": 0.021011071671378737}, "datetime": {"datetime": "2021-10-04 09:29:51", "elapsed": 122.875489, "delta": 0.909109}}
{"target": 0.8932304252213012, "params": {"C": 6714.142296759787, "gamma": 0.07508197702817593}, "datetime": {"datetime": "2021-10-04 09:29:52", "elapsed": 123.832184, "delta": 0.956695}}
{"target": 0.8780434155890824, "params": {"C": 6714.157931457348, "gamma": 0.027923007839773754}, "datetime": {"datetime": "2021-10-04 09:29:53", "elapsed": 125.004475, "delta": 1.172291}}
{"target": 0.8502042817812802, "params": {"C": 6314.641774773716, "gamma": 0.013916261842611095}, "datetime": {"datetime": "2021-10-04 09:29:54", "elapsed": 125.913841, "delta": 0.909366}}
{"target": 0.9008646296090426, "params": {"C": 8566.679158194092, "gamma": 0.07107561756501056}, "datetime": {"datetime": "2021-10-04 09:29:55", "elapsed": 126.787533, "delta": 0.873692}}
{"target": 0.8848719312929246, "params": {"C": 5798.21507867921, "gamma": 0.040112826144688876}, "datetime": {"datetime": "2021-10-04 09:29:56", "elapsed": 127.595204, "delta": 0.807671}}
{"target": 0.8985365893980073, "params": {"C": 8566.635659299964, "gamma": 0.045858028528602254}, "datetime": {"datetime": "2021-10-04 09:29:57", "elapsed": 128.529275, "delta": 0.934071}}
{"target": 0.8711322209250779, "params": {"C": 8370.604678918593, "gamma": 0.01995521715223503}, "datetime": {"datetime": "2021-10-04 09:29:58", "elapsed": 129.516645, "delta": 0.98737}}
{"target": 0.887417509368078, "params": {"C": 5799.3413268632285, "gamma": 0.07858558365770575}, "datetime": {"datetime": "2021-10-04 09:29:59", "elapsed": 130.424012, "delta": 0.907367}}
{"target": 0.887999555794644, "params": {"C": 7085.3619541026965, "gamma": 0.0365253987158616}, "datetime": {"datetime": "2021-10-04 09:30:00", "elapsed": 131.517234, "delta": 1.093222}}
{"target": 0.8951411460881002, "params": {"C": 8292.60191560362, "gamma": 0.04105222941983261}, "datetime": {"datetime": "2021-10-04 09:30:01", "elapsed": 132.436641, "delta": 0.919407}}
{"target": 0.8074367573408915, "params": {"C": 8566.688071948112, "gamma": 0.004533993668696265}, "datetime": {"datetime": "2021-10-04 09:30:02", "elapsed": 133.427229, "delta": 0.990588}}
{"target": 0.901184967146529, "params": {"C": 8370.262133061857, "gamma": 0.061895130512273966}, "datetime": {"datetime": "2021-10-04 09:30:03", "elapsed": 134.505103, "delta": 1.077874}}
{"target": 0.8081810752170844, "params": {"C": 8370.306080347116, "gamma": 0.004672841496375977}, "datetime": {"datetime": "2021-10-04 09:30:04", "elapsed": 135.614679, "delta": 1.109576}}
{"target": 0.8575323686652894, "params": {"C": 6389.7441015091235, "gamma": 0.016517402361172762}, "datetime": {"datetime": "2021-10-04 09:30:05", "elapsed": 136.592036, "delta": 0.977357}}
{"target": 0.8958057899909929, "params": {"C": 6983.975802573548, "gamma": 0.06755440915341948}, "datetime": {"datetime": "2021-10-04 09:30:06", "elapsed": 137.57496, "delta": 0.982924}}
{"target": 0.8913382834141218, "params": {"C": 6134.056010103163, "gamma": 0.05207885498663689}, "datetime": {"datetime": "2021-10-04 09:30:06", "elapsed": 138.404387, "delta": 0.829427}}
{"target": 0.8922367829007506, "params": {"C": 7000.180788783315, "gamma": 0.043549693045280974}, "datetime": {"datetime": "2021-10-04 09:30:07", "elapsed": 139.407124, "delta": 1.002737}}
{"target": 0.8774248317228992, "params": {"C": 6929.9269802819845, "gamma": 0.026811376223852042}, "datetime": {"datetime": "2021-10-04 09:30:09", "elapsed": 140.457763, "delta": 1.050639}}
{"target": 0.7984067659613727, "params": {"C": 6716.4574618702945, "gamma": 0.004513067690691077}, "datetime": {"datetime": "2021-10-04 09:30:09", "elapsed": 141.339033, "delta": 0.88127}}
{"target": 0.9010440105628158, "params": {"C": 9345.704707296569, "gamma": 0.04691102072379967}, "datetime": {"datetime": "2021-10-04 09:30:10", "elapsed": 142.161968, "delta": 0.822935}}
{"target": 0.853876588972653, "params": {"C": 6505.035347729807, "gamma": 0.014890935699016707}, "datetime": {"datetime": "2021-10-04 09:30:11", "elapsed": 143.345939, "delta": 1.183971}}
{"target": 0.8444054115513656, "params": {"C": 6983.978692144348, "gamma": 0.011337706527582165}, "datetime": {"datetime": "2021-10-04 09:30:13", "elapsed": 144.520867, "delta": 1.174928}}
{"target": 0.9015910382070215, "params": {"C": 8566.59772264229, "gamma": 0.06562842716697662}, "datetime": {"datetime": "2021-10-04 09:30:14", "elapsed": 145.80479, "delta": 1.283923}}
{"target": 0.8894381593467581, "params": {"C": 6173.709336371796, "gamma": 0.07913184481074725}, "datetime": {"datetime": "2021-10-04 09:30:15", "elapsed": 146.773685, "delta": 0.968895}}
{"target": 0.899925430349228, "params": {"C": 8370.205945746182, "gamma": 0.05135063169548681}, "datetime": {"datetime": "2021-10-04 09:30:16", "elapsed": 147.863344, "delta": 1.089659}}
{"target": 0.9024562632400067, "params": {"C": 8896.508944749341, "gamma": 0.0663397063354897}, "datetime": {"datetime": "2021-10-04 09:30:17", "elapsed": 149.257423, "delta": 1.394079}}
{"target": 0.9024582963218832, "params": {"C": 9012.356769206694, "gamma": 0.06887647173352456}, "datetime": {"datetime": "2021-10-04 09:30:19", "elapsed": 150.573656, "delta": 1.316233}}
{"target": 0.6400466767325189, "params": {"C": 6809.627489917504, "gamma": 0.001}, "datetime": {"datetime": "2021-10-04 09:30:20", "elapsed": 151.899305, "delta": 1.325649}}
{"target": 0.8987104038065676, "params": {"C": 7635.469369582857, "gamma": 0.06340122260700937}, "datetime": {"datetime": "2021-10-04 09:30:21", "elapsed": 152.859267, "delta": 0.959962}}
{"target": 0.8938801442957177, "params": {"C": 7316.346880931214, "gamma": 0.04445869471918722}, "datetime": {"datetime": "2021-10-04 09:30:22", "elapsed": 153.939422, "delta": 1.080155}}
{"target": 0.8923760999206377, "params": {"C": 6478.308961166167, "gamma": 0.07387292865632254}, "datetime": {"datetime": "2021-10-04 09:30:23", "elapsed": 154.950689, "delta": 1.011267}}
{"target": 0.8973073556566203, "params": {"C": 7635.417658236416, "gamma": 0.07376701960940531}, "datetime": {"datetime": "2021-10-04 09:30:24", "elapsed": 156.083858, "delta": 1.133169}}
{"target": 0.8961760303440987, "params": {"C": 8370.507843240011, "gamma": 0.042379819532307225}, "datetime": {"datetime": "2021-10-04 09:30:26", "elapsed": 157.477824, "delta": 1.393966}}
{"target": 0.9008506240940132, "params": {"C": 8261.596994323201, "gamma": 0.061063153599429335}, "datetime": {"datetime": "2021-10-04 09:30:27", "elapsed": 158.593789, "delta": 1.115965}}
{"target": 0.917364681040849, "params": {"C": 26680.88018810296, "gamma": 0.07231212485077365}, "datetime": {"datetime": "2021-10-04 09:31:52", "elapsed": 0.0, "delta": 0.0}}
{"target": 0.8902054171275104, "params": {"C": 10004.574992693795, "gamma": 0.03093092469055214}, "datetime": {"datetime": "2021-10-04 09:31:52", "elapsed": 0.231466, "delta": 0.231466}}
{"target": 0.8593348666986178, "params": {"C": 15870.235632684522, "gamma": 0.010141520882110983}, "datetime": {"datetime": "2021-10-04 09:31:52", "elapsed": 0.44765, "delta": 0.216184}}
{"target": 0.9044659106027542, "params": {"C": 17450.408455106837, "gamma": 0.03521051197726173}, "datetime": {"datetime": "2021-10-04 09:31:53", "elapsed": 0.648206, "delta": 0.200556}}
{"target": 0.9203938792294147, "params": {"C": 25870.698969226796, "gamma": 0.05434285666633234}, "datetime": {"datetime": "2021-10-04 09:31:53", "elapsed": 0.870598, "delta": 0.222392}}
{"target": 0.9136037391309926, "params": {"C": 24363.893760318308, "gamma": 0.08040610312700053}, "datetime": {"datetime": "2021-10-04 09:31:53", "elapsed": 1.149477, "delta": 0.278879}}
{"target": 0.9143805741137889, "params": {"C": 19483.68089102378, "gamma": 0.07348428520133297}, "datetime": {"datetime": "2021-10-04 09:31:53", "elapsed": 1.450619, "delta": 0.301142}}
{"target": 0.9049138487368417, "params": {"C": 26682.791767079892, "gamma": 0.09860111150372095}, "datetime": {"datetime": "2021-10-04 09:31:54", "elapsed": 1.704375, "delta": 0.253756}}
{"target": 0.9207723348203898, "params": {"C": 26676.66359633198, "gamma": 0.05622592881310244}, "datetime": {"datetime": "2021-10-04 09:31:54", "elapsed": 1.998083, "delta": 0.293708}}
{"target": 0.9052743388826585, "params": {"C": 25863.577400770107, "gamma": 0.09781991575388092}, "datetime": {"datetime": "2021-10-04 09:31:54", "elapsed": 2.287679, "delta": 0.289596}}
{"target": 0.9084428545273402, "params": {"C": 25878.06038503832, "gamma": 0.09178096755104104}, "datetime": {"datetime": "2021-10-04 09:31:55", "elapsed": 2.559287, "delta": 0.271608}}
{"target": 0.8829154367745932, "params": {"C": 26667.888537702765, "gamma": 0.018663551143944215}, "datetime": {"datetime": "2021-10-04 09:31:55", "elapsed": 2.867285, "delta": 0.307998}}
{"target": 0.913395088617069, "params": {"C": 19476.45648087193, "gamma": 0.04408060793436032}, "datetime": {"datetime": "2021-10-04 09:31:55", "elapsed": 3.174691, "delta": 0.307406}}
{"target": 0.8949918265408658, "params": {"C": 24354.91043449494, "gamma": 0.025297155343791563}, "datetime": {"datetime": "2021-10-04 09:31:55", "elapsed": 3.458895, "delta": 0.284204}}
{"target": 0.8585428406412965, "params": {"C": 19491.713085063762, "gamma": 0.008930177009454907}, "datetime": {"datetime": "2021-10-04 09:31:56", "elapsed": 3.838894, "delta": 0.379999}}
{"target": 0.9103066347912412, "params": {"C": 24369.88065518487, "gamma": 0.08760004602183995}, "datetime": {"datetime": "2021-10-04 09:31:56", "elapsed": 4.151868, "delta": 0.312974}}
{"target": 0.9025234357687302, "params": {"C": 19467.634889016983, "gamma": 0.0321194902236744}, "datetime": {"datetime": "2021-10-04 09:31:56", "elapsed": 4.457561, "delta": 0.305693}}
{"target": 0.8753680507600364, "params": {"C": 24377.683531682706, "gamma": 0.01508193703905002}, "datetime": {"datetime": "2021-10-04 09:31:57", "elapsed": 4.736474, "delta": 0.278913}}
{"target": 0.9111410562064475, "params": {"C": 17461.545620888297, "gamma": 0.04323707105546607}, "datetime": {"datetime": "2021-10-04 09:31:57", "elapsed": 5.037917, "delta": 0.301443}}
{"target": 0.9115783776517319, "params": {"C": 17468.63394225482, "gamma": 0.07842915994950121}, "datetime": {"datetime": "2021-10-04 09:31:57", "elapsed": 5.369591, "delta": 0.331674}}
{"target": 0.9040370489256809, "params": {"C": 17477.51165586961, "gamma": 0.0961173054024932}, "datetime": {"datetime": "2021-10-04 09:31:58", "elapsed": 5.652203, "delta": 0.282612}}
{"target": 0.8712010348262131, "params": {"C": 25887.425774569623, "gamma": 0.012703855601281493}, "datetime": {"datetime": "2021-10-04 09:31:58", "elapsed": 5.956163, "delta": 0.30396}}
{"target": 0.9045678514832354, "params": {"C": 17488.14361976469, "gamma": 0.09502605355099578}, "datetime": {"datetime": "2021-10-04 09:31:58", "elapsed": 6.291296, "delta": 0.335133}}
{"target": 0.9043312386832087, "params": {"C": 17496.943021744097, "gamma": 0.03504530546693809}, "datetime": {"datetime": "2021-10-04 09:31:59", "elapsed": 6.601082, "delta": 0.309786}}
{"target": 0.8638904292770947, "params": {"C": 17439.499453225573, "gamma": 0.011166993079091424}, "datetime": {"datetime": "2021-10-04 09:31:59", "elapsed": 6.950649, "delta": 0.349567}}
{"target": 0.8832553545915729, "params": {"C": 17506.35103863899, "gamma": 0.02076017102394983}, "datetime": {"datetime": "2021-10-04 09:31:59", "elapsed": 7.261267, "delta": 0.310618}}
{"target": 0.9203937622315089, "params": {"C": 25852.840452924567, "gamma": 0.05448372287723754}, "datetime": {"datetime": "2021-10-04 09:32:00", "elapsed": 7.581237, "delta": 0.31997}}
{"target": 0.910614391807575, "params": {"C": 25842.36018216805, "gamma": 0.08745198199458012}, "datetime": {"datetime": "2021-10-04 09:32:00", "elapsed": 7.916536, "delta": 0.335299}}
{"target": 0.9177966021598672, "params": {"C": 25847.866601667498, "gamma": 0.044438720744551505}, "datetime": {"datetime": "2021-10-04 09:32:00", "elapsed": 8.232011, "delta": 0.315475}}
{"target": 0.9171313679536564, "params": {"C": 25833.07279965035, "gamma": 0.07238843848131703}, "datetime": {"datetime": "2021-10-04 09:32:01", "elapsed": 8.558983, "delta": 0.326972}}
{"target": 0.8067658647271644, "params": {"C": 25824.833764457835, "gamma": 0.0022578727010093436}, "datetime": {"datetime": "2021-10-04 09:32:01", "elapsed": 8.889376, "delta": 0.330393}}
{"target": 0.8702480364703606, "params": {"C": 25837.123504583687, "gamma": 0.012222880903536616}, "datetime": {"datetime": "2021-10-04 09:32:01", "elapsed": 9.233731, "delta": 0.344355}}
{"target": 0.9125007350058599, "params": {"C": 19480.12790324908, "gamma": 0.07896046151459098}, "datetime": {"datetime": "2021-10-04 09:32:02", "elapsed": 9.597749, "delta": 0.364018}}
{"target": 0.9146974776852723, "params": {"C": 25873.57590659416, "gamma": 0.07861696420630758}, "datetime": {"datetime": "2021-10-04 09:32:02", "elapsed": 9.982139, "delta": 0.38439}}
{"target": 0.903391202341578, "params": {"C": 25858.453682758605, "gamma": 0.02980932041433816}, "datetime": {"datetime": "2021-10-04 09:32:02", "elapsed": 10.406511, "delta": 0.424372}}
{"target": 0.9143128749596933, "params": {"C": 17456.547217748284, "gamma": 0.05049591755191641}, "datetime": {"datetime": "2021-10-04 09:32:03", "elapsed": 10.804487, "delta": 0.397976}}
{"target": 0.9169311943933989, "params": {"C": 19459.248185539873, "gamma": 0.05667759125496163}, "datetime": {"datetime": "2021-10-04 09:32:03", "elapsed": 11.191487, "delta": 0.387}}
{"target": 0.9098450699017846, "params": {"C": 19448.97629241283, "gamma": 0.08547315116190392}, "datetime": {"datetime": "2021-10-04 09:32:04", "elapsed": 11.603982, "delta": 0.412495}}
{"target": 0.9012559675777038, "params": {"C": 19430.480862439632, "gamma": 0.03118018682945947}, "datetime": {"datetime": "2021-10-04 09:32:04", "elapsed": 11.962148, "delta": 0.358166}}
{"target": 0.9054044867492321, "params": {"C": 19455.418862976905, "gamma": 0.03450865273411246}, "datetime": {"datetime": "2021-10-04 09:32:04", "elapsed": 12.309377, "delta": 0.347229}}
{"target": 0.9101484592234232, "params": {"C": 19443.992206525498, "gamma": 0.0393905168969223}, "datetime": {"datetime": "2021-10-04 09:32:05", "elapsed": 12.651375, "delta": 0.341998}}
{"target": 0.9143814070770817, "params": {"C": 19412.650151926086, "gamma": 0.07335783910227574}, "datetime": {"datetime": "2021-10-04 09:32:05", "elapsed": 13.041914, "delta": 0.390539}}
{"target": 0.9144356187773454, "params": {"C": 19406.259829137278, "gamma": 0.0731683983285908}, "datetime": {"datetime": "2021-10-04 09:32:05", "elapsed": 13.395164, "delta": 0.35325}}
{"target": 0.9154649660798444, "params": {"C": 19398.46079611209, "gamma": 0.06940551234203067}, "datetime": {"datetime": "2021-10-04 09:32:06", "elapsed": 13.845883, "delta": 0.450719}}
{"target": 0.8955044546414908, "params": {"C": 19393.206697924947, "gamma": 0.02728588164737899}, "datetime": {"datetime": "2021-10-04 09:32:06", "elapsed": 14.289553, "delta": 0.44367}}
{"target": 0.9077296488990307, "params": {"C": 19418.901352595312, "gamma": 0.09014991425228057}, "datetime": {"datetime": "2021-10-04 09:32:07", "elapsed": 14.660052, "delta": 0.370499}}
{"target": 0.9001628056762843, "params": {"C": 39088.703975164375, "gamma": 0.024905373935073416}, "datetime": {"datetime": "2021-10-04 09:32:07", "elapsed": 15.082333, "delta": 0.422281}}
{"target": 0.9167455993841686, "params": {"C": 19437.91139198961, "gamma": 0.06234017631186081}, "datetime": {"datetime": "2021-10-04 09:32:07", "elapsed": 15.507121, "delta": 0.424788}}
{"target": 0.9137483886778686, "params": {"C": 16346.2906167472, "gamma": 0.06730293766681511}, "datetime": {"datetime": "2021-10-04 09:32:08", "elapsed": 15.89878, "delta": 0.391659}}
{"target": 0.8881873673829637, "params": {"C": 16337.305254789295, "gamma": 0.024092335621005285}, "datetime": {"datetime": "2021-10-04 09:32:08", "elapsed": 16.372893, "delta": 0.474113}}
{"target": 0.9052255343445629, "params": {"C": 16351.102374539654, "gamma": 0.03701465449974899}, "datetime": {"datetime": "2021-10-04 09:32:09", "elapsed": 16.77007, "delta": 0.397177}}
{"target": 0.913886862622646, "params": {"C": 16372.337538690317, "gamma": 0.06661509895743987}, "datetime": {"datetime": "2021-10-04 09:32:09", "elapsed": 17.143568, "delta": 0.373498}}
{"target": 0.9143106335641056, "params": {"C": 16367.265986605002, "gamma": 0.05589633690542696}, "datetime": {"datetime": "2021-10-04 09:32:09", "elapsed": 17.503115, "delta": 0.359547}}
{"target": 0.9038118673673723, "params": {"C": 16362.927855081205, "gamma": 0.09530476045896573}, "datetime": {"datetime": "2021-10-04 09:32:10", "elapsed": 17.899752, "delta": 0.396637}}
{"target": 0.8732625190976581, "params": {"C": 16377.637996982525, "gamma": 0.015680670296462956}, "datetime": {"datetime": "2021-10-04 09:32:10", "elapsed": 18.281645, "delta": 0.381893}}
{"target": 0.8341836073045859, "params": {"C": 19401.432895331927, "gamma": 0.004836725199800442}, "datetime": {"datetime": "2021-10-04 09:32:11", "elapsed": 18.756437, "delta": 0.474792}}
{"target": 0.8903650508132633, "params": {"C": 25872.432723492053, "gamma": 0.022503154540449325}, "datetime": {"datetime": "2021-10-04 09:32:11", "elapsed": 19.198584, "delta": 0.442147}}
{"target": 0.9184034437244972, "params": {"C": 47996.08498012061, "gamma": 0.07232917237088994}, "datetime": {"datetime": "2021-10-04 09:32:12", "elapsed": 19.626529, "delta": 0.427945}}
{"target": 0.9180763608521547, "params": {"C": 21536.43851362916, "gamma": 0.06151039827473722}, "datetime": {"datetime": "2021-10-04 09:32:12", "elapsed": 20.058067, "delta": 0.431538}}
{"target": 0.9014730265656005, "params": {"C": 39959.06045321597, "gamma": 0.025388845185916144}, "datetime": {"datetime": "2021-10-04 09:32:12", "elapsed": 20.474772, "delta": 0.416705}}
{"target": 0.9060258215847253, "params": {"C": 21553.319710326825, "gamma": 0.09505845020531822}, "datetime": {"datetime": "2021-10-04 09:32:13", "elapsed": 20.937289, "delta": 0.462517}}
{"target": 0.8930627434297443, "params": {"C": 18899.04751131178, "gamma": 0.025975876558646714}, "datetime": {"datetime": "2021-10-04 09:32:13", "elapsed": 21.368343, "delta": 0.431054}}
{"target": 0.9207368258344053, "params": {"C": 40686.12482093909, "gamma": 0.06764267650673068}, "datetime": {"datetime": "2021-10-04 09:32:14", "elapsed": 21.831091, "delta": 0.462748}}
{"target": 0.9165666119026525, "params": {"C": 20287.296957356542, "gamma": 0.06675006455506836}, "datetime": {"datetime": "2021-10-04 09:32:14", "elapsed": 22.239896, "delta": 0.408805}}
{"target": 0.882261851044983, "params": {"C": 40003.59266468085, "gamma": 0.01710846084789858}, "datetime": {"datetime": "2021-10-04 09:32:15", "elapsed": 22.655397, "delta": 0.415501}}
{"target": 0.9234922482624924, "params": {"C": 36340.86178830604, "gamma": 0.049536358414414984}, "datetime": {"datetime": "2021-10-04 09:32:15", "elapsed": 23.110219, "delta": 0.454822}}
{"target": 0.8936511445280682, "params": {"C": 37838.35222656837, "gamma": 0.022145660196265297}, "datetime": {"datetime": "2021-10-04 09:32:16", "elapsed": 23.55246, "delta": 0.442241}}
{"target": 0.8795308376556921, "params": {"C": 28202.106344619882, "gamma": 0.016795291624667915}, "datetime": {"datetime": "2021-10-04 09:32:16", "elapsed": 23.969026, "delta": 0.416566}}
{"target": 0.8750545710180578, "params": {"C": 20989.222619270717, "gamma": 0.015454312851280336}, "datetime": {"datetime": "2021-10-04 09:32:16", "elapsed": 24.38171, "delta": 0.412684}}
{"target": 0.9082902684051076, "params": {"C": 12379.577436037876, "gamma": 0.05050910588420413}, "datetime": {"datetime": "2021-10-04 09:32:17", "elapsed": 24.78851, "delta": 0.4068}}
{"target": 0.9146580231693512, "params": {"C": 18529.959791935875, "gamma": 0.048612411248886496}, "datetime": {"datetime": "2021-10-04 09:32:17", "elapsed": 25.272995, "delta": 0.484485}}
{"target": 0.909126763312585, "params": {"C": 46023.485878533254, "gamma": 0.08921435518036926}, "datetime": {"datetime": "2021-10-04 09:32:18", "elapsed": 25.719214, "delta": 0.446219}}
{"target": 0.7952601987479304, "params": {"C": 25858.40951415139, "gamma": 0.001833762515704617}, "datetime": {"datetime": "2021-10-04 09:32:18", "elapsed": 26.162052, "delta": 0.442838}}
{"target": 0.918291448360712, "params": {"C": 34434.43692983207, "gamma": 0.0727185272919758}, "datetime": {"datetime": "2021-10-04 09:32:19", "elapsed": 26.551823, "delta": 0.389771}}
{"target": 0.9249725628502212, "params": {"C": 44051.279864788754, "gamma": 0.053805447682461545}, "datetime": {"datetime": "2021-10-04 09:32:19", "elapsed": 26.979049, "delta": 0.427226}}
{"target": 0.9141641088579158, "params": {"C": 20516.85023211613, "gamma": 0.0756846719632783}, "datetime": {"datetime": "2021-10-04 09:32:19", "elapsed": 27.386102, "delta": 0.407053}}
{"target": 0.908435281315316, "params": {"C": 20924.502150729306, "gamma": 0.03627118371693139}, "datetime": {"datetime": "2021-10-04 09:32:20", "elapsed": 27.792372, "delta": 0.40627}}
{"target": 0.9091278160060029, "params": {"C": 18924.63546505425, "gamma": 0.08659086736705421}, "datetime": {"datetime": "2021-10-04 09:32:20", "elapsed": 28.21145, "delta": 0.419078}}
{"target": 0.9195936871155703, "params": {"C": 24119.7065044843, "gamma": 0.05473277758014067}, "datetime": {"datetime": "2021-10-04 09:32:21", "elapsed": 28.621616, "delta": 0.410166}}
