{"target": -2.263787487276445, "params": {"C": 42177.071763391315, "gamma": 0.12787716971198185}, "datetime": {"datetime": "2021-10-04 12:30:47", "elapsed": 223.943931, "delta": 1.103401}}
{"target": -2.4300417195048873, "params": {"C": 90787.62583469256, "gamma": 0.1912953174957913}, "datetime": {"datetime": "2021-10-04 12:30:48", "elapsed": 225.464041, "delta": 1.52011}}
{"target": -2.4250203525572513, "params": {"C": 12782.095369585499, "gamma": 0.21303227523748827}, "datetime": {"datetime": "2021-10-04 12:30:50", "elapsed": 226.816374, "delta": 1.352333}}
{"target": -2.109676594220169, "params": {"C": 60277.18034574137, "gamma": 0.03375861432954816}, "datetime": {"datetime": "2021-10-04 12:30:51", "elapsed": 227.995516, "delta": 1.179142}}
{"target": -2.4643860798443225, "params": {"C": 56360.642154513254, "gamma": 0.22698568387291498}, "datetime": {"datetime": "2021-10-04 12:30:52", "elapsed": 229.44556, "delta": 1.450044}}
{"target": -2.1827827566861853, "params": {"C": 17993.187394472574, "gamma": 0.11154955604577976}, "datetime": {"datetime": "2021-10-04 12:30:54", "elapsed": 230.569187, "delta": 1.123627}}
{"target": -2.043642091525989, "params": {"C": 38244.79101112872, "gamma": 0.06804297314529537}, "datetime": {"datetime": "2021-10-04 12:30:55", "elapsed": 231.822141, "delta": 1.252954}}
{"target": -2.2847449814488283, "params": {"C": 64047.00845747841, "gamma": 0.12415396694292516}, "datetime": {"datetime": "2021-10-04 12:30:57", "elapsed": 233.662587, "delta": 1.840446}}
{"target": -2.04215266450135, "params": {"C": 17178.71037577127, "gamma": 0.06791350832706652}, "datetime": {"datetime": "2021-10-04 12:30:58", "elapsed": 234.955117, "delta": 1.29253}}
{"target": -2.575763507003031, "params": {"C": 75229.27543558911, "gamma": 0.2915018329361456}, "datetime": {"datetime": "2021-10-04 12:30:59", "elapsed": 236.184967, "delta": 1.22985}}
{"target": -2.0835367886285834, "params": {"C": 46442.01162954929, "gamma": 0.07849069922193856}, "datetime": {"datetime": "2021-10-04 12:31:01", "elapsed": 237.504781, "delta": 1.319814}}
{"target": -2.4912287010904537, "params": {"C": 15784.279033795792, "gamma": 0.2556678253683918}, "datetime": {"datetime": "2021-10-04 12:31:02", "elapsed": 239.160296, "delta": 1.655515}}
{"target": -2.4027885494349297, "params": {"C": 47366.45299130801, "gamma": 0.1886385691664208}, "datetime": {"datetime": "2021-10-04 12:31:03", "elapsed": 240.473982, "delta": 1.313686}}
{"target": -2.364585487331331, "params": {"C": 95552.82176098954, "gamma": 0.14500883590916772}, "datetime": {"datetime": "2021-10-04 12:31:05", "elapsed": 241.760374, "delta": 1.286392}}
{"target": -2.5251072661535874, "params": {"C": 94256.2156498591, "gamma": 0.2553562230244159}, "datetime": {"datetime": "2021-10-04 12:31:07", "elapsed": 243.708613, "delta": 1.948239}}
{"target": -2.2888973160619526, "params": {"C": 65957.97450323499, "gamma": 0.12492951992260541}, "datetime": {"datetime": "2021-10-04 12:31:08", "elapsed": 245.073794, "delta": 1.365181}}
{"target": -2.322458031473936, "params": {"C": 11443.304281601086, "gamma": 0.0246869751205173}, "datetime": {"datetime": "2021-10-04 12:31:10", "elapsed": 246.792965, "delta": 1.719171}}
{"target": -2.391154945343658, "params": {"C": 89940.83972583558, "gamma": 0.1645988386043324}, "datetime": {"datetime": "2021-10-04 12:31:11", "elapsed": 248.420294, "delta": 1.627329}}
{"target": -2.092038717175449, "params": {"C": 80344.13314758228, "gamma": 0.05285534490177611}, "datetime": {"datetime": "2021-10-04 12:31:13", "elapsed": 249.947446, "delta": 1.527152}}
{"target": -2.145190456969679, "params": {"C": 50113.72094164151, "gamma": 0.09146392594424924}, "datetime": {"datetime": "2021-10-04 12:31:15", "elapsed": 251.583787, "delta": 1.636341}}
{"target": -2.4263359607258836, "params": {"C": 22515.841966402117, "gamma": 0.011674164621055834}, "datetime": {"datetime": "2021-10-04 12:31:18", "elapsed": 0.0, "delta": 0.0}}
{"target": -2.2494109307474273, "params": {"C": 26039.536814239982, "gamma": 0.13285542821500995}, "datetime": {"datetime": "2021-10-04 12:31:18", "elapsed": 0.219157, "delta": 0.219157}}
{"target": -2.144543946173723, "params": {"C": 22031.40186471216, "gamma": 0.10177910701714674}, "datetime": {"datetime": "2021-10-04 12:31:18", "elapsed": 0.435364, "delta": 0.216207}}
{"target": -2.3651850499591083, "params": {"C": 15344.107655173117, "gamma": 0.18730420603979644}, "datetime": {"datetime": "2021-10-04 12:31:18", "elapsed": 0.673397, "delta": 0.238033}}
{"target": -2.0800884207441888, "params": {"C": 18289.294883910217, "gamma": 0.08298087343044852}, "datetime": {"datetime": "2021-10-04 12:31:18", "elapsed": 0.873997, "delta": 0.2006}}
{"target": -2.0380439781907134, "params": {"C": 18286.206270582028, "gamma": 0.06579041664093586}, "datetime": {"datetime": "2021-10-04 12:31:19", "elapsed": 1.139401, "delta": 0.265404}}
{"target": -2.412019888109694, "params": {"C": 18270.15931645911, "gamma": 0.013697089302407862}, "datetime": {"datetime": "2021-10-04 12:31:19", "elapsed": 1.437278, "delta": 0.297877}}
{"target": -2.290393385006871, "params": {"C": 22042.282598946415, "gamma": 0.1527991014816143}, "datetime": {"datetime": "2021-10-04 12:31:19", "elapsed": 1.744699, "delta": 0.307421}}
{"target": -2.1700055600929455, "params": {"C": 18301.308135373827, "gamma": 0.030486393360537364}, "datetime": {"datetime": "2021-10-04 12:31:20", "elapsed": 2.007496, "delta": 0.262797}}
{"target": -2.480409867546426, "params": {"C": 22018.3819192607, "gamma": 0.2487175792984273}, "datetime": {"datetime": "2021-10-04 12:31:20", "elapsed": 2.308374, "delta": 0.300878}}
{"target": -2.664782638985172, "params": {"C": 18310.868423110198, "gamma": 0.006110444507883993}, "datetime": {"datetime": "2021-10-04 12:31:20", "elapsed": 2.593637, "delta": 0.285263}}
{"target": -2.299332184365039, "params": {"C": 18295.897980544585, "gamma": 0.15920067144740804}, "datetime": {"datetime": "2021-10-04 12:31:20", "elapsed": 2.894519, "delta": 0.300882}}
{"target": -2.037807433694342, "params": {"C": 18280.698041107386, "gamma": 0.06426040070856133}, "datetime": {"datetime": "2021-10-04 12:31:21", "elapsed": 3.179445, "delta": 0.284926}}
{"target": -2.121946767569248, "params": {"C": 26028.291110493654, "gamma": 0.09451065730779142}, "datetime": {"datetime": "2021-10-04 12:31:21", "elapsed": 3.480342, "delta": 0.300897}}
{"target": -2.1828939372561207, "params": {"C": 26022.0777849499, "gamma": 0.11232584765900928}, "datetime": {"datetime": "2021-10-04 12:31:21", "elapsed": 3.78121, "delta": 0.300868}}
{"target": -2.064822611042253, "params": {"C": 26009.40174142652, "gamma": 0.040376135273149386}, "datetime": {"datetime": "2021-10-04 12:31:22", "elapsed": 4.09717, "delta": 0.31596}}
{"target": -2.306796500977478, "params": {"C": 25999.285859681655, "gamma": 0.15806391553884072}, "datetime": {"datetime": "2021-10-04 12:31:22", "elapsed": 4.397779, "delta": 0.300609}}
{"target": -2.036405565359742, "params": {"C": 26014.580884258943, "gamma": 0.05034468306970341}, "datetime": {"datetime": "2021-10-04 12:31:22", "elapsed": 4.698666, "delta": 0.300887}}
{"target": -2.12255089391443, "params": {"C": 35074.5520213242, "gamma": 0.03173766282884059}, "datetime": {"datetime": "2021-10-04 12:31:23", "elapsed": 4.999566, "delta": 0.3009}}
{"target": -2.3743310191134426, "params": {"C": 35081.82652265247, "gamma": 0.1811854987384476}, "datetime": {"datetime": "2021-10-04 12:31:23", "elapsed": 5.3317, "delta": 0.332134}}
{"target": -2.395812590145717, "params": {"C": 35069.12208498975, "gamma": 0.19112423298559464}, "datetime": {"datetime": "2021-10-04 12:31:23", "elapsed": 5.648231, "delta": 0.316531}}
{"target": -2.1765768350238774, "params": {"C": 37877.448335173845, "gamma": 0.10420294029090725}, "datetime": {"datetime": "2021-10-04 12:31:24", "elapsed": 5.97106, "delta": 0.322829}}
{"target": -2.343401929122193, "params": {"C": 37869.85066749227, "gamma": 0.16512379892820667}, "datetime": {"datetime": "2021-10-04 12:31:24", "elapsed": 6.271948, "delta": 0.300888}}
{"target": -2.05214000681198, "params": {"C": 37885.64940138624, "gamma": 0.04226591419867129}, "datetime": {"datetime": "2021-10-04 12:31:24", "elapsed": 6.619709, "delta": 0.347761}}
{"target": -2.1773996322977625, "params": {"C": 37891.084361902525, "gamma": 0.026150200233029212}, "datetime": {"datetime": "2021-10-04 12:31:25", "elapsed": 6.95839, "delta": 0.338681}}
{"target": -2.5943383229251937, "params": {"C": 37881.873460578994, "gamma": 0.005112552381504352}, "datetime": {"datetime": "2021-10-04 12:31:25", "elapsed": 7.290542, "delta": 0.332152}}
{"target": -2.259169623940116, "params": {"C": 26012.619371615423, "gamma": 0.13649877848524733}, "datetime": {"datetime": "2021-10-04 12:31:25", "elapsed": 7.607075, "delta": 0.316533}}
{"target": -2.3733151581664047, "params": {"C": 18286.776425562784, "gamma": 0.1900436759994489}, "datetime": {"datetime": "2021-10-04 12:31:25", "elapsed": 7.923534, "delta": 0.316459}}
{"target": -2.273172836772023, "params": {"C": 22222.183482392975, "gamma": 0.14477001133080108}, "datetime": {"datetime": "2021-10-04 12:31:26", "elapsed": 8.261761, "delta": 0.338227}}
{"target": -2.4166570627240502, "params": {"C": 29599.98707323076, "gamma": 0.20539954348027165}, "datetime": {"datetime": "2021-10-04 12:31:26", "elapsed": 8.578301, "delta": 0.31654}}
{"target": -2.331718627252657, "params": {"C": 35146.480033856744, "gamma": 0.16098488788043402}, "datetime": {"datetime": "2021-10-04 12:31:26", "elapsed": 8.879187, "delta": 0.300886}}
{"target": -2.4300335092735996, "params": {"C": 13269.778559527338, "gamma": 0.21661896134595504}, "datetime": {"datetime": "2021-10-04 12:31:27", "elapsed": 9.226885, "delta": 0.347698}}
{"target": -2.517720838007698, "params": {"C": 26712.442919988953, "gamma": 0.27436635754207334}, "datetime": {"datetime": "2021-10-04 12:31:27", "elapsed": 9.596828, "delta": 0.369943}}
{"target": -2.4111718199603662, "params": {"C": 35961.54786662638, "gamma": 0.1987960125503867}, "datetime": {"datetime": "2021-10-04 12:31:27", "elapsed": 9.928707, "delta": 0.331879}}
{"target": -2.473768220003165, "params": {"C": 12009.473744610701, "gamma": 0.23773492945477998}, "datetime": {"datetime": "2021-10-04 12:31:28", "elapsed": 10.26755, "delta": 0.338843}}
{"target": -2.405819912651873, "params": {"C": 29209.44324363396, "gamma": 0.19983628644848736}, "datetime": {"datetime": "2021-10-04 12:31:28", "elapsed": 10.615331, "delta": 0.347781}}
{"target": -2.0345041634610475, "params": {"C": 28842.860625318248, "gamma": 0.06796407673933494}, "datetime": {"datetime": "2021-10-04 12:31:29", "elapsed": 10.985267, "delta": 0.369936}}
{"target": -2.0916373257010457, "params": {"C": 17863.29801015414, "gamma": 0.08600527615377217}, "datetime": {"datetime": "2021-10-04 12:31:29", "elapsed": 11.364263, "delta": 0.378996}}
{"target": -2.158468594176567, "params": {"C": 39617.65987624807, "gamma": 0.09884724000222862}, "datetime": {"datetime": "2021-10-04 12:31:29", "elapsed": 11.734177, "delta": 0.369914}}
{"target": -2.4836767250945413, "params": {"C": 12465.070903414686, "gamma": 0.24429712368080483}, "datetime": {"datetime": "2021-10-04 12:31:30", "elapsed": 12.103601, "delta": 0.369424}}
{"target": -2.064298740301092, "params": {"C": 31364.125214191932, "gamma": 0.038400788831464513}, "datetime": {"datetime": "2021-10-04 12:31:30", "elapsed": 12.489158, "delta": 0.385557}}
{"target": -2.310990854965213, "params": {"C": 23442.026426094642, "gamma": 0.01803012594134131}, "datetime": {"datetime": "2021-10-04 12:31:30", "elapsed": 12.905957, "delta": 0.416799}}
{"target": -2.1066781752023136, "params": {"C": 25511.46341824159, "gamma": 0.0348306575979376}, "datetime": {"datetime": "2021-10-04 12:31:31", "elapsed": 13.275763, "delta": 0.369806}}
{"target": -2.220697641948686, "params": {"C": 26755.45490674128, "gamma": 0.12296523292231888}, "datetime": {"datetime": "2021-10-04 12:31:31", "elapsed": 13.670418, "delta": 0.394655}}
{"target": -2.3026607840474296, "params": {"C": 15011.42784993006, "gamma": 0.1603329950846384}, "datetime": {"datetime": "2021-10-04 12:31:32", "elapsed": 14.024323, "delta": 0.353905}}
{"target": -2.1312964789473408, "params": {"C": 23974.066449862483, "gamma": 0.09789846797450173}, "datetime": {"datetime": "2021-10-04 12:31:32", "elapsed": 14.377822, "delta": 0.353499}}
{"target": -2.472457876735158, "params": {"C": 36418.360338186234, "gamma": 0.24020845874811053}, "datetime": {"datetime": "2021-10-04 12:31:32", "elapsed": 14.756837, "delta": 0.379015}}
{"target": -2.407145299988797, "params": {"C": 13695.61099892719, "gamma": 0.016263584718338914}, "datetime": {"datetime": "2021-10-04 12:31:33", "elapsed": 15.14238, "delta": 0.385543}}
{"target": -2.1177037053214507, "params": {"C": 34984.31254634728, "gamma": 0.09065598952538223}, "datetime": {"datetime": "2021-10-04 12:31:33", "elapsed": 15.527918, "delta": 0.385538}}
{"target": -2.542519201693782, "params": {"C": 27879.03993388601, "gamma": 0.29043293806642584}, "datetime": {"datetime": "2021-10-04 12:31:33", "elapsed": 15.902721, "delta": 0.374803}}
{"target": -2.131769011813055, "params": {"C": 25820.496094586582, "gamma": 0.031683788437187596}, "datetime": {"datetime": "2021-10-04 12:31:34", "elapsed": 16.345796, "delta": 0.443075}}
{"target": -2.4594606510763115, "params": {"C": 34898.15675113346, "gamma": 0.2317013180830977}, "datetime": {"datetime": "2021-10-04 12:31:34", "elapsed": 16.715739, "delta": 0.369943}}
{"target": -2.5205563817230856, "params": {"C": 36366.188648235926, "gamma": 0.2741606718696173}, "datetime": {"datetime": "2021-10-04 12:31:35", "elapsed": 17.101307, "delta": 0.385568}}
{"target": -2.3678191992994435, "params": {"C": 16106.573118536828, "gamma": 0.1886414395764497}, "datetime": {"datetime": "2021-10-04 12:31:35", "elapsed": 17.517802, "delta": 0.416495}}
{"target": -2.2123922430179728, "params": {"C": 20735.87727607634, "gamma": 0.12326013367016224}, "datetime": {"datetime": "2021-10-04 12:31:35", "elapsed": 17.90855, "delta": 0.390748}}
{"target": -2.227391626642359, "params": {"C": 28437.11417657168, "gamma": 0.12409412108904758}, "datetime": {"datetime": "2021-10-04 12:31:36", "elapsed": 18.2878, "delta": 0.37925}}
{"target": -2.4584963905548136, "params": {"C": 35291.386187219556, "gamma": 0.230899729501258}, "datetime": {"datetime": "2021-10-04 12:31:36", "elapsed": 18.704637, "delta": 0.416837}}
{"target": -2.349860729174283, "params": {"C": 16164.255837193894, "gamma": 0.01851005498212465}, "datetime": {"datetime": "2021-10-04 12:31:37", "elapsed": 19.089772, "delta": 0.385135}}
{"target": -2.050743025814616, "params": {"C": 38334.90878440163, "gamma": 0.07065631178000065}, "datetime": {"datetime": "2021-10-04 12:31:37", "elapsed": 19.537693, "delta": 0.447921}}
{"target": -2.1757750174923522, "params": {"C": 37641.787832777205, "gamma": 0.10413340954875477}, "datetime": {"datetime": "2021-10-04 12:31:38", "elapsed": 19.938662, "delta": 0.400969}}
{"target": -2.0317800069505445, "params": {"C": 31928.712116726223, "gamma": 0.05753939770435301}, "datetime": {"datetime": "2021-10-04 12:31:38", "elapsed": 20.355457, "delta": 0.416795}}
{"target": -2.065123895680253, "params": {"C": 23770.50994577085, "gamma": 0.041567911818533684}, "datetime": {"datetime": "2021-10-04 12:31:38", "elapsed": 20.756633, "delta": 0.401176}}
{"target": -2.119214998579973, "params": {"C": 17486.484478891158, "gamma": 0.09277846058086048}, "datetime": {"datetime": "2021-10-04 12:31:39", "elapsed": 21.242485, "delta": 0.485852}}
{"target": -2.208761237394449, "params": {"C": 32230.60137027119, "gamma": 0.11668335987012286}, "datetime": {"datetime": "2021-10-04 12:31:39", "elapsed": 21.690531, "delta": 0.448046}}
{"target": -2.44501579595259, "params": {"C": 29870.894519233378, "gamma": 0.22313340132470147}, "datetime": {"datetime": "2021-10-04 12:31:40", "elapsed": 22.097827, "delta": 0.407296}}
{"target": -2.471752005636898, "params": {"C": 39110.735324857145, "gamma": 0.23873947502812587}, "datetime": {"datetime": "2021-10-04 12:31:40", "elapsed": 22.499024, "delta": 0.401197}}
{"target": -2.5114292155690827, "params": {"C": 25468.809286698906, "gamma": 0.27029874182433405}, "datetime": {"datetime": "2021-10-04 12:31:40", "elapsed": 22.931579, "delta": 0.432555}}
{"target": -2.400720113392423, "params": {"C": 19502.408209927442, "gamma": 0.2032648472783505}, "datetime": {"datetime": "2021-10-04 12:31:41", "elapsed": 23.332305, "delta": 0.400726}}
{"target": -2.075836448121657, "params": {"C": 12540.455355329197, "gamma": 0.07052832039492024}, "datetime": {"datetime": "2021-10-04 12:31:41", "elapsed": 23.833796, "delta": 0.501491}}
{"target": -2.4550459633489288, "params": {"C": 36412.40561744982, "gamma": 0.22818081530776882}, "datetime": {"datetime": "2021-10-04 12:31:42", "elapsed": 24.281384, "delta": 0.447588}}
{"target": -2.5047687598377517, "params": {"C": 32629.398257742894, "gamma": 0.26506335383045543}, "datetime": {"datetime": "2021-10-04 12:31:42", "elapsed": 24.751616, "delta": 0.470232}}
{"target": -2.3276234773290683, "params": {"C": 9938.705027735847, "gamma": 0.15850327079948498}, "datetime": {"datetime": "2021-10-04 12:31:43", "elapsed": 25.174952, "delta": 0.423336}}
{"target": -2.4974184203466097, "params": {"C": 25119.79144853114, "gamma": 0.2605505012052585}, "datetime": {"datetime": "2021-10-04 12:31:43", "elapsed": 25.629612, "delta": 0.45466}}
{"target": -2.2636780316698966, "params": {"C": 27123.660380476915, "gamma": 0.13760113454299713}, "datetime": {"datetime": "2021-10-04 12:31:44", "elapsed": 26.061737, "delta": 0.432125}}
{"target": -2.436053973441179, "params": {"C": 35329.132872351634, "gamma": 0.21457721637354174}, "datetime": {"datetime": "2021-10-04 12:31:44", "elapsed": 26.494143, "delta": 0.432406}}
{"target": -2.5087208960213645, "params": {"C": 25830.61638591773, "gamma": 0.26860413789426707}, "datetime": {"datetime": "2021-10-04 12:31:44", "elapsed": 26.917505, "delta": 0.423362}}
{"target": -2.5009268698117326, "params": {"C": 36988.07025943957, "gamma": 0.2609158469707107}, "datetime": {"datetime": "2021-10-04 12:31:45", "elapsed": 27.349923, "delta": 0.432418}}
{"target": -2.377429436229971, "params": {"C": 31364.275762634086, "gamma": 0.18479160567771183}, "datetime": {"datetime": "2021-10-04 12:31:45", "elapsed": 27.795224, "delta": 0.445301}}
{"target": -2.220099551107, "params": {"C": 35017.43173091325, "gamma": 0.11857174752567262}, "datetime": {"datetime": "2021-10-04 12:31:46", "elapsed": 28.274164, "delta": 0.47894}}
{"target": -2.1324170453747002, "params": {"C": 20878.394808809695, "gamma": 0.09783642227732747}, "datetime": {"datetime": "2021-10-04 12:31:46", "elapsed": 28.728816, "delta": 0.454652}}
{"target": -2.383192640073669, "params": {"C": 29131.468005980172, "gamma": 0.18890424926217073}, "datetime": {"datetime": "2021-10-04 12:31:47", "elapsed": 29.140318, "delta": 0.411502}}
{"target": -2.1789697614544763, "params": {"C": 17078.414798577192, "gamma": 0.10960823267242092}, "datetime": {"datetime": "2021-10-04 12:31:47", "elapsed": 29.615618, "delta": 0.4753}}
{"target": -2.0480689247173793, "params": {"C": 14691.18490445548, "gamma": 0.06523036310180834}, "datetime": {"datetime": "2021-10-04 12:31:48", "elapsed": 30.047729, "delta": 0.432111}}
{"target": -2.072287038711063, "params": {"C": 39394.51479562925, "gamma": 0.07789513480113763}, "datetime": {"datetime": "2021-10-04 12:31:48", "elapsed": 30.464492, "delta": 0.416763}}
{"target": -2.036644991174775, "params": {"C": 39209.474347232084, "gamma": 0.061963815730883415}, "datetime": {"datetime": "2021-10-04 12:31:48", "elapsed": 30.881294, "delta": 0.416802}}
{"target": -2.149837687974253, "params": {"C": 16782.714443228604, "gamma": 0.10054301642655249}, "datetime": {"datetime": "2021-10-04 12:31:49", "elapsed": 31.404898, "delta": 0.523604}}
{"target": -2.2870977339658216, "params": {"C": 24989.626310084346, "gamma": 0.149203238921277}, "datetime": {"datetime": "2021-10-04 12:31:49", "elapsed": 31.906369, "delta": 0.501471}}
{"target": -2.4900943588329794, "params": {"C": 20288.134924278413, "gamma": 0.255469954417641}, "datetime": {"datetime": "2021-10-04 12:31:50", "elapsed": 32.323144, "delta": 0.416775}}
{"target": -2.4549915875721546, "params": {"C": 38495.20880254086, "gamma": 0.22738427834598904}, "datetime": {"datetime": "2021-10-04 12:31:50", "elapsed": 32.786785, "delta": 0.463641}}
{"target": -2.5557029177323325, "params": {"C": 39144.34629927296, "gamma": 0.295820577896523}, "datetime": {"datetime": "2021-10-04 12:31:51", "elapsed": 33.20974, "delta": 0.422955}}
{"target": -2.4644913056062463, "params": {"C": 34562.66937280039, "gamma": 0.23525958712457273}, "datetime": {"datetime": "2021-10-04 12:31:51", "elapsed": 33.742615, "delta": 0.532875}}
{"target": -2.5530740320864647, "params": {"C": 11274.164275855384, "gamma": 0.276524704948898}, "datetime": {"datetime": "2021-10-04 12:31:52", "elapsed": 34.184812, "delta": 0.442197}}
{"target": -2.556725121294176, "params": {"C": 33422.25990286723, "gamma": 0.2987191335578136}, "datetime": {"datetime": "2021-10-04 12:31:52", "elapsed": 34.744735, "delta": 0.559923}}
{"target": -2.4250764733413326, "params": {"C": 17527.651654319845, "gamma": 0.21743442712741343}, "datetime": {"datetime": "2021-10-04 12:31:53", "elapsed": 35.177138, "delta": 0.432403}}
{"target": -2.2997491803805388, "params": {"C": 18307.097759939265, "gamma": 0.15937480149524286}, "datetime": {"datetime": "2021-10-04 12:31:53", "elapsed": 35.69421, "delta": 0.517072}}
{"target": -2.2689870441287128, "params": {"C": 23468.517237894408, "gamma": 0.1420995502154382}, "datetime": {"datetime": "2021-10-04 12:31:54", "elapsed": 36.132876, "delta": 0.438666}}
{"target": -2.1305360387785943, "params": {"C": 9922.680640555283, "gamma": 0.05094698568048181}, "datetime": {"datetime": "2021-10-04 12:31:54", "elapsed": 36.580887, "delta": 0.448011}}
