{"target": 0.8494320819627404, "params": {"C": 310744.9748200864, "gamma": 0.005404539395375972}, "datetime": {"datetime": "2021-10-01 02:14:12", "elapsed": 701.310709, "delta": 2.317339}}
{"target": 0.8722899409624819, "params": {"C": 406940.18038405315, "gamma": 0.09235813701682608}, "datetime": {"datetime": "2021-10-01 02:14:14", "elapsed": 703.838892, "delta": 2.528183}}
{"target": 0.8845805472294872, "params": {"C": 135338.6462058465, "gamma": 0.17557604370287863}, "datetime": {"datetime": "2021-10-01 02:14:17", "elapsed": 707.170601, "delta": 3.331709}}
{"target": 0.8708496719947741, "params": {"C": 414422.33100412705, "gamma": 0.08843126448408815}, "datetime": {"datetime": "2021-10-01 02:14:20", "elapsed": 709.726863, "delta": 2.556262}}
{"target": 0.8740084011891206, "params": {"C": 356499.2963885759, "gamma": 0.03468616067917131}, "datetime": {"datetime": "2021-10-01 02:14:23", "elapsed": 713.021773, "delta": 3.29491}}
{"target": 0.8766463146878344, "params": {"C": 321369.68259712664, "gamma": 0.034094563372618576}, "datetime": {"datetime": "2021-10-01 02:14:27", "elapsed": 716.77144, "delta": 3.749667}}
{"target": 0.8968852819449655, "params": {"C": 86426.86139234027, "gamma": 0.03929123135934326}, "datetime": {"datetime": "2021-10-01 02:14:30", "elapsed": 719.576288, "delta": 2.804848}}
{"target": 0.8815278819628856, "params": {"C": 366639.6779531327, "gamma": 0.15030488754269783}, "datetime": {"datetime": "2021-10-01 02:14:32", "elapsed": 722.051868, "delta": 2.47558}}
{"target": 0.8827303596721614, "params": {"C": 284803.8334229872, "gamma": 0.16045682374977402}, "datetime": {"datetime": "2021-10-01 02:14:35", "elapsed": 724.542142, "delta": 2.490274}}
{"target": 0.8783322796442549, "params": {"C": 356100.55511890486, "gamma": 0.17790008284241843}, "datetime": {"datetime": "2021-10-01 02:14:37", "elapsed": 727.089042, "delta": 2.5469}}
{"target": 0.8772473554601852, "params": {"C": 339955.58691167337, "gamma": 0.18514765171565464}, "datetime": {"datetime": "2021-10-01 02:14:40", "elapsed": 729.804186, "delta": 2.715144}}
{"target": 0.8752679242112968, "params": {"C": 377459.3069159051, "gamma": 0.09798387791027016}, "datetime": {"datetime": "2021-10-01 02:14:43", "elapsed": 732.532585, "delta": 2.728399}}
{"target": 0.8798068232360805, "params": {"C": 424961.7517865044, "gamma": 0.1561179429316239}, "datetime": {"datetime": "2021-10-01 02:14:45", "elapsed": 734.835873, "delta": 2.303288}}
{"target": 0.8930492819976823, "params": {"C": 81929.20140943107, "gamma": 0.1438272855970707}, "datetime": {"datetime": "2021-10-01 02:14:48", "elapsed": 737.284823, "delta": 2.44895}}
{"target": 0.9097948836783716, "params": {"C": 51037.04629169063, "gamma": 0.05751816390699339}, "datetime": {"datetime": "2021-10-01 02:14:51", "elapsed": 740.930436, "delta": 3.645613}}
{"target": 0.886701582034441, "params": {"C": 242578.13583361474, "gamma": 0.061455432277057125}, "datetime": {"datetime": "2021-10-01 02:14:53", "elapsed": 743.171708, "delta": 2.241272}}
{"target": 0.8882587700012695, "params": {"C": 197112.03231655905, "gamma": 0.09801015207322819}, "datetime": {"datetime": "2021-10-01 02:14:57", "elapsed": 746.90059, "delta": 3.728882}}
{"target": 0.8838835660645042, "params": {"C": 281893.649947051, "gamma": 0.14780050536103842}, "datetime": {"datetime": "2021-10-01 02:15:02", "elapsed": 751.423695, "delta": 4.523105}}
{"target": 0.8821735409413508, "params": {"C": 146767.380562145, "gamma": 0.18556254295679434}, "datetime": {"datetime": "2021-10-01 02:15:05", "elapsed": 754.270214, "delta": 2.846519}}
{"target": 0.8624533220790949, "params": {"C": 474123.24090899015, "gamma": 0.06941135746253649}, "datetime": {"datetime": "2021-10-01 02:15:09", "elapsed": 758.234036, "delta": 3.963822}}
{"target": 0.8962572437895269, "params": {"C": 103575.24898820426, "gamma": 0.1156753265961372}, "datetime": {"datetime": "2021-10-01 02:15:11", "elapsed": 760.58709, "delta": 2.353054}}
{"target": 0.8840803998094011, "params": {"C": 221397.65329556065, "gamma": 0.16338364754200058}, "datetime": {"datetime": "2021-10-01 02:15:14", "elapsed": 763.246245, "delta": 2.659155}}
{"target": 0.8826027292099411, "params": {"C": 259854.80439928843, "gamma": 0.07471640196264687}, "datetime": {"datetime": "2021-10-01 02:15:16", "elapsed": 765.573878, "delta": 2.327633}}
{"target": 0.8508190560529908, "params": {"C": 329054.2295951335, "gamma": 0.0189019491424152}, "datetime": {"datetime": "2021-10-01 02:15:18", "elapsed": 767.85609, "delta": 2.282212}}
{"target": 0.8965752772854905, "params": {"C": 71067.5856642286, "gamma": 0.13196068186054843}, "datetime": {"datetime": "2021-10-01 02:15:20", "elapsed": 770.076877, "delta": 2.220787}}
{"target": 0.8884389017986744, "params": {"C": 198478.30865442604, "gamma": 0.09135088535234528}, "datetime": {"datetime": "2021-10-01 02:15:23", "elapsed": 772.577327, "delta": 2.50045}}
{"target": 0.8598530782349384, "params": {"C": 496023.0360507815, "gamma": 0.058022080042628786}, "datetime": {"datetime": "2021-10-01 02:15:25", "elapsed": 774.874842, "delta": 2.297515}}
{"target": 0.8905925954374515, "params": {"C": 224511.1507989873, "gamma": 0.05332241891817717}, "datetime": {"datetime": "2021-10-01 02:15:28", "elapsed": 777.544637, "delta": 2.669795}}
{"target": 0.906624034557062, "params": {"C": 101110.29572576733, "gamma": 0.05694419745340685}, "datetime": {"datetime": "2021-10-01 02:15:31", "elapsed": 781.117807, "delta": 3.57317}}
{"target": 0.8860031804726207, "params": {"C": 231673.06282988843, "gamma": 0.13201605810689018}, "datetime": {"datetime": "2021-10-01 02:15:34", "elapsed": 783.581805, "delta": 2.463998}}
{"target": 0.8792791451583363, "params": {"C": 348150.68628880795, "gamma": 0.11075639386246823}, "datetime": {"datetime": "2021-10-01 02:15:38", "elapsed": 787.404031, "delta": 3.822226}}
{"target": 0.8772055821639951, "params": {"C": 311365.8350510248, "gamma": 0.07961218227046904}, "datetime": {"datetime": "2021-10-01 02:15:40", "elapsed": 789.993375, "delta": 2.589344}}
{"target": 0.8846366131690726, "params": {"C": 255451.38042512682, "gamma": 0.1482693268061048}, "datetime": {"datetime": "2021-10-01 02:15:43", "elapsed": 792.458055, "delta": 2.46468}}
{"target": 0.8675305876477954, "params": {"C": 414784.46104513644, "gamma": 0.057869387911589694}, "datetime": {"datetime": "2021-10-01 02:15:45", "elapsed": 794.869619, "delta": 2.411564}}
{"target": 0.8782546525497098, "params": {"C": 304438.3021344567, "gamma": 0.18437425952349026}, "datetime": {"datetime": "2021-10-01 02:15:48", "elapsed": 797.923653, "delta": 3.054034}}
{"target": 0.8762750928521175, "params": {"C": 329509.6237923465, "gamma": 0.0603297095167356}, "datetime": {"datetime": "2021-10-01 02:15:51", "elapsed": 801.173156, "delta": 3.249503}}
{"target": 0.8839143705166806, "params": {"C": 64556.95001948621, "gamma": 0.18829224688885807}, "datetime": {"datetime": "2021-10-01 02:15:54", "elapsed": 803.926747, "delta": 2.753591}}
{"target": 0.8876404742510294, "params": {"C": 251981.59525280798, "gamma": 0.048272375999020505}, "datetime": {"datetime": "2021-10-01 02:15:58", "elapsed": 808.178257, "delta": 4.25151}}
{"target": 0.8719488561797843, "params": {"C": 109955.17423536663, "gamma": 0.025150018103125494}, "datetime": {"datetime": "2021-10-01 02:16:01", "elapsed": 810.796549, "delta": 2.618292}}
{"target": 0.8821046710711734, "params": {"C": 344617.4891875862, "gamma": 0.13389434363144168}, "datetime": {"datetime": "2021-10-01 02:16:03", "elapsed": 813.095881, "delta": 2.299332}}
{"target": 0.8745707944963496, "params": {"C": 487984.988579635, "gamma": 0.18274391899472905}, "datetime": {"datetime": "2021-10-01 02:16:06", "elapsed": 815.758691, "delta": 2.66281}}
{"target": 0.8821905432197938, "params": {"C": 114776.31931927612, "gamma": 0.18958183934092704}, "datetime": {"datetime": "2021-10-01 02:16:09", "elapsed": 818.307558, "delta": 2.548867}}
{"target": 0.901308100295191, "params": {"C": 107532.66578320887, "gamma": 0.08713018196438574}, "datetime": {"datetime": "2021-10-01 02:16:12", "elapsed": 821.721881, "delta": 3.414323}}
