{"target": -2.5434565784538004, "params": {"C": 44738.1233501873, "gamma": 0.17364236767639923}, "datetime": {"datetime": "2021-10-04 12:21:22", "elapsed": 66.729232, "delta": 0.640585}}
{"target": -2.4406152137650468, "params": {"C": 25639.229142504217, "gamma": 0.15813143621789824}, "datetime": {"datetime": "2021-10-04 12:21:23", "elapsed": 67.421594, "delta": 0.692362}}
{"target": -2.0782571668941188, "params": {"C": 36574.098554382304, "gamma": 0.018196630045675954}, "datetime": {"datetime": "2021-10-04 12:21:24", "elapsed": 68.250198, "delta": 0.828604}}
{"target": -2.040247184349041, "params": {"C": 43439.075834668016, "gamma": 0.07568395217534239}, "datetime": {"datetime": "2021-10-04 12:21:24", "elapsed": 68.995441, "delta": 0.745243}}
{"target": -2.25406311776898, "params": {"C": 68279.53159372736, "gamma": 0.008420587721914594}, "datetime": {"datetime": "2021-10-04 12:21:25", "elapsed": 69.783497, "delta": 0.788056}}
{"target": -2.5971948838273904, "params": {"C": 73775.47115022852, "gamma": 0.17539374756128093}, "datetime": {"datetime": "2021-10-04 12:21:26", "elapsed": 70.485481, "delta": 0.701984}}
{"target": -2.603318257036365, "params": {"C": 73552.7655475887, "gamma": 0.17725555272523}, "datetime": {"datetime": "2021-10-04 12:21:27", "elapsed": 71.425556, "delta": 0.940075}}
{"target": -2.46986662242196, "params": {"C": 98090.09994650337, "gamma": 0.13239113416762852}, "datetime": {"datetime": "2021-10-04 12:21:27", "elapsed": 72.116577, "delta": 0.691021}}
{"target": -2.104667185153744, "params": {"C": 97784.56948301279, "gamma": 0.012818568977473743}, "datetime": {"datetime": "2021-10-04 12:21:28", "elapsed": 72.896826, "delta": 0.780249}}
{"target": -2.0870680581059267, "params": {"C": 22907.33424714121, "gamma": 0.0888304586019024}, "datetime": {"datetime": "2021-10-04 12:21:29", "elapsed": 73.575245, "delta": 0.678419}}
{"target": -2.233992882457484, "params": {"C": 89386.82683754046, "gamma": 0.008448866704488469}, "datetime": {"datetime": "2021-10-04 12:21:30", "elapsed": 74.357023, "delta": 0.781778}}
{"target": -2.3671115588280958, "params": {"C": 34997.37324368114, "gamma": 0.13679640236605495}, "datetime": {"datetime": "2021-10-04 12:21:31", "elapsed": 75.205794, "delta": 0.848771}}
{"target": -2.516241820330669, "params": {"C": 18627.773814902335, "gamma": 0.18130595630079271}, "datetime": {"datetime": "2021-10-04 12:21:31", "elapsed": 75.969123, "delta": 0.763329}}
{"target": -2.5577115693360692, "params": {"C": 15278.432332488414, "gamma": 0.19253447553098976}, "datetime": {"datetime": "2021-10-04 12:21:32", "elapsed": 76.823436, "delta": 0.854313}}
{"target": -2.4216588405410726, "params": {"C": 40855.743623216316, "gamma": 0.1455102798931372}, "datetime": {"datetime": "2021-10-04 12:21:33", "elapsed": 77.656456, "delta": 0.83302}}
{"target": -2.2713166642596945, "params": {"C": 93951.61482275197, "gamma": 0.09414673473149762}, "datetime": {"datetime": "2021-10-04 12:21:34", "elapsed": 78.549456, "delta": 0.893}}
{"target": -1.9667866462552717, "params": {"C": 99996.88577329826, "gamma": 0.04988665198218228}, "datetime": {"datetime": "2021-10-04 12:21:35", "elapsed": 79.325279, "delta": 0.775823}}
{"target": -2.039736633214215, "params": {"C": 24052.847656447815, "gamma": 0.02364842883828688}, "datetime": {"datetime": "2021-10-04 12:21:36", "elapsed": 80.281692, "delta": 0.956413}}
{"target": -1.9232275617230004, "params": {"C": 61949.36054684098, "gamma": 0.05324358048915129}, "datetime": {"datetime": "2021-10-04 12:21:37", "elapsed": 81.227489, "delta": 0.945797}}
{"target": -1.934653444529864, "params": {"C": 19158.510487725285, "gamma": 0.042465069612534816}, "datetime": {"datetime": "2021-10-04 12:21:37", "elapsed": 81.902721, "delta": 0.675232}}
{"target": -1.8809614066907876, "params": {"C": 96813.94443917743, "gamma": 0.03302086115036189}, "datetime": {"datetime": "2021-10-04 12:21:38", "elapsed": 82.668414, "delta": 0.765693}}
{"target": -2.62447114371107, "params": {"C": 98819.53297199885, "gamma": 0.17391975402814808}, "datetime": {"datetime": "2021-10-04 12:21:39", "elapsed": 83.397903, "delta": 0.729489}}
{"target": -2.6294356258229303, "params": {"C": 67251.21529567632, "gamma": 0.187785674994331}, "datetime": {"datetime": "2021-10-04 12:21:40", "elapsed": 84.189776, "delta": 0.791873}}
{"target": -2.3181102386707306, "params": {"C": 78175.32754832615, "gamma": 0.10745008669137698}, "datetime": {"datetime": "2021-10-04 12:21:40", "elapsed": 85.01432, "delta": 0.824544}}
{"target": -2.128156554257326, "params": {"C": 93610.52819592394, "gamma": 0.012099456042178897}, "datetime": {"datetime": "2021-10-04 12:21:41", "elapsed": 85.777723, "delta": 0.763403}}
{"target": -2.1009681178714623, "params": {"C": 13948.815682132372, "gamma": 0.08758462803254984}, "datetime": {"datetime": "2021-10-04 12:21:42", "elapsed": 86.652358, "delta": 0.874635}}
{"target": -2.190440895759635, "params": {"C": 97944.1898169829, "gamma": 0.08084938993960052}, "datetime": {"datetime": "2021-10-04 12:21:43", "elapsed": 87.598418, "delta": 0.94606}}
{"target": -2.2829159436623496, "params": {"C": 16538.00651485687, "gamma": 0.1261005711811048}, "datetime": {"datetime": "2021-10-04 12:21:44", "elapsed": 88.366986, "delta": 0.768568}}
{"target": -1.9559735884710638, "params": {"C": 31798.104869994677, "gamma": 0.06484137972709429}, "datetime": {"datetime": "2021-10-04 12:21:45", "elapsed": 89.262201, "delta": 0.895215}}
{"target": -2.243303111831021, "params": {"C": 85478.14880971241, "gamma": 0.09206080617079955}, "datetime": {"datetime": "2021-10-04 12:21:45", "elapsed": 90.096181, "delta": 0.83398}}
{"target": -2.58939433871476, "params": {"C": 69824.51888090563, "gamma": 0.17482540475397712}, "datetime": {"datetime": "2021-10-04 12:21:46", "elapsed": 90.856527, "delta": 0.760346}}
{"target": -2.583714496238794, "params": {"C": 27633.642630572966, "gamma": 0.19541377873095697}, "datetime": {"datetime": "2021-10-04 12:21:47", "elapsed": 91.986309, "delta": 1.129782}}
{"target": -2.1588643617491945, "params": {"C": 63030.62052298791, "gamma": 0.08621288128341316}, "datetime": {"datetime": "2021-10-04 12:21:48", "elapsed": 92.796722, "delta": 0.810413}}
{"target": -1.8829306317846715, "params": {"C": 79952.52013626907, "gamma": 0.027625092328640036}, "datetime": {"datetime": "2021-10-04 12:21:49", "elapsed": 93.607203, "delta": 0.810481}}
{"target": -2.246860198768669, "params": {"C": 74634.82432709732, "gamma": 0.008433667913098592}, "datetime": {"datetime": "2021-10-04 12:21:50", "elapsed": 94.339083, "delta": 0.73188}}
{"target": -2.0356737933817177, "params": {"C": 78569.33679051582, "gamma": 0.01663385808624862}, "datetime": {"datetime": "2021-10-04 12:21:50", "elapsed": 95.074959, "delta": 0.735876}}
{"target": -2.0202540244980716, "params": {"C": 11469.8151523761, "gamma": 0.05834496400647923}, "datetime": {"datetime": "2021-10-04 12:21:51", "elapsed": 95.872349, "delta": 0.79739}}
{"target": -2.0257491324555894, "params": {"C": 41468.150595225, "gamma": 0.07417787849898802}, "datetime": {"datetime": "2021-10-04 12:21:52", "elapsed": 96.636078, "delta": 0.763729}}
{"target": -2.339641839087133, "params": {"C": 18366.888307831934, "gamma": 0.13812805317217508}, "datetime": {"datetime": "2021-10-04 12:21:53", "elapsed": 97.550606, "delta": 0.914528}}
{"target": -2.496049785876298, "params": {"C": 44011.42960466585, "gamma": 0.16139756510535766}, "datetime": {"datetime": "2021-10-04 12:21:54", "elapsed": 98.473139, "delta": 0.922533}}
{"target": -2.3707547949053827, "params": {"C": 48012.239195519054, "gamma": 0.13066625970491222}, "datetime": {"datetime": "2021-10-04 12:21:55", "elapsed": 99.370408, "delta": 0.897269}}
{"target": -2.484579749446942, "params": {"C": 74715.7941155589, "gamma": 0.14376191475468536}, "datetime": {"datetime": "2021-10-04 12:21:56", "elapsed": 100.351295, "delta": 0.980887}}
{"target": -1.8771365938179827, "params": {"C": 91547.01570618743, "gamma": 0.028954777145770244}, "datetime": {"datetime": "2021-10-04 12:21:57", "elapsed": 101.259891, "delta": 0.908596}}
{"target": -2.3729038805821134, "params": {"C": 75511.42711296714, "gamma": 0.11893649079956058}, "datetime": {"datetime": "2021-10-04 12:21:58", "elapsed": 102.289426, "delta": 1.029535}}
{"target": -2.1728269981486847, "params": {"C": 64115.41326399877, "gamma": 0.011769017932628198}, "datetime": {"datetime": "2021-10-04 12:21:58", "elapsed": 103.086842, "delta": 0.797416}}
{"target": -2.3694261384001294, "params": {"C": 18877.469517416466, "gamma": 0.14470415848090507}, "datetime": {"datetime": "2021-10-04 12:21:59", "elapsed": 103.809063, "delta": 0.722221}}
{"target": -2.1322964227937686, "params": {"C": 78110.13519430306, "gamma": 0.07770611937704049}, "datetime": {"datetime": "2021-10-04 12:22:00", "elapsed": 104.633163, "delta": 0.8241}}
{"target": -2.25543355409531, "params": {"C": 57011.95518778063, "gamma": 0.1045702247940835}, "datetime": {"datetime": "2021-10-04 12:22:01", "elapsed": 105.670951, "delta": 1.037788}}
{"target": -2.512066426588472, "params": {"C": 80136.38287030283, "gamma": 0.14848411716331214}, "datetime": {"datetime": "2021-10-04 12:22:02", "elapsed": 106.522768, "delta": 0.851817}}
{"target": -2.394273752579261, "params": {"C": 65960.24862932871, "gamma": 0.12744403177138136}, "datetime": {"datetime": "2021-10-04 12:22:03", "elapsed": 107.337359, "delta": 0.814591}}
{"target": -1.8664885691348374, "params": {"C": 61797.1968206858, "gamma": 0.03552839299873278}, "datetime": {"datetime": "2021-10-04 12:22:04", "elapsed": 108.284731, "delta": 0.947372}}
{"target": -2.6412433941712288, "params": {"C": 88041.51445454145, "gamma": 0.1832369976787323}, "datetime": {"datetime": "2021-10-04 12:22:05", "elapsed": 109.289814, "delta": 1.005083}}
{"target": -2.3637847878643754, "params": {"C": 37928.73794727714, "gamma": 0.134759482628857}, "datetime": {"datetime": "2021-10-04 12:22:06", "elapsed": 110.180067, "delta": 0.890253}}
{"target": -2.407036006405464, "params": {"C": 10535.317067295906, "gamma": 0.1495612859118037}, "datetime": {"datetime": "2021-10-04 12:22:07", "elapsed": 111.313937, "delta": 1.13387}}
{"target": -2.6146881534753557, "params": {"C": 76669.77770000148, "gamma": 0.17932865158257025}, "datetime": {"datetime": "2021-10-04 12:22:08", "elapsed": 112.304282, "delta": 0.990345}}
{"target": -2.128204692727959, "params": {"C": 30583.754806595538, "gamma": 0.09494730038593888}, "datetime": {"datetime": "2021-10-04 12:22:09", "elapsed": 113.484065, "delta": 1.179783}}
{"target": -2.627349435861243, "params": {"C": 64483.27219237383, "gamma": 0.18844568600783626}, "datetime": {"datetime": "2021-10-04 12:22:10", "elapsed": 114.416851, "delta": 0.932786}}
{"target": -2.019924041730344, "params": {"C": 92312.24124768344, "gamma": 0.06108710801909375}, "datetime": {"datetime": "2021-10-04 12:22:11", "elapsed": 115.518834, "delta": 1.101983}}
{"target": -2.6070611525896967, "params": {"C": 10306.583368230538, "gamma": 0.19724078276160928}, "datetime": {"datetime": "2021-10-04 12:22:12", "elapsed": 116.550802, "delta": 1.031968}}
{"target": -2.4379140339680605, "params": {"C": 41877.45412275383, "gamma": 0.1486551389527557}, "datetime": {"datetime": "2021-10-04 12:22:13", "elapsed": 117.554373, "delta": 1.003571}}
{"target": -2.3727600228189636, "params": {"C": 33745.0027592313, "gamma": 0.1385349006582104}, "datetime": {"datetime": "2021-10-04 12:22:14", "elapsed": 118.507957, "delta": 0.953584}}
{"target": -2.585883017612251, "params": {"C": 90971.83183905859, "gamma": 0.16455733635875247}, "datetime": {"datetime": "2021-10-04 12:22:15", "elapsed": 119.582986, "delta": 1.075029}}
{"target": -2.3419208500827327, "params": {"C": 66353.43165462163, "gamma": 0.11627288156328588}, "datetime": {"datetime": "2021-10-04 12:22:16", "elapsed": 120.835266, "delta": 1.25228}}
{"target": -2.254212718960771, "params": {"C": 55607.32150803776, "gamma": 0.008991598607255735}, "datetime": {"datetime": "2021-10-04 12:22:17", "elapsed": 121.822836, "delta": 0.98757}}
{"target": -2.24168179520379, "params": {"C": 19148.158375857976, "gamma": 0.11821010147499957}, "datetime": {"datetime": "2021-10-04 12:22:18", "elapsed": 122.88812, "delta": 1.065284}}
{"target": -2.0093634058030276, "params": {"C": 23819.25493975661, "gamma": 0.0739845208607483}, "datetime": {"datetime": "2021-10-04 12:22:19", "elapsed": 123.988138, "delta": 1.100018}}
{"target": -2.5975447727478884, "params": {"C": 88457.56377207393, "gamma": 0.16925043273343818}, "datetime": {"datetime": "2021-10-04 12:22:20", "elapsed": 124.852335, "delta": 0.864197}}
{"target": -1.8853238860107397, "params": {"C": 49838.77825725886, "gamma": 0.05059365854206235}, "datetime": {"datetime": "2021-10-04 12:22:21", "elapsed": 125.95672, "delta": 1.104385}}
{"target": -2.5881620196467128, "params": {"C": 90171.8573580194, "gamma": 0.16558210983588648}, "datetime": {"datetime": "2021-10-04 12:22:22", "elapsed": 126.880271, "delta": 0.923551}}
{"target": -1.868888783050789, "params": {"C": 58210.250484592914, "gamma": 0.032276405918107036}, "datetime": {"datetime": "2021-10-04 12:22:23", "elapsed": 128.005843, "delta": 1.125572}}
{"target": -2.418135459489103, "params": {"C": 46000.824260843605, "gamma": 0.14188515969263144}, "datetime": {"datetime": "2021-10-04 12:22:24", "elapsed": 128.913228, "delta": 0.907385}}
{"target": -1.9613687654032623, "params": {"C": 59392.32608697057, "gamma": 0.05975401355873404}, "datetime": {"datetime": "2021-10-04 12:22:26", "elapsed": 130.265949, "delta": 1.352721}}
{"target": -2.038102325750134, "params": {"C": 26697.140491881863, "gamma": 0.022588967880102607}, "datetime": {"datetime": "2021-10-04 12:22:27", "elapsed": 131.273718, "delta": 1.007769}}
{"target": -2.269080454152779, "params": {"C": 22348.505648681596, "gamma": 0.12337937368136175}, "datetime": {"datetime": "2021-10-04 12:22:28", "elapsed": 132.382234, "delta": 1.108516}}
{"target": -2.085371882739855, "params": {"C": 40496.05259695466, "gamma": 0.08333401441369505}, "datetime": {"datetime": "2021-10-04 12:22:29", "elapsed": 133.327753, "delta": 0.945519}}
{"target": -1.8701917520121973, "params": {"C": 47426.92317319093, "gamma": 0.03416511106712772}, "datetime": {"datetime": "2021-10-04 12:22:30", "elapsed": 134.56607, "delta": 1.238317}}
{"target": -1.9656390573506077, "params": {"C": 97574.67005530473, "gamma": 0.05050206601398502}, "datetime": {"datetime": "2021-10-04 12:22:31", "elapsed": 135.854168, "delta": 1.288098}}
{"target": -2.266939140567082, "params": {"C": 56232.901225777074, "gamma": 0.10683341669471962}, "datetime": {"datetime": "2021-10-04 12:22:33", "elapsed": 137.169242, "delta": 1.315074}}
{"target": -2.091181553499696, "params": {"C": 96197.62117588539, "gamma": 0.013382859877326594}, "datetime": {"datetime": "2021-10-04 12:22:34", "elapsed": 138.448, "delta": 1.278758}}
{"target": -1.9246032709673409, "params": {"C": 63023.62742608128, "gamma": 0.05319314164078874}, "datetime": {"datetime": "2021-10-04 12:22:35", "elapsed": 139.557586, "delta": 1.109586}}
{"target": -2.185707902304932, "params": {"C": 42834.34295836832, "gamma": 0.09905640266224695}, "datetime": {"datetime": "2021-10-04 12:22:36", "elapsed": 140.904145, "delta": 1.346559}}
{"target": -2.6066904609880654, "params": {"C": 74200.22484749366, "gamma": 0.17797146107819062}, "datetime": {"datetime": "2021-10-04 12:22:37", "elapsed": 141.782526, "delta": 0.878381}}
{"target": -2.155240323796404, "params": {"C": 24367.871416225786, "gamma": 0.10154431769891559}, "datetime": {"datetime": "2021-10-04 12:22:38", "elapsed": 142.766702, "delta": 0.984176}}
{"target": -1.9827864103010155, "params": {"C": 41934.43124551938, "gamma": 0.02299828861295666}, "datetime": {"datetime": "2021-10-04 12:22:39", "elapsed": 144.020346, "delta": 1.253644}}
{"target": -1.9788740465700234, "params": {"C": 38899.937276744386, "gamma": 0.0674450203191751}, "datetime": {"datetime": "2021-10-04 12:22:41", "elapsed": 145.274515, "delta": 1.254169}}
{"target": -2.580285025695683, "params": {"C": 24388.14388353811, "gamma": 0.1965087191550965}, "datetime": {"datetime": "2021-10-04 12:22:42", "elapsed": 146.516402, "delta": 1.241887}}
{"target": -1.8916799231830996, "params": {"C": 97350.16970667844, "gamma": 0.03561314371774073}, "datetime": {"datetime": "2021-10-04 12:22:43", "elapsed": 147.568265, "delta": 1.051863}}
{"target": -2.10772876098649, "params": {"C": 43585.945968705375, "gamma": 0.08572948392580779}, "datetime": {"datetime": "2021-10-04 12:22:44", "elapsed": 148.605264, "delta": 1.036999}}
{"target": -2.4182894259751286, "params": {"C": 25127.097877109496, "gamma": 0.15326510180944264}, "datetime": {"datetime": "2021-10-04 12:22:45", "elapsed": 149.536276, "delta": 0.931012}}
{"target": -2.5804137684137576, "params": {"C": 10249.690510345954, "gamma": 0.19101257081839434}, "datetime": {"datetime": "2021-10-04 12:22:46", "elapsed": 150.464701, "delta": 0.928425}}
{"target": -2.2573805903642654, "params": {"C": 18070.66895519595, "gamma": 0.12117266188594177}, "datetime": {"datetime": "2021-10-04 12:22:47", "elapsed": 151.377638, "delta": 0.912937}}
{"target": -1.8678212891269297, "params": {"C": 35015.39382716422, "gamma": 0.043302448866185936}, "datetime": {"datetime": "2021-10-04 12:22:48", "elapsed": 152.448815, "delta": 1.071177}}
{"target": -2.0087524700981434, "params": {"C": 24772.106654361793, "gamma": 0.07398910838374398}, "datetime": {"datetime": "2021-10-04 12:22:49", "elapsed": 153.517732, "delta": 1.068917}}
{"target": -2.3266562210201327, "params": {"C": 30413.008181856938, "gamma": 0.1310807180049898}, "datetime": {"datetime": "2021-10-04 12:22:50", "elapsed": 154.548379, "delta": 1.030647}}
{"target": -2.2949017697528182, "params": {"C": 41472.87412347249, "gamma": 0.11912268447980756}, "datetime": {"datetime": "2021-10-04 12:22:51", "elapsed": 155.466198, "delta": 0.917819}}
{"target": -1.9913638844620076, "params": {"C": 12455.636334119074, "gamma": 0.04962274523135905}, "datetime": {"datetime": "2021-10-04 12:22:52", "elapsed": 157.087648, "delta": 1.62145}}
{"target": -2.112710960735652, "params": {"C": 12331.209031639271, "gamma": 0.08751725042011743}, "datetime": {"datetime": "2021-10-04 12:22:54", "elapsed": 158.207012, "delta": 1.119364}}
{"target": -2.391291749317675, "params": {"C": 88222.68473133826, "gamma": 0.11832467140684728}, "datetime": {"datetime": "2021-10-04 12:22:55", "elapsed": 159.312009, "delta": 1.104997}}
{"target": -2.623890781748147, "params": {"C": 58282.14978509028, "gamma": 0.19020693035130187}, "datetime": {"datetime": "2021-10-04 12:22:56", "elapsed": 160.500631, "delta": 1.188622}}
{"target": -2.0937172131356916, "params": {"C": 30288.68420975829, "gamma": 0.08877506996920592}, "datetime": {"datetime": "2021-10-04 12:22:57", "elapsed": 161.681985, "delta": 1.181354}}
{"target": -2.086998039578496, "params": {"C": 47399.905914077666, "gamma": 0.08123582595744935}, "datetime": {"datetime": "2021-10-04 12:22:58", "elapsed": 162.756749, "delta": 1.074764}}
{"target": -2.5992215226805304, "params": {"C": 31126.76805469232, "gamma": 0.19785708529235083}, "datetime": {"datetime": "2021-10-04 12:22:59", "elapsed": 163.883841, "delta": 1.127092}}
{"target": -1.867236705418449, "params": {"C": 39211.598288688896, "gamma": 0.03745864556537335}, "datetime": {"datetime": "2021-10-04 12:23:01", "elapsed": 165.376994, "delta": 1.493153}}
{"target": -2.113192773663645, "params": {"C": 59253.07229799972, "gamma": 0.0807035616442018}, "datetime": {"datetime": "2021-10-04 12:23:02", "elapsed": 166.844251, "delta": 1.467257}}
{"target": -2.473816937434541, "params": {"C": 39345.56749541845, "gamma": 0.15831982483036527}, "datetime": {"datetime": "2021-10-04 12:23:03", "elapsed": 167.90862, "delta": 1.064369}}
{"target": -1.951222145101856, "params": {"C": 22469.397634355544, "gamma": 0.03277418396568855}, "datetime": {"datetime": "2021-10-04 12:23:05", "elapsed": 169.365539, "delta": 1.456919}}
{"target": -2.512903123571391, "params": {"C": 57438.44865249145, "gamma": 0.1590283342831244}, "datetime": {"datetime": "2021-10-04 12:23:06", "elapsed": 170.469559, "delta": 1.10402}}
{"target": -2.286549709171648, "params": {"C": 51694.243856761845, "gamma": 0.11227146164862668}, "datetime": {"datetime": "2021-10-04 12:23:07", "elapsed": 171.587405, "delta": 1.117846}}
{"target": -2.5660535480358315, "params": {"C": 36609.561300991016, "gamma": 0.18487621630358098}, "datetime": {"datetime": "2021-10-04 12:23:08", "elapsed": 172.972372, "delta": 1.384967}}
{"target": -2.0038846737235563, "params": {"C": 52783.61278804701, "gamma": 0.06754640291261023}, "datetime": {"datetime": "2021-10-04 12:23:09", "elapsed": 174.064883, "delta": 1.092511}}
{"target": -2.0646168549055766, "params": {"C": 59489.279590909704, "gamma": 0.07398540876770657}, "datetime": {"datetime": "2021-10-04 12:23:11", "elapsed": 175.270397, "delta": 1.205514}}
{"target": -2.5124985563498488, "params": {"C": 68708.7458978176, "gamma": 0.15325715128973064}, "datetime": {"datetime": "2021-10-04 12:23:12", "elapsed": 176.446358, "delta": 1.175961}}
{"target": -1.8663486827477047, "params": {"C": 61532.78955375097, "gamma": 0.036034990450653184}, "datetime": {"datetime": "2021-10-04 12:23:13", "elapsed": 177.684246, "delta": 1.237888}}
{"target": -2.131096805141401, "params": {"C": 97685.52185794634, "gamma": 0.011844471379107747}, "datetime": {"datetime": "2021-10-04 12:23:14", "elapsed": 178.839495, "delta": 1.155249}}
{"target": -2.5649321536210707, "params": {"C": 34094.35093203544, "gamma": 0.18609973451786985}, "datetime": {"datetime": "2021-10-04 12:23:15", "elapsed": 179.937893, "delta": 1.098398}}
{"target": -2.162095322148109, "params": {"C": 26854.08269180048, "gamma": 0.015948354170755272}, "datetime": {"datetime": "2021-10-04 12:23:16", "elapsed": 181.02394, "delta": 1.086047}}
