{"target": 0.8735944710498921, "params": {"C": 437268.8662958036, "gamma": 0.19194756744818292}, "datetime": {"datetime": "2021-10-01 02:09:40", "elapsed": 429.473905, "delta": 1.655569}}
{"target": 0.8742187259235334, "params": {"C": 471566.9267942047, "gamma": 0.18600061386688935}, "datetime": {"datetime": "2021-10-01 02:09:42", "elapsed": 431.344991, "delta": 1.871086}}
{"target": 0.9036735160955249, "params": {"C": 65043.74439272144, "gamma": 0.10591246901127765}, "datetime": {"datetime": "2021-10-01 02:09:43", "elapsed": 433.128284, "delta": 1.783293}}
{"target": 0.8652905457627057, "params": {"C": 441810.7381884735, "gamma": 0.054513604129641104}, "datetime": {"datetime": "2021-10-01 02:09:46", "elapsed": 435.577711, "delta": 2.449427}}
{"target": 0.8692488328073892, "params": {"C": 411553.0354397481, "gamma": 0.049838593648703425}, "datetime": {"datetime": "2021-10-01 02:09:49", "elapsed": 438.238472, "delta": 2.660761}}
{"target": 0.8454564339777173, "params": {"C": 213236.80496580835, "gamma": 0.01037655758870424}, "datetime": {"datetime": "2021-10-01 02:09:51", "elapsed": 440.237702, "delta": 1.99923}}
{"target": 0.8819462604774694, "params": {"C": 140089.66855847958, "gamma": 0.18746153053416054}, "datetime": {"datetime": "2021-10-01 02:09:53", "elapsed": 442.238267, "delta": 2.000565}}
{"target": 0.8794048875163843, "params": {"C": 451667.3475307167, "gamma": 0.15353135194610149}, "datetime": {"datetime": "2021-10-01 02:09:55", "elapsed": 444.237344, "delta": 1.999077}}
{"target": 0.896582143747466, "params": {"C": 170251.59237304638, "gamma": 0.06262598470000955}, "datetime": {"datetime": "2021-10-01 02:09:56", "elapsed": 446.01906, "delta": 1.781716}}
{"target": 0.8765383958210402, "params": {"C": 319208.78115642973, "gamma": 0.08043034383347428}, "datetime": {"datetime": "2021-10-01 02:09:58", "elapsed": 447.888917, "delta": 1.869857}}
{"target": 0.8740764678993074, "params": {"C": 480806.63537545735, "gamma": 0.1858010233465383}, "datetime": {"datetime": "2021-10-01 02:10:00", "elapsed": 449.838899, "delta": 1.949982}}
{"target": 0.8796806702662567, "params": {"C": 450554.59475069126, "gamma": 0.14234076313857658}, "datetime": {"datetime": "2021-10-01 02:10:03", "elapsed": 452.973867, "delta": 3.134968}}
{"target": 0.8738521365382581, "params": {"C": 478163.78476183274, "gamma": 0.18708849844737327}, "datetime": {"datetime": "2021-10-01 02:10:05", "elapsed": 454.793071, "delta": 1.819204}}
{"target": 0.8893698768630529, "params": {"C": 140537.7186920604, "gamma": 0.14418185690634872}, "datetime": {"datetime": "2021-10-01 02:10:07", "elapsed": 456.604958, "delta": 1.811887}}
{"target": 0.8851601532717045, "params": {"C": 250730.6670487447, "gamma": 0.1279490451521901}, "datetime": {"datetime": "2021-10-01 02:10:10", "elapsed": 459.671536, "delta": 3.066578}}
{"target": 0.8604390745632315, "params": {"C": 225854.5182538723, "gamma": 0.02125189827663231}, "datetime": {"datetime": "2021-10-01 02:10:12", "elapsed": 461.614327, "delta": 1.942791}}
{"target": 0.8926745769109244, "params": {"C": 53616.215827246284, "gamma": 0.15469720834698447}, "datetime": {"datetime": "2021-10-01 02:10:14", "elapsed": 463.864476, "delta": 2.250149}}
{"target": 0.8845701527088614, "params": {"C": 201126.8108608999, "gamma": 0.1640719832158038}, "datetime": {"datetime": "2021-10-01 02:10:17", "elapsed": 466.441434, "delta": 2.576958}}
{"target": 0.9007615917946081, "params": {"C": 53173.843424202234, "gamma": 0.12357625696678667}, "datetime": {"datetime": "2021-10-01 02:10:19", "elapsed": 469.035289, "delta": 2.593855}}
{"target": 0.8655612993239472, "params": {"C": 459042.7204764021, "gamma": 0.0788915941328559}, "datetime": {"datetime": "2021-10-01 02:10:21", "elapsed": 470.836336, "delta": 1.801047}}
{"target": 0.8809252135186303, "params": {"C": 392588.57808827714, "gamma": 0.13705445937411304}, "datetime": {"datetime": "2021-10-01 02:10:23", "elapsed": 472.603032, "delta": 1.766696}}
{"target": 0.872490872663295, "params": {"C": 423122.9689193502, "gamma": 0.19782474777970374}, "datetime": {"datetime": "2021-10-01 02:10:25", "elapsed": 475.158469, "delta": 2.555437}}
{"target": 0.8857577309608228, "params": {"C": 237563.65693858662, "gamma": 0.13128501068068077}, "datetime": {"datetime": "2021-10-01 02:10:28", "elapsed": 477.868429, "delta": 2.70996}}
{"target": 0.8826202526787277, "params": {"C": 256340.21802654382, "gamma": 0.08680608685216167}, "datetime": {"datetime": "2021-10-01 02:10:30", "elapsed": 479.78084, "delta": 1.912411}}
{"target": 0.8703271554616352, "params": {"C": 394586.7515630666, "gamma": 0.053443496285748585}, "datetime": {"datetime": "2021-10-01 02:10:32", "elapsed": 482.024923, "delta": 2.244083}}
{"target": 0.878662223757531, "params": {"C": 476277.2331032593, "gamma": 0.1566698208171428}, "datetime": {"datetime": "2021-10-01 02:10:35", "elapsed": 484.834324, "delta": 2.809401}}
{"target": 0.9010392237988633, "params": {"C": 117596.35028360422, "gamma": 0.08086425134769365}, "datetime": {"datetime": "2021-10-01 02:10:37", "elapsed": 486.629673, "delta": 1.795349}}
{"target": 0.8857297286406056, "params": {"C": 238240.64361607027, "gamma": 0.13147557248974603}, "datetime": {"datetime": "2021-10-01 02:10:39", "elapsed": 488.627114, "delta": 1.997441}}
{"target": 0.8806661096025906, "params": {"C": 322489.7305716222, "gamma": 0.1121844773366525}, "datetime": {"datetime": "2021-10-01 02:10:41", "elapsed": 490.504841, "delta": 1.877727}}
{"target": 0.8945442611460772, "params": {"C": 188273.11319142955, "gamma": 0.059503681825349194}, "datetime": {"datetime": "2021-10-01 02:10:43", "elapsed": 492.387516, "delta": 1.882675}}
{"target": 0.8677938839444445, "params": {"C": 466221.63039612194, "gamma": 0.08803283225327238}, "datetime": {"datetime": "2021-10-01 02:10:44", "elapsed": 494.218798, "delta": 1.831282}}
{"target": 0.8628857806341884, "params": {"C": 499291.9214962286, "gamma": 0.0785220434153404}, "datetime": {"datetime": "2021-10-01 02:10:46", "elapsed": 496.06378, "delta": 1.844982}}
{"target": 0.8825817919342115, "params": {"C": 256919.30919718035, "gamma": 0.08168305826605253}, "datetime": {"datetime": "2021-10-01 02:10:48", "elapsed": 497.843285, "delta": 1.779505}}
{"target": 0.8582087565696781, "params": {"C": 331714.5906183304, "gamma": 0.022064168870587146}, "datetime": {"datetime": "2021-10-01 02:10:50", "elapsed": 499.776147, "delta": 1.932862}}
{"target": 0.8868522859732393, "params": {"C": 211937.58292597652, "gamma": 0.0975505129395424}, "datetime": {"datetime": "2021-10-01 02:10:52", "elapsed": 501.639486, "delta": 1.863339}}
{"target": 0.8430527235831518, "params": {"C": 256393.84639401952, "gamma": 0.013728894624692109}, "datetime": {"datetime": "2021-10-01 02:10:54", "elapsed": 503.352507, "delta": 1.713021}}
{"target": 0.8778587002535663, "params": {"C": 196437.89870160125, "gamma": 0.1982460364466833}, "datetime": {"datetime": "2021-10-01 02:10:55", "elapsed": 505.144938, "delta": 1.792431}}
{"target": 0.8900431818063383, "params": {"C": 52204.512403449524, "gamma": 0.16546161611794766}, "datetime": {"datetime": "2021-10-01 02:10:57", "elapsed": 506.97365, "delta": 1.828712}}
{"target": 0.8796183175160295, "params": {"C": 302562.1383804227, "gamma": 0.03603623609553759}, "datetime": {"datetime": "2021-10-01 02:11:00", "elapsed": 509.52132, "delta": 2.54767}}
{"target": 0.8742955206215892, "params": {"C": 416979.9515244183, "gamma": 0.10189769587850722}, "datetime": {"datetime": "2021-10-01 02:11:02", "elapsed": 511.401744, "delta": 1.880424}}
{"target": 0.8836916339021468, "params": {"C": 295356.00329603505, "gamma": 0.13576828278569583}, "datetime": {"datetime": "2021-10-01 02:11:04", "elapsed": 513.914264, "delta": 2.51252}}
{"target": 0.871413423626818, "params": {"C": 114535.75927725915, "gamma": 0.024907690059803856}, "datetime": {"datetime": "2021-10-01 02:11:06", "elapsed": 515.797672, "delta": 1.883408}}
{"target": 0.905356332239165, "params": {"C": 91612.81875849368, "gamma": 0.08066395437013624}, "datetime": {"datetime": "2021-10-01 02:11:08", "elapsed": 517.66137, "delta": 1.863698}}
{"target": 0.8820877510624886, "params": {"C": 352526.78924348333, "gamma": 0.1426545059178078}, "datetime": {"datetime": "2021-10-01 02:11:11", "elapsed": 520.265072, "delta": 2.603702}}
{"target": 0.8607430599319096, "params": {"C": 496059.4157898466, "gamma": 0.06914888709375443}, "datetime": {"datetime": "2021-10-01 02:11:12", "elapsed": 522.123996, "delta": 1.858924}}
{"target": 0.884200194211233, "params": {"C": 280118.18667183706, "gamma": 0.1388377782139478}, "datetime": {"datetime": "2021-10-01 02:11:15", "elapsed": 524.592855, "delta": 2.468859}}
{"target": 0.8845573290577404, "params": {"C": 157597.92234554904, "gamma": 0.17208814470554665}, "datetime": {"datetime": "2021-10-01 02:11:17", "elapsed": 526.341228, "delta": 1.748373}}
{"target": 0.8734496502624219, "params": {"C": 484773.83784832247, "gamma": 0.18832820820390914}, "datetime": {"datetime": "2021-10-01 02:11:18", "elapsed": 528.177254, "delta": 1.836026}}
{"target": 0.8660750711177098, "params": {"C": 441954.0515150747, "gamma": 0.0500527359673434}, "datetime": {"datetime": "2021-10-01 02:11:20", "elapsed": 530.141979, "delta": 1.964725}}
{"target": 0.8692045425419489, "params": {"C": 460373.4282527799, "gamma": 0.09151885959546903}, "datetime": {"datetime": "2021-10-01 02:11:22", "elapsed": 532.164958, "delta": 2.022979}}
{"target": 0.8758048396910502, "params": {"C": 303001.88199042197, "gamma": 0.1953508243767083}, "datetime": {"datetime": "2021-10-01 02:11:24", "elapsed": 534.20428, "delta": 2.039322}}
{"target": 0.8786119680237847, "params": {"C": 402258.785891629, "gamma": 0.17028958069769667}, "datetime": {"datetime": "2021-10-01 02:11:26", "elapsed": 535.971686, "delta": 1.767406}}
{"target": 0.8465839398267585, "params": {"C": 475168.2619053007, "gamma": 0.01990678920383646}, "datetime": {"datetime": "2021-10-01 02:11:28", "elapsed": 537.91245, "delta": 1.940764}}
{"target": 0.8869293842644632, "params": {"C": 203719.21248265868, "gamma": 0.13956530603696402}, "datetime": {"datetime": "2021-10-01 02:11:30", "elapsed": 539.87102, "delta": 1.95857}}
{"target": 0.8933655264862806, "params": {"C": 66307.10964596382, "gamma": 0.14792685419094878}, "datetime": {"datetime": "2021-10-01 02:11:32", "elapsed": 541.914844, "delta": 2.043824}}
{"target": 0.8545824625514468, "params": {"C": 398519.86301077344, "gamma": 0.021926102007463918}, "datetime": {"datetime": "2021-10-01 02:11:34", "elapsed": 543.944227, "delta": 2.029383}}
{"target": 0.908362405088437, "params": {"C": 64085.70301321769, "gamma": 0.08742393739366863}, "datetime": {"datetime": "2021-10-01 02:11:37", "elapsed": 546.706286, "delta": 2.762059}}
{"target": 0.8808683913030924, "params": {"C": 391447.7102254942, "gamma": 0.15160867442566525}, "datetime": {"datetime": "2021-10-01 02:11:39", "elapsed": 548.81606, "delta": 2.109774}}
{"target": 0.8628490971543246, "params": {"C": 451356.87637812697, "gamma": 0.03010668328345788}, "datetime": {"datetime": "2021-10-01 02:11:41", "elapsed": 550.813891, "delta": 1.997831}}
{"target": 0.8777514409224311, "params": {"C": 448794.4021345604, "gamma": 0.16939803484441682}, "datetime": {"datetime": "2021-10-01 02:11:43", "elapsed": 552.843682, "delta": 2.029791}}
{"target": 0.876502806073665, "params": {"C": 338585.08110049623, "gamma": 0.05350914745990237}, "datetime": {"datetime": "2021-10-01 02:11:45", "elapsed": 554.719682, "delta": 1.876}}
{"target": 0.8824294842935981, "params": {"C": 287400.85451633704, "gamma": 0.05427190618012835}, "datetime": {"datetime": "2021-10-01 02:11:47", "elapsed": 556.60995, "delta": 1.890268}}
{"target": 0.8947604758517987, "params": {"C": 103960.86336755118, "gamma": 0.12415799309296854}, "datetime": {"datetime": "2021-10-01 02:11:50", "elapsed": 559.494989, "delta": 2.885039}}
{"target": 0.8611068889519731, "params": {"C": 483227.0796365653, "gamma": 0.06437480828896554}, "datetime": {"datetime": "2021-10-01 02:11:52", "elapsed": 561.479161, "delta": 1.984172}}
{"target": 0.8795017543097451, "params": {"C": 302127.239762557, "gamma": 0.09587236824665499}, "datetime": {"datetime": "2021-10-01 02:11:54", "elapsed": 563.728797, "delta": 2.249636}}
{"target": 0.8863661684947713, "params": {"C": 237104.31092532337, "gamma": 0.06709449832884697}, "datetime": {"datetime": "2021-10-01 02:11:56", "elapsed": 565.939555, "delta": 2.210758}}
{"target": 0.8834517075532837, "params": {"C": 302781.6613555247, "gamma": 0.14324826259890164}, "datetime": {"datetime": "2021-10-01 02:11:58", "elapsed": 567.985153, "delta": 2.045598}}
{"target": 0.8772311410422005, "params": {"C": 473677.9530108766, "gamma": 0.1694378476126158}, "datetime": {"datetime": "2021-10-01 02:12:00", "elapsed": 569.990509, "delta": 2.005356}}
{"target": 0.861729218431597, "params": {"C": 490607.13853191934, "gamma": 0.0477858194662608}, "datetime": {"datetime": "2021-10-01 02:12:02", "elapsed": 572.024562, "delta": 2.034053}}
{"target": 0.8918371992495582, "params": {"C": 142724.9855820994, "gamma": 0.11963157383722382}, "datetime": {"datetime": "2021-10-01 02:12:06", "elapsed": 575.516973, "delta": 3.492411}}
{"target": 0.8734108768091723, "params": {"C": 370458.7147321121, "gamma": 0.0872774945363252}, "datetime": {"datetime": "2021-10-01 02:12:08", "elapsed": 577.668468, "delta": 2.151495}}
{"target": 0.8847783853709048, "params": {"C": 258290.6385359468, "gamma": 0.1260564403207635}, "datetime": {"datetime": "2021-10-01 02:12:10", "elapsed": 580.021305, "delta": 2.352837}}
{"target": 0.8802719253039767, "params": {"C": 361358.80961108574, "gamma": 0.1651794003414529}, "datetime": {"datetime": "2021-10-01 02:12:14", "elapsed": 583.811629, "delta": 3.790324}}
{"target": 0.8693287603535443, "params": {"C": 393652.9264398372, "gamma": 0.06101128033144041}, "datetime": {"datetime": "2021-10-01 02:12:16", "elapsed": 586.031933, "delta": 2.220304}}
{"target": 0.901700645711379, "params": {"C": 97766.65648405944, "gamma": 0.09246062668907722}, "datetime": {"datetime": "2021-10-01 02:12:18", "elapsed": 588.052, "delta": 2.020067}}
{"target": 0.8485123686795665, "params": {"C": 255554.5903302412, "gamma": 0.00436190313828681}, "datetime": {"datetime": "2021-10-01 02:12:20", "elapsed": 590.171975, "delta": 2.119975}}
{"target": 0.8710427096952926, "params": {"C": 399394.02523009526, "gamma": 0.08525844382603139}, "datetime": {"datetime": "2021-10-01 02:12:22", "elapsed": 592.126035, "delta": 1.95406}}
{"target": 0.8797758003620014, "params": {"C": 443536.26275028655, "gamma": 0.1494995408540268}, "datetime": {"datetime": "2021-10-01 02:12:25", "elapsed": 595.199355, "delta": 3.07332}}
{"target": 0.862295397480077, "params": {"C": 52443.354763215924, "gamma": 0.01966091151558845}, "datetime": {"datetime": "2021-10-01 02:12:28", "elapsed": 597.281314, "delta": 2.081959}}
{"target": 0.8675055217029497, "params": {"C": 437516.8333050506, "gamma": 0.08094997450144958}, "datetime": {"datetime": "2021-10-01 02:12:30", "elapsed": 599.324611, "delta": 2.043297}}
{"target": 0.8691489301520744, "params": {"C": 405941.63921669766, "gamma": 0.05333464805763947}, "datetime": {"datetime": "2021-10-01 02:12:32", "elapsed": 601.381409, "delta": 2.056798}}
{"target": 0.8961773923522709, "params": {"C": 70475.13231189849, "gamma": 0.13398170260935188}, "datetime": {"datetime": "2021-10-01 02:12:35", "elapsed": 604.287226, "delta": 2.905817}}
{"target": 0.8319948993593269, "params": {"C": 492154.57758711884, "gamma": 0.012819693872801408}, "datetime": {"datetime": "2021-10-01 02:12:37", "elapsed": 606.614049, "delta": 2.326823}}
{"target": 0.8795473083514789, "params": {"C": 287225.9918045104, "gamma": 0.07584830023875892}, "datetime": {"datetime": "2021-10-01 02:12:41", "elapsed": 611.154715, "delta": 4.540666}}
{"target": 0.8945576868706347, "params": {"C": 101288.66808883147, "gamma": 0.12688114808314724}, "datetime": {"datetime": "2021-10-01 02:12:45", "elapsed": 614.534099, "delta": 3.379384}}
{"target": 0.8822957914739562, "params": {"C": 260353.02543058185, "gamma": 0.1683548616275593}, "datetime": {"datetime": "2021-10-01 02:12:47", "elapsed": 616.991966, "delta": 2.457867}}
{"target": 0.8796407287628628, "params": {"C": 387564.1347555869, "gamma": 0.1221192775493814}, "datetime": {"datetime": "2021-10-01 02:12:50", "elapsed": 619.502962, "delta": 2.510996}}
{"target": 0.8919015885664856, "params": {"C": 108439.83589749868, "gamma": 0.139562255801769}, "datetime": {"datetime": "2021-10-01 02:12:52", "elapsed": 621.848731, "delta": 2.345769}}
{"target": 0.880924223074274, "params": {"C": 273220.44876897876, "gamma": 0.0799225179459754}, "datetime": {"datetime": "2021-10-01 02:12:54", "elapsed": 624.125864, "delta": 2.277133}}
{"target": 0.8917047114757821, "params": {"C": 215685.79502672472, "gamma": 0.04510036468821663}, "datetime": {"datetime": "2021-10-01 02:12:57", "elapsed": 626.484185, "delta": 2.358321}}
{"target": 0.8872084438067733, "params": {"C": 125883.92003728813, "gamma": 0.16307864254638646}, "datetime": {"datetime": "2021-10-01 02:12:59", "elapsed": 628.763745, "delta": 2.27956}}
{"target": 0.8789782912873378, "params": {"C": 416791.4209174975, "gamma": 0.12375823595456154}, "datetime": {"datetime": "2021-10-01 02:13:01", "elapsed": 631.013472, "delta": 2.249727}}
{"target": 0.872946491823434, "params": {"C": 377199.49566280365, "gamma": 0.08724580080488231}, "datetime": {"datetime": "2021-10-01 02:13:04", "elapsed": 633.277761, "delta": 2.264289}}
{"target": 0.8732793627326957, "params": {"C": 492351.4421474488, "gamma": 0.10858516937820736}, "datetime": {"datetime": "2021-10-01 02:13:06", "elapsed": 635.985676, "delta": 2.707915}}
{"target": 0.8791584170592818, "params": {"C": 463413.33163281746, "gamma": 0.15343177754688594}, "datetime": {"datetime": "2021-10-01 02:13:09", "elapsed": 638.349677, "delta": 2.364001}}
{"target": 0.8849087007640789, "params": {"C": 257720.71387724552, "gamma": 0.14049436275894503}, "datetime": {"datetime": "2021-10-01 02:13:12", "elapsed": 641.516663, "delta": 3.166986}}
{"target": 0.8726790494500412, "params": {"C": 427304.1985296798, "gamma": 0.19669176655526216}, "datetime": {"datetime": "2021-10-01 02:13:14", "elapsed": 643.774019, "delta": 2.257356}}
{"target": 0.8390162286499513, "params": {"C": 350039.06808356056, "gamma": 0.01386988305976963}, "datetime": {"datetime": "2021-10-01 02:13:17", "elapsed": 646.678723, "delta": 2.904704}}
{"target": 0.8715391377751647, "params": {"C": 449554.95388323814, "gamma": 0.09735494959248153}, "datetime": {"datetime": "2021-10-01 02:13:19", "elapsed": 648.856337, "delta": 2.177614}}
{"target": 0.8950888349847422, "params": {"C": 142473.5581175092, "gamma": 0.09265836611549388}, "datetime": {"datetime": "2021-10-01 02:13:22", "elapsed": 651.487284, "delta": 2.630947}}
{"target": 0.8881750097661425, "params": {"C": 179516.83519426387, "gamma": 0.1366206299559999}, "datetime": {"datetime": "2021-10-01 02:13:25", "elapsed": 655.023407, "delta": 3.536123}}
{"target": 0.8855407369205317, "params": {"C": 226270.9094783943, "gamma": 0.0961950463520712}, "datetime": {"datetime": "2021-10-01 02:13:27", "elapsed": 657.142634, "delta": 2.119227}}
{"target": 0.8772093486324493, "params": {"C": 444063.3040110216, "gamma": 0.17341094542222402}, "datetime": {"datetime": "2021-10-01 02:13:30", "elapsed": 659.327918, "delta": 2.185284}}
{"target": 0.8539411516167497, "params": {"C": 68915.0771737601, "gamma": 0.010879507062650628}, "datetime": {"datetime": "2021-10-01 02:13:32", "elapsed": 661.710569, "delta": 2.382651}}
{"target": 0.8799163529556812, "params": {"C": 295808.6220668496, "gamma": 0.09560439971408993}, "datetime": {"datetime": "2021-10-01 02:13:35", "elapsed": 664.786252, "delta": 3.075683}}
{"target": 0.9089183433332444, "params": {"C": 77325.06018358572, "gamma": 0.0739638413140802}, "datetime": {"datetime": "2021-10-01 02:13:37", "elapsed": 667.191606, "delta": 2.405354}}
{"target": 0.8857148161007238, "params": {"C": 68444.87363643543, "gamma": 0.1804146789828442}, "datetime": {"datetime": "2021-10-01 02:13:40", "elapsed": 670.106186, "delta": 2.91458}}
{"target": 0.8841828802103315, "params": {"C": 243524.74110562156, "gamma": 0.09984458473135527}, "datetime": {"datetime": "2021-10-01 02:13:46", "elapsed": 675.232309, "delta": 5.126123}}
{"target": 0.8940517003548623, "params": {"C": 119345.58892916949, "gamma": 0.037231290574460715}, "datetime": {"datetime": "2021-10-01 02:13:48", "elapsed": 678.092729, "delta": 2.86042}}
{"target": 0.8805402852071145, "params": {"C": 388235.287819975, "gamma": 0.15722289908034595}, "datetime": {"datetime": "2021-10-01 02:13:51", "elapsed": 680.477053, "delta": 2.384324}}
{"target": 0.8949736825125761, "params": {"C": 111733.01006700548, "gamma": 0.11797579333642909}, "datetime": {"datetime": "2021-10-01 02:13:53", "elapsed": 683.131794, "delta": 2.654741}}
{"target": 0.8790610776433442, "params": {"C": 413626.76646682573, "gamma": 0.16545185836844326}, "datetime": {"datetime": "2021-10-01 02:13:56", "elapsed": 685.682453, "delta": 2.550659}}
{"target": 0.8844087373607167, "params": {"C": 251372.27277483814, "gamma": 0.15291388560364372}, "datetime": {"datetime": "2021-10-01 02:13:58", "elapsed": 688.214981, "delta": 2.532528}}
{"target": 0.9086156660382444, "params": {"C": 83783.65571938244, "gamma": 0.06913983335172845}, "datetime": {"datetime": "2021-10-01 02:14:01", "elapsed": 690.844764, "delta": 2.629783}}
{"target": 0.8837221108090826, "params": {"C": 257087.4978903371, "gamma": 0.10785950316028485}, "datetime": {"datetime": "2021-10-01 02:14:04", "elapsed": 693.348332, "delta": 2.503568}}
{"target": 0.8947966367569884, "params": {"C": 138355.79231715828, "gamma": 0.09823662118038912}, "datetime": {"datetime": "2021-10-01 02:14:07", "elapsed": 696.635551, "delta": 3.287219}}
{"target": 0.8928305944476017, "params": {"C": 72539.27212327224, "gamma": 0.14820263623823865}, "datetime": {"datetime": "2021-10-01 02:14:09", "elapsed": 698.99337, "delta": 2.357819}}
