{"target": 0.9241285888880335, "params": {"C": 137283.25568234795, "gamma": 0.03138164432440133}, "datetime": {"datetime": "2021-10-04 09:49:23", "elapsed": 184.519062, "delta": 1.253103}}
{"target": 0.9194903218829018, "params": {"C": 202480.8141775847, "gamma": 0.04225578269121066}, "datetime": {"datetime": "2021-10-04 09:49:25", "elapsed": 186.174432, "delta": 1.65537}}
{"target": 0.9257321669643291, "params": {"C": 130326.08106678363, "gamma": 0.043257950837103876}, "datetime": {"datetime": "2021-10-04 09:49:26", "elapsed": 187.147698, "delta": 0.973266}}
{"target": 0.9170616926816337, "params": {"C": 50055.9219325678, "gamma": 0.03272968601812355}, "datetime": {"datetime": "2021-10-04 09:49:27", "elapsed": 188.599422, "delta": 1.451724}}
{"target": 0.9182200853568531, "params": {"C": 207364.78267506397, "gamma": 0.04342457857625652}, "datetime": {"datetime": "2021-10-04 09:49:28", "elapsed": 189.825009, "delta": 1.225587}}
{"target": 0.8941857965339446, "params": {"C": 175185.35174494755, "gamma": 0.08082662052093746}, "datetime": {"datetime": "2021-10-04 09:49:29", "elapsed": 190.765446, "delta": 0.940437}}
{"target": 0.8824626475149547, "params": {"C": 228515.46898203762, "gamma": 0.09074906274645848}, "datetime": {"datetime": "2021-10-04 09:49:31", "elapsed": 192.47461, "delta": 1.709164}}
{"target": 0.91022464248525, "params": {"C": 346240.4603052465, "gamma": 0.02143827369866824}, "datetime": {"datetime": "2021-10-04 09:49:32", "elapsed": 193.481407, "delta": 1.006797}}
{"target": 0.913477104665293, "params": {"C": 133817.87217432074, "gamma": 0.062328558596931975}, "datetime": {"datetime": "2021-10-04 09:49:33", "elapsed": 194.738358, "delta": 1.256951}}
{"target": 0.9155671591865728, "params": {"C": 175076.3506675065, "gamma": 0.023627328085031395}, "datetime": {"datetime": "2021-10-04 09:49:35", "elapsed": 195.991104, "delta": 1.252746}}
{"target": 0.9097545127191738, "params": {"C": 217196.23236086822, "gamma": 0.05253371546586603}, "datetime": {"datetime": "2021-10-04 09:49:36", "elapsed": 197.630439, "delta": 1.639335}}
{"target": 0.9257973189993888, "params": {"C": 88736.38416763667, "gamma": 0.05115816799970707}, "datetime": {"datetime": "2021-10-04 09:49:38", "elapsed": 199.174425, "delta": 1.543986}}
{"target": 0.8644989911644523, "params": {"C": 202481.08181706592, "gamma": 0.007873889389426854}, "datetime": {"datetime": "2021-10-04 09:49:39", "elapsed": 200.473755, "delta": 1.29933}}
{"target": 0.9244404236704447, "params": {"C": 133813.00200154065, "gamma": 0.031860023822740176}, "datetime": {"datetime": "2021-10-04 09:49:41", "elapsed": 201.93663, "delta": 1.462875}}
{"target": 0.8980174149193775, "params": {"C": 137319.72880575515, "gamma": 0.08359004621509732}, "datetime": {"datetime": "2021-10-04 09:49:42", "elapsed": 203.207293, "delta": 1.270663}}
{"target": 0.913062946104178, "params": {"C": 323626.9521561803, "gamma": 0.032184010017421584}, "datetime": {"datetime": "2021-10-04 09:49:43", "elapsed": 204.258525, "delta": 1.051232}}
{"target": 0.8698872095191625, "params": {"C": 50054.28793715467, "gamma": 0.010690491471765342}, "datetime": {"datetime": "2021-10-04 09:49:46", "elapsed": 206.963848, "delta": 1.4432}}
{"target": 0.9115316734521277, "params": {"C": 137287.40830104766, "gamma": 0.0642105867218228}, "datetime": {"datetime": "2021-10-04 09:49:47", "elapsed": 208.275277, "delta": 1.311429}}
{"target": 0.9021923270868353, "params": {"C": 346239.96720184316, "gamma": 0.04389712859908395}, "datetime": {"datetime": "2021-10-04 09:49:48", "elapsed": 209.789832, "delta": 1.514555}}
{"target": 0.9188196273530471, "params": {"C": 207339.38622992928, "gamma": 0.04250842475486929}, "datetime": {"datetime": "2021-10-04 09:49:50", "elapsed": 210.979729, "delta": 1.189897}}
{"target": 0.9032546860576908, "params": {"C": 467056.99178264913, "gamma": 0.01867729181832792}, "datetime": {"datetime": "2021-10-04 09:49:51", "elapsed": 212.022562, "delta": 1.042833}}
{"target": 0.9218349355932189, "params": {"C": 207342.3897708262, "gamma": 0.03576548031211491}, "datetime": {"datetime": "2021-10-04 09:49:52", "elapsed": 213.245632, "delta": 1.22307}}
{"target": 0.8626505751511152, "params": {"C": 263918.7509862863, "gamma": 0.0067048685385442605}, "datetime": {"datetime": "2021-10-04 09:49:53", "elapsed": 214.551343, "delta": 1.305711}}
{"target": 0.9020908678403013, "params": {"C": 207341.47681164616, "gamma": 0.06315175548856311}, "datetime": {"datetime": "2021-10-04 09:49:55", "elapsed": 216.219542, "delta": 1.668199}}
{"target": 0.8960445347517753, "params": {"C": 166337.2376116818, "gamma": 0.07984709591426327}, "datetime": {"datetime": "2021-10-04 09:49:56", "elapsed": 217.271366, "delta": 1.051824}}
{"target": 0.9205947444477957, "params": {"C": 224757.61569315055, "gamma": 0.035089410854339136}, "datetime": {"datetime": "2021-10-04 09:49:57", "elapsed": 218.383466, "delta": 1.1121}}
{"target": 0.8645803963720095, "params": {"C": 166933.40454943827, "gamma": 0.007590592549187842}, "datetime": {"datetime": "2021-10-04 09:49:58", "elapsed": 219.438777, "delta": 1.055311}}
{"target": 0.8666000116390314, "params": {"C": 467055.7956514817, "gamma": 0.07853076515472453}, "datetime": {"datetime": "2021-10-04 09:49:59", "elapsed": 220.69697, "delta": 1.258193}}
{"target": 0.8721447917163933, "params": {"C": 460092.33523900545, "gamma": 0.06664191249182146}, "datetime": {"datetime": "2021-10-04 09:50:00", "elapsed": 221.79127, "delta": 1.0943}}
{"target": 0.9002782056266869, "params": {"C": 246394.98226225603, "gamma": 0.059002257183737444}, "datetime": {"datetime": "2021-10-04 09:50:02", "elapsed": 223.041539, "delta": 1.250269}}
{"target": 0.8852957485826027, "params": {"C": 256799.97043828425, "gamma": 0.0785403723181697}, "datetime": {"datetime": "2021-10-04 09:50:03", "elapsed": 224.129557, "delta": 1.088018}}
{"target": 0.9267815890332198, "params": {"C": 107058.6940504094, "gamma": 0.044851314210224716}, "datetime": {"datetime": "2021-10-04 09:50:04", "elapsed": 225.508749, "delta": 1.379192}}
{"target": 0.9138741714873067, "params": {"C": 323626.2130002339, "gamma": 0.02641694560782879}, "datetime": {"datetime": "2021-10-04 09:50:05", "elapsed": 226.8387, "delta": 1.329951}}
{"target": 0.864420004914086, "params": {"C": 463479.145080764, "gamma": 0.08886530169861138}, "datetime": {"datetime": "2021-10-04 09:50:07", "elapsed": 228.078382, "delta": 1.239682}}
{"target": 0.9167924222098404, "params": {"C": 255163.84535215277, "gamma": 0.037685850804031425}, "datetime": {"datetime": "2021-10-04 09:50:08", "elapsed": 229.308907, "delta": 1.230525}}
{"target": 0.8659865000812169, "params": {"C": 107068.69764598385, "gamma": 0.008028429900439268}, "datetime": {"datetime": "2021-10-04 09:50:09", "elapsed": 230.499879, "delta": 1.190972}}
{"target": 0.868224676250996, "params": {"C": 88733.21088961927, "gamma": 0.009620077004778613}, "datetime": {"datetime": "2021-10-04 09:50:11", "elapsed": 232.119406, "delta": 1.619527}}
{"target": 0.9214516937444672, "params": {"C": 207365.02386664995, "gamma": 0.037155676589420254}, "datetime": {"datetime": "2021-10-04 09:50:12", "elapsed": 233.593091, "delta": 1.473685}}
{"target": 0.896337021063368, "params": {"C": 207338.73158560877, "gamma": 0.016234816977756503}, "datetime": {"datetime": "2021-10-04 09:50:14", "elapsed": 235.637876, "delta": 2.044785}}
{"target": 0.9175634333240917, "params": {"C": 133821.54161042583, "gamma": 0.05684440493447071}, "datetime": {"datetime": "2021-10-04 09:50:16", "elapsed": 237.318492, "delta": 1.680616}}
{"target": 0.8805190796452588, "params": {"C": 50050.62171491493, "gamma": 0.01583192437075522}, "datetime": {"datetime": "2021-10-04 09:50:17", "elapsed": 238.698656, "delta": 1.380164}}
{"target": 0.9004921504355452, "params": {"C": 88736.52926948815, "gamma": 0.02061588394967976}, "datetime": {"datetime": "2021-10-04 09:50:19", "elapsed": 240.181168, "delta": 1.482512}}
{"target": 0.8909313783616952, "params": {"C": 236908.3650552932, "gamma": 0.014574186113120679}, "datetime": {"datetime": "2021-10-04 09:50:20", "elapsed": 241.296378, "delta": 1.11521}}
{"target": 0.9067330909500727, "params": {"C": 50085.120481418, "gamma": 0.09239094360711743}, "datetime": {"datetime": "2021-10-04 09:50:21", "elapsed": 242.684349, "delta": 1.387971}}
{"target": 0.912218990643501, "params": {"C": 133813.59261997277, "gamma": 0.06399962207033129}, "datetime": {"datetime": "2021-10-04 09:50:23", "elapsed": 244.488723, "delta": 1.804374}}
{"target": 0.9202385552307291, "params": {"C": 88740.0919046991, "gamma": 0.06172131103375303}, "datetime": {"datetime": "2021-10-04 09:50:25", "elapsed": 246.345741, "delta": 1.857018}}
{"target": 0.8934144575952088, "params": {"C": 133807.6499150042, "gamma": 0.09230487189350275}, "datetime": {"datetime": "2021-10-04 09:50:28", "elapsed": 249.172259, "delta": 2.826518}}
{"target": 0.9017344199473712, "params": {"C": 117183.02351214191, "gamma": 0.08273893785381593}, "datetime": {"datetime": "2021-10-04 09:50:30", "elapsed": 250.969947, "delta": 1.797688}}
{"target": 0.9043741152279223, "params": {"C": 229657.7789409242, "gamma": 0.05680603526060057}, "datetime": {"datetime": "2021-10-04 09:50:31", "elapsed": 252.18177, "delta": 1.211823}}
{"target": 0.9256348318367064, "params": {"C": 50054.76749593346, "gamma": 0.05323454740196056}, "datetime": {"datetime": "2021-10-04 09:50:32", "elapsed": 253.67212, "delta": 1.49035}}
{"target": 0.9261202180787608, "params": {"C": 137302.3610521001, "gamma": 0.03656282913967947}, "datetime": {"datetime": "2021-10-04 09:50:34", "elapsed": 255.492745, "delta": 1.820625}}
{"target": 0.8624603157476098, "params": {"C": 487498.39914626617, "gamma": 0.09275640629233675}, "datetime": {"datetime": "2021-10-04 09:50:35", "elapsed": 256.72293, "delta": 1.230185}}
{"target": 0.8828897170124405, "params": {"C": 456800.4889299684, "gamma": 0.05217122690667577}, "datetime": {"datetime": "2021-10-04 09:50:37", "elapsed": 257.855799, "delta": 1.132869}}
{"target": 0.9147677966161286, "params": {"C": 92910.70999670582, "gamma": 0.06921211124470568}, "datetime": {"datetime": "2021-10-04 09:50:38", "elapsed": 259.060143, "delta": 1.204344}}
{"target": 0.8987317480325303, "params": {"C": 350392.8245955248, "gamma": 0.01570849391108205}, "datetime": {"datetime": "2021-10-04 09:50:39", "elapsed": 260.212419, "delta": 1.152276}}
{"target": 0.9146217333226022, "params": {"C": 252200.37955520517, "gamma": 0.022954199019080523}, "datetime": {"datetime": "2021-10-04 09:50:40", "elapsed": 261.43503, "delta": 1.222611}}
{"target": 0.8933600728563357, "params": {"C": 113518.53991341832, "gamma": 0.09778132696227006}, "datetime": {"datetime": "2021-10-04 09:50:42", "elapsed": 263.653569, "delta": 2.218539}}
{"target": 0.9122440429365302, "params": {"C": 244532.1120432865, "gamma": 0.045671930792138764}, "datetime": {"datetime": "2021-10-04 09:50:44", "elapsed": 265.175482, "delta": 1.521913}}
{"target": 0.8879360526795789, "params": {"C": 180273.69667415845, "gamma": 0.09086504656255641}, "datetime": {"datetime": "2021-10-04 09:50:45", "elapsed": 266.414277, "delta": 1.238795}}
{"target": 0.9094050241242442, "params": {"C": 53492.37830518273, "gamma": 0.027270475582516673}, "datetime": {"datetime": "2021-10-04 09:50:47", "elapsed": 268.207949, "delta": 1.793672}}
{"target": 0.8994541312339364, "params": {"C": 221593.39987636093, "gamma": 0.06400592527879786}, "datetime": {"datetime": "2021-10-04 09:50:48", "elapsed": 269.49144, "delta": 1.283491}}
{"target": 0.9175208255087042, "params": {"C": 236999.97580009332, "gamma": 0.025285003145063926}, "datetime": {"datetime": "2021-10-04 09:50:50", "elapsed": 271.212819, "delta": 1.721379}}
{"target": 0.9004195496985988, "params": {"C": 228526.57131930935, "gamma": 0.06165138548367147}, "datetime": {"datetime": "2021-10-04 09:50:52", "elapsed": 273.005884, "delta": 1.793065}}
{"target": 0.8649579086043104, "params": {"C": 137283.08264746543, "gamma": 0.007430858103353694}, "datetime": {"datetime": "2021-10-04 09:50:53", "elapsed": 274.659969, "delta": 1.654085}}
{"target": 0.9076979372891196, "params": {"C": 133837.1910400631, "gamma": 0.07008603219404695}, "datetime": {"datetime": "2021-10-04 09:50:55", "elapsed": 276.190806, "delta": 1.530837}}
{"target": 0.9211815837897618, "params": {"C": 139149.91146260296, "gamma": 0.028125146155866053}, "datetime": {"datetime": "2021-10-04 09:50:56", "elapsed": 277.81605, "delta": 1.625244}}
{"target": 0.8733272676059668, "params": {"C": 347025.6828203879, "gamma": 0.08607628713297848}, "datetime": {"datetime": "2021-10-04 09:50:58", "elapsed": 279.045274, "delta": 1.229224}}
{"target": 0.8868773215590834, "params": {"C": 269456.85185263015, "gamma": 0.07328813562872548}, "datetime": {"datetime": "2021-10-04 09:50:59", "elapsed": 280.688677, "delta": 1.643403}}
{"target": 0.8990417365454506, "params": {"C": 217196.78000175694, "gamma": 0.06529300975020709}, "datetime": {"datetime": "2021-10-04 09:51:01", "elapsed": 282.470261, "delta": 1.781584}}
{"target": 0.8823372774466433, "params": {"C": 246996.90062260855, "gamma": 0.08666242479419846}, "datetime": {"datetime": "2021-10-04 09:51:03", "elapsed": 283.888177, "delta": 1.417916}}
{"target": 0.9096556380814415, "params": {"C": 143257.1656996895, "gamma": 0.06548140808528854}, "datetime": {"datetime": "2021-10-04 09:51:04", "elapsed": 285.375355, "delta": 1.487178}}
{"target": 0.863497577656133, "params": {"C": 202480.07665203224, "gamma": 0.006776713503278552}, "datetime": {"datetime": "2021-10-04 09:51:06", "elapsed": 286.999397, "delta": 1.624042}}
{"target": 0.922764158255633, "params": {"C": 133824.02356283722, "gamma": 0.0297485904798803}, "datetime": {"datetime": "2021-10-04 09:51:08", "elapsed": 289.463702, "delta": 2.464305}}
{"target": 0.8862279878257633, "params": {"C": 263917.29172658524, "gamma": 0.07544403571646978}, "datetime": {"datetime": "2021-10-04 09:51:10", "elapsed": 291.370867, "delta": 1.907165}}
{"target": 0.865539412206566, "params": {"C": 351927.1300594424, "gamma": 0.008243010259235618}, "datetime": {"datetime": "2021-10-04 09:51:12", "elapsed": 292.867941, "delta": 1.497074}}
{"target": 0.897378588228721, "params": {"C": 246393.19146157757, "gamma": 0.06249774386865852}, "datetime": {"datetime": "2021-10-04 09:51:14", "elapsed": 295.665471, "delta": 2.79753}}
{"target": 0.8857019102626341, "params": {"C": 229140.29442422328, "gamma": 0.08375798787719661}, "datetime": {"datetime": "2021-10-04 09:51:16", "elapsed": 297.202647, "delta": 1.537176}}
{"target": 0.905452396004635, "params": {"C": 128198.2788566219, "gamma": 0.07450292374789343}, "datetime": {"datetime": "2021-10-04 09:51:18", "elapsed": 299.601885, "delta": 2.399238}}
{"target": 0.9073937600503117, "params": {"C": 419802.4688478248, "gamma": 0.024677764587584496}, "datetime": {"datetime": "2021-10-04 09:51:20", "elapsed": 300.933441, "delta": 1.331556}}
{"target": 0.8699071692523208, "params": {"C": 137280.31769924832, "gamma": 0.010410836638122069}, "datetime": {"datetime": "2021-10-04 09:51:22", "elapsed": 303.43937, "delta": 2.505929}}
{"target": 0.9113276582189705, "params": {"C": 175078.0530060347, "gamma": 0.021572890508978933}, "datetime": {"datetime": "2021-10-04 09:51:24", "elapsed": 305.237222, "delta": 1.797852}}
{"target": 0.9254490247392185, "params": {"C": 50078.468462696444, "gamma": 0.054314587294106084}, "datetime": {"datetime": "2021-10-04 09:51:26", "elapsed": 306.886535, "delta": 1.649313}}
{"target": 0.8980023128402488, "params": {"C": 492648.26216116175, "gamma": 0.03187139483866559}, "datetime": {"datetime": "2021-10-04 09:51:27", "elapsed": 308.286204, "delta": 1.399669}}
{"target": 0.838155333529626, "params": {"C": 91656.49775959691, "gamma": 0.002329043988174147}, "datetime": {"datetime": "2021-10-04 09:51:28", "elapsed": 309.684553, "delta": 1.398349}}
{"target": 0.8898209565107271, "params": {"C": 137294.48474337207, "gamma": 0.09806097216142645}, "datetime": {"datetime": "2021-10-04 09:51:30", "elapsed": 311.472385, "delta": 1.787832}}
{"target": 0.8894946155010384, "params": {"C": 107059.53077156021, "gamma": 0.01658245482734639}, "datetime": {"datetime": "2021-10-04 09:51:32", "elapsed": 313.524237, "delta": 2.051852}}
{"target": 0.9146581612150417, "params": {"C": 228519.69624763555, "gamma": 0.02278902550853123}, "datetime": {"datetime": "2021-10-04 09:51:34", "elapsed": 315.429768, "delta": 1.905531}}
{"target": 0.8976735516203352, "params": {"C": 90353.3102571964, "gamma": 0.0965905614353476}, "datetime": {"datetime": "2021-10-04 09:51:36", "elapsed": 316.891428, "delta": 1.46166}}
{"target": 0.8809890541849142, "params": {"C": 244531.32652725832, "gamma": 0.09032725111900533}, "datetime": {"datetime": "2021-10-04 09:51:38", "elapsed": 318.846713, "delta": 1.955285}}
{"target": 0.9239515425912338, "params": {"C": 137286.7892396563, "gamma": 0.046193316440432376}, "datetime": {"datetime": "2021-10-04 09:51:39", "elapsed": 320.71398, "delta": 1.867267}}
{"target": 0.918617237641435, "params": {"C": 133815.88688923058, "gamma": 0.055383846446778844}, "datetime": {"datetime": "2021-10-04 09:51:41", "elapsed": 322.603818, "delta": 1.889838}}
{"target": 0.8911272617219463, "params": {"C": 123861.10698456896, "gamma": 0.09911453893413086}, "datetime": {"datetime": "2021-10-04 09:51:44", "elapsed": 324.896804, "delta": 2.292986}}
{"target": 0.8930961885187597, "params": {"C": 220268.80123138343, "gamma": 0.07297393710035875}, "datetime": {"datetime": "2021-10-04 09:51:45", "elapsed": 326.236791, "delta": 1.339987}}
{"target": 0.889855762662099, "params": {"C": 133823.77069462702, "gamma": 0.0989001767674948}, "datetime": {"datetime": "2021-10-04 09:51:47", "elapsed": 328.209301, "delta": 1.97251}}
{"target": 0.8974156943735174, "params": {"C": 117188.70471604343, "gamma": 0.08973030873085557}, "datetime": {"datetime": "2021-10-04 09:51:48", "elapsed": 329.788046, "delta": 1.578745}}
{"target": 0.9074518267491344, "params": {"C": 137319.22168735982, "gamma": 0.06967153942544416}, "datetime": {"datetime": "2021-10-04 09:51:51", "elapsed": 331.866368, "delta": 2.078322}}
{"target": 0.9120415489127212, "params": {"C": 137302.8719189352, "gamma": 0.06353461428679158}, "datetime": {"datetime": "2021-10-04 09:51:52", "elapsed": 333.428941, "delta": 1.562573}}
{"target": 0.9119390702283441, "params": {"C": 224757.35881958762, "gamma": 0.04887897827863006}, "datetime": {"datetime": "2021-10-04 09:51:54", "elapsed": 335.27237, "delta": 1.843429}}
{"target": 0.9257551485161692, "params": {"C": 50083.51980187968, "gamma": 0.0523869588952818}, "datetime": {"datetime": "2021-10-04 09:51:56", "elapsed": 337.555297, "delta": 2.282927}}
{"target": 0.9229578702486673, "params": {"C": 50084.940945465394, "gamma": 0.039063316812252925}, "datetime": {"datetime": "2021-10-04 09:51:58", "elapsed": 339.519747, "delta": 1.96445}}
{"target": 0.8781872953380155, "params": {"C": 244055.49324930806, "gamma": 0.09756293412784287}, "datetime": {"datetime": "2021-10-04 09:52:00", "elapsed": 340.847188, "delta": 1.327441}}
{"target": 0.9254024809138572, "params": {"C": 88728.26278619243, "gamma": 0.03534541522536076}, "datetime": {"datetime": "2021-10-04 09:52:01", "elapsed": 342.755323, "delta": 1.908135}}
{"target": 0.9190126725204512, "params": {"C": 133817.1565639901, "gamma": 0.026628724603792262}, "datetime": {"datetime": "2021-10-04 09:52:03", "elapsed": 344.621713, "delta": 1.86639}}
{"target": 0.9221502123547098, "params": {"C": 50066.64582208345, "gamma": 0.06437563875440844}, "datetime": {"datetime": "2021-10-04 09:52:06", "elapsed": 346.98498, "delta": 2.363267}}
{"target": 0.9187339124355509, "params": {"C": 122070.89412311537, "gamma": 0.02686942691822242}, "datetime": {"datetime": "2021-10-04 09:52:07", "elapsed": 348.415326, "delta": 1.430346}}
{"target": 0.8624091027672944, "params": {"C": 293867.46420580987, "gamma": 0.005361665002089074}, "datetime": {"datetime": "2021-10-04 09:52:09", "elapsed": 350.141221, "delta": 1.725895}}
{"target": 0.9204583938033108, "params": {"C": 133807.27199771162, "gamma": 0.052728116408092586}, "datetime": {"datetime": "2021-10-04 09:52:11", "elapsed": 352.224128, "delta": 2.082907}}
{"target": 0.9213158104509769, "params": {"C": 133819.8227667659, "gamma": 0.051420088192832426}, "datetime": {"datetime": "2021-10-04 09:52:13", "elapsed": 354.375884, "delta": 2.151756}}
{"target": 0.9011805448783711, "params": {"C": 419802.7765145669, "gamma": 0.0365200152154095}, "datetime": {"datetime": "2021-10-04 09:52:15", "elapsed": 356.389411, "delta": 2.013527}}
{"target": 0.877560503606729, "params": {"C": 50081.96271710472, "gamma": 0.01460252480414884}, "datetime": {"datetime": "2021-10-04 09:52:18", "elapsed": 358.944462, "delta": 2.555051}}
{"target": 0.9086614764228979, "params": {"C": 149468.33666274988, "gamma": 0.021098255945938463}, "datetime": {"datetime": "2021-10-04 09:52:19", "elapsed": 360.433208, "delta": 1.488746}}
{"target": 0.853958148585577, "params": {"C": 172158.59937311322, "gamma": 0.0026569081163326487}, "datetime": {"datetime": "2021-10-04 09:52:21", "elapsed": 362.158733, "delta": 1.725525}}
{"target": 0.9140450664188682, "params": {"C": 317399.3612443639, "gamma": 0.03081612439220107}, "datetime": {"datetime": "2021-10-04 09:52:22", "elapsed": 363.703019, "delta": 1.544286}}
{"target": 0.9081706376394864, "params": {"C": 175075.94013381374, "gamma": 0.020331256243220568}, "datetime": {"datetime": "2021-10-04 09:52:25", "elapsed": 366.736163, "delta": 3.033144}}
{"target": 0.888687597006202, "params": {"C": 401032.6438310464, "gamma": 0.05190096914455654}, "datetime": {"datetime": "2021-10-04 09:52:27", "elapsed": 368.431583, "delta": 1.69542}}
{"target": 0.9139173720566718, "params": {"C": 323627.2557961978, "gamma": 0.02891950783254762}, "datetime": {"datetime": "2021-10-04 09:52:30", "elapsed": 370.896574, "delta": 2.464991}}
