{"target": 0.5626723617565599, "params": {"C": 417.60498269787143, "gamma": 0.21637702353920527}, "datetime": {"datetime": "2021-10-01 01:33:04", "elapsed": 0.0, "delta": 0.0}}
{"target": -0.50941029036802, "params": {"C": 1.1142604425275418, "gamma": 0.09139743921692009}, "datetime": {"datetime": "2021-10-01 01:33:04", "elapsed": 0.209993, "delta": 0.209993}}
{"target": 0.5594995434220863, "params": {"C": 147.60913492629592, "gamma": 0.02860923983587054}, "datetime": {"datetime": "2021-10-01 01:33:05", "elapsed": 0.417907, "delta": 0.207914}}
{"target": 0.5252040802720221, "params": {"C": 187.07395116629323, "gamma": 0.10432265738587128}, "datetime": {"datetime": "2021-10-01 01:33:05", "elapsed": 0.619904, "delta": 0.201997}}
{"target": 0.6003165504810852, "params": {"C": 397.3707067564393, "gamma": 0.16210620346700372}, "datetime": {"datetime": "2021-10-01 01:33:05", "elapsed": 0.828907, "delta": 0.209003}}
{"target": 0.713438263156311, "params": {"C": 705.8748317085483, "gamma": 0.13269172743273966}, "datetime": {"datetime": "2021-10-01 01:33:05", "elapsed": 1.158925, "delta": 0.330018}}
{"target": 0.697890148786319, "params": {"C": 707.469162592768, "gamma": 0.154590178751232}, "datetime": {"datetime": "2021-10-01 01:33:06", "elapsed": 1.413905, "delta": 0.25498}}
{"target": 0.3833906638772253, "params": {"C": 608.6751002997898, "gamma": 0.001}, "datetime": {"datetime": "2021-10-01 01:33:06", "elapsed": 1.772907, "delta": 0.359002}}
{"target": 0.43590839268804404, "params": {"C": 1000.0, "gamma": 0.001}, "datetime": {"datetime": "2021-10-01 01:33:06", "elapsed": 2.111946, "delta": 0.339039}}
{"target": 0.28863538344824746, "params": {"C": 300.1408298753709, "gamma": 0.001}, "datetime": {"datetime": "2021-10-01 01:33:07", "elapsed": 2.488598, "delta": 0.376652}}
{"target": 0.42319085897686104, "params": {"C": 878.7460557630627, "gamma": 0.001}, "datetime": {"datetime": "2021-10-01 01:33:07", "elapsed": 2.94557, "delta": 0.456972}}
{"target": 0.5387843287143093, "params": {"C": 507.6088345155458, "gamma": 0.3}, "datetime": {"datetime": "2021-10-01 01:33:08", "elapsed": 3.440543, "delta": 0.494973}}
{"target": 0.5891141192408047, "params": {"C": 663.7796465061097, "gamma": 0.3}, "datetime": {"datetime": "2021-10-01 01:33:08", "elapsed": 3.876854, "delta": 0.436311}}
{"target": 0.7549437733163885, "params": {"C": 804.0238135886324, "gamma": 0.02710814647432211}, "datetime": {"datetime": "2021-10-01 01:33:08", "elapsed": 4.364859, "delta": 0.488005}}
{"target": 0.40959322035226, "params": {"C": 770.4810756361024, "gamma": 0.001}, "datetime": {"datetime": "2021-10-01 01:33:09", "elapsed": 4.749859, "delta": 0.385}}
{"target": 0.6587632295658108, "params": {"C": 833.6999579736215, "gamma": 0.25013425549563484}, "datetime": {"datetime": "2021-10-01 01:33:09", "elapsed": 5.118853, "delta": 0.368994}}
{"target": 0.6488192200865494, "params": {"C": 941.8252696466366, "gamma": 0.3}, "datetime": {"datetime": "2021-10-01 01:33:10", "elapsed": 5.556813, "delta": 0.43796}}
{"target": 0.16800923848249472, "params": {"C": 97.96441802331951, "gamma": 0.3}, "datetime": {"datetime": "2021-10-01 01:33:10", "elapsed": 5.948677, "delta": 0.391864}}
{"target": 0.37199834554787425, "params": {"C": 552.9436423254917, "gamma": 0.001}, "datetime": {"datetime": "2021-10-01 01:33:10", "elapsed": 6.359676, "delta": 0.410999}}
{"target": 0.35059209344325337, "params": {"C": 465.945722291876, "gamma": 0.001}, "datetime": {"datetime": "2021-10-01 01:33:11", "elapsed": 6.729675, "delta": 0.369999}}
{"target": 0.3793102956782959, "params": {"C": 238.2825549571388, "gamma": 0.3}, "datetime": {"datetime": "2021-10-01 01:33:11", "elapsed": 7.117222, "delta": 0.387547}}
{"target": 0.5022289222067708, "params": {"C": 355.32343042496706, "gamma": 0.25241807153238616}, "datetime": {"datetime": "2021-10-01 01:33:12", "elapsed": 7.497381, "delta": 0.380159}}
{"target": 0.59625311417504, "params": {"C": 686.7773007368764, "gamma": 0.2983527060797101}, "datetime": {"datetime": "2021-10-01 01:33:12", "elapsed": 7.846671, "delta": 0.34929}}
{"target": 0.7762577005837031, "params": {"C": 915.7735463851283, "gamma": 0.03691169914385706}, "datetime": {"datetime": "2021-10-01 01:33:12", "elapsed": 8.272672, "delta": 0.426001}}
{"target": 0.7597815414489241, "params": {"C": 968.5334309158234, "gamma": 0.12158670226782141}, "datetime": {"datetime": "2021-10-01 01:33:13", "elapsed": 8.685671, "delta": 0.412999}}
{"target": 0.5823358456251821, "params": {"C": 639.4644725783068, "gamma": 0.3}, "datetime": {"datetime": "2021-10-01 01:33:13", "elapsed": 9.023669, "delta": 0.337998}}
{"target": 0.6440244361359524, "params": {"C": 817.4614837886766, "gamma": 0.2690605224652915}, "datetime": {"datetime": "2021-10-01 01:33:13", "elapsed": 9.400284, "delta": 0.376615}}
{"target": 0.6529293330325319, "params": {"C": 902.6974243896944, "gamma": 0.28100422848109363}, "datetime": {"datetime": "2021-10-01 01:33:14", "elapsed": 9.828114, "delta": 0.42783}}
{"target": 0.6360407282008014, "params": {"C": 851.7650463138414, "gamma": 0.2937745270339448}, "datetime": {"datetime": "2021-10-01 01:33:14", "elapsed": 10.220105, "delta": 0.391991}}
{"target": 0.6201900405942513, "params": {"C": 792.2020278461457, "gamma": 0.3}, "datetime": {"datetime": "2021-10-01 01:33:15", "elapsed": 10.595115, "delta": 0.37501}}
{"target": 0.3221293260262409, "params": {"C": 377.2038383115838, "gamma": 0.001}, "datetime": {"datetime": "2021-10-01 01:33:15", "elapsed": 10.993762, "delta": 0.398647}}
{"target": 0.4630379936676452, "params": {"C": 332.05604270032677, "gamma": 0.2852211225829179}, "datetime": {"datetime": "2021-10-01 01:33:16", "elapsed": 11.426377, "delta": 0.432615}}
{"target": 0.627880839297158, "params": {"C": 738.7975982945313, "gamma": 0.2679930130584465}, "datetime": {"datetime": "2021-10-01 01:33:16", "elapsed": 11.893366, "delta": 0.466989}}
{"target": -0.055587801567206, "params": {"C": 56.7836669204134, "gamma": 0.001}, "datetime": {"datetime": "2021-10-01 01:33:16", "elapsed": 12.310366, "delta": 0.417}}
{"target": 0.732816531410986, "params": {"C": 958.0286639260169, "gamma": 0.16341394660760916}, "datetime": {"datetime": "2021-10-01 01:33:17", "elapsed": 12.715708, "delta": 0.405342}}
{"target": 0.38567910630941193, "params": {"C": 166.60638453196876, "gamma": 0.2011767359046879}, "datetime": {"datetime": "2021-10-01 01:33:17", "elapsed": 13.253704, "delta": 0.537996}}
{"target": 0.2301453786729748, "params": {"C": 209.98613392958632, "gamma": 0.001}, "datetime": {"datetime": "2021-10-01 01:33:18", "elapsed": 13.684533, "delta": 0.430829}}
{"target": 0.614989500349816, "params": {"C": 266.38418370365764, "gamma": 0.08147367495963664}, "datetime": {"datetime": "2021-10-01 01:33:18", "elapsed": 14.072485, "delta": 0.387952}}
{"target": 0.5163523083715231, "params": {"C": 128.48669563721677, "gamma": 0.05987175634038243}, "datetime": {"datetime": "2021-10-01 01:33:19", "elapsed": 14.46049, "delta": 0.388005}}
{"target": 0.667294350922607, "params": {"C": 925.906170627231, "gamma": 0.26324255068630864}, "datetime": {"datetime": "2021-10-01 01:33:19", "elapsed": 14.917493, "delta": 0.457003}}
{"target": 0.6843355471581212, "params": {"C": 527.3442970452363, "gamma": 0.11804382346986463}, "datetime": {"datetime": "2021-10-01 01:33:19", "elapsed": 15.399101, "delta": 0.481608}}
{"target": 0.7328979026332147, "params": {"C": 980.0259545118971, "gamma": 0.16796852418768354}, "datetime": {"datetime": "2021-10-01 01:33:20", "elapsed": 15.805246, "delta": 0.406145}}
{"target": 0.5103207799766576, "params": {"C": 439.5735148731084, "gamma": 0.3}, "datetime": {"datetime": "2021-10-01 01:33:20", "elapsed": 16.258005, "delta": 0.452759}}
{"target": 0.5649732415915868, "params": {"C": 582.2100636031637, "gamma": 0.3}, "datetime": {"datetime": "2021-10-01 01:33:21", "elapsed": 16.728006, "delta": 0.470001}}
{"target": 0.7216631282135089, "params": {"C": 726.275726483264, "gamma": 0.017073096316367553}, "datetime": {"datetime": "2021-10-01 01:33:21", "elapsed": 17.224005, "delta": 0.495999}}
{"target": 0.6440140560057176, "params": {"C": 911.1035516327046, "gamma": 0.29905177972052704}, "datetime": {"datetime": "2021-10-01 01:33:22", "elapsed": 17.657937, "delta": 0.433932}}
{"target": 0.6629816584720132, "params": {"C": 488.8172336730262, "gamma": 0.12997221642084048}, "datetime": {"datetime": "2021-10-01 01:33:22", "elapsed": 18.152928, "delta": 0.494991}}
{"target": 0.4149066304777631, "params": {"C": 279.56437662992056, "gamma": 0.3}, "datetime": {"datetime": "2021-10-01 01:33:23", "elapsed": 18.634927, "delta": 0.481999}}
{"target": 0.26267226411669076, "params": {"C": 254.61818695797885, "gamma": 0.001}, "datetime": {"datetime": "2021-10-01 01:33:23", "elapsed": 19.112932, "delta": 0.478005}}
{"target": 0.7500599042487803, "params": {"C": 651.582466387853, "gamma": 0.048632191173586664}, "datetime": {"datetime": "2021-10-01 01:33:24", "elapsed": 19.722018, "delta": 0.609086}}
{"target": 0.7598793336375851, "params": {"C": 752.7834290564626, "gamma": 0.037044394100233684}, "datetime": {"datetime": "2021-10-01 01:33:24", "elapsed": 20.163054, "delta": 0.441036}}
{"target": 0.5574257285703492, "params": {"C": 537.0918711492885, "gamma": 0.28831685104797006}, "datetime": {"datetime": "2021-10-01 01:33:25", "elapsed": 20.577015, "delta": 0.413961}}
{"target": 0.7227880991155227, "params": {"C": 892.6336394216077, "gamma": 0.164745772036182}, "datetime": {"datetime": "2021-10-01 01:33:25", "elapsed": 21.01559, "delta": 0.438575}}
{"target": 0.616915110337042, "params": {"C": 696.5366038535963, "gamma": 0.2694306663501543}, "datetime": {"datetime": "2021-10-01 01:33:26", "elapsed": 21.49621, "delta": 0.48062}}
{"target": 0.7292167756260625, "params": {"C": 569.9074957197608, "gamma": 0.03082543164569438}, "datetime": {"datetime": "2021-10-01 01:33:26", "elapsed": 21.995785, "delta": 0.499575}}
{"target": 0.7229148201425344, "params": {"C": 842.7403456587884, "gamma": 0.1529610604591085}, "datetime": {"datetime": "2021-10-01 01:33:27", "elapsed": 22.499806, "delta": 0.504021}}
{"target": -0.10880447174575503, "params": {"C": 31.352094047696326, "gamma": 0.2983962076709809}, "datetime": {"datetime": "2021-10-01 01:33:27", "elapsed": 22.973807, "delta": 0.474001}}
{"target": 0.4309761475458551, "params": {"C": 950.3926312779845, "gamma": 0.001}, "datetime": {"datetime": "2021-10-01 01:33:28", "elapsed": 23.434433, "delta": 0.460626}}
{"target": 0.3864887918642388, "params": {"C": 625.1810134156234, "gamma": 0.001}, "datetime": {"datetime": "2021-10-01 01:33:28", "elapsed": 23.885265, "delta": 0.450832}}
{"target": 0.49471835786069085, "params": {"C": 407.03458299269, "gamma": 0.3}, "datetime": {"datetime": "2021-10-01 01:33:28", "elapsed": 24.329264, "delta": 0.443999}}
{"target": 0.5824899207527252, "params": {"C": 518.5442892175164, "gamma": 0.24290032375220455}, "datetime": {"datetime": "2021-10-01 01:33:29", "elapsed": 24.985265, "delta": 0.656001}}
{"target": 0.6795147728428276, "params": {"C": 675.5752395266792, "gamma": 0.17064322407268845}, "datetime": {"datetime": "2021-10-01 01:33:30", "elapsed": 25.438883, "delta": 0.453618}}
{"target": 0.6731615995159513, "params": {"C": 718.860209167271, "gamma": 0.1927568571134063}, "datetime": {"datetime": "2021-10-01 01:33:30", "elapsed": 25.922842, "delta": 0.483959}}
{"target": 0.7417972470966832, "params": {"C": 987.6337996803118, "gamma": 0.01585476313586053}, "datetime": {"datetime": "2021-10-01 01:33:31", "elapsed": 26.43884, "delta": 0.515998}}
{"target": 0.6528114574697103, "params": {"C": 963.1138318859187, "gamma": 0.2992389800853452}, "datetime": {"datetime": "2021-10-01 01:33:31", "elapsed": 27.009857, "delta": 0.571017}}
{"target": 0.5991719092174879, "params": {"C": 317.53490884980204, "gamma": 0.12333464351308993}, "datetime": {"datetime": "2021-10-01 01:33:32", "elapsed": 27.525148, "delta": 0.515291}}
{"target": 0.6646079853210851, "params": {"C": 863.5156907944674, "gamma": 0.24960338393432996}, "datetime": {"datetime": "2021-10-01 01:33:32", "elapsed": 28.036465, "delta": 0.511317}}
{"target": 0.6670581841555085, "params": {"C": 934.5777349175315, "gamma": 0.26610978731192114}, "datetime": {"datetime": "2021-10-01 01:33:33", "elapsed": 28.525466, "delta": 0.489001}}
{"target": 0.5462201359326102, "params": {"C": 479.95366174164917, "gamma": 0.2732999072106508}, "datetime": {"datetime": "2021-10-01 01:33:33", "elapsed": 29.054467, "delta": 0.529001}}
{"target": 0.6855259632032354, "params": {"C": 428.1097452791988, "gamma": 0.08147031131475102}, "datetime": {"datetime": "2021-10-01 01:33:34", "elapsed": 29.491187, "delta": 0.43672}}
{"target": 0.632034464492704, "params": {"C": 759.0401447368124, "gamma": 0.268620461267973}, "datetime": {"datetime": "2021-10-01 01:33:34", "elapsed": 30.028576, "delta": 0.537389}}
{"target": 0.6121803072140151, "params": {"C": 497.3076674501342, "gamma": 0.19404826881582102}, "datetime": {"datetime": "2021-10-01 01:33:35", "elapsed": 30.510575, "delta": 0.481999}}
{"target": 0.43155084182270775, "params": {"C": 78.54443617697486, "gamma": 0.053084807814920525}, "datetime": {"datetime": "2021-10-01 01:33:35", "elapsed": 31.016191, "delta": 0.505616}}
{"target": 0.7171204204150881, "params": {"C": 973.7180447446135, "gamma": 0.011574903585215648}, "datetime": {"datetime": "2021-10-01 01:33:36", "elapsed": 31.643529, "delta": 0.627338}}
{"target": 0.7072989426765489, "params": {"C": 810.0047343975787, "gamma": 0.1682974138672441}, "datetime": {"datetime": "2021-10-01 01:33:36", "elapsed": 32.235716, "delta": 0.592187}}
{"target": 0.20965649945241516, "params": {"C": 116.095854455622, "gamma": 0.3}, "datetime": {"datetime": "2021-10-01 01:33:37", "elapsed": 32.787709, "delta": 0.551993}}
{"target": 0.6097641950294987, "params": {"C": 594.4683719463077, "gamma": 0.2389217042626591}, "datetime": {"datetime": "2021-10-01 01:33:37", "elapsed": 33.232707, "delta": 0.444998}}
{"target": 0.6328048931787338, "params": {"C": 746.9019594881169, "gamma": 0.2630797430645295}, "datetime": {"datetime": "2021-10-01 01:33:38", "elapsed": 33.809707, "delta": 0.577}}
{"target": 0.2955008424840565, "params": {"C": 138.07745845718722, "gamma": 0.24857486952042054}, "datetime": {"datetime": "2021-10-01 01:33:38", "elapsed": 34.373847, "delta": 0.56414}}
{"target": 0.6568191541338719, "params": {"C": 344.41286781137677, "gamma": 0.07902863640676011}, "datetime": {"datetime": "2021-10-01 01:33:39", "elapsed": 34.876752, "delta": 0.502905}}
{"target": 0.7220005652334676, "params": {"C": 563.8904920185838, "gamma": 0.08043262425472193}, "datetime": {"datetime": "2021-10-01 01:33:39", "elapsed": 35.403733, "delta": 0.526981}}
{"target": 0.6506962976146466, "params": {"C": 451.71810954132354, "gamma": 0.13006647016557565}, "datetime": {"datetime": "2021-10-01 01:33:40", "elapsed": 35.904348, "delta": 0.500615}}
{"target": 0.6795724669302979, "params": {"C": 646.6845604362786, "gamma": 0.16174388560025324}, "datetime": {"datetime": "2021-10-01 01:33:40", "elapsed": 36.391318, "delta": 0.48697}}
{"target": 0.7624612440669151, "params": {"C": 782.8702353670914, "gamma": 0.07406722701874893}, "datetime": {"datetime": "2021-10-01 01:33:41", "elapsed": 36.877321, "delta": 0.486003}}
{"target": 0.767846805329951, "params": {"C": 825.6467269387392, "gamma": 0.03707204183264243}, "datetime": {"datetime": "2021-10-01 01:33:42", "elapsed": 37.47367, "delta": 0.596349}}
{"target": 0.3668507712115421, "params": {"C": 225.53088649517875, "gamma": 0.3}, "datetime": {"datetime": "2021-10-01 01:33:42", "elapsed": 38.129058, "delta": 0.655388}}
{"target": 0.7576796579810197, "params": {"C": 920.0487006762384, "gamma": 0.022850395614607992}, "datetime": {"datetime": "2021-10-01 01:33:43", "elapsed": 38.652062, "delta": 0.523004}}
{"target": 0.17464770982435507, "params": {"C": 155.54311966784263, "gamma": 0.001}, "datetime": {"datetime": "2021-10-01 01:33:43", "elapsed": 39.135058, "delta": 0.482996}}
{"target": 0.32050668107716695, "params": {"C": 177.30203289173096, "gamma": 0.28826480419458184}, "datetime": {"datetime": "2021-10-01 01:33:44", "elapsed": 39.621055, "delta": 0.485997}}
{"target": 0.35839431570258706, "params": {"C": 196.22883316163728, "gamma": 0.2707208497343361}, "datetime": {"datetime": "2021-10-01 01:33:44", "elapsed": 40.347066, "delta": 0.726011}}
{"target": 0.6757584217733252, "params": {"C": 731.9511680871249, "gamma": 0.19297127458543284}, "datetime": {"datetime": "2021-10-01 01:33:45", "elapsed": 41.350073, "delta": 1.003007}}
{"target": 0.5633474246249863, "params": {"C": 436.55890723986175, "gamma": 0.006159320133750376}, "datetime": {"datetime": "2021-10-01 01:37:03", "elapsed": 0.0, "delta": 0.0}}
{"target": 0.7139829257246701, "params": {"C": 550.1128154008304, "gamma": 0.0876291561310371}, "datetime": {"datetime": "2021-10-01 01:37:03", "elapsed": 0.230001, "delta": 0.230001}}
{"target": 0.6941510878047005, "params": {"C": 420.9474342854015, "gamma": 0.06673662937977096}, "datetime": {"datetime": "2021-10-01 01:37:03", "elapsed": 0.430503, "delta": 0.200502}}
{"target": 0.5180161677141708, "params": {"C": 205.44398540380465, "gamma": 0.12423492230378208}, "datetime": {"datetime": "2021-10-01 01:37:03", "elapsed": 0.627497, "delta": 0.196994}}
{"target": 0.6573534637739387, "params": {"C": 300.35501900084864, "gamma": 0.054098627745470466}, "datetime": {"datetime": "2021-10-01 01:37:03", "elapsed": 0.833499, "delta": 0.206002}}
{"target": 0.6839354947557252, "params": {"C": 550.3735101566107, "gamma": 0.1260044282257954}, "datetime": {"datetime": "2021-10-01 01:37:04", "elapsed": 1.113496, "delta": 0.279997}}
{"target": 0.7225168385899625, "params": {"C": 549.1633826685296, "gamma": 0.07449075955677481}, "datetime": {"datetime": "2021-10-01 01:37:04", "elapsed": 1.381496, "delta": 0.268}}
{"target": 0.5784025046389457, "params": {"C": 422.7579546617566, "gamma": 0.2}, "datetime": {"datetime": "2021-10-01 01:37:04", "elapsed": 1.674505, "delta": 0.293009}}
{"target": 0.6493410030256582, "params": {"C": 419.50111567718335, "gamma": 0.11887147426616955}, "datetime": {"datetime": "2021-10-01 01:37:04", "elapsed": 1.956498, "delta": 0.281993}}
{"target": 0.7261230633182869, "params": {"C": 547.6254351068623, "gamma": 0.03160049753664567}, "datetime": {"datetime": "2021-10-01 01:37:05", "elapsed": 2.320611, "delta": 0.364113}}
{"target": 0.6236335788837932, "params": {"C": 546.290316811513, "gamma": 0.2}, "datetime": {"datetime": "2021-10-01 01:37:05", "elapsed": 2.613232, "delta": 0.292621}}
{"target": 0.5881777821861153, "params": {"C": 297.9044150604563, "gamma": 0.12321561278389208}, "datetime": {"datetime": "2021-10-01 01:37:05", "elapsed": 2.91523, "delta": 0.301998}}
{"target": 0.6926264712713814, "params": {"C": 548.2912882665678, "gamma": 0.1146669018688563}, "datetime": {"datetime": "2021-10-01 01:37:06", "elapsed": 3.193233, "delta": 0.278003}}
{"target": 0.5955841355635938, "params": {"C": 302.7060541199452, "gamma": 0.011616752705239895}, "datetime": {"datetime": "2021-10-01 01:37:06", "elapsed": 3.51223, "delta": 0.318997}}
{"target": 0.633356003018913, "params": {"C": 362.3594005039673, "gamma": 0.11137387983057737}, "datetime": {"datetime": "2021-10-01 01:37:07", "elapsed": 3.985265, "delta": 0.473035}}
{"target": 0.7311737583337908, "params": {"C": 629.3244028609369, "gamma": 0.0868405992098806}, "datetime": {"datetime": "2021-10-01 01:37:07", "elapsed": 4.324901, "delta": 0.339636}}
{"target": 0.652533293802732, "params": {"C": 628.2639464619061, "gamma": 0.19216994550451796}, "datetime": {"datetime": "2021-10-01 01:37:07", "elapsed": 4.731169, "delta": 0.406268}}
{"target": 0.6802979101631862, "params": {"C": 630.2760819967423, "gamma": 0.1557265417103505}, "datetime": {"datetime": "2021-10-01 01:37:08", "elapsed": 5.082176, "delta": 0.351007}}
{"target": 0.7425409565629838, "params": {"C": 841.2734667517057, "gamma": 0.01964795575317324}, "datetime": {"datetime": "2021-10-01 01:37:08", "elapsed": 5.384172, "delta": 0.301996}}
{"target": 0.7074250074663831, "params": {"C": 842.2269554341224, "gamma": 0.17623835065854376}, "datetime": {"datetime": "2021-10-01 01:37:08", "elapsed": 5.66217, "delta": 0.277998}}
{"target": 0.7685545392651363, "params": {"C": 840.2999974494353, "gamma": 0.03601871327853705}, "datetime": {"datetime": "2021-10-01 01:37:09", "elapsed": 6.016073, "delta": 0.353903}}
{"target": 0.7119526497006063, "params": {"C": 839.3442411683993, "gamma": 0.16866531634128532}, "datetime": {"datetime": "2021-10-01 01:37:09", "elapsed": 6.423158, "delta": 0.407085}}
{"target": 0.7731616576119804, "params": {"C": 844.215884626484, "gamma": 0.0646842001328625}, "datetime": {"datetime": "2021-10-01 01:37:09", "elapsed": 6.730155, "delta": 0.306997}}
{"target": 0.770378607696076, "params": {"C": 845.1429158526188, "gamma": 0.03792774970152432}, "datetime": {"datetime": "2021-10-01 01:37:10", "elapsed": 7.058162, "delta": 0.328007}}
{"target": 0.7276066995464348, "params": {"C": 846.4137976389238, "gamma": 0.14674015699745377}, "datetime": {"datetime": "2021-10-01 01:37:10", "elapsed": 7.400162, "delta": 0.342}}
{"target": 0.7707461414993189, "params": {"C": 848.3415670734522, "gamma": 0.07371685065610108}, "datetime": {"datetime": "2021-10-01 01:37:10", "elapsed": 7.78679, "delta": 0.386628}}
{"target": 0.7713872737763889, "params": {"C": 849.6620352802695, "gamma": 0.07241036191118037}, "datetime": {"datetime": "2021-10-01 01:37:11", "elapsed": 8.119627, "delta": 0.332837}}
{"target": 0.7315108707679208, "params": {"C": 851.174486675265, "gamma": 0.141917025742347}, "datetime": {"datetime": "2021-10-01 01:37:11", "elapsed": 8.460634, "delta": 0.341007}}
{"target": 0.6980926768465243, "params": {"C": 853.185552824975, "gamma": 0.1933437336631305}, "datetime": {"datetime": "2021-10-01 01:37:11", "elapsed": 8.797627, "delta": 0.336993}}
