{"target": 0.8871717401147343, "params": {"C": 40172.06657379114, "gamma": 0.03551521265422262}, "datetime": {"datetime": "2021-10-01 01:49:21", "elapsed": 226.925299, "delta": 1.553648}}
{"target": 0.9070846837687842, "params": {"C": 25056.860470820757, "gamma": 0.06121078855073345}, "datetime": {"datetime": "2021-10-01 01:49:23", "elapsed": 228.618378, "delta": 1.693079}}
{"target": 0.8939076686007765, "params": {"C": 7423.464253549895, "gamma": 0.08324817619195839}, "datetime": {"datetime": "2021-10-01 01:49:24", "elapsed": 230.133618, "delta": 1.51524}}
{"target": 0.8978500786877928, "params": {"C": 11637.763023394667, "gamma": 0.06318972307573419}, "datetime": {"datetime": "2021-10-01 01:49:26", "elapsed": 231.793693, "delta": 1.660075}}
{"target": 0.8607403704524486, "params": {"C": 36899.258952085045, "gamma": 0.017721026107285685}, "datetime": {"datetime": "2021-10-01 01:49:28", "elapsed": 233.544915, "delta": 1.751222}}
{"target": 0.9110952166700955, "params": {"C": 24535.39538571676, "gamma": 0.08048245579379286}, "datetime": {"datetime": "2021-10-01 01:49:29", "elapsed": 235.061277, "delta": 1.516362}}
{"target": 0.8931037389592089, "params": {"C": 9514.824238088706, "gamma": 0.06081755266340142}, "datetime": {"datetime": "2021-10-01 01:49:31", "elapsed": 236.802966, "delta": 1.741689}}
{"target": 0.9120558338801592, "params": {"C": 34666.07200510428, "gamma": 0.07075958295405325}, "datetime": {"datetime": "2021-10-01 01:49:32", "elapsed": 238.207977, "delta": 1.405011}}
{"target": 0.8943541926418139, "params": {"C": 14597.175764460988, "gamma": 0.14638009697903867}, "datetime": {"datetime": "2021-10-01 01:49:34", "elapsed": 239.957293, "delta": 1.749316}}
{"target": 0.9017795466247042, "params": {"C": 32426.27600469529, "gamma": 0.12801887845813056}, "datetime": {"datetime": "2021-10-01 01:49:36", "elapsed": 242.029554, "delta": 2.072261}}
{"target": 0.9123827247853815, "params": {"C": 37237.06618644221, "gamma": 0.07986023956582676}, "datetime": {"datetime": "2021-10-01 01:49:39", "elapsed": 244.560287, "delta": 2.530733}}
{"target": 0.9118381110101205, "params": {"C": 40932.345411688155, "gamma": 0.08401157406902547}, "datetime": {"datetime": "2021-10-01 01:49:40", "elapsed": 246.077055, "delta": 1.516768}}
{"target": 0.910409415309425, "params": {"C": 48819.53781146255, "gamma": 0.05941732508124978}, "datetime": {"datetime": "2021-10-01 01:49:41", "elapsed": 247.297102, "delta": 1.220047}}
{"target": 0.8890069915916097, "params": {"C": 22171.918600448967, "gamma": 0.1707124663073881}, "datetime": {"datetime": "2021-10-01 01:49:43", "elapsed": 248.649085, "delta": 1.351983}}
{"target": 0.9108301058519025, "params": {"C": 47639.838223718696, "gamma": 0.08655272624639351}, "datetime": {"datetime": "2021-10-01 01:49:44", "elapsed": 250.299292, "delta": 1.650207}}
{"target": 0.8806489007209523, "params": {"C": 6173.743002452379, "gamma": 0.14140205563374175}, "datetime": {"datetime": "2021-10-01 01:49:46", "elapsed": 252.354981, "delta": 2.055689}}
{"target": 0.9001540247128271, "params": {"C": 12835.404137232068, "gamma": 0.1208587376116628}, "datetime": {"datetime": "2021-10-01 01:49:49", "elapsed": 254.909909, "delta": 2.554928}}
{"target": 0.9122328738432297, "params": {"C": 39639.718628453644, "gamma": 0.08115559822658387}, "datetime": {"datetime": "2021-10-01 01:49:51", "elapsed": 256.719047, "delta": 1.809138}}
{"target": 0.8939428880787681, "params": {"C": 46313.88973466161, "gamma": 0.1518365777456421}, "datetime": {"datetime": "2021-10-01 01:49:53", "elapsed": 259.28822, "delta": 2.569173}}
{"target": 0.9047940594235016, "params": {"C": 39196.88388587658, "gamma": 0.11526448603393008}, "datetime": {"datetime": "2021-10-01 01:49:56", "elapsed": 261.836782, "delta": 2.548562}}
{"target": 0.9065588468529371, "params": {"C": 31062.756393910604, "gamma": 0.11134841374902742}, "datetime": {"datetime": "2021-10-01 01:49:58", "elapsed": 263.571634, "delta": 1.734852}}
{"target": 0.870146999535268, "params": {"C": 17292.781120062933, "gamma": 0.027182880334158686}, "datetime": {"datetime": "2021-10-01 01:50:01", "elapsed": 266.50528, "delta": 2.933646}}
{"target": 0.912191318295572, "params": {"C": 47474.05584926606, "gamma": 0.0682059140290044}, "datetime": {"datetime": "2021-10-01 01:50:02", "elapsed": 268.268338, "delta": 1.763058}}
{"target": 0.9018886440868183, "params": {"C": 12986.411144437661, "gamma": 0.06892485460958239}, "datetime": {"datetime": "2021-10-01 01:50:04", "elapsed": 269.943439, "delta": 1.675101}}
{"target": 0.8865536125127288, "params": {"C": 35180.38741286112, "gamma": 0.18069850749175898}, "datetime": {"datetime": "2021-10-01 01:50:06", "elapsed": 271.598396, "delta": 1.654957}}
{"target": 0.8885509628872095, "params": {"C": 18436.43152267033, "gamma": 0.17006438215387257}, "datetime": {"datetime": "2021-10-01 01:50:08", "elapsed": 273.406584, "delta": 1.808188}}
{"target": 0.8726143379670722, "params": {"C": 14264.641613672835, "gamma": 0.030425937878174075}, "datetime": {"datetime": "2021-10-01 01:50:10", "elapsed": 275.633193, "delta": 2.226609}}
{"target": 0.8935933468004664, "params": {"C": 37996.682201450945, "gamma": 0.15514380341546719}, "datetime": {"datetime": "2021-10-01 01:50:11", "elapsed": 276.981929, "delta": 1.348736}}
{"target": 0.9016651409157141, "params": {"C": 25298.01665197682, "gamma": 0.12915513249420407}, "datetime": {"datetime": "2021-10-01 01:50:13", "elapsed": 278.585146, "delta": 1.603217}}
{"target": 0.8246545500017233, "params": {"C": 20094.804023929668, "gamma": 0.00644582722529669}, "datetime": {"datetime": "2021-10-01 01:50:15", "elapsed": 280.518507, "delta": 1.933361}}
{"target": 0.9123965235787139, "params": {"C": 46531.483508509606, "gamma": 0.0718083808487637}, "datetime": {"datetime": "2021-10-01 01:50:17", "elapsed": 282.925912, "delta": 2.407405}}
{"target": 0.898742492329437, "params": {"C": 26077.331023985287, "gamma": 0.13907381913720876}, "datetime": {"datetime": "2021-10-01 01:50:19", "elapsed": 284.725225, "delta": 1.799313}}
{"target": 0.883058414555078, "params": {"C": 41227.542306501644, "gamma": 0.19333020238160287}, "datetime": {"datetime": "2021-10-01 01:50:21", "elapsed": 286.453547, "delta": 1.728322}}
{"target": 0.8906860498836681, "params": {"C": 19486.458825065023, "gamma": 0.1638393717529781}, "datetime": {"datetime": "2021-10-01 01:50:22", "elapsed": 288.369649, "delta": 1.916102}}
{"target": 0.9110896029144978, "params": {"C": 35039.95885339676, "gamma": 0.09069492877184498}, "datetime": {"datetime": "2021-10-01 01:50:24", "elapsed": 289.517266, "delta": 1.147617}}
{"target": 0.8818914349769972, "params": {"C": 25953.955894504812, "gamma": 0.1960231218562526}, "datetime": {"datetime": "2021-10-01 01:50:25", "elapsed": 291.274287, "delta": 1.757021}}
{"target": 0.9096364538107937, "params": {"C": 20033.257184363978, "gamma": 0.08192033386855431}, "datetime": {"datetime": "2021-10-01 01:50:27", "elapsed": 292.758504, "delta": 1.484217}}
{"target": 0.8824937554554123, "params": {"C": 22727.313148381618, "gamma": 0.03536373082892584}, "datetime": {"datetime": "2021-10-01 01:50:29", "elapsed": 294.428374, "delta": 1.66987}}
{"target": 0.8853515392085959, "params": {"C": 7073.260040223596, "gamma": 0.057703941024003426}, "datetime": {"datetime": "2021-10-01 01:50:30", "elapsed": 295.829706, "delta": 1.401332}}
{"target": 0.8879453113545567, "params": {"C": 48947.20878246605, "gamma": 0.035095352673231904}, "datetime": {"datetime": "2021-10-01 01:50:32", "elapsed": 297.548362, "delta": 1.718656}}
{"target": 0.9068351523758311, "params": {"C": 23427.253061078063, "gamma": 0.10976718962901778}, "datetime": {"datetime": "2021-10-01 01:50:33", "elapsed": 299.08936, "delta": 1.540998}}
{"target": 0.8813567820688806, "params": {"C": 25387.72569130543, "gamma": 0.19768575517131323}, "datetime": {"datetime": "2021-10-01 01:50:35", "elapsed": 300.80134, "delta": 1.71198}}
{"target": 0.9116153933390451, "params": {"C": 36096.53989610834, "gamma": 0.08719017982814285}, "datetime": {"datetime": "2021-10-01 01:50:36", "elapsed": 302.283914, "delta": 1.482574}}
{"target": 0.8938946213191468, "params": {"C": 28705.71096188496, "gamma": 0.04273708340979835}, "datetime": {"datetime": "2021-10-01 01:50:38", "elapsed": 304.027824, "delta": 1.74391}}
{"target": 0.8868615654641004, "params": {"C": 28103.546356183073, "gamma": 0.037303746490986625}, "datetime": {"datetime": "2021-10-01 01:50:40", "elapsed": 305.469975, "delta": 1.442151}}
{"target": 0.8890785184575964, "params": {"C": 6147.998139022775, "gamma": 0.08495786820675472}, "datetime": {"datetime": "2021-10-01 01:50:41", "elapsed": 307.195637, "delta": 1.725662}}
{"target": 0.8788049293011588, "params": {"C": 31032.913777902242, "gamma": 0.031199442177579684}, "datetime": {"datetime": "2021-10-01 01:50:43", "elapsed": 308.723103, "delta": 1.527466}}
{"target": 0.8590876085301699, "params": {"C": 7117.576863086374, "gamma": 0.026725191900179586}, "datetime": {"datetime": "2021-10-01 01:50:45", "elapsed": 310.427693, "delta": 1.70459}}
{"target": 0.8997405730914225, "params": {"C": 46388.408761054845, "gamma": 0.13037612881321978}, "datetime": {"datetime": "2021-10-01 01:50:46", "elapsed": 311.998136, "delta": 1.570443}}
{"target": 0.9100454656975046, "params": {"C": 20992.138359681787, "gamma": 0.08282854854474746}, "datetime": {"datetime": "2021-10-01 01:50:49", "elapsed": 314.469243, "delta": 2.471107}}
{"target": 0.9088776779163099, "params": {"C": 45002.81952553047, "gamma": 0.09706526376477732}, "datetime": {"datetime": "2021-10-01 01:50:50", "elapsed": 316.101611, "delta": 1.632368}}
{"target": 0.9036536235020427, "params": {"C": 19704.02530326372, "gamma": 0.059643967659076313}, "datetime": {"datetime": "2021-10-01 01:50:52", "elapsed": 317.836433, "delta": 1.734822}}
{"target": 0.9113523502999349, "params": {"C": 26131.198810082995, "gamma": 0.0774111110813567}, "datetime": {"datetime": "2021-10-01 01:50:54", "elapsed": 319.65501, "delta": 1.818577}}
{"target": 0.8850981892680683, "params": {"C": 13073.517458608127, "gamma": 0.17340039501181018}, "datetime": {"datetime": "2021-10-01 01:50:56", "elapsed": 321.526099, "delta": 1.871089}}
{"target": 0.8145538694950978, "params": {"C": 14653.288279039214, "gamma": 0.0062038117815176085}, "datetime": {"datetime": "2021-10-01 01:50:57", "elapsed": 323.291303, "delta": 1.765204}}
{"target": 0.868741318420063, "params": {"C": 15021.253631357293, "gamma": 0.0268293148309459}, "datetime": {"datetime": "2021-10-01 01:50:59", "elapsed": 325.051886, "delta": 1.760583}}
{"target": 0.890427868828514, "params": {"C": 6764.606272979036, "gamma": 0.10931027487210779}, "datetime": {"datetime": "2021-10-01 01:51:01", "elapsed": 327.070275, "delta": 2.018389}}
{"target": 0.8655555378800048, "params": {"C": 47038.1700403378, "gamma": 0.021901572755291632}, "datetime": {"datetime": "2021-10-01 01:51:03", "elapsed": 329.043581, "delta": 1.973306}}
{"target": 0.8880006840708422, "params": {"C": 47646.24629260467, "gamma": 0.035248569797905416}, "datetime": {"datetime": "2021-10-01 01:51:06", "elapsed": 331.740498, "delta": 2.696917}}
{"target": 0.8934221269162198, "params": {"C": 33861.71225976963, "gamma": 0.1564697865650057}, "datetime": {"datetime": "2021-10-01 01:51:08", "elapsed": 333.711312, "delta": 1.970814}}
{"target": 0.8980815835068822, "params": {"C": 31640.58746647002, "gamma": 0.14080800490953566}, "datetime": {"datetime": "2021-10-01 01:51:10", "elapsed": 336.09382, "delta": 2.382508}}
{"target": 0.8525695462482703, "params": {"C": 17462.410175577817, "gamma": 0.0146066190034875}, "datetime": {"datetime": "2021-10-01 01:51:12", "elapsed": 337.99697, "delta": 1.90315}}
{"target": 0.890469222360875, "params": {"C": 47246.65177224191, "gamma": 0.16480094519757582}, "datetime": {"datetime": "2021-10-01 01:51:14", "elapsed": 339.934848, "delta": 1.937878}}
{"target": 0.9043926159681145, "params": {"C": 12637.510144772226, "gamma": 0.09265898200967812}, "datetime": {"datetime": "2021-10-01 01:51:16", "elapsed": 341.951298, "delta": 2.01645}}
{"target": 0.8860955488171547, "params": {"C": 48155.16894070481, "gamma": 0.03402151726416938}, "datetime": {"datetime": "2021-10-01 01:51:18", "elapsed": 343.928499, "delta": 1.977201}}
{"target": 0.8297089195038394, "params": {"C": 20826.50432806969, "gamma": 0.0071099641535305605}, "datetime": {"datetime": "2021-10-01 01:51:20", "elapsed": 345.795828, "delta": 1.867329}}
{"target": 0.8863024894348148, "params": {"C": 42455.208068468484, "gamma": 0.18121809535877517}, "datetime": {"datetime": "2021-10-01 01:51:22", "elapsed": 347.867802, "delta": 2.071974}}
{"target": 0.907929899290278, "params": {"C": 30102.554067263503, "gamma": 0.05950949492780759}, "datetime": {"datetime": "2021-10-01 01:51:24", "elapsed": 349.825642, "delta": 1.95784}}
{"target": 0.8919370505098057, "params": {"C": 17883.621772239578, "gamma": 0.15854787389024877}, "datetime": {"datetime": "2021-10-01 01:51:27", "elapsed": 352.605938, "delta": 2.780296}}
{"target": 0.8936972493022288, "params": {"C": 7328.242850585504, "gamma": 0.09843396099128641}, "datetime": {"datetime": "2021-10-01 01:51:29", "elapsed": 354.557112, "delta": 1.951174}}
{"target": 0.8958117391837994, "params": {"C": 47103.324844167335, "gamma": 0.14459309571141668}, "datetime": {"datetime": "2021-10-01 01:51:31", "elapsed": 356.490138, "delta": 1.933026}}
{"target": 0.8761574805577029, "params": {"C": 13059.247933008148, "gamma": 0.034244074608313226}, "datetime": {"datetime": "2021-10-01 01:51:33", "elapsed": 358.603229, "delta": 2.113091}}
{"target": 0.8908038576832429, "params": {"C": 18394.584624868578, "gamma": 0.1626744051458693}, "datetime": {"datetime": "2021-10-01 01:51:35", "elapsed": 360.762449, "delta": 2.15922}}
{"target": 0.9116501488939105, "params": {"C": 29583.528858640533, "gamma": 0.073002109694652}, "datetime": {"datetime": "2021-10-01 01:51:37", "elapsed": 362.896404, "delta": 2.133955}}
{"target": 0.903877296915347, "params": {"C": 30164.027197982756, "gamma": 0.12120714935591101}, "datetime": {"datetime": "2021-10-01 01:51:40", "elapsed": 365.59841, "delta": 2.702006}}
{"target": 0.9005115511947079, "params": {"C": 13590.409226624131, "gamma": 0.12193652351869685}, "datetime": {"datetime": "2021-10-01 01:51:42", "elapsed": 367.584212, "delta": 1.985802}}
{"target": 0.898619919890635, "params": {"C": 32335.35601332553, "gamma": 0.13884322161552975}, "datetime": {"datetime": "2021-10-01 01:51:45", "elapsed": 370.440665, "delta": 2.856453}}
{"target": 0.8965070935979671, "params": {"C": 11842.862822160349, "gamma": 0.05987278669108577}, "datetime": {"datetime": "2021-10-01 01:51:47", "elapsed": 372.511709, "delta": 2.071044}}
{"target": 0.85332526999394, "params": {"C": 27991.09583290714, "gamma": 0.012621123746660579}, "datetime": {"datetime": "2021-10-01 01:51:49", "elapsed": 375.025688, "delta": 2.513979}}
{"target": 0.8979460278787852, "params": {"C": 46882.10644275763, "gamma": 0.13675125855343584}, "datetime": {"datetime": "2021-10-01 01:51:51", "elapsed": 377.33938, "delta": 2.313692}}
{"target": 0.9011981897782972, "params": {"C": 28332.857135776132, "gamma": 0.05016126686560996}, "datetime": {"datetime": "2021-10-01 01:51:54", "elapsed": 379.448342, "delta": 2.108962}}
{"target": 0.8912448677822064, "params": {"C": 31094.70404174904, "gamma": 0.16429431850236084}, "datetime": {"datetime": "2021-10-01 01:51:58", "elapsed": 383.607744, "delta": 4.159402}}
{"target": 0.8583893722705219, "params": {"C": 44498.65375734767, "gamma": 0.01556910438122966}, "datetime": {"datetime": "2021-10-01 01:52:00", "elapsed": 385.652658, "delta": 2.044914}}
{"target": 0.9039718060880497, "params": {"C": 16837.67907893857, "gamma": 0.11524753474101766}, "datetime": {"datetime": "2021-10-01 01:52:02", "elapsed": 387.628975, "delta": 1.976317}}
{"target": 0.8886291856410794, "params": {"C": 44644.45958898802, "gamma": 0.17223703238625868}, "datetime": {"datetime": "2021-10-01 01:52:04", "elapsed": 389.995256, "delta": 2.366281}}
{"target": 0.8871862058719662, "params": {"C": 37696.80795528087, "gamma": 0.17830854071698712}, "datetime": {"datetime": "2021-10-01 01:52:06", "elapsed": 392.034648, "delta": 2.039392}}
{"target": 0.9014395354755477, "params": {"C": 48751.37431644419, "gamma": 0.12314503828790604}, "datetime": {"datetime": "2021-10-01 01:52:09", "elapsed": 394.866805, "delta": 2.832157}}
{"target": 0.8986465605989089, "params": {"C": 33422.154966083996, "gamma": 0.045722700240086636}, "datetime": {"datetime": "2021-10-01 01:52:11", "elapsed": 396.92334, "delta": 2.056535}}
{"target": 0.8961003246987538, "params": {"C": 46461.492781406094, "gamma": 0.14372918564006176}, "datetime": {"datetime": "2021-10-01 01:52:13", "elapsed": 399.157411, "delta": 2.234071}}
{"target": 0.8966021774442235, "params": {"C": 49759.629805700264, "gamma": 0.1407017725219205}, "datetime": {"datetime": "2021-10-01 01:52:15", "elapsed": 401.255761, "delta": 2.09835}}
{"target": 0.90804055581776, "params": {"C": 22557.956054512415, "gamma": 0.06622262670774308}, "datetime": {"datetime": "2021-10-01 01:52:17", "elapsed": 403.295254, "delta": 2.039493}}
{"target": 0.9048529040950595, "params": {"C": 12999.54742426901, "gamma": 0.09074697502301525}, "datetime": {"datetime": "2021-10-01 01:52:20", "elapsed": 405.479133, "delta": 2.183879}}
{"target": 0.8856367722024311, "params": {"C": 43134.254733699934, "gamma": 0.18365396822482788}, "datetime": {"datetime": "2021-10-01 01:52:21", "elapsed": 407.383839, "delta": 1.904706}}
{"target": 0.8627431213871073, "params": {"C": 15171.35568730613, "gamma": 0.021954253369178157}, "datetime": {"datetime": "2021-10-01 01:52:24", "elapsed": 409.678612, "delta": 2.294773}}
{"target": 0.8644896288364632, "params": {"C": 9680.96326159827, "gamma": 0.02706129999102722}, "datetime": {"datetime": "2021-10-01 01:52:28", "elapsed": 413.56002, "delta": 3.881408}}
{"target": 0.8884588734677827, "params": {"C": 19208.742524165522, "gamma": 0.17094949609017304}, "datetime": {"datetime": "2021-10-01 01:52:31", "elapsed": 416.412251, "delta": 2.852231}}
{"target": 0.8989768761154197, "params": {"C": 36118.95005744125, "gamma": 0.13669926401835283}, "datetime": {"datetime": "2021-10-01 01:52:32", "elapsed": 418.209169, "delta": 1.796918}}
{"target": 0.9064460682781331, "params": {"C": 20161.4315643686, "gamma": 0.10911626388140126}, "datetime": {"datetime": "2021-10-01 01:52:35", "elapsed": 420.550321, "delta": 2.341152}}
{"target": 0.8994022232124542, "params": {"C": 36101.586366573574, "gamma": 0.1352310409808428}, "datetime": {"datetime": "2021-10-01 01:52:37", "elapsed": 423.273845, "delta": 2.723524}}
{"target": 0.9070600519439226, "params": {"C": 25276.311424693406, "gamma": 0.060975286189587447}, "datetime": {"datetime": "2021-10-01 01:52:40", "elapsed": 426.112207, "delta": 2.838362}}
{"target": 0.9103611408642533, "params": {"C": 22162.484192104093, "gamma": 0.08660995180270005}, "datetime": {"datetime": "2021-10-01 01:52:43", "elapsed": 429.221704, "delta": 3.109497}}
{"target": 0.8892857940744864, "params": {"C": 34779.72724507091, "gamma": 0.17094650858751068}, "datetime": {"datetime": "2021-10-01 01:52:46", "elapsed": 431.500895, "delta": 2.279191}}
{"target": 0.8988976851149655, "params": {"C": 40285.670406818506, "gamma": 0.13568563561672103}, "datetime": {"datetime": "2021-10-01 01:52:48", "elapsed": 433.675208, "delta": 2.174313}}
{"target": 0.9015937558323186, "params": {"C": 15823.162637283156, "gamma": 0.12299018061200337}, "datetime": {"datetime": "2021-10-01 01:52:51", "elapsed": 436.871073, "delta": 3.195865}}
{"target": 0.9041139334071434, "params": {"C": 17724.792145879517, "gamma": 0.06326491662303356}, "datetime": {"datetime": "2021-10-01 01:52:53", "elapsed": 439.077476, "delta": 2.206403}}
{"target": 0.8873729606856868, "params": {"C": 8940.286129816712, "gamma": 0.052896678352881234}, "datetime": {"datetime": "2021-10-01 01:52:56", "elapsed": 441.860677, "delta": 2.783201}}
{"target": 0.8618251076503015, "params": {"C": 6193.524879790103, "gamma": 0.031262533565635464}, "datetime": {"datetime": "2021-10-01 01:52:59", "elapsed": 445.01204, "delta": 3.151363}}
{"target": 0.9066159041530736, "params": {"C": 35932.4769306222, "gamma": 0.10983802082492851}, "datetime": {"datetime": "2021-10-01 01:53:01", "elapsed": 447.297131, "delta": 2.285091}}
{"target": 0.9117191651729715, "params": {"C": 41543.00233559384, "gamma": 0.08457761865297127}, "datetime": {"datetime": "2021-10-01 01:53:04", "elapsed": 449.475014, "delta": 2.177883}}
{"target": 0.9056024419982646, "params": {"C": 44320.81305501765, "gamma": 0.11007137132090124}, "datetime": {"datetime": "2021-10-01 01:53:06", "elapsed": 451.541477, "delta": 2.066463}}
{"target": 0.9125322430864558, "params": {"C": 40484.96747805024, "gamma": 0.07355369302000082}, "datetime": {"datetime": "2021-10-01 01:53:08", "elapsed": 453.901291, "delta": 2.359814}}
{"target": 0.9045139045270182, "params": {"C": 46444.49895933217, "gamma": 0.0492360468209193}, "datetime": {"datetime": "2021-10-01 01:53:11", "elapsed": 457.038486, "delta": 3.137195}}
{"target": 0.8524842237770976, "params": {"C": 12110.845927364262, "gamma": 0.01703485118566528}, "datetime": {"datetime": "2021-10-01 01:53:13", "elapsed": 459.047543, "delta": 2.009057}}
{"target": 0.8807360779231459, "params": {"C": 41706.31729674247, "gamma": 0.03134297290214586}, "datetime": {"datetime": "2021-10-01 01:53:16", "elapsed": 461.635131, "delta": 2.587588}}
{"target": 0.8885245456577769, "params": {"C": 33434.390959154116, "gamma": 0.17371886755963503}, "datetime": {"datetime": "2021-10-01 01:53:18", "elapsed": 463.995491, "delta": 2.36036}}
{"target": 0.8791211758433786, "params": {"C": 19314.982117147643, "gamma": 0.03375797503929171}, "datetime": {"datetime": "2021-10-01 01:53:21", "elapsed": 467.208215, "delta": 3.212724}}
