{"target": -2.15426157364469, "params": {"C": 95165.86421277894, "gamma": 0.07065631178000065}, "datetime": {"datetime": "2021-10-04 12:27:25", "elapsed": 21.86712, "delta": 0.446737}}
{"target": -2.265521799413869, "params": {"C": 93153.57757903058, "gamma": 0.10413340954875477}, "datetime": {"datetime": "2021-10-04 12:27:25", "elapsed": 22.31181, "delta": 0.44469}}
{"target": -2.0981985831895136, "params": {"C": 76567.22872597937, "gamma": 0.05753939770435301}, "datetime": {"datetime": "2021-10-04 12:27:26", "elapsed": 22.75569, "delta": 0.44388}}
{"target": -2.0721817738296195, "params": {"C": 52882.125649012145, "gamma": 0.041567911818533684}, "datetime": {"datetime": "2021-10-04 12:27:26", "elapsed": 23.190695, "delta": 0.435005}}
{"target": -2.1254787493388982, "params": {"C": 34638.18074516787, "gamma": 0.09277846058086048}, "datetime": {"datetime": "2021-10-04 12:27:27", "elapsed": 23.699507, "delta": 0.508812}}
{"target": -2.283804297555297, "params": {"C": 77443.68139756152, "gamma": 0.11668335987012286}, "datetime": {"datetime": "2021-10-04 12:27:27", "elapsed": 24.187999, "delta": 0.488492}}
{"target": -2.465045551203222, "params": {"C": 70592.91957196787, "gamma": 0.22313340132470147}, "datetime": {"datetime": "2021-10-04 12:27:28", "elapsed": 24.629214, "delta": 0.441215}}
{"target": -2.494904210240167, "params": {"C": 97418.26384635945, "gamma": 0.23873947502812587}, "datetime": {"datetime": "2021-10-04 12:27:28", "elapsed": 25.026433, "delta": 0.397219}}
{"target": -2.5276700226887705, "params": {"C": 57812.672122674245, "gamma": 0.27029874182433405}, "datetime": {"datetime": "2021-10-04 12:27:29", "elapsed": 25.499569, "delta": 0.473136}}
{"target": -2.422535156856437, "params": {"C": 40490.862544950636, "gamma": 0.2032648472783505}, "datetime": {"datetime": "2021-10-04 12:27:29", "elapsed": 25.950203, "delta": 0.450634}}
{"target": -2.0402242965582373, "params": {"C": 20278.74135418154, "gamma": 0.07052832039492024}, "datetime": {"datetime": "2021-10-04 12:27:30", "elapsed": 26.590384, "delta": 0.640181}}
{"target": -2.474341180678372, "params": {"C": 89584.40340549947, "gamma": 0.22818081530776882}, "datetime": {"datetime": "2021-10-04 12:27:30", "elapsed": 27.084547, "delta": 0.494163}}
{"target": -2.5318072300183956, "params": {"C": 78601.47881280196, "gamma": 0.26506335383045543}, "datetime": {"datetime": "2021-10-04 12:27:31", "elapsed": 27.618533, "delta": 0.533986}}
{"target": -2.3082680450527144, "params": {"C": 12725.27266116859, "gamma": 0.15850327079948498}, "datetime": {"datetime": "2021-10-04 12:27:31", "elapsed": 28.14564, "delta": 0.527107}}
{"target": -2.511740669455624, "params": {"C": 56799.39452799364, "gamma": 0.2605505012052585}, "datetime": {"datetime": "2021-10-04 12:27:32", "elapsed": 28.608614, "delta": 0.462974}}
{"target": -2.3130936212098665, "params": {"C": 62617.07852396524, "gamma": 0.13760113454299713}, "datetime": {"datetime": "2021-10-04 12:27:32", "elapsed": 29.06705, "delta": 0.458436}}
{"target": -2.459374306038353, "params": {"C": 86439.41801650474, "gamma": 0.21457721637354174}, "datetime": {"datetime": "2021-10-04 12:27:33", "elapsed": 29.597807, "delta": 0.530757}}
{"target": -2.525418432803339, "params": {"C": 58863.079830083734, "gamma": 0.26860413789426707}, "datetime": {"datetime": "2021-10-04 12:27:33", "elapsed": 30.153691, "delta": 0.555884}}
{"target": -2.5336235271002714, "params": {"C": 91255.68784998586, "gamma": 0.2609158469707107}, "datetime": {"datetime": "2021-10-04 12:27:34", "elapsed": 30.621897, "delta": 0.468206}}
{"target": -2.4137953647722643, "params": {"C": 74928.54253667961, "gamma": 0.18479160567771183}, "datetime": {"datetime": "2021-10-04 12:27:34", "elapsed": 31.169349, "delta": 0.547452}}
{"target": -2.2966025803955894, "params": {"C": 85534.47921878041, "gamma": 0.11857174752567262}, "datetime": {"datetime": "2021-10-04 12:27:35", "elapsed": 31.742044, "delta": 0.572695}}
{"target": -2.164181270460445, "params": {"C": 44485.66234815718, "gamma": 0.09783642227732747}, "datetime": {"datetime": "2021-10-04 12:27:35", "elapsed": 32.299927, "delta": 0.557883}}
{"target": -2.4176458298876065, "params": {"C": 68446.19743671663, "gamma": 0.18890424926217073}, "datetime": {"datetime": "2021-10-04 12:27:36", "elapsed": 32.785419, "delta": 0.485492}}
{"target": -2.186348913990456, "params": {"C": 33453.46231844991, "gamma": 0.10960823267242092}, "datetime": {"datetime": "2021-10-04 12:27:36", "elapsed": 33.327718, "delta": 0.542299}}
{"target": -2.0308570716145176, "params": {"C": 26522.794883903003, "gamma": 0.06523036310180834}, "datetime": {"datetime": "2021-10-04 12:27:37", "elapsed": 33.794115, "delta": 0.466397}}
{"target": -2.173880157774761, "params": {"C": 98242.13972924622, "gamma": 0.07789513480113763}, "datetime": {"datetime": "2021-10-04 12:27:37", "elapsed": 34.392428, "delta": 0.598313}}
{"target": -2.1405927832625142, "params": {"C": 97704.92552422218, "gamma": 0.061963815730883415}, "datetime": {"datetime": "2021-10-04 12:27:38", "elapsed": 34.887426, "delta": 0.494998}}
{"target": -2.150977105718988, "params": {"C": 32594.977415824982, "gamma": 0.10054301642655249}, "datetime": {"datetime": "2021-10-04 12:27:39", "elapsed": 35.66233, "delta": 0.774904}}
{"target": -2.3327840851807577, "params": {"C": 56421.49573895455, "gamma": 0.149203238921277}, "datetime": {"datetime": "2021-10-04 12:27:39", "elapsed": 36.275589, "delta": 0.613259}}
{"target": -2.4972494275516737, "params": {"C": 42772.004618872816, "gamma": 0.255469954417641}, "datetime": {"datetime": "2021-10-04 12:27:40", "elapsed": 36.819877, "delta": 0.544288}}
{"target": -2.4751626349579285, "params": {"C": 95631.2513622154, "gamma": 0.22738427834598904}, "datetime": {"datetime": "2021-10-04 12:27:40", "elapsed": 37.458286, "delta": 0.638409}}
{"target": -2.5987837529355917, "params": {"C": 97515.84409466345, "gamma": 0.295820577896523}, "datetime": {"datetime": "2021-10-04 12:27:41", "elapsed": 38.074611, "delta": 0.616325}}
{"target": -2.4818392581846145, "params": {"C": 84214.20140490435, "gamma": 0.23525958712457273}, "datetime": {"datetime": "2021-10-04 12:27:42", "elapsed": 38.756137, "delta": 0.681526}}
{"target": -2.527613999399972, "params": {"C": 16602.412413773698, "gamma": 0.276524704948898}, "datetime": {"datetime": "2021-10-04 12:27:42", "elapsed": 39.357131, "delta": 0.600994}}
{"target": -2.59226919384461, "params": {"C": 80903.33520187259, "gamma": 0.2987191335578136}, "datetime": {"datetime": "2021-10-04 12:27:43", "elapsed": 39.970467, "delta": 0.613336}}
{"target": -2.4397977010660803, "params": {"C": 34757.69835125115, "gamma": 0.21743442712741343}, "datetime": {"datetime": "2021-10-04 12:27:44", "elapsed": 40.493745, "delta": 0.523278}}
{"target": -2.3311564238262634, "params": {"C": 37020.60639982367, "gamma": 0.15937480149524286}, "datetime": {"datetime": "2021-10-04 12:27:44", "elapsed": 41.113784, "delta": 0.620039}}
{"target": -2.311493044764215, "params": {"C": 52005.37262614505, "gamma": 0.1420995502154382}, "datetime": {"datetime": "2021-10-04 12:27:45", "elapsed": 41.600074, "delta": 0.48629}}
{"target": -2.0921081155419508, "params": {"C": 12678.750246773405, "gamma": 0.05094698568048181}, "datetime": {"datetime": "2021-10-04 12:27:45", "elapsed": 42.118513, "delta": 0.518439}}
{"target": -2.1303619668078504, "params": {"C": 22067.343864119026, "gamma": 0.09775466444894809}, "datetime": {"datetime": "2021-10-04 12:27:46", "elapsed": 42.673413, "delta": 0.5549}}
{"target": -2.471909757856188, "params": {"C": 81814.01839957264, "gamma": 0.2272638237858994}, "datetime": {"datetime": "2021-10-04 12:27:46", "elapsed": 43.183687, "delta": 0.510274}}
{"target": -2.218708666575929, "params": {"C": 47532.149321319186, "gamma": 0.10985516491155342}, "datetime": {"datetime": "2021-10-04 12:27:47", "elapsed": 43.756121, "delta": 0.572434}}
{"target": -2.0417608619565186, "params": {"C": 39691.770179143685, "gamma": 0.05243893358270896}, "datetime": {"datetime": "2021-10-04 12:27:47", "elapsed": 44.426122, "delta": 0.670001}}
{"target": -2.4623614641039726, "params": {"C": 41524.85096893394, "gamma": 0.23145480909023416}, "datetime": {"datetime": "2021-10-04 12:27:48", "elapsed": 45.07512, "delta": 0.648998}}
{"target": -2.0296195542972115, "params": {"C": 24776.99855269316, "gamma": 0.05995863766596364}, "datetime": {"datetime": "2021-10-04 12:27:49", "elapsed": 45.716718, "delta": 0.641598}}
{"target": -2.4628655321478683, "params": {"C": 63963.57990029109, "gamma": 0.22340283846768927}, "datetime": {"datetime": "2021-10-04 12:27:49", "elapsed": 46.300721, "delta": 0.584003}}
{"target": -2.5019951607753903, "params": {"C": 26451.946846950665, "gamma": 0.26416013408405015}, "datetime": {"datetime": "2021-10-04 12:27:50", "elapsed": 46.895793, "delta": 0.595072}}
{"target": -2.444794306060923, "params": {"C": 20619.759304038118, "gamma": 0.22820878425624044}, "datetime": {"datetime": "2021-10-04 12:27:51", "elapsed": 47.537389, "delta": 0.641596}}
{"target": -2.0904974543490673, "params": {"C": 13261.10020896117, "gamma": 0.07912784467416983}, "datetime": {"datetime": "2021-10-04 12:27:51", "elapsed": 48.094685, "delta": 0.557296}}
{"target": -2.44077267585831, "params": {"C": 12056.576682931229, "gamma": 0.22016735368439344}, "datetime": {"datetime": "2021-10-04 12:27:52", "elapsed": 48.713285, "delta": 0.6186}}
{"target": -2.4983751030488275, "params": {"C": 52265.4073334838, "gamma": 0.25300817100460843}, "datetime": {"datetime": "2021-10-04 12:27:52", "elapsed": 49.359288, "delta": 0.646003}}
{"target": -2.3438357002360735, "params": {"C": 92542.59727264146, "gamma": 0.1366877712322446}, "datetime": {"datetime": "2021-10-04 12:27:53", "elapsed": 49.933471, "delta": 0.574183}}
{"target": -2.146031531150964, "params": {"C": 64769.09880212058, "gamma": 0.08556961412539912}, "datetime": {"datetime": "2021-10-04 12:27:54", "elapsed": 50.553777, "delta": 0.620306}}
{"target": -2.295404665371788, "params": {"C": 49739.26370419624, "gamma": 0.13594267554326778}, "datetime": {"datetime": "2021-10-04 12:27:54", "elapsed": 51.230815, "delta": 0.677038}}
{"target": -2.455396295626585, "params": {"C": 70155.2702255132, "gamma": 0.21496769958249318}, "datetime": {"datetime": "2021-10-04 12:27:55", "elapsed": 51.885472, "delta": 0.654657}}
{"target": -2.2270925872434146, "params": {"C": 67435.12476742131, "gamma": 0.10182695762498221}, "datetime": {"datetime": "2021-10-04 12:27:56", "elapsed": 52.484187, "delta": 0.598715}}
{"target": -2.54104737291618, "params": {"C": 46794.65200375927, "gamma": 0.2826604819533161}, "datetime": {"datetime": "2021-10-04 12:27:56", "elapsed": 53.065853, "delta": 0.581666}}
{"target": -2.5537216921956403, "params": {"C": 73122.27567818723, "gamma": 0.27980949941996064}, "datetime": {"datetime": "2021-10-04 12:27:57", "elapsed": 53.620566, "delta": 0.554713}}
{"target": -2.172566658041802, "params": {"C": 44297.049114346795, "gamma": 0.0261253545062762}, "datetime": {"datetime": "2021-10-04 12:27:57", "elapsed": 54.168511, "delta": 0.547945}}
{"target": -2.189069963100223, "params": {"C": 35177.72195680848, "gamma": 0.10925301555518335}, "datetime": {"datetime": "2021-10-04 12:27:58", "elapsed": 54.816336, "delta": 0.647825}}
{"target": -2.0963315116868384, "params": {"C": 59581.63542546995, "gamma": 0.0755677361872292}, "datetime": {"datetime": "2021-10-04 12:27:59", "elapsed": 55.493329, "delta": 0.676993}}
{"target": -2.390790283463477, "params": {"C": 64568.449065778754, "gamma": 0.17443716828266853}, "datetime": {"datetime": "2021-10-04 12:27:59", "elapsed": 56.069116, "delta": 0.575787}}
{"target": -2.125242516990188, "params": {"C": 37865.00159540369, "gamma": 0.09177291842186358}, "datetime": {"datetime": "2021-10-04 12:28:00", "elapsed": 56.836138, "delta": 0.767022}}
{"target": -2.099189010707788, "params": {"C": 45285.25921497368, "gamma": 0.03333910471960652}, "datetime": {"datetime": "2021-10-04 12:28:01", "elapsed": 57.594525, "delta": 0.758387}}
{"target": -2.5246112275010533, "params": {"C": 96673.78603128606, "gamma": 0.2542700596389144}, "datetime": {"datetime": "2021-10-04 12:28:01", "elapsed": 58.188022, "delta": 0.593497}}
{"target": -2.2736051714107934, "params": {"C": 56382.29402444318, "gamma": 0.12417572309731974}, "datetime": {"datetime": "2021-10-04 12:28:02", "elapsed": 58.791013, "delta": 0.602991}}
{"target": -2.5309564307950043, "params": {"C": 18076.085667164483, "gamma": 0.2797184193440151}, "datetime": {"datetime": "2021-10-04 12:28:02", "elapsed": 59.344849, "delta": 0.553836}}
{"target": -2.429934399927538, "params": {"C": 84329.72155110759, "gamma": 0.19261462219728007}, "datetime": {"datetime": "2021-10-04 12:28:03", "elapsed": 59.912693, "delta": 0.567844}}
{"target": -2.499169486790139, "params": {"C": 33326.68584692131, "gamma": 0.26084699962389785}, "datetime": {"datetime": "2021-10-04 12:28:04", "elapsed": 60.585402, "delta": 0.672709}}
{"target": -2.0711235584613146, "params": {"C": 33235.24891927742, "gamma": 0.07961423463567906}, "datetime": {"datetime": "2021-10-04 12:28:04", "elapsed": 61.310698, "delta": 0.725296}}
{"target": -2.5449920992223314, "params": {"C": 26202.30811085076, "gamma": 0.29216293108053837}, "datetime": {"datetime": "2021-10-04 12:28:05", "elapsed": 61.948677, "delta": 0.637979}}
{"target": -2.2415250655178833, "params": {"C": 88075.63865685709, "gamma": 0.09864466804541398}, "datetime": {"datetime": "2021-10-04 12:28:06", "elapsed": 62.617718, "delta": 0.669041}}
{"target": -2.2311276662134847, "params": {"C": 28166.577525147608, "gamma": 0.1254206527655664}, "datetime": {"datetime": "2021-10-04 12:28:06", "elapsed": 63.289302, "delta": 0.671584}}
{"target": -2.556788738485263, "params": {"C": 81374.10262365984, "gamma": 0.2776157989072799}, "datetime": {"datetime": "2021-10-04 12:28:07", "elapsed": 63.933163, "delta": 0.643861}}
{"target": -2.319751372479076, "params": {"C": 58608.76240036971, "gamma": 0.14251295350328963}, "datetime": {"datetime": "2021-10-04 12:28:08", "elapsed": 64.588712, "delta": 0.655549}}
{"target": -2.113865221848098, "params": {"C": 42855.427190937495, "gamma": 0.08759351997271825}, "datetime": {"datetime": "2021-10-04 12:28:08", "elapsed": 65.345238, "delta": 0.756526}}
{"target": -2.0990171876073505, "params": {"C": 76209.75759179961, "gamma": 0.04073003347310604}, "datetime": {"datetime": "2021-10-04 12:28:09", "elapsed": 66.152192, "delta": 0.806954}}
{"target": -2.4890325239470843, "params": {"C": 76931.65010962519, "gamma": 0.24129059374355322}, "datetime": {"datetime": "2021-10-04 12:28:10", "elapsed": 66.806925, "delta": 0.654733}}
{"target": -2.2828970378178193, "params": {"C": 63083.14034710882, "gamma": 0.016699419364153263}, "datetime": {"datetime": "2021-10-04 12:28:11", "elapsed": 67.50664, "delta": 0.699715}}
{"target": -2.6942596751685683, "params": {"C": 26979.308683797346, "gamma": 0.004573654673498173}, "datetime": {"datetime": "2021-10-04 12:28:11", "elapsed": 68.354335, "delta": 0.847695}}
{"target": -2.488389128779544, "params": {"C": 26160.721352201344, "gamma": 0.2538856588848596}, "datetime": {"datetime": "2021-10-04 12:28:12", "elapsed": 69.028636, "delta": 0.674301}}
{"target": -2.3488449373995595, "params": {"C": 51056.602400439246, "gamma": 0.012004458474950021}, "datetime": {"datetime": "2021-10-04 12:28:13", "elapsed": 69.824748, "delta": 0.796112}}
{"target": -2.2657245655441707, "params": {"C": 61231.725775495615, "gamma": 0.11780446015375177}, "datetime": {"datetime": "2021-10-04 12:28:14", "elapsed": 70.606075, "delta": 0.781327}}
{"target": -2.369760642855019, "params": {"C": 24910.915268644923, "gamma": 0.185374856867323}, "datetime": {"datetime": "2021-10-04 12:28:15", "elapsed": 71.484946, "delta": 0.878871}}
{"target": -2.256857727608268, "params": {"C": 13264.33346461505, "gamma": 0.1353875660562084}, "datetime": {"datetime": "2021-10-04 12:28:15", "elapsed": 72.273181, "delta": 0.788235}}
{"target": -2.227380185375135, "params": {"C": 33583.40470154396, "gamma": 0.022009281146976117}, "datetime": {"datetime": "2021-10-04 12:28:16", "elapsed": 73.058164, "delta": 0.784983}}
{"target": -2.260798989114594, "params": {"C": 44765.49350305134, "gamma": 0.01875777924599365}, "datetime": {"datetime": "2021-10-04 12:28:17", "elapsed": 73.837089, "delta": 0.778925}}
{"target": -2.3815679555388742, "params": {"C": 44742.6225453185, "gamma": 0.1794520124744363}, "datetime": {"datetime": "2021-10-04 12:28:18", "elapsed": 74.644092, "delta": 0.807003}}
{"target": -2.364575604620629, "params": {"C": 83806.3052048238, "gamma": 0.14981078845893175}, "datetime": {"datetime": "2021-10-04 12:28:18", "elapsed": 75.471805, "delta": 0.827713}}
{"target": -2.2418262918264635, "params": {"C": 22854.400143369545, "gamma": 0.13226113534771333}, "datetime": {"datetime": "2021-10-04 12:28:19", "elapsed": 76.259138, "delta": 0.787333}}
{"target": -2.594442269629992, "params": {"C": 27189.02205481642, "gamma": 0.006072804315443204}, "datetime": {"datetime": "2021-10-04 12:28:20", "elapsed": 77.215137, "delta": 0.955999}}
{"target": -2.2075893645695825, "params": {"C": 96614.41654271878, "gamma": 0.08848530910680248}, "datetime": {"datetime": "2021-10-04 12:28:21", "elapsed": 78.002846, "delta": 0.787709}}
{"target": -2.0782646741393282, "params": {"C": 65710.02009643392, "gamma": 0.0437928326722061}, "datetime": {"datetime": "2021-10-04 12:28:22", "elapsed": 78.914731, "delta": 0.911885}}
{"target": -2.0922868054922645, "params": {"C": 48951.541290308494, "gamma": 0.07991924438788693}, "datetime": {"datetime": "2021-10-04 12:28:23", "elapsed": 79.693572, "delta": 0.778841}}
{"target": -2.2500843551679006, "params": {"C": 11394.34574438614, "gamma": 0.12836893686043033}, "datetime": {"datetime": "2021-10-04 12:28:23", "elapsed": 80.434572, "delta": 0.741}}
{"target": -2.382319043238947, "params": {"C": 38212.007988068006, "gamma": 0.18299194526326787}, "datetime": {"datetime": "2021-10-04 12:28:24", "elapsed": 81.193527, "delta": 0.758955}}
{"target": -2.4797347672602794, "params": {"C": 43166.41334931648, "gamma": 0.2426426554278258}, "datetime": {"datetime": "2021-10-04 12:28:25", "elapsed": 81.92242, "delta": 0.728893}}
{"target": -2.222094043341856, "params": {"C": 20991.819990559765, "gamma": 0.12670313624908627}, "datetime": {"datetime": "2021-10-04 12:28:26", "elapsed": 82.68469, "delta": 0.76227}}
{"target": -2.2749412432800526, "params": {"C": 43316.01388442671, "gamma": 0.13132148214755143}, "datetime": {"datetime": "2021-10-04 12:28:27", "elapsed": 83.597106, "delta": 0.912416}}
{"target": -2.176382812016361, "params": {"C": 96238.18622702414, "gamma": 0.02592467939375001}, "datetime": {"datetime": "2021-10-04 12:28:27", "elapsed": 84.368139, "delta": 0.771033}}
{"target": -2.4014193526546967, "params": {"C": 29109.87945551484, "gamma": 0.19766908525239912}, "datetime": {"datetime": "2021-10-04 12:28:28", "elapsed": 85.147373, "delta": 0.779234}}
{"target": -2.4007419288671374, "params": {"C": 94242.57529769243, "gamma": 0.1698770325743928}, "datetime": {"datetime": "2021-10-04 12:28:29", "elapsed": 85.882668, "delta": 0.735295}}
{"target": -2.1273838190619636, "params": {"C": 67782.44448365239, "gamma": 0.03142885934119129}, "datetime": {"datetime": "2021-10-04 12:28:30", "elapsed": 86.719668, "delta": 0.837}}
{"target": -2.046213853297196, "params": {"C": 45131.11964310104, "gamma": 0.05147650819505058}, "datetime": {"datetime": "2021-10-04 12:28:31", "elapsed": 87.557036, "delta": 0.837368}}
{"target": -2.4823315784245756, "params": {"C": 99985.41864669275, "gamma": 0.23074027682078388}, "datetime": {"datetime": "2021-10-04 12:28:31", "elapsed": 88.379942, "delta": 0.822906}}
{"target": -2.5015241239503623, "params": {"C": 55700.66457041203, "gamma": 0.2540430960084237}, "datetime": {"datetime": "2021-10-04 12:28:32", "elapsed": 89.168851, "delta": 0.788909}}
{"target": -2.471179704067297, "params": {"C": 92690.33249106286, "gamma": 0.2244718898988638}, "datetime": {"datetime": "2021-10-04 12:28:33", "elapsed": 90.037649, "delta": 0.868798}}
{"target": -2.308855965428267, "params": {"C": 64893.4171795048, "gamma": 0.01400422938455338}, "datetime": {"datetime": "2021-10-04 12:28:34", "elapsed": 90.8839, "delta": 0.846251}}
{"target": -2.03576493937511, "params": {"C": 21026.30901300315, "gamma": 0.05170515588395663}, "datetime": {"datetime": "2021-10-04 12:28:35", "elapsed": 91.691996, "delta": 0.808096}}
{"target": -2.3965865026255466, "params": {"C": 12633.797619388431, "gamma": 0.017763791950296037}, "datetime": {"datetime": "2021-10-04 12:28:35", "elapsed": 92.378246, "delta": 0.68625}}
{"target": -2.4637958021186024, "params": {"C": 77515.66209233366, "gamma": 0.22025182559394843}, "datetime": {"datetime": "2021-10-04 12:28:36", "elapsed": 93.098187, "delta": 0.719941}}
{"target": -2.202156961541256, "params": {"C": 49754.56989907946, "gamma": 0.10416006871206969}, "datetime": {"datetime": "2021-10-04 12:28:37", "elapsed": 93.919937, "delta": 0.82175}}
{"target": -2.4429692757925743, "params": {"C": 16844.861898210205, "gamma": 0.22829739894900256}, "datetime": {"datetime": "2021-10-04 12:28:38", "elapsed": 94.642027, "delta": 0.72209}}
{"target": -2.3959653524664084, "params": {"C": 43901.338489304784, "gamma": 0.1867123126480384}, "datetime": {"datetime": "2021-10-04 12:28:38", "elapsed": 95.44626, "delta": 0.804233}}
{"target": -2.465961998514542, "params": {"C": 45047.87815842161, "gamma": 0.23219712018758498}, "datetime": {"datetime": "2021-10-04 12:28:39", "elapsed": 96.117142, "delta": 0.670882}}
{"target": -2.436260355393113, "params": {"C": 91651.7980872194, "gamma": 0.19535014388223337}, "datetime": {"datetime": "2021-10-04 12:28:40", "elapsed": 96.902613, "delta": 0.785471}}
{"target": -2.4636301409020493, "params": {"C": 93571.0253124913, "gamma": 0.2174427626031072}, "datetime": {"datetime": "2021-10-04 12:28:41", "elapsed": 97.820952, "delta": 0.918339}}
