{"target": -17.069545429271344, "params": {"C": 8192.926503297494, "gamma": 0.045428582479405295}, "datetime": {"datetime": "2021-06-28 15:47:34", "elapsed": 227.082732, "delta": 1.629044}}
{"target": -17.164072811122885, "params": {"C": 8386.808608144236, "gamma": 0.05000287281405289}, "datetime": {"datetime": "2021-06-28 15:47:36", "elapsed": 228.371736, "delta": 1.289004}}
{"target": -17.37692257928464, "params": {"C": 8510.066695004924, "gamma": 0.01}, "datetime": {"datetime": "2021-06-28 15:47:38", "elapsed": 230.217534, "delta": 1.845798}}
{"target": -18.769850437933272, "params": {"C": 9186.23085528294, "gamma": 0.08441629261732755}, "datetime": {"datetime": "2021-06-28 15:47:39", "elapsed": 231.799318, "delta": 1.581784}}
{"target": -17.28513962906186, "params": {"C": 2796.8091695460453, "gamma": 0.0769589496708802}, "datetime": {"datetime": "2021-06-28 15:47:40", "elapsed": 233.127158, "delta": 1.32784}}
{"target": -18.46576062248234, "params": {"C": 4055.2280401898074, "gamma": 0.09737552787644965}, "datetime": {"datetime": "2021-06-28 15:47:42", "elapsed": 234.84268, "delta": 1.715522}}
{"target": -17.543638812370677, "params": {"C": 3915.1293538776213, "gamma": 0.07857815784276075}, "datetime": {"datetime": "2021-06-28 15:47:44", "elapsed": 236.239677, "delta": 1.396997}}
{"target": -17.761908318784265, "params": {"C": 4385.318153892358, "gamma": 0.08147537096848832}, "datetime": {"datetime": "2021-06-28 15:47:45", "elapsed": 237.63582, "delta": 1.396143}}
{"target": -17.69697209737314, "params": {"C": 2082.4550179841112, "gamma": 0.08986943490342114}, "datetime": {"datetime": "2021-06-28 15:47:47", "elapsed": 239.347415, "delta": 1.711595}}
{"target": -17.359817788415256, "params": {"C": 6215.056625254895, "gamma": 0.010718852825246929}, "datetime": {"datetime": "2021-06-28 15:47:48", "elapsed": 240.902316, "delta": 1.554901}}
{"target": -16.840991809040343, "params": {"C": 3483.901948353517, "gamma": 0.06063822817903369}, "datetime": {"datetime": "2021-06-28 15:47:50", "elapsed": 242.324169, "delta": 1.421853}}
{"target": -17.03271860504955, "params": {"C": 1148.2570206032872, "gamma": 0.02899924199310943}, "datetime": {"datetime": "2021-06-28 15:47:52", "elapsed": 244.325827, "delta": 2.001658}}
{"target": -16.962384905398732, "params": {"C": 4233.994723684821, "gamma": 0.06137228981846282}, "datetime": {"datetime": "2021-06-28 15:47:53", "elapsed": 245.687242, "delta": 1.361415}}
{"target": -16.51925701908265, "params": {"C": 1996.9277606931962, "gamma": 0.04683055768777567}, "datetime": {"datetime": "2021-06-28 15:47:54", "elapsed": 247.027299, "delta": 1.340057}}
{"target": -17.907558318474937, "params": {"C": 687.3782628603391, "gamma": 0.0806452080811813}, "datetime": {"datetime": "2021-06-28 15:47:56", "elapsed": 248.481403, "delta": 1.454104}}
{"target": -18.546766786634574, "params": {"C": 620.7939474160625, "gamma": 0.01573210443610186}, "datetime": {"datetime": "2021-06-28 15:47:58", "elapsed": 250.292025, "delta": 1.810622}}
{"target": -16.97554368262537, "params": {"C": 6474.719209872005, "gamma": 0.018136668274842987}, "datetime": {"datetime": "2021-06-28 15:47:59", "elapsed": 251.611029, "delta": 1.319004}}
{"target": -19.60522027722972, "params": {"C": 9767.585646143256, "gamma": 0.09575253722857886}, "datetime": {"datetime": "2021-06-28 15:48:01", "elapsed": 253.227706, "delta": 1.616677}}
{"target": -18.01759919903975, "params": {"C": 4136.41533469903, "gamma": 0.08796179328183852}, "datetime": {"datetime": "2021-06-28 15:48:02", "elapsed": 254.948591, "delta": 1.720885}}
{"target": -18.815103309629606, "params": {"C": 8930.283758342559, "gamma": 0.0858105775801478}, "datetime": {"datetime": "2021-06-28 15:48:04", "elapsed": 256.53122, "delta": 1.582629}}
{"target": -17.999261572826526, "params": {"C": 3209.6950658293667, "gamma": 0.09195811472196799}, "datetime": {"datetime": "2021-06-28 15:48:06", "elapsed": 258.276754, "delta": 1.745534}}
{"target": -16.62473884985775, "params": {"C": 3248.2230898372104, "gamma": 0.05198564835952191}, "datetime": {"datetime": "2021-06-28 15:48:07", "elapsed": 259.904643, "delta": 1.627889}}
{"target": -17.656193231046032, "params": {"C": 8722.210296615656, "gamma": 0.0647164541059997}, "datetime": {"datetime": "2021-06-28 15:48:09", "elapsed": 261.668988, "delta": 1.764345}}
{"target": -17.611754657448444, "params": {"C": 7004.667485234975, "gamma": 0.06867712725495259}, "datetime": {"datetime": "2021-06-28 15:48:11", "elapsed": 263.367306, "delta": 1.698318}}
{"target": -18.337779724391318, "params": {"C": 4311.597430821539, "gamma": 0.09361420124787567}, "datetime": {"datetime": "2021-06-28 15:48:12", "elapsed": 264.806274, "delta": 1.438968}}
{"target": -18.15781808011374, "params": {"C": 3845.1361399239618, "gamma": 0.09220705598383208}, "datetime": {"datetime": "2021-06-28 15:48:14", "elapsed": 266.878922, "delta": 2.072648}}
{"target": -16.62967439905448, "params": {"C": 3820.279226796667, "gamma": 0.028509865333320027}, "datetime": {"datetime": "2021-06-28 15:48:16", "elapsed": 268.470454, "delta": 1.591532}}
{"target": -16.99047308885377, "params": {"C": 3869.1281688881145, "gamma": 0.017382895027139623}, "datetime": {"datetime": "2021-06-28 15:48:17", "elapsed": 270.050364, "delta": 1.57991}}
{"target": -17.386765941317417, "params": {"C": 4449.698730307535, "gamma": 0.07256445661829825}, "datetime": {"datetime": "2021-06-28 15:48:19", "elapsed": 271.928627, "delta": 1.878263}}
{"target": -16.753582848280686, "params": {"C": 2832.256913086933, "gamma": 0.06015295971900769}, "datetime": {"datetime": "2021-06-28 15:48:21", "elapsed": 273.630254, "delta": 1.701627}}
{"target": -16.894013810180496, "params": {"C": 4104.262246515591, "gamma": 0.05957058282426909}, "datetime": {"datetime": "2021-06-28 15:48:23", "elapsed": 275.302616, "delta": 1.672362}}
{"target": -17.008530436002932, "params": {"C": 3794.9642284901297, "gamma": 0.06491038885454864}, "datetime": {"datetime": "2021-06-28 15:48:24", "elapsed": 276.968372, "delta": 1.665756}}
{"target": -17.968867309200412, "params": {"C": 5325.014963517709, "gamma": 0.08203066486430134}, "datetime": {"datetime": "2021-06-28 15:48:26", "elapsed": 278.577448, "delta": 1.609076}}
{"target": -17.310759276997985, "params": {"C": 5352.510829389807, "gamma": 0.011670451283958721}, "datetime": {"datetime": "2021-06-28 15:48:28", "elapsed": 280.585452, "delta": 2.008004}}
{"target": -16.87135907248197, "params": {"C": 6009.071088734725, "gamma": 0.02165133450449882}, "datetime": {"datetime": "2021-06-28 15:48:30", "elapsed": 282.526446, "delta": 1.940994}}
{"target": -17.01444934398548, "params": {"C": 4677.554227918325, "gamma": 0.016524969737089095}, "datetime": {"datetime": "2021-06-28 15:48:31", "elapsed": 284.121513, "delta": 1.595067}}
{"target": -19.097859833557155, "params": {"C": 6401.4831114057915, "gamma": 0.09854941386497822}, "datetime": {"datetime": "2021-06-28 15:48:33", "elapsed": 286.071846, "delta": 1.950333}}
{"target": -16.849276526565486, "params": {"C": 6376.197380246817, "gamma": 0.02474317893040935}, "datetime": {"datetime": "2021-06-28 15:48:35", "elapsed": 287.814498, "delta": 1.742652}}
{"target": -17.277100561519163, "params": {"C": 6427.695397016573, "gamma": 0.011720716724337638}, "datetime": {"datetime": "2021-06-28 15:48:37", "elapsed": 290.153089, "delta": 2.338591}}
{"target": -18.292717937499088, "params": {"C": 2876.852306053444, "gamma": 0.1}, "datetime": {"datetime": "2021-06-28 15:48:39", "elapsed": 291.8901, "delta": 1.737011}}
{"target": -16.54032460128107, "params": {"C": 3417.612216307312, "gamma": 0.04334680950183315}, "datetime": {"datetime": "2021-06-28 15:48:41", "elapsed": 293.601211, "delta": 1.711111}}
{"target": -18.549642645017222, "params": {"C": 4476.246002530396, "gamma": 0.09695489556499938}, "datetime": {"datetime": "2021-06-28 15:48:43", "elapsed": 295.613421, "delta": 2.01221}}
{"target": -17.506732697257597, "params": {"C": 2853.9487095790246, "gamma": 0.08232596182890123}, "datetime": {"datetime": "2021-06-28 15:48:45", "elapsed": 298.18814, "delta": 2.574719}}
{"target": -16.69304130269688, "params": {"C": 4495.058485104634, "gamma": 0.047268868305022416}, "datetime": {"datetime": "2021-06-28 15:48:47", "elapsed": 300.011745, "delta": 1.823605}}
{"target": -17.170150328954747, "params": {"C": 4778.8180533765135, "gamma": 0.06544030258795404}, "datetime": {"datetime": "2021-06-28 15:48:49", "elapsed": 301.920754, "delta": 1.909009}}
{"target": -16.66239296826591, "params": {"C": 4755.3322993185, "gamma": 0.04101205638727834}, "datetime": {"datetime": "2021-06-28 15:48:51", "elapsed": 303.843752, "delta": 1.922998}}
{"target": -17.499817364830527, "params": {"C": 4803.4082006956705, "gamma": 0.01}, "datetime": {"datetime": "2021-06-28 15:48:53", "elapsed": 305.602638, "delta": 1.758886}}
{"target": -16.81339073199733, "params": {"C": 2162.2332202833313, "gamma": 0.06425422287702984}, "datetime": {"datetime": "2021-06-28 15:48:55", "elapsed": 307.372194, "delta": 1.769556}}
{"target": -17.00178868327126, "params": {"C": 5063.405089688139, "gamma": 0.016725672843917575}, "datetime": {"datetime": "2021-06-28 15:48:56", "elapsed": 309.103144, "delta": 1.73095}}
{"target": -17.712508094590426, "params": {"C": 6180.240521734816, "gamma": 0.07362020678447939}, "datetime": {"datetime": "2021-06-28 15:48:58", "elapsed": 311.11818, "delta": 2.015036}}
{"target": -16.85616343695163, "params": {"C": 1785.021287921807, "gamma": 0.025479827807728655}, "datetime": {"datetime": "2021-06-28 15:49:00", "elapsed": 313.078333, "delta": 1.960153}}
{"target": -18.291743223203788, "params": {"C": 6154.194189064126, "gamma": 0.08523672200564791}, "datetime": {"datetime": "2021-06-28 15:49:03", "elapsed": 315.338454, "delta": 2.260121}}
{"target": -16.810786749079465, "params": {"C": 6278.339153247861, "gamma": 0.03811015672657997}, "datetime": {"datetime": "2021-06-28 15:49:05", "elapsed": 317.778122, "delta": 2.439668}}
{"target": -16.68204495339864, "params": {"C": 1333.5044061931721, "gamma": 0.04074832133321717}, "datetime": {"datetime": "2021-06-28 15:49:07", "elapsed": 319.974309, "delta": 2.196187}}
{"target": -17.31797814222985, "params": {"C": 3679.115588840253, "gamma": 0.012871695805448403}, "datetime": {"datetime": "2021-06-28 15:49:09", "elapsed": 322.029575, "delta": 2.055266}}
{"target": -16.709931804744752, "params": {"C": 4732.256213694714, "gamma": 0.026672974190085005}, "datetime": {"datetime": "2021-06-28 15:49:12", "elapsed": 324.288387, "delta": 2.258812}}
{"target": -17.05738913563606, "params": {"C": 2666.59924908116, "gamma": 0.07109269996959507}, "datetime": {"datetime": "2021-06-28 15:49:13", "elapsed": 326.040396, "delta": 1.752009}}
{"target": -17.787191258044498, "params": {"C": 2332.65031405632, "gamma": 0.010796589813483163}, "datetime": {"datetime": "2021-06-28 15:49:16", "elapsed": 328.385988, "delta": 2.345592}}
{"target": -17.28425048206189, "params": {"C": 5086.775186201232, "gamma": 0.01213549353754625}, "datetime": {"datetime": "2021-06-28 15:49:18", "elapsed": 330.499258, "delta": 2.11327}}
{"target": -17.051184783339366, "params": {"C": 3547.5658284629167, "gamma": 0.06732101831207017}, "datetime": {"datetime": "2021-06-28 15:49:20", "elapsed": 332.291919, "delta": 1.792661}}
{"target": -16.58198008775325, "params": {"C": 3081.751978139506, "gamma": 0.029999579569614666}, "datetime": {"datetime": "2021-06-28 15:49:22", "elapsed": 334.746829, "delta": 2.45491}}
{"target": -16.612193506528254, "params": {"C": 2689.565589802927, "gamma": 0.054062538375795464}, "datetime": {"datetime": "2021-06-28 15:49:24", "elapsed": 336.903786, "delta": 2.156957}}
{"target": -16.748147094635883, "params": {"C": 1185.681950735176, "gamma": 0.04603693265169345}, "datetime": {"datetime": "2021-06-28 15:49:27", "elapsed": 339.416967, "delta": 2.513181}}
{"target": -16.80996308204594, "params": {"C": 5681.249998106775, "gamma": 0.04573461512115511}, "datetime": {"datetime": "2021-06-28 15:49:29", "elapsed": 342.036961, "delta": 2.619994}}
{"target": -17.639712326567427, "params": {"C": 4290.149386058202, "gamma": 0.07917930381168947}, "datetime": {"datetime": "2021-06-28 15:49:32", "elapsed": 344.481343, "delta": 2.444382}}
{"target": -17.507659040860823, "params": {"C": 2898.321141722175, "gamma": 0.01203666431666121}, "datetime": {"datetime": "2021-06-28 15:49:34", "elapsed": 346.378626, "delta": 1.897283}}
{"target": -16.649216973616628, "params": {"C": 2352.046605074536, "gamma": 0.05696382987226978}, "datetime": {"datetime": "2021-06-28 15:49:36", "elapsed": 348.280096, "delta": 1.90147}}
{"target": -17.830120021806128, "params": {"C": 7212.822715561459, "gamma": 0.07282821406470265}, "datetime": {"datetime": "2021-06-28 15:49:38", "elapsed": 350.9764, "delta": 2.696304}}
{"target": -18.69351895521171, "params": {"C": 4416.130375334009, "gamma": 0.1}, "datetime": {"datetime": "2021-06-28 15:49:40", "elapsed": 352.856007, "delta": 1.879607}}
{"target": -16.626132193427235, "params": {"C": 2414.7872205486246, "gamma": 0.02896423984919861}, "datetime": {"datetime": "2021-06-28 15:49:42", "elapsed": 354.925029, "delta": 2.069022}}
{"target": -16.731573910807867, "params": {"C": 4706.6324841375035, "gamma": 0.04825600837131811}, "datetime": {"datetime": "2021-06-28 15:49:45", "elapsed": 357.614852, "delta": 2.689823}}
{"target": -16.712307196640296, "params": {"C": 3496.5543268827732, "gamma": 0.05519652404999188}, "datetime": {"datetime": "2021-06-28 15:49:47", "elapsed": 360.043421, "delta": 2.428569}}
{"target": -17.357460647417504, "params": {"C": 5703.927488145708, "gamma": 0.06689186369493458}, "datetime": {"datetime": "2021-06-28 15:49:50", "elapsed": 363.172069, "delta": 3.128648}}
{"target": -16.8159457560544, "params": {"C": 5191.9005208548115, "gamma": 0.0499302429361647}, "datetime": {"datetime": "2021-06-28 15:49:53", "elapsed": 365.245988, "delta": 2.073919}}
{"target": -17.390919142399248, "params": {"C": 8806.012922990321, "gamma": 0.05726820209222936}, "datetime": {"datetime": "2021-06-28 15:49:55", "elapsed": 367.484076, "delta": 2.238088}}
{"target": -17.06803810367757, "params": {"C": 7494.44798310876, "gamma": 0.016130420903683718}, "datetime": {"datetime": "2021-06-28 15:49:57", "elapsed": 369.675496, "delta": 2.19142}}
{"target": -17.044459732638057, "params": {"C": 7180.401219726295, "gamma": 0.05013352448507884}, "datetime": {"datetime": "2021-06-28 15:49:59", "elapsed": 372.055512, "delta": 2.380016}}
{"target": -17.036439349012937, "params": {"C": 8841.419146905422, "gamma": 0.024636521123111557}, "datetime": {"datetime": "2021-06-28 15:50:02", "elapsed": 375.194356, "delta": 3.138844}}
{"target": -17.125084629964483, "params": {"C": 2716.599571000838, "gamma": 0.016875718402501762}, "datetime": {"datetime": "2021-06-28 15:50:05", "elapsed": 377.630817, "delta": 2.436461}}
{"target": -16.95989465997268, "params": {"C": 4218.832542781495, "gamma": 0.01776877226904041}, "datetime": {"datetime": "2021-06-28 15:50:07", "elapsed": 380.169189, "delta": 2.538372}}
{"target": -16.797646476231844, "params": {"C": 1367.5512724707698, "gamma": 0.03222135370321997}, "datetime": {"datetime": "2021-06-28 15:50:11", "elapsed": 383.418806, "delta": 3.249617}}
{"target": -16.971410088470417, "params": {"C": 7970.901729792358, "gamma": 0.03596633143174563}, "datetime": {"datetime": "2021-06-28 15:50:13", "elapsed": 385.819452, "delta": 2.400646}}
{"target": -17.73667202660594, "params": {"C": 6345.705846388216, "gamma": 0.07358814598897698}, "datetime": {"datetime": "2021-06-28 15:50:15", "elapsed": 388.193263, "delta": 2.373811}}
{"target": -16.962692358223055, "params": {"C": 7721.0400977125855, "gamma": 0.02278859335268147}, "datetime": {"datetime": "2021-06-28 15:50:19", "elapsed": 392.200217, "delta": 4.006954}}
{"target": -17.503926441657175, "params": {"C": 5157.409473560274, "gamma": 0.07258209448325803}, "datetime": {"datetime": "2021-06-28 15:50:22", "elapsed": 394.451261, "delta": 2.251044}}
{"target": -19.24782073625138, "params": {"C": 7931.669045392719, "gamma": 0.09562968517494078}, "datetime": {"datetime": "2021-06-28 15:50:25", "elapsed": 397.948001, "delta": 3.49674}}
{"target": -16.71341788664375, "params": {"C": 3126.237217288535, "gamma": 0.057163537160740935}, "datetime": {"datetime": "2021-06-28 15:50:29", "elapsed": 401.215848, "delta": 3.267847}}
{"target": -16.71855198013166, "params": {"C": 2935.92920099955, "gamma": 0.024633240002743383}, "datetime": {"datetime": "2021-06-28 15:50:33", "elapsed": 405.342234, "delta": 4.126386}}
{"target": -17.852786897881174, "params": {"C": 2948.124560210506, "gamma": 0.08998152947667311}, "datetime": {"datetime": "2021-06-28 15:50:35", "elapsed": 407.712267, "delta": 2.370033}}
{"target": -17.132184372082477, "params": {"C": 9276.795681735102, "gamma": 0.042163781027887225}, "datetime": {"datetime": "2021-06-28 15:50:38", "elapsed": 410.409323, "delta": 2.697056}}
{"target": -17.086227568532056, "params": {"C": 9381.175479119736, "gamma": 0.030940782380753817}, "datetime": {"datetime": "2021-06-28 15:50:40", "elapsed": 412.861267, "delta": 2.451944}}
{"target": -17.815284184753278, "params": {"C": 1380.2572036897702, "gamma": 0.09304836530099961}, "datetime": {"datetime": "2021-06-28 15:50:43", "elapsed": 415.861663, "delta": 3.000396}}
{"target": -18.51964002212855, "params": {"C": 7096.7705872873075, "gamma": 0.08617809901705435}, "datetime": {"datetime": "2021-06-28 15:50:46", "elapsed": 419.041147, "delta": 3.179484}}
{"target": -19.545322809178867, "params": {"C": 238.75482483905702, "gamma": 0.07055142781616534}, "datetime": {"datetime": "2021-06-28 15:50:50", "elapsed": 423.104275, "delta": 4.063128}}
{"target": -17.075411313236955, "params": {"C": 9235.595946001062, "gamma": 0.031789034732950604}, "datetime": {"datetime": "2021-06-28 15:50:53", "elapsed": 425.727721, "delta": 2.623446}}
{"target": -16.929394176618832, "params": {"C": 7608.1946657422295, "gamma": 0.028451054817029232}, "datetime": {"datetime": "2021-06-28 15:50:56", "elapsed": 428.466459, "delta": 2.738738}}
{"target": -18.26496311039816, "params": {"C": 7858.772872931659, "gamma": 0.07936922448249918}, "datetime": {"datetime": "2021-06-28 15:50:58", "elapsed": 431.195883, "delta": 2.729424}}
{"target": -17.02667846014741, "params": {"C": 4249.671544558299, "gamma": 0.016474886310964477}, "datetime": {"datetime": "2021-06-28 15:51:03", "elapsed": 435.243172, "delta": 4.047289}}
{"target": -16.68913341815817, "params": {"C": 1644.339036650452, "gamma": 0.0320829489957034}, "datetime": {"datetime": "2021-06-28 15:51:05", "elapsed": 437.925368, "delta": 2.682196}}
{"target": -16.58085114772581, "params": {"C": 1631.939282528278, "gamma": 0.04814607544621899}, "datetime": {"datetime": "2021-06-28 15:51:08", "elapsed": 441.042076, "delta": 3.116708}}
{"target": -17.10908915963218, "params": {"C": 9654.788072921676, "gamma": 0.030659237575863127}, "datetime": {"datetime": "2021-06-28 15:51:11", "elapsed": 443.568514, "delta": 2.526438}}
{"target": -17.71512047719118, "params": {"C": 538.8603200426645, "gamma": 0.05639338728721227}, "datetime": {"datetime": "2021-06-28 15:51:15", "elapsed": 447.217521, "delta": 3.649007}}
{"target": -24.38912170961244, "params": {"C": 61.86675799259216, "gamma": 0.09947576959267161}, "datetime": {"datetime": "2021-06-28 15:51:17", "elapsed": 449.742209, "delta": 2.524688}}
{"target": -18.400890387565198, "params": {"C": 8893.597051454468, "gamma": 0.07900794199048503}, "datetime": {"datetime": "2021-06-28 15:51:20", "elapsed": 452.289579, "delta": 2.54737}}
{"target": -18.375499704582264, "params": {"C": 7819.998770023785, "gamma": 0.08145733865436491}, "datetime": {"datetime": "2021-06-28 15:51:23", "elapsed": 455.848326, "delta": 3.558747}}
{"target": -16.9902419280148, "params": {"C": 7758.694187165765, "gamma": 0.020350819983293106}, "datetime": {"datetime": "2021-06-28 15:51:28", "elapsed": 460.976772, "delta": 5.128446}}
{"target": -19.624709419238386, "params": {"C": 324.5074491425364, "gamma": 0.01489440001040298}, "datetime": {"datetime": "2021-06-28 15:51:31", "elapsed": 463.750903, "delta": 2.774131}}
{"target": -19.648893749904637, "params": {"C": 9940.129147766806, "gamma": 0.09593910642608013}, "datetime": {"datetime": "2021-06-28 15:51:34", "elapsed": 466.469913, "delta": 2.71901}}
{"target": -17.945580173235857, "params": {"C": 6460.792463429467, "gamma": 0.07754394143316967}, "datetime": {"datetime": "2021-06-28 15:51:36", "elapsed": 469.000914, "delta": 2.531001}}
{"target": -18.951136084727583, "params": {"C": 6488.506485990646, "gamma": 0.09571396739847969}, "datetime": {"datetime": "2021-06-28 15:51:40", "elapsed": 472.452045, "delta": 3.451131}}
{"target": -16.857844009624685, "params": {"C": 5295.397503727448, "gamma": 0.05153759675047655}, "datetime": {"datetime": "2021-06-28 15:51:43", "elapsed": 475.755031, "delta": 3.302986}}
{"target": -17.316858083179827, "params": {"C": 5022.337334528804, "gamma": 0.01177352406857514}, "datetime": {"datetime": "2021-06-28 15:51:46", "elapsed": 478.73022, "delta": 2.975189}}
{"target": -17.14953896165525, "params": {"C": 5042.3019303407245, "gamma": 0.0140406867250076}, "datetime": {"datetime": "2021-06-28 15:51:48", "elapsed": 481.155107, "delta": 2.424887}}
{"target": -16.69909662647846, "params": {"C": 4999.738490255386, "gamma": 0.029260867516211188}, "datetime": {"datetime": "2021-06-28 15:51:51", "elapsed": 483.772374, "delta": 2.617267}}
{"target": -16.928344519516738, "params": {"C": 5560.025996133075, "gamma": 0.053397076450602064}, "datetime": {"datetime": "2021-06-28 15:51:55", "elapsed": 487.390029, "delta": 3.617655}}
{"target": -17.30914509381352, "params": {"C": 8326.883589664816, "gamma": 0.05617587371254477}, "datetime": {"datetime": "2021-06-28 15:51:58", "elapsed": 490.311273, "delta": 2.921244}}
