{"target": 0.8845220649657815, "params": {"C": 41835.14690052268, "gamma": 0.18788797879687072}, "datetime": {"datetime": "2021-10-01 01:53:24", "elapsed": 469.571648, "delta": 2.363433}}
{"target": 0.9055880919035243, "params": {"C": 15734.555235321906, "gamma": 0.07208475821999114}, "datetime": {"datetime": "2021-10-01 01:53:25", "elapsed": 471.367328, "delta": 1.79568}}
{"target": 0.8834109288876177, "params": {"C": 43726.88662958035, "gamma": 0.19194756744818292}, "datetime": {"datetime": "2021-10-01 01:53:28", "elapsed": 473.402335, "delta": 2.035007}}
{"target": 0.8849325793658068, "params": {"C": 47156.69267942047, "gamma": 0.18600061386688935}, "datetime": {"datetime": "2021-10-01 01:53:30", "elapsed": 475.669987, "delta": 2.267652}}
{"target": 0.8898327066392604, "params": {"C": 6504.374439272144, "gamma": 0.10591246901127765}, "datetime": {"datetime": "2021-10-01 01:53:32", "elapsed": 477.98002, "delta": 2.310033}}
{"target": 0.9078487933415591, "params": {"C": 44181.073818847355, "gamma": 0.054513604129641104}, "datetime": {"datetime": "2021-10-01 01:53:35", "elapsed": 480.89186, "delta": 2.91184}}
{"target": 0.9042008532652341, "params": {"C": 41155.303543974806, "gamma": 0.049838593648703425}, "datetime": {"datetime": "2021-10-01 01:53:37", "elapsed": 482.904162, "delta": 2.012302}}
{"target": 0.8445440568997838, "params": {"C": 21323.680496580833, "gamma": 0.01037655758870424}, "datetime": {"datetime": "2021-10-01 01:53:40", "elapsed": 486.358705, "delta": 3.454543}}
{"target": 0.8813703621800384, "params": {"C": 14008.966855847959, "gamma": 0.18746153053416054}, "datetime": {"datetime": "2021-10-01 01:53:43", "elapsed": 489.106298, "delta": 2.747593}}
{"target": 0.8935730588017834, "params": {"C": 45166.734753071665, "gamma": 0.15353135194610149}, "datetime": {"datetime": "2021-10-01 01:53:47", "elapsed": 493.267478, "delta": 4.16118}}
{"target": 0.9032989728893455, "params": {"C": 17025.159237304637, "gamma": 0.06262598470000955}, "datetime": {"datetime": "2021-10-01 01:53:51", "elapsed": 496.520754, "delta": 3.253276}}
{"target": 0.9121914992107734, "params": {"C": 31920.878115642972, "gamma": 0.08043034383347428}, "datetime": {"datetime": "2021-10-01 01:53:53", "elapsed": 499.092659, "delta": 2.571905}}
{"target": 0.8849647106853088, "params": {"C": 48080.66353754573, "gamma": 0.1858010233465383}, "datetime": {"datetime": "2021-10-01 01:53:56", "elapsed": 501.939427, "delta": 2.846768}}
{"target": 0.8966025995235727, "params": {"C": 45055.459475069125, "gamma": 0.14234076313857658}, "datetime": {"datetime": "2021-10-01 01:54:00", "elapsed": 505.486994, "delta": 3.547567}}
{"target": 0.8846333121654567, "params": {"C": 47816.37847618327, "gamma": 0.18708849844737327}, "datetime": {"datetime": "2021-10-01 01:54:02", "elapsed": 508.267268, "delta": 2.780274}}
{"target": 0.8946923629224064, "params": {"C": 14053.77186920604, "gamma": 0.14418185690634872}, "datetime": {"datetime": "2021-10-01 01:54:06", "elapsed": 511.644478, "delta": 3.37721}}
{"target": 0.9020107955697083, "params": {"C": 25073.066704874473, "gamma": 0.1279490451521901}, "datetime": {"datetime": "2021-10-01 01:54:08", "elapsed": 513.930353, "delta": 2.285875}}
{"target": 0.8641282256648843, "params": {"C": 22585.45182538723, "gamma": 0.02125189827663231}, "datetime": {"datetime": "2021-10-01 01:54:10", "elapsed": 516.233587, "delta": 2.303234}}
{"target": 0.8722033148787158, "params": {"C": 5361.621582724629, "gamma": 0.15469720834698447}, "datetime": {"datetime": "2021-10-01 01:54:13", "elapsed": 518.585873, "delta": 2.352286}}
{"target": 0.8907293253387488, "params": {"C": 20112.681086089986, "gamma": 0.1640719832158038}, "datetime": {"datetime": "2021-10-01 01:54:15", "elapsed": 521.048563, "delta": 2.46269}}
{"target": 0.8804147172994965, "params": {"C": 5317.384342420223, "gamma": 0.12357625696678667}, "datetime": {"datetime": "2021-10-01 01:54:18", "elapsed": 523.393025, "delta": 2.344462}}
{"target": 0.9121081942208896, "params": {"C": 45904.27204764021, "gamma": 0.0788915941328559}, "datetime": {"datetime": "2021-10-01 01:54:20", "elapsed": 525.63534, "delta": 2.242315}}
{"target": 0.8986049198514731, "params": {"C": 39258.85780882771, "gamma": 0.13705445937411304}, "datetime": {"datetime": "2021-10-01 01:54:24", "elapsed": 529.413315, "delta": 3.777975}}
{"target": 0.8818390016039374, "params": {"C": 42312.29689193502, "gamma": 0.19782474777970374}, "datetime": {"datetime": "2021-10-01 01:54:26", "elapsed": 531.804756, "delta": 2.391441}}
{"target": 0.9009858675178886, "params": {"C": 23756.36569385866, "gamma": 0.13128501068068077}, "datetime": {"datetime": "2021-10-01 01:54:30", "elapsed": 536.152579, "delta": 4.347823}}
{"target": 0.9111207793550739, "params": {"C": 25634.021802654384, "gamma": 0.08680608685216167}, "datetime": {"datetime": "2021-10-01 01:54:34", "elapsed": 539.884434, "delta": 3.731855}}
{"target": 0.9065300495754228, "params": {"C": 39458.675156306665, "gamma": 0.053443496285748585}, "datetime": {"datetime": "2021-10-01 01:54:37", "elapsed": 542.914068, "delta": 3.029634}}
{"target": 0.8925745648192441, "params": {"C": 47627.72331032593, "gamma": 0.1566698208171428}, "datetime": {"datetime": "2021-10-01 01:54:41", "elapsed": 546.471993, "delta": 3.557925}}
{"target": 0.9028937677644069, "params": {"C": 11759.635028360422, "gamma": 0.08086425134769365}, "datetime": {"datetime": "2021-10-01 01:54:44", "elapsed": 549.578832, "delta": 3.106839}}
{"target": 0.9009335433224828, "params": {"C": 23824.064361607027, "gamma": 0.13147557248974603}, "datetime": {"datetime": "2021-10-01 01:54:48", "elapsed": 553.472105, "delta": 3.893273}}
{"target": 0.9062692301386609, "params": {"C": 32248.97305716222, "gamma": 0.1121844773366525}, "datetime": {"datetime": "2021-10-01 01:54:51", "elapsed": 557.143617, "delta": 3.671512}}
{"target": 0.9030162641322584, "params": {"C": 18827.31131914296, "gamma": 0.059503681825349194}, "datetime": {"datetime": "2021-10-01 01:54:54", "elapsed": 559.568711, "delta": 2.425094}}
{"target": 0.9106635634693814, "params": {"C": 46622.16303961219, "gamma": 0.08803283225327238}, "datetime": {"datetime": "2021-10-01 01:54:56", "elapsed": 562.116163, "delta": 2.547452}}
{"target": 0.9118131641323723, "params": {"C": 49929.19214962286, "gamma": 0.0785220434153404}, "datetime": {"datetime": "2021-10-01 01:54:59", "elapsed": 564.696724, "delta": 2.580561}}
{"target": 0.9113611432749167, "params": {"C": 25691.930919718037, "gamma": 0.08168305826605253}, "datetime": {"datetime": "2021-10-01 01:55:01", "elapsed": 567.223739, "delta": 2.527015}}
{"target": 0.8658422360074659, "params": {"C": 33171.45906183304, "gamma": 0.022064168870587146}, "datetime": {"datetime": "2021-10-01 01:55:04", "elapsed": 569.901596, "delta": 2.677857}}
{"target": 0.9089321311775693, "params": {"C": 21193.758292597653, "gamma": 0.0975505129395424}, "datetime": {"datetime": "2021-10-01 01:55:08", "elapsed": 573.652295, "delta": 3.750699}}
{"target": 0.8546265910754338, "params": {"C": 25639.384639401953, "gamma": 0.013728894624692109}, "datetime": {"datetime": "2021-10-01 01:55:10", "elapsed": 575.931982, "delta": 2.279687}}
{"target": 0.8802981719515685, "params": {"C": 19643.789870160123, "gamma": 0.1982460364466833}, "datetime": {"datetime": "2021-10-01 01:55:13", "elapsed": 578.430797, "delta": 2.498815}}
{"target": 0.8678693418442425, "params": {"C": 5220.451240344952, "gamma": 0.16546161611794766}, "datetime": {"datetime": "2021-10-01 01:55:16", "elapsed": 582.025919, "delta": 3.595122}}
{"target": 0.8857278407303613, "params": {"C": 30256.21383804227, "gamma": 0.03603623609553759}, "datetime": {"datetime": "2021-10-01 01:55:19", "elapsed": 584.496294, "delta": 2.470375}}
{"target": 0.9080842683389966, "params": {"C": 41697.99515244183, "gamma": 0.10189769587850722}, "datetime": {"datetime": "2021-10-01 01:55:21", "elapsed": 587.106981, "delta": 2.610687}}
{"target": 0.8996639970121338, "params": {"C": 29535.600329603505, "gamma": 0.13576828278569583}, "datetime": {"datetime": "2021-10-01 01:55:24", "elapsed": 589.459262, "delta": 2.352281}}
{"target": 0.8638635834951137, "params": {"C": 11453.575927725913, "gamma": 0.024907690059803856}, "datetime": {"datetime": "2021-10-01 01:55:27", "elapsed": 593.075786, "delta": 3.616524}}
{"target": 0.8982969119214387, "params": {"C": 9161.281875849367, "gamma": 0.08066395437013624}, "datetime": {"datetime": "2021-10-01 01:55:31", "elapsed": 597.049697, "delta": 3.973911}}
{"target": 0.8973223334549475, "params": {"C": 35252.678924348336, "gamma": 0.1426545059178078}, "datetime": {"datetime": "2021-10-01 01:55:34", "elapsed": 599.768825, "delta": 2.719128}}
{"target": 0.9121937254877509, "params": {"C": 49605.94157898466, "gamma": 0.06914888709375443}, "datetime": {"datetime": "2021-10-01 01:55:36", "elapsed": 602.276902, "delta": 2.508077}}
{"target": 0.8987994213418207, "params": {"C": 28011.818667183703, "gamma": 0.1388377782139478}, "datetime": {"datetime": "2021-10-01 01:55:40", "elapsed": 605.775796, "delta": 3.498894}}
{"target": 0.8870449505336295, "params": {"C": 15759.792234554903, "gamma": 0.17208814470554665}, "datetime": {"datetime": "2021-10-01 01:55:42", "elapsed": 608.285698, "delta": 2.509902}}
{"target": 0.8842951669693376, "params": {"C": 48477.38378483225, "gamma": 0.18832820820390914}, "datetime": {"datetime": "2021-10-01 01:55:45", "elapsed": 610.694011, "delta": 2.408313}}
{"target": 0.9048531535318819, "params": {"C": 44195.40515150747, "gamma": 0.0500527359673434}, "datetime": {"datetime": "2021-10-01 01:55:51", "elapsed": 616.572011, "delta": 5.878}}
{"target": 0.9100174906406469, "params": {"C": 46037.342825277985, "gamma": 0.09151885959546903}, "datetime": {"datetime": "2021-10-01 01:55:54", "elapsed": 620.140285, "delta": 3.568274}}
{"target": 0.8823505698023579, "params": {"C": 30300.188199042197, "gamma": 0.1953508243767083}, "datetime": {"datetime": "2021-10-01 01:55:57", "elapsed": 622.751483, "delta": 2.611198}}
{"target": 0.8893133784868679, "params": {"C": 40225.8785891629, "gamma": 0.17028958069769667}, "datetime": {"datetime": "2021-10-01 01:55:59", "elapsed": 624.989917, "delta": 2.238434}}
{"target": 0.8628330780493103, "params": {"C": 47516.826190530075, "gamma": 0.01990678920383646}, "datetime": {"datetime": "2021-10-01 01:56:02", "elapsed": 627.900627, "delta": 2.91071}}
{"target": 0.8982017743840851, "params": {"C": 20371.92124826587, "gamma": 0.13956530603696402}, "datetime": {"datetime": "2021-10-01 01:56:05", "elapsed": 630.861045, "delta": 2.960418}}
{"target": 0.8808230792289531, "params": {"C": 6630.710964596383, "gamma": 0.14792685419094878}, "datetime": {"datetime": "2021-10-01 01:56:08", "elapsed": 633.954784, "delta": 3.093739}}
{"target": 0.8868090483067329, "params": {"C": 38722.107595508416, "gamma": 0.03545876789560515}, "datetime": {"datetime": "2021-10-01 01:56:12", "elapsed": 638.360623, "delta": 4.405839}}
{"target": 0.9087498629696473, "params": {"C": 22162.458355695624, "gamma": 0.09991978962202609}, "datetime": {"datetime": "2021-10-01 01:56:15", "elapsed": 641.253153, "delta": 2.89253}}
{"target": 0.8945118255264606, "params": {"C": 39144.77102254942, "gamma": 0.15160867442566525}, "datetime": {"datetime": "2021-10-01 01:56:18", "elapsed": 643.917257, "delta": 2.664104}}
{"target": 0.9029072231992066, "params": {"C": 12455.427436665816, "gamma": 0.10527869606274257}, "datetime": {"datetime": "2021-10-01 01:56:21", "elapsed": 646.637983, "delta": 2.720726}}
{"target": 0.8893712748163425, "params": {"C": 44879.440213456044, "gamma": 0.16939803484441682}, "datetime": {"datetime": "2021-10-01 01:56:24", "elapsed": 649.431735, "delta": 2.793752}}
{"target": 0.8628662606190923, "params": {"C": 42766.948568125656, "gamma": 0.019780004439922845}, "datetime": {"datetime": "2021-10-01 01:56:28", "elapsed": 654.09852, "delta": 4.666785}}
{"target": 0.8144677746064579, "params": {"C": 49444.75058334116, "gamma": 0.0031624439187429732}, "datetime": {"datetime": "2021-10-01 01:56:31", "elapsed": 657.090722, "delta": 2.992202}}
{"target": 0.8873828542883259, "params": {"C": 40484.95674401571, "gamma": 0.17737548658436808}, "datetime": {"datetime": "2021-10-01 01:56:35", "elapsed": 661.260081, "delta": 4.169359}}
{"target": 0.9116751528140703, "params": {"C": 48322.707963656525, "gamma": 0.06437480828896554}, "datetime": {"datetime": "2021-10-01 01:56:38", "elapsed": 664.000326, "delta": 2.740245}}
{"target": 0.9102142094299392, "params": {"C": 30212.7239762557, "gamma": 0.09587236824665499}, "datetime": {"datetime": "2021-10-01 01:56:41", "elapsed": 666.588015, "delta": 2.587689}}
{"target": 0.9088017431912059, "params": {"C": 23710.431092532337, "gamma": 0.06709449832884697}, "datetime": {"datetime": "2021-10-01 01:56:44", "elapsed": 669.562325, "delta": 2.97431}}
{"target": 0.8899155710981319, "params": {"C": 44037.77338857774, "gamma": 0.1674849635364153}, "datetime": {"datetime": "2021-10-01 01:56:48", "elapsed": 673.536954, "delta": 3.974629}}
{"target": 0.9004321328742625, "params": {"C": 33899.66938832743, "gamma": 0.04738613657765224}, "datetime": {"datetime": "2021-10-01 01:56:51", "elapsed": 677.17388, "delta": 3.636926}}
{"target": 0.9036261491431987, "params": {"C": 49060.71385319193, "gamma": 0.0477858194662608}, "datetime": {"datetime": "2021-10-01 01:56:54", "elapsed": 680.182713, "delta": 3.008833}}
{"target": 0.8850908778714691, "params": {"C": 41542.8646748928, "gamma": 0.03402534267312987}, "datetime": {"datetime": "2021-10-01 01:56:59", "elapsed": 684.708461, "delta": 4.525748}}
{"target": 0.9115685670560448, "params": {"C": 37045.871473211206, "gamma": 0.0872774945363252}, "datetime": {"datetime": "2021-10-01 01:57:02", "elapsed": 687.824297, "delta": 3.115836}}
{"target": 0.8817240579139549, "params": {"C": 24869.624136638377, "gamma": 0.19624960583869938}, "datetime": {"datetime": "2021-10-01 01:57:05", "elapsed": 691.36732, "delta": 3.543023}}
{"target": 0.8975998515074075, "params": {"C": 26678.75814725806, "gamma": 0.14290754249866364}, "datetime": {"datetime": "2021-10-01 01:57:10", "elapsed": 695.476611, "delta": 4.109291}}
{"target": 0.8889287813552085, "params": {"C": 40932.41892970397, "gamma": 0.1716169493118343}, "datetime": {"datetime": "2021-10-01 01:57:14", "elapsed": 699.790284, "delta": 4.313673}}
{"target": 0.9113618909458622, "params": {"C": 33302.89028312021, "gamma": 0.0892437666711224}, "datetime": {"datetime": "2021-10-01 01:57:16", "elapsed": 702.136098, "delta": 2.345814}}
{"target": 0.8127174866566294, "params": {"C": 25555.45903302412, "gamma": 0.00436190313828681}, "datetime": {"datetime": "2021-10-01 01:57:19", "elapsed": 704.787366, "delta": 2.651268}}
{"target": 0.883841345880691, "params": {"C": 46037.14934884967, "gamma": 0.19021674662540636}, "datetime": {"datetime": "2021-10-01 01:57:23", "elapsed": 708.541299, "delta": 3.753933}}
{"target": 0.8940296347886794, "params": {"C": 33717.60840995138, "gamma": 0.15437640719042572}, "datetime": {"datetime": "2021-10-01 01:57:27", "elapsed": 712.468725, "delta": 3.927426}}
{"target": 0.839697738563417, "params": {"C": 5244.335476321592, "gamma": 0.01966091151558845}, "datetime": {"datetime": "2021-10-01 01:57:29", "elapsed": 715.348587, "delta": 2.879862}}
{"target": 0.9120398486931947, "params": {"C": 43751.68333050506, "gamma": 0.08094997450144958}, "datetime": {"datetime": "2021-10-01 01:57:32", "elapsed": 717.914083, "delta": 2.565496}}
{"target": 0.9083062257080294, "params": {"C": 22242.716772186577, "gamma": 0.0674836710732955}, "datetime": {"datetime": "2021-10-01 01:57:37", "elapsed": 722.486161, "delta": 4.572078}}
{"target": 0.8901393494856296, "params": {"C": 35040.032477394525, "gamma": 0.1678893095193028}, "datetime": {"datetime": "2021-10-01 01:57:41", "elapsed": 726.671004, "delta": 4.184843}}
{"target": 0.8993454698181708, "params": {"C": 46631.80126668641, "gamma": 0.13171716161917515}, "datetime": {"datetime": "2021-10-01 01:57:44", "elapsed": 730.026953, "delta": 3.355949}}
{"target": 0.9115704908229921, "params": {"C": 47474.18719271918, "gamma": 0.06386455865114796}, "datetime": {"datetime": "2021-10-01 01:57:49", "elapsed": 734.534538, "delta": 4.507585}}
{"target": 0.8881533471737759, "params": {"C": 48322.60967759691, "gamma": 0.1735192123400985}, "datetime": {"datetime": "2021-10-01 01:57:55", "elapsed": 741.308754, "delta": 6.774216}}
{"target": 0.8246940562947522, "params": {"C": 41476.90473452501, "gamma": 0.004399254990308049}, "datetime": {"datetime": "2021-10-01 01:57:58", "elapsed": 744.234381, "delta": 2.925627}}
{"target": 0.9069784458415501, "params": {"C": 45643.90565195255, "gamma": 0.10426798508835902}, "datetime": {"datetime": "2021-10-01 01:58:05", "elapsed": 750.938285, "delta": 6.703904}}
{"target": 0.8931165762739728, "params": {"C": 10843.983589749867, "gamma": 0.139562255801769}, "datetime": {"datetime": "2021-10-01 01:58:08", "elapsed": 753.660364, "delta": 2.722079}}
{"target": 0.9116659438326936, "params": {"C": 27322.044876897875, "gamma": 0.0799225179459754}, "datetime": {"datetime": "2021-10-01 01:58:11", "elapsed": 756.425952, "delta": 2.765588}}
{"target": 0.893468239571482, "params": {"C": 21568.57950267247, "gamma": 0.04510036468821663}, "datetime": {"datetime": "2021-10-01 01:58:14", "elapsed": 760.128085, "delta": 3.702133}}
{"target": 0.9056441400822406, "params": {"C": 46576.66612562592, "gamma": 0.10880927966876978}, "datetime": {"datetime": "2021-10-01 01:58:19", "elapsed": 764.911418, "delta": 4.783333}}
{"target": 0.9021243340037804, "params": {"C": 41679.14209174975, "gamma": 0.12375823595456154}, "datetime": {"datetime": "2021-10-01 01:58:23", "elapsed": 768.785975, "delta": 3.874557}}
{"target": 0.9115436316747991, "params": {"C": 37719.94956628037, "gamma": 0.08724580080488231}, "datetime": {"datetime": "2021-10-01 01:58:27", "elapsed": 772.463973, "delta": 3.677998}}
{"target": 0.8897942826919788, "params": {"C": 37720.021631454314, "gamma": 0.16884477155285807}, "datetime": {"datetime": "2021-10-01 01:58:32", "elapsed": 778.067699, "delta": 5.603726}}
{"target": 0.8935168113874787, "params": {"C": 46341.33316328174, "gamma": 0.15343177754688594}, "datetime": {"datetime": "2021-10-01 01:58:35", "elapsed": 780.494654, "delta": 2.426955}}
{"target": 0.8935949532128681, "params": {"C": 25691.856419681342, "gamma": 0.04345925308095608}, "datetime": {"datetime": "2021-10-01 01:58:39", "elapsed": 784.786796, "delta": 4.292142}}
{"target": 0.8821522059049778, "params": {"C": 30774.06889911801, "gamma": 0.19611653928911887}, "datetime": {"datetime": "2021-10-01 01:58:43", "elapsed": 789.26023, "delta": 4.473434}}
{"target": 0.8922461228884793, "params": {"C": 38721.792384619774, "gamma": 0.15983904090889373}, "datetime": {"datetime": "2021-10-01 01:58:47", "elapsed": 793.369494, "delta": 4.109264}}
{"target": 0.9099334413525983, "params": {"C": 37719.938587460325, "gamma": 0.09577191184338261}, "datetime": {"datetime": "2021-10-01 01:58:50", "elapsed": 795.846774, "delta": 2.47728}}
{"target": 0.8725215218292931, "params": {"C": 48322.773774816036, "gamma": 0.026203883066852753}, "datetime": {"datetime": "2021-10-01 01:58:56", "elapsed": 801.436648, "delta": 5.589874}}
{"target": 0.9075110156195172, "params": {"C": 47201.98543739363, "gamma": 0.10140287665093216}, "datetime": {"datetime": "2021-10-01 01:59:00", "elapsed": 806.005423, "delta": 4.568775}}
{"target": 0.9093069740722212, "params": {"C": 32950.9321934929, "gamma": 0.0999335406007942}, "datetime": {"datetime": "2021-10-01 01:59:03", "elapsed": 809.075641, "delta": 3.070218}}
{"target": 0.9073304079484676, "params": {"C": 41476.69116312358, "gamma": 0.05421805494615759}, "datetime": {"datetime": "2021-10-01 01:59:08", "elapsed": 813.877762, "delta": 4.802121}}
{"target": 0.8199253532319193, "params": {"C": 6891.50771737601, "gamma": 0.010879507062650628}, "datetime": {"datetime": "2021-10-01 01:59:11", "elapsed": 816.521432, "delta": 2.64367}}
{"target": 0.8930651189785246, "params": {"C": 39639.625603708184, "gamma": 0.15670328063338534}, "datetime": {"datetime": "2021-10-01 01:59:17", "elapsed": 822.427025, "delta": 5.905593}}
{"target": 0.8933955029764784, "params": {"C": 7732.506018358572, "gamma": 0.0739638413140802}, "datetime": {"datetime": "2021-10-01 01:59:19", "elapsed": 824.733554, "delta": 2.306529}}
{"target": 0.8885861700327814, "params": {"C": 28191.154540814732, "gamma": 0.1734062447474254}, "datetime": {"datetime": "2021-10-01 01:59:23", "elapsed": 829.015241, "delta": 4.281687}}
{"target": 0.9017047627678874, "params": {"C": 36786.957564218654, "gamma": 0.12703426535595339}, "datetime": {"datetime": "2021-10-01 01:59:26", "elapsed": 832.0856, "delta": 3.070359}}
{"target": 0.8574938246482853, "params": {"C": 40932.385499183474, "gamma": 0.01457959527828169}, "datetime": {"datetime": "2021-10-01 01:59:30", "elapsed": 836.056432, "delta": 3.970832}}
{"target": 0.9112718402973857, "params": {"C": 46576.73123067691, "gamma": 0.08468591267512923}, "datetime": {"datetime": "2021-10-01 01:59:35", "elapsed": 840.38647, "delta": 4.330038}}
{"target": 0.8922849554261887, "params": {"C": 21859.87676096861, "gamma": 0.15975488753858044}, "datetime": {"datetime": "2021-10-01 01:59:38", "elapsed": 844.00164, "delta": 3.61517}}
{"target": 0.8905817068535863, "params": {"C": 41362.67664668257, "gamma": 0.16545185836844326}, "datetime": {"datetime": "2021-10-01 01:59:41", "elapsed": 846.434964, "delta": 2.433324}}
{"target": 0.8996450194771238, "params": {"C": 29304.319271128017, "gamma": 0.04803394616826129}, "datetime": {"datetime": "2021-10-01 01:59:44", "elapsed": 849.592562, "delta": 3.157598}}
{"target": 0.8938704854211779, "params": {"C": 8378.365571938244, "gamma": 0.06913983335172845}, "datetime": {"datetime": "2021-10-01 01:59:46", "elapsed": 852.340243, "delta": 2.747681}}
{"target": 0.9074708977695957, "params": {"C": 25708.74978903371, "gamma": 0.10785950316028485}, "datetime": {"datetime": "2021-10-01 01:59:50", "elapsed": 855.401625, "delta": 3.061382}}
