{"target": -24.718563013386603, "params": {"C": 1576.914989167374, "gamma": 0.3516194887015116}, "datetime": {"datetime": "2021-06-28 16:18:31", "elapsed": 118.350549, "delta": 1.000257}}
{"target": -21.910829331198233, "params": {"C": 1031.8435719386284, "gamma": 0.21490592085367202}, "datetime": {"datetime": "2021-06-28 16:18:32", "elapsed": 119.278166, "delta": 0.927617}}
{"target": -36.874930408888254, "params": {"C": 3978.344219401705, "gamma": 1.4655758087218305}, "datetime": {"datetime": "2021-06-28 16:18:33", "elapsed": 120.289906, "delta": 1.01174}}
{"target": -17.348749187923218, "params": {"C": 1033.1190931704082, "gamma": 0.07496087207667188}, "datetime": {"datetime": "2021-06-28 16:18:34", "elapsed": 121.215743, "delta": 0.925837}}
{"target": -18.320990024596608, "params": {"C": 1585.355035989617, "gamma": 0.10621952549391303}, "datetime": {"datetime": "2021-06-28 16:18:35", "elapsed": 122.097821, "delta": 0.882078}}
{"target": -47.460082334912435, "params": {"C": 3671.100560033195, "gamma": 7.369563272502714}, "datetime": {"datetime": "2021-06-28 16:18:36", "elapsed": 122.937825, "delta": 0.840004}}
{"target": -16.58559714905384, "params": {"C": 1579.4261454965335, "gamma": 0.041316574029239106}, "datetime": {"datetime": "2021-06-28 16:18:37", "elapsed": 124.078361, "delta": 1.140536}}
{"target": -48.890590610759425, "params": {"C": 9016.932800253046, "gamma": 8.184245078071472}, "datetime": {"datetime": "2021-06-28 16:18:38", "elapsed": 124.98521, "delta": 0.906849}}
{"target": -41.0829900359045, "params": {"C": 3975.7604546202515, "gamma": 2.2818224009174197}, "datetime": {"datetime": "2021-06-28 16:18:39", "elapsed": 126.041738, "delta": 1.056528}}
{"target": -23.702437379728497, "params": {"C": 5166.130564208556, "gamma": 0.2144926671101784}, "datetime": {"datetime": "2021-06-28 16:18:40", "elapsed": 126.849739, "delta": 0.808001}}
{"target": -22.55057100032883, "params": {"C": 1581.004419504185, "gamma": 0.23430607093477393}, "datetime": {"datetime": "2021-06-28 16:18:41", "elapsed": 127.733739, "delta": 0.884}}
{"target": -22.46138764912602, "params": {"C": 1036.6604702227282, "gamma": 0.23789138543754865}, "datetime": {"datetime": "2021-06-28 16:18:41", "elapsed": 128.644642, "delta": 0.910903}}
{"target": -48.9470053097434, "params": {"C": 8743.156944070273, "gamma": 8.424676015420756}, "datetime": {"datetime": "2021-06-28 16:18:42", "elapsed": 129.482275, "delta": 0.837633}}
{"target": -23.472849821412385, "params": {"C": 1638.42774618885, "gamma": 0.2764669134441628}, "datetime": {"datetime": "2021-06-28 16:18:43", "elapsed": 130.375915, "delta": 0.89364}}
{"target": -48.90065612590506, "params": {"C": 8929.824467873224, "gamma": 8.236745011592337}, "datetime": {"datetime": "2021-06-28 16:18:44", "elapsed": 131.120567, "delta": 0.744652}}
{"target": -25.44975543092963, "params": {"C": 1581.2155623463796, "gamma": 0.4022981205150996}, "datetime": {"datetime": "2021-06-28 16:18:45", "elapsed": 132.001907, "delta": 0.88134}}
{"target": -47.47606180893572, "params": {"C": 4120.089752847414, "gamma": 7.022732027330195}, "datetime": {"datetime": "2021-06-28 16:18:46", "elapsed": 132.734133, "delta": 0.732226}}
{"target": -25.14819103529609, "params": {"C": 1583.3036317440956, "gamma": 0.3807319695128726}, "datetime": {"datetime": "2021-06-28 16:18:47", "elapsed": 133.950767, "delta": 1.216634}}
{"target": -22.071931073126255, "params": {"C": 1035.4177653094998, "gamma": 0.2213863937026235}, "datetime": {"datetime": "2021-06-28 16:18:48", "elapsed": 134.785438, "delta": 0.834671}}
{"target": -16.881575372770154, "params": {"C": 1580.3489267043954, "gamma": 0.02661987757621323}, "datetime": {"datetime": "2021-06-28 16:18:49", "elapsed": 135.784122, "delta": 0.998684}}
{"target": -44.83600572232183, "params": {"C": 3520.681282779507, "gamma": 4.023111815347761}, "datetime": {"datetime": "2021-06-28 16:18:49", "elapsed": 136.499304, "delta": 0.715182}}
{"target": -20.858525764544165, "params": {"C": 1032.4813062663588, "gamma": 0.17678608856874672}, "datetime": {"datetime": "2021-06-28 16:18:50", "elapsed": 137.616302, "delta": 1.116998}}
{"target": -29.15813223715403, "params": {"C": 1584.1151830875183, "gamma": 0.702883102503897}, "datetime": {"datetime": "2021-06-28 16:18:51", "elapsed": 138.574107, "delta": 0.957805}}
{"target": -21.662905169338963, "params": {"C": 1638.521405194168, "gamma": 0.19901930067639662}, "datetime": {"datetime": "2021-06-28 16:18:52", "elapsed": 139.579681, "delta": 1.005574}}
{"target": -34.99582073045795, "params": {"C": 9304.881157946911, "gamma": 1.1612625599632358}, "datetime": {"datetime": "2021-06-28 16:18:54", "elapsed": 140.757781, "delta": 1.1781}}
{"target": -23.61017306720247, "params": {"C": 1632.931242582858, "gamma": 0.2838386984112675}, "datetime": {"datetime": "2021-06-28 16:18:55", "elapsed": 141.960462, "delta": 1.202681}}
{"target": -22.510849556817636, "params": {"C": 3977.028685189017, "gamma": 0.1894344680187277}, "datetime": {"datetime": "2021-06-28 16:18:56", "elapsed": 143.081906, "delta": 1.121444}}
{"target": -48.89014357887602, "params": {"C": 7190.691150060422, "gamma": 8.871461006005765}, "datetime": {"datetime": "2021-06-28 16:18:57", "elapsed": 144.020959, "delta": 0.939053}}
{"target": -23.485215915107048, "params": {"C": 1036.6679535429469, "gamma": 0.2875011065773821}, "datetime": {"datetime": "2021-06-28 16:18:58", "elapsed": 144.925601, "delta": 0.904642}}
{"target": -27.09305689152579, "params": {"C": 6545.405777026512, "gamma": 0.4369668866468919}, "datetime": {"datetime": "2021-06-28 16:18:59", "elapsed": 146.175495, "delta": 1.249894}}
{"target": -27.308984468921444, "params": {"C": 1580.4294560286064, "gamma": 0.5469348263776107}, "datetime": {"datetime": "2021-06-28 16:19:00", "elapsed": 147.282495, "delta": 1.107}}
{"target": -22.945793821874997, "params": {"C": 3973.716654819414, "gamma": 0.20388605950342276}, "datetime": {"datetime": "2021-06-28 16:19:01", "elapsed": 148.370862, "delta": 1.088367}}
{"target": -17.26731614450471, "params": {"C": 1035.9878264652143, "gamma": 0.07210976960562836}, "datetime": {"datetime": "2021-06-28 16:19:02", "elapsed": 149.486485, "delta": 1.115623}}
{"target": -45.115268588171226, "params": {"C": 3857.1363388145855, "gamma": 4.145833561122152}, "datetime": {"datetime": "2021-06-28 16:19:03", "elapsed": 150.467074, "delta": 0.980589}}
{"target": -21.252240645077432, "params": {"C": 1034.277281725159, "gamma": 0.1902540239381291}, "datetime": {"datetime": "2021-06-28 16:19:04", "elapsed": 151.545737, "delta": 1.078663}}
{"target": -16.910166588618278, "params": {"C": 1036.6148761810687, "gamma": 0.037826709481572865}, "datetime": {"datetime": "2021-06-28 16:19:05", "elapsed": 152.560725, "delta": 1.014988}}
{"target": -16.620911103339168, "params": {"C": 1578.299375361601, "gamma": 0.037113973662769334}, "datetime": {"datetime": "2021-06-28 16:19:06", "elapsed": 153.48073, "delta": 0.920005}}
{"target": -39.51376569583624, "params": {"C": 2923.898438957882, "gamma": 1.9722639188369102}, "datetime": {"datetime": "2021-06-28 16:19:07", "elapsed": 154.55111, "delta": 1.07038}}
{"target": -16.689129510700475, "params": {"C": 1637.9747597660548, "gamma": 0.03216997964674503}, "datetime": {"datetime": "2021-06-28 16:19:09", "elapsed": 155.762167, "delta": 1.211057}}
{"target": -24.25545999944938, "params": {"C": 1579.223440805686, "gamma": 0.3221257263175054}, "datetime": {"datetime": "2021-06-28 16:19:10", "elapsed": 156.700183, "delta": 0.938016}}
{"target": -17.45641418923157, "params": {"C": 1582.7369791425167, "gamma": 0.016785609580371626}, "datetime": {"datetime": "2021-06-28 16:19:11", "elapsed": 157.825175, "delta": 1.124992}}
{"target": -16.86925980788775, "params": {"C": 1577.786135915676, "gamma": 0.06504831485924367}, "datetime": {"datetime": "2021-06-28 16:19:12", "elapsed": 159.631034, "delta": 1.805859}}
{"target": -30.92611570360341, "params": {"C": 5164.637069309748, "gamma": 0.7988790853929777}, "datetime": {"datetime": "2021-06-28 16:19:14", "elapsed": 160.926633, "delta": 1.295599}}
{"target": -47.6261619909392, "params": {"C": 8717.581226301278, "gamma": 5.815710088996945}, "datetime": {"datetime": "2021-06-28 16:19:15", "elapsed": 161.77063, "delta": 0.843997}}
{"target": -16.66620865613092, "params": {"C": 3976.5786648967787, "gamma": 0.049600654206241615}, "datetime": {"datetime": "2021-06-28 16:19:16", "elapsed": 162.753532, "delta": 0.982902}}
{"target": -20.321132835543334, "params": {"C": 1029.9743311975863, "gamma": 0.15966407534336916}, "datetime": {"datetime": "2021-06-28 16:19:17", "elapsed": 163.716529, "delta": 0.962997}}
{"target": -44.925858698583085, "params": {"C": 4272.434199532901, "gamma": 3.915620006743174}, "datetime": {"datetime": "2021-06-28 16:19:17", "elapsed": 164.531545, "delta": 0.815016}}
{"target": -47.55076571928492, "params": {"C": 2500.470299288719, "gamma": 9.890216831131204}, "datetime": {"datetime": "2021-06-28 16:19:18", "elapsed": 165.402207, "delta": 0.870662}}
{"target": -27.172151880338056, "params": {"C": 1576.885711302712, "gamma": 0.5358530358842665}, "datetime": {"datetime": "2021-06-28 16:19:19", "elapsed": 166.38079, "delta": 0.978583}}
{"target": -25.93552900623692, "params": {"C": 1038.0302843623724, "gamma": 0.44464842383832703}, "datetime": {"datetime": "2021-06-28 16:19:21", "elapsed": 167.657789, "delta": 1.276999}}
{"target": -47.53190828621434, "params": {"C": 3395.4062383900086, "gamma": 7.864692564386405}, "datetime": {"datetime": "2021-06-28 16:19:21", "elapsed": 168.623378, "delta": 0.965589}}
{"target": -22.43430579818348, "params": {"C": 1032.5328792991406, "gamma": 0.2367187203444048}, "datetime": {"datetime": "2021-06-28 16:19:23", "elapsed": 169.750992, "delta": 1.127614}}
{"target": -22.651656076662626, "params": {"C": 1637.5453783736803, "gamma": 0.2375199515933471}, "datetime": {"datetime": "2021-06-28 16:19:24", "elapsed": 170.710715, "delta": 0.959723}}
{"target": -46.74023025175887, "params": {"C": 4740.039886625179, "gamma": 5.505599496768105}, "datetime": {"datetime": "2021-06-28 16:19:24", "elapsed": 171.633713, "delta": 0.922998}}
{"target": -24.593075169608873, "params": {"C": 1576.632498339818, "gamma": 0.34342325015531266}, "datetime": {"datetime": "2021-06-28 16:19:26", "elapsed": 173.022605, "delta": 1.388892}}
{"target": -25.29068949192419, "params": {"C": 1033.2221859233593, "gamma": 0.39853261575177296}, "datetime": {"datetime": "2021-06-28 16:19:27", "elapsed": 174.068207, "delta": 1.045602}}
{"target": -17.76534071491534, "params": {"C": 1030.2987454727136, "gamma": 0.08808220617274232}, "datetime": {"datetime": "2021-06-28 16:19:28", "elapsed": 175.07279, "delta": 1.004583}}
{"target": -48.340418098124104, "params": {"C": 6592.730108873473, "gamma": 7.6053279045354305}, "datetime": {"datetime": "2021-06-28 16:19:29", "elapsed": 175.936378, "delta": 0.863588}}
{"target": -25.54493836488012, "params": {"C": 1637.4618022918314, "gamma": 0.4080017460809841}, "datetime": {"datetime": "2021-06-28 16:19:30", "elapsed": 176.9155, "delta": 0.979122}}
{"target": -19.530937356312513, "params": {"C": 1036.2267400907945, "gamma": 0.13661069936690184}, "datetime": {"datetime": "2021-06-28 16:19:31", "elapsed": 177.928507, "delta": 1.013007}}
{"target": -22.73254664740461, "params": {"C": 1033.4404862750764, "gamma": 0.2501349374004804}, "datetime": {"datetime": "2021-06-28 16:19:32", "elapsed": 178.959356, "delta": 1.030849}}
{"target": -27.701190477391574, "params": {"C": 2035.2223375516078, "gamma": 0.5708926059786932}, "datetime": {"datetime": "2021-06-28 16:19:33", "elapsed": 179.819, "delta": 0.859644}}
{"target": -27.83440069239502, "params": {"C": 1031.6629193607887, "gamma": 0.5939261102774358}, "datetime": {"datetime": "2021-06-28 16:19:34", "elapsed": 181.20709, "delta": 1.38809}}
{"target": -20.483572451779505, "params": {"C": 1030.374983535391, "gamma": 0.1647001488662645}, "datetime": {"datetime": "2021-06-28 16:19:35", "elapsed": 182.325425, "delta": 1.118335}}
{"target": -17.091705054724027, "params": {"C": 1033.9247822935988, "gamma": 0.06490518036018984}, "datetime": {"datetime": "2021-06-28 16:19:36", "elapsed": 183.629433, "delta": 1.304008}}
{"target": -17.039384398384186, "params": {"C": 1633.0145365132014, "gamma": 0.022719101594272754}, "datetime": {"datetime": "2021-06-28 16:19:38", "elapsed": 184.746031, "delta": 1.116598}}
{"target": -27.610353940624037, "params": {"C": 6545.871210166739, "gamma": 0.48521731554819336}, "datetime": {"datetime": "2021-06-28 16:19:39", "elapsed": 185.837142, "delta": 1.091111}}
{"target": -21.889999145014915, "params": {"C": 1037.6861494867796, "gamma": 0.2140704260039739}, "datetime": {"datetime": "2021-06-28 16:19:40", "elapsed": 186.877239, "delta": 1.040097}}
{"target": -18.519593546543394, "params": {"C": 1037.9175507711893, "gamma": 0.10912060033694662}, "datetime": {"datetime": "2021-06-28 16:19:41", "elapsed": 187.976238, "delta": 1.098999}}
{"target": -18.75280029567472, "params": {"C": 1030.8358446403113, "gamma": 0.11530361882697436}, "datetime": {"datetime": "2021-06-28 16:19:42", "elapsed": 189.065403, "delta": 1.089165}}
{"target": -17.1832114211878, "params": {"C": 1036.740283263283, "gamma": 0.06889489013769556}, "datetime": {"datetime": "2021-06-28 16:19:43", "elapsed": 190.094063, "delta": 1.02866}}
{"target": -21.36082146775146, "params": {"C": 1035.8316906591538, "gamma": 0.1941247992991146}, "datetime": {"datetime": "2021-06-28 16:19:44", "elapsed": 191.237441, "delta": 1.143378}}
{"target": -26.908599172654117, "params": {"C": 1037.5076717648435, "gamma": 0.5189995566464649}, "datetime": {"datetime": "2021-06-28 16:19:45", "elapsed": 192.325314, "delta": 1.087873}}
{"target": -25.08283949562337, "params": {"C": 1576.1737126939363, "gamma": 0.3763333467293722}, "datetime": {"datetime": "2021-06-28 16:19:46", "elapsed": 193.315314, "delta": 0.99}}
{"target": -23.384850597926956, "params": {"C": 1037.2388232455098, "gamma": 0.2822104403132403}, "datetime": {"datetime": "2021-06-28 16:19:47", "elapsed": 194.566715, "delta": 1.251401}}
{"target": -25.63117298515921, "params": {"C": 1031.1642683351956, "gamma": 0.42251765744872055}, "datetime": {"datetime": "2021-06-28 16:19:48", "elapsed": 195.647374, "delta": 1.080659}}
{"target": -48.28295027984766, "params": {"C": 7006.98702554607, "gamma": 7.3205354727277}, "datetime": {"datetime": "2021-06-28 16:19:49", "elapsed": 196.57046, "delta": 0.923086}}
{"target": -18.37384227435759, "params": {"C": 1583.6114113717097, "gamma": 0.10752345474885071}, "datetime": {"datetime": "2021-06-28 16:19:51", "elapsed": 198.16146, "delta": 1.591}}
{"target": -16.870702634957567, "params": {"C": 1038.5026853764796, "gamma": 0.04132267388965523}, "datetime": {"datetime": "2021-06-28 16:19:52", "elapsed": 199.445138, "delta": 1.283678}}
{"target": -25.666585840413624, "params": {"C": 1579.9215412912517, "gamma": 0.4182306130495748}, "datetime": {"datetime": "2021-06-28 16:19:54", "elapsed": 200.909309, "delta": 1.464171}}
{"target": -44.293507348122795, "params": {"C": 1949.323543232177, "gamma": 4.274211402653209}, "datetime": {"datetime": "2021-06-28 16:19:55", "elapsed": 201.816313, "delta": 0.907004}}
{"target": -24.467353921384948, "params": {"C": 1578.0649530469714, "gamma": 0.33533651013685656}, "datetime": {"datetime": "2021-06-28 16:19:56", "elapsed": 203.500818, "delta": 1.684505}}
{"target": -25.784636102006914, "params": {"C": 1637.0358119653956, "gamma": 0.4258208914455077}, "datetime": {"datetime": "2021-06-28 16:19:57", "elapsed": 204.628572, "delta": 1.127754}}
{"target": -47.35398732326896, "params": {"C": 2926.258771334413, "gamma": 8.06523170711278}, "datetime": {"datetime": "2021-06-28 16:19:58", "elapsed": 205.575382, "delta": 0.94681}}
{"target": -23.103024481647704, "params": {"C": 1575.5719337729067, "gamma": 0.2594127480613519}, "datetime": {"datetime": "2021-06-28 16:20:00", "elapsed": 207.194276, "delta": 1.618894}}
{"target": -40.67931934823274, "params": {"C": 6651.458913314258, "gamma": 2.072407618683795}, "datetime": {"datetime": "2021-06-28 16:20:01", "elapsed": 208.141276, "delta": 0.947}}
{"target": -19.08548664875493, "params": {"C": 1037.470334798944, "gamma": 0.12435405493153416}, "datetime": {"datetime": "2021-06-28 16:20:02", "elapsed": 209.474284, "delta": 1.333008}}
{"target": -17.66313248767954, "params": {"C": 1035.6776409754002, "gamma": 0.08513973303761564}, "datetime": {"datetime": "2021-06-28 16:20:04", "elapsed": 210.667577, "delta": 1.193293}}
{"target": -17.9196331761789, "params": {"C": 1584.0742143952248, "gamma": 0.09620943303643699}, "datetime": {"datetime": "2021-06-28 16:20:05", "elapsed": 212.258573, "delta": 1.590996}}
{"target": -18.484647325403685, "params": {"C": 1584.3712949813157, "gamma": 0.11024710815026113}, "datetime": {"datetime": "2021-06-28 16:20:07", "elapsed": 213.726573, "delta": 1.468}}
{"target": -25.855001206286715, "params": {"C": 5165.480102737327, "gamma": 0.3476202859007332}, "datetime": {"datetime": "2021-06-28 16:20:08", "elapsed": 215.283578, "delta": 1.557005}}
{"target": -17.295905893505335, "params": {"C": 9304.882855102707, "gamma": 0.011283362529137623}, "datetime": {"datetime": "2021-06-28 16:20:09", "elapsed": 216.513583, "delta": 1.230005}}
{"target": -16.900543470312805, "params": {"C": 1635.7795665751494, "gamma": 0.06664265446295362}, "datetime": {"datetime": "2021-06-28 16:20:11", "elapsed": 217.701616, "delta": 1.188033}}
{"target": -43.965164565727726, "params": {"C": 6158.986958067926, "gamma": 3.1567501017579955}, "datetime": {"datetime": "2021-06-28 16:20:12", "elapsed": 218.677578, "delta": 0.975962}}
{"target": -29.245005012983132, "params": {"C": 9303.776097561056, "gamma": 0.6084946071559907}, "datetime": {"datetime": "2021-06-28 16:20:13", "elapsed": 219.824576, "delta": 1.146998}}
{"target": -21.050571392556105, "params": {"C": 1578.5478844385893, "gamma": 0.17945530234310056}, "datetime": {"datetime": "2021-06-28 16:20:14", "elapsed": 221.401578, "delta": 1.577002}}
{"target": -26.891984188607953, "params": {"C": 1638.4624140478543, "gamma": 0.5121686699645656}, "datetime": {"datetime": "2021-06-28 16:20:16", "elapsed": 222.903576, "delta": 1.501998}}
{"target": -23.247504702712227, "params": {"C": 1036.2731055503773, "gamma": 0.27513329433712536}, "datetime": {"datetime": "2021-06-28 16:20:17", "elapsed": 224.380309, "delta": 1.476733}}
{"target": -20.698039535437754, "params": {"C": 1034.9025909426102, "gamma": 0.17154111278653172}, "datetime": {"datetime": "2021-06-28 16:20:19", "elapsed": 225.743181, "delta": 1.362872}}
{"target": -39.52948647493224, "params": {"C": 9282.574487711025, "gamma": 1.7937994471221812}, "datetime": {"datetime": "2021-06-28 16:20:20", "elapsed": 226.762777, "delta": 1.019596}}
{"target": -24.886032730632213, "params": {"C": 1031.5761219005842, "gamma": 0.3711686346821645}, "datetime": {"datetime": "2021-06-28 16:20:21", "elapsed": 227.956785, "delta": 1.194008}}
{"target": -22.86872576147508, "params": {"C": 3976.5339972655793, "gamma": 0.20116043839668424}, "datetime": {"datetime": "2021-06-28 16:20:22", "elapsed": 229.20368, "delta": 1.246895}}
{"target": -24.413982225453733, "params": {"C": 1575.0073905995646, "gamma": 0.33204327946071077}, "datetime": {"datetime": "2021-06-28 16:20:24", "elapsed": 230.664595, "delta": 1.460915}}
{"target": -47.201420501554026, "params": {"C": 2733.5665079877367, "gamma": 7.9663887695302025}, "datetime": {"datetime": "2021-06-28 16:20:25", "elapsed": 231.694209, "delta": 1.029614}}
{"target": -44.098959324906886, "params": {"C": 4005.832519539723, "gamma": 3.449931458937858}, "datetime": {"datetime": "2021-06-28 16:20:26", "elapsed": 232.751079, "delta": 1.05687}}
{"target": -29.092260858111068, "params": {"C": 2746.5496990766555, "gamma": 0.6750507026907732}, "datetime": {"datetime": "2021-06-28 16:20:27", "elapsed": 233.737087, "delta": 0.986008}}
{"target": -16.845825508827634, "params": {"C": 1632.6381950379161, "gamma": 0.027029907877718813}, "datetime": {"datetime": "2021-06-28 16:20:28", "elapsed": 235.030158, "delta": 1.293071}}
{"target": -21.045878615349466, "params": {"C": 1584.8354083883225, "gamma": 0.1792327715610281}, "datetime": {"datetime": "2021-06-28 16:20:29", "elapsed": 236.26216, "delta": 1.232002}}
{"target": -19.35450661856771, "params": {"C": 1037.6945525437418, "gamma": 0.13171706094066682}, "datetime": {"datetime": "2021-06-28 16:20:30", "elapsed": 237.396161, "delta": 1.134001}}
{"target": -48.00898541219603, "params": {"C": 4703.643800655968, "gamma": 7.834528479378941}, "datetime": {"datetime": "2021-06-28 16:20:31", "elapsed": 238.448161, "delta": 1.052}}
{"target": -27.05086444136854, "params": {"C": 1030.7603978982816, "gamma": 0.5302295671066317}, "datetime": {"datetime": "2021-06-28 16:20:33", "elapsed": 239.714163, "delta": 1.266002}}
{"target": -24.712607414069392, "params": {"C": 1580.367030177941, "gamma": 0.35114432565437786}, "datetime": {"datetime": "2021-06-28 16:20:34", "elapsed": 240.932162, "delta": 1.217999}}
{"target": -49.14294023770926, "params": {"C": 9204.656937314416, "gamma": 8.876407716859875}, "datetime": {"datetime": "2021-06-28 16:20:35", "elapsed": 241.971159, "delta": 1.038997}}
{"target": -23.05582333369204, "params": {"C": 2035.513321314935, "gamma": 0.24662708518285928}, "datetime": {"datetime": "2021-06-28 16:20:36", "elapsed": 243.285158, "delta": 1.313999}}
{"target": -26.68584588119507, "params": {"C": 9307.74641563451, "gamma": 0.3617897938910228}, "datetime": {"datetime": "2021-06-28 16:20:37", "elapsed": 244.578164, "delta": 1.293006}}
{"target": -21.532749868413546, "params": {"C": 5165.939626648123, "gamma": 0.15105438305036636}, "datetime": {"datetime": "2021-06-28 16:20:39", "elapsed": 245.871159, "delta": 1.292995}}
{"target": -22.576017232510583, "params": {"C": 1638.4253127873171, "gamma": 0.2342604901008012}, "datetime": {"datetime": "2021-06-28 16:20:40", "elapsed": 247.172162, "delta": 1.301003}}
