{"target": 0.7530759164644392, "params": {"C": 799.0170604939556, "gamma": 0.0189767233111541}, "datetime": {"datetime": "2021-10-04 09:18:30", "elapsed": 64.604188, "delta": 0.655516}}
{"target": 0.7155071264666975, "params": {"C": 598.1316314374459, "gamma": 0.013379266725780527}, "datetime": {"datetime": "2021-10-04 09:18:31", "elapsed": 65.33202, "delta": 0.727832}}
{"target": 0.52848266546151, "params": {"C": 447.381233501873, "gamma": 0.17303411462277768}, "datetime": {"datetime": "2021-10-04 09:18:32", "elapsed": 65.919701, "delta": 0.587681}}
{"target": 0.37530370244577616, "params": {"C": 799.1283876214944, "gamma": 0.0005}, "datetime": {"datetime": "2021-10-04 09:18:32", "elapsed": 66.620599, "delta": 0.700898}}
{"target": 0.6381348694819049, "params": {"C": 919.756386440206, "gamma": 0.1929388676954401}, "datetime": {"datetime": "2021-10-04 09:18:33", "elapsed": 67.292127, "delta": 0.671528}}
{"target": 0.7118347250020205, "params": {"C": 712.4184748219936, "gamma": 0.08157547319133757}, "datetime": {"datetime": "2021-10-04 09:18:34", "elapsed": 67.908535, "delta": 0.616408}}
{"target": 0.6120320764810571, "params": {"C": 682.7953159372736, "gamma": 0.003999524361651085}, "datetime": {"datetime": "2021-10-04 09:18:34", "elapsed": 68.516855, "delta": 0.60832}}
{"target": 0.6624174763973053, "params": {"C": 906.3069251222781, "gamma": 0.004585141025803478}, "datetime": {"datetime": "2021-10-04 09:18:35", "elapsed": 69.167093, "delta": 0.650238}}
{"target": 0.7487521031696625, "params": {"C": 906.1797458233789, "gamma": 0.07555708140072852}, "datetime": {"datetime": "2021-10-04 09:18:36", "elapsed": 69.908313, "delta": 0.74122}}
{"target": 0.7599695695541651, "params": {"C": 798.7507705989868, "gamma": 0.026058013309931873}, "datetime": {"datetime": "2021-10-04 09:18:36", "elapsed": 70.535203, "delta": 0.62689}}
{"target": 0.7305554896626674, "params": {"C": 977.845694830128, "gamma": 0.008498997492338522}, "datetime": {"datetime": "2021-10-04 09:18:37", "elapsed": 71.159212, "delta": 0.624009}}
{"target": 0.7093981946582844, "params": {"C": 977.8513085495798, "gamma": 0.12648462030427954}, "datetime": {"datetime": "2021-10-04 09:18:38", "elapsed": 71.927646, "delta": 0.768434}}
{"target": 0.7526307122574716, "params": {"C": 798.9389840725045, "gamma": 0.01869271194445031}, "datetime": {"datetime": "2021-10-04 09:18:38", "elapsed": 72.737964, "delta": 0.810318}}
{"target": 0.5257007481540956, "params": {"C": 349.9737324368115, "gamma": 0.13533785780527158}, "datetime": {"datetime": "2021-10-04 09:18:39", "elapsed": 73.354447, "delta": 0.616483}}
{"target": 0.750838854397199, "params": {"C": 977.7019301156607, "gamma": 0.08326188158875616}, "datetime": {"datetime": "2021-10-04 09:18:40", "elapsed": 74.138874, "delta": 0.784427}}
{"target": 0.6832680279868992, "params": {"C": 977.6298216490312, "gamma": 0.15389344076511133}, "datetime": {"datetime": "2021-10-04 09:18:41", "elapsed": 75.15178, "delta": 1.012906}}
{"target": 0.5441436524814116, "params": {"C": 408.5574362321631, "gamma": 0.14425282481374807}, "datetime": {"datetime": "2021-10-04 09:18:41", "elapsed": 75.831786, "delta": 0.680006}}
{"target": 0.7782493214718094, "params": {"C": 978.0030873462404, "gamma": 0.04604769294279325}, "datetime": {"datetime": "2021-10-04 09:18:42", "elapsed": 76.760422, "delta": 0.928636}}
{"target": 0.7718071400345841, "params": {"C": 978.0847112592677, "gamma": 0.057782957349911915}, "datetime": {"datetime": "2021-10-04 09:18:43", "elapsed": 77.503234, "delta": 0.742812}}
{"target": 0.6959654518745944, "params": {"C": 977.9548146106996, "gamma": 0.140494314758335}, "datetime": {"datetime": "2021-10-04 09:18:44", "elapsed": 78.304281, "delta": 0.801047}}
{"target": 0.6707953703064953, "params": {"C": 978.0820466377618, "gamma": 0.16746200660543187}, "datetime": {"datetime": "2021-10-04 09:18:45", "elapsed": 79.229509, "delta": 0.925228}}
{"target": 0.5760140597010341, "params": {"C": 191.58510487725286, "gamma": 0.038829648142054855}, "datetime": {"datetime": "2021-10-04 09:18:46", "elapsed": 79.896639, "delta": 0.66713}}
{"target": 0.3913499106460806, "params": {"C": 919.6658607105375, "gamma": 0.0005}, "datetime": {"datetime": "2021-10-04 09:18:46", "elapsed": 80.722859, "delta": 0.82622}}
{"target": 0.7028408694204107, "params": {"C": 977.7673902060035, "gamma": 0.13327801026529867}, "datetime": {"datetime": "2021-10-04 09:18:47", "elapsed": 81.480061, "delta": 0.757202}}
{"target": 0.7582062306640109, "params": {"C": 919.6080707506065, "gamma": 0.06679223471092977}, "datetime": {"datetime": "2021-10-04 09:18:48", "elapsed": 82.231599, "delta": 0.751538}}
{"target": 0.7110334500122388, "params": {"C": 919.6880848118167, "gamma": 0.11601580182356312}, "datetime": {"datetime": "2021-10-04 09:18:49", "elapsed": 83.132858, "delta": 0.901259}}
{"target": 0.7625264734048498, "params": {"C": 919.513389538644, "gamma": 0.06142144068481577}, "datetime": {"datetime": "2021-10-04 09:18:50", "elapsed": 83.874977, "delta": 0.742119}}
{"target": 0.7054773065914858, "params": {"C": 754.1997624810498, "gamma": 0.09457010329367033}, "datetime": {"datetime": "2021-10-04 09:18:50", "elapsed": 84.607055, "delta": 0.732078}}
{"target": 0.7261145357043072, "params": {"C": 919.8614009441038, "gamma": 0.008562317181596387}, "datetime": {"datetime": "2021-10-04 09:18:51", "elapsed": 85.356377, "delta": 0.749322}}
{"target": 0.45212610156461275, "params": {"C": 977.7165204223656, "gamma": 0.0008402665739694879}, "datetime": {"datetime": "2021-10-04 09:18:52", "elapsed": 86.120332, "delta": 0.763955}}
{"target": 0.7449054704542997, "params": {"C": 919.8169403413216, "gamma": 0.08162729742276513}, "datetime": {"datetime": "2021-10-04 09:18:53", "elapsed": 87.108657, "delta": 0.988325}}
{"target": 0.7803501732286728, "params": {"C": 977.9440345789772, "gamma": 0.03575562205275787}, "datetime": {"datetime": "2021-10-04 09:18:54", "elapsed": 87.853329, "delta": 0.744672}}
{"target": 0.7357748118752807, "params": {"C": 798.9743332657179, "gamma": 0.0729706267545525}, "datetime": {"datetime": "2021-10-04 09:18:55", "elapsed": 88.898635, "delta": 1.045306}}
{"target": 0.702465406855635, "params": {"C": 798.6448882743807, "gamma": 0.007439112616089771}, "datetime": {"datetime": "2021-10-04 09:18:55", "elapsed": 89.782435, "delta": 0.8838}}
{"target": 0.6839804580878299, "params": {"C": 754.828983524705, "gamma": 0.006498936341015374}, "datetime": {"datetime": "2021-10-04 09:18:56", "elapsed": 90.574165, "delta": 0.79173}}
{"target": 0.7746513686073051, "params": {"C": 919.2005272257736, "gamma": 0.033129471254800154}, "datetime": {"datetime": "2021-10-04 09:18:57", "elapsed": 91.430006, "delta": 0.855841}}
{"target": 0.7627648348949252, "params": {"C": 978.2312663791904, "gamma": 0.015869785209382994}, "datetime": {"datetime": "2021-10-04 09:18:58", "elapsed": 92.539815, "delta": 1.109809}}
{"target": 0.7476289737369084, "params": {"C": 978.2041151256631, "gamma": 0.08680280161400793}, "datetime": {"datetime": "2021-10-04 09:18:59", "elapsed": 93.372599, "delta": 0.832784}}
{"target": 0.7803664153047122, "params": {"C": 978.1611854493742, "gamma": 0.03694684875672236}, "datetime": {"datetime": "2021-10-04 09:19:00", "elapsed": 94.177478, "delta": 0.804879}}
{"target": 0.7039788876396154, "params": {"C": 597.469036167329, "gamma": 0.010868379186947892}, "datetime": {"datetime": "2021-10-04 09:19:01", "elapsed": 95.05991, "delta": 0.882432}}
{"target": 0.7793199061955792, "params": {"C": 978.3108767072042, "gamma": 0.043072081300941735}, "datetime": {"datetime": "2021-10-04 09:19:01", "elapsed": 95.8225, "delta": 0.76259}}
{"target": 0.5392129029540154, "params": {"C": 440.1142960466585, "gamma": 0.16050673968471207}, "datetime": {"datetime": "2021-10-04 09:19:02", "elapsed": 96.551361, "delta": 0.728861}}
{"target": 0.7409697290374782, "params": {"C": 978.4293743703429, "gamma": 0.09390280957926543}, "datetime": {"datetime": "2021-10-04 09:19:03", "elapsed": 97.343308, "delta": 0.791947}}
{"target": 0.6992727978043367, "params": {"C": 798.851745785453, "gamma": 0.1079435797457399}, "datetime": {"datetime": "2021-10-04 09:19:04", "elapsed": 98.308472, "delta": 0.965164}}
{"target": 0.770823929850559, "params": {"C": 915.4701570618743, "gamma": 0.025007579695288017}, "datetime": {"datetime": "2021-10-04 09:19:05", "elapsed": 99.014056, "delta": 0.705584}}
{"target": 0.7104933780059981, "params": {"C": 915.5160397490835, "gamma": 0.11591661958575379}, "datetime": {"datetime": "2021-10-04 09:19:06", "elapsed": 100.146851, "delta": 1.132795}}
{"target": 0.7046340906272693, "params": {"C": 978.3337594770303, "gamma": 0.13149874465471742}, "datetime": {"datetime": "2021-10-04 09:19:07", "elapsed": 100.978537, "delta": 0.831686}}
{"target": 0.7090413641257753, "params": {"C": 915.4277061276235, "gamma": 0.1173574943917329}, "datetime": {"datetime": "2021-10-04 09:19:07", "elapsed": 101.832845, "delta": 0.854308}}
{"target": 0.7524307881822322, "params": {"C": 978.3551079723973, "gamma": 0.012407544412388609}, "datetime": {"datetime": "2021-10-04 09:19:08", "elapsed": 102.630499, "delta": 0.797654}}
{"target": 0.7741685104746687, "params": {"C": 915.3879718394077, "gamma": 0.03237839274319804}, "datetime": {"datetime": "2021-10-04 09:19:09", "elapsed": 103.611495, "delta": 0.980996}}
{"target": 0.6588655911477465, "params": {"C": 801.3638287030283, "gamma": 0.1472952890978501}, "datetime": {"datetime": "2021-10-04 09:19:10", "elapsed": 104.286105, "delta": 0.67461}}
{"target": 0.6504014237461601, "params": {"C": 659.602486293287, "gamma": 0.12576966327379785}, "datetime": {"datetime": "2021-10-04 09:19:11", "elapsed": 105.027775, "delta": 0.74167}}
{"target": 0.7367351888650695, "params": {"C": 617.971968206858, "gamma": 0.03173289437562662}, "datetime": {"datetime": "2021-10-04 09:19:11", "elapsed": 105.781016, "delta": 0.753241}}
{"target": 0.6294905905461716, "params": {"C": 915.2563406769806, "gamma": 0.0035701325579266317}, "datetime": {"datetime": "2021-10-04 09:19:12", "elapsed": 106.672509, "delta": 0.891493}}
{"target": 0.727578926975339, "params": {"C": 617.8668453460001, "gamma": 0.04840335653845203}, "datetime": {"datetime": "2021-10-04 09:19:13", "elapsed": 107.535587, "delta": 0.863078}}
{"target": 0.5936094601517636, "params": {"C": 617.9343396948046, "gamma": 0.16821559911378633}, "datetime": {"datetime": "2021-10-04 09:19:14", "elapsed": 108.420178, "delta": 0.884591}}
{"target": 0.7798117588811879, "params": {"C": 978.4834512546408, "gamma": 0.031739871762772966}, "datetime": {"datetime": "2021-10-04 09:19:15", "elapsed": 109.315831, "delta": 0.895653}}
{"target": 0.7462537935563618, "params": {"C": 978.6383169528094, "gamma": 0.010965319611135343}, "datetime": {"datetime": "2021-10-04 09:19:16", "elapsed": 110.222485, "delta": 0.906654}}
{"target": 0.7233713147329264, "params": {"C": 978.5364411844084, "gamma": 0.11217024643698954}, "datetime": {"datetime": "2021-10-04 09:19:17", "elapsed": 111.108687, "delta": 0.886202}}
{"target": 0.780296069070624, "params": {"C": 978.56892973829, "gamma": 0.03846537243733927}, "datetime": {"datetime": "2021-10-04 09:19:18", "elapsed": 111.89761, "delta": 0.788923}}
{"target": 0.1826768747116132, "params": {"C": 103.06583368230538, "gamma": 0.19717710851764642}, "datetime": {"datetime": "2021-10-04 09:19:18", "elapsed": 112.665078, "delta": 0.767468}}
{"target": 0.7798334820161131, "params": {"C": 978.480473883026, "gamma": 0.03182131043300952}, "datetime": {"datetime": "2021-10-04 09:19:19", "elapsed": 113.412879, "delta": 0.747801}}
{"target": 0.7480210197198631, "params": {"C": 978.7762584601003, "gamma": 0.01133866741851675}, "datetime": {"datetime": "2021-10-04 09:19:20", "elapsed": 114.249842, "delta": 0.836963}}
{"target": 0.6238654421210137, "params": {"C": 978.8793754905573, "gamma": 0.0032586314405879863}, "datetime": {"datetime": "2021-10-04 09:19:21", "elapsed": 115.160131, "delta": 0.910289}}
{"target": 0.7362860092751159, "params": {"C": 618.1071080388359, "gamma": 0.033934964472359164}, "datetime": {"datetime": "2021-10-04 09:19:22", "elapsed": 116.137236, "delta": 0.977105}}
{"target": 0.6064716933695917, "params": {"C": 556.0732150803776, "gamma": 0.004583712421269329}, "datetime": {"datetime": "2021-10-04 09:19:23", "elapsed": 116.867551, "delta": 0.730315}}
{"target": 0.43113073793066437, "params": {"C": 191.48158375857975, "gamma": 0.11632264227826879}, "datetime": {"datetime": "2021-10-04 09:19:23", "elapsed": 117.617862, "delta": 0.750311}}
{"target": 0.7125274196013841, "params": {"C": 978.7176724471453, "gamma": 0.12337748480426126}, "datetime": {"datetime": "2021-10-04 09:19:24", "elapsed": 118.424468, "delta": 0.806606}}
{"target": 0.7227984489080235, "params": {"C": 617.66381741173, "gamma": 0.05367279221448926}, "datetime": {"datetime": "2021-10-04 09:19:25", "elapsed": 119.372747, "delta": 0.948279}}
{"target": 0.742945467720961, "params": {"C": 894.1953748734472, "gamma": 0.011732218168690373}, "datetime": {"datetime": "2021-10-04 09:19:26", "elapsed": 120.231798, "delta": 0.859051}}
{"target": 0.6605961499181421, "params": {"C": 901.7185735801941, "gamma": 0.16478785083209924}, "datetime": {"datetime": "2021-10-04 09:19:27", "elapsed": 121.01958, "delta": 0.787782}}
{"target": 0.7152345500523798, "params": {"C": 618.3119164299424, "gamma": 0.06127286052484619}, "datetime": {"datetime": "2021-10-04 09:19:28", "elapsed": 122.125422, "delta": 1.105842}}
{"target": 0.5708082072905893, "params": {"C": 460.00824260843603, "gamma": 0.14054404799323064}, "datetime": {"datetime": "2021-10-04 09:19:29", "elapsed": 122.944694, "delta": 0.819272}}
{"target": 0.6671818962565763, "params": {"C": 618.198560252123, "gamma": 0.006761918691768155}, "datetime": {"datetime": "2021-10-04 09:19:30", "elapsed": 124.245665, "delta": 1.300971}}
{"target": 0.7127775442575185, "params": {"C": 894.0730959656862, "gamma": 0.007442735553631959}, "datetime": {"datetime": "2021-10-04 09:19:31", "elapsed": 125.307336, "delta": 1.061671}}
{"target": 0.7556606778156028, "params": {"C": 894.31913954637, "gamma": 0.06602782910274657}, "datetime": {"datetime": "2021-10-04 09:19:32", "elapsed": 126.271032, "delta": 0.963696}}
{"target": 0.692805330851141, "params": {"C": 894.2615655933121, "gamma": 0.13024204572646725}, "datetime": {"datetime": "2021-10-04 09:19:33", "elapsed": 127.252677, "delta": 0.981645}}
{"target": 0.7099811477762181, "params": {"C": 894.3924177213178, "gamma": 0.11315594148405587}, "datetime": {"datetime": "2021-10-04 09:19:34", "elapsed": 128.27069, "delta": 1.018013}}
{"target": 0.7743855844545984, "params": {"C": 915.6469423178312, "gamma": 0.033876051715052743}, "datetime": {"datetime": "2021-10-04 09:19:35", "elapsed": 129.618695, "delta": 1.348005}}
{"target": 0.7180745115266317, "params": {"C": 915.6980214947324, "gamma": 0.10835869515649703}, "datetime": {"datetime": "2021-10-04 09:19:36", "elapsed": 130.569328, "delta": 0.950633}}
{"target": 0.6219463756966106, "params": {"C": 915.5554779774678, "gamma": 0.0033860639707019606}, "datetime": {"datetime": "2021-10-04 09:19:37", "elapsed": 131.792068, "delta": 1.22274}}
{"target": 0.6205534622417674, "params": {"C": 618.1479396731268, "gamma": 0.1429163006246699}, "datetime": {"datetime": "2021-10-04 09:19:39", "elapsed": 132.877747, "delta": 1.085679}}
{"target": 0.7732142530037516, "params": {"C": 915.7924752397889, "gamma": 0.042462632101656475}, "datetime": {"datetime": "2021-10-04 09:19:40", "elapsed": 134.108145, "delta": 1.230398}}
{"target": 0.6164241906658011, "params": {"C": 742.0022484749367, "gamma": 0.17746311017999503}, "datetime": {"datetime": "2021-10-04 09:19:41", "elapsed": 134.920969, "delta": 0.812824}}
{"target": 0.7746241157876657, "params": {"C": 918.5057953511584, "gamma": 0.03346136772143925}, "datetime": {"datetime": "2021-10-04 09:19:41", "elapsed": 135.759953, "delta": 0.838984}}
{"target": 0.7343358171511101, "params": {"C": 915.9305833127852, "gamma": 0.09202371644936279}, "datetime": {"datetime": "2021-10-04 09:19:43", "elapsed": 136.903967, "delta": 1.144014}}
{"target": 0.7181415971950225, "params": {"C": 915.8321132008456, "gamma": 0.10831169022000059}, "datetime": {"datetime": "2021-10-04 09:19:44", "elapsed": 137.881222, "delta": 0.977255}}
{"target": 0.378191656315248, "params": {"C": 243.8814388353811, "gamma": 0.19642815113559872}, "datetime": {"datetime": "2021-10-04 09:19:44", "elapsed": 138.687143, "delta": 0.805921}}
{"target": 0.773481069614057, "params": {"C": 916.0646434782452, "gamma": 0.041699092775559866}, "datetime": {"datetime": "2021-10-04 09:19:45", "elapsed": 139.651104, "delta": 0.963961}}
{"target": 0.49231274780214473, "params": {"C": 915.8656635703654, "gamma": 0.0012946793430088904}, "datetime": {"datetime": "2021-10-04 09:19:47", "elapsed": 141.016221, "delta": 1.365117}}
{"target": 0.6883722667510529, "params": {"C": 916.1750428348324, "gamma": 0.13837710012894022}, "datetime": {"datetime": "2021-10-04 09:19:48", "elapsed": 142.146112, "delta": 1.129891}}
{"target": 0.7726986888394305, "params": {"C": 915.7319902302719, "gamma": 0.043905248568954565}, "datetime": {"datetime": "2021-10-04 09:19:49", "elapsed": 143.386394, "delta": 1.240282}}
{"target": 0.6246562947352604, "params": {"C": 618.4292085628589, "gamma": 0.13926901784681953}, "datetime": {"datetime": "2021-10-04 09:19:50", "elapsed": 144.497541, "delta": 1.111147}}
{"target": 0.6644542469230192, "params": {"C": 350.15393827164223, "gamma": 0.03968635153232869}, "datetime": {"datetime": "2021-10-04 09:19:51", "elapsed": 145.353453, "delta": 0.855912}}
{"target": 0.6439581971362835, "params": {"C": 916.0489791780036, "gamma": 0.1856576919838471}, "datetime": {"datetime": "2021-10-04 09:19:52", "elapsed": 146.413256, "delta": 1.059803}}
{"target": 0.47841456507663416, "params": {"C": 916.104563645438, "gamma": 0.0011430887824042937}, "datetime": {"datetime": "2021-10-04 09:19:53", "elapsed": 147.578853, "delta": 1.165597}}
{"target": 0.6520289236719685, "params": {"C": 617.7333109450393, "gamma": 0.11510750621228258}, "datetime": {"datetime": "2021-10-04 09:19:54", "elapsed": 148.669726, "delta": 1.090873}}
{"target": 0.7303971208329806, "params": {"C": 916.0321797123433, "gamma": 0.0960341918694832}, "datetime": {"datetime": "2021-10-04 09:19:56", "elapsed": 150.153146, "delta": 1.48342}}
{"target": 0.7676523178386939, "params": {"C": 906.6097147523991, "gamma": 0.05192243288541535}, "datetime": {"datetime": "2021-10-04 09:19:57", "elapsed": 151.212939, "delta": 1.059793}}
{"target": 0.7047160083790481, "params": {"C": 882.2268473133826, "gamma": 0.11643985613162068}, "datetime": {"datetime": "2021-10-04 09:19:58", "elapsed": 152.075964, "delta": 0.863025}}
{"target": 0.6683857161248166, "params": {"C": 906.6766776499086, "gamma": 0.1574535612371583}, "datetime": {"datetime": "2021-10-04 09:19:59", "elapsed": 153.174383, "delta": 1.098419}}
{"target": 0.7398916125888951, "params": {"C": 920.0340406160293, "gamma": 0.010634307704354152}, "datetime": {"datetime": "2021-10-04 09:20:00", "elapsed": 154.209685, "delta": 1.035302}}
{"target": 0.7641268385157675, "params": {"C": 906.7315515200368, "gamma": 0.057227361792946504}, "datetime": {"datetime": "2021-10-04 09:20:01", "elapsed": 155.679374, "delta": 1.469689}}
{"target": 0.4288082252746671, "params": {"C": 311.2676805469232, "gamma": 0.19780763341448201}, "datetime": {"datetime": "2021-10-04 09:20:02", "elapsed": 156.559899, "delta": 0.880525}}
{"target": 0.729335796423425, "params": {"C": 617.5714755026098, "gamma": 0.017914121685489382}, "datetime": {"datetime": "2021-10-04 09:20:03", "elapsed": 157.67389, "delta": 1.113991}}
{"target": 0.7033628171584239, "params": {"C": 906.8237284613019, "gamma": 0.12169714278536237}, "datetime": {"datetime": "2021-10-04 09:20:05", "elapsed": 158.980798, "delta": 1.306908}}
{"target": 0.6355354624059738, "params": {"C": 617.5800119016121, "gamma": 0.1293702791185499}, "datetime": {"datetime": "2021-10-04 09:20:06", "elapsed": 160.042541, "delta": 1.061743}}
{"target": 0.489481557705563, "params": {"C": 906.712038383083, "gamma": 0.001273839163144338}, "datetime": {"datetime": "2021-10-04 09:20:07", "elapsed": 161.321583, "delta": 1.279042}}
{"target": 0.5912001440849246, "params": {"C": 574.3844865249145, "gamma": 0.15808283430504266}, "datetime": {"datetime": "2021-10-04 09:20:08", "elapsed": 162.18769, "delta": 0.866107}}
{"target": 0.6287466494633972, "params": {"C": 516.9424385676184, "gamma": 0.11024695691744114}, "datetime": {"datetime": "2021-10-04 09:20:09", "elapsed": 163.137183, "delta": 0.949493}}
{"target": 0.7364317992985123, "params": {"C": 919.9476715396073, "gamma": 0.09045765289876373}, "datetime": {"datetime": "2021-10-04 09:20:10", "elapsed": 164.167728, "delta": 1.030545}}
{"target": 0.7355505484062633, "params": {"C": 918.2652461483364, "gamma": 0.009898523334617649}, "datetime": {"datetime": "2021-10-04 09:20:11", "elapsed": 165.290211, "delta": 1.122483}}
{"target": 0.7673004703964466, "params": {"C": 906.5508502800893, "gamma": 0.052480223466931285}, "datetime": {"datetime": "2021-10-04 09:20:12", "elapsed": 166.67054, "delta": 1.380329}}
{"target": 0.6286172627699813, "params": {"C": 687.0874589781761, "gamma": 0.1521784701656475}, "datetime": {"datetime": "2021-10-04 09:20:13", "elapsed": 167.576639, "delta": 0.906099}}
{"target": 0.7362098660348775, "params": {"C": 615.3278955375097, "gamma": 0.03225118253797595}, "datetime": {"datetime": "2021-10-04 09:20:14", "elapsed": 168.532522, "delta": 0.955883}}
{"target": 0.664787356676348, "params": {"C": 615.3960533546385, "gamma": 0.10380351384246803}, "datetime": {"datetime": "2021-10-04 09:20:15", "elapsed": 169.673802, "delta": 1.14128}}
{"target": 0.73485975803711, "params": {"C": 978.6265360522946, "gamma": 0.10031133444684816}, "datetime": {"datetime": "2021-10-04 09:20:16", "elapsed": 170.814613, "delta": 1.140811}}
