{"target": -1.9683964646332577, "params": {"C": 20981.044168655033, "gamma": 0.03194999005419243}, "datetime": {"datetime": "2021-10-04 12:31:19", "elapsed": 14.557697, "delta": 0.350092}}
{"target": -2.253843200350749, "params": {"C": 84743.5366924919, "gamma": 0.09403836893505393}, "datetime": {"datetime": "2021-10-04 12:31:19", "elapsed": 14.924616, "delta": 0.366919}}
{"target": -2.5865066013750573, "params": {"C": 81645.27595358583, "gamma": 0.16885269427784658}, "datetime": {"datetime": "2021-10-04 12:31:19", "elapsed": 15.299761, "delta": 0.375145}}
{"target": -2.5354755563821887, "params": {"C": 62395.08597176386, "gamma": 0.16275819528859015}, "datetime": {"datetime": "2021-10-04 12:31:20", "elapsed": 15.673241, "delta": 0.37348}}
{"target": -2.18825508519906, "params": {"C": 23446.925476920253, "gamma": 0.10784425015860881}, "datetime": {"datetime": "2021-10-04 12:31:20", "elapsed": 16.043179, "delta": 0.369938}}
{"target": -2.3536914508429185, "params": {"C": 43372.74104202589, "gamma": 0.12966043716514472}, "datetime": {"datetime": "2021-10-04 12:31:21", "elapsed": 16.397156, "delta": 0.353977}}
{"target": -1.928768692565472, "params": {"C": 70632.44955591677, "gamma": 0.05208634259938703}, "datetime": {"datetime": "2021-10-04 12:31:21", "elapsed": 16.760537, "delta": 0.363381}}
{"target": -2.5847142024776146, "params": {"C": 72355.66102651511, "gamma": 0.1724591548246132}, "datetime": {"datetime": "2021-10-04 12:31:21", "elapsed": 17.161697, "delta": 0.40116}}
{"target": -2.349515143657781, "params": {"C": 30264.665844726278, "gamma": 0.1355966954043328}, "datetime": {"datetime": "2021-10-04 12:31:22", "elapsed": 17.572703, "delta": 0.411006}}
{"target": -2.621358372242011, "params": {"C": 39772.67243277654, "gamma": 0.19957262138957166}, "datetime": {"datetime": "2021-10-04 12:31:22", "elapsed": 17.947621, "delta": 0.374918}}
{"target": -2.187166635715037, "params": {"C": 87034.98326188565, "gamma": 0.08300702150556678}, "datetime": {"datetime": "2021-10-04 12:31:22", "elapsed": 18.333178, "delta": 0.385557}}
{"target": -2.5083395117352887, "params": {"C": 28320.74264078377, "gamma": 0.17347111261641163}, "datetime": {"datetime": "2021-10-04 12:31:23", "elapsed": 18.71874, "delta": 0.385562}}
{"target": -2.2599523956291514, "params": {"C": 67919.00650136336, "gamma": 0.008217202714005976}, "datetime": {"datetime": "2021-10-04 12:31:23", "elapsed": 19.104317, "delta": 0.385577}}
{"target": -2.6461063707697186, "params": {"C": 66858.49892586222, "gamma": 0.19292712557280897}, "datetime": {"datetime": "2021-10-04 12:31:24", "elapsed": 19.5209, "delta": 0.416583}}
{"target": -1.8734261480953867, "params": {"C": 32773.08243102283, "gamma": 0.04132787950220895}, "datetime": {"datetime": "2021-10-04 12:31:24", "elapsed": 19.922074, "delta": 0.401174}}
{"target": -2.025057523469163, "params": {"C": 58918.28093349022, "gamma": 0.0689485227889407}, "datetime": {"datetime": "2021-10-04 12:31:24", "elapsed": 20.338901, "delta": 0.416827}}
{"target": -1.8978739836951217, "params": {"C": 74132.99132862568, "gamma": 0.04326807527527066}, "datetime": {"datetime": "2021-10-04 12:31:25", "elapsed": 20.72446, "delta": 0.385559}}
{"target": -2.5090410906597147, "params": {"C": 86443.0508397141, "gamma": 0.14549685466993473}, "datetime": {"datetime": "2021-10-04 12:31:25", "elapsed": 21.156912, "delta": 0.432452}}
{"target": -2.3144660497123404, "params": {"C": 39477.17836169175, "gamma": 0.12418714811690665}, "datetime": {"datetime": "2021-10-04 12:31:26", "elapsed": 21.557625, "delta": 0.400713}}
{"target": -1.9364597950897549, "params": {"C": 72177.33230445834, "gamma": 0.05303863445710755}, "datetime": {"datetime": "2021-10-04 12:31:26", "elapsed": 21.958798, "delta": 0.401173}}
{"target": -2.590201714086408, "params": {"C": 39507.14248583012, "gamma": 0.1902666443438086}, "datetime": {"datetime": "2021-10-04 12:31:27", "elapsed": 22.375612, "delta": 0.416814}}
{"target": -1.8957070000248062, "params": {"C": 34795.809332578414, "gamma": 0.05419490837309201}, "datetime": {"datetime": "2021-10-04 12:31:27", "elapsed": 22.776722, "delta": 0.40111}}
{"target": -2.4493817630143155, "params": {"C": 73467.87155716689, "gamma": 0.13626587796780287}, "datetime": {"datetime": "2021-10-04 12:31:27", "elapsed": 23.231332, "delta": 0.45461}}
{"target": -2.360737003259775, "params": {"C": 37259.95209930786, "gamma": 0.1345077029114983}, "datetime": {"datetime": "2021-10-04 12:31:28", "elapsed": 23.648069, "delta": 0.416737}}
{"target": -1.8705224435352015, "params": {"C": 72256.37697980851, "gamma": 0.03672878651858811}, "datetime": {"datetime": "2021-10-04 12:31:28", "elapsed": 24.118287, "delta": 0.470218}}
{"target": -2.2516234519330687, "params": {"C": 65755.02967424324, "gamma": 0.10060191808899921}, "datetime": {"datetime": "2021-10-04 12:31:29", "elapsed": 24.61977, "delta": 0.501483}}
{"target": -1.902675139431308, "params": {"C": 68413.07520215886, "gamma": 0.04665054281082558}, "datetime": {"datetime": "2021-10-04 12:31:29", "elapsed": 25.105574, "delta": 0.485804}}
{"target": -1.863481131878573, "params": {"C": 51308.73876170029, "gamma": 0.03611193804858831}, "datetime": {"datetime": "2021-10-04 12:31:30", "elapsed": 25.521895, "delta": 0.416321}}
{"target": -1.8860752847827802, "params": {"C": 38505.87014920552, "gamma": 0.03347061622221884}, "datetime": {"datetime": "2021-10-04 12:31:30", "elapsed": 26.0012, "delta": 0.479305}}
{"target": -2.1605486480496037, "params": {"C": 23223.74994896723, "gamma": 0.10251793583252329}, "datetime": {"datetime": "2021-10-04 12:31:31", "elapsed": 26.471327, "delta": 0.470127}}
{"target": -2.1597006951295845, "params": {"C": 34140.678630686176, "gamma": 0.09878202215689764}, "datetime": {"datetime": "2021-10-04 12:31:31", "elapsed": 26.972796, "delta": 0.501469}}
{"target": -2.62091109065044, "params": {"C": 82941.68743439653, "gamma": 0.1787555480825455}, "datetime": {"datetime": "2021-10-04 12:31:32", "elapsed": 27.468259, "delta": 0.495463}}
{"target": -2.3003727252441903, "params": {"C": 46339.19862872729, "gamma": 0.007726311326211972}, "datetime": {"datetime": "2021-10-04 12:31:32", "elapsed": 27.912034, "delta": 0.443775}}
{"target": -2.4730412443471153, "params": {"C": 62371.12555045193, "gamma": 0.14626376587813414}, "datetime": {"datetime": "2021-10-04 12:31:33", "elapsed": 28.391328, "delta": 0.479294}}
{"target": -2.329142441852521, "params": {"C": 79441.02176000003, "gamma": 0.10901073028363638}, "datetime": {"datetime": "2021-10-04 12:31:33", "elapsed": 28.84591, "delta": 0.454582}}
{"target": -2.4438349930094763, "params": {"C": 37667.40916200612, "gamma": 0.1521061720488815}, "datetime": {"datetime": "2021-10-04 12:31:33", "elapsed": 29.278328, "delta": 0.432418}}
{"target": -2.022083832918649, "params": {"C": 38390.99131754452, "gamma": 0.07447354368486486}, "datetime": {"datetime": "2021-10-04 12:31:34", "elapsed": 29.717189, "delta": 0.438861}}
{"target": -2.523374817425776, "params": {"C": 34841.22795047129, "gamma": 0.17358807208662194}, "datetime": {"datetime": "2021-10-04 12:31:34", "elapsed": 30.149657, "delta": 0.432468}}
{"target": -2.258276863472808, "params": {"C": 44062.47904545964, "gamma": 0.11083728917300434}, "datetime": {"datetime": "2021-10-04 12:31:35", "elapsed": 30.597727, "delta": 0.44807}}
{"target": -2.2676207380124977, "params": {"C": 27803.749923657248, "gamma": 0.12117495599728843}, "datetime": {"datetime": "2021-10-04 12:31:35", "elapsed": 31.02075, "delta": 0.423023}}
{"target": -2.385515836410498, "params": {"C": 29566.539752137265, "gamma": 0.14336270194175063}, "datetime": {"datetime": "2021-10-04 12:31:36", "elapsed": 31.468054, "delta": 0.447304}}
{"target": -2.119264127296722, "params": {"C": 72484.71555781584, "gamma": 0.013363912348995945}, "datetime": {"datetime": "2021-10-04 12:31:36", "elapsed": 32.016094, "delta": 0.54804}}
{"target": -2.5341995908659145, "params": {"C": 75974.26805071232, "gamma": 0.15604478949954287}, "datetime": {"datetime": "2021-10-04 12:31:37", "elapsed": 32.465269, "delta": 0.449175}}
{"target": -2.300526604165926, "params": {"C": 67334.11767900735, "gamma": 0.10815180210573114}, "datetime": {"datetime": "2021-10-04 12:31:37", "elapsed": 32.924714, "delta": 0.459445}}
{"target": -2.6740963144843994, "params": {"C": 77854.49739549463, "gamma": 0.19707929801778756}, "datetime": {"datetime": "2021-10-04 12:31:38", "elapsed": 33.419453, "delta": 0.494739}}
{"target": -2.623081579871236, "params": {"C": 74515.78276439285, "gamma": 0.18279486925908073}, "datetime": {"datetime": "2021-10-04 12:31:38", "elapsed": 33.943086, "delta": 0.523633}}
{"target": -2.4069898187127627, "params": {"C": 66926.42950771406, "gamma": 0.12971178366667904}, "datetime": {"datetime": "2021-10-04 12:31:39", "elapsed": 34.460187, "delta": 0.517101}}
{"target": -1.9109113470756283, "params": {"C": 48368.68722738106, "gamma": 0.05530668143488044}, "datetime": {"datetime": "2021-10-04 12:31:39", "elapsed": 35.046322, "delta": 0.586135}}
{"target": -2.331625518848789, "params": {"C": 63087.89437306329, "gamma": 0.11563677490054068}, "datetime": {"datetime": "2021-10-04 12:31:40", "elapsed": 35.531745, "delta": 0.485423}}
{"target": -2.227067963158413, "params": {"C": 68910.68589404615, "gamma": 0.09524490939482223}, "datetime": {"datetime": "2021-10-04 12:31:40", "elapsed": 35.995462, "delta": 0.463717}}
{"target": -2.0666820573538316, "params": {"C": 79939.11500866886, "gamma": 0.015087210371642353}, "datetime": {"datetime": "2021-10-04 12:31:41", "elapsed": 36.46533, "delta": 0.469868}}
{"target": -2.2293119783029325, "params": {"C": 20105.650247352984, "gamma": 0.015044404152669895}, "datetime": {"datetime": "2021-10-04 12:31:41", "elapsed": 36.93554, "delta": 0.47021}}
{"target": -2.0065601805060966, "params": {"C": 66348.46913155209, "gamma": 0.01890505924562461}, "datetime": {"datetime": "2021-10-04 12:31:42", "elapsed": 37.430316, "delta": 0.494776}}
{"target": -2.3847851107768974, "params": {"C": 68311.46540401893, "gamma": 0.12445957509292065}, "datetime": {"datetime": "2021-10-04 12:31:42", "elapsed": 38.038336, "delta": 0.60802}}
{"target": -2.414948056584499, "params": {"C": 83920.17877876283, "gamma": 0.12492995080185952}, "datetime": {"datetime": "2021-10-04 12:31:43", "elapsed": 38.631015, "delta": 0.592679}}
{"target": -2.0119396570132198, "params": {"C": 25085.50268960456, "gamma": 0.07461015200709144}, "datetime": {"datetime": "2021-10-04 12:31:43", "elapsed": 39.110409, "delta": 0.479394}}
{"target": -1.8961615768747824, "params": {"C": 27816.941796285795, "gamma": 0.05129021982940965}, "datetime": {"datetime": "2021-10-04 12:31:44", "elapsed": 39.595941, "delta": 0.485532}}
{"target": -1.9129591947569546, "params": {"C": 62408.20269549419, "gamma": 0.05141676591399822}, "datetime": {"datetime": "2021-10-04 12:31:44", "elapsed": 40.182089, "delta": 0.586148}}
{"target": -2.3936409486503663, "params": {"C": 44696.504106064356, "gamma": 0.13721119480351546}, "datetime": {"datetime": "2021-10-04 12:31:45", "elapsed": 40.683551, "delta": 0.501462}}
{"target": -2.2967218166192036, "params": {"C": 19527.745676838193, "gamma": 0.12903981195897987}, "datetime": {"datetime": "2021-10-04 12:31:45", "elapsed": 41.206999, "delta": 0.523448}}
{"target": -2.176435535143702, "params": {"C": 35424.54397095912, "gamma": 0.10092118050569808}, "datetime": {"datetime": "2021-10-04 12:31:46", "elapsed": 41.723711, "delta": 0.516712}}
{"target": -1.883070879062999, "params": {"C": 89162.69901117249, "gamma": 0.03588217784624205}, "datetime": {"datetime": "2021-10-04 12:31:46", "elapsed": 42.24743, "delta": 0.523719}}
{"target": -1.9760233052712386, "params": {"C": 67283.14888421749, "gamma": 0.02065363369674545}, "datetime": {"datetime": "2021-10-04 12:31:47", "elapsed": 42.748561, "delta": 0.501131}}
{"target": -2.324043975740516, "params": {"C": 40372.72325307943, "gamma": 0.12550270044020861}, "datetime": {"datetime": "2021-10-04 12:31:47", "elapsed": 43.281336, "delta": 0.532775}}
{"target": -2.2044782838579393, "params": {"C": 33065.80587754306, "gamma": 0.10693987009194154}, "datetime": {"datetime": "2021-10-04 12:31:48", "elapsed": 43.766873, "delta": 0.485537}}
{"target": -2.263602881115315, "params": {"C": 81924.32164494481, "gamma": 0.0966832633684581}, "datetime": {"datetime": "2021-10-04 12:31:48", "elapsed": 44.268336, "delta": 0.501463}}
{"target": -1.9996684403830247, "params": {"C": 33127.895283325015, "gamma": 0.023498910920741006}, "datetime": {"datetime": "2021-10-04 12:31:49", "elapsed": 44.785425, "delta": 0.517089}}
{"target": -1.9832566766387973, "params": {"C": 38274.452641019365, "gamma": 0.0682803279383498}, "datetime": {"datetime": "2021-10-04 12:31:49", "elapsed": 45.286893, "delta": 0.501468}}
{"target": -2.3371167598453453, "params": {"C": 70857.88707300776, "gamma": 0.11353713532433299}, "datetime": {"datetime": "2021-10-04 12:31:50", "elapsed": 45.788317, "delta": 0.501424}}
{"target": -1.8872884425838674, "params": {"C": 78373.51543867789, "gamma": 0.03967570115105617}, "datetime": {"datetime": "2021-10-04 12:31:50", "elapsed": 46.274118, "delta": 0.485801}}
{"target": -2.29616580732674, "params": {"C": 75015.09703761904, "gamma": 0.10469794404761906}, "datetime": {"datetime": "2021-10-04 12:31:51", "elapsed": 46.759587, "delta": 0.485469}}
{"target": -2.5004918045536613, "params": {"C": 23238.46253592246, "gamma": 0.1748402427521114}, "datetime": {"datetime": "2021-10-04 12:31:51", "elapsed": 47.261186, "delta": 0.501599}}
{"target": -2.1877719966998916, "params": {"C": 22350.45270091293, "gamma": 0.01612706974781032}, "datetime": {"datetime": "2021-10-04 12:31:52", "elapsed": 47.808673, "delta": 0.547487}}
{"target": -2.606526426064648, "params": {"C": 75783.34749038066, "gamma": 0.17726761337173455}, "datetime": {"datetime": "2021-10-04 12:31:52", "elapsed": 48.310184, "delta": 0.501511}}
{"target": -2.312470843634343, "params": {"C": 44783.977913206865, "gamma": 0.007512725900160056}, "datetime": {"datetime": "2021-10-04 12:31:53", "elapsed": 48.811646, "delta": 0.501462}}
{"target": -2.5414737659313205, "params": {"C": 65520.21822614591, "gamma": 0.16291793203839156}, "datetime": {"datetime": "2021-10-04 12:31:53", "elapsed": 49.313084, "delta": 0.501438}}
{"target": -2.386691091197632, "params": {"C": 68328.37511090559, "gamma": 0.12488028976182947}, "datetime": {"datetime": "2021-10-04 12:31:54", "elapsed": 49.814233, "delta": 0.501149}}
{"target": -1.9165858327639165, "params": {"C": 84139.82073653408, "gamma": 0.023533219353272017}, "datetime": {"datetime": "2021-10-04 12:31:55", "elapsed": 50.369078, "delta": 0.554845}}
{"target": -1.9391177339488375, "params": {"C": 27781.940301855582, "gamma": 0.030624663728885598}, "datetime": {"datetime": "2021-10-04 12:31:55", "elapsed": 50.93309, "delta": 0.564012}}
{"target": -2.1137197244234702, "params": {"C": 37269.74162959697, "gamma": 0.016478754622153625}, "datetime": {"datetime": "2021-10-04 12:31:56", "elapsed": 51.457672, "delta": 0.524582}}
{"target": -2.060916249725507, "params": {"C": 37469.47330749016, "gamma": 0.0806574534664006}, "datetime": {"datetime": "2021-10-04 12:31:56", "elapsed": 51.980714, "delta": 0.523042}}
{"target": -1.9010192371841839, "params": {"C": 25896.042346097143, "gamma": 0.03901353435846364}, "datetime": {"datetime": "2021-10-04 12:31:57", "elapsed": 52.513071, "delta": 0.532357}}
{"target": -2.6138354126526657, "params": {"C": 44473.023994510906, "gamma": 0.19466245058751244}, "datetime": {"datetime": "2021-10-04 12:31:57", "elapsed": 53.064527, "delta": 0.551456}}
{"target": -1.9391397717785768, "params": {"C": 86658.00554610291, "gamma": 0.04812303482379572}, "datetime": {"datetime": "2021-10-04 12:31:58", "elapsed": 53.759845, "delta": 0.695318}}
{"target": -2.170015557349308, "params": {"C": 24005.43110195067, "gamma": 0.10431828946483551}, "datetime": {"datetime": "2021-10-04 12:31:58", "elapsed": 54.345984, "delta": 0.586139}}
{"target": -2.5859927507453233, "params": {"C": 80341.64760739601, "gamma": 0.1693132864562391}, "datetime": {"datetime": "2021-10-04 12:31:59", "elapsed": 54.892523, "delta": 0.546539}}
{"target": -2.0355083954815383, "params": {"C": 49985.664335613896, "gamma": 0.07293320590758108}, "datetime": {"datetime": "2021-10-04 12:32:00", "elapsed": 55.547412, "delta": 0.654889}}
{"target": -2.0128966627282048, "params": {"C": 56512.563308679724, "gamma": 0.01928905044131596}, "datetime": {"datetime": "2021-10-04 12:32:00", "elapsed": 56.196077, "delta": 0.648665}}
{"target": -1.8673060661579512, "params": {"C": 64871.33426777876, "gamma": 0.0361939616917865}, "datetime": {"datetime": "2021-10-04 12:32:01", "elapsed": 56.793787, "delta": 0.59771}}
{"target": -2.512022154156563, "params": {"C": 80135.2209467188, "gamma": 0.14847321525311616}, "datetime": {"datetime": "2021-10-04 12:32:02", "elapsed": 57.379957, "delta": 0.58617}}
{"target": -2.460358234309378, "params": {"C": 59534.3362295987, "gamma": 0.14464060058326877}, "datetime": {"datetime": "2021-10-04 12:32:02", "elapsed": 58.06529, "delta": 0.685333}}
{"target": -2.3584520027516107, "params": {"C": 44428.28774383606, "gamma": 0.13006301697027828}, "datetime": {"datetime": "2021-10-04 12:32:03", "elapsed": 58.729532, "delta": 0.664242}}
{"target": -2.10628894621732, "params": {"C": 28001.94892591599, "gamma": 0.09191006458059957}, "datetime": {"datetime": "2021-10-04 12:32:04", "elapsed": 59.428529, "delta": 0.698997}}
{"target": -1.9015114827056951, "params": {"C": 31200.999377834713, "gamma": 0.05516389090586277}, "datetime": {"datetime": "2021-10-04 12:32:04", "elapsed": 60.086782, "delta": 0.658253}}
{"target": -1.868437751572372, "params": {"C": 68440.41653961837, "gamma": 0.035460714979138164}, "datetime": {"datetime": "2021-10-04 12:32:05", "elapsed": 60.704195, "delta": 0.617413}}
{"target": -2.250564540546967, "params": {"C": 85741.45117332984, "gamma": 0.09316918161672738}, "datetime": {"datetime": "2021-10-04 12:32:05", "elapsed": 61.337227, "delta": 0.633032}}
{"target": -1.8691781834787766, "params": {"C": 70378.26064914203, "gamma": 0.031929745955380937}, "datetime": {"datetime": "2021-10-04 12:32:06", "elapsed": 61.982611, "delta": 0.645384}}
{"target": -2.100457190532413, "params": {"C": 53931.18295022608, "gamma": 0.08078750447263548}, "datetime": {"datetime": "2021-10-04 12:32:07", "elapsed": 62.573525, "delta": 0.590914}}
{"target": -2.101972682791747, "params": {"C": 22548.685532677617, "gamma": 0.09166020493633996}, "datetime": {"datetime": "2021-10-04 12:32:07", "elapsed": 63.265488, "delta": 0.691963}}
{"target": -2.341631959527185, "params": {"C": 79056.74845925739, "gamma": 0.11144696797365496}, "datetime": {"datetime": "2021-10-04 12:32:08", "elapsed": 63.936141, "delta": 0.670653}}
{"target": -2.402119481520388, "params": {"C": 79373.21423815488, "gamma": 0.12380225295678295}, "datetime": {"datetime": "2021-10-04 12:32:09", "elapsed": 64.553556, "delta": 0.617415}}
{"target": -1.9339824217540371, "params": {"C": 48909.83708062563, "gamma": 0.05840003986681958}, "datetime": {"datetime": "2021-10-04 12:32:09", "elapsed": 65.170927, "delta": 0.617371}}
{"target": -1.921796695246406, "params": {"C": 77729.24799985773, "gamma": 0.04719133931598459}, "datetime": {"datetime": "2021-10-04 12:32:10", "elapsed": 65.872651, "delta": 0.701724}}
{"target": -2.54690018475917, "params": {"C": 46404.519531814425, "gamma": 0.17364236767639923}, "datetime": {"datetime": "2021-10-04 12:32:11", "elapsed": 66.512026, "delta": 0.639375}}
{"target": -2.4551846217622098, "params": {"C": 31337.61410130888, "gamma": 0.15813143621789824}, "datetime": {"datetime": "2021-10-04 12:32:11", "elapsed": 67.160669, "delta": 0.648643}}
{"target": -2.067877740748041, "params": {"C": 39964.011081790486, "gamma": 0.018196630045675954}, "datetime": {"datetime": "2021-10-04 12:32:12", "elapsed": 67.878269, "delta": 0.7176}}
{"target": -2.0443222835608577, "params": {"C": 45379.715380682544, "gamma": 0.07568395217534239}, "datetime": {"datetime": "2021-10-04 12:32:13", "elapsed": 68.532145, "delta": 0.653876}}
{"target": -2.257707497003727, "params": {"C": 64976.074923940476, "gamma": 0.008420587721914594}, "datetime": {"datetime": "2021-10-04 12:32:13", "elapsed": 69.16855, "delta": 0.636405}}
{"target": -2.5906181015198437, "params": {"C": 69311.76057406917, "gamma": 0.17539374756128093}, "datetime": {"datetime": "2021-10-04 12:32:14", "elapsed": 69.801538, "delta": 0.632988}}
{"target": -2.596785016473741, "params": {"C": 69136.07059865331, "gamma": 0.17725555272523}, "datetime": {"datetime": "2021-10-04 12:32:15", "elapsed": 70.588266, "delta": 0.786728}}
{"target": -2.456419932526555, "params": {"C": 88493.3010689082, "gamma": 0.13239113416762852}, "datetime": {"datetime": "2021-10-04 12:32:15", "elapsed": 71.344019, "delta": 0.755753}}
{"target": -2.114529778680647, "params": {"C": 88252.27148104343, "gamma": 0.012818568977473743}, "datetime": {"datetime": "2021-10-04 12:32:16", "elapsed": 71.992051, "delta": 0.648032}}
{"target": -2.0912845128825075, "params": {"C": 29182.452572744733, "gamma": 0.0888304586019024}, "datetime": {"datetime": "2021-10-04 12:32:17", "elapsed": 72.651783, "delta": 0.659732}}
{"target": -2.240241729661566, "params": {"C": 81627.38561628191, "gamma": 0.008448866704488469}, "datetime": {"datetime": "2021-10-04 12:32:17", "elapsed": 73.35389, "delta": 0.702107}}
{"target": -2.375672965262078, "params": {"C": 38720.15000334846, "gamma": 0.13679640236605495}, "datetime": {"datetime": "2021-10-04 12:32:18", "elapsed": 73.999247, "delta": 0.645357}}
{"target": -2.5303184128216256, "params": {"C": 25806.354898422956, "gamma": 0.18130595630079271}, "datetime": {"datetime": "2021-10-04 12:32:19", "elapsed": 74.73656, "delta": 0.737313}}
{"target": -2.563667392638074, "params": {"C": 23164.09661785197, "gamma": 0.19253447553098976}, "datetime": {"datetime": "2021-10-04 12:32:20", "elapsed": 75.460798, "delta": 0.724238}}
