{"target": 0.8607993572758119, "params": {"C": 4463.41944626759, "gamma": 0.16792346843811914}, "datetime": {"datetime": "2021-10-01 01:44:27", "elapsed": 136.362421, "delta": 1.814061}}
{"target": 0.8673031172649911, "params": {"C": 3404.015628311726, "gamma": 0.09042809171935288}, "datetime": {"datetime": "2021-10-01 01:44:28", "elapsed": 137.654066, "delta": 1.291645}}
{"target": 0.8449334142067965, "params": {"C": 3396.091196026722, "gamma": 0.0312604103496916}, "datetime": {"datetime": "2021-10-01 01:44:30", "elapsed": 139.328133, "delta": 1.674067}}
{"target": 0.8645464913513924, "params": {"C": 3411.2928263331055, "gamma": 0.11061353935292452}, "datetime": {"datetime": "2021-10-01 01:44:31", "elapsed": 140.77159, "delta": 1.443457}}
{"target": 0.6217125850254916, "params": {"C": 1279.5776429988232, "gamma": 0.004017758002457838}, "datetime": {"datetime": "2021-10-01 01:44:33", "elapsed": 142.454024, "delta": 1.682434}}
{"target": 0.7931483827996504, "params": {"C": 1870.0493167418117, "gamma": 0.1906069933541664}, "datetime": {"datetime": "2021-10-01 01:44:35", "elapsed": 144.203632, "delta": 1.749608}}
{"target": 0.7481292622542592, "params": {"C": 1173.9538102724757, "gamma": 0.18023964393727102}, "datetime": {"datetime": "2021-10-01 01:44:36", "elapsed": 145.84523, "delta": 1.641598}}
{"target": 0.7919049184343261, "params": {"C": 1070.2069948919948, "gamma": 0.07601548227209803}, "datetime": {"datetime": "2021-10-01 01:44:38", "elapsed": 147.372404, "delta": 1.527174}}
{"target": 0.7680833752308137, "params": {"C": 1487.1122209501632, "gamma": 0.193988100062936}, "datetime": {"datetime": "2021-10-01 01:44:39", "elapsed": 148.821339, "delta": 1.448935}}
{"target": 0.7780668846804069, "params": {"C": 1386.7427966971873, "gamma": 0.019510471742309687}, "datetime": {"datetime": "2021-10-01 01:44:41", "elapsed": 150.903845, "delta": 2.082506}}
{"target": 0.8609572852848681, "params": {"C": 4221.805046896385, "gamma": 0.0404151738094101}, "datetime": {"datetime": "2021-10-01 01:44:43", "elapsed": 152.951061, "delta": 2.047216}}
{"target": 0.8511573050401388, "params": {"C": 4235.077560349646, "gamma": 0.1891693693139093}, "datetime": {"datetime": "2021-10-01 01:44:45", "elapsed": 154.507928, "delta": 1.556867}}
{"target": 0.7750600325895577, "params": {"C": 4209.049655447148, "gamma": 0.00716992301093822}, "datetime": {"datetime": "2021-10-01 01:44:47", "elapsed": 156.227642, "delta": 1.719714}}
{"target": 0.8677914065558914, "params": {"C": 3463.074400814271, "gamma": 0.09427970379277842}, "datetime": {"datetime": "2021-10-01 01:44:48", "elapsed": 158.08004, "delta": 1.852398}}
{"target": 0.8678277607532239, "params": {"C": 3473.093325427326, "gamma": 0.09527123923282893}, "datetime": {"datetime": "2021-10-01 01:44:51", "elapsed": 160.302112, "delta": 2.222072}}
{"target": 0.7861159831989338, "params": {"C": 1965.79545294437, "gamma": 0.015616579783708371}, "datetime": {"datetime": "2021-10-01 01:44:53", "elapsed": 162.743463, "delta": 2.441351}}
{"target": 0.8208555948272733, "params": {"C": 2366.2663305612823, "gamma": 0.0252132354705109}, "datetime": {"datetime": "2021-10-01 01:44:55", "elapsed": 165.018062, "delta": 2.274599}}
{"target": 0.7873741360346572, "params": {"C": 1583.5180070400186, "gamma": 0.01989796706288706}, "datetime": {"datetime": "2021-10-01 01:44:58", "elapsed": 167.110876, "delta": 2.092814}}
{"target": 0.8443920434975427, "params": {"C": 2452.200728855423, "gamma": 0.046252915517481924}, "datetime": {"datetime": "2021-10-01 01:45:00", "elapsed": 169.324166, "delta": 2.21329}}
{"target": 0.8174982455226519, "params": {"C": 1678.002726619246, "gamma": 0.1128560022519459}, "datetime": {"datetime": "2021-10-01 01:45:02", "elapsed": 171.312835, "delta": 1.988669}}
{"target": 0.8082724671510618, "params": {"C": 2054.652611721017, "gamma": 0.022459670583024418}, "datetime": {"datetime": "2021-10-01 01:45:04", "elapsed": 173.967221, "delta": 2.654386}}
{"target": 0.809355925085133, "params": {"C": 1773.5241866865565, "gamma": 0.1439723020703927}, "datetime": {"datetime": "2021-10-01 01:45:06", "elapsed": 175.943713, "delta": 1.976492}}
{"target": 0.8737346100427461, "params": {"C": 3945.297532059191, "gamma": 0.09165455380094539}, "datetime": {"datetime": "2021-10-01 01:45:08", "elapsed": 177.46808, "delta": 1.524367}}
{"target": 0.8704287374851849, "params": {"C": 3935.8438893328635, "gamma": 0.11485047643792315}, "datetime": {"datetime": "2021-10-01 01:45:09", "elapsed": 178.597459, "delta": 1.129379}}
{"target": 0.8459841605404153, "params": {"C": 3955.5186946906056, "gamma": 0.19425670860717728}, "datetime": {"datetime": "2021-10-01 01:45:10", "elapsed": 179.751828, "delta": 1.154369}}
{"target": 0.8526307124745081, "params": {"C": 3925.098838710452, "gamma": 0.17429414987185518}, "datetime": {"datetime": "2021-10-01 01:45:11", "elapsed": 180.858348, "delta": 1.10652}}
{"target": 0.8388132656215123, "params": {"C": 2148.475000650003, "gamma": 0.04800912904614595}, "datetime": {"datetime": "2021-10-01 01:45:12", "elapsed": 182.013351, "delta": 1.155003}}
{"target": 0.851763980882977, "params": {"C": 2898.7651084131057, "gamma": 0.04633668654178827}, "datetime": {"datetime": "2021-10-01 01:45:14", "elapsed": 183.630699, "delta": 1.617348}}
{"target": 0.8719273907509885, "params": {"C": 4579.494001932083, "gamma": 0.05380911290144889}, "datetime": {"datetime": "2021-10-01 01:45:16", "elapsed": 185.112226, "delta": 1.481527}}
{"target": 0.8648947027393802, "params": {"C": 4589.4573436668325, "gamma": 0.1589949060536438}, "datetime": {"datetime": "2021-10-01 01:45:17", "elapsed": 186.583228, "delta": 1.471002}}
{"target": 0.8544901677575223, "params": {"C": 4569.192759497041, "gamma": 0.18955400736196948}, "datetime": {"datetime": "2021-10-01 01:45:18", "elapsed": 187.789229, "delta": 1.206001}}
{"target": 0.8625462202232821, "params": {"C": 4649.377339510005, "gamma": 0.0389969406426294}, "datetime": {"datetime": "2021-10-01 01:45:19", "elapsed": 189.082127, "delta": 1.292898}}
{"target": 0.876262693199771, "params": {"C": 4637.317047306297, "gamma": 0.06331686583366465}, "datetime": {"datetime": "2021-10-01 01:45:21", "elapsed": 190.35679, "delta": 1.274663}}
{"target": 0.8524951971277999, "params": {"C": 4629.327529494893, "gamma": 0.029400901359368056}, "datetime": {"datetime": "2021-10-01 01:45:22", "elapsed": 191.697447, "delta": 1.340657}}
{"target": 0.879028620778117, "params": {"C": 4662.011070249371, "gamma": 0.10552914563232627}, "datetime": {"datetime": "2021-10-01 01:45:23", "elapsed": 192.864291, "delta": 1.166844}}
{"target": 0.7643060430650089, "params": {"C": 4670.821487154391, "gamma": 0.00578381533519328}, "datetime": {"datetime": "2021-10-01 01:45:24", "elapsed": 194.068292, "delta": 1.204001}}
{"target": 0.8650842778177448, "params": {"C": 4656.490263537958, "gamma": 0.16028115696559414}, "datetime": {"datetime": "2021-10-01 01:45:26", "elapsed": 195.479741, "delta": 1.411449}}
{"target": 0.8175833095149814, "params": {"C": 2534.765680433048, "gamma": 0.19440504116566146}, "datetime": {"datetime": "2021-10-01 01:45:27", "elapsed": 197.052986, "delta": 1.573245}}
{"target": 0.8525661066020335, "params": {"C": 2605.333220355494, "gamma": 0.09706534957770245}, "datetime": {"datetime": "2021-10-01 01:45:29", "elapsed": 198.498063, "delta": 1.445077}}
{"target": 0.8696114131789722, "params": {"C": 3573.759630600078, "gamma": 0.08866264360995701}, "datetime": {"datetime": "2021-10-01 01:45:30", "elapsed": 199.862838, "delta": 1.364775}}
{"target": 0.8510529962012046, "params": {"C": 3564.3558162164045, "gamma": 0.035314052349254534}, "datetime": {"datetime": "2021-10-01 01:45:32", "elapsed": 201.266571, "delta": 1.403733}}
{"target": 0.838260363976489, "params": {"C": 24619.770596390168, "gamma": 0.008107467670094593}, "datetime": {"datetime": "2021-10-01 01:45:34", "elapsed": 0.0, "delta": 0.0}}
{"target": 0.9113503211043211, "params": {"C": 29734.81150454191, "gamma": 0.08875851134580055}, "datetime": {"datetime": "2021-10-01 01:45:34", "elapsed": 0.193001, "delta": 0.193001}}
{"target": 0.9091675315555499, "params": {"C": 23916.551093937007, "gamma": 0.0680759597377632}, "datetime": {"datetime": "2021-10-01 01:45:35", "elapsed": 0.390001, "delta": 0.197}}
{"target": 0.9001718573619792, "params": {"C": 14209.188531702912, "gamma": 0.12499638037108075}, "datetime": {"datetime": "2021-10-01 01:45:35", "elapsed": 0.605007, "delta": 0.215006}}
{"target": 0.9003983529044443, "params": {"C": 18484.460315353543, "gamma": 0.05556497319526473}, "datetime": {"datetime": "2021-10-01 01:45:35", "elapsed": 0.810138, "delta": 0.205131}}
{"target": 0.9075299602130451, "params": {"C": 32951.02247461827, "gamma": 0.1072409925725767}, "datetime": {"datetime": "2021-10-01 01:45:35", "elapsed": 1.019138, "delta": 0.209}}
{"target": 0.8854593016583605, "params": {"C": 32954.35875004687, "gamma": 0.1845923550011971}, "datetime": {"datetime": "2021-10-01 01:45:35", "elapsed": 1.278138, "delta": 0.259}}
{"target": 0.8687100348888124, "params": {"C": 5018.401327018981, "gamma": 0.15817784542687177}, "datetime": {"datetime": "2021-10-01 01:45:36", "elapsed": 1.547139, "delta": 0.269001}}
{"target": 0.9042273152119455, "params": {"C": 30615.16407422067, "gamma": 0.11989529082666736}, "datetime": {"datetime": "2021-10-01 01:45:36", "elapsed": 1.816138, "delta": 0.268999}}
{"target": 0.911263335403128, "params": {"C": 25421.19343022063, "gamma": 0.07892372443676703}, "datetime": {"datetime": "2021-10-01 01:45:36", "elapsed": 2.084137, "delta": 0.267999}}
{"target": 0.9016377439987765, "params": {"C": 18074.66984893669, "gamma": 0.12597934797666838}, "datetime": {"datetime": "2021-10-01 01:45:36", "elapsed": 2.357137, "delta": 0.273}}
{"target": 0.8936928793350722, "params": {"C": 36594.53156238074, "gamma": 0.040710768794526744}, "datetime": {"datetime": "2021-10-01 01:45:37", "elapsed": 2.640139, "delta": 0.283002}}
{"target": 0.8889790327495495, "params": {"C": 25421.001202418054, "gamma": 0.03963853662566156}, "datetime": {"datetime": "2021-10-01 01:45:37", "elapsed": 2.899137, "delta": 0.258998}}
{"target": 0.8662008033858628, "params": {"C": 43292.29290725184, "gamma": 0.022317576585213043}, "datetime": {"datetime": "2021-10-01 01:45:37", "elapsed": 3.166137, "delta": 0.267}}
{"target": 0.9117729781362779, "params": {"C": 38764.32599953283, "gamma": 0.08534612822867914}, "datetime": {"datetime": "2021-10-01 01:45:38", "elapsed": 3.426137, "delta": 0.26}}
{"target": 0.9059344207765642, "params": {"C": 21277.45047315168, "gamma": 0.11226459460614946}, "datetime": {"datetime": "2021-10-01 01:45:38", "elapsed": 3.693144, "delta": 0.267007}}
{"target": 0.9115464965116012, "params": {"C": 33302.90102977193, "gamma": 0.08797787961983154}, "datetime": {"datetime": "2021-10-01 01:45:38", "elapsed": 3.979145, "delta": 0.286001}}
{"target": 0.8820176332659353, "params": {"C": 47737.199426727086, "gamma": 0.03163586392618787}, "datetime": {"datetime": "2021-10-01 01:45:38", "elapsed": 4.282103, "delta": 0.302958}}
{"target": 0.8814637873681777, "params": {"C": 25932.97572469655, "gamma": 0.19749022775907396}, "datetime": {"datetime": "2021-10-01 01:45:39", "elapsed": 4.542102, "delta": 0.259999}}
{"target": 0.8650142603611212, "params": {"C": 42850.15615998674, "gamma": 0.021460539112437827}, "datetime": {"datetime": "2021-10-01 01:45:39", "elapsed": 4.830577, "delta": 0.288475}}
{"target": 0.8410257053464589, "params": {"C": 17413.686825470242, "gamma": 0.010355337609841756}, "datetime": {"datetime": "2021-10-01 01:45:39", "elapsed": 5.117573, "delta": 0.286996}}
{"target": 0.883659503006874, "params": {"C": 23576.917036276456, "gamma": 0.18918187504761164}, "datetime": {"datetime": "2021-10-01 01:45:40", "elapsed": 5.406752, "delta": 0.289179}}
{"target": 0.9123098259374818, "params": {"C": 46918.87661557494, "gamma": 0.06968911904496192}, "datetime": {"datetime": "2021-10-01 01:45:40", "elapsed": 5.69975, "delta": 0.292998}}
{"target": 0.8972128808421705, "params": {"C": 11331.741655732421, "gamma": 0.06279097118685374}, "datetime": {"datetime": "2021-10-01 01:45:40", "elapsed": 6.004415, "delta": 0.304665}}
{"target": 0.8917043880803629, "params": {"C": 8185.8116205357655, "gamma": 0.12609601052383998}, "datetime": {"datetime": "2021-10-01 01:45:40", "elapsed": 6.31446, "delta": 0.310045}}
{"target": 0.9014972529014996, "params": {"C": 12572.516601473115, "gamma": 0.11373407249594916}, "datetime": {"datetime": "2021-10-01 01:45:41", "elapsed": 6.599416, "delta": 0.284956}}
{"target": 0.9048318906445656, "params": {"C": 14630.610864237322, "gamma": 0.10509202946775324}, "datetime": {"datetime": "2021-10-01 01:45:41", "elapsed": 6.888475, "delta": 0.289059}}
{"target": 0.909804799720155, "params": {"C": 20589.348312253976, "gamma": 0.08040213399191788}, "datetime": {"datetime": "2021-10-01 01:45:41", "elapsed": 7.196474, "delta": 0.307999}}
{"target": 0.8850465140098845, "params": {"C": 45367.19167024661, "gamma": 0.18570824338398936}, "datetime": {"datetime": "2021-10-01 01:45:42", "elapsed": 7.500482, "delta": 0.304008}}
{"target": 0.9096540528648278, "params": {"C": 24193.492151860766, "gamma": 0.09668814943299937}, "datetime": {"datetime": "2021-10-01 01:45:42", "elapsed": 7.800474, "delta": 0.299992}}
{"target": 0.8989732971183217, "params": {"C": 34903.20704178659, "gamma": 0.1370395610324781}, "datetime": {"datetime": "2021-10-01 01:45:42", "elapsed": 8.104473, "delta": 0.303999}}
{"target": 0.90647585217426, "params": {"C": 42954.567791082365, "gamma": 0.10747980713664022}, "datetime": {"datetime": "2021-10-01 01:45:43", "elapsed": 8.421492, "delta": 0.317019}}
{"target": 0.892135534924118, "params": {"C": 11198.065650926783, "gamma": 0.1445065384633552}, "datetime": {"datetime": "2021-10-01 01:45:43", "elapsed": 8.730454, "delta": 0.308962}}
{"target": 0.8858945797827112, "params": {"C": 30711.61069030655, "gamma": 0.18293977174252857}, "datetime": {"datetime": "2021-10-01 01:45:43", "elapsed": 9.080442, "delta": 0.349988}}
{"target": 0.8993607862536184, "params": {"C": 44137.730774135074, "gamma": 0.13264464348792632}, "datetime": {"datetime": "2021-10-01 01:45:44", "elapsed": 9.409441, "delta": 0.328999}}
{"target": 0.8852629310329927, "params": {"C": 9368.59091959618, "gamma": 0.15856007129253938}, "datetime": {"datetime": "2021-10-01 01:45:44", "elapsed": 9.731479, "delta": 0.322038}}
{"target": 0.9000921917741271, "params": {"C": 34336.28857946865, "gamma": 0.13333698794037843}, "datetime": {"datetime": "2021-10-01 01:45:44", "elapsed": 10.058251, "delta": 0.326772}}
{"target": 0.8985948023415422, "params": {"C": 33804.15252062326, "gamma": 0.0455706862082736}, "datetime": {"datetime": "2021-10-01 01:45:44", "elapsed": 10.370248, "delta": 0.311997}}
{"target": 0.9012379970819955, "params": {"C": 17866.077756675364, "gamma": 0.05757783581855783}, "datetime": {"datetime": "2021-10-01 01:45:45", "elapsed": 10.681126, "delta": 0.310878}}
{"target": 0.9119345636703733, "params": {"C": 49444.990142940755, "gamma": 0.06612468337986162}, "datetime": {"datetime": "2021-10-01 01:45:45", "elapsed": 11.039349, "delta": 0.358223}}
{"target": 0.8850349912222357, "params": {"C": 10029.94163398906, "gamma": 0.16292747758485998}, "datetime": {"datetime": "2021-10-01 01:45:45", "elapsed": 11.370852, "delta": 0.331503}}
{"target": 0.8714122624096198, "params": {"C": 37464.05273027861, "gamma": 0.02589511959391388}, "datetime": {"datetime": "2021-10-01 01:45:46", "elapsed": 11.738483, "delta": 0.367631}}
{"target": 0.8521231934229319, "params": {"C": 25964.23190884706, "gamma": 0.012337617602852156}, "datetime": {"datetime": "2021-10-01 01:45:46", "elapsed": 12.096567, "delta": 0.358084}}
{"target": 0.8675575130106421, "params": {"C": 28968.25334906037, "gamma": 0.02351905252295172}, "datetime": {"datetime": "2021-10-01 01:45:47", "elapsed": 12.449909, "delta": 0.353342}}
{"target": 0.9120285433057119, "params": {"C": 30774.0474452696, "gamma": 0.08217618542465142}, "datetime": {"datetime": "2021-10-01 01:45:47", "elapsed": 12.852904, "delta": 0.402995}}
{"target": 0.9038069538734725, "params": {"C": 13726.266233769442, "gamma": 0.10704594605295192}, "datetime": {"datetime": "2021-10-01 01:45:47", "elapsed": 13.219448, "delta": 0.366544}}
{"target": 0.9093498095802637, "params": {"C": 26736.548072381025, "gamma": 0.06549323713167853}, "datetime": {"datetime": "2021-10-01 01:45:48", "elapsed": 13.664431, "delta": 0.444983}}
{"target": 0.891814399392413, "params": {"C": 44800.845652205826, "gamma": 0.16020630531546545}, "datetime": {"datetime": "2021-10-01 01:45:48", "elapsed": 14.184049, "delta": 0.519618}}
{"target": 0.8360012142616352, "params": {"C": 11816.209514571725, "gamma": 0.011161912802407994}, "datetime": {"datetime": "2021-10-01 01:45:49", "elapsed": 14.840051, "delta": 0.656002}}
{"target": 0.9104898499644889, "params": {"C": 42719.16337372993, "gamma": 0.06067307410979832}, "datetime": {"datetime": "2021-10-01 01:45:49", "elapsed": 15.209704, "delta": 0.369653}}
{"target": 0.8829059994978365, "params": {"C": 32405.05796854421, "gamma": 0.19363273242934423}, "datetime": {"datetime": "2021-10-01 01:45:50", "elapsed": 15.560713, "delta": 0.351009}}
{"target": 0.8649416123832623, "params": {"C": 29416.84916956117, "gamma": 0.021424683520695802}, "datetime": {"datetime": "2021-10-01 01:45:50", "elapsed": 15.933358, "delta": 0.372645}}
{"target": 0.8934746389872498, "params": {"C": 42594.09850970986, "gamma": 0.1545444583188184}, "datetime": {"datetime": "2021-10-01 01:45:50", "elapsed": 16.280316, "delta": 0.346958}}
{"target": 0.8858295045464144, "params": {"C": 44725.11255389087, "gamma": 0.1828028795889007}, "datetime": {"datetime": "2021-10-01 01:45:51", "elapsed": 16.637136, "delta": 0.35682}}
{"target": 0.9005811196658311, "params": {"C": 15315.993236585718, "gamma": 0.1258863635018939}, "datetime": {"datetime": "2021-10-01 01:45:51", "elapsed": 17.038614, "delta": 0.401478}}
{"target": 0.9104070355377065, "params": {"C": 22035.950884626942, "gamma": 0.0823724538277769}, "datetime": {"datetime": "2021-10-01 01:45:52", "elapsed": 17.398234, "delta": 0.35962}}
{"target": 0.9121077201677846, "params": {"C": 33215.1657401847, "gamma": 0.08292750626534585}, "datetime": {"datetime": "2021-10-01 01:45:52", "elapsed": 17.743233, "delta": 0.344999}}
{"target": 0.8935815110528784, "params": {"C": 43164.91543306065, "gamma": 0.1540109686207697}, "datetime": {"datetime": "2021-10-01 01:45:52", "elapsed": 18.121235, "delta": 0.378002}}
{"target": 0.8461416931587316, "params": {"C": 15399.72621528146, "gamma": 0.012657029836076202}, "datetime": {"datetime": "2021-10-01 01:45:53", "elapsed": 18.493275, "delta": 0.37204}}
{"target": 0.9030672292683614, "params": {"C": 47582.93210638947, "gamma": 0.04736247777250044}, "datetime": {"datetime": "2021-10-01 01:45:53", "elapsed": 18.899513, "delta": 0.406238}}
{"target": 0.9123151428370126, "params": {"C": 46576.78878951529, "gamma": 0.06964284351724559}, "datetime": {"datetime": "2021-10-01 01:45:53", "elapsed": 19.281931, "delta": 0.382418}}
{"target": 0.8913211196021269, "params": {"C": 38283.61436298968, "gamma": 0.03863263968837008}, "datetime": {"datetime": "2021-10-01 01:45:54", "elapsed": 19.643896, "delta": 0.361965}}
{"target": 0.873361436626162, "params": {"C": 26441.062824506073, "gamma": 0.028002968338686277}, "datetime": {"datetime": "2021-10-01 01:45:54", "elapsed": 20.018931, "delta": 0.375035}}
{"target": 0.9032691613716544, "params": {"C": 17319.090372583934, "gamma": 0.06208566464334296}, "datetime": {"datetime": "2021-10-01 01:45:55", "elapsed": 20.484931, "delta": 0.466}}
{"target": 0.9124766281862436, "params": {"C": 38721.84069878076, "gamma": 0.07799534423788583}, "datetime": {"datetime": "2021-10-01 01:45:55", "elapsed": 20.91011, "delta": 0.425179}}
{"target": 0.8955382594683662, "params": {"C": 35296.459785983934, "gamma": 0.14884216236812903}, "datetime": {"datetime": "2021-10-01 01:45:55", "elapsed": 21.301103, "delta": 0.390993}}
{"target": 0.8918381668929625, "params": {"C": 48709.131923179724, "gamma": 0.15922863709642163}, "datetime": {"datetime": "2021-10-01 01:45:56", "elapsed": 21.689108, "delta": 0.388005}}
{"target": 0.8866267732813744, "params": {"C": 28906.336061337122, "gamma": 0.18023260857903317}, "datetime": {"datetime": "2021-10-01 01:45:56", "elapsed": 22.064107, "delta": 0.374999}}
{"target": 0.8993531428122057, "params": {"C": 20245.431272475318, "gamma": 0.13561883416836165}, "datetime": {"datetime": "2021-10-01 01:45:57", "elapsed": 22.45211, "delta": 0.388003}}
{"target": 0.885451701247544, "params": {"C": 10139.37067709077, "gamma": 0.04727729431688949}, "datetime": {"datetime": "2021-10-01 01:45:57", "elapsed": 22.862112, "delta": 0.410002}}
{"target": 0.8939564596352825, "params": {"C": 44792.201702749735, "gamma": 0.15220142099875156}, "datetime": {"datetime": "2021-10-01 01:45:57", "elapsed": 23.305931, "delta": 0.443819}}
{"target": 0.8875813194402992, "params": {"C": 39300.73940640098, "gamma": 0.17674824562364772}, "datetime": {"datetime": "2021-10-01 01:45:58", "elapsed": 23.737517, "delta": 0.431586}}
{"target": 0.8892256925476442, "params": {"C": 6362.636330584295, "gamma": 0.10582819036317075}, "datetime": {"datetime": "2021-10-01 01:45:58", "elapsed": 24.15625, "delta": 0.418733}}
{"target": 0.8884926456729352, "params": {"C": 28399.69726399682, "gamma": 0.17374475924809438}, "datetime": {"datetime": "2021-10-01 01:45:59", "elapsed": 24.546547, "delta": 0.390297}}
{"target": 0.9109336495752143, "params": {"C": 31308.53926198262, "gamma": 0.09191697130057581}, "datetime": {"datetime": "2021-10-01 01:45:59", "elapsed": 24.955117, "delta": 0.40857}}
{"target": 0.8965451092620453, "params": {"C": 43219.70900825237, "gamma": 0.14314767441076934}, "datetime": {"datetime": "2021-10-01 01:45:59", "elapsed": 25.355703, "delta": 0.400586}}
