{"target": 0.6589423240806853, "params": {"C": 894.5923362565744, "gamma": 0.0045113290723148725}, "datetime": {"datetime": "2021-10-04 09:23:38", "elapsed": 371.956784, "delta": 2.746694}}
{"target": 0.6318520746819376, "params": {"C": 692.3033985760802, "gamma": 0.004561522540116814}, "datetime": {"datetime": "2021-10-04 09:23:40", "elapsed": 374.259998, "delta": 2.303214}}
{"target": 0.7534236611668627, "params": {"C": 935.2332424625906, "gamma": 0.013654162601806425}, "datetime": {"datetime": "2021-10-04 09:23:42", "elapsed": 376.244652, "delta": 1.984654}}
{"target": 0.7096446038117659, "params": {"C": 935.1382706803034, "gamma": 0.006859724396258118}, "datetime": {"datetime": "2021-10-04 09:23:44", "elapsed": 378.757494, "delta": 2.512842}}
{"target": 0.5913442311289125, "params": {"C": 244.14178824623073, "gamma": 0.052630814850357296}, "datetime": {"datetime": "2021-10-04 09:23:46", "elapsed": 380.162413, "delta": 1.404919}}
{"target": 0.6935544613736948, "params": {"C": 882.0878046622917, "gamma": 0.006142835756054321}, "datetime": {"datetime": "2021-10-04 09:23:48", "elapsed": 382.151264, "delta": 1.988851}}
{"target": 0.7759637863980171, "params": {"C": 935.3668477443937, "gamma": 0.03963572342480128}, "datetime": {"datetime": "2021-10-04 09:23:50", "elapsed": 384.526284, "delta": 2.37502}}
{"target": 0.7704150605896223, "params": {"C": 881.8338346337716, "gamma": 0.03954133194888206}, "datetime": {"datetime": "2021-10-04 09:23:52", "elapsed": 386.80068, "delta": 2.274396}}
{"target": 0.7350335098916014, "params": {"C": 935.4657335183794, "gamma": 0.00958626210550956}, "datetime": {"datetime": "2021-10-04 09:23:55", "elapsed": 389.159379, "delta": 2.358699}}
{"target": 0.7500124073738879, "params": {"C": 935.4411279427281, "gamma": 0.0783482564993884}, "datetime": {"datetime": "2021-10-04 09:23:58", "elapsed": 392.143897, "delta": 2.984518}}
{"target": 0.7615100876103595, "params": {"C": 881.7696964556702, "gamma": 0.05665881481268464}, "datetime": {"datetime": "2021-10-04 09:24:01", "elapsed": 394.863101, "delta": 2.719204}}
{"target": 0.7207963903247155, "params": {"C": 881.8408084400696, "gamma": 0.10054852962269258}, "datetime": {"datetime": "2021-10-04 09:24:02", "elapsed": 396.806922, "delta": 1.943821}}
{"target": 0.7193192299319802, "params": {"C": 634.7987224887277, "gamma": 0.060584008244890034}, "datetime": {"datetime": "2021-10-04 09:24:04", "elapsed": 398.304862, "delta": 1.49794}}
{"target": 0.611125986838065, "params": {"C": 935.3222512847476, "gamma": 0.0030911363401121485}, "datetime": {"datetime": "2021-10-04 09:24:07", "elapsed": 401.431785, "delta": 3.126923}}
{"target": 0.7050211308555071, "params": {"C": 802.0652876620928, "gamma": 0.10307316509433363}, "datetime": {"datetime": "2021-10-04 09:24:09", "elapsed": 402.859493, "delta": 1.427708}}
{"target": 0.6692716084864774, "params": {"C": 894.8816176795161, "gamma": 0.004894344781932644}, "datetime": {"datetime": "2021-10-04 09:24:10", "elapsed": 404.596046, "delta": 1.736553}}
{"target": 0.7492392843246174, "params": {"C": 700.6875799758761, "gamma": 0.03016362598195421}, "datetime": {"datetime": "2021-10-04 09:24:13", "elapsed": 407.455135, "delta": 2.859089}}
{"target": 0.7332714575442212, "params": {"C": 935.1901687530518, "gamma": 0.09586341968167039}, "datetime": {"datetime": "2021-10-04 09:24:15", "elapsed": 409.728069, "delta": 2.272934}}
{"target": 0.7459767426355197, "params": {"C": 935.3772889974092, "gamma": 0.08268226715917613}, "datetime": {"datetime": "2021-10-04 09:24:18", "elapsed": 412.102271, "delta": 2.374202}}
{"target": 0.7097935317831007, "params": {"C": 933.4652402937264, "gamma": 0.11937259956797924}, "datetime": {"datetime": "2021-10-04 09:24:21", "elapsed": 414.922932, "delta": 2.820661}}
{"target": 0.749955915304382, "params": {"C": 881.6591925181115, "gamma": 0.070642017360278}, "datetime": {"datetime": "2021-10-04 09:24:23", "elapsed": 417.672145, "delta": 2.749213}}
{"target": 0.44342302589822014, "params": {"C": 147.6920819644792, "gamma": 0.07991766107055391}, "datetime": {"datetime": "2021-10-04 09:24:25", "elapsed": 419.261545, "delta": 1.5894}}
{"target": 0.6657516616308208, "params": {"C": 881.7064859764118, "gamma": 0.15564787674925823}, "datetime": {"datetime": "2021-10-04 09:24:27", "elapsed": 421.361437, "delta": 2.099892}}
{"target": 0.7093526225464285, "params": {"C": 881.5832705262079, "gamma": 0.11177120853911564}, "datetime": {"datetime": "2021-10-04 09:24:29", "elapsed": 423.438756, "delta": 2.077319}}
{"target": 0.6940110312101466, "params": {"C": 905.9920692887175, "gamma": 0.13096192406623486}, "datetime": {"datetime": "2021-10-04 09:24:31", "elapsed": 425.302514, "delta": 1.863758}}
{"target": 0.7581571379847561, "params": {"C": 881.6923645374957, "gamma": 0.017376219454982873}, "datetime": {"datetime": "2021-10-04 09:24:35", "elapsed": 429.178908, "delta": 3.876394}}
{"target": 0.7482752527459753, "params": {"C": 700.5773011999127, "gamma": 0.026251986627672894}, "datetime": {"datetime": "2021-10-04 09:24:37", "elapsed": 431.656001, "delta": 2.477093}}
{"target": 0.7639715590881344, "params": {"C": 935.574389982531, "gamma": 0.06202111022499118}, "datetime": {"datetime": "2021-10-04 09:24:41", "elapsed": 434.864745, "delta": 3.208744}}
{"target": 0.6660339052926707, "params": {"C": 935.591918343666, "gamma": 0.004594592193952477}, "datetime": {"datetime": "2021-10-04 09:24:43", "elapsed": 436.935278, "delta": 2.070533}}
{"target": 0.7018718556773509, "params": {"C": 700.4717954915907, "gamma": 0.08842752471961601}, "datetime": {"datetime": "2021-10-04 09:24:45", "elapsed": 439.802584, "delta": 2.867306}}
{"target": 0.6722614489847726, "params": {"C": 935.7040875902817, "gamma": 0.15851657765869626}, "datetime": {"datetime": "2021-10-04 09:24:49", "elapsed": 443.052534, "delta": 3.24995}}
{"target": 0.7434220808668166, "params": {"C": 935.5128621137749, "gamma": 0.08540373054368637}, "datetime": {"datetime": "2021-10-04 09:24:52", "elapsed": 446.781518, "delta": 3.728984}}
{"target": 0.7743543070570574, "params": {"C": 920.2307417572699, "gamma": 0.031118591210319207}, "datetime": {"datetime": "2021-10-04 09:24:55", "elapsed": 449.062791, "delta": 2.281273}}
{"target": 0.635900003484754, "params": {"C": 935.5658641802788, "gamma": 0.19866530093013654}, "datetime": {"datetime": "2021-10-04 09:24:57", "elapsed": 451.470718, "delta": 2.407927}}
{"target": 0.7425340870611594, "params": {"C": 881.6089847168297, "gamma": 0.011891853265855437}, "datetime": {"datetime": "2021-10-04 09:24:59", "elapsed": 453.807438, "delta": 2.33672}}
{"target": 0.7028194897896041, "params": {"C": 920.3183559877466, "gamma": 0.12437602441634579}, "datetime": {"datetime": "2021-10-04 09:25:03", "elapsed": 457.688335, "delta": 3.880897}}
{"target": 0.6758382119882569, "params": {"C": 935.074107456401, "gamma": 0.1546149363159148}, "datetime": {"datetime": "2021-10-04 09:25:05", "elapsed": 459.30502, "delta": 1.616685}}
{"target": 0.7354391179660809, "params": {"C": 634.9078956445687, "gamma": 0.04197220623543137}, "datetime": {"datetime": "2021-10-04 09:25:08", "elapsed": 461.980171, "delta": 2.675151}}
{"target": 0.7485543239805056, "params": {"C": 920.3156734293623, "gamma": 0.012583771139255169}, "datetime": {"datetime": "2021-10-04 09:25:11", "elapsed": 465.173078, "delta": 3.192907}}
{"target": 0.6005426900268915, "params": {"C": 634.8836292814459, "gamma": 0.16613386221803406}, "datetime": {"datetime": "2021-10-04 09:25:14", "elapsed": 467.898173, "delta": 2.725095}}
{"target": 0.7132740417814607, "params": {"C": 504.5129710715744, "gamma": 0.0357498808716877}, "datetime": {"datetime": "2021-10-04 09:25:16", "elapsed": 470.197066, "delta": 2.298893}}
{"target": 0.7461774713565813, "params": {"C": 745.344287700661, "gamma": 0.01823381839822259}, "datetime": {"datetime": "2021-10-04 09:25:18", "elapsed": 472.085157, "delta": 1.888091}}
{"target": 0.8543375650990852, "params": {"C": 2668.088018810296, "gamma": 0.05790563498193049}, "datetime": {"datetime": "2021-10-04 09:25:20", "elapsed": 0.0, "delta": 0.0}}
{"target": 0.7778677220997099, "params": {"C": 1000.4574992693796, "gamma": 0.024884273237915342}, "datetime": {"datetime": "2021-10-04 09:25:20", "elapsed": 0.217237, "delta": 0.217237}}
{"target": 0.7633142251991725, "params": {"C": 1587.023563268452, "gamma": 0.008294748986735026}, "datetime": {"datetime": "2021-10-04 09:25:20", "elapsed": 0.417516, "delta": 0.200279}}
{"target": 0.8206150544491044, "params": {"C": 1745.0408455106835, "gamma": 0.028299297436400774}, "datetime": {"datetime": "2021-10-04 09:25:21", "elapsed": 0.661207, "delta": 0.243691}}
{"target": 0.8520958749637078, "params": {"C": 2587.0698969226796, "gamma": 0.0435665219862652}, "datetime": {"datetime": "2021-10-04 09:25:21", "elapsed": 0.865632, "delta": 0.204425}}
{"target": 0.8573410496372887, "params": {"C": 2901.7097907572356, "gamma": 0.06772319812664816}, "datetime": {"datetime": "2021-10-04 09:25:21", "elapsed": 1.181761, "delta": 0.316129}}
{"target": 0.8396841985416927, "params": {"C": 2115.2960936332247, "gamma": 0.05549010759241595}, "datetime": {"datetime": "2021-10-04 09:25:22", "elapsed": 1.532419, "delta": 0.350658}}
{"target": 0.8219819503765201, "params": {"C": 2903.0904379485946, "gamma": 0.014282532447840758}, "datetime": {"datetime": "2021-10-04 09:25:22", "elapsed": 1.783445, "delta": 0.251026}}
{"target": 0.8013063134768073, "params": {"C": 1344.2883921244131, "gamma": 0.060936615667442635}, "datetime": {"datetime": "2021-10-04 09:25:22", "elapsed": 2.053128, "delta": 0.269683}}
{"target": 0.8543646045587526, "params": {"C": 2900.9930519769787, "gamma": 0.07662737219481022}, "datetime": {"datetime": "2021-10-04 09:25:22", "elapsed": 2.345979, "delta": 0.292851}}
{"target": 0.8369794058418771, "params": {"C": 2670.3800012793195, "gamma": 0.022509755727370635}, "datetime": {"datetime": "2021-10-04 09:25:23", "elapsed": 2.705275, "delta": 0.359296}}
{"target": 0.7939466336671313, "params": {"C": 2665.539745820155, "gamma": 0.008643085790500802}, "datetime": {"datetime": "2021-10-04 09:25:23", "elapsed": 3.087334, "delta": 0.382059}}
{"target": 0.8505205812695283, "params": {"C": 2589.0714828457267, "gamma": 0.06663311310054273}, "datetime": {"datetime": "2021-10-04 09:25:23", "elapsed": 3.372592, "delta": 0.285258}}
{"target": 0.8486302296808357, "params": {"C": 2584.7114801111024, "gamma": 0.03516931341940622}, "datetime": {"datetime": "2021-10-04 09:25:24", "elapsed": 3.673312, "delta": 0.30072}}
{"target": 0.8505382697216813, "params": {"C": 2582.0337722419026, "gamma": 0.06597085958044462}, "datetime": {"datetime": "2021-10-04 09:25:24", "elapsed": 3.958432, "delta": 0.28512}}
{"target": 0.8516254078876078, "params": {"C": 2579.46904796898, "gamma": 0.061428137846943794}, "datetime": {"datetime": "2021-10-04 09:25:24", "elapsed": 4.243694, "delta": 0.285262}}
{"target": 0.8515174818803926, "params": {"C": 2576.6623067105593, "gamma": 0.061607861742546545}, "datetime": {"datetime": "2021-10-04 09:25:25", "elapsed": 4.528986, "delta": 0.285292}}
{"target": 0.8511764558287958, "params": {"C": 2573.931204090173, "gamma": 0.06279878168941909}, "datetime": {"datetime": "2021-10-04 09:25:25", "elapsed": 4.807679, "delta": 0.278693}}
{"target": 0.852068796576686, "params": {"C": 2571.348877559918, "gamma": 0.05796172254940741}, "datetime": {"datetime": "2021-10-04 09:25:25", "elapsed": 5.092902, "delta": 0.285223}}
{"target": 0.8501945098359458, "params": {"C": 2568.085715743758, "gamma": 0.0659446513778692}, "datetime": {"datetime": "2021-10-04 09:25:25", "elapsed": 5.378109, "delta": 0.285207}}
{"target": 0.849756972814464, "params": {"C": 2564.8318167260095, "gamma": 0.038095112275598336}, "datetime": {"datetime": "2021-10-04 09:25:26", "elapsed": 5.663356, "delta": 0.285247}}
{"target": 0.8448246330104202, "params": {"C": 2561.368486530353, "gamma": 0.07969743581834687}, "datetime": {"datetime": "2021-10-04 09:25:26", "elapsed": 5.948559, "delta": 0.285203}}
{"target": 0.8521821370360343, "params": {"C": 2592.6775898985466, "gamma": 0.0602761039156337}, "datetime": {"datetime": "2021-10-04 09:25:26", "elapsed": 6.249413, "delta": 0.300854}}
{"target": 0.7983557729098139, "params": {"C": 2595.5047914546676, "gamma": 0.009676246236928525}, "datetime": {"datetime": "2021-10-04 09:25:27", "elapsed": 6.534425, "delta": 0.285012}}
{"target": 0.8473357732995416, "params": {"C": 2558.1636095115673, "gamma": 0.0735439713534683}, "datetime": {"datetime": "2021-10-04 09:25:27", "elapsed": 6.850915, "delta": 0.31649}}
{"target": 0.8500306920018792, "params": {"C": 2555.320879521073, "gamma": 0.06538707526207653}, "datetime": {"datetime": "2021-10-04 09:25:27", "elapsed": 7.151808, "delta": 0.300893}}
{"target": 0.8328510956870234, "params": {"C": 2552.244846644302, "gamma": 0.021394716907080686}, "datetime": {"datetime": "2021-10-04 09:25:28", "elapsed": 7.468282, "delta": 0.316474}}
{"target": 0.8511409835932869, "params": {"C": 2590.7896016016293, "gamma": 0.04012636347055141}, "datetime": {"datetime": "2021-10-04 09:25:28", "elapsed": 7.768834, "delta": 0.300552}}
{"target": 0.8389211793197011, "params": {"C": 2109.9854764791103, "gamma": 0.05826524146764818}, "datetime": {"datetime": "2021-10-04 09:25:28", "elapsed": 8.054034, "delta": 0.2852}}
{"target": 0.82473486433078, "params": {"C": 2119.5478333222663, "gamma": 0.022348907572526784}, "datetime": {"datetime": "2021-10-04 09:25:28", "elapsed": 8.357815, "delta": 0.303781}}
{"target": 0.8023399304282272, "params": {"C": 2105.5495049042465, "gamma": 0.013107644889332914}, "datetime": {"datetime": "2021-10-04 09:25:29", "elapsed": 8.681412, "delta": 0.323597}}
{"target": 0.8300825937966064, "params": {"C": 4521.353874778086, "gamma": 0.011437038683950209}, "datetime": {"datetime": "2021-10-04 09:25:29", "elapsed": 8.987807, "delta": 0.306395}}
{"target": 0.6324903658934741, "params": {"C": 1092.775282664929, "gamma": 0.003181620920801438}, "datetime": {"datetime": "2021-10-04 09:25:29", "elapsed": 9.304278, "delta": 0.316471}}
{"target": 0.8528230211519501, "params": {"C": 4510.387106168166, "gamma": 0.019305750975263918}, "datetime": {"datetime": "2021-10-04 09:25:30", "elapsed": 9.64261, "delta": 0.338332}}
{"target": 0.8781427055401456, "params": {"C": 4504.9672387405835, "gamma": 0.0756577150344918}, "datetime": {"datetime": "2021-10-04 09:25:30", "elapsed": 9.959091, "delta": 0.316481}}
{"target": 0.8595265915963974, "params": {"C": 4500.837604120705, "gamma": 0.02305123259738132}, "datetime": {"datetime": "2021-10-04 09:25:30", "elapsed": 10.338055, "delta": 0.378964}}
{"target": 0.8801923311603597, "params": {"C": 4494.377185693051, "gamma": 0.06544898234887829}, "datetime": {"datetime": "2021-10-04 09:25:31", "elapsed": 10.745358, "delta": 0.407303}}
{"target": 0.8805296598717518, "params": {"C": 4489.811907276983, "gamma": 0.05515916641817044}, "datetime": {"datetime": "2021-10-04 09:25:31", "elapsed": 11.124375, "delta": 0.379017}}
{"target": 0.832552859249811, "params": {"C": 4485.258257301193, "gamma": 0.012138461037826447}, "datetime": {"datetime": "2021-10-04 09:25:32", "elapsed": 11.462989, "delta": 0.338614}}
{"target": 0.7980584873197444, "params": {"C": 1216.3604932428643, "gamma": 0.046952024271104884}, "datetime": {"datetime": "2021-10-04 09:25:32", "elapsed": 11.848462, "delta": 0.385473}}
{"target": 0.8622023732259061, "params": {"C": 4721.793198071291, "gamma": 0.023728787358986106}, "datetime": {"datetime": "2021-10-04 09:25:32", "elapsed": 12.211825, "delta": 0.363363}}
{"target": 0.877928981647508, "params": {"C": 4726.864418707553, "gamma": 0.039811362782575126}, "datetime": {"datetime": "2021-10-04 09:25:33", "elapsed": 12.55007, "delta": 0.338245}}
{"target": 0.8666548296064875, "params": {"C": 4731.481255794273, "gamma": 0.026899651757341977}, "datetime": {"datetime": "2021-10-04 09:25:33", "elapsed": 12.897422, "delta": 0.347352}}
{"target": 0.8805494366745752, "params": {"C": 4737.138709175775, "gamma": 0.045321323714926705}, "datetime": {"datetime": "2021-10-04 09:25:33", "elapsed": 13.282904, "delta": 0.385482}}
{"target": 0.8784438014627891, "params": {"C": 4741.595660061401, "gamma": 0.04054388613316553}, "datetime": {"datetime": "2021-10-04 09:25:34", "elapsed": 13.668565, "delta": 0.385661}}
{"target": 0.8522855339210106, "params": {"C": 4746.5967054420635, "gamma": 0.0182286115310859}, "datetime": {"datetime": "2021-10-04 09:25:34", "elapsed": 14.084775, "delta": 0.41621}}
{"target": 0.8050948531325464, "params": {"C": 4715.741340978122, "gamma": 0.006630182012863213}, "datetime": {"datetime": "2021-10-04 09:25:35", "elapsed": 14.454311, "delta": 0.369536}}
{"target": 0.8430299829179166, "params": {"C": 4754.544751052075, "gamma": 0.014608648585706624}, "datetime": {"datetime": "2021-10-04 09:25:35", "elapsed": 14.833281, "delta": 0.37897}}
{"target": 0.8817908628951597, "params": {"C": 4763.221593241636, "gamma": 0.048658408696394}, "datetime": {"datetime": "2021-10-04 09:25:35", "elapsed": 15.21879, "delta": 0.385509}}
{"target": 0.878727600941405, "params": {"C": 4767.402779284463, "gamma": 0.04071186827048477}, "datetime": {"datetime": "2021-10-04 09:25:36", "elapsed": 15.688966, "delta": 0.470176}}
{"target": 0.8769915484433207, "params": {"C": 4772.461580665577, "gamma": 0.037717082239028865}, "datetime": {"datetime": "2021-10-04 09:25:36", "elapsed": 16.074518, "delta": 0.385552}}
{"target": 0.8821635862679169, "params": {"C": 4777.279668358471, "gamma": 0.0691833624665737}, "datetime": {"datetime": "2021-10-04 09:25:37", "elapsed": 16.459735, "delta": 0.385217}}
{"target": 0.8824732826953975, "params": {"C": 4781.873895748361, "gamma": 0.051030454373355086}, "datetime": {"datetime": "2021-10-04 09:25:37", "elapsed": 16.823094, "delta": 0.363359}}
{"target": 0.8828663569900751, "params": {"C": 4786.697631371671, "gamma": 0.05320770358229062}, "datetime": {"datetime": "2021-10-04 09:25:37", "elapsed": 17.25548, "delta": 0.432386}}
{"target": 0.8797302009764882, "params": {"C": 4791.217123039122, "gamma": 0.042357559910231685}, "datetime": {"datetime": "2021-10-04 09:25:38", "elapsed": 17.67877, "delta": 0.42329}}
{"target": 0.8832809096880341, "params": {"C": 4796.532112860769, "gamma": 0.060905442047927943}, "datetime": {"datetime": "2021-10-04 09:25:38", "elapsed": 18.064258, "delta": 0.385488}}
{"target": 0.8825316549410894, "params": {"C": 4800.941545378651, "gamma": 0.06824933041655294}, "datetime": {"datetime": "2021-10-04 09:25:39", "elapsed": 18.465277, "delta": 0.401019}}
{"target": 0.8474421433540635, "params": {"C": 4806.132526463485, "gamma": 0.016046028987678373}, "datetime": {"datetime": "2021-10-04 09:25:39", "elapsed": 18.866316, "delta": 0.401039}}
{"target": 0.8122310717292794, "params": {"C": 2292.5148544136223, "gamma": 0.014819453174543546}, "datetime": {"datetime": "2021-10-04 09:25:39", "elapsed": 19.283137, "delta": 0.416821}}
{"target": 0.8507089940925602, "params": {"C": 3995.906045321597, "gamma": 0.02046180575441793}, "datetime": {"datetime": "2021-10-04 09:25:40", "elapsed": 19.70732, "delta": 0.424183}}
{"target": 0.8725487128947272, "params": {"C": 3987.335074920642, "gamma": 0.04212106295966389}, "datetime": {"datetime": "2021-10-04 09:25:40", "elapsed": 20.100077, "delta": 0.392757}}
{"target": 0.871810428638564, "params": {"C": 3982.2605318812066, "gamma": 0.04062718018733389}, "datetime": {"datetime": "2021-10-04 09:25:41", "elapsed": 20.50102, "delta": 0.400943}}
{"target": 0.8690888381463671, "params": {"C": 3976.6722310026585, "gamma": 0.03605774381289718}, "datetime": {"datetime": "2021-10-04 09:25:41", "elapsed": 20.970774, "delta": 0.469754}}
{"target": 0.8423848100451885, "params": {"C": 3970.594166834355, "gamma": 0.016793306203399753}, "datetime": {"datetime": "2021-10-04 09:25:41", "elapsed": 21.387549, "delta": 0.416775}}
{"target": 0.5940818162760593, "params": {"C": 4005.1887682418983, "gamma": 0.001}, "datetime": {"datetime": "2021-10-04 09:25:42", "elapsed": 21.804271, "delta": 0.416722}}
{"target": 0.8675214643001024, "params": {"C": 3634.0861788306047, "gamma": 0.03973103348220993}, "datetime": {"datetime": "2021-10-04 09:25:42", "elapsed": 22.252291, "delta": 0.44802}}
{"target": 0.8546360181163963, "params": {"C": 3626.4377803257103, "gamma": 0.02518686455713255}, "datetime": {"datetime": "2021-10-04 09:25:43", "elapsed": 22.721935, "delta": 0.469644}}
{"target": 0.8711169021173905, "params": {"C": 3641.6323297520707, "gamma": 0.052352438654196885}, "datetime": {"datetime": "2021-10-04 09:25:43", "elapsed": 23.169993, "delta": 0.448058}}
{"target": 0.8685552343605707, "params": {"C": 3648.95824046689, "gamma": 0.04158607472319537}, "datetime": {"datetime": "2021-10-04 09:25:44", "elapsed": 23.608897, "delta": 0.438904}}
{"target": 0.7636943332347685, "params": {"C": 3656.637333806023, "gamma": 0.004098202661158096}, "datetime": {"datetime": "2021-10-04 09:25:44", "elapsed": 24.040847, "delta": 0.43195}}
{"target": 0.8709104755594078, "params": {"C": 3616.451483623379, "gamma": 0.05423665271617324}, "datetime": {"datetime": "2021-10-04 09:25:45", "elapsed": 24.541913, "delta": 0.501066}}
{"target": 0.869758334121463, "params": {"C": 3609.4079746528287, "gamma": 0.06648251124814931}, "datetime": {"datetime": "2021-10-04 09:25:45", "elapsed": 24.996531, "delta": 0.454618}}
{"target": 0.8690407031119166, "params": {"C": 3602.013795049513, "gamma": 0.06929182869314952}, "datetime": {"datetime": "2021-10-04 09:25:46", "elapsed": 25.460171, "delta": 0.46364}}
{"target": 0.8698811856590529, "params": {"C": 3594.2940023639962, "gamma": 0.0480397215515476}, "datetime": {"datetime": "2021-10-04 09:25:46", "elapsed": 25.930349, "delta": 0.470178}}
{"target": 0.8636298834627985, "params": {"C": 3586.2607828999676, "gamma": 0.03433399903106243}, "datetime": {"datetime": "2021-10-04 09:25:47", "elapsed": 26.443256, "delta": 0.512907}}
