{"target": 0.3849494438506669, "params": {"C": 88.47764519936584, "gamma": 0.058316016711183624}, "datetime": {"datetime": "2021-10-04 08:54:00", "elapsed": 66.594898, "delta": 0.968932}}
{"target": 0.43815287011953885, "params": {"C": 88.49405981331438, "gamma": 0.011321876513385405}, "datetime": {"datetime": "2021-10-04 08:54:01", "elapsed": 67.629029, "delta": 1.034131}}
{"target": 0.4292843728005705, "params": {"C": 77.38676917491257, "gamma": 0.01461622086481541}, "datetime": {"datetime": "2021-10-04 08:54:02", "elapsed": 68.551668, "delta": 0.922639}}
{"target": 0.4202957939588948, "params": {"C": 88.43556617561636, "gamma": 0.009142832108100825}, "datetime": {"datetime": "2021-10-04 08:54:03", "elapsed": 69.357765, "delta": 0.806097}}
{"target": 0.30809167945518423, "params": {"C": 77.39616166395625, "gamma": 0.07732676355994057}, "datetime": {"datetime": "2021-10-04 08:54:04", "elapsed": 70.38071, "delta": 1.022945}}
{"target": -0.2210078390602115, "params": {"C": 36.51872359798, "gamma": 0.4863167130702434}, "datetime": {"datetime": "2021-10-04 08:54:05", "elapsed": 71.072815, "delta": 0.692105}}
{"target": 0.4422532747473188, "params": {"C": 88.35618472865201, "gamma": 0.035250954353164894}, "datetime": {"datetime": "2021-10-04 08:54:05", "elapsed": 71.916752, "delta": 0.843937}}
{"target": 0.2855665597092887, "params": {"C": 88.37333317753796, "gamma": 0.10176737959138571}, "datetime": {"datetime": "2021-10-04 08:54:06", "elapsed": 72.800901, "delta": 0.884149}}
{"target": 0.32942397476135055, "params": {"C": 88.24818783556799, "gamma": 0.08096067581550453}, "datetime": {"datetime": "2021-10-04 08:54:07", "elapsed": 73.664318, "delta": 0.863417}}
{"target": 0.2809050382078777, "params": {"C": 49.94636408634916, "gamma": 0.049911794189496116}, "datetime": {"datetime": "2021-10-04 08:54:08", "elapsed": 74.457342, "delta": 0.793024}}
{"target": 0.4496138351723553, "params": {"C": 88.27496688138304, "gamma": 0.0316569107562235}, "datetime": {"datetime": "2021-10-04 08:54:09", "elapsed": 75.284065, "delta": 0.826723}}
{"target": 0.27607661244574466, "params": {"C": 90.3333102354817, "gamma": 0.002452289133730871}, "datetime": {"datetime": "2021-10-04 08:54:10", "elapsed": 76.28461, "delta": 1.000545}}
{"target": 0.43698167505049756, "params": {"C": 77.29546094162194, "gamma": 0.021359684992560624}, "datetime": {"datetime": "2021-10-04 08:54:11", "elapsed": 77.20391, "delta": 0.9193}}
{"target": 0.2460840636721081, "params": {"C": 77.28575972852447, "gamma": 0.106006235422665}, "datetime": {"datetime": "2021-10-04 08:54:12", "elapsed": 78.078622, "delta": 0.874712}}
{"target": 0.4110641563181181, "params": {"C": 87.7656920541633, "gamma": 0.008394189903946156}, "datetime": {"datetime": "2021-10-04 08:54:12", "elapsed": 78.953336, "delta": 0.874714}}
{"target": 0.36766839055671563, "params": {"C": 87.73599124994273, "gamma": 0.0644332375068017}, "datetime": {"datetime": "2021-10-04 08:54:13", "elapsed": 79.833542, "delta": 0.880206}}
{"target": 0.45048114690917973, "params": {"C": 88.64354576595495, "gamma": 0.031632318140437286}, "datetime": {"datetime": "2021-10-04 08:54:14", "elapsed": 80.720412, "delta": 0.88687}}
{"target": 0.36713448421612505, "params": {"C": 88.69557904578498, "gamma": 0.06560557273282099}, "datetime": {"datetime": "2021-10-04 08:54:15", "elapsed": 81.63432, "delta": 0.913908}}
{"target": 0.29422311987833716, "params": {"C": 88.74116434586533, "gamma": 0.002891315994615513}, "datetime": {"datetime": "2021-10-04 08:54:16", "elapsed": 82.56984, "delta": 0.93552}}
{"target": 0.1775192027704704, "params": {"C": 78.97759283915694, "gamma": 0.15062401501098144}, "datetime": {"datetime": "2021-10-04 08:54:17", "elapsed": 83.53953, "delta": 0.96969}}
{"target": 0.0162295626872625, "params": {"C": 49.70686073341383, "gamma": 0.1943880691583101}, "datetime": {"datetime": "2021-10-04 08:54:18", "elapsed": 84.324469, "delta": 0.784939}}
{"target": 0.3881793303589357, "params": {"C": 87.84338776276691, "gamma": 0.006669337629841741}, "datetime": {"datetime": "2021-10-04 08:54:19", "elapsed": 85.347107, "delta": 1.022638}}
{"target": 0.30742703773932467, "params": {"C": 88.64504754636704, "gamma": 0.0914295801066483}, "datetime": {"datetime": "2021-10-04 08:54:20", "elapsed": 86.547512, "delta": 1.200405}}
{"target": 0.4595598704267253, "params": {"C": 88.07907472563703, "gamma": 0.017388817910838857}, "datetime": {"datetime": "2021-10-04 08:54:21", "elapsed": 87.596272, "delta": 1.04876}}
{"target": 0.41633765748994433, "params": {"C": 88.00575494342867, "gamma": 0.008835893146377423}, "datetime": {"datetime": "2021-10-04 08:54:22", "elapsed": 88.651332, "delta": 1.05506}}
{"target": 0.3802842972715482, "params": {"C": 87.93651062973483, "gamma": 0.059627816912892005}, "datetime": {"datetime": "2021-10-04 08:54:23", "elapsed": 89.620958, "delta": 0.969626}}
{"target": -0.18595028151147708, "params": {"C": 39.21193568520603, "gamma": 0.43242984410990754}, "datetime": {"datetime": "2021-10-04 08:54:24", "elapsed": 90.415448, "delta": 0.79449}}
{"target": 0.23271580793414415, "params": {"C": 88.00537021042163, "gamma": 0.13086558502404277}, "datetime": {"datetime": "2021-10-04 08:54:25", "elapsed": 91.399415, "delta": 0.983967}}
{"target": 0.3202184342049136, "params": {"C": 73.19078404144119, "gamma": 0.00467014368740014}, "datetime": {"datetime": "2021-10-04 08:54:26", "elapsed": 92.37715, "delta": 0.977735}}
{"target": 0.44043238092850345, "params": {"C": 78.65137613356302, "gamma": 0.020637739083551886}, "datetime": {"datetime": "2021-10-04 08:54:27", "elapsed": 93.211651, "delta": 0.834501}}
{"target": 0.3643788087413742, "params": {"C": 65.1074847531001, "gamma": 0.008868983600949258}, "datetime": {"datetime": "2021-10-04 08:54:28", "elapsed": 94.070143, "delta": 0.858492}}
{"target": 0.42511324764003533, "params": {"C": 87.6479507590362, "gamma": 0.009828249772595084}, "datetime": {"datetime": "2021-10-04 08:54:29", "elapsed": 95.085374, "delta": 1.015231}}
{"target": 0.40113623999684733, "params": {"C": 87.60289745677534, "gamma": 0.051187480295126424}, "datetime": {"datetime": "2021-10-04 08:54:30", "elapsed": 95.992893, "delta": 0.907519}}
{"target": 0.4389756483792101, "params": {"C": 78.65295763029992, "gamma": 0.023735687065324352}, "datetime": {"datetime": "2021-10-04 08:54:30", "elapsed": 96.835075, "delta": 0.842182}}
{"target": 0.48085990720774274, "params": {"C": 97.56302643131407, "gamma": 0.020143603240200637}, "datetime": {"datetime": "2021-10-04 08:54:31", "elapsed": 97.634574, "delta": 0.799499}}
{"target": 0.40613120601771235, "params": {"C": 97.59917947110729, "gamma": 0.05822890681394878}, "datetime": {"datetime": "2021-10-04 08:54:32", "elapsed": 98.7645, "delta": 1.129926}}
{"target": 0.24848095382301583, "params": {"C": 87.66249419958906, "gamma": 0.12084607280562024}, "datetime": {"datetime": "2021-10-04 08:54:34", "elapsed": 99.997497, "delta": 1.232997}}
{"target": -0.20882301059218178, "params": {"C": 28.49711056804926, "gamma": 0.33797190534764543}, "datetime": {"datetime": "2021-10-04 08:54:34", "elapsed": 100.833502, "delta": 0.836005}}
{"target": 0.475767639404276, "params": {"C": 97.45112316410146, "gamma": 0.016169192929462155}, "datetime": {"datetime": "2021-10-04 08:54:35", "elapsed": 101.889981, "delta": 1.056479}}
{"target": 0.4534316601935626, "params": {"C": 97.51410628113081, "gamma": 0.038961748889716395}, "datetime": {"datetime": "2021-10-04 08:54:37", "elapsed": 103.151715, "delta": 1.261734}}
{"target": -0.17771094919877006, "params": {"C": 34.94131798553794, "gamma": 0.3603107124029707}, "datetime": {"datetime": "2021-10-04 08:54:38", "elapsed": 104.001284, "delta": 0.849569}}
{"target": 0.35243038692527573, "params": {"C": 97.43484141126748, "gamma": 0.08060825606900263}, "datetime": {"datetime": "2021-10-04 08:54:39", "elapsed": 105.32686, "delta": 1.325576}}
{"target": 0.23090894056611833, "params": {"C": 97.5695052820867, "gamma": 0.14798041054731426}, "datetime": {"datetime": "2021-10-04 08:54:40", "elapsed": 106.412624, "delta": 1.085764}}
{"target": 0.4777251328727483, "params": {"C": 97.66218756001376, "gamma": 0.01693187576617003}, "datetime": {"datetime": "2021-10-04 08:54:41", "elapsed": 107.42785, "delta": 1.015226}}
{"target": 0.47906501451925876, "params": {"C": 97.38346191329592, "gamma": 0.024550141139418207}, "datetime": {"datetime": "2021-10-04 08:54:42", "elapsed": 108.627144, "delta": 1.199294}}
{"target": -0.17809201225409543, "params": {"C": 11.074361536497815, "gamma": 0.09614506820157004}, "datetime": {"datetime": "2021-10-04 08:54:43", "elapsed": 109.469251, "delta": 0.842107}}
{"target": -0.08626993197330801, "params": {"C": 97.73472234952953, "gamma": 0.0003177442051936196}, "datetime": {"datetime": "2021-10-04 08:54:44", "elapsed": 110.496546, "delta": 1.027295}}
{"target": 0.35356702364485315, "params": {"C": 97.32890752659429, "gamma": 0.07999559255202451}, "datetime": {"datetime": "2021-10-04 08:54:45", "elapsed": 111.566714, "delta": 1.070168}}
{"target": 0.42794303338613804, "params": {"C": 87.50988369425208, "gamma": 0.010197544307548186}, "datetime": {"datetime": "2021-10-04 08:54:46", "elapsed": 112.630455, "delta": 1.063741}}
{"target": 0.34033056223957814, "params": {"C": 87.51455145151577, "gamma": 0.07544505650608017}, "datetime": {"datetime": "2021-10-04 08:54:48", "elapsed": 114.471952, "delta": 1.841497}}
{"target": 0.47568072521380433, "params": {"C": 97.25947167108295, "gamma": 0.01628875820781601}, "datetime": {"datetime": "2021-10-04 08:54:49", "elapsed": 115.781624, "delta": 1.309672}}
{"target": 0.36854055478176573, "params": {"C": 88.21524440204573, "gamma": 0.005516307724487561}, "datetime": {"datetime": "2021-10-04 08:54:50", "elapsed": 116.977612, "delta": 1.195988}}
{"target": 0.4279755943952227, "params": {"C": 97.17905264611467, "gamma": 0.04914757186778592}, "datetime": {"datetime": "2021-10-04 08:54:52", "elapsed": 118.128333, "delta": 1.150721}}
{"target": 0.31238091247626554, "params": {"C": 97.23629765722774, "gamma": 0.09931567472145153}, "datetime": {"datetime": "2021-10-04 08:54:53", "elapsed": 119.144943, "delta": 1.01661}}
{"target": 0.2724958203833321, "params": {"C": 97.12439376325338, "gamma": 0.12076376141908461}, "datetime": {"datetime": "2021-10-04 08:54:54", "elapsed": 120.52548, "delta": 1.380537}}
{"target": -0.10402252006808954, "params": {"C": 65.01472921653551, "gamma": 0.00044938990697834666}, "datetime": {"datetime": "2021-10-04 08:54:55", "elapsed": 121.799283, "delta": 1.273803}}
{"target": 0.33519714410378876, "params": {"C": 65.16367234470255, "gamma": 0.05183576855031146}, "datetime": {"datetime": "2021-10-04 08:54:57", "elapsed": 123.279671, "delta": 1.480388}}
{"target": 0.4583733751556399, "params": {"C": 87.39510624475615, "gamma": 0.017569412882343795}, "datetime": {"datetime": "2021-10-04 08:54:58", "elapsed": 124.613056, "delta": 1.333385}}
{"target": 0.4020628259164939, "params": {"C": 87.3437286124879, "gamma": 0.05058532603779684}, "datetime": {"datetime": "2021-10-04 08:54:59", "elapsed": 125.827006, "delta": 1.21395}}
{"target": 0.4784323435220973, "params": {"C": 97.06008637454524, "gamma": 0.024562653629867693}, "datetime": {"datetime": "2021-10-04 08:55:01", "elapsed": 127.067546, "delta": 1.24054}}
{"target": 0.31385555795948394, "params": {"C": 97.02437715713896, "gamma": 0.09832631593579003}, "datetime": {"datetime": "2021-10-04 08:55:02", "elapsed": 128.922733, "delta": 1.855187}}
{"target": 0.4408605869407948, "params": {"C": 96.97383490563986, "gamma": 0.009636663608868888}, "datetime": {"datetime": "2021-10-04 08:55:03", "elapsed": 129.948689, "delta": 1.025956}}
{"target": 0.38592518351427074, "params": {"C": 96.90417138421357, "gamma": 0.06580421229447878}, "datetime": {"datetime": "2021-10-04 08:55:05", "elapsed": 131.056303, "delta": 1.107614}}
{"target": 0.2258831621441566, "params": {"C": 96.9274546116023, "gamma": 0.15043154564510178}, "datetime": {"datetime": "2021-10-04 08:55:06", "elapsed": 132.033056, "delta": 0.976753}}
{"target": -0.35822175967695147, "params": {"C": 96.85400529463004, "gamma": 0.0001}, "datetime": {"datetime": "2021-10-04 08:55:07", "elapsed": 133.091822, "delta": 1.058766}}
{"target": -0.17690568159533004, "params": {"C": 38.412572565132436, "gamma": 0.40103919382650405}, "datetime": {"datetime": "2021-10-04 08:55:07", "elapsed": 133.843962, "delta": 0.75214}}
{"target": 0.22737765100595775, "params": {"C": 73.17609086152605, "gamma": 0.10907811180683422}, "datetime": {"datetime": "2021-10-04 08:55:08", "elapsed": 134.753749, "delta": 0.909787}}
{"target": 0.3837238037318256, "params": {"C": 90.51980981541324, "gamma": 0.06074317751681848}, "datetime": {"datetime": "2021-10-04 08:55:10", "elapsed": 136.070296, "delta": 1.316547}}
{"target": 0.3822296195357462, "params": {"C": 90.70171727680618, "gamma": 0.06151022100087459}, "datetime": {"datetime": "2021-10-04 08:55:10", "elapsed": 136.912449, "delta": 0.842153}}
{"target": 0.24464457026850206, "params": {"C": 90.61908862311927, "gamma": 0.12773932765514387}, "datetime": {"datetime": "2021-10-04 08:55:12", "elapsed": 138.245029, "delta": 1.33258}}
{"target": 0.23856814056690978, "params": {"C": 90.44902844851813, "gamma": 0.13121636516341137}, "datetime": {"datetime": "2021-10-04 08:55:13", "elapsed": 139.294982, "delta": 1.049953}}
{"target": 0.39071642754241176, "params": {"C": 90.07601010753268, "gamma": 0.05756272882097057}, "datetime": {"datetime": "2021-10-04 08:55:14", "elapsed": 140.419685, "delta": 1.124703}}
{"target": 0.4121237414025768, "params": {"C": 97.13951758128813, "gamma": 0.007160798496747101}, "datetime": {"datetime": "2021-10-04 08:55:15", "elapsed": 141.50119, "delta": 1.081505}}
{"target": 0.3525599587064695, "params": {"C": 90.779223057145, "gamma": 0.0045897455744545465}, "datetime": {"datetime": "2021-10-04 08:55:16", "elapsed": 142.820899, "delta": 1.319709}}
{"target": -0.008053363465142516, "params": {"C": 78.1500211573331, "gamma": 0.3679344111278961}, "datetime": {"datetime": "2021-10-04 08:55:17", "elapsed": 143.773176, "delta": 0.952277}}
{"target": -0.026352726057798037, "params": {"C": 62.556273492261575, "gamma": 0.31399626401288994}, "datetime": {"datetime": "2021-10-04 08:55:18", "elapsed": 144.794141, "delta": 1.020965}}
{"target": 0.2387873757768617, "params": {"C": 57.976916502754385, "gamma": 0.0783622751798283}, "datetime": {"datetime": "2021-10-04 08:55:19", "elapsed": 145.759701, "delta": 0.96556}}
{"target": 0.301909771748469, "params": {"C": 90.77223562835516, "gamma": 0.0966948883800383}, "datetime": {"datetime": "2021-10-04 08:55:21", "elapsed": 147.174147, "delta": 1.414446}}
{"target": 0.21853553646413337, "params": {"C": 90.0869404530253, "gamma": 0.14363904972013697}, "datetime": {"datetime": "2021-10-04 08:55:22", "elapsed": 148.674881, "delta": 1.500734}}
{"target": 0.2194937211119592, "params": {"C": 90.45028712943802, "gamma": 0.0016290587120535}, "datetime": {"datetime": "2021-10-04 08:55:24", "elapsed": 150.071521, "delta": 1.39664}}
{"target": 0.36688246015195103, "params": {"C": 89.9980114405541, "gamma": 0.005278638340562629}, "datetime": {"datetime": "2021-10-04 08:55:25", "elapsed": 151.397609, "delta": 1.326088}}
{"target": 0.1377848274642136, "params": {"C": 50.3062470362106, "gamma": 0.10956188255861123}, "datetime": {"datetime": "2021-10-04 08:55:26", "elapsed": 152.864533, "delta": 1.466924}}
{"target": 0.19253541937344287, "params": {"C": 90.31595144797002, "gamma": 0.16281610884311282}, "datetime": {"datetime": "2021-10-04 08:55:28", "elapsed": 154.149115, "delta": 1.284582}}
{"target": 0.4302368666686629, "params": {"C": 87.23195712190497, "gamma": 0.039315856700506246}, "datetime": {"datetime": "2021-10-04 08:55:29", "elapsed": 155.146811, "delta": 0.997696}}
{"target": -0.6116476122659313, "params": {"C": 1.3372417050535925, "gamma": 0.4929264989873255}, "datetime": {"datetime": "2021-10-04 08:55:30", "elapsed": 156.019137, "delta": 0.872326}}
{"target": 0.3421505629064072, "params": {"C": 87.5127439824886, "gamma": 0.07467333378736649}, "datetime": {"datetime": "2021-10-04 08:55:31", "elapsed": 157.1732, "delta": 1.154063}}
{"target": 0.18015801106307416, "params": {"C": 87.21018816408984, "gamma": 0.16604470654128642}, "datetime": {"datetime": "2021-10-04 08:55:32", "elapsed": 158.423625, "delta": 1.250425}}
{"target": 0.28406231887082467, "params": {"C": 87.30729314805296, "gamma": 0.0027222735760890544}, "datetime": {"datetime": "2021-10-04 08:55:33", "elapsed": 159.884141, "delta": 1.460516}}
{"target": 0.29735474596092315, "params": {"C": 87.1299691589022, "gamma": 0.0030351903923807387}, "datetime": {"datetime": "2021-10-04 08:55:35", "elapsed": 161.450975, "delta": 1.566834}}
{"target": 0.33275574777476136, "params": {"C": 51.168053658841536, "gamma": 0.010332821250087904}, "datetime": {"datetime": "2021-10-04 08:55:36", "elapsed": 162.500025, "delta": 1.04905}}
{"target": -0.36534476734641363, "params": {"C": 11.062974213443773, "gamma": 0.290324255012063}, "datetime": {"datetime": "2021-10-04 08:55:37", "elapsed": 163.679608, "delta": 1.179583}}
{"target": 0.30073739613089534, "params": {"C": 50.063060523077965, "gamma": 0.007230170467297656}, "datetime": {"datetime": "2021-10-04 08:55:38", "elapsed": 164.866656, "delta": 1.187048}}
{"target": 0.2727035857694159, "params": {"C": 89.97116179732625, "gamma": 0.11067408900241343}, "datetime": {"datetime": "2021-10-04 08:55:40", "elapsed": 166.457801, "delta": 1.591145}}
{"target": 0.42927163700794935, "params": {"C": 88.98150144676117, "gamma": 0.01000671243242758}, "datetime": {"datetime": "2021-10-04 08:55:41", "elapsed": 167.839875, "delta": 1.382074}}
{"target": 0.3132965818256763, "params": {"C": 89.0243040919875, "gamma": 0.08913936529163839}, "datetime": {"datetime": "2021-10-04 08:55:43", "elapsed": 169.315728, "delta": 1.475853}}
{"target": 0.18630435682563973, "params": {"C": 51.25930395224567, "gamma": 0.08835959952791797}, "datetime": {"datetime": "2021-10-04 08:55:44", "elapsed": 170.669886, "delta": 1.354158}}
{"target": -0.14131348871852722, "params": {"C": 40.600906686927964, "gamma": 0.35101739143767413}, "datetime": {"datetime": "2021-10-04 08:55:45", "elapsed": 171.786083, "delta": 1.116197}}
{"target": 0.46022285222062587, "params": {"C": 89.13019715659303, "gamma": 0.026418381343323836}, "datetime": {"datetime": "2021-10-04 08:55:47", "elapsed": 173.43975, "delta": 1.653667}}
{"target": 0.4413771261985401, "params": {"C": 89.19815967697036, "gamma": 0.03648370584739521}, "datetime": {"datetime": "2021-10-04 08:55:49", "elapsed": 175.248113, "delta": 1.808363}}
{"target": 0.2469823328708851, "params": {"C": 89.15132364115719, "gamma": 0.12403621963671084}, "datetime": {"datetime": "2021-10-04 08:55:50", "elapsed": 176.696188, "delta": 1.448075}}
{"target": 0.422336990463403, "params": {"C": 89.29782741488985, "gamma": 0.04445451096898393}, "datetime": {"datetime": "2021-10-04 08:55:52", "elapsed": 178.439891, "delta": 1.743703}}
{"target": 0.25397072438382473, "params": {"C": 89.35825121053364, "gamma": 0.12025868735745927}, "datetime": {"datetime": "2021-10-04 08:55:53", "elapsed": 179.917853, "delta": 1.477962}}
{"target": 0.3890757725212898, "params": {"C": 89.38277328006613, "gamma": 0.00654659908710129}, "datetime": {"datetime": "2021-10-04 08:55:55", "elapsed": 181.654572, "delta": 1.736719}}
{"target": 0.07159420727841415, "params": {"C": 97.62269637176398, "gamma": 0.0006433702830826888}, "datetime": {"datetime": "2021-10-04 08:55:57", "elapsed": 183.106403, "delta": 1.451831}}
{"target": 0.339867956265435, "params": {"C": 97.65593725408372, "gamma": 0.08653646942455814}, "datetime": {"datetime": "2021-10-04 08:55:58", "elapsed": 184.530717, "delta": 1.424314}}
{"target": 0.40738002718392696, "params": {"C": 89.45114381269279, "gamma": 0.05047145692072552}, "datetime": {"datetime": "2021-10-04 08:56:00", "elapsed": 186.273582, "delta": 1.742865}}
{"target": 0.2985476951023768, "params": {"C": 87.27696837228063, "gamma": 0.09395470463300193}, "datetime": {"datetime": "2021-10-04 08:56:02", "elapsed": 188.159843, "delta": 1.886261}}
{"target": -0.0629829654582188, "params": {"C": 71.62024733224304, "gamma": 0.443527863553782}, "datetime": {"datetime": "2021-10-04 08:56:03", "elapsed": 189.285927, "delta": 1.126084}}
{"target": 0.2709562707377612, "params": {"C": 38.69077296535501, "gamma": 0.00884198377392323}, "datetime": {"datetime": "2021-10-04 08:56:04", "elapsed": 190.398433, "delta": 1.112506}}
{"target": 0.4670849791031806, "params": {"C": 97.33120838077078, "gamma": 0.013550916203600875}, "datetime": {"datetime": "2021-10-04 08:56:05", "elapsed": 191.855733, "delta": 1.4573}}
{"target": 0.05370971635078026, "params": {"C": 38.68683748028512, "gamma": 0.1218425202369077}, "datetime": {"datetime": "2021-10-04 08:56:08", "elapsed": 194.018472, "delta": 2.162739}}
{"target": -0.36970474672910103, "params": {"C": 16.826958271891918, "gamma": 0.491049788234014}, "datetime": {"datetime": "2021-10-04 08:56:09", "elapsed": 195.21376, "delta": 1.195288}}
{"target": 0.29055634755709236, "params": {"C": 89.24528505309333, "gamma": 0.1003931498755411}, "datetime": {"datetime": "2021-10-04 08:56:11", "elapsed": 197.116074, "delta": 1.902314}}
{"target": 0.19013295554222176, "params": {"C": 51.11424685481434, "gamma": 0.08639111064162763}, "datetime": {"datetime": "2021-10-04 08:56:13", "elapsed": 199.11886, "delta": 2.002786}}
{"target": 0.2679031549565597, "params": {"C": 38.59336174323373, "gamma": 0.034480658527119734}, "datetime": {"datetime": "2021-10-04 08:56:14", "elapsed": 200.694886, "delta": 1.576026}}
{"target": 0.4514489065791615, "params": {"C": 89.04614844694885, "gamma": 0.013628183431005225}, "datetime": {"datetime": "2021-10-04 08:56:16", "elapsed": 202.642795, "delta": 1.947909}}
