{"target": 0.8993229212665004, "params": {"C": 99585.02273224446, "gamma": 0.09126508746999483}, "datetime": {"datetime": "2021-10-04 09:54:37", "elapsed": 45.752852, "delta": 0.692852}}
{"target": 0.9176135605496148, "params": {"C": 95950.68455298983, "gamma": 0.06431521324616013}, "datetime": {"datetime": "2021-10-04 09:54:37", "elapsed": 46.384686, "delta": 0.631834}}
{"target": 0.9146803492005983, "params": {"C": 87063.87839057684, "gamma": 0.026540315190016223}, "datetime": {"datetime": "2021-10-04 09:54:38", "elapsed": 47.118752, "delta": 0.734066}}
{"target": 0.9223482567582626, "params": {"C": 94112.51279836833, "gamma": 0.05716943956488989}, "datetime": {"datetime": "2021-10-04 09:54:39", "elapsed": 47.749671, "delta": 0.630919}}
{"target": 0.9267975194103144, "params": {"C": 96900.89183658549, "gamma": 0.04681664630814052}, "datetime": {"datetime": "2021-10-04 09:54:39", "elapsed": 48.429591, "delta": 0.67992}}
{"target": 0.8643662053334888, "params": {"C": 102182.11141260198, "gamma": 0.006121199111756887}, "datetime": {"datetime": "2021-10-04 09:54:40", "elapsed": 49.233084, "delta": 0.803493}}
{"target": 0.8632536676007045, "params": {"C": 73529.46631563382, "gamma": 0.0060994667236631776}, "datetime": {"datetime": "2021-10-04 09:54:41", "elapsed": 49.896865, "delta": 0.663781}}
{"target": 0.8661989091880017, "params": {"C": 95673.91479539115, "gamma": 0.008059491617009418}, "datetime": {"datetime": "2021-10-04 09:54:41", "elapsed": 50.51783, "delta": 0.620965}}
{"target": 0.9192797561765723, "params": {"C": 96613.94117938935, "gamma": 0.0616487073548674}, "datetime": {"datetime": "2021-10-04 09:54:42", "elapsed": 51.153495, "delta": 0.635665}}
{"target": 0.9181110588854121, "params": {"C": 104088.53631659065, "gamma": 0.06188751348402099}, "datetime": {"datetime": "2021-10-04 09:54:43", "elapsed": 51.877807, "delta": 0.724312}}
{"target": 0.9250256483780441, "params": {"C": 75914.1843865712, "gamma": 0.03634053871129257}, "datetime": {"datetime": "2021-10-04 09:54:43", "elapsed": 52.543207, "delta": 0.6654}}
{"target": 0.9088066397061738, "params": {"C": 77222.19747991151, "gamma": 0.02450118852877721}, "datetime": {"datetime": "2021-10-04 09:54:44", "elapsed": 53.221054, "delta": 0.677847}}
{"target": 0.9115853118339088, "params": {"C": 93787.02664291271, "gamma": 0.024565435002491406}, "datetime": {"datetime": "2021-10-04 09:54:45", "elapsed": 54.026246, "delta": 0.805192}}
{"target": 0.9166140382673524, "params": {"C": 85305.36816346744, "gamma": 0.068122606592554}, "datetime": {"datetime": "2021-10-04 09:54:45", "elapsed": 54.731536, "delta": 0.70529}}
{"target": 0.9206982411759403, "params": {"C": 73252.72328186617, "gamma": 0.0639740583791744}, "datetime": {"datetime": "2021-10-04 09:54:46", "elapsed": 55.469622, "delta": 0.738086}}
{"target": 0.9266906116981115, "params": {"C": 80865.2745776424, "gamma": 0.04969844548750826}, "datetime": {"datetime": "2021-10-04 09:54:47", "elapsed": 56.181621, "delta": 0.711999}}
{"target": 0.8897922320134637, "params": {"C": 106599.03896309668, "gamma": 0.01667864413732289}, "datetime": {"datetime": "2021-10-04 09:54:48", "elapsed": 56.964136, "delta": 0.782515}}
{"target": 0.8671883337583601, "params": {"C": 96121.50791638583, "gamma": 0.008947229415270767}, "datetime": {"datetime": "2021-10-04 09:54:48", "elapsed": 57.687953, "delta": 0.723817}}
{"target": 0.9206233017422053, "params": {"C": 83234.82521978451, "gamma": 0.06217829406964438}, "datetime": {"datetime": "2021-10-04 09:54:49", "elapsed": 58.453719, "delta": 0.765766}}
{"target": 0.9257169594645765, "params": {"C": 79735.73802586569, "gamma": 0.05275408789283186}, "datetime": {"datetime": "2021-10-04 09:54:50", "elapsed": 59.173956, "delta": 0.720237}}
{"target": 0.9262034545198127, "params": {"C": 103132.77374546653, "gamma": 0.04754688755629412}, "datetime": {"datetime": "2021-10-04 09:54:51", "elapsed": 59.869623, "delta": 0.695667}}
{"target": 0.8695400963019835, "params": {"C": 79765.4709807472, "gamma": 0.010391754775145434}, "datetime": {"datetime": "2021-10-04 09:54:51", "elapsed": 60.677755, "delta": 0.808132}}
{"target": 0.9231409990580712, "params": {"C": 82230.01957457265, "gamma": 0.03312693572254682}, "datetime": {"datetime": "2021-10-04 09:54:52", "elapsed": 61.339081, "delta": 0.661326}}
{"target": 0.9225599417087645, "params": {"C": 97833.35437298963, "gamma": 0.056103468703122904}, "datetime": {"datetime": "2021-10-04 09:54:53", "elapsed": 62.115739, "delta": 0.776658}}
{"target": 0.8959178031400756, "params": {"C": 101432.38767485983, "gamma": 0.01860458673822852}, "datetime": {"datetime": "2021-10-04 09:54:54", "elapsed": 62.827529, "delta": 0.71179}}
{"target": 0.9247527532232418, "params": {"C": 99824.13097576123, "gamma": 0.051615879285714296}, "datetime": {"datetime": "2021-10-04 09:54:54", "elapsed": 63.557425, "delta": 0.729896}}
{"target": 0.9059309212403245, "params": {"C": 75029.68628480793, "gamma": 0.08722658478184118}, "datetime": {"datetime": "2021-10-04 09:54:55", "elapsed": 64.362719, "delta": 0.805294}}
{"target": 0.8644219190704573, "params": {"C": 74604.44213846535, "gamma": 0.006649127718119086}, "datetime": {"datetime": "2021-10-04 09:54:56", "elapsed": 65.161341, "delta": 0.798622}}
{"target": 0.900931606392194, "params": {"C": 100192.02555877384, "gamma": 0.08845894217334216}, "datetime": {"datetime": "2021-10-04 09:54:57", "elapsed": 65.958874, "delta": 0.797533}}
{"target": 0.835819473375368, "params": {"C": 85347.25702885963, "gamma": 0.00227569161085049}, "datetime": {"datetime": "2021-10-04 09:54:57", "elapsed": 66.674291, "delta": 0.715417}}
{"target": 0.9063794961562429, "params": {"C": 95277.28760125297, "gamma": 0.08117371934256802}, "datetime": {"datetime": "2021-10-04 09:54:58", "elapsed": 67.473698, "delta": 0.799407}}
{"target": 0.9191397853438468, "params": {"C": 96622.03878550409, "gamma": 0.06186230095600573}, "datetime": {"datetime": "2021-10-04 09:54:59", "elapsed": 68.200872, "delta": 0.727174}}
{"target": 0.8695881758908862, "params": {"C": 104193.71697242478, "gamma": 0.01040917290243041}, "datetime": {"datetime": "2021-10-04 09:55:00", "elapsed": 69.057254, "delta": 0.856382}}
{"target": 0.8780072937503804, "params": {"C": 77205.4362008886, "gamma": 0.014009444662357304}, "datetime": {"datetime": "2021-10-04 09:55:01", "elapsed": 69.889448, "delta": 0.832194}}
{"target": 0.8649195711193509, "params": {"C": 81748.89035783516, "gamma": 0.006827675423554919}, "datetime": {"datetime": "2021-10-04 09:55:01", "elapsed": 70.609605, "delta": 0.720157}}
{"target": 0.9269001255634036, "params": {"C": 81844.53651344599, "gamma": 0.039410707144480306}, "datetime": {"datetime": "2021-10-04 09:55:02", "elapsed": 71.478692, "delta": 0.869087}}
{"target": 0.8912040898237547, "params": {"C": 76302.33013756765, "gamma": 0.018268409751220006}, "datetime": {"datetime": "2021-10-04 09:55:03", "elapsed": 72.282762, "delta": 0.80407}}
{"target": 0.8981090403443458, "params": {"C": 85198.34951849817, "gamma": 0.09729016722135246}, "datetime": {"datetime": "2021-10-04 09:55:04", "elapsed": 73.111414, "delta": 0.828652}}
{"target": 0.9091562871328228, "params": {"C": 105399.60828968309, "gamma": 0.022893233064388598}, "datetime": {"datetime": "2021-10-04 09:55:05", "elapsed": 74.152453, "delta": 1.041039}}
{"target": 0.9263687310165911, "params": {"C": 75396.96700656792, "gamma": 0.051423131574454946}, "datetime": {"datetime": "2021-10-04 09:55:06", "elapsed": 74.989858, "delta": 0.837405}}
{"target": 0.9030969046289903, "params": {"C": 102374.8735021333, "gamma": 0.08442059158547524}, "datetime": {"datetime": "2021-10-04 09:55:07", "elapsed": 75.76617, "delta": 0.776312}}
{"target": 0.925435677230604, "params": {"C": 87838.20545649115, "gamma": 0.03548916607615654}, "datetime": {"datetime": "2021-10-04 09:55:07", "elapsed": 76.537438, "delta": 0.771268}}
{"target": 0.8664637681019741, "params": {"C": 90963.76271119874, "gamma": 0.008254440993283488}, "datetime": {"datetime": "2021-10-04 09:55:08", "elapsed": 77.546876, "delta": 1.009438}}
{"target": 0.8889944471976583, "params": {"C": 94966.55443809123, "gamma": 0.016836934397368532}, "datetime": {"datetime": "2021-10-04 09:55:09", "elapsed": 78.376516, "delta": 0.82964}}
{"target": 0.910125362608914, "params": {"C": 102276.0212984287, "gamma": 0.07384024774388974}, "datetime": {"datetime": "2021-10-04 09:55:10", "elapsed": 79.183027, "delta": 0.806511}}
{"target": 0.9130350033073876, "params": {"C": 92410.80889868108, "gamma": 0.07189445875765953}, "datetime": {"datetime": "2021-10-04 09:55:11", "elapsed": 80.169841, "delta": 0.986814}}
{"target": 0.9189590392980437, "params": {"C": 85176.92652521726, "gamma": 0.06449353169260282}, "datetime": {"datetime": "2021-10-04 09:55:12", "elapsed": 81.153528, "delta": 0.983687}}
{"target": 0.9274908652363831, "params": {"C": 77310.79244339639, "gamma": 0.04512357124861209}, "datetime": {"datetime": "2021-10-04 09:55:13", "elapsed": 82.041916, "delta": 0.888388}}
{"target": 0.9132675084959985, "params": {"C": 78842.73209642789, "gamma": 0.026467821536822637}, "datetime": {"datetime": "2021-10-04 09:55:14", "elapsed": 82.935244, "delta": 0.893328}}
{"target": 0.8878934691411546, "params": {"C": 96675.69242742288, "gamma": 0.0164646706817163}, "datetime": {"datetime": "2021-10-04 09:55:15", "elapsed": 83.843881, "delta": 0.908637}}
{"target": 0.9266563775705607, "params": {"C": 104960.69492807344, "gamma": 0.04576281528233852}, "datetime": {"datetime": "2021-10-04 09:55:15", "elapsed": 84.703287, "delta": 0.859406}}
{"target": 0.8817196656482529, "params": {"C": 97603.67411367365, "gamma": 0.014672024869654937}, "datetime": {"datetime": "2021-10-04 09:55:16", "elapsed": 85.688129, "delta": 0.984842}}
{"target": 0.9271956085380614, "params": {"C": 89727.60873672798, "gamma": 0.039476733039953395}, "datetime": {"datetime": "2021-10-04 09:55:17", "elapsed": 86.606208, "delta": 0.918079}}
{"target": 0.9274480773664132, "params": {"C": 74699.3705367752, "gamma": 0.04499671942921875}, "datetime": {"datetime": "2021-10-04 09:55:18", "elapsed": 87.500398, "delta": 0.89419}}
{"target": 0.9227473499238367, "params": {"C": 101759.5696847148, "gamma": 0.055042306817394054}, "datetime": {"datetime": "2021-10-04 09:55:19", "elapsed": 88.494862, "delta": 0.994464}}
{"target": 0.9187932067867818, "params": {"C": 101911.11667742628, "gamma": 0.06131498996267442}, "datetime": {"datetime": "2021-10-04 09:55:20", "elapsed": 89.359791, "delta": 0.864929}}
{"target": 0.9174540438309521, "params": {"C": 87323.02057382072, "gamma": 0.02811078947084687}, "datetime": {"datetime": "2021-10-04 09:55:21", "elapsed": 90.319265, "delta": 0.959474}}
{"target": 0.9073952255624234, "params": {"C": 101123.86523936849, "gamma": 0.02242021842196141}, "datetime": {"datetime": "2021-10-04 09:55:22", "elapsed": 91.228222, "delta": 0.908957}}
{"target": 0.9044394862140948, "params": {"C": 86123.2910434041, "gamma": 0.08661843282032576}, "datetime": {"datetime": "2021-10-04 09:55:23", "elapsed": 92.143442, "delta": 0.91522}}
{"target": 0.9106750821719314, "params": {"C": 78908.1532316127, "gamma": 0.07874365223370218}, "datetime": {"datetime": "2021-10-04 09:55:24", "elapsed": 92.936256, "delta": 0.792814}}
{"target": 0.8659561336402017, "params": {"C": 83039.10389832221, "gamma": 0.00769982756165087}, "datetime": {"datetime": "2021-10-04 09:55:25", "elapsed": 94.000777, "delta": 1.064521}}
{"target": 0.9260812546233201, "params": {"C": 85632.53975976347, "gamma": 0.036885698796712295}, "datetime": {"datetime": "2021-10-04 09:55:26", "elapsed": 95.000226, "delta": 0.999449}}
{"target": 0.8449703515833917, "params": {"C": 95016.71193540812, "gamma": 0.002736606074202794}, "datetime": {"datetime": "2021-10-04 09:55:27", "elapsed": 95.876247, "delta": 0.876021}}
{"target": 0.9020360786889424, "params": {"C": 97092.95576786411, "gamma": 0.08750759491572724}, "datetime": {"datetime": "2021-10-04 09:55:27", "elapsed": 96.657537, "delta": 0.78129}}
{"target": 0.9014641415628872, "params": {"C": 97008.82254020017, "gamma": 0.088452819075886}, "datetime": {"datetime": "2021-10-04 09:55:28", "elapsed": 97.492946, "delta": 0.835409}}
{"target": 0.9151774004446401, "params": {"C": 106278.48220201238, "gamma": 0.06567549888510371}, "datetime": {"datetime": "2021-10-04 09:55:29", "elapsed": 98.144366, "delta": 0.65142}}
{"target": 0.8624471680074619, "params": {"C": 106163.0595824715, "gamma": 0.004969427327025131}, "datetime": {"datetime": "2021-10-04 09:55:30", "elapsed": 98.961616, "delta": 0.81725}}
{"target": 0.9274890600907878, "params": {"C": 77876.10404892001, "gamma": 0.0435600789825043}, "datetime": {"datetime": "2021-10-04 09:55:31", "elapsed": 100.072319, "delta": 1.110703}}
{"target": 0.8466412042595466, "params": {"C": 102990.57902751528, "gamma": 0.002750963096124915}, "datetime": {"datetime": "2021-10-04 09:55:32", "elapsed": 100.983712, "delta": 0.911393}}
{"target": 0.9171535910203062, "params": {"C": 82443.45211427954, "gamma": 0.06791201966276635}, "datetime": {"datetime": "2021-10-04 09:55:33", "elapsed": 101.820254, "delta": 0.836542}}
{"target": 0.9036913801924635, "params": {"C": 76259.3812189631, "gamma": 0.09050917781424861}, "datetime": {"datetime": "2021-10-04 09:55:34", "elapsed": 102.820835, "delta": 1.000581}}
{"target": 0.9004497082714975, "params": {"C": 74994.07443671784, "gamma": 0.0962098106541948}, "datetime": {"datetime": "2021-10-04 09:55:35", "elapsed": 103.828104, "delta": 1.007269}}
{"target": 0.9139477330580559, "params": {"C": 84656.6142576595, "gamma": 0.07233598825343888}, "datetime": {"datetime": "2021-10-04 09:55:35", "elapsed": 104.661846, "delta": 0.833742}}
{"target": 0.9265256229610949, "params": {"C": 104715.0544885952, "gamma": 0.04625911147906802}, "datetime": {"datetime": "2021-10-04 09:55:36", "elapsed": 105.578018, "delta": 0.916172}}
{"target": 0.91149581586881, "params": {"C": 106998.82351435712, "gamma": 0.02378860792941562}, "datetime": {"datetime": "2021-10-04 09:55:37", "elapsed": 106.489334, "delta": 0.911316}}
{"target": 0.869674935334244, "params": {"C": 78308.85355910251, "gamma": 0.010467663871745646}, "datetime": {"datetime": "2021-10-04 09:55:38", "elapsed": 107.574685, "delta": 1.085351}}
{"target": 0.9133990178761673, "params": {"C": 92625.31398436215, "gamma": 0.02549289470987681}, "datetime": {"datetime": "2021-10-04 09:55:39", "elapsed": 108.74206, "delta": 1.167375}}
{"target": 0.8966666052018506, "params": {"C": 76459.88173980733, "gamma": 0.020020727649440757}, "datetime": {"datetime": "2021-10-04 09:55:40", "elapsed": 109.653573, "delta": 0.911513}}
{"target": 0.8844221719496926, "params": {"C": 105796.37901035591, "gamma": 0.015225975660952958}, "datetime": {"datetime": "2021-10-04 09:55:42", "elapsed": 110.766775, "delta": 1.113202}}
{"target": 0.9009341167009861, "params": {"C": 106554.0457894218, "gamma": 0.08675925973736748}, "datetime": {"datetime": "2021-10-04 09:55:42", "elapsed": 111.650261, "delta": 0.883486}}
{"target": 0.8986205525111198, "params": {"C": 94628.23688947772, "gamma": 0.09379888115096804}, "datetime": {"datetime": "2021-10-04 09:55:44", "elapsed": 112.770486, "delta": 1.120225}}
{"target": 0.9241563960955661, "params": {"C": 98755.12374047877, "gamma": 0.05301312093562216}, "datetime": {"datetime": "2021-10-04 09:55:45", "elapsed": 113.829419, "delta": 1.058933}}
{"target": 0.8612006411819026, "params": {"C": 104586.19954068237, "gamma": 0.004604339221413902}, "datetime": {"datetime": "2021-10-04 09:55:46", "elapsed": 114.763097, "delta": 0.933678}}
{"target": 0.9273233134368526, "params": {"C": 74491.77481325001, "gamma": 0.04292758038575607}, "datetime": {"datetime": "2021-10-04 09:55:47", "elapsed": 115.929076, "delta": 1.165979}}
{"target": 0.9272651675843726, "params": {"C": 106223.36059752687, "gamma": 0.039508151815489494}, "datetime": {"datetime": "2021-10-04 09:55:48", "elapsed": 117.091961, "delta": 1.162885}}
{"target": 0.9213110665787616, "params": {"C": 75469.91357227926, "gamma": 0.062481828445791664}, "datetime": {"datetime": "2021-10-04 09:55:49", "elapsed": 118.064535, "delta": 0.972574}}
{"target": 0.9211966582196894, "params": {"C": 81234.83961755355, "gamma": 0.031381008169140176}, "datetime": {"datetime": "2021-10-04 09:55:50", "elapsed": 119.39893, "delta": 1.334395}}
{"target": 0.9269803872778443, "params": {"C": 101513.96732811358, "gamma": 0.04520010159440592}, "datetime": {"datetime": "2021-10-04 09:55:51", "elapsed": 120.431406, "delta": 1.032476}}
{"target": 0.9024656350237926, "params": {"C": 95600.37379945323, "gamma": 0.08721905164432683}, "datetime": {"datetime": "2021-10-04 09:55:52", "elapsed": 121.417884, "delta": 0.986478}}
{"target": 0.8988010827901451, "params": {"C": 79661.59832710534, "gamma": 0.097671610740332}, "datetime": {"datetime": "2021-10-04 09:55:53", "elapsed": 122.482729, "delta": 1.064845}}
{"target": 0.9275551619572395, "params": {"C": 93033.78997535098, "gamma": 0.04223115511311745}, "datetime": {"datetime": "2021-10-04 09:55:54", "elapsed": 123.500332, "delta": 1.017603}}
{"target": 0.8747875437957909, "params": {"C": 99426.50760703499, "gamma": 0.012486585336078788}, "datetime": {"datetime": "2021-10-04 09:55:55", "elapsed": 124.416871, "delta": 0.916539}}
{"target": 0.8455223769306072, "params": {"C": 97417.60030134788, "gamma": 0.0027432467866500545}, "datetime": {"datetime": "2021-10-04 09:55:56", "elapsed": 125.454965, "delta": 1.038094}}
{"target": 0.8651325622800555, "params": {"C": 98903.97167641709, "gamma": 0.006906420259172377}, "datetime": {"datetime": "2021-10-04 09:55:57", "elapsed": 126.445589, "delta": 0.990624}}
{"target": 0.9153126561947151, "params": {"C": 73555.26350200875, "gamma": 0.028082827880212536}, "datetime": {"datetime": "2021-10-04 09:55:58", "elapsed": 127.333636, "delta": 0.888047}}
{"target": 0.9256214228242107, "params": {"C": 84887.96800264055, "gamma": 0.0361210767764093}, "datetime": {"datetime": "2021-10-04 09:55:59", "elapsed": 128.256841, "delta": 0.923205}}
{"target": 0.9175817289427078, "params": {"C": 76160.82447184762, "gamma": 0.06858808853356581}, "datetime": {"datetime": "2021-10-04 09:56:00", "elapsed": 129.414207, "delta": 1.157366}}
{"target": 0.9084605307268108, "params": {"C": 85848.76229509599, "gamma": 0.08040184074579697}, "datetime": {"datetime": "2021-10-04 09:56:01", "elapsed": 130.370889, "delta": 0.956682}}
{"target": 0.91847655459371, "params": {"C": 87360.17925164053, "gamma": 0.06479979338864773}, "datetime": {"datetime": "2021-10-04 09:56:02", "elapsed": 131.311444, "delta": 0.940555}}
{"target": 0.9125418016284479, "params": {"C": 97448.18888810003, "gamma": 0.0714483567216095}, "datetime": {"datetime": "2021-10-04 09:56:03", "elapsed": 132.501011, "delta": 1.189567}}
{"target": 0.8770993501726506, "params": {"C": 103806.65037789303, "gamma": 0.013161656089391047}, "datetime": {"datetime": "2021-10-04 09:56:04", "elapsed": 133.608927, "delta": 1.107916}}
{"target": 0.9209215970952964, "params": {"C": 97748.76135378759, "gamma": 0.05884467994439229}, "datetime": {"datetime": "2021-10-04 09:56:06", "elapsed": 134.9908, "delta": 1.381873}}
{"target": 0.8594846869158679, "params": {"C": 93443.60056639955, "gamma": 0.004436578335026624}, "datetime": {"datetime": "2021-10-04 09:56:07", "elapsed": 135.968181, "delta": 0.977381}}
{"target": 0.9154519541276598, "params": {"C": 76353.71070657956, "gamma": 0.07192672661338258}, "datetime": {"datetime": "2021-10-04 09:56:08", "elapsed": 136.914337, "delta": 0.946156}}
{"target": 0.9269513493135929, "params": {"C": 98730.49551784783, "gamma": 0.037912337529882094}, "datetime": {"datetime": "2021-10-04 09:56:09", "elapsed": 137.823333, "delta": 0.908996}}
{"target": 0.9255001255297236, "params": {"C": 90760.07195982823, "gamma": 0.05155103720315008}, "datetime": {"datetime": "2021-10-04 09:56:10", "elapsed": 138.810562, "delta": 0.987229}}
{"target": 0.9105741478354936, "params": {"C": 99495.96686211441, "gamma": 0.0738457825598354}, "datetime": {"datetime": "2021-10-04 09:56:11", "elapsed": 139.7674, "delta": 0.956838}}
{"target": 0.9186225883480513, "params": {"C": 94140.53837107973, "gamma": 0.06316389305316285}, "datetime": {"datetime": "2021-10-04 09:56:12", "elapsed": 140.744222, "delta": 0.976822}}
{"target": 0.8875333805919157, "params": {"C": 92567.82991003686, "gamma": 0.016499030291664336}, "datetime": {"datetime": "2021-10-04 09:56:12", "elapsed": 141.709846, "delta": 0.965624}}
{"target": 0.8987153746865112, "params": {"C": 102482.34990504899, "gamma": 0.09148955266766409}, "datetime": {"datetime": "2021-10-04 09:56:14", "elapsed": 142.897242, "delta": 1.187396}}
{"target": 0.9176626942670465, "params": {"C": 83550.85655786026, "gamma": 0.06687789118080432}, "datetime": {"datetime": "2021-10-04 09:56:15", "elapsed": 143.903717, "delta": 1.006475}}
{"target": 0.9143460653517907, "params": {"C": 73202.23089208956, "gamma": 0.07439265284753112}, "datetime": {"datetime": "2021-10-04 09:56:16", "elapsed": 145.114732, "delta": 1.211015}}
{"target": 0.9006214874605851, "params": {"C": 98186.360464445, "gamma": 0.08950531541884335}, "datetime": {"datetime": "2021-10-04 09:56:17", "elapsed": 146.145418, "delta": 1.030686}}
{"target": 0.9273508570047053, "params": {"C": 80776.08514915832, "gamma": 0.046665552503630504}, "datetime": {"datetime": "2021-10-04 09:56:18", "elapsed": 147.359842, "delta": 1.214424}}
{"target": 0.898593137168299, "params": {"C": 93582.56949489677, "gamma": 0.09413396366551686}, "datetime": {"datetime": "2021-10-04 09:56:19", "elapsed": 148.426748, "delta": 1.066906}}
{"target": 0.9211091773417943, "params": {"C": 104095.73558245819, "gamma": 0.029474993302001443}, "datetime": {"datetime": "2021-10-04 09:56:20", "elapsed": 149.676825, "delta": 1.250077}}
{"target": 0.8993428882738121, "params": {"C": 73115.82038355376, "gamma": 0.09859916663281702}, "datetime": {"datetime": "2021-10-04 09:56:22", "elapsed": 150.795641, "delta": 1.118816}}
