{"target": 0.4540084841036863, "params": {"C": 297.5352483890299, "gamma": 0.16664883482109824}, "datetime": {"datetime": "2021-10-04 09:17:32", "elapsed": 6.492746, "delta": 0.285001}}
{"target": 0.5888798727562662, "params": {"C": 559.3104372436721, "gamma": 0.15582078077256284}, "datetime": {"datetime": "2021-10-04 09:17:32", "elapsed": 6.769745, "delta": 0.276999}}
{"target": 0.6321206558572362, "params": {"C": 918.3923793333768, "gamma": 0.19952038089595717}, "datetime": {"datetime": "2021-10-04 09:17:33", "elapsed": 7.052203, "delta": 0.282458}}
{"target": 0.6454166587117931, "params": {"C": 918.1470535564603, "gamma": 0.003991003272301542}, "datetime": {"datetime": "2021-10-04 09:17:33", "elapsed": 7.388065, "delta": 0.335862}}
{"target": 0.7334378761899267, "params": {"C": 598.2255847924348, "gamma": 0.027145250437562437}, "datetime": {"datetime": "2021-10-04 09:17:33", "elapsed": 7.70606, "delta": 0.317995}}
{"target": 0.6440643528433405, "params": {"C": 515.2982484313608, "gamma": 0.09785198905462308}, "datetime": {"datetime": "2021-10-04 09:17:34", "elapsed": 8.021973, "delta": 0.315913}}
{"target": 0.560111209235922, "params": {"C": 598.2868636259914, "gamma": 0.1960986247562271}, "datetime": {"datetime": "2021-10-04 09:17:34", "elapsed": 8.397719, "delta": 0.375746}}
{"target": 0.6327934703451059, "params": {"C": 918.6770728748288, "gamma": 0.19880687259581659}, "datetime": {"datetime": "2021-10-04 09:17:34", "elapsed": 8.744246, "delta": 0.346527}}
{"target": 0.7728946462724462, "params": {"C": 918.996245238323, "gamma": 0.02769541148551571}, "datetime": {"datetime": "2021-10-04 09:17:35", "elapsed": 9.087595, "delta": 0.343349}}
{"target": 0.747555773459568, "params": {"C": 919.3168739603693, "gamma": 0.07873012718210147}, "datetime": {"datetime": "2021-10-04 09:17:35", "elapsed": 9.516534, "delta": 0.428939}}
{"target": 0.7206995851969278, "params": {"C": 919.1983304522021, "gamma": 0.10625193205553156}, "datetime": {"datetime": "2021-10-04 09:17:36", "elapsed": 9.863939, "delta": 0.347405}}
{"target": 0.7632686206655803, "params": {"C": 919.690179573208, "gamma": 0.06047985463368202}, "datetime": {"datetime": "2021-10-04 09:17:36", "elapsed": 10.202404, "delta": 0.338465}}
{"target": 0.7626627709743702, "params": {"C": 919.9493078472977, "gamma": 0.018047757374530283}, "datetime": {"datetime": "2021-10-04 09:17:36", "elapsed": 10.605365, "delta": 0.402961}}
{"target": 0.6777061241339457, "params": {"C": 919.8849343881926, "gamma": 0.15002575915759256}, "datetime": {"datetime": "2021-10-04 09:17:37", "elapsed": 11.000821, "delta": 0.395456}}
{"target": 0.6596964657037583, "params": {"C": 920.1749287237915, "gamma": 0.16918308876436386}, "datetime": {"datetime": "2021-10-04 09:17:37", "elapsed": 11.385821, "delta": 0.385}}
{"target": 0.7305856624811244, "params": {"C": 905.7042921672204, "gamma": 0.09434244132787942}, "datetime": {"datetime": "2021-10-04 09:17:37", "elapsed": 11.750663, "delta": 0.364842}}
{"target": 0.6626232931573299, "params": {"C": 919.5494598549719, "gamma": 0.16591746400226784}, "datetime": {"datetime": "2021-10-04 09:17:38", "elapsed": 12.173786, "delta": 0.423123}}
{"target": 0.52072715417428, "params": {"C": 125.11182748999337, "gamma": 0.028071912901596878}, "datetime": {"datetime": "2021-10-04 09:17:38", "elapsed": 12.492032, "delta": 0.318246}}
{"target": 0.6370436715362802, "params": {"C": 905.4711860204105, "gamma": 0.19128325022649914}, "datetime": {"datetime": "2021-10-04 09:17:39", "elapsed": 12.907087, "delta": 0.415055}}
{"target": 0.6561141701521552, "params": {"C": 894.0950472989755, "gamma": 0.16813391029964303}, "datetime": {"datetime": "2021-10-04 09:17:39", "elapsed": 13.238974, "delta": 0.331887}}
{"target": 0.7586841914169866, "params": {"C": 905.9882508507437, "gamma": 0.06417100500503327}, "datetime": {"datetime": "2021-10-04 09:17:39", "elapsed": 13.626936, "delta": 0.387962}}
{"target": 0.4058880474938169, "params": {"C": 156.36947787645389, "gamma": 0.10571757900842285}, "datetime": {"datetime": "2021-10-04 09:17:40", "elapsed": 13.974521, "delta": 0.347585}}
{"target": 0.7308647964148709, "params": {"C": 906.2660202557153, "gamma": 0.09414291785832292}, "datetime": {"datetime": "2021-10-04 09:17:40", "elapsed": 14.40476, "delta": 0.430239}}
{"target": 0.7501120417030318, "params": {"C": 754.4958394411984, "gamma": 0.04867295050552673}, "datetime": {"datetime": "2021-10-04 09:17:40", "elapsed": 14.765373, "delta": 0.360613}}
{"target": 0.6295172017781692, "params": {"C": 776.3393651248394, "gamma": 0.17182359685902734}, "datetime": {"datetime": "2021-10-04 09:17:41", "elapsed": 15.125031, "delta": 0.359658}}
{"target": 0.7537018917269238, "params": {"C": 754.2622940906211, "gamma": 0.024075843020719596}, "datetime": {"datetime": "2021-10-04 09:17:41", "elapsed": 15.514015, "delta": 0.388984}}
{"target": 0.6964715922786348, "params": {"C": 753.9394100679883, "gamma": 0.10277487400909013}, "datetime": {"datetime": "2021-10-04 09:17:42", "elapsed": 15.953307, "delta": 0.439292}}
{"target": 0.6271936955065162, "params": {"C": 754.3518800368894, "gamma": 0.1692338668644838}, "datetime": {"datetime": "2021-10-04 09:17:42", "elapsed": 16.391768, "delta": 0.438461}}
{"target": 0.7539660068967167, "params": {"C": 754.6803978922593, "gamma": 0.024386850559043913}, "datetime": {"datetime": "2021-10-04 09:17:42", "elapsed": 16.783102, "delta": 0.391334}}
{"target": 0.6116283563640962, "params": {"C": 754.9125570394067, "gamma": 0.1856441400185306}, "datetime": {"datetime": "2021-10-04 09:17:43", "elapsed": 17.193136, "delta": 0.410034}}
{"target": 0.6407583614051988, "params": {"C": 906.5070256995784, "gamma": 0.18733043088349124}, "datetime": {"datetime": "2021-10-04 09:17:43", "elapsed": 17.612107, "delta": 0.418971}}
{"target": 0.6880373604260537, "params": {"C": 919.8828019818908, "gamma": 0.13933790906170887}, "datetime": {"datetime": "2021-10-04 09:17:44", "elapsed": 17.970508, "delta": 0.358401}}
{"target": 0.7075095045761045, "params": {"C": 606.0063780301577, "gamma": 0.06592425793022394}, "datetime": {"datetime": "2021-10-04 09:17:44", "elapsed": 18.323712, "delta": 0.353204}}
{"target": 0.7607364765395448, "params": {"C": 798.8689041656777, "gamma": 0.039651184704699985}, "datetime": {"datetime": "2021-10-04 09:17:44", "elapsed": 18.698304, "delta": 0.374592}}
{"target": 0.6206006806407901, "params": {"C": 799.006957779932, "gamma": 0.18642763240363122}, "datetime": {"datetime": "2021-10-04 09:17:45", "elapsed": 19.075708, "delta": 0.377404}}
{"target": 0.7505296610674632, "params": {"C": 918.6550450118768, "gamma": 0.07540680541157492}, "datetime": {"datetime": "2021-10-04 09:17:45", "elapsed": 19.453562, "delta": 0.377854}}
{"target": 0.702939408161281, "params": {"C": 798.5749473436911, "gamma": 0.10444822041436637}, "datetime": {"datetime": "2021-10-04 09:17:46", "elapsed": 19.95373, "delta": 0.500168}}
{"target": 0.4670380868616434, "params": {"C": 359.9496934823536, "gamma": 0.19004202844405035}, "datetime": {"datetime": "2021-10-04 09:17:46", "elapsed": 20.385762, "delta": 0.432032}}
{"target": 0.652372509908824, "params": {"C": 605.646953928584, "gamma": 0.11212302496385304}, "datetime": {"datetime": "2021-10-04 09:17:47", "elapsed": 20.896139, "delta": 0.510377}}
{"target": 0.611018181199998, "params": {"C": 606.2810729636087, "gamma": 0.14857898156179164}, "datetime": {"datetime": "2021-10-04 09:17:47", "elapsed": 21.35357, "delta": 0.457431}}
{"target": 0.5182262491742441, "params": {"C": 331.4641815405222, "gamma": 0.13299634220945594}, "datetime": {"datetime": "2021-10-04 09:17:47", "elapsed": 21.780018, "delta": 0.426448}}
{"target": 0.6676770535163004, "params": {"C": 753.5787023635417, "gamma": 0.12936817583122082}, "datetime": {"datetime": "2021-10-04 09:17:48", "elapsed": 22.336475, "delta": 0.556457}}
{"target": 0.5282167712532597, "params": {"C": 405.7298850653507, "gamma": 0.15646947122491764}, "datetime": {"datetime": "2021-10-04 09:17:48", "elapsed": 22.774373, "delta": 0.437898}}
{"target": 0.629442327600292, "params": {"C": 905.8877641661359, "gamma": 0.2}, "datetime": {"datetime": "2021-10-04 09:17:49", "elapsed": 23.268715, "delta": 0.494342}}
{"target": 0.7221966253868702, "params": {"C": 919.7962156036183, "gamma": 0.00811957385057446}, "datetime": {"datetime": "2021-10-04 09:17:49", "elapsed": 23.754176, "delta": 0.485461}}
{"target": 0.7613776922798895, "params": {"C": 798.7508319597489, "gamma": 0.029606722935784653}, "datetime": {"datetime": "2021-10-04 09:17:50", "elapsed": 24.302899, "delta": 0.548723}}
{"target": 0.7288136432477501, "params": {"C": 597.5447587514684, "gamma": 0.04169229512408907}, "datetime": {"datetime": "2021-10-04 09:17:50", "elapsed": 24.787685, "delta": 0.484786}}
{"target": 0.6172992678528333, "params": {"C": 597.3039187497004, "gamma": 0.1405421618109009}, "datetime": {"datetime": "2021-10-04 09:17:51", "elapsed": 25.190477, "delta": 0.402792}}
{"target": 0.7350770971520748, "params": {"C": 906.1309492862005, "gamma": 0.009993086158614939}, "datetime": {"datetime": "2021-10-04 09:17:51", "elapsed": 25.604635, "delta": 0.414158}}
{"target": 0.6874253936928278, "params": {"C": 798.1333962350154, "gamma": 0.11900683319155056}, "datetime": {"datetime": "2021-10-04 09:17:52", "elapsed": 26.056589, "delta": 0.451954}}
{"target": 0.689412516339023, "params": {"C": 797.7993839701629, "gamma": 0.11706439855293202}, "datetime": {"datetime": "2021-10-04 09:17:52", "elapsed": 26.538935, "delta": 0.482346}}
{"target": 0.6203643378793282, "params": {"C": 797.5147794319234, "gamma": 0.186340446090938}, "datetime": {"datetime": "2021-10-04 09:17:53", "elapsed": 26.969411, "delta": 0.430476}}
{"target": 0.4981106673321315, "params": {"C": 336.62913022261284, "gamma": 0.15100092986539415}, "datetime": {"datetime": "2021-10-04 09:17:53", "elapsed": 27.389118, "delta": 0.419707}}
{"target": 0.5286338945446662, "params": {"C": 404.91570543213635, "gamma": 0.1557815441813032}, "datetime": {"datetime": "2021-10-04 09:17:54", "elapsed": 27.96523, "delta": 0.576112}}
{"target": 0.4488695831637507, "params": {"C": 300.80429796372067, "gamma": 0.17297856605785167}, "datetime": {"datetime": "2021-10-04 09:17:54", "elapsed": 28.365945, "delta": 0.400715}}
{"target": 0.594083760332349, "params": {"C": 417.69339635089676, "gamma": 0.10877968815391982}, "datetime": {"datetime": "2021-10-04 09:17:54", "elapsed": 28.791298, "delta": 0.425353}}
{"target": 0.6248561065331527, "params": {"C": 798.7514875215419, "gamma": 0.1817884858313712}, "datetime": {"datetime": "2021-10-04 09:17:55", "elapsed": 29.239807, "delta": 0.448509}}
{"target": 0.6089297627058059, "params": {"C": 905.7986016243191, "gamma": 0.003121133587848232}, "datetime": {"datetime": "2021-10-04 09:17:55", "elapsed": 29.726937, "delta": 0.48713}}
{"target": 0.6496287066507666, "params": {"C": 906.1083957332378, "gamma": 0.1774548110877818}, "datetime": {"datetime": "2021-10-04 09:17:56", "elapsed": 30.284132, "delta": 0.557195}}
{"target": 0.655279545406513, "params": {"C": 822.2090316287477, "gamma": 0.15503043848799386}, "datetime": {"datetime": "2021-10-04 09:17:56", "elapsed": 30.717132, "delta": 0.433}}
{"target": 0.6845932984989231, "params": {"C": 712.6859987479805, "gamma": 0.10603222830817109}, "datetime": {"datetime": "2021-10-04 09:17:57", "elapsed": 31.157984, "delta": 0.440852}}
{"target": 0.620668543233767, "params": {"C": 846.0429247316221, "gamma": 0.19701189720281342}, "datetime": {"datetime": "2021-10-04 09:17:57", "elapsed": 31.612901, "delta": 0.454917}}
{"target": 0.6234993835888512, "params": {"C": 918.8779955565005, "gamma": 0.003413169064718231}, "datetime": {"datetime": "2021-10-04 09:17:58", "elapsed": 32.067119, "delta": 0.454218}}
{"target": 0.617861474789107, "params": {"C": 754.6789257570593, "gamma": 0.17899176680259085}, "datetime": {"datetime": "2021-10-04 09:17:58", "elapsed": 32.62006, "delta": 0.552941}}
{"target": 0.7215005549716086, "params": {"C": 754.076641930188, "gamma": 0.010257890694566436}, "datetime": {"datetime": "2021-10-04 09:17:59", "elapsed": 33.065244, "delta": 0.445184}}
{"target": 0.6541139488671466, "params": {"C": 754.1094683953311, "gamma": 0.142411186597696}, "datetime": {"datetime": "2021-10-04 09:17:59", "elapsed": 33.643615, "delta": 0.578371}}
{"target": 0.7736367446785688, "params": {"C": 919.125782602423, "gamma": 0.029267604678687324}, "datetime": {"datetime": "2021-10-04 09:18:00", "elapsed": 34.156241, "delta": 0.512626}}
{"target": 0.7527884122110801, "params": {"C": 906.3880947345849, "gamma": 0.014218590225971488}, "datetime": {"datetime": "2021-10-04 09:18:00", "elapsed": 34.640108, "delta": 0.483867}}
{"target": 0.6439912667282105, "params": {"C": 798.3451059413799, "gamma": 0.1616784891891551}, "datetime": {"datetime": "2021-10-04 09:18:01", "elapsed": 35.118106, "delta": 0.477998}}
{"target": 0.650030069864024, "params": {"C": 754.1092571629894, "gamma": 0.14637238385009682}, "datetime": {"datetime": "2021-10-04 09:18:01", "elapsed": 35.566591, "delta": 0.448485}}
{"target": 0.7538417570572566, "params": {"C": 919.4647584072018, "gamma": 0.014210716986334276}, "datetime": {"datetime": "2021-10-04 09:18:02", "elapsed": 36.055103, "delta": 0.488512}}
{"target": 0.7209236073173009, "params": {"C": 597.7349918982814, "gamma": 0.01521481299460795}, "datetime": {"datetime": "2021-10-04 09:18:02", "elapsed": 36.544579, "delta": 0.489476}}
{"target": 0.4967729383544248, "params": {"C": 177.14017493864932, "gamma": 0.071716540130332}, "datetime": {"datetime": "2021-10-04 09:18:03", "elapsed": 36.98725, "delta": 0.442671}}
{"target": 0.5763885490260408, "params": {"C": 211.76405093883403, "gamma": 0.047858455671626804}, "datetime": {"datetime": "2021-10-04 09:18:03", "elapsed": 37.437377, "delta": 0.450127}}
{"target": 0.7192499209646162, "params": {"C": 920.1091304447672, "gamma": 0.007813736860503313}, "datetime": {"datetime": "2021-10-04 09:18:04", "elapsed": 38.003454, "delta": 0.566077}}
{"target": 0.5623420691051069, "params": {"C": 425.7303337388439, "gamma": 0.13576222237590427}, "datetime": {"datetime": "2021-10-04 09:18:04", "elapsed": 38.467777, "delta": 0.464323}}
{"target": 0.7167109640773406, "params": {"C": 712.4170551139547, "gamma": 0.07710337048109571}, "datetime": {"datetime": "2021-10-04 09:18:05", "elapsed": 39.066261, "delta": 0.598484}}
{"target": 0.4991615432579407, "params": {"C": 712.1843562536433, "gamma": 0.0017021096795853926}, "datetime": {"datetime": "2021-10-04 09:18:05", "elapsed": 39.646338, "delta": 0.580077}}
{"target": 0.6243718709011203, "params": {"C": 712.9530215523673, "gamma": 0.1624392073288355}, "datetime": {"datetime": "2021-10-04 09:18:06", "elapsed": 40.154521, "delta": 0.508183}}
{"target": 0.5898361749572328, "params": {"C": 712.5533468517502, "gamma": 0.19823448704062946}, "datetime": {"datetime": "2021-10-04 09:18:06", "elapsed": 40.676906, "delta": 0.522385}}
{"target": 0.6925404462601294, "params": {"C": 919.0656790851835, "gamma": 0.13459686811127083}, "datetime": {"datetime": "2021-10-04 09:18:07", "elapsed": 41.279846, "delta": 0.60294}}
{"target": 0.5816596720502072, "params": {"C": 597.605301142748, "gamma": 0.17402822813916638}, "datetime": {"datetime": "2021-10-04 09:18:08", "elapsed": 41.833809, "delta": 0.553963}}
{"target": 0.6051594069278105, "params": {"C": 753.8044341028561, "gamma": 0.0035151298773116743}, "datetime": {"datetime": "2021-10-04 09:18:08", "elapsed": 42.339168, "delta": 0.505359}}
{"target": 0.47965365633253754, "params": {"C": 905.577989349504, "gamma": 0.001167911129370149}, "datetime": {"datetime": "2021-10-04 09:18:09", "elapsed": 42.932365, "delta": 0.593197}}
{"target": 0.6080340496629983, "params": {"C": 797.964399910048, "gamma": 0.2}, "datetime": {"datetime": "2021-10-04 09:18:09", "elapsed": 43.475605, "delta": 0.54324}}
{"target": 0.7055836810501985, "params": {"C": 605.8568304302912, "gamma": 0.06759762170699815}, "datetime": {"datetime": "2021-10-04 09:18:10", "elapsed": 44.066737, "delta": 0.591132}}
{"target": 0.6906589813576739, "params": {"C": 893.7838738012766, "gamma": 0.13232015409162637}, "datetime": {"datetime": "2021-10-04 09:18:10", "elapsed": 44.637814, "delta": 0.571077}}
{"target": 0.60021379831807, "params": {"C": 754.379822655705, "gamma": 0.003394751164271881}, "datetime": {"datetime": "2021-10-04 09:18:11", "elapsed": 45.212225, "delta": 0.574411}}
{"target": 0.7626078409624968, "params": {"C": 919.4630482885912, "gamma": 0.018039627550518685}, "datetime": {"datetime": "2021-10-04 09:18:11", "elapsed": 45.724173, "delta": 0.511948}}
{"target": 0.6424687302219158, "params": {"C": 919.3253683912598, "gamma": 0.18796936668414985}, "datetime": {"datetime": "2021-10-04 09:18:12", "elapsed": 46.407532, "delta": 0.683359}}
{"target": 0.7411959633362987, "params": {"C": 920.045075407645, "gamma": 0.08555236994255244}, "datetime": {"datetime": "2021-10-04 09:18:13", "elapsed": 46.98492, "delta": 0.577388}}
{"target": 0.5176187009469032, "params": {"C": 426.83915664628427, "gamma": 0.003070711882471442}, "datetime": {"datetime": "2021-10-04 09:18:13", "elapsed": 47.47642, "delta": 0.4915}}
{"target": 0.680601275520136, "params": {"C": 754.5749305371352, "gamma": 0.11748828738158276}, "datetime": {"datetime": "2021-10-04 09:18:14", "elapsed": 48.028065, "delta": 0.551645}}
{"target": 0.6306436425912961, "params": {"C": 905.684550986163, "gamma": 0.1985828676783552}, "datetime": {"datetime": "2021-10-04 09:18:14", "elapsed": 48.73613, "delta": 0.708065}}
{"target": 0.5151349864264083, "params": {"C": 919.3681125876404, "gamma": 0.0015644891088031963}, "datetime": {"datetime": "2021-10-04 09:18:15", "elapsed": 49.325466, "delta": 0.589336}}
{"target": 0.7419240530828204, "params": {"C": 906.4842146938123, "gamma": 0.011272533473182429}, "datetime": {"datetime": "2021-10-04 09:18:16", "elapsed": 49.918623, "delta": 0.593157}}
{"target": 0.7703599609084877, "params": {"C": 919.5846293061593, "gamma": 0.024015093713381376}, "datetime": {"datetime": "2021-10-04 09:18:16", "elapsed": 50.486185, "delta": 0.567562}}
{"target": 0.725874162466532, "params": {"C": 919.4528398758957, "gamma": 0.10109260832312117}, "datetime": {"datetime": "2021-10-04 09:18:17", "elapsed": 51.021285, "delta": 0.5351}}
{"target": 0.7534579952451219, "params": {"C": 754.5923279942926, "gamma": 0.023690595581619674}, "datetime": {"datetime": "2021-10-04 09:18:17", "elapsed": 51.637181, "delta": 0.615896}}
{"target": 0.49488752937305014, "params": {"C": 422.8974872543636, "gamma": 0.1945392763703012}, "datetime": {"datetime": "2021-10-04 09:18:18", "elapsed": 52.174705, "delta": 0.537524}}
{"target": 0.7292741013022144, "params": {"C": 918.5691613656585, "gamma": 0.09753675226920461}, "datetime": {"datetime": "2021-10-04 09:18:19", "elapsed": 52.885143, "delta": 0.710438}}
{"target": 0.7185072013889529, "params": {"C": 906.3676826254355, "gamma": 0.10652422522512532}, "datetime": {"datetime": "2021-10-04 09:18:19", "elapsed": 53.470941, "delta": 0.585798}}
{"target": 0.529591943837144, "params": {"C": 906.022351561751, "gamma": 0.0017750900525003034}, "datetime": {"datetime": "2021-10-04 09:18:20", "elapsed": 54.128064, "delta": 0.657123}}
{"target": 0.661856346285947, "params": {"C": 894.0968156107565, "gamma": 0.16203036218405228}, "datetime": {"datetime": "2021-10-04 09:18:20", "elapsed": 54.663204, "delta": 0.53514}}
{"target": 0.7700003408856672, "params": {"C": 906.2294544985398, "gamma": 0.025020432771516436}, "datetime": {"datetime": "2021-10-04 09:18:21", "elapsed": 55.273859, "delta": 0.610655}}
{"target": 0.7536862588198793, "params": {"C": 754.193763671142, "gamma": 0.024065054189522213}, "datetime": {"datetime": "2021-10-04 09:18:22", "elapsed": 55.901877, "delta": 0.628018}}
{"target": 0.7386125025760943, "params": {"C": 918.5967695748518, "gamma": 0.010419692552071253}, "datetime": {"datetime": "2021-10-04 09:18:22", "elapsed": 56.520691, "delta": 0.618814}}
{"target": 0.7180434029249955, "params": {"C": 918.2805389305565, "gamma": 0.10877703982711467}, "datetime": {"datetime": "2021-10-04 09:18:23", "elapsed": 57.107557, "delta": 0.586866}}
{"target": 0.7544553860211543, "params": {"C": 754.7750549343461, "gamma": 0.04103241891647906}, "datetime": {"datetime": "2021-10-04 09:18:23", "elapsed": 57.678952, "delta": 0.571395}}
{"target": 0.7677473285363094, "params": {"C": 918.4127741156212, "gamma": 0.021592493038193706}, "datetime": {"datetime": "2021-10-04 09:18:24", "elapsed": 58.38594, "delta": 0.706988}}
{"target": 0.7373291353518587, "params": {"C": 918.4430702736834, "gamma": 0.08932201886277631}, "datetime": {"datetime": "2021-10-04 09:18:25", "elapsed": 59.10665, "delta": 0.72071}}
{"target": 0.6919769534093119, "params": {"C": 905.9917860016365, "gamma": 0.13301838414099207}, "datetime": {"datetime": "2021-10-04 09:18:25", "elapsed": 59.70782, "delta": 0.60117}}
{"target": 0.7745444800891558, "params": {"C": 919.0532034730904, "gamma": 0.03251312550102365}, "datetime": {"datetime": "2021-10-04 09:18:26", "elapsed": 60.344174, "delta": 0.636354}}
{"target": 0.600912501835717, "params": {"C": 605.9179893149928, "gamma": 0.1578828442560185}, "datetime": {"datetime": "2021-10-04 09:18:27", "elapsed": 61.034032, "delta": 0.689858}}
{"target": 0.6775412555006592, "params": {"C": 542.7896430310348, "gamma": 0.07803644688354244}, "datetime": {"datetime": "2021-10-04 09:18:27", "elapsed": 61.59235, "delta": 0.558318}}
{"target": 0.7457859462063471, "params": {"C": 905.9341125037002, "gamma": 0.07871104182427263}, "datetime": {"datetime": "2021-10-04 09:18:28", "elapsed": 62.479214, "delta": 0.886864}}
{"target": 0.7430679512613425, "params": {"C": 918.7398213275291, "gamma": 0.011296911523285684}, "datetime": {"datetime": "2021-10-04 09:18:29", "elapsed": 63.269749, "delta": 0.790535}}
{"target": 0.6633127825886896, "params": {"C": 598.3725769689519, "gamma": 0.006743463951041853}, "datetime": {"datetime": "2021-10-04 09:18:30", "elapsed": 63.948672, "delta": 0.678923}}
