{"target": 0.8976715059608331, "params": {"C": 37729.939503894486, "gamma": 0.14079159831318494}, "datetime": {"datetime": "2021-10-01 01:47:07", "elapsed": 93.052061, "delta": 0.721}}
{"target": 0.9050620741505443, "params": {"C": 42841.027641424815, "gamma": 0.050585614168117916}, "datetime": {"datetime": "2021-10-01 01:47:08", "elapsed": 93.742436, "delta": 0.690375}}
{"target": 0.8928503817521395, "params": {"C": 42369.74301659898, "gamma": 0.03914046005592317}, "datetime": {"datetime": "2021-10-01 01:47:09", "elapsed": 94.468736, "delta": 0.7263}}
{"target": 0.8894107138449563, "params": {"C": 12070.153539870997, "gamma": 0.04882490579251639}, "datetime": {"datetime": "2021-10-01 01:47:09", "elapsed": 95.263455, "delta": 0.794719}}
{"target": 0.8826969552631645, "params": {"C": 14254.769128312577, "gamma": 0.1836723136292151}, "datetime": {"datetime": "2021-10-01 01:47:10", "elapsed": 95.97305, "delta": 0.709595}}
{"target": 0.9067500489011997, "params": {"C": 16765.325779475017, "gamma": 0.07360591043652197}, "datetime": {"datetime": "2021-10-01 01:47:11", "elapsed": 96.852009, "delta": 0.878959}}
{"target": 0.8986014371595722, "params": {"C": 46723.128965058284, "gamma": 0.04310573435777591}, "datetime": {"datetime": "2021-10-01 01:47:12", "elapsed": 97.593883, "delta": 0.741874}}
{"target": 0.8631214620556653, "params": {"C": 26726.021491157484, "gamma": 0.02002779935369145}, "datetime": {"datetime": "2021-10-01 01:47:12", "elapsed": 98.298708, "delta": 0.704825}}
{"target": 0.8851653893291845, "params": {"C": 39401.42523215652, "gamma": 0.1856137741689551}, "datetime": {"datetime": "2021-10-01 01:47:13", "elapsed": 99.049289, "delta": 0.750581}}
{"target": 0.8871135347371517, "params": {"C": 11284.334866971363, "gamma": 0.1615559747677571}, "datetime": {"datetime": "2021-10-01 01:47:14", "elapsed": 99.91187, "delta": 0.862581}}
{"target": 0.9105852274188825, "params": {"C": 41476.810115581226, "gamma": 0.0911153369486175}, "datetime": {"datetime": "2021-10-01 01:47:15", "elapsed": 100.623831, "delta": 0.711961}}
{"target": 0.9057292350771556, "params": {"C": 49193.0678289454, "gamma": 0.05040719243975546}, "datetime": {"datetime": "2021-10-01 01:47:15", "elapsed": 101.378126, "delta": 0.754295}}
{"target": 0.8953459738943612, "params": {"C": 45811.98721996672, "gamma": 0.14674026450702765}, "datetime": {"datetime": "2021-10-01 01:47:16", "elapsed": 102.126317, "delta": 0.748191}}
{"target": 0.8862601607044873, "params": {"C": 6749.785318956816, "gamma": 0.12958283605208706}, "datetime": {"datetime": "2021-10-01 01:47:17", "elapsed": 102.835322, "delta": 0.709005}}
{"target": 0.8767513579167721, "params": {"C": 9608.751343658636, "gamma": 0.03845834495442067}, "datetime": {"datetime": "2021-10-01 01:47:18", "elapsed": 103.761787, "delta": 0.926465}}
{"target": 0.8788562093699471, "params": {"C": 15340.070626744657, "gamma": 0.19803077670347824}, "datetime": {"datetime": "2021-10-01 01:47:19", "elapsed": 104.517467, "delta": 0.75568}}
{"target": 0.9039747782870772, "params": {"C": 44382.190042669834, "gamma": 0.11597106421401}, "datetime": {"datetime": "2021-10-01 01:47:20", "elapsed": 105.396956, "delta": 0.879489}}
{"target": 0.9071014165456658, "params": {"C": 46255.17801813513, "gamma": 0.1034842936089777}, "datetime": {"datetime": "2021-10-01 01:47:20", "elapsed": 106.274452, "delta": 0.877496}}
{"target": 0.9103029207252794, "params": {"C": 21859.898192722245, "gamma": 0.0806277927426964}, "datetime": {"datetime": "2021-10-01 01:47:21", "elapsed": 107.220969, "delta": 0.946517}}
{"target": 0.9122871289892754, "params": {"C": 33899.78504078994, "gamma": 0.07409710429929907}, "datetime": {"datetime": "2021-10-01 01:47:22", "elapsed": 108.173339, "delta": 0.95237}}
{"target": 0.8874071854403256, "params": {"C": 6750.9806083627345, "gamma": 0.12475821427208492}, "datetime": {"datetime": "2021-10-01 01:47:23", "elapsed": 108.930578, "delta": 0.757239}}
{"target": 0.8817457555763346, "params": {"C": 29942.263521648947, "gamma": 0.033328761943268205}, "datetime": {"datetime": "2021-10-01 01:47:24", "elapsed": 109.889255, "delta": 0.958677}}
{"target": 0.8569815034594443, "params": {"C": 36679.6514947477, "gamma": 0.01421615844657545}, "datetime": {"datetime": "2021-10-01 01:47:25", "elapsed": 110.891619, "delta": 1.002364}}
{"target": 0.9093214887309221, "params": {"C": 21039.58565229173, "gamma": 0.07413249146399394}, "datetime": {"datetime": "2021-10-01 01:47:26", "elapsed": 111.671831, "delta": 0.780212}}
{"target": 0.8900768947795576, "params": {"C": 14389.624291017719, "gamma": 0.16008069952544443}, "datetime": {"datetime": "2021-10-01 01:47:27", "elapsed": 112.745502, "delta": 1.073671}}
{"target": 0.8814863331530263, "params": {"C": 28491.947082535433, "gamma": 0.03338711042598583}, "datetime": {"datetime": "2021-10-01 01:47:28", "elapsed": 113.642733, "delta": 0.897231}}
{"target": 0.8965139129185485, "params": {"C": 14526.00016625633, "gamma": 0.1389221245400879}, "datetime": {"datetime": "2021-10-01 01:47:29", "elapsed": 114.408421, "delta": 0.765688}}
{"target": 0.9068713757092751, "params": {"C": 42145.59657264477, "gamma": 0.053324594659464965}, "datetime": {"datetime": "2021-10-01 01:47:29", "elapsed": 115.190429, "delta": 0.782008}}
{"target": 0.8606565669795945, "params": {"C": 27873.213747148613, "gamma": 0.01785592397293354}, "datetime": {"datetime": "2021-10-01 01:47:30", "elapsed": 116.207241, "delta": 1.016812}}
{"target": 0.8570683723377874, "params": {"C": 33453.80972802105, "gamma": 0.014472389641944503}, "datetime": {"datetime": "2021-10-01 01:47:31", "elapsed": 117.360666, "delta": 1.153425}}
{"target": 0.868097636787479, "params": {"C": 37600.56748500302, "gamma": 0.023668476236668536}, "datetime": {"datetime": "2021-10-01 01:47:32", "elapsed": 118.336508, "delta": 0.975842}}
{"target": 0.8813138781600014, "params": {"C": 24394.66475776766, "gamma": 0.1974799797599052}, "datetime": {"datetime": "2021-10-01 01:47:33", "elapsed": 119.256797, "delta": 0.920289}}
{"target": 0.8830225738983124, "params": {"C": 21824.003331742628, "gamma": 0.0360339214384786}, "datetime": {"datetime": "2021-10-01 01:47:34", "elapsed": 120.208198, "delta": 0.951401}}
{"target": 0.8937443187268292, "params": {"C": 10176.848389779665, "gamma": 0.059618892527412495}, "datetime": {"datetime": "2021-10-01 01:47:35", "elapsed": 121.037198, "delta": 0.829}}
{"target": 0.8760167367294432, "params": {"C": 9548.555852838716, "gamma": 0.03780019761803289}, "datetime": {"datetime": "2021-10-01 01:47:36", "elapsed": 121.870039, "delta": 0.832841}}
{"target": 0.9093690291774769, "params": {"C": 37000.353796728785, "gamma": 0.05948892250994639}, "datetime": {"datetime": "2021-10-01 01:47:37", "elapsed": 122.687928, "delta": 0.817889}}
{"target": 0.8751538512541428, "params": {"C": 16702.592628961138, "gamma": 0.03147122552426395}, "datetime": {"datetime": "2021-10-01 01:47:38", "elapsed": 123.661771, "delta": 0.973843}}
{"target": 0.9115885296990348, "params": {"C": 36787.0471191681, "gamma": 0.0666447976876996}, "datetime": {"datetime": "2021-10-01 01:47:39", "elapsed": 124.472524, "delta": 0.810753}}
{"target": 0.8585817254612311, "params": {"C": 41387.170105719764, "gamma": 0.01568300629397417}, "datetime": {"datetime": "2021-10-01 01:47:39", "elapsed": 125.274566, "delta": 0.802042}}
{"target": 0.9085210469599391, "params": {"C": 45643.79417245156, "gamma": 0.09820164173422273}, "datetime": {"datetime": "2021-10-01 01:47:40", "elapsed": 126.112812, "delta": 0.838246}}
{"target": 0.9075611209437896, "params": {"C": 24636.81150568046, "gamma": 0.10718684846146859}, "datetime": {"datetime": "2021-10-01 01:47:41", "elapsed": 127.139776, "delta": 1.026964}}
{"target": 0.8541526821131892, "params": {"C": 48252.06951309481, "gamma": 0.011358661401868038}, "datetime": {"datetime": "2021-10-01 01:47:42", "elapsed": 127.957825, "delta": 0.818049}}
{"target": 0.8767026909143829, "params": {"C": 12294.809423230065, "gamma": 0.19820843194066187}, "datetime": {"datetime": "2021-10-01 01:47:43", "elapsed": 129.361852, "delta": 1.404027}}
{"target": 0.9119582720133133, "params": {"C": 35457.38727248879, "gamma": 0.0694701632109527}, "datetime": {"datetime": "2021-10-01 01:47:45", "elapsed": 130.436857, "delta": 1.075005}}
{"target": 0.855838456134704, "params": {"C": 26591.226438283473, "gamma": 0.01432383774610908}, "datetime": {"datetime": "2021-10-01 01:47:45", "elapsed": 131.335012, "delta": 0.898155}}
{"target": 0.8912644085095692, "params": {"C": 20223.720102937838, "gamma": 0.16237716346761577}, "datetime": {"datetime": "2021-10-01 01:47:46", "elapsed": 132.17997, "delta": 0.844958}}
{"target": 0.8886978813354781, "params": {"C": 41695.30079423953, "gamma": 0.17237601016191126}, "datetime": {"datetime": "2021-10-01 01:47:47", "elapsed": 133.020459, "delta": 0.840489}}
{"target": 0.8821715386684466, "params": {"C": 11974.85642392762, "gamma": 0.17976904281715525}, "datetime": {"datetime": "2021-10-01 01:47:48", "elapsed": 134.051277, "delta": 1.030818}}
{"target": 0.8763189958075617, "params": {"C": 31194.859206292025, "gamma": 0.029531338422348726}, "datetime": {"datetime": "2021-10-01 01:47:49", "elapsed": 134.878282, "delta": 0.827005}}
{"target": 0.9093933357987556, "params": {"C": 19523.087744197717, "gamma": 0.08158282509257192}, "datetime": {"datetime": "2021-10-01 01:47:50", "elapsed": 135.898664, "delta": 1.020382}}
{"target": 0.9015492473053682, "params": {"C": 25482.79560705169, "gamma": 0.12956416420783415}, "datetime": {"datetime": "2021-10-01 01:47:51", "elapsed": 136.812664, "delta": 0.914}}
{"target": 0.91227175898135, "params": {"C": 46037.09121520579, "gamma": 0.07684847670836004}, "datetime": {"datetime": "2021-10-01 01:47:52", "elapsed": 137.751271, "delta": 0.938607}}
{"target": 0.8718434236032898, "params": {"C": 24687.686893938222, "gamma": 0.027099997066340826}, "datetime": {"datetime": "2021-10-01 01:47:53", "elapsed": 138.889908, "delta": 1.138637}}
{"target": 0.8798308629782154, "params": {"C": 44724.70715934827, "gamma": 0.03057764768100051}, "datetime": {"datetime": "2021-10-01 01:47:54", "elapsed": 139.77761, "delta": 0.887702}}
{"target": 0.9090151544071056, "params": {"C": 20997.315231041393, "gamma": 0.0966667543235661}, "datetime": {"datetime": "2021-10-01 01:47:55", "elapsed": 140.650651, "delta": 0.873041}}
{"target": 0.8802069883927349, "params": {"C": 5503.40784211265, "gamma": 0.06019812185242024}, "datetime": {"datetime": "2021-10-01 01:47:56", "elapsed": 141.499613, "delta": 0.848962}}
{"target": 0.9049803916712816, "params": {"C": 38150.975290673, "gamma": 0.11500374468945651}, "datetime": {"datetime": "2021-10-01 01:47:57", "elapsed": 142.673652, "delta": 1.174039}}
{"target": 0.8808797243950293, "params": {"C": 18804.8405145059, "gamma": 0.19560834798574683}, "datetime": {"datetime": "2021-10-01 01:47:58", "elapsed": 143.55261, "delta": 0.878958}}
{"target": 0.882283148336492, "params": {"C": 39331.418337549316, "gamma": 0.19619027758423646}, "datetime": {"datetime": "2021-10-01 01:47:59", "elapsed": 144.652654, "delta": 1.100044}}
{"target": 0.891211013877418, "params": {"C": 11070.706757538552, "gamma": 0.05304037965590621}, "datetime": {"datetime": "2021-10-01 01:48:00", "elapsed": 145.498615, "delta": 0.845961}}
{"target": 0.9120015563651915, "params": {"C": 46631.929764556095, "gamma": 0.06643925207520268}, "datetime": {"datetime": "2021-10-01 01:48:01", "elapsed": 146.630183, "delta": 1.131568}}
{"target": 0.9029184173793974, "params": {"C": 39914.556460615146, "gamma": 0.12165111967780994}, "datetime": {"datetime": "2021-10-01 01:48:02", "elapsed": 147.481537, "delta": 0.851354}}
{"target": 0.8514004614348047, "params": {"C": 41829.24090648848, "gamma": 0.010100857233286516}, "datetime": {"datetime": "2021-10-01 01:48:03", "elapsed": 148.414537, "delta": 0.933}}
{"target": 0.9118531640766584, "params": {"C": 47202.08576550797, "gamma": 0.06543511120675}, "datetime": {"datetime": "2021-10-01 01:48:03", "elapsed": 149.313627, "delta": 0.89909}}
{"target": 0.8810622928803044, "params": {"C": 14077.6977126597, "gamma": 0.1885938483708292}, "datetime": {"datetime": "2021-10-01 01:48:04", "elapsed": 150.260673, "delta": 0.947046}}
{"target": 0.8987481014998524, "params": {"C": 9798.062884431345, "gamma": 0.10826401961566635}, "datetime": {"datetime": "2021-10-01 01:48:05", "elapsed": 151.317648, "delta": 1.056975}}
{"target": 0.9101734042529064, "params": {"C": 22236.742045841525, "gamma": 0.07685654471124212}, "datetime": {"datetime": "2021-10-01 01:48:07", "elapsed": 152.791652, "delta": 1.474004}}
{"target": 0.9054807344682476, "params": {"C": 43300.43551214802, "gamma": 0.11099920670595985}, "datetime": {"datetime": "2021-10-01 01:48:08", "elapsed": 153.936991, "delta": 1.145339}}
{"target": 0.8847267567773797, "params": {"C": 25973.210256788367, "gamma": 0.18628703821577047}, "datetime": {"datetime": "2021-10-01 01:48:09", "elapsed": 154.915135, "delta": 0.978144}}
{"target": 0.9102925133225961, "params": {"C": 31660.6879409125, "gamma": 0.09545521746258656}, "datetime": {"datetime": "2021-10-01 01:48:10", "elapsed": 155.82243, "delta": 0.907295}}
{"target": 0.9057248573027096, "params": {"C": 31157.38649340548, "gamma": 0.11441871493103425}, "datetime": {"datetime": "2021-10-01 01:48:11", "elapsed": 156.970431, "delta": 1.148001}}
{"target": 0.9063349660571677, "params": {"C": 27008.542289579185, "gamma": 0.11251770792214594}, "datetime": {"datetime": "2021-10-01 01:48:12", "elapsed": 157.851462, "delta": 0.881031}}
{"target": 0.8985000702944834, "params": {"C": 10830.79538304783, "gamma": 0.11830543789834982}, "datetime": {"datetime": "2021-10-01 01:48:13", "elapsed": 158.814492, "delta": 0.96303}}
{"target": 0.896450399575788, "params": {"C": 30280.938907779055, "gamma": 0.14654782652321974}, "datetime": {"datetime": "2021-10-01 01:48:14", "elapsed": 159.749354, "delta": 0.934862}}
{"target": 0.8911348073565202, "params": {"C": 10812.41017552769, "gamma": 0.05350228561629054}, "datetime": {"datetime": "2021-10-01 01:48:15", "elapsed": 160.969181, "delta": 1.219827}}
{"target": 0.8818244147286257, "params": {"C": 40955.353907041695, "gamma": 0.19788323093675791}, "datetime": {"datetime": "2021-10-01 01:48:16", "elapsed": 162.015308, "delta": 1.046127}}
{"target": 0.8879323640318251, "params": {"C": 40684.97621882879, "gamma": 0.17532651912213304}, "datetime": {"datetime": "2021-10-01 01:48:17", "elapsed": 162.988685, "delta": 0.973377}}
{"target": 0.8943106763287345, "params": {"C": 11371.430203644559, "gamma": 0.05717435375083112}, "datetime": {"datetime": "2021-10-01 01:48:18", "elapsed": 164.163263, "delta": 1.174578}}
{"target": 0.9018250295732646, "params": {"C": 10767.78407320187, "gamma": 0.09464151933005836}, "datetime": {"datetime": "2021-10-01 01:48:20", "elapsed": 165.431267, "delta": 1.268004}}
{"target": 0.8994649788968421, "params": {"C": 15112.583668320474, "gamma": 0.12962185854557334}, "datetime": {"datetime": "2021-10-01 01:48:21", "elapsed": 167.021726, "delta": 1.590459}}
{"target": 0.9080950515685425, "params": {"C": 21105.253393222854, "gamma": 0.10224801687289777}, "datetime": {"datetime": "2021-10-01 01:48:22", "elapsed": 168.227436, "delta": 1.20571}}
{"target": 0.8878109562101666, "params": {"C": 45994.448252163646, "gamma": 0.17515555496890337}, "datetime": {"datetime": "2021-10-01 01:48:24", "elapsed": 169.967695, "delta": 1.740259}}
{"target": 0.8851916759724907, "params": {"C": 49535.95671580861, "gamma": 0.18479890979655061}, "datetime": {"datetime": "2021-10-01 01:48:25", "elapsed": 171.203258, "delta": 1.235563}}
{"target": 0.8869608076923267, "params": {"C": 17539.555276911415, "gamma": 0.041148413796744034}, "datetime": {"datetime": "2021-10-01 01:48:27", "elapsed": 172.795713, "delta": 1.592455}}
{"target": 0.8933228211875344, "params": {"C": 28587.74983396034, "gamma": 0.1572626449580198}, "datetime": {"datetime": "2021-10-01 01:48:28", "elapsed": 174.054379, "delta": 1.258666}}
{"target": 0.9114654149325956, "params": {"C": 31885.20524909073, "gamma": 0.08846921992904157}, "datetime": {"datetime": "2021-10-01 01:48:30", "elapsed": 175.86489, "delta": 1.810511}}
{"target": 0.8669063049275655, "params": {"C": 25357.98156210564, "gamma": 0.023235859550892732}, "datetime": {"datetime": "2021-10-01 01:48:31", "elapsed": 177.096892, "delta": 1.232002}}
{"target": 0.8538975176081267, "params": {"C": 14503.55842568272, "gamma": 0.016462373749283825}, "datetime": {"datetime": "2021-10-01 01:48:32", "elapsed": 178.313826, "delta": 1.216934}}
{"target": 0.8886590301577824, "params": {"C": 7995.473722460305, "gamma": 0.13617433675106919}, "datetime": {"datetime": "2021-10-01 01:48:34", "elapsed": 179.717899, "delta": 1.404073}}
{"target": 0.879646634640866, "params": {"C": 8846.452265484619, "gamma": 0.1733738730271445}, "datetime": {"datetime": "2021-10-01 01:48:36", "elapsed": 181.746771, "delta": 2.028872}}
{"target": 0.8813680784880278, "params": {"C": 19729.193097187956, "gamma": 0.03540807423490444}, "datetime": {"datetime": "2021-10-01 01:48:38", "elapsed": 183.936336, "delta": 2.189565}}
{"target": 0.9033643279326973, "params": {"C": 37049.35648883252, "gamma": 0.12114533191005282}, "datetime": {"datetime": "2021-10-01 01:48:40", "elapsed": 185.492506, "delta": 1.55617}}
{"target": 0.8880622635445732, "params": {"C": 25321.551966376304, "gamma": 0.17478382657441383}, "datetime": {"datetime": "2021-10-01 01:48:41", "elapsed": 187.002982, "delta": 1.510476}}
{"target": 0.9100004527362939, "params": {"C": 38795.71772816629, "gamma": 0.09505837967545408}, "datetime": {"datetime": "2021-10-01 01:48:43", "elapsed": 188.396332, "delta": 1.39335}}
{"target": 0.9111817010611798, "params": {"C": 47878.58020285651, "gamma": 0.062127507998407654}, "datetime": {"datetime": "2021-10-01 01:48:45", "elapsed": 190.890247, "delta": 2.493915}}
{"target": 0.8801538766703985, "params": {"C": 44077.04031562337, "gamma": 0.030812803684047502}, "datetime": {"datetime": "2021-10-01 01:48:47", "elapsed": 192.40585, "delta": 1.515603}}
{"target": 0.8818495032074619, "params": {"C": 42291.86110696563, "gamma": 0.19778608191631072}, "datetime": {"datetime": "2021-10-01 01:48:48", "elapsed": 193.626521, "delta": 1.220671}}
{"target": 0.9110599854959722, "params": {"C": 26678.81436984935, "gamma": 0.07309393532750806}, "datetime": {"datetime": "2021-10-01 01:48:49", "elapsed": 195.025138, "delta": 1.398617}}
{"target": 0.9002749939650384, "params": {"C": 39074.60101134212, "gamma": 0.13125152416647776}, "datetime": {"datetime": "2021-10-01 01:48:51", "elapsed": 196.532222, "delta": 1.507084}}
{"target": 0.9100634538680104, "params": {"C": 21088.535881695658, "gamma": 0.0854452784907447}, "datetime": {"datetime": "2021-10-01 01:48:52", "elapsed": 197.821448, "delta": 1.289226}}
{"target": 0.9006058864756985, "params": {"C": 45393.81291734628, "gamma": 0.1276526268468611}, "datetime": {"datetime": "2021-10-01 01:48:54", "elapsed": 199.820247, "delta": 1.998799}}
{"target": 0.8814531615103828, "params": {"C": 6391.047684792749, "gamma": 0.142119453451977}, "datetime": {"datetime": "2021-10-01 01:48:56", "elapsed": 201.5673, "delta": 1.747053}}
{"target": 0.8666988567791972, "params": {"C": 30138.590172870685, "gamma": 0.022805564266624955}, "datetime": {"datetime": "2021-10-01 01:48:57", "elapsed": 203.044226, "delta": 1.476926}}
{"target": 0.8950591112520736, "params": {"C": 28180.321077256627, "gamma": 0.15140601257758193}, "datetime": {"datetime": "2021-10-01 01:48:59", "elapsed": 204.993777, "delta": 1.949551}}
{"target": 0.8968458682532222, "params": {"C": 8996.593697236287, "gamma": 0.07457858966560343}, "datetime": {"datetime": "2021-10-01 01:49:01", "elapsed": 206.536655, "delta": 1.542878}}
{"target": 0.892615041490781, "params": {"C": 19122.39550556436, "gamma": 0.04562319496494321}, "datetime": {"datetime": "2021-10-01 01:49:02", "elapsed": 208.219083, "delta": 1.682428}}
{"target": 0.9120567801946898, "params": {"C": 32023.504228739206, "gamma": 0.08296733610728466}, "datetime": {"datetime": "2021-10-01 01:49:04", "elapsed": 210.227908, "delta": 2.008825}}
{"target": 0.8812556631329819, "params": {"C": 8589.355187885634, "gamma": 0.0455370308798382}, "datetime": {"datetime": "2021-10-01 01:49:06", "elapsed": 211.599499, "delta": 1.371591}}
{"target": 0.8827824216806892, "params": {"C": 37614.637717794554, "gamma": 0.19434412529871856}, "datetime": {"datetime": "2021-10-01 01:49:07", "elapsed": 213.005289, "delta": 1.40579}}
{"target": 0.901008217490743, "params": {"C": 23221.005814774646, "gamma": 0.05257658022541182}, "datetime": {"datetime": "2021-10-01 01:49:09", "elapsed": 214.545069, "delta": 1.53978}}
{"target": 0.8782329434901123, "params": {"C": 7892.139516897896, "gamma": 0.17049514053234183}, "datetime": {"datetime": "2021-10-01 01:49:10", "elapsed": 215.905726, "delta": 1.360657}}
{"target": 0.9025468681258338, "params": {"C": 23683.226495654006, "gamma": 0.1258844531276517}, "datetime": {"datetime": "2021-10-01 01:49:12", "elapsed": 217.436438, "delta": 1.530712}}
{"target": 0.9085715550476111, "params": {"C": 47776.41088049477, "gamma": 0.09684709687197988}, "datetime": {"datetime": "2021-10-01 01:49:13", "elapsed": 218.765797, "delta": 1.329359}}
{"target": 0.8890421270731927, "params": {"C": 47128.10782492955, "gamma": 0.17028775653989847}, "datetime": {"datetime": "2021-10-01 01:49:15", "elapsed": 220.659267, "delta": 1.89347}}
{"target": 0.912053948724055, "params": {"C": 32978.987251617495, "gamma": 0.08348349805659888}, "datetime": {"datetime": "2021-10-01 01:49:16", "elapsed": 222.259052, "delta": 1.599785}}
{"target": 0.8351238284732698, "params": {"C": 5721.652140800543, "gamma": 0.0167680206038578}, "datetime": {"datetime": "2021-10-01 01:49:18", "elapsed": 223.772731, "delta": 1.513679}}
{"target": 0.905568097967819, "params": {"C": 44970.41986291779, "gamma": 0.10988503785491041}, "datetime": {"datetime": "2021-10-01 01:49:19", "elapsed": 225.371651, "delta": 1.59892}}
