{"target": -2.5011528722727494, "params": {"C": 4360.513026517896, "gamma": 0.026023639204708543}, "datetime": {"datetime": "2021-10-04 12:18:56", "elapsed": 0.0, "delta": 0.0}}
{"target": -3.00580225624862, "params": {"C": 5497.075116309213, "gamma": 0.435378860379015}, "datetime": {"datetime": "2021-10-04 12:18:57", "elapsed": 0.220425, "delta": 0.220425}}
{"target": -2.849167525949107, "params": {"C": 4204.257653072803, "gamma": 0.33040178752177374}, "datetime": {"datetime": "2021-10-04 12:18:57", "elapsed": 0.438579, "delta": 0.218154}}
{"target": -3.7968076897888907, "params": {"C": 2047.2816917443872, "gamma": 0.6193090392540286}, "datetime": {"datetime": "2021-10-04 12:18:57", "elapsed": 0.67044, "delta": 0.231861}}
{"target": -2.809096164034689, "params": {"C": 2997.247082071557, "gamma": 0.26690059237535635}, "datetime": {"datetime": "2021-10-04 12:18:57", "elapsed": 0.88719, "delta": 0.21675}}
{"target": -2.4250211943323077, "params": {"C": 4359.272641701743, "gamma": 0.14443110325779504}, "datetime": {"datetime": "2021-10-04 12:18:58", "elapsed": 1.351213, "delta": 0.464023}}
{"target": -4.015391622412993, "params": {"C": 4346.6357031251855, "gamma": 0.8782118177738626}, "datetime": {"datetime": "2021-10-04 12:18:58", "elapsed": 1.620775, "delta": 0.269562}}
{"target": -3.8128481983676923, "params": {"C": 2987.6596202582273, "gamma": 0.7089187544208054}, "datetime": {"datetime": "2021-10-04 12:18:58", "elapsed": 1.95973, "delta": 0.338955}}
{"target": -4.269889104032356, "params": {"C": 3004.7518689644094, "gamma": 0.9580693454627632}, "datetime": {"datetime": "2021-10-04 12:18:59", "elapsed": 2.238096, "delta": 0.278366}}
{"target": -2.880942888619566, "params": {"C": 4354.986716042613, "gamma": 0.3503035872058961}, "datetime": {"datetime": "2021-10-04 12:18:59", "elapsed": 2.507729, "delta": 0.269633}}
{"target": -2.862841142053623, "params": {"C": 4197.397192061254, "gamma": 0.3365202034651699}, "datetime": {"datetime": "2021-10-04 12:18:59", "elapsed": 2.935774, "delta": 0.428045}}
{"target": -2.3339278962981767, "params": {"C": 4212.245022012039, "gamma": 0.05632207153488586}, "datetime": {"datetime": "2021-10-04 12:19:00", "elapsed": 3.304194, "delta": 0.36842}}
{"target": -3.8827965178116117, "params": {"C": 4217.878697753181, "gamma": 0.8008316792899336}, "datetime": {"datetime": "2021-10-04 12:19:00", "elapsed": 3.660721, "delta": 0.356527}}
{"target": -4.065518582657332, "params": {"C": 4367.443726771053, "gamma": 0.9087444697446252}, "datetime": {"datetime": "2021-10-04 12:19:01", "elapsed": 4.075047, "delta": 0.414326}}
{"target": -3.2561602828159817, "params": {"C": 4209.097518999561, "gamma": 0.511963735604937}, "datetime": {"datetime": "2021-10-04 12:19:01", "elapsed": 4.422051, "delta": 0.347004}}
{"target": -2.3306275905510616, "params": {"C": 4200.726512099429, "gamma": 0.05844097641985553}, "datetime": {"datetime": "2021-10-04 12:19:02", "elapsed": 5.128882, "delta": 0.706831}}
{"target": -3.4754477579445044, "params": {"C": 5502.445659547207, "gamma": 0.0026781378828064856}, "datetime": {"datetime": "2021-10-04 12:19:02", "elapsed": 5.678577, "delta": 0.549695}}
{"target": -2.614837221193546, "params": {"C": 5492.2896226400135, "gamma": 0.25625812430888506}, "datetime": {"datetime": "2021-10-04 12:19:03", "elapsed": 6.06642, "delta": 0.387843}}
{"target": -3.8405997523977624, "params": {"C": 5488.603250109706, "gamma": 0.8157980036600901}, "datetime": {"datetime": "2021-10-04 12:19:03", "elapsed": 6.429943, "delta": 0.363523}}
{"target": -3.7215762564556543, "params": {"C": 2993.9698080140747, "gamma": 0.6654713462078873}, "datetime": {"datetime": "2021-10-04 12:19:03", "elapsed": 6.787945, "delta": 0.358002}}
{"target": -2.971206413662987, "params": {"C": 4213.751200981202, "gamma": 0.3885904222454499}, "datetime": {"datetime": "2021-10-04 12:19:04", "elapsed": 7.318524, "delta": 0.530579}}
{"target": -3.7772605613787764, "params": {"C": 4201.851458356181, "gamma": 0.747268029019795}, "datetime": {"datetime": "2021-10-04 12:19:04", "elapsed": 7.738363, "delta": 0.419839}}
{"target": -3.6300941402417544, "params": {"C": 4360.289447476701, "gamma": 0.6833520760667254}, "datetime": {"datetime": "2021-10-04 12:19:05", "elapsed": 8.145115, "delta": 0.406752}}
{"target": -4.434325701638886, "params": {"C": 708.8873420830472, "gamma": 0.6248903600141502}, "datetime": {"datetime": "2021-10-04 12:19:05", "elapsed": 8.509809, "delta": 0.364694}}
{"target": -2.3205729492019147, "params": {"C": 4212.171236002091, "gamma": 0.08639988772552236}, "datetime": {"datetime": "2021-10-04 12:19:05", "elapsed": 8.826373, "delta": 0.316564}}
{"target": -2.6445990391805605, "params": {"C": 4200.292778134726, "gamma": 0.24414465092315726}, "datetime": {"datetime": "2021-10-04 12:19:06", "elapsed": 9.387417, "delta": 0.561044}}
{"target": -3.681926858691789, "params": {"C": 4211.546920855522, "gamma": 0.7023146641518658}, "datetime": {"datetime": "2021-10-04 12:19:06", "elapsed": 9.807166, "delta": 0.419749}}
{"target": -3.4692973960594937, "params": {"C": 4359.005549046797, "gamma": 0.6097075794735366}, "datetime": {"datetime": "2021-10-04 12:19:07", "elapsed": 10.173103, "delta": 0.365937}}
{"target": -3.736396540634905, "params": {"C": 5492.4437313176495, "gamma": 0.7630992254351956}, "datetime": {"datetime": "2021-10-04 12:19:07", "elapsed": 10.637106, "delta": 0.464003}}
{"target": -2.334201399997523, "params": {"C": 5492.698826786621, "gamma": 0.1255448991150816}, "datetime": {"datetime": "2021-10-04 12:19:08", "elapsed": 11.243643, "delta": 0.606537}}
{"target": -2.8653059082060492, "params": {"C": 4200.800814647828, "gamma": 0.3377760187003085}, "datetime": {"datetime": "2021-10-04 12:19:08", "elapsed": 11.680896, "delta": 0.437253}}
{"target": -3.479679248743785, "params": {"C": 4212.674127292572, "gamma": 0.6093500545476386}, "datetime": {"datetime": "2021-10-04 12:19:09", "elapsed": 12.114897, "delta": 0.434001}}
{"target": -2.4166951855136594, "params": {"C": 2997.8028254011656, "gamma": 0.09332657105277059}, "datetime": {"datetime": "2021-10-04 12:19:09", "elapsed": 12.506408, "delta": 0.391511}}
{"target": -3.417836249560827, "params": {"C": 8697.403778012813, "gamma": 0.6581288275308502}, "datetime": {"datetime": "2021-10-04 12:19:10", "elapsed": 13.069404, "delta": 0.562996}}
{"target": -3.583446282667879, "params": {"C": 2998.011473856093, "gamma": 0.6015681874554247}, "datetime": {"datetime": "2021-10-04 12:19:10", "elapsed": 13.407622, "delta": 0.338218}}
{"target": -2.80318311131229, "params": {"C": 4197.917667798363, "gamma": 0.30959333324110017}, "datetime": {"datetime": "2021-10-04 12:19:10", "elapsed": 13.898474, "delta": 0.490852}}
{"target": -2.8150604279530205, "params": {"C": 4200.253504778807, "gamma": 0.3148713055079268}, "datetime": {"datetime": "2021-10-04 12:19:11", "elapsed": 14.309572, "delta": 0.411098}}
{"target": -2.851216024229713, "params": {"C": 2859.842477533266, "gamma": 0.27711714738566484}, "datetime": {"datetime": "2021-10-04 12:19:11", "elapsed": 14.717885, "delta": 0.408313}}
{"target": -2.9026854793998615, "params": {"C": 2998.1893368029087, "gamma": 0.010616216768671596}, "datetime": {"datetime": "2021-10-04 12:19:12", "elapsed": 15.411035, "delta": 0.69315}}
{"target": -4.497269906218638, "params": {"C": 1118.653031072369, "gamma": 0.811833425569043}, "datetime": {"datetime": "2021-10-04 12:19:12", "elapsed": 15.817799, "delta": 0.406764}}
{"target": -2.899670808108686, "params": {"C": 4360.112860493162, "gamma": 0.008281795702754793}, "datetime": {"datetime": "2021-10-04 12:19:13", "elapsed": 16.312369, "delta": 0.49457}}
{"target": -2.456898663769456, "params": {"C": 5493.445943986042, "gamma": 0.025366486911312595}, "datetime": {"datetime": "2021-10-04 12:19:13", "elapsed": 16.716364, "delta": 0.403995}}
{"target": -2.5256914434304005, "params": {"C": 5491.578114637434, "gamma": 0.215881506553446}, "datetime": {"datetime": "2021-10-04 12:19:14", "elapsed": 17.252969, "delta": 0.536605}}
{"target": -2.483346649957831, "params": {"C": 4361.285281186082, "gamma": 0.02800115338938544}, "datetime": {"datetime": "2021-10-04 12:19:14", "elapsed": 17.666277, "delta": 0.413308}}
{"target": -3.6195079327450306, "params": {"C": 1939.9763571435699, "gamma": 0.5281991952200337}, "datetime": {"datetime": "2021-10-04 12:19:15", "elapsed": 18.056376, "delta": 0.390099}}
{"target": -3.2134566193000373, "params": {"C": 5493.73680705866, "gamma": 0.5274965449424837}, "datetime": {"datetime": "2021-10-04 12:19:15", "elapsed": 18.517378, "delta": 0.461002}}
{"target": -3.961662622160177, "params": {"C": 4362.0191419052935, "gamma": 0.8482628444736703}, "datetime": {"datetime": "2021-10-04 12:19:16", "elapsed": 19.054009, "delta": 0.536631}}
{"target": -2.6709786556871045, "params": {"C": 1515.5617541378374, "gamma": 0.041526886350902306}, "datetime": {"datetime": "2021-10-04 12:19:16", "elapsed": 19.47836, "delta": 0.424351}}
{"target": -2.620592291985648, "params": {"C": 8382.198101642789, "gamma": 0.2928274456973976}, "datetime": {"datetime": "2021-10-04 12:19:16", "elapsed": 19.894275, "delta": 0.415915}}
{"target": -2.5039850634149907, "params": {"C": 5490.9465926969315, "gamma": 0.021278992440076586}, "datetime": {"datetime": "2021-10-04 12:19:17", "elapsed": 20.38938, "delta": 0.495105}}
{"target": -3.1145289555088964, "params": {"C": 8382.814184013976, "gamma": 0.5230451019137461}, "datetime": {"datetime": "2021-10-04 12:19:18", "elapsed": 21.075483, "delta": 0.686103}}
{"target": -3.6676528431489657, "params": {"C": 8354.408688857531, "gamma": 0.769284283619221}, "datetime": {"datetime": "2021-10-04 12:19:18", "elapsed": 21.476438, "delta": 0.400955}}
{"target": -3.9256853911828924, "params": {"C": 8827.92000947455, "gamma": 0.9127137020352376}, "datetime": {"datetime": "2021-10-04 12:19:18", "elapsed": 21.948785, "delta": 0.472347}}
{"target": -3.134607892007749, "params": {"C": 5490.303984359741, "gamma": 0.49319378022826377}, "datetime": {"datetime": "2021-10-04 12:19:19", "elapsed": 22.587492, "delta": 0.638707}}
{"target": -2.253923839303045, "params": {"C": 5493.48513622216, "gamma": 0.08456840425764466}, "datetime": {"datetime": "2021-10-04 12:19:20", "elapsed": 23.224359, "delta": 0.636867}}
{"target": -2.9121541940615536, "params": {"C": 6270.40982746904, "gamma": 0.4057828097193874}, "datetime": {"datetime": "2021-10-04 12:19:20", "elapsed": 23.598214, "delta": 0.373855}}
{"target": -3.6167063005850224, "params": {"C": 1515.8117787458937, "gamma": 0.47000335265397913}, "datetime": {"datetime": "2021-10-04 12:19:21", "elapsed": 24.069631, "delta": 0.471417}}
{"target": -2.537615026580849, "params": {"C": 5492.293929925364, "gamma": 0.22155421743309914}, "datetime": {"datetime": "2021-10-04 12:19:21", "elapsed": 24.446684, "delta": 0.377053}}
{"target": -2.64436741069686, "params": {"C": 5491.123373637651, "gamma": 0.2681890363763725}, "datetime": {"datetime": "2021-10-04 12:19:21", "elapsed": 25.031639, "delta": 0.584955}}
{"target": -3.5684628186953082, "params": {"C": 8381.852442148303, "gamma": 0.7224678875839609}, "datetime": {"datetime": "2021-10-04 12:19:22", "elapsed": 25.498111, "delta": 0.466472}}
{"target": -2.7828512060026624, "params": {"C": 5493.296130040523, "gamma": 0.33120798609168456}, "datetime": {"datetime": "2021-10-04 12:19:22", "elapsed": 26.046015, "delta": 0.547904}}
{"target": -2.3668656724120067, "params": {"C": 4765.2041596052495, "gamma": 0.12700592914645892}, "datetime": {"datetime": "2021-10-04 12:19:23", "elapsed": 26.825018, "delta": 0.779003}}
{"target": -2.7980955316661156, "params": {"C": 4764.896822464142, "gamma": 0.3223184447692148}, "datetime": {"datetime": "2021-10-04 12:19:24", "elapsed": 27.374014, "delta": 0.548996}}
{"target": -4.1435061707836605, "params": {"C": 4354.637555135494, "gamma": 0.9557803412276179}, "datetime": {"datetime": "2021-10-04 12:19:24", "elapsed": 27.906058, "delta": 0.532044}}
{"target": -3.646043394959131, "params": {"C": 6732.873364445631, "gamma": 0.7403415134613818}, "datetime": {"datetime": "2021-10-04 12:19:25", "elapsed": 28.407054, "delta": 0.500996}}
{"target": -4.020168937201223, "params": {"C": 4765.357038318041, "gamma": 0.8954458140497995}, "datetime": {"datetime": "2021-10-04 12:19:26", "elapsed": 29.060663, "delta": 0.653609}}
{"target": -2.630277356943558, "params": {"C": 1515.1514031400077, "gamma": 0.05856778915251815}, "datetime": {"datetime": "2021-10-04 12:19:26", "elapsed": 29.815038, "delta": 0.754375}}
{"target": -3.69028663612731, "params": {"C": 3388.534828744016, "gamma": 0.6732247324108874}, "datetime": {"datetime": "2021-10-04 12:19:27", "elapsed": 30.335861, "delta": 0.520823}}
{"target": -4.0168329351802425, "params": {"C": 4197.856218686599, "gamma": 0.8734595145869767}, "datetime": {"datetime": "2021-10-04 12:19:27", "elapsed": 30.904863, "delta": 0.569002}}
{"target": -2.374421225755549, "params": {"C": 4765.562992164377, "gamma": 0.130282137216812}, "datetime": {"datetime": "2021-10-04 12:19:28", "elapsed": 31.635439, "delta": 0.730576}}
{"target": -2.728237071887578, "params": {"C": 4361.211489470365, "gamma": 0.2818478591697309}, "datetime": {"datetime": "2021-10-04 12:19:29", "elapsed": 32.294364, "delta": 0.658925}}
{"target": -2.564271483832007, "params": {"C": 4766.121212923242, "gamma": 0.22100295146612087}, "datetime": {"datetime": "2021-10-04 12:19:29", "elapsed": 32.855048, "delta": 0.560684}}
{"target": -3.948011693909366, "params": {"C": 5200.412732060094, "gamma": 0.8667379937673582}, "datetime": {"datetime": "2021-10-04 12:19:30", "elapsed": 33.580357, "delta": 0.725309}}
{"target": -3.028028078721477, "params": {"C": 5846.757424012539, "gamma": 0.4514100487484556}, "datetime": {"datetime": "2021-10-04 12:19:30", "elapsed": 34.033097, "delta": 0.45274}}
{"target": -2.436666969184698, "params": {"C": 4201.274666965102, "gamma": 0.0351094883106409}, "datetime": {"datetime": "2021-10-04 12:19:31", "elapsed": 34.573267, "delta": 0.54017}}
{"target": -3.9846164541152875, "params": {"C": 5429.6881691223025, "gamma": 0.8939435050016137}, "datetime": {"datetime": "2021-10-04 12:19:32", "elapsed": 35.3498, "delta": 0.776533}}
{"target": -3.8437867361493874, "params": {"C": 9028.506920133428, "gamma": 0.8679721465743704}, "datetime": {"datetime": "2021-10-04 12:19:32", "elapsed": 35.796798, "delta": 0.446998}}
{"target": -4.069223217000574, "params": {"C": 4204.352510362042, "gamma": 0.9046916874315268}, "datetime": {"datetime": "2021-10-04 12:19:33", "elapsed": 36.327892, "delta": 0.531094}}
{"target": -3.6624260759914664, "params": {"C": 5491.473579498931, "gamma": 0.7278638234640463}, "datetime": {"datetime": "2021-10-04 12:19:33", "elapsed": 37.030971, "delta": 0.703079}}
{"target": -2.474107770383318, "params": {"C": 4203.74962669215, "gamma": 0.030109900306580964}, "datetime": {"datetime": "2021-10-04 12:19:34", "elapsed": 37.563221, "delta": 0.53225}}
{"target": -3.349809266295274, "params": {"C": 2859.239367107772, "gamma": 0.49267462459017103}, "datetime": {"datetime": "2021-10-04 12:19:35", "elapsed": 38.09529, "delta": 0.532069}}
{"target": -2.846329448633775, "params": {"C": 4203.480823076228, "gamma": 0.3290684909636322}, "datetime": {"datetime": "2021-10-04 12:19:35", "elapsed": 38.73426, "delta": 0.63897}}
{"target": -2.3198264678978164, "params": {"C": 4212.259690650868, "gamma": 0.0857657431774704}, "datetime": {"datetime": "2021-10-04 12:19:36", "elapsed": 39.235207, "delta": 0.500947}}
{"target": -2.5148618538254444, "params": {"C": 9804.701723919256, "gamma": 0.24972076110695107}, "datetime": {"datetime": "2021-10-04 12:19:36", "elapsed": 39.705334, "delta": 0.470127}}
{"target": -2.7774728441551746, "params": {"C": 2860.787663333137, "gamma": 0.24827344675817298}, "datetime": {"datetime": "2021-10-04 12:19:37", "elapsed": 40.239817, "delta": 0.534483}}
{"target": -2.3131837221577927, "params": {"C": 4766.75154075046, "gamma": 0.09953401766819266}, "datetime": {"datetime": "2021-10-04 12:19:37", "elapsed": 40.923122, "delta": 0.683305}}
{"target": -3.9424398727932517, "params": {"C": 4767.003042735054, "gamma": 0.8509915711806256}, "datetime": {"datetime": "2021-10-04 12:19:38", "elapsed": 41.471155, "delta": 0.548033}}
{"target": -4.018278860737509, "params": {"C": 3641.9697131567696, "gamma": 0.849575700750673}, "datetime": {"datetime": "2021-10-04 12:19:38", "elapsed": 41.924837, "delta": 0.453682}}
{"target": -3.617050127153156, "params": {"C": 9514.632026342131, "gamma": 0.7547011483721434}, "datetime": {"datetime": "2021-10-04 12:19:39", "elapsed": 42.635303, "delta": 0.710466}}
{"target": -2.445315216934857, "params": {"C": 9804.94330686569, "gamma": 0.017221793265417486}, "datetime": {"datetime": "2021-10-04 12:19:40", "elapsed": 43.221425, "delta": 0.586122}}
{"target": -2.4222998708510732, "params": {"C": 2861.5692290284856, "gamma": 0.08383229490273865}, "datetime": {"datetime": "2021-10-04 12:19:40", "elapsed": 43.853179, "delta": 0.631754}}
{"target": -3.7829210710649073, "params": {"C": 2861.3235738095696, "gamma": 0.6860658405827486}, "datetime": {"datetime": "2021-10-04 12:19:41", "elapsed": 44.80064, "delta": 0.947461}}
{"target": -2.4484287088417376, "params": {"C": 9803.970349922633, "gamma": 0.21743582265605677}, "datetime": {"datetime": "2021-10-04 12:19:42", "elapsed": 45.440639, "delta": 0.639999}}
{"target": -3.4796875660678652, "params": {"C": 9803.554705929018, "gamma": 0.6936729082124927}, "datetime": {"datetime": "2021-10-04 12:19:43", "elapsed": 46.063528, "delta": 0.622889}}
{"target": -2.1929454820757144, "params": {"C": 9804.443985189666, "gamma": 0.039539454080640565}, "datetime": {"datetime": "2021-10-04 12:19:43", "elapsed": 46.943407, "delta": 0.879879}}
{"target": -2.3367050947964487, "params": {"C": 4765.627997938923, "gamma": 0.11220196239606275}, "datetime": {"datetime": "2021-10-04 12:19:44", "elapsed": 47.494227, "delta": 0.55082}}
{"target": -2.8963990048565678, "params": {"C": 4764.891377693329, "gamma": 0.3698970392300671}, "datetime": {"datetime": "2021-10-04 12:19:45", "elapsed": 48.135722, "delta": 0.641495}}
{"target": -2.410140275524841, "params": {"C": 4199.524636213677, "gamma": 0.039366117307989855}, "datetime": {"datetime": "2021-10-04 12:19:45", "elapsed": 48.794727, "delta": 0.659005}}
{"target": -2.4224735819071044, "params": {"C": 2862.710561406661, "gamma": 0.07365376827715388}, "datetime": {"datetime": "2021-10-04 12:19:46", "elapsed": 49.775191, "delta": 0.980464}}
{"target": -2.520121942649426, "params": {"C": 2862.0230234244623, "gamma": 0.14226106396338564}, "datetime": {"datetime": "2021-10-04 12:19:47", "elapsed": 50.686191, "delta": 0.911}}
{"target": -4.059498484411089, "params": {"C": 1514.355584446275, "gamma": 0.668961372965113}, "datetime": {"datetime": "2021-10-04 12:19:48", "elapsed": 51.545192, "delta": 0.859001}}
{"target": -3.6244585472494846, "params": {"C": 2863.047857130224, "gamma": 0.6115195137607727}, "datetime": {"datetime": "2021-10-04 12:19:49", "elapsed": 52.220543, "delta": 0.675351}}
{"target": -2.703350993211521, "params": {"C": 4198.865070503061, "gamma": 0.2676474884294004}, "datetime": {"datetime": "2021-10-04 12:19:50", "elapsed": 53.186677, "delta": 0.966134}}
{"target": -3.670955961622198, "params": {"C": 5996.353726922341, "gamma": 0.741251683053522}, "datetime": {"datetime": "2021-10-04 12:19:50", "elapsed": 53.715033, "delta": 0.528356}}
{"target": -3.5680501770206057, "params": {"C": 4199.607904937984, "gamma": 0.649257823120983}, "datetime": {"datetime": "2021-10-04 12:19:51", "elapsed": 54.287638, "delta": 0.572605}}
{"target": -2.303036103943028, "params": {"C": 4767.308611151213, "gamma": 0.09406269951740115}, "datetime": {"datetime": "2021-10-04 12:19:51", "elapsed": 54.885059, "delta": 0.597421}}
{"target": -3.1475403648191564, "params": {"C": 4356.066389766545, "gamma": 0.470958004099649}, "datetime": {"datetime": "2021-10-04 12:19:52", "elapsed": 55.579768, "delta": 0.694709}}
{"target": -2.4003391362517026, "params": {"C": 9805.580044549819, "gamma": 0.1936873323586345}, "datetime": {"datetime": "2021-10-04 12:19:53", "elapsed": 56.22426, "delta": 0.644492}}
{"target": -3.5371752521179727, "params": {"C": 9806.247853408493, "gamma": 0.7195022014892152}, "datetime": {"datetime": "2021-10-04 12:19:53", "elapsed": 56.795518, "delta": 0.571258}}
{"target": -2.9422266866089277, "params": {"C": 4767.8434476231405, "gamma": 0.3919192292503857}, "datetime": {"datetime": "2021-10-04 12:19:54", "elapsed": 57.620612, "delta": 0.825094}}
{"target": -2.4601614748378773, "params": {"C": 4196.6229165351815, "gamma": 0.15725774491418235}, "datetime": {"datetime": "2021-10-04 12:19:55", "elapsed": 58.271993, "delta": 0.651381}}
{"target": -3.6398917106276567, "params": {"C": 9805.23298893157, "gamma": 0.7678902936477442}, "datetime": {"datetime": "2021-10-04 12:19:55", "elapsed": 58.968525, "delta": 0.696532}}
{"target": -2.2445830769077624, "params": {"C": 5493.875395672907, "gamma": 0.07478670299687096}, "datetime": {"datetime": "2021-10-04 12:19:56", "elapsed": 59.985486, "delta": 1.016961}}
{"target": -3.341831066031597, "params": {"C": 4196.793522243833, "gamma": 0.5484814299344545}, "datetime": {"datetime": "2021-10-04 12:19:57", "elapsed": 60.734492, "delta": 0.749006}}
{"target": -2.3764418199234725, "params": {"C": 4763.676207040692, "gamma": 0.13113007658821577}, "datetime": {"datetime": "2021-10-04 12:19:58", "elapsed": 61.66217, "delta": 0.927678}}
{"target": -3.994221715079781, "params": {"C": 7013.884827846602, "gamma": 0.9317956705068197}, "datetime": {"datetime": "2021-10-04 12:19:59", "elapsed": 62.315187, "delta": 0.653017}}
{"target": -2.3308438305878925, "params": {"C": 4196.1639993264325, "gamma": 0.09256945501462796}, "datetime": {"datetime": "2021-10-04 12:20:00", "elapsed": 63.25541, "delta": 0.940223}}
