{"target": 0.9253616805097228, "params": {"C": 137302.51813746628, "gamma": 0.042788756093285335}, "datetime": {"datetime": "2021-10-04 09:52:33", "elapsed": 373.934983, "delta": 3.038409}}
{"target": 0.9067267442196023, "params": {"C": 428683.5319523361, "gamma": 0.02502173686877894}, "datetime": {"datetime": "2021-10-04 09:52:34", "elapsed": 375.554637, "delta": 1.619654}}
{"target": 0.8983252815492584, "params": {"C": 130326.9521174839, "gamma": 0.08483637995313571}, "datetime": {"datetime": "2021-10-04 09:52:36", "elapsed": 377.42591, "delta": 1.871273}}
{"target": 0.8864011933032463, "params": {"C": 207364.87504736072, "gamma": 0.013900047235874905}, "datetime": {"datetime": "2021-10-04 09:52:38", "elapsed": 379.357997, "delta": 1.932087}}
{"target": 0.8597650297900172, "params": {"C": 139145.95158147035, "gamma": 0.0037210204686611344}, "datetime": {"datetime": "2021-10-04 09:52:40", "elapsed": 381.209452, "delta": 1.851455}}
{"target": 0.9267545420293299, "params": {"C": 73846.04098223959, "gamma": 0.04041026789967337}, "datetime": {"datetime": "2021-10-04 09:52:42", "elapsed": 382.86406, "delta": 1.654608}}
{"target": 0.9032416056853186, "params": {"C": 137282.6266792664, "gamma": 0.07560686544952727}, "datetime": {"datetime": "2021-10-04 09:52:43", "elapsed": 384.774959, "delta": 1.910899}}
{"target": 0.9023854369656069, "params": {"C": 496029.6359102898, "gamma": 0.023455528711299547}, "datetime": {"datetime": "2021-10-04 09:52:45", "elapsed": 386.458995, "delta": 1.684036}}
{"target": 0.918610384161224, "params": {"C": 152724.3234627036, "gamma": 0.051995220864085034}, "datetime": {"datetime": "2021-10-04 09:52:47", "elapsed": 388.05261, "delta": 1.593615}}
{"target": 0.9225007435793945, "params": {"C": 50048.97707405158, "gamma": 0.038390910296771434}, "datetime": {"datetime": "2021-10-04 09:52:49", "elapsed": 390.08342, "delta": 2.03081}}
{"target": 0.9150601678080444, "params": {"C": 53096.20591516636, "gamma": 0.07760109080749335}, "datetime": {"datetime": "2021-10-04 09:52:50", "elapsed": 391.706415, "delta": 1.622995}}
{"target": 0.9188860359408626, "params": {"C": 152724.15386689926, "gamma": 0.05161229107880174}, "datetime": {"datetime": "2021-10-04 09:52:52", "elapsed": 393.54523, "delta": 1.838815}}
{"target": 0.9253698924903788, "params": {"C": 50080.00371312283, "gamma": 0.05471321786051282}, "datetime": {"datetime": "2021-10-04 09:52:54", "elapsed": 395.470869, "delta": 1.925639}}
{"target": 0.915798503822292, "params": {"C": 133812.45429030672, "gamma": 0.05923749945221493}, "datetime": {"datetime": "2021-10-04 09:52:56", "elapsed": 397.700758, "delta": 2.229889}}
{"target": 0.8807655537370205, "params": {"C": 400643.9982669846, "gamma": 0.0615649861079455}, "datetime": {"datetime": "2021-10-04 09:52:58", "elapsed": 399.324357, "delta": 1.623599}}
{"target": 0.8700920526261438, "params": {"C": 475339.03115811356, "gamma": 0.06816307423032301}, "datetime": {"datetime": "2021-10-04 09:53:00", "elapsed": 400.881721, "delta": 1.557364}}
{"target": 0.8809898966652537, "params": {"C": 219783.80164122384, "gamma": 0.09634995658974801}, "datetime": {"datetime": "2021-10-04 09:53:01", "elapsed": 402.693287, "delta": 1.811566}}
{"target": 0.8989846555199119, "params": {"C": 469934.3592157319, "gamma": 0.01586779280254634}, "datetime": {"datetime": "2021-10-04 09:53:04", "elapsed": 405.152077, "delta": 2.45879}}
{"target": 0.8692942170760156, "params": {"C": 346945.3778712118, "gamma": 0.009231477624321686}, "datetime": {"datetime": "2021-10-04 09:53:06", "elapsed": 407.273954, "delta": 2.121877}}
{"target": 0.9116516895240176, "params": {"C": 88730.1807428801, "gamma": 0.07483341844748902}, "datetime": {"datetime": "2021-10-04 09:53:10", "elapsed": 411.17123, "delta": 3.897276}}
{"target": 0.8908904441543983, "params": {"C": 185795.1436593638, "gamma": 0.08400258971065476}, "datetime": {"datetime": "2021-10-04 09:53:12", "elapsed": 413.616281, "delta": 2.445051}}
{"target": 0.8636413079051093, "params": {"C": 207364.56753811764, "gamma": 0.004543327120817681}, "datetime": {"datetime": "2021-10-04 09:53:16", "elapsed": 416.968462, "delta": 3.352181}}
{"target": 0.8886271531362679, "params": {"C": 117187.84078170512, "gamma": 0.016058143544854547}, "datetime": {"datetime": "2021-10-04 09:53:19", "elapsed": 420.204107, "delta": 3.235645}}
{"target": 0.8795359348068761, "params": {"C": 130659.86866506861, "gamma": 0.013385121462306103}, "datetime": {"datetime": "2021-10-04 09:53:21", "elapsed": 422.629512, "delta": 2.425405}}
{"target": 0.9160061752437667, "params": {"C": 137286.50148922304, "gamma": 0.024712499807941487}, "datetime": {"datetime": "2021-10-04 09:53:24", "elapsed": 425.745302, "delta": 3.11579}}
{"target": 0.8723357737822215, "params": {"C": 372672.1438503305, "gamma": 0.009800240708892412}, "datetime": {"datetime": "2021-10-04 09:53:27", "elapsed": 428.262103, "delta": 2.516801}}
{"target": 0.8862733223291306, "params": {"C": 228510.16794678586, "gamma": 0.08279192065811604}, "datetime": {"datetime": "2021-10-04 09:53:32", "elapsed": 433.148149, "delta": 4.886046}}
{"target": 0.9129930360405273, "params": {"C": 50056.55868523479, "gamma": 0.08176177413186968}, "datetime": {"datetime": "2021-10-04 09:53:36", "elapsed": 436.942517, "delta": 3.794368}}
{"target": 0.9039807602397388, "params": {"C": 88727.02823338538, "gamma": 0.08664782653458768}, "datetime": {"datetime": "2021-10-04 09:53:39", "elapsed": 440.265955, "delta": 3.323438}}
{"target": 0.9269618908197479, "params": {"C": 102438.52909310209, "gamma": 0.045087768316809995}, "datetime": {"datetime": "2021-10-04 09:53:41", "elapsed": 442.589379, "delta": 2.323424}}
{"target": 0.9120891918468068, "params": {"C": 181391.86510426953, "gamma": 0.055448872306236865}, "datetime": {"datetime": "2021-10-04 09:53:43", "elapsed": 444.802324, "delta": 2.212945}}
{"target": 0.8727536298213354, "params": {"C": 470393.00327542995, "gamma": 0.06407647220871565}, "datetime": {"datetime": "2021-10-04 09:53:46", "elapsed": 447.09668, "delta": 2.294356}}
{"target": 0.9135739098492959, "params": {"C": 87178.74815988752, "gamma": 0.07231212485077365}, "datetime": {"datetime": "2021-10-04 09:53:51", "elapsed": 0.0, "delta": 0.0}}
{"target": 0.9194980408737434, "params": {"C": 73003.88874378972, "gamma": 0.03093092469055214}, "datetime": {"datetime": "2021-10-04 09:53:51", "elapsed": 0.361009, "delta": 0.361009}}
{"target": 0.8691264181805776, "params": {"C": 77989.70028778184, "gamma": 0.010141520882110983}, "datetime": {"datetime": "2021-10-04 09:53:51", "elapsed": 0.739053, "delta": 0.378044}}
{"target": 0.9245798904801679, "params": {"C": 79332.84718684081, "gamma": 0.03521051197726173}, "datetime": {"datetime": "2021-10-04 09:53:52", "elapsed": 1.102851, "delta": 0.363798}}
{"target": 0.9245724994356687, "params": {"C": 86490.09412384278, "gamma": 0.05434285666633234}, "datetime": {"datetime": "2021-10-04 09:53:52", "elapsed": 1.412496, "delta": 0.309645}}
{"target": 0.922054295977371, "params": {"C": 79942.15934520926, "gamma": 0.03229108917676248}, "datetime": {"datetime": "2021-10-04 09:53:53", "elapsed": 1.777457, "delta": 0.364961}}
{"target": 0.9275805305697589, "params": {"C": 85460.43062665816, "gamma": 0.043540568859332475}, "datetime": {"datetime": "2021-10-04 09:53:53", "elapsed": 2.123308, "delta": 0.345851}}
{"target": 0.9148440385984534, "params": {"C": 85459.24372837089, "gamma": 0.0707896502300777}, "datetime": {"datetime": "2021-10-04 09:53:53", "elapsed": 2.484456, "delta": 0.361148}}
{"target": 0.9007527399097621, "params": {"C": 79336.55377019437, "gamma": 0.09448769440948322}, "datetime": {"datetime": "2021-10-04 09:53:54", "elapsed": 2.846759, "delta": 0.362303}}
{"target": 0.9274710067432566, "params": {"C": 79330.65409205644, "gamma": 0.042788009636280336}, "datetime": {"datetime": "2021-10-04 09:53:54", "elapsed": 3.219952, "delta": 0.373193}}
{"target": 0.9090636278970412, "params": {"C": 79327.75905185848, "gamma": 0.024449468708800482}, "datetime": {"datetime": "2021-10-04 09:53:54", "elapsed": 3.593061, "delta": 0.373109}}
{"target": 0.9234331196957974, "params": {"C": 85463.20629552976, "gamma": 0.0567965599359186}, "datetime": {"datetime": "2021-10-04 09:53:55", "elapsed": 4.0592, "delta": 0.466139}}
{"target": 0.9250804855792459, "params": {"C": 86486.60648413705, "gamma": 0.053237559520437246}, "datetime": {"datetime": "2021-10-04 09:53:55", "elapsed": 4.507199, "delta": 0.447999}}
{"target": 0.9187848426505566, "params": {"C": 86482.0333229933, "gamma": 0.06449895497760749}, "datetime": {"datetime": "2021-10-04 09:53:56", "elapsed": 4.925804, "delta": 0.418605}}
{"target": 0.9146312139283446, "params": {"C": 79945.90785679611, "gamma": 0.0723832920657569}, "datetime": {"datetime": "2021-10-04 09:53:56", "elapsed": 5.492487, "delta": 0.566683}}
{"target": 0.9201719815383924, "params": {"C": 86493.04839417925, "gamma": 0.06227744033745412}, "datetime": {"datetime": "2021-10-04 09:53:57", "elapsed": 5.924197, "delta": 0.43171}}
{"target": 0.9269113489801935, "params": {"C": 79936.41562795332, "gamma": 0.048974376935332006}, "datetime": {"datetime": "2021-10-04 09:53:57", "elapsed": 6.310026, "delta": 0.385829}}
{"target": 0.8842186628793466, "params": {"C": 79930.8035155388, "gamma": 0.015947257284398705}, "datetime": {"datetime": "2021-10-04 09:53:57", "elapsed": 6.725526, "delta": 0.4155}}
{"target": 0.8597412030153132, "params": {"C": 73010.14772250336, "gamma": 0.005034446904492929}, "datetime": {"datetime": "2021-10-04 09:53:58", "elapsed": 7.190155, "delta": 0.464629}}
{"target": 0.9059983930664824, "params": {"C": 73000.28632172353, "gamma": 0.08766392957707327}, "datetime": {"datetime": "2021-10-04 09:53:58", "elapsed": 7.689826, "delta": 0.499671}}
{"target": 0.918709880677476, "params": {"C": 86499.66047304517, "gamma": 0.06461335153969944}, "datetime": {"datetime": "2021-10-04 09:53:59", "elapsed": 8.207753, "delta": 0.517927}}
{"target": 0.9272692593347317, "params": {"C": 86504.6887869528, "gamma": 0.04016311728628655}, "datetime": {"datetime": "2021-10-04 09:53:59", "elapsed": 8.640099, "delta": 0.432346}}
{"target": 0.8756676757049554, "params": {"C": 86475.87372393314, "gamma": 0.012998638385121625}, "datetime": {"datetime": "2021-10-04 09:54:00", "elapsed": 9.2072, "delta": 0.567101}}
{"target": 0.9039872739898217, "params": {"C": 86509.54776057944, "gamma": 0.08723536434134559}, "datetime": {"datetime": "2021-10-04 09:54:01", "elapsed": 9.771766, "delta": 0.564566}}
{"target": 0.9145588435214203, "params": {"C": 85471.32232673377, "gamma": 0.07121973910230756}, "datetime": {"datetime": "2021-10-04 09:54:01", "elapsed": 10.340481, "delta": 0.568715}}
{"target": 0.9193141179721969, "params": {"C": 85481.88981134692, "gamma": 0.06386494733781847}, "datetime": {"datetime": "2021-10-04 09:54:02", "elapsed": 10.820398, "delta": 0.479917}}
{"target": 0.9275759859920997, "params": {"C": 85487.13588707996, "gamma": 0.0437852603612377}, "datetime": {"datetime": "2021-10-04 09:54:02", "elapsed": 11.261627, "delta": 0.441229}}
{"target": 0.9174914541290389, "params": {"C": 85494.2073184959, "gamma": 0.028285130848576093}, "datetime": {"datetime": "2021-10-04 09:54:02", "elapsed": 11.731131, "delta": 0.469504}}
{"target": 0.9275689616157504, "params": {"C": 85503.04248291819, "gamma": 0.043999732069639225}, "datetime": {"datetime": "2021-10-04 09:54:03", "elapsed": 12.18044, "delta": 0.449309}}
{"target": 0.919516371051398, "params": {"C": 85507.49509669063, "gamma": 0.0635356282141715}, "datetime": {"datetime": "2021-10-04 09:54:03", "elapsed": 12.621425, "delta": 0.440985}}
{"target": 0.8620388327729932, "params": {"C": 87188.76494433389, "gamma": 0.005252461685667642}, "datetime": {"datetime": "2021-10-04 09:54:04", "elapsed": 13.256158, "delta": 0.634733}}
{"target": 0.9272882089496679, "params": {"C": 87167.91173333162, "gamma": 0.04017229254560811}, "datetime": {"datetime": "2021-10-04 09:54:05", "elapsed": 13.749048, "delta": 0.49289}}
{"target": 0.8769433723367316, "params": {"C": 87162.372627726, "gamma": 0.013426019338643107}, "datetime": {"datetime": "2021-10-04 09:54:05", "elapsed": 14.194229, "delta": 0.445181}}
{"target": 0.8819591484912207, "params": {"C": 87171.03867392312, "gamma": 0.015023433958076815}, "datetime": {"datetime": "2021-10-04 09:54:06", "elapsed": 14.773455, "delta": 0.579226}}
{"target": 0.9082394027271844, "params": {"C": 85499.55424257708, "gamma": 0.023661172452549502}, "datetime": {"datetime": "2021-10-04 09:54:06", "elapsed": 15.359481, "delta": 0.586026}}
{"target": 0.925449597943767, "params": {"C": 79939.62021520823, "gamma": 0.036450395097264776}, "datetime": {"datetime": "2021-10-04 09:54:07", "elapsed": 15.897549, "delta": 0.538068}}
{"target": 0.9061223722031744, "params": {"C": 85490.65001943836, "gamma": 0.08412820743699843}, "datetime": {"datetime": "2021-10-04 09:54:07", "elapsed": 16.558184, "delta": 0.660635}}
{"target": 0.9042850490614717, "params": {"C": 79951.35957071384, "gamma": 0.088537818710263}, "datetime": {"datetime": "2021-10-04 09:54:08", "elapsed": 17.20284, "delta": 0.644656}}
{"target": 0.9008469975328407, "params": {"C": 85476.35614537133, "gamma": 0.09262107873036828}, "datetime": {"datetime": "2021-10-04 09:54:09", "elapsed": 17.935604, "delta": 0.732764}}
{"target": 0.9267331622823685, "params": {"C": 85512.40558823037, "gamma": 0.048919233902233315}, "datetime": {"datetime": "2021-10-04 09:54:09", "elapsed": 18.541822, "delta": 0.606218}}
{"target": 0.9125976146188568, "params": {"C": 85467.11916501568, "gamma": 0.07419143285335097}, "datetime": {"datetime": "2021-10-04 09:54:10", "elapsed": 19.025575, "delta": 0.483753}}
{"target": 0.9275815334303223, "params": {"C": 85516.10752709841, "gamma": 0.043294248794254336}, "datetime": {"datetime": "2021-10-04 09:54:10", "elapsed": 19.568182, "delta": 0.542607}}
{"target": 0.9180589865269355, "params": {"C": 85518.90465354954, "gamma": 0.06583949890036167}, "datetime": {"datetime": "2021-10-04 09:54:11", "elapsed": 20.050694, "delta": 0.482512}}
{"target": 0.9133697680146216, "params": {"C": 85524.15529457117, "gamma": 0.07300886787155295}, "datetime": {"datetime": "2021-10-04 09:54:11", "elapsed": 20.585054, "delta": 0.53436}}
{"target": 0.9164310440102801, "params": {"C": 85531.03438423321, "gamma": 0.027638440710591287}, "datetime": {"datetime": "2021-10-04 09:54:12", "elapsed": 21.132257, "delta": 0.547203}}
{"target": 0.8663785270028427, "params": {"C": 85484.83287561804, "gamma": 0.008111963584052587}, "datetime": {"datetime": "2021-10-04 09:54:13", "elapsed": 21.904747, "delta": 0.77249}}
{"target": 0.9211696292983209, "params": {"C": 85514.6313479931, "gamma": 0.03093417419079286}, "datetime": {"datetime": "2021-10-04 09:54:13", "elapsed": 22.532812, "delta": 0.628065}}
{"target": 0.9140463609700283, "params": {"C": 85461.84508889087, "gamma": 0.026330167238322277}, "datetime": {"datetime": "2021-10-04 09:54:14", "elapsed": 23.017012, "delta": 0.4842}}
{"target": 0.8695304538267294, "params": {"C": 85488.24832838884, "gamma": 0.010392217364392234}, "datetime": {"datetime": "2021-10-04 09:54:14", "elapsed": 23.518268, "delta": 0.501256}}
{"target": 0.8705482312476314, "params": {"C": 85481.9902156249, "gamma": 0.010921540068740857}, "datetime": {"datetime": "2021-10-04 09:54:15", "elapsed": 24.049271, "delta": 0.531003}}
{"target": 0.9273445875054969, "params": {"C": 105580.13282963537, "gamma": 0.04060356476436467}, "datetime": {"datetime": "2021-10-04 09:54:15", "elapsed": 24.53871, "delta": 0.489439}}
{"target": 0.9059566374441302, "params": {"C": 77463.45422234715, "gamma": 0.08653148794371668}, "datetime": {"datetime": "2021-10-04 09:54:16", "elapsed": 25.04663, "delta": 0.50792}}
{"target": 0.8438172365730575, "params": {"C": 96426.00311332893, "gamma": 0.002633349070187649}, "datetime": {"datetime": "2021-10-04 09:54:16", "elapsed": 25.664191, "delta": 0.617561}}
{"target": 0.8968768092388116, "params": {"C": 95918.15441520163, "gamma": 0.09640915606004148}, "datetime": {"datetime": "2021-10-04 09:54:17", "elapsed": 26.295099, "delta": 0.630908}}
{"target": 0.8954282531279447, "params": {"C": 79595.5606007715, "gamma": 0.01944338497804455}, "datetime": {"datetime": "2021-10-04 09:54:18", "elapsed": 26.812493, "delta": 0.517394}}
{"target": 0.9242853591455543, "params": {"C": 92115.79650336152, "gamma": 0.03346617310823143}, "datetime": {"datetime": "2021-10-04 09:54:18", "elapsed": 27.346484, "delta": 0.533991}}
{"target": 0.9015029648098466, "params": {"C": 99401.71415737005, "gamma": 0.020428407447445104}, "datetime": {"datetime": "2021-10-04 09:54:19", "elapsed": 27.92273, "delta": 0.576246}}
{"target": 0.9106768558443727, "params": {"C": 105296.67223310252, "gamma": 0.07232917237088994}, "datetime": {"datetime": "2021-10-04 09:54:19", "elapsed": 28.437104, "delta": 0.514374}}
{"target": 0.9210694427425269, "params": {"C": 82805.97273658478, "gamma": 0.06151039827473722}, "datetime": {"datetime": "2021-10-04 09:54:20", "elapsed": 29.012415, "delta": 0.575311}}
{"target": 0.9139370412341841, "params": {"C": 98465.20138523358, "gamma": 0.025388845185916144}, "datetime": {"datetime": "2021-10-04 09:54:20", "elapsed": 29.595274, "delta": 0.582859}}
{"target": 0.8998265452801404, "params": {"C": 82820.3217537778, "gamma": 0.09505845020531822}, "datetime": {"datetime": "2021-10-04 09:54:21", "elapsed": 30.169454, "delta": 0.57418}}
{"target": 0.9125772637137742, "params": {"C": 80564.19038461501, "gamma": 0.025975876558646714}, "datetime": {"datetime": "2021-10-04 09:54:22", "elapsed": 30.826895, "delta": 0.657441}}
{"target": 0.9148988656730057, "params": {"C": 99083.20609779822, "gamma": 0.06764267650673068}, "datetime": {"datetime": "2021-10-04 09:54:22", "elapsed": 31.375598, "delta": 0.548703}}
{"target": 0.9179887222645432, "params": {"C": 81744.20241375305, "gamma": 0.06675006455506836}, "datetime": {"datetime": "2021-10-04 09:54:23", "elapsed": 31.982828, "delta": 0.60723}}
{"target": 0.8903760081810376, "params": {"C": 98503.05376497873, "gamma": 0.01710846084789858}, "datetime": {"datetime": "2021-10-04 09:54:23", "elapsed": 32.528576, "delta": 0.545748}}
{"target": 0.9259888653077779, "params": {"C": 95389.73252006013, "gamma": 0.049536358414414984}, "datetime": {"datetime": "2021-10-04 09:54:24", "elapsed": 33.108014, "delta": 0.579438}}
{"target": 0.9060499298299011, "params": {"C": 96662.59939258311, "gamma": 0.022145660196265297}, "datetime": {"datetime": "2021-10-04 09:54:24", "elapsed": 33.742869, "delta": 0.634855}}
{"target": 0.8880525374658892, "params": {"C": 88471.7903929269, "gamma": 0.016795291624667915}, "datetime": {"datetime": "2021-10-04 09:54:25", "elapsed": 34.300183, "delta": 0.557314}}
{"target": 0.8828873917662184, "params": {"C": 82340.8392263801, "gamma": 0.015454312851280336}, "datetime": {"datetime": "2021-10-04 09:54:26", "elapsed": 35.033959, "delta": 0.733776}}
{"target": 0.9266430421255016, "params": {"C": 75022.6408206322, "gamma": 0.05050910588420413}, "datetime": {"datetime": "2021-10-04 09:54:27", "elapsed": 35.842334, "delta": 0.808375}}
{"target": 0.9269897315856799, "params": {"C": 80250.4658231455, "gamma": 0.048612411248886496}, "datetime": {"datetime": "2021-10-04 09:54:27", "elapsed": 36.49948, "delta": 0.657146}}
{"target": 0.8999041797919605, "params": {"C": 103619.96299675327, "gamma": 0.08921435518036926}, "datetime": {"datetime": "2021-10-04 09:54:28", "elapsed": 37.192989, "delta": 0.693509}}
{"target": 0.8378084546398612, "params": {"C": 86092.01061093982, "gamma": 0.002384127288692232}, "datetime": {"datetime": "2021-10-04 09:54:28", "elapsed": 37.72536, "delta": 0.532371}}
{"target": 0.9122631599905083, "params": {"C": 93769.27139035726, "gamma": 0.0727185272919758}, "datetime": {"datetime": "2021-10-04 09:54:29", "elapsed": 38.315177, "delta": 0.589817}}
{"target": 0.9234245763042249, "params": {"C": 101943.58788507045, "gamma": 0.053805447682461545}, "datetime": {"datetime": "2021-10-04 09:54:30", "elapsed": 38.92353, "delta": 0.608353}}
{"target": 0.9121754051128883, "params": {"C": 81939.3226972987, "gamma": 0.0756846719632783}, "datetime": {"datetime": "2021-10-04 09:54:30", "elapsed": 39.531191, "delta": 0.607661}}
{"target": 0.9255252690064496, "params": {"C": 82285.82682811991, "gamma": 0.03627118371693139}, "datetime": {"datetime": "2021-10-04 09:54:31", "elapsed": 40.123818, "delta": 0.592627}}
{"target": 0.9053931435177556, "params": {"C": 80585.94014529612, "gamma": 0.08659086736705421}, "datetime": {"datetime": "2021-10-04 09:54:31", "elapsed": 40.721214, "delta": 0.597396}}
{"target": 0.9245071293990899, "params": {"C": 85001.75052881165, "gamma": 0.05473277758014067}, "datetime": {"datetime": "2021-10-04 09:54:32", "elapsed": 41.329482, "delta": 0.608268}}
{"target": 0.922516343521598, "params": {"C": 77215.88024513164, "gamma": 0.05998113150631567}, "datetime": {"datetime": "2021-10-04 09:54:33", "elapsed": 41.906921, "delta": 0.577439}}
{"target": 0.9156402144920486, "params": {"C": 78060.03312074179, "gamma": 0.07124567944735032}, "datetime": {"datetime": "2021-10-04 09:54:33", "elapsed": 42.521248, "delta": 0.614327}}
{"target": 0.8627540740999244, "params": {"C": 98612.39899951745, "gamma": 0.005246293961797942}, "datetime": {"datetime": "2021-10-04 09:54:34", "elapsed": 43.181734, "delta": 0.660486}}
{"target": 0.9078488256343645, "params": {"C": 100283.4523059749, "gamma": 0.07768427774592176}, "datetime": {"datetime": "2021-10-04 09:54:35", "elapsed": 43.798843, "delta": 0.617109}}
{"target": 0.9242159173134928, "params": {"C": 96145.91550825705, "gamma": 0.05336937645367889}, "datetime": {"datetime": "2021-10-04 09:54:35", "elapsed": 44.386837, "delta": 0.587994}}
{"target": 0.8948321058135303, "params": {"C": 101183.84382319462, "gamma": 0.09851718207056907}, "datetime": {"datetime": "2021-10-04 09:54:36", "elapsed": 45.06, "delta": 0.673163}}
