{"target": 0.9130742173472356, "params": {"C": 14959.859111919575, "gamma": 0.05998113150631567}, "datetime": {"datetime": "2021-10-04 09:32:21", "elapsed": 29.034014, "delta": 0.412398}}
{"target": 0.9125905884023336, "params": {"C": 15952.980142049164, "gamma": 0.07124567944735032}, "datetime": {"datetime": "2021-10-04 09:32:21", "elapsed": 29.439242, "delta": 0.405228}}
{"target": 0.8528130828820691, "params": {"C": 40132.23411707935, "gamma": 0.005246293961797942}, "datetime": {"datetime": "2021-10-04 09:32:22", "elapsed": 29.898106, "delta": 0.458864}}
{"target": 0.9159266513591988, "params": {"C": 42098.179183499895, "gamma": 0.07768427774592176}, "datetime": {"datetime": "2021-10-04 09:32:22", "elapsed": 30.330031, "delta": 0.431925}}
{"target": 0.9238946800566756, "params": {"C": 37230.48883324358, "gamma": 0.05336937645367889}, "datetime": {"datetime": "2021-10-04 09:32:23", "elapsed": 30.744331, "delta": 0.4143}}
{"target": 0.9040505816981771, "params": {"C": 43157.46332140543, "gamma": 0.09851718207056907}, "datetime": {"datetime": "2021-10-04 09:32:23", "elapsed": 31.18385, "delta": 0.439519}}
{"target": 0.908456895240114, "params": {"C": 41276.497332052306, "gamma": 0.09126508746999483}, "datetime": {"datetime": "2021-10-04 09:32:24", "elapsed": 31.612844, "delta": 0.428994}}
{"target": 0.9217341356900016, "params": {"C": 37000.80535645862, "gamma": 0.06431521324616013}, "datetime": {"datetime": "2021-10-04 09:32:24", "elapsed": 32.178031, "delta": 0.565187}}
{"target": 0.8983079399359462, "params": {"C": 26545.73928303158, "gamma": 0.026540315190016223}, "datetime": {"datetime": "2021-10-04 09:32:25", "elapsed": 32.671566, "delta": 0.493535}}
{"target": 0.9230861163678463, "params": {"C": 34838.250351021576, "gamma": 0.05716943956488989}, "datetime": {"datetime": "2021-10-04 09:32:25", "elapsed": 33.133598, "delta": 0.462032}}
{"target": 0.9234403207768337, "params": {"C": 38118.69627833586, "gamma": 0.04681664630814052}, "datetime": {"datetime": "2021-10-04 09:32:26", "elapsed": 33.595854, "delta": 0.462256}}
{"target": 0.8589205650866595, "params": {"C": 44331.895779531755, "gamma": 0.006121199111756887}, "datetime": {"datetime": "2021-10-04 09:32:26", "elapsed": 34.102215, "delta": 0.506361}}
{"target": 0.8285122025048872, "params": {"C": 10622.901547804497, "gamma": 0.0060994667236631776}, "datetime": {"datetime": "2021-10-04 09:32:27", "elapsed": 34.581515, "delta": 0.4793}}
{"target": 0.8635282239336708, "params": {"C": 36675.193876930745, "gamma": 0.008059491617009418}, "datetime": {"datetime": "2021-10-04 09:32:27", "elapsed": 35.020835, "delta": 0.43932}}
{"target": 0.922627316045844, "params": {"C": 37781.107269869826, "gamma": 0.0616487073548674}, "datetime": {"datetime": "2021-10-04 09:32:27", "elapsed": 35.479271, "delta": 0.458436}}
{"target": 0.9231391346743407, "params": {"C": 46574.7486077537, "gamma": 0.06188751348402099}, "datetime": {"datetime": "2021-10-04 09:32:28", "elapsed": 35.936272, "delta": 0.457001}}
{"target": 0.9012381490569338, "params": {"C": 13428.452219495526, "gamma": 0.03634053871129257}, "datetime": {"datetime": "2021-10-04 09:32:28", "elapsed": 36.383037, "delta": 0.446765}}
{"target": 0.8877555347520718, "params": {"C": 14967.291152837068, "gamma": 0.02450118852877721}, "datetime": {"datetime": "2021-10-04 09:32:29", "elapsed": 36.83816, "delta": 0.455123}}
{"target": 0.8978190997990225, "params": {"C": 34455.32546225024, "gamma": 0.024565435002491406}, "datetime": {"datetime": "2021-10-04 09:32:29", "elapsed": 37.296595, "delta": 0.458435}}
{"target": 0.918075572307953, "params": {"C": 24476.903721726398, "gamma": 0.068122606592554}, "datetime": {"datetime": "2021-10-04 09:32:30", "elapsed": 37.755319, "delta": 0.458724}}
{"target": 0.9059790469364393, "params": {"C": 10297.321508077855, "gamma": 0.0639740583791744}, "datetime": {"datetime": "2021-10-04 09:32:30", "elapsed": 38.263553, "delta": 0.508234}}
{"target": 0.9156009761077475, "params": {"C": 19253.264208991055, "gamma": 0.04969844548750826}, "datetime": {"datetime": "2021-10-04 09:32:31", "elapsed": 38.776213, "delta": 0.51266}}
{"target": 0.8825959301195292, "params": {"C": 49528.28113305492, "gamma": 0.01667864413732289}, "datetime": {"datetime": "2021-10-04 09:32:31", "elapsed": 39.240752, "delta": 0.464539}}
{"target": 0.8657931197373976, "params": {"C": 37201.77401927746, "gamma": 0.008947229415270767}, "datetime": {"datetime": "2021-10-04 09:32:32", "elapsed": 39.687783, "delta": 0.447031}}
{"target": 0.9182625211014113, "params": {"C": 22040.97084680531, "gamma": 0.06217829406964438}, "datetime": {"datetime": "2021-10-04 09:32:32", "elapsed": 40.151899, "delta": 0.464116}}
{"target": 0.9152613927663347, "params": {"C": 17924.397677489047, "gamma": 0.05275408789283186}, "datetime": {"datetime": "2021-10-04 09:32:33", "elapsed": 40.593284, "delta": 0.441385}}
{"target": 0.9251657048711572, "params": {"C": 45450.32205349003, "gamma": 0.04754688755629412}, "datetime": {"datetime": "2021-10-04 09:32:33", "elapsed": 41.130701, "delta": 0.537417}}
{"target": 0.8621009399470216, "params": {"C": 17959.37762440846, "gamma": 0.010391754775145434}, "datetime": {"datetime": "2021-10-04 09:32:34", "elapsed": 41.622014, "delta": 0.491313}}
{"target": 0.9048346629134145, "params": {"C": 20858.846558320773, "gamma": 0.03312693572254682}, "datetime": {"datetime": "2021-10-04 09:32:34", "elapsed": 42.101126, "delta": 0.479112}}
{"target": 0.9240116582012844, "params": {"C": 39215.71102704662, "gamma": 0.056103468703122904}, "datetime": {"datetime": "2021-10-04 09:32:35", "elapsed": 42.634782, "delta": 0.533656}}
{"target": 0.8864866019083338, "params": {"C": 43449.86785277627, "gamma": 0.01860458673822852}, "datetime": {"datetime": "2021-10-04 09:32:35", "elapsed": 43.128559, "delta": 0.493777}}
{"target": 0.9247461442530377, "params": {"C": 41557.80114795439, "gamma": 0.051615879285714296}, "datetime": {"datetime": "2021-10-04 09:32:36", "elapsed": 43.628014, "delta": 0.499455}}
{"target": 0.9037109585308877, "params": {"C": 12387.866217421104, "gamma": 0.08722658478184118}, "datetime": {"datetime": "2021-10-04 09:32:36", "elapsed": 44.123248, "delta": 0.495234}}
{"target": 0.8356657889170641, "params": {"C": 11887.57898642982, "gamma": 0.006649127718119086}, "datetime": {"datetime": "2021-10-04 09:32:37", "elapsed": 44.595445, "delta": 0.472197}}
{"target": 0.9099910228805296, "params": {"C": 41990.61830443982, "gamma": 0.08845894217334216}, "datetime": {"datetime": "2021-10-04 09:32:37", "elapsed": 45.137379, "delta": 0.541934}}
{"target": 0.8056143021835271, "params": {"C": 24526.184739834855, "gamma": 0.00227569161085049}, "datetime": {"datetime": "2021-10-04 09:32:38", "elapsed": 45.638189, "delta": 0.50081}}
{"target": 0.9142962920661619, "params": {"C": 36208.57364853291, "gamma": 0.08117371934256802}, "datetime": {"datetime": "2021-10-04 09:32:38", "elapsed": 46.132038, "delta": 0.493849}}
{"target": 0.9225685287204318, "params": {"C": 37790.63386529892, "gamma": 0.06186230095600573}, "datetime": {"datetime": "2021-10-04 09:32:39", "elapsed": 46.697491, "delta": 0.565453}}
{"target": 0.86932352104648, "params": {"C": 46698.490555793855, "gamma": 0.01040917290243041}, "datetime": {"datetime": "2021-10-04 09:32:39", "elapsed": 47.251199, "delta": 0.553708}}
{"target": 0.8687424445252965, "params": {"C": 14947.572001045399, "gamma": 0.014009444662357304}, "datetime": {"datetime": "2021-10-04 09:32:40", "elapsed": 47.757482, "delta": 0.506283}}
{"target": 0.8496889071426601, "params": {"C": 20292.81218568843, "gamma": 0.006827675423554919}, "datetime": {"datetime": "2021-10-04 09:32:40", "elapsed": 48.26916, "delta": 0.511678}}
{"target": 0.9109298747947243, "params": {"C": 20405.337074642342, "gamma": 0.039410707144480306}, "datetime": {"datetime": "2021-10-04 09:32:41", "elapsed": 48.868705, "delta": 0.599545}}
{"target": 0.8762758023506114, "params": {"C": 13885.094279491348, "gamma": 0.018268409751220006}, "datetime": {"datetime": "2021-10-04 09:32:41", "elapsed": 49.471296, "delta": 0.602591}}
{"target": 0.905394404807293, "params": {"C": 24350.99943352727, "gamma": 0.09729016722135246}, "datetime": {"datetime": "2021-10-04 09:32:42", "elapsed": 49.985255, "delta": 0.513959}}
{"target": 0.8983404757782794, "params": {"C": 48117.18622315657, "gamma": 0.022893233064388598}, "datetime": {"datetime": "2021-10-04 09:32:43", "elapsed": 50.552651, "delta": 0.567396}}
{"target": 0.9092230717219772, "params": {"C": 12819.961184197562, "gamma": 0.051423131574454946}, "datetime": {"datetime": "2021-10-04 09:32:43", "elapsed": 51.122677, "delta": 0.570026}}
{"target": 0.9120444270890553, "params": {"C": 44558.674708392115, "gamma": 0.08442059158547524}, "datetime": {"datetime": "2021-10-04 09:32:44", "elapsed": 51.627854, "delta": 0.505177}}
{"target": 0.9117394635414944, "params": {"C": 27456.712301754305, "gamma": 0.03548916607615654}, "datetime": {"datetime": "2021-10-04 09:32:44", "elapsed": 52.165108, "delta": 0.537254}}
{"target": 0.8625229840794367, "params": {"C": 31133.838483763222, "gamma": 0.008254440993283488}, "datetime": {"datetime": "2021-10-04 09:32:45", "elapsed": 52.810524, "delta": 0.645416}}
{"target": 0.8809902127528808, "params": {"C": 35843.005221283805, "gamma": 0.016836934397368532}, "datetime": {"datetime": "2021-10-04 09:32:45", "elapsed": 53.367158, "delta": 0.556634}}
{"target": 0.9178118284955378, "params": {"C": 44442.37799815143, "gamma": 0.07384024774388974}, "datetime": {"datetime": "2021-10-04 09:32:46", "elapsed": 53.916933, "delta": 0.549775}}
{"target": 0.9185051064034682, "params": {"C": 32836.2457631542, "gamma": 0.07189445875765953}, "datetime": {"datetime": "2021-10-04 09:32:46", "elapsed": 54.475869, "delta": 0.558936}}
{"target": 0.9188938081628836, "params": {"C": 24325.795912020316, "gamma": 0.06449353169260282}, "datetime": {"datetime": "2021-10-04 09:32:47", "elapsed": 55.053245, "delta": 0.577376}}
{"target": 0.909705841579991, "params": {"C": 15071.52052164281, "gamma": 0.04512357124861209}, "datetime": {"datetime": "2021-10-04 09:32:48", "elapsed": 55.633337, "delta": 0.580092}}
{"target": 0.8923987804777267, "params": {"C": 16873.802466385754, "gamma": 0.026467821536822637}, "datetime": {"datetime": "2021-10-04 09:32:48", "elapsed": 56.193955, "delta": 0.560618}}
{"target": 0.8804747257909011, "params": {"C": 37853.75579696809, "gamma": 0.0164646706817163}, "datetime": {"datetime": "2021-10-04 09:32:49", "elapsed": 56.8054, "delta": 0.611445}}
{"target": 0.9252269979386922, "params": {"C": 47600.81756243935, "gamma": 0.04576281528233852}, "datetime": {"datetime": "2021-10-04 09:32:49", "elapsed": 57.418103, "delta": 0.612703}}
{"target": 0.876756574149937, "params": {"C": 38945.49895726312, "gamma": 0.014672024869654937}, "datetime": {"datetime": "2021-10-04 09:32:50", "elapsed": 57.975323, "delta": 0.55722}}
{"target": 0.916601710661398, "params": {"C": 29679.539690268215, "gamma": 0.039476733039953395}, "datetime": {"datetime": "2021-10-04 09:32:51", "elapsed": 58.52903, "delta": 0.553707}}
{"target": 0.9054230011836818, "params": {"C": 11999.259455029644, "gamma": 0.04499671942921875}, "datetime": {"datetime": "2021-10-04 09:32:51", "elapsed": 59.10397, "delta": 0.57494}}
{"target": 0.9247785410039466, "params": {"C": 43834.78786437036, "gamma": 0.055042306817394054}, "datetime": {"datetime": "2021-10-04 09:32:52", "elapsed": 59.78267, "delta": 0.6787}}
{"target": 0.9232402267797305, "params": {"C": 44013.07844403092, "gamma": 0.06131498996267442}, "datetime": {"datetime": "2021-10-04 09:32:52", "elapsed": 60.484274, "delta": 0.701604}}
{"target": 0.9011843619761941, "params": {"C": 26850.61243978908, "gamma": 0.02811078947084687}, "datetime": {"datetime": "2021-10-04 09:32:53", "elapsed": 61.099518, "delta": 0.615244}}
{"target": 0.8958138055705634, "params": {"C": 43086.90028160999, "gamma": 0.02242021842196141}, "datetime": {"datetime": "2021-10-04 09:32:54", "elapsed": 61.688981, "delta": 0.589463}}
{"target": 0.910961694451176, "params": {"C": 25439.165933416578, "gamma": 0.08661843282032576}, "datetime": {"datetime": "2021-10-04 09:32:54", "elapsed": 62.282947, "delta": 0.593966}}
{"target": 0.9111274938220696, "params": {"C": 16950.768507779652, "gamma": 0.07874365223370218}, "datetime": {"datetime": "2021-10-04 09:32:55", "elapsed": 62.867662, "delta": 0.584715}}
{"target": 0.8554695107950592, "params": {"C": 21810.710468614358, "gamma": 0.00769982756165087}, "datetime": {"datetime": "2021-10-04 09:32:55", "elapsed": 63.455318, "delta": 0.587656}}
{"target": 0.9116976171004467, "params": {"C": 24861.811482074674, "gamma": 0.036885698796712295}, "datetime": {"datetime": "2021-10-04 09:32:56", "elapsed": 64.053806, "delta": 0.598488}}
{"target": 0.8243598050846375, "params": {"C": 35902.01404165661, "gamma": 0.002736606074202794}, "datetime": {"datetime": "2021-10-04 09:32:57", "elapsed": 64.648929, "delta": 0.595123}}
{"target": 0.9108143521558503, "params": {"C": 38344.65384454602, "gamma": 0.08750759491572724}, "datetime": {"datetime": "2021-10-04 09:32:57", "elapsed": 65.276545, "delta": 0.627616}}
{"target": 0.9102959361871731, "params": {"C": 38245.67357670609, "gamma": 0.088452819075886}, "datetime": {"datetime": "2021-10-04 09:32:58", "elapsed": 65.894019, "delta": 0.617474}}
{"target": 0.9215956057428853, "params": {"C": 49151.15553177927, "gamma": 0.06567549888510371}, "datetime": {"datetime": "2021-10-04 09:32:58", "elapsed": 66.507139, "delta": 0.61312}}
{"target": 0.8542652347038833, "params": {"C": 49015.36421467236, "gamma": 0.004969427327025131}, "datetime": {"datetime": "2021-10-04 09:32:59", "elapsed": 67.129091, "delta": 0.621952}}
{"target": 0.9095849212262018, "params": {"C": 15736.592998729426, "gamma": 0.0435600789825043}, "datetime": {"datetime": "2021-10-04 09:33:00", "elapsed": 67.902734, "delta": 0.773643}}
{"target": 0.8299518157395277, "params": {"C": 45283.03415001798, "gamma": 0.002750963096124915}, "datetime": {"datetime": "2021-10-04 09:33:00", "elapsed": 68.491835, "delta": 0.589101}}
{"target": 0.9167384343735419, "params": {"C": 21109.943663858285, "gamma": 0.06791201966276635}, "datetime": {"datetime": "2021-10-04 09:33:01", "elapsed": 69.090999, "delta": 0.599164}}
{"target": 0.9040023718495519, "params": {"C": 13834.566139956594, "gamma": 0.09050917781424861}, "datetime": {"datetime": "2021-10-04 09:33:02", "elapsed": 69.723749, "delta": 0.63275}}
{"target": 0.89985726423508, "params": {"C": 12345.969925550406, "gamma": 0.0962098106541948}, "datetime": {"datetime": "2021-10-04 09:33:02", "elapsed": 70.436088, "delta": 0.712339}}
{"target": 0.9165322331189406, "params": {"C": 23713.663832540584, "gamma": 0.07233598825343888}, "datetime": {"datetime": "2021-10-04 09:33:03", "elapsed": 71.070059, "delta": 0.633971}}
{"target": 0.9252758319032763, "params": {"C": 47311.82881011198, "gamma": 0.04625911147906802}, "datetime": {"datetime": "2021-10-04 09:33:04", "elapsed": 71.685023, "delta": 0.614964}}
{"target": 0.9009866557462348, "params": {"C": 49998.61589924367, "gamma": 0.02378860792941562}, "datetime": {"datetime": "2021-10-04 09:33:04", "elapsed": 72.328331, "delta": 0.643308}}
{"target": 0.8607813757596561, "params": {"C": 16245.71006953236, "gamma": 0.010467663871745646}, "datetime": {"datetime": "2021-10-04 09:33:05", "elapsed": 72.928964, "delta": 0.600633}}
{"target": 0.8991809171559715, "params": {"C": 33088.60468748488, "gamma": 0.02549289470987681}, "datetime": {"datetime": "2021-10-04 09:33:06", "elapsed": 73.559102, "delta": 0.630138}}
{"target": 0.8795532539897003, "params": {"C": 14070.449105655684, "gamma": 0.020020727649440757}, "datetime": {"datetime": "2021-10-04 09:33:06", "elapsed": 74.191642, "delta": 0.63254}}
{"target": 0.878891726449708, "params": {"C": 48583.97530630108, "gamma": 0.015225975660952958}, "datetime": {"datetime": "2021-10-04 09:33:07", "elapsed": 74.811893, "delta": 0.620251}}
{"target": 0.9101421055733694, "params": {"C": 49475.34798755505, "gamma": 0.08675925973736748}, "datetime": {"datetime": "2021-10-04 09:33:07", "elapsed": 75.476617, "delta": 0.664724}}
{"target": 0.9074865802809354, "params": {"C": 35444.98457585614, "gamma": 0.09379888115096804}, "datetime": {"datetime": "2021-10-04 09:33:08", "elapsed": 76.168015, "delta": 0.691398}}
{"target": 0.924490393603797, "params": {"C": 40300.14557703385, "gamma": 0.05301312093562216}, "datetime": {"datetime": "2021-10-04 09:33:09", "elapsed": 76.870153, "delta": 0.702138}}
{"target": 0.8510880645323907, "params": {"C": 47160.23475374398, "gamma": 0.004604339221413902}, "datetime": {"datetime": "2021-10-04 09:33:10", "elapsed": 77.585358, "delta": 0.715205}}
{"target": 0.9038538013125119, "params": {"C": 11755.029192058832, "gamma": 0.04292758038575607}, "datetime": {"datetime": "2021-10-04 09:33:10", "elapsed": 78.230152, "delta": 0.644794}}
{"target": 0.9230194839806576, "params": {"C": 49086.30658532573, "gamma": 0.039508151815489494}, "datetime": {"datetime": "2021-10-04 09:33:11", "elapsed": 78.874599, "delta": 0.644447}}
{"target": 0.910495326025618, "params": {"C": 12905.78067326972, "gamma": 0.062481828445791664}, "datetime": {"datetime": "2021-10-04 09:33:12", "elapsed": 79.635131, "delta": 0.760532}}
{"target": 0.9017198394484475, "params": {"C": 19688.04660888652, "gamma": 0.031381008169140176}, "datetime": {"datetime": "2021-10-04 09:33:12", "elapsed": 80.303903, "delta": 0.668772}}
{"target": 0.9243085304125035, "params": {"C": 43545.84391542774, "gamma": 0.04520010159440592}, "datetime": {"datetime": "2021-10-04 09:33:13", "elapsed": 81.074039, "delta": 0.770136}}
{"target": 0.9110686956023858, "params": {"C": 36588.67505818028, "gamma": 0.08721905164432683}, "datetime": {"datetime": "2021-10-04 09:33:14", "elapsed": 81.812298, "delta": 0.738259}}
{"target": 0.9034490608251892, "params": {"C": 17837.174502476875, "gamma": 0.097671610740332}, "datetime": {"datetime": "2021-10-04 09:33:14", "elapsed": 82.457932, "delta": 0.645634}}
{"target": 0.9201246390162741, "params": {"C": 33569.16467688352, "gamma": 0.04223115511311745}, "datetime": {"datetime": "2021-10-04 09:33:15", "elapsed": 83.120439, "delta": 0.662507}}
{"target": 0.8726575963013454, "params": {"C": 41090.008949452924, "gamma": 0.012486585336078788}, "datetime": {"datetime": "2021-10-04 09:33:16", "elapsed": 83.787097, "delta": 0.666658}}
{"target": 0.8262537230617293, "params": {"C": 38726.58858982103, "gamma": 0.0027432467866500545}, "datetime": {"datetime": "2021-10-04 09:33:16", "elapsed": 84.519267, "delta": 0.73217}}
{"target": 0.8609275665540252, "params": {"C": 40475.26079578481, "gamma": 0.006906420259172377}, "datetime": {"datetime": "2021-10-04 09:33:17", "elapsed": 85.303306, "delta": 0.784039}}
{"target": 0.887845231381471, "params": {"C": 10653.251178833823, "gamma": 0.028082827880212536}, "datetime": {"datetime": "2021-10-04 09:33:18", "elapsed": 86.038347, "delta": 0.735041}}
{"target": 0.9103787173463906, "params": {"C": 23985.844708988887, "gamma": 0.0361210767764093}, "datetime": {"datetime": "2021-10-04 09:33:19", "elapsed": 86.719872, "delta": 0.681525}}
{"target": 0.9108731187236474, "params": {"C": 13718.617025703083, "gamma": 0.06858808853356581}, "datetime": {"datetime": "2021-10-04 09:33:20", "elapsed": 87.570435, "delta": 0.850563}}
{"target": 0.9137726056353837, "params": {"C": 25116.190935407045, "gamma": 0.08040184074579697}, "datetime": {"datetime": "2021-10-04 09:33:20", "elapsed": 88.352328, "delta": 0.781893}}
{"target": 0.9197006421890574, "params": {"C": 26894.328531341802, "gamma": 0.06479979338864773}, "datetime": {"datetime": "2021-10-04 09:33:21", "elapsed": 89.111788, "delta": 0.75946}}
{"target": 0.9190395843187574, "params": {"C": 38762.575162470624, "gamma": 0.0714483567216095}, "datetime": {"datetime": "2021-10-04 09:33:22", "elapsed": 89.809164, "delta": 0.697376}}
{"target": 0.8742147819974702, "params": {"C": 46243.118091638855, "gamma": 0.013161656089391047}, "datetime": {"datetime": "2021-10-04 09:33:22", "elapsed": 90.520776, "delta": 0.711612}}
{"target": 0.9234934363095961, "params": {"C": 39116.18982798539, "gamma": 0.05884467994439229}, "datetime": {"datetime": "2021-10-04 09:33:23", "elapsed": 91.334331, "delta": 0.813555}}
{"target": 0.843417936390964, "params": {"C": 34051.29478399946, "gamma": 0.004436578335026624}, "datetime": {"datetime": "2021-10-04 09:33:24", "elapsed": 92.306105, "delta": 0.971774}}
{"target": 0.9104607840266965, "params": {"C": 13945.542007740652, "gamma": 0.07192672661338258}, "datetime": {"datetime": "2021-10-04 09:33:25", "elapsed": 93.032906, "delta": 0.726801}}
{"target": 0.9195016010092285, "params": {"C": 40271.17119746803, "gamma": 0.037912337529882094}, "datetime": {"datetime": "2021-10-04 09:33:26", "elapsed": 93.714323, "delta": 0.681417}}
{"target": 0.9221104612571631, "params": {"C": 30894.20230568028, "gamma": 0.05155103720315008}, "datetime": {"datetime": "2021-10-04 09:33:26", "elapsed": 94.451914, "delta": 0.737591}}
{"target": 0.9179137938449478, "params": {"C": 41171.72572013459, "gamma": 0.0738457825598354}, "datetime": {"datetime": "2021-10-04 09:33:27", "elapsed": 95.248472, "delta": 0.796558}}
{"target": 0.9218235994187783, "params": {"C": 34871.221613034984, "gamma": 0.06316389305316285}, "datetime": {"datetime": "2021-10-04 09:33:28", "elapsed": 96.025697, "delta": 0.777225}}
{"target": 0.8798116099552217, "params": {"C": 33020.97636474925, "gamma": 0.016499030291664336}, "datetime": {"datetime": "2021-10-04 09:33:29", "elapsed": 96.762265, "delta": 0.736568}}
{"target": 0.907959956692098, "params": {"C": 44685.11753535176, "gamma": 0.09148955266766409}, "datetime": {"datetime": "2021-10-04 09:33:30", "elapsed": 97.772973, "delta": 1.010708}}
{"target": 0.9175867845898281, "params": {"C": 22412.772421012065, "gamma": 0.06687789118080432}, "datetime": {"datetime": "2021-10-04 09:33:31", "elapsed": 98.779809, "delta": 1.006836}}
