{"target": -34.499496951300415, "params": {"C": 8.876894342348725, "gamma": 0.20857527804460504}, "datetime": {"datetime": "2021-06-28 15:27:35", "elapsed": 48.097947, "delta": 0.617996}}
{"target": -31.24774058991881, "params": {"C": 9.264438845454228, "gamma": 0.08525246933159114}, "datetime": {"datetime": "2021-06-28 15:27:36", "elapsed": 48.6857, "delta": 0.587753}}
{"target": -29.80381035501104, "params": {"C": 8.726951816243153, "gamma": 0.04314072935140313}, "datetime": {"datetime": "2021-06-28 15:27:36", "elapsed": 49.229703, "delta": 0.544003}}
{"target": -29.11235998160342, "params": {"C": 9.289306589124966, "gamma": 0.027242262350874215}, "datetime": {"datetime": "2021-06-28 15:27:37", "elapsed": 49.8667, "delta": 0.636997}}
{"target": -30.23123208999744, "params": {"C": 9.16280550066366, "gamma": 0.05837626309801538}, "datetime": {"datetime": "2021-06-28 15:27:38", "elapsed": 50.474699, "delta": 0.607999}}
{"target": -34.604816701685934, "params": {"C": 9.422630968147955, "gamma": 0.2277815614034312}, "datetime": {"datetime": "2021-06-28 15:27:38", "elapsed": 51.144709, "delta": 0.67001}}
{"target": -29.663541077967942, "params": {"C": 8.514641741428967, "gamma": 0.03641318682257811}, "datetime": {"datetime": "2021-06-28 15:27:39", "elapsed": 51.709701, "delta": 0.564992}}
{"target": -30.245709070584077, "params": {"C": 8.696739720358167, "gamma": 0.011651122115713283}, "datetime": {"datetime": "2021-06-28 15:27:39", "elapsed": 52.2797, "delta": 0.569999}}
{"target": -31.750155484090936, "params": {"C": 9.094288504786384, "gamma": 0.09750145855923614}, "datetime": {"datetime": "2021-06-28 15:27:40", "elapsed": 52.823699, "delta": 0.543999}}
{"target": -36.23943924522747, "params": {"C": 8.409028491845293, "gamma": 0.002115825306674342}, "datetime": {"datetime": "2021-06-28 15:27:41", "elapsed": 53.525699, "delta": 0.702}}
{"target": -31.62692484434994, "params": {"C": 8.629945601799308, "gamma": 0.08811836714371471}, "datetime": {"datetime": "2021-06-28 15:27:41", "elapsed": 54.131709, "delta": 0.60601}}
{"target": -27.329373683834223, "params": {"C": 36.32183030340217, "gamma": 0.1298448526958995}, "datetime": {"datetime": "2021-06-28 15:27:42", "elapsed": 54.680703, "delta": 0.548994}}
{"target": -30.309526026412854, "params": {"C": 8.548742433182664, "gamma": 0.053710083209550924}, "datetime": {"datetime": "2021-06-28 15:27:42", "elapsed": 55.329702, "delta": 0.648999}}
{"target": -30.424129594435946, "params": {"C": 8.555954811909878, "gamma": 0.056558560462073464}, "datetime": {"datetime": "2021-06-28 15:27:43", "elapsed": 56.029703, "delta": 0.700001}}
{"target": -31.86722060193969, "params": {"C": 8.64450823279942, "gamma": 0.09517696944680563}, "datetime": {"datetime": "2021-06-28 15:27:44", "elapsed": 56.781701, "delta": 0.751998}}
{"target": -31.177179887951517, "params": {"C": 8.309970482067143, "gamma": 0.008794261424670165}, "datetime": {"datetime": "2021-06-28 15:27:45", "elapsed": 57.453701, "delta": 0.672}}
{"target": -29.279000741618194, "params": {"C": 8.917526953329858, "gamma": 0.027702690067011742}, "datetime": {"datetime": "2021-06-28 15:27:45", "elapsed": 58.036698, "delta": 0.582997}}
{"target": -27.981018799857253, "params": {"C": 36.32385585657727, "gamma": 0.15376546368321325}, "datetime": {"datetime": "2021-06-28 15:27:46", "elapsed": 58.652702, "delta": 0.616004}}
{"target": -29.74684960161075, "params": {"C": 8.701027595462103, "gamma": 0.04130939794926662}, "datetime": {"datetime": "2021-06-28 15:27:46", "elapsed": 59.287703, "delta": 0.635001}}
{"target": -41.01189746747154, "params": {"C": 35.883910833959796, "gamma": 9.726306889356598}, "datetime": {"datetime": "2021-06-28 15:27:47", "elapsed": 59.866708, "delta": 0.579005}}
{"target": -33.026866898383, "params": {"C": 8.757130847304019, "gamma": 0.1358479129166827}, "datetime": {"datetime": "2021-06-28 15:27:48", "elapsed": 60.588703, "delta": 0.721995}}
{"target": -32.048210918719484, "params": {"C": 8.547830572707884, "gamma": 0.006416931415174945}, "datetime": {"datetime": "2021-06-28 15:27:48", "elapsed": 61.177702, "delta": 0.588999}}
{"target": -32.569547560303405, "params": {"C": 8.784947044628158, "gamma": 0.11951707804938438}, "datetime": {"datetime": "2021-06-28 15:27:49", "elapsed": 61.924702, "delta": 0.747}}
{"target": -40.29174132395841, "params": {"C": 43.64741657631032, "gamma": 3.484405773691811}, "datetime": {"datetime": "2021-06-28 15:27:50", "elapsed": 62.492702, "delta": 0.568}}
{"target": -29.758386135618796, "params": {"C": 8.94724146791103, "gamma": 0.013999595337982385}, "datetime": {"datetime": "2021-06-28 15:27:50", "elapsed": 63.148701, "delta": 0.655999}}
{"target": -37.76992979471793, "params": {"C": 64.6110523019042, "gamma": 1.6005303741342214}, "datetime": {"datetime": "2021-06-28 15:27:51", "elapsed": 63.704702, "delta": 0.556001}}
{"target": -41.15036029752318, "params": {"C": 86.10733440087903, "gamma": 7.357865022132864}, "datetime": {"datetime": "2021-06-28 15:27:51", "elapsed": 64.327699, "delta": 0.622997}}
{"target": -28.427324935287945, "params": {"C": 36.31538980417195, "gamma": 0.1719206670129439}, "datetime": {"datetime": "2021-06-28 15:27:52", "elapsed": 64.940704, "delta": 0.613005}}
{"target": -29.52687614769606, "params": {"C": 8.371780209875801, "gamma": 0.023239526805651247}, "datetime": {"datetime": "2021-06-28 15:27:53", "elapsed": 65.660703, "delta": 0.719999}}
{"target": -31.07318596264716, "params": {"C": 9.083908249165587, "gamma": 0.07853653341650803}, "datetime": {"datetime": "2021-06-28 15:27:53", "elapsed": 66.335243, "delta": 0.67454}}
{"target": -29.53984255112213, "params": {"C": 9.157520914525048, "gamma": 0.015078420920605667}, "datetime": {"datetime": "2021-06-28 15:27:54", "elapsed": 67.033243, "delta": 0.698}}
{"target": -29.01458731524208, "params": {"C": 36.32123187468171, "gamma": 0.1985230827815556}, "datetime": {"datetime": "2021-06-28 15:27:55", "elapsed": 67.696239, "delta": 0.662996}}
{"target": -25.62116228919256, "params": {"C": 36.34702783070968, "gamma": 0.07728298080829146}, "datetime": {"datetime": "2021-06-28 15:27:56", "elapsed": 68.409242, "delta": 0.713003}}
{"target": -32.47576318498299, "params": {"C": 8.383989576015217, "gamma": 0.11036457832770515}, "datetime": {"datetime": "2021-06-28 15:27:56", "elapsed": 69.016243, "delta": 0.607001}}
{"target": -40.406502569641454, "params": {"C": 49.20392934074797, "gamma": 3.8871500370352927}, "datetime": {"datetime": "2021-06-28 15:27:57", "elapsed": 69.640243, "delta": 0.624}}
{"target": -29.592448509635783, "params": {"C": 8.22098883142002, "gamma": 0.026066341167754345}, "datetime": {"datetime": "2021-06-28 15:27:58", "elapsed": 70.416245, "delta": 0.776002}}
{"target": -29.60981575729123, "params": {"C": 36.32385597027795, "gamma": 0.2289094491261077}, "datetime": {"datetime": "2021-06-28 15:27:58", "elapsed": 71.20324, "delta": 0.786995}}
{"target": -28.908740247888836, "params": {"C": 36.278594000186075, "gamma": 0.1932856802586527}, "datetime": {"datetime": "2021-06-28 15:27:59", "elapsed": 71.902242, "delta": 0.699002}}
{"target": -31.495771544496233, "params": {"C": 9.193112974993127, "gamma": 0.09132691329750571}, "datetime": {"datetime": "2021-06-28 15:28:00", "elapsed": 72.638243, "delta": 0.736001}}
{"target": -38.762919189886944, "params": {"C": 82.71897897895457, "gamma": 2.1644420606181023}, "datetime": {"datetime": "2021-06-28 15:28:00", "elapsed": 73.281248, "delta": 0.643005}}
{"target": -40.98547541477712, "params": {"C": 38.604055042058086, "gamma": 8.648461714852901}, "datetime": {"datetime": "2021-06-28 15:28:01", "elapsed": 73.910246, "delta": 0.628998}}
{"target": -37.55930543694887, "params": {"C": 8.15865088291451, "gamma": 0.0014563661223056415}, "datetime": {"datetime": "2021-06-28 15:28:02", "elapsed": 74.661242, "delta": 0.750996}}
{"target": -32.85671407023434, "params": {"C": 66.63803906101714, "gamma": 0.6647018639178068}, "datetime": {"datetime": "2021-06-28 15:28:03", "elapsed": 75.39024, "delta": 0.728998}}
{"target": -40.40675915401373, "params": {"C": 37.16081325231616, "gamma": 3.6254555784679416}, "datetime": {"datetime": "2021-06-28 15:28:03", "elapsed": 76.038242, "delta": 0.648002}}
{"target": -26.38981340166591, "params": {"C": 64.7585596006311, "gamma": 0.17639721349448217}, "datetime": {"datetime": "2021-06-28 15:28:04", "elapsed": 76.73224, "delta": 0.693998}}
{"target": -25.679145722441582, "params": {"C": 36.398456326547716, "gamma": 0.07909665394168465}, "datetime": {"datetime": "2021-06-28 15:28:05", "elapsed": 77.46924, "delta": 0.737}}
{"target": -23.438363076886574, "params": {"C": 64.77355724205435, "gamma": 0.07515803088002636}, "datetime": {"datetime": "2021-06-28 15:28:05", "elapsed": 78.142242, "delta": 0.673002}}
{"target": -41.1293425989423, "params": {"C": 97.87810104056524, "gamma": 6.5332253873954755}, "datetime": {"datetime": "2021-06-28 15:28:06", "elapsed": 78.805242, "delta": 0.663}}
{"target": -28.92764963408487, "params": {"C": 97.53865669562722, "gamma": 0.4019121600295382}, "datetime": {"datetime": "2021-06-28 15:28:07", "elapsed": 79.419237, "delta": 0.613995}}
{"target": -29.378533751339997, "params": {"C": 36.28845142718619, "gamma": 0.21648439085011398}, "datetime": {"datetime": "2021-06-28 15:28:07", "elapsed": 80.220239, "delta": 0.801002}}
{"target": -30.54087302512248, "params": {"C": 9.32577035856693, "gamma": 0.06760734686941454}, "datetime": {"datetime": "2021-06-28 15:28:08", "elapsed": 81.019248, "delta": 0.799009}}
{"target": -40.92159246042015, "params": {"C": 27.78208167372975, "gamma": 6.759113985939402}, "datetime": {"datetime": "2021-06-28 15:28:09", "elapsed": 81.736241, "delta": 0.716993}}
{"target": -31.323028016019915, "params": {"C": 36.33276214351642, "gamma": 0.3383960382939345}, "datetime": {"datetime": "2021-06-28 15:28:10", "elapsed": 82.605243, "delta": 0.869002}}
{"target": -31.23615121278325, "params": {"C": 8.809050885186592, "gamma": 0.07967669555767291}, "datetime": {"datetime": "2021-06-28 15:28:11", "elapsed": 83.475243, "delta": 0.87}}
{"target": -40.92365385874264, "params": {"C": 34.29073116539332, "gamma": 7.205934813597328}, "datetime": {"datetime": "2021-06-28 15:28:11", "elapsed": 84.188245, "delta": 0.713002}}
{"target": -25.96584971251491, "params": {"C": 64.71405686168582, "gamma": 0.1591209607044991}, "datetime": {"datetime": "2021-06-28 15:28:12", "elapsed": 85.020238, "delta": 0.831993}}
{"target": -24.37926483227235, "params": {"C": 64.76947479000543, "gamma": 0.10427482521087318}, "datetime": {"datetime": "2021-06-28 15:28:13", "elapsed": 85.779244, "delta": 0.759006}}
{"target": -30.294448834166843, "params": {"C": 8.338551375461007, "gamma": 0.050967680423966134}, "datetime": {"datetime": "2021-06-28 15:28:14", "elapsed": 86.524249, "delta": 0.745005}}
{"target": -31.03947509350814, "params": {"C": 9.2748366280107, "gamma": 0.0797803481119084}, "datetime": {"datetime": "2021-06-28 15:28:14", "elapsed": 87.16624, "delta": 0.641991}}
{"target": -40.50602243506223, "params": {"C": 10.18510515186279, "gamma": 1.9220934925935163}, "datetime": {"datetime": "2021-06-28 15:28:15", "elapsed": 87.808248, "delta": 0.642008}}
{"target": -23.461540860589377, "params": {"C": 64.80116412184182, "gamma": 0.07593283050520078}, "datetime": {"datetime": "2021-06-28 15:28:16", "elapsed": 88.572247, "delta": 0.763999}}
{"target": -25.92141690097557, "params": {"C": 36.3752906594491, "gamma": 0.0859943010343973}, "datetime": {"datetime": "2021-06-28 15:28:16", "elapsed": 89.382239, "delta": 0.809992}}
{"target": -26.283342656232843, "params": {"C": 36.38005990753818, "gamma": 0.09662610567177118}, "datetime": {"datetime": "2021-06-28 15:28:17", "elapsed": 90.121245, "delta": 0.739006}}
{"target": -26.75428755456802, "params": {"C": 64.79109385387811, "gamma": 0.1923366319479333}, "datetime": {"datetime": "2021-06-28 15:28:18", "elapsed": 91.277244, "delta": 1.155999}}
{"target": -25.871811825731527, "params": {"C": 64.69540062878563, "gamma": 0.15544301584621686}, "datetime": {"datetime": "2021-06-28 15:28:19", "elapsed": 92.055238, "delta": 0.777994}}
{"target": -27.99491141013587, "params": {"C": 64.80740254374246, "gamma": 0.25498211663496645}, "datetime": {"datetime": "2021-06-28 15:28:20", "elapsed": 92.803969, "delta": 0.748731}}
{"target": -31.310892706387953, "params": {"C": 8.391042190285237, "gamma": 0.07667395966182912}, "datetime": {"datetime": "2021-06-28 15:28:21", "elapsed": 93.557959, "delta": 0.75399}}
{"target": -29.933867780031235, "params": {"C": 8.854982511496306, "gamma": 0.04790193138748668}, "datetime": {"datetime": "2021-06-28 15:28:21", "elapsed": 94.353962, "delta": 0.796003}}
{"target": -26.856764860159476, "params": {"C": 64.82516127259454, "gamma": 0.19707595011750526}, "datetime": {"datetime": "2021-06-28 15:28:23", "elapsed": 95.726433, "delta": 1.372471}}
{"target": -25.46505945765954, "params": {"C": 64.85091498384362, "gamma": 0.1406617074136975}, "datetime": {"datetime": "2021-06-28 15:28:24", "elapsed": 97.086254, "delta": 1.359821}}
{"target": -29.64231496975237, "params": {"C": 8.767094732577457, "gamma": 0.03922823592579774}, "datetime": {"datetime": "2021-06-28 15:28:25", "elapsed": 98.37725, "delta": 1.290996}}
{"target": -29.602223648854537, "params": {"C": 8.533441585812918, "gamma": 0.018173275589304507}, "datetime": {"datetime": "2021-06-28 15:28:26", "elapsed": 99.312332, "delta": 0.935082}}
{"target": -26.23471533830798, "params": {"C": 36.35704366101425, "gamma": 0.09510708791922654}, "datetime": {"datetime": "2021-06-28 15:28:27", "elapsed": 100.316902, "delta": 1.00457}}
{"target": -26.800866868669935, "params": {"C": 36.24266904512825, "gamma": 0.11207306321962351}, "datetime": {"datetime": "2021-06-28 15:28:28", "elapsed": 101.172652, "delta": 0.85575}}
{"target": -23.533545775880036, "params": {"C": 64.80371654776052, "gamma": 0.07818794534531767}, "datetime": {"datetime": "2021-06-28 15:28:29", "elapsed": 102.146282, "delta": 0.97363}}
{"target": -26.014483398682277, "params": {"C": 36.15157424662196, "gamma": 0.0880036984616968}, "datetime": {"datetime": "2021-06-28 15:28:30", "elapsed": 103.12524, "delta": 0.978958}}
{"target": -28.025427115306776, "params": {"C": 97.49898549363014, "gamma": 0.337742694230705}, "datetime": {"datetime": "2021-06-28 15:28:31", "elapsed": 104.062229, "delta": 0.936989}}
{"target": -26.289699900604713, "params": {"C": 64.76754318037007, "gamma": 0.17224225037389995}, "datetime": {"datetime": "2021-06-28 15:28:32", "elapsed": 105.096435, "delta": 1.034206}}
{"target": -29.35725149842407, "params": {"C": 9.202590423687242, "gamma": 0.0363884120348997}, "datetime": {"datetime": "2021-06-28 15:28:33", "elapsed": 106.172084, "delta": 1.075649}}
{"target": -40.96075808185474, "params": {"C": 37.79669829078376, "gamma": 8.020585915325494}, "datetime": {"datetime": "2021-06-28 15:28:34", "elapsed": 106.935476, "delta": 0.763392}}
{"target": -25.502748733733892, "params": {"C": 36.39624755893679, "gamma": 0.009034110188903512}, "datetime": {"datetime": "2021-06-28 15:28:35", "elapsed": 108.013479, "delta": 1.078003}}
{"target": -25.614674685487078, "params": {"C": 36.14393886974366, "gamma": 0.07648720639726297}, "datetime": {"datetime": "2021-06-28 15:28:36", "elapsed": 109.09679, "delta": 1.083311}}
{"target": -35.85594463625867, "params": {"C": 90.60873444957423, "gamma": 1.2293272650284957}, "datetime": {"datetime": "2021-06-28 15:28:37", "elapsed": 109.982378, "delta": 0.885588}}
{"target": -27.532040091275924, "params": {"C": 64.74073298343266, "gamma": 0.2297995323744541}, "datetime": {"datetime": "2021-06-28 15:28:38", "elapsed": 111.344079, "delta": 1.361701}}
{"target": -27.581383754224337, "params": {"C": 36.285178974014336, "gamma": 0.13861253782754265}, "datetime": {"datetime": "2021-06-28 15:28:39", "elapsed": 112.289072, "delta": 0.944993}}
{"target": -26.47432978269143, "params": {"C": 36.26429575590849, "gamma": 0.10200454852044065}, "datetime": {"datetime": "2021-06-28 15:28:40", "elapsed": 113.159078, "delta": 0.870006}}
{"target": -30.733462918202303, "params": {"C": 8.28492679825865, "gamma": 0.06098771801114744}, "datetime": {"datetime": "2021-06-28 15:28:41", "elapsed": 114.271074, "delta": 1.111996}}
{"target": -22.88326768797719, "params": {"C": 64.86276980514863, "gamma": 0.05659022791973708}, "datetime": {"datetime": "2021-06-28 15:28:43", "elapsed": 115.386676, "delta": 1.115602}}
{"target": -41.09582394021901, "params": {"C": 77.93152136890644, "gamma": 7.358424038543375}, "datetime": {"datetime": "2021-06-28 15:28:43", "elapsed": 116.231335, "delta": 0.844659}}
{"target": -40.8981952952032, "params": {"C": 62.181836227184185, "gamma": 6.279553198369448}, "datetime": {"datetime": "2021-06-28 15:28:44", "elapsed": 117.058591, "delta": 0.827256}}
{"target": -37.84047062991212, "params": {"C": 57.55668566778192, "gamma": 1.5664020594580979}, "datetime": {"datetime": "2021-06-28 15:28:45", "elapsed": 117.943587, "delta": 0.884996}}
{"target": -28.651379515696284, "params": {"C": 97.50974729470234, "gamma": 0.38140394588004556}, "datetime": {"datetime": "2021-06-28 15:28:46", "elapsed": 119.177714, "delta": 1.234127}}
{"target": -24.9276206435775, "params": {"C": 64.92414331268974, "gamma": 0.12223570141170452}, "datetime": {"datetime": "2021-06-28 15:28:48", "elapsed": 120.591003, "delta": 1.413289}}
{"target": -24.312134731225235, "params": {"C": 36.352904407336695, "gamma": 0.028480764912732996}, "datetime": {"datetime": "2021-06-28 15:28:49", "elapsed": 121.44984, "delta": 0.858837}}
{"target": -26.484851112563568, "params": {"C": 64.9120940899468, "gamma": 0.18079020683790806}, "datetime": {"datetime": "2021-06-28 15:28:50", "elapsed": 122.418488, "delta": 0.968648}}
{"target": -26.315270355014626, "params": {"C": 36.3173559091763, "gamma": 0.09737998345726183}, "datetime": {"datetime": "2021-06-28 15:28:51", "elapsed": 123.479278, "delta": 1.06079}}
{"target": -28.00788701182112, "params": {"C": 36.289517361114285, "gamma": 0.1546731178179644}, "datetime": {"datetime": "2021-06-28 15:28:52", "elapsed": 124.608523, "delta": 1.129245}}
{"target": -26.54323598752747, "params": {"C": 64.69489961030878, "gamma": 0.1827944849470707}, "datetime": {"datetime": "2021-06-28 15:28:53", "elapsed": 125.532866, "delta": 0.924343}}
{"target": -41.50200621171229, "params": {"C": 0.35061412210412835, "gamma": 9.858515829914518}, "datetime": {"datetime": "2021-06-28 15:28:54", "elapsed": 126.473506, "delta": 0.94064}}
{"target": -25.647148092846923, "params": {"C": 64.81457161605816, "gamma": 0.14722666287416925}, "datetime": {"datetime": "2021-06-28 15:28:55", "elapsed": 127.513528, "delta": 1.040022}}
{"target": -27.972124433688865, "params": {"C": 64.78657153009884, "gamma": 0.2536420743975151}, "datetime": {"datetime": "2021-06-28 15:28:56", "elapsed": 128.57253, "delta": 1.059002}}
{"target": -29.295077674095392, "params": {"C": 9.250683544119541, "gamma": 0.017686060200656065}, "datetime": {"datetime": "2021-06-28 15:28:57", "elapsed": 129.58753, "delta": 1.015}}
{"target": -28.77866211737434, "params": {"C": 64.65690293409537, "gamma": 0.30154333334369077}, "datetime": {"datetime": "2021-06-28 15:28:58", "elapsed": 130.76814, "delta": 1.18061}}
{"target": -27.922195551506345, "params": {"C": 50.67973419542995, "gamma": 0.20567689473820558}, "datetime": {"datetime": "2021-06-28 15:28:59", "elapsed": 131.6059, "delta": 0.83776}}
{"target": -41.123653535570924, "params": {"C": 10.173603955578212, "gamma": 5.806065664864209}, "datetime": {"datetime": "2021-06-28 15:29:00", "elapsed": 132.618502, "delta": 1.012602}}
{"target": -22.90366627653686, "params": {"C": 64.80264670474466, "gamma": 0.017824452203593362}, "datetime": {"datetime": "2021-06-28 15:29:01", "elapsed": 133.855744, "delta": 1.237242}}
{"target": -23.658104261817574, "params": {"C": 64.81869547132254, "gamma": 0.08207411456563055}, "datetime": {"datetime": "2021-06-28 15:29:02", "elapsed": 134.989282, "delta": 1.133538}}
{"target": -22.551833687922436, "params": {"C": 64.79968661628556, "gamma": 0.040255206134809214}, "datetime": {"datetime": "2021-06-28 15:29:03", "elapsed": 136.095456, "delta": 1.106174}}
{"target": -41.247277790222405, "params": {"C": 89.08093352475956, "gamma": 8.235156493584762}, "datetime": {"datetime": "2021-06-28 15:29:04", "elapsed": 137.039604, "delta": 0.944148}}
{"target": -25.948938354095567, "params": {"C": 65.02575238868576, "gamma": 0.1591281718179618}, "datetime": {"datetime": "2021-06-28 15:29:05", "elapsed": 138.246604, "delta": 1.207}}
{"target": -40.90987563016596, "params": {"C": 40.00691575379724, "gamma": 7.0200498039313945}, "datetime": {"datetime": "2021-06-28 15:29:06", "elapsed": 139.166808, "delta": 0.920204}}
{"target": -27.5725473592881, "params": {"C": 64.83337280795253, "gamma": 0.23216421218025032}, "datetime": {"datetime": "2021-06-28 15:29:08", "elapsed": 140.882703, "delta": 1.715895}}
{"target": -25.05803585713633, "params": {"C": 64.80751432946529, "gamma": 0.12639570602492042}, "datetime": {"datetime": "2021-06-28 15:29:10", "elapsed": 142.424639, "delta": 1.541936}}
{"target": -25.439665083839714, "params": {"C": 64.97892418602268, "gamma": 0.14000324321577048}, "datetime": {"datetime": "2021-06-28 15:29:11", "elapsed": 143.761247, "delta": 1.336608}}
{"target": -22.53957407091024, "params": {"C": 64.83639509355044, "gamma": 0.02779788968894712}, "datetime": {"datetime": "2021-06-28 15:29:12", "elapsed": 144.95854, "delta": 1.197293}}
{"target": -25.412156546004972, "params": {"C": 64.75718487785254, "gamma": 0.13858454960265085}, "datetime": {"datetime": "2021-06-28 15:29:13", "elapsed": 146.359057, "delta": 1.400517}}
{"target": -29.01621203465064, "params": {"C": 97.49397024810052, "gamma": 0.40852055665846143}, "datetime": {"datetime": "2021-06-28 15:29:15", "elapsed": 147.927668, "delta": 1.568611}}
