{"target": -2.0616887950812974, "params": {"C": 9638.676534363472, "gamma": 0.04282392877738799}, "datetime": {"datetime": "2021-10-04 12:17:41", "elapsed": 121.001953, "delta": 1.408346}}
{"target": -2.3331075132356407, "params": {"C": 9624.349948601382, "gamma": 0.12965572065754938}, "datetime": {"datetime": "2021-10-04 12:17:42", "elapsed": 122.479906, "delta": 1.477953}}
{"target": -2.396167939104451, "params": {"C": 9653.437340066419, "gamma": 0.14514502264285475}, "datetime": {"datetime": "2021-10-04 12:17:44", "elapsed": 123.892156, "delta": 1.41225}}
{"target": -2.5353065402319896, "params": {"C": 9703.215106301599, "gamma": 0.17894050643747736}, "datetime": {"datetime": "2021-10-04 12:17:45", "elapsed": 125.340125, "delta": 1.447969}}
{"target": -2.35469282472257, "params": {"C": 7713.125089959349, "gamma": 0.1282137819171074}, "datetime": {"datetime": "2021-10-04 12:17:46", "elapsed": 126.714994, "delta": 1.374869}}
{"target": -2.1832498383069425, "params": {"C": 7739.505663653451, "gamma": 0.08719207691564984}, "datetime": {"datetime": "2021-10-04 12:17:48", "elapsed": 127.986031, "delta": 1.271037}}
{"target": -2.4809100067062873, "params": {"C": 7757.7331500513, "gamma": 0.15836877532117327}, "datetime": {"datetime": "2021-10-04 12:17:49", "elapsed": 129.472345, "delta": 1.486314}}
{"target": -2.2251485008729035, "params": {"C": 7684.733197207028, "gamma": 0.026863720018429522}, "datetime": {"datetime": "2021-10-04 12:17:51", "elapsed": 130.89368, "delta": 1.421335}}
{"target": -2.1120626583304123, "params": {"C": 7664.586003957684, "gamma": 0.046109628724377905}, "datetime": {"datetime": "2021-10-04 12:17:52", "elapsed": 132.124237, "delta": 1.230557}}
{"target": -2.401008889260431, "params": {"C": 7647.7705967542415, "gamma": 0.13893512283613474}, "datetime": {"datetime": "2021-10-04 12:17:53", "elapsed": 133.517131, "delta": 1.392894}}
{"target": -2.4439525383698864, "params": {"C": 5574.701135306172, "gamma": 0.1326147942556041}, "datetime": {"datetime": "2021-10-04 12:17:54", "elapsed": 134.712423, "delta": 1.195292}}
{"target": -2.450175267708759, "params": {"C": 4593.688844612235, "gamma": 0.01825467672624439}, "datetime": {"datetime": "2021-10-04 12:17:56", "elapsed": 136.033754, "delta": 1.321331}}
{"target": -2.182694631920641, "params": {"C": 6598.649593263222, "gamma": 0.07581276802856746}, "datetime": {"datetime": "2021-10-04 12:17:57", "elapsed": 137.191164, "delta": 1.15741}}
{"target": -2.581073807974434, "params": {"C": 6617.443570891485, "gamma": 0.17396452824037262}, "datetime": {"datetime": "2021-10-04 12:17:58", "elapsed": 138.422226, "delta": 1.231062}}
{"target": -2.425197395977378, "params": {"C": 6580.914961394144, "gamma": 0.13742515164927385}, "datetime": {"datetime": "2021-10-04 12:17:59", "elapsed": 139.660522, "delta": 1.238296}}
{"target": -2.453242760910679, "params": {"C": 3306.7222594270543, "gamma": 0.02529240278839605}, "datetime": {"datetime": "2021-10-04 12:18:01", "elapsed": 140.988126, "delta": 1.327604}}
{"target": -2.5095386138594566, "params": {"C": 3808.9669491456075, "gamma": 0.017125373919027916}, "datetime": {"datetime": "2021-10-04 12:18:02", "elapsed": 142.328938, "delta": 1.340812}}
{"target": -2.6285702063059033, "params": {"C": 5926.931632071784, "gamma": 0.17894737896718999}, "datetime": {"datetime": "2021-10-04 12:18:03", "elapsed": 143.779291, "delta": 1.450353}}
{"target": -2.081314046898106, "params": {"C": 9586.411408174861, "gamma": 0.06958322420984153}, "datetime": {"datetime": "2021-10-04 12:18:05", "elapsed": 145.089502, "delta": 1.310211}}
{"target": -2.093292596718929, "params": {"C": 9571.55727808797, "gamma": 0.07290530386852379}, "datetime": {"datetime": "2021-10-04 12:18:06", "elapsed": 146.562056, "delta": 1.472554}}
{"target": -2.245249662143069, "params": {"C": 9555.116296403803, "gamma": 0.10960008114036016}, "datetime": {"datetime": "2021-10-04 12:18:08", "elapsed": 147.821491, "delta": 1.259435}}
{"target": -2.6081842002765145, "params": {"C": 9601.300684352145, "gamma": 0.19544136747086316}, "datetime": {"datetime": "2021-10-04 12:18:09", "elapsed": 149.048475, "delta": 1.226984}}
{"target": -2.783131300962913, "params": {"C": 1353.3906298565505, "gamma": 0.07753527387109284}, "datetime": {"datetime": "2021-10-04 12:18:10", "elapsed": 150.297166, "delta": 1.248691}}
{"target": -2.904700936818036, "params": {"C": 2462.8221306099304, "gamma": 0.16966407941230993}, "datetime": {"datetime": "2021-10-04 12:18:12", "elapsed": 151.874151, "delta": 1.576985}}
{"target": -2.5831883538280076, "params": {"C": 8178.491189398451, "gamma": 0.1841296947051099}, "datetime": {"datetime": "2021-10-04 12:18:13", "elapsed": 153.396002, "delta": 1.521851}}
{"target": -2.9040556658504224, "params": {"C": 1571.9232970368741, "gamma": 0.12096823791948598}, "datetime": {"datetime": "2021-10-04 12:18:14", "elapsed": 154.707222, "delta": 1.31122}}
{"target": -2.5514828660764266, "params": {"C": 2154.6351419538073, "gamma": 0.07492656646408165}, "datetime": {"datetime": "2021-10-04 12:18:16", "elapsed": 156.006737, "delta": 1.299515}}
{"target": -5.1585743883436495, "params": {"C": 113.79555813415408, "gamma": 0.1658104657601489}, "datetime": {"datetime": "2021-10-04 12:18:17", "elapsed": 157.422362, "delta": 1.415625}}
{"target": -2.662766028280925, "params": {"C": 5619.2631387377705, "gamma": 0.1839309242296335}, "datetime": {"datetime": "2021-10-04 12:18:19", "elapsed": 159.300673, "delta": 1.878311}}
{"target": -2.559450375372901, "params": {"C": 5531.685157429529, "gamma": 0.15914882499392066}, "datetime": {"datetime": "2021-10-04 12:18:20", "elapsed": 160.758351, "delta": 1.457678}}
{"target": -2.634089921687631, "params": {"C": 4545.654153911563, "gamma": 0.009813204789749093}, "datetime": {"datetime": "2021-10-04 12:18:23", "elapsed": 162.919499, "delta": 2.161148}}
{"target": -2.266540630459654, "params": {"C": 4639.730427938765, "gamma": 0.04087698431952815}, "datetime": {"datetime": "2021-10-04 12:18:24", "elapsed": 164.313201, "delta": 1.393702}}
{"target": -2.7519336821819325, "params": {"C": 4663.476737060377, "gamma": 0.19235988617919164}, "datetime": {"datetime": "2021-10-04 12:18:25", "elapsed": 165.736007, "delta": 1.422806}}
{"target": -2.4491528585681634, "params": {"C": 4618.060396288333, "gamma": 0.12245532645237205}, "datetime": {"datetime": "2021-10-04 12:18:27", "elapsed": 167.132386, "delta": 1.396379}}
{"target": -2.5670872484910174, "params": {"C": 3258.9833197616717, "gamma": 0.01600444459785277}, "datetime": {"datetime": "2021-10-04 12:18:28", "elapsed": 168.606775, "delta": 1.474389}}
{"target": -2.431825462613321, "params": {"C": 3354.5574325647453, "gamma": 0.027352924202378545}, "datetime": {"datetime": "2021-10-04 12:18:30", "elapsed": 170.416436, "delta": 1.809661}}
{"target": -2.884172723803522, "params": {"C": 1953.2296229712244, "gamma": 0.14052694236224653}, "datetime": {"datetime": "2021-10-04 12:18:32", "elapsed": 171.857618, "delta": 1.441182}}
{"target": -2.4865880954360335, "params": {"C": 9403.086787673814, "gamma": 0.16673080045069963}, "datetime": {"datetime": "2021-10-04 12:18:33", "elapsed": 173.324965, "delta": 1.467347}}
{"target": -2.744804871372405, "params": {"C": 1775.7676938502268, "gamma": 0.10095153819496283}, "datetime": {"datetime": "2021-10-04 12:18:34", "elapsed": 174.638274, "delta": 1.313309}}
{"target": -2.627191559181493, "params": {"C": 3521.986893015833, "gamma": 0.14149673547096855}, "datetime": {"datetime": "2021-10-04 12:18:36", "elapsed": 176.044153, "delta": 1.405879}}
{"target": -2.502639663672156, "params": {"C": 8602.478639897665, "gamma": 0.16747774674379592}, "datetime": {"datetime": "2021-10-04 12:18:37", "elapsed": 177.608062, "delta": 1.563909}}
{"target": -2.9716245749348302, "params": {"C": 818.0681320537603, "gamma": 0.055299811341231006}, "datetime": {"datetime": "2021-10-04 12:18:39", "elapsed": 178.879248, "delta": 1.271186}}
{"target": -2.444303069532219, "params": {"C": 2654.520173775552, "gamma": 0.03802416027148189}, "datetime": {"datetime": "2021-10-04 12:18:40", "elapsed": 180.163722, "delta": 1.284474}}
{"target": -2.7726955311377104, "params": {"C": 2802.1599198515173, "gamma": 0.15261768968219286}, "datetime": {"datetime": "2021-10-04 12:18:41", "elapsed": 181.718719, "delta": 1.554997}}
{"target": -3.3317826656983542, "params": {"C": 635.1696416834674, "gamma": 0.10050149002229655}, "datetime": {"datetime": "2021-10-04 12:18:43", "elapsed": 182.934729, "delta": 1.21601}}
{"target": -2.5706852287949986, "params": {"C": 3115.9286774583607, "gamma": 0.1178804350700713}, "datetime": {"datetime": "2021-10-04 12:18:44", "elapsed": 184.337062, "delta": 1.402333}}
{"target": -2.1794750647835084, "params": {"C": 7188.315210344606, "gamma": 0.08111465355029837}, "datetime": {"datetime": "2021-10-04 12:18:45", "elapsed": 185.66322, "delta": 1.326158}}
{"target": -2.1302189742161786, "params": {"C": 7167.728223751669, "gamma": 0.04599452893158212}, "datetime": {"datetime": "2021-10-04 12:18:47", "elapsed": 187.322614, "delta": 1.659394}}
{"target": -2.2238176207772145, "params": {"C": 7147.841636509425, "gamma": 0.0289286319550481}, "datetime": {"datetime": "2021-10-04 12:18:49", "elapsed": 189.064696, "delta": 1.742082}}
{"target": -2.5735332647808433, "params": {"C": 7210.194582130987, "gamma": 0.17633364539742458}, "datetime": {"datetime": "2021-10-04 12:18:50", "elapsed": 190.413741, "delta": 1.349045}}
{"target": -2.4438849393489472, "params": {"C": 5131.627252804366, "gamma": 0.12767786903900688}, "datetime": {"datetime": "2021-10-04 12:18:52", "elapsed": 191.982206, "delta": 1.568465}}
{"target": -2.4379306519533763, "params": {"C": 2961.596333902634, "gamma": 0.03181404469287148}, "datetime": {"datetime": "2021-10-04 12:18:53", "elapsed": 193.397926, "delta": 1.41572}}
{"target": -3.1369488969036903, "params": {"C": 1160.1746623725478, "gamma": 0.1340399418096787}, "datetime": {"datetime": "2021-10-04 12:18:55", "elapsed": 195.182386, "delta": 1.78446}}
{"target": -2.468355657563321, "params": {"C": 4242.976966297674, "gamma": 0.12112500925729199}, "datetime": {"datetime": "2021-10-04 12:18:57", "elapsed": 196.81539, "delta": 1.633004}}
{"target": -3.460819383759691, "params": {"C": 988.7172517296167, "gamma": 0.18130232964881204}, "datetime": {"datetime": "2021-10-04 12:18:58", "elapsed": 198.500651, "delta": 1.685261}}
{"target": -2.3693242084223, "params": {"C": 6249.698899060412, "gamma": 0.019117956111283498}, "datetime": {"datetime": "2021-10-04 12:19:00", "elapsed": 200.504688, "delta": 2.004037}}
{"target": -2.1584179115218594, "params": {"C": 6276.423439345434, "gamma": 0.06146089533531914}, "datetime": {"datetime": "2021-10-04 12:19:02", "elapsed": 202.676084, "delta": 2.171396}}
{"target": -2.6504475889580816, "params": {"C": 6219.501204530988, "gamma": 0.18687870163143544}, "datetime": {"datetime": "2021-10-04 12:19:04", "elapsed": 204.544333, "delta": 1.868249}}
{"target": -2.3458800799489126, "params": {"C": 3745.429093269734, "gamma": 0.036741185606863305}, "datetime": {"datetime": "2021-10-04 12:19:06", "elapsed": 206.638134, "delta": 2.093801}}
{"target": -2.8592295757683015, "params": {"C": 3771.642486049296, "gamma": 0.2}, "datetime": {"datetime": "2021-10-04 12:19:08", "elapsed": 208.59187, "delta": 1.953736}}
{"target": -2.3292941868770956, "params": {"C": 3721.817166650666, "gamma": 0.07185654307910207}, "datetime": {"datetime": "2021-10-04 12:19:10", "elapsed": 210.384253, "delta": 1.792383}}
{"target": -2.302981797648254, "params": {"C": 3867.0625863950236, "gamma": 0.06477249034596176}, "datetime": {"datetime": "2021-10-04 12:19:12", "elapsed": 212.54677, "delta": 2.162517}}
{"target": -2.705308441569131, "params": {"C": 3891.2810510394966, "gamma": 0.009}, "datetime": {"datetime": "2021-10-04 12:19:14", "elapsed": 214.372228, "delta": 1.825458}}
{"target": -2.5951528568650453, "params": {"C": 3844.2402111145984, "gamma": 0.14156465718995234}, "datetime": {"datetime": "2021-10-04 12:19:16", "elapsed": 216.242339, "delta": 1.870111}}
{"target": -4.250129835235202, "params": {"C": 301.6855373175601, "gamma": 0.16862590446899378}, "datetime": {"datetime": "2021-10-04 12:19:18", "elapsed": 218.240645, "delta": 1.998306}}
{"target": -2.2772447001632736, "params": {"C": 6522.733960501028, "gamma": 0.10201759575276724}, "datetime": {"datetime": "2021-10-04 12:19:20", "elapsed": 220.362187, "delta": 2.121542}}
{"target": -2.2049781371027373, "params": {"C": 6546.485691521037, "gamma": 0.08186011120702652}, "datetime": {"datetime": "2021-10-04 12:19:22", "elapsed": 222.149399, "delta": 1.787212}}
{"target": -4.032167302629872, "params": {"C": 462.1138154881072, "gamma": 0.19275225868674814}, "datetime": {"datetime": "2021-10-04 12:19:24", "elapsed": 224.035985, "delta": 1.886586}}
{"target": -2.236019854192115, "params": {"C": 9760.394029415394, "gamma": 0.10811409888134123}, "datetime": {"datetime": "2021-10-04 12:19:27", "elapsed": 226.940837, "delta": 2.904852}}
{"target": -2.5701226347128987, "params": {"C": 9782.673932069736, "gamma": 0.18734807472289597}, "datetime": {"datetime": "2021-10-04 12:19:28", "elapsed": 228.799426, "delta": 1.858589}}
{"target": -2.0540124061196594, "params": {"C": 9738.15528420662, "gamma": 0.061591967644652454}, "datetime": {"datetime": "2021-10-04 12:19:30", "elapsed": 230.682752, "delta": 1.883326}}
{"target": -2.6467195871306592, "params": {"C": 4870.8640571428905, "gamma": 0.009}, "datetime": {"datetime": "2021-10-04 12:19:32", "elapsed": 232.464349, "delta": 1.781597}}
{"target": -2.17333603432167, "params": {"C": 5986.830749081684, "gamma": 0.049528883483796436}, "datetime": {"datetime": "2021-10-04 12:19:34", "elapsed": 234.171818, "delta": 1.707469}}
{"target": -2.3623042592608923, "params": {"C": 6008.248684966557, "gamma": 0.11754981242860527}, "datetime": {"datetime": "2021-10-04 12:19:36", "elapsed": 235.829235, "delta": 1.657417}}
{"target": -2.3290615462010305, "params": {"C": 5965.985007697624, "gamma": 0.10941997491650599}, "datetime": {"datetime": "2021-10-04 12:19:38", "elapsed": 238.001285, "delta": 2.17205}}
{"target": -2.156345190718062, "params": {"C": 6675.687006133636, "gamma": 0.06770208295192963}, "datetime": {"datetime": "2021-10-04 12:19:39", "elapsed": 239.80495, "delta": 1.803665}}
{"target": -2.2460731302923875, "params": {"C": 6654.928633101894, "gamma": 0.09488387331954412}, "datetime": {"datetime": "2021-10-04 12:19:42", "elapsed": 242.025614, "delta": 2.220664}}
{"target": -2.632744140885615, "params": {"C": 6695.260387393573, "gamma": 0.18674884561619137}, "datetime": {"datetime": "2021-10-04 12:19:44", "elapsed": 243.978698, "delta": 1.953084}}
{"target": -2.4264286754331277, "params": {"C": 5870.602068063575, "gamma": 0.13137799342266793}, "datetime": {"datetime": "2021-10-04 12:19:46", "elapsed": 246.470165, "delta": 2.491467}}
{"target": -2.7117088008115884, "params": {"C": 3387.8039720855445, "gamma": 0.1566046753440978}, "datetime": {"datetime": "2021-10-04 12:19:48", "elapsed": 248.63751, "delta": 2.167345}}
{"target": -2.3560024153659747, "params": {"C": 8123.086731119115, "gamma": 0.016481228138493426}, "datetime": {"datetime": "2021-10-04 12:19:50", "elapsed": 250.419004, "delta": 1.781494}}
{"target": -2.9973997047157983, "params": {"C": 2688.6959769294363, "gamma": 0.2}, "datetime": {"datetime": "2021-10-04 12:19:52", "elapsed": 252.532874, "delta": 2.11387}}
{"target": -2.4358668247901707, "params": {"C": 2622.099434676862, "gamma": 0.0429359969254527}, "datetime": {"datetime": "2021-10-04 12:19:54", "elapsed": 254.512109, "delta": 1.979235}}
{"target": -2.0961981108592584, "params": {"C": 8347.800400422391, "gamma": 0.04334141810101811}, "datetime": {"datetime": "2021-10-04 12:19:56", "elapsed": 256.770461, "delta": 2.258352}}
{"target": -2.083874353002688, "params": {"C": 8329.08925211677, "gamma": 0.049249016825873244}, "datetime": {"datetime": "2021-10-04 12:19:59", "elapsed": 258.951137, "delta": 2.180676}}
{"target": -2.644059054073181, "params": {"C": 8367.705273312096, "gamma": 0.1988517559981428}, "datetime": {"datetime": "2021-10-04 12:20:01", "elapsed": 261.157627, "delta": 2.20649}}
{"target": -2.09069110078353, "params": {"C": 8232.045651118431, "gamma": 0.04722379133396449}, "datetime": {"datetime": "2021-10-04 12:20:03", "elapsed": 263.712643, "delta": 2.555016}}
{"target": -2.1282172609553043, "params": {"C": 8250.705602398737, "gamma": 0.07530735359278497}, "datetime": {"datetime": "2021-10-04 12:20:06", "elapsed": 265.955679, "delta": 2.243036}}
{"target": -2.2144682400181823, "params": {"C": 8212.449213710146, "gamma": 0.09794863297483389}, "datetime": {"datetime": "2021-10-04 12:20:08", "elapsed": 268.433033, "delta": 2.477354}}
{"target": -2.5895411567428384, "params": {"C": 5482.838513159119, "gamma": 0.009781183281219517}, "datetime": {"datetime": "2021-10-04 12:20:10", "elapsed": 270.555698, "delta": 2.122665}}
{"target": -2.710266968673337, "params": {"C": 2523.4971036223437, "gamma": 0.1288192108577747}, "datetime": {"datetime": "2021-10-04 12:20:12", "elapsed": 272.775819, "delta": 2.220121}}
{"target": -2.4372833364060944, "params": {"C": 47531.98042323166, "gamma": 0.14546327622122085}, "datetime": {"datetime": "2021-10-04 12:20:15", "elapsed": 0.0, "delta": 0.0}}
{"target": -2.0566804206526883, "params": {"C": 10010.29373356104, "gamma": 0.06395485166320876}, "datetime": {"datetime": "2021-10-04 12:20:16", "elapsed": 0.212533, "delta": 0.212533}}
{"target": -2.0565187095448816, "params": {"C": 23208.030173540174, "gamma": 0.02300602597991557}, "datetime": {"datetime": "2021-10-04 12:20:16", "elapsed": 0.441977, "delta": 0.229444}}
{"target": -1.999611441821845, "params": {"C": 26763.41902399038, "gamma": 0.07238434177339431}, "datetime": {"datetime": "2021-10-04 12:20:16", "elapsed": 0.629442, "delta": 0.187465}}
{"target": -2.258441460040044, "params": {"C": 45709.07268076029, "gamma": 0.11006926313065461}, "datetime": {"datetime": "2021-10-04 12:20:16", "elapsed": 0.86046, "delta": 0.231018}}
{"target": -2.100361986843491, "params": {"C": 26977.312085977977, "gamma": 0.09117133474594256}, "datetime": {"datetime": "2021-10-04 12:20:16", "elapsed": 1.125477, "delta": 0.265017}}
{"target": -2.3733495199699686, "params": {"C": 26321.578428434008, "gamma": 0.1426700083423305}, "datetime": {"datetime": "2021-10-04 12:20:17", "elapsed": 1.368334, "delta": 0.242857}}
{"target": -2.1389084570978993, "params": {"C": 10007.43895447984, "gamma": 0.0870959543472911}, "datetime": {"datetime": "2021-10-04 12:20:17", "elapsed": 1.631421, "delta": 0.263087}}
{"target": -2.559958326549703, "params": {"C": 26773.230568161554, "gamma": 0.18914242838231543}, "datetime": {"datetime": "2021-10-04 12:20:17", "elapsed": 1.885407, "delta": 0.253986}}
{"target": -2.0796392463360776, "params": {"C": 26757.613773090587, "gamma": 0.08730971595024915}, "datetime": {"datetime": "2021-10-04 12:20:18", "elapsed": 2.148494, "delta": 0.263087}}
{"target": -2.589663773861125, "params": {"C": 10015.67384765859, "gamma": 0.19246100532629773}, "datetime": {"datetime": "2021-10-04 12:20:18", "elapsed": 2.433738, "delta": 0.285244}}
{"target": -2.5376001478265007, "params": {"C": 26766.790028163043, "gamma": 0.1827273841004548}, "datetime": {"datetime": "2021-10-04 12:20:18", "elapsed": 2.687733, "delta": 0.253995}}
{"target": -2.1332525409967205, "params": {"C": 26759.65552513804, "gamma": 0.09716427458832252}, "datetime": {"datetime": "2021-10-04 12:20:18", "elapsed": 2.972614, "delta": 0.284881}}
{"target": -2.2118514083163237, "params": {"C": 26980.541152532882, "gamma": 0.013715102793589107}, "datetime": {"datetime": "2021-10-04 12:20:19", "elapsed": 3.235696, "delta": 0.263082}}
{"target": -2.1400644529102637, "params": {"C": 26761.576866982174, "gamma": 0.09835421157184905}, "datetime": {"datetime": "2021-10-04 12:20:19", "elapsed": 3.520922, "delta": 0.285226}}
{"target": -1.91103151254684, "params": {"C": 23210.49964156882, "gamma": 0.04125228343967016}, "datetime": {"datetime": "2021-10-04 12:20:19", "elapsed": 3.790532, "delta": 0.26961}}
{"target": -1.9437579255965498, "params": {"C": 23203.654310974955, "gamma": 0.061390279444189}, "datetime": {"datetime": "2021-10-04 12:20:19", "elapsed": 4.107021, "delta": 0.316489}}
{"target": -2.575042146039118, "params": {"C": 23214.14307198175, "gamma": 0.19575056174437727}, "datetime": {"datetime": "2021-10-04 12:20:20", "elapsed": 4.376594, "delta": 0.269573}}
{"target": -2.179677082637009, "params": {"C": 23199.160310457977, "gamma": 0.10616650996824112}, "datetime": {"datetime": "2021-10-04 12:20:20", "elapsed": 4.677444, "delta": 0.30085}}
{"target": -1.897029137105312, "params": {"C": 26973.6364417577, "gamma": 0.03848090829632749}, "datetime": {"datetime": "2021-10-04 12:20:20", "elapsed": 4.957357, "delta": 0.279913}}
{"target": -2.0330129297394848, "params": {"C": 23201.71286629989, "gamma": 0.0785381416269104}, "datetime": {"datetime": "2021-10-04 12:20:21", "elapsed": 5.256337, "delta": 0.29898}}
{"target": -1.9023902466206906, "params": {"C": 26971.43807913322, "gamma": 0.0533298839498907}, "datetime": {"datetime": "2021-10-04 12:20:21", "elapsed": 5.541573, "delta": 0.285236}}
{"target": -1.9133070559567642, "params": {"C": 26969.73369751607, "gamma": 0.05670996125954126}, "datetime": {"datetime": "2021-10-04 12:20:21", "elapsed": 5.826833, "delta": 0.28526}}
{"target": -2.4397271581329703, "params": {"C": 26967.001497481124, "gamma": 0.15705896124165541}, "datetime": {"datetime": "2021-10-04 12:20:21", "elapsed": 6.1277, "delta": 0.300867}}
{"target": -2.018238048409787, "params": {"C": 26752.79628586615, "gamma": 0.07588604962834808}, "datetime": {"datetime": "2021-10-04 12:20:22", "elapsed": 6.428181, "delta": 0.300481}}
{"target": -1.8984752506290083, "params": {"C": 26744.405999635634, "gamma": 0.05022796019186903}, "datetime": {"datetime": "2021-10-04 12:20:22", "elapsed": 6.72908, "delta": 0.300899}}
