{"target": -24.305054110012026, "params": {"C": 36.43853303218509, "gamma": 0.02933008613362182}, "datetime": {"datetime": "2021-06-28 15:29:16", "elapsed": 149.029589, "delta": 1.101921}}
{"target": -22.876673654531167, "params": {"C": 64.95246097742691, "gamma": 0.05651369522868517}, "datetime": {"datetime": "2021-06-28 15:29:17", "elapsed": 150.169302, "delta": 1.139713}}
{"target": -23.143074235394685, "params": {"C": 64.95706481128205, "gamma": 0.06593424642318048}, "datetime": {"datetime": "2021-06-28 15:29:19", "elapsed": 151.525755, "delta": 1.356453}}
{"target": -23.857564276142448, "params": {"C": 64.77823541364714, "gamma": 0.009466956839219814}, "datetime": {"datetime": "2021-06-28 15:29:20", "elapsed": 152.92179, "delta": 1.396035}}
{"target": -41.15605943012978, "params": {"C": 71.33644980556546, "gamma": 8.870444304209373}, "datetime": {"datetime": "2021-06-28 15:29:21", "elapsed": 153.828798, "delta": 0.907008}}
{"target": -40.94506301778974, "params": {"C": 15.972705143426845, "gamma": 4.951495552161318}, "datetime": {"datetime": "2021-06-28 15:29:22", "elapsed": 154.789368, "delta": 0.96057}}
{"target": -22.57286357775129, "params": {"C": 64.94388932811681, "gamma": 0.04230740816372154}, "datetime": {"datetime": "2021-06-28 15:29:23", "elapsed": 156.02082, "delta": 1.231452}}
{"target": -22.58526071245895, "params": {"C": 64.78836828558566, "gamma": 0.025447753553983626}, "datetime": {"datetime": "2021-06-28 15:29:24", "elapsed": 157.071169, "delta": 1.050349}}
{"target": -41.09640435382681, "params": {"C": 15.995227854610837, "gamma": 9.820977860675947}, "datetime": {"datetime": "2021-06-28 15:29:25", "elapsed": 158.039166, "delta": 0.967997}}
{"target": -25.245156618799573, "params": {"C": 64.66155621760646, "gamma": 0.13252942379804655}, "datetime": {"datetime": "2021-06-28 15:29:26", "elapsed": 159.310113, "delta": 1.270947}}
{"target": -25.70491028335921, "params": {"C": 64.72637371151589, "gamma": 0.14919214243774873}, "datetime": {"datetime": "2021-06-28 15:29:28", "elapsed": 161.267903, "delta": 1.95779}}
{"target": -28.041758229509163, "params": {"C": 64.90504949528534, "gamma": 0.25791808933973365}, "datetime": {"datetime": "2021-06-28 15:29:30", "elapsed": 162.665906, "delta": 1.398003}}
{"target": -25.548150692116128, "params": {"C": 36.340097954802005, "gamma": 0.07517441591855935}, "datetime": {"datetime": "2021-06-28 15:29:31", "elapsed": 164.359902, "delta": 1.693996}}
{"target": -29.599568031696506, "params": {"C": 36.317480809325545, "gamma": 0.0021425148298858873}, "datetime": {"datetime": "2021-06-28 15:29:33", "elapsed": 165.910235, "delta": 1.550333}}
{"target": -39.553007670853006, "params": {"C": 27.802102541979448, "gamma": 1.9650317241691957}, "datetime": {"datetime": "2021-06-28 15:29:34", "elapsed": 167.152082, "delta": 1.241847}}
{"target": -25.244653231490865, "params": {"C": 36.42761058608678, "gamma": 0.010451060833000052}, "datetime": {"datetime": "2021-06-28 15:29:36", "elapsed": 168.416083, "delta": 1.264001}}
{"target": -23.634890621946838, "params": {"C": 64.92679627951718, "gamma": 0.08153676985442526}, "datetime": {"datetime": "2021-06-28 15:29:37", "elapsed": 169.825476, "delta": 1.409393}}
{"target": -22.504036315923578, "params": {"C": 64.82585190483492, "gamma": 0.03263060622798575}, "datetime": {"datetime": "2021-06-28 15:29:38", "elapsed": 171.050475, "delta": 1.224999}}
{"target": -27.588327550771695, "params": {"C": 64.63632673052585, "gamma": 0.2324377598814968}, "datetime": {"datetime": "2021-06-28 15:29:40", "elapsed": 172.521474, "delta": 1.470999}}
{"target": -22.667808347772972, "params": {"C": 64.89707097947564, "gamma": 0.04753307342608335}, "datetime": {"datetime": "2021-06-28 15:29:41", "elapsed": 173.806471, "delta": 1.284997}}
{"target": -40.9454713066961, "params": {"C": 86.91540273651681, "gamma": 5.811940458446493}, "datetime": {"datetime": "2021-06-28 15:29:42", "elapsed": 174.823474, "delta": 1.017003}}
{"target": -25.93023385299747, "params": {"C": 64.92830600510268, "gamma": 0.15819250754027858}, "datetime": {"datetime": "2021-06-28 15:29:43", "elapsed": 176.26248, "delta": 1.439006}}
{"target": -23.735912480613827, "params": {"C": 64.78289046309708, "gamma": 0.08441286573585866}, "datetime": {"datetime": "2021-06-28 15:29:45", "elapsed": 177.551499, "delta": 1.289019}}
{"target": -26.746929771282947, "params": {"C": 64.89448198350541, "gamma": 0.19225809429924434}, "datetime": {"datetime": "2021-06-28 15:29:47", "elapsed": 179.565845, "delta": 2.014346}}
{"target": -41.03500932399605, "params": {"C": 23.481839308763167, "gamma": 9.890117927375465}, "datetime": {"datetime": "2021-06-28 15:29:48", "elapsed": 180.565446, "delta": 0.999601}}
{"target": -22.597330462400077, "params": {"C": 64.94591518427356, "gamma": 0.04386173376203654}, "datetime": {"datetime": "2021-06-28 15:29:49", "elapsed": 181.830528, "delta": 1.265082}}
{"target": -24.61689168650408, "params": {"C": 36.3274655619473, "gamma": 0.04673430657434526}, "datetime": {"datetime": "2021-06-28 15:29:50", "elapsed": 183.369135, "delta": 1.538607}}
{"target": -22.5082790104944, "params": {"C": 64.78365348106173, "gamma": 0.03475910456370972}, "datetime": {"datetime": "2021-06-28 15:29:52", "elapsed": 184.851293, "delta": 1.482158}}
{"target": -26.53732754195329, "params": {"C": 64.91897681362478, "gamma": 0.1830672922950649}, "datetime": {"datetime": "2021-06-28 15:29:54", "elapsed": 186.609898, "delta": 1.758605}}
{"target": -40.994845623523496, "params": {"C": 52.71411645291799, "gamma": 7.899099048702364}, "datetime": {"datetime": "2021-06-28 15:29:55", "elapsed": 188.133252, "delta": 1.523354}}
{"target": -40.76639859299785, "params": {"C": 46.332304924862406, "gamma": 5.501550487305734}, "datetime": {"datetime": "2021-06-28 15:29:57", "elapsed": 189.661297, "delta": 1.528045}}
{"target": -24.359050576622217, "params": {"C": 36.275171639407375, "gamma": 0.03439176122365294}, "datetime": {"datetime": "2021-06-28 15:29:58", "elapsed": 191.226565, "delta": 1.565268}}
{"target": -25.513970485176436, "params": {"C": 36.45759835059334, "gamma": 0.07454744561690248}, "datetime": {"datetime": "2021-06-28 15:30:01", "elapsed": 193.569176, "delta": 2.342611}}
{"target": -28.727740197280806, "params": {"C": 64.80591336546742, "gamma": 0.2987947892372167}, "datetime": {"datetime": "2021-06-28 15:30:03", "elapsed": 195.905233, "delta": 2.336057}}
{"target": -41.03858899098572, "params": {"C": 65.23541669247537, "gamma": 7.603170542287265}, "datetime": {"datetime": "2021-06-28 15:30:04", "elapsed": 197.116449, "delta": 1.211216}}
{"target": -37.919004499373955, "params": {"C": 57.26292919421732, "gamma": 1.5923788180311855}, "datetime": {"datetime": "2021-06-28 15:30:05", "elapsed": 198.244031, "delta": 1.127582}}
{"target": -25.412337517955013, "params": {"C": 64.83093399420693, "gamma": 0.13873586965166698}, "datetime": {"datetime": "2021-06-28 15:30:07", "elapsed": 200.181873, "delta": 1.937842}}
{"target": -25.781205882263563, "params": {"C": 64.64991771706715, "gamma": 0.15189816973609704}, "datetime": {"datetime": "2021-06-28 15:30:10", "elapsed": 202.403177, "delta": 2.221304}}
{"target": -27.913819190178113, "params": {"C": 36.47548972323698, "gamma": 0.15178131204337897}, "datetime": {"datetime": "2021-06-28 15:30:12", "elapsed": 204.498449, "delta": 2.095272}}
{"target": -23.095188534424555, "params": {"C": 64.99166366915331, "gamma": 0.06438285433195466}, "datetime": {"datetime": "2021-06-28 15:30:13", "elapsed": 206.105524, "delta": 1.607075}}
{"target": -25.64361411458375, "params": {"C": 65.00457093931696, "gamma": 0.14748231597979056}, "datetime": {"datetime": "2021-06-28 15:30:15", "elapsed": 207.563223, "delta": 1.457699}}
{"target": -27.234687839272766, "params": {"C": 64.99533708861834, "gamma": 0.21547178626204141}, "datetime": {"datetime": "2021-06-28 15:30:16", "elapsed": 209.18946, "delta": 1.626237}}
{"target": -40.545151811265775, "params": {"C": 8.052116531252054, "gamma": 1.6898469986296882}, "datetime": {"datetime": "2021-06-28 15:30:17", "elapsed": 210.266239, "delta": 1.076779}}
{"target": -22.644180446443592, "params": {"C": 64.81784575490708, "gamma": 0.02325605352091861}, "datetime": {"datetime": "2021-06-28 15:30:19", "elapsed": 211.826319, "delta": 1.56008}}
{"target": -28.123315220873828, "params": {"C": 97.46849515574192, "gamma": 0.34426106415159974}, "datetime": {"datetime": "2021-06-28 15:30:20", "elapsed": 213.156689, "delta": 1.33037}}
{"target": -22.722831863992823, "params": {"C": 64.92077045745076, "gamma": 0.05016400352906333}, "datetime": {"datetime": "2021-06-28 15:30:22", "elapsed": 214.925061, "delta": 1.768372}}
{"target": -23.68505816472862, "params": {"C": 64.8360233807066, "gamma": 0.010446231645496878}, "datetime": {"datetime": "2021-06-28 15:30:24", "elapsed": 216.613051, "delta": 1.68799}}
{"target": -40.73621008248199, "params": {"C": 54.05508039174323, "gamma": 5.287025430794673}, "datetime": {"datetime": "2021-06-28 15:30:25", "elapsed": 217.779469, "delta": 1.166418}}
{"target": -22.62408831928291, "params": {"C": 64.86152870877018, "gamma": 0.04516426676713243}, "datetime": {"datetime": "2021-06-28 15:30:26", "elapsed": 219.34897, "delta": 1.569501}}
{"target": -23.222935947635413, "params": {"C": 65.05112920130847, "gamma": 0.06873411757458593}, "datetime": {"datetime": "2021-06-28 15:30:28", "elapsed": 220.719729, "delta": 1.370759}}
{"target": -24.990816634872058, "params": {"C": 36.328834641707424, "gamma": 0.058921492040832156}, "datetime": {"datetime": "2021-06-28 15:30:29", "elapsed": 222.198588, "delta": 1.478859}}
{"target": -26.03644375971449, "params": {"C": 64.8274695977249, "gamma": 0.16213776099142863}, "datetime": {"datetime": "2021-06-28 15:30:31", "elapsed": 224.340115, "delta": 2.141527}}
{"target": -28.869269713695246, "params": {"C": 36.362402155324396, "gamma": 0.19184847179973635}, "datetime": {"datetime": "2021-06-28 15:30:33", "elapsed": 225.781405, "delta": 1.44129}}
{"target": -24.69934957207343, "params": {"C": 36.405903613521374, "gamma": 0.04990195990105816}, "datetime": {"datetime": "2021-06-28 15:30:35", "elapsed": 227.624914, "delta": 1.843509}}
{"target": -22.67875103508394, "params": {"C": 64.93448695633408, "gamma": 0.048155985138767274}, "datetime": {"datetime": "2021-06-28 15:30:37", "elapsed": 230.008896, "delta": 2.383982}}
{"target": -24.682688308893987, "params": {"C": 64.95381192744065, "gamma": 0.11425705853231674}, "datetime": {"datetime": "2021-06-28 15:30:39", "elapsed": 231.533487, "delta": 1.524591}}
{"target": -24.402555400835286, "params": {"C": 36.239903073136155, "gamma": 0.03703552003723553}, "datetime": {"datetime": "2021-06-28 15:30:40", "elapsed": 233.285354, "delta": 1.751867}}
{"target": -25.75876268237885, "params": {"C": 64.64468891770223, "gamma": 0.15104121702503873}, "datetime": {"datetime": "2021-06-28 15:30:42", "elapsed": 234.859486, "delta": 1.574132}}
{"target": -25.996677303868754, "params": {"C": 64.7451254141316, "gamma": 0.16039370522892413}, "datetime": {"datetime": "2021-06-28 15:30:44", "elapsed": 236.718943, "delta": 1.859457}}
{"target": -24.777747261487427, "params": {"C": 64.94040413563073, "gamma": 0.11732305505254237}, "datetime": {"datetime": "2021-06-28 15:30:45", "elapsed": 238.146896, "delta": 1.427953}}
{"target": -26.454975265974234, "params": {"C": 64.55256772456094, "gamma": 0.17867612345737516}, "datetime": {"datetime": "2021-06-28 15:30:47", "elapsed": 240.009466, "delta": 1.86257}}
{"target": -25.72522249997637, "params": {"C": 36.20611913424494, "gamma": 0.07983632337579821}, "datetime": {"datetime": "2021-06-28 15:30:49", "elapsed": 241.969467, "delta": 1.960001}}
{"target": -24.52239667134492, "params": {"C": 64.96600038825873, "gamma": 0.10913825074591893}, "datetime": {"datetime": "2021-06-28 15:30:51", "elapsed": 243.688532, "delta": 1.719065}}
{"target": -22.91745253804653, "params": {"C": 64.96354475537339, "gamma": 0.05806226972130334}, "datetime": {"datetime": "2021-06-28 15:30:52", "elapsed": 245.321909, "delta": 1.633377}}
{"target": -26.751614610895853, "params": {"C": 64.65942823687429, "gamma": 0.1918944374141649}, "datetime": {"datetime": "2021-06-28 15:30:54", "elapsed": 246.873025, "delta": 1.551116}}
{"target": -22.78509079546089, "params": {"C": 64.83025774918046, "gamma": 0.052643243064970514}, "datetime": {"datetime": "2021-06-28 15:30:56", "elapsed": 249.16544, "delta": 2.292415}}
{"target": -27.204367846294797, "params": {"C": 64.54369217042176, "gamma": 0.21279448720842503}, "datetime": {"datetime": "2021-06-28 15:30:58", "elapsed": 250.821, "delta": 1.65556}}
{"target": -25.657810286561773, "params": {"C": 64.96173096522291, "gamma": 0.1479213615363111}, "datetime": {"datetime": "2021-06-28 15:31:00", "elapsed": 252.78115, "delta": 1.96015}}
{"target": -22.54037168476836, "params": {"C": 65.08031588431217, "gamma": 0.027056737336973644}, "datetime": {"datetime": "2021-06-28 15:31:02", "elapsed": 254.432269, "delta": 1.651119}}
{"target": -24.343759232467995, "params": {"C": 65.0714680872355, "gamma": 0.10368000895003826}, "datetime": {"datetime": "2021-06-28 15:31:03", "elapsed": 255.744305, "delta": 1.312036}}
{"target": -23.46953907392673, "params": {"C": 65.10757429733093, "gamma": 0.011825340488049271}, "datetime": {"datetime": "2021-06-28 15:31:04", "elapsed": 257.178121, "delta": 1.433816}}
{"target": -24.468495650709684, "params": {"C": 64.88821560361126, "gamma": 0.10729256710443219}, "datetime": {"datetime": "2021-06-28 15:31:06", "elapsed": 258.902311, "delta": 1.72419}}
{"target": -25.497636693616432, "params": {"C": 64.92161485912101, "gamma": 0.1419758502659241}, "datetime": {"datetime": "2021-06-28 15:31:08", "elapsed": 260.829165, "delta": 1.926854}}
{"target": -22.965086245314062, "params": {"C": 64.89595465517702, "gamma": 0.05967210945177923}, "datetime": {"datetime": "2021-06-28 15:31:10", "elapsed": 262.646429, "delta": 1.817264}}
{"target": -22.510420537893125, "params": {"C": 64.87658984138092, "gamma": 0.0361683906831114}, "datetime": {"datetime": "2021-06-28 15:31:12", "elapsed": 264.666265, "delta": 2.019836}}
{"target": -24.010867066338616, "params": {"C": 64.84717609986798, "gamma": 0.09297239795881376}, "datetime": {"datetime": "2021-06-28 15:31:13", "elapsed": 266.013578, "delta": 1.347313}}
{"target": -37.844813937842844, "params": {"C": 92.68006357410464, "gamma": 1.78640647365112}, "datetime": {"datetime": "2021-06-28 15:31:14", "elapsed": 267.121742, "delta": 1.108164}}
{"target": -25.777475233987136, "params": {"C": 36.291758302754445, "gamma": 0.08159350674743228}, "datetime": {"datetime": "2021-06-28 15:31:16", "elapsed": 268.675531, "delta": 1.553789}}
{"target": -27.780027680161844, "params": {"C": 36.10441381823351, "gamma": 0.14520094036102557}, "datetime": {"datetime": "2021-06-28 15:31:17", "elapsed": 270.110718, "delta": 1.435187}}
{"target": -24.329236739226964, "params": {"C": 36.20016574920124, "gamma": 0.030260971381490687}, "datetime": {"datetime": "2021-06-28 15:31:19", "elapsed": 272.103204, "delta": 1.992486}}
{"target": -40.98085710805276, "params": {"C": 25.860134197315695, "gamma": 7.964556687340591}, "datetime": {"datetime": "2021-06-28 15:31:21", "elapsed": 273.427946, "delta": 1.324742}}
{"target": -40.32260790223241, "params": {"C": 38.841142207018045, "gamma": 3.4440304962882524}, "datetime": {"datetime": "2021-06-28 15:31:22", "elapsed": 274.768, "delta": 1.340054}}
{"target": -35.641240558642004, "params": {"C": 25.992602490885183, "gamma": 0.6666498474679721}, "datetime": {"datetime": "2021-06-28 15:31:23", "elapsed": 276.020938, "delta": 1.252938}}
{"target": -23.592747757474804, "params": {"C": 64.76402942439123, "gamma": 0.07996118381297093}, "datetime": {"datetime": "2021-06-28 15:31:25", "elapsed": 277.683431, "delta": 1.662493}}
{"target": -41.099402030195314, "params": {"C": 91.13251689010701, "gamma": 6.6308331616739675}, "datetime": {"datetime": "2021-06-28 15:31:26", "elapsed": 278.920426, "delta": 1.236995}}
{"target": -22.66116302562797, "params": {"C": 64.60256358389184, "gamma": 0.04646301902999131}, "datetime": {"datetime": "2021-06-28 15:31:28", "elapsed": 280.871667, "delta": 1.951241}}
{"target": -25.03005914202896, "params": {"C": 64.99300506329269, "gamma": 0.1257955894213965}, "datetime": {"datetime": "2021-06-28 15:31:30", "elapsed": 282.747256, "delta": 1.875589}}
{"target": -24.87250721026502, "params": {"C": 64.99182478521148, "gamma": 0.12053088618320157}, "datetime": {"datetime": "2021-06-28 15:31:32", "elapsed": 284.578639, "delta": 1.831383}}
{"target": -26.34639485515391, "params": {"C": 64.67310903823706, "gamma": 0.17438185358953656}, "datetime": {"datetime": "2021-06-28 15:31:34", "elapsed": 286.635749, "delta": 2.05711}}
{"target": -41.312365437659466, "params": {"C": 91.88506603694576, "gamma": 8.875395471559749}, "datetime": {"datetime": "2021-06-28 15:31:35", "elapsed": 288.132408, "delta": 1.496659}}
{"target": -40.363003550072854, "params": {"C": 45.59740643724834, "gamma": 3.706270931207174}, "datetime": {"datetime": "2021-06-28 15:31:37", "elapsed": 289.496964, "delta": 1.364556}}
{"target": -37.862856487426264, "params": {"C": 12.69066461693761, "gamma": 0.7108714199443661}, "datetime": {"datetime": "2021-06-28 15:31:38", "elapsed": 290.839693, "delta": 1.342729}}
{"target": -27.05551225771724, "params": {"C": 36.39570409129301, "gamma": 0.12085238663918492}, "datetime": {"datetime": "2021-06-28 15:31:39", "elapsed": 292.327969, "delta": 1.488276}}
{"target": -23.650972223071136, "params": {"C": 64.80303651928469, "gamma": 0.010667307795208348}, "datetime": {"datetime": "2021-06-28 15:31:41", "elapsed": 294.162561, "delta": 1.834592}}
{"target": -22.638868416185726, "params": {"C": 64.8518123079378, "gamma": 0.02337569390736232}, "datetime": {"datetime": "2021-06-28 15:31:44", "elapsed": 296.980147, "delta": 2.817586}}
{"target": -25.410012397643495, "params": {"C": 64.76913333624331, "gamma": 0.13853168365740745}, "datetime": {"datetime": "2021-06-28 15:31:47", "elapsed": 299.822979, "delta": 2.842832}}
{"target": -22.55280706407393, "params": {"C": 64.8316421593484, "gamma": 0.026975180519256323}, "datetime": {"datetime": "2021-06-28 15:31:49", "elapsed": 301.704673, "delta": 1.881694}}
{"target": -22.519911863996246, "params": {"C": 64.68102791129017, "gamma": 0.03621813107801926}, "datetime": {"datetime": "2021-06-28 15:31:50", "elapsed": 303.315288, "delta": 1.610615}}
{"target": -24.493469444713522, "params": {"C": 36.2230059429785, "gamma": 0.04145253648987586}, "datetime": {"datetime": "2021-06-28 15:31:52", "elapsed": 305.334512, "delta": 2.019224}}
{"target": -24.082019100081787, "params": {"C": 65.03719654357045, "gamma": 0.008312137025490132}, "datetime": {"datetime": "2021-06-28 15:31:54", "elapsed": 307.188503, "delta": 1.853991}}
{"target": -26.971602435930464, "params": {"C": 50.67415106323285, "gamma": 0.16372874653244812}, "datetime": {"datetime": "2021-06-28 15:31:56", "elapsed": 309.37151, "delta": 2.183007}}
{"target": -25.035143980817132, "params": {"C": 64.67729111486571, "gamma": 0.12538002385225613}, "datetime": {"datetime": "2021-06-28 15:31:58", "elapsed": 311.241043, "delta": 1.869533}}
{"target": -22.529774362459136, "params": {"C": 64.70425783809844, "gamma": 0.0290633612280235}, "datetime": {"datetime": "2021-06-28 15:32:01", "elapsed": 313.646443, "delta": 2.4054}}
{"target": -22.623944165400133, "params": {"C": 64.84437723490157, "gamma": 0.04510967686886471}, "datetime": {"datetime": "2021-06-28 15:32:03", "elapsed": 315.462584, "delta": 1.816141}}
{"target": -40.79061317328524, "params": {"C": 39.929958480673356, "gamma": 5.637409561320657}, "datetime": {"datetime": "2021-06-28 15:32:04", "elapsed": 317.007913, "delta": 1.545329}}
{"target": -41.18518379465812, "params": {"C": 86.31434936652579, "gamma": 7.717001669448503}, "datetime": {"datetime": "2021-06-28 15:32:06", "elapsed": 318.468725, "delta": 1.460812}}
{"target": -24.31553942566742, "params": {"C": 36.37580027787746, "gamma": 0.030703913602900375}, "datetime": {"datetime": "2021-06-28 15:32:08", "elapsed": 321.012079, "delta": 2.543354}}
{"target": -41.378853278267584, "params": {"C": 97.22214429030035, "gamma": 9.26839703552601}, "datetime": {"datetime": "2021-06-28 15:32:10", "elapsed": 322.669097, "delta": 1.657018}}
{"target": -23.37072033299608, "params": {"C": 64.59256438470354, "gamma": 0.012755978505580554}, "datetime": {"datetime": "2021-06-28 15:32:13", "elapsed": 325.672608, "delta": 3.003511}}
{"target": -41.167572951020524, "params": {"C": 9.54475976126803, "gamma": 6.890423235715274}, "datetime": {"datetime": "2021-06-28 15:32:15", "elapsed": 327.525827, "delta": 1.853219}}
{"target": -37.3782846957008, "params": {"C": 66.75728562512562, "gamma": 1.486557885019287}, "datetime": {"datetime": "2021-06-28 15:32:16", "elapsed": 329.272044, "delta": 1.746217}}
{"target": -39.35888543463519, "params": {"C": 44.93892433716659, "gamma": 2.2183741009271327}, "datetime": {"datetime": "2021-06-28 15:32:18", "elapsed": 330.87921, "delta": 1.607166}}
{"target": -23.211702534564917, "params": {"C": 64.96604537791781, "gamma": 0.06822034216336222}, "datetime": {"datetime": "2021-06-28 15:32:21", "elapsed": 333.747975, "delta": 2.868765}}
{"target": -24.843683250843913, "params": {"C": 36.35593749542652, "gamma": 0.05446118527509616}, "datetime": {"datetime": "2021-06-28 15:32:24", "elapsed": 336.521607, "delta": 2.773632}}
{"target": -40.999925204009024, "params": {"C": 28.956815400998007, "gamma": 9.077369702818197}, "datetime": {"datetime": "2021-06-28 15:32:25", "elapsed": 337.893091, "delta": 1.371484}}
{"target": -22.494562295573775, "params": {"C": 65.06592335800173, "gamma": 0.03456536212713423}, "datetime": {"datetime": "2021-06-28 15:32:28", "elapsed": 340.554018, "delta": 2.660927}}
