{"target": -20.185678223622265, "params": {"C": 1031.0117127234075, "gamma": 0.15555474448896445}, "datetime": {"datetime": "2021-06-28 16:20:42", "elapsed": 248.794157, "delta": 1.621995}}
{"target": -17.734270221261124, "params": {"C": 1578.2412101326481, "gamma": 0.09144054512384002}, "datetime": {"datetime": "2021-06-28 16:20:43", "elapsed": 250.318158, "delta": 1.524001}}
{"target": -16.61107064103795, "params": {"C": 3974.4540908637905, "gamma": 0.030493291034068615}, "datetime": {"datetime": "2021-06-28 16:20:44", "elapsed": 251.599166, "delta": 1.281008}}
{"target": -16.901421353313744, "params": {"C": 1632.3418257203602, "gamma": 0.06665740586469855}, "datetime": {"datetime": "2021-06-28 16:20:46", "elapsed": 252.847155, "delta": 1.247989}}
{"target": -36.29821069578034, "params": {"C": 4270.448838981941, "gamma": 1.3797587805058138}, "datetime": {"datetime": "2021-06-28 16:20:47", "elapsed": 253.909158, "delta": 1.062003}}
{"target": -26.449195847773556, "params": {"C": 2036.0484695189607, "gamma": 0.46840741594311996}, "datetime": {"datetime": "2021-06-28 16:20:48", "elapsed": 255.348157, "delta": 1.438999}}
{"target": -21.669896636601994, "params": {"C": 1031.4129046178787, "gamma": 0.20555127414485905}, "datetime": {"datetime": "2021-06-28 16:20:50", "elapsed": 257.615179, "delta": 2.267022}}
{"target": -17.002563705607514, "params": {"C": 1636.1841185348137, "gamma": 0.07033643098024106}, "datetime": {"datetime": "2021-06-28 16:20:53", "elapsed": 259.708158, "delta": 2.092979}}
{"target": -21.405655404386977, "params": {"C": 1632.6841507460977, "gamma": 0.19029811338825298}, "datetime": {"datetime": "2021-06-28 16:20:55", "elapsed": 261.778818, "delta": 2.07066}}
{"target": -21.694299550126097, "params": {"C": 1584.5799030937137, "gamma": 0.20094702806650333}, "datetime": {"datetime": "2021-06-28 16:20:56", "elapsed": 263.367869, "delta": 1.589051}}
{"target": -46.6570383734023, "params": {"C": 4112.547185824572, "gamma": 5.641336285387875}, "datetime": {"datetime": "2021-06-28 16:20:57", "elapsed": 264.590096, "delta": 1.222227}}
{"target": -16.899762753700955, "params": {"C": 1638.2779999615493, "gamma": 0.025624810931425088}, "datetime": {"datetime": "2021-06-28 16:20:59", "elapsed": 266.0678, "delta": 1.477704}}
{"target": -26.747160100189255, "params": {"C": 6546.862161113032, "gamma": 0.4043035306024582}, "datetime": {"datetime": "2021-06-28 16:21:02", "elapsed": 269.181419, "delta": 3.113619}}
{"target": -28.334494597240106, "params": {"C": 1578.7409827946205, "gamma": 0.6322390680969918}, "datetime": {"datetime": "2021-06-28 16:21:03", "elapsed": 270.555399, "delta": 1.37398}}
{"target": -25.27733566249265, "params": {"C": 1637.4594602675518, "gamma": 0.38861642292153264}, "datetime": {"datetime": "2021-06-28 16:21:05", "elapsed": 271.688332, "delta": 1.132933}}
{"target": -45.093951209055874, "params": {"C": 1134.4999065949266, "gamma": 6.893222134693028}, "datetime": {"datetime": "2021-06-28 16:21:06", "elapsed": 272.807463, "delta": 1.119131}}
{"target": -37.46514825769296, "params": {"C": 6741.888180080318, "gamma": 1.4942207492091888}, "datetime": {"datetime": "2021-06-28 16:21:07", "elapsed": 273.931461, "delta": 1.123998}}
{"target": -41.00712635587011, "params": {"C": 4603.47493253558, "gamma": 2.2253782646526705}, "datetime": {"datetime": "2021-06-28 16:21:08", "elapsed": 275.190129, "delta": 1.258668}}
{"target": -25.206199950301176, "params": {"C": 9305.121309823744, "gamma": 0.2364001288263948}, "datetime": {"datetime": "2021-06-28 16:21:10", "elapsed": 277.361389, "delta": 2.17126}}
{"target": -26.813163058093735, "params": {"C": 1036.5213719262088, "gamma": 0.5114839983784455}, "datetime": {"datetime": "2021-06-28 16:21:12", "elapsed": 278.681028, "delta": 1.319639}}
{"target": -47.719241115955136, "params": {"C": 3037.0716164594505, "gamma": 9.078200153130693}, "datetime": {"datetime": "2021-06-28 16:21:13", "elapsed": 279.814881, "delta": 1.133853}}
{"target": -20.791294346127867, "params": {"C": 1580.653376381765, "gamma": 0.1714083692436523}, "datetime": {"datetime": "2021-06-28 16:21:14", "elapsed": 281.281092, "delta": 1.466211}}
{"target": -47.068349224534984, "params": {"C": 3936.9229306407487, "gamma": 6.367870641769603}, "datetime": {"datetime": "2021-06-28 16:21:15", "elapsed": 282.401091, "delta": 1.119999}}
{"target": -17.36414444492013, "params": {"C": 1580.7318930697704, "gamma": 0.08138171762830596}, "datetime": {"datetime": "2021-06-28 16:21:17", "elapsed": 283.859952, "delta": 1.458861}}
{"target": -18.285715872097473, "params": {"C": 1636.9182127418328, "gamma": 0.10528597922093862}, "datetime": {"datetime": "2021-06-28 16:21:18", "elapsed": 285.537746, "delta": 1.677794}}
{"target": -22.680717136935368, "params": {"C": 1631.0546375777392, "gamma": 0.2389125139523183}, "datetime": {"datetime": "2021-06-28 16:21:20", "elapsed": 287.046563, "delta": 1.508817}}
{"target": -25.617069194376935, "params": {"C": 1631.4086658422186, "gamma": 0.41345350384028917}, "datetime": {"datetime": "2021-06-28 16:21:21", "elapsed": 288.614558, "delta": 1.567995}}
{"target": -25.836385700025893, "params": {"C": 5165.9470191650735, "gamma": 0.3460335631760106}, "datetime": {"datetime": "2021-06-28 16:21:23", "elapsed": 290.069314, "delta": 1.454756}}
{"target": -48.718602551473175, "params": {"C": 6668.559314755114, "gamma": 8.594970792509645}, "datetime": {"datetime": "2021-06-28 16:21:24", "elapsed": 291.239484, "delta": 1.17017}}
{"target": -47.86676859113518, "params": {"C": 4979.28255145728, "gamma": 7.304530049807753}, "datetime": {"datetime": "2021-06-28 16:21:25", "elapsed": 292.446484, "delta": 1.207}}
{"target": -24.645436182020735, "params": {"C": 1035.301253222293, "gamma": 0.35552551801260734}, "datetime": {"datetime": "2021-06-28 16:21:27", "elapsed": 294.067298, "delta": 1.620814}}
{"target": -48.224152288950535, "params": {"C": 4490.154724670141, "gamma": 8.654117411050935}, "datetime": {"datetime": "2021-06-28 16:21:28", "elapsed": 295.325757, "delta": 1.258459}}
{"target": -46.23218701199672, "params": {"C": 2230.933830793238, "gamma": 6.516760270424571}, "datetime": {"datetime": "2021-06-28 16:21:29", "elapsed": 296.565496, "delta": 1.239739}}
{"target": -22.276438660412623, "params": {"C": 1029.6324866573345, "gamma": 0.22992266847657777}, "datetime": {"datetime": "2021-06-28 16:21:32", "elapsed": 298.959414, "delta": 2.393918}}
{"target": -23.178348681074933, "params": {"C": 1584.5586836821994, "gamma": 0.26286596043033167}, "datetime": {"datetime": "2021-06-28 16:21:34", "elapsed": 301.170153, "delta": 2.210739}}
{"target": -25.88747676831164, "params": {"C": 3974.5762865148413, "gamma": 0.37586419941703747}, "datetime": {"datetime": "2021-06-28 16:21:36", "elapsed": 302.982437, "delta": 1.812284}}
{"target": -30.477138020892003, "params": {"C": 6775.301943516746, "gamma": 0.740885580704685}, "datetime": {"datetime": "2021-06-28 16:21:37", "elapsed": 304.342124, "delta": 1.359687}}
{"target": -20.04423884932717, "params": {"C": 1035.2912616494068, "gamma": 0.15135845991116656}, "datetime": {"datetime": "2021-06-28 16:21:39", "elapsed": 306.626135, "delta": 2.284011}}
{"target": -47.99790811563726, "params": {"C": 4101.277523016418, "gamma": 8.361033322153476}, "datetime": {"datetime": "2021-06-28 16:21:41", "elapsed": 307.982764, "delta": 1.356629}}
{"target": -25.178854566130433, "params": {"C": 1585.5889439374298, "gamma": 0.38283358089556463}, "datetime": {"datetime": "2021-06-28 16:21:43", "elapsed": 310.181791, "delta": 2.199027}}
{"target": -17.69497781850716, "params": {"C": 1038.974381640865, "gamma": 0.08615841169463034}, "datetime": {"datetime": "2021-06-28 16:21:45", "elapsed": 311.808517, "delta": 1.626726}}
{"target": -32.6776687917903, "params": {"C": 1574.2661182345155, "gamma": 1.036872680780384}, "datetime": {"datetime": "2021-06-28 16:21:47", "elapsed": 314.313468, "delta": 2.504951}}
{"target": -23.373130960980678, "params": {"C": 1038.7316617369715, "gamma": 0.2815910724194238}, "datetime": {"datetime": "2021-06-28 16:21:49", "elapsed": 316.301329, "delta": 1.987861}}
{"target": -17.181625150167175, "params": {"C": 6546.017001142581, "gamma": 0.058562671351019016}, "datetime": {"datetime": "2021-06-28 16:21:51", "elapsed": 318.566583, "delta": 2.265254}}
{"target": -44.26899444103348, "params": {"C": 9839.8954870653, "gamma": 3.1252043882653457}, "datetime": {"datetime": "2021-06-28 16:21:53", "elapsed": 319.899226, "delta": 1.332643}}
{"target": -19.782803318760152, "params": {"C": 1107.1859512089993, "gamma": 0.14411262062484573}, "datetime": {"datetime": "2021-06-28 16:21:54", "elapsed": 321.221907, "delta": 1.322681}}
{"target": -22.20319619284695, "params": {"C": 1582.1880994384455, "gamma": 0.22004979383357248}, "datetime": {"datetime": "2021-06-28 16:21:56", "elapsed": 323.002531, "delta": 1.780624}}
{"target": -16.99986395028642, "params": {"C": 1029.5380540859028, "gamma": 0.060113833346249416}, "datetime": {"datetime": "2021-06-28 16:21:58", "elapsed": 324.836068, "delta": 1.833537}}
{"target": -27.593361607343713, "params": {"C": 1581.0132897290757, "gamma": 0.5702637192662412}, "datetime": {"datetime": "2021-06-28 16:22:00", "elapsed": 327.043062, "delta": 2.206994}}
{"target": -16.666668662982772, "params": {"C": 1632.9731797945346, "gamma": 0.055679848826188524}, "datetime": {"datetime": "2021-06-28 16:22:02", "elapsed": 329.486066, "delta": 2.443004}}
{"target": -17.08365920756833, "params": {"C": 1107.550926193788, "gamma": 0.028485756337422105}, "datetime": {"datetime": "2021-06-28 16:22:04", "elapsed": 331.606063, "delta": 2.119997}}
{"target": -21.17942227674023, "params": {"C": 1034.3397623209157, "gamma": 0.18769796511886486}, "datetime": {"datetime": "2021-06-28 16:22:07", "elapsed": 333.858099, "delta": 2.252036}}
{"target": -17.684070393645467, "params": {"C": 1030.8616851223028, "gamma": 0.018764385753773358}, "datetime": {"datetime": "2021-06-28 16:22:09", "elapsed": 336.085062, "delta": 2.226963}}
{"target": -24.204934039186984, "params": {"C": 9305.807192198286, "gamma": 0.19069007948901623}, "datetime": {"datetime": "2021-06-28 16:22:11", "elapsed": 338.433063, "delta": 2.348001}}
{"target": -47.51292414671693, "params": {"C": 3908.076115705684, "gamma": 7.272824561945292}, "datetime": {"datetime": "2021-06-28 16:22:13", "elapsed": 339.791067, "delta": 1.358004}}
{"target": -23.13091479561031, "params": {"C": 1583.045576355022, "gamma": 0.26059434500185963}, "datetime": {"datetime": "2021-06-28 16:22:15", "elapsed": 341.692116, "delta": 1.901049}}
{"target": -18.1279879586893, "params": {"C": 1029.4877076265004, "gamma": 0.09836094540054263}, "datetime": {"datetime": "2021-06-28 16:22:17", "elapsed": 343.717117, "delta": 2.025001}}
{"target": -17.409579868096223, "params": {"C": 9305.013080522318, "gamma": 0.05628129060101924}, "datetime": {"datetime": "2021-06-28 16:22:19", "elapsed": 345.673116, "delta": 1.955999}}
{"target": -25.921927624876623, "params": {"C": 1579.2905147798892, "gamma": 0.43737954639629817}, "datetime": {"datetime": "2021-06-28 16:22:20", "elapsed": 347.34912, "delta": 1.676004}}
{"target": -24.48893835081933, "params": {"C": 1578.0499095184687, "gamma": 0.33670731361413087}, "datetime": {"datetime": "2021-06-28 16:22:22", "elapsed": 349.110114, "delta": 1.760994}}
{"target": -24.92142556702948, "params": {"C": 1580.6702594787823, "gamma": 0.3651285232294039}, "datetime": {"datetime": "2021-06-28 16:22:24", "elapsed": 351.413727, "delta": 2.303613}}
{"target": -22.150085482431322, "params": {"C": 1578.778050000452, "gamma": 0.21802425291532265}, "datetime": {"datetime": "2021-06-28 16:22:27", "elapsed": 353.683764, "delta": 2.270037}}
{"target": -48.49652655932088, "params": {"C": 4426.097408540487, "gamma": 9.754077898355051}, "datetime": {"datetime": "2021-06-28 16:22:28", "elapsed": 355.059042, "delta": 1.375278}}
{"target": -16.863721839005155, "params": {"C": 2035.333753893717, "gamma": 0.06618506927694393}, "datetime": {"datetime": "2021-06-28 16:22:30", "elapsed": 357.034258, "delta": 1.975216}}
{"target": -19.650503136682605, "params": {"C": 1635.9328256181166, "gamma": 0.13915643275073392}, "datetime": {"datetime": "2021-06-28 16:22:32", "elapsed": 359.183224, "delta": 2.148966}}
{"target": -20.874024449152333, "params": {"C": 1638.2636305604358, "gamma": 0.17328524802149098}, "datetime": {"datetime": "2021-06-28 16:22:35", "elapsed": 361.687477, "delta": 2.504253}}
{"target": -41.26176934224405, "params": {"C": 1769.543916458957, "gamma": 2.620460352656989}, "datetime": {"datetime": "2021-06-28 16:22:36", "elapsed": 363.085064, "delta": 1.397587}}
{"target": -17.365819879645567, "params": {"C": 1037.313215249938, "gamma": 0.07565464261983454}, "datetime": {"datetime": "2021-06-28 16:22:38", "elapsed": 364.84365, "delta": 1.758586}}
{"target": -16.990581288836992, "params": {"C": 1576.1315684968365, "gamma": 0.06961776521574728}, "datetime": {"datetime": "2021-06-28 16:22:40", "elapsed": 367.177885, "delta": 2.334235}}
{"target": -26.59754493089056, "params": {"C": 1632.3264408274822, "gamma": 0.4887783685275182}, "datetime": {"datetime": "2021-06-28 16:22:43", "elapsed": 370.032242, "delta": 2.854357}}
{"target": -21.868507419840274, "params": {"C": 1585.4086417328256, "gamma": 0.20723789090594602}, "datetime": {"datetime": "2021-06-28 16:22:45", "elapsed": 372.168492, "delta": 2.13625}}
{"target": -30.371631603821807, "params": {"C": 1575.4006347547108, "gamma": 0.8114048241385252}, "datetime": {"datetime": "2021-06-28 16:22:48", "elapsed": 374.786473, "delta": 2.617981}}
{"target": -21.98131410341925, "params": {"C": 2034.1533386531096, "gamma": 0.20355179251362227}, "datetime": {"datetime": "2021-06-28 16:22:50", "elapsed": 376.984801, "delta": 2.198328}}
{"target": -18.689202822781095, "params": {"C": 1635.6093640786492, "gamma": 0.11514046819815675}, "datetime": {"datetime": "2021-06-28 16:22:52", "elapsed": 379.435569, "delta": 2.450768}}
{"target": -16.854460234844613, "params": {"C": 1038.7198210525394, "gamma": 0.04576408780281363}, "datetime": {"datetime": "2021-06-28 16:22:54", "elapsed": 381.332112, "delta": 1.896543}}
{"target": -19.430925145627732, "params": {"C": 1035.6606806853329, "gamma": 0.13381635876196396}, "datetime": {"datetime": "2021-06-28 16:22:58", "elapsed": 384.888449, "delta": 3.556337}}
{"target": -46.984969638098924, "params": {"C": 7844.710910098343, "gamma": 5.146370522768886}, "datetime": {"datetime": "2021-06-28 16:22:59", "elapsed": 386.518915, "delta": 1.630466}}
{"target": -23.73179802837351, "params": {"C": 2033.3714020227737, "gamma": 0.2801842596791785}, "datetime": {"datetime": "2021-06-28 16:23:02", "elapsed": 389.587194, "delta": 3.068279}}
{"target": -23.135982371145346, "params": {"C": 1574.6889678576033, "gamma": 0.2610221463520407}, "datetime": {"datetime": "2021-06-28 16:23:06", "elapsed": 393.349389, "delta": 3.762195}}
{"target": -42.25114761790157, "params": {"C": 8446.885806961986, "gamma": 2.4340116294858745}, "datetime": {"datetime": "2021-06-28 16:23:08", "elapsed": 394.81502, "delta": 1.465631}}
{"target": -31.239844726197664, "params": {"C": 3971.39570083822, "gamma": 0.8442239972021276}, "datetime": {"datetime": "2021-06-28 16:23:10", "elapsed": 397.183557, "delta": 2.368537}}
{"target": -24.528148192721495, "params": {"C": 1107.9697032775225, "gamma": 0.34764371794860716}, "datetime": {"datetime": "2021-06-28 16:23:12", "elapsed": 399.173943, "delta": 1.990386}}
{"target": -20.929475499188328, "params": {"C": 1581.6319480336324, "gamma": 0.1756299124664629}, "datetime": {"datetime": "2021-06-28 16:23:14", "elapsed": 401.443926, "delta": 2.269983}}
{"target": -42.37510982221547, "params": {"C": 719.3137813909957, "gamma": 3.986854306239767}, "datetime": {"datetime": "2021-06-28 16:23:16", "elapsed": 402.934959, "delta": 1.491033}}
{"target": -28.44401789597888, "params": {"C": 2033.497346301784, "gamma": 0.6334588310064404}, "datetime": {"datetime": "2021-06-28 16:23:18", "elapsed": 404.761405, "delta": 1.826446}}
{"target": -41.78405951540646, "params": {"C": 9913.534293157423, "gamma": 2.275966988140227}, "datetime": {"datetime": "2021-06-28 16:23:19", "elapsed": 406.078571, "delta": 1.317166}}
{"target": -18.157226519247395, "params": {"C": 1582.004846870045, "gamma": 0.10217003878115652}, "datetime": {"datetime": "2021-06-28 16:23:20", "elapsed": 407.647694, "delta": 1.569123}}
{"target": -16.85981617465016, "params": {"C": 1033.7129368268807, "gamma": 0.044567461684640645}, "datetime": {"datetime": "2021-06-28 16:23:22", "elapsed": 409.316879, "delta": 1.669185}}
{"target": -42.486409533278156, "params": {"C": 267.42848437473424, "gamma": 7.739746436028874}, "datetime": {"datetime": "2021-06-28 16:23:23", "elapsed": 410.610385, "delta": 1.293506}}
{"target": -16.93121696795549, "params": {"C": 1583.2208462266944, "gamma": 0.025392915508037316}, "datetime": {"datetime": "2021-06-28 16:23:26", "elapsed": 412.753705, "delta": 2.14332}}
{"target": -18.318739559522456, "params": {"C": 1038.6028826511313, "gamma": 0.10370887300950543}, "datetime": {"datetime": "2021-06-28 16:23:27", "elapsed": 414.506752, "delta": 1.753047}}
{"target": -16.582601636242494, "params": {"C": 2842.9814173995237, "gamma": 0.05160973480326474}, "datetime": {"datetime": "2021-06-28 16:46:59", "elapsed": 0.0, "delta": 0.0}}
{"target": -16.713088001411375, "params": {"C": 1300.4231868241761, "gamma": 0.03906997717895519}, "datetime": {"datetime": "2021-06-28 16:46:59", "elapsed": 0.200599, "delta": 0.200599}}
{"target": -16.62168244895614, "params": {"C": 1842.9967960233182, "gamma": 0.03277015784306393}, "datetime": {"datetime": "2021-06-28 16:46:59", "elapsed": 0.420474, "delta": 0.219875}}
{"target": -16.51044100395377, "params": {"C": 1989.1627820973822, "gamma": 0.040366821811291434}, "datetime": {"datetime": "2021-06-28 16:47:00", "elapsed": 0.626471, "delta": 0.205997}}
{"target": -16.51319153065498, "params": {"C": 2768.0396546534785, "gamma": 0.04616450202010071}, "datetime": {"datetime": "2021-06-28 16:47:00", "elapsed": 0.847746, "delta": 0.221275}}
{"target": -16.693058088789613, "params": {"C": 5000.0, "gamma": 0.03}, "datetime": {"datetime": "2021-06-28 16:47:00", "elapsed": 1.295749, "delta": 0.448003}}
{"target": -16.594468477909864, "params": {"C": 4200.15043118333, "gamma": 0.03607330036158903}, "datetime": {"datetime": "2021-06-28 16:47:01", "elapsed": 1.911955, "delta": 0.616206}}
{"target": -16.50870520216258, "params": {"C": 1986.1505332961574, "gamma": 0.044263896370892064}, "datetime": {"datetime": "2021-06-28 16:47:01", "elapsed": 2.227643, "delta": 0.315688}}
{"target": -16.577237922194392, "params": {"C": 2385.54763779327, "gamma": 0.05285241654676392}, "datetime": {"datetime": "2021-06-28 16:47:02", "elapsed": 2.660911, "delta": 0.433268}}
{"target": -16.64190817970212, "params": {"C": 3652.2268265336966, "gamma": 0.05040005692127324}, "datetime": {"datetime": "2021-06-28 16:47:02", "elapsed": 3.429915, "delta": 0.769004}}
{"target": -16.84533738821058, "params": {"C": 4607.1105981410365, "gamma": 0.054983347418088226}, "datetime": {"datetime": "2021-06-28 16:47:03", "elapsed": 4.164573, "delta": 0.734658}}
{"target": -16.645258049153913, "params": {"C": 3927.8352904879885, "gamma": 0.04854597204173595}, "datetime": {"datetime": "2021-06-28 16:47:04", "elapsed": 5.018841, "delta": 0.854268}}
{"target": -16.53092094393263, "params": {"C": 3319.720445018588, "gamma": 0.04317897884334354}, "datetime": {"datetime": "2021-06-28 16:47:05", "elapsed": 5.764737, "delta": 0.745896}}
{"target": -16.54091533366841, "params": {"C": 2593.448172910821, "gamma": 0.03277153843161287}, "datetime": {"datetime": "2021-06-28 16:47:06", "elapsed": 6.572489, "delta": 0.807752}}
{"target": -16.49545813972827, "params": {"C": 2167.454667571444, "gamma": 0.04412144495525606}, "datetime": {"datetime": "2021-06-28 16:47:06", "elapsed": 7.407421, "delta": 0.834932}}
{"target": -16.546154958557484, "params": {"C": 3446.3885473064156, "gamma": 0.03392075529425261}, "datetime": {"datetime": "2021-06-28 16:47:07", "elapsed": 8.223233, "delta": 0.815812}}
{"target": -16.707706593526932, "params": {"C": 2086.5655021757098, "gamma": 0.05992504435804678}, "datetime": {"datetime": "2021-06-28 16:47:08", "elapsed": 8.933269, "delta": 0.710036}}
{"target": -16.67910747256912, "params": {"C": 1548.8838159557974, "gamma": 0.03405881162663321}, "datetime": {"datetime": "2021-06-28 16:47:09", "elapsed": 9.842574, "delta": 0.909305}}
{"target": -16.582115204930346, "params": {"C": 3096.079321145185, "gamma": 0.03}, "datetime": {"datetime": "2021-06-28 16:47:10", "elapsed": 10.650996, "delta": 0.808422}}
{"target": -16.945015096163974, "params": {"C": 4394.273776207084, "gamma": 0.06}, "datetime": {"datetime": "2021-06-28 16:47:10", "elapsed": 11.340881, "delta": 0.689885}}
{"target": -16.729703013124304, "params": {"C": 4817.763772764693, "gamma": 0.04719986744725459}, "datetime": {"datetime": "2021-06-28 16:47:11", "elapsed": 12.110663, "delta": 0.769782}}
{"target": -16.627231357755264, "params": {"C": 4067.83435917562, "gamma": 0.045827135184321056}, "datetime": {"datetime": "2021-06-28 16:47:12", "elapsed": 12.779231, "delta": 0.668568}}
{"target": -16.492951448572406, "params": {"C": 2269.7692243732936, "gamma": 0.03917733662011333}, "datetime": {"datetime": "2021-06-28 16:47:12", "elapsed": 13.35923, "delta": 0.579999}}
{"target": -16.56262409711555, "params": {"C": 1684.7104118594716, "gamma": 0.04036252664969746}, "datetime": {"datetime": "2021-06-28 16:47:13", "elapsed": 14.01923, "delta": 0.66}}
{"target": -16.557922057473426, "params": {"C": 3787.417657957221, "gamma": 0.03638801192328018}, "datetime": {"datetime": "2021-06-28 16:47:14", "elapsed": 14.830363, "delta": 0.811133}}
{"target": -16.79014239559412, "params": {"C": 3205.8816844239186, "gamma": 0.06}, "datetime": {"datetime": "2021-06-28 16:47:14", "elapsed": 15.378362, "delta": 0.547999}}
