{"target": -2.2624525821117643, "params": {"C": 47170.49067037756, "gamma": 0.11006926313065461}, "datetime": {"datetime": "2021-10-04 12:29:11", "elapsed": 0.991378, "delta": 0.311843}}
{"target": -2.5495335753499306, "params": {"C": 19214.27491999134, "gamma": 0.1904827881705899}, "datetime": {"datetime": "2021-10-04 12:29:12", "elapsed": 1.222191, "delta": 0.230813}}
{"target": -1.9151464843150443, "params": {"C": 32222.887007176152, "gamma": 0.058006947337558304}, "datetime": {"datetime": "2021-10-04 12:29:12", "elapsed": 1.47581, "delta": 0.253619}}
{"target": -1.9056530175200768, "params": {"C": 32216.75583032429, "gamma": 0.03266265691186965}, "datetime": {"datetime": "2021-10-04 12:29:12", "elapsed": 1.761057, "delta": 0.285247}}
{"target": -2.0528433968992714, "params": {"C": 19020.466116868116, "gamma": 0.08139897750043111}, "datetime": {"datetime": "2021-10-04 12:29:12", "elapsed": 2.046097, "delta": 0.28504}}
{"target": -2.551498523422479, "params": {"C": 32199.04144018529, "gamma": 0.1833029916442261}, "datetime": {"datetime": "2021-10-04 12:29:13", "elapsed": 2.340457, "delta": 0.29436}}
{"target": -1.9596536975726426, "params": {"C": 29432.88659202031, "gamma": 0.06543159211194138}, "datetime": {"datetime": "2021-10-04 12:29:13", "elapsed": 2.637547, "delta": 0.29709}}
{"target": -2.095360873684703, "params": {"C": 29448.676762242747, "gamma": 0.0894277180274009}, "datetime": {"datetime": "2021-10-04 12:29:13", "elapsed": 2.941958, "delta": 0.304411}}
{"target": -2.180162277305147, "params": {"C": 29407.95362969221, "gamma": 0.10459870343829793}, "datetime": {"datetime": "2021-10-04 12:29:14", "elapsed": 3.227232, "delta": 0.285274}}
{"target": -2.2033434292478407, "params": {"C": 19035.313405049295, "gamma": 0.11050802423504222}, "datetime": {"datetime": "2021-10-04 12:29:14", "elapsed": 3.543749, "delta": 0.316517}}
{"target": -2.0656456492761515, "params": {"C": 29469.39104819123, "gamma": 0.08434837627760637}, "datetime": {"datetime": "2021-10-04 12:29:14", "elapsed": 3.866797, "delta": 0.323048}}
{"target": -2.430007943270073, "params": {"C": 29481.673080058397, "gamma": 0.15326996454017336}, "datetime": {"datetime": "2021-10-04 12:29:14", "elapsed": 4.152041, "delta": 0.285244}}
{"target": -2.1966936580993788, "params": {"C": 19000.55531069378, "gamma": 0.10919271032545134}, "datetime": {"datetime": "2021-10-04 12:29:15", "elapsed": 4.531059, "delta": 0.379018}}
{"target": -2.358952786661221, "params": {"C": 32556.931641408548, "gamma": 0.13632420990291108}, "datetime": {"datetime": "2021-10-04 12:29:15", "elapsed": 4.847492, "delta": 0.316433}}
{"target": -2.048480405929496, "params": {"C": 29458.886991332605, "gamma": 0.08153463177477312}, "datetime": {"datetime": "2021-10-04 12:29:15", "elapsed": 5.132757, "delta": 0.285265}}
{"target": -2.36519175167035, "params": {"C": 30933.425817612762, "gamma": 0.1384003309747359}, "datetime": {"datetime": "2021-10-04 12:29:16", "elapsed": 5.41771, "delta": 0.284953}}
{"target": -2.1532896484443116, "params": {"C": 69907.438695852, "gamma": 0.08298004650628413}, "datetime": {"datetime": "2021-10-04 12:29:16", "elapsed": 5.718634, "delta": 0.300924}}
{"target": -2.514150835416256, "params": {"C": 29427.16527876743, "gamma": 0.17433253694354264}, "datetime": {"datetime": "2021-10-04 12:29:16", "elapsed": 6.03467, "delta": 0.316036}}
{"target": -2.542119532066972, "params": {"C": 19014.312178335273, "gamma": 0.1885220614045209}, "datetime": {"datetime": "2021-10-04 12:29:17", "elapsed": 6.345764, "delta": 0.311094}}
{"target": -2.190415477827013, "params": {"C": 32213.445374695413, "gamma": 0.1049222599720744}, "datetime": {"datetime": "2021-10-04 12:29:17", "elapsed": 6.673258, "delta": 0.327494}}
{"target": -2.0964497862035643, "params": {"C": 32218.787213463125, "gamma": 0.08841041315365332}, "datetime": {"datetime": "2021-10-04 12:29:17", "elapsed": 6.98977, "delta": 0.316512}}
{"target": -2.1264252814940914, "params": {"C": 29434.75440390703, "gamma": 0.0951490158705121}, "datetime": {"datetime": "2021-10-04 12:29:18", "elapsed": 7.290687, "delta": 0.300917}}
{"target": -2.4398153906065247, "params": {"C": 29461.537486185352, "gamma": 0.15555812768552263}, "datetime": {"datetime": "2021-10-04 12:29:18", "elapsed": 7.575936, "delta": 0.285249}}
{"target": -2.1666693777335158, "params": {"C": 29445.95370883314, "gamma": 0.10218889103873117}, "datetime": {"datetime": "2021-10-04 12:29:18", "elapsed": 7.923707, "delta": 0.347771}}
{"target": -2.496815296948269, "params": {"C": 29417.40168437738, "gamma": 0.16968235539201348}, "datetime": {"datetime": "2021-10-04 12:29:19", "elapsed": 8.224629, "delta": 0.300922}}
{"target": -2.5438604572484222, "params": {"C": 32215.411681836384, "gamma": 0.18103124385171893}, "datetime": {"datetime": "2021-10-04 12:29:19", "elapsed": 8.556784, "delta": 0.332155}}
{"target": -2.4309160111491357, "params": {"C": 29469.21256490551, "gamma": 0.1534859864811605}, "datetime": {"datetime": "2021-10-04 12:29:19", "elapsed": 8.864207, "delta": 0.307423}}
{"target": -1.8724735454758683, "params": {"C": 81504.03127731103, "gamma": 0.030762310675573303}, "datetime": {"datetime": "2021-10-04 12:29:19", "elapsed": 9.180738, "delta": 0.316531}}
{"target": -2.3335055978593893, "params": {"C": 20646.76126730249, "gamma": 0.010385013665269373}, "datetime": {"datetime": "2021-10-04 12:29:20", "elapsed": 9.509287, "delta": 0.328549}}
{"target": -2.044978266668994, "params": {"C": 23422.688156704837, "gamma": 0.08098792944460657}, "datetime": {"datetime": "2021-10-04 12:29:20", "elapsed": 9.8258, "delta": 0.316513}}
{"target": -2.003520342207483, "params": {"C": 71445.05659200928, "gamma": 0.06313707250766368}, "datetime": {"datetime": "2021-10-04 12:29:20", "elapsed": 10.195785, "delta": 0.369985}}
{"target": -2.633548406157011, "params": {"C": 66276.77990114593, "gamma": 0.18942863618214556}, "datetime": {"datetime": "2021-10-04 12:29:21", "elapsed": 10.580989, "delta": 0.385204}}
{"target": -2.5350099780957165, "params": {"C": 34790.62425919145, "gamma": 0.17686303757717095}, "datetime": {"datetime": "2021-10-04 12:29:21", "elapsed": 10.950614, "delta": 0.369625}}
{"target": -2.315028776114909, "params": {"C": 25031.725067806674, "gamma": 0.13131111332663642}, "datetime": {"datetime": "2021-10-04 12:29:22", "elapsed": 11.282811, "delta": 0.332197}}
{"target": -2.2651011142093207, "params": {"C": 82561.11638208071, "gamma": 0.09672569453100996}, "datetime": {"datetime": "2021-10-04 12:29:22", "elapsed": 11.652793, "delta": 0.369982}}
{"target": -2.553866456721534, "params": {"C": 49684.11363570993, "gamma": 0.17376888537422394}, "datetime": {"datetime": "2021-10-04 12:29:22", "elapsed": 12.031843, "delta": 0.37905}}
{"target": -1.9683964646332577, "params": {"C": 20981.044168655033, "gamma": 0.03194999005419243}, "datetime": {"datetime": "2021-10-04 12:29:23", "elapsed": 12.348334, "delta": 0.316491}}
{"target": -2.253843200350749, "params": {"C": 84743.5366924919, "gamma": 0.09403836893505393}, "datetime": {"datetime": "2021-10-04 12:29:23", "elapsed": 12.69358, "delta": 0.345246}}
{"target": -2.5865066013750573, "params": {"C": 81645.27595358583, "gamma": 0.16885269427784658}, "datetime": {"datetime": "2021-10-04 12:29:23", "elapsed": 13.047909, "delta": 0.354329}}
{"target": -2.5354755563821887, "params": {"C": 62395.08597176386, "gamma": 0.16275819528859015}, "datetime": {"datetime": "2021-10-04 12:29:24", "elapsed": 13.380076, "delta": 0.332167}}
{"target": -2.18825508519906, "params": {"C": 23446.925476920253, "gamma": 0.10784425015860881}, "datetime": {"datetime": "2021-10-04 12:29:24", "elapsed": 13.743498, "delta": 0.363422}}
{"target": -2.3536914508429185, "params": {"C": 43372.74104202589, "gamma": 0.12966043716514472}, "datetime": {"datetime": "2021-10-04 12:29:24", "elapsed": 14.097799, "delta": 0.354301}}
{"target": -1.928768692565472, "params": {"C": 70632.44955591677, "gamma": 0.05208634259938703}, "datetime": {"datetime": "2021-10-04 12:29:25", "elapsed": 14.452101, "delta": 0.354302}}
{"target": -2.5847142024776146, "params": {"C": 72355.66102651511, "gamma": 0.1724591548246132}, "datetime": {"datetime": "2021-10-04 12:29:25", "elapsed": 14.81516, "delta": 0.363059}}
{"target": -2.349515143657781, "params": {"C": 30264.665844726278, "gamma": 0.1355966954043328}, "datetime": {"datetime": "2021-10-04 12:29:25", "elapsed": 15.201374, "delta": 0.386214}}
{"target": -2.621358372242011, "params": {"C": 39772.67243277654, "gamma": 0.19957262138957166}, "datetime": {"datetime": "2021-10-04 12:29:26", "elapsed": 15.570343, "delta": 0.368969}}
{"target": -2.187166635715037, "params": {"C": 87034.98326188565, "gamma": 0.08300702150556678}, "datetime": {"datetime": "2021-10-04 12:29:26", "elapsed": 15.949374, "delta": 0.379031}}
{"target": -2.5083395117352887, "params": {"C": 28320.74264078377, "gamma": 0.17347111261641163}, "datetime": {"datetime": "2021-10-04 12:29:27", "elapsed": 16.313743, "delta": 0.364369}}
{"target": -2.2599523956291514, "params": {"C": 67919.00650136336, "gamma": 0.008217202714005976}, "datetime": {"datetime": "2021-10-04 12:29:27", "elapsed": 16.688768, "delta": 0.375025}}
{"target": -2.6461063707697186, "params": {"C": 66858.49892586222, "gamma": 0.19292712557280897}, "datetime": {"datetime": "2021-10-04 12:29:27", "elapsed": 17.105578, "delta": 0.41681}}
{"target": -1.8734261480953867, "params": {"C": 32773.08243102283, "gamma": 0.04132787950220895}, "datetime": {"datetime": "2021-10-04 12:29:28", "elapsed": 17.506849, "delta": 0.401271}}
{"target": -2.025057523469163, "params": {"C": 58918.28093349022, "gamma": 0.0689485227889407}, "datetime": {"datetime": "2021-10-04 12:29:28", "elapsed": 17.908044, "delta": 0.401195}}
{"target": -1.8978739836951217, "params": {"C": 74132.99132862568, "gamma": 0.04326807527527066}, "datetime": {"datetime": "2021-10-04 12:29:29", "elapsed": 18.29361, "delta": 0.385566}}
{"target": -2.5090410906597147, "params": {"C": 86443.0508397141, "gamma": 0.14549685466993473}, "datetime": {"datetime": "2021-10-04 12:29:29", "elapsed": 18.725761, "delta": 0.432151}}
{"target": -2.3144660497123404, "params": {"C": 39477.17836169175, "gamma": 0.12418714811690665}, "datetime": {"datetime": "2021-10-04 12:29:29", "elapsed": 19.095673, "delta": 0.369912}}
{"target": -1.9364597950897549, "params": {"C": 72177.33230445834, "gamma": 0.05303863445710755}, "datetime": {"datetime": "2021-10-04 12:29:30", "elapsed": 19.51249, "delta": 0.416817}}
{"target": -2.590201714086408, "params": {"C": 39507.14248583012, "gamma": 0.1902666443438086}, "datetime": {"datetime": "2021-10-04 12:29:30", "elapsed": 19.91365, "delta": 0.40116}}
{"target": -1.8957070000248062, "params": {"C": 34795.809332578414, "gamma": 0.05419490837309201}, "datetime": {"datetime": "2021-10-04 12:29:31", "elapsed": 20.345795, "delta": 0.432145}}
{"target": -2.4493817630143155, "params": {"C": 73467.87155716689, "gamma": 0.13626587796780287}, "datetime": {"datetime": "2021-10-04 12:29:31", "elapsed": 20.784457, "delta": 0.438662}}
{"target": -2.360737003259775, "params": {"C": 37259.95209930786, "gamma": 0.1345077029114983}, "datetime": {"datetime": "2021-10-04 12:29:32", "elapsed": 21.232511, "delta": 0.448054}}
{"target": -1.8705224435352015, "params": {"C": 72256.37697980851, "gamma": 0.03672878651858811}, "datetime": {"datetime": "2021-10-04 12:29:32", "elapsed": 21.671147, "delta": 0.438636}}
{"target": -2.2516234519330687, "params": {"C": 65755.02967424324, "gamma": 0.10060191808899921}, "datetime": {"datetime": "2021-10-04 12:29:32", "elapsed": 22.134847, "delta": 0.4637}}
{"target": -1.902675139431308, "params": {"C": 68413.07520215886, "gamma": 0.04665054281082558}, "datetime": {"datetime": "2021-10-04 12:29:33", "elapsed": 22.567284, "delta": 0.432437}}
{"target": -1.863481131878573, "params": {"C": 51308.73876170029, "gamma": 0.03611193804858831}, "datetime": {"datetime": "2021-10-04 12:29:33", "elapsed": 22.974728, "delta": 0.407444}}
{"target": -1.8860752847827802, "params": {"C": 38505.87014920552, "gamma": 0.03347061622221884}, "datetime": {"datetime": "2021-10-04 12:29:34", "elapsed": 23.476209, "delta": 0.501481}}
{"target": -2.1605486480496037, "params": {"C": 23223.74994896723, "gamma": 0.10251793583252329}, "datetime": {"datetime": "2021-10-04 12:29:34", "elapsed": 23.923897, "delta": 0.447688}}
{"target": -2.1597006951295845, "params": {"C": 34140.678630686176, "gamma": 0.09878202215689764}, "datetime": {"datetime": "2021-10-04 12:29:35", "elapsed": 24.394131, "delta": 0.470234}}
{"target": -2.62091109065044, "params": {"C": 82941.68743439653, "gamma": 0.1787555480825455}, "datetime": {"datetime": "2021-10-04 12:29:35", "elapsed": 24.81006, "delta": 0.415929}}
{"target": -2.3003727252441903, "params": {"C": 46339.19862872729, "gamma": 0.007726311326211972}, "datetime": {"datetime": "2021-10-04 12:29:36", "elapsed": 25.247645, "delta": 0.437585}}
{"target": -2.4730412443471153, "params": {"C": 62371.12555045193, "gamma": 0.14626376587813414}, "datetime": {"datetime": "2021-10-04 12:29:36", "elapsed": 25.747981, "delta": 0.500336}}
{"target": -2.329142441852521, "params": {"C": 79441.02176000003, "gamma": 0.10901073028363638}, "datetime": {"datetime": "2021-10-04 12:29:36", "elapsed": 26.159767, "delta": 0.411786}}
{"target": -2.4438349930094763, "params": {"C": 37667.40916200612, "gamma": 0.1521061720488815}, "datetime": {"datetime": "2021-10-04 12:29:37", "elapsed": 26.67489, "delta": 0.515123}}
{"target": -2.022083832918649, "params": {"C": 38390.99131754452, "gamma": 0.07447354368486486}, "datetime": {"datetime": "2021-10-04 12:29:37", "elapsed": 27.174894, "delta": 0.500004}}
{"target": -2.523374817425776, "params": {"C": 34841.22795047129, "gamma": 0.17358807208662194}, "datetime": {"datetime": "2021-10-04 12:29:38", "elapsed": 27.645508, "delta": 0.470614}}
{"target": -2.258276863472808, "params": {"C": 44062.47904545964, "gamma": 0.11083728917300434}, "datetime": {"datetime": "2021-10-04 12:29:39", "elapsed": 28.227758, "delta": 0.58225}}
{"target": -2.2676207380124977, "params": {"C": 27803.749923657248, "gamma": 0.12117495599728843}, "datetime": {"datetime": "2021-10-04 12:29:39", "elapsed": 28.702707, "delta": 0.474949}}
{"target": -2.385515836410498, "params": {"C": 29566.539752137265, "gamma": 0.14336270194175063}, "datetime": {"datetime": "2021-10-04 12:29:40", "elapsed": 29.293065, "delta": 0.590358}}
{"target": -2.119264127296722, "params": {"C": 72484.71555781584, "gamma": 0.013363912348995945}, "datetime": {"datetime": "2021-10-04 12:29:40", "elapsed": 29.811494, "delta": 0.518429}}
{"target": -2.5341995908659145, "params": {"C": 75974.26805071232, "gamma": 0.15604478949954287}, "datetime": {"datetime": "2021-10-04 12:29:41", "elapsed": 30.29126, "delta": 0.479766}}
{"target": -2.300526604165926, "params": {"C": 67334.11767900735, "gamma": 0.10815180210573114}, "datetime": {"datetime": "2021-10-04 12:29:41", "elapsed": 30.784701, "delta": 0.493441}}
{"target": -2.6740963144843994, "params": {"C": 77854.49739549463, "gamma": 0.19707929801778756}, "datetime": {"datetime": "2021-10-04 12:29:42", "elapsed": 31.280031, "delta": 0.49533}}
{"target": -2.623081579871236, "params": {"C": 74515.78276439285, "gamma": 0.18279486925908073}, "datetime": {"datetime": "2021-10-04 12:29:42", "elapsed": 31.835278, "delta": 0.555247}}
{"target": -2.4069898187127627, "params": {"C": 66926.42950771406, "gamma": 0.12971178366667904}, "datetime": {"datetime": "2021-10-04 12:29:43", "elapsed": 32.343074, "delta": 0.507796}}
{"target": -1.9109113470756283, "params": {"C": 48368.68722738106, "gamma": 0.05530668143488044}, "datetime": {"datetime": "2021-10-04 12:29:43", "elapsed": 32.895107, "delta": 0.552033}}
{"target": -2.331625518848789, "params": {"C": 63087.89437306329, "gamma": 0.11563677490054068}, "datetime": {"datetime": "2021-10-04 12:29:44", "elapsed": 33.415041, "delta": 0.519934}}
{"target": -2.227067963158413, "params": {"C": 68910.68589404615, "gamma": 0.09524490939482223}, "datetime": {"datetime": "2021-10-04 12:29:44", "elapsed": 33.889185, "delta": 0.474144}}
{"target": -2.0666820573538316, "params": {"C": 79939.11500866886, "gamma": 0.015087210371642353}, "datetime": {"datetime": "2021-10-04 12:29:45", "elapsed": 34.405571, "delta": 0.516386}}
{"target": -2.2293119783029325, "params": {"C": 20105.650247352984, "gamma": 0.015044404152669895}, "datetime": {"datetime": "2021-10-04 12:29:45", "elapsed": 34.936736, "delta": 0.531165}}
{"target": -2.0065601805060966, "params": {"C": 66348.46913155209, "gamma": 0.01890505924562461}, "datetime": {"datetime": "2021-10-04 12:29:46", "elapsed": 35.496032, "delta": 0.559296}}
{"target": -2.3847851107768974, "params": {"C": 68311.46540401893, "gamma": 0.12445957509292065}, "datetime": {"datetime": "2021-10-04 12:29:47", "elapsed": 36.224115, "delta": 0.728083}}
{"target": -2.414948056584499, "params": {"C": 83920.17877876283, "gamma": 0.12492995080185952}, "datetime": {"datetime": "2021-10-04 12:29:47", "elapsed": 36.842017, "delta": 0.617902}}
{"target": -2.0119396570132198, "params": {"C": 25085.50268960456, "gamma": 0.07461015200709144}, "datetime": {"datetime": "2021-10-04 12:29:48", "elapsed": 37.416512, "delta": 0.574495}}
{"target": -1.8961615768747824, "params": {"C": 27816.941796285795, "gamma": 0.05129021982940965}, "datetime": {"datetime": "2021-10-04 12:29:48", "elapsed": 37.981879, "delta": 0.565367}}
{"target": -1.9129591947569546, "params": {"C": 62408.20269549419, "gamma": 0.05141676591399822}, "datetime": {"datetime": "2021-10-04 12:29:49", "elapsed": 38.628508, "delta": 0.646629}}
{"target": -2.3936409486503663, "params": {"C": 44696.504106064356, "gamma": 0.13721119480351546}, "datetime": {"datetime": "2021-10-04 12:29:49", "elapsed": 39.182667, "delta": 0.554159}}
{"target": -2.2967218166192036, "params": {"C": 19527.745676838193, "gamma": 0.12903981195897987}, "datetime": {"datetime": "2021-10-04 12:29:50", "elapsed": 39.752141, "delta": 0.569474}}
{"target": -2.176435535143702, "params": {"C": 35424.54397095912, "gamma": 0.10092118050569808}, "datetime": {"datetime": "2021-10-04 12:29:51", "elapsed": 40.452569, "delta": 0.700428}}
{"target": -1.883070879062999, "params": {"C": 89162.69901117249, "gamma": 0.03588217784624205}, "datetime": {"datetime": "2021-10-04 12:29:51", "elapsed": 41.098583, "delta": 0.646014}}
{"target": -1.9760233052712386, "params": {"C": 67283.14888421749, "gamma": 0.02065363369674545}, "datetime": {"datetime": "2021-10-04 12:29:52", "elapsed": 41.69015, "delta": 0.591567}}
{"target": -2.324043975740516, "params": {"C": 40372.72325307943, "gamma": 0.12550270044020861}, "datetime": {"datetime": "2021-10-04 12:29:53", "elapsed": 42.33472, "delta": 0.64457}}
{"target": -2.2044782838579393, "params": {"C": 33065.80587754306, "gamma": 0.10693987009194154}, "datetime": {"datetime": "2021-10-04 12:29:53", "elapsed": 43.070289, "delta": 0.735569}}
{"target": -2.263602881115315, "params": {"C": 81924.32164494481, "gamma": 0.0966832633684581}, "datetime": {"datetime": "2021-10-04 12:29:54", "elapsed": 43.677095, "delta": 0.606806}}
{"target": -1.9996684403830247, "params": {"C": 33127.895283325015, "gamma": 0.023498910920741006}, "datetime": {"datetime": "2021-10-04 12:29:55", "elapsed": 44.35655, "delta": 0.679455}}
{"target": -1.9832566766387973, "params": {"C": 38274.452641019365, "gamma": 0.0682803279383498}, "datetime": {"datetime": "2021-10-04 12:29:55", "elapsed": 44.9336, "delta": 0.57705}}
{"target": -2.3371167598453453, "params": {"C": 70857.88707300776, "gamma": 0.11353713532433299}, "datetime": {"datetime": "2021-10-04 12:29:56", "elapsed": 45.453193, "delta": 0.519593}}
{"target": -1.8872884425838674, "params": {"C": 78373.51543867789, "gamma": 0.03967570115105617}, "datetime": {"datetime": "2021-10-04 12:29:56", "elapsed": 46.066198, "delta": 0.613005}}
{"target": -2.29616580732674, "params": {"C": 75015.09703761904, "gamma": 0.10469794404761906}, "datetime": {"datetime": "2021-10-04 12:29:57", "elapsed": 46.682954, "delta": 0.616756}}
{"target": -2.5004918045536613, "params": {"C": 23238.46253592246, "gamma": 0.1748402427521114}, "datetime": {"datetime": "2021-10-04 12:29:58", "elapsed": 47.332656, "delta": 0.649702}}
{"target": -2.1877719966998916, "params": {"C": 22350.45270091293, "gamma": 0.01612706974781032}, "datetime": {"datetime": "2021-10-04 12:29:58", "elapsed": 48.09633, "delta": 0.763674}}
{"target": -2.606526426064648, "params": {"C": 75783.34749038066, "gamma": 0.17726761337173455}, "datetime": {"datetime": "2021-10-04 12:29:59", "elapsed": 48.695406, "delta": 0.599076}}
{"target": -2.312470843634343, "params": {"C": 44783.977913206865, "gamma": 0.007512725900160056}, "datetime": {"datetime": "2021-10-04 12:30:00", "elapsed": 49.452941, "delta": 0.757535}}
{"target": -2.5414737659313205, "params": {"C": 65520.21822614591, "gamma": 0.16291793203839156}, "datetime": {"datetime": "2021-10-04 12:30:00", "elapsed": 50.043294, "delta": 0.590353}}
{"target": -2.386691091197632, "params": {"C": 68328.37511090559, "gamma": 0.12488028976182947}, "datetime": {"datetime": "2021-10-04 12:30:01", "elapsed": 50.589601, "delta": 0.546307}}
{"target": -1.9165858327639165, "params": {"C": 84139.82073653408, "gamma": 0.023533219353272017}, "datetime": {"datetime": "2021-10-04 12:30:01", "elapsed": 51.133627, "delta": 0.544026}}
{"target": -1.9391177339488375, "params": {"C": 27781.940301855582, "gamma": 0.030624663728885598}, "datetime": {"datetime": "2021-10-04 12:30:02", "elapsed": 51.762813, "delta": 0.629186}}
{"target": -2.1137197244234702, "params": {"C": 37269.74162959697, "gamma": 0.016478754622153625}, "datetime": {"datetime": "2021-10-04 12:30:03", "elapsed": 52.34215, "delta": 0.579337}}
{"target": -2.060916249725507, "params": {"C": 37469.47330749016, "gamma": 0.0806574534664006}, "datetime": {"datetime": "2021-10-04 12:30:03", "elapsed": 52.956892, "delta": 0.614742}}
