{"target": 0.8692330554611201, "params": {"C": 423697.4301659898, "gamma": 0.03914046005592317}, "datetime": {"datetime": "2021-10-01 02:04:22", "elapsed": 111.79169, "delta": 1.114116}}
{"target": 0.902838426414829, "params": {"C": 120701.53539870997, "gamma": 0.04882490579251639}, "datetime": {"datetime": "2021-10-01 02:04:24", "elapsed": 113.237765, "delta": 1.446075}}
{"target": 0.8827028978693535, "params": {"C": 142547.69128312578, "gamma": 0.1836723136292151}, "datetime": {"datetime": "2021-10-01 02:04:25", "elapsed": 114.289969, "delta": 1.052204}}
{"target": 0.880926210259393, "params": {"C": 124554.37286463333, "gamma": 0.1938188909097418}, "datetime": {"datetime": "2021-10-01 02:04:26", "elapsed": 115.836114, "delta": 1.546145}}
{"target": 0.8648516196843046, "params": {"C": 467231.2896505828, "gamma": 0.04310573435777591}, "datetime": {"datetime": "2021-10-01 02:04:27", "elapsed": 117.222864, "delta": 1.38675}}
{"target": 0.85399704049385, "params": {"C": 184872.15917217586, "gamma": 0.01810562664340145}, "datetime": {"datetime": "2021-10-01 02:04:29", "elapsed": 118.367552, "delta": 1.144688}}
{"target": 0.8759280667649544, "params": {"C": 394014.25232156523, "gamma": 0.1856137741689551}, "datetime": {"datetime": "2021-10-01 02:04:30", "elapsed": 119.449553, "delta": 1.082001}}
{"target": 0.8891854686287586, "params": {"C": 239194.1300707017, "gamma": 0.04700854154215813}, "datetime": {"datetime": "2021-10-01 02:04:31", "elapsed": 120.762641, "delta": 1.313088}}
{"target": 0.8715258062640636, "params": {"C": 414768.10115581227, "gamma": 0.0911153369486175}, "datetime": {"datetime": "2021-10-01 02:04:32", "elapsed": 121.767638, "delta": 1.004997}}
{"target": 0.8611013614413713, "params": {"C": 491930.67828945396, "gamma": 0.05040719243975546}, "datetime": {"datetime": "2021-10-01 02:04:33", "elapsed": 122.79464, "delta": 1.027002}}
{"target": 0.8795194365823603, "params": {"C": 458119.87219966727, "gamma": 0.14674026450702765}, "datetime": {"datetime": "2021-10-01 02:04:34", "elapsed": 123.85164, "delta": 1.057}}
{"target": 0.8432603810941829, "params": {"C": 239194.08124642447, "gamma": 0.011134729814141788}, "datetime": {"datetime": "2021-10-01 02:04:35", "elapsed": 125.209611, "delta": 1.357971}}
{"target": 0.8959243848511838, "params": {"C": 96087.51343658636, "gamma": 0.03845834495442067}, "datetime": {"datetime": "2021-10-01 02:04:37", "elapsed": 126.5035, "delta": 1.293889}}
{"target": 0.8791065337800443, "params": {"C": 153400.70626744657, "gamma": 0.19803077670347824}, "datetime": {"datetime": "2021-10-01 02:04:38", "elapsed": 127.6755, "delta": 1.172}}
{"target": 0.8767314003622331, "params": {"C": 443821.9004266983, "gamma": 0.11597106421401}, "datetime": {"datetime": "2021-10-01 02:04:40", "elapsed": 129.238641, "delta": 1.563141}}
{"target": 0.8728410670065935, "params": {"C": 462551.7801813513, "gamma": 0.1034842936089777}, "datetime": {"datetime": "2021-10-01 02:04:41", "elapsed": 130.346158, "delta": 1.107517}}
{"target": 0.8869243809750706, "params": {"C": 218598.98192722243, "gamma": 0.0806277927426964}, "datetime": {"datetime": "2021-10-01 02:04:42", "elapsed": 131.360159, "delta": 1.014001}}
{"target": 0.8743975452130643, "params": {"C": 338997.8504078994, "gamma": 0.07409710429929907}, "datetime": {"datetime": "2021-10-01 02:04:43", "elapsed": 132.678235, "delta": 1.318076}}
{"target": 0.8986597395313272, "params": {"C": 67509.80608362734, "gamma": 0.12475821427208492}, "datetime": {"datetime": "2021-10-01 02:04:44", "elapsed": 133.782234, "delta": 1.103999}}
{"target": 0.8778334882309041, "params": {"C": 299422.6352164895, "gamma": 0.033328761943268205}, "datetime": {"datetime": "2021-10-01 02:04:45", "elapsed": 134.939229, "delta": 1.156995}}
{"target": 0.8388882201162695, "params": {"C": 366796.514947477, "gamma": 0.01421615844657545}, "datetime": {"datetime": "2021-10-01 02:04:47", "elapsed": 136.458793, "delta": 1.519564}}
{"target": 0.8887369999314715, "params": {"C": 210395.8565229173, "gamma": 0.07413249146399394}, "datetime": {"datetime": "2021-10-01 02:04:48", "elapsed": 138.035183, "delta": 1.57639}}
{"target": 0.8870301656883015, "params": {"C": 143896.2429101772, "gamma": 0.16008069952544443}, "datetime": {"datetime": "2021-10-01 02:04:50", "elapsed": 139.26909, "delta": 1.233907}}
{"target": 0.8790569226796026, "params": {"C": 284919.47082535434, "gamma": 0.03338711042598583}, "datetime": {"datetime": "2021-10-01 02:04:51", "elapsed": 140.571725, "delta": 1.302635}}
{"target": 0.889729176932442, "params": {"C": 145260.0016625633, "gamma": 0.1389221245400879}, "datetime": {"datetime": "2021-10-01 02:04:52", "elapsed": 141.676724, "delta": 1.104999}}
{"target": 0.8675419632392974, "params": {"C": 421455.9657264477, "gamma": 0.053324594659464965}, "datetime": {"datetime": "2021-10-01 02:04:53", "elapsed": 143.016609, "delta": 1.339885}}
{"target": 0.8500970429620017, "params": {"C": 278732.1374714861, "gamma": 0.01785592397293354}, "datetime": {"datetime": "2021-10-01 02:04:55", "elapsed": 144.723829, "delta": 1.70722}}
{"target": 0.8406266432192002, "params": {"C": 334538.0972802105, "gamma": 0.014472389641944503}, "datetime": {"datetime": "2021-10-01 02:04:56", "elapsed": 146.112355, "delta": 1.388526}}
{"target": 0.8592101529166075, "params": {"C": 376005.6748500302, "gamma": 0.023668476236668536}, "datetime": {"datetime": "2021-10-01 02:04:58", "elapsed": 147.714853, "delta": 1.602498}}
{"target": 0.8767754320153901, "params": {"C": 243946.64757767657, "gamma": 0.1974799797599052}, "datetime": {"datetime": "2021-10-01 02:04:59", "elapsed": 149.021167, "delta": 1.306314}}
{"target": 0.8868371781088701, "params": {"C": 218240.03331742628, "gamma": 0.0360339214384786}, "datetime": {"datetime": "2021-10-01 02:05:01", "elapsed": 150.353651, "delta": 1.332484}}
{"target": 0.9067028057405707, "params": {"C": 101768.48389779666, "gamma": 0.059618892527412495}, "datetime": {"datetime": "2021-10-01 02:05:02", "elapsed": 151.556462, "delta": 1.202811}}
{"target": 0.8950761739193237, "params": {"C": 95485.55852838716, "gamma": 0.03780019761803289}, "datetime": {"datetime": "2021-10-01 02:05:03", "elapsed": 153.151112, "delta": 1.59465}}
{"target": 0.8719509904951264, "params": {"C": 370003.5379672878, "gamma": 0.05948892250994639}, "datetime": {"datetime": "2021-10-01 02:05:05", "elapsed": 155.065759, "delta": 1.914647}}
{"target": 0.8841408809058509, "params": {"C": 167025.92628961138, "gamma": 0.03147122552426395}, "datetime": {"datetime": "2021-10-01 02:05:07", "elapsed": 156.805253, "delta": 1.739494}}
{"target": 0.8715774350542951, "params": {"C": 367870.47119168105, "gamma": 0.0666447976876996}, "datetime": {"datetime": "2021-10-01 02:05:08", "elapsed": 158.173256, "delta": 1.368003}}
{"target": 0.83994922442856, "params": {"C": 413871.70105719764, "gamma": 0.01568300629397417}, "datetime": {"datetime": "2021-10-01 02:05:10", "elapsed": 159.623819, "delta": 1.450563}}
{"target": 0.871489339303699, "params": {"C": 456437.94172451564, "gamma": 0.09820164173422273}, "datetime": {"datetime": "2021-10-01 02:05:11", "elapsed": 161.128967, "delta": 1.505148}}
{"target": 0.8843750241496445, "params": {"C": 246368.1150568046, "gamma": 0.10718684846146859}, "datetime": {"datetime": "2021-10-01 02:05:13", "elapsed": 162.930855, "delta": 1.801888}}
{"target": 0.8313701749749272, "params": {"C": 482520.69513094804, "gamma": 0.011358661401868038}, "datetime": {"datetime": "2021-10-01 02:05:15", "elapsed": 164.639775, "delta": 1.70892}}
{"target": 0.8799161737738691, "params": {"C": 122948.09423230065, "gamma": 0.19820843194066187}, "datetime": {"datetime": "2021-10-01 02:05:17", "elapsed": 166.534944, "delta": 1.895169}}
{"target": 0.8728362195272247, "params": {"C": 354573.87272488786, "gamma": 0.0694701632109527}, "datetime": {"datetime": "2021-10-01 02:05:19", "elapsed": 168.480859, "delta": 1.945915}}
{"target": 0.8433498739546111, "params": {"C": 265912.2643828348, "gamma": 0.01432383774610908}, "datetime": {"datetime": "2021-10-01 02:05:22", "elapsed": 171.368788, "delta": 2.887929}}
{"target": 0.8847790203777552, "params": {"C": 202237.20102937837, "gamma": 0.16237716346761577}, "datetime": {"datetime": "2021-10-01 02:05:23", "elapsed": 172.484603, "delta": 1.115815}}
{"target": 0.8779577893547637, "params": {"C": 416953.0079423953, "gamma": 0.17237601016191126}, "datetime": {"datetime": "2021-10-01 02:05:24", "elapsed": 173.4686, "delta": 0.983997}}
{"target": 0.8842074561219699, "params": {"C": 119748.5642392762, "gamma": 0.17976904281715525}, "datetime": {"datetime": "2021-10-01 02:05:25", "elapsed": 174.398881, "delta": 0.930281}}
{"target": 0.8726551445954484, "params": {"C": 311948.5920629202, "gamma": 0.029531338422348726}, "datetime": {"datetime": "2021-10-01 02:05:26", "elapsed": 175.42234, "delta": 1.023459}}
{"target": 0.889700787128453, "params": {"C": 195230.87744197718, "gamma": 0.08158282509257192}, "datetime": {"datetime": "2021-10-01 02:05:27", "elapsed": 176.375388, "delta": 0.953048}}
{"target": 0.8850268216478379, "params": {"C": 254827.9560705169, "gamma": 0.12956416420783415}, "datetime": {"datetime": "2021-10-01 02:05:28", "elapsed": 177.299986, "delta": 0.924598}}
{"target": 0.8649657698652, "params": {"C": 460370.912152058, "gamma": 0.07684847670836004}, "datetime": {"datetime": "2021-10-01 02:05:28", "elapsed": 178.159079, "delta": 0.859093}}
{"target": 0.8727492984604747, "params": {"C": 246876.8689393822, "gamma": 0.027099997066340826}, "datetime": {"datetime": "2021-10-01 02:05:29", "elapsed": 179.135013, "delta": 0.975934}}
{"target": 0.8635696645257059, "params": {"C": 447247.0715934827, "gamma": 0.03057764768100051}, "datetime": {"datetime": "2021-10-01 02:05:30", "elapsed": 180.11689, "delta": 0.981877}}
{"target": 0.8870515231213999, "params": {"C": 209973.15231041395, "gamma": 0.0966667543235661}, "datetime": {"datetime": "2021-10-01 02:05:31", "elapsed": 181.084095, "delta": 0.967205}}
{"target": 0.9107225985257486, "params": {"C": 55034.0784211265, "gamma": 0.06019812185242024}, "datetime": {"datetime": "2021-10-01 02:05:32", "elapsed": 182.029818, "delta": 0.945723}}
{"target": 0.8786826427693761, "params": {"C": 381509.75290673, "gamma": 0.11500374468945651}, "datetime": {"datetime": "2021-10-01 02:05:33", "elapsed": 182.992073, "delta": 0.962255}}
{"target": 0.8787275665974498, "params": {"C": 188048.40514505902, "gamma": 0.19560834798574683}, "datetime": {"datetime": "2021-10-01 02:05:34", "elapsed": 184.145209, "delta": 1.153136}}
{"target": 0.8735251014230615, "params": {"C": 393314.18337549316, "gamma": 0.19619027758423646}, "datetime": {"datetime": "2021-10-01 02:05:35", "elapsed": 185.065069, "delta": 0.91986}}
{"target": 0.9049911842585328, "params": {"C": 110707.0675753855, "gamma": 0.05304037965590621}, "datetime": {"datetime": "2021-10-01 02:05:36", "elapsed": 185.970075, "delta": 0.905006}}
{"target": 0.8626904353305304, "params": {"C": 466319.29764556093, "gamma": 0.06643925207520268}, "datetime": {"datetime": "2021-10-01 02:05:37", "elapsed": 186.855015, "delta": 0.88494}}
{"target": 0.8792000981698986, "params": {"C": 399145.5646061514, "gamma": 0.12165111967780994}, "datetime": {"datetime": "2021-10-01 02:05:38", "elapsed": 187.896007, "delta": 1.040992}}
{"target": 0.8347296523421164, "params": {"C": 418292.40906488476, "gamma": 0.010100857233286516}, "datetime": {"datetime": "2021-10-01 02:05:39", "elapsed": 189.185851, "delta": 1.289844}}
{"target": 0.8621254127995166, "params": {"C": 472020.8576550796, "gamma": 0.06543511120675}, "datetime": {"datetime": "2021-10-01 02:05:41", "elapsed": 190.526558, "delta": 1.340707}}
{"target": 0.8816733037066992, "params": {"C": 140776.97712659702, "gamma": 0.1885938483708292}, "datetime": {"datetime": "2021-10-01 02:05:42", "elapsed": 191.453558, "delta": 0.927}}
{"target": 0.898341138542589, "params": {"C": 97980.62884431344, "gamma": 0.10826401961566635}, "datetime": {"datetime": "2021-10-01 02:05:43", "elapsed": 192.340979, "delta": 0.887421}}
{"target": 0.8868511188508041, "params": {"C": 222367.42045841526, "gamma": 0.07685654471124212}, "datetime": {"datetime": "2021-10-01 02:05:44", "elapsed": 193.262978, "delta": 0.921999}}
{"target": 0.8759632115969459, "params": {"C": 433004.3551214802, "gamma": 0.11099920670595985}, "datetime": {"datetime": "2021-10-01 02:05:45", "elapsed": 194.397895, "delta": 1.134917}}
{"target": 0.8789571727658014, "params": {"C": 259732.10256788367, "gamma": 0.18628703821577047}, "datetime": {"datetime": "2021-10-01 02:05:46", "elapsed": 195.35185, "delta": 0.953955}}
{"target": 0.8784525419707927, "params": {"C": 316606.879409125, "gamma": 0.09545521746258656}, "datetime": {"datetime": "2021-10-01 02:05:47", "elapsed": 196.328856, "delta": 0.977006}}
{"target": 0.8814696772475852, "params": {"C": 311573.8649340548, "gamma": 0.11441871493103425}, "datetime": {"datetime": "2021-10-01 02:05:48", "elapsed": 197.295588, "delta": 0.966732}}
{"target": 0.8833367365610881, "params": {"C": 270085.4228957918, "gamma": 0.11251770792214594}, "datetime": {"datetime": "2021-10-01 02:05:49", "elapsed": 198.340702, "delta": 1.045114}}
{"target": 0.8952838855766085, "params": {"C": 108307.95383047829, "gamma": 0.11830543789834982}, "datetime": {"datetime": "2021-10-01 02:05:50", "elapsed": 199.50368, "delta": 1.162978}}
{"target": 0.8833498509014359, "params": {"C": 302809.38907779055, "gamma": 0.14654782652321974}, "datetime": {"datetime": "2021-10-01 02:05:51", "elapsed": 200.528679, "delta": 1.024999}}
{"target": 0.9053527759508754, "params": {"C": 108124.10175527689, "gamma": 0.05350228561629054}, "datetime": {"datetime": "2021-10-01 02:05:52", "elapsed": 201.674307, "delta": 1.145628}}
{"target": 0.8727634123396962, "params": {"C": 409553.53907041694, "gamma": 0.19788323093675791}, "datetime": {"datetime": "2021-10-01 02:05:53", "elapsed": 202.836272, "delta": 1.161965}}
{"target": 0.877671149471204, "params": {"C": 406849.7621882879, "gamma": 0.17532651912213304}, "datetime": {"datetime": "2021-10-01 02:05:54", "elapsed": 203.802273, "delta": 0.966001}}
{"target": 0.9051314697201448, "params": {"C": 113714.30203644559, "gamma": 0.05717435375083112}, "datetime": {"datetime": "2021-10-01 02:05:55", "elapsed": 204.738304, "delta": 0.936031}}
{"target": 0.8996948929622157, "params": {"C": 107677.84073201871, "gamma": 0.09464151933005836}, "datetime": {"datetime": "2021-10-01 02:05:56", "elapsed": 205.868637, "delta": 1.130333}}
{"target": 0.8902905459731763, "params": {"C": 151125.83668320475, "gamma": 0.12962185854557334}, "datetime": {"datetime": "2021-10-01 02:05:57", "elapsed": 206.875295, "delta": 1.006658}}
{"target": 0.8869007105343484, "params": {"C": 211052.53393222857, "gamma": 0.10224801687289777}, "datetime": {"datetime": "2021-10-01 02:05:58", "elapsed": 207.902862, "delta": 1.027567}}
{"target": 0.8765793502333946, "params": {"C": 459944.4825216364, "gamma": 0.17515555496890337}, "datetime": {"datetime": "2021-10-01 02:05:59", "elapsed": 208.948827, "delta": 1.045965}}
{"target": 0.8740006275456693, "params": {"C": 495359.56715808605, "gamma": 0.18479890979655061}, "datetime": {"datetime": "2021-10-01 02:06:01", "elapsed": 210.348677, "delta": 1.39985}}
{"target": 0.8942493804067121, "params": {"C": 175395.55276911415, "gamma": 0.041148413796744034}, "datetime": {"datetime": "2021-10-01 02:06:02", "elapsed": 211.370686, "delta": 1.022009}}
{"target": 0.883048369952189, "params": {"C": 285877.4983396034, "gamma": 0.1572626449580198}, "datetime": {"datetime": "2021-10-01 02:06:03", "elapsed": 212.398558, "delta": 1.027872}}
{"target": 0.8773457336603468, "params": {"C": 318852.05249090726, "gamma": 0.08846921992904157}, "datetime": {"datetime": "2021-10-01 02:06:04", "elapsed": 213.656773, "delta": 1.258215}}
{"target": 0.8643080350467726, "params": {"C": 253579.8156210564, "gamma": 0.023235859550892732}, "datetime": {"datetime": "2021-10-01 02:06:05", "elapsed": 214.882756, "delta": 1.225983}}
{"target": 0.8525805153935169, "params": {"C": 145035.5842568272, "gamma": 0.016462373749283825}, "datetime": {"datetime": "2021-10-01 02:06:06", "elapsed": 216.145757, "delta": 1.263001}}
{"target": 0.8947847174491969, "params": {"C": 79954.73722460306, "gamma": 0.13617433675106919}, "datetime": {"datetime": "2021-10-01 02:06:08", "elapsed": 217.432651, "delta": 1.286894}}
{"target": 0.8866060789618879, "params": {"C": 88464.5226548462, "gamma": 0.1733738730271445}, "datetime": {"datetime": "2021-10-01 02:06:09", "elapsed": 218.689714, "delta": 1.257063}}
{"target": 0.8877834499105178, "params": {"C": 197291.93097187954, "gamma": 0.03540807423490444}, "datetime": {"datetime": "2021-10-01 02:06:10", "elapsed": 219.730102, "delta": 1.040388}}
{"target": 0.8800680192340021, "params": {"C": 370493.56488832517, "gamma": 0.12114533191005282}, "datetime": {"datetime": "2021-10-01 02:06:11", "elapsed": 221.000126, "delta": 1.270024}}
{"target": 0.8814089377795342, "params": {"C": 253215.51966376303, "gamma": 0.17478382657441383}, "datetime": {"datetime": "2021-10-01 02:06:12", "elapsed": 222.066216, "delta": 1.06609}}
{"target": 0.8740167447288679, "params": {"C": 387957.1772816628, "gamma": 0.09505837967545408}, "datetime": {"datetime": "2021-10-01 02:06:13", "elapsed": 223.085275, "delta": 1.019059}}
{"target": 0.8613541569686796, "params": {"C": 478785.80202856514, "gamma": 0.062127507998407654}, "datetime": {"datetime": "2021-10-01 02:06:14", "elapsed": 224.127271, "delta": 1.041996}}
{"target": 0.8642722733955297, "params": {"C": 440770.4031562338, "gamma": 0.030812803684047502}, "datetime": {"datetime": "2021-10-01 02:06:16", "elapsed": 225.339276, "delta": 1.212005}}
{"target": 0.8725046128553043, "params": {"C": 422918.61106965627, "gamma": 0.19778608191631072}, "datetime": {"datetime": "2021-10-01 02:06:17", "elapsed": 226.389638, "delta": 1.050362}}
{"target": 0.8819413858556984, "params": {"C": 266788.1436984935, "gamma": 0.07309393532750806}, "datetime": {"datetime": "2021-10-01 02:06:18", "elapsed": 227.393638, "delta": 1.004}}
{"target": 0.880599286517202, "params": {"C": 390746.01011342125, "gamma": 0.13125152416647776}, "datetime": {"datetime": "2021-10-01 02:06:19", "elapsed": 228.617639, "delta": 1.224001}}
{"target": 0.8874372449431911, "params": {"C": 210885.35881695658, "gamma": 0.0854452784907447}, "datetime": {"datetime": "2021-10-01 02:06:20", "elapsed": 229.912224, "delta": 1.294585}}
{"target": 0.8784949475457567, "params": {"C": 453938.12917346274, "gamma": 0.1276526268468611}, "datetime": {"datetime": "2021-10-01 02:06:21", "elapsed": 230.969517, "delta": 1.057293}}
{"target": 0.8949207152313232, "params": {"C": 63910.47684792749, "gamma": 0.142119453451977}, "datetime": {"datetime": "2021-10-01 02:06:23", "elapsed": 232.311524, "delta": 1.342007}}
{"target": 0.8612727343850357, "params": {"C": 301385.90172870684, "gamma": 0.022805564266624955}, "datetime": {"datetime": "2021-10-01 02:06:24", "elapsed": 233.348525, "delta": 1.037001}}
{"target": 0.8836623364399799, "params": {"C": 281803.21077256626, "gamma": 0.15140601257758193}, "datetime": {"datetime": "2021-10-01 02:06:25", "elapsed": 234.396127, "delta": 1.047602}}
{"target": 0.906858405091685, "params": {"C": 89965.93697236288, "gamma": 0.07457858966560343}, "datetime": {"datetime": "2021-10-01 02:06:26", "elapsed": 235.400093, "delta": 1.003966}}
{"target": 0.894533949889452, "params": {"C": 191223.9550556436, "gamma": 0.04562319496494321}, "datetime": {"datetime": "2021-10-01 02:06:27", "elapsed": 236.467158, "delta": 1.067065}}
{"target": 0.8766466179792172, "params": {"C": 320235.0422873921, "gamma": 0.08296733610728466}, "datetime": {"datetime": "2021-10-01 02:06:28", "elapsed": 237.634155, "delta": 1.166997}}
{"target": 0.9030986770822194, "params": {"C": 85893.55187885635, "gamma": 0.0455370308798382}, "datetime": {"datetime": "2021-10-01 02:06:29", "elapsed": 238.655421, "delta": 1.021266}}
{"target": 0.874345358271039, "params": {"C": 376146.3771779456, "gamma": 0.19434412529871856}, "datetime": {"datetime": "2021-10-01 02:06:30", "elapsed": 239.772735, "delta": 1.117314}}
{"target": 0.8896940289081858, "params": {"C": 232210.05814774646, "gamma": 0.05257658022541182}, "datetime": {"datetime": "2021-10-01 02:06:31", "elapsed": 240.820796, "delta": 1.048061}}
{"target": 0.8876075480517194, "params": {"C": 78921.39516897895, "gamma": 0.17049514053234183}, "datetime": {"datetime": "2021-10-01 02:06:32", "elapsed": 241.896659, "delta": 1.075863}}
{"target": 0.8857344401384121, "params": {"C": 236832.26495654005, "gamma": 0.1258844531276517}, "datetime": {"datetime": "2021-10-01 02:06:34", "elapsed": 243.327247, "delta": 1.430588}}
{"target": 0.8701232027120148, "params": {"C": 477764.10880494764, "gamma": 0.09684709687197988}, "datetime": {"datetime": "2021-10-01 02:06:35", "elapsed": 244.368757, "delta": 1.04151}}
{"target": 0.8771508633999401, "params": {"C": 471281.0782492955, "gamma": 0.17028775653989847}, "datetime": {"datetime": "2021-10-01 02:06:36", "elapsed": 245.459269, "delta": 1.090512}}
{"target": 0.8758974728414785, "params": {"C": 329789.8725161749, "gamma": 0.08348349805659888}, "datetime": {"datetime": "2021-10-01 02:06:37", "elapsed": 246.557943, "delta": 1.098674}}
{"target": 0.8587545290636498, "params": {"C": 57216.521408005436, "gamma": 0.0167680206038578}, "datetime": {"datetime": "2021-10-01 02:06:38", "elapsed": 247.620792, "delta": 1.062849}}
{"target": 0.8750943588920401, "params": {"C": 449704.1986291779, "gamma": 0.10988503785491041}, "datetime": {"datetime": "2021-10-01 02:06:39", "elapsed": 249.002101, "delta": 1.381309}}
{"target": 0.8704094792742083, "params": {"C": 401720.66573791136, "gamma": 0.03551521265422262}, "datetime": {"datetime": "2021-10-01 02:06:40", "elapsed": 250.068881, "delta": 1.06678}}
{"target": 0.8857042550015284, "params": {"C": 250568.60470820757, "gamma": 0.06121078855073345}, "datetime": {"datetime": "2021-10-01 02:06:42", "elapsed": 251.468634, "delta": 1.399753}}
