{"target": -2.236378243094936, "params": {"C": 26741.644323800134, "gamma": 0.11569369565681754}, "datetime": {"datetime": "2021-10-04 12:20:22", "elapsed": 7.029558, "delta": 0.300478}}
{"target": -2.0833326226381215, "params": {"C": 10930.868518638086, "gamma": 0.07617245067690888}, "datetime": {"datetime": "2021-10-04 12:20:23", "elapsed": 7.346059, "delta": 0.316501}}
{"target": -2.5762710157776034, "params": {"C": 23205.645829733272, "gamma": 0.1961123299101857}, "datetime": {"datetime": "2021-10-04 12:20:23", "elapsed": 7.631282, "delta": 0.285223}}
{"target": -2.5104374312029, "params": {"C": 26755.748177526006, "gamma": 0.17508903366377934}, "datetime": {"datetime": "2021-10-04 12:20:23", "elapsed": 7.947775, "delta": 0.316493}}
{"target": -2.2873201743423865, "params": {"C": 26745.970145059284, "gamma": 0.010655126465061459}, "datetime": {"datetime": "2021-10-04 12:20:24", "elapsed": 8.264262, "delta": 0.316487}}
{"target": -2.447746935377102, "params": {"C": 23211.657402306082, "gamma": 0.1614599871336702}, "datetime": {"datetime": "2021-10-04 12:20:24", "elapsed": 8.587254, "delta": 0.322992}}
{"target": -2.457177778749785, "params": {"C": 23207.968692760965, "gamma": 0.16378529626441382}, "datetime": {"datetime": "2021-10-04 12:20:24", "elapsed": 8.903756, "delta": 0.316502}}
{"target": -2.0619488844933747, "params": {"C": 15606.224423992046, "gamma": 0.08098792944460657}, "datetime": {"datetime": "2021-10-04 12:20:25", "elapsed": 9.204354, "delta": 0.300598}}
{"target": -2.011247911403356, "params": {"C": 76479.64920113853, "gamma": 0.06313707250766368}, "datetime": {"datetime": "2021-10-04 12:20:25", "elapsed": 9.552087, "delta": 0.347733}}
{"target": -2.6390252695152197, "params": {"C": 69928.31255074835, "gamma": 0.18942863618214556}, "datetime": {"datetime": "2021-10-04 12:20:25", "elapsed": 9.905943, "delta": 0.353856}}
{"target": -2.52461779315871, "params": {"C": 30016.28427221451, "gamma": 0.17686303757717095}, "datetime": {"datetime": "2021-10-04 12:20:26", "elapsed": 10.269016, "delta": 0.363073}}
{"target": -2.3077983757699694, "params": {"C": 17645.848677501417, "gamma": 0.13131111332663642}, "datetime": {"datetime": "2021-10-04 12:20:26", "elapsed": 10.585494, "delta": 0.316478}}
{"target": -2.2801291249137563, "params": {"C": 90570.42921672204, "gamma": 0.09672569453100996}, "datetime": {"datetime": "2021-10-04 12:20:26", "elapsed": 10.908526, "delta": 0.323032}}
{"target": -2.552348271618115, "params": {"C": 48895.35531287175, "gamma": 0.17376888537422394}, "datetime": {"datetime": "2021-10-04 12:20:27", "elapsed": 11.266368, "delta": 0.357842}}
{"target": -2.067526118183572, "params": {"C": 12511.182748999337, "gamma": 0.03194999005419243}, "datetime": {"datetime": "2021-10-04 12:20:27", "elapsed": 11.594865, "delta": 0.328497}}
{"target": -2.2696101655804632, "params": {"C": 93336.87749752495, "gamma": 0.09403836893505393}, "datetime": {"datetime": "2021-10-04 12:20:27", "elapsed": 11.942623, "delta": 0.347758}}
{"target": -2.597591762138568, "params": {"C": 89409.50472989754, "gamma": 0.16885269427784658}, "datetime": {"datetime": "2021-10-04 12:20:28", "elapsed": 12.274309, "delta": 0.331686}}
{"target": -2.5400641863805027, "params": {"C": 65007.85545716545, "gamma": 0.16275819528859015}, "datetime": {"datetime": "2021-10-04 12:20:28", "elapsed": 12.597332, "delta": 0.323023}}
{"target": -2.1977528309117496, "params": {"C": 15636.94778764539, "gamma": 0.10784425015860881}, "datetime": {"datetime": "2021-10-04 12:20:28", "elapsed": 12.961395, "delta": 0.364063}}
{"target": -2.346999447772984, "params": {"C": 40895.02385608916, "gamma": 0.12966043716514472}, "datetime": {"datetime": "2021-10-04 12:20:29", "elapsed": 13.299019, "delta": 0.337624}}
{"target": -1.9349668855502244, "params": {"C": 75449.58394411983, "gamma": 0.05208634259938703}, "datetime": {"datetime": "2021-10-04 12:20:29", "elapsed": 13.646775, "delta": 0.347756}}
{"target": -2.5922944248868807, "params": {"C": 77633.93651248394, "gamma": 0.1724591548246132}, "datetime": {"datetime": "2021-10-04 12:20:29", "elapsed": 13.994502, "delta": 0.347727}}
{"target": -2.3346091453476454, "params": {"C": 24279.153887681197, "gamma": 0.1355966954043328}, "datetime": {"datetime": "2021-10-04 12:20:30", "elapsed": 14.364398, "delta": 0.369896}}
{"target": -2.6153227606736875, "params": {"C": 36331.55660492802, "gamma": 0.19957262138957166}, "datetime": {"datetime": "2021-10-04 12:20:30", "elapsed": 14.734036, "delta": 0.369638}}
{"target": -2.2026718479899254, "params": {"C": 96241.5280784466, "gamma": 0.08300702150556678}, "datetime": {"datetime": "2021-10-04 12:20:30", "elapsed": 15.13561, "delta": 0.401574}}
{"target": -2.4916580206113714, "params": {"C": 21815.02588268365, "gamma": 0.17347111261641163}, "datetime": {"datetime": "2021-10-04 12:20:31", "elapsed": 15.482376, "delta": 0.346766}}
{"target": -2.255671758858508, "params": {"C": 72010.00824116482, "gamma": 0.008217202714005976}, "datetime": {"datetime": "2021-10-04 12:20:31", "elapsed": 15.83665, "delta": 0.354274}}
{"target": -2.6516395643068638, "params": {"C": 70665.70286376902, "gamma": 0.19292712557280897}, "datetime": {"datetime": "2021-10-04 12:20:32", "elapsed": 16.237929, "delta": 0.401279}}
{"target": -1.8892704129549291, "params": {"C": 27458.836884395136, "gamma": 0.04132787950220895}, "datetime": {"datetime": "2021-10-04 12:20:32", "elapsed": 16.569434, "delta": 0.331505}}
{"target": -2.0286357874384287, "params": {"C": 60600.637803015765, "gamma": 0.0689485227889407}, "datetime": {"datetime": "2021-10-04 12:20:32", "elapsed": 16.954403, "delta": 0.384969}}
{"target": -1.9080289571022024, "params": {"C": 79886.89041656777, "gamma": 0.04326807527527066}, "datetime": {"datetime": "2021-10-04 12:20:33", "elapsed": 17.312775, "delta": 0.358372}}
{"target": -2.5217570964885807, "params": {"C": 95491.19120527139, "gamma": 0.14549685466993473}, "datetime": {"datetime": "2021-10-04 12:20:33", "elapsed": 17.751683, "delta": 0.438908}}
{"target": -2.304376732606557, "params": {"C": 35956.986655665605, "gamma": 0.12418714811690665}, "datetime": {"datetime": "2021-10-04 12:20:33", "elapsed": 18.115055, "delta": 0.363372}}
{"target": -1.9435242582474292, "params": {"C": 77407.88601973593, "gamma": 0.05303863445710755}, "datetime": {"datetime": "2021-10-04 12:20:34", "elapsed": 18.487009, "delta": 0.371954}}
{"target": -2.583619486158413, "params": {"C": 35994.96934823536, "gamma": 0.1902666443438086}, "datetime": {"datetime": "2021-10-04 12:20:34", "elapsed": 18.856925, "delta": 0.369916}}
{"target": -1.899164709956228, "params": {"C": 30022.85690045151, "gamma": 0.05419490837309201}, "datetime": {"datetime": "2021-10-04 12:20:35", "elapsed": 19.289064, "delta": 0.432139}}
{"target": -2.458798891586599, "params": {"C": 79043.78084711294, "gamma": 0.13626587796780287}, "datetime": {"datetime": "2021-10-04 12:20:35", "elapsed": 19.690261, "delta": 0.401197}}
{"target": -2.3512252138891436, "params": {"C": 33146.41815405222, "gamma": 0.1345077029114983}, "datetime": {"datetime": "2021-10-04 12:20:35", "elapsed": 20.075863, "delta": 0.385602}}
{"target": -1.874049056184949, "params": {"C": 77508.08349553192, "gamma": 0.03672878651858811}, "datetime": {"datetime": "2021-10-04 12:20:36", "elapsed": 20.47674, "delta": 0.400877}}
{"target": -2.2592955265608885, "params": {"C": 69266.93902368861, "gamma": 0.10060191808899921}, "datetime": {"datetime": "2021-10-04 12:20:36", "elapsed": 20.913123, "delta": 0.436383}}
{"target": -1.9106921567320776, "params": {"C": 72636.29250977882, "gamma": 0.04665054281082558}, "datetime": {"datetime": "2021-10-04 12:20:37", "elapsed": 21.343114, "delta": 0.429991}}
{"target": -1.8633981677527398, "params": {"C": 50954.739275394735, "gamma": 0.03611193804858831}, "datetime": {"datetime": "2021-10-04 12:20:37", "elapsed": 21.746298, "delta": 0.403184}}
{"target": -1.8940751578541757, "params": {"C": 34725.75089335911, "gamma": 0.03347061622221884}, "datetime": {"datetime": "2021-10-04 12:20:38", "elapsed": 22.23213, "delta": 0.485832}}
{"target": -2.1716130325305794, "params": {"C": 15354.04923108522, "gamma": 0.10251793583252329}, "datetime": {"datetime": "2021-10-04 12:20:38", "elapsed": 22.664589, "delta": 0.432459}}
{"target": -2.1466028230521452, "params": {"C": 29192.40953185572, "gamma": 0.09878202215689764}, "datetime": {"datetime": "2021-10-04 12:20:38", "elapsed": 23.103474, "delta": 0.438885}}
{"target": -2.630354188597026, "params": {"C": 91052.84322669983, "gamma": 0.1787555480825455}, "datetime": {"datetime": "2021-10-04 12:20:39", "elapsed": 23.535874, "delta": 0.4324}}
{"target": -2.3051736543921275, "params": {"C": 44655.32220542895, "gamma": 0.007726311326211972}, "datetime": {"datetime": "2021-10-04 12:20:39", "elapsed": 23.93702, "delta": 0.401146}}
{"target": -2.478068320898467, "params": {"C": 64977.48309212216, "gamma": 0.14626376587813414}, "datetime": {"datetime": "2021-10-04 12:20:40", "elapsed": 24.322517, "delta": 0.385497}}
{"target": -2.341548991470477, "params": {"C": 86615.3796957747, "gamma": 0.10901073028363638}, "datetime": {"datetime": "2021-10-04 12:20:40", "elapsed": 24.770532, "delta": 0.448015}}
{"target": -2.4349701380678908, "params": {"C": 33662.91302226129, "gamma": 0.1521061720488815}, "datetime": {"datetime": "2021-10-04 12:20:41", "elapsed": 25.193304, "delta": 0.422772}}
{"target": -2.0159624948886306, "params": {"C": 34580.12983914094, "gamma": 0.07447354368486486}, "datetime": {"datetime": "2021-10-04 12:20:41", "elapsed": 25.594453, "delta": 0.401149}}
{"target": -2.5129551388638425, "params": {"C": 30080.429796372067, "gamma": 0.17358807208662194}, "datetime": {"datetime": "2021-10-04 12:20:41", "elapsed": 26.042532, "delta": 0.448079}}
{"target": -2.251947607889599, "params": {"C": 41769.33963508967, "gamma": 0.11083728917300434}, "datetime": {"datetime": "2021-10-04 12:20:42", "elapsed": 26.442917, "delta": 0.400385}}
{"target": -2.2572979022632347, "params": {"C": 21159.683001819045, "gamma": 0.12117495599728843}, "datetime": {"datetime": "2021-10-04 12:20:42", "elapsed": 26.871864, "delta": 0.428947}}
{"target": -2.369262570701196, "params": {"C": 23394.20531961062, "gamma": 0.14336270194175063}, "datetime": {"datetime": "2021-10-04 12:20:43", "elapsed": 27.279096, "delta": 0.407232}}
{"target": -2.112562303164724, "params": {"C": 77797.52676342854, "gamma": 0.013363912348995945}, "datetime": {"datetime": "2021-10-04 12:20:43", "elapsed": 27.774029, "delta": 0.494933}}
{"target": -2.543291717936203, "params": {"C": 82220.90316287476, "gamma": 0.15604478949954287}, "datetime": {"datetime": "2021-10-04 12:20:44", "elapsed": 28.201636, "delta": 0.427607}}
{"target": -2.3087171985534276, "params": {"C": 71268.59987479806, "gamma": 0.10815180210573114}, "datetime": {"datetime": "2021-10-04 12:20:44", "elapsed": 28.640684, "delta": 0.439048}}
{"target": -2.681825326885918, "params": {"C": 84604.2924731622, "gamma": 0.19707929801778756}, "datetime": {"datetime": "2021-10-04 12:20:44", "elapsed": 29.104051, "delta": 0.463367}}
{"target": -2.630787230369729, "params": {"C": 80372.1189971177, "gamma": 0.18279486925908073}, "datetime": {"datetime": "2021-10-04 12:20:45", "elapsed": 29.574227, "delta": 0.470176}}
{"target": -2.4141040025460456, "params": {"C": 70751.81205203189, "gamma": 0.12971178366667904}, "datetime": {"datetime": "2021-10-04 12:20:45", "elapsed": 30.044516, "delta": 0.470289}}
{"target": -1.9089279658837999, "params": {"C": 47227.913386821056, "gamma": 0.05530668143488044}, "datetime": {"datetime": "2021-10-04 12:20:46", "elapsed": 30.560766, "delta": 0.51625}}
{"target": -2.337706348054638, "params": {"C": 65886.06328979853, "gamma": 0.11563677490054068}, "datetime": {"datetime": "2021-10-04 12:20:46", "elapsed": 31.005541, "delta": 0.444775}}
{"target": -2.2371188118422127, "params": {"C": 73267.06662625569, "gamma": 0.09524490939482223}, "datetime": {"datetime": "2021-10-04 12:20:47", "elapsed": 32.044247, "delta": 1.038706}}
{"target": -2.0593797166106182, "params": {"C": 87246.76550394644, "gamma": 0.015087210371642353}, "datetime": {"datetime": "2021-10-04 12:20:48", "elapsed": 32.599848, "delta": 0.555601}}
{"target": -2.323526221447649, "params": {"C": 11401.52848256012, "gamma": 0.015044404152669895}, "datetime": {"datetime": "2021-10-04 12:20:49", "elapsed": 33.186003, "delta": 0.586155}}
{"target": -2.002489138468327, "params": {"C": 70019.18622309418, "gamma": 0.01890505924562461}, "datetime": {"datetime": "2021-10-04 12:20:49", "elapsed": 33.787819, "delta": 0.601816}}
{"target": -2.392760498518303, "params": {"C": 72507.49135720711, "gamma": 0.12445957509292065}, "datetime": {"datetime": "2021-10-04 12:20:50", "elapsed": 34.394361, "delta": 0.606542}}
{"target": -2.428001364546211, "params": {"C": 92293.18436744584, "gamma": 0.12492995080185952}, "datetime": {"datetime": "2021-10-04 12:20:50", "elapsed": 34.948995, "delta": 0.554634}}
{"target": -2.023474466164636, "params": {"C": 17714.017493864932, "gamma": 0.07461015200709144}, "datetime": {"datetime": "2021-10-04 12:20:51", "elapsed": 35.434322, "delta": 0.485327}}
{"target": -1.922792848642592, "params": {"C": 21176.405093883404, "gamma": 0.05129021982940965}, "datetime": {"datetime": "2021-10-04 12:20:51", "elapsed": 35.90462, "delta": 0.470298}}
{"target": -1.9169103760196726, "params": {"C": 65024.48229006306, "gamma": 0.05141676591399822}, "datetime": {"datetime": "2021-10-04 12:20:52", "elapsed": 36.553361, "delta": 0.648741}}
{"target": -2.388074078685078, "params": {"C": 42573.03337388439, "gamma": 0.13721119480351546}, "datetime": {"datetime": "2021-10-04 12:20:52", "elapsed": 37.023258, "delta": 0.469897}}
{"target": -2.3204853554002205, "params": {"C": 10668.973393175173, "gamma": 0.12903981195897987}, "datetime": {"datetime": "2021-10-04 12:20:53", "elapsed": 37.587223, "delta": 0.563965}}
{"target": -2.1630534794590197, "params": {"C": 30819.844470229873, "gamma": 0.10092118050569808}, "datetime": {"datetime": "2021-10-04 12:20:53", "elapsed": 38.088717, "delta": 0.501494}}
{"target": -1.895441787234505, "params": {"C": 98938.63254937358, "gamma": 0.03588217784624205}, "datetime": {"datetime": "2021-10-04 12:20:54", "elapsed": 38.659249, "delta": 0.570532}}
{"target": -1.971410004426339, "params": {"C": 71203.99154337429, "gamma": 0.02065363369674545}, "datetime": {"datetime": "2021-10-04 12:20:55", "elapsed": 39.229632, "delta": 0.570383}}
{"target": -2.3147005552986624, "params": {"C": 37092.18440531195, "gamma": 0.12550270044020861}, "datetime": {"datetime": "2021-10-04 12:20:55", "elapsed": 39.793643, "delta": 0.564011}}
{"target": -2.1901537374000877, "params": {"C": 27829.89477435036, "gamma": 0.10693987009194154}, "datetime": {"datetime": "2021-10-04 12:20:56", "elapsed": 40.294802, "delta": 0.501159}}
{"target": -2.2784416506669576, "params": {"C": 89763.22462035259, "gamma": 0.0966832633684581}, "datetime": {"datetime": "2021-10-04 12:20:56", "elapsed": 40.880626, "delta": 0.585824}}
{"target": -2.0196442650893895, "params": {"C": 27908.59965491903, "gamma": 0.023498910920741006}, "datetime": {"datetime": "2021-10-04 12:20:57", "elapsed": 41.418607, "delta": 0.537981}}
{"target": -1.9770337403186953, "params": {"C": 34432.40475622173, "gamma": 0.0682803279383498}, "datetime": {"datetime": "2021-10-04 12:20:57", "elapsed": 41.982588, "delta": 0.563981}}
{"target": -2.3465083817468853, "params": {"C": 75735.34981085491, "gamma": 0.11353713532433299}, "datetime": {"datetime": "2021-10-04 12:20:58", "elapsed": 42.610857, "delta": 0.628269}}
{"target": -1.8980276536644403, "params": {"C": 85262.20266874661, "gamma": 0.03967570115105617}, "datetime": {"datetime": "2021-10-04 12:20:59", "elapsed": 43.201309, "delta": 0.590452}}
{"target": -2.3073900336280193, "params": {"C": 81005.05258289738, "gamma": 0.10469794404761906}, "datetime": {"datetime": "2021-10-04 12:20:59", "elapsed": 43.802867, "delta": 0.601558}}
{"target": -2.4922138154257607, "params": {"C": 15372.698989197484, "gamma": 0.1748402427521114}, "datetime": {"datetime": "2021-10-04 12:21:00", "elapsed": 44.342128, "delta": 0.539261}}
{"target": -2.2648944270528135, "params": {"C": 14247.052719467098, "gamma": 0.01612706974781032}, "datetime": {"datetime": "2021-10-04 12:21:00", "elapsed": 45.010269, "delta": 0.668141}}
{"target": -2.6147501411768714, "params": {"C": 81978.89118498958, "gamma": 0.17726761337173455}, "datetime": {"datetime": "2021-10-04 12:21:01", "elapsed": 45.592131, "delta": 0.581862}}
{"target": -2.3189176030328835, "params": {"C": 42683.915664628425, "gamma": 0.007512725900160056}, "datetime": {"datetime": "2021-10-04 12:21:02", "elapsed": 46.298657, "delta": 0.706526}}
{"target": -2.5471305184978714, "params": {"C": 68969.29070919903, "gamma": 0.16291793203839156}, "datetime": {"datetime": "2021-10-04 12:21:02", "elapsed": 47.049987, "delta": 0.75133}}
{"target": -2.39465406600699, "params": {"C": 72528.92619692258, "gamma": 0.12488028976182947}, "datetime": {"datetime": "2021-10-04 12:21:03", "elapsed": 47.715576, "delta": 0.665589}}
{"target": -1.909112896608362, "params": {"C": 92571.60375053617, "gamma": 0.023533219353272017}, "datetime": {"datetime": "2021-10-04 12:21:04", "elapsed": 48.337254, "delta": 0.621678}}
{"target": -1.979772835313877, "params": {"C": 21132.037002352146, "gamma": 0.030624663728885598}, "datetime": {"datetime": "2021-10-04 12:21:04", "elapsed": 49.006645, "delta": 0.669391}}
{"target": -2.1253491776212847, "params": {"C": 33158.827417798966, "gamma": 0.016478754622153625}, "datetime": {"datetime": "2021-10-04 12:21:05", "elapsed": 49.599999, "delta": 0.593354}}
{"target": -2.051840001024857, "params": {"C": 33412.00841794527, "gamma": 0.0806574534664006}, "datetime": {"datetime": "2021-10-04 12:21:06", "elapsed": 50.265782, "delta": 0.665783}}
{"target": -1.9476017821264526, "params": {"C": 18741.462128855535, "gamma": 0.03901353435846364}, "datetime": {"datetime": "2021-10-04 12:21:06", "elapsed": 50.972856, "delta": 0.707074}}
{"target": -2.609654243288044, "params": {"C": 42289.748725436366, "gamma": 0.19466245058751244}, "datetime": {"datetime": "2021-10-04 12:21:07", "elapsed": 51.583018, "delta": 0.610162}}
{"target": -1.9532250973840661, "params": {"C": 95763.66900210228, "gamma": 0.04812303482379572}, "datetime": {"datetime": "2021-10-04 12:21:08", "elapsed": 52.278656, "delta": 0.695638}}
{"target": -2.1777476287505992, "params": {"C": 16344.912664444513, "gamma": 0.10431828946483551}, "datetime": {"datetime": "2021-10-04 12:21:08", "elapsed": 52.952568, "delta": 0.673912}}
{"target": -2.5967810357253587, "params": {"C": 87757.01809388225, "gamma": 0.1693132864562391}, "datetime": {"datetime": "2021-10-04 12:21:09", "elapsed": 53.537768, "delta": 0.5852}}
{"target": -2.033913125618274, "params": {"C": 49277.60267894719, "gamma": 0.07293320590758108}, "datetime": {"datetime": "2021-10-04 12:21:10", "elapsed": 54.178594, "delta": 0.640826}}
{"target": -2.011226946733439, "params": {"C": 57551.13658846725, "gamma": 0.01928905044131596}, "datetime": {"datetime": "2021-10-04 12:21:10", "elapsed": 54.958702, "delta": 0.780108}}
{"target": -1.86833295116108, "params": {"C": 68146.76174788857, "gamma": 0.0361939616917865}, "datetime": {"datetime": "2021-10-04 12:21:11", "elapsed": 55.626712, "delta": 0.66801}}
{"target": -2.5223823503732077, "params": {"C": 87495.35049584071, "gamma": 0.14847321525311616}, "datetime": {"datetime": "2021-10-04 12:21:12", "elapsed": 56.214731, "delta": 0.588019}}
{"target": -2.4641689364213826, "params": {"C": 61381.55296709695, "gamma": 0.14464060058326877}, "datetime": {"datetime": "2021-10-04 12:21:12", "elapsed": 56.993735, "delta": 0.779004}}
{"target": -2.352683658611746, "params": {"C": 42233.04080204571, "gamma": 0.13006301697027828}, "datetime": {"datetime": "2021-10-04 12:21:13", "elapsed": 57.842905, "delta": 0.84917}}
{"target": -2.1036924452206414, "params": {"C": 21410.92117369632, "gamma": 0.09191006458059957}, "datetime": {"datetime": "2021-10-04 12:21:14", "elapsed": 58.592025, "delta": 0.74912}}
{"target": -1.910895472298212, "params": {"C": 25466.05554936795, "gamma": 0.05516389090586277}, "datetime": {"datetime": "2021-10-04 12:21:15", "elapsed": 59.321367, "delta": 0.729342}}
{"target": -1.8699066969246483, "params": {"C": 72670.9505431782, "gamma": 0.035460714979138164}, "datetime": {"datetime": "2021-10-04 12:21:15", "elapsed": 60.062008, "delta": 0.740641}}
{"target": -2.266643709582093, "params": {"C": 94601.83951548854, "gamma": 0.09316918161672738}, "datetime": {"datetime": "2021-10-04 12:21:16", "elapsed": 60.78207, "delta": 0.720062}}
{"target": -1.8704341737368029, "params": {"C": 75127.37265384202, "gamma": 0.031929745955380937}, "datetime": {"datetime": "2021-10-04 12:21:17", "elapsed": 61.546458, "delta": 0.764388}}
{"target": -2.101367704802263, "params": {"C": 54278.96430310349, "gamma": 0.08078750447263548}, "datetime": {"datetime": "2021-10-04 12:21:18", "elapsed": 62.337173, "delta": 0.790715}}
{"target": -2.11808887424396, "params": {"C": 14498.333773816696, "gamma": 0.09166020493633996}, "datetime": {"datetime": "2021-10-04 12:21:19", "elapsed": 63.149845, "delta": 0.812672}}
{"target": -2.3537901427817878, "params": {"C": 86128.27269483331, "gamma": 0.11144696797365496}, "datetime": {"datetime": "2021-10-04 12:21:19", "elapsed": 63.901839, "delta": 0.751994}}
{"target": -2.414150727080763, "params": {"C": 86529.42649906957, "gamma": 0.12380225295678295}, "datetime": {"datetime": "2021-10-04 12:21:20", "elapsed": 64.700901, "delta": 0.799062}}
{"target": -1.9322244239985262, "params": {"C": 47913.877989525434, "gamma": 0.05840003986681958}, "datetime": {"datetime": "2021-10-04 12:21:21", "elapsed": 65.379449, "delta": 0.678548}}
{"target": -1.932434651382836, "params": {"C": 84445.52563362247, "gamma": 0.04719133931598459}, "datetime": {"datetime": "2021-10-04 12:21:21", "elapsed": 66.088647, "delta": 0.709198}}
