{"target": -2.426969678766906, "params": {"C": 43341.753302759535, "gamma": 0.1455102798931372}, "datetime": {"datetime": "2021-10-04 12:32:20", "elapsed": 76.147314, "delta": 0.686516}}
{"target": -2.2554174797330617, "params": {"C": 85228.49613794878, "gamma": 0.09414673473149762}, "datetime": {"datetime": "2021-10-04 12:32:21", "elapsed": 76.806363, "delta": 0.659049}}
{"target": -1.9515981330191017, "params": {"C": 89997.54322115751, "gamma": 0.04988665198218228}, "datetime": {"datetime": "2021-10-04 12:32:22", "elapsed": 77.482051, "delta": 0.675688}}
{"target": -2.0084714586360977, "params": {"C": 30086.135373419944, "gamma": 0.02364842883828688}, "datetime": {"datetime": "2021-10-04 12:32:22", "elapsed": 78.140886, "delta": 0.658835}}
{"target": -1.9200579498270194, "params": {"C": 59982.27332028566, "gamma": 0.05324358048915129}, "datetime": {"datetime": "2021-10-04 12:32:23", "elapsed": 79.096496, "delta": 0.95561}}
{"target": -1.8944364035872283, "params": {"C": 26225.047162538838, "gamma": 0.042465069612534816}, "datetime": {"datetime": "2021-10-04 12:32:24", "elapsed": 79.795723, "delta": 0.699227}}
{"target": -1.874532028237114, "params": {"C": 87486.55616868442, "gamma": 0.03302086115036189}, "datetime": {"datetime": "2021-10-04 12:32:25", "elapsed": 80.567259, "delta": 0.771536}}
{"target": -2.612499764182124, "params": {"C": 89068.74267791021, "gamma": 0.17391975402814808}, "datetime": {"datetime": "2021-10-04 12:32:25", "elapsed": 81.263644, "delta": 0.696385}}
{"target": -2.624588267999649, "params": {"C": 64164.84762214465, "gamma": 0.187785674994331}, "datetime": {"datetime": "2021-10-04 12:32:26", "elapsed": 81.904985, "delta": 0.641341}}
{"target": -2.307772758016115, "params": {"C": 72782.75839923508, "gamma": 0.10745008669137698}, "datetime": {"datetime": "2021-10-04 12:32:27", "elapsed": 82.767121, "delta": 0.862136}}
{"target": -2.1371519094781166, "params": {"C": 84959.41668789556, "gamma": 0.012099456042178897}, "datetime": {"datetime": "2021-10-04 12:32:28", "elapsed": 83.489516, "delta": 0.722395}}
{"target": -2.0806127918070567, "params": {"C": 22115.176815904426, "gamma": 0.08758462803254984}, "datetime": {"datetime": "2021-10-04 12:32:28", "elapsed": 84.32948, "delta": 0.839964}}
{"target": -2.174501605104839, "params": {"C": 88378.19418895317, "gamma": 0.08084938993960052}, "datetime": {"datetime": "2021-10-04 12:32:29", "elapsed": 85.17235, "delta": 0.84287}}
{"target": -2.2864821554001096, "params": {"C": 24157.760695053752, "gamma": 0.1261005711811048}, "datetime": {"datetime": "2021-10-04 12:32:30", "elapsed": 85.874174, "delta": 0.701824}}
{"target": -1.9573966585824936, "params": {"C": 36196.28273077358, "gamma": 0.06484137972709429}, "datetime": {"datetime": "2021-10-04 12:32:31", "elapsed": 86.803278, "delta": 0.929104}}
{"target": -2.2293975719816004, "params": {"C": 78543.87294988424, "gamma": 0.09206080617079955}, "datetime": {"datetime": "2021-10-04 12:32:32", "elapsed": 87.514753, "delta": 0.711475}}
{"target": -2.5841526008233955, "params": {"C": 66194.89822827, "gamma": 0.17482540475397712}, "datetime": {"datetime": "2021-10-04 12:32:32", "elapsed": 88.294613, "delta": 0.77986}}
{"target": -2.5949170406289674, "params": {"C": 32910.98474189645, "gamma": 0.19541377873095697}, "datetime": {"datetime": "2021-10-04 12:32:33", "elapsed": 89.181388, "delta": 0.886775}}
{"target": -2.1534639651260847, "params": {"C": 60835.267301468244, "gamma": 0.08621288128341316}, "datetime": {"datetime": "2021-10-04 12:32:34", "elapsed": 89.904342, "delta": 0.722954}}
{"target": -1.8839016407269447, "params": {"C": 74184.76588527893, "gamma": 0.027625092328640036}, "datetime": {"datetime": "2021-10-04 12:32:35", "elapsed": 90.644137, "delta": 0.739795}}
{"target": -2.2518417823339014, "params": {"C": 69989.69474693233, "gamma": 0.008433667913098592}, "datetime": {"datetime": "2021-10-04 12:32:36", "elapsed": 91.378246, "delta": 0.734109}}
{"target": -2.041604794571278, "params": {"C": 73093.58791251804, "gamma": 0.01663385808624862}, "datetime": {"datetime": "2021-10-04 12:32:36", "elapsed": 92.162617, "delta": 0.784371}}
{"target": -1.946855582809083, "params": {"C": 20159.520842430036, "gamma": 0.05834496400647923}, "datetime": {"datetime": "2021-10-04 12:32:37", "elapsed": 92.901763, "delta": 0.739146}}
{"target": -2.0304327525706896, "params": {"C": 43824.87435845527, "gamma": 0.07417787849898802}, "datetime": {"datetime": "2021-10-04 12:32:38", "elapsed": 93.634876, "delta": 0.733113}}
{"target": -2.3498698912711578, "params": {"C": 25600.545220622967, "gamma": 0.13812805317217508}, "datetime": {"datetime": "2021-10-04 12:32:39", "elapsed": 94.396791, "delta": 0.761915}}
{"target": -2.499654189222133, "params": {"C": 45831.23891034751, "gamma": 0.16139756510535766}, "datetime": {"datetime": "2021-10-04 12:32:39", "elapsed": 95.102965, "delta": 0.706174}}
{"target": -2.373180087565552, "params": {"C": 48987.4331431317, "gamma": 0.13066625970491222}, "datetime": {"datetime": "2021-10-04 12:32:40", "elapsed": 95.805019, "delta": 0.702054}}
{"target": -2.4767302244056553, "params": {"C": 70053.57091338535, "gamma": 0.14376191475468536}, "datetime": {"datetime": "2021-10-04 12:32:41", "elapsed": 96.588695, "delta": 0.783676}}
{"target": -1.8766070728716329, "params": {"C": 83331.53461265897, "gamma": 0.028954777145770244}, "datetime": {"datetime": "2021-10-04 12:32:41", "elapsed": 97.29088, "delta": 0.702185}}
{"target": -2.3638153130699404, "params": {"C": 70681.23694467408, "gamma": 0.11893649079956058}, "datetime": {"datetime": "2021-10-04 12:32:42", "elapsed": 98.092913, "delta": 0.802033}}
{"target": -2.176207504216704, "params": {"C": 61691.048241599034, "gamma": 0.011769017932628198}, "datetime": {"datetime": "2021-10-04 12:32:43", "elapsed": 98.795046, "delta": 0.702133}}
{"target": -2.3819988206234086, "params": {"C": 26003.33706373966, "gamma": 0.14470415848090507}, "datetime": {"datetime": "2021-10-04 12:32:44", "elapsed": 99.50697, "delta": 0.711924}}
{"target": -2.1214528591124124, "params": {"C": 72731.32887550574, "gamma": 0.07770611937704049}, "datetime": {"datetime": "2021-10-04 12:32:44", "elapsed": 100.224501, "delta": 0.717531}}
{"target": -2.2530649779820036, "params": {"C": 56087.209092582496, "gamma": 0.1045702247940835}, "datetime": {"datetime": "2021-10-04 12:32:45", "elapsed": 101.073652, "delta": 0.849151}}
{"target": -2.503266419743529, "params": {"C": 74329.8131532389, "gamma": 0.14848411716331214}, "datetime": {"datetime": "2021-10-04 12:32:46", "elapsed": 101.790821, "delta": 0.717169}}
{"target": -2.3888541410941526, "params": {"C": 63146.41836313709, "gamma": 0.12744403177138136}, "datetime": {"datetime": "2021-10-04 12:32:47", "elapsed": 102.514707, "delta": 0.723886}}
{"target": -1.8659018690022513, "params": {"C": 59862.23304742991, "gamma": 0.03552839299873278}, "datetime": {"datetime": "2021-10-04 12:32:47", "elapsed": 103.216339, "delta": 0.701632}}
{"target": -2.632429628081753, "params": {"C": 80566.08362524938, "gamma": 0.1832369976787323}, "datetime": {"datetime": "2021-10-04 12:32:48", "elapsed": 104.049592, "delta": 0.833253}}
{"target": -2.372421733477811, "params": {"C": 41032.67104729642, "gamma": 0.134759482628857}, "datetime": {"datetime": "2021-10-04 12:32:49", "elapsed": 104.782916, "delta": 0.733324}}
{"target": -2.39115466072366, "params": {"C": 19422.305686422325, "gamma": 0.1495612859118037}, "datetime": {"datetime": "2021-10-04 12:32:50", "elapsed": 105.669722, "delta": 0.886806}}
{"target": -2.607498385768254, "params": {"C": 71595.04685222339, "gamma": 0.17932865158257025}, "datetime": {"datetime": "2021-10-04 12:32:51", "elapsed": 106.40918, "delta": 0.739458}}
{"target": -2.140590963126789, "params": {"C": 35238.29545853648, "gamma": 0.09494730038593888}, "datetime": {"datetime": "2021-10-04 12:32:51", "elapsed": 107.258443, "delta": 0.849263}}
{"target": -2.6236392339810344, "params": {"C": 61981.248062872684, "gamma": 0.18844568600783626}, "datetime": {"datetime": "2021-10-04 12:32:52", "elapsed": 108.176, "delta": 0.917557}}
{"target": -2.007354728543653, "params": {"C": 83935.21253983915, "gamma": 0.06108710801909375}, "datetime": {"datetime": "2021-10-04 12:32:53", "elapsed": 109.073476, "delta": 0.897476}}
{"target": -2.574929189361518, "params": {"C": 19241.860212715204, "gamma": 0.19724078276160928}, "datetime": {"datetime": "2021-10-04 12:32:54", "elapsed": 109.94133, "delta": 0.867854}}
{"target": -2.4427905124460216, "params": {"C": 44147.769363505795, "gamma": 0.1486551389527557}, "datetime": {"datetime": "2021-10-04 12:32:55", "elapsed": 110.691686, "delta": 0.750356}}
{"target": -2.381773980607844, "params": {"C": 37732.16884339358, "gamma": 0.1385349006582104}, "datetime": {"datetime": "2021-10-04 12:32:56", "elapsed": 111.455916, "delta": 0.76423}}
{"target": -2.5742525114701134, "params": {"C": 82877.77845081288, "gamma": 0.16455733635875247}, "datetime": {"datetime": "2021-10-04 12:32:56", "elapsed": 112.267016, "delta": 0.8111}}
{"target": -2.33568332920359, "params": {"C": 63456.5960830904, "gamma": 0.11627288156328588}, "datetime": {"datetime": "2021-10-04 12:32:57", "elapsed": 113.185064, "delta": 0.918048}}
{"target": -2.2550334431573478, "params": {"C": 54979.10918967424, "gamma": 0.008991598607255735}, "datetime": {"datetime": "2021-10-04 12:32:58", "elapsed": 114.016513, "delta": 0.831449}}
{"target": -2.248519913266556, "params": {"C": 26216.88049651018, "gamma": 0.11821010147499957}, "datetime": {"datetime": "2021-10-04 12:32:59", "elapsed": 115.01615, "delta": 0.999637}}
{"target": -2.007768025193167, "params": {"C": 29901.85667469688, "gamma": 0.0739845208607483}, "datetime": {"datetime": "2021-10-04 12:33:00", "elapsed": 116.085407, "delta": 1.069257}}
{"target": -2.586638203224737, "params": {"C": 80894.30030908054, "gamma": 0.16925043273343818}, "datetime": {"datetime": "2021-10-04 12:33:01", "elapsed": 116.931821, "delta": 0.846414}}
{"target": -1.8865028442523017, "params": {"C": 50428.36951405977, "gamma": 0.05059365854206235}, "datetime": {"datetime": "2021-10-04 12:33:02", "elapsed": 118.012204, "delta": 1.080383}}
{"target": -2.576729658431116, "params": {"C": 82246.68747132641, "gamma": 0.16558210983588648}, "datetime": {"datetime": "2021-10-04 12:33:03", "elapsed": 118.85888, "delta": 0.846676}}
{"target": -1.8691950011383922, "params": {"C": 57032.53093784552, "gamma": 0.032276405918107036}, "datetime": {"datetime": "2021-10-04 12:33:04", "elapsed": 119.842935, "delta": 0.984055}}
{"target": -2.4215978560202696, "params": {"C": 47400.650250221064, "gamma": 0.14188515969263144}, "datetime": {"datetime": "2021-10-04 12:33:05", "elapsed": 120.674316, "delta": 0.831381}}
{"target": -1.959077528485787, "params": {"C": 57965.05724638789, "gamma": 0.05975401355873404}, "datetime": {"datetime": "2021-10-04 12:33:06", "elapsed": 121.807808, "delta": 1.133492}}
{"target": -2.0158838381429574, "params": {"C": 32172.188610262358, "gamma": 0.022588967880102607}, "datetime": {"datetime": "2021-10-04 12:33:07", "elapsed": 122.725924, "delta": 0.918116}}
{"target": -2.2819033988307056, "params": {"C": 28741.59890062659, "gamma": 0.12337937368136175}, "datetime": {"datetime": "2021-10-04 12:33:08", "elapsed": 123.861263, "delta": 1.135339}}
{"target": -2.0912606462944265, "params": {"C": 43057.99704870867, "gamma": 0.08333401441369505}, "datetime": {"datetime": "2021-10-04 12:33:09", "elapsed": 124.717066, "delta": 0.855803}}
{"target": -1.8687403038397594, "params": {"C": 48525.68383662841, "gamma": 0.03416511106712772}, "datetime": {"datetime": "2021-10-04 12:33:10", "elapsed": 125.76292, "delta": 1.045854}}
{"target": -1.9509311241554117, "params": {"C": 88086.68415474039, "gamma": 0.05050206601398502}, "datetime": {"datetime": "2021-10-04 12:33:11", "elapsed": 126.637159, "delta": 0.874239}}
{"target": -2.264979884586141, "params": {"C": 55472.622078113025, "gamma": 0.10683341669471962}, "datetime": {"datetime": "2021-10-04 12:33:12", "elapsed": 127.701914, "delta": 1.064755}}
{"target": -2.1011047010136785, "params": {"C": 87000.34559430958, "gamma": 0.013382859877326594}, "datetime": {"datetime": "2021-10-04 12:33:13", "elapsed": 128.690032, "delta": 0.988118}}
{"target": -1.9211457269511767, "params": {"C": 60829.75052501968, "gamma": 0.05319314164078874}, "datetime": {"datetime": "2021-10-04 12:33:14", "elapsed": 129.481576, "delta": 0.791544}}
{"target": -2.1913170531469235, "params": {"C": 44902.6483338239, "gamma": 0.09905640266224695}, "datetime": {"datetime": "2021-10-04 12:33:15", "elapsed": 130.653637, "delta": 1.172061}}
{"target": -2.599973655575102, "params": {"C": 69646.84404635611, "gamma": 0.17797146107819062}, "datetime": {"datetime": "2021-10-04 12:33:16", "elapsed": 131.627968, "delta": 0.974331}}
{"target": -2.165347524903139, "params": {"C": 30334.654117244783, "gamma": 0.10154431769891559}, "datetime": {"datetime": "2021-10-04 12:33:17", "elapsed": 132.498105, "delta": 0.870137}}
{"target": -1.9783975644021132, "params": {"C": 44192.7179825764, "gamma": 0.02299828861295666}, "datetime": {"datetime": "2021-10-04 12:33:18", "elapsed": 133.71605, "delta": 1.217945}}
{"target": -1.9833032129180235, "params": {"C": 41798.83940720945, "gamma": 0.0674450203191751}, "datetime": {"datetime": "2021-10-04 12:33:19", "elapsed": 134.923725, "delta": 1.207675}}
{"target": -2.5930321969964356, "params": {"C": 30350.64684145784, "gamma": 0.1965087191550965}, "datetime": {"datetime": "2021-10-04 12:33:20", "elapsed": 136.083942, "delta": 1.160217}}
{"target": -1.8804706004721823, "params": {"C": 87909.57832415744, "gamma": 0.03561314371774073}, "datetime": {"datetime": "2021-10-04 12:33:21", "elapsed": 137.218419, "delta": 1.134477}}
{"target": -2.112261006137662, "params": {"C": 45495.57959753424, "gamma": 0.08572948392580779}, "datetime": {"datetime": "2021-10-04 12:33:22", "elapsed": 138.15867, "delta": 0.940251}}
{"target": -2.4335675278219555, "params": {"C": 30933.59943638638, "gamma": 0.15326510180944264}, "datetime": {"datetime": "2021-10-04 12:33:23", "elapsed": 139.108292, "delta": 0.949622}}
{"target": -2.551466062015172, "params": {"C": 19196.97806927292, "gamma": 0.19101257081839434}, "datetime": {"datetime": "2021-10-04 12:33:24", "elapsed": 140.006963, "delta": 0.898671}}
{"target": -2.2628366847299057, "params": {"C": 25366.861064654582, "gamma": 0.12117266188594177}, "datetime": {"datetime": "2021-10-04 12:33:25", "elapsed": 140.862812, "delta": 0.855849}}
{"target": -1.8632884638896898, "params": {"C": 38734.366241429554, "gamma": 0.043302448866185936}, "datetime": {"datetime": "2021-10-04 12:33:26", "elapsed": 141.768147, "delta": 0.905335}}
{"target": -2.007762625886347, "params": {"C": 30653.55080510764, "gamma": 0.07398910838374398}, "datetime": {"datetime": "2021-10-04 12:33:27", "elapsed": 142.823531, "delta": 1.055384}}
{"target": -2.5392694174231956, "params": {"C": 64871.254786904916, "gamma": 0.16259201781292434}, "datetime": {"datetime": "2021-10-04 12:33:28", "elapsed": 143.805937, "delta": 0.982406}}
{"target": -2.3017362469579044, "params": {"C": 43828.60069740607, "gamma": 0.11912268447980756}, "datetime": {"datetime": "2021-10-04 12:33:29", "elapsed": 144.727237, "delta": 0.9213}}
{"target": -1.9226266958064706, "params": {"C": 20937.22421913838, "gamma": 0.04962274523135905}, "datetime": {"datetime": "2021-10-04 12:33:30", "elapsed": 146.115507, "delta": 1.38827}}
{"target": -2.0808569465919136, "params": {"C": 20839.064902737646, "gamma": 0.08751725042011743}, "datetime": {"datetime": "2021-10-04 12:33:31", "elapsed": 147.086955, "delta": 0.971448}}
{"target": -2.379122707332374, "params": {"C": 80709.00684361129, "gamma": 0.11832467140684728}, "datetime": {"datetime": "2021-10-04 12:33:32", "elapsed": 148.058088, "delta": 0.971133}}
{"target": -2.621966327703602, "params": {"C": 57089.251497126774, "gamma": 0.19020693035130187}, "datetime": {"datetime": "2021-10-04 12:33:33", "elapsed": 149.043078, "delta": 0.98499}}
{"target": -2.105231136160937, "params": {"C": 35005.51754325376, "gamma": 0.08877506996920592}, "datetime": {"datetime": "2021-10-04 12:33:34", "elapsed": 149.961131, "delta": 0.918053}}
{"target": -2.08949480617718, "params": {"C": 48504.37022110572, "gamma": 0.08123582595744935}, "datetime": {"datetime": "2021-10-04 12:33:35", "elapsed": 150.875632, "delta": 0.914501}}
{"target": -2.608530077501688, "params": {"C": 35666.6725764795, "gamma": 0.19785708529235083}, "datetime": {"datetime": "2021-10-04 12:33:36", "elapsed": 151.835951, "delta": 0.960319}}
{"target": -1.8641851811259138, "params": {"C": 42044.70531663236, "gamma": 0.03745864556537335}, "datetime": {"datetime": "2021-10-04 12:33:37", "elapsed": 152.911668, "delta": 1.075717}}
{"target": -2.109821836247549, "params": {"C": 57855.20147953311, "gamma": 0.0807035616442018}, "datetime": {"datetime": "2021-10-04 12:33:38", "elapsed": 153.883101, "delta": 0.971433}}
{"target": -2.479699594619935, "params": {"C": 42150.39213527455, "gamma": 0.15831982483036527}, "datetime": {"datetime": "2021-10-04 12:33:39", "elapsed": 154.80159, "delta": 0.918489}}
{"target": -1.9168646784278363, "params": {"C": 28836.969244880485, "gamma": 0.03277418396568855}, "datetime": {"datetime": "2021-10-04 12:33:40", "elapsed": 156.059603, "delta": 1.258013}}
{"target": -2.5108152654288465, "params": {"C": 56423.66504807658, "gamma": 0.1590283342831244}, "datetime": {"datetime": "2021-10-04 12:33:41", "elapsed": 157.006154, "delta": 0.946551}}
{"target": -2.287060466420069, "params": {"C": 51892.12570922323, "gamma": 0.11227146164862668}, "datetime": {"datetime": "2021-10-04 12:33:42", "elapsed": 157.94472, "delta": 0.938566}}
{"target": -2.5725287410938305, "params": {"C": 39991.987248559584, "gamma": 0.18487621630358098}, "datetime": {"datetime": "2021-10-04 12:33:43", "elapsed": 159.005436, "delta": 1.060716}}
{"target": -2.00382970984124, "params": {"C": 52751.51675501486, "gamma": 0.06754640291261023}, "datetime": {"datetime": "2021-10-04 12:33:44", "elapsed": 159.940258, "delta": 0.934822}}
{"target": -2.061239550932751, "params": {"C": 58041.54278838432, "gamma": 0.07398540876770657}, "datetime": {"datetime": "2021-10-04 12:33:45", "elapsed": 160.887073, "delta": 0.946815}}
{"target": -2.5065662882453963, "params": {"C": 65314.67731938945, "gamma": 0.15325715128973064}, "datetime": {"datetime": "2021-10-04 12:33:46", "elapsed": 161.842875, "delta": 0.955802}}
{"target": -1.8657822766429697, "params": {"C": 59653.64509240354, "gamma": 0.036034990450653184}, "datetime": {"datetime": "2021-10-04 12:33:47", "elapsed": 162.816618, "delta": 0.973743}}
{"target": -2.1405745813441093, "params": {"C": 88174.13391015766, "gamma": 0.011844471379107747}, "datetime": {"datetime": "2021-10-04 12:33:48", "elapsed": 163.892608, "delta": 1.07599}}
{"target": -2.5728819942902303, "params": {"C": 38007.765735272405, "gamma": 0.18609973451786985}, "datetime": {"datetime": "2021-10-04 12:33:49", "elapsed": 164.856509, "delta": 0.963901}}
{"target": -2.1389609064931, "params": {"C": 32295.998567975934, "gamma": 0.015948354170755272}, "datetime": {"datetime": "2021-10-04 12:33:50", "elapsed": 165.797652, "delta": 0.941143}}
{"target": -1.9846135640624014, "params": {"C": 40335.68874345694, "gamma": 0.06798604032379185}, "datetime": {"datetime": "2021-10-04 12:33:51", "elapsed": 167.038027, "delta": 1.240375}}
{"target": -2.5284265276486853, "params": {"C": 41125.56117671546, "gamma": 0.17140397404983196}, "datetime": {"datetime": "2021-10-04 12:33:52", "elapsed": 167.950506, "delta": 0.912479}}
{"target": -1.9154074011885684, "params": {"C": 64779.42656336915, "gamma": 0.05123233518847207}, "datetime": {"datetime": "2021-10-04 12:33:53", "elapsed": 169.119319, "delta": 1.168813}}
{"target": -1.9111381668401917, "params": {"C": 24710.473784567417, "gamma": 0.03793581005428435}, "datetime": {"datetime": "2021-10-04 12:33:54", "elapsed": 170.102049, "delta": 0.98273}}
{"target": -2.2776496004147067, "params": {"C": 27259.56032595411, "gamma": 0.01091024547509822}, "datetime": {"datetime": "2021-10-04 12:33:56", "elapsed": 172.134949, "delta": 1.040366}}
{"target": -2.1591006577005083, "params": {"C": 39820.55339138207, "gamma": 0.0959998989170743}, "datetime": {"datetime": "2021-10-04 12:33:57", "elapsed": 173.087404, "delta": 0.952455}}
{"target": -2.5470534974860195, "params": {"C": 19551.1205615939, "gamma": 0.1897405668322464}, "datetime": {"datetime": "2021-10-04 12:33:58", "elapsed": 174.009382, "delta": 0.921978}}
{"target": -2.2771225595424753, "params": {"C": 57375.84466260396, "gamma": 0.10808780468096421}, "datetime": {"datetime": "2021-10-04 12:33:59", "elapsed": 175.054018, "delta": 1.044636}}
{"target": -1.924949739684843, "params": {"C": 55049.70370116748, "gamma": 0.05552998385177462}, "datetime": {"datetime": "2021-10-04 12:34:00", "elapsed": 176.024306, "delta": 0.970288}}
{"target": -2.339476407591991, "params": {"C": 75871.39231062017, "gamma": 0.11214266431976254}, "datetime": {"datetime": "2021-10-04 12:34:01", "elapsed": 177.011107, "delta": 0.986801}}
{"target": -2.53594847873338, "params": {"C": 33434.63496078667, "gamma": 0.17799515106980093}, "datetime": {"datetime": "2021-10-04 12:34:02", "elapsed": 177.998128, "delta": 0.987021}}
{"target": -2.538736130262002, "params": {"C": 83032.80473634448, "gamma": 0.1544686831513158}, "datetime": {"datetime": "2021-10-04 12:34:03", "elapsed": 178.931692, "delta": 0.933564}}
{"target": -2.018492412739094, "params": {"C": 29146.827808113238, "gamma": 0.07599649610497194}, "datetime": {"datetime": "2021-10-04 12:34:04", "elapsed": 180.122541, "delta": 1.190849}}
{"target": -2.490056835154638, "params": {"C": 68315.92640956846, "gamma": 0.1476981398580482}, "datetime": {"datetime": "2021-10-04 12:34:05", "elapsed": 181.194151, "delta": 1.07161}}
