{"target": -18.045237992628106, "params": {"C": 464.8340650505902, "gamma": 0.032300716541014754}, "datetime": {"datetime": "2021-06-28 15:52:00", "elapsed": 492.819794, "delta": 2.508521}}
{"target": -17.098343577461982, "params": {"C": 9481.711318003701, "gamma": 0.019275800757667758}, "datetime": {"datetime": "2021-06-28 15:52:03", "elapsed": 495.45198, "delta": 2.632186}}
{"target": -16.826445231545737, "params": {"C": 4875.954807038682, "gamma": 0.05253301046316102}, "datetime": {"datetime": "2021-06-28 15:52:05", "elapsed": 497.931112, "delta": 2.479132}}
{"target": -17.815682239438498, "params": {"C": 8531.85420335049, "gamma": 0.06880963873661497}, "datetime": {"datetime": "2021-06-28 15:52:08", "elapsed": 500.555831, "delta": 2.624719}}
{"target": -21.386735635607746, "params": {"C": 151.42916492930928, "gamma": 0.012563940952301272}, "datetime": {"datetime": "2021-06-28 15:52:10", "elapsed": 502.998484, "delta": 2.442653}}
{"target": -18.37010461012543, "params": {"C": 400.8617880624795, "gamma": 0.02936057637087648}, "datetime": {"datetime": "2021-06-28 15:52:14", "elapsed": 506.5078, "delta": 3.509316}}
{"target": -18.3128361390525, "params": {"C": 9018.885332418435, "gamma": 0.07715199401380607}, "datetime": {"datetime": "2021-06-28 15:52:18", "elapsed": 510.547988, "delta": 4.040188}}
{"target": -17.96572192501268, "params": {"C": 9717.829806131385, "gamma": 0.06897266612553095}, "datetime": {"datetime": "2021-06-28 15:52:21", "elapsed": 514.135233, "delta": 3.587245}}
{"target": -17.01800205558019, "params": {"C": 8628.337431971971, "gamma": 0.026306562343198517}, "datetime": {"datetime": "2021-06-28 15:52:24", "elapsed": 517.183452, "delta": 3.048219}}
{"target": -17.986036435840884, "params": {"C": 1928.7662139134038, "gamma": 0.010390000981641166}, "datetime": {"datetime": "2021-06-28 15:52:27", "elapsed": 520.112926, "delta": 2.929474}}
{"target": -16.905250687670005, "params": {"C": 5603.1241125969145, "gamma": 0.05206624346871921}, "datetime": {"datetime": "2021-06-28 15:52:31", "elapsed": 523.549776, "delta": 3.43685}}
{"target": -17.66772843201885, "params": {"C": 8489.32673865162, "gamma": 0.06562265096183036}, "datetime": {"datetime": "2021-06-28 15:52:34", "elapsed": 526.3658, "delta": 2.816024}}
{"target": -19.058246916706707, "params": {"C": 9999.725597888135, "gamma": 0.08692091094594032}, "datetime": {"datetime": "2021-06-28 15:52:37", "elapsed": 529.643532, "delta": 3.277732}}
{"target": -16.980742866978996, "params": {"C": 8178.087925121635, "gamma": 0.03188851584958312}, "datetime": {"datetime": "2021-06-28 15:52:40", "elapsed": 532.896873, "delta": 3.253341}}
{"target": -17.441922741809336, "params": {"C": 5773.914265261798, "gamma": 0.01}, "datetime": {"datetime": "2021-06-28 15:52:44", "elapsed": 536.914369, "delta": 4.017496}}
{"target": -16.927854780051042, "params": {"C": 959.0077320842529, "gamma": 0.04605231037880651}, "datetime": {"datetime": "2021-06-28 15:52:48", "elapsed": 540.978056, "delta": 4.063687}}
{"target": -16.883904064152738, "params": {"C": 1132.425299768679, "gamma": 0.0575507202653299}, "datetime": {"datetime": "2021-06-28 15:52:53", "elapsed": 545.933015, "delta": 4.954959}}
{"target": -17.769006790002017, "params": {"C": 1454.9838020521847, "gamma": 0.09209700628382744}, "datetime": {"datetime": "2021-06-28 15:52:56", "elapsed": 549.192865, "delta": 3.25985}}
{"target": -16.780664068126146, "params": {"C": 5828.066351722279, "gamma": 0.0411458268140121}, "datetime": {"datetime": "2021-06-28 15:52:59", "elapsed": 551.914447, "delta": 2.721582}}
{"target": -16.985094556600387, "params": {"C": 7567.12175653534, "gamma": 0.0199644538179381}, "datetime": {"datetime": "2021-06-28 15:53:02", "elapsed": 555.147898, "delta": 3.233451}}
{"target": -18.111370546798724, "params": {"C": 9561.269860047358, "gamma": 0.07217297979477395}, "datetime": {"datetime": "2021-06-28 15:53:06", "elapsed": 558.582193, "delta": 3.434295}}
{"target": -16.72343259890226, "params": {"C": 4920.864017068057, "gamma": 0.04576760848438636}, "datetime": {"datetime": "2021-06-28 15:53:09", "elapsed": 561.403736, "delta": 2.821543}}
{"target": -47.6176189399241, "params": {"C": 4286.815646085225, "gamma": 7.20604168948716}, "datetime": {"datetime": "2021-06-28 16:16:33", "elapsed": 0.0, "delta": 0.0}}
{"target": -39.91723578355473, "params": {"C": 201.1208732099799, "gamma": 3.0303024005920793}, "datetime": {"datetime": "2021-06-28 16:16:33", "elapsed": 0.196001, "delta": 0.196001}}
{"target": -31.664799530592468, "params": {"C": 1638.2077300077078, "gamma": 0.9324625617402901}, "datetime": {"datetime": "2021-06-28 16:16:33", "elapsed": 0.390009, "delta": 0.194008}}
{"target": -43.23270548118615, "params": {"C": 2025.3500715011749, "gamma": 3.462151663160047}, "datetime": {"datetime": "2021-06-28 16:16:33", "elapsed": 0.591009, "delta": 0.201}}
{"target": -46.45898193664494, "params": {"C": 4088.3212474605652, "gamma": 5.392779172693536}, "datetime": {"datetime": "2021-06-28 16:16:34", "elapsed": 0.788004, "delta": 0.196995}}
{"target": -47.457732791114346, "params": {"C": 4308.106241152289, "gamma": 6.855342808963627}, "datetime": {"datetime": "2021-06-28 16:16:34", "elapsed": 1.064058, "delta": 0.276054}}
{"target": -47.048956286267746, "params": {"C": 2203.632047368871, "gamma": 8.782393189545544}, "datetime": {"datetime": "2021-06-28 16:16:34", "elapsed": 1.253063, "delta": 0.189005}}
{"target": -43.247003386988574, "params": {"C": 468.3984133396764, "gamma": 6.707970426682238}, "datetime": {"datetime": "2021-06-28 16:16:34", "elapsed": 1.45798, "delta": 0.204917}}
{"target": -46.67656466397808, "params": {"C": 4289.587063197844, "gamma": 5.591311386173059}, "datetime": {"datetime": "2021-06-28 16:16:35", "elapsed": 1.651718, "delta": 0.193738}}
{"target": -38.97546871388185, "params": {"C": 1575.791998233291, "gamma": 1.9890338759579391}, "datetime": {"datetime": "2021-06-28 16:16:35", "elapsed": 1.871714, "delta": 0.219996}}
{"target": -49.234699483584585, "params": {"C": 8047.296773020259, "gamma": 9.68293314143678}, "datetime": {"datetime": "2021-06-28 16:16:35", "elapsed": 2.148716, "delta": 0.277002}}
{"target": -47.08113861758088, "params": {"C": 3271.55694596058, "gamma": 6.926302930536448}, "datetime": {"datetime": "2021-06-28 16:16:35", "elapsed": 2.353713, "delta": 0.204997}}
{"target": -49.120576424751555, "params": {"C": 8788.613692501176, "gamma": 8.947120568403435}, "datetime": {"datetime": "2021-06-28 16:16:35", "elapsed": 2.564712, "delta": 0.210999}}
{"target": -25.31413448788002, "params": {"C": 1033.4332714238235, "gamma": 0.4001572844964948}, "datetime": {"datetime": "2021-06-28 16:16:36", "elapsed": 2.796713, "delta": 0.232001}}
{"target": -46.71699509630206, "params": {"C": 1864.3381117327751, "gamma": 8.782643609259837}, "datetime": {"datetime": "2021-06-28 16:16:36", "elapsed": 3.013713, "delta": 0.217}}
{"target": -43.39229389138279, "params": {"C": 1163.798971563891, "gamma": 4.216865173800471}, "datetime": {"datetime": "2021-06-28 16:16:36", "elapsed": 3.22571, "delta": 0.211997}}
{"target": -47.327207284808345, "params": {"C": 9587.317395474918, "gamma": 5.336321196880441}, "datetime": {"datetime": "2021-06-28 16:16:36", "elapsed": 3.484151, "delta": 0.258441}}
{"target": -44.086993036251364, "params": {"C": 6980.395716714639, "gamma": 3.162001153750569}, "datetime": {"datetime": "2021-06-28 16:16:37", "elapsed": 3.701147, "delta": 0.216996}}
{"target": -48.67922676874728, "params": {"C": 6927.70909127952, "gamma": 8.347910462254756}, "datetime": {"datetime": "2021-06-28 16:16:37", "elapsed": 3.901399, "delta": 0.200252}}
{"target": -43.058371198035, "params": {"C": 379.2251179730797, "gamma": 7.503941706300225}, "datetime": {"datetime": "2021-06-28 16:16:37", "elapsed": 4.099396, "delta": 0.197997}}
{"target": -33.03391728353666, "params": {"C": 1034.8617791052147, "gamma": 1.0913749746564532}, "datetime": {"datetime": "2021-06-28 16:16:37", "elapsed": 4.534398, "delta": 0.435002}}
{"target": -41.95798427277708, "params": {"C": 1639.7758945024202, "gamma": 2.9464813090785245}, "datetime": {"datetime": "2021-06-28 16:16:38", "elapsed": 4.829982, "delta": 0.295584}}
{"target": -39.19151135084377, "params": {"C": 1034.3561805931918, "gamma": 2.149001874456184}, "datetime": {"datetime": "2021-06-28 16:16:38", "elapsed": 5.153983, "delta": 0.324001}}
{"target": -23.90481695468488, "params": {"C": 1032.6664524659022, "gamma": 0.3106624257254723}, "datetime": {"datetime": "2021-06-28 16:16:38", "elapsed": 5.467813, "delta": 0.31383}}
{"target": -29.79531605389659, "params": {"C": 1031.276558216051, "gamma": 0.7645142597287579}, "datetime": {"datetime": "2021-06-28 16:16:39", "elapsed": 5.859253, "delta": 0.39144}}
{"target": -33.30185762351435, "params": {"C": 1032.1179472816766, "gamma": 1.1221904313948867}, "datetime": {"datetime": "2021-06-28 16:16:39", "elapsed": 6.212867, "delta": 0.353614}}
{"target": -33.3796556212642, "params": {"C": 1576.7956366509025, "gamma": 1.112632843145034}, "datetime": {"datetime": "2021-06-28 16:16:39", "elapsed": 6.50987, "delta": 0.297003}}
{"target": -25.885672043808945, "params": {"C": 1033.429205220491, "gamma": 0.44097293128875137}, "datetime": {"datetime": "2021-06-28 16:16:40", "elapsed": 6.851866, "delta": 0.341996}}
{"target": -18.52512668466759, "params": {"C": 1034.5315324940238, "gamma": 0.010832488819022665}, "datetime": {"datetime": "2021-06-28 16:16:40", "elapsed": 7.214871, "delta": 0.363005}}
{"target": -16.72094697412268, "params": {"C": 1638.0118451279914, "gamma": 0.05881288075063501}, "datetime": {"datetime": "2021-06-28 16:16:40", "elapsed": 7.549818, "delta": 0.334947}}
{"target": -33.381853179259764, "params": {"C": 1575.897895621427, "gamma": 1.1129085229633529}, "datetime": {"datetime": "2021-06-28 16:16:41", "elapsed": 7.959819, "delta": 0.410001}}
{"target": -30.88627411528661, "params": {"C": 1576.3175978264208, "gamma": 0.8591635258943926}, "datetime": {"datetime": "2021-06-28 16:16:41", "elapsed": 8.416816, "delta": 0.456997}}
{"target": -19.327857801693074, "params": {"C": 1034.8620901989357, "gamma": 0.13095760550841332}, "datetime": {"datetime": "2021-06-28 16:16:42", "elapsed": 8.746816, "delta": 0.33}}
{"target": -17.603971890853675, "params": {"C": 1032.324733997245, "gamma": 0.019842170743839968}, "datetime": {"datetime": "2021-06-28 16:16:42", "elapsed": 9.123484, "delta": 0.376668}}
{"target": -36.38191873748969, "params": {"C": 1576.9003565575117, "gamma": 1.5012979161042115}, "datetime": {"datetime": "2021-06-28 16:16:42", "elapsed": 9.475069, "delta": 0.351585}}
{"target": -30.723774579487895, "params": {"C": 1032.8972162073637, "gamma": 0.8513884079899542}, "datetime": {"datetime": "2021-06-28 16:16:43", "elapsed": 9.89721, "delta": 0.422141}}
{"target": -28.01219730295998, "params": {"C": 1638.1685201943276, "gamma": 0.6041745458499173}, "datetime": {"datetime": "2021-06-28 16:16:43", "elapsed": 10.24521, "delta": 0.348}}
{"target": -22.737317475729295, "params": {"C": 1031.6158578391144, "gamma": 0.25036348929108104}, "datetime": {"datetime": "2021-06-28 16:16:43", "elapsed": 10.599211, "delta": 0.354001}}
{"target": -24.726168356973922, "params": {"C": 1035.072119756071, "gamma": 0.3607173567421651}, "datetime": {"datetime": "2021-06-28 16:16:44", "elapsed": 10.967822, "delta": 0.368611}}
{"target": -27.91201735264292, "params": {"C": 1577.5175508349707, "gamma": 0.5967547456152327}, "datetime": {"datetime": "2021-06-28 16:16:44", "elapsed": 11.452672, "delta": 0.48485}}
{"target": -25.93842924226842, "params": {"C": 1576.3566168578961, "gamma": 0.43868876419561986}, "datetime": {"datetime": "2021-06-28 16:16:45", "elapsed": 11.796961, "delta": 0.344289}}
{"target": -29.241166714480784, "params": {"C": 1032.4563750800287, "gamma": 0.7146568834982971}, "datetime": {"datetime": "2021-06-28 16:16:45", "elapsed": 12.172957, "delta": 0.375996}}
{"target": -25.57123647056938, "params": {"C": 1035.438077571147, "gamma": 0.4182403646715198}, "datetime": {"datetime": "2021-06-28 16:16:45", "elapsed": 12.600961, "delta": 0.428004}}
{"target": -32.64436883126307, "params": {"C": 1036.5815435078384, "gamma": 1.0479028516446605}, "datetime": {"datetime": "2021-06-28 16:16:46", "elapsed": 12.949966, "delta": 0.349005}}
{"target": -21.89684841507786, "params": {"C": 1577.653368077008, "gamma": 0.20840879753909825}, "datetime": {"datetime": "2021-06-28 16:16:46", "elapsed": 13.342808, "delta": 0.392842}}
{"target": -33.69564528162216, "params": {"C": 1036.6433514759067, "gamma": 1.16861722762508}, "datetime": {"datetime": "2021-06-28 16:16:47", "elapsed": 13.726544, "delta": 0.383736}}
{"target": -31.27091992921524, "params": {"C": 1035.4247489145262, "gamma": 0.9047959858768112}, "datetime": {"datetime": "2021-06-28 16:16:47", "elapsed": 14.156201, "delta": 0.429657}}
{"target": -26.23037432242217, "params": {"C": 1637.3451102478928, "gamma": 0.45987449300264505}, "datetime": {"datetime": "2021-06-28 16:16:47", "elapsed": 14.539196, "delta": 0.382995}}
{"target": -16.99075035114312, "params": {"C": 1637.9187632329044, "gamma": 0.06993427791099714}, "datetime": {"datetime": "2021-06-28 16:16:48", "elapsed": 14.976877, "delta": 0.437681}}
{"target": -17.028448678626766, "params": {"C": 1036.9440281892073, "gamma": 0.06196304958404741}, "datetime": {"datetime": "2021-06-28 16:16:48", "elapsed": 15.347875, "delta": 0.370998}}
{"target": -28.687689751471922, "params": {"C": 1034.3458921120728, "gamma": 0.6662016498251376}, "datetime": {"datetime": "2021-06-28 16:16:49", "elapsed": 15.745845, "delta": 0.39797}}
{"target": -22.006846000785238, "params": {"C": 1576.0504243022947, "gamma": 0.21255874744410905}, "datetime": {"datetime": "2021-06-28 16:16:49", "elapsed": 16.213474, "delta": 0.467629}}
{"target": -22.756878616061385, "params": {"C": 1037.2781671587884, "gamma": 0.25124636115453197}, "datetime": {"datetime": "2021-06-28 16:16:49", "elapsed": 16.650471, "delta": 0.436997}}
{"target": -26.2418011019877, "params": {"C": 1637.0529909676252, "gamma": 0.4607675352190121}, "datetime": {"datetime": "2021-06-28 16:16:50", "elapsed": 17.083494, "delta": 0.433023}}
{"target": -21.81449612312209, "params": {"C": 1033.8671453771296, "gamma": 0.21111355883222413}, "datetime": {"datetime": "2021-06-28 16:16:50", "elapsed": 17.503183, "delta": 0.419689}}
{"target": -24.82135363905532, "params": {"C": 1637.3836570085352, "gamma": 0.35700406488569886}, "datetime": {"datetime": "2021-06-28 16:16:51", "elapsed": 17.878484, "delta": 0.375301}}
{"target": -30.997274514505236, "params": {"C": 1576.9352504260805, "gamma": 0.8696191358893085}, "datetime": {"datetime": "2021-06-28 16:16:51", "elapsed": 18.345472, "delta": 0.466988}}
{"target": -29.05600370861152, "params": {"C": 1035.871624498386, "gamma": 0.6983183083017364}, "datetime": {"datetime": "2021-06-28 16:16:52", "elapsed": 18.72547, "delta": 0.379998}}
{"target": -31.11868842354068, "params": {"C": 1030.6603866817677, "gamma": 0.8897768427284024}, "datetime": {"datetime": "2021-06-28 16:16:52", "elapsed": 19.15847, "delta": 0.433}}
{"target": -34.90903918546165, "params": {"C": 1030.5521552987796, "gamma": 1.324724283199091}, "datetime": {"datetime": "2021-06-28 16:16:52", "elapsed": 19.522719, "delta": 0.364249}}
{"target": -30.649619907287295, "params": {"C": 1032.620185151147, "gamma": 0.8442834118583012}, "datetime": {"datetime": "2021-06-28 16:16:53", "elapsed": 19.919591, "delta": 0.396872}}
{"target": -18.487134887632298, "params": {"C": 1036.1044618871774, "gamma": 0.10822432882843745}, "datetime": {"datetime": "2021-06-28 16:16:53", "elapsed": 20.40959, "delta": 0.489999}}
{"target": -39.1102867047709, "params": {"C": 1636.6167671358717, "gamma": 2.0118360299721547}, "datetime": {"datetime": "2021-06-28 16:16:54", "elapsed": 20.813594, "delta": 0.404004}}
{"target": -16.74759058656624, "params": {"C": 1583.1776828609193, "gamma": 0.05964961433591869}, "datetime": {"datetime": "2021-06-28 16:16:54", "elapsed": 21.201212, "delta": 0.387618}}
{"target": -30.130515882385573, "params": {"C": 1638.5885525313968, "gamma": 0.7882666407038227}, "datetime": {"datetime": "2021-06-28 16:16:55", "elapsed": 21.701067, "delta": 0.499855}}
{"target": -27.503430111648058, "params": {"C": 1031.1806031290448, "gamma": 0.5666981293293121}, "datetime": {"datetime": "2021-06-28 16:16:55", "elapsed": 22.118068, "delta": 0.417001}}
{"target": -17.477951937164715, "params": {"C": 1037.2396363964426, "gamma": 0.021682661222563106}, "datetime": {"datetime": "2021-06-28 16:16:55", "elapsed": 22.553068, "delta": 0.435}}
{"target": -30.80867007512438, "params": {"C": 1636.7774767399796, "gamma": 0.8506430643198242}, "datetime": {"datetime": "2021-06-28 16:16:56", "elapsed": 23.043068, "delta": 0.49}}
{"target": -26.80357900217353, "params": {"C": 1637.0366775884836, "gamma": 0.5051031333120717}, "datetime": {"datetime": "2021-06-28 16:16:56", "elapsed": 23.522294, "delta": 0.479226}}
{"target": -26.793036804416953, "params": {"C": 1583.4919226441193, "gamma": 0.5052092730270353}, "datetime": {"datetime": "2021-06-28 16:16:57", "elapsed": 23.940726, "delta": 0.418432}}
{"target": -28.263170236919915, "params": {"C": 1585.9219352165842, "gamma": 0.6260999281398693}, "datetime": {"datetime": "2021-06-28 16:16:57", "elapsed": 24.397744, "delta": 0.457018}}
{"target": -19.30293320970086, "params": {"C": 1638.2765644536378, "gamma": 0.13028595215063613}, "datetime": {"datetime": "2021-06-28 16:16:58", "elapsed": 24.877089, "delta": 0.479345}}
{"target": -41.98419359351646, "params": {"C": 1585.8593917082658, "gamma": 2.9792684807889467}, "datetime": {"datetime": "2021-06-28 16:16:58", "elapsed": 25.398088, "delta": 0.520999}}
{"target": -24.737251181203842, "params": {"C": 1638.4263133756613, "gamma": 0.35136556341574127}, "datetime": {"datetime": "2021-06-28 16:16:59", "elapsed": 25.84221, "delta": 0.444122}}
{"target": -19.310934365041703, "params": {"C": 1036.0418229972838, "gamma": 0.13050169604885226}, "datetime": {"datetime": "2021-06-28 16:16:59", "elapsed": 26.256208, "delta": 0.413998}}
{"target": -21.92772337556522, "params": {"C": 1576.3320748127894, "gamma": 0.20957822418960764}, "datetime": {"datetime": "2021-06-28 16:17:00", "elapsed": 26.70821, "delta": 0.452002}}
{"target": -27.49619230691163, "params": {"C": 1582.6948048189129, "gamma": 0.5622350207808938}, "datetime": {"datetime": "2021-06-28 16:17:00", "elapsed": 27.205207, "delta": 0.496997}}
{"target": -25.789070694913995, "params": {"C": 1037.262659504842, "gamma": 0.43392638855260696}, "datetime": {"datetime": "2021-06-28 16:17:01", "elapsed": 27.705403, "delta": 0.500196}}
{"target": -29.98882147401619, "params": {"C": 1037.17256819461, "gamma": 0.7822734167152655}, "datetime": {"datetime": "2021-06-28 16:17:01", "elapsed": 28.117406, "delta": 0.412003}}
{"target": -16.85850912482224, "params": {"C": 1034.6983240225563, "gamma": 0.04665361017574912}, "datetime": {"datetime": "2021-06-28 16:17:02", "elapsed": 28.689418, "delta": 0.572012}}
{"target": -25.691308723235228, "params": {"C": 1636.4405699003455, "gamma": 0.41885321808765724}, "datetime": {"datetime": "2021-06-28 16:17:02", "elapsed": 29.189516, "delta": 0.500098}}
{"target": -25.556624468500843, "params": {"C": 1637.7577390349752, "gamma": 0.4088541226325674}, "datetime": {"datetime": "2021-06-28 16:17:03", "elapsed": 29.730987, "delta": 0.541471}}
{"target": -17.30395512561357, "params": {"C": 1035.1357817986527, "gamma": 0.073424399506735}, "datetime": {"datetime": "2021-06-28 16:17:03", "elapsed": 30.228676, "delta": 0.497689}}
{"target": -26.205421882733294, "params": {"C": 1034.3452549656683, "gamma": 0.46473606399956174}, "datetime": {"datetime": "2021-06-28 16:17:04", "elapsed": 30.68267, "delta": 0.453994}}
{"target": -18.991162319013842, "params": {"C": 1036.6920745444404, "gamma": 0.12179112290644484}, "datetime": {"datetime": "2021-06-28 16:17:04", "elapsed": 31.225355, "delta": 0.542685}}
{"target": -17.009466342733333, "params": {"C": 1635.8244692642413, "gamma": 0.0705724983477338}, "datetime": {"datetime": "2021-06-28 16:17:05", "elapsed": 31.695277, "delta": 0.469922}}
{"target": -35.20568974434027, "params": {"C": 1583.5347130218865, "gamma": 1.333332036622524}, "datetime": {"datetime": "2021-06-28 16:17:05", "elapsed": 32.152269, "delta": 0.456992}}
{"target": -21.007102127201495, "params": {"C": 3973.579529035597, "gamma": 0.14967102640439794}, "datetime": {"datetime": "2021-06-28 16:17:05", "elapsed": 32.579271, "delta": 0.427002}}
{"target": -20.459552330463318, "params": {"C": 1035.12397073669, "gamma": 0.1639678550582234}, "datetime": {"datetime": "2021-06-28 16:17:06", "elapsed": 33.100273, "delta": 0.521002}}
{"target": -24.456548303232438, "params": {"C": 1636.5083294816784, "gamma": 0.33321781677833123}, "datetime": {"datetime": "2021-06-28 16:17:06", "elapsed": 33.575053, "delta": 0.47478}}
{"target": -47.0753833158364, "params": {"C": 2776.628306868451, "gamma": 7.5463623526580825}, "datetime": {"datetime": "2021-06-28 16:17:07", "elapsed": 33.982459, "delta": 0.407406}}
{"target": -30.380093408752586, "params": {"C": 1578.1358753212387, "gamma": 0.812129693948138}, "datetime": {"datetime": "2021-06-28 16:17:07", "elapsed": 34.56546, "delta": 0.583001}}
{"target": -26.82940022576129, "params": {"C": 1038.1391690678774, "gamma": 0.5127679037077741}, "datetime": {"datetime": "2021-06-28 16:17:08", "elapsed": 35.020583, "delta": 0.455123}}
{"target": -20.26385490622726, "params": {"C": 1585.3470402738849, "gamma": 0.1560136415078589}, "datetime": {"datetime": "2021-06-28 16:17:08", "elapsed": 35.447584, "delta": 0.427001}}
{"target": -45.09174236693496, "params": {"C": 1415.165482420296, "gamma": 5.961732361091854}, "datetime": {"datetime": "2021-06-28 16:17:09", "elapsed": 35.896804, "delta": 0.44922}}
