{"target": -16.667479847101934, "params": {"C": 4792.252497701861, "gamma": 0.031123253961212426}, "datetime": {"datetime": "2021-06-28 16:49:21", "elapsed": 141.9094, "delta": 1.70145}}
{"target": -16.566697984601852, "params": {"C": 3907.9718069424794, "gamma": 0.03806303932765903}, "datetime": {"datetime": "2021-06-28 16:49:23", "elapsed": 143.631578, "delta": 1.722178}}
{"target": -16.827382863357766, "params": {"C": 3984.8106440380006, "gamma": 0.057600415437474156}, "datetime": {"datetime": "2021-06-28 16:49:24", "elapsed": 145.320678, "delta": 1.6891}}
{"target": -16.893964424155246, "params": {"C": 4016.9409047569056, "gamma": 0.06}, "datetime": {"datetime": "2021-06-28 16:49:26", "elapsed": 146.944174, "delta": 1.623496}}
{"target": -16.59242717974403, "params": {"C": 3948.882027008672, "gamma": 0.03221721533211544}, "datetime": {"datetime": "2021-06-28 16:49:28", "elapsed": 148.553175, "delta": 1.609001}}
{"target": -16.601763651730884, "params": {"C": 4052.720277049657, "gamma": 0.031994164717296755}, "datetime": {"datetime": "2021-06-28 16:49:30", "elapsed": 150.867109, "delta": 2.313934}}
{"target": -16.671218206955167, "params": {"C": 2514.721353054004, "gamma": 0.05766081457112461}, "datetime": {"datetime": "2021-06-28 16:49:32", "elapsed": 152.534828, "delta": 1.667719}}
{"target": -16.777251707160506, "params": {"C": 1319.4225545950985, "gamma": 0.05691050216075916}, "datetime": {"datetime": "2021-06-28 16:49:33", "elapsed": 154.25214, "delta": 1.717312}}
{"target": -16.49681903286026, "params": {"C": 2822.5592114041106, "gamma": 0.037491399728828805}, "datetime": {"datetime": "2021-06-28 16:49:34", "elapsed": 155.471487, "delta": 1.219347}}
{"target": -16.743695951671743, "params": {"C": 4981.417657117192, "gamma": 0.04682165605827327}, "datetime": {"datetime": "2021-06-28 16:49:36", "elapsed": 156.948596, "delta": 1.477109}}
{"target": -16.666734358484163, "params": {"C": 1932.7684879606425, "gamma": 0.05770529124459808}, "datetime": {"datetime": "2021-06-28 16:49:37", "elapsed": 158.118594, "delta": 1.169998}}
{"target": -16.49814071546243, "params": {"C": 2930.701103678102, "gamma": 0.038102294437523984}, "datetime": {"datetime": "2021-06-28 16:49:38", "elapsed": 159.07262, "delta": 0.954026}}
{"target": -16.665258168958104, "params": {"C": 1568.8279109757543, "gamma": 0.05470278786604589}, "datetime": {"datetime": "2021-06-28 16:49:39", "elapsed": 160.046247, "delta": 0.973627}}
{"target": -16.48899210947788, "params": {"C": 2749.267662600744, "gamma": 0.039433025239179256}, "datetime": {"datetime": "2021-06-28 16:49:40", "elapsed": 161.291895, "delta": 1.245648}}
{"target": -16.516675644382673, "params": {"C": 1968.1703352408617, "gamma": 0.045928372740176776}, "datetime": {"datetime": "2021-06-28 16:49:42", "elapsed": 162.824805, "delta": 1.53291}}
{"target": -16.559269233998748, "params": {"C": 3743.443814046676, "gamma": 0.035013765568069594}, "datetime": {"datetime": "2021-06-28 16:49:43", "elapsed": 164.056647, "delta": 1.231842}}
{"target": -16.659069981134362, "params": {"C": 3430.9516093253537, "gamma": 0.05285295377150886}, "datetime": {"datetime": "2021-06-28 16:49:45", "elapsed": 165.667477, "delta": 1.61083}}
{"target": -16.585692171141474, "params": {"C": 3363.610039625316, "gamma": 0.048579804244416595}, "datetime": {"datetime": "2021-06-28 16:49:46", "elapsed": 167.25755, "delta": 1.590073}}
{"target": -16.630936902878386, "params": {"C": 3834.9183205929207, "gamma": 0.04825675282576157}, "datetime": {"datetime": "2021-06-28 16:49:48", "elapsed": 168.767549, "delta": 1.509999}}
{"target": -16.517009533481016, "params": {"C": 2650.945867724864, "gamma": 0.034576926536163344}, "datetime": {"datetime": "2021-06-28 16:49:49", "elapsed": 170.455632, "delta": 1.688083}}
{"target": -16.512343435074513, "params": {"C": 2580.013824447291, "gamma": 0.03511598719336083}, "datetime": {"datetime": "2021-06-28 16:49:51", "elapsed": 172.186214, "delta": 1.730582}}
{"target": -16.51797500111166, "params": {"C": 2206.091336356822, "gamma": 0.048052881520197724}, "datetime": {"datetime": "2021-06-28 16:49:52", "elapsed": 173.368833, "delta": 1.182619}}
{"target": -16.770926326948242, "params": {"C": 3557.5266865349568, "gamma": 0.05749785347028974}, "datetime": {"datetime": "2021-06-28 16:49:54", "elapsed": 174.67282, "delta": 1.303987}}
{"target": -16.59595416418868, "params": {"C": 3579.7737418743695, "gamma": 0.03}, "datetime": {"datetime": "2021-06-28 16:49:55", "elapsed": 175.827763, "delta": 1.154943}}
{"target": -16.606857663071672, "params": {"C": 3800.992359782286, "gamma": 0.03}, "datetime": {"datetime": "2021-06-28 16:49:56", "elapsed": 177.288538, "delta": 1.460775}}
{"target": -16.544208614336362, "params": {"C": 3058.3965738044626, "gamma": 0.047375017732092545}, "datetime": {"datetime": "2021-06-28 16:49:58", "elapsed": 178.978535, "delta": 1.689997}}
{"target": -16.678095969174894, "params": {"C": 4699.938338922848, "gamma": 0.04386703224225874}, "datetime": {"datetime": "2021-06-28 16:49:59", "elapsed": 180.110538, "delta": 1.132003}}
{"target": -16.582612108431277, "params": {"C": 3113.727452190944, "gamma": 0.05008910635944211}, "datetime": {"datetime": "2021-06-28 16:50:00", "elapsed": 181.28597, "delta": 1.175432}}
{"target": -16.718583313990347, "params": {"C": 2432.2961091425523, "gamma": 0.06}, "datetime": {"datetime": "2021-06-28 16:50:01", "elapsed": 182.379629, "delta": 1.093659}}
{"target": -16.491420933786063, "params": {"C": 2463.636946256586, "gamma": 0.03816407227391519}, "datetime": {"datetime": "2021-06-28 16:50:03", "elapsed": 183.674713, "delta": 1.295084}}
{"target": -16.785179437717225, "params": {"C": 1530.1610527895152, "gamma": 0.03}, "datetime": {"datetime": "2021-06-28 16:50:04", "elapsed": 185.038261, "delta": 1.363548}}
{"target": -16.61218759360207, "params": {"C": 1501.5785004098125, "gamma": 0.04761896068803684}, "datetime": {"datetime": "2021-06-28 16:50:05", "elapsed": 186.253517, "delta": 1.215256}}
{"target": -16.518871931767602, "params": {"C": 2229.1947379654316, "gamma": 0.035975364779212066}, "datetime": {"datetime": "2021-06-28 16:50:06", "elapsed": 187.476666, "delta": 1.223149}}
{"target": -16.515407102840843, "params": {"C": 2996.6801408728343, "gamma": 0.04461217204970946}, "datetime": {"datetime": "2021-06-28 16:50:08", "elapsed": 188.806661, "delta": 1.329995}}
{"target": -16.634271522506225, "params": {"C": 3866.5494426862037, "gamma": 0.048244061843094245}, "datetime": {"datetime": "2021-06-28 16:50:09", "elapsed": 190.000008, "delta": 1.193347}}
{"target": -16.70703946310628, "params": {"C": 2675.2477778171556, "gamma": 0.05877877037844727}, "datetime": {"datetime": "2021-06-28 16:50:10", "elapsed": 191.408689, "delta": 1.408681}}
{"target": -16.889100340680933, "params": {"C": 4258.491917371897, "gamma": 0.05861428024388125}, "datetime": {"datetime": "2021-06-28 16:50:12", "elapsed": 193.000957, "delta": 1.592268}}
{"target": -16.545384108388024, "params": {"C": 2628.532360503479, "gamma": 0.032408775372520696}, "datetime": {"datetime": "2021-06-28 16:50:13", "elapsed": 194.47615, "delta": 1.475193}}
{"target": -16.7372293420998, "params": {"C": 2693.8330112665244, "gamma": 0.06}, "datetime": {"datetime": "2021-06-28 16:50:16", "elapsed": 196.756652, "delta": 2.280502}}
{"target": -16.552839896392804, "params": {"C": 2713.6128335046797, "gamma": 0.0501360466144649}, "datetime": {"datetime": "2021-06-28 16:50:17", "elapsed": 197.928141, "delta": 1.171489}}
{"target": -16.603168840550037, "params": {"C": 4159.631564374378, "gamma": 0.041765624264114024}, "datetime": {"datetime": "2021-06-28 16:50:18", "elapsed": 199.160906, "delta": 1.232765}}
{"target": -16.746779168583142, "params": {"C": 1634.1950632739536, "gamma": 0.03}, "datetime": {"datetime": "2021-06-28 16:50:20", "elapsed": 200.555602, "delta": 1.394696}}
{"target": -16.86915680761432, "params": {"C": 4215.3187222808465, "gamma": 0.05806555563724042}, "datetime": {"datetime": "2021-06-28 16:50:21", "elapsed": 201.762659, "delta": 1.207057}}
{"target": -16.659193202872345, "params": {"C": 1365.202720471722, "gamma": 0.04716137994815787}, "datetime": {"datetime": "2021-06-28 16:50:22", "elapsed": 202.775292, "delta": 1.012633}}
{"target": -16.644570064827885, "params": {"C": 4625.381215541513, "gamma": 0.03254958494075045}, "datetime": {"datetime": "2021-06-28 16:50:23", "elapsed": 203.913868, "delta": 1.138576}}
{"target": -16.59033217132259, "params": {"C": 1669.3594049710598, "gamma": 0.03746903188514198}, "datetime": {"datetime": "2021-06-28 16:50:24", "elapsed": 204.878661, "delta": 0.964793}}
{"target": -16.58291078673349, "params": {"C": 3156.47028036782, "gamma": 0.03}, "datetime": {"datetime": "2021-06-28 16:50:25", "elapsed": 206.335391, "delta": 1.45673}}
{"target": -16.635231829238148, "params": {"C": 1430.958251544213, "gamma": 0.04752460049929284}, "datetime": {"datetime": "2021-06-28 16:50:26", "elapsed": 207.435051, "delta": 1.09966}}
{"target": -16.761005185086287, "params": {"C": 4413.67162600072, "gamma": 0.052093868014006194}, "datetime": {"datetime": "2021-06-28 16:50:28", "elapsed": 208.696048, "delta": 1.260997}}
{"target": -16.76343758366902, "params": {"C": 2966.887911735738, "gamma": 0.06}, "datetime": {"datetime": "2021-06-28 16:50:29", "elapsed": 209.830862, "delta": 1.134814}}
{"target": -16.663482051213357, "params": {"C": 3331.7912298052624, "gamma": 0.05367198290123833}, "datetime": {"datetime": "2021-06-28 16:50:30", "elapsed": 210.767867, "delta": 0.937005}}
{"target": -16.488367292289713, "params": {"C": 2257.2663693457766, "gamma": 0.041057763449147563}, "datetime": {"datetime": "2021-06-28 16:50:31", "elapsed": 212.122341, "delta": 1.354474}}
{"target": -16.489347301957913, "params": {"C": 2556.6026437098053, "gamma": 0.03841963338261253}, "datetime": {"datetime": "2021-06-28 16:50:32", "elapsed": 213.226381, "delta": 1.10404}}
{"target": -16.678839144051427, "params": {"C": 1828.0325743123776, "gamma": 0.05792309795695315}, "datetime": {"datetime": "2021-06-28 16:50:33", "elapsed": 214.274385, "delta": 1.048004}}
{"target": -16.761961963332837, "params": {"C": 3457.7648275498077, "gamma": 0.05763089637948669}, "datetime": {"datetime": "2021-06-28 16:50:35", "elapsed": 215.558165, "delta": 1.28378}}
{"target": -16.59184750103255, "params": {"C": 3479.883640802221, "gamma": 0.03}, "datetime": {"datetime": "2021-06-28 16:50:36", "elapsed": 216.531754, "delta": 0.973589}}
{"target": -16.559783003932264, "params": {"C": 3639.7467349968174, "gamma": 0.033689156901294114}, "datetime": {"datetime": "2021-06-28 16:50:37", "elapsed": 217.804647, "delta": 1.272893}}
{"target": -16.503209393991717, "params": {"C": 2047.4112663648077, "gamma": 0.04070322294777686}, "datetime": {"datetime": "2021-06-28 16:50:38", "elapsed": 218.615644, "delta": 0.810997}}
{"target": -16.510929212734343, "params": {"C": 2003.361659526322, "gamma": 0.04536909120556078}, "datetime": {"datetime": "2021-06-28 16:50:39", "elapsed": 219.693024, "delta": 1.07738}}
{"target": -16.497834063656587, "params": {"C": 2178.89016267047, "gamma": 0.039271794098508124}, "datetime": {"datetime": "2021-06-28 16:50:40", "elapsed": 221.021888, "delta": 1.328864}}
{"target": -16.5301862545587, "params": {"C": 3024.834805742596, "gamma": 0.04621537169644112}, "datetime": {"datetime": "2021-06-28 16:50:41", "elapsed": 222.037298, "delta": 1.01541}}
{"target": -16.76837367053902, "params": {"C": 3308.9726293110825, "gamma": 0.05863874462553496}, "datetime": {"datetime": "2021-06-28 16:50:42", "elapsed": 222.843292, "delta": 0.805994}}
{"target": -16.735974762520755, "params": {"C": 3287.130084712665, "gamma": 0.05737397226593406}, "datetime": {"datetime": "2021-06-28 16:50:43", "elapsed": 224.18247, "delta": 1.339178}}
{"target": -16.654346198974523, "params": {"C": 4116.873800429608, "gamma": 0.04763506595277767}, "datetime": {"datetime": "2021-06-28 16:50:44", "elapsed": 225.457425, "delta": 1.274955}}
{"target": -16.725288084993633, "params": {"C": 4655.290586543424, "gamma": 0.04823986823808856}, "datetime": {"datetime": "2021-06-28 16:50:46", "elapsed": 226.544077, "delta": 1.086652}}
{"target": -16.58234255857918, "params": {"C": 2855.876121766338, "gamma": 0.03}, "datetime": {"datetime": "2021-06-28 16:50:47", "elapsed": 227.605323, "delta": 1.061246}}
{"target": -16.732569400481236, "params": {"C": 3775.118468897522, "gamma": 0.054584300758290204}, "datetime": {"datetime": "2021-06-28 16:50:48", "elapsed": 228.521326, "delta": 0.916003}}
{"target": -16.606618720151292, "params": {"C": 2100.348103050841, "gamma": 0.0313105290602788}, "datetime": {"datetime": "2021-06-28 16:50:49", "elapsed": 229.635392, "delta": 1.114066}}
{"target": -16.590975060354353, "params": {"C": 3616.7076647785757, "gamma": 0.030483369626254853}, "datetime": {"datetime": "2021-06-28 16:50:50", "elapsed": 230.756004, "delta": 1.120612}}
{"target": -16.534083504075596, "params": {"C": 1804.6689688302793, "gamma": 0.04122383219080049}, "datetime": {"datetime": "2021-06-28 16:50:51", "elapsed": 231.774471, "delta": 1.018467}}
{"target": -16.583035019019192, "params": {"C": 2812.678554206201, "gamma": 0.03}, "datetime": {"datetime": "2021-06-28 16:50:52", "elapsed": 232.751094, "delta": 0.976623}}
{"target": -16.788818079354414, "params": {"C": 4565.017741680863, "gamma": 0.05256944453816254}, "datetime": {"datetime": "2021-06-28 16:50:53", "elapsed": 233.947872, "delta": 1.196778}}
{"target": -16.81374287958998, "params": {"C": 4589.313089119829, "gamma": 0.05364254604939486}, "datetime": {"datetime": "2021-06-28 16:50:54", "elapsed": 235.070132, "delta": 1.12226}}
{"target": -16.611549564257533, "params": {"C": 4322.481827564452, "gamma": 0.033927325873999395}, "datetime": {"datetime": "2021-06-28 16:50:55", "elapsed": 235.940879, "delta": 0.870747}}
{"target": -16.730038426609966, "params": {"C": 2740.4283798804386, "gamma": 0.05953125762894392}, "datetime": {"datetime": "2021-06-28 16:50:56", "elapsed": 236.92162, "delta": 0.980741}}
{"target": -16.667948003360166, "params": {"C": 2757.701377334772, "gamma": 0.056684456297811756}, "datetime": {"datetime": "2021-06-28 16:50:57", "elapsed": 237.969161, "delta": 1.047541}}
{"target": -16.649131774767426, "params": {"C": 4446.985801620676, "gamma": 0.03}, "datetime": {"datetime": "2021-06-28 16:50:58", "elapsed": 238.937685, "delta": 0.968524}}
{"target": -16.709699398478573, "params": {"C": 4855.948675600546, "gamma": 0.04522297685027671}, "datetime": {"datetime": "2021-06-28 16:50:59", "elapsed": 239.942108, "delta": 1.004423}}
{"target": -16.570925856989845, "params": {"C": 3529.4742526369037, "gamma": 0.03176985291509785}, "datetime": {"datetime": "2021-06-28 16:51:00", "elapsed": 240.932106, "delta": 0.989998}}
{"target": -16.63076258065221, "params": {"C": 4189.290994790403, "gamma": 0.03}, "datetime": {"datetime": "2021-06-28 16:51:01", "elapsed": 242.109582, "delta": 1.177476}}
{"target": -16.652794388509044, "params": {"C": 1394.5049851956014, "gamma": 0.040996140275215934}, "datetime": {"datetime": "2021-06-28 16:51:03", "elapsed": 243.604694, "delta": 1.495112}}
{"target": -16.57214079664407, "params": {"C": 2604.7161607726666, "gamma": 0.05193714424324654}, "datetime": {"datetime": "2021-06-28 16:51:04", "elapsed": 244.753348, "delta": 1.148654}}
{"target": -16.5250636763245, "params": {"C": 3084.232759276452, "gamma": 0.03441543247364213}, "datetime": {"datetime": "2021-06-28 16:51:05", "elapsed": 246.084463, "delta": 1.331115}}
{"target": -16.708659745143706, "params": {"C": 4780.313263357097, "gamma": 0.045885651260096916}, "datetime": {"datetime": "2021-06-28 16:51:06", "elapsed": 247.273184, "delta": 1.188721}}
{"target": -16.571809889413537, "params": {"C": 2832.009763845612, "gamma": 0.050940174562216056}, "datetime": {"datetime": "2021-06-28 16:51:08", "elapsed": 248.604143, "delta": 1.330959}}
{"target": -16.657299744208988, "params": {"C": 1466.8843823278871, "gamma": 0.05190493661494552}, "datetime": {"datetime": "2021-06-28 16:51:09", "elapsed": 249.643034, "delta": 1.038891}}
{"target": -16.52382196288578, "params": {"C": 2485.6624650848034, "gamma": 0.04854239581655165}, "datetime": {"datetime": "2021-06-28 16:51:10", "elapsed": 251.037851, "delta": 1.394817}}
{"target": -16.496616017047717, "params": {"C": 2360.223477780837, "gamma": 0.03775325092223523}, "datetime": {"datetime": "2021-06-28 16:51:11", "elapsed": 252.049131, "delta": 1.01128}}
{"target": -16.685899319208133, "params": {"C": 4297.071730195217, "gamma": 0.048421581432384696}, "datetime": {"datetime": "2021-06-28 16:51:12", "elapsed": 253.076771, "delta": 1.02764}}
{"target": -16.513390580269775, "params": {"C": 2876.4252488558423, "gamma": 0.03510075749112821}, "datetime": {"datetime": "2021-06-28 16:51:13", "elapsed": 254.358676, "delta": 1.281905}}
{"target": -16.66323623669831, "params": {"C": 4830.782391336941, "gamma": 0.039603341943173886}, "datetime": {"datetime": "2021-06-28 16:51:14", "elapsed": 255.509159, "delta": 1.150483}}
{"target": -16.53447196031035, "params": {"C": 2774.6749482733276, "gamma": 0.048322432363263}, "datetime": {"datetime": "2021-06-28 16:51:16", "elapsed": 256.680822, "delta": 1.171663}}
{"target": -16.500422924789717, "params": {"C": 2789.821154760758, "gamma": 0.036662868036367466}, "datetime": {"datetime": "2021-06-28 16:51:17", "elapsed": 257.806485, "delta": 1.125663}}
{"target": -16.572289726486396, "params": {"C": 3898.5272540739, "gamma": 0.03479251965996826}, "datetime": {"datetime": "2021-06-28 16:51:18", "elapsed": 259.022443, "delta": 1.215958}}
{"target": -16.63319177893772, "params": {"C": 4496.786777993617, "gamma": 0.032588468045384275}, "datetime": {"datetime": "2021-06-28 16:51:19", "elapsed": 260.210978, "delta": 1.188535}}
{"target": -16.715776601639405, "params": {"C": 1727.1484362324034, "gamma": 0.030064252331500292}, "datetime": {"datetime": "2021-06-28 16:51:20", "elapsed": 261.319139, "delta": 1.108161}}
{"target": -17.017040476351678, "params": {"C": 4926.076157974352, "gamma": 0.06}, "datetime": {"datetime": "2021-06-28 16:51:22", "elapsed": 262.787748, "delta": 1.468609}}
{"target": -17.01995942682877, "params": {"C": 4947.769924354556, "gamma": 0.06}, "datetime": {"datetime": "2021-06-28 16:51:23", "elapsed": 264.353082, "delta": 1.565334}}
{"target": -16.873004951266317, "params": {"C": 4904.824248359696, "gamma": 0.05454288179813034}, "datetime": {"datetime": "2021-06-28 16:51:25", "elapsed": 265.554213, "delta": 1.201131}}
{"target": -16.67150095025002, "params": {"C": 4969.5949778394815, "gamma": 0.03770538846062986}, "datetime": {"datetime": "2021-06-28 16:51:26", "elapsed": 266.587931, "delta": 1.033718}}
{"target": -16.66071046257019, "params": {"C": 4880.317879209807, "gamma": 0.036786543723182435}, "datetime": {"datetime": "2021-06-28 16:51:27", "elapsed": 268.081892, "delta": 1.493961}}
{"target": -16.621650844226618, "params": {"C": 4346.569224594734, "gamma": 0.041560345876312715}, "datetime": {"datetime": "2021-06-28 16:51:28", "elapsed": 269.141935, "delta": 1.060043}}
{"target": -16.717766151912976, "params": {"C": 4754.672340849283, "gamma": 0.046854414493139505}, "datetime": {"datetime": "2021-06-28 16:51:29", "elapsed": 270.221195, "delta": 1.07926}}
{"target": -16.69854127075342, "params": {"C": 2124.946403385513, "gamma": 0.05951555055319695}, "datetime": {"datetime": "2021-06-28 16:51:30", "elapsed": 271.452174, "delta": 1.230979}}
{"target": -16.813702416911124, "params": {"C": 4079.892039467404, "gamma": 0.05652616732680456}, "datetime": {"datetime": "2021-06-28 16:51:32", "elapsed": 272.576224, "delta": 1.12405}}
{"target": -16.491923231881746, "params": {"C": 2396.46880233341, "gamma": 0.03836743169410189}, "datetime": {"datetime": "2021-06-28 16:51:33", "elapsed": 273.705566, "delta": 1.129342}}
{"target": -16.53809064791264, "params": {"C": 3501.5004182606986, "gamma": 0.04149439406202529}, "datetime": {"datetime": "2021-06-28 16:51:34", "elapsed": 275.118902, "delta": 1.413336}}
{"target": -16.533969721510193, "params": {"C": 2939.5511271023984, "gamma": 0.03316649741937761}, "datetime": {"datetime": "2021-06-28 16:51:35", "elapsed": 276.376081, "delta": 1.257179}}
{"target": -16.938873051624018, "params": {"C": 4733.228220411309, "gamma": 0.05811556242237424}, "datetime": {"datetime": "2021-06-28 16:51:36", "elapsed": 277.451541, "delta": 1.07546}}
{"target": -16.646784121286338, "params": {"C": 4710.699031789292, "gamma": 0.03857229109658646}, "datetime": {"datetime": "2021-06-28 16:51:37", "elapsed": 278.469539, "delta": 1.017998}}
{"target": -16.521627330671066, "params": {"C": 3123.8259887767294, "gamma": 0.035042987258392076}, "datetime": {"datetime": "2021-06-28 16:51:39", "elapsed": 279.947127, "delta": 1.477588}}
