{"target": -23.944022621799032, "params": {"C": 64.75903559901148, "gamma": 0.09076884733138338}, "datetime": {"datetime": "2021-06-28 15:32:30", "elapsed": 343.162369, "delta": 2.608351}}
{"target": -24.07280019011532, "params": {"C": 64.67291067971966, "gamma": 0.09458696394429804}, "datetime": {"datetime": "2021-06-28 15:32:33", "elapsed": 346.135521, "delta": 2.973152}}
{"target": -22.597159523680105, "params": {"C": 64.77338306256665, "gamma": 0.024975777243471897}, "datetime": {"datetime": "2021-06-28 15:32:36", "elapsed": 348.652816, "delta": 2.517295}}
{"target": -24.514042169411425, "params": {"C": 36.36488655533072, "gamma": 0.04290355535360853}, "datetime": {"datetime": "2021-06-28 15:32:38", "elapsed": 350.76228, "delta": 2.109464}}
{"target": -40.92293433403198, "params": {"C": 45.41305505111822, "gamma": 7.1188627291513855}, "datetime": {"datetime": "2021-06-28 15:32:40", "elapsed": 352.455598, "delta": 1.693318}}
{"target": -22.82092370060747, "params": {"C": 64.76134536528023, "gamma": 0.053961233946291036}, "datetime": {"datetime": "2021-06-28 15:32:42", "elapsed": 354.471407, "delta": 2.015809}}
{"target": -24.965358927248396, "params": {"C": 64.86777747655317, "gamma": 0.12339093062962304}, "datetime": {"datetime": "2021-06-28 15:32:43", "elapsed": 356.268271, "delta": 1.796864}}
{"target": -40.94364686686742, "params": {"C": 48.77331248165442, "gamma": 7.302101698501274}, "datetime": {"datetime": "2021-06-28 15:32:45", "elapsed": 357.637589, "delta": 1.369318}}
{"target": -29.10359970829554, "params": {"C": 64.6768871908648, "gamma": 0.3229051179469443}, "datetime": {"datetime": "2021-06-28 15:32:47", "elapsed": 359.834166, "delta": 2.196577}}
{"target": -40.99728033975049, "params": {"C": 43.782711318343615, "gamma": 8.652904904214044}, "datetime": {"datetime": "2021-06-28 15:32:48", "elapsed": 361.288732, "delta": 1.454566}}
{"target": -40.96554002217834, "params": {"C": 20.73174221847101, "gamma": 6.513622216614143}, "datetime": {"datetime": "2021-06-28 15:32:50", "elapsed": 362.790717, "delta": 1.501985}}
{"target": -23.784220339818816, "params": {"C": 65.06835806906281, "gamma": 0.08637334793167173}, "datetime": {"datetime": "2021-06-28 15:32:53", "elapsed": 365.62712, "delta": 2.836403}}
{"target": -25.408848344190897, "params": {"C": 36.154885889061255, "gamma": 0.0706324814932087}, "datetime": {"datetime": "2021-06-28 15:32:56", "elapsed": 368.693303, "delta": 3.066183}}
{"target": -26.92634044650618, "params": {"C": 50.58043346565715, "gamma": 0.1616409241497316}, "datetime": {"datetime": "2021-06-28 15:32:58", "elapsed": 370.989622, "delta": 2.296319}}
{"target": -33.407202531700584, "params": {"C": 67.09820829920811, "gamma": 0.7325440361827974}, "datetime": {"datetime": "2021-06-28 15:33:00", "elapsed": 372.415499, "delta": 1.425877}}
{"target": -23.557751024284094, "params": {"C": 64.98298897484501, "gamma": 0.07923984527928511}, "datetime": {"datetime": "2021-06-28 15:33:02", "elapsed": 375.222731, "delta": 2.807232}}
{"target": -40.97682292460414, "params": {"C": 39.814973421062405, "gamma": 8.359556775596857}, "datetime": {"datetime": "2021-06-28 15:33:04", "elapsed": 376.645391, "delta": 1.42266}}
{"target": -26.35586532529599, "params": {"C": 36.360130079762286, "gamma": 0.006020656646746284}, "datetime": {"datetime": "2021-06-28 15:33:06", "elapsed": 378.724398, "delta": 2.079007}}
{"target": -29.45342397344332, "params": {"C": 36.20438955480084, "gamma": 0.2199259554620385}, "datetime": {"datetime": "2021-06-28 15:33:08", "elapsed": 380.409692, "delta": 1.685294}}
{"target": -23.992819095653424, "params": {"C": 65.04866859756038, "gamma": 0.09275414376409251}, "datetime": {"datetime": "2021-06-28 15:33:10", "elapsed": 382.97693, "delta": 2.567238}}
{"target": -40.74631499520159, "params": {"C": 68.25553928792473, "gamma": 5.192333485946929}, "datetime": {"datetime": "2021-06-28 15:33:12", "elapsed": 384.555771, "delta": 1.578841}}
{"target": -22.718546041300318, "params": {"C": 64.75879999431088, "gamma": 0.049606421505389305}, "datetime": {"datetime": "2021-06-28 15:33:14", "elapsed": 387.153485, "delta": 2.597714}}
{"target": -31.900115063687508, "params": {"C": 36.23551343179774, "gamma": 0.001250458511382361}, "datetime": {"datetime": "2021-06-28 15:33:17", "elapsed": 389.648525, "delta": 2.49504}}
{"target": -32.79817290327359, "params": {"C": 9.266073802182431, "gamma": 0.13523344280558883}, "datetime": {"datetime": "2021-06-28 15:33:18", "elapsed": 391.095165, "delta": 1.44664}}
{"target": -22.63881430299706, "params": {"C": 64.63915468431068, "gamma": 0.0453732787499953}, "datetime": {"datetime": "2021-06-28 15:33:20", "elapsed": 392.895574, "delta": 1.800409}}
{"target": -23.175816504801027, "params": {"C": 64.61164615501879, "gamma": 0.06642109832917592}, "datetime": {"datetime": "2021-06-28 15:33:22", "elapsed": 394.888304, "delta": 1.99273}}
{"target": -25.261930722442415, "params": {"C": 64.88599057962746, "gamma": 0.1335434089189918}, "datetime": {"datetime": "2021-06-28 15:33:24", "elapsed": 397.376405, "delta": 2.488101}}
{"target": -24.59103510110272, "params": {"C": 36.433162444840356, "gamma": 0.04616163427927826}, "datetime": {"datetime": "2021-06-28 15:33:28", "elapsed": 401.105773, "delta": 3.729368}}
{"target": -22.743749502540446, "params": {"C": 64.6567637968257, "gamma": 0.05050531629829889}, "datetime": {"datetime": "2021-06-28 15:33:30", "elapsed": 403.352137, "delta": 2.246364}}
{"target": -22.652051448619947, "params": {"C": 64.99347453795869, "gamma": 0.04698374099562164}, "datetime": {"datetime": "2021-06-28 15:33:33", "elapsed": 405.6453, "delta": 2.293163}}
{"target": -27.86045476962606, "params": {"C": 64.70225125559381, "gamma": 0.24720472831151383}, "datetime": {"datetime": "2021-06-28 15:33:35", "elapsed": 407.69986, "delta": 2.05456}}
{"target": -26.98296572202582, "params": {"C": 64.63637030395101, "gamma": 0.20245176831893166}, "datetime": {"datetime": "2021-06-28 15:33:37", "elapsed": 410.002867, "delta": 2.303007}}
{"target": -22.506603909055332, "params": {"C": 64.88305211332172, "gamma": 0.03099925253329608}, "datetime": {"datetime": "2021-06-28 15:33:41", "elapsed": 413.570296, "delta": 3.567429}}
{"target": -23.55301751096355, "params": {"C": 65.1096301870427, "gamma": 0.07930323535917495}, "datetime": {"datetime": "2021-06-28 15:33:46", "elapsed": 418.567715, "delta": 4.997419}}
{"target": -24.496615923384585, "params": {"C": 65.0556927951081, "gamma": 0.10847503903419961}, "datetime": {"datetime": "2021-06-28 15:33:48", "elapsed": 421.373714, "delta": 2.805999}}
{"target": -22.566040807499892, "params": {"C": 64.82873975901207, "gamma": 0.041446911529273094}, "datetime": {"datetime": "2021-06-28 15:33:52", "elapsed": 424.973828, "delta": 3.600114}}
{"target": -24.654060162273915, "params": {"C": 64.87518505958602, "gamma": 0.11319349767563586}, "datetime": {"datetime": "2021-06-28 15:33:57", "elapsed": 430.055299, "delta": 5.081471}}
{"target": -22.498108786732175, "params": {"C": 65.0972933125158, "gamma": 0.030774170987002573}, "datetime": {"datetime": "2021-06-28 15:34:00", "elapsed": 433.121366, "delta": 3.066067}}
{"target": -25.72144022547414, "params": {"C": 64.59010708031586, "gamma": 0.14952859091698473}, "datetime": {"datetime": "2021-06-28 15:34:03", "elapsed": 435.936124, "delta": 2.814758}}
{"target": -23.192689361466055, "params": {"C": 64.96988856459645, "gamma": 0.014228316785697318}, "datetime": {"datetime": "2021-06-28 15:34:06", "elapsed": 438.584743, "delta": 2.648619}}
{"target": -25.384053677911805, "params": {"C": 64.86682965879383, "gamma": 0.1378004519443631}, "datetime": {"datetime": "2021-06-28 15:34:08", "elapsed": 440.822259, "delta": 2.237516}}
{"target": -22.76212249852703, "params": {"C": 64.70576757135335, "gamma": 0.051410843519885646}, "datetime": {"datetime": "2021-06-28 15:34:11", "elapsed": 443.824024, "delta": 3.001765}}
{"target": -22.654855539452022, "params": {"C": 64.97174356915676, "gamma": 0.04707124320624147}, "datetime": {"datetime": "2021-06-28 15:34:13", "elapsed": 446.370777, "delta": 2.546753}}
{"target": -27.212178946310107, "params": {"C": 64.48977198489767, "gamma": 0.2130330141156814}, "datetime": {"datetime": "2021-06-28 15:34:16", "elapsed": 448.969359, "delta": 2.598582}}
{"target": -40.51330359859958, "params": {"C": 16.024152674156237, "gamma": 2.613812118740464}, "datetime": {"datetime": "2021-06-28 15:34:18", "elapsed": 450.675358, "delta": 1.705999}}
{"target": -25.46504457902913, "params": {"C": 65.20568998088136, "gamma": 0.141361989374789}, "datetime": {"datetime": "2021-06-28 15:34:20", "elapsed": 453.129357, "delta": 2.453999}}
{"target": -25.583674631656177, "params": {"C": 64.74281980805992, "gamma": 0.14474623534398548}, "datetime": {"datetime": "2021-06-28 15:34:24", "elapsed": 456.647657, "delta": 3.5183}}
{"target": -24.925655906765304, "params": {"C": 36.271035682456564, "gamma": 0.05675392170799112}, "datetime": {"datetime": "2021-06-28 15:34:27", "elapsed": 459.810851, "delta": 3.163194}}
{"target": -24.13185500383033, "params": {"C": 64.95855348108462, "gamma": 0.09689230396182728}, "datetime": {"datetime": "2021-06-28 15:34:30", "elapsed": 462.944635, "delta": 3.133784}}
{"target": -27.90049348609489, "params": {"C": 65.04424286936074, "gamma": 0.25041184636205244}, "datetime": {"datetime": "2021-06-28 15:34:34", "elapsed": 467.173098, "delta": 4.228463}}
{"target": -24.41788547383117, "params": {"C": 65.01997252009667, "gamma": 0.10592205431894881}, "datetime": {"datetime": "2021-06-28 15:34:39", "elapsed": 471.430604, "delta": 4.257506}}
{"target": -23.93403720338199, "params": {"C": 65.00659395867905, "gamma": 0.09087555182544996}, "datetime": {"datetime": "2021-06-28 15:34:42", "elapsed": 474.559359, "delta": 3.128755}}
{"target": -39.91213430741712, "params": {"C": 59.42613806849764, "gamma": 3.012428563612308}, "datetime": {"datetime": "2021-06-28 15:34:44", "elapsed": 477.223378, "delta": 2.664019}}
{"target": -22.5235883428149, "params": {"C": 64.63795830203527, "gamma": 0.030084718961968467}, "datetime": {"datetime": "2021-06-28 15:34:48", "elapsed": 480.933047, "delta": 3.709669}}
{"target": -40.76716542984193, "params": {"C": 78.00945345925851, "gamma": 5.141997883600211}, "datetime": {"datetime": "2021-06-28 15:34:50", "elapsed": 482.682054, "delta": 1.749007}}
{"target": -22.781725387906196, "params": {"C": 64.87080597384613, "gamma": 0.05258847004710286}, "datetime": {"datetime": "2021-06-28 15:34:53", "elapsed": 485.671201, "delta": 2.989147}}
{"target": -26.78858807178093, "params": {"C": 65.18351205140432, "gamma": 0.19484772283507967}, "datetime": {"datetime": "2021-06-28 15:34:56", "elapsed": 489.207235, "delta": 3.536034}}
{"target": -23.045885160432526, "params": {"C": 64.87063816055334, "gamma": 0.01586983515351915}, "datetime": {"datetime": "2021-06-28 15:34:59", "elapsed": 491.760163, "delta": 2.552928}}
{"target": -27.730120405510068, "params": {"C": 50.57356743671311, "gamma": 0.19622104723804817}, "datetime": {"datetime": "2021-06-28 15:35:01", "elapsed": 493.695821, "delta": 1.935658}}
{"target": -26.03659794278461, "params": {"C": 50.611865274048455, "gamma": 0.1289084957701401}, "datetime": {"datetime": "2021-06-28 15:35:03", "elapsed": 495.865914, "delta": 2.170093}}
{"target": -25.811772216101108, "params": {"C": 64.71240653021164, "gamma": 0.15318648633465665}, "datetime": {"datetime": "2021-06-28 15:35:06", "elapsed": 498.663517, "delta": 2.797603}}
{"target": -41.219517788414386, "params": {"C": 5.308590306253638, "gamma": 3.9814370578670104}, "datetime": {"datetime": "2021-06-28 15:35:07", "elapsed": 500.235515, "delta": 1.571998}}
{"target": -24.54465870436831, "params": {"C": 65.0469333560646, "gamma": 0.006527560182294211}, "datetime": {"datetime": "2021-06-28 15:35:09", "elapsed": 502.329511, "delta": 2.093996}}
{"target": -25.413813447873117, "params": {"C": 64.62367236373593, "gamma": 0.13838093629441198}, "datetime": {"datetime": "2021-06-28 15:35:12", "elapsed": 504.423515, "delta": 2.094004}}
{"target": -40.85081918476659, "params": {"C": 22.835344673412745, "gamma": 5.151517307272589}, "datetime": {"datetime": "2021-06-28 15:35:13", "elapsed": 505.76154, "delta": 1.338025}}
{"target": -23.03833931217309, "params": {"C": 64.55798186171073, "gamma": 0.0616482744629409}, "datetime": {"datetime": "2021-06-28 15:35:16", "elapsed": 508.600537, "delta": 2.838997}}
{"target": -41.48420791154076, "params": {"C": 0.6979769543499666, "gamma": 7.737710171556828}, "datetime": {"datetime": "2021-06-28 15:35:17", "elapsed": 509.992539, "delta": 1.392002}}
{"target": -24.310755575924855, "params": {"C": 36.37397279755846, "gamma": 0.02806073082198979}, "datetime": {"datetime": "2021-06-28 15:35:20", "elapsed": 512.859537, "delta": 2.866998}}
{"target": -23.023544858981747, "params": {"C": 65.16053205522198, "gamma": 0.06222247561814143}, "datetime": {"datetime": "2021-06-28 15:35:22", "elapsed": 515.079537, "delta": 2.22}}
{"target": -17.432611768736933, "params": {"C": 4176.049826978714, "gamma": 0.07482920440979424}, "datetime": {"datetime": "2021-06-28 15:43:47", "elapsed": 0.0, "delta": 0.0}}
{"target": -28.645896525074953, "params": {"C": 11.142604425275417, "gamma": 0.03720993153686558}, "datetime": {"datetime": "2021-06-28 15:43:47", "elapsed": 0.193961, "delta": 0.193961}}
{"target": -17.391649094870854, "params": {"C": 1476.0913492629593, "gamma": 0.018310473529191802}, "datetime": {"datetime": "2021-06-28 15:43:48", "elapsed": 0.379001, "delta": 0.18504}}
{"target": -16.523630890224467, "params": {"C": 1870.7395116629323, "gamma": 0.0411004654338743}, "datetime": {"datetime": "2021-06-28 15:43:48", "elapsed": 0.564002, "delta": 0.185001}}
{"target": -16.848368296839908, "params": {"C": 3973.7070675643927, "gamma": 0.05849350606030213}, "datetime": {"datetime": "2021-06-28 15:43:48", "elapsed": 0.768959, "delta": 0.204957}}
{"target": -17.309734760941915, "params": {"C": 4197.753198888915, "gamma": 0.07166975503570835}, "datetime": {"datetime": "2021-06-28 15:43:48", "elapsed": 0.971966, "delta": 0.203007}}
{"target": -17.659763242184404, "params": {"C": 2052.477974817859, "gamma": 0.08903056927518509}, "datetime": {"datetime": "2021-06-28 15:43:48", "elapsed": 1.180749, "delta": 0.208783}}
{"target": -19.156908765493345, "params": {"C": 283.60205604728236, "gamma": 0.07034207591605621}, "datetime": {"datetime": "2021-06-28 15:43:49", "elapsed": 1.386395, "delta": 0.205646}}
{"target": -16.923648276832346, "params": {"C": 4178.874975647598, "gamma": 0.06028208456011766}, "datetime": {"datetime": "2021-06-28 15:43:49", "elapsed": 1.586677, "delta": 0.200282}}
{"target": -16.910640314633607, "params": {"C": 1412.4655165663853, "gamma": 0.02782913401763909}, "datetime": {"datetime": "2021-06-28 15:43:49", "elapsed": 1.793675, "delta": 0.206998}}
{"target": -19.358518795814142, "params": {"C": 8009.438241068611, "gamma": 0.09714354181474578}, "datetime": {"datetime": "2021-06-28 15:43:49", "elapsed": 2.008719, "delta": 0.215044}}
{"target": -17.16433467139943, "params": {"C": 3141.107539810836, "gamma": 0.07230903541023827}, "datetime": {"datetime": "2021-06-28 15:43:50", "elapsed": 2.219585, "delta": 0.210866}}
{"target": -19.082557171197166, "params": {"C": 8765.127631437423, "gamma": 0.09051459971534627}, "datetime": {"datetime": "2021-06-28 15:43:50", "elapsed": 2.419586, "delta": 0.200001}}
{"target": -18.378606136853048, "params": {"C": 859.5916715840814, "gamma": 0.013514930490959413}, "datetime": {"datetime": "2021-06-28 15:43:50", "elapsed": 2.633586, "delta": 0.214}}
{"target": -17.639188921556666, "params": {"C": 1706.6058914500434, "gamma": 0.08903282530864719}, "datetime": {"datetime": "2021-06-28 15:43:50", "elapsed": 2.83359, "delta": 0.200004}}
{"target": -16.89863235951244, "params": {"C": 992.4848699921705, "gamma": 0.0478996862504547}, "datetime": {"datetime": "2021-06-28 15:43:50", "elapsed": 3.022591, "delta": 0.189001}}
{"target": -17.490513557660577, "params": {"C": 9579.316406203514, "gamma": 0.05798487564757154}, "datetime": {"datetime": "2021-06-28 15:43:51", "elapsed": 3.220594, "delta": 0.198003}}
{"target": -16.878696203638075, "params": {"C": 6921.852368365229, "gamma": 0.03839640679054567}, "datetime": {"datetime": "2021-06-28 15:43:51", "elapsed": 3.474477, "delta": 0.253883}}
{"target": -18.41792842598552, "params": {"C": 6868.144267539021, "gamma": 0.08511631047076357}, "datetime": {"datetime": "2021-06-28 15:43:51", "elapsed": 3.720476, "delta": 0.245999}}
{"target": -20.239728995066937, "params": {"C": 192.69989066847614, "gamma": 0.07751298834504708}, "datetime": {"datetime": "2021-06-28 15:43:51", "elapsed": 3.913514, "delta": 0.193038}}
{"target": -17.841387929426087, "params": {"C": 1861.951441231545, "gamma": 0.0939840186540903}, "datetime": {"datetime": "2021-06-28 15:43:51", "elapsed": 4.186365, "delta": 0.272851}}
{"target": -16.576641617590678, "params": {"C": 1879.3634688993734, "gamma": 0.051789785400595256}, "datetime": {"datetime": "2021-06-28 15:43:52", "elapsed": 4.454406, "delta": 0.268041}}
{"target": -16.68758699467571, "params": {"C": 4188.221228057947, "gamma": 0.02620480741224357}, "datetime": {"datetime": "2021-06-28 15:43:52", "elapsed": 4.729367, "delta": 0.274961}}
{"target": -16.590925303197036, "params": {"C": 3987.1826964601396, "gamma": 0.03276579021940498}, "datetime": {"datetime": "2021-06-28 15:43:52", "elapsed": 5.040364, "delta": 0.310997}}
{"target": -18.585148272402975, "params": {"C": 4001.568461719383, "gamma": 0.1}, "datetime": {"datetime": "2021-06-28 15:43:53", "elapsed": 5.311136, "delta": 0.270772}}
{"target": -17.021866879727156, "params": {"C": 6935.9854659298935, "gamma": 0.050316349469223275}, "datetime": {"datetime": "2021-06-28 15:43:53", "elapsed": 5.623503, "delta": 0.312367}}
{"target": -17.288990112997222, "params": {"C": 1006.6504628271693, "gamma": 0.07210173264017238}, "datetime": {"datetime": "2021-06-28 15:43:53", "elapsed": 5.946546, "delta": 0.323043}}
{"target": -17.775637174033562, "params": {"C": 1427.793691574682, "gamma": 0.09218280695758196}, "datetime": {"datetime": "2021-06-28 15:43:54", "elapsed": 6.281124, "delta": 0.334578}}
{"target": -17.35852442964694, "params": {"C": 1396.957341118312, "gamma": 0.08036271196956948}, "datetime": {"datetime": "2021-06-28 15:43:54", "elapsed": 6.599033, "delta": 0.317909}}
{"target": -17.265768539668716, "params": {"C": 976.634869839778, "gamma": 0.07028596792262254}, "datetime": {"datetime": "2021-06-28 15:43:54", "elapsed": 6.918031, "delta": 0.318998}}
{"target": -17.22820445106755, "params": {"C": 6904.391345135446, "gamma": 0.01238309007497758}, "datetime": {"datetime": "2021-06-28 15:43:55", "elapsed": 7.227205, "delta": 0.309174}}
{"target": -16.50865898255189, "params": {"C": 3160.0493906759352, "gamma": 0.040325579380727464}, "datetime": {"datetime": "2021-06-28 15:43:55", "elapsed": 7.589732, "delta": 0.362527}}
{"target": -17.962884983723267, "params": {"C": 3176.3861661846463, "gamma": 0.09132876727100843}, "datetime": {"datetime": "2021-06-28 15:43:55", "elapsed": 7.959017, "delta": 0.369285}}
{"target": -17.874167374191753, "params": {"C": 1899.1559222917776, "gamma": 0.09470768234357367}, "datetime": {"datetime": "2021-06-28 15:43:56", "elapsed": 8.36333, "delta": 0.404313}}
{"target": -19.23421249456742, "params": {"C": 6957.442403607875, "gamma": 0.09874326046414597}, "datetime": {"datetime": "2021-06-28 15:43:56", "elapsed": 8.701325, "delta": 0.337995}}
{"target": -17.935568453714655, "params": {"C": 3953.6359720293367, "gamma": 0.08707267215335554}, "datetime": {"datetime": "2021-06-28 15:43:56", "elapsed": 9.078325, "delta": 0.377}}
{"target": -16.682345040779182, "params": {"C": 1498.7707802259674, "gamma": 0.05465856980091142}, "datetime": {"datetime": "2021-06-28 15:43:57", "elapsed": 9.444329, "delta": 0.366004}}
{"target": -16.606166044580934, "params": {"C": 1513.4592427164991, "gamma": 0.04712224707570983}, "datetime": {"datetime": "2021-06-28 15:43:57", "elapsed": 9.776328, "delta": 0.331999}}
{"target": -17.182761385426605, "params": {"C": 1531.8466750419088, "gamma": 0.07576927344483629}, "datetime": {"datetime": "2021-06-28 15:43:57", "elapsed": 10.140364, "delta": 0.364036}}
{"target": -16.894096959486376, "params": {"C": 1555.6114903521868, "gamma": 0.06587798638457946}, "datetime": {"datetime": "2021-06-28 15:43:58", "elapsed": 10.549328, "delta": 0.408964}}
{"target": -16.668687180818022, "params": {"C": 1573.91050791416, "gamma": 0.05501425257820072}, "datetime": {"datetime": "2021-06-28 15:43:58", "elapsed": 10.901326, "delta": 0.351998}}
{"target": -16.643654402158344, "params": {"C": 1590.1251632274725, "gamma": 0.03526297025119451}, "datetime": {"datetime": "2021-06-28 15:43:59", "elapsed": 11.272897, "delta": 0.371571}}
{"target": -18.201368876800668, "params": {"C": 1608.2882064816092, "gamma": 0.01}, "datetime": {"datetime": "2021-06-28 15:43:59", "elapsed": 11.731833, "delta": 0.458936}}
{"target": -16.82518369915346, "params": {"C": 3113.754856238342, "gamma": 0.06174818808084083}, "datetime": {"datetime": "2021-06-28 15:43:59", "elapsed": 12.101831, "delta": 0.369998}}
{"target": -17.12985559388506, "params": {"C": 3095.604716361815, "gamma": 0.016076994745596145}, "datetime": {"datetime": "2021-06-28 15:44:00", "elapsed": 12.533476, "delta": 0.431645}}
{"target": -16.51253484940536, "params": {"C": 3070.5741006668586, "gamma": 0.03610248334304292}, "datetime": {"datetime": "2021-06-28 15:44:00", "elapsed": 12.86148, "delta": 0.328004}}
{"target": -16.787133527921217, "params": {"C": 3055.252406634495, "gamma": 0.060557904290461435}, "datetime": {"datetime": "2021-06-28 15:44:00", "elapsed": 13.214519, "delta": 0.353039}}
{"target": -16.871315158909468, "params": {"C": 3033.2620012097746, "gamma": 0.020653173678329535}, "datetime": {"datetime": "2021-06-28 15:44:01", "elapsed": 13.624544, "delta": 0.410025}}
