{"target": 0.9076576496590486, "params": {"C": 74234.64253549895, "gamma": 0.08324817619195839}, "datetime": {"datetime": "2021-10-01 02:06:43", "elapsed": 252.523677, "delta": 1.055043}}
{"target": 0.9045181240097587, "params": {"C": 116377.63023394668, "gamma": 0.06318972307573419}, "datetime": {"datetime": "2021-10-01 02:06:44", "elapsed": 253.644125, "delta": 1.120448}}
{"target": 0.8463749830828531, "params": {"C": 368992.58952085045, "gamma": 0.017721026107285685}, "datetime": {"datetime": "2021-10-01 02:06:45", "elapsed": 254.797528, "delta": 1.153403}}
{"target": 0.883866372692113, "params": {"C": 245353.95385716762, "gamma": 0.08048245579379286}, "datetime": {"datetime": "2021-10-01 02:06:46", "elapsed": 255.882705, "delta": 1.085177}}
{"target": 0.9075486360722579, "params": {"C": 95148.24238088707, "gamma": 0.06081755266340142}, "datetime": {"datetime": "2021-10-01 02:06:47", "elapsed": 257.007084, "delta": 1.124379}}
{"target": 0.8736061397254178, "params": {"C": 346660.72005104285, "gamma": 0.07075958295405325}, "datetime": {"datetime": "2021-10-01 02:06:48", "elapsed": 258.124453, "delta": 1.117369}}
{"target": 0.8888377464277747, "params": {"C": 145971.7576446099, "gamma": 0.14638009697903867}, "datetime": {"datetime": "2021-10-01 02:06:50", "elapsed": 259.265334, "delta": 1.140881}}
{"target": 0.8823797685768024, "params": {"C": 324262.7600469529, "gamma": 0.12801887845813056}, "datetime": {"datetime": "2021-10-01 02:06:51", "elapsed": 260.336188, "delta": 1.070854}}
{"target": 0.8720153242533161, "params": {"C": 372370.6618644221, "gamma": 0.07986023956582676}, "datetime": {"datetime": "2021-10-01 02:06:52", "elapsed": 261.489291, "delta": 1.153103}}
{"target": 0.8701032269337137, "params": {"C": 409323.4541168816, "gamma": 0.08401157406902547}, "datetime": {"datetime": "2021-10-01 02:06:53", "elapsed": 262.88134, "delta": 1.392049}}
{"target": 0.860509984730343, "params": {"C": 488195.3781146255, "gamma": 0.05941732508124978}, "datetime": {"datetime": "2021-10-01 02:06:54", "elapsed": 264.086487, "delta": 1.205147}}
{"target": 0.882949981297103, "params": {"C": 221719.1860044897, "gamma": 0.1707124663073881}, "datetime": {"datetime": "2021-10-01 02:06:55", "elapsed": 265.222214, "delta": 1.135727}}
{"target": 0.8667687996212655, "params": {"C": 476398.38223718695, "gamma": 0.08655272624639351}, "datetime": {"datetime": "2021-10-01 02:06:57", "elapsed": 266.379638, "delta": 1.157424}}
{"target": 0.8952896889773336, "params": {"C": 61737.4300245238, "gamma": 0.14140205563374175}, "datetime": {"datetime": "2021-10-01 02:06:58", "elapsed": 267.538143, "delta": 1.158505}}
{"target": 0.8929510391316622, "params": {"C": 128354.04137232069, "gamma": 0.1208587376116628}, "datetime": {"datetime": "2021-10-01 02:06:59", "elapsed": 268.741507, "delta": 1.203364}}
{"target": 0.8704090766487124, "params": {"C": 396397.18628453644, "gamma": 0.08115559822658387}, "datetime": {"datetime": "2021-10-01 02:07:00", "elapsed": 269.951373, "delta": 1.209866}}
{"target": 0.8792504868036335, "params": {"C": 463138.8973466161, "gamma": 0.1518365777456421}, "datetime": {"datetime": "2021-10-01 02:07:02", "elapsed": 271.537428, "delta": 1.586055}}
{"target": 0.8783471678767486, "params": {"C": 391968.8388587658, "gamma": 0.11526448603393008}, "datetime": {"datetime": "2021-10-01 02:07:03", "elapsed": 273.145371, "delta": 1.607943}}
{"target": 0.8811141074442439, "params": {"C": 310627.56393910607, "gamma": 0.11134841374902742}, "datetime": {"datetime": "2021-10-01 02:07:05", "elapsed": 274.529751, "delta": 1.38438}}
{"target": 0.8758928593213432, "params": {"C": 172927.81120062934, "gamma": 0.027182880334158686}, "datetime": {"datetime": "2021-10-01 02:07:06", "elapsed": 275.802499, "delta": 1.272748}}
{"target": 0.862223654904223, "params": {"C": 474740.5584926606, "gamma": 0.0682059140290044}, "datetime": {"datetime": "2021-10-01 02:07:07", "elapsed": 277.039204, "delta": 1.236705}}
{"target": 0.9015485217828568, "params": {"C": 129864.1114443766, "gamma": 0.06892485460958239}, "datetime": {"datetime": "2021-10-01 02:07:09", "elapsed": 278.275204, "delta": 1.236}}
{"target": 0.8778895633087845, "params": {"C": 351803.87412861123, "gamma": 0.18069850749175898}, "datetime": {"datetime": "2021-10-01 02:07:10", "elapsed": 279.496514, "delta": 1.22131}}
{"target": 0.8841146296246757, "params": {"C": 184364.3152267033, "gamma": 0.17006438215387257}, "datetime": {"datetime": "2021-10-01 02:07:11", "elapsed": 280.723763, "delta": 1.227249}}
{"target": 0.8830361429722806, "params": {"C": 142646.41613672837, "gamma": 0.030425937878174075}, "datetime": {"datetime": "2021-10-01 02:07:12", "elapsed": 281.92347, "delta": 1.199707}}
{"target": 0.8809039783254257, "params": {"C": 379966.82201450947, "gamma": 0.15514380341546719}, "datetime": {"datetime": "2021-10-01 02:07:13", "elapsed": 283.170999, "delta": 1.247529}}
{"target": 0.8850936524719661, "params": {"C": 252980.16651976822, "gamma": 0.12915513249420407}, "datetime": {"datetime": "2021-10-01 02:07:15", "elapsed": 284.403367, "delta": 1.232368}}
{"target": 0.8502734689146922, "params": {"C": 200948.04023929668, "gamma": 0.00644582722529669}, "datetime": {"datetime": "2021-10-01 02:07:16", "elapsed": 285.670092, "delta": 1.266725}}
{"target": 0.8635374509248452, "params": {"C": 465314.83508509607, "gamma": 0.0718083808487637}, "datetime": {"datetime": "2021-10-01 02:07:17", "elapsed": 286.892439, "delta": 1.222347}}
{"target": 0.8848358603630391, "params": {"C": 260773.31023985287, "gamma": 0.13907381913720876}, "datetime": {"datetime": "2021-10-01 02:07:18", "elapsed": 288.199026, "delta": 1.306587}}
{"target": 0.873798185641198, "params": {"C": 412275.42306501645, "gamma": 0.19333020238160287}, "datetime": {"datetime": "2021-10-01 02:07:20", "elapsed": 289.949362, "delta": 1.750336}}
{"target": 0.8847905831146532, "params": {"C": 194864.58825065024, "gamma": 0.1638393717529781}, "datetime": {"datetime": "2021-10-01 02:07:22", "elapsed": 291.303514, "delta": 1.354152}}
{"target": 0.8754060725170583, "params": {"C": 350399.5885339677, "gamma": 0.09069492877184498}, "datetime": {"datetime": "2021-10-01 02:07:24", "elapsed": 293.260949, "delta": 1.957435}}
{"target": 0.8767266946724172, "params": {"C": 259539.55894504813, "gamma": 0.1960231218562526}, "datetime": {"datetime": "2021-10-01 02:07:25", "elapsed": 294.523022, "delta": 1.262073}}
{"target": 0.8890201292799867, "params": {"C": 200332.57184363977, "gamma": 0.08192033386855431}, "datetime": {"datetime": "2021-10-01 02:07:26", "elapsed": 295.815935, "delta": 1.292913}}
{"target": 0.8855077031416906, "params": {"C": 227273.13148381616, "gamma": 0.03536373082892584}, "datetime": {"datetime": "2021-10-01 02:07:27", "elapsed": 297.137222, "delta": 1.321287}}
{"target": 0.909508341218406, "params": {"C": 70732.60040223596, "gamma": 0.057703941024003426}, "datetime": {"datetime": "2021-10-01 02:07:29", "elapsed": 298.39276, "delta": 1.255538}}
{"target": 0.8625369530589556, "params": {"C": 489472.08782466047, "gamma": 0.035095352673231904}, "datetime": {"datetime": "2021-10-01 02:07:30", "elapsed": 299.658012, "delta": 1.265252}}
{"target": 0.8853146434122278, "params": {"C": 234272.53061078064, "gamma": 0.10976718962901778}, "datetime": {"datetime": "2021-10-01 02:07:32", "elapsed": 301.360192, "delta": 1.70218}}
{"target": 0.8764675718662056, "params": {"C": 253877.2569130543, "gamma": 0.19768575517131323}, "datetime": {"datetime": "2021-10-01 02:07:33", "elapsed": 302.602316, "delta": 1.242124}}
{"target": 0.8740541437761616, "params": {"C": 360965.3989610834, "gamma": 0.08719017982814285}, "datetime": {"datetime": "2021-10-01 02:07:34", "elapsed": 303.926373, "delta": 1.324057}}
{"target": 0.8834837242710352, "params": {"C": 287057.1096188496, "gamma": 0.04273708340979835}, "datetime": {"datetime": "2021-10-01 02:07:36", "elapsed": 305.274947, "delta": 1.348574}}
{"target": 0.8823207022908923, "params": {"C": 281035.46356183075, "gamma": 0.037303746490986625}, "datetime": {"datetime": "2021-10-01 02:07:37", "elapsed": 306.669088, "delta": 1.394141}}
{"target": 0.9092933176941971, "params": {"C": 61479.981390227746, "gamma": 0.08495786820675472}, "datetime": {"datetime": "2021-10-01 02:07:38", "elapsed": 308.040081, "delta": 1.370993}}
{"target": 0.8748163640639229, "params": {"C": 310329.13777902245, "gamma": 0.031199442177579684}, "datetime": {"datetime": "2021-10-01 02:07:40", "elapsed": 309.633443, "delta": 1.593362}}
{"target": 0.8745456837349832, "params": {"C": 71175.76863086373, "gamma": 0.026725191900179586}, "datetime": {"datetime": "2021-10-01 02:07:41", "elapsed": 311.081321, "delta": 1.447878}}
{"target": 0.8785781527158758, "params": {"C": 463884.0876105484, "gamma": 0.13037612881321978}, "datetime": {"datetime": "2021-10-01 02:07:43", "elapsed": 312.446287, "delta": 1.364966}}
{"target": 0.887760862733424, "params": {"C": 209921.38359681788, "gamma": 0.08282854854474746}, "datetime": {"datetime": "2021-10-01 02:07:44", "elapsed": 313.900826, "delta": 1.454539}}
{"target": 0.871429498474995, "params": {"C": 450028.1952553046, "gamma": 0.09706526376477732}, "datetime": {"datetime": "2021-10-01 02:07:46", "elapsed": 316.010692, "delta": 2.109866}}
{"target": 0.8932799561448964, "params": {"C": 197040.2530326372, "gamma": 0.059643967659076313}, "datetime": {"datetime": "2021-10-01 02:07:48", "elapsed": 317.325267, "delta": 1.314575}}
{"target": 0.8822651258007131, "params": {"C": 261311.98810082994, "gamma": 0.0774111110813567}, "datetime": {"datetime": "2021-10-01 02:07:49", "elapsed": 318.72327, "delta": 1.398003}}
{"target": 0.8851500977375514, "params": {"C": 130735.17458608128, "gamma": 0.17340039501181018}, "datetime": {"datetime": "2021-10-01 02:07:51", "elapsed": 320.449276, "delta": 1.726006}}
{"target": 0.8500901374225596, "params": {"C": 146532.88279039215, "gamma": 0.0062038117815176085}, "datetime": {"datetime": "2021-10-01 02:07:52", "elapsed": 321.771953, "delta": 1.322677}}
{"target": 0.8756070097441102, "params": {"C": 150212.53631357296, "gamma": 0.0268293148309459}, "datetime": {"datetime": "2021-10-01 02:07:54", "elapsed": 323.539409, "delta": 1.767456}}
{"target": 0.9024230462880888, "params": {"C": 67646.06272979036, "gamma": 0.10931027487210779}, "datetime": {"datetime": "2021-10-01 02:07:55", "elapsed": 324.908878, "delta": 1.369469}}
{"target": 0.8506317707986594, "params": {"C": 470381.70040337794, "gamma": 0.021901572755291632}, "datetime": {"datetime": "2021-10-01 02:07:57", "elapsed": 326.408262, "delta": 1.499384}}
{"target": 0.8637088336035655, "params": {"C": 476462.46292604675, "gamma": 0.035248569797905416}, "datetime": {"datetime": "2021-10-01 02:07:59", "elapsed": 328.446146, "delta": 2.037884}}
{"target": 0.8817827481151463, "params": {"C": 338617.12259769626, "gamma": 0.1564697865650057}, "datetime": {"datetime": "2021-10-01 02:08:01", "elapsed": 330.548471, "delta": 2.102325}}
{"target": 0.8830883559002881, "params": {"C": 316405.8746647002, "gamma": 0.14080800490953566}, "datetime": {"datetime": "2021-10-01 02:08:02", "elapsed": 332.018386, "delta": 1.469915}}
{"target": 0.8484414981008496, "params": {"C": 174624.1017557782, "gamma": 0.0146066190034875}, "datetime": {"datetime": "2021-10-01 02:08:04", "elapsed": 333.481695, "delta": 1.463309}}
{"target": 0.8778983708514386, "params": {"C": 472466.51772241906, "gamma": 0.16480094519757582}, "datetime": {"datetime": "2021-10-01 02:08:05", "elapsed": 334.917616, "delta": 1.435921}}
{"target": 0.8973246013717581, "params": {"C": 126375.10144772228, "gamma": 0.09265898200967812}, "datetime": {"datetime": "2021-10-01 02:08:07", "elapsed": 336.934724, "delta": 2.017108}}
{"target": 0.8628500378458047, "params": {"C": 481551.68940704816, "gamma": 0.03402151726416938}, "datetime": {"datetime": "2021-10-01 02:08:09", "elapsed": 338.330822, "delta": 1.396098}}
{"target": 0.8497433094108833, "params": {"C": 208265.04328069687, "gamma": 0.0071099641535305605}, "datetime": {"datetime": "2021-10-01 02:08:10", "elapsed": 340.075152, "delta": 1.74433}}
{"target": 0.8761794550129302, "params": {"C": 424552.0806846848, "gamma": 0.18121809535877517}, "datetime": {"datetime": "2021-10-01 02:08:12", "elapsed": 341.587111, "delta": 1.511959}}
{"target": 0.8797367911242585, "params": {"C": 301025.5406726351, "gamma": 0.05950949492780759}, "datetime": {"datetime": "2021-10-01 02:08:13", "elapsed": 342.9913, "delta": 1.404189}}
{"target": 0.8860349359164575, "params": {"C": 178836.21772239578, "gamma": 0.15854787389024877}, "datetime": {"datetime": "2021-10-01 02:08:15", "elapsed": 344.684334, "delta": 1.693034}}
{"target": 0.9042399896680036, "params": {"C": 73282.42850585504, "gamma": 0.09843396099128641}, "datetime": {"datetime": "2021-10-01 02:08:16", "elapsed": 346.026579, "delta": 1.342245}}
{"target": 0.8792448228185548, "params": {"C": 471033.2484416733, "gamma": 0.14459309571141668}, "datetime": {"datetime": "2021-10-01 02:08:18", "elapsed": 347.488139, "delta": 1.46156}}
{"target": 0.8896749238079277, "params": {"C": 130592.47933008148, "gamma": 0.034244074608313226}, "datetime": {"datetime": "2021-10-01 02:08:19", "elapsed": 348.963575, "delta": 1.475436}}
{"target": 0.8852944820175498, "params": {"C": 183945.8462486858, "gamma": 0.1626744051458693}, "datetime": {"datetime": "2021-10-01 02:08:21", "elapsed": 350.604975, "delta": 1.6414}}
{"target": 0.8787383129207809, "params": {"C": 295835.28858640534, "gamma": 0.073002109694652}, "datetime": {"datetime": "2021-10-01 02:08:22", "elapsed": 352.088895, "delta": 1.48392}}
{"target": 0.88264534914487, "params": {"C": 301640.27197982755, "gamma": 0.12120714935591101}, "datetime": {"datetime": "2021-10-01 02:08:24", "elapsed": 353.570047, "delta": 1.481152}}
{"target": 0.8921701533670183, "params": {"C": 135904.09226624132, "gamma": 0.12193652351869685}, "datetime": {"datetime": "2021-10-01 02:08:26", "elapsed": 355.933449, "delta": 2.363402}}
{"target": 0.8828788199444257, "params": {"C": 323353.5601332553, "gamma": 0.13884322161552975}, "datetime": {"datetime": "2021-10-01 02:08:28", "elapsed": 358.176125, "delta": 2.242676}}
{"target": 0.9044919204918177, "params": {"C": 118428.62822160349, "gamma": 0.05987278669108577}, "datetime": {"datetime": "2021-10-01 02:08:30", "elapsed": 359.712876, "delta": 1.536751}}
{"target": 0.840936673715588, "params": {"C": 279910.9583290714, "gamma": 0.012621123746660579}, "datetime": {"datetime": "2021-10-01 02:08:32", "elapsed": 361.392334, "delta": 1.679458}}
{"target": 0.8790298649285406, "params": {"C": 468821.0644275763, "gamma": 0.13675125855343584}, "datetime": {"datetime": "2021-10-01 02:08:33", "elapsed": 362.918117, "delta": 1.525783}}
{"target": 0.8836571301093552, "params": {"C": 283328.5713577613, "gamma": 0.05016126686560996}, "datetime": {"datetime": "2021-10-01 02:08:35", "elapsed": 365.161702, "delta": 2.243585}}
{"target": 0.8815932770829644, "params": {"C": 310947.0404174904, "gamma": 0.16429431850236084}, "datetime": {"datetime": "2021-10-01 02:08:37", "elapsed": 366.859265, "delta": 1.697563}}
{"target": 0.8385149792911029, "params": {"C": 444986.5375734767, "gamma": 0.01556910438122966}, "datetime": {"datetime": "2021-10-01 02:08:39", "elapsed": 368.463269, "delta": 1.604004}}
{"target": 0.8900702413253523, "params": {"C": 168376.7907893857, "gamma": 0.11524753474101766}, "datetime": {"datetime": "2021-10-01 02:08:41", "elapsed": 370.745248, "delta": 2.281979}}
{"target": 0.8773545856230156, "params": {"C": 446444.59588988026, "gamma": 0.17223703238625868}, "datetime": {"datetime": "2021-10-01 02:08:43", "elapsed": 372.334195, "delta": 1.588947}}
{"target": 0.8777825272924887, "params": {"C": 376968.07955280866, "gamma": 0.17830854071698712}, "datetime": {"datetime": "2021-10-01 02:08:44", "elapsed": 373.813246, "delta": 1.479051}}
{"target": 0.8769021014661786, "params": {"C": 487513.7431644419, "gamma": 0.12314503828790604}, "datetime": {"datetime": "2021-10-01 02:08:46", "elapsed": 375.636089, "delta": 1.822843}}
{"target": 0.8783246244159202, "params": {"C": 334221.54966083996, "gamma": 0.045722700240086636}, "datetime": {"datetime": "2021-10-01 02:08:48", "elapsed": 377.279967, "delta": 1.643878}}
{"target": 0.8793815302321929, "params": {"C": 464614.92781406094, "gamma": 0.14372918564006176}, "datetime": {"datetime": "2021-10-01 02:08:50", "elapsed": 379.369408, "delta": 2.089441}}
{"target": 0.8785813999514118, "params": {"C": 497596.2980570026, "gamma": 0.1407017725219205}, "datetime": {"datetime": "2021-10-01 02:08:51", "elapsed": 381.043573, "delta": 1.674165}}
{"target": 0.8880441718964147, "params": {"C": 225579.56054512414, "gamma": 0.06622262670774308}, "datetime": {"datetime": "2021-10-01 02:08:53", "elapsed": 382.572911, "delta": 1.529338}}
{"target": 0.8971492478009883, "params": {"C": 129995.4742426901, "gamma": 0.09074697502301525}, "datetime": {"datetime": "2021-10-01 02:08:54", "elapsed": 384.064031, "delta": 1.49112}}
{"target": 0.8755405009800112, "params": {"C": 431342.5473369993, "gamma": 0.18365396822482788}, "datetime": {"datetime": "2021-10-01 02:08:56", "elapsed": 385.79401, "delta": 1.729979}}
{"target": 0.8640598005948853, "params": {"C": 151713.5568730613, "gamma": 0.021954253369178157}, "datetime": {"datetime": "2021-10-01 02:08:58", "elapsed": 387.283629, "delta": 1.489619}}
{"target": 0.8760303826879451, "params": {"C": 96809.6326159827, "gamma": 0.02706129999102722}, "datetime": {"datetime": "2021-10-01 02:08:59", "elapsed": 388.819203, "delta": 1.535574}}
{"target": 0.8837398042156634, "params": {"C": 192087.42524165523, "gamma": 0.17094949609017304}, "datetime": {"datetime": "2021-10-01 02:09:01", "elapsed": 390.644282, "delta": 1.825079}}
{"target": 0.8817535312181235, "params": {"C": 361189.5005744126, "gamma": 0.13669926401835283}, "datetime": {"datetime": "2021-10-01 02:09:03", "elapsed": 392.382244, "delta": 1.737962}}
{"target": 0.8876470745184828, "params": {"C": 201614.315643686, "gamma": 0.10911626388140126}, "datetime": {"datetime": "2021-10-01 02:09:04", "elapsed": 394.024244, "delta": 1.642}}
{"target": 0.8816960355882111, "params": {"C": 361015.86366573576, "gamma": 0.1352310409808428}, "datetime": {"datetime": "2021-10-01 02:09:06", "elapsed": 395.490252, "delta": 1.466008}}
{"target": 0.8854658642349215, "params": {"C": 252763.11424693407, "gamma": 0.060975286189587447}, "datetime": {"datetime": "2021-10-01 02:09:07", "elapsed": 397.078249, "delta": 1.587997}}
{"target": 0.8861711673920566, "params": {"C": 221624.84192104093, "gamma": 0.08660995180270005}, "datetime": {"datetime": "2021-10-01 02:09:09", "elapsed": 398.662283, "delta": 1.584034}}
{"target": 0.8797386838029455, "params": {"C": 347797.2724507092, "gamma": 0.17094650858751068}, "datetime": {"datetime": "2021-10-01 02:09:11", "elapsed": 400.234242, "delta": 1.571959}}
{"target": 0.8805883394285914, "params": {"C": 402856.70406818506, "gamma": 0.13568563561672103}, "datetime": {"datetime": "2021-10-01 02:09:12", "elapsed": 401.955434, "delta": 1.721192}}
{"target": 0.8903398444330384, "params": {"C": 158231.62637283158, "gamma": 0.12299018061200337}, "datetime": {"datetime": "2021-10-01 02:09:14", "elapsed": 403.536428, "delta": 1.580994}}
{"target": 0.8954333255244304, "params": {"C": 177247.92145879514, "gamma": 0.06326491662303356}, "datetime": {"datetime": "2021-10-01 02:09:15", "elapsed": 405.058429, "delta": 1.522001}}
{"target": 0.9068819784601789, "params": {"C": 89402.86129816712, "gamma": 0.052896678352881234}, "datetime": {"datetime": "2021-10-01 02:09:17", "elapsed": 406.634427, "delta": 1.575998}}
{"target": 0.882799026964712, "params": {"C": 61935.24879790103, "gamma": 0.031262533565635464}, "datetime": {"datetime": "2021-10-01 02:09:19", "elapsed": 408.944426, "delta": 2.309999}}
{"target": 0.878622962307865, "params": {"C": 359324.769306222, "gamma": 0.10983802082492851}, "datetime": {"datetime": "2021-10-01 02:09:21", "elapsed": 410.559757, "delta": 1.615331}}
{"target": 0.8698334299172155, "params": {"C": 415430.0233559384, "gamma": 0.08457761865297127}, "datetime": {"datetime": "2021-10-01 02:09:23", "elapsed": 412.2345, "delta": 1.674743}}
{"target": 0.8753717872029365, "params": {"C": 443208.1305501765, "gamma": 0.11007137132090124}, "datetime": {"datetime": "2021-10-01 02:09:24", "elapsed": 413.791807, "delta": 1.557307}}
{"target": 0.8685541667872603, "params": {"C": 404849.67478050245, "gamma": 0.07355369302000082}, "datetime": {"datetime": "2021-10-01 02:09:26", "elapsed": 416.088311, "delta": 2.296504}}
{"target": 0.8639898907895678, "params": {"C": 464444.9895933217, "gamma": 0.0492360468209193}, "datetime": {"datetime": "2021-10-01 02:09:28", "elapsed": 417.740117, "delta": 1.651806}}
{"target": 0.8547556859783831, "params": {"C": 121108.45927364263, "gamma": 0.01703485118566528}, "datetime": {"datetime": "2021-10-01 02:09:30", "elapsed": 419.425703, "delta": 1.685586}}
{"target": 0.8665874505661095, "params": {"C": 417063.17296742473, "gamma": 0.03134297290214586}, "datetime": {"datetime": "2021-10-01 02:09:31", "elapsed": 421.109797, "delta": 1.684094}}
{"target": 0.8795921879403201, "params": {"C": 334343.9095915411, "gamma": 0.17371886755963503}, "datetime": {"datetime": "2021-10-01 02:09:33", "elapsed": 422.724521, "delta": 1.614724}}
{"target": 0.886138281314124, "params": {"C": 193149.82117147642, "gamma": 0.03375797503929171}, "datetime": {"datetime": "2021-10-01 02:09:35", "elapsed": 424.366466, "delta": 1.641945}}
{"target": 0.874908811720307, "params": {"C": 418351.46900522686, "gamma": 0.18788797879687072}, "datetime": {"datetime": "2021-10-01 02:09:36", "elapsed": 426.117011, "delta": 1.750545}}
{"target": 0.8966365151864445, "params": {"C": 157345.55235321907, "gamma": 0.07208475821999114}, "datetime": {"datetime": "2021-10-01 02:09:38", "elapsed": 427.818336, "delta": 1.701325}}
