{"target": -2.1063452708417474, "params": {"C": 7490.016136792662, "gamma": 0.05605322657080791}, "datetime": {"datetime": "2021-10-04 12:16:03", "elapsed": 23.40964, "delta": 0.552694}}
{"target": -2.167105177831393, "params": {"C": 7515.119061565224, "gamma": 0.0342838626186357}, "datetime": {"datetime": "2021-10-04 12:16:04", "elapsed": 23.917865, "delta": 0.508225}}
{"target": -2.275102528257635, "params": {"C": 7463.962842049891, "gamma": 0.10809812771434728}, "datetime": {"datetime": "2021-10-04 12:16:04", "elapsed": 24.442863, "delta": 0.524998}}
{"target": -2.4013629683125437, "params": {"C": 7543.987585149542, "gamma": 0.01456846325291287}, "datetime": {"datetime": "2021-10-04 12:16:05", "elapsed": 25.035052, "delta": 0.592189}}
{"target": -2.3397183737643936, "params": {"C": 7431.216963307801, "gamma": 0.12303205118680706}, "datetime": {"datetime": "2021-10-04 12:16:05", "elapsed": 25.549984, "delta": 0.514932}}
{"target": -2.1641473469958004, "params": {"C": 7398.832878545351, "gamma": 0.0786207504122103}, "datetime": {"datetime": "2021-10-04 12:16:06", "elapsed": 26.056482, "delta": 0.506498}}
{"target": -2.2180695534185695, "params": {"C": 7372.567851145316, "gamma": 0.0938928824164829}, "datetime": {"datetime": "2021-10-04 12:16:06", "elapsed": 26.708482, "delta": 0.652}}
{"target": -2.15079681169028, "params": {"C": 7345.924469587062, "gamma": 0.07398931265861747}, "datetime": {"datetime": "2021-10-04 12:16:07", "elapsed": 27.220861, "delta": 0.512379}}
{"target": -2.198069867902375, "params": {"C": 7321.901646028136, "gamma": 0.08771139960502256}, "datetime": {"datetime": "2021-10-04 12:16:07", "elapsed": 27.804103, "delta": 0.583242}}
{"target": -2.1682103270711575, "params": {"C": 7293.758747680042, "gamma": 0.07882052044762936}, "datetime": {"datetime": "2021-10-04 12:16:08", "elapsed": 28.332642, "delta": 0.528539}}
{"target": -2.391172003579831, "params": {"C": 7078.537022303838, "gamma": 0.13294870012310603}, "datetime": {"datetime": "2021-10-04 12:16:09", "elapsed": 28.834115, "delta": 0.501473}}
{"target": -2.4324017985174167, "params": {"C": 7502.12382546424, "gamma": 0.14561929764845308}, "datetime": {"datetime": "2021-10-04 12:16:09", "elapsed": 29.273292, "delta": 0.439177}}
{"target": -2.409142237924955, "params": {"C": 7308.024096214785, "gamma": 0.014493077998142952}, "datetime": {"datetime": "2021-10-04 12:16:10", "elapsed": 29.812706, "delta": 0.539414}}
{"target": -2.1209957929713057, "params": {"C": 7275.5048465209165, "gamma": 0.062316789654311075}, "datetime": {"datetime": "2021-10-04 12:16:10", "elapsed": 30.364709, "delta": 0.552003}}
{"target": -2.434811317294686, "params": {"C": 7257.760172248824, "gamma": 0.1447454896301026}, "datetime": {"datetime": "2021-10-04 12:16:11", "elapsed": 30.932309, "delta": 0.5676}}
{"target": -2.4254699812818665, "params": {"C": 7918.598179935665, "gamma": 0.1461997246665226}, "datetime": {"datetime": "2021-10-04 12:16:11", "elapsed": 31.493479, "delta": 0.56117}}
{"target": -2.109199106900627, "params": {"C": 7413.464171551859, "gamma": 0.05543144847762637}, "datetime": {"datetime": "2021-10-04 12:16:12", "elapsed": 32.081596, "delta": 0.588117}}
{"target": -2.1541668976491377, "params": {"C": 7040.186169994541, "gamma": 0.07162634588227705}, "datetime": {"datetime": "2021-10-04 12:16:12", "elapsed": 32.576675, "delta": 0.495079}}
{"target": -2.2497576576886393, "params": {"C": 7021.510300273731, "gamma": 0.09921732340487478}, "datetime": {"datetime": "2021-10-04 12:16:13", "elapsed": 33.156309, "delta": 0.579634}}
{"target": -2.1376610066213964, "params": {"C": 6998.7615266351295, "gamma": 0.04546176515573999}, "datetime": {"datetime": "2021-10-04 12:16:13", "elapsed": 33.803756, "delta": 0.647447}}
{"target": -2.486397637329547, "params": {"C": 6979.696013612569, "gamma": 0.155210706672187}, "datetime": {"datetime": "2021-10-04 12:16:14", "elapsed": 34.347425, "delta": 0.543669}}
{"target": -2.515873236852541, "params": {"C": 7572.96273630036, "gamma": 0.16523085878626925}, "datetime": {"datetime": "2021-10-04 12:16:15", "elapsed": 34.985416, "delta": 0.637991}}
{"target": -2.5001282966584477, "params": {"C": 3184.525521572178, "gamma": 0.02151802983837029}, "datetime": {"datetime": "2021-10-04 12:16:15", "elapsed": 35.602212, "delta": 0.616796}}
{"target": -2.9410010019389996, "params": {"C": 1680.187187829588, "gamma": 0.13597832455095138}, "datetime": {"datetime": "2021-10-04 12:16:16", "elapsed": 36.199216, "delta": 0.597004}}
{"target": -2.560217567389324, "params": {"C": 9819.943959658656, "gamma": 0.18518290491422482}, "datetime": {"datetime": "2021-10-04 12:16:17", "elapsed": 36.952037, "delta": 0.752821}}
{"target": -2.6382542964674363, "params": {"C": 8289.536893768322, "gamma": 0.19713920985332012}, "datetime": {"datetime": "2021-10-04 12:16:17", "elapsed": 37.631697, "delta": 0.67966}}
{"target": -2.196984814054973, "params": {"C": 9118.792403561318, "gamma": 0.02599878134708848}, "datetime": {"datetime": "2021-10-04 12:16:18", "elapsed": 38.411746, "delta": 0.780049}}
{"target": -2.3935986293311897, "params": {"C": 6750.526318980744, "gamma": 0.13115359323249073}, "datetime": {"datetime": "2021-10-04 12:16:19", "elapsed": 39.074126, "delta": 0.66238}}
{"target": -2.493451727715211, "params": {"C": 6722.990565664908, "gamma": 0.15492341199902016}, "datetime": {"datetime": "2021-10-04 12:16:19", "elapsed": 39.761383, "delta": 0.687257}}
{"target": -2.371079025559049, "params": {"C": 6777.867407285758, "gamma": 0.01775146379263834}, "datetime": {"datetime": "2021-10-04 12:16:20", "elapsed": 40.377277, "delta": 0.615894}}
{"target": -2.4190305116592654, "params": {"C": 6803.759150393773, "gamma": 0.014774022516523483}, "datetime": {"datetime": "2021-10-04 12:16:21", "elapsed": 41.030207, "delta": 0.65293}}
{"target": -2.3981002085759497, "params": {"C": 6832.958370975383, "gamma": 0.13283764089587094}, "datetime": {"datetime": "2021-10-04 12:16:21", "elapsed": 41.733028, "delta": 0.702821}}
{"target": -2.141352276823169, "params": {"C": 6859.770402770616, "gamma": 0.06464148915820635}, "datetime": {"datetime": "2021-10-04 12:16:22", "elapsed": 42.306619, "delta": 0.573591}}
{"target": -2.221134850408308, "params": {"C": 6877.493245271304, "gamma": 0.0900222203910265}, "datetime": {"datetime": "2021-10-04 12:16:23", "elapsed": 42.945064, "delta": 0.638445}}
{"target": -2.1454204387719846, "params": {"C": 6898.199644941959, "gamma": 0.043815693163387744}, "datetime": {"datetime": "2021-10-04 12:16:23", "elapsed": 43.575511, "delta": 0.630447}}
{"target": -2.1900607087942765, "params": {"C": 6915.15195667725, "gamma": 0.0814529295698077}, "datetime": {"datetime": "2021-10-04 12:16:24", "elapsed": 44.236772, "delta": 0.661261}}
{"target": -2.135329217655931, "params": {"C": 6935.275529970648, "gamma": 0.04804692953126193}, "datetime": {"datetime": "2021-10-04 12:16:25", "elapsed": 44.816547, "delta": 0.579775}}
{"target": -2.3488520423709534, "params": {"C": 6953.066460044884, "gamma": 0.018868888978315963}, "datetime": {"datetime": "2021-10-04 12:16:25", "elapsed": 45.410866, "delta": 0.594319}}
{"target": -2.162641822052271, "params": {"C": 6114.219982426006, "gamma": 0.05446462712601877}, "datetime": {"datetime": "2021-10-04 12:16:26", "elapsed": 46.159805, "delta": 0.748939}}
{"target": -2.2499610044468263, "params": {"C": 6133.09964122633, "gamma": 0.09012783851564309}, "datetime": {"datetime": "2021-10-04 12:16:27", "elapsed": 47.02144, "delta": 0.861635}}
{"target": -2.2725731542968877, "params": {"C": 6094.619176856497, "gamma": 0.09621421711102911}, "datetime": {"datetime": "2021-10-04 12:16:27", "elapsed": 47.652665, "delta": 0.631225}}
{"target": -2.1613560233002596, "params": {"C": 6155.972845921968, "gamma": 0.05734091297171201}, "datetime": {"datetime": "2021-10-04 12:16:28", "elapsed": 48.362394, "delta": 0.709729}}
{"target": -2.579528053706512, "params": {"C": 6175.02549899834, "gamma": 0.16982133587210158}, "datetime": {"datetime": "2021-10-04 12:16:29", "elapsed": 48.992979, "delta": 0.630585}}
{"target": -2.276368191622101, "params": {"C": 6071.075608270303, "gamma": 0.09703239953055962}, "datetime": {"datetime": "2021-10-04 12:16:29", "elapsed": 49.753557, "delta": 0.760578}}
{"target": -2.6379375509197986, "params": {"C": 6048.702136902285, "gamma": 0.1823940669222206}, "datetime": {"datetime": "2021-10-04 12:16:30", "elapsed": 50.67855, "delta": 0.924993}}
{"target": -2.35864788248781, "params": {"C": 5011.215148076246, "gamma": 0.10604198829416242}, "datetime": {"datetime": "2021-10-04 12:16:31", "elapsed": 51.311638, "delta": 0.633088}}
{"target": -2.3551820395660066, "params": {"C": 4986.454664653666, "gamma": 0.024736566780516486}, "datetime": {"datetime": "2021-10-04 12:16:32", "elapsed": 52.102633, "delta": 0.790995}}
{"target": -2.089900296239695, "params": {"C": 9234.310588445143, "gamma": 0.03857143341651021}, "datetime": {"datetime": "2021-10-04 12:16:33", "elapsed": 52.844632, "delta": 0.741999}}
{"target": -2.298137434370354, "params": {"C": 4960.398131496147, "gamma": 0.03145662698584105}, "datetime": {"datetime": "2021-10-04 12:16:33", "elapsed": 53.527917, "delta": 0.683285}}
{"target": -2.705792866472614, "params": {"C": 4936.494162902806, "gamma": 0.1858256474028428}, "datetime": {"datetime": "2021-10-04 12:16:34", "elapsed": 54.202824, "delta": 0.674907}}
{"target": -2.239395197148457, "params": {"C": 5039.1292555815435, "gamma": 0.0713399445858424}, "datetime": {"datetime": "2021-10-04 12:16:35", "elapsed": 54.845652, "delta": 0.642828}}
{"target": -2.482398538867582, "params": {"C": 5058.889183089408, "gamma": 0.014848692160963406}, "datetime": {"datetime": "2021-10-04 12:16:35", "elapsed": 55.791549, "delta": 0.945897}}
{"target": -2.4295119906619984, "params": {"C": 4399.719267637524, "gamma": 0.11478051474384328}, "datetime": {"datetime": "2021-10-04 12:16:36", "elapsed": 56.583009, "delta": 0.79146}}
{"target": -2.420878691744665, "params": {"C": 4365.141322476795, "gamma": 0.021601055408947842}, "datetime": {"datetime": "2021-10-04 12:16:37", "elapsed": 57.294665, "delta": 0.711656}}
{"target": -2.26818626757402, "params": {"C": 4333.194560889829, "gamma": 0.0641446504401387}, "datetime": {"datetime": "2021-10-04 12:16:38", "elapsed": 58.071926, "delta": 0.777261}}
{"target": -2.5212457594880924, "params": {"C": 4314.765191620529, "gamma": 0.014697936087400764}, "datetime": {"datetime": "2021-10-04 12:16:38", "elapsed": 58.768847, "delta": 0.696921}}
{"target": -2.3517251598154827, "params": {"C": 4433.8403272059895, "gamma": 0.09415842403307415}, "datetime": {"datetime": "2021-10-04 12:16:39", "elapsed": 59.450361, "delta": 0.681514}}
{"target": -2.111019795954836, "params": {"C": 9280.03069035405, "gamma": 0.07642116587857854}, "datetime": {"datetime": "2021-10-04 12:16:40", "elapsed": 60.187156, "delta": 0.736795}}
{"target": -2.6259167458730572, "params": {"C": 4460.182975219363, "gamma": 0.16040705715471015}, "datetime": {"datetime": "2021-10-04 12:16:41", "elapsed": 60.816102, "delta": 0.628946}}
{"target": -2.741912305402742, "params": {"C": 1237.7693109613238, "gamma": 0.034099029601113585}, "datetime": {"datetime": "2021-10-04 12:16:41", "elapsed": 61.453131, "delta": 0.637029}}
{"target": -2.5701642621800254, "params": {"C": 2573.9457261174657, "gamma": 0.02024329298887868}, "datetime": {"datetime": "2021-10-04 12:16:42", "elapsed": 62.092792, "delta": 0.639661}}
{"target": -2.90429569216561, "params": {"C": 908.6303942531257, "gamma": 0.051463857083186654}, "datetime": {"datetime": "2021-10-04 12:16:42", "elapsed": 62.781778, "delta": 0.688986}}
{"target": -2.091511890660391, "params": {"C": 9509.816541203763, "gamma": 0.03681774587342011}, "datetime": {"datetime": "2021-10-04 12:16:43", "elapsed": 63.492689, "delta": 0.710911}}
{"target": -2.4173612181702597, "params": {"C": 9528.029378938158, "gamma": 0.15000545944626023}, "datetime": {"datetime": "2021-10-04 12:16:44", "elapsed": 64.127489, "delta": 0.6348}}
{"target": -2.519384549379974, "params": {"C": 9492.872719692112, "gamma": 0.17459350337263835}, "datetime": {"datetime": "2021-10-04 12:16:45", "elapsed": 64.846465, "delta": 0.718976}}
{"target": -2.2925641071808927, "params": {"C": 5763.803904984817, "gamma": 0.027369988629104662}, "datetime": {"datetime": "2021-10-04 12:16:45", "elapsed": 65.564269, "delta": 0.717804}}
{"target": -2.1806443332883374, "params": {"C": 5786.615055204125, "gamma": 0.051384295622247916}, "datetime": {"datetime": "2021-10-04 12:16:46", "elapsed": 66.287719, "delta": 0.72345}}
{"target": -2.7079769461930767, "params": {"C": 5805.8532726204685, "gamma": 0.19634824806618653}, "datetime": {"datetime": "2021-10-04 12:16:47", "elapsed": 67.049077, "delta": 0.761358}}
{"target": -2.233270096526152, "params": {"C": 5740.510626885959, "gamma": 0.03550315072270485}, "datetime": {"datetime": "2021-10-04 12:16:48", "elapsed": 67.914714, "delta": 0.865637}}
{"target": -2.6915825365084367, "params": {"C": 5720.11506599123, "gamma": 0.1915984635964451}, "datetime": {"datetime": "2021-10-04 12:16:48", "elapsed": 68.662346, "delta": 0.747632}}
{"target": -2.333418386133321, "params": {"C": 5412.146800202971, "gamma": 0.10492133301395706}, "datetime": {"datetime": "2021-10-04 12:16:49", "elapsed": 69.3131, "delta": 0.650754}}
{"target": -2.482775305347444, "params": {"C": 5436.088947606479, "gamma": 0.1404352111926185}, "datetime": {"datetime": "2021-10-04 12:16:50", "elapsed": 70.051314, "delta": 0.738214}}
{"target": -2.5867549872110014, "params": {"C": 5388.3551032177475, "gamma": 0.16373312520517252}, "datetime": {"datetime": "2021-10-04 12:16:51", "elapsed": 70.934209, "delta": 0.882895}}
{"target": -2.317906236060544, "params": {"C": 3615.7130245476324, "gamma": 0.05987122956562271}, "datetime": {"datetime": "2021-10-04 12:16:51", "elapsed": 71.671792, "delta": 0.737583}}
{"target": -2.454350523485515, "params": {"C": 3593.809518586458, "gamma": 0.0228315562197109}, "datetime": {"datetime": "2021-10-04 12:16:52", "elapsed": 72.438153, "delta": 0.766361}}
{"target": -2.6517820444625393, "params": {"C": 7477.984322747633, "gamma": 0.19614293971588112}, "datetime": {"datetime": "2021-10-04 12:16:53", "elapsed": 73.306858, "delta": 0.868705}}
{"target": -2.172320645767295, "params": {"C": 8906.37795251507, "gamma": 0.09082095379393078}, "datetime": {"datetime": "2021-10-04 12:16:54", "elapsed": 74.23959, "delta": 0.932732}}
{"target": -2.3428924374259714, "params": {"C": 3638.908903824181, "gamma": 0.0740459039889491}, "datetime": {"datetime": "2021-10-04 12:16:55", "elapsed": 75.171466, "delta": 0.931876}}
{"target": -2.37539721522734, "params": {"C": 3663.9028863839076, "gamma": 0.08423673848620579}, "datetime": {"datetime": "2021-10-04 12:16:56", "elapsed": 76.167149, "delta": 0.995683}}
{"target": -2.4754378896154643, "params": {"C": 3690.4458015101554, "gamma": 0.020300526670983976}, "datetime": {"datetime": "2021-10-04 12:16:57", "elapsed": 77.116475, "delta": 0.949326}}
{"target": -2.4386075578889894, "params": {"C": 7449.006618794056, "gamma": 0.14680492337453743}, "datetime": {"datetime": "2021-10-04 12:16:58", "elapsed": 78.17274, "delta": 1.056265}}
{"target": -2.328105716442277, "params": {"C": 8503.41928404663, "gamma": 0.12536528366536176}, "datetime": {"datetime": "2021-10-04 12:16:59", "elapsed": 79.122151, "delta": 0.949411}}
{"target": -2.480602822806369, "params": {"C": 8526.494590128777, "gamma": 0.16197770693240318}, "datetime": {"datetime": "2021-10-04 12:17:00", "elapsed": 80.484809, "delta": 1.362658}}
{"target": -2.146861656635258, "params": {"C": 8479.96418626431, "gamma": 0.0819594549314089}, "datetime": {"datetime": "2021-10-04 12:17:01", "elapsed": 81.597499, "delta": 1.11269}}
{"target": -2.145871386553694, "params": {"C": 8463.792505593732, "gamma": 0.08158933297580445}, "datetime": {"datetime": "2021-10-04 12:17:03", "elapsed": 82.875807, "delta": 1.278308}}
{"target": -2.3034029568482017, "params": {"C": 8446.212498555835, "gamma": 0.119439282529774}, "datetime": {"datetime": "2021-10-04 12:17:04", "elapsed": 84.092017, "delta": 1.21621}}
{"target": -2.182256780861381, "params": {"C": 8421.917227287633, "gamma": 0.09110687796999924}, "datetime": {"datetime": "2021-10-04 12:17:05", "elapsed": 85.293987, "delta": 1.20197}}
{"target": -2.5296724070439414, "params": {"C": 8402.782651711577, "gamma": 0.1727435147179729}, "datetime": {"datetime": "2021-10-04 12:17:06", "elapsed": 86.211335, "delta": 0.917348}}
{"target": -2.480700781250955, "params": {"C": 6475.85596006311, "gamma": 0.012350421819926601}, "datetime": {"datetime": "2021-10-04 12:17:07", "elapsed": 87.142133, "delta": 0.930798}}
{"target": -2.9250442834409203, "params": {"C": 2050.454086515305, "gamma": 0.15508798508637012}, "datetime": {"datetime": "2021-10-04 12:17:08", "elapsed": 88.068548, "delta": 0.926415}}
{"target": -2.26504357185229, "params": {"C": 9998.9750900814, "gamma": 0.0197830805171529}, "datetime": {"datetime": "2021-10-04 12:17:09", "elapsed": 89.176264, "delta": 1.107716}}
{"target": -2.3907843259036756, "params": {"C": 9978.937421248731, "gamma": 0.14456589621966334}, "datetime": {"datetime": "2021-10-04 12:17:10", "elapsed": 90.108761, "delta": 0.932497}}
{"target": -2.298918255153523, "params": {"C": 9949.542449677667, "gamma": 0.12243324879749966}, "datetime": {"datetime": "2021-10-04 12:17:11", "elapsed": 91.028977, "delta": 0.920216}}
{"target": -2.284772937326057, "params": {"C": 9928.17454693098, "gamma": 0.018629064341174464}, "datetime": {"datetime": "2021-10-04 12:17:12", "elapsed": 91.953148, "delta": 0.924171}}
{"target": -2.572638236078896, "params": {"C": 9906.93530860526, "gamma": 0.18828091932399127}, "datetime": {"datetime": "2021-10-04 12:17:13", "elapsed": 93.036891, "delta": 1.083743}}
{"target": -2.290781617305426, "params": {"C": 7359.353867826562, "gamma": 0.02216829415242705}, "datetime": {"datetime": "2021-10-04 12:17:14", "elapsed": 94.074868, "delta": 1.037977}}
{"target": -3.116270033218119, "params": {"C": 725.7951387353482, "gamma": 0.07486279960932794}, "datetime": {"datetime": "2021-10-04 12:17:15", "elapsed": 95.218006, "delta": 1.143138}}
{"target": -2.2147765129975587, "params": {"C": 5222.082339552211, "gamma": 0.046625819237573085}, "datetime": {"datetime": "2021-10-04 12:17:16", "elapsed": 96.261523, "delta": 1.043517}}
{"target": -2.4936193607669126, "params": {"C": 5203.053591286587, "gamma": 0.14020110807225605}, "datetime": {"datetime": "2021-10-04 12:17:17", "elapsed": 97.481151, "delta": 1.219628}}
{"target": -2.280610271248421, "params": {"C": 5240.968883817019, "gamma": 0.08719804583503864}, "datetime": {"datetime": "2021-10-04 12:17:18", "elapsed": 98.788152, "delta": 1.307001}}
{"target": -2.381960544514701, "params": {"C": 5263.521913235511, "gamma": 0.021179682551784568}, "datetime": {"datetime": "2021-10-04 12:17:20", "elapsed": 100.103185, "delta": 1.315033}}
{"target": -2.349226860169574, "params": {"C": 5291.137624716961, "gamma": 0.10736584175799944}, "datetime": {"datetime": "2021-10-04 12:17:21", "elapsed": 101.083675, "delta": 0.98049}}
{"target": -2.3738012319177684, "params": {"C": 5315.82899473722, "gamma": 0.11333596782706262}, "datetime": {"datetime": "2021-10-04 12:17:22", "elapsed": 102.202228, "delta": 1.118553}}
{"target": -2.2066036309244037, "params": {"C": 5342.757779890875, "gamma": 0.0480355399803445}, "datetime": {"datetime": "2021-10-04 12:17:23", "elapsed": 103.300614, "delta": 1.098386}}
{"target": -2.552284013207971, "params": {"C": 5360.415668399612, "gamma": 0.15551350483297835}, "datetime": {"datetime": "2021-10-04 12:17:24", "elapsed": 104.669827, "delta": 1.369213}}
{"target": -3.4054803707472394, "params": {"C": 1073.675267051705, "gamma": 0.1804047465132004}, "datetime": {"datetime": "2021-10-04 12:17:26", "elapsed": 106.098965, "delta": 1.429138}}
{"target": -2.503893098790357, "params": {"C": 2728.3466440922875, "gamma": 0.025608191665786866}, "datetime": {"datetime": "2021-10-04 12:17:27", "elapsed": 107.223432, "delta": 1.124467}}
{"target": -2.1586790682420625, "params": {"C": 6328.335467363087, "gamma": 0.04909725928602532}, "datetime": {"datetime": "2021-10-04 12:17:28", "elapsed": 108.586257, "delta": 1.362825}}
{"target": -2.1596884036546404, "params": {"C": 6345.871867685, "gamma": 0.047899812873860484}, "datetime": {"datetime": "2021-10-04 12:17:29", "elapsed": 109.745332, "delta": 1.159075}}
{"target": -2.4296088143436654, "params": {"C": 6309.876365198944, "gamma": 0.13623864103458183}, "datetime": {"datetime": "2021-10-04 12:17:31", "elapsed": 110.990826, "delta": 1.245494}}
{"target": -2.385194833517277, "params": {"C": 6365.5296593957, "gamma": 0.12601935502697661}, "datetime": {"datetime": "2021-10-04 12:17:32", "elapsed": 112.314684, "delta": 1.323858}}
{"target": -2.159657153535323, "params": {"C": 6399.833617349469, "gamma": 0.046513959945397844}, "datetime": {"datetime": "2021-10-04 12:17:33", "elapsed": 113.448685, "delta": 1.134001}}
{"target": -2.698781979673098, "params": {"C": 6417.311495757598, "gamma": 0.2}, "datetime": {"datetime": "2021-10-04 12:17:34", "elapsed": 114.547804, "delta": 1.099119}}
{"target": -2.1886464991489514, "params": {"C": 6385.6838804499885, "gamma": 0.03817816045126576}, "datetime": {"datetime": "2021-10-04 12:17:36", "elapsed": 115.820061, "delta": 1.272257}}
{"target": -2.6129941041546907, "params": {"C": 3037.3667809568083, "gamma": 0.01456461695341286}, "datetime": {"datetime": "2021-10-04 12:17:37", "elapsed": 116.996679, "delta": 1.176618}}
{"target": -3.6416145617336446, "params": {"C": 382.28857102814146, "gamma": 0.09220367674669291}, "datetime": {"datetime": "2021-10-04 12:17:38", "elapsed": 118.304624, "delta": 1.307945}}
{"target": -2.411834741754786, "params": {"C": 9671.410137562243, "gamma": 0.14898810579632063}, "datetime": {"datetime": "2021-10-04 12:17:39", "elapsed": 119.593607, "delta": 1.288983}}
