{"target": -2.2429493568121295, "params": {"C": 30823.75991860397, "gamma": 0.02085270507708798}, "datetime": {"datetime": "2021-10-04 12:33:17", "elapsed": 119.12279, "delta": 0.975621}}
{"target": -2.176627103423474, "params": {"C": 20049.492338245414, "gamma": 0.11087927651442743}, "datetime": {"datetime": "2021-10-04 12:33:18", "elapsed": 119.982216, "delta": 0.859426}}
{"target": -2.463825353871568, "params": {"C": 15468.407844923318, "gamma": 0.2400197312666576}, "datetime": {"datetime": "2021-10-04 12:33:19", "elapsed": 121.289208, "delta": 1.306992}}
{"target": -2.0364767610790118, "params": {"C": 25183.341323524408, "gamma": 0.04965779028472997}, "datetime": {"datetime": "2021-10-04 12:33:20", "elapsed": 122.418153, "delta": 1.128945}}
{"target": -2.40838114014114, "params": {"C": 15562.355670087694, "gamma": 0.20822816682165488}, "datetime": {"datetime": "2021-10-04 12:33:21", "elapsed": 123.367688, "delta": 0.949535}}
{"target": -2.072959222338871, "params": {"C": 34589.18875004417, "gamma": 0.0796146193868103}, "datetime": {"datetime": "2021-10-04 12:33:22", "elapsed": 124.223561, "delta": 0.855873}}
{"target": -2.190290291909362, "params": {"C": 24757.102803591268, "gamma": 0.026321591350194556}, "datetime": {"datetime": "2021-10-04 12:33:23", "elapsed": 125.257552, "delta": 1.033991}}
{"target": -2.241978930146638, "params": {"C": 28601.51336819228, "gamma": 0.021237702203124733}, "datetime": {"datetime": "2021-10-04 12:33:24", "elapsed": 126.494893, "delta": 1.237341}}
{"target": -2.0943982920217827, "params": {"C": 31458.16871189097, "gamma": 0.03505517241651719}, "datetime": {"datetime": "2021-10-04 12:33:25", "elapsed": 127.714162, "delta": 1.219269}}
{"target": -2.552419785275414, "params": {"C": 22360.769055351055, "gamma": 0.29621357364940065}, "datetime": {"datetime": "2021-10-04 12:33:26", "elapsed": 128.650526, "delta": 0.936364}}
{"target": -2.034386565981651, "params": {"C": 20589.86896186714, "gamma": 0.05363472459791707}, "datetime": {"datetime": "2021-10-04 12:33:27", "elapsed": 129.605818, "delta": 0.955292}}
{"target": -2.1250102691459665, "params": {"C": 12566.273335181548, "gamma": 0.08907204156403095}, "datetime": {"datetime": "2021-10-04 12:33:28", "elapsed": 130.472318, "delta": 0.8665}}
{"target": -2.078789452367187, "params": {"C": 12133.449587511115, "gamma": 0.05628862180171437}, "datetime": {"datetime": "2021-10-04 12:33:29", "elapsed": 131.377996, "delta": 0.905678}}
{"target": -2.1060292229686906, "params": {"C": 31044.688171079826, "gamma": 0.08887675666469101}, "datetime": {"datetime": "2021-10-04 12:33:30", "elapsed": 132.249444, "delta": 0.871448}}
{"target": -2.0719993981813367, "params": {"C": 17061.78603328434, "gamma": 0.046779100280112326}, "datetime": {"datetime": "2021-10-04 12:33:31", "elapsed": 133.236202, "delta": 0.986758}}
{"target": -2.1450992560994995, "params": {"C": 30897.74357098247, "gamma": 0.0996287315510613}, "datetime": {"datetime": "2021-10-04 12:33:32", "elapsed": 134.149212, "delta": 0.91301}}
{"target": -2.214494023036966, "params": {"C": 34066.71718394029, "gamma": 0.023056699812265758}, "datetime": {"datetime": "2021-10-04 12:33:33", "elapsed": 135.056644, "delta": 0.907432}}
{"target": -2.3042102714877526, "params": {"C": 36999.05820768885, "gamma": 0.14704409113365444}, "datetime": {"datetime": "2021-10-04 12:33:34", "elapsed": 135.941312, "delta": 0.884668}}
{"target": -2.307579012041073, "params": {"C": 22527.58125946876, "gamma": 0.1605447063177396}, "datetime": {"datetime": "2021-10-04 12:33:35", "elapsed": 137.087394, "delta": 1.146082}}
{"target": -2.2905581566290003, "params": {"C": 38795.87010902086, "gamma": 0.016559206979456544}, "datetime": {"datetime": "2021-10-04 12:33:36", "elapsed": 137.98976, "delta": 0.902366}}
{"target": -2.573487670234167, "params": {"C": 14025.313158225155, "gamma": 0.2973081007839386}, "datetime": {"datetime": "2021-10-04 12:33:37", "elapsed": 139.878905, "delta": 1.889145}}
{"target": -2.1583951910530033, "params": {"C": 29981.75567660339, "gamma": 0.10387395081442638}, "datetime": {"datetime": "2021-10-04 12:33:39", "elapsed": 140.950822, "delta": 1.071917}}
{"target": -2.2631928985115777, "params": {"C": 23873.955990817507, "gamma": 0.021014497324102984}, "datetime": {"datetime": "2021-10-04 12:33:39", "elapsed": 141.831425, "delta": 0.880603}}
{"target": -2.4708442861279085, "params": {"C": 19487.45162646829, "gamma": 0.24347025576860032}, "datetime": {"datetime": "2021-10-04 12:33:40", "elapsed": 142.703816, "delta": 0.872391}}
{"target": -2.496494858408875, "params": {"C": 34278.98499158723, "gamma": 0.2584939035935316}, "datetime": {"datetime": "2021-10-04 12:33:41", "elapsed": 143.540984, "delta": 0.837168}}
{"target": -2.5249144923569036, "params": {"C": 13804.901092039028, "gamma": 0.2696022166186698}, "datetime": {"datetime": "2021-10-04 12:33:42", "elapsed": 144.633233, "delta": 1.092249}}
{"target": -2.043626456693734, "params": {"C": 27045.347453223396, "gamma": 0.04386434605591483}, "datetime": {"datetime": "2021-10-04 12:33:43", "elapsed": 145.502469, "delta": 0.869236}}
{"target": -2.208812637284784, "params": {"C": 19004.793779336207, "gamma": 0.12207368643350906}, "datetime": {"datetime": "2021-10-04 12:33:44", "elapsed": 146.47509, "delta": 0.972621}}
{"target": -2.385532413110325, "params": {"C": 23110.370307080055, "gamma": 0.19416747515491828}, "datetime": {"datetime": "2021-10-04 12:33:45", "elapsed": 147.375008, "delta": 0.899918}}
{"target": -2.212662285494703, "params": {"C": 37269.996170475104, "gamma": 0.11496014774454096}, "datetime": {"datetime": "2021-10-04 12:33:46", "elapsed": 148.239627, "delta": 0.864619}}
{"target": -2.078451514739977, "params": {"C": 22562.62874915744, "gamma": 0.040211163104755754}, "datetime": {"datetime": "2021-10-04 12:33:47", "elapsed": 149.329299, "delta": 1.089672}}
{"target": -2.0479930206261976, "params": {"C": 36365.909376439915, "gamma": 0.04543646555114797}, "datetime": {"datetime": "2021-10-04 12:33:48", "elapsed": 150.235133, "delta": 0.905834}}
{"target": -2.2689527032137193, "params": {"C": 20020.372714717407, "gamma": 0.14473786436434297}, "datetime": {"datetime": "2021-10-04 12:33:49", "elapsed": 151.121671, "delta": 0.886538}}
{"target": -2.1621276703414654, "params": {"C": 9346.792069010937, "gamma": 0.08994235567673295}, "datetime": {"datetime": "2021-10-04 12:33:50", "elapsed": 152.16316, "delta": 1.041489}}
{"target": -2.3503068311589534, "params": {"C": 31837.338533574733, "gamma": 0.17228989049786358}, "datetime": {"datetime": "2021-10-04 12:33:51", "elapsed": 153.303255, "delta": 1.140095}}
{"target": -2.5519914215196535, "params": {"C": 18510.00124332629, "gamma": 0.29340137565371094}, "datetime": {"datetime": "2021-10-04 12:33:52", "elapsed": 154.299133, "delta": 0.995878}}
{"target": -2.5491536217507362, "params": {"C": 32650.532632533974, "gamma": 0.29427574703012177}, "datetime": {"datetime": "2021-10-04 12:33:53", "elapsed": 155.600735, "delta": 1.301602}}
{"target": -2.091234290662848, "params": {"C": 13182.042432971002, "gamma": 0.07918757552359511}, "datetime": {"datetime": "2021-10-04 12:33:54", "elapsed": 156.525558, "delta": 0.924823}}
{"target": -2.1562548207079373, "params": {"C": 37679.7738378053, "gamma": 0.09931989144294413}, "datetime": {"datetime": "2021-10-04 12:33:55", "elapsed": 157.798734, "delta": 1.273176}}
{"target": -2.37403243117352, "params": {"C": 33052.250006201546, "gamma": 0.18227782449051644}, "datetime": {"datetime": "2021-10-04 12:33:56", "elapsed": 158.707552, "delta": 0.908818}}
{"target": -2.330864791612044, "params": {"C": 34371.254846692056, "gamma": 0.014669308330217304}, "datetime": {"datetime": "2021-10-04 12:33:57", "elapsed": 159.706878, "delta": 0.999326}}
{"target": -2.150559263112237, "params": {"C": 38072.54797179438, "gamma": 0.09781113155938069}, "datetime": {"datetime": "2021-10-04 12:33:58", "elapsed": 160.613232, "delta": 0.906354}}
{"target": -2.5421854270263764, "params": {"C": 15253.525090943349, "gamma": 0.28286182293281953}, "datetime": {"datetime": "2021-10-04 12:33:59", "elapsed": 161.551077, "delta": 0.937845}}
{"target": -2.3178248542607576, "params": {"C": 12305.332209274926, "gamma": 0.1621631969859758}, "datetime": {"datetime": "2021-10-04 12:34:00", "elapsed": 162.621636, "delta": 1.070559}}
{"target": -2.1884299803404357, "params": {"C": 20874.20007602416, "gamma": 0.11497227022602877}, "datetime": {"datetime": "2021-10-04 12:34:02", "elapsed": 163.978334, "delta": 1.356698}}
{"target": -2.3423493976593366, "params": {"C": 35384.74446392419, "gamma": 0.16627291972063002}, "datetime": {"datetime": "2021-10-04 12:34:03", "elapsed": 165.127748, "delta": 1.149414}}
{"target": -2.526247986750468, "params": {"C": 23448.211510231988, "gamma": 0.2793957528521221}, "datetime": {"datetime": "2021-10-04 12:34:04", "elapsed": 166.061803, "delta": 0.934055}}
{"target": -2.276592318779548, "params": {"C": 27366.25169262861, "gamma": 0.1429174841062214}, "datetime": {"datetime": "2021-10-04 12:34:05", "elapsed": 167.00474, "delta": 0.942937}}
{"target": -2.3411656111056565, "params": {"C": 27019.53291767933, "gamma": 0.1714108610131276}, "datetime": {"datetime": "2021-10-04 12:34:06", "elapsed": 167.976086, "delta": 0.971346}}
{"target": -2.3289289821247725, "params": {"C": 24161.440243932328, "gamma": 0.1685545256089096}, "datetime": {"datetime": "2021-10-04 12:34:06", "elapsed": 168.862808, "delta": 0.886722}}
{"target": -2.3446382700621258, "params": {"C": 13016.770152766283, "gamma": 0.1772508102432058}, "datetime": {"datetime": "2021-10-04 12:34:07", "elapsed": 169.842827, "delta": 0.980019}}
{"target": -2.43672908610838, "params": {"C": 26415.757914247795, "gamma": 0.21968607436991391}, "datetime": {"datetime": "2021-10-04 12:34:08", "elapsed": 170.830158, "delta": 0.987331}}
{"target": -2.0945634835034403, "params": {"C": 13004.10478758574, "gamma": 0.07988160681432487}, "datetime": {"datetime": "2021-10-04 12:34:10", "elapsed": 172.049334, "delta": 1.219176}}
{"target": -2.5537658139086448, "params": {"C": 33769.24380262873, "gamma": 0.29681947389482405}, "datetime": {"datetime": "2021-10-04 12:34:11", "elapsed": 173.036064, "delta": 0.98673}}
{"target": -2.5020357060899108, "params": {"C": 33582.98361741539, "gamma": 0.2629271556352861}, "datetime": {"datetime": "2021-10-04 12:34:12", "elapsed": 174.075899, "delta": 1.039835}}
{"target": -2.108294959404665, "params": {"C": 13389.207473621807, "gamma": 0.08539902898602035}, "datetime": {"datetime": "2021-10-04 12:34:13", "elapsed": 175.358313, "delta": 1.282414}}
{"target": -2.270568922136664, "params": {"C": 12973.362361539066, "gamma": 0.1416948716837425}, "datetime": {"datetime": "2021-10-04 12:34:14", "elapsed": 176.392458, "delta": 1.034145}}
{"target": -2.3803006109681486, "params": {"C": 15966.446527065214, "gamma": 0.19425416309385637}, "datetime": {"datetime": "2021-10-04 12:34:15", "elapsed": 177.453608, "delta": 1.06115}}
{"target": -2.287885994439331, "params": {"C": 20094.730115331302, "gamma": 0.1531239238293286}, "datetime": {"datetime": "2021-10-04 12:34:16", "elapsed": 178.457047, "delta": 1.003439}}
{"target": -2.503534349658287, "params": {"C": 37240.619907046064, "gamma": 0.26267027548627103}, "datetime": {"datetime": "2021-10-04 12:34:17", "elapsed": 179.46751, "delta": 1.010463}}
{"target": -2.5270969092321653, "params": {"C": 39680.32573755704, "gamma": 0.27715978324760904}, "datetime": {"datetime": "2021-10-04 12:34:18", "elapsed": 180.715151, "delta": 1.247641}}
{"target": -2.0384584184451584, "params": {"C": 17638.360301872308, "gamma": 0.06131944408038696}, "datetime": {"datetime": "2021-10-04 12:34:20", "elapsed": 182.013647, "delta": 1.298496}}
{"target": -2.4613824231588173, "params": {"C": 25249.33877450601, "gamma": 0.23578549699276072}, "datetime": {"datetime": "2021-10-04 12:34:21", "elapsed": 183.018994, "delta": 1.005347}}
{"target": -2.2506655636263244, "params": {"C": 27520.919171595837, "gamma": 0.13242075684769697}, "datetime": {"datetime": "2021-10-04 12:34:22", "elapsed": 184.238105, "delta": 1.219111}}
{"target": -2.1161403167390196, "params": {"C": 23024.38729833944, "gamma": 0.034405149375960654}, "datetime": {"datetime": "2021-10-04 12:34:23", "elapsed": 185.259856, "delta": 1.021751}}
{"target": -2.275647022012019, "params": {"C": 15546.895804359207, "gamma": 0.024227729085218336}, "datetime": {"datetime": "2021-10-04 12:34:24", "elapsed": 186.293901, "delta": 1.034045}}
{"target": -2.4134037717909806, "params": {"C": 11063.548564361543, "gamma": 0.20409951105744406}, "datetime": {"datetime": "2021-10-04 12:34:25", "elapsed": 187.377568, "delta": 1.083667}}
{"target": -2.5185870378878543, "params": {"C": 11649.778227333849, "gamma": 0.2599932305382476}, "datetime": {"datetime": "2021-10-04 12:34:26", "elapsed": 188.55145, "delta": 1.173882}}
{"target": -2.0385378566718586, "params": {"C": 19146.777466951702, "gamma": 0.05269436534787671}, "datetime": {"datetime": "2021-10-04 12:34:27", "elapsed": 189.870845, "delta": 1.319395}}
{"target": -2.3699797263287303, "params": {"C": 31078.445581195734, "gamma": 0.18151785911358187}, "datetime": {"datetime": "2021-10-04 12:34:28", "elapsed": 190.875962, "delta": 1.005117}}
{"target": -2.4997811254757707, "params": {"C": 22999.291354614787, "gamma": 0.26211173942145427}, "datetime": {"datetime": "2021-10-04 12:34:30", "elapsed": 191.995427, "delta": 1.119465}}
{"target": -2.2850614935864675, "params": {"C": 32281.494434958997, "gamma": 0.1423212202230173}, "datetime": {"datetime": "2021-10-04 12:34:31", "elapsed": 193.063185, "delta": 1.067758}}
{"target": -2.1304785595749594, "params": {"C": 38538.57747307893, "gamma": 0.09284133181486631}, "datetime": {"datetime": "2021-10-04 12:34:33", "elapsed": 194.937718, "delta": 1.874533}}
{"target": -2.047305185459962, "params": {"C": 35919.73888409611, "gamma": 0.04578979639836579}, "datetime": {"datetime": "2021-10-04 12:34:33", "elapsed": 195.922485, "delta": 0.984767}}
{"target": -2.554032736396746, "params": {"C": 34689.94876257632, "gamma": 0.29667350379303536}, "datetime": {"datetime": "2021-10-04 12:34:35", "elapsed": 196.948092, "delta": 1.025607}}
{"target": -2.171593427463979, "params": {"C": 23934.294343673995, "gamma": 0.10931880638041819}, "datetime": {"datetime": "2021-10-04 12:34:36", "elapsed": 198.013641, "delta": 1.065549}}
{"target": -2.403922736466709, "params": {"C": 32473.614030035686, "gamma": 0.19670279773237268}, "datetime": {"datetime": "2021-10-04 12:34:37", "elapsed": 199.301797, "delta": 1.288156}}
{"target": -2.2245286627264114, "params": {"C": 20083.213607390342, "gamma": 0.12787716971198185}, "datetime": {"datetime": "2021-10-04 12:34:38", "elapsed": 200.34275, "delta": 1.040953}}
{"target": -2.398019317715901, "params": {"C": 36826.84889861633, "gamma": 0.1912953174957913}, "datetime": {"datetime": "2021-10-04 12:34:39", "elapsed": 201.642118, "delta": 1.299368}}
{"target": -2.4384132926027986, "params": {"C": 9958.277293968338, "gamma": 0.21303227523748827}, "datetime": {"datetime": "2021-10-04 12:34:41", "elapsed": 202.978812, "delta": 1.336694}}
{"target": -2.113155859020469, "params": {"C": 26317.695452422027, "gamma": 0.03375861432954816}, "datetime": {"datetime": "2021-10-04 12:34:42", "elapsed": 204.070045, "delta": 1.091233}}
{"target": -2.4463852292276482, "params": {"C": 24968.665630999007, "gamma": 0.22698568387291498}, "datetime": {"datetime": "2021-10-04 12:34:43", "elapsed": 205.216239, "delta": 1.146194}}
{"target": -2.2021734007214095, "params": {"C": 11753.208991429443, "gamma": 0.11154955604577976}, "datetime": {"datetime": "2021-10-04 12:34:44", "elapsed": 206.292454, "delta": 1.076215}}
{"target": -2.0379560142043247, "params": {"C": 18728.76134827767, "gamma": 0.06804297314529537}, "datetime": {"datetime": "2021-10-04 12:34:45", "elapsed": 207.445363, "delta": 1.152909}}
{"target": -2.226097309700175, "params": {"C": 27616.19180202034, "gamma": 0.12415396694292516}, "datetime": {"datetime": "2021-10-04 12:34:46", "elapsed": 208.623827, "delta": 1.178464}}
{"target": -2.0857132265269844, "params": {"C": 11472.666907210103, "gamma": 0.06791350832706652}, "datetime": {"datetime": "2021-10-04 12:34:47", "elapsed": 209.717989, "delta": 1.094162}}
{"target": -2.5445775946859794, "params": {"C": 31467.86153892514, "gamma": 0.2915018329361456}, "datetime": {"datetime": "2021-10-04 12:34:48", "elapsed": 210.853473, "delta": 1.135484}}
{"target": -2.05988172726839, "params": {"C": 21552.24845017809, "gamma": 0.07849069922193856}, "datetime": {"datetime": "2021-10-04 12:34:50", "elapsed": 212.017954, "delta": 1.164481}}
{"target": -2.5157751141980356, "params": {"C": 10992.362778307439, "gamma": 0.2556678253683918}, "datetime": {"datetime": "2021-10-04 12:34:51", "elapsed": 213.142795, "delta": 1.124841}}
{"target": -2.3728306663056684, "params": {"C": 21870.66714145054, "gamma": 0.1886385691664208}, "datetime": {"datetime": "2021-10-04 12:34:52", "elapsed": 214.323431, "delta": 1.180636}}
{"target": -2.3019297086382178, "params": {"C": 38468.19416211861, "gamma": 0.14500883590916772}, "datetime": {"datetime": "2021-10-04 12:34:53", "elapsed": 215.419301, "delta": 1.09587}}
{"target": -2.493997144997774, "params": {"C": 38021.585390507025, "gamma": 0.2553562230244159}, "datetime": {"datetime": "2021-10-04 12:34:55", "elapsed": 216.97029, "delta": 1.550989}}
{"target": -2.229768723335358, "params": {"C": 28274.41344000316, "gamma": 0.12492951992260541}, "datetime": {"datetime": "2021-10-04 12:34:56", "elapsed": 218.164164, "delta": 1.193874}}
{"target": -2.353413592820578, "params": {"C": 9497.138141440375, "gamma": 0.0246869751205173}, "datetime": {"datetime": "2021-10-04 12:34:57", "elapsed": 219.296606, "delta": 1.132442}}
{"target": -2.340760577092986, "params": {"C": 36535.17812778781, "gamma": 0.1645988386043324}, "datetime": {"datetime": "2021-10-04 12:34:58", "elapsed": 220.453283, "delta": 1.156677}}
{"target": -2.036582313181503, "params": {"C": 33229.645861945006, "gamma": 0.05285534490177611}, "datetime": {"datetime": "2021-10-04 12:34:59", "elapsed": 221.599588, "delta": 1.146305}}
{"target": -2.1077163345214998, "params": {"C": 22816.94832434319, "gamma": 0.09146392594424924}, "datetime": {"datetime": "2021-10-04 12:35:00", "elapsed": 222.767027, "delta": 1.167439}}
{"target": -2.2445204743322638, "params": {"C": 10669.497596889927, "gamma": 0.12457593986202882}, "datetime": {"datetime": "2021-10-04 12:35:02", "elapsed": 223.951911, "delta": 1.184884}}
{"target": -2.137763763764482, "params": {"C": 13572.681193894105, "gamma": 0.09443735040820975}, "datetime": {"datetime": "2021-10-04 12:35:03", "elapsed": 225.173598, "delta": 1.221687}}
{"target": -2.1834442736862614, "params": {"C": 30975.045055880808, "gamma": 0.026118902171353108}, "datetime": {"datetime": "2021-10-04 12:35:04", "elapsed": 226.361524, "delta": 1.187926}}
{"target": -2.205474130352794, "params": {"C": 22457.716821271548, "gamma": 0.12042033966986133}, "datetime": {"datetime": "2021-10-04 12:35:05", "elapsed": 227.549102, "delta": 1.187578}}
{"target": -2.1337128542912662, "params": {"C": 12110.212252905554, "gamma": 0.09087307405262345}, "datetime": {"datetime": "2021-10-04 12:35:07", "elapsed": 229.047639, "delta": 1.498537}}
{"target": -2.1641425768269245, "params": {"C": 29436.62738129406, "gamma": 0.10581135306801909}, "datetime": {"datetime": "2021-10-04 12:35:08", "elapsed": 230.224808, "delta": 1.177169}}
{"target": -2.42833911185489, "params": {"C": 15611.387748850902, "gamma": 0.21943405434413932}, "datetime": {"datetime": "2021-10-04 12:35:09", "elapsed": 231.828602, "delta": 1.603794}}
{"target": -2.3875030174154226, "params": {"C": 27893.656803234535, "gamma": 0.1918456244853129}, "datetime": {"datetime": "2021-10-04 12:35:11", "elapsed": 232.963173, "delta": 1.134571}}
{"target": -2.216850659543107, "params": {"C": 31207.756706215743, "gamma": 0.1194854360989072}, "datetime": {"datetime": "2021-10-04 12:35:12", "elapsed": 234.58225, "delta": 1.619077}}
{"target": -2.241993395732846, "params": {"C": 33753.39350582962, "gamma": 0.12572297423569306}, "datetime": {"datetime": "2021-10-04 12:35:13", "elapsed": 235.780475, "delta": 1.198225}}
{"target": -2.114563165587019, "params": {"C": 39186.79271456309, "gamma": 0.08876917880228391}, "datetime": {"datetime": "2021-10-04 12:35:15", "elapsed": 237.032976, "delta": 1.252501}}
{"target": -2.491019917685732, "params": {"C": 20829.543924753732, "gamma": 0.2559943656192227}, "datetime": {"datetime": "2021-10-04 12:35:16", "elapsed": 238.203744, "delta": 1.170768}}
{"target": -2.262562833949604, "params": {"C": 38374.11077633954, "gamma": 0.12954115212656078}, "datetime": {"datetime": "2021-10-04 12:35:17", "elapsed": 239.49514, "delta": 1.291396}}
{"target": -2.437592253685286, "params": {"C": 9808.578512800528, "gamma": 0.21195435770349014}, "datetime": {"datetime": "2021-10-04 12:35:18", "elapsed": 240.727495, "delta": 1.232355}}
{"target": -2.351640806666074, "params": {"C": 14397.722850093203, "gamma": 0.18108724026930043}, "datetime": {"datetime": "2021-10-04 12:35:20", "elapsed": 242.417546, "delta": 1.690051}}
{"target": -2.2261220233177177, "params": {"C": 32862.91727737918, "gamma": 0.12143176180237981}, "datetime": {"datetime": "2021-10-04 12:35:21", "elapsed": 243.645337, "delta": 1.227791}}
{"target": -2.4547782735303576, "params": {"C": 37460.67959498911, "gamma": 0.2276326244300003}, "datetime": {"datetime": "2021-10-04 12:35:23", "elapsed": 245.294354, "delta": 1.649017}}
{"target": -2.351990479533603, "params": {"C": 32557.853343603867, "gamma": 0.17268166429463605}, "datetime": {"datetime": "2021-10-04 12:35:24", "elapsed": 246.763503, "delta": 1.469149}}
{"target": -2.330047035129272, "params": {"C": 26954.34329358286, "gamma": 0.16679761659752343}, "datetime": {"datetime": "2021-10-04 12:35:26", "elapsed": 248.245409, "delta": 1.481906}}
