{"target": 0.8782260936579557, "params": {"C": 184813.1645987814, "gamma": 0.19805104483709585}, "datetime": {"datetime": "2021-10-01 02:02:59", "elapsed": 28.360545, "delta": 0.490256}}
{"target": 0.8874450314473944, "params": {"C": 184875.2005527, "gamma": 0.14333110075684138}, "datetime": {"datetime": "2021-10-01 02:02:59", "elapsed": 28.87166, "delta": 0.511115}}
{"target": 0.8877291905200884, "params": {"C": 146294.23413860926, "gamma": 0.15474114356365073}, "datetime": {"datetime": "2021-10-01 02:03:00", "elapsed": 29.40426, "delta": 0.5326}}
{"target": 0.8906242304456944, "params": {"C": 184793.79510253103, "gamma": 0.08493638017484771}, "datetime": {"datetime": "2021-10-01 02:03:00", "elapsed": 29.981631, "delta": 0.577371}}
{"target": 0.8880122630344681, "params": {"C": 184856.19387801213, "gamma": 0.13510330809456605}, "datetime": {"datetime": "2021-10-01 02:03:01", "elapsed": 30.456633, "delta": 0.475002}}
{"target": 0.8877562009366806, "params": {"C": 146289.16017086135, "gamma": 0.15455024812262053}, "datetime": {"datetime": "2021-10-01 02:03:01", "elapsed": 30.947191, "delta": 0.490558}}
{"target": 0.8953338612032818, "params": {"C": 184871.90925514261, "gamma": 0.046044303673132364}, "datetime": {"datetime": "2021-10-01 02:03:02", "elapsed": 31.51468, "delta": 0.567489}}
{"target": 0.8800790205026948, "params": {"C": 184776.51225412302, "gamma": 0.19019917519627386}, "datetime": {"datetime": "2021-10-01 02:03:02", "elapsed": 32.003669, "delta": 0.488989}}
{"target": 0.8849917186546664, "params": {"C": 239248.40542161537, "gamma": 0.10986066837992055}, "datetime": {"datetime": "2021-10-01 02:03:03", "elapsed": 32.534668, "delta": 0.530999}}
{"target": 0.8815698349426904, "params": {"C": 239242.60402132876, "gamma": 0.17590768964974493}, "datetime": {"datetime": "2021-10-01 02:03:03", "elapsed": 33.091547, "delta": 0.556879}}
{"target": 0.8465487631429294, "params": {"C": 239092.56984947342, "gamma": 0.008469336614783291}, "datetime": {"datetime": "2021-10-01 02:03:04", "elapsed": 33.549924, "delta": 0.458377}}
{"target": 0.8848146631589837, "params": {"C": 239205.5849347609, "gamma": 0.10623838818415887}, "datetime": {"datetime": "2021-10-01 02:03:04", "elapsed": 34.043688, "delta": 0.493764}}
{"target": 0.8872605046343515, "params": {"C": 184848.4682189812, "gamma": 0.1455331739024184}, "datetime": {"datetime": "2021-10-01 02:03:05", "elapsed": 34.530873, "delta": 0.487185}}
{"target": 0.8798277816629207, "params": {"C": 421071.0070245217, "gamma": 0.15691263062007038}, "datetime": {"datetime": "2021-10-01 02:03:05", "elapsed": 35.035862, "delta": 0.504989}}
{"target": 0.8843194061471725, "params": {"C": 83012.06206886849, "gamma": 0.1843762394423409}, "datetime": {"datetime": "2021-10-01 02:03:06", "elapsed": 35.566547, "delta": 0.530685}}
{"target": 0.9011929169112785, "params": {"C": 83001.2816116191, "gamma": 0.1048629612603603}, "datetime": {"datetime": "2021-10-01 02:03:06", "elapsed": 36.06528, "delta": 0.498733}}
{"target": 0.8841669207822722, "params": {"C": 82992.97277073133, "gamma": 0.18503294744401172}, "datetime": {"datetime": "2021-10-01 02:03:07", "elapsed": 36.567283, "delta": 0.502003}}
{"target": 0.8818281141842402, "params": {"C": 239262.101969535, "gamma": 0.03274546653364938}, "datetime": {"datetime": "2021-10-01 02:03:07", "elapsed": 37.181279, "delta": 0.613996}}
{"target": 0.8788142683635158, "params": {"C": 184785.78135087696, "gamma": 0.19562143477697297}, "datetime": {"datetime": "2021-10-01 02:03:08", "elapsed": 37.684669, "delta": 0.50339}}
{"target": 0.8842628426206872, "params": {"C": 146273.8050563321, "gamma": 0.17548645466645865}, "datetime": {"datetime": "2021-10-01 02:03:08", "elapsed": 38.221433, "delta": 0.536764}}
{"target": 0.89278823010938, "params": {"C": 146265.7866817098, "gamma": 0.10694602887210497}, "datetime": {"datetime": "2021-10-01 02:03:09", "elapsed": 38.715437, "delta": 0.494004}}
{"target": 0.880461549565632, "params": {"C": 409070.0919978632, "gamma": 0.1515911259656155}, "datetime": {"datetime": "2021-10-01 02:03:10", "elapsed": 39.269808, "delta": 0.554371}}
{"target": 0.8851543682363477, "params": {"C": 184780.53077404245, "gamma": 0.16345206308201396}, "datetime": {"datetime": "2021-10-01 02:03:10", "elapsed": 39.823261, "delta": 0.553453}}
{"target": 0.8909229229836291, "params": {"C": 82989.06721047981, "gamma": 0.15393263267992482}, "datetime": {"datetime": "2021-10-01 02:03:11", "elapsed": 40.41441, "delta": 0.591149}}
{"target": 0.8856689330337065, "params": {"C": 239191.39856375827, "gamma": 0.1285114412483337}, "datetime": {"datetime": "2021-10-01 02:03:11", "elapsed": 40.914455, "delta": 0.500045}}
{"target": 0.9005636943637265, "params": {"C": 82999.50158118768, "gamma": 0.10762632760678935}, "datetime": {"datetime": "2021-10-01 02:03:12", "elapsed": 41.50141, "delta": 0.586955}}
{"target": 0.8858714818719655, "params": {"C": 146246.28791287594, "gamma": 0.1666770420773558}, "datetime": {"datetime": "2021-10-01 02:03:12", "elapsed": 42.041421, "delta": 0.540011}}
{"target": 0.8843726381356637, "params": {"C": 83007.05448278278, "gamma": 0.18414799702294138}, "datetime": {"datetime": "2021-10-01 02:03:13", "elapsed": 42.58546, "delta": 0.544039}}
{"target": 0.8829281580708606, "params": {"C": 146242.76077953324, "gamma": 0.03040791117266599}, "datetime": {"datetime": "2021-10-01 02:03:13", "elapsed": 43.173424, "delta": 0.587964}}
{"target": 0.907985975537, "params": {"C": 66305.50104480585, "gamma": 0.053000626354092764}, "datetime": {"datetime": "2021-10-01 02:03:14", "elapsed": 43.699794, "delta": 0.52637}}
{"target": 0.893651393567688, "params": {"C": 146252.0578098648, "gamma": 0.09950899420736473}, "datetime": {"datetime": "2021-10-01 02:03:14", "elapsed": 44.21561, "delta": 0.515816}}
{"target": 0.8931332227727586, "params": {"C": 66303.88194300357, "gamma": 0.14893656670107058}, "datetime": {"datetime": "2021-10-01 02:03:15", "elapsed": 44.747054, "delta": 0.531444}}
{"target": 0.9011692345148029, "params": {"C": 66320.10518874436, "gamma": 0.04367947317751563}, "datetime": {"datetime": "2021-10-01 02:03:16", "elapsed": 45.316017, "delta": 0.568963}}
{"target": 0.8994401535153843, "params": {"C": 66323.11431392285, "gamma": 0.04206571528618774}, "datetime": {"datetime": "2021-10-01 02:03:16", "elapsed": 45.870267, "delta": 0.55425}}
{"target": 0.910840418566643, "params": {"C": 66318.049151746, "gamma": 0.06473703644162761}, "datetime": {"datetime": "2021-10-01 02:03:17", "elapsed": 46.460429, "delta": 0.590162}}
{"target": 0.892801423824676, "params": {"C": 184796.4738615887, "gamma": 0.07098143408380747}, "datetime": {"datetime": "2021-10-01 02:03:17", "elapsed": 47.128393, "delta": 0.667964}}
{"target": 0.8855403719460041, "params": {"C": 239255.0665638396, "gamma": 0.14056485389404944}, "datetime": {"datetime": "2021-10-01 02:03:18", "elapsed": 47.743571, "delta": 0.615178}}
{"target": 0.8890484278124202, "params": {"C": 146255.2708545384, "gamma": 0.1445052901392876}, "datetime": {"datetime": "2021-10-01 02:03:19", "elapsed": 48.377408, "delta": 0.633837}}
{"target": 0.8939530209992452, "params": {"C": 66307.45571873251, "gamma": 0.14537914032576785}, "datetime": {"datetime": "2021-10-01 02:03:19", "elapsed": 48.931404, "delta": 0.553996}}
{"target": 0.8856691440001041, "params": {"C": 239224.96798865552, "gamma": 0.13519741626096035}, "datetime": {"datetime": "2021-10-01 02:03:20", "elapsed": 49.5682, "delta": 0.636796}}
{"target": 0.8931118934505125, "params": {"C": 184853.65363340097, "gamma": 0.06933695556758186}, "datetime": {"datetime": "2021-10-01 02:03:20", "elapsed": 50.105544, "delta": 0.537344}}
{"target": 0.8922703960154386, "params": {"C": 146249.1039549815, "gamma": 0.11199562775004135}, "datetime": {"datetime": "2021-10-01 02:03:21", "elapsed": 50.652548, "delta": 0.547004}}
{"target": 0.8866585211312189, "params": {"C": 66318.65111821723, "gamma": 0.1767716745055423}, "datetime": {"datetime": "2021-10-01 02:03:22", "elapsed": 51.323555, "delta": 0.671007}}
{"target": 0.8861412647915982, "params": {"C": 184799.74461405448, "gamma": 0.1561761212607016}, "datetime": {"datetime": "2021-10-01 02:03:22", "elapsed": 51.957435, "delta": 0.63388}}
{"target": 0.8848772286327442, "params": {"C": 239227.45867978336, "gamma": 0.15166426407928657}, "datetime": {"datetime": "2021-10-01 02:03:23", "elapsed": 52.504401, "delta": 0.546966}}
{"target": 0.8879489376688031, "params": {"C": 83009.55467871313, "gamma": 0.16814394699487697}, "datetime": {"datetime": "2021-10-01 02:03:23", "elapsed": 53.087519, "delta": 0.583118}}
{"target": 0.8914619909994422, "params": {"C": 184872.61946995487, "gamma": 0.07865810300011007}, "datetime": {"datetime": "2021-10-01 02:03:24", "elapsed": 53.6443, "delta": 0.556781}}
{"target": 0.8896193685895427, "params": {"C": 184841.8941263664, "gamma": 0.09601895720641695}, "datetime": {"datetime": "2021-10-01 02:03:25", "elapsed": 54.283598, "delta": 0.639298}}
{"target": 0.8845070138812002, "params": {"C": 239245.91348148172, "gamma": 0.09943766380186594}, "datetime": {"datetime": "2021-10-01 02:03:25", "elapsed": 54.847345, "delta": 0.563747}}
{"target": 0.8824932930761489, "params": {"C": 146271.73726532992, "gamma": 0.18414905838186055}, "datetime": {"datetime": "2021-10-01 02:03:26", "elapsed": 55.547949, "delta": 0.700604}}
{"target": 0.8962286631262768, "params": {"C": 146267.75597839904, "gamma": 0.08273372726172919}, "datetime": {"datetime": "2021-10-01 02:03:26", "elapsed": 56.149145, "delta": 0.601196}}
{"target": 0.8768798039344754, "params": {"C": 239257.2740884614, "gamma": 0.19755451429485138}, "datetime": {"datetime": "2021-10-01 02:03:27", "elapsed": 56.747933, "delta": 0.598788}}
{"target": 0.900624085133849, "params": {"C": 66306.58782294119, "gamma": 0.11732145125148645}, "datetime": {"datetime": "2021-10-01 02:03:28", "elapsed": 57.383937, "delta": 0.636004}}
{"target": 0.8870683338763702, "params": {"C": 184858.23789881603, "gamma": 0.14763742475094166}, "datetime": {"datetime": "2021-10-01 02:03:28", "elapsed": 57.972339, "delta": 0.588402}}
{"target": 0.8856173426697899, "params": {"C": 66324.3571293027, "gamma": 0.18111265493194775}, "datetime": {"datetime": "2021-10-01 02:03:29", "elapsed": 58.558342, "delta": 0.586003}}
{"target": 0.8781042908929997, "params": {"C": 66301.90635107951, "gamma": 0.028629970058501982}, "datetime": {"datetime": "2021-10-01 02:03:29", "elapsed": 59.148335, "delta": 0.589993}}
{"target": 0.8860243391671703, "params": {"C": 146300.2700240159, "gamma": 0.16576718263119689}, "datetime": {"datetime": "2021-10-01 02:03:30", "elapsed": 59.729538, "delta": 0.581203}}
{"target": 0.88305096625555, "params": {"C": 146269.64204768353, "gamma": 0.18151263605034265}, "datetime": {"datetime": "2021-10-01 02:03:31", "elapsed": 60.398935, "delta": 0.669397}}
{"target": 0.886315433444832, "params": {"C": 239098.09563834296, "gamma": 0.06590153773318563}, "datetime": {"datetime": "2021-10-01 02:03:31", "elapsed": 61.121934, "delta": 0.722999}}
{"target": 0.8893939252765449, "params": {"C": 146264.90610862663, "gamma": 0.14148452085525073}, "datetime": {"datetime": "2021-10-01 02:03:32", "elapsed": 61.749036, "delta": 0.627102}}
{"target": 0.9030510474888231, "params": {"C": 66320.82866175007, "gamma": 0.10760149370517388}, "datetime": {"datetime": "2021-10-01 02:03:33", "elapsed": 62.475965, "delta": 0.726929}}
{"target": 0.8955285600337229, "params": {"C": 184823.76083102234, "gamma": 0.046947848487533056}, "datetime": {"datetime": "2021-10-01 02:03:33", "elapsed": 63.066923, "delta": 0.590958}}
{"target": 0.8914149983843227, "params": {"C": 146262.3331890934, "gamma": 0.12099925219159537}, "datetime": {"datetime": "2021-10-01 02:03:34", "elapsed": 63.712994, "delta": 0.646071}}
{"target": 0.8899960377750467, "params": {"C": 66316.28979023857, "gamma": 0.16254668586053228}, "datetime": {"datetime": "2021-10-01 02:03:35", "elapsed": 64.488394, "delta": 0.7754}}
{"target": 0.8929248373057108, "params": {"C": 124554.5763432246, "gamma": 0.12371232027994133}, "datetime": {"datetime": "2021-10-01 02:03:35", "elapsed": 65.10404, "delta": 0.615646}}
{"target": 0.8189280807202763, "params": {"C": 66322.00165599833, "gamma": 0.003}, "datetime": {"datetime": "2021-10-01 02:03:36", "elapsed": 65.768026, "delta": 0.663986}}
{"target": 0.8492654324897095, "params": {"C": 167917.0235077198, "gamma": 0.014985906709305052}, "datetime": {"datetime": "2021-10-01 02:03:37", "elapsed": 66.418371, "delta": 0.650345}}
{"target": 0.8441241743045741, "params": {"C": 223827.4675152567, "gamma": 0.012821900376556585}, "datetime": {"datetime": "2021-10-01 02:03:37", "elapsed": 67.098368, "delta": 0.679997}}
{"target": 0.8862835940825117, "params": {"C": 223713.1127265925, "gamma": 0.119770427221162}, "datetime": {"datetime": "2021-10-01 02:03:38", "elapsed": 67.72291, "delta": 0.624542}}
{"target": 0.8737092339104384, "params": {"C": 419031.52602411906, "gamma": 0.10004299096759986}, "datetime": {"datetime": "2021-10-01 02:03:39", "elapsed": 68.342709, "delta": 0.619799}}
{"target": 0.8999789847801664, "params": {"C": 114272.00071684772, "gamma": 0.08836298534966058}, "datetime": {"datetime": "2021-10-01 02:03:39", "elapsed": 68.924665, "delta": 0.581956}}
{"target": 0.8845002576529429, "params": {"C": 146266.5738118533, "gamma": 0.1742520754735267}, "datetime": {"datetime": "2021-10-01 02:03:40", "elapsed": 69.631473, "delta": 0.706808}}
{"target": 0.8609677132203999, "params": {"C": 483072.08271359396, "gamma": 0.059228398290675985}, "datetime": {"datetime": "2021-10-01 02:03:41", "elapsed": 70.235813, "delta": 0.60434}}
{"target": 0.8854991293154983, "params": {"C": 146261.69307856003, "gamma": 0.16881485315656022}, "datetime": {"datetime": "2021-10-01 02:03:41", "elapsed": 70.95581, "delta": 0.719997}}
{"target": 0.8977056687059809, "params": {"C": 142067.58522583602, "gamma": 0.07835800973522268}, "datetime": {"datetime": "2021-10-01 02:03:42", "elapsed": 71.547809, "delta": 0.591999}}
{"target": 0.9097828431157902, "params": {"C": 56971.7287219307, "gamma": 0.08577256946454317}, "datetime": {"datetime": "2021-10-01 02:03:42", "elapsed": 72.163818, "delta": 0.616009}}
{"target": 0.888195827943911, "params": {"C": 191060.03994034004, "gamma": 0.12212639600291815}, "datetime": {"datetime": "2021-10-01 02:03:43", "elapsed": 72.779812, "delta": 0.615994}}
{"target": 0.8832292515747197, "params": {"C": 239155.2831077294, "gamma": 0.1658919840927682}, "datetime": {"datetime": "2021-10-01 02:03:44", "elapsed": 73.459823, "delta": 0.680011}}
{"target": 0.9022650434086701, "params": {"C": 104959.09995279883, "gamma": 0.08466391162523648}, "datetime": {"datetime": "2021-10-01 02:03:44", "elapsed": 74.115981, "delta": 0.656158}}
{"target": 0.8461203325511959, "params": {"C": 191061.2468819469, "gamma": 0.012712172278964987}, "datetime": {"datetime": "2021-10-01 02:03:45", "elapsed": 74.823422, "delta": 0.707441}}
{"target": 0.8414561867676451, "params": {"C": 481190.93113512074, "gamma": 0.017591762974894433}, "datetime": {"datetime": "2021-10-01 02:03:46", "elapsed": 75.457482, "delta": 0.63406}}
{"target": 0.8889035350624958, "params": {"C": 239137.77104105623, "gamma": 0.04401023600125805}, "datetime": {"datetime": "2021-10-01 02:03:46", "elapsed": 76.139628, "delta": 0.682146}}
{"target": 0.8508527289250795, "params": {"C": 146301.93059157825, "gamma": 0.008526805007467886}, "datetime": {"datetime": "2021-10-01 02:03:47", "elapsed": 76.872795, "delta": 0.733167}}
{"target": 0.8924246669559502, "params": {"C": 146262.70175278006, "gamma": 0.11044093329472263}, "datetime": {"datetime": "2021-10-01 02:03:48", "elapsed": 77.708796, "delta": 0.836001}}
{"target": 0.8994084293212095, "params": {"C": 66317.59001038063, "gamma": 0.1222722428552046}, "datetime": {"datetime": "2021-10-01 02:03:49", "elapsed": 78.790798, "delta": 1.082002}}
{"target": 0.8860783337912861, "params": {"C": 184845.28998653864, "gamma": 0.15667082776392213}, "datetime": {"datetime": "2021-10-01 02:03:50", "elapsed": 79.5468, "delta": 0.756002}}
{"target": 0.8875273495053367, "params": {"C": 146268.28459970484, "gamma": 0.1561653897603289}, "datetime": {"datetime": "2021-10-01 02:03:51", "elapsed": 80.339341, "delta": 0.792541}}
{"target": 0.8807458596884794, "params": {"C": 184853.35798615887, "gamma": 0.029896493332994926}, "datetime": {"datetime": "2021-10-01 02:03:51", "elapsed": 81.043071, "delta": 0.70373}}
{"target": 0.8823506299638589, "params": {"C": 146264.25991791944, "gamma": 0.18481259067150194}, "datetime": {"datetime": "2021-10-01 02:03:52", "elapsed": 81.710969, "delta": 0.667898}}
{"target": 0.9089092705526404, "params": {"C": 82998.91068418286, "gamma": 0.060228136042641184}, "datetime": {"datetime": "2021-10-01 02:03:53", "elapsed": 82.482548, "delta": 0.771579}}
{"target": 0.8549722500751602, "params": {"C": 63168.98809694215, "gamma": 0.012160361534487567}, "datetime": {"datetime": "2021-10-01 02:03:54", "elapsed": 83.259551, "delta": 0.777003}}
{"target": 0.8811452425052798, "params": {"C": 387578.3104616683, "gamma": 0.14692435689867517}, "datetime": {"datetime": "2021-10-01 02:03:54", "elapsed": 84.039061, "delta": 0.77951}}
{"target": 0.8884890173734241, "params": {"C": 184818.31103450662, "gamma": 0.12489326981237432}, "datetime": {"datetime": "2021-10-01 02:03:55", "elapsed": 85.059071, "delta": 1.02001}}
{"target": 0.8911837572385752, "params": {"C": 84224.30949105103, "gamma": 0.15227901213835646}, "datetime": {"datetime": "2021-10-01 02:03:56", "elapsed": 86.116741, "delta": 1.05767}}
{"target": 0.886568308262571, "params": {"C": 219506.69244652393, "gamma": 0.12460245132318773}, "datetime": {"datetime": "2021-10-01 02:03:57", "elapsed": 86.952741, "delta": 0.836}}
{"target": 0.8890172412137016, "params": {"C": 146296.78125898287, "gamma": 0.14475313322161437}, "datetime": {"datetime": "2021-10-01 02:03:58", "elapsed": 87.811349, "delta": 0.858608}}
{"target": 0.8787168299600985, "params": {"C": 458258.990436097, "gamma": 0.13035127819189182}, "datetime": {"datetime": "2021-10-01 02:03:59", "elapsed": 88.766522, "delta": 0.955173}}
{"target": 0.8946789838551216, "params": {"C": 184796.9668687937, "gamma": 0.04384569948753951}, "datetime": {"datetime": "2021-10-01 02:04:00", "elapsed": 89.761758, "delta": 0.995236}}
{"target": 0.885477893375679, "params": {"C": 228841.42341128623, "gamma": 0.10373673603868314}, "datetime": {"datetime": "2021-10-01 02:04:01", "elapsed": 90.591545, "delta": 0.829787}}
{"target": 0.8829276720389512, "params": {"C": 217653.23886320216, "gamma": 0.17150692862837646}, "datetime": {"datetime": "2021-10-01 02:04:02", "elapsed": 91.503543, "delta": 0.911998}}
{"target": 0.8856256660327343, "params": {"C": 254857.5038416968, "gamma": 0.03891021612983909}, "datetime": {"datetime": "2021-10-01 02:04:03", "elapsed": 92.483481, "delta": 0.979938}}
{"target": 0.8821006782632553, "params": {"C": 342693.92071248917, "gamma": 0.15068645082750265}, "datetime": {"datetime": "2021-10-01 02:04:04", "elapsed": 93.37646, "delta": 0.892979}}
{"target": 0.8678565497256392, "params": {"C": 146271.01409307864, "gamma": 0.023479702621277233}, "datetime": {"datetime": "2021-10-01 02:04:05", "elapsed": 94.336649, "delta": 0.960189}}
{"target": 0.8905085097618906, "params": {"C": 184816.35265192852, "gamma": 0.08591869413987224}, "datetime": {"datetime": "2021-10-01 02:04:06", "elapsed": 95.593484, "delta": 1.256835}}
{"target": 0.9091358622381558, "params": {"C": 66304.00988278579, "gamma": 0.08214057245857788}, "datetime": {"datetime": "2021-10-01 02:04:07", "elapsed": 96.837565, "delta": 1.244081}}
{"target": 0.8832413244558077, "params": {"C": 184840.67969828277, "gamma": 0.1749042917728443}, "datetime": {"datetime": "2021-10-01 02:04:08", "elapsed": 98.221771, "delta": 1.384206}}
{"target": 0.8742800566517932, "params": {"C": 474462.51307644317, "gamma": 0.18544001513888567}, "datetime": {"datetime": "2021-10-01 02:04:09", "elapsed": 99.189769, "delta": 0.967998}}
{"target": 0.8812389686314972, "params": {"C": 384503.9421483472, "gamma": 0.1460521878559685}, "datetime": {"datetime": "2021-10-01 02:04:11", "elapsed": 100.540752, "delta": 1.350983}}
{"target": 0.9074929786687642, "params": {"C": 58029.00307715722, "gamma": 0.09514421249021865}, "datetime": {"datetime": "2021-10-01 02:04:12", "elapsed": 101.61575, "delta": 1.074998}}
{"target": 0.8795440790368918, "params": {"C": 336658.49962003453, "gamma": 0.17368203171018454}, "datetime": {"datetime": "2021-10-01 02:04:13", "elapsed": 102.584691, "delta": 0.968941}}
{"target": 0.8850504993214673, "params": {"C": 232769.24053259156, "gamma": 0.09992134371498283}, "datetime": {"datetime": "2021-10-01 02:04:14", "elapsed": 103.766379, "delta": 1.181688}}
{"target": 0.8838792641569356, "params": {"C": 83001.33017260418, "gamma": 0.18626023336769135}, "datetime": {"datetime": "2021-10-01 02:04:16", "elapsed": 105.502994, "delta": 1.736615}}
{"target": 0.8817598545979838, "params": {"C": 111294.54202925076, "gamma": 0.19186089388143507}, "datetime": {"datetime": "2021-10-01 02:04:17", "elapsed": 106.376589, "delta": 0.873595}}
{"target": 0.8862827601329006, "params": {"C": 239165.0459766315, "gamma": 0.0660360923819245}, "datetime": {"datetime": "2021-10-01 02:04:18", "elapsed": 107.489592, "delta": 1.113003}}
{"target": 0.8685780607552602, "params": {"C": 428804.5012836458, "gamma": 0.03777525376827055}, "datetime": {"datetime": "2021-10-01 02:04:19", "elapsed": 108.396149, "delta": 0.906557}}
{"target": 0.8804062955740687, "params": {"C": 184797.25268271903, "gamma": 0.18874333032740112}, "datetime": {"datetime": "2021-10-01 02:04:20", "elapsed": 109.476384, "delta": 1.080235}}
{"target": 0.8673493357788254, "params": {"C": 428410.2764142481, "gamma": 0.050585614168117916}, "datetime": {"datetime": "2021-10-01 02:04:21", "elapsed": 110.677574, "delta": 1.20119}}
