{"target": -2.5685453273955057, "params": {"C": 176377.07966990728, "gamma": 0.13632420990291108}, "datetime": {"datetime": "2021-10-04 12:26:12", "elapsed": 5.406125, "delta": 0.32826}}
{"target": -2.513471905990107, "params": {"C": 463909.0474482554, "gamma": 0.08613318564671335}, "datetime": {"datetime": "2021-10-04 12:26:12", "elapsed": 5.755516, "delta": 0.349391}}
{"target": -2.5697232413664906, "params": {"C": 167230.56798655074, "gamma": 0.1384003309747359}, "datetime": {"datetime": "2021-10-04 12:26:13", "elapsed": 6.059934, "delta": 0.304418}}
{"target": -2.4583958282324105, "params": {"C": 386802.4715259268, "gamma": 0.08298004650628413}, "datetime": {"datetime": "2021-10-04 12:26:13", "elapsed": 6.571297, "delta": 0.511363}}
{"target": -2.4850069201761618, "params": {"C": 235680.1454802207, "gamma": 0.1070032275529389}, "datetime": {"datetime": "2021-10-04 12:26:14", "elapsed": 6.883125, "delta": 0.311828}}
{"target": -2.180345070035053, "params": {"C": 104396.23771022845, "gamma": 0.07810143549808893}, "datetime": {"datetime": "2021-10-04 12:26:14", "elapsed": 7.196462, "delta": 0.313337}}
{"target": -2.678396282362756, "params": {"C": 187793.44372845773, "gamma": 0.16740111674242686}, "datetime": {"datetime": "2021-10-04 12:26:14", "elapsed": 7.534694, "delta": 0.338232}}
{"target": -2.7008363204347554, "params": {"C": 304137.9721082987, "gamma": 0.15681730451453513}, "datetime": {"datetime": "2021-10-04 12:26:14", "elapsed": 7.84917, "delta": 0.314476}}
{"target": -2.6444862921200176, "params": {"C": 437640.6778271342, "gamma": 0.1238954812849888}, "datetime": {"datetime": "2021-10-04 12:26:15", "elapsed": 8.342169, "delta": 0.492999}}
{"target": -2.727799340032861, "params": {"C": 416600.74068562617, "gamma": 0.15486813064394803}, "datetime": {"datetime": "2021-10-04 12:26:15", "elapsed": 8.73228, "delta": 0.390111}}
{"target": -2.1654977711322316, "params": {"C": 104137.19341616928, "gamma": 0.07617245067690888}, "datetime": {"datetime": "2021-10-04 12:26:16", "elapsed": 9.077912, "delta": 0.345632}}
{"target": -2.4835849567346635, "params": {"C": 284576.999302827, "gamma": 0.1001560795270752}, "datetime": {"datetime": "2021-10-04 12:26:16", "elapsed": 9.418422, "delta": 0.34051}}
{"target": -1.959872381417285, "params": {"C": 297771.5263232668, "gamma": 0.022796289994468113}, "datetime": {"datetime": "2021-10-04 12:26:16", "elapsed": 9.75496, "delta": 0.336538}}
{"target": -2.1004628655431823, "params": {"C": 225735.29226935838, "gamma": 0.04681795116413335}, "datetime": {"datetime": "2021-10-04 12:26:17", "elapsed": 10.097962, "delta": 0.343002}}
{"target": -2.1389337555022845, "params": {"C": 452135.3874778086, "gamma": 0.030762310675573303}, "datetime": {"datetime": "2021-10-04 12:26:17", "elapsed": 10.530778, "delta": 0.432816}}
{"target": -2.1623756729152617, "params": {"C": 109277.52826649288, "gamma": 0.010385013665269373}, "datetime": {"datetime": "2021-10-04 12:26:18", "elapsed": 10.87178, "delta": 0.341002}}
{"target": -2.2301787472708057, "params": {"C": 124916.55299552021, "gamma": 0.08098792944460657}, "datetime": {"datetime": "2021-10-04 12:26:18", "elapsed": 11.227782, "delta": 0.356002}}
{"target": -2.3397459249485393, "params": {"C": 395465.10756061564, "gamma": 0.06313707250766368}, "datetime": {"datetime": "2021-10-04 12:26:18", "elapsed": 11.5855, "delta": 0.357718}}
{"target": -2.794769245355289, "params": {"C": 366348.0557811038, "gamma": 0.18942863618214556}, "datetime": {"datetime": "2021-10-04 12:26:19", "elapsed": 12.224505, "delta": 0.639005}}
{"target": -2.7022510205970574, "params": {"C": 188961.2634320645, "gamma": 0.17686303757717095}, "datetime": {"datetime": "2021-10-04 12:26:19", "elapsed": 12.652309, "delta": 0.427804}}
{"target": -2.5084349344904293, "params": {"C": 133981.5496777841, "gamma": 0.13131111332663642}, "datetime": {"datetime": "2021-10-04 12:26:20", "elapsed": 13.134054, "delta": 0.481745}}
{"target": -2.5499443892870595, "params": {"C": 458090.79651876463, "gamma": 0.09672569453100996}, "datetime": {"datetime": "2021-10-04 12:26:20", "elapsed": 13.483727, "delta": 0.349673}}
{"target": -2.7325774391937308, "params": {"C": 272868.2458349855, "gamma": 0.17376888537422394}, "datetime": {"datetime": "2021-10-04 12:26:21", "elapsed": 13.881035, "delta": 0.397308}}
{"target": -1.8892572643953789, "params": {"C": 111160.81221777483, "gamma": 0.03194999005419243}, "datetime": {"datetime": "2021-10-04 12:26:21", "elapsed": 14.218035, "delta": 0.337}}
{"target": -2.5456205589222463, "params": {"C": 470386.122211222, "gamma": 0.09403836893505393}, "datetime": {"datetime": "2021-10-04 12:26:21", "elapsed": 14.775252, "delta": 0.557217}}
{"target": -2.768822625080086, "params": {"C": 452931.132132878, "gamma": 0.16885269427784658}, "datetime": {"datetime": "2021-10-04 12:26:22", "elapsed": 15.154249, "delta": 0.378997}}
{"target": -2.72906655212088, "params": {"C": 344479.357587402, "gamma": 0.16275819528859015}, "datetime": {"datetime": "2021-10-04 12:26:22", "elapsed": 15.600834, "delta": 0.446585}}
{"target": -2.3875203549654174, "params": {"C": 125053.10127842394, "gamma": 0.10784425015860881}, "datetime": {"datetime": "2021-10-04 12:26:23", "elapsed": 15.99827, "delta": 0.397436}}
{"target": -2.5815693508092967, "params": {"C": 237311.21713817402, "gamma": 0.12966043716514472}, "datetime": {"datetime": "2021-10-04 12:26:23", "elapsed": 16.658873, "delta": 0.660603}}
{"target": -2.2813090612316897, "params": {"C": 390887.0397516437, "gamma": 0.05208634259938703}, "datetime": {"datetime": "2021-10-04 12:26:24", "elapsed": 17.13411, "delta": 0.475237}}
{"target": -2.7657075110880993, "params": {"C": 400595.27338881756, "gamma": 0.1724591548246132}, "datetime": {"datetime": "2021-10-04 12:26:24", "elapsed": 17.527085, "delta": 0.392975}}
{"target": -2.5552265560503393, "params": {"C": 163462.90616747199, "gamma": 0.1355966954043328}, "datetime": {"datetime": "2021-10-04 12:26:25", "elapsed": 17.908808, "delta": 0.381723}}
{"target": -2.776592750779661, "params": {"C": 217029.14046634675, "gamma": 0.19957262138957166}, "datetime": {"datetime": "2021-10-04 12:26:25", "elapsed": 18.537437, "delta": 0.628629}}
{"target": -2.513668512761151, "params": {"C": 483295.68034865154, "gamma": 0.08300702150556678}, "datetime": {"datetime": "2021-10-04 12:26:26", "elapsed": 18.912161, "delta": 0.374724}}
{"target": -2.6712565790447313, "params": {"C": 152511.22614526068, "gamma": 0.17347111261641163}, "datetime": {"datetime": "2021-10-04 12:26:26", "elapsed": 19.295212, "delta": 0.383051}}
{"target": -2.1418206459212823, "params": {"C": 375600.0366273992, "gamma": 0.008217202714005976}, "datetime": {"datetime": "2021-10-04 12:26:26", "elapsed": 19.68298, "delta": 0.387768}}
{"target": -2.8031118643929274, "params": {"C": 369625.3460611956, "gamma": 0.19292712557280897}, "datetime": {"datetime": "2021-10-04 12:26:27", "elapsed": 20.290349, "delta": 0.607369}}
{"target": -2.024754129994871, "params": {"C": 177594.83059731172, "gamma": 0.04132787950220895}, "datetime": {"datetime": "2021-10-04 12:26:27", "elapsed": 20.699087, "delta": 0.408738}}
{"target": -2.321159567650851, "params": {"C": 324891.7235689589, "gamma": 0.0689485227889407}, "datetime": {"datetime": "2021-10-04 12:26:28", "elapsed": 21.219131, "delta": 0.520044}}
{"target": -2.234719625068647, "params": {"C": 410608.4018514123, "gamma": 0.04326807527527066}, "datetime": {"datetime": "2021-10-04 12:26:28", "elapsed": 21.623518, "delta": 0.404387}}
{"target": -2.716814976093228, "params": {"C": 479960.84980120615, "gamma": 0.14549685466993473}, "datetime": {"datetime": "2021-10-04 12:26:29", "elapsed": 22.233516, "delta": 0.609998}}
{"target": -2.5473535447977076, "params": {"C": 215364.3851362916, "gamma": 0.12418714811690665}, "datetime": {"datetime": "2021-10-04 12:26:29", "elapsed": 22.634334, "delta": 0.400818}}
{"target": -2.2939636832664014, "params": {"C": 399590.6045321597, "gamma": 0.05303863445710755}, "datetime": {"datetime": "2021-10-04 12:26:30", "elapsed": 23.070337, "delta": 0.436003}}
{"target": -2.7482706031581765, "params": {"C": 215533.19710326826, "gamma": 0.1902666443438086}, "datetime": {"datetime": "2021-10-04 12:26:30", "elapsed": 23.496806, "delta": 0.426469}}
{"target": -2.101499885851521, "params": {"C": 188990.47511311783, "gamma": 0.05419490837309201}, "datetime": {"datetime": "2021-10-04 12:26:31", "elapsed": 24.241756, "delta": 0.74495}}
{"target": -2.67149609494262, "params": {"C": 406861.24820939085, "gamma": 0.13626587796780287}, "datetime": {"datetime": "2021-10-04 12:26:31", "elapsed": 24.762968, "delta": 0.521212}}
{"target": -2.579804177224361, "params": {"C": 202872.9695735654, "gamma": 0.1345077029114983}, "datetime": {"datetime": "2021-10-04 12:26:32", "elapsed": 25.273313, "delta": 0.510345}}
{"target": -2.160026792062644, "params": {"C": 400035.9266468085, "gamma": 0.03672878651858811}, "datetime": {"datetime": "2021-10-04 12:26:32", "elapsed": 25.759352, "delta": 0.486039}}
{"target": -2.5266244035426313, "params": {"C": 363408.6178830604, "gamma": 0.10060191808899921}, "datetime": {"datetime": "2021-10-04 12:26:33", "elapsed": 26.426601, "delta": 0.667249}}
{"target": -2.234370527606807, "params": {"C": 378383.5222656837, "gamma": 0.04665054281082558}, "datetime": {"datetime": "2021-10-04 12:26:34", "elapsed": 26.9666, "delta": 0.539999}}
{"target": -2.0820469902139833, "params": {"C": 282021.0634461988, "gamma": 0.03611193804858831}, "datetime": {"datetime": "2021-10-04 12:26:34", "elapsed": 27.488448, "delta": 0.521848}}
{"target": -2.002377020315805, "params": {"C": 209892.22619270714, "gamma": 0.03347061622221884}, "datetime": {"datetime": "2021-10-04 12:26:35", "elapsed": 27.976989, "delta": 0.488541}}
{"target": -2.359658938477463, "params": {"C": 123795.77436037877, "gamma": 0.10251793583252329}, "datetime": {"datetime": "2021-10-04 12:26:35", "elapsed": 28.683155, "delta": 0.706166}}
{"target": -2.4045539949911694, "params": {"C": 185299.59791935876, "gamma": 0.09878202215689764}, "datetime": {"datetime": "2021-10-04 12:26:36", "elapsed": 29.29383, "delta": 0.610675}}
{"target": -2.7894100623683222, "params": {"C": 460234.8587853326, "gamma": 0.1787555480825455}, "datetime": {"datetime": "2021-10-04 12:26:36", "elapsed": 29.794274, "delta": 0.500444}}
{"target": -2.177283109707486, "params": {"C": 254023.6542463509, "gamma": 0.007726311326211972}, "datetime": {"datetime": "2021-10-04 12:26:37", "elapsed": 30.255197, "delta": 0.460923}}
{"target": -2.684362410324905, "params": {"C": 344344.36929832073, "gamma": 0.14626376587813414}, "datetime": {"datetime": "2021-10-04 12:26:37", "elapsed": 30.753692, "delta": 0.498495}}
{"target": -2.5980749660394893, "params": {"C": 440512.79864788754, "gamma": 0.10901073028363638}, "datetime": {"datetime": "2021-10-04 12:26:38", "elapsed": 31.492945, "delta": 0.739253}}
{"target": -2.644422971040836, "params": {"C": 205168.50232116127, "gamma": 0.1521061720488815}, "datetime": {"datetime": "2021-10-04 12:26:39", "elapsed": 31.940965, "delta": 0.44802}}
{"target": -2.2705031709478063, "params": {"C": 209245.02150729304, "gamma": 0.07447354368486486}, "datetime": {"datetime": "2021-10-04 12:26:39", "elapsed": 32.395493, "delta": 0.454528}}
{"target": -2.6945389512475906, "params": {"C": 189246.35465054252, "gamma": 0.17358807208662194}, "datetime": {"datetime": "2021-10-04 12:26:40", "elapsed": 33.251666, "delta": 0.856173}}
{"target": -2.506072752005681, "params": {"C": 241197.065044843, "gamma": 0.11083728917300434}, "datetime": {"datetime": "2021-10-04 12:26:40", "elapsed": 33.834235, "delta": 0.582569}}
{"target": -2.4804398743401763, "params": {"C": 149598.59111919574, "gamma": 0.12117495599728843}, "datetime": {"datetime": "2021-10-04 12:26:41", "elapsed": 34.277219, "delta": 0.442984}}
{"target": -2.5827402165517426, "params": {"C": 159529.80142049165, "gamma": 0.14336270194175063}, "datetime": {"datetime": "2021-10-04 12:26:41", "elapsed": 34.81216, "delta": 0.534941}}
{"target": -2.018912542357003, "params": {"C": 401322.34117079346, "gamma": 0.013363912348995945}, "datetime": {"datetime": "2021-10-04 12:26:42", "elapsed": 35.642729, "delta": 0.830569}}
{"target": -2.7320474674189414, "params": {"C": 420981.79183499893, "gamma": 0.15604478949954287}, "datetime": {"datetime": "2021-10-04 12:26:43", "elapsed": 36.174819, "delta": 0.53209}}
{"target": -2.5662690888619775, "params": {"C": 372304.8883324358, "gamma": 0.10815180210573114}, "datetime": {"datetime": "2021-10-04 12:26:43", "elapsed": 36.677802, "delta": 0.502983}}
{"target": -2.8230253702831583, "params": {"C": 431574.6332140542, "gamma": 0.19707929801778756}, "datetime": {"datetime": "2021-10-04 12:26:44", "elapsed": 37.513993, "delta": 0.836191}}
{"target": -2.7894694864919507, "params": {"C": 412764.97332052304, "gamma": 0.18279486925908073}, "datetime": {"datetime": "2021-10-04 12:26:45", "elapsed": 38.034701, "delta": 0.520708}}
{"target": -2.640428253151027, "params": {"C": 370008.0535645862, "gamma": 0.12971178366667904}, "datetime": {"datetime": "2021-10-04 12:26:45", "elapsed": 38.562025, "delta": 0.527324}}
{"target": -2.187298090103694, "params": {"C": 265457.3928303158, "gamma": 0.05530668143488044}, "datetime": {"datetime": "2021-10-04 12:26:46", "elapsed": 39.078661, "delta": 0.516636}}
{"target": -2.5850802343684802, "params": {"C": 348382.5035102157, "gamma": 0.11563677490054068}, "datetime": {"datetime": "2021-10-04 12:26:46", "elapsed": 39.723039, "delta": 0.644378}}
{"target": -2.5073012071735277, "params": {"C": 381186.96278335864, "gamma": 0.09524490939482223}, "datetime": {"datetime": "2021-10-04 12:26:47", "elapsed": 40.276142, "delta": 0.553103}}
{"target": -1.9951433527904363, "params": {"C": 443318.9577953175, "gamma": 0.015087210371642353}, "datetime": {"datetime": "2021-10-04 12:26:47", "elapsed": 40.777548, "delta": 0.501406}}
{"target": -2.0443846102844354, "params": {"C": 106229.01547804498, "gamma": 0.015044404152669895}, "datetime": {"datetime": "2021-10-04 12:26:48", "elapsed": 41.590695, "delta": 0.813147}}
{"target": -1.964278387881099, "params": {"C": 366751.9387693075, "gamma": 0.01890505924562461}, "datetime": {"datetime": "2021-10-04 12:26:49", "elapsed": 42.129262, "delta": 0.538567}}
{"target": -2.6264290236935905, "params": {"C": 377811.07269869826, "gamma": 0.12445957509292065}, "datetime": {"datetime": "2021-10-04 12:26:49", "elapsed": 42.831615, "delta": 0.702353}}
{"target": -2.655461477193919, "params": {"C": 465747.48607753706, "gamma": 0.12492995080185952}, "datetime": {"datetime": "2021-10-04 12:26:50", "elapsed": 43.646987, "delta": 0.815372}}
{"target": -2.1930228566026693, "params": {"C": 134284.52219495527, "gamma": 0.07461015200709144}, "datetime": {"datetime": "2021-10-04 12:26:51", "elapsed": 44.212353, "delta": 0.565366}}
{"target": -2.035389009546698, "params": {"C": 149672.9115283707, "gamma": 0.05129021982940965}, "datetime": {"datetime": "2021-10-04 12:26:51", "elapsed": 44.754007, "delta": 0.541654}}
{"target": -2.236587045515561, "params": {"C": 344553.2546225025, "gamma": 0.05141676591399822}, "datetime": {"datetime": "2021-10-04 12:26:52", "elapsed": 45.308595, "delta": 0.554588}}
{"target": -2.6143930963323934, "params": {"C": 244769.03721726395, "gamma": 0.13721119480351546}, "datetime": {"datetime": "2021-10-04 12:26:53", "elapsed": 46.189675, "delta": 0.88108}}
{"target": -2.460925601341011, "params": {"C": 102973.21508077855, "gamma": 0.12903981195897987}, "datetime": {"datetime": "2021-10-04 12:26:53", "elapsed": 46.774673, "delta": 0.584998}}
{"target": -2.4216479500022636, "params": {"C": 192532.64208991054, "gamma": 0.10092118050569808}, "datetime": {"datetime": "2021-10-04 12:26:54", "elapsed": 47.781877, "delta": 1.007204}}
{"target": -2.220645075905568, "params": {"C": 495282.81133054924, "gamma": 0.03588217784624205}, "datetime": {"datetime": "2021-10-04 12:26:55", "elapsed": 48.403533, "delta": 0.621656}}
{"target": -1.973262093297147, "params": {"C": 372017.74019277457, "gamma": 0.02065363369674545}, "datetime": {"datetime": "2021-10-04 12:26:56", "elapsed": 49.083505, "delta": 0.679972}}
{"target": -2.555910833192935, "params": {"C": 220409.70846805308, "gamma": 0.12550270044020861}, "datetime": {"datetime": "2021-10-04 12:26:56", "elapsed": 49.723581, "delta": 0.640076}}
{"target": -2.4387954598413577, "params": {"C": 179243.9767748905, "gamma": 0.10693987009194154}, "datetime": {"datetime": "2021-10-04 12:26:57", "elapsed": 50.456125, "delta": 0.732544}}
{"target": -2.5481783257919997, "params": {"C": 454503.2205349004, "gamma": 0.0966832633684581}, "datetime": {"datetime": "2021-10-04 12:26:58", "elapsed": 51.026625, "delta": 0.5705}}
{"target": -1.9089254536752465, "params": {"C": 179593.77624408458, "gamma": 0.023498910920741006}, "datetime": {"datetime": "2021-10-04 12:26:58", "elapsed": 51.594239, "delta": 0.567614}}
{"target": -2.2225870150898914, "params": {"C": 208588.46558320773, "gamma": 0.0682803279383498}, "datetime": {"datetime": "2021-10-04 12:26:59", "elapsed": 52.279094, "delta": 0.684855}}
{"target": -2.596446212709179, "params": {"C": 392157.11027046625, "gamma": 0.11353713532433299}, "datetime": {"datetime": "2021-10-04 12:27:00", "elapsed": 52.947273, "delta": 0.668179}}
{"target": -2.2177057168463783, "params": {"C": 434498.6785277627, "gamma": 0.03967570115105617}, "datetime": {"datetime": "2021-10-04 12:27:00", "elapsed": 53.620384, "delta": 0.673111}}
{"target": -2.5697156694241317, "params": {"C": 415578.0114795439, "gamma": 0.10469794404761906}, "datetime": {"datetime": "2021-10-04 12:27:01", "elapsed": 54.466736, "delta": 0.846352}}
{"target": -2.6517132521245506, "params": {"C": 123878.66217421104, "gamma": 0.1748402427521114}, "datetime": {"datetime": "2021-10-04 12:27:02", "elapsed": 55.046722, "delta": 0.579986}}
{"target": -2.013496078968775, "params": {"C": 118875.78986429822, "gamma": 0.01612706974781032}, "datetime": {"datetime": "2021-10-04 12:27:02", "elapsed": 55.653649, "delta": 0.606927}}
{"target": -2.7789281702155333, "params": {"C": 419906.18304439815, "gamma": 0.17726761337173455}, "datetime": {"datetime": "2021-10-04 12:27:03", "elapsed": 56.398745, "delta": 0.745096}}
{"target": -2.186846133152736, "params": {"C": 245261.84739834856, "gamma": 0.007512725900160056}, "datetime": {"datetime": "2021-10-04 12:27:04", "elapsed": 57.291675, "delta": 0.89293}}
{"target": -2.734547047021034, "params": {"C": 362085.7364853291, "gamma": 0.16291793203839156}, "datetime": {"datetime": "2021-10-04 12:27:05", "elapsed": 57.994166, "delta": 0.702491}}
{"target": -2.627866685113011, "params": {"C": 377906.33865298925, "gamma": 0.12488028976182947}, "datetime": {"datetime": "2021-10-04 12:27:05", "elapsed": 58.748166, "delta": 0.754}}
{"target": -2.078506861733851, "params": {"C": 100045.77608337777, "gamma": 0.06669685247652576}, "datetime": {"datetime": "2021-10-04 12:27:06", "elapsed": 59.428464, "delta": 0.680298}}
{"target": -2.7533146659807777, "params": {"C": 443318.8476343598, "gamma": 0.1625959307693667}, "datetime": {"datetime": "2021-10-04 12:27:07", "elapsed": 60.094727, "delta": 0.666263}}
{"target": -2.153232372411626, "params": {"C": 395464.4994455835, "gamma": 0.03612167868334987}, "datetime": {"datetime": "2021-10-04 12:27:07", "elapsed": 60.801652, "delta": 0.706925}}
{"target": -1.8885591741728647, "params": {"C": 111160.45178218372, "gamma": 0.03171312123191907}, "datetime": {"datetime": "2021-10-04 12:27:08", "elapsed": 61.469237, "delta": 0.667585}}
{"target": -1.998397076131832, "params": {"C": 324892.1096121356, "gamma": 0.014639279936882035}, "datetime": {"datetime": "2021-10-04 12:27:09", "elapsed": 62.19414, "delta": 0.724903}}
{"target": -2.77220714519739, "params": {"C": 243509.99433527273, "gamma": 0.19466245058751244}, "datetime": {"datetime": "2021-10-04 12:27:10", "elapsed": 62.872778, "delta": 0.678638}}
{"target": -1.96884704734357, "params": {"C": 235679.80024848244, "gamma": 0.02776855074006749}, "datetime": {"datetime": "2021-10-04 12:27:10", "elapsed": 63.728112, "delta": 0.855334}}
{"target": -2.2019480477541973, "params": {"C": 174503.60947682845, "gamma": 0.07034730716013123}, "datetime": {"datetime": "2021-10-04 12:27:11", "elapsed": 64.372876, "delta": 0.644764}}
{"target": -2.7683878246371503, "params": {"C": 445586.7470839211, "gamma": 0.1693132864562391}, "datetime": {"datetime": "2021-10-04 12:27:12", "elapsed": 64.998854, "delta": 0.625978}}
{"target": -2.3162201220388363, "params": {"C": 274567.12301754305, "gamma": 0.07293320590758108}, "datetime": {"datetime": "2021-10-04 12:27:12", "elapsed": 65.678342, "delta": 0.679488}}
{"target": -2.2702161851420155, "params": {"C": 109278.3385479545, "gamma": 0.08992892942020497}, "datetime": {"datetime": "2021-10-04 12:27:13", "elapsed": 66.338193, "delta": 0.659851}}
{"target": -2.1313546807301087, "params": {"C": 358430.0522128381, "gamma": 0.0361939616917865}, "datetime": {"datetime": "2021-10-04 12:27:14", "elapsed": 66.933756, "delta": 0.595563}}
{"target": -2.7170966756687798, "params": {"C": 444423.77998151426, "gamma": 0.14847321525311616}, "datetime": {"datetime": "2021-10-04 12:27:14", "elapsed": 67.517876, "delta": 0.58412}}
{"target": -2.114613709485872, "params": {"C": 149673.86045354477, "gamma": 0.06339576859184737}, "datetime": {"datetime": "2021-10-04 12:27:15", "elapsed": 68.229001, "delta": 0.711125}}
{"target": -2.25843250881562, "params": {"C": 274566.67306451104, "gamma": 0.06539942853026075}, "datetime": {"datetime": "2021-10-04 12:27:16", "elapsed": 68.867141, "delta": 0.63814}}
{"target": -2.596309109480463, "params": {"C": 225734.70721254454, "gamma": 0.13519153637437079}, "datetime": {"datetime": "2021-10-04 12:27:16", "elapsed": 69.700144, "delta": 0.833003}}
{"target": -2.0808756077612416, "params": {"C": 168738.02466385753, "gamma": 0.05516389090586277}, "datetime": {"datetime": "2021-10-04 12:27:17", "elapsed": 70.353046, "delta": 0.652902}}
