{"target": -16.581504091762564, "params": {"C": 2983.958178290303, "gamma": 0.03}, "datetime": {"datetime": "2021-06-28 16:47:15", "elapsed": 15.953978, "delta": 0.575616}}
{"target": -16.83730326166982, "params": {"C": 1412.3603094312793, "gamma": 0.03}, "datetime": {"datetime": "2021-06-28 16:47:16", "elapsed": 16.814839, "delta": 0.860861}}
{"target": -16.521414370090113, "params": {"C": 2495.2511682773793, "gamma": 0.04828374558651865}, "datetime": {"datetime": "2021-06-28 16:47:17", "elapsed": 17.541839, "delta": 0.727}}
{"target": -16.498837645750726, "params": {"C": 2686.657330951726, "gamma": 0.03670081795189452}, "datetime": {"datetime": "2021-06-28 16:47:17", "elapsed": 18.405411, "delta": 0.863572}}
{"target": -16.588364654526693, "params": {"C": 3381.169621214383, "gamma": 0.03}, "datetime": {"datetime": "2021-06-28 16:47:18", "elapsed": 19.171412, "delta": 0.766001}}
{"target": -16.65713234009607, "params": {"C": 3541.695943169693, "gamma": 0.05205860856190096}, "datetime": {"datetime": "2021-06-28 16:47:19", "elapsed": 19.841037, "delta": 0.669625}}
{"target": -16.489717066937203, "params": {"C": 2217.1273558432263, "gamma": 0.04156517600156311}, "datetime": {"datetime": "2021-06-28 16:47:20", "elapsed": 20.60249, "delta": 0.761453}}
{"target": -16.67921007452692, "params": {"C": 4914.940119414206, "gamma": 0.040918489117478155}, "datetime": {"datetime": "2021-06-28 16:47:20", "elapsed": 21.347822, "delta": 0.745332}}
{"target": -16.543119725008104, "params": {"C": 1753.364513245696, "gamma": 0.041404695960650995}, "datetime": {"datetime": "2021-06-28 16:47:21", "elapsed": 22.178864, "delta": 0.831042}}
{"target": -16.910525343753385, "params": {"C": 4139.827875347357, "gamma": 0.06}, "datetime": {"datetime": "2021-06-28 16:47:22", "elapsed": 23.050453, "delta": 0.871589}}
{"target": -16.81733969436906, "params": {"C": 4284.539733416937, "gamma": 0.05555725923608043}, "datetime": {"datetime": "2021-06-28 16:47:23", "elapsed": 23.813451, "delta": 0.762998}}
{"target": -16.604876742014525, "params": {"C": 4001.888114863755, "gamma": 0.044271990853276516}, "datetime": {"datetime": "2021-06-28 16:47:24", "elapsed": 24.54935, "delta": 0.735899}}
{"target": -16.65360252124287, "params": {"C": 4506.582132541537, "gamma": 0.03}, "datetime": {"datetime": "2021-06-28 16:47:24", "elapsed": 25.223046, "delta": 0.673696}}
{"target": -16.71632605959784, "params": {"C": 3725.2407290465144, "gamma": 0.05408340299903978}, "datetime": {"datetime": "2021-06-28 16:47:25", "elapsed": 26.043732, "delta": 0.820686}}
{"target": -16.588450414439098, "params": {"C": 3849.997522776629, "gamma": 0.04421579009921601}, "datetime": {"datetime": "2021-06-28 16:47:26", "elapsed": 26.790474, "delta": 0.746742}}
{"target": -16.670324132218305, "params": {"C": 4721.763438386843, "gamma": 0.03}, "datetime": {"datetime": "2021-06-28 16:47:27", "elapsed": 27.659472, "delta": 0.868998}}
{"target": -16.645048732536086, "params": {"C": 3040.7476581022174, "gamma": 0.054266537363336816}, "datetime": {"datetime": "2021-06-28 16:47:28", "elapsed": 28.511821, "delta": 0.852349}}
{"target": -16.506494398735676, "params": {"C": 2915.8524501247466, "gamma": 0.03617525254404361}, "datetime": {"datetime": "2021-06-28 16:47:29", "elapsed": 30.032418, "delta": 1.520597}}
{"target": -16.58209659915731, "params": {"C": 1618.0930294820644, "gamma": 0.03996699682752998}, "datetime": {"datetime": "2021-06-28 16:47:30", "elapsed": 31.419268, "delta": 1.38685}}
{"target": -16.48890573681877, "params": {"C": 2324.01065912837, "gamma": 0.03965166635927812}, "datetime": {"datetime": "2021-06-28 16:47:32", "elapsed": 32.809412, "delta": 1.390144}}
{"target": -16.725387851803927, "params": {"C": 2541.0223459209865, "gamma": 0.06}, "datetime": {"datetime": "2021-06-28 16:47:33", "elapsed": 34.395328, "delta": 1.585916}}
{"target": -16.5989084183308, "params": {"C": 2449.336546552, "gamma": 0.03}, "datetime": {"datetime": "2021-06-28 16:47:35", "elapsed": 35.60233, "delta": 1.207002}}
{"target": -16.49793930194548, "params": {"C": 2639.5002805593404, "gamma": 0.04483157734633735}, "datetime": {"datetime": "2021-06-28 16:47:36", "elapsed": 36.674179, "delta": 1.071849}}
{"target": -16.653698487042984, "params": {"C": 1913.429832021096, "gamma": 0.05694946318486491}, "datetime": {"datetime": "2021-06-28 16:47:37", "elapsed": 37.573784, "delta": 0.899605}}
{"target": -16.624631170696798, "params": {"C": 2728.16462622507, "gamma": 0.054598401485871376}, "datetime": {"datetime": "2021-06-28 16:47:37", "elapsed": 38.248784, "delta": 0.675}}
{"target": -16.515729345143683, "params": {"C": 3276.0130999252074, "gamma": 0.03888422666355826}, "datetime": {"datetime": "2021-06-28 16:47:38", "elapsed": 39.064789, "delta": 0.816005}}
{"target": -16.838802648071432, "params": {"C": 3599.169547178712, "gamma": 0.06}, "datetime": {"datetime": "2021-06-28 16:47:39", "elapsed": 40.039171, "delta": 0.974382}}
{"target": -16.573856566926978, "params": {"C": 3491.1300298860415, "gamma": 0.031358899922344245}, "datetime": {"datetime": "2021-06-28 16:47:40", "elapsed": 40.9394, "delta": 0.900229}}
{"target": -16.583272171457786, "params": {"C": 2800.3928654737038, "gamma": 0.030000008078365073}, "datetime": {"datetime": "2021-06-28 16:47:41", "elapsed": 41.900271, "delta": 0.960871}}
{"target": -16.777728678928934, "params": {"C": 1482.8212032684623, "gamma": 0.06}, "datetime": {"datetime": "2021-06-28 16:47:42", "elapsed": 42.86149, "delta": 0.961219}}
{"target": -16.532569809771434, "params": {"C": 1794.7398925156876, "gamma": 0.043032532093544136}, "datetime": {"datetime": "2021-06-28 16:47:43", "elapsed": 43.662491, "delta": 0.801001}}
{"target": -16.73946711798065, "params": {"C": 4461.5240454348595, "gamma": 0.05058157933650381}, "datetime": {"datetime": "2021-06-28 16:47:44", "elapsed": 44.524194, "delta": 0.861703}}
{"target": -16.83153901342851, "params": {"C": 4233.679185041288, "gamma": 0.05644541671069064}, "datetime": {"datetime": "2021-06-28 16:47:45", "elapsed": 45.545874, "delta": 1.02168}}
{"target": -16.871784294755177, "params": {"C": 4673.054336199637, "gamma": 0.05576010651248887}, "datetime": {"datetime": "2021-06-28 16:47:45", "elapsed": 46.509802, "delta": 0.963928}}
{"target": -16.82057719489137, "params": {"C": 1346.9803219670796, "gamma": 0.06}, "datetime": {"datetime": "2021-06-28 16:47:46", "elapsed": 47.452452, "delta": 0.94265}}
{"target": -16.493741406039238, "params": {"C": 2884.376209595238, "gamma": 0.04088615209919991}, "datetime": {"datetime": "2021-06-28 16:47:47", "elapsed": 48.132457, "delta": 0.680005}}
{"target": -16.68212198248696, "params": {"C": 4767.781549574489, "gamma": 0.04347448221195525}, "datetime": {"datetime": "2021-06-28 16:47:48", "elapsed": 49.034542, "delta": 0.902085}}
{"target": -16.782240462983985, "params": {"C": 3137.669976226131, "gamma": 0.06}, "datetime": {"datetime": "2021-06-28 16:47:49", "elapsed": 49.961175, "delta": 0.926633}}
{"target": -16.534230840165844, "params": {"C": 2190.8636910823607, "gamma": 0.049661408812840466}, "datetime": {"datetime": "2021-06-28 16:47:50", "elapsed": 50.928743, "delta": 0.967568}}
{"target": -16.577077138412417, "params": {"C": 2135.532804750587, "gamma": 0.05290941107259574}, "datetime": {"datetime": "2021-06-28 16:47:51", "elapsed": 51.736741, "delta": 0.807998}}
{"target": -16.550238444515497, "params": {"C": 2243.3881277046285, "gamma": 0.03346607290619922}, "datetime": {"datetime": "2021-06-28 16:47:52", "elapsed": 52.613136, "delta": 0.876395}}
{"target": -16.564692453986474, "params": {"C": 2296.6303120792218, "gamma": 0.05211713632742316}, "datetime": {"datetime": "2021-06-28 16:47:53", "elapsed": 53.688135, "delta": 1.074999}}
{"target": -16.50619418086417, "params": {"C": 2352.3763011235283, "gamma": 0.046825952828818226}, "datetime": {"datetime": "2021-06-28 16:47:53", "elapsed": 54.358783, "delta": 0.670648}}
{"target": -16.714835114130253, "params": {"C": 4959.325156066643, "gamma": 0.04460980993595875}, "datetime": {"datetime": "2021-06-28 16:47:54", "elapsed": 55.170414, "delta": 0.811631}}
{"target": -16.678316956702556, "params": {"C": 4552.648528505284, "gamma": 0.04551636594581146}, "datetime": {"datetime": "2021-06-28 16:47:55", "elapsed": 55.998874, "delta": 0.82846}}
{"target": -16.68951835020361, "params": {"C": 4036.1442829618463, "gamma": 0.05062757228473613}, "datetime": {"datetime": "2021-06-28 16:47:56", "elapsed": 56.948497, "delta": 0.949623}}
{"target": -16.607767048220985, "params": {"C": 3817.6222734005178, "gamma": 0.03}, "datetime": {"datetime": "2021-06-28 16:47:57", "elapsed": 57.753329, "delta": 0.804832}}
{"target": -16.556539033889134, "params": {"C": 2035.1788263657113, "gamma": 0.05110658996796422}, "datetime": {"datetime": "2021-06-28 16:47:58", "elapsed": 59.189862, "delta": 1.436533}}
{"target": -16.682175898916228, "params": {"C": 4868.490854115375, "gamma": 0.03}, "datetime": {"datetime": "2021-06-28 16:47:59", "elapsed": 60.427862, "delta": 1.238}}
{"target": -16.742225485392826, "params": {"C": 1651.7708040719788, "gamma": 0.06}, "datetime": {"datetime": "2021-06-28 16:48:01", "elapsed": 61.737859, "delta": 1.309997}}
{"target": -16.573871469666564, "params": {"C": 1717.221286183275, "gamma": 0.037896592288790616}, "datetime": {"datetime": "2021-06-28 16:48:02", "elapsed": 62.596861, "delta": 0.859002}}
{"target": -16.583678151377498, "params": {"C": 1586.6765277142783, "gamma": 0.04127779165965845}, "datetime": {"datetime": "2021-06-28 16:48:03", "elapsed": 63.537862, "delta": 0.941001}}
{"target": -16.6364737524878, "params": {"C": 4333.5771727888605, "gamma": 0.030433171181084025}, "datetime": {"datetime": "2021-06-28 16:48:04", "elapsed": 64.762859, "delta": 1.224997}}
{"target": -16.64545360963698, "params": {"C": 2949.5622181510407, "gamma": 0.054733723698721676}, "datetime": {"datetime": "2021-06-28 16:48:05", "elapsed": 65.734859, "delta": 0.972}}
{"target": -16.642817146105806, "params": {"C": 3966.210820718027, "gamma": 0.048050796820812425}, "datetime": {"datetime": "2021-06-28 16:48:06", "elapsed": 66.549858, "delta": 0.814999}}
{"target": -16.674160836891385, "params": {"C": 3886.948094489557, "gamma": 0.050751298229787155}, "datetime": {"datetime": "2021-06-28 16:48:07", "elapsed": 67.517859, "delta": 0.968001}}
{"target": -16.493346216409297, "params": {"C": 2664.359614950147, "gamma": 0.043812093094295144}, "datetime": {"datetime": "2021-06-28 16:48:07", "elapsed": 68.304858, "delta": 0.786999}}
{"target": -16.539038703583426, "params": {"C": 3415.2501372770607, "gamma": 0.04317229489557733}, "datetime": {"datetime": "2021-06-28 16:48:08", "elapsed": 69.251859, "delta": 0.947001}}
{"target": -16.60297242611685, "params": {"C": 1950.9285202149963, "gamma": 0.05410430086266437}, "datetime": {"datetime": "2021-06-28 16:48:09", "elapsed": 70.361858, "delta": 1.109999}}
{"target": -16.516588160881334, "params": {"C": 3250.3450558024033, "gamma": 0.03734284043031909}, "datetime": {"datetime": "2021-06-28 16:48:10", "elapsed": 71.44486, "delta": 1.083002}}
{"target": -16.540597827538566, "params": {"C": 2616.0712007319753, "gamma": 0.03275123831155288}, "datetime": {"datetime": "2021-06-28 16:48:11", "elapsed": 72.503857, "delta": 1.058997}}
{"target": -16.512557999288322, "params": {"C": 2476.6201113897478, "gamma": 0.04740903530374396}, "datetime": {"datetime": "2021-06-28 16:48:12", "elapsed": 73.344857, "delta": 0.841}}
{"target": -16.58725546569933, "params": {"C": 3345.394002237658, "gamma": 0.03}, "datetime": {"datetime": "2021-06-28 16:48:13", "elapsed": 74.225858, "delta": 0.881001}}
{"target": -16.51513052523965, "params": {"C": 2899.417155971336, "gamma": 0.03495223521500521}, "datetime": {"datetime": "2021-06-28 16:48:14", "elapsed": 75.249858, "delta": 1.024}}
{"target": -16.600754167255804, "params": {"C": 3683.0245578973836, "gamma": 0.03}, "datetime": {"datetime": "2021-06-28 16:48:16", "elapsed": 76.553847, "delta": 1.303989}}
{"target": -16.51363294489911, "params": {"C": 2867.644094097214, "gamma": 0.03505185949022288}, "datetime": {"datetime": "2021-06-28 16:48:17", "elapsed": 77.560062, "delta": 1.006215}}
{"target": -16.552675315970074, "params": {"C": 2336.672579998805, "gamma": 0.05121679449599295}, "datetime": {"datetime": "2021-06-28 16:48:18", "elapsed": 78.557137, "delta": 0.997075}}
{"target": -16.524880735185477, "params": {"C": 1876.682471494907, "gamma": 0.04550450160917139}, "datetime": {"datetime": "2021-06-28 16:48:18", "elapsed": 79.502137, "delta": 0.945}}
{"target": -16.581539430116603, "params": {"C": 3009.6750084332884, "gamma": 0.030000000001757277}, "datetime": {"datetime": "2021-06-28 16:48:19", "elapsed": 80.487959, "delta": 0.985822}}
{"target": -16.72580933548468, "params": {"C": 1775.0059182191308, "gamma": 0.06}, "datetime": {"datetime": "2021-06-28 16:48:21", "elapsed": 81.546774, "delta": 1.058815}}
{"target": -16.540526540024402, "params": {"C": 1814.6859055119946, "gamma": 0.039497633480093206}, "datetime": {"datetime": "2021-06-28 16:48:22", "elapsed": 82.821664, "delta": 1.27489}}
{"target": -16.63056833897593, "params": {"C": 3761.3280011305314, "gamma": 0.04882300903347106}, "datetime": {"datetime": "2021-06-28 16:48:23", "elapsed": 84.087671, "delta": 1.266007}}
{"target": -16.73294818466208, "params": {"C": 3515.4770262206985, "gamma": 0.056054739839180884}, "datetime": {"datetime": "2021-06-28 16:48:25", "elapsed": 85.679636, "delta": 1.591965}}
{"target": -16.530414573394317, "params": {"C": 3469.276567113912, "gamma": 0.03779812071030263}, "datetime": {"datetime": "2021-06-28 16:48:26", "elapsed": 86.725916, "delta": 1.04628}}
{"target": -16.542432453958682, "params": {"C": 3072.748589617928, "gamma": 0.032683405976158805}, "datetime": {"datetime": "2021-06-28 16:48:27", "elapsed": 87.855617, "delta": 1.129701}}
{"target": -16.560851229878683, "params": {"C": 1738.132618214245, "gamma": 0.0482750924769297}, "datetime": {"datetime": "2021-06-28 16:48:28", "elapsed": 88.921054, "delta": 1.065437}}
{"target": -16.893723315915473, "params": {"C": 4096.225666609292, "gamma": 0.059599680389797766}, "datetime": {"datetime": "2021-06-28 16:48:29", "elapsed": 90.099739, "delta": 1.178685}}
{"target": -16.634418551399957, "params": {"C": 4176.50982340415, "gamma": 0.045373011210010056}, "datetime": {"datetime": "2021-06-28 16:48:30", "elapsed": 91.071488, "delta": 0.971749}}
{"target": -16.598858031482642, "params": {"C": 1515.8115259822712, "gamma": 0.04467849417052573}, "datetime": {"datetime": "2021-06-28 16:48:31", "elapsed": 92.344285, "delta": 1.272797}}
{"target": -16.531618908978913, "params": {"C": 3298.416158426283, "gamma": 0.034799316278785755}, "datetime": {"datetime": "2021-06-28 16:48:33", "elapsed": 93.518606, "delta": 1.174321}}
{"target": -16.484832388629883, "params": {"C": 2367.8277383791396, "gamma": 0.04149264244330155}, "datetime": {"datetime": "2021-06-28 16:48:34", "elapsed": 94.583254, "delta": 1.064648}}
{"target": -16.51255578124815, "params": {"C": 2014.9758569889123, "gamma": 0.03927520351042418}, "datetime": {"datetime": "2021-06-28 16:48:35", "elapsed": 95.731383, "delta": 1.148129}}
{"target": -16.538481297472003, "params": {"C": 2153.987747659112, "gamma": 0.04996610305695896}, "datetime": {"datetime": "2021-06-28 16:48:36", "elapsed": 97.013409, "delta": 1.282026}}
{"target": -16.49702570005811, "params": {"C": 2781.2092388730402, "gamma": 0.03724326218435545}, "datetime": {"datetime": "2021-06-28 16:48:37", "elapsed": 98.135404, "delta": 1.121995}}
{"target": -16.52239613839193, "params": {"C": 2702.235680601757, "gamma": 0.04755594561517537}, "datetime": {"datetime": "2021-06-28 16:48:38", "elapsed": 99.418241, "delta": 1.282837}}
{"target": -16.68555459880682, "params": {"C": 2314.641721578457, "gamma": 0.058767984027301115}, "datetime": {"datetime": "2021-06-28 16:48:40", "elapsed": 100.510944, "delta": 1.092703}}
{"target": -16.649931462025055, "params": {"C": 1380.1371165110863, "gamma": 0.043095631840434884}, "datetime": {"datetime": "2021-06-28 16:48:40", "elapsed": 101.411285, "delta": 0.900341}}
{"target": -16.89159069272043, "params": {"C": 4360.627545476542, "gamma": 0.05819158151372551}, "datetime": {"datetime": "2021-06-28 16:48:41", "elapsed": 102.3159, "delta": 0.904615}}
{"target": -16.48481527182306, "params": {"C": 2418.5479792124356, "gamma": 0.04041164782033593}, "datetime": {"datetime": "2021-06-28 16:48:43", "elapsed": 103.586962, "delta": 1.271062}}
{"target": -16.778758884171637, "params": {"C": 4430.861481074385, "gamma": 0.05289769002150137}, "datetime": {"datetime": "2021-06-28 16:48:44", "elapsed": 104.622617, "delta": 1.035655}}
{"target": -16.53490033013383, "params": {"C": 3171.2936226421034, "gamma": 0.045448857137348773}, "datetime": {"datetime": "2021-06-28 16:48:45", "elapsed": 105.680225, "delta": 1.057608}}
{"target": -16.53889410316019, "params": {"C": 3568.73519012451, "gamma": 0.03718733439786459}, "datetime": {"datetime": "2021-06-28 16:48:46", "elapsed": 106.542379, "delta": 0.862154}}
{"target": -16.638236340906072, "params": {"C": 4639.508696186115, "gamma": 0.03460323062354631}, "datetime": {"datetime": "2021-06-28 16:48:47", "elapsed": 107.766403, "delta": 1.224024}}
{"target": -16.493295728915804, "params": {"C": 2569.2777326211503, "gamma": 0.04437774480637686}, "datetime": {"datetime": "2021-06-28 16:48:48", "elapsed": 108.684712, "delta": 0.918309}}
{"target": -16.804025825979952, "params": {"C": 4530.470729190185, "gamma": 0.05352958376461463}, "datetime": {"datetime": "2021-06-28 16:48:49", "elapsed": 109.690711, "delta": 1.005999}}
{"target": -16.646661753861697, "params": {"C": 4744.331578058599, "gamma": 0.03615236568501111}, "datetime": {"datetime": "2021-06-28 16:48:50", "elapsed": 110.720133, "delta": 1.029422}}
{"target": -16.622680187133383, "params": {"C": 4311.079552663394, "gamma": 0.04231303947740129}, "datetime": {"datetime": "2021-06-28 16:48:51", "elapsed": 111.761432, "delta": 1.041299}}
{"target": -16.680165622322367, "params": {"C": 4843.88214182975, "gamma": 0.03}, "datetime": {"datetime": "2021-06-28 16:48:52", "elapsed": 112.584133, "delta": 0.822701}}
{"target": -16.617371508399312, "params": {"C": 2060.1144292469444, "gamma": 0.031093844717673527}, "datetime": {"datetime": "2021-06-28 16:48:53", "elapsed": 113.925265, "delta": 1.341132}}
{"target": -16.82007956822543, "params": {"C": 1448.8333385238477, "gamma": 0.03}, "datetime": {"datetime": "2021-06-28 16:48:54", "elapsed": 114.845803, "delta": 0.920538}}
{"target": -16.48717229443949, "params": {"C": 2282.6782688973967, "gamma": 0.0412805893048559}, "datetime": {"datetime": "2021-06-28 16:48:55", "elapsed": 116.098431, "delta": 1.252628}}
{"target": -16.629991804378633, "params": {"C": 4575.921700828872, "gamma": 0.03656843543843984}, "datetime": {"datetime": "2021-06-28 16:48:56", "elapsed": 117.106088, "delta": 1.007657}}
{"target": -16.659886977269384, "params": {"C": 4486.183838642226, "gamma": 0.044473471956278036}, "datetime": {"datetime": "2021-06-28 16:48:57", "elapsed": 118.133086, "delta": 1.026998}}
{"target": -16.6755442292646, "params": {"C": 1892.520501029432, "gamma": 0.03}, "datetime": {"datetime": "2021-06-28 16:48:58", "elapsed": 119.19689, "delta": 1.063804}}
{"target": -16.53444904385234, "params": {"C": 1862.056982688057, "gamma": 0.04704922592478868}, "datetime": {"datetime": "2021-06-28 16:48:59", "elapsed": 120.165889, "delta": 0.968999}}
{"target": -16.617719064685065, "params": {"C": 2113.023401163465, "gamma": 0.030732179438637076}, "datetime": {"datetime": "2021-06-28 16:49:01", "elapsed": 121.557715, "delta": 1.391826}}
{"target": -16.792801814903623, "params": {"C": 4893.057355563578, "gamma": 0.05065194871804157}, "datetime": {"datetime": "2021-06-28 16:49:02", "elapsed": 122.665596, "delta": 1.107881}}
{"target": -16.67496821859249, "params": {"C": 4937.380655114094, "gamma": 0.03203024494503018}, "datetime": {"datetime": "2021-06-28 16:49:03", "elapsed": 123.782039, "delta": 1.116443}}
{"target": -16.570015993246965, "params": {"C": 3398.933514372114, "gamma": 0.04697802626919271}, "datetime": {"datetime": "2021-06-28 16:49:04", "elapsed": 125.166825, "delta": 1.384786}}
{"target": -16.62024577968698, "params": {"C": 1602.2174497543767, "gamma": 0.036586377118907686}, "datetime": {"datetime": "2021-06-28 16:49:07", "elapsed": 127.544662, "delta": 2.377837}}
{"target": -16.550633337445625, "params": {"C": 1699.858171450245, "gamma": 0.04351853957106013}, "datetime": {"datetime": "2021-06-28 16:49:08", "elapsed": 129.185083, "delta": 1.640421}}
{"target": -16.48900358580347, "params": {"C": 2406.4605181357674, "gamma": 0.04386077837308487}, "datetime": {"datetime": "2021-06-28 16:49:10", "elapsed": 130.578152, "delta": 1.393069}}
{"target": -16.536669633472847, "params": {"C": 3262.0672715086857, "gamma": 0.03391260693688866}, "datetime": {"datetime": "2021-06-28 16:49:11", "elapsed": 131.746921, "delta": 1.168769}}
{"target": -16.79339580358357, "params": {"C": 3233.499463560548, "gamma": 0.05999996786159471}, "datetime": {"datetime": "2021-06-28 16:49:12", "elapsed": 133.403098, "delta": 1.656177}}
{"target": -16.583380244501093, "params": {"C": 3184.3316673508352, "gamma": 0.03}, "datetime": {"datetime": "2021-06-28 16:49:14", "elapsed": 135.440354, "delta": 2.037256}}
{"target": -16.83402139333003, "params": {"C": 3701.8510683591194, "gamma": 0.059310777477187666}, "datetime": {"datetime": "2021-06-28 16:49:16", "elapsed": 136.848925, "delta": 1.408571}}
{"target": -16.787363961942106, "params": {"C": 3667.6710073702, "gamma": 0.05761572839064543}, "datetime": {"datetime": "2021-06-28 16:49:18", "elapsed": 138.675339, "delta": 1.826414}}
{"target": -16.543107265073814, "params": {"C": 3629.8577450442494, "gamma": 0.037548765875771606}, "datetime": {"datetime": "2021-06-28 16:49:19", "elapsed": 140.20795, "delta": 1.532611}}
