{"target": -2.38968302022166, "params": {"C": 4485.0141878544655, "gamma": 0.039925664697836594}, "datetime": {"datetime": "2021-10-04 12:22:59", "elapsed": 53.811017, "delta": 0.627804}}
{"target": -2.6492953632460097, "params": {"C": 4461.614115650465, "gamma": 0.015179111622762441}, "datetime": {"datetime": "2021-10-04 12:23:00", "elapsed": 54.464154, "delta": 0.653137}}
{"target": -2.457164221034436, "params": {"C": 2529.427420238793, "gamma": 0.08318252555713482}, "datetime": {"datetime": "2021-10-04 12:23:01", "elapsed": 55.326405, "delta": 0.862251}}
{"target": -2.7506454285748494, "params": {"C": 2500.8792528776157, "gamma": 0.22045391047099208}, "datetime": {"datetime": "2021-10-04 12:23:01", "elapsed": 56.141414, "delta": 0.815009}}
{"target": -2.9460798308046368, "params": {"C": 2557.6607335578874, "gamma": 0.01081923821805191}, "datetime": {"datetime": "2021-10-04 12:23:02", "elapsed": 57.024932, "delta": 0.883518}}
{"target": -2.3488414699196998, "params": {"C": 7131.061470488195, "gamma": 0.03022922399357526}, "datetime": {"datetime": "2021-10-04 12:23:03", "elapsed": 57.826565, "delta": 0.801633}}
{"target": -2.5381355642799615, "params": {"C": 7112.399710298947, "gamma": 0.24056957596543274}, "datetime": {"datetime": "2021-10-04 12:23:04", "elapsed": 58.489778, "delta": 0.663213}}
{"target": -2.2220000352678135, "params": {"C": 7149.323515427922, "gamma": 0.09808578169964677}, "datetime": {"datetime": "2021-10-04 12:23:04", "elapsed": 59.044666, "delta": 0.554888}}
{"target": -2.2246075875486078, "params": {"C": 7163.926886167414, "gamma": 0.09951672831494396}, "datetime": {"datetime": "2021-10-04 12:23:05", "elapsed": 59.802013, "delta": 0.757347}}
{"target": -2.182844450350528, "params": {"C": 7180.5414329078885, "gamma": 0.07373747124913084}, "datetime": {"datetime": "2021-10-04 12:23:06", "elapsed": 60.581969, "delta": 0.779956}}
{"target": -2.613318647506325, "params": {"C": 7195.851294509929, "gamma": 0.27737968592084455}, "datetime": {"datetime": "2021-10-04 12:23:07", "elapsed": 61.37486, "delta": 0.792891}}
{"target": -3.01562855386928, "params": {"C": 963.7175577032967, "gamma": 0.1591223460338298}, "datetime": {"datetime": "2021-10-04 12:23:07", "elapsed": 62.095644, "delta": 0.720784}}
{"target": -2.4241417403291834, "params": {"C": 6063.55469120802, "gamma": 0.17443716828266853}, "datetime": {"datetime": "2021-10-04 12:23:08", "elapsed": 63.019784, "delta": 0.92414}}
{"target": -2.6221976629229955, "params": {"C": 6086.934422468475, "gamma": 0.26769339531815967}, "datetime": {"datetime": "2021-10-04 12:23:09", "elapsed": 63.800795, "delta": 0.781011}}
{"target": -2.32860018250077, "params": {"C": 6040.13975921443, "gamma": 0.13074584694526087}, "datetime": {"datetime": "2021-10-04 12:23:10", "elapsed": 64.625318, "delta": 0.824523}}
{"target": -2.496660272790009, "params": {"C": 6023.117553624192, "gamma": 0.20978647460480296}, "datetime": {"datetime": "2021-10-04 12:23:11", "elapsed": 65.411817, "delta": 0.786499}}
{"target": -2.6207369326716967, "params": {"C": 5568.86811709579, "gamma": 0.2597414215696341}, "datetime": {"datetime": "2021-10-04 12:23:11", "elapsed": 66.149068, "delta": 0.737251}}
{"target": -2.371845910092913, "params": {"C": 8558.872586871765, "gamma": 0.17406927770411806}, "datetime": {"datetime": "2021-10-04 12:23:12", "elapsed": 67.078221, "delta": 0.929153}}
{"target": -2.315506377780008, "params": {"C": 9277.314352299009, "gamma": 0.02846566370218261}, "datetime": {"datetime": "2021-10-04 12:23:13", "elapsed": 67.811653, "delta": 0.733432}}
{"target": -2.5987056581710584, "params": {"C": 8580.267361759967, "gamma": 0.2844737669429605}, "datetime": {"datetime": "2021-10-04 12:23:14", "elapsed": 68.676348, "delta": 0.864695}}
{"target": -2.4527092346596633, "params": {"C": 8537.786953793728, "gamma": 0.2121434859167636}, "datetime": {"datetime": "2021-10-04 12:23:15", "elapsed": 69.511576, "delta": 0.835228}}
{"target": -2.207403831066395, "params": {"C": 8507.972646378945, "gamma": 0.1040431771435125}, "datetime": {"datetime": "2021-10-04 12:23:15", "elapsed": 70.264684, "delta": 0.753108}}
{"target": -2.2583131594551875, "params": {"C": 8491.906099678945, "gamma": 0.035782872487003486}, "datetime": {"datetime": "2021-10-04 12:23:16", "elapsed": 70.96088, "delta": 0.696196}}
{"target": -2.2478963885464975, "params": {"C": 8473.466412054348, "gamma": 0.11890930937345355}, "datetime": {"datetime": "2021-10-04 12:23:17", "elapsed": 71.730683, "delta": 0.769803}}
{"target": -2.537116624310949, "params": {"C": 8456.554558679663, "gamma": 0.25172249914888534}, "datetime": {"datetime": "2021-10-04 12:23:18", "elapsed": 72.922554, "delta": 1.191871}}
{"target": -2.51556681657273, "params": {"C": 3582.171450377092, "gamma": 0.0294699224812536}, "datetime": {"datetime": "2021-10-04 12:23:19", "elapsed": 73.845435, "delta": 0.922881}}
{"target": -2.5884580021028962, "params": {"C": 2339.5800913978446, "gamma": 0.14471731144726738}, "datetime": {"datetime": "2021-10-04 12:23:20", "elapsed": 74.668789, "delta": 0.823354}}
{"target": -2.531864374150262, "params": {"C": 8521.327745943472, "gamma": 0.24963685403697705}, "datetime": {"datetime": "2021-10-04 12:23:21", "elapsed": 75.586906, "delta": 0.918117}}
{"target": -3.2781677926209323, "params": {"C": 1168.5768700631183, "gamma": 0.2783915179798966}, "datetime": {"datetime": "2021-10-04 12:23:22", "elapsed": 76.351199, "delta": 0.764293}}
{"target": -2.614161331334156, "params": {"C": 7839.535941129107, "gamma": 0.28451078447018835}, "datetime": {"datetime": "2021-10-04 12:23:22", "elapsed": 77.115067, "delta": 0.763868}}
{"target": -2.449251600606772, "params": {"C": 3295.0440843900014, "gamma": 0.1240218329629718}, "datetime": {"datetime": "2021-10-04 12:23:23", "elapsed": 78.002596, "delta": 0.887529}}
{"target": -2.8331486578677807, "params": {"C": 3322.191807165234, "gamma": 0.29135318917312175}, "datetime": {"datetime": "2021-10-04 12:23:24", "elapsed": 78.891306, "delta": 0.88871}}
{"target": -2.53029153718953, "params": {"C": 3268.6392973750217, "gamma": 0.0302664144179188}, "datetime": {"datetime": "2021-10-04 12:23:25", "elapsed": 79.76107, "delta": 0.869764}}
{"target": -3.8084196181528114, "params": {"C": 484.7048443668317, "gamma": 0.26658824308692036}, "datetime": {"datetime": "2021-10-04 12:23:26", "elapsed": 80.696318, "delta": 0.935248}}
{"target": -2.455741461748546, "params": {"C": 6467.864645004317, "gamma": 0.022297063016594926}, "datetime": {"datetime": "2021-10-04 12:23:27", "elapsed": 81.759392, "delta": 1.063074}}
{"target": -2.512497650058176, "params": {"C": 6439.561616780811, "gamma": 0.2224712670086555}, "datetime": {"datetime": "2021-10-04 12:23:28", "elapsed": 82.638891, "delta": 0.879499}}
{"target": -2.3135990796720964, "params": {"C": 6495.299022368291, "gamma": 0.12944982280893408}, "datetime": {"datetime": "2021-10-04 12:23:29", "elapsed": 83.60828, "delta": 0.969389}}
{"target": -2.20112429074121, "params": {"C": 6514.66662151562, "gamma": 0.06967350947122886}, "datetime": {"datetime": "2021-10-04 12:23:30", "elapsed": 84.480003, "delta": 0.871723}}
{"target": -2.4010911297533224, "params": {"C": 6530.763918179767, "gamma": 0.16867408756232277}, "datetime": {"datetime": "2021-10-04 12:23:31", "elapsed": 85.373369, "delta": 0.893366}}
{"target": -2.296500325867438, "params": {"C": 6557.565484720636, "gamma": 0.12359571404742398}, "datetime": {"datetime": "2021-10-04 12:23:32", "elapsed": 86.334623, "delta": 0.961254}}
{"target": -3.1289621973964135, "params": {"C": 6575.411634063859, "gamma": 0.004054913073674715}, "datetime": {"datetime": "2021-10-04 12:23:33", "elapsed": 87.466841, "delta": 1.132218}}
{"target": -2.3141169003484285, "params": {"C": 5261.876504493561, "gamma": 0.04544599471774638}, "datetime": {"datetime": "2021-10-04 12:23:34", "elapsed": 88.467056, "delta": 1.000215}}
{"target": -2.671860014971837, "params": {"C": 5243.375734364406, "gamma": 0.2755915752966919}, "datetime": {"datetime": "2021-10-04 12:23:35", "elapsed": 89.698961, "delta": 1.231905}}
{"target": -2.3235316461693727, "params": {"C": 5279.040011216083, "gamma": 0.1175346923275881}, "datetime": {"datetime": "2021-10-04 12:23:36", "elapsed": 90.815487, "delta": 1.116526}}
{"target": -2.321319368793791, "params": {"C": 5298.014899031369, "gamma": 0.11687055845976424}, "datetime": {"datetime": "2021-10-04 12:23:37", "elapsed": 92.040637, "delta": 1.22515}}
{"target": -2.3161289255453723, "params": {"C": 5317.663389933136, "gamma": 0.11475328752805672}, "datetime": {"datetime": "2021-10-04 12:23:38", "elapsed": 93.018853, "delta": 0.978216}}
{"target": -2.3741980106984735, "params": {"C": 5336.403247707397, "gamma": 0.03560295462773856}, "datetime": {"datetime": "2021-10-04 12:23:39", "elapsed": 93.936915, "delta": 0.918062}}
{"target": -2.494748688016148, "params": {"C": 5357.194702319081, "gamma": 0.19863095866626543}, "datetime": {"datetime": "2021-10-04 12:23:40", "elapsed": 94.858982, "delta": 0.922067}}
{"target": -2.181575601153813, "params": {"C": 8805.938560125227, "gamma": 0.09463628665109673}, "datetime": {"datetime": "2021-10-04 12:23:41", "elapsed": 95.876766, "delta": 1.017784}}
{"target": -2.507583019669592, "params": {"C": 8791.615982523404, "gamma": 0.23989785134895422}, "datetime": {"datetime": "2021-10-04 12:23:42", "elapsed": 97.018247, "delta": 1.141481}}
{"target": -2.5230353534664274, "params": {"C": 8819.525772287374, "gamma": 0.2474986984126515}, "datetime": {"datetime": "2021-10-04 12:23:43", "elapsed": 97.982337, "delta": 0.96409}}
{"target": -3.1646624589043992, "params": {"C": 743.5595977298018, "gamma": 0.15889202548638506}, "datetime": {"datetime": "2021-10-04 12:23:44", "elapsed": 99.169368, "delta": 1.187031}}
{"target": -2.4707948416812613, "params": {"C": 5076.726454566396, "gamma": 0.18218146671581975}, "datetime": {"datetime": "2021-10-04 12:23:45", "elapsed": 100.094774, "delta": 0.925406}}
{"target": -2.297584280332055, "params": {"C": 5105.229078780489, "gamma": 0.09979188809352904}, "datetime": {"datetime": "2021-10-04 12:23:46", "elapsed": 101.044254, "delta": 0.94948}}
{"target": -2.2622687320754937, "params": {"C": 5122.354259538054, "gamma": 0.07027198246750342}, "datetime": {"datetime": "2021-10-04 12:23:47", "elapsed": 102.011668, "delta": 0.967414}}
{"target": -2.69785504420812, "params": {"C": 5140.595849852925, "gamma": 0.28490166316642435}, "datetime": {"datetime": "2021-10-04 12:23:48", "elapsed": 103.187579, "delta": 1.175911}}
{"target": -2.3044936371911784, "params": {"C": 5047.717576313494, "gamma": 0.10208731657218702}, "datetime": {"datetime": "2021-10-04 12:23:49", "elapsed": 104.146147, "delta": 0.958568}}
{"target": -2.4012013223787214, "params": {"C": 5030.377458652094, "gamma": 0.14726687400772137}, "datetime": {"datetime": "2021-10-04 12:23:51", "elapsed": 105.302291, "delta": 1.156144}}
{"target": -2.2685818206489547, "params": {"C": 5008.149662489166, "gamma": 0.07614044119270966}, "datetime": {"datetime": "2021-10-04 12:23:52", "elapsed": 106.608923, "delta": 1.306632}}
{"target": -2.6846513508900007, "params": {"C": 4993.161764169879, "gamma": 0.2764862537028552}, "datetime": {"datetime": "2021-10-04 12:23:53", "elapsed": 107.760652, "delta": 1.151729}}
{"target": -2.2486156346037554, "params": {"C": 6544.911140694473, "gamma": 0.04603165040181646}, "datetime": {"datetime": "2021-10-04 12:23:54", "elapsed": 108.81751, "delta": 1.056858}}
{"target": -2.4537145883081983, "params": {"C": 6902.668492403966, "gamma": 0.1997434287367349}, "datetime": {"datetime": "2021-10-04 12:23:55", "elapsed": 109.974997, "delta": 1.157487}}
{"target": -2.268066340427377, "params": {"C": 6876.098720898284, "gamma": 0.11568657165666485}, "datetime": {"datetime": "2021-10-04 12:23:56", "elapsed": 111.243145, "delta": 1.268148}}
{"target": -2.4996386644700395, "params": {"C": 6859.950490250126, "gamma": 0.22115903968750597}, "datetime": {"datetime": "2021-10-04 12:23:58", "elapsed": 112.301972, "delta": 1.058827}}
{"target": -2.3684558620685086, "params": {"C": 6928.364066544859, "gamma": 0.15720353451677124}, "datetime": {"datetime": "2021-10-04 12:23:58", "elapsed": 113.267767, "delta": 0.965795}}
{"target": -2.2276556153272433, "params": {"C": 6947.244118146825, "gamma": 0.09829331042504472}, "datetime": {"datetime": "2021-10-04 12:24:00", "elapsed": 114.297899, "delta": 1.030132}}
{"target": -2.4485562793385935, "params": {"C": 6962.383836767911, "gamma": 0.19789323161374625}, "datetime": {"datetime": "2021-10-04 12:24:01", "elapsed": 115.543994, "delta": 1.246095}}
{"target": -2.4073363031618173, "params": {"C": 4603.976869966657, "gamma": 0.1416357413260852}, "datetime": {"datetime": "2021-10-04 12:24:02", "elapsed": 116.97216, "delta": 1.428166}}
{"target": -2.4681650546251146, "params": {"C": 3974.85642819878, "gamma": 0.1553607810530467}, "datetime": {"datetime": "2021-10-04 12:24:04", "elapsed": 118.415522, "delta": 1.443362}}
{"target": -2.4154166159388963, "params": {"C": 4004.22993877919, "gamma": 0.13158765677288323}, "datetime": {"datetime": "2021-10-04 12:24:05", "elapsed": 119.585188, "delta": 1.169666}}
{"target": -2.425442377732218, "params": {"C": 4025.6353512661635, "gamma": 0.13677809719677092}, "datetime": {"datetime": "2021-10-04 12:24:06", "elapsed": 121.013533, "delta": 1.428345}}
{"target": -2.3241478372930127, "params": {"C": 4047.173323064314, "gamma": 0.07443828561986596}, "datetime": {"datetime": "2021-10-04 12:24:07", "elapsed": 122.041958, "delta": 1.028425}}
{"target": -2.6913358477007248, "params": {"C": 4062.792159060421, "gamma": 0.25949398347532066}, "datetime": {"datetime": "2021-10-04 12:24:08", "elapsed": 123.130603, "delta": 1.088645}}
{"target": -2.553119551448768, "params": {"C": 8159.384161769106, "gamma": 0.2572748815783228}, "datetime": {"datetime": "2021-10-04 12:24:09", "elapsed": 124.198958, "delta": 1.068355}}
{"target": -2.3126770869471054, "params": {"C": 8989.990069364749, "gamma": 0.14690417571279124}, "datetime": {"datetime": "2021-10-04 12:24:10", "elapsed": 125.226056, "delta": 1.027098}}
{"target": -2.4841497246654267, "params": {"C": 3944.794946238867, "gamma": 0.16221797398455642}, "datetime": {"datetime": "2021-10-04 12:24:12", "elapsed": 126.54231, "delta": 1.316254}}
{"target": -3.7684791300569827, "params": {"C": 180.6332649801391, "gamma": 0.0503725877391549}, "datetime": {"datetime": "2021-10-04 12:24:13", "elapsed": 127.703683, "delta": 1.161373}}
{"target": -3.038271493989662, "params": {"C": 3906.6621615314884, "gamma": 0.00667587345466804}, "datetime": {"datetime": "2021-10-04 12:24:14", "elapsed": 128.8779, "delta": 1.174217}}
{"target": -2.3210469353460477, "params": {"C": 6271.9638926400485, "gamma": 0.13017408559323132}, "datetime": {"datetime": "2021-10-04 12:24:16", "elapsed": 130.541795, "delta": 1.663895}}
{"target": -2.4175129583710406, "params": {"C": 6253.091777399553, "gamma": 0.1735518501061275}, "datetime": {"datetime": "2021-10-04 12:24:17", "elapsed": 131.67321, "delta": 1.131415}}
{"target": -2.4551085107923383, "params": {"C": 6290.837644717947, "gamma": 0.19361892787642995}, "datetime": {"datetime": "2021-10-04 12:24:18", "elapsed": 132.900526, "delta": 1.227316}}
{"target": -2.218657826270237, "params": {"C": 6228.547057516715, "gamma": 0.06175929204612354}, "datetime": {"datetime": "2021-10-04 12:24:19", "elapsed": 134.063268, "delta": 1.162742}}
{"target": -2.46782665521522, "params": {"C": 6212.943536174059, "gamma": 0.022019317286468092}, "datetime": {"datetime": "2021-10-04 12:24:20", "elapsed": 135.287482, "delta": 1.224214}}
{"target": -2.3420611430386686, "params": {"C": 6324.389092023985, "gamma": 0.1391150850276137}, "datetime": {"datetime": "2021-10-04 12:24:22", "elapsed": 136.583317, "delta": 1.295835}}
{"target": -2.640633383659812, "params": {"C": 6342.91234628815, "gamma": 0.2790300413836714}, "datetime": {"datetime": "2021-10-04 12:24:23", "elapsed": 137.641326, "delta": 1.058009}}
{"target": -2.8302789257584533, "params": {"C": 1336.970245417843, "gamma": 0.15391142997689466}, "datetime": {"datetime": "2021-10-04 12:24:24", "elapsed": 138.779241, "delta": 1.137915}}
{"target": -3.1074979777129625, "params": {"C": 1683.7174521613367, "gamma": 0.2883835200278471}, "datetime": {"datetime": "2021-10-04 12:24:25", "elapsed": 139.896169, "delta": 1.116928}}
{"target": -2.349275146488166, "params": {"C": 5879.827542478859, "gamma": 0.137199105219025}, "datetime": {"datetime": "2021-10-04 12:24:26", "elapsed": 141.144628, "delta": 1.248459}}
{"target": -2.600260049437441, "params": {"C": 5899.403141526718, "gamma": 0.255853676907046}, "datetime": {"datetime": "2021-10-04 12:24:28", "elapsed": 142.632135, "delta": 1.487507}}
{"target": -2.428532984541073, "params": {"C": 5861.187581773043, "gamma": 0.17387309247674182}, "datetime": {"datetime": "2021-10-04 12:24:29", "elapsed": 143.967603, "delta": 1.335468}}
{"target": -2.291155243000223, "params": {"C": 5835.75316115134, "gamma": 0.11233297836027163}, "datetime": {"datetime": "2021-10-04 12:24:30", "elapsed": 145.188548, "delta": 1.220945}}
{"target": -2.2666037000240213, "params": {"C": 5818.330482398096, "gamma": 0.09928188981905528}, "datetime": {"datetime": "2021-10-04 12:24:32", "elapsed": 146.613981, "delta": 1.425433}}
{"target": -2.2815442093282883, "params": {"C": 5800.941051753219, "gamma": 0.046290457858751466}, "datetime": {"datetime": "2021-10-04 12:24:33", "elapsed": 147.920053, "delta": 1.306072}}
{"target": -3.038186196454194, "params": {"C": 5783.204829193084, "gamma": 0.005208323251205923}, "datetime": {"datetime": "2021-10-04 12:24:34", "elapsed": 149.237026, "delta": 1.316973}}
{"target": -2.510001897764661, "params": {"C": 2711.7680795878914, "gamma": 0.12955231420072325}, "datetime": {"datetime": "2021-10-04 12:24:36", "elapsed": 150.667161, "delta": 1.430135}}
{"target": -3.198827471217419, "params": {"C": 2194.022961841248, "gamma": 0.007157546044310903}, "datetime": {"datetime": "2021-10-04 12:24:37", "elapsed": 151.976646, "delta": 1.309485}}
{"target": -2.154706033851932, "params": {"C": 9998.469520103288, "gamma": 0.09088116696561648}, "datetime": {"datetime": "2021-10-04 12:24:39", "elapsed": 153.304347, "delta": 1.327701}}
{"target": -2.3441328808382202, "params": {"C": 9984.651296973876, "gamma": 0.16750690595357287}, "datetime": {"datetime": "2021-10-04 12:24:40", "elapsed": 154.490317, "delta": 1.18597}}
{"target": -2.150010509672961, "params": {"C": 9961.222741116937, "gamma": 0.08882361357349458}, "datetime": {"datetime": "2021-10-04 12:24:41", "elapsed": 155.64136, "delta": 1.151043}}
{"target": -2.275866337439567, "params": {"C": 9947.6267517418, "gamma": 0.13519745301616592}, "datetime": {"datetime": "2021-10-04 12:24:42", "elapsed": 156.998608, "delta": 1.357248}}
{"target": -2.4408379074701845, "params": {"C": 9929.52882656492, "gamma": 0.21421295697866155}, "datetime": {"datetime": "2021-10-04 12:24:44", "elapsed": 158.485158, "delta": 1.48655}}
{"target": -2.223268297200994, "params": {"C": 9902.23907104745, "gamma": 0.1150413953564025}, "datetime": {"datetime": "2021-10-04 12:24:45", "elapsed": 159.753755, "delta": 1.268597}}
{"target": -2.4702994142142773, "params": {"C": 9886.802175780484, "gamma": 0.22858571288186413}, "datetime": {"datetime": "2021-10-04 12:24:46", "elapsed": 161.007415, "delta": 1.25366}}
{"target": -3.664330300075009, "params": {"C": 334.78289655669045, "gamma": 0.15014002814085614}, "datetime": {"datetime": "2021-10-04 12:24:47", "elapsed": 162.22999, "delta": 1.222575}}
{"target": -2.771034886884376, "params": {"C": 3458.623679820318, "gamma": 0.27144919723497446}, "datetime": {"datetime": "2021-10-04 12:24:49", "elapsed": 163.466299, "delta": 1.236309}}
{"target": -2.2780202814744466, "params": {"C": 4864.778517648633, "gamma": 0.06744907733068763}, "datetime": {"datetime": "2021-10-04 12:24:50", "elapsed": 165.105093, "delta": 1.638794}}
{"target": -2.3125289914297857, "params": {"C": 4882.222691982188, "gamma": 0.04992577023179316}, "datetime": {"datetime": "2021-10-04 12:24:52", "elapsed": 166.432351, "delta": 1.327258}}
{"target": -2.452507420382905, "params": {"C": 4846.56787143458, "gamma": 0.16824524130395604}, "datetime": {"datetime": "2021-10-04 12:24:53", "elapsed": 168.099069, "delta": 1.666718}}
{"target": -2.739317879147751, "params": {"C": 4901.746142746359, "gamma": 0.29858039559335237}, "datetime": {"datetime": "2021-10-04 12:24:55", "elapsed": 169.403666, "delta": 1.304597}}
{"target": -2.3306413038100926, "params": {"C": 4813.995085056937, "gamma": 0.1101962839132013}, "datetime": {"datetime": "2021-10-04 12:24:56", "elapsed": 170.858216, "delta": 1.45455}}
{"target": -2.5186549440737105, "params": {"C": 4793.674778415756, "gamma": 0.022465941731507157}, "datetime": {"datetime": "2021-10-04 12:24:58", "elapsed": 172.499258, "delta": 1.641042}}
{"target": -3.7255757243395657, "params": {"C": 616.3661199060482, "gamma": 0.29593069444234643}, "datetime": {"datetime": "2021-10-04 12:24:59", "elapsed": 174.224974, "delta": 1.725716}}
{"target": -2.1870505771285766, "params": {"C": 7722.508078794707, "gamma": 0.05125742919415158}, "datetime": {"datetime": "2021-10-04 12:25:01", "elapsed": 176.009314, "delta": 1.78434}}
{"target": -2.4117805252225097, "params": {"C": 7706.149650775401, "gamma": 0.18735508083399285}, "datetime": {"datetime": "2021-10-04 12:25:03", "elapsed": 177.82567, "delta": 1.816356}}
{"target": -2.3194075666155975, "params": {"C": 7738.8491456574975, "gamma": 0.031433654655415096}, "datetime": {"datetime": "2021-10-04 12:25:05", "elapsed": 179.536908, "delta": 1.711238}}
{"target": -2.4209522028953017, "params": {"C": 7761.440992572962, "gamma": 0.19182689227792704}, "datetime": {"datetime": "2021-10-04 12:25:06", "elapsed": 181.280911, "delta": 1.744003}}
{"target": -2.623654702448589, "params": {"C": 7787.689597046558, "gamma": 0.28831256730767924}, "datetime": {"datetime": "2021-10-04 12:25:08", "elapsed": 182.834728, "delta": 1.553817}}
