{"target": -2.2228615947809702, "params": {"C": 37178.498521707705, "gamma": 0.1180300094585043}, "datetime": {"datetime": "2021-10-04 12:38:39", "elapsed": 441.107442, "delta": 1.748677}}
{"target": -2.4198109068769087, "params": {"C": 32600.54649052576, "gamma": 0.2054219288057739}, "datetime": {"datetime": "2021-10-04 12:38:41", "elapsed": 443.682322, "delta": 2.57488}}
{"target": -2.554132853492241, "params": {"C": 34704.026747777454, "gamma": 0.296731600724834}, "datetime": {"datetime": "2021-10-04 12:38:43", "elapsed": 445.371574, "delta": 1.689252}}
{"target": -2.3895321784800756, "params": {"C": 21921.051922435967, "gamma": 0.19675311249483}, "datetime": {"datetime": "2021-10-04 12:38:45", "elapsed": 447.664813, "delta": 2.293239}}
{"target": -2.235701596496176, "params": {"C": 23214.548352939688, "gamma": 0.1299218360824358}, "datetime": {"datetime": "2021-10-04 12:38:48", "elapsed": 450.239313, "delta": 2.5745}}
{"target": -2.0711403978022744, "params": {"C": 32738.198441011256, "gamma": 0.07979327360701309}, "datetime": {"datetime": "2021-10-04 12:38:50", "elapsed": 452.733275, "delta": 2.493962}}
{"target": -2.465804456372378, "params": {"C": 38365.76494711342, "gamma": 0.23489475615164604}, "datetime": {"datetime": "2021-10-04 12:38:52", "elapsed": 454.743892, "delta": 2.010617}}
{"target": -2.221635069506561, "params": {"C": 13656.637463981624, "gamma": 0.120994002024961}, "datetime": {"datetime": "2021-10-04 12:38:55", "elapsed": 457.351099, "delta": 2.607207}}
{"target": -2.390135936301472, "params": {"C": 21967.688782440397, "gamma": 0.19703943886784175}, "datetime": {"datetime": "2021-10-04 12:38:58", "elapsed": 460.181936, "delta": 2.830837}}
{"target": -2.3346324157149705, "params": {"C": 27771.51477271175, "gamma": 0.1680538339677621}, "datetime": {"datetime": "2021-10-04 12:39:01", "elapsed": 462.965652, "delta": 2.783716}}
{"target": -2.1012690597797183, "params": {"C": 18525.48113096515, "gamma": 0.0888989330979866}, "datetime": {"datetime": "2021-10-04 12:39:02", "elapsed": 464.887298, "delta": 1.921646}}
{"target": -2.267597240917239, "params": {"C": 37673.04564951062, "gamma": 0.13176506775110977}, "datetime": {"datetime": "2021-10-04 12:39:04", "elapsed": 466.887193, "delta": 1.999895}}
{"target": -2.2273340015001617, "params": {"C": 39951.221258629084, "gamma": 0.11747474543624749}, "datetime": {"datetime": "2021-10-04 12:39:06", "elapsed": 468.803728, "delta": 1.916535}}
{"target": -2.211624249820088, "params": {"C": 23254.441300250204, "gamma": 0.12222429059264744}, "datetime": {"datetime": "2021-10-04 12:39:08", "elapsed": 470.647237, "delta": 1.843509}}
{"target": -2.120774007439443, "params": {"C": 28407.00513148498, "gamma": 0.0326446395212883}, "datetime": {"datetime": "2021-10-04 12:39:10", "elapsed": 472.575166, "delta": 1.927929}}
{"target": -2.2723156598345065, "params": {"C": 20155.700157122825, "gamma": 0.14606574533047995}, "datetime": {"datetime": "2021-10-04 12:39:13", "elapsed": 475.499493, "delta": 2.924327}}
{"target": -2.2791961738175037, "params": {"C": 23218.24275158801, "gamma": 0.02012057263405515}, "datetime": {"datetime": "2021-10-04 12:39:15", "elapsed": 477.315968, "delta": 1.816475}}
{"target": -2.5571179746469848, "params": {"C": 19087.944132776975, "gamma": 0.2973646029858794}, "datetime": {"datetime": "2021-10-04 12:39:17", "elapsed": 479.119027, "delta": 1.803059}}
{"target": -2.5195937103794166, "params": {"C": 9151.866410015411, "gamma": 0.24810476330412437}, "datetime": {"datetime": "2021-10-04 12:39:20", "elapsed": 481.961683, "delta": 2.842656}}
{"target": -2.034724587688485, "params": {"C": 26398.725088429117, "gamma": 0.05363820245826967}, "datetime": {"datetime": "2021-10-04 12:39:21", "elapsed": 483.891446, "delta": 1.929763}}
{"target": -2.3115042627654367, "params": {"C": 34280.84110501548, "gamma": 0.15259755319816312}, "datetime": {"datetime": "2021-10-04 12:39:23", "elapsed": 485.865288, "delta": 1.973842}}
{"target": -2.4076999752477555, "params": {"C": 25902.302449282415, "gamma": 0.20348939951556325}, "datetime": {"datetime": "2021-10-04 12:39:25", "elapsed": 487.689733, "delta": 1.824445}}
{"target": -2.156146784420539, "params": {"C": 13445.796750211186, "gamma": 0.036917138363969246}, "datetime": {"datetime": "2021-10-04 12:39:28", "elapsed": 490.482909, "delta": 2.793176}}
{"target": -2.228214487146408, "params": {"C": 11866.660847807343, "gamma": 0.12069304819066154}, "datetime": {"datetime": "2021-10-04 12:39:31", "elapsed": 493.445325, "delta": 2.962416}}
{"target": -2.4311004756075256, "params": {"C": 29840.73437010663, "gamma": 0.21383621193741678}, "datetime": {"datetime": "2021-10-04 12:39:33", "elapsed": 495.366218, "delta": 1.920893}}
{"target": -2.1774303565762105, "params": {"C": 39728.53753218943, "gamma": 0.10339122121701172}, "datetime": {"datetime": "2021-10-04 12:39:35", "elapsed": 497.393996, "delta": 2.027778}}
{"target": -2.4146300236348224, "params": {"C": 24852.586192948773, "gamma": 0.20810143325547487}, "datetime": {"datetime": "2021-10-04 12:39:38", "elapsed": 500.106291, "delta": 2.712295}}
{"target": -2.495183769013996, "params": {"C": 16412.301317137822, "gamma": 0.258061374785999}, "datetime": {"datetime": "2021-10-04 12:39:39", "elapsed": 501.902135, "delta": 1.795844}}
{"target": -2.5342237537015166, "params": {"C": 38951.08660732888, "gamma": 0.2824626884688178}, "datetime": {"datetime": "2021-10-04 12:39:41", "elapsed": 503.864018, "delta": 1.961883}}
{"target": -2.056887003522765, "params": {"C": 36001.27910437181, "gamma": 0.07469852713874947}, "datetime": {"datetime": "2021-10-04 12:39:45", "elapsed": 507.583062, "delta": 3.719044}}
{"target": -2.280753820604581, "params": {"C": 37270.16950185817, "gamma": 0.1370029565495372}, "datetime": {"datetime": "2021-10-04 12:39:47", "elapsed": 509.74255, "delta": 2.159488}}
{"target": -2.5463346225302583, "params": {"C": 26429.018537117958, "gamma": 0.2930144366269323}, "datetime": {"datetime": "2021-10-04 12:39:49", "elapsed": 511.85389, "delta": 2.11134}}
{"target": -2.4916540934662286, "params": {"C": 33266.71636142333, "gamma": 0.2553589638909554}, "datetime": {"datetime": "2021-10-04 12:39:51", "elapsed": 513.726752, "delta": 1.872862}}
{"target": -2.1427647278667576, "params": {"C": 38289.36915347628, "gamma": 0.029403094438251735}, "datetime": {"datetime": "2021-10-04 12:39:53", "elapsed": 515.773602, "delta": 2.04685}}
{"target": -2.411288691914593, "params": {"C": 19589.545748805373, "gamma": 0.20919457150731646}, "datetime": {"datetime": "2021-10-04 12:39:56", "elapsed": 518.345636, "delta": 2.572034}}
{"target": -2.453655702844439, "params": {"C": 10123.37866449973, "gamma": 0.22175811594173012}, "datetime": {"datetime": "2021-10-04 12:39:59", "elapsed": 521.022468, "delta": 2.676832}}
{"target": -2.1178049329140767, "params": {"C": 33009.146118519944, "gamma": 0.03243718880309299}, "datetime": {"datetime": "2021-10-04 12:40:02", "elapsed": 524.716206, "delta": 3.693738}}
{"target": -2.264205859822284, "params": {"C": 9970.34842979944, "gamma": 0.13085018004327875}, "datetime": {"datetime": "2021-10-04 12:40:04", "elapsed": 526.886441, "delta": 2.170235}}
{"target": -2.4520158278898787, "params": {"C": 32521.9533710896, "gamma": 0.22729019101521272}, "datetime": {"datetime": "2021-10-04 12:40:07", "elapsed": 528.992272, "delta": 2.105831}}
{"target": -2.0488664234368406, "params": {"C": 36649.0292616043, "gamma": 0.04472882361372352}, "datetime": {"datetime": "2021-10-04 12:40:09", "elapsed": 531.185142, "delta": 2.19287}}
{"target": -2.4915506495075253, "params": {"C": 36472.503258158606, "gamma": 0.25401938230430143}, "datetime": {"datetime": "2021-10-04 12:40:11", "elapsed": 533.360846, "delta": 2.175704}}
{"target": -2.0655737007207096, "params": {"C": 28880.305586923074, "gamma": 0.07989191699558934}, "datetime": {"datetime": "2021-10-04 12:40:13", "elapsed": 535.421888, "delta": 2.061042}}
{"target": -2.0666564150518294, "params": {"C": 25354.28108890322, "gamma": 0.08103799101176645}, "datetime": {"datetime": "2021-10-04 12:40:15", "elapsed": 537.474299, "delta": 2.052411}}
{"target": -2.3673238055113757, "params": {"C": 12717.30392087575, "gamma": 0.18604449723613545}, "datetime": {"datetime": "2021-10-04 12:40:17", "elapsed": 539.711946, "delta": 2.237647}}
{"target": -2.145187578219287, "params": {"C": 38844.53215274116, "gamma": 0.0962179860585472}, "datetime": {"datetime": "2021-10-04 12:40:19", "elapsed": 541.914995, "delta": 2.203049}}
{"target": -2.276726201040555, "params": {"C": 26368.76540586504, "gamma": 0.14354426904065926}, "datetime": {"datetime": "2021-10-04 12:40:22", "elapsed": 544.106491, "delta": 2.191496}}
{"target": -2.139640148810983, "params": {"C": 21889.408085966723, "gamma": 0.10030442388496803}, "datetime": {"datetime": "2021-10-04 12:40:24", "elapsed": 546.266611, "delta": 2.16012}}
{"target": -2.428720354494287, "params": {"C": 26413.847782269477, "gamma": 0.21472835395571008}, "datetime": {"datetime": "2021-10-04 12:40:26", "elapsed": 548.374125, "delta": 2.107514}}
{"target": -2.492359300228582, "params": {"C": 38186.70342963816, "gamma": 0.2540792025042349}, "datetime": {"datetime": "2021-10-04 12:40:29", "elapsed": 551.406578, "delta": 3.032453}}
{"target": -2.054310249659225, "params": {"C": 39352.936209976666, "gamma": 0.07129239879194516}, "datetime": {"datetime": "2021-10-04 12:40:31", "elapsed": 553.761488, "delta": 2.35491}}
{"target": -2.3455757084387545, "params": {"C": 15387.72122898907, "gamma": 0.17924337997877285}, "datetime": {"datetime": "2021-10-04 12:40:33", "elapsed": 555.873567, "delta": 2.112079}}
{"target": -2.2512400716452956, "params": {"C": 31076.04479265661, "gamma": 0.13063014407488455}, "datetime": {"datetime": "2021-10-04 12:40:36", "elapsed": 558.251286, "delta": 2.377719}}
{"target": -2.374949416876036, "params": {"C": 23348.910654698557, "gamma": 0.18889698647180705}, "datetime": {"datetime": "2021-10-04 12:40:39", "elapsed": 561.509078, "delta": 3.257792}}
{"target": -2.480527756617716, "params": {"C": 30449.162439874795, "gamma": 0.24768072335568553}, "datetime": {"datetime": "2021-10-04 12:40:41", "elapsed": 563.700987, "delta": 2.191909}}
{"target": -2.1169498895221768, "params": {"C": 32673.86826585545, "gamma": 0.09116415724927086}, "datetime": {"datetime": "2021-10-04 12:40:44", "elapsed": 565.998417, "delta": 2.29743}}
{"target": -2.267577728065414, "params": {"C": 12290.591891124095, "gamma": 0.13841799746176067}, "datetime": {"datetime": "2021-10-04 12:40:46", "elapsed": 568.350548, "delta": 2.352131}}
{"target": -2.6246633274049143, "params": {"C": 23160.42733386106, "gamma": 0.006046311314380182}, "datetime": {"datetime": "2021-10-04 12:40:48", "elapsed": 570.51928, "delta": 2.168732}}
{"target": -2.2464580659288442, "params": {"C": 33069.36618251767, "gamma": 0.12759644351525526}, "datetime": {"datetime": "2021-10-04 12:40:50", "elapsed": 572.58817, "delta": 2.06889}}
{"target": -2.44948812398867, "params": {"C": 36110.27587835307, "gamma": 0.22412113752686258}, "datetime": {"datetime": "2021-10-04 12:40:52", "elapsed": 574.663226, "delta": 2.075056}}
