{"target": -2.7883199541599026, "params": {"C": 7676.100554295964, "gamma": 0.007504679813599912}, "datetime": {"datetime": "2021-10-04 12:25:10", "elapsed": 184.513749, "delta": 1.679021}}
{"target": -2.1983601749060666, "params": {"C": 8686.377253399714, "gamma": 0.10135992197021032}, "datetime": {"datetime": "2021-10-04 12:25:11", "elapsed": 186.213205, "delta": 1.699456}}
{"target": -2.311980685018295, "params": {"C": 8670.057645425914, "gamma": 0.14513933419224612}, "datetime": {"datetime": "2021-10-04 12:25:13", "elapsed": 188.133147, "delta": 1.919942}}
{"target": -2.4662995463985773, "params": {"C": 8703.081383302066, "gamma": 0.21995154623089896}, "datetime": {"datetime": "2021-10-04 12:25:15", "elapsed": 190.121245, "delta": 1.988098}}
{"target": -2.382670421066599, "params": {"C": 8648.594212790316, "gamma": 0.1804613511222998}, "datetime": {"datetime": "2021-10-04 12:25:17", "elapsed": 192.094916, "delta": 1.973671}}
{"target": -2.158713497354984, "params": {"C": 8625.174630109357, "gamma": 0.08176824653192159}, "datetime": {"datetime": "2021-10-04 12:25:19", "elapsed": 193.641214, "delta": 1.546298}}
{"target": -2.631355949624112, "params": {"C": 8610.14743551034, "gamma": 0.3}, "datetime": {"datetime": "2021-10-04 12:25:21", "elapsed": 195.621316, "delta": 1.980102}}
{"target": -2.4119164708908816, "params": {"C": 9667.068607055291, "gamma": 0.19856639079075228}, "datetime": {"datetime": "2021-10-04 12:25:23", "elapsed": 197.39857, "delta": 1.777254}}
{"target": -2.4053389216149554, "params": {"C": 9690.771949103655, "gamma": 0.020064754177990935}, "datetime": {"datetime": "2021-10-04 12:25:24", "elapsed": 199.046843, "delta": 1.648273}}
{"target": -2.5770911029685104, "params": {"C": 9714.688513036286, "gamma": 0.28204865169793136}, "datetime": {"datetime": "2021-10-04 12:25:26", "elapsed": 200.423617, "delta": 1.376774}}
{"target": -2.2184140010844886, "params": {"C": 9642.10189932619, "gamma": 0.11272934769582145}, "datetime": {"datetime": "2021-10-04 12:25:27", "elapsed": 201.996836, "delta": 1.573219}}
{"target": -2.446415477073245, "params": {"C": 9625.773614770942, "gamma": 0.21543719681819867}, "datetime": {"datetime": "2021-10-04 12:25:29", "elapsed": 203.8698, "delta": 1.872964}}
{"target": -2.8533324657604417, "params": {"C": 853.9250297199482, "gamma": 0.07167435310775716}, "datetime": {"datetime": "2021-10-04 12:25:31", "elapsed": 205.482144, "delta": 1.612344}}
{"target": -2.380867783804764, "params": {"C": 3676.2407323709563, "gamma": 0.10234219235220735}, "datetime": {"datetime": "2021-10-04 12:25:32", "elapsed": 207.176081, "delta": 1.693937}}
{"target": -2.7931410583473273, "params": {"C": 3654.607235057799, "gamma": 0.011992900729525975}, "datetime": {"datetime": "2021-10-04 12:25:34", "elapsed": 209.077551, "delta": 1.90147}}
{"target": -2.5620121698141047, "params": {"C": 3696.710432273563, "gamma": 0.19339816600502766}, "datetime": {"datetime": "2021-10-04 12:25:36", "elapsed": 210.88915, "delta": 1.811599}}
{"target": -2.5724977334309953, "params": {"C": 7940.939388994915, "gamma": 0.2651811796282358}, "datetime": {"datetime": "2021-10-04 12:25:38", "elapsed": 212.792049, "delta": 1.902899}}
{"target": -2.818827471330563, "params": {"C": 1064.879685299865, "gamma": 0.10966029805840993}, "datetime": {"datetime": "2021-10-04 12:25:40", "elapsed": 214.474636, "delta": 1.682587}}
{"target": -2.859224647988248, "params": {"C": 1949.977975284208, "gamma": 0.22483001601130154}, "datetime": {"datetime": "2021-10-04 12:25:41", "elapsed": 216.078181, "delta": 1.603545}}
{"target": -2.3838845372239503, "params": {"C": 7286.807988518867, "gamma": 0.1683243782887673}, "datetime": {"datetime": "2021-10-04 12:25:43", "elapsed": 217.652974, "delta": 1.574793}}
{"target": -2.4673618342925527, "params": {"C": 7265.4146023580615, "gamma": 0.20965428026449062}, "datetime": {"datetime": "2021-10-04 12:25:45", "elapsed": 219.658563, "delta": 2.005589}}
{"target": -2.324406100925819, "params": {"C": 7306.774893931324, "gamma": 0.1412136134987764}, "datetime": {"datetime": "2021-10-04 12:25:47", "elapsed": 221.418313, "delta": 1.75975}}
{"target": -2.582541732384914, "params": {"C": 7325.64225683386, "gamma": 0.2642979014199636}, "datetime": {"datetime": "2021-10-04 12:25:49", "elapsed": 223.358489, "delta": 1.940176}}
{"target": -2.545533111630798, "params": {"C": 8274.522330252823, "gamma": 0.2544442681963019}, "datetime": {"datetime": "2021-10-04 12:25:50", "elapsed": 225.074095, "delta": 1.715606}}
{"target": -2.358515704788257, "params": {"C": 8635.938234758978, "gamma": 0.16741992165966135}, "datetime": {"datetime": "2021-10-04 12:25:52", "elapsed": 226.843431, "delta": 1.769336}}
{"target": -2.3945001728843023, "params": {"C": 3185.649301299481, "gamma": 0.06928963191278953}, "datetime": {"datetime": "2021-10-04 12:25:54", "elapsed": 228.354944, "delta": 1.511513}}
{"target": -2.574226158288851, "params": {"C": 3207.686952858633, "gamma": 0.1810969563808565}, "datetime": {"datetime": "2021-10-04 12:25:55", "elapsed": 230.074689, "delta": 1.719745}}
{"target": -2.6833811108284413, "params": {"C": 3164.0373973280584, "gamma": 0.22586016632318018}, "datetime": {"datetime": "2021-10-04 12:25:57", "elapsed": 231.925938, "delta": 1.851249}}
{"target": -2.1989952394201318, "params": {"C": 7031.666830581933, "gamma": 0.055682111291884065}, "datetime": {"datetime": "2021-10-04 12:25:59", "elapsed": 233.876226, "delta": 1.950288}}
{"target": -2.4582933222348373, "params": {"C": 7046.675982825316, "gamma": 0.20325278008450826}, "datetime": {"datetime": "2021-10-04 12:26:01", "elapsed": 235.449395, "delta": 1.573169}}
{"target": -2.4555778755113975, "params": {"C": 7013.991038481928, "gamma": 0.2016548499046856}, "datetime": {"datetime": "2021-10-04 12:26:03", "elapsed": 237.465907, "delta": 2.016512}}
{"target": -3.1526571859070414, "params": {"C": 1425.8345759905997, "gamma": 0.2731515153819977}, "datetime": {"datetime": "2021-10-04 12:26:04", "elapsed": 239.102493, "delta": 1.636586}}
{"target": -2.8297489898352524, "params": {"C": 2779.6556400115323, "gamma": 0.2644615146691415}, "datetime": {"datetime": "2021-10-04 12:26:06", "elapsed": 240.79832, "delta": 1.695827}}
{"target": -2.7484394610825698, "params": {"C": 2644.1502953626286, "gamma": 0.22689183348033726}, "datetime": {"datetime": "2021-10-04 12:26:08", "elapsed": 242.645626, "delta": 1.847306}}
{"target": -2.5869019249512433, "params": {"C": 2417.940690279683, "gamma": 0.14892411202223058}, "datetime": {"datetime": "2021-10-04 12:26:10", "elapsed": 244.589785, "delta": 1.944159}}
{"target": -3.22031887346116, "params": {"C": 1253.2881198560824, "gamma": 0.27195912909954706}, "datetime": {"datetime": "2021-10-04 12:26:12", "elapsed": 246.541876, "delta": 1.952091}}
{"target": -2.913486269877917, "params": {"C": 1598.5089400703937, "gamma": 0.21345802381700263}, "datetime": {"datetime": "2021-10-04 12:26:14", "elapsed": 248.386144, "delta": 1.844268}}
{"target": -2.320200268527286, "params": {"C": 5404.809534456436, "gamma": 0.11829115095368885}, "datetime": {"datetime": "2021-10-04 12:26:15", "elapsed": 250.192293, "delta": 1.806149}}
{"target": -2.597994393481932, "params": {"C": 5423.867943024656, "gamma": 0.2479607060794899}, "datetime": {"datetime": "2021-10-04 12:26:18", "elapsed": 252.312796, "delta": 2.120503}}
{"target": -2.628048945936071, "params": {"C": 5386.204526738205, "gamma": 0.25990794961827035}, "datetime": {"datetime": "2021-10-04 12:26:19", "elapsed": 254.220077, "delta": 1.907281}}
{"target": -2.960906105558353, "params": {"C": 1768.4628396395153, "gamma": 0.24515541904613022}, "datetime": {"datetime": "2021-10-04 12:26:22", "elapsed": 256.563267, "delta": 2.34319}}
{"target": -2.2656065709710487, "params": {"C": 8895.829360919193, "gamma": 0.12790234675128212}, "datetime": {"datetime": "2021-10-04 12:26:24", "elapsed": 258.610359, "delta": 2.047092}}
{"target": -2.496985647225723, "params": {"C": 8912.548925886747, "gamma": 0.23573934486742487}, "datetime": {"datetime": "2021-10-04 12:26:26", "elapsed": 260.330178, "delta": 1.719819}}
{"target": -2.4408184822088628, "params": {"C": 8880.274816686537, "gamma": 0.01859499924918074}, "datetime": {"datetime": "2021-10-04 12:26:27", "elapsed": 262.058099, "delta": 1.727921}}
{"target": -2.275821890355996, "params": {"C": 9377.575383804144, "gamma": 0.13330674847855187}, "datetime": {"datetime": "2021-10-04 12:26:29", "elapsed": 264.051354, "delta": 1.993255}}
{"target": -2.469979282803236, "params": {"C": 9360.404945362472, "gamma": 0.016215498661666026}, "datetime": {"datetime": "2021-10-04 12:26:31", "elapsed": 266.065982, "delta": 2.014628}}
{"target": -2.5335613529446586, "params": {"C": 9394.725230904103, "gamma": 0.256802578402741}, "datetime": {"datetime": "2021-10-04 12:26:33", "elapsed": 268.262609, "delta": 2.196627}}
{"target": -4.270892632429226, "params": {"C": 96.66234948777492, "gamma": 0.04389118176447537}, "datetime": {"datetime": "2021-10-04 12:26:36", "elapsed": 270.534864, "delta": 2.272255}}
{"target": -2.364828427167012, "params": {"C": 3532.736264895086, "gamma": 0.08574514263494142}, "datetime": {"datetime": "2021-10-04 12:26:38", "elapsed": 273.15878, "delta": 2.623916}}
{"target": -2.7719698332373013, "params": {"C": 3511.444162429807, "gamma": 0.27392071674416696}, "datetime": {"datetime": "2021-10-04 12:26:40", "elapsed": 275.130155, "delta": 1.971375}}
{"target": -2.538539289981805, "params": {"C": 3552.9251141267323, "gamma": 0.17667359993808168}, "datetime": {"datetime": "2021-10-04 12:26:43", "elapsed": 277.514341, "delta": 2.384186}}
{"target": -2.562962586985867, "params": {"C": 2272.7175277017036, "gamma": 0.1290523759134303}, "datetime": {"datetime": "2021-10-04 12:26:45", "elapsed": 279.427716, "delta": 1.913375}}
{"target": -2.295658678827531, "params": {"C": 6796.704571798664, "gamma": 0.1253596777951838}, "datetime": {"datetime": "2021-10-04 12:26:47", "elapsed": 281.509998, "delta": 2.082282}}
{"target": -2.6238757063324827, "params": {"C": 6815.058676179115, "gamma": 0.2776517086857182}, "datetime": {"datetime": "2021-10-04 12:26:49", "elapsed": 283.423271, "delta": 1.913273}}
{"target": -2.9345807239428594, "params": {"C": 6779.17261465086, "gamma": 0.005821699870254156}, "datetime": {"datetime": "2021-10-04 12:26:51", "elapsed": 285.499551, "delta": 2.07628}}
{"target": -2.3378995351349694, "params": {"C": 6154.339682631773, "gamma": 0.1356112845654958}, "datetime": {"datetime": "2021-10-04 12:26:53", "elapsed": 287.65669, "delta": 2.157139}}
{"target": -2.652165446248031, "params": {"C": 6134.695477411553, "gamma": 0.28120679309806856}, "datetime": {"datetime": "2021-10-04 12:26:55", "elapsed": 289.742315, "delta": 2.085625}}
{"target": -2.3106022995441635, "params": {"C": 6173.7351792266645, "gamma": 0.125009862118655}, "datetime": {"datetime": "2021-10-04 12:26:57", "elapsed": 292.037301, "delta": 2.294986}}
{"target": -2.4640273600780302, "params": {"C": 6190.831680283408, "gamma": 0.1964747724088727}, "datetime": {"datetime": "2021-10-04 12:26:59", "elapsed": 294.253294, "delta": 2.215993}}
{"target": -2.3575697129822926, "params": {"C": 49239.541192780336, "gamma": 0.011674164621055834}, "datetime": {"datetime": "2021-10-04 12:27:03", "elapsed": 0.0, "delta": 0.0}}
{"target": -2.29949100925772, "params": {"C": 59469.62300908382, "gamma": 0.13285542821500995}, "datetime": {"datetime": "2021-10-04 12:27:03", "elapsed": 0.218004, "delta": 0.218004}}
{"target": -2.188254958536749, "params": {"C": 47833.102187874014, "gamma": 0.10177910701714674}, "datetime": {"datetime": "2021-10-04 12:27:04", "elapsed": 0.500395, "delta": 0.282391}}
{"target": -2.3788830698201773, "params": {"C": 28418.377063405824, "gamma": 0.18730420603979644}, "datetime": {"datetime": "2021-10-04 12:27:04", "elapsed": 0.717719, "delta": 0.217324}}
{"target": -2.089203476312687, "params": {"C": 36968.920630707085, "gamma": 0.08298087343044852}, "datetime": {"datetime": "2021-10-04 12:27:04", "elapsed": 0.936933, "delta": 0.219214}}
{"target": -2.0371946017850697, "params": {"C": 36959.953688786525, "gamma": 0.06579041664093586}, "datetime": {"datetime": "2021-10-04 12:27:04", "elapsed": 1.248004, "delta": 0.311071}}
{"target": -2.104714724824103, "params": {"C": 36971.62380122932, "gamma": 0.086954407200896}, "datetime": {"datetime": "2021-10-04 12:27:05", "elapsed": 1.537427, "delta": 0.289423}}
{"target": -2.218232840981673, "params": {"C": 36904.21730471067, "gamma": 0.11692321104385087}, "datetime": {"datetime": "2021-10-04 12:27:05", "elapsed": 1.917163, "delta": 0.379736}}
{"target": -2.16874080526584, "params": {"C": 47749.1885515692, "gamma": 0.0973941700549098}, "datetime": {"datetime": "2021-10-04 12:27:05", "elapsed": 2.215187, "delta": 0.298024}}
{"target": -2.4385448147243274, "params": {"C": 47678.60021023255, "gamma": 0.21070651592763354}, "datetime": {"datetime": "2021-10-04 12:27:06", "elapsed": 2.55942, "delta": 0.344233}}
{"target": -2.3448661674223827, "params": {"C": 47915.329662364966, "gamma": 0.1596229712446764}, "datetime": {"datetime": "2021-10-04 12:27:06", "elapsed": 2.868422, "delta": 0.309002}}
{"target": -2.5043380333182954, "params": {"C": 37080.19058553739, "gamma": 0.2632415686633411}, "datetime": {"datetime": "2021-10-04 12:27:06", "elapsed": 3.193985, "delta": 0.325563}}
{"target": -2.1369912226592276, "params": {"C": 86584.58581450368, "gamma": 0.033025394260015536}, "datetime": {"datetime": "2021-10-04 12:27:07", "elapsed": 3.520985, "delta": 0.327}}
{"target": -2.52136162950195, "params": {"C": 86529.1479902673, "gamma": 0.25625196802382716}, "datetime": {"datetime": "2021-10-04 12:27:07", "elapsed": 3.859603, "delta": 0.338618}}
{"target": -2.1609819293036945, "params": {"C": 86652.41281287465, "gamma": 0.08028742458535004}, "datetime": {"datetime": "2021-10-04 12:27:07", "elapsed": 4.198615, "delta": 0.339012}}
{"target": -2.232359196429785, "params": {"C": 86616.5234067408, "gamma": 0.09668435752816619}, "datetime": {"datetime": "2021-10-04 12:27:08", "elapsed": 4.578407, "delta": 0.379792}}
{"target": -2.322121386184868, "params": {"C": 86700.82658624936, "gamma": 0.1304810393769071}, "datetime": {"datetime": "2021-10-04 12:27:08", "elapsed": 4.961512, "delta": 0.383105}}
{"target": -2.2939566928051818, "params": {"C": 36936.68139718319, "gamma": 0.14251136673047685}, "datetime": {"datetime": "2021-10-04 12:27:08", "elapsed": 5.330498, "delta": 0.368986}}
{"target": -2.3161547476365523, "params": {"C": 47775.615981444804, "gamma": 0.1462387828026878}, "datetime": {"datetime": "2021-10-04 12:27:09", "elapsed": 5.714398, "delta": 0.3839}}
{"target": -2.25696349216457, "params": {"C": 37002.59783067243, "gamma": 0.1284418380619611}, "datetime": {"datetime": "2021-10-04 12:27:09", "elapsed": 6.0974, "delta": 0.383002}}
{"target": -2.4941031906641116, "params": {"C": 47727.92285406186, "gamma": 0.2511194759763778}, "datetime": {"datetime": "2021-10-04 12:27:09", "elapsed": 6.428041, "delta": 0.330641}}
{"target": -2.373483127556129, "params": {"C": 86568.51212117112, "gamma": 0.15358039777877058}, "datetime": {"datetime": "2021-10-04 12:27:10", "elapsed": 6.793593, "delta": 0.365552}}
{"target": -2.2798031064981017, "params": {"C": 86601.24727902394, "gamma": 0.11123420332349652}, "datetime": {"datetime": "2021-10-04 12:27:10", "elapsed": 7.163834, "delta": 0.370241}}
{"target": -2.404565897581358, "params": {"C": 86634.35471504198, "gamma": 0.1745207802835626}, "datetime": {"datetime": "2021-10-04 12:27:11", "elapsed": 7.559834, "delta": 0.396}}
{"target": -2.1019732620606493, "params": {"C": 86665.62467932016, "gamma": 0.04661739589460691}, "datetime": {"datetime": "2021-10-04 12:27:11", "elapsed": 7.89814, "delta": 0.338306}}
{"target": -2.0330231215008037, "params": {"C": 36952.463470643364, "gamma": 0.059633292665745866}, "datetime": {"datetime": "2021-10-04 12:27:11", "elapsed": 8.269135, "delta": 0.370995}}
{"target": -2.2547513240631245, "params": {"C": 47860.71581134008, "gamma": 0.019222563846209878}, "datetime": {"datetime": "2021-10-04 12:27:12", "elapsed": 8.614112, "delta": 0.344977}}
{"target": -2.3634982574574446, "params": {"C": 47812.398773535235, "gamma": 0.011455619494542948}, "datetime": {"datetime": "2021-10-04 12:27:12", "elapsed": 9.01202, "delta": 0.397908}}
{"target": -2.551237912088837, "params": {"C": 36868.60660254994, "gamma": 0.2942253953959745}, "datetime": {"datetime": "2021-10-04 12:27:12", "elapsed": 9.373231, "delta": 0.361211}}
{"target": -2.5509206105632813, "params": {"C": 86676.23118181413, "gamma": 0.2720797093489588}, "datetime": {"datetime": "2021-10-04 12:27:13", "elapsed": 9.68046, "delta": 0.307229}}
{"target": -2.496367167333615, "params": {"C": 86660.65835688869, "gamma": 0.24322838192558552}, "datetime": {"datetime": "2021-10-04 12:27:13", "elapsed": 10.031816, "delta": 0.351356}}
{"target": -2.5517514104697856, "params": {"C": 36956.68365292953, "gamma": 0.29452080324465385}, "datetime": {"datetime": "2021-10-04 12:27:13", "elapsed": 10.360012, "delta": 0.328196}}
{"target": -2.428974133577523, "params": {"C": 86664.18039262676, "gamma": 0.1914621252422709}, "datetime": {"datetime": "2021-10-04 12:27:14", "elapsed": 10.701015, "delta": 0.341003}}
{"target": -2.4402097153087188, "params": {"C": 88275.46154827015, "gamma": 0.1987960125503867}, "datetime": {"datetime": "2021-10-04 12:27:14", "elapsed": 11.052425, "delta": 0.35141}}
{"target": -2.46098489232791, "params": {"C": 18737.18183919236, "gamma": 0.23773492945477998}, "datetime": {"datetime": "2021-10-04 12:27:14", "elapsed": 11.421043, "delta": 0.368618}}
{"target": -2.4346231872892803, "params": {"C": 68672.5771589373, "gamma": 0.19983628644848736}, "datetime": {"datetime": "2021-10-04 12:27:15", "elapsed": 11.836437, "delta": 0.415394}}
{"target": -2.0997880486896214, "params": {"C": 67608.30504124652, "gamma": 0.06796407673933494}, "datetime": {"datetime": "2021-10-04 12:27:15", "elapsed": 12.241456, "delta": 0.405019}}
{"target": -2.099183054431434, "params": {"C": 35732.15551335073, "gamma": 0.08600527615377217}, "datetime": {"datetime": "2021-10-04 12:27:16", "elapsed": 12.653398, "delta": 0.411942}}
{"target": -2.552484883471335, "params": {"C": 47832.84694534602, "gamma": 0.28946695192619815}, "datetime": {"datetime": "2021-10-04 12:27:16", "elapsed": 13.103404, "delta": 0.450006}}
{"target": -2.4724954768864307, "params": {"C": 20059.88326797812, "gamma": 0.24429712368080483}, "datetime": {"datetime": "2021-10-04 12:27:17", "elapsed": 13.546687, "delta": 0.443283}}
{"target": -2.1052268740295554, "params": {"C": 74928.10546055721, "gamma": 0.038400788831464513}, "datetime": {"datetime": "2021-10-04 12:27:17", "elapsed": 13.935304, "delta": 0.388617}}
{"target": -2.2682736830300096, "params": {"C": 51928.46381769412, "gamma": 0.01803012594134131}, "datetime": {"datetime": "2021-10-04 12:27:17", "elapsed": 14.380308, "delta": 0.445004}}
{"target": -2.1022835311658774, "params": {"C": 57936.50669812074, "gamma": 0.0348306575979376}, "datetime": {"datetime": "2021-10-04 12:27:18", "elapsed": 15.030919, "delta": 0.650611}}
{"target": -2.278704937429965, "params": {"C": 61548.0948905392, "gamma": 0.12296523292231888}, "datetime": {"datetime": "2021-10-04 12:27:18", "elapsed": 15.46164, "delta": 0.430721}}
{"target": -2.3154272708602655, "params": {"C": 27452.532467538884, "gamma": 0.1603329950846384}, "datetime": {"datetime": "2021-10-04 12:27:19", "elapsed": 15.876116, "delta": 0.414476}}
{"target": -2.1840601640800963, "params": {"C": 53473.09614476205, "gamma": 0.09789846797450173}, "datetime": {"datetime": "2021-10-04 12:27:19", "elapsed": 16.264494, "delta": 0.388378}}
{"target": -2.4928858094897177, "params": {"C": 89601.69130441165, "gamma": 0.24020845874811053}, "datetime": {"datetime": "2021-10-04 12:27:20", "elapsed": 16.714582, "delta": 0.450088}}
{"target": -2.338975475519075, "params": {"C": 23632.41902914345, "gamma": 0.016263584718338914}, "datetime": {"datetime": "2021-10-04 12:27:20", "elapsed": 17.107464, "delta": 0.392882}}
{"target": -2.2036327991503852, "params": {"C": 85438.32674745985, "gamma": 0.09065598952538223}, "datetime": {"datetime": "2021-10-04 12:27:21", "elapsed": 17.492294, "delta": 0.38483}}
{"target": -2.5650002965187753, "params": {"C": 64810.11593708842, "gamma": 0.29043293806642584}, "datetime": {"datetime": "2021-10-04 12:27:21", "elapsed": 17.910903, "delta": 0.418609}}
{"target": -2.117840133146601, "params": {"C": 58833.69833912234, "gamma": 0.031683788437187596}, "datetime": {"datetime": "2021-10-04 12:27:21", "elapsed": 18.385094, "delta": 0.474191}}
{"target": -2.477047880939011, "params": {"C": 85188.19701941972, "gamma": 0.2317013180830977}, "datetime": {"datetime": "2021-10-04 12:27:22", "elapsed": 18.791165, "delta": 0.406071}}
{"target": -2.5567067693147827, "params": {"C": 89450.22510778173, "gamma": 0.2741606718696173}, "datetime": {"datetime": "2021-10-04 12:27:22", "elapsed": 19.241844, "delta": 0.450679}}
{"target": -2.3847882739274935, "params": {"C": 30631.986473171437, "gamma": 0.1886414395764497}, "datetime": {"datetime": "2021-10-04 12:27:23", "elapsed": 19.695124, "delta": 0.45328}}
{"target": -2.2528223287641156, "params": {"C": 44071.901769253884, "gamma": 0.12326013367016224}, "datetime": {"datetime": "2021-10-04 12:27:23", "elapsed": 20.167413, "delta": 0.472289}}
{"target": -2.287724601271126, "params": {"C": 66430.3314803694, "gamma": 0.12409412108904758}, "datetime": {"datetime": "2021-10-04 12:27:24", "elapsed": 20.569659, "delta": 0.402246}}
{"target": -2.4763231655929214, "params": {"C": 86329.8308661213, "gamma": 0.230899729501258}, "datetime": {"datetime": "2021-10-04 12:27:24", "elapsed": 20.977658, "delta": 0.407999}}
{"target": -2.277243122875116, "params": {"C": 30799.45243056292, "gamma": 0.01851005498212465}, "datetime": {"datetime": "2021-10-04 12:27:24", "elapsed": 21.420383, "delta": 0.442725}}
