{"target": 0.06567835419142987, "params": {"C": 39.642878341928174, "gamma": 0.11822667208322524}, "datetime": {"datetime": "2021-10-04 08:56:18", "elapsed": 204.559163, "delta": 1.916368}}
{"target": 0.0267422356885596, "params": {"C": 28.51693320988064, "gamma": 0.09829176506772487}, "datetime": {"datetime": "2021-10-04 08:56:19", "elapsed": 205.776755, "delta": 1.217592}}
{"target": 0.17079483118414018, "params": {"C": 87.8787153372346, "gamma": 0.17500778302844155}, "datetime": {"datetime": "2021-10-04 08:56:21", "elapsed": 207.206889, "delta": 1.430134}}
{"target": 0.22692148672227397, "params": {"C": 89.49618840513943, "gamma": 0.13705055892679652}, "datetime": {"datetime": "2021-10-04 08:56:22", "elapsed": 208.745975, "delta": 1.539086}}
{"target": 0.4352917556895727, "params": {"C": 89.51065034980799, "gamma": 0.01063065241158451}, "datetime": {"datetime": "2021-10-04 08:56:24", "elapsed": 210.453521, "delta": 1.707546}}
{"target": 0.3665469066265816, "params": {"C": 79.04682581196586, "gamma": 0.006400095166607017}, "datetime": {"datetime": "2021-10-04 08:56:26", "elapsed": 212.442677, "delta": 1.989156}}
{"target": 0.35357460274165897, "params": {"C": 79.11778969110591, "gamma": 0.06103063366236794}, "datetime": {"datetime": "2021-10-04 08:56:28", "elapsed": 214.332947, "delta": 1.89027}}
{"target": 0.06301480579691854, "params": {"C": 87.04495320447208, "gamma": 0.2906179653142716}, "datetime": {"datetime": "2021-10-04 08:56:29", "elapsed": 215.629997, "delta": 1.29705}}
{"target": 0.4456709905313876, "params": {"C": 90.8769037051276, "gamma": 0.036230437661525776}, "datetime": {"datetime": "2021-10-04 08:56:31", "elapsed": 217.19503, "delta": 1.565033}}
{"target": 0.43529584791094533, "params": {"C": 90.99375773002222, "gamma": 0.040767135404446264}, "datetime": {"datetime": "2021-10-04 08:56:32", "elapsed": 218.620238, "delta": 1.425208}}
{"target": 0.24626100173069687, "params": {"C": 90.9506956954384, "gamma": 0.1272752038576339}, "datetime": {"datetime": "2021-10-04 08:56:34", "elapsed": 220.566097, "delta": 1.945859}}
{"target": -0.30448123028562857, "params": {"C": 24.239444860161548, "gamma": 0.49450644583408293}, "datetime": {"datetime": "2021-10-04 08:56:35", "elapsed": 221.69372, "delta": 1.127623}}
{"target": 0.44839187157820404, "params": {"C": 90.94533352732512, "gamma": 0.012209219906951544}, "datetime": {"datetime": "2021-10-04 08:56:37", "elapsed": 223.163156, "delta": 1.469436}}
{"target": 0.36666263806059274, "params": {"C": 91.09291890507953, "gamma": 0.06817800784757945}, "datetime": {"datetime": "2021-10-04 08:56:38", "elapsed": 224.949084, "delta": 1.785928}}
{"target": 0.45969207254969413, "params": {"C": 91.17743926962345, "gamma": 0.029622080002754653}, "datetime": {"datetime": "2021-10-04 08:56:40", "elapsed": 226.452119, "delta": 1.503035}}
{"target": 0.36331445649037264, "params": {"C": 91.28240346991905, "gamma": 0.06974564242065412}, "datetime": {"datetime": "2021-10-04 08:56:42", "elapsed": 228.561525, "delta": 2.109406}}
{"target": -0.10520565028051676, "params": {"C": 53.18229351774059, "gamma": 0.39496545799043015}, "datetime": {"datetime": "2021-10-04 08:56:43", "elapsed": 229.772335, "delta": 1.21081}}
{"target": -0.06495285889010094, "params": {"C": 46.86366824243803, "gamma": 0.27510001886229984}, "datetime": {"datetime": "2021-10-04 08:56:45", "elapsed": 230.992967, "delta": 1.220632}}
{"target": 0.30990025714808733, "params": {"C": 91.18285682905312, "gamma": 0.09332201670172091}, "datetime": {"datetime": "2021-10-04 08:56:46", "elapsed": 232.654964, "delta": 1.661997}}
{"target": 0.4688173053243807, "params": {"C": 91.36240851883211, "gamma": 0.02060367769386653}, "datetime": {"datetime": "2021-10-04 08:56:48", "elapsed": 234.649299, "delta": 1.994335}}
{"target": 0.34941249534775565, "params": {"C": 91.44134811039883, "gamma": 0.07575384492160821}, "datetime": {"datetime": "2021-10-04 08:56:50", "elapsed": 236.493487, "delta": 1.844188}}
{"target": 0.24637982454173946, "params": {"C": 91.35601412193009, "gamma": 0.12783564538106845}, "datetime": {"datetime": "2021-10-04 08:56:52", "elapsed": 238.523664, "delta": 2.030177}}
{"target": -0.1271460054793172, "params": {"C": 42.50025692592619, "gamma": 0.3426412282483401}, "datetime": {"datetime": "2021-10-04 09:10:36", "elapsed": 1062.779818, "delta": 824.256154}}
{"target": -0.310595957605847, "params": {"C": 21.240772723420225, "gamma": 0.4390709064518336}, "datetime": {"datetime": "2021-10-04 09:10:37", "elapsed": 1062.996025, "delta": 0.216207}}
{"target": -0.5301384976639341, "params": {"C": 3.71137172659469, "gamma": 0.3352667083381833}, "datetime": {"datetime": "2021-10-04 09:10:37", "elapsed": 1063.21222, "delta": 0.216195}}
{"target": -0.09034265378211903, "params": {"C": 42.31317543434557, "gamma": 0.2793890452400313}, "datetime": {"datetime": "2021-10-04 09:10:37", "elapsed": 1063.412813, "delta": 0.200593}}
{"target": -0.12078606905475064, "params": {"C": 14.898306920928142, "gamma": 0.0991309343935309}, "datetime": {"datetime": "2021-10-04 09:10:37", "elapsed": 1063.613374, "delta": 0.200561}}
{"target": 0.23446501327469582, "params": {"C": 57.68606850912606, "gamma": 0.07966098321170015}, "datetime": {"datetime": "2021-10-04 09:10:38", "elapsed": 1064.628217, "delta": 1.014843}}
{"target": 0.46291422734912147, "params": {"C": 91.54395229265407, "gamma": 0.028129021676179488}, "datetime": {"datetime": "2021-10-04 09:10:40", "elapsed": 1066.343228, "delta": 1.715011}}
{"target": 0.2874378630171861, "params": {"C": 91.45907689278297, "gamma": 0.00263799405851722}, "datetime": {"datetime": "2021-10-04 09:10:41", "elapsed": 1067.530408, "delta": 1.18718}}
{"target": 0.29198337836062216, "params": {"C": 91.57820977247559, "gamma": 0.10268669404435457}, "datetime": {"datetime": "2021-10-04 09:10:42", "elapsed": 1068.835453, "delta": 1.305045}}
{"target": 0.4623713987850172, "params": {"C": 91.2455980592125, "gamma": 0.015575046370896897}, "datetime": {"datetime": "2021-10-04 09:10:44", "elapsed": 1070.401472, "delta": 1.566019}}
{"target": -0.10923327618253009, "params": {"C": 91.62168881292025, "gamma": 0.0003087242961156499}, "datetime": {"datetime": "2021-10-04 09:10:45", "elapsed": 1071.778523, "delta": 1.377051}}
{"target": 0.18348318078024684, "params": {"C": 50.15895466681625, "gamma": 0.08734616910153124}, "datetime": {"datetime": "2021-10-04 09:10:47", "elapsed": 1073.863186, "delta": 2.084663}}
{"target": -0.1981106125761385, "params": {"C": 8.962491615101044, "gamma": 0.08453390485198332}, "datetime": {"datetime": "2021-10-04 09:10:48", "elapsed": 1074.860479, "delta": 0.997293}}
{"target": 0.453404655228996, "params": {"C": 91.062003332655, "gamma": 0.013151668064150449}, "datetime": {"datetime": "2021-10-04 09:10:50", "elapsed": 1076.495583, "delta": 1.635104}}
{"target": 0.195362047439269, "params": {"C": 91.49562049692237, "gamma": 0.1629812352510793}, "datetime": {"datetime": "2021-10-04 09:10:51", "elapsed": 1077.775051, "delta": 1.279468}}
{"target": -0.37467795021469796, "params": {"C": 89.25334784934219, "gamma": 0.0001}, "datetime": {"datetime": "2021-10-04 09:10:53", "elapsed": 1079.885574, "delta": 2.110523}}
{"target": 0.1684883656948577, "params": {"C": 79.15059282213404, "gamma": 0.15756290365184983}, "datetime": {"datetime": "2021-10-04 09:10:55", "elapsed": 1081.740026, "delta": 1.854452}}
{"target": -0.023658485207208813, "params": {"C": 54.50998058588439, "gamma": 0.26437483876930257}, "datetime": {"datetime": "2021-10-04 09:10:56", "elapsed": 1082.778558, "delta": 1.038532}}
{"target": 0.406515873129322, "params": {"C": 89.34287032692093, "gamma": 0.05070913616062177}, "datetime": {"datetime": "2021-10-04 09:10:58", "elapsed": 1084.241056, "delta": 1.462498}}
{"target": 0.30405619366241865, "params": {"C": 39.76720680794602, "gamma": 0.01657997663678632}, "datetime": {"datetime": "2021-10-04 09:10:59", "elapsed": 1085.547635, "delta": 1.306579}}
{"target": 0.39583565029271806, "params": {"C": 91.31828890097773, "gamma": 0.006752396381874265}, "datetime": {"datetime": "2021-10-04 09:11:01", "elapsed": 1087.211109, "delta": 1.663474}}
{"target": 0.1467196220540542, "params": {"C": 91.117841692651, "gamma": 0.0010301267279685831}, "datetime": {"datetime": "2021-10-04 09:11:03", "elapsed": 1089.448896, "delta": 2.237787}}
{"target": 0.11319593728051047, "params": {"C": 39.85800939282933, "gamma": 0.09449752752503117}, "datetime": {"datetime": "2021-10-04 09:11:05", "elapsed": 1090.982809, "delta": 1.533913}}
{"target": 0.17874224157263152, "params": {"C": 38.14981464985263, "gamma": 0.0638281484568492}, "datetime": {"datetime": "2021-10-04 09:11:06", "elapsed": 1092.577423, "delta": 1.594614}}
{"target": 0.22233259380047665, "params": {"C": 65.28167025379612, "gamma": 0.002457563453432319}, "datetime": {"datetime": "2021-10-04 09:11:08", "elapsed": 1094.503106, "delta": 1.925683}}
{"target": 0.3882161988081766, "params": {"C": 96.96769375872073, "gamma": 0.06492239178444303}, "datetime": {"datetime": "2021-10-04 09:11:10", "elapsed": 1095.99976, "delta": 1.496654}}
{"target": 0.13889542109892938, "params": {"C": 65.14503526475383, "gamma": 0.1458471252740826}, "datetime": {"datetime": "2021-10-04 09:11:11", "elapsed": 1097.80863, "delta": 1.80887}}
{"target": 0.4137371131638593, "params": {"C": 89.90749254378999, "gamma": 0.008271136083198334}, "datetime": {"datetime": "2021-10-04 09:11:13", "elapsed": 1099.417685, "delta": 1.609055}}
{"target": 0.34164410816712276, "params": {"C": 73.06352735159521, "gamma": 0.005706471735968091}, "datetime": {"datetime": "2021-10-04 09:11:15", "elapsed": 1101.176796, "delta": 1.759111}}
{"target": 0.3011329440366074, "params": {"C": 87.13240071024576, "gamma": 0.09254115961277905}, "datetime": {"datetime": "2021-10-04 09:11:16", "elapsed": 1102.507841, "delta": 1.331045}}
{"target": 0.17282057391864436, "params": {"C": 88.50857698454791, "gamma": 0.17471673171121024}, "datetime": {"datetime": "2021-10-04 09:11:18", "elapsed": 1104.354476, "delta": 1.846635}}
{"target": 0.2693840033118935, "params": {"C": 89.87586047559705, "gamma": 0.11234589912052295}, "datetime": {"datetime": "2021-10-04 09:11:20", "elapsed": 1106.375862, "delta": 2.021386}}
{"target": 0.45267267442044157, "params": {"C": 87.02252627662402, "gamma": 0.028406713957631922}, "datetime": {"datetime": "2021-10-04 09:11:22", "elapsed": 1108.27777, "delta": 1.901908}}
{"target": 0.2571049919148062, "params": {"C": 86.9538004489851, "gamma": 0.11487249439757855}, "datetime": {"datetime": "2021-10-04 09:11:23", "elapsed": 1109.762074, "delta": 1.484304}}
{"target": 0.43803908372865874, "params": {"C": 86.94186686338607, "gamma": 0.03569189345295288}, "datetime": {"datetime": "2021-10-04 09:11:25", "elapsed": 1111.268023, "delta": 1.505949}}
{"target": 0.41171977570957186, "params": {"C": 86.85916017194268, "gamma": 0.046376132170498574}, "datetime": {"datetime": "2021-10-04 09:11:27", "elapsed": 1113.006267, "delta": 1.738244}}
{"target": 0.4339929977088174, "params": {"C": 86.75670708149813, "gamma": 0.03726724953787257}, "datetime": {"datetime": "2021-10-04 09:11:29", "elapsed": 1115.225365, "delta": 2.219098}}
{"target": 0.44885507019099036, "params": {"C": 86.6813970069006, "gamma": 0.014224594791362328}, "datetime": {"datetime": "2021-10-04 09:11:31", "elapsed": 1117.472305, "delta": 2.24694}}
{"target": 0.2676116569288277, "params": {"C": 86.73293035173084, "gamma": 0.10883563227790512}, "datetime": {"datetime": "2021-10-04 09:11:33", "elapsed": 1119.476737, "delta": 2.004432}}
{"target": 0.42871062754353517, "params": {"C": 86.6164825256784, "gamma": 0.039351525268095086}, "datetime": {"datetime": "2021-10-04 09:11:35", "elapsed": 1121.144989, "delta": 1.668252}}
{"target": 0.40111895770326866, "params": {"C": 86.51329968048995, "gamma": 0.05016910253180348}, "datetime": {"datetime": "2021-10-04 09:11:36", "elapsed": 1122.851404, "delta": 1.706415}}
{"target": 0.19443292493654063, "params": {"C": 86.57196657230811, "gamma": 0.15399066129837088}, "datetime": {"datetime": "2021-10-04 09:11:38", "elapsed": 1124.671959, "delta": 1.820555}}
{"target": 0.1835125360162918, "params": {"C": 77.66576608174246, "gamma": 0.14372089320504844}, "datetime": {"datetime": "2021-10-04 09:11:40", "elapsed": 1126.623243, "delta": 1.951284}}
{"target": 0.3366785015979791, "params": {"C": 86.56262988837463, "gamma": 0.00426330492516658}, "datetime": {"datetime": "2021-10-04 09:11:42", "elapsed": 1128.681055, "delta": 2.057812}}
{"target": 0.43202001187098826, "params": {"C": 86.41707362597398, "gamma": 0.037770100987849074}, "datetime": {"datetime": "2021-10-04 09:11:44", "elapsed": 1130.739457, "delta": 2.058402}}
{"target": 0.22420109600715699, "params": {"C": 86.38815757380584, "gamma": 0.1334786114676088}, "datetime": {"datetime": "2021-10-04 09:11:46", "elapsed": 1132.188197, "delta": 1.44874}}
{"target": 0.3221550130167349, "params": {"C": 92.75253819218281, "gamma": 0.08936139575739523}, "datetime": {"datetime": "2021-10-04 09:11:47", "elapsed": 1133.285315, "delta": 1.097118}}
{"target": 0.38033532243460055, "params": {"C": 86.30320072669946, "gamma": 0.05801963451249465}, "datetime": {"datetime": "2021-10-04 09:11:48", "elapsed": 1134.685826, "delta": 1.400511}}
{"target": 0.20003294149403228, "params": {"C": 86.26572193686368, "gamma": 0.14939269329198387}, "datetime": {"datetime": "2021-10-04 09:11:50", "elapsed": 1136.296328, "delta": 1.610502}}
{"target": 0.44311117758237106, "params": {"C": 86.21528321670958, "gamma": 0.03257175845391848}, "datetime": {"datetime": "2021-10-04 09:11:52", "elapsed": 1138.210629, "delta": 1.914301}}
{"target": -0.25093882200905515, "params": {"C": 26.594192274569995, "gamma": 0.3982380126014162}, "datetime": {"datetime": "2021-10-04 09:11:53", "elapsed": 1139.304523, "delta": 1.093894}}
{"target": -0.012500990417348312, "params": {"C": 39.44667545249312, "gamma": 0.17223430794024375}, "datetime": {"datetime": "2021-10-04 09:11:54", "elapsed": 1140.438955, "delta": 1.134432}}
{"target": 0.37245660762969, "params": {"C": 86.10076730633999, "gamma": 0.06090379385882853}, "datetime": {"datetime": "2021-10-04 09:11:56", "elapsed": 1142.440992, "delta": 2.002037}}
{"target": 0.21523428301924952, "params": {"C": 86.14126595679654, "gamma": 0.1388258958220407}, "datetime": {"datetime": "2021-10-04 09:11:58", "elapsed": 1143.983687, "delta": 1.542695}}
{"target": 0.046872006880174566, "params": {"C": 91.2203137525812, "gamma": 0.33155850560264183}, "datetime": {"datetime": "2021-10-04 09:11:59", "elapsed": 1145.141924, "delta": 1.158237}}
{"target": 0.4547908742072009, "params": {"C": 86.00085112446003, "gamma": 0.02523028943045775}, "datetime": {"datetime": "2021-10-04 09:12:00", "elapsed": 1146.863125, "delta": 1.721201}}
{"target": 0.1209457726778509, "params": {"C": 86.34956730154103, "gamma": 0.0009466755812925317}, "datetime": {"datetime": "2021-10-04 09:12:02", "elapsed": 1148.564401, "delta": 1.701276}}
{"target": 0.234693616037138, "params": {"C": 85.99569584672776, "gamma": 0.12633927128923558}, "datetime": {"datetime": "2021-10-04 09:12:04", "elapsed": 1150.24312, "delta": 1.678719}}
{"target": 0.4565357951819978, "params": {"C": 85.91666327266289, "gamma": 0.018825088850153833}, "datetime": {"datetime": "2021-10-04 09:12:06", "elapsed": 1152.793742, "delta": 2.550622}}
{"target": -0.00917321026397322, "params": {"C": 91.96541191776808, "gamma": 0.44377539716298814}, "datetime": {"datetime": "2021-10-04 09:12:07", "elapsed": 1153.895035, "delta": 1.101293}}
{"target": 0.008685304336824129, "params": {"C": 46.13604597747361, "gamma": 0.18534501835288192}, "datetime": {"datetime": "2021-10-04 09:12:09", "elapsed": 1155.117557, "delta": 1.222522}}
{"target": 0.03291258673085917, "params": {"C": 13.555113482116447, "gamma": 0.03559002128514738}, "datetime": {"datetime": "2021-10-04 09:12:10", "elapsed": 1156.310211, "delta": 1.192654}}
{"target": 0.236860119557329, "params": {"C": 85.83842743759473, "gamma": 0.12478415883387119}, "datetime": {"datetime": "2021-10-04 09:12:12", "elapsed": 1158.059608, "delta": 1.749397}}
{"target": 0.3286461796826141, "params": {"C": 85.84002608321524, "gamma": 0.0040220500621635045}, "datetime": {"datetime": "2021-10-04 09:12:13", "elapsed": 1159.785231, "delta": 1.725623}}
{"target": 0.37397445938428775, "params": {"C": 92.85332583438534, "gamma": 0.06689954375843317}, "datetime": {"datetime": "2021-10-04 09:12:16", "elapsed": 1162.265511, "delta": 2.48028}}
{"target": 0.22976487700035997, "params": {"C": 92.81747011743336, "gamma": 0.14079463703435538}, "datetime": {"datetime": "2021-10-04 09:12:18", "elapsed": 1164.741254, "delta": 2.475743}}
{"target": 0.2916517411398707, "params": {"C": 92.9402888046863, "gamma": 0.10461293655654001}, "datetime": {"datetime": "2021-10-04 09:12:20", "elapsed": 1166.467744, "delta": 1.72649}}
{"target": 0.29579148181411097, "params": {"C": 92.70454802738425, "gamma": 0.002771188731231896}, "datetime": {"datetime": "2021-10-04 09:12:22", "elapsed": 1168.240498, "delta": 1.772754}}
{"target": 0.4481500236837661, "params": {"C": 86.1410355137066, "gamma": 0.014348535929069072}, "datetime": {"datetime": "2021-10-04 09:12:24", "elapsed": 1170.157853, "delta": 1.917355}}
{"target": 0.28933302957624685, "params": {"C": 86.47376348977936, "gamma": 0.0028730265572139676}, "datetime": {"datetime": "2021-10-04 09:12:25", "elapsed": 1171.94558, "delta": 1.787727}}
{"target": 0.1344345908400264, "params": {"C": 92.99103298985209, "gamma": 0.0009403197481086154}, "datetime": {"datetime": "2021-10-04 09:12:28", "elapsed": 1174.031927, "delta": 2.086347}}
{"target": 0.29874953420182226, "params": {"C": 92.63189261430132, "gamma": 0.10058516929799623}, "datetime": {"datetime": "2021-10-04 09:12:29", "elapsed": 1175.7038, "delta": 1.671873}}
{"target": -0.36738759091868944, "params": {"C": 92.57751083877392, "gamma": 0.0001}, "datetime": {"datetime": "2021-10-04 09:12:32", "elapsed": 1178.195202, "delta": 2.491402}}
{"target": 0.3925736328421441, "params": {"C": 86.0594872027762, "gamma": 0.007193297018650156}, "datetime": {"datetime": "2021-10-04 09:12:34", "elapsed": 1180.016437, "delta": 1.821235}}
{"target": -0.10144199346266403, "params": {"C": 40.52471136700333, "gamma": 0.28189229319973963}, "datetime": {"datetime": "2021-10-04 09:12:35", "elapsed": 1181.256312, "delta": 1.239875}}
{"target": 0.4370392150625759, "params": {"C": 77.29438762898688, "gamma": 0.021077098794376296}, "datetime": {"datetime": "2021-10-04 09:12:36", "elapsed": 1182.518482, "delta": 1.26217}}
{"target": 0.12510223976383505, "params": {"C": 92.60106015469185, "gamma": 0.23031862753093357}, "datetime": {"datetime": "2021-10-04 09:12:38", "elapsed": 1184.966119, "delta": 2.447637}}
{"target": -0.00557370811744784, "params": {"C": 97.24964781217855, "gamma": 0.463423510156961}, "datetime": {"datetime": "2021-10-04 09:12:40", "elapsed": 1186.272029, "delta": 1.30591}}
{"target": 0.31934960193360984, "params": {"C": 72.96227455741823, "gamma": 0.004654935238593689}, "datetime": {"datetime": "2021-10-04 09:12:43", "elapsed": 1189.05328, "delta": 2.781251}}
{"target": -0.3995554830076511, "params": {"C": 10.440356199275278, "gamma": 0.344536711224529}, "datetime": {"datetime": "2021-10-04 09:12:44", "elapsed": 1190.327189, "delta": 1.273909}}
{"target": 0.2824666449447749, "params": {"C": 67.08642141101546, "gamma": 0.07437046571868604}, "datetime": {"datetime": "2021-10-04 09:12:45", "elapsed": 1191.592282, "delta": 1.265093}}
{"target": 0.11128143472684027, "params": {"C": 45.48408350214514, "gamma": 0.11095761706705408}, "datetime": {"datetime": "2021-10-04 09:12:46", "elapsed": 1192.88834, "delta": 1.296058}}
{"target": 0.46925998006176384, "params": {"C": 92.8063843799928, "gamma": 0.01742984649043424}, "datetime": {"datetime": "2021-10-04 09:12:49", "elapsed": 1195.880001, "delta": 2.991661}}
{"target": 0.36276503252604586, "params": {"C": 72.83560964478022, "gamma": 0.05070143162081806}, "datetime": {"datetime": "2021-10-04 09:12:52", "elapsed": 1198.599483, "delta": 2.719482}}
{"target": -0.25115776119953925, "params": {"C": 29.660213268314855, "gamma": 0.4538730987537571}, "datetime": {"datetime": "2021-10-04 09:12:53", "elapsed": 1199.881506, "delta": 1.282023}}
{"target": 0.17429973804810017, "params": {"C": 72.8483249769158, "gamma": 0.13976999879138038}, "datetime": {"datetime": "2021-10-04 09:12:56", "elapsed": 1202.391086, "delta": 2.50958}}
{"target": 0.42382081797533155, "params": {"C": 72.7443674578714, "gamma": 0.01762455085453761}, "datetime": {"datetime": "2021-10-04 09:12:58", "elapsed": 1204.748174, "delta": 2.357088}}
{"target": 0.25949288474491405, "params": {"C": 72.67296234581721, "gamma": 0.09237674777673405}, "datetime": {"datetime": "2021-10-04 09:13:01", "elapsed": 1207.479876, "delta": 2.731702}}
{"target": 0.27925422105701325, "params": {"C": 86.45995044990123, "gamma": 0.10240056668790758}, "datetime": {"datetime": "2021-10-04 09:13:03", "elapsed": 1209.975397, "delta": 2.495521}}
{"target": 0.09937461314610352, "params": {"C": 67.1475178339894, "gamma": 0.18212790241168597}, "datetime": {"datetime": "2021-10-04 09:13:06", "elapsed": 1211.980676, "delta": 2.005279}}
{"target": 0.2494831537788833, "params": {"C": 77.64473300271169, "gamma": 0.002416985482599464}, "datetime": {"datetime": "2021-10-04 09:13:07", "elapsed": 1213.271036, "delta": 1.29036}}
{"target": 0.3298135087276156, "params": {"C": 77.69989976046044, "gamma": 0.06878196878651387}, "datetime": {"datetime": "2021-10-04 09:13:09", "elapsed": 1215.267986, "delta": 1.99695}}
{"target": 0.3253698331875535, "params": {"C": 87.05840853149992, "gamma": 0.08139387090132404}, "datetime": {"datetime": "2021-10-04 09:13:11", "elapsed": 1217.242177, "delta": 1.974191}}
{"target": 0.3515613842811264, "params": {"C": 77.71832605985193, "gamma": 0.005696864662431461}, "datetime": {"datetime": "2021-10-04 09:13:13", "elapsed": 1219.700652, "delta": 2.458475}}
