{"target": 0.720953243223545, "params": {"C": 615.210743100138, "gamma": 0.055073478639032676}, "datetime": {"datetime": "2021-10-04 09:20:18", "elapsed": 172.043141, "delta": 1.228528}}
{"target": 0.7688296040646836, "params": {"C": 915.9936822025851, "gamma": 0.051744469098550135}, "datetime": {"datetime": "2021-10-04 09:20:19", "elapsed": 173.480762, "delta": 1.437621}}
{"target": 0.7013335508328344, "params": {"C": 906.7417867842837, "gamma": 0.12371690330484596}, "datetime": {"datetime": "2021-10-04 09:20:20", "elapsed": 174.617277, "delta": 1.136515}}
{"target": 0.6322204832750715, "params": {"C": 615.2780174564112, "gamma": 0.13174485932199795}, "datetime": {"datetime": "2021-10-04 09:20:22", "elapsed": 175.998242, "delta": 1.380965}}
{"target": 0.5663776703413332, "params": {"C": 172.3862874100095, "gamma": 0.034195867209383224}, "datetime": {"datetime": "2021-10-04 09:20:23", "elapsed": 176.940937, "delta": 0.942695}}
{"target": 0.7372788703502868, "params": {"C": 919.738006270646, "gamma": 0.08955846904588075}, "datetime": {"datetime": "2021-10-04 09:20:24", "elapsed": 178.369133, "delta": 1.428196}}
{"target": 0.7380275482030441, "params": {"C": 906.4664867965101, "gamma": 0.08688791383988206}, "datetime": {"datetime": "2021-10-04 09:20:25", "elapsed": 179.543891, "delta": 1.174758}}
{"target": 0.7360376001355815, "params": {"C": 894.38807374148, "gamma": 0.010333299222669002}, "datetime": {"datetime": "2021-10-04 09:20:26", "elapsed": 180.705881, "delta": 1.16199}}
{"target": 0.667874535063178, "params": {"C": 894.2711671430317, "gamma": 0.004842096576324164}, "datetime": {"datetime": "2021-10-04 09:20:28", "elapsed": 182.253176, "delta": 1.547295}}
{"target": 0.6546106864627768, "params": {"C": 586.4543689625855, "gamma": 0.1059667540197557}, "datetime": {"datetime": "2021-10-04 09:20:29", "elapsed": 183.227943, "delta": 0.974767}}
{"target": 0.5409409513101684, "params": {"C": 712.4955959102007, "gamma": 0.002346367386837172}, "datetime": {"datetime": "2021-10-04 09:20:30", "elapsed": 184.500192, "delta": 1.272249}}
{"target": 0.7329917407281004, "params": {"C": 918.961561414222, "gamma": 0.0938272052897387}, "datetime": {"datetime": "2021-10-04 09:20:31", "elapsed": 185.643612, "delta": 1.14342}}
{"target": 0.7391974965675799, "params": {"C": 894.1708014042528, "gamma": 0.08390755139185745}, "datetime": {"datetime": "2021-10-04 09:20:32", "elapsed": 186.814245, "delta": 1.170633}}
{"target": 0.7230942858889237, "params": {"C": 615.075316352525, "gamma": 0.05281815848355637}, "datetime": {"datetime": "2021-10-04 09:20:34", "elapsed": 188.808485, "delta": 1.99424}}
{"target": 0.6792459748753781, "params": {"C": 614.9320057764635, "gamma": 0.0916387341790336}, "datetime": {"datetime": "2021-10-04 09:20:36", "elapsed": 189.938589, "delta": 1.130104}}
{"target": 0.5998671302257579, "params": {"C": 615.0989857614717, "gamma": 0.1613931004434077}, "datetime": {"datetime": "2021-10-04 09:20:37", "elapsed": 191.593473, "delta": 1.654884}}
{"target": 0.7630075702416593, "params": {"C": 894.5171367570655, "gamma": 0.05674326556004754}, "datetime": {"datetime": "2021-10-04 09:20:39", "elapsed": 193.318602, "delta": 1.725129}}
{"target": 0.6561132960932394, "params": {"C": 894.5604501423928, "gamma": 0.16822346476600833}, "datetime": {"datetime": "2021-10-04 09:20:40", "elapsed": 194.582305, "delta": 1.263703}}
{"target": 0.7695044572406396, "params": {"C": 894.6532627952986, "gamma": 0.025805912232919087}, "datetime": {"datetime": "2021-10-04 09:20:42", "elapsed": 196.062284, "delta": 1.479979}}
{"target": 0.7801712281014976, "params": {"C": 978.7075246716922, "gamma": 0.0395143277368394}, "datetime": {"datetime": "2021-10-04 09:20:43", "elapsed": 197.401224, "delta": 1.33894}}
{"target": 0.712125338760412, "params": {"C": 894.6685580476346, "gamma": 0.11107550902124476}, "datetime": {"datetime": "2021-10-04 09:20:45", "elapsed": 198.961649, "delta": 1.560425}}
{"target": 0.7589130006237832, "params": {"C": 894.7147324835668, "gamma": 0.017184131400822537}, "datetime": {"datetime": "2021-10-04 09:20:46", "elapsed": 200.162426, "delta": 1.200777}}
{"target": 0.6768039293576059, "params": {"C": 542.791481310444, "gamma": 0.07862030697730639}, "datetime": {"datetime": "2021-10-04 09:20:47", "elapsed": 201.134158, "delta": 0.971732}}
{"target": 0.7610344587006248, "params": {"C": 894.5836332562448, "gamma": 0.05941656215594361}, "datetime": {"datetime": "2021-10-04 09:20:48", "elapsed": 202.814149, "delta": 1.679991}}
{"target": 0.7450794291177973, "params": {"C": 692.4809206104931, "gamma": 0.04168621821095266}, "datetime": {"datetime": "2021-10-04 09:20:49", "elapsed": 203.810655, "delta": 0.996506}}
{"target": 0.3671113558823249, "params": {"C": 617.4733034017918, "gamma": 0.0006064292106019243}, "datetime": {"datetime": "2021-10-04 09:20:51", "elapsed": 205.05483, "delta": 1.244175}}
{"target": 0.745953821989658, "params": {"C": 692.3760641998181, "gamma": 0.03990038315046366}, "datetime": {"datetime": "2021-10-04 09:20:52", "elapsed": 206.313264, "delta": 1.258434}}
{"target": 0.7702442666218876, "params": {"C": 894.8358768773136, "gamma": 0.0443765894309654}, "datetime": {"datetime": "2021-10-04 09:20:54", "elapsed": 207.957218, "delta": 1.643954}}
{"target": 0.6208760699246973, "params": {"C": 692.4214739875756, "gamma": 0.16097539023617416}, "datetime": {"datetime": "2021-10-04 09:20:55", "elapsed": 209.277912, "delta": 1.320694}}
{"target": 0.6863244634923903, "params": {"C": 894.846597377724, "gamma": 0.13687559823266052}, "datetime": {"datetime": "2021-10-04 09:20:57", "elapsed": 211.063708, "delta": 1.785796}}
{"target": 0.7220759140953565, "params": {"C": 692.5901453095325, "gamma": 0.06861383541237644}, "datetime": {"datetime": "2021-10-04 09:20:58", "elapsed": 212.662562, "delta": 1.598854}}
{"target": 0.6710808151826935, "params": {"C": 692.2584450845087, "gamma": 0.1141483656636105}, "datetime": {"datetime": "2021-10-04 09:21:00", "elapsed": 213.974864, "delta": 1.312302}}
{"target": 0.7322179692925208, "params": {"C": 894.954573182644, "gamma": 0.009694563438372782}, "datetime": {"datetime": "2021-10-04 09:21:01", "elapsed": 215.237157, "delta": 1.262293}}
{"target": 0.7408581546345158, "params": {"C": 978.0730810946192, "gamma": 0.009968446177013967}, "datetime": {"datetime": "2021-10-04 09:21:02", "elapsed": 216.816093, "delta": 1.578936}}
{"target": 0.6917709486886584, "params": {"C": 895.0075498106772, "gamma": 0.13140536840618397}, "datetime": {"datetime": "2021-10-04 09:21:04", "elapsed": 218.472752, "delta": 1.656659}}
{"target": 0.5873179232707997, "params": {"C": 692.6685624719591, "gamma": 0.0033269326612470613}, "datetime": {"datetime": "2021-10-04 09:21:06", "elapsed": 219.994342, "delta": 1.52159}}
{"target": 0.7181688363186369, "params": {"C": 882.102539014442, "gamma": 0.10317800888762864}, "datetime": {"datetime": "2021-10-04 09:21:07", "elapsed": 221.726034, "delta": 1.731692}}
{"target": 0.681087624123564, "params": {"C": 881.991835429788, "gamma": 0.13996856261182025}, "datetime": {"datetime": "2021-10-04 09:21:09", "elapsed": 222.928716, "delta": 1.202682}}
{"target": 0.7762423350952135, "params": {"C": 934.1139835652982, "gamma": 0.036122421391479}, "datetime": {"datetime": "2021-10-04 09:21:10", "elapsed": 223.976598, "delta": 1.047882}}
{"target": 0.7044258688585036, "params": {"C": 934.1090494126381, "gamma": 0.12491027607316224}, "datetime": {"datetime": "2021-10-04 09:21:11", "elapsed": 225.2304, "delta": 1.253802}}
{"target": 0.7425146770235664, "params": {"C": 934.2096024939827, "gamma": 0.010917043051499768}, "datetime": {"datetime": "2021-10-04 09:21:12", "elapsed": 226.58241, "delta": 1.35201}}
{"target": 0.7679824021742019, "params": {"C": 933.9766389186383, "gamma": 0.020732992068940647}, "datetime": {"datetime": "2021-10-04 09:21:14", "elapsed": 228.235793, "delta": 1.653383}}
{"target": 0.4855073066340766, "params": {"C": 332.6744752233636, "gamma": 0.15938884479692447}, "datetime": {"datetime": "2021-10-04 09:21:15", "elapsed": 229.299928, "delta": 1.064135}}
{"target": 0.66122538846472, "params": {"C": 449.5152313863011, "gamma": 0.06919532793374401}, "datetime": {"datetime": "2021-10-04 09:21:16", "elapsed": 230.378147, "delta": 1.078219}}
{"target": 0.7127674430853006, "params": {"C": 978.7226934747781, "gamma": 0.12313023920926779}, "datetime": {"datetime": "2021-10-04 09:21:17", "elapsed": 231.428651, "delta": 1.050504}}
{"target": 0.6909234069345567, "params": {"C": 933.9815167610376, "gamma": 0.13869586825556243}, "datetime": {"datetime": "2021-10-04 09:21:19", "elapsed": 232.964784, "delta": 1.536133}}
{"target": 0.6945048757416649, "params": {"C": 920.184670478011, "gamma": 0.13277839941533717}, "datetime": {"datetime": "2021-10-04 09:21:20", "elapsed": 234.055789, "delta": 1.091005}}
{"target": 0.7570900498709505, "params": {"C": 933.8736140142421, "gamma": 0.07018535609774008}, "datetime": {"datetime": "2021-10-04 09:21:21", "elapsed": 235.72986, "delta": 1.674071}}
{"target": 0.7232876401093586, "params": {"C": 933.760529428845, "gamma": 0.10579245879438279}, "datetime": {"datetime": "2021-10-04 09:21:23", "elapsed": 237.214746, "delta": 1.484886}}
{"target": 0.7403270579740231, "params": {"C": 933.894869570813, "gamma": 0.010499859454637148}, "datetime": {"datetime": "2021-10-04 09:21:24", "elapsed": 238.692126, "delta": 1.47738}}
{"target": 0.7494438539992153, "params": {"C": 934.03035625722, "gamma": 0.012524892601605102}, "datetime": {"datetime": "2021-10-04 09:21:26", "elapsed": 240.612524, "delta": 1.920398}}
{"target": 0.653172842517215, "params": {"C": 926.958290161528, "gamma": 0.17756189584720172}, "datetime": {"datetime": "2021-10-04 09:21:27", "elapsed": 241.794219, "delta": 1.181695}}
{"target": 0.6730881188361784, "params": {"C": 510.32769070430555, "gamma": 0.07442754783236637}, "datetime": {"datetime": "2021-10-04 09:21:29", "elapsed": 243.075762, "delta": 1.281543}}
{"target": 0.5997704312754587, "params": {"C": 214.1373952919677, "gamma": 0.014663351163006405}, "datetime": {"datetime": "2021-10-04 09:21:30", "elapsed": 244.27416, "delta": 1.198398}}
{"target": 0.7298766617490221, "params": {"C": 933.7631367117954, "gamma": 0.0088790411131544}, "datetime": {"datetime": "2021-10-04 09:21:32", "elapsed": 245.887099, "delta": 1.612939}}
{"target": 0.6468614349269949, "params": {"C": 933.8534230872903, "gamma": 0.18588455575019575}, "datetime": {"datetime": "2021-10-04 09:21:33", "elapsed": 247.583993, "delta": 1.696894}}
{"target": 0.7617795642828604, "params": {"C": 933.620375161579, "gamma": 0.06451601556527092}, "datetime": {"datetime": "2021-10-04 09:21:36", "elapsed": 250.016827, "delta": 2.432834}}
{"target": 0.6797656704201758, "params": {"C": 933.5511356226336, "gamma": 0.15022002077520666}, "datetime": {"datetime": "2021-10-04 09:21:38", "elapsed": 251.993681, "delta": 1.976854}}
{"target": 0.7164462710753934, "params": {"C": 934.2257601062731, "gamma": 0.11276778389639687}, "datetime": {"datetime": "2021-10-04 09:21:39", "elapsed": 253.755384, "delta": 1.761703}}
{"target": 0.5168141523506345, "params": {"C": 933.6777093398568, "gamma": 0.0015660175072629793}, "datetime": {"datetime": "2021-10-04 09:21:41", "elapsed": 255.470911, "delta": 1.715527}}
{"target": 0.7751928495843595, "params": {"C": 934.3138944698534, "gamma": 0.04228191895483741}, "datetime": {"datetime": "2021-10-04 09:21:43", "elapsed": 257.155126, "delta": 1.684215}}
{"target": 0.7564515756384738, "params": {"C": 934.3994824995059, "gamma": 0.01471090409404336}, "datetime": {"datetime": "2021-10-04 09:21:45", "elapsed": 259.020228, "delta": 1.865102}}
{"target": 0.7206983866566068, "params": {"C": 934.4437555932034, "gamma": 0.1085078934130551}, "datetime": {"datetime": "2021-10-04 09:21:47", "elapsed": 261.726594, "delta": 2.706366}}
{"target": 0.6512244035057722, "params": {"C": 934.3450470330241, "gamma": 0.18111405335044423}, "datetime": {"datetime": "2021-10-04 09:21:52", "elapsed": 265.865525, "delta": 2.317364}}
{"target": 0.7704644742298897, "params": {"C": 933.4934747437379, "gamma": 0.05227921393141282}, "datetime": {"datetime": "2021-10-04 09:21:53", "elapsed": 267.638236, "delta": 1.772711}}
{"target": 0.6051270807407094, "params": {"C": 459.31555788184846, "gamma": 0.11295761650999811}, "datetime": {"datetime": "2021-10-04 09:21:55", "elapsed": 268.936503, "delta": 1.298267}}
{"target": 0.6660350376035474, "params": {"C": 876.8168259813302, "gamma": 0.15444962826832445}, "datetime": {"datetime": "2021-10-04 09:21:56", "elapsed": 270.458864, "delta": 1.522361}}
{"target": 0.7111673444772941, "params": {"C": 933.3796026122279, "gamma": 0.1179708182057979}, "datetime": {"datetime": "2021-10-04 09:21:59", "elapsed": 272.854645, "delta": 2.395781}}
{"target": 0.6541684519347788, "params": {"C": 974.9967982925324, "gamma": 0.1854030611648604}, "datetime": {"datetime": "2021-10-04 09:22:00", "elapsed": 274.18891, "delta": 1.334265}}
{"target": 0.6610602276657178, "params": {"C": 934.546510423806, "gamma": 0.17035123547961945}, "datetime": {"datetime": "2021-10-04 09:22:02", "elapsed": 276.654718, "delta": 2.465808}}
{"target": 0.3915570982702208, "params": {"C": 185.8214199934116, "gamma": 0.13795773932645236}, "datetime": {"datetime": "2021-10-04 09:22:04", "elapsed": 278.012855, "delta": 1.358137}}
{"target": 0.7492506442324844, "params": {"C": 700.7856491910496, "gamma": 0.03013984379051383}, "datetime": {"datetime": "2021-10-04 09:22:05", "elapsed": 279.382843, "delta": 1.369988}}
{"target": 0.706315111930732, "params": {"C": 504.4007591104104, "gamma": 0.044741037417238026}, "datetime": {"datetime": "2021-10-04 09:22:06", "elapsed": 280.800594, "delta": 1.417751}}
{"target": 0.689285839727801, "params": {"C": 700.8849546467559, "gamma": 0.099656127040847}, "datetime": {"datetime": "2021-10-04 09:22:09", "elapsed": 283.501376, "delta": 2.700782}}
{"target": 0.45917498190768113, "params": {"C": 933.3895308916581, "gamma": 0.0009388959526819946}, "datetime": {"datetime": "2021-10-04 09:22:12", "elapsed": 286.387536, "delta": 2.88616}}
{"target": 0.4764246415984772, "params": {"C": 360.54739334831686, "gamma": 0.18159168473969703}, "datetime": {"datetime": "2021-10-04 09:22:13", "elapsed": 287.76903, "delta": 1.381494}}
{"target": 0.6221679771517501, "params": {"C": 700.7006844519907, "gamma": 0.16170105723415215}, "datetime": {"datetime": "2021-10-04 09:22:16", "elapsed": 289.913072, "delta": 2.144042}}
{"target": 0.7675514204967183, "params": {"C": 906.6086701510338, "gamma": 0.0520865089038732}, "datetime": {"datetime": "2021-10-04 09:22:17", "elapsed": 291.177838, "delta": 1.264766}}
{"target": 0.7530753702850634, "params": {"C": 933.5521127179878, "gamma": 0.07470686463950339}, "datetime": {"datetime": "2021-10-04 09:22:19", "elapsed": 293.523888, "delta": 2.34605}}
{"target": 0.7700513794858058, "params": {"C": 934.5356266869079, "gamma": 0.022403733018451253}, "datetime": {"datetime": "2021-10-04 09:22:21", "elapsed": 295.722744, "delta": 2.198856}}
{"target": 0.6046431762428705, "params": {"C": 692.6298223568772, "gamma": 0.17731948270078224}, "datetime": {"datetime": "2021-10-04 09:22:23", "elapsed": 297.500158, "delta": 1.777414}}
{"target": 0.586775293669612, "params": {"C": 508.66836229629365, "gamma": 0.1425155630028704}, "datetime": {"datetime": "2021-10-04 09:22:24", "elapsed": 298.786799, "delta": 1.286641}}
{"target": 0.773026578859106, "params": {"C": 934.4816588846346, "gamma": 0.02569435076454875}, "datetime": {"datetime": "2021-10-04 09:22:26", "elapsed": 300.587598, "delta": 1.800799}}
{"target": 0.6315149001857037, "params": {"C": 882.1601022769734, "gamma": 0.1926729305562714}, "datetime": {"datetime": "2021-10-04 09:22:28", "elapsed": 302.373109, "delta": 1.785511}}
{"target": 0.5929391858924672, "params": {"C": 538.9137037052603, "gamma": 0.1461715460397044}, "datetime": {"datetime": "2021-10-04 09:22:29", "elapsed": 303.692053, "delta": 1.318944}}
{"target": 0.654172683905558, "params": {"C": 882.2252113760987, "gamma": 0.004399756794279535}, "datetime": {"datetime": "2021-10-04 09:22:31", "elapsed": 305.558495, "delta": 1.866442}}
{"target": 0.6553633868128536, "params": {"C": 597.6417396187732, "gamma": 0.006287693191214732}, "datetime": {"datetime": "2021-10-04 09:22:33", "elapsed": 307.467669, "delta": 1.909174}}
{"target": 0.4928947091948256, "params": {"C": 286.514331399379, "gamma": 0.13043980720217238}, "datetime": {"datetime": "2021-10-04 09:22:34", "elapsed": 308.715037, "delta": 1.247368}}
{"target": 0.7712949197148329, "params": {"C": 934.6181362884946, "gamma": 0.05106980517124177}, "datetime": {"datetime": "2021-10-04 09:22:37", "elapsed": 311.010615, "delta": 2.295578}}
{"target": 0.6905073682898185, "params": {"C": 934.6700254982942, "gamma": 0.13923760449495645}, "datetime": {"datetime": "2021-10-04 09:22:39", "elapsed": 313.22472, "delta": 2.214105}}
{"target": 0.6351303259592662, "params": {"C": 933.3412754542718, "gamma": 0.1991035509112529}, "datetime": {"datetime": "2021-10-04 09:22:41", "elapsed": 315.452967, "delta": 2.228247}}
{"target": 0.7349793549898831, "params": {"C": 703.8542601188849, "gamma": 0.015095763098156623}, "datetime": {"datetime": "2021-10-04 09:22:42", "elapsed": 316.803302, "delta": 1.350335}}
{"target": 0.7253889719387746, "params": {"C": 703.9564184027784, "gamma": 0.01218318635925417}, "datetime": {"datetime": "2021-10-04 09:22:45", "elapsed": 319.537178, "delta": 2.733876}}
{"target": 0.5393943398187797, "params": {"C": 458.28058884844654, "gamma": 0.16726988466162349}, "datetime": {"datetime": "2021-10-04 09:22:47", "elapsed": 320.838489, "delta": 1.301311}}
{"target": 0.6708984337011275, "params": {"C": 703.9396071468101, "gamma": 0.11663087046461029}, "datetime": {"datetime": "2021-10-04 09:22:49", "elapsed": 323.233269, "delta": 2.39478}}
{"target": 0.6941772723080998, "params": {"C": 703.7453673304356, "gamma": 0.09584922756367521}, "datetime": {"datetime": "2021-10-04 09:22:51", "elapsed": 325.18817, "delta": 1.954901}}
{"target": 0.7646525150939458, "params": {"C": 934.718121967219, "gamma": 0.018490686402474407}, "datetime": {"datetime": "2021-10-04 09:22:54", "elapsed": 328.163043, "delta": 2.974873}}
{"target": 0.6871095066842632, "params": {"C": 714.2712807193946, "gamma": 0.10407746079072028}, "datetime": {"datetime": "2021-10-04 09:22:55", "elapsed": 329.564306, "delta": 1.401263}}
{"target": 0.7524901193178112, "params": {"C": 934.8269333608089, "gamma": 0.0755381619121338}, "datetime": {"datetime": "2021-10-04 09:22:58", "elapsed": 331.895888, "delta": 2.331582}}
{"target": 0.7724903028057125, "params": {"C": 934.9164489349245, "gamma": 0.0489290761204437}, "datetime": {"datetime": "2021-10-04 09:23:00", "elapsed": 333.865456, "delta": 1.969568}}
{"target": 0.41233927553269945, "params": {"C": 183.3129955191938, "gamma": 0.0031782250064721442}, "datetime": {"datetime": "2021-10-04 09:23:01", "elapsed": 335.299513, "delta": 1.434057}}
{"target": 0.7093809359204151, "params": {"C": 934.905021168242, "gamma": 0.12001007031802266}, "datetime": {"datetime": "2021-10-04 09:23:03", "elapsed": 337.400304, "delta": 2.100791}}
{"target": 0.7634868459445379, "params": {"C": 935.0238061038964, "gamma": 0.06256456058003419}, "datetime": {"datetime": "2021-10-04 09:23:05", "elapsed": 339.277638, "delta": 1.877334}}
{"target": 0.4378045253800914, "params": {"C": 934.8331505367983, "gamma": 0.0007629576767396683}, "datetime": {"datetime": "2021-10-04 09:23:08", "elapsed": 341.976601, "delta": 2.698963}}
{"target": 0.7070663424432019, "params": {"C": 934.787957155896, "gamma": 0.12233664569317511}, "datetime": {"datetime": "2021-10-04 09:23:11", "elapsed": 345.439477, "delta": 3.462876}}
{"target": 0.6753555343484456, "params": {"C": 935.0753488780839, "gamma": 0.15512533880971793}, "datetime": {"datetime": "2021-10-04 09:23:13", "elapsed": 347.585381, "delta": 2.145904}}
{"target": 0.7505716696384259, "params": {"C": 934.9705612695851, "gamma": 0.07767172561413459}, "datetime": {"datetime": "2021-10-04 09:23:15", "elapsed": 349.745317, "delta": 2.159936}}
{"target": 0.7735960479866969, "params": {"C": 935.1620788196932, "gamma": 0.046701862380196406}, "datetime": {"datetime": "2021-10-04 09:23:18", "elapsed": 352.091025, "delta": 2.345708}}
{"target": 0.7143510324756969, "params": {"C": 935.2717766710338, "gamma": 0.1150402266909664}, "datetime": {"datetime": "2021-10-04 09:23:20", "elapsed": 354.499023, "delta": 2.407998}}
{"target": 0.7675488071169945, "params": {"C": 935.06775134384, "gamma": 0.020347128102692253}, "datetime": {"datetime": "2021-10-04 09:23:22", "elapsed": 356.24246, "delta": 1.743437}}
{"target": 0.7531123366125444, "params": {"C": 935.1062783466676, "gamma": 0.0748852377095978}, "datetime": {"datetime": "2021-10-04 09:23:24", "elapsed": 358.083899, "delta": 1.841439}}
{"target": 0.634178169625715, "params": {"C": 504.27505668495, "gamma": 0.1027743047945963}, "datetime": {"datetime": "2021-10-04 09:23:26", "elapsed": 359.990018, "delta": 1.906119}}
{"target": 0.5505399189914635, "params": {"C": 934.9689468889445, "gamma": 0.0020264933520585237}, "datetime": {"datetime": "2021-10-04 09:23:27", "elapsed": 361.82802, "delta": 1.838002}}
{"target": 0.5979968989112814, "params": {"C": 895.0417585039168, "gamma": 0.0029226970826111997}, "datetime": {"datetime": "2021-10-04 09:23:29", "elapsed": 363.635234, "delta": 1.807214}}
{"target": 0.7663843348395252, "params": {"C": 882.0206168849818, "gamma": 0.023377195871087938}, "datetime": {"datetime": "2021-10-04 09:23:31", "elapsed": 365.245872, "delta": 1.610638}}
{"target": 0.7563789941555035, "params": {"C": 894.7637198626754, "gamma": 0.06524387711416818}, "datetime": {"datetime": "2021-10-04 09:23:33", "elapsed": 367.05682, "delta": 1.810948}}
{"target": 0.7707899027324556, "params": {"C": 881.9451151342697, "gamma": 0.037703615365515794}, "datetime": {"datetime": "2021-10-04 09:23:35", "elapsed": 369.21009, "delta": 2.15327}}
