{"target": -40.92264211361841, "params": {"C": 41.70803025021037, "gamma": 7.20352460992814}, "datetime": {"datetime": "2021-06-28 15:26:47", "elapsed": 0.0, "delta": 0.0}}
{"target": -41.517106046955334, "params": {"C": 0.021436337986315217, "gamma": 3.024023393745766}, "datetime": {"datetime": "2021-06-28 15:26:47", "elapsed": 0.204145, "delta": 0.204145}}
{"target": -38.42528253571001, "params": {"C": 14.684121522803132, "gamma": 0.9242936090932092}, "datetime": {"datetime": "2021-06-28 15:26:48", "elapsed": 0.435249, "delta": 0.231104}}
{"target": -40.68176636647634, "params": {"C": 18.634158535653313, "gamma": 3.4562617097034343}, "datetime": {"datetime": "2021-06-28 15:26:48", "elapsed": 0.639243, "delta": 0.203994}}
{"target": -40.760920836084, "params": {"C": 39.682779748324684, "gamma": 5.388628523299567}, "datetime": {"datetime": "2021-06-28 15:26:48", "elapsed": 0.850242, "delta": 0.210999}}
{"target": -40.89963532616292, "params": {"C": 41.92525949518544, "gamma": 6.852509784467199}, "datetime": {"datetime": "2021-06-28 15:26:48", "elapsed": 1.051245, "delta": 0.201003}}
{"target": -41.036401822776476, "params": {"C": 20.45318045065443, "gamma": 8.781296246473064}, "datetime": {"datetime": "2021-06-28 15:26:48", "elapsed": 1.280244, "delta": 0.228999}}
{"target": -41.38811618017743, "params": {"C": 2.7484854438606368, "gamma": 6.705004634273845}, "datetime": {"datetime": "2021-06-28 15:26:49", "elapsed": 1.490243, "delta": 0.209999}}
{"target": -40.78158462435102, "params": {"C": 41.73630718868902, "gamma": 5.587339594629071}, "datetime": {"datetime": "2021-06-28 15:26:49", "elapsed": 1.696008, "delta": 0.205765}}
{"target": -40.27181238574602, "params": {"C": 14.047289990137424, "gamma": 1.981816789359703}, "datetime": {"datetime": "2021-06-28 15:26:49", "elapsed": 1.90601, "delta": 0.210002}}
{"target": -41.2597437691964, "params": {"C": 80.07644942186691, "gamma": 9.682647495618255}, "datetime": {"datetime": "2021-06-28 15:26:49", "elapsed": 2.128452, "delta": 0.222442}}
{"target": -40.91531674031521, "params": {"C": 31.349283574142692, "gamma": 6.923533834077472}, "datetime": {"datetime": "2021-06-28 15:26:49", "elapsed": 2.374452, "delta": 0.246}}
{"target": -41.282859432535865, "params": {"C": 87.64015133808087, "gamma": 8.946172028374969}, "datetime": {"datetime": "2021-06-28 15:26:50", "elapsed": 2.611454, "delta": 0.237002}}
{"target": -36.85391196909053, "params": {"C": 8.513570694864093, "gamma": 0.39150877754559077}, "datetime": {"datetime": "2021-06-28 15:26:50", "elapsed": 2.854452, "delta": 0.242998}}
{"target": -41.070752081784754, "params": {"C": 16.991343652261246, "gamma": 8.781546891790702}, "datetime": {"datetime": "2021-06-28 15:26:50", "elapsed": 3.105458, "delta": 0.251006}}
{"target": -41.05135120953959, "params": {"C": 9.843699914966678, "gamma": 4.211655142425517}, "datetime": {"datetime": "2021-06-28 15:26:50", "elapsed": 3.312449, "delta": 0.206991}}
{"target": -40.89021517063345, "params": {"C": 95.78937411974869, "gamma": 5.332119684445198}, "datetime": {"datetime": "2021-06-28 15:26:51", "elapsed": 3.547458, "delta": 0.235009}}
{"target": -39.960873427626495, "params": {"C": 69.19079262390784, "gamma": 3.1558407944296234}, "datetime": {"datetime": "2021-06-28 15:26:51", "elapsed": 3.774451, "delta": 0.226993}}
{"target": -41.10894322901953, "params": {"C": 68.65322775888156, "gamma": 8.346422093301832}, "datetime": {"datetime": "2021-06-28 15:26:51", "elapsed": 4.008065, "delta": 0.233614}}
{"target": -41.431132570503074, "params": {"C": 1.8386448516457385, "gamma": 7.50169300513473}, "datetime": {"datetime": "2021-06-28 15:26:51", "elapsed": 4.235607, "delta": 0.227542}}
{"target": -38.658379722915114, "params": {"C": 7.872501320386025, "gamma": 0.001}, "datetime": {"datetime": "2021-06-28 15:26:52", "elapsed": 4.716352, "delta": 0.480745}}
{"target": -34.421418517811624, "params": {"C": 8.966997177535752, "gamma": 0.20612513873163416}, "datetime": {"datetime": "2021-06-28 15:26:52", "elapsed": 5.109352, "delta": 0.393}}
{"target": -35.63939293456666, "params": {"C": 9.12860279937095, "gamma": 0.0022819920151124283}, "datetime": {"datetime": "2021-06-28 15:26:53", "elapsed": 5.416051, "delta": 0.306699}}
{"target": -36.50061488381857, "params": {"C": 9.154793216943528, "gamma": 0.37652944179681286}, "datetime": {"datetime": "2021-06-28 15:26:53", "elapsed": 5.778051, "delta": 0.362}}
{"target": -35.05145977975118, "params": {"C": 8.965115383247273, "gamma": 0.2458126570123179}, "datetime": {"datetime": "2021-06-28 15:26:53", "elapsed": 6.109831, "delta": 0.33178}}
{"target": -30.895563210905507, "params": {"C": 8.988365223189174, "gamma": 0.07289227779274289}, "datetime": {"datetime": "2021-06-28 15:26:54", "elapsed": 6.47283, "delta": 0.362999}}
{"target": -31.90048468094851, "params": {"C": 8.896814374349905, "gamma": 0.09946340787929905}, "datetime": {"datetime": "2021-06-28 15:26:54", "elapsed": 6.835415, "delta": 0.362585}}
{"target": -34.32249322481208, "params": {"C": 9.114287272760167, "gamma": 0.20378753953533826}, "datetime": {"datetime": "2021-06-28 15:26:54", "elapsed": 7.141418, "delta": 0.306003}}
{"target": -29.279748517789162, "params": {"C": 8.959525527174518, "gamma": 0.02145096153440593}, "datetime": {"datetime": "2021-06-28 15:26:55", "elapsed": 7.482425, "delta": 0.341007}}
{"target": -40.88518950276099, "params": {"C": 14.8530000298682, "gamma": 4.067430140759853}, "datetime": {"datetime": "2021-06-28 15:26:55", "elapsed": 7.830416, "delta": 0.347991}}
{"target": -30.132824733757644, "params": {"C": 8.960573783896184, "gamma": 0.053895257315085994}, "datetime": {"datetime": "2021-06-28 15:26:55", "elapsed": 8.191366, "delta": 0.36095}}
{"target": -40.0534512329973, "params": {"C": 33.92649652673177, "gamma": 2.7496644571410185}, "datetime": {"datetime": "2021-06-28 15:26:56", "elapsed": 8.503375, "delta": 0.312009}}
{"target": -36.79467672067426, "params": {"C": 8.8460217843678, "gamma": 0.3976427918764739}, "datetime": {"datetime": "2021-06-28 15:26:56", "elapsed": 8.895389, "delta": 0.392014}}
{"target": -40.49772195420252, "params": {"C": 90.97816413587765, "gamma": 4.1612601193922405}, "datetime": {"datetime": "2021-06-28 15:26:56", "elapsed": 9.249368, "delta": 0.353979}}
{"target": -34.91446542319422, "params": {"C": 8.782673176307727, "gamma": 0.23188078161305983}, "datetime": {"datetime": "2021-06-28 15:26:57", "elapsed": 9.61595, "delta": 0.366582}}
{"target": -35.634146106158724, "params": {"C": 8.823377037805681, "gamma": 0.28520204960711887}, "datetime": {"datetime": "2021-06-28 15:26:57", "elapsed": 10.020335, "delta": 0.404385}}
{"target": -34.48567267172393, "params": {"C": 8.64886278634327, "gamma": 0.20245117575579166}, "datetime": {"datetime": "2021-06-28 15:26:57", "elapsed": 10.367129, "delta": 0.346794}}
{"target": -35.17433653865649, "params": {"C": 8.495027512789084, "gamma": 0.2415800329751271}, "datetime": {"datetime": "2021-06-28 15:26:58", "elapsed": 10.750129, "delta": 0.383}}
{"target": -41.01491128112406, "params": {"C": 21.95616609602122, "gamma": 8.328429570807826}, "datetime": {"datetime": "2021-06-28 15:26:58", "elapsed": 11.189134, "delta": 0.439005}}
{"target": -40.981523848907344, "params": {"C": 51.03938957777196, "gamma": 7.785724245337624}, "datetime": {"datetime": "2021-06-28 15:26:59", "elapsed": 11.529137, "delta": 0.340003}}
{"target": -33.621880569382505, "params": {"C": 8.575174789195616, "gamma": 0.15731915042172945}, "datetime": {"datetime": "2021-06-28 15:26:59", "elapsed": 11.898749, "delta": 0.369612}}
{"target": -30.723745153053628, "params": {"C": 8.983643637370944, "gamma": 0.009090664292020514}, "datetime": {"datetime": "2021-06-28 15:26:59", "elapsed": 12.325982, "delta": 0.427233}}
{"target": -32.60964268568154, "params": {"C": 8.657395371540986, "gamma": 0.11897953845191592}, "datetime": {"datetime": "2021-06-28 15:27:00", "elapsed": 12.833981, "delta": 0.507999}}
{"target": -40.66762097507268, "params": {"C": 46.14963540072418, "gamma": 4.88031097021141}, "datetime": {"datetime": "2021-06-28 15:27:00", "elapsed": 13.173998, "delta": 0.340017}}
{"target": -33.715383786266905, "params": {"C": 8.461569099786159, "gamma": 0.15931093742080882}, "datetime": {"datetime": "2021-06-28 15:27:01", "elapsed": 13.663981, "delta": 0.489983}}
{"target": -35.94202917933179, "params": {"C": 8.412760191568694, "gamma": 0.29780204495187884}, "datetime": {"datetime": "2021-06-28 15:27:01", "elapsed": 14.056603, "delta": 0.392622}}
{"target": -31.902581071380947, "params": {"C": 9.042476762829788, "gamma": 0.10142525348196504}, "datetime": {"datetime": "2021-06-28 15:27:02", "elapsed": 14.524341, "delta": 0.467738}}
{"target": -29.365859634537443, "params": {"C": 9.188452683731967, "gamma": 0.036470075589783914}, "datetime": {"datetime": "2021-06-28 15:27:02", "elapsed": 14.957313, "delta": 0.432972}}
{"target": -35.21429092389513, "params": {"C": 8.66424693866375, "gamma": 0.2490155212821542}, "datetime": {"datetime": "2021-06-28 15:27:02", "elapsed": 15.321348, "delta": 0.364035}}
{"target": -32.7680649711778, "params": {"C": 8.848310339977907, "gamma": 0.12756717230151712}, "datetime": {"datetime": "2021-06-28 15:27:03", "elapsed": 15.657978, "delta": 0.33663}}
{"target": -29.61661594358425, "params": {"C": 9.229627314688544, "gamma": 0.014073719035825515}, "datetime": {"datetime": "2021-06-28 15:27:03", "elapsed": 15.995977, "delta": 0.337999}}
{"target": -33.8872092470028, "params": {"C": 9.162104957899066, "gamma": 0.18144267147108095}, "datetime": {"datetime": "2021-06-28 15:27:04", "elapsed": 16.427874, "delta": 0.431897}}
{"target": -30.807009312566887, "params": {"C": 9.171060021396206, "gamma": 0.07263719678975844}, "datetime": {"datetime": "2021-06-28 15:27:04", "elapsed": 16.846631, "delta": 0.418757}}
{"target": -40.6909321672163, "params": {"C": 89.52374685977819, "gamma": 4.704411382643942}, "datetime": {"datetime": "2021-06-28 15:27:04", "elapsed": 17.182638, "delta": 0.336007}}
{"target": -29.770212912257875, "params": {"C": 8.915646720924704, "gamma": 0.044447322538164094}, "datetime": {"datetime": "2021-06-28 15:27:05", "elapsed": 17.547671, "delta": 0.365033}}
{"target": -41.03120586099727, "params": {"C": 2.7999240341382627, "gamma": 1.3829125669326674}, "datetime": {"datetime": "2021-06-28 15:27:05", "elapsed": 18.004634, "delta": 0.456963}}
{"target": -29.348388322146164, "params": {"C": 8.804421285007837, "gamma": 0.02905581305877568}, "datetime": {"datetime": "2021-06-28 15:27:06", "elapsed": 18.410452, "delta": 0.405818}}
{"target": -41.25291316060626, "params": {"C": 88.23395975491617, "gamma": 8.402862000431732}, "datetime": {"datetime": "2021-06-28 15:27:06", "elapsed": 18.851445, "delta": 0.440993}}
{"target": -32.86904288291609, "params": {"C": 9.160314720846015, "gamma": 0.1362953281791499}, "datetime": {"datetime": "2021-06-28 15:27:06", "elapsed": 19.226449, "delta": 0.375004}}
{"target": -41.22864909278313, "params": {"C": 6.272648992074027, "gamma": 5.274536704286818}, "datetime": {"datetime": "2021-06-28 15:27:07", "elapsed": 19.610082, "delta": 0.383633}}
{"target": -40.87301246593627, "params": {"C": 34.33437150411505, "gamma": 6.3932036472527285}, "datetime": {"datetime": "2021-06-28 15:27:07", "elapsed": 19.966082, "delta": 0.356}}
{"target": -39.22955169505007, "params": {"C": 72.72448776191715, "gamma": 2.415442767442415}, "datetime": {"datetime": "2021-06-28 15:27:07", "elapsed": 20.345922, "delta": 0.37984}}
{"target": -41.167670844836564, "params": {"C": 75.15130346536966, "gamma": 8.587790200468241}, "datetime": {"datetime": "2021-06-28 15:27:08", "elapsed": 20.708534, "delta": 0.362612}}
{"target": -31.190986102471314, "params": {"C": 9.195042302162372, "gamma": 0.08292141459527269}, "datetime": {"datetime": "2021-06-28 15:27:08", "elapsed": 21.089581, "delta": 0.381047}}
{"target": -41.017601798322225, "params": {"C": 29.264359388075025, "gamma": 9.978085339868343}, "datetime": {"datetime": "2021-06-28 15:27:09", "elapsed": 21.509538, "delta": 0.419957}}
{"target": -29.38847716055995, "params": {"C": 8.711544995567744, "gamma": 0.02892439189057031}, "datetime": {"datetime": "2021-06-28 15:27:09", "elapsed": 21.910248, "delta": 0.40071}}
{"target": -31.33703073522901, "params": {"C": 9.158216971111258, "gamma": 0.0864722766905115}, "datetime": {"datetime": "2021-06-28 15:27:09", "elapsed": 22.326028, "delta": 0.41578}}
{"target": -31.63676952868375, "params": {"C": 8.691382666221207, "gamma": 0.08916431022624019}, "datetime": {"datetime": "2021-06-28 15:27:10", "elapsed": 22.729063, "delta": 0.403035}}
{"target": -32.42840184831848, "params": {"C": 8.633656680730905, "gamma": 0.005682183121320868}, "datetime": {"datetime": "2021-06-28 15:27:10", "elapsed": 23.145025, "delta": 0.415962}}
{"target": -39.84255760968126, "params": {"C": 19.406767778562998, "gamma": 1.8637818827824992}, "datetime": {"datetime": "2021-06-28 15:27:11", "elapsed": 23.528067, "delta": 0.383042}}
{"target": -40.10193721399314, "params": {"C": 56.22730859915051, "gamma": 3.2800834839313744}, "datetime": {"datetime": "2021-06-28 15:27:11", "elapsed": 24.008031, "delta": 0.479964}}
{"target": -38.4322293112103, "params": {"C": 77.65433525280679, "gamma": 1.9632691521919554}, "datetime": {"datetime": "2021-06-28 15:27:12", "elapsed": 24.443475, "delta": 0.435444}}
{"target": -30.041325595169937, "params": {"C": 9.24524207317717, "gamma": 0.05463816491918326}, "datetime": {"datetime": "2021-06-28 15:27:12", "elapsed": 24.892475, "delta": 0.449}}
{"target": -35.33533478796143, "params": {"C": 8.671672857956397, "gamma": 0.25788336979086407}, "datetime": {"datetime": "2021-06-28 15:27:12", "elapsed": 25.270478, "delta": 0.378003}}
{"target": -32.56850981605598, "params": {"C": 8.594281070139335, "gamma": 0.1166109693828202}, "datetime": {"datetime": "2021-06-28 15:27:13", "elapsed": 25.749107, "delta": 0.478629}}
{"target": -41.0092738489505, "params": {"C": 28.89041094588948, "gamma": 9.50090347073714}, "datetime": {"datetime": "2021-06-28 15:27:13", "elapsed": 26.183104, "delta": 0.433997}}
{"target": -30.828474858537984, "params": {"C": 9.276253516821555, "gamma": 0.07431644369200897}, "datetime": {"datetime": "2021-06-28 15:27:14", "elapsed": 26.628175, "delta": 0.445071}}
{"target": -41.02348211132119, "params": {"C": 76.71764052114248, "gamma": 6.7319103271798}, "datetime": {"datetime": "2021-06-28 15:27:14", "elapsed": 27.101177, "delta": 0.473002}}
{"target": -40.92794248418716, "params": {"C": 25.725670569152015, "gamma": 6.641756520061905}, "datetime": {"datetime": "2021-06-28 15:27:15", "elapsed": 27.493176, "delta": 0.391999}}
{"target": -29.69933560301688, "params": {"C": 8.526478103981162, "gamma": 0.037686631446177725}, "datetime": {"datetime": "2021-06-28 15:27:15", "elapsed": 28.034178, "delta": 0.541002}}
{"target": -29.469169627465096, "params": {"C": 9.207525650222056, "gamma": 0.039763793307269306}, "datetime": {"datetime": "2021-06-28 15:27:16", "elapsed": 28.516148, "delta": 0.48197}}
{"target": -30.345789115366355, "params": {"C": 9.295602049401692, "gamma": 0.009878572558930841}, "datetime": {"datetime": "2021-06-28 15:27:16", "elapsed": 28.962148, "delta": 0.446}}
{"target": -30.762080636076934, "params": {"C": 8.530941512453804, "gamma": 0.06448153860538973}, "datetime": {"datetime": "2021-06-28 15:27:16", "elapsed": 29.382145, "delta": 0.419997}}
{"target": -32.120402917148525, "params": {"C": 9.338142600952276, "gamma": 0.11223284616475894}, "datetime": {"datetime": "2021-06-28 15:27:17", "elapsed": 29.860039, "delta": 0.477894}}
{"target": -32.47906794933076, "params": {"C": 8.546820462622305, "gamma": 0.11289183562978398}, "datetime": {"datetime": "2021-06-28 15:27:18", "elapsed": 30.401299, "delta": 0.54126}}
{"target": -40.83750771866894, "params": {"C": 21.332766989891702, "gamma": 4.8098535361375365}, "datetime": {"datetime": "2021-06-28 15:27:18", "elapsed": 30.917855, "delta": 0.516556}}
{"target": -33.28708676049101, "params": {"C": 8.879175083173674, "gamma": 0.1484296101186961}, "datetime": {"datetime": "2021-06-28 15:27:19", "elapsed": 31.450869, "delta": 0.533014}}
{"target": -31.8343539808337, "params": {"C": 8.976942391717087, "gamma": 0.09851623600179847}, "datetime": {"datetime": "2021-06-28 15:27:19", "elapsed": 32.069496, "delta": 0.618627}}
{"target": -29.65649447039467, "params": {"C": 9.30267192546533, "gamma": 0.04578330531676652}, "datetime": {"datetime": "2021-06-28 15:27:20", "elapsed": 32.517432, "delta": 0.447936}}
{"target": -29.103934929551805, "params": {"C": 9.2797923173008, "gamma": 0.024890049062745737}, "datetime": {"datetime": "2021-06-28 15:27:20", "elapsed": 33.082393, "delta": 0.564961}}
{"target": -40.964285008396686, "params": {"C": 26.299496367732285, "gamma": 7.544151868291109}, "datetime": {"datetime": "2021-06-28 15:27:21", "elapsed": 33.505009, "delta": 0.422616}}
{"target": -30.105998463451115, "params": {"C": 8.855140038937565, "gamma": 0.052123167683588593}, "datetime": {"datetime": "2021-06-28 15:27:21", "elapsed": 34.156557, "delta": 0.651548}}
{"target": -41.01951772501381, "params": {"C": 22.319357503769364, "gamma": 8.645677604072475}, "datetime": {"datetime": "2021-06-28 15:27:22", "elapsed": 34.622494, "delta": 0.465937}}
{"target": -40.780612901372656, "params": {"C": 35.30573633458462, "gamma": 5.428010535594208}, "datetime": {"datetime": "2021-06-28 15:27:22", "elapsed": 35.03653, "delta": 0.414036}}
{"target": -32.68691768700716, "params": {"C": 8.443795902220243, "gamma": 0.11837044941253769}, "datetime": {"datetime": "2021-06-28 15:27:23", "elapsed": 35.689542, "delta": 0.653012}}
{"target": -32.20406163365202, "params": {"C": 8.797436562091988, "gamma": 0.10753683897089948}, "datetime": {"datetime": "2021-06-28 15:27:23", "elapsed": 36.203212, "delta": 0.51367}}
{"target": -32.18713906113568, "params": {"C": 8.612483571724, "gamma": 0.1044270722492034}, "datetime": {"datetime": "2021-06-28 15:27:24", "elapsed": 36.746177, "delta": 0.542965}}
{"target": -41.1450423084586, "params": {"C": 80.24742341395387, "gamma": 7.746112052338098}, "datetime": {"datetime": "2021-06-28 15:27:24", "elapsed": 37.217178, "delta": 0.471001}}
{"target": -40.76562144090811, "params": {"C": 68.07941446090064, "gamma": 5.290307021821568}, "datetime": {"datetime": "2021-06-28 15:27:25", "elapsed": 37.65118, "delta": 0.434002}}
{"target": -41.289414352145414, "params": {"C": 82.89536893768322, "gamma": 9.850235389127475}, "datetime": {"datetime": "2021-06-28 15:27:25", "elapsed": 38.158178, "delta": 0.506998}}
{"target": -31.980627849280456, "params": {"C": 9.09362284324959, "gamma": 0.10450195776970288}, "datetime": {"datetime": "2021-06-28 15:27:26", "elapsed": 38.686508, "delta": 0.52833}}
{"target": -30.523280178712103, "params": {"C": 8.782472495083072, "gamma": 0.010184520344005459}, "datetime": {"datetime": "2021-06-28 15:27:26", "elapsed": 39.216509, "delta": 0.530001}}
{"target": -32.84686286041564, "params": {"C": 8.629252870972902, "gamma": 0.1269827164253914}, "datetime": {"datetime": "2021-06-28 15:27:27", "elapsed": 39.706117, "delta": 0.489608}}
{"target": -32.08995312032788, "params": {"C": 9.269735625213393, "gamma": 0.11031940984294304}, "datetime": {"datetime": "2021-06-28 15:27:27", "elapsed": 40.317959, "delta": 0.611842}}
{"target": -29.717754145642374, "params": {"C": 9.187119960448388, "gamma": 0.04609867303646443}, "datetime": {"datetime": "2021-06-28 15:27:28", "elapsed": 40.814591, "delta": 0.496632}}
{"target": -33.038805543894675, "params": {"C": 9.065879584668192, "gamma": 0.14144254807592288}, "datetime": {"datetime": "2021-06-28 15:27:28", "elapsed": 41.34255, "delta": 0.527959}}
{"target": -29.36424056414272, "params": {"C": 8.772633141923146, "gamma": 0.029148026748091894}, "datetime": {"datetime": "2021-06-28 15:27:29", "elapsed": 41.832408, "delta": 0.489858}}
{"target": -33.272870343373704, "params": {"C": 66.69131589385765, "gamma": 0.7140086533179512}, "datetime": {"datetime": "2021-06-28 15:27:29", "elapsed": 42.331513, "delta": 0.499105}}
{"target": -29.139884814735083, "params": {"C": 9.20232516238993, "gamma": 0.023902601881489387}, "datetime": {"datetime": "2021-06-28 15:27:30", "elapsed": 42.843517, "delta": 0.512004}}
{"target": -30.707773062489924, "params": {"C": 8.328674524908326, "gamma": 0.06086544430888913}, "datetime": {"datetime": "2021-06-28 15:27:30", "elapsed": 43.344516, "delta": 0.500999}}
{"target": -41.04116224536105, "params": {"C": 8.58027343568394, "gamma": 3.57039440984055}, "datetime": {"datetime": "2021-06-28 15:27:31", "elapsed": 43.789519, "delta": 0.445003}}
{"target": -40.58792116717822, "params": {"C": 12.42698605930446, "gamma": 2.374620041406498}, "datetime": {"datetime": "2021-06-28 15:27:31", "elapsed": 44.28612, "delta": 0.496601}}
{"target": -30.221993738798147, "params": {"C": 8.53033492381058, "gamma": 0.012253610790037547}, "datetime": {"datetime": "2021-06-28 15:27:32", "elapsed": 44.774012, "delta": 0.487892}}
{"target": -40.896085406555066, "params": {"C": 36.19864007838555, "gamma": 6.780383265847954}, "datetime": {"datetime": "2021-06-28 15:27:32", "elapsed": 45.271008, "delta": 0.496996}}
{"target": -30.80632723784447, "params": {"C": 8.868192921728738, "gamma": 0.06932278519758027}, "datetime": {"datetime": "2021-06-28 15:27:33", "elapsed": 45.823616, "delta": 0.552608}}
{"target": -31.324348319662022, "params": {"C": 8.456064464734629, "gamma": 0.07780935638237461}, "datetime": {"datetime": "2021-06-28 15:27:34", "elapsed": 46.403329, "delta": 0.579713}}
{"target": -29.57530424800703, "params": {"C": 8.329893017744208, "gamma": 0.021552323798263686}, "datetime": {"datetime": "2021-06-28 15:27:34", "elapsed": 46.932956, "delta": 0.529627}}
{"target": -29.613242960441955, "params": {"C": 8.400652635439515, "gamma": 0.03279082234511882}, "datetime": {"datetime": "2021-06-28 15:27:35", "elapsed": 47.479951, "delta": 0.546995}}
