{"target": -4.309765513635894, "params": {"C": 4170.803025021038, "gamma": 0.7203524609928139}, "datetime": {"datetime": "2021-10-04 12:11:17", "elapsed": 0.0, "delta": 0.0}}
{"target": -8.999916141588363, "params": {"C": 2.1436337986315213, "gamma": 0.30240233937457656}, "datetime": {"datetime": "2021-10-04 12:11:17", "elapsed": 0.216186, "delta": 0.216186}}
{"target": -2.8023513222039598, "params": {"C": 1468.4121522803134, "gamma": 0.09242936090932093}, "datetime": {"datetime": "2021-10-04 12:11:18", "elapsed": 0.448019, "delta": 0.231833}}
{"target": -3.695382571810382, "params": {"C": 1863.4158535653314, "gamma": 0.3456261709703434}, "datetime": {"datetime": "2021-10-04 12:11:18", "elapsed": 0.692329, "delta": 0.24431}}
{"target": -3.933800850825957, "params": {"C": 3968.2779748324688, "gamma": 0.5388628523299566}, "datetime": {"datetime": "2021-10-04 12:11:18", "elapsed": 0.909232, "delta": 0.216903}}
{"target": -2.2868389754680045, "params": {"C": 9998.75799995505, "gamma": 0.11977130886476726}, "datetime": {"datetime": "2021-10-04 12:11:18", "elapsed": 1.253519, "delta": 0.344287}}
{"target": -2.5823225392246334, "params": {"C": 9084.77796481937, "gamma": 0.007171863262131101}, "datetime": {"datetime": "2021-10-04 12:11:19", "elapsed": 1.738447, "delta": 0.484928}}
{"target": -4.382822346858832, "params": {"C": 9997.530026031214, "gamma": 0.8603698781872322}, "datetime": {"datetime": "2021-10-04 12:11:19", "elapsed": 2.026705, "delta": 0.288258}}
{"target": -5.071923449461045, "params": {"C": 861.6349082130016, "gamma": 0.7587154684288088}, "datetime": {"datetime": "2021-10-04 12:11:20", "elapsed": 2.317706, "delta": 0.291001}}
{"target": -2.6726509489034895, "params": {"C": 3956.878494185454, "gamma": 0.16154202603743495}, "datetime": {"datetime": "2021-10-04 12:11:20", "elapsed": 2.605908, "delta": 0.288202}}
{"target": -3.4995471986321136, "params": {"C": 8877.08261353403, "gamma": 0.44725552958800957}, "datetime": {"datetime": "2021-10-04 12:11:20", "elapsed": 2.951909, "delta": 0.346001}}
{"target": -3.3635309737600187, "params": {"C": 4323.50939574004, "gamma": 0.3520844190242369}, "datetime": {"datetime": "2021-10-04 12:11:20", "elapsed": 3.255274, "delta": 0.303365}}
{"target": -3.403125984005703, "params": {"C": 6099.385217051612, "gamma": 0.39293640890226506}, "datetime": {"datetime": "2021-10-04 12:11:21", "elapsed": 3.580694, "delta": 0.32542}}
{"target": -4.205016528000596, "params": {"C": 5532.4599115943165, "gamma": 0.7020779946332492}, "datetime": {"datetime": "2021-10-04 12:11:21", "elapsed": 3.903696, "delta": 0.323002}}
{"target": -3.9965158557075404, "params": {"C": 1485.3000029868201, "gamma": 0.4067430140759853}, "datetime": {"datetime": "2021-10-04 12:11:21", "elapsed": 4.225694, "delta": 0.321998}}
{"target": -4.792988473029526, "params": {"C": 669.0072560065189, "gamma": 0.5343334405277582}, "datetime": {"datetime": "2021-10-04 12:11:22", "elapsed": 4.548696, "delta": 0.323002}}
{"target": -3.1933940128930614, "params": {"C": 3392.649652673177, "gamma": 0.27496644571410184}, "datetime": {"datetime": "2021-10-04 12:11:22", "elapsed": 4.877695, "delta": 0.328999}}
{"target": -2.0545290779230605, "params": {"C": 9084.702572810651, "gamma": 0.05413628475476776}, "datetime": {"datetime": "2021-10-04 12:11:22", "elapsed": 5.229694, "delta": 0.351999}}
{"target": -3.3984442475816135, "params": {"C": 9097.816413587765, "gamma": 0.416126011939224}, "datetime": {"datetime": "2021-10-04 12:11:23", "elapsed": 5.515695, "delta": 0.286001}}
{"target": -3.614937205862642, "params": {"C": 9998.710582201871, "gamma": 0.49277838017637593}, "datetime": {"datetime": "2021-10-04 12:11:23", "elapsed": 5.841518, "delta": 0.325823}}
{"target": -3.9439870117243876, "params": {"C": 1467.8378262376514, "gamma": 0.3864806053765313}, "datetime": {"datetime": "2021-10-04 12:11:23", "elapsed": 6.162503, "delta": 0.320985}}
{"target": -3.700822598701241, "params": {"C": 9084.794367928838, "gamma": 0.5195591505393593}, "datetime": {"datetime": "2021-10-04 12:11:24", "elapsed": 6.46417, "delta": 0.301667}}
{"target": -3.6905125475085696, "params": {"C": 3957.210918856633, "gamma": 0.44668065975095134}, "datetime": {"datetime": "2021-10-04 12:11:24", "elapsed": 6.770631, "delta": 0.306461}}
{"target": -2.2929199111971044, "params": {"C": 3956.5713357332943, "gamma": 0.062035657700834926}, "datetime": {"datetime": "2021-10-04 12:11:24", "elapsed": 7.11763, "delta": 0.346999}}
{"target": -4.144484154283554, "params": {"C": 3956.209807598634, "gamma": 0.6306134147228424}, "datetime": {"datetime": "2021-10-04 12:11:25", "elapsed": 7.472894, "delta": 0.355264}}
{"target": -2.666508100181618, "params": {"C": 9998.379240987822, "gamma": 0.2104077216217304}, "datetime": {"datetime": "2021-10-04 12:11:25", "elapsed": 7.892109, "delta": 0.419215}}
{"target": -3.7125668915349195, "params": {"C": 3393.4985622465006, "gamma": 0.43624712777578906}, "datetime": {"datetime": "2021-10-04 12:11:25", "elapsed": 8.268111, "delta": 0.376002}}
{"target": -2.9050311930641417, "params": {"C": 9084.443995385698, "gamma": 0.26974316835627155}, "datetime": {"datetime": "2021-10-04 12:11:26", "elapsed": 8.570053, "delta": 0.301942}}
{"target": -3.757635985537334, "params": {"C": 4614.963540072418, "gamma": 0.4880310970211409}, "datetime": {"datetime": "2021-10-04 12:11:26", "elapsed": 8.871157, "delta": 0.301104}}
{"target": -2.5775565061840697, "params": {"C": 6100.270656813296, "gamma": 0.16869608058689545}, "datetime": {"datetime": "2021-10-04 12:11:26", "elapsed": 9.202277, "delta": 0.33112}}
{"target": -4.588701246762572, "params": {"C": 6099.728607610526, "gamma": 0.9486164928061477}, "datetime": {"datetime": "2021-10-04 12:11:27", "elapsed": 9.524679, "delta": 0.322402}}
{"target": -2.76536550264299, "params": {"C": 1468.482754028117, "gamma": 0.0834251688696103}, "datetime": {"datetime": "2021-10-04 12:11:27", "elapsed": 9.877555, "delta": 0.352876}}
{"target": -4.130389461187696, "params": {"C": 1468.9109037725523, "gamma": 0.4544948572847653}, "datetime": {"datetime": "2021-10-04 12:11:27", "elapsed": 10.234983, "delta": 0.357428}}
{"target": -4.470680874073955, "params": {"C": 623.8515335055163, "gamma": 0.3897427212905749}, "datetime": {"datetime": "2021-10-04 12:11:28", "elapsed": 10.574637, "delta": 0.339654}}
{"target": -2.2723162618890664, "params": {"C": 9999.28235212157, "gamma": 0.11650163197898217}, "datetime": {"datetime": "2021-10-04 12:11:28", "elapsed": 10.919711, "delta": 0.345074}}
{"target": -2.825204689741932, "params": {"C": 9098.677511449934, "gamma": 0.24807061011908627}, "datetime": {"datetime": "2021-10-04 12:11:29", "elapsed": 11.343694, "delta": 0.423983}}
{"target": -4.356273053680437, "params": {"C": 6100.507970033565, "gamma": 0.798130621449823}, "datetime": {"datetime": "2021-10-04 12:11:29", "elapsed": 11.722691, "delta": 0.378997}}
{"target": -4.875217920191713, "params": {"C": 850.4537880704077, "gamma": 0.6477845241810449}, "datetime": {"datetime": "2021-10-04 12:11:29", "elapsed": 12.09198, "delta": 0.369289}}
{"target": -3.5676251997782957, "params": {"C": 8952.374685977818, "gamma": 0.47044113826439415}, "datetime": {"datetime": "2021-10-04 12:11:30", "elapsed": 12.446603, "delta": 0.354623}}
{"target": -4.210296509968972, "params": {"C": 9999.4530901615, "gamma": 0.7566068066108818}, "datetime": {"datetime": "2021-10-04 12:11:30", "elapsed": 12.919813, "delta": 0.47321}}
{"target": -4.151393340533079, "params": {"C": 279.9924034138263, "gamma": 0.13829125669326675}, "datetime": {"datetime": "2021-10-04 12:11:30", "elapsed": 13.265809, "delta": 0.345996}}
{"target": -2.172421630918965, "params": {"C": 6100.784950754542, "gamma": 0.04658990798487808}, "datetime": {"datetime": "2021-10-04 12:11:31", "elapsed": 13.647541, "delta": 0.381732}}
{"target": -4.3659434984057155, "params": {"C": 8823.395975491618, "gamma": 0.8402862000431732}, "datetime": {"datetime": "2021-10-04 12:11:31", "elapsed": 13.996768, "delta": 0.349227}}
{"target": -4.374200823169531, "params": {"C": 6112.372741291082, "gamma": 0.8090354844567245}, "datetime": {"datetime": "2021-10-04 12:11:32", "elapsed": 14.356573, "delta": 0.359805}}
{"target": -4.821421026192399, "params": {"C": 627.2648992074027, "gamma": 0.5274536704286817}, "datetime": {"datetime": "2021-10-04 12:11:32", "elapsed": 14.720725, "delta": 0.364152}}
{"target": -2.968363452221452, "params": {"C": 6101.949388902271, "gamma": 0.26480761725459356}, "datetime": {"datetime": "2021-10-04 12:11:32", "elapsed": 15.08139, "delta": 0.360665}}
{"target": -2.840752180056397, "params": {"C": 7272.448776191714, "gamma": 0.24154427674424148}, "datetime": {"datetime": "2021-10-04 12:11:33", "elapsed": 15.413248, "delta": 0.331858}}
{"target": -4.416703800142731, "params": {"C": 7515.1303465369665, "gamma": 0.8587790200468242}, "datetime": {"datetime": "2021-10-04 12:11:33", "elapsed": 15.779971, "delta": 0.366723}}
{"target": -2.435501840998819, "params": {"C": 9999.874590124004, "gamma": 0.15556283277984984}, "datetime": {"datetime": "2021-10-04 12:11:33", "elapsed": 16.118585, "delta": 0.338614}}
{"target": -3.6836641720274472, "params": {"C": 7272.902424168414, "gamma": 0.49900397129696505}, "datetime": {"datetime": "2021-10-04 12:11:34", "elapsed": 16.481972, "delta": 0.363387}}
{"target": -3.338451041961497, "params": {"C": 9582.433769515417, "gamma": 0.40009600412008317}, "datetime": {"datetime": "2021-10-04 12:11:34", "elapsed": 16.836155, "delta": 0.354183}}
{"target": -4.051069331247284, "params": {"C": 9099.257378470911, "gamma": 0.6672451461967249}, "datetime": {"datetime": "2021-10-04 12:11:34", "elapsed": 17.236854, "delta": 0.400699}}
{"target": -2.3854959583820516, "params": {"C": 6890.311915593412, "gamma": 0.016596825608895253}, "datetime": {"datetime": "2021-10-04 12:11:35", "elapsed": 17.600223, "delta": 0.363369}}
{"target": -3.747349665314069, "params": {"C": 6890.747773187838, "gamma": 0.5193098738902256}, "datetime": {"datetime": "2021-10-04 12:11:35", "elapsed": 17.985745, "delta": 0.385522}}
{"target": -3.0903086789797656, "params": {"C": 1940.6767778562996, "gamma": 0.18637818827824992}, "datetime": {"datetime": "2021-10-04 12:11:36", "elapsed": 18.355199, "delta": 0.369454}}
{"target": -3.211327890159229, "params": {"C": 5622.730859915052, "gamma": 0.3280083483931374}, "datetime": {"datetime": "2021-10-04 12:11:36", "elapsed": 18.740409, "delta": 0.38521}}
{"target": -2.6458941034135752, "params": {"C": 7765.4335252806795, "gamma": 0.19632691521919554}, "datetime": {"datetime": "2021-10-04 12:11:36", "elapsed": 19.108289, "delta": 0.36788}}
{"target": -4.046403580985988, "params": {"C": 7271.941624893905, "gamma": 0.6489677876126215}, "datetime": {"datetime": "2021-10-04 12:11:37", "elapsed": 19.512948, "delta": 0.404659}}
{"target": -4.199294487753376, "params": {"C": 2884.821217444449, "gamma": 0.6112550225748459}, "datetime": {"datetime": "2021-10-04 12:11:37", "elapsed": 19.911875, "delta": 0.398927}}
{"target": -2.8538703095582085, "params": {"C": 7490.016136792662, "gamma": 0.24642733637775302}, "datetime": {"datetime": "2021-10-04 12:11:38", "elapsed": 20.306712, "delta": 0.394837}}
{"target": -4.802726684960083, "params": {"C": 2889.0410945889485, "gamma": 0.950090347073714}, "datetime": {"datetime": "2021-10-04 12:11:38", "elapsed": 20.697238, "delta": 0.390526}}
{"target": -2.2555589267620313, "params": {"C": 6101.331474974498, "gamma": 0.09136440287119639}, "datetime": {"datetime": "2021-10-04 12:11:38", "elapsed": 21.164633, "delta": 0.467395}}
{"target": -2.2085885999163843, "params": {"C": 7765.020173329844, "gamma": 0.09427073479753117}, "datetime": {"datetime": "2021-10-04 12:11:39", "elapsed": 21.546368, "delta": 0.381735}}
{"target": -4.358304891234745, "params": {"C": 2572.5670569152016, "gamma": 0.6641756520061904}, "datetime": {"datetime": "2021-10-04 12:11:39", "elapsed": 21.963393, "delta": 0.417025}}
{"target": -2.1507196233288712, "params": {"C": 7764.4966004333355, "gamma": 0.07799718109324207}, "datetime": {"datetime": "2021-10-04 12:11:40", "elapsed": 22.433531, "delta": 0.470138}}
{"target": -4.01703446828507, "params": {"C": 7489.447145190039, "gamma": 0.6375472413849756}, "datetime": {"datetime": "2021-10-04 12:11:40", "elapsed": 22.878744, "delta": 0.445213}}
{"target": -4.5429055509449014, "params": {"C": 7765.020413960143, "gamma": 0.9478107477678155}, "datetime": {"datetime": "2021-10-04 12:11:41", "elapsed": 23.29386, "delta": 0.415116}}
{"target": -2.616618687840478, "params": {"C": 4551.071533496355, "gamma": 0.1596324454091459}, "datetime": {"datetime": "2021-10-04 12:11:41", "elapsed": 23.750196, "delta": 0.456336}}
{"target": -2.4278503248190484, "params": {"C": 7764.12174307281, "gamma": 0.14598377074431615}, "datetime": {"datetime": "2021-10-04 12:11:41", "elapsed": 24.238432, "delta": 0.488236}}
{"target": -3.846337529418554, "params": {"C": 6101.532667292921, "gamma": 0.5482817331103396}, "datetime": {"datetime": "2021-10-04 12:11:42", "elapsed": 24.727775, "delta": 0.489343}}
{"target": -4.0602582142528805, "params": {"C": 4550.640378003675, "gamma": 0.6092720496709022}, "datetime": {"datetime": "2021-10-04 12:11:42", "elapsed": 25.14007, "delta": 0.412295}}
{"target": -2.5749229476833193, "params": {"C": 4551.702869056196, "gamma": 0.14997945424011655}, "datetime": {"datetime": "2021-10-04 12:11:43", "elapsed": 25.598018, "delta": 0.457948}}
{"target": -2.561082296647055, "params": {"C": 3851.2062970231564, "gamma": 0.014079685615791539}, "datetime": {"datetime": "2021-10-04 12:11:43", "elapsed": 26.012442, "delta": 0.414424}}
{"target": -2.3400804761135423, "params": {"C": 3850.413928751206, "gamma": 0.03631380518425038}, "datetime": {"datetime": "2021-10-04 12:11:44", "elapsed": 26.437355, "delta": 0.424913}}
{"target": -3.6767844829436442, "params": {"C": 6889.956920234256, "gamma": 0.49269032033251836}, "datetime": {"datetime": "2021-10-04 12:11:44", "elapsed": 26.898294, "delta": 0.460939}}
{"target": -4.525840412472118, "params": {"C": 2629.9496367732286, "gamma": 0.7544151868291108}, "datetime": {"datetime": "2021-10-04 12:11:45", "elapsed": 27.324438, "delta": 0.426144}}
{"target": -2.6037896684478277, "params": {"C": 4551.697181322503, "gamma": 0.15663277111477775}, "datetime": {"datetime": "2021-10-04 12:11:45", "elapsed": 27.767304, "delta": 0.442866}}
{"target": -2.4030072923676884, "params": {"C": 4552.004356129167, "gamma": 0.02232046019150459}, "datetime": {"datetime": "2021-10-04 12:11:45", "elapsed": 28.247256, "delta": 0.479952}}
{"target": -3.9792304161840018, "params": {"C": 3530.5736334584626, "gamma": 0.5428010535594207}, "datetime": {"datetime": "2021-10-04 12:11:46", "elapsed": 28.724709, "delta": 0.477453}}
{"target": -3.950335018122516, "params": {"C": 3850.288831806897, "gamma": 0.5418376096700313}, "datetime": {"datetime": "2021-10-04 12:11:46", "elapsed": 29.243249, "delta": 0.51854}}
{"target": -3.6689781591612984, "params": {"C": 3850.9361962255307, "gamma": 0.4362854006132378}, "datetime": {"datetime": "2021-10-04 12:11:47", "elapsed": 29.759077, "delta": 0.515828}}
{"target": -3.4939559349314053, "params": {"C": 4552.170824492156, "gamma": 0.39711724148306804}, "datetime": {"datetime": "2021-10-04 12:11:48", "elapsed": 30.522445, "delta": 0.763368}}
{"target": -4.270678464355401, "params": {"C": 8024.742341395387, "gamma": 0.7746112052338098}, "datetime": {"datetime": "2021-10-04 12:11:48", "elapsed": 30.991967, "delta": 0.469522}}
{"target": -3.7751638687207345, "params": {"C": 6807.941446090064, "gamma": 0.5290307021821568}, "datetime": {"datetime": "2021-10-04 12:11:49", "elapsed": 31.506177, "delta": 0.51421}}
{"target": -4.585302066845468, "params": {"C": 8289.536893768322, "gamma": 0.9850235389127475}, "datetime": {"datetime": "2021-10-04 12:11:49", "elapsed": 31.957985, "delta": 0.451808}}
{"target": -3.695003722040103, "params": {"C": 7764.071559533346, "gamma": 0.5076638092865396}, "datetime": {"datetime": "2021-10-04 12:11:50", "elapsed": 32.458477, "delta": 0.500492}}
{"target": -2.7925831979889586, "params": {"C": 7763.628999216934, "gamma": 0.004331265723120555}, "datetime": {"datetime": "2021-10-04 12:11:50", "elapsed": 33.011481, "delta": 0.553004}}
{"target": -2.99854176290587, "params": {"C": 3851.8956514335587, "gamma": 0.2361597467725824}, "datetime": {"datetime": "2021-10-04 12:11:51", "elapsed": 33.513005, "delta": 0.501524}}
{"target": -2.8989834301608037, "params": {"C": 7764.692349798465, "gamma": 0.2604033048460204}, "datetime": {"datetime": "2021-10-04 12:11:51", "elapsed": 34.11476, "delta": 0.601755}}
{"target": -3.3366521468209527, "params": {"C": 6100.91547088736, "gamma": 0.3729833789130612}, "datetime": {"datetime": "2021-10-04 12:11:52", "elapsed": 34.674462, "delta": 0.559702}}
{"target": -2.8695649277695643, "params": {"C": 1940.0801180704539, "gamma": 0.13658296789118032}, "datetime": {"datetime": "2021-10-04 12:11:52", "elapsed": 35.169009, "delta": 0.494547}}
{"target": -4.868838265728055, "params": {"C": 1940.1827545262852, "gamma": 0.8918178266517056}, "datetime": {"datetime": "2021-10-04 12:11:53", "elapsed": 35.711373, "delta": 0.542364}}
{"target": -2.167003117445503, "params": {"C": 6669.1315893857645, "gamma": 0.07140086533179513}, "datetime": {"datetime": "2021-10-04 12:11:53", "elapsed": 36.19036, "delta": 0.478987}}
{"target": -4.452114033819452, "params": {"C": 6669.576826535473, "gamma": 0.8689106063517946}, "datetime": {"datetime": "2021-10-04 12:11:54", "elapsed": 36.735435, "delta": 0.545075}}
{"target": -2.7762992352575018, "params": {"C": 6668.901490727757, "gamma": 0.2208311524277225}, "datetime": {"datetime": "2021-10-04 12:11:54", "elapsed": 37.268148, "delta": 0.532713}}
{"target": -4.169251413535067, "params": {"C": 858.027343568394, "gamma": 0.35703944098405493}, "datetime": {"datetime": "2021-10-04 12:11:55", "elapsed": 37.753823, "delta": 0.485675}}
{"target": -3.553709262437055, "params": {"C": 1242.698605930446, "gamma": 0.2374620041406498}, "datetime": {"datetime": "2021-10-04 12:11:55", "elapsed": 38.253614, "delta": 0.499791}}
{"target": -2.629670299456517, "params": {"C": 6669.643886869444, "gamma": 0.18586654791041768}, "datetime": {"datetime": "2021-10-04 12:11:56", "elapsed": 38.804538, "delta": 0.550924}}
{"target": -4.267166083351037, "params": {"C": 3619.8640078385556, "gamma": 0.6780383265847953}, "datetime": {"datetime": "2021-10-04 12:11:56", "elapsed": 39.267589, "delta": 0.463051}}
{"target": -2.766398847417754, "params": {"C": 7490.622831304295, "gamma": 0.22410931134982354}, "datetime": {"datetime": "2021-10-04 12:11:57", "elapsed": 39.902736, "delta": 0.635147}}
{"target": -4.529978022844528, "params": {"C": 7490.7190915415395, "gamma": 0.9351585688687576}, "datetime": {"datetime": "2021-10-04 12:11:58", "elapsed": 40.417744, "delta": 0.515008}}
{"target": -2.382869444477338, "params": {"C": 7765.880010355681, "gamma": 0.015350169611295405}, "datetime": {"datetime": "2021-10-04 12:11:58", "elapsed": 40.94448, "delta": 0.526736}}
{"target": -3.1935287373871555, "params": {"C": 7766.561972863996, "gamma": 0.3446619365951198}, "datetime": {"datetime": "2021-10-04 12:11:59", "elapsed": 41.483555, "delta": 0.539075}}
{"target": -2.422096714556597, "params": {"C": 6670.124861166401, "gamma": 0.1373771386768375}, "datetime": {"datetime": "2021-10-04 12:11:59", "elapsed": 42.089951, "delta": 0.606396}}
{"target": -3.354876263414987, "params": {"C": 7763.175146637755, "gamma": 0.39415952630743073}, "datetime": {"datetime": "2021-10-04 12:12:00", "elapsed": 42.73444, "delta": 0.644489}}
{"target": -3.601347506861818, "params": {"C": 6670.624407271286, "gamma": 0.46381173010355126}, "datetime": {"datetime": "2021-10-04 12:12:00", "elapsed": 43.239004, "delta": 0.504564}}
{"target": -4.058907377019086, "params": {"C": 5621.932884353139, "gamma": 0.6324367606626639}, "datetime": {"datetime": "2021-10-04 12:12:01", "elapsed": 43.857771, "delta": 0.618767}}
{"target": -2.2503116616551555, "params": {"C": 6102.512782514633, "gamma": 0.08986280798442908}, "datetime": {"datetime": "2021-10-04 12:12:02", "elapsed": 44.449531, "delta": 0.59176}}
{"target": -3.596981499722437, "params": {"C": 6103.551918032807, "gamma": 0.4559918206022063}, "datetime": {"datetime": "2021-10-04 12:12:02", "elapsed": 44.971031, "delta": 0.5215}}
{"target": -3.3616792046824355, "params": {"C": 6102.8554037642625, "gamma": 0.38047955182868815}, "datetime": {"datetime": "2021-10-04 12:12:03", "elapsed": 45.574893, "delta": 0.603862}}
{"target": -3.609590885693619, "params": {"C": 7766.04159605388, "gamma": 0.4766974654274679}, "datetime": {"datetime": "2021-10-04 12:12:03", "elapsed": 46.167651, "delta": 0.592758}}
{"target": -5.493461082910194, "params": {"C": 597.9068576998404, "gamma": 0.8709885062965959}, "datetime": {"datetime": "2021-10-04 12:12:04", "elapsed": 46.672272, "delta": 0.504621}}
{"target": -2.1865658754202943, "params": {"C": 5623.4497831242425, "gamma": 0.053765214855583936}, "datetime": {"datetime": "2021-10-04 12:12:04", "elapsed": 47.217301, "delta": 0.545029}}
{"target": -3.3965644430372284, "params": {"C": 5623.290682626766, "gamma": 0.385001755353025}, "datetime": {"datetime": "2021-10-04 12:12:05", "elapsed": 47.765709, "delta": 0.548408}}
{"target": -2.4351197615202893, "params": {"C": 3850.0925417022745, "gamma": 0.023076034309673626}, "datetime": {"datetime": "2021-10-04 12:12:06", "elapsed": 48.336107, "delta": 0.570398}}
{"target": -2.2927102150175216, "params": {"C": 5623.886287501429, "gamma": 0.028049857184543305}, "datetime": {"datetime": "2021-10-04 12:12:06", "elapsed": 48.962173, "delta": 0.626066}}
{"target": -3.7334121145413834, "params": {"C": 5625.15155402743, "gamma": 0.4982831678287651}, "datetime": {"datetime": "2021-10-04 12:12:07", "elapsed": 49.596212, "delta": 0.634039}}
