{"target": -2.2579467154316486, "params": {"C": 5496.561543363162, "gamma": 0.08706419961491918}, "datetime": {"datetime": "2021-10-04 12:21:51", "elapsed": 174.173156, "delta": 1.865888}}
{"target": -2.2379472526385955, "params": {"C": 7357.941249955741, "gamma": 0.10799874694240479}, "datetime": {"datetime": "2021-10-04 12:21:52", "elapsed": 175.902694, "delta": 1.729538}}
{"target": -2.2963840770290163, "params": {"C": 4798.570514586588, "gamma": 0.057575661737738426}, "datetime": {"datetime": "2021-10-04 12:21:54", "elapsed": 177.081353, "delta": 1.178659}}
{"target": -3.9679980799009567, "params": {"C": 3383.7106068727876, "gamma": 0.8090402322399441}, "datetime": {"datetime": "2021-10-04 12:21:55", "elapsed": 178.301975, "delta": 1.220622}}
{"target": -3.8449308018177653, "params": {"C": 8154.695836480024, "gamma": 0.8597907236593657}, "datetime": {"datetime": "2021-10-04 12:21:56", "elapsed": 179.43559, "delta": 1.133615}}
{"target": -2.4246950972676102, "params": {"C": 9821.065908891656, "gamma": 0.20536383662500166}, "datetime": {"datetime": "2021-10-04 12:21:57", "elapsed": 180.687063, "delta": 1.251473}}
{"target": -2.3448726033388687, "params": {"C": 5821.497715638087, "gamma": 0.1347633770990177}, "datetime": {"datetime": "2021-10-04 12:21:58", "elapsed": 181.761065, "delta": 1.074002}}
{"target": -2.8157325887746585, "params": {"C": 5821.305138773809, "gamma": 0.3537822658490149}, "datetime": {"datetime": "2021-10-04 12:22:00", "elapsed": 183.202856, "delta": 1.441791}}
{"target": -3.5280463218286293, "params": {"C": 4552.277183886886, "gamma": 0.64249344056555}, "datetime": {"datetime": "2021-10-04 12:22:01", "elapsed": 184.304907, "delta": 1.102051}}
{"target": -3.135687026537303, "params": {"C": 4797.978296658479, "gamma": 0.4787162523370376}, "datetime": {"datetime": "2021-10-04 12:22:02", "elapsed": 185.602616, "delta": 1.297709}}
{"target": -2.7567356955785356, "params": {"C": 4360.513026517896, "gamma": 0.011674164621055834}, "datetime": {"datetime": "2021-10-04 12:22:05", "elapsed": 0.0, "delta": 0.0}}
{"target": -2.351316934314393, "params": {"C": 5497.075116309213, "gamma": 0.13285542821500995}, "datetime": {"datetime": "2021-10-04 12:22:05", "elapsed": 0.228868, "delta": 0.228868}}
{"target": -2.347306816166808, "params": {"C": 4204.257653072803, "gamma": 0.10177910701714674}, "datetime": {"datetime": "2021-10-04 12:22:06", "elapsed": 0.497479, "delta": 0.268611}}
{"target": -2.7373021333918843, "params": {"C": 2047.2816917443872, "gamma": 0.18730420603979644}, "datetime": {"datetime": "2021-10-04 12:22:06", "elapsed": 0.711478, "delta": 0.213999}}
{"target": -2.408826591572, "params": {"C": 2997.247082071557, "gamma": 0.08298087343044852}, "datetime": {"datetime": "2021-10-04 12:22:06", "elapsed": 0.977171, "delta": 0.265693}}
{"target": -2.609406558406265, "params": {"C": 5495.418714062992, "gamma": 0.25415348221011164}, "datetime": {"datetime": "2021-10-04 12:22:06", "elapsed": 1.263475, "delta": 0.286304}}
{"target": -8.179289092970999, "params": {"C": 5.088774863617432, "gamma": 0.23716062053986822}, "datetime": {"datetime": "2021-10-04 12:22:07", "elapsed": 1.698343, "delta": 0.434868}}
{"target": -2.2428303911420255, "params": {"C": 5522.382561660552, "gamma": 0.0724065215740172}, "datetime": {"datetime": "2021-10-04 12:22:07", "elapsed": 2.061704, "delta": 0.363361}}
{"target": -2.437315084405449, "params": {"C": 4238.962805415946, "gamma": 0.14734254803331467}, "datetime": {"datetime": "2021-10-04 12:22:08", "elapsed": 2.412693, "delta": 0.350989}}
{"target": -2.473280473147636, "params": {"C": 3032.74515494057, "gamma": 0.12555362274379067}, "datetime": {"datetime": "2021-10-04 12:22:08", "elapsed": 2.792894, "delta": 0.380201}}
{"target": -3.0026099354017437, "params": {"C": 4169.117987926372, "gamma": 0.006875085799231479}, "datetime": {"datetime": "2021-10-04 12:22:08", "elapsed": 3.098476, "delta": 0.305582}}
{"target": -2.4117594038916708, "params": {"C": 2961.333184198009, "gamma": 0.08224148209563739}, "datetime": {"datetime": "2021-10-04 12:22:09", "elapsed": 3.449478, "delta": 0.351002}}
{"target": -2.5378045628680463, "params": {"C": 2927.3399781779276, "gamma": 0.15302879151179738}, "datetime": {"datetime": "2021-10-04 12:22:09", "elapsed": 3.803478, "delta": 0.354}}
{"target": -2.4094755940419184, "params": {"C": 4274.548473127626, "gamma": 0.1355023187029457}, "datetime": {"datetime": "2021-10-04 12:22:09", "elapsed": 4.120478, "delta": 0.317}}
{"target": -2.348462902250302, "params": {"C": 4307.930612168013, "gamma": 0.10548183685672745}, "datetime": {"datetime": "2021-10-04 12:22:10", "elapsed": 4.430258, "delta": 0.30978}}
{"target": -2.425411581361048, "params": {"C": 3066.7837126440318, "gamma": 0.10189442597938723}, "datetime": {"datetime": "2021-10-04 12:22:10", "elapsed": 4.787262, "delta": 0.357004}}
{"target": -2.7000756459978703, "params": {"C": 3098.3764314839445, "gamma": 0.22960102098605423}, "datetime": {"datetime": "2021-10-04 12:22:10", "elapsed": 5.118259, "delta": 0.330997}}
{"target": -2.256818944269328, "params": {"C": 5556.437697851183, "gamma": 0.05776944401827619}, "datetime": {"datetime": "2021-10-04 12:22:11", "elapsed": 5.463601, "delta": 0.345342}}
{"target": -2.3451650508651793, "params": {"C": 5582.3814253169285, "gamma": 0.13152075827113033}, "datetime": {"datetime": "2021-10-04 12:22:11", "elapsed": 5.814245, "delta": 0.350644}}
{"target": -2.517832812028935, "params": {"C": 5611.857690090164, "gamma": 0.2139669651435022}, "datetime": {"datetime": "2021-10-04 12:22:11", "elapsed": 6.234791, "delta": 0.420546}}
{"target": -2.4048803287384706, "params": {"C": 5645.231084647444, "gamma": 0.030182601573412675}, "datetime": {"datetime": "2021-10-04 12:22:12", "elapsed": 6.633621, "delta": 0.39883}}
{"target": -2.3189834339756548, "params": {"C": 5674.502133208679, "gamma": 0.12191535427458018}, "datetime": {"datetime": "2021-10-04 12:22:12", "elapsed": 7.021269, "delta": 0.387648}}
{"target": -2.244422953528441, "params": {"C": 5700.287843328909, "gamma": 0.08394151210259157}, "datetime": {"datetime": "2021-10-04 12:22:13", "elapsed": 7.446952, "delta": 0.425683}}
{"target": -2.6913988643063407, "params": {"C": 5725.671046544077, "gamma": 0.29233849551342966}, "datetime": {"datetime": "2021-10-04 12:22:13", "elapsed": 7.849783, "delta": 0.402831}}
{"target": -2.4649066813220877, "params": {"C": 2893.3908240941223, "gamma": 0.1148281169865484}, "datetime": {"datetime": "2021-10-04 12:22:13", "elapsed": 8.220083, "delta": 0.3703}}
{"target": -2.8169314664691316, "params": {"C": 2864.3988772610314, "gamma": 0.26365691159047683}, "datetime": {"datetime": "2021-10-04 12:22:14", "elapsed": 8.618365, "delta": 0.398282}}
{"target": -2.465173314458055, "params": {"C": 4329.9145808910025, "gamma": 0.16319624365204047}, "datetime": {"datetime": "2021-10-04 12:22:14", "elapsed": 9.026495, "delta": 0.40813}}
{"target": -2.5803725988433586, "params": {"C": 8970.589989128797, "gamma": 0.27852609158203473}, "datetime": {"datetime": "2021-10-04 12:22:15", "elapsed": 9.465468, "delta": 0.438973}}
{"target": -2.3247790003938236, "params": {"C": 9002.590717147035, "gamma": 0.15257348868845252}, "datetime": {"datetime": "2021-10-04 12:22:15", "elapsed": 9.875987, "delta": 0.410519}}
{"target": -2.1296879282363843, "params": {"C": 9024.356184438639, "gamma": 0.06500361970681771}, "datetime": {"datetime": "2021-10-04 12:22:16", "elapsed": 10.32795, "delta": 0.451963}}
{"target": -2.1338755627090933, "params": {"C": 9045.335581729594, "gamma": 0.07117966453830886}, "datetime": {"datetime": "2021-10-04 12:22:16", "elapsed": 10.640246, "delta": 0.312296}}
{"target": -2.3996572746494835, "params": {"C": 9071.10050602131, "gamma": 0.19051836230145097}, "datetime": {"datetime": "2021-10-04 12:22:16", "elapsed": 10.972678, "delta": 0.332432}}
{"target": -2.3845354350586407, "params": {"C": 9106.096389762266, "gamma": 0.18372710143738225}, "datetime": {"datetime": "2021-10-04 12:22:17", "elapsed": 11.419847, "delta": 0.447169}}
{"target": -2.5520168553339024, "params": {"C": 9133.416878330596, "gamma": 0.26452172003641966}, "datetime": {"datetime": "2021-10-04 12:22:17", "elapsed": 11.847244, "delta": 0.427397}}
{"target": -2.417009625405243, "params": {"C": 9169.876977693402, "gamma": 0.19907394211711263}, "datetime": {"datetime": "2021-10-04 12:22:18", "elapsed": 12.359247, "delta": 0.512003}}
{"target": -2.6716882168621097, "params": {"C": 5509.4988085381565, "gamma": 0.28004559063036705}, "datetime": {"datetime": "2021-10-04 12:22:18", "elapsed": 12.806749, "delta": 0.447502}}
{"target": -2.452260436042313, "params": {"C": 5538.345925815648, "gamma": 0.18102319092428645}, "datetime": {"datetime": "2021-10-04 12:22:18", "elapsed": 13.254863, "delta": 0.448114}}
{"target": -2.469897573891037, "params": {"C": 9088.968904415664, "gamma": 0.22416097001246238}, "datetime": {"datetime": "2021-10-04 12:22:19", "elapsed": 13.653576, "delta": 0.398713}}
{"target": -2.4915490904865067, "params": {"C": 4291.596414344639, "gamma": 0.1753461528289555}, "datetime": {"datetime": "2021-10-04 12:22:19", "elapsed": 14.081545, "delta": 0.427969}}
{"target": -2.4794324605572826, "params": {"C": 4221.637531845967, "gamma": 0.1675089036316917}, "datetime": {"datetime": "2021-10-04 12:22:20", "elapsed": 14.490746, "delta": 0.409201}}
{"target": -2.319137969297351, "params": {"C": 9192.193214311523, "gamma": 0.1508079875846734}, "datetime": {"datetime": "2021-10-04 12:22:20", "elapsed": 14.979744, "delta": 0.488998}}
{"target": -2.1263737063922235, "params": {"C": 9210.819832666699, "gamma": 0.06648218737113346}, "datetime": {"datetime": "2021-10-04 12:22:21", "elapsed": 15.411889, "delta": 0.432145}}
{"target": -2.169770209410219, "params": {"C": 9226.713305707404, "gamma": 0.04521584604189023}, "datetime": {"datetime": "2021-10-04 12:22:21", "elapsed": 15.800137, "delta": 0.388248}}
{"target": -2.2220039334891655, "params": {"C": 9245.998499425723, "gamma": 0.11257776077554121}, "datetime": {"datetime": "2021-10-04 12:22:21", "elapsed": 16.295543, "delta": 0.495406}}
{"target": -2.301784999707104, "params": {"C": 9265.84060662125, "gamma": 0.029796646068620213}, "datetime": {"datetime": "2021-10-04 12:22:22", "elapsed": 16.724162, "delta": 0.428619}}
{"target": -2.1538416159651756, "params": {"C": 9287.585779166264, "gamma": 0.04837294127997259}, "datetime": {"datetime": "2021-10-04 12:22:22", "elapsed": 17.184684, "delta": 0.460522}}
{"target": -2.516798684354402, "params": {"C": 9305.653648826297, "gamma": 0.24774922185801626}, "datetime": {"datetime": "2021-10-04 12:22:23", "elapsed": 17.577044, "delta": 0.39236}}
{"target": -2.9489863693423657, "params": {"C": 1515.5617541378374, "gamma": 0.016263584718338914}, "datetime": {"datetime": "2021-10-04 12:22:23", "elapsed": 18.036255, "delta": 0.459211}}
{"target": -2.1807556843582905, "params": {"C": 8382.198101642789, "gamma": 0.09065598952538223}, "datetime": {"datetime": "2021-10-04 12:22:24", "elapsed": 18.479519, "delta": 0.443264}}
{"target": -2.6290722247276572, "params": {"C": 8399.29873235776, "gamma": 0.2970170618850529}, "datetime": {"datetime": "2021-10-04 12:22:24", "elapsed": 18.918032, "delta": 0.438513}}
{"target": -2.6276443413786508, "params": {"C": 8364.593591780287, "gamma": 0.29599622858690855}, "datetime": {"datetime": "2021-10-04 12:22:25", "elapsed": 19.380172, "delta": 0.46214}}
{"target": -2.894677815297166, "params": {"C": 1849.8952979913981, "gamma": 0.22951885729205737}, "datetime": {"datetime": "2021-10-04 12:22:25", "elapsed": 19.844372, "delta": 0.4642}}
{"target": -2.4471941874313012, "params": {"C": 8146.711503462275, "gamma": 0.019314633873328116}, "datetime": {"datetime": "2021-10-04 12:22:26", "elapsed": 20.324356, "delta": 0.479984}}
{"target": -2.1525127841582354, "params": {"C": 8169.365732131237, "gamma": 0.06898089413842043}, "datetime": {"datetime": "2021-10-04 12:22:26", "elapsed": 20.780587, "delta": 0.456231}}
{"target": -2.639508113415932, "params": {"C": 8185.1883650698865, "gamma": 0.2998672960710911}, "datetime": {"datetime": "2021-10-04 12:22:26", "elapsed": 21.212129, "delta": 0.431542}}
{"target": -2.6402294663522983, "params": {"C": 2979.0018563214676, "gamma": 0.20171846044068065}, "datetime": {"datetime": "2021-10-04 12:22:27", "elapsed": 21.651693, "delta": 0.439564}}
{"target": -2.3992091622641403, "params": {"C": 8122.990042854665, "gamma": 0.1847421585792789}, "datetime": {"datetime": "2021-10-04 12:22:27", "elapsed": 22.102984, "delta": 0.451291}}
{"target": -2.4335391807712, "params": {"C": 8102.60615311945, "gamma": 0.020328612394087512}, "datetime": {"datetime": "2021-10-04 12:22:28", "elapsed": 22.542643, "delta": 0.439659}}
{"target": -2.1563766699737714, "params": {"C": 8081.283770515668, "gamma": 0.07125053791605826}, "datetime": {"datetime": "2021-10-04 12:22:28", "elapsed": 22.973971, "delta": 0.431328}}
{"target": -2.3502741993916367, "params": {"C": 8066.484619927565, "gamma": 0.1590122794999961}, "datetime": {"datetime": "2021-10-04 12:22:29", "elapsed": 23.507166, "delta": 0.533195}}
{"target": -2.634425886147444, "params": {"C": 8045.4586738531125, "gamma": 0.29600397734581746}, "datetime": {"datetime": "2021-10-04 12:22:29", "elapsed": 23.978303, "delta": 0.471137}}
{"target": -2.3788060578709485, "params": {"C": 4256.515121068353, "gamma": 0.12041793915962194}, "datetime": {"datetime": "2021-10-04 12:22:30", "elapsed": 24.575479, "delta": 0.597176}}
{"target": -2.7138637937074606, "params": {"C": 3781.8528790947785, "gamma": 0.014398811021086281}, "datetime": {"datetime": "2021-10-04 12:22:30", "elapsed": 25.089479, "delta": 0.514}}
{"target": -2.256597519471464, "params": {"C": 7493.993003269085, "gamma": 0.11668335987012286}, "datetime": {"datetime": "2021-10-04 12:22:31", "elapsed": 25.713626, "delta": 0.624147}}
{"target": -2.1853885867691503, "params": {"C": 7510.098035359832, "gamma": 0.081992841957191}, "datetime": {"datetime": "2021-10-04 12:22:32", "elapsed": 26.305863, "delta": 0.592237}}
{"target": -2.350506040471318, "params": {"C": 7526.762922895025, "gamma": 0.1544887110080336}, "datetime": {"datetime": "2021-10-04 12:22:32", "elapsed": 26.901043, "delta": 0.59518}}
{"target": -2.3392243100071335, "params": {"C": 7475.043015797671, "gamma": 0.148967017624927}, "datetime": {"datetime": "2021-10-04 12:22:33", "elapsed": 27.443655, "delta": 0.542612}}
{"target": -2.4019561547138975, "params": {"C": 7454.618445039632, "gamma": 0.02424566917194295}, "datetime": {"datetime": "2021-10-04 12:22:33", "elapsed": 27.968404, "delta": 0.524749}}
{"target": -2.226131675786127, "params": {"C": 7548.258984775944, "gamma": 0.043178577892923564}, "datetime": {"datetime": "2021-10-04 12:22:34", "elapsed": 28.627406, "delta": 0.659002}}
{"target": -2.38403893678062, "params": {"C": 7564.651057442676, "gamma": 0.17121203935875765}, "datetime": {"datetime": "2021-10-04 12:22:34", "elapsed": 29.208406, "delta": 0.581}}
{"target": -2.222258433096601, "params": {"C": 7432.262313889979, "gamma": 0.04441694717831285}, "datetime": {"datetime": "2021-10-04 12:22:35", "elapsed": 29.917997, "delta": 0.709591}}
{"target": -2.203347723186756, "params": {"C": 7417.605531409486, "gamma": 0.09150662844353563}, "datetime": {"datetime": "2021-10-04 12:22:36", "elapsed": 30.509347, "delta": 0.59135}}
{"target": -2.2898357702724965, "params": {"C": 7398.639984754124, "gamma": 0.12803176708128294}, "datetime": {"datetime": "2021-10-04 12:22:36", "elapsed": 31.126557, "delta": 0.61721}}
{"target": -2.5974584486722607, "params": {"C": 7377.455280289395, "gamma": 0.27233495089296955}, "datetime": {"datetime": "2021-10-04 12:22:37", "elapsed": 31.637143, "delta": 0.510586}}
{"target": -2.296475613378954, "params": {"C": 7590.07733716492, "gamma": 0.1319974260651807}, "datetime": {"datetime": "2021-10-04 12:22:37", "elapsed": 32.268935, "delta": 0.631792}}
{"target": -2.527261780314022, "params": {"C": 7608.376451107501, "gamma": 0.24005550207409934}, "datetime": {"datetime": "2021-10-04 12:22:38", "elapsed": 32.827938, "delta": 0.559003}}
{"target": -2.6241199826089048, "params": {"C": 9034.840858932237, "gamma": 0.3}, "datetime": {"datetime": "2021-10-04 12:22:39", "elapsed": 33.364764, "delta": 0.536826}}
{"target": -2.5783504710968534, "params": {"C": 9015.317238701862, "gamma": 0.27779841855724213}, "datetime": {"datetime": "2021-10-04 12:22:39", "elapsed": 33.952765, "delta": 0.588001}}
{"target": -2.3601612420173366, "params": {"C": 9056.05535432743, "gamma": 0.17103247669592017}, "datetime": {"datetime": "2021-10-04 12:22:40", "elapsed": 34.589758, "delta": 0.636993}}
{"target": -2.2008707697094985, "params": {"C": 6720.656670496745, "gamma": 0.0780689121226803}, "datetime": {"datetime": "2021-10-04 12:22:40", "elapsed": 35.170758, "delta": 0.581}}
{"target": -2.637841159656052, "params": {"C": 6705.764173101973, "gamma": 0.28243697240707344}, "datetime": {"datetime": "2021-10-04 12:22:41", "elapsed": 35.786816, "delta": 0.616058}}
{"target": -2.446570610036139, "params": {"C": 6735.339469825375, "gamma": 0.19464203097455998}, "datetime": {"datetime": "2021-10-04 12:22:42", "elapsed": 36.390829, "delta": 0.604013}}
{"target": -2.235473325938421, "params": {"C": 5687.467201946682, "gamma": 0.0730722622336511}, "datetime": {"datetime": "2021-10-04 12:22:42", "elapsed": 37.03581, "delta": 0.644981}}
{"target": -2.129438181482902, "params": {"C": 9804.701723919256, "gamma": 0.07789513480113763}, "datetime": {"datetime": "2021-10-04 12:22:43", "elapsed": 37.704678, "delta": 0.668868}}
{"target": -2.115627192676533, "params": {"C": 9788.5497140167, "gamma": 0.0586517542979111}, "datetime": {"datetime": "2021-10-04 12:22:44", "elapsed": 38.313681, "delta": 0.609003}}
{"target": -2.547261920931032, "params": {"C": 9772.621888893496, "gamma": 0.26609004559004146}, "datetime": {"datetime": "2021-10-04 12:22:44", "elapsed": 38.972672, "delta": 0.658991}}
{"target": -2.435727603039919, "params": {"C": 9822.066288300399, "gamma": 0.2110288197410802}, "datetime": {"datetime": "2021-10-04 12:22:45", "elapsed": 39.529674, "delta": 0.557002}}
{"target": -2.5649415804987568, "params": {"C": 9857.407323227304, "gamma": 0.2761594941278075}, "datetime": {"datetime": "2021-10-04 12:22:45", "elapsed": 40.072156, "delta": 0.542482}}
{"target": -2.4717836902288295, "params": {"C": 9514.632026342131, "gamma": 0.22738427834598904}, "datetime": {"datetime": "2021-10-04 12:22:46", "elapsed": 40.749113, "delta": 0.676957}}
{"target": -2.3489671097385414, "params": {"C": 9484.06982946062, "gamma": 0.1676438202511212}, "datetime": {"datetime": "2021-10-04 12:22:47", "elapsed": 41.304492, "delta": 0.555379}}
{"target": -2.3393634216618766, "params": {"C": 9463.736613404604, "gamma": 0.16226738662278611}, "datetime": {"datetime": "2021-10-04 12:22:47", "elapsed": 41.887684, "delta": 0.583192}}
{"target": -2.5096466038341494, "params": {"C": 9443.931144904109, "gamma": 0.24512349945050846}, "datetime": {"datetime": "2021-10-04 12:22:48", "elapsed": 42.579241, "delta": 0.691557}}
{"target": -2.1566614164454068, "params": {"C": 9543.83392115535, "gamma": 0.046486292054931974}, "datetime": {"datetime": "2021-10-04 12:22:48", "elapsed": 43.234869, "delta": 0.655628}}
{"target": -2.778224713935005, "params": {"C": 9557.355344927802, "gamma": 0.006735049000353448}, "datetime": {"datetime": "2021-10-04 12:22:49", "elapsed": 43.91914, "delta": 0.684271}}
{"target": -2.112593068661418, "params": {"C": 9796.599742403769, "gamma": 0.06270263241855994}, "datetime": {"datetime": "2021-10-04 12:22:50", "elapsed": 44.676772, "delta": 0.757632}}
{"target": -2.405479538886108, "params": {"C": 4667.7968987647155, "gamma": 0.1420995502154382}, "datetime": {"datetime": "2021-10-04 12:22:50", "elapsed": 45.289277, "delta": 0.612505}}
{"target": -2.3664652773832344, "params": {"C": 4693.546793140709, "gamma": 0.12547107096029522}, "datetime": {"datetime": "2021-10-04 12:22:51", "elapsed": 45.980385, "delta": 0.691108}}
{"target": -2.4656495597796435, "params": {"C": 9531.082426698456, "gamma": 0.22461017721008994}, "datetime": {"datetime": "2021-10-04 12:22:52", "elapsed": 46.707811, "delta": 0.727426}}
{"target": -2.30183578269527, "params": {"C": 4717.723426810112, "gamma": 0.09197594693872022}, "datetime": {"datetime": "2021-10-04 12:22:53", "elapsed": 47.316089, "delta": 0.608278}}
{"target": -2.629456989180733, "params": {"C": 4739.124818080175, "gamma": 0.24945131596847325}, "datetime": {"datetime": "2021-10-04 12:22:53", "elapsed": 47.968423, "delta": 0.652334}}
{"target": -2.297437020095638, "params": {"C": 4641.937126321486, "gamma": 0.08691888582397837}, "datetime": {"datetime": "2021-10-04 12:22:54", "elapsed": 48.651428, "delta": 0.683005}}
{"target": -2.444859685429394, "params": {"C": 4621.685573992529, "gamma": 0.15985726554084045}, "datetime": {"datetime": "2021-10-04 12:22:55", "elapsed": 49.320419, "delta": 0.668991}}
{"target": -2.314713552719727, "params": {"C": 4589.681552557106, "gamma": 0.09560529629461444}, "datetime": {"datetime": "2021-10-04 12:22:55", "elapsed": 50.130354, "delta": 0.809935}}
{"target": -2.331475536832673, "params": {"C": 4569.668893222696, "gamma": 0.10395247930045907}, "datetime": {"datetime": "2021-10-04 12:22:56", "elapsed": 50.968035, "delta": 0.837681}}
{"target": -2.370667724443522, "params": {"C": 4549.239361989138, "gamma": 0.12439926839178024}, "datetime": {"datetime": "2021-10-04 12:22:57", "elapsed": 51.7244, "delta": 0.756365}}
{"target": -2.3276006862941294, "params": {"C": 4526.569286928891, "gamma": 0.10069280513270415}, "datetime": {"datetime": "2021-10-04 12:22:58", "elapsed": 52.417599, "delta": 0.693199}}
{"target": -2.31059967192819, "params": {"C": 4506.745140972768, "gamma": 0.05899229524102413}, "datetime": {"datetime": "2021-10-04 12:22:58", "elapsed": 53.183213, "delta": 0.765614}}
