{"target": -34.61371138761065, "params": {"C": 49.183708667315145, "epsilon": 0.8336133311370832, "gamma": 0.977722027547578}, "datetime": {"datetime": "2021-09-27 20:34:00", "elapsed": 135.638608, "delta": 0.932002}}
{"target": -29.34910353522836, "params": {"C": 85.00564056369083, "epsilon": 0.14848511017399607, "gamma": 0.4756115058800793}, "datetime": {"datetime": "2021-09-27 20:34:01", "elapsed": 136.576294, "delta": 0.937686}}
{"target": -21.953643384964984, "params": {"C": 40.67134067432221, "epsilon": 0.341205451633512, "gamma": 0.001}, "datetime": {"datetime": "2021-09-27 20:34:02", "elapsed": 137.892294, "delta": 1.316}}
{"target": -21.97864156056247, "params": {"C": 29.27317424113595, "epsilon": 0.6662411820029377, "gamma": 0.001}, "datetime": {"datetime": "2021-09-27 20:34:04", "elapsed": 139.486412, "delta": 1.594118}}
{"target": -23.898310436231757, "params": {"C": 21.392985943316397, "epsilon": 0.9074595608766539, "gamma": 0.20913531301097887}, "datetime": {"datetime": "2021-09-27 20:34:05", "elapsed": 141.150414, "delta": 1.664002}}
{"target": -29.115660048962738, "params": {"C": 3.043203009448597, "epsilon": 0.001, "gamma": 0.001}, "datetime": {"datetime": "2021-09-27 20:34:07", "elapsed": 142.742378, "delta": 1.591964}}
{"target": -18.640394504374758, "params": {"C": 40.69503014605298, "epsilon": 0.12521174373878732, "gamma": 0.08925528240831097}, "datetime": {"datetime": "2021-09-27 20:34:08", "elapsed": 144.066244, "delta": 1.323866}}
{"target": -22.026732890438876, "params": {"C": 40.90246682628371, "epsilon": 0.3291791782516403, "gamma": 0.14353761130687348}, "datetime": {"datetime": "2021-09-27 20:34:10", "elapsed": 145.586342, "delta": 1.520098}}
{"target": -25.33499517267281, "params": {"C": 14.038269153533848, "epsilon": 1.0, "gamma": 0.29755780974377083}, "datetime": {"datetime": "2021-09-27 20:34:11", "elapsed": 146.902344, "delta": 1.316002}}
{"target": -17.83681977924231, "params": {"C": 61.041543327657344, "epsilon": 0.8617598433864194, "gamma": 0.026749535623697293}, "datetime": {"datetime": "2021-09-27 20:34:12", "elapsed": 148.176862, "delta": 1.274518}}
{"target": -18.302526838650333, "params": {"C": 14.570875496924735, "epsilon": 0.9531249645960393, "gamma": 0.07780522962770127}, "datetime": {"datetime": "2021-09-27 20:34:14", "elapsed": 149.798093, "delta": 1.621231}}
{"target": -24.803712791604614, "params": {"C": 14.490588998160547, "epsilon": 0.9319153976192531, "gamma": 0.2754945848511311}, "datetime": {"datetime": "2021-09-27 20:34:16", "elapsed": 151.484116, "delta": 1.686023}}
{"target": -21.855857951570616, "params": {"C": 2.374600131153964, "epsilon": 0.74621168245056, "gamma": 0.08777460159534185}, "datetime": {"datetime": "2021-09-27 20:34:16", "elapsed": 152.259157, "delta": 0.775041}}
{"target": -22.578183872384802, "params": {"C": 14.534295804017955, "epsilon": 0.7579253692796004, "gamma": 0.001}, "datetime": {"datetime": "2021-09-27 20:34:18", "elapsed": 153.864685, "delta": 1.605528}}
{"target": -25.842051328772577, "params": {"C": 61.17857724579656, "epsilon": 0.8809879367850534, "gamma": 0.19446681646009956}, "datetime": {"datetime": "2021-09-27 20:34:20", "elapsed": 155.466695, "delta": 1.60201}}
{"target": -26.897941761109433, "params": {"C": 34.55870367319184, "epsilon": 0.3164379741973769, "gamma": 0.3637748586510478}, "datetime": {"datetime": "2021-09-27 20:34:21", "elapsed": 156.384996, "delta": 0.918301}}
{"target": -20.01290055963521, "params": {"C": 14.84672783100716, "epsilon": 0.98052313381607, "gamma": 0.12698526689387588}, "datetime": {"datetime": "2021-09-27 20:34:23", "elapsed": 158.364994, "delta": 1.979998}}
{"target": -21.80571933174654, "params": {"C": 40.50960496921891, "epsilon": 0.001, "gamma": 0.001}, "datetime": {"datetime": "2021-09-27 20:34:24", "elapsed": 159.979162, "delta": 1.614168}}
{"target": -26.033837427916577, "params": {"C": 40.657200585213616, "epsilon": 0.03685201721864273, "gamma": 0.31243687247009755}, "datetime": {"datetime": "2021-09-27 20:34:26", "elapsed": 161.886523, "delta": 1.907361}}
{"target": -17.093833898145725, "params": {"C": 9.381441403269898, "epsilon": 0.3263137274657379, "gamma": 0.03496800645410972}, "datetime": {"datetime": "2021-09-27 20:34:28", "elapsed": 163.679354, "delta": 1.792831}}
{"target": -18.240263819334153, "params": {"C": 33.5012375597094, "epsilon": 0.4186334610311924, "gamma": 0.07207183723053309}, "datetime": {"datetime": "2021-09-27 20:34:29", "elapsed": 164.6654, "delta": 0.986046}}
{"target": -24.939231496252486, "params": {"C": 13.690296718858109, "epsilon": 0.03694990767892998, "gamma": 0.33211194733317084}, "datetime": {"datetime": "2021-09-27 20:34:30", "elapsed": 165.705396, "delta": 1.039996}}
{"target": -17.558157254584682, "params": {"C": 9.433378832427898, "epsilon": 0.1372899324339396, "gamma": 0.022996410498074788}, "datetime": {"datetime": "2021-09-27 20:34:31", "elapsed": 167.161401, "delta": 1.456005}}
{"target": -17.11259052038629, "params": {"C": 9.21938273417467, "epsilon": 0.17847719177185895, "gamma": 0.03369918918379352}, "datetime": {"datetime": "2021-09-27 20:34:33", "elapsed": 168.827092, "delta": 1.665691}}
{"target": -22.698656887382295, "params": {"C": 9.332412393120812, "epsilon": 0.1950390889833247, "gamma": 0.20135064939830946}, "datetime": {"datetime": "2021-09-27 20:34:35", "elapsed": 170.641708, "delta": 1.814616}}
{"target": -26.779291332110596, "params": {"C": 96.66279123572359, "epsilon": 0.5609860500763147, "gamma": 0.23121578158384049}, "datetime": {"datetime": "2021-09-27 20:34:36", "elapsed": 171.516709, "delta": 0.875001}}
{"target": -17.11292593894673, "params": {"C": 9.540802575405888, "epsilon": 0.3506815769006519, "gamma": 0.03440480048833236}, "datetime": {"datetime": "2021-09-27 20:34:37", "elapsed": 173.335708, "delta": 1.818999}}
{"target": -17.115412048270574, "params": {"C": 9.06429510361337, "epsilon": 0.2709119818459599, "gamma": 0.037081655445274364}, "datetime": {"datetime": "2021-09-27 20:34:39", "elapsed": 175.017051, "delta": 1.681343}}
{"target": -20.22598846962315, "params": {"C": 9.059380148001992, "epsilon": 0.027741917204327532, "gamma": 0.1347451404414719}, "datetime": {"datetime": "2021-09-27 20:34:41", "elapsed": 176.960695, "delta": 1.943644}}
{"target": -18.81070785121765, "params": {"C": 33.51488195176587, "epsilon": 0.4260653073515491, "gamma": 0.09320448735508027}, "datetime": {"datetime": "2021-09-27 20:34:42", "elapsed": 177.849692, "delta": 0.888997}}
{"target": -20.412360217878014, "params": {"C": 33.28663203777401, "epsilon": 0.4266266073262566, "gamma": 0.002671296574828531}, "datetime": {"datetime": "2021-09-27 20:34:44", "elapsed": 179.408584, "delta": 1.558892}}
{"target": -19.999313468533288, "params": {"C": 8.82239385002799, "epsilon": 0.20001719547374125, "gamma": 0.12841066727088804}, "datetime": {"datetime": "2021-09-27 20:34:45", "elapsed": 181.05859, "delta": 1.650006}}
{"target": -22.367355127393065, "params": {"C": 31.903561362894308, "epsilon": 0.8035606377887824, "gamma": 0.15300247323952315}, "datetime": {"datetime": "2021-09-27 20:34:46", "elapsed": 181.923586, "delta": 0.864996}}
{"target": -17.48817223711831, "params": {"C": 33.46522365091184, "epsilon": 0.17574759324964045, "gamma": 0.03832754153843856}, "datetime": {"datetime": "2021-09-27 20:34:48", "elapsed": 183.8401, "delta": 1.916514}}
{"target": -17.295677112694108, "params": {"C": 27.25132440390158, "epsilon": 0.17323564698711147, "gamma": 0.030818070681603988}, "datetime": {"datetime": "2021-09-27 20:34:49", "elapsed": 184.972923, "delta": 1.132823}}
{"target": -23.59992384668966, "params": {"C": 9.18142643946346, "epsilon": 0.42583546728258836, "gamma": 0.001}, "datetime": {"datetime": "2021-09-27 20:34:52", "elapsed": 187.471928, "delta": 2.499005}}
{"target": -23.245760026096512, "params": {"C": 33.27831802127574, "epsilon": 0.15910298008641272, "gamma": 0.1883967218416219}, "datetime": {"datetime": "2021-09-27 20:34:53", "elapsed": 189.322167, "delta": 1.850239}}
{"target": -20.25675343579175, "params": {"C": 33.674458423740944, "epsilon": 0.2964782893698042, "gamma": 0.0029761730243819946}, "datetime": {"datetime": "2021-09-27 20:34:55", "elapsed": 191.222167, "delta": 1.9}}
{"target": -18.26348291877982, "params": {"C": 9.619419602544461, "epsilon": 0.14083759943147808, "gamma": 0.013734919551441172}, "datetime": {"datetime": "2021-09-27 20:34:57", "elapsed": 192.957373, "delta": 1.735206}}
{"target": -23.516555837015787, "params": {"C": 8.989738461684455, "epsilon": 0.13518896609093856, "gamma": 0.001}, "datetime": {"datetime": "2021-09-27 20:34:59", "elapsed": 194.95055, "delta": 1.993177}}
{"target": -23.58770257454684, "params": {"C": 9.018891126967484, "epsilon": 0.28799524870423615, "gamma": 0.2324258358815517}, "datetime": {"datetime": "2021-09-27 20:35:02", "elapsed": 197.642236, "delta": 2.691686}}
{"target": -32.30547997395581, "params": {"C": 25.759141847787284, "epsilon": 0.23520879953582224, "gamma": 0.8155675801233901}, "datetime": {"datetime": "2021-09-27 20:35:03", "elapsed": 198.843438, "delta": 1.201202}}
{"target": -20.039081344025046, "params": {"C": 31.535295254725078, "epsilon": 0.01332314873979152, "gamma": 0.003336284262394582}, "datetime": {"datetime": "2021-09-27 20:35:05", "elapsed": 200.622218, "delta": 1.77878}}
{"target": -23.931005727518084, "params": {"C": 9.772158394756712, "epsilon": 0.1765676568671074, "gamma": 0.24807679896463328}, "datetime": {"datetime": "2021-09-27 20:35:07", "elapsed": 202.76605, "delta": 2.143832}}
{"target": -18.069872470879524, "params": {"C": 14.537181125448992, "epsilon": 0.7325000234849294, "gamma": 0.02064313018896911}, "datetime": {"datetime": "2021-09-27 20:35:08", "elapsed": 203.759359, "delta": 0.993309}}
{"target": -19.547943812048647, "params": {"C": 28.68169456872818, "epsilon": 0.7171353806979925, "gamma": 0.09889638726660355}, "datetime": {"datetime": "2021-09-27 20:35:09", "elapsed": 204.743356, "delta": 0.983997}}
{"target": -17.445887120878133, "params": {"C": 14.579526221698016, "epsilon": 0.6257673743955564, "gamma": 0.05319898307151675}, "datetime": {"datetime": "2021-09-27 20:35:11", "elapsed": 206.75547, "delta": 2.012114}}
{"target": -22.058524767210546, "params": {"C": 14.515775390113733, "epsilon": 0.7332413086019599, "gamma": 0.18288119208413461}, "datetime": {"datetime": "2021-09-27 20:35:13", "elapsed": 208.606556, "delta": 1.851086}}
{"target": -22.01091289924907, "params": {"C": 33.54553472544954, "epsilon": 0.0013801254122671987, "gamma": 0.001}, "datetime": {"datetime": "2021-09-27 20:35:15", "elapsed": 210.978549, "delta": 2.371993}}
{"target": -17.688635324424048, "params": {"C": 14.46249252073387, "epsilon": 0.627334795966263, "gamma": 0.06414042789850014}, "datetime": {"datetime": "2021-09-27 20:35:17", "elapsed": 212.998781, "delta": 2.020232}}
{"target": -17.85127382835342, "params": {"C": 61.024755178240824, "epsilon": 0.7015507130285235, "gamma": 0.02542557731280653}, "datetime": {"datetime": "2021-09-27 20:35:19", "elapsed": 215.098579, "delta": 2.099798}}
{"target": -32.14643215534209, "params": {"C": 14.364167919904201, "epsilon": 0.057219520958202465, "gamma": 0.9030272550857442}, "datetime": {"datetime": "2021-09-27 20:35:20", "elapsed": 216.183581, "delta": 1.085002}}
{"target": -27.130822086377144, "params": {"C": 7.939343267387619, "epsilon": 0.9748711637378643, "gamma": 0.40518228813134893}, "datetime": {"datetime": "2021-09-27 20:35:21", "elapsed": 217.182781, "delta": 0.9992}}
{"target": -29.814544945462433, "params": {"C": 26.73631557168405, "epsilon": 0.21664958546738325, "gamma": 0.6151525563915853}, "datetime": {"datetime": "2021-09-27 20:35:22", "elapsed": 218.324782, "delta": 1.142001}}
{"target": -22.022328622318028, "params": {"C": 27.613330650503684, "epsilon": 0.5790111593062777, "gamma": 0.001}, "datetime": {"datetime": "2021-09-27 20:35:25", "elapsed": 220.580313, "delta": 2.255531}}
{"target": -24.806149946575257, "params": {"C": 29.87048759228753, "epsilon": 0.734590878270031, "gamma": 0.22656460776858742}, "datetime": {"datetime": "2021-09-27 20:35:27", "elapsed": 222.368175, "delta": 1.787862}}
{"target": -19.61837978461767, "params": {"C": 6.040999431440344, "epsilon": 0.30271308474479575, "gamma": 0.101744149434678}, "datetime": {"datetime": "2021-09-27 20:35:28", "elapsed": 223.389714, "delta": 1.021539}}
{"target": -17.955445964003047, "params": {"C": 28.179194228127688, "epsilon": 0.5704943648745159, "gamma": 0.018166869623993838}, "datetime": {"datetime": "2021-09-27 20:35:30", "elapsed": 225.436638, "delta": 2.046924}}
{"target": -23.52332469645274, "params": {"C": 27.59026037018903, "epsilon": 0.26003909757399357, "gamma": 0.2083411453587313}, "datetime": {"datetime": "2021-09-27 20:35:32", "elapsed": 228.077609, "delta": 2.640971}}
{"target": -19.60041347238096, "params": {"C": 31.272957683294255, "epsilon": 0.11396095850379852, "gamma": 0.1109280472402704}, "datetime": {"datetime": "2021-09-27 20:35:33", "elapsed": 229.150818, "delta": 1.073209}}
{"target": -21.920403398720968, "params": {"C": 33.46666739936119, "epsilon": 0.5994706147040347, "gamma": 0.001}, "datetime": {"datetime": "2021-09-27 20:35:35", "elapsed": 231.331069, "delta": 2.180251}}
{"target": -18.016160471915256, "params": {"C": 27.9819380722036, "epsilon": 0.4309827956426911, "gamma": 0.01164970564471944}, "datetime": {"datetime": "2021-09-27 20:35:38", "elapsed": 233.639958, "delta": 2.308889}}
{"target": -17.632242302718613, "params": {"C": 26.918270465609986, "epsilon": 0.6952561786234105, "gamma": 0.02625147823704881}, "datetime": {"datetime": "2021-09-27 20:35:39", "elapsed": 234.739256, "delta": 1.099298}}
{"target": -23.86759301850212, "params": {"C": 26.921441745516024, "epsilon": 0.7209364426008987, "gamma": 0.20542692995706371}, "datetime": {"datetime": "2021-09-27 20:35:41", "elapsed": 236.98302, "delta": 2.243764}}
{"target": -17.618155041276836, "params": {"C": 26.932039004995517, "epsilon": 0.7971031277743464, "gamma": 0.04555626384614748}, "datetime": {"datetime": "2021-09-27 20:35:43", "elapsed": 238.821202, "delta": 1.838182}}
{"target": -19.70590503167085, "params": {"C": 9.485396776293753, "epsilon": 0.4433276224063535, "gamma": 0.006327166674082811}, "datetime": {"datetime": "2021-09-27 20:35:45", "elapsed": 240.676604, "delta": 1.855402}}
{"target": -17.610139009897114, "params": {"C": 29.912427797559697, "epsilon": 0.671473090387357, "gamma": 0.046381400480352684}, "datetime": {"datetime": "2021-09-27 20:35:46", "elapsed": 241.912515, "delta": 1.235911}}
{"target": -20.221888061463353, "params": {"C": 29.810872187691, "epsilon": 0.5851733651294063, "gamma": 0.11571466797857027}, "datetime": {"datetime": "2021-09-27 20:35:48", "elapsed": 244.035381, "delta": 2.122866}}
{"target": -32.2042785662667, "params": {"C": 21.381930395189464, "epsilon": 0.6225988837426856, "gamma": 0.8039418351551302}, "datetime": {"datetime": "2021-09-27 20:35:49", "elapsed": 245.030713, "delta": 0.995332}}
{"target": -17.395694463337925, "params": {"C": 31.23246624296036, "epsilon": 0.2764918897344223, "gamma": 0.031291007746051064}, "datetime": {"datetime": "2021-09-27 20:35:52", "elapsed": 247.62488, "delta": 2.594167}}
{"target": -20.299788510459283, "params": {"C": 33.514127094071064, "epsilon": 0.23375921633319932, "gamma": 0.11861178199995136}, "datetime": {"datetime": "2021-09-27 20:35:54", "elapsed": 249.775594, "delta": 2.150714}}
{"target": -22.02840452127314, "params": {"C": 29.3896123496275, "epsilon": 0.25662419464772346, "gamma": 0.001}, "datetime": {"datetime": "2021-09-27 20:35:56", "elapsed": 251.563239, "delta": 1.787645}}
{"target": -27.084259889532248, "params": {"C": 17.669655036387205, "epsilon": 0.373736785321191, "gamma": 0.4576454857346851}, "datetime": {"datetime": "2021-09-27 20:35:57", "elapsed": 253.075277, "delta": 1.512038}}
{"target": -18.14352527196366, "params": {"C": 26.797671008616756, "epsilon": 0.7132821811783884, "gamma": 0.07385149024761845}, "datetime": {"datetime": "2021-09-27 20:36:00", "elapsed": 255.503992, "delta": 2.428715}}
{"target": -31.28739644399522, "params": {"C": 12.59026788223068, "epsilon": 0.7763301673246705, "gamma": 0.7683733921345338}, "datetime": {"datetime": "2021-09-27 20:36:01", "elapsed": 256.754995, "delta": 1.251003}}
{"target": -17.51656706751153, "params": {"C": 30.09059920169381, "epsilon": 0.5470003195116265, "gamma": 0.054427385414729}, "datetime": {"datetime": "2021-09-27 20:36:03", "elapsed": 259.1717, "delta": 2.416705}}
{"target": -25.079266427979285, "params": {"C": 27.901216509342365, "epsilon": 0.546410383951338, "gamma": 0.25045882189873814}, "datetime": {"datetime": "2021-09-27 20:36:07", "elapsed": 262.508995, "delta": 3.337295}}
{"target": -20.510226070874012, "params": {"C": 61.154448172437014, "epsilon": 0.501728092065865, "gamma": 0.0021481953018968277}, "datetime": {"datetime": "2021-09-27 20:36:09", "elapsed": 264.981339, "delta": 2.472344}}
{"target": -30.60647900678034, "params": {"C": 23.911717052765646, "epsilon": 0.31783666348267975, "gamma": 0.6850167352420835}, "datetime": {"datetime": "2021-09-27 20:36:10", "elapsed": 266.116156, "delta": 1.134817}}
{"target": -17.454907398168537, "params": {"C": 30.188420602032334, "epsilon": 0.7058989439728584, "gamma": 0.028050865265084417}, "datetime": {"datetime": "2021-09-27 20:36:13", "elapsed": 268.408404, "delta": 2.292248}}
{"target": -22.06548185562246, "params": {"C": 27.563987946449267, "epsilon": 0.2607175122019231, "gamma": 0.001}, "datetime": {"datetime": "2021-09-27 20:36:15", "elapsed": 271.121511, "delta": 2.713107}}
{"target": -23.101824438478644, "params": {"C": 61.21578043663619, "epsilon": 0.23284960383966852, "gamma": 0.1569695706766503}, "datetime": {"datetime": "2021-09-27 20:36:18", "elapsed": 273.477514, "delta": 2.356003}}
{"target": -18.402188214817777, "params": {"C": 14.703573253645706, "epsilon": 1.0, "gamma": 0.01680462926698328}, "datetime": {"datetime": "2021-09-27 20:36:20", "elapsed": 275.996896, "delta": 2.519382}}
{"target": -23.4183461737873, "params": {"C": 9.284347523121008, "epsilon": 0.021872241741886685, "gamma": 0.001}, "datetime": {"datetime": "2021-09-27 20:36:23", "elapsed": 278.644996, "delta": 2.6481}}
{"target": -31.78222009077116, "params": {"C": 14.198698449208154, "epsilon": 0.8126429260137821, "gamma": 0.8044183726090288}, "datetime": {"datetime": "2021-09-27 20:36:24", "elapsed": 279.805018, "delta": 1.160022}}
{"target": -21.73736489060755, "params": {"C": 31.49139556498123, "epsilon": 0.6766625874503011, "gamma": 0.14412781079252102}, "datetime": {"datetime": "2021-09-27 20:36:26", "elapsed": 281.537623, "delta": 1.732605}}
{"target": -21.587019390308367, "params": {"C": 21.186040569327645, "epsilon": 0.9040983114246852, "gamma": 0.14821480707550735}, "datetime": {"datetime": "2021-09-27 20:36:27", "elapsed": 282.757628, "delta": 1.220005}}
{"target": -21.97466757877787, "params": {"C": 30.264978411852283, "epsilon": 0.572865805524029, "gamma": 0.001}, "datetime": {"datetime": "2021-09-27 20:36:30", "elapsed": 286.09859, "delta": 3.340962}}
{"target": -22.49402959436461, "params": {"C": 30.152142592972776, "epsilon": 0.6142594521127761, "gamma": 0.16444571998607402}, "datetime": {"datetime": "2021-09-27 20:36:33", "elapsed": 288.582274, "delta": 2.483684}}
{"target": -28.468761132235578, "params": {"C": 54.95929430062926, "epsilon": 0.08743518857306021, "gamma": 0.45443209985482885}, "datetime": {"datetime": "2021-09-27 20:36:34", "elapsed": 289.682592, "delta": 1.100318}}
{"target": -22.486347628487515, "params": {"C": 98.07057977973221, "epsilon": 0.47457217975647903, "gamma": 0.12331143661249862}, "datetime": {"datetime": "2021-09-27 20:36:35", "elapsed": 291.210726, "delta": 1.528134}}
{"target": -20.749080426866374, "params": {"C": 29.590360406900704, "epsilon": 0.3891371995110535, "gamma": 0.12842651586076825}, "datetime": {"datetime": "2021-09-27 20:36:38", "elapsed": 294.192725, "delta": 2.981999}}
{"target": -17.379984052826465, "params": {"C": 27.787528106808182, "epsilon": 0.18663920052820648, "gamma": 0.026796248111725835}, "datetime": {"datetime": "2021-09-27 20:36:42", "elapsed": 297.417622, "delta": 3.224897}}
{"target": -17.854740040203097, "params": {"C": 30.04094675470025, "epsilon": 0.6983250050096235, "gamma": 0.022542749200318426}, "datetime": {"datetime": "2021-09-27 20:36:45", "elapsed": 300.408254, "delta": 2.990632}}
{"target": -24.970521882256026, "params": {"C": 60.53686355050777, "epsilon": 0.08403103182452899, "gamma": 0.20558154694897557}, "datetime": {"datetime": "2021-09-27 20:36:47", "elapsed": 302.784855, "delta": 2.376601}}
{"target": -17.755613951757322, "params": {"C": 26.918413094060515, "epsilon": 0.041819978320814875, "gamma": 0.06188504735382726}, "datetime": {"datetime": "2021-09-27 20:36:50", "elapsed": 306.217615, "delta": 3.43276}}
{"target": -21.723336350618798, "params": {"C": 60.81972867822328, "epsilon": 0.15585600601852467, "gamma": 0.001}, "datetime": {"datetime": "2021-09-27 20:36:53", "elapsed": 308.919656, "delta": 2.702041}}
{"target": -32.958756459252406, "params": {"C": 75.8960633578099, "epsilon": 0.26098608245704524, "gamma": 0.8396863344739477}, "datetime": {"datetime": "2021-09-27 20:36:54", "elapsed": 310.170298, "delta": 1.250642}}
{"target": -21.768595537141387, "params": {"C": 61.11338159242065, "epsilon": 0.25932978962513764, "gamma": 0.001}, "datetime": {"datetime": "2021-09-27 20:36:59", "elapsed": 314.450523, "delta": 4.280225}}
{"target": -21.9265935007441, "params": {"C": 30.27216531759553, "epsilon": 0.8547078903333561, "gamma": 0.001}, "datetime": {"datetime": "2021-09-27 20:37:02", "elapsed": 317.670934, "delta": 3.220411}}
{"target": -19.536359932330395, "params": {"C": 26.929919239720824, "epsilon": 0.1685863018065875, "gamma": 0.11168425257867547}, "datetime": {"datetime": "2021-09-27 20:37:05", "elapsed": 320.752198, "delta": 3.081264}}
