{"target": -16.809063799135078, "params": {"C": 29.317582080306337, "epsilon": 0.33422439622077105, "gamma": 0.03443874527658193}, "datetime": {"datetime": "2021-09-27 21:42:03", "elapsed": 49.265158, "delta": 1.06453}}
{"target": -17.66367532911339, "params": {"C": 58.004356033894226, "epsilon": 0.08215654581603815, "gamma": 0.0449413081278164}, "datetime": {"datetime": "2021-09-27 21:42:04", "elapsed": 49.99642, "delta": 0.731262}}
{"target": -18.311442457553497, "params": {"C": 88.1111103503314, "epsilon": 0.3879429453370335, "gamma": 0.05625948939402699}, "datetime": {"datetime": "2021-09-27 21:42:05", "elapsed": 50.720416, "delta": 0.723996}}
{"target": -20.7610811196777, "params": {"C": 20.493182292041805, "epsilon": 0.22628611681694977, "gamma": 0.11861777471168578}, "datetime": {"datetime": "2021-09-27 21:42:06", "elapsed": 51.499422, "delta": 0.779006}}
{"target": -17.1283176288973, "params": {"C": 88.4395180514748, "epsilon": 0.023702205547045368, "gamma": 0.00689396169567506}, "datetime": {"datetime": "2021-09-27 21:42:06", "elapsed": 52.084417, "delta": 0.584995}}
{"target": -19.004232682691416, "params": {"C": 64.53690127714843, "epsilon": 0.24804080432857156, "gamma": 0.002}, "datetime": {"datetime": "2021-09-27 21:42:07", "elapsed": 52.909422, "delta": 0.825005}}
{"target": -17.283850322233725, "params": {"C": 57.39080943199989, "epsilon": 0.39367919176366767, "gamma": 0.018788718328564137}, "datetime": {"datetime": "2021-09-27 21:42:08", "elapsed": 53.403697, "delta": 0.494275}}
{"target": -17.59967315577682, "params": {"C": 39.23216249836586, "epsilon": 0.09080822615535003, "gamma": 0.059355971165434666}, "datetime": {"datetime": "2021-09-27 21:42:08", "elapsed": 53.912699, "delta": 0.509002}}
{"target": -17.84043306753541, "params": {"C": 89.36797464091545, "epsilon": 0.04262295049307039, "gamma": 0.05357621785608613}, "datetime": {"datetime": "2021-09-27 21:42:09", "elapsed": 54.480351, "delta": 0.567652}}
{"target": -21.5982798194508, "params": {"C": 21.344938132556532, "epsilon": 0.001, "gamma": 0.13308880971453382}, "datetime": {"datetime": "2021-09-27 21:42:10", "elapsed": 55.493168, "delta": 1.012817}}
{"target": -31.127496102603043, "params": {"C": 80.79271819962459, "epsilon": 0.13333414572616462, "gamma": 0.46506871633985997}, "datetime": {"datetime": "2021-09-27 21:42:10", "elapsed": 56.024168, "delta": 0.531}}
{"target": -19.854651777998534, "params": {"C": 21.470712628047128, "epsilon": 0.23492257711254952, "gamma": 0.10269500354511857}, "datetime": {"datetime": "2021-09-27 21:42:11", "elapsed": 56.855163, "delta": 0.830995}}
{"target": -17.645708502960325, "params": {"C": 39.48685633747784, "epsilon": 0.0878329561191386, "gamma": 0.05547563152232621}, "datetime": {"datetime": "2021-09-27 21:42:12", "elapsed": 57.613166, "delta": 0.758003}}
{"target": -25.798797070251076, "params": {"C": 39.37637964491546, "epsilon": 0.1536489307441888, "gamma": 0.22512894393940103}, "datetime": {"datetime": "2021-09-27 21:42:13", "elapsed": 58.51894, "delta": 0.905774}}
{"target": -17.111179425416708, "params": {"C": 88.1925394113467, "epsilon": 0.06519965016114508, "gamma": 0.006585247915934465}, "datetime": {"datetime": "2021-09-27 21:42:14", "elapsed": 59.510158, "delta": 0.991218}}
{"target": -17.091884857432788, "params": {"C": 71.16182612378537, "epsilon": 0.2747820042763931, "gamma": 0.008224755120325406}, "datetime": {"datetime": "2021-09-27 21:42:15", "elapsed": 60.430162, "delta": 0.920004}}
{"target": -31.127627427233147, "params": {"C": 82.30299670854399, "epsilon": 0.28805746196760557, "gamma": 0.44755871837676464}, "datetime": {"datetime": "2021-09-27 21:42:15", "elapsed": 61.033159, "delta": 0.602997}}
{"target": -18.43441213264111, "params": {"C": 87.03279034355148, "epsilon": 0.21980521136861456, "gamma": 0.0020367218451951487}, "datetime": {"datetime": "2021-09-27 21:42:16", "elapsed": 62.141311, "delta": 1.108152}}
{"target": -17.620463377958238, "params": {"C": 39.740747006982815, "epsilon": 0.00596174194970064, "gamma": 0.05779961945925622}, "datetime": {"datetime": "2021-09-27 21:42:17", "elapsed": 63.145313, "delta": 1.004002}}
{"target": -17.588386747851423, "params": {"C": 39.78148349336476, "epsilon": 0.2328202809442626, "gamma": 0.003913564183149381}, "datetime": {"datetime": "2021-09-27 21:42:18", "elapsed": 64.176586, "delta": 1.031273}}
{"target": -27.143544703099604, "params": {"C": 39.87861429027622, "epsilon": 0.19562584564278682, "gamma": 0.27510636860473975}, "datetime": {"datetime": "2021-09-27 21:42:19", "elapsed": 65.198587, "delta": 1.022001}}
{"target": -17.88528454059914, "params": {"C": 70.62093371326762, "epsilon": 0.027920636307573545, "gamma": 0.018231061656876393}, "datetime": {"datetime": "2021-09-27 21:42:20", "elapsed": 66.193667, "delta": 0.99508}}
{"target": -17.791970481776147, "params": {"C": 64.31560453968217, "epsilon": 0.0018591184391632924, "gamma": 0.03801758664578277}, "datetime": {"datetime": "2021-09-27 21:42:22", "elapsed": 67.352672, "delta": 1.159005}}
{"target": -17.48919873862399, "params": {"C": 71.51635331869024, "epsilon": 0.08114232983297343, "gamma": 0.013223452381309312}, "datetime": {"datetime": "2021-09-27 21:42:23", "elapsed": 68.348053, "delta": 0.995381}}
{"target": -16.84506676813708, "params": {"C": 39.56358498948348, "epsilon": 0.35064026088949857, "gamma": 0.009029738250870667}, "datetime": {"datetime": "2021-09-27 21:42:23", "elapsed": 69.212054, "delta": 0.864001}}
{"target": -17.719048310266917, "params": {"C": 64.12752438164082, "epsilon": 0.1631525005506676, "gamma": 0.03613940442604917}, "datetime": {"datetime": "2021-09-27 21:42:24", "elapsed": 70.084291, "delta": 0.872237}}
{"target": -17.76478456592958, "params": {"C": 71.33791386728748, "epsilon": 0.12220864574599549, "gamma": 0.03458903890054166}, "datetime": {"datetime": "2021-09-27 21:42:25", "elapsed": 71.085289, "delta": 1.000998}}
{"target": -18.944994578069892, "params": {"C": 63.92866577246283, "epsilon": 0.001, "gamma": 0.002}, "datetime": {"datetime": "2021-09-27 21:42:26", "elapsed": 72.041033, "delta": 0.955744}}
{"target": -16.935386613967083, "params": {"C": 30.08197534765353, "epsilon": 0.3604957894408617, "gamma": 0.022993722633353197}, "datetime": {"datetime": "2021-09-27 21:42:27", "elapsed": 72.981032, "delta": 0.939999}}
{"target": -17.558827567431134, "params": {"C": 29.940663073303668, "epsilon": 0.14770077388633912, "gamma": 0.004837509987882951}, "datetime": {"datetime": "2021-09-27 21:42:28", "elapsed": 74.041178, "delta": 1.060146}}
{"target": -26.45401125138338, "params": {"C": 64.90634085230464, "epsilon": 0.3001564968269923, "gamma": 0.20930782349323288}, "datetime": {"datetime": "2021-09-27 21:42:29", "elapsed": 75.044795, "delta": 1.003617}}
{"target": -17.70368847884476, "params": {"C": 70.61415475839473, "epsilon": 0.03069864672563567, "gamma": 0.01666759906309693}, "datetime": {"datetime": "2021-09-27 21:42:30", "elapsed": 75.653055, "delta": 0.60826}}
{"target": -17.84007091638838, "params": {"C": 65.12711854901934, "epsilon": 0.04254984912771613, "gamma": 0.019759357784081333}, "datetime": {"datetime": "2021-09-27 21:42:31", "elapsed": 76.496057, "delta": 0.843002}}
{"target": -18.817189463451687, "params": {"C": 63.89117835994799, "epsilon": 0.3235315199657847, "gamma": 0.002}, "datetime": {"datetime": "2021-09-27 21:42:32", "elapsed": 77.60604, "delta": 1.109983}}
{"target": -24.933904158835198, "params": {"C": 10.665533420059747, "epsilon": 0.3067680818801849, "gamma": 0.21679237054267567}, "datetime": {"datetime": "2021-09-27 21:42:32", "elapsed": 78.240038, "delta": 0.633998}}
{"target": -16.761725035246126, "params": {"C": 20.81897141436836, "epsilon": 0.396309786832425, "gamma": 0.020307191883748972}, "datetime": {"datetime": "2021-09-27 21:42:33", "elapsed": 79.142043, "delta": 0.902005}}
{"target": -16.9591772645407, "params": {"C": 13.60881489294638, "epsilon": 0.27896301376530697, "gamma": 0.029682463659230496}, "datetime": {"datetime": "2021-09-27 21:42:34", "elapsed": 79.812901, "delta": 0.670858}}
{"target": -27.175879774252802, "params": {"C": 88.10190030320979, "epsilon": 0.2978440367784739, "gamma": 0.2158010078602139}, "datetime": {"datetime": "2021-09-27 21:42:35", "elapsed": 80.453912, "delta": 0.641011}}
{"target": -20.773469674608293, "params": {"C": 13.369283804746768, "epsilon": 0.2999630594706719, "gamma": 0.002}, "datetime": {"datetime": "2021-09-27 21:42:36", "elapsed": 81.711304, "delta": 1.257392}}
{"target": -17.382392672382725, "params": {"C": 13.798684074966468, "epsilon": 0.1054774512180979, "gamma": 0.05223998820407235}, "datetime": {"datetime": "2021-09-27 21:42:37", "elapsed": 82.921302, "delta": 1.209998}}
{"target": -16.90564266600724, "params": {"C": 13.848085729538948, "epsilon": 0.36805858745731895, "gamma": 0.027750161199091634}, "datetime": {"datetime": "2021-09-27 21:42:38", "elapsed": 83.755011, "delta": 0.833709}}
{"target": -25.151774061143627, "params": {"C": 13.709013993995292, "epsilon": 0.2915890067196294, "gamma": 0.2424947623299062}, "datetime": {"datetime": "2021-09-27 21:42:39", "elapsed": 84.765031, "delta": 1.01002}}
{"target": -16.946634137576364, "params": {"C": 14.086191476596133, "epsilon": 0.21046508956692941, "gamma": 0.03805892311426359}, "datetime": {"datetime": "2021-09-27 21:42:40", "elapsed": 86.049699, "delta": 1.284668}}
{"target": -23.19197871572256, "params": {"C": 14.081617870528358, "epsilon": 0.015685985762378448, "gamma": 0.17245566575803636}, "datetime": {"datetime": "2021-09-27 21:42:41", "elapsed": 87.201703, "delta": 1.152004}}
{"target": -24.289952570469445, "params": {"C": 14.219380646510634, "epsilon": 0.3510841091545447, "gamma": 0.21110164608213397}, "datetime": {"datetime": "2021-09-27 21:42:43", "elapsed": 88.372538, "delta": 1.170835}}
{"target": -17.823438102487604, "params": {"C": 88.98356604799689, "epsilon": 0.36572084214721734, "gamma": 0.029188813725477526}, "datetime": {"datetime": "2021-09-27 21:42:44", "elapsed": 89.646702, "delta": 1.274164}}
{"target": -16.85535815798049, "params": {"C": 13.526546881745121, "epsilon": 0.0966320235367852, "gamma": 0.01104324940127929}, "datetime": {"datetime": "2021-09-27 21:42:45", "elapsed": 90.753702, "delta": 1.107}}
{"target": -17.512215463800743, "params": {"C": 57.324443446666685, "epsilon": 0.08846153202569379, "gamma": 0.020338831045064676}, "datetime": {"datetime": "2021-09-27 21:42:46", "elapsed": 91.427699, "delta": 0.673997}}
{"target": -26.691798877350365, "params": {"C": 71.14504720500409, "epsilon": 0.36137774739054007, "gamma": 0.20650379356973433}, "datetime": {"datetime": "2021-09-27 21:42:47", "elapsed": 92.926909, "delta": 1.49921}}
{"target": -31.528595518838863, "params": {"C": 96.85998995306664, "epsilon": 0.14806479649667256, "gamma": 0.48718070465707614}, "datetime": {"datetime": "2021-09-27 21:42:48", "elapsed": 93.575769, "delta": 0.64886}}
{"target": -29.69486801060671, "params": {"C": 64.90961257885643, "epsilon": 0.1274899358129237, "gamma": 0.3608092599031721}, "datetime": {"datetime": "2021-09-27 21:42:48", "elapsed": 94.247767, "delta": 0.671998}}
{"target": -27.438562692197387, "params": {"C": 97.48067120219775, "epsilon": 0.08028852221204057, "gamma": 0.22967543480453692}, "datetime": {"datetime": "2021-09-27 21:42:49", "elapsed": 94.984664, "delta": 0.736897}}
{"target": -17.01929284032374, "params": {"C": 20.84838552568584, "epsilon": 0.13168934890348188, "gamma": 0.023830052985999974}, "datetime": {"datetime": "2021-09-27 21:42:50", "elapsed": 96.276903, "delta": 1.292239}}
{"target": -26.238723970631376, "params": {"C": 63.71011504849642, "epsilon": 0.16437679485824455, "gamma": 0.2114689018652677}, "datetime": {"datetime": "2021-09-27 21:42:52", "elapsed": 97.535905, "delta": 1.259002}}
{"target": -27.382873399217534, "params": {"C": 52.67416093058346, "epsilon": 0.3182233544302519, "gamma": 0.25616989997614537}, "datetime": {"datetime": "2021-09-27 21:42:52", "elapsed": 98.306368, "delta": 0.770463}}
{"target": -17.211382501679235, "params": {"C": 13.237146819114821, "epsilon": 0.01364415673366274, "gamma": 0.041202756852873106}, "datetime": {"datetime": "2021-09-27 21:42:54", "elapsed": 99.577052, "delta": 1.270684}}
{"target": -25.897783267606876, "params": {"C": 13.248486099717907, "epsilon": 0.052196272936412394, "gamma": 0.2744178329216891}, "datetime": {"datetime": "2021-09-27 21:42:55", "elapsed": 100.62021, "delta": 1.043158}}
{"target": -16.604418335505084, "params": {"C": 13.023232060056614, "epsilon": 0.011014823872955489, "gamma": 0.014192733419487215}, "datetime": {"datetime": "2021-09-27 21:42:56", "elapsed": 101.939784, "delta": 1.319574}}
{"target": -17.02241809230682, "params": {"C": 12.845141946456279, "epsilon": 0.15643794555699123, "gamma": 0.03682335065509819}, "datetime": {"datetime": "2021-09-27 21:42:57", "elapsed": 103.087786, "delta": 1.148002}}
{"target": -24.716166025834234, "params": {"C": 12.841656788942553, "epsilon": 0.031531900366853174, "gamma": 0.22279557697358757}, "datetime": {"datetime": "2021-09-27 21:42:58", "elapsed": 104.299764, "delta": 1.211978}}
{"target": -16.881541810846073, "params": {"C": 12.821801959788562, "epsilon": 0.3839612311181777, "gamma": 0.03526047624229235}, "datetime": {"datetime": "2021-09-27 21:43:00", "elapsed": 105.614821, "delta": 1.315057}}
{"target": -17.14151813649939, "params": {"C": 13.004414157632535, "epsilon": 0.34432352338782796, "gamma": 0.01008369409852345}, "datetime": {"datetime": "2021-09-27 21:43:01", "elapsed": 106.817213, "delta": 1.202392}}
{"target": -17.268666172029747, "params": {"C": 39.03925655656672, "epsilon": 0.04404978170734343, "gamma": 0.005068945037769361}, "datetime": {"datetime": "2021-09-27 21:43:02", "elapsed": 108.129458, "delta": 1.312245}}
{"target": -25.707383389511552, "params": {"C": 12.840821540903645, "epsilon": 0.39794686428716713, "gamma": 0.2576365326312192}, "datetime": {"datetime": "2021-09-27 21:43:04", "elapsed": 109.480454, "delta": 1.350996}}
{"target": -22.72816489136583, "params": {"C": 27.158048129232125, "epsilon": 0.029987988575182613, "gamma": 0.1612551529066676}, "datetime": {"datetime": "2021-09-27 21:43:04", "elapsed": 110.311684, "delta": 0.83123}}
{"target": -16.875189671193734, "params": {"C": 30.4983423276044, "epsilon": 0.3515211703625314, "gamma": 0.02454108080813485}, "datetime": {"datetime": "2021-09-27 21:43:06", "elapsed": 111.74533, "delta": 1.433646}}
{"target": -17.86814542882588, "params": {"C": 30.690857061453784, "epsilon": 0.18300581406085242, "gamma": 0.06756705660276373}, "datetime": {"datetime": "2021-09-27 21:43:08", "elapsed": 113.32133, "delta": 1.576}}
{"target": -17.943183456686278, "params": {"C": 88.1120686477832, "epsilon": 0.38758445986173323, "gamma": 0.04693729279240933}, "datetime": {"datetime": "2021-09-27 21:43:08", "elapsed": 114.14607, "delta": 0.82474}}
{"target": -20.57338869478961, "params": {"C": 30.754335783434353, "epsilon": 0.39739527485626863, "gamma": 0.10885876756208149}, "datetime": {"datetime": "2021-09-27 21:43:10", "elapsed": 115.555671, "delta": 1.409601}}
{"target": -17.35891831549129, "params": {"C": 30.41117219121807, "epsilon": 0.1719741607557367, "gamma": 0.04550613064507112}, "datetime": {"datetime": "2021-09-27 21:43:11", "elapsed": 116.787637, "delta": 1.231966}}
{"target": -27.95644834988431, "params": {"C": 30.785602413550926, "epsilon": 0.029482988549691357, "gamma": 0.3484368590764565}, "datetime": {"datetime": "2021-09-27 21:43:12", "elapsed": 117.953179, "delta": 1.165542}}
{"target": -25.399183682231534, "params": {"C": 25.039273110022666, "epsilon": 0.25996846364526366, "gamma": 0.23790788042900882}, "datetime": {"datetime": "2021-09-27 21:43:13", "elapsed": 118.645176, "delta": 0.691997}}
{"target": -19.12481216970275, "params": {"C": 57.05436284802198, "epsilon": 0.001, "gamma": 0.002}, "datetime": {"datetime": "2021-09-27 21:43:14", "elapsed": 119.892279, "delta": 1.247103}}
{"target": -17.878391296375682, "params": {"C": 57.52883783687385, "epsilon": 0.005245302755937782, "gamma": 0.03859277505684495}, "datetime": {"datetime": "2021-09-27 21:43:15", "elapsed": 121.09528, "delta": 1.203001}}
{"target": -21.436481941152138, "params": {"C": 56.624358065156116, "epsilon": 0.0371608440072101, "gamma": 0.11258135318842943}, "datetime": {"datetime": "2021-09-27 21:43:17", "elapsed": 122.53644, "delta": 1.44116}}
{"target": -30.573047884518118, "params": {"C": 6.576025881135495, "epsilon": 0.16312404914858467, "gamma": 0.4601785965590168}, "datetime": {"datetime": "2021-09-27 21:43:18", "elapsed": 123.601447, "delta": 1.065007}}
{"target": -18.045128944526905, "params": {"C": 70.27654766928987, "epsilon": 0.021322138435054528, "gamma": 0.03132690156712982}, "datetime": {"datetime": "2021-09-27 21:43:19", "elapsed": 124.894441, "delta": 1.292994}}
{"target": -17.391578158702174, "params": {"C": 64.1063377259388, "epsilon": 0.399414362332811, "gamma": 0.017371483575578613}, "datetime": {"datetime": "2021-09-27 21:43:21", "elapsed": 126.335265, "delta": 1.440824}}
{"target": -20.693899786419685, "params": {"C": 77.13126576433447, "epsilon": 0.22161548988126203, "gamma": 0.09205098439740142}, "datetime": {"datetime": "2021-09-27 21:43:22", "elapsed": 127.483268, "delta": 1.148003}}
{"target": -31.50891224844184, "params": {"C": 77.3648478119047, "epsilon": 0.23585902111792179, "gamma": 0.49044616178429323}, "datetime": {"datetime": "2021-09-27 21:43:23", "elapsed": 128.931239, "delta": 1.447971}}
{"target": -19.693716369634416, "params": {"C": 30.296811395812988, "epsilon": 0.4, "gamma": 0.002}, "datetime": {"datetime": "2021-09-27 21:43:25", "elapsed": 130.372685, "delta": 1.441446}}
{"target": -17.692117653781004, "params": {"C": 76.77000244846894, "epsilon": 0.02806879039110451, "gamma": 0.04339257507452663}, "datetime": {"datetime": "2021-09-27 21:43:26", "elapsed": 131.738685, "delta": 1.366}}
{"target": -26.052322067786033, "params": {"C": 21.705759525834292, "epsilon": 0.17649592615604287, "gamma": 0.27424465133569254}, "datetime": {"datetime": "2021-09-27 21:43:27", "elapsed": 132.583017, "delta": 0.844332}}
{"target": -17.774940158278905, "params": {"C": 76.5006706540122, "epsilon": 0.15901041516350256, "gamma": 0.0173365435208664}, "datetime": {"datetime": "2021-09-27 21:43:29", "elapsed": 134.374261, "delta": 1.791244}}
{"target": -26.80402244982084, "params": {"C": 76.70968933629669, "epsilon": 0.2884099697946022, "gamma": 0.2120819408683607}, "datetime": {"datetime": "2021-09-27 21:43:30", "elapsed": 136.030492, "delta": 1.656231}}
{"target": -18.14067645018193, "params": {"C": 36.32841352935966, "epsilon": 0.0905200452758039, "gamma": 0.07186290306982919}, "datetime": {"datetime": "2021-09-27 21:43:31", "elapsed": 136.787489, "delta": 0.756997}}
{"target": -17.624995700575525, "params": {"C": 57.55651660755415, "epsilon": 0.18799302440884727, "gamma": 0.04573838731178268}, "datetime": {"datetime": "2021-09-27 21:43:32", "elapsed": 137.649492, "delta": 0.862003}}
{"target": -18.865101594082688, "params": {"C": 76.29681202599815, "epsilon": 0.001, "gamma": 0.002}, "datetime": {"datetime": "2021-09-27 21:43:33", "elapsed": 139.159492, "delta": 1.51}}
{"target": -16.930540634486412, "params": {"C": 36.568243176960664, "epsilon": 0.16535778231868345, "gamma": 0.014745753351473186}, "datetime": {"datetime": "2021-09-27 21:43:35", "elapsed": 140.583305, "delta": 1.423813}}
{"target": -21.2944508219328, "params": {"C": 36.39344168193768, "epsilon": 0.3500043861467698, "gamma": 0.11952250536658013}, "datetime": {"datetime": "2021-09-27 21:43:36", "elapsed": 142.032491, "delta": 1.449186}}
{"target": -17.610175812493463, "params": {"C": 36.81740508523853, "epsilon": 0.040768639336354905, "gamma": 0.004258756711257445}, "datetime": {"datetime": "2021-09-27 21:43:38", "elapsed": 143.659488, "delta": 1.626997}}
{"target": -31.040923334815, "params": {"C": 1.0311383337958446, "epsilon": 0.19863239810127054, "gamma": 0.17931275550171083}, "datetime": {"datetime": "2021-09-27 21:43:39", "elapsed": 144.354091, "delta": 0.694603}}
{"target": -26.73576897246135, "params": {"C": 36.66654724050587, "epsilon": 0.06468496254148078, "gamma": 0.2713044335499184}, "datetime": {"datetime": "2021-09-27 21:43:40", "elapsed": 145.994597, "delta": 1.640506}}
{"target": -26.7052640498811, "params": {"C": 71.20740847773595, "epsilon": 0.18499555719876035, "gamma": 0.22021624047748775}, "datetime": {"datetime": "2021-09-27 21:43:41", "elapsed": 146.770596, "delta": 0.775999}}
{"target": -16.993734618846755, "params": {"C": 36.87234315184106, "epsilon": 0.310237602402483, "gamma": 0.021297074750581686}, "datetime": {"datetime": "2021-09-27 21:43:42", "elapsed": 148.31776, "delta": 1.547164}}
{"target": -16.949100301008997, "params": {"C": 37.09021418260989, "epsilon": 0.16917018616985108, "gamma": 0.014719207553855309}, "datetime": {"datetime": "2021-09-27 21:43:44", "elapsed": 150.273481, "delta": 1.955721}}
{"target": -27.953257227279643, "params": {"C": 21.193620100499924, "epsilon": 0.0029304299701712107, "gamma": 0.38178093157307363}, "datetime": {"datetime": "2021-09-27 21:43:45", "elapsed": 151.043481, "delta": 0.77}}
{"target": -20.986870215266297, "params": {"C": 37.20588095798657, "epsilon": 0.35511177956693135, "gamma": 0.11268537609494833}, "datetime": {"datetime": "2021-09-27 21:43:47", "elapsed": 152.54448, "delta": 1.500999}}
{"target": -17.668708186666404, "params": {"C": 76.14380763145982, "epsilon": 0.26880573663900376, "gamma": 0.04414152488956268}, "datetime": {"datetime": "2021-09-27 21:43:48", "elapsed": 153.981818, "delta": 1.437338}}
{"target": -27.88543632402169, "params": {"C": 76.20731885175978, "epsilon": 0.09729143543327311, "gamma": 0.26790534796169335}, "datetime": {"datetime": "2021-09-27 21:43:50", "elapsed": 155.707412, "delta": 1.725594}}
