{"target": -21.45473236021497, "params": {"C": 31.237978773158247, "epsilon": 1.0, "gamma": 0.001}, "datetime": {"datetime": "2021-09-27 21:19:49", "elapsed": 160.235074, "delta": 1.035586}}
{"target": -21.01657149376134, "params": {"C": 43.01582315289646, "epsilon": 0.001, "gamma": 0.001}, "datetime": {"datetime": "2021-09-27 21:19:51", "elapsed": 161.492415, "delta": 1.257341}}
{"target": -20.49510514680603, "params": {"C": 85.12045844682976, "epsilon": 1.0, "gamma": 0.001}, "datetime": {"datetime": "2021-09-27 21:19:52", "elapsed": 162.652823, "delta": 1.160408}}
{"target": -17.18667224066274, "params": {"C": 44.13041203820838, "epsilon": 0.6556283559544083, "gamma": 0.010059104595882811}, "datetime": {"datetime": "2021-09-27 21:19:53", "elapsed": 163.757339, "delta": 1.104516}}
{"target": -37.208870308613214, "params": {"C": 6.8804088336815425, "epsilon": 0.001, "gamma": 1.0}, "datetime": {"datetime": "2021-09-27 21:19:54", "elapsed": 165.094767, "delta": 1.337428}}
{"target": -16.649496508777215, "params": {"C": 22.0518045424458, "epsilon": 0.025377835622182765, "gamma": 0.0179596536453637}, "datetime": {"datetime": "2021-09-27 21:19:55", "elapsed": 166.435767, "delta": 1.341}}
{"target": -21.140722601042956, "params": {"C": 40.44280219138104, "epsilon": 1.0, "gamma": 0.001}, "datetime": {"datetime": "2021-09-27 21:19:56", "elapsed": 167.447391, "delta": 1.011624}}
{"target": -16.95309293099844, "params": {"C": 57.67168607087662, "epsilon": 0.056363657181203106, "gamma": 0.005638191105463499}, "datetime": {"datetime": "2021-09-27 21:19:58", "elapsed": 168.741222, "delta": 1.293831}}
{"target": -17.776795813670994, "params": {"C": 40.1248648402256, "epsilon": 0.02160927603043223, "gamma": 0.04473875796029609}, "datetime": {"datetime": "2021-09-27 21:19:59", "elapsed": 170.119865, "delta": 1.378643}}
{"target": -36.76980440868988, "params": {"C": 39.7841358777067, "epsilon": 0.001, "gamma": 1.0}, "datetime": {"datetime": "2021-09-27 21:20:01", "elapsed": 171.562307, "delta": 1.442442}}
{"target": -21.027627588207178, "params": {"C": 44.907577734279656, "epsilon": 1.0, "gamma": 0.001}, "datetime": {"datetime": "2021-09-27 21:20:02", "elapsed": 172.989166, "delta": 1.426859}}
{"target": -20.81771494508121, "params": {"C": 58.37789927103483, "epsilon": 0.001, "gamma": 0.001}, "datetime": {"datetime": "2021-09-27 21:20:03", "elapsed": 174.077165, "delta": 1.087999}}
{"target": -21.094911100845376, "params": {"C": 40.77226177741763, "epsilon": 0.001, "gamma": 0.001}, "datetime": {"datetime": "2021-09-27 21:20:05", "elapsed": 175.695155, "delta": 1.61799}}
{"target": -17.441471209777518, "params": {"C": 44.02048688945033, "epsilon": 0.08466437916773775, "gamma": 0.026765991675153384}, "datetime": {"datetime": "2021-09-27 21:20:06", "elapsed": 177.016759, "delta": 1.321604}}
{"target": -20.541263432661438, "params": {"C": 84.32504679049896, "epsilon": 0.001, "gamma": 0.001}, "datetime": {"datetime": "2021-09-27 21:20:08", "elapsed": 178.811665, "delta": 1.794906}}
{"target": -20.914064313534304, "params": {"C": 66.13192912069383, "epsilon": 0.001, "gamma": 0.001}, "datetime": {"datetime": "2021-09-27 21:20:09", "elapsed": 180.061661, "delta": 1.249996}}
{"target": -17.87187378327243, "params": {"C": 93.21355350391082, "epsilon": 0.621883925980052, "gamma": 0.01734870466488132}, "datetime": {"datetime": "2021-09-27 21:20:11", "elapsed": 181.688669, "delta": 1.627008}}
{"target": -19.299914975763972, "params": {"C": 89.44975056415964, "epsilon": 0.773527008988415, "gamma": 0.001495284441439973}, "datetime": {"datetime": "2021-09-27 21:20:12", "elapsed": 183.039444, "delta": 1.350775}}
{"target": -20.52639696095836, "params": {"C": 79.61646846792576, "epsilon": 1.0, "gamma": 0.001}, "datetime": {"datetime": "2021-09-27 21:20:13", "elapsed": 184.387445, "delta": 1.348001}}
{"target": -21.040106948066985, "params": {"C": 43.763493117413894, "epsilon": 1.0, "gamma": 0.001}, "datetime": {"datetime": "2021-09-27 21:20:15", "elapsed": 185.552493, "delta": 1.165048}}
{"target": -18.082358229672874, "params": {"C": 81.12119514400588, "epsilon": 0.9587683224421272, "gamma": 0.018150695330325966}, "datetime": {"datetime": "2021-09-27 21:20:16", "elapsed": 187.152002, "delta": 1.599509}}
{"target": -20.57882611666349, "params": {"C": 75.78863294723307, "epsilon": 1.0, "gamma": 0.001}, "datetime": {"datetime": "2021-09-27 21:20:18", "elapsed": 188.588001, "delta": 1.435999}}
{"target": -17.01608937685228, "params": {"C": 83.36903633225317, "epsilon": 0.10254196797547487, "gamma": 0.006053182226120507}, "datetime": {"datetime": "2021-09-27 21:20:19", "elapsed": 189.718196, "delta": 1.130195}}
{"target": -20.467101902347885, "params": {"C": 91.12523282495438, "epsilon": 1.0, "gamma": 0.001}, "datetime": {"datetime": "2021-09-27 21:20:20", "elapsed": 191.039632, "delta": 1.321436}}
{"target": -21.47752131250428, "params": {"C": 29.354049835792, "epsilon": 1.0, "gamma": 0.001}, "datetime": {"datetime": "2021-09-27 21:20:22", "elapsed": 192.67163, "delta": 1.631998}}
{"target": -20.872981037654597, "params": {"C": 69.69202548585139, "epsilon": 0.001, "gamma": 0.001}, "datetime": {"datetime": "2021-09-27 21:20:23", "elapsed": 194.089861, "delta": 1.418231}}
{"target": -21.185245371716476, "params": {"C": 37.63479028708136, "epsilon": 0.001, "gamma": 0.001}, "datetime": {"datetime": "2021-09-27 21:20:24", "elapsed": 195.223241, "delta": 1.13338}}
{"target": -21.22004885128719, "params": {"C": 36.686396512803434, "epsilon": 0.001, "gamma": 0.001}, "datetime": {"datetime": "2021-09-27 21:20:26", "elapsed": 196.868928, "delta": 1.645687}}
{"target": -37.33672112449576, "params": {"C": 91.83671523538784, "epsilon": 0.8492412380206011, "gamma": 0.987968314987341}, "datetime": {"datetime": "2021-09-27 21:20:27", "elapsed": 198.371934, "delta": 1.503006}}
{"target": -31.649645452459136, "params": {"C": 89.11849525164035, "epsilon": 0.007707207235779428, "gamma": 0.5149003978391513}, "datetime": {"datetime": "2021-09-27 21:20:29", "elapsed": 199.920293, "delta": 1.548359}}
{"target": -36.31555403041393, "params": {"C": 19.580560341263798, "epsilon": 0.001, "gamma": 1.0}, "datetime": {"datetime": "2021-09-27 21:20:31", "elapsed": 201.601208, "delta": 1.680915}}
{"target": -37.630546696113434, "params": {"C": 75.59629785945144, "epsilon": 1.0, "gamma": 1.0}, "datetime": {"datetime": "2021-09-27 21:20:32", "elapsed": 203.179577, "delta": 1.578369}}
{"target": -20.408137171923233, "params": {"C": 90.34334359966388, "epsilon": 0.8543484248177996, "gamma": 0.001}, "datetime": {"datetime": "2021-09-27 21:20:34", "elapsed": 204.676575, "delta": 1.496998}}
{"target": -20.467237046661875, "params": {"C": 88.18200675677224, "epsilon": 0.2974701887919963, "gamma": 0.001}, "datetime": {"datetime": "2021-09-27 21:20:35", "elapsed": 206.189581, "delta": 1.513006}}
{"target": -20.978893997257686, "params": {"C": 48.76170246794942, "epsilon": 1.0, "gamma": 0.001}, "datetime": {"datetime": "2021-09-27 21:20:37", "elapsed": 207.922125, "delta": 1.732544}}
{"target": -21.549408925083544, "params": {"C": 26.153914597170832, "epsilon": 1.0, "gamma": 0.001}, "datetime": {"datetime": "2021-09-27 21:20:38", "elapsed": 209.380308, "delta": 1.458183}}
{"target": -16.91425248747619, "params": {"C": 8.44375673428131, "epsilon": 0.02425932921955841, "gamma": 0.013838300851190671}, "datetime": {"datetime": "2021-09-27 21:20:40", "elapsed": 210.763975, "delta": 1.383667}}
{"target": -17.699746805516202, "params": {"C": 7.838068394795302, "epsilon": 0.9082569373154071, "gamma": 0.014977268215581915}, "datetime": {"datetime": "2021-09-27 21:20:41", "elapsed": 212.069354, "delta": 1.305379}}
{"target": -17.393501236729946, "params": {"C": 8.719643801186715, "epsilon": 0.9928267757628624, "gamma": 0.039006460167533896}, "datetime": {"datetime": "2021-09-27 21:20:43", "elapsed": 214.024807, "delta": 1.955453}}
{"target": -17.782588434070593, "params": {"C": 8.217381253991153, "epsilon": 0.5062055097200312, "gamma": 0.047570074083103216}, "datetime": {"datetime": "2021-09-27 21:20:45", "elapsed": 215.612723, "delta": 1.587916}}
{"target": -17.01378169835211, "params": {"C": 8.85004634355599, "epsilon": 0.4127946424256674, "gamma": 0.02666299756702353}, "datetime": {"datetime": "2021-09-27 21:20:47", "elapsed": 217.516945, "delta": 1.904222}}
{"target": -16.816291445720665, "params": {"C": 46.58745901669965, "epsilon": 0.0960219102035148, "gamma": 0.009860902242101757}, "datetime": {"datetime": "2021-09-27 21:20:48", "elapsed": 219.317253, "delta": 1.800308}}
{"target": -16.953811603927363, "params": {"C": 10.871486511660036, "epsilon": 0.38498760907003465, "gamma": 0.015432046696593853}, "datetime": {"datetime": "2021-09-27 21:20:50", "elapsed": 221.099786, "delta": 1.782533}}
{"target": -21.687738919620173, "params": {"C": 26.79919792364191, "epsilon": 0.001, "gamma": 0.001}, "datetime": {"datetime": "2021-09-27 21:20:52", "elapsed": 222.53079, "delta": 1.431004}}
{"target": -37.247684477091184, "params": {"C": 28.497925240259367, "epsilon": 0.9749457665572282, "gamma": 0.9651611688921493}, "datetime": {"datetime": "2021-09-27 21:20:53", "elapsed": 224.470758, "delta": 1.939968}}
{"target": -21.130269933831, "params": {"C": 39.44382989574605, "epsilon": 0.001, "gamma": 0.001}, "datetime": {"datetime": "2021-09-27 21:20:55", "elapsed": 226.036756, "delta": 1.565998}}
{"target": -20.552270553018502, "params": {"C": 76.59406674656637, "epsilon": 1.0, "gamma": 0.001}, "datetime": {"datetime": "2021-09-27 21:20:57", "elapsed": 227.495222, "delta": 1.458466}}
{"target": -21.61620484395924, "params": {"C": 19.305421402526893, "epsilon": 0.6488700347106311, "gamma": 0.001}, "datetime": {"datetime": "2021-09-27 21:20:58", "elapsed": 229.376997, "delta": 1.881775}}
{"target": -20.838001961679524, "params": {"C": 57.19641136725511, "epsilon": 0.001, "gamma": 0.001}, "datetime": {"datetime": "2021-09-27 21:21:00", "elapsed": 230.80479, "delta": 1.427793}}
{"target": -25.07801380896754, "params": {"C": 5.394303478591812, "epsilon": 1.0, "gamma": 0.001}, "datetime": {"datetime": "2021-09-27 21:21:02", "elapsed": 232.630036, "delta": 1.825246}}
{"target": -20.325049930683853, "params": {"C": 95.2129253347071, "epsilon": 0.3920259289418081, "gamma": 0.001}, "datetime": {"datetime": "2021-09-27 21:21:03", "elapsed": 234.122591, "delta": 1.492555}}
{"target": -17.03041166655933, "params": {"C": 46.23303787069437, "epsilon": 0.48103917252422584, "gamma": 0.008561336393493935}, "datetime": {"datetime": "2021-09-27 21:21:05", "elapsed": 235.954096, "delta": 1.831505}}
{"target": -21.83145854585478, "params": {"C": 12.619728022789788, "epsilon": 0.001, "gamma": 0.001}, "datetime": {"datetime": "2021-09-27 21:21:06", "elapsed": 237.29152, "delta": 1.337424}}
{"target": -21.296550540761835, "params": {"C": 20.20502967289546, "epsilon": 0.001, "gamma": 0.001}, "datetime": {"datetime": "2021-09-27 21:21:08", "elapsed": 239.024443, "delta": 1.732923}}
{"target": -37.53476022300585, "params": {"C": 45.804895261637405, "epsilon": 0.9989769614241784, "gamma": 0.990027289828302}, "datetime": {"datetime": "2021-09-27 21:21:10", "elapsed": 240.595851, "delta": 1.571408}}
{"target": -17.266222794017615, "params": {"C": 66.75937290624374, "epsilon": 0.7294682265862973, "gamma": 0.005155409288279283}, "datetime": {"datetime": "2021-09-27 21:21:12", "elapsed": 242.66785, "delta": 2.071999}}
{"target": -20.88290052481738, "params": {"C": 63.32789804759084, "epsilon": 0.001, "gamma": 0.001}, "datetime": {"datetime": "2021-09-27 21:21:13", "elapsed": 244.129475, "delta": 1.461625}}
{"target": -21.064264758292346, "params": {"C": 51.9862302582378, "epsilon": 0.6183660613711405, "gamma": 0.001}, "datetime": {"datetime": "2021-09-27 21:21:15", "elapsed": 246.415467, "delta": 2.285992}}
{"target": -20.96352982810035, "params": {"C": 50.50930543048515, "epsilon": 1.0, "gamma": 0.001}, "datetime": {"datetime": "2021-09-27 21:21:17", "elapsed": 248.163278, "delta": 1.747811}}
{"target": -21.04861935073739, "params": {"C": 42.0556138370331, "epsilon": 0.001, "gamma": 0.001}, "datetime": {"datetime": "2021-09-27 21:21:19", "elapsed": 249.990365, "delta": 1.827087}}
{"target": -21.40790927606348, "params": {"C": 18.096162252235754, "epsilon": 0.001, "gamma": 0.001}, "datetime": {"datetime": "2021-09-27 21:21:21", "elapsed": 251.642563, "delta": 1.652198}}
{"target": -17.516154548019195, "params": {"C": 99.05354532669408, "epsilon": 0.9136767782168927, "gamma": 0.0037859771402807426}, "datetime": {"datetime": "2021-09-27 21:21:23", "elapsed": 253.655402, "delta": 2.012839}}
{"target": -21.515846879374006, "params": {"C": 17.21212071312394, "epsilon": 0.2589712124126221, "gamma": 0.001}, "datetime": {"datetime": "2021-09-27 21:21:25", "elapsed": 255.609484, "delta": 1.954082}}
{"target": -20.375820599400114, "params": {"C": 98.48908824380771, "epsilon": 1.0, "gamma": 0.001}, "datetime": {"datetime": "2021-09-27 21:21:26", "elapsed": 257.165906, "delta": 1.556422}}
{"target": -20.92950642527319, "params": {"C": 54.421008277513394, "epsilon": 1.0, "gamma": 0.001}, "datetime": {"datetime": "2021-09-27 21:21:28", "elapsed": 259.175911, "delta": 2.010005}}
{"target": -21.52308989186614, "params": {"C": 15.69214138623279, "epsilon": 0.001, "gamma": 0.001}, "datetime": {"datetime": "2021-09-27 21:21:30", "elapsed": 260.809086, "delta": 1.633175}}
{"target": -36.70502663383286, "params": {"C": 56.33870850243537, "epsilon": 0.027922401416234, "gamma": 0.986297148672739}, "datetime": {"datetime": "2021-09-27 21:21:32", "elapsed": 262.750323, "delta": 1.941237}}
{"target": -21.90428581357447, "params": {"C": 17.881211481047913, "epsilon": 1.0, "gamma": 0.001}, "datetime": {"datetime": "2021-09-27 21:21:33", "elapsed": 264.41647, "delta": 1.666147}}
{"target": -17.38137646460139, "params": {"C": 57.71040200598542, "epsilon": 0.6389775703444167, "gamma": 0.01460094846904501}, "datetime": {"datetime": "2021-09-27 21:21:36", "elapsed": 266.533439, "delta": 2.116969}}
{"target": -20.367491393577136, "params": {"C": 99.72959362258042, "epsilon": 1.0, "gamma": 0.001}, "datetime": {"datetime": "2021-09-27 21:21:37", "elapsed": 268.107598, "delta": 1.574159}}
{"target": -17.24829812526011, "params": {"C": 94.37887230616208, "epsilon": 0.3445100176045504, "gamma": 0.005731121370722607}, "datetime": {"datetime": "2021-09-27 21:21:39", "elapsed": 270.410217, "delta": 2.302619}}
{"target": -35.875297300926185, "params": {"C": 1.0, "epsilon": 0.001, "gamma": 0.001}, "datetime": {"datetime": "2021-09-27 21:21:41", "elapsed": 272.011223, "delta": 1.601006}}
{"target": -20.817187843005858, "params": {"C": 72.28275332952066, "epsilon": 0.001, "gamma": 0.001}, "datetime": {"datetime": "2021-09-27 21:21:43", "elapsed": 274.259955, "delta": 2.248732}}
{"target": -20.950078174606816, "params": {"C": 67.1026237285163, "epsilon": 0.407952132131646, "gamma": 0.001}, "datetime": {"datetime": "2021-09-27 21:21:45", "elapsed": 275.859313, "delta": 1.599358}}
{"target": -39.46204153454496, "params": {"C": 3.5822615318252735, "epsilon": 1.0, "gamma": 1.0}, "datetime": {"datetime": "2021-09-27 21:21:47", "elapsed": 277.513665, "delta": 1.654352}}
{"target": -20.674903322283182, "params": {"C": 77.93131918409411, "epsilon": 0.001, "gamma": 0.001}, "datetime": {"datetime": "2021-09-27 21:21:49", "elapsed": 280.075956, "delta": 2.562291}}
{"target": -20.360309077676767, "params": {"C": 92.49491165424973, "epsilon": 0.34568140589111046, "gamma": 0.001}, "datetime": {"datetime": "2021-09-27 21:21:51", "elapsed": 281.820491, "delta": 1.744535}}
{"target": -21.252407409788898, "params": {"C": 39.93047188973845, "epsilon": 0.5424139404671663, "gamma": 0.001}, "datetime": {"datetime": "2021-09-27 21:21:53", "elapsed": 283.85904, "delta": 2.038549}}
{"target": -36.82377600574736, "params": {"C": 78.4012319720126, "epsilon": 0.001, "gamma": 1.0}, "datetime": {"datetime": "2021-09-27 21:21:55", "elapsed": 285.634152, "delta": 1.775112}}
{"target": -20.25232473987096, "params": {"C": 99.43283262330405, "epsilon": 0.43978886489385915, "gamma": 0.001}, "datetime": {"datetime": "2021-09-27 21:21:56", "elapsed": 287.447544, "delta": 1.813392}}
{"target": -20.74467053056773, "params": {"C": 82.873014370045, "epsilon": 0.537073863932411, "gamma": 0.001}, "datetime": {"datetime": "2021-09-27 21:21:59", "elapsed": 289.766477, "delta": 2.318933}}
{"target": -22.225090757131248, "params": {"C": 13.916460983008076, "epsilon": 1.0, "gamma": 0.001}, "datetime": {"datetime": "2021-09-27 21:22:00", "elapsed": 291.271017, "delta": 1.50454}}
{"target": -21.658365958512555, "params": {"C": 29.847154611824383, "epsilon": 0.001, "gamma": 0.001}, "datetime": {"datetime": "2021-09-27 21:22:02", "elapsed": 293.397305, "delta": 2.126288}}
{"target": -20.71877338532667, "params": {"C": 76.34422390596009, "epsilon": 0.001, "gamma": 0.001}, "datetime": {"datetime": "2021-09-27 21:22:05", "elapsed": 295.839476, "delta": 2.442171}}
{"target": -17.500142444976976, "params": {"C": 78.92299050993584, "epsilon": 0.5958657296942068, "gamma": 0.010967069034521635}, "datetime": {"datetime": "2021-09-27 21:22:07", "elapsed": 297.936479, "delta": 2.097003}}
{"target": -32.200387676071955, "params": {"C": 83.67622140429616, "epsilon": 0.001, "gamma": 0.5662982257478844}, "datetime": {"datetime": "2021-09-27 21:22:09", "elapsed": 300.152733, "delta": 2.216254}}
{"target": -20.38839539164437, "params": {"C": 96.63136193468937, "epsilon": 1.0, "gamma": 0.001}, "datetime": {"datetime": "2021-09-27 21:22:11", "elapsed": 302.097985, "delta": 1.945252}}
{"target": -23.25151003289304, "params": {"C": 8.27429142883053, "epsilon": 1.0, "gamma": 0.001}, "datetime": {"datetime": "2021-09-27 21:22:13", "elapsed": 304.434805, "delta": 2.33682}}
{"target": -18.40939278538695, "params": {"C": 7.44954876322983, "epsilon": 0.9781637562851188, "gamma": 0.007652325319723865}, "datetime": {"datetime": "2021-09-27 21:22:15", "elapsed": 306.30654, "delta": 1.871735}}
{"target": -21.595649014479424, "params": {"C": 17.702716897924965, "epsilon": 0.40363478477897574, "gamma": 0.001}, "datetime": {"datetime": "2021-09-27 21:22:17", "elapsed": 308.075792, "delta": 1.769252}}
{"target": -37.630546696113434, "params": {"C": 48.255934306408754, "epsilon": 1.0, "gamma": 1.0}, "datetime": {"datetime": "2021-09-27 21:22:19", "elapsed": 310.228329, "delta": 2.152537}}
{"target": -33.12580385609438, "params": {"C": 94.4529617410775, "epsilon": 0.001, "gamma": 0.63752742082347}, "datetime": {"datetime": "2021-09-27 21:22:22", "elapsed": 312.705566, "delta": 2.477237}}
{"target": -17.301339057621608, "params": {"C": 78.94935748679893, "epsilon": 0.6132087821971648, "gamma": 0.00592832182772215}, "datetime": {"datetime": "2021-09-27 21:22:23", "elapsed": 314.091848, "delta": 1.386282}}
{"target": -34.57852968286491, "params": {"C": 34.039642050654265, "epsilon": 0.03681658948040108, "gamma": 0.7983747135763828}, "datetime": {"datetime": "2021-09-27 21:22:25", "elapsed": 316.130592, "delta": 2.038744}}
{"target": -36.10365512735807, "params": {"C": 15.350796819650872, "epsilon": 0.001, "gamma": 1.0}, "datetime": {"datetime": "2021-09-27 21:22:27", "elapsed": 318.078773, "delta": 1.948181}}
{"target": -16.779906290320003, "params": {"C": 18.646838719928898, "epsilon": 0.5195871064218621, "gamma": 0.013202051472947982}, "datetime": {"datetime": "2021-09-27 21:22:29", "elapsed": 319.938383, "delta": 1.85961}}
{"target": -20.69617678188172, "params": {"C": 77.13940952665205, "epsilon": 0.001, "gamma": 0.001}, "datetime": {"datetime": "2021-09-27 21:22:32", "elapsed": 322.700619, "delta": 2.762236}}
{"target": -21.208861720188505, "params": {"C": 34.75648950854002, "epsilon": 0.7685824945359305, "gamma": 0.001}, "datetime": {"datetime": "2021-09-27 21:22:34", "elapsed": 324.83095, "delta": 2.130331}}
{"target": -30.289146483934164, "params": {"C": 8.60500425572848, "epsilon": 0.015795212379073855, "gamma": 0.47788100364608393}, "datetime": {"datetime": "2021-09-27 21:22:36", "elapsed": 326.895754, "delta": 2.064804}}
{"target": -37.32604051697631, "params": {"C": 37.80264429785356, "epsilon": 0.9587640167390596, "gamma": 0.9733573636735213}, "datetime": {"datetime": "2021-09-27 21:22:39", "elapsed": 329.743376, "delta": 2.847622}}
{"target": -17.01532472921851, "params": {"C": 47.849354937672715, "epsilon": 0.45969397517333416, "gamma": 0.013793752873644767}, "datetime": {"datetime": "2021-09-27 21:22:41", "elapsed": 332.446645, "delta": 2.703269}}
{"target": -23.29545065669823, "params": {"C": 7.719715869032106, "epsilon": 0.47228334578699194, "gamma": 0.001}, "datetime": {"datetime": "2021-09-27 21:22:43", "elapsed": 334.340643, "delta": 1.893998}}
{"target": -20.90557992000763, "params": {"C": 68.32603758786968, "epsilon": 0.001, "gamma": 0.001}, "datetime": {"datetime": "2021-09-27 21:22:45", "elapsed": 336.285896, "delta": 1.945253}}
{"target": -21.16178752763035, "params": {"C": 41.95511742128083, "epsilon": 0.4686985366777064, "gamma": 0.001}, "datetime": {"datetime": "2021-09-27 21:22:48", "elapsed": 338.541027, "delta": 2.255131}}
{"target": -36.64315262425597, "params": {"C": 26.27215078269839, "epsilon": 0.001, "gamma": 1.0}, "datetime": {"datetime": "2021-09-27 21:22:50", "elapsed": 341.473465, "delta": 2.932438}}
{"target": -21.013279460164416, "params": {"C": 49.99313919611102, "epsilon": 0.4432064718221472, "gamma": 0.001}, "datetime": {"datetime": "2021-09-27 21:22:53", "elapsed": 343.493619, "delta": 2.020154}}
{"target": -21.458547074531623, "params": {"C": 20.45815859308341, "epsilon": 0.5070253901345507, "gamma": 0.001}, "datetime": {"datetime": "2021-09-27 21:22:55", "elapsed": 345.723445, "delta": 2.229826}}
{"target": -21.65119698692571, "params": {"C": 21.717817755342924, "epsilon": 1.0, "gamma": 0.001}, "datetime": {"datetime": "2021-09-27 21:22:57", "elapsed": 348.042974, "delta": 2.319529}}
