{"target": -18.29540986272804, "params": {"C": 19.357736020773782, "epsilon": 0.11951478227246404, "gamma": 0.09202964923702973}, "datetime": {"datetime": "2021-09-27 21:14:37", "elapsed": 92.585259, "delta": 0.883619}}
{"target": -18.109944601359004, "params": {"C": 18.559624694844437, "epsilon": 0.13745258651775202, "gamma": 0.010944292265066704}, "datetime": {"datetime": "2021-09-27 21:14:38", "elapsed": 93.439401, "delta": 0.854142}}
{"target": -17.08192986281638, "params": {"C": 18.469447222343337, "epsilon": 0.19183926816836755, "gamma": 0.038637227385254526}, "datetime": {"datetime": "2021-09-27 21:14:39", "elapsed": 94.272784, "delta": 0.833383}}
{"target": -17.846575469253544, "params": {"C": 53.695227417146846, "epsilon": 0.6373348853864687, "gamma": 0.02849572454534552}, "datetime": {"datetime": "2021-09-27 21:14:39", "elapsed": 94.969791, "delta": 0.697007}}
{"target": -18.268161920656624, "params": {"C": 85.00564056369083, "epsilon": 0.1181914310592387, "gamma": 0.06756194976121216}, "datetime": {"datetime": "2021-09-27 21:14:40", "elapsed": 95.829221, "delta": 0.85943}}
{"target": -20.802928255566282, "params": {"C": 19.28677634039323, "epsilon": 0.15975932902388282, "gamma": 0.0027452569487219323}, "datetime": {"datetime": "2021-09-27 21:14:41", "elapsed": 96.768218, "delta": 0.938997}}
{"target": -17.24983443652334, "params": {"C": 19.808350756136836, "epsilon": 0.07478751479506975, "gamma": 0.018384417422340982}, "datetime": {"datetime": "2021-09-27 21:14:42", "elapsed": 97.71942, "delta": 0.951202}}
{"target": -17.493993257291137, "params": {"C": 19.374349241269293, "epsilon": 0.06359310690352951, "gamma": 0.05900163130776355}, "datetime": {"datetime": "2021-09-27 21:14:43", "elapsed": 98.934421, "delta": 1.215001}}
{"target": -17.302448223257564, "params": {"C": 19.406579512921528, "epsilon": 0.08703875162579414, "gamma": 0.017207483404984673}, "datetime": {"datetime": "2021-09-27 21:14:44", "elapsed": 99.757446, "delta": 0.823025}}
{"target": -18.007694066046735, "params": {"C": 34.04161706437934, "epsilon": 0.21777136948905232, "gamma": 0.06892736312479321}, "datetime": {"datetime": "2021-09-27 21:14:45", "elapsed": 100.581443, "delta": 0.823997}}
{"target": -18.48850349641286, "params": {"C": 77.51201993483305, "epsilon": 0.18185385787365996, "gamma": 0.0417958363620612}, "datetime": {"datetime": "2021-09-27 21:14:46", "elapsed": 101.315441, "delta": 0.733998}}
{"target": -19.5520949213087, "params": {"C": 92.60350252359258, "epsilon": 0.5934795793073163, "gamma": 0.0761271614763887}, "datetime": {"datetime": "2021-09-27 21:14:46", "elapsed": 102.061177, "delta": 0.745736}}
{"target": -18.080398514593455, "params": {"C": 19.632062166401745, "epsilon": 0.06717080230018538, "gamma": 0.010340671176303587}, "datetime": {"datetime": "2021-09-27 21:14:47", "elapsed": 102.925167, "delta": 0.86399}}
{"target": -18.692620808007746, "params": {"C": 19.384205878151384, "epsilon": 0.1678595848917439, "gamma": 0.007546241823895175}, "datetime": {"datetime": "2021-09-27 21:14:49", "elapsed": 104.157159, "delta": 1.231992}}
{"target": -18.557465172268653, "params": {"C": 19.39628187084724, "epsilon": 0.2232590645429414, "gamma": 0.09839052930234901}, "datetime": {"datetime": "2021-09-27 21:14:50", "elapsed": 105.225155, "delta": 1.067996}}
{"target": -20.509763179912905, "params": {"C": 2.374600131153964, "epsilon": 0.5967915163085115, "gamma": 0.013986881902059236}, "datetime": {"datetime": "2021-09-27 21:14:50", "elapsed": 105.971521, "delta": 0.746366}}
{"target": -17.90790375652144, "params": {"C": 19.358927432566446, "epsilon": 0.057418283230148734, "gamma": 0.011791889921227663}, "datetime": {"datetime": "2021-09-27 21:14:52", "elapsed": 107.412659, "delta": 1.441138}}
{"target": -17.145773672548692, "params": {"C": 9.478946789636684, "epsilon": 0.4691818752803149, "gamma": 0.03673392982239928}, "datetime": {"datetime": "2021-09-27 21:14:53", "elapsed": 108.339649, "delta": 0.92699}}
{"target": -17.773980534154234, "params": {"C": 34.55870367319184, "epsilon": 0.2526714069674492, "gamma": 0.05211304353738199}, "datetime": {"datetime": "2021-09-27 21:14:54", "elapsed": 109.244652, "delta": 0.905003}}
{"target": -17.386707376404665, "params": {"C": 30.261178576392428, "epsilon": 0.0162333394028176, "gamma": 0.018013893288201}, "datetime": {"datetime": "2021-09-27 21:14:55", "elapsed": 110.182684, "delta": 0.938032}}
{"target": -17.584014027833053, "params": {"C": 18.457266882095393, "epsilon": 0.25654062824102364, "gamma": 0.06909784521879499}, "datetime": {"datetime": "2021-09-27 21:14:56", "elapsed": 111.236686, "delta": 1.054002}}
{"target": -17.72044602676412, "params": {"C": 11.244137619571113, "epsilon": 0.1884705169215599, "gamma": 0.019365509896274842}, "datetime": {"datetime": "2021-09-27 21:14:57", "elapsed": 112.184827, "delta": 0.948141}}
{"target": -19.080040066572977, "params": {"C": 9.494319986273865, "epsilon": 0.5322600605859958, "gamma": 0.009251086840803264}, "datetime": {"datetime": "2021-09-27 21:14:58", "elapsed": 113.29783, "delta": 1.113003}}
{"target": -17.81115040167442, "params": {"C": 33.5012375597094, "epsilon": 0.3344994048837346, "gamma": 0.01181773126908265}, "datetime": {"datetime": "2021-09-27 21:14:58", "elapsed": 114.075686, "delta": 0.777856}}
{"target": -17.246850077632338, "params": {"C": 13.690296718858109, "epsilon": 0.028885116268644737, "gamma": 0.04773918791989748}, "datetime": {"datetime": "2021-09-27 21:14:59", "elapsed": 114.846421, "delta": 0.770735}}
{"target": -17.784726586544682, "params": {"C": 9.485273052058425, "epsilon": 0.4383949374650245, "gamma": 0.06665941430549159}, "datetime": {"datetime": "2021-09-27 21:15:00", "elapsed": 115.851418, "delta": 1.004997}}
{"target": -19.590640064189632, "params": {"C": 13.674351686165457, "epsilon": 0.0570335431883027, "gamma": 0.006238250378325112}, "datetime": {"datetime": "2021-09-27 21:15:01", "elapsed": 117.018414, "delta": 1.166996}}
{"target": -22.00094198483403, "params": {"C": 69.15176747693104, "epsilon": 0.7756180764904369, "gamma": 0.12843519983594462}, "datetime": {"datetime": "2021-09-27 21:15:02", "elapsed": 117.878078, "delta": 0.859664}}
{"target": -17.569515599038034, "params": {"C": 30.247189636375165, "epsilon": 0.01779228049516481, "gamma": 0.013766242578477616}, "datetime": {"datetime": "2021-09-27 21:15:03", "elapsed": 118.666078, "delta": 0.788}}
{"target": -17.155001717258916, "params": {"C": 13.752591644273357, "epsilon": 0.018416881093117655, "gamma": 0.04102117483359205}, "datetime": {"datetime": "2021-09-27 21:15:04", "elapsed": 119.761749, "delta": 1.095671}}
{"target": -18.550674367714638, "params": {"C": 9.488401358703568, "epsilon": 0.3815536560363457, "gamma": 0.011113253979843241}, "datetime": {"datetime": "2021-09-27 21:15:05", "elapsed": 120.940747, "delta": 1.178998}}
{"target": -17.793563900805704, "params": {"C": 13.756659283912928, "epsilon": 0.05384691171159726, "gamma": 0.07330079800890224}, "datetime": {"datetime": "2021-09-27 21:15:06", "elapsed": 121.8752, "delta": 0.934453}}
{"target": -18.152170978307705, "params": {"C": 30.257796339461176, "epsilon": 0.0001, "gamma": 0.07453951926871848}, "datetime": {"datetime": "2021-09-27 21:15:08", "elapsed": 123.247198, "delta": 1.371998}}
{"target": -17.207712132556942, "params": {"C": 19.825387085941212, "epsilon": 0.0052941806242391, "gamma": 0.03196906304681602}, "datetime": {"datetime": "2021-09-27 21:15:09", "elapsed": 124.34493, "delta": 1.097732}}
{"target": -18.16777045559522, "params": {"C": 13.641814532438307, "epsilon": 0.028311441844773605, "gamma": 0.08479354931582798}, "datetime": {"datetime": "2021-09-27 21:15:10", "elapsed": 125.450934, "delta": 1.106004}}
{"target": -17.18039411657476, "params": {"C": 19.429743345695695, "epsilon": 0.2767499261780475, "gamma": 0.05242208556304314}, "datetime": {"datetime": "2021-09-27 21:15:11", "elapsed": 126.315171, "delta": 0.864237}}
{"target": -18.454392984276723, "params": {"C": 13.733741342520414, "epsilon": 0.01797635247628936, "gamma": 0.0954489301998914}, "datetime": {"datetime": "2021-09-27 21:15:12", "elapsed": 127.34117, "delta": 1.025999}}
{"target": -17.51656172606491, "params": {"C": 30.333851321151, "epsilon": 0.05160179490197714, "gamma": 0.02840764765675899}, "datetime": {"datetime": "2021-09-27 21:15:13", "elapsed": 128.472766, "delta": 1.131596}}
{"target": -17.12741990107268, "params": {"C": 19.86261367445063, "epsilon": 0.08441835781962538, "gamma": 0.03738957516046006}, "datetime": {"datetime": "2021-09-27 21:15:14", "elapsed": 129.943935, "delta": 1.471169}}
{"target": -17.277061953760658, "params": {"C": 19.946416350939668, "epsilon": 0.0776275580457456, "gamma": 0.017351387586370556}, "datetime": {"datetime": "2021-09-27 21:15:16", "elapsed": 131.120935, "delta": 1.177}}
{"target": -17.476409806096704, "params": {"C": 19.982865247489993, "epsilon": 0.09475409498753709, "gamma": 0.05843950605077776}, "datetime": {"datetime": "2021-09-27 21:15:17", "elapsed": 132.189099, "delta": 1.068164}}
{"target": -17.419870841106373, "params": {"C": 30.129520729760895, "epsilon": 0.00015665982448698538, "gamma": 0.023702182967989524}, "datetime": {"datetime": "2021-09-27 21:15:18", "elapsed": 133.59017, "delta": 1.401071}}
{"target": -18.55293977945486, "params": {"C": 9.4204124180374, "epsilon": 0.4720621822679423, "gamma": 0.011822713442700182}, "datetime": {"datetime": "2021-09-27 21:15:19", "elapsed": 134.733825, "delta": 1.143655}}
{"target": -17.629388006894455, "params": {"C": 19.90614840567396, "epsilon": 0.12166708839687301, "gamma": 0.0666331497323163}, "datetime": {"datetime": "2021-09-27 21:15:20", "elapsed": 136.056007, "delta": 1.322182}}
{"target": -19.67215927166684, "params": {"C": 25.759141847787284, "epsilon": 0.18763114989860283, "gamma": 0.11452284890593378}, "datetime": {"datetime": "2021-09-27 21:15:21", "elapsed": 136.912007, "delta": 0.856}}
{"target": -17.44857297813105, "params": {"C": 30.142315939695017, "epsilon": 0.056365824654120995, "gamma": 0.01889685622153915}, "datetime": {"datetime": "2021-09-27 21:15:23", "elapsed": 138.41724, "delta": 1.505233}}
{"target": -17.73217631913591, "params": {"C": 19.921984139224694, "epsilon": 0.015736052245805224, "gamma": 0.013264681717371753}, "datetime": {"datetime": "2021-09-27 21:15:24", "elapsed": 140.027915, "delta": 1.610675}}
{"target": -18.66507665546859, "params": {"C": 30.15418035658179, "epsilon": 0.04492441299052084, "gamma": 0.09108573798530126}, "datetime": {"datetime": "2021-09-27 21:15:26", "elapsed": 141.28291, "delta": 1.254995}}
{"target": -20.278267906303636, "params": {"C": 19.933335696513733, "epsilon": 0.08288558994976404, "gamma": 0.13232219303991924}, "datetime": {"datetime": "2021-09-27 21:15:27", "elapsed": 142.722638, "delta": 1.439728}}
{"target": -17.327329702405255, "params": {"C": 30.264896802008916, "epsilon": 0.10942137020372444, "gamma": 0.032751836237269336}, "datetime": {"datetime": "2021-09-27 21:15:28", "elapsed": 143.971389, "delta": 1.248751}}
{"target": -18.10027362145068, "params": {"C": 19.86230009134559, "epsilon": 0.019979765008230347, "gamma": 0.010430824400119517}, "datetime": {"datetime": "2021-09-27 21:15:30", "elapsed": 145.776566, "delta": 1.805177}}
{"target": -18.098218557236105, "params": {"C": 30.305360458191036, "epsilon": 0.12364746704877068, "gamma": 0.07549081210855722}, "datetime": {"datetime": "2021-09-27 21:15:32", "elapsed": 147.381559, "delta": 1.604993}}
{"target": -17.468673171976558, "params": {"C": 13.588770077653667, "epsilon": 0.05210617848332896, "gamma": 0.06235180510077854}, "datetime": {"datetime": "2021-09-27 21:15:33", "elapsed": 148.245311, "delta": 0.863752}}
{"target": -17.629047660972454, "params": {"C": 40.42330467963244, "epsilon": 0.5906725180895903, "gamma": 0.039337274282423604}, "datetime": {"datetime": "2021-09-27 21:15:34", "elapsed": 149.531057, "delta": 1.285746}}
{"target": -19.533596284165935, "params": {"C": 14.364167919904201, "epsilon": 0.045115009824290446, "gamma": 0.1266043655674001}, "datetime": {"datetime": "2021-09-27 21:15:35", "elapsed": 150.396598, "delta": 0.865541}}
{"target": -17.92298606871566, "params": {"C": 7.939343267387619, "epsilon": 0.7798793231971148, "gamma": 0.057832988750877036}, "datetime": {"datetime": "2021-09-27 21:15:36", "elapsed": 151.269594, "delta": 0.872996}}
{"target": -18.382378550713298, "params": {"C": 26.73631557168405, "epsilon": 0.17277077418954942, "gamma": 0.0868378906727115}, "datetime": {"datetime": "2021-09-27 21:15:37", "elapsed": 152.236359, "delta": 0.966765}}
{"target": -18.424709267730105, "params": {"C": 40.38692227384935, "epsilon": 0.529256233874605, "gamma": 0.007176040109281681}, "datetime": {"datetime": "2021-09-27 21:15:38", "elapsed": 153.639359, "delta": 1.403}}
{"target": -17.39579987788288, "params": {"C": 20.00540707677327, "epsilon": 0.14834981975622705, "gamma": 0.016423176278918455}, "datetime": {"datetime": "2021-09-27 21:15:40", "elapsed": 155.163698, "delta": 1.524339}}
{"target": -18.670720481904695, "params": {"C": 6.040999431440344, "epsilon": 0.24168187836572783, "gamma": 0.01591660923121678}, "datetime": {"datetime": "2021-09-27 21:15:40", "elapsed": 156.059294, "delta": 0.895596}}
{"target": -17.22480806474292, "params": {"C": 19.93856864905041, "epsilon": 0.1610669009611424, "gamma": 0.051773899580077026}, "datetime": {"datetime": "2021-09-27 21:15:42", "elapsed": 157.343253, "delta": 1.283959}}
{"target": -19.392588050570094, "params": {"C": 40.47417621728889, "epsilon": 0.49650799240433896, "gamma": 0.09990066031905319}, "datetime": {"datetime": "2021-09-27 21:15:44", "elapsed": 159.261106, "delta": 1.917853}}
{"target": -18.840457605327146, "params": {"C": 20.00501628973941, "epsilon": 0.16822066013479098, "gamma": 0.10430490590775342}, "datetime": {"datetime": "2021-09-27 21:15:45", "elapsed": 160.57675, "delta": 1.315644}}
{"target": -17.799553008960277, "params": {"C": 16.801899467976895, "epsilon": 0.7253555002887901, "gamma": 0.07351318471916052}, "datetime": {"datetime": "2021-09-27 21:15:46", "elapsed": 161.42375, "delta": 0.847}}
{"target": -21.265608677053265, "params": {"C": 75.30584544173405, "epsilon": 0.46629600465805376, "gamma": 0.1165170225111382}, "datetime": {"datetime": "2021-09-27 21:15:47", "elapsed": 162.292142, "delta": 0.868392}}
{"target": -17.51992486782503, "params": {"C": 30.069232552624335, "epsilon": 0.04016017195495931, "gamma": 0.015219921105515701}, "datetime": {"datetime": "2021-09-27 21:15:48", "elapsed": 163.534202, "delta": 1.24206}}
{"target": -17.924730424937955, "params": {"C": 13.804165794454232, "epsilon": 0.03296125103392272, "gamma": 0.013421125823110894}, "datetime": {"datetime": "2021-09-27 21:15:49", "elapsed": 164.862674, "delta": 1.328472}}
{"target": -17.348782873293604, "params": {"C": 11.223146598380316, "epsilon": 0.10301160607181498, "gamma": 0.05660738412768499}, "datetime": {"datetime": "2021-09-27 21:15:50", "elapsed": 166.078322, "delta": 1.215648}}
{"target": -17.15885433075743, "params": {"C": 19.916123502974706, "epsilon": 0.11299038382487951, "gamma": 0.025964808429041066}, "datetime": {"datetime": "2021-09-27 21:15:52", "elapsed": 167.318323, "delta": 1.240001}}
{"target": -18.48846318501654, "params": {"C": 30.34395325549383, "epsilon": 0.11919598418996176, "gamma": 0.007102272682386891}, "datetime": {"datetime": "2021-09-27 21:15:54", "elapsed": 169.125281, "delta": 1.806958}}
{"target": -18.02594392065048, "params": {"C": 19.5023914171512, "epsilon": 0.1094893553993991, "gamma": 0.08323477217129414}, "datetime": {"datetime": "2021-09-27 21:15:55", "elapsed": 170.107464, "delta": 0.982183}}
{"target": -19.546080818625214, "params": {"C": 21.381930395189464, "epsilon": 0.49781466176754174, "gamma": 0.11291689014154951}, "datetime": {"datetime": "2021-09-27 21:15:56", "elapsed": 171.248459, "delta": 1.140995}}
{"target": -17.38394362062378, "params": {"C": 30.19791272434525, "epsilon": 0.11937164947613792, "gamma": 0.03918938065009154}, "datetime": {"datetime": "2021-09-27 21:15:57", "elapsed": 173.076702, "delta": 1.828243}}
{"target": -17.286442424441116, "params": {"C": 18.535462508870197, "epsilon": 0.22134732065527776, "gamma": 0.020689646411272893}, "datetime": {"datetime": "2021-09-27 21:15:59", "elapsed": 174.560821, "delta": 1.484119}}
{"target": -17.099563473706517, "params": {"C": 18.545514886668983, "epsilon": 0.2824831390560798, "gamma": 0.026568683470029088}, "datetime": {"datetime": "2021-09-27 21:16:00", "elapsed": 175.989466, "delta": 1.428645}}
{"target": -17.535973116506202, "params": {"C": 17.669655036387205, "epsilon": 0.29855060518360427, "gamma": 0.06508015718857513}, "datetime": {"datetime": "2021-09-27 21:16:01", "elapsed": 177.026467, "delta": 1.037001}}
{"target": -17.010041466817075, "params": {"C": 17.668454638066542, "epsilon": 0.36636103792629304, "gamma": 0.04285686726772838}, "datetime": {"datetime": "2021-09-27 21:16:03", "elapsed": 178.168564, "delta": 1.142097}}
{"target": -18.98441090877525, "params": {"C": 12.59026788223068, "epsilon": 0.6209074082512552, "gamma": 0.10800353164621189}, "datetime": {"datetime": "2021-09-27 21:16:04", "elapsed": 179.323569, "delta": 1.155005}}
{"target": -17.124331934984376, "params": {"C": 18.586978166122236, "epsilon": 0.24995475249222238, "gamma": 0.0515399534959454}, "datetime": {"datetime": "2021-09-27 21:16:06", "elapsed": 181.211185, "delta": 1.887616}}
{"target": -17.89440923713256, "params": {"C": 17.721471487029017, "epsilon": 0.3368088792542108, "gamma": 0.08057376914547838}, "datetime": {"datetime": "2021-09-27 21:16:08", "elapsed": 183.270471, "delta": 2.059286}}
{"target": -19.463217202939745, "params": {"C": 17.65008658146948, "epsilon": 0.3678461291380078, "gamma": 0.11856237420348267}, "datetime": {"datetime": "2021-09-27 21:16:09", "elapsed": 184.69643, "delta": 1.425959}}
{"target": -18.697343370633867, "params": {"C": 23.911717052765646, "epsilon": 0.2537913384582538, "gamma": 0.0964887982616692}, "datetime": {"datetime": "2021-09-27 21:16:10", "elapsed": 185.768434, "delta": 1.072004}}
{"target": -21.64861115861635, "params": {"C": 54.99707321036683, "epsilon": 0.3677361116831714, "gamma": 0.1298918904887683}, "datetime": {"datetime": "2021-09-27 21:16:11", "elapsed": 186.897911, "delta": 1.129477}}
{"target": -17.776954822297135, "params": {"C": 17.664433169831142, "epsilon": 0.434371089781702, "gamma": 0.01544856506787534}, "datetime": {"datetime": "2021-09-27 21:16:13", "elapsed": 188.121856, "delta": 1.223945}}
{"target": -17.415377463146793, "params": {"C": 18.637067508524584, "epsilon": 0.3030605831816798, "gamma": 0.021354345051482523}, "datetime": {"datetime": "2021-09-27 21:16:14", "elapsed": 189.619194, "delta": 1.497338}}
{"target": -19.22848387041283, "params": {"C": 17.74479557004225, "epsilon": 0.3337369210031093, "gamma": 0.005941631583090872}, "datetime": {"datetime": "2021-09-27 21:16:16", "elapsed": 191.809662, "delta": 2.190468}}
{"target": -18.190643651391046, "params": {"C": 19.92654251672226, "epsilon": 0.179173252718363, "gamma": 0.010480310683212077}, "datetime": {"datetime": "2021-09-27 21:16:18", "elapsed": 193.699605, "delta": 1.889943}}
{"target": -19.25536318396085, "params": {"C": 14.198698449208154, "epsilon": 0.6499830595780023, "gamma": 0.11298271813818417}, "datetime": {"datetime": "2021-09-27 21:16:19", "elapsed": 194.744897, "delta": 1.045292}}
{"target": -17.69060891001896, "params": {"C": 18.514502094997116, "epsilon": 0.30195699989241687, "gamma": 0.07427266587419006}, "datetime": {"datetime": "2021-09-27 21:16:21", "elapsed": 196.473604, "delta": 1.728707}}
{"target": -17.91686284849905, "params": {"C": 21.186040569327645, "epsilon": 0.7232114507593651, "gamma": 0.02233597935577579}, "datetime": {"datetime": "2021-09-27 21:16:22", "elapsed": 197.598604, "delta": 1.125}}
{"target": -17.688207908877313, "params": {"C": 30.219564593240833, "epsilon": 0.06786907052069464, "gamma": 0.01252252233008947}, "datetime": {"datetime": "2021-09-27 21:16:24", "elapsed": 199.709222, "delta": 2.110618}}
{"target": -18.48837527596821, "params": {"C": 18.578438047944736, "epsilon": 0.3232400581018573, "gamma": 0.009005439814643575}, "datetime": {"datetime": "2021-09-27 21:16:26", "elapsed": 201.725586, "delta": 2.016364}}
{"target": -17.735835507617757, "params": {"C": 19.6858839235517, "epsilon": 0.14297325816932238, "gamma": 0.07305599370326993}, "datetime": {"datetime": "2021-09-27 21:16:27", "elapsed": 202.964876, "delta": 1.23929}}
{"target": -18.307753032298354, "params": {"C": 98.07057977973221, "epsilon": 0.37928957616337095, "gamma": 0.01889587412665146}, "datetime": {"datetime": "2021-09-27 21:16:29", "elapsed": 204.430424, "delta": 1.465548}}
{"target": -18.97441071984818, "params": {"C": 18.601373279524527, "epsilon": 0.2941660423114844, "gamma": 0.10740041933348284}, "datetime": {"datetime": "2021-09-27 21:16:30", "elapsed": 206.067579, "delta": 1.637155}}
{"target": -20.81367281689731, "params": {"C": 20.023214682421003, "epsilon": 0.0721307156792825, "gamma": 0.0028633399344116083}, "datetime": {"datetime": "2021-09-27 21:16:32", "elapsed": 207.884579, "delta": 1.817}}
{"target": -17.642244367641933, "params": {"C": 17.615536319211596, "epsilon": 0.30525882585961445, "gamma": 0.015857125173371886}, "datetime": {"datetime": "2021-09-27 21:16:34", "elapsed": 209.725227, "delta": 1.840648}}
{"target": -18.01866206793587, "params": {"C": 17.626152479799153, "epsilon": 0.39370656519484476, "gamma": 0.013702345461313986}, "datetime": {"datetime": "2021-09-27 21:16:36", "elapsed": 211.370227, "delta": 1.645}}
{"target": -18.120898388637848, "params": {"C": 19.77483393358653, "epsilon": 0.007047490071719567, "gamma": 0.010417008131923916}, "datetime": {"datetime": "2021-09-27 21:16:38", "elapsed": 213.359824, "delta": 1.989597}}
