{"target": -17.53669343801075, "params": {"C": 17.392826438622375, "epsilon": 0.32751345195797577, "gamma": 0.01784025025911127}, "datetime": {"datetime": "2021-09-27 21:26:12", "elapsed": 787.138819, "delta": 5.574805}}
{"target": -19.353739990937154, "params": {"C": 74.53295240751093, "epsilon": 0.6402351562544998, "gamma": 0.07682633129934023}, "datetime": {"datetime": "2021-09-27 21:26:14", "elapsed": 789.636746, "delta": 2.497927}}
{"target": -18.23942019676576, "params": {"C": 27.479540123763886, "epsilon": 0.22240083123442997, "gamma": 0.08184984006647322}, "datetime": {"datetime": "2021-09-27 21:26:16", "elapsed": 791.848381, "delta": 2.211635}}
{"target": -19.16460083433226, "params": {"C": 17.482364844979706, "epsilon": 0.39435307244514994, "gamma": 0.006548298363032993}, "datetime": {"datetime": "2021-09-27 21:26:21", "elapsed": 796.84319, "delta": 4.994809}}
{"target": -18.413855682075948, "params": {"C": 88.92310541146037, "epsilon": 0.6592588264240995, "gamma": 0.017426006301706033}, "datetime": {"datetime": "2021-09-27 21:26:23", "elapsed": 799.007235, "delta": 2.164045}}
{"target": -18.646188004723456, "params": {"C": 17.462823144380238, "epsilon": 0.3124908041307367, "gamma": 0.1004009841454125}, "datetime": {"datetime": "2021-09-27 21:26:29", "elapsed": 804.767606, "delta": 5.760371}}
{"target": -18.327812720310632, "params": {"C": 14.39250318289297, "epsilon": 0.31024294656763013, "gamma": 0.09502399624228196}, "datetime": {"datetime": "2021-09-27 21:26:31", "elapsed": 806.998938, "delta": 2.231332}}
{"target": -18.227858664433644, "params": {"C": 61.44162203685969, "epsilon": 0.1913257258745263, "gamma": 0.0289845458675888}, "datetime": {"datetime": "2021-09-27 21:26:34", "elapsed": 809.682723, "delta": 2.683785}}
{"target": -17.10496641209454, "params": {"C": 17.46922386508995, "epsilon": 0.23606398898303999, "gamma": 0.031197786662165224}, "datetime": {"datetime": "2021-09-27 21:26:38", "elapsed": 813.860365, "delta": 4.177642}}
{"target": -17.116290057541768, "params": {"C": 17.40161149160755, "epsilon": 0.23860628430333905, "gamma": 0.02833857105970263}, "datetime": {"datetime": "2021-09-27 21:26:42", "elapsed": 818.087514, "delta": 4.227149}}
{"target": -18.677160031494715, "params": {"C": 5.084887453482199, "epsilon": 0.6352737102033551, "gamma": 0.023331961435070117}, "datetime": {"datetime": "2021-09-27 21:26:45", "elapsed": 820.466509, "delta": 2.378995}}
{"target": -22.029167827887996, "params": {"C": 82.56602854444476, "epsilon": 0.6137422251392719, "gamma": 0.1227740194751499}, "datetime": {"datetime": "2021-09-27 21:26:47", "elapsed": 823.020086, "delta": 2.553577}}
{"target": -17.90241080250208, "params": {"C": 17.350549069474745, "epsilon": 0.3014232939472728, "gamma": 0.08152778158472089}, "datetime": {"datetime": "2021-09-27 21:26:52", "elapsed": 827.796972, "delta": 4.776886}}
{"target": -17.83655718615317, "params": {"C": 54.146126514969964, "epsilon": 0.19515307791232947, "gamma": 0.011552605474574389}, "datetime": {"datetime": "2021-09-27 21:26:55", "elapsed": 830.448232, "delta": 2.65126}}
{"target": -17.95886439666637, "params": {"C": 60.00523139153793, "epsilon": 0.6841463341590897, "gamma": 0.031029043516794266}, "datetime": {"datetime": "2021-09-27 21:26:57", "elapsed": 832.990445, "delta": 2.542213}}
{"target": -17.17457503063078, "params": {"C": 17.394584694172824, "epsilon": 0.1807628215282288, "gamma": 0.051861961197892936}, "datetime": {"datetime": "2021-09-27 21:27:02", "elapsed": 837.493567, "delta": 4.503122}}
{"target": -17.64163980708755, "params": {"C": 17.349354193967283, "epsilon": 0.1335477174124712, "gamma": 0.0682073952153064}, "datetime": {"datetime": "2021-09-27 21:27:06", "elapsed": 841.561126, "delta": 4.067559}}
{"target": -17.668814019090387, "params": {"C": 17.358992665100413, "epsilon": 0.20636213823378133, "gamma": 0.07416736003211967}, "datetime": {"datetime": "2021-09-27 21:27:10", "elapsed": 845.692677, "delta": 4.131551}}
{"target": -24.715182617239524, "params": {"C": 1.7611517886626924, "epsilon": 0.6876886511284276, "gamma": 0.1365503304118669}, "datetime": {"datetime": "2021-09-27 21:27:13", "elapsed": 848.250966, "delta": 2.558289}}
{"target": -18.33953890178638, "params": {"C": 46.34404335256529, "epsilon": 0.5334084999710917, "gamma": 0.07362664164691528}, "datetime": {"datetime": "2021-09-27 21:27:15", "elapsed": 850.975112, "delta": 2.724146}}
{"target": -18.082985972000916, "params": {"C": 17.431591365378193, "epsilon": 0.24295855314882514, "gamma": 0.08714421699105313}, "datetime": {"datetime": "2021-09-27 21:27:20", "elapsed": 855.418208, "delta": 4.443096}}
{"target": -17.74905389111893, "params": {"C": 17.567550772641443, "epsilon": 0.3189502340507929, "gamma": 0.07619824266573327}, "datetime": {"datetime": "2021-09-27 21:27:23", "elapsed": 858.249565, "delta": 2.831357}}
{"target": -17.231143180768143, "params": {"C": 17.482528142898786, "epsilon": 0.16496922819816498, "gamma": 0.05409926611179456}, "datetime": {"datetime": "2021-09-27 21:27:30", "elapsed": 865.462715, "delta": 7.21315}}
{"target": -17.484901037478185, "params": {"C": 20.929685454628117, "epsilon": 0.5716941203293171, "gamma": 0.05859415640193934}, "datetime": {"datetime": "2021-09-27 21:27:35", "elapsed": 870.813504, "delta": 5.350789}}
{"target": -17.56840900746864, "params": {"C": 17.33716468625038, "epsilon": 0.2418104675570813, "gamma": 0.01600795750063795}, "datetime": {"datetime": "2021-09-27 21:27:40", "elapsed": 875.618383, "delta": 4.804879}}
{"target": -17.07627113703121, "params": {"C": 17.44590301949222, "epsilon": 0.09762212488036609, "gamma": 0.025611442972388508}, "datetime": {"datetime": "2021-09-27 21:27:45", "elapsed": 880.79959, "delta": 5.181207}}
{"target": -19.689477582281295, "params": {"C": 17.38016730113205, "epsilon": 0.09058943530480787, "gamma": 0.005311863043660431}, "datetime": {"datetime": "2021-09-27 21:27:51", "elapsed": 886.150011, "delta": 5.350421}}
{"target": -17.596183197263038, "params": {"C": 17.422336671170925, "epsilon": 0.12642150286781192, "gamma": 0.06620838008065444}, "datetime": {"datetime": "2021-09-27 21:27:57", "elapsed": 892.802279, "delta": 6.652268}}
{"target": -17.726877316526597, "params": {"C": 17.483798904988397, "epsilon": 0.10989842708000899, "gamma": 0.07292483071785608}, "datetime": {"datetime": "2021-09-27 21:28:01", "elapsed": 896.671759, "delta": 3.86948}}
{"target": -17.6137215226877, "params": {"C": 17.45848427800682, "epsilon": 0.13835632837376027, "gamma": 0.015791573153771353}, "datetime": {"datetime": "2021-09-27 21:28:06", "elapsed": 901.618391, "delta": 4.946632}}
{"target": -18.13950405903559, "params": {"C": 89.26423872447182, "epsilon": 0.4278044295692695, "gamma": 0.06147809801216947}, "datetime": {"datetime": "2021-09-27 21:28:08", "elapsed": 903.651962, "delta": 2.033571}}
{"target": -19.401220987626385, "params": {"C": 17.399064869861856, "epsilon": 0.17639218885137872, "gamma": 0.12088256463955324}, "datetime": {"datetime": "2021-09-27 21:28:13", "elapsed": 908.181403, "delta": 4.529441}}
{"target": -17.48439099729929, "params": {"C": 17.45526037693679, "epsilon": 0.03195734542034637, "gamma": 0.060959085460046025}, "datetime": {"datetime": "2021-09-27 21:28:17", "elapsed": 912.167913, "delta": 3.98651}}
{"target": -17.485411282640882, "params": {"C": 17.5287163856935, "epsilon": 0.04300786135397804, "gamma": 0.01703152354841786}, "datetime": {"datetime": "2021-09-27 21:28:21", "elapsed": 917.019233, "delta": 4.85132}}
{"target": -17.898801100534982, "params": {"C": 20.701003565981093, "epsilon": 0.6149230705928004, "gamma": 0.020865849445698317}, "datetime": {"datetime": "2021-09-27 21:28:25", "elapsed": 920.68234, "delta": 3.663107}}
{"target": -18.626246387532696, "params": {"C": 18.7654569494668, "epsilon": 0.6141807578912298, "gamma": 0.008061997071172066}, "datetime": {"datetime": "2021-09-27 21:28:31", "elapsed": 926.648653, "delta": 5.966313}}
{"target": -17.075366257806664, "params": {"C": 17.323360415866304, "epsilon": 0.18665486105969864, "gamma": 0.03434077756836982}, "datetime": {"datetime": "2021-09-27 21:28:35", "elapsed": 930.683693, "delta": 4.03504}}
