{"target": -32.786647027431066, "params": {"C": 64.46562579080084, "epsilon": 0.15576116585008187, "gamma": 0.6154208480117414}, "datetime": {"datetime": "2021-09-27 21:28:14", "elapsed": 664.935796, "delta": 1.516778}}
{"target": -21.347475261277157, "params": {"C": 92.7072240658191, "epsilon": 0.2954332876703704, "gamma": 0.0986055152081244}, "datetime": {"datetime": "2021-09-27 21:28:20", "elapsed": 670.968524, "delta": 6.032728}}
{"target": -23.88484575400229, "params": {"C": 15.456546230999319, "epsilon": 0.7501274569340952, "gamma": 0.18393377158340227}, "datetime": {"datetime": "2021-09-27 21:28:25", "elapsed": 676.160915, "delta": 5.192391}}
{"target": -17.514898044054554, "params": {"C": 10.879278648494227, "epsilon": 0.2563440431127052, "gamma": 0.051149750040699306}, "datetime": {"datetime": "2021-09-27 21:28:29", "elapsed": 680.014054, "delta": 3.853139}}
{"target": -21.07903723534624, "params": {"C": 14.267669739032508, "epsilon": 0.3421577431120132, "gamma": 0.12478988464325523}, "datetime": {"datetime": "2021-09-27 21:28:31", "elapsed": 681.674264, "delta": 1.66021}}
{"target": -18.90143820989208, "params": {"C": 92.5960661862383, "epsilon": 0.24716812484184714, "gamma": 0.0017269438659844346}, "datetime": {"datetime": "2021-09-27 21:28:36", "elapsed": 686.633982, "delta": 4.959718}}
{"target": -18.113474979597495, "params": {"C": 43.74013967665899, "epsilon": 0.04516676535213547, "gamma": 0.07026515539825802}, "datetime": {"datetime": "2021-09-27 21:28:40", "elapsed": 691.29094, "delta": 4.656958}}
{"target": -21.431539075450296, "params": {"C": 22.11078818612539, "epsilon": 0.3727212129477106, "gamma": 0.001}, "datetime": {"datetime": "2021-09-27 21:28:45", "elapsed": 696.41297, "delta": 5.12203}}
{"target": -17.40882208719099, "params": {"C": 13.890448462301176, "epsilon": 0.8709749846090492, "gamma": 0.04818172970760969}, "datetime": {"datetime": "2021-09-27 21:28:49", "elapsed": 700.145922, "delta": 3.732952}}
{"target": -31.077571955610882, "params": {"C": 82.00862336719703, "epsilon": 0.7135478675844621, "gamma": 0.3841343809822135}, "datetime": {"datetime": "2021-09-27 21:28:51", "elapsed": 701.561646, "delta": 1.415724}}
{"target": -41.434622542170565, "params": {"C": 1.5616575706412674, "epsilon": 0.5601311057712225, "gamma": 0.9078602224111414}, "datetime": {"datetime": "2021-09-27 21:28:52", "elapsed": 702.8818, "delta": 1.320154}}
{"target": -30.489581397258046, "params": {"C": 26.25772377615815, "epsilon": 0.1730912040353758, "gamma": 0.4841441780238907}, "datetime": {"datetime": "2021-09-27 21:28:53", "elapsed": 704.303187, "delta": 1.421387}}
{"target": -29.138700571341435, "params": {"C": 89.65529414788915, "epsilon": 0.71131542333965, "gamma": 0.2452761768549184}, "datetime": {"datetime": "2021-09-27 21:28:55", "elapsed": 705.670109, "delta": 1.366922}}
{"target": -21.914306494761128, "params": {"C": 43.59939762100067, "epsilon": 0.05359426272267902, "gamma": 0.13031122223087324}, "datetime": {"datetime": "2021-09-27 21:29:00", "elapsed": 710.555654, "delta": 4.885545}}
{"target": -18.515206948886696, "params": {"C": 18.536794261987826, "epsilon": 0.4079346099572044, "gamma": 0.003839801042680075}, "datetime": {"datetime": "2021-09-27 21:29:04", "elapsed": 715.445364, "delta": 4.88971}}
{"target": -25.577065085092144, "params": {"C": 34.91569987566901, "epsilon": 0.2426733991612615, "gamma": 0.22285885227690247}, "datetime": {"datetime": "2021-09-27 21:29:06", "elapsed": 716.886039, "delta": 1.440675}}
{"target": -18.30961959830445, "params": {"C": 10.758670596949413, "epsilon": 0.10421015946092232, "gamma": 0.06873931574243138}, "datetime": {"datetime": "2021-09-27 21:29:11", "elapsed": 721.72299, "delta": 4.836951}}
{"target": -22.2354206792648, "params": {"C": 10.632853694708785, "epsilon": 0.15760330718702767, "gamma": 0.001}, "datetime": {"datetime": "2021-09-27 21:29:16", "elapsed": 726.54489, "delta": 4.8219}}
{"target": -18.867554461850496, "params": {"C": 37.73631462431661, "epsilon": 0.18727559674381683, "gamma": 0.0810423081178144}, "datetime": {"datetime": "2021-09-27 21:29:19", "elapsed": 730.000107, "delta": 3.455217}}
{"target": -16.829179024682713, "params": {"C": 18.68871239089687, "epsilon": 0.3869896167648603, "gamma": 0.03063915315969983}, "datetime": {"datetime": "2021-09-27 21:29:25", "elapsed": 735.739857, "delta": 5.73975}}
{"target": -17.949435650664537, "params": {"C": 21.983096144250457, "epsilon": 0.14418408037393787, "gamma": 0.07523457475043434}, "datetime": {"datetime": "2021-09-27 21:29:30", "elapsed": 740.662451, "delta": 4.922594}}
{"target": -17.460877675245506, "params": {"C": 43.85735071905476, "epsilon": 0.09223382199431433, "gamma": 0.027830092357459753}, "datetime": {"datetime": "2021-09-27 21:29:35", "elapsed": 746.036269, "delta": 5.373818}}
{"target": -22.321410420532754, "params": {"C": 10.963836739476527, "epsilon": 0.17005477653570575, "gamma": 0.14673308124893877}, "datetime": {"datetime": "2021-09-27 21:29:36", "elapsed": 747.434853, "delta": 1.398584}}
{"target": -33.56186377655762, "params": {"C": 1.1054766521222825, "epsilon": 0.31430283338217396, "gamma": 0.27451865160755123}, "datetime": {"datetime": "2021-09-27 21:29:38", "elapsed": 748.806854, "delta": 1.372001}}
{"target": -36.44646470332225, "params": {"C": 80.89422287028619, "epsilon": 0.19979030694818187, "gamma": 0.9520906527219677}, "datetime": {"datetime": "2021-09-27 21:29:39", "elapsed": 750.281464, "delta": 1.47461}}
{"target": -16.609164120743785, "params": {"C": 21.906750916094335, "epsilon": 0.31263609077951676, "gamma": 0.015342273547368716}, "datetime": {"datetime": "2021-09-27 21:29:45", "elapsed": 755.780975, "delta": 5.499511}}
{"target": -26.794536957137204, "params": {"C": 84.66294877909813, "epsilon": 0.09115056696554302, "gamma": 0.21434089826024352}, "datetime": {"datetime": "2021-09-27 21:29:46", "elapsed": 757.331943, "delta": 1.550968}}
{"target": -16.658058732999496, "params": {"C": 18.562181201274704, "epsilon": 0.22334574235666685, "gamma": 0.012041907999985932}, "datetime": {"datetime": "2021-09-27 21:29:51", "elapsed": 761.663601, "delta": 4.331658}}
{"target": -35.737253442319734, "params": {"C": 46.213099252826076, "epsilon": 0.023913027689256044, "gamma": 0.8920087641896504}, "datetime": {"datetime": "2021-09-27 21:29:52", "elapsed": 763.195426, "delta": 1.531825}}
{"target": -33.06823192780692, "params": {"C": 21.43492537966194, "epsilon": 0.5657168808500962, "gamma": 0.6518533817668367}, "datetime": {"datetime": "2021-09-27 21:29:54", "elapsed": 764.634084, "delta": 1.438658}}
{"target": -28.914035327154792, "params": {"C": 19.112745499853, "epsilon": 0.5441796855177504, "gamma": 0.3997987548396499}, "datetime": {"datetime": "2021-09-27 21:29:55", "elapsed": 766.136021, "delta": 1.501937}}
{"target": -24.021904904584403, "params": {"C": 34.945062524349034, "epsilon": 0.8186562370236233, "gamma": 0.16118691358734022}, "datetime": {"datetime": "2021-09-27 21:29:57", "elapsed": 767.585103, "delta": 1.449082}}
{"target": -17.560485421032173, "params": {"C": 86.39223719998881, "epsilon": 0.09076274617402737, "gamma": 0.0372559633887355}, "datetime": {"datetime": "2021-09-27 21:30:01", "elapsed": 771.477146, "delta": 3.892043}}
{"target": -35.483441568549544, "params": {"C": 92.57819259218552, "epsilon": 0.36871498203283715, "gamma": 0.8475425957229417}, "datetime": {"datetime": "2021-09-27 21:30:02", "elapsed": 772.920714, "delta": 1.443568}}
{"target": -16.8328145946635, "params": {"C": 15.373007385059477, "epsilon": 0.5618994935062784, "gamma": 0.03912041600971121}, "datetime": {"datetime": "2021-09-27 21:30:07", "elapsed": 777.965104, "delta": 5.04439}}
{"target": -23.492263948556886, "params": {"C": 18.66791599370718, "epsilon": 0.5169524035344019, "gamma": 0.18038696211329341}, "datetime": {"datetime": "2021-09-27 21:30:12", "elapsed": 782.974947, "delta": 5.009843}}
{"target": -16.724125186947806, "params": {"C": 46.48699754040339, "epsilon": 0.20798621939202883, "gamma": 0.009467109077828722}, "datetime": {"datetime": "2021-09-27 21:30:17", "elapsed": 788.156598, "delta": 5.181651}}
{"target": -17.597821430748002, "params": {"C": 86.23797893652063, "epsilon": 0.11058812797416838, "gamma": 0.04099439033120324}, "datetime": {"datetime": "2021-09-27 21:30:22", "elapsed": 792.876521, "delta": 4.719923}}
{"target": -21.027070811809175, "params": {"C": 46.604528870104446, "epsilon": 0.21374151862487104, "gamma": 0.1095020253325086}, "datetime": {"datetime": "2021-09-27 21:30:28", "elapsed": 798.897657, "delta": 6.021136}}
{"target": -17.04324572798183, "params": {"C": 16.69465695785195, "epsilon": 0.802779772820014, "gamma": 0.01635989827231247}, "datetime": {"datetime": "2021-09-27 21:30:29", "elapsed": 800.415476, "delta": 1.517819}}
{"target": -36.34943615515028, "params": {"C": 8.844576960734663, "epsilon": 0.3797011559336109, "gamma": 0.9388744766063802}, "datetime": {"datetime": "2021-09-27 21:30:31", "elapsed": 802.066556, "delta": 1.65108}}
{"target": -17.69709571759992, "params": {"C": 46.376638109088134, "epsilon": 0.12911471607631608, "gamma": 0.03741160692395307}, "datetime": {"datetime": "2021-09-27 21:30:36", "elapsed": 807.337619, "delta": 5.271063}}
{"target": -28.16531626491463, "params": {"C": 37.49063981152922, "epsilon": 0.6711629476503279, "gamma": 0.286546304506473}, "datetime": {"datetime": "2021-09-27 21:30:38", "elapsed": 808.94361, "delta": 1.605991}}
{"target": -26.130588606894968, "params": {"C": 37.96919157557382, "epsilon": 0.9615680168782342, "gamma": 0.19232212668180923}, "datetime": {"datetime": "2021-09-27 21:30:40", "elapsed": 810.522256, "delta": 1.578646}}
{"target": -22.841010861553926, "params": {"C": 15.525026399444235, "epsilon": 0.5044688671081958, "gamma": 0.1632402245690403}, "datetime": {"datetime": "2021-09-27 21:30:46", "elapsed": 817.065719, "delta": 6.543463}}
{"target": -29.80295305888314, "params": {"C": 86.03569639919681, "epsilon": 0.15585756464722506, "gamma": 0.3525374689311769}, "datetime": {"datetime": "2021-09-27 21:30:48", "elapsed": 818.716677, "delta": 1.650958}}
{"target": -24.012420856387887, "params": {"C": 46.469362832436936, "epsilon": 0.03150574476734761, "gamma": 0.17411916698545257}, "datetime": {"datetime": "2021-09-27 21:30:55", "elapsed": 825.94414, "delta": 7.227463}}
{"target": -21.012245460837402, "params": {"C": 43.87174314287898, "epsilon": 0.2628848437622204, "gamma": 0.001}, "datetime": {"datetime": "2021-09-27 21:31:00", "elapsed": 831.380796, "delta": 5.436656}}
{"target": -18.10514575101491, "params": {"C": 79.00837220135055, "epsilon": 0.8248405611871553, "gamma": 0.04310655415114397}, "datetime": {"datetime": "2021-09-27 21:31:05", "elapsed": 836.086523, "delta": 4.705727}}
{"target": -34.96012421449002, "params": {"C": 51.05749229479834, "epsilon": 0.2719973412230528, "gamma": 0.8039680193438611}, "datetime": {"datetime": "2021-09-27 21:31:07", "elapsed": 837.721769, "delta": 1.635246}}
{"target": -16.805355810590903, "params": {"C": 21.82540205081303, "epsilon": 0.44638816926130026, "gamma": 0.02253963294974431}, "datetime": {"datetime": "2021-09-27 21:31:11", "elapsed": 842.386089, "delta": 4.66432}}
{"target": -33.30102413529674, "params": {"C": 9.76590742802846, "epsilon": 0.41831981899802684, "gamma": 0.6971290221517332}, "datetime": {"datetime": "2021-09-27 21:31:13", "elapsed": 843.975712, "delta": 1.589623}}
{"target": -21.092577455451213, "params": {"C": 18.521273482418547, "epsilon": 0.3216632541820166, "gamma": 0.12442004580050163}, "datetime": {"datetime": "2021-09-27 21:31:20", "elapsed": 850.60923, "delta": 6.633518}}
{"target": -22.342412133790525, "params": {"C": 46.23332016295834, "epsilon": 0.380565071854392, "gamma": 0.13481907404566076}, "datetime": {"datetime": "2021-09-27 21:31:27", "elapsed": 857.892089, "delta": 7.282859}}
{"target": -21.1580643249716, "params": {"C": 37.900278061264586, "epsilon": 0.1949801016121788, "gamma": 0.001}, "datetime": {"datetime": "2021-09-27 21:31:31", "elapsed": 862.181977, "delta": 4.289888}}
{"target": -17.5101153285762, "params": {"C": 47.2854274556694, "epsilon": 0.39343969296426046, "gamma": 0.033362366008377345}, "datetime": {"datetime": "2021-09-27 21:31:37", "elapsed": 868.277139, "delta": 6.095162}}
{"target": -27.12164946381796, "params": {"C": 32.56321954602185, "epsilon": 0.34821045770889913, "gamma": 0.2719379736144875}, "datetime": {"datetime": "2021-09-27 21:31:39", "elapsed": 869.926093, "delta": 1.648954}}
{"target": -30.9211922821052, "params": {"C": 68.35962392117067, "epsilon": 0.8895128241278348, "gamma": 0.3583197905219247}, "datetime": {"datetime": "2021-09-27 21:31:41", "elapsed": 871.610381, "delta": 1.684288}}
{"target": -22.451091033954025, "params": {"C": 47.40160293567532, "epsilon": 0.3328318727259644, "gamma": 0.13735422609674905}, "datetime": {"datetime": "2021-09-27 21:31:46", "elapsed": 876.58474, "delta": 4.974359}}
{"target": -21.429340064634584, "params": {"C": 18.570416713610825, "epsilon": 0.06322422903306722, "gamma": 0.001}, "datetime": {"datetime": "2021-09-27 21:31:52", "elapsed": 882.823275, "delta": 6.238535}}
{"target": -23.30069176919349, "params": {"C": 47.16038493347482, "epsilon": 0.43028054398835375, "gamma": 0.15287276496205807}, "datetime": {"datetime": "2021-09-27 21:31:58", "elapsed": 888.488911, "delta": 5.665636}}
{"target": -22.428404378043577, "params": {"C": 21.87438788878686, "epsilon": 0.3234355210618322, "gamma": 0.15280012818388605}, "datetime": {"datetime": "2021-09-27 21:32:03", "elapsed": 893.894623, "delta": 5.405712}}
{"target": -17.100981280751782, "params": {"C": 8.865243358106117, "epsilon": 0.4200201900915016, "gamma": 0.033542388993975755}, "datetime": {"datetime": "2021-09-27 21:32:05", "elapsed": 895.621774, "delta": 1.727151}}
{"target": -33.67533883740897, "params": {"C": 54.19489583693437, "epsilon": 0.9491547497742019, "gamma": 0.6419597287736486}, "datetime": {"datetime": "2021-09-27 21:32:06", "elapsed": 897.270524, "delta": 1.64875}}
{"target": -36.41620462928628, "params": {"C": 86.84811314033063, "epsilon": 0.22428519810227024, "gamma": 0.9475863302698581}, "datetime": {"datetime": "2021-09-27 21:32:08", "elapsed": 898.986846, "delta": 1.716322}}
{"target": -20.983957949747563, "params": {"C": 46.37957436386657, "epsilon": 0.36467227833425525, "gamma": 0.001}, "datetime": {"datetime": "2021-09-27 21:32:14", "elapsed": 904.899155, "delta": 5.912309}}
{"target": -17.3978037863833, "params": {"C": 99.15694615552349, "epsilon": 0.05671231247944592, "gamma": 0.04419365059928092}, "datetime": {"datetime": "2021-09-27 21:32:19", "elapsed": 910.347148, "delta": 5.447993}}
{"target": -17.079781753557217, "params": {"C": 47.92290244573167, "epsilon": 0.3060322960269924, "gamma": 0.021983127475848952}, "datetime": {"datetime": "2021-09-27 21:32:27", "elapsed": 918.383024, "delta": 8.035876}}
{"target": -23.62406119172153, "params": {"C": 10.644286533490815, "epsilon": 0.001, "gamma": 0.1791855770926078}, "datetime": {"datetime": "2021-09-27 21:32:34", "elapsed": 925.257785, "delta": 6.874761}}
{"target": -21.84934248368738, "params": {"C": 23.935182257692905, "epsilon": 0.60717397628802, "gamma": 0.12724110065653815}, "datetime": {"datetime": "2021-09-27 21:32:36", "elapsed": 926.930989, "delta": 1.673204}}
{"target": -31.569045735707995, "params": {"C": 4.658719891787471, "epsilon": 0.6321093294120909, "gamma": 0.43766990965421526}, "datetime": {"datetime": "2021-09-27 21:32:38", "elapsed": 928.595779, "delta": 1.66479}}
{"target": -25.376523112527178, "params": {"C": 58.88992954910715, "epsilon": 0.036317818912844455, "gamma": 0.18930127639543692}, "datetime": {"datetime": "2021-09-27 21:32:39", "elapsed": 930.292059, "delta": 1.69628}}
{"target": -21.065710238626604, "params": {"C": 47.25093548820476, "epsilon": 0.19587163198240384, "gamma": 0.001}, "datetime": {"datetime": "2021-09-27 21:32:46", "elapsed": 937.436776, "delta": 7.144717}}
{"target": -22.60683979925123, "params": {"C": 92.76608417282854, "epsilon": 0.029089767463695536, "gamma": 0.11990594767232317}, "datetime": {"datetime": "2021-09-27 21:32:54", "elapsed": 944.655613, "delta": 7.218837}}
{"target": -17.66161861971063, "params": {"C": 48.00952852068753, "epsilon": 0.4432663214581431, "gamma": 0.04455148576604497}, "datetime": {"datetime": "2021-09-27 21:33:02", "elapsed": 952.944309, "delta": 8.288696}}
{"target": -23.70581182893122, "params": {"C": 42.44316795797817, "epsilon": 0.9496379402211933, "gamma": 0.14286712825245004}, "datetime": {"datetime": "2021-09-27 21:33:04", "elapsed": 954.789275, "delta": 1.844966}}
{"target": -21.2462219145362, "params": {"C": 48.084761903620766, "epsilon": 0.18924813253731196, "gamma": 0.1145241613385877}, "datetime": {"datetime": "2021-09-27 21:33:11", "elapsed": 961.89578, "delta": 7.106505}}
{"target": -22.64779007374115, "params": {"C": 43.94196040955914, "epsilon": 0.001, "gamma": 0.14653290070789432}, "datetime": {"datetime": "2021-09-27 21:33:19", "elapsed": 969.792844, "delta": 7.897064}}
{"target": -35.50549553489961, "params": {"C": 83.84914338702475, "epsilon": 0.7284559977448395, "gamma": 0.8285562675438306}, "datetime": {"datetime": "2021-09-27 21:33:21", "elapsed": 971.736347, "delta": 1.943503}}
{"target": -24.318217490522972, "params": {"C": 47.840857609661455, "epsilon": 0.3261224224616857, "gamma": 0.17556985988595628}, "datetime": {"datetime": "2021-09-27 21:33:27", "elapsed": 978.249459, "delta": 6.513112}}
{"target": -20.91041691119038, "params": {"C": 93.09150924971846, "epsilon": 0.11426391995559633, "gamma": 0.09320549278758507}, "datetime": {"datetime": "2021-09-27 21:33:35", "elapsed": 986.114936, "delta": 7.865477}}
{"target": -26.257716246550594, "params": {"C": 78.9712257266012, "epsilon": 0.6933046411979124, "gamma": 0.16471107922899714}, "datetime": {"datetime": "2021-09-27 21:33:42", "elapsed": 993.350842, "delta": 7.235906}}
{"target": -19.149636988359948, "params": {"C": 17.82226018693787, "epsilon": 0.03628370694576857, "gamma": 0.09682748185990246}, "datetime": {"datetime": "2021-09-27 21:33:49", "elapsed": 1000.437098, "delta": 7.086256}}
{"target": -16.940637637163896, "params": {"C": 17.66631826019435, "epsilon": 0.7016630431541704, "gamma": 0.0271824435207525}, "datetime": {"datetime": "2021-09-27 21:33:57", "elapsed": 1007.713166, "delta": 7.276068}}
{"target": -20.899269884281228, "params": {"C": 17.915714587173582, "epsilon": 0.5984701091864161, "gamma": 0.11551001444705737}, "datetime": {"datetime": "2021-09-27 21:34:04", "elapsed": 1015.36363, "delta": 7.650464}}
{"target": -21.826812949034426, "params": {"C": 17.706058774473828, "epsilon": 0.18580885432916597, "gamma": 0.14039594907760142}, "datetime": {"datetime": "2021-09-27 21:34:12", "elapsed": 1022.585902, "delta": 7.222272}}
{"target": -28.42975702816203, "params": {"C": 55.33253688880515, "epsilon": 0.2863605571825954, "gamma": 0.30217616128367863}, "datetime": {"datetime": "2021-09-27 21:41:14", "elapsed": 0.0, "delta": 0.0}}
{"target": -28.71093178742638, "params": {"C": 54.94343511669279, "epsilon": 0.17003826493622298, "gamma": 0.32365526830719477}, "datetime": {"datetime": "2021-09-27 21:41:14", "elapsed": 0.089, "delta": 0.089}}
{"target": -31.288078925477443, "params": {"C": 44.321133915006556, "epsilon": 0.35681742731204985, "gamma": 0.4819040547295126}, "datetime": {"datetime": "2021-09-27 21:41:14", "elapsed": 0.175999, "delta": 0.086999}}
{"target": -27.15849016946906, "params": {"C": 38.96071036375199, "epsilon": 0.31689829019498317, "gamma": 0.2653896700369464}, "datetime": {"datetime": "2021-09-27 21:41:14", "elapsed": 0.248003, "delta": 0.072004}}
{"target": -17.648177760490135, "params": {"C": 57.2364115482993, "epsilon": 0.3703130586787718, "gamma": 0.0373759569825477}, "datetime": {"datetime": "2021-09-27 21:41:15", "elapsed": 0.336998, "delta": 0.088995}}
{"target": -18.81327278687378, "params": {"C": 58.24135486815267, "epsilon": 0.4, "gamma": 0.002}, "datetime": {"datetime": "2021-09-27 21:41:15", "elapsed": 0.606999, "delta": 0.270001}}
{"target": -31.231712193330207, "params": {"C": 60.649365895908616, "epsilon": 0.001, "gamma": 0.5}, "datetime": {"datetime": "2021-09-27 21:41:15", "elapsed": 0.858994, "delta": 0.251995}}
{"target": -31.213488185045257, "params": {"C": 57.854304556483655, "epsilon": 0.0446799793520235, "gamma": 0.4960497505387596}, "datetime": {"datetime": "2021-09-27 21:41:15", "elapsed": 1.083713, "delta": 0.224719}}
{"target": -20.715346467184943, "params": {"C": 57.22456199579393, "epsilon": 0.31267150354014617, "gamma": 0.09759947107330388}, "datetime": {"datetime": "2021-09-27 21:41:15", "elapsed": 1.266711, "delta": 0.182998}}
{"target": -29.986247881099438, "params": {"C": 37.83265543329909, "epsilon": 0.04707603034099802, "gamma": 0.42885900253304043}, "datetime": {"datetime": "2021-09-27 21:41:16", "elapsed": 1.47271, "delta": 0.205999}}
{"target": -17.22465333347374, "params": {"C": 57.43435833334183, "epsilon": 0.37069915916199764, "gamma": 0.023045331920924103}, "datetime": {"datetime": "2021-09-27 21:41:16", "elapsed": 1.727712, "delta": 0.255002}}
{"target": -23.079625186588473, "params": {"C": 58.58300229556788, "epsilon": 0.33637165842686856, "gamma": 0.14196250897966203}, "datetime": {"datetime": "2021-09-27 21:41:16", "elapsed": 2.056712, "delta": 0.329}}
{"target": -20.189344842207348, "params": {"C": 21.397992521829106, "epsilon": 0.0732440763810703, "gamma": 0.002185802308590455}, "datetime": {"datetime": "2021-09-27 21:41:16", "elapsed": 2.244709, "delta": 0.187997}}
{"target": -26.353559596365105, "params": {"C": 82.38303977699293, "epsilon": 0.04917320658983363, "gamma": 0.20131773216499277}, "datetime": {"datetime": "2021-09-27 21:41:17", "elapsed": 2.458707, "delta": 0.213998}}
{"target": -17.810397564029618, "params": {"C": 57.74354776574856, "epsilon": 0.3963314273202219, "gamma": 0.034216076412397975}, "datetime": {"datetime": "2021-09-27 21:41:17", "elapsed": 2.905714, "delta": 0.447007}}
