{"target": -17.58471441175608, "params": {"C": 33.38186592700314, "epsilon": 0.2793424201936759, "gamma": 0.04176731825509321}, "datetime": {"datetime": "2021-09-27 20:37:08", "elapsed": 323.990246, "delta": 3.238048}}
{"target": -19.162301346734058, "params": {"C": 98.94852271017878, "epsilon": 0.9341795061264628, "gamma": 0.056157070277312114}, "datetime": {"datetime": "2021-09-27 20:37:09", "elapsed": 325.322908, "delta": 1.332662}}
{"target": -22.12278856060547, "params": {"C": 30.00312309717734, "epsilon": 0.03883200028485056, "gamma": 0.001}, "datetime": {"datetime": "2021-09-27 20:37:12", "elapsed": 328.306347, "delta": 2.983439}}
{"target": -22.67126572685449, "params": {"C": 14.197316242506297, "epsilon": 1.0, "gamma": 0.001}, "datetime": {"datetime": "2021-09-27 20:37:16", "elapsed": 331.704095, "delta": 3.397748}}
{"target": -17.600279586850657, "params": {"C": 40.518112472771286, "epsilon": 0.18287426922820874, "gamma": 0.03273886380762068}, "datetime": {"datetime": "2021-09-27 20:37:17", "elapsed": 333.216097, "delta": 1.512002}}
{"target": -22.01285847558575, "params": {"C": 30.812507502194084, "epsilon": 0.25355348144799406, "gamma": 0.001}, "datetime": {"datetime": "2021-09-27 20:37:21", "elapsed": 336.456834, "delta": 3.240737}}
{"target": -20.168154503758526, "params": {"C": 9.545439014142895, "epsilon": 0.19930827925835734, "gamma": 0.13491355557581533}, "datetime": {"datetime": "2021-09-27 20:37:24", "elapsed": 340.003519, "delta": 3.546685}}
{"target": -18.170395312129855, "params": {"C": 29.513606103686506, "epsilon": 0.7165738609811776, "gamma": 0.011930199870854849}, "datetime": {"datetime": "2021-09-27 20:37:27", "elapsed": 342.743228, "delta": 2.739709}}
{"target": -18.113861236098895, "params": {"C": 14.689305552434357, "epsilon": 0.7085427766641224, "gamma": 0.08323512615652415}, "datetime": {"datetime": "2021-09-27 20:37:30", "elapsed": 345.477428, "delta": 2.7342}}
{"target": -20.03755278655303, "params": {"C": 40.305217547610816, "epsilon": 0.20223906785500964, "gamma": 0.10979330089958204}, "datetime": {"datetime": "2021-09-27 20:37:33", "elapsed": 348.811993, "delta": 3.334565}}
{"target": -22.25038319801548, "params": {"C": 41.909917051297874, "epsilon": 0.3169002940438715, "gamma": 0.15048613422863363}, "datetime": {"datetime": "2021-09-27 20:37:34", "elapsed": 350.189152, "delta": 1.377159}}
{"target": -20.39780132600548, "params": {"C": 9.301236890465434, "epsilon": 0.24655083241272127, "gamma": 0.005023356640962492}, "datetime": {"datetime": "2021-09-27 20:37:38", "elapsed": 353.435117, "delta": 3.245965}}
{"target": -21.815430142196508, "params": {"C": 21.219857008157074, "epsilon": 0.8881367884425589, "gamma": 0.0013855948223374214}, "datetime": {"datetime": "2021-09-27 20:37:39", "elapsed": 354.786119, "delta": 1.351002}}
{"target": -27.542930066686477, "params": {"C": 63.65725742202544, "epsilon": 0.8356764373280285, "gamma": 0.28856554308572047}, "datetime": {"datetime": "2021-09-27 20:37:40", "elapsed": 356.102244, "delta": 1.316125}}
{"target": -31.66798922576065, "params": {"C": 57.35777473207895, "epsilon": 0.4578054177352443, "gamma": 0.7183431364624968}, "datetime": {"datetime": "2021-09-27 20:37:42", "elapsed": 357.637243, "delta": 1.534999}}
{"target": -21.373190979737327, "params": {"C": 29.75303588759797, "epsilon": 0.02832962092773742, "gamma": 0.001600534025618419}, "datetime": {"datetime": "2021-09-27 20:37:45", "elapsed": 360.829163, "delta": 3.19192}}
{"target": -31.83986310239743, "params": {"C": 20.65090651917755, "epsilon": 0.6509068527661624, "gamma": 0.7763633222893117}, "datetime": {"datetime": "2021-09-27 20:37:47", "elapsed": 362.439072, "delta": 1.609909}}
{"target": -17.19844383259768, "params": {"C": 21.26616506445559, "epsilon": 0.6743726326031094, "gamma": 0.03473992544579783}, "datetime": {"datetime": "2021-09-27 20:37:49", "elapsed": 365.217133, "delta": 2.778061}}
{"target": -20.751276981182755, "params": {"C": 97.57634097649236, "epsilon": 0.2786051985775207, "gamma": 0.09586504092694706}, "datetime": {"datetime": "2021-09-27 20:37:51", "elapsed": 367.127455, "delta": 1.910322}}
{"target": -18.583252937651697, "params": {"C": 53.65514691848485, "epsilon": 0.3360451779229976, "gamma": 0.0058794530624320185}, "datetime": {"datetime": "2021-09-27 20:37:53", "elapsed": 368.440455, "delta": 1.313}}
{"target": -31.664542305550942, "params": {"C": 38.92746050192195, "epsilon": 0.7462610959110602, "gamma": 0.7047507138852521}, "datetime": {"datetime": "2021-09-27 20:37:54", "elapsed": 370.058531, "delta": 1.618076}}
{"target": -17.674272630614855, "params": {"C": 21.38832050518575, "epsilon": 0.5609452232590554, "gamma": 0.06797031606798197}, "datetime": {"datetime": "2021-09-27 20:37:57", "elapsed": 373.157684, "delta": 3.099153}}
{"target": -17.783274780815255, "params": {"C": 30.019416123413393, "epsilon": 0.35861536771167807, "gamma": 0.01506575042033853}, "datetime": {"datetime": "2021-09-27 20:38:01", "elapsed": 376.452918, "delta": 3.295234}}
{"target": -22.077407779011, "params": {"C": 27.96297625264265, "epsilon": 0.23412323632907603, "gamma": 0.001}, "datetime": {"datetime": "2021-09-27 20:38:04", "elapsed": 379.612635, "delta": 3.159717}}
{"target": -20.48666109454709, "params": {"C": 14.705462637398263, "epsilon": 0.8817665666055015, "gamma": 0.13897552737171856}, "datetime": {"datetime": "2021-09-27 20:38:07", "elapsed": 382.981739, "delta": 3.369104}}
{"target": -21.48204132240232, "params": {"C": 21.315408033606406, "epsilon": 0.6724609251337078, "gamma": 0.14598011497493746}, "datetime": {"datetime": "2021-09-27 20:38:11", "elapsed": 386.69735, "delta": 3.715611}}
{"target": -21.44256772225159, "params": {"C": 40.45661205580208, "epsilon": 0.3112059769372501, "gamma": 0.12759459891089855}, "datetime": {"datetime": "2021-09-27 20:38:15", "elapsed": 390.399177, "delta": 3.701827}}
{"target": -17.4985953205653, "params": {"C": 26.898623840012306, "epsilon": 0.041598120217888, "gamma": 0.04720363715540658}, "datetime": {"datetime": "2021-09-27 20:38:16", "elapsed": 391.642171, "delta": 1.242994}}
{"target": -17.633624269321626, "params": {"C": 21.222495453180947, "epsilon": 0.4639205836944298, "gamma": 0.06773535568688892}, "datetime": {"datetime": "2021-09-27 20:38:19", "elapsed": 394.626935, "delta": 2.984764}}
{"target": -26.202964242525105, "params": {"C": 67.6101910595042, "epsilon": 0.25251686085686226, "gamma": 0.25289851521429413}, "datetime": {"datetime": "2021-09-27 20:38:21", "elapsed": 396.664607, "delta": 2.037672}}
{"target": -17.948229311194726, "params": {"C": 21.305688304086036, "epsilon": 0.504794968039647, "gamma": 0.014017181717338408}, "datetime": {"datetime": "2021-09-27 20:38:25", "elapsed": 400.581229, "delta": 3.916622}}
{"target": -19.924844454538217, "params": {"C": 40.458092302201216, "epsilon": 0.3051106086972887, "gamma": 0.10898420063572}, "datetime": {"datetime": "2021-09-27 20:38:26", "elapsed": 401.920228, "delta": 1.338999}}
{"target": -32.74522132740372, "params": {"C": 36.447779151662004, "epsilon": 0.8239310445422708, "gamma": 0.8043101054503798}, "datetime": {"datetime": "2021-09-27 20:38:28", "elapsed": 403.5968, "delta": 1.676572}}
{"target": -17.79709889227418, "params": {"C": 29.745107637129948, "epsilon": 0.7353235402920097, "gamma": 0.02426664812511319}, "datetime": {"datetime": "2021-09-27 20:38:30", "elapsed": 405.636713, "delta": 2.039913}}
{"target": -22.163826647001514, "params": {"C": 21.422440240221746, "epsilon": 0.4018585706130471, "gamma": 0.16412560387041575}, "datetime": {"datetime": "2021-09-27 20:38:33", "elapsed": 409.038602, "delta": 3.401889}}
{"target": -18.263800390427136, "params": {"C": 21.324510105803892, "epsilon": 0.8032404130948856, "gamma": 0.01907486595709891}, "datetime": {"datetime": "2021-09-27 20:38:36", "elapsed": 412.045903, "delta": 3.007301}}
{"target": -17.691929083929047, "params": {"C": 21.134794109779552, "epsilon": 0.5546301716861161, "gamma": 0.023298351626653897}, "datetime": {"datetime": "2021-09-27 20:38:39", "elapsed": 415.077853, "delta": 3.03195}}
{"target": -22.083531904020468, "params": {"C": 21.087071830715818, "epsilon": 0.3781116433874782, "gamma": 0.001}, "datetime": {"datetime": "2021-09-27 20:38:42", "elapsed": 418.171439, "delta": 3.093586}}
{"target": -21.725027765227434, "params": {"C": 53.63887622918899, "epsilon": 0.15393655816714066, "gamma": 0.001}, "datetime": {"datetime": "2021-09-27 20:38:46", "elapsed": 421.649463, "delta": 3.478024}}
{"target": -24.084099573427796, "params": {"C": 53.562091144044, "epsilon": 0.35412129926183383, "gamma": 0.18286613209371264}, "datetime": {"datetime": "2021-09-27 20:38:49", "elapsed": 425.299388, "delta": 3.649925}}
{"target": -34.86569661350142, "params": {"C": 74.39135950143968, "epsilon": 0.9092548838428074, "gamma": 0.9934664299565803}, "datetime": {"datetime": "2021-09-27 20:38:51", "elapsed": 426.681196, "delta": 1.381808}}
{"target": -31.001081739445823, "params": {"C": 92.60055759804199, "epsilon": 0.7772592848265423, "gamma": 0.6052430760275654}, "datetime": {"datetime": "2021-09-27 20:38:52", "elapsed": 427.936193, "delta": 1.254997}}
{"target": -25.601239588438997, "params": {"C": 20.82849727219087, "epsilon": 0.7194391749187473, "gamma": 0.28911210516037034}, "datetime": {"datetime": "2021-09-27 20:38:53", "elapsed": 429.312026, "delta": 1.375833}}
{"target": -33.77083945728234, "params": {"C": 43.509535914986344, "epsilon": 0.7801518014702093, "gamma": 0.9043677809360908}, "datetime": {"datetime": "2021-09-27 20:38:55", "elapsed": 430.934469, "delta": 1.622443}}
{"target": -22.00629609976491, "params": {"C": 21.553027474907616, "epsilon": 0.5664793432080719, "gamma": 0.001}, "datetime": {"datetime": "2021-09-27 20:38:59", "elapsed": 434.980275, "delta": 4.045806}}
{"target": -21.77926533257559, "params": {"C": 40.81263685657407, "epsilon": 0.05816028973915433, "gamma": 0.001}, "datetime": {"datetime": "2021-09-27 20:39:03", "elapsed": 438.656379, "delta": 3.676104}}
{"target": -19.677753048558866, "params": {"C": 27.80214619829488, "epsilon": 0.3517076682577134, "gamma": 0.0038878095670504295}, "datetime": {"datetime": "2021-09-27 20:39:07", "elapsed": 442.492468, "delta": 3.836089}}
{"target": -27.094880791087306, "params": {"C": 6.77213412119247, "epsilon": 0.46113542567697263, "gamma": 0.42478054463544984}, "datetime": {"datetime": "2021-09-27 20:39:08", "elapsed": 444.208226, "delta": 1.715758}}
{"target": -18.038664089400847, "params": {"C": 41.38916403412085, "epsilon": 0.5165584694059961, "gamma": 0.06319801631332393}, "datetime": {"datetime": "2021-09-27 20:39:12", "elapsed": 447.350498, "delta": 3.142272}}
{"target": -21.463047900611034, "params": {"C": 27.80779874396771, "epsilon": 0.017541870012979993, "gamma": 0.0015224539103308116}, "datetime": {"datetime": "2021-09-27 20:39:14", "elapsed": 450.221802, "delta": 2.871304}}
{"target": -29.370083585036806, "params": {"C": 97.09788969491906, "epsilon": 0.840941607092035, "gamma": 0.30422796604277097}, "datetime": {"datetime": "2021-09-27 20:39:16", "elapsed": 451.575422, "delta": 1.35362}}
{"target": -25.539907582513134, "params": {"C": 41.313807730698464, "epsilon": 0.5025876868187036, "gamma": 0.23123941960546643}, "datetime": {"datetime": "2021-09-27 20:39:21", "elapsed": 456.506712, "delta": 4.93129}}
{"target": -21.982851351093544, "params": {"C": 41.446686199611804, "epsilon": 0.6563627300117478, "gamma": 0.001}, "datetime": {"datetime": "2021-09-27 20:39:24", "elapsed": 459.578114, "delta": 3.071402}}
{"target": -17.661478451867698, "params": {"C": 41.51650276444754, "epsilon": 0.37645413138001427, "gamma": 0.03602980356347336}, "datetime": {"datetime": "2021-09-27 20:39:28", "elapsed": 463.453508, "delta": 3.875394}}
{"target": -18.698194069696743, "params": {"C": 53.83155685440806, "epsilon": 0.3358675079466414, "gamma": 0.08454260835418793}, "datetime": {"datetime": "2021-09-27 20:39:31", "elapsed": 467.045636, "delta": 3.592128}}
{"target": -21.920846635209436, "params": {"C": 40.38921165064126, "epsilon": 0.27360474469205814, "gamma": 0.001}, "datetime": {"datetime": "2021-09-27 20:39:35", "elapsed": 470.549766, "delta": 3.50413}}
{"target": -17.75268406823, "params": {"C": 41.54527741338241, "epsilon": 0.5179415042253829, "gamma": 0.02955647851094388}, "datetime": {"datetime": "2021-09-27 20:39:38", "elapsed": 474.244625, "delta": 3.694859}}
{"target": -32.61753933033005, "params": {"C": 49.444551633534374, "epsilon": 0.8680874893783626, "gamma": 0.7834564976331618}, "datetime": {"datetime": "2021-09-27 20:39:40", "elapsed": 475.921338, "delta": 1.676713}}
{"target": -27.479775654860795, "params": {"C": 99.01706341572495, "epsilon": 0.9838546257956674, "gamma": 0.22582761461111872}, "datetime": {"datetime": "2021-09-27 20:39:45", "elapsed": 480.412312, "delta": 4.490974}}
{"target": -28.24835442288091, "params": {"C": 78.81249271541236, "epsilon": 0.9460551468355552, "gamma": 0.2816482012043826}, "datetime": {"datetime": "2021-09-27 20:39:46", "elapsed": 481.900501, "delta": 1.488189}}
{"target": -19.781198467960156, "params": {"C": 26.708756909434385, "epsilon": 0.11425456218112823, "gamma": 0.1165759782694204}, "datetime": {"datetime": "2021-09-27 20:39:50", "elapsed": 485.956845, "delta": 4.056344}}
{"target": -30.685939869844013, "params": {"C": 87.89928912222254, "epsilon": 0.2341096738258319, "gamma": 0.6138043119659938}, "datetime": {"datetime": "2021-09-27 20:39:52", "elapsed": 487.601023, "delta": 1.644178}}
{"target": -18.6602676201932, "params": {"C": 41.35199013229751, "epsilon": 0.32434590311252415, "gamma": 0.006312592200395358}, "datetime": {"datetime": "2021-09-27 20:39:55", "elapsed": 490.743206, "delta": 3.142183}}
{"target": -18.269635881697607, "params": {"C": 9.498526843523111, "epsilon": 0.2541674421506394, "gamma": 0.013927256476000092}, "datetime": {"datetime": "2021-09-27 20:39:59", "elapsed": 494.65477, "delta": 3.911564}}
{"target": -18.590264674038306, "params": {"C": 76.99756462689707, "epsilon": 0.28546588726838956, "gamma": 0.032077440303173936}, "datetime": {"datetime": "2021-09-27 20:40:00", "elapsed": 496.078304, "delta": 1.423534}}
{"target": -18.880175726926886, "params": {"C": 76.82507035653802, "epsilon": 0.21193811239614765, "gamma": 0.003759231178610141}, "datetime": {"datetime": "2021-09-27 20:40:04", "elapsed": 499.864883, "delta": 3.786579}}
{"target": -34.1732416673016, "params": {"C": 38.879510935676834, "epsilon": 0.0784982183006271, "gamma": 0.989352601050553}, "datetime": {"datetime": "2021-09-27 20:40:06", "elapsed": 501.486882, "delta": 1.621999}}
{"target": -21.47160540157113, "params": {"C": 76.94412122880932, "epsilon": 0.12101438337236904, "gamma": 0.11680245484854225}, "datetime": {"datetime": "2021-09-27 20:40:09", "elapsed": 504.695402, "delta": 3.20852}}
{"target": -30.577198129465327, "params": {"C": 74.60513883720715, "epsilon": 0.6476140396208678, "gamma": 0.5707139573818945}, "datetime": {"datetime": "2021-09-27 20:40:11", "elapsed": 506.43542, "delta": 1.740018}}
{"target": -18.530442477009206, "params": {"C": 76.91692859070186, "epsilon": 0.4334162223739009, "gamma": 0.07216170878422223}, "datetime": {"datetime": "2021-09-27 20:40:14", "elapsed": 510.29403, "delta": 3.85861}}
{"target": -17.427109418683862, "params": {"C": 29.933489170884066, "epsilon": 0.17126561922676303, "gamma": 0.04224360664287011}, "datetime": {"datetime": "2021-09-27 20:40:16", "elapsed": 511.837423, "delta": 1.543393}}
{"target": -27.525595408159475, "params": {"C": 9.862448819102047, "epsilon": 0.23319834210230647, "gamma": 0.4896252298032457}, "datetime": {"datetime": "2021-09-27 20:40:18", "elapsed": 513.45083, "delta": 1.613407}}
{"target": -24.71348466048407, "params": {"C": 76.80304768950099, "epsilon": 0.32238318177023245, "gamma": 0.17201782523849043}, "datetime": {"datetime": "2021-09-27 20:40:21", "elapsed": 517.209454, "delta": 3.758624}}
{"target": -29.754437046280835, "params": {"C": 16.38240627446633, "epsilon": 0.4540785969855867, "gamma": 0.6653480052221964}, "datetime": {"datetime": "2021-09-27 20:40:23", "elapsed": 518.973335, "delta": 1.763881}}
{"target": -30.151516500555854, "params": {"C": 98.80313472661194, "epsilon": 0.8812469493489613, "gamma": 0.42854180735443836}, "datetime": {"datetime": "2021-09-27 20:40:25", "elapsed": 520.692094, "delta": 1.718759}}
{"target": -18.183550223550316, "params": {"C": 77.03861488165246, "epsilon": 0.4903497009511578, "gamma": 0.045479173200929264}, "datetime": {"datetime": "2021-09-27 20:40:29", "elapsed": 525.23759, "delta": 4.545496}}
{"target": -24.98565776217762, "params": {"C": 77.11635573046043, "epsilon": 0.38876488301178636, "gamma": 0.17951139401798344}, "datetime": {"datetime": "2021-09-27 20:40:34", "elapsed": 530.307035, "delta": 5.069445}}
{"target": -24.806114801161765, "params": {"C": 53.99776359236287, "epsilon": 0.400749353799904, "gamma": 0.1963951572570379}, "datetime": {"datetime": "2021-09-27 20:40:39", "elapsed": 534.777835, "delta": 4.4708}}
{"target": -22.174430684144557, "params": {"C": 26.716918302264496, "epsilon": 0.001, "gamma": 0.001}, "datetime": {"datetime": "2021-09-27 20:40:45", "elapsed": 541.317702, "delta": 6.539867}}
{"target": -32.64416438955667, "params": {"C": 68.17039725807146, "epsilon": 0.5100959462534503, "gamma": 0.8075264518236557}, "datetime": {"datetime": "2021-09-27 20:40:48", "elapsed": 544.167788, "delta": 2.850086}}
{"target": -26.227364324754188, "params": {"C": 86.44251083125846, "epsilon": 0.5855946951220318, "gamma": 0.21122069355320472}, "datetime": {"datetime": "2021-09-27 20:40:51", "elapsed": 547.073987, "delta": 2.906199}}
{"target": -18.478199155650067, "params": {"C": 28.87026931318784, "epsilon": 0.6540178779957304, "gamma": 0.007810232546112572}, "datetime": {"datetime": "2021-09-27 20:40:56", "elapsed": 551.985446, "delta": 4.911459}}
{"target": -18.217732384668416, "params": {"C": 98.9585007802855, "epsilon": 0.6853368781773296, "gamma": 0.021572272209135667}, "datetime": {"datetime": "2021-09-27 20:41:00", "elapsed": 555.801517, "delta": 3.816071}}
{"target": -29.7969563856508, "params": {"C": 87.6025967253274, "epsilon": 0.6321079573520131, "gamma": 0.4421661367408365}, "datetime": {"datetime": "2021-09-27 20:41:02", "elapsed": 558.020321, "delta": 2.218804}}
{"target": -20.96635604365728, "params": {"C": 99.10771740735181, "epsilon": 0.736245404561532, "gamma": 0.10021679978563279}, "datetime": {"datetime": "2021-09-27 20:41:08", "elapsed": 563.575754, "delta": 5.555433}}
{"target": -18.28263893055038, "params": {"C": 8.797699582901108, "epsilon": 0.3845205480689908, "gamma": 0.07978205934012023}, "datetime": {"datetime": "2021-09-27 20:41:10", "elapsed": 565.637994, "delta": 2.06224}}
{"target": -20.05273949056677, "params": {"C": 98.72858391711894, "epsilon": 0.6817472221170553, "gamma": 0.08441998080860999}, "datetime": {"datetime": "2021-09-27 20:41:16", "elapsed": 571.416765, "delta": 5.778771}}
{"target": -21.952024532233228, "params": {"C": 8.631451157326403, "epsilon": 0.318350330126215, "gamma": 0.1770144950643114}, "datetime": {"datetime": "2021-09-27 20:41:22", "elapsed": 577.473955, "delta": 6.05719}}
{"target": -31.092793220406516, "params": {"C": 34.497296486146986, "epsilon": 0.7651751705135871, "gamma": 0.6469261651704241}, "datetime": {"datetime": "2021-09-27 20:41:24", "elapsed": 579.99014, "delta": 2.516185}}
{"target": -30.549559132174952, "params": {"C": 20.08494420480387, "epsilon": 0.7162298909268736, "gamma": 0.6680508904268635}, "datetime": {"datetime": "2021-09-27 20:41:26", "elapsed": 581.63013, "delta": 1.63999}}
{"target": -17.698392670893888, "params": {"C": 28.887324843002336, "epsilon": 0.4647314944895502, "gamma": 0.06376191374024888}, "datetime": {"datetime": "2021-09-27 20:41:30", "elapsed": 586.106141, "delta": 4.476011}}
{"target": -23.92499386644395, "params": {"C": 28.911378456145776, "epsilon": 0.5661239831055788, "gamma": 0.21133824103126972}, "datetime": {"datetime": "2021-09-27 20:41:35", "elapsed": 590.506025, "delta": 4.399884}}
{"target": -17.759750508713285, "params": {"C": 28.76916495888269, "epsilon": 0.2684909049375008, "gamma": 0.06338286679684825}, "datetime": {"datetime": "2021-09-27 20:41:40", "elapsed": 595.530536, "delta": 5.024511}}
{"target": -20.16937082162681, "params": {"C": 98.73803101808502, "epsilon": 0.9436281849043481, "gamma": 0.0021055655985729787}, "datetime": {"datetime": "2021-09-27 20:41:44", "elapsed": 599.820278, "delta": 4.289742}}
{"target": -29.511750185249426, "params": {"C": 66.10257520750952, "epsilon": 0.3939441114940872, "gamma": 0.4679702640577889}, "datetime": {"datetime": "2021-09-27 20:41:46", "elapsed": 601.646084, "delta": 1.825806}}
{"target": -17.6697365712476, "params": {"C": 29.010005111599433, "epsilon": 0.2905182021675315, "gamma": 0.01376439567999467}, "datetime": {"datetime": "2021-09-27 20:41:51", "elapsed": 607.173288, "delta": 5.527204}}
{"target": -21.53611979399395, "params": {"C": 28.90611579157781, "epsilon": 0.32781464699058216, "gamma": 0.1423242102268432}, "datetime": {"datetime": "2021-09-27 20:41:56", "elapsed": 611.468744, "delta": 4.295456}}
{"target": -33.81826374672969, "params": {"C": 93.11872800913468, "epsilon": 0.9292309653473624, "gamma": 0.8904619357910086}, "datetime": {"datetime": "2021-09-27 20:41:57", "elapsed": 613.266345, "delta": 1.797601}}
{"target": -17.92268930504035, "params": {"C": 14.695467651672109, "epsilon": 0.990555833124143, "gamma": 0.026278555517382073}, "datetime": {"datetime": "2021-09-27 20:42:00", "elapsed": 615.3505, "delta": 2.084155}}
{"target": -17.292756107542615, "params": {"C": 28.596447965720454, "epsilon": 0.30340502094130556, "gamma": 0.036163280577056506}, "datetime": {"datetime": "2021-09-27 20:42:05", "elapsed": 620.586079, "delta": 5.235579}}
