{"target": -17.2800525713223, "params": {"C": 28.762699106297493, "epsilon": 0.47479017638423765, "gamma": 0.041748021841960914}, "datetime": {"datetime": "2021-09-27 20:42:10", "elapsed": 625.628869, "delta": 5.04279}}
{"target": -26.788198987005295, "params": {"C": 64.89171140936517, "epsilon": 0.8959692973706697, "gamma": 0.24756676358160884}, "datetime": {"datetime": "2021-09-27 20:42:12", "elapsed": 627.602769, "delta": 1.9739}}
{"target": -17.72438235810784, "params": {"C": 28.62707626579263, "epsilon": 0.04371848996118764, "gamma": 0.05516365288311599}, "datetime": {"datetime": "2021-09-27 20:42:18", "elapsed": 634.193453, "delta": 6.590684}}
{"target": -32.70996267216932, "params": {"C": 38.34254920216931, "epsilon": 0.33126574173142836, "gamma": 0.833383721722514}, "datetime": {"datetime": "2021-09-27 20:42:20", "elapsed": 636.170449, "delta": 1.976996}}
{"target": -17.35386493286403, "params": {"C": 28.791617898182206, "epsilon": 0.03936001219916368, "gamma": 0.016682010929881193}, "datetime": {"datetime": "2021-09-27 20:42:26", "elapsed": 641.457883, "delta": 5.287434}}
{"target": -24.71959505361444, "params": {"C": 28.689015162851934, "epsilon": 0.07730408221175535, "gamma": 0.25869802257639984}, "datetime": {"datetime": "2021-09-27 20:42:31", "elapsed": 646.475063, "delta": 5.01718}}
{"target": -18.520322487109674, "params": {"C": 98.8601813378812, "epsilon": 0.48159013128814854, "gamma": 0.035006625235767655}, "datetime": {"datetime": "2021-09-27 20:42:36", "elapsed": 651.556485, "delta": 5.081422}}
{"target": -22.070026030755553, "params": {"C": 28.490980838703774, "epsilon": 0.15748792744142406, "gamma": 0.001}, "datetime": {"datetime": "2021-09-27 20:42:41", "elapsed": 657.250187, "delta": 5.693702}}
{"target": -28.594706514728944, "params": {"C": 17.20922648025238, "epsilon": 0.10263018782920195, "gamma": 0.5989654771755781}, "datetime": {"datetime": "2021-09-27 20:42:43", "elapsed": 659.114153, "delta": 1.863966}}
{"target": -25.463202674378188, "params": {"C": 99.0052961318503, "epsilon": 0.4917822717017076, "gamma": 0.1735445563786604}, "datetime": {"datetime": "2021-09-27 20:42:51", "elapsed": 666.8083, "delta": 7.694147}}
{"target": -18.206680022672554, "params": {"C": 76.91984331863262, "epsilon": 0.5963756059215238, "gamma": 0.02600315519161093}, "datetime": {"datetime": "2021-09-27 20:42:57", "elapsed": 673.084356, "delta": 6.276056}}
{"target": -17.252241447184932, "params": {"C": 28.671597771419055, "epsilon": 0.16589594543640965, "gamma": 0.03259009097567142}, "datetime": {"datetime": "2021-09-27 20:43:03", "elapsed": 679.179333, "delta": 6.094977}}
{"target": -18.477470000801905, "params": {"C": 98.59830488297872, "epsilon": 0.4643737523822565, "gamma": 0.06368292592335531}, "datetime": {"datetime": "2021-09-27 20:43:09", "elapsed": 684.9384, "delta": 5.759067}}
{"target": -21.752900626021653, "params": {"C": 98.7268827354693, "epsilon": 0.32579780967885974, "gamma": 0.001}, "datetime": {"datetime": "2021-09-27 20:43:17", "elapsed": 693.220392, "delta": 8.281992}}
{"target": -27.70324302146846, "params": {"C": 98.51185075650257, "epsilon": 0.4992226815490563, "gamma": 0.27736478664815784}, "datetime": {"datetime": "2021-09-27 20:43:25", "elapsed": 700.423211, "delta": 7.202819}}
{"target": -17.49037792388109, "params": {"C": 29.023959894218624, "epsilon": 0.4475295191041987, "gamma": 0.024349124701001916}, "datetime": {"datetime": "2021-09-27 20:43:31", "elapsed": 707.279025, "delta": 6.855814}}
{"target": -23.684759949083876, "params": {"C": 28.611299968126723, "epsilon": 0.3920925999395813, "gamma": 0.20732925047652068}, "datetime": {"datetime": "2021-09-27 20:43:37", "elapsed": 713.008835, "delta": 5.72981}}
{"target": -21.9568873333256, "params": {"C": 77.09885966455494, "epsilon": 0.6986020165951277, "gamma": 0.001}, "datetime": {"datetime": "2021-09-27 20:43:41", "elapsed": 716.984362, "delta": 3.975527}}
{"target": -32.610511273072404, "params": {"C": 27.582992737255825, "epsilon": 0.5565071893657424, "gamma": 0.8157118626523562}, "datetime": {"datetime": "2021-09-27 20:43:43", "elapsed": 719.068467, "delta": 2.084105}}
{"target": -21.584295476632573, "params": {"C": 5.979082755388553, "epsilon": 0.5351417443660114, "gamma": 0.15079079734841827}, "datetime": {"datetime": "2021-09-27 20:43:49", "elapsed": 724.63469, "delta": 5.566223}}
{"target": -27.34999352672588, "params": {"C": 18.77253163851798, "epsilon": 0.834321452644639, "gamma": 0.39115677613914673}, "datetime": {"datetime": "2021-09-27 20:43:51", "elapsed": 726.655747, "delta": 2.021057}}
{"target": -19.8731717791148, "params": {"C": 29.06347377879654, "epsilon": 0.1324431163561132, "gamma": 0.1167214799895357}, "datetime": {"datetime": "2021-09-27 20:43:55", "elapsed": 730.941628, "delta": 4.285881}}
{"target": -18.748643097246774, "params": {"C": 8.669710188830598, "epsilon": 0.6108152468451779, "gamma": 0.09144774388900315}, "datetime": {"datetime": "2021-09-27 20:44:01", "elapsed": 737.326344, "delta": 6.384716}}
{"target": -18.40305117446657, "params": {"C": 8.801616805732731, "epsilon": 0.7634493615001939, "gamma": 0.07965858209599366}, "datetime": {"datetime": "2021-09-27 20:44:07", "elapsed": 742.776173, "delta": 5.449829}}
{"target": -23.844995208716043, "params": {"C": 8.850826376406573, "epsilon": 0.574508030192477, "gamma": 0.001}, "datetime": {"datetime": "2021-09-27 20:44:13", "elapsed": 748.909731, "delta": 6.133558}}
{"target": -25.68688536395581, "params": {"C": 8.791040377363121, "epsilon": 0.8193470356123845, "gamma": 0.3320063286486845}, "datetime": {"datetime": "2021-09-27 20:44:17", "elapsed": 753.259865, "delta": 4.350134}}
{"target": -20.336812001096767, "params": {"C": 21.19613394620427, "epsilon": 0.49806175791306107, "gamma": 0.12756171785250678}, "datetime": {"datetime": "2021-09-27 20:44:21", "elapsed": 757.291736, "delta": 1.852226}}
{"target": -18.684484829683367, "params": {"C": 8.526877626477587, "epsilon": 0.7474641935215577, "gamma": 0.08928842728165282}, "datetime": {"datetime": "2021-09-27 20:44:26", "elapsed": 762.102554, "delta": 4.810818}}
{"target": -18.877855871691292, "params": {"C": 3.7241502131699025, "epsilon": 0.008215912676056418, "gamma": 0.03044824670116512}, "datetime": {"datetime": "2021-09-27 20:44:31", "elapsed": 766.544804, "delta": 4.44225}}
{"target": -18.08056310418588, "params": {"C": 8.723098186931173, "epsilon": 0.9365541861364127, "gamma": 0.06460490488438687}, "datetime": {"datetime": "2021-09-27 20:44:35", "elapsed": 771.330691, "delta": 4.785887}}
{"target": -19.23385235693262, "params": {"C": 3.9369864394087064, "epsilon": 0.09335287088286753, "gamma": 0.02104978507132976}, "datetime": {"datetime": "2021-09-27 20:44:40", "elapsed": 776.304208, "delta": 4.973517}}
{"target": -24.365764696033956, "params": {"C": 3.877729944467473, "epsilon": 0.23484261219309943, "gamma": 0.21613188172910208}, "datetime": {"datetime": "2021-09-27 20:44:45", "elapsed": 781.044316, "delta": 4.740108}}
{"target": -18.55086676059548, "params": {"C": 8.877442398926107, "epsilon": 0.9639054825740689, "gamma": 0.08216639291853042}, "datetime": {"datetime": "2021-09-27 20:44:50", "elapsed": 785.858922, "delta": 4.814606}}
{"target": -18.706250040475272, "params": {"C": 6.271794156731398, "epsilon": 0.32254607080250375, "gamma": 0.08242801583329265}, "datetime": {"datetime": "2021-09-27 20:44:56", "elapsed": 791.616975, "delta": 5.758053}}
{"target": -22.93452841460958, "params": {"C": 72.24051031782771, "epsilon": 0.7664887076424729, "gamma": 0.14304960296146824}, "datetime": {"datetime": "2021-09-27 20:44:58", "elapsed": 793.405504, "delta": 1.788529}}
{"target": -17.435644629272826, "params": {"C": 28.91844163099961, "epsilon": 0.14422173878785632, "gamma": 0.014822001944089603}, "datetime": {"datetime": "2021-09-27 20:45:04", "elapsed": 800.13148, "delta": 6.725976}}
{"target": -26.360520197170327, "params": {"C": 6.184258666930765, "epsilon": 0.30962602776901393, "gamma": 0.35784879335377845}, "datetime": {"datetime": "2021-09-27 20:45:10", "elapsed": 805.938916, "delta": 5.807436}}
{"target": -32.67475242883577, "params": {"C": 22.09850080437786, "epsilon": 0.36779991516324106, "gamma": 0.8641175713094866}, "datetime": {"datetime": "2021-09-27 20:45:12", "elapsed": 807.968408, "delta": 2.029492}}
{"target": -19.556123661302415, "params": {"C": 53.75931393655618, "epsilon": 0.5046508469915744, "gamma": 0.0032125572676922395}, "datetime": {"datetime": "2021-09-27 20:45:18", "elapsed": 814.257093, "delta": 6.288685}}
{"target": -20.678740695655947, "params": {"C": 8.31855410800707, "epsilon": 0.630815517744744, "gamma": 0.13942612502170226}, "datetime": {"datetime": "2021-09-27 20:45:24", "elapsed": 819.534145, "delta": 5.277052}}
{"target": -34.857232272145275, "params": {"C": 6.870665261338062, "epsilon": 0.9534948823001701, "gamma": 0.9608409501213745}, "datetime": {"datetime": "2021-09-27 20:45:26", "elapsed": 821.594179, "delta": 2.060034}}
{"target": -18.31127619077721, "params": {"C": 6.303996161135878, "epsilon": 0.5257346161011885, "gamma": 0.06843931261370227}, "datetime": {"datetime": "2021-09-27 20:45:30", "elapsed": 826.246045, "delta": 4.651866}}
{"target": -21.84691494734482, "params": {"C": 98.71762403635005, "epsilon": 0.5418873110254322, "gamma": 0.001}, "datetime": {"datetime": "2021-09-27 20:45:36", "elapsed": 831.470464, "delta": 5.224419}}
{"target": -25.504663968612462, "params": {"C": 76.82828760052051, "epsilon": 0.7101144965364721, "gamma": 0.18050993425149198}, "datetime": {"datetime": "2021-09-27 20:45:40", "elapsed": 835.977118, "delta": 4.506654}}
{"target": -33.36806134101703, "params": {"C": 20.894459055441533, "epsilon": 0.42342427690029516, "gamma": 0.9302812886396328}, "datetime": {"datetime": "2021-09-27 20:45:42", "elapsed": 837.850815, "delta": 1.873697}}
{"target": -18.11212037597426, "params": {"C": 6.43934591875222, "epsilon": 0.6691433226755903, "gamma": 0.026662503362885583}, "datetime": {"datetime": "2021-09-27 20:45:47", "elapsed": 843.144951, "delta": 5.294136}}
{"target": -20.65519876261943, "params": {"C": 17.415472454106403, "epsilon": 0.8527276867081883, "gamma": 0.13712123852301533}, "datetime": {"datetime": "2021-09-27 20:45:49", "elapsed": 844.671171, "delta": 1.52622}}
{"target": -21.463189725483915, "params": {"C": 6.364276032278351, "epsilon": 0.7897974663353133, "gamma": 0.1491774483376321}, "datetime": {"datetime": "2021-09-27 20:45:53", "elapsed": 848.939179, "delta": 4.268008}}
{"target": -21.09493206846304, "params": {"C": 6.553875356792797, "epsilon": 0.437049766771039, "gamma": 0.1419459564442371}, "datetime": {"datetime": "2021-09-27 20:45:57", "elapsed": 852.701319, "delta": 3.76214}}
{"target": -18.320594150327686, "params": {"C": 8.406214974727906, "epsilon": 0.9941510290657344, "gamma": 0.02261389868073961}, "datetime": {"datetime": "2021-09-27 20:46:02", "elapsed": 858.171562, "delta": 5.470243}}
{"target": -22.472259916061322, "params": {"C": 6.169947276493147, "epsilon": 0.514493462265831, "gamma": 0.0024338660262345265}, "datetime": {"datetime": "2021-09-27 20:46:08", "elapsed": 864.140866, "delta": 5.969304}}
{"target": -18.184908735086367, "params": {"C": 60.971596465345286, "epsilon": 0.26349555551285603, "gamma": 0.022054250934875595}, "datetime": {"datetime": "2021-09-27 20:46:10", "elapsed": 866.308099, "delta": 2.167233}}
{"target": -20.244407189913826, "params": {"C": 8.262430306505948, "epsilon": 0.9323309144117539, "gamma": 0.1218304909757168}, "datetime": {"datetime": "2021-09-27 20:46:15", "elapsed": 870.899096, "delta": 4.590997}}
{"target": -24.541270511264642, "params": {"C": 8.431623171834001, "epsilon": 0.9707820739256906, "gamma": 0.2588885551819674}, "datetime": {"datetime": "2021-09-27 20:46:19", "elapsed": 875.240596, "delta": 4.3415}}
{"target": -17.55915020331561, "params": {"C": 8.499308866056834, "epsilon": 0.5502909508688976, "gamma": 0.028593898707463462}, "datetime": {"datetime": "2021-09-27 20:46:24", "elapsed": 880.2192, "delta": 4.978604}}
{"target": -20.009292185113956, "params": {"C": 6.616796338098839, "epsilon": 0.6492718149846803, "gamma": 0.007550852302403265}, "datetime": {"datetime": "2021-09-27 20:46:30", "elapsed": 885.563136, "delta": 5.343936}}
{"target": -17.986780925609075, "params": {"C": 9.606788961891333, "epsilon": 0.13197949022277156, "gamma": 0.0184917282424204}, "datetime": {"datetime": "2021-09-27 20:46:31", "elapsed": 886.972356, "delta": 1.40922}}
{"target": -17.65236500975102, "params": {"C": 18.164097072526243, "epsilon": 0.061779876911560665, "gamma": 0.06600080962703864}, "datetime": {"datetime": "2021-09-27 20:46:35", "elapsed": 891.187193, "delta": 4.214837}}
{"target": -21.273920816313158, "params": {"C": 18.11478723391246, "epsilon": 0.2692190290379792, "gamma": 0.15618580795544346}, "datetime": {"datetime": "2021-09-27 20:46:39", "elapsed": 894.871804, "delta": 3.684611}}
{"target": -22.192395849854858, "params": {"C": 18.280689260749647, "epsilon": 0.16580404801848142, "gamma": 0.001}, "datetime": {"datetime": "2021-09-27 20:46:44", "elapsed": 900.188644, "delta": 5.31684}}
{"target": -30.99405784824288, "params": {"C": 10.666488312468477, "epsilon": 0.8676584052917657, "gamma": 0.7220330991486851}, "datetime": {"datetime": "2021-09-27 20:46:46", "elapsed": 901.968441, "delta": 1.779797}}
{"target": -24.17301828260283, "params": {"C": 18.279128053096716, "epsilon": 0.025967792974849205, "gamma": 0.2716899175794862}, "datetime": {"datetime": "2021-09-27 20:46:50", "elapsed": 906.259236, "delta": 4.290795}}
{"target": -17.17893810462262, "params": {"C": 17.858411652063765, "epsilon": 0.006270372209861892, "gamma": 0.03458118208491434}, "datetime": {"datetime": "2021-09-27 20:46:55", "elapsed": 910.935321, "delta": 4.676085}}
{"target": -18.671464218716086, "params": {"C": 18.01981012896887, "epsilon": 0.10439686250513679, "gamma": 0.10186595146497311}, "datetime": {"datetime": "2021-09-27 20:46:59", "elapsed": 914.966571, "delta": 4.03125}}
{"target": -26.349689473801924, "params": {"C": 60.15585149744497, "epsilon": 0.15644279096367292, "gamma": 0.28826834190680894}, "datetime": {"datetime": "2021-09-27 20:47:01", "elapsed": 917.041696, "delta": 2.075125}}
{"target": -19.16158413292529, "params": {"C": 17.7636999178206, "epsilon": 0.19055543992495316, "gamma": 0.1150457519845812}, "datetime": {"datetime": "2021-09-27 20:47:06", "elapsed": 921.579048, "delta": 4.537352}}
{"target": -23.60040778272704, "params": {"C": 17.866080611100916, "epsilon": 0.025298014312087773, "gamma": 0.23011278449058423}, "datetime": {"datetime": "2021-09-27 20:47:11", "elapsed": 926.617754, "delta": 5.038706}}
{"target": -20.20718263793356, "params": {"C": 56.51972530976968, "epsilon": 0.5532091520394113, "gamma": 0.0978042993917848}, "datetime": {"datetime": "2021-09-27 20:47:12", "elapsed": 928.337543, "delta": 1.719789}}
{"target": -21.215589942586476, "params": {"C": 17.62412795302112, "epsilon": 0.009490533495380715, "gamma": 0.0024298795667383275}, "datetime": {"datetime": "2021-09-27 20:47:17", "elapsed": 932.906415, "delta": 4.568872}}
{"target": -22.022484730741912, "params": {"C": 41.7505621157007, "epsilon": 0.5067118384928241, "gamma": 0.001}, "datetime": {"datetime": "2021-09-27 20:47:24", "elapsed": 939.953252, "delta": 7.046837}}
{"target": -24.717809567291933, "params": {"C": 8.501451042552016, "epsilon": 0.5277478032355362, "gamma": 0.2803443706696197}, "datetime": {"datetime": "2021-09-27 20:47:30", "elapsed": 945.702771, "delta": 5.749519}}
{"target": -25.941629838656677, "params": {"C": 50.9884604186874, "epsilon": 0.7796008786087569, "gamma": 0.2159726303913998}, "datetime": {"datetime": "2021-09-27 20:47:32", "elapsed": 947.535014, "delta": 1.832243}}
{"target": -17.27733208868288, "params": {"C": 17.849591172825257, "epsilon": 0.22164014219369052, "gamma": 0.020562009119251167}, "datetime": {"datetime": "2021-09-27 20:47:38", "elapsed": 954.276314, "delta": 6.7413}}
{"target": -17.627133499499553, "params": {"C": 17.92411268070584, "epsilon": 0.41154460838252854, "gamma": 0.019799289507202576}, "datetime": {"datetime": "2021-09-27 20:47:43", "elapsed": 958.571479, "delta": 4.295165}}
{"target": -32.76724091005224, "params": {"C": 50.327679882853545, "epsilon": 0.7759230088252801, "gamma": 0.8056746370041173}, "datetime": {"datetime": "2021-09-27 20:47:45", "elapsed": 960.403018, "delta": 1.831539}}
{"target": -18.304918068742477, "params": {"C": 17.67183906360805, "epsilon": 0.5901382163364136, "gamma": 0.0899474606870012}, "datetime": {"datetime": "2021-09-27 20:47:50", "elapsed": 965.357066, "delta": 4.954048}}
{"target": -16.997093436623125, "params": {"C": 17.78251931862568, "epsilon": 0.39286118361950234, "gamma": 0.045594878924533115}, "datetime": {"datetime": "2021-09-27 20:47:54", "elapsed": 969.364834, "delta": 4.007768}}
{"target": -22.279855814086968, "params": {"C": 17.846541204613974, "epsilon": 0.5951782425819443, "gamma": 0.001}, "datetime": {"datetime": "2021-09-27 20:48:00", "elapsed": 975.674089, "delta": 6.309255}}
{"target": -31.263524402248077, "params": {"C": 27.327370196608936, "epsilon": 0.6033428059471104, "gamma": 0.6907560499616788}, "datetime": {"datetime": "2021-09-27 20:48:02", "elapsed": 977.504766, "delta": 1.830677}}
{"target": -20.07996752068143, "params": {"C": 17.52538713380148, "epsilon": 0.6289361034233101, "gamma": 0.12674832930930027}, "datetime": {"datetime": "2021-09-27 20:48:06", "elapsed": 982.086454, "delta": 4.581688}}
{"target": -17.065950286432674, "params": {"C": 17.48926132625756, "epsilon": 0.37406572660801285, "gamma": 0.04097449476771137}, "datetime": {"datetime": "2021-09-27 20:48:10", "elapsed": 986.15602, "delta": 4.069566}}
{"target": -31.050532220299797, "params": {"C": 71.51761577464093, "epsilon": 0.42202002087587975, "gamma": 0.650484003539765}, "datetime": {"datetime": "2021-09-27 20:48:12", "elapsed": 987.877357, "delta": 1.721337}}
{"target": -21.43006709894667, "params": {"C": 17.543595658601376, "epsilon": 0.2532451813775625, "gamma": 0.0021817482189390724}, "datetime": {"datetime": "2021-09-27 20:48:17", "elapsed": 993.168929, "delta": 5.291572}}
{"target": -22.474114079265394, "params": {"C": 17.419397407333364, "epsilon": 0.48677800938538407, "gamma": 0.18867633704440132}, "datetime": {"datetime": "2021-09-27 20:48:23", "elapsed": 999.264978, "delta": 6.096049}}
{"target": -17.901360215961564, "params": {"C": 6.467433571052478, "epsilon": 0.2354265091524265, "gamma": 0.05589306852027655}, "datetime": {"datetime": "2021-09-27 20:48:29", "elapsed": 1005.065172, "delta": 5.800194}}
{"target": -26.140411383086047, "params": {"C": 71.4483524425309, "epsilon": 0.9373936201613843, "gamma": 0.20106366328906844}, "datetime": {"datetime": "2021-09-27 20:48:31", "elapsed": 1006.987502, "delta": 1.92233}}
{"target": -18.281652815398623, "params": {"C": 6.394624036933534, "epsilon": 0.024359030724669616, "gamma": 0.07426155837296276}, "datetime": {"datetime": "2021-09-27 20:48:38", "elapsed": 1014.297788, "delta": 7.310286}}
{"target": -24.438240711223276, "params": {"C": 6.590774844801036, "epsilon": 0.06317886233471863, "gamma": 0.001}, "datetime": {"datetime": "2021-09-27 20:48:44", "elapsed": 1019.655275, "delta": 5.357487}}
{"target": -21.64713996491108, "params": {"C": 6.263036197669617, "epsilon": 0.016746295574395845, "gamma": 0.15827811810561304}, "datetime": {"datetime": "2021-09-27 20:48:48", "elapsed": 1024.19934, "delta": 4.544065}}
{"target": -31.558927240025646, "params": {"C": 86.57129215098708, "epsilon": 0.6163596572226887, "gamma": 0.6872804063101123}, "datetime": {"datetime": "2021-09-27 20:48:51", "elapsed": 1026.444269, "delta": 2.244929}}
{"target": -27.048286610828757, "params": {"C": 42.87698613656992, "epsilon": 0.3429721529648123, "gamma": 0.3592850987468355}, "datetime": {"datetime": "2021-09-27 20:48:52", "elapsed": 1028.150699, "delta": 1.70643}}
{"target": -20.54238491982857, "params": {"C": 6.434318943366188, "epsilon": 0.3898541603793611, "gamma": 0.005591578679945771}, "datetime": {"datetime": "2021-09-27 20:48:58", "elapsed": 1034.142319, "delta": 5.99162}}
{"target": -23.014953172025653, "params": {"C": 6.4183157589522075, "epsilon": 0.18395770496123623, "gamma": 0.2020682532707352}, "datetime": {"datetime": "2021-09-27 20:49:05", "elapsed": 1040.820006, "delta": 6.677687}}
{"target": -20.707091056166085, "params": {"C": 17.69900575474548, "epsilon": 0.8585224585426597, "gamma": 0.13803802691593117}, "datetime": {"datetime": "2021-09-27 20:49:10", "elapsed": 1046.013873, "delta": 5.193867}}
{"target": -29.434638574646648, "params": {"C": 27.479540123763886, "epsilon": 0.27863286711238344, "gamma": 0.57904340743773}, "datetime": {"datetime": "2021-09-27 20:49:12", "elapsed": 1048.086439, "delta": 2.072566}}
{"target": -20.889815140289684, "params": {"C": 21.19140131165846, "epsilon": 0.8899645538575104, "gamma": 0.13410986782843565}, "datetime": {"datetime": "2021-09-27 20:49:14", "elapsed": 1049.964293, "delta": 1.877854}}
{"target": -22.848978798524175, "params": {"C": 17.97061596703323, "epsilon": 0.5243559096177135, "gamma": 0.20491343584735747}, "datetime": {"datetime": "2021-09-27 20:49:19", "elapsed": 1054.87406, "delta": 4.909767}}
{"target": -23.129214631535287, "params": {"C": 40.138448435688694, "epsilon": 0.011636396723374975, "gamma": 0.17303340842986029}, "datetime": {"datetime": "2021-09-27 20:49:26", "elapsed": 1061.570888, "delta": 6.696828}}
{"target": -29.63778419015504, "params": {"C": 14.39250318289297, "epsilon": 0.38833942195407234, "gamma": 0.6744128423626062}, "datetime": {"datetime": "2021-09-27 20:49:28", "elapsed": 1063.641495, "delta": 2.070607}}
{"target": -24.940411308064743, "params": {"C": 61.44162203685969, "epsilon": 0.23982297805807196, "gamma": 0.19634464725884934}, "datetime": {"datetime": "2021-09-27 20:49:30", "elapsed": 1065.512394, "delta": 1.870899}}
