{"target": -17.51939788631857, "params": {"C": 75.77382959640343, "epsilon": 0.37200756212361324, "gamma": 0.014354743654699655}, "datetime": {"datetime": "2021-09-27 21:43:51", "elapsed": 157.252888, "delta": 1.545476}}
{"target": -18.07663813823049, "params": {"C": 75.87304753279818, "epsilon": 0.1143798560313778, "gamma": 0.02940926102478758}, "datetime": {"datetime": "2021-09-27 21:43:53", "elapsed": 158.703568, "delta": 1.45068}}
{"target": -18.35119262141526, "params": {"C": 75.56765500033772, "epsilon": 0.13343391055223225, "gamma": 0.0246740373687973}, "datetime": {"datetime": "2021-09-27 21:43:54", "elapsed": 160.280589, "delta": 1.577021}}
{"target": -29.283869126383884, "params": {"C": 75.6139355518141, "epsilon": 0.2188749570319036, "gamma": 0.3065091837694234}, "datetime": {"datetime": "2021-09-27 21:43:56", "elapsed": 161.618588, "delta": 1.337999}}
{"target": -22.536776516744784, "params": {"C": 37.109325961898755, "epsilon": 0.023022405457567702, "gamma": 0.14925355199203222}, "datetime": {"datetime": "2021-09-27 21:43:58", "elapsed": 163.348974, "delta": 1.730386}}
{"target": -31.024165549804145, "params": {"C": 59.77253436786255, "epsilon": 0.14893815882397105, "gamma": 0.46897048353724136}, "datetime": {"datetime": "2021-09-27 21:43:58", "elapsed": 164.084451, "delta": 0.735477}}
{"target": -17.31603955982185, "params": {"C": 75.27328930569112, "epsilon": 0.07387436019519762, "gamma": 0.010347633690697028}, "datetime": {"datetime": "2021-09-27 21:44:00", "elapsed": 166.00845, "delta": 1.923999}}
{"target": -17.76104114628466, "params": {"C": 75.0360996083687, "epsilon": 0.2589653741190055, "gamma": 0.021721646069512227}, "datetime": {"datetime": "2021-09-27 21:44:02", "elapsed": 167.680797, "delta": 1.672347}}
{"target": -22.088568524931684, "params": {"C": 75.02518045981726, "epsilon": 0.004802753942704619, "gamma": 0.1194009414605897}, "datetime": {"datetime": "2021-09-27 21:44:04", "elapsed": 169.432459, "delta": 1.751662}}
{"target": -27.2571950263099, "params": {"C": 74.83642827583448, "epsilon": 0.3640720728737386, "gamma": 0.22426092302005468}, "datetime": {"datetime": "2021-09-27 21:44:05", "elapsed": 170.956098, "delta": 1.523639}}
{"target": -22.708142630255416, "params": {"C": 75.2572314449131, "epsilon": 0.31779998235375356, "gamma": 0.12512986533530243}, "datetime": {"datetime": "2021-09-27 21:44:07", "elapsed": 172.828661, "delta": 1.872563}}
{"target": -23.849280374750514, "params": {"C": 47.63044579154151, "epsilon": 0.30045377936215817, "gamma": 0.16755661928826301}, "datetime": {"datetime": "2021-09-27 21:44:09", "elapsed": 174.483063, "delta": 1.654402}}
{"target": -31.858244137446974, "params": {"C": 92.08751843874028, "epsilon": 0.37051837584891845, "gamma": 0.49710084677688804}, "datetime": {"datetime": "2021-09-27 21:44:10", "elapsed": 176.078063, "delta": 1.595}}
{"target": -17.640812262072, "params": {"C": 72.15046038062118, "epsilon": 0.011256299156000585, "gamma": 0.03960515383982689}, "datetime": {"datetime": "2021-09-27 21:44:12", "elapsed": 177.797535, "delta": 1.719472}}
{"target": -27.105561345435746, "params": {"C": 72.03869361110915, "epsilon": 0.0044014470695114775, "gamma": 0.24367033995566936}, "datetime": {"datetime": "2021-09-27 21:44:14", "elapsed": 179.584063, "delta": 1.786528}}
{"target": -18.324865631519796, "params": {"C": 72.3183902168684, "epsilon": 0.10078192668595658, "gamma": 0.02384684021468987}, "datetime": {"datetime": "2021-09-27 21:44:15", "elapsed": 181.060021, "delta": 1.475958}}
{"target": -22.722951354166064, "params": {"C": 67.40865174004611, "epsilon": 0.3360239927722735, "gamma": 0.12939217169977293}, "datetime": {"datetime": "2021-09-27 21:44:17", "elapsed": 182.802837, "delta": 1.742816}}
{"target": -17.5166788146446, "params": {"C": 76.30080798865107, "epsilon": 0.39667210695159966, "gamma": 0.015186521954999537}, "datetime": {"datetime": "2021-09-27 21:44:19", "elapsed": 184.575337, "delta": 1.7725}}
{"target": -17.67028438031211, "params": {"C": 76.00911264774368, "epsilon": 0.3569558759582147, "gamma": 0.020800784306754666}, "datetime": {"datetime": "2021-09-27 21:44:20", "elapsed": 186.213891, "delta": 1.638554}}
{"target": -28.22307592618298, "params": {"C": 60.205608853478196, "epsilon": 0.1668223234212458, "gamma": 0.2965649595309646}, "datetime": {"datetime": "2021-09-27 21:44:21", "elapsed": 187.157895, "delta": 0.944004}}
{"target": -19.412175377503186, "params": {"C": 8.612592517250048, "epsilon": 0.17362374441760417, "gamma": 0.004247729434203024}, "datetime": {"datetime": "2021-09-27 21:44:23", "elapsed": 188.471889, "delta": 1.313994}}
{"target": -28.43001618443237, "params": {"C": 8.582460342930972, "epsilon": 0.2305721151722985, "gamma": 0.3699532777231107}, "datetime": {"datetime": "2021-09-27 21:44:24", "elapsed": 190.266232, "delta": 1.794343}}
{"target": -17.43396935180822, "params": {"C": 9.035193905861552, "epsilon": 0.12503353333378767, "gamma": 0.010559718633612864}, "datetime": {"datetime": "2021-09-27 21:44:26", "elapsed": 192.122229, "delta": 1.855997}}
{"target": -30.33059219133527, "params": {"C": 79.09233432590582, "epsilon": 0.15935768752795695, "gamma": 0.3968127568828401}, "datetime": {"datetime": "2021-09-27 21:44:27", "elapsed": 193.234964, "delta": 1.112735}}
{"target": -17.457427257125573, "params": {"C": 9.296051439383334, "epsilon": 0.1869318797710054, "gamma": 0.04836218539674995}, "datetime": {"datetime": "2021-09-27 21:44:29", "elapsed": 194.935143, "delta": 1.700179}}
{"target": -27.058242639879143, "params": {"C": 9.211151280785296, "epsilon": 0.18889055940534388, "gamma": 0.3047026222081225}, "datetime": {"datetime": "2021-09-27 21:44:31", "elapsed": 196.778346, "delta": 1.843203}}
{"target": -17.401913797834272, "params": {"C": 9.594518461844622, "epsilon": 0.20569559114765, "gamma": 0.044558409865889534}, "datetime": {"datetime": "2021-09-27 21:44:32", "elapsed": 198.202345, "delta": 1.423999}}
{"target": -16.828358454697177, "params": {"C": 9.873667415929848, "epsilon": 0.05523114587138128, "gamma": 0.02711926582404671}, "datetime": {"datetime": "2021-09-27 21:44:35", "elapsed": 200.388868, "delta": 2.186523}}
{"target": -20.9047288728745, "params": {"C": 9.875322691658909, "epsilon": 0.3274047060660358, "gamma": 0.002}, "datetime": {"datetime": "2021-09-27 21:44:36", "elapsed": 202.215865, "delta": 1.826997}}
{"target": -19.36948682561396, "params": {"C": 9.497283765514165, "epsilon": 0.03197916114459283, "gamma": 0.004192866519250072}, "datetime": {"datetime": "2021-09-27 21:44:38", "elapsed": 204.036251, "delta": 1.820386}}
{"target": -26.27334556738964, "params": {"C": 9.789347190587069, "epsilon": 0.04994720780063512, "gamma": 0.27271075615151436}, "datetime": {"datetime": "2021-09-27 21:44:40", "elapsed": 205.731994, "delta": 1.695743}}
{"target": -17.858577597310823, "params": {"C": 9.054433665021183, "epsilon": 0.31313414095174924, "gamma": 0.00834748062261561}, "datetime": {"datetime": "2021-09-27 21:44:42", "elapsed": 207.577985, "delta": 1.845991}}
{"target": -19.0041694185328, "params": {"C": 9.438120561797737, "epsilon": 0.3577038383301928, "gamma": 0.004860422060913777}, "datetime": {"datetime": "2021-09-27 21:44:44", "elapsed": 209.425689, "delta": 1.847704}}
{"target": -16.997123699740857, "params": {"C": 10.188934766741676, "epsilon": 0.032170282730833034, "gamma": 0.03149667994237975}, "datetime": {"datetime": "2021-09-27 21:44:46", "elapsed": 211.642659, "delta": 2.21697}}
{"target": -18.174007320943534, "params": {"C": 10.232002662594285, "epsilon": 0.24754394182546838, "gamma": 0.06412855975198194}, "datetime": {"datetime": "2021-09-27 21:44:48", "elapsed": 213.481913, "delta": 1.839254}}
{"target": -27.722939862820446, "params": {"C": 10.24319480850833, "epsilon": 0.07230507496329429, "gamma": 0.34596558266410843}, "datetime": {"datetime": "2021-09-27 21:44:49", "elapsed": 215.308046, "delta": 1.826133}}
{"target": -31.265015095777297, "params": {"C": 84.4844237034363, "epsilon": 0.007394232979285648, "gamma": 0.4863299670879884}, "datetime": {"datetime": "2021-09-27 21:44:51", "elapsed": 217.08405, "delta": 1.776004}}
{"target": -31.751667578444888, "params": {"C": 98.82642544750303, "epsilon": 0.36689714717533684, "gamma": 0.48412758127266603}, "datetime": {"datetime": "2021-09-27 21:44:52", "elapsed": 218.106047, "delta": 1.021997}}
{"target": -16.97015560065848, "params": {"C": 38.60584607114959, "epsilon": 0.02198140203319467, "gamma": 0.014339223023055021}, "datetime": {"datetime": "2021-09-27 21:44:54", "elapsed": 219.735564, "delta": 1.629517}}
{"target": -16.916193970279476, "params": {"C": 38.41905629500831, "epsilon": 0.253531246149798, "gamma": 0.02503522985941138}, "datetime": {"datetime": "2021-09-27 21:44:56", "elapsed": 221.520565, "delta": 1.785001}}
{"target": -23.868274232703428, "params": {"C": 75.29658439981621, "epsilon": 0.3855845143361302, "gamma": 0.14404422080479246}, "datetime": {"datetime": "2021-09-27 21:44:57", "elapsed": 222.624749, "delta": 1.104184}}
{"target": -20.987836019346123, "params": {"C": 38.35134145173434, "epsilon": 0.029819081769857897, "gamma": 0.11092111707112531}, "datetime": {"datetime": "2021-09-27 21:44:59", "elapsed": 224.33584, "delta": 1.711091}}
{"target": -18.39503071646888, "params": {"C": 38.63896387221747, "epsilon": 0.2335635810211338, "gamma": 0.07348075013584143}, "datetime": {"datetime": "2021-09-27 21:45:00", "elapsed": 226.185021, "delta": 1.849181}}
{"target": -26.641144514631925, "params": {"C": 38.46116301088861, "epsilon": 0.39561025560503765, "gamma": 0.2376769353676517}, "datetime": {"datetime": "2021-09-27 21:45:02", "elapsed": 227.936023, "delta": 1.751002}}
{"target": -18.870183964556723, "params": {"C": 15.82859036979615, "epsilon": 0.3953759820109702, "gamma": 0.08687159260981352}, "datetime": {"datetime": "2021-09-27 21:45:03", "elapsed": 228.962942, "delta": 1.026919}}
{"target": -25.07078299355393, "params": {"C": 15.96539255444159, "epsilon": 0.12187274508537309, "gamma": 0.2486853562335007}, "datetime": {"datetime": "2021-09-27 21:45:05", "elapsed": 230.776188, "delta": 1.813246}}
{"target": -23.38692378770818, "params": {"C": 15.504684694331173, "epsilon": 0.33957148732624237, "gamma": 0.18256261188528738}, "datetime": {"datetime": "2021-09-27 21:45:07", "elapsed": 232.74774, "delta": 1.971552}}
{"target": -31.404168810115163, "params": {"C": 73.52341341355249, "epsilon": 0.3148722485729953, "gamma": 0.47663301995865376}, "datetime": {"datetime": "2021-09-27 21:45:08", "elapsed": 233.817369, "delta": 1.069629}}
{"target": -17.349596315298108, "params": {"C": 39.304481379708776, "epsilon": 0.07535081949534925, "gamma": 0.028706527070308928}, "datetime": {"datetime": "2021-09-27 21:45:09", "elapsed": 234.781206, "delta": 0.963837}}
{"target": -21.104870746727407, "params": {"C": 8.172715108392733, "epsilon": 0.001, "gamma": 0.002}, "datetime": {"datetime": "2021-09-27 21:45:11", "elapsed": 236.832415, "delta": 2.051209}}
{"target": -17.019425586980006, "params": {"C": 7.669461884905008, "epsilon": 0.1752114930827634, "gamma": 0.017392685572106145}, "datetime": {"datetime": "2021-09-27 21:45:13", "elapsed": 238.403424, "delta": 1.571009}}
{"target": -22.267579346974667, "params": {"C": 7.473850462166408, "epsilon": 0.32542092611620665, "gamma": 0.13470252808958072}, "datetime": {"datetime": "2021-09-27 21:45:14", "elapsed": 240.246563, "delta": 1.843139}}
{"target": -17.224759034226604, "params": {"C": 7.88890983062416, "epsilon": 0.3386790631463668, "gamma": 0.020521043161003685}, "datetime": {"datetime": "2021-09-27 21:45:16", "elapsed": 241.953826, "delta": 1.707263}}
{"target": -19.876673576962627, "params": {"C": 7.84758379588026, "epsilon": 0.02840478862776963, "gamma": 0.08814452895607705}, "datetime": {"datetime": "2021-09-27 21:45:19", "elapsed": 244.373237, "delta": 2.419411}}
{"target": -27.498781021279438, "params": {"C": 7.854794011277886, "epsilon": 0.38824429417990514, "gamma": 0.3102547719010884}, "datetime": {"datetime": "2021-09-27 21:45:20", "elapsed": 246.13945, "delta": 1.766213}}
{"target": -19.235356181596234, "params": {"C": 4.691344547231269, "epsilon": 0.3544554963631779, "gamma": 0.05826889706564331}, "datetime": {"datetime": "2021-09-27 21:45:22", "elapsed": 247.726454, "delta": 1.587004}}
{"target": -31.359720983727733, "params": {"C": 96.07371135871206, "epsilon": 0.2806288328365721, "gamma": 0.45553564904017946}, "datetime": {"datetime": "2021-09-27 21:45:23", "elapsed": 248.787177, "delta": 1.060723}}
{"target": -29.024004504485458, "params": {"C": 4.459607340989049, "epsilon": 0.22091407097547475, "gamma": 0.3139381510973631}, "datetime": {"datetime": "2021-09-27 21:45:25", "elapsed": 251.318162, "delta": 2.530985}}
{"target": -17.987757482768046, "params": {"C": 5.032188789420088, "epsilon": 0.38002851739327914, "gamma": 0.012570283028797383}, "datetime": {"datetime": "2021-09-27 21:45:28", "elapsed": 253.663841, "delta": 2.345679}}
{"target": -28.375176866866074, "params": {"C": 5.045885603093085, "epsilon": 0.3981533957885465, "gamma": 0.30068527900144487}, "datetime": {"datetime": "2021-09-27 21:45:30", "elapsed": 255.787656, "delta": 2.123815}}
{"target": -17.278633859030474, "params": {"C": 8.185214471883448, "epsilon": 0.37392891171358444, "gamma": 0.01654735871567161}, "datetime": {"datetime": "2021-09-27 21:45:32", "elapsed": 257.572852, "delta": 1.785196}}
{"target": -17.90143301576871, "params": {"C": 39.72677613117563, "epsilon": 0.011516930107501582, "gamma": 0.06743618965767943}, "datetime": {"datetime": "2021-09-27 21:45:33", "elapsed": 258.89216, "delta": 1.319308}}
{"target": -17.605555623044612, "params": {"C": 5.0607092010344665, "epsilon": 0.03093506189006594, "gamma": 0.02875277472422829}, "datetime": {"datetime": "2021-09-27 21:45:35", "elapsed": 260.672592, "delta": 1.780432}}
{"target": -19.076946192008187, "params": {"C": 5.377588606113172, "epsilon": 0.06762732195485185, "gamma": 0.006698647568156576}, "datetime": {"datetime": "2021-09-27 21:45:37", "elapsed": 262.883091, "delta": 2.210499}}
{"target": -18.943332402859138, "params": {"C": 4.786617258883098, "epsilon": 0.02306107986524266, "gamma": 0.00785124111298454}, "datetime": {"datetime": "2021-09-27 21:45:40", "elapsed": 265.816218, "delta": 2.933127}}
{"target": -18.10310906400533, "params": {"C": 5.709273870262398, "epsilon": 0.25939379456363976, "gamma": 0.03877363604879271}, "datetime": {"datetime": "2021-09-27 21:45:42", "elapsed": 267.862677, "delta": 2.046459}}
{"target": -26.230294912348423, "params": {"C": 5.7035286098829445, "epsilon": 0.0045587361434420385, "gamma": 0.23361447575088912}, "datetime": {"datetime": "2021-09-27 21:45:44", "elapsed": 269.754604, "delta": 1.891927}}
{"target": -17.63850667383727, "params": {"C": 6.096878135912591, "epsilon": 0.3510693285956688, "gamma": 0.012989070449971666}, "datetime": {"datetime": "2021-09-27 21:45:46", "elapsed": 271.810608, "delta": 2.056004}}
{"target": -17.096637413246174, "params": {"C": 70.24281670496256, "epsilon": 0.38220825589870094, "gamma": 0.008536951031993593}, "datetime": {"datetime": "2021-09-27 21:45:47", "elapsed": 273.139778, "delta": 1.32917}}
{"target": -20.95665147687994, "params": {"C": 5.48400823694339, "epsilon": 0.38089560060754896, "gamma": 0.09504400035079198}, "datetime": {"datetime": "2021-09-27 21:45:50", "elapsed": 275.370485, "delta": 2.230707}}
{"target": -28.03695084380807, "params": {"C": 33.63690913138018, "epsilon": 0.04396040808086409, "gamma": 0.3450438994698996}, "datetime": {"datetime": "2021-09-27 21:45:51", "elapsed": 276.514487, "delta": 1.144002}}
{"target": -28.269512138325403, "params": {"C": 21.642665918107912, "epsilon": 0.3706685934595395, "gamma": 0.36744328752926136}, "datetime": {"datetime": "2021-09-27 21:45:52", "elapsed": 277.674985, "delta": 1.160498}}
{"target": -17.671968334831234, "params": {"C": 37.7734687179846, "epsilon": 0.21316572759384583, "gamma": 0.058365984544390785}, "datetime": {"datetime": "2021-09-27 21:45:53", "elapsed": 278.808973, "delta": 1.133988}}
{"target": -16.951323075768677, "params": {"C": 73.47788016304688, "epsilon": 0.13656106368428414, "gamma": 0.0054982646438295904}, "datetime": {"datetime": "2021-09-27 21:45:54", "elapsed": 279.980797, "delta": 1.171824}}
{"target": -18.513243134095408, "params": {"C": 73.19266113796331, "epsilon": 0.01160219035984724, "gamma": 0.023995588434750366}, "datetime": {"datetime": "2021-09-27 21:45:56", "elapsed": 281.843948, "delta": 1.863151}}
{"target": -20.648314541921607, "params": {"C": 48.203998505712306, "epsilon": 0.23359619428652945, "gamma": 0.09796218172250935}, "datetime": {"datetime": "2021-09-27 21:45:57", "elapsed": 283.160479, "delta": 1.316531}}
{"target": -18.871795967951712, "params": {"C": 73.7014410931287, "epsilon": 0.001, "gamma": 0.002}, "datetime": {"datetime": "2021-09-27 21:45:59", "elapsed": 285.131726, "delta": 1.971247}}
{"target": -16.910189958450506, "params": {"C": 38.10752768186601, "epsilon": 0.35333914799464594, "gamma": 0.023968467112837642}, "datetime": {"datetime": "2021-09-27 21:46:01", "elapsed": 287.283228, "delta": 2.151502}}
{"target": -27.37430362559828, "params": {"C": 5.867882487698872, "epsilon": 0.37045655836364666, "gamma": 0.27545015961391256}, "datetime": {"datetime": "2021-09-27 21:46:04", "elapsed": 290.083705, "delta": 2.800477}}
{"target": -17.43089900805354, "params": {"C": 37.59078616688202, "epsilon": 0.3983080638803438, "gamma": 0.04384333371364774}, "datetime": {"datetime": "2021-09-27 21:46:06", "elapsed": 291.936554, "delta": 1.852849}}
{"target": -17.966841052234297, "params": {"C": 37.928538721866765, "epsilon": 0.3841417480606285, "gamma": 0.06338065797628424}, "datetime": {"datetime": "2021-09-27 21:46:08", "elapsed": 294.159027, "delta": 2.222473}}
{"target": -17.41623831934861, "params": {"C": 37.46847605893774, "epsilon": 0.08235227040639187, "gamma": 0.035392353979560386}, "datetime": {"datetime": "2021-09-27 21:46:11", "elapsed": 296.418733, "delta": 2.259706}}
{"target": -17.896738413694578, "params": {"C": 48.69937170554474, "epsilon": 0.26110120404989223, "gamma": 0.0031944963408796568}, "datetime": {"datetime": "2021-09-27 21:46:13", "elapsed": 299.038507, "delta": 2.619774}}
{"target": -17.798485241902583, "params": {"C": 88.53321144516559, "epsilon": 0.2846212795905258, "gamma": 0.04990313444051139}, "datetime": {"datetime": "2021-09-27 21:46:15", "elapsed": 300.395132, "delta": 1.356625}}
{"target": -23.976833879288588, "params": {"C": 48.63385467534114, "epsilon": 0.001, "gamma": 0.17149092959848133}, "datetime": {"datetime": "2021-09-27 21:46:17", "elapsed": 302.752294, "delta": 2.357162}}
{"target": -22.677687579533583, "params": {"C": 49.0610497471922, "epsilon": 0.37435552284170165, "gamma": 0.13949271812659916}, "datetime": {"datetime": "2021-09-27 21:46:19", "elapsed": 304.835161, "delta": 2.082867}}
{"target": -23.781156222588013, "params": {"C": 48.48270205430526, "epsilon": 0.3753421434079851, "gamma": 0.16366224909122312}, "datetime": {"datetime": "2021-09-27 21:46:21", "elapsed": 307.318805, "delta": 2.483644}}
{"target": -22.882008579214382, "params": {"C": 75.76757965431568, "epsilon": 0.19611878275908734, "gamma": 0.13049216825146626}, "datetime": {"datetime": "2021-09-27 21:46:23", "elapsed": 308.685809, "delta": 1.367004}}
{"target": -17.47990604742839, "params": {"C": 87.90765772474758, "epsilon": 0.2824199349367488, "gamma": 0.011445767409156187}, "datetime": {"datetime": "2021-09-27 21:46:24", "elapsed": 310.150019, "delta": 1.46421}}
{"target": -21.634944811239365, "params": {"C": 93.64792418850993, "epsilon": 0.35491629210775744, "gamma": 0.10050388964236598}, "datetime": {"datetime": "2021-09-27 21:46:26", "elapsed": 311.403502, "delta": 1.253483}}
{"target": -21.819381039138257, "params": {"C": 6.3665287428298205, "epsilon": 0.4, "gamma": 0.002}, "datetime": {"datetime": "2021-09-27 21:46:28", "elapsed": 313.835943, "delta": 2.432441}}
{"target": -17.562497016615282, "params": {"C": 74.11200504669868, "epsilon": 0.01620741902539646, "gamma": 0.046637682708727035}, "datetime": {"datetime": "2021-09-27 21:46:30", "elapsed": 316.039458, "delta": 2.203515}}
{"target": -28.081710622436212, "params": {"C": 12.422689399752148, "epsilon": 0.04058998895972829, "gamma": 0.37772712523306545}, "datetime": {"datetime": "2021-09-27 21:46:32", "elapsed": 317.500048, "delta": 1.46059}}
{"target": -17.352391582947646, "params": {"C": 74.12960310524413, "epsilon": 0.2856234450287239, "gamma": 0.012206393984594485}, "datetime": {"datetime": "2021-09-27 21:46:35", "elapsed": 320.786443, "delta": 3.286395}}
{"target": -29.370362149255385, "params": {"C": 74.17239835561398, "epsilon": 0.13296556766621023, "gamma": 0.32363671851948367}, "datetime": {"datetime": "2021-09-27 21:46:38", "elapsed": 323.445592, "delta": 2.659149}}
{"target": -18.26788218306941, "params": {"C": 21.300219443344723, "epsilon": 0.18594788614163393, "gamma": 0.004221714515609268}, "datetime": {"datetime": "2021-09-27 21:46:40", "elapsed": 326.174894, "delta": 2.729302}}
{"target": -30.656231877864137, "params": {"C": 70.01098731950074, "epsilon": 0.04330919107733883, "gamma": 0.4397566027798841}, "datetime": {"datetime": "2021-09-27 21:46:42", "elapsed": 327.580684, "delta": 1.40579}}
{"target": -17.634152008321603, "params": {"C": 73.78115205003954, "epsilon": 0.21750470311190068, "gamma": 0.01685981485825786}, "datetime": {"datetime": "2021-09-27 21:46:44", "elapsed": 329.564096, "delta": 1.983412}}
{"target": -17.643560127671407, "params": {"C": 7.355254198787903, "epsilon": 0.003475288556735455, "gamma": 0.045188862171930924}, "datetime": {"datetime": "2021-09-27 21:46:47", "elapsed": 332.466099, "delta": 2.902003}}
{"target": -30.771070605051126, "params": {"C": 32.21138249295807, "epsilon": 0.023047106751916, "gamma": 0.48981644856803597}, "datetime": {"datetime": "2021-09-27 21:46:49", "elapsed": 334.711109, "delta": 2.24501}}
