{"target": -17.14390711718925, "params": {"C": 20.96929055365954, "epsilon": 0.5783626336944268, "gamma": 0.036381430247205096}, "datetime": {"datetime": "2021-09-27 21:20:11", "elapsed": 426.89905, "delta": 3.81094}}
{"target": -17.3721886738815, "params": {"C": 20.997103122975297, "epsilon": 0.5432623811084294, "gamma": 0.05280914085401402}, "datetime": {"datetime": "2021-09-27 21:20:15", "elapsed": 430.889881, "delta": 3.990831}}
{"target": -21.55856608220009, "params": {"C": 31.628860427805357, "epsilon": 0.39483478745911743, "gamma": 0.13927877850453071}, "datetime": {"datetime": "2021-09-27 21:20:17", "elapsed": 432.748388, "delta": 1.858507}}
{"target": -22.449161757921154, "params": {"C": 93.11872800913468, "epsilon": 0.7433351843657209, "gamma": 0.12486861575491412}, "datetime": {"datetime": "2021-09-27 21:20:19", "elapsed": 434.719583, "delta": 1.971195}}
{"target": -18.712000857049777, "params": {"C": 13.637091284483422, "epsilon": 0.21305598297391026, "gamma": 0.10564553813441045}, "datetime": {"datetime": "2021-09-27 21:20:22", "elapsed": 437.893249, "delta": 3.173666}}
{"target": -18.48332344747264, "params": {"C": 93.6706487385748, "epsilon": 0.6411527959305214, "gamma": 0.058569004460633456}, "datetime": {"datetime": "2021-09-27 21:20:24", "elapsed": 439.77763, "delta": 1.884381}}
{"target": -17.374319365366198, "params": {"C": 20.94798471160797, "epsilon": 0.6273481935169595, "gamma": 0.050475972454261706}, "datetime": {"datetime": "2021-09-27 21:20:27", "elapsed": 442.883317, "delta": 3.105687}}
{"target": -18.244141008306, "params": {"C": 64.89171140936517, "epsilon": 0.7167025435103089, "gamma": 0.03606027364790994}, "datetime": {"datetime": "2021-09-27 21:20:29", "elapsed": 444.854683, "delta": 1.971366}}
{"target": -17.220042250242145, "params": {"C": 21.005060404690305, "epsilon": 0.6137733317334221, "gamma": 0.045544242430823785}, "datetime": {"datetime": "2021-09-27 21:20:33", "elapsed": 448.780966, "delta": 3.926283}}
{"target": -20.406172158806168, "params": {"C": 38.34254920216931, "epsilon": 0.26454401082179135, "gamma": 0.1169839375352422}, "datetime": {"datetime": "2021-09-27 21:20:35", "elapsed": 450.69996, "delta": 1.918994}}
{"target": -17.01510426494497, "params": {"C": 17.57078993836827, "epsilon": 0.3465738746081921, "gamma": 0.029312223320839763}, "datetime": {"datetime": "2021-09-27 21:20:39", "elapsed": 454.217365, "delta": 3.517405}}
{"target": -18.31187361540863, "params": {"C": 21.007960628247886, "epsilon": 0.668266224900804, "gamma": 0.0833312528835622}, "datetime": {"datetime": "2021-09-27 21:20:42", "elapsed": 457.119738, "delta": 2.902373}}
{"target": -17.600760265463073, "params": {"C": 17.520657621129065, "epsilon": 0.32203884599235977, "gamma": 0.016818718891347704}, "datetime": {"datetime": "2021-09-27 21:20:45", "elapsed": 460.887113, "delta": 3.767375}}
{"target": -17.2551687125862, "params": {"C": 20.809861775731562, "epsilon": 0.6639643296792711, "gamma": 0.0403783158774554}, "datetime": {"datetime": "2021-09-27 21:20:49", "elapsed": 464.318627, "delta": 3.431514}}
{"target": -18.055918504448577, "params": {"C": 17.20922648025238, "epsilon": 0.08147536260718584, "gamma": 0.08460183768791771}, "datetime": {"datetime": "2021-09-27 21:20:50", "elapsed": 466.084179, "delta": 1.765552}}
{"target": -17.563873223875184, "params": {"C": 20.837653200670303, "epsilon": 0.7303355908114666, "gamma": 0.02813874003446147}, "datetime": {"datetime": "2021-09-27 21:20:55", "elapsed": 470.111147, "delta": 4.026968}}
{"target": -20.189482845725625, "params": {"C": 20.032042155035455, "epsilon": 0.19898272822387642, "gamma": 0.0036214143489634934}, "datetime": {"datetime": "2021-09-27 21:20:58", "elapsed": 473.822383, "delta": 3.711236}}
{"target": -17.4978426550344, "params": {"C": 21.04496922255882, "epsilon": 0.5870633105302195, "gamma": 0.0574569007698396}, "datetime": {"datetime": "2021-09-27 21:21:02", "elapsed": 477.581744, "delta": 3.759361}}
{"target": -18.019468193253704, "params": {"C": 30.030006497636982, "epsilon": 0.06017769987520728, "gamma": 0.07154839876261922}, "datetime": {"datetime": "2021-09-27 21:21:05", "elapsed": 480.756492, "delta": 3.174748}}
{"target": -17.102429078191285, "params": {"C": 13.544031879289044, "epsilon": 0.19506287262758387, "gamma": 0.02812944292056043}, "datetime": {"datetime": "2021-09-27 21:21:10", "elapsed": 485.615245, "delta": 4.858753}}
{"target": -17.682438582977607, "params": {"C": 13.59185507018107, "epsilon": 0.26478906653646783, "gamma": 0.07334915612688184}, "datetime": {"datetime": "2021-09-27 21:21:15", "elapsed": 490.354855, "delta": 4.73961}}
{"target": -21.553633052062303, "params": {"C": 21.020900436059847, "epsilon": 0.5754158755366608, "gamma": 0.002}, "datetime": {"datetime": "2021-09-27 21:21:20", "elapsed": 495.285754, "delta": 4.930899}}
{"target": -17.186330298975868, "params": {"C": 17.520471875886006, "epsilon": 0.37394452893254004, "gamma": 0.0520286072558392}, "datetime": {"datetime": "2021-09-27 21:21:25", "elapsed": 500.19187, "delta": 4.906116}}
{"target": -19.88618480996596, "params": {"C": 85.29111938228893, "epsilon": 0.18175454564495652, "gamma": 0.08407075617072632}, "datetime": {"datetime": "2021-09-27 21:21:27", "elapsed": 502.231296, "delta": 2.039426}}
{"target": -19.80813900551413, "params": {"C": 27.582992737255825, "epsilon": 0.4448949957694268, "gamma": 0.11454277982585102}, "datetime": {"datetime": "2021-09-27 21:21:29", "elapsed": 504.325471, "delta": 2.094175}}
{"target": -19.146500699155915, "params": {"C": 21.042762201005996, "epsilon": 0.5311042909215549, "gamma": 0.10497955217964808}, "datetime": {"datetime": "2021-09-27 21:21:33", "elapsed": 508.238859, "delta": 3.913388}}
{"target": -17.627633811609268, "params": {"C": 18.77253163851798, "epsilon": 0.6673410710414882, "gamma": 0.05589553063784009}, "datetime": {"datetime": "2021-09-27 21:21:35", "elapsed": 510.259825, "delta": 2.020966}}
{"target": -19.36694108258153, "params": {"C": 20.815657403069608, "epsilon": 0.7278607515652141, "gamma": 0.10261160629569197}, "datetime": {"datetime": "2021-09-27 21:21:38", "elapsed": 513.301981, "delta": 3.042156}}
{"target": -17.4913228024909, "params": {"C": 18.582501413455738, "epsilon": 0.2355812815656549, "gamma": 0.016396162694253008}, "datetime": {"datetime": "2021-09-27 21:21:42", "elapsed": 517.199608, "delta": 3.897627}}
{"target": -18.56952864328845, "params": {"C": 17.462963456630547, "epsilon": 0.3752204277147312, "gamma": 0.09871865190277995}, "datetime": {"datetime": "2021-09-27 21:21:45", "elapsed": 520.173705, "delta": 2.974097}}
{"target": -17.195230085532582, "params": {"C": 17.70965416816588, "epsilon": 0.40531958823615305, "gamma": 0.051312078607517256}, "datetime": {"datetime": "2021-09-27 21:21:48", "elapsed": 523.428108, "delta": 3.254403}}
{"target": -17.654837242009787, "params": {"C": 17.762922199399153, "epsilon": 0.2385796032465347, "gamma": 0.07413256629431428}, "datetime": {"datetime": "2021-09-27 21:21:51", "elapsed": 526.996882, "delta": 3.568774}}
{"target": -20.69711738247477, "params": {"C": 2.797931927516945, "epsilon": 0.3523333676056983, "gamma": 0.08231636780558339}, "datetime": {"datetime": "2021-09-27 21:21:53", "elapsed": 528.99943, "delta": 2.002548}}
{"target": -17.661342895536585, "params": {"C": 21.19613394620427, "epsilon": 0.39809769785251004, "gamma": 0.01948300006370965}, "datetime": {"datetime": "2021-09-27 21:21:56", "elapsed": 531.242541, "delta": 2.243111}}
{"target": -17.689218652357937, "params": {"C": 17.54603550108062, "epsilon": 0.41133057775232235, "gamma": 0.016276735081655565}, "datetime": {"datetime": "2021-09-27 21:21:59", "elapsed": 535.043409, "delta": 3.800868}}
{"target": -21.902613586245373, "params": {"C": 41.47283898140374, "epsilon": 0.010245670673726457, "gamma": 0.13810992284181006}, "datetime": {"datetime": "2021-09-27 21:22:02", "elapsed": 537.446171, "delta": 2.402762}}
{"target": -17.60479252631213, "params": {"C": 20.74066825906523, "epsilon": 0.6800300121310128, "gamma": 0.026137037213198308}, "datetime": {"datetime": "2021-09-27 21:22:07", "elapsed": 542.370863, "delta": 4.924692}}
{"target": -18.433782711734022, "params": {"C": 91.52746958878065, "epsilon": 0.27065475678248424, "gamma": 0.021920271827230636}, "datetime": {"datetime": "2021-09-27 21:22:09", "elapsed": 544.854124, "delta": 2.483261}}
{"target": -19.094827124990008, "params": {"C": 18.477972432024853, "epsilon": 0.30993850278124274, "gamma": 0.006413197516308388}, "datetime": {"datetime": "2021-09-27 21:22:14", "elapsed": 549.3258, "delta": 4.471676}}
{"target": -17.625421290820064, "params": {"C": 17.577348424524427, "epsilon": 0.356064524593393, "gamma": 0.0684520834405067}, "datetime": {"datetime": "2021-09-27 21:22:17", "elapsed": 552.913177, "delta": 3.587377}}
{"target": -19.03694689536065, "params": {"C": 21.042283858463612, "epsilon": 0.609745834339094, "gamma": 0.10047819242421198}, "datetime": {"datetime": "2021-09-27 21:22:21", "elapsed": 556.31695, "delta": 3.403773}}
{"target": -18.147229004960263, "params": {"C": 72.24051031782771, "epsilon": 0.613027344587802, "gamma": 0.021622467676358975}, "datetime": {"datetime": "2021-09-27 21:22:23", "elapsed": 558.354231, "delta": 2.037281}}
{"target": -18.951662522293333, "params": {"C": 20.977298742784157, "epsilon": 0.5834259729202667, "gamma": 0.0993708281420088}, "datetime": {"datetime": "2021-09-27 21:22:27", "elapsed": 562.133981, "delta": 3.77975}}
{"target": -18.675847378669207, "params": {"C": 17.70512364964155, "epsilon": 0.2564943234034997, "gamma": 0.10244271234927328}, "datetime": {"datetime": "2021-09-27 21:22:30", "elapsed": 565.774765, "delta": 3.640784}}
{"target": -19.922908004695916, "params": {"C": 22.09850080437786, "epsilon": 0.2937969490881647, "gamma": 0.12122945429500417}, "datetime": {"datetime": "2021-09-27 21:22:32", "elapsed": 567.812007, "delta": 2.037242}}
{"target": -20.91333812864968, "params": {"C": 13.481916628360393, "epsilon": 0.15741752028911177, "gamma": 0.0033190707023593204}, "datetime": {"datetime": "2021-09-27 21:22:37", "elapsed": 572.345332, "delta": 4.533325}}
{"target": -17.72395659790415, "params": {"C": 17.721265611438177, "epsilon": 0.471824750411312, "gamma": 0.01687049844582142}, "datetime": {"datetime": "2021-09-27 21:22:42", "elapsed": 577.96703, "delta": 5.621698}}
{"target": -20.879994385239144, "params": {"C": 6.870665261338062, "epsilon": 0.7627633196715777, "gamma": 0.1345906417585082}, "datetime": {"datetime": "2021-09-27 21:22:45", "elapsed": 580.333289, "delta": 2.366259}}
{"target": -18.45786713367506, "params": {"C": 20.73876814113585, "epsilon": 0.5220761989367343, "gamma": 0.008229122743995785}, "datetime": {"datetime": "2021-09-27 21:22:48", "elapsed": 583.554943, "delta": 3.221654}}
{"target": -17.154558066504944, "params": {"C": 19.765678528445868, "epsilon": 0.09081917673215452, "gamma": 0.02765568385881479}, "datetime": {"datetime": "2021-09-27 21:22:52", "elapsed": 588.047005, "delta": 4.492062}}
{"target": -19.88313753330223, "params": {"C": 18.79824524624633, "epsilon": 0.6660134599119006, "gamma": 0.11845575400541165}, "datetime": {"datetime": "2021-09-27 21:22:56", "elapsed": 591.629584, "delta": 3.582579}}
{"target": -20.298045129416717, "params": {"C": 20.894459055441533, "epsilon": 0.3383354145070531, "gamma": 0.13036918701928862}, "datetime": {"datetime": "2021-09-27 21:22:58", "elapsed": 593.903397, "delta": 2.273813}}
{"target": -19.04489437240096, "params": {"C": 20.821138170543577, "epsilon": 0.6959544543310606, "gamma": 0.006557261517213618}, "datetime": {"datetime": "2021-09-27 21:23:03", "elapsed": 598.713193, "delta": 4.809796}}
{"target": -17.979183489974062, "params": {"C": 17.415472454106403, "epsilon": 0.6820789555534333, "gamma": 0.020803534450626743}, "datetime": {"datetime": "2021-09-27 21:23:05", "elapsed": 600.976854, "delta": 2.263661}}
{"target": -18.145110687867014, "params": {"C": 18.61040416322681, "epsilon": 0.20325656803605255, "gamma": 0.08921001481017173}, "datetime": {"datetime": "2021-09-27 21:23:09", "elapsed": 604.813339, "delta": 3.836485}}
{"target": -18.034246658365927, "params": {"C": 18.759994342543933, "epsilon": 0.6918247655981183, "gamma": 0.014396072696591279}, "datetime": {"datetime": "2021-09-27 21:23:13", "elapsed": 608.991877, "delta": 4.178538}}
{"target": -17.590147483007726, "params": {"C": 20.843200488360242, "epsilon": 0.642116847041429, "gamma": 0.061236220143228715}, "datetime": {"datetime": "2021-09-27 21:23:18", "elapsed": 613.546363, "delta": 4.554486}}
{"target": -19.23305378750312, "params": {"C": 18.6978194633271, "epsilon": 0.2801238165991851, "gamma": 0.11328289017966335}, "datetime": {"datetime": "2021-09-27 21:23:23", "elapsed": 618.443853, "delta": 4.89749}}
{"target": -17.96398183130515, "params": {"C": 17.76503599433662, "epsilon": 0.4157563443232673, "gamma": 0.0815964107048952}, "datetime": {"datetime": "2021-09-27 21:23:27", "elapsed": 622.597814, "delta": 4.153961}}
{"target": -16.963758124841412, "params": {"C": 13.365887676603851, "epsilon": 0.06661911498604318, "gamma": 0.03659520928153767}, "datetime": {"datetime": "2021-09-27 21:23:32", "elapsed": 627.172765, "delta": 4.574951}}
{"target": -19.2244974300504, "params": {"C": 12.011945080375472, "epsilon": 0.4221722079558247, "gamma": 0.1155071234165083}, "datetime": {"datetime": "2021-09-27 21:23:34", "elapsed": 629.578361, "delta": 2.405596}}
{"target": -18.49982224439585, "params": {"C": 13.347188674106453, "epsilon": 0.02789451150892538, "gamma": 0.09608597722102326}, "datetime": {"datetime": "2021-09-27 21:23:38", "elapsed": 633.277881, "delta": 3.69952}}
{"target": -17.36847234485835, "params": {"C": 13.29763914577935, "epsilon": 0.02366771041942221, "gamma": 0.02110642625723306}, "datetime": {"datetime": "2021-09-27 21:23:43", "elapsed": 638.850694, "delta": 5.572813}}
{"target": -17.41420908083652, "params": {"C": 20.88733771646259, "epsilon": 0.5463707819388727, "gamma": 0.05357712661438979}, "datetime": {"datetime": "2021-09-27 21:23:46", "elapsed": 641.141862, "delta": 2.291168}}
{"target": -19.160405441449598, "params": {"C": 31.324178882571218, "epsilon": 0.20059704687531832, "gamma": 0.10226855933483468}, "datetime": {"datetime": "2021-09-27 21:23:48", "elapsed": 643.608399, "delta": 2.466537}}
{"target": -17.452362929470024, "params": {"C": 13.249729686888944, "epsilon": 0.044717044200185296, "gamma": 0.06117461079126802}, "datetime": {"datetime": "2021-09-27 21:23:52", "elapsed": 647.213728, "delta": 3.605329}}
{"target": -19.025689879196403, "params": {"C": 13.194425818164756, "epsilon": 0.04190731264899127, "gamma": 0.007863943036074142}, "datetime": {"datetime": "2021-09-27 21:23:57", "elapsed": 652.53618, "delta": 5.322452}}
{"target": -17.15534700839584, "params": {"C": 19.448577237531104, "epsilon": 0.2810620858979402, "gamma": 0.024753398755098487}, "datetime": {"datetime": "2021-09-27 21:23:59", "elapsed": 654.794126, "delta": 2.257946}}
{"target": -17.652849698558875, "params": {"C": 13.373646430324305, "epsilon": 0.018190267298739494, "gamma": 0.017722278391273688}, "datetime": {"datetime": "2021-09-27 21:24:03", "elapsed": 658.746414, "delta": 3.952288}}
{"target": -17.20696029642045, "params": {"C": 18.54749777957696, "epsilon": 0.23925058463640134, "gamma": 0.05334944340140755}, "datetime": {"datetime": "2021-09-27 21:24:08", "elapsed": 663.737074, "delta": 4.99066}}
{"target": -17.245535016007523, "params": {"C": 20.85348113923219, "epsilon": 0.4281376968598595, "gamma": 0.027888864622460804}, "datetime": {"datetime": "2021-09-27 21:24:12", "elapsed": 667.676395, "delta": 3.939321}}
{"target": -17.184071913361368, "params": {"C": 20.90458089556183, "epsilon": 0.44749939142506956, "gamma": 0.03986123898089952}, "datetime": {"datetime": "2021-09-27 21:24:17", "elapsed": 672.728973, "delta": 5.052578}}
{"target": -17.241110109096482, "params": {"C": 20.902197618527225, "epsilon": 0.7787606095417298, "gamma": 0.04263833099954948}, "datetime": {"datetime": "2021-09-27 21:24:21", "elapsed": 676.584601, "delta": 3.855628}}
{"target": -18.215950660085845, "params": {"C": 13.289464782934695, "epsilon": 0.09100628960460518, "gamma": 0.01170231835897137}, "datetime": {"datetime": "2021-09-27 21:24:26", "elapsed": 681.962153, "delta": 5.377552}}
{"target": -17.327687303843405, "params": {"C": 20.953735384870573, "epsilon": 0.7618231047204918, "gamma": 0.03154159398584647}, "datetime": {"datetime": "2021-09-27 21:24:31", "elapsed": 686.40269, "delta": 4.440537}}
{"target": -17.778123076520192, "params": {"C": 17.674494192805795, "epsilon": 0.4392659215010832, "gamma": 0.07424946582697663}, "datetime": {"datetime": "2021-09-27 21:24:36", "elapsed": 691.200453, "delta": 4.797763}}
{"target": -19.38800009895619, "params": {"C": 20.926250041526714, "epsilon": 0.7545443092832125, "gamma": 0.10175393538709179}, "datetime": {"datetime": "2021-09-27 21:24:42", "elapsed": 697.108045, "delta": 5.907592}}
{"target": -19.06792255364601, "params": {"C": 20.910666391159676, "epsilon": 0.7676011123364286, "gamma": 0.0065086317611858305}, "datetime": {"datetime": "2021-09-27 21:24:49", "elapsed": 704.207562, "delta": 7.099517}}
{"target": -17.865660775576494, "params": {"C": 50.9884604186874, "epsilon": 0.6235262690682128, "gamma": 0.0316959189129261}, "datetime": {"datetime": "2021-09-27 21:24:51", "elapsed": 706.666302, "delta": 2.45874}}
{"target": -17.78109898570689, "params": {"C": 20.812141122211802, "epsilon": 0.40862440750918366, "gamma": 0.07428824185961143}, "datetime": {"datetime": "2021-09-27 21:24:56", "elapsed": 711.188716, "delta": 4.522414}}
{"target": -17.348957776685054, "params": {"C": 20.83529336472411, "epsilon": 0.7889876697626449, "gamma": 0.04661349468284223}, "datetime": {"datetime": "2021-09-27 21:25:02", "elapsed": 717.318575, "delta": 6.129859}}
{"target": -20.822933201369572, "params": {"C": 50.327679882853545, "epsilon": 0.620581396155497, "gamma": 0.11315625616273094}, "datetime": {"datetime": "2021-09-27 21:25:05", "elapsed": 720.170118, "delta": 2.851543}}
{"target": -21.986383267502703, "params": {"C": 95.35052749109713, "epsilon": 0.07635343181294044, "gamma": 0.1254847842830691}, "datetime": {"datetime": "2021-09-27 21:25:08", "elapsed": 723.461586, "delta": 3.291468}}
{"target": -17.24055563471942, "params": {"C": 20.994508480640583, "epsilon": 0.8, "gamma": 0.03931140259274134}, "datetime": {"datetime": "2021-09-27 21:25:12", "elapsed": 727.623079, "delta": 4.161493}}
{"target": -18.90738415201266, "params": {"C": 18.368858645903703, "epsilon": 0.06782906666303991, "gamma": 0.10710818007462145}, "datetime": {"datetime": "2021-09-27 21:25:16", "elapsed": 731.974782, "delta": 4.351703}}
{"target": -19.056735589336316, "params": {"C": 27.327370196608936, "epsilon": 0.48239630678387757, "gamma": 0.09728161651122291}, "datetime": {"datetime": "2021-09-27 21:25:19", "elapsed": 734.627979, "delta": 2.653197}}
{"target": -17.211752141541346, "params": {"C": 19.63512720518969, "epsilon": 0.1468356189570663, "gamma": 0.05141275455267181}, "datetime": {"datetime": "2021-09-27 21:25:23", "elapsed": 738.458488, "delta": 3.830509}}
{"target": -21.3784409835172, "params": {"C": 72.49075133561597, "epsilon": 0.06843952319195251, "gamma": 0.11143426585554281}, "datetime": {"datetime": "2021-09-27 21:25:25", "elapsed": 740.797199, "delta": 2.338711}}
{"target": -20.06986540951557, "params": {"C": 71.51761577464093, "epsilon": 0.3372110257243406, "gamma": 0.09171851099948707}, "datetime": {"datetime": "2021-09-27 21:25:28", "elapsed": 743.153217, "delta": 2.356018}}
{"target": -19.523929681110275, "params": {"C": 13.267149116889343, "epsilon": 0.06474444802181128, "gamma": 0.12567677543749356}, "datetime": {"datetime": "2021-09-27 21:25:31", "elapsed": 746.959765, "delta": 3.806548}}
{"target": -19.454988005633535, "params": {"C": 17.57336853955612, "epsilon": 0.29342655591288197, "gamma": 0.005329886440030546}, "datetime": {"datetime": "2021-09-27 21:25:36", "elapsed": 751.692578, "delta": 4.732813}}
{"target": -17.09683212698368, "params": {"C": 17.473233804839136, "epsilon": 0.2895315774405302, "gamma": 0.030076643695427577}, "datetime": {"datetime": "2021-09-27 21:25:40", "elapsed": 755.383581, "delta": 3.691003}}
{"target": -18.149672148261057, "params": {"C": 71.4483524425309, "epsilon": 0.7498710277948862, "gamma": 0.029636421955847293}, "datetime": {"datetime": "2021-09-27 21:25:42", "elapsed": 757.593583, "delta": 2.210002}}
{"target": -16.967109246106727, "params": {"C": 17.432108813124547, "epsilon": 0.28139518450428175, "gamma": 0.04372123978275693}, "datetime": {"datetime": "2021-09-27 21:25:47", "elapsed": 762.25217, "delta": 4.658587}}
{"target": -18.44994565558957, "params": {"C": 20.76926855026182, "epsilon": 0.4437083297442881, "gamma": 0.007951174344805939}, "datetime": {"datetime": "2021-09-27 21:25:52", "elapsed": 767.84951, "delta": 5.59734}}
{"target": -18.475931151440626, "params": {"C": 52.626682673663574, "epsilon": 0.40815396341353494, "gamma": 0.0062268474084213755}, "datetime": {"datetime": "2021-09-27 21:25:54", "elapsed": 770.030991, "delta": 2.181481}}
{"target": -20.52499433244719, "params": {"C": 86.57129215098708, "epsilon": 0.49281890872114986, "gamma": 0.09680149756836387}, "datetime": {"datetime": "2021-09-27 21:25:57", "elapsed": 772.26384, "delta": 2.232849}}
{"target": -18.046174573941194, "params": {"C": 42.87698613656992, "epsilon": 0.2739173424990525, "gamma": 0.051492836463526835}, "datetime": {"datetime": "2021-09-27 21:25:59", "elapsed": 774.598847, "delta": 2.335007}}
{"target": -18.733413495799834, "params": {"C": 21.003078421517515, "epsilon": 0.7228039751636574, "gamma": 0.007532216450587064}, "datetime": {"datetime": "2021-09-27 21:26:06", "elapsed": 781.564014, "delta": 6.965167}}
