{"target": -29.013416471456832, "params": {"C": 7.326872011257907, "epsilon": 0.0349402428239316, "gamma": 0.3835989209190353}, "datetime": {"datetime": "2021-09-27 21:46:53", "elapsed": 338.563429, "delta": 3.85232}}
{"target": -16.981294875389267, "params": {"C": 46.03413720529407, "epsilon": 0.18579229438502326, "gamma": 0.0063983675906433704}, "datetime": {"datetime": "2021-09-27 21:46:56", "elapsed": 341.526155, "delta": 2.962726}}
{"target": -27.740985613226027, "params": {"C": 46.05387422357124, "epsilon": 0.21567623333266642, "gamma": 0.2916535116177001}, "datetime": {"datetime": "2021-09-27 21:46:59", "elapsed": 344.957038, "delta": 3.430883}}
{"target": -17.75127987161595, "params": {"C": 45.67862449440432, "epsilon": 0.1816179436841908, "gamma": 0.04051925749383688}, "datetime": {"datetime": "2021-09-27 21:47:03", "elapsed": 348.837651, "delta": 3.880613}}
{"target": -30.75542637423491, "params": {"C": 89.69533080684509, "epsilon": 0.3676587705046796, "gamma": 0.3967068739765738}, "datetime": {"datetime": "2021-09-27 21:47:05", "elapsed": 350.650909, "delta": 1.813258}}
{"target": -17.149221586232656, "params": {"C": 45.917002481468465, "epsilon": 0.03534247044743969, "gamma": 0.014796883003761335}, "datetime": {"datetime": "2021-09-27 21:47:09", "elapsed": 354.535587, "delta": 3.884678}}
{"target": -18.275025795982152, "params": {"C": 45.36880926889835, "epsilon": 0.031683681642609, "gamma": 0.07228756239609603}, "datetime": {"datetime": "2021-09-27 21:47:11", "elapsed": 356.898884, "delta": 2.363297}}
{"target": -17.048939126765667, "params": {"C": 45.39734000851399, "epsilon": 0.3613532270828456, "gamma": 0.021913887486872362}, "datetime": {"datetime": "2021-09-27 21:47:15", "elapsed": 360.460962, "delta": 3.562078}}
{"target": -27.295497833596666, "params": {"C": 45.3304296662586, "epsilon": 0.25249116724965714, "gamma": 0.2682303578968734}, "datetime": {"datetime": "2021-09-27 21:47:18", "elapsed": 363.409996, "delta": 2.949034}}
{"target": -19.272605426511266, "params": {"C": 45.59461426625139, "epsilon": 0.001, "gamma": 0.002}, "datetime": {"datetime": "2021-09-27 21:47:20", "elapsed": 366.244383, "delta": 2.834387}}
{"target": -17.389027965829122, "params": {"C": 45.640234139598014, "epsilon": 0.39455919005536416, "gamma": 0.031680889760766835}, "datetime": {"datetime": "2021-09-27 21:47:23", "elapsed": 368.949519, "delta": 2.705136}}
{"target": -19.248578741324664, "params": {"C": 46.23741145986056, "epsilon": 0.001, "gamma": 0.002}, "datetime": {"datetime": "2021-09-27 21:47:27", "elapsed": 372.794131, "delta": 3.844612}}
{"target": -17.170132494925873, "params": {"C": 46.8269601296746, "epsilon": 0.16690944749017936, "gamma": 0.014512087535523136}, "datetime": {"datetime": "2021-09-27 21:47:29", "elapsed": 375.308534, "delta": 2.514403}}
{"target": -26.852619479284357, "params": {"C": 46.78899119773151, "epsilon": 0.02759127809672095, "gamma": 0.2642172299992816}, "datetime": {"datetime": "2021-09-27 21:47:32", "elapsed": 377.653754, "delta": 2.34522}}
{"target": -16.86952697118585, "params": {"C": 47.05892733646867, "epsilon": 0.30997204582184223, "gamma": 0.010537347395968021}, "datetime": {"datetime": "2021-09-27 21:47:35", "elapsed": 380.359967, "delta": 2.706213}}
{"target": -28.524406660320334, "params": {"C": 90.52833957122633, "epsilon": 0.2509038356140912, "gamma": 0.2598978211681576}, "datetime": {"datetime": "2021-09-27 21:47:36", "elapsed": 381.962204, "delta": 1.602237}}
{"target": -16.86727084878587, "params": {"C": 46.74293400487226, "epsilon": 0.3567690557774785, "gamma": 0.010382282355536444}, "datetime": {"datetime": "2021-09-27 21:47:39", "elapsed": 384.833037, "delta": 2.870833}}
{"target": -17.10114029541057, "params": {"C": 10.189281665002824, "epsilon": 0.018561798411523354, "gamma": 0.033686045900311705}, "datetime": {"datetime": "2021-09-27 21:47:41", "elapsed": 387.047109, "delta": 2.214072}}
{"target": -25.84322473522434, "params": {"C": 46.93499902980548, "epsilon": 0.4, "gamma": 0.20249469097078285}, "datetime": {"datetime": "2021-09-27 21:47:44", "elapsed": 389.487769, "delta": 2.44066}}
{"target": -16.845778598400777, "params": {"C": 46.47565999604405, "epsilon": 0.1846913024452741, "gamma": 0.008753802743678792}, "datetime": {"datetime": "2021-09-27 21:47:48", "elapsed": 393.360003, "delta": 3.872234}}
{"target": -17.476539132962042, "params": {"C": 46.369421710945794, "epsilon": 0.3933693926962124, "gamma": 0.033226800343934215}, "datetime": {"datetime": "2021-09-27 21:47:51", "elapsed": 396.807992, "delta": 3.447989}}
{"target": -28.799615051427075, "params": {"C": 58.50442295691987, "epsilon": 0.09105116197533343, "gamma": 0.3268786725934326}, "datetime": {"datetime": "2021-09-27 21:47:53", "elapsed": 398.431993, "delta": 1.624001}}
{"target": -16.98043714644116, "params": {"C": 47.15514343476851, "epsilon": 0.10501918242549911, "gamma": 0.006064519863477578}, "datetime": {"datetime": "2021-09-27 21:47:56", "elapsed": 402.23793, "delta": 3.805937}}
{"target": -18.53686643320668, "params": {"C": 6.047491027422341, "epsilon": 0.10279047517672514, "gamma": 0.008326626556436133}, "datetime": {"datetime": "2021-09-27 21:47:59", "elapsed": 404.895361, "delta": 2.657431}}
{"target": -19.403266621460507, "params": {"C": 41.45424729698796, "epsilon": 0.001, "gamma": 0.002}, "datetime": {"datetime": "2021-09-27 21:48:02", "elapsed": 407.44119, "delta": 2.545829}}
{"target": -23.33799530660753, "params": {"C": 41.598738367993086, "epsilon": 0.3409895836849007, "gamma": 0.1602216722848386}, "datetime": {"datetime": "2021-09-27 21:48:05", "elapsed": 410.679252, "delta": 3.238062}}
{"target": -26.4754844223139, "params": {"C": 98.37857585540084, "epsilon": 0.24906690964703104, "gamma": 0.18824485015169212}, "datetime": {"datetime": "2021-09-27 21:48:07", "elapsed": 412.329899, "delta": 1.650647}}
{"target": -19.412771732544527, "params": {"C": 41.05626568597594, "epsilon": 0.001, "gamma": 0.002}, "datetime": {"datetime": "2021-09-27 21:48:09", "elapsed": 415.271166, "delta": 2.941267}}
{"target": -17.581082576222226, "params": {"C": 69.30740832791406, "epsilon": 0.17891159624088723, "gamma": 0.01935563541502988}, "datetime": {"datetime": "2021-09-27 21:48:11", "elapsed": 416.743944, "delta": 1.472778}}
{"target": -17.41683279790514, "params": {"C": 69.02657580572311, "epsilon": 0.34375507988973186, "gamma": 0.017083969668195614}, "datetime": {"datetime": "2021-09-27 21:48:14", "elapsed": 419.332424, "delta": 2.58848}}
{"target": -18.907701234753453, "params": {"C": 69.02093278541585, "epsilon": 0.04417470194437977, "gamma": 0.002}, "datetime": {"datetime": "2021-09-27 21:48:16", "elapsed": 421.870372, "delta": 2.537948}}
{"target": -16.76347500004768, "params": {"C": 38.65456458857697, "epsilon": 0.09793073554128748, "gamma": 0.01199596405045008}, "datetime": {"datetime": "2021-09-27 21:48:18", "elapsed": 423.444374, "delta": 1.574002}}
{"target": -26.02032954841567, "params": {"C": 68.74389047009923, "epsilon": 0.2953832934577476, "gamma": 0.19320397511400877}, "datetime": {"datetime": "2021-09-27 21:48:22", "elapsed": 427.525906, "delta": 4.081532}}
{"target": -28.846131422083655, "params": {"C": 41.190511814069026, "epsilon": 0.001, "gamma": 0.3707744678980376}, "datetime": {"datetime": "2021-09-27 21:48:25", "elapsed": 430.709369, "delta": 3.183463}}
{"target": -17.019058019963733, "params": {"C": 40.68765647279273, "epsilon": 0.27190774845427695, "gamma": 0.020993461081152513}, "datetime": {"datetime": "2021-09-27 21:48:28", "elapsed": 433.703128, "delta": 2.993759}}
{"target": -17.107085714393456, "params": {"C": 40.379293550569656, "epsilon": 0.15333911233752706, "gamma": 0.005738320545405085}, "datetime": {"datetime": "2021-09-27 21:48:31", "elapsed": 437.314474, "delta": 3.611346}}
{"target": -26.330384971193155, "params": {"C": 40.545968446054516, "epsilon": 0.0626588681017262, "gamma": 0.24615374487929512}, "datetime": {"datetime": "2021-09-27 21:48:34", "elapsed": 440.280725, "delta": 2.966251}}
{"target": -16.964938919082947, "params": {"C": 40.253881096430646, "epsilon": 0.386594407283902, "gamma": 0.027487661012216336}, "datetime": {"datetime": "2021-09-27 21:48:38", "elapsed": 443.532471, "delta": 3.251746}}
{"target": -19.423813231495263, "params": {"C": 40.49474357348533, "epsilon": 0.4, "gamma": 0.002}, "datetime": {"datetime": "2021-09-27 21:48:40", "elapsed": 446.085954, "delta": 2.553483}}
{"target": -16.950589511831108, "params": {"C": 40.90756878170694, "epsilon": 0.3848783464594211, "gamma": 0.024817024370363996}, "datetime": {"datetime": "2021-09-27 21:48:44", "elapsed": 450.287493, "delta": 4.201539}}
{"target": -17.27602481130069, "params": {"C": 40.01901947975192, "epsilon": 0.06070729891955489, "gamma": 0.020363355511644178}, "datetime": {"datetime": "2021-09-27 21:48:48", "elapsed": 453.665904, "delta": 3.378411}}
{"target": -16.99109381748799, "params": {"C": 7.665919110952377, "epsilon": 0.16103345087137352, "gamma": 0.022654392669420653}, "datetime": {"datetime": "2021-09-27 21:48:49", "elapsed": 455.253668, "delta": 1.587764}}
{"target": -18.686767059195052, "params": {"C": 62.16178779213601, "epsilon": 0.4, "gamma": 0.002}, "datetime": {"datetime": "2021-09-27 21:48:52", "elapsed": 458.245638, "delta": 2.99197}}
{"target": -22.010106310973033, "params": {"C": 62.007461059317805, "epsilon": 0.08441463916956625, "gamma": 0.12254858435149826}, "datetime": {"datetime": "2021-09-27 21:48:55", "elapsed": 460.68931, "delta": 2.443672}}
{"target": -17.357370438378428, "params": {"C": 62.56794406258167, "epsilon": 0.30937377605124544, "gamma": 0.01800589073661931}, "datetime": {"datetime": "2021-09-27 21:48:58", "elapsed": 463.663938, "delta": 2.974628}}
{"target": -29.639279570218317, "params": {"C": 62.54251378107702, "epsilon": 0.2774265280403245, "gamma": 0.3409772402672563}, "datetime": {"datetime": "2021-09-27 21:49:01", "elapsed": 466.36118, "delta": 2.697242}}
{"target": -17.139043859421097, "params": {"C": 62.80993041421968, "epsilon": 0.37272851135994584, "gamma": 0.010850043228842168}, "datetime": {"datetime": "2021-09-27 21:49:03", "elapsed": 468.554185, "delta": 2.193005}}
{"target": -17.46622560620982, "params": {"C": 63.09579344907434, "epsilon": 0.14456012924547476, "gamma": 0.0037232860078566885}, "datetime": {"datetime": "2021-09-27 21:49:06", "elapsed": 472.201797, "delta": 3.647612}}
{"target": -17.428797314306436, "params": {"C": 62.72656805863716, "epsilon": 0.057532213404868325, "gamma": 0.003670082123290612}, "datetime": {"datetime": "2021-09-27 21:49:09", "elapsed": 475.234994, "delta": 3.033197}}
{"target": -17.623659263650094, "params": {"C": 63.13830040389138, "epsilon": 0.39805820400371245, "gamma": 0.045750612343223446}, "datetime": {"datetime": "2021-09-27 21:49:12", "elapsed": 478.238424, "delta": 3.00343}}
{"target": -30.643769030307368, "params": {"C": 66.74047291428971, "epsilon": 0.23853879116058377, "gamma": 0.4209163247377943}, "datetime": {"datetime": "2021-09-27 21:49:14", "elapsed": 479.898797, "delta": 1.660373}}
{"target": -17.803347470612596, "params": {"C": 96.39143343693884, "epsilon": 0.3243544955870105, "gamma": 0.015283316498889749}, "datetime": {"datetime": "2021-09-27 21:49:16", "elapsed": 481.666798, "delta": 1.768001}}
{"target": -27.14970432546164, "params": {"C": 63.02665184589731, "epsilon": 0.25143558486731127, "gamma": 0.24070187258734205}, "datetime": {"datetime": "2021-09-27 21:49:18", "elapsed": 484.295731, "delta": 2.628933}}
{"target": -17.17334470537186, "params": {"C": 69.4429070877495, "epsilon": 0.3867103488342375, "gamma": 0.01042709892744648}, "datetime": {"datetime": "2021-09-27 21:49:22", "elapsed": 487.512933, "delta": 3.217202}}
{"target": -27.480378650829486, "params": {"C": 69.22063685501351, "epsilon": 0.39689259459706905, "gamma": 0.23665461571130678}, "datetime": {"datetime": "2021-09-27 21:49:25", "elapsed": 491.073621, "delta": 3.560688}}
{"target": -18.80170249118816, "params": {"C": 69.21407317925703, "epsilon": 0.2513424446251198, "gamma": 0.0686979405500383}, "datetime": {"datetime": "2021-09-27 21:49:27", "elapsed": 492.677619, "delta": 1.603998}}
{"target": -27.193682252621453, "params": {"C": 57.134932774429245, "epsilon": 0.04547053949619184, "gamma": 0.26520966756072806}, "datetime": {"datetime": "2021-09-27 21:49:28", "elapsed": 494.233281, "delta": 1.555662}}
{"target": -34.11905947759612, "params": {"C": 2.176367676806694, "epsilon": 0.30291085420801883, "gamma": 0.4367750357381935}, "datetime": {"datetime": "2021-09-27 21:49:30", "elapsed": 496.038045, "delta": 1.804764}}
{"target": -20.593640597138773, "params": {"C": 58.15870611451884, "epsilon": 0.3275123754571812, "gamma": 0.09450443606663375}, "datetime": {"datetime": "2021-09-27 21:49:32", "elapsed": 497.638049, "delta": 1.600004}}
{"target": -26.99560425503975, "params": {"C": 59.07349309893811, "epsilon": 0.3512632684418231, "gamma": 0.23019392462324864}, "datetime": {"datetime": "2021-09-27 21:49:34", "elapsed": 499.346746, "delta": 1.708697}}
{"target": -24.427782519163618, "params": {"C": 99.75626299767906, "epsilon": 0.2238593425455198, "gamma": 0.13829851985024147}, "datetime": {"datetime": "2021-09-27 21:49:35", "elapsed": 501.035214, "delta": 1.688468}}
{"target": -17.432264225010492, "params": {"C": 61.60240777592591, "epsilon": 0.39906241923620533, "gamma": 0.024508415212277576}, "datetime": {"datetime": "2021-09-27 21:49:39", "elapsed": 504.331104, "delta": 3.29589}}
{"target": -30.065127536076393, "params": {"C": 61.54336370579077, "epsilon": 0.34967828660177835, "gamma": 0.3693466086804886}, "datetime": {"datetime": "2021-09-27 21:49:41", "elapsed": 506.739217, "delta": 2.408113}}
{"target": -22.474429406632936, "params": {"C": 21.60162370939288, "epsilon": 0.24504058032399012, "gamma": 0.15642755284466464}, "datetime": {"datetime": "2021-09-27 21:49:43", "elapsed": 508.474404, "delta": 1.735187}}
{"target": -30.083398771017052, "params": {"C": 23.555175845911926, "epsilon": 0.06866849317637758, "gamma": 0.4839091985289055}, "datetime": {"datetime": "2021-09-27 21:49:45", "elapsed": 510.708145, "delta": 2.233741}}
{"target": -16.54803507391362, "params": {"C": 18.93179847435119, "epsilon": 0.16328676196847425, "gamma": 0.012832842052586736}, "datetime": {"datetime": "2021-09-27 21:49:48", "elapsed": 513.374181, "delta": 2.666036}}
{"target": -19.85454240548098, "params": {"C": 21.46808519134742, "epsilon": 0.24538046978056324, "gamma": 0.10225175103569542}, "datetime": {"datetime": "2021-09-27 21:49:49", "elapsed": 515.237742, "delta": 1.863561}}
{"target": -26.169817638917092, "params": {"C": 18.8935297963582, "epsilon": 0.06424252905285403, "gamma": 0.29221191292849436}, "datetime": {"datetime": "2021-09-27 21:49:52", "elapsed": 517.737691, "delta": 2.499949}}
{"target": -20.37290063976711, "params": {"C": 19.067715270588366, "epsilon": 0.4, "gamma": 0.002}, "datetime": {"datetime": "2021-09-27 21:49:55", "elapsed": 520.451623, "delta": 2.713932}}
{"target": -16.823374624584268, "params": {"C": 19.27071991255248, "epsilon": 0.13404578696625719, "gamma": 0.010577507752151473}, "datetime": {"datetime": "2021-09-27 21:49:58", "elapsed": 523.589368, "delta": 3.137745}}
{"target": -21.594545031635253, "params": {"C": 52.838381630042164, "epsilon": 0.12778059315357349, "gamma": 0.1194412359794136}, "datetime": {"datetime": "2021-09-27 21:50:00", "elapsed": 525.479247, "delta": 1.889879}}
{"target": -16.493742111349682, "params": {"C": 19.53303373198378, "epsilon": 0.25981959940300337, "gamma": 0.014562597066489555}, "datetime": {"datetime": "2021-09-27 21:50:03", "elapsed": 529.194323, "delta": 3.715076}}
{"target": -16.759141511036642, "params": {"C": 19.580921424716472, "epsilon": 0.015781368430256723, "gamma": 0.009539075017982858}, "datetime": {"datetime": "2021-09-27 21:50:08", "elapsed": 533.661256, "delta": 4.466933}}
{"target": -25.82487536226411, "params": {"C": 19.440812388161298, "epsilon": 0.16061214870914764, "gamma": 0.2721665363852661}, "datetime": {"datetime": "2021-09-27 21:50:11", "elapsed": 536.422423, "delta": 2.761167}}
{"target": -16.929667612274827, "params": {"C": 19.83069407019406, "epsilon": 0.38719280265796147, "gamma": 0.024025726366953576}, "datetime": {"datetime": "2021-09-27 21:50:14", "elapsed": 540.044043, "delta": 3.62162}}
{"target": -17.0093748005746, "params": {"C": 19.91866083164383, "epsilon": 0.15410729024987352, "gamma": 0.008282721734992525}, "datetime": {"datetime": "2021-09-27 21:50:19", "elapsed": 544.377717, "delta": 4.333674}}
{"target": -21.432046935267415, "params": {"C": 99.3429396618647, "epsilon": 0.26933856452209576, "gamma": 0.09863883786383433}, "datetime": {"datetime": "2021-09-27 21:50:20", "elapsed": 546.211989, "delta": 1.834272}}
{"target": -16.710790512541877, "params": {"C": 18.63316707562595, "epsilon": 0.3498803750038427, "gamma": 0.03595579694440123}, "datetime": {"datetime": "2021-09-27 21:50:25", "elapsed": 551.298074, "delta": 5.086085}}
{"target": -20.44753924609045, "params": {"C": 18.553675825670197, "epsilon": 0.08225781373285919, "gamma": 0.002}, "datetime": {"datetime": "2021-09-27 21:50:28", "elapsed": 553.814999, "delta": 2.516925}}
{"target": -19.523118038228183, "params": {"C": 18.332232846432078, "epsilon": 0.3322418519016054, "gamma": 0.09787002572596269}, "datetime": {"datetime": "2021-09-27 21:50:31", "elapsed": 556.825137, "delta": 3.010138}}
{"target": -29.73223164816768, "params": {"C": 18.434351968996207, "epsilon": 0.3989315921064738, "gamma": 0.4656829225568255}, "datetime": {"datetime": "2021-09-27 21:50:35", "elapsed": 561.18527, "delta": 4.360133}}
{"target": -17.86925579915746, "params": {"C": 53.34524545914873, "epsilon": 0.16799908974371522, "gamma": 0.034017815333703766}, "datetime": {"datetime": "2021-09-27 21:50:38", "elapsed": 563.931268, "delta": 2.745998}}
{"target": -28.503827940873457, "params": {"C": 53.36379634088181, "epsilon": 0.015843495297127957, "gamma": 0.32992237410297404}, "datetime": {"datetime": "2021-09-27 21:50:41", "elapsed": 567.269103, "delta": 3.337835}}
{"target": -17.21611703168973, "params": {"C": 53.47937369529618, "epsilon": 0.3881610212100449, "gamma": 0.01945996349580656}, "datetime": {"datetime": "2021-09-27 21:50:45", "elapsed": 570.704763, "delta": 3.43566}}
{"target": -18.958071742929615, "params": {"C": 53.18736734810342, "epsilon": 0.4, "gamma": 0.002}, "datetime": {"datetime": "2021-09-27 21:50:48", "elapsed": 573.912358, "delta": 3.207595}}
{"target": -17.24068922805375, "params": {"C": 53.800739682559495, "epsilon": 0.28041879672979114, "gamma": 0.01802935457436456}, "datetime": {"datetime": "2021-09-27 21:50:51", "elapsed": 577.227984, "delta": 3.315626}}
{"target": -17.614028212306668, "params": {"C": 15.936129340452096, "epsilon": 0.31754800948972733, "gamma": 0.05697417598922767}, "datetime": {"datetime": "2021-09-27 21:50:53", "elapsed": 578.863907, "delta": 1.635923}}
{"target": -19.987013402312847, "params": {"C": 54.099509929048835, "epsilon": 0.3777235407453498, "gamma": 0.08548181299707851}, "datetime": {"datetime": "2021-09-27 21:50:56", "elapsed": 582.22024, "delta": 3.356333}}
{"target": -20.569378763348755, "params": {"C": 16.2297926299339, "epsilon": 0.4, "gamma": 0.002}, "datetime": {"datetime": "2021-09-27 21:51:00", "elapsed": 585.959623, "delta": 3.739383}}
{"target": -27.910875538930664, "params": {"C": 6.224826598052244, "epsilon": 0.08066045161012128, "gamma": 0.304705168006593}, "datetime": {"datetime": "2021-09-27 21:51:02", "elapsed": 588.014923, "delta": 2.0553}}
{"target": -23.266527742891448, "params": {"C": 54.010294634179076, "epsilon": 0.01429162744580188, "gamma": 0.15158283965887373}, "datetime": {"datetime": "2021-09-27 21:51:06", "elapsed": 591.591131, "delta": 3.576208}}
{"target": -30.021514829570705, "params": {"C": 53.72511281480913, "epsilon": 0.3864928798674524, "gamma": 0.3663395140998168}, "datetime": {"datetime": "2021-09-27 21:51:11", "elapsed": 596.424741, "delta": 4.83361}}
{"target": -18.066917210053862, "params": {"C": 44.9372690536922, "epsilon": 0.03014636866053598, "gamma": 0.0034874019363431968}, "datetime": {"datetime": "2021-09-27 21:51:15", "elapsed": 600.751305, "delta": 4.326564}}
{"target": -17.025978794583764, "params": {"C": 44.976705174363715, "epsilon": 0.3616178227840432, "gamma": 0.02266888106444423}, "datetime": {"datetime": "2021-09-27 21:51:19", "elapsed": 605.105315, "delta": 4.35401}}
{"target": -16.88457204120445, "params": {"C": 44.69561388274303, "epsilon": 0.24373631059269152, "gamma": 0.007344909886693262}, "datetime": {"datetime": "2021-09-27 21:51:24", "elapsed": 609.575358, "delta": 4.470043}}
{"target": -26.331466449394515, "params": {"C": 44.85518581775546, "epsilon": 0.2002198584402653, "gamma": 0.23294299697064547}, "datetime": {"datetime": "2021-09-27 21:51:27", "elapsed": 612.606177, "delta": 3.030819}}
{"target": -20.433003932447754, "params": {"C": 91.54502546137759, "epsilon": 0.13518759166091457, "gamma": 0.0825692506283704}, "datetime": {"datetime": "2021-09-27 21:51:29", "elapsed": 614.667071, "delta": 2.060894}}
{"target": -23.212840158554886, "params": {"C": 58.74158947194463, "epsilon": 0.03778913841121527, "gamma": 0.14683361112497584}, "datetime": {"datetime": "2021-09-27 21:51:31", "elapsed": 616.491068, "delta": 1.823997}}
{"target": -17.20291989502191, "params": {"C": 61.81582950991792, "epsilon": 0.37128140814973454, "gamma": 0.01207186171450446}, "datetime": {"datetime": "2021-09-27 21:51:35", "elapsed": 620.324443, "delta": 3.833375}}
{"target": -22.117966924852507, "params": {"C": 34.90483159311257, "epsilon": 0.37122627125324115, "gamma": 0.13909780788105536}, "datetime": {"datetime": "2021-09-27 21:51:39", "elapsed": 624.380537, "delta": 4.056094}}
{"target": -29.570741929485294, "params": {"C": 28.00904319324653, "epsilon": 0.3912462121646663, "gamma": 0.40851644851537766}, "datetime": {"datetime": "2021-09-27 21:51:42", "elapsed": 627.591898, "delta": 3.211361}}
