{"target": -17.194653442560206, "params": {"C": 19.798098687453102, "epsilon": 0.17268072374256813, "gamma": 0.02483148917640711}, "datetime": {"datetime": "2021-09-27 21:13:25", "elapsed": 20.857276, "delta": 0.413201}}
{"target": -21.978234043399205, "params": {"C": 11.271848313253875, "epsilon": 0.05592274797604585, "gamma": 0.002}, "datetime": {"datetime": "2021-09-27 21:13:26", "elapsed": 21.355279, "delta": 0.498003}}
{"target": -18.49857197081112, "params": {"C": 19.743577683909173, "epsilon": 0.31007424021111657, "gamma": 0.09339908526717139}, "datetime": {"datetime": "2021-09-27 21:13:26", "elapsed": 21.706273, "delta": 0.350994}}
{"target": -17.794010780214258, "params": {"C": 19.673859563904173, "epsilon": 0.3686817299483628, "gamma": 0.07577590546971913}, "datetime": {"datetime": "2021-09-27 21:13:26", "elapsed": 22.073279, "delta": 0.367006}}
{"target": -19.193932563489778, "params": {"C": 46.37544711239421, "epsilon": 0.7754283424883044, "gamma": 0.08052808105964472}, "datetime": {"datetime": "2021-09-27 21:13:27", "elapsed": 22.458277, "delta": 0.384998}}
{"target": -17.0500842551982, "params": {"C": 11.271720398242367, "epsilon": 0.1474899899311232, "gamma": 0.03811861686718499}, "datetime": {"datetime": "2021-09-27 21:13:27", "elapsed": 22.990277, "delta": 0.532}}
{"target": -20.781638624934214, "params": {"C": 14.312293915013026, "epsilon": 0.7509162102965019, "gamma": 0.0033070300427043165}, "datetime": {"datetime": "2021-09-27 21:13:28", "elapsed": 23.334282, "delta": 0.344005}}
{"target": -17.239460260483835, "params": {"C": 19.809692305673416, "epsilon": 0.12173452913851103, "gamma": 0.01809179967798006}, "datetime": {"datetime": "2021-09-27 21:13:28", "elapsed": 24.094863, "delta": 0.760581}}
{"target": -17.715002075071265, "params": {"C": 18.500601505244322, "epsilon": 0.1674497716486709, "gamma": 0.07522285902868292}, "datetime": {"datetime": "2021-09-27 21:13:29", "elapsed": 24.531863, "delta": 0.437}}
{"target": -19.28163614639122, "params": {"C": 82.71588353814604, "epsilon": 0.09600151960961047, "gamma": 0.07904662217451465}, "datetime": {"datetime": "2021-09-27 21:13:29", "elapsed": 25.051864, "delta": 0.520001}}
{"target": -19.219238765317574, "params": {"C": 19.745009887453875, "epsilon": 0.32051002897630354, "gamma": 0.005658659102324184}, "datetime": {"datetime": "2021-09-27 21:13:30", "elapsed": 25.515861, "delta": 0.463997}}
{"target": -21.628696910314922, "params": {"C": 51.627412297132594, "epsilon": 0.5686340345617167, "gamma": 0.1307592568608987}, "datetime": {"datetime": "2021-09-27 21:13:30", "elapsed": 25.919862, "delta": 0.404001}}
{"target": -18.32047839646341, "params": {"C": 19.787927186967362, "epsilon": 0.17648120132161238, "gamma": 0.09216420259303215}, "datetime": {"datetime": "2021-09-27 21:13:31", "elapsed": 26.592863, "delta": 0.673001}}
{"target": -19.42100055550718, "params": {"C": 83.27844492047777, "epsilon": 0.6722800144657518, "gamma": 0.07617347752332321}, "datetime": {"datetime": "2021-09-27 21:13:31", "elapsed": 27.085747, "delta": 0.492884}}
{"target": -17.879706745975373, "params": {"C": 19.691183776214853, "epsilon": 0.14471663505854632, "gamma": 0.0790110029224896}, "datetime": {"datetime": "2021-09-27 21:13:32", "elapsed": 27.676754, "delta": 0.591007}}
{"target": -21.278905296142288, "params": {"C": 79.46958282625279, "epsilon": 0.11280841129780368, "gamma": 0.11133210090203591}, "datetime": {"datetime": "2021-09-27 21:13:33", "elapsed": 28.19275, "delta": 0.515996}}
{"target": -17.78753367866214, "params": {"C": 30.93237376122351, "epsilon": 0.17455851333676062, "gamma": 0.0585744907292078}, "datetime": {"datetime": "2021-09-27 21:13:33", "elapsed": 28.94231, "delta": 0.74956}}
{"target": -17.818823422251846, "params": {"C": 39.61106249118704, "epsilon": 0.0283287369426, "gamma": 0.023369345036017765}, "datetime": {"datetime": "2021-09-27 21:13:34", "elapsed": 29.414945, "delta": 0.472635}}
{"target": -21.583234496790986, "params": {"C": 3.516496369731814, "epsilon": 0.02898683819964379, "gamma": 0.00611584059886154}, "datetime": {"datetime": "2021-09-27 21:13:34", "elapsed": 29.779943, "delta": 0.364998}}
{"target": -17.911469881849204, "params": {"C": 19.43044206371263, "epsilon": 0.17323673756705804, "gamma": 0.08138304125591918}, "datetime": {"datetime": "2021-09-27 21:13:35", "elapsed": 30.32995, "delta": 0.550007}}
{"target": -17.195496956528054, "params": {"C": 19.470395840344256, "epsilon": 0.1286576649471291, "gamma": 0.023381640925082665}, "datetime": {"datetime": "2021-09-27 21:13:35", "elapsed": 30.827951, "delta": 0.498001}}
{"target": -17.808404453081284, "params": {"C": 19.418433085008306, "epsilon": 0.08409171138713768, "gamma": 0.07385876284446063}, "datetime": {"datetime": "2021-09-27 21:13:36", "elapsed": 31.697954, "delta": 0.870003}}
{"target": -18.225465256913147, "params": {"C": 11.27116840570399, "epsilon": 0.15044880662274568, "gamma": 0.08449675739297924}, "datetime": {"datetime": "2021-09-27 21:13:37", "elapsed": 32.387951, "delta": 0.689997}}
{"target": -17.09495691557995, "params": {"C": 19.71013183168717, "epsilon": 0.10265886871889013, "gamma": 0.03146784145925107}, "datetime": {"datetime": "2021-09-27 21:13:37", "elapsed": 32.999343, "delta": 0.611392}}
{"target": -18.17998422130001, "params": {"C": 19.62929379019214, "epsilon": 0.27964590373203263, "gamma": 0.08692048919348874}, "datetime": {"datetime": "2021-09-27 21:13:38", "elapsed": 33.809339, "delta": 0.809996}}
{"target": -21.340830639493245, "params": {"C": 19.485655295821864, "epsilon": 0.17021213872430255, "gamma": 0.0020662602321282393}, "datetime": {"datetime": "2021-09-27 21:13:39", "elapsed": 34.608364, "delta": 0.799025}}
{"target": -18.3711763189131, "params": {"C": 64.27140110366281, "epsilon": 0.07940211691208905, "gamma": 0.021802952149443937}, "datetime": {"datetime": "2021-09-27 21:13:40", "elapsed": 35.153224, "delta": 0.54486}}
{"target": -21.411662587864555, "params": {"C": 19.721569108930154, "epsilon": 0.15951944607002996, "gamma": 0.002}, "datetime": {"datetime": "2021-09-27 21:13:40", "elapsed": 35.714221, "delta": 0.560997}}
{"target": -17.45240557138085, "params": {"C": 19.749185763872646, "epsilon": 0.22241903385782338, "gamma": 0.06164120079269489}, "datetime": {"datetime": "2021-09-27 21:13:41", "elapsed": 36.19822, "delta": 0.483999}}
{"target": -17.552490065229982, "params": {"C": 40.45850877430111, "epsilon": 0.5248260163208108, "gamma": 0.0412174067790369}, "datetime": {"datetime": "2021-09-27 21:13:41", "elapsed": 36.693223, "delta": 0.495003}}
{"target": -17.407887276112604, "params": {"C": 19.65951321861591, "epsilon": 0.21826191733027195, "gamma": 0.01708596456186466}, "datetime": {"datetime": "2021-09-27 21:13:42", "elapsed": 37.147496, "delta": 0.454273}}
{"target": -17.554255144749302, "params": {"C": 19.614642822622866, "epsilon": 0.201276209493632, "gamma": 0.0670553321391966}, "datetime": {"datetime": "2021-09-27 21:13:42", "elapsed": 37.650497, "delta": 0.503001}}
{"target": -19.905622092723398, "params": {"C": 83.93336382427258, "epsilon": 0.2592047308019996, "gamma": 0.08635153613370386}, "datetime": {"datetime": "2021-09-27 21:13:42", "elapsed": 38.083487, "delta": 0.43299}}
{"target": -17.421757574624944, "params": {"C": 30.20037502219117, "epsilon": 0.006903682623785655, "gamma": 0.023494209918686178}, "datetime": {"datetime": "2021-09-27 21:13:43", "elapsed": 38.533488, "delta": 0.450001}}
{"target": -20.39570971792263, "params": {"C": 90.13070797429442, "epsilon": 0.6519378257708432, "gamma": 0.09433669122379566}, "datetime": {"datetime": "2021-09-27 21:13:43", "elapsed": 38.947091, "delta": 0.413603}}
{"target": -17.927286689802795, "params": {"C": 9.544279627865157, "epsilon": 0.43768072785214973, "gamma": 0.01981987956295502}, "datetime": {"datetime": "2021-09-27 21:13:44", "elapsed": 39.457785, "delta": 0.510694}}
{"target": -17.59486915366651, "params": {"C": 19.754767442827063, "epsilon": 0.13144933442194034, "gamma": 0.0651336343102448}, "datetime": {"datetime": "2021-09-27 21:13:44", "elapsed": 40.012782, "delta": 0.554997}}
{"target": -17.41072987130081, "params": {"C": 19.428854181711976, "epsilon": 0.3350073443170881, "gamma": 0.057074376687499484}, "datetime": {"datetime": "2021-09-27 21:13:45", "elapsed": 40.589783, "delta": 0.577001}}
{"target": -18.018125811857814, "params": {"C": 69.15851555841066, "epsilon": 0.4649202489119666, "gamma": 0.058126472840077686}, "datetime": {"datetime": "2021-09-27 21:13:45", "elapsed": 41.104401, "delta": 0.514618}}
{"target": -18.617040870998537, "params": {"C": 19.735097532622476, "epsilon": 0.37055915921506566, "gamma": 0.0957372906130459}, "datetime": {"datetime": "2021-09-27 21:13:46", "elapsed": 41.813393, "delta": 0.708992}}
{"target": -18.767521695716884, "params": {"C": 19.47328170537157, "epsilon": 0.10228654022380165, "gamma": 0.007187507806288172}, "datetime": {"datetime": "2021-09-27 21:13:47", "elapsed": 42.834396, "delta": 1.021003}}
{"target": -17.095845409330906, "params": {"C": 19.702373121648755, "epsilon": 0.3639750160554281, "gamma": 0.04675061961802175}, "datetime": {"datetime": "2021-09-27 21:13:48", "elapsed": 43.529211, "delta": 0.694815}}
{"target": -19.92553138699711, "params": {"C": 64.8883436890621, "epsilon": 0.16374305953353055, "gamma": 0.09287677633841904}, "datetime": {"datetime": "2021-09-27 21:13:49", "elapsed": 44.129748, "delta": 0.600537}}
{"target": -17.389719477582805, "params": {"C": 11.269030583712189, "epsilon": 0.11449346334952486, "gamma": 0.059389082889919315}, "datetime": {"datetime": "2021-09-27 21:13:49", "elapsed": 44.661738, "delta": 0.53199}}
{"target": -17.215862595167692, "params": {"C": 18.437036006707775, "epsilon": 0.1566026050760343, "gamma": 0.02108614599734516}, "datetime": {"datetime": "2021-09-27 21:13:50", "elapsed": 45.335238, "delta": 0.6735}}
{"target": -18.600910218065092, "params": {"C": 90.51621249420397, "epsilon": 0.04305846409508676, "gamma": 0.020475528273691937}, "datetime": {"datetime": "2021-09-27 21:13:50", "elapsed": 45.976215, "delta": 0.640977}}
{"target": -16.9967618161359, "params": {"C": 18.439136185450586, "epsilon": 0.2113715122426111, "gamma": 0.044551400616404814}, "datetime": {"datetime": "2021-09-27 21:13:51", "elapsed": 46.632212, "delta": 0.655997}}
{"target": -17.506642085173596, "params": {"C": 19.713213722050998, "epsilon": 0.24942588084835052, "gamma": 0.06488316430202747}, "datetime": {"datetime": "2021-09-27 21:13:52", "elapsed": 47.196974, "delta": 0.564762}}
{"target": -17.638665376644635, "params": {"C": 18.423903932640528, "epsilon": 0.1430955573366649, "gamma": 0.06961560529748702}, "datetime": {"datetime": "2021-09-27 21:13:53", "elapsed": 48.189973, "delta": 0.992999}}
{"target": -17.936930129613653, "params": {"C": 19.496109732533316, "epsilon": 0.10802262724735118, "gamma": 0.07991782806016606}, "datetime": {"datetime": "2021-09-27 21:13:53", "elapsed": 48.902523, "delta": 0.71255}}
{"target": -17.934135161077712, "params": {"C": 57.131056273796354, "epsilon": 0.24065716191725292, "gamma": 0.06298107438180274}, "datetime": {"datetime": "2021-09-27 21:13:54", "elapsed": 49.684685, "delta": 0.782162}}
{"target": -17.119202930563663, "params": {"C": 18.396087579159193, "epsilon": 0.16669495333112586, "gamma": 0.028863237736723835}, "datetime": {"datetime": "2021-09-27 21:13:56", "elapsed": 51.184166, "delta": 1.499481}}
{"target": -18.230134886200165, "params": {"C": 19.70889486868452, "epsilon": 0.37810853890788537, "gamma": 0.01198180155343756}, "datetime": {"datetime": "2021-09-27 21:13:57", "elapsed": 52.153168, "delta": 0.969002}}
{"target": -18.241913293686192, "params": {"C": 18.403085690831194, "epsilon": 0.22265574596910004, "gamma": 0.0914325264648224}, "datetime": {"datetime": "2021-09-27 21:13:57", "elapsed": 52.873173, "delta": 0.720005}}
{"target": -21.53120100611787, "params": {"C": 18.41833273505398, "epsilon": 0.2043829340684928, "gamma": 0.002}, "datetime": {"datetime": "2021-09-27 21:13:58", "elapsed": 53.788939, "delta": 0.915766}}
{"target": -18.02338582451633, "params": {"C": 18.494548211241394, "epsilon": 0.21713081051012212, "gamma": 0.0857049893084848}, "datetime": {"datetime": "2021-09-27 21:13:59", "elapsed": 54.675624, "delta": 0.886685}}
{"target": -17.729442546670665, "params": {"C": 19.448111969618335, "epsilon": 0.11395919473733625, "gamma": 0.071790013138292}, "datetime": {"datetime": "2021-09-27 21:14:00", "elapsed": 55.795619, "delta": 1.119995}}
{"target": -18.674275031411323, "params": {"C": 5.007184600202436, "epsilon": 0.42624041254159645, "gamma": 0.0625843312953801}, "datetime": {"datetime": "2021-09-27 21:14:01", "elapsed": 56.41562, "delta": 0.620001}}
{"target": -17.380817054165693, "params": {"C": 19.447125410896817, "epsilon": 0.28184637652901345, "gamma": 0.020862742311161628}, "datetime": {"datetime": "2021-09-27 21:14:02", "elapsed": 57.223732, "delta": 0.808112}}
{"target": -17.651816518332794, "params": {"C": 18.389913789589713, "epsilon": 0.17711346852238358, "gamma": 0.07215177057568149}, "datetime": {"datetime": "2021-09-27 21:14:03", "elapsed": 58.111715, "delta": 0.887983}}
{"target": -21.47523407663096, "params": {"C": 78.09989949606836, "epsilon": 0.4436427601730911, "gamma": 0.11905321474672305}, "datetime": {"datetime": "2021-09-27 21:14:03", "elapsed": 59.024721, "delta": 0.913006}}
{"target": -18.122125007245998, "params": {"C": 19.468883548912903, "epsilon": 0.22970151626873372, "gamma": 0.08693635318041812}, "datetime": {"datetime": "2021-09-27 21:14:04", "elapsed": 59.95689, "delta": 0.932169}}
{"target": -18.159191002240732, "params": {"C": 19.832065193872488, "epsilon": 0.17230615318252376, "gamma": 0.010652309610078813}, "datetime": {"datetime": "2021-09-27 21:14:05", "elapsed": 60.646887, "delta": 0.689997}}
{"target": -22.139872830400847, "params": {"C": 3.0543062460873625, "epsilon": 0.4399785386828639, "gamma": 0.11886194609803108}, "datetime": {"datetime": "2021-09-27 21:14:06", "elapsed": 61.307769, "delta": 0.660882}}
{"target": -18.19338120825905, "params": {"C": 41.276185411652726, "epsilon": 0.5872916952811229, "gamma": 0.01641600191177804}, "datetime": {"datetime": "2021-09-27 21:14:06", "elapsed": 61.841767, "delta": 0.533998}}
{"target": -17.492497111372955, "params": {"C": 19.638444250363037, "epsilon": 0.2612095505774319, "gamma": 0.01728002961354068}, "datetime": {"datetime": "2021-09-27 21:14:07", "elapsed": 62.539767, "delta": 0.698}}
{"target": -17.213210453353295, "params": {"C": 19.668145488292147, "epsilon": 0.11542853011899147, "gamma": 0.02155501325045548}, "datetime": {"datetime": "2021-09-27 21:14:08", "elapsed": 63.307417, "delta": 0.76765}}
{"target": -18.384251790982546, "params": {"C": 67.31184686340117, "epsilon": 0.5359767077081745, "gamma": 0.0694834580834237}, "datetime": {"datetime": "2021-09-27 21:14:08", "elapsed": 63.978422, "delta": 0.671005}}
{"target": -18.537800587860286, "params": {"C": 41.53970457244417, "epsilon": 0.6779525522003617, "gamma": 0.07573586800988175}, "datetime": {"datetime": "2021-09-27 21:14:09", "elapsed": 64.67412, "delta": 0.695698}}
{"target": -17.053620546091924, "params": {"C": 18.361228757367737, "epsilon": 0.12500740330151702, "gamma": 0.03621553428399805}, "datetime": {"datetime": "2021-09-27 21:14:10", "elapsed": 65.774372, "delta": 1.100252}}
{"target": -17.674797568994745, "params": {"C": 19.535824953900434, "epsilon": 0.3337623224673582, "gamma": 0.07249306848430437}, "datetime": {"datetime": "2021-09-27 21:14:11", "elapsed": 66.385374, "delta": 0.611002}}
{"target": -18.0756812468908, "params": {"C": 18.454456979236838, "epsilon": 0.1975532021994108, "gamma": 0.08771416643712393}, "datetime": {"datetime": "2021-09-27 21:14:12", "elapsed": 67.245594, "delta": 0.86022}}
{"target": -17.009166909051736, "params": {"C": 19.39343241496657, "epsilon": 0.25839115369638177, "gamma": 0.041035852637684826}, "datetime": {"datetime": "2021-09-27 21:14:12", "elapsed": 68.090589, "delta": 0.844995}}
{"target": -17.659888759386458, "params": {"C": 18.325694207532926, "epsilon": 0.12305490441846033, "gamma": 0.06949103179007757}, "datetime": {"datetime": "2021-09-27 21:14:13", "elapsed": 69.013599, "delta": 0.92301}}
{"target": -17.95222320858943, "params": {"C": 30.21458819852275, "epsilon": 0.055094476444214356, "gamma": 0.06860182995671704}, "datetime": {"datetime": "2021-09-27 21:14:14", "elapsed": 70.010247, "delta": 0.996648}}
{"target": -18.005004081283236, "params": {"C": 18.356043017598296, "epsilon": 0.05946158284723041, "gamma": 0.011153123673611617}, "datetime": {"datetime": "2021-09-27 21:14:15", "elapsed": 70.78525, "delta": 0.775003}}
{"target": -18.03876303986189, "params": {"C": 6.1924853600669545, "epsilon": 0.6302009042905824, "gamma": 0.04867834550175608}, "datetime": {"datetime": "2021-09-27 21:14:16", "elapsed": 71.40658, "delta": 0.62133}}
{"target": -17.011290983713582, "params": {"C": 18.351035253030542, "epsilon": 0.1692696927513411, "gamma": 0.0435686091365001}, "datetime": {"datetime": "2021-09-27 21:14:16", "elapsed": 72.058616, "delta": 0.652036}}
{"target": -21.25258250342679, "params": {"C": 58.01373885681621, "epsilon": 0.6655574993865421, "gamma": 0.11918572467526375}, "datetime": {"datetime": "2021-09-27 21:14:17", "elapsed": 72.634577, "delta": 0.575961}}
{"target": -17.341913046352925, "params": {"C": 19.746749272059166, "epsilon": 0.046319593761947046, "gamma": 0.017279334564301106}, "datetime": {"datetime": "2021-09-27 21:14:18", "elapsed": 73.461, "delta": 0.826423}}
{"target": -18.984502891017982, "params": {"C": 93.97890369088391, "epsilon": 0.14132312694091018, "gamma": 0.03475616777664453}, "datetime": {"datetime": "2021-09-27 21:14:19", "elapsed": 74.139129, "delta": 0.678129}}
{"target": -17.76816480061962, "params": {"C": 46.375066747584846, "epsilon": 0.6568443756615922, "gamma": 0.04322285851266187}, "datetime": {"datetime": "2021-09-27 21:14:19", "elapsed": 74.742125, "delta": 0.602996}}
{"target": -17.12535968985866, "params": {"C": 19.695162553638166, "epsilon": 0.03424761243280664, "gamma": 0.028557816166280704}, "datetime": {"datetime": "2021-09-27 21:14:20", "elapsed": 75.509699, "delta": 0.767574}}
{"target": -17.991612243536398, "params": {"C": 19.720235076095104, "epsilon": 0.07491361161392399, "gamma": 0.08159969977606822}, "datetime": {"datetime": "2021-09-27 21:14:21", "elapsed": 76.464694, "delta": 0.954995}}
{"target": -18.188947092566487, "params": {"C": 18.412396745549724, "epsilon": 0.11540698155367989, "gamma": 0.010286033690670566}, "datetime": {"datetime": "2021-09-27 21:14:22", "elapsed": 77.804697, "delta": 1.340003}}
{"target": -17.2188207386086, "params": {"C": 18.495163772820554, "epsilon": 0.15536907547636158, "gamma": 0.020318547651353464}, "datetime": {"datetime": "2021-09-27 21:14:23", "elapsed": 78.946695, "delta": 1.141998}}
{"target": -17.79045020114785, "params": {"C": 18.4219444122035, "epsilon": 0.48360038466652355, "gamma": 0.07544660815026263}, "datetime": {"datetime": "2021-09-27 21:14:24", "elapsed": 79.818081, "delta": 0.871386}}
{"target": -17.136419298796127, "params": {"C": 19.396061611636142, "epsilon": 0.20104251977810356, "gamma": 0.050802727155169876}, "datetime": {"datetime": "2021-09-27 21:14:25", "elapsed": 80.612078, "delta": 0.793997}}
{"target": -18.32115677752971, "params": {"C": 30.905106093199972, "epsilon": 0.11307353000612942, "gamma": 0.08088239275798786}, "datetime": {"datetime": "2021-09-27 21:14:26", "elapsed": 81.507777, "delta": 0.895699}}
{"target": -17.660606592809717, "params": {"C": 18.48993522946831, "epsilon": 0.11225876668387577, "gamma": 0.0686057203876675}, "datetime": {"datetime": "2021-09-27 21:14:27", "elapsed": 82.387774, "delta": 0.879997}}
{"target": -18.127845548076532, "params": {"C": 19.82694570748422, "epsilon": 0.1801161595965916, "gamma": 0.01109472597376195}, "datetime": {"datetime": "2021-09-27 21:14:27", "elapsed": 83.001772, "delta": 0.613998}}
{"target": -17.06807543845325, "params": {"C": 19.3812770734028, "epsilon": 0.13024958174382975, "gamma": 0.043951489009323434}, "datetime": {"datetime": "2021-09-27 21:14:28", "elapsed": 83.928112, "delta": 0.92634}}
{"target": -17.917413030967026, "params": {"C": 19.359524595406672, "epsilon": 0.27088674609919944, "gamma": 0.08067740145823674}, "datetime": {"datetime": "2021-09-27 21:14:30", "elapsed": 85.215771, "delta": 1.287659}}
{"target": -18.309249550468486, "params": {"C": 70.17899953054088, "epsilon": 0.24565850226277064, "gamma": 0.02003489932974163}, "datetime": {"datetime": "2021-09-27 21:14:31", "elapsed": 86.193328, "delta": 0.977557}}
{"target": -18.126784380795076, "params": {"C": 50.420039930416046, "epsilon": 0.17428096033715873, "gamma": 0.037002050415107374}, "datetime": {"datetime": "2021-09-27 21:14:32", "elapsed": 87.227331, "delta": 1.034003}}
{"target": -18.98334110779522, "params": {"C": 18.31905943294137, "epsilon": 0.14137364061783406, "gamma": 0.006642676176383539}, "datetime": {"datetime": "2021-09-27 21:14:33", "elapsed": 88.381548, "delta": 1.154217}}
{"target": -19.383313366877545, "params": {"C": 26.406859326281058, "epsilon": 0.5535816914001487, "gamma": 0.1035082630801184}, "datetime": {"datetime": "2021-09-27 21:14:33", "elapsed": 89.052549, "delta": 0.671001}}
{"target": -18.45603137191104, "params": {"C": 24.196734814373972, "epsilon": 0.18754291776833656, "gamma": 0.09076638336688354}, "datetime": {"datetime": "2021-09-27 21:14:34", "elapsed": 89.908943, "delta": 0.856394}}
{"target": -17.095449832640337, "params": {"C": 19.339453727450827, "epsilon": 0.10585418847438575, "gamma": 0.04130728915639841}, "datetime": {"datetime": "2021-09-27 21:14:35", "elapsed": 90.831943, "delta": 0.923}}
{"target": -18.004072018671852, "params": {"C": 59.676560214475124, "epsilon": 0.6615503459485108, "gamma": 0.04800220070319148}, "datetime": {"datetime": "2021-09-27 21:14:36", "elapsed": 91.70164, "delta": 0.869697}}
