{"target": -18.848926911389118, "params": {"C": 6.30303661312289, "epsilon": 0.1847983854410476, "gamma": 0.01355241665763816}, "datetime": {"datetime": "2021-09-27 20:49:38", "elapsed": 1073.537066, "delta": 8.024672}}
{"target": -17.701363003335274, "params": {"C": 17.247539588248166, "epsilon": 0.272192862201002, "gamma": 0.07574895077424418}, "datetime": {"datetime": "2021-09-27 20:49:43", "elapsed": 1078.766708, "delta": 5.229642}}
{"target": -22.06102088070946, "params": {"C": 5.084887453482199, "epsilon": 0.7942723296576468, "gamma": 0.15542485125822497}, "datetime": {"datetime": "2021-09-27 20:49:45", "elapsed": 1080.914453, "delta": 2.147745}}
{"target": -33.46184805775591, "params": {"C": 82.56602854444476, "epsilon": 0.7673815263334575, "gamma": 0.8752988801135851}, "datetime": {"datetime": "2021-09-27 20:49:48", "elapsed": 1083.593536, "delta": 2.679083}}
{"target": -21.1517767781931, "params": {"C": 18.10035693304127, "epsilon": 0.269981837539596, "gamma": 0.15354700658742704}, "datetime": {"datetime": "2021-09-27 20:49:50", "elapsed": 1085.670024, "delta": 2.076488}}
{"target": -22.71336794507842, "params": {"C": 17.00077710101094, "epsilon": 0.4600799053843809, "gamma": 0.1998276589769724}, "datetime": {"datetime": "2021-09-27 20:49:56", "elapsed": 1092.123238, "delta": 6.453214}}
{"target": -17.68221846949628, "params": {"C": 17.109305873378997, "epsilon": 0.15579678622558046, "gamma": 0.01550753150724746}, "datetime": {"datetime": "2021-09-27 20:50:01", "elapsed": 1097.289062, "delta": 5.165824}}
{"target": -20.062297477129114, "params": {"C": 17.645732306002618, "epsilon": 0.39781856296789475, "gamma": 0.13101716675486416}, "datetime": {"datetime": "2021-09-27 20:50:08", "elapsed": 1103.436035, "delta": 6.146973}}
{"target": -17.927026492067906, "params": {"C": 17.337555992386125, "epsilon": 0.056995634567426165, "gamma": 0.07934587931892971}, "datetime": {"datetime": "2021-09-27 20:50:13", "elapsed": 1109.200533, "delta": 5.764498}}
{"target": -19.390745162968283, "params": {"C": 17.032824824605143, "epsilon": 0.08123976795460082, "gamma": 0.12048342553324679}, "datetime": {"datetime": "2021-09-27 20:50:19", "elapsed": 1114.383595, "delta": 5.183062}}
{"target": -23.818927551219303, "params": {"C": 8.34043127948223, "epsilon": 0.4006357499330552, "gamma": 0.001}, "datetime": {"datetime": "2021-09-27 20:50:24", "elapsed": 1119.393893, "delta": 5.010298}}
{"target": -29.911709314083634, "params": {"C": 46.34404335256529, "epsilon": 0.6670522458696345, "gamma": 0.5195146014874518}, "datetime": {"datetime": "2021-09-27 20:50:26", "elapsed": 1122.03554, "delta": 2.641647}}
{"target": -21.26494369903923, "params": {"C": 56.42170496448747, "epsilon": 0.8122768199548046, "gamma": 0.11846948390445587}, "datetime": {"datetime": "2021-09-27 20:50:31", "elapsed": 1126.866915, "delta": 4.831375}}
{"target": -28.112784601117944, "params": {"C": 17.567550772641443, "epsilon": 0.3992140065217429, "gamma": 0.5381307566888951}, "datetime": {"datetime": "2021-09-27 20:50:34", "elapsed": 1129.392267, "delta": 2.525352}}
{"target": -23.365995815056053, "params": {"C": 17.18439387835541, "epsilon": 0.1011987019634464, "gamma": 0.22280932570334094}, "datetime": {"datetime": "2021-09-27 20:50:40", "elapsed": 1135.490254, "delta": 6.097987}}
{"target": -19.46147681233315, "params": {"C": 17.188439820305668, "epsilon": 0.0032693809401789617, "gamma": 0.005821708253839084}, "datetime": {"datetime": "2021-09-27 20:50:44", "elapsed": 1140.222467, "delta": 4.732213}}
{"target": -17.081362537582386, "params": {"C": 16.95427951877235, "epsilon": 0.24552701148877404, "gamma": 0.04024812789832691}, "datetime": {"datetime": "2021-09-27 20:50:52", "elapsed": 1147.392624, "delta": 7.170157}}
{"target": -17.660017325108118, "params": {"C": 14.577132527421835, "epsilon": 0.6296765917095788, "gamma": 0.057573237721872186}, "datetime": {"datetime": "2021-09-27 20:50:54", "elapsed": 1149.675161, "delta": 2.282537}}
{"target": -30.620320006605954, "params": {"C": 7.5424545652407735, "epsilon": 0.6526232625902085, "gamma": 0.6663280530597208}, "datetime": {"datetime": "2021-09-27 20:50:57", "elapsed": 1152.590361, "delta": 2.9152}}
{"target": -18.160388243344222, "params": {"C": 14.67347852895184, "epsilon": 0.4293727133716856, "gamma": 0.01389464467782918}, "datetime": {"datetime": "2021-09-27 20:51:03", "elapsed": 1158.866508, "delta": 6.276147}}
{"target": -18.434016146021634, "params": {"C": 16.74852539671509, "epsilon": 0.2820477306976824, "gamma": 0.009589973449064298}, "datetime": {"datetime": "2021-09-27 20:51:09", "elapsed": 1165.069117, "delta": 6.202609}}
{"target": -23.52973932164732, "params": {"C": 16.846452341771005, "epsilon": 0.1914625350575408, "gamma": 0.2444983244855605}, "datetime": {"datetime": "2021-09-27 20:51:19", "elapsed": 1175.219909, "delta": 10.150792}}
{"target": -29.666918011809507, "params": {"C": 89.26423872447182, "epsilon": 0.5351626767592201, "gamma": 0.43156970952287893}, "datetime": {"datetime": "2021-09-27 20:51:22", "elapsed": 1177.387603, "delta": 2.167694}}
{"target": -20.029108876378153, "params": {"C": 14.888672520428212, "epsilon": 0.5816291606171248, "gamma": 0.004734656765231702}, "datetime": {"datetime": "2021-09-27 20:51:29", "elapsed": 1184.614811, "delta": 7.227208}}
{"target": -22.665321708869506, "params": {"C": 14.466837249453732, "epsilon": 0.4228854747643025, "gamma": 0.001}, "datetime": {"datetime": "2021-09-27 20:51:38", "elapsed": 1193.37018, "delta": 8.755369}}
{"target": -17.28786911947077, "params": {"C": 17.17577082531403, "epsilon": 0.4307389382116121, "gamma": 0.05397040687625309}, "datetime": {"datetime": "2021-09-27 20:51:44", "elapsed": 1199.843821, "delta": 6.473641}}
{"target": -21.332489601612128, "params": {"C": 56.263292719187284, "epsilon": 0.5065124848529784, "gamma": 0.12324732490911755}, "datetime": {"datetime": "2021-09-27 20:51:51", "elapsed": 1206.831356, "delta": 6.987535}}
{"target": -18.473620692598487, "params": {"C": 98.418546061305, "epsilon": 0.3290254061523309, "gamma": 0.011045243160138388}, "datetime": {"datetime": "2021-09-27 20:51:59", "elapsed": 1214.814068, "delta": 7.982712}}
{"target": -17.120704602950727, "params": {"C": 16.526711432053858, "epsilon": 0.14811875579446873, "gamma": 0.02498751616770853}, "datetime": {"datetime": "2021-09-27 20:52:05", "elapsed": 1221.120983, "delta": 6.306915}}
{"target": -21.13763036333686, "params": {"C": 42.28517846555483, "epsilon": 0.5762875623043823, "gamma": 0.0020157837247935942}, "datetime": {"datetime": "2021-09-27 21:13:04", "elapsed": 0.0, "delta": 0.0}}
{"target": -17.506280082469615, "params": {"C": 30.930924690552136, "epsilon": 0.11749003706460874, "gamma": 0.014742726078094097}, "datetime": {"datetime": "2021-09-27 21:13:04", "elapsed": 0.052001, "delta": 0.052001}}
{"target": -17.347654404145203, "params": {"C": 19.439760926389418, "epsilon": 0.2765140255617339, "gamma": 0.05675391144383246}, "datetime": {"datetime": "2021-09-27 21:13:04", "elapsed": 0.102996, "delta": 0.050995}}
{"target": -19.688170038367577, "params": {"C": 54.34285666633234, "epsilon": 0.33541369207119553, "gamma": 0.09656029105475282}, "datetime": {"datetime": "2021-09-27 21:13:05", "elapsed": 0.176004, "delta": 0.073008}}
{"target": -19.249539298432445, "params": {"C": 21.240772723420225, "epsilon": 0.7025061373691173, "gamma": 0.005779487861313811}, "datetime": {"datetime": "2021-09-27 21:13:05", "elapsed": 0.224998, "delta": 0.048994}}
{"target": -20.28301684552258, "params": {"C": 38.208197695669, "epsilon": 0.631923840167318, "gamma": 0.10887367248914968}, "datetime": {"datetime": "2021-09-27 21:13:05", "elapsed": 0.423997, "delta": 0.198999}}
{"target": -17.881237675794356, "params": {"C": 53.69749411142431, "epsilon": 0.6299284686414541, "gamma": 0.026136168919743213}, "datetime": {"datetime": "2021-09-27 21:13:05", "elapsed": 0.591, "delta": 0.167003}}
{"target": -20.751939192429212, "params": {"C": 59.98860006120256, "epsilon": 0.20889382414970464, "gamma": 0.10504859593035806}, "datetime": {"datetime": "2021-09-27 21:13:05", "elapsed": 0.837428, "delta": 0.246428}}
{"target": -20.664255498827874, "params": {"C": 23.523971932462278, "epsilon": 0.12455643891083513, "gamma": 0.1327278762486491}, "datetime": {"datetime": "2021-09-27 21:13:05", "elapsed": 1.076437, "delta": 0.239009}}
{"target": -18.18573415095071, "params": {"C": 72.8993491362408, "epsilon": 0.5829167498791685, "gamma": 0.028866948358353982}, "datetime": {"datetime": "2021-09-27 21:13:06", "elapsed": 1.209424, "delta": 0.132987}}
{"target": -18.10981983332602, "params": {"C": 47.554422376931385, "epsilon": 0.33885181982097007, "gamma": 0.06712394850235678}, "datetime": {"datetime": "2021-09-27 21:13:06", "elapsed": 1.404432, "delta": 0.195008}}
{"target": -18.070014422020346, "params": {"C": 30.89654932487661, "epsilon": 0.11323814109642961, "gamma": 0.009051873631917142}, "datetime": {"datetime": "2021-09-27 21:13:06", "elapsed": 1.531431, "delta": 0.126999}}
{"target": -21.957882311843896, "params": {"C": 49.38453956461047, "epsilon": 0.672958821118446, "gamma": 0.13711144449431165}, "datetime": {"datetime": "2021-09-27 21:13:06", "elapsed": 1.692431, "delta": 0.161}}
{"target": -18.12652406054492, "params": {"C": 31.001996558464654, "epsilon": 0.1836185718947196, "gamma": 0.0758970409022387}, "datetime": {"datetime": "2021-09-27 21:13:06", "elapsed": 1.841429, "delta": 0.148998}}
{"target": -17.92585524153538, "params": {"C": 19.53764641333062, "epsilon": 0.18582124456397753, "gamma": 0.08204336809372002}, "datetime": {"datetime": "2021-09-27 21:13:06", "elapsed": 2.099425, "delta": 0.257996}}
{"target": -17.998117045749748, "params": {"C": 68.0340411004982, "epsilon": 0.438374043058721, "gamma": 0.05488286506514127}, "datetime": {"datetime": "2021-09-27 21:13:07", "elapsed": 2.281432, "delta": 0.182007}}
{"target": -17.48932403388506, "params": {"C": 30.88850323878785, "epsilon": 0.12719863591474181, "gamma": 0.028156620627403463}, "datetime": {"datetime": "2021-09-27 21:13:07", "elapsed": 2.519432, "delta": 0.238}}
{"target": -18.070148077762664, "params": {"C": 28.12604630072965, "epsilon": 0.6115022882201809, "gamma": 0.011228135301123475}, "datetime": {"datetime": "2021-09-27 21:13:07", "elapsed": 2.678539, "delta": 0.159107}}
{"target": -17.591815773345388, "params": {"C": 30.895114195257708, "epsilon": 0.2262758874202012, "gamma": 0.013994486124900863}, "datetime": {"datetime": "2021-09-27 21:13:07", "elapsed": 2.870542, "delta": 0.192003}}
{"target": -18.162675368489936, "params": {"C": 60.221999821081056, "epsilon": 0.09025037564186941, "gamma": 0.018115296336451037}, "datetime": {"datetime": "2021-09-27 21:13:07", "elapsed": 3.078543, "delta": 0.208001}}
{"target": -19.817730057657375, "params": {"C": 61.74884141107047, "epsilon": 0.44595777732336356, "gamma": 0.09219775500164562}, "datetime": {"datetime": "2021-09-27 21:13:08", "elapsed": 3.300555, "delta": 0.222012}}
{"target": -18.879061266648385, "params": {"C": 30.848642350021713, "epsilon": 0.19062210359727647, "gamma": 0.09695694544652983}, "datetime": {"datetime": "2021-09-27 21:13:08", "elapsed": 3.560542, "delta": 0.259987}}
{"target": -17.592087947688704, "params": {"C": 19.541581033483812, "epsilon": 0.3223220791416183, "gamma": 0.06570456986330589}, "datetime": {"datetime": "2021-09-27 21:13:08", "elapsed": 3.843544, "delta": 0.283002}}
{"target": -17.69502628181055, "params": {"C": 19.441357470356362, "epsilon": 0.39025498145005405, "gamma": 0.07169566540976986}, "datetime": {"datetime": "2021-09-27 21:13:08", "elapsed": 4.091284, "delta": 0.24774}}
{"target": -20.029814283354195, "params": {"C": 19.47551937929544, "epsilon": 0.3159660103893093, "gamma": 0.1280379198905819}, "datetime": {"datetime": "2021-09-27 21:13:09", "elapsed": 4.410287, "delta": 0.319003}}
{"target": -17.41253681112743, "params": {"C": 19.43801239049916, "epsilon": 0.22485365516022357, "gamma": 0.01745649530634655}, "datetime": {"datetime": "2021-09-27 21:13:09", "elapsed": 4.632283, "delta": 0.221996}}
{"target": -18.8273478469285, "params": {"C": 23.7741430028068, "epsilon": 0.051922975345472855, "gamma": 0.09913069934366864}, "datetime": {"datetime": "2021-09-27 21:13:09", "elapsed": 4.856317, "delta": 0.224034}}
{"target": -18.28538307993786, "params": {"C": 19.567238518603084, "epsilon": 0.2786217814014051, "gamma": 0.010377944825743501}, "datetime": {"datetime": "2021-09-27 21:13:09", "elapsed": 5.037317, "delta": 0.181}}
{"target": -17.19077383865392, "params": {"C": 19.47249761750516, "epsilon": 0.33586911653676726, "gamma": 0.025393076067726214}, "datetime": {"datetime": "2021-09-27 21:13:10", "elapsed": 5.327316, "delta": 0.289999}}
{"target": -18.245444773639775, "params": {"C": 84.08119367674604, "epsilon": 0.334866531916282, "gamma": 0.04286033959760941}, "datetime": {"datetime": "2021-09-27 21:13:10", "elapsed": 5.614318, "delta": 0.287002}}
{"target": -17.501101780204454, "params": {"C": 19.586611005239426, "epsilon": 0.41171723238991265, "gamma": 0.060099910890389005}, "datetime": {"datetime": "2021-09-27 21:13:10", "elapsed": 5.958315, "delta": 0.343997}}
{"target": -17.88738477401964, "params": {"C": 19.376499191004292, "epsilon": 0.48280605723638004, "gamma": 0.014401521639543863}, "datetime": {"datetime": "2021-09-27 21:13:11", "elapsed": 6.206315, "delta": 0.248}}
{"target": -17.829342199659813, "params": {"C": 19.53091031462665, "epsilon": 0.19459171453365842, "gamma": 0.07933954717326078}, "datetime": {"datetime": "2021-09-27 21:13:11", "elapsed": 6.482318, "delta": 0.276003}}
{"target": -21.538247022019537, "params": {"C": 19.500602026908574, "epsilon": 0.4357178017898938, "gamma": 0.002}, "datetime": {"datetime": "2021-09-27 21:13:11", "elapsed": 6.914316, "delta": 0.431998}}
{"target": -17.50175317528454, "params": {"C": 19.489107693614283, "epsilon": 0.2860888014889945, "gamma": 0.017933033331358685}, "datetime": {"datetime": "2021-09-27 21:13:12", "elapsed": 7.202317, "delta": 0.288001}}
{"target": -17.430914364606316, "params": {"C": 19.690986963819054, "epsilon": 0.41209286801924977, "gamma": 0.05690397962151106}, "datetime": {"datetime": "2021-09-27 21:13:12", "elapsed": 7.468316, "delta": 0.265999}}
{"target": -17.34371644219506, "params": {"C": 11.216925533072661, "epsilon": 0.045813379437311154, "gamma": 0.0530111587931224}, "datetime": {"datetime": "2021-09-27 21:13:12", "elapsed": 7.723322, "delta": 0.255006}}
{"target": -17.71365207848302, "params": {"C": 44.25464509202841, "epsilon": 0.15485865675673377, "gamma": 0.01245569629511521}, "datetime": {"datetime": "2021-09-27 21:13:12", "elapsed": 7.967339, "delta": 0.244017}}
{"target": -18.96701905348639, "params": {"C": 19.663140474542278, "epsilon": 0.4571256131077289, "gamma": 0.1037064767563768}, "datetime": {"datetime": "2021-09-27 21:13:13", "elapsed": 8.241314, "delta": 0.273975}}
{"target": -19.2527549312262, "params": {"C": 11.172884588629465, "epsilon": 0.0772610573836534, "gamma": 0.11448890707718141}, "datetime": {"datetime": "2021-09-27 21:13:13", "elapsed": 8.570317, "delta": 0.329003}}
{"target": -18.128836292262225, "params": {"C": 11.286713861531524, "epsilon": 0.04884851996460468, "gamma": 0.08037526763289034}, "datetime": {"datetime": "2021-09-27 21:13:13", "elapsed": 8.844466, "delta": 0.274149}}
{"target": -18.2538305276814, "params": {"C": 19.581971885057424, "epsilon": 0.3542198604375369, "gamma": 0.08740597922532506}, "datetime": {"datetime": "2021-09-27 21:13:14", "elapsed": 9.171121, "delta": 0.326655}}
{"target": -17.06095471820402, "params": {"C": 19.74015395771398, "epsilon": 0.3663506956872449, "gamma": 0.040140885065476486}, "datetime": {"datetime": "2021-09-27 21:13:14", "elapsed": 9.439122, "delta": 0.268001}}
{"target": -17.560302148763466, "params": {"C": 19.64532268252273, "epsilon": 0.36180541619964823, "gamma": 0.016729193302738858}, "datetime": {"datetime": "2021-09-27 21:13:14", "elapsed": 9.759119, "delta": 0.319997}}
{"target": -18.037404602403708, "params": {"C": 26.21797405879688, "epsilon": 0.6764075339257133, "gamma": 0.020030640040802614}, "datetime": {"datetime": "2021-09-27 21:13:14", "elapsed": 10.037119, "delta": 0.278}}
{"target": -21.685776185721213, "params": {"C": 75.71558088968531, "epsilon": 0.1891775857361925, "gamma": 0.12277628979777785}, "datetime": {"datetime": "2021-09-27 21:13:15", "elapsed": 10.353119, "delta": 0.316}}
{"target": -18.644151203753935, "params": {"C": 19.756885716148574, "epsilon": 0.30834606001756903, "gamma": 0.09697753333779154}, "datetime": {"datetime": "2021-09-27 21:13:15", "elapsed": 10.728777, "delta": 0.375658}}
{"target": -22.11672039346489, "params": {"C": 81.2761023225424, "epsilon": 0.5978221281031917, "gamma": 0.12475500163379052}, "datetime": {"datetime": "2021-09-27 21:13:15", "elapsed": 11.104777, "delta": 0.376}}
{"target": -19.039086983444253, "params": {"C": 19.362393681331778, "epsilon": 0.34106911599666323, "gamma": 0.006456167437622827}, "datetime": {"datetime": "2021-09-27 21:13:16", "elapsed": 11.481777, "delta": 0.377}}
{"target": -21.466219094492537, "params": {"C": 19.763491339821552, "epsilon": 0.4648574533263046, "gamma": 0.002146464749358512}, "datetime": {"datetime": "2021-09-27 21:13:16", "elapsed": 11.796777, "delta": 0.315}}
{"target": -19.54454804393432, "params": {"C": 30.96114246192688, "epsilon": 0.21698185122302488, "gamma": 0.004093728399099232}, "datetime": {"datetime": "2021-09-27 21:13:17", "elapsed": 12.326775, "delta": 0.529998}}
{"target": -17.82336182588817, "params": {"C": 30.964495842303307, "epsilon": 0.10270225411176934, "gamma": 0.058805769932354895}, "datetime": {"datetime": "2021-09-27 21:13:17", "elapsed": 12.61678, "delta": 0.290005}}
{"target": -17.094499092422186, "params": {"C": 19.6710290096388, "epsilon": 0.27590269857683675, "gamma": 0.0384648466235829}, "datetime": {"datetime": "2021-09-27 21:13:18", "elapsed": 13.120996, "delta": 0.504216}}
{"target": -17.123354163317206, "params": {"C": 19.68953768376118, "epsilon": 0.3162775792127708, "gamma": 0.0488084230697903}, "datetime": {"datetime": "2021-09-27 21:13:18", "elapsed": 13.737989, "delta": 0.616993}}
{"target": -21.210534852060885, "params": {"C": 30.819805058929155, "epsilon": 0.2512485707595559, "gamma": 0.002}, "datetime": {"datetime": "2021-09-27 21:13:19", "elapsed": 14.143992, "delta": 0.406003}}
{"target": -17.584011467295454, "params": {"C": 19.660338786632355, "epsilon": 0.22422640110214737, "gamma": 0.06819700786711136}, "datetime": {"datetime": "2021-09-27 21:13:19", "elapsed": 14.573992, "delta": 0.43}}
{"target": -21.44025107338346, "params": {"C": 5.17818769583535, "epsilon": 0.5261465796191281, "gamma": 0.138781466162688}, "datetime": {"datetime": "2021-09-27 21:13:19", "elapsed": 14.871343, "delta": 0.297351}}
{"target": -17.33389598521465, "params": {"C": 19.7310868263856, "epsilon": 0.22327657840120613, "gamma": 0.018581561583206514}, "datetime": {"datetime": "2021-09-27 21:13:20", "elapsed": 15.493355, "delta": 0.622012}}
{"target": -20.32226575054241, "params": {"C": 11.755314481218766, "epsilon": 0.6523485811483944, "gamma": 0.1364988839276692}, "datetime": {"datetime": "2021-09-27 21:13:20", "elapsed": 15.763344, "delta": 0.269989}}
{"target": -17.910637390290105, "params": {"C": 87.30295318096893, "epsilon": 0.14295827804519715, "gamma": 0.059792495861547654}, "datetime": {"datetime": "2021-09-27 21:13:21", "elapsed": 16.110339, "delta": 0.346995}}
{"target": -18.947512423742136, "params": {"C": 8.119303294911958, "epsilon": 0.12497018457012625, "gamma": 0.09549262942198489}, "datetime": {"datetime": "2021-09-27 21:13:21", "elapsed": 16.444474, "delta": 0.334135}}
{"target": -20.408652877474967, "params": {"C": 19.38452028394393, "epsilon": 0.4687711820191482, "gamma": 0.13343557804581502}, "datetime": {"datetime": "2021-09-27 21:13:21", "elapsed": 16.989474, "delta": 0.545}}
{"target": -16.974864116510783, "params": {"C": 11.237337984782176, "epsilon": 0.09632179436739137, "gamma": 0.030318304558111873}, "datetime": {"datetime": "2021-09-27 21:13:22", "elapsed": 17.40747, "delta": 0.417996}}
{"target": -17.106805687267943, "params": {"C": 19.671188809417156, "epsilon": 0.15555797388774187, "gamma": 0.031216981198827078}, "datetime": {"datetime": "2021-09-27 21:13:22", "elapsed": 17.754478, "delta": 0.347008}}
{"target": -18.938852160026563, "params": {"C": 26.47287601304988, "epsilon": 0.5932315977608884, "gamma": 0.09322096808448486}, "datetime": {"datetime": "2021-09-27 21:13:22", "elapsed": 18.031476, "delta": 0.276998}}
{"target": -18.08758788852593, "params": {"C": 19.60295827401392, "epsilon": 0.15539815023887346, "gamma": 0.011169879099682558}, "datetime": {"datetime": "2021-09-27 21:13:23", "elapsed": 18.481477, "delta": 0.450001}}
{"target": -17.764870797487454, "params": {"C": 9.5385658654077, "epsilon": 0.43780998659911496, "gamma": 0.022014346981404115}, "datetime": {"datetime": "2021-09-27 21:13:23", "elapsed": 18.781336, "delta": 0.299859}}
{"target": -17.059479803147664, "params": {"C": 19.747064741090753, "epsilon": 0.14258575068865087, "gamma": 0.04256536945779944}, "datetime": {"datetime": "2021-09-27 21:13:23", "elapsed": 19.063345, "delta": 0.282009}}
{"target": -18.38716811172444, "params": {"C": 19.795590659899638, "epsilon": 0.06116643922804941, "gamma": 0.09288699253515453}, "datetime": {"datetime": "2021-09-27 21:13:24", "elapsed": 19.610081, "delta": 0.546736}}
{"target": -18.587892052078214, "params": {"C": 19.63702878961168, "epsilon": 0.0907105032268487, "gamma": 0.0976919074202765}, "datetime": {"datetime": "2021-09-27 21:13:24", "elapsed": 20.016072, "delta": 0.405991}}
{"target": -21.703037509288784, "params": {"C": 11.162749640655784, "epsilon": 0.11400264017556141, "gamma": 0.0025676703117779908}, "datetime": {"datetime": "2021-09-27 21:13:25", "elapsed": 20.444075, "delta": 0.428003}}
