{"target": -22.95266630317042, "params": {"C": 9.092390715818366, "epsilon": 0.8542084739729522, "gamma": 0.001}, "datetime": {"datetime": "2021-09-27 21:22:59", "elapsed": 350.061938, "delta": 2.018964}}
{"target": -36.8238044229595, "params": {"C": 65.22140037905343, "epsilon": 0.001, "gamma": 1.0}, "datetime": {"datetime": "2021-09-27 21:23:02", "elapsed": 353.222218, "delta": 3.16028}}
{"target": -35.31833377268369, "params": {"C": 89.69533080684509, "epsilon": 0.9190253426921676, "gamma": 0.7927915002060185}, "datetime": {"datetime": "2021-09-27 21:23:04", "elapsed": 354.959809, "delta": 1.737591}}
{"target": -19.38758487172936, "params": {"C": 41.02817978944933, "epsilon": 0.6358423296739685, "gamma": 0.0020133899900334758}, "datetime": {"datetime": "2021-09-27 21:23:07", "elapsed": 358.018568, "delta": 3.058759}}
{"target": -34.52390796047587, "params": {"C": 81.35979944416829, "epsilon": 0.9929105350539684, "gamma": 0.7132558155277647}, "datetime": {"datetime": "2021-09-27 21:23:09", "elapsed": 360.259952, "delta": 2.241384}}
{"target": -21.513353456011185, "params": {"C": 27.45504685827758, "epsilon": 1.0, "gamma": 0.001}, "datetime": {"datetime": "2021-09-27 21:23:13", "elapsed": 363.668329, "delta": 3.408377}}
{"target": -20.568224820290016, "params": {"C": 84.9054655554738, "epsilon": 0.3729618938362421, "gamma": 0.001}, "datetime": {"datetime": "2021-09-27 21:23:15", "elapsed": 366.003406, "delta": 2.335077}}
{"target": -32.16890136899704, "params": {"C": 43.80563537228586, "epsilon": 0.0349458022150912, "gamma": 0.5856811155297007}, "datetime": {"datetime": "2021-09-27 21:23:18", "elapsed": 368.952977, "delta": 2.949571}}
{"target": -20.62748263555423, "params": {"C": 80.00697305531789, "epsilon": 0.001, "gamma": 0.001}, "datetime": {"datetime": "2021-09-27 21:23:20", "elapsed": 371.339788, "delta": 2.386811}}
{"target": -20.652641180141433, "params": {"C": 72.82106828342671, "epsilon": 1.0, "gamma": 0.001}, "datetime": {"datetime": "2021-09-27 21:23:23", "elapsed": 374.195764, "delta": 2.855976}}
{"target": -20.592304488289486, "params": {"C": 85.91556924712907, "epsilon": 0.4488150693699058, "gamma": 0.001}, "datetime": {"datetime": "2021-09-27 21:23:26", "elapsed": 376.856428, "delta": 2.660664}}
{"target": -17.097900602075732, "params": {"C": 10.373394644779962, "epsilon": 0.46062231922709146, "gamma": 0.03549830435680636}, "datetime": {"datetime": "2021-09-27 21:23:28", "elapsed": 379.464457, "delta": 2.608029}}
{"target": -17.980221940571198, "params": {"C": 86.97993637163455, "epsilon": 0.9444269519511536, "gamma": 0.011484584725539575}, "datetime": {"datetime": "2021-09-27 21:23:30", "elapsed": 381.05912, "delta": 1.594663}}
{"target": -32.23109932366694, "params": {"C": 90.52833957122633, "epsilon": 0.6266990771390403, "gamma": 0.5183492436686535}, "datetime": {"datetime": "2021-09-27 21:23:32", "elapsed": 382.739384, "delta": 1.680264}}
{"target": -29.879372804404497, "params": {"C": 87.4156600802657, "epsilon": 0.8747935585240936, "gamma": 0.25992624336109604}, "datetime": {"datetime": "2021-09-27 21:23:34", "elapsed": 385.338973, "delta": 2.599589}}
{"target": -26.24501579983506, "params": {"C": 59.28664015482082, "epsilon": 0.4944259808741659, "gamma": 0.19261678851182512}, "datetime": {"datetime": "2021-09-27 21:23:36", "elapsed": 386.797344, "delta": 1.458371}}
{"target": -33.31521721324101, "params": {"C": 53.88362715028688, "epsilon": 0.9935190476532589, "gamma": 0.6044728658735024}, "datetime": {"datetime": "2021-09-27 21:23:38", "elapsed": 389.107543, "delta": 2.310199}}
{"target": -20.830956405926518, "params": {"C": 59.79906271177199, "epsilon": 0.001, "gamma": 0.001}, "datetime": {"datetime": "2021-09-27 21:23:42", "elapsed": 392.617595, "delta": 3.510052}}
{"target": -20.342722550130652, "params": {"C": 60.226080555439374, "epsilon": 0.21115794404899588, "gamma": 0.08749808914274143}, "datetime": {"datetime": "2021-09-27 21:23:43", "elapsed": 394.225306, "delta": 1.607711}}
{"target": -33.23316887111818, "params": {"C": 58.50442295691987, "epsilon": 0.22646644314124836, "gamma": 0.652714445624175}, "datetime": {"datetime": "2021-09-27 21:23:45", "elapsed": 395.772306, "delta": 1.547}}
{"target": -32.11997296012781, "params": {"C": 92.91200423482611, "epsilon": 0.036872942615271985, "gamma": 0.551844730585305}, "datetime": {"datetime": "2021-09-27 21:23:48", "elapsed": 398.694482, "delta": 2.922176}}
{"target": -17.391426290388612, "params": {"C": 72.08574505372495, "epsilon": 0.6938803648354903, "gamma": 0.004039122830790569}, "datetime": {"datetime": "2021-09-27 21:23:50", "elapsed": 401.172182, "delta": 2.4777}}
{"target": -20.944063791269766, "params": {"C": 59.98084525564973, "epsilon": 0.7541588687500143, "gamma": 0.001}, "datetime": {"datetime": "2021-09-27 21:23:53", "elapsed": 403.793344, "delta": 2.621162}}
{"target": -16.99341174438863, "params": {"C": 86.17267048062496, "epsilon": 0.008904295540126502, "gamma": 0.00544988657028936}, "datetime": {"datetime": "2021-09-27 21:23:56", "elapsed": 406.838791, "delta": 3.045447}}
{"target": -31.069757735501035, "params": {"C": 98.37857585540084, "epsilon": 0.6220998564846717, "gamma": 0.3746116572320089}, "datetime": {"datetime": "2021-09-27 21:23:58", "elapsed": 408.660407, "delta": 1.821616}}
{"target": -30.064050223039175, "params": {"C": 32.03430229272968, "epsilon": 0.9953118979216422, "gamma": 0.36189456360318795}, "datetime": {"datetime": "2021-09-27 21:24:01", "elapsed": 411.67574, "delta": 3.015333}}
{"target": -17.580892357272692, "params": {"C": 69.30740832791406, "epsilon": 0.4464478311895898, "gamma": 0.03581582285063223}, "datetime": {"datetime": "2021-09-27 21:24:03", "elapsed": 413.562377, "delta": 1.886637}}
{"target": -21.792680956001043, "params": {"C": 15.917546938080907, "epsilon": 0.5897203417576918, "gamma": 0.001}, "datetime": {"datetime": "2021-09-27 21:24:05", "elapsed": 416.20149, "delta": 2.639113}}
{"target": -18.08556826041067, "params": {"C": 99.01073929388085, "epsilon": 0.025757858679414533, "gamma": 0.014367457742393078}, "datetime": {"datetime": "2021-09-27 21:24:07", "elapsed": 417.829484, "delta": 1.627994}}
{"target": -17.077569414744154, "params": {"C": 38.65456458857697, "epsilon": 0.2436912401146521, "gamma": 0.021052144751806483}, "datetime": {"datetime": "2021-09-27 21:24:09", "elapsed": 420.049534, "delta": 2.22005}}
{"target": -30.14867518891362, "params": {"C": 99.30074040371682, "epsilon": 0.1723562420697335, "gamma": 0.366137250736916}, "datetime": {"datetime": "2021-09-27 21:24:12", "elapsed": 423.233009, "delta": 3.183475}}
{"target": -17.238075801048538, "params": {"C": 98.93659819194828, "epsilon": 0.4003016495800376, "gamma": 0.00797542072022817}, "datetime": {"datetime": "2021-09-27 21:24:16", "elapsed": 426.680586, "delta": 3.447577}}
{"target": -21.951320311485617, "params": {"C": 15.106346039499941, "epsilon": 0.6590197169755303, "gamma": 0.001}, "datetime": {"datetime": "2021-09-27 21:24:19", "elapsed": 429.705975, "delta": 3.025389}}
{"target": -30.99643326552347, "params": {"C": 86.394240763806, "epsilon": 0.001, "gamma": 0.46361147176594514}, "datetime": {"datetime": "2021-09-27 21:24:22", "elapsed": 433.147217, "delta": 3.441242}}
{"target": -21.229787609429337, "params": {"C": 38.25231019934862, "epsilon": 0.5517338544672288, "gamma": 0.001}, "datetime": {"datetime": "2021-09-27 21:24:25", "elapsed": 436.274956, "delta": 3.127739}}
{"target": -28.494910709461774, "params": {"C": 21.825202700931417, "epsilon": 0.09442282861891518, "gamma": 0.40236794398061726}, "datetime": {"datetime": "2021-09-27 21:24:28", "elapsed": 438.991167, "delta": 2.716211}}
{"target": -17.411103633236184, "params": {"C": 43.72013260762845, "epsilon": 0.3455665103453596, "gamma": 0.03635122040842683}, "datetime": {"datetime": "2021-09-27 21:24:31", "elapsed": 441.959302, "delta": 2.968135}}
{"target": -31.527844342524386, "params": {"C": 50.59304451949502, "epsilon": 0.15003600290767663, "gamma": 0.5191799927220875}, "datetime": {"datetime": "2021-09-27 21:24:34", "elapsed": 445.047561, "delta": 3.088259}}
{"target": -21.043612980324433, "params": {"C": 51.13425843279301, "epsilon": 0.4546744201249731, "gamma": 0.001}, "datetime": {"datetime": "2021-09-27 21:24:38", "elapsed": 448.588869, "delta": 3.541308}}
{"target": -23.368748520333334, "params": {"C": 94.8732607093441, "epsilon": 0.8983822791798873, "gamma": 0.10884174340032753}, "datetime": {"datetime": "2021-09-27 21:24:40", "elapsed": 450.509554, "delta": 1.920685}}
{"target": -21.758341309895364, "params": {"C": 93.80219533587241, "epsilon": 0.065441283043157, "gamma": 0.10732629941142906}, "datetime": {"datetime": "2021-09-27 21:24:42", "elapsed": 452.484657, "delta": 1.975103}}
{"target": -19.772099879399114, "params": {"C": 93.98295193558525, "epsilon": 0.5633909280533618, "gamma": 0.0011737799874070997}, "datetime": {"datetime": "2021-09-27 21:24:44", "elapsed": 455.024603, "delta": 2.539946}}
{"target": -17.35395544700895, "params": {"C": 32.69681862456102, "epsilon": 0.45083010025778536, "gamma": 0.005462330584332136}, "datetime": {"datetime": "2021-09-27 21:24:47", "elapsed": 457.785212, "delta": 2.760609}}
{"target": -31.009647653468793, "params": {"C": 88.45997843197763, "epsilon": 0.8878919878842808, "gamma": 0.3481340827655736}, "datetime": {"datetime": "2021-09-27 21:24:50", "elapsed": 461.010908, "delta": 3.225696}}
{"target": -17.643279359769302, "params": {"C": 89.11929257903722, "epsilon": 0.37523352975223545, "gamma": 0.015591435318849278}, "datetime": {"datetime": "2021-09-27 21:24:53", "elapsed": 463.795148, "delta": 2.78424}}
{"target": -17.098945483794708, "params": {"C": 47.020785389169006, "epsilon": 0.5325186412941578, "gamma": 0.007597535077966984}, "datetime": {"datetime": "2021-09-27 21:24:57", "elapsed": 467.517323, "delta": 3.722175}}
{"target": -16.828767349332956, "params": {"C": 22.421235075192435, "epsilon": 0.38599238240716804, "gamma": 0.009071303500135994}, "datetime": {"datetime": "2021-09-27 21:25:01", "elapsed": 471.660192, "delta": 4.142869}}
{"target": -31.277475875913908, "params": {"C": 35.78365781715528, "epsilon": 0.4839373861905917, "gamma": 0.4781745787941482}, "datetime": {"datetime": "2021-09-27 21:25:04", "elapsed": 475.356728, "delta": 3.696536}}
{"target": -35.537058335303655, "params": {"C": 66.74047291428971, "epsilon": 0.5957399808757473, "gamma": 0.8413562417932862}, "datetime": {"datetime": "2021-09-27 21:25:07", "elapsed": 477.818041, "delta": 2.461313}}
{"target": -17.32702093850775, "params": {"C": 71.26386616443449, "epsilon": 0.47927201309237016, "gamma": 0.004387496813918595}, "datetime": {"datetime": "2021-09-27 21:25:10", "elapsed": 480.582478, "delta": 2.764437}}
{"target": -29.796098614018344, "params": {"C": 71.7141811201841, "epsilon": 0.47928247348016134, "gamma": 0.3203846667605316}, "datetime": {"datetime": "2021-09-27 21:25:13", "elapsed": 483.864693, "delta": 3.282215}}
{"target": -31.184240314021366, "params": {"C": 62.71445846291127, "epsilon": 0.07431650658505717, "gamma": 0.4877865030451558}, "datetime": {"datetime": "2021-09-27 21:25:15", "elapsed": 485.749137, "delta": 1.884444}}
{"target": -20.9305518162387, "params": {"C": 72.5505222798003, "epsilon": 0.5171713234250498, "gamma": 0.001}, "datetime": {"datetime": "2021-09-27 21:25:19", "elapsed": 489.514595, "delta": 3.765458}}
{"target": -23.505848890751686, "params": {"C": 69.21407317925703, "epsilon": 0.6277972485726683, "gamma": 0.1347976759226672}, "datetime": {"datetime": "2021-09-27 21:25:21", "elapsed": 491.565353, "delta": 2.050758}}
{"target": -31.666536776157283, "params": {"C": 57.134932774429245, "epsilon": 0.1123435312197886, "gamma": 0.5290049355284485}, "datetime": {"datetime": "2021-09-27 21:25:23", "elapsed": 493.6031, "delta": 2.037747}}
{"target": -39.90167148785041, "params": {"C": 2.176367676806694, "epsilon": 0.7569121387313554, "gamma": 0.8731691981977013}, "datetime": {"datetime": "2021-09-27 21:25:24", "elapsed": 495.368824, "delta": 1.765724}}
{"target": -31.566839494794852, "params": {"C": 11.89059670010305, "epsilon": 0.6495786750002194, "gamma": 0.5667464707266574}, "datetime": {"datetime": "2021-09-27 21:25:26", "elapsed": 497.075829, "delta": 1.707005}}
{"target": -31.816947496788057, "params": {"C": 59.07349309893811, "epsilon": 0.8779749503092262, "gamma": 0.4587625114430229}, "datetime": {"datetime": "2021-09-27 21:25:28", "elapsed": 498.940208, "delta": 1.864379}}
{"target": -29.655845877841063, "params": {"C": 99.75626299767906, "epsilon": 0.5589861734410383, "gamma": 0.2744181151212675}, "datetime": {"datetime": "2021-09-27 21:25:29", "elapsed": 500.467872, "delta": 1.527664}}
{"target": -20.810262121096535, "params": {"C": 70.87530573795223, "epsilon": 0.023910595412775508, "gamma": 0.001}, "datetime": {"datetime": "2021-09-27 21:25:33", "elapsed": 503.542057, "delta": 3.074185}}
{"target": -18.1175510947496, "params": {"C": 93.3167606971453, "epsilon": 0.14133093587152346, "gamma": 0.017479444070690395}, "datetime": {"datetime": "2021-09-27 21:25:35", "elapsed": 505.914858, "delta": 2.372801}}
{"target": -21.449304715271225, "params": {"C": 24.315161382114827, "epsilon": 0.581190751439882, "gamma": 0.001}, "datetime": {"datetime": "2021-09-27 21:25:37", "elapsed": 508.412192, "delta": 2.497334}}
{"target": -17.7182321418227, "params": {"C": 13.150199973817402, "epsilon": 0.41607438537568603, "gamma": 0.05834277212337274}, "datetime": {"datetime": "2021-09-27 21:25:40", "elapsed": 510.667199, "delta": 2.255007}}
{"target": -31.182617819793855, "params": {"C": 17.43738131106518, "epsilon": 1.0, "gamma": 0.5011251692605359}, "datetime": {"datetime": "2021-09-27 21:25:43", "elapsed": 513.682196, "delta": 3.014997}}
{"target": -17.53712873493152, "params": {"C": 92.49922177356035, "epsilon": 0.33011226822946116, "gamma": 0.003100609798551359}, "datetime": {"datetime": "2021-09-27 21:25:44", "elapsed": 515.216202, "delta": 1.534006}}
{"target": -25.685522052715548, "params": {"C": 92.42786650857907, "epsilon": 0.18749446126085592, "gamma": 0.17029290013575804}, "datetime": {"datetime": "2021-09-27 21:25:47", "elapsed": 518.13881, "delta": 2.922608}}
{"target": -18.073255967388295, "params": {"C": 92.78079975924237, "epsilon": 0.1696421695235245, "gamma": 0.05316333925218592}, "datetime": {"datetime": "2021-09-27 21:25:51", "elapsed": 521.807926, "delta": 3.669116}}
{"target": -18.677287515194994, "params": {"C": 50.59585919759043, "epsilon": 0.4017285663527522, "gamma": 0.07354342820534408}, "datetime": {"datetime": "2021-09-27 21:25:53", "elapsed": 523.536083, "delta": 1.728157}}
{"target": -26.898955626702158, "params": {"C": 52.838381630042164, "epsilon": 0.3184281016551877, "gamma": 0.23658994928400437}, "datetime": {"datetime": "2021-09-27 21:25:54", "elapsed": 525.253601, "delta": 1.717518}}
{"target": -16.852818926705744, "params": {"C": 22.226886140181705, "epsilon": 0.2842658720175499, "gamma": 0.01826467609471867}, "datetime": {"datetime": "2021-09-27 21:25:59", "elapsed": 529.742458, "delta": 4.488857}}
{"target": -17.78757250687803, "params": {"C": 13.904684831138894, "epsilon": 0.9948838255764051, "gamma": 0.008046863761884418}, "datetime": {"datetime": "2021-09-27 21:26:00", "elapsed": 531.278859, "delta": 1.536401}}
{"target": -18.167040893992368, "params": {"C": 86.98069292602612, "epsilon": 0.9286317761811658, "gamma": 0.013950386564059548}, "datetime": {"datetime": "2021-09-27 21:26:02", "elapsed": 533.109034, "delta": 1.830175}}
{"target": -17.891794403251474, "params": {"C": 57.70457375043359, "epsilon": 0.6367849216377613, "gamma": 0.03393773123471898}, "datetime": {"datetime": "2021-09-27 21:26:04", "elapsed": 534.823383, "delta": 1.714349}}
{"target": -17.722983346648498, "params": {"C": 22.33780713077564, "epsilon": 0.3129719378817003, "gamma": 0.06574122885730829}, "datetime": {"datetime": "2021-09-27 21:26:09", "elapsed": 540.028289, "delta": 5.204906}}
{"target": -27.585443982840413, "params": {"C": 99.3429396618647, "epsilon": 0.672855202901187, "gamma": 0.19485983740154716}, "datetime": {"datetime": "2021-09-27 21:26:11", "elapsed": 541.909429, "delta": 1.88114}}
{"target": -17.669531450058734, "params": {"C": 22.151727778576234, "epsilon": 0.1175786054764235, "gamma": 0.0650796582731636}, "datetime": {"datetime": "2021-09-27 21:26:16", "elapsed": 547.218991, "delta": 5.309562}}
{"target": -31.518333386826974, "params": {"C": 75.66372867471048, "epsilon": 0.25045772389086013, "gamma": 0.49123498277065075}, "datetime": {"datetime": "2021-09-27 21:26:18", "elapsed": 548.868997, "delta": 1.650006}}
{"target": -18.647164287146385, "params": {"C": 22.264781763850483, "epsilon": 0.4196183432066148, "gamma": 0.08167496033971104}, "datetime": {"datetime": "2021-09-27 21:26:22", "elapsed": 553.330844, "delta": 4.461847}}
{"target": -18.977171851693484, "params": {"C": 22.12462471324477, "epsilon": 0.23508394120242046, "gamma": 0.08913094796555616}, "datetime": {"datetime": "2021-09-27 21:26:29", "elapsed": 559.849223, "delta": 6.518379}}
{"target": -32.998187400420534, "params": {"C": 93.19167082467803, "epsilon": 0.4503744408413754, "gamma": 0.6094179118227446}, "datetime": {"datetime": "2021-09-27 21:26:31", "elapsed": 561.68455, "delta": 1.835327}}
{"target": -18.26768026214343, "params": {"C": 92.63528609808053, "epsilon": 0.1713143370456231, "gamma": 0.05522132732887486}, "datetime": {"datetime": "2021-09-27 21:26:37", "elapsed": 568.023979, "delta": 6.339429}}
{"target": -17.40378630414438, "params": {"C": 10.875001072764828, "epsilon": 0.3894204965565272, "gamma": 0.009330778596299619}, "datetime": {"datetime": "2021-09-27 21:26:39", "elapsed": 570.004421, "delta": 1.980442}}
{"target": -17.262765420103136, "params": {"C": 43.63770428062226, "epsilon": 0.13652510463604633, "gamma": 0.01926617924118485}, "datetime": {"datetime": "2021-09-27 21:26:45", "elapsed": 575.69212, "delta": 5.687699}}
{"target": -19.599452997154067, "params": {"C": 13.752564006930541, "epsilon": 0.746755721193309, "gamma": 0.09370101378550687}, "datetime": {"datetime": "2021-09-27 21:26:51", "elapsed": 581.620588, "delta": 5.928468}}
{"target": -20.646782091828086, "params": {"C": 15.936129340452096, "epsilon": 0.7935600538351819, "gamma": 0.11127952171333019}, "datetime": {"datetime": "2021-09-27 21:26:53", "elapsed": 583.558895, "delta": 1.938307}}
{"target": -20.812873354009273, "params": {"C": 99.01208588680937, "epsilon": 0.1799368804000577, "gamma": 0.09145151201064124}, "datetime": {"datetime": "2021-09-27 21:26:58", "elapsed": 588.503052, "delta": 4.944157}}
{"target": -16.89287332959371, "params": {"C": 15.533560513750572, "epsilon": 0.6428889156462564, "gamma": 0.023567810720209453}, "datetime": {"datetime": "2021-09-27 21:27:03", "elapsed": 594.423574, "delta": 5.920522}}
{"target": -33.1487328862231, "params": {"C": 6.224826598052244, "epsilon": 0.20045060440729612, "gamma": 0.6082338611216594}, "datetime": {"datetime": "2021-09-27 21:27:05", "elapsed": 596.236645, "delta": 1.813071}}
{"target": -16.84685450198788, "params": {"C": 10.78045466839474, "epsilon": 0.25597157748677407, "gamma": 0.025395200098220924}, "datetime": {"datetime": "2021-09-27 21:27:11", "elapsed": 601.678579, "delta": 5.441934}}
{"target": -25.485353561348333, "params": {"C": 13.876359489704033, "epsilon": 0.9258623564891031, "gamma": 0.225994046349423}, "datetime": {"datetime": "2021-09-27 21:27:17", "elapsed": 608.309976, "delta": 6.631397}}
{"target": -17.035039940718207, "params": {"C": 13.83856094371458, "epsilon": 0.9997399368159869, "gamma": 0.0348892544835082}, "datetime": {"datetime": "2021-09-27 21:27:23", "elapsed": 614.174176, "delta": 5.8642}}
{"target": -20.80465301285968, "params": {"C": 43.695640478545776, "epsilon": 0.2627213686393274, "gamma": 0.10364104196559645}, "datetime": {"datetime": "2021-09-27 21:27:30", "elapsed": 621.068329, "delta": 6.894153}}
{"target": -17.491420877152574, "params": {"C": 15.600293994228718, "epsilon": 0.5713626841553219, "gamma": 0.053588302588498164}, "datetime": {"datetime": "2021-09-27 21:27:35", "elapsed": 626.466116, "delta": 5.397787}}
{"target": -21.01362998718736, "params": {"C": 10.786747313967323, "epsilon": 0.36869690032327224, "gamma": 0.11920240330367085}, "datetime": {"datetime": "2021-09-27 21:27:40", "elapsed": 631.329997, "delta": 4.863881}}
{"target": -25.53348109259629, "params": {"C": 91.54502546137759, "epsilon": 0.3369734437825906, "gamma": 0.162623858188237}, "datetime": {"datetime": "2021-09-27 21:27:42", "elapsed": 633.088252, "delta": 1.758255}}
{"target": -27.88730333548678, "params": {"C": 58.74158947194463, "epsilon": 0.09311115105965928, "gamma": 0.29153971388323463}, "datetime": {"datetime": "2021-09-27 21:27:44", "elapsed": 634.983028, "delta": 1.894776}}
{"target": -20.065807737893785, "params": {"C": 92.52648203747147, "epsilon": 0.21750636227221012, "gamma": 0.07570590588486478}, "datetime": {"datetime": "2021-09-27 21:27:50", "elapsed": 641.466594, "delta": 6.483566}}
{"target": -21.617621592332263, "params": {"C": 22.054804018167886, "epsilon": 0.4653343859257392, "gamma": 0.1291703852327582}, "datetime": {"datetime": "2021-09-27 21:27:56", "elapsed": 647.205591, "delta": 5.738997}}
{"target": -17.139498719163708, "params": {"C": 15.597459664499306, "epsilon": 0.7672768166298108, "gamma": 0.04321166592435534}, "datetime": {"datetime": "2021-09-27 21:28:01", "elapsed": 652.044338, "delta": 4.838747}}
{"target": -17.1236514518107, "params": {"C": 15.424852176861675, "epsilon": 0.7871528219700547, "gamma": 0.02201050808359203}, "datetime": {"datetime": "2021-09-27 21:28:06", "elapsed": 657.390005, "delta": 5.345667}}
{"target": -19.771508143089417, "params": {"C": 13.913349207946906, "epsilon": 0.9557636926222787, "gamma": 0.09304221006449077}, "datetime": {"datetime": "2021-09-27 21:28:12", "elapsed": 663.419018, "delta": 6.029013}}
