{"target": -17.05488628613606, "params": {"C": 53.437281671334944, "epsilon": 0.29298200821126597, "gamma": 0.012182415841452295}, "datetime": {"datetime": "2021-09-27 21:18:04", "elapsed": 55.44584, "delta": 0.897996}}
{"target": -33.67581204943861, "params": {"C": 53.23134553061799, "epsilon": 0.2172462713657215, "gamma": 0.695621836063771}, "datetime": {"datetime": "2021-09-27 21:18:05", "elapsed": 56.161565, "delta": 0.715725}}
{"target": -34.67986669846749, "params": {"C": 61.57145394201271, "epsilon": 0.3997358691271747, "gamma": 0.7724596474934904}, "datetime": {"datetime": "2021-09-27 21:18:06", "elapsed": 56.692575, "delta": 0.53101}}
{"target": -21.72900381818007, "params": {"C": 13.66166950198551, "epsilon": 0.001, "gamma": 0.001}, "datetime": {"datetime": "2021-09-27 21:18:07", "elapsed": 57.569567, "delta": 0.876992}}
{"target": -17.54887520275498, "params": {"C": 53.799605373299705, "epsilon": 0.9390534917646539, "gamma": 0.008416568324030814}, "datetime": {"datetime": "2021-09-27 21:18:08", "elapsed": 58.509087, "delta": 0.93952}}
{"target": -20.92264519011053, "params": {"C": 54.03027554028028, "epsilon": 0.21581227239823372, "gamma": 0.001}, "datetime": {"datetime": "2021-09-27 21:18:08", "elapsed": 59.268618, "delta": 0.759531}}
{"target": -36.82384748926484, "params": {"C": 87.71224517461154, "epsilon": 0.001, "gamma": 1.0}, "datetime": {"datetime": "2021-09-27 21:18:09", "elapsed": 60.145989, "delta": 0.877371}}
{"target": -21.454461171004276, "params": {"C": 22.847656280620374, "epsilon": 0.001, "gamma": 0.001}, "datetime": {"datetime": "2021-09-27 21:18:10", "elapsed": 60.848989, "delta": 0.703}}
{"target": -36.934384179295236, "params": {"C": 22.79851839612328, "epsilon": 0.5174777000432101, "gamma": 1.0}, "datetime": {"datetime": "2021-09-27 21:18:11", "elapsed": 61.818988, "delta": 0.969999}}
{"target": -21.555895149363053, "params": {"C": 24.066808562236584, "epsilon": 0.001, "gamma": 0.001}, "datetime": {"datetime": "2021-09-27 21:18:12", "elapsed": 62.578215, "delta": 0.759227}}
{"target": -18.069885444820656, "params": {"C": 25.13383149254737, "epsilon": 0.22621096103396793, "gamma": 0.004226910463836383}, "datetime": {"datetime": "2021-09-27 21:18:12", "elapsed": 63.377215, "delta": 0.799}}
{"target": -19.21267349026583, "params": {"C": 24.729464724461213, "epsilon": 0.9514224176578129, "gamma": 0.07847095089940712}, "datetime": {"datetime": "2021-09-27 21:18:13", "elapsed": 64.124777, "delta": 0.747562}}
{"target": -34.60808484305205, "params": {"C": 24.895548370965788, "epsilon": 0.3508366453771778, "gamma": 0.7899774307636417}, "datetime": {"datetime": "2021-09-27 21:18:14", "elapsed": 64.798774, "delta": 0.673997}}
{"target": -18.37894744524631, "params": {"C": 25.353811019806074, "epsilon": 0.9001516289736383, "gamma": 0.0676815099490468}, "datetime": {"datetime": "2021-09-27 21:18:15", "elapsed": 65.876006, "delta": 1.077232}}
{"target": -21.50860556011067, "params": {"C": 25.907798116120414, "epsilon": 0.11458459564016499, "gamma": 0.001}, "datetime": {"datetime": "2021-09-27 21:18:16", "elapsed": 66.597007, "delta": 0.721001}}
{"target": -26.52973239421777, "params": {"C": 6.557936460066949, "epsilon": 0.9884532390409542, "gamma": 0.22902429552173853}, "datetime": {"datetime": "2021-09-27 21:18:16", "elapsed": 67.348005, "delta": 0.750998}}
{"target": -21.164685126879945, "params": {"C": 38.3030539369159, "epsilon": 0.001, "gamma": 0.001}, "datetime": {"datetime": "2021-09-27 21:18:18", "elapsed": 68.492272, "delta": 1.144267}}
{"target": -20.776046077657657, "params": {"C": 74.23781700274729, "epsilon": 0.001, "gamma": 0.001}, "datetime": {"datetime": "2021-09-27 21:18:18", "elapsed": 69.310274, "delta": 0.818002}}
{"target": -28.130400476075714, "params": {"C": 74.09287579357914, "epsilon": 1.0, "gamma": 0.21181413743641025}, "datetime": {"datetime": "2021-09-27 21:18:19", "elapsed": 70.396165, "delta": 1.085891}}
{"target": -27.26971485986936, "params": {"C": 75.26133688505699, "epsilon": 0.07803599732261886, "gamma": 0.24575695103539674}, "datetime": {"datetime": "2021-09-27 21:18:20", "elapsed": 71.097168, "delta": 0.701003}}
{"target": -25.53819293377036, "params": {"C": 73.18875114246005, "epsilon": 0.022992308191400305, "gamma": 0.1810427550183134}, "datetime": {"datetime": "2021-09-27 21:18:21", "elapsed": 71.883164, "delta": 0.785996}}
{"target": -20.999063630393273, "params": {"C": 46.9274246019112, "epsilon": 1.0, "gamma": 0.001}, "datetime": {"datetime": "2021-09-27 21:18:22", "elapsed": 72.631975, "delta": 0.748811}}
{"target": -20.941886971521225, "params": {"C": 53.26775306068607, "epsilon": 1.0, "gamma": 0.001}, "datetime": {"datetime": "2021-09-27 21:18:22", "elapsed": 73.354975, "delta": 0.723}}
{"target": -17.326621446800306, "params": {"C": 16.194783080447746, "epsilon": 0.9000117806447978, "gamma": 0.009373625747817166}, "datetime": {"datetime": "2021-09-27 21:18:23", "elapsed": 74.2038, "delta": 0.848825}}
{"target": -21.56783212030458, "params": {"C": 16.354849403793644, "epsilon": 0.1581196346261898, "gamma": 0.001}, "datetime": {"datetime": "2021-09-27 21:18:24", "elapsed": 74.960465, "delta": 0.756665}}
{"target": -34.52831147230126, "params": {"C": 16.236070733595373, "epsilon": 1.0, "gamma": 0.7619749748186587}, "datetime": {"datetime": "2021-09-27 21:18:25", "elapsed": 75.915466, "delta": 0.955001}}
{"target": -16.74660615811337, "params": {"C": 15.528059947739187, "epsilon": 0.48734127413786343, "gamma": 0.025725952680260403}, "datetime": {"datetime": "2021-09-27 21:18:26", "elapsed": 76.697777, "delta": 0.782311}}
{"target": -17.148856686324578, "params": {"C": 15.533168708879312, "epsilon": 0.8861535433550941, "gamma": 0.01971578634237666}, "datetime": {"datetime": "2021-09-27 21:18:27", "elapsed": 77.684782, "delta": 0.987005}}
{"target": -22.87591920772482, "params": {"C": 9.68361735992324, "epsilon": 1.0, "gamma": 0.001}, "datetime": {"datetime": "2021-09-27 21:18:27", "elapsed": 78.471048, "delta": 0.786266}}
{"target": -17.604248111609564, "params": {"C": 41.666601642036056, "epsilon": 0.10348685309610191, "gamma": 0.06019827185610618}, "datetime": {"datetime": "2021-09-27 21:18:28", "elapsed": 79.427049, "delta": 0.956001}}
{"target": -21.085974279343535, "params": {"C": 41.63226394997191, "epsilon": 0.8813663311634958, "gamma": 0.001}, "datetime": {"datetime": "2021-09-27 21:18:29", "elapsed": 80.274241, "delta": 0.847192}}
{"target": -33.4718518283814, "params": {"C": 41.21601349057749, "epsilon": 0.08844447371454339, "gamma": 0.6948011205605338}, "datetime": {"datetime": "2021-09-27 21:18:30", "elapsed": 81.098244, "delta": 0.824003}}
{"target": -17.04257297919655, "params": {"C": 42.37636247529604, "epsilon": 0.27245587653338565, "gamma": 0.006227225694014164}, "datetime": {"datetime": "2021-09-27 21:18:31", "elapsed": 82.147421, "delta": 1.049177}}
{"target": -32.6522943347955, "params": {"C": 42.533873695485156, "epsilon": 0.001, "gamma": 0.6297208205074691}, "datetime": {"datetime": "2021-09-27 21:18:32", "elapsed": 83.242423, "delta": 1.095002}}
{"target": -23.50514921815061, "params": {"C": 42.44463883102147, "epsilon": 0.9472564523374202, "gamma": 0.13974327903160771}, "datetime": {"datetime": "2021-09-27 21:18:33", "elapsed": 84.209122, "delta": 0.966699}}
{"target": -32.709548925762796, "params": {"C": 59.4063449452034, "epsilon": 0.03725118804578587, "gamma": 0.6210876133173474}, "datetime": {"datetime": "2021-09-27 21:18:34", "elapsed": 85.115778, "delta": 0.906656}}
{"target": -21.298091957315098, "params": {"C": 35.47633532952378, "epsilon": 0.001, "gamma": 0.001}, "datetime": {"datetime": "2021-09-27 21:18:35", "elapsed": 86.012783, "delta": 0.897005}}
{"target": -17.528597720171344, "params": {"C": 50.94063247802755, "epsilon": 0.028431307338793715, "gamma": 0.05640672821919006}, "datetime": {"datetime": "2021-09-27 21:18:36", "elapsed": 87.003933, "delta": 0.99115}}
{"target": -17.92213724982247, "params": {"C": 93.72066550417556, "epsilon": 0.8786947110959292, "gamma": 0.011018080545815545}, "datetime": {"datetime": "2021-09-27 21:18:37", "elapsed": 88.050929, "delta": 1.046996}}
{"target": -21.246415429617375, "params": {"C": 93.78766890854749, "epsilon": 0.07484298754760274, "gamma": 0.09940772677900366}, "datetime": {"datetime": "2021-09-27 21:18:38", "elapsed": 89.004932, "delta": 0.954003}}
{"target": -34.94747766466501, "params": {"C": 93.51164305335256, "epsilon": 0.9519603159375303, "gamma": 0.755806594025896}, "datetime": {"datetime": "2021-09-27 21:18:39", "elapsed": 89.878936, "delta": 0.874004}}
{"target": -21.19912207257189, "params": {"C": 94.55429824877727, "epsilon": 0.937463407482217, "gamma": 0.08365311116224071}, "datetime": {"datetime": "2021-09-27 21:18:40", "elapsed": 90.790096, "delta": 0.91116}}
{"target": -20.910628315713677, "params": {"C": 56.49965504283429, "epsilon": 1.0, "gamma": 0.001}, "datetime": {"datetime": "2021-09-27 21:18:41", "elapsed": 91.910098, "delta": 1.120002}}
{"target": -17.016002271575292, "params": {"C": 20.699283351137794, "epsilon": 0.12329077898610179, "gamma": 0.023619992408800496}, "datetime": {"datetime": "2021-09-27 21:18:42", "elapsed": 92.89495, "delta": 0.984852}}
{"target": -17.19863694487686, "params": {"C": 21.368168965372185, "epsilon": 0.06355683006946115, "gamma": 0.007065023798772973}, "datetime": {"datetime": "2021-09-27 21:18:43", "elapsed": 93.90495, "delta": 1.01}}
{"target": -21.564783824060896, "params": {"C": 21.060628750006185, "epsilon": 0.7729285415189987, "gamma": 0.001}, "datetime": {"datetime": "2021-09-27 21:18:44", "elapsed": 95.039558, "delta": 1.134608}}
{"target": -33.90300090896673, "params": {"C": 20.973341278842508, "epsilon": 0.12545787394577373, "gamma": 0.7617277982130721}, "datetime": {"datetime": "2021-09-27 21:18:45", "elapsed": 95.901559, "delta": 0.862001}}
{"target": -17.54732700496956, "params": {"C": 20.05142395427505, "epsilon": 0.26695445813826224, "gamma": 0.0612464820359731}, "datetime": {"datetime": "2021-09-27 21:18:46", "elapsed": 96.974412, "delta": 1.072853}}
{"target": -17.70530385446973, "params": {"C": 13.60881489294638, "epsilon": 0.6969525081492272, "gamma": 0.05653168914773346}, "datetime": {"datetime": "2021-09-27 21:18:47", "elapsed": 97.671412, "delta": 0.697}}
{"target": -21.88552858476252, "params": {"C": 20.12907663899035, "epsilon": 0.9981044546165769, "gamma": 0.001}, "datetime": {"datetime": "2021-09-27 21:18:48", "elapsed": 98.656653, "delta": 0.985241}}
{"target": -17.22776930722246, "params": {"C": 21.982728812837266, "epsilon": 0.44452390269800857, "gamma": 0.007339318785678612}, "datetime": {"datetime": "2021-09-27 21:18:49", "elapsed": 99.58365, "delta": 0.926997}}
{"target": -17.57582122149176, "params": {"C": 94.86609721102947, "epsilon": 0.013212723790424413, "gamma": 0.04240306891058034}, "datetime": {"datetime": "2021-09-27 21:18:50", "elapsed": 100.815186, "delta": 1.231536}}
{"target": -37.45121142757773, "params": {"C": 8.4527610702033, "epsilon": 0.9787846226617928, "gamma": 0.9877032844116299}, "datetime": {"datetime": "2021-09-27 21:18:51", "elapsed": 101.98918, "delta": 1.173994}}
{"target": -37.84406374310364, "params": {"C": 4.977494180979693, "epsilon": 0.010738277899501023, "gamma": 0.9861025712434826}, "datetime": {"datetime": "2021-09-27 21:18:52", "elapsed": 103.105435, "delta": 1.116255}}
{"target": -44.16950924066744, "params": {"C": 1.0, "epsilon": 1.0, "gamma": 1.0}, "datetime": {"datetime": "2021-09-27 21:18:53", "elapsed": 103.989436, "delta": 0.884001}}
{"target": -36.97302708174948, "params": {"C": 89.94617171327303, "epsilon": 0.9674545082065253, "gamma": 0.9370401814982456}, "datetime": {"datetime": "2021-09-27 21:18:54", "elapsed": 104.887844, "delta": 0.898408}}
{"target": -20.515725884101755, "params": {"C": 85.54305709667022, "epsilon": 0.001, "gamma": 0.001}, "datetime": {"datetime": "2021-09-27 21:18:55", "elapsed": 106.006877, "delta": 1.119033}}
{"target": -36.82385455672747, "params": {"C": 85.22896450656108, "epsilon": 0.001, "gamma": 1.0}, "datetime": {"datetime": "2021-09-27 21:18:56", "elapsed": 107.128043, "delta": 1.121166}}
{"target": -20.489412995706374, "params": {"C": 86.10191765420485, "epsilon": 1.0, "gamma": 0.001}, "datetime": {"datetime": "2021-09-27 21:18:57", "elapsed": 107.900045, "delta": 0.772002}}
{"target": -17.65308931360341, "params": {"C": 86.50643446681656, "epsilon": 0.20568582991638074, "gamma": 0.03384472039499153}, "datetime": {"datetime": "2021-09-27 21:18:58", "elapsed": 109.188229, "delta": 1.288184}}
{"target": -18.632571679840428, "params": {"C": 86.97634593390819, "epsilon": 0.934462712879694, "gamma": 0.0020151302091539966}, "datetime": {"datetime": "2021-09-27 21:18:59", "elapsed": 110.321131, "delta": 1.132902}}
{"target": -18.360389861182533, "params": {"C": 71.5201636765737, "epsilon": 0.9459853268364836, "gamma": 0.02479794925809618}, "datetime": {"datetime": "2021-09-27 21:19:01", "elapsed": 111.496679, "delta": 1.175548}}
{"target": -35.95830933104388, "params": {"C": 72.1622384734626, "epsilon": 0.9599192962599308, "gamma": 0.8458113607521663}, "datetime": {"datetime": "2021-09-27 21:19:01", "elapsed": 112.31367, "delta": 0.816991}}
{"target": -20.67944366974242, "params": {"C": 70.80139790710524, "epsilon": 1.0, "gamma": 0.001}, "datetime": {"datetime": "2021-09-27 21:19:02", "elapsed": 113.176668, "delta": 0.862998}}
{"target": -37.630546696113434, "params": {"C": 68.89655352790987, "epsilon": 1.0, "gamma": 1.0}, "datetime": {"datetime": "2021-09-27 21:19:03", "elapsed": 114.10167, "delta": 0.925002}}
{"target": -35.624745733915475, "params": {"C": 86.57922175564157, "epsilon": 1.0, "gamma": 0.8116374082684761}, "datetime": {"datetime": "2021-09-27 21:19:04", "elapsed": 115.058767, "delta": 0.957097}}
{"target": -36.17380822510028, "params": {"C": 76.71042746586595, "epsilon": 0.012271948026069894, "gamma": 0.9300720659629257}, "datetime": {"datetime": "2021-09-27 21:19:05", "elapsed": 116.039803, "delta": 0.981036}}
{"target": -18.042561916812367, "params": {"C": 66.69108158723013, "epsilon": 0.04989851640583247, "gamma": 0.031916616968963175}, "datetime": {"datetime": "2021-09-27 21:19:06", "elapsed": 117.077278, "delta": 1.037475}}
{"target": -36.82386902207338, "params": {"C": 66.88135140083618, "epsilon": 0.001, "gamma": 1.0}, "datetime": {"datetime": "2021-09-27 21:19:07", "elapsed": 117.983275, "delta": 0.905997}}
{"target": -20.832442484155873, "params": {"C": 71.56069459958228, "epsilon": 0.001, "gamma": 0.001}, "datetime": {"datetime": "2021-09-27 21:19:08", "elapsed": 119.047562, "delta": 1.064287}}
{"target": -21.61835155070298, "params": {"C": 23.70617566252954, "epsilon": 1.0, "gamma": 0.001}, "datetime": {"datetime": "2021-09-27 21:19:09", "elapsed": 119.958183, "delta": 0.910621}}
{"target": -36.82384533300612, "params": {"C": 74.18945881993875, "epsilon": 0.001, "gamma": 1.0}, "datetime": {"datetime": "2021-09-27 21:19:10", "elapsed": 120.873494, "delta": 0.915311}}
{"target": -21.014869604700106, "params": {"C": 45.81162021606337, "epsilon": 1.0, "gamma": 0.001}, "datetime": {"datetime": "2021-09-27 21:19:11", "elapsed": 121.809501, "delta": 0.936007}}
{"target": -20.98164235270658, "params": {"C": 45.741506785585806, "epsilon": 0.001, "gamma": 0.001}, "datetime": {"datetime": "2021-09-27 21:19:12", "elapsed": 122.783111, "delta": 0.97361}}
{"target": -20.477861546546976, "params": {"C": 87.9632782680375, "epsilon": 1.0, "gamma": 0.001}, "datetime": {"datetime": "2021-09-27 21:19:13", "elapsed": 123.614102, "delta": 0.830991}}
{"target": -20.57931043143542, "params": {"C": 82.48914944068322, "epsilon": 0.001, "gamma": 0.001}, "datetime": {"datetime": "2021-09-27 21:19:14", "elapsed": 124.596062, "delta": 0.98196}}
{"target": -36.01383106014227, "params": {"C": 82.40572942694199, "epsilon": 0.06662116498497518, "gamma": 0.9122633661831439}, "datetime": {"datetime": "2021-09-27 21:19:15", "elapsed": 125.704726, "delta": 1.108664}}
{"target": -21.63128804340708, "params": {"C": 22.426954787929773, "epsilon": 1.0, "gamma": 0.001}, "datetime": {"datetime": "2021-09-27 21:19:16", "elapsed": 126.772741, "delta": 1.068015}}
{"target": -20.45874404467261, "params": {"C": 92.56958162803063, "epsilon": 1.0, "gamma": 0.001}, "datetime": {"datetime": "2021-09-27 21:19:17", "elapsed": 127.921747, "delta": 1.149006}}
{"target": -22.62825121529982, "params": {"C": 11.634656084814265, "epsilon": 1.0, "gamma": 0.001}, "datetime": {"datetime": "2021-09-27 21:19:18", "elapsed": 128.821972, "delta": 0.900225}}
{"target": -20.26274505946624, "params": {"C": 98.99606518017853, "epsilon": 0.001, "gamma": 0.001}, "datetime": {"datetime": "2021-09-27 21:19:19", "elapsed": 129.862563, "delta": 1.040591}}
{"target": -20.92218521758633, "params": {"C": 67.61501800660908, "epsilon": 0.001, "gamma": 0.001}, "datetime": {"datetime": "2021-09-27 21:19:20", "elapsed": 130.965756, "delta": 1.103193}}
{"target": -17.435283189481225, "params": {"C": 92.90943778316223, "epsilon": 0.042927579303295396, "gamma": 0.008783980570479756}, "datetime": {"datetime": "2021-09-27 21:19:21", "elapsed": 132.268759, "delta": 1.303003}}
{"target": -36.35573946489904, "params": {"C": 98.35070841253649, "epsilon": 0.0913449062094259, "gamma": 0.9478581825729987}, "datetime": {"datetime": "2021-09-27 21:19:22", "elapsed": 133.32837, "delta": 1.059611}}
{"target": -23.481671529921535, "params": {"C": 7.362555035926971, "epsilon": 0.001, "gamma": 0.001}, "datetime": {"datetime": "2021-09-27 21:19:23", "elapsed": 134.451008, "delta": 1.122638}}
{"target": -18.44036958237591, "params": {"C": 19.239587204023074, "epsilon": 0.04073563390875459, "gamma": 0.08460023240303888}, "datetime": {"datetime": "2021-09-27 21:19:25", "elapsed": 135.698005, "delta": 1.246997}}
{"target": -16.838121354337027, "params": {"C": 17.666491446840336, "epsilon": 0.039166973829813656, "gamma": 0.022515811484141116}, "datetime": {"datetime": "2021-09-27 21:19:26", "elapsed": 136.770263, "delta": 1.072258}}
{"target": -17.07773178752233, "params": {"C": 17.505181961545457, "epsilon": 0.7557694029062083, "gamma": 0.04112418408269126}, "datetime": {"datetime": "2021-09-27 21:19:27", "elapsed": 138.061267, "delta": 1.291004}}
{"target": -34.13312771215551, "params": {"C": 17.462070643478114, "epsilon": 0.001, "gamma": 0.8047277016762432}, "datetime": {"datetime": "2021-09-27 21:19:28", "elapsed": 138.933473, "delta": 0.872206}}
{"target": -16.93979587327594, "params": {"C": 18.46255351157667, "epsilon": 0.17947277407542225, "gamma": 0.009715525605608809}, "datetime": {"datetime": "2021-09-27 21:19:29", "elapsed": 140.036469, "delta": 1.102996}}
{"target": -21.86593235567028, "params": {"C": 16.93329068279129, "epsilon": 1.0, "gamma": 0.001}, "datetime": {"datetime": "2021-09-27 21:19:30", "elapsed": 141.444883, "delta": 1.408414}}
{"target": -20.987846303102277, "params": {"C": 44.780895706393345, "epsilon": 0.001, "gamma": 0.001}, "datetime": {"datetime": "2021-09-27 21:19:32", "elapsed": 142.527982, "delta": 1.083099}}
{"target": -20.48939153011231, "params": {"C": 87.20974844810559, "epsilon": 0.001, "gamma": 0.001}, "datetime": {"datetime": "2021-09-27 21:19:33", "elapsed": 143.536991, "delta": 1.009009}}
{"target": -18.907897221249172, "params": {"C": 88.7635770236442, "epsilon": 0.006412278686480183, "gamma": 0.02226639311632184}, "datetime": {"datetime": "2021-09-27 21:19:34", "elapsed": 144.941027, "delta": 1.404036}}
{"target": -17.55055404040592, "params": {"C": 88.79537914688832, "epsilon": 0.7711502806298131, "gamma": 0.0335026397297238}, "datetime": {"datetime": "2021-09-27 21:19:35", "elapsed": 145.957028, "delta": 1.016001}}
{"target": -18.104189533439285, "params": {"C": 89.69119537122532, "epsilon": 0.1701112485261103, "gamma": 0.01862616633796944}, "datetime": {"datetime": "2021-09-27 21:19:36", "elapsed": 146.991217, "delta": 1.034189}}
{"target": -16.815872325116956, "params": {"C": 18.040292710601246, "epsilon": 0.5906081574870127, "gamma": 0.020526636591717114}, "datetime": {"datetime": "2021-09-27 21:19:37", "elapsed": 148.306175, "delta": 1.314958}}
{"target": -37.02385592851717, "params": {"C": 12.251226558629295, "epsilon": 1.0, "gamma": 1.0}, "datetime": {"datetime": "2021-09-27 21:19:39", "elapsed": 149.477869, "delta": 1.171694}}
{"target": -21.709876042223776, "params": {"C": 27.619036586928335, "epsilon": 0.001, "gamma": 0.001}, "datetime": {"datetime": "2021-09-27 21:19:40", "elapsed": 150.89242, "delta": 1.414551}}
{"target": -20.23941914101137, "params": {"C": 100.0, "epsilon": 0.001, "gamma": 0.001}, "datetime": {"datetime": "2021-09-27 21:19:41", "elapsed": 151.987418, "delta": 1.094998}}
{"target": -21.492280375123322, "params": {"C": 28.371960682679077, "epsilon": 1.0, "gamma": 0.001}, "datetime": {"datetime": "2021-09-27 21:19:42", "elapsed": 153.425603, "delta": 1.438185}}
{"target": -21.241154657179184, "params": {"C": 35.556148443517785, "epsilon": 1.0, "gamma": 0.001}, "datetime": {"datetime": "2021-09-27 21:19:43", "elapsed": 154.370606, "delta": 0.945003}}
{"target": -20.43784243171753, "params": {"C": 90.41984924876148, "epsilon": 0.001, "gamma": 0.001}, "datetime": {"datetime": "2021-09-27 21:19:45", "elapsed": 155.684144, "delta": 1.313538}}
{"target": -16.75109783616122, "params": {"C": 43.57447060981859, "epsilon": 0.008077079211453817, "gamma": 0.008653966306175407}, "datetime": {"datetime": "2021-09-27 21:19:46", "elapsed": 156.812477, "delta": 1.128333}}
{"target": -25.73707597916452, "params": {"C": 4.185074228534005, "epsilon": 1.0, "gamma": 0.001}, "datetime": {"datetime": "2021-09-27 21:19:47", "elapsed": 158.105477, "delta": 1.293}}
{"target": -19.03266640599444, "params": {"C": 43.31518855830155, "epsilon": 0.6759692770361695, "gamma": 0.072095765808477}, "datetime": {"datetime": "2021-09-27 21:19:48", "elapsed": 159.199488, "delta": 1.094011}}
