{"target": -17.93094330117963, "params": {"C": 96.39325810612658, "epsilon": 0.0285003458485781, "gamma": 0.012706851023087287}, "datetime": {"datetime": "2021-09-27 21:51:45", "elapsed": 630.420435, "delta": 2.828537}}
{"target": -31.49740929163477, "params": {"C": 93.20826205228954, "epsilon": 0.001, "gamma": 0.5}, "datetime": {"datetime": "2021-09-27 21:51:48", "elapsed": 633.852832, "delta": 3.432397}}
{"target": -17.74507794696759, "params": {"C": 83.5439974262234, "epsilon": 0.371907888562327, "gamma": 0.04199885066030371}, "datetime": {"datetime": "2021-09-27 21:51:51", "elapsed": 636.881925, "delta": 3.029093}}
{"target": -17.91517955398725, "params": {"C": 83.37933312924048, "epsilon": 0.061232402450747056, "gamma": 0.030687283701707257}, "datetime": {"datetime": "2021-09-27 21:51:55", "elapsed": 640.746996, "delta": 3.865071}}
{"target": -18.359728801962916, "params": {"C": 83.22536403999253, "epsilon": 0.38651943025298224, "gamma": 0.05827545874032934}, "datetime": {"datetime": "2021-09-27 21:51:59", "elapsed": 644.692485, "delta": 3.945489}}
{"target": -29.71682504997287, "params": {"C": 83.40380483208428, "epsilon": 0.277718946556617, "gamma": 0.33381322409666037}, "datetime": {"datetime": "2021-09-27 21:52:02", "elapsed": 647.730202, "delta": 3.037717}}
{"target": -18.769796930184885, "params": {"C": 83.04730321124426, "epsilon": 0.008374553546102535, "gamma": 0.02307666648954807}, "datetime": {"datetime": "2021-09-27 21:52:05", "elapsed": 650.851325, "delta": 3.121123}}
{"target": -17.74889265337886, "params": {"C": 83.69799028075282, "epsilon": 0.0035420616738531686, "gamma": 0.013376846307025127}, "datetime": {"datetime": "2021-09-27 21:52:08", "elapsed": 654.282213, "delta": 3.430888}}
{"target": -18.2655166449043, "params": {"C": 83.84005497277238, "epsilon": 0.3638612145317275, "gamma": 0.05713865751527522}, "datetime": {"datetime": "2021-09-27 21:52:13", "elapsed": 658.761925, "delta": 4.479712}}
{"target": -17.56711493539541, "params": {"C": 44.43251217882809, "epsilon": 0.052698598774929606, "gamma": 0.0039044796427228734}, "datetime": {"datetime": "2021-09-27 21:52:18", "elapsed": 663.761426, "delta": 4.999501}}
{"target": -16.99896325554191, "params": {"C": 84.03061840157613, "epsilon": 0.05595221135692665, "gamma": 0.005595288997571217}, "datetime": {"datetime": "2021-09-27 21:52:21", "elapsed": 667.27433, "delta": 3.512904}}
{"target": -17.441582974906584, "params": {"C": 82.88814029695344, "epsilon": 0.3974657078955152, "gamma": 0.003588568043753189}, "datetime": {"datetime": "2021-09-27 21:52:25", "elapsed": 670.539749, "delta": 3.265419}}
{"target": -35.668923226457785, "params": {"C": 1.5616575706412674, "epsilon": 0.22431662783054834, "gamma": 0.4540684592199684}, "datetime": {"datetime": "2021-09-27 21:52:27", "elapsed": 672.547391, "delta": 2.007642}}
{"target": -25.4404716120025, "params": {"C": 26.25772377615815, "epsilon": 0.0697331235336486, "gamma": 0.24284664730320077}, "datetime": {"datetime": "2021-09-27 21:52:29", "elapsed": 674.542015, "delta": 1.994624}}
{"target": -18.37140387954161, "params": {"C": 84.19597297451459, "epsilon": 0.3588413716338219, "gamma": 0.002}, "datetime": {"datetime": "2021-09-27 21:52:31", "elapsed": 677.268355, "delta": 2.72634}}
{"target": -27.232083544657865, "params": {"C": 83.95157984681224, "epsilon": 0.15150719623686085, "gamma": 0.23155766364319588}, "datetime": {"datetime": "2021-09-27 21:52:36", "elapsed": 681.444684, "delta": 4.176329}}
{"target": -19.16171207364556, "params": {"C": 49.90337425111897, "epsilon": 0.001, "gamma": 0.002}, "datetime": {"datetime": "2021-09-27 21:52:39", "elapsed": 684.700836, "delta": 3.256152}}
{"target": -30.021784270746068, "params": {"C": 49.83802398202866, "epsilon": 0.001, "gamma": 0.4125786271406635}, "datetime": {"datetime": "2021-09-27 21:52:42", "elapsed": 687.962608, "delta": 3.261772}}
{"target": -19.33916032589417, "params": {"C": 44.06156829278023, "epsilon": 0.001, "gamma": 0.002}, "datetime": {"datetime": "2021-09-27 21:52:46", "elapsed": 691.682427, "delta": 3.719819}}
{"target": -16.868504154559513, "params": {"C": 50.207015140055766, "epsilon": 0.2633530617540044, "gamma": 0.011140573189365562}, "datetime": {"datetime": "2021-09-27 21:52:49", "elapsed": 695.119766, "delta": 3.437339}}
{"target": -17.529719864396334, "params": {"C": 50.33286878864728, "epsilon": 0.01611762427982495, "gamma": 0.05612641229310576}, "datetime": {"datetime": "2021-09-27 21:52:52", "elapsed": 697.96166, "delta": 2.841894}}
{"target": -25.72598427353664, "params": {"C": 50.40293739356107, "epsilon": 0.3058359615419148, "gamma": 0.20150767470271463}, "datetime": {"datetime": "2021-09-27 21:52:56", "elapsed": 701.696855, "delta": 3.735195}}
{"target": -19.023038726167385, "params": {"C": 49.93569961697088, "epsilon": 0.4, "gamma": 0.002}, "datetime": {"datetime": "2021-09-27 21:53:01", "elapsed": 706.841931, "delta": 5.145076}}
{"target": -17.84437053948389, "params": {"C": 85.47725667382912, "epsilon": 0.13689194998281035, "gamma": 0.015115206354254732}, "datetime": {"datetime": "2021-09-27 21:53:05", "elapsed": 710.769477, "delta": 3.927546}}
{"target": -17.126209661976596, "params": {"C": 70.24214033712555, "epsilon": 0.37593008415728685, "gamma": 0.004588753035863506}, "datetime": {"datetime": "2021-09-27 21:53:07", "elapsed": 712.718597, "delta": 1.94912}}
{"target": -29.367335822112082, "params": {"C": 1.1054766521222825, "epsilon": 0.1261329634829704, "gamma": 0.1383486371376982}, "datetime": {"datetime": "2021-09-27 21:53:09", "elapsed": 714.660738, "delta": 1.942141}}
{"target": -20.25753395198701, "params": {"C": 19.7357151005676, "epsilon": 0.19196953991559168, "gamma": 0.11212029161400533}, "datetime": {"datetime": "2021-09-27 21:53:13", "elapsed": 719.092237, "delta": 4.431499}}
{"target": -19.311480514415926, "params": {"C": 44.66768461801823, "epsilon": 0.001, "gamma": 0.002}, "datetime": {"datetime": "2021-09-27 21:53:19", "elapsed": 724.519964, "delta": 5.427727}}
{"target": -21.621471257078294, "params": {"C": 84.66294877909813, "epsilon": 0.03700608230155322, "gamma": 0.10835011745105233}, "datetime": {"datetime": "2021-09-27 21:53:21", "elapsed": 726.835189, "delta": 2.315225}}
{"target": -18.29997892352181, "params": {"C": 85.60243405193485, "epsilon": 0.4, "gamma": 0.002}, "datetime": {"datetime": "2021-09-27 21:53:26", "elapsed": 731.487572, "delta": 4.652383}}
{"target": -30.40791416444789, "params": {"C": 46.213099252826076, "epsilon": 0.010151449497510671, "gamma": 0.4461665310975434}, "datetime": {"datetime": "2021-09-27 21:53:28", "elapsed": 733.726116, "delta": 2.238544}}
{"target": -27.251692524158848, "params": {"C": 21.43492537966194, "epsilon": 0.22654758304223063, "gamma": 0.3264494335534381}, "datetime": {"datetime": "2021-09-27 21:53:30", "elapsed": 735.601307, "delta": 1.875191}}
{"target": -23.763879445035172, "params": {"C": 19.112745499853, "epsilon": 0.2179456401617442, "gamma": 0.20080058049063626}, "datetime": {"datetime": "2021-09-27 21:53:32", "elapsed": 737.826352, "delta": 2.225045}}
{"target": -18.85271283814326, "params": {"C": 34.945062524349034, "epsilon": 0.32757140998240813, "gamma": 0.08185293590239782}, "datetime": {"datetime": "2021-09-27 21:53:34", "elapsed": 740.003289, "delta": 2.176937}}
{"target": -19.428641225335536, "params": {"C": 35.12326723418233, "epsilon": 0.13113246189012, "gamma": 0.002}, "datetime": {"datetime": "2021-09-27 21:53:38", "elapsed": 744.032146, "delta": 4.028857}}
{"target": -18.367902475323657, "params": {"C": 85.28400921123635, "epsilon": 0.3669022661622957, "gamma": 0.002}, "datetime": {"datetime": "2021-09-27 21:53:42", "elapsed": 748.066586, "delta": 4.03444}}
{"target": -28.64910611147473, "params": {"C": 85.32899078298453, "epsilon": 0.171071726311126, "gamma": 0.27513665251039177}, "datetime": {"datetime": "2021-09-27 21:53:47", "elapsed": 752.752396, "delta": 4.68581}}
{"target": -16.922029702963812, "params": {"C": 50.14681272678973, "epsilon": 0.015051167121696563, "gamma": 0.010056872243666345}, "datetime": {"datetime": "2021-09-27 21:53:51", "elapsed": 757.084327, "delta": 4.331931}}
{"target": -17.667931595781912, "params": {"C": 85.74975929596782, "epsilon": 0.03230218394088021, "gamma": 0.04185621729644094}, "datetime": {"datetime": "2021-09-27 21:53:55", "elapsed": 761.306106, "delta": 4.221779}}
{"target": -18.376357785393825, "params": {"C": 85.88374485982585, "epsilon": 0.2737489591470428, "gamma": 0.002}, "datetime": {"datetime": "2021-09-27 21:53:59", "elapsed": 765.260442, "delta": 3.954336}}
{"target": -19.231563789652228, "params": {"C": 45.9064594017576, "epsilon": 0.4, "gamma": 0.002}, "datetime": {"datetime": "2021-09-27 21:54:06", "elapsed": 771.596113, "delta": 6.335671}}
{"target": -17.070059699603615, "params": {"C": 16.69465695785195, "epsilon": 0.3212303597149005, "gamma": 0.009656886225837446}, "datetime": {"datetime": "2021-09-27 21:54:08", "elapsed": 773.701168, "delta": 2.105055}}
{"target": -30.199526603621457, "params": {"C": 8.844576960734663, "epsilon": 0.1522530142317425, "gamma": 0.4695290183683457}, "datetime": {"datetime": "2021-09-27 21:54:10", "elapsed": 775.897623, "delta": 2.196455}}
{"target": -19.26147978831275, "params": {"C": 16.66934325322342, "epsilon": 0.050792793660041816, "gamma": 0.09836308603357237}, "datetime": {"datetime": "2021-09-27 21:54:14", "elapsed": 780.219786, "delta": 4.322163}}
{"target": -17.0479980659939, "params": {"C": 12.843709911989174, "epsilon": 0.16202336643448578, "gamma": 0.040822506924532764}, "datetime": {"datetime": "2021-09-27 21:54:16", "elapsed": 782.175048, "delta": 1.955262}}
{"target": -20.011146806805545, "params": {"C": 37.96919157557382, "epsilon": 0.38465028902343895, "gamma": 0.09737379288042142}, "datetime": {"datetime": "2021-09-27 21:54:19", "elapsed": 784.592199, "delta": 2.417151}}
{"target": -20.4608557366382, "params": {"C": 16.96078183149352, "epsilon": 0.2699295862881678, "gamma": 0.002}, "datetime": {"datetime": "2021-09-27 21:54:24", "elapsed": 789.464325, "delta": 4.872126}}
{"target": -26.023434576903547, "params": {"C": 16.66191050732867, "epsilon": 0.38597162462998896, "gamma": 0.27708482319618827}, "datetime": {"datetime": "2021-09-27 21:54:27", "elapsed": 792.941619, "delta": 3.477294}}
{"target": -17.1062792017405, "params": {"C": 34.778783709590556, "epsilon": 0.09806480949521748, "gamma": 0.02692987372960276}, "datetime": {"datetime": "2021-09-27 21:54:33", "elapsed": 798.580824, "delta": 5.639205}}
{"target": -17.610567890297187, "params": {"C": 34.41997269888306, "epsilon": 0.06439548389928387, "gamma": 0.04930635983925973}, "datetime": {"datetime": "2021-09-27 21:54:37", "elapsed": 802.718965, "delta": 4.138141}}
{"target": -24.64233344434758, "params": {"C": 34.64090951550358, "epsilon": 0.03277952720491712, "gamma": 0.20499022633981764}, "datetime": {"datetime": "2021-09-27 21:54:41", "elapsed": 807.037288, "delta": 4.318323}}
{"target": -30.05826381017009, "params": {"C": 51.05749229479834, "epsilon": 0.1092361753233214, "gamma": 0.40227835198522804}, "datetime": {"datetime": "2021-09-27 21:54:43", "elapsed": 809.236076, "delta": 2.198788}}
{"target": -18.170191489237972, "params": {"C": 34.23856497145287, "epsilon": 0.20807079454742322, "gamma": 0.07141137472415669}, "datetime": {"datetime": "2021-09-27 21:54:48", "elapsed": 813.895753, "delta": 4.659677}}
{"target": -27.843179478222375, "params": {"C": 9.76590742802846, "epsilon": 0.16767728506527801, "gamma": 0.349019272303867}, "datetime": {"datetime": "2021-09-27 21:54:51", "elapsed": 816.385499, "delta": 2.489746}}
{"target": -19.59373941899721, "params": {"C": 34.502397320832365, "epsilon": 0.31773863355234566, "gamma": 0.002}, "datetime": {"datetime": "2021-09-27 21:54:58", "elapsed": 824.167437, "delta": 7.781938}}
{"target": -17.17468732544039, "params": {"C": 69.66508163634776, "epsilon": 0.3998627986449892, "gamma": 0.004958791587411304}, "datetime": {"datetime": "2021-09-27 21:55:05", "elapsed": 830.889975, "delta": 6.722538}}
{"target": -29.51410898616336, "params": {"C": 85.86053657813227, "epsilon": 0.155501713116842, "gamma": 0.3261958104681389}, "datetime": {"datetime": "2021-09-27 21:55:11", "elapsed": 836.414532, "delta": 5.524557}}
{"target": -18.963405945034808, "params": {"C": 62.44183807045773, "epsilon": 0.001, "gamma": 0.002}, "datetime": {"datetime": "2021-09-27 21:55:17", "elapsed": 842.762583, "delta": 6.348051}}
{"target": -17.278231693240897, "params": {"C": 88.44196342870308, "epsilon": 0.019965947504512586, "gamma": 0.00383456440012094}, "datetime": {"datetime": "2021-09-27 21:55:20", "elapsed": 845.495359, "delta": 2.732776}}
{"target": -25.637964220353034, "params": {"C": 68.35962392117067, "epsilon": 0.3558714883153214, "gamma": 0.1801233790589775}, "datetime": {"datetime": "2021-09-27 21:55:22", "elapsed": 848.028664, "delta": 2.533305}}
{"target": -17.93532942958439, "params": {"C": 96.64470707799804, "epsilon": 0.24987142426998613, "gamma": 0.01612059652745136}, "datetime": {"datetime": "2021-09-27 21:55:27", "elapsed": 852.543841, "delta": 4.515177}}
{"target": -19.664149671314313, "params": {"C": 34.15013969030406, "epsilon": 0.001, "gamma": 0.002}, "datetime": {"datetime": "2021-09-27 21:55:32", "elapsed": 857.442635, "delta": 4.898794}}
{"target": -28.938869175389975, "params": {"C": 82.89632010069008, "epsilon": 0.32082145336351564, "gamma": 0.2767429169409684}, "datetime": {"datetime": "2021-09-27 21:55:37", "elapsed": 863.30909, "delta": 5.866455}}
{"target": -19.15259292782357, "params": {"C": 47.292021127502785, "epsilon": 0.31770926169642877, "gamma": 0.002}, "datetime": {"datetime": "2021-09-27 21:55:43", "elapsed": 868.430869, "delta": 5.121779}}
{"target": -16.974707439690025, "params": {"C": 44.52104486918601, "epsilon": 0.39700227570902397, "gamma": 0.00849606192894016}, "datetime": {"datetime": "2021-09-27 21:55:48", "elapsed": 874.151889, "delta": 5.72102}}
{"target": -29.07598481484427, "params": {"C": 54.19489583693437, "epsilon": 0.37969243759750404, "gamma": 0.3215174623916687}, "datetime": {"datetime": "2021-09-27 21:55:51", "elapsed": 876.750528, "delta": 2.598639}}
{"target": -31.23802939806749, "params": {"C": 86.84811314033063, "epsilon": 0.09017997401682265, "gamma": 0.4738718643387281}, "datetime": {"datetime": "2021-09-27 21:55:53", "elapsed": 879.218715, "delta": 2.468187}}
{"target": -17.057193926662293, "params": {"C": 44.20445953658189, "epsilon": 0.2914350586901931, "gamma": 0.006047448512770509}, "datetime": {"datetime": "2021-09-27 21:56:01", "elapsed": 886.368477, "delta": 7.149762}}
{"target": -19.35279546141263, "params": {"C": 43.90579008666202, "epsilon": 0.36431927183035434, "gamma": 0.08584375705445829}, "datetime": {"datetime": "2021-09-27 21:56:06", "elapsed": 892.143114, "delta": 5.774637}}
{"target": -16.888271239592388, "params": {"C": 53.65983904996955, "epsilon": 0.04374571792572806, "gamma": 0.009234958856785318}, "datetime": {"datetime": "2021-09-27 21:56:12", "elapsed": 897.838748, "delta": 5.695634}}
{"target": -17.19867813946702, "params": {"C": 70.47444013025189, "epsilon": 0.39269703502547, "gamma": 0.005999968700508814}, "datetime": {"datetime": "2021-09-27 21:56:17", "elapsed": 903.087124, "delta": 5.248376}}
{"target": -17.611899674060847, "params": {"C": 23.935182257692905, "epsilon": 0.24310552206098093, "gamma": 0.06493099912608208}, "datetime": {"datetime": "2021-09-27 21:56:19", "elapsed": 905.135911, "delta": 2.048787}}
{"target": -26.311479388201096, "params": {"C": 4.658719891787471, "epsilon": 0.2530646871225468, "gamma": 0.21967929430210129}, "datetime": {"datetime": "2021-09-27 21:56:22", "elapsed": 907.340572, "delta": 2.204661}}
{"target": -20.713088667752917, "params": {"C": 58.88992954910715, "epsilon": 0.015105915661886824, "gamma": 0.09586790354847606}, "datetime": {"datetime": "2021-09-27 21:56:24", "elapsed": 909.450495, "delta": 2.109923}}
{"target": -19.978360584270312, "params": {"C": 24.179717513191598, "epsilon": 0.4, "gamma": 0.002}, "datetime": {"datetime": "2021-09-27 21:56:30", "elapsed": 915.692531, "delta": 6.242036}}
{"target": -26.308016735312133, "params": {"C": 24.145412525436086, "epsilon": 0.03033072998105075, "gamma": 0.2857466780841762}, "datetime": {"datetime": "2021-09-27 21:56:38", "elapsed": 924.012188, "delta": 8.319657}}
{"target": -17.228742272454515, "params": {"C": 45.20121820388751, "epsilon": 0.18834607986947272, "gamma": 0.005008288522447533}, "datetime": {"datetime": "2021-09-27 21:56:43", "elapsed": 928.928352, "delta": 4.916164}}
{"target": -17.180597099883553, "params": {"C": 46.74301578549136, "epsilon": 0.3622590615896569, "gamma": 0.017708256129188117}, "datetime": {"datetime": "2021-09-27 21:56:45", "elapsed": 930.839969, "delta": 1.911617}}
{"target": -16.68971304539846, "params": {"C": 23.695984959859196, "epsilon": 0.3585575844829577, "gamma": 0.010138048065741204}, "datetime": {"datetime": "2021-09-27 21:56:49", "elapsed": 935.07204, "delta": 4.232071}}
{"target": -16.915268613722233, "params": {"C": 23.344964336423146, "epsilon": 0.3000592543075275, "gamma": 0.019689131369856255}, "datetime": {"datetime": "2021-09-27 21:56:55", "elapsed": 940.695225, "delta": 5.623185}}
{"target": -30.791755309664165, "params": {"C": 83.84914338702475, "epsilon": 0.29154548858877977, "gamma": 0.41453555679362125}, "datetime": {"datetime": "2021-09-27 21:56:57", "elapsed": 942.581951, "delta": 1.886726}}
{"target": -16.79710990588335, "params": {"C": 23.085858231197708, "epsilon": 0.3702488048728551, "gamma": 0.01808638481698835}, "datetime": {"datetime": "2021-09-27 21:57:01", "elapsed": 946.949208, "delta": 4.367257}}
{"target": -17.662609558632038, "params": {"C": 22.973032125118905, "epsilon": 0.14982403737082978, "gamma": 0.06523134065105984}, "datetime": {"datetime": "2021-09-27 21:57:05", "elapsed": 950.918765, "delta": 3.969557}}
{"target": -23.6689460507155, "params": {"C": 22.84150455472652, "epsilon": 0.3684424296298706, "gamma": 0.1880158310764183}, "datetime": {"datetime": "2021-09-27 21:57:13", "elapsed": 959.309172, "delta": 8.390407}}
{"target": -17.701553171481166, "params": {"C": 23.191456900047392, "epsilon": 0.005206957611683503, "gamma": 0.06848133619643851}, "datetime": {"datetime": "2021-09-27 21:57:18", "elapsed": 963.756385, "delta": 4.447213}}
{"target": -20.20662165681962, "params": {"C": 23.62366301462509, "epsilon": 0.09903127963138483, "gamma": 0.002}, "datetime": {"datetime": "2021-09-27 21:57:22", "elapsed": 967.455431, "delta": 3.699046}}
{"target": -23.579905735619732, "params": {"C": 23.23806050203197, "epsilon": 0.35284519725518815, "gamma": 0.1853277030101231}, "datetime": {"datetime": "2021-09-27 21:57:28", "elapsed": 973.402417, "delta": 5.946986}}
{"target": -17.702239367828618, "params": {"C": 43.663742151659996, "epsilon": 0.024264359277104523, "gamma": 0.03514133891580247}, "datetime": {"datetime": "2021-09-27 21:57:32", "elapsed": 977.660878, "delta": 4.258461}}
