{"target": -33.00924688432001, "params": {"C": 55.33253688880515, "epsilon": 0.7154741770060471, "gamma": 0.6031606126955722}, "datetime": {"datetime": "2021-09-27 21:17:09", "elapsed": 0.0, "delta": 0.0}}
{"target": -33.30068954272082, "params": {"C": 54.94343511669279, "epsilon": 0.4242311445395658, "gamma": 0.6462482189535894}, "datetime": {"datetime": "2021-09-27 21:17:09", "elapsed": 0.075996, "delta": 0.075996}}
{"target": -37.15165667236152, "params": {"C": 44.321133915006556, "epsilon": 0.8918812277812977, "gamma": 0.9636990977405282}, "datetime": {"datetime": "2021-09-27 21:17:09", "elapsed": 0.151001, "delta": 0.075005}}
{"target": -32.22705382939953, "params": {"C": 38.96071036375199, "epsilon": 0.7919333130445819, "gamma": 0.5293660248331515}, "datetime": {"datetime": "2021-09-27 21:17:09", "elapsed": 0.227, "delta": 0.075999}}
{"target": -19.85266997705836, "params": {"C": 57.2364115482993, "epsilon": 0.9256710416543684, "gamma": 0.07196502213968906}, "datetime": {"datetime": "2021-09-27 21:17:09", "elapsed": 0.308997, "delta": 0.081997}}
{"target": -20.87487079801922, "params": {"C": 58.29115675896928, "epsilon": 1.0, "gamma": 0.001}, "datetime": {"datetime": "2021-09-27 21:17:10", "elapsed": 0.572994, "delta": 0.263997}}
{"target": -36.82336289538679, "params": {"C": 57.952885006639605, "epsilon": 0.001, "gamma": 1.0}, "datetime": {"datetime": "2021-09-27 21:17:10", "elapsed": 0.910005, "delta": 0.337011}}
{"target": -20.85342633443158, "params": {"C": 59.35253934878822, "epsilon": 1.0, "gamma": 0.001}, "datetime": {"datetime": "2021-09-27 21:17:10", "elapsed": 1.211996, "delta": 0.301991}}
{"target": -20.826823593680924, "params": {"C": 60.699399319645096, "epsilon": 1.0, "gamma": 0.001}, "datetime": {"datetime": "2021-09-27 21:17:11", "elapsed": 1.484999, "delta": 0.273003}}
{"target": -26.921744513379092, "params": {"C": 62.13940939634355, "epsilon": 0.010235802928913962, "gamma": 0.2477652403353593}, "datetime": {"datetime": "2021-09-27 21:17:11", "elapsed": 1.676279, "delta": 0.19128}}
{"target": -37.630546696113434, "params": {"C": 60.32361476772979, "epsilon": 1.0, "gamma": 1.0}, "datetime": {"datetime": "2021-09-27 21:17:11", "elapsed": 1.878291, "delta": 0.202012}}
{"target": -18.557294738226503, "params": {"C": 58.997882721292264, "epsilon": 0.3887849673039232, "gamma": 0.06899815538861669}, "datetime": {"datetime": "2021-09-27 21:17:11", "elapsed": 2.177283, "delta": 0.298992}}
{"target": -17.352316947442233, "params": {"C": 59.579316213466434, "epsilon": 0.2972190283831595, "gamma": 0.015409675597286787}, "datetime": {"datetime": "2021-09-27 21:17:11", "elapsed": 2.383286, "delta": 0.206003}}
{"target": -16.95405834794716, "params": {"C": 60.93911072034804, "epsilon": 0.026284362348503842, "gamma": 0.00805560144896491}, "datetime": {"datetime": "2021-09-27 21:17:12", "elapsed": 2.72828, "delta": 0.344994}}
{"target": -22.86615527077478, "params": {"C": 81.93254329153054, "epsilon": 0.9742015097254898, "gamma": 0.10695471933993243}, "datetime": {"datetime": "2021-09-27 21:17:12", "elapsed": 3.171279, "delta": 0.442999}}
{"target": -30.228333487866333, "params": {"C": 83.70552973941251, "epsilon": 0.9292373051944411, "gamma": 0.2822997742596186}, "datetime": {"datetime": "2021-09-27 21:17:12", "elapsed": 3.383286, "delta": 0.212007}}
{"target": -20.52195237983465, "params": {"C": 80.35985352510298, "epsilon": 1.0, "gamma": 0.001}, "datetime": {"datetime": "2021-09-27 21:17:13", "elapsed": 3.619488, "delta": 0.236202}}
{"target": -35.661489154769235, "params": {"C": 80.75908437776836, "epsilon": 0.001, "gamma": 0.8768629796139477}, "datetime": {"datetime": "2021-09-27 21:17:13", "elapsed": 4.044031, "delta": 0.424543}}
{"target": -18.069202683012197, "params": {"C": 79.0317833894037, "epsilon": 0.9948665294143757, "gamma": 0.026832338751856175}, "datetime": {"datetime": "2021-09-27 21:17:13", "elapsed": 4.370035, "delta": 0.326004}}
{"target": -30.785672695182488, "params": {"C": 77.99621666292677, "epsilon": 0.954354366756648, "gamma": 0.3242565464735786}, "datetime": {"datetime": "2021-09-27 21:17:14", "elapsed": 4.715037, "delta": 0.345002}}
{"target": -18.166235203634617, "params": {"C": 79.4069966045172, "epsilon": 0.29380279352164984, "gamma": 0.023774101326485275}, "datetime": {"datetime": "2021-09-27 21:17:14", "elapsed": 5.054034, "delta": 0.338997}}
{"target": -35.529005033441244, "params": {"C": 79.39293455023616, "epsilon": 0.9446376356400188, "gamma": 0.8090719266154971}, "datetime": {"datetime": "2021-09-27 21:17:14", "elapsed": 5.311029, "delta": 0.256995}}
{"target": -20.653260477601, "params": {"C": 60.25999383040113, "epsilon": 0.2190972797346851, "gamma": 0.09476607057015811}, "datetime": {"datetime": "2021-09-27 21:17:15", "elapsed": 5.612526, "delta": 0.301497}}
{"target": -18.565730678649516, "params": {"C": 78.81400053084836, "epsilon": 0.01824386264468123, "gamma": 0.022357465461517664}, "datetime": {"datetime": "2021-09-27 21:17:15", "elapsed": 6.023522, "delta": 0.410996}}
{"target": -17.883039586615336, "params": {"C": 61.65517060832918, "epsilon": 0.9486878939594895, "gamma": 0.01771708315316962}, "datetime": {"datetime": "2021-09-27 21:17:15", "elapsed": 6.349527, "delta": 0.326005}}
{"target": -33.62890715236057, "params": {"C": 18.63213748311467, "epsilon": 0.8603732240152838, "gamma": 0.6874012432608669}, "datetime": {"datetime": "2021-09-27 21:17:16", "elapsed": 6.593521, "delta": 0.243994}}
{"target": -35.73033879222013, "params": {"C": 99.94035634662144, "epsilon": 0.8276307852558065, "gamma": 0.8390161299643005}, "datetime": {"datetime": "2021-09-27 21:17:16", "elapsed": 7.053525, "delta": 0.460004}}
{"target": -30.66890575775106, "params": {"C": 2.839421749017383, "epsilon": 0.33948256929250187, "gamma": 0.31931076981140233}, "datetime": {"datetime": "2021-09-27 21:17:16", "elapsed": 7.400525, "delta": 0.347}}
{"target": -25.658479690690463, "params": {"C": 28.901466752208428, "epsilon": 0.08768916017777378, "gamma": 0.2436252561996904}, "datetime": {"datetime": "2021-09-27 21:17:17", "elapsed": 7.81902, "delta": 0.418495}}
{"target": -37.60804101078835, "params": {"C": 27.09062580419134, "epsilon": 1.0, "gamma": 1.0}, "datetime": {"datetime": "2021-09-27 21:17:17", "elapsed": 8.309024, "delta": 0.490004}}
{"target": -21.601090861352553, "params": {"C": 30.815707027023315, "epsilon": 0.001, "gamma": 0.001}, "datetime": {"datetime": "2021-09-27 21:17:18", "elapsed": 8.837013, "delta": 0.527989}}
{"target": -37.37016124837895, "params": {"C": 30.74728421089294, "epsilon": 0.7841105763412307, "gamma": 1.0}, "datetime": {"datetime": "2021-09-27 21:17:18", "elapsed": 9.264026, "delta": 0.427013}}
{"target": -17.307372077348248, "params": {"C": 32.325548172896575, "epsilon": 0.10275512093130235, "gamma": 0.03913016176276561}, "datetime": {"datetime": "2021-09-27 21:17:19", "elapsed": 9.842439, "delta": 0.578413}}
{"target": -21.481868954106005, "params": {"C": 33.24145535142052, "epsilon": 0.001, "gamma": 0.001}, "datetime": {"datetime": "2021-09-27 21:17:19", "elapsed": 10.291437, "delta": 0.448998}}
{"target": -21.4197647271778, "params": {"C": 32.619548900114324, "epsilon": 1.0, "gamma": 0.001}, "datetime": {"datetime": "2021-09-27 21:17:20", "elapsed": 10.975439, "delta": 0.684002}}
{"target": -36.33357635886088, "params": {"C": 32.4764175743086, "epsilon": 0.18957569871813681, "gamma": 0.9471765101429058}, "datetime": {"datetime": "2021-09-27 21:17:21", "elapsed": 11.504441, "delta": 0.529002}}
{"target": -17.142947685094526, "params": {"C": 31.826413209288297, "epsilon": 0.6648640038307765, "gamma": 0.007492258213204261}, "datetime": {"datetime": "2021-09-27 21:17:21", "elapsed": 11.919947, "delta": 0.415506}}
{"target": -17.41897131203392, "params": {"C": 34.26561777755843, "epsilon": 0.8593798016740669, "gamma": 0.03298626828392527}, "datetime": {"datetime": "2021-09-27 21:17:21", "elapsed": 12.438948, "delta": 0.519001}}
{"target": -18.94790115356055, "params": {"C": 34.91567871853066, "epsilon": 0.24773295662872566, "gamma": 0.08263178299320148}, "datetime": {"datetime": "2021-09-27 21:17:22", "elapsed": 12.884942, "delta": 0.445994}}
{"target": -36.064529521586124, "params": {"C": 34.862094282619616, "epsilon": 0.94450317966388, "gamma": 0.8574826429586109}, "datetime": {"datetime": "2021-09-27 21:17:22", "elapsed": 13.293947, "delta": 0.409005}}
{"target": -18.454351024224227, "params": {"C": 34.27927893953409, "epsilon": 0.17858999922977334, "gamma": 0.07659911851194126}, "datetime": {"datetime": "2021-09-27 21:17:23", "elapsed": 13.716273, "delta": 0.422326}}
{"target": -19.719584508063324, "params": {"C": 36.106966560155, "epsilon": 0.04716800353152864, "gamma": 0.09547687607962892}, "datetime": {"datetime": "2021-09-27 21:17:23", "elapsed": 14.160278, "delta": 0.444005}}
{"target": -17.677228308887294, "params": {"C": 37.18129903898622, "epsilon": 0.06026857051793288, "gamma": 0.060696396009558534}, "datetime": {"datetime": "2021-09-27 21:17:24", "elapsed": 14.69692, "delta": 0.536642}}
{"target": -36.499611106537294, "params": {"C": 36.9208675388997, "epsilon": 0.001, "gamma": 0.973393234553945}, "datetime": {"datetime": "2021-09-27 21:17:24", "elapsed": 15.177923, "delta": 0.481003}}
{"target": -17.357517679741054, "params": {"C": 37.1167727833314, "epsilon": 0.96729630312392, "gamma": 0.04019202443250211}, "datetime": {"datetime": "2021-09-27 21:17:25", "elapsed": 15.673457, "delta": 0.495534}}
{"target": -19.627068879806064, "params": {"C": 36.43875296234996, "epsilon": 0.8034421374398074, "gamma": 0.08036422266534121}, "datetime": {"datetime": "2021-09-27 21:17:25", "elapsed": 16.094461, "delta": 0.421004}}
{"target": -16.778614421263157, "params": {"C": 37.785298422073396, "epsilon": 0.29604861157733975, "gamma": 0.012518461118580973}, "datetime": {"datetime": "2021-09-27 21:17:26", "elapsed": 16.714462, "delta": 0.620001}}
{"target": -27.846787563993153, "params": {"C": 91.63204285853965, "epsilon": 0.06279279936683325, "gamma": 0.25079063059812373}, "datetime": {"datetime": "2021-09-27 21:17:26", "elapsed": 17.311456, "delta": 0.596994}}
{"target": -20.224649395587367, "params": {"C": 69.86885133868338, "epsilon": 0.9964140480203524, "gamma": 0.0704765051104754}, "datetime": {"datetime": "2021-09-27 21:17:27", "elapsed": 17.805255, "delta": 0.493799}}
{"target": -22.851218230180113, "params": {"C": 68.92772820248365, "epsilon": 0.27584411610758014, "gamma": 0.13231750745390508}, "datetime": {"datetime": "2021-09-27 21:17:27", "elapsed": 18.29826, "delta": 0.493005}}
{"target": -35.167707516073406, "params": {"C": 70.3130836662978, "epsilon": 0.20419861727969393, "gamma": 0.8238334098310903}, "datetime": {"datetime": "2021-09-27 21:17:28", "elapsed": 18.886257, "delta": 0.587997}}
{"target": -27.314794559005563, "params": {"C": 67.7245616182972, "epsilon": 0.9621559361000507, "gamma": 0.1941030572545646}, "datetime": {"datetime": "2021-09-27 21:17:28", "elapsed": 19.388268, "delta": 0.502011}}
{"target": -23.35138404504158, "params": {"C": 33.505644527477884, "epsilon": 0.9256418453311417, "gamma": 0.14607946384633616}, "datetime": {"datetime": "2021-09-27 21:17:29", "elapsed": 19.930327, "delta": 0.542059}}
{"target": -21.188193379089306, "params": {"C": 37.82835637817717, "epsilon": 1.0, "gamma": 0.001}, "datetime": {"datetime": "2021-09-27 21:17:30", "elapsed": 20.530333, "delta": 0.600006}}
{"target": -16.725779913523034, "params": {"C": 10.637195599175325, "epsilon": 0.01678159221541906, "gamma": 0.024521907408755962}, "datetime": {"datetime": "2021-09-27 21:17:30", "elapsed": 20.975331, "delta": 0.444998}}
{"target": -20.537143838707532, "params": {"C": 10.613307337868001, "epsilon": 0.9311852593014095, "gamma": 0.10362459603403502}, "datetime": {"datetime": "2021-09-27 21:17:30", "elapsed": 21.462326, "delta": 0.486995}}
{"target": -24.655793143114497, "params": {"C": 9.71508878868118, "epsilon": 0.014458827980279495, "gamma": 0.205639322722499}, "datetime": {"datetime": "2021-09-27 21:17:31", "elapsed": 22.009635, "delta": 0.547309}}
{"target": -24.000523469426398, "params": {"C": 11.556409989824756, "epsilon": 0.09331667421551045, "gamma": 0.19132414551419266}, "datetime": {"datetime": "2021-09-27 21:17:32", "elapsed": 22.56163, "delta": 0.551995}}
{"target": -35.47254752972499, "params": {"C": 10.667758522770551, "epsilon": 0.0634123185047621, "gamma": 0.9141267342795456}, "datetime": {"datetime": "2021-09-27 21:17:32", "elapsed": 23.209632, "delta": 0.648002}}
{"target": -22.067432456945035, "params": {"C": 31.61117965297261, "epsilon": 0.12043136759018568, "gamma": 0.1418007916748524}, "datetime": {"datetime": "2021-09-27 21:17:33", "elapsed": 23.857597, "delta": 0.647965}}
{"target": -17.470128294863134, "params": {"C": 61.27947041272545, "epsilon": 0.4972693450701584, "gamma": 0.024594829713066597}, "datetime": {"datetime": "2021-09-27 21:17:34", "elapsed": 24.474646, "delta": 0.617049}}
{"target": -18.29696830199721, "params": {"C": 49.69119964091422, "epsilon": 0.03364907482573843, "gamma": 0.0711317758899076}, "datetime": {"datetime": "2021-09-27 21:17:34", "elapsed": 24.989643, "delta": 0.514997}}
{"target": -20.97193014396069, "params": {"C": 49.72929346807207, "epsilon": 0.9950487781465062, "gamma": 0.001}, "datetime": {"datetime": "2021-09-27 21:17:35", "elapsed": 25.766968, "delta": 0.777325}}
{"target": -21.024787390692207, "params": {"C": 48.73674573430149, "epsilon": 0.24093281743572664, "gamma": 0.001}, "datetime": {"datetime": "2021-09-27 21:17:35", "elapsed": 26.40697, "delta": 0.640002}}
{"target": -36.94283975686404, "params": {"C": 49.497775114121104, "epsilon": 0.28047404674701004, "gamma": 1.0}, "datetime": {"datetime": "2021-09-27 21:17:36", "elapsed": 27.016966, "delta": 0.609996}}
{"target": -17.910354439584715, "params": {"C": 50.608824385626946, "epsilon": 0.40883932998033146, "gamma": 0.056392100342860484}, "datetime": {"datetime": "2021-09-27 21:17:37", "elapsed": 27.640964, "delta": 0.623998}}
{"target": -18.525027435930532, "params": {"C": 51.57770226678234, "epsilon": 0.13813822928102604, "gamma": 0.07163421114286367}, "datetime": {"datetime": "2021-09-27 21:17:37", "elapsed": 28.1822, "delta": 0.541236}}
{"target": -20.959361175438495, "params": {"C": 51.33445737266326, "epsilon": 1.0, "gamma": 0.001}, "datetime": {"datetime": "2021-09-27 21:17:38", "elapsed": 28.790202, "delta": 0.608002}}
{"target": -36.85588470907093, "params": {"C": 51.48871051048242, "epsilon": 0.3151171431708425, "gamma": 0.9885558867900146}, "datetime": {"datetime": "2021-09-27 21:17:38", "elapsed": 29.4232, "delta": 0.632998}}
{"target": -20.898503305619382, "params": {"C": 52.49936815604345, "epsilon": 0.001, "gamma": 0.001}, "datetime": {"datetime": "2021-09-27 21:17:39", "elapsed": 30.070559, "delta": 0.647359}}
{"target": -17.203359163734515, "params": {"C": 47.40831215919177, "epsilon": 0.24485200479489092, "gamma": 0.01898297255984666}, "datetime": {"datetime": "2021-09-27 21:17:40", "elapsed": 30.71456, "delta": 0.644001}}
{"target": -21.331578768746176, "params": {"C": 47.839477803076846, "epsilon": 0.9950796019110051, "gamma": 0.09648489894601313}, "datetime": {"datetime": "2021-09-27 21:17:40", "elapsed": 31.332556, "delta": 0.617996}}
{"target": -34.5985550023969, "params": {"C": 47.097118403660936, "epsilon": 0.1634686180296755, "gamma": 0.7833883907406505}, "datetime": {"datetime": "2021-09-27 21:17:41", "elapsed": 31.813409, "delta": 0.480853}}
{"target": -17.93931837997078, "params": {"C": 48.085279636206344, "epsilon": 0.018254087416397103, "gamma": 0.03998959703944589}, "datetime": {"datetime": "2021-09-27 21:17:42", "elapsed": 32.584412, "delta": 0.771003}}
{"target": -21.49634768714775, "params": {"C": 52.6051566980779, "epsilon": 0.9563087131837489, "gamma": 0.09776455306270825}, "datetime": {"datetime": "2021-09-27 21:17:42", "elapsed": 33.390412, "delta": 0.806}}
{"target": -20.40211338880516, "params": {"C": 95.55936931634659, "epsilon": 1.0, "gamma": 0.001}, "datetime": {"datetime": "2021-09-27 21:17:43", "elapsed": 34.071249, "delta": 0.680837}}
{"target": -20.313171495806774, "params": {"C": 95.82799824122708, "epsilon": 0.001, "gamma": 0.001}, "datetime": {"datetime": "2021-09-27 21:17:44", "elapsed": 34.798899, "delta": 0.72765}}
{"target": -36.08145149926787, "params": {"C": 95.56021856156286, "epsilon": 0.4550298594694017, "gamma": 0.9001567873837051}, "datetime": {"datetime": "2021-09-27 21:17:45", "elapsed": 35.752897, "delta": 0.953998}}
{"target": -17.680950715251424, "params": {"C": 96.62717842102728, "epsilon": 0.5820406236208933, "gamma": 0.013828625796627015}, "datetime": {"datetime": "2021-09-27 21:17:46", "elapsed": 36.5519, "delta": 0.799003}}
{"target": -17.520957001752517, "params": {"C": 97.18468565357092, "epsilon": 0.002984302360222976, "gamma": 0.048613862745661825}, "datetime": {"datetime": "2021-09-27 21:17:46", "elapsed": 37.321903, "delta": 0.770003}}
{"target": -30.12941200307641, "params": {"C": 97.42003178823373, "epsilon": 0.7757965828750278, "gamma": 0.2765737433052294}, "datetime": {"datetime": "2021-09-27 21:17:47", "elapsed": 37.977392, "delta": 0.655489}}
{"target": -30.013339362968534, "params": {"C": 96.60219836577103, "epsilon": 0.02929113493562026, "gamma": 0.36931910609710816}, "datetime": {"datetime": "2021-09-27 21:17:48", "elapsed": 38.756382, "delta": 0.77899}}
{"target": -20.961455232393096, "params": {"C": 37.21153604111322, "epsilon": 0.5664417280592173, "gamma": 0.10142170639838709}, "datetime": {"datetime": "2021-09-27 21:17:48", "elapsed": 39.341386, "delta": 0.585004}}
{"target": -35.12935736275094, "params": {"C": 79.59288370223682, "epsilon": 0.7565934773081364, "gamma": 0.7925222579617456}, "datetime": {"datetime": "2021-09-27 21:17:49", "elapsed": 39.672978, "delta": 0.331592}}
{"target": -32.65656181382642, "params": {"C": 61.00306093055819, "epsilon": 0.0019851277467848646, "gamma": 0.6182241075433597}, "datetime": {"datetime": "2021-09-27 21:17:49", "elapsed": 40.45416, "delta": 0.781182}}
{"target": -18.038569407521, "params": {"C": 96.19071649097039, "epsilon": 0.8204379916475172, "gamma": 0.015972012527073497}, "datetime": {"datetime": "2021-09-27 21:17:51", "elapsed": 41.508159, "delta": 1.053999}}
{"target": -28.63346543591313, "params": {"C": 80.91058883080025, "epsilon": 0.020272085192322126, "gamma": 0.2899245838538855}, "datetime": {"datetime": "2021-09-27 21:17:51", "elapsed": 41.873203, "delta": 0.365044}}
{"target": -36.98171980685657, "params": {"C": 57.85524133692067, "epsilon": 0.9715074109345928, "gamma": 0.937399097934022}, "datetime": {"datetime": "2021-09-27 21:17:51", "elapsed": 42.342207, "delta": 0.469004}}
{"target": -20.961761508581205, "params": {"C": 56.68675001783302, "epsilon": 0.3216367662891635, "gamma": 0.001}, "datetime": {"datetime": "2021-09-27 21:17:52", "elapsed": 43.013203, "delta": 0.670996}}
{"target": -20.800462024364982, "params": {"C": 62.53383345299992, "epsilon": 1.0, "gamma": 0.001}, "datetime": {"datetime": "2021-09-27 21:17:53", "elapsed": 43.725203, "delta": 0.712}}
{"target": -17.4734969968956, "params": {"C": 50.273228314116146, "epsilon": 0.011647200320095974, "gamma": 0.020488116783572725}, "datetime": {"datetime": "2021-09-27 21:17:53", "elapsed": 44.450589, "delta": 0.725386}}
{"target": -20.784660691542246, "params": {"C": 63.73110331826492, "epsilon": 1.0, "gamma": 0.001}, "datetime": {"datetime": "2021-09-27 21:17:54", "elapsed": 45.268514, "delta": 0.817925}}
{"target": -36.35034249675634, "params": {"C": 63.57027099794389, "epsilon": 0.7345755586345859, "gamma": 0.9038539575945026}, "datetime": {"datetime": "2021-09-27 21:17:55", "elapsed": 46.027256, "delta": 0.758742}}
{"target": -20.76672192881195, "params": {"C": 64.80212749726056, "epsilon": 1.0, "gamma": 0.001}, "datetime": {"datetime": "2021-09-27 21:17:56", "elapsed": 46.760253, "delta": 0.732997}}
{"target": -20.280047325418064, "params": {"C": 97.95350463816385, "epsilon": 0.001, "gamma": 0.001}, "datetime": {"datetime": "2021-09-27 21:17:57", "elapsed": 47.533249, "delta": 0.772996}}
{"target": -20.870388750825526, "params": {"C": 65.44807524271552, "epsilon": 0.1272578593455477, "gamma": 0.001}, "datetime": {"datetime": "2021-09-27 21:17:57", "elapsed": 48.323253, "delta": 0.790004}}
{"target": -31.635163808745396, "params": {"C": 65.80109879056454, "epsilon": 1.0, "gamma": 0.4170798675388778}, "datetime": {"datetime": "2021-09-27 21:17:58", "elapsed": 49.134255, "delta": 0.811002}}
{"target": -25.206537949001767, "params": {"C": 64.6543605543395, "epsilon": 0.03323975488050863, "gamma": 0.17932940276133522}, "datetime": {"datetime": "2021-09-27 21:17:59", "elapsed": 49.945899, "delta": 0.811644}}
{"target": -22.308519072295933, "params": {"C": 13.185566033058091, "epsilon": 1.0, "gamma": 0.001}, "datetime": {"datetime": "2021-09-27 21:18:00", "elapsed": 50.787532, "delta": 0.841633}}
{"target": -16.74194274128949, "params": {"C": 14.202388980388744, "epsilon": 0.41641940366329544, "gamma": 0.015586027304400854}, "datetime": {"datetime": "2021-09-27 21:18:01", "elapsed": 51.477528, "delta": 0.689996}}
{"target": -33.23169029873435, "params": {"C": 14.004268314071355, "epsilon": 0.5188041744985914, "gamma": 0.7053545305878375}, "datetime": {"datetime": "2021-09-27 21:18:01", "elapsed": 52.428532, "delta": 0.951004}}
{"target": -35.31264880261793, "params": {"C": 30.10880505298092, "epsilon": 0.4691581849923262, "gamma": 0.8332934187566252}, "datetime": {"datetime": "2021-09-27 21:18:02", "elapsed": 52.91353, "delta": 0.484998}}
{"target": -21.64226976404732, "params": {"C": 14.805137315229949, "epsilon": 0.10969954140422998, "gamma": 0.001}, "datetime": {"datetime": "2021-09-27 21:18:03", "elapsed": 53.742531, "delta": 0.829001}}
{"target": -22.034104326331942, "params": {"C": 14.597400418461994, "epsilon": 1.0, "gamma": 0.001}, "datetime": {"datetime": "2021-09-27 21:18:04", "elapsed": 54.547844, "delta": 0.805313}}
