{"target": -17.345946990419534, "params": {"C": 18.682272907574436, "epsilon": 0.2777793017415681, "gamma": 0.05761763611393769}, "datetime": {"datetime": "2021-09-27 21:16:39", "elapsed": 215.059651, "delta": 1.699827}}
{"target": -17.532835743501384, "params": {"C": 9.478018596857435, "epsilon": 0.43858642268823345, "gamma": 0.05936165621648122}, "datetime": {"datetime": "2021-09-27 21:16:41", "elapsed": 216.329166, "delta": 1.269515}}
{"target": -18.40991164812693, "params": {"C": 13.558532110733807, "epsilon": 0.01563122214483697, "gamma": 0.09368551948268368}, "datetime": {"datetime": "2021-09-27 21:16:43", "elapsed": 218.41004, "delta": 2.080874}}
{"target": -21.030112993018445, "params": {"C": 18.72038661883598, "epsilon": 0.2366176183644512, "gamma": 0.002542881733448886}, "datetime": {"datetime": "2021-09-27 21:16:45", "elapsed": 220.572938, "delta": 2.162898}}
{"target": -17.850618960189205, "params": {"C": 18.70192085864945, "epsilon": 0.34062245320128626, "gamma": 0.07858104337107326}, "datetime": {"datetime": "2021-09-27 21:16:47", "elapsed": 222.238445, "delta": 1.665507}}
{"target": -17.25380292557835, "params": {"C": 13.588979101503966, "epsilon": 0.11635695647380848, "gamma": 0.055635280158350696}, "datetime": {"datetime": "2021-09-27 21:16:49", "elapsed": 224.591663, "delta": 2.353218}}
{"target": -18.95033545037783, "params": {"C": 98.94852271017878, "epsilon": 0.7472974844349927, "gamma": 0.009619294993262334}, "datetime": {"datetime": "2021-09-27 21:16:50", "elapsed": 225.939667, "delta": 1.348004}}
{"target": -16.99200684809603, "params": {"C": 13.546455577702309, "epsilon": 0.14224167264034351, "gamma": 0.03156517244185943}, "datetime": {"datetime": "2021-09-27 21:16:52", "elapsed": 227.934274, "delta": 1.994607}}
{"target": -17.617350547635695, "params": {"C": 13.58370344150206, "epsilon": 0.1764120459602212, "gamma": 0.06867160664384106}, "datetime": {"datetime": "2021-09-27 21:16:54", "elapsed": 230.083889, "delta": 2.149615}}
{"target": -17.808799180209615, "params": {"C": 30.976613822155187, "epsilon": 0.10066093096757354, "gamma": 0.05738983268407696}, "datetime": {"datetime": "2021-09-27 21:16:56", "elapsed": 231.669994, "delta": 1.586105}}
{"target": -18.180854138044776, "params": {"C": 13.54191927306697, "epsilon": 0.06771748690962259, "gamma": 0.011770212588778146}, "datetime": {"datetime": "2021-09-27 21:16:59", "elapsed": 234.294663, "delta": 2.624669}}
{"target": -17.09347802750379, "params": {"C": 13.50374188047365, "epsilon": 0.16455456484799819, "gamma": 0.04540687632238878}, "datetime": {"datetime": "2021-09-27 21:17:01", "elapsed": 236.800527, "delta": 2.505864}}
{"target": -17.48651215965673, "params": {"C": 13.493124876725098, "epsilon": 0.11308986450653143, "gamma": 0.06448103351429685}, "datetime": {"datetime": "2021-09-27 21:17:04", "elapsed": 239.429869, "delta": 2.629342}}
{"target": -18.14532253716656, "params": {"C": 13.51319797891966, "epsilon": 0.14344903337965845, "gamma": 0.08771670607288413}, "datetime": {"datetime": "2021-09-27 21:17:06", "elapsed": 241.439146, "delta": 2.009277}}
{"target": -18.839428568218146, "params": {"C": 11.315390692907513, "epsilon": 0.18536637800525727, "gamma": 0.009394306291918604}, "datetime": {"datetime": "2021-09-27 21:17:09", "elapsed": 244.331386, "delta": 2.89224}}
{"target": -17.76442501404329, "params": {"C": 41.909917051297874, "epsilon": 0.2530415867924853, "gamma": 0.022649736259811253}, "datetime": {"datetime": "2021-09-27 21:17:10", "elapsed": 245.556387, "delta": 1.225001}}
{"target": -17.171849367477012, "params": {"C": 13.447940296070914, "epsilon": 0.2254992393002183, "gamma": 0.04830078566260107}, "datetime": {"datetime": "2021-09-27 21:17:12", "elapsed": 247.36367, "delta": 1.807283}}
{"target": -18.22055160214321, "params": {"C": 13.509242758174134, "epsilon": 0.23256992691775066, "gamma": 0.09277929349977754}, "datetime": {"datetime": "2021-09-27 21:17:14", "elapsed": 249.50942, "delta": 2.14575}}
{"target": -18.083097583013775, "params": {"C": 63.65725742202544, "epsilon": 0.668426008226917, "gamma": 0.041723768714543974}, "datetime": {"datetime": "2021-09-27 21:17:15", "elapsed": 250.671915, "delta": 1.162495}}
{"target": -20.43076915830753, "params": {"C": 57.35777473207895, "epsilon": 0.36586441806448644, "gamma": 0.10109244527710168}, "datetime": {"datetime": "2021-09-27 21:17:16", "elapsed": 251.913912, "delta": 1.241997}}
{"target": -17.889015535884123, "params": {"C": 13.599518818417637, "epsilon": 0.15216651968907774, "gamma": 0.015569555201806265}, "datetime": {"datetime": "2021-09-27 21:17:18", "elapsed": 253.508401, "delta": 1.594489}}
{"target": -17.24859100565853, "params": {"C": 13.497289625429234, "epsilon": 0.24233092708764348, "gamma": 0.025364000265164388}, "datetime": {"datetime": "2021-09-27 21:17:20", "elapsed": 255.656824, "delta": 2.148423}}
{"target": -17.94473864032035, "params": {"C": 46.998439885253, "epsilon": 0.3940642494053066, "gamma": 0.046023407714748735}, "datetime": {"datetime": "2021-09-27 21:17:21", "elapsed": 256.892335, "delta": 1.235511}}
{"target": -18.550937528626417, "params": {"C": 97.57634097649236, "epsilon": 0.22237867701917796, "gamma": 0.015104480128046742}, "datetime": {"datetime": "2021-09-27 21:17:23", "elapsed": 258.124334, "delta": 1.231999}}
{"target": -20.015590935618043, "params": {"C": 53.65514691848485, "epsilon": 0.2683709087293351, "gamma": 0.0026740385611767952}, "datetime": {"datetime": "2021-09-27 21:17:24", "elapsed": 259.26931, "delta": 1.144976}}
{"target": -19.554262493619273, "params": {"C": 38.92746050192195, "epsilon": 0.596831081700958, "gamma": 0.09921481332949429}, "datetime": {"datetime": "2021-09-27 21:17:25", "elapsed": 260.497842, "delta": 1.228532}}
{"target": -17.871538663249247, "params": {"C": 19.850712098613688, "epsilon": 0.013061962530842887, "gamma": 0.07505113477627672}, "datetime": {"datetime": "2021-09-27 21:17:27", "elapsed": 263.081652, "delta": 2.58381}}
{"target": -17.25664604864382, "params": {"C": 13.400946987643508, "epsilon": 0.11090598769892712, "gamma": 0.055465825495558264}, "datetime": {"datetime": "2021-09-27 21:17:29", "elapsed": 264.939717, "delta": 1.858065}}
{"target": -19.157386824746187, "params": {"C": 13.409524596097391, "epsilon": 0.1320402942545129, "gamma": 0.007119859465738073}, "datetime": {"datetime": "2021-09-27 21:17:31", "elapsed": 266.767021, "delta": 1.827304}}
{"target": -17.895875288335656, "params": {"C": 13.34016157054404, "epsilon": 0.12222986568651809, "gamma": 0.0773792182834326}, "datetime": {"datetime": "2021-09-27 21:17:33", "elapsed": 268.646051, "delta": 1.87903}}
{"target": -17.584656474203385, "params": {"C": 29.997985076485616, "epsilon": 0.00024472436475993047, "gamma": 0.02826635320075386}, "datetime": {"datetime": "2021-09-27 21:17:35", "elapsed": 270.447354, "delta": 1.801303}}
{"target": -18.274800883378607, "params": {"C": 13.431714127782804, "epsilon": 0.07806563848250145, "gamma": 0.08954299917994477}, "datetime": {"datetime": "2021-09-27 21:17:37", "elapsed": 272.961588, "delta": 2.514234}}
{"target": -17.49003839021592, "params": {"C": 30.253031161409773, "epsilon": 0.15701396229026632, "gamma": 0.015129447747978957}, "datetime": {"datetime": "2021-09-27 21:17:40", "elapsed": 275.172941, "delta": 2.211353}}
{"target": -17.705539818312438, "params": {"C": 13.383963990102087, "epsilon": 0.19204151203985173, "gamma": 0.07365949371850408}, "datetime": {"datetime": "2021-09-27 21:17:42", "elapsed": 277.127808, "delta": 1.954867}}
{"target": -18.589238672389328, "params": {"C": 67.6101910595042, "epsilon": 0.20148972672613025, "gamma": 0.03679679189146406}, "datetime": {"datetime": "2021-09-27 21:17:43", "elapsed": 278.633634, "delta": 1.505826}}
{"target": -17.125887340080734, "params": {"C": 17.66330129673285, "epsilon": 0.24097346124581473, "gamma": 0.027342668035953574}, "datetime": {"datetime": "2021-09-27 21:17:45", "elapsed": 280.741289, "delta": 2.107655}}
{"target": -17.9804757423541, "params": {"C": 17.73786446743126, "epsilon": 0.21320425147008698, "gamma": 0.01316910901354609}, "datetime": {"datetime": "2021-09-27 21:17:48", "elapsed": 283.278768, "delta": 2.537479}}
{"target": -20.43285756401588, "params": {"C": 36.447779151662004, "epsilon": 0.6590214639933558, "gamma": 0.1129677623144669}, "datetime": {"datetime": "2021-09-27 21:17:49", "elapsed": 284.652588, "delta": 1.37382}}
{"target": -21.15581032013745, "params": {"C": 30.13857803996721, "epsilon": 0.12984819299191305, "gamma": 0.002}, "datetime": {"datetime": "2021-09-27 21:17:51", "elapsed": 286.989592, "delta": 2.337004}}
{"target": -17.420343818768455, "params": {"C": 13.571801967094022, "epsilon": 0.25835113851832625, "gamma": 0.021564865473642572}, "datetime": {"datetime": "2021-09-27 21:17:54", "elapsed": 289.230894, "delta": 2.241302}}
{"target": -17.1169588396541, "params": {"C": 17.586003023664084, "epsilon": 0.2562769622828327, "gamma": 0.030370124403374013}, "datetime": {"datetime": "2021-09-27 21:17:56", "elapsed": 291.343638, "delta": 2.112744}}
{"target": -21.52377573579172, "params": {"C": 17.615667263876624, "epsilon": 0.21440445810587705, "gamma": 0.002}, "datetime": {"datetime": "2021-09-27 21:17:59", "elapsed": 294.263526, "delta": 2.919888}}
{"target": -17.926231785097254, "params": {"C": 13.451527066250431, "epsilon": 0.16217569964929382, "gamma": 0.0804403765503476}, "datetime": {"datetime": "2021-09-27 21:18:01", "elapsed": 296.595915, "delta": 2.332389}}
{"target": -17.512813608170404, "params": {"C": 17.692544693677892, "epsilon": 0.2153858726680446, "gamma": 0.06693318011708417}, "datetime": {"datetime": "2021-09-27 21:18:03", "elapsed": 298.82057, "delta": 2.224655}}
{"target": -17.513729196355797, "params": {"C": 17.59609072428358, "epsilon": 0.2736449120709473, "gamma": 0.06561042922681395}, "datetime": {"datetime": "2021-09-27 21:18:05", "elapsed": 300.995956, "delta": 2.175386}}
{"target": -17.186415357534095, "params": {"C": 19.795248024437463, "epsilon": 0.18075918380676068, "gamma": 0.026788842232836514}, "datetime": {"datetime": "2021-09-27 21:18:07", "elapsed": 302.549473, "delta": 1.553517}}
{"target": -20.03267485985494, "params": {"C": 92.60055759804199, "epsilon": 0.6216513532860373, "gamma": 0.08546901350530935}, "datetime": {"datetime": "2021-09-27 21:18:09", "elapsed": 304.185716, "delta": 1.636243}}
{"target": -17.16117701692109, "params": {"C": 20.82849727219087, "epsilon": 0.5753547507682742, "gamma": 0.04179926978191302}, "datetime": {"datetime": "2021-09-27 21:18:10", "elapsed": 305.736376, "delta": 1.55066}}
{"target": -21.38508982998861, "params": {"C": 43.509535914986344, "epsilon": 0.62396739338941, "gamma": 0.12678954331249304}, "datetime": {"datetime": "2021-09-27 21:18:12", "elapsed": 307.283601, "delta": 1.547225}}
{"target": -17.200399389042502, "params": {"C": 20.88849451766367, "epsilon": 0.5540736660590551, "gamma": 0.04602439151088276}, "datetime": {"datetime": "2021-09-27 21:18:14", "elapsed": 309.851162, "delta": 2.567561}}
{"target": -17.60189245727285, "params": {"C": 17.533688498906848, "epsilon": 0.30335504289567233, "gamma": 0.0673450029820396}, "datetime": {"datetime": "2021-09-27 21:18:17", "elapsed": 312.478395, "delta": 2.627233}}
{"target": -17.43574263412523, "params": {"C": 20.86909566353919, "epsilon": 0.6258545659320921, "gamma": 0.027728810436915052}, "datetime": {"datetime": "2021-09-27 21:18:20", "elapsed": 315.932555, "delta": 3.45416}}
{"target": -17.987622268312453, "params": {"C": 6.77213412119247, "epsilon": 0.3685307577567672, "gamma": 0.060540255415107186}, "datetime": {"datetime": "2021-09-27 21:18:22", "elapsed": 317.477361, "delta": 1.544806}}
{"target": -19.763685114458774, "params": {"C": 20.880731078581945, "epsilon": 0.5898406384691434, "gamma": 0.11565162866332801}, "datetime": {"datetime": "2021-09-27 21:18:24", "elapsed": 319.878853, "delta": 2.401492}}
{"target": -17.17162254683762, "params": {"C": 17.694903715742722, "epsilon": 0.26886727496692914, "gamma": 0.05274722848786126}, "datetime": {"datetime": "2021-09-27 21:18:27", "elapsed": 322.346166, "delta": 2.467313}}
{"target": -18.48560663427061, "params": {"C": 97.09788969491906, "epsilon": 0.672641833346265, "gamma": 0.04388734666056296}, "datetime": {"datetime": "2021-09-27 21:18:28", "elapsed": 323.974435, "delta": 1.628269}}
{"target": -17.681610171172373, "params": {"C": 20.83557665804396, "epsilon": 0.4906229510376667, "gamma": 0.023034383995370993}, "datetime": {"datetime": "2021-09-27 21:18:31", "elapsed": 326.635804, "delta": 2.661369}}
{"target": -18.77180313135149, "params": {"C": 30.21425510040953, "epsilon": 0.15135395430517293, "gamma": 0.0950028349979156}, "datetime": {"datetime": "2021-09-27 21:18:34", "elapsed": 329.167166, "delta": 2.531362}}
{"target": -21.611250143471043, "params": {"C": 20.861960627315025, "epsilon": 0.5636589387813339, "gamma": 0.002}, "datetime": {"datetime": "2021-09-27 21:18:36", "elapsed": 331.622317, "delta": 2.455151}}
{"target": -17.536576479292272, "params": {"C": 20.79459669730444, "epsilon": 0.6124671656240047, "gamma": 0.0578465941395691}, "datetime": {"datetime": "2021-09-27 21:18:39", "elapsed": 334.36532, "delta": 2.743003}}
{"target": -17.479750840328727, "params": {"C": 20.79536485097203, "epsilon": 0.508773631477946, "gamma": 0.06099809560607683}, "datetime": {"datetime": "2021-09-27 21:18:41", "elapsed": 337.011338, "delta": 2.646018}}
{"target": -17.665513842834045, "params": {"C": 20.764245003315647, "epsilon": 0.5536256527145625, "gamma": 0.06818334063751258}, "datetime": {"datetime": "2021-09-27 21:18:44", "elapsed": 339.181946, "delta": 2.170608}}
{"target": -20.636710783252628, "params": {"C": 49.444551633534374, "epsilon": 0.6943775603140663, "gamma": 0.11008708375713347}, "datetime": {"datetime": "2021-09-27 21:18:45", "elapsed": 340.7968, "delta": 1.614854}}
{"target": -18.173510774030426, "params": {"C": 13.512023087755484, "epsilon": 0.30142900709847537, "gamma": 0.014242147089867837}, "datetime": {"datetime": "2021-09-27 21:18:48", "elapsed": 343.899041, "delta": 3.102241}}
{"target": -18.30450431734872, "params": {"C": 78.81249271541236, "epsilon": 0.7568063182720327, "gamma": 0.040768219986191}, "datetime": {"datetime": "2021-09-27 21:18:50", "elapsed": 345.319566, "delta": 1.420525}}
{"target": -17.289034878725776, "params": {"C": 19.95569128837564, "epsilon": 0.12876467550606377, "gamma": 0.05227348075034684}, "datetime": {"datetime": "2021-09-27 21:18:52", "elapsed": 347.783821, "delta": 2.464255}}
{"target": -20.073186215229068, "params": {"C": 87.89928912222254, "epsilon": 0.18675107917245537, "gamma": 0.08665164669800517}, "datetime": {"datetime": "2021-09-27 21:18:54", "elapsed": 349.378235, "delta": 1.594414}}
{"target": -21.523961448794637, "params": {"C": 38.99701849027541, "epsilon": 0.2208317642097673, "gamma": 0.13129924946700944}, "datetime": {"datetime": "2021-09-27 21:18:55", "elapsed": 350.980432, "delta": 1.602197}}
{"target": -17.415615474493993, "params": {"C": 13.451166006108993, "epsilon": 0.26953582985806807, "gamma": 0.022074522012062087}, "datetime": {"datetime": "2021-09-27 21:18:58", "elapsed": 353.543616, "delta": 2.563184}}
{"target": -18.2779645012812, "params": {"C": 76.99756462689707, "epsilon": 0.22787203526124605, "gamma": 0.006292979741579583}, "datetime": {"datetime": "2021-09-27 21:19:00", "elapsed": 355.281054, "delta": 1.737438}}
{"target": -17.456005126230384, "params": {"C": 17.53721660341623, "epsilon": 0.2604719800295539, "gamma": 0.01912787970296763}, "datetime": {"datetime": "2021-09-27 21:19:02", "elapsed": 357.949061, "delta": 2.668007}}
{"target": -21.86687394293607, "params": {"C": 38.879510935676834, "epsilon": 0.062152877696367986, "gamma": 0.13852918813310944}, "datetime": {"datetime": "2021-09-27 21:19:04", "elapsed": 359.515149, "delta": 1.566088}}
{"target": -21.31241179379792, "params": {"C": 30.431910622998654, "epsilon": 0.05017884399262809, "gamma": 0.13680615306805202}, "datetime": {"datetime": "2021-09-27 21:19:05", "elapsed": 361.061665, "delta": 1.546516}}
{"target": -19.355732471140012, "params": {"C": 74.60513883720715, "epsilon": 0.5178443146073395, "gamma": 0.08069922534404549}, "datetime": {"datetime": "2021-09-27 21:19:07", "elapsed": 362.658661, "delta": 1.596996}}
{"target": -17.236738432323012, "params": {"C": 18.572272395786868, "epsilon": 0.1912610073938868, "gamma": 0.053411463765807646}, "datetime": {"datetime": "2021-09-27 21:19:09", "elapsed": 364.93193, "delta": 2.273269}}
{"target": -17.799509592918845, "params": {"C": 30.923368922522936, "epsilon": 0.17491403476115536, "gamma": 0.059671677213277666}, "datetime": {"datetime": "2021-09-27 21:19:11", "elapsed": 366.540887, "delta": 1.608957}}
{"target": -17.708002088889657, "params": {"C": 9.862448819102047, "epsilon": 0.1860213752228578, "gamma": 0.06949777949234025}, "datetime": {"datetime": "2021-09-27 21:19:12", "elapsed": 368.101492, "delta": 1.560605}}
{"target": -17.760515571932746, "params": {"C": 20.867859172918664, "epsilon": 0.4883843828006244, "gamma": 0.07343255677395263}, "datetime": {"datetime": "2021-09-27 21:19:15", "elapsed": 370.685116, "delta": 2.583624}}
{"target": -18.324887331883446, "params": {"C": 16.38240627446633, "epsilon": 0.36288035007884967, "gamma": 0.09377179651718029}, "datetime": {"datetime": "2021-09-27 21:19:17", "elapsed": 372.347135, "delta": 1.662019}}
{"target": -18.885383266116456, "params": {"C": 98.80313472661194, "epsilon": 0.7049143491333675, "gamma": 0.061059829244156656}, "datetime": {"datetime": "2021-09-27 21:19:18", "elapsed": 374.096955, "delta": 1.74982}}
{"target": -17.263920574389754, "params": {"C": 20.87136135489684, "epsilon": 0.6885046052141496, "gamma": 0.04302639669980263}, "datetime": {"datetime": "2021-09-27 21:19:21", "elapsed": 376.326147, "delta": 2.229192}}
{"target": -17.871437549540236, "params": {"C": 20.855434710214723, "epsilon": 0.5550006397760319, "gamma": 0.07580680378896314}, "datetime": {"datetime": "2021-09-27 21:19:24", "elapsed": 379.952397, "delta": 3.62625}}
{"target": -18.384826565138706, "params": {"C": 13.421245484454957, "epsilon": 0.2540595909938672, "gamma": 0.09658507354573734}, "datetime": {"datetime": "2021-09-27 21:19:27", "elapsed": 382.748651, "delta": 2.796254}}
{"target": -21.443856448432435, "params": {"C": 17.68733481866335, "epsilon": 0.2798365991303841, "gamma": 0.0020372062891172256}, "datetime": {"datetime": "2021-09-27 21:19:31", "elapsed": 386.279269, "delta": 3.530618}}
{"target": -21.11915508235473, "params": {"C": 68.17039725807146, "epsilon": 0.40773348088902395, "gamma": 0.11341206241407857}, "datetime": {"datetime": "2021-09-27 21:19:32", "elapsed": 387.835379, "delta": 1.55611}}
{"target": -18.115575122293023, "params": {"C": 13.516553756882931, "epsilon": 0.1496524851153186, "gamma": 0.08700663894548392}, "datetime": {"datetime": "2021-09-27 21:19:34", "elapsed": 389.654418, "delta": 1.819039}}
{"target": -17.62714844809993, "params": {"C": 17.65213390064761, "epsilon": 0.24667211359046268, "gamma": 0.0726060374510686}, "datetime": {"datetime": "2021-09-27 21:19:37", "elapsed": 392.44256, "delta": 2.788142}}
{"target": -18.178166960920215, "params": {"C": 20.912892402402576, "epsilon": 0.6943146048291634, "gamma": 0.01239391155443844}, "datetime": {"datetime": "2021-09-27 21:19:40", "elapsed": 395.276809, "delta": 2.834249}}
{"target": -18.305369962694094, "params": {"C": 87.6025967253274, "epsilon": 0.5054285836695449, "gamma": 0.06294186873897441}, "datetime": {"datetime": "2021-09-27 21:19:41", "elapsed": 397.099807, "delta": 1.822998}}
{"target": -17.479953648077355, "params": {"C": 20.950069483093035, "epsilon": 0.5161024146008533, "gamma": 0.0593725978654612}, "datetime": {"datetime": "2021-09-27 21:19:44", "elapsed": 399.879529, "delta": 2.779722}}
{"target": -18.51487624665103, "params": {"C": 8.797699582901108, "epsilon": 0.3071851715719577, "gamma": 0.012882806995932524}, "datetime": {"datetime": "2021-09-27 21:19:46", "elapsed": 401.508862, "delta": 1.629333}}
{"target": -18.164961710909207, "params": {"C": 40.49393310976122, "epsilon": 0.5853125336551336, "gamma": 0.015601994694346808}, "datetime": {"datetime": "2021-09-27 21:19:50", "elapsed": 405.221795, "delta": 3.712933}}
{"target": -17.750997512510892, "params": {"C": 17.532228913357205, "epsilon": 0.23923654131400945, "gamma": 0.07865243205201146}, "datetime": {"datetime": "2021-09-27 21:19:53", "elapsed": 408.331725, "delta": 3.10993}}
{"target": -19.063962767215624, "params": {"C": 34.497296486146986, "epsilon": 0.6119755944883066, "gamma": 0.09122703783134989}, "datetime": {"datetime": "2021-09-27 21:19:55", "elapsed": 410.118153, "delta": 1.786428}}
{"target": -17.565270692441366, "params": {"C": 30.140406073086165, "epsilon": 0.05305317753570882, "gamma": 0.013473224943581427}, "datetime": {"datetime": "2021-09-27 21:19:56", "elapsed": 411.686783, "delta": 1.56863}}
{"target": -17.123458177901078, "params": {"C": 18.491677032865823, "epsilon": 0.2562685740837808, "gamma": 0.026668363200476483}, "datetime": {"datetime": "2021-09-27 21:19:59", "elapsed": 414.765256, "delta": 3.078473}}
{"target": -17.185287978908313, "params": {"C": 13.628323749375568, "epsilon": 0.24495000640310155, "gamma": 0.05311153851836862}, "datetime": {"datetime": "2021-09-27 21:20:02", "elapsed": 417.884549, "delta": 3.119293}}
{"target": -18.005162521494764, "params": {"C": 13.641868236385776, "epsilon": 0.32409113509975895, "gamma": 0.0832244074320079}, "datetime": {"datetime": "2021-09-27 21:20:05", "elapsed": 420.579544, "delta": 2.694995}}
{"target": -18.911750248524037, "params": {"C": 13.654364596350497, "epsilon": 0.2534519708945198, "gamma": 0.008175768642840182}, "datetime": {"datetime": "2021-09-27 21:20:07", "elapsed": 423.08811, "delta": 2.508566}}
