{"target": -20.201383006824404, "params": {"C": 28.570252744841298, "epsilon": 0.7783459260979224, "gamma": 0.0033123407212722286}, "datetime": {"datetime": "2021-09-27 20:32:21", "elapsed": 36.542861, "delta": 0.390998}}
{"target": -17.63896151238212, "params": {"C": 41.112098231735835, "epsilon": 0.3582082087778648, "gamma": 0.03432759928911516}, "datetime": {"datetime": "2021-09-27 20:32:21", "elapsed": 37.062865, "delta": 0.520004}}
{"target": -30.68050069970757, "params": {"C": 46.37544711239421, "epsilon": 0.9693123067206102, "gamma": 0.5694750215839498}, "datetime": {"datetime": "2021-09-27 20:32:22", "elapsed": 37.465867, "delta": 0.403002}}
{"target": -20.24372269497363, "params": {"C": 28.676072362412516, "epsilon": 0.7252997054778594, "gamma": 0.1126094016530563}, "datetime": {"datetime": "2021-09-27 20:32:22", "elapsed": 38.176863, "delta": 0.710996}}
{"target": -18.72753541614167, "params": {"C": 14.312293915013026, "epsilon": 0.9386989549771287, "gamma": 0.010461760961316027}, "datetime": {"datetime": "2021-09-27 20:32:23", "elapsed": 38.538863, "delta": 0.362}}
{"target": -17.374129345079798, "params": {"C": 27.30614067419905, "epsilon": 0.049646732062073894, "gamma": 0.03460994587375966}, "datetime": {"datetime": "2021-09-27 20:32:23", "elapsed": 39.178862, "delta": 0.639999}}
{"target": -27.89805171234881, "params": {"C": 18.500601505244322, "epsilon": 0.21000415286538596, "gamma": 0.531069827316335}, "datetime": {"datetime": "2021-09-27 20:32:24", "elapsed": 39.649382, "delta": 0.47052}}
{"target": -30.019947989235206, "params": {"C": 82.71588353814604, "epsilon": 0.12077199411176504, "gamma": 0.5587505474807256}, "datetime": {"datetime": "2021-09-27 20:32:24", "elapsed": 40.067383, "delta": 0.418001}}
{"target": -18.39617588945126, "params": {"C": 27.13074366711906, "epsilon": 0.030197143339096517, "gamma": 0.007807419940558525}, "datetime": {"datetime": "2021-09-27 20:32:25", "elapsed": 40.80738, "delta": 0.739997}}
{"target": -20.342265454027594, "params": {"C": 28.656131692197867, "epsilon": 0.8845031139986876, "gamma": 0.0032225275091731583}, "datetime": {"datetime": "2021-09-27 20:32:26", "elapsed": 41.426083, "delta": 0.618703}}
{"target": -17.93237807460506, "params": {"C": 27.45245182997158, "epsilon": 0.1674470081607617, "gamma": 0.07367209770174918}, "datetime": {"datetime": "2021-09-27 20:32:27", "elapsed": 42.497088, "delta": 1.071005}}
{"target": -30.614923332739163, "params": {"C": 83.27844492047777, "epsilon": 0.8404897292802676, "gamma": 0.5379514785927527}, "datetime": {"datetime": "2021-09-27 20:32:27", "elapsed": 42.860084, "delta": 0.362996}}
{"target": -17.429366718458187, "params": {"C": 27.257484117053526, "epsilon": 0.18504069810529628, "gamma": 0.04645999937143247}, "datetime": {"datetime": "2021-09-27 20:32:28", "elapsed": 43.372085, "delta": 0.512001}}
{"target": -32.413384635077286, "params": {"C": 79.46958282625279, "epsilon": 0.14176222388611812, "gamma": 0.7924693391386511}, "datetime": {"datetime": "2021-09-27 20:32:28", "elapsed": 43.77084, "delta": 0.398755}}
{"target": -18.775410034259092, "params": {"C": 20.98520491539167, "epsilon": 0.9070727315415892, "gamma": 0.009051362578276153}, "datetime": {"datetime": "2021-09-27 20:32:29", "elapsed": 44.494517, "delta": 0.723677}}
{"target": -22.615110422844545, "params": {"C": 39.61106249118704, "epsilon": 0.03625504213733892, "gamma": 0.15569547602160685}, "datetime": {"datetime": "2021-09-27 20:32:29", "elapsed": 44.986516, "delta": 0.491999}}
{"target": -18.97831206418721, "params": {"C": 3.516496369731814, "epsilon": 0.03707694882040773, "gamma": 0.030795106943932452}, "datetime": {"datetime": "2021-09-27 20:32:30", "elapsed": 45.351515, "delta": 0.364999}}
{"target": -17.894492025966105, "params": {"C": 27.99631391604069, "epsilon": 0.6419442285111294, "gamma": 0.0674869694481565}, "datetime": {"datetime": "2021-09-27 20:32:30", "elapsed": 46.178687, "delta": 0.827172}}
{"target": -21.91970726627753, "params": {"C": 27.926063025971025, "epsilon": 0.8599456050646719, "gamma": 0.001052613311930187}, "datetime": {"datetime": "2021-09-27 20:32:31", "elapsed": 47.072689, "delta": 0.894002}}
{"target": -17.625113353473022, "params": {"C": 29.928671246441066, "epsilon": 0.18560879615790327, "gamma": 0.0469719240487207}, "datetime": {"datetime": "2021-09-27 20:32:32", "elapsed": 47.894632, "delta": 0.821943}}
{"target": -23.670150175977, "params": {"C": 27.319308319964527, "epsilon": 0.030528108996009117, "gamma": 0.2095348162450148}, "datetime": {"datetime": "2021-09-27 20:32:33", "elapsed": 48.604632, "delta": 0.71}}
{"target": -17.94849429385673, "params": {"C": 29.838730243168268, "epsilon": 0.34427241233277767, "gamma": 0.0692349973340793}, "datetime": {"datetime": "2021-09-27 20:32:34", "elapsed": 49.353748, "delta": 0.749116}}
{"target": -22.728698082685874, "params": {"C": 30.007093039982525, "epsilon": 0.2960201994489586, "gamma": 0.1741721530415716}, "datetime": {"datetime": "2021-09-27 20:32:35", "elapsed": 50.428749, "delta": 1.075001}}
{"target": -17.779107227768208, "params": {"C": 29.712383403636053, "epsilon": 0.5038546849812392, "gamma": 0.02140381737257727}, "datetime": {"datetime": "2021-09-27 20:32:36", "elapsed": 51.440437, "delta": 1.011688}}
{"target": -22.37598980099047, "params": {"C": 64.27140110366281, "epsilon": 0.10004089860629697, "gamma": 0.14435615360358328}, "datetime": {"datetime": "2021-09-27 20:32:36", "elapsed": 51.945436, "delta": 0.504999}}
{"target": -17.350431405718826, "params": {"C": 29.526154109334957, "epsilon": 0.33837452832039233, "gamma": 0.03167521818565182}, "datetime": {"datetime": "2021-09-27 20:32:37", "elapsed": 52.58144, "delta": 0.636004}}
{"target": -18.035764269058713, "params": {"C": 29.505068287535202, "epsilon": 0.5330937831890914, "gamma": 0.012998111297626957}, "datetime": {"datetime": "2021-09-27 20:32:38", "elapsed": 53.53344, "delta": 0.952}}
{"target": -23.232655258061875, "params": {"C": 20.953678792781584, "epsilon": 0.9369216125093491, "gamma": 0.1856008631146358}, "datetime": {"datetime": "2021-09-27 20:32:38", "elapsed": 54.302439, "delta": 0.768999}}
{"target": -22.78947421750675, "params": {"C": 29.688709944810935, "epsilon": 0.20784382199812765, "gamma": 0.17500521221421103}, "datetime": {"datetime": "2021-09-27 20:32:39", "elapsed": 55.191589, "delta": 0.88915}}
{"target": -22.039205004591455, "params": {"C": 41.05347962579096, "epsilon": 0.5371851957632151, "gamma": 0.001}, "datetime": {"datetime": "2021-09-27 20:32:40", "elapsed": 56.170381, "delta": 0.978792}}
{"target": -17.60204563642488, "params": {"C": 29.74470261046102, "epsilon": 0.7251064532375409, "gamma": 0.02628951792540743}, "datetime": {"datetime": "2021-09-27 20:32:41", "elapsed": 57.303382, "delta": 1.133001}}
{"target": -22.273158497502795, "params": {"C": 30.20037502219117, "epsilon": 0.00949716082155503, "gamma": 0.15659938919396732}, "datetime": {"datetime": "2021-09-27 20:32:42", "elapsed": 57.761383, "delta": 0.458001}}
{"target": -23.927775592880923, "params": {"C": 29.604922675401156, "epsilon": 0.6405242360490373, "gamma": 0.20839738870814942}, "datetime": {"datetime": "2021-09-27 20:32:43", "elapsed": 58.870382, "delta": 1.108999}}
{"target": -20.06610533414283, "params": {"C": 9.544279627865157, "epsilon": 0.5474972460611296, "gamma": 0.1300004324883483}, "datetime": {"datetime": "2021-09-27 20:32:44", "elapsed": 59.406523, "delta": 0.536141}}
{"target": -17.595735139481842, "params": {"C": 29.89210707151551, "epsilon": 0.6641488217099427, "gamma": 0.025562417038782387}, "datetime": {"datetime": "2021-09-27 20:32:44", "elapsed": 60.074342, "delta": 0.667819}}
{"target": -22.20597784053241, "params": {"C": 41.25347519448142, "epsilon": 0.27488874038387473, "gamma": 0.14741799221542082}, "datetime": {"datetime": "2021-09-27 20:32:45", "elapsed": 61.10934, "delta": 1.034998}}
{"target": -18.644255583011603, "params": {"C": 41.76080473108655, "epsilon": 0.299818633753473, "gamma": 0.00546855391974935}, "datetime": {"datetime": "2021-09-27 20:32:46", "elapsed": 62.144059, "delta": 1.034719}}
{"target": -21.925936379717765, "params": {"C": 29.97835862650417, "epsilon": 0.852548458977769, "gamma": 0.001}, "datetime": {"datetime": "2021-09-27 20:32:47", "elapsed": 63.177059, "delta": 1.033}}
{"target": -23.15860441053385, "params": {"C": 41.69695107894935, "epsilon": 0.28006341783125566, "gamma": 0.1761550039684141}, "datetime": {"datetime": "2021-09-27 20:32:48", "elapsed": 64.1427, "delta": 0.965641}}
{"target": -21.82032324530912, "params": {"C": 41.95029482333657, "epsilon": 0.1998808673627936, "gamma": 0.001}, "datetime": {"datetime": "2021-09-27 20:32:49", "elapsed": 65.23639, "delta": 1.09369}}
{"target": -17.27566635618688, "params": {"C": 31.156083724839952, "epsilon": 0.18360109229581523, "gamma": 0.03561534445212145}, "datetime": {"datetime": "2021-09-27 20:32:50", "elapsed": 66.241591, "delta": 1.005201}}
{"target": -22.231149641143887, "params": {"C": 31.02985886236226, "epsilon": 0.2880208604262538, "gamma": 0.15456344014218906}, "datetime": {"datetime": "2021-09-27 20:32:52", "elapsed": 67.527588, "delta": 1.285997}}
{"target": -20.471155227142006, "params": {"C": 18.437036006707775, "epsilon": 0.1964570602212255, "gamma": 0.13916710037208557}, "datetime": {"datetime": "2021-09-27 20:32:52", "elapsed": 68.025369, "delta": 0.497781}}
{"target": -22.417428510431947, "params": {"C": 90.51621249420397, "epsilon": 0.05465108842479268, "gamma": 0.13474675902476987}, "datetime": {"datetime": "2021-09-27 20:32:53", "elapsed": 68.538368, "delta": 0.512999}}
{"target": -19.702522905676688, "params": {"C": 31.290002027994497, "epsilon": 0.12301003647133492, "gamma": 0.1125496374136303}, "datetime": {"datetime": "2021-09-27 20:32:54", "elapsed": 69.792103, "delta": 1.253735}}
{"target": -19.876522681936983, "params": {"C": 60.7869092526447, "epsilon": 0.32598515485193713, "gamma": 0.09461909249538547}, "datetime": {"datetime": "2021-09-27 20:32:55", "elapsed": 70.977102, "delta": 1.184999}}
{"target": -17.437955806769047, "params": {"C": 27.647009934179014, "epsilon": 0.1590588844639564, "gamma": 0.01709257053331415}, "datetime": {"datetime": "2021-09-27 20:32:56", "elapsed": 72.176075, "delta": 1.198973}}
{"target": -17.259715864290488, "params": {"C": 27.614581256101985, "epsilon": 0.38561821704359817, "gamma": 0.03841327638204405}, "datetime": {"datetime": "2021-09-27 20:32:57", "elapsed": 73.139077, "delta": 0.963002}}
{"target": -28.883678610649817, "params": {"C": 57.131056273796354, "epsilon": 0.30143331010793306, "gamma": 0.4424499515030502}, "datetime": {"datetime": "2021-09-27 20:32:58", "elapsed": 73.732554, "delta": 0.593477}}
{"target": -19.785869590093576, "params": {"C": 27.839749576957487, "epsilon": 0.3206343221062766, "gamma": 0.11620206952323889}, "datetime": {"datetime": "2021-09-27 20:32:59", "elapsed": 75.19024, "delta": 1.457686}}
{"target": -22.997798914861487, "params": {"C": 27.6208607517052, "epsilon": 0.48984448487123394, "gamma": 0.18614560532863236}, "datetime": {"datetime": "2021-09-27 20:33:00", "elapsed": 76.160242, "delta": 0.970002}}
{"target": -23.069166827073634, "params": {"C": 31.081516354246798, "epsilon": 0.010426234036183604, "gamma": 0.17721002290892465}, "datetime": {"datetime": "2021-09-27 20:33:01", "elapsed": 77.18824, "delta": 1.027998}}
{"target": -17.499533803125715, "params": {"C": 31.327219136024496, "epsilon": 0.3804461091026855, "gamma": 0.02464796939304973}, "datetime": {"datetime": "2021-09-27 20:33:03", "elapsed": 78.51098, "delta": 1.32274}}
{"target": -21.94014681389909, "params": {"C": 27.130065263178338, "epsilon": 0.3818585029431777, "gamma": 0.001}, "datetime": {"datetime": "2021-09-27 20:33:04", "elapsed": 79.522551, "delta": 1.011571}}
{"target": -22.009531482699053, "params": {"C": 27.688524771812745, "epsilon": 0.001, "gamma": 0.1528371533220456}, "datetime": {"datetime": "2021-09-27 20:33:05", "elapsed": 80.996412, "delta": 1.473861}}
{"target": -28.20645630166351, "params": {"C": 5.007184600202436, "epsilon": 0.53320936633211, "gamma": 0.43957787655133856}, "datetime": {"datetime": "2021-09-27 20:33:06", "elapsed": 81.588411, "delta": 0.591999}}
{"target": -17.384732407983396, "params": {"C": 29.510558722887804, "epsilon": 0.35695269415240355, "gamma": 0.031245506624056875}, "datetime": {"datetime": "2021-09-27 20:33:06", "elapsed": 82.201412, "delta": 0.613001}}
{"target": -22.491662338553546, "params": {"C": 60.989978503305835, "epsilon": 0.1541830782153057, "gamma": 0.14842797929798307}, "datetime": {"datetime": "2021-09-27 20:33:08", "elapsed": 83.504415, "delta": 1.303003}}
{"target": -22.117185101822894, "params": {"C": 20.646140734292445, "epsilon": 1.0, "gamma": 0.001}, "datetime": {"datetime": "2021-09-27 20:33:09", "elapsed": 84.721185, "delta": 1.21677}}
{"target": -18.228550110107218, "params": {"C": 61.003358348527996, "epsilon": 0.5722061294908117, "gamma": 0.011389115739809153}, "datetime": {"datetime": "2021-09-27 20:33:10", "elapsed": 85.981537, "delta": 1.260352}}
{"target": -22.071599481462894, "params": {"C": 20.835047322098642, "epsilon": 0.7542370932959915, "gamma": 0.001}, "datetime": {"datetime": "2021-09-27 20:33:11", "elapsed": 87.336537, "delta": 1.355}}
{"target": -18.09868342996713, "params": {"C": 61.116570357526776, "epsilon": 0.39697055238880263, "gamma": 0.06864904102798902}, "datetime": {"datetime": "2021-09-27 20:33:13", "elapsed": 88.603041, "delta": 1.266504}}
{"target": -20.251868913597036, "params": {"C": 41.276185411652726, "epsilon": 0.734347297894539, "gamma": 0.10535931818743668}, "datetime": {"datetime": "2021-09-27 20:33:13", "elapsed": 89.148041, "delta": 0.545}}
{"target": -21.940748860598895, "params": {"C": 31.19600639521724, "epsilon": 0.5589351243301843, "gamma": 0.001}, "datetime": {"datetime": "2021-09-27 20:33:15", "elapsed": 90.362312, "delta": 1.214271}}
{"target": -17.91776635135662, "params": {"C": 14.09328780028145, "epsilon": 1.0, "gamma": 0.06257887601056743}, "datetime": {"datetime": "2021-09-27 20:33:16", "elapsed": 91.725307, "delta": 1.362995}}
{"target": -20.376422602311287, "params": {"C": 14.187392752230641, "epsilon": 0.8561147524767895, "gamma": 0.13564373580818015}, "datetime": {"datetime": "2021-09-27 20:33:17", "elapsed": 92.872312, "delta": 1.147005}}
{"target": -30.185566913600166, "params": {"C": 41.53970457244417, "epsilon": 0.8475741963347434, "gamma": 0.5347835662454482}, "datetime": {"datetime": "2021-09-27 20:33:18", "elapsed": 93.491312, "delta": 0.619}}
{"target": -23.54422785037969, "params": {"C": 9.746905751084707, "epsilon": 0.5417726686862538, "gamma": 0.001}, "datetime": {"datetime": "2021-09-27 20:33:19", "elapsed": 94.880193, "delta": 1.388881}}
{"target": -33.726359089368025, "params": {"C": 53.38161973800926, "epsilon": 0.142346425419069, "gamma": 0.9292243514490911}, "datetime": {"datetime": "2021-09-27 20:33:20", "elapsed": 95.469191, "delta": 0.588998}}
{"target": -18.28458298849425, "params": {"C": 30.67827383172598, "epsilon": 0.17704160048994053, "gamma": 0.07990342146720439}, "datetime": {"datetime": "2021-09-27 20:33:21", "elapsed": 96.560337, "delta": 1.091146}}
{"target": -25.69936371072416, "params": {"C": 58.776435256784936, "epsilon": 0.53858724595453, "gamma": 0.2116257739821045}, "datetime": {"datetime": "2021-09-27 20:33:21", "elapsed": 97.233339, "delta": 0.673002}}
{"target": -22.749889032628662, "params": {"C": 13.911112288103306, "epsilon": 0.8821954944825142, "gamma": 0.001}, "datetime": {"datetime": "2021-09-27 20:33:23", "elapsed": 98.684682, "delta": 1.451343}}
{"target": -21.887052191827586, "params": {"C": 31.551217149804017, "epsilon": 0.4354810878214068, "gamma": 0.001}, "datetime": {"datetime": "2021-09-27 20:33:24", "elapsed": 100.084964, "delta": 1.400282}}
{"target": -25.61769803500159, "params": {"C": 60.96133619929325, "epsilon": 0.5813239798992227, "gamma": 0.20424320310532823}, "datetime": {"datetime": "2021-09-27 20:33:25", "elapsed": 101.113964, "delta": 1.029}}
{"target": -21.931936503951096, "params": {"C": 60.93298610901963, "epsilon": 0.42570597844503827, "gamma": 0.001}, "datetime": {"datetime": "2021-09-27 20:33:26", "elapsed": 102.218628, "delta": 1.104664}}
{"target": -21.392401750941488, "params": {"C": 41.628165676658895, "epsilon": 0.001443787883887969, "gamma": 0.0014491613311921146}, "datetime": {"datetime": "2021-09-27 20:33:28", "elapsed": 103.633155, "delta": 1.414527}}
{"target": -18.14054283796953, "params": {"C": 61.277130000080405, "epsilon": 0.2407334866183292, "gamma": 0.007959214635364208}, "datetime": {"datetime": "2021-09-27 20:33:29", "elapsed": 104.606746, "delta": 0.973591}}
{"target": -18.46727678542928, "params": {"C": 61.20875237863045, "epsilon": 0.7013631158569404, "gamma": 0.06327591887162654}, "datetime": {"datetime": "2021-09-27 20:33:30", "elapsed": 105.878098, "delta": 1.271352}}
{"target": -26.212747834939194, "params": {"C": 93.97890369088391, "epsilon": 0.17737442657078295, "gamma": 0.23812617107875275}, "datetime": {"datetime": "2021-09-27 20:33:31", "elapsed": 106.520097, "delta": 0.641999}}
{"target": -27.14123238545964, "params": {"C": 46.375066747584846, "epsilon": 0.8212120656156152, "gamma": 0.2994176496677478}, "datetime": {"datetime": "2021-09-27 20:33:31", "elapsed": 107.065101, "delta": 0.545004}}
{"target": -17.993865955361652, "params": {"C": 27.78239130824469, "epsilon": 0.477191615108756, "gamma": 0.01411697959155147}, "datetime": {"datetime": "2021-09-27 20:33:32", "elapsed": 108.294602, "delta": 1.229501}}
{"target": -19.39073028989419, "params": {"C": 61.26768630199441, "epsilon": 0.551421895974715, "gamma": 0.0851768465464439}, "datetime": {"datetime": "2021-09-27 20:33:34", "elapsed": 109.953434, "delta": 1.658832}}
{"target": -23.6570191047915, "params": {"C": 9.43660843193167, "epsilon": 0.6983999309153288, "gamma": 0.001}, "datetime": {"datetime": "2021-09-27 20:33:35", "elapsed": 111.183436, "delta": 1.230002}}
{"target": -18.999558301305353, "params": {"C": 3.2781684566569305, "epsilon": 0.03594096739205106, "gamma": 0.034849019926482414}, "datetime": {"datetime": "2021-09-27 20:33:36", "elapsed": 112.333362, "delta": 1.149926}}
{"target": -25.527403798372955, "params": {"C": 3.40188999604301, "epsilon": 0.0038595568147327766, "gamma": 0.2495211650646287}, "datetime": {"datetime": "2021-09-27 20:33:38", "elapsed": 113.780421, "delta": 1.447059}}
{"target": -21.92728132601807, "params": {"C": 61.43290505505744, "epsilon": 0.7784254296777479, "gamma": 0.001}, "datetime": {"datetime": "2021-09-27 20:33:39", "elapsed": 115.102778, "delta": 1.322357}}
{"target": -19.82681357511033, "params": {"C": 21.48259169007103, "epsilon": 0.7718938421495529, "gamma": 0.004482747021246979}, "datetime": {"datetime": "2021-09-27 20:33:41", "elapsed": 116.515124, "delta": 1.412346}}
{"target": -28.293002826194158, "params": {"C": 3.3953697459762866, "epsilon": 0.2457350366559221, "gamma": 0.001}, "datetime": {"datetime": "2021-09-27 20:33:42", "elapsed": 117.807124, "delta": 1.292}}
{"target": -24.06754888168777, "params": {"C": 31.312655300487545, "epsilon": 0.42882742410631824, "gamma": 0.2125092440681937}, "datetime": {"datetime": "2021-09-27 20:33:43", "elapsed": 119.346669, "delta": 1.539545}}
{"target": -20.305707839177632, "params": {"C": 29.593344629188078, "epsilon": 0.9598621406552788, "gamma": 0.0033318834713910736}, "datetime": {"datetime": "2021-09-27 20:33:45", "elapsed": 120.651945, "delta": 1.305276}}
{"target": -22.17185633177134, "params": {"C": 30.759508961817204, "epsilon": 0.001, "gamma": 0.001}, "datetime": {"datetime": "2021-09-27 20:33:47", "elapsed": 122.405782, "delta": 1.753837}}
{"target": -21.94079138998266, "params": {"C": 70.17899953054088, "epsilon": 0.30767951463996485, "gamma": 0.1315569886261731}, "datetime": {"datetime": "2021-09-27 20:33:47", "elapsed": 123.174784, "delta": 0.769002}}
{"target": -25.828110323482395, "params": {"C": 50.420039930416046, "epsilon": 0.21853566617929937, "gamma": 0.25438440843979904}, "datetime": {"datetime": "2021-09-27 20:33:48", "elapsed": 123.945317, "delta": 0.770533}}
{"target": -23.975421216246033, "params": {"C": 30.57073724079048, "epsilon": 0.3168104966118829, "gamma": 0.21455170504700863}, "datetime": {"datetime": "2021-09-27 20:33:50", "elapsed": 125.888994, "delta": 1.943677}}
{"target": -31.853401466880864, "params": {"C": 26.406859326281058, "epsilon": 0.6922466679694318, "gamma": 0.7358315566452048}, "datetime": {"datetime": "2021-09-27 20:33:51", "elapsed": 126.61016, "delta": 0.721166}}
{"target": -18.545162933745665, "params": {"C": 60.66140648106557, "epsilon": 0.11308203953845813, "gamma": 0.039149192409065704}, "datetime": {"datetime": "2021-09-27 20:33:52", "elapsed": 128.070949, "delta": 1.460789}}
{"target": -21.983622198269, "params": {"C": 60.567746774719815, "epsilon": 0.349995710803018, "gamma": 0.13645919701570747}, "datetime": {"datetime": "2021-09-27 20:33:54", "elapsed": 129.438951, "delta": 1.368002}}
{"target": -28.27405465598874, "params": {"C": 59.676560214475124, "epsilon": 0.8270893806757873, "gamma": 0.3340159311774513}, "datetime": {"datetime": "2021-09-27 20:33:54", "elapsed": 130.137083, "delta": 0.698132}}
{"target": -21.89057202342635, "params": {"C": 61.46653879181121, "epsilon": 0.3627905302345706, "gamma": 0.001}, "datetime": {"datetime": "2021-09-27 20:33:56", "elapsed": 131.646087, "delta": 1.509004}}
{"target": -17.737502055542116, "params": {"C": 40.85771225365847, "epsilon": 0.22532203098121917, "gamma": 0.011502172364316169}, "datetime": {"datetime": "2021-09-27 20:33:57", "elapsed": 133.042086, "delta": 1.395999}}
{"target": -21.795557878723734, "params": {"C": 41.026541059184495, "epsilon": 0.13922064687432398, "gamma": 0.001}, "datetime": {"datetime": "2021-09-27 20:33:59", "elapsed": 134.706606, "delta": 1.66452}}
