{"target": -21.079578818259694, "params": {"C": 183.4044009405148, "epsilon": 0.3601902142717348, "gamma": 0.0010456355521206097}, "datetime": {"datetime": "2021-09-27 20:31:17", "elapsed": 0.0, "delta": 0.0}}
{"target": -18.756443957889648, "params": {"C": 160.46651452636794, "epsilon": 0.07346326981947482, "gamma": 0.037843099312750324}, "datetime": {"datetime": "2021-09-27 20:31:17", "elapsed": 0.117, "delta": 0.117}}
{"target": -25.189842395897312, "params": {"C": 137.25204227553417, "epsilon": 0.17284580744881956, "gamma": 0.1593102222180373}, "datetime": {"datetime": "2021-09-27 20:31:17", "elapsed": 0.276, "delta": 0.159}}
{"target": -29.275921504463454, "params": {"C": 207.7633468006714, "epsilon": 0.20965533775020706, "gamma": 0.274402580658307}, "datetime": {"datetime": "2021-09-27 20:31:17", "elapsed": 0.383001, "delta": 0.107001}}
{"target": -18.733668760937974, "params": {"C": 140.89044994630348, "epsilon": 0.4390709064518336, "gamma": 0.011927649685972541}, "datetime": {"datetime": "2021-09-27 20:31:17", "elapsed": 0.422003, "delta": 0.039002}}
{"target": -19.512886596954875, "params": {"C": 140.76904080638872, "epsilon": 0.30001705624215536, "gamma": 0.0678642271102132}, "datetime": {"datetime": "2021-09-27 20:31:17", "elapsed": 0.612998, "delta": 0.190995}}
{"target": -18.811264432271958, "params": {"C": 142.37938449622138, "epsilon": 0.42226812634275634, "gamma": 0.05760934389334934}, "datetime": {"datetime": "2021-09-27 20:31:17", "elapsed": 0.845002, "delta": 0.232004}}
{"target": -29.71703078900201, "params": {"C": 162.78717861165657, "epsilon": 0.5, "gamma": 0.4}, "datetime": {"datetime": "2021-09-27 20:31:18", "elapsed": 1.377001, "delta": 0.531999}}
{"target": -19.723730407708835, "params": {"C": 158.84085782974807, "epsilon": 0.1623362581004393, "gamma": 0.02289935508899002}, "datetime": {"datetime": "2021-09-27 20:31:18", "elapsed": 1.797998, "delta": 0.420997}}
{"target": -29.428021652928148, "params": {"C": 144.95737293173383, "epsilon": 0.4087245204700423, "gamma": 0.33128844253524914}, "datetime": {"datetime": "2021-09-27 20:31:19", "elapsed": 2.289002, "delta": 0.491004}}
{"target": -22.666347280285407, "params": {"C": 156.22259086572086, "epsilon": 0.004272139938015895, "gamma": 0.11807736931968797}, "datetime": {"datetime": "2021-09-27 20:31:19", "elapsed": 2.644467, "delta": 0.355465}}
{"target": -27.853627867875307, "params": {"C": 180.9088402479528, "epsilon": 0.31246151806363986, "gamma": 0.23488947315962438}, "datetime": {"datetime": "2021-09-27 20:31:20", "elapsed": 2.926468, "delta": 0.282001}}
{"target": -19.34549290937865, "params": {"C": 185.527009105375, "epsilon": 0.12022439898204726, "gamma": 0.05483618119591165}, "datetime": {"datetime": "2021-09-27 20:31:20", "elapsed": 3.256467, "delta": 0.329999}}
{"target": -27.86956337863062, "params": {"C": 187.53564886605324, "epsilon": 0.45790930377302724, "gamma": 0.21358190937775043}, "datetime": {"datetime": "2021-09-27 20:31:20", "elapsed": 3.504473, "delta": 0.248006}}
{"target": -18.545146616926196, "params": {"C": 152.99410643799533, "epsilon": 0.49448435194587764, "gamma": 0.037123892490508924}, "datetime": {"datetime": "2021-09-27 20:31:20", "elapsed": 3.751468, "delta": 0.246995}}
{"target": -23.945077334607877, "params": {"C": 151.4680891796569, "epsilon": 0.43731322246377335, "gamma": 0.12361165532240802}, "datetime": {"datetime": "2021-09-27 20:31:21", "elapsed": 4.120467, "delta": 0.368999}}
{"target": -29.037472579912066, "params": {"C": 154.18128751201743, "epsilon": 0.04937502059197651, "gamma": 0.3976864041785976}, "datetime": {"datetime": "2021-09-27 20:31:21", "elapsed": 4.476467, "delta": 0.356}}
{"target": -29.20563105073321, "params": {"C": 141.63400543990105, "epsilon": 0.25456280485379174, "gamma": 0.3942491084647837}, "datetime": {"datetime": "2021-09-27 20:31:21", "elapsed": 4.818011, "delta": 0.341544}}
{"target": -21.40911832166085, "params": {"C": 152.60293809476482, "epsilon": 0.5, "gamma": 0.001}, "datetime": {"datetime": "2021-09-27 20:31:22", "elapsed": 5.126011, "delta": 0.308}}
{"target": -19.24289242927132, "params": {"C": 219.64040367895163, "epsilon": 0.05643975844901928, "gamma": 0.047594226364086695}, "datetime": {"datetime": "2021-09-27 20:31:22", "elapsed": 5.335007, "delta": 0.208996}}
{"target": -29.573670202269902, "params": {"C": 222.72493214357672, "epsilon": 0.2787402086310157, "gamma": 0.2617891612004102}, "datetime": {"datetime": "2021-09-27 20:31:22", "elapsed": 5.587013, "delta": 0.252006}}
{"target": -18.769112735690925, "params": {"C": 152.99104154858207, "epsilon": 0.48427917278124905, "gamma": 0.012109192445214006}, "datetime": {"datetime": "2021-09-27 20:31:22", "elapsed": 5.733009, "delta": 0.145996}}
{"target": -19.02007311517654, "params": {"C": 159.93798728474457, "epsilon": 0.2602582060911705, "gamma": 0.056031773669545634}, "datetime": {"datetime": "2021-09-27 20:31:23", "elapsed": 6.028011, "delta": 0.295002}}
{"target": -19.060348272885484, "params": {"C": 142.92017484138393, "epsilon": 0.4088477986825858, "gamma": 0.02108665292054692}, "datetime": {"datetime": "2021-09-27 20:31:23", "elapsed": 6.272007, "delta": 0.243996}}
{"target": -19.4709693610508, "params": {"C": 184.8079167088062, "epsilon": 0.018052616631166387, "gamma": 0.0572606502255056}, "datetime": {"datetime": "2021-09-27 20:31:23", "elapsed": 6.682257, "delta": 0.41025}}
{"target": -29.70979623372457, "params": {"C": 160.4947143289807, "epsilon": 0.5, "gamma": 0.4}, "datetime": {"datetime": "2021-09-27 20:31:24", "elapsed": 7.368998, "delta": 0.686741}}
{"target": -27.308842007017482, "params": {"C": 146.00836970263998, "epsilon": 0.03248693008526301, "gamma": 0.2818344133197376}, "datetime": {"datetime": "2021-09-27 20:31:24", "elapsed": 7.735996, "delta": 0.366998}}
{"target": -18.55463950305081, "params": {"C": 159.45486929856904, "epsilon": 0.12305254433315692, "gamma": 0.007388131273867434}, "datetime": {"datetime": "2021-09-27 20:31:25", "elapsed": 7.998995, "delta": 0.262999}}
{"target": -29.6487011954299, "params": {"C": 185.20065749933764, "epsilon": 0.4619017110296228, "gamma": 0.38336175827163765}, "datetime": {"datetime": "2021-09-27 20:31:25", "elapsed": 8.334998, "delta": 0.336003}}
{"target": -21.80451103927478, "params": {"C": 42.28517846555483, "epsilon": 0.7206041689487159, "gamma": 0.0011142604425275417}, "datetime": {"datetime": "2021-09-27 20:31:44", "elapsed": 0.0, "delta": 0.0}}
{"target": -18.711021901631575, "params": {"C": 30.930924690552136, "epsilon": 0.14760913492629593, "gamma": 0.093246256174029}, "datetime": {"datetime": "2021-09-27 20:31:44", "elapsed": 0.127999, "delta": 0.127999}}
{"target": -26.531874263828737, "params": {"C": 19.439760926389418, "epsilon": 0.3462151663160047, "gamma": 0.39737070675643926}, "datetime": {"datetime": "2021-09-27 20:31:44", "elapsed": 0.180996, "delta": 0.052997}}
{"target": -31.295543591964005, "params": {"C": 54.34285666633234, "epsilon": 0.4197753198888915, "gamma": 0.6855342808963627}, "datetime": {"datetime": "2021-09-27 20:31:44", "elapsed": 0.238, "delta": 0.057004}}
{"target": -17.789524562565205, "params": {"C": 21.240772723420225, "epsilon": 0.8782393189545544, "gamma": 0.02836020560472824}, "datetime": {"datetime": "2021-09-27 20:31:44", "elapsed": 0.326999, "delta": 0.088999}}
{"target": -32.41274564054354, "params": {"C": 38.208197695669, "epsilon": 0.7900886564909997, "gamma": 0.7746724551931922}, "datetime": {"datetime": "2021-09-27 20:31:45", "elapsed": 0.473001, "delta": 0.146002}}
{"target": -24.24340387513514, "params": {"C": 53.69749411142431, "epsilon": 0.7875966247941151, "gamma": 0.17572487500596717}, "datetime": {"datetime": "2021-09-27 20:31:45", "elapsed": 0.662999, "delta": 0.189998}}
{"target": -31.90132195370541, "params": {"C": 59.98860006120256, "epsilon": 0.2617638833923677, "gamma": 0.7469822270610702}, "datetime": {"datetime": "2021-09-27 20:31:45", "elapsed": 0.877, "delta": 0.214001}}
{"target": -33.49589545555801, "params": {"C": 23.523971932462278, "epsilon": 0.15643440739082923, "gamma": 0.9473561476260901}, "datetime": {"datetime": "2021-09-27 20:31:45", "elapsed": 1.146, "delta": 0.269}}
{"target": -25.773100220777973, "params": {"C": 72.8993491362408, "epsilon": 0.7288834018368413, "gamma": 0.19549334355069295}, "datetime": {"datetime": "2021-09-27 20:31:46", "elapsed": 1.363403, "delta": 0.217403}}
{"target": -29.15738819218811, "params": {"C": 47.554422376931385, "epsilon": 0.42406921865376807, "gamma": 0.47244075763662624}, "datetime": {"datetime": "2021-09-27 20:31:46", "elapsed": 1.652408, "delta": 0.289005}}
{"target": -30.034371944538474, "params": {"C": 95.58911197857834, "epsilon": 0.6644073444262056, "gamma": 0.47124991928925314}, "datetime": {"datetime": "2021-09-27 20:31:46", "elapsed": 1.962406, "delta": 0.309998}}
{"target": -34.63715092654775, "params": {"C": 49.38453956461047, "epsilon": 0.8413374950585417, "gamma": 0.9790893699262125}, "datetime": {"datetime": "2021-09-27 20:31:46", "elapsed": 2.220408, "delta": 0.258002}}
{"target": -33.226699668422036, "params": {"C": 32.924803184248496, "epsilon": 0.763771913328533, "gamma": 0.8571047039112378}, "datetime": {"datetime": "2021-09-27 20:31:47", "elapsed": 2.425411, "delta": 0.205003}}
{"target": -33.78539284159393, "params": {"C": 85.6397899648315, "epsilon": 0.7196327031050553, "gamma": 0.9120589526863301}, "datetime": {"datetime": "2021-09-27 20:31:47", "elapsed": 2.601408, "delta": 0.175997}}
{"target": -28.987798041166464, "params": {"C": 68.0340411004982, "epsilon": 0.5483631316610356, "gamma": 0.3838259579715661}, "datetime": {"datetime": "2021-09-27 20:31:47", "elapsed": 2.787407, "delta": 0.185999}}
{"target": -24.74748705965871, "params": {"C": 14.934853999305448, "epsilon": 0.14024017734137936, "gamma": 0.3175154795393631}, "datetime": {"datetime": "2021-09-27 20:31:47", "elapsed": 2.972406, "delta": 0.184999}}
{"target": -18.014720665656203, "params": {"C": 28.12604630072965, "epsilon": 0.7645840554218787, "gamma": 0.06780367511465471}, "datetime": {"datetime": "2021-09-27 20:31:47", "elapsed": 3.131408, "delta": 0.159002}}
{"target": -28.902875053741226, "params": {"C": 93.99362637650356, "epsilon": 0.9499991061192029, "gamma": 0.27985229231706554}, "datetime": {"datetime": "2021-09-27 20:31:47", "elapsed": 3.341644, "delta": 0.210236}}
{"target": -21.496380225711306, "params": {"C": 60.221999821081056, "epsilon": 0.11358935525219095, "gamma": 0.11766073217474336}, "datetime": {"datetime": "2021-09-27 20:31:48", "elapsed": 3.634641, "delta": 0.292997}}
{"target": -24.644356039751816, "params": {"C": 14.963421527381954, "epsilon": 0.10602049122409331, "gamma": 0.31325005386108856}, "datetime": {"datetime": "2021-09-27 20:31:48", "elapsed": 3.902872, "delta": 0.268231}}
{"target": -22.069727579151618, "params": {"C": 21.621901241884665, "epsilon": 1.0, "gamma": 0.001}, "datetime": {"datetime": "2021-09-27 20:31:48", "elapsed": 4.310655, "delta": 0.407783}}
{"target": -26.631017702330244, "params": {"C": 21.195655502261133, "epsilon": 0.5749574986474174, "gamma": 0.351200727675263}, "datetime": {"datetime": "2021-09-27 20:31:49", "elapsed": 4.828654, "delta": 0.517999}}
{"target": -18.842970297923838, "params": {"C": 27.800526141892984, "epsilon": 0.6428824442861821, "gamma": 0.08904495749705464}, "datetime": {"datetime": "2021-09-27 20:31:49", "elapsed": 5.339874, "delta": 0.51122}}
{"target": -23.037752423728968, "params": {"C": 28.162007531615924, "epsilon": 0.36469746165416916, "gamma": 0.18987780880890165}, "datetime": {"datetime": "2021-09-27 20:31:50", "elapsed": 5.849875, "delta": 0.510001}}
{"target": -27.81338832190943, "params": {"C": 27.995999532476358, "epsilon": 0.9866500606389201, "gamma": 0.34935749802764693}, "datetime": {"datetime": "2021-09-27 20:31:51", "elapsed": 6.361875, "delta": 0.512}}
{"target": -30.571737549375538, "params": {"C": 23.7741430028068, "epsilon": 0.06572203071649878, "gamma": 0.7041418017704707}, "datetime": {"datetime": "2021-09-27 20:31:51", "elapsed": 6.65988, "delta": 0.298005}}
{"target": -17.44848454347557, "params": {"C": 20.83899181828406, "epsilon": 0.9531450087552075, "gamma": 0.03787322210332494}, "datetime": {"datetime": "2021-09-27 20:31:51", "elapsed": 7.194876, "delta": 0.534996}}
{"target": -18.704625078041552, "params": {"C": 30.51308488789059, "epsilon": 0.19189899850137038, "gamma": 0.00633337635939517}, "datetime": {"datetime": "2021-09-27 20:31:52", "elapsed": 7.920873, "delta": 0.725997}}
{"target": -27.455303378225544, "params": {"C": 84.08119367674604, "epsilon": 0.4190919682264855, "gamma": 0.29679332795660723}, "datetime": {"datetime": "2021-09-27 20:31:52", "elapsed": 8.207874, "delta": 0.287001}}
{"target": -27.14470860050387, "params": {"C": 30.624034378519607, "epsilon": 0.001, "gamma": 0.4325398505960018}, "datetime": {"datetime": "2021-09-27 20:31:53", "elapsed": 9.149875, "delta": 0.942001}}
{"target": -21.92312980916998, "params": {"C": 30.781802395158508, "epsilon": 0.523489632758924, "gamma": 0.001}, "datetime": {"datetime": "2021-09-27 20:31:54", "elapsed": 9.776085, "delta": 0.62621}}
{"target": -20.577989118808787, "params": {"C": 5.256207731247922, "epsilon": 0.4154480921520809, "gamma": 0.006286281438056462}, "datetime": {"datetime": "2021-09-27 20:31:54", "elapsed": 10.03109, "delta": 0.255005}}
{"target": -21.3934409495558, "params": {"C": 20.562423666148085, "epsilon": 0.7381124938174999, "gamma": 0.002067606829446315}, "datetime": {"datetime": "2021-09-27 20:31:55", "elapsed": 10.64409, "delta": 0.613}}
{"target": -21.959511652496982, "params": {"C": 28.55928410794474, "epsilon": 0.7732292504314977, "gamma": 0.001}, "datetime": {"datetime": "2021-09-27 20:31:55", "elapsed": 11.206883, "delta": 0.562793}}
{"target": -19.19194130211472, "params": {"C": 31.454761110339756, "epsilon": 0.2536551863996324, "gamma": 0.10226749410829153}, "datetime": {"datetime": "2021-09-27 20:31:56", "elapsed": 11.857884, "delta": 0.651001}}
{"target": -25.62793401530172, "params": {"C": 11.216925533072661, "epsilon": 0.05809171903722195, "gamma": 0.37027643213282074}, "datetime": {"datetime": "2021-09-27 20:31:56", "elapsed": 12.046874, "delta": 0.18899}}
{"target": -28.899923561392317, "params": {"C": 31.53458951701514, "epsilon": 0.06793196821965755, "gamma": 0.5468322134415413}, "datetime": {"datetime": "2021-09-27 20:31:57", "elapsed": 12.521876, "delta": 0.475002}}
{"target": -17.750215572976202, "params": {"C": 21.232754323114612, "epsilon": 0.8576596150614407, "gamma": 0.028951199523584104}, "datetime": {"datetime": "2021-09-27 20:31:57", "elapsed": 12.755877, "delta": 0.234001}}
{"target": -21.226593294786234, "params": {"C": 31.48407481169332, "epsilon": 0.6626466280659931, "gamma": 0.13389807022866507}, "datetime": {"datetime": "2021-09-27 20:31:57", "elapsed": 13.191879, "delta": 0.436002}}
{"target": -17.491012615172032, "params": {"C": 29.90154763341447, "epsilon": 0.4662165228448127, "gamma": 0.051192366398123385}, "datetime": {"datetime": "2021-09-27 20:31:58", "elapsed": 13.78588, "delta": 0.594001}}
{"target": -18.238194167715232, "params": {"C": 29.857802623995607, "epsilon": 0.035809721666454596, "gamma": 0.07844871180883364}, "datetime": {"datetime": "2021-09-27 20:31:58", "elapsed": 14.234942, "delta": 0.449062}}
{"target": -19.163952324433463, "params": {"C": 29.371413948773668, "epsilon": 0.43174078308281505, "gamma": 0.10168513097132749}, "datetime": {"datetime": "2021-09-27 20:31:59", "elapsed": 14.760941, "delta": 0.525999}}
{"target": -30.735619708570333, "params": {"C": 29.61295680657275, "epsilon": 0.41773489856999196, "gamma": 0.6535320189035227}, "datetime": {"datetime": "2021-09-27 20:32:00", "elapsed": 15.462942, "delta": 0.702001}}
{"target": -22.19696018439315, "params": {"C": 29.343127989796283, "epsilon": 0.001, "gamma": 0.001}, "datetime": {"datetime": "2021-09-27 20:32:01", "elapsed": 16.466942, "delta": 1.004}}
{"target": -33.32022552134586, "params": {"C": 75.71558088968531, "epsilon": 0.2371401527071588, "gamma": 0.8753153152752179}, "datetime": {"datetime": "2021-09-27 20:32:01", "elapsed": 16.738943, "delta": 0.272001}}
{"target": -19.032393184513175, "params": {"C": 29.810542049485363, "epsilon": 0.9817042640164197, "gamma": 0.006210491400784539}, "datetime": {"datetime": "2021-09-27 20:32:02", "elapsed": 17.878983, "delta": 1.14004}}
{"target": -33.58664887555386, "params": {"C": 81.2761023225424, "epsilon": 0.7474988198213383, "gamma": 0.8896394683489618}, "datetime": {"datetime": "2021-09-27 20:32:02", "elapsed": 18.168984, "delta": 0.290001}}
{"target": -17.660764131304607, "params": {"C": 28.11771912279231, "epsilon": 0.7615541087637001, "gamma": 0.0451036781627292}, "datetime": {"datetime": "2021-09-27 20:32:03", "elapsed": 18.463983, "delta": 0.294999}}
{"target": -24.752545596070703, "params": {"C": 4.650728848455895, "epsilon": 0.801078428716175, "gamma": 0.24430847216585092}, "datetime": {"datetime": "2021-09-27 20:32:04", "elapsed": 19.470714, "delta": 1.006731}}
{"target": -24.670345779482144, "params": {"C": 5.88250455927455, "epsilon": 0.016582991944477286, "gamma": 0.001}, "datetime": {"datetime": "2021-09-27 20:32:05", "elapsed": 20.377715, "delta": 0.907001}}
{"target": -17.400194698269498, "params": {"C": 27.106357057524907, "epsilon": 0.16268647892224056, "gamma": 0.015879499002717644}, "datetime": {"datetime": "2021-09-27 20:32:05", "elapsed": 21.120715, "delta": 0.743}}
{"target": -21.965388397445622, "params": {"C": 26.92269079645854, "epsilon": 0.6806925421080203, "gamma": 0.001}, "datetime": {"datetime": "2021-09-27 20:32:06", "elapsed": 21.836746, "delta": 0.716031}}
{"target": -28.158977581991618, "params": {"C": 26.890317912542205, "epsilon": 0.001, "gamma": 0.5178003163733081}, "datetime": {"datetime": "2021-09-27 20:32:07", "elapsed": 22.708749, "delta": 0.872003}}
{"target": -17.872279339574213, "params": {"C": 60.96034519218912, "epsilon": 0.26553675861616216, "gamma": 0.00967908857406432}, "datetime": {"datetime": "2021-09-27 20:32:07", "elapsed": 23.260749, "delta": 0.552}}
{"target": -21.99910260864048, "params": {"C": 60.79210075937479, "epsilon": 0.8082015315077208, "gamma": 0.001}, "datetime": {"datetime": "2021-09-27 20:32:09", "elapsed": 24.596821, "delta": 1.336072}}
{"target": -21.658959871057327, "params": {"C": 61.49741275076948, "epsilon": 0.001, "gamma": 0.001}, "datetime": {"datetime": "2021-09-27 20:32:09", "elapsed": 25.167819, "delta": 0.570998}}
{"target": -30.394054673501902, "params": {"C": 61.25753227532851, "epsilon": 0.44706026285479405, "gamma": 0.5777179226854253}, "datetime": {"datetime": "2021-09-27 20:32:10", "elapsed": 26.206402, "delta": 1.038583}}
{"target": -33.689731272437264, "params": {"C": 11.755314481218766, "epsilon": 0.8155972403641031, "gamma": 0.9746549640850836}, "datetime": {"datetime": "2021-09-27 20:32:11", "elapsed": 26.606402, "delta": 0.4}}
{"target": -29.063044046672857, "params": {"C": 87.30295318096893, "epsilon": 0.1794165767810376, "gamma": 0.41936741569337754}, "datetime": {"datetime": "2021-09-27 20:32:11", "elapsed": 27.139401, "delta": 0.532999}}
{"target": -17.48337205019845, "params": {"C": 27.47135458315669, "epsilon": 0.0017712649419367866, "gamma": 0.04334992279573456}, "datetime": {"datetime": "2021-09-27 20:32:12", "elapsed": 27.663729, "delta": 0.524328}}
{"target": -31.423510296653895, "params": {"C": 5.619674069440483, "epsilon": 0.8445635520688025, "gamma": 0.649465883821355}, "datetime": {"datetime": "2021-09-27 20:32:12", "elapsed": 28.275729, "delta": 0.612}}
{"target": -21.74184969369383, "params": {"C": 42.79988908794594, "epsilon": 0.001, "gamma": 0.001}, "datetime": {"datetime": "2021-09-27 20:32:13", "elapsed": 28.935247, "delta": 0.659518}}
{"target": -27.794142768167234, "params": {"C": 43.111278793039475, "epsilon": 0.7484334356380579, "gamma": 0.35800778497299984}, "datetime": {"datetime": "2021-09-27 20:32:14", "elapsed": 29.584249, "delta": 0.649002}}
{"target": -18.083438776370127, "params": {"C": 41.782038237829, "epsilon": 0.11580063565655145, "gamma": 0.06709973281512344}, "datetime": {"datetime": "2021-09-27 20:32:14", "elapsed": 30.272248, "delta": 0.687999}}
{"target": -29.92009740474125, "params": {"C": 42.098693111504865, "epsilon": 0.035222639869091556, "gamma": 0.5903735371940207}, "datetime": {"datetime": "2021-09-27 20:32:15", "elapsed": 30.95525, "delta": 0.683002}}
{"target": -20.716114117526036, "params": {"C": 9.5385658654077, "epsilon": 0.5476586781004074, "gamma": 0.14588646836538197}, "datetime": {"datetime": "2021-09-27 20:32:15", "elapsed": 31.337387, "delta": 0.382137}}
{"target": -17.969745754740227, "params": {"C": 41.21485230281412, "epsilon": 0.42260833387002783, "gamma": 0.017749682359681055}, "datetime": {"datetime": "2021-09-27 20:32:16", "elapsed": 32.160388, "delta": 0.823001}}
{"target": -21.71699415892488, "params": {"C": 41.66385752174561, "epsilon": 0.7033145681338299, "gamma": 0.13535763148654778}, "datetime": {"datetime": "2021-09-27 20:32:17", "elapsed": 32.915388, "delta": 0.755}}
{"target": -21.79021339952071, "params": {"C": 41.28147561232508, "epsilon": 0.001, "gamma": 0.001}, "datetime": {"datetime": "2021-09-27 20:32:18", "elapsed": 33.625005, "delta": 0.709617}}
{"target": -22.016147859082697, "params": {"C": 40.73977207183524, "epsilon": 0.8039323692388802, "gamma": 0.001}, "datetime": {"datetime": "2021-09-27 20:32:19", "elapsed": 34.494005, "delta": 0.869}}
{"target": -30.772855239551422, "params": {"C": 40.89805755550775, "epsilon": 0.4874479714017805, "gamma": 0.638478715331163}, "datetime": {"datetime": "2021-09-27 20:32:19", "elapsed": 35.206001, "delta": 0.711996}}
{"target": -18.99696857700368, "params": {"C": 27.41977065419409, "epsilon": 0.3329072641961149, "gamma": 0.005414926523125955}, "datetime": {"datetime": "2021-09-27 20:32:20", "elapsed": 36.151863, "delta": 0.945862}}
