{"target": -26.325838774511084, "params": {"C": 30.167651350685773, "epsilon": 0.06899425961362299, "gamma": 0.2658402123071143}, "datetime": {"datetime": "2021-09-27 21:41:17", "elapsed": 3.167718, "delta": 0.262004}}
{"target": -17.68975143364614, "params": {"C": 57.24406627832642, "epsilon": 0.3338284203221969, "gamma": 0.052157063992768656}, "datetime": {"datetime": "2021-09-27 21:41:18", "elapsed": 3.419718, "delta": 0.252}}
{"target": -17.906149027880275, "params": {"C": 57.56509679925415, "epsilon": 0.18732826663587807, "gamma": 0.03477423772968286}, "datetime": {"datetime": "2021-09-27 21:41:18", "elapsed": 3.911716, "delta": 0.491998}}
{"target": -17.362266578269743, "params": {"C": 58.00790578337537, "epsilon": 0.323094407792838, "gamma": 0.004069937717836775}, "datetime": {"datetime": "2021-09-27 21:41:18", "elapsed": 4.270729, "delta": 0.359013}}
{"target": -17.28099301736862, "params": {"C": 57.40307641721844, "epsilon": 0.3897247225826958, "gamma": 0.024177959305547253}, "datetime": {"datetime": "2021-09-27 21:41:19", "elapsed": 4.426872, "delta": 0.156143}}
{"target": -18.751353641393298, "params": {"C": 87.54641298533829, "epsilon": 0.07345847433492363, "gamma": 0.023509019201517267}, "datetime": {"datetime": "2021-09-27 21:41:19", "elapsed": 4.55487, "delta": 0.127998}}
{"target": -26.27999446156877, "params": {"C": 52.09037440477563, "epsilon": 0.3631684573695559, "gamma": 0.21129541086276635}, "datetime": {"datetime": "2021-09-27 21:41:19", "elapsed": 4.719868, "delta": 0.164998}}
{"target": -18.380380568863988, "params": {"C": 87.17142351343057, "epsilon": 0.06286728562960277, "gamma": 0.025935643440209447}, "datetime": {"datetime": "2021-09-27 21:41:19", "elapsed": 5.04987, "delta": 0.330002}}
{"target": -30.281272259023844, "params": {"C": 87.3523938214884, "epsilon": 0.16055144245354497, "gamma": 0.38732168705339215}, "datetime": {"datetime": "2021-09-27 21:41:19", "elapsed": 5.298869, "delta": 0.248999}}
{"target": -17.75480686236322, "params": {"C": 86.80629954527917, "epsilon": 0.09040023790251371, "gamma": 0.032810518144940584}, "datetime": {"datetime": "2021-09-27 21:41:20", "elapsed": 5.52787, "delta": 0.229001}}
{"target": -17.9432133162424, "params": {"C": 86.91292901102837, "epsilon": 0.34645243582452084, "gamma": 0.05104725802814576}, "datetime": {"datetime": "2021-09-27 21:41:20", "elapsed": 5.816871, "delta": 0.289001}}
{"target": -25.684636193324096, "params": {"C": 86.46197074357184, "epsilon": 0.3321246536094638, "gamma": 0.16976892103390676}, "datetime": {"datetime": "2021-09-27 21:41:20", "elapsed": 6.059871, "delta": 0.243}}
{"target": -28.23499144763788, "params": {"C": 43.068354335526415, "epsilon": 0.39059053439535324, "gamma": 0.303338606236813}, "datetime": {"datetime": "2021-09-27 21:41:20", "elapsed": 6.292868, "delta": 0.232997}}
{"target": -26.068692994969783, "params": {"C": 33.28381474398493, "epsilon": 0.0816602268358233, "gamma": 0.24938850627821318}, "datetime": {"datetime": "2021-09-27 21:41:21", "elapsed": 6.506868, "delta": 0.214}}
{"target": -17.574051230201068, "params": {"C": 87.97637184147104, "epsilon": 0.01696520521408367, "gamma": 0.010554129787524784}, "datetime": {"datetime": "2021-09-27 21:41:21", "elapsed": 6.790869, "delta": 0.284001}}
{"target": -17.518477302562406, "params": {"C": 87.90138715080266, "epsilon": 0.2675521147912683, "gamma": 0.011672142976010767}, "datetime": {"datetime": "2021-09-27 21:41:21", "elapsed": 7.07087, "delta": 0.280001}}
{"target": -18.453356185683887, "params": {"C": 88.26893073427532, "epsilon": 0.24296131018959563, "gamma": 0.002}, "datetime": {"datetime": "2021-09-27 21:41:22", "elapsed": 7.430132, "delta": 0.359262}}
{"target": -29.882700629418483, "params": {"C": 88.0766774163053, "epsilon": 0.10996468583121644, "gamma": 0.360319364159572}, "datetime": {"datetime": "2021-09-27 21:41:22", "elapsed": 7.800131, "delta": 0.369999}}
{"target": -17.573670267555432, "params": {"C": 87.16363081586972, "epsilon": 0.07434529263411457, "gamma": 0.05074079672846662}, "datetime": {"datetime": "2021-09-27 21:41:22", "elapsed": 8.018135, "delta": 0.218004}}
{"target": -18.540209197321037, "params": {"C": 87.52022469175058, "epsilon": 0.09171262975339542, "gamma": 0.024616138424338713}, "datetime": {"datetime": "2021-09-27 21:41:22", "elapsed": 8.216136, "delta": 0.198001}}
{"target": -27.323471524476133, "params": {"C": 86.9652555179064, "epsilon": 0.025154517207686983, "gamma": 0.2363978770270493}, "datetime": {"datetime": "2021-09-27 21:41:23", "elapsed": 8.477129, "delta": 0.260993}}
{"target": -20.762934495195704, "params": {"C": 87.22107777434007, "epsilon": 0.32729683374512175, "gamma": 0.09071212099958526}, "datetime": {"datetime": "2021-09-27 21:41:23", "elapsed": 8.83113, "delta": 0.354001}}
{"target": -16.924435926120047, "params": {"C": 57.83381318236584, "epsilon": 0.05416915689482109, "gamma": 0.008777433388233839}, "datetime": {"datetime": "2021-09-27 21:41:23", "elapsed": 9.0919, "delta": 0.26077}}
{"target": -18.053873570705907, "params": {"C": 58.17522518926721, "epsilon": 0.017450613200315535, "gamma": 0.02528516195380938}, "datetime": {"datetime": "2021-09-27 21:41:24", "elapsed": 9.42008, "delta": 0.32818}}
{"target": -18.26360913160063, "params": {"C": 88.56788021008236, "epsilon": 0.3093861768581684, "gamma": 0.002004204284783681}, "datetime": {"datetime": "2021-09-27 21:41:24", "elapsed": 9.681078, "delta": 0.260998}}
{"target": -20.472577187446724, "params": {"C": 88.84777693950544, "epsilon": 0.1374588685729565, "gamma": 0.08365503697135752}, "datetime": {"datetime": "2021-09-27 21:41:24", "elapsed": 10.110082, "delta": 0.429004}}
{"target": -17.89615119514059, "params": {"C": 88.46050433079911, "epsilon": 0.02895342887736817, "gamma": 0.014122346611852698}, "datetime": {"datetime": "2021-09-27 21:41:25", "elapsed": 10.509083, "delta": 0.399001}}
{"target": -17.67066795846652, "params": {"C": 87.58641664510378, "epsilon": 0.3855620040773623, "gamma": 0.03110559578877397}, "datetime": {"datetime": "2021-09-27 21:41:25", "elapsed": 10.838082, "delta": 0.328999}}
{"target": -25.58932029330397, "params": {"C": 25.72854300443317, "epsilon": 0.31400594313260305, "gamma": 0.2399224504448619}, "datetime": {"datetime": "2021-09-27 21:41:25", "elapsed": 11.027086, "delta": 0.189004}}
{"target": -26.383077301663278, "params": {"C": 12.306755870154205, "epsilon": 0.211425849870154, "gamma": 0.29257043965587715}, "datetime": {"datetime": "2021-09-27 21:41:25", "elapsed": 11.255691, "delta": 0.228605}}
{"target": -30.001428233779027, "params": {"C": 88.63455527009204, "epsilon": 0.3620873963224415, "gamma": 0.34061700591122684}, "datetime": {"datetime": "2021-09-27 21:41:26", "elapsed": 11.680354, "delta": 0.424663}}
{"target": -16.831778962574546, "params": {"C": 21.802212266477735, "epsilon": 0.04176779286753953, "gamma": 0.02002302627171861}, "datetime": {"datetime": "2021-09-27 21:41:26", "elapsed": 11.95935, "delta": 0.278996}}
{"target": -25.358667542369652, "params": {"C": 21.66265962530865, "epsilon": 0.07672353426847346, "gamma": 0.25271494991050697}, "datetime": {"datetime": "2021-09-27 21:41:26", "elapsed": 12.311354, "delta": 0.352004}}
{"target": -18.4211181753304, "params": {"C": 69.90944206249127, "epsilon": 0.3623063114319911, "gamma": 0.06361968184137458}, "datetime": {"datetime": "2021-09-27 21:41:27", "elapsed": 12.547356, "delta": 0.236002}}
{"target": -18.263176905938273, "params": {"C": 87.86092135585208, "epsilon": 0.2568411244389971, "gamma": 0.025235941003374486}, "datetime": {"datetime": "2021-09-27 21:41:27", "elapsed": 12.858351, "delta": 0.310995}}
{"target": -20.273093688159815, "params": {"C": 22.056974724977266, "epsilon": 0.001, "gamma": 0.002}, "datetime": {"datetime": "2021-09-27 21:41:28", "elapsed": 13.508646, "delta": 0.650295}}
{"target": -16.80104549165086, "params": {"C": 21.844919686095704, "epsilon": 0.3337596704475246, "gamma": 0.02929513579528186}, "datetime": {"datetime": "2021-09-27 21:41:28", "elapsed": 13.999646, "delta": 0.491}}
{"target": -22.64680587571949, "params": {"C": 22.150896066643934, "epsilon": 0.3093629872363354, "gamma": 0.16009795616127276}, "datetime": {"datetime": "2021-09-27 21:41:29", "elapsed": 14.631649, "delta": 0.632003}}
{"target": -17.2333482407244, "params": {"C": 21.607232967093015, "epsilon": 0.37685835495294795, "gamma": 0.007127142466293258}, "datetime": {"datetime": "2021-09-27 21:41:30", "elapsed": 15.511961, "delta": 0.880312}}
{"target": -25.555341887967785, "params": {"C": 69.74213822570668, "epsilon": 0.10469341591073969, "gamma": 0.18476991992233077}, "datetime": {"datetime": "2021-09-27 21:41:30", "elapsed": 16.152925, "delta": 0.640964}}
{"target": -17.472049490268716, "params": {"C": 70.24317664328035, "epsilon": 0.39019729526828156, "gamma": 0.015765154440496865}, "datetime": {"datetime": "2021-09-27 21:41:31", "elapsed": 16.503924, "delta": 0.350999}}
{"target": -29.605485141837974, "params": {"C": 70.2681704361326, "epsilon": 0.377845811333698, "gamma": 0.3178594318467786}, "datetime": {"datetime": "2021-09-27 21:41:32", "elapsed": 17.339286, "delta": 0.835362}}
{"target": -27.361916660328756, "params": {"C": 99.71873064603335, "epsilon": 0.16331703729804084, "gamma": 0.22218802629403595}, "datetime": {"datetime": "2021-09-27 21:41:32", "elapsed": 17.728288, "delta": 0.389002}}
{"target": -29.763192127901956, "params": {"C": 69.48207269323095, "epsilon": 0.046538495622126363, "gamma": 0.3698164079089115}, "datetime": {"datetime": "2021-09-27 21:41:32", "elapsed": 18.049285, "delta": 0.320997}}
{"target": -20.890436635572424, "params": {"C": 21.02762473829711, "epsilon": 0.32449325940962515, "gamma": 0.11886000145414431}, "datetime": {"datetime": "2021-09-27 21:41:33", "elapsed": 18.401284, "delta": 0.351999}}
{"target": -18.180750151820227, "params": {"C": 70.095833950984, "epsilon": 0.15153417284711632, "gamma": 0.025580189421781606}, "datetime": {"datetime": "2021-09-27 21:41:33", "elapsed": 18.947284, "delta": 0.546}}
{"target": -16.90816224295522, "params": {"C": 57.32820656541099, "epsilon": 0.08165960217400015, "gamma": 0.008159471688683913}, "datetime": {"datetime": "2021-09-27 21:41:33", "elapsed": 19.316484, "delta": 0.3692}}
{"target": -17.922397781028746, "params": {"C": 70.43620687363588, "epsilon": 0.188249317814576, "gamma": 0.0026809604922297782}, "datetime": {"datetime": "2021-09-27 21:41:34", "elapsed": 19.73748, "delta": 0.420996}}
{"target": -17.112346214185536, "params": {"C": 70.76306055831846, "epsilon": 0.1604291642000579, "gamma": 0.00461243344009994}, "datetime": {"datetime": "2021-09-27 21:41:34", "elapsed": 20.211481, "delta": 0.474001}}
{"target": -17.746137537415265, "params": {"C": 88.24857143393545, "epsilon": 0.2630113920894525, "gamma": 0.014372825118504939}, "datetime": {"datetime": "2021-09-27 21:41:35", "elapsed": 20.556483, "delta": 0.345002}}
{"target": -17.058207426740722, "params": {"C": 29.224163838530895, "epsilon": 0.19289688910475172, "gamma": 0.0179024580782053}, "datetime": {"datetime": "2021-09-27 21:41:35", "elapsed": 20.856481, "delta": 0.299998}}
{"target": -24.601024290596737, "params": {"C": 29.01595028869201, "epsilon": 0.10471722704557271, "gamma": 0.21111307386939293}, "datetime": {"datetime": "2021-09-27 21:41:35", "elapsed": 21.26719, "delta": 0.410709}}
{"target": -17.0838031390779, "params": {"C": 29.53479343144694, "epsilon": 0.3385248942909953, "gamma": 0.0398256115051107}, "datetime": {"datetime": "2021-09-27 21:41:36", "elapsed": 21.65219, "delta": 0.385}}
{"target": -20.83865081964117, "params": {"C": 58.14949918238244, "epsilon": 0.32121439740241703, "gamma": 0.10081686618213637}, "datetime": {"datetime": "2021-09-27 21:41:36", "elapsed": 22.047188, "delta": 0.394998}}
{"target": -19.56392139544438, "params": {"C": 29.53043822804604, "epsilon": 0.09731656302246978, "gamma": 0.09595594646345439}, "datetime": {"datetime": "2021-09-27 21:41:37", "elapsed": 22.450191, "delta": 0.403003}}
{"target": -26.520302198758312, "params": {"C": 73.44688370562505, "epsilon": 0.35242056421120077, "gamma": 0.19985032501207117}, "datetime": {"datetime": "2021-09-27 21:41:37", "elapsed": 22.790192, "delta": 0.340001}}
{"target": -28.249265117651383, "params": {"C": 29.44402058518621, "epsilon": 0.3732264235148549, "gamma": 0.3362184719186896}, "datetime": {"datetime": "2021-09-27 21:41:37", "elapsed": 23.170192, "delta": 0.38}}
{"target": -28.75183217080959, "params": {"C": 17.495218398677697, "epsilon": 0.02670894544238961, "gamma": 0.43371868204251823}, "datetime": {"datetime": "2021-09-27 21:41:38", "elapsed": 23.561819, "delta": 0.391627}}
{"target": -26.53297484534354, "params": {"C": 70.93203359273517, "epsilon": 0.04522588752449447, "gamma": 0.21973541587984632}, "datetime": {"datetime": "2021-09-27 21:41:38", "elapsed": 24.178815, "delta": 0.616996}}
{"target": -18.475652733719524, "params": {"C": 70.64595534968068, "epsilon": 0.3675612051683647, "gamma": 0.06395387104582527}, "datetime": {"datetime": "2021-09-27 21:41:39", "elapsed": 24.728392, "delta": 0.549577}}
{"target": -30.349263187383784, "params": {"C": 52.37059090667579, "epsilon": 0.07067106003526613, "gamma": 0.42917229917447547}, "datetime": {"datetime": "2021-09-27 21:41:39", "elapsed": 25.150397, "delta": 0.422005}}
{"target": -27.201782450449596, "params": {"C": 11.209549667526234, "epsilon": 0.2699164997073016, "gamma": 0.32356488156236923}, "datetime": {"datetime": "2021-09-27 21:41:40", "elapsed": 25.496146, "delta": 0.345749}}
{"target": -16.730254722175573, "params": {"C": 29.854206705485616, "epsilon": 0.3507400693510594, "gamma": 0.03146237369823934}, "datetime": {"datetime": "2021-09-27 21:41:40", "elapsed": 25.928148, "delta": 0.432002}}
{"target": -19.39323029668112, "params": {"C": 20.62897103347257, "epsilon": 0.03199376664201166, "gamma": 0.09973444148911825}, "datetime": {"datetime": "2021-09-27 21:41:41", "elapsed": 26.405145, "delta": 0.476997}}
{"target": -29.45753142443107, "params": {"C": 20.76411384992675, "epsilon": 0.02796694164580113, "gamma": 0.46642858849762253}, "datetime": {"datetime": "2021-09-27 21:41:41", "elapsed": 26.934143, "delta": 0.528998}}
{"target": -16.75379467386517, "params": {"C": 20.46217275199538, "epsilon": 0.36366909621840215, "gamma": 0.01951680974064033}, "datetime": {"datetime": "2021-09-27 21:41:42", "elapsed": 27.333923, "delta": 0.39978}}
{"target": -31.050282605860936, "params": {"C": 50.944323265051146, "epsilon": 0.19453072287616613, "gamma": 0.4729930724412}, "datetime": {"datetime": "2021-09-27 21:41:42", "elapsed": 27.714921, "delta": 0.380998}}
{"target": -20.303665258592783, "params": {"C": 20.289134086533846, "epsilon": 0.1309065858931911, "gamma": 0.002}, "datetime": {"datetime": "2021-09-27 21:41:42", "elapsed": 28.190957, "delta": 0.476036}}
{"target": -28.02967073736179, "params": {"C": 20.300091037955166, "epsilon": 0.37977632196866046, "gamma": 0.35913386026654137}, "datetime": {"datetime": "2021-09-27 21:41:43", "elapsed": 28.658455, "delta": 0.467498}}
{"target": -16.54121884832252, "params": {"C": 20.65475223906335, "epsilon": 0.2696951336475617, "gamma": 0.01539096804109753}, "datetime": {"datetime": "2021-09-27 21:41:44", "elapsed": 29.322983, "delta": 0.664528}}
{"target": -17.588677284071377, "params": {"C": 89.35652144849271, "epsilon": 0.045539668358852904, "gamma": 0.0389066925469751}, "datetime": {"datetime": "2021-09-27 21:41:44", "elapsed": 29.771982, "delta": 0.448999}}
{"target": -23.9721995636794, "params": {"C": 80.91058883080025, "epsilon": 0.008697259250987516, "gamma": 0.14602847123046542}, "datetime": {"datetime": "2021-09-27 21:41:44", "elapsed": 30.19998, "delta": 0.427998}}
{"target": -31.278084686762025, "params": {"C": 57.85524133692067, "epsilon": 0.3886200770399425, "gamma": 0.46879354431545844}, "datetime": {"datetime": "2021-09-27 21:41:45", "elapsed": 30.635984, "delta": 0.436004}}
{"target": -18.31459407950002, "params": {"C": 89.42088084593495, "epsilon": 0.3694864881031329, "gamma": 0.002}, "datetime": {"datetime": "2021-09-27 21:41:45", "elapsed": 31.270583, "delta": 0.634599}}
{"target": -26.911748058788138, "params": {"C": 89.66186976332216, "epsilon": 0.14037262789310775, "gamma": 0.2137243932061722}, "datetime": {"datetime": "2021-09-27 21:41:46", "elapsed": 31.846583, "delta": 0.576}}
{"target": -17.262873286579634, "params": {"C": 89.22710653817767, "epsilon": 0.2951856190411113, "gamma": 0.007125798840726486}, "datetime": {"datetime": "2021-09-27 21:41:47", "elapsed": 32.447583, "delta": 0.601}}
{"target": -28.09512891345082, "params": {"C": 89.22274393037156, "epsilon": 0.0412829299653862, "gamma": 0.26177398522400896}, "datetime": {"datetime": "2021-09-27 21:41:47", "elapsed": 32.919584, "delta": 0.472001}}
{"target": -33.34520403721033, "params": {"C": 2.782907995155288, "epsilon": 0.3501733895972481, "gamma": 0.44791676713864054}, "datetime": {"datetime": "2021-09-27 21:41:48", "elapsed": 33.530079, "delta": 0.610495}}
{"target": -27.89850677719108, "params": {"C": 94.45106686667762, "epsilon": 0.3334192784269022, "gamma": 0.23305542110940985}, "datetime": {"datetime": "2021-09-27 21:41:48", "elapsed": 34.183078, "delta": 0.652999}}
{"target": -17.18120220588203, "params": {"C": 70.97173102188059, "epsilon": 0.3920268637766238, "gamma": 0.010494545722993794}, "datetime": {"datetime": "2021-09-27 21:41:49", "elapsed": 34.711735, "delta": 0.528657}}
{"target": -18.55937597200231, "params": {"C": 71.34391462080542, "epsilon": 0.4, "gamma": 0.002}, "datetime": {"datetime": "2021-09-27 21:41:50", "elapsed": 35.419475, "delta": 0.70774}}
{"target": -17.466328895669434, "params": {"C": 71.81124042277702, "epsilon": 0.3315626528060509, "gamma": 0.014884342851816806}, "datetime": {"datetime": "2021-09-27 21:41:50", "elapsed": 36.045478, "delta": 0.626003}}
{"target": -27.96776007070907, "params": {"C": 71.65682715896861, "epsilon": 0.36631244790152767, "gamma": 0.25619746038610297}, "datetime": {"datetime": "2021-09-27 21:41:51", "elapsed": 36.639479, "delta": 0.594001}}
{"target": -30.946351177431104, "params": {"C": 72.69113547512214, "epsilon": 0.10035292280511797, "gamma": 0.45772170416615154}, "datetime": {"datetime": "2021-09-27 21:41:51", "elapsed": 37.044476, "delta": 0.404997}}
{"target": -29.293561906809717, "params": {"C": 69.53934889454746, "epsilon": 0.05868361831011245, "gamma": 0.3274295109563667}, "datetime": {"datetime": "2021-09-27 21:41:52", "elapsed": 37.578806, "delta": 0.53433}}
{"target": -20.872346855216115, "params": {"C": 72.12961625313892, "epsilon": 0.3507548959549492, "gamma": 0.09647484212689901}, "datetime": {"datetime": "2021-09-27 21:41:52", "elapsed": 38.267814, "delta": 0.689008}}
{"target": -29.538910328400476, "params": {"C": 30.10880505298092, "epsilon": 0.18798209790984802, "gamma": 0.4168970195603597}, "datetime": {"datetime": "2021-09-27 21:41:53", "elapsed": 38.722812, "delta": 0.454998}}
{"target": -28.615625598848894, "params": {"C": 36.1296552849093, "epsilon": 0.026774193451248582, "gamma": 0.3691490580308335}, "datetime": {"datetime": "2021-09-27 21:41:53", "elapsed": 39.267816, "delta": 0.545004}}
{"target": -18.277187865737947, "params": {"C": 71.82494327904102, "epsilon": 0.06889680505879804, "gamma": 0.022685659603722708}, "datetime": {"datetime": "2021-09-27 21:41:54", "elapsed": 39.986145, "delta": 0.718329}}
{"target": -20.006483819605172, "params": {"C": 88.85341929557293, "epsilon": 0.15140758593473988, "gamma": 0.07431926691802872}, "datetime": {"datetime": "2021-09-27 21:41:55", "elapsed": 40.517148, "delta": 0.531003}}
{"target": -17.43229817756657, "params": {"C": 65.05777922976755, "epsilon": 0.2552952110798883, "gamma": 0.01960211691333829}, "datetime": {"datetime": "2021-09-27 21:41:55", "elapsed": 41.221147, "delta": 0.703999}}
{"target": -21.388634547708918, "params": {"C": 64.83375816459197, "epsilon": 0.005950383015571882, "gamma": 0.10996794720882837}, "datetime": {"datetime": "2021-09-27 21:41:56", "elapsed": 41.843928, "delta": 0.622781}}
{"target": -26.801147808497543, "params": {"C": 65.32265736423193, "epsilon": 0.3600176622982995, "gamma": 0.21564132950626502}, "datetime": {"datetime": "2021-09-27 21:41:57", "elapsed": 42.603926, "delta": 0.759998}}
{"target": -18.67967429042153, "params": {"C": 64.78405095686901, "epsilon": 0.4, "gamma": 0.002}, "datetime": {"datetime": "2021-09-27 21:41:57", "elapsed": 43.28814, "delta": 0.684214}}
{"target": -17.768358822202117, "params": {"C": 64.31612248137192, "epsilon": 0.28373364890165176, "gamma": 0.054331869071048686}, "datetime": {"datetime": "2021-09-27 21:41:58", "elapsed": 43.878667, "delta": 0.590527}}
{"target": -30.08932847220731, "params": {"C": 64.31939670970702, "epsilon": 0.34565748560713266, "gamma": 0.36988586434254106}, "datetime": {"datetime": "2021-09-27 21:41:59", "elapsed": 44.749055, "delta": 0.870388}}
{"target": -16.99404650472564, "params": {"C": 21.38701178221809, "epsilon": 0.08368940281147107, "gamma": 0.025150951343263506}, "datetime": {"datetime": "2021-09-27 21:41:59", "elapsed": 45.183055, "delta": 0.434}}
{"target": -22.725796881544824, "params": {"C": 21.29816172418465, "epsilon": 0.17437332440827114, "gamma": 0.1655580870475875}, "datetime": {"datetime": "2021-09-27 21:42:00", "elapsed": 45.809481, "delta": 0.626426}}
{"target": -20.218799855515087, "params": {"C": 21.724474864827712, "epsilon": 0.21522716827574848, "gamma": 0.002}, "datetime": {"datetime": "2021-09-27 21:42:01", "elapsed": 46.84248, "delta": 1.032999}}
{"target": -20.347248340627843, "params": {"C": 29.679784050517725, "epsilon": 0.2960422754529576, "gamma": 0.10770311328400572}, "datetime": {"datetime": "2021-09-27 21:42:02", "elapsed": 47.556628, "delta": 0.714148}}
{"target": -17.638501352349422, "params": {"C": 57.82392769440924, "epsilon": 0.20851548844394355, "gamma": 0.05046972904587291}, "datetime": {"datetime": "2021-09-27 21:42:02", "elapsed": 48.200628, "delta": 0.644}}
