{"target": -46.01487261475713, "params": {"C": 551.2471046720009, "gamma": 0.3543657634864343}, "datetime": {"datetime": "2021-09-29 16:59:33", "elapsed": 0.0, "delta": 0.0}}
{"target": -45.94638330342619, "params": {"C": 291.6138341740314, "gamma": 0.25590297499363385}, "datetime": {"datetime": "2021-09-29 16:59:34", "elapsed": 0.208087, "delta": 0.208087}}
{"target": -46.17287295442188, "params": {"C": 893.0540073933071, "gamma": 0.44825025137778557}, "datetime": {"datetime": "2021-09-29 16:59:34", "elapsed": 0.43438, "delta": 0.226293}}
{"target": -45.50429758857526, "params": {"C": 126.45972515337242, "gamma": 0.1044141961909552}, "datetime": {"datetime": "2021-09-29 16:59:34", "elapsed": 0.64687, "delta": 0.21249}}
{"target": -47.56750559889949, "params": {"C": 52.41573609752905, "gamma": 0.2209641119816676}, "datetime": {"datetime": "2021-09-29 16:59:34", "elapsed": 0.856853, "delta": 0.209983}}
{"target": -47.05122905713104, "params": {"C": 125.19370909753509, "gamma": 0.26383865150963176}, "datetime": {"datetime": "2021-09-29 16:59:35", "elapsed": 1.222353, "delta": 0.3655}}
{"target": -45.402828626103556, "params": {"C": 551.2744893416428, "gamma": 0.2847994801904152}, "datetime": {"datetime": "2021-09-29 16:59:35", "elapsed": 1.698551, "delta": 0.476198}}
{"target": -42.40590740134337, "params": {"C": 471.9716273450641, "gamma": 0.06957276384510126}, "datetime": {"datetime": "2021-09-29 16:59:35", "elapsed": 2.033182, "delta": 0.334631}}
{"target": -43.08030898355425, "params": {"C": 472.0843669370086, "gamma": 0.11150931069012857}, "datetime": {"datetime": "2021-09-29 16:59:36", "elapsed": 2.33944, "delta": 0.306258}}
{"target": -47.240974780117725, "params": {"C": 279.74452702692986, "gamma": 0.46132734705907275}, "datetime": {"datetime": "2021-09-29 16:59:36", "elapsed": 2.688415, "delta": 0.348975}}
{"target": -42.626730268150645, "params": {"C": 420.4417979202282, "gamma": 0.03560523574710366}, "datetime": {"datetime": "2021-09-29 16:59:36", "elapsed": 2.994477, "delta": 0.306062}}
{"target": -45.47941080250549, "params": {"C": 471.61207236448047, "gamma": 0.273645438539731}, "datetime": {"datetime": "2021-09-29 16:59:37", "elapsed": 3.336317, "delta": 0.34184}}
{"target": -46.25226743975609, "params": {"C": 941.5055275584662, "gamma": 0.4705890224353792}, "datetime": {"datetime": "2021-09-29 16:59:37", "elapsed": 3.646312, "delta": 0.309995}}
{"target": -43.13022756575484, "params": {"C": 420.67079217641594, "gamma": 0.10372249761941552}, "datetime": {"datetime": "2021-09-29 16:59:37", "elapsed": 3.995632, "delta": 0.34932}}
{"target": -46.335362169177046, "params": {"C": 420.41941022828564, "gamma": 0.35728532650560524}, "datetime": {"datetime": "2021-09-29 16:59:38", "elapsed": 4.386582, "delta": 0.39095}}
{"target": -42.802707319062684, "params": {"C": 420.46847973885474, "gamma": 0.02904802259879647}, "datetime": {"datetime": "2021-09-29 16:59:38", "elapsed": 4.703596, "delta": 0.317014}}
{"target": -46.59039161290592, "params": {"C": 420.2399911192391, "gamma": 0.0023583183425205864}, "datetime": {"datetime": "2021-09-29 16:59:38", "elapsed": 5.045693, "delta": 0.342097}}
{"target": -45.79593208171365, "params": {"C": 646.6280383047414, "gamma": 0.3478498848984957}, "datetime": {"datetime": "2021-09-29 16:59:39", "elapsed": 5.356108, "delta": 0.310415}}
{"target": -45.06953156026909, "params": {"C": 420.822068446802, "gamma": 0.22512239982703036}, "datetime": {"datetime": "2021-09-29 16:59:39", "elapsed": 5.704535, "delta": 0.348427}}
{"target": -46.272461547348534, "params": {"C": 802.9563892778173, "gamma": 0.45119497799305863}, "datetime": {"datetime": "2021-09-29 16:59:39", "elapsed": 6.013457, "delta": 0.308922}}
{"target": -46.107869983936865, "params": {"C": 411.95882003706976, "gamma": 0.3235106879047995}, "datetime": {"datetime": "2021-09-29 16:59:40", "elapsed": 6.345582, "delta": 0.332125}}
{"target": -45.18785966609649, "params": {"C": 902.1474074795902, "gamma": 0.31229140959064017}, "datetime": {"datetime": "2021-09-29 16:59:40", "elapsed": 6.691769, "delta": 0.346187}}
{"target": -46.91458835501285, "params": {"C": 326.1464930324649, "gamma": 0.412643539889456}, "datetime": {"datetime": "2021-09-29 16:59:40", "elapsed": 7.040206, "delta": 0.348437}}
{"target": -43.17008808864296, "params": {"C": 471.7976199162994, "gamma": 0.11641276432005242}, "datetime": {"datetime": "2021-09-29 16:59:41", "elapsed": 7.382262, "delta": 0.342056}}
{"target": -45.780498944417644, "params": {"C": 472.0342159658506, "gamma": 0.3045210217637536}, "datetime": {"datetime": "2021-09-29 16:59:41", "elapsed": 7.739077, "delta": 0.356815}}
{"target": -45.362746317930586, "params": {"C": 250.81976339039426, "gamma": 0.1859852111604974}, "datetime": {"datetime": "2021-09-29 16:59:41", "elapsed": 8.084982, "delta": 0.345905}}
{"target": -42.180238582824785, "params": {"C": 614.8093867067527, "gamma": 0.02710229282338481}, "datetime": {"datetime": "2021-09-29 16:59:42", "elapsed": 8.517032, "delta": 0.43205}}
{"target": -42.1964604826986, "params": {"C": 615.1005142677636, "gamma": 0.02666377500441503}, "datetime": {"datetime": "2021-09-29 16:59:42", "elapsed": 8.958078, "delta": 0.441046}}
{"target": -41.786278432152194, "params": {"C": 894.964095872276, "gamma": 0.08178347673847385}, "datetime": {"datetime": "2021-09-29 16:59:43", "elapsed": 9.308945, "delta": 0.350867}}
{"target": -48.25959930011913, "params": {"C": 16.87652299846632, "gamma": 0.4951349271628467}, "datetime": {"datetime": "2021-09-29 16:59:43", "elapsed": 9.687326, "delta": 0.378381}}
{"target": -47.544686873384016, "params": {"C": 36.069049095174556, "gamma": 0.15625536724723676}, "datetime": {"datetime": "2021-09-29 16:59:43", "elapsed": 10.054004, "delta": 0.366678}}
{"target": -44.893818189176024, "params": {"C": 614.9656236234678, "gamma": 0.2503254934869953}, "datetime": {"datetime": "2021-09-29 16:59:44", "elapsed": 10.438361, "delta": 0.384357}}
{"target": -43.829402965944276, "params": {"C": 894.9363928451768, "gamma": 0.19583312533616606}, "datetime": {"datetime": "2021-09-29 16:59:44", "elapsed": 10.974799, "delta": 0.536438}}
{"target": -46.18990055666321, "params": {"C": 921.5422818351703, "gamma": 0.45568498743523356}, "datetime": {"datetime": "2021-09-29 16:59:45", "elapsed": 11.403231, "delta": 0.428432}}
{"target": -46.469459534371495, "params": {"C": 706.4477738626405, "gamma": 0.46886962825917217}, "datetime": {"datetime": "2021-09-29 16:59:45", "elapsed": 11.747156, "delta": 0.343925}}
{"target": -47.09613028425091, "params": {"C": 94.96992563570436, "gamma": 0.2264388157792857}, "datetime": {"datetime": "2021-09-29 16:59:46", "elapsed": 12.243088, "delta": 0.495932}}
{"target": -41.67641615198514, "params": {"C": 895.1303316409992, "gamma": 0.025774757444973134}, "datetime": {"datetime": "2021-09-29 16:59:46", "elapsed": 12.73881, "delta": 0.495722}}
{"target": -46.33321907203491, "params": {"C": 170.24454628753432, "gamma": 0.007892117906056009}, "datetime": {"datetime": "2021-09-29 16:59:47", "elapsed": 13.189628, "delta": 0.450818}}
{"target": -43.11737257282815, "params": {"C": 895.1529667437736, "gamma": 0.1518227608396275}, "datetime": {"datetime": "2021-09-29 16:59:47", "elapsed": 13.620241, "delta": 0.430613}}
{"target": -47.25050001443441, "params": {"C": 139.23634042303706, "gamma": 0.31930116200219116}, "datetime": {"datetime": "2021-09-29 16:59:47", "elapsed": 13.9886, "delta": 0.368359}}
{"target": -44.847735021272804, "params": {"C": 696.9923793672093, "gamma": 0.25776254935714427}, "datetime": {"datetime": "2021-09-29 16:59:48", "elapsed": 14.62656, "delta": 0.63796}}
{"target": -46.51784282379905, "params": {"C": 691.8154592465323, "gamma": 0.47529170506753127}, "datetime": {"datetime": "2021-09-29 16:59:48", "elapsed": 15.045582, "delta": 0.419022}}
{"target": -44.96965671078971, "params": {"C": 614.9802251416222, "gamma": 0.2567577040377998}, "datetime": {"datetime": "2021-09-29 16:59:49", "elapsed": 15.531096, "delta": 0.485514}}
{"target": -42.87004125717729, "params": {"C": 894.8313344255913, "gamma": 0.010227088744200964}, "datetime": {"datetime": "2021-09-29 16:59:49", "elapsed": 15.980694, "delta": 0.449598}}
{"target": -41.95992418447678, "params": {"C": 615.0066256327003, "gamma": 0.034918335634627935}, "datetime": {"datetime": "2021-09-29 16:59:50", "elapsed": 16.500615, "delta": 0.519921}}
{"target": -42.114112433696945, "params": {"C": 615.3402661048201, "gamma": 0.07780834355607391}, "datetime": {"datetime": "2021-09-29 16:59:50", "elapsed": 16.983474, "delta": 0.482859}}
{"target": -46.00194083742513, "params": {"C": 680.3916190235586, "gamma": 0.3825160804821763}, "datetime": {"datetime": "2021-09-29 16:59:51", "elapsed": 17.409843, "delta": 0.426369}}
{"target": -46.28469466310441, "params": {"C": 857.2642926152485, "gamma": 0.4634012755716802}, "datetime": {"datetime": "2021-09-29 16:59:51", "elapsed": 17.900881, "delta": 0.491038}}
{"target": -45.003877693658325, "params": {"C": 615.7119202659129, "gamma": 0.2598336105745383}, "datetime": {"datetime": "2021-09-29 16:59:52", "elapsed": 18.41741, "delta": 0.516529}}
{"target": -44.57017226150611, "params": {"C": 615.4112930565891, "gamma": 0.22474049095594903}, "datetime": {"datetime": "2021-09-29 16:59:52", "elapsed": 18.95887, "delta": 0.54146}}
{"target": -43.14118524345923, "params": {"C": 615.5025123639507, "gamma": 0.013053541436251013}, "datetime": {"datetime": "2021-09-29 16:59:53", "elapsed": 19.484331, "delta": 0.525461}}
{"target": -44.26260260042598, "params": {"C": 450.83628999298327, "gamma": 0.17573294977882228}, "datetime": {"datetime": "2021-09-29 16:59:53", "elapsed": 19.889918, "delta": 0.405587}}
{"target": -43.3757346902629, "params": {"C": 614.5362814133945, "gamma": 0.14764250111362903}, "datetime": {"datetime": "2021-09-29 16:59:54", "elapsed": 20.388271, "delta": 0.498353}}
{"target": -47.37383251177562, "params": {"C": 472.3100115349127, "gamma": 0.001}, "datetime": {"datetime": "2021-09-29 16:59:54", "elapsed": 21.006232, "delta": 0.617961}}
{"target": -45.401843252541376, "params": {"C": 909.3119508307676, "gamma": 0.3373484910868605}, "datetime": {"datetime": "2021-09-29 16:59:55", "elapsed": 21.411938, "delta": 0.405706}}
{"target": -45.87895917787245, "params": {"C": 614.3066154198023, "gamma": 0.35167130379358114}, "datetime": {"datetime": "2021-09-29 16:59:55", "elapsed": 21.837595, "delta": 0.425657}}
{"target": -46.92611114177803, "params": {"C": 450.9920910599657, "gamma": 0.484004555340316}, "datetime": {"datetime": "2021-09-29 16:59:56", "elapsed": 22.280666, "delta": 0.443071}}
{"target": -42.30193158641171, "params": {"C": 894.9761274934849, "gamma": 0.015293492001584936}, "datetime": {"datetime": "2021-09-29 16:59:56", "elapsed": 22.734367, "delta": 0.453701}}
{"target": -46.905797545972675, "params": {"C": 348.4567611153166, "gamma": 0.4241612128745962}, "datetime": {"datetime": "2021-09-29 16:59:56", "elapsed": 23.145747, "delta": 0.41138}}
{"target": -46.339285894944524, "params": {"C": 614.3621729076581, "gamma": 0.001900537583907822}, "datetime": {"datetime": "2021-09-29 16:59:57", "elapsed": 23.878125, "delta": 0.732378}}
{"target": -45.50274590118292, "params": {"C": 126.08996559198609, "gamma": 0.10382487357292097}, "datetime": {"datetime": "2021-09-29 16:59:58", "elapsed": 24.400074, "delta": 0.521949}}
{"target": -43.506805545074286, "params": {"C": 894.5546310791705, "gamma": 0.17488860923785182}, "datetime": {"datetime": "2021-09-29 16:59:58", "elapsed": 24.994701, "delta": 0.594627}}
{"target": -44.580272262750775, "params": {"C": 614.736764671363, "gamma": 0.22540699425932115}, "datetime": {"datetime": "2021-09-29 16:59:59", "elapsed": 25.43091, "delta": 0.436209}}
{"target": -45.64226816908969, "params": {"C": 894.323404101308, "gamma": 0.3660884708757744}, "datetime": {"datetime": "2021-09-29 16:59:59", "elapsed": 26.021412, "delta": 0.590502}}
{"target": -42.01048865984636, "params": {"C": 895.4987408184321, "gamma": 0.09369711113179255}, "datetime": {"datetime": "2021-09-29 17:00:00", "elapsed": 26.595835, "delta": 0.574423}}
{"target": -44.322943898919426, "params": {"C": 895.608054446804, "gamma": 0.23193848957517568}, "datetime": {"datetime": "2021-09-29 17:00:01", "elapsed": 27.224413, "delta": 0.628578}}
{"target": -41.77563244912438, "params": {"C": 895.3864563331724, "gamma": 0.08121576610033515}, "datetime": {"datetime": "2021-09-29 17:00:01", "elapsed": 27.7502, "delta": 0.525787}}
{"target": -44.93845227576271, "params": {"C": 450.48920998156274, "gamma": 0.22243087422677008}, "datetime": {"datetime": "2021-09-29 17:00:02", "elapsed": 28.324403, "delta": 0.574203}}
{"target": -47.17693892976035, "params": {"C": 263.1313770709067, "gamma": 0.4294918900151557}, "datetime": {"datetime": "2021-09-29 17:00:02", "elapsed": 28.856402, "delta": 0.531999}}
{"target": -46.60359989330409, "params": {"C": 587.9036432519614, "gamma": 0.4633271905359067}, "datetime": {"datetime": "2021-09-29 17:00:03", "elapsed": 29.361945, "delta": 0.505543}}
{"target": -43.067882844315825, "params": {"C": 895.2464015721753, "gamma": 0.008959101190090708}, "datetime": {"datetime": "2021-09-29 17:00:03", "elapsed": 29.859464, "delta": 0.497519}}
{"target": -43.66446981741348, "params": {"C": 895.3799232805818, "gamma": 0.18492309630666692}, "datetime": {"datetime": "2021-09-29 17:00:04", "elapsed": 30.653817, "delta": 0.794353}}
{"target": -46.43293719623541, "params": {"C": 885.0036494213482, "gamma": 0.4990221286103068}, "datetime": {"datetime": "2021-09-29 17:00:05", "elapsed": 31.213556, "delta": 0.559739}}
{"target": -41.37407061515441, "params": {"C": 895.6101293542627, "gamma": 0.040448852735681246}, "datetime": {"datetime": "2021-09-29 17:00:05", "elapsed": 31.8255, "delta": 0.611944}}
{"target": -41.969030286452416, "params": {"C": 895.8393719523297, "gamma": 0.09156270780635391}, "datetime": {"datetime": "2021-09-29 17:00:06", "elapsed": 32.629125, "delta": 0.803625}}
{"target": -46.58206293064296, "params": {"C": 896.0287403698475, "gamma": 0.0010800278644788664}, "datetime": {"datetime": "2021-09-29 17:00:07", "elapsed": 33.406186, "delta": 0.777061}}
{"target": -45.93000120352021, "params": {"C": 267.62490799826, "gamma": 0.24242393591721562}, "datetime": {"datetime": "2021-09-29 17:00:07", "elapsed": 34.005804, "delta": 0.599618}}
{"target": -43.58638004551129, "params": {"C": 895.7372239213015, "gamma": 0.17993255714842527}, "datetime": {"datetime": "2021-09-29 17:00:08", "elapsed": 34.664652, "delta": 0.658848}}
{"target": -46.06422234600757, "params": {"C": 650.624340633526, "gamma": 0.38527014332086185}, "datetime": {"datetime": "2021-09-29 17:00:09", "elapsed": 35.191571, "delta": 0.526919}}
{"target": -42.585256021514326, "params": {"C": 556.09924975958, "gamma": 0.09751374952574074}, "datetime": {"datetime": "2021-09-29 17:00:09", "elapsed": 35.741342, "delta": 0.549771}}
{"target": -45.13091856136589, "params": {"C": 556.0985467058729, "gamma": 0.2605630233613238}, "datetime": {"datetime": "2021-09-29 17:00:10", "elapsed": 36.386537, "delta": 0.645195}}
{"target": -45.21749069355081, "params": {"C": 555.8327093179279, "gamma": 0.004250633125726683}, "datetime": {"datetime": "2021-09-29 17:00:10", "elapsed": 37.090006, "delta": 0.703469}}
{"target": -46.41954248273734, "params": {"C": 305.7173073184409, "gamma": 0.31762180341145196}, "datetime": {"datetime": "2021-09-29 17:00:11", "elapsed": 37.660552, "delta": 0.570546}}
{"target": -43.52286134362654, "params": {"C": 556.4070815539618, "gamma": 0.1490405858485593}, "datetime": {"datetime": "2021-09-29 17:00:12", "elapsed": 38.28032, "delta": 0.619768}}
{"target": -46.14343469178832, "params": {"C": 273.8883372724838, "gamma": 0.2675117968258427}, "datetime": {"datetime": "2021-09-29 17:00:12", "elapsed": 38.843317, "delta": 0.562997}}
{"target": -42.88646601265861, "params": {"C": 556.6554424264157, "gamma": 0.11405370455225224}, "datetime": {"datetime": "2021-09-29 17:00:13", "elapsed": 39.461209, "delta": 0.617892}}
{"target": -41.503079388041655, "params": {"C": 895.4522938115936, "gamma": 0.031447015545355374}, "datetime": {"datetime": "2021-09-29 17:00:13", "elapsed": 40.090717, "delta": 0.629508}}
{"target": -42.34861192593783, "params": {"C": 895.7738661796822, "gamma": 0.014758896832042148}, "datetime": {"datetime": "2021-09-29 17:00:14", "elapsed": 40.763306, "delta": 0.672589}}
{"target": -42.62101723121075, "params": {"C": 556.2723592334793, "gamma": 0.021505551577356997}, "datetime": {"datetime": "2021-09-29 17:00:15", "elapsed": 41.44608, "delta": 0.682774}}
{"target": -47.31588499662507, "params": {"C": 296.4985710265962, "gamma": 0.4998242716635803}, "datetime": {"datetime": "2021-09-29 17:00:15", "elapsed": 42.092728, "delta": 0.646648}}
{"target": -44.37885344500404, "params": {"C": 556.8382499434407, "gamma": 0.2023961214191496}, "datetime": {"datetime": "2021-09-29 17:00:16", "elapsed": 42.721588, "delta": 0.62886}}
{"target": -46.21201353918285, "params": {"C": 895.9912617185705, "gamma": 0.45593734210888487}, "datetime": {"datetime": "2021-09-29 17:00:17", "elapsed": 43.381703, "delta": 0.660115}}
{"target": -43.3309173591201, "params": {"C": 472.07644807809703, "gamma": 0.12533350465218254}, "datetime": {"datetime": "2021-09-29 17:00:17", "elapsed": 44.000886, "delta": 0.619183}}
{"target": -42.010360659375415, "params": {"C": 551.7281931404173, "gamma": 0.04980118871929187}, "datetime": {"datetime": "2021-09-29 17:00:18", "elapsed": 44.604142, "delta": 0.603256}}
{"target": -42.95040234750489, "params": {"C": 551.5875913891874, "gamma": 0.1168403227966711}, "datetime": {"datetime": "2021-09-29 17:00:19", "elapsed": 45.514162, "delta": 0.91002}}
{"target": -42.13841857123135, "params": {"C": 895.4940194519311, "gamma": 0.10025357306797066}, "datetime": {"datetime": "2021-09-29 17:00:19", "elapsed": 46.104664, "delta": 0.590502}}
{"target": -43.585328091115876, "params": {"C": 488.97528111066174, "gamma": 0.012969483435776478}, "datetime": {"datetime": "2021-09-29 17:00:20", "elapsed": 46.729446, "delta": 0.624782}}
{"target": -46.09116046136266, "params": {"C": 551.6549587477144, "gamma": 0.36488346381030634}, "datetime": {"datetime": "2021-09-29 17:00:21", "elapsed": 47.419093, "delta": 0.689647}}
{"target": -42.161008779360074, "params": {"C": 551.905285487297, "gamma": 0.07015075908044693}, "datetime": {"datetime": "2021-09-29 17:00:22", "elapsed": 48.243236, "delta": 0.824143}}
{"target": -47.67128115571475, "params": {"C": 52.7114724020824, "gamma": 0.24906023848234146}, "datetime": {"datetime": "2021-09-29 17:00:22", "elapsed": 49.015335, "delta": 0.772099}}
{"target": -47.21193729563962, "params": {"C": 552.2271681813461, "gamma": 0.0010219250666564468}, "datetime": {"datetime": "2021-09-29 17:00:23", "elapsed": 49.923457, "delta": 0.908122}}
{"target": -43.85905136521497, "params": {"C": 551.827345665912, "gamma": 0.16815328303639449}, "datetime": {"datetime": "2021-09-29 17:00:24", "elapsed": 50.632806, "delta": 0.709349}}
{"target": -45.164109040925645, "params": {"C": 488.9751176137674, "gamma": 0.24949403471850326}, "datetime": {"datetime": "2021-09-29 17:00:25", "elapsed": 51.466507, "delta": 0.833701}}
{"target": -46.97046135018608, "params": {"C": 431.7794185744081, "gamma": 0.48589186201228385}, "datetime": {"datetime": "2021-09-29 17:00:25", "elapsed": 52.074856, "delta": 0.608349}}
{"target": -46.81857805896297, "params": {"C": 489.04692636505945, "gamma": 0.4747871949869342}, "datetime": {"datetime": "2021-09-29 17:00:26", "elapsed": 52.743694, "delta": 0.668838}}
{"target": -45.94369028939777, "params": {"C": 551.8791403861384, "gamma": 0.0027659953287203403}, "datetime": {"datetime": "2021-09-29 17:00:27", "elapsed": 53.542157, "delta": 0.798463}}
{"target": -41.389207436525204, "params": {"C": 895.05902409439, "gamma": 0.03864376829837226}, "datetime": {"datetime": "2021-09-29 17:00:28", "elapsed": 54.221924, "delta": 0.679767}}
{"target": -47.779708963794, "params": {"C": 93.04120079857148, "gamma": 0.39945221321857827}, "datetime": {"datetime": "2021-09-29 17:00:28", "elapsed": 54.919126, "delta": 0.697202}}
{"target": -44.81466801989415, "params": {"C": 551.987641085745, "gamma": 0.2335785071444852}, "datetime": {"datetime": "2021-09-29 17:00:29", "elapsed": 55.922865, "delta": 1.003739}}
{"target": -41.899557318168114, "params": {"C": 614.6904690392039, "gamma": 0.060730517571364405}, "datetime": {"datetime": "2021-09-29 17:00:30", "elapsed": 56.802862, "delta": 0.879997}}
{"target": -41.77587952027365, "params": {"C": 894.6763088312297, "gamma": 0.08119587443849705}, "datetime": {"datetime": "2021-09-29 17:00:31", "elapsed": 57.602528, "delta": 0.799666}}
{"target": -45.76148041797373, "params": {"C": 556.4966528563282, "gamma": 0.32415275231745583}, "datetime": {"datetime": "2021-09-29 17:00:32", "elapsed": 58.44976, "delta": 0.847232}}
{"target": -41.53954938585394, "params": {"C": 894.5610664545571, "gamma": 0.03003226601153388}, "datetime": {"datetime": "2021-09-29 17:00:33", "elapsed": 59.250326, "delta": 0.800566}}
{"target": -43.77373220976348, "params": {"C": 614.60289963383, "gamma": 0.008775646339917183}, "datetime": {"datetime": "2021-09-29 17:00:33", "elapsed": 60.057011, "delta": 0.806685}}
{"target": -42.14939594230513, "params": {"C": 509.0312352780939, "gamma": 0.05315586496072196}, "datetime": {"datetime": "2021-09-29 17:00:34", "elapsed": 60.761615, "delta": 0.704604}}
{"target": -41.64041528070369, "params": {"C": 878.9684254101553, "gamma": 0.07247527805419196}, "datetime": {"datetime": "2021-09-29 17:00:35", "elapsed": 61.456951, "delta": 0.695336}}
{"target": -46.96572263801475, "params": {"C": 289.33701038604465, "gamma": 0.3995287302807314}, "datetime": {"datetime": "2021-09-29 17:00:36", "elapsed": 62.18645, "delta": 0.729499}}
{"target": -42.900573030429946, "params": {"C": 878.8145322992193, "gamma": 0.13919095194225029}, "datetime": {"datetime": "2021-09-29 17:00:36", "elapsed": 63.084125, "delta": 0.897675}}
