{"target": -34.95297925658342, "params": {"C": 24265.252043878358, "gamma": 0.0117091295571741}, "datetime": {"datetime": "2021-09-29 08:14:04", "elapsed": 655.810684, "delta": 3.314046}}
{"target": -34.556055044568325, "params": {"C": 23277.43539026511, "gamma": 0.0237144653375047}, "datetime": {"datetime": "2021-09-29 08:14:08", "elapsed": 659.80288, "delta": 3.992196}}
{"target": -35.125224637836425, "params": {"C": 20157.46092432397, "gamma": 0.048856392963968605}, "datetime": {"datetime": "2021-09-29 08:14:11", "elapsed": 662.863807, "delta": 3.060927}}
{"target": -36.4293828050148, "params": {"C": 21970.1463115841, "gamma": 0.0034035781287918444}, "datetime": {"datetime": "2021-09-29 08:14:14", "elapsed": 666.363337, "delta": 3.49953}}
{"target": -35.357471457354514, "params": {"C": 24741.40593780787, "gamma": 0.00880989092887921}, "datetime": {"datetime": "2021-09-29 08:14:19", "elapsed": 671.388012, "delta": 5.024675}}
{"target": -34.57903890220298, "params": {"C": 20478.680483716616, "gamma": 0.016785658376079593}, "datetime": {"datetime": "2021-09-29 08:14:24", "elapsed": 675.723366, "delta": 4.335354}}
{"target": -35.95720982269618, "params": {"C": 24484.38938024494, "gamma": 0.005650034047211537}, "datetime": {"datetime": "2021-09-29 08:14:27", "elapsed": 679.099228, "delta": 3.375862}}
{"target": -35.878062307523386, "params": {"C": 21477.644576764626, "gamma": 0.006173785125854246}, "datetime": {"datetime": "2021-09-29 08:14:32", "elapsed": 684.534192, "delta": 5.434964}}
{"target": -35.50595850759795, "params": {"C": 20439.17899202126, "gamma": 0.008416860808148508}, "datetime": {"datetime": "2021-09-29 08:14:35", "elapsed": 687.655417, "delta": 3.121225}}
{"target": -34.667921880307176, "params": {"C": 21825.634845208984, "gamma": 0.03042562538381455}, "datetime": {"datetime": "2021-09-29 08:14:39", "elapsed": 691.326605, "delta": 3.671188}}
{"target": -36.030315325065054, "params": {"C": 22705.217426541036, "gamma": 0.0699670215640077}, "datetime": {"datetime": "2021-09-29 08:14:42", "elapsed": 693.840603, "delta": 2.513998}}
{"target": -34.71346085569088, "params": {"C": 24088.139944611634, "gamma": 0.031955696909728784}, "datetime": {"datetime": "2021-09-29 08:14:45", "elapsed": 697.180066, "delta": 3.339463}}
{"target": -35.18203739203246, "params": {"C": 24088.162647043588, "gamma": 0.04666360406233961}, "datetime": {"datetime": "2021-09-29 08:14:50", "elapsed": 701.887892, "delta": 4.707826}}
{"target": -35.65786018965702, "params": {"C": 21743.56148532877, "gamma": 0.061285839954454684}, "datetime": {"datetime": "2021-09-29 08:14:52", "elapsed": 704.40904, "delta": 2.521148}}
{"target": -34.96769989941829, "params": {"C": 20869.265239618147, "gamma": 0.04295773584801451}, "datetime": {"datetime": "2021-09-29 08:14:56", "elapsed": 708.704831, "delta": 4.295791}}
{"target": -34.52048135756254, "params": {"C": 23818.997759358197, "gamma": 0.02101797095942746}, "datetime": {"datetime": "2021-09-29 08:15:00", "elapsed": 712.052077, "delta": 3.347246}}
{"target": -35.51185927791527, "params": {"C": 20514.077269965215, "gamma": 0.05894067444752294}, "datetime": {"datetime": "2021-09-29 08:15:03", "elapsed": 715.354592, "delta": 3.302515}}
{"target": -34.55883658766369, "params": {"C": 24525.583990199604, "gamma": 0.016176525204533033}, "datetime": {"datetime": "2021-09-29 08:15:06", "elapsed": 717.967852, "delta": 2.61326}}
{"target": -34.66934692570197, "params": {"C": 22921.346831949646, "gamma": 0.030333419848021608}, "datetime": {"datetime": "2021-09-29 08:15:08", "elapsed": 720.577072, "delta": 2.60922}}
{"target": -34.85299881736916, "params": {"C": 20351.660331585368, "gamma": 0.03893641177448632}, "datetime": {"datetime": "2021-09-29 08:15:11", "elapsed": 723.014102, "delta": 2.43703}}
{"target": -35.09696405631424, "params": {"C": 23270.726597283625, "gamma": 0.04496527661721822}, "datetime": {"datetime": "2021-09-29 08:15:13", "elapsed": 725.311219, "delta": 2.297117}}
{"target": -35.155088393438945, "params": {"C": 24996.48639988056, "gamma": 0.045137874730061874}, "datetime": {"datetime": "2021-09-29 08:15:16", "elapsed": 727.846914, "delta": 2.535695}}
{"target": -34.52464656679391, "params": {"C": 20456.255108382215, "gamma": 0.019819032744184575}, "datetime": {"datetime": "2021-09-29 08:15:22", "elapsed": 733.851509, "delta": 6.004595}}
{"target": -35.55696456218958, "params": {"C": 22921.334656416253, "gamma": 0.056818162006018066}, "datetime": {"datetime": "2021-09-29 08:15:27", "elapsed": 738.767095, "delta": 4.915586}}
{"target": -34.56780323510205, "params": {"C": 21998.61081119752, "gamma": 0.024512151951524976}, "datetime": {"datetime": "2021-09-29 08:15:32", "elapsed": 744.064015, "delta": 5.29692}}
{"target": -34.91712138368496, "params": {"C": 24999.93214890704, "gamma": 0.011949170875549057}, "datetime": {"datetime": "2021-09-29 08:15:35", "elapsed": 747.340209, "delta": 3.276194}}
{"target": -34.992371005937414, "params": {"C": 23888.491787814848, "gamma": 0.011387028641679012}, "datetime": {"datetime": "2021-09-29 08:15:38", "elapsed": 750.0925, "delta": 2.752291}}
{"target": -34.831107936597235, "params": {"C": 24725.536654663567, "gamma": 0.0361106222356317}, "datetime": {"datetime": "2021-09-29 08:15:41", "elapsed": 753.540362, "delta": 3.447862}}
{"target": -35.12886277849482, "params": {"C": 23700.278560126262, "gamma": 0.04549421542850747}, "datetime": {"datetime": "2021-09-29 08:15:46", "elapsed": 758.228177, "delta": 4.687815}}
{"target": -34.76987298804416, "params": {"C": 24725.496107914543, "gamma": 0.033879793187619134}, "datetime": {"datetime": "2021-09-29 08:15:51", "elapsed": 762.87466, "delta": 4.646483}}
{"target": -35.08407111893484, "params": {"C": 22446.921013885312, "gamma": 0.010797065888652094}, "datetime": {"datetime": "2021-09-29 08:15:56", "elapsed": 768.401756, "delta": 5.527096}}
{"target": -34.5999721473318, "params": {"C": 21028.137668393734, "gamma": 0.02664338293867789}, "datetime": {"datetime": "2021-09-29 08:16:01", "elapsed": 772.860917, "delta": 4.459161}}
{"target": -35.30830403871664, "params": {"C": 20812.141791913775, "gamma": 0.053092713748475115}, "datetime": {"datetime": "2021-09-29 08:16:06", "elapsed": 778.169594, "delta": 5.308677}}
{"target": -35.33286429627647, "params": {"C": 20573.62562302356, "gamma": 0.05402230118091997}, "datetime": {"datetime": "2021-09-29 08:16:09", "elapsed": 780.736334, "delta": 2.56674}}
{"target": -35.0606092810938, "params": {"C": 20456.24035681757, "gamma": 0.011316138223138674}, "datetime": {"datetime": "2021-09-29 08:16:12", "elapsed": 784.579179, "delta": 3.842845}}
{"target": -35.35665477570875, "params": {"C": 22056.32258636869, "gamma": 0.05278664407183307}, "datetime": {"datetime": "2021-09-29 08:16:15", "elapsed": 787.310341, "delta": 2.731162}}
{"target": -36.461069224547835, "params": {"C": 23818.954849615857, "gamma": 0.003296326060176265}, "datetime": {"datetime": "2021-09-29 08:16:20", "elapsed": 791.801895, "delta": 4.491554}}
{"target": -35.93990635911534, "params": {"C": 22907.515377558808, "gamma": 0.06721249892319063}, "datetime": {"datetime": "2021-09-29 08:16:22", "elapsed": 794.381543, "delta": 2.579648}}
{"target": -35.194537960421926, "params": {"C": 23277.42383558351, "gamma": 0.047717685486365076}, "datetime": {"datetime": "2021-09-29 08:16:25", "elapsed": 797.706895, "delta": 3.325352}}
{"target": -34.73334364130195, "params": {"C": 24709.092141720932, "gamma": 0.032502899932755326}, "datetime": {"datetime": "2021-09-29 08:16:29", "elapsed": 801.475861, "delta": 3.768966}}
{"target": -34.68497636953857, "params": {"C": 22446.904925354447, "gamma": 0.03118976335291248}, "datetime": {"datetime": "2021-09-29 08:16:33", "elapsed": 805.191674, "delta": 3.715813}}
{"target": -34.75490676042736, "params": {"C": 24749.917309199765, "gamma": 0.03330746811363323}, "datetime": {"datetime": "2021-09-29 08:16:39", "elapsed": 811.52967, "delta": 6.337996}}
{"target": -34.68035070942911, "params": {"C": 23749.004306981325, "gamma": 0.030743121724306433}, "datetime": {"datetime": "2021-09-29 08:16:43", "elapsed": 815.095207, "delta": 3.565537}}
{"target": -36.249285061138174, "params": {"C": 21374.498941638965, "gamma": 0.07868445450986032}, "datetime": {"datetime": "2021-09-29 08:16:45", "elapsed": 817.514076, "delta": 2.418869}}
{"target": -34.558172180015, "params": {"C": 22459.85938976294, "gamma": 0.023845293138074874}, "datetime": {"datetime": "2021-09-29 08:16:48", "elapsed": 819.961968, "delta": 2.447892}}
{"target": -34.7199558237946, "params": {"C": 23020.940661193832, "gamma": 0.032609181055368815}, "datetime": {"datetime": "2021-09-29 08:16:51", "elapsed": 823.170868, "delta": 3.2089}}
{"target": -34.79838540418424, "params": {"C": 20115.578710263173, "gamma": 0.036971077013063854}, "datetime": {"datetime": "2021-09-29 08:16:54", "elapsed": 825.993908, "delta": 2.82304}}
{"target": -34.50918755028787, "params": {"C": 23819.020753496432, "gamma": 0.020027975127019242}, "datetime": {"datetime": "2021-09-29 08:16:59", "elapsed": 831.681341, "delta": 5.687433}}
{"target": -34.830603914592984, "params": {"C": 22092.340004879312, "gamma": 0.03723378150264278}, "datetime": {"datetime": "2021-09-29 08:17:04", "elapsed": 835.94443, "delta": 4.263089}}
{"target": -34.612228925019636, "params": {"C": 24265.212187167446, "gamma": 0.02717067995140269}, "datetime": {"datetime": "2021-09-29 08:17:08", "elapsed": 839.911619, "delta": 3.967189}}
{"target": -34.51847867032314, "params": {"C": 21943.18091169313, "gamma": 0.02065725312855246}, "datetime": {"datetime": "2021-09-29 08:17:14", "elapsed": 845.802178, "delta": 5.890559}}
{"target": -34.63764244875627, "params": {"C": 24229.297194181145, "gamma": 0.015126624663203539}, "datetime": {"datetime": "2021-09-29 08:17:19", "elapsed": 851.377155, "delta": 5.574977}}
{"target": -34.54164311705967, "params": {"C": 20115.577309630215, "gamma": 0.01774909809637981}, "datetime": {"datetime": "2021-09-29 08:17:24", "elapsed": 856.158156, "delta": 4.781001}}
{"target": -35.50104448712975, "params": {"C": 23277.410415915158, "gamma": 0.008153134828569032}, "datetime": {"datetime": "2021-09-29 08:17:28", "elapsed": 860.209085, "delta": 4.050929}}
{"target": -35.73083549331564, "params": {"C": 21888.0010773612, "gamma": 0.06307781331079473}, "datetime": {"datetime": "2021-09-29 08:17:31", "elapsed": 862.739727, "delta": 2.530642}}
{"target": -34.69461082713869, "params": {"C": 21763.564846413632, "gamma": 0.031788087185341735}, "datetime": {"datetime": "2021-09-29 08:17:33", "elapsed": 865.37166, "delta": 2.631933}}
{"target": -36.09457674806584, "params": {"C": 21662.749979858272, "gamma": 0.07345470837885522}, "datetime": {"datetime": "2021-09-29 08:17:36", "elapsed": 867.903246, "delta": 2.531586}}
{"target": -34.5885673741699, "params": {"C": 20041.503885096965, "gamma": 0.02592867119581696}, "datetime": {"datetime": "2021-09-29 08:17:38", "elapsed": 870.546862, "delta": 2.643616}}
{"target": -34.95421009976123, "params": {"C": 20456.251343196716, "gamma": 0.04270688445404476}, "datetime": {"datetime": "2021-09-29 08:17:44", "elapsed": 876.151145, "delta": 5.604283}}
{"target": -34.55134939480806, "params": {"C": 22680.163478013408, "gamma": 0.023360326823403058}, "datetime": {"datetime": "2021-09-29 08:17:49", "elapsed": 881.352192, "delta": 5.201047}}
{"target": -34.95847182461526, "params": {"C": 24136.59295337768, "gamma": 0.04043125907185483}, "datetime": {"datetime": "2021-09-29 08:17:53", "elapsed": 884.954833, "delta": 3.602641}}
{"target": -34.584015234283264, "params": {"C": 23973.226301023875, "gamma": 0.02554245135628548}, "datetime": {"datetime": "2021-09-29 08:17:55", "elapsed": 887.463548, "delta": 2.508715}}
{"target": -34.53769538466018, "params": {"C": 21837.765229953213, "gamma": 0.022272402961532586}, "datetime": {"datetime": "2021-09-29 08:17:58", "elapsed": 890.010466, "delta": 2.546918}}
{"target": -35.95159638941653, "params": {"C": 20041.505890402514, "gamma": 0.005884667890819172}, "datetime": {"datetime": "2021-09-29 08:18:06", "elapsed": 897.723555, "delta": 7.713089}}
{"target": -35.28365684681142, "params": {"C": 23819.014270064334, "gamma": 0.009341366660040897}, "datetime": {"datetime": "2021-09-29 08:18:09", "elapsed": 901.18552, "delta": 3.461965}}
{"target": -34.60099450522013, "params": {"C": 20705.39349782447, "gamma": 0.026720984419486914}, "datetime": {"datetime": "2021-09-29 08:18:11", "elapsed": 903.348688, "delta": 2.163168}}
{"target": -34.6803570115647, "params": {"C": 23823.031412207092, "gamma": 0.014621983014318713}, "datetime": {"datetime": "2021-09-29 08:18:14", "elapsed": 906.342219, "delta": 2.993531}}
{"target": -34.514632806620625, "params": {"C": 21825.68685611416, "gamma": 0.018488062384393118}, "datetime": {"datetime": "2021-09-29 08:18:17", "elapsed": 909.371415, "delta": 3.029196}}
{"target": -34.713944054765115, "params": {"C": 24525.588745043657, "gamma": 0.03181954194199021}, "datetime": {"datetime": "2021-09-29 08:18:20", "elapsed": 912.079465, "delta": 2.70805}}
{"target": -35.30434767512649, "params": {"C": 24709.12382589229, "gamma": 0.009114828770923657}, "datetime": {"datetime": "2021-09-29 08:18:23", "elapsed": 915.565516, "delta": 3.486051}}
{"target": -34.52166485843918, "params": {"C": 21943.150965952158, "gamma": 0.017482142883778744}, "datetime": {"datetime": "2021-09-29 08:18:27", "elapsed": 919.086899, "delta": 3.521383}}
{"target": -34.590670068438264, "params": {"C": 20613.070360756352, "gamma": 0.026058295770440755}, "datetime": {"datetime": "2021-09-29 08:18:29", "elapsed": 921.477843, "delta": 2.390944}}
{"target": -34.538560763916664, "params": {"C": 23818.920188174914, "gamma": 0.0224603605020181}, "datetime": {"datetime": "2021-09-29 08:18:32", "elapsed": 924.131661, "delta": 2.653818}}
{"target": -35.937898367426605, "params": {"C": 21582.750534204148, "gamma": 0.06927508243396777}, "datetime": {"datetime": "2021-09-29 08:18:34", "elapsed": 926.285488, "delta": 2.153827}}
{"target": -35.08623089715783, "params": {"C": 20836.250709499313, "gamma": 0.01105054088870389}, "datetime": {"datetime": "2021-09-29 08:18:36", "elapsed": 928.378768, "delta": 2.09328}}
{"target": -34.56421194865078, "params": {"C": 24728.324009119264, "gamma": 0.02427755735116785}, "datetime": {"datetime": "2021-09-29 08:18:39", "elapsed": 931.276902, "delta": 2.898134}}
{"target": -34.52249050155219, "params": {"C": 21116.095964627082, "gamma": 0.02040086313365435}, "datetime": {"datetime": "2021-09-29 08:18:41", "elapsed": 933.245215, "delta": 1.968313}}
{"target": -35.19104873415221, "params": {"C": 24253.263149392587, "gamma": 0.009834360199387446}, "datetime": {"datetime": "2021-09-29 08:18:44", "elapsed": 936.634647, "delta": 3.389432}}
{"target": -35.411676672322415, "params": {"C": 23167.360246957105, "gamma": 0.00867287960507428}, "datetime": {"datetime": "2021-09-29 08:18:46", "elapsed": 938.685366, "delta": 2.050719}}
{"target": -34.59040923418019, "params": {"C": 24629.61453522863, "gamma": 0.02589987202090021}, "datetime": {"datetime": "2021-09-29 08:18:49", "elapsed": 940.760582, "delta": 2.075216}}
{"target": -35.71356208729173, "params": {"C": 21087.720862199178, "gamma": 0.06389468877924669}, "datetime": {"datetime": "2021-09-29 08:18:51", "elapsed": 943.098825, "delta": 2.338243}}
{"target": -34.69036330320881, "params": {"C": 20404.832634811228, "gamma": 0.03181746224095463}, "datetime": {"datetime": "2021-09-29 08:18:53", "elapsed": 945.187441, "delta": 2.088616}}
{"target": -34.850645563487475, "params": {"C": 24246.25992048713, "gamma": 0.036988996400087695}, "datetime": {"datetime": "2021-09-29 08:18:55", "elapsed": 947.280649, "delta": 2.093208}}
{"target": -34.57437361626047, "params": {"C": 22454.39320979036, "gamma": 0.02495776089298224}, "datetime": {"datetime": "2021-09-29 08:18:58", "elapsed": 950.056667, "delta": 2.776018}}
{"target": -35.20453663943684, "params": {"C": 24749.951627230035, "gamma": 0.009689004078448324}, "datetime": {"datetime": "2021-09-29 08:19:01", "elapsed": 952.990974, "delta": 2.934307}}
{"target": -35.1962974582485, "params": {"C": 20456.175561386335, "gamma": 0.010372362087386816}, "datetime": {"datetime": "2021-09-29 08:19:04", "elapsed": 955.979388, "delta": 2.988414}}
{"target": -35.0105077378559, "params": {"C": 22250.234015503316, "gamma": 0.04340547176298926}, "datetime": {"datetime": "2021-09-29 08:19:09", "elapsed": 961.359795, "delta": 2.123816}}
{"target": -34.762281258118776, "params": {"C": 24226.55335281585, "gamma": 0.03378840069279112}, "datetime": {"datetime": "2021-09-29 08:19:12", "elapsed": 964.178249, "delta": 2.818454}}
{"target": -34.563208474882096, "params": {"C": 20404.822243975883, "gamma": 0.017057467183503084}, "datetime": {"datetime": "2021-09-29 08:19:15", "elapsed": 967.643054, "delta": 3.464805}}
{"target": -34.51152686368983, "params": {"C": 22453.00498619574, "gamma": 0.018591795588803736}, "datetime": {"datetime": "2021-09-29 08:19:19", "elapsed": 970.790084, "delta": 3.14703}}
{"target": -34.73602768139432, "params": {"C": 24289.991581215174, "gamma": 0.03275970440646585}, "datetime": {"datetime": "2021-09-29 08:19:22", "elapsed": 974.061984, "delta": 3.2719}}
{"target": -35.04439145119853, "params": {"C": 20312.98947969683, "gamma": 0.011487492132656565}, "datetime": {"datetime": "2021-09-29 08:19:24", "elapsed": 976.092458, "delta": 2.030474}}
{"target": -34.86451305943696, "params": {"C": 22593.827079920855, "gamma": 0.012837709236248496}, "datetime": {"datetime": "2021-09-29 08:19:28", "elapsed": 979.808595, "delta": 3.716137}}
{"target": -34.67933006309279, "params": {"C": 23818.988954083703, "gamma": 0.030682192426447027}, "datetime": {"datetime": "2021-09-29 08:19:31", "elapsed": 982.878462, "delta": 3.069867}}
{"target": -35.13343298957782, "params": {"C": 21116.105883003438, "gamma": 0.04807884147884757}, "datetime": {"datetime": "2021-09-29 08:19:35", "elapsed": 987.166645, "delta": 4.288183}}
{"target": -34.915438700364874, "params": {"C": 22490.5945377893, "gamma": 0.04011370147911079}, "datetime": {"datetime": "2021-09-29 08:19:37", "elapsed": 989.430874, "delta": 2.264229}}
{"target": -36.080603060024195, "params": {"C": 21438.866365905935, "gamma": 0.005178248098186835}, "datetime": {"datetime": "2021-09-29 08:19:41", "elapsed": 993.000246, "delta": 3.569372}}
{"target": -34.868287668930435, "params": {"C": 22454.411446515332, "gamma": 0.038431804958043415}, "datetime": {"datetime": "2021-09-29 08:19:44", "elapsed": 996.606988, "delta": 3.606742}}
{"target": -34.51263855387407, "params": {"C": 22280.176002774893, "gamma": 0.018737394726008737}, "datetime": {"datetime": "2021-09-29 08:19:47", "elapsed": 998.747259, "delta": 2.140271}}
{"target": -34.661272697385584, "params": {"C": 24238.814562507127, "gamma": 0.014803654488238182}, "datetime": {"datetime": "2021-09-29 08:19:49", "elapsed": 1001.256481, "delta": 2.509222}}
{"target": -34.81396060465416, "params": {"C": 21477.620930475645, "gamma": 0.0135787483817369}, "datetime": {"datetime": "2021-09-29 08:19:52", "elapsed": 1004.70005, "delta": 3.443569}}
{"target": -35.67944198598648, "params": {"C": 21545.71224317649, "gamma": 0.06218314869414196}, "datetime": {"datetime": "2021-09-29 08:19:55", "elapsed": 1006.920803, "delta": 2.220753}}
{"target": -34.666053600694894, "params": {"C": 22280.158793581835, "gamma": 0.03026198841540543}, "datetime": {"datetime": "2021-09-29 08:19:58", "elapsed": 1010.140703, "delta": 3.2199}}
{"target": -35.17442827483635, "params": {"C": 21763.570584989688, "gamma": 0.04866223636763117}, "datetime": {"datetime": "2021-09-29 08:20:03", "elapsed": 1014.883266, "delta": 4.742563}}
{"target": -35.7944316391082, "params": {"C": 24466.021265540214, "gamma": 0.006489999258571579}, "datetime": {"datetime": "2021-09-29 08:20:05", "elapsed": 1017.268551, "delta": 2.385285}}
{"target": -34.518155499925705, "params": {"C": 24728.343574031336, "gamma": 0.01672725697143555}, "datetime": {"datetime": "2021-09-29 08:20:08", "elapsed": 1020.557284, "delta": 3.288733}}
{"target": -34.69528098747626, "params": {"C": 24728.348067446088, "gamma": 0.03102017344907975}, "datetime": {"datetime": "2021-09-29 08:20:11", "elapsed": 1023.698712, "delta": 3.141428}}
{"target": -35.105329130421055, "params": {"C": 20736.737286109757, "gamma": 0.04761264989147283}, "datetime": {"datetime": "2021-09-29 08:20:14", "elapsed": 1025.977347, "delta": 2.278635}}
{"target": -34.499295984690825, "params": {"C": 24709.07543824334, "gamma": 0.017497737385537494}, "datetime": {"datetime": "2021-09-29 08:20:17", "elapsed": 1029.224874, "delta": 3.247527}}
{"target": -34.873495313061134, "params": {"C": 24749.973741273556, "gamma": 0.0375629438788459}, "datetime": {"datetime": "2021-09-29 08:20:20", "elapsed": 1032.095376, "delta": 2.870502}}
{"target": -36.176017847144706, "params": {"C": 22985.860747163257, "gamma": 0.07353386160109679}, "datetime": {"datetime": "2021-09-29 08:20:22", "elapsed": 1034.518181, "delta": 2.422805}}
{"target": -34.820294869660415, "params": {"C": 23286.962431959164, "gamma": 0.036328462987420485}, "datetime": {"datetime": "2021-09-29 08:20:25", "elapsed": 1036.915203, "delta": 2.397022}}
{"target": -35.30409887568301, "params": {"C": 21999.041147854186, "gamma": 0.05157414531199938}, "datetime": {"datetime": "2021-09-29 08:20:27", "elapsed": 1039.362431, "delta": 2.447228}}
{"target": -34.50443294767688, "params": {"C": 23818.983429953296, "gamma": 0.018646898572461372}, "datetime": {"datetime": "2021-09-29 08:20:31", "elapsed": 1042.944778, "delta": 3.582347}}
{"target": -36.46836999920728, "params": {"C": 24861.09376106565, "gamma": 0.003297659426484729}, "datetime": {"datetime": "2021-09-29 08:20:33", "elapsed": 1045.256385, "delta": 2.311607}}
{"target": -36.3782424918602, "params": {"C": 22003.10649323826, "gamma": 0.003710215934014438}, "datetime": {"datetime": "2021-09-29 08:20:35", "elapsed": 1047.639852, "delta": 2.383467}}
