{"target": -43.52730760259692, "params": {"C": 2752.110861379632, "gamma": 0.0007871312215651728}, "datetime": {"datetime": "2021-09-29 21:34:02", "elapsed": 747.703558, "delta": 9.035809}}
{"target": -44.62752621997005, "params": {"C": 2627.421131743024, "gamma": 0.0004956914127098877}, "datetime": {"datetime": "2021-09-29 21:34:11", "elapsed": 756.684078, "delta": 8.98052}}
{"target": -43.83537072766252, "params": {"C": 2933.2461653777746, "gamma": 0.0006403408125706751}, "datetime": {"datetime": "2021-09-29 21:34:20", "elapsed": 764.956458, "delta": 8.27238}}
{"target": -45.600122400258066, "params": {"C": 3823.4971956377663, "gamma": 0.0002135384791419866}, "datetime": {"datetime": "2021-09-29 21:34:25", "elapsed": 770.716545, "delta": 5.760087}}
{"target": -45.54200905855902, "params": {"C": 3937.378480458002, "gamma": 0.00021398162832099985}, "datetime": {"datetime": "2021-09-29 21:34:33", "elapsed": 777.76321, "delta": 7.046665}}
{"target": -43.30864768798118, "params": {"C": 2511.6437845606647, "gamma": 0.0009587402984287731}, "datetime": {"datetime": "2021-09-29 21:34:40", "elapsed": 785.670684, "delta": 7.907474}}
{"target": -43.8072976139862, "params": {"C": 3408.0543598740182, "gamma": 0.000561369203756138}, "datetime": {"datetime": "2021-09-29 21:34:48", "elapsed": 792.98963, "delta": 7.318946}}
{"target": -42.67762537409946, "params": {"C": 3487.7842764443167, "gamma": 0.0009633924136186893}, "datetime": {"datetime": "2021-09-29 21:34:57", "elapsed": 801.735304, "delta": 8.745674}}
{"target": -44.17967897857852, "params": {"C": 3785.391202737975, "gamma": 0.00042829314036227074}, "datetime": {"datetime": "2021-09-29 21:35:05", "elapsed": 810.626061, "delta": 8.890757}}
{"target": -43.528971281658535, "params": {"C": 3304.7050618726767, "gamma": 0.0006581265560598991}, "datetime": {"datetime": "2021-09-29 21:35:13", "elapsed": 817.818642, "delta": 7.192581}}
{"target": -43.57237849832984, "params": {"C": 2967.444275590215, "gamma": 0.0007156420424986501}, "datetime": {"datetime": "2021-09-29 21:35:21", "elapsed": 826.022314, "delta": 8.203672}}
{"target": -44.16407730397045, "params": {"C": 2724.1524752027126, "gamma": 0.0005918756098349248}, "datetime": {"datetime": "2021-09-29 21:35:32", "elapsed": 837.064562, "delta": 11.042248}}
{"target": -42.719255924941514, "params": {"C": 3850.8701118928666, "gamma": 0.0008546852192993704}, "datetime": {"datetime": "2021-09-29 21:35:42", "elapsed": 847.672367, "delta": 10.607805}}
{"target": -45.04469344293618, "params": {"C": 2627.4250890140756, "gamma": 0.0004073037684840036}, "datetime": {"datetime": "2021-09-29 21:35:52", "elapsed": 856.821904, "delta": 9.149537}}
{"target": -44.06921344304621, "params": {"C": 3785.389220026382, "gamma": 0.00045051459910170575}, "datetime": {"datetime": "2021-09-29 21:36:03", "elapsed": 868.121574, "delta": 11.29967}}
{"target": -42.877283776936935, "params": {"C": 3842.8413063266944, "gamma": 0.0007863133832500285}, "datetime": {"datetime": "2021-09-29 21:36:10", "elapsed": 874.976124, "delta": 6.85455}}
{"target": -43.35102158866299, "params": {"C": 3487.7858496634553, "gamma": 0.0006801868529896723}, "datetime": {"datetime": "2021-09-29 21:36:18", "elapsed": 883.590192, "delta": 8.614068}}
{"target": -46.41692938442078, "params": {"C": 2901.573415204684, "gamma": 0.00017324026432808922}, "datetime": {"datetime": "2021-09-29 21:36:26", "elapsed": 891.211533, "delta": 7.621341}}
{"target": -43.35377206766681, "params": {"C": 3265.525175562676, "gamma": 0.0007237076619432321}, "datetime": {"datetime": "2021-09-29 21:36:33", "elapsed": 898.161879, "delta": 6.950346}}
{"target": -43.82105035853719, "params": {"C": 3294.381167046685, "gamma": 0.0005762374619807491}, "datetime": {"datetime": "2021-09-29 21:36:41", "elapsed": 906.717772, "delta": 8.555893}}
{"target": -42.59219145997445, "params": {"C": 3823.49538867543, "gamma": 0.000924941474813274}, "datetime": {"datetime": "2021-09-29 21:36:51", "elapsed": 916.415266, "delta": 9.697494}}
