{"target": -34.71177552620558, "params": {"C": 5444.856583133878, "gamma": 0.021623591373964086}, "datetime": {"datetime": "2021-09-28 16:42:01", "elapsed": 24.75742, "delta": 0.400008}}
{"target": -35.982249488783474, "params": {"C": 5451.875673676358, "gamma": 0.12266859847877809}, "datetime": {"datetime": "2021-09-28 16:42:01", "elapsed": 25.15141, "delta": 0.39399}}
{"target": -36.032209403492686, "params": {"C": 5458.859237803354, "gamma": 0.125991632577878}, "datetime": {"datetime": "2021-09-28 16:42:01", "elapsed": 25.506412, "delta": 0.355002}}
{"target": -34.84282299805379, "params": {"C": 5444.913679674004, "gamma": 0.01915965611607731}, "datetime": {"datetime": "2021-09-28 16:42:02", "elapsed": 25.936414, "delta": 0.430002}}
{"target": -35.362556745623706, "params": {"C": 5084.951364259497, "gamma": 0.014855595861021538}, "datetime": {"datetime": "2021-09-28 16:42:02", "elapsed": 26.361531, "delta": 0.425117}}
{"target": -36.3623047479935, "params": {"C": 5583.366045730211, "gamma": 0.14860864635884877}, "datetime": {"datetime": "2021-09-28 16:42:03", "elapsed": 26.751528, "delta": 0.389997}}
{"target": -35.07807202122345, "params": {"C": 5280.563157296661, "gamma": 0.0745749300730374}, "datetime": {"datetime": "2021-09-28 16:42:03", "elapsed": 27.17153, "delta": 0.420002}}
{"target": -34.575731485820945, "params": {"C": 5100.0306324024805, "gamma": 0.030395078429385415}, "datetime": {"datetime": "2021-09-28 16:42:03", "elapsed": 27.57153, "delta": 0.4}}
{"target": -36.524428587453286, "params": {"C": 5883.737423338901, "gamma": 0.159696252373943}, "datetime": {"datetime": "2021-09-28 16:42:04", "elapsed": 28.03253, "delta": 0.461}}
{"target": -35.57753415210712, "params": {"C": 5444.865904523406, "gamma": 0.09879767412988953}, "datetime": {"datetime": "2021-09-28 16:42:04", "elapsed": 28.432406, "delta": 0.399876}}
{"target": -34.58734727997946, "params": {"C": 5100.089241532589, "gamma": 0.029442798183547933}, "datetime": {"datetime": "2021-09-28 16:42:05", "elapsed": 28.934004, "delta": 0.501598}}
{"target": -34.60347169622768, "params": {"C": 5893.806359938129, "gamma": 0.024561089308724048}, "datetime": {"datetime": "2021-09-28 16:42:05", "elapsed": 29.348, "delta": 0.413996}}
{"target": -35.19086255280776, "params": {"C": 5259.560717796038, "gamma": 0.07999140294021728}, "datetime": {"datetime": "2021-09-28 16:42:06", "elapsed": 29.762008, "delta": 0.414008}}
{"target": -34.821395720863954, "params": {"C": 5085.0947633459555, "gamma": 0.020201126778503622}, "datetime": {"datetime": "2021-09-28 16:42:06", "elapsed": 30.220414, "delta": 0.458406}}
{"target": -36.02319549888065, "params": {"C": 5646.777361401262, "gamma": 0.12436246936820358}, "datetime": {"datetime": "2021-09-28 16:42:07", "elapsed": 30.622414, "delta": 0.402}}
{"target": -35.32252024163691, "params": {"C": 5100.030040574897, "gamma": 0.0870461263137638}, "datetime": {"datetime": "2021-09-28 16:42:07", "elapsed": 31.136417, "delta": 0.514003}}
{"target": -35.37211924474727, "params": {"C": 5100.160530709124, "gamma": 0.014756755814346267}, "datetime": {"datetime": "2021-09-28 16:42:07", "elapsed": 31.613422, "delta": 0.477005}}
{"target": -34.888722190164536, "params": {"C": 5117.066059397939, "gamma": 0.06404897945369652}, "datetime": {"datetime": "2021-09-28 16:42:08", "elapsed": 32.105574, "delta": 0.492152}}
{"target": -35.64782390046538, "params": {"C": 5298.07255294457, "gamma": 0.10334945797349711}, "datetime": {"datetime": "2021-09-28 16:42:08", "elapsed": 32.53458, "delta": 0.429006}}
{"target": -35.2273575449313, "params": {"C": 5146.243998647055, "gamma": 0.08215805147291319}, "datetime": {"datetime": "2021-09-28 16:42:09", "elapsed": 32.968574, "delta": 0.433994}}
{"target": -35.35044555381579, "params": {"C": 5265.893113758968, "gamma": 0.08778422546694513}, "datetime": {"datetime": "2021-09-28 16:42:09", "elapsed": 33.377574, "delta": 0.409}}
{"target": -34.611871132255274, "params": {"C": 5041.8186118607855, "gamma": 0.042506877591215}, "datetime": {"datetime": "2021-09-28 16:42:10", "elapsed": 33.83936, "delta": 0.461786}}
{"target": -34.66783834490072, "params": {"C": 5117.040138249816, "gamma": 0.024525126208756968}, "datetime": {"datetime": "2021-09-28 16:42:10", "elapsed": 34.395593, "delta": 0.556233}}
{"target": -36.75036760897406, "params": {"C": 5099.941178970379, "gamma": 0.005974835809945167}, "datetime": {"datetime": "2021-09-28 16:42:11", "elapsed": 34.847601, "delta": 0.452008}}
{"target": -35.359978911887794, "params": {"C": 5126.133330096758, "gamma": 0.08883291020087274}, "datetime": {"datetime": "2021-09-28 16:42:11", "elapsed": 35.251597, "delta": 0.403996}}
{"target": -36.47323574592681, "params": {"C": 5288.752309045908, "gamma": 0.1599454150458015}, "datetime": {"datetime": "2021-09-28 16:42:12", "elapsed": 35.715594, "delta": 0.463997}}
{"target": -34.630898230540055, "params": {"C": 5100.074599269309, "gamma": 0.04455798868777407}, "datetime": {"datetime": "2021-09-28 16:42:12", "elapsed": 36.282107, "delta": 0.566513}}
{"target": -36.153400319838155, "params": {"C": 5844.88867618549, "gamma": 0.13208380456467098}, "datetime": {"datetime": "2021-09-28 16:42:13", "elapsed": 36.771109, "delta": 0.489002}}
{"target": -34.78887036450932, "params": {"C": 5099.964638880255, "gamma": 0.05715631882819303}, "datetime": {"datetime": "2021-09-28 16:42:13", "elapsed": 37.319107, "delta": 0.547998}}
{"target": -34.94271676016844, "params": {"C": 5280.627131723815, "gamma": 0.06756685892161637}, "datetime": {"datetime": "2021-09-28 16:42:14", "elapsed": 37.784111, "delta": 0.465004}}
{"target": -35.56754926412459, "params": {"C": 5041.83655788152, "gamma": 0.013358674682610712}, "datetime": {"datetime": "2021-09-28 16:42:14", "elapsed": 38.357608, "delta": 0.573497}}
{"target": -34.71835108972585, "params": {"C": 5116.790229448575, "gamma": 0.02242080003589309}, "datetime": {"datetime": "2021-09-28 16:42:15", "elapsed": 38.858241, "delta": 0.500633}}
{"target": -36.173761417695324, "params": {"C": 5483.348382304072, "gamma": 0.008717975816724156}, "datetime": {"datetime": "2021-09-28 16:42:15", "elapsed": 39.404238, "delta": 0.545997}}
{"target": -34.58734758342489, "params": {"C": 5099.996673803942, "gamma": 0.02944339320489632}, "datetime": {"datetime": "2021-09-28 16:42:16", "elapsed": 39.961239, "delta": 0.557001}}
{"target": -35.576969357272205, "params": {"C": 5085.053800060715, "gamma": 0.013228037202796198}, "datetime": {"datetime": "2021-09-28 16:42:16", "elapsed": 40.488045, "delta": 0.526806}}
{"target": -35.21769576301692, "params": {"C": 5042.280867994097, "gamma": 0.08205277948850287}, "datetime": {"datetime": "2021-09-28 16:42:17", "elapsed": 40.963044, "delta": 0.474999}}
{"target": -34.73711423394581, "params": {"C": 5020.253541039598, "gamma": 0.05321169421006147}, "datetime": {"datetime": "2021-09-28 16:42:17", "elapsed": 41.518043, "delta": 0.554999}}
{"target": -35.04215862181191, "params": {"C": 5085.1094208493105, "gamma": 0.07346797590715284}, "datetime": {"datetime": "2021-09-28 16:42:18", "elapsed": 42.164199, "delta": 0.646156}}
{"target": -34.986058927223986, "params": {"C": 5117.037173294989, "gamma": 0.07043526757023087}, "datetime": {"datetime": "2021-09-28 16:42:19", "elapsed": 42.795202, "delta": 0.631003}}
{"target": -34.88333716639265, "params": {"C": 5116.9287178399345, "gamma": 0.06368872324615239}, "datetime": {"datetime": "2021-09-28 16:42:19", "elapsed": 43.296197, "delta": 0.500995}}
{"target": -36.39870019633142, "params": {"C": 5483.420816445156, "gamma": 0.15216836718031024}, "datetime": {"datetime": "2021-09-28 16:42:20", "elapsed": 43.825349, "delta": 0.529152}}
{"target": -35.43646852943562, "params": {"C": 5041.797557225904, "gamma": 0.09302982078675237}, "datetime": {"datetime": "2021-09-28 16:42:20", "elapsed": 44.469542, "delta": 0.644193}}
{"target": -35.16149048829632, "params": {"C": 5099.874409587223, "gamma": 0.016455001533254025}, "datetime": {"datetime": "2021-09-28 16:42:21", "elapsed": 45.027542, "delta": 0.558}}
{"target": -35.32413875337532, "params": {"C": 5025.490088875709, "gamma": 0.08736837456723943}, "datetime": {"datetime": "2021-09-28 16:42:21", "elapsed": 45.574548, "delta": 0.547006}}
{"target": -35.01335331878078, "params": {"C": 5100.10945500698, "gamma": 0.07202058071805276}, "datetime": {"datetime": "2021-09-28 16:42:22", "elapsed": 46.286838, "delta": 0.71229}}
{"target": -35.75897380896239, "params": {"C": 5117.09863056467, "gamma": 0.011874049122927867}, "datetime": {"datetime": "2021-09-28 16:42:23", "elapsed": 46.903837, "delta": 0.616999}}
{"target": -35.01751964882505, "params": {"C": 5280.628339220509, "gamma": 0.017428538901529983}, "datetime": {"datetime": "2021-09-28 16:42:23", "elapsed": 47.474833, "delta": 0.570996}}
{"target": -35.28127562124574, "params": {"C": 5846.796424844717, "gamma": 0.08227510139926562}, "datetime": {"datetime": "2021-09-28 16:42:24", "elapsed": 47.998843, "delta": 0.52401}}
{"target": -35.02490315290658, "params": {"C": 5025.605694154876, "gamma": 0.07269949594216729}, "datetime": {"datetime": "2021-09-28 16:42:25", "elapsed": 48.644839, "delta": 0.645996}}
{"target": -34.632561563904105, "params": {"C": 5444.813940887148, "gamma": 0.02488533959804617}, "datetime": {"datetime": "2021-09-28 16:42:25", "elapsed": 49.29684, "delta": 0.652001}}
{"target": -34.81033068482541, "params": {"C": 5099.9139808919335, "gamma": 0.05867505928778957}, "datetime": {"datetime": "2021-09-28 16:42:26", "elapsed": 49.83384, "delta": 0.537}}
{"target": -34.55687741018377, "params": {"C": 5877.635745409667, "gamma": 0.02720173967615181}, "datetime": {"datetime": "2021-09-28 16:42:26", "elapsed": 50.359338, "delta": 0.525498}}
{"target": -36.05862764592684, "params": {"C": 5281.511892382287, "gamma": 0.12879148936575824}, "datetime": {"datetime": "2021-09-28 16:42:27", "elapsed": 50.908336, "delta": 0.548998}}
{"target": -36.119444188670556, "params": {"C": 5085.13262675274, "gamma": 0.009428754510688983}, "datetime": {"datetime": "2021-09-28 16:42:28", "elapsed": 51.739342, "delta": 0.831006}}
{"target": -36.09518989717328, "params": {"C": 5434.674825138805, "gamma": 0.13040063540261063}, "datetime": {"datetime": "2021-09-28 16:42:28", "elapsed": 52.273366, "delta": 0.534024}}
{"target": -34.97085986029451, "params": {"C": 5117.042856052105, "gamma": 0.018231424622914532}, "datetime": {"datetime": "2021-09-28 16:42:29", "elapsed": 52.804369, "delta": 0.531003}}
{"target": -36.20906550423737, "params": {"C": 5877.62393435763, "gamma": 0.008193901428693433}, "datetime": {"datetime": "2021-09-28 16:42:29", "elapsed": 53.416363, "delta": 0.611994}}
{"target": -34.99620500634369, "params": {"C": 5020.327946279879, "gamma": 0.07105227533851624}, "datetime": {"datetime": "2021-09-28 16:42:30", "elapsed": 54.125995, "delta": 0.709632}}
{"target": -35.458974121074185, "params": {"C": 5878.268753524377, "gamma": 0.09076222279146054}, "datetime": {"datetime": "2021-09-28 16:42:31", "elapsed": 54.738079, "delta": 0.612084}}
{"target": -34.60613667404691, "params": {"C": 5444.765401024976, "gamma": 0.026290113091731314}, "datetime": {"datetime": "2021-09-28 16:42:31", "elapsed": 55.425082, "delta": 0.687003}}
{"target": -34.70159530151236, "params": {"C": 5025.428319697327, "gamma": 0.023364711587474173}, "datetime": {"datetime": "2021-09-28 16:42:32", "elapsed": 55.950084, "delta": 0.525002}}
{"target": -35.82303270145048, "params": {"C": 5444.781307973492, "gamma": 0.011058678407611617}, "datetime": {"datetime": "2021-09-28 16:42:32", "elapsed": 56.582979, "delta": 0.632895}}
{"target": -34.60730789574097, "params": {"C": 5444.840566277941, "gamma": 0.043372739313805295}, "datetime": {"datetime": "2021-09-28 16:42:33", "elapsed": 57.24198, "delta": 0.659001}}
{"target": -36.12792411245979, "params": {"C": 5431.2351999133725, "gamma": 0.13268082936773465}, "datetime": {"datetime": "2021-09-28 16:42:34", "elapsed": 57.789985, "delta": 0.548005}}
{"target": -34.55893762695389, "params": {"C": 5116.8328179160135, "gamma": 0.03604393785263362}, "datetime": {"datetime": "2021-09-28 16:42:34", "elapsed": 58.333185, "delta": 0.5432}}
{"target": -34.98072010298989, "params": {"C": 5085.048239215517, "gamma": 0.07007535425889357}, "datetime": {"datetime": "2021-09-28 16:42:35", "elapsed": 59.159807, "delta": 0.826622}}
{"target": -34.65546157353139, "params": {"C": 5116.749664554798, "gamma": 0.025138197447925135}, "datetime": {"datetime": "2021-09-28 16:42:36", "elapsed": 59.927805, "delta": 0.767998}}
{"target": -34.86090785620242, "params": {"C": 5444.733033549883, "gamma": 0.01893923732618849}, "datetime": {"datetime": "2021-09-28 16:42:37", "elapsed": 60.668784, "delta": 0.740979}}
{"target": -36.55671041163842, "params": {"C": 5025.517356512598, "gamma": 0.0069510065444438355}, "datetime": {"datetime": "2021-09-28 16:42:37", "elapsed": 61.352782, "delta": 0.683998}}
{"target": -34.561366847465656, "params": {"C": 5025.493420860661, "gamma": 0.034493971713990317}, "datetime": {"datetime": "2021-09-28 16:42:38", "elapsed": 61.963781, "delta": 0.610999}}
{"target": -34.544377261930435, "params": {"C": 5563.95642258614, "gamma": 0.036937750744817865}, "datetime": {"datetime": "2021-09-28 16:42:38", "elapsed": 62.553837, "delta": 0.590056}}
{"target": -34.8772396184045, "params": {"C": 5346.6982822082855, "gamma": 0.018925177052559614}, "datetime": {"datetime": "2021-09-28 16:42:39", "elapsed": 63.132836, "delta": 0.578999}}
{"target": -34.88731710121752, "params": {"C": 5094.898749960257, "gamma": 0.06393571449547934}, "datetime": {"datetime": "2021-09-28 16:42:40", "elapsed": 63.777474, "delta": 0.644638}}
{"target": -35.47107964668043, "params": {"C": 5352.179915247388, "gamma": 0.0935772954128275}, "datetime": {"datetime": "2021-09-28 16:42:40", "elapsed": 64.421858, "delta": 0.644384}}
{"target": -34.893173591734914, "params": {"C": 5041.843511483855, "gamma": 0.06428081154575759}, "datetime": {"datetime": "2021-09-28 16:42:41", "elapsed": 65.142854, "delta": 0.720996}}
{"target": -35.40162299593651, "params": {"C": 5563.950357766428, "gamma": 0.013858007561844798}, "datetime": {"datetime": "2021-09-28 16:42:42", "elapsed": 65.839854, "delta": 0.697}}
{"target": -36.30317586282054, "params": {"C": 5444.833836173283, "gamma": 0.007987078483085115}, "datetime": {"datetime": "2021-09-28 16:42:43", "elapsed": 66.67233, "delta": 0.832476}}
{"target": -34.6240188903553, "params": {"C": 5877.640583287597, "gamma": 0.04591872343413439}, "datetime": {"datetime": "2021-09-28 16:42:44", "elapsed": 67.702329, "delta": 1.029999}}
{"target": -35.960514625231006, "params": {"C": 5707.864305445361, "gamma": 0.11994828889344401}, "datetime": {"datetime": "2021-09-28 16:42:45", "elapsed": 68.797917, "delta": 1.095588}}
{"target": -34.69895806745997, "params": {"C": 5753.939743304448, "gamma": 0.021179041789832542}, "datetime": {"datetime": "2021-09-28 16:42:45", "elapsed": 69.546915, "delta": 0.748998}}
{"target": -34.60829496456558, "params": {"C": 5254.542489573843, "gamma": 0.042881480021458515}, "datetime": {"datetime": "2021-09-28 16:42:46", "elapsed": 70.611304, "delta": 1.064389}}
{"target": -34.522278741054016, "params": {"C": 5821.186132824825, "gamma": 0.03511651710845876}, "datetime": {"datetime": "2021-09-28 16:42:47", "elapsed": 71.331307, "delta": 0.720003}}
{"target": -35.82800971932487, "params": {"C": 5420.023982007233, "gamma": 0.1131462756787477}, "datetime": {"datetime": "2021-09-28 16:42:48", "elapsed": 72.318306, "delta": 0.986999}}
{"target": -34.53479770338687, "params": {"C": 5563.961915320586, "gamma": 0.03561001161532811}, "datetime": {"datetime": "2021-09-28 16:42:49", "elapsed": 73.065305, "delta": 0.746999}}
{"target": -34.778480548583204, "params": {"C": 5254.562775488011, "gamma": 0.05663315576906557}, "datetime": {"datetime": "2021-09-28 16:42:50", "elapsed": 73.816875, "delta": 0.75157}}
{"target": -34.55601590782522, "params": {"C": 5117.016404504607, "gamma": 0.03457183186061992}, "datetime": {"datetime": "2021-09-28 16:42:50", "elapsed": 74.606647, "delta": 0.789772}}
{"target": -34.74555257986175, "params": {"C": 5400.226204824358, "gamma": 0.0544755783431261}, "datetime": {"datetime": "2021-09-28 16:42:51", "elapsed": 75.345647, "delta": 0.739}}
{"target": -36.211563839258524, "params": {"C": 5796.597962145053, "gamma": 0.13650372670600106}, "datetime": {"datetime": "2021-09-28 16:42:52", "elapsed": 76.120648, "delta": 0.775001}}
{"target": -34.56243679501039, "params": {"C": 5877.671298444401, "gamma": 0.04022570077242259}, "datetime": {"datetime": "2021-09-28 16:42:53", "elapsed": 77.262804, "delta": 1.142156}}
{"target": -34.93165243196758, "params": {"C": 5254.514476480742, "gamma": 0.06690022841085333}, "datetime": {"datetime": "2021-09-28 16:42:54", "elapsed": 78.327999, "delta": 1.065195}}
{"target": -36.4932345139737, "params": {"C": 5821.21089241077, "gamma": 0.006702747208876198}, "datetime": {"datetime": "2021-09-28 16:42:55", "elapsed": 79.533947, "delta": 1.205948}}
{"target": -34.909009807524676, "params": {"C": 5444.826995661439, "gamma": 0.06530188089417872}, "datetime": {"datetime": "2021-09-28 16:42:57", "elapsed": 80.652451, "delta": 1.118504}}
{"target": -36.16846020055941, "params": {"C": 5147.457636272143, "gamma": 0.13732923032772812}, "datetime": {"datetime": "2021-09-28 16:42:58", "elapsed": 81.643451, "delta": 0.991}}
{"target": -34.674901891717894, "params": {"C": 5753.948682128879, "gamma": 0.04976385494465371}, "datetime": {"datetime": "2021-09-28 16:42:59", "elapsed": 83.030842, "delta": 1.387391}}
{"target": -34.68973861557632, "params": {"C": 5025.5125577625395, "gamma": 0.049485709727447216}, "datetime": {"datetime": "2021-09-28 16:43:00", "elapsed": 83.914515, "delta": 0.883673}}
{"target": -34.67106209504321, "params": {"C": 5444.812885881826, "gamma": 0.0488929235086352}, "datetime": {"datetime": "2021-09-28 16:43:01", "elapsed": 85.03495, "delta": 1.120435}}
{"target": -35.734994113194496, "params": {"C": 5848.892071312479, "gamma": 0.10554343509460913}, "datetime": {"datetime": "2021-09-28 16:43:02", "elapsed": 86.259949, "delta": 1.224999}}
{"target": -34.59077802119829, "params": {"C": 5815.07786705051, "gamma": 0.025514724957836753}, "datetime": {"datetime": "2021-09-28 16:43:03", "elapsed": 87.155574, "delta": 0.895625}}
{"target": -36.75744775172239, "params": {"C": 5877.66960460629, "gamma": 0.005383873965459831}, "datetime": {"datetime": "2021-09-28 16:43:04", "elapsed": 88.124576, "delta": 0.969002}}
{"target": -34.71231588181226, "params": {"C": 5821.170884404988, "gamma": 0.05261516114102835}, "datetime": {"datetime": "2021-09-28 16:43:05", "elapsed": 89.473539, "delta": 1.348963}}
{"target": -34.52035956652287, "params": {"C": 5815.113490157406, "gamma": 0.03479466227917463}, "datetime": {"datetime": "2021-09-28 16:43:06", "elapsed": 90.584726, "delta": 1.111187}}
{"target": -35.23251248785919, "params": {"C": 5877.694079150473, "gamma": 0.07988895144791465}, "datetime": {"datetime": "2021-09-28 16:43:07", "elapsed": 91.521726, "delta": 0.937}}
{"target": -34.898969261195454, "params": {"C": 5574.6081549872515, "gamma": 0.06455838550353821}, "datetime": {"datetime": "2021-09-28 16:43:08", "elapsed": 92.273724, "delta": 0.751998}}
{"target": -35.00946349168226, "params": {"C": 5655.374289517911, "gamma": 0.07033157960661864}, "datetime": {"datetime": "2021-09-28 16:43:09", "elapsed": 93.391702, "delta": 1.117978}}
{"target": -35.87423563778751, "params": {"C": 5155.162538752882, "gamma": 0.11723924126239384}, "datetime": {"datetime": "2021-09-28 16:43:10", "elapsed": 94.591991, "delta": 1.200289}}
{"target": -34.68602852698213, "params": {"C": 5342.257830166318, "gamma": 0.049879540632950733}, "datetime": {"datetime": "2021-09-28 16:43:11", "elapsed": 95.439993, "delta": 0.848002}}
{"target": -34.63261958751025, "params": {"C": 5444.877598462561, "gamma": 0.024882186467177308}, "datetime": {"datetime": "2021-09-28 16:43:12", "elapsed": 96.5416, "delta": 1.101607}}
{"target": -36.9105650763307, "params": {"C": 5100.030959126233, "gamma": 0.0053723938911043115}, "datetime": {"datetime": "2021-09-28 16:43:14", "elapsed": 98.160171, "delta": 1.618571}}
{"target": -34.68889688054416, "params": {"C": 5893.8295070175145, "gamma": 0.05103468984681931}, "datetime": {"datetime": "2021-09-28 16:43:16", "elapsed": 99.713295, "delta": 1.553124}}
{"target": -34.62713378555593, "params": {"C": 5100.002222322853, "gamma": 0.04420292436614744}, "datetime": {"datetime": "2021-09-28 16:43:17", "elapsed": 100.898629, "delta": 1.185334}}
{"target": -35.830820753569625, "params": {"C": 5867.667907367291, "gamma": 0.11105784139138819}, "datetime": {"datetime": "2021-09-28 16:43:18", "elapsed": 102.012631, "delta": 1.114002}}
{"target": -34.53573380516374, "params": {"C": 5444.770214108041, "gamma": 0.03294113903897912}, "datetime": {"datetime": "2021-09-28 16:43:19", "elapsed": 102.981761, "delta": 0.96913}}
{"target": -34.89298521930325, "params": {"C": 5254.508895217031, "gamma": 0.06444116744349034}, "datetime": {"datetime": "2021-09-28 16:43:20", "elapsed": 104.009828, "delta": 1.028067}}
{"target": -35.52103289873422, "params": {"C": 5208.044147792297, "gamma": 0.09687222607725796}, "datetime": {"datetime": "2021-09-28 16:43:21", "elapsed": 105.095372, "delta": 1.085544}}
{"target": -34.810610655945304, "params": {"C": 5563.951789054236, "gamma": 0.0590441928069815}, "datetime": {"datetime": "2021-09-28 16:43:22", "elapsed": 106.448572, "delta": 1.3532}}
{"target": -36.34983967540485, "params": {"C": 5957.238112681481, "gamma": 0.1451540843478099}, "datetime": {"datetime": "2021-09-28 16:43:23", "elapsed": 107.396572, "delta": 0.948}}
{"target": -34.679145693571826, "params": {"C": 5117.004792178309, "gamma": 0.04883101142227604}, "datetime": {"datetime": "2021-09-28 16:43:25", "elapsed": 108.700091, "delta": 1.303519}}
