{"target": -35.0639188299974, "params": {"C": 6638.906665428844, "gamma": 0.055874675586990455}, "datetime": {"datetime": "2021-09-28 18:03:05", "elapsed": 18.87848, "delta": 0.34679}}
{"target": -34.79566765761945, "params": {"C": 6643.595008677194, "gamma": 0.028793898854072686}, "datetime": {"datetime": "2021-09-28 18:03:06", "elapsed": 19.240882, "delta": 0.362402}}
{"target": -35.03815790337322, "params": {"C": 6646.8822603987755, "gamma": 0.054468626433360215}, "datetime": {"datetime": "2021-09-28 18:03:06", "elapsed": 19.669407, "delta": 0.428525}}
{"target": -35.356527902541686, "params": {"C": 6865.715802646488, "gamma": 0.07209849597233944}, "datetime": {"datetime": "2021-09-28 18:03:06", "elapsed": 20.087634, "delta": 0.418227}}
{"target": -35.34858376007002, "params": {"C": 6627.819628654576, "gamma": 0.07135992496229158}, "datetime": {"datetime": "2021-09-28 18:03:07", "elapsed": 20.512744, "delta": 0.42511}}
{"target": -35.08968537772871, "params": {"C": 6203.846174173943, "gamma": 0.016989778991567034}, "datetime": {"datetime": "2021-09-28 18:03:07", "elapsed": 21.003145, "delta": 0.490401}}
{"target": -35.367024576402265, "params": {"C": 6208.7493232245915, "gamma": 0.07106439225852416}, "datetime": {"datetime": "2021-09-28 18:03:08", "elapsed": 21.457657, "delta": 0.454512}}
{"target": -34.919473847855585, "params": {"C": 6852.44420539032, "gamma": 0.04826341492827236}, "datetime": {"datetime": "2021-09-28 18:03:08", "elapsed": 21.91901, "delta": 0.461353}}
{"target": -34.84329383069576, "params": {"C": 6848.652351719366, "gamma": 0.022978884486951116}, "datetime": {"datetime": "2021-09-28 18:03:09", "elapsed": 22.353623, "delta": 0.434613}}
{"target": -34.824951808586576, "params": {"C": 6844.935633928829, "gamma": 0.02432993518450642}, "datetime": {"datetime": "2021-09-28 18:03:09", "elapsed": 22.833588, "delta": 0.479965}}
{"target": -35.09873688142328, "params": {"C": 6841.0861801275005, "gamma": 0.057848459644944616}, "datetime": {"datetime": "2021-09-28 18:03:10", "elapsed": 23.265721, "delta": 0.432133}}
{"target": -34.83838989243894, "params": {"C": 6834.5526822816855, "gamma": 0.04313892675761153}, "datetime": {"datetime": "2021-09-28 18:03:10", "elapsed": 23.70889, "delta": 0.443169}}
{"target": -34.83453217963813, "params": {"C": 6830.867176801773, "gamma": 0.023646074400680867}, "datetime": {"datetime": "2021-09-28 18:03:10", "elapsed": 24.134277, "delta": 0.425387}}
{"target": -34.88365324196294, "params": {"C": 6826.772593986489, "gamma": 0.04612362142303795}, "datetime": {"datetime": "2021-09-28 18:03:11", "elapsed": 24.554085, "delta": 0.419808}}
{"target": -35.548464787829644, "params": {"C": 6822.463854952248, "gamma": 0.07958067316080358}, "datetime": {"datetime": "2021-09-28 18:03:11", "elapsed": 25.062921, "delta": 0.508836}}
{"target": -35.285110689467004, "params": {"C": 6991.961695852263, "gamma": 0.06811373447468064}, "datetime": {"datetime": "2021-09-28 18:03:12", "elapsed": 25.499928, "delta": 0.437007}}
{"target": -35.33536307487988, "params": {"C": 6722.699698628743, "gamma": 0.0709250963893636}, "datetime": {"datetime": "2021-09-28 18:03:12", "elapsed": 25.936706, "delta": 0.436778}}
{"target": -34.8161567273627, "params": {"C": 6405.358408898109, "gamma": 0.028013388491854637}, "datetime": {"datetime": "2021-09-28 18:03:13", "elapsed": 26.365755, "delta": 0.429049}}
{"target": -35.36079887443776, "params": {"C": 6401.842562694533, "gamma": 0.07136039292328034}, "datetime": {"datetime": "2021-09-28 18:03:13", "elapsed": 26.782647, "delta": 0.416892}}
{"target": -36.24996955731269, "params": {"C": 6408.677517279917, "gamma": 0.003}, "datetime": {"datetime": "2021-09-28 18:03:14", "elapsed": 27.233026, "delta": 0.450379}}
{"target": -34.88928918292263, "params": {"C": 6502.682230439836, "gamma": 0.0458104964649415}, "datetime": {"datetime": "2021-09-28 18:03:14", "elapsed": 27.748703, "delta": 0.515677}}
{"target": -35.254593732317524, "params": {"C": 6837.410217125685, "gamma": 0.06639118044177124}, "datetime": {"datetime": "2021-09-28 18:03:15", "elapsed": 28.283687, "delta": 0.534984}}
{"target": -35.36133788449296, "params": {"C": 6023.553933126857, "gamma": 0.013546770818687066}, "datetime": {"datetime": "2021-09-28 18:03:15", "elapsed": 28.818777, "delta": 0.53509}}
{"target": -35.30417472755394, "params": {"C": 6005.447000082097, "gamma": 0.014301894841383452}, "datetime": {"datetime": "2021-09-28 18:03:16", "elapsed": 29.363853, "delta": 0.545076}}
{"target": -34.79922271856358, "params": {"C": 6264.882301992239, "gamma": 0.03276917889123942}, "datetime": {"datetime": "2021-09-28 18:03:16", "elapsed": 29.904168, "delta": 0.540315}}
{"target": -34.90040266422146, "params": {"C": 6261.959844742108, "gamma": 0.021497495989675753}, "datetime": {"datetime": "2021-09-28 18:03:17", "elapsed": 30.417508, "delta": 0.51334}}
{"target": -34.81211656662093, "params": {"C": 6268.144972573038, "gamma": 0.030045892061428395}, "datetime": {"datetime": "2021-09-28 18:03:17", "elapsed": 31.020258, "delta": 0.60275}}
{"target": -35.457089082329304, "params": {"C": 6271.5942020873135, "gamma": 0.07478664903948026}, "datetime": {"datetime": "2021-09-28 18:03:18", "elapsed": 31.607743, "delta": 0.587485}}
{"target": -35.334667189899385, "params": {"C": 6258.072583140064, "gamma": 0.06966842350259281}, "datetime": {"datetime": "2021-09-28 18:03:19", "elapsed": 32.182837, "delta": 0.575094}}
{"target": -35.23935757496761, "params": {"C": 6934.190644849938, "gamma": 0.06553152072393244}, "datetime": {"datetime": "2021-09-28 18:03:19", "elapsed": 32.928204, "delta": 0.745367}}
{"target": -35.11908808979808, "params": {"C": 6942.552545699785, "gamma": 0.058960233353485596}, "datetime": {"datetime": "2021-09-28 18:03:20", "elapsed": 33.535643, "delta": 0.607439}}
{"target": -35.19856045721853, "params": {"C": 6947.43642198531, "gamma": 0.014833489248994088}, "datetime": {"datetime": "2021-09-28 18:03:21", "elapsed": 34.176699, "delta": 0.641056}}
{"target": -35.17878427860559, "params": {"C": 6954.120107515915, "gamma": 0.015069128202418944}, "datetime": {"datetime": "2021-09-28 18:03:21", "elapsed": 34.87767, "delta": 0.700971}}
{"target": -34.80735464336732, "params": {"C": 6959.78658300251, "gamma": 0.0254107580053727}, "datetime": {"datetime": "2021-09-28 18:03:22", "elapsed": 35.605051, "delta": 0.727381}}
{"target": -35.553294100778636, "params": {"C": 6962.692158512513, "gamma": 0.010739769024865873}, "datetime": {"datetime": "2021-09-28 18:03:23", "elapsed": 36.273827, "delta": 0.668776}}
{"target": -35.078998214260224, "params": {"C": 6957.50475941623, "gamma": 0.016312959975604797}, "datetime": {"datetime": "2021-09-28 18:03:23", "elapsed": 36.885866, "delta": 0.612039}}
{"target": -35.46978037839166, "params": {"C": 6641.544214826836, "gamma": 0.011833234652029716}, "datetime": {"datetime": "2021-09-28 18:03:24", "elapsed": 37.52883, "delta": 0.642964}}
{"target": -34.935643158749805, "params": {"C": 6167.5484339136165, "gamma": 0.020305939397149333}, "datetime": {"datetime": "2021-09-28 18:03:24", "elapsed": 38.123007, "delta": 0.594177}}
{"target": -35.53414341700151, "params": {"C": 6828.801458953474, "gamma": 0.07903846581405585}, "datetime": {"datetime": "2021-09-28 18:03:25", "elapsed": 38.705407, "delta": 0.5824}}
{"target": -35.159948988787946, "params": {"C": 6832.527174443676, "gamma": 0.06114315756668248}, "datetime": {"datetime": "2021-09-28 18:03:26", "elapsed": 39.604878, "delta": 0.899471}}
{"target": -34.95448062650098, "params": {"C": 6171.131004284467, "gamma": 0.04880343843644341}, "datetime": {"datetime": "2021-09-28 18:03:27", "elapsed": 40.510849, "delta": 0.905971}}
{"target": -35.51564687415173, "params": {"C": 6266.5720079818475, "gamma": 0.07706758529225434}, "datetime": {"datetime": "2021-09-28 18:03:27", "elapsed": 41.123576, "delta": 0.612727}}
{"target": -34.849264747979944, "params": {"C": 6263.557778039779, "gamma": 0.04280188033512929}, "datetime": {"datetime": "2021-09-28 18:03:28", "elapsed": 41.672679, "delta": 0.549103}}
{"target": -34.78189350083305, "params": {"C": 6846.603470123726, "gamma": 0.03867499659197802}, "datetime": {"datetime": "2021-09-28 18:03:29", "elapsed": 42.174005, "delta": 0.501326}}
{"target": -35.070697079194424, "params": {"C": 6645.025909470347, "gamma": 0.056258869943484675}, "datetime": {"datetime": "2021-09-28 18:03:29", "elapsed": 42.677642, "delta": 0.503637}}
{"target": -34.78999537562798, "params": {"C": 6850.543203130283, "gamma": 0.03954262036068249}, "datetime": {"datetime": "2021-09-28 18:03:30", "elapsed": 43.54873, "delta": 0.871088}}
{"target": -34.756312702839445, "params": {"C": 6885.007896884798, "gamma": 0.03507920401042145}, "datetime": {"datetime": "2021-09-28 18:03:31", "elapsed": 44.48518, "delta": 0.93645}}
{"target": -35.076310918235585, "params": {"C": 6174.4518596722, "gamma": 0.055679152142159495}, "datetime": {"datetime": "2021-09-28 18:03:32", "elapsed": 45.45989, "delta": 0.97471}}
{"target": -35.02054646622193, "params": {"C": 6118.982013596949, "gamma": 0.05243038969250157}, "datetime": {"datetime": "2021-09-28 18:03:33", "elapsed": 46.249815, "delta": 0.789925}}
{"target": -34.89302804782539, "params": {"C": 6269.254856163533, "gamma": 0.04549670449592247}, "datetime": {"datetime": "2021-09-28 18:03:33", "elapsed": 46.77804, "delta": 0.528225}}
{"target": -34.820478762048246, "params": {"C": 6496.594769874758, "gamma": 0.026790544635991828}, "datetime": {"datetime": "2021-09-28 18:03:34", "elapsed": 47.378435, "delta": 0.600395}}
{"target": -34.752937961330254, "params": {"C": 6854.935460795674, "gamma": 0.03375610271080123}, "datetime": {"datetime": "2021-09-28 18:03:34", "elapsed": 48.077153, "delta": 0.698718}}
{"target": -35.25228990923757, "params": {"C": 6856.310954636147, "gamma": 0.0662603965469497}, "datetime": {"datetime": "2021-09-28 18:03:36", "elapsed": 49.259469, "delta": 1.182316}}
{"target": -34.87457971083163, "params": {"C": 6825.324418978684, "gamma": 0.02104421188173285}, "datetime": {"datetime": "2021-09-28 18:03:36", "elapsed": 49.892997, "delta": 0.633528}}
{"target": -35.193389466783415, "params": {"C": 6636.333313229384, "gamma": 0.06295096582165882}, "datetime": {"datetime": "2021-09-28 18:03:37", "elapsed": 50.53864, "delta": 0.645643}}
{"target": -36.06091464795241, "params": {"C": 6649.4992835485755, "gamma": 0.005067478225356924}, "datetime": {"datetime": "2021-09-28 18:03:38", "elapsed": 51.211373, "delta": 0.672733}}
{"target": -35.558202574293134, "params": {"C": 6843.198972045739, "gamma": 0.08}, "datetime": {"datetime": "2021-09-28 18:03:38", "elapsed": 51.945266, "delta": 0.733893}}
{"target": -34.92564773826006, "params": {"C": 6134.6494599620555, "gamma": 0.020825822387807245}, "datetime": {"datetime": "2021-09-28 18:03:39", "elapsed": 53.018766, "delta": 1.0735}}
{"target": -34.75296244620235, "params": {"C": 6853.826498226541, "gamma": 0.03374686159624165}, "datetime": {"datetime": "2021-09-28 18:03:40", "elapsed": 53.735469, "delta": 0.716703}}
{"target": -35.79756680715418, "params": {"C": 6939.143785951436, "gamma": 0.008016647356701639}, "datetime": {"datetime": "2021-09-28 18:03:41", "elapsed": 54.512854, "delta": 0.777385}}
{"target": -34.80301315792609, "params": {"C": 6201.2171086164835, "gamma": 0.037010099991648844}, "datetime": {"datetime": "2021-09-28 18:03:41", "elapsed": 55.128033, "delta": 0.615179}}
{"target": -35.00609002233669, "params": {"C": 6145.78599789186, "gamma": 0.05167325912237209}, "datetime": {"datetime": "2021-09-28 18:03:42", "elapsed": 55.839819, "delta": 0.711786}}
{"target": -36.20360479860966, "params": {"C": 6148.3785613157415, "gamma": 0.0035154745128753756}, "datetime": {"datetime": "2021-09-28 18:03:43", "elapsed": 56.643812, "delta": 0.803993}}
{"target": -35.05466463302961, "params": {"C": 6144.028546686358, "gamma": 0.054402753501501096}, "datetime": {"datetime": "2021-09-28 18:03:44", "elapsed": 57.484179, "delta": 0.840367}}
{"target": -34.86099813987064, "params": {"C": 6684.494109501173, "gamma": 0.04450313355211893}, "datetime": {"datetime": "2021-09-28 18:03:45", "elapsed": 58.335126, "delta": 0.850947}}
{"target": -35.54019735444315, "params": {"C": 6686.5617807709905, "gamma": 0.07897945021420853}, "datetime": {"datetime": "2021-09-28 18:03:45", "elapsed": 59.048105, "delta": 0.712979}}
{"target": -35.562334566519596, "params": {"C": 6682.677926328048, "gamma": 0.07983382149903658}, "datetime": {"datetime": "2021-09-28 18:03:46", "elapsed": 59.733604, "delta": 0.685499}}
{"target": -35.2536071365435, "params": {"C": 6116.180851552613, "gamma": 0.06516808214962065}, "datetime": {"datetime": "2021-09-28 18:03:47", "elapsed": 60.348635, "delta": 0.615031}}
{"target": -35.277625079090235, "params": {"C": 6113.762539076802, "gamma": 0.06636638174488761}, "datetime": {"datetime": "2021-09-28 18:03:47", "elapsed": 60.993377, "delta": 0.644742}}
{"target": -35.11074009926792, "params": {"C": 6027.86237713415, "gamma": 0.01690429570139361}, "datetime": {"datetime": "2021-09-28 18:03:48", "elapsed": 61.668663, "delta": 0.675286}}
{"target": -35.188224513892166, "params": {"C": 6126.794322586147, "gamma": 0.06187012268353237}, "datetime": {"datetime": "2021-09-28 18:03:49", "elapsed": 62.405954, "delta": 0.737291}}
{"target": -35.334281476247234, "params": {"C": 6137.377777744521, "gamma": 0.013804748768787786}, "datetime": {"datetime": "2021-09-28 18:03:49", "elapsed": 63.079884, "delta": 0.67393}}
{"target": -35.47601742855156, "params": {"C": 6139.732965372667, "gamma": 0.0751938493291095}, "datetime": {"datetime": "2021-09-28 18:03:50", "elapsed": 63.683835, "delta": 0.603951}}
{"target": -34.8012116163114, "params": {"C": 6503.773499607636, "gamma": 0.03965641224587882}, "datetime": {"datetime": "2021-09-28 18:03:51", "elapsed": 64.394703, "delta": 0.710868}}
{"target": -35.42680645785933, "params": {"C": 6200.000677508622, "gamma": 0.07342264126398541}, "datetime": {"datetime": "2021-09-28 18:03:51", "elapsed": 65.152871, "delta": 0.758168}}
{"target": -34.82808274304698, "params": {"C": 6202.154667081273, "gamma": 0.028129177971641}, "datetime": {"datetime": "2021-09-28 18:03:52", "elapsed": 65.774948, "delta": 0.622077}}
{"target": -35.3676710161875, "params": {"C": 6404.10308249771, "gamma": 0.0716444549715436}, "datetime": {"datetime": "2021-09-28 18:03:53", "elapsed": 67.153012, "delta": 1.378064}}
{"target": -34.84297307789541, "params": {"C": 6025.667638487751, "gamma": 0.02757373125128114}, "datetime": {"datetime": "2021-09-28 18:03:54", "elapsed": 67.870154, "delta": 0.717142}}
{"target": -36.25142415076825, "params": {"C": 6186.219625618531, "gamma": 0.003}, "datetime": {"datetime": "2021-09-28 18:03:55", "elapsed": 68.802315, "delta": 0.932161}}
{"target": -34.79676012502639, "params": {"C": 6188.303406928066, "gamma": 0.03519188854241329}, "datetime": {"datetime": "2021-09-28 18:03:56", "elapsed": 69.706093, "delta": 0.903778}}
{"target": -36.244935667349466, "params": {"C": 6847.72786149922, "gamma": 0.0030413359988956013}, "datetime": {"datetime": "2021-09-28 18:03:57", "elapsed": 70.470979, "delta": 0.764886}}
{"target": -35.801042693515825, "params": {"C": 6854.836876647026, "gamma": 0.007991928169798861}, "datetime": {"datetime": "2021-09-28 18:03:57", "elapsed": 71.014777, "delta": 0.543798}}
{"target": -34.85338751748122, "params": {"C": 6109.335987616963, "gamma": 0.04260283436483836}, "datetime": {"datetime": "2021-09-28 18:03:58", "elapsed": 71.575884, "delta": 0.561107}}
{"target": -35.015565931270075, "params": {"C": 6569.724130473617, "gamma": 0.05307329267875746}, "datetime": {"datetime": "2021-09-28 18:03:58", "elapsed": 72.127455, "delta": 0.551571}}
{"target": -34.97975943651345, "params": {"C": 6970.106276783389, "gamma": 0.05164817846005469}, "datetime": {"datetime": "2021-09-28 18:03:59", "elapsed": 72.719668, "delta": 0.592213}}
{"target": -34.833695624902674, "params": {"C": 6679.842168771873, "gamma": 0.024327702429193594}, "datetime": {"datetime": "2021-09-28 18:04:00", "elapsed": 73.283034, "delta": 0.563366}}
{"target": -35.76597212204864, "params": {"C": 6143.583650448635, "gamma": 0.008475672225698352}, "datetime": {"datetime": "2021-09-28 18:04:00", "elapsed": 73.849827, "delta": 0.566793}}
{"target": -35.53210967390027, "params": {"C": 6788.617104965388, "gamma": 0.07887775931896616}, "datetime": {"datetime": "2021-09-28 18:04:01", "elapsed": 74.555786, "delta": 0.705959}}
{"target": -34.81823737559755, "params": {"C": 6874.2114488609295, "gamma": 0.041767332983525}, "datetime": {"datetime": "2021-09-28 18:04:02", "elapsed": 75.184771, "delta": 0.628985}}
{"target": -34.8312608078407, "params": {"C": 6442.876793082485, "gamma": 0.02590250536835885}, "datetime": {"datetime": "2021-09-28 18:04:02", "elapsed": 75.73373, "delta": 0.548959}}
{"target": -35.44875514081788, "params": {"C": 6287.593141510025, "gamma": 0.07450129500896517}, "datetime": {"datetime": "2021-09-28 18:04:03", "elapsed": 76.299906, "delta": 0.566176}}
{"target": -34.996373474197625, "params": {"C": 6079.273588045883, "gamma": 0.05097685859130593}, "datetime": {"datetime": "2021-09-28 18:04:03", "elapsed": 76.953852, "delta": 0.653946}}
{"target": -35.96330076109668, "params": {"C": 6982.504379373582, "gamma": 0.006248388189066624}, "datetime": {"datetime": "2021-09-28 18:04:04", "elapsed": 77.506817, "delta": 0.552965}}
{"target": -35.278287379209566, "params": {"C": 6970.42657252606, "gamma": 0.06772717429470741}, "datetime": {"datetime": "2021-09-28 18:04:04", "elapsed": 78.087278, "delta": 0.580461}}
{"target": -35.07480852187867, "params": {"C": 6217.457525665669, "gamma": 0.05568177102059613}, "datetime": {"datetime": "2021-09-28 18:04:05", "elapsed": 78.819313, "delta": 0.732035}}
{"target": -34.82381461021332, "params": {"C": 6343.562717246962, "gamma": 0.0274974475770112}, "datetime": {"datetime": "2021-09-28 18:04:06", "elapsed": 79.504003, "delta": 0.68469}}
{"target": -35.51641442593046, "params": {"C": 6254.658030313285, "gamma": 0.07706873858595027}, "datetime": {"datetime": "2021-09-28 18:04:06", "elapsed": 80.159987, "delta": 0.655984}}
{"target": -34.973054830217514, "params": {"C": 6389.287916424557, "gamma": 0.018414450015481525}, "datetime": {"datetime": "2021-09-28 18:04:07", "elapsed": 80.908171, "delta": 0.748184}}
{"target": -35.078087928212184, "params": {"C": 6975.8739799414325, "gamma": 0.05678989097115436}, "datetime": {"datetime": "2021-09-28 18:04:08", "elapsed": 81.639788, "delta": 0.731617}}
{"target": -34.85904582722745, "params": {"C": 6205.395476400507, "gamma": 0.043267472279280156}, "datetime": {"datetime": "2021-09-28 18:04:09", "elapsed": 82.326262, "delta": 0.686474}}
{"target": -34.81777145305821, "params": {"C": 6989.7996177370915, "gamma": 0.02429613185199803}, "datetime": {"datetime": "2021-09-28 18:04:09", "elapsed": 83.04256, "delta": 0.716298}}
{"target": -35.029735477511146, "params": {"C": 6759.806750837119, "gamma": 0.05416862689284891}, "datetime": {"datetime": "2021-09-28 18:04:10", "elapsed": 83.687812, "delta": 0.645252}}
{"target": -35.23351508117578, "params": {"C": 6653.954301811846, "gamma": 0.06519789442610592}, "datetime": {"datetime": "2021-09-28 18:04:11", "elapsed": 84.464685, "delta": 0.776873}}
{"target": -35.40532780374136, "params": {"C": 6525.195107367899, "gamma": 0.07339400526726884}, "datetime": {"datetime": "2021-09-28 18:04:11", "elapsed": 85.071116, "delta": 0.606431}}
{"target": -34.79909028545917, "params": {"C": 6901.6134196678695, "gamma": 0.04033239735665152}, "datetime": {"datetime": "2021-09-28 18:04:12", "elapsed": 85.966157, "delta": 0.895041}}
{"target": -35.569680600790804, "params": {"C": 6268.744012824699, "gamma": 0.010832528253336894}, "datetime": {"datetime": "2021-09-28 18:04:13", "elapsed": 86.779572, "delta": 0.813415}}
{"target": -35.287832010525065, "params": {"C": 6939.749790169783, "gamma": 0.0682758171060925}, "datetime": {"datetime": "2021-09-28 18:04:14", "elapsed": 87.436071, "delta": 0.656499}}
{"target": -34.857851757390854, "params": {"C": 6817.63052127618, "gamma": 0.02212720429212684}, "datetime": {"datetime": "2021-09-28 18:04:14", "elapsed": 88.097922, "delta": 0.661851}}
{"target": -34.79359138311462, "params": {"C": 6281.972809632306, "gamma": 0.03392836819172721}, "datetime": {"datetime": "2021-09-28 18:04:15", "elapsed": 88.751796, "delta": 0.653874}}
{"target": -34.83813234739138, "params": {"C": 6141.289052807281, "gamma": 0.027205459623241914}, "datetime": {"datetime": "2021-09-28 18:04:16", "elapsed": 89.438613, "delta": 0.686817}}
{"target": -34.767667971261936, "params": {"C": 6792.450320866452, "gamma": 0.0315715874372467}, "datetime": {"datetime": "2021-09-28 18:04:17", "elapsed": 90.170929, "delta": 0.732316}}
{"target": -34.956884512283196, "params": {"C": 6312.699076745478, "gamma": 0.019029605552274134}, "datetime": {"datetime": "2021-09-28 18:04:18", "elapsed": 91.587727, "delta": 1.416798}}
{"target": -35.003801049115005, "params": {"C": 6856.0922512234265, "gamma": 0.05284975579244941}, "datetime": {"datetime": "2021-09-28 18:04:19", "elapsed": 92.360841, "delta": 0.773114}}
{"target": -34.83399878233197, "params": {"C": 6059.236385646715, "gamma": 0.02867735002327222}, "datetime": {"datetime": "2021-09-28 18:04:19", "elapsed": 93.1027, "delta": 0.741859}}
{"target": -34.813211496331235, "params": {"C": 6674.109029535159, "gamma": 0.02645105651374991}, "datetime": {"datetime": "2021-09-28 18:04:20", "elapsed": 93.876846, "delta": 0.774146}}
{"target": -34.90441656098493, "params": {"C": 6942.166902655515, "gamma": 0.04757004254317534}, "datetime": {"datetime": "2021-09-28 18:04:21", "elapsed": 94.585633, "delta": 0.708787}}
{"target": -34.80372830094191, "params": {"C": 6096.940878812937, "gamma": 0.03521003379161038}, "datetime": {"datetime": "2021-09-28 18:04:22", "elapsed": 95.225648, "delta": 0.640015}}
