{"target": -57.9220999545361, "params": {"C": 5823.356333731436, "gamma": 0.4}, "datetime": {"datetime": "2021-10-04 11:36:02", "elapsed": 152.454115, "delta": 0.856889}}
{"target": -57.462949559103926, "params": {"C": 5857.197389506143, "gamma": 0.365802574648719}, "datetime": {"datetime": "2021-10-04 11:36:04", "elapsed": 153.792538, "delta": 1.338423}}
{"target": -55.31981642761613, "params": {"C": 5783.571623447052, "gamma": 0.023224260659148177}, "datetime": {"datetime": "2021-10-04 11:36:05", "elapsed": 154.739214, "delta": 0.946676}}
{"target": -73.91192669169905, "params": {"C": 77.20254429823696, "gamma": 0.3293241873243608}, "datetime": {"datetime": "2021-10-04 11:36:06", "elapsed": 155.845312, "delta": 1.106098}}
{"target": -61.92952306732337, "params": {"C": 790.0140528001165, "gamma": 0.139056260797873}, "datetime": {"datetime": "2021-10-04 11:36:07", "elapsed": 157.067094, "delta": 1.221782}}
{"target": -65.96397629936982, "params": {"C": 886.4582511280128, "gamma": 0.3162624479948738}, "datetime": {"datetime": "2021-10-04 11:36:08", "elapsed": 158.455519, "delta": 1.388425}}
{"target": -54.018379488031705, "params": {"C": 9604.041981637494, "gamma": 0.23170281083590988}, "datetime": {"datetime": "2021-10-04 11:36:10", "elapsed": 159.492087, "delta": 1.036568}}
{"target": -54.3547231795985, "params": {"C": 5538.384757599988, "gamma": 0.1418904259513113}, "datetime": {"datetime": "2021-10-04 11:36:11", "elapsed": 160.725745, "delta": 1.233658}}
{"target": -69.26296683095586, "params": {"C": 218.85270222794367, "gamma": 0.1710180720363389}, "datetime": {"datetime": "2021-10-04 11:36:12", "elapsed": 161.996473, "delta": 1.270728}}
{"target": -57.48870596924183, "params": {"C": 5224.64622188503, "gamma": 0.3318010233121788}, "datetime": {"datetime": "2021-10-04 11:36:13", "elapsed": 163.000338, "delta": 1.003865}}
{"target": -59.976620053470825, "params": {"C": 1840.747377361763, "gamma": 0.22516896909005837}, "datetime": {"datetime": "2021-10-04 11:36:14", "elapsed": 164.02447, "delta": 1.024132}}
{"target": -69.08685243030583, "params": {"C": 339.565172593555, "gamma": 0.24910207564529527}, "datetime": {"datetime": "2021-10-04 11:36:15", "elapsed": 164.989651, "delta": 0.965181}}
{"target": -57.89710864653306, "params": {"C": 1719.0271113078416, "gamma": 0.033686808914625554}, "datetime": {"datetime": "2021-10-04 11:36:16", "elapsed": 166.11358, "delta": 1.123929}}
{"target": -55.869501675854934, "params": {"C": 9687.821311078478, "gamma": 0.4}, "datetime": {"datetime": "2021-10-04 11:36:18", "elapsed": 167.495936, "delta": 1.382356}}
{"target": -57.34481877291686, "params": {"C": 5267.48019725558, "gamma": 0.32296603401947066}, "datetime": {"datetime": "2021-10-04 11:36:18", "elapsed": 168.416685, "delta": 0.920749}}
{"target": -64.09799964978944, "params": {"C": 456.6909302418897, "gamma": 0.11001496874224857}, "datetime": {"datetime": "2021-10-04 11:36:20", "elapsed": 169.560641, "delta": 1.143956}}
{"target": -54.0616623927691, "params": {"C": 8815.00935674029, "gamma": 0.2142226304655669}, "datetime": {"datetime": "2021-10-04 11:36:21", "elapsed": 170.55602, "delta": 0.995379}}
{"target": -53.793874945081406, "params": {"C": 7799.314654250759, "gamma": 0.03355463626552396}, "datetime": {"datetime": "2021-10-04 11:36:22", "elapsed": 171.699444, "delta": 1.143424}}
{"target": -54.74622026918245, "params": {"C": 9651.31632957729, "gamma": 0.3001987331587497}, "datetime": {"datetime": "2021-10-04 11:36:23", "elapsed": 172.741653, "delta": 1.042209}}
{"target": -54.301812124038285, "params": {"C": 5018.777014042053, "gamma": 0.04479330858437021}, "datetime": {"datetime": "2021-10-04 11:36:24", "elapsed": 173.775507, "delta": 1.033854}}
{"target": -54.231888684803124, "params": {"C": 5892.594289593344, "gamma": 0.1448580978478311}, "datetime": {"datetime": "2021-10-04 11:36:25", "elapsed": 174.844407, "delta": 1.0689}}
{"target": -53.389100286825794, "params": {"C": 8071.8243345221645, "gamma": 0.04157136062142763}, "datetime": {"datetime": "2021-10-04 11:36:26", "elapsed": 175.984309, "delta": 1.139902}}
{"target": -56.109254142919475, "params": {"C": 4825.680216721496, "gamma": 0.2226108698779141}, "datetime": {"datetime": "2021-10-04 11:36:27", "elapsed": 177.213246, "delta": 1.228937}}
{"target": -54.597973314275315, "params": {"C": 6941.325545720147, "gamma": 0.2048622688693435}, "datetime": {"datetime": "2021-10-04 11:36:28", "elapsed": 178.351538, "delta": 1.138292}}
{"target": -50.930636288863944, "params": {"C": 279890.972261542, "gamma": 0.2844265377567695}, "datetime": {"datetime": "2021-10-04 11:36:31", "elapsed": 0.0, "delta": 0.0}}
{"target": -51.271322035477, "params": {"C": 152543.32206734273, "gamma": 0.20628773165827458}, "datetime": {"datetime": "2021-10-04 11:36:31", "elapsed": 0.150994, "delta": 0.150994}}
{"target": -50.56005167340929, "params": {"C": 447544.0076303508, "gamma": 0.3589320632176415}, "datetime": {"datetime": "2021-10-04 11:36:32", "elapsed": 0.324014, "delta": 0.17302}}
{"target": -50.85507487773525, "params": {"C": 71536.80212727976, "gamma": 0.08606817974272196}, "datetime": {"datetime": "2021-10-04 11:36:32", "elapsed": 0.535965, "delta": 0.211951}}
{"target": -51.11317350686446, "params": {"C": 35218.92961740664, "gamma": 0.17856069808565206}, "datetime": {"datetime": "2021-10-04 11:36:32", "elapsed": 0.712962, "delta": 0.176997}}
{"target": -51.7596616385051, "params": {"C": 447537.53639679676, "gamma": 0.05008094905016361}, "datetime": {"datetime": "2021-10-04 11:36:32", "elapsed": 0.967557, "delta": 0.254595}}
{"target": -50.677074993961114, "params": {"C": 109811.38768657956, "gamma": 0.23122999054066432}, "datetime": {"datetime": "2021-10-04 11:36:32", "elapsed": 1.185268, "delta": 0.217711}}
{"target": -51.24282710595401, "params": {"C": 241007.10450358503, "gamma": 0.05841846589711443}, "datetime": {"datetime": "2021-10-04 11:36:33", "elapsed": 1.425522, "delta": 0.240254}}
{"target": -50.464499998986675, "params": {"C": 246223.38890837997, "gamma": 0.30790495184989936}, "datetime": {"datetime": "2021-10-04 11:36:33", "elapsed": 1.652522, "delta": 0.227}}
{"target": -49.517788496033475, "params": {"C": 146721.53978297862, "gamma": 0.3693098786280417}, "datetime": {"datetime": "2021-10-04 11:36:33", "elapsed": 1.901523, "delta": 0.249001}}
{"target": -50.63716410137331, "params": {"C": 215732.21319410595, "gamma": 0.031462271254214524}, "datetime": {"datetime": "2021-10-04 11:36:33", "elapsed": 2.154936, "delta": 0.253413}}
{"target": -52.01271365851284, "params": {"C": 368269.5475718499, "gamma": 0.06507989425259461}, "datetime": {"datetime": "2021-10-04 11:36:34", "elapsed": 2.38982, "delta": 0.234884}}
{"target": -50.37365960622676, "params": {"C": 471309.0175211696, "gamma": 0.3766598254196597}, "datetime": {"datetime": "2021-10-04 11:36:34", "elapsed": 2.710392, "delta": 0.320572}}
{"target": -50.010185391318345, "params": {"C": 112026.56660309779, "gamma": 0.29682025273754026}, "datetime": {"datetime": "2021-10-04 11:36:34", "elapsed": 2.942393, "delta": 0.232001}}
{"target": -49.68989342626726, "params": {"C": 98995.71634375822, "gamma": 0.3938582735542864}, "datetime": {"datetime": "2021-10-04 11:36:34", "elapsed": 3.190916, "delta": 0.248523}}
{"target": -51.10102204803817, "params": {"C": 41774.39303049738, "gamma": 0.35359661370552065}, "datetime": {"datetime": "2021-10-04 11:36:35", "elapsed": 3.410202, "delta": 0.219286}}
{"target": -50.934761628278046, "params": {"C": 435502.19162556203, "gamma": 0.03421727173209631}, "datetime": {"datetime": "2021-10-04 11:36:35", "elapsed": 3.652721, "delta": 0.242519}}
{"target": -51.21761227786255, "params": {"C": 326674.4131825058, "gamma": 0.2792556200797681}, "datetime": {"datetime": "2021-10-04 11:36:35", "elapsed": 3.921462, "delta": 0.268741}}
{"target": -52.09009782484194, "params": {"C": 371815.76141367364, "gamma": 0.24391082455856936}, "datetime": {"datetime": "2021-10-04 11:36:35", "elapsed": 4.197107, "delta": 0.275645}}
{"target": -50.42788849847666, "params": {"C": 403351.98272885935, "gamma": 0.36126896049148544}, "datetime": {"datetime": "2021-10-04 11:36:36", "elapsed": 4.501556, "delta": 0.304449}}
{"target": -50.90507190063597, "params": {"C": 211571.39321137554, "gamma": 0.2599403455116245}, "datetime": {"datetime": "2021-10-04 11:36:36", "elapsed": 4.776557, "delta": 0.275001}}
{"target": -52.3515327524407, "params": {"C": 452004.23389889806, "gamma": 0.25103687013605913}, "datetime": {"datetime": "2021-10-04 11:36:36", "elapsed": 5.033555, "delta": 0.256998}}
{"target": -49.825758368407335, "params": {"C": 169481.26284875654, "gamma": 0.33067503365976875}, "datetime": {"datetime": "2021-10-04 11:36:37", "elapsed": 5.325836, "delta": 0.292281}}
{"target": -50.645680853779766, "params": {"C": 63322.29740992636, "gamma": 0.06191169995469052}, "datetime": {"datetime": "2021-10-04 11:36:37", "elapsed": 5.624311, "delta": 0.298475}}
{"target": -51.26808853836834, "params": {"C": 112024.57888991157, "gamma": 0.14605359061278594}, "datetime": {"datetime": "2021-10-04 11:36:37", "elapsed": 5.90331, "delta": 0.278999}}
{"target": -51.463704169395726, "params": {"C": 132534.21827957276, "gamma": 0.15080189102115626}, "datetime": {"datetime": "2021-10-04 11:36:38", "elapsed": 6.254316, "delta": 0.351006}}
{"target": -50.7020055540016, "params": {"C": 311067.66715346224, "gamma": 0.024714444805732233}, "datetime": {"datetime": "2021-10-04 11:36:38", "elapsed": 6.551316, "delta": 0.297}}
{"target": -51.513276020841616, "params": {"C": 173560.25648820063, "gamma": 0.09147391810044732}, "datetime": {"datetime": "2021-10-04 11:36:38", "elapsed": 6.88888, "delta": 0.337564}}
{"target": -52.60939884681567, "params": {"C": 448480.8878652805, "gamma": 0.06810873103894918}, "datetime": {"datetime": "2021-10-04 11:36:39", "elapsed": 7.246362, "delta": 0.357482}}
{"target": -53.582555172884575, "params": {"C": 17787.2835528013, "gamma": 0.3961391405941629}, "datetime": {"datetime": "2021-10-04 11:36:39", "elapsed": 7.555564, "delta": 0.309202}}
{"target": -51.35559246627974, "params": {"C": 27201.03509172726, "gamma": 0.1272086681962039}, "datetime": {"datetime": "2021-10-04 11:36:39", "elapsed": 7.867277, "delta": 0.311713}}
{"target": -52.94010320882303, "params": {"C": 124629.11880797816, "gamma": 0.007504355454874824}, "datetime": {"datetime": "2021-10-04 11:36:39", "elapsed": 8.170812, "delta": 0.303535}}
{"target": -50.86109189066771, "params": {"C": 451905.5031157044, "gamma": 0.33701729301055905}, "datetime": {"datetime": "2021-10-04 11:36:40", "elapsed": 8.447021, "delta": 0.276209}}
{"target": -50.511019280051805, "params": {"C": 461517.235334568, "gamma": 0.3648321743975}, "datetime": {"datetime": "2021-10-04 11:36:40", "elapsed": 8.853046, "delta": 0.406025}}
{"target": -51.134929893938484, "params": {"C": 109811.14316833597, "gamma": 0.09431366088229771}, "datetime": {"datetime": "2021-10-04 11:36:40", "elapsed": 9.183916, "delta": 0.33087}}
{"target": -50.65387313133086, "params": {"C": 471309.8207111186, "gamma": 0.35559068699291335}, "datetime": {"datetime": "2021-10-04 11:36:41", "elapsed": 9.507562, "delta": 0.323646}}
{"target": -51.16474154381742, "params": {"C": 112027.78566372549, "gamma": 0.17566834952761093}, "datetime": {"datetime": "2021-10-04 11:36:41", "elapsed": 9.889243, "delta": 0.381681}}
{"target": -51.592171438941584, "params": {"C": 169483.81388026563, "gamma": 0.19191995241330048}, "datetime": {"datetime": "2021-10-04 11:36:42", "elapsed": 10.229212, "delta": 0.339969}}
{"target": -50.114197840704236, "params": {"C": 403350.4789532152, "gamma": 0.39140970962772026}, "datetime": {"datetime": "2021-10-04 11:36:42", "elapsed": 10.544487, "delta": 0.315275}}
{"target": -51.70185201348857, "params": {"C": 471312.16763875727, "gamma": 0.046580124181870644}, "datetime": {"datetime": "2021-10-04 11:36:42", "elapsed": 10.922487, "delta": 0.378}}
{"target": -51.249143156159356, "params": {"C": 146722.04487730312, "gamma": 0.019905406689085}, "datetime": {"datetime": "2021-10-04 11:36:43", "elapsed": 11.251486, "delta": 0.328999}}
{"target": -50.090743641456534, "params": {"C": 348838.4134442451, "gamma": 0.3803918140415679}, "datetime": {"datetime": "2021-10-04 11:36:43", "elapsed": 11.593841, "delta": 0.342355}}
{"target": -50.87795039944988, "params": {"C": 215733.62994865223, "gamma": 0.04775013415904117}, "datetime": {"datetime": "2021-10-04 11:36:43", "elapsed": 11.949389, "delta": 0.355548}}
{"target": -50.739539055249764, "params": {"C": 343495.1960984939, "gamma": 0.3214584074752399}, "datetime": {"datetime": "2021-10-04 11:36:44", "elapsed": 12.41275, "delta": 0.463361}}
{"target": -51.42806380131736, "params": {"C": 223273.57450405936, "gamma": 0.23012729167514995}, "datetime": {"datetime": "2021-10-04 11:36:44", "elapsed": 12.740176, "delta": 0.327426}}
{"target": -50.80119702266678, "params": {"C": 154922.02618177384, "gamma": 0.24467607939603045}, "datetime": {"datetime": "2021-10-04 11:36:44", "elapsed": 13.070178, "delta": 0.330002}}
{"target": -50.91689067971137, "params": {"C": 343235.12844999373, "gamma": 0.3067662682784405}, "datetime": {"datetime": "2021-10-04 11:36:45", "elapsed": 13.376175, "delta": 0.305997}}
{"target": -50.547656895719605, "params": {"C": 71537.60142081798, "gamma": 0.24002486320146038}, "datetime": {"datetime": "2021-10-04 11:36:45", "elapsed": 13.696174, "delta": 0.319999}}
{"target": -53.807049071227986, "params": {"C": 389760.53741685936, "gamma": 0.15949563476784115}, "datetime": {"datetime": "2021-10-04 11:36:45", "elapsed": 14.019759, "delta": 0.323585}}
{"target": -50.676356751770115, "params": {"C": 331169.5098262534, "gamma": 0.3229203865283055}, "datetime": {"datetime": "2021-10-04 11:36:46", "elapsed": 14.328398, "delta": 0.308639}}
{"target": -51.02833055630536, "params": {"C": 191005.99107332184, "gamma": 0.24374253113771047}, "datetime": {"datetime": "2021-10-04 11:36:46", "elapsed": 14.661861, "delta": 0.333463}}
{"target": -52.58702145189891, "params": {"C": 230640.4225190809, "gamma": 0.14266582788058843}, "datetime": {"datetime": "2021-10-04 11:36:46", "elapsed": 14.97397, "delta": 0.312109}}
{"target": -51.00816343919663, "params": {"C": 191010.9316431708, "gamma": 0.2449989222309879}, "datetime": {"datetime": "2021-10-04 11:36:47", "elapsed": 15.299845, "delta": 0.325875}}
{"target": -52.89686953070961, "params": {"C": 260296.1528079062, "gamma": 0.1484328296913855}, "datetime": {"datetime": "2021-10-04 11:36:47", "elapsed": 15.629316, "delta": 0.329471}}
{"target": -51.941943295086894, "params": {"C": 455518.3742813575, "gamma": 0.2709218486380697}, "datetime": {"datetime": "2021-10-04 11:36:47", "elapsed": 15.967178, "delta": 0.337862}}
{"target": -53.08679570891391, "params": {"C": 295506.22474105324, "gamma": 0.1207135739512848}, "datetime": {"datetime": "2021-10-04 11:36:48", "elapsed": 16.306956, "delta": 0.339778}}
{"target": -50.92029062809947, "params": {"C": 400023.5170216475, "gamma": 0.035360825966533255}, "datetime": {"datetime": "2021-10-04 11:36:48", "elapsed": 16.628837, "delta": 0.321881}}
{"target": -51.28584078181147, "params": {"C": 475944.898027569, "gamma": 0.31319464703545036}, "datetime": {"datetime": "2021-10-04 11:36:48", "elapsed": 16.966842, "delta": 0.338005}}
{"target": -50.87474548396799, "params": {"C": 279889.6140822428, "gamma": 0.04119312405245808}, "datetime": {"datetime": "2021-10-04 11:36:49", "elapsed": 17.296034, "delta": 0.329192}}
{"target": -49.68866649517586, "params": {"C": 111702.96861872937, "gamma": 0.34334066682224595}, "datetime": {"datetime": "2021-10-04 11:36:49", "elapsed": 17.650032, "delta": 0.353998}}
{"target": -50.84927893352803, "params": {"C": 71355.43857865184, "gamma": 0.08560050087149641}, "datetime": {"datetime": "2021-10-04 11:36:49", "elapsed": 18.002036, "delta": 0.352004}}
{"target": -50.34475311232336, "params": {"C": 63323.978043025745, "gamma": 0.3677930783278892}, "datetime": {"datetime": "2021-10-04 11:36:50", "elapsed": 18.37719, "delta": 0.375154}}
{"target": -51.29456082826691, "params": {"C": 461520.61854193197, "gamma": 0.3096762835968418}, "datetime": {"datetime": "2021-10-04 11:36:50", "elapsed": 18.777562, "delta": 0.400372}}
{"target": -51.192379390877065, "params": {"C": 98992.86255986585, "gamma": 0.12621972905580853}, "datetime": {"datetime": "2021-10-04 11:36:50", "elapsed": 19.199561, "delta": 0.421999}}
{"target": -50.94632665004192, "params": {"C": 63321.53972933363, "gamma": 0.039791914240698514}, "datetime": {"datetime": "2021-10-04 11:36:51", "elapsed": 19.577768, "delta": 0.378207}}
{"target": -52.09764450613225, "params": {"C": 215731.21500913097, "gamma": 0.11213041263973056}, "datetime": {"datetime": "2021-10-04 11:36:51", "elapsed": 19.970007, "delta": 0.392239}}
{"target": -50.88842459585364, "params": {"C": 211570.10935268327, "gamma": 0.2610863680991894}, "datetime": {"datetime": "2021-10-04 11:36:52", "elapsed": 20.321404, "delta": 0.351397}}
{"target": -53.656343697018485, "params": {"C": 400025.3530948406, "gamma": 0.17210787603733055}, "datetime": {"datetime": "2021-10-04 11:36:52", "elapsed": 20.968191, "delta": 0.646787}}
{"target": -49.66996254177865, "params": {"C": 138572.94771245672, "gamma": 0.3440456682284603}, "datetime": {"datetime": "2021-10-04 11:36:53", "elapsed": 21.39719, "delta": 0.428999}}
{"target": -50.023447994151624, "params": {"C": 297870.6558493104, "gamma": 0.37089692876196206}, "datetime": {"datetime": "2021-10-04 11:36:53", "elapsed": 21.839728, "delta": 0.442538}}
{"target": -50.83193503451259, "params": {"C": 43956.52776205984, "gamma": 0.2673987417013283}, "datetime": {"datetime": "2021-10-04 11:36:53", "elapsed": 22.212512, "delta": 0.372784}}
{"target": -49.81252276447256, "params": {"C": 246224.1766089786, "gamma": 0.37481178817334976}, "datetime": {"datetime": "2021-10-04 11:36:54", "elapsed": 22.630944, "delta": 0.418432}}
{"target": -50.11445030544277, "params": {"C": 443595.3836000607, "gamma": 0.399223973806977}, "datetime": {"datetime": "2021-10-04 11:36:54", "elapsed": 23.007895, "delta": 0.376951}}
{"target": -50.93069262332454, "params": {"C": 146261.3170188647, "gamma": 0.06333103756633507}, "datetime": {"datetime": "2021-10-04 11:36:55", "elapsed": 23.41135, "delta": 0.403455}}
{"target": -51.336905877194475, "params": {"C": 243231.07933777373, "gamma": 0.24402329631952438}, "datetime": {"datetime": "2021-10-04 11:36:55", "elapsed": 23.864559, "delta": 0.453209}}
{"target": -51.75711505387102, "params": {"C": 191009.4861161427, "gamma": 0.09882401123227408}, "datetime": {"datetime": "2021-10-04 11:36:56", "elapsed": 24.2991, "delta": 0.434541}}
{"target": -51.50006547260917, "params": {"C": 146718.06653306005, "gamma": 0.17929873328095805}, "datetime": {"datetime": "2021-10-04 11:36:56", "elapsed": 24.72278, "delta": 0.42368}}
{"target": -53.29020155817854, "params": {"C": 458661.3784155806, "gamma": 0.20641654866097092}, "datetime": {"datetime": "2021-10-04 11:36:56", "elapsed": 25.136998, "delta": 0.414218}}
{"target": -50.082149659052575, "params": {"C": 343240.25447226025, "gamma": 0.37973754411022176}, "datetime": {"datetime": "2021-10-04 11:36:57", "elapsed": 25.771825, "delta": 0.634827}}
{"target": -51.42823845730501, "params": {"C": 146262.550201196, "gamma": 0.10158407758005744}, "datetime": {"datetime": "2021-10-04 11:36:57", "elapsed": 26.209742, "delta": 0.437917}}
{"target": -49.95885055409339, "params": {"C": 215732.55744827015, "gamma": 0.34185826330482866}, "datetime": {"datetime": "2021-10-04 11:36:58", "elapsed": 26.640742, "delta": 0.431}}
{"target": -53.296423776393645, "params": {"C": 343496.39829502156, "gamma": 0.17184375970874957}, "datetime": {"datetime": "2021-10-04 11:36:58", "elapsed": 27.062236, "delta": 0.421494}}
{"target": -50.67649136486768, "params": {"C": 159460.94152756358, "gamma": 0.2552670023064829}, "datetime": {"datetime": "2021-10-04 11:36:59", "elapsed": 27.472236, "delta": 0.41}}
{"target": -50.21064993634446, "params": {"C": 111703.32976594854, "gamma": 0.2751846657786541}, "datetime": {"datetime": "2021-10-04 11:36:59", "elapsed": 27.939239, "delta": 0.467003}}
{"target": -52.928743224465286, "params": {"C": 443593.34991392464, "gamma": 0.22098278600434174}, "datetime": {"datetime": "2021-10-04 11:37:00", "elapsed": 28.451272, "delta": 0.512033}}
{"target": -50.38496902543617, "params": {"C": 63326.007551967625, "gamma": 0.29347867332694666}, "datetime": {"datetime": "2021-10-04 11:37:00", "elapsed": 28.981497, "delta": 0.530225}}
{"target": -49.83236808817378, "params": {"C": 159462.02980770936, "gamma": 0.32588952330863585}, "datetime": {"datetime": "2021-10-04 11:37:01", "elapsed": 29.495581, "delta": 0.514084}}
{"target": -51.37655110271529, "params": {"C": 331172.14740709163, "gamma": 0.05009085324992353}, "datetime": {"datetime": "2021-10-04 11:37:01", "elapsed": 29.964164, "delta": 0.468583}}
{"target": -52.185804621487385, "params": {"C": 443597.79855318565, "gamma": 0.060063257015645105}, "datetime": {"datetime": "2021-10-04 11:37:02", "elapsed": 30.511432, "delta": 0.547268}}
{"target": -49.40740506571742, "params": {"C": 146720.9145795051, "gamma": 0.3941935035900814}, "datetime": {"datetime": "2021-10-04 11:37:02", "elapsed": 30.992434, "delta": 0.481002}}
{"target": -50.78106357939604, "params": {"C": 138572.0669403582, "gamma": 0.2390435281088887}, "datetime": {"datetime": "2021-10-04 11:37:03", "elapsed": 31.471574, "delta": 0.47914}}
{"target": -50.914178018678584, "params": {"C": 43964.3833409678, "gamma": 0.05533601056169753}, "datetime": {"datetime": "2021-10-04 11:37:03", "elapsed": 32.029087, "delta": 0.557513}}
{"target": -50.81047548884669, "params": {"C": 138576.09930423248, "gamma": 0.23677884946839844}, "datetime": {"datetime": "2021-10-04 11:37:04", "elapsed": 32.57704, "delta": 0.547953}}
