{"target": -0.28917312747571366, "params": {"C": 583.3820108190417, "gamma": 0.038022224814080574}, "datetime": {"datetime": "2021-10-04 10:29:49", "elapsed": 613.007534, "delta": 5.234058}}
{"target": -0.4500635071085799, "params": {"C": 682.3024197294429, "gamma": 0.00927179581308958}, "datetime": {"datetime": "2021-10-04 10:29:51", "elapsed": 614.976623, "delta": 1.969089}}
{"target": -0.1751291141842677, "params": {"C": 914.1654503322703, "gamma": 0.07726625514696381}, "datetime": {"datetime": "2021-10-04 10:29:56", "elapsed": 620.364907, "delta": 5.388284}}
{"target": -0.270252961063594, "params": {"C": 913.9808575072345, "gamma": 0.16713916583377125}, "datetime": {"datetime": "2021-10-04 10:30:01", "elapsed": 624.958603, "delta": 4.593696}}
{"target": -0.2027585835989787, "params": {"C": 913.9834898482627, "gamma": 0.03570152170056801}, "datetime": {"datetime": "2021-10-04 10:30:05", "elapsed": 628.755201, "delta": 3.796598}}
{"target": -0.49454272896443907, "params": {"C": 387.98409979303676, "gamma": 0.19523246411559889}, "datetime": {"datetime": "2021-10-04 10:30:07", "elapsed": 631.137517, "delta": 2.382316}}
{"target": -0.31410784495866095, "params": {"C": 953.9714431830841, "gamma": 0.014350744964040586}, "datetime": {"datetime": "2021-10-04 10:30:11", "elapsed": 635.293229, "delta": 4.155712}}
{"target": -0.20388564946943477, "params": {"C": 914.0787818450028, "gamma": 0.11248651967247678}, "datetime": {"datetime": "2021-10-04 10:30:16", "elapsed": 639.810271, "delta": 4.517042}}
{"target": -0.21251255241719913, "params": {"C": 913.8960997203765, "gamma": 0.12026228240543736}, "datetime": {"datetime": "2021-10-04 10:30:20", "elapsed": 643.813288, "delta": 4.003017}}
{"target": -0.3404519320837094, "params": {"C": 913.8811378776735, "gamma": 0.22373622334265986}, "datetime": {"datetime": "2021-10-04 10:30:24", "elapsed": 647.64497, "delta": 3.831682}}
{"target": -0.3570752453504964, "params": {"C": 914.5400459698475, "gamma": 0.238202037074707}, "datetime": {"datetime": "2021-10-04 10:30:27", "elapsed": 650.895364, "delta": 3.250394}}
{"target": -0.8117264309931058, "params": {"C": 33.690247358483184, "gamma": 0.29069035017677003}, "datetime": {"datetime": "2021-10-04 10:30:29", "elapsed": 653.044964, "delta": 2.1496}}
{"target": -0.29694495056932224, "params": {"C": 601.0352203922615, "gamma": 0.11347547199537888}, "datetime": {"datetime": "2021-10-04 10:30:31", "elapsed": 655.101778, "delta": 2.056814}}
{"target": -0.6568161294850923, "params": {"C": 125.04091948474687, "gamma": 0.15414423961410026}, "datetime": {"datetime": "2021-10-04 10:30:33", "elapsed": 657.325373, "delta": 2.223595}}
{"target": -0.5943370987880294, "params": {"C": 325.8063879553569, "gamma": 0.2633904773602173}, "datetime": {"datetime": "2021-10-04 10:30:36", "elapsed": 659.610958, "delta": 2.285585}}
{"target": -0.21680444134924737, "params": {"C": 913.8307837385648, "gamma": 0.031088968631056244}, "datetime": {"datetime": "2021-10-04 10:30:40", "elapsed": 664.211744, "delta": 4.600786}}
{"target": -0.2769502851153607, "params": {"C": 913.6695751439652, "gamma": 0.019434551192316515}, "datetime": {"datetime": "2021-10-04 10:30:43", "elapsed": 667.017348, "delta": 2.805604}}
{"target": -0.3425199288410037, "params": {"C": 897.1734978995225, "gamma": 0.22197093826282197}, "datetime": {"datetime": "2021-10-04 10:30:48", "elapsed": 671.900367, "delta": 4.883019}}
{"target": -0.44790024530586914, "params": {"C": 724.7162711431956, "gamma": 0.27494392332884743}, "datetime": {"datetime": "2021-10-04 10:30:50", "elapsed": 674.213447, "delta": 2.31308}}
{"target": -0.2654316534313734, "params": {"C": 913.5979307709937, "gamma": 0.16328148632150882}, "datetime": {"datetime": "2021-10-04 10:30:53", "elapsed": 677.333782, "delta": 3.120335}}
{"target": -0.17268968508634197, "params": {"C": 913.475352839605, "gamma": 0.06884533207469463}, "datetime": {"datetime": "2021-10-04 10:30:56", "elapsed": 680.115782, "delta": 2.782}}
{"target": -0.21051085854254215, "params": {"C": 913.3968533384947, "gamma": 0.11838434376228743}, "datetime": {"datetime": "2021-10-04 10:30:59", "elapsed": 683.469225, "delta": 3.353443}}
{"target": -0.29177786150233453, "params": {"C": 913.3323668827436, "gamma": 0.01756595964953938}, "datetime": {"datetime": "2021-10-04 10:31:04", "elapsed": 687.94241, "delta": 4.473185}}
{"target": -0.32481139176246376, "params": {"C": 931.6732517383956, "gamma": 0.21426776015248303}, "datetime": {"datetime": "2021-10-04 10:31:06", "elapsed": 689.998756, "delta": 2.056346}}
{"target": -0.4006416335218399, "params": {"C": 913.5016817710047, "gamma": 0.2784289069179148}, "datetime": {"datetime": "2021-10-04 10:31:09", "elapsed": 693.083461, "delta": 3.084705}}
{"target": -0.6793850561408805, "params": {"C": 189.0376214706631, "gamma": 0.26700066552443996}, "datetime": {"datetime": "2021-10-04 10:31:11", "elapsed": 695.232314, "delta": 2.148853}}
{"target": -0.20047976399117196, "params": {"C": 913.8109398386857, "gamma": 0.1091962844914992}, "datetime": {"datetime": "2021-10-04 10:31:18", "elapsed": 701.742459, "delta": 6.510145}}
{"target": -0.29338700482128255, "params": {"C": 913.2028410201075, "gamma": 0.18520672983769954}, "datetime": {"datetime": "2021-10-04 10:31:21", "elapsed": 705.106334, "delta": 3.363875}}
{"target": -0.2872895263699331, "params": {"C": 913.719413506671, "gamma": 0.1804853029896665}, "datetime": {"datetime": "2021-10-04 10:31:24", "elapsed": 708.297003, "delta": 3.190669}}
{"target": -0.270907494131686, "params": {"C": 600.8916600376051, "gamma": 0.08731980008565707}, "datetime": {"datetime": "2021-10-04 10:31:28", "elapsed": 711.731143, "delta": 3.43414}}
{"target": -0.5563940175232047, "params": {"C": 229.40941350461017, "gamma": 0.15624178861030777}, "datetime": {"datetime": "2021-10-04 10:31:30", "elapsed": 714.256696, "delta": 2.525553}}
{"target": -0.33370858374492385, "params": {"C": 600.7514623136406, "gamma": 0.14321642179381394}, "datetime": {"datetime": "2021-10-04 10:31:34", "elapsed": 717.781714, "delta": 3.525018}}
{"target": -0.40545631431582096, "params": {"C": 560.1500737443586, "gamma": 0.18703007753935855}, "datetime": {"datetime": "2021-10-04 10:31:37", "elapsed": 721.471208, "delta": 3.689494}}
{"target": -0.491144320233285, "params": {"C": 568.5630638675046, "gamma": 0.008940202052698985}, "datetime": {"datetime": "2021-10-04 10:31:42", "elapsed": 726.014504, "delta": 4.543296}}
{"target": -0.2910296377764039, "params": {"C": 897.614835461065, "gamma": 0.18029859258258157}, "datetime": {"datetime": "2021-10-04 10:31:46", "elapsed": 730.26605, "delta": 4.251546}}
{"target": -0.35986845592986927, "params": {"C": 658.3619227399571, "gamma": 0.17957910887268647}, "datetime": {"datetime": "2021-10-04 10:31:48", "elapsed": 732.395139, "delta": 2.129089}}
{"target": -0.5172920681746243, "params": {"C": 479.91867923757894, "gamma": 0.2581715930014842}, "datetime": {"datetime": "2021-10-04 10:31:51", "elapsed": 734.699559, "delta": 2.30442}}
{"target": -0.2926986397203304, "params": {"C": 914.0933411189978, "gamma": 0.017438262965286375}, "datetime": {"datetime": "2021-10-04 10:31:54", "elapsed": 737.783325, "delta": 3.083766}}
{"target": -0.2026387425291789, "params": {"C": 880.2333993306607, "gamma": 0.1035037060428736}, "datetime": {"datetime": "2021-10-04 10:31:56", "elapsed": 740.154976, "delta": 2.371651}}
{"target": -0.4499278114958589, "params": {"C": 895.3064448212891, "gamma": 0.006770435430889426}, "datetime": {"datetime": "2021-10-04 10:32:00", "elapsed": 743.659062, "delta": 3.504086}}
{"target": -0.0046154384515557645, "params": {"C": 3203.191610298302, "gamma": 0.14425623412005803}, "datetime": {"datetime": "2021-10-04 10:34:52", "elapsed": 0.0, "delta": 0.0}}
{"target": -0.03613424900963125, "params": {"C": 2163.6189556517775, "gamma": 0.10656807259275364}, "datetime": {"datetime": "2021-10-04 10:34:52", "elapsed": 0.20099, "delta": 0.20099}}
{"target": 0.019712335990042962, "params": {"C": 4571.787817390619, "gamma": 0.1801919799862867}, "datetime": {"datetime": "2021-10-04 10:34:53", "elapsed": 0.376447, "delta": 0.175457}}
{"target": -0.08928098182607358, "params": {"C": 1502.341241855345, "gamma": 0.048583389724393675}, "datetime": {"datetime": "2021-10-04 10:34:53", "elapsed": 0.598045, "delta": 0.221598}}
{"target": -0.13004953300964184, "params": {"C": 1205.8688132033194, "gamma": 0.09319468013727156}, "datetime": {"datetime": "2021-10-04 10:34:53", "elapsed": 0.806821, "delta": 0.208776}}
{"target": 0.05335346119049922, "params": {"C": 3960.5138643700975, "gamma": 0.09783246222588064}, "datetime": {"datetime": "2021-10-04 10:34:53", "elapsed": 1.251297, "delta": 0.444476}}
{"target": 0.052961612828166915, "params": {"C": 3959.460812983565, "gamma": 0.05759020462416524}, "datetime": {"datetime": "2021-10-04 10:34:54", "elapsed": 1.540666, "delta": 0.289369}}
{"target": -0.13724098559040643, "params": {"C": 4247.340701755999, "gamma": 0.009}, "datetime": {"datetime": "2021-10-04 10:34:54", "elapsed": 1.897174, "delta": 0.356508}}
{"target": 0.05028081628151104, "params": {"C": 4741.480529996017, "gamma": 0.03914725543639905}, "datetime": {"datetime": "2021-10-04 10:34:54", "elapsed": 2.222858, "delta": 0.325684}}
{"target": 0.03410617615448053, "params": {"C": 4923.381761232473, "gamma": 0.17439804364197048}, "datetime": {"datetime": "2021-10-04 10:34:55", "elapsed": 2.547856, "delta": 0.324998}}
{"target": -0.01955632176020794, "params": {"C": 2863.1638358280698, "gamma": 0.14141297860831092}, "datetime": {"datetime": "2021-10-04 10:34:55", "elapsed": 3.081041, "delta": 0.533185}}
{"target": -0.00010611276556815596, "params": {"C": 3529.62818683244, "gamma": 0.15667990843551965}, "datetime": {"datetime": "2021-10-04 10:34:56", "elapsed": 3.566644, "delta": 0.485603}}
{"target": -0.08842700988856067, "params": {"C": 2536.1813815118476, "gamma": 0.19240279869830532}, "datetime": {"datetime": "2021-10-04 10:34:56", "elapsed": 3.896644, "delta": 0.33}}
{"target": -0.12277997448381006, "params": {"C": 1869.2322130117009, "gamma": 0.023534744966078273}, "datetime": {"datetime": "2021-10-04 10:34:56", "elapsed": 4.253785, "delta": 0.357141}}
{"target": 0.013459672272500445, "params": {"C": 3725.4005314979718, "gamma": 0.1494878982204413}, "datetime": {"datetime": "2021-10-04 10:34:57", "elapsed": 4.599473, "delta": 0.345688}}
{"target": -0.007241637144586699, "params": {"C": 3038.1604479351354, "gamma": 0.13763482696825796}, "datetime": {"datetime": "2021-10-04 10:34:57", "elapsed": 4.940231, "delta": 0.340758}}
{"target": 0.03338113663128506, "params": {"C": 3368.522417972402, "gamma": 0.09769456566488655}, "datetime": {"datetime": "2021-10-04 10:34:57", "elapsed": 5.272231, "delta": 0.332}}
{"target": 0.07924010486034716, "params": {"C": 4828.476618673057, "gamma": 0.07834531681379764}, "datetime": {"datetime": "2021-10-04 10:34:58", "elapsed": 5.628778, "delta": 0.356547}}
{"target": -0.24180429596526554, "params": {"C": 1000.2044850667313, "gamma": 0.16037614597742295}, "datetime": {"datetime": "2021-10-04 10:34:58", "elapsed": 5.96522, "delta": 0.336442}}
{"target": -0.03121021597376905, "params": {"C": 2327.373905121657, "gamma": 0.04181739347956248}, "datetime": {"datetime": "2021-10-04 10:34:58", "elapsed": 6.32944, "delta": 0.36422}}
{"target": -0.14362135923497577, "params": {"C": 4053.707038219952, "gamma": 0.009}, "datetime": {"datetime": "2021-10-04 10:34:59", "elapsed": 6.748405, "delta": 0.418965}}
{"target": 0.008076108003641003, "params": {"C": 4658.556600320525, "gamma": 0.2}, "datetime": {"datetime": "2021-10-04 10:34:59", "elapsed": 7.100291, "delta": 0.351886}}
{"target": 0.03930754862509367, "params": {"C": 4458.003300869828, "gamma": 0.14758425229458824}, "datetime": {"datetime": "2021-10-04 10:35:00", "elapsed": 7.448561, "delta": 0.34827}}
{"target": 0.053722674517895586, "params": {"C": 3826.034099513298, "gamma": 0.06979878110512543}, "datetime": {"datetime": "2021-10-04 10:35:00", "elapsed": 7.793563, "delta": 0.345002}}
{"target": -0.07437802980429198, "params": {"C": 2722.552073148645, "gamma": 0.19141214881348634}, "datetime": {"datetime": "2021-10-04 10:35:00", "elapsed": 8.213241, "delta": 0.419678}}
{"target": 0.0810286903400127, "params": {"C": 4999.467708849843, "gamma": 0.09109634749968268}, "datetime": {"datetime": "2021-10-04 10:35:01", "elapsed": 8.569061, "delta": 0.35582}}
{"target": -0.10617525667364691, "params": {"C": 1677.811986392011, "gamma": 0.13508546339373972}, "datetime": {"datetime": "2021-10-04 10:35:01", "elapsed": 8.921287, "delta": 0.352226}}
{"target": -0.012802936628969919, "params": {"C": 3293.3658034701207, "gamma": 0.15922189521623772}, "datetime": {"datetime": "2021-10-04 10:35:01", "elapsed": 9.250643, "delta": 0.329356}}
{"target": 0.021483674536462494, "params": {"C": 3443.278461890135, "gamma": 0.12340354182827247}, "datetime": {"datetime": "2021-10-04 10:35:02", "elapsed": 9.654088, "delta": 0.403445}}
{"target": -0.13893729741578764, "params": {"C": 2036.123048178317, "gamma": 0.2}, "datetime": {"datetime": "2021-10-04 10:35:02", "elapsed": 10.008839, "delta": 0.354751}}
{"target": 0.04356499958198479, "params": {"C": 3629.768394595984, "gamma": 0.05827162998683941}, "datetime": {"datetime": "2021-10-04 10:35:03", "elapsed": 10.355184, "delta": 0.346345}}
{"target": 0.008028227233783491, "params": {"C": 4382.7685365590705, "gamma": 0.1876464650647278}, "datetime": {"datetime": "2021-10-04 10:35:03", "elapsed": 10.675882, "delta": 0.320698}}
{"target": 0.05218439745863446, "params": {"C": 4791.350426805537, "gamma": 0.14176086113766828}, "datetime": {"datetime": "2021-10-04 10:35:03", "elapsed": 11.133192, "delta": 0.45731}}
{"target": -0.21879179783546787, "params": {"C": 1361.8493127206998, "gamma": 0.19622798173872727}, "datetime": {"datetime": "2021-10-04 10:35:04", "elapsed": 11.569336, "delta": 0.436144}}
{"target": -0.18984126354910602, "params": {"C": 2951.7657504265394, "gamma": 0.009}, "datetime": {"datetime": "2021-10-04 10:35:04", "elapsed": 11.947939, "delta": 0.378603}}
{"target": 0.018569421092093585, "params": {"C": 3114.4647581255613, "gamma": 0.10625668331888515}, "datetime": {"datetime": "2021-10-04 10:35:05", "elapsed": 12.358291, "delta": 0.410352}}
{"target": -0.04830145313705758, "params": {"C": 2421.9933802698347, "gamma": 0.14300255034099316}, "datetime": {"datetime": "2021-10-04 10:35:05", "elapsed": 12.806064, "delta": 0.447773}}
{"target": -0.10844774268122026, "params": {"C": 3877.4906749350057, "gamma": 0.012003590215768151}, "datetime": {"datetime": "2021-10-04 10:35:05", "elapsed": 13.213544, "delta": 0.40748}}
{"target": -0.00037397733774025, "params": {"C": 3782.8127181389505, "gamma": 0.16996059601125477}, "datetime": {"datetime": "2021-10-04 10:35:06", "elapsed": 13.608355, "delta": 0.394811}}
{"target": 0.038690117024968385, "params": {"C": 4871.327522584501, "gamma": 0.1655601446303573}, "datetime": {"datetime": "2021-10-04 10:35:06", "elapsed": 14.055786, "delta": 0.447431}}
{"target": 0.06526856001162151, "params": {"C": 4512.5851230712005, "gamma": 0.10533705237051072}, "datetime": {"datetime": "2021-10-04 10:35:07", "elapsed": 14.447097, "delta": 0.391311}}
{"target": -0.01879876213637055, "params": {"C": 2245.3017553398963, "gamma": 0.058273754526088094}, "datetime": {"datetime": "2021-10-04 10:35:07", "elapsed": 14.814458, "delta": 0.367361}}
{"target": -0.01723953361003283, "params": {"C": 3674.0289275238206, "gamma": 0.18502196716417166}, "datetime": {"datetime": "2021-10-04 10:35:07", "elapsed": 15.218292, "delta": 0.403834}}
{"target": 0.029005165261829502, "params": {"C": 3585.1958300624165, "gamma": 0.04470291147137702}, "datetime": {"datetime": "2021-10-04 10:35:08", "elapsed": 15.586478, "delta": 0.368186}}
{"target": 0.058194174984749325, "params": {"C": 4967.449994913005, "gamma": 0.04093467647180449}, "datetime": {"datetime": "2021-10-04 10:35:08", "elapsed": 15.990213, "delta": 0.403735}}
{"target": -0.07733146133546187, "params": {"C": 2802.76273384347, "gamma": 0.2}, "datetime": {"datetime": "2021-10-04 10:35:09", "elapsed": 16.426036, "delta": 0.435823}}
{"target": -0.20771716467019763, "params": {"C": 2632.6608788543385, "gamma": 0.009}, "datetime": {"datetime": "2021-10-04 10:35:09", "elapsed": 16.818946, "delta": 0.39291}}
{"target": -0.16737226755976953, "params": {"C": 1771.5940794117748, "gamma": 0.2}, "datetime": {"datetime": "2021-10-04 10:35:09", "elapsed": 17.322716, "delta": 0.50377}}
{"target": -0.0976165980650634, "params": {"C": 1588.5501277205344, "gamma": 0.11617248808842151}, "datetime": {"datetime": "2021-10-04 10:35:10", "elapsed": 17.702036, "delta": 0.37932}}
{"target": 0.009534189568569773, "params": {"C": 4703.7044218363335, "gamma": 0.2}, "datetime": {"datetime": "2021-10-04 10:35:10", "elapsed": 18.1237, "delta": 0.421664}}
{"target": 0.007226593770829348, "params": {"C": 3404.8514537372535, "gamma": 0.14074029097757487}, "datetime": {"datetime": "2021-10-04 10:35:11", "elapsed": 18.518128, "delta": 0.394428}}
{"target": 0.006062925724423018, "params": {"C": 4331.07392729371, "gamma": 0.18789014840578638}, "datetime": {"datetime": "2021-10-04 10:35:11", "elapsed": 18.910441, "delta": 0.392313}}
{"target": -0.04823203232322726, "params": {"C": 3156.7221442939217, "gamma": 0.19156227159828682}, "datetime": {"datetime": "2021-10-04 10:35:11", "elapsed": 19.297695, "delta": 0.387254}}
{"target": -0.18347298858897032, "params": {"C": 3077.6674380467275, "gamma": 0.009}, "datetime": {"datetime": "2021-10-04 10:35:12", "elapsed": 19.742774, "delta": 0.445079}}
{"target": -0.008644921936720396, "params": {"C": 4614.380658500517, "gamma": 0.02193824443119609}, "datetime": {"datetime": "2021-10-04 10:35:12", "elapsed": 20.1738, "delta": 0.431026}}
{"target": 0.004089109586755124, "params": {"C": 3484.2905598597777, "gamma": 0.03387170885417812}, "datetime": {"datetime": "2021-10-04 10:35:13", "elapsed": 20.548258, "delta": 0.374458}}
{"target": 0.002341098463318869, "params": {"C": 4486.913406928074, "gamma": 0.2}, "datetime": {"datetime": "2021-10-04 10:35:13", "elapsed": 20.934196, "delta": 0.385938}}
{"target": 0.01774826450586242, "params": {"C": 4423.722442572853, "gamma": 0.17641512653956234}, "datetime": {"datetime": "2021-10-04 10:35:14", "elapsed": 21.369693, "delta": 0.435497}}
{"target": 0.05771338366361889, "params": {"C": 4538.877609702121, "gamma": 0.12170777343530143}, "datetime": {"datetime": "2021-10-04 10:35:14", "elapsed": 21.802359, "delta": 0.432666}}
{"target": -0.36045851911648863, "params": {"C": 1110.5968677896808, "gamma": 0.009}, "datetime": {"datetime": "2021-10-04 10:35:14", "elapsed": 22.19708, "delta": 0.394721}}
{"target": 0.05389156818296992, "params": {"C": 4151.23747055409, "gamma": 0.05205682876323496}, "datetime": {"datetime": "2021-10-04 10:35:15", "elapsed": 22.643038, "delta": 0.445958}}
{"target": 0.04747208433361627, "params": {"C": 4183.859807672077, "gamma": 0.12245665983729195}, "datetime": {"datetime": "2021-10-04 10:35:15", "elapsed": 23.125596, "delta": 0.482558}}
{"target": -0.10060545731441572, "params": {"C": 3246.276724113293, "gamma": 0.01508126898524805}, "datetime": {"datetime": "2021-10-04 10:35:16", "elapsed": 23.694244, "delta": 0.568648}}
{"target": 0.028371511641833602, "params": {"C": 3332.614865646914, "gamma": 0.1050475660975481}, "datetime": {"datetime": "2021-10-04 10:35:16", "elapsed": 24.229798, "delta": 0.535554}}
{"target": -0.14762061297835705, "params": {"C": 1950.4987000083333, "gamma": 0.2}, "datetime": {"datetime": "2021-10-04 10:35:17", "elapsed": 24.749419, "delta": 0.519621}}
{"target": -0.24413503880712017, "params": {"C": 2108.852343710164, "gamma": 0.009}, "datetime": {"datetime": "2021-10-04 10:35:17", "elapsed": 25.234164, "delta": 0.484745}}
{"target": -0.07511687049239923, "params": {"C": 2203.151777498272, "gamma": 0.15364895900984465}, "datetime": {"datetime": "2021-10-04 10:35:18", "elapsed": 25.685748, "delta": 0.451584}}
{"target": -0.01632000009701029, "params": {"C": 2476.1051371347266, "gamma": 0.10864759858898451}, "datetime": {"datetime": "2021-10-04 10:35:18", "elapsed": 26.229338, "delta": 0.54359}}
{"target": -0.1439906764888741, "params": {"C": 1275.803459538917, "gamma": 0.1205804335965515}, "datetime": {"datetime": "2021-10-04 10:35:19", "elapsed": 26.658968, "delta": 0.42963}}
{"target": 0.033597182646033175, "params": {"C": 4116.42719628232, "gamma": 0.038290654122124346}, "datetime": {"datetime": "2021-10-04 10:35:19", "elapsed": 27.127247, "delta": 0.468279}}
{"target": -0.019588928358217128, "params": {"C": 2284.5106871983044, "gamma": 0.05333925216795588}, "datetime": {"datetime": "2021-10-04 10:35:20", "elapsed": 27.618611, "delta": 0.491364}}
{"target": -0.18692343366821684, "params": {"C": 3008.591133874528, "gamma": 0.009}, "datetime": {"datetime": "2021-10-04 10:35:20", "elapsed": 28.202321, "delta": 0.58371}}
{"target": -0.09241135006079859, "params": {"C": 1441.769144859034, "gamma": 0.08638289084322799}, "datetime": {"datetime": "2021-10-04 10:35:21", "elapsed": 28.769566, "delta": 0.567245}}
{"target": -0.02294520963536839, "params": {"C": 2373.25864262687, "gamma": 0.10871468134780117}, "datetime": {"datetime": "2021-10-04 10:35:21", "elapsed": 29.228565, "delta": 0.458999}}
{"target": 0.06854870671722946, "params": {"C": 4766.077202775961, "gamma": 0.05243593824126565}, "datetime": {"datetime": "2021-10-04 10:35:22", "elapsed": 29.801818, "delta": 0.573253}}
{"target": 0.05523452809772711, "params": {"C": 4847.626048823453, "gamma": 0.13912579380579418}, "datetime": {"datetime": "2021-10-04 10:35:23", "elapsed": 30.470309, "delta": 0.668491}}
{"target": -0.021824417764617632, "params": {"C": 3997.2524957851892, "gamma": 0.02260853338809375}, "datetime": {"datetime": "2021-10-04 10:35:23", "elapsed": 30.98293, "delta": 0.512621}}
