{"target": -44.63946390381996, "params": {"C": 965.8259497705208, "gamma": 0.13196388100698578}, "datetime": {"datetime": "2021-09-29 17:00:37", "elapsed": 65.697864, "delta": 0.917738}}
{"target": -44.55910066209247, "params": {"C": 965.0464093422554, "gamma": 0.1276396321746493}, "datetime": {"datetime": "2021-09-29 17:00:37", "elapsed": 66.486638, "delta": 0.788774}}
{"target": -47.43133519113081, "params": {"C": 989.1714431573802, "gamma": 0.4998364902150845}, "datetime": {"datetime": "2021-09-29 17:00:38", "elapsed": 67.198853, "delta": 0.712215}}
{"target": -46.425663224656546, "params": {"C": 343.076629348816, "gamma": 0.18781781323102664}, "datetime": {"datetime": "2021-09-29 17:00:39", "elapsed": 67.954517, "delta": 0.755664}}
{"target": -46.96917793316188, "params": {"C": 532.5610943233311, "gamma": 0.2993858147004529}, "datetime": {"datetime": "2021-09-29 17:00:40", "elapsed": 68.68548, "delta": 0.730963}}
{"target": -47.41641269384018, "params": {"C": 965.447369215588, "gamma": 0.4913068765531366}, "datetime": {"datetime": "2021-09-29 17:00:40", "elapsed": 69.579562, "delta": 0.894082}}
{"target": -47.67314236575579, "params": {"C": 361.9826377137786, "gamma": 0.441735252920143}, "datetime": {"datetime": "2021-09-29 17:00:41", "elapsed": 70.394404, "delta": 0.814842}}
{"target": -46.43656600748914, "params": {"C": 456.5569976699256, "gamma": 0.21560074724041428}, "datetime": {"datetime": "2021-09-29 17:00:42", "elapsed": 71.153002, "delta": 0.758598}}
{"target": -46.56291151947105, "params": {"C": 769.6055774487852, "gamma": 0.27639545648199404}, "datetime": {"datetime": "2021-09-29 17:00:43", "elapsed": 72.097746, "delta": 0.944744}}
{"target": -47.42183149974002, "params": {"C": 770.2480611194646, "gamma": 0.46944900670074724}, "datetime": {"datetime": "2021-09-29 17:00:44", "elapsed": 72.910218, "delta": 0.812472}}
{"target": -47.15863696333695, "params": {"C": 883.8104664462483, "gamma": 0.3959341367045872}, "datetime": {"datetime": "2021-09-29 17:00:45", "elapsed": 73.84506, "delta": 0.934842}}
{"target": -48.06268683253737, "params": {"C": 136.24018893855825, "gamma": 0.4998226189406498}, "datetime": {"datetime": "2021-09-29 17:00:45", "elapsed": 74.613875, "delta": 0.768815}}
{"target": -44.06543874768972, "params": {"C": 884.4475856183559, "gamma": 0.10205598244730092}, "datetime": {"datetime": "2021-09-29 17:00:46", "elapsed": 75.631301, "delta": 1.017426}}
{"target": -47.309873934763694, "params": {"C": 884.7183100481461, "gamma": 0.4416671525573605}, "datetime": {"datetime": "2021-09-29 17:00:48", "elapsed": 76.903806, "delta": 1.272505}}
{"target": -45.41619675161924, "params": {"C": 519.2458341591255, "gamma": 0.14929677831321683}, "datetime": {"datetime": "2021-09-29 17:00:49", "elapsed": 77.682822, "delta": 0.779016}}
{"target": -46.157545097305984, "params": {"C": 495.0080125035664, "gamma": 0.0012261789163534066}, "datetime": {"datetime": "2021-09-29 17:00:49", "elapsed": 78.478132, "delta": 0.79531}}
{"target": -41.763132602669906, "params": {"C": 964.6069218095968, "gamma": 0.010189781627817127}, "datetime": {"datetime": "2021-09-29 17:00:50", "elapsed": 79.359228, "delta": 0.881096}}
{"target": -44.46858117088671, "params": {"C": 964.338415356545, "gamma": 0.1229084596034804}, "datetime": {"datetime": "2021-09-29 17:00:51", "elapsed": 80.223486, "delta": 0.864258}}
{"target": -45.27255890780162, "params": {"C": 964.7123883929639, "gamma": 0.1704327992969129}, "datetime": {"datetime": "2021-09-29 17:00:52", "elapsed": 81.244988, "delta": 1.021502}}
{"target": -47.79818699099824, "params": {"C": 110.22665162934632, "gamma": 0.2576469395851213}, "datetime": {"datetime": "2021-09-29 17:00:53", "elapsed": 82.019885, "delta": 0.774897}}
{"target": -45.15261455807456, "params": {"C": 499.4481203483078, "gamma": 0.13212444277061222}, "datetime": {"datetime": "2021-09-29 17:00:54", "elapsed": 83.170323, "delta": 1.150438}}
{"target": -43.55594546556013, "params": {"C": 966.2318712247896, "gamma": 0.08211684934287161}, "datetime": {"datetime": "2021-09-29 17:00:55", "elapsed": 84.078412, "delta": 0.908089}}
{"target": -42.77760734979896, "params": {"C": 964.5319276061642, "gamma": 0.003679751229929667}, "datetime": {"datetime": "2021-09-29 17:00:56", "elapsed": 85.055886, "delta": 0.977474}}
{"target": -46.759871893651145, "params": {"C": 966.3372667904733, "gamma": 0.3210863620496542}, "datetime": {"datetime": "2021-09-29 17:00:57", "elapsed": 85.951646, "delta": 0.89576}}
{"target": -42.14200383404594, "params": {"C": 894.7284073102194, "gamma": 0.006709429478594853}, "datetime": {"datetime": "2021-09-29 17:00:58", "elapsed": 87.00527, "delta": 1.053624}}
{"target": -43.765398292778386, "params": {"C": 894.6400672562996, "gamma": 0.0894559457493539}, "datetime": {"datetime": "2021-09-29 17:00:59", "elapsed": 88.24962, "delta": 1.24435}}
{"target": -45.570140771029024, "params": {"C": 894.8118728150349, "gamma": 0.18917493688704856}, "datetime": {"datetime": "2021-09-29 17:01:00", "elapsed": 89.198909, "delta": 0.949289}}
{"target": -44.87863879870246, "params": {"C": 771.920585152225, "gamma": 0.13873277948318213}, "datetime": {"datetime": "2021-09-29 17:01:01", "elapsed": 90.222131, "delta": 1.023222}}
{"target": -42.01416263552664, "params": {"C": 772.3005306894371, "gamma": 0.025282513359283734}, "datetime": {"datetime": "2021-09-29 17:01:02", "elapsed": 91.395935, "delta": 1.173804}}
{"target": -46.77114865964217, "params": {"C": 964.0138955402458, "gamma": 0.3227766745382535}, "datetime": {"datetime": "2021-09-29 17:01:03", "elapsed": 92.541087, "delta": 1.145152}}
{"target": -47.01604220485225, "params": {"C": 764.4670017902649, "gamma": 0.348903532449724}, "datetime": {"datetime": "2021-09-29 17:01:04", "elapsed": 93.581354, "delta": 1.040267}}
{"target": -42.59866031207545, "params": {"C": 894.327464669984, "gamma": 0.04785762320250694}, "datetime": {"datetime": "2021-09-29 17:01:05", "elapsed": 94.570765, "delta": 0.989411}}
{"target": -45.95189168091818, "params": {"C": 894.1472603336363, "gamma": 0.22057978001531672}, "datetime": {"datetime": "2021-09-29 17:01:07", "elapsed": 95.974847, "delta": 1.404082}}
{"target": -47.358426336643724, "params": {"C": 498.63854378982063, "gamma": 0.3771641864796637}, "datetime": {"datetime": "2021-09-29 17:01:08", "elapsed": 96.883048, "delta": 0.908201}}
{"target": -41.861051865583626, "params": {"C": 882.5863272238583, "gamma": 0.010115285239622667}, "datetime": {"datetime": "2021-09-29 17:01:09", "elapsed": 97.891106, "delta": 1.008058}}
{"target": -41.96921695966233, "params": {"C": 894.4598623999674, "gamma": 0.008236914910901807}, "datetime": {"datetime": "2021-09-29 17:01:10", "elapsed": 99.074933, "delta": 1.183827}}
{"target": -46.20513422403927, "params": {"C": 763.5900635390935, "gamma": 0.23539375661824288}, "datetime": {"datetime": "2021-09-29 17:01:11", "elapsed": 100.268074, "delta": 1.193141}}
{"target": -47.01635058748337, "params": {"C": 288.9577166386179, "gamma": 0.232438823071124}, "datetime": {"datetime": "2021-09-29 17:01:12", "elapsed": 101.506865, "delta": 1.238791}}
{"target": -47.97022498450785, "params": {"C": 169.60352176130928, "gamma": 0.45123281793215564}, "datetime": {"datetime": "2021-09-29 17:01:14", "elapsed": 102.730446, "delta": 1.223581}}
{"target": -42.102254883782436, "params": {"C": 964.7866900608348, "gamma": 0.006250373605186005}, "datetime": {"datetime": "2021-09-29 17:01:15", "elapsed": 104.063408, "delta": 1.332962}}
{"target": -47.53950277929201, "params": {"C": 525.6699122605319, "gamma": 0.45718972244632666}, "datetime": {"datetime": "2021-09-29 17:01:16", "elapsed": 105.078524, "delta": 1.015116}}
{"target": -46.235454773952235, "params": {"C": 170.44217902633778, "gamma": 0.11310055767265235}, "datetime": {"datetime": "2021-09-29 17:01:17", "elapsed": 106.478524, "delta": 1.4}}
{"target": -47.26675734871099, "params": {"C": 201.39618106396725, "gamma": 0.22464866878436013}, "datetime": {"datetime": "2021-09-29 17:01:19", "elapsed": 107.780168, "delta": 1.301644}}
{"target": -43.04638087869602, "params": {"C": 970.7828864455026, "gamma": 0.06352605163418354}, "datetime": {"datetime": "2021-09-29 17:01:20", "elapsed": 108.698338, "delta": 0.91817}}
{"target": -44.58427760360178, "params": {"C": 817.8128907549041, "gamma": 0.12495422002300381}, "datetime": {"datetime": "2021-09-29 17:01:21", "elapsed": 109.689722, "delta": 0.991384}}
{"target": -47.462380168961175, "params": {"C": 818.048638130636, "gamma": 0.49649170083642574}, "datetime": {"datetime": "2021-09-29 17:01:22", "elapsed": 110.962341, "delta": 1.272619}}
{"target": -41.846510642704146, "params": {"C": 817.3271798401227, "gamma": 0.018451645097117716}, "datetime": {"datetime": "2021-09-29 17:01:24", "elapsed": 113.22038, "delta": 2.258039}}
{"target": -45.602893509013825, "params": {"C": 792.657870545585, "gamma": 0.18615872897644292}, "datetime": {"datetime": "2021-09-29 17:01:25", "elapsed": 114.220305, "delta": 0.999925}}
{"target": -42.87974014742708, "params": {"C": 817.1010523417041, "gamma": 0.0556693158323122}, "datetime": {"datetime": "2021-09-29 17:01:26", "elapsed": 115.517533, "delta": 1.297228}}
{"target": -46.8285380900747, "params": {"C": 856.2361589722034, "gamma": 0.32405231351210717}, "datetime": {"datetime": "2021-09-29 17:01:27", "elapsed": 116.516792, "delta": 0.999259}}
{"target": -45.97302224045683, "params": {"C": 817.3963386394305, "gamma": 0.21775852123608996}, "datetime": {"datetime": "2021-09-29 17:01:29", "elapsed": 118.043406, "delta": 1.526614}}
{"target": -41.86110176297056, "params": {"C": 816.8222290742243, "gamma": 0.01957896353638445}, "datetime": {"datetime": "2021-09-29 17:01:30", "elapsed": 119.437053, "delta": 1.393647}}
{"target": -45.57977897509172, "params": {"C": 816.6464548692575, "gamma": 0.18589576557355764}, "datetime": {"datetime": "2021-09-29 17:01:32", "elapsed": 120.713019, "delta": 1.275966}}
{"target": -47.098755152257674, "params": {"C": 816.9523480329316, "gamma": 0.37371085151619177}, "datetime": {"datetime": "2021-09-29 17:01:33", "elapsed": 121.906386, "delta": 1.193367}}
{"target": -43.13681223152998, "params": {"C": 900.8381960546883, "gamma": 0.06584710567272173}, "datetime": {"datetime": "2021-09-29 17:01:34", "elapsed": 123.608504, "delta": 1.702118}}
{"target": -46.71404308709918, "params": {"C": 900.7878549889577, "gamma": 0.3093357653501691}, "datetime": {"datetime": "2021-09-29 17:01:36", "elapsed": 125.199867, "delta": 1.591363}}
{"target": -41.83060657727374, "params": {"C": 817.4673832202939, "gamma": 0.015947105038145556}, "datetime": {"datetime": "2021-09-29 17:01:38", "elapsed": 126.846205, "delta": 1.646338}}
{"target": -41.74668973251471, "params": {"C": 901.022709214495, "gamma": 0.01546355968809874}, "datetime": {"datetime": "2021-09-29 17:01:39", "elapsed": 128.120362, "delta": 1.274157}}
{"target": -45.908487300906344, "params": {"C": 901.0769988107602, "gamma": 0.21707068729114568}, "datetime": {"datetime": "2021-09-29 17:01:41", "elapsed": 129.769988, "delta": 1.649626}}
{"target": -44.44413996282995, "params": {"C": 200.2886003794819, "gamma": 0.04307189670824764}, "datetime": {"datetime": "2021-09-29 17:01:42", "elapsed": 131.02412, "delta": 1.254132}}
{"target": -47.9397309967315, "params": {"C": 200.40351068511913, "gamma": 0.4753350183794138}, "datetime": {"datetime": "2021-09-29 17:01:43", "elapsed": 132.443991, "delta": 1.419871}}
{"target": -45.19267437749891, "params": {"C": 916.4834396955167, "gamma": 0.001097343369059714}, "datetime": {"datetime": "2021-09-29 17:01:45", "elapsed": 133.865702, "delta": 1.421711}}
{"target": -46.18240376446994, "params": {"C": 199.7665993239417, "gamma": 0.12292578406401058}, "datetime": {"datetime": "2021-09-29 17:01:46", "elapsed": 135.647411, "delta": 1.781709}}
{"target": -42.87192607812237, "params": {"C": 817.5963095852392, "gamma": 0.004247101061041327}, "datetime": {"datetime": "2021-09-29 17:01:48", "elapsed": 137.524985, "delta": 1.877574}}
{"target": -43.11794267085063, "params": {"C": 667.6502349521069, "gamma": 0.05922294534550511}, "datetime": {"datetime": "2021-09-29 17:01:50", "elapsed": 138.839402, "delta": 1.314417}}
{"target": -45.98294361926137, "params": {"C": 667.8834704678653, "gamma": 0.20591260393743993}, "datetime": {"datetime": "2021-09-29 17:01:51", "elapsed": 140.021988, "delta": 1.182586}}
{"target": -45.192460171626195, "params": {"C": 667.2983973131733, "gamma": 0.15035236808776412}, "datetime": {"datetime": "2021-09-29 17:01:53", "elapsed": 141.663639, "delta": 1.641651}}
{"target": -46.087756504880225, "params": {"C": 584.4733786806603, "gamma": 0.2050708982662029}, "datetime": {"datetime": "2021-09-29 17:01:54", "elapsed": 143.311056, "delta": 1.647417}}
{"target": -47.18728528758073, "params": {"C": 428.35209913296256, "gamma": 0.31153769160404554}, "datetime": {"datetime": "2021-09-29 17:01:56", "elapsed": 145.128821, "delta": 1.817765}}
{"target": -42.29110509887945, "params": {"C": 894.9209075758408, "gamma": 0.00581758706470103}, "datetime": {"datetime": "2021-09-29 17:01:57", "elapsed": 146.513095, "delta": 1.384274}}
{"target": -41.85841156821753, "params": {"C": 810.1820139584083, "gamma": 0.01885903470653316}, "datetime": {"datetime": "2021-09-29 17:01:59", "elapsed": 147.771777, "delta": 1.258682}}
{"target": -45.82112202695868, "params": {"C": 810.0706236052395, "gamma": 0.2042726983112731}, "datetime": {"datetime": "2021-09-29 17:02:00", "elapsed": 149.447188, "delta": 1.675411}}
{"target": -44.30508377711173, "params": {"C": 810.6318999038225, "gamma": 0.11101600270758025}, "datetime": {"datetime": "2021-09-29 17:02:02", "elapsed": 151.294599, "delta": 1.847411}}
{"target": -47.11529251654776, "params": {"C": 810.9165481220896, "gamma": 0.37692326820038136}, "datetime": {"datetime": "2021-09-29 17:02:04", "elapsed": 152.767268, "delta": 1.472669}}
{"target": -42.40226133730725, "params": {"C": 810.4118144214326, "gamma": 0.0060790092746165056}, "datetime": {"datetime": "2021-09-29 17:02:05", "elapsed": 154.400078, "delta": 1.63281}}
{"target": -46.935833250461066, "params": {"C": 336.8355325023851, "gamma": 0.239713698064292}, "datetime": {"datetime": "2021-09-29 17:02:06", "elapsed": 155.586608, "delta": 1.18653}}
{"target": -45.67578152212779, "params": {"C": 785.3969992613651, "gamma": 0.001}, "datetime": {"datetime": "2021-09-29 17:02:08", "elapsed": 157.153499, "delta": 1.566891}}
{"target": -41.78162147168286, "params": {"C": 901.1907089109567, "gamma": 0.01907192578597706}, "datetime": {"datetime": "2021-09-29 17:02:10", "elapsed": 158.768357, "delta": 1.614858}}
{"target": -42.26049716116423, "params": {"C": 816.9469419265025, "gamma": 0.0355758727244198}, "datetime": {"datetime": "2021-09-29 17:02:11", "elapsed": 160.482286, "delta": 1.713929}}
{"target": -46.30123487939012, "params": {"C": 224.00066802026888, "gamma": 0.1401630563929106}, "datetime": {"datetime": "2021-09-29 17:02:12", "elapsed": 161.648778, "delta": 1.166492}}
{"target": -44.23133950935914, "params": {"C": 769.9529211750466, "gamma": 0.1061921936957998}, "datetime": {"datetime": "2021-09-29 17:02:14", "elapsed": 162.810276, "delta": 1.161498}}
{"target": -45.288064131509984, "params": {"C": 896.9784932792801, "gamma": 0.16919328676841483}, "datetime": {"datetime": "2021-09-29 17:02:15", "elapsed": 163.894889, "delta": 1.084613}}
{"target": -44.12669833803135, "params": {"C": 950.0417771995391, "gamma": 0.10605830478062357}, "datetime": {"datetime": "2021-09-29 17:02:16", "elapsed": 165.000648, "delta": 1.105759}}
{"target": -44.29754964305175, "params": {"C": 810.6394783775507, "gamma": 0.11066326845564711}, "datetime": {"datetime": "2021-09-29 17:02:17", "elapsed": 166.217839, "delta": 1.217191}}
{"target": -46.84973999668613, "params": {"C": 949.7524437200917, "gamma": 0.33521389243206473}, "datetime": {"datetime": "2021-09-29 17:02:19", "elapsed": 167.726724, "delta": 1.508885}}
{"target": -43.21451929666807, "params": {"C": 950.459757232425, "gamma": 0.06921383655553204}, "datetime": {"datetime": "2021-09-29 17:02:20", "elapsed": 169.20921, "delta": 1.482486}}
{"target": -47.20865450979104, "params": {"C": 950.5742342027446, "gamma": 0.4156741690527696}, "datetime": {"datetime": "2021-09-29 17:02:22", "elapsed": 170.685976, "delta": 1.476766}}
{"target": -43.96271688565969, "params": {"C": 810.2721096326619, "gamma": 0.09573324193852341}, "datetime": {"datetime": "2021-09-29 17:02:24", "elapsed": 172.744041, "delta": 2.058065}}
{"target": -44.46112769154034, "params": {"C": 400.32987513484574, "gamma": 0.08787240754718866}, "datetime": {"datetime": "2021-09-29 17:02:25", "elapsed": 173.980961, "delta": 1.23692}}
{"target": -42.263895948526056, "params": {"C": 950.8411204455135, "gamma": 0.03793506838207267}, "datetime": {"datetime": "2021-09-29 17:02:26", "elapsed": 175.397554, "delta": 1.416593}}
{"target": -42.645900780870846, "params": {"C": 951.1345907305717, "gamma": 0.05006195582391043}, "datetime": {"datetime": "2021-09-29 17:02:28", "elapsed": 176.816756, "delta": 1.419202}}
{"target": -47.08822865181366, "params": {"C": 951.1543904754818, "gamma": 0.3841458154710025}, "datetime": {"datetime": "2021-09-29 17:02:30", "elapsed": 178.676791, "delta": 1.860035}}
{"target": -47.1353368060162, "params": {"C": 665.493851876286, "gamma": 0.35954899205259405}, "datetime": {"datetime": "2021-09-29 17:02:31", "elapsed": 179.933465, "delta": 1.256674}}
{"target": -47.71034689916876, "params": {"C": 139.34355053383882, "gamma": 0.2664126189904552}, "datetime": {"datetime": "2021-09-29 17:02:32", "elapsed": 181.12251, "delta": 1.189045}}
{"target": -42.99226427655701, "params": {"C": 950.7068924705538, "gamma": 0.06147811945644028}, "datetime": {"datetime": "2021-09-29 17:02:34", "elapsed": 182.865253, "delta": 1.742743}}
{"target": -46.78739342369098, "params": {"C": 360.9848815861394, "gamma": 0.22908575191338407}, "datetime": {"datetime": "2021-09-29 17:02:35", "elapsed": 184.109112, "delta": 1.243859}}
{"target": -42.464069800470774, "params": {"C": 894.3168102208191, "gamma": 0.043563558400393415}, "datetime": {"datetime": "2021-09-29 17:02:36", "elapsed": 185.364509, "delta": 1.255397}}
{"target": -47.44456234609083, "params": {"C": 400.6619115574525, "gamma": 0.3661423739956807}, "datetime": {"datetime": "2021-09-29 17:02:39", "elapsed": 187.674214, "delta": 2.309705}}
{"target": -41.87677649740721, "params": {"C": 809.7800582077144, "gamma": 0.012379158191829637}, "datetime": {"datetime": "2021-09-29 17:02:40", "elapsed": 189.319094, "delta": 1.64488}}
{"target": -44.995747084308206, "params": {"C": 296.2261470140068, "gamma": 0.09207925194676148}, "datetime": {"datetime": "2021-09-29 17:02:42", "elapsed": 190.731909, "delta": 1.412815}}
{"target": -42.01249830823438, "params": {"C": 809.6374159718524, "gamma": 0.02660934662666275}, "datetime": {"datetime": "2021-09-29 17:02:44", "elapsed": 192.684086, "delta": 1.952177}}
{"target": -46.67862779513203, "params": {"C": 809.5945456139583, "gamma": 0.29617773771761735}, "datetime": {"datetime": "2021-09-29 17:02:45", "elapsed": 194.353633, "delta": 1.669547}}
{"target": -44.12126913678646, "params": {"C": 951.4246323366064, "gamma": 0.10583097082425329}, "datetime": {"datetime": "2021-09-29 17:02:47", "elapsed": 195.948366, "delta": 1.594733}}
{"target": -42.05371301341672, "params": {"C": 809.4016533980633, "gamma": 0.02818684648792359}, "datetime": {"datetime": "2021-09-29 17:02:49", "elapsed": 197.937147, "delta": 1.988781}}
{"target": -43.49277266852128, "params": {"C": 809.2354244348656, "gamma": 0.07698563406640783}, "datetime": {"datetime": "2021-09-29 17:02:50", "elapsed": 199.610752, "delta": 1.673605}}
{"target": -45.27338398757814, "params": {"C": 399.86331851995834, "gamma": 0.12456641969553375}, "datetime": {"datetime": "2021-09-29 17:02:52", "elapsed": 201.564957, "delta": 1.954205}}
{"target": -41.89674623735998, "params": {"C": 900.4809068070962, "gamma": 0.00907545940851669}, "datetime": {"datetime": "2021-09-29 17:02:56", "elapsed": 204.687423, "delta": 3.122466}}
{"target": -46.032191694090784, "params": {"C": 900.3280235903779, "gamma": 0.22832897430220572}, "datetime": {"datetime": "2021-09-29 17:03:00", "elapsed": 209.297472, "delta": 4.610049}}
{"target": -41.906817835729186, "params": {"C": 809.9553330283693, "gamma": 0.011375089569188226}, "datetime": {"datetime": "2021-09-29 17:03:04", "elapsed": 213.297441, "delta": 3.999969}}
{"target": -42.61829413611818, "params": {"C": 900.5965977883039, "gamma": 0.04857426148746367}, "datetime": {"datetime": "2021-09-29 17:03:06", "elapsed": 214.96132, "delta": 1.663879}}
{"target": -42.36514902453629, "params": {"C": 952.0581115674798, "gamma": 0.04115412279634267}, "datetime": {"datetime": "2021-09-29 17:03:07", "elapsed": 216.403644, "delta": 1.442324}}
{"target": -46.28614508257568, "params": {"C": 952.0191318955045, "gamma": 0.2571253234561689}, "datetime": {"datetime": "2021-09-29 17:03:09", "elapsed": 217.893511, "delta": 1.489867}}
{"target": -46.34894102386007, "params": {"C": 174.67410312893824, "gamma": 0.12217148822516295}, "datetime": {"datetime": "2021-09-29 17:03:10", "elapsed": 219.142555, "delta": 1.249044}}
{"target": -45.04292973345901, "params": {"C": 952.4719281793372, "gamma": 0.1551311485297822}, "datetime": {"datetime": "2021-09-29 17:03:12", "elapsed": 221.292952, "delta": 2.150397}}
{"target": -42.2877918436208, "params": {"C": 951.6867185445873, "gamma": 0.038702902251128934}, "datetime": {"datetime": "2021-09-29 17:03:14", "elapsed": 222.786435, "delta": 1.493483}}
{"target": -45.141119680167506, "params": {"C": 808.7710808687523, "gamma": 0.15589604096124604}, "datetime": {"datetime": "2021-09-29 17:03:15", "elapsed": 224.363576, "delta": 1.577141}}
{"target": -43.80800225980696, "params": {"C": 478.29459283499676, "gamma": 0.07164611506829}, "datetime": {"datetime": "2021-09-29 17:03:17", "elapsed": 226.2664, "delta": 1.902824}}
