{"target": -35.897363787368036, "params": {"C": 7833.812293053671, "gamma": 0.00697261543141396}, "datetime": {"datetime": "2021-09-28 19:08:30", "elapsed": 167.759326, "delta": 1.001426}}
{"target": -35.271020458711476, "params": {"C": 8690.218993438131, "gamma": 0.012865110076049072}, "datetime": {"datetime": "2021-09-28 19:08:32", "elapsed": 168.797396, "delta": 1.03807}}
{"target": -34.83644537573441, "params": {"C": 7757.425871587492, "gamma": 0.020641212851476395}, "datetime": {"datetime": "2021-09-28 19:08:32", "elapsed": 169.758463, "delta": 0.961067}}
{"target": -35.15424509502672, "params": {"C": 7598.034507789073, "gamma": 0.06091216327932252}, "datetime": {"datetime": "2021-09-28 19:08:34", "elapsed": 171.257286, "delta": 1.498823}}
{"target": -35.40680343107832, "params": {"C": 8596.705977916912, "gamma": 0.07396011702373118}, "datetime": {"datetime": "2021-09-28 19:08:35", "elapsed": 172.296941, "delta": 1.039655}}
{"target": -34.99935925588182, "params": {"C": 7652.337229358407, "gamma": 0.05272512225162715}, "datetime": {"datetime": "2021-09-28 19:08:36", "elapsed": 173.544187, "delta": 1.247246}}
{"target": -34.82429376246012, "params": {"C": 7593.5354714906425, "gamma": 0.04272780567559614}, "datetime": {"datetime": "2021-09-28 19:08:37", "elapsed": 174.624775, "delta": 1.080588}}
{"target": -35.47465124960605, "params": {"C": 7561.228963656416, "gamma": 0.011337082663744755}, "datetime": {"datetime": "2021-09-28 19:08:38", "elapsed": 175.626598, "delta": 1.001823}}
{"target": -35.43315757826879, "params": {"C": 7830.803840602882, "gamma": 0.07572064000310141}, "datetime": {"datetime": "2021-09-28 19:08:40", "elapsed": 176.920778, "delta": 1.29418}}
{"target": -35.34768971432137, "params": {"C": 8393.720979705957, "gamma": 0.07114814624873918}, "datetime": {"datetime": "2021-09-28 19:08:41", "elapsed": 177.92534, "delta": 1.004562}}
{"target": -34.75963382680967, "params": {"C": 7630.452153380541, "gamma": 0.026427691743471995}, "datetime": {"datetime": "2021-09-28 19:08:42", "elapsed": 178.999235, "delta": 1.073895}}
{"target": -34.805494978172355, "params": {"C": 7741.932008695192, "gamma": 0.022378609842682123}, "datetime": {"datetime": "2021-09-28 19:08:43", "elapsed": 180.245814, "delta": 1.246579}}
{"target": -35.86040206531896, "params": {"C": 7235.554522250626, "gamma": 0.007362129193258823}, "datetime": {"datetime": "2021-09-28 19:08:44", "elapsed": 181.644463, "delta": 1.398649}}
{"target": -35.34065885841752, "params": {"C": 7752.799320282145, "gamma": 0.07106456663841582}, "datetime": {"datetime": "2021-09-28 19:08:45", "elapsed": 182.636145, "delta": 0.991682}}
{"target": -35.44660621321735, "params": {"C": 8564.34655991568, "gamma": 0.011194966438702002}, "datetime": {"datetime": "2021-09-28 19:08:47", "elapsed": 184.425055, "delta": 1.78891}}
{"target": -34.761650474052374, "params": {"C": 8798.65137887586, "gamma": 0.022019790200984417}, "datetime": {"datetime": "2021-09-28 19:08:48", "elapsed": 185.507001, "delta": 1.081946}}
{"target": -35.16001685659935, "params": {"C": 8316.561993011512, "gamma": 0.06119543004649601}, "datetime": {"datetime": "2021-09-28 19:08:49", "elapsed": 186.689608, "delta": 1.182607}}
{"target": -34.77893245226479, "params": {"C": 7593.943847549992, "gamma": 0.039741038273107834}, "datetime": {"datetime": "2021-09-28 19:08:51", "elapsed": 187.994005, "delta": 1.304397}}
{"target": -35.214090458283195, "params": {"C": 7118.947783615061, "gamma": 0.06412854937152382}, "datetime": {"datetime": "2021-09-28 19:08:53", "elapsed": 189.917424, "delta": 1.923419}}
{"target": -34.75852724825651, "params": {"C": 7991.211671742531, "gamma": 0.038673918863507524}, "datetime": {"datetime": "2021-09-28 19:08:54", "elapsed": 191.038053, "delta": 1.120629}}
{"target": -35.04770104116839, "params": {"C": 8361.85392336646, "gamma": 0.05488710075067454}, "datetime": {"datetime": "2021-09-28 19:08:55", "elapsed": 192.487193, "delta": 1.44914}}
{"target": -34.76962337927289, "params": {"C": 7166.916307287422, "gamma": 0.038364474011370206}, "datetime": {"datetime": "2021-09-28 19:08:56", "elapsed": 193.538099, "delta": 1.050906}}
{"target": -35.37473924247943, "params": {"C": 8920.449409404238, "gamma": 0.07220814271383331}, "datetime": {"datetime": "2021-09-28 19:08:57", "elapsed": 194.571112, "delta": 1.033013}}
{"target": -35.18480483777516, "params": {"C": 8867.514691828243, "gamma": 0.013744450370436742}, "datetime": {"datetime": "2021-09-28 19:08:58", "elapsed": 195.601965, "delta": 1.030853}}
{"target": -34.72907205451175, "params": {"C": 7546.538981941889, "gamma": 0.034620401529921685}, "datetime": {"datetime": "2021-09-28 19:09:00", "elapsed": 196.923138, "delta": 1.321173}}
{"target": -34.7359730123285, "params": {"C": 7176.689313119223, "gamma": 0.03261382840728585}, "datetime": {"datetime": "2021-09-28 19:09:01", "elapsed": 197.995738, "delta": 1.0726}}
{"target": -34.75009441714798, "params": {"C": 8619.626520195676, "gamma": 0.03792739738365325}, "datetime": {"datetime": "2021-09-28 19:09:02", "elapsed": 199.053048, "delta": 1.05731}}
{"target": -35.07784516994331, "params": {"C": 8960.37214628311, "gamma": 0.05603905973563997}, "datetime": {"datetime": "2021-09-28 19:09:03", "elapsed": 200.440419, "delta": 1.387371}}
{"target": -36.250543139687835, "params": {"C": 7985.161624687268, "gamma": 0.0030023369492434525}, "datetime": {"datetime": "2021-09-28 19:09:04", "elapsed": 201.528848, "delta": 1.088429}}
{"target": -35.20086203328201, "params": {"C": 8577.29798667587, "gamma": 0.06327403648258503}, "datetime": {"datetime": "2021-09-28 19:09:05", "elapsed": 202.568156, "delta": 1.039308}}
{"target": -34.74506193182792, "params": {"C": 8072.073795939397, "gamma": 0.025624335235776834}, "datetime": {"datetime": "2021-09-28 19:09:07", "elapsed": 204.035162, "delta": 1.467006}}
{"target": -35.77569872541525, "params": {"C": 8552.839127540185, "gamma": 0.008057766920947229}, "datetime": {"datetime": "2021-09-28 19:09:08", "elapsed": 205.322434, "delta": 1.287272}}
{"target": -34.94604576895989, "params": {"C": 8837.533693109175, "gamma": 0.04884143784419492}, "datetime": {"datetime": "2021-09-28 19:09:09", "elapsed": 206.448357, "delta": 1.125923}}
{"target": -35.043773555662206, "params": {"C": 8406.796104157924, "gamma": 0.05462245798503643}, "datetime": {"datetime": "2021-09-28 19:09:10", "elapsed": 207.520298, "delta": 1.071941}}
{"target": -34.80658057167766, "params": {"C": 8529.206459954992, "gamma": 0.020325638461856397}, "datetime": {"datetime": "2021-09-28 19:09:11", "elapsed": 208.659995, "delta": 1.139697}}
{"target": -35.283675382930234, "params": {"C": 8481.390009638797, "gamma": 0.06767534136227331}, "datetime": {"datetime": "2021-09-28 19:09:12", "elapsed": 209.748052, "delta": 1.088057}}
{"target": -35.36697687582833, "params": {"C": 7136.668766625236, "gamma": 0.0726192576848811}, "datetime": {"datetime": "2021-09-28 19:09:14", "elapsed": 210.823383, "delta": 1.075331}}
{"target": -34.90999065231718, "params": {"C": 7228.835793970533, "gamma": 0.047862594032830184}, "datetime": {"datetime": "2021-09-28 19:09:15", "elapsed": 211.933268, "delta": 1.109885}}
{"target": -35.167123202931904, "params": {"C": 7909.475253983468, "gamma": 0.06159049966936605}, "datetime": {"datetime": "2021-09-28 19:09:16", "elapsed": 213.022535, "delta": 1.089267}}
{"target": -34.694368556761255, "params": {"C": 8706.079783047917, "gamma": 0.02700525662750726}, "datetime": {"datetime": "2021-09-28 19:09:17", "elapsed": 214.105082, "delta": 1.082547}}
{"target": -34.901547696320215, "params": {"C": 8663.260031278143, "gamma": 0.046498346636506545}, "datetime": {"datetime": "2021-09-28 19:09:18", "elapsed": 215.457849, "delta": 1.352767}}
{"target": -34.86733018155177, "params": {"C": 7706.365949554673, "gamma": 0.04511507021398547}, "datetime": {"datetime": "2021-09-28 19:09:20", "elapsed": 217.052884, "delta": 1.595035}}
{"target": -34.82243551487967, "params": {"C": 7408.93521377072, "gamma": 0.04260623841829938}, "datetime": {"datetime": "2021-09-28 19:09:21", "elapsed": 218.448928, "delta": 1.396044}}
{"target": -35.38090134464116, "params": {"C": 7484.561290518703, "gamma": 0.07320064173574406}, "datetime": {"datetime": "2021-09-28 19:09:22", "elapsed": 219.527708, "delta": 1.07878}}
{"target": -34.80187667018483, "params": {"C": 8272.463256574501, "gamma": 0.02114788550228577}, "datetime": {"datetime": "2021-09-28 19:09:24", "elapsed": 221.03579, "delta": 1.508082}}
{"target": -35.22240717190947, "params": {"C": 8367.01271509008, "gamma": 0.06444277603902376}, "datetime": {"datetime": "2021-09-28 19:09:25", "elapsed": 222.160469, "delta": 1.124679}}
{"target": -34.722875752354085, "params": {"C": 7411.263995198709, "gamma": 0.03279402491041226}, "datetime": {"datetime": "2021-09-28 19:09:26", "elapsed": 223.345151, "delta": 1.184682}}
{"target": -34.940317700351315, "params": {"C": 8528.508385547655, "gamma": 0.04872297338011166}, "datetime": {"datetime": "2021-09-28 19:09:27", "elapsed": 224.473694, "delta": 1.128543}}
{"target": -35.43520604031602, "params": {"C": 7769.29997011403, "gamma": 0.07580928305177478}, "datetime": {"datetime": "2021-09-28 19:09:29", "elapsed": 225.948104, "delta": 1.47441}}
{"target": -35.054966056309034, "params": {"C": 7706.970493609269, "gamma": 0.05575799759081964}, "datetime": {"datetime": "2021-09-28 19:09:30", "elapsed": 227.499729, "delta": 1.551625}}
{"target": -34.716419676446364, "params": {"C": 7633.732617632304, "gamma": 0.03307046923657711}, "datetime": {"datetime": "2021-09-28 19:09:32", "elapsed": 229.27666, "delta": 1.776931}}
{"target": -34.86662074464756, "params": {"C": 7978.76153648377, "gamma": 0.01876352583524787}, "datetime": {"datetime": "2021-09-28 19:09:33", "elapsed": 230.459462, "delta": 1.182802}}
{"target": -35.114670746219865, "params": {"C": 8016.891790518785, "gamma": 0.05886307060804206}, "datetime": {"datetime": "2021-09-28 19:09:34", "elapsed": 231.652756, "delta": 1.193294}}
{"target": -34.81819486752818, "params": {"C": 7023.475516669921, "gamma": 0.04196658102717065}, "datetime": {"datetime": "2021-09-28 19:09:36", "elapsed": 232.825233, "delta": 1.172477}}
{"target": -34.77107155211102, "params": {"C": 7113.318157112372, "gamma": 0.028301577717491498}, "datetime": {"datetime": "2021-09-28 19:09:37", "elapsed": 234.292534, "delta": 1.467301}}
{"target": -34.68210200043906, "params": {"C": 8642.02106488487, "gamma": 0.031205562475621864}, "datetime": {"datetime": "2021-09-28 19:09:39", "elapsed": 235.888788, "delta": 1.596254}}
{"target": -34.76856890509122, "params": {"C": 7324.855850887865, "gamma": 0.0272277888504985}, "datetime": {"datetime": "2021-09-28 19:09:40", "elapsed": 237.073731, "delta": 1.184943}}
{"target": -34.85518841405754, "params": {"C": 8849.857999304135, "gamma": 0.017971781071169052}, "datetime": {"datetime": "2021-09-28 19:09:41", "elapsed": 238.277244, "delta": 1.203513}}
{"target": -35.7162267758274, "params": {"C": 8791.24983634628, "gamma": 0.008583296932110959}, "datetime": {"datetime": "2021-09-28 19:09:42", "elapsed": 239.459442, "delta": 1.182198}}
{"target": -35.12682579972196, "params": {"C": 7432.189826672061, "gamma": 0.05945193734714025}, "datetime": {"datetime": "2021-09-28 19:09:43", "elapsed": 240.62349, "delta": 1.164048}}
{"target": -34.773197177370214, "params": {"C": 8486.373876794512, "gamma": 0.03945810905516056}, "datetime": {"datetime": "2021-09-28 19:09:45", "elapsed": 241.857165, "delta": 1.233675}}
{"target": -35.34300700542026, "params": {"C": 8676.889119346853, "gamma": 0.07079192151355972}, "datetime": {"datetime": "2021-09-28 19:09:46", "elapsed": 243.417047, "delta": 1.559882}}
{"target": -35.601727217476295, "params": {"C": 8386.021342638933, "gamma": 0.009761600360093593}, "datetime": {"datetime": "2021-09-28 19:09:48", "elapsed": 244.993009, "delta": 1.575962}}
{"target": -34.78697460819878, "params": {"C": 8560.455855946777, "gamma": 0.021199130334404882}, "datetime": {"datetime": "2021-09-28 19:09:49", "elapsed": 246.155216, "delta": 1.162207}}
{"target": -35.36627315396459, "params": {"C": 8365.435226073843, "gamma": 0.012075550210041978}, "datetime": {"datetime": "2021-09-28 19:09:50", "elapsed": 247.39271, "delta": 1.237494}}
{"target": -34.74477539277906, "params": {"C": 7393.071994051061, "gamma": 0.036158205736199704}, "datetime": {"datetime": "2021-09-28 19:09:51", "elapsed": 248.634566, "delta": 1.241856}}
{"target": -35.26027886282999, "params": {"C": 7518.502127119289, "gamma": 0.06664338092936961}, "datetime": {"datetime": "2021-09-28 19:09:53", "elapsed": 249.927672, "delta": 1.293106}}
{"target": -34.90568459104842, "params": {"C": 7969.26026496969, "gamma": 0.04713368898232612}, "datetime": {"datetime": "2021-09-28 19:09:54", "elapsed": 251.589177, "delta": 1.661505}}
{"target": -35.47799635307471, "params": {"C": 7097.097329653531, "gamma": 0.07731442625216872}, "datetime": {"datetime": "2021-09-28 19:09:56", "elapsed": 253.170473, "delta": 1.581296}}
{"target": -34.73013002166175, "params": {"C": 7746.407330206568, "gamma": 0.028687097800087016}, "datetime": {"datetime": "2021-09-28 19:09:57", "elapsed": 254.38604, "delta": 1.215567}}
{"target": -34.74500109015543, "params": {"C": 7062.9740075022755, "gamma": 0.03235056922566321}, "datetime": {"datetime": "2021-09-28 19:09:58", "elapsed": 255.577282, "delta": 1.191242}}
{"target": -34.7380388778424, "params": {"C": 7106.052749125775, "gamma": 0.03312521044019125}, "datetime": {"datetime": "2021-09-28 19:10:00", "elapsed": 256.806837, "delta": 1.229555}}
{"target": -35.01700733086629, "params": {"C": 8510.470716774158, "gamma": 0.05301852214699633}, "datetime": {"datetime": "2021-09-28 19:10:01", "elapsed": 258.472607, "delta": 1.66577}}
{"target": -34.67343651831808, "params": {"C": 8875.442933444061, "gamma": 0.028547038921739983}, "datetime": {"datetime": "2021-09-28 19:10:03", "elapsed": 260.718265, "delta": 2.245658}}
{"target": -34.86911794820105, "params": {"C": 7113.334832971656, "gamma": 0.02053629504791519}, "datetime": {"datetime": "2021-09-28 19:10:05", "elapsed": 262.016123, "delta": 1.297858}}
{"target": -36.10366067560464, "params": {"C": 8496.675264259196, "gamma": 0.004829249213056972}, "datetime": {"datetime": "2021-09-28 19:10:07", "elapsed": 263.833969, "delta": 1.817846}}
{"target": -34.78651060184618, "params": {"C": 8276.583908726632, "gamma": 0.04028560265976847}, "datetime": {"datetime": "2021-09-28 19:10:08", "elapsed": 265.10847, "delta": 1.274501}}
{"target": -35.39938747345114, "params": {"C": 8216.150866295942, "gamma": 0.07379486008480927}, "datetime": {"datetime": "2021-09-28 19:10:09", "elapsed": 266.385338, "delta": 1.276868}}
{"target": -34.780194260327846, "params": {"C": 8584.909395209983, "gamma": 0.021489037714522055}, "datetime": {"datetime": "2021-09-28 19:10:11", "elapsed": 267.813461, "delta": 1.428123}}
{"target": -34.796167738171604, "params": {"C": 8793.730367671496, "gamma": 0.040626173711801536}, "datetime": {"datetime": "2021-09-28 19:10:12", "elapsed": 269.557334, "delta": 1.743873}}
{"target": -34.70433740490301, "params": {"C": 8276.561740363913, "gamma": 0.028216484505884955}, "datetime": {"datetime": "2021-09-28 19:10:14", "elapsed": 271.265231, "delta": 1.707897}}
{"target": -35.44126054103316, "params": {"C": 8123.276942759034, "gamma": 0.011433500186701518}, "datetime": {"datetime": "2021-09-28 19:10:15", "elapsed": 272.532478, "delta": 1.267247}}
{"target": -35.06857185446034, "params": {"C": 8579.231626013849, "gamma": 0.05587511672273568}, "datetime": {"datetime": "2021-09-28 19:10:18", "elapsed": 275.616263, "delta": 3.083785}}
{"target": -34.68349852544337, "params": {"C": 8424.692661047016, "gamma": 0.03055947768239776}, "datetime": {"datetime": "2021-09-28 19:10:21", "elapsed": 277.776669, "delta": 2.160406}}
{"target": -34.780624468380125, "params": {"C": 7554.241080922977, "gamma": 0.03981881398745069}, "datetime": {"datetime": "2021-09-28 19:10:22", "elapsed": 279.103643, "delta": 1.326974}}
{"target": -34.79131453933607, "params": {"C": 8579.260091660235, "gamma": 0.020943813283487933}, "datetime": {"datetime": "2021-09-28 19:10:24", "elapsed": 280.827455, "delta": 1.723812}}
{"target": -36.06438805768332, "params": {"C": 7668.879362534921, "gamma": 0.0051260941313629295}, "datetime": {"datetime": "2021-09-28 19:10:25", "elapsed": 282.263964, "delta": 1.436509}}
{"target": -34.8099874751323, "params": {"C": 8081.960890796713, "gamma": 0.021205555744835663}, "datetime": {"datetime": "2021-09-28 19:10:27", "elapsed": 284.072668, "delta": 1.808704}}
{"target": -34.893610636613616, "params": {"C": 8496.651182542604, "gamma": 0.04615188675417396}, "datetime": {"datetime": "2021-09-28 19:10:29", "elapsed": 286.273964, "delta": 2.201296}}
{"target": -35.08225190136663, "params": {"C": 7590.669917633832, "gamma": 0.05714443527719183}, "datetime": {"datetime": "2021-09-28 19:10:31", "elapsed": 288.206206, "delta": 1.932242}}
{"target": -35.49820215433803, "params": {"C": 7178.37747526478, "gamma": 0.07821637006777853}, "datetime": {"datetime": "2021-09-28 19:10:32", "elapsed": 289.580318, "delta": 1.374112}}
{"target": -34.7283740490347, "params": {"C": 7730.267118979917, "gamma": 0.02898022225151674}, "datetime": {"datetime": "2021-09-28 19:10:34", "elapsed": 290.95692, "delta": 1.376602}}
{"target": -35.29193735629265, "params": {"C": 8642.01338878234, "gamma": 0.012680927913480602}, "datetime": {"datetime": "2021-09-28 19:10:36", "elapsed": 292.859163, "delta": 1.902243}}
{"target": -34.97021370701086, "params": {"C": 7821.335966134117, "gamma": 0.0509052820190488}, "datetime": {"datetime": "2021-09-28 19:10:37", "elapsed": 294.47378, "delta": 1.614617}}
{"target": -35.34361578992315, "params": {"C": 8586.987029225718, "gamma": 0.07086264540870145}, "datetime": {"datetime": "2021-09-28 19:10:39", "elapsed": 295.856759, "delta": 1.382979}}
{"target": -35.588159299051014, "params": {"C": 8923.020918613856, "gamma": 0.009737236793179975}, "datetime": {"datetime": "2021-09-28 19:10:40", "elapsed": 297.234865, "delta": 1.378106}}
{"target": -34.85810912941407, "params": {"C": 7411.245256651472, "gamma": 0.04475758717597864}, "datetime": {"datetime": "2021-09-28 19:10:42", "elapsed": 299.018677, "delta": 1.783812}}
{"target": -34.79767467526908, "params": {"C": 7593.5314571192, "gamma": 0.04112467175550236}, "datetime": {"datetime": "2021-09-28 19:10:43", "elapsed": 300.432185, "delta": 1.413508}}
{"target": -34.93050757122518, "params": {"C": 8854.758720802145, "gamma": 0.04797869935670142}, "datetime": {"datetime": "2021-09-28 19:10:45", "elapsed": 301.81816, "delta": 1.385975}}
{"target": -34.75363897995788, "params": {"C": 7928.477773281077, "gamma": 0.025545919591125992}, "datetime": {"datetime": "2021-09-28 19:10:46", "elapsed": 303.711907, "delta": 1.893747}}
{"target": -34.75325561346531, "params": {"C": 7435.088478889378, "gamma": 0.03735103776572256}, "datetime": {"datetime": "2021-09-28 19:10:48", "elapsed": 305.025858, "delta": 1.313951}}
{"target": -34.99551790065418, "params": {"C": 8276.611821337465, "gamma": 0.01636183576972044}, "datetime": {"datetime": "2021-09-28 19:10:50", "elapsed": 307.293424, "delta": 2.267566}}
{"target": -34.801786212183956, "params": {"C": 8708.980822937785, "gamma": 0.04096973650987399}, "datetime": {"datetime": "2021-09-28 19:10:51", "elapsed": 308.665683, "delta": 1.372259}}
{"target": -35.07821117011938, "params": {"C": 7475.408692506803, "gamma": 0.05691417582728951}, "datetime": {"datetime": "2021-09-28 19:10:53", "elapsed": 310.102804, "delta": 1.437121}}
{"target": -34.829989337353275, "params": {"C": 8384.468410850148, "gamma": 0.019536596842821382}, "datetime": {"datetime": "2021-09-28 19:10:54", "elapsed": 311.584337, "delta": 1.481533}}
{"target": -35.95510665873499, "params": {"C": 7563.9491314024945, "gamma": 0.0063890168087859895}, "datetime": {"datetime": "2021-09-28 19:10:57", "elapsed": 313.829094, "delta": 2.244757}}
{"target": -34.96918334223087, "params": {"C": 8168.131961288233, "gamma": 0.016778778172821817}, "datetime": {"datetime": "2021-09-28 19:10:59", "elapsed": 316.311893, "delta": 2.482799}}
{"target": -34.802637370334466, "params": {"C": 8310.963601796526, "gamma": 0.02101649381285336}, "datetime": {"datetime": "2021-09-28 19:11:00", "elapsed": 317.721959, "delta": 1.410066}}
{"target": -34.752736022449064, "params": {"C": 7826.482076478759, "gamma": 0.02608541609767129}, "datetime": {"datetime": "2021-09-28 19:11:02", "elapsed": 319.201594, "delta": 1.479635}}
{"target": -35.76223132556132, "params": {"C": 8082.003053034005, "gamma": 0.008255973720705516}, "datetime": {"datetime": "2021-09-28 19:11:04", "elapsed": 321.225803, "delta": 2.024209}}
{"target": -34.78000592999205, "params": {"C": 8579.228006155636, "gamma": 0.021515241401285603}, "datetime": {"datetime": "2021-09-28 19:11:06", "elapsed": 322.974424, "delta": 1.748621}}
{"target": -34.956993264095644, "params": {"C": 8712.180664685844, "gamma": 0.04952582371976348}, "datetime": {"datetime": "2021-09-28 19:11:07", "elapsed": 324.413929, "delta": 1.439505}}
{"target": -34.83593650498735, "params": {"C": 8208.359511536937, "gamma": 0.043085806878600544}, "datetime": {"datetime": "2021-09-28 19:11:10", "elapsed": 326.778882, "delta": 2.364953}}
{"target": -35.05094236263548, "params": {"C": 8787.875592810648, "gamma": 0.05468809513955889}, "datetime": {"datetime": "2021-09-28 19:11:11", "elapsed": 328.641067, "delta": 1.862185}}
{"target": -35.69881112806155, "params": {"C": 8875.457853084412, "gamma": 0.008728993298285574}, "datetime": {"datetime": "2021-09-28 19:11:13", "elapsed": 330.539505, "delta": 1.898438}}
{"target": -34.81495166598692, "params": {"C": 8642.008063914725, "gamma": 0.041726377143016406}, "datetime": {"datetime": "2021-09-28 19:11:16", "elapsed": 332.838687, "delta": 2.299182}}
