{"target": -35.50357936599005, "params": {"C": 3035.120924124618, "gamma": 0.10212466869215911}, "datetime": {"datetime": "2021-09-28 15:37:01", "elapsed": 419.786689, "delta": 2.46667}}
{"target": -34.675264452257004, "params": {"C": 3559.5696592322006, "gamma": 0.037012685137957455}, "datetime": {"datetime": "2021-09-28 15:37:05", "elapsed": 423.606836, "delta": 3.820147}}
{"target": -34.97595202511855, "params": {"C": 3459.6090074611184, "gamma": 0.06766057262466438}, "datetime": {"datetime": "2021-09-28 15:37:07", "elapsed": 426.455215, "delta": 2.848379}}
{"target": -36.18446213683551, "params": {"C": 3379.6793352794684, "gamma": 0.011387858580927848}, "datetime": {"datetime": "2021-09-28 15:37:10", "elapsed": 428.754666, "delta": 2.299451}}
{"target": -36.006859831399595, "params": {"C": 3250.180576896925, "gamma": 0.012972580728741693}, "datetime": {"datetime": "2021-09-28 15:37:13", "elapsed": 431.651725, "delta": 2.897059}}
{"target": -35.40644602938383, "params": {"C": 3242.8562813129515, "gamma": 0.018682566804113464}, "datetime": {"datetime": "2021-09-28 15:37:16", "elapsed": 435.140187, "delta": 3.488462}}
{"target": -35.087506512446225, "params": {"C": 3324.019612344446, "gamma": 0.07554071452188797}, "datetime": {"datetime": "2021-09-28 15:37:20", "elapsed": 438.812937, "delta": 3.67275}}
{"target": -34.98142823318744, "params": {"C": 3605.3394656793057, "gamma": 0.06839753686849534}, "datetime": {"datetime": "2021-09-28 15:37:25", "elapsed": 444.206543, "delta": 5.393606}}
{"target": -36.239790685716535, "params": {"C": 3051.1859725979075, "gamma": 0.011690925817317357}, "datetime": {"datetime": "2021-09-28 15:37:28", "elapsed": 446.98364, "delta": 2.777097}}
{"target": -35.26055902007869, "params": {"C": 3559.575475417072, "gamma": 0.0876601507904665}, "datetime": {"datetime": "2021-09-28 15:37:30", "elapsed": 449.397178, "delta": 2.413538}}
{"target": -35.018376688312955, "params": {"C": 3345.9935661302566, "gamma": 0.07052431492405241}, "datetime": {"datetime": "2021-09-28 15:37:33", "elapsed": 452.308392, "delta": 2.911214}}
{"target": -35.03393440434229, "params": {"C": 3582.670147557717, "gamma": 0.07215291256343302}, "datetime": {"datetime": "2021-09-28 15:37:36", "elapsed": 454.535485, "delta": 2.227093}}
{"target": -34.81799673028052, "params": {"C": 3559.5214892474687, "gamma": 0.055705136860827474}, "datetime": {"datetime": "2021-09-28 15:37:38", "elapsed": 456.802726, "delta": 2.267241}}
{"target": -34.721415118362465, "params": {"C": 3559.5884964440493, "gamma": 0.04701640270603768}, "datetime": {"datetime": "2021-09-28 15:37:41", "elapsed": 459.484121, "delta": 2.681395}}
{"target": -34.78479133348167, "params": {"C": 3323.707989619107, "gamma": 0.05182282605535394}, "datetime": {"datetime": "2021-09-28 15:37:45", "elapsed": 463.631468, "delta": 4.147347}}
{"target": -35.35751280761636, "params": {"C": 3051.133257250253, "gamma": 0.09328508746315896}, "datetime": {"datetime": "2021-09-28 15:37:47", "elapsed": 466.34347, "delta": 2.712002}}
{"target": -36.61184459887616, "params": {"C": 3543.260222637215, "gamma": 0.17746236794870918}, "datetime": {"datetime": "2021-09-28 15:37:50", "elapsed": 468.618244, "delta": 2.274774}}
{"target": -35.37412653363424, "params": {"C": 3323.888969417535, "gamma": 0.09424632784834944}, "datetime": {"datetime": "2021-09-28 15:37:54", "elapsed": 473.326143, "delta": 4.707899}}
{"target": -34.754993225208686, "params": {"C": 3559.4717936090224, "gamma": 0.05022942920734362}, "datetime": {"datetime": "2021-09-28 15:37:58", "elapsed": 476.606975, "delta": 3.280832}}
{"target": -34.77482975077859, "params": {"C": 3559.421280584454, "gamma": 0.052016644590649905}, "datetime": {"datetime": "2021-09-28 15:38:00", "elapsed": 479.431042, "delta": 2.824067}}
{"target": -36.433871532572184, "params": {"C": 3600.763627228167, "gamma": 0.16325157328641646}, "datetime": {"datetime": "2021-09-28 15:38:03", "elapsed": 481.684577, "delta": 2.253535}}
{"target": -36.751837359870926, "params": {"C": 3605.351763264196, "gamma": 0.007662469056500979}, "datetime": {"datetime": "2021-09-28 15:38:06", "elapsed": 484.53625, "delta": 2.851673}}
{"target": -36.16700650359482, "params": {"C": 3861.4157607735306, "gamma": 0.1444083069235484}, "datetime": {"datetime": "2021-09-28 15:38:07", "elapsed": 486.360856, "delta": 1.824606}}
{"target": -34.67114435647407, "params": {"C": 3723.545273799191, "gamma": 0.04091946292339594}, "datetime": {"datetime": "2021-09-28 15:38:10", "elapsed": 489.224012, "delta": 2.863156}}
{"target": -34.873149519670775, "params": {"C": 3242.780176382321, "gamma": 0.02552524288042978}, "datetime": {"datetime": "2021-09-28 15:38:12", "elapsed": 491.172008, "delta": 1.947996}}
{"target": -34.78603009380718, "params": {"C": 3723.5752156943577, "gamma": 0.053639180686828374}, "datetime": {"datetime": "2021-09-28 15:38:15", "elapsed": 493.61682, "delta": 2.444812}}
{"target": -34.89345083235104, "params": {"C": 3051.245706650506, "gamma": 0.059903796892908465}, "datetime": {"datetime": "2021-09-28 15:38:18", "elapsed": 496.544777, "delta": 2.927957}}
{"target": -35.71602884664608, "params": {"C": 3559.429232615902, "gamma": 0.014812702713443423}, "datetime": {"datetime": "2021-09-28 15:38:20", "elapsed": 499.301166, "delta": 2.756389}}
{"target": -35.56502197328173, "params": {"C": 3559.457520348682, "gamma": 0.1051677441448378}, "datetime": {"datetime": "2021-09-28 15:38:25", "elapsed": 504.259506, "delta": 4.95834}}
{"target": -35.17032676637048, "params": {"C": 3459.652175901605, "gamma": 0.08172724090989812}, "datetime": {"datetime": "2021-09-28 15:38:28", "elapsed": 506.649384, "delta": 2.389878}}
{"target": -34.77615180032207, "params": {"C": 3723.576794540739, "gamma": 0.05279868383497314}, "datetime": {"datetime": "2021-09-28 15:38:29", "elapsed": 508.333166, "delta": 1.683782}}
{"target": -34.91439714364214, "params": {"C": 3273.328609962926, "gamma": 0.02445084428929681}, "datetime": {"datetime": "2021-09-28 15:38:31", "elapsed": 510.333346, "delta": 2.00018}}
{"target": -36.677784534768065, "params": {"C": 3494.1126014976903, "gamma": 0.18336148341452624}, "datetime": {"datetime": "2021-09-28 15:38:33", "elapsed": 512.306757, "delta": 1.973411}}
{"target": -34.997003292346584, "params": {"C": 3051.1912738042734, "gamma": 0.0680943771401962}, "datetime": {"datetime": "2021-09-28 15:38:38", "elapsed": 516.746177, "delta": 4.43942}}
{"target": -35.94796024553485, "params": {"C": 3723.57868904696, "gamma": 0.012491859322562568}, "datetime": {"datetime": "2021-09-28 15:38:41", "elapsed": 520.026652, "delta": 3.280475}}
{"target": -34.91971895056864, "params": {"C": 3723.6197104976045, "gamma": 0.06412681108079374}, "datetime": {"datetime": "2021-09-28 15:38:44", "elapsed": 523.080262, "delta": 3.05361}}
{"target": -35.09993157305495, "params": {"C": 3070.655769693591, "gamma": 0.07574320487636227}, "datetime": {"datetime": "2021-09-28 15:38:46", "elapsed": 524.835685, "delta": 1.755423}}
{"target": -35.74940358006429, "params": {"C": 3559.506106287581, "gamma": 0.01451595488195279}, "datetime": {"datetime": "2021-09-28 15:38:49", "elapsed": 527.527137, "delta": 2.691452}}
{"target": -35.76139954266797, "params": {"C": 3345.9965072472532, "gamma": 0.1178599181623303}, "datetime": {"datetime": "2021-09-28 15:38:51", "elapsed": 530.226692, "delta": 2.699555}}
{"target": -34.758486045895445, "params": {"C": 3345.9632691236425, "gamma": 0.030573317650361694}, "datetime": {"datetime": "2021-09-28 15:38:54", "elapsed": 532.659757, "delta": 2.433065}}
{"target": -35.399188023690655, "params": {"C": 3723.591544856205, "gamma": 0.0954337406984462}, "datetime": {"datetime": "2021-09-28 15:38:56", "elapsed": 535.009188, "delta": 2.349431}}
{"target": -36.814822483466756, "params": {"C": 3075.6405806978796, "gamma": 0.19751751846000704}, "datetime": {"datetime": "2021-09-28 15:38:58", "elapsed": 537.054133, "delta": 2.044945}}
{"target": -34.68826966082991, "params": {"C": 3459.5664826042866, "gamma": 0.03930032198733641}, "datetime": {"datetime": "2021-09-28 15:39:01", "elapsed": 540.258311, "delta": 3.204178}}
{"target": -36.74163571032078, "params": {"C": 3946.565601059971, "gamma": 0.007217420670598728}, "datetime": {"datetime": "2021-09-28 15:39:04", "elapsed": 542.495547, "delta": 2.237236}}
{"target": -36.041800638150704, "params": {"C": 3317.5241439067736, "gamma": 0.13624132927452648}, "datetime": {"datetime": "2021-09-28 15:39:06", "elapsed": 544.824444, "delta": 2.328897}}
{"target": -35.24761193481411, "params": {"C": 3559.5138734985176, "gamma": 0.08690386775730707}, "datetime": {"datetime": "2021-09-28 15:39:10", "elapsed": 548.932016, "delta": 4.107572}}
{"target": -34.79519171524807, "params": {"C": 3273.3598208541757, "gamma": 0.05251494889411672}, "datetime": {"datetime": "2021-09-28 15:39:14", "elapsed": 553.253114, "delta": 4.321098}}
{"target": -35.62193781683562, "params": {"C": 3242.8193383329863, "gamma": 0.10935350442946261}, "datetime": {"datetime": "2021-09-28 15:39:18", "elapsed": 557.078545, "delta": 3.825431}}
{"target": -35.46056386352887, "params": {"C": 3955.3974934359167, "gamma": 0.09809051226766559}, "datetime": {"datetime": "2021-09-28 15:39:20", "elapsed": 559.401361, "delta": 2.322816}}
{"target": -35.03873387708726, "params": {"C": 3459.5718002004087, "gamma": 0.07226345919301941}, "datetime": {"datetime": "2021-09-28 15:39:25", "elapsed": 563.700533, "delta": 4.299172}}
{"target": -34.732661264757155, "params": {"C": 3459.5261782395964, "gamma": 0.04759229019885046}, "datetime": {"datetime": "2021-09-28 15:39:28", "elapsed": 567.181794, "delta": 3.481261}}
{"target": -34.96871368104659, "params": {"C": 3406.0656295577087, "gamma": 0.06698563372370624}, "datetime": {"datetime": "2021-09-28 15:39:32", "elapsed": 570.580681, "delta": 3.398887}}
{"target": -35.20168705263159, "params": {"C": 3273.320763344952, "gamma": 0.08347359089567782}, "datetime": {"datetime": "2021-09-28 15:39:35", "elapsed": 573.978397, "delta": 3.397716}}
{"target": -35.721310903746115, "params": {"C": 3273.386781318427, "gamma": 0.01546642665099715}, "datetime": {"datetime": "2021-09-28 15:39:38", "elapsed": 577.207676, "delta": 3.229279}}
{"target": -35.738791948489435, "params": {"C": 3865.966451586381, "gamma": 0.013965170785796104}, "datetime": {"datetime": "2021-09-28 15:39:41", "elapsed": 579.746446, "delta": 2.53877}}
{"target": -35.16087901693156, "params": {"C": 3559.3568994165325, "gamma": 0.08116912251842624}, "datetime": {"datetime": "2021-09-28 15:39:44", "elapsed": 583.018423, "delta": 3.271977}}
{"target": -34.685030357248195, "params": {"C": 3568.3284798816067, "gamma": 0.035305060464284305}, "datetime": {"datetime": "2021-09-28 15:39:47", "elapsed": 585.810409, "delta": 2.791986}}
{"target": -34.86916632238094, "params": {"C": 3568.380446148477, "gamma": 0.0598514172104006}, "datetime": {"datetime": "2021-09-28 15:39:52", "elapsed": 591.103528, "delta": 5.293119}}
{"target": -36.6431288523885, "params": {"C": 3327.422807549796, "gamma": 0.1804678663427313}, "datetime": {"datetime": "2021-09-28 15:39:54", "elapsed": 593.46264, "delta": 2.359112}}
{"target": -35.431349018182864, "params": {"C": 3346.0600104577748, "gamma": 0.018091568286993407}, "datetime": {"datetime": "2021-09-28 15:39:57", "elapsed": 596.230281, "delta": 2.767641}}
{"target": -35.853850665349, "params": {"C": 3459.505148998727, "gamma": 0.01381562722614875}, "datetime": {"datetime": "2021-09-28 15:40:02", "elapsed": 601.094992, "delta": 4.864711}}
{"target": -34.80275161423777, "params": {"C": 3242.748131135747, "gamma": 0.05304229230855601}, "datetime": {"datetime": "2021-09-28 15:40:09", "elapsed": 607.48085, "delta": 6.385858}}
{"target": -36.20650090200759, "params": {"C": 3014.5015705578644, "gamma": 0.14694467072874556}, "datetime": {"datetime": "2021-09-28 15:40:11", "elapsed": 609.512075, "delta": 2.031225}}
{"target": -35.878581940720785, "params": {"C": 3039.377624862916, "gamma": 0.014598956153586081}, "datetime": {"datetime": "2021-09-28 15:40:13", "elapsed": 611.781007, "delta": 2.268932}}
{"target": -35.59943299385867, "params": {"C": 3406.0664125107833, "gamma": 0.10758417419335102}, "datetime": {"datetime": "2021-09-28 15:40:15", "elapsed": 614.360107, "delta": 2.5791}}
{"target": -34.80001312654302, "params": {"C": 3723.674327657757, "gamma": 0.054808328390822336}, "datetime": {"datetime": "2021-09-28 15:40:20", "elapsed": 618.563904, "delta": 4.203797}}
{"target": -37.42752331821172, "params": {"C": 3242.7401161882535, "gamma": 0.00523076927187731}, "datetime": {"datetime": "2021-09-28 15:40:24", "elapsed": 622.582237, "delta": 4.018333}}
{"target": -35.5306749965482, "params": {"C": 3723.6631258438574, "gamma": 0.10278532379303322}, "datetime": {"datetime": "2021-09-28 15:40:27", "elapsed": 625.670635, "delta": 3.088398}}
{"target": -35.45313102472244, "params": {"C": 3273.3872069898075, "gamma": 0.09894012538470885}, "datetime": {"datetime": "2021-09-28 15:40:30", "elapsed": 628.812846, "delta": 3.142211}}
{"target": -34.90071176406334, "params": {"C": 3897.2463511263836, "gamma": 0.06311809225132395}, "datetime": {"datetime": "2021-09-28 15:40:32", "elapsed": 630.812847, "delta": 2.000001}}
{"target": -35.27299247413212, "params": {"C": 3568.3635595502, "gamma": 0.0883722580171985}, "datetime": {"datetime": "2021-09-28 15:40:35", "elapsed": 634.278155, "delta": 3.465308}}
{"target": -35.059719064936466, "params": {"C": 3157.405932023076, "gamma": 0.07312922196501817}, "datetime": {"datetime": "2021-09-28 15:40:37", "elapsed": 636.40157, "delta": 2.123415}}
{"target": -34.850504867156175, "params": {"C": 3723.49795475586, "gamma": 0.023694406048105826}, "datetime": {"datetime": "2021-09-28 15:40:41", "elapsed": 639.556134, "delta": 3.154564}}
{"target": -35.095247133529725, "params": {"C": 3242.764701568466, "gamma": 0.07594378584976218}, "datetime": {"datetime": "2021-09-28 15:40:44", "elapsed": 643.240114, "delta": 3.68398}}
{"target": -35.18671499601286, "params": {"C": 3397.4550243256876, "gamma": 0.08282704665223596}, "datetime": {"datetime": "2021-09-28 15:40:47", "elapsed": 645.773574, "delta": 2.53346}}
{"target": -35.03885901845441, "params": {"C": 3897.2784738717737, "gamma": 0.07299540049314444}, "datetime": {"datetime": "2021-09-28 15:40:50", "elapsed": 649.213911, "delta": 3.440337}}
{"target": -34.92904067110055, "params": {"C": 3605.30812202009, "gamma": 0.06453165465626014}, "datetime": {"datetime": "2021-09-28 15:40:53", "elapsed": 652.297156, "delta": 3.083245}}
{"target": -34.71923567205904, "params": {"C": 3568.4316521696524, "gamma": 0.046845625289350504}, "datetime": {"datetime": "2021-09-28 15:40:58", "elapsed": 656.487426, "delta": 4.19027}}
{"target": -35.48390830000315, "params": {"C": 3723.6704452459794, "gamma": 0.0165287902687146}, "datetime": {"datetime": "2021-09-28 15:41:03", "elapsed": 662.227649, "delta": 5.740223}}
{"target": -35.12156061774436, "params": {"C": 3345.919720429936, "gamma": 0.07805254010183982}, "datetime": {"datetime": "2021-09-28 15:41:06", "elapsed": 665.451239, "delta": 3.22359}}
{"target": -34.82852732409178, "params": {"C": 3406.0516958850867, "gamma": 0.02581661410093986}, "datetime": {"datetime": "2021-09-28 15:41:11", "elapsed": 669.922905, "delta": 4.471666}}
{"target": -34.72453338016896, "params": {"C": 3406.0825257649644, "gamma": 0.032982462290756846}, "datetime": {"datetime": "2021-09-28 15:41:14", "elapsed": 673.147323, "delta": 3.224418}}
{"target": -35.722416309063895, "params": {"C": 3459.6199284079826, "gamma": 0.014988961324120944}, "datetime": {"datetime": "2021-09-28 15:41:18", "elapsed": 676.813169, "delta": 3.665846}}
{"target": -34.997931583412296, "params": {"C": 3827.144060320163, "gamma": 0.07000610052928569}, "datetime": {"datetime": "2021-09-28 15:41:20", "elapsed": 679.151239, "delta": 2.33807}}
{"target": -35.54276147228826, "params": {"C": 3593.134691228573, "gamma": 0.10379009497914068}, "datetime": {"datetime": "2021-09-28 15:41:23", "elapsed": 681.567689, "delta": 2.41645}}
{"target": -35.30731891781093, "params": {"C": 3459.5402241954994, "gamma": 0.09035349667061326}, "datetime": {"datetime": "2021-09-28 15:41:26", "elapsed": 684.659893, "delta": 3.092204}}
{"target": -34.70388439159269, "params": {"C": 3568.4708670273694, "gamma": 0.04485860047865522}, "datetime": {"datetime": "2021-09-28 15:41:30", "elapsed": 688.988041, "delta": 4.328148}}
{"target": -35.25471845156902, "params": {"C": 3568.506943076686, "gamma": 0.08730373302035799}, "datetime": {"datetime": "2021-09-28 15:41:33", "elapsed": 692.36083, "delta": 3.372789}}
{"target": -35.19628700377629, "params": {"C": 3568.4219099116035, "gamma": 0.08369505590668566}, "datetime": {"datetime": "2021-09-28 15:41:37", "elapsed": 695.696594, "delta": 3.335764}}
{"target": -36.800195630458724, "params": {"C": 3220.833710009361, "gamma": 0.19573635392142413}, "datetime": {"datetime": "2021-09-28 15:41:39", "elapsed": 698.303083, "delta": 2.606489}}
{"target": -35.34844996060179, "params": {"C": 3495.3167421634803, "gamma": 0.09269343656539131}, "datetime": {"datetime": "2021-09-28 15:41:42", "elapsed": 700.766513, "delta": 2.46343}}
{"target": -34.733627669331845, "params": {"C": 3559.661677307246, "gamma": 0.04821766385140378}, "datetime": {"datetime": "2021-09-28 15:41:45", "elapsed": 704.377508, "delta": 3.610995}}
{"target": -36.37471267700327, "params": {"C": 3614.445325776347, "gamma": 0.15895586154905447}, "datetime": {"datetime": "2021-09-28 15:41:48", "elapsed": 706.857451, "delta": 2.479943}}
{"target": -35.08729684406051, "params": {"C": 3062.5759496574738, "gamma": 0.07483496661517948}, "datetime": {"datetime": "2021-09-28 15:41:50", "elapsed": 709.252609, "delta": 2.395158}}
{"target": -36.620786016733106, "params": {"C": 3012.812221236864, "gamma": 0.1788757595242336}, "datetime": {"datetime": "2021-09-28 15:41:53", "elapsed": 711.953992, "delta": 2.701383}}
{"target": -36.610519137869325, "params": {"C": 3236.6795295804964, "gamma": 0.177734020258818}, "datetime": {"datetime": "2021-09-28 15:41:55", "elapsed": 714.370875, "delta": 2.416883}}
{"target": -34.69303223474563, "params": {"C": 3568.5037003454254, "gamma": 0.03425450035844767}, "datetime": {"datetime": "2021-09-28 15:41:59", "elapsed": 717.861416, "delta": 3.490541}}
{"target": -34.69861996176613, "params": {"C": 3568.5536147271723, "gamma": 0.043927416731648544}, "datetime": {"datetime": "2021-09-28 15:42:02", "elapsed": 720.709309, "delta": 2.847893}}
{"target": -35.03590119964722, "params": {"C": 3897.2027579721457, "gamma": 0.07278836426575691}, "datetime": {"datetime": "2021-09-28 15:42:05", "elapsed": 723.64583, "delta": 2.936521}}
{"target": -35.11388660028719, "params": {"C": 3568.5244867115553, "gamma": 0.02072305218463375}, "datetime": {"datetime": "2021-09-28 15:42:09", "elapsed": 727.978685, "delta": 4.332855}}
{"target": -36.0855403954722, "params": {"C": 3451.6989427805456, "gamma": 0.13907490396450037}, "datetime": {"datetime": "2021-09-28 15:42:11", "elapsed": 730.12002, "delta": 2.141335}}
{"target": -35.06832504385969, "params": {"C": 3568.588423140117, "gamma": 0.0745937256755068}, "datetime": {"datetime": "2021-09-28 15:42:14", "elapsed": 733.277108, "delta": 3.157088}}
{"target": -34.920296828009675, "params": {"C": 3897.1955829874228, "gamma": 0.02194081144128161}, "datetime": {"datetime": "2021-09-28 15:42:17", "elapsed": 736.262413, "delta": 2.985305}}
{"target": -35.399934252954296, "params": {"C": 3605.0983210304694, "gamma": 0.09558813378750082}, "datetime": {"datetime": "2021-09-28 15:42:21", "elapsed": 740.319619, "delta": 4.057206}}
{"target": -36.08299240735699, "params": {"C": 3045.2874711950108, "gamma": 0.012896749984306118}, "datetime": {"datetime": "2021-09-28 15:42:27", "elapsed": 745.609989, "delta": 5.29037}}
{"target": -34.851377270249664, "params": {"C": 3897.251845499694, "gamma": 0.022994808819890036}, "datetime": {"datetime": "2021-09-28 15:42:30", "elapsed": 748.837524, "delta": 3.227535}}
{"target": -34.68595554889326, "params": {"C": 3605.204078863253, "gamma": 0.042031380086148575}, "datetime": {"datetime": "2021-09-28 15:42:35", "elapsed": 754.053275, "delta": 5.215751}}
{"target": -35.559080822352456, "params": {"C": 3568.4587818994405, "gamma": 0.0162213541314783}, "datetime": {"datetime": "2021-09-28 15:42:38", "elapsed": 757.220166, "delta": 3.166891}}
{"target": -34.713477128796164, "params": {"C": 3345.9909497646695, "gamma": 0.03520661647228585}, "datetime": {"datetime": "2021-09-28 15:42:41", "elapsed": 760.406824, "delta": 3.186658}}
{"target": -36.38311625236103, "params": {"C": 3297.1116649345036, "gamma": 0.15986571292693935}, "datetime": {"datetime": "2021-09-28 15:42:44", "elapsed": 762.607029, "delta": 2.200205}}
{"target": -35.06551600516378, "params": {"C": 3475.6061084998014, "gamma": 0.07423183239012222}, "datetime": {"datetime": "2021-09-28 15:42:46", "elapsed": 764.756991, "delta": 2.149962}}
{"target": -35.05625422827598, "params": {"C": 3568.5978984768303, "gamma": 0.02137270276152761}, "datetime": {"datetime": "2021-09-28 15:42:50", "elapsed": 768.516053, "delta": 3.759062}}
{"target": -35.49503822642773, "params": {"C": 3364.333347275148, "gamma": 0.1013950024163222}, "datetime": {"datetime": "2021-09-28 15:42:52", "elapsed": 770.695683, "delta": 2.17963}}
{"target": -34.660930071440475, "params": {"C": 3897.1498223012322, "gamma": 0.041733594270676765}, "datetime": {"datetime": "2021-09-28 15:42:55", "elapsed": 773.858101, "delta": 3.162418}}
{"target": -34.709644161175035, "params": {"C": 3450.3202911501758, "gamma": 0.03401236420341891}, "datetime": {"datetime": "2021-09-28 15:42:58", "elapsed": 777.464223, "delta": 3.606122}}
{"target": -35.059295493509374, "params": {"C": 3450.3694619182434, "gamma": 0.07373578768887581}, "datetime": {"datetime": "2021-09-28 15:43:03", "elapsed": 782.243513, "delta": 4.77929}}
