{"target": -37.4205448950041, "params": {"C": 44509.239827711266, "gamma": 0.08489051221212907}, "datetime": {"datetime": "2021-09-29 09:30:24", "elapsed": 10.872296, "delta": 0.413028}}
{"target": -37.714932614239885, "params": {"C": 44607.31872790375, "gamma": 0.09156327416101641}, "datetime": {"datetime": "2021-09-29 09:30:24", "elapsed": 11.362294, "delta": 0.489998}}
{"target": -37.76289006878572, "params": {"C": 43530.76963895215, "gamma": 0.0940733761214857}, "datetime": {"datetime": "2021-09-29 09:30:25", "elapsed": 11.721373, "delta": 0.359079}}
{"target": -35.553489475210135, "params": {"C": 40470.31994812665, "gamma": 0.047919213424914106}, "datetime": {"datetime": "2021-09-29 09:30:25", "elapsed": 12.063369, "delta": 0.341996}}
{"target": -35.523968835480204, "params": {"C": 42905.89529372232, "gamma": 0.04612622276120927}, "datetime": {"datetime": "2021-09-29 09:30:25", "elapsed": 12.407298, "delta": 0.343929}}
{"target": -34.995049556774894, "params": {"C": 40847.06980123891, "gamma": 0.006312126655461565}, "datetime": {"datetime": "2021-09-29 09:30:26", "elapsed": 12.733299, "delta": 0.326001}}
{"target": -36.36291485613333, "params": {"C": 42573.85453444182, "gamma": 0.06295445769660965}, "datetime": {"datetime": "2021-09-29 09:30:26", "elapsed": 13.123299, "delta": 0.39}}
{"target": -36.42968597324046, "params": {"C": 40691.87357569088, "gamma": 0.06559841761564761}, "datetime": {"datetime": "2021-09-29 09:30:27", "elapsed": 13.4883, "delta": 0.365001}}
{"target": -35.92873108058258, "params": {"C": 43483.445342178224, "gamma": 0.05388264967721183}, "datetime": {"datetime": "2021-09-29 09:30:27", "elapsed": 13.910298, "delta": 0.421998}}
{"target": -37.805376112208656, "params": {"C": 43457.53483106373, "gamma": 0.09529601599482058}, "datetime": {"datetime": "2021-09-29 09:30:27", "elapsed": 14.235515, "delta": 0.325217}}
{"target": -35.6030625372622, "params": {"C": 42752.8393213962, "gamma": 0.04782438041743561}, "datetime": {"datetime": "2021-09-29 09:30:28", "elapsed": 14.594136, "delta": 0.358621}}
{"target": -37.20722777028358, "params": {"C": 43403.01220508667, "gamma": 0.081157951288252}, "datetime": {"datetime": "2021-09-29 09:30:28", "elapsed": 15.037135, "delta": 0.442999}}
{"target": -36.17028866699108, "params": {"C": 42176.260964327135, "gamma": 0.05924770886146274}, "datetime": {"datetime": "2021-09-29 09:30:29", "elapsed": 15.456135, "delta": 0.419}}
{"target": -36.31830688246416, "params": {"C": 41478.79618552831, "gamma": 0.0627379483399568}, "datetime": {"datetime": "2021-09-29 09:30:29", "elapsed": 15.837156, "delta": 0.381021}}
{"target": -37.0491075011795, "params": {"C": 43400.35845357137, "gamma": 0.07763332193548447}, "datetime": {"datetime": "2021-09-29 09:30:29", "elapsed": 16.209921, "delta": 0.372765}}
{"target": -37.75809206120899, "params": {"C": 44285.60707014639, "gamma": 0.09303230697256437}, "datetime": {"datetime": "2021-09-29 09:30:30", "elapsed": 16.585918, "delta": 0.375997}}
{"target": -35.353814578313624, "params": {"C": 43875.10752466183, "gamma": 0.042303245714507345}, "datetime": {"datetime": "2021-09-29 09:30:30", "elapsed": 16.939916, "delta": 0.353998}}
{"target": -37.21730322796208, "params": {"C": 43277.23989618626, "gamma": 0.08150867858633591}, "datetime": {"datetime": "2021-09-29 09:30:30", "elapsed": 17.363916, "delta": 0.424}}
{"target": -36.31915098376638, "params": {"C": 41846.99990891145, "gamma": 0.06251399105576387}, "datetime": {"datetime": "2021-09-29 09:30:31", "elapsed": 17.752915, "delta": 0.388999}}
{"target": -35.124116092199884, "params": {"C": 42251.43288284777, "gamma": 0.038265792042060355}, "datetime": {"datetime": "2021-09-29 09:30:31", "elapsed": 18.132914, "delta": 0.379999}}
{"target": -34.29868295210132, "params": {"C": 43835.9302670225, "gamma": 0.014918540338981622}, "datetime": {"datetime": "2021-09-29 09:30:32", "elapsed": 18.565364, "delta": 0.43245}}
{"target": -35.196170752498645, "params": {"C": 42554.04237559088, "gamma": 0.03964928995121621}, "datetime": {"datetime": "2021-09-29 09:30:32", "elapsed": 18.932369, "delta": 0.367005}}
{"target": -36.71689103185326, "params": {"C": 44546.10586001385, "gamma": 0.06903428187024399}, "datetime": {"datetime": "2021-09-29 09:30:32", "elapsed": 19.309647, "delta": 0.377278}}
{"target": -34.88110272413396, "params": {"C": 42913.328823888296, "gamma": 0.03299946849841428}, "datetime": {"datetime": "2021-09-29 09:30:33", "elapsed": 19.76265, "delta": 0.453003}}
{"target": -34.25265224178204, "params": {"C": 43979.83180634334, "gamma": 0.012523430471769341}, "datetime": {"datetime": "2021-09-29 09:30:33", "elapsed": 20.184646, "delta": 0.421996}}
{"target": -37.17422384267302, "params": {"C": 44754.53977579152, "gamma": 0.07917548350597925}, "datetime": {"datetime": "2021-09-29 09:30:34", "elapsed": 20.625241, "delta": 0.440595}}
{"target": -37.32233732778274, "params": {"C": 41739.02282840499, "gamma": 0.08556175395408144}, "datetime": {"datetime": "2021-09-29 09:30:34", "elapsed": 21.023237, "delta": 0.397996}}
{"target": -37.324387929519524, "params": {"C": 41037.78539406867, "gamma": 0.08640748320230647}, "datetime": {"datetime": "2021-09-29 09:30:35", "elapsed": 21.535237, "delta": 0.512}}
{"target": -34.5360289834064, "params": {"C": 40626.07590386379, "gamma": 0.024575877734323633}, "datetime": {"datetime": "2021-09-29 09:30:35", "elapsed": 21.943237, "delta": 0.408}}
{"target": -35.122884083168785, "params": {"C": 41438.78041404642, "gamma": 0.03856124561891662}, "datetime": {"datetime": "2021-09-29 09:30:35", "elapsed": 22.35917, "delta": 0.415933}}
{"target": -34.36837090080375, "params": {"C": 42619.585346180436, "gamma": 0.018190904197547347}, "datetime": {"datetime": "2021-09-29 09:30:36", "elapsed": 22.757174, "delta": 0.398004}}
{"target": -36.12103408925174, "params": {"C": 42743.93917360011, "gamma": 0.05794615053234451}, "datetime": {"datetime": "2021-09-29 09:30:36", "elapsed": 23.18017, "delta": 0.422996}}
{"target": -35.53194994920804, "params": {"C": 41130.90040918263, "gamma": 0.04713520439257748}, "datetime": {"datetime": "2021-09-29 09:30:37", "elapsed": 23.599172, "delta": 0.419002}}
{"target": -36.9849394307991, "params": {"C": 42286.51323602158, "gamma": 0.07711946358376723}, "datetime": {"datetime": "2021-09-29 09:30:37", "elapsed": 24.047173, "delta": 0.448001}}
{"target": -37.072815713505086, "params": {"C": 42321.085335660166, "gamma": 0.07915616190257038}, "datetime": {"datetime": "2021-09-29 09:30:38", "elapsed": 24.46798, "delta": 0.420807}}
{"target": -35.88825413494309, "params": {"C": 42826.91564054031, "gamma": 0.05341982018191186}, "datetime": {"datetime": "2021-09-29 09:30:38", "elapsed": 24.868982, "delta": 0.401002}}
{"target": -37.344209363995134, "params": {"C": 41311.96885420874, "gamma": 0.08657661232753466}, "datetime": {"datetime": "2021-09-29 09:30:38", "elapsed": 25.317983, "delta": 0.449001}}
{"target": -37.69400918372114, "params": {"C": 42937.45567193174, "gamma": 0.09301820260703635}, "datetime": {"datetime": "2021-09-29 09:30:39", "elapsed": 25.754982, "delta": 0.436999}}
{"target": -36.538082460585315, "params": {"C": 40346.49518124551, "gamma": 0.06818909207481362}, "datetime": {"datetime": "2021-09-29 09:30:39", "elapsed": 26.176981, "delta": 0.421999}}
{"target": -34.32774515024152, "params": {"C": 43185.26373007115, "gamma": 0.016296964801320514}, "datetime": {"datetime": "2021-09-29 09:30:40", "elapsed": 26.614158, "delta": 0.437177}}
{"target": -38.00837168615787, "params": {"C": 44424.44268979654, "gamma": 0.09981383210015862}, "datetime": {"datetime": "2021-09-29 09:30:40", "elapsed": 27.015157, "delta": 0.400999}}
{"target": -34.38737136375137, "params": {"C": 41390.42160223331, "gamma": 0.019233455981822804}, "datetime": {"datetime": "2021-09-29 09:30:40", "elapsed": 27.431157, "delta": 0.416}}
{"target": -36.33862568774623, "params": {"C": 42379.908972834426, "gamma": 0.06258134633927984}, "datetime": {"datetime": "2021-09-29 09:30:41", "elapsed": 27.849157, "delta": 0.418}}
{"target": -34.333139736685055, "params": {"C": 43291.292618913976, "gamma": 0.009906556562216012}, "datetime": {"datetime": "2021-09-29 09:30:41", "elapsed": 28.2627, "delta": 0.413543}}
{"target": -35.722822324273515, "params": {"C": 41334.45899899029, "gamma": 0.050962472769810585}, "datetime": {"datetime": "2021-09-29 09:30:42", "elapsed": 28.667702, "delta": 0.405002}}
{"target": -35.93973460740892, "params": {"C": 44578.17733077123, "gamma": 0.05355952556260665}, "datetime": {"datetime": "2021-09-29 09:30:42", "elapsed": 29.145701, "delta": 0.477999}}
{"target": -37.06647780012742, "params": {"C": 43251.37307624387, "gamma": 0.07815764251599575}, "datetime": {"datetime": "2021-09-29 09:30:43", "elapsed": 29.577288, "delta": 0.431587}}
{"target": -34.51569443203221, "params": {"C": 42778.27452332122, "gamma": 0.02337436113215505}, "datetime": {"datetime": "2021-09-29 09:30:43", "elapsed": 30.009282, "delta": 0.431994}}
{"target": -35.139132023265084, "params": {"C": 42625.06636753849, "gamma": 0.005738610376384224}, "datetime": {"datetime": "2021-09-29 09:30:44", "elapsed": 30.501699, "delta": 0.492417}}
{"target": -36.19277264555472, "params": {"C": 42997.67599065303, "gamma": 0.05920755042607751}, "datetime": {"datetime": "2021-09-29 09:30:44", "elapsed": 31.020696, "delta": 0.518997}}
{"target": -36.442841366009176, "params": {"C": 41525.11164824045, "gamma": 0.06527870004827242}, "datetime": {"datetime": "2021-09-29 09:30:45", "elapsed": 31.4687, "delta": 0.448004}}
{"target": -35.77725867417563, "params": {"C": 40773.48514181711, "gamma": 0.052290418644688724}, "datetime": {"datetime": "2021-09-29 09:30:45", "elapsed": 31.940697, "delta": 0.471997}}
{"target": -35.966462003363304, "params": {"C": 41365.80749385628, "gamma": 0.055738718834579266}, "datetime": {"datetime": "2021-09-29 09:30:45", "elapsed": 32.377096, "delta": 0.436399}}
{"target": -34.63695619846994, "params": {"C": 40256.527781489036, "gamma": 0.02798808626558339}, "datetime": {"datetime": "2021-09-29 09:30:46", "elapsed": 32.8951, "delta": 0.518004}}
{"target": -37.27262753848993, "params": {"C": 43015.116700047474, "gamma": 0.08303103567304221}, "datetime": {"datetime": "2021-09-29 09:30:46", "elapsed": 33.396096, "delta": 0.500996}}
{"target": -34.76919065261404, "params": {"C": 40414.06538759912, "gamma": 0.03115787342522659}, "datetime": {"datetime": "2021-09-29 09:30:47", "elapsed": 33.914094, "delta": 0.517998}}
{"target": -35.97913697598443, "params": {"C": 40673.92737671662, "gamma": 0.05638146109085748}, "datetime": {"datetime": "2021-09-29 09:30:47", "elapsed": 34.402588, "delta": 0.488494}}
{"target": -37.87601383016577, "params": {"C": 41478.97182695994, "gamma": 0.09996654470549125}, "datetime": {"datetime": "2021-09-29 09:30:48", "elapsed": 34.891587, "delta": 0.488999}}
{"target": -35.99553477409268, "params": {"C": 44570.221600344696, "gamma": 0.05460236622341268}, "datetime": {"datetime": "2021-09-29 09:30:48", "elapsed": 35.431584, "delta": 0.539997}}
{"target": -37.321155488488486, "params": {"C": 44232.12215933411, "gamma": 0.0828900737654435}, "datetime": {"datetime": "2021-09-29 09:30:49", "elapsed": 35.884587, "delta": 0.453003}}
{"target": -36.20642598067915, "params": {"C": 40052.816192990584, "gamma": 0.0613189561987859}, "datetime": {"datetime": "2021-09-29 09:30:49", "elapsed": 36.3899, "delta": 0.505313}}
{"target": -34.40769779865258, "params": {"C": 40955.22934470998, "gamma": 0.02010808336836404}, "datetime": {"datetime": "2021-09-29 09:30:50", "elapsed": 36.8929, "delta": 0.503}}
{"target": -34.40515707997711, "params": {"C": 42642.48959892352, "gamma": 0.019713259241820696}, "datetime": {"datetime": "2021-09-29 09:30:51", "elapsed": 37.522902, "delta": 0.630002}}
{"target": -37.913905075841186, "params": {"C": 43199.696529556895, "gamma": 0.09867798958880708}, "datetime": {"datetime": "2021-09-29 09:30:51", "elapsed": 37.959904, "delta": 0.437002}}
{"target": -34.68138791490537, "params": {"C": 42442.31872427759, "gamma": 0.007278759371540612}, "datetime": {"datetime": "2021-09-29 09:30:51", "elapsed": 38.397035, "delta": 0.437131}}
{"target": -36.675137108029695, "params": {"C": 44687.134904093116, "gamma": 0.06800326196667057}, "datetime": {"datetime": "2021-09-29 09:30:52", "elapsed": 38.867037, "delta": 0.470002}}
{"target": -34.336671869721734, "params": {"C": 41427.83594171514, "gamma": 0.010069081766889358}, "datetime": {"datetime": "2021-09-29 09:30:52", "elapsed": 39.386706, "delta": 0.519669}}
{"target": -35.76050065103067, "params": {"C": 40258.8161781886, "gamma": 0.05222589710585659}, "datetime": {"datetime": "2021-09-29 09:30:53", "elapsed": 39.860707, "delta": 0.474001}}
{"target": -34.75277534000965, "params": {"C": 41218.43940781177, "gamma": 0.030500436287128417}, "datetime": {"datetime": "2021-09-29 09:30:53", "elapsed": 40.326152, "delta": 0.465445}}
{"target": -34.957978733082044, "params": {"C": 41161.20789667399, "gamma": 0.035217954409545164}, "datetime": {"datetime": "2021-09-29 09:30:54", "elapsed": 40.791248, "delta": 0.465096}}
{"target": -36.87473015997243, "params": {"C": 40537.30593711034, "gamma": 0.07611974673735285}, "datetime": {"datetime": "2021-09-29 09:30:55", "elapsed": 41.46225, "delta": 0.671002}}
{"target": -37.816882477385796, "params": {"C": 42156.05314601806, "gamma": 0.09731408194622639}, "datetime": {"datetime": "2021-09-29 09:30:55", "elapsed": 41.938248, "delta": 0.475998}}
{"target": -37.75362526010899, "params": {"C": 42442.67730913443, "gamma": 0.09519996698148048}, "datetime": {"datetime": "2021-09-29 09:30:56", "elapsed": 42.450453, "delta": 0.512205}}
{"target": -35.55206465567801, "params": {"C": 40538.96056727709, "gamma": 0.04785408982750394}, "datetime": {"datetime": "2021-09-29 09:30:56", "elapsed": 43.063449, "delta": 0.612996}}
{"target": -37.58734477392898, "params": {"C": 44910.44415915248, "gamma": 0.08817227585126693}, "datetime": {"datetime": "2021-09-29 09:30:57", "elapsed": 43.605451, "delta": 0.542002}}
{"target": -37.06778309646001, "params": {"C": 40460.66667066352, "gamma": 0.08085763578309607}, "datetime": {"datetime": "2021-09-29 09:30:57", "elapsed": 44.159448, "delta": 0.553997}}
{"target": -35.556569660952114, "params": {"C": 42426.59297131505, "gamma": 0.04701907760938062}, "datetime": {"datetime": "2021-09-29 09:30:58", "elapsed": 44.726234, "delta": 0.566786}}
{"target": -36.2821387860287, "params": {"C": 44794.48782504735, "gamma": 0.059942396093581825}, "datetime": {"datetime": "2021-09-29 09:30:58", "elapsed": 45.287231, "delta": 0.560997}}
{"target": -37.5415906561255, "params": {"C": 43218.74395293148, "gamma": 0.08896697579644598}, "datetime": {"datetime": "2021-09-29 09:30:59", "elapsed": 45.917227, "delta": 0.629996}}
{"target": -35.86977490345478, "params": {"C": 44241.56645962731, "gamma": 0.05236215892213054}, "datetime": {"datetime": "2021-09-29 09:31:00", "elapsed": 46.502515, "delta": 0.585288}}
{"target": -34.43567868181853, "params": {"C": 43094.30052346284, "gamma": 0.020733089712850133}, "datetime": {"datetime": "2021-09-29 09:31:00", "elapsed": 47.119507, "delta": 0.616992}}
{"target": -36.427711758413736, "params": {"C": 42936.578530784864, "gamma": 0.06400586862026142}, "datetime": {"datetime": "2021-09-29 09:31:01", "elapsed": 47.734514, "delta": 0.615007}}
{"target": -34.295404970977266, "params": {"C": 42542.698875265734, "gamma": 0.014929473289115404}, "datetime": {"datetime": "2021-09-29 09:31:01", "elapsed": 48.294504, "delta": 0.55999}}
{"target": -34.38331224508521, "params": {"C": 44394.23636341419, "gamma": 0.01860751786602853}, "datetime": {"datetime": "2021-09-29 09:31:02", "elapsed": 49.007641, "delta": 0.713137}}
{"target": -37.110809332740075, "params": {"C": 41443.12818011033, "gamma": 0.08087220315965828}, "datetime": {"datetime": "2021-09-29 09:31:03", "elapsed": 49.722267, "delta": 0.714626}}
{"target": -37.08643013789133, "params": {"C": 44384.102445118966, "gamma": 0.0775857787888179}, "datetime": {"datetime": "2021-09-29 09:31:04", "elapsed": 50.538236, "delta": 0.815969}}
{"target": -37.186800080320694, "params": {"C": 42201.360520489136, "gamma": 0.08185845395643877}, "datetime": {"datetime": "2021-09-29 09:31:04", "elapsed": 51.182241, "delta": 0.644005}}
{"target": -36.71148059390323, "params": {"C": 44560.67484663201, "gamma": 0.06890186897542175}, "datetime": {"datetime": "2021-09-29 09:31:05", "elapsed": 51.943241, "delta": 0.761}}
{"target": -36.22601377495669, "params": {"C": 42952.31691992678, "gamma": 0.059898754679733046}, "datetime": {"datetime": "2021-09-29 09:31:06", "elapsed": 52.596722, "delta": 0.653481}}
{"target": -35.23330074618112, "params": {"C": 40300.63184723962, "gamma": 0.04138564533251403}, "datetime": {"datetime": "2021-09-29 09:31:06", "elapsed": 53.432725, "delta": 0.836003}}
{"target": -36.1492579713808, "params": {"C": 44397.37006695236, "gamma": 0.05756394300121775}, "datetime": {"datetime": "2021-09-29 09:31:07", "elapsed": 54.232724, "delta": 0.799999}}
{"target": -34.3826917343862, "params": {"C": 41187.02067880029, "gamma": 0.009451761702326903}, "datetime": {"datetime": "2021-09-29 09:31:08", "elapsed": 54.912561, "delta": 0.679837}}
{"target": -36.670186721400114, "params": {"C": 40481.376776389545, "gamma": 0.07110767703680335}, "datetime": {"datetime": "2021-09-29 09:31:09", "elapsed": 55.652562, "delta": 0.740001}}
{"target": -35.72585690686619, "params": {"C": 41276.49739412009, "gamma": 0.051048595986553154}, "datetime": {"datetime": "2021-09-29 09:31:09", "elapsed": 56.400557, "delta": 0.747995}}
{"target": -34.32903489306971, "params": {"C": 43211.38408874668, "gamma": 0.010002412344937324}, "datetime": {"datetime": "2021-09-29 09:31:10", "elapsed": 57.255914, "delta": 0.855357}}
{"target": -37.245733178394694, "params": {"C": 42184.33267283848, "gamma": 0.08325599219312768}, "datetime": {"datetime": "2021-09-29 09:31:11", "elapsed": 57.974916, "delta": 0.719002}}
{"target": -37.68096571266618, "params": {"C": 41683.19963599456, "gamma": 0.09425230294894939}, "datetime": {"datetime": "2021-09-29 09:31:12", "elapsed": 59.087283, "delta": 1.112367}}
{"target": -34.51106065907293, "params": {"C": 42952.39957328783, "gamma": 0.023173261365048593}, "datetime": {"datetime": "2021-09-29 09:31:13", "elapsed": 60.362919, "delta": 1.275636}}
{"target": -36.033121307334, "params": {"C": 42333.45373026429, "gamma": 0.05649049719129591}, "datetime": {"datetime": "2021-09-29 09:31:15", "elapsed": 61.503924, "delta": 1.141005}}
{"target": -35.413720798918526, "params": {"C": 41877.859076384295, "gamma": 0.04435101866112554}, "datetime": {"datetime": "2021-09-29 09:31:15", "elapsed": 62.365918, "delta": 0.861994}}
{"target": -37.19770645185055, "params": {"C": 41644.78419431953, "gamma": 0.08267105583238664}, "datetime": {"datetime": "2021-09-29 09:31:16", "elapsed": 63.336915, "delta": 0.970997}}
{"target": -37.80131817528815, "params": {"C": 42429.51597634189, "gamma": 0.09651521900574093}, "datetime": {"datetime": "2021-09-29 09:31:17", "elapsed": 64.151918, "delta": 0.815003}}
{"target": -34.55523972135816, "params": {"C": 42841.36842864426, "gamma": 0.024574750456501277}, "datetime": {"datetime": "2021-09-29 09:31:18", "elapsed": 65.206916, "delta": 1.054998}}
{"target": -34.263344514406555, "params": {"C": 41765.833080239034, "gamma": 0.013534785935439764}, "datetime": {"datetime": "2021-09-29 09:31:19", "elapsed": 66.292914, "delta": 1.085998}}
{"target": -35.225173979001454, "params": {"C": 40519.30074237751, "gamma": 0.04112188952948734}, "datetime": {"datetime": "2021-09-29 09:31:20", "elapsed": 67.16553, "delta": 0.872616}}
{"target": -36.16081529263727, "params": {"C": 41792.96987746232, "gamma": 0.05928931009173298}, "datetime": {"datetime": "2021-09-29 09:31:21", "elapsed": 68.366534, "delta": 1.201004}}
{"target": -35.07120341323826, "params": {"C": 40117.01531759696, "gamma": 0.03800374308245813}, "datetime": {"datetime": "2021-09-29 09:31:22", "elapsed": 69.324175, "delta": 0.957641}}
{"target": -34.552123299218415, "params": {"C": 42752.544252802734, "gamma": 0.024501389304119253}, "datetime": {"datetime": "2021-09-29 09:31:23", "elapsed": 70.343174, "delta": 1.018999}}
{"target": -36.12683610225249, "params": {"C": 43742.35118547728, "gamma": 0.057495197607060934}, "datetime": {"datetime": "2021-09-29 09:31:24", "elapsed": 71.076741, "delta": 0.733567}}
{"target": -34.489562005225075, "params": {"C": 42467.6545619639, "gamma": 0.022613618969981316}, "datetime": {"datetime": "2021-09-29 09:31:25", "elapsed": 72.154733, "delta": 1.077992}}
{"target": -36.961855124086284, "params": {"C": 43553.78369032357, "gamma": 0.07545217706372374}, "datetime": {"datetime": "2021-09-29 09:31:26", "elapsed": 73.003131, "delta": 0.848398}}
{"target": -34.298484962015465, "params": {"C": 43781.87991734875, "gamma": 0.014916186903445754}, "datetime": {"datetime": "2021-09-29 09:31:27", "elapsed": 73.838133, "delta": 0.835002}}
{"target": -34.65633001836147, "params": {"C": 41309.61628501902, "gamma": 0.028217681303474577}, "datetime": {"datetime": "2021-09-29 09:31:28", "elapsed": 74.608272, "delta": 0.770139}}
{"target": -34.529489530419326, "params": {"C": 44114.78283576646, "gamma": 0.02345851048582957}, "datetime": {"datetime": "2021-09-29 09:31:28", "elapsed": 75.341275, "delta": 0.733003}}
{"target": -36.7341232825318, "params": {"C": 42128.831594095216, "gamma": 0.07128320122245828}, "datetime": {"datetime": "2021-09-29 09:31:29", "elapsed": 76.108274, "delta": 0.766999}}
{"target": -35.49046270141729, "params": {"C": 42511.1491418353, "gamma": 0.04562437938506297}, "datetime": {"datetime": "2021-09-29 09:31:30", "elapsed": 76.82489, "delta": 0.716616}}
{"target": -34.257040446223684, "params": {"C": 43755.90303766496, "gamma": 0.01173248688335845}, "datetime": {"datetime": "2021-09-29 09:31:31", "elapsed": 77.523894, "delta": 0.699004}}
