{"target": 0.27158140859712565, "params": {"C": 32794.328081793195, "gamma": 0.07485670300405169}, "datetime": {"datetime": "2021-10-04 10:49:56", "elapsed": 193.040964, "delta": 1.296512}}
{"target": 0.25041743180338893, "params": {"C": 32842.94110929716, "gamma": 0.1920019467632168}, "datetime": {"datetime": "2021-10-04 10:49:58", "elapsed": 194.884975, "delta": 1.844011}}
{"target": 0.11299534456467542, "params": {"C": 5751.226984228342, "gamma": 0.030632819114288834}, "datetime": {"datetime": "2021-10-04 10:50:00", "elapsed": 196.916505, "delta": 2.03153}}
{"target": 0.26650355008088744, "params": {"C": 39661.42192031948, "gamma": 0.17080342039672583}, "datetime": {"datetime": "2021-10-04 10:50:02", "elapsed": 198.264635, "delta": 1.34813}}
{"target": 0.25810472726494327, "params": {"C": 39608.64488494269, "gamma": 0.19355359401702155}, "datetime": {"datetime": "2021-10-04 10:50:03", "elapsed": 199.750332, "delta": 1.485697}}
{"target": 0.27381073142222956, "params": {"C": 39716.30484054493, "gamma": 0.14526047894501593}, "datetime": {"datetime": "2021-10-04 10:50:05", "elapsed": 201.264454, "delta": 1.514122}}
{"target": 0.278589009008926, "params": {"C": 39761.73323846208, "gamma": 0.08971446047575374}, "datetime": {"datetime": "2021-10-04 10:50:06", "elapsed": 203.21465, "delta": 1.950196}}
{"target": 0.19981267757578602, "params": {"C": 39806.42116622957, "gamma": 0.014738553407686948}, "datetime": {"datetime": "2021-10-04 10:50:08", "elapsed": 204.506628, "delta": 1.291978}}
{"target": 0.26622923671672305, "params": {"C": 39520.915769215564, "gamma": 0.04939419486536169}, "datetime": {"datetime": "2021-10-04 10:50:09", "elapsed": 205.767537, "delta": 1.260909}}
{"target": 0.2759259194268395, "params": {"C": 39467.589165639234, "gamma": 0.07442169629697187}, "datetime": {"datetime": "2021-10-04 10:50:11", "elapsed": 208.186242, "delta": 2.418705}}
{"target": 0.27524853369338853, "params": {"C": 39424.22398386574, "gamma": 0.07178720790748302}, "datetime": {"datetime": "2021-10-04 10:50:13", "elapsed": 209.938564, "delta": 1.752322}}
{"target": 0.2760870781356779, "params": {"C": 39375.69234984515, "gamma": 0.13346792403528535}, "datetime": {"datetime": "2021-10-04 10:50:15", "elapsed": 211.519767, "delta": 1.581203}}
{"target": 0.2697504938492644, "params": {"C": 39322.860845518975, "gamma": 0.15966244479922503}, "datetime": {"datetime": "2021-10-04 10:50:16", "elapsed": 213.224252, "delta": 1.704485}}
{"target": 0.2752554290315884, "params": {"C": 39267.37675692952, "gamma": 0.13749052397687614}, "datetime": {"datetime": "2021-10-04 10:50:18", "elapsed": 215.037107, "delta": 1.812855}}
{"target": 0.2749029272636291, "params": {"C": 39222.45037641783, "gamma": 0.1390809468118356}, "datetime": {"datetime": "2021-10-04 10:50:20", "elapsed": 216.596998, "delta": 1.559891}}
{"target": 0.20592744292071619, "params": {"C": 18346.42756166983, "gamma": 0.18851666930882507}, "datetime": {"datetime": "2021-10-04 10:50:22", "elapsed": 218.317324, "delta": 1.720326}}
{"target": 0.2795254110853195, "params": {"C": 41045.24864757616, "gamma": 0.11079101300160504}, "datetime": {"datetime": "2021-10-04 10:50:23", "elapsed": 220.096341, "delta": 1.779017}}
{"target": 0.258505784503993, "params": {"C": 41001.76895368954, "gamma": 0.19559734779360866}, "datetime": {"datetime": "2021-10-04 10:50:25", "elapsed": 221.779434, "delta": 1.683093}}
{"target": 0.2725940290044512, "params": {"C": 41087.18780253095, "gamma": 0.15322162357625438}, "datetime": {"datetime": "2021-10-04 10:50:26", "elapsed": 223.136297, "delta": 1.356863}}
{"target": 0.26336816774435967, "params": {"C": 41138.453853088344, "gamma": 0.04356672403289982}, "datetime": {"datetime": "2021-10-04 10:50:29", "elapsed": 225.42477, "delta": 2.288473}}
{"target": 0.2581490263826798, "params": {"C": 41198.0312345427, "gamma": 0.037523728838995074}, "datetime": {"datetime": "2021-10-04 10:50:31", "elapsed": 227.433253, "delta": 2.008483}}
{"target": 0.2736807413415431, "params": {"C": 41264.67182588607, "gamma": 0.1492457456739965}, "datetime": {"datetime": "2021-10-04 10:50:32", "elapsed": 229.113154, "delta": 1.679901}}
{"target": 0.12811162784913965, "params": {"C": 41310.725300703656, "gamma": 0.00681829711129202}, "datetime": {"datetime": "2021-10-04 10:50:34", "elapsed": 230.857127, "delta": 1.743973}}
{"target": 0.27862383517087763, "params": {"C": 41235.43673013858, "gamma": 0.0849937388770096}, "datetime": {"datetime": "2021-10-04 10:50:36", "elapsed": 232.702542, "delta": 1.845415}}
{"target": 0.21786801212369378, "params": {"C": 40925.08826406376, "gamma": 0.01825410962312885}, "datetime": {"datetime": "2021-10-04 10:50:38", "elapsed": 234.404284, "delta": 1.701742}}
{"target": 0.2606366442345288, "params": {"C": 34190.37244059514, "gamma": 0.17229522880579173}, "datetime": {"datetime": "2021-10-04 10:50:41", "elapsed": 237.636042, "delta": 3.231758}}
{"target": 0.2738061902982526, "params": {"C": 34130.12985701201, "gamma": 0.12537432743773774}, "datetime": {"datetime": "2021-10-04 10:50:43", "elapsed": 239.956887, "delta": 2.320845}}
{"target": 0.16240214349231996, "params": {"C": 34085.768126031755, "gamma": 0.010627656909418276}, "datetime": {"datetime": "2021-10-04 10:50:45", "elapsed": 242.144105, "delta": 2.187218}}
{"target": 0.25122331187542735, "params": {"C": 34254.05917745143, "gamma": 0.19498309236510608}, "datetime": {"datetime": "2021-10-04 10:50:47", "elapsed": 244.131738, "delta": 1.987633}}
{"target": 0.27565705354904313, "params": {"C": 47145.08178190534, "gamma": 0.06348942623957923}, "datetime": {"datetime": "2021-10-04 10:50:50", "elapsed": 246.336502, "delta": 2.204764}}
{"target": 0.2732791112980637, "params": {"C": 47187.07010605195, "gamma": 0.15959344126364913}, "datetime": {"datetime": "2021-10-04 10:50:51", "elapsed": 247.85295, "delta": 1.516448}}
{"target": 0.26404093210855495, "params": {"C": 47099.75243455086, "gamma": 0.19076553494141082}, "datetime": {"datetime": "2021-10-04 10:50:53", "elapsed": 249.530472, "delta": 1.677522}}
{"target": 0.2711216403883534, "params": {"C": 47236.01020335039, "gamma": 0.05160671500443922}, "datetime": {"datetime": "2021-10-04 10:50:54", "elapsed": 251.163119, "delta": 1.632647}}
{"target": 0.28110275932189743, "params": {"C": 47288.27160059424, "gamma": 0.09775071182773812}, "datetime": {"datetime": "2021-10-04 10:50:57", "elapsed": 253.640262, "delta": 2.477143}}
{"target": 0.27329326418189503, "params": {"C": 47336.39330219238, "gamma": 0.05655690914665179}, "datetime": {"datetime": "2021-10-04 10:50:59", "elapsed": 255.41955, "delta": 1.779288}}
{"target": 0.18302674913652084, "params": {"C": 47386.72715753215, "gamma": 0.01105644969308663}, "datetime": {"datetime": "2021-10-04 10:51:00", "elapsed": 256.993445, "delta": 1.573895}}
{"target": 0.28096950452161773, "params": {"C": 47042.148278203, "gamma": 0.09514148461367011}, "datetime": {"datetime": "2021-10-04 10:51:02", "elapsed": 258.762472, "delta": 1.769027}}
{"target": 0.2640870497404477, "params": {"C": 47001.28800732806, "gamma": 0.04032777625022271}, "datetime": {"datetime": "2021-10-04 10:51:04", "elapsed": 260.507235, "delta": 1.744763}}
{"target": 0.2809346893231067, "params": {"C": 46937.341837688335, "gamma": 0.11076566205863754}, "datetime": {"datetime": "2021-10-04 10:51:05", "elapsed": 261.990646, "delta": 1.483411}}
{"target": 0.28096053044257907, "params": {"C": 46901.16870310236, "gamma": 0.09535696874826446}, "datetime": {"datetime": "2021-10-04 10:51:07", "elapsed": 263.634842, "delta": 1.644196}}
{"target": 0.13993310705757167, "params": {"C": 46858.60913830592, "gamma": 0.007173168612516759}, "datetime": {"datetime": "2021-10-04 10:51:08", "elapsed": 265.206191, "delta": 1.571349}}
{"target": 0.18241673189398644, "params": {"C": 10981.983143384552, "gamma": 0.1342682200274894}, "datetime": {"datetime": "2021-10-04 10:51:10", "elapsed": 266.650956, "delta": 1.444765}}
{"target": 0.06187836982361228, "params": {"C": 6429.27390532558, "gamma": 0.17256202034127627}, "datetime": {"datetime": "2021-10-04 10:51:12", "elapsed": 269.038456, "delta": 2.3875}}
{"target": 0.2681863095152105, "params": {"C": 34365.816567628455, "gamma": 0.15060612580506566}, "datetime": {"datetime": "2021-10-04 10:51:14", "elapsed": 270.810244, "delta": 1.771788}}
{"target": 0.270739754075218, "params": {"C": 34417.04243684674, "gamma": 0.14139529713995533}, "datetime": {"datetime": "2021-10-04 10:51:16", "elapsed": 272.351383, "delta": 1.541139}}
{"target": 0.2734819090346766, "params": {"C": 34478.13043607406, "gamma": 0.12902527297544064}, "datetime": {"datetime": "2021-10-04 10:51:17", "elapsed": 273.950532, "delta": 1.599149}}
{"target": 0.27570226497882955, "params": {"C": 34526.69325414451, "gamma": 0.09135282348018069}, "datetime": {"datetime": "2021-10-04 10:51:19", "elapsed": 275.572776, "delta": 1.622244}}
{"target": 0.2752348872122047, "params": {"C": 34572.31535404618, "gamma": 0.08668166537275554}, "datetime": {"datetime": "2021-10-04 10:51:21", "elapsed": 277.436001, "delta": 1.863225}}
{"target": 0.27432801667951967, "params": {"C": 34620.2306305676, "gamma": 0.12478603407342505}, "datetime": {"datetime": "2021-10-04 10:51:23", "elapsed": 279.525714, "delta": 2.089713}}
{"target": 0.2588521720552659, "params": {"C": 34674.91299382726, "gamma": 0.17842747700687495}, "datetime": {"datetime": "2021-10-04 10:51:24", "elapsed": 281.16255, "delta": 1.636836}}
{"target": 0.27592550722334475, "params": {"C": 34315.97186839764, "gamma": 0.09795284561949569}, "datetime": {"datetime": "2021-10-04 10:51:27", "elapsed": 283.403951, "delta": 2.241401}}
{"target": 0.2668189391475183, "params": {"C": 34747.892612970376, "gamma": 0.1564145827882402}, "datetime": {"datetime": "2021-10-04 10:51:29", "elapsed": 285.832947, "delta": 2.428996}}
{"target": 0.2741376600424298, "params": {"C": 34797.63418885684, "gamma": 0.12686946976475819}, "datetime": {"datetime": "2021-10-04 10:51:31", "elapsed": 288.094852, "delta": 2.261905}}
{"target": 0.27229877361286914, "params": {"C": 34843.862141673555, "gamma": 0.07127178692831636}, "datetime": {"datetime": "2021-10-04 10:51:33", "elapsed": 290.065547, "delta": 1.970695}}
{"target": 0.2498559870653997, "params": {"C": 34894.01349926703, "gamma": 0.2}, "datetime": {"datetime": "2021-10-04 10:51:35", "elapsed": 291.698424, "delta": 1.632877}}
{"target": 0.23281353861106235, "params": {"C": 24707.15503722343, "gamma": 0.18975256501534557}, "datetime": {"datetime": "2021-10-04 10:51:37", "elapsed": 293.603453, "delta": 1.905029}}
{"target": 0.14342156647328985, "params": {"C": 9576.28970485755, "gamma": 0.02328155995152796}, "datetime": {"datetime": "2021-10-04 10:51:39", "elapsed": 296.100351, "delta": 2.496898}}
{"target": 0.22245023791262497, "params": {"C": 15381.725869608732, "gamma": 0.12978692778421305}, "datetime": {"datetime": "2021-10-04 10:51:41", "elapsed": 298.243072, "delta": 2.142721}}
{"target": 0.23771418788747667, "params": {"C": 16417.519191626838, "gamma": 0.07549085075062338}, "datetime": {"datetime": "2021-10-04 10:51:44", "elapsed": 300.852498, "delta": 2.609426}}
{"target": 0.26642517582688696, "params": {"C": 31790.60578323322, "gamma": 0.1463821486724343}, "datetime": {"datetime": "2021-10-04 10:51:47", "elapsed": 303.297989, "delta": 2.445491}}
{"target": 0.25978054612647605, "params": {"C": 31736.312366264534, "gamma": 0.16575092388889656}, "datetime": {"datetime": "2021-10-04 10:51:48", "elapsed": 304.907545, "delta": 1.609556}}
{"target": 0.2530197611010352, "params": {"C": 31844.59156159599, "gamma": 0.18259991289959418}, "datetime": {"datetime": "2021-10-04 10:51:50", "elapsed": 306.676115, "delta": 1.76857}}
{"target": 0.26804457435542584, "params": {"C": 31666.81470458722, "gamma": 0.14001676973598043}, "datetime": {"datetime": "2021-10-04 10:51:52", "elapsed": 308.398521, "delta": 1.722406}}
{"target": 0.265234608946194, "params": {"C": 31615.78059581731, "gamma": 0.05966893702593596}, "datetime": {"datetime": "2021-10-04 10:51:54", "elapsed": 310.425351, "delta": 2.02683}}
{"target": 0.24461181711021762, "params": {"C": 31558.39006597457, "gamma": 0.1994871580560767}, "datetime": {"datetime": "2021-10-04 10:51:55", "elapsed": 312.11998, "delta": 1.694629}}
{"target": 0.2737987409712743, "params": {"C": 31953.601981624888, "gamma": 0.09618279441498094}, "datetime": {"datetime": "2021-10-04 10:51:57", "elapsed": 314.140587, "delta": 2.020607}}
{"target": 0.2707603962253956, "params": {"C": 32005.051607855985, "gamma": 0.07448100442885346}, "datetime": {"datetime": "2021-10-04 10:52:00", "elapsed": 316.940074, "delta": 2.799487}}
{"target": 0.2691285488063302, "params": {"C": 31907.251292669647, "gamma": 0.06908883321322203}, "datetime": {"datetime": "2021-10-04 10:52:03", "elapsed": 319.636348, "delta": 2.696274}}
{"target": 0.2701402791800702, "params": {"C": 32056.82109125031, "gamma": 0.07198228169480322}, "datetime": {"datetime": "2021-10-04 10:52:05", "elapsed": 321.684354, "delta": 2.048006}}
{"target": 0.27314008430304726, "params": {"C": 32108.2459182662, "gamma": 0.08652591691203003}, "datetime": {"datetime": "2021-10-04 10:52:08", "elapsed": 324.696257, "delta": 3.011903}}
{"target": 0.27407840389406346, "params": {"C": 32154.781240240027, "gamma": 0.10263009866072549}, "datetime": {"datetime": "2021-10-04 10:52:11", "elapsed": 327.342751, "delta": 2.646494}}
{"target": 0.2616994485108062, "params": {"C": 32203.62310527668, "gamma": 0.1623983206844517}, "datetime": {"datetime": "2021-10-04 10:52:13", "elapsed": 330.142561, "delta": 2.79981}}
{"target": 0.26625342962628074, "params": {"C": 26416.88927354464, "gamma": 0.08853288765663545}, "datetime": {"datetime": "2021-10-04 10:52:17", "elapsed": 333.395449, "delta": 3.252888}}
{"target": 0.26363494119101305, "params": {"C": 26363.522935075704, "gamma": 0.1239860089679679}, "datetime": {"datetime": "2021-10-04 10:52:19", "elapsed": 335.839451, "delta": 2.444002}}
{"target": 0.2047854451681692, "params": {"C": 26471.90405966948, "gamma": 0.020469778937821738}, "datetime": {"datetime": "2021-10-04 10:52:23", "elapsed": 339.617218, "delta": 3.777767}}
{"target": 0.26588033947774736, "params": {"C": 26300.02476527129, "gamma": 0.08671934119773492}, "datetime": {"datetime": "2021-10-04 10:52:25", "elapsed": 342.227401, "delta": 2.610183}}
{"target": 0.18198271071786942, "params": {"C": 26249.448455657548, "gamma": 0.015515434190450176}, "datetime": {"datetime": "2021-10-04 10:52:29", "elapsed": 345.303532, "delta": 3.076131}}
{"target": 0.2518688574248864, "params": {"C": 22182.507261399438, "gamma": 0.13054395672177468}, "datetime": {"datetime": "2021-10-04 10:52:32", "elapsed": 348.447034, "delta": 3.143502}}
{"target": 0.25709138383044094, "params": {"C": 22084.71912775788, "gamma": 0.08324676098618057}, "datetime": {"datetime": "2021-10-04 10:52:35", "elapsed": 352.17574, "delta": 3.728706}}
{"target": 0.25721112241507327, "params": {"C": 22010.013764157044, "gamma": 0.10217577145330711}, "datetime": {"datetime": "2021-10-04 10:52:37", "elapsed": 354.064259, "delta": 1.888519}}
{"target": 0.2243472244887087, "params": {"C": 21938.430324051107, "gamma": 0.18710418245546223}, "datetime": {"datetime": "2021-10-04 10:52:39", "elapsed": 355.962692, "delta": 1.898433}}
{"target": 0.22272930199792906, "params": {"C": 22280.90590084769, "gamma": 0.1921209623040319}, "datetime": {"datetime": "2021-10-04 10:52:42", "elapsed": 359.043338, "delta": 3.080646}}
{"target": 0.2463381240564414, "params": {"C": 19561.75743172763, "gamma": 0.11983251793737025}, "datetime": {"datetime": "2021-10-04 10:52:44", "elapsed": 361.18502, "delta": 2.141682}}
{"target": 0.27352814781477564, "params": {"C": 43613.54957764584, "gamma": 0.15406513303208233}, "datetime": {"datetime": "2021-10-04 10:52:47", "elapsed": 363.769675, "delta": 2.584655}}
{"target": 0.2415701574162722, "params": {"C": 43658.80046173109, "gamma": 0.025254141725466174}, "datetime": {"datetime": "2021-10-04 10:52:50", "elapsed": 366.767134, "delta": 2.997459}}
{"target": 0.27446957772093894, "params": {"C": 43568.53955603153, "gamma": 0.15008692399053555}, "datetime": {"datetime": "2021-10-04 10:52:53", "elapsed": 369.788297, "delta": 3.021163}}
{"target": 0.26995533969024077, "params": {"C": 43520.54766192431, "gamma": 0.16710463439141598}, "datetime": {"datetime": "2021-10-04 10:52:56", "elapsed": 372.97805, "delta": 3.189753}}
{"target": 0.27652030951697926, "params": {"C": 43454.96868824603, "gamma": 0.0703414524251552}, "datetime": {"datetime": "2021-10-04 10:52:59", "elapsed": 376.021008, "delta": 3.042958}}
{"target": 0.27271074917396443, "params": {"C": 43409.61829463527, "gamma": 0.0585936419450813}, "datetime": {"datetime": "2021-10-04 10:53:01", "elapsed": 378.157528, "delta": 2.13652}}
{"target": 0.27028675919224476, "params": {"C": 43358.400379456536, "gamma": 0.053091085377498834}, "datetime": {"datetime": "2021-10-04 10:53:04", "elapsed": 381.062052, "delta": 2.904524}}
{"target": 0.2744105724991742, "params": {"C": 43305.411567057236, "gamma": 0.14991683231299394}, "datetime": {"datetime": "2021-10-04 10:53:07", "elapsed": 383.282543, "delta": 2.220491}}
{"target": 0.2585061175281539, "params": {"C": 43260.3486210478, "gamma": 0.2}, "datetime": {"datetime": "2021-10-04 10:53:10", "elapsed": 386.407945, "delta": 3.125402}}
{"target": 0.25630886118178176, "params": {"C": 27399.547270805528, "gamma": 0.15484520408398128}, "datetime": {"datetime": "2021-10-04 10:53:12", "elapsed": 388.9608, "delta": 2.552855}}
{"target": 0.26247723110715393, "params": {"C": 27469.862371060284, "gamma": 0.13685288853050256}, "datetime": {"datetime": "2021-10-04 10:53:14", "elapsed": 391.115592, "delta": 2.154792}}
{"target": 0.24630662897605204, "params": {"C": 27526.89258698565, "gamma": 0.040145716775805355}, "datetime": {"datetime": "2021-10-04 10:53:18", "elapsed": 394.484396, "delta": 3.368804}}
{"target": 0.24183859440566902, "params": {"C": 27327.554125848976, "gamma": 0.1867194262180089}, "datetime": {"datetime": "2021-10-04 10:53:20", "elapsed": 397.115493, "delta": 2.631097}}
{"target": 0.25102498649932714, "params": {"C": 21254.790464098623, "gamma": 0.06604577003968196}, "datetime": {"datetime": "2021-10-04 10:53:22", "elapsed": 399.231031, "delta": 2.115538}}
{"target": 0.14629841684836575, "params": {"C": 17336.206167751276, "gamma": 0.014008166229379266}, "datetime": {"datetime": "2021-10-04 10:53:26", "elapsed": 402.606142, "delta": 3.375111}}
{"target": 0.2475228729787301, "params": {"C": 21110.362736760067, "gamma": 0.05869411409788992}, "datetime": {"datetime": "2021-10-04 10:53:28", "elapsed": 404.606748, "delta": 2.000606}}
{"target": 0.16122558950964072, "params": {"C": 21401.72037099741, "gamma": 0.014136405317803316}, "datetime": {"datetime": "2021-10-04 10:53:31", "elapsed": 407.474494, "delta": 2.867746}}
{"target": 0.2627549621711527, "params": {"C": 24299.637670019078, "gamma": 0.09498335433636108}, "datetime": {"datetime": "2021-10-04 10:53:34", "elapsed": 410.357023, "delta": 2.882529}}
{"target": 0.2474862412079083, "params": {"C": 24241.706262267657, "gamma": 0.04772962102481797}, "datetime": {"datetime": "2021-10-04 10:53:38", "elapsed": 414.59267, "delta": 4.235647}}
{"target": 0.2454366720656287, "params": {"C": 24359.97570276318, "gamma": 0.04497863742657368}, "datetime": {"datetime": "2021-10-04 10:53:41", "elapsed": 417.391522, "delta": 2.798852}}
{"target": 0.24697546492460265, "params": {"C": 30811.383033080576, "gamma": 0.19173926655122223}, "datetime": {"datetime": "2021-10-04 10:53:44", "elapsed": 421.155897, "delta": 3.764375}}
{"target": 0.186479471510409, "params": {"C": 13776.980824956163, "gamma": 0.028447461241049833}, "datetime": {"datetime": "2021-10-04 10:53:47", "elapsed": 423.681904, "delta": 2.526007}}
{"target": 0.13816872668311075, "params": {"C": 10591.806818049257, "gamma": 0.019538556904091765}, "datetime": {"datetime": "2021-10-04 10:53:50", "elapsed": 426.381617, "delta": 2.699713}}
{"target": 0.16947319439888853, "params": {"C": 8655.598619758346, "gamma": 0.10580106656467753}, "datetime": {"datetime": "2021-10-04 10:53:52", "elapsed": 429.003756, "delta": 2.622139}}
{"target": 0.25700534423566634, "params": {"C": 23278.888442137468, "gamma": 0.12303384903639378}, "datetime": {"datetime": "2021-10-04 10:53:56", "elapsed": 432.365175, "delta": 3.361419}}
{"target": 0.25909495429170415, "params": {"C": 23348.464334687, "gamma": 0.11384056136934335}, "datetime": {"datetime": "2021-10-04 10:53:59", "elapsed": 435.339539, "delta": 2.974364}}
{"target": 0.24955365395615836, "params": {"C": 23411.57820078814, "gamma": 0.14709793821977113}, "datetime": {"datetime": "2021-10-04 10:54:01", "elapsed": 437.849696, "delta": 2.510157}}
{"target": 0.22324548678228262, "params": {"C": 23207.320312395732, "gamma": 0.19726469755765524}, "datetime": {"datetime": "2021-10-04 10:54:03", "elapsed": 439.942765, "delta": 2.093069}}
{"target": 0.2404131780619061, "params": {"C": 18704.871237535597, "gamma": 0.12776301332952122}, "datetime": {"datetime": "2021-10-04 10:54:06", "elapsed": 442.525122, "delta": 2.582357}}
{"target": 0.11819349169677495, "params": {"C": 5375.934407371926, "gamma": 0.040561667404435946}, "datetime": {"datetime": "2021-10-04 10:54:09", "elapsed": 445.878427, "delta": 3.353305}}
{"target": 0.26823402346359637, "params": {"C": 28290.046281898412, "gamma": 0.08248261843997974}, "datetime": {"datetime": "2021-10-04 10:54:12", "elapsed": 448.781753, "delta": 2.903326}}
{"target": 0.269173092937271, "params": {"C": 28341.858092319264, "gamma": 0.10920359524995048}, "datetime": {"datetime": "2021-10-04 10:54:14", "elapsed": 450.94181, "delta": 2.160057}}
{"target": 0.20161888624456337, "params": {"C": 28399.07170239843, "gamma": 0.018675775381912632}, "datetime": {"datetime": "2021-10-04 10:54:17", "elapsed": 453.990205, "delta": 3.048395}}
