{"target": -35.71975004734812, "params": {"C": 8430.560560790635, "gamma": 0.008616228793670293}, "datetime": {"datetime": "2021-09-28 19:24:14", "elapsed": 1111.198692, "delta": 5.89844}}
{"target": -34.809961022999566, "params": {"C": 7406.183027818809, "gamma": 0.02319658097928086}, "datetime": {"datetime": "2021-09-28 19:24:18", "elapsed": 1115.745055, "delta": 4.546363}}
{"target": -35.38405894973628, "params": {"C": 7362.490295237715, "gamma": 0.0734126857718889}, "datetime": {"datetime": "2021-09-28 19:24:22", "elapsed": 1118.923967, "delta": 3.178912}}
{"target": -34.9830531120032, "params": {"C": 7253.830608633103, "gamma": 0.05193389461832012}, "datetime": {"datetime": "2021-09-28 19:24:25", "elapsed": 1122.0386, "delta": 3.114633}}
{"target": -35.047015181114546, "params": {"C": 8698.51087189043, "gamma": 0.05454649735306509}, "datetime": {"datetime": "2021-09-28 19:24:32", "elapsed": 1129.54371, "delta": 7.50511}}
{"target": -34.86140075408973, "params": {"C": 7593.965302766117, "gamma": 0.04484108934667397}, "datetime": {"datetime": "2021-09-28 19:24:37", "elapsed": 1134.098806, "delta": 4.555096}}
{"target": -35.020549720201736, "params": {"C": 7161.9446404570235, "gamma": 0.01689286402588028}, "datetime": {"datetime": "2021-09-28 19:24:42", "elapsed": 1138.769655, "delta": 4.670849}}
{"target": -35.06232446382347, "params": {"C": 7193.883131105459, "gamma": 0.056021654166532625}, "datetime": {"datetime": "2021-09-28 19:24:49", "elapsed": 1145.950267, "delta": 7.180612}}
{"target": -35.092164570937214, "params": {"C": 7520.085630677343, "gamma": 0.015653285599828093}, "datetime": {"datetime": "2021-09-28 19:24:52", "elapsed": 1149.119498, "delta": 3.169231}}
{"target": -35.854727603803944, "params": {"C": 7551.305379840135, "gamma": 0.007397459392929554}, "datetime": {"datetime": "2021-09-28 19:24:55", "elapsed": 1152.237128, "delta": 3.11763}}
{"target": -36.18686816658935, "params": {"C": 12856.60321633373, "gamma": 0.004597900100673916}, "datetime": {"datetime": "2021-09-28 19:40:00", "elapsed": 0.0, "delta": 0.0}}
{"target": -35.22447496940563, "params": {"C": 12168.241174631377, "gamma": 0.06065789895547311}, "datetime": {"datetime": "2021-09-28 19:40:00", "elapsed": 0.59353, "delta": 0.59353}}
{"target": -34.682140457727975, "params": {"C": 11492.535061512952, "gamma": 0.02030934170587527}, "datetime": {"datetime": "2021-09-28 19:40:00", "elapsed": 0.798529, "delta": 0.204999}}
{"target": -35.19605154360752, "params": {"C": 9990.31432379812, "gamma": 0.06156086483931982}, "datetime": {"datetime": "2021-09-28 19:40:01", "elapsed": 1.493528, "delta": 0.694999}}
{"target": -35.3535451136687, "params": {"C": 10928.724711650106, "gamma": 0.0692357993310653}, "datetime": {"datetime": "2021-09-28 19:40:03", "elapsed": 2.952349, "delta": 1.458821}}
{"target": -35.20447521343145, "params": {"C": 11493.67579580008, "gamma": 0.06033924287642672}, "datetime": {"datetime": "2021-09-28 19:40:03", "elapsed": 3.742591, "delta": 0.790242}}
{"target": -34.641048341441014, "params": {"C": 11491.03723948787, "gamma": 0.029958395261148213}, "datetime": {"datetime": "2021-09-28 19:40:04", "elapsed": 4.173051, "delta": 0.43046}}
{"target": -34.88127575797675, "params": {"C": 11488.305793033522, "gamma": 0.04405893702302399}, "datetime": {"datetime": "2021-09-28 19:40:04", "elapsed": 4.575051, "delta": 0.402}}
{"target": -34.71987884545189, "params": {"C": 11485.008465455398, "gamma": 0.03520739865575096}, "datetime": {"datetime": "2021-09-28 19:40:04", "elapsed": 4.837052, "delta": 0.262001}}
{"target": -34.655378683123544, "params": {"C": 11482.259541369913, "gamma": 0.021702732264732585}, "datetime": {"datetime": "2021-09-28 19:40:05", "elapsed": 5.093052, "delta": 0.256}}
{"target": -35.33051329071119, "params": {"C": 11479.638565834663, "gamma": 0.06715784495272031}, "datetime": {"datetime": "2021-09-28 19:40:05", "elapsed": 5.340058, "delta": 0.247006}}
{"target": -34.67305049100493, "params": {"C": 13173.934858477875, "gamma": 0.031920792200477534}, "datetime": {"datetime": "2021-09-28 19:40:05", "elapsed": 5.641049, "delta": 0.300991}}
{"target": -35.48510960222068, "params": {"C": 13171.532273395766, "gamma": 0.07036035558196387}, "datetime": {"datetime": "2021-09-28 19:40:06", "elapsed": 5.97505, "delta": 0.334001}}
{"target": -35.395860132179315, "params": {"C": 11483.423660191955, "gamma": 0.06997385106837949}, "datetime": {"datetime": "2021-09-28 19:40:06", "elapsed": 6.266147, "delta": 0.291097}}
{"target": -35.31466816122044, "params": {"C": 9382.572581862596, "gamma": 0.06895320550096296}, "datetime": {"datetime": "2021-09-28 19:40:06", "elapsed": 6.567148, "delta": 0.301001}}
{"target": -34.99583477471837, "params": {"C": 10801.287887143539, "gamma": 0.014839973477404893}, "datetime": {"datetime": "2021-09-28 19:40:07", "elapsed": 7.052945, "delta": 0.485797}}
{"target": -35.00143099805091, "params": {"C": 10673.466581988807, "gamma": 0.050583388568287445}, "datetime": {"datetime": "2021-09-28 19:40:07", "elapsed": 7.453922, "delta": 0.400977}}
{"target": -35.29906943585569, "params": {"C": 11492.58404456473, "gamma": 0.06540031528097512}, "datetime": {"datetime": "2021-09-28 19:40:07", "elapsed": 7.759564, "delta": 0.305642}}
{"target": -34.64085179954531, "params": {"C": 10436.81061882105, "gamma": 0.029385394098346708}, "datetime": {"datetime": "2021-09-28 19:40:08", "elapsed": 8.057314, "delta": 0.29775}}
{"target": -34.737316886333616, "params": {"C": 13853.165545838823, "gamma": 0.016781445255016084}, "datetime": {"datetime": "2021-09-28 19:40:08", "elapsed": 8.338799, "delta": 0.281485}}
{"target": -35.463909926980875, "params": {"C": 9186.858679588264, "gamma": 0.010793891167573726}, "datetime": {"datetime": "2021-09-28 19:40:09", "elapsed": 9.043771, "delta": 0.704972}}
{"target": -35.97064819554577, "params": {"C": 11470.270265030993, "gamma": 0.006206318223403335}, "datetime": {"datetime": "2021-09-28 19:40:09", "elapsed": 9.445383, "delta": 0.401612}}
{"target": -34.64514048447469, "params": {"C": 13475.191061075919, "gamma": 0.019180499365464204}, "datetime": {"datetime": "2021-09-28 19:40:09", "elapsed": 9.764381, "delta": 0.318998}}
{"target": -35.376377629694055, "params": {"C": 10435.607215945753, "gamma": 0.07113131071228894}, "datetime": {"datetime": "2021-09-28 19:40:10", "elapsed": 10.23492, "delta": 0.470539}}
{"target": -34.921657546864786, "params": {"C": 10605.741859715032, "gamma": 0.04653090842217702}, "datetime": {"datetime": "2021-09-28 19:40:10", "elapsed": 10.756902, "delta": 0.521982}}
{"target": -35.32453304497866, "params": {"C": 10766.312487848574, "gamma": 0.0678290010244642}, "datetime": {"datetime": "2021-09-28 19:40:11", "elapsed": 11.0689, "delta": 0.311998}}
{"target": -35.240699223801, "params": {"C": 9590.532068942826, "gamma": 0.012813855033933539}, "datetime": {"datetime": "2021-09-28 19:40:11", "elapsed": 11.405898, "delta": 0.336998}}
{"target": -35.67778895642029, "params": {"C": 12812.77184500712, "gamma": 0.07750159767056795}, "datetime": {"datetime": "2021-09-28 19:40:11", "elapsed": 11.742902, "delta": 0.337004}}
{"target": -35.252147155767766, "params": {"C": 10000.194656192976, "gamma": 0.012536014791730846}, "datetime": {"datetime": "2021-09-28 19:40:12", "elapsed": 12.023911, "delta": 0.281009}}
{"target": -34.82547071555185, "params": {"C": 9069.136274439295, "gamma": 0.04213267385727652}, "datetime": {"datetime": "2021-09-28 19:40:12", "elapsed": 12.305095, "delta": 0.281184}}
{"target": -35.28087774673854, "params": {"C": 10417.869300736445, "gamma": 0.06581201845555704}, "datetime": {"datetime": "2021-09-28 19:40:12", "elapsed": 12.633734, "delta": 0.328639}}
{"target": -34.71196716472396, "params": {"C": 9504.87566545272, "gamma": 0.03515650028525729}, "datetime": {"datetime": "2021-09-28 19:40:12", "elapsed": 12.939735, "delta": 0.306001}}
{"target": -34.66821772064155, "params": {"C": 12655.035191629211, "gamma": 0.019109324633703663}, "datetime": {"datetime": "2021-09-28 19:40:13", "elapsed": 13.55674, "delta": 0.617005}}
{"target": -35.242575568117005, "params": {"C": 11668.333865104138, "gamma": 0.06214866104026043}, "datetime": {"datetime": "2021-09-28 19:40:14", "elapsed": 13.99574, "delta": 0.439}}
{"target": -35.09091870598062, "params": {"C": 10616.085401263004, "gamma": 0.01393737440815013}, "datetime": {"datetime": "2021-09-28 19:40:14", "elapsed": 14.320068, "delta": 0.324328}}
{"target": -35.89044472733753, "params": {"C": 9914.593821377175, "gamma": 0.006902377318163285}, "datetime": {"datetime": "2021-09-28 19:40:14", "elapsed": 14.689053, "delta": 0.368985}}
{"target": -35.34061191339667, "params": {"C": 11089.891661448597, "gamma": 0.011312892736649049}, "datetime": {"datetime": "2021-09-28 19:40:15", "elapsed": 15.003052, "delta": 0.313999}}
{"target": -34.60285093818937, "params": {"C": 11999.384792777944, "gamma": 0.025745366526989864}, "datetime": {"datetime": "2021-09-28 19:40:15", "elapsed": 15.401053, "delta": 0.398001}}
{"target": -34.70451769765413, "params": {"C": 11434.536511688137, "gamma": 0.034238303982572625}, "datetime": {"datetime": "2021-09-28 19:40:15", "elapsed": 15.740055, "delta": 0.339002}}
{"target": -34.90403199160326, "params": {"C": 10488.169656945662, "gamma": 0.045682202680261616}, "datetime": {"datetime": "2021-09-28 19:40:16", "elapsed": 16.138364, "delta": 0.398309}}
{"target": -36.214681998919716, "params": {"C": 10387.846173868078, "gamma": 0.0039020121298331506}, "datetime": {"datetime": "2021-09-28 19:40:16", "elapsed": 16.620357, "delta": 0.481993}}
{"target": -35.63214060914105, "params": {"C": 10098.145794392798, "gamma": 0.009057572270057516}, "datetime": {"datetime": "2021-09-28 19:40:17", "elapsed": 17.125359, "delta": 0.505002}}
{"target": -35.59399071048798, "params": {"C": 10253.208044369392, "gamma": 0.07899469313188257}, "datetime": {"datetime": "2021-09-28 19:40:17", "elapsed": 17.505359, "delta": 0.38}}
{"target": -35.54961315078577, "params": {"C": 9360.198602573686, "gamma": 0.0788152940770872}, "datetime": {"datetime": "2021-09-28 19:40:17", "elapsed": 17.829055, "delta": 0.323696}}
{"target": -34.98115611885871, "params": {"C": 11823.366218447005, "gamma": 0.048835177606528814}, "datetime": {"datetime": "2021-09-28 19:40:18", "elapsed": 18.153489, "delta": 0.324434}}
{"target": -35.14545595199565, "params": {"C": 13577.109347934715, "gamma": 0.01231773750724273}, "datetime": {"datetime": "2021-09-28 19:40:18", "elapsed": 18.476492, "delta": 0.323003}}
{"target": -34.904762659923776, "params": {"C": 11862.396358899292, "gamma": 0.04506020224636284}, "datetime": {"datetime": "2021-09-28 19:40:18", "elapsed": 18.847492, "delta": 0.371}}
{"target": -35.40068864285519, "params": {"C": 12710.942247393155, "gamma": 0.06793551508327296}, "datetime": {"datetime": "2021-09-28 19:40:19", "elapsed": 19.191498, "delta": 0.344006}}
{"target": -34.759636777169085, "params": {"C": 10327.850779249202, "gamma": 0.03793985841889618}, "datetime": {"datetime": "2021-09-28 19:40:19", "elapsed": 19.547492, "delta": 0.355994}}
{"target": -34.70712107664025, "params": {"C": 11139.180903329976, "gamma": 0.03446575854314585}, "datetime": {"datetime": "2021-09-28 19:40:19", "elapsed": 19.875489, "delta": 0.327997}}
{"target": -35.32529636293576, "params": {"C": 11799.707286495306, "gamma": 0.06643476100101274}, "datetime": {"datetime": "2021-09-28 19:40:20", "elapsed": 20.466179, "delta": 0.59069}}
{"target": -34.827177050324956, "params": {"C": 12063.917631739352, "gamma": 0.04097144327619288}, "datetime": {"datetime": "2021-09-28 19:40:20", "elapsed": 20.866176, "delta": 0.399997}}
{"target": -34.88467847581431, "params": {"C": 10010.837569644002, "gamma": 0.044902394267645425}, "datetime": {"datetime": "2021-09-28 19:40:21", "elapsed": 21.218179, "delta": 0.352003}}
{"target": -35.621573598026615, "params": {"C": 12999.092235963199, "gamma": 0.07519173492704552}, "datetime": {"datetime": "2021-09-28 19:40:21", "elapsed": 21.777176, "delta": 0.558997}}
{"target": -34.64615906683518, "params": {"C": 11334.231757449565, "gamma": 0.02267584143630391}, "datetime": {"datetime": "2021-09-28 19:40:22", "elapsed": 22.322997, "delta": 0.545821}}
{"target": -34.633248493956444, "params": {"C": 11005.048589546654, "gamma": 0.024574119026963482}, "datetime": {"datetime": "2021-09-28 19:40:22", "elapsed": 22.724692, "delta": 0.401695}}
{"target": -34.84417108957411, "params": {"C": 13414.626684298157, "gamma": 0.015575790324553074}, "datetime": {"datetime": "2021-09-28 19:40:23", "elapsed": 23.115697, "delta": 0.391005}}
{"target": -34.869953878352774, "params": {"C": 10323.868894446232, "gamma": 0.016760747169998976}, "datetime": {"datetime": "2021-09-28 19:40:23", "elapsed": 23.479696, "delta": 0.363999}}
{"target": -34.76941735266577, "params": {"C": 11175.081173298066, "gamma": 0.038196786764662115}, "datetime": {"datetime": "2021-09-28 19:40:24", "elapsed": 23.955692, "delta": 0.475996}}
{"target": -35.447520559580994, "params": {"C": 11506.635304514164, "gamma": 0.07188541877509098}, "datetime": {"datetime": "2021-09-28 19:40:24", "elapsed": 24.36952, "delta": 0.413828}}
{"target": -34.99966332792405, "params": {"C": 13978.888523483854, "gamma": 0.04843677955595529}, "datetime": {"datetime": "2021-09-28 19:40:24", "elapsed": 24.833523, "delta": 0.464003}}
{"target": -36.19396312811409, "params": {"C": 13309.842580640907, "gamma": 0.004571513287728949}, "datetime": {"datetime": "2021-09-28 19:40:25", "elapsed": 25.413563, "delta": 0.58004}}
{"target": -34.87523033796691, "params": {"C": 9738.281174001591, "gamma": 0.04452932364554532}, "datetime": {"datetime": "2021-09-28 19:40:25", "elapsed": 25.917521, "delta": 0.503958}}
{"target": -34.64511510603399, "params": {"C": 9820.418194132659, "gamma": 0.028494863492261418}, "datetime": {"datetime": "2021-09-28 19:40:26", "elapsed": 26.347549, "delta": 0.430028}}
{"target": -35.11796410466461, "params": {"C": 11496.16799587954, "gamma": 0.055883826236900226}, "datetime": {"datetime": "2021-09-28 19:40:26", "elapsed": 26.709554, "delta": 0.362005}}
{"target": -34.733416167240975, "params": {"C": 11228.033194770895, "gamma": 0.03611825486259215}, "datetime": {"datetime": "2021-09-28 19:40:27", "elapsed": 27.07355, "delta": 0.363996}}
{"target": -34.88487823891674, "params": {"C": 9883.774841057726, "gamma": 0.044972956123961974}, "datetime": {"datetime": "2021-09-28 19:40:27", "elapsed": 27.507549, "delta": 0.433999}}
{"target": -34.62729488758933, "params": {"C": 11666.072212617233, "gamma": 0.028624231791039775}, "datetime": {"datetime": "2021-09-28 19:40:27", "elapsed": 27.880152, "delta": 0.372603}}
{"target": -35.43496453570787, "params": {"C": 12185.34953783673, "gamma": 0.0702545604575481}, "datetime": {"datetime": "2021-09-28 19:40:28", "elapsed": 28.259339, "delta": 0.379187}}
{"target": -34.72788461623813, "params": {"C": 11321.260436100685, "gamma": 0.03574892821491672}, "datetime": {"datetime": "2021-09-28 19:40:28", "elapsed": 28.699333, "delta": 0.439994}}
{"target": -35.015772702654616, "params": {"C": 12537.558658107539, "gamma": 0.05007004461826626}, "datetime": {"datetime": "2021-09-28 19:40:29", "elapsed": 29.073338, "delta": 0.374005}}
{"target": -34.653435504048126, "params": {"C": 9625.107392028529, "gamma": 0.027443790705967353}, "datetime": {"datetime": "2021-09-28 19:40:29", "elapsed": 29.503332, "delta": 0.429994}}
{"target": -34.93057029234457, "params": {"C": 9692.708691213304, "gamma": 0.04749270302116008}, "datetime": {"datetime": "2021-09-28 19:40:29", "elapsed": 29.931334, "delta": 0.428002}}
{"target": -34.7347737959251, "params": {"C": 11982.296076799043, "gamma": 0.03602064218566662}, "datetime": {"datetime": "2021-09-28 19:40:30", "elapsed": 30.351006, "delta": 0.419672}}
{"target": -35.16985275413699, "params": {"C": 12571.103777226961, "gamma": 0.05751324547027216}, "datetime": {"datetime": "2021-09-28 19:40:30", "elapsed": 30.713999, "delta": 0.362993}}
{"target": -34.69837024975295, "params": {"C": 10984.408916346447, "gamma": 0.020482095551111173}, "datetime": {"datetime": "2021-09-28 19:40:31", "elapsed": 31.101004, "delta": 0.387005}}
{"target": -35.07993826859707, "params": {"C": 10788.637892622635, "gamma": 0.05453939492968337}, "datetime": {"datetime": "2021-09-28 19:40:31", "elapsed": 31.59701, "delta": 0.496006}}
{"target": -34.942651714458, "params": {"C": 12951.351068618455, "gamma": 0.046354584072223565}, "datetime": {"datetime": "2021-09-28 19:40:32", "elapsed": 32.041006, "delta": 0.443996}}
{"target": -34.77178277068074, "params": {"C": 12693.050637750734, "gamma": 0.03784882582763405}, "datetime": {"datetime": "2021-09-28 19:40:32", "elapsed": 32.505209, "delta": 0.464203}}
{"target": -35.300818238760876, "params": {"C": 10465.860811884006, "gamma": 0.01188453966538651}, "datetime": {"datetime": "2021-09-28 19:40:32", "elapsed": 32.926843, "delta": 0.421634}}
{"target": -34.64976002572686, "params": {"C": 9971.666212888184, "gamma": 0.02636914051822731}, "datetime": {"datetime": "2021-09-28 19:40:33", "elapsed": 33.39684, "delta": 0.469997}}
{"target": -36.146209589376554, "params": {"C": 11514.191672546982, "gamma": 0.004839718947709247}, "datetime": {"datetime": "2021-09-28 19:40:33", "elapsed": 33.823841, "delta": 0.427001}}
{"target": -34.69157522604614, "params": {"C": 9537.99610704828, "gamma": 0.03378353153894122}, "datetime": {"datetime": "2021-09-28 19:40:34", "elapsed": 34.26012, "delta": 0.436279}}
{"target": -35.49395623950708, "params": {"C": 10697.416359888304, "gamma": 0.07496537361987834}, "datetime": {"datetime": "2021-09-28 19:40:34", "elapsed": 34.682113, "delta": 0.421993}}
{"target": -35.61552324949741, "params": {"C": 10920.61942703904, "gamma": 0.07873126795037318}, "datetime": {"datetime": "2021-09-28 19:40:35", "elapsed": 35.146112, "delta": 0.463999}}
{"target": -36.09300537205418, "params": {"C": 13455.101997822032, "gamma": 0.005307582996117149}, "datetime": {"datetime": "2021-09-28 19:40:35", "elapsed": 35.681109, "delta": 0.534997}}
{"target": -34.82946425117103, "params": {"C": 13418.162750046871, "gamma": 0.01576540268466732}, "datetime": {"datetime": "2021-09-28 19:40:36", "elapsed": 36.126111, "delta": 0.445002}}
{"target": -34.84149078946432, "params": {"C": 10871.77745298512, "gamma": 0.04222503233619222}, "datetime": {"datetime": "2021-09-28 19:40:36", "elapsed": 36.536451, "delta": 0.41034}}
{"target": -35.04397444413016, "params": {"C": 10692.559907455701, "gamma": 0.05275802891350797}, "datetime": {"datetime": "2021-09-28 19:40:37", "elapsed": 36.96945, "delta": 0.432999}}
{"target": -35.60862282555121, "params": {"C": 9939.160802400515, "gamma": 0.009293022310586943}, "datetime": {"datetime": "2021-09-28 19:40:37", "elapsed": 37.430451, "delta": 0.461001}}
{"target": -34.99713967648269, "params": {"C": 13267.490818270406, "gamma": 0.048738301899211786}, "datetime": {"datetime": "2021-09-28 19:40:38", "elapsed": 38.014209, "delta": 0.583758}}
{"target": -35.77018914057361, "params": {"C": 13282.851691990498, "gamma": 0.07971227249163923}, "datetime": {"datetime": "2021-09-28 19:40:38", "elapsed": 38.460785, "delta": 0.446576}}
{"target": -35.25298902321951, "params": {"C": 9203.009600968726, "gamma": 0.012838575305870254}, "datetime": {"datetime": "2021-09-28 19:40:38", "elapsed": 38.89679, "delta": 0.436005}}
{"target": -34.584945224281924, "params": {"C": 13433.670463090879, "gamma": 0.022857627855129153}, "datetime": {"datetime": "2021-09-28 19:40:39", "elapsed": 39.456785, "delta": 0.559995}}
{"target": -34.738322864765465, "params": {"C": 13335.409171152929, "gamma": 0.0359079985666882}, "datetime": {"datetime": "2021-09-28 19:40:40", "elapsed": 40.014782, "delta": 0.557997}}
{"target": -34.81285321418408, "params": {"C": 12569.339562216961, "gamma": 0.04003580221416004}, "datetime": {"datetime": "2021-09-28 19:40:40", "elapsed": 40.4511, "delta": 0.436318}}
{"target": -34.98790313787761, "params": {"C": 11242.773588313976, "gamma": 0.049526687543391866}, "datetime": {"datetime": "2021-09-28 19:40:40", "elapsed": 40.910109, "delta": 0.459009}}
{"target": -34.597038787438265, "params": {"C": 12818.943370225037, "gamma": 0.02309734319944852}, "datetime": {"datetime": "2021-09-28 19:40:41", "elapsed": 41.3711, "delta": 0.460991}}
{"target": -35.36353760702688, "params": {"C": 10917.828553909563, "gamma": 0.06969155139105139}, "datetime": {"datetime": "2021-09-28 19:40:41", "elapsed": 41.8331, "delta": 0.462}}
{"target": -35.325720965820025, "params": {"C": 13638.524836360308, "gamma": 0.0635603391773113}, "datetime": {"datetime": "2021-09-28 19:40:42", "elapsed": 42.382306, "delta": 0.549206}}
{"target": -35.63590300748325, "params": {"C": 11677.818640914571, "gamma": 0.008702498326439158}, "datetime": {"datetime": "2021-09-28 19:40:42", "elapsed": 42.891942, "delta": 0.509636}}
{"target": -34.904156738028824, "params": {"C": 9712.282065266794, "gamma": 0.01663228082804163}, "datetime": {"datetime": "2021-09-28 19:40:43", "elapsed": 43.3369, "delta": 0.444958}}
{"target": -34.7261988355033, "params": {"C": 13171.445665010864, "gamma": 0.03522784513514094}, "datetime": {"datetime": "2021-09-28 19:40:43", "elapsed": 43.908904, "delta": 0.572004}}
{"target": -35.1274492041243, "params": {"C": 12951.877502909721, "gamma": 0.05511640259890177}, "datetime": {"datetime": "2021-09-28 19:40:44", "elapsed": 44.4216, "delta": 0.512696}}
{"target": -36.132926464255924, "params": {"C": 9428.95604318395, "gamma": 0.004686849966479714}, "datetime": {"datetime": "2021-09-28 19:40:44", "elapsed": 44.860598, "delta": 0.438998}}
{"target": -34.65252363521738, "params": {"C": 9606.919590327543, "gamma": 0.029302364126123335}, "datetime": {"datetime": "2021-09-28 19:40:45", "elapsed": 45.413601, "delta": 0.553003}}
{"target": -35.07878709243457, "params": {"C": 13556.584064408915, "gamma": 0.05235093894573865}, "datetime": {"datetime": "2021-09-28 19:40:46", "elapsed": 46.007608, "delta": 0.594007}}
