{"target": 0.18199973191710495, "params": {"C": 79523.99573287829, "gamma": 0.06466756902346463}, "datetime": {"datetime": "2021-10-04 10:46:33", "elapsed": 50.613271, "delta": 0.602224}}
{"target": 0.18254490435832327, "params": {"C": 73334.53730264292, "gamma": 0.16672352297544327}, "datetime": {"datetime": "2021-10-04 10:46:34", "elapsed": 51.163809, "delta": 0.550538}}
{"target": 0.17801388707950327, "params": {"C": 68778.59076384298, "gamma": 0.1295383834777635}, "datetime": {"datetime": "2021-10-04 10:46:34", "elapsed": 51.735308, "delta": 0.571499}}
{"target": 0.20449384387852376, "params": {"C": 66447.84194319534, "gamma": 0.24691870786552114}, "datetime": {"datetime": "2021-10-04 10:46:35", "elapsed": 52.252356, "delta": 0.517048}}
{"target": 0.21608998778485033, "params": {"C": 74295.15976341892, "gamma": 0.2893255655860064}, "datetime": {"datetime": "2021-10-04 10:46:35", "elapsed": 52.791318, "delta": 0.538962}}
{"target": 0.18112973198568594, "params": {"C": 78413.68428644261, "gamma": 0.06896055139833547}, "datetime": {"datetime": "2021-10-04 10:46:36", "elapsed": 53.43261, "delta": 0.641292}}
{"target": 0.17859979929433845, "params": {"C": 67658.33080239035, "gamma": 0.03514339691803127}, "datetime": {"datetime": "2021-10-04 10:46:37", "elapsed": 54.065307, "delta": 0.632697}}
{"target": 0.17927735299898173, "params": {"C": 55193.007423775096, "gamma": 0.11964705108506121}, "datetime": {"datetime": "2021-10-04 10:46:37", "elapsed": 54.624507, "delta": 0.5592}}
{"target": 0.18548786824445906, "params": {"C": 67929.69877462318, "gamma": 0.1752967288073084}, "datetime": {"datetime": "2021-10-04 10:46:38", "elapsed": 55.184434, "delta": 0.559927}}
{"target": 0.17925065176183097, "params": {"C": 51170.15317596957, "gamma": 0.11009567617889805}, "datetime": {"datetime": "2021-10-04 10:46:38", "elapsed": 55.780788, "delta": 0.596354}}
{"target": 0.18126450442720432, "params": {"C": 77525.44252802734, "gamma": 0.06873583460524949}, "datetime": {"datetime": "2021-10-04 10:46:39", "elapsed": 56.310289, "delta": 0.529501}}
{"target": 0.17944322023899228, "params": {"C": 87423.51185477279, "gamma": 0.1698010789858393}, "datetime": {"datetime": "2021-10-04 10:46:39", "elapsed": 56.859785, "delta": 0.549496}}
{"target": 0.18268300729174602, "params": {"C": 74676.54561963899, "gamma": 0.06295329600278486}, "datetime": {"datetime": "2021-10-04 10:46:40", "elapsed": 57.560159, "delta": 0.700374}}
{"target": 0.19589847033064522, "params": {"C": 85537.83690323573, "gamma": 0.22480614237414326}, "datetime": {"datetime": "2021-10-04 10:46:41", "elapsed": 58.328703, "delta": 0.768544}}
{"target": 0.1837315288405993, "params": {"C": 87818.7991734875, "gamma": 0.03937484619897593}, "datetime": {"datetime": "2021-10-04 10:46:41", "elapsed": 58.942888, "delta": 0.614185}}
{"target": 0.18051902775069606, "params": {"C": 63096.162850190245, "gamma": 0.08011942378222212}, "datetime": {"datetime": "2021-10-04 10:46:42", "elapsed": 59.584157, "delta": 0.641269}}
{"target": 0.18064494485956717, "params": {"C": 91147.82835766464, "gamma": 0.06554133211975162}, "datetime": {"datetime": "2021-10-04 10:46:43", "elapsed": 60.151847, "delta": 0.56769}}
{"target": 0.19447587110228404, "params": {"C": 71288.31594095213, "gamma": 0.21203591111300374}, "datetime": {"datetime": "2021-10-04 10:46:43", "elapsed": 60.796516, "delta": 0.644669}}
{"target": 0.17694673286180318, "params": {"C": 75111.49141835303, "gamma": 0.13343888843214025}, "datetime": {"datetime": "2021-10-04 10:46:44", "elapsed": 61.437898, "delta": 0.641382}}
{"target": 0.17734908297231322, "params": {"C": 87559.03037664964, "gamma": 0.02962267034797167}, "datetime": {"datetime": "2021-10-04 10:46:45", "elapsed": 62.059364, "delta": 0.621466}}
{"target": 0.1767135403946618, "params": {"C": 72706.41348666511, "gamma": 0.10730197191240622}, "datetime": {"datetime": "2021-10-04 10:46:45", "elapsed": 62.737493, "delta": 0.678129}}
{"target": 0.17739579382559634, "params": {"C": 70308.22796160191, "gamma": 0.10188640837322384}, "datetime": {"datetime": "2021-10-04 10:46:46", "elapsed": 63.352766, "delta": 0.615273}}
{"target": 0.20529109268872814, "params": {"C": 89930.59218539868, "gamma": 0.2558876417512665}, "datetime": {"datetime": "2021-10-04 10:46:47", "elapsed": 64.081248, "delta": 0.728482}}
{"target": 0.19558787186221915, "params": {"C": 62344.23454771795, "gamma": 0.2137170075901338}, "datetime": {"datetime": "2021-10-04 10:46:47", "elapsed": 64.832, "delta": 0.750752}}
{"target": 0.18469810182333224, "params": {"C": 93672.86344200859, "gamma": 0.04243557743879471}, "datetime": {"datetime": "2021-10-04 10:46:48", "elapsed": 65.546516, "delta": 0.714516}}
{"target": 0.1817801416254693, "params": {"C": 56604.91317295619, "gamma": 0.04587593393272322}, "datetime": {"datetime": "2021-10-04 10:46:49", "elapsed": 66.126121, "delta": 0.579605}}
{"target": 0.20596652311286268, "params": {"C": 68748.11869488459, "gamma": 0.2521558427488138}, "datetime": {"datetime": "2021-10-04 10:46:49", "elapsed": 66.720893, "delta": 0.594772}}
{"target": 0.20612586748098227, "params": {"C": 57794.932488719955, "gamma": 0.2574374582281863}, "datetime": {"datetime": "2021-10-04 10:46:50", "elapsed": 67.327371, "delta": 0.606478}}
{"target": 0.17248271242414726, "params": {"C": 92546.87183877696, "gamma": 0.13918960440615308}, "datetime": {"datetime": "2021-10-04 10:46:50", "elapsed": 67.939349, "delta": 0.611978}}
{"target": 0.1776564285078872, "params": {"C": 88212.4986272167, "gamma": 0.07830221896700855}, "datetime": {"datetime": "2021-10-04 10:46:51", "elapsed": 68.606948, "delta": 0.667599}}
{"target": 0.18069571312286725, "params": {"C": 66214.554309342, "gamma": 0.1485799113410761}, "datetime": {"datetime": "2021-10-04 10:46:52", "elapsed": 69.348704, "delta": 0.741756}}
{"target": 0.1855458315904981, "params": {"C": 92519.40947091478, "gamma": 0.19776219104858875}, "datetime": {"datetime": "2021-10-04 10:46:53", "elapsed": 70.117191, "delta": 0.768487}}
{"target": 0.1846887681965267, "params": {"C": 90845.43896289653, "gamma": 0.04751474169503545}, "datetime": {"datetime": "2021-10-04 10:46:53", "elapsed": 70.907601, "delta": 0.79041}}
{"target": 0.19035642493847094, "params": {"C": 65746.1208496647, "gamma": 0.19425077353170428}, "datetime": {"datetime": "2021-10-04 10:46:54", "elapsed": 71.588601, "delta": 0.681}}
{"target": 0.20663225713744016, "params": {"C": 72164.3670707025, "gamma": 0.25459950260170133}, "datetime": {"datetime": "2021-10-04 10:46:55", "elapsed": 72.270603, "delta": 0.682002}}
{"target": 0.14926228596502933, "params": {"C": 90014.92319908552, "gamma": 0.015552357753240223}, "datetime": {"datetime": "2021-10-04 10:46:56", "elapsed": 72.99255, "delta": 0.721947}}
{"target": 0.17816184343217134, "params": {"C": 74024.4934163338, "gamma": 0.14218301400459646}, "datetime": {"datetime": "2021-10-04 10:46:56", "elapsed": 73.707712, "delta": 0.715162}}
{"target": 0.175270144480683, "params": {"C": 78940.99777164611, "gamma": 0.12081606568728784}, "datetime": {"datetime": "2021-10-04 10:46:57", "elapsed": 74.387369, "delta": 0.679657}}
{"target": 0.17474585910031937, "params": {"C": 82939.32126326293, "gamma": 0.13165477203565176}, "datetime": {"datetime": "2021-10-04 10:46:58", "elapsed": 75.076533, "delta": 0.689164}}
{"target": 0.19698439900464104, "params": {"C": 58176.3633045981, "gamma": 0.2197201239184297}, "datetime": {"datetime": "2021-10-04 10:46:59", "elapsed": 76.034362, "delta": 0.957829}}
{"target": 0.17849151417211717, "params": {"C": 67438.50644387712, "gamma": 0.09325771822057202}, "datetime": {"datetime": "2021-10-04 10:46:59", "elapsed": 76.830077, "delta": 0.795715}}
{"target": 0.19814553925842415, "params": {"C": 53919.360158386, "gamma": 0.226905841612601}, "datetime": {"datetime": "2021-10-04 10:47:00", "elapsed": 77.550037, "delta": 0.71996}}
{"target": 0.1871802058451676, "params": {"C": 56577.46201755124, "gamma": 0.17803923142176833}, "datetime": {"datetime": "2021-10-04 10:47:01", "elapsed": 78.268691, "delta": 0.718654}}
{"target": 0.2005603015600913, "params": {"C": 89648.34731112127, "gamma": 0.24148116514284382}, "datetime": {"datetime": "2021-10-04 10:47:02", "elapsed": 79.069425, "delta": 0.800734}}
{"target": 0.2159356808573708, "params": {"C": 76722.79139402791, "gamma": 0.2883309602335254}, "datetime": {"datetime": "2021-10-04 10:47:02", "elapsed": 79.835431, "delta": 0.766006}}
{"target": 0.18855885096548697, "params": {"C": 93448.90630531142, "gamma": 0.2081150441606062}, "datetime": {"datetime": "2021-10-04 10:47:03", "elapsed": 80.705424, "delta": 0.869993}}
{"target": 0.18872911346189358, "params": {"C": 77225.85553042882, "gamma": 0.1952422792620361}, "datetime": {"datetime": "2021-10-04 10:47:04", "elapsed": 81.419827, "delta": 0.714403}}
{"target": 0.16980383799072318, "params": {"C": 99081.54354420846, "gamma": 0.13330163031836148}, "datetime": {"datetime": "2021-10-04 10:47:05", "elapsed": 82.387466, "delta": 0.967639}}
{"target": 0.18774864171373018, "params": {"C": 60794.26474219291, "gamma": 0.1814826954095617}, "datetime": {"datetime": "2021-10-04 10:47:06", "elapsed": 83.133278, "delta": 0.745812}}
{"target": 0.19519846057664836, "params": {"C": 60638.463946782394, "gamma": 0.21219857413753554}, "datetime": {"datetime": "2021-10-04 10:47:06", "elapsed": 83.853439, "delta": 0.720161}}
{"target": 0.20945550524932555, "params": {"C": 97883.07488522182, "gamma": 0.27212799061427534}, "datetime": {"datetime": "2021-10-04 10:47:07", "elapsed": 84.523446, "delta": 0.670007}}
{"target": 0.18672256979947544, "params": {"C": 84362.34777023412, "gamma": 0.1941424742203467}, "datetime": {"datetime": "2021-10-04 10:47:08", "elapsed": 85.356543, "delta": 0.833097}}
{"target": 0.20434132161124885, "params": {"C": 53238.75926866701, "gamma": 0.2550254080614718}, "datetime": {"datetime": "2021-10-04 10:47:09", "elapsed": 86.223118, "delta": 0.866575}}
{"target": 0.17392021059253604, "params": {"C": 98303.86327972804, "gamma": 0.08610647335118167}, "datetime": {"datetime": "2021-10-04 10:47:10", "elapsed": 86.960067, "delta": 0.736949}}
{"target": 0.21519822546000156, "params": {"C": 89989.94708310533, "gamma": 0.2871782819076631}, "datetime": {"datetime": "2021-10-04 10:47:10", "elapsed": 87.65436, "delta": 0.694293}}
{"target": 0.1804042940882924, "params": {"C": 54373.174296219855, "gamma": 0.13511173627158304}, "datetime": {"datetime": "2021-10-04 10:47:11", "elapsed": 88.345937, "delta": 0.691577}}
{"target": 0.18331302952197603, "params": {"C": 59678.20794957782, "gamma": 0.15901637140097255}, "datetime": {"datetime": "2021-10-04 10:47:12", "elapsed": 89.035901, "delta": 0.689964}}
{"target": 0.18441637830281377, "params": {"C": 64007.749235892334, "gamma": 0.16751003482599294}, "datetime": {"datetime": "2021-10-04 10:47:12", "elapsed": 89.714766, "delta": 0.678865}}
{"target": 0.19430387827608409, "params": {"C": 71847.52667919808, "gamma": 0.2116853451389596}, "datetime": {"datetime": "2021-10-04 10:47:13", "elapsed": 90.399538, "delta": 0.684772}}
{"target": 0.19189608581906947, "params": {"C": 96404.20754034215, "gamma": 0.22049627512811468}, "datetime": {"datetime": "2021-10-04 10:47:14", "elapsed": 91.131364, "delta": 0.731826}}
{"target": 0.19220475474345367, "params": {"C": 92643.75736322363, "gamma": 0.21853499333444312}, "datetime": {"datetime": "2021-10-04 10:47:14", "elapsed": 91.805397, "delta": 0.674033}}
{"target": 0.15555148034674626, "params": {"C": 86579.12386988886, "gamma": 0.017819297426087108}, "datetime": {"datetime": "2021-10-04 10:47:15", "elapsed": 92.49399, "delta": 0.688593}}
{"target": 0.15353569701132452, "params": {"C": 74123.75323859628, "gamma": 0.018523973119715598}, "datetime": {"datetime": "2021-10-04 10:47:16", "elapsed": 93.208816, "delta": 0.714826}}
{"target": 0.1900730732649718, "params": {"C": 50903.5898698029, "gamma": 0.19336390456410735}, "datetime": {"datetime": "2021-10-04 10:47:17", "elapsed": 94.091059, "delta": 0.882243}}
{"target": 0.18243381688167704, "params": {"C": 53899.37635031173, "gamma": 0.05117477591149099}, "datetime": {"datetime": "2021-10-04 10:47:17", "elapsed": 94.869733, "delta": 0.778674}}
{"target": 0.1793181579349713, "params": {"C": 52842.341977199256, "gamma": 0.11729989862046668}, "datetime": {"datetime": "2021-10-04 10:47:18", "elapsed": 95.81622, "delta": 0.946487}}
{"target": 0.179092165315612, "params": {"C": 57325.53582807058, "gamma": 0.11921862311515194}, "datetime": {"datetime": "2021-10-04 10:47:19", "elapsed": 96.616129, "delta": 0.799909}}
{"target": 0.20454960895367957, "params": {"C": 70513.4236546872, "gamma": 0.2471016449022728}, "datetime": {"datetime": "2021-10-04 10:47:20", "elapsed": 97.423278, "delta": 0.807149}}
{"target": 0.17489040140422085, "params": {"C": 87345.16545352721, "gamma": 0.027546433366046112}, "datetime": {"datetime": "2021-10-04 10:47:21", "elapsed": 98.219934, "delta": 0.796656}}
{"target": 0.1922382581668255, "params": {"C": 85126.51365953317, "gamma": 0.2130219637234434}, "datetime": {"datetime": "2021-10-04 10:47:22", "elapsed": 99.044596, "delta": 0.824662}}
{"target": 0.18235155318795837, "params": {"C": 50979.57125996666, "gamma": 0.06471146434185096}, "datetime": {"datetime": "2021-10-04 10:47:22", "elapsed": 99.898596, "delta": 0.854}}
{"target": 0.2132031027530602, "params": {"C": 61022.63102108681, "gamma": 0.2853663133798383}, "datetime": {"datetime": "2021-10-04 10:47:23", "elapsed": 100.762546, "delta": 0.86395}}
{"target": 0.181239628313017, "params": {"C": 54541.74876234393, "gamma": 0.045522433251490135}, "datetime": {"datetime": "2021-10-04 10:47:24", "elapsed": 101.660815, "delta": 0.898269}}
{"target": 0.20973472557163686, "params": {"C": 51474.341946514476, "gamma": 0.2861196234478202}, "datetime": {"datetime": "2021-10-04 10:47:25", "elapsed": 102.62072, "delta": 0.959905}}
{"target": 0.17974760021813363, "params": {"C": 96597.5916173763, "gamma": 0.06634156588917543}, "datetime": {"datetime": "2021-10-04 10:47:26", "elapsed": 103.60469, "delta": 0.98397}}
{"target": 0.18656326519420474, "params": {"C": 70733.34948407832, "gamma": 0.18197268072681222}, "datetime": {"datetime": "2021-10-04 10:47:27", "elapsed": 104.757374, "delta": 1.152684}}
{"target": 0.17980904917166118, "params": {"C": 68575.95184811704, "gamma": 0.14553655483654104}, "datetime": {"datetime": "2021-10-04 10:47:28", "elapsed": 105.817884, "delta": 1.06051}}
{"target": 0.18660017496279857, "params": {"C": 75803.54084986559, "gamma": 0.18617669637527084}, "datetime": {"datetime": "2021-10-04 10:47:29", "elapsed": 106.920638, "delta": 1.102754}}
{"target": 0.17608914064153758, "params": {"C": 80256.7822813611, "gamma": 0.09553204496940174}, "datetime": {"datetime": "2021-10-04 10:47:30", "elapsed": 107.873149, "delta": 0.952511}}
{"target": 0.18237277119400352, "params": {"C": 78084.1205524388, "gamma": 0.17112444536603216}, "datetime": {"datetime": "2021-10-04 10:47:31", "elapsed": 108.705114, "delta": 0.831965}}
{"target": 0.1845884587562444, "params": {"C": 86091.9028677103, "gamma": 0.04858504885023811}, "datetime": {"datetime": "2021-10-04 10:47:32", "elapsed": 109.514886, "delta": 0.809772}}
{"target": 0.17860273046092268, "params": {"C": 60425.22816930226, "gamma": 0.11009562353143645}, "datetime": {"datetime": "2021-10-04 10:47:33", "elapsed": 110.468735, "delta": 0.953849}}
{"target": 0.17650140484376142, "params": {"C": 73862.5468333412, "gamma": 0.10691174722648407}, "datetime": {"datetime": "2021-10-04 10:47:34", "elapsed": 111.417514, "delta": 0.948779}}
{"target": 0.20270674812836298, "params": {"C": 51255.08307353646, "gamma": 0.2506130271003669}, "datetime": {"datetime": "2021-10-04 10:47:35", "elapsed": 112.447075, "delta": 1.029561}}
{"target": 0.18141535581611723, "params": {"C": 52248.16490200172, "gamma": 0.07567519589337232}, "datetime": {"datetime": "2021-10-04 10:47:36", "elapsed": 113.263559, "delta": 0.816484}}
{"target": 0.2143203412541217, "params": {"C": 57950.54513825102, "gamma": 0.29552665809801193}, "datetime": {"datetime": "2021-10-04 10:47:37", "elapsed": 114.257672, "delta": 0.994113}}
{"target": 0.182246650718631, "params": {"C": 97474.30531493956, "gamma": 0.19190975709764507}, "datetime": {"datetime": "2021-10-04 10:47:38", "elapsed": 115.002285, "delta": 0.744613}}
{"target": 0.21219590797975119, "params": {"C": 98530.14220829343, "gamma": 0.2806528208362896}, "datetime": {"datetime": "2021-10-04 10:47:39", "elapsed": 116.015516, "delta": 1.013231}}
{"target": 0.2022894093015959, "params": {"C": 63023.45063472655, "gamma": 0.23917501198525748}, "datetime": {"datetime": "2021-10-04 10:47:40", "elapsed": 117.173488, "delta": 1.157972}}
{"target": 0.2181415610349171, "params": {"C": 71323.79627965394, "gamma": 0.29880047615948574}, "datetime": {"datetime": "2021-10-04 10:47:41", "elapsed": 118.263778, "delta": 1.09029}}
{"target": 0.1800118127881951, "params": {"C": 75542.6604987585, "gamma": 0.03499424739105807}, "datetime": {"datetime": "2021-10-04 10:47:42", "elapsed": 119.325063, "delta": 1.061285}}
{"target": 0.1879377793040392, "params": {"C": 90787.36421037238, "gamma": 0.20387912550067036}, "datetime": {"datetime": "2021-10-04 10:47:43", "elapsed": 120.592846, "delta": 1.267783}}
{"target": 0.2027032295626402, "params": {"C": 67184.27949186701, "gamma": 0.24031527787230458}, "datetime": {"datetime": "2021-10-04 10:47:44", "elapsed": 121.697702, "delta": 1.104856}}
{"target": 0.18321465664864167, "params": {"C": 76935.05692556294, "gamma": 0.05957892231476975}, "datetime": {"datetime": "2021-10-04 10:47:45", "elapsed": 122.584152, "delta": 0.88645}}
{"target": 0.18078093249529503, "params": {"C": 72275.74555916042, "gamma": 0.1564943397349111}, "datetime": {"datetime": "2021-10-04 10:47:46", "elapsed": 123.694533, "delta": 1.110381}}
{"target": 0.1840962566240677, "params": {"C": 81480.0782961528, "gamma": 0.04284628078646204}, "datetime": {"datetime": "2021-10-04 10:47:47", "elapsed": 124.585759, "delta": 0.891226}}
{"target": 0.17184728587368925, "params": {"C": 98933.29746221504, "gamma": 0.15088352775656663}, "datetime": {"datetime": "2021-10-04 10:47:48", "elapsed": 125.419019, "delta": 0.83326}}
{"target": 0.18222213141261223, "params": {"C": 57893.77253152268, "gamma": 0.1514109890744535}, "datetime": {"datetime": "2021-10-04 10:47:49", "elapsed": 126.280516, "delta": 0.861497}}
{"target": 0.17695527823172275, "params": {"C": 80910.10404825618, "gamma": 0.1465181584769792}, "datetime": {"datetime": "2021-10-04 10:47:50", "elapsed": 127.278819, "delta": 0.998303}}
{"target": 0.17944238669510315, "params": {"C": 66186.94654632884, "gamma": 0.08603923877109636}, "datetime": {"datetime": "2021-10-04 10:47:51", "elapsed": 128.610165, "delta": 1.331346}}
{"target": 0.20432966301844935, "params": {"C": 64848.25307445095, "gamma": 0.246540446386688}, "datetime": {"datetime": "2021-10-04 10:47:52", "elapsed": 129.727325, "delta": 1.11716}}
{"target": 0.1301169922900548, "params": {"C": 82680.44860155127, "gamma": 0.01196349602871335}, "datetime": {"datetime": "2021-10-04 10:47:53", "elapsed": 130.87886, "delta": 1.151535}}
{"target": 0.1893114823059443, "params": {"C": 84451.17510962623, "gamma": 0.2029956477822367}, "datetime": {"datetime": "2021-10-04 10:47:54", "elapsed": 131.740471, "delta": 0.861611}}
{"target": 0.17575445156094593, "params": {"C": 84661.0074697228, "gamma": 0.09144733402387432}, "datetime": {"datetime": "2021-10-04 10:47:55", "elapsed": 132.789813, "delta": 1.049342}}
{"target": 0.18438311709733002, "params": {"C": 78437.99282990034, "gamma": 0.05037948588741071}, "datetime": {"datetime": "2021-10-04 10:47:56", "elapsed": 133.745086, "delta": 0.955273}}
{"target": 0.2087546347246758, "params": {"C": 91633.53297510718, "gamma": 0.2672281989233714}, "datetime": {"datetime": "2021-10-04 10:47:57", "elapsed": 134.590877, "delta": 0.845791}}
{"target": 0.17793751235529487, "params": {"C": 62802.326555070016, "gamma": 0.03574088736003915}, "datetime": {"datetime": "2021-10-04 10:47:58", "elapsed": 135.402457, "delta": 0.81158}}
{"target": 0.21064367398071115, "params": {"C": 62408.57152845831, "gamma": 0.27272440809852844}, "datetime": {"datetime": "2021-10-04 10:47:59", "elapsed": 136.287015, "delta": 0.884558}}
{"target": 0.20280403177458084, "params": {"C": 65545.98854873185, "gamma": 0.24074358081777905}, "datetime": {"datetime": "2021-10-04 10:48:00", "elapsed": 137.604848, "delta": 1.317833}}
{"target": 0.2167357903454512, "params": {"C": 95042.49623262853, "gamma": 0.29369175609189446}, "datetime": {"datetime": "2021-10-04 10:48:01", "elapsed": 138.515835, "delta": 0.910987}}
{"target": 0.1770383550143807, "params": {"C": 71267.44763069128, "gamma": 0.1213707424703021}, "datetime": {"datetime": "2021-10-04 10:48:02", "elapsed": 139.439795, "delta": 0.92396}}
{"target": 0.1780209201749472, "params": {"C": 67772.60153881156, "gamma": 0.12693977029387418}, "datetime": {"datetime": "2021-10-04 10:48:03", "elapsed": 140.339291, "delta": 0.899496}}
{"target": 0.2079012108265199, "params": {"C": 57824.26433280422, "gamma": 0.2651291758919688}, "datetime": {"datetime": "2021-10-04 10:48:04", "elapsed": 141.34492, "delta": 1.005629}}
{"target": 0.1781111226047445, "params": {"C": 90980.0639062431, "gamma": 0.1688593209898903}, "datetime": {"datetime": "2021-10-04 10:48:05", "elapsed": 142.168667, "delta": 0.823747}}
{"target": 0.2055372937571449, "params": {"C": 52182.950447644056, "gamma": 0.26248396844543914}, "datetime": {"datetime": "2021-10-04 10:48:06", "elapsed": 143.039669, "delta": 0.871002}}
{"target": 0.17528776320140005, "params": {"C": 51231.05362833509, "gamma": 0.03677363773224024}, "datetime": {"datetime": "2021-10-04 10:48:07", "elapsed": 144.018957, "delta": 0.979288}}
{"target": 0.21471695143595193, "params": {"C": 67392.70459247375, "gamma": 0.28651133393640266}, "datetime": {"datetime": "2021-10-04 10:48:07", "elapsed": 144.94655, "delta": 0.927593}}
