{"target": -39.82813175670045, "params": {"C": 184.45693359147583, "gamma": 0.00836797196620852}, "datetime": {"datetime": "2021-09-28 11:54:35", "elapsed": 424.549785, "delta": 3.623041}}
{"target": -40.2730427335995, "params": {"C": 184.45754196503515, "gamma": 0.07921667991986221}, "datetime": {"datetime": "2021-09-28 11:54:38", "elapsed": 427.114896, "delta": 2.565111}}
{"target": -39.55943899620829, "params": {"C": 184.24639029719205, "gamma": 0.010335628410038373}, "datetime": {"datetime": "2021-09-28 11:54:42", "elapsed": 431.281975, "delta": 4.167079}}
{"target": -41.70250231788339, "params": {"C": 86.60176087956279, "gamma": 0.09358392242118377}, "datetime": {"datetime": "2021-09-28 11:54:44", "elapsed": 432.79648, "delta": 1.514505}}
{"target": -39.62420807962747, "params": {"C": 184.2051720176633, "gamma": 0.0492390652662471}, "datetime": {"datetime": "2021-09-28 11:54:47", "elapsed": 436.288219, "delta": 3.491739}}
{"target": -41.37279662101203, "params": {"C": 163.26518439783038, "gamma": 0.003322472567276831}, "datetime": {"datetime": "2021-09-28 11:54:49", "elapsed": 438.607582, "delta": 2.319363}}
{"target": -40.52220830500745, "params": {"C": 163.25771900074733, "gamma": 0.08111137231065811}, "datetime": {"datetime": "2021-09-28 11:54:51", "elapsed": 440.60992, "delta": 2.002338}}
{"target": -39.22481365205922, "params": {"C": 184.16114343784454, "gamma": 0.029240543957359845}, "datetime": {"datetime": "2021-09-28 11:54:54", "elapsed": 443.215743, "delta": 2.605823}}
{"target": -40.010187267983646, "params": {"C": 184.1741029059031, "gamma": 0.00737152797495648}, "datetime": {"datetime": "2021-09-28 11:54:56", "elapsed": 445.324798, "delta": 2.109055}}
{"target": -41.8416912406696, "params": {"C": 80.93409095207588, "gamma": 0.09836005144363043}, "datetime": {"datetime": "2021-09-28 11:54:58", "elapsed": 446.88057, "delta": 1.555772}}
{"target": -39.68431099255801, "params": {"C": 184.14983498419625, "gamma": 0.05190463420858962}, "datetime": {"datetime": "2021-09-28 11:55:00", "elapsed": 449.139419, "delta": 2.258849}}
{"target": -41.91283487526451, "params": {"C": 69.84465709915597, "gamma": 0.09051804737195421}, "datetime": {"datetime": "2021-09-28 11:55:02", "elapsed": 450.929542, "delta": 1.790123}}
{"target": -40.483833737018216, "params": {"C": 184.20871499340188, "gamma": 0.08922002381708286}, "datetime": {"datetime": "2021-09-28 11:55:05", "elapsed": 453.944915, "delta": 3.015373}}
{"target": -39.24257452222559, "params": {"C": 184.10650396939099, "gamma": 0.03047889129290833}, "datetime": {"datetime": "2021-09-28 11:55:08", "elapsed": 457.039484, "delta": 3.094569}}
{"target": -39.79893024713993, "params": {"C": 184.13027366966267, "gamma": 0.008575836382712265}, "datetime": {"datetime": "2021-09-28 11:55:10", "elapsed": 459.677022, "delta": 2.637538}}
{"target": -39.704431910893504, "params": {"C": 184.0819691720413, "gamma": 0.0527808869434349}, "datetime": {"datetime": "2021-09-28 11:55:13", "elapsed": 462.389931, "delta": 2.712909}}
{"target": -39.20679407595902, "params": {"C": 184.07676235936248, "gamma": 0.017646657429518927}, "datetime": {"datetime": "2021-09-28 11:55:16", "elapsed": 465.105526, "delta": 2.715595}}
{"target": -39.2324722801774, "params": {"C": 184.03358365150757, "gamma": 0.029712399139079748}, "datetime": {"datetime": "2021-09-28 11:55:18", "elapsed": 467.391982, "delta": 2.286456}}
{"target": -41.05409991837882, "params": {"C": 184.02040427076994, "gamma": 0.003622304512749593}, "datetime": {"datetime": "2021-09-28 11:55:21", "elapsed": 469.989809, "delta": 2.597827}}
{"target": -40.080371765784975, "params": {"C": 184.0079695847176, "gamma": 0.06999908261340666}, "datetime": {"datetime": "2021-09-28 11:55:24", "elapsed": 472.892654, "delta": 2.902845}}
{"target": -39.416414713962325, "params": {"C": 184.3497183101552, "gamma": 0.03994255841061497}, "datetime": {"datetime": "2021-09-28 11:55:26", "elapsed": 475.635775, "delta": 2.743121}}
{"target": -39.90468994336476, "params": {"C": 184.04114613173428, "gamma": 0.06198739897958717}, "datetime": {"datetime": "2021-09-28 11:55:30", "elapsed": 478.797727, "delta": 3.161952}}
{"target": -39.1903858007347, "params": {"C": 184.0548048449844, "gamma": 0.025474993487406058}, "datetime": {"datetime": "2021-09-28 11:55:32", "elapsed": 481.182423, "delta": 2.384696}}
{"target": -39.17569033240068, "params": {"C": 184.51645743547422, "gamma": 0.023266268269244328}, "datetime": {"datetime": "2021-09-28 11:55:37", "elapsed": 486.74747, "delta": 5.565047}}
{"target": -39.30819536064961, "params": {"C": 184.55684433366488, "gamma": 0.013535930539718848}, "datetime": {"datetime": "2021-09-28 11:55:40", "elapsed": 489.108937, "delta": 2.361467}}
{"target": -39.72089701152009, "params": {"C": 148.94609717522087, "gamma": 0.035965699177085815}, "datetime": {"datetime": "2021-09-28 11:55:42", "elapsed": 491.18116, "delta": 2.072223}}
{"target": -39.85049520845761, "params": {"C": 195.1956615867426, "gamma": 0.0638698258971081}, "datetime": {"datetime": "2021-09-28 11:55:44", "elapsed": 492.951608, "delta": 1.770448}}
{"target": -39.58753322373152, "params": {"C": 184.52685203559128, "gamma": 0.04773939646676281}, "datetime": {"datetime": "2021-09-28 11:55:48", "elapsed": 497.058817, "delta": 4.107209}}
{"target": -39.31796910067445, "params": {"C": 184.62346367653407, "gamma": 0.01330961655728221}, "datetime": {"datetime": "2021-09-28 11:55:52", "elapsed": 501.38211, "delta": 4.323293}}
{"target": -39.29136753142759, "params": {"C": 184.59026224988406, "gamma": 0.013912448266277442}, "datetime": {"datetime": "2021-09-28 11:55:56", "elapsed": 505.167714, "delta": 3.785604}}
{"target": -39.63741822717315, "params": {"C": 184.61047163858143, "gamma": 0.049998031463246315}, "datetime": {"datetime": "2021-09-28 11:56:00", "elapsed": 508.837548, "delta": 3.669834}}
{"target": -39.811921902517824, "params": {"C": 184.65436264329492, "gamma": 0.05790563452804533}, "datetime": {"datetime": "2021-09-28 11:56:03", "elapsed": 512.051034, "delta": 3.213486}}
{"target": -40.2663425820654, "params": {"C": 184.5702405954428, "gamma": 0.07895981907861274}, "datetime": {"datetime": "2021-09-28 11:56:05", "elapsed": 514.493803, "delta": 2.442769}}
{"target": -40.69403919619526, "params": {"C": 184.6546357819097, "gamma": 0.004612715255079081}, "datetime": {"datetime": "2021-09-28 11:56:10", "elapsed": 518.953323, "delta": 4.45952}}
{"target": -40.025152901681764, "params": {"C": 148.9018820339657, "gamma": 0.05066644360846139}, "datetime": {"datetime": "2021-09-28 11:56:13", "elapsed": 521.938833, "delta": 2.98551}}
{"target": -40.86430569300037, "params": {"C": 193.99729244403352, "gamma": 0.11523790957068884}, "datetime": {"datetime": "2021-09-28 11:56:15", "elapsed": 524.140455, "delta": 2.201622}}
{"target": -39.266799920018535, "params": {"C": 184.49120420579908, "gamma": 0.014661288642967476}, "datetime": {"datetime": "2021-09-28 11:56:18", "elapsed": 527.27453, "delta": 3.134075}}
{"target": -40.696115116605654, "params": {"C": 184.67367330065414, "gamma": 0.10075124935979816}, "datetime": {"datetime": "2021-09-28 11:56:22", "elapsed": 531.485304, "delta": 4.210774}}
{"target": -40.07467182902204, "params": {"C": 184.53168140734812, "gamma": 0.007026675110698048}, "datetime": {"datetime": "2021-09-28 11:56:28", "elapsed": 536.769747, "delta": 5.284443}}
{"target": -39.56826685921036, "params": {"C": 148.99586710528234, "gamma": 0.023851968324838317}, "datetime": {"datetime": "2021-09-28 11:56:31", "elapsed": 539.895708, "delta": 3.125961}}
{"target": -40.21976067131144, "params": {"C": 148.99812075363326, "gamma": 0.059492992438824194}, "datetime": {"datetime": "2021-09-28 11:56:35", "elapsed": 544.552766, "delta": 4.657058}}
{"target": -40.62861660972238, "params": {"C": 195.1547250080116, "gamma": 0.10179545407698881}, "datetime": {"datetime": "2021-09-28 11:56:39", "elapsed": 548.72969, "delta": 4.176924}}
{"target": -40.880812957293855, "params": {"C": 139.04476080102944, "gamma": 0.08554538803764819}, "datetime": {"datetime": "2021-09-28 11:56:42", "elapsed": 551.136338, "delta": 2.406648}}
{"target": -39.399939732005755, "params": {"C": 195.24729596026907, "gamma": 0.04392478483592808}, "datetime": {"datetime": "2021-09-28 11:56:45", "elapsed": 554.078463, "delta": 2.942125}}
{"target": -39.12774539998189, "params": {"C": 195.2801224484619, "gamma": 0.016151909959366915}, "datetime": {"datetime": "2021-09-28 11:56:47", "elapsed": 556.673984, "delta": 2.595521}}
{"target": -39.20753738753744, "params": {"C": 195.29413386386108, "gamma": 0.03493565121473309}, "datetime": {"datetime": "2021-09-28 11:56:52", "elapsed": 561.355311, "delta": 4.681327}}
{"target": -39.60694730732193, "params": {"C": 195.23870221954155, "gamma": 0.00887177305180914}, "datetime": {"datetime": "2021-09-28 11:56:54", "elapsed": 563.761813, "delta": 2.406502}}
{"target": -41.641572262091074, "params": {"C": 149.03081375253754, "gamma": 0.003}, "datetime": {"datetime": "2021-09-28 11:56:57", "elapsed": 566.298365, "delta": 2.536552}}
{"target": -39.347315719808016, "params": {"C": 184.56417774511505, "gamma": 0.036771849001365736}, "datetime": {"datetime": "2021-09-28 11:57:02", "elapsed": 571.157373, "delta": 4.859008}}
{"target": -41.565533047112744, "params": {"C": 148.95790434026048, "gamma": 0.0031968038673023396}, "datetime": {"datetime": "2021-09-28 11:57:06", "elapsed": 575.07621, "delta": 3.918837}}
{"target": -39.186261845179544, "params": {"C": 195.21460053877158, "gamma": 0.033698117850577115}, "datetime": {"datetime": "2021-09-28 11:57:08", "elapsed": 577.358358, "delta": 2.282148}}
{"target": -40.00305388016008, "params": {"C": 195.26682723634295, "gamma": 0.07115297534906173}, "datetime": {"datetime": "2021-09-28 11:57:11", "elapsed": 580.28117, "delta": 2.922812}}
{"target": -40.69864764034769, "params": {"C": 148.94443661233424, "gamma": 0.08239490853554648}, "datetime": {"datetime": "2021-09-28 11:57:18", "elapsed": 586.774068, "delta": 6.492898}}
{"target": -39.83218126261989, "params": {"C": 134.24419668396234, "gamma": 0.019473897057961646}, "datetime": {"datetime": "2021-09-28 11:57:20", "elapsed": 589.067198, "delta": 2.29313}}
{"target": -40.00264655954936, "params": {"C": 195.18971864543374, "gamma": 0.006742743509066026}, "datetime": {"datetime": "2021-09-28 11:57:24", "elapsed": 593.344888, "delta": 4.27769}}
{"target": -40.34955312672911, "params": {"C": 107.04613982496147, "gamma": 0.019609959778807803}, "datetime": {"datetime": "2021-09-28 11:57:26", "elapsed": 595.497198, "delta": 2.15231}}
{"target": -40.54847096367098, "params": {"C": 134.26654447957392, "gamma": 0.0661071884569361}, "datetime": {"datetime": "2021-09-28 11:57:30", "elapsed": 599.111885, "delta": 3.614687}}
{"target": -39.24906381570434, "params": {"C": 200.0, "gamma": 0.03924166339443594}, "datetime": {"datetime": "2021-09-28 11:57:35", "elapsed": 604.708535, "delta": 5.59665}}
{"target": -39.17915965831452, "params": {"C": 195.26669400182928, "gamma": 0.03331655951230934}, "datetime": {"datetime": "2021-09-28 11:57:40", "elapsed": 609.315623, "delta": 4.607088}}
{"target": -39.95652743633208, "params": {"C": 134.17582232972165, "gamma": 0.03790183395756432}, "datetime": {"datetime": "2021-09-28 11:57:45", "elapsed": 614.707968, "delta": 5.392345}}
{"target": -39.889615059442825, "params": {"C": 134.12347660667842, "gamma": 0.01730379012931118}, "datetime": {"datetime": "2021-09-28 11:57:51", "elapsed": 620.428727, "delta": 5.720759}}
{"target": -40.537500473367594, "params": {"C": 134.0221863362568, "gamma": 0.06542725363411038}, "datetime": {"datetime": "2021-09-28 11:57:54", "elapsed": 623.711932, "delta": 3.283205}}
{"target": -39.648007478762985, "params": {"C": 148.8095933326054, "gamma": 0.031560331741661105}, "datetime": {"datetime": "2021-09-28 11:57:57", "elapsed": 626.585231, "delta": 2.873299}}
{"target": -40.466242105519534, "params": {"C": 148.82855526128816, "gamma": 0.07079950941364235}, "datetime": {"datetime": "2021-09-28 11:58:01", "elapsed": 630.243397, "delta": 3.658166}}
{"target": -39.73252426447818, "params": {"C": 148.75868293875266, "gamma": 0.03645988301659813}, "datetime": {"datetime": "2021-09-28 11:58:04", "elapsed": 633.512754, "delta": 3.269357}}
{"target": -40.931053078518055, "params": {"C": 148.84928834523245, "gamma": 0.005249916593089492}, "datetime": {"datetime": "2021-09-28 11:58:09", "elapsed": 638.354254, "delta": 4.8415}}
{"target": -40.95235689664275, "params": {"C": 148.7551090630373, "gamma": 0.09545894557950216}, "datetime": {"datetime": "2021-09-28 11:58:14", "elapsed": 642.842444, "delta": 4.48819}}
{"target": -40.260436946039725, "params": {"C": 110.42393388938694, "gamma": 0.030412092213163495}, "datetime": {"datetime": "2021-09-28 11:58:16", "elapsed": 645.166328, "delta": 2.323884}}
{"target": -41.13481400017211, "params": {"C": 134.14374134509222, "gamma": 0.09641012211610309}, "datetime": {"datetime": "2021-09-28 11:58:25", "elapsed": 654.628953, "delta": 9.462625}}
{"target": -39.224438426894295, "params": {"C": 181.25812749120362, "gamma": 0.026494591887120684}, "datetime": {"datetime": "2021-09-28 11:58:29", "elapsed": 658.36528, "delta": 3.736327}}
{"target": -39.254646633146066, "params": {"C": 181.23018624901414, "gamma": 0.01643502097182223}, "datetime": {"datetime": "2021-09-28 11:58:33", "elapsed": 662.576151, "delta": 4.210871}}
{"target": -39.7190645324437, "params": {"C": 181.22376339282275, "gamma": 0.05224768536216743}, "datetime": {"datetime": "2021-09-28 11:58:38", "elapsed": 667.441045, "delta": 4.864894}}
{"target": -41.23424529308324, "params": {"C": 181.26208603476277, "gamma": 0.0032439850907508205}, "datetime": {"datetime": "2021-09-28 11:58:42", "elapsed": 670.871006, "delta": 3.429961}}
{"target": -39.589244931424155, "params": {"C": 181.2804400521184, "gamma": 0.04642451868603834}, "datetime": {"datetime": "2021-09-28 11:58:46", "elapsed": 675.539517, "delta": 4.668511}}
{"target": -40.06677126023529, "params": {"C": 181.25464462245017, "gamma": 0.06819249157547592}, "datetime": {"datetime": "2021-09-28 11:58:52", "elapsed": 680.98867, "delta": 5.449153}}
{"target": -41.90072990712061, "params": {"C": 70.06248022437309, "gamma": 0.08975805381144897}, "datetime": {"datetime": "2021-09-28 11:58:55", "elapsed": 683.920003, "delta": 2.931333}}
{"target": -41.37800453998158, "params": {"C": 148.78401787612717, "gamma": 0.0037173740741216895}, "datetime": {"datetime": "2021-09-28 11:59:01", "elapsed": 689.793865, "delta": 5.873862}}
{"target": -39.3068019510264, "params": {"C": 181.18631469372139, "gamma": 0.014435863896240977}, "datetime": {"datetime": "2021-09-28 11:59:06", "elapsed": 694.917936, "delta": 5.124071}}
{"target": -39.22722044236198, "params": {"C": 181.16149409310523, "gamma": 0.026723851790563777}, "datetime": {"datetime": "2021-09-28 11:59:10", "elapsed": 699.582951, "delta": 4.665015}}
{"target": -39.5990938078502, "params": {"C": 181.17501684834545, "gamma": 0.04682185332566933}, "datetime": {"datetime": "2021-09-28 11:59:16", "elapsed": 705.453645, "delta": 5.870694}}
{"target": -40.388646657993164, "params": {"C": 181.13696988559272, "gamma": 0.08314587711771597}, "datetime": {"datetime": "2021-09-28 11:59:22", "elapsed": 710.915578, "delta": 5.461933}}
{"target": -40.07242822407526, "params": {"C": 181.12710522966722, "gamma": 0.007254945647837313}, "datetime": {"datetime": "2021-09-28 11:59:26", "elapsed": 715.225303, "delta": 4.309725}}
{"target": -39.67139160241035, "params": {"C": 148.71149640853065, "gamma": 0.032957937901996484}, "datetime": {"datetime": "2021-09-28 11:59:33", "elapsed": 721.902864, "delta": 6.677561}}
{"target": -40.48030559763266, "params": {"C": 148.6616316664798, "gamma": 0.007435745269641986}, "datetime": {"datetime": "2021-09-28 11:59:36", "elapsed": 725.503914, "delta": 3.60105}}
{"target": -40.352170975068766, "params": {"C": 181.32708694939907, "gamma": 0.0814965081694704}, "datetime": {"datetime": "2021-09-28 11:59:40", "elapsed": 729.189337, "delta": 3.685423}}
{"target": -39.82085229212917, "params": {"C": 163.9248318994246, "gamma": 0.04920082394212533}, "datetime": {"datetime": "2021-09-28 11:59:46", "elapsed": 735.169939, "delta": 5.980602}}
{"target": -40.513375378388524, "params": {"C": 136.16752246726088, "gamma": 0.06564304179012172}, "datetime": {"datetime": "2021-09-28 11:59:49", "elapsed": 738.631763, "delta": 3.461824}}
{"target": -39.50754095471666, "params": {"C": 181.24483923250622, "gamma": 0.04271192459827758}, "datetime": {"datetime": "2021-09-28 11:59:55", "elapsed": 744.079139, "delta": 5.447376}}
{"target": -41.38761718614343, "params": {"C": 132.15710297261947, "gamma": 0.11121627687498473}, "datetime": {"datetime": "2021-09-28 12:00:03", "elapsed": 752.19079, "delta": 8.111651}}
{"target": -39.24562738299006, "params": {"C": 184.216890967021, "gamma": 0.015540149185430716}, "datetime": {"datetime": "2021-09-28 12:00:07", "elapsed": 756.54952, "delta": 4.35873}}
{"target": -40.33933086658619, "params": {"C": 106.7544476634649, "gamma": 0.02064337427739779}, "datetime": {"datetime": "2021-09-28 12:00:10", "elapsed": 759.429416, "delta": 2.879896}}
{"target": -39.27860356715673, "params": {"C": 181.20836095227577, "gamma": 0.030954401294176342}, "datetime": {"datetime": "2021-09-28 12:00:14", "elapsed": 763.239284, "delta": 3.809868}}
{"target": -40.89537879838985, "params": {"C": 200.0, "gamma": 0.12}, "datetime": {"datetime": "2021-09-28 12:00:19", "elapsed": 768.472302, "delta": 5.233018}}
{"target": -39.410591498771424, "params": {"C": 163.09064906453312, "gamma": 0.018634528118319376}, "datetime": {"datetime": "2021-09-28 12:00:25", "elapsed": 774.36295, "delta": 5.890648}}
{"target": -39.37218020160096, "params": {"C": 184.2374021470233, "gamma": 0.03781069532602383}, "datetime": {"datetime": "2021-09-28 12:00:30", "elapsed": 779.694633, "delta": 5.331683}}
{"target": -40.90660242066322, "params": {"C": 195.48780860256267, "gamma": 0.11853032246503692}, "datetime": {"datetime": "2021-09-28 12:00:36", "elapsed": 785.007552, "delta": 5.312919}}
{"target": -40.93847119186897, "params": {"C": 163.03694683118124, "gamma": 0.0046046875577016935}, "datetime": {"datetime": "2021-09-28 12:00:43", "elapsed": 792.5182, "delta": 7.510648}}
{"target": -39.57481679368182, "params": {"C": 163.10299351526132, "gamma": 0.036831183846763316}, "datetime": {"datetime": "2021-09-28 12:00:48", "elapsed": 796.979002, "delta": 4.460802}}
{"target": -40.51486281312036, "params": {"C": 188.60501886288503, "gamma": 0.09278761034043484}, "datetime": {"datetime": "2021-09-28 12:00:56", "elapsed": 804.985322, "delta": 8.00632}}
{"target": -40.80053876366926, "params": {"C": 128.2066312494914, "gamma": 0.07426273008283445}, "datetime": {"datetime": "2021-09-28 12:01:02", "elapsed": 811.018827, "delta": 6.033505}}
{"target": -41.60138166513404, "params": {"C": 106.2004243909764, "gamma": 0.1054363218137452}, "datetime": {"datetime": "2021-09-28 12:01:07", "elapsed": 816.329172, "delta": 5.310345}}
{"target": -40.93339477701027, "params": {"C": 78.0116962632588, "gamma": 0.024724107089125234}, "datetime": {"datetime": "2021-09-28 12:01:12", "elapsed": 820.886407, "delta": 4.557235}}
{"target": -41.06022213733718, "params": {"C": 199.7167978877947, "gamma": 0.0032567906446153397}, "datetime": {"datetime": "2021-09-28 12:01:18", "elapsed": 827.755664, "delta": 6.869257}}
{"target": -39.06948327762325, "params": {"C": 199.73340423796333, "gamma": 0.028164310601549513}, "datetime": {"datetime": "2021-09-28 12:01:24", "elapsed": 833.129096, "delta": 5.373432}}
{"target": -41.00117006151349, "params": {"C": 152.6962112942966, "gamma": 0.0048082064528400005}, "datetime": {"datetime": "2021-09-28 12:01:30", "elapsed": 839.355019, "delta": 6.225923}}
{"target": -39.582510508243715, "params": {"C": 195.31962525558646, "gamma": 0.05188470938633838}, "datetime": {"datetime": "2021-09-28 12:01:37", "elapsed": 846.208273, "delta": 6.853254}}
{"target": -40.26869042174097, "params": {"C": 181.2117512473835, "gamma": 0.006328644726107849}, "datetime": {"datetime": "2021-09-28 12:01:42", "elapsed": 851.687719, "delta": 5.479446}}
{"target": -41.21989303290507, "params": {"C": 70.4144192840525, "gamma": 0.01621526495539601}, "datetime": {"datetime": "2021-09-28 12:01:45", "elapsed": 854.433841, "delta": 2.746122}}
{"target": -41.20316203372549, "params": {"C": 105.61407489961618, "gamma": 0.07887084397737751}, "datetime": {"datetime": "2021-09-28 12:01:48", "elapsed": 857.345368, "delta": 2.911527}}
{"target": -39.04237676249673, "params": {"C": 199.67231490187956, "gamma": 0.02490692421200706}, "datetime": {"datetime": "2021-09-28 12:01:53", "elapsed": 861.949593, "delta": 4.604225}}
{"target": -40.56613696211568, "params": {"C": 184.10486486720092, "gamma": 0.09340479056759461}, "datetime": {"datetime": "2021-09-28 12:02:01", "elapsed": 870.553941, "delta": 8.604348}}
{"target": -40.946703672496895, "params": {"C": 184.10038165785363, "gamma": 0.003900380493180502}, "datetime": {"datetime": "2021-09-28 12:02:05", "elapsed": 874.029972, "delta": 3.476031}}
{"target": -40.5018809770465, "params": {"C": 164.02527448999547, "gamma": 0.006255886166184017}, "datetime": {"datetime": "2021-09-28 12:02:08", "elapsed": 877.640159, "delta": 3.610187}}
{"target": -41.03747511113504, "params": {"C": 156.8823105888842, "gamma": 0.10519986153713765}, "datetime": {"datetime": "2021-09-28 12:02:11", "elapsed": 880.295263, "delta": 2.655104}}
{"target": -39.84399941428582, "params": {"C": 186.43512690030846, "gamma": 0.06011309189681067}, "datetime": {"datetime": "2021-09-28 12:02:16", "elapsed": 884.894957, "delta": 4.599694}}
{"target": -39.466134211749434, "params": {"C": 184.12955179361606, "gamma": 0.04212252920107243}, "datetime": {"datetime": "2021-09-28 12:02:20", "elapsed": 889.570332, "delta": 4.675375}}
