{"target": -41.70084873145126, "params": {"C": 5802.288160405822, "gamma": 0.0012444218339446333}, "datetime": {"datetime": "2021-09-29 20:07:21", "elapsed": 138.424632, "delta": 1.302964}}
{"target": -41.92779980623349, "params": {"C": 7460.414679206513, "gamma": 0.0007902982401235103}, "datetime": {"datetime": "2021-09-29 20:07:22", "elapsed": 139.507898, "delta": 1.083266}}
{"target": -41.95558498945389, "params": {"C": 7400.601645759765, "gamma": 0.000777776364013179}, "datetime": {"datetime": "2021-09-29 20:07:23", "elapsed": 140.61858, "delta": 1.110682}}
{"target": -41.493323720041545, "params": {"C": 7351.011330855208, "gamma": 0.0019327692411959954}, "datetime": {"datetime": "2021-09-29 20:07:24", "elapsed": 141.592691, "delta": 0.974111}}
{"target": -41.56504680513522, "params": {"C": 7338.493639865592, "gamma": 0.001226533160161657}, "datetime": {"datetime": "2021-09-29 20:07:25", "elapsed": 142.921363, "delta": 1.328672}}
{"target": -41.53890004702288, "params": {"C": 8801.038877998893, "gamma": 0.0019152062364709216}, "datetime": {"datetime": "2021-09-29 20:07:27", "elapsed": 144.281363, "delta": 1.36}}
{"target": -41.50010419578113, "params": {"C": 9400.61478117839, "gamma": 0.0011620365869892694}, "datetime": {"datetime": "2021-09-29 20:07:28", "elapsed": 145.790697, "delta": 1.509334}}
{"target": -41.48624025029631, "params": {"C": 9412.620955231421, "gamma": 0.001424241853864568}, "datetime": {"datetime": "2021-09-29 20:07:29", "elapsed": 146.886148, "delta": 1.095451}}
{"target": -41.52540195307087, "params": {"C": 5210.99865214665, "gamma": 0.0019227531009236014}, "datetime": {"datetime": "2021-09-29 20:07:31", "elapsed": 148.35472, "delta": 1.468572}}
{"target": -42.225819266175016, "params": {"C": 5223.5556124322475, "gamma": 0.0008652801686459116}, "datetime": {"datetime": "2021-09-29 20:07:32", "elapsed": 149.639356, "delta": 1.284636}}
{"target": -42.58252381135421, "params": {"C": 5199.927911175816, "gamma": 0.0006975295907514059}, "datetime": {"datetime": "2021-09-29 20:07:33", "elapsed": 150.900078, "delta": 1.260722}}
{"target": -41.9651532915764, "params": {"C": 8224.902992273961, "gamma": 0.0007093674732517433}, "datetime": {"datetime": "2021-09-29 20:07:35", "elapsed": 152.373061, "delta": 1.472983}}
{"target": -41.53539404799139, "params": {"C": 8242.231371811678, "gamma": 0.0011746707496909769}, "datetime": {"datetime": "2021-09-29 20:07:36", "elapsed": 153.784211, "delta": 1.41115}}
{"target": -41.486340871437186, "params": {"C": 8207.743333116463, "gamma": 0.001489838374888551}, "datetime": {"datetime": "2021-09-29 20:07:37", "elapsed": 155.146991, "delta": 1.36278}}
{"target": -41.61003985045857, "params": {"C": 8441.487711286753, "gamma": 0.000999372497783776}, "datetime": {"datetime": "2021-09-29 20:07:39", "elapsed": 156.838498, "delta": 1.691507}}
{"target": -41.48734015186225, "params": {"C": 7608.236378656011, "gamma": 0.001707871549214805}, "datetime": {"datetime": "2021-09-29 20:07:41", "elapsed": 158.796503, "delta": 1.958005}}
{"target": -41.57696386491405, "params": {"C": 8499.60926423184, "gamma": 0.0010486639442068573}, "datetime": {"datetime": "2021-09-29 20:07:43", "elapsed": 160.526302, "delta": 1.729799}}
{"target": -41.816303430367526, "params": {"C": 7815.150544798528, "gamma": 0.0008390526936373948}, "datetime": {"datetime": "2021-09-29 20:07:45", "elapsed": 162.310463, "delta": 1.784161}}
{"target": -41.49804214968984, "params": {"C": 8138.775533166254, "gamma": 0.0013508863871656823}, "datetime": {"datetime": "2021-09-29 20:07:46", "elapsed": 163.948756, "delta": 1.638293}}
{"target": -41.557268641139736, "params": {"C": 9160.888116321032, "gamma": 0.0019256246322756072}, "datetime": {"datetime": "2021-09-29 20:07:47", "elapsed": 165.230856, "delta": 1.2821}}
{"target": -41.48593085205645, "params": {"C": 9497.346538564054, "gamma": 0.001410440666462548}, "datetime": {"datetime": "2021-09-29 20:07:49", "elapsed": 166.988105, "delta": 1.757249}}
{"target": -42.61921017097819, "params": {"C": 5155.032976995537, "gamma": 0.0006885816051427338}, "datetime": {"datetime": "2021-09-29 20:07:50", "elapsed": 168.220102, "delta": 1.231997}}
{"target": -41.92963975084535, "params": {"C": 8079.583671005295, "gamma": 0.000740069336507559}, "datetime": {"datetime": "2021-09-29 20:07:52", "elapsed": 169.671868, "delta": 1.451766}}
{"target": -41.6048200262512, "params": {"C": 9811.250486349607, "gamma": 0.001983663629892272}, "datetime": {"datetime": "2021-09-29 20:07:53", "elapsed": 171.145794, "delta": 1.473926}}
{"target": -41.51312229580122, "params": {"C": 5721.249047168101, "gamma": 0.001824202850736223}, "datetime": {"datetime": "2021-09-29 20:07:55", "elapsed": 172.845794, "delta": 1.7}}
{"target": -41.7834774582406, "params": {"C": 5709.567180961414, "gamma": 0.0011475667828904018}, "datetime": {"datetime": "2021-09-29 20:07:57", "elapsed": 174.345092, "delta": 1.499298}}
{"target": -42.639186652749736, "params": {"C": 5733.464693270391, "gamma": 0.0006195375758311615}, "datetime": {"datetime": "2021-09-29 20:07:59", "elapsed": 176.265918, "delta": 1.920826}}
{"target": -41.53061883923051, "params": {"C": 9591.435337823423, "gamma": 0.0017042439740796267}, "datetime": {"datetime": "2021-09-29 20:08:00", "elapsed": 177.53338, "delta": 1.267462}}
{"target": -41.48923024762398, "params": {"C": 6834.551641865231, "gamma": 0.001750185969946838}, "datetime": {"datetime": "2021-09-29 20:08:01", "elapsed": 178.820389, "delta": 1.287009}}
{"target": -41.522156792963614, "params": {"C": 6890.700991952591, "gamma": 0.0014575360666350002}, "datetime": {"datetime": "2021-09-29 20:08:02", "elapsed": 180.026757, "delta": 1.206368}}
{"target": -41.48864956170467, "params": {"C": 8893.514380387945, "gamma": 0.0013077798121781023}, "datetime": {"datetime": "2021-09-29 20:08:04", "elapsed": 181.613126, "delta": 1.586369}}
{"target": -41.49361173986073, "params": {"C": 8881.966454477531, "gamma": 0.0015829107367107155}, "datetime": {"datetime": "2021-09-29 20:08:05", "elapsed": 182.974572, "delta": 1.361446}}
{"target": -42.315046320446555, "params": {"C": 8905.589699381257, "gamma": 0.0005230959913877161}, "datetime": {"datetime": "2021-09-29 20:08:07", "elapsed": 184.270566, "delta": 1.295994}}
{"target": -42.121023486426765, "params": {"C": 7361.738758712334, "gamma": 0.0006903141790809732}, "datetime": {"datetime": "2021-09-29 20:08:08", "elapsed": 185.73191, "delta": 1.461344}}
{"target": -41.54831927515386, "params": {"C": 8422.991800183112, "gamma": 0.001117740104064699}, "datetime": {"datetime": "2021-09-29 20:08:09", "elapsed": 187.037917, "delta": 1.306007}}
{"target": -41.76124825843887, "params": {"C": 8383.363916635302, "gamma": 0.000836755003107853}, "datetime": {"datetime": "2021-09-29 20:08:11", "elapsed": 188.717953, "delta": 1.680036}}
{"target": -41.59934063265888, "params": {"C": 8459.976449280703, "gamma": 0.0010141804508442633}, "datetime": {"datetime": "2021-09-29 20:08:13", "elapsed": 190.427802, "delta": 1.709849}}
{"target": -42.25351745881334, "params": {"C": 5509.07398433266, "gamma": 0.0008092587334196609}, "datetime": {"datetime": "2021-09-29 20:08:14", "elapsed": 191.772384, "delta": 1.344582}}
{"target": -41.72761880843722, "params": {"C": 8045.703459506581, "gamma": 0.0008960883244723387}, "datetime": {"datetime": "2021-09-29 20:08:15", "elapsed": 193.087151, "delta": 1.314767}}
{"target": -41.51547667812592, "params": {"C": 7925.940243174676, "gamma": 0.0012913811364660727}, "datetime": {"datetime": "2021-09-29 20:08:17", "elapsed": 194.307158, "delta": 1.220007}}
{"target": -41.51542433398289, "params": {"C": 7914.630365110769, "gamma": 0.002}, "datetime": {"datetime": "2021-09-29 20:08:18", "elapsed": 196.216655, "delta": 1.909497}}
{"target": -41.67905255390325, "params": {"C": 9662.803401593983, "gamma": 0.0008210392005895612}, "datetime": {"datetime": "2021-09-29 20:08:20", "elapsed": 197.656912, "delta": 1.440257}}
{"target": -41.49381106940999, "params": {"C": 7195.4607188087475, "gamma": 0.002}, "datetime": {"datetime": "2021-09-29 20:08:21", "elapsed": 199.080364, "delta": 1.423452}}
{"target": -41.894283618098314, "params": {"C": 9389.135773685986, "gamma": 0.0006802451176813421}, "datetime": {"datetime": "2021-09-29 20:08:23", "elapsed": 200.676641, "delta": 1.596277}}
{"target": -41.64936393771482, "params": {"C": 7571.848857228066, "gamma": 0.0010375087478553123}, "datetime": {"datetime": "2021-09-29 20:08:24", "elapsed": 202.044874, "delta": 1.368233}}
{"target": -41.66014705563237, "params": {"C": 5081.625413751068, "gamma": 0.0015055462785457737}, "datetime": {"datetime": "2021-09-29 20:08:26", "elapsed": 203.367239, "delta": 1.322365}}
{"target": -41.48730616420264, "params": {"C": 7093.843876494135, "gamma": 0.0018725620779413649}, "datetime": {"datetime": "2021-09-29 20:08:27", "elapsed": 205.10543, "delta": 1.738191}}
{"target": -43.09432136017976, "params": {"C": 5575.824611251206, "gamma": 0.0005}, "datetime": {"datetime": "2021-09-29 20:08:29", "elapsed": 206.432078, "delta": 1.326648}}
{"target": -41.563433141413554, "params": {"C": 5030.515614943679, "gamma": 0.0018090519897251455}, "datetime": {"datetime": "2021-09-29 20:08:30", "elapsed": 207.692361, "delta": 1.260283}}
{"target": -41.486252421571926, "params": {"C": 9090.678079035712, "gamma": 0.0014604161632422422}, "datetime": {"datetime": "2021-09-29 20:08:31", "elapsed": 208.962323, "delta": 1.269962}}
{"target": -41.48282943176066, "params": {"C": 9728.657520307028, "gamma": 0.0013205120615543695}, "datetime": {"datetime": "2021-09-29 20:08:33", "elapsed": 210.55908, "delta": 1.596757}}
{"target": -41.48660655272943, "params": {"C": 9739.333613360097, "gamma": 0.0013937811311586323}, "datetime": {"datetime": "2021-09-29 20:08:34", "elapsed": 211.880681, "delta": 1.321601}}
{"target": -41.51615518166937, "params": {"C": 8629.979551566135, "gamma": 0.0011870415482990505}, "datetime": {"datetime": "2021-09-29 20:08:36", "elapsed": 213.742476, "delta": 1.861795}}
{"target": -42.04086991803539, "params": {"C": 9459.65282406798, "gamma": 0.0006032127957432838}, "datetime": {"datetime": "2021-09-29 20:08:38", "elapsed": 215.562708, "delta": 1.820232}}
{"target": -41.49098097581271, "params": {"C": 5919.996160305996, "gamma": 0.001961013830207724}, "datetime": {"datetime": "2021-09-29 20:08:39", "elapsed": 217.003707, "delta": 1.440999}}
{"target": -41.52255042484309, "params": {"C": 9080.20190224293, "gamma": 0.0017573868160655798}, "datetime": {"datetime": "2021-09-29 20:08:41", "elapsed": 218.471396, "delta": 1.467689}}
{"target": -42.049553864879016, "params": {"C": 6618.6511105156105, "gamma": 0.0007943884274550293}, "datetime": {"datetime": "2021-09-29 20:08:43", "elapsed": 220.276738, "delta": 1.805342}}
{"target": -42.30465166439463, "params": {"C": 6398.162800721682, "gamma": 0.0006867156175520946}, "datetime": {"datetime": "2021-09-29 20:08:44", "elapsed": 221.837428, "delta": 1.56069}}
{"target": -41.49211416098742, "params": {"C": 6369.983028476384, "gamma": 0.001821822109608435}, "datetime": {"datetime": "2021-09-29 20:08:46", "elapsed": 223.732709, "delta": 1.895281}}
{"target": -41.68332996907429, "params": {"C": 5876.767836659481, "gamma": 0.0012574396978037626}, "datetime": {"datetime": "2021-09-29 20:08:48", "elapsed": 225.265492, "delta": 1.532783}}
{"target": -41.486511089827225, "params": {"C": 6220.601494033352, "gamma": 0.0019546249539024937}, "datetime": {"datetime": "2021-09-29 20:08:50", "elapsed": 227.348552, "delta": 2.08306}}
{"target": -42.1911216377615, "params": {"C": 6480.145667291727, "gamma": 0.00073164563623753}, "datetime": {"datetime": "2021-09-29 20:08:51", "elapsed": 229.030553, "delta": 1.682001}}
{"target": -41.53492925840424, "params": {"C": 5656.1552536972085, "gamma": 0.0017212572892759174}, "datetime": {"datetime": "2021-09-29 20:08:53", "elapsed": 230.647182, "delta": 1.616629}}
{"target": -42.35864911313823, "params": {"C": 6795.116858309346, "gamma": 0.0006310535493588699}, "datetime": {"datetime": "2021-09-29 20:08:55", "elapsed": 232.261153, "delta": 1.613971}}
{"target": -42.25957738639472, "params": {"C": 6778.139278814213, "gamma": 0.0006732117723145876}, "datetime": {"datetime": "2021-09-29 20:08:56", "elapsed": 234.166383, "delta": 1.90523}}
{"target": -41.49356695050647, "params": {"C": 6760.264612216997, "gamma": 0.0016992113445229685}, "datetime": {"datetime": "2021-09-29 20:08:59", "elapsed": 236.822386, "delta": 2.656003}}
{"target": -41.503735345515764, "params": {"C": 8316.700639727405, "gamma": 0.0017877772412880528}, "datetime": {"datetime": "2021-09-29 20:09:02", "elapsed": 239.312281, "delta": 2.489895}}
{"target": -42.03627716215052, "params": {"C": 7718.845530920426, "gamma": 0.0007063372026985713}, "datetime": {"datetime": "2021-09-29 20:09:04", "elapsed": 241.666737, "delta": 2.354456}}
{"target": -41.73107665858126, "params": {"C": 7734.6321112541955, "gamma": 0.0009224628594606294}, "datetime": {"datetime": "2021-09-29 20:09:06", "elapsed": 244.111406, "delta": 2.444669}}
{"target": -41.85163533609882, "params": {"C": 7751.573962693998, "gamma": 0.0008176998109020719}, "datetime": {"datetime": "2021-09-29 20:09:09", "elapsed": 246.624511, "delta": 2.513105}}
{"target": -42.339187896711195, "params": {"C": 7766.986166118525, "gamma": 0.0005727824859812985}, "datetime": {"datetime": "2021-09-29 20:09:12", "elapsed": 249.375996, "delta": 2.751485}}
{"target": -41.7385805283539, "params": {"C": 8887.809875358691, "gamma": 0.0008184129850200571}, "datetime": {"datetime": "2021-09-29 20:09:14", "elapsed": 251.351394, "delta": 1.975398}}
{"target": -41.562796939857435, "params": {"C": 9733.997314111148, "gamma": 0.0018253580966955001}, "datetime": {"datetime": "2021-09-29 20:09:15", "elapsed": 253.156393, "delta": 1.804999}}
{"target": -42.10883715238647, "params": {"C": 7781.776759337939, "gamma": 0.0006658904582443524}, "datetime": {"datetime": "2021-09-29 20:09:17", "elapsed": 254.894543, "delta": 1.73815}}
{"target": -41.661961886272344, "params": {"C": 9502.387627629083, "gamma": 0.0008483981270431947}, "datetime": {"datetime": "2021-09-29 20:09:19", "elapsed": 257.142442, "delta": 2.247899}}
{"target": -41.83222880528823, "params": {"C": 6215.370942112116, "gamma": 0.0010081890271968468}, "datetime": {"datetime": "2021-09-29 20:09:21", "elapsed": 258.760641, "delta": 1.618199}}
{"target": -41.5188875066602, "params": {"C": 9146.15167709073, "gamma": 0.0017227085744449973}, "datetime": {"datetime": "2021-09-29 20:09:23", "elapsed": 260.760362, "delta": 1.999721}}
{"target": -41.4887613587558, "params": {"C": 6204.606204289846, "gamma": 0.0019163479152377368}, "datetime": {"datetime": "2021-09-29 20:09:25", "elapsed": 262.423667, "delta": 1.663305}}
{"target": -41.487056229221544, "params": {"C": 7989.733684884704, "gamma": 0.0015201776889326838}, "datetime": {"datetime": "2021-09-29 20:09:27", "elapsed": 264.566755, "delta": 2.143088}}
{"target": -41.52615241232771, "params": {"C": 8819.964090125992, "gamma": 0.0011309924230573296}, "datetime": {"datetime": "2021-09-29 20:09:29", "elapsed": 266.441639, "delta": 1.874884}}
{"target": -41.98799460132569, "params": {"C": 7796.982554099691, "gamma": 0.000726803625666734}, "datetime": {"datetime": "2021-09-29 20:09:31", "elapsed": 269.040284, "delta": 2.598645}}
{"target": -41.802451348818146, "params": {"C": 9406.74023010534, "gamma": 0.0007366436936437403}, "datetime": {"datetime": "2021-09-29 20:09:33", "elapsed": 271.043099, "delta": 2.002815}}
{"target": -42.09790099910512, "params": {"C": 8332.316476077578, "gamma": 0.0006361615746976893}, "datetime": {"datetime": "2021-09-29 20:09:35", "elapsed": 273.071279, "delta": 2.02818}}
{"target": -41.50853034753793, "params": {"C": 8321.79752925917, "gamma": 0.0012612325771748714}, "datetime": {"datetime": "2021-09-29 20:09:37", "elapsed": 275.121123, "delta": 2.049844}}
{"target": -42.56032312003056, "params": {"C": 7088.673899048459, "gamma": 0.0005406066780069186}, "datetime": {"datetime": "2021-09-29 20:09:40", "elapsed": 277.53182, "delta": 2.410697}}
{"target": -41.73947472806852, "params": {"C": 8211.632997680439, "gamma": 0.000870142439241964}, "datetime": {"datetime": "2021-09-29 20:09:42", "elapsed": 279.329821, "delta": 1.798001}}
{"target": -41.48677845562301, "params": {"C": 8237.984574489634, "gamma": 0.0014662690455317332}, "datetime": {"datetime": "2021-09-29 20:09:44", "elapsed": 281.465884, "delta": 2.136063}}
{"target": -41.68824551482717, "params": {"C": 7603.80758078279, "gamma": 0.0009833160552900498}, "datetime": {"datetime": "2021-09-29 20:09:45", "elapsed": 282.975883, "delta": 1.509999}}
{"target": -41.48668704833927, "params": {"C": 7097.045493769779, "gamma": 0.0018174101645525914}, "datetime": {"datetime": "2021-09-29 20:09:47", "elapsed": 284.4656, "delta": 1.489717}}
{"target": -41.68385201837286, "params": {"C": 7613.353031715158, "gamma": 0.0009875376608907823}, "datetime": {"datetime": "2021-09-29 20:09:49", "elapsed": 286.448427, "delta": 1.982827}}
{"target": -41.493761271012964, "params": {"C": 7623.25415357319, "gamma": 0.0018523536336315833}, "datetime": {"datetime": "2021-09-29 20:09:51", "elapsed": 288.252344, "delta": 1.803917}}
{"target": -42.007727316976556, "params": {"C": 7078.752202253827, "gamma": 0.0007746286886926015}, "datetime": {"datetime": "2021-09-29 20:09:52", "elapsed": 289.95891, "delta": 1.706566}}
{"target": -41.71435742407239, "params": {"C": 9136.038363347947, "gamma": 0.0008224609842210609}, "datetime": {"datetime": "2021-09-29 20:09:54", "elapsed": 291.888407, "delta": 1.929497}}
{"target": -41.88667606199545, "params": {"C": 7633.211167633575, "gamma": 0.0008029355003002798}, "datetime": {"datetime": "2021-09-29 20:09:56", "elapsed": 293.954202, "delta": 2.065795}}
{"target": -41.49107677449007, "params": {"C": 9865.434595074752, "gamma": 0.0011622899315310849}, "datetime": {"datetime": "2021-09-29 20:09:58", "elapsed": 295.59117, "delta": 1.636968}}
{"target": -41.520440652102444, "params": {"C": 9085.92020738022, "gamma": 0.0017437209069246014}, "datetime": {"datetime": "2021-09-29 20:10:00", "elapsed": 297.682053, "delta": 2.090883}}
{"target": -41.52614360235104, "params": {"C": 7189.9656535517315, "gamma": 0.001377395785826012}, "datetime": {"datetime": "2021-09-29 20:10:02", "elapsed": 299.971623, "delta": 2.28957}}
{"target": -41.538414441869065, "params": {"C": 9561.649079450308, "gamma": 0.0017479460161883775}, "datetime": {"datetime": "2021-09-29 20:10:04", "elapsed": 301.648206, "delta": 1.676583}}
{"target": -41.48714773268133, "params": {"C": 6884.874811515991, "gamma": 0.001967343093263135}, "datetime": {"datetime": "2021-09-29 20:10:06", "elapsed": 303.470207, "delta": 1.822001}}
{"target": -41.50218901544578, "params": {"C": 8144.44456405976, "gamma": 0.0013227559829843806}, "datetime": {"datetime": "2021-09-29 20:10:08", "elapsed": 305.394193, "delta": 1.923986}}
{"target": -41.63540839213752, "params": {"C": 7063.891232410771, "gamma": 0.001127007797053031}, "datetime": {"datetime": "2021-09-29 20:10:10", "elapsed": 307.654422, "delta": 2.260229}}
{"target": -41.49587329245226, "params": {"C": 7920.284196894877, "gamma": 0.0018010138481998372}, "datetime": {"datetime": "2021-09-29 20:10:12", "elapsed": 309.731607, "delta": 2.077185}}
{"target": -41.5777454938897, "params": {"C": 7050.0780218250175, "gamma": 0.00124322833240363}, "datetime": {"datetime": "2021-09-29 20:10:14", "elapsed": 311.626764, "delta": 1.895157}}
{"target": -41.503371432179556, "params": {"C": 9200.279397353013, "gamma": 0.0011695230533647358}, "datetime": {"datetime": "2021-09-29 20:10:16", "elapsed": 313.616245, "delta": 1.989481}}
{"target": -46.630617756095035, "params": {"C": 3656.980964900119, "gamma": 0.00011867675442346135}, "datetime": {"datetime": "2021-09-29 20:49:57", "elapsed": 0.0, "delta": 0.0}}
{"target": -43.10916588790094, "params": {"C": 3450.472352389413, "gamma": 0.0007739234942847506}, "datetime": {"datetime": "2021-09-29 20:49:58", "elapsed": 0.203003, "delta": 0.203003}}
{"target": -45.23229762571177, "params": {"C": 3247.7605184538857, "gamma": 0.0003023169809777629}, "datetime": {"datetime": "2021-09-29 20:49:58", "elapsed": 0.388001, "delta": 0.184998}}
{"target": -43.50084199789265, "params": {"C": 2797.094297139436, "gamma": 0.0007844776409790629}, "datetime": {"datetime": "2021-09-29 20:49:58", "elapsed": 0.565002, "delta": 0.177001}}
{"target": -46.44137887078508, "params": {"C": 2753.666254843803, "gamma": 0.00017950583275660925}, "datetime": {"datetime": "2021-09-29 20:49:58", "elapsed": 0.730003, "delta": 0.165001}}
{"target": -43.2213162710413, "params": {"C": 3451.812692394557, "gamma": 0.0007317016998468672}, "datetime": {"datetime": "2021-09-29 20:49:59", "elapsed": 1.20102, "delta": 0.471017}}
{"target": -43.583436770907696, "params": {"C": 3424.886930023241, "gamma": 0.0006199003974046127}, "datetime": {"datetime": "2021-09-29 20:49:59", "elapsed": 1.978409, "delta": 0.777389}}
{"target": -43.22507389208279, "params": {"C": 2827.4851223508067, "gamma": 0.0008876495350535271}, "datetime": {"datetime": "2021-09-29 20:50:00", "elapsed": 2.560409, "delta": 0.582}}
{"target": -45.36938849498267, "params": {"C": 2863.2847857272463, "gamma": 0.00031920002026372923}, "datetime": {"datetime": "2021-09-29 20:50:01", "elapsed": 3.08841, "delta": 0.528001}}
{"target": -46.790844878377044, "params": {"C": 3368.558496630068, "gamma": 0.00011407626478726182}, "datetime": {"datetime": "2021-09-29 20:50:01", "elapsed": 3.556409, "delta": 0.467999}}
{"target": -46.68620116500293, "params": {"C": 3999.981765657451, "gamma": 0.00010419373332938311}, "datetime": {"datetime": "2021-09-29 20:50:01", "elapsed": 3.902409, "delta": 0.346}}
{"target": -46.53492097663937, "params": {"C": 2500.085874188071, "gamma": 0.00018533483741468837}, "datetime": {"datetime": "2021-09-29 20:50:02", "elapsed": 4.235639, "delta": 0.33323}}
