{"target": -35.95732111237457, "params": {"C": 29088.120578533846, "gamma": 0.005525171581018836}, "datetime": {"datetime": "2021-09-29 08:51:30", "elapsed": 813.855528, "delta": 4.955963}}
{"target": -35.30677485816229, "params": {"C": 28973.217182190972, "gamma": 0.04529757156408445}, "datetime": {"datetime": "2021-09-29 08:51:35", "elapsed": 818.418648, "delta": 4.56312}}
{"target": -35.703672639663644, "params": {"C": 27053.35793874659, "gamma": 0.05567162642642985}, "datetime": {"datetime": "2021-09-29 08:51:43", "elapsed": 826.01617, "delta": 7.597522}}
{"target": -36.20923424242974, "params": {"C": 27478.009275614644, "gamma": 0.004475397657798029}, "datetime": {"datetime": "2021-09-29 08:51:47", "elapsed": 830.084879, "delta": 4.068709}}
{"target": -35.35645017262598, "params": {"C": 28974.679792650273, "gamma": 0.046279335107340884}, "datetime": {"datetime": "2021-09-29 08:51:51", "elapsed": 834.388318, "delta": 4.303439}}
{"target": -36.152345174859654, "params": {"C": 33856.60321633373, "gamma": 0.004597900100673916}, "datetime": {"datetime": "2021-09-29 08:51:56", "elapsed": 0.0, "delta": 0.0}}
{"target": -36.1833644309187, "params": {"C": 33168.241174631374, "gamma": 0.06065789895547311}, "datetime": {"datetime": "2021-09-29 08:51:56", "elapsed": 0.174999, "delta": 0.174999}}
{"target": -34.504013029804106, "params": {"C": 32492.535061512954, "gamma": 0.02030934170587527}, "datetime": {"datetime": "2021-09-29 08:51:56", "elapsed": 0.359316, "delta": 0.184317}}
{"target": -36.12614563707798, "params": {"C": 30990.31432379812, "gamma": 0.06156086483931982}, "datetime": {"datetime": "2021-09-29 08:51:56", "elapsed": 0.547316, "delta": 0.188}}
{"target": -34.55664099588563, "params": {"C": 32491.59289358216, "gamma": 0.01501864932776361}, "datetime": {"datetime": "2021-09-29 08:51:56", "elapsed": 0.830308, "delta": 0.282992}}
{"target": -34.857070809459636, "params": {"C": 32515.49758240021, "gamma": 0.03318623336427597}, "datetime": {"datetime": "2021-09-29 08:51:57", "elapsed": 1.14231, "delta": 0.312002}}
{"target": -34.732057917763704, "params": {"C": 32568.868951819873, "gamma": 0.030072459473570977}, "datetime": {"datetime": "2021-09-29 08:51:57", "elapsed": 1.478915, "delta": 0.336605}}
{"target": -35.001569756945024, "params": {"C": 32596.24071803112, "gamma": 0.010399820092823125}, "datetime": {"datetime": "2021-09-29 08:51:57", "elapsed": 1.832891, "delta": 0.353976}}
{"target": -35.64623660277661, "params": {"C": 32545.708047813394, "gamma": 0.04944692120734168}, "datetime": {"datetime": "2021-09-29 08:51:58", "elapsed": 2.120892, "delta": 0.288001}}
{"target": -36.35173749364152, "params": {"C": 32634.71552228101, "gamma": 0.06532559545244776}, "datetime": {"datetime": "2021-09-29 08:51:58", "elapsed": 2.49289, "delta": 0.371998}}
{"target": -35.12694025784117, "params": {"C": 34510.4920985443, "gamma": 0.009316289769245742}, "datetime": {"datetime": "2021-09-29 08:51:58", "elapsed": 2.77089, "delta": 0.278}}
{"target": -35.65191305176486, "params": {"C": 34475.538655303644, "gamma": 0.048167888040904716}, "datetime": {"datetime": "2021-09-29 08:51:59", "elapsed": 3.018897, "delta": 0.248007}}
{"target": -34.89044018422802, "params": {"C": 34542.109929429964, "gamma": 0.03308420165505448}, "datetime": {"datetime": "2021-09-29 08:51:59", "elapsed": 3.34364, "delta": 0.324743}}
{"target": -35.30107466647048, "params": {"C": 34568.817465037304, "gamma": 0.04164674401180805}, "datetime": {"datetime": "2021-09-29 08:51:59", "elapsed": 3.611639, "delta": 0.267999}}
{"target": -36.39347024611803, "params": {"C": 30382.572581862594, "gamma": 0.06895320550096296}, "datetime": {"datetime": "2021-09-29 08:52:00", "elapsed": 3.984635, "delta": 0.372996}}
{"target": -35.87872321146799, "params": {"C": 34646.27084231458, "gamma": 0.005698443740374504}, "datetime": {"datetime": "2021-09-29 08:52:00", "elapsed": 4.281637, "delta": 0.297002}}
{"target": -35.66807602082613, "params": {"C": 31673.466581988807, "gamma": 0.050583388568287445}, "datetime": {"datetime": "2021-09-29 08:52:00", "elapsed": 4.608639, "delta": 0.327002}}
{"target": -36.819378344946465, "params": {"C": 31358.5029684186, "gamma": 0.07862952291043272}, "datetime": {"datetime": "2021-09-29 08:52:01", "elapsed": 4.99864, "delta": 0.390001}}
{"target": -36.04795758908804, "params": {"C": 32046.035284225047, "gamma": 0.05849932103275856}, "datetime": {"datetime": "2021-09-29 08:52:01", "elapsed": 5.312636, "delta": 0.313996}}
{"target": -35.589499806375855, "params": {"C": 30011.805615283254, "gamma": 0.05026712948183463}, "datetime": {"datetime": "2021-09-29 08:52:01", "elapsed": 5.611233, "delta": 0.298597}}
{"target": -36.44932719496334, "params": {"C": 34998.87911998767, "gamma": 0.06511394234091063}, "datetime": {"datetime": "2021-09-29 08:52:02", "elapsed": 5.87823, "delta": 0.266997}}
{"target": -35.1618147717448, "params": {"C": 30082.588631230796, "gamma": 0.009378634144219359}, "datetime": {"datetime": "2021-09-29 08:52:02", "elapsed": 6.261231, "delta": 0.383001}}
{"target": -34.61433835386448, "params": {"C": 30115.205065089067, "gamma": 0.026422363105777766}, "datetime": {"datetime": "2021-09-29 08:52:02", "elapsed": 6.591232, "delta": 0.330001}}
{"target": -35.28553346682123, "params": {"C": 30138.800304793414, "gamma": 0.04406889800732227}, "datetime": {"datetime": "2021-09-29 08:52:03", "elapsed": 6.937799, "delta": 0.346567}}
{"target": -34.50925835034216, "params": {"C": 33511.44232469485, "gamma": 0.020726665713117647}, "datetime": {"datetime": "2021-09-29 08:52:03", "elapsed": 7.339939, "delta": 0.40214}}
{"target": -35.88714559713301, "params": {"C": 33533.42554906235, "gamma": 0.053570097402293966}, "datetime": {"datetime": "2021-09-29 08:52:03", "elapsed": 7.730938, "delta": 0.390999}}
{"target": -36.8685040553971, "params": {"C": 33494.375740603515, "gamma": 0.07671126762443418}, "datetime": {"datetime": "2021-09-29 08:52:04", "elapsed": 8.088937, "delta": 0.357999}}
{"target": -34.51519623183929, "params": {"C": 32503.491971544703, "gamma": 0.021109409243592846}, "datetime": {"datetime": "2021-09-29 08:52:04", "elapsed": 8.441938, "delta": 0.353001}}
{"target": -34.50237960405777, "params": {"C": 30102.646828101242, "gamma": 0.02003748978507426}, "datetime": {"datetime": "2021-09-29 08:52:04", "elapsed": 8.808941, "delta": 0.367003}}
{"target": -35.249758388331564, "params": {"C": 32581.489302103393, "gamma": 0.04187629828337617}, "datetime": {"datetime": "2021-09-29 08:52:05", "elapsed": 9.20394, "delta": 0.394999}}
{"target": -35.75646694447779, "params": {"C": 34527.06730073718, "gamma": 0.05019642526283085}, "datetime": {"datetime": "2021-09-29 08:52:05", "elapsed": 9.469496, "delta": 0.265556}}
{"target": -36.13114135716194, "params": {"C": 33518.6400097064, "gamma": 0.05902395937758257}, "datetime": {"datetime": "2021-09-29 08:52:05", "elapsed": 9.744146, "delta": 0.27465}}
{"target": -36.63335277727609, "params": {"C": 30109.026850288283, "gamma": 0.07543267747047865}, "datetime": {"datetime": "2021-09-29 08:52:06", "elapsed": 10.153143, "delta": 0.408997}}
{"target": -34.731895243003166, "params": {"C": 30100.351689741685, "gamma": 0.03073054492259215}, "datetime": {"datetime": "2021-09-29 08:52:06", "elapsed": 10.500143, "delta": 0.347}}
{"target": -35.087537107461294, "params": {"C": 32500.415467186263, "gamma": 0.03857451659396194}, "datetime": {"datetime": "2021-09-29 08:52:07", "elapsed": 10.894143, "delta": 0.394}}
{"target": -35.69736830955803, "params": {"C": 33507.99082311732, "gamma": 0.049777556541867475}, "datetime": {"datetime": "2021-09-29 08:52:07", "elapsed": 11.298145, "delta": 0.404002}}
{"target": -36.94222224564154, "params": {"C": 32506.300327998273, "gamma": 0.08}, "datetime": {"datetime": "2021-09-29 08:52:07", "elapsed": 11.668801, "delta": 0.370656}}
{"target": -36.30073605085397, "params": {"C": 33513.23247778065, "gamma": 0.06316275030697507}, "datetime": {"datetime": "2021-09-29 08:52:08", "elapsed": 12.010511, "delta": 0.34171}}
{"target": -34.50185987162561, "params": {"C": 30101.521341010968, "gamma": 0.019995148469085292}, "datetime": {"datetime": "2021-09-29 08:52:08", "elapsed": 12.399507, "delta": 0.388996}}
{"target": -34.71104939726899, "params": {"C": 32502.518149552372, "gamma": 0.029382052655866905}, "datetime": {"datetime": "2021-09-29 08:52:08", "elapsed": 12.73851, "delta": 0.339003}}
{"target": -35.47848426468978, "params": {"C": 33510.397339065676, "gamma": 0.045475358141736304}, "datetime": {"datetime": "2021-09-29 08:52:09", "elapsed": 13.108508, "delta": 0.369998}}
{"target": -35.65371559556588, "params": {"C": 30113.836476187993, "gamma": 0.006871187278284806}, "datetime": {"datetime": "2021-09-29 08:52:09", "elapsed": 13.438815, "delta": 0.330307}}
{"target": -35.69721724353439, "params": {"C": 30116.50288401994, "gamma": 0.052537811971678436}, "datetime": {"datetime": "2021-09-29 08:52:09", "elapsed": 13.764814, "delta": 0.325999}}
{"target": -36.162649863193636, "params": {"C": 30104.04972833367, "gamma": 0.06357682111681169}, "datetime": {"datetime": "2021-09-29 08:52:10", "elapsed": 14.110813, "delta": 0.345999}}
{"target": -36.78035481281409, "params": {"C": 32493.453698760928, "gamma": 0.07593019944158662}, "datetime": {"datetime": "2021-09-29 08:52:10", "elapsed": 14.486816, "delta": 0.376003}}
{"target": -36.283388055351615, "params": {"C": 30102.115596385793, "gamma": 0.06660109333401157}, "datetime": {"datetime": "2021-09-29 08:52:10", "elapsed": 14.820815, "delta": 0.333999}}
{"target": -35.4339970606603, "params": {"C": 32862.39635889929, "gamma": 0.04506020224636284}, "datetime": {"datetime": "2021-09-29 08:52:11", "elapsed": 15.135816, "delta": 0.315001}}
{"target": -36.5105838090982, "params": {"C": 33710.942247393155, "gamma": 0.06793551508327296}, "datetime": {"datetime": "2021-09-29 08:52:11", "elapsed": 15.478039, "delta": 0.342223}}
{"target": -35.03494512430427, "params": {"C": 31327.850779249202, "gamma": 0.03793985841889618}, "datetime": {"datetime": "2021-09-29 08:52:11", "elapsed": 15.81204, "delta": 0.334001}}
{"target": -34.904913533016995, "params": {"C": 32139.180903329976, "gamma": 0.03446575854314585}, "datetime": {"datetime": "2021-09-29 08:52:12", "elapsed": 16.170043, "delta": 0.358003}}
{"target": -36.40668631793921, "params": {"C": 32799.70728649531, "gamma": 0.06643476100101274}, "datetime": {"datetime": "2021-09-29 08:52:12", "elapsed": 16.542042, "delta": 0.371999}}
{"target": -35.21394805147314, "params": {"C": 33063.91763173935, "gamma": 0.04097144327619288}, "datetime": {"datetime": "2021-09-29 08:52:13", "elapsed": 16.86904, "delta": 0.326998}}
{"target": -35.36058472860888, "params": {"C": 31010.837569644, "gamma": 0.044902394267645425}, "datetime": {"datetime": "2021-09-29 08:52:13", "elapsed": 17.201043, "delta": 0.332003}}
{"target": -36.835065613289906, "params": {"C": 33999.092235963195, "gamma": 0.07519173492704552}, "datetime": {"datetime": "2021-09-29 08:52:13", "elapsed": 17.579656, "delta": 0.378613}}
{"target": -34.53976358056263, "params": {"C": 32334.231757449565, "gamma": 0.02267584143630391}, "datetime": {"datetime": "2021-09-29 08:52:14", "elapsed": 17.939657, "delta": 0.360001}}
{"target": -34.57678662311458, "params": {"C": 32005.04858954665, "gamma": 0.024574119026963482}, "datetime": {"datetime": "2021-09-29 08:52:14", "elapsed": 18.281658, "delta": 0.342001}}
{"target": -34.51378040412094, "params": {"C": 34414.62668429816, "gamma": 0.015575790324553074}, "datetime": {"datetime": "2021-09-29 08:52:14", "elapsed": 18.639657, "delta": 0.357999}}
{"target": -34.46892639182076, "params": {"C": 31323.86889444623, "gamma": 0.016760747169998976}, "datetime": {"datetime": "2021-09-29 08:52:15", "elapsed": 19.006659, "delta": 0.367002}}
{"target": -35.06441490932396, "params": {"C": 32175.081173298066, "gamma": 0.038196786764662115}, "datetime": {"datetime": "2021-09-29 08:52:15", "elapsed": 19.373533, "delta": 0.366874}}
{"target": -36.616462602677494, "params": {"C": 32506.635304514166, "gamma": 0.07188541877509098}, "datetime": {"datetime": "2021-09-29 08:52:15", "elapsed": 19.75219, "delta": 0.378657}}
{"target": -34.62071102492471, "params": {"C": 32004.996391974546, "gamma": 0.026276741227424686}, "datetime": {"datetime": "2021-09-29 08:52:16", "elapsed": 20.12019, "delta": 0.368}}
{"target": -36.15778867372894, "params": {"C": 34309.84258064091, "gamma": 0.004571513287728949}, "datetime": {"datetime": "2021-09-29 08:52:16", "elapsed": 20.489191, "delta": 0.369001}}
{"target": -36.65607920541973, "params": {"C": 32492.070416602575, "gamma": 0.07291788002280637}, "datetime": {"datetime": "2021-09-29 08:52:17", "elapsed": 20.899192, "delta": 0.410001}}
{"target": -34.67395956630415, "params": {"C": 30820.41819413266, "gamma": 0.028494863492261418}, "datetime": {"datetime": "2021-09-29 08:52:17", "elapsed": 21.290188, "delta": 0.390996}}
{"target": -35.698420397328476, "params": {"C": 32491.377169394735, "gamma": 0.05057687366777686}, "datetime": {"datetime": "2021-09-29 08:52:17", "elapsed": 21.738416, "delta": 0.448228}}
{"target": -35.4826437768563, "params": {"C": 30101.33482747192, "gamma": 0.04796429432617116}, "datetime": {"datetime": "2021-09-29 08:52:18", "elapsed": 22.212076, "delta": 0.47366}}
{"target": -35.13439897113628, "params": {"C": 32492.677629943097, "gamma": 0.03969720826272023}, "datetime": {"datetime": "2021-09-29 08:52:18", "elapsed": 22.624077, "delta": 0.412001}}
{"target": -34.6900401770007, "params": {"C": 32666.072212617233, "gamma": 0.028624231791039775}, "datetime": {"datetime": "2021-09-29 08:52:19", "elapsed": 23.002078, "delta": 0.378001}}
{"target": -35.36871442548192, "params": {"C": 30101.697520549173, "gamma": 0.0456929322506077}, "datetime": {"datetime": "2021-09-29 08:52:19", "elapsed": 23.430382, "delta": 0.428304}}
{"target": -34.71886754769085, "params": {"C": 34414.81119887762, "gamma": 0.02918512748578907}, "datetime": {"datetime": "2021-09-29 08:52:19", "elapsed": 23.840387, "delta": 0.410005}}
{"target": -35.71259684880584, "params": {"C": 33537.55865810754, "gamma": 0.05007004461826626}, "datetime": {"datetime": "2021-09-29 08:52:20", "elapsed": 24.251383, "delta": 0.410996}}
{"target": -35.59716319775033, "params": {"C": 31323.711576675218, "gamma": 0.04937093614850633}, "datetime": {"datetime": "2021-09-29 08:52:20", "elapsed": 24.670383, "delta": 0.419}}
{"target": -35.41467715775898, "params": {"C": 32503.339792107465, "gamma": 0.04493143039456607}, "datetime": {"datetime": "2021-09-29 08:52:21", "elapsed": 25.110387, "delta": 0.440004}}
{"target": -36.876784985505836, "params": {"C": 33511.32423880871, "gamma": 0.07689606634743344}, "datetime": {"datetime": "2021-09-29 08:52:21", "elapsed": 25.545144, "delta": 0.434757}}
{"target": -36.06897397258674, "params": {"C": 33571.10377722696, "gamma": 0.05751324547027216}, "datetime": {"datetime": "2021-09-29 08:52:22", "elapsed": 25.950294, "delta": 0.40515}}
{"target": -34.50665984186914, "params": {"C": 31984.40891634645, "gamma": 0.020482095551111173}, "datetime": {"datetime": "2021-09-29 08:52:22", "elapsed": 26.351298, "delta": 0.401004}}
{"target": -35.861787568052286, "params": {"C": 31788.637892622635, "gamma": 0.05453939492968337}, "datetime": {"datetime": "2021-09-29 08:52:22", "elapsed": 26.735292, "delta": 0.383994}}
{"target": -36.0713665674381, "params": {"C": 32492.581316705975, "gamma": 0.05860967834333216}, "datetime": {"datetime": "2021-09-29 08:52:23", "elapsed": 27.171967, "delta": 0.436675}}
{"target": -36.74400024430888, "params": {"C": 32334.23275544928, "gamma": 0.0752621432212866}, "datetime": {"datetime": "2021-09-29 08:52:23", "elapsed": 27.614381, "delta": 0.442414}}
{"target": -34.83516579259956, "params": {"C": 31465.860811884006, "gamma": 0.01188453966538651}, "datetime": {"datetime": "2021-09-29 08:52:24", "elapsed": 28.024381, "delta": 0.41}}
{"target": -34.617601655348054, "params": {"C": 30971.666212888184, "gamma": 0.02636914051822731}, "datetime": {"datetime": "2021-09-29 08:52:24", "elapsed": 28.458386, "delta": 0.434005}}
{"target": -36.098087451429194, "params": {"C": 32514.191672546982, "gamma": 0.004839718947709247}, "datetime": {"datetime": "2021-09-29 08:52:25", "elapsed": 28.926384, "delta": 0.467998}}
{"target": -34.8441242055783, "params": {"C": 30537.996107048282, "gamma": 0.03378353153894122}, "datetime": {"datetime": "2021-09-29 08:52:25", "elapsed": 29.333387, "delta": 0.407003}}
{"target": -36.69677361748007, "params": {"C": 31697.416359888302, "gamma": 0.07496537361987834}, "datetime": {"datetime": "2021-09-29 08:52:25", "elapsed": 29.751809, "delta": 0.418422}}
{"target": -36.85653945294815, "params": {"C": 31920.61942703904, "gamma": 0.07873126795037318}, "datetime": {"datetime": "2021-09-29 08:52:26", "elapsed": 30.237815, "delta": 0.486006}}
{"target": -35.97601293146966, "params": {"C": 34455.101997822036, "gamma": 0.005307582996117149}, "datetime": {"datetime": "2021-09-29 08:52:26", "elapsed": 30.672817, "delta": 0.435002}}
{"target": -34.50298401921433, "params": {"C": 34418.162750046875, "gamma": 0.01576540268466732}, "datetime": {"datetime": "2021-09-29 08:52:27", "elapsed": 31.092814, "delta": 0.419997}}
{"target": -35.24565185510729, "params": {"C": 31871.77745298512, "gamma": 0.04222503233619222}, "datetime": {"datetime": "2021-09-29 08:52:27", "elapsed": 31.504881, "delta": 0.412067}}
{"target": -35.77315103757985, "params": {"C": 31692.559907455703, "gamma": 0.05275802891350797}, "datetime": {"datetime": "2021-09-29 08:52:28", "elapsed": 31.924514, "delta": 0.419633}}
{"target": -35.164311357539425, "params": {"C": 30939.160802400515, "gamma": 0.009293022310586943}, "datetime": {"datetime": "2021-09-29 08:52:28", "elapsed": 32.368517, "delta": 0.444003}}
{"target": -35.67331102994821, "params": {"C": 34267.4908182704, "gamma": 0.048738301899211786}, "datetime": {"datetime": "2021-09-29 08:52:29", "elapsed": 32.861523, "delta": 0.493006}}
{"target": -37.036560987423535, "params": {"C": 34282.8516919905, "gamma": 0.07971227249163923}, "datetime": {"datetime": "2021-09-29 08:52:29", "elapsed": 33.327524, "delta": 0.466001}}
{"target": -34.754242399043704, "params": {"C": 30203.009600968726, "gamma": 0.012838575305870254}, "datetime": {"datetime": "2021-09-29 08:52:29", "elapsed": 33.774026, "delta": 0.446502}}
{"target": -34.54393705771884, "params": {"C": 34433.67046309088, "gamma": 0.022857627855129153}, "datetime": {"datetime": "2021-09-29 08:52:30", "elapsed": 34.222031, "delta": 0.448005}}
{"target": -35.01119464569833, "params": {"C": 34335.409171152925, "gamma": 0.0359079985666882}, "datetime": {"datetime": "2021-09-29 08:52:30", "elapsed": 34.719028, "delta": 0.496997}}
{"target": -35.17560792583709, "params": {"C": 33569.33956221696, "gamma": 0.04003580221416004}, "datetime": {"datetime": "2021-09-29 08:52:31", "elapsed": 35.157027, "delta": 0.437999}}
{"target": -35.63894001636705, "params": {"C": 32242.773588313976, "gamma": 0.049526687543391866}, "datetime": {"datetime": "2021-09-29 08:52:31", "elapsed": 35.609374, "delta": 0.452347}}
{"target": -34.54773771231558, "params": {"C": 33818.94337022504, "gamma": 0.02309734319944852}, "datetime": {"datetime": "2021-09-29 08:52:32", "elapsed": 36.096372, "delta": 0.486998}}
{"target": -36.49959317097932, "params": {"C": 31917.828553909563, "gamma": 0.06969155139105139}, "datetime": {"datetime": "2021-09-29 08:52:32", "elapsed": 36.57029, "delta": 0.473918}}
{"target": -36.36703900422213, "params": {"C": 34638.52483636031, "gamma": 0.0635603391773113}, "datetime": {"datetime": "2021-09-29 08:52:33", "elapsed": 37.090819, "delta": 0.520529}}
{"target": -35.240792538002395, "params": {"C": 32677.81864091457, "gamma": 0.008702498326439158}, "datetime": {"datetime": "2021-09-29 08:52:33", "elapsed": 37.599855, "delta": 0.509036}}
{"target": -34.47974991092087, "params": {"C": 30712.282065266794, "gamma": 0.01663228082804163}, "datetime": {"datetime": "2021-09-29 08:52:34", "elapsed": 38.062853, "delta": 0.462998}}
{"target": -34.978273126942725, "params": {"C": 34171.44566501086, "gamma": 0.03522784513514094}, "datetime": {"datetime": "2021-09-29 08:52:34", "elapsed": 38.516856, "delta": 0.454003}}
{"target": -35.976800457478234, "params": {"C": 33951.87750290972, "gamma": 0.05511640259890177}, "datetime": {"datetime": "2021-09-29 08:52:35", "elapsed": 39.035859, "delta": 0.519003}}
{"target": -36.144933902079515, "params": {"C": 30428.956043183953, "gamma": 0.004686849966479714}, "datetime": {"datetime": "2021-09-29 08:52:35", "elapsed": 39.524902, "delta": 0.489043}}
{"target": -34.69506862921538, "params": {"C": 30606.919590327543, "gamma": 0.029302364126123335}, "datetime": {"datetime": "2021-09-29 08:52:36", "elapsed": 40.004904, "delta": 0.480002}}
{"target": -35.86776530761603, "params": {"C": 34556.58406440892, "gamma": 0.05235093894573865}, "datetime": {"datetime": "2021-09-29 08:52:36", "elapsed": 40.555904, "delta": 0.551}}
{"target": -34.52359897501271, "params": {"C": 31438.87687662799, "gamma": 0.015719620600296864}, "datetime": {"datetime": "2021-09-29 08:52:37", "elapsed": 41.0429, "delta": 0.486996}}
{"target": -34.55874491853132, "params": {"C": 32761.050074424824, "gamma": 0.023717629694156164}, "datetime": {"datetime": "2021-09-29 08:52:37", "elapsed": 41.649157, "delta": 0.606257}}
{"target": -36.5913511419997, "params": {"C": 33007.137026004086, "gamma": 0.07067181365245237}, "datetime": {"datetime": "2021-09-29 08:52:38", "elapsed": 42.198923, "delta": 0.549766}}
{"target": -36.36044774278509, "params": {"C": 32893.11009637816, "gamma": 0.06524946749956295}, "datetime": {"datetime": "2021-09-29 08:52:38", "elapsed": 42.68692, "delta": 0.487997}}
{"target": -34.49288285645288, "params": {"C": 33700.303843939044, "gamma": 0.019520311939908812}, "datetime": {"datetime": "2021-09-29 08:52:39", "elapsed": 43.215925, "delta": 0.529005}}
