{"target": -37.76509353987039, "params": {"C": 560.8667823985859, "gamma": 0.006774170617256695}, "datetime": {"datetime": "2021-09-28 12:35:54", "elapsed": 111.494318, "delta": 1.344546}}
{"target": -37.23551640237173, "params": {"C": 585.9427376689512, "gamma": 0.03857290640300009}, "datetime": {"datetime": "2021-09-28 12:35:55", "elapsed": 112.737989, "delta": 1.243671}}
{"target": -37.27449325508907, "params": {"C": 566.1901429120337, "gamma": 0.037525140407559214}, "datetime": {"datetime": "2021-09-28 12:35:56", "elapsed": 113.966125, "delta": 1.228136}}
{"target": -37.23115910823463, "params": {"C": 566.0926630858497, "gamma": 0.03532940956767017}, "datetime": {"datetime": "2021-09-28 12:35:57", "elapsed": 115.240374, "delta": 1.274249}}
{"target": -38.21311062533952, "params": {"C": 553.1567631504777, "gamma": 0.07383717001497336}, "datetime": {"datetime": "2021-09-28 12:35:59", "elapsed": 116.421716, "delta": 1.181342}}
{"target": -38.235513907716104, "params": {"C": 585.877411396516, "gamma": 0.07843567310961014}, "datetime": {"datetime": "2021-09-28 12:36:00", "elapsed": 118.250262, "delta": 1.828546}}
{"target": -37.79994751117904, "params": {"C": 439.84724388236225, "gamma": 0.010250586411251466}, "datetime": {"datetime": "2021-09-28 12:36:02", "elapsed": 119.546289, "delta": 1.296027}}
{"target": -37.24614954742708, "params": {"C": 560.9434980205563, "gamma": 0.011989081208252404}, "datetime": {"datetime": "2021-09-28 12:36:03", "elapsed": 120.898021, "delta": 1.351732}}
{"target": -38.57000193834942, "params": {"C": 527.0466919105017, "gamma": 0.004109316641150468}, "datetime": {"datetime": "2021-09-28 12:36:05", "elapsed": 122.433667, "delta": 1.535646}}
{"target": -38.8663318123575, "params": {"C": 527.2251686838349, "gamma": 0.0033428794858499167}, "datetime": {"datetime": "2021-09-28 12:36:06", "elapsed": 123.674632, "delta": 1.240965}}
{"target": -37.28993423589234, "params": {"C": 588.0472399274389, "gamma": 0.009881821898218145}, "datetime": {"datetime": "2021-09-28 12:36:08", "elapsed": 125.551595, "delta": 1.876963}}
{"target": -37.0977777525149, "params": {"C": 586.0333684563768, "gamma": 0.03152382186093356}, "datetime": {"datetime": "2021-09-28 12:36:09", "elapsed": 126.5676, "delta": 1.016005}}
{"target": -37.4168617016306, "params": {"C": 505.4768280210203, "gamma": 0.012240641568351859}, "datetime": {"datetime": "2021-09-28 12:36:10", "elapsed": 127.766967, "delta": 1.199367}}
{"target": -38.41991565062067, "params": {"C": 410.5959907423124, "gamma": 0.061059949148746524}, "datetime": {"datetime": "2021-09-28 12:36:11", "elapsed": 128.719964, "delta": 0.952997}}
{"target": -37.43357157194487, "params": {"C": 588.3208923466982, "gamma": 0.04798321692860191}, "datetime": {"datetime": "2021-09-28 12:36:12", "elapsed": 129.72666, "delta": 1.006696}}
{"target": -37.542024412615476, "params": {"C": 588.3229055791413, "gamma": 0.0076527113609925115}, "datetime": {"datetime": "2021-09-28 12:36:13", "elapsed": 130.721663, "delta": 0.995003}}
{"target": -37.69274568247468, "params": {"C": 553.143597832842, "gamma": 0.007354383424798138}, "datetime": {"datetime": "2021-09-28 12:36:14", "elapsed": 131.813522, "delta": 1.091859}}
{"target": -37.71516766228245, "params": {"C": 588.3639859940465, "gamma": 0.06030050051400887}, "datetime": {"datetime": "2021-09-28 12:36:16", "elapsed": 133.351404, "delta": 1.537882}}
{"target": -38.498284015206394, "params": {"C": 289.28955676487243, "gamma": 0.03562941402398906}, "datetime": {"datetime": "2021-09-28 12:36:16", "elapsed": 134.291397, "delta": 0.939993}}
{"target": -37.94279613780394, "params": {"C": 533.907992426238, "gamma": 0.006306255009490884}, "datetime": {"datetime": "2021-09-28 12:36:18", "elapsed": 135.790698, "delta": 1.499301}}
{"target": -37.40239920053562, "params": {"C": 558.7501474591712, "gamma": 0.04243610130642191}, "datetime": {"datetime": "2021-09-28 12:36:19", "elapsed": 136.692693, "delta": 0.901995}}
{"target": -37.05731147972444, "params": {"C": 579.9967075874031, "gamma": 0.027632909136939793}, "datetime": {"datetime": "2021-09-28 12:36:20", "elapsed": 137.620672, "delta": 0.927979}}
{"target": -37.16271446596162, "params": {"C": 579.9714276671554, "gamma": 0.012552614177592451}, "datetime": {"datetime": "2021-09-28 12:36:21", "elapsed": 138.617672, "delta": 0.997}}
{"target": -37.08122901255565, "params": {"C": 580.0569423601569, "gamma": 0.015043798345407443}, "datetime": {"datetime": "2021-09-28 12:36:22", "elapsed": 139.550904, "delta": 0.933232}}
{"target": -37.75418148781917, "params": {"C": 580.0723896825605, "gamma": 0.06081899540437599}, "datetime": {"datetime": "2021-09-28 12:36:23", "elapsed": 140.566901, "delta": 1.015997}}
{"target": -37.10100871914858, "params": {"C": 558.7858227352781, "gamma": 0.017536145208716422}, "datetime": {"datetime": "2021-09-28 12:36:24", "elapsed": 142.037149, "delta": 1.470248}}
{"target": -37.708298703139675, "params": {"C": 580.0236662922914, "gamma": 0.058973020997398505}, "datetime": {"datetime": "2021-09-28 12:36:26", "elapsed": 144.063037, "delta": 2.025888}}
{"target": -37.90029888832368, "params": {"C": 359.8918418958341, "gamma": 0.02336888112829874}, "datetime": {"datetime": "2021-09-28 12:36:28", "elapsed": 145.452797, "delta": 1.38976}}
{"target": -37.096180719742264, "params": {"C": 558.8394630300951, "gamma": 0.025086668860209892}, "datetime": {"datetime": "2021-09-28 12:36:29", "elapsed": 146.789792, "delta": 1.336995}}
{"target": -38.41161238883908, "params": {"C": 398.93390516401683, "gamma": 0.05875917708593344}, "datetime": {"datetime": "2021-09-28 12:36:30", "elapsed": 147.909508, "delta": 1.119716}}
{"target": -37.85154786901948, "params": {"C": 558.8128252721475, "gamma": 0.061970534092018775}, "datetime": {"datetime": "2021-09-28 12:36:32", "elapsed": 149.723027, "delta": 1.813519}}
{"target": -38.88981845836134, "params": {"C": 466.0636043548693, "gamma": 0.08706860134299299}, "datetime": {"datetime": "2021-09-28 12:36:33", "elapsed": 150.754027, "delta": 1.031}}
{"target": -38.24069318413227, "params": {"C": 566.0187967395245, "gamma": 0.004716983865565049}, "datetime": {"datetime": "2021-09-28 12:36:35", "elapsed": 152.306885, "delta": 1.552858}}
{"target": -37.923121371521795, "params": {"C": 367.38643678232836, "gamma": 0.029180168038679247}, "datetime": {"datetime": "2021-09-28 12:36:36", "elapsed": 153.432151, "delta": 1.125266}}
{"target": -37.09487421766343, "params": {"C": 566.2591057257271, "gamma": 0.027128948287379356}, "datetime": {"datetime": "2021-09-28 12:36:37", "elapsed": 154.513145, "delta": 1.080994}}
{"target": -37.18394108870667, "params": {"C": 580.0126191424833, "gamma": 0.012071304449974729}, "datetime": {"datetime": "2021-09-28 12:36:38", "elapsed": 156.187838, "delta": 1.674693}}
{"target": -38.73781032459104, "params": {"C": 558.8287043694274, "gamma": 0.0034140244448346187}, "datetime": {"datetime": "2021-09-28 12:36:40", "elapsed": 157.708814, "delta": 1.520976}}
{"target": -38.060452249721635, "params": {"C": 441.676515760405, "gamma": 0.052679373542989086}, "datetime": {"datetime": "2021-09-28 12:36:41", "elapsed": 158.944812, "delta": 1.235998}}
{"target": -38.149348742241386, "params": {"C": 318.2086674730758, "gamma": 0.024355255466475136}, "datetime": {"datetime": "2021-09-28 12:36:42", "elapsed": 160.190509, "delta": 1.245697}}
{"target": -37.27458734236221, "params": {"C": 579.9408895346901, "gamma": 0.03958504660056022}, "datetime": {"datetime": "2021-09-28 12:36:44", "elapsed": 161.77571, "delta": 1.585201}}
{"target": -39.121236023542366, "params": {"C": 268.8664855106334, "gamma": 0.05666776783336421}, "datetime": {"datetime": "2021-09-28 12:36:45", "elapsed": 162.917697, "delta": 1.141987}}
{"target": -37.519426174467604, "params": {"C": 558.8918258811163, "gamma": 0.04776537014270832}, "datetime": {"datetime": "2021-09-28 12:36:47", "elapsed": 164.460949, "delta": 1.543252}}
{"target": -37.48719562665227, "params": {"C": 558.8438408896661, "gamma": 0.046310426797569915}, "datetime": {"datetime": "2021-09-28 12:36:48", "elapsed": 166.112896, "delta": 1.651947}}
{"target": -38.64880187393878, "params": {"C": 542.4482781430489, "gamma": 0.08839411419682247}, "datetime": {"datetime": "2021-09-28 12:36:50", "elapsed": 167.33223, "delta": 1.219334}}
{"target": -37.08439532275413, "params": {"C": 579.900923014269, "gamma": 0.014934313486439713}, "datetime": {"datetime": "2021-09-28 12:36:52", "elapsed": 169.475813, "delta": 2.143583}}
{"target": -38.3067953023332, "params": {"C": 579.8612849264657, "gamma": 0.08027473815748455}, "datetime": {"datetime": "2021-09-28 12:36:53", "elapsed": 170.796808, "delta": 1.320995}}
{"target": -37.21662848170688, "params": {"C": 558.8782993006013, "gamma": 0.01281147742754701}, "datetime": {"datetime": "2021-09-28 12:36:55", "elapsed": 172.939923, "delta": 2.143115}}
{"target": -37.31897279422083, "params": {"C": 558.764140858627, "gamma": 0.010770556351163866}, "datetime": {"datetime": "2021-09-28 12:36:57", "elapsed": 174.874633, "delta": 1.93471}}
{"target": -37.31609404529262, "params": {"C": 580.0910340828017, "gamma": 0.009840591325464172}, "datetime": {"datetime": "2021-09-28 12:36:59", "elapsed": 176.651372, "delta": 1.776739}}
{"target": -37.15267110508069, "params": {"C": 558.9251846570171, "gamma": 0.014764976866325486}, "datetime": {"datetime": "2021-09-28 12:37:00", "elapsed": 177.958043, "delta": 1.306671}}
{"target": -38.091948662608424, "params": {"C": 558.942784935688, "gamma": 0.07040730866881711}, "datetime": {"datetime": "2021-09-28 12:37:02", "elapsed": 179.416655, "delta": 1.458612}}
{"target": -38.33059305520173, "params": {"C": 496.0892322344958, "gamma": 0.070733277716456}, "datetime": {"datetime": "2021-09-28 12:37:03", "elapsed": 180.998661, "delta": 1.582006}}
{"target": -37.62895911773044, "params": {"C": 580.1386770623459, "gamma": 0.05571097039819651}, "datetime": {"datetime": "2021-09-28 12:37:05", "elapsed": 182.668599, "delta": 1.669938}}
{"target": -37.14669087743978, "params": {"C": 579.972293682049, "gamma": 0.012948749947400005}, "datetime": {"datetime": "2021-09-28 12:37:06", "elapsed": 183.68783, "delta": 1.019231}}
{"target": -38.64433085466113, "params": {"C": 566.0745639417378, "gamma": 0.0035851653588112346}, "datetime": {"datetime": "2021-09-28 12:37:07", "elapsed": 185.161485, "delta": 1.473655}}
{"target": -37.57296034653611, "params": {"C": 579.9712381971783, "gamma": 0.05316469640487832}, "datetime": {"datetime": "2021-09-28 12:37:09", "elapsed": 186.699484, "delta": 1.537999}}
{"target": -37.179011873648385, "params": {"C": 588.048834955211, "gamma": 0.03613667604999337}, "datetime": {"datetime": "2021-09-28 12:37:11", "elapsed": 188.771952, "delta": 2.072468}}
{"target": -37.643834573886146, "params": {"C": 586.1568555461749, "gamma": 0.007043815182002482}, "datetime": {"datetime": "2021-09-28 12:37:12", "elapsed": 189.906107, "delta": 1.134155}}
{"target": -38.695428925684105, "params": {"C": 571.1757261478782, "gamma": 0.0939622607371426}, "datetime": {"datetime": "2021-09-28 12:37:13", "elapsed": 190.94311, "delta": 1.037003}}
{"target": -37.28186145520768, "params": {"C": 557.8786291917768, "gamma": 0.011469324115264884}, "datetime": {"datetime": "2021-09-28 12:37:15", "elapsed": 192.687278, "delta": 1.744168}}
{"target": -37.234159375843724, "params": {"C": 559.0012359887228, "gamma": 0.01238412931721735}, "datetime": {"datetime": "2021-09-28 12:37:17", "elapsed": 194.97153, "delta": 2.284252}}
{"target": -37.483364252730475, "params": {"C": 558.9635054044334, "gamma": 0.00876387131328657}, "datetime": {"datetime": "2021-09-28 12:37:19", "elapsed": 196.48126, "delta": 1.50973}}
{"target": -37.08213469015521, "params": {"C": 557.8201604566177, "gamma": 0.02277269077898794}, "datetime": {"datetime": "2021-09-28 12:37:20", "elapsed": 197.954776, "delta": 1.473516}}
{"target": -37.08125224360303, "params": {"C": 557.7834570114392, "gamma": 0.021027226134964636}, "datetime": {"datetime": "2021-09-28 12:37:21", "elapsed": 199.076773, "delta": 1.121997}}
{"target": -39.06837690776696, "params": {"C": 557.7994233501835, "gamma": 0.10816821808802254}, "datetime": {"datetime": "2021-09-28 12:37:23", "elapsed": 200.734182, "delta": 1.657409}}
{"target": -38.14141343383519, "params": {"C": 418.40305471153357, "gamma": 0.05167364539251295}, "datetime": {"datetime": "2021-09-28 12:37:24", "elapsed": 201.677183, "delta": 0.943001}}
{"target": -37.35285937266911, "params": {"C": 559.0626544788942, "gamma": 0.04017265333533643}, "datetime": {"datetime": "2021-09-28 12:37:25", "elapsed": 202.821942, "delta": 1.144759}}
{"target": -38.592497196041506, "params": {"C": 559.0491787292099, "gamma": 0.08835778595488314}, "datetime": {"datetime": "2021-09-28 12:37:27", "elapsed": 205.167749, "delta": 2.345807}}
{"target": -37.122671641827445, "params": {"C": 559.0339550524559, "gamma": 0.02745024883552036}, "datetime": {"datetime": "2021-09-28 12:37:29", "elapsed": 206.750514, "delta": 1.582765}}
{"target": -38.12125659600718, "params": {"C": 559.0550714698088, "gamma": 0.00520853485572987}, "datetime": {"datetime": "2021-09-28 12:37:31", "elapsed": 208.544932, "delta": 1.794418}}
{"target": -37.60681042411876, "params": {"C": 557.7441616216072, "gamma": 0.051498683178403885}, "datetime": {"datetime": "2021-09-28 12:37:33", "elapsed": 210.426222, "delta": 1.88129}}
{"target": -37.121873914023666, "params": {"C": 557.6938475593756, "gamma": 0.01636669879553396}, "datetime": {"datetime": "2021-09-28 12:37:34", "elapsed": 211.636392, "delta": 1.21017}}
{"target": -37.087972543870116, "params": {"C": 557.6375294993171, "gamma": 0.023655161344200586}, "datetime": {"datetime": "2021-09-28 12:37:36", "elapsed": 213.438769, "delta": 1.802377}}
{"target": -38.61966460479414, "params": {"C": 329.61126473351715, "gamma": 0.05266964346477281}, "datetime": {"datetime": "2021-09-28 12:37:37", "elapsed": 214.528768, "delta": 1.089999}}
{"target": -38.49464574831122, "params": {"C": 557.6491835433733, "gamma": 0.0844663654625381}, "datetime": {"datetime": "2021-09-28 12:37:38", "elapsed": 216.215082, "delta": 1.686314}}
{"target": -37.269612675953894, "params": {"C": 557.6630459627879, "gamma": 0.03588152988150538}, "datetime": {"datetime": "2021-09-28 12:37:40", "elapsed": 217.504172, "delta": 1.28909}}
{"target": -37.01244380501176, "params": {"C": 580.196186878389, "gamma": 0.021689242749389073}, "datetime": {"datetime": "2021-09-28 12:37:42", "elapsed": 219.303406, "delta": 1.799234}}
{"target": -37.79022580499131, "params": {"C": 580.2433505340925, "gamma": 0.06217435009100278}, "datetime": {"datetime": "2021-09-28 12:37:43", "elapsed": 220.863396, "delta": 1.55999}}
{"target": -37.0213573707868, "params": {"C": 580.1618439052812, "gamma": 0.019039433261241953}, "datetime": {"datetime": "2021-09-28 12:37:45", "elapsed": 222.718363, "delta": 1.854967}}
{"target": -37.2828753864839, "params": {"C": 557.5905745341684, "gamma": 0.03653929494392344}, "datetime": {"datetime": "2021-09-28 12:37:46", "elapsed": 224.26762, "delta": 1.549257}}
{"target": -37.271048395464426, "params": {"C": 558.7056663623732, "gamma": 0.011626843064383288}, "datetime": {"datetime": "2021-09-28 12:37:48", "elapsed": 225.791906, "delta": 1.524286}}
{"target": -37.6581357977296, "params": {"C": 558.691145392822, "gamma": 0.05392555784234104}, "datetime": {"datetime": "2021-09-28 12:37:50", "elapsed": 227.325101, "delta": 1.533195}}
{"target": -37.631614649361225, "params": {"C": 557.5597037563593, "gamma": 0.052577095029595934}, "datetime": {"datetime": "2021-09-28 12:37:51", "elapsed": 228.904106, "delta": 1.579005}}
{"target": -39.23068761479968, "params": {"C": 558.7510753566041, "gamma": 0.11601474043875752}, "datetime": {"datetime": "2021-09-28 12:37:53", "elapsed": 230.399384, "delta": 1.495278}}
{"target": -37.550547895594946, "params": {"C": 579.9099346596252, "gamma": 0.05214366049801857}, "datetime": {"datetime": "2021-09-28 12:37:54", "elapsed": 232.176039, "delta": 1.776655}}
{"target": -37.132279223641326, "params": {"C": 580.2404219430302, "gamma": 0.013313580555459417}, "datetime": {"datetime": "2021-09-28 12:37:56", "elapsed": 234.286443, "delta": 2.110404}}
{"target": -37.03134268098854, "params": {"C": 579.8530737219444, "gamma": 0.01801504879398673}, "datetime": {"datetime": "2021-09-28 12:37:58", "elapsed": 236.081853, "delta": 1.79541}}
{"target": -39.775971881109875, "params": {"C": 254.4321606095757, "gamma": 0.08046006709706081}, "datetime": {"datetime": "2021-09-28 12:37:59", "elapsed": 237.110855, "delta": 1.029002}}
{"target": -37.59327421624998, "params": {"C": 533.912949272428, "gamma": 0.04730405397462377}, "datetime": {"datetime": "2021-09-28 12:38:00", "elapsed": 238.158407, "delta": 1.047552}}
{"target": -38.69307121020895, "params": {"C": 557.5629621190697, "gamma": 0.0035299292157407918}, "datetime": {"datetime": "2021-09-28 12:38:02", "elapsed": 239.428624, "delta": 1.270217}}
{"target": -37.09165990904453, "params": {"C": 579.8233127090252, "gamma": 0.014661624269070493}, "datetime": {"datetime": "2021-09-28 12:38:03", "elapsed": 241.228625, "delta": 1.800001}}
{"target": -37.20630847730403, "params": {"C": 557.734797686986, "gamma": 0.013171673206161957}, "datetime": {"datetime": "2021-09-28 12:38:05", "elapsed": 243.051728, "delta": 1.823103}}
{"target": -39.24653438253081, "params": {"C": 519.3411955833824, "gamma": 0.1108225154776175}, "datetime": {"datetime": "2021-09-28 12:38:06", "elapsed": 244.27503, "delta": 1.223302}}
{"target": -37.01469938560964, "params": {"C": 579.7752736409587, "gamma": 0.022604798625088282}, "datetime": {"datetime": "2021-09-28 12:38:09", "elapsed": 246.443801, "delta": 2.168771}}
{"target": -37.953728673724086, "params": {"C": 579.7512606996288, "gamma": 0.005587472161641306}, "datetime": {"datetime": "2021-09-28 12:38:11", "elapsed": 248.299691, "delta": 1.85589}}
{"target": -37.48509468735845, "params": {"C": 579.8180956059055, "gamma": 0.04918019386732944}, "datetime": {"datetime": "2021-09-28 12:38:12", "elapsed": 249.847018, "delta": 1.547327}}
{"target": -38.97660413740046, "params": {"C": 579.7235904464014, "gamma": 0.10704253031688113}, "datetime": {"datetime": "2021-09-28 12:38:14", "elapsed": 251.932527, "delta": 2.085509}}
{"target": -39.29296314456817, "params": {"C": 478.7441959411914, "gamma": 0.10654978066366862}, "datetime": {"datetime": "2021-09-28 12:38:15", "elapsed": 253.138916, "delta": 1.206389}}
{"target": -37.13336448334796, "params": {"C": 580.2897202821202, "gamma": 0.01327932977206685}, "datetime": {"datetime": "2021-09-28 12:38:17", "elapsed": 254.673393, "delta": 1.534477}}
{"target": -38.5297704573547, "params": {"C": 580.3344943571544, "gamma": 0.08859894995721558}, "datetime": {"datetime": "2021-09-28 12:38:19", "elapsed": 256.628429, "delta": 1.955036}}
{"target": -38.5929880744085, "params": {"C": 580.1865230835713, "gamma": 0.09103092441570114}, "datetime": {"datetime": "2021-09-28 12:38:21", "elapsed": 258.330248, "delta": 1.701819}}
{"target": -37.501823718530254, "params": {"C": 558.6540025429509, "gamma": 0.008609372258645932}, "datetime": {"datetime": "2021-09-28 12:38:22", "elapsed": 260.001933, "delta": 1.671685}}
{"target": -37.721964268105715, "params": {"C": 558.6156539620767, "gamma": 0.056767624740668904}, "datetime": {"datetime": "2021-09-28 12:38:25", "elapsed": 262.601893, "delta": 2.59996}}
{"target": -37.18881324041511, "params": {"C": 559.7302757751721, "gamma": 0.031900200695002295}, "datetime": {"datetime": "2021-09-28 12:38:26", "elapsed": 264.011323, "delta": 1.40943}}
{"target": -37.16845854112684, "params": {"C": 559.7627549316662, "gamma": 0.014110669150115229}, "datetime": {"datetime": "2021-09-28 12:38:28", "elapsed": 265.860256, "delta": 1.848933}}
{"target": -38.92416825920545, "params": {"C": 559.7048922514754, "gamma": 0.003}, "datetime": {"datetime": "2021-09-28 12:38:30", "elapsed": 268.206746, "delta": 2.34649}}
{"target": -37.54020998478979, "params": {"C": 559.7580862979179, "gamma": 0.04882311959276984}, "datetime": {"datetime": "2021-09-28 12:38:33", "elapsed": 270.758068, "delta": 2.551322}}
{"target": -37.158872503595184, "params": {"C": 580.3396333324822, "gamma": 0.012618003032252426}, "datetime": {"datetime": "2021-09-28 12:38:35", "elapsed": 272.622492, "delta": 1.864424}}
{"target": -36.98893581862729, "params": {"C": 588.4058014783639, "gamma": 0.020834195418885235}, "datetime": {"datetime": "2021-09-28 12:38:37", "elapsed": 274.659607, "delta": 2.037115}}
{"target": -39.38249378722735, "params": {"C": 233.38326145748437, "gamma": 0.05673562934195213}, "datetime": {"datetime": "2021-09-28 12:38:39", "elapsed": 276.297609, "delta": 1.638002}}
{"target": -37.45947989537678, "params": {"C": 588.4314093006531, "gamma": 0.049165025966420944}, "datetime": {"datetime": "2021-09-28 12:38:40", "elapsed": 278.247353, "delta": 1.949744}}
{"target": -37.03942844604185, "params": {"C": 573.5029383656486, "gamma": 0.01932598303040388}, "datetime": {"datetime": "2021-09-28 12:38:42", "elapsed": 279.540355, "delta": 1.293002}}
{"target": -37.770797837833534, "params": {"C": 573.5442329575881, "gamma": 0.06068826851672173}, "datetime": {"datetime": "2021-09-28 12:38:44", "elapsed": 282.166548, "delta": 2.626193}}
{"target": -39.150436031618355, "params": {"C": 235.3378626238445, "gamma": 0.04799763537210966}, "datetime": {"datetime": "2021-09-28 12:38:46", "elapsed": 283.967892, "delta": 1.801344}}
{"target": -38.19271716405285, "params": {"C": 573.4601013387039, "gamma": 0.07551176202399663}, "datetime": {"datetime": "2021-09-28 12:38:49", "elapsed": 286.299889, "delta": 2.331997}}
{"target": -37.21606158358484, "params": {"C": 559.8014374595848, "gamma": 0.012754097878293354}, "datetime": {"datetime": "2021-09-28 12:38:51", "elapsed": 288.840752, "delta": 2.540863}}
