{"target": -41.93464506572071, "params": {"C": 4039.227003348476, "gamma": 0.0013961497195730914}, "datetime": {"datetime": "2021-09-29 17:57:41", "elapsed": 95.853168, "delta": 0.806005}}
{"target": -42.02537937606965, "params": {"C": 4506.198199685701, "gamma": 0.0011554228993812198}, "datetime": {"datetime": "2021-09-29 17:57:42", "elapsed": 96.725325, "delta": 0.872157}}
{"target": -41.93309446541269, "params": {"C": 3100.780429471599, "gamma": 0.001845574149104986}, "datetime": {"datetime": "2021-09-29 17:57:44", "elapsed": 97.967619, "delta": 1.242294}}
{"target": -42.90894875593044, "params": {"C": 3519.822824039836, "gamma": 0.0008414597552551916}, "datetime": {"datetime": "2021-09-29 17:57:45", "elapsed": 99.729669, "delta": 1.76205}}
{"target": -41.60340465546202, "params": {"C": 4472.334244868804, "gamma": 0.0018864688652107733}, "datetime": {"datetime": "2021-09-29 17:57:46", "elapsed": 100.746353, "delta": 1.016684}}
{"target": -43.70021643618218, "params": {"C": 4503.049742027089, "gamma": 0.00045380895422405686}, "datetime": {"datetime": "2021-09-29 17:57:47", "elapsed": 101.576359, "delta": 0.830006}}
{"target": -43.06301604994074, "params": {"C": 4270.522085104721, "gamma": 0.0006471294509847832}, "datetime": {"datetime": "2021-09-29 17:57:48", "elapsed": 102.316461, "delta": 0.740102}}
{"target": -43.734222849710605, "params": {"C": 2127.891238529224, "gamma": 0.0009230008148715451}, "datetime": {"datetime": "2021-09-29 17:57:49", "elapsed": 103.193465, "delta": 0.877004}}
{"target": -44.79890701094972, "params": {"C": 1565.156211229125, "gamma": 0.0007658419132705902}, "datetime": {"datetime": "2021-09-29 17:57:50", "elapsed": 104.188389, "delta": 0.994924}}
{"target": -42.55827235415593, "params": {"C": 4169.801283465806, "gamma": 0.00086790723879278}, "datetime": {"datetime": "2021-09-29 17:57:51", "elapsed": 105.063455, "delta": 0.875066}}
{"target": -44.63601711396463, "params": {"C": 2250.7963069819116, "gamma": 0.0005747180518713435}, "datetime": {"datetime": "2021-09-29 17:57:51", "elapsed": 105.939479, "delta": 0.876024}}
{"target": -41.86061555439599, "params": {"C": 4424.369004893708, "gamma": 0.0013653189665767394}, "datetime": {"datetime": "2021-09-29 17:57:52", "elapsed": 106.664827, "delta": 0.725348}}
{"target": -45.20224175022815, "params": {"C": 1236.945542586859, "gamma": 0.0008002497408037662}, "datetime": {"datetime": "2021-09-29 17:57:53", "elapsed": 107.634412, "delta": 0.969585}}
{"target": -43.04510544734013, "params": {"C": 3696.436118140635, "gamma": 0.0007482065159058421}, "datetime": {"datetime": "2021-09-29 17:57:54", "elapsed": 108.431921, "delta": 0.797509}}
{"target": -41.87997542258478, "params": {"C": 4768.66761062206, "gamma": 0.001241897098411891}, "datetime": {"datetime": "2021-09-29 17:57:55", "elapsed": 109.097921, "delta": 0.666}}
{"target": -44.59739724725953, "params": {"C": 1387.7635152517453, "gamma": 0.0009529618288947881}, "datetime": {"datetime": "2021-09-29 17:57:55", "elapsed": 109.820961, "delta": 0.72304}}
{"target": -42.556871811688794, "params": {"C": 2240.5297574490232, "gamma": 0.001633879302167868}, "datetime": {"datetime": "2021-09-29 17:57:56", "elapsed": 110.800438, "delta": 0.979477}}
{"target": -45.8331380939813, "params": {"C": 1001.1187168018085, "gamma": 0.0007131606953632444}, "datetime": {"datetime": "2021-09-29 17:57:57", "elapsed": 111.818439, "delta": 1.018001}}
{"target": -42.18968223237922, "params": {"C": 3257.7322270690424, "gamma": 0.0014135562243622482}, "datetime": {"datetime": "2021-09-29 17:57:59", "elapsed": 113.029986, "delta": 1.211547}}
{"target": -43.01131325050381, "params": {"C": 1750.2524491617994, "gamma": 0.0016317662882805704}, "datetime": {"datetime": "2021-09-29 17:58:00", "elapsed": 114.048916, "delta": 1.01893}}
{"target": -41.709227157322445, "params": {"C": 4938.098781785637, "gamma": 0.001448399713201575}, "datetime": {"datetime": "2021-09-29 17:58:00", "elapsed": 114.923951, "delta": 0.875035}}
{"target": -43.05233889065147, "params": {"C": 2211.5459827975146, "gamma": 0.0012456391530006367}, "datetime": {"datetime": "2021-09-29 17:58:01", "elapsed": 115.614947, "delta": 0.690996}}
{"target": -44.68231974767619, "params": {"C": 3592.7989166235197, "gamma": 0.00035699107332231314}, "datetime": {"datetime": "2021-09-29 17:58:02", "elapsed": 116.374414, "delta": 0.759467}}
{"target": -43.11986871833437, "params": {"C": 1793.0832789880644, "gamma": 0.001499064647256684}, "datetime": {"datetime": "2021-09-29 17:58:03", "elapsed": 117.154028, "delta": 0.779614}}
{"target": -41.64607378634341, "params": {"C": 4014.9070280973096, "gamma": 0.0019657724311903215}, "datetime": {"datetime": "2021-09-29 17:58:03", "elapsed": 117.922032, "delta": 0.768004}}
{"target": -41.88031502956432, "params": {"C": 3641.731602545168, "gamma": 0.0016385269572831125}, "datetime": {"datetime": "2021-09-29 17:58:04", "elapsed": 118.819661, "delta": 0.897629}}
{"target": -44.73559829188338, "params": {"C": 1674.7512693412573, "gamma": 0.0007368891353798294}, "datetime": {"datetime": "2021-09-29 17:58:05", "elapsed": 119.667665, "delta": 0.848004}}
{"target": -42.27153457360775, "params": {"C": 2723.031958504916, "gamma": 0.0016073874757445942}, "datetime": {"datetime": "2021-09-29 17:58:06", "elapsed": 120.463071, "delta": 0.795406}}
{"target": -42.688710174676004, "params": {"C": 1996.1182606584462, "gamma": 0.0017052112578178123}, "datetime": {"datetime": "2021-09-29 17:58:07", "elapsed": 121.427027, "delta": 0.963956}}
{"target": -42.80775013054182, "params": {"C": 3336.2297444671085, "gamma": 0.000936127488735802}, "datetime": {"datetime": "2021-09-29 17:58:08", "elapsed": 122.286311, "delta": 0.859284}}
{"target": -42.57615997644996, "params": {"C": 2711.1195160478983, "gamma": 0.0013201760418582805}, "datetime": {"datetime": "2021-09-29 17:58:09", "elapsed": 123.232312, "delta": 0.946001}}
{"target": -41.606379701859474, "params": {"C": 4246.471451070718, "gamma": 0.0019795991266175106}, "datetime": {"datetime": "2021-09-29 17:58:10", "elapsed": 124.220807, "delta": 0.988495}}
{"target": -44.97884096800875, "params": {"C": 4239.968023857491, "gamma": 0.0002644213676788771}, "datetime": {"datetime": "2021-09-29 17:58:11", "elapsed": 124.987959, "delta": 0.767152}}
{"target": -42.671900719781554, "params": {"C": 3083.5791023786487, "gamma": 0.0010929078995402716}, "datetime": {"datetime": "2021-09-29 17:58:11", "elapsed": 125.926537, "delta": 0.938578}}
{"target": -43.951549685917136, "params": {"C": 3418.291043959891, "gamma": 0.0005238883996471643}, "datetime": {"datetime": "2021-09-29 17:58:12", "elapsed": 126.602755, "delta": 0.676218}}
{"target": -42.524556353600445, "params": {"C": 3523.5140482419656, "gamma": 0.0010432919999474998}, "datetime": {"datetime": "2021-09-29 17:58:13", "elapsed": 127.436381, "delta": 0.833626}}
{"target": -43.783973159585024, "params": {"C": 3828.296043627199, "gamma": 0.0005081193066812659}, "datetime": {"datetime": "2021-09-29 17:58:14", "elapsed": 128.547703, "delta": 1.111322}}
{"target": -44.395883736800585, "params": {"C": 4502.975873484966, "gamma": 0.00032892879697747656}, "datetime": {"datetime": "2021-09-29 17:58:15", "elapsed": 129.515702, "delta": 0.967999}}
{"target": -41.6420885809047, "params": {"C": 4501.750577847564, "gamma": 0.00175570062367868}, "datetime": {"datetime": "2021-09-29 17:58:16", "elapsed": 130.541059, "delta": 1.025357}}
{"target": -44.14483704817985, "params": {"C": 3828.2925629387482, "gamma": 0.00043055572881533534}, "datetime": {"datetime": "2021-09-29 17:58:17", "elapsed": 131.489061, "delta": 0.948002}}
{"target": -43.559754253550445, "params": {"C": 4485.993849928102, "gamma": 0.00048632847454760787}, "datetime": {"datetime": "2021-09-29 17:58:18", "elapsed": 132.548881, "delta": 1.05982}}
{"target": -44.576110130652125, "params": {"C": 1892.8955676487244, "gamma": 0.0007019909849844471}, "datetime": {"datetime": "2021-09-29 17:58:19", "elapsed": 133.334884, "delta": 0.786003}}
{"target": -41.65842952523558, "params": {"C": 4232.459967718929, "gamma": 0.0018259695461507327}, "datetime": {"datetime": "2021-09-29 17:58:20", "elapsed": 134.203181, "delta": 0.868297}}
{"target": -42.52938425582313, "params": {"C": 4587.501474591712, "gamma": 0.0008067092508680293}, "datetime": {"datetime": "2021-09-29 17:58:20", "elapsed": 134.941179, "delta": 0.737998}}
{"target": -42.56683966630725, "params": {"C": 4246.470003540668, "gamma": 0.0008487514798621281}, "datetime": {"datetime": "2021-09-29 17:58:22", "elapsed": 136.007915, "delta": 1.066736}}
{"target": -41.81011561711135, "params": {"C": 4039.2328919771007, "gamma": 0.0015817832256787903}, "datetime": {"datetime": "2021-09-29 17:58:22", "elapsed": 136.823502, "delta": 0.815587}}
{"target": -41.8408716337727, "params": {"C": 4179.28179093542, "gamma": 0.0014773009007574684}, "datetime": {"datetime": "2021-09-29 17:58:23", "elapsed": 137.581515, "delta": 0.758013}}
{"target": -43.152403745999116, "params": {"C": 4309.278107141112, "gamma": 0.0006137930400791837}, "datetime": {"datetime": "2021-09-29 17:58:24", "elapsed": 138.385983, "delta": 0.804468}}
{"target": -42.721639301701316, "params": {"C": 4502.559407157083, "gamma": 0.0007363582645269234}, "datetime": {"datetime": "2021-09-29 17:58:25", "elapsed": 139.343578, "delta": 0.957595}}
{"target": -44.81343442068857, "params": {"C": 4345.553633199775, "gamma": 0.00027962261643382883}, "datetime": {"datetime": "2021-09-29 17:58:26", "elapsed": 140.788248, "delta": 1.44467}}
{"target": -44.57476643428196, "params": {"C": 2598.918418958341, "gamma": 0.0005133674019738268}, "datetime": {"datetime": "2021-09-29 17:58:27", "elapsed": 141.720242, "delta": 0.931994}}
{"target": -41.53975801632338, "params": {"C": 4916.728746930472, "gamma": 0.0019587164434388387}, "datetime": {"datetime": "2021-09-29 17:58:28", "elapsed": 142.698252, "delta": 0.97801}}
{"target": -44.86927066978076, "params": {"C": 4343.875419541377, "gamma": 0.00027235370934268656}, "datetime": {"datetime": "2021-09-29 17:58:29", "elapsed": 143.829238, "delta": 1.130986}}
{"target": -42.22060090944473, "params": {"C": 4246.475368532997, "gamma": 0.0010571009354791287}, "datetime": {"datetime": "2021-09-29 17:58:30", "elapsed": 144.793424, "delta": 0.964186}}
{"target": -41.97284329498069, "params": {"C": 3660.6360435486927, "gamma": 0.0014933630975845077}, "datetime": {"datetime": "2021-09-29 17:58:31", "elapsed": 145.557457, "delta": 0.764033}}
{"target": -45.16670509701408, "params": {"C": 1541.496128967585, "gamma": 0.000651341484140647}, "datetime": {"datetime": "2021-09-29 17:58:32", "elapsed": 146.385004, "delta": 0.827547}}
{"target": -41.73048690598089, "params": {"C": 4333.692310258573, "gamma": 0.0016136501428736455}, "datetime": {"datetime": "2021-09-29 17:58:33", "elapsed": 147.240862, "delta": 0.855858}}
{"target": -41.67769568927244, "params": {"C": 4476.757695702885, "gamma": 0.001674151730769559}, "datetime": {"datetime": "2021-09-29 17:58:34", "elapsed": 148.145386, "delta": 0.904524}}
{"target": -42.99760178781653, "params": {"C": 4938.096584065072, "gamma": 0.0005853554987443715}, "datetime": {"datetime": "2021-09-29 17:58:35", "elapsed": 149.143901, "delta": 0.998515}}
{"target": -44.34866645321346, "params": {"C": 4246.477572609505, "gamma": 0.00035538023153867894}, "datetime": {"datetime": "2021-09-29 17:58:36", "elapsed": 150.269183, "delta": 1.125282}}
{"target": -41.922319099173286, "params": {"C": 4472.070670923293, "gamma": 0.0012729063344852614}, "datetime": {"datetime": "2021-09-29 17:58:37", "elapsed": 151.334691, "delta": 1.065508}}
{"target": -45.22195050957174, "params": {"C": 4502.886400609163, "gamma": 0.00022132856885204692}, "datetime": {"datetime": "2021-09-29 17:58:38", "elapsed": 152.410564, "delta": 1.075873}}
{"target": -42.26647608422036, "params": {"C": 3213.8241728905214, "gamma": 0.0013557206159705187}, "datetime": {"datetime": "2021-09-29 17:58:39", "elapsed": 153.241523, "delta": 0.830959}}
{"target": -44.01175688409168, "params": {"C": 1688.6648551063345, "gamma": 0.0010256579666671416}, "datetime": {"datetime": "2021-09-29 17:58:40", "elapsed": 154.025007, "delta": 0.783484}}
{"target": -41.58946387004188, "params": {"C": 4932.9555822795355, "gamma": 0.0017493163577925505}, "datetime": {"datetime": "2021-09-29 17:58:40", "elapsed": 154.784017, "delta": 0.75901}}
{"target": -41.848093201953965, "params": {"C": 4345.6212449020695, "gamma": 0.0014084328347213327}, "datetime": {"datetime": "2021-09-29 17:58:41", "elapsed": 155.93901, "delta": 1.154993}}
{"target": -41.765248399360445, "params": {"C": 4424.48278143049, "gamma": 0.0015137556030280382}, "datetime": {"datetime": "2021-09-29 17:58:42", "elapsed": 156.746626, "delta": 0.807616}}
{"target": -41.97757801349395, "params": {"C": 4337.27411268687, "gamma": 0.0012496054359041199}, "datetime": {"datetime": "2021-09-29 17:58:43", "elapsed": 157.641396, "delta": 0.89477}}
{"target": -44.46542283127265, "params": {"C": 2530.9458010014996, "gamma": 0.0005540525909594737}, "datetime": {"datetime": "2021-09-29 17:58:44", "elapsed": 158.407067, "delta": 0.765671}}
{"target": -42.08677794080575, "params": {"C": 3257.735981342061, "gamma": 0.0015313532362110681}, "datetime": {"datetime": "2021-09-29 17:58:45", "elapsed": 159.648026, "delta": 1.240959}}
{"target": -41.63833211006485, "params": {"C": 4297.892905384253, "gamma": 0.0018535553044834571}, "datetime": {"datetime": "2021-09-29 17:58:46", "elapsed": 160.418654, "delta": 0.770628}}
{"target": -44.56587959678756, "params": {"C": 3518.613921317385, "gamma": 0.00038449204975601816}, "datetime": {"datetime": "2021-09-29 17:58:47", "elapsed": 161.277231, "delta": 0.858577}}
{"target": -42.68774772990118, "params": {"C": 4424.371478173896, "gamma": 0.0007625388839220852}, "datetime": {"datetime": "2021-09-29 17:58:48", "elapsed": 162.474135, "delta": 1.196904}}
{"target": -42.45991422440814, "params": {"C": 2630.2334369900145, "gamma": 0.001466247623072618}, "datetime": {"datetime": "2021-09-29 17:58:49", "elapsed": 163.338135, "delta": 0.864}}
{"target": -42.89519476312331, "params": {"C": 3258.6859137334377, "gamma": 0.0009139432965205882}, "datetime": {"datetime": "2021-09-29 17:58:50", "elapsed": 164.271288, "delta": 0.933153}}
{"target": -41.67327047492667, "params": {"C": 4472.335313645828, "gamma": 0.0016865560568945397}, "datetime": {"datetime": "2021-09-29 17:58:51", "elapsed": 165.19629, "delta": 0.925002}}
{"target": -42.23511526732119, "params": {"C": 2354.051458914056, "gamma": 0.0019297168874507636}, "datetime": {"datetime": "2021-09-29 17:58:52", "elapsed": 166.364477, "delta": 1.168187}}
{"target": -43.099319251016674, "params": {"C": 4501.75031606523, "gamma": 0.0006052172104313601}, "datetime": {"datetime": "2021-09-29 17:58:53", "elapsed": 167.232256, "delta": 0.867779}}
{"target": -45.45038604959949, "params": {"C": 3533.0655419471295, "gamma": 0.00024946465873678666}, "datetime": {"datetime": "2021-09-29 17:58:54", "elapsed": 168.139204, "delta": 0.906948}}
{"target": -42.092193112995155, "params": {"C": 4587.499302250799, "gamma": 0.0010768950957970775}, "datetime": {"datetime": "2021-09-29 17:58:55", "elapsed": 169.431982, "delta": 1.292778}}
{"target": -42.02237104259017, "params": {"C": 3117.656100592805, "gamma": 0.0016928919133690165}, "datetime": {"datetime": "2021-09-29 17:58:56", "elapsed": 170.360132, "delta": 0.92815}}
{"target": -44.62830921993897, "params": {"C": 3213.8212756619214, "gamma": 0.00040754140397757435}, "datetime": {"datetime": "2021-09-29 17:58:57", "elapsed": 171.347165, "delta": 0.987033}}
{"target": -41.62022206234642, "params": {"C": 4720.976795588486, "gamma": 0.001731777113293422}, "datetime": {"datetime": "2021-09-29 17:58:58", "elapsed": 172.171688, "delta": 0.824523}}
{"target": -43.10317810251049, "params": {"C": 2341.158392958214, "gamma": 0.0011432631428791402}, "datetime": {"datetime": "2021-09-29 17:58:59", "elapsed": 173.061615, "delta": 0.889927}}
{"target": -44.33393119552183, "params": {"C": 2358.2571095313524, "gamma": 0.0006308538168121274}, "datetime": {"datetime": "2021-09-29 17:59:00", "elapsed": 174.016473, "delta": 0.954858}}
{"target": -44.23251076991523, "params": {"C": 1414.193947646294, "gamma": 0.001110767721065953}, "datetime": {"datetime": "2021-09-29 17:59:00", "elapsed": 174.8821, "delta": 0.865627}}
{"target": -44.4150015788417, "params": {"C": 3095.606755147355, "gamma": 0.00046620728842122685}, "datetime": {"datetime": "2021-09-29 17:59:01", "elapsed": 175.91209, "delta": 1.02999}}
{"target": -41.85735695578328, "params": {"C": 4246.465777950892, "gamma": 0.0014287475416292108}, "datetime": {"datetime": "2021-09-29 17:59:02", "elapsed": 176.855278, "delta": 0.943188}}
{"target": -42.86800878729374, "params": {"C": 3184.0305471153356, "gamma": 0.0009488253137309684}, "datetime": {"datetime": "2021-09-29 17:59:03", "elapsed": 177.705279, "delta": 0.850001}}
{"target": -41.58136965737009, "params": {"C": 4615.687537674575, "gamma": 0.001903481618444074}, "datetime": {"datetime": "2021-09-29 17:59:04", "elapsed": 178.538786, "delta": 0.833507}}
{"target": -41.962996081555865, "params": {"C": 4039.2314681590874, "gamma": 0.0013607189587291244}, "datetime": {"datetime": "2021-09-29 17:59:05", "elapsed": 179.554753, "delta": 1.015967}}
{"target": -43.91235812109649, "params": {"C": 4506.318502802827, "gamma": 0.00041102124382061845}, "datetime": {"datetime": "2021-09-29 17:59:06", "elapsed": 180.52961, "delta": 0.974857}}
{"target": -42.61828850353312, "params": {"C": 3849.3424110387286, "gamma": 0.0009051505060253138}, "datetime": {"datetime": "2021-09-29 17:59:07", "elapsed": 181.478669, "delta": 0.949059}}
{"target": -45.95606112555182, "params": {"C": 1438.1762976512307, "gamma": 0.0004613740312598536}, "datetime": {"datetime": "2021-09-29 17:59:08", "elapsed": 182.315841, "delta": 0.837172}}
{"target": -43.49015304168795, "params": {"C": 4511.161823522318, "gamma": 0.0004999566941977981}, "datetime": {"datetime": "2021-09-29 17:59:09", "elapsed": 183.414664, "delta": 1.098823}}
{"target": -42.27693953799064, "params": {"C": 3096.8904550031275, "gamma": 0.0013985284213267816}, "datetime": {"datetime": "2021-09-29 17:59:10", "elapsed": 184.337842, "delta": 0.923178}}
{"target": -45.13435883232304, "params": {"C": 3641.734285951743, "gamma": 0.00028389703204746296}, "datetime": {"datetime": "2021-09-29 17:59:11", "elapsed": 185.505841, "delta": 1.167999}}
{"target": -43.82897948420565, "params": {"C": 4626.107291499358, "gamma": 0.0004168998178694478}, "datetime": {"datetime": "2021-09-29 17:59:12", "elapsed": 186.541385, "delta": 1.035544}}
{"target": -44.11737929628114, "params": {"C": 4342.021686203261, "gamma": 0.0003871696237399347}, "datetime": {"datetime": "2021-09-29 17:59:13", "elapsed": 187.938748, "delta": 1.397363}}
{"target": -41.61848724033555, "params": {"C": 4468.097580027023, "gamma": 0.0018392040587735118}, "datetime": {"datetime": "2021-09-29 17:59:15", "elapsed": 189.463157, "delta": 1.524409}}
{"target": -41.93133904309928, "params": {"C": 3967.072633092105, "gamma": 0.0014267084056435871}, "datetime": {"datetime": "2021-09-29 17:59:16", "elapsed": 190.521747, "delta": 1.05859}}
{"target": -44.94211203611563, "params": {"C": 3998.5168007563525, "gamma": 0.00028478260108414516}, "datetime": {"datetime": "2021-09-29 17:59:17", "elapsed": 191.772745, "delta": 1.250998}}
{"target": -41.679460731201324, "params": {"C": 3828.2192431890494, "gamma": 0.0019670003010866786}, "datetime": {"datetime": "2021-09-29 17:59:20", "elapsed": 194.03101, "delta": 2.258265}}
{"target": -43.169864386566616, "params": {"C": 4510.09112763369, "gamma": 0.000583448799053699}, "datetime": {"datetime": "2021-09-29 17:59:22", "elapsed": 195.983732, "delta": 1.952722}}
{"target": -42.51507041729315, "params": {"C": 3524.2656525323023, "gamma": 0.0010490949691477724}, "datetime": {"datetime": "2021-09-29 17:59:23", "elapsed": 197.249284, "delta": 1.265552}}
{"target": -42.28264048202903, "params": {"C": 3242.638772494701, "gamma": 0.0013280450522133275}, "datetime": {"datetime": "2021-09-29 17:59:25", "elapsed": 199.319301, "delta": 2.070017}}
{"target": -42.12255766993548, "params": {"C": 3272.8726315114895, "gamma": 0.0014809912849154132}, "datetime": {"datetime": "2021-09-29 17:59:27", "elapsed": 201.383815, "delta": 2.064514}}
{"target": -43.76290887086548, "params": {"C": 4489.1392586046695, "gamma": 0.0004420390857469185}, "datetime": {"datetime": "2021-09-29 17:59:29", "elapsed": 203.295027, "delta": 1.911212}}
{"target": -45.05474522238203, "params": {"C": 3523.734061701179, "gamma": 0.00030470563147142463}, "datetime": {"datetime": "2021-09-29 17:59:31", "elapsed": 204.959952, "delta": 1.664925}}
{"target": -42.126351222320444, "params": {"C": 4472.261620389026, "gamma": 0.0010757981126517518}, "datetime": {"datetime": "2021-09-29 17:59:33", "elapsed": 206.973819, "delta": 2.013867}}
{"target": -43.57389903739649, "params": {"C": 1544.321606095757, "gamma": 0.0013916933399547818}, "datetime": {"datetime": "2021-09-29 17:59:34", "elapsed": 208.791281, "delta": 1.817462}}
{"target": -43.49914697806052, "params": {"C": 4297.890446420491, "gamma": 0.0005206733466100128}, "datetime": {"datetime": "2021-09-29 17:59:36", "elapsed": 210.049828, "delta": 1.258547}}
{"target": -43.868749732608016, "params": {"C": 4380.437986876262, "gamma": 0.00043061296281673154}, "datetime": {"datetime": "2021-09-29 17:59:37", "elapsed": 211.523831, "delta": 1.474003}}
{"target": -43.95545368346278, "params": {"C": 4329.664527758909, "gamma": 0.00041826063770536513}, "datetime": {"datetime": "2021-09-29 17:59:39", "elapsed": 213.043039, "delta": 1.519208}}
{"target": -42.673300004349045, "params": {"C": 2196.069015578147, "gamma": 0.001553790829906241}, "datetime": {"datetime": "2021-09-29 17:59:40", "elapsed": 214.083002, "delta": 1.039963}}
