{"target": -43.59628851033378, "params": {"C": 19820.88831830497, "gamma": 0.04393673509428104}, "datetime": {"datetime": "2021-09-29 20:04:04", "elapsed": 41.684723, "delta": 0.510995}}
{"target": -41.14607399670229, "params": {"C": 10829.148296302976, "gamma": 0.024358795704864936}, "datetime": {"datetime": "2021-09-29 20:04:04", "elapsed": 42.253695, "delta": 0.568972}}
{"target": -41.731625502189914, "params": {"C": 11269.130883094142, "gamma": 0.0058293468627131865}, "datetime": {"datetime": "2021-09-29 20:04:05", "elapsed": 42.824691, "delta": 0.570996}}
{"target": -42.16069062070357, "params": {"C": 19588.975650094697, "gamma": 0.029465207260604576}, "datetime": {"datetime": "2021-09-29 20:04:05", "elapsed": 43.343129, "delta": 0.518438}}
{"target": -41.00399997516143, "params": {"C": 10512.300139470452, "gamma": 0.018407569211240985}, "datetime": {"datetime": "2021-09-29 20:04:06", "elapsed": 43.930127, "delta": 0.586998}}
{"target": -42.48121605690513, "params": {"C": 15553.95225042239, "gamma": 0.03752837537407551}, "datetime": {"datetime": "2021-09-29 20:04:07", "elapsed": 44.682444, "delta": 0.752317}}
{"target": -42.234845199445346, "params": {"C": 10825.65365447293, "gamma": 0.04283022748945335}, "datetime": {"datetime": "2021-09-29 20:04:07", "elapsed": 45.297445, "delta": 0.615001}}
{"target": -42.01610983950829, "params": {"C": 15873.157061569727, "gamma": 0.03154827159796559}, "datetime": {"datetime": "2021-09-29 20:04:08", "elapsed": 45.903116, "delta": 0.605671}}
{"target": -41.11043256255551, "params": {"C": 15555.353479309746, "gamma": 0.013799040843946134}, "datetime": {"datetime": "2021-09-29 20:04:08", "elapsed": 46.423835, "delta": 0.520719}}
{"target": -41.42091210708034, "params": {"C": 18788.472726828382, "gamma": 0.00827564336921673}, "datetime": {"datetime": "2021-09-29 20:04:09", "elapsed": 46.929836, "delta": 0.506001}}
{"target": -42.35258336821195, "params": {"C": 12886.256360220666, "gamma": 0.04019448730395114}, "datetime": {"datetime": "2021-09-29 20:04:09", "elapsed": 47.412836, "delta": 0.483}}
{"target": -42.93991216571812, "params": {"C": 18768.20489023794, "gamma": 0.03850976238963612}, "datetime": {"datetime": "2021-09-29 20:04:10", "elapsed": 47.905838, "delta": 0.493002}}
{"target": -42.5999601337831, "params": {"C": 14402.721040978273, "gamma": 0.04070007060714282}, "datetime": {"datetime": "2021-09-29 20:04:10", "elapsed": 48.413618, "delta": 0.50778}}
{"target": -41.293375248246846, "params": {"C": 10505.732427995734, "gamma": 0.028200594907186786}, "datetime": {"datetime": "2021-09-29 20:04:11", "elapsed": 48.941578, "delta": 0.52796}}
{"target": -42.16818385766622, "params": {"C": 10828.692507619842, "gamma": 0.04184383533512522}, "datetime": {"datetime": "2021-09-29 20:04:12", "elapsed": 49.777578, "delta": 0.836}}
{"target": -41.0169812123651, "params": {"C": 10601.263694479243, "gamma": 0.019952430817825613}, "datetime": {"datetime": "2021-09-29 20:04:12", "elapsed": 50.447839, "delta": 0.670261}}
{"target": -41.9873473292688, "params": {"C": 18794.740133904717, "gamma": 0.02824593709641373}, "datetime": {"datetime": "2021-09-29 20:04:13", "elapsed": 51.035841, "delta": 0.588002}}
{"target": -41.97841976680017, "params": {"C": 12374.041357600587, "gamma": 0.0035821136305612647}, "datetime": {"datetime": "2021-09-29 20:04:14", "elapsed": 51.845836, "delta": 0.809995}}
{"target": -41.74591854319309, "params": {"C": 10962.753552779086, "gamma": 0.03518888285991919}, "datetime": {"datetime": "2021-09-29 20:04:15", "elapsed": 52.609314, "delta": 0.763478}}
{"target": -41.2842692321636, "params": {"C": 12552.994788240168, "gamma": 0.024905964468896195}, "datetime": {"datetime": "2021-09-29 20:04:15", "elapsed": 53.147312, "delta": 0.537998}}
{"target": -41.07871968452428, "params": {"C": 10508.419890330055, "gamma": 0.02295011286288433}, "datetime": {"datetime": "2021-09-29 20:04:16", "elapsed": 53.816313, "delta": 0.669001}}
{"target": -42.65399084375017, "params": {"C": 14368.665345676953, "gamma": 0.04141649284005598}, "datetime": {"datetime": "2021-09-29 20:04:16", "elapsed": 54.309268, "delta": 0.492955}}
{"target": -41.09502954603113, "params": {"C": 10838.562692430554, "gamma": 0.01386690090218727}, "datetime": {"datetime": "2021-09-29 20:04:17", "elapsed": 54.90326, "delta": 0.593992}}
{"target": -41.07996259802914, "params": {"C": 10482.710229526712, "gamma": 0.014252772031570615}, "datetime": {"datetime": "2021-09-29 20:04:17", "elapsed": 55.475881, "delta": 0.572621}}
{"target": -42.365087731080195, "params": {"C": 10829.594532501898, "gamma": 0.044720619797885885}, "datetime": {"datetime": "2021-09-29 20:04:18", "elapsed": 56.043883, "delta": 0.568002}}
{"target": -41.28923148834341, "params": {"C": 15557.334607122404, "gamma": 0.02164898213317336}, "datetime": {"datetime": "2021-09-29 20:04:19", "elapsed": 56.584097, "delta": 0.540214}}
{"target": -42.47991944261107, "params": {"C": 13289.568388639067, "gamma": 0.04111663598986557}, "datetime": {"datetime": "2021-09-29 20:04:19", "elapsed": 57.159098, "delta": 0.575001}}
{"target": -43.29324798719446, "params": {"C": 14859.031952683785, "gamma": 0.048213591216627195}, "datetime": {"datetime": "2021-09-29 20:04:20", "elapsed": 57.753097, "delta": 0.593999}}
{"target": -41.13031494367397, "params": {"C": 12914.095675956203, "gamma": 0.012966841582857398}, "datetime": {"datetime": "2021-09-29 20:04:20", "elapsed": 58.440257, "delta": 0.68716}}
{"target": -42.03488459697077, "params": {"C": 15656.882411887036, "gamma": 0.03203576277580915}, "datetime": {"datetime": "2021-09-29 20:04:21", "elapsed": 59.043254, "delta": 0.602997}}
{"target": -41.029779844700464, "params": {"C": 11038.60148475502, "gamma": 0.01981722126406351}, "datetime": {"datetime": "2021-09-29 20:04:22", "elapsed": 59.612255, "delta": 0.569001}}
{"target": -41.62184930315256, "params": {"C": 13585.939754924635, "gamma": 0.02913041475228838}, "datetime": {"datetime": "2021-09-29 20:04:22", "elapsed": 60.143257, "delta": 0.531002}}
{"target": -40.99814914322095, "params": {"C": 10234.030635193914, "gamma": 0.0182187609275338}, "datetime": {"datetime": "2021-09-29 20:04:23", "elapsed": 60.701168, "delta": 0.557911}}
{"target": -41.206931675853795, "params": {"C": 15505.088505605469, "gamma": 0.011297027990637972}, "datetime": {"datetime": "2021-09-29 20:04:23", "elapsed": 61.327129, "delta": 0.625961}}
{"target": -41.88130979539028, "params": {"C": 17484.702370954557, "gamma": 0.028210696036461765}, "datetime": {"datetime": "2021-09-29 20:04:24", "elapsed": 61.886131, "delta": 0.559002}}
{"target": -41.27350945476399, "params": {"C": 14935.309123927796, "gamma": 0.010329297303558842}, "datetime": {"datetime": "2021-09-29 20:04:24", "elapsed": 62.456308, "delta": 0.570177}}
{"target": -41.772336417977975, "params": {"C": 12877.001539138493, "gamma": 0.03230512836544026}, "datetime": {"datetime": "2021-09-29 20:04:25", "elapsed": 63.135263, "delta": 0.678955}}
{"target": -41.63620979570042, "params": {"C": 17563.7598346975, "gamma": 0.006383350549450612}, "datetime": {"datetime": "2021-09-29 20:04:26", "elapsed": 63.730626, "delta": 0.595363}}
{"target": -42.38220998212361, "params": {"C": 10233.57469693247, "gamma": 0.0016340657711304302}, "datetime": {"datetime": "2021-09-29 20:04:26", "elapsed": 64.359048, "delta": 0.628422}}
{"target": -41.227967334490984, "params": {"C": 18229.565671532924, "gamma": 0.010762415375367367}, "datetime": {"datetime": "2021-09-29 20:04:27", "elapsed": 64.925533, "delta": 0.566485}}
{"target": -42.145959636807504, "params": {"C": 14257.663188190429, "gamma": 0.03527886210035493}, "datetime": {"datetime": "2021-09-29 20:04:27", "elapsed": 65.466203, "delta": 0.54067}}
{"target": -41.286968865468786, "params": {"C": 15022.298283670607, "gamma": 0.022125339747921753}, "datetime": {"datetime": "2021-09-29 20:04:28", "elapsed": 66.022199, "delta": 0.555996}}
{"target": -41.83027138355014, "params": {"C": 17511.80607532993, "gamma": 0.004751285381258489}, "datetime": {"datetime": "2021-09-29 20:04:29", "elapsed": 66.583414, "delta": 0.561215}}
{"target": -41.10019306527334, "params": {"C": 14541.282697333023, "gamma": 0.017751223478124342}, "datetime": {"datetime": "2021-09-29 20:04:29", "elapsed": 67.14341, "delta": 0.559996}}
{"target": -41.075623911696674, "params": {"C": 14061.645592320381, "gamma": 0.01684490751813059}, "datetime": {"datetime": "2021-09-29 20:04:30", "elapsed": 67.729411, "delta": 0.586001}}
{"target": -43.237443578978734, "params": {"C": 17986.11843707974, "gamma": 0.0426176225198855}, "datetime": {"datetime": "2021-09-29 20:04:30", "elapsed": 68.358571, "delta": 0.62916}}
{"target": -41.8610990986289, "params": {"C": 15655.958599693979, "gamma": 0.029864708404850282}, "datetime": {"datetime": "2021-09-29 20:04:31", "elapsed": 69.092554, "delta": 0.733983}}
{"target": -41.569726198862085, "params": {"C": 18734.572688401717, "gamma": 0.006895576018107568}, "datetime": {"datetime": "2021-09-29 20:04:32", "elapsed": 69.888551, "delta": 0.795997}}
{"target": -41.56082810332594, "params": {"C": 11320.982634591239, "gamma": 0.007471333273277048}, "datetime": {"datetime": "2021-09-29 20:04:33", "elapsed": 70.588998, "delta": 0.700447}}
{"target": -42.614115471588285, "params": {"C": 13749.623738976918, "gamma": 0.04199309120916575}, "datetime": {"datetime": "2021-09-29 20:04:33", "elapsed": 71.281002, "delta": 0.692004}}
{"target": -42.354216263110004, "params": {"C": 11558.98649774399, "gamma": 0.04287699043200232}, "datetime": {"datetime": "2021-09-29 20:04:34", "elapsed": 72.045999, "delta": 0.764997}}
{"target": -41.54275444954247, "params": {"C": 18509.374367755394, "gamma": 0.023087744792369948}, "datetime": {"datetime": "2021-09-29 20:04:35", "elapsed": 72.714253, "delta": 0.668254}}
{"target": -41.141625306355614, "params": {"C": 17642.49972544334, "gamma": 0.012898000218877378}, "datetime": {"datetime": "2021-09-29 20:04:35", "elapsed": 73.391265, "delta": 0.677012}}
{"target": -41.31767994184805, "params": {"C": 13242.9108618684, "gamma": 0.02465924976738971}, "datetime": {"datetime": "2021-09-29 20:04:36", "elapsed": 73.983251, "delta": 0.591986}}
{"target": -42.382952070191145, "params": {"C": 18503.881894182956, "gamma": 0.032890098639402995}, "datetime": {"datetime": "2021-09-29 20:04:37", "elapsed": 74.655989, "delta": 0.672738}}
{"target": -41.47980132643517, "params": {"C": 18169.087792579303, "gamma": 0.007745594228688064}, "datetime": {"datetime": "2021-09-29 20:04:37", "elapsed": 75.281948, "delta": 0.625959}}
{"target": -41.80081656333573, "params": {"C": 13149.22416993294, "gamma": 0.03230244904121649}, "datetime": {"datetime": "2021-09-29 20:04:38", "elapsed": 75.961855, "delta": 0.679907}}
{"target": -42.74388698744811, "params": {"C": 14432.8734141405, "gamma": 0.042402047342621506}, "datetime": {"datetime": "2021-09-29 20:04:39", "elapsed": 76.551535, "delta": 0.58968}}
{"target": -42.1060812927732, "params": {"C": 18002.984639817107, "gamma": 0.002396562964202058}, "datetime": {"datetime": "2021-09-29 20:04:39", "elapsed": 77.199524, "delta": 0.647989}}
{"target": -41.35671510043168, "params": {"C": 14804.898683266762, "gamma": 0.02358870371829501}, "datetime": {"datetime": "2021-09-29 20:04:40", "elapsed": 78.065623, "delta": 0.866099}}
{"target": -41.21856337890487, "params": {"C": 15788.199554329221, "gamma": 0.02001286047756329}, "datetime": {"datetime": "2021-09-29 20:04:41", "elapsed": 78.698276, "delta": 0.632653}}
{"target": -41.35222783436278, "params": {"C": 16587.864252652587, "gamma": 0.021826760818337596}, "datetime": {"datetime": "2021-09-29 20:04:41", "elapsed": 79.349274, "delta": 0.650998}}
{"target": -41.034423418187, "params": {"C": 11267.897287721662, "gamma": 0.016027783707699788}, "datetime": {"datetime": "2021-09-29 20:04:42", "elapsed": 80.162428, "delta": 0.813154}}
{"target": -41.067670924192804, "params": {"C": 13487.701288775423, "gamma": 0.015400862121449681}, "datetime": {"datetime": "2021-09-29 20:04:43", "elapsed": 80.845353, "delta": 0.682925}}
{"target": -41.88951292479835, "params": {"C": 10783.872031677201, "gamma": 0.03776740373379268}, "datetime": {"datetime": "2021-09-29 20:04:43", "elapsed": 81.500363, "delta": 0.65501}}
{"target": -41.4415800110511, "params": {"C": 11315.492403510249, "gamma": 0.029589383402887005}, "datetime": {"datetime": "2021-09-29 20:04:44", "elapsed": 82.136363, "delta": 0.636}}
{"target": -43.003830607865204, "params": {"C": 17929.669462224254, "gamma": 0.04020664172665462}, "datetime": {"datetime": "2021-09-29 20:04:45", "elapsed": 82.826572, "delta": 0.690209}}
{"target": -43.35539924399793, "params": {"C": 15344.558278805584, "gamma": 0.04804714008031852}, "datetime": {"datetime": "2021-09-29 20:04:45", "elapsed": 83.513573, "delta": 0.687001}}
{"target": -41.522143736189854, "params": {"C": 10234.313777162068, "gamma": 0.03294312654062867}, "datetime": {"datetime": "2021-09-29 20:04:46", "elapsed": 84.340114, "delta": 0.826541}}
{"target": -42.048992874862364, "params": {"C": 15445.171106085763, "gamma": 0.03246838144350914}, "datetime": {"datetime": "2021-09-29 20:04:47", "elapsed": 85.002116, "delta": 0.662002}}
{"target": -42.08128097800963, "params": {"C": 12878.01777240765, "gamma": 0.03658999599650501}, "datetime": {"datetime": "2021-09-29 20:04:48", "elapsed": 85.825453, "delta": 0.823337}}
{"target": -41.557089689280936, "params": {"C": 12158.85294843858, "gamma": 0.030165660709435237}, "datetime": {"datetime": "2021-09-29 20:04:49", "elapsed": 86.565716, "delta": 0.740263}}
{"target": -41.047923827152886, "params": {"C": 10514.292631597818, "gamma": 0.0218033656456248}, "datetime": {"datetime": "2021-09-29 20:04:49", "elapsed": 87.494715, "delta": 0.928999}}
{"target": -43.70456257908065, "params": {"C": 19576.614977044366, "gamma": 0.045335509082182854}, "datetime": {"datetime": "2021-09-29 20:04:50", "elapsed": 88.194771, "delta": 0.700056}}
{"target": -41.6437619923504, "params": {"C": 11095.030992461798, "gamma": 0.03332607697762797}, "datetime": {"datetime": "2021-09-29 20:04:51", "elapsed": 88.984493, "delta": 0.789722}}
{"target": -41.84300677185032, "params": {"C": 10512.764489062689, "gamma": 0.037624819020170217}, "datetime": {"datetime": "2021-09-29 20:04:52", "elapsed": 90.013914, "delta": 1.029421}}
{"target": -41.08152414600511, "params": {"C": 11267.474597441176, "gamma": 0.01421323764820516}, "datetime": {"datetime": "2021-09-29 20:04:53", "elapsed": 90.867642, "delta": 0.853728}}
{"target": -43.733714948805876, "params": {"C": 17997.989416621065, "gamma": 0.04785423480722747}, "datetime": {"datetime": "2021-09-29 20:04:54", "elapsed": 91.552645, "delta": 0.685003}}
{"target": -41.08144071692059, "params": {"C": 10874.634859243972, "gamma": 0.02240529744476321}, "datetime": {"datetime": "2021-09-29 20:04:54", "elapsed": 92.287645, "delta": 0.735}}
{"target": -41.31802395573143, "params": {"C": 11935.641589915564, "gamma": 0.026405832602155888}, "datetime": {"datetime": "2021-09-29 20:04:55", "elapsed": 93.03291, "delta": 0.745265}}
{"target": -42.23649304502437, "params": {"C": 15555.999892828924, "gamma": 0.03461287547835122}, "datetime": {"datetime": "2021-09-29 20:04:56", "elapsed": 93.956874, "delta": 0.923964}}
{"target": -42.15410824464185, "params": {"C": 14369.505335839618, "gamma": 0.035220193499200456}, "datetime": {"datetime": "2021-09-29 20:04:57", "elapsed": 94.65697, "delta": 0.700096}}
{"target": -41.345916098483, "params": {"C": 11274.87139927254, "gamma": 0.00980848584599536}, "datetime": {"datetime": "2021-09-29 20:04:58", "elapsed": 95.541705, "delta": 0.884735}}
{"target": -42.71005241225945, "params": {"C": 18528.751472644726, "gamma": 0.03636650919377107}, "datetime": {"datetime": "2021-09-29 20:04:58", "elapsed": 96.282708, "delta": 0.741003}}
{"target": -41.945963984421276, "params": {"C": 10848.300152557698, "gamma": 0.038489263546658284}, "datetime": {"datetime": "2021-09-29 20:04:59", "elapsed": 97.06296, "delta": 0.780252}}
{"target": -42.05150408748584, "params": {"C": 14824.750647719258, "gamma": 0.002893874539278865}, "datetime": {"datetime": "2021-09-29 20:05:00", "elapsed": 98.083924, "delta": 1.020964}}
{"target": -41.471345033626434, "params": {"C": 10180.71797396058, "gamma": 0.03215402801468051}, "datetime": {"datetime": "2021-09-29 20:05:01", "elapsed": 98.962622, "delta": 0.878698}}
{"target": -41.47985357210236, "params": {"C": 10779.875270062346, "gamma": 0.008358115418864644}, "datetime": {"datetime": "2021-09-29 20:05:02", "elapsed": 99.765624, "delta": 0.803002}}
{"target": -41.0102502744951, "params": {"C": 10568.468395439852, "gamma": 0.01942441602342518}, "datetime": {"datetime": "2021-09-29 20:05:03", "elapsed": 100.757484, "delta": 0.99186}}
{"target": -41.04311694028707, "params": {"C": 11465.107165614116, "gamma": 0.019745522150198966}, "datetime": {"datetime": "2021-09-29 20:05:04", "elapsed": 101.832481, "delta": 1.074997}}
{"target": -42.59553341149031, "params": {"C": 14102.68473093744, "gamma": 0.04114725122591301}, "datetime": {"datetime": "2021-09-29 20:05:05", "elapsed": 103.151424, "delta": 1.318943}}
{"target": -41.87178746992733, "params": {"C": 17469.03309070544, "gamma": 0.00440381891727301}, "datetime": {"datetime": "2021-09-29 20:05:06", "elapsed": 104.247428, "delta": 1.096004}}
{"target": -42.46584660865831, "params": {"C": 17025.302731906635, "gamma": 0.03544388190148349}, "datetime": {"datetime": "2021-09-29 20:05:07", "elapsed": 105.350856, "delta": 1.103428}}
{"target": -41.29264430013377, "params": {"C": 10195.914251993332, "gamma": 0.010623533723189492}, "datetime": {"datetime": "2021-09-29 20:05:09", "elapsed": 106.565138, "delta": 1.214282}}
{"target": -42.80252562628053, "params": {"C": 12204.526204217364, "gamma": 0.04755099471339562}, "datetime": {"datetime": "2021-09-29 20:05:09", "elapsed": 107.405144, "delta": 0.840006}}
{"target": -41.57033658581884, "params": {"C": 10908.349752468786, "gamma": 0.007412173537276872}, "datetime": {"datetime": "2021-09-29 20:05:10", "elapsed": 108.186139, "delta": 0.780995}}
{"target": -42.471876504140866, "params": {"C": 10294.868389302896, "gamma": 0.04767706413027095}, "datetime": {"datetime": "2021-09-29 20:05:11", "elapsed": 109.145243, "delta": 0.959104}}
{"target": -41.21772659977631, "params": {"C": 19319.518323475262, "gamma": 0.010896337659116302}, "datetime": {"datetime": "2021-09-29 20:05:12", "elapsed": 109.902242, "delta": 0.756999}}
{"target": -41.75202330061481, "params": {"C": 14146.669896815663, "gamma": 0.03024766168864521}, "datetime": {"datetime": "2021-09-29 20:05:13", "elapsed": 110.727065, "delta": 0.824823}}
{"target": -41.32063614131579, "params": {"C": 13715.190369623408, "gamma": 0.02414993202934553}, "datetime": {"datetime": "2021-09-29 20:05:14", "elapsed": 111.708065, "delta": 0.981}}
{"target": -41.90065475817375, "params": {"C": 15160.70816997312, "gamma": 0.030951220321222304}, "datetime": {"datetime": "2021-09-29 20:05:15", "elapsed": 112.54424, "delta": 0.836175}}
{"target": -41.105425742498184, "params": {"C": 16051.35645627222, "gamma": 0.01578147969075555}, "datetime": {"datetime": "2021-09-29 20:05:15", "elapsed": 113.287248, "delta": 0.743008}}
{"target": -41.74685244813239, "params": {"C": 15616.824110487763, "gamma": 0.02843216662998545}, "datetime": {"datetime": "2021-09-29 20:05:16", "elapsed": 114.059287, "delta": 0.772039}}
{"target": -41.46823883163044, "params": {"C": 17218.38057354206, "gamma": 0.007924714360847409}, "datetime": {"datetime": "2021-09-29 20:05:17", "elapsed": 114.799442, "delta": 0.740155}}
{"target": -41.04150230140331, "params": {"C": 12085.045633860453, "gamma": 0.018218752116773044}, "datetime": {"datetime": "2021-09-29 20:05:18", "elapsed": 115.653035, "delta": 0.853593}}
{"target": -41.10516445176459, "params": {"C": 14772.50936666824, "gamma": 0.01768591783481022}, "datetime": {"datetime": "2021-09-29 20:05:18", "elapsed": 116.414039, "delta": 0.761004}}
{"target": -42.07021534354883, "params": {"C": 10251.01661470729, "gamma": 0.041734894913360375}, "datetime": {"datetime": "2021-09-29 20:05:19", "elapsed": 117.417597, "delta": 1.003558}}
{"target": -41.16684865914021, "params": {"C": 10449.632980400344, "gamma": 0.01245835752579805}, "datetime": {"datetime": "2021-09-29 20:05:20", "elapsed": 118.154597, "delta": 0.737}}
{"target": -42.819346765244674, "params": {"C": 11590.109027650204, "gamma": 0.049251368554547016}, "datetime": {"datetime": "2021-09-29 20:05:21", "elapsed": 118.903193, "delta": 0.748596}}
{"target": -42.382132033611136, "params": {"C": 19494.86106298791, "gamma": 0.031910670689537166}, "datetime": {"datetime": "2021-09-29 20:05:22", "elapsed": 119.710334, "delta": 0.807141}}
{"target": -43.863367470455266, "params": {"C": 19706.028441658687, "gamma": 0.04676217310902855}, "datetime": {"datetime": "2021-09-29 20:05:23", "elapsed": 120.571256, "delta": 0.860922}}
{"target": -42.285331728927474, "params": {"C": 12604.690126945308, "gamma": 0.03982069788206887}, "datetime": {"datetime": "2021-09-29 20:05:23", "elapsed": 121.48525, "delta": 0.913994}}
{"target": -43.328618549469525, "params": {"C": 14264.759255930787, "gamma": 0.049799254944903636}, "datetime": {"datetime": "2021-09-29 20:05:24", "elapsed": 122.35925, "delta": 0.874}}
{"target": -41.73249022181034, "params": {"C": 15108.532099751701, "gamma": 0.005650240027300783}, "datetime": {"datetime": "2021-09-29 20:05:25", "elapsed": 123.150579, "delta": 0.791329}}
{"target": -42.44376259531054, "params": {"C": 18157.47284207448, "gamma": 0.033913791793411155}, "datetime": {"datetime": "2021-09-29 20:05:26", "elapsed": 124.10758, "delta": 0.957001}}
{"target": -42.41425746979473, "params": {"C": 13436.855898373402, "gamma": 0.04001152588447159}, "datetime": {"datetime": "2021-09-29 20:05:27", "elapsed": 124.964286, "delta": 0.856706}}
