{"target": -0.317628502341587, "params": {"C": 954.7276364549108, "gamma": 0.21287556600369176}, "datetime": {"datetime": "2021-10-04 10:25:15", "elapsed": 338.870818, "delta": 2.350065}}
{"target": -0.2190814089760953, "params": {"C": 849.3279365139016, "gamma": 0.11203963376917812}, "datetime": {"datetime": "2021-10-04 10:25:17", "elapsed": 340.865916, "delta": 1.995098}}
{"target": -0.7478474015572762, "params": {"C": 955.4014600769565, "gamma": 0.0007326062612148275}, "datetime": {"datetime": "2021-10-04 10:25:19", "elapsed": 342.885893, "delta": 2.019977}}
{"target": -0.21160079834793222, "params": {"C": 955.5388161516858, "gamma": 0.12772132733316288}, "datetime": {"datetime": "2021-10-04 10:25:21", "elapsed": 344.890672, "delta": 2.004779}}
{"target": -0.5339051352409403, "params": {"C": 175.3768084576284, "gamma": 0.07540319892886886}, "datetime": {"datetime": "2021-10-04 10:25:22", "elapsed": 346.308953, "delta": 1.418281}}
{"target": -0.24487566056014942, "params": {"C": 849.1502339772067, "gamma": 0.13414241992456263}, "datetime": {"datetime": "2021-10-04 10:25:24", "elapsed": 348.184541, "delta": 1.875588}}
{"target": -0.23386147809340452, "params": {"C": 955.4036073161745, "gamma": 0.14605174208774566}, "datetime": {"datetime": "2021-10-04 10:25:26", "elapsed": 350.389478, "delta": 2.204937}}
{"target": -0.29261350616421655, "params": {"C": 583.0874774101593, "gamma": 0.10337773578345416}, "datetime": {"datetime": "2021-10-04 10:25:28", "elapsed": 351.745508, "delta": 1.35603}}
{"target": -0.38677810281446345, "params": {"C": 955.6065930219361, "gamma": 0.009142203496528365}, "datetime": {"datetime": "2021-10-04 10:25:30", "elapsed": 353.674214, "delta": 1.928706}}
{"target": -0.40492701816610954, "params": {"C": 954.937860817099, "gamma": 0.00820984418222155}, "datetime": {"datetime": "2021-10-04 10:25:32", "elapsed": 355.708648, "delta": 2.034434}}
{"target": -0.21431670660055335, "params": {"C": 954.8228804239063, "gamma": 0.12989016455850003}, "datetime": {"datetime": "2021-10-04 10:25:34", "elapsed": 357.967516, "delta": 2.258868}}
{"target": -0.3589262923467096, "params": {"C": 723.8808746448839, "gamma": 0.1957656047797658}, "datetime": {"datetime": "2021-10-04 10:25:36", "elapsed": 359.776348, "delta": 1.808832}}
{"target": -0.49893985239734073, "params": {"C": 543.716962414578, "gamma": 0.26533827768111734}, "datetime": {"datetime": "2021-10-04 10:25:37", "elapsed": 361.131484, "delta": 1.355136}}
{"target": -0.4052858245525548, "params": {"C": 322.47488256260687, "gamma": 0.07899589230090331}, "datetime": {"datetime": "2021-10-04 10:25:38", "elapsed": 362.556379, "delta": 1.424895}}
{"target": -0.19857372748390767, "params": {"C": 880.2391873609672, "gamma": 0.09923528328045114}, "datetime": {"datetime": "2021-10-04 10:25:40", "elapsed": 364.580213, "delta": 2.023834}}
{"target": -0.2836246331252614, "params": {"C": 723.8399372631058, "gamma": 0.026126825770255616}, "datetime": {"datetime": "2021-10-04 10:25:42", "elapsed": 366.550487, "delta": 1.970274}}
{"target": -0.4555933998304984, "params": {"C": 601.1628636009387, "gamma": 0.24348280424921173}, "datetime": {"datetime": "2021-10-04 10:25:44", "elapsed": 367.888614, "delta": 1.338127}}
{"target": -0.48061365891035224, "params": {"C": 931.9555522665872, "gamma": 0.0054031131639089075}, "datetime": {"datetime": "2021-10-04 10:25:46", "elapsed": 369.953448, "delta": 2.064834}}
{"target": -0.3427180159531358, "params": {"C": 861.5543450127572, "gamma": 0.2145028269044726}, "datetime": {"datetime": "2021-10-04 10:25:47", "elapsed": 371.316568, "delta": 1.36312}}
{"target": -0.3270039287529931, "params": {"C": 724.0277494957222, "gamma": 0.01892403014526577}, "datetime": {"datetime": "2021-10-04 10:25:49", "elapsed": 373.470044, "delta": 2.153476}}
{"target": -0.2910170086420818, "params": {"C": 659.1232370257177, "gamma": 0.028858173867338858}, "datetime": {"datetime": "2021-10-04 10:25:51", "elapsed": 375.467624, "delta": 1.99758}}
{"target": -0.280123514487183, "params": {"C": 659.3845883872314, "gamma": 0.03184724328707481}, "datetime": {"datetime": "2021-10-04 10:25:53", "elapsed": 377.419899, "delta": 1.952275}}
{"target": -0.35246250848656535, "params": {"C": 955.5201143212992, "gamma": 0.24284091537522265}, "datetime": {"datetime": "2021-10-04 10:25:56", "elapsed": 379.787933, "delta": 2.368034}}
{"target": -0.29817159324014963, "params": {"C": 931.7621646029188, "gamma": 0.016400059338556906}, "datetime": {"datetime": "2021-10-04 10:25:58", "elapsed": 382.156962, "delta": 2.369029}}
{"target": -0.22312542049822892, "params": {"C": 723.6815848505582, "gamma": 0.07584117327733966}, "datetime": {"datetime": "2021-10-04 10:26:01", "elapsed": 384.758466, "delta": 2.601504}}
{"target": -0.163513942387014, "params": {"C": 955.2947129960539, "gamma": 0.06606020115565209}, "datetime": {"datetime": "2021-10-04 10:26:03", "elapsed": 386.772086, "delta": 2.01362}}
{"target": -0.32792550982042346, "params": {"C": 847.275530947433, "gamma": 0.19933582605940084}, "datetime": {"datetime": "2021-10-04 10:26:04", "elapsed": 388.173502, "delta": 1.401416}}
{"target": -0.47243354677144445, "params": {"C": 274.0552813529628, "gamma": 0.03001440103774417}, "datetime": {"datetime": "2021-10-04 10:26:05", "elapsed": 389.543232, "delta": 1.36973}}
{"target": -0.5264577969825235, "params": {"C": 494.6184888961926, "gamma": 0.27441081474880213}, "datetime": {"datetime": "2021-10-04 10:26:07", "elapsed": 390.959431, "delta": 1.416199}}
{"target": -0.3468556297791503, "params": {"C": 723.6553900088644, "gamma": 0.18610489694326512}, "datetime": {"datetime": "2021-10-04 10:26:10", "elapsed": 393.646812, "delta": 2.687381}}
{"target": -0.48804630771963686, "params": {"C": 849.0330081985531, "gamma": 0.005736015266197098}, "datetime": {"datetime": "2021-10-04 10:26:12", "elapsed": 395.920945, "delta": 2.274133}}
{"target": -0.6566233244265842, "params": {"C": 187.68245100875944, "gamma": 0.23076274864307472}, "datetime": {"datetime": "2021-10-04 10:26:13", "elapsed": 397.353873, "delta": 1.432928}}
{"target": -0.6995133868571048, "params": {"C": 71.58511392389752, "gamma": 0.10889942124318483}, "datetime": {"datetime": "2021-10-04 10:26:15", "elapsed": 398.833183, "delta": 1.47931}}
{"target": -0.16716515982086944, "params": {"C": 954.5304512668151, "gamma": 0.07890092401344695}, "datetime": {"datetime": "2021-10-04 10:26:17", "elapsed": 400.66499, "delta": 1.831807}}
{"target": -0.1763966758360671, "params": {"C": 909.8553959824928, "gamma": 0.07794167033539195}, "datetime": {"datetime": "2021-10-04 10:26:18", "elapsed": 402.596613, "delta": 1.931623}}
{"target": -0.25126124595549504, "params": {"C": 954.443881632533, "gamma": 0.021973750941277327}, "datetime": {"datetime": "2021-10-04 10:26:21", "elapsed": 404.936272, "delta": 2.339659}}
{"target": -0.25069984107006804, "params": {"C": 954.4497800797236, "gamma": 0.15928501790604224}, "datetime": {"datetime": "2021-10-04 10:26:23", "elapsed": 407.039801, "delta": 2.103529}}
{"target": -0.7758389189638746, "params": {"C": 76.56494011718172, "gamma": 0.29618207069823643}, "datetime": {"datetime": "2021-10-04 10:26:24", "elapsed": 408.52454, "delta": 1.484739}}
{"target": -0.3504484548422826, "params": {"C": 420.28531586289347, "gamma": 0.08609494263324874}, "datetime": {"datetime": "2021-10-04 10:26:26", "elapsed": 409.975146, "delta": 1.450606}}
{"target": -0.2209426569414661, "params": {"C": 723.5287383750932, "gamma": 0.0590474315941001}, "datetime": {"datetime": "2021-10-04 10:26:28", "elapsed": 411.810418, "delta": 1.835272}}
{"target": -0.5417054869289724, "params": {"C": 318.206619762867, "gamma": 0.2019424340996435}, "datetime": {"datetime": "2021-10-04 10:26:29", "elapsed": 413.271794, "delta": 1.461376}}
{"target": -0.4044826402766861, "params": {"C": 817.583476200552, "gamma": 0.009868678515609595}, "datetime": {"datetime": "2021-10-04 10:26:33", "elapsed": 417.196529, "delta": 3.924735}}
{"target": -0.6474272026755712, "params": {"C": 723.4237621939236, "gamma": 0.0024547974207374166}, "datetime": {"datetime": "2021-10-04 10:26:36", "elapsed": 420.486903, "delta": 3.290374}}
{"target": -0.39232388875403346, "params": {"C": 954.5084945896423, "gamma": 0.2798809884048789}, "datetime": {"datetime": "2021-10-04 10:26:39", "elapsed": 423.209123, "delta": 2.72222}}
{"target": -0.23040140474967097, "params": {"C": 955.4420959424807, "gamma": 0.14326843399524566}, "datetime": {"datetime": "2021-10-04 10:26:41", "elapsed": 424.759066, "delta": 1.549943}}
{"target": -0.19297635661540458, "params": {"C": 931.6841477724789, "gamma": 0.10582074755898786}, "datetime": {"datetime": "2021-10-04 10:26:44", "elapsed": 428.232628, "delta": 3.473562}}
{"target": -0.33396441369619567, "params": {"C": 723.5194610236889, "gamma": 0.17596126509952564}, "datetime": {"datetime": "2021-10-04 10:26:48", "elapsed": 431.716999, "delta": 3.484371}}
{"target": -0.20637310894039085, "params": {"C": 910.5983223099848, "gamma": 0.11404328876209378}, "datetime": {"datetime": "2021-10-04 10:26:50", "elapsed": 433.923616, "delta": 2.206617}}
{"target": -0.41598955307543783, "params": {"C": 723.5758434123985, "gamma": 0.010651174813277153}, "datetime": {"datetime": "2021-10-04 10:26:52", "elapsed": 436.054563, "delta": 2.130947}}
{"target": -0.3723821025161551, "params": {"C": 879.7396387712388, "gamma": 0.010999075312957296}, "datetime": {"datetime": "2021-10-04 10:26:54", "elapsed": 438.142856, "delta": 2.088293}}
{"target": -0.33810041021334625, "params": {"C": 866.1004851347947, "gamma": 0.013887972916206418}, "datetime": {"datetime": "2021-10-04 10:26:56", "elapsed": 439.740506, "delta": 1.59765}}
{"target": -0.19710540110747998, "params": {"C": 909.757002060206, "gamma": 0.1049456113685735}, "datetime": {"datetime": "2021-10-04 10:26:59", "elapsed": 442.658575, "delta": 2.918069}}
{"target": -0.36327610292988366, "params": {"C": 881.0174116403243, "gamma": 0.011613272281129594}, "datetime": {"datetime": "2021-10-04 10:27:01", "elapsed": 445.282246, "delta": 2.623671}}
{"target": -0.17106879614957626, "params": {"C": 954.6022944025636, "gamma": 0.049100784302975056}, "datetime": {"datetime": "2021-10-04 10:27:04", "elapsed": 447.9398, "delta": 2.657554}}
{"target": -0.5983961575892447, "params": {"C": 328.0953847422462, "gamma": 0.26996058008300056}, "datetime": {"datetime": "2021-10-04 10:27:05", "elapsed": 449.596115, "delta": 1.656315}}
{"target": -0.2579968103243657, "params": {"C": 849.0436938699441, "gamma": 0.14465878725813933}, "datetime": {"datetime": "2021-10-04 10:27:08", "elapsed": 451.923676, "delta": 2.327561}}
{"target": -0.21168400338247295, "params": {"C": 817.829024122358, "gamma": 0.04175803867758795}, "datetime": {"datetime": "2021-10-04 10:27:11", "elapsed": 454.619824, "delta": 2.696148}}
{"target": -0.17408208348494303, "params": {"C": 954.3224898413218, "gamma": 0.08997744774233563}, "datetime": {"datetime": "2021-10-04 10:27:13", "elapsed": 457.269494, "delta": 2.64967}}
{"target": -0.3129071265599368, "params": {"C": 817.9793247779993, "gamma": 0.18110940056882271}, "datetime": {"datetime": "2021-10-04 10:27:15", "elapsed": 459.346096, "delta": 2.076602}}
{"target": -0.31512919518319005, "params": {"C": 954.3309632816731, "gamma": 0.21073288804955925}, "datetime": {"datetime": "2021-10-04 10:27:17", "elapsed": 461.470733, "delta": 2.124637}}
{"target": -0.31192583245400596, "params": {"C": 724.0322686438242, "gamma": 0.1589945911460311}, "datetime": {"datetime": "2021-10-04 10:27:20", "elapsed": 464.234617, "delta": 2.763884}}
{"target": -0.24465724491011698, "params": {"C": 817.5037175356466, "gamma": 0.12710976529503926}, "datetime": {"datetime": "2021-10-04 10:27:22", "elapsed": 466.450578, "delta": 2.215961}}
{"target": -0.18154791901997958, "params": {"C": 954.1614738672766, "gamma": 0.09899335350092466}, "datetime": {"datetime": "2021-10-04 10:27:25", "elapsed": 468.958564, "delta": 2.507986}}
{"target": -0.21918981435791585, "params": {"C": 954.1143288068449, "gamma": 0.028268598735149558}, "datetime": {"datetime": "2021-10-04 10:27:27", "elapsed": 471.124513, "delta": 2.165949}}
{"target": -0.19477463526711847, "params": {"C": 817.9691151783906, "gamma": 0.06507651818423561}, "datetime": {"datetime": "2021-10-04 10:27:30", "elapsed": 473.973273, "delta": 2.84876}}
{"target": -0.1863596487700736, "params": {"C": 897.3491047752572, "gamma": 0.08948264546754899}, "datetime": {"datetime": "2021-10-04 10:27:31", "elapsed": 475.544754, "delta": 1.571481}}
{"target": -0.17978655803857424, "params": {"C": 914.3502896753563, "gamma": 0.08565726131712931}, "datetime": {"datetime": "2021-10-04 10:27:33", "elapsed": 477.162173, "delta": 1.617419}}
{"target": -0.5753936939183544, "params": {"C": 158.24852609105267, "gamma": 0.10487924957594333}, "datetime": {"datetime": "2021-10-04 10:27:35", "elapsed": 478.839752, "delta": 1.677579}}
{"target": -0.16956829854737365, "params": {"C": 954.2401126240661, "gamma": 0.05075761656662632}, "datetime": {"datetime": "2021-10-04 10:27:37", "elapsed": 481.225433, "delta": 2.385681}}
{"target": -0.19172069017528992, "params": {"C": 954.2403970804155, "gamma": 0.1095270097376723}, "datetime": {"datetime": "2021-10-04 10:27:40", "elapsed": 484.496501, "delta": 3.271068}}
{"target": -0.3808379141907807, "params": {"C": 914.4086107364246, "gamma": 0.009977180116467236}, "datetime": {"datetime": "2021-10-04 10:27:43", "elapsed": 486.794267, "delta": 2.297766}}
{"target": -0.2427229390638559, "params": {"C": 914.377693949833, "gamma": 0.14547660373364}, "datetime": {"datetime": "2021-10-04 10:27:45", "elapsed": 489.143486, "delta": 2.349219}}
{"target": -0.3390665730907849, "params": {"C": 818.0488492738226, "gamma": 0.014835378117637743}, "datetime": {"datetime": "2021-10-04 10:27:48", "elapsed": 491.869031, "delta": 2.725545}}
{"target": -0.19340042513238154, "params": {"C": 897.4371664339825, "gamma": 0.041644889148442235}, "datetime": {"datetime": "2021-10-04 10:27:51", "elapsed": 494.738406, "delta": 2.869375}}
{"target": -0.18285127405478674, "params": {"C": 914.251843105851, "gamma": 0.0899412060003347}, "datetime": {"datetime": "2021-10-04 10:27:54", "elapsed": 498.376525, "delta": 3.638119}}
{"target": -0.8299585649791106, "params": {"C": 897.3460393289074, "gamma": 0.0001}, "datetime": {"datetime": "2021-10-04 10:27:56", "elapsed": 500.600787, "delta": 2.224262}}
{"target": -0.2732579157141053, "params": {"C": 897.5552257012549, "gamma": 0.020440132069597404}, "datetime": {"datetime": "2021-10-04 10:28:00", "elapsed": 503.796774, "delta": 3.195987}}
{"target": -0.20082235979894736, "params": {"C": 897.4682356411379, "gamma": 0.10580029572826023}, "datetime": {"datetime": "2021-10-04 10:28:02", "elapsed": 506.578653, "delta": 2.781879}}
{"target": -0.3778655087264764, "params": {"C": 897.3593670213214, "gamma": 0.2530090602107559}, "datetime": {"datetime": "2021-10-04 10:28:05", "elapsed": 508.952627, "delta": 2.373974}}
{"target": -0.23620476495077414, "params": {"C": 817.8179264514903, "gamma": 0.12001545152149203}, "datetime": {"datetime": "2021-10-04 10:28:08", "elapsed": 511.768399, "delta": 2.815772}}
{"target": -0.34779860967396115, "params": {"C": 593.5415565373446, "gamma": 0.15203409991920147}, "datetime": {"datetime": "2021-10-04 10:28:09", "elapsed": 513.467045, "delta": 1.698646}}
{"target": -0.31847237803543815, "params": {"C": 914.2633828708484, "gamma": 0.01471559179642142}, "datetime": {"datetime": "2021-10-04 10:28:12", "elapsed": 515.874289, "delta": 2.407244}}
{"target": -0.18898336767439483, "params": {"C": 955.3132173604846, "gamma": 0.10706442484289158}, "datetime": {"datetime": "2021-10-04 10:28:14", "elapsed": 518.488504, "delta": 2.614215}}
{"target": -0.29500959801805293, "params": {"C": 914.1964176407557, "gamma": 0.18668675857723624}, "datetime": {"datetime": "2021-10-04 10:28:17", "elapsed": 520.860538, "delta": 2.372034}}
{"target": -0.3519809212452354, "params": {"C": 954.1234897185375, "gamma": 0.24212176162463503}, "datetime": {"datetime": "2021-10-04 10:28:20", "elapsed": 524.058429, "delta": 3.197891}}
{"target": -0.2610033872989719, "params": {"C": 897.3713533137909, "gamma": 0.15668573316569082}, "datetime": {"datetime": "2021-10-04 10:28:22", "elapsed": 526.364529, "delta": 2.3061}}
{"target": -0.3666893030485423, "params": {"C": 495.82142542131686, "gamma": 0.13496800833826078}, "datetime": {"datetime": "2021-10-04 10:28:24", "elapsed": 528.342198, "delta": 1.977669}}
{"target": -0.2699941369037353, "params": {"C": 817.9159112828995, "gamma": 0.023964189165077723}, "datetime": {"datetime": "2021-10-04 10:28:27", "elapsed": 530.877869, "delta": 2.535671}}
{"target": -0.44357897793545153, "params": {"C": 614.8308804505707, "gamma": 0.2368762198900586}, "datetime": {"datetime": "2021-10-04 10:28:29", "elapsed": 532.88177, "delta": 2.003901}}
{"target": -0.7125464846544658, "params": {"C": 63.51337370781612, "gamma": 0.10750259737380678}, "datetime": {"datetime": "2021-10-04 10:28:31", "elapsed": 534.75092, "delta": 1.86915}}
{"target": -0.8291277757301077, "params": {"C": 13.79940901562701, "gamma": 0.26751200144265463}, "datetime": {"datetime": "2021-10-04 10:28:33", "elapsed": 536.791254, "delta": 2.040334}}
{"target": -0.6469131366093244, "params": {"C": 237.44285005091604, "gamma": 0.26575606500317694}, "datetime": {"datetime": "2021-10-04 10:28:34", "elapsed": 538.607932, "delta": 1.816678}}
{"target": -0.29069931304723085, "params": {"C": 914.309627777105, "gamma": 0.1832933977127656}, "datetime": {"datetime": "2021-10-04 10:28:37", "elapsed": 541.560903, "delta": 2.952971}}
{"target": -0.16977375904445102, "params": {"C": 954.0574530612548, "gamma": 0.08351513630816322}, "datetime": {"datetime": "2021-10-04 10:28:40", "elapsed": 543.950304, "delta": 2.389401}}
{"target": -0.32359056287290144, "params": {"C": 953.9554639175788, "gamma": 0.217684724087953}, "datetime": {"datetime": "2021-10-04 10:28:42", "elapsed": 546.576694, "delta": 2.62639}}
{"target": -0.3714453229519006, "params": {"C": 445.1547452356572, "gamma": 0.11897047106503698}, "datetime": {"datetime": "2021-10-04 10:28:44", "elapsed": 548.382491, "delta": 1.805797}}
{"target": -0.47501574857375317, "params": {"C": 452.2472438377649, "gamma": 0.2063003266613008}, "datetime": {"datetime": "2021-10-04 10:28:46", "elapsed": 550.234159, "delta": 1.851668}}
{"target": -0.1995611421986807, "params": {"C": 879.4633173360079, "gamma": 0.10009879006825222}, "datetime": {"datetime": "2021-10-04 10:28:49", "elapsed": 553.075376, "delta": 2.841217}}
{"target": -0.2899546992042399, "params": {"C": 583.245324483437, "gamma": 0.10087174866287821}, "datetime": {"datetime": "2021-10-04 10:28:52", "elapsed": 555.655005, "delta": 2.579629}}
{"target": -0.2151163748103082, "params": {"C": 897.2844022229966, "gamma": 0.11909539987169954}, "datetime": {"datetime": "2021-10-04 10:28:56", "elapsed": 560.522197, "delta": 4.867192}}
{"target": -0.16735524668652246, "params": {"C": 953.9372065446603, "gamma": 0.07903550534450675}, "datetime": {"datetime": "2021-10-04 10:29:01", "elapsed": 565.245096, "delta": 4.722899}}
{"target": -0.19495873965454202, "params": {"C": 953.8005811823544, "gamma": 0.11253292355041247}, "datetime": {"datetime": "2021-10-04 10:29:04", "elapsed": 567.854584, "delta": 2.609488}}
{"target": -0.7079148861328399, "params": {"C": 953.7453550397399, "gamma": 0.0011206597701309375}, "datetime": {"datetime": "2021-10-04 10:29:09", "elapsed": 572.810711, "delta": 4.956127}}
{"target": -0.24113705110707984, "params": {"C": 914.3745486295993, "gamma": 0.14420587844989824}, "datetime": {"datetime": "2021-10-04 10:29:11", "elapsed": 574.639004, "delta": 1.828293}}
{"target": -0.3595745029050792, "params": {"C": 953.799103353501, "gamma": 0.24884021051266908}, "datetime": {"datetime": "2021-10-04 10:29:13", "elapsed": 577.601, "delta": 2.961996}}
{"target": -0.5888050166922165, "params": {"C": 297.8145532695689, "gamma": 0.23827552465020055}, "datetime": {"datetime": "2021-10-04 10:29:15", "elapsed": 579.480973, "delta": 1.879973}}
{"target": -0.5148178087206494, "params": {"C": 954.3146597774683, "gamma": 0.004302025837166588}, "datetime": {"datetime": "2021-10-04 10:29:18", "elapsed": 581.962347, "delta": 2.481374}}
{"target": -0.41301124652453525, "params": {"C": 583.1855346930315, "gamma": 0.20046730289411416}, "datetime": {"datetime": "2021-10-04 10:29:22", "elapsed": 585.968114, "delta": 4.005767}}
{"target": -0.451802831779031, "params": {"C": 364.9690139278725, "gamma": 0.14835057038284627}, "datetime": {"datetime": "2021-10-04 10:29:24", "elapsed": 587.968653, "delta": 2.000539}}
{"target": -0.7031055383423586, "params": {"C": 221.43073703849308, "gamma": 0.00557101094905205}, "datetime": {"datetime": "2021-10-04 10:29:26", "elapsed": 589.914485, "delta": 1.945832}}
{"target": -0.29446464365828406, "params": {"C": 893.7600264784575, "gamma": 0.017750635585532106}, "datetime": {"datetime": "2021-10-04 10:29:28", "elapsed": 591.733465, "delta": 1.81898}}
{"target": -0.20567426714613712, "params": {"C": 953.9870257065693, "gamma": 0.12229627164934069}, "datetime": {"datetime": "2021-10-04 10:29:32", "elapsed": 596.336192, "delta": 4.602727}}
{"target": -0.81529529379669, "params": {"C": 15.175544939504766, "gamma": 0.1513434605401517}, "datetime": {"datetime": "2021-10-04 10:29:34", "elapsed": 598.232941, "delta": 1.896749}}
{"target": -0.42202842958347175, "params": {"C": 579.2922617696349, "gamma": 0.20674101376848875}, "datetime": {"datetime": "2021-10-04 10:29:36", "elapsed": 600.222988, "delta": 1.990047}}
{"target": -0.17724193174868996, "params": {"C": 893.6768680928768, "gamma": 0.06074459109593661}, "datetime": {"datetime": "2021-10-04 10:29:41", "elapsed": 604.907886, "delta": 4.684898}}
{"target": -0.25798012454217245, "params": {"C": 953.8443522460832, "gamma": 0.1649221681694827}, "datetime": {"datetime": "2021-10-04 10:29:44", "elapsed": 607.773476, "delta": 2.86559}}
