{"target": -48.00512191890958, "params": {"C": 106005.3876553417, "gamma": 0.0292967794054134}, "datetime": {"datetime": "2021-10-04 11:43:38", "elapsed": 84.74033, "delta": 0.702464}}
{"target": -48.42871446278354, "params": {"C": 298722.26729182305, "gamma": 0.012552641796790017}, "datetime": {"datetime": "2021-10-04 11:43:38", "elapsed": 85.49133, "delta": 0.751}}
{"target": -52.17798814589124, "params": {"C": 390852.6096307983, "gamma": 0.003569180823724805}, "datetime": {"datetime": "2021-10-04 11:43:39", "elapsed": 86.145752, "delta": 0.654422}}
{"target": -55.82040127691428, "params": {"C": 361900.7102253076, "gamma": 0.0006264957466751175}, "datetime": {"datetime": "2021-10-04 11:43:40", "elapsed": 86.859749, "delta": 0.713997}}
{"target": -54.43411022773524, "params": {"C": 383321.9447483639, "gamma": 0.0018838582398914552}, "datetime": {"datetime": "2021-10-04 11:43:41", "elapsed": 87.822523, "delta": 0.962774}}
{"target": -53.67683288691054, "params": {"C": 18002.326940714323, "gamma": 0.00827956114766015}, "datetime": {"datetime": "2021-10-04 11:43:41", "elapsed": 88.615311, "delta": 0.792788}}
{"target": -49.017674313157414, "params": {"C": 181326.59768511387, "gamma": 0.01070727470317816}, "datetime": {"datetime": "2021-10-04 11:43:42", "elapsed": 89.322813, "delta": 0.707502}}
{"target": -48.68602371312641, "params": {"C": 55553.058564862746, "gamma": 0.020512968153066843}, "datetime": {"datetime": "2021-10-04 11:43:43", "elapsed": 90.187592, "delta": 0.864779}}
{"target": -48.29096091065159, "params": {"C": 195173.3389587363, "gamma": 0.024080959982821507}, "datetime": {"datetime": "2021-10-04 11:43:44", "elapsed": 90.925589, "delta": 0.737997}}
{"target": -48.227176891058804, "params": {"C": 216955.5245089371, "gamma": 0.01936882648808654}, "datetime": {"datetime": "2021-10-04 11:43:45", "elapsed": 91.785795, "delta": 0.860206}}
{"target": -49.0160708209286, "params": {"C": 362341.5457402651, "gamma": 0.021376826929051754}, "datetime": {"datetime": "2021-10-04 11:43:46", "elapsed": 92.634898, "delta": 0.849103}}
{"target": -51.81390885972692, "params": {"C": 453978.196622576, "gamma": 0.0037730658290181032}, "datetime": {"datetime": "2021-10-04 11:43:46", "elapsed": 93.476349, "delta": 0.841451}}
{"target": -48.67965266670298, "params": {"C": 366673.3253928211, "gamma": 0.017570261922599285}, "datetime": {"datetime": "2021-10-04 11:43:47", "elapsed": 94.448824, "delta": 0.972475}}
{"target": -55.57425654243516, "params": {"C": 304628.3611039933, "gamma": 0.0011379160830029904}, "datetime": {"datetime": "2021-10-04 11:43:48", "elapsed": 95.397977, "delta": 0.949153}}
{"target": -48.512494500710694, "params": {"C": 58332.88959482299, "gamma": 0.02152130430040544}, "datetime": {"datetime": "2021-10-04 11:43:49", "elapsed": 96.215479, "delta": 0.817502}}
{"target": -48.594405561576984, "params": {"C": 380821.8471689833, "gamma": 0.011248271637812873}, "datetime": {"datetime": "2021-10-04 11:43:50", "elapsed": 96.991762, "delta": 0.776283}}
{"target": -48.26030161340797, "params": {"C": 265953.9782445834, "gamma": 0.015367434468426134}, "datetime": {"datetime": "2021-10-04 11:43:51", "elapsed": 97.817514, "delta": 0.825752}}
{"target": -49.228943362447225, "params": {"C": 391853.6400716487, "gamma": 0.022100897965041194}, "datetime": {"datetime": "2021-10-04 11:43:52", "elapsed": 98.651786, "delta": 0.834272}}
{"target": -48.583247534356396, "params": {"C": 314672.4647596785, "gamma": 0.018874751538278473}, "datetime": {"datetime": "2021-10-04 11:43:52", "elapsed": 99.531786, "delta": 0.88}}
{"target": -51.35072608582596, "params": {"C": 292006.96046817827, "gamma": 0.004781020259805694}, "datetime": {"datetime": "2021-10-04 11:43:53", "elapsed": 100.436877, "delta": 0.905091}}
{"target": -49.72815066068742, "params": {"C": 434892.6898080591, "gamma": 0.027429672977405617}, "datetime": {"datetime": "2021-10-04 11:43:54", "elapsed": 101.418874, "delta": 0.981997}}
{"target": -48.09093554770458, "params": {"C": 162056.4621573978, "gamma": 0.019996454003091406}, "datetime": {"datetime": "2021-10-04 11:43:55", "elapsed": 102.41994, "delta": 1.001066}}
{"target": -51.28438658163277, "params": {"C": 12914.50403305549, "gamma": 0.0222660638398099}, "datetime": {"datetime": "2021-10-04 11:43:56", "elapsed": 103.277704, "delta": 0.857764}}
{"target": -49.449690824477365, "params": {"C": 372979.9008111192, "gamma": 0.026830393242660767}, "datetime": {"datetime": "2021-10-04 11:43:57", "elapsed": 104.270928, "delta": 0.993224}}
{"target": -48.635638754899276, "params": {"C": 122067.10950257571, "gamma": 0.013891919392510626}, "datetime": {"datetime": "2021-10-04 11:43:58", "elapsed": 105.135141, "delta": 0.864213}}
{"target": -49.18470054483843, "params": {"C": 306631.14860292414, "gamma": 0.028228338521201556}, "datetime": {"datetime": "2021-10-04 11:43:59", "elapsed": 105.933754, "delta": 0.798613}}
{"target": -49.0127189860762, "params": {"C": 458144.424570721, "gamma": 0.008700023229594374}, "datetime": {"datetime": "2021-10-04 11:44:00", "elapsed": 106.717874, "delta": 0.78412}}
{"target": -50.90650199711012, "params": {"C": 11669.17611592182, "gamma": 0.029576920023446755}, "datetime": {"datetime": "2021-10-04 11:44:00", "elapsed": 107.408245, "delta": 0.690371}}
{"target": -48.177565666509146, "params": {"C": 183555.02800165975, "gamma": 0.022127121306089202}, "datetime": {"datetime": "2021-10-04 11:44:01", "elapsed": 108.168617, "delta": 0.760372}}
{"target": -48.06662866241907, "params": {"C": 139278.34835581481, "gamma": 0.020575351434258926}, "datetime": {"datetime": "2021-10-04 11:44:02", "elapsed": 109.042243, "delta": 0.873626}}
{"target": -49.66163009189169, "params": {"C": 450846.6400126523, "gamma": 0.024565458241675376}, "datetime": {"datetime": "2021-10-04 11:44:03", "elapsed": 109.794971, "delta": 0.752728}}
{"target": -48.4664245952132, "params": {"C": 316813.12789738446, "gamma": 0.017161841839703835}, "datetime": {"datetime": "2021-10-04 11:44:04", "elapsed": 110.699327, "delta": 0.904356}}
{"target": -55.894421549959894, "params": {"C": 258306.52821042782, "gamma": 0.0007120451197792126}, "datetime": {"datetime": "2021-10-04 11:44:04", "elapsed": 111.537635, "delta": 0.838308}}
{"target": -48.93103176777459, "params": {"C": 59806.640046337874, "gamma": 0.017458882226166598}, "datetime": {"datetime": "2021-10-04 11:44:05", "elapsed": 112.345358, "delta": 0.807723}}
{"target": -49.950394741783875, "params": {"C": 85238.16578311932, "gamma": 0.010677626531981406}, "datetime": {"datetime": "2021-10-04 11:44:06", "elapsed": 113.162828, "delta": 0.81747}}
{"target": -49.64642220651048, "params": {"C": 437157.84720351367, "gamma": 0.025285066352460518}, "datetime": {"datetime": "2021-10-04 11:44:07", "elapsed": 113.942024, "delta": 0.779196}}
{"target": -50.18492654788984, "params": {"C": 226900.01495618714, "gamma": 0.007091027643116228}, "datetime": {"datetime": "2021-10-04 11:44:08", "elapsed": 114.716901, "delta": 0.774877}}
{"target": -49.65358356772039, "params": {"C": 446491.2233936612, "gamma": 0.024722590174835926}, "datetime": {"datetime": "2021-10-04 11:44:08", "elapsed": 115.460588, "delta": 0.743687}}
{"target": -51.849554770829315, "params": {"C": 272478.030416117, "gamma": 0.004282382240776412}, "datetime": {"datetime": "2021-10-04 11:44:09", "elapsed": 116.473008, "delta": 1.01242}}
{"target": -48.23000931568324, "params": {"C": 206004.48764237072, "gamma": 0.021089057819536818}, "datetime": {"datetime": "2021-10-04 11:44:10", "elapsed": 117.381991, "delta": 0.908983}}
{"target": -49.33158288886428, "params": {"C": 278913.77536239533, "gamma": 0.008495615412339218}, "datetime": {"datetime": "2021-10-04 11:44:11", "elapsed": 118.489835, "delta": 1.107844}}
{"target": -54.43113652472363, "params": {"C": 100906.65378913458, "gamma": 0.002796975074949066}, "datetime": {"datetime": "2021-10-04 11:44:13", "elapsed": 119.634832, "delta": 1.144997}}
{"target": -48.4885396530415, "params": {"C": 77230.75297615535, "gamma": 0.018251503964475467}, "datetime": {"datetime": "2021-10-04 11:44:14", "elapsed": 120.63026, "delta": 0.995428}}
{"target": -48.67056775519741, "params": {"C": 176034.06413897534, "gamma": 0.01211121554343324}, "datetime": {"datetime": "2021-10-04 11:44:14", "elapsed": 121.571648, "delta": 0.941388}}
{"target": -51.86865317807239, "params": {"C": 213768.8039429284, "gamma": 0.004571983696959584}, "datetime": {"datetime": "2021-10-04 11:44:15", "elapsed": 122.499096, "delta": 0.927448}}
{"target": -49.457224358899396, "params": {"C": 486795.4258566591, "gamma": 0.007076983455477703}, "datetime": {"datetime": "2021-10-04 11:44:16", "elapsed": 123.524257, "delta": 1.025161}}
{"target": -48.251424173200455, "params": {"C": 261712.46222923073, "gamma": 0.015714457226523672}, "datetime": {"datetime": "2021-10-04 11:44:17", "elapsed": 124.434091, "delta": 0.909834}}
{"target": -55.08896771083585, "params": {"C": 479298.15973537596, "gamma": 0.0013853718478567443}, "datetime": {"datetime": "2021-10-04 11:44:18", "elapsed": 125.466324, "delta": 1.032233}}
{"target": -49.689004932254825, "params": {"C": 298684.19376422034, "gamma": 0.007489615051587606}, "datetime": {"datetime": "2021-10-04 11:44:19", "elapsed": 126.235481, "delta": 0.769157}}
{"target": -48.30498375685943, "params": {"C": 188764.75610667196, "gamma": 0.01452198174154453}, "datetime": {"datetime": "2021-10-04 11:44:20", "elapsed": 127.171495, "delta": 0.936014}}
{"target": -49.38114860647664, "params": {"C": 359534.5575030211, "gamma": 0.026622290698655893}, "datetime": {"datetime": "2021-10-04 11:44:21", "elapsed": 127.966722, "delta": 0.795227}}
{"target": -48.812349509636775, "params": {"C": 88225.0777105626, "gamma": 0.014903462047167054}, "datetime": {"datetime": "2021-10-04 11:44:22", "elapsed": 128.822622, "delta": 0.8559}}
{"target": -53.72397112162835, "params": {"C": 183865.23678116105, "gamma": 0.0028597375873200205}, "datetime": {"datetime": "2021-10-04 11:44:23", "elapsed": 129.775129, "delta": 0.952507}}
{"target": -49.422976193572524, "params": {"C": 167344.10295116386, "gamma": 0.009674903115606846}, "datetime": {"datetime": "2021-10-04 11:44:24", "elapsed": 130.676914, "delta": 0.901785}}
{"target": -47.954381138455986, "params": {"C": 88335.45003259636, "gamma": 0.029464670270448128}, "datetime": {"datetime": "2021-10-04 11:44:25", "elapsed": 131.701943, "delta": 1.025029}}
{"target": -50.85142555081203, "params": {"C": 485573.1461808048, "gamma": 0.0047940153700535785}, "datetime": {"datetime": "2021-10-04 11:44:25", "elapsed": 132.610477, "delta": 0.908534}}
{"target": -48.5611321423977, "params": {"C": 192856.81694072927, "gamma": 0.012478520868623858}, "datetime": {"datetime": "2021-10-04 11:44:26", "elapsed": 133.431051, "delta": 0.820574}}
{"target": -48.1033109147834, "params": {"C": 92358.64399759615, "gamma": 0.02283398227744787}, "datetime": {"datetime": "2021-10-04 11:44:27", "elapsed": 134.26077, "delta": 0.829719}}
{"target": -51.030674640653324, "params": {"C": 11359.426111883531, "gamma": 0.028621927525487128}, "datetime": {"datetime": "2021-10-04 11:44:28", "elapsed": 135.154688, "delta": 0.893918}}
{"target": -49.031482689613725, "params": {"C": 53940.30875606683, "gamma": 0.017913141489177737}, "datetime": {"datetime": "2021-10-04 11:44:29", "elapsed": 136.029528, "delta": 0.87484}}
{"target": -51.31714069876547, "params": {"C": 146194.9219478941, "gamma": 0.005973042159481843}, "datetime": {"datetime": "2021-10-04 11:44:30", "elapsed": 137.000503, "delta": 0.970975}}
{"target": -49.87295471465021, "params": {"C": 90425.91400708088, "gamma": 0.010678329952174074}, "datetime": {"datetime": "2021-10-04 11:44:31", "elapsed": 137.883452, "delta": 0.882949}}
{"target": -48.16586657933082, "params": {"C": 121137.48899011, "gamma": 0.0194323767607651}, "datetime": {"datetime": "2021-10-04 11:44:32", "elapsed": 138.773708, "delta": 0.890256}}
{"target": -48.126990009221025, "params": {"C": 181352.3146722391, "gamma": 0.01759881162023716}, "datetime": {"datetime": "2021-10-04 11:44:33", "elapsed": 139.62396, "delta": 0.850252}}
{"target": -53.75799080140916, "params": {"C": 23369.575596870513, "gamma": 0.006942154268808389}, "datetime": {"datetime": "2021-10-04 11:44:34", "elapsed": 140.726941, "delta": 1.102981}}
{"target": -51.71779465739627, "params": {"C": 22692.13806114714, "gamma": 0.012752645064418004}, "datetime": {"datetime": "2021-10-04 11:44:35", "elapsed": 141.799512, "delta": 1.072571}}
{"target": -48.90666842215081, "params": {"C": 435879.06131506385, "gamma": 0.017476449615716583}, "datetime": {"datetime": "2021-10-04 11:44:36", "elapsed": 142.72697, "delta": 0.927458}}
{"target": -49.0093803042897, "params": {"C": 272869.4821632693, "gamma": 0.02849839598719962}, "datetime": {"datetime": "2021-10-04 11:44:37", "elapsed": 143.736109, "delta": 1.009139}}
{"target": -48.86309705065381, "params": {"C": 120460.61403090623, "gamma": 0.012945510728611572}, "datetime": {"datetime": "2021-10-04 11:44:38", "elapsed": 144.933136, "delta": 1.197027}}
{"target": -48.623541265193246, "params": {"C": 213621.70997664507, "gamma": 0.011789493313475565}, "datetime": {"datetime": "2021-10-04 11:44:39", "elapsed": 145.731128, "delta": 0.797992}}
{"target": -48.092520191111724, "params": {"C": 125023.51496443595, "gamma": 0.029671419744827125}, "datetime": {"datetime": "2021-10-04 11:44:39", "elapsed": 146.609889, "delta": 0.878761}}
{"target": -51.74655079700444, "params": {"C": 169040.92401619512, "gamma": 0.005076992320023914}, "datetime": {"datetime": "2021-10-04 11:44:40", "elapsed": 147.580706, "delta": 0.970817}}
{"target": -58.05306023929162, "params": {"C": 214340.78230426126, "gamma": 0.8042271454095107}, "datetime": {"datetime": "2021-10-04 11:44:42", "elapsed": 0.0, "delta": 0.0}}
{"target": -60.5177255672083, "params": {"C": 10056.043660498994, "gamma": 0.5116328008422878}, "datetime": {"datetime": "2021-10-04 11:44:42", "elapsed": 0.157866, "delta": 0.157866}}
{"target": -52.41790345190138, "params": {"C": 81910.38650038539, "gamma": 0.3646370163381584}, "datetime": {"datetime": "2021-10-04 11:44:43", "elapsed": 0.342787, "delta": 0.184921}}
{"target": -55.41728772246998, "params": {"C": 101267.50357505874, "gamma": 0.5418925089301334}, "datetime": {"datetime": "2021-10-04 11:44:43", "elapsed": 0.534496, "delta": 0.191709}}
{"target": -57.12621556456173, "params": {"C": 204416.06237302828, "gamma": 0.6771717138023499}, "datetime": {"datetime": "2021-10-04 11:44:43", "elapsed": 0.690624, "delta": 0.156128}}
{"target": -57.775065832534004, "params": {"C": 81906.48605646653, "gamma": 0.7878148285057636}, "datetime": {"datetime": "2021-10-04 11:44:43", "elapsed": 0.896555, "delta": 0.205931}}
{"target": -58.217616366686606, "params": {"C": 416700.9348647854, "gamma": 0.7620965420111262}, "datetime": {"datetime": "2021-10-04 11:44:43", "elapsed": 1.130909, "delta": 0.234354}}
{"target": -57.451594118952805, "params": {"C": 83160.28945512748, "gamma": 0.7401682348019338}, "datetime": {"datetime": "2021-10-04 11:44:44", "elapsed": 1.354163, "delta": 0.223254}}
{"target": -58.40630673663516, "params": {"C": 52175.3280352406, "gamma": 0.8310839362937954}, "datetime": {"datetime": "2021-10-04 11:44:44", "elapsed": 1.592553, "delta": 0.23839}}
{"target": -53.25888814416106, "params": {"C": 203857.43195828306, "gamma": 0.4130207202982343}, "datetime": {"datetime": "2021-10-04 11:44:44", "elapsed": 1.84002, "delta": 0.247467}}
{"target": -56.82338714962786, "params": {"C": 444971.5452176893, "gamma": 0.6130401747290796}, "datetime": {"datetime": "2021-10-04 11:44:44", "elapsed": 2.062748, "delta": 0.222728}}
{"target": -55.67978676794618, "params": {"C": 221824.14280554253, "gamma": 0.5464137346904349}, "datetime": {"datetime": "2021-10-04 11:44:45", "elapsed": 2.310211, "delta": 0.247463}}
{"target": -56.197849848485596, "params": {"C": 308850.76071160013, "gamma": 0.5750129875303385}, "datetime": {"datetime": "2021-10-04 11:44:45", "elapsed": 2.564004, "delta": 0.253793}}
{"target": -58.16977045443315, "params": {"C": 281068.64253237477, "gamma": 0.7914337396172362}, "datetime": {"datetime": "2021-10-04 11:44:45", "elapsed": 2.810746, "delta": 0.246742}}
{"target": -55.998430010016904, "params": {"C": 82737.97394374857, "gamma": 0.5846785777109608}, "datetime": {"datetime": "2021-10-04 11:44:45", "elapsed": 3.064755, "delta": 0.254009}}
{"target": -57.62395265363957, "params": {"C": 42735.62910723015, "gamma": 0.6740008084502758}, "datetime": {"datetime": "2021-10-04 11:44:46", "elapsed": 3.296195, "delta": 0.23144}}
{"target": -54.722253043562446, "params": {"C": 176207.4537263583, "gamma": 0.4924257545753288}, "datetime": {"datetime": "2021-10-04 11:44:46", "elapsed": 3.565857, "delta": 0.269662}}
{"target": -57.57305655327115, "params": {"C": 103561.92259563644, "gamma": 0.7714202406771167}, "datetime": {"datetime": "2021-10-04 11:44:46", "elapsed": 3.860201, "delta": 0.294344}}
{"target": -56.562389605791864, "params": {"C": 455788.58312411286, "gamma": 0.5912473330907658}, "datetime": {"datetime": "2021-10-04 11:44:46", "elapsed": 4.129326, "delta": 0.269125}}
{"target": -57.65728049702989, "params": {"C": 92357.44578352469, "gamma": 0.7788729829862313}, "datetime": {"datetime": "2021-10-04 11:44:47", "elapsed": 4.393308, "delta": 0.263982}}
{"target": -56.32269495030865, "params": {"C": 361333.0276192603, "gamma": 0.5799283720738404}, "datetime": {"datetime": "2021-10-04 11:44:47", "elapsed": 4.645856, "delta": 0.252548}}
{"target": -57.94063767148973, "params": {"C": 49070.85369640453, "gamma": 0.739011249378902}, "datetime": {"datetime": "2021-10-04 11:44:47", "elapsed": 4.884199, "delta": 0.238343}}
{"target": -54.179538635003, "params": {"C": 176209.50162416123, "gamma": 0.4637637417268781}, "datetime": {"datetime": "2021-10-04 11:44:47", "elapsed": 5.146922, "delta": 0.262723}}
{"target": -57.96522582061973, "params": {"C": 221818.4028662641, "gamma": 0.7865887324888563}, "datetime": {"datetime": "2021-10-04 11:44:48", "elapsed": 5.40094, "delta": 0.254018}}
{"target": -56.860981045849286, "params": {"C": 203860.76659096192, "gamma": 0.6483953991503209}, "datetime": {"datetime": "2021-10-04 11:44:48", "elapsed": 5.67053, "delta": 0.26959}}
{"target": -56.85948504824292, "params": {"C": 203854.23745072266, "gamma": 0.6482375233033388}, "datetime": {"datetime": "2021-10-04 11:44:48", "elapsed": 5.917995, "delta": 0.247465}}
{"target": -56.51262446996579, "params": {"C": 82746.06853765933, "gamma": 0.6305138866963629}, "datetime": {"datetime": "2021-10-04 11:44:48", "elapsed": 6.184421, "delta": 0.266426}}
{"target": -54.65390519475727, "params": {"C": 308845.44114062015, "gamma": 0.478442504332223}, "datetime": {"datetime": "2021-10-04 11:44:49", "elapsed": 6.488671, "delta": 0.30425}}
{"target": -53.182920994879254, "params": {"C": 176199.84856981086, "gamma": 0.41306995941975894}, "datetime": {"datetime": "2021-10-04 11:44:49", "elapsed": 6.751744, "delta": 0.263073}}
{"target": -54.78975826452222, "params": {"C": 101262.81872683532, "gamma": 0.4997700913700142}, "datetime": {"datetime": "2021-10-04 11:44:49", "elapsed": 7.00551, "delta": 0.253766}}
{"target": -58.30335637596239, "params": {"C": 101259.307297167, "gamma": 0.9072872693150322}, "datetime": {"datetime": "2021-10-04 11:44:50", "elapsed": 7.275088, "delta": 0.269578}}
{"target": -56.37260646036323, "params": {"C": 308842.76321589184, "gamma": 0.5883277572888284}, "datetime": {"datetime": "2021-10-04 11:44:50", "elapsed": 7.553869, "delta": 0.278781}}
{"target": -58.19882019166628, "params": {"C": 81910.05177169859, "gamma": 0.8699984994107162}, "datetime": {"datetime": "2021-10-04 11:44:50", "elapsed": 7.839118, "delta": 0.285249}}
{"target": -56.6134339351045, "params": {"C": 40522.77741951225, "gamma": 0.5727771826216645}, "datetime": {"datetime": "2021-10-04 11:44:50", "elapsed": 8.124348, "delta": 0.28523}}
{"target": -55.27468199662259, "params": {"C": 371944.75676175416, "gamma": 0.508697183360844}, "datetime": {"datetime": "2021-10-04 11:44:51", "elapsed": 8.393765, "delta": 0.269417}}
{"target": -59.11582448877844, "params": {"C": 336276.3683318522, "gamma": 0.9620515145000097}, "datetime": {"datetime": "2021-10-04 11:44:51", "elapsed": 8.694697, "delta": 0.300932}}
{"target": -58.37246172724157, "params": {"C": 118977.54770427902, "gamma": 0.9169442374565111}, "datetime": {"datetime": "2021-10-04 11:44:51", "elapsed": 8.99535, "delta": 0.300653}}
{"target": -57.97497373587569, "params": {"C": 51627.398355285506, "gamma": 0.7534245093776692}, "datetime": {"datetime": "2021-10-04 11:44:52", "elapsed": 9.300315, "delta": 0.304965}}
{"target": -57.02455032376866, "params": {"C": 448661.22573548666, "gamma": 0.6292717239574717}, "datetime": {"datetime": "2021-10-04 11:44:52", "elapsed": 9.581528, "delta": 0.281213}}
{"target": -58.63944749439156, "params": {"C": 221763.6011478573, "gamma": 0.9058370244202909}, "datetime": {"datetime": "2021-10-04 11:44:52", "elapsed": 9.913666, "delta": 0.332138}}
{"target": -55.271766149303794, "params": {"C": 23671.994966774168, "gamma": 0.3967435540406908}, "datetime": {"datetime": "2021-10-04 11:44:53", "elapsed": 10.229977, "delta": 0.316311}}
{"target": -56.92253095773047, "params": {"C": 463722.99970874697, "gamma": 0.6196249141258345}, "datetime": {"datetime": "2021-10-04 11:44:53", "elapsed": 10.562122, "delta": 0.332145}}
{"target": -58.95294607574024, "params": {"C": 442340.63686277554, "gamma": 0.8881891589461159}, "datetime": {"datetime": "2021-10-04 11:44:53", "elapsed": 10.863018, "delta": 0.300896}}
{"target": -58.63816802804682, "params": {"C": 309487.2130445675, "gamma": 0.8663114702667338}, "datetime": {"datetime": "2021-10-04 11:44:53", "elapsed": 11.163641, "delta": 0.300623}}
{"target": -57.662331650555394, "params": {"C": 40690.04906606934, "gamma": 0.669184487748852}, "datetime": {"datetime": "2021-10-04 11:44:54", "elapsed": 11.480165, "delta": 0.316524}}
