{"target": 0.22454141518616189, "params": {"C": 551929.1187058316, "gamma": 0.8010581386859685}, "datetime": {"datetime": "2021-10-04 11:07:14", "elapsed": 195.091291, "delta": 1.452118}}
{"target": 0.2464386359171049, "params": {"C": 548134.4713094853, "gamma": 0.6577171049002472}, "datetime": {"datetime": "2021-10-04 11:07:16", "elapsed": 197.024153, "delta": 1.932862}}
{"target": 0.22667926230803426, "params": {"C": 605972.1250247487, "gamma": 0.43197866145361197}, "datetime": {"datetime": "2021-10-04 11:07:17", "elapsed": 198.176845, "delta": 1.152692}}
{"target": 0.24802255554074315, "params": {"C": 977419.7975551558, "gamma": 0.6265256990009578}, "datetime": {"datetime": "2021-10-04 11:07:18", "elapsed": 199.401528, "delta": 1.224683}}
{"target": 0.2257554456291594, "params": {"C": 599438.9360677729, "gamma": 0.7955340321989343}, "datetime": {"datetime": "2021-10-04 11:07:19", "elapsed": 200.436165, "delta": 1.034637}}
{"target": 0.19230784213940177, "params": {"C": 705696.3078341379, "gamma": 0.9739572017146546}, "datetime": {"datetime": "2021-10-04 11:07:21", "elapsed": 202.445137, "delta": 2.008972}}
{"target": 0.017218747874360285, "params": {"C": 781039.059252958, "gamma": 0.19861267364320798}, "datetime": {"datetime": "2021-10-04 11:07:22", "elapsed": 203.404113, "delta": 0.958976}}
{"target": 0.1525074756841568, "params": {"C": 705684.5791481057, "gamma": 0.03748853191162396}, "datetime": {"datetime": "2021-10-04 11:07:24", "elapsed": 204.99189, "delta": 1.587777}}
{"target": 0.1640253943266462, "params": {"C": 532071.677411611, "gamma": 0.3138148061643701}, "datetime": {"datetime": "2021-10-04 11:07:25", "elapsed": 206.025667, "delta": 1.033777}}
{"target": 0.20970606412762893, "params": {"C": 693393.4031692334, "gamma": 0.8829059685615069}, "datetime": {"datetime": "2021-10-04 11:07:26", "elapsed": 207.075795, "delta": 1.050128}}
{"target": 0.23934999585389316, "params": {"C": 525733.1067995413, "gamma": 0.46623297977670536}, "datetime": {"datetime": "2021-10-04 11:07:27", "elapsed": 208.332039, "delta": 1.256244}}
{"target": 0.20461743427874024, "params": {"C": 609243.9134426075, "gamma": 0.9075580592769452}, "datetime": {"datetime": "2021-10-04 11:07:28", "elapsed": 209.370868, "delta": 1.038829}}
{"target": 0.228824176759179, "params": {"C": 609244.6784972281, "gamma": 0.7785053024714096}, "datetime": {"datetime": "2021-10-04 11:07:29", "elapsed": 210.880156, "delta": 1.509288}}
{"target": -0.007281302041580062, "params": {"C": 775402.9607533236, "gamma": 0.17736648054511756}, "datetime": {"datetime": "2021-10-04 11:07:31", "elapsed": 211.951495, "delta": 1.071339}}
{"target": 0.2396336253222947, "params": {"C": 552015.6618466299, "gamma": 0.7110676041635557}, "datetime": {"datetime": "2021-10-04 11:07:32", "elapsed": 213.034961, "delta": 1.083466}}
{"target": 0.21400170268552698, "params": {"C": 823140.7418212858, "gamma": 0.8620633178887193}, "datetime": {"datetime": "2021-10-04 11:07:33", "elapsed": 214.073809, "delta": 1.038848}}
{"target": -0.0037016083835721414, "params": {"C": 823151.4796759868, "gamma": 0.18680415118821267}, "datetime": {"datetime": "2021-10-04 11:07:34", "elapsed": 215.507939, "delta": 1.43413}}
{"target": 0.1900504552195993, "params": {"C": 619446.4509275821, "gamma": 0.9838920631612151}, "datetime": {"datetime": "2021-10-04 11:07:35", "elapsed": 216.642374, "delta": 1.134435}}
{"target": 0.03159882900324151, "params": {"C": 931885.2311437991, "gamma": 0.2240221351677788}, "datetime": {"datetime": "2021-10-04 11:07:36", "elapsed": 217.729659, "delta": 1.087285}}
{"target": 0.24874569675976355, "params": {"C": 645465.7352540611, "gamma": 0.629517008145743}, "datetime": {"datetime": "2021-10-04 11:07:38", "elapsed": 218.934416, "delta": 1.204757}}
{"target": 0.19322072682092062, "params": {"C": 792313.4370873056, "gamma": 0.9705468164479997}, "datetime": {"datetime": "2021-10-04 11:07:39", "elapsed": 220.658956, "delta": 1.72454}}
{"target": 0.24928724164585048, "params": {"C": 601862.7857176791, "gamma": 0.6233647743597438}, "datetime": {"datetime": "2021-10-04 11:07:41", "elapsed": 221.923942, "delta": 1.264986}}
{"target": 0.22731995615655254, "params": {"C": 977420.0972709991, "gamma": 0.4541662041490352}, "datetime": {"datetime": "2021-10-04 11:07:42", "elapsed": 223.110453, "delta": 1.186511}}
{"target": 0.20548541107308094, "params": {"C": 780841.2236793905, "gamma": 0.906226517898506}, "datetime": {"datetime": "2021-10-04 11:07:43", "elapsed": 224.662987, "delta": 1.552534}}
{"target": 0.19148172740997949, "params": {"C": 610225.8117484814, "gamma": 0.36115927936370906}, "datetime": {"datetime": "2021-10-04 11:07:45", "elapsed": 225.903606, "delta": 1.240619}}
{"target": 0.06234812806478107, "params": {"C": 718475.0120885755, "gamma": 0.2290952341837722}, "datetime": {"datetime": "2021-10-04 11:07:46", "elapsed": 227.582296, "delta": 1.67869}}
{"target": 0.2465679370302426, "params": {"C": 578937.098355049, "gamma": 0.6562590628298782}, "datetime": {"datetime": "2021-10-04 11:07:48", "elapsed": 228.971485, "delta": 1.389189}}
{"target": 0.25071948160166646, "params": {"C": 607124.6138574183, "gamma": 0.5741395441785606}, "datetime": {"datetime": "2021-10-04 11:07:49", "elapsed": 230.086169, "delta": 1.114684}}
{"target": -0.06705986528280294, "params": {"C": 860971.104176177, "gamma": 0.12717735742762434}, "datetime": {"datetime": "2021-10-04 11:07:50", "elapsed": 231.218066, "delta": 1.131897}}
{"target": 0.08005189101472787, "params": {"C": 609633.5472109545, "gamma": 0.2317912219991672}, "datetime": {"datetime": "2021-10-04 11:07:51", "elapsed": 232.807541, "delta": 1.589475}}
{"target": 0.2258285251088703, "params": {"C": 609633.9136250614, "gamma": 0.7953371789855156}, "datetime": {"datetime": "2021-10-04 11:07:53", "elapsed": 233.93976, "delta": 1.132219}}
{"target": 0.20481338356563128, "params": {"C": 930869.7664725772, "gamma": 0.9112436824355179}, "datetime": {"datetime": "2021-10-04 11:07:54", "elapsed": 235.040108, "delta": 1.100348}}
{"target": 0.24173279313722928, "params": {"C": 532423.3487946066, "gamma": 0.4774178543309493}, "datetime": {"datetime": "2021-10-04 11:07:55", "elapsed": 236.678719, "delta": 1.638611}}
{"target": 0.24877656569249018, "params": {"C": 926851.7954765977, "gamma": 0.5717654261021928}, "datetime": {"datetime": "2021-10-04 11:07:56", "elapsed": 237.838188, "delta": 1.159469}}
{"target": 0.10264164703202316, "params": {"C": 532448.5266736521, "gamma": 0.2430186515686841}, "datetime": {"datetime": "2021-10-04 11:07:58", "elapsed": 238.962235, "delta": 1.124047}}
{"target": 0.14437226888189247, "params": {"C": 551930.1314551192, "gamma": 0.29172794996823515}, "datetime": {"datetime": "2021-10-04 11:07:59", "elapsed": 240.116554, "delta": 1.154319}}
{"target": 0.042287585243562464, "params": {"C": 601858.6850586531, "gamma": 0.19450754376259208}, "datetime": {"datetime": "2021-10-04 11:08:00", "elapsed": 241.866104, "delta": 1.74955}}
{"target": 0.07986889261139773, "params": {"C": 798093.2867401559, "gamma": 0.25169277353155667}, "datetime": {"datetime": "2021-10-04 11:08:02", "elapsed": 243.005396, "delta": 1.139292}}
{"target": -0.016682563052180077, "params": {"C": 645429.3646855032, "gamma": 0.12057447599075627}, "datetime": {"datetime": "2021-10-04 11:08:03", "elapsed": 244.397236, "delta": 1.39184}}
{"target": 0.1749541503506491, "params": {"C": 601843.9207210361, "gamma": 0.335891283384218}, "datetime": {"datetime": "2021-10-04 11:08:04", "elapsed": 245.768827, "delta": 1.371591}}
{"target": 0.2044717712692793, "params": {"C": 616195.6186849497, "gamma": 0.3838657880673797}, "datetime": {"datetime": "2021-10-04 11:08:06", "elapsed": 246.962689, "delta": 1.193862}}
{"target": -0.08120341869026193, "params": {"C": 926851.5167330495, "gamma": 0.11061984777954621}, "datetime": {"datetime": "2021-10-04 11:08:07", "elapsed": 248.638209, "delta": 1.67552}}
{"target": 0.24074841078941167, "params": {"C": 575463.5496936765, "gamma": 0.4773078740764139}, "datetime": {"datetime": "2021-10-04 11:08:08", "elapsed": 249.791256, "delta": 1.153047}}
{"target": 0.13994418262613673, "params": {"C": 601862.573903292, "gamma": 0.29227366626969353}, "datetime": {"datetime": "2021-10-04 11:08:10", "elapsed": 251.297103, "delta": 1.505847}}
{"target": 0.2385734314773692, "params": {"C": 978953.6503277156, "gamma": 0.4929754390606992}, "datetime": {"datetime": "2021-10-04 11:08:11", "elapsed": 252.50962, "delta": 1.212517}}
{"target": 0.016350938113205316, "params": {"C": 578937.2242732928, "gamma": 0.16095825983574433}, "datetime": {"datetime": "2021-10-04 11:08:14", "elapsed": 254.957217, "delta": 2.447597}}
{"target": 0.24720629866671195, "params": {"C": 532435.5660418336, "gamma": 0.509334978677786}, "datetime": {"datetime": "2021-10-04 11:08:15", "elapsed": 256.850751, "delta": 1.893534}}
{"target": 0.1905700250444341, "params": {"C": 781020.8270468637, "gamma": 0.9843934948604159}, "datetime": {"datetime": "2021-10-04 11:08:17", "elapsed": 258.27039, "delta": 1.419639}}
{"target": 0.24469022919107075, "params": {"C": 861139.2012604786, "gamma": 0.6710087896020266}, "datetime": {"datetime": "2021-10-04 11:08:18", "elapsed": 259.449746, "delta": 1.179356}}
{"target": 0.15158518920159825, "params": {"C": 861756.5187221029, "gamma": 0.32499233042202785}, "datetime": {"datetime": "2021-10-04 11:08:19", "elapsed": 260.714065, "delta": 1.264319}}
{"target": 0.1945858857392142, "params": {"C": 855810.4396296276, "gamma": 0.9641346027587684}, "datetime": {"datetime": "2021-10-04 11:08:21", "elapsed": 262.182828, "delta": 1.468763}}
{"target": 0.23724627618209904, "params": {"C": 645466.0304483208, "gamma": 0.7280765635267007}, "datetime": {"datetime": "2021-10-04 11:08:22", "elapsed": 263.734051, "delta": 1.551223}}
{"target": 0.20182644090316415, "params": {"C": 702670.1368184164, "gamma": 0.924095731150683}, "datetime": {"datetime": "2021-10-04 11:08:24", "elapsed": 264.934208, "delta": 1.200157}}
{"target": 0.22581189358217169, "params": {"C": 561782.2318650573, "gamma": 0.4258081140424127}, "datetime": {"datetime": "2021-10-04 11:08:25", "elapsed": 266.439835, "delta": 1.505627}}
{"target": 0.13830415232198423, "params": {"C": 627649.2982694448, "gamma": 0.2930812641468058}, "datetime": {"datetime": "2021-10-04 11:08:27", "elapsed": 268.150252, "delta": 1.710417}}
{"target": 0.10158407217123633, "params": {"C": 512481.4023204389, "gamma": 0.2386287775908643}, "datetime": {"datetime": "2021-10-04 11:08:28", "elapsed": 269.573457, "delta": 1.423205}}
{"target": 0.20651966763338503, "params": {"C": 934722.4407068763, "gamma": 0.9023415646637694}, "datetime": {"datetime": "2021-10-04 11:08:30", "elapsed": 270.895059, "delta": 1.321602}}
{"target": 0.24545182927108145, "params": {"C": 891103.9049376234, "gamma": 0.5275263532510542}, "datetime": {"datetime": "2021-10-04 11:08:31", "elapsed": 272.336719, "delta": 1.44166}}
{"target": 0.24169935981212087, "params": {"C": 596780.9404078326, "gamma": 0.4837337151650708}, "datetime": {"datetime": "2021-10-04 11:08:32", "elapsed": 273.843605, "delta": 1.506886}}
{"target": 0.19273299574580338, "params": {"C": 645456.2048355158, "gamma": 0.9704229551513092}, "datetime": {"datetime": "2021-10-04 11:08:34", "elapsed": 275.503754, "delta": 1.660149}}
{"target": 0.2006015042688697, "params": {"C": 901637.5762627209, "gamma": 0.9330324719532971}, "datetime": {"datetime": "2021-10-04 11:08:35", "elapsed": 276.729101, "delta": 1.225347}}
{"target": 0.23743704180171887, "params": {"C": 988854.9150201099, "gamma": 0.7274896760419202}, "datetime": {"datetime": "2021-10-04 11:08:37", "elapsed": 278.012423, "delta": 1.283322}}
{"target": 0.20081620065174044, "params": {"C": 504051.92062367575, "gamma": 0.3664312608346241}, "datetime": {"datetime": "2021-10-04 11:08:38", "elapsed": 279.291095, "delta": 1.278672}}
{"target": 0.2030860629855713, "params": {"C": 734224.2306687902, "gamma": 0.9180673914218708}, "datetime": {"datetime": "2021-10-04 11:08:39", "elapsed": 280.684191, "delta": 1.393096}}
{"target": 0.23546255191193188, "params": {"C": 524717.2465981179, "gamma": 0.7374804079810476}, "datetime": {"datetime": "2021-10-04 11:08:41", "elapsed": 282.096561, "delta": 1.41237}}
{"target": 0.21182846791121868, "params": {"C": 601838.2216678318, "gamma": 0.8699071122062686}, "datetime": {"datetime": "2021-10-04 11:08:42", "elapsed": 283.770876, "delta": 1.674315}}
{"target": 0.24698873836277546, "params": {"C": 915724.3220211979, "gamma": 0.5428734221823835}, "datetime": {"datetime": "2021-10-04 11:08:44", "elapsed": 285.377411, "delta": 1.606535}}
{"target": 0.22213890827237648, "params": {"C": 645446.5339065283, "gamma": 0.4233394150090584}, "datetime": {"datetime": "2021-10-04 11:08:46", "elapsed": 287.009978, "delta": 1.632567}}
{"target": 0.08018637265600914, "params": {"C": 841518.6694466787, "gamma": 0.2553652486938601}, "datetime": {"datetime": "2021-10-04 11:08:47", "elapsed": 288.267585, "delta": 1.257607}}
{"target": -0.04826733962386576, "params": {"C": 802130.2271809438, "gamma": 0.10379302858289362}, "datetime": {"datetime": "2021-10-04 11:08:48", "elapsed": 289.566069, "delta": 1.298484}}
{"target": 0.2469345023913433, "params": {"C": 616133.6210771829, "gamma": 0.65210663306103}, "datetime": {"datetime": "2021-10-04 11:08:50", "elapsed": 290.900706, "delta": 1.334637}}
{"target": 0.25053818940467054, "params": {"C": 636358.6549725481, "gamma": 0.5766206869151604}, "datetime": {"datetime": "2021-10-04 11:08:51", "elapsed": 292.152745, "delta": 1.252039}}
{"target": 0.10944745362518193, "params": {"C": 587275.6799087229, "gamma": 0.25783451196568535}, "datetime": {"datetime": "2021-10-04 11:08:52", "elapsed": 293.494016, "delta": 1.341271}}
{"target": 0.16677154794121984, "params": {"C": 564032.9698445, "gamma": 0.03566731409588573}, "datetime": {"datetime": "2021-10-04 11:08:54", "elapsed": 295.243677, "delta": 1.749661}}
{"target": 0.24757464670853335, "params": {"C": 775835.2232957941, "gamma": 0.5381863464388194}, "datetime": {"datetime": "2021-10-04 11:08:55", "elapsed": 296.475694, "delta": 1.232017}}
{"target": 0.17535840599085128, "params": {"C": 791335.0737788585, "gamma": 0.3502745453864724}, "datetime": {"datetime": "2021-10-04 11:08:57", "elapsed": 297.912782, "delta": 1.437088}}
{"target": 0.2422110538320169, "params": {"C": 614215.4969668059, "gamma": 0.6931800298398212}, "datetime": {"datetime": "2021-10-04 11:08:58", "elapsed": 299.283731, "delta": 1.370949}}
{"target": 0.01163724547281697, "params": {"C": 705459.7658203254, "gamma": 0.183381306405376}, "datetime": {"datetime": "2021-10-04 11:08:59", "elapsed": 300.599992, "delta": 1.316261}}
{"target": 0.2142398751228881, "params": {"C": 623677.1718036092, "gamma": 0.8578198970680316}, "datetime": {"datetime": "2021-10-04 11:09:01", "elapsed": 301.958861, "delta": 1.358869}}
{"target": 0.2273997409546571, "params": {"C": 882696.2623975296, "gamma": 0.4505771841935276}, "datetime": {"datetime": "2021-10-04 11:09:02", "elapsed": 303.389142, "delta": 1.430281}}
{"target": 0.20943936700138377, "params": {"C": 771630.1113186076, "gamma": 0.8854625981393374}, "datetime": {"datetime": "2021-10-04 11:09:03", "elapsed": 304.698425, "delta": 1.309283}}
{"target": 0.2037358533375342, "params": {"C": 645462.6965130675, "gamma": 0.3848109347014797}, "datetime": {"datetime": "2021-10-04 11:09:05", "elapsed": 306.50306, "delta": 1.804635}}
{"target": -0.012312930740139727, "params": {"C": 762286.6455482072, "gamma": 0.08622060087743035}, "datetime": {"datetime": "2021-10-04 11:09:07", "elapsed": 307.898096, "delta": 1.395036}}
{"target": 0.10857012383426956, "params": {"C": 771629.6355086361, "gamma": 0.27528756776678526}, "datetime": {"datetime": "2021-10-04 11:09:09", "elapsed": 309.928404, "delta": 2.030308}}
{"target": 0.22304314044537288, "params": {"C": 800381.8136140835, "gamma": 0.8132426109068651}, "datetime": {"datetime": "2021-10-04 11:09:10", "elapsed": 311.344069, "delta": 1.415665}}
{"target": 0.2263064062971264, "params": {"C": 627649.5876470952, "gamma": 0.7930196302728671}, "datetime": {"datetime": "2021-10-04 11:09:12", "elapsed": 313.247907, "delta": 1.903838}}
{"target": 0.23888377990677623, "params": {"C": 930707.8803867653, "gamma": 0.7174801649294177}, "datetime": {"datetime": "2021-10-04 11:09:13", "elapsed": 314.777999, "delta": 1.530092}}
{"target": 0.24866814102345491, "params": {"C": 895876.8822069041, "gamma": 0.6172607725580533}, "datetime": {"datetime": "2021-10-04 11:09:15", "elapsed": 316.132386, "delta": 1.354387}}
{"target": 0.21103946392172002, "params": {"C": 958135.1017541946, "gamma": 0.4153116961537285}, "datetime": {"datetime": "2021-10-04 11:09:17", "elapsed": 318.236816, "delta": 2.10443}}
{"target": 0.17310777644579511, "params": {"C": 589743.0998849153, "gamma": 0.3321978570634854}, "datetime": {"datetime": "2021-10-04 11:09:18", "elapsed": 319.727428, "delta": 1.490612}}
{"target": 0.11069495089694026, "params": {"C": 607124.8801291846, "gamma": 0.26155319635537727}, "datetime": {"datetime": "2021-10-04 11:09:20", "elapsed": 321.532174, "delta": 1.804746}}
{"target": 0.2258653756846083, "params": {"C": 557381.6218099904, "gamma": 0.7939351569711347}, "datetime": {"datetime": "2021-10-04 11:09:22", "elapsed": 323.471455, "delta": 1.939281}}
{"target": 0.20479433386065926, "params": {"C": 596782.2028789492, "gamma": 0.9063038529587376}, "datetime": {"datetime": "2021-10-04 11:09:24", "elapsed": 325.559187, "delta": 2.087732}}
{"target": 0.13007860428339135, "params": {"C": 579064.4767709597, "gamma": 0.2787029920929744}, "datetime": {"datetime": "2021-10-04 11:09:26", "elapsed": 327.225085, "delta": 1.665898}}
{"target": 0.2449830082093698, "params": {"C": 923561.326800517, "gamma": 0.6673617993493373}, "datetime": {"datetime": "2021-10-04 11:09:27", "elapsed": 328.830118, "delta": 1.605033}}
{"target": -0.009035011902744694, "params": {"C": 636664.3049814629, "gamma": 0.1078501881574007}, "datetime": {"datetime": "2021-10-04 11:09:29", "elapsed": 330.625299, "delta": 1.795181}}
{"target": 0.20362768594721148, "params": {"C": 747056.3007488451, "gamma": 0.9154422054553616}, "datetime": {"datetime": "2021-10-04 11:09:31", "elapsed": 332.298193, "delta": 1.672894}}
{"target": 0.1391531316147827, "params": {"C": 763801.5369799291, "gamma": 0.30535419668047603}, "datetime": {"datetime": "2021-10-04 11:09:33", "elapsed": 334.145314, "delta": 1.847121}}
{"target": 0.25048118901221095, "params": {"C": 512302.5691263434, "gamma": 0.5408232474208228}, "datetime": {"datetime": "2021-10-04 11:09:35", "elapsed": 335.953596, "delta": 1.808282}}
{"target": 0.23004560772566252, "params": {"C": 593434.6601645442, "gamma": 0.7712100163564091}, "datetime": {"datetime": "2021-10-04 11:09:36", "elapsed": 337.502739, "delta": 1.549143}}
{"target": 0.20007854815738924, "params": {"C": 535327.8848467956, "gamma": 0.36852059503833334}, "datetime": {"datetime": "2021-10-04 11:09:38", "elapsed": 339.164392, "delta": 1.661653}}
{"target": 0.20331586782581823, "params": {"C": 575463.6369767557, "gamma": 0.9133369393517695}, "datetime": {"datetime": "2021-10-04 11:09:40", "elapsed": 341.167837, "delta": 2.003445}}
{"target": 0.21596858635471927, "params": {"C": 532417.670939957, "gamma": 0.8462011367830888}, "datetime": {"datetime": "2021-10-04 11:09:42", "elapsed": 343.191134, "delta": 2.023297}}
{"target": 0.2423944887251479, "params": {"C": 921087.3412933712, "gamma": 0.6907368391856552}, "datetime": {"datetime": "2021-10-04 11:09:44", "elapsed": 344.893568, "delta": 1.702434}}
{"target": 0.23093165207116084, "params": {"C": 933726.6718628734, "gamma": 0.7688888788600511}, "datetime": {"datetime": "2021-10-04 11:09:46", "elapsed": 347.044711, "delta": 2.151143}}
{"target": 0.1888713711319332, "params": {"C": 537820.2903489398, "gamma": 0.98738390150701}, "datetime": {"datetime": "2021-10-04 11:09:47", "elapsed": 348.738427, "delta": 1.693716}}
{"target": 0.13151917577697825, "params": {"C": 709852.5104418886, "gamma": 0.2931646820591847}, "datetime": {"datetime": "2021-10-04 11:09:49", "elapsed": 350.239262, "delta": 1.500835}}
{"target": 0.2406446418378645, "params": {"C": 705696.6440912262, "gamma": 0.7050158299666993}, "datetime": {"datetime": "2021-10-04 11:09:51", "elapsed": 352.553952, "delta": 2.31469}}
{"target": 0.24434875795457067, "params": {"C": 658762.0719533869, "gamma": 0.6759751656977216}, "datetime": {"datetime": "2021-10-04 11:09:53", "elapsed": 354.300796, "delta": 1.746844}}
{"target": 0.2064447772351964, "params": {"C": 874181.9383799518, "gamma": 0.9022312852047859}, "datetime": {"datetime": "2021-10-04 11:09:55", "elapsed": 356.623183, "delta": 2.322387}}
{"target": 0.21000812397773916, "params": {"C": 762566.2077565349, "gamma": 0.8823701203026187}, "datetime": {"datetime": "2021-10-04 11:09:57", "elapsed": 358.264448, "delta": 1.641265}}
{"target": 0.2502044008751304, "params": {"C": 675994.0112284072, "gamma": 0.594359040360327}, "datetime": {"datetime": "2021-10-04 11:09:58", "elapsed": 359.782143, "delta": 1.517695}}
{"target": 0.11376293672741267, "params": {"C": 891103.531548691, "gamma": 0.2881615462521423}, "datetime": {"datetime": "2021-10-04 11:10:00", "elapsed": 361.750024, "delta": 1.967881}}
{"target": 0.25076313830002583, "params": {"C": 598426.8963958317, "gamma": 0.5857527495091438}, "datetime": {"datetime": "2021-10-04 11:10:02", "elapsed": 363.410795, "delta": 1.660771}}
{"target": 0.1705679430252951, "params": {"C": 557381.6556238177, "gamma": 0.32543215914821105}, "datetime": {"datetime": "2021-10-04 11:10:05", "elapsed": 365.966824, "delta": 2.556029}}
{"target": 0.23662431636318304, "params": {"C": 901385.8741675194, "gamma": 0.4816207828143166}, "datetime": {"datetime": "2021-10-04 11:10:07", "elapsed": 368.619986, "delta": 2.653162}}
{"target": 0.21516595113769466, "params": {"C": 810829.4694259446, "gamma": 0.8557785618047757}, "datetime": {"datetime": "2021-10-04 11:10:09", "elapsed": 370.527758, "delta": 1.907772}}
