{"target": -35.850252368128075, "params": {"C": 1926.1121758448485, "gamma": 0.053987074948558374}, "datetime": {"datetime": "2021-09-28 14:19:25", "elapsed": 1439.089008, "delta": 9.493032}}
{"target": -35.53486300909894, "params": {"C": 1924.9730591868706, "gamma": 0.03166854438584046}, "datetime": {"datetime": "2021-09-28 14:19:34", "elapsed": 1448.040596, "delta": 8.951588}}
{"target": -35.65122519612719, "params": {"C": 1896.9454084676745, "gamma": 0.04038440254707055}, "datetime": {"datetime": "2021-09-28 14:19:45", "elapsed": 1459.412423, "delta": 11.371827}}
{"target": -35.65768386789369, "params": {"C": 1999.2846402317737, "gamma": 0.013842615049591972}, "datetime": {"datetime": "2021-09-28 14:19:51", "elapsed": 1464.867982, "delta": 5.455559}}
{"target": -35.497454321644724, "params": {"C": 1999.2769608456156, "gamma": 0.029074712068545297}, "datetime": {"datetime": "2021-09-28 14:20:00", "elapsed": 1474.311494, "delta": 9.443512}}
{"target": -35.847646300439344, "params": {"C": 1794.5864454676912, "gamma": 0.049220838629264296}, "datetime": {"datetime": "2021-09-28 14:20:10", "elapsed": 1484.135204, "delta": 9.82371}}
{"target": -35.781650876695146, "params": {"C": 1702.1783173712288, "gamma": 0.04159633772799434}, "datetime": {"datetime": "2021-09-28 14:20:19", "elapsed": 1493.195437, "delta": 9.060233}}
{"target": -36.658552301327354, "params": {"C": 1537.9539167253072, "gamma": 0.07741127297080515}, "datetime": {"datetime": "2021-09-28 14:20:22", "elapsed": 1496.298658, "delta": 3.103221}}
{"target": -35.668226218485344, "params": {"C": 1589.8279016004203, "gamma": 0.021759114236272453}, "datetime": {"datetime": "2021-09-28 14:20:27", "elapsed": 1500.70718, "delta": 4.408522}}
{"target": -36.22706419851095, "params": {"C": 2771.3206432667457, "gamma": 0.004597900100673916}, "datetime": {"datetime": "2021-09-28 14:41:32", "elapsed": 0.0, "delta": 0.0}}
{"target": -35.713179818292105, "params": {"C": 2633.6482349262756, "gamma": 0.06065789895547311}, "datetime": {"datetime": "2021-09-28 14:41:32", "elapsed": 0.198002, "delta": 0.198002}}
{"target": -35.37419843078048, "params": {"C": 2498.5070123025903, "gamma": 0.02030934170587527}, "datetime": {"datetime": "2021-09-28 14:41:33", "elapsed": 0.48118, "delta": 0.283178}}
{"target": -35.88934541873151, "params": {"C": 2198.062864759624, "gamma": 0.06156086483931982}, "datetime": {"datetime": "2021-09-28 14:41:33", "elapsed": 0.897176, "delta": 0.415996}}
{"target": -36.13727393809613, "params": {"C": 2522.1441730728034, "gamma": 0.07794949647275698}, "datetime": {"datetime": "2021-09-28 14:41:33", "elapsed": 1.400181, "delta": 0.503005}}
{"target": -35.854937744185015, "params": {"C": 2499.491147335539, "gamma": 0.06522169614923791}, "datetime": {"datetime": "2021-09-28 14:41:34", "elapsed": 1.89418, "delta": 0.493999}}
{"target": -35.34014168786344, "params": {"C": 2498.187266689563, "gamma": 0.02869706788041123}, "datetime": {"datetime": "2021-09-28 14:41:34", "elapsed": 2.302179, "delta": 0.407999}}
{"target": -35.33992176714573, "params": {"C": 2496.6518985304942, "gamma": 0.026246590036246544}, "datetime": {"datetime": "2021-09-28 14:41:35", "elapsed": 2.829393, "delta": 0.527214}}
{"target": -35.77624554690076, "params": {"C": 2494.9305460284904, "gamma": 0.06139300532873464}, "datetime": {"datetime": "2021-09-28 14:41:35", "elapsed": 3.239394, "delta": 0.410001}}
{"target": -36.006448462269304, "params": {"C": 2637.0679282750807, "gamma": 0.07435191054127235}, "datetime": {"datetime": "2021-09-28 14:41:36", "elapsed": 4.053395, "delta": 0.814001}}
{"target": -35.44883064656418, "params": {"C": 2630.7702992177765, "gamma": 0.016240535824269625}, "datetime": {"datetime": "2021-09-28 14:41:37", "elapsed": 4.48961, "delta": 0.436215}}
{"target": -35.531109332358, "params": {"C": 2629.2954862340093, "gamma": 0.014364924883954588}, "datetime": {"datetime": "2021-09-28 14:41:37", "elapsed": 4.935615, "delta": 0.446005}}
{"target": -35.4102685823503, "params": {"C": 2626.968200516172, "gamma": 0.043581078560105214}, "datetime": {"datetime": "2021-09-28 14:41:38", "elapsed": 5.454611, "delta": 0.518996}}
{"target": -36.478372057339826, "params": {"C": 2625.3860870017133, "gamma": 0.00331135656107531}, "datetime": {"datetime": "2021-09-28 14:41:38", "elapsed": 5.770608, "delta": 0.315997}}
{"target": -35.392521160755244, "params": {"C": 2628.0048971682536, "gamma": 0.041907738972622385}, "datetime": {"datetime": "2021-09-28 14:41:38", "elapsed": 6.291609, "delta": 0.521001}}
{"target": -35.54596672955576, "params": {"C": 2360.257577428708, "gamma": 0.014839973477404893}, "datetime": {"datetime": "2021-09-28 14:41:39", "elapsed": 6.713687, "delta": 0.422078}}
{"target": -36.04569040078536, "params": {"C": 2362.0874680692004, "gamma": 0.07168304503815925}, "datetime": {"datetime": "2021-09-28 14:41:39", "elapsed": 7.212685, "delta": 0.498998}}
{"target": -35.616941875081366, "params": {"C": 2358.655333707319, "gamma": 0.01332406033077324}, "datetime": {"datetime": "2021-09-28 14:41:40", "elapsed": 7.664207, "delta": 0.451522}}
{"target": -35.75713507623668, "params": {"C": 2631.936155493652, "gamma": 0.0627266637364827}, "datetime": {"datetime": "2021-09-28 14:41:41", "elapsed": 8.644283, "delta": 0.980076}}
{"target": -36.085375772445936, "params": {"C": 2356.4245592551374, "gamma": 0.0732841997875856}, "datetime": {"datetime": "2021-09-28 14:41:41", "elapsed": 9.188937, "delta": 0.544654}}
{"target": -35.82562715718415, "params": {"C": 2037.3717359176526, "gamma": 0.010793891167573726}, "datetime": {"datetime": "2021-09-28 14:41:42", "elapsed": 9.607936, "delta": 0.418999}}
{"target": -35.608281328559585, "params": {"C": 2699.2148789800353, "gamma": 0.012688624541452607}, "datetime": {"datetime": "2021-09-28 14:41:42", "elapsed": 10.028933, "delta": 0.420997}}
{"target": -35.316940506108246, "params": {"C": 2697.4121852657504, "gamma": 0.022228122302666603}, "datetime": {"datetime": "2021-09-28 14:41:43", "elapsed": 10.537935, "delta": 0.509002}}
{"target": -35.337483530638664, "params": {"C": 2696.286685645085, "gamma": 0.020705307037964325}, "datetime": {"datetime": "2021-09-28 14:41:43", "elapsed": 11.200936, "delta": 0.663001}}
{"target": -35.86881972379627, "params": {"C": 2695.054983377536, "gamma": 0.06884204105366204}, "datetime": {"datetime": "2021-09-28 14:41:44", "elapsed": 11.725546, "delta": 0.52461}}
{"target": -35.42016825308988, "params": {"C": 2701.6858325171056, "gamma": 0.046098131958701535}, "datetime": {"datetime": "2021-09-28 14:41:44", "elapsed": 12.297067, "delta": 0.571521}}
{"target": -36.17819161513528, "params": {"C": 2703.0106462770796, "gamma": 0.005080419154024649}, "datetime": {"datetime": "2021-09-28 14:41:45", "elapsed": 12.889673, "delta": 0.592606}}
{"target": -35.29130502077132, "params": {"C": 2700.7199409706964, "gamma": 0.02447751636692445}, "datetime": {"datetime": "2021-09-28 14:41:45", "elapsed": 13.38767, "delta": 0.497997}}
{"target": -35.3701362026558, "params": {"C": 2843.5225623456954, "gamma": 0.04490172210454795}, "datetime": {"datetime": "2021-09-28 14:41:46", "elapsed": 13.870672, "delta": 0.483002}}
{"target": -35.617656648077244, "params": {"C": 2842.280194718698, "gamma": 0.05931963980751755}, "datetime": {"datetime": "2021-09-28 14:41:46", "elapsed": 14.217673, "delta": 0.347001}}
{"target": -35.74224546272633, "params": {"C": 2844.6633223295366, "gamma": 0.0651595070728314}, "datetime": {"datetime": "2021-09-28 14:41:47", "elapsed": 14.790196, "delta": 0.572523}}
{"target": -35.50628767573452, "params": {"C": 2100.975133090544, "gamma": 0.03515650028525729}, "datetime": {"datetime": "2021-09-28 14:41:47", "elapsed": 15.323197, "delta": 0.533001}}
{"target": -36.32664049061173, "params": {"C": 2102.458597442309, "gamma": 0.0782855452991486}, "datetime": {"datetime": "2021-09-28 14:41:48", "elapsed": 15.973469, "delta": 0.650272}}
{"target": -36.80397964535926, "params": {"C": 2099.7723496234953, "gamma": 0.003}, "datetime": {"datetime": "2021-09-28 14:41:48", "elapsed": 16.394467, "delta": 0.420998}}
{"target": -35.66613719064173, "params": {"C": 2697.40676269331, "gamma": 0.011612612667445028}, "datetime": {"datetime": "2021-09-28 14:41:49", "elapsed": 16.831791, "delta": 0.437324}}
{"target": -36.083603542227934, "params": {"C": 2182.918764275435, "gamma": 0.006902377318163285}, "datetime": {"datetime": "2021-09-28 14:41:49", "elapsed": 17.154794, "delta": 0.323003}}
{"target": -35.283272868576866, "params": {"C": 2843.537659730552, "gamma": 0.0352093311029935}, "datetime": {"datetime": "2021-09-28 14:41:50", "elapsed": 17.807086, "delta": 0.652292}}
{"target": -36.46914820671042, "params": {"C": 2700.7097320441776, "gamma": 0.003262141967445082}, "datetime": {"datetime": "2021-09-28 14:41:50", "elapsed": 18.18309, "delta": 0.376004}}
{"target": -35.30534456975884, "params": {"C": 2700.710644176192, "gamma": 0.031940378516154506}, "datetime": {"datetime": "2021-09-28 14:41:51", "elapsed": 18.572305, "delta": 0.389215}}
{"target": -35.539370612807296, "params": {"C": 2297.633931389132, "gamma": 0.045682202680261616}, "datetime": {"datetime": "2021-09-28 14:41:51", "elapsed": 18.898305, "delta": 0.326}}
{"target": -35.3443004759095, "params": {"C": 2496.63865302986, "gamma": 0.029325712782229542}, "datetime": {"datetime": "2021-09-28 14:41:51", "elapsed": 19.231308, "delta": 0.333003}}
{"target": -35.35804870769571, "params": {"C": 2498.1639305333597, "gamma": 0.021658984777804577}, "datetime": {"datetime": "2021-09-28 14:41:52", "elapsed": 19.586306, "delta": 0.354998}}
{"target": -35.540331439776345, "params": {"C": 2496.645213174809, "gamma": 0.05041387487964978}, "datetime": {"datetime": "2021-09-28 14:41:52", "elapsed": 19.959306, "delta": 0.373}}
{"target": -36.35475363187936, "params": {"C": 2072.0397205147374, "gamma": 0.0788152940770872}, "datetime": {"datetime": "2021-09-28 14:41:52", "elapsed": 20.338305, "delta": 0.378999}}
{"target": -35.49103985723415, "params": {"C": 2564.673243689401, "gamma": 0.048835177606528814}, "datetime": {"datetime": "2021-09-28 14:41:54", "elapsed": 22.249944, "delta": 1.911639}}
{"target": -35.60674210427794, "params": {"C": 2915.421869586943, "gamma": 0.01231773750724273}, "datetime": {"datetime": "2021-09-28 14:41:56", "elapsed": 23.911175, "delta": 1.661231}}
{"target": -35.44152880672133, "params": {"C": 2572.479271779858, "gamma": 0.04506020224636284}, "datetime": {"datetime": "2021-09-28 14:41:57", "elapsed": 24.507175, "delta": 0.596}}
{"target": -35.609783754439974, "params": {"C": 2700.728110489319, "gamma": 0.056821794347245914}, "datetime": {"datetime": "2021-09-28 14:41:57", "elapsed": 25.012813, "delta": 0.505638}}
{"target": -35.47478081597959, "params": {"C": 2265.5701558498404, "gamma": 0.03793985841889618}, "datetime": {"datetime": "2021-09-28 14:41:58", "elapsed": 25.488814, "delta": 0.476001}}
{"target": -35.39698704050226, "params": {"C": 2427.836180665995, "gamma": 0.03446575854314585}, "datetime": {"datetime": "2021-09-28 14:41:58", "elapsed": 25.941811, "delta": 0.452997}}
{"target": -35.85930156779779, "params": {"C": 2559.9414572990613, "gamma": 0.06643476100101274}, "datetime": {"datetime": "2021-09-28 14:41:58", "elapsed": 26.338811, "delta": 0.397}}
{"target": -35.51493679945249, "params": {"C": 2498.1876747770293, "gamma": 0.04897679175298055}, "datetime": {"datetime": "2021-09-28 14:41:59", "elapsed": 26.741127, "delta": 0.402316}}
{"target": -35.36655306713464, "params": {"C": 2564.667852395709, "gamma": 0.036004734656322104}, "datetime": {"datetime": "2021-09-28 14:41:59", "elapsed": 27.172126, "delta": 0.430999}}
{"target": -35.97608271799321, "params": {"C": 2799.8184471926397, "gamma": 0.07519173492704552}, "datetime": {"datetime": "2021-09-28 14:42:00", "elapsed": 27.556128, "delta": 0.384002}}
{"target": -35.354364515424834, "params": {"C": 2466.8463514899126, "gamma": 0.02267584143630391}, "datetime": {"datetime": "2021-09-28 14:42:00", "elapsed": 27.942127, "delta": 0.385999}}
{"target": -35.36642885463371, "params": {"C": 2697.4162540654293, "gamma": 0.04119782174572052}, "datetime": {"datetime": "2021-09-28 14:42:00", "elapsed": 28.365272, "delta": 0.423145}}
{"target": -35.453926447023555, "params": {"C": 2882.925336859631, "gamma": 0.015575790324553074}, "datetime": {"datetime": "2021-09-28 14:42:01", "elapsed": 28.812202, "delta": 0.44693}}
{"target": -36.527056855062625, "params": {"C": 2496.6461166946265, "gamma": 0.0032664155353608953}, "datetime": {"datetime": "2021-09-28 14:42:01", "elapsed": 29.327202, "delta": 0.515}}
{"target": -35.4305103858577, "params": {"C": 2498.1647703981166, "gamma": 0.0420551491724194}, "datetime": {"datetime": "2021-09-28 14:42:02", "elapsed": 29.800202, "delta": 0.473}}
{"target": -35.398830532175175, "params": {"C": 2496.664399456374, "gamma": 0.037756354781813516}, "datetime": {"datetime": "2021-09-28 14:42:02", "elapsed": 30.206202, "delta": 0.406}}
{"target": -35.34923688027889, "params": {"C": 2564.685352913816, "gamma": 0.033211435189584984}, "datetime": {"datetime": "2021-09-28 14:42:03", "elapsed": 30.67127, "delta": 0.465068}}
{"target": -35.347729739752054, "params": {"C": 2466.878666949395, "gamma": 0.02667074597468398}, "datetime": {"datetime": "2021-09-28 14:42:03", "elapsed": 31.320268, "delta": 0.648998}}
{"target": -35.36576314309546, "params": {"C": 2843.55082485313, "gamma": 0.044528242972307196}, "datetime": {"datetime": "2021-09-28 14:42:04", "elapsed": 31.954793, "delta": 0.634525}}
{"target": -35.43911825876576, "params": {"C": 2164.083638826532, "gamma": 0.028494863492261418}, "datetime": {"datetime": "2021-09-28 14:42:05", "elapsed": 32.531794, "delta": 0.577001}}
{"target": -35.656060086770665, "params": {"C": 2499.233599175908, "gamma": 0.055883826236900226}, "datetime": {"datetime": "2021-09-28 14:42:05", "elapsed": 32.962199, "delta": 0.430405}}
{"target": -35.988752059972164, "params": {"C": 2564.6875788239327, "gamma": 0.0072874203987795955}, "datetime": {"datetime": "2021-09-28 14:42:06", "elapsed": 33.4432, "delta": 0.481001}}
{"target": -35.579575901270196, "params": {"C": 2176.754968211545, "gamma": 0.044972956123961974}, "datetime": {"datetime": "2021-09-28 14:42:06", "elapsed": 33.978197, "delta": 0.534997}}
{"target": -36.06971054172446, "params": {"C": 2466.8629696880394, "gamma": 0.006519888646096435}, "datetime": {"datetime": "2021-09-28 14:42:07", "elapsed": 34.493198, "delta": 0.515001}}
{"target": -35.337939180409485, "params": {"C": 2700.744669982134, "gamma": 0.03789530545931891}, "datetime": {"datetime": "2021-09-28 14:42:07", "elapsed": 34.956416, "delta": 0.463218}}
{"target": -35.65108666524823, "params": {"C": 2842.2762488020867, "gamma": 0.06092690297308116}, "datetime": {"datetime": "2021-09-28 14:42:08", "elapsed": 35.577418, "delta": 0.621002}}
{"target": -35.81764184508891, "params": {"C": 2701.6838257826457, "gamma": 0.06659969698292163}, "datetime": {"datetime": "2021-09-28 14:42:08", "elapsed": 36.115417, "delta": 0.537999}}
{"target": -35.450342484277876, "params": {"C": 2125.0214784057057, "gamma": 0.027443790705967353}, "datetime": {"datetime": "2021-09-28 14:42:09", "elapsed": 36.54842, "delta": 0.433003}}
{"target": -35.7800334210455, "params": {"C": 2626.987301776922, "gamma": 0.0637466552046709}, "datetime": {"datetime": "2021-09-28 14:42:09", "elapsed": 36.992237, "delta": 0.443817}}
{"target": -35.35728997656448, "params": {"C": 2596.4592153598082, "gamma": 0.03602064218566662}, "datetime": {"datetime": "2021-09-28 14:42:09", "elapsed": 37.388243, "delta": 0.396006}}
{"target": -35.34131206646301, "params": {"C": 2496.643352983213, "gamma": 0.02882692803440833}, "datetime": {"datetime": "2021-09-28 14:42:10", "elapsed": 37.814341, "delta": 0.426098}}
{"target": -35.51296579379194, "params": {"C": 2696.264630625083, "gamma": 0.01456338067556675}, "datetime": {"datetime": "2021-09-28 14:42:10", "elapsed": 38.293339, "delta": 0.478998}}
{"target": -35.67534020301445, "params": {"C": 2357.727578524527, "gamma": 0.05453939492968337}, "datetime": {"datetime": "2021-09-28 14:42:11", "elapsed": 38.732518, "delta": 0.439179}}
{"target": -35.617133933967054, "params": {"C": 2427.8478613991697, "gamma": 0.013134526713126038}, "datetime": {"datetime": "2021-09-28 14:42:11", "elapsed": 39.260513, "delta": 0.527995}}
{"target": -36.070374740550434, "params": {"C": 2843.532568394401, "gamma": 0.0797495804487857}, "datetime": {"datetime": "2021-09-28 14:42:12", "elapsed": 39.724516, "delta": 0.464003}}
{"target": -35.33604870670679, "params": {"C": 2697.3910640363138, "gamma": 0.03740487093138946}, "datetime": {"datetime": "2021-09-28 14:42:12", "elapsed": 40.221515, "delta": 0.496999}}
{"target": -35.426976120539216, "params": {"C": 2194.3332425776366, "gamma": 0.02636914051822731}, "datetime": {"datetime": "2021-09-28 14:42:13", "elapsed": 40.744484, "delta": 0.522969}}
{"target": -35.816848000850236, "params": {"C": 2843.531732755782, "gamma": 0.008983049498763506}, "datetime": {"datetime": "2021-09-28 14:42:13", "elapsed": 41.28948, "delta": 0.544996}}
{"target": -35.39341317889688, "params": {"C": 2466.9020010529903, "gamma": 0.03564652651854189}, "datetime": {"datetime": "2021-09-28 14:42:14", "elapsed": 41.87001, "delta": 0.58053}}
{"target": -35.29225956031816, "params": {"C": 2697.434340991157, "gamma": 0.024420741031693394}, "datetime": {"datetime": "2021-09-28 14:42:14", "elapsed": 42.395008, "delta": 0.524998}}
{"target": -35.31229341860997, "params": {"C": 2626.9499933731818, "gamma": 0.0236387346964698}, "datetime": {"datetime": "2021-09-28 14:42:15", "elapsed": 42.904824, "delta": 0.509816}}
{"target": -36.13430575738178, "params": {"C": 2891.0203995644065, "gamma": 0.005307582996117149}, "datetime": {"datetime": "2021-09-28 14:42:16", "elapsed": 43.452826, "delta": 0.548002}}
{"target": -35.44552235707878, "params": {"C": 2883.6325500093744, "gamma": 0.01576540268466732}, "datetime": {"datetime": "2021-09-28 14:42:16", "elapsed": 43.975825, "delta": 0.522999}}
{"target": -35.36700154129513, "params": {"C": 2466.8299007493156, "gamma": 0.03167748522892622}, "datetime": {"datetime": "2021-09-28 14:42:17", "elapsed": 44.503825, "delta": 0.528}}
{"target": -35.788787982349504, "params": {"C": 2697.3918563727148, "gamma": 0.06523297327013408}, "datetime": {"datetime": "2021-09-28 14:42:17", "elapsed": 45.057178, "delta": 0.553353}}
{"target": -35.89507707192506, "params": {"C": 2187.8321604801026, "gamma": 0.009293022310586943}, "datetime": {"datetime": "2021-09-28 14:42:18", "elapsed": 45.617177, "delta": 0.559999}}
{"target": -35.41272742702894, "params": {"C": 2853.498163654081, "gamma": 0.048738301899211786}, "datetime": {"datetime": "2021-09-28 14:42:18", "elapsed": 46.226178, "delta": 0.609001}}
{"target": -36.06565081996497, "params": {"C": 2856.5703383981, "gamma": 0.07971227249163923}, "datetime": {"datetime": "2021-09-28 14:42:19", "elapsed": 46.707179, "delta": 0.481001}}
{"target": -35.70215906864707, "params": {"C": 2040.6019201937452, "gamma": 0.012838575305870254}, "datetime": {"datetime": "2021-09-28 14:42:19", "elapsed": 47.361175, "delta": 0.653996}}
{"target": -35.553742625308985, "params": {"C": 2626.976589289571, "gamma": 0.013913637342269733}, "datetime": {"datetime": "2021-09-28 14:42:20", "elapsed": 48.031472, "delta": 0.670297}}
{"target": -35.33208644117132, "params": {"C": 2701.6964512266813, "gamma": 0.02103500321110505}, "datetime": {"datetime": "2021-09-28 14:42:21", "elapsed": 48.659473, "delta": 0.628001}}
{"target": -35.613592360035035, "params": {"C": 2627.9796606300347, "gamma": 0.05590247364971561}, "datetime": {"datetime": "2021-09-28 14:42:21", "elapsed": 49.222679, "delta": 0.563206}}
{"target": -35.6390606962477, "params": {"C": 2628.037911528895, "gamma": 0.05708626246469304}, "datetime": {"datetime": "2021-09-28 14:42:22", "elapsed": 49.853679, "delta": 0.631}}
{"target": -35.29444130254439, "params": {"C": 2763.7886740450076, "gamma": 0.02309734319944852}, "datetime": {"datetime": "2021-09-28 14:42:23", "elapsed": 50.45968, "delta": 0.606001}}
{"target": -35.990644405087856, "params": {"C": 2383.5657107819125, "gamma": 0.06969155139105139}, "datetime": {"datetime": "2021-09-28 14:42:23", "elapsed": 50.959789, "delta": 0.500109}}
{"target": -35.31048917292715, "params": {"C": 2763.8014734720514, "gamma": 0.03624180571658417}, "datetime": {"datetime": "2021-09-28 14:42:24", "elapsed": 51.571769, "delta": 0.61198}}
{"target": -35.35513474314102, "params": {"C": 2696.297325426168, "gamma": 0.04004492322694759}, "datetime": {"datetime": "2021-09-28 14:42:24", "elapsed": 52.280771, "delta": 0.709002}}
{"target": -35.80654634126685, "params": {"C": 2596.4436425482545, "gamma": 0.06452202220344967}, "datetime": {"datetime": "2021-09-28 14:42:25", "elapsed": 53.081966, "delta": 0.801195}}
{"target": -35.61615985483474, "params": {"C": 2763.7836443974456, "gamma": 0.058070406555255714}, "datetime": {"datetime": "2021-09-28 14:42:26", "elapsed": 53.874967, "delta": 0.793001}}
{"target": -35.3489763900065, "params": {"C": 2596.4860111142893, "gamma": 0.034660951888280944}, "datetime": {"datetime": "2021-09-28 14:42:27", "elapsed": 54.47597, "delta": 0.601003}}
{"target": -36.378057541961, "params": {"C": 2085.7912086367905, "gamma": 0.004686849966479714}, "datetime": {"datetime": "2021-09-28 14:42:27", "elapsed": 54.964895, "delta": 0.488925}}
{"target": -35.474588795403065, "params": {"C": 2466.8621523885386, "gamma": 0.04522820500204514}, "datetime": {"datetime": "2021-09-28 14:42:28", "elapsed": 55.526895, "delta": 0.562}}
{"target": -35.54372040653188, "params": {"C": 2696.2803361199863, "gamma": 0.05368409824994318}, "datetime": {"datetime": "2021-09-28 14:42:28", "elapsed": 56.061897, "delta": 0.535002}}
{"target": -35.33197824678627, "params": {"C": 2700.7393133317346, "gamma": 0.036870500113889045}, "datetime": {"datetime": "2021-09-28 14:42:29", "elapsed": 56.771128, "delta": 0.709231}}
