{"target": -34.82397114387689, "params": {"C": 40389.980607933074, "gamma": 0.0324885697946268}, "datetime": {"datetime": "2021-09-29 09:41:30", "elapsed": 676.645399, "delta": 3.826629}}
{"target": -36.60913315489804, "params": {"C": 40955.222140896636, "gamma": 0.0693085798592174}, "datetime": {"datetime": "2021-09-29 09:41:33", "elapsed": 679.598882, "delta": 2.953483}}
{"target": -36.33152238632189, "params": {"C": 43290.0997134132, "gamma": 0.061854002477176435}, "datetime": {"datetime": "2021-09-29 09:41:35", "elapsed": 681.778771, "delta": 2.179889}}
{"target": -37.40406211679887, "params": {"C": 42396.99038657447, "gamma": 0.08674992109083361}, "datetime": {"datetime": "2021-09-29 09:41:37", "elapsed": 684.051018, "delta": 2.272247}}
{"target": -36.97047041499179, "params": {"C": 40544.10336300775, "gamma": 0.07842659187355448}, "datetime": {"datetime": "2021-09-29 09:41:43", "elapsed": 689.909207, "delta": 5.858189}}
{"target": -34.4539160633673, "params": {"C": 40120.97270895801, "gamma": 0.021977049945784363}, "datetime": {"datetime": "2021-09-29 09:41:47", "elapsed": 693.607762, "delta": 3.698555}}
{"target": -36.040918308317224, "params": {"C": 43836.01874962397, "gamma": 0.05581949838653876}, "datetime": {"datetime": "2021-09-29 09:41:50", "elapsed": 697.211509, "delta": 3.603747}}
{"target": -37.01813650712413, "params": {"C": 43542.693271203214, "gamma": 0.07676700776537267}, "datetime": {"datetime": "2021-09-29 09:41:53", "elapsed": 699.541136, "delta": 2.329627}}
{"target": -36.102992244614725, "params": {"C": 44084.56703825436, "gamma": 0.05685272384643181}, "datetime": {"datetime": "2021-09-29 09:41:56", "elapsed": 702.554361, "delta": 3.013225}}
{"target": -36.899163904512854, "params": {"C": 42542.76796056196, "gamma": 0.07490885687408182}, "datetime": {"datetime": "2021-09-29 09:41:59", "elapsed": 705.669817, "delta": 3.115456}}
{"target": -35.16064179855571, "params": {"C": 43835.96487661788, "gamma": 0.0384139964899932}, "datetime": {"datetime": "2021-09-29 09:42:02", "elapsed": 708.739612, "delta": 3.069795}}
{"target": -36.20762867994793, "params": {"C": 42778.28158538697, "gamma": 0.059633756181826744}, "datetime": {"datetime": "2021-09-29 09:42:05", "elapsed": 711.910297, "delta": 3.170685}}
{"target": -34.45988138469905, "params": {"C": 40260.41264804955, "gamma": 0.02217488250567558}, "datetime": {"datetime": "2021-09-29 09:42:07", "elapsed": 714.329206, "delta": 2.418909}}
{"target": -35.45875602108532, "params": {"C": 43358.96716559155, "gamma": 0.044604498928397275}, "datetime": {"datetime": "2021-09-29 09:42:10", "elapsed": 716.785821, "delta": 2.456615}}
{"target": -35.25752078335877, "params": {"C": 43755.9506581833, "gamma": 0.040445370544202726}, "datetime": {"datetime": "2021-09-29 09:42:14", "elapsed": 720.983942, "delta": 4.198121}}
{"target": -34.88350775724515, "params": {"C": 41234.13678922346, "gamma": 0.033640180789949896}, "datetime": {"datetime": "2021-09-29 09:42:16", "elapsed": 723.28417, "delta": 2.300228}}
{"target": -35.3106669553489, "params": {"C": 43094.33651388585, "gamma": 0.04176873916402335}, "datetime": {"datetime": "2021-09-29 09:42:20", "elapsed": 727.343167, "delta": 4.058997}}
{"target": -34.42814153115529, "params": {"C": 40627.971589059605, "gamma": 0.009025261556356239}, "datetime": {"datetime": "2021-09-29 09:42:24", "elapsed": 731.012739, "delta": 3.669572}}
{"target": -35.43307747293327, "params": {"C": 41509.81794171627, "gamma": 0.04491243183724738}, "datetime": {"datetime": "2021-09-29 09:42:26", "elapsed": 733.418207, "delta": 2.405468}}
{"target": -35.84137396326751, "params": {"C": 42242.92080126806, "gamma": 0.0527988480868087}, "datetime": {"datetime": "2021-09-29 09:42:30", "elapsed": 737.407986, "delta": 3.989779}}
{"target": -34.34348874020176, "params": {"C": 42242.84426551843, "gamma": 0.01712798494657112}, "datetime": {"datetime": "2021-09-29 09:42:34", "elapsed": 741.429363, "delta": 4.021377}}
{"target": -36.85304285733194, "params": {"C": 41851.30850436418, "gamma": 0.07442088718066546}, "datetime": {"datetime": "2021-09-29 09:42:37", "elapsed": 743.89363, "delta": 2.464267}}
{"target": -36.63320915387798, "params": {"C": 42099.30405193463, "gamma": 0.06896885482939216}, "datetime": {"datetime": "2021-09-29 09:42:42", "elapsed": 748.695672, "delta": 4.802042}}
{"target": -34.63341083115903, "params": {"C": 42619.527432349416, "gamma": 0.027157473819436263}, "datetime": {"datetime": "2021-09-29 09:42:45", "elapsed": 752.127842, "delta": 3.43217}}
{"target": -35.62663251456881, "params": {"C": 42752.59014941793, "gamma": 0.04831450206775961}, "datetime": {"datetime": "2021-09-29 09:42:49", "elapsed": 755.597584, "delta": 3.469742}}
{"target": -34.48978129648587, "params": {"C": 44242.39105109261, "gamma": 0.008220741254240148}, "datetime": {"datetime": "2021-09-29 09:42:53", "elapsed": 759.592497, "delta": 3.994913}}
{"target": -34.64423675967681, "params": {"C": 40256.57694735917, "gamma": 0.007683420305628144}, "datetime": {"datetime": "2021-09-29 09:42:56", "elapsed": 762.874379, "delta": 3.281882}}
{"target": -36.42731800280164, "params": {"C": 40097.94637926692, "gamma": 0.06598187568046528}, "datetime": {"datetime": "2021-09-29 09:43:02", "elapsed": 768.446255, "delta": 5.571876}}
{"target": -34.64254013133182, "params": {"C": 42980.887075958606, "gamma": 0.027360554456522048}, "datetime": {"datetime": "2021-09-29 09:43:07", "elapsed": 773.50555, "delta": 5.059295}}
{"target": -36.1424328658855, "params": {"C": 40260.441106816215, "gamma": 0.05986779107281142}, "datetime": {"datetime": "2021-09-29 09:43:10", "elapsed": 777.175623, "delta": 3.670073}}
{"target": -35.30580472729856, "params": {"C": 40260.35234818441, "gamma": 0.042879132125549536}, "datetime": {"datetime": "2021-09-29 09:43:15", "elapsed": 781.756136, "delta": 4.580513}}
{"target": -36.207059091104995, "params": {"C": 42789.48104297501, "gamma": 0.05961566854441222}, "datetime": {"datetime": "2021-09-29 09:43:20", "elapsed": 786.840714, "delta": 5.084578}}
{"target": -34.50547772884196, "params": {"C": 42412.322511675266, "gamma": 0.023142633724349285}, "datetime": {"datetime": "2021-09-29 09:43:25", "elapsed": 791.602932, "delta": 4.762218}}
{"target": -35.40688820698123, "params": {"C": 40587.7556986743, "gamma": 0.04480271756105176}, "datetime": {"datetime": "2021-09-29 09:43:28", "elapsed": 795.390359, "delta": 3.787427}}
{"target": -34.2592313274302, "params": {"C": 42242.877609537034, "gamma": 0.013184907689264273}, "datetime": {"datetime": "2021-09-29 09:43:32", "elapsed": 798.74869, "delta": 3.358331}}
{"target": -34.378835376405235, "params": {"C": 43185.26588392853, "gamma": 0.018578989458679352}, "datetime": {"datetime": "2021-09-29 09:43:34", "elapsed": 801.274536, "delta": 2.525846}}
{"target": -36.30844904973268, "params": {"C": 43063.07282681103, "gamma": 0.06151506134132045}, "datetime": {"datetime": "2021-09-29 09:43:38", "elapsed": 804.565297, "delta": 3.290761}}
{"target": -36.85743676149006, "params": {"C": 42412.38462419711, "gamma": 0.0740429109148431}, "datetime": {"datetime": "2021-09-29 09:43:45", "elapsed": 812.221879, "delta": 7.656582}}
{"target": -36.39006012015672, "params": {"C": 40120.9714644028, "gamma": 0.06518497929928045}, "datetime": {"datetime": "2021-09-29 09:43:49", "elapsed": 815.742021, "delta": 3.520142}}
{"target": -37.200937917294894, "params": {"C": 42841.38792223115, "gamma": 0.08155529220699798}, "datetime": {"datetime": "2021-09-29 09:43:53", "elapsed": 820.271915, "delta": 4.529894}}
{"target": -35.62038873157164, "params": {"C": 40628.00197578438, "gamma": 0.049261124031382504}, "datetime": {"datetime": "2021-09-29 09:43:57", "elapsed": 823.936206, "delta": 3.664291}}
{"target": -35.817197458541244, "params": {"C": 40999.61054138822, "gamma": 0.05295547143113522}, "datetime": {"datetime": "2021-09-29 09:43:59", "elapsed": 826.38361, "delta": 2.447404}}
{"target": -35.78761300490117, "params": {"C": 40224.77744314262, "gamma": 0.052774793687352134}, "datetime": {"datetime": "2021-09-29 09:44:03", "elapsed": 829.884409, "delta": 3.500799}}
{"target": -34.249046178157855, "params": {"C": 44114.73708538576, "gamma": 0.012234793469547187}, "datetime": {"datetime": "2021-09-29 09:44:06", "elapsed": 833.419145, "delta": 3.534736}}
{"target": -34.69492308208101, "params": {"C": 42841.32720484391, "gamma": 0.02865259212551439}, "datetime": {"datetime": "2021-09-29 09:44:10", "elapsed": 836.746009, "delta": 3.326864}}
{"target": -36.44121783055409, "params": {"C": 44659.74600239603, "gamma": 0.06316342947485074}, "datetime": {"datetime": "2021-09-29 09:44:13", "elapsed": 840.077751, "delta": 3.331742}}
{"target": -37.49142953037842, "params": {"C": 42619.542666850946, "gamma": 0.08847737885268322}, "datetime": {"datetime": "2021-09-29 09:44:17", "elapsed": 844.113554, "delta": 4.035803}}
{"target": -35.30501592893387, "params": {"C": 44087.54157883836, "gamma": 0.04126221579399595}, "datetime": {"datetime": "2021-09-29 09:44:20", "elapsed": 846.644531, "delta": 2.530977}}
{"target": -35.37932409940586, "params": {"C": 43335.46183157234, "gamma": 0.005}, "datetime": {"datetime": "2021-09-29 09:44:25", "elapsed": 852.069175, "delta": 5.424644}}
{"target": -36.039944085670506, "params": {"C": 44242.37982160888, "gamma": 0.05558710608826372}, "datetime": {"datetime": "2021-09-29 09:44:31", "elapsed": 857.906571, "delta": 5.837396}}
{"target": -35.91686054187279, "params": {"C": 44001.47604107389, "gamma": 0.05339659613590944}, "datetime": {"datetime": "2021-09-29 09:44:37", "elapsed": 864.119821, "delta": 6.21325}}
{"target": -34.377966524928624, "params": {"C": 44318.779145463974, "gamma": 0.01837977948618063}, "datetime": {"datetime": "2021-09-29 09:44:43", "elapsed": 869.483287, "delta": 5.363466}}
{"target": -38.034077929725576, "params": {"C": 44972.29223166447, "gamma": 0.09984895411023116}, "datetime": {"datetime": "2021-09-29 09:44:45", "elapsed": 872.345381, "delta": 2.862094}}
{"target": -34.87058878866287, "params": {"C": 40544.06634829065, "gamma": 0.0067447557340547725}, "datetime": {"datetime": "2021-09-29 09:44:49", "elapsed": 876.376351, "delta": 4.03097}}
{"target": -34.813009976261796, "params": {"C": 40123.1703774451, "gamma": 0.03231640892658867}, "datetime": {"datetime": "2021-09-29 09:44:53", "elapsed": 880.431896, "delta": 4.055545}}
{"target": -36.74413777766467, "params": {"C": 42435.38550553245, "gamma": 0.07127595201337697}, "datetime": {"datetime": "2021-09-29 09:44:56", "elapsed": 883.114201, "delta": 2.682305}}
{"target": -34.38764676374717, "params": {"C": 43979.710928714296, "gamma": 0.01885974938123078}, "datetime": {"datetime": "2021-09-29 09:45:00", "elapsed": 887.29081, "delta": 4.176609}}
{"target": -37.20790365463721, "params": {"C": 44113.91507054054, "gamma": 0.08050392993599834}, "datetime": {"datetime": "2021-09-29 09:45:03", "elapsed": 890.36617, "delta": 3.07536}}
{"target": -35.31411991751368, "params": {"C": 40123.13135302853, "gamma": 0.04311104664810936}, "datetime": {"datetime": "2021-09-29 09:45:08", "elapsed": 894.597347, "delta": 4.231177}}
{"target": -34.29442096627789, "params": {"C": 44329.893317172566, "gamma": 0.010639805000266796}, "datetime": {"datetime": "2021-09-29 09:45:12", "elapsed": 898.976806, "delta": 4.379459}}
{"target": -35.64106085724162, "params": {"C": 40660.521504683646, "gamma": 0.04968747343789502}, "datetime": {"datetime": "2021-09-29 09:45:17", "elapsed": 903.519675, "delta": 4.542869}}
{"target": -35.04811354861916, "params": {"C": 44329.87564013863, "gamma": 0.03594249154365534}, "datetime": {"datetime": "2021-09-29 09:45:21", "elapsed": 908.198909, "delta": 4.679234}}
{"target": -36.4609674095258, "params": {"C": 40257.50415653199, "gamma": 0.06657853572939344}, "datetime": {"datetime": "2021-09-29 09:45:28", "elapsed": 914.9984, "delta": 6.799491}}
{"target": -36.78898641051833, "params": {"C": 44318.76427931405, "gamma": 0.07086750891668982}, "datetime": {"datetime": "2021-09-29 09:45:32", "elapsed": 919.011096, "delta": 4.012696}}
{"target": -36.27522552051005, "params": {"C": 44114.70820152621, "gamma": 0.060199721914560786}, "datetime": {"datetime": "2021-09-29 09:45:38", "elapsed": 924.749049, "delta": 5.737953}}
{"target": -34.62509134286276, "params": {"C": 42952.44733234591, "gamma": 0.026785754584122606}, "datetime": {"datetime": "2021-09-29 09:45:44", "elapsed": 930.779967, "delta": 6.030918}}
{"target": -34.793869973755605, "params": {"C": 42420.76126443183, "gamma": 0.031084479804548176}, "datetime": {"datetime": "2021-09-29 09:45:47", "elapsed": 934.008135, "delta": 3.228168}}
{"target": -36.538835505691644, "params": {"C": 41765.859002868405, "gamma": 0.0671367699319318}, "datetime": {"datetime": "2021-09-29 09:45:54", "elapsed": 940.458381, "delta": 6.450246}}
{"target": -35.19006618851404, "params": {"C": 41669.02588596203, "gamma": 0.039882411057512356}, "datetime": {"datetime": "2021-09-29 09:45:58", "elapsed": 944.966926, "delta": 4.508545}}
{"target": -35.21118618536888, "params": {"C": 40256.579478779204, "gamma": 0.04093700921922599}, "datetime": {"datetime": "2021-09-29 09:46:02", "elapsed": 949.162539, "delta": 4.195613}}
{"target": -37.915383978490866, "params": {"C": 44307.35404621273, "gamma": 0.09725112584848424}, "datetime": {"datetime": "2021-09-29 09:46:05", "elapsed": 951.723108, "delta": 2.560569}}
{"target": -35.59870817380081, "params": {"C": 43657.93246138583, "gamma": 0.047305175560557605}, "datetime": {"datetime": "2021-09-29 09:46:11", "elapsed": 957.961188, "delta": 6.23808}}
{"target": -34.25101237357334, "params": {"C": 42642.54114316611, "gamma": 0.012106495017577485}, "datetime": {"datetime": "2021-09-29 09:46:15", "elapsed": 962.270153, "delta": 4.308965}}
{"target": -34.493159943556215, "params": {"C": 41765.93848802074, "gamma": 0.008450858802006495}, "datetime": {"datetime": "2021-09-29 09:46:20", "elapsed": 967.126315, "delta": 4.856162}}
{"target": -34.32429359924153, "params": {"C": 41427.74422484425, "gamma": 0.016377648938812453}, "datetime": {"datetime": "2021-09-29 09:46:26", "elapsed": 973.207324, "delta": 6.081009}}
{"target": -34.57638755077541, "params": {"C": 41427.709246866776, "gamma": 0.02562608360501267}, "datetime": {"datetime": "2021-09-29 09:46:31", "elapsed": 977.698415, "delta": 4.491091}}
{"target": -35.96351022704971, "params": {"C": 41852.13261511242, "gamma": 0.055415951741824156}, "datetime": {"datetime": "2021-09-29 09:46:34", "elapsed": 980.707113, "delta": 3.008698}}
{"target": -36.219383491060434, "params": {"C": 43979.67315682613, "gamma": 0.059163591126029084}, "datetime": {"datetime": "2021-09-29 09:46:39", "elapsed": 986.041354, "delta": 5.334241}}
{"target": -36.63828276989614, "params": {"C": 40872.73805039758, "gamma": 0.07004205914486086}, "datetime": {"datetime": "2021-09-29 09:46:43", "elapsed": 989.894143, "delta": 3.852789}}
{"target": -35.952138805549154, "params": {"C": 40257.40801049362, "gamma": 0.05606107700726118}, "datetime": {"datetime": "2021-09-29 09:46:46", "elapsed": 993.41536, "delta": 3.521217}}
{"target": -35.161267912805286, "params": {"C": 43657.865498214385, "gamma": 0.005605934041057543}, "datetime": {"datetime": "2021-09-29 09:46:51", "elapsed": 998.022807, "delta": 4.607447}}
{"target": -37.26615462221722, "params": {"C": 41309.60680392901, "gamma": 0.08466163397870871}, "datetime": {"datetime": "2021-09-29 09:46:56", "elapsed": 1003.224091, "delta": 5.201284}}
{"target": -36.03938696198683, "params": {"C": 43409.923633835504, "gamma": 0.056018763960347176}, "datetime": {"datetime": "2021-09-29 09:47:00", "elapsed": 1007.081758, "delta": 3.857667}}
{"target": -34.68942097671541, "params": {"C": 43880.9700010394, "gamma": 0.028229427267358564}, "datetime": {"datetime": "2021-09-29 09:47:03", "elapsed": 1009.96906, "delta": 2.887302}}
{"target": -34.43317363993418, "params": {"C": 42642.5978975669, "gamma": 0.020722925886404505}, "datetime": {"datetime": "2021-09-29 09:47:08", "elapsed": 1015.393645, "delta": 5.424585}}
{"target": -34.4159711231296, "params": {"C": 42810.355932154904, "gamma": 0.00889120627424355}, "datetime": {"datetime": "2021-09-29 09:47:14", "elapsed": 1021.230594, "delta": 5.836949}}
{"target": -37.02353277333522, "params": {"C": 40621.269943039675, "gamma": 0.07966671615773514}, "datetime": {"datetime": "2021-09-29 09:47:18", "elapsed": 1024.70691, "delta": 3.476316}}
{"target": -34.44318125711756, "params": {"C": 43147.95895936853, "gamma": 0.020998071142938793}, "datetime": {"datetime": "2021-09-29 09:47:27", "elapsed": 1033.4674, "delta": 8.76049}}
{"target": -36.044491059371545, "params": {"C": 41608.93299762664, "gamma": 0.05711813540669743}, "datetime": {"datetime": "2021-09-29 09:47:32", "elapsed": 1038.806541, "delta": 5.339141}}
{"target": -34.371492023122244, "params": {"C": 42359.685678624155, "gamma": 0.018368930548863037}, "datetime": {"datetime": "2021-09-29 09:47:35", "elapsed": 1041.966301, "delta": 3.15976}}
{"target": -35.56433251576255, "params": {"C": 42242.825661380135, "gamma": 0.04726752369570501}, "datetime": {"datetime": "2021-09-29 09:47:41", "elapsed": 1047.928091, "delta": 5.96179}}
{"target": -34.27135056823799, "params": {"C": 40098.0260698816, "gamma": 0.011896975834917453}, "datetime": {"datetime": "2021-09-29 09:47:45", "elapsed": 1051.625299, "delta": 3.697208}}
{"target": -34.426472484283984, "params": {"C": 40124.76757878852, "gamma": 0.009106303060601872}, "datetime": {"datetime": "2021-09-29 09:47:50", "elapsed": 1057.006827, "delta": 5.381528}}
{"target": -34.62560971996953, "params": {"C": 42963.53892516132, "gamma": 0.02679982121188514}, "datetime": {"datetime": "2021-09-29 09:47:53", "elapsed": 1060.010389, "delta": 3.003562}}
{"target": -35.088542939961684, "params": {"C": 42359.71687060241, "gamma": 0.037484886483551146}, "datetime": {"datetime": "2021-09-29 09:47:57", "elapsed": 1064.288734, "delta": 4.278345}}
{"target": -35.07260893945145, "params": {"C": 42563.13701046015, "gamma": 0.005944233289797663}, "datetime": {"datetime": "2021-09-29 09:48:01", "elapsed": 1067.448362, "delta": 3.159628}}
{"target": -35.2663790608606, "params": {"C": 40098.02098942248, "gamma": 0.04214651816129468}, "datetime": {"datetime": "2021-09-29 09:48:06", "elapsed": 1072.806602, "delta": 5.35824}}
{"target": -35.260727377981375, "params": {"C": 40191.25032251933, "gamma": 0.04199039933258432}, "datetime": {"datetime": "2021-09-29 09:48:09", "elapsed": 1075.481672, "delta": 2.67507}}
{"target": -37.531538401209495, "params": {"C": 40695.46622521304, "gamma": 0.09171024342140335}, "datetime": {"datetime": "2021-09-29 09:48:11", "elapsed": 1078.431494, "delta": 2.949822}}
{"target": -37.081851845130686, "params": {"C": 43849.774067531485, "gamma": 0.07795732715791116}, "datetime": {"datetime": "2021-09-29 09:48:14", "elapsed": 1081.403579, "delta": 2.972085}}
{"target": -35.41886683970525, "params": {"C": 41390.466413904964, "gamma": 0.005}, "datetime": {"datetime": "2021-09-29 09:48:19", "elapsed": 1085.689551, "delta": 4.285972}}
{"target": -35.49175762945676, "params": {"C": 42642.54869965163, "gamma": 0.045590736288348}, "datetime": {"datetime": "2021-09-29 09:48:23", "elapsed": 1089.903029, "delta": 4.213478}}
{"target": -37.71808590107035, "params": {"C": 43441.549994824665, "gamma": 0.0930206092953955}, "datetime": {"datetime": "2021-09-29 09:48:26", "elapsed": 1093.422591, "delta": 3.519562}}
{"target": -37.14877006804247, "params": {"C": 40940.95766694956, "gamma": 0.08224867529836374}, "datetime": {"datetime": "2021-09-29 09:48:30", "elapsed": 1096.631637, "delta": 3.209046}}
{"target": -35.72919043506105, "params": {"C": 40373.199332952114, "gamma": 0.051558961860080105}, "datetime": {"datetime": "2021-09-29 09:48:33", "elapsed": 1099.779638, "delta": 3.148001}}
{"target": -36.87041336719628, "params": {"C": 42963.56321568514, "gamma": 0.073881332459713}, "datetime": {"datetime": "2021-09-29 09:48:38", "elapsed": 1104.457906, "delta": 4.678268}}
{"target": -36.86431450093328, "params": {"C": 43415.233591850825, "gamma": 0.07336575682323042}, "datetime": {"datetime": "2021-09-29 09:48:46", "elapsed": 1112.441068, "delta": 7.983162}}
{"target": -34.69988001525387, "params": {"C": 40435.71225517185, "gamma": 0.029504075460435986}, "datetime": {"datetime": "2021-09-29 09:48:51", "elapsed": 1118.053052, "delta": 5.611984}}
{"target": -35.38461795806824, "params": {"C": 43072.077005529965, "gamma": 0.005}, "datetime": {"datetime": "2021-09-29 09:48:57", "elapsed": 1123.443202, "delta": 5.39015}}
{"target": -35.71139426525969, "params": {"C": 43211.459290794264, "gamma": 0.04976172308956594}, "datetime": {"datetime": "2021-09-29 09:49:03", "elapsed": 1130.374311, "delta": 6.931109}}
{"target": -37.06471729143003, "params": {"C": 50507.97902574576, "gamma": 0.07227404314871996}, "datetime": {"datetime": "2021-09-29 09:49:06", "elapsed": 0.0, "delta": 0.0}}
{"target": -36.029419700352726, "params": {"C": 47909.047389129446, "gamma": 0.05352862249377798}, "datetime": {"datetime": "2021-09-29 09:49:07", "elapsed": 0.191207, "delta": 0.191207}}
{"target": -38.059340747978304, "params": {"C": 53929.469543476545, "gamma": 0.09014784344867662}, "datetime": {"datetime": "2021-09-29 09:49:07", "elapsed": 0.367206, "delta": 0.175999}}
{"target": -34.58643466008327, "params": {"C": 46255.853104638365, "gamma": 0.024688073423127743}, "datetime": {"datetime": "2021-09-29 09:49:07", "elapsed": 0.607207, "delta": 0.240001}}
{"target": -35.61917372615429, "params": {"C": 45514.6720330083, "gamma": 0.04687693514681046}, "datetime": {"datetime": "2021-09-29 09:49:07", "elapsed": 0.839208, "delta": 0.232001}}
{"target": -35.693969057337036, "params": {"C": 45298.76210878567, "gamma": 0.04839915631749755}, "datetime": {"datetime": "2021-09-29 09:49:07", "elapsed": 1.035148, "delta": 0.19594}}
{"target": -38.12505616564233, "params": {"C": 46896.066466558004, "gamma": 0.1}, "datetime": {"datetime": "2021-09-29 09:49:08", "elapsed": 1.475148, "delta": 0.44}}
