{"target": -40.130904860770684, "params": {"C": 158.41036319364508, "gamma": 0.06053423210945838}, "datetime": {"datetime": "2021-09-28 11:48:43", "elapsed": 72.070994, "delta": 0.733001}}
{"target": -39.28763097513518, "params": {"C": 185.72192129518513, "gamma": 0.034286168571105564}, "datetime": {"datetime": "2021-09-28 11:48:43", "elapsed": 72.744436, "delta": 0.673442}}
{"target": -39.30463942445467, "params": {"C": 174.9106404422689, "gamma": 0.017093286480935287}, "datetime": {"datetime": "2021-09-28 11:48:44", "elapsed": 73.45743, "delta": 0.712994}}
{"target": -39.310867981693995, "params": {"C": 185.84790248611952, "gamma": 0.0356206983160398}, "datetime": {"datetime": "2021-09-28 11:48:45", "elapsed": 74.311197, "delta": 0.853767}}
{"target": -39.84334890365387, "params": {"C": 174.96578877793524, "gamma": 0.05527997291899019}, "datetime": {"datetime": "2021-09-28 11:48:46", "elapsed": 75.0792, "delta": 0.768003}}
{"target": -39.417306530444115, "params": {"C": 174.93407377808472, "gamma": 0.0135798536593543}, "datetime": {"datetime": "2021-09-28 11:48:47", "elapsed": 75.778201, "delta": 0.699001}}
{"target": -39.62121810997402, "params": {"C": 158.23902150537802, "gamma": 0.01411918907632978}, "datetime": {"datetime": "2021-09-28 11:48:47", "elapsed": 76.501465, "delta": 0.723264}}
{"target": -39.40190029910419, "params": {"C": 174.63229122013615, "gamma": 0.034296848876066884}, "datetime": {"datetime": "2021-09-28 11:48:48", "elapsed": 77.154466, "delta": 0.653001}}
{"target": -40.356793733323684, "params": {"C": 174.61780769891936, "gamma": 0.006302935383345512}, "datetime": {"datetime": "2021-09-28 11:48:49", "elapsed": 78.080468, "delta": 0.926002}}
{"target": -40.47663597074208, "params": {"C": 174.64020263981962, "gamma": 0.08441571589224153}, "datetime": {"datetime": "2021-09-28 11:48:50", "elapsed": 79.005153, "delta": 0.924685}}
{"target": -39.89882162582166, "params": {"C": 185.00549877840356, "gamma": 0.06210368852687973}, "datetime": {"datetime": "2021-09-28 11:48:50", "elapsed": 79.70415, "delta": 0.698997}}
{"target": -41.226836965638974, "params": {"C": 174.9723387998469, "gamma": 0.003407485781538223}, "datetime": {"datetime": "2021-09-28 11:48:51", "elapsed": 80.43776, "delta": 0.73361}}
{"target": -39.24650383200704, "params": {"C": 185.60700880340156, "gamma": 0.03172846164847481}, "datetime": {"datetime": "2021-09-28 11:48:52", "elapsed": 81.510761, "delta": 1.073001}}
{"target": -39.96871090530848, "params": {"C": 185.25681996191366, "gamma": 0.06550302238001794}, "datetime": {"datetime": "2021-09-28 11:48:53", "elapsed": 82.330599, "delta": 0.819838}}
{"target": -40.19644535199367, "params": {"C": 152.3418218196554, "gamma": 0.06027219401894301}, "datetime": {"datetime": "2021-09-28 11:48:54", "elapsed": 83.027599, "delta": 0.697}}
{"target": -40.40624980220731, "params": {"C": 158.37744018265198, "gamma": 0.007093186200674777}, "datetime": {"datetime": "2021-09-28 11:48:55", "elapsed": 83.99285, "delta": 0.965251}}
{"target": -40.12227101629263, "params": {"C": 158.27323622819358, "gamma": 0.008842460377086393}, "datetime": {"datetime": "2021-09-28 11:48:56", "elapsed": 84.85999, "delta": 0.86714}}
{"target": -39.315539062126945, "params": {"C": 185.04840886506133, "gamma": 0.035447663537628044}, "datetime": {"datetime": "2021-09-28 11:48:57", "elapsed": 85.785993, "delta": 0.926003}}
{"target": -39.56288496711525, "params": {"C": 174.68186800124926, "gamma": 0.01159674322089653}, "datetime": {"datetime": "2021-09-28 11:48:57", "elapsed": 86.479147, "delta": 0.693154}}
{"target": -40.42242708956557, "params": {"C": 158.19619765286194, "gamma": 0.0070205877169923995}, "datetime": {"datetime": "2021-09-28 11:48:58", "elapsed": 87.276145, "delta": 0.796998}}
{"target": -41.009366913987904, "params": {"C": 185.62513623051842, "gamma": 0.0036961371505018527}, "datetime": {"datetime": "2021-09-28 11:48:59", "elapsed": 88.396915, "delta": 1.12077}}
{"target": -39.41996018295419, "params": {"C": 174.67098780672018, "gamma": 0.03526889080356556}, "datetime": {"datetime": "2021-09-28 11:49:00", "elapsed": 89.289607, "delta": 0.892692}}
{"target": -39.43894787744185, "params": {"C": 185.5863631745546, "gamma": 0.041537535686580446}, "datetime": {"datetime": "2021-09-28 11:49:01", "elapsed": 90.095609, "delta": 0.806002}}
{"target": -40.96942644964518, "params": {"C": 109.37022660340935, "gamma": 0.06891712407532623}, "datetime": {"datetime": "2021-09-28 11:49:02", "elapsed": 90.808638, "delta": 0.713029}}
{"target": -41.07100233308832, "params": {"C": 98.0860571509333, "gamma": 0.06467176630820158}, "datetime": {"datetime": "2021-09-28 11:49:02", "elapsed": 91.431638, "delta": 0.623}}
{"target": -39.244986851073435, "params": {"C": 185.43597197021586, "gamma": 0.031522002500341484}, "datetime": {"datetime": "2021-09-28 11:49:03", "elapsed": 92.195969, "delta": 0.764331}}
{"target": -39.832597928325, "params": {"C": 195.60318367317856, "gamma": 0.06319372213868268}, "datetime": {"datetime": "2021-09-28 11:49:04", "elapsed": 93.199969, "delta": 1.004}}
{"target": -39.34642432574491, "params": {"C": 185.07598698735111, "gamma": 0.03697997734236043}, "datetime": {"datetime": "2021-09-28 11:49:05", "elapsed": 94.16058, "delta": 0.960611}}
{"target": -39.543862101258966, "params": {"C": 185.19190856136146, "gamma": 0.04607627868364577}, "datetime": {"datetime": "2021-09-28 11:49:06", "elapsed": 95.57294, "delta": 1.41236}}
{"target": -39.44514941645635, "params": {"C": 185.2271768086936, "gamma": 0.04165909544872164}, "datetime": {"datetime": "2021-09-28 11:49:07", "elapsed": 96.502426, "delta": 0.929486}}
{"target": -39.18315390862652, "params": {"C": 195.50237894949228, "gamma": 0.033675893598427424}, "datetime": {"datetime": "2021-09-28 11:49:08", "elapsed": 97.356429, "delta": 0.854003}}
{"target": -40.02856023911372, "params": {"C": 185.7223591010467, "gamma": 0.06837047494070185}, "datetime": {"datetime": "2021-09-28 11:49:09", "elapsed": 98.268145, "delta": 0.911716}}
{"target": -40.71429346072738, "params": {"C": 195.4894665201454, "gamma": 0.00421505258145922}, "datetime": {"datetime": "2021-09-28 11:49:10", "elapsed": 99.142805, "delta": 0.87466}}
{"target": -40.975150977003274, "params": {"C": 174.95421330193884, "gamma": 0.111883961657533}, "datetime": {"datetime": "2021-09-28 11:49:11", "elapsed": 100.032805, "delta": 0.89}}
{"target": -39.169076748961054, "params": {"C": 185.28673893308422, "gamma": 0.02072362140237424}, "datetime": {"datetime": "2021-09-28 11:49:12", "elapsed": 101.071193, "delta": 1.038388}}
{"target": -40.209502506235765, "params": {"C": 195.38561165680693, "gamma": 0.08087595173818961}, "datetime": {"datetime": "2021-09-28 11:49:13", "elapsed": 102.005186, "delta": 0.933993}}
{"target": -39.443157916426905, "params": {"C": 174.92617763230493, "gamma": 0.036590606293826725}, "datetime": {"datetime": "2021-09-28 11:49:14", "elapsed": 102.963666, "delta": 0.95848}}
{"target": -39.70070018418981, "params": {"C": 174.5983873997002, "gamma": 0.04853711638459134}, "datetime": {"datetime": "2021-09-28 11:49:15", "elapsed": 103.888571, "delta": 0.924905}}
{"target": -40.69984277237887, "params": {"C": 174.54196801297047, "gamma": 0.09607423928830702}, "datetime": {"datetime": "2021-09-28 11:49:16", "elapsed": 104.829841, "delta": 0.94127}}
{"target": -39.867799753100066, "params": {"C": 158.34976918127083, "gamma": 0.048564233662748105}, "datetime": {"datetime": "2021-09-28 11:49:17", "elapsed": 105.860533, "delta": 1.030692}}
{"target": -40.57551868140693, "params": {"C": 174.70644192063568, "gamma": 0.005407782609627147}, "datetime": {"datetime": "2021-09-28 11:49:18", "elapsed": 106.952805, "delta": 1.092272}}
{"target": -39.910994742939145, "params": {"C": 167.96891593808556, "gamma": 0.055261407961363834}, "datetime": {"datetime": "2021-09-28 11:49:18", "elapsed": 107.730808, "delta": 0.778003}}
{"target": -39.14663040873066, "params": {"C": 195.5270012355815, "gamma": 0.0314119668310016}, "datetime": {"datetime": "2021-09-28 11:49:19", "elapsed": 108.623334, "delta": 0.892526}}
{"target": -39.17620893898778, "params": {"C": 185.56123952380875, "gamma": 0.025488447097664697}, "datetime": {"datetime": "2021-09-28 11:49:20", "elapsed": 109.424332, "delta": 0.800998}}
{"target": -40.91312216708212, "params": {"C": 167.97539675303602, "gamma": 0.004503992670515819}, "datetime": {"datetime": "2021-09-28 11:49:21", "elapsed": 110.663548, "delta": 1.239216}}
{"target": -39.511897106597495, "params": {"C": 185.45049050851418, "gamma": 0.04476130914332791}, "datetime": {"datetime": "2021-09-28 11:49:23", "elapsed": 111.841552, "delta": 1.178004}}
{"target": -40.764506791042336, "params": {"C": 167.99098195662222, "gamma": 0.09642950625103323}, "datetime": {"datetime": "2021-09-28 11:49:24", "elapsed": 113.071397, "delta": 1.229845}}
{"target": -40.659230671226595, "params": {"C": 195.6673091779189, "gamma": 0.10373672315075746}, "datetime": {"datetime": "2021-09-28 11:49:25", "elapsed": 114.038131, "delta": 0.966734}}
{"target": -39.26519519332734, "params": {"C": 185.30460280997065, "gamma": 0.03271143358715841}, "datetime": {"datetime": "2021-09-28 11:49:26", "elapsed": 115.394539, "delta": 1.356408}}
{"target": -40.89191456400606, "params": {"C": 184.96715460393662, "gamma": 0.1124141789304264}, "datetime": {"datetime": "2021-09-28 11:49:27", "elapsed": 116.371515, "delta": 0.976976}}
{"target": -41.924353312886964, "params": {"C": 56.532937186052855, "gamma": 0.0718106339494321}, "datetime": {"datetime": "2021-09-28 11:49:28", "elapsed": 117.09452, "delta": 0.723005}}
{"target": -41.18619274760697, "params": {"C": 158.4850283754481, "gamma": 0.11529300863913435}, "datetime": {"datetime": "2021-09-28 11:49:29", "elapsed": 117.995513, "delta": 0.900993}}
{"target": -39.36095218891931, "params": {"C": 185.6349766895955, "gamma": 0.03794561371145706}, "datetime": {"datetime": "2021-09-28 11:49:30", "elapsed": 118.999976, "delta": 1.004463}}
{"target": -39.86638849422871, "params": {"C": 167.84365087805077, "gamma": 0.05318526117424755}, "datetime": {"datetime": "2021-09-28 11:49:31", "elapsed": 119.908976, "delta": 0.909}}
{"target": -39.89577310733584, "params": {"C": 167.90844729678415, "gamma": 0.054564835439431525}, "datetime": {"datetime": "2021-09-28 11:49:32", "elapsed": 120.993756, "delta": 1.08478}}
{"target": -40.53945427999658, "params": {"C": 119.03699437963363, "gamma": 0.05499885579102238}, "datetime": {"datetime": "2021-09-28 11:49:33", "elapsed": 121.919759, "delta": 0.926003}}
{"target": -41.00225586281584, "params": {"C": 167.86732128020353, "gamma": 0.10952698405466729}, "datetime": {"datetime": "2021-09-28 11:49:34", "elapsed": 123.208215, "delta": 1.288456}}
{"target": -40.62660161009213, "params": {"C": 167.81949032394397, "gamma": 0.0055285032345537815}, "datetime": {"datetime": "2021-09-28 11:49:35", "elapsed": 124.247107, "delta": 1.038892}}
{"target": -40.68922027039879, "params": {"C": 91.3687621933922, "gamma": 0.01891472479318056}, "datetime": {"datetime": "2021-09-28 11:49:36", "elapsed": 125.335191, "delta": 1.088084}}
{"target": -41.59298711524001, "params": {"C": 124.82159822054122, "gamma": 0.0038973086834310712}, "datetime": {"datetime": "2021-09-28 11:49:37", "elapsed": 126.343181, "delta": 1.00799}}
{"target": -41.051206286122344, "params": {"C": 74.63361144424664, "gamma": 0.033418063161065804}, "datetime": {"datetime": "2021-09-28 11:49:39", "elapsed": 127.780324, "delta": 1.437143}}
{"target": -41.30806071632121, "params": {"C": 77.52975676217353, "gamma": 0.010884100852111014}, "datetime": {"datetime": "2021-09-28 11:49:40", "elapsed": 129.195604, "delta": 1.41528}}
{"target": -42.365530378633956, "params": {"C": 59.00113718773246, "gamma": 0.12}, "datetime": {"datetime": "2021-09-28 11:49:42", "elapsed": 130.81334, "delta": 1.617736}}
{"target": -41.16050195492852, "params": {"C": 129.2246705063141, "gamma": 0.09451686699302386}, "datetime": {"datetime": "2021-09-28 11:49:43", "elapsed": 131.849338, "delta": 1.035998}}
{"target": -41.31533188935855, "params": {"C": 62.81875631379961, "gamma": 0.021237415965097414}, "datetime": {"datetime": "2021-09-28 11:49:44", "elapsed": 132.951062, "delta": 1.101724}}
{"target": -41.692164746594216, "params": {"C": 97.59594540769477, "gamma": 0.10418749850912322}, "datetime": {"datetime": "2021-09-28 11:49:45", "elapsed": 134.307059, "delta": 1.355997}}
{"target": -42.35345912076002, "params": {"C": 54.315067793639344, "gamma": 0.11014830021617046}, "datetime": {"datetime": "2021-09-28 11:49:46", "elapsed": 135.388365, "delta": 1.081306}}
{"target": -41.27690795635024, "params": {"C": 72.92216969982795, "gamma": 0.04822583068387209}, "datetime": {"datetime": "2021-09-28 11:49:47", "elapsed": 136.606183, "delta": 1.217818}}
{"target": -39.637243352507696, "params": {"C": 150.09763287569172, "gamma": 0.01665147215515851}, "datetime": {"datetime": "2021-09-28 11:49:49", "elapsed": 137.786168, "delta": 1.179985}}
{"target": -40.98719490438402, "params": {"C": 76.5573328545906, "gamma": 0.03101614839943779}, "datetime": {"datetime": "2021-09-28 11:49:49", "elapsed": 138.748996, "delta": 0.962828}}
{"target": -39.966692548081504, "params": {"C": 150.12298408261196, "gamma": 0.04863312263393875}, "datetime": {"datetime": "2021-09-28 11:49:51", "elapsed": 140.02348, "delta": 1.274484}}
{"target": -40.08361811322379, "params": {"C": 150.06912146174818, "gamma": 0.05401892288147895}, "datetime": {"datetime": "2021-09-28 11:49:52", "elapsed": 141.091352, "delta": 1.067872}}
{"target": -39.57088612416329, "params": {"C": 150.19900051983873, "gamma": 0.019248328068833257}, "datetime": {"datetime": "2021-09-28 11:49:54", "elapsed": 143.027838, "delta": 1.936486}}
{"target": -40.85022758808095, "params": {"C": 150.20733129302226, "gamma": 0.0908643089415067}, "datetime": {"datetime": "2021-09-28 11:49:55", "elapsed": 144.056497, "delta": 1.028659}}
{"target": -41.21634432843756, "params": {"C": 82.1887169039637, "gamma": 0.056399667942113214}, "datetime": {"datetime": "2021-09-28 11:49:56", "elapsed": 145.032552, "delta": 0.976055}}
{"target": -39.638994145623954, "params": {"C": 150.24999540519298, "gamma": 0.032156032966337116}, "datetime": {"datetime": "2021-09-28 11:49:57", "elapsed": 146.327543, "delta": 1.294991}}
{"target": -40.99640771699723, "params": {"C": 150.1480474109411, "gamma": 0.004938416760611785}, "datetime": {"datetime": "2021-09-28 11:49:59", "elapsed": 147.967853, "delta": 1.64031}}
{"target": -39.73610342973391, "params": {"C": 150.28571395445152, "gamma": 0.014378471388520324}, "datetime": {"datetime": "2021-09-28 11:50:00", "elapsed": 148.902931, "delta": 0.935078}}
{"target": -40.314266364167814, "params": {"C": 150.32142067783371, "gamma": 0.06448756196424943}, "datetime": {"datetime": "2021-09-28 11:50:01", "elapsed": 150.104932, "delta": 1.202001}}
{"target": -39.6488652891835, "params": {"C": 149.9877479349329, "gamma": 0.03258201654536131}, "datetime": {"datetime": "2021-09-28 11:50:02", "elapsed": 151.026522, "delta": 0.92159}}
{"target": -40.75736565913311, "params": {"C": 163.06956670076403, "gamma": 0.09340266984038496}, "datetime": {"datetime": "2021-09-28 11:50:03", "elapsed": 151.833524, "delta": 0.807002}}
{"target": -39.561722124102296, "params": {"C": 149.94908310812315, "gamma": 0.025253188787683255}, "datetime": {"datetime": "2021-09-28 11:50:04", "elapsed": 152.979383, "delta": 1.145859}}
{"target": -39.56005542271344, "params": {"C": 149.90475670298653, "gamma": 0.024860353115656143}, "datetime": {"datetime": "2021-09-28 11:50:05", "elapsed": 154.113039, "delta": 1.133656}}
{"target": -40.003442550772625, "params": {"C": 149.9245984288655, "gamma": 0.05022389366169115}, "datetime": {"datetime": "2021-09-28 11:50:06", "elapsed": 155.552949, "delta": 1.43991}}
{"target": -41.15942460924573, "params": {"C": 156.5228618651391, "gamma": 0.11238384669843779}, "datetime": {"datetime": "2021-09-28 11:50:07", "elapsed": 156.337955, "delta": 0.785006}}
{"target": -42.18436425247844, "params": {"C": 58.487038617813425, "gamma": 0.09896831583555263}, "datetime": {"datetime": "2021-09-28 11:50:08", "elapsed": 157.323621, "delta": 0.985666}}
{"target": -40.74052507466301, "params": {"C": 149.9884940831658, "gamma": 0.08514090095111303}, "datetime": {"datetime": "2021-09-28 11:50:10", "elapsed": 158.917843, "delta": 1.594222}}
{"target": -40.08273684498724, "params": {"C": 149.8801056234816, "gamma": 0.05387601767777945}, "datetime": {"datetime": "2021-09-28 11:50:11", "elapsed": 160.299844, "delta": 1.382001}}
{"target": -39.835053663436504, "params": {"C": 150.05843256010172, "gamma": 0.012884739876577452}, "datetime": {"datetime": "2021-09-28 11:50:12", "elapsed": 161.745847, "delta": 1.446003}}
{"target": -40.075812459918566, "params": {"C": 149.7646646971342, "gamma": 0.05349154829022528}, "datetime": {"datetime": "2021-09-28 11:50:14", "elapsed": 162.773091, "delta": 1.027244}}
{"target": -40.7925673028349, "params": {"C": 149.8048025372956, "gamma": 0.005774181989813059}, "datetime": {"datetime": "2021-09-28 11:50:15", "elapsed": 163.903801, "delta": 1.13071}}
{"target": -41.62964241574572, "params": {"C": 149.8827722287948, "gamma": 0.0030093047433790506}, "datetime": {"datetime": "2021-09-28 11:50:16", "elapsed": 165.26115, "delta": 1.357349}}
{"target": -40.56824278183287, "params": {"C": 150.23830277771407, "gamma": 0.006826233881668382}, "datetime": {"datetime": "2021-09-28 11:50:17", "elapsed": 166.754928, "delta": 1.493778}}
{"target": -41.18542542989516, "params": {"C": 149.70908744376226, "gamma": 0.10976146752658898}, "datetime": {"datetime": "2021-09-28 11:50:19", "elapsed": 168.031929, "delta": 1.277001}}
{"target": -40.25098711622063, "params": {"C": 150.25755472736822, "gamma": 0.06158282276461688}, "datetime": {"datetime": "2021-09-28 11:50:20", "elapsed": 169.183237, "delta": 1.151308}}
{"target": -40.136141787526746, "params": {"C": 166.18597194861044, "gamma": 0.06456060831668711}, "datetime": {"datetime": "2021-09-28 11:50:21", "elapsed": 170.25724, "delta": 1.074003}}
{"target": -41.34474497511066, "params": {"C": 150.32116158314733, "gamma": 0.003768450281810956}, "datetime": {"datetime": "2021-09-28 11:50:22", "elapsed": 171.459553, "delta": 1.202313}}
{"target": -40.506583931941634, "params": {"C": 166.12548007764588, "gamma": 0.006115290814715908}, "datetime": {"datetime": "2021-09-28 11:50:24", "elapsed": 173.162001, "delta": 1.702448}}
{"target": -40.49881690827253, "params": {"C": 149.9866502395643, "gamma": 0.007222352933867693}, "datetime": {"datetime": "2021-09-28 11:50:25", "elapsed": 174.213669, "delta": 1.051668}}
{"target": -39.3720773520034, "params": {"C": 167.8832851441894, "gamma": 0.01741995980185876}, "datetime": {"datetime": "2021-09-28 11:50:26", "elapsed": 175.480165, "delta": 1.266496}}
{"target": -39.396476523726534, "params": {"C": 167.90556833127067, "gamma": 0.016346787963128474}, "datetime": {"datetime": "2021-09-28 11:50:28", "elapsed": 176.925372, "delta": 1.445207}}
{"target": -41.09735859909909, "params": {"C": 166.25501227194815, "gamma": 0.11432521533171296}, "datetime": {"datetime": "2021-09-28 11:50:29", "elapsed": 178.346371, "delta": 1.420999}}
{"target": -41.75333564242328, "params": {"C": 64.17380546901072, "gamma": 0.06959465571401689}, "datetime": {"datetime": "2021-09-28 11:50:30", "elapsed": 179.437063, "delta": 1.090692}}
{"target": -40.929271687375476, "params": {"C": 152.2357623607635, "gamma": 0.09630448329337712}, "datetime": {"datetime": "2021-09-28 11:50:31", "elapsed": 180.664431, "delta": 1.227368}}
{"target": -41.03770798431229, "params": {"C": 150.1192012114936, "gamma": 0.10110491540244648}, "datetime": {"datetime": "2021-09-28 11:50:33", "elapsed": 181.981434, "delta": 1.317003}}
{"target": -39.9552434928416, "params": {"C": 152.44249608327436, "gamma": 0.049380559948143644}, "datetime": {"datetime": "2021-09-28 11:50:34", "elapsed": 183.52017, "delta": 1.538736}}
{"target": -40.84782540138935, "params": {"C": 152.47313018231927, "gamma": 0.09208805325784865}, "datetime": {"datetime": "2021-09-28 11:50:36", "elapsed": 184.878245, "delta": 1.358075}}
{"target": -39.855295157826745, "params": {"C": 152.40487673493425, "gamma": 0.012126624030709597}, "datetime": {"datetime": "2021-09-28 11:50:37", "elapsed": 186.604242, "delta": 1.725997}}
{"target": -41.595165018124575, "params": {"C": 52.38498340559339, "gamma": 0.034054360268085226}, "datetime": {"datetime": "2021-09-28 11:50:39", "elapsed": 187.768668, "delta": 1.164426}}
{"target": -39.909259974806155, "params": {"C": 152.50672363796804, "gamma": 0.011482333528568867}, "datetime": {"datetime": "2021-09-28 11:50:40", "elapsed": 189.054628, "delta": 1.28596}}
{"target": -39.58199075527561, "params": {"C": 152.55269149622626, "gamma": 0.030176881834311043}, "datetime": {"datetime": "2021-09-28 11:50:41", "elapsed": 190.584621, "delta": 1.529993}}
{"target": -39.583058791027405, "params": {"C": 152.59345689540322, "gamma": 0.030285751017636205}, "datetime": {"datetime": "2021-09-28 11:50:43", "elapsed": 192.035354, "delta": 1.450733}}
{"target": -40.0448362765, "params": {"C": 152.57342232784612, "gamma": 0.05356246529969202}, "datetime": {"datetime": "2021-09-28 11:50:44", "elapsed": 193.624693, "delta": 1.589339}}
{"target": -39.60328922565965, "params": {"C": 152.63169845349682, "gamma": 0.03167094186803216}, "datetime": {"datetime": "2021-09-28 11:50:46", "elapsed": 195.767139, "delta": 2.142446}}
{"target": -40.40746079392334, "params": {"C": 152.61726712805284, "gamma": 0.007533256178692392}, "datetime": {"datetime": "2021-09-28 11:50:48", "elapsed": 197.325363, "delta": 1.558224}}
{"target": -40.27309484769942, "params": {"C": 152.63167437959942, "gamma": 0.06385688201425123}, "datetime": {"datetime": "2021-09-28 11:50:49", "elapsed": 198.679599, "delta": 1.354236}}
