{"target": 0.2208339569769593, "params": {"C": 532460.7886952921, "gamma": 0.8204818869700126}, "datetime": {"datetime": "2021-10-04 11:10:11", "elapsed": 372.860261, "delta": 2.332503}}
{"target": 0.1930438775181763, "params": {"C": 627649.9351486675, "gamma": 0.968340047588873}, "datetime": {"datetime": "2021-10-04 11:10:14", "elapsed": 375.120647, "delta": 2.260386}}
{"target": 0.2094690773864425, "params": {"C": 512302.4657226652, "gamma": 0.8792456838094787}, "datetime": {"datetime": "2021-10-04 11:10:16", "elapsed": 377.562308, "delta": 2.441661}}
{"target": 0.2148937899936878, "params": {"C": 926436.984414394, "gamma": 0.858170330228705}, "datetime": {"datetime": "2021-10-04 11:10:18", "elapsed": 379.632394, "delta": 2.070086}}
{"target": 0.234196187260726, "params": {"C": 987491.9491144274, "gamma": 0.47615489703759684}, "datetime": {"datetime": "2021-10-04 11:10:20", "elapsed": 381.300149, "delta": 1.667755}}
{"target": 0.20617438295253498, "params": {"C": 663711.403774898, "gamma": 0.9007366951058806}, "datetime": {"datetime": "2021-10-04 11:10:22", "elapsed": 383.227819, "delta": 1.92767}}
{"target": 0.20547521699889026, "params": {"C": 866983.8185882117, "gamma": 0.9072333682156947}, "datetime": {"datetime": "2021-10-04 11:10:24", "elapsed": 385.079822, "delta": 1.852003}}
{"target": 0.24035594791450443, "params": {"C": 597437.2168326724, "gamma": 0.7066033326022825}, "datetime": {"datetime": "2021-10-04 11:10:25", "elapsed": 386.662456, "delta": 1.582634}}
{"target": 0.21175441898436287, "params": {"C": 562048.3640507549, "gamma": 0.3932819311263888}, "datetime": {"datetime": "2021-10-04 11:10:27", "elapsed": 388.369251, "delta": 1.706795}}
{"target": 0.18511726224042846, "params": {"C": 597437.4581633575, "gamma": 0.35017253311604757}, "datetime": {"datetime": "2021-10-04 11:10:29", "elapsed": 390.248896, "delta": 1.879645}}
{"target": 0.18394431420126112, "params": {"C": 926438.8381474881, "gamma": 0.01993695090204156}, "datetime": {"datetime": "2021-10-04 11:10:31", "elapsed": 392.370019, "delta": 2.121123}}
{"target": 0.2141429080884898, "params": {"C": 951020.6881927326, "gamma": 0.8623170393269323}, "datetime": {"datetime": "2021-10-04 11:10:33", "elapsed": 394.607662, "delta": 2.237643}}
{"target": 0.22281269321514519, "params": {"C": 978831.3560419412, "gamma": 0.8156082955211305}, "datetime": {"datetime": "2021-10-04 11:10:36", "elapsed": 397.394475, "delta": 2.786813}}
{"target": 0.2188311794156279, "params": {"C": 568464.690091367, "gamma": 0.8322302995684655}, "datetime": {"datetime": "2021-10-04 11:10:38", "elapsed": 399.40451, "delta": 2.010035}}
{"target": 0.21091062446064524, "params": {"C": 599940.8316203943, "gamma": 0.8746401262337521}, "datetime": {"datetime": "2021-10-04 11:10:40", "elapsed": 401.384773, "delta": 1.980263}}
{"target": 0.2141179242795398, "params": {"C": 829249.8927958328, "gamma": 0.41611938294896644}, "datetime": {"datetime": "2021-10-04 11:10:42", "elapsed": 403.39246, "delta": 2.007687}}
{"target": 0.1275935591530276, "params": {"C": 948623.1755631918, "gamma": 0.30435912523621556}, "datetime": {"datetime": "2021-10-04 11:10:44", "elapsed": 405.316031, "delta": 1.923571}}
{"target": 0.11372156443137127, "params": {"C": 957132.277114793, "gamma": 0.2917183926818111}, "datetime": {"datetime": "2021-10-04 11:10:46", "elapsed": 407.258641, "delta": 1.94261}}
{"target": 0.18952967708364543, "params": {"C": 578702.9660115378, "gamma": 0.35523619983247695}, "datetime": {"datetime": "2021-10-04 11:10:48", "elapsed": 409.121609, "delta": 1.862968}}
{"target": 0.24609020041292062, "params": {"C": 755262.7549346583, "gamma": 0.5231514316046205}, "datetime": {"datetime": "2021-10-04 11:10:50", "elapsed": 410.916269, "delta": 1.79466}}
{"target": 0.12757399496765554, "params": {"C": 542280.508357801, "gamma": 0.2712820681982046}, "datetime": {"datetime": "2021-10-04 11:10:52", "elapsed": 413.018692, "delta": 2.102423}}
{"target": 0.2174694888047507, "params": {"C": 636358.8156155837, "gamma": 0.841063950272281}, "datetime": {"datetime": "2021-10-04 11:10:55", "elapsed": 415.959094, "delta": 2.940402}}
{"target": 0.20616738645952337, "params": {"C": 926186.702106155, "gamma": 0.9041210361919526}, "datetime": {"datetime": "2021-10-04 11:10:57", "elapsed": 417.953936, "delta": 1.994842}}
{"target": 0.09095901459380873, "params": {"C": 571149.7907843516, "gamma": 0.23695739730286217}, "datetime": {"datetime": "2021-10-04 11:10:58", "elapsed": 419.760241, "delta": 1.806305}}
{"target": 0.1192186363301776, "params": {"C": 775835.5950430413, "gamma": 0.04540573764415975}, "datetime": {"datetime": "2021-10-04 11:11:01", "elapsed": 422.008022, "delta": 2.247781}}
{"target": 0.20760921661469456, "params": {"C": 665960.000794841, "gamma": 0.39353371390016156}, "datetime": {"datetime": "2021-10-04 11:11:02", "elapsed": 423.841064, "delta": 1.833042}}
{"target": 0.23466799259696558, "params": {"C": 901385.716298982, "gamma": 0.7457698517300143}, "datetime": {"datetime": "2021-10-04 11:11:05", "elapsed": 426.031137, "delta": 2.190073}}
{"target": -0.0022515778008236342, "params": {"C": 799857.8951805285, "gamma": 0.18503571189252793}, "datetime": {"datetime": "2021-10-04 11:11:06", "elapsed": 427.855198, "delta": 1.824061}}
{"target": 0.16735631857033206, "params": {"C": 746786.3686639265, "gamma": 0.33707400438785956}, "datetime": {"datetime": "2021-10-04 11:11:08", "elapsed": 429.623573, "delta": 1.768375}}
{"target": 0.22167375837177905, "params": {"C": 923561.056282404, "gamma": 0.8216133952438077}, "datetime": {"datetime": "2021-10-04 11:11:10", "elapsed": 431.70589, "delta": 2.082317}}
{"target": 0.25035242738724683, "params": {"C": 645450.0171010462, "gamma": 0.5684289697699746}, "datetime": {"datetime": "2021-10-04 11:11:13", "elapsed": 434.497067, "delta": 2.791177}}
{"target": 0.2439107465393967, "params": {"C": 796567.3456142866, "gamma": 0.5110563288427098}, "datetime": {"datetime": "2021-10-04 11:11:15", "elapsed": 436.370557, "delta": 1.87349}}
{"target": 0.19430406645293286, "params": {"C": 503063.3161170929, "gamma": 0.9573300424654834}, "datetime": {"datetime": "2021-10-04 11:11:17", "elapsed": 438.299241, "delta": 1.928684}}
{"target": 0.1451688805584881, "params": {"C": 872892.0173253699, "gamma": 0.3185054088618802}, "datetime": {"datetime": "2021-10-04 11:11:20", "elapsed": 441.059749, "delta": 2.760508}}
{"target": 0.24911240054559824, "params": {"C": 813301.7436734944, "gamma": 0.612669788228015}, "datetime": {"datetime": "2021-10-04 11:11:22", "elapsed": 443.262043, "delta": 2.202294}}
{"target": 0.24024094699966347, "params": {"C": 532428.9047733173, "gamma": 0.7065832444951438}, "datetime": {"datetime": "2021-10-04 11:11:24", "elapsed": 445.769027, "delta": 2.506984}}
{"target": 0.2509868518330999, "params": {"C": 512302.08109170484, "gamma": 0.5969183702028593}, "datetime": {"datetime": "2021-10-04 11:11:27", "elapsed": 448.180412, "delta": 2.411385}}
{"target": 0.23327830631877278, "params": {"C": 578937.9065784196, "gamma": 0.7519394876615733}, "datetime": {"datetime": "2021-10-04 11:11:29", "elapsed": 450.592057, "delta": 2.411645}}
{"target": 0.2394787586803847, "params": {"C": 734874.1178189327, "gamma": 0.7134035807091906}, "datetime": {"datetime": "2021-10-04 11:11:31", "elapsed": 452.298823, "delta": 1.706766}}
{"target": 0.2362089574403392, "params": {"C": 974743.433732853, "gamma": 0.7357880788918544}, "datetime": {"datetime": "2021-10-04 11:11:33", "elapsed": 454.518175, "delta": 2.219352}}
{"target": 0.20193359700544267, "params": {"C": 813302.1753106314, "gamma": 0.9251585030984444}, "datetime": {"datetime": "2021-10-04 11:11:35", "elapsed": 456.728972, "delta": 2.210797}}
{"target": 0.12304258478169361, "params": {"C": 741041.2929990212, "gamma": 0.2869624777588078}, "datetime": {"datetime": "2021-10-04 11:11:38", "elapsed": 459.117329, "delta": 2.388357}}
{"target": 0.20865326061043954, "params": {"C": 618339.7647902482, "gamma": 0.886843149110198}, "datetime": {"datetime": "2021-10-04 11:11:40", "elapsed": 460.905445, "delta": 1.788116}}
{"target": 0.1919460439713867, "params": {"C": 933726.0901157822, "gamma": 0.9788316783433143}, "datetime": {"datetime": "2021-10-04 11:11:42", "elapsed": 463.535275, "delta": 2.62983}}
{"target": 0.24753687547283476, "params": {"C": 861139.5174381614, "gamma": 0.5449097885855307}, "datetime": {"datetime": "2021-10-04 11:11:44", "elapsed": 465.758623, "delta": 2.223348}}
{"target": 0.20444197923650287, "params": {"C": 787594.4399681194, "gamma": 0.9117550113508279}, "datetime": {"datetime": "2021-10-04 11:11:46", "elapsed": 467.720023, "delta": 1.9614}}
{"target": 0.20994798215037624, "params": {"C": 722299.6722901186, "gamma": 0.4017997226590585}, "datetime": {"datetime": "2021-10-04 11:11:48", "elapsed": 469.502473, "delta": 1.78245}}
{"target": 0.24256932741756465, "params": {"C": 725849.4713902727, "gamma": 0.6903755375836916}, "datetime": {"datetime": "2021-10-04 11:11:50", "elapsed": 471.495485, "delta": 1.993012}}
{"target": 0.22826003310489051, "params": {"C": 663879.5520541862, "gamma": 0.7825915105662343}, "datetime": {"datetime": "2021-10-04 11:11:52", "elapsed": 473.400688, "delta": 1.905203}}
{"target": 0.13864254535342524, "params": {"C": 744989.4920711914, "gamma": 0.30346099086715694}, "datetime": {"datetime": "2021-10-04 11:11:54", "elapsed": 475.677283, "delta": 2.276595}}
{"target": 0.23309575472368238, "params": {"C": 947197.5575111369, "gamma": 0.47077366765536804}, "datetime": {"datetime": "2021-10-04 11:11:57", "elapsed": 478.068467, "delta": 2.391184}}
{"target": 0.24213991547100244, "params": {"C": 808462.9621071585, "gamma": 0.6934488897605005}, "datetime": {"datetime": "2021-10-04 11:11:59", "elapsed": 479.988386, "delta": 1.919919}}
{"target": 0.19513502828952312, "params": {"C": 762566.1871550678, "gamma": 0.377760111859248}, "datetime": {"datetime": "2021-10-04 11:12:02", "elapsed": 483.700034, "delta": 3.711648}}
{"target": 0.19347783015884423, "params": {"C": 705687.2802734736, "gamma": 0.371555713012312}, "datetime": {"datetime": "2021-10-04 11:12:05", "elapsed": 485.937539, "delta": 2.237505}}
{"target": 0.12755314548374552, "params": {"C": 930965.7768709741, "gamma": 0.3034374457714921}, "datetime": {"datetime": "2021-10-04 11:12:06", "elapsed": 487.811362, "delta": 1.873823}}
{"target": 0.09270955379959545, "params": {"C": 720693.3715799436, "gamma": 0.25623206391695935}, "datetime": {"datetime": "2021-10-04 11:12:09", "elapsed": 490.302789, "delta": 2.491427}}
{"target": 0.22582848600844407, "params": {"C": 648555.8324672517, "gamma": 0.7960354949261379}, "datetime": {"datetime": "2021-10-04 11:12:11", "elapsed": 492.139166, "delta": 1.836377}}
{"target": 0.2510220438394418, "params": {"C": 552015.1135499357, "gamma": 0.565102693293605}, "datetime": {"datetime": "2021-10-04 11:12:13", "elapsed": 494.351001, "delta": 2.211835}}
{"target": 0.2080625120719216, "params": {"C": 914735.0060435843, "gamma": 0.8941049290994967}, "datetime": {"datetime": "2021-10-04 11:12:15", "elapsed": 496.12453, "delta": 1.773529}}
{"target": 0.02539576144569944, "params": {"C": 532428.1522467281, "gamma": 0.10247046029419828}, "datetime": {"datetime": "2021-10-04 11:12:18", "elapsed": 499.594323, "delta": 3.469793}}
{"target": 0.1807589375139067, "params": {"C": 610325.69421346, "gamma": 0.02707859903471351}, "datetime": {"datetime": "2021-10-04 11:12:20", "elapsed": 501.515918, "delta": 1.921595}}
{"target": -0.06109757558063378, "params": {"C": 951024.9196188006, "gamma": 0.1563467158530073}, "datetime": {"datetime": "2021-10-04 11:12:22", "elapsed": 503.790713, "delta": 2.274795}}
{"target": 0.23227467751756792, "params": {"C": 841586.0132007876, "gamma": 0.7604852078863035}, "datetime": {"datetime": "2021-10-04 11:12:25", "elapsed": 506.11277, "delta": 2.322057}}
{"target": 0.031017650356928717, "params": {"C": 601838.1959924799, "gamma": 0.08508239030299015}, "datetime": {"datetime": "2021-10-04 11:12:27", "elapsed": 508.25085, "delta": 2.13808}}
{"target": 0.24235406380710922, "params": {"C": 789435.5664512687, "gamma": 0.6918317594017084}, "datetime": {"datetime": "2021-10-04 11:12:29", "elapsed": 510.22548, "delta": 1.97463}}
{"target": 0.09410312235003915, "params": {"C": 527409.7315625645, "gamma": 0.2332771663881811}, "datetime": {"datetime": "2021-10-04 11:12:31", "elapsed": 511.969838, "delta": 1.744358}}
{"target": 0.2461639067264565, "params": {"C": 658762.9023555974, "gamma": 0.5154306108507495}, "datetime": {"datetime": "2021-10-04 11:12:33", "elapsed": 514.332799, "delta": 2.362961}}
{"target": 0.22422560053044438, "params": {"C": 514674.3330073906, "gamma": 0.8016183596442983}, "datetime": {"datetime": "2021-10-04 11:12:35", "elapsed": 516.581068, "delta": 2.248269}}
{"target": 0.20831477504169327, "params": {"C": 601859.0547692352, "gamma": 0.8881835596337672}, "datetime": {"datetime": "2021-10-04 11:12:37", "elapsed": 518.840328, "delta": 2.25926}}
{"target": -0.08042261413105312, "params": {"C": 955515.4842722588, "gamma": 0.13715202560390874}, "datetime": {"datetime": "2021-10-04 11:12:39", "elapsed": 520.663835, "delta": 1.823507}}
{"target": 0.12193553634993715, "params": {"C": 741042.2944462653, "gamma": 0.28585330053832536}, "datetime": {"datetime": "2021-10-04 11:12:42", "elapsed": 523.21105, "delta": 2.547215}}
{"target": 0.20636411542480315, "params": {"C": 570162.592147275, "gamma": 0.8973865908021003}, "datetime": {"datetime": "2021-10-04 11:12:44", "elapsed": 524.987867, "delta": 1.776817}}
{"target": 0.24664913957920664, "params": {"C": 693685.7356321506, "gamma": 0.6538025072976276}, "datetime": {"datetime": "2021-10-04 11:12:46", "elapsed": 526.974661, "delta": 1.986794}}
{"target": -0.0036890098299391383, "params": {"C": 604114.9412211444, "gamma": 0.13733110904205514}, "datetime": {"datetime": "2021-10-04 11:12:49", "elapsed": 530.077677, "delta": 3.103016}}
{"target": 0.24907949744428015, "params": {"C": 607124.2539117583, "gamma": 0.6262694039747075}, "datetime": {"datetime": "2021-10-04 11:12:52", "elapsed": 533.018491, "delta": 2.940814}}
{"target": 0.01900633691497977, "params": {"C": 690243.0889199695, "gamma": 0.18764040309661786}, "datetime": {"datetime": "2021-10-04 11:12:54", "elapsed": 534.99539, "delta": 1.976899}}
{"target": -0.03988777479550287, "params": {"C": 750066.788411503, "gamma": 0.1346064299329953}, "datetime": {"datetime": "2021-10-04 11:12:55", "elapsed": 536.875491, "delta": 1.880101}}
{"target": 0.24553759099915284, "params": {"C": 944498.4479231664, "gamma": 0.6613219366524417}, "datetime": {"datetime": "2021-10-04 11:12:57", "elapsed": 538.784183, "delta": 1.908692}}
{"target": 0.1921443500470097, "params": {"C": 516361.485164406, "gamma": 0.9692368690402772}, "datetime": {"datetime": "2021-10-04 11:13:00", "elapsed": 540.945254, "delta": 2.161071}}
{"target": 0.1974425668524593, "params": {"C": 800317.928124255, "gamma": 0.3836418564435494}, "datetime": {"datetime": "2021-10-04 11:13:02", "elapsed": 542.952886, "delta": 2.007632}}
{"target": 0.2478176450833739, "params": {"C": 562082.5422846581, "gamma": 0.5180291479078805}, "datetime": {"datetime": "2021-10-04 11:13:04", "elapsed": 545.039082, "delta": 2.086196}}
{"target": 0.245708835439441, "params": {"C": 987491.4866837588, "gamma": 0.5350855699385635}, "datetime": {"datetime": "2021-10-04 11:13:07", "elapsed": 548.254858, "delta": 3.215776}}
{"target": 0.015070449184964585, "params": {"C": 532426.6072257957, "gamma": 0.11940782499948}, "datetime": {"datetime": "2021-10-04 11:13:09", "elapsed": 550.573304, "delta": 2.318446}}
{"target": 0.24814901524662192, "params": {"C": 811296.7097324787, "gamma": 0.6315979413403445}, "datetime": {"datetime": "2021-10-04 11:13:11", "elapsed": 552.597767, "delta": 2.024463}}
{"target": 0.15561547226339034, "params": {"C": 614215.6258717586, "gamma": 0.31193788233452335}, "datetime": {"datetime": "2021-10-04 11:13:15", "elapsed": 556.225164, "delta": 3.627397}}
{"target": 0.22691953097272521, "params": {"C": 679296.9392248376, "gamma": 0.7903866341015786}, "datetime": {"datetime": "2021-10-04 11:13:18", "elapsed": 559.119957, "delta": 2.894793}}
{"target": 0.020878210179274603, "params": {"C": 580239.4784468956, "gamma": 0.16702606347980473}, "datetime": {"datetime": "2021-10-04 11:13:20", "elapsed": 561.043882, "delta": 1.923925}}
{"target": 0.21515400901338533, "params": {"C": 512301.80563886545, "gamma": 0.8497207509455765}, "datetime": {"datetime": "2021-10-04 11:13:23", "elapsed": 564.135905, "delta": 3.092023}}
{"target": 0.15942419050933332, "params": {"C": 933726.5523717618, "gamma": 0.33752598432165226}, "datetime": {"datetime": "2021-10-04 11:13:25", "elapsed": 566.634482, "delta": 2.498577}}
{"target": 0.010104674501108413, "params": {"C": 552610.3244327041, "gamma": 0.13787096371711566}, "datetime": {"datetime": "2021-10-04 11:13:27", "elapsed": 568.47423, "delta": 1.839748}}
{"target": -0.05419575328947124, "params": {"C": 806310.2414165668, "gamma": 0.13023951570600067}, "datetime": {"datetime": "2021-10-04 11:13:29", "elapsed": 570.484173, "delta": 2.009943}}
{"target": 0.19343210647848774, "params": {"C": 663426.3576309462, "gamma": 0.9671672846745707}, "datetime": {"datetime": "2021-10-04 11:13:31", "elapsed": 572.428328, "delta": 1.944155}}
{"target": 0.2077403608839582, "params": {"C": 594112.9236589905, "gamma": 0.8909558503991999}, "datetime": {"datetime": "2021-10-04 11:13:33", "elapsed": 574.466844, "delta": 2.038516}}
{"target": 0.2374467277979564, "params": {"C": 836114.0572808213, "gamma": 0.4817181209336641}, "datetime": {"datetime": "2021-10-04 11:13:35", "elapsed": 576.499308, "delta": 2.032464}}
{"target": 0.010942973058215455, "params": {"C": 601840.8575362449, "gamma": 0.09746922940156595}, "datetime": {"datetime": "2021-10-04 11:13:38", "elapsed": 579.034039, "delta": 2.534731}}
{"target": 0.1279021938428685, "params": {"C": 792575.1973244722, "gamma": 0.2956310134950054}, "datetime": {"datetime": "2021-10-04 11:13:40", "elapsed": 581.122919, "delta": 2.08888}}
{"target": 0.24685912332172177, "params": {"C": 601852.0307746015, "gamma": 0.5149009230390048}, "datetime": {"datetime": "2021-10-04 11:13:43", "elapsed": 584.221332, "delta": 3.098413}}
{"target": 0.24788732718352557, "params": {"C": 614319.0257780831, "gamma": 0.5249603618299933}, "datetime": {"datetime": "2021-10-04 11:13:45", "elapsed": 586.31431, "delta": 2.092978}}
{"target": 0.2500039809011587, "params": {"C": 685341.3843628403, "gamma": 0.6010114983440457}, "datetime": {"datetime": "2021-10-04 11:13:47", "elapsed": 588.388889, "delta": 2.074579}}
{"target": 0.23928335232182785, "params": {"C": 645429.8378629804, "gamma": 0.7144324186813275}, "datetime": {"datetime": "2021-10-04 11:13:51", "elapsed": 592.43323, "delta": 4.044341}}
{"target": 0.24576211771696632, "params": {"C": 591549.560274787, "gamma": 0.6637994849250785}, "datetime": {"datetime": "2021-10-04 11:13:54", "elapsed": 595.072543, "delta": 2.639313}}
{"target": 0.041870215537197386, "params": {"C": 796566.9094191517, "gamma": 0.06492935410396466}, "datetime": {"datetime": "2021-10-04 11:13:57", "elapsed": 598.830233, "delta": 3.75769}}
{"target": 0.21948624885859502, "params": {"C": 598427.2016066924, "gamma": 0.8295138143006796}, "datetime": {"datetime": "2021-10-04 11:14:00", "elapsed": 601.465836, "delta": 2.635603}}
{"target": 0.21387275078974666, "params": {"C": 739699.0386574469, "gamma": 0.8617807558001696}, "datetime": {"datetime": "2021-10-04 11:14:02", "elapsed": 603.556781, "delta": 2.090945}}
{"target": 0.21283596179997788, "params": {"C": 957004.7569079583, "gamma": 0.8692796424883444}, "datetime": {"datetime": "2021-10-04 11:14:04", "elapsed": 605.6955, "delta": 2.138719}}
{"target": 0.23401169985570136, "params": {"C": 808463.612153559, "gamma": 0.749668185557146}, "datetime": {"datetime": "2021-10-04 11:14:07", "elapsed": 608.194526, "delta": 2.499026}}
{"target": 0.24782659976404864, "params": {"C": 822607.8659839137, "gamma": 0.5451130141479839}, "datetime": {"datetime": "2021-10-04 11:14:09", "elapsed": 610.393152, "delta": 2.198626}}
{"target": 0.2387568265436223, "params": {"C": 5957181.12317118, "gamma": 0.7107744922145419}, "datetime": {"datetime": "2021-10-04 11:16:31", "elapsed": 0.0, "delta": 0.0}}
{"target": 0.2362674110339411, "params": {"C": 3618142.650216499, "gamma": 0.515230156750884}, "datetime": {"datetime": "2021-10-04 11:16:32", "elapsed": 0.161199, "delta": 0.161199}}
{"target": 0.20807698603180347, "params": {"C": 9036522.589128893, "gamma": 0.8972264511330371}, "datetime": {"datetime": "2021-10-04 11:16:32", "elapsed": 0.314547, "delta": 0.153348}}
{"target": -0.06606023721433063, "params": {"C": 2130267.7941745264, "gamma": 0.21437769223494307}, "datetime": {"datetime": "2021-10-04 11:16:32", "elapsed": 0.477345, "delta": 0.162798}}
{"target": 0.21924093743502648, "params": {"C": 1463204.8297074689, "gamma": 0.44584255505778075}, "datetime": {"datetime": "2021-10-04 11:16:32", "elapsed": 0.646673, "delta": 0.169328}}
{"target": 0.20932771491458646, "params": {"C": 1463220.8271102144, "gamma": 0.8895757472823692}, "datetime": {"datetime": "2021-10-04 11:16:32", "elapsed": 0.875124, "delta": 0.228451}}
{"target": 0.244618801618118, "params": {"C": 1462960.6020037672, "gamma": 0.5439702243213312}, "datetime": {"datetime": "2021-10-04 11:16:32", "elapsed": 1.082037, "delta": 0.206913}}
{"target": 0.24515911434358828, "params": {"C": 5956756.1840966875, "gamma": 0.6276469429275071}, "datetime": {"datetime": "2021-10-04 11:16:33", "elapsed": 1.341316, "delta": 0.259279}}
{"target": 0.2422335454556257, "params": {"C": 9037546.463404212, "gamma": 0.5605171945530627}, "datetime": {"datetime": "2021-10-04 11:16:33", "elapsed": 1.563285, "delta": 0.221969}}
{"target": -0.3216787553959606, "params": {"C": 9038036.657363664, "gamma": 0.17997055384732114}, "datetime": {"datetime": "2021-10-04 11:16:33", "elapsed": 1.763879, "delta": 0.200594}}
