{"target": 0.20517573590718263, "params": {"C": 215598.4427104371, "gamma": 0.8599728717535458}, "datetime": {"datetime": "2021-10-04 11:21:05", "elapsed": 24.149703, "delta": 0.446001}}
{"target": 0.19628102709066442, "params": {"C": 296872.7835965869, "gamma": 0.9271688293007686}, "datetime": {"datetime": "2021-10-04 11:21:05", "elapsed": 24.580562, "delta": 0.430859}}
{"target": 0.16420157380479916, "params": {"C": 212527.51571079058, "gamma": 0.23680914499182948}, "datetime": {"datetime": "2021-10-04 11:21:06", "elapsed": 25.197342, "delta": 0.61678}}
{"target": 0.23919539972606108, "params": {"C": 162858.5314528455, "gamma": 0.39472069759516504}, "datetime": {"datetime": "2021-10-04 11:21:07", "elapsed": 25.705346, "delta": 0.508004}}
{"target": 0.18471142631619286, "params": {"C": 371222.13448982686, "gamma": 0.9980579748553388}, "datetime": {"datetime": "2021-10-04 11:21:07", "elapsed": 26.108503, "delta": 0.403157}}
{"target": 0.11185379396299999, "params": {"C": 295301.1576876647, "gamma": 0.1896383401443412}, "datetime": {"datetime": "2021-10-04 11:21:07", "elapsed": 26.582753, "delta": 0.47425}}
{"target": 0.2500680545823709, "params": {"C": 268995.4486417213, "gamma": 0.6096643602339612}, "datetime": {"datetime": "2021-10-04 11:21:08", "elapsed": 26.982268, "delta": 0.399515}}
{"target": 0.1760963410623082, "params": {"C": 212475.55733834882, "gamma": 0.2582202922146743}, "datetime": {"datetime": "2021-10-04 11:21:08", "elapsed": 27.380592, "delta": 0.398324}}
{"target": 0.19134120762998152, "params": {"C": 212491.7924679369, "gamma": 0.2866895947398242}, "datetime": {"datetime": "2021-10-04 11:21:09", "elapsed": 27.876893, "delta": 0.496301}}
{"target": 0.2524833584908702, "params": {"C": 287729.6611012032, "gamma": 0.5773270881864179}, "datetime": {"datetime": "2021-10-04 11:21:09", "elapsed": 28.453031, "delta": 0.576138}}
{"target": 0.2269573208817458, "params": {"C": 312568.6538121937, "gamma": 0.772149723508966}, "datetime": {"datetime": "2021-10-04 11:21:10", "elapsed": 28.945324, "delta": 0.492293}}
{"target": 0.15624561360851008, "params": {"C": 162847.76018053055, "gamma": 0.1858958153854479}, "datetime": {"datetime": "2021-10-04 11:21:10", "elapsed": 29.388322, "delta": 0.442998}}
{"target": 0.1784430217212536, "params": {"C": 222726.1449886451, "gamma": 0.9988989822728976}, "datetime": {"datetime": "2021-10-04 11:21:11", "elapsed": 29.87292, "delta": 0.484598}}
{"target": 0.2247201550392559, "params": {"C": 287196.6203115535, "gamma": 0.3822271084131348}, "datetime": {"datetime": "2021-10-04 11:21:11", "elapsed": 30.464916, "delta": 0.591996}}
{"target": 0.24578960420202356, "params": {"C": 226255.58241202222, "gamma": 0.6378020183982944}, "datetime": {"datetime": "2021-10-04 11:21:12", "elapsed": 30.866626, "delta": 0.40171}}
{"target": 0.20079025864695155, "params": {"C": 212527.2192173232, "gamma": 0.8805531932621232}, "datetime": {"datetime": "2021-10-04 11:21:12", "elapsed": 31.374366, "delta": 0.50774}}
{"target": 0.2531289654881842, "params": {"C": 218290.37469281378, "gamma": 0.5382849512112426}, "datetime": {"datetime": "2021-10-04 11:21:13", "elapsed": 31.903372, "delta": 0.529006}}
{"target": 0.2449627625253481, "params": {"C": 222682.8039038243, "gamma": 0.43822766313677647}, "datetime": {"datetime": "2021-10-04 11:21:13", "elapsed": 32.418368, "delta": 0.514996}}
{"target": 0.12312268255569891, "params": {"C": 287196.4011681675, "gamma": 0.20406339908255475}, "datetime": {"datetime": "2021-10-04 11:21:14", "elapsed": 32.976989, "delta": 0.558621}}
{"target": 0.1980265280872695, "params": {"C": 170703.26937995612, "gamma": 0.2818679217305216}, "datetime": {"datetime": "2021-10-04 11:21:14", "elapsed": 33.52301, "delta": 0.546021}}
{"target": 0.17834372161527323, "params": {"C": 162875.1498388761, "gamma": 0.2360661827659057}, "datetime": {"datetime": "2021-10-04 11:21:15", "elapsed": 34.02988, "delta": 0.50687}}
{"target": 0.17839481191750417, "params": {"C": 223948.59134799708, "gamma": 0.9996510084541245}, "datetime": {"datetime": "2021-10-04 11:21:15", "elapsed": 34.507812, "delta": 0.477932}}
{"target": 0.16584895776253528, "params": {"C": 218290.28492643582, "gamma": 0.24257590076717503}, "datetime": {"datetime": "2021-10-04 11:21:16", "elapsed": 35.020324, "delta": 0.512512}}
{"target": 0.2532731735972986, "params": {"C": 268996.04749468714, "gamma": 0.5451945569974574}, "datetime": {"datetime": "2021-10-04 11:21:16", "elapsed": 35.519636, "delta": 0.499312}}
{"target": 0.24549862320866045, "params": {"C": 152640.8096495293, "gamma": 0.5964956378210192}, "datetime": {"datetime": "2021-10-04 11:21:17", "elapsed": 35.919526, "delta": 0.39989}}
{"target": 0.16141609081029906, "params": {"C": 162879.9808617484, "gamma": 0.19887389779821096}, "datetime": {"datetime": "2021-10-04 11:21:17", "elapsed": 36.402331, "delta": 0.482805}}
{"target": 0.23759783607254936, "params": {"C": 287729.88648354844, "gamma": 0.4221077485090786}, "datetime": {"datetime": "2021-10-04 11:21:18", "elapsed": 36.913811, "delta": 0.51148}}
{"target": 0.18533213830214212, "params": {"C": 309984.8264778446, "gamma": 0.986209344026398}, "datetime": {"datetime": "2021-10-04 11:21:18", "elapsed": 37.361728, "delta": 0.447917}}
{"target": 0.1842301221524576, "params": {"C": 272115.9362138793, "gamma": 0.03277105828628154}, "datetime": {"datetime": "2021-10-04 11:21:19", "elapsed": 37.780357, "delta": 0.418629}}
{"target": 0.250733670325446, "params": {"C": 287720.75471601135, "gamma": 0.6047718047996979}, "datetime": {"datetime": "2021-10-04 11:21:19", "elapsed": 38.203394, "delta": 0.423037}}
{"target": 0.1440278704610134, "params": {"C": 287727.856244075, "gamma": 0.06613420228636353}, "datetime": {"datetime": "2021-10-04 11:21:19", "elapsed": 38.69772, "delta": 0.494326}}
{"target": 0.2517804547668917, "params": {"C": 162940.80890943002, "gamma": 0.5016406740200409}, "datetime": {"datetime": "2021-10-04 11:21:20", "elapsed": 39.176953, "delta": 0.479233}}
{"target": 0.22305945907016045, "params": {"C": 218290.6601977281, "gamma": 0.7708704440091615}, "datetime": {"datetime": "2021-10-04 11:21:21", "elapsed": 40.097484, "delta": 0.920531}}
{"target": 0.25312583222062657, "params": {"C": 268995.5694443097, "gamma": 0.5297290145392558}, "datetime": {"datetime": "2021-10-04 11:21:21", "elapsed": 40.615948, "delta": 0.518464}}
{"target": 0.2474725034114238, "params": {"C": 287197.28258345544, "gamma": 0.46856194608979734}, "datetime": {"datetime": "2021-10-04 11:21:22", "elapsed": 41.214335, "delta": 0.598387}}
{"target": 0.18584027491987498, "params": {"C": 257802.65730090294, "gamma": 0.9719816337758984}, "datetime": {"datetime": "2021-10-04 11:21:23", "elapsed": 41.725852, "delta": 0.511517}}
{"target": 0.19081825863373492, "params": {"C": 272133.86545672157, "gamma": 0.9499280766173384}, "datetime": {"datetime": "2021-10-04 11:21:23", "elapsed": 42.226559, "delta": 0.500707}}
{"target": 0.20559708896176687, "params": {"C": 212475.21021315016, "gamma": 0.8566075162957311}, "datetime": {"datetime": "2021-10-04 11:21:24", "elapsed": 42.755248, "delta": 0.528689}}
{"target": 0.20863760697564115, "params": {"C": 395522.2079576242, "gamma": 0.8766181617747949}, "datetime": {"datetime": "2021-10-04 11:21:24", "elapsed": 43.269254, "delta": 0.514006}}
{"target": 0.25173791586369154, "params": {"C": 162856.34844707014, "gamma": 0.4992691322558557}, "datetime": {"datetime": "2021-10-04 11:21:25", "elapsed": 43.811834, "delta": 0.54258}}
{"target": 0.2532813357440382, "params": {"C": 236953.0894660444, "gamma": 0.5375062105911764}, "datetime": {"datetime": "2021-10-04 11:21:25", "elapsed": 44.391625, "delta": 0.579791}}
{"target": 0.252121259602623, "params": {"C": 389724.3912523674, "gamma": 0.5821359424077851}, "datetime": {"datetime": "2021-10-04 11:21:26", "elapsed": 44.855888, "delta": 0.464263}}
{"target": 0.2106159571467373, "params": {"C": 312568.7142699198, "gamma": 0.3548308770015568}, "datetime": {"datetime": "2021-10-04 11:21:26", "elapsed": 45.48427, "delta": 0.628382}}
{"target": 0.16779021673572903, "params": {"C": 395520.9846452251, "gamma": 0.29846165744049064}, "datetime": {"datetime": "2021-10-04 11:21:27", "elapsed": 46.063542, "delta": 0.579272}}
{"target": 0.09594489415267249, "params": {"C": 295300.20996661927, "gamma": 0.15651240691093526}, "datetime": {"datetime": "2021-10-04 11:21:27", "elapsed": 46.618125, "delta": 0.554583}}
{"target": 0.20530084968118512, "params": {"C": 162867.0857651701, "gamma": 0.8299355647522011}, "datetime": {"datetime": "2021-10-04 11:21:28", "elapsed": 47.204248, "delta": 0.586123}}
{"target": 0.10379522484844173, "params": {"C": 277134.94376328675, "gamma": 0.11258008452119331}, "datetime": {"datetime": "2021-10-04 11:21:29", "elapsed": 47.748714, "delta": 0.544466}}
{"target": 0.06874571080492764, "params": {"C": 369711.81817070954, "gamma": 0.15094789689720287}, "datetime": {"datetime": "2021-10-04 11:21:29", "elapsed": 48.312671, "delta": 0.563957}}
{"target": 0.21755415625619723, "params": {"C": 222156.40900551667, "gamma": 0.800466877170751}, "datetime": {"datetime": "2021-10-04 11:21:30", "elapsed": 48.819632, "delta": 0.506961}}
{"target": 0.24580345490607813, "params": {"C": 162862.3752589893, "gamma": 0.42898371529153523}, "datetime": {"datetime": "2021-10-04 11:21:30", "elapsed": 49.536478, "delta": 0.716846}}
{"target": 0.2177188603587038, "params": {"C": 260068.0260244568, "gamma": 0.8107550302192718}, "datetime": {"datetime": "2021-10-04 11:21:31", "elapsed": 50.12397, "delta": 0.587492}}
{"target": 0.2384027947148909, "params": {"C": 295301.8578681811, "gamma": 0.4268130946973892}, "datetime": {"datetime": "2021-10-04 11:21:32", "elapsed": 50.750022, "delta": 0.626052}}
{"target": 0.09840785836377974, "params": {"C": 287703.60519226675, "gamma": 0.11595820970403276}, "datetime": {"datetime": "2021-10-04 11:21:32", "elapsed": 51.328785, "delta": 0.578763}}
{"target": 0.24244903676214702, "params": {"C": 287196.46444534825, "gamma": 0.6762742353285692}, "datetime": {"datetime": "2021-10-04 11:21:33", "elapsed": 52.074028, "delta": 0.745243}}
{"target": 0.23901603287560502, "params": {"C": 287670.01286225434, "gamma": 0.698912416310844}, "datetime": {"datetime": "2021-10-04 11:21:34", "elapsed": 52.727989, "delta": 0.653961}}
{"target": 0.23709617251853177, "params": {"C": 287699.4756436439, "gamma": 0.7107744922145419}, "datetime": {"datetime": "2021-10-04 11:21:35", "elapsed": 0.0, "delta": 0.0}}
{"target": 0.2529824509445673, "params": {"C": 222726.18472823608, "gamma": 0.515230156750884}, "datetime": {"datetime": "2021-10-04 11:21:35", "elapsed": 0.167081, "delta": 0.167081}}
{"target": 0.20420946880404012, "params": {"C": 373236.7385869137, "gamma": 0.8972264511330371}, "datetime": {"datetime": "2021-10-04 11:21:36", "elapsed": 0.322945, "delta": 0.155864}}
{"target": 0.16200944069821988, "params": {"C": 181396.32761595908, "gamma": 0.21437769223494307}, "datetime": {"datetime": "2021-10-04 11:21:36", "elapsed": 0.513221, "delta": 0.190276}}
{"target": 0.2481231761006396, "params": {"C": 162866.80082520747, "gamma": 0.44584255505778075}, "datetime": {"datetime": "2021-10-04 11:21:36", "elapsed": 0.674126, "delta": 0.160905}}
{"target": 0.2285585622245916, "params": {"C": 222718.111457369, "gamma": 0.7434126647419665}, "datetime": {"datetime": "2021-10-04 11:21:36", "elapsed": 0.946475, "delta": 0.272349}}
{"target": 0.23630751231538838, "params": {"C": 162881.65893664217, "gamma": 0.6690771586035158}, "datetime": {"datetime": "2021-10-04 11:21:36", "elapsed": 1.187075, "delta": 0.2406}}
{"target": 0.24868589749230907, "params": {"C": 162865.83967270024, "gamma": 0.4507390750688264}, "datetime": {"datetime": "2021-10-04 11:21:37", "elapsed": 1.443063, "delta": 0.255988}}
{"target": 0.18951166650401252, "params": {"C": 162831.84479976716, "gamma": 0.9074770062099832}, "datetime": {"datetime": "2021-10-04 11:21:37", "elapsed": 1.67139, "delta": 0.228327}}
{"target": 0.18298501149948632, "params": {"C": 222749.3736506484, "gamma": 0.9750947095024453}, "datetime": {"datetime": "2021-10-04 11:21:37", "elapsed": 1.907732, "delta": 0.236342}}
{"target": 0.2527958990139981, "params": {"C": 287669.2949596415, "gamma": 0.5696038113057582}, "datetime": {"datetime": "2021-10-04 11:21:37", "elapsed": 2.176393, "delta": 0.268661}}
{"target": 0.18299926046618398, "params": {"C": 287659.04745826876, "gamma": 0.03418553021757163}, "datetime": {"datetime": "2021-10-04 11:21:38", "elapsed": 2.465219, "delta": 0.288826}}
{"target": 0.15118315297426566, "params": {"C": 162893.93924250006, "gamma": 0.1711233494842895}, "datetime": {"datetime": "2021-10-04 11:21:38", "elapsed": 2.76522, "delta": 0.300001}}
{"target": 0.25101266472484574, "params": {"C": 162856.0747109692, "gamma": 0.5430755480876944}, "datetime": {"datetime": "2021-10-04 11:21:38", "elapsed": 3.035475, "delta": 0.270255}}
{"target": 0.09578637117458255, "params": {"C": 287682.0142003023, "gamma": 0.14483189813286024}, "datetime": {"datetime": "2021-10-04 11:21:39", "elapsed": 3.307805, "delta": 0.27233}}
{"target": 0.2500300178720931, "params": {"C": 287720.7238983039, "gamma": 0.6130229867697379}, "datetime": {"datetime": "2021-10-04 11:21:39", "elapsed": 3.620802, "delta": 0.312997}}
{"target": 0.15463811719498843, "params": {"C": 287711.66924366506, "gamma": 0.058142819870894806}, "datetime": {"datetime": "2021-10-04 11:21:39", "elapsed": 3.8998, "delta": 0.278998}}
{"target": 0.22189367014841743, "params": {"C": 287728.27840664296, "gamma": 0.3750575447913584}, "datetime": {"datetime": "2021-10-04 11:21:39", "elapsed": 4.19616, "delta": 0.29636}}
{"target": 0.17619660567246198, "params": {"C": 287763.2816944219, "gamma": 0.2858103458139912}, "datetime": {"datetime": "2021-10-04 11:21:40", "elapsed": 4.460353, "delta": 0.264193}}
{"target": 0.2243932263461148, "params": {"C": 162849.7833366367, "gamma": 0.7347743412925397}, "datetime": {"datetime": "2021-10-04 11:21:40", "elapsed": 4.709357, "delta": 0.249004}}
{"target": 0.24358865021230158, "params": {"C": 162875.7778869666, "gamma": 0.6210207344671744}, "datetime": {"datetime": "2021-10-04 11:21:40", "elapsed": 5.040389, "delta": 0.331032}}
{"target": 0.22169324753918818, "params": {"C": 222704.90924848284, "gamma": 0.7795153028833168}, "datetime": {"datetime": "2021-10-04 11:21:41", "elapsed": 5.329474, "delta": 0.289085}}
{"target": 0.23803897059050427, "params": {"C": 222680.18108984083, "gamma": 0.4073120901364435}, "datetime": {"datetime": "2021-10-04 11:21:41", "elapsed": 5.586476, "delta": 0.257002}}
{"target": 0.12789772720786818, "params": {"C": 222673.43986878992, "gamma": 0.10481311946524416}, "datetime": {"datetime": "2021-10-04 11:21:41", "elapsed": 5.859013, "delta": 0.272537}}
{"target": 0.16364238704367373, "params": {"C": 287694.39104152226, "gamma": 0.26588365542504644}, "datetime": {"datetime": "2021-10-04 11:21:41", "elapsed": 6.16245, "delta": 0.303437}}
{"target": 0.22980515934794632, "params": {"C": 212517.45830590447, "gamma": 0.37637543939890367}, "datetime": {"datetime": "2021-10-04 11:21:42", "elapsed": 6.43984, "delta": 0.27739}}
{"target": 0.19183968847673005, "params": {"C": 162871.541665522, "gamma": 0.8959620748796864}, "datetime": {"datetime": "2021-10-04 11:21:42", "elapsed": 6.730851, "delta": 0.291011}}
{"target": 0.24192632028788796, "params": {"C": 287703.56802990683, "gamma": 0.4395281439121627}, "datetime": {"datetime": "2021-10-04 11:21:42", "elapsed": 7.001833, "delta": 0.270982}}
{"target": 0.19892419084208668, "params": {"C": 222698.5306453547, "gamma": 0.8939292711991139}, "datetime": {"datetime": "2021-10-04 11:21:43", "elapsed": 7.279829, "delta": 0.277996}}
{"target": 0.2518397618843057, "params": {"C": 162858.2341152457, "gamma": 0.5106609536050949}, "datetime": {"datetime": "2021-10-04 11:21:43", "elapsed": 7.594622, "delta": 0.314793}}
{"target": 0.24629780620208297, "params": {"C": 212504.00331111104, "gamma": 0.6287798633787317}, "datetime": {"datetime": "2021-10-04 11:21:43", "elapsed": 7.887544, "delta": 0.292922}}
{"target": 0.235458242876867, "params": {"C": 212510.19626604617, "gamma": 0.7011223668922517}, "datetime": {"datetime": "2021-10-04 11:21:43", "elapsed": 8.169384, "delta": 0.28184}}
{"target": 0.2424637986545084, "params": {"C": 212491.64971372305, "gamma": 0.6571388136033646}, "datetime": {"datetime": "2021-10-04 11:21:44", "elapsed": 8.583218, "delta": 0.413834}}
{"target": 0.20934643476421289, "params": {"C": 212487.24892924936, "gamma": 0.32382758692638075}, "datetime": {"datetime": "2021-10-04 11:21:44", "elapsed": 9.006386, "delta": 0.423168}}
{"target": 0.2107353908848676, "params": {"C": 222735.15511330403, "gamma": 0.3304660297025247}, "datetime": {"datetime": "2021-10-04 11:21:45", "elapsed": 9.356032, "delta": 0.349646}}
{"target": 0.14893299124608406, "params": {"C": 212500.14223800282, "gamma": 0.20879076944132063}, "datetime": {"datetime": "2021-10-04 11:21:45", "elapsed": 9.688541, "delta": 0.332509}}
{"target": 0.24118762534430427, "params": {"C": 295294.76468611625, "gamma": 0.43801143954061467}, "datetime": {"datetime": "2021-10-04 11:21:45", "elapsed": 10.05731, "delta": 0.368769}}
{"target": 0.2481600507180166, "params": {"C": 162861.72252140963, "gamma": 0.4461504296788064}, "datetime": {"datetime": "2021-10-04 11:21:46", "elapsed": 10.417542, "delta": 0.360232}}
{"target": 0.20952966210960133, "params": {"C": 222683.45523423376, "gamma": 0.3277657627910856}, "datetime": {"datetime": "2021-10-04 11:21:46", "elapsed": 10.791929, "delta": 0.374387}}
{"target": 0.18857102491768896, "params": {"C": 222730.37731860747, "gamma": 0.946282939771042}, "datetime": {"datetime": "2021-10-04 11:21:46", "elapsed": 11.19949, "delta": 0.407561}}
{"target": 0.23307368638206805, "params": {"C": 212526.78874936717, "gamma": 0.714822969045285}, "datetime": {"datetime": "2021-10-04 11:21:47", "elapsed": 11.543493, "delta": 0.344003}}
{"target": 0.17363120236471086, "params": {"C": 295290.41451201146, "gamma": 0.2838643695299209}, "datetime": {"datetime": "2021-10-04 11:21:47", "elapsed": 11.915493, "delta": 0.372}}
{"target": 0.17202527897421505, "params": {"C": 287723.79129371897, "gamma": 0.27907061687338414}, "datetime": {"datetime": "2021-10-04 11:21:48", "elapsed": 12.329471, "delta": 0.413978}}
{"target": 0.172950354040023, "params": {"C": 212507.93053142264, "gamma": 0.25253617918050364}, "datetime": {"datetime": "2021-10-04 11:21:48", "elapsed": 12.671861, "delta": 0.34239}}
{"target": 0.22574415882198184, "params": {"C": 162879.8274870296, "gamma": 0.727752976146285}, "datetime": {"datetime": "2021-10-04 11:21:48", "elapsed": 12.997361, "delta": 0.3255}}
{"target": 0.221371441730693, "params": {"C": 212513.02598560363, "gamma": 0.3526786027214682}, "datetime": {"datetime": "2021-10-04 11:21:49", "elapsed": 13.484276, "delta": 0.486915}}
{"target": 0.2090768930497623, "params": {"C": 162884.29978635215, "gamma": 0.8114744956689208}, "datetime": {"datetime": "2021-10-04 11:21:49", "elapsed": 13.823602, "delta": 0.339326}}
{"target": 0.20824975467420903, "params": {"C": 222724.00561391428, "gamma": 0.8473778009392923}, "datetime": {"datetime": "2021-10-04 11:21:49", "elapsed": 14.160545, "delta": 0.336943}}
{"target": 0.11127885467435272, "params": {"C": 287731.2984006667, "gamma": 0.18446683936946434}, "datetime": {"datetime": "2021-10-04 11:21:50", "elapsed": 14.488209, "delta": 0.327664}}
{"target": 0.251412719396382, "params": {"C": 162846.65662948435, "gamma": 0.48785325937561064}, "datetime": {"datetime": "2021-10-04 11:21:50", "elapsed": 14.858589, "delta": 0.37038}}
{"target": 0.15875419630204457, "params": {"C": 162877.82471211342, "gamma": 0.08357310991254999}, "datetime": {"datetime": "2021-10-04 11:21:51", "elapsed": 15.311583, "delta": 0.452994}}
{"target": 0.12456642687027886, "params": {"C": 212521.80548970532, "gamma": 0.13724875409871976}, "datetime": {"datetime": "2021-10-04 11:21:51", "elapsed": 15.652585, "delta": 0.341002}}
{"target": 0.24969981581678902, "params": {"C": 212474.95667732263, "gamma": 0.4671087853154016}, "datetime": {"datetime": "2021-10-04 11:21:51", "elapsed": 16.107046, "delta": 0.454461}}
{"target": 0.21647550772936375, "params": {"C": 162855.16211688414, "gamma": 0.7749412318192689}, "datetime": {"datetime": "2021-10-04 11:21:52", "elapsed": 16.456642, "delta": 0.349596}}
{"target": 0.2410191808272225, "params": {"C": 295300.64468856534, "gamma": 0.4372963535640639}, "datetime": {"datetime": "2021-10-04 11:21:52", "elapsed": 16.834521, "delta": 0.377879}}
{"target": 0.16736322194474662, "params": {"C": 162856.83659760733, "gamma": 0.06880358023334025}, "datetime": {"datetime": "2021-10-04 11:21:53", "elapsed": 17.20572, "delta": 0.371199}}
{"target": 0.09976171839265047, "params": {"C": 348991.5903171671, "gamma": 0.0874812589212991}, "datetime": {"datetime": "2021-10-04 11:21:53", "elapsed": 17.602185, "delta": 0.396465}}
{"target": 0.22646508908808283, "params": {"C": 387726.988789576, "gamma": 0.7827674121518466}, "datetime": {"datetime": "2021-10-04 11:21:53", "elapsed": 17.940838, "delta": 0.338653}}
{"target": 0.20881133263453655, "params": {"C": 236951.14142024942, "gamma": 0.8493862965104705}, "datetime": {"datetime": "2021-10-04 11:21:54", "elapsed": 18.326236, "delta": 0.385398}}
{"target": 0.2043361050105985, "params": {"C": 201889.26970343335, "gamma": 0.8582085879314285}, "datetime": {"datetime": "2021-10-04 11:21:54", "elapsed": 18.676931, "delta": 0.350695}}
{"target": 0.16147368481587798, "params": {"C": 181303.7951931897, "gamma": 0.21320731404962864}, "datetime": {"datetime": "2021-10-04 11:21:54", "elapsed": 19.042708, "delta": 0.365777}}
{"target": 0.22266986488413798, "params": {"C": 221939.02070232105, "gamma": 0.3590967832457513}, "datetime": {"datetime": "2021-10-04 11:21:55", "elapsed": 19.41603, "delta": 0.373322}}
