{"target": -35.58831844025464, "params": {"C": 1817.6188702066925, "gamma": 0.03200314136641493}, "datetime": {"datetime": "2021-09-28 13:58:56", "elapsed": 209.617972, "delta": 1.461428}}
{"target": -35.64632824850838, "params": {"C": 1763.8030925041187, "gamma": 0.03447039280342192}, "datetime": {"datetime": "2021-09-28 13:58:57", "elapsed": 210.674967, "delta": 1.056995}}
{"target": -35.97509906632415, "params": {"C": 1324.0281618337929, "gamma": 0.0356885687759616}, "datetime": {"datetime": "2021-09-28 13:58:58", "elapsed": 211.649822, "delta": 0.974855}}
{"target": -35.60685029211939, "params": {"C": 1965.3229023280214, "gamma": 0.03937656303239866}, "datetime": {"datetime": "2021-09-28 13:58:59", "elapsed": 213.251351, "delta": 1.601529}}
{"target": -35.83130796778865, "params": {"C": 1965.2269302580003, "gamma": 0.05417773627186582}, "datetime": {"datetime": "2021-09-28 13:59:01", "elapsed": 214.833298, "delta": 1.581947}}
{"target": -36.41358273286097, "params": {"C": 1949.9292297332272, "gamma": 0.004757674012695177}, "datetime": {"datetime": "2021-09-28 13:59:02", "elapsed": 216.369793, "delta": 1.536495}}
{"target": -35.74138914058916, "params": {"C": 1827.2792505729003, "gamma": 0.044230095245965474}, "datetime": {"datetime": "2021-09-28 13:59:04", "elapsed": 217.864384, "delta": 1.494591}}
{"target": -35.51179413455364, "params": {"C": 1942.2930905934213, "gamma": 0.023916287365500312}, "datetime": {"datetime": "2021-09-28 13:59:06", "elapsed": 219.518952, "delta": 1.654568}}
{"target": -37.081738572691954, "params": {"C": 1518.7786826729052, "gamma": 0.0034402013134866207}, "datetime": {"datetime": "2021-09-28 13:59:07", "elapsed": 221.457952, "delta": 1.939}}
{"target": -35.792222025501204, "params": {"C": 1466.8212457958666, "gamma": 0.029589778060740826}, "datetime": {"datetime": "2021-09-28 13:59:09", "elapsed": 222.764367, "delta": 1.306415}}
{"target": -36.02563864740882, "params": {"C": 1896.8786200365985, "gamma": 0.061053299574387605}, "datetime": {"datetime": "2021-09-28 13:59:10", "elapsed": 224.289751, "delta": 1.525384}}
{"target": -36.350010384637905, "params": {"C": 1965.320201654712, "gamma": 0.07653448034439177}, "datetime": {"datetime": "2021-09-28 13:59:13", "elapsed": 226.903041, "delta": 2.61329}}
{"target": -35.563984126329814, "params": {"C": 1817.6777406666852, "gamma": 0.022424332808592542}, "datetime": {"datetime": "2021-09-28 13:59:14", "elapsed": 228.224292, "delta": 1.321251}}
{"target": -35.5628261528485, "params": {"C": 1827.2192098471753, "gamma": 0.019864100167851884}, "datetime": {"datetime": "2021-09-28 13:59:16", "elapsed": 229.82595, "delta": 1.601658}}
{"target": -36.10817140491133, "params": {"C": 1942.2228892622657, "gamma": 0.00729591589553783}, "datetime": {"datetime": "2021-09-28 13:59:18", "elapsed": 232.027429, "delta": 2.201479}}
{"target": -35.98487032094162, "params": {"C": 1817.70940671796, "gamma": 0.05728132218208099}, "datetime": {"datetime": "2021-09-28 13:59:20", "elapsed": 233.574368, "delta": 1.546939}}
{"target": -36.550702606882396, "params": {"C": 1136.0804015239394, "gamma": 0.05397799287584345}, "datetime": {"datetime": "2021-09-28 13:59:21", "elapsed": 234.748368, "delta": 1.174}}
{"target": -36.38283371819023, "params": {"C": 1416.9061465268355, "gamma": 0.00697261543141396}, "datetime": {"datetime": "2021-09-28 13:59:22", "elapsed": 235.872346, "delta": 1.123978}}
{"target": -35.51166040417404, "params": {"C": 1942.3382123320787, "gamma": 0.02446750239978701}, "datetime": {"datetime": "2021-09-28 13:59:23", "elapsed": 237.435346, "delta": 1.563}}
{"target": -35.813345347163974, "params": {"C": 1942.3166185623427, "gamma": 0.01135876293541509}, "datetime": {"datetime": "2021-09-28 13:59:25", "elapsed": 239.095209, "delta": 1.659863}}
{"target": -35.62277378278451, "params": {"C": 1817.7002884148687, "gamma": 0.015624763985559668}, "datetime": {"datetime": "2021-09-28 13:59:27", "elapsed": 240.653806, "delta": 1.558597}}
{"target": -36.379247409649636, "params": {"C": 1798.352988958456, "gamma": 0.07396011702373118}, "datetime": {"datetime": "2021-09-28 13:59:28", "elapsed": 241.767145, "delta": 1.113339}}
{"target": -35.720365584039975, "params": {"C": 1827.1941182150263, "gamma": 0.04270158791051158}, "datetime": {"datetime": "2021-09-28 13:59:30", "elapsed": 243.596875, "delta": 1.82973}}
{"target": -35.99587089385944, "params": {"C": 1827.1779953743323, "gamma": 0.009016556648012264}, "datetime": {"datetime": "2021-09-28 13:59:32", "elapsed": 246.047501, "delta": 2.450626}}
{"target": -35.568136653610246, "params": {"C": 1827.2684898227512, "gamma": 0.028528871136043153}, "datetime": {"datetime": "2021-09-28 13:59:34", "elapsed": 248.193919, "delta": 2.146418}}
{"target": -35.71223535636115, "params": {"C": 1817.6821085288625, "gamma": 0.04169704054266554}, "datetime": {"datetime": "2021-09-28 13:59:36", "elapsed": 249.808509, "delta": 1.61459}}
{"target": -36.37876584264123, "params": {"C": 1696.8604898529784, "gamma": 0.07114814624873918}, "datetime": {"datetime": "2021-09-28 13:59:37", "elapsed": 250.942505, "delta": 1.133996}}
{"target": -35.59720289828742, "params": {"C": 1942.265634032402, "gamma": 0.03779008888426806}, "datetime": {"datetime": "2021-09-28 13:59:39", "elapsed": 252.503054, "delta": 1.560549}}
{"target": -35.954935575562246, "params": {"C": 1827.3042435669809, "gamma": 0.05625812907119865}, "datetime": {"datetime": "2021-09-28 13:59:41", "elapsed": 254.691246, "delta": 2.188192}}
{"target": -35.61696703843458, "params": {"C": 1942.3582236252996, "gamma": 0.03935860149862854}, "datetime": {"datetime": "2021-09-28 13:59:42", "elapsed": 256.229771, "delta": 1.538525}}
{"target": -36.65461146863061, "params": {"C": 1376.399660141073, "gamma": 0.07106456663841582}, "datetime": {"datetime": "2021-09-28 13:59:44", "elapsed": 257.53876, "delta": 1.308989}}
{"target": -35.51172589967254, "params": {"C": 1942.3816715690368, "gamma": 0.024012040824169828}, "datetime": {"datetime": "2021-09-28 13:59:45", "elapsed": 259.235061, "delta": 1.696301}}
{"target": -35.58347736594511, "params": {"C": 1942.1933522617696, "gamma": 0.03669972226708961}, "datetime": {"datetime": "2021-09-28 13:59:46", "elapsed": 260.393307, "delta": 1.158246}}
{"target": -35.6350006364503, "params": {"C": 1827.3306155332357, "gamma": 0.036341776927037266}, "datetime": {"datetime": "2021-09-28 13:59:49", "elapsed": 262.769576, "delta": 2.376269}}
{"target": -36.38605807619793, "params": {"C": 1942.3673462540692, "gamma": 0.004945921223146661}, "datetime": {"datetime": "2021-09-28 13:59:50", "elapsed": 264.397264, "delta": 1.627688}}
{"target": -36.004976907122284, "params": {"C": 1827.232619372562, "gamma": 0.008889072082357998}, "datetime": {"datetime": "2021-09-28 13:59:53", "elapsed": 267.289473, "delta": 2.892209}}
{"target": -35.510133072405026, "params": {"C": 1949.9659656230856, "gamma": 0.027134349261673903}, "datetime": {"datetime": "2021-09-28 13:59:55", "elapsed": 269.324465, "delta": 2.034992}}
{"target": -35.988759194922146, "params": {"C": 1942.404349367679, "gamma": 0.060585719411104924}, "datetime": {"datetime": "2021-09-28 13:59:57", "elapsed": 270.912022, "delta": 1.587557}}
{"target": -36.29054640921912, "params": {"C": 1083.4581536437108, "gamma": 0.038364474011370206}, "datetime": {"datetime": "2021-09-28 13:59:58", "elapsed": 272.12229, "delta": 1.210268}}
{"target": -36.045403987213014, "params": {"C": 1817.6658692143096, "gamma": 0.008437909825997122}, "datetime": {"datetime": "2021-09-28 14:00:00", "elapsed": 273.671498, "delta": 1.549208}}
{"target": -35.680745987629315, "params": {"C": 1933.7573459141213, "gamma": 0.013744450370436742}, "datetime": {"datetime": "2021-09-28 14:00:01", "elapsed": 274.867417, "delta": 1.195919}}
{"target": -36.00357306433734, "params": {"C": 1942.3278667005502, "gamma": 0.06120047521757764}, "datetime": {"datetime": "2021-09-28 14:00:04", "elapsed": 277.76703, "delta": 2.899613}}
{"target": -36.205668220497685, "params": {"C": 1088.3446565596112, "gamma": 0.03261382840728585}, "datetime": {"datetime": "2021-09-28 14:00:05", "elapsed": 279.066217, "delta": 1.299187}}
{"target": -35.57539365883626, "params": {"C": 1827.369747538636, "gamma": 0.03071898233853006}, "datetime": {"datetime": "2021-09-28 14:00:08", "elapsed": 281.576109, "delta": 2.509892}}
{"target": -35.86287582437212, "params": {"C": 1980.1860731415559, "gamma": 0.05603905973563997}, "datetime": {"datetime": "2021-09-28 14:00:09", "elapsed": 283.45687, "delta": 1.880761}}
{"target": -36.61349638970253, "params": {"C": 1942.2750205851314, "gamma": 0.0038459914058857564}, "datetime": {"datetime": "2021-09-28 14:00:11", "elapsed": 284.860698, "delta": 1.403828}}
{"target": -35.6395249059247, "params": {"C": 1827.406705292433, "gamma": 0.015200392230880575}, "datetime": {"datetime": "2021-09-28 14:00:13", "elapsed": 286.948093, "delta": 2.087395}}
{"target": -35.927431996136896, "params": {"C": 1827.2114314483235, "gamma": 0.0548994325544049}, "datetime": {"datetime": "2021-09-28 14:00:14", "elapsed": 288.401546, "delta": 1.453453}}
{"target": -36.09315095232865, "params": {"C": 1776.4195637700923, "gamma": 0.008057766920947229}, "datetime": {"datetime": "2021-09-28 14:00:16", "elapsed": 289.746168, "delta": 1.344622}}
{"target": -35.76117025344861, "params": {"C": 1918.7668465545878, "gamma": 0.04884143784419492}, "datetime": {"datetime": "2021-09-28 14:00:17", "elapsed": 291.031042, "delta": 1.284874}}
{"target": -36.00558719711723, "params": {"C": 1703.3980520789619, "gamma": 0.05462245798503643}, "datetime": {"datetime": "2021-09-28 14:00:18", "elapsed": 292.287203, "delta": 1.256161}}
{"target": -35.5880119589788, "params": {"C": 1764.6032299774965, "gamma": 0.020325638461856397}, "datetime": {"datetime": "2021-09-28 14:00:20", "elapsed": 293.536775, "delta": 1.249572}}
{"target": -35.65524030034948, "params": {"C": 1942.3896026724497, "gamma": 0.04239212999938238}, "datetime": {"datetime": "2021-09-28 14:00:21", "elapsed": 295.157496, "delta": 1.620721}}
{"target": -35.57343135483991, "params": {"C": 1942.3295497765996, "gamma": 0.035907327279644366}, "datetime": {"datetime": "2021-09-28 14:00:23", "elapsed": 296.81987, "delta": 1.662374}}
{"target": -35.559786619573394, "params": {"C": 1827.3852359371456, "gamma": 0.022770119257391495}, "datetime": {"datetime": "2021-09-28 14:00:25", "elapsed": 298.498003, "delta": 1.678133}}
{"target": -36.344745556682476, "params": {"C": 1454.737626991734, "gamma": 0.06159049966936605}, "datetime": {"datetime": "2021-09-28 14:00:26", "elapsed": 299.924001, "delta": 1.425998}}
{"target": -35.55256804467975, "params": {"C": 1853.0398915239584, "gamma": 0.02700525662750726}, "datetime": {"datetime": "2021-09-28 14:00:27", "elapsed": 301.193605, "delta": 1.269604}}
{"target": -35.891306418924515, "params": {"C": 1827.3992978510314, "gamma": 0.05304112538297758}, "datetime": {"datetime": "2021-09-28 14:00:30", "elapsed": 303.825462, "delta": 2.631857}}
{"target": -35.71695085249857, "params": {"C": 1764.6333577097112, "gamma": 0.014020308000652324}, "datetime": {"datetime": "2021-09-28 14:00:32", "elapsed": 306.237385, "delta": 2.411923}}
{"target": -35.56477710917019, "params": {"C": 1883.018189146957, "gamma": 0.03309749930884028}, "datetime": {"datetime": "2021-09-28 14:00:35", "elapsed": 308.540731, "delta": 2.303346}}
{"target": -35.89084888504399, "params": {"C": 1853.0139075333109, "gamma": 0.010479963834082841}, "datetime": {"datetime": "2021-09-28 14:00:36", "elapsed": 310.300943, "delta": 1.760212}}
{"target": -35.972895937145765, "params": {"C": 1853.0350343148816, "gamma": 0.05766542829701686}, "datetime": {"datetime": "2021-09-28 14:00:38", "elapsed": 312.384235, "delta": 2.083292}}
{"target": -35.98605735435421, "params": {"C": 1360.3469943415212, "gamma": 0.03906459664731071}, "datetime": {"datetime": "2021-09-28 14:00:40", "elapsed": 313.75658, "delta": 1.372345}}
{"target": -36.069605050776524, "params": {"C": 1205.6319975993547, "gamma": 0.03279402491041226}, "datetime": {"datetime": "2021-09-28 14:00:41", "elapsed": 315.31109, "delta": 1.55451}}
{"target": -35.874490615507995, "params": {"C": 1764.585011649137, "gamma": 0.049602796357970574}, "datetime": {"datetime": "2021-09-28 14:00:43", "elapsed": 317.285309, "delta": 1.974219}}
{"target": -35.73255453314694, "params": {"C": 1918.7984703579577, "gamma": 0.04708995539909894}, "datetime": {"datetime": "2021-09-28 14:00:46", "elapsed": 319.796713, "delta": 2.511404}}
{"target": -36.32650029698662, "params": {"C": 1353.485246804635, "gamma": 0.05575799759081964}, "datetime": {"datetime": "2021-09-28 14:00:47", "elapsed": 321.474916, "delta": 1.678203}}
{"target": -35.79595993592886, "params": {"C": 1918.7738079482508, "gamma": 0.011750051374826175}, "datetime": {"datetime": "2021-09-28 14:00:51", "elapsed": 324.975619, "delta": 3.500703}}
{"target": -35.75017078861683, "params": {"C": 1489.380768241885, "gamma": 0.01876352583524787}, "datetime": {"datetime": "2021-09-28 14:00:54", "elapsed": 327.576984, "delta": 2.601365}}
{"target": -36.23584576878314, "params": {"C": 1508.4458952593925, "gamma": 0.05886307060804206}, "datetime": {"datetime": "2021-09-28 14:00:55", "elapsed": 328.874655, "delta": 1.297671}}
{"target": -36.45709113929238, "params": {"C": 1011.7377583349602, "gamma": 0.04196658102717065}, "datetime": {"datetime": "2021-09-28 14:00:56", "elapsed": 330.106651, "delta": 1.231996}}
{"target": -36.90330803501492, "params": {"C": 1918.8075954467963, "gamma": 0.0030548047798607558}, "datetime": {"datetime": "2021-09-28 14:00:58", "elapsed": 331.934684, "delta": 1.828033}}
{"target": -35.67223328862536, "params": {"C": 1883.035538486387, "gamma": 0.04147848393428675}, "datetime": {"datetime": "2021-09-28 14:01:00", "elapsed": 333.733332, "delta": 1.798648}}
{"target": -35.57260135446561, "params": {"C": 1942.1927165037787, "gamma": 0.035836750084538425}, "datetime": {"datetime": "2021-09-28 14:01:01", "elapsed": 335.186628, "delta": 1.453296}}
{"target": -35.53110234503555, "params": {"C": 1924.9289996520674, "gamma": 0.017971781071169052}, "datetime": {"datetime": "2021-09-28 14:01:03", "elapsed": 336.715787, "delta": 1.529159}}
{"target": -36.01000501501154, "params": {"C": 1895.62491817314, "gamma": 0.008583296932110959}, "datetime": {"datetime": "2021-09-28 14:01:04", "elapsed": 338.153788, "delta": 1.438001}}
{"target": -35.564550584561324, "params": {"C": 1853.0613882693265, "gamma": 0.016742547285332896}, "datetime": {"datetime": "2021-09-28 14:01:06", "elapsed": 339.875318, "delta": 1.72153}}
{"target": -35.72595172281544, "params": {"C": 1743.1869383972557, "gamma": 0.03945810905516056}, "datetime": {"datetime": "2021-09-28 14:01:09", "elapsed": 342.564836, "delta": 2.689518}}
{"target": -35.87340691184998, "params": {"C": 1827.369732178721, "gamma": 0.010868348153496646}, "datetime": {"datetime": "2021-09-28 14:01:11", "elapsed": 345.003326, "delta": 2.43849}}
{"target": -35.55039879040517, "params": {"C": 1883.0235092300654, "gamma": 0.01703392935311373}, "datetime": {"datetime": "2021-09-28 14:01:13", "elapsed": 346.882941, "delta": 1.879615}}
{"target": -35.6242057062936, "params": {"C": 1942.306587079746, "gamma": 0.03992992290097765}, "datetime": {"datetime": "2021-09-28 14:01:15", "elapsed": 348.734947, "delta": 1.852006}}
{"target": -35.84544530496211, "params": {"C": 1682.7176130369219, "gamma": 0.012075550210041978}, "datetime": {"datetime": "2021-09-28 14:01:16", "elapsed": 350.182948, "delta": 1.448001}}
{"target": -36.87510906952182, "params": {"C": 1764.5908857330787, "gamma": 0.0034288344969051416}, "datetime": {"datetime": "2021-09-28 14:01:19", "elapsed": 352.645971, "delta": 2.463023}}
{"target": -35.54609704369442, "params": {"C": 1918.7479862708892, "gamma": 0.03265001328665848}, "datetime": {"datetime": "2021-09-28 14:01:21", "elapsed": 355.042782, "delta": 2.396811}}
{"target": -35.5201162250075, "params": {"C": 1942.2826998950345, "gamma": 0.029576719054065906}, "datetime": {"datetime": "2021-09-28 14:01:24", "elapsed": 357.87904, "delta": 2.836258}}
{"target": -35.69715098100295, "params": {"C": 1764.6010002671037, "gamma": 0.038300256339114075}, "datetime": {"datetime": "2021-09-28 14:01:28", "elapsed": 361.597689, "delta": 3.718649}}
{"target": -35.78876764394546, "params": {"C": 1896.898840340607, "gamma": 0.011971501254638604}, "datetime": {"datetime": "2021-09-28 14:01:33", "elapsed": 366.567313, "delta": 4.969624}}
{"target": -36.27556463735757, "params": {"C": 1031.4870037511378, "gamma": 0.03235056922566321}, "datetime": {"datetime": "2021-09-28 14:01:34", "elapsed": 367.932317, "delta": 1.365004}}
{"target": -35.67598127327815, "params": {"C": 1924.9387406900312, "gamma": 0.043377573460647655}, "datetime": {"datetime": "2021-09-28 14:01:36", "elapsed": 370.044466, "delta": 2.112149}}
{"target": -35.604570394945796, "params": {"C": 1883.0503463240814, "gamma": 0.015569870763637392}, "datetime": {"datetime": "2021-09-28 14:01:39", "elapsed": 372.787966, "delta": 2.7435}}
{"target": -36.034056664207995, "params": {"C": 1853.0844242685166, "gamma": 0.008428349550748986}, "datetime": {"datetime": "2021-09-28 14:01:41", "elapsed": 375.03625, "delta": 2.248284}}
{"target": -35.59856663166835, "params": {"C": 1764.629472382358, "gamma": 0.0286427622243431}, "datetime": {"datetime": "2021-09-28 14:01:43", "elapsed": 376.959875, "delta": 1.923625}}
{"target": -35.654089609127396, "params": {"C": 1933.778120517645, "gamma": 0.04198086042744966}, "datetime": {"datetime": "2021-09-28 14:01:47", "elapsed": 380.562334, "delta": 3.602459}}
{"target": -35.6517058574852, "params": {"C": 1933.7482725476318, "gamma": 0.04179148601259125}, "datetime": {"datetime": "2021-09-28 14:01:50", "elapsed": 383.608097, "delta": 3.045763}}
{"target": -36.498909857977566, "params": {"C": 1608.0754331479716, "gamma": 0.07379486008480927}, "datetime": {"datetime": "2021-09-28 14:01:51", "elapsed": 384.974164, "delta": 1.366067}}
{"target": -35.69730376317878, "params": {"C": 1942.4035913448229, "gamma": 0.013389149666379906}, "datetime": {"datetime": "2021-09-28 14:01:54", "elapsed": 388.017599, "delta": 3.043435}}
{"target": -35.5371314658568, "params": {"C": 1918.7375809209664, "gamma": 0.017173532106575188}, "datetime": {"datetime": "2021-09-28 14:01:57", "elapsed": 391.232584, "delta": 3.214985}}
{"target": -35.61137738497748, "params": {"C": 1853.0669583780868, "gamma": 0.035607131830800484}, "datetime": {"datetime": "2021-09-28 14:02:00", "elapsed": 393.979931, "delta": 2.747347}}
{"target": -35.92951346342277, "params": {"C": 1561.638471379517, "gamma": 0.011433500186701518}, "datetime": {"datetime": "2021-09-28 14:02:02", "elapsed": 395.509173, "delta": 1.529242}}
{"target": -35.89469508649672, "params": {"C": 1924.9027363266086, "gamma": 0.010137207804959964}, "datetime": {"datetime": "2021-09-28 14:02:05", "elapsed": 398.490284, "delta": 2.981111}}
{"target": -36.425711967737925, "params": {"C": 1933.7940790133634, "gamma": 0.004725600862423763}, "datetime": {"datetime": "2021-09-28 14:02:08", "elapsed": 401.875085, "delta": 3.384801}}
{"target": -35.657787600794485, "params": {"C": 1924.9562859907428, "gamma": 0.014233863804745055}, "datetime": {"datetime": "2021-09-28 14:02:11", "elapsed": 404.707298, "delta": 2.832213}}
{"target": -35.54037580649283, "params": {"C": 1942.2488911687822, "gamma": 0.032945919861528734}, "datetime": {"datetime": "2021-09-28 14:02:14", "elapsed": 408.093029, "delta": 3.385731}}
{"target": -35.73854171058406, "params": {"C": 1950.0311539271909, "gamma": 0.04854435447054676}, "datetime": {"datetime": "2021-09-28 14:02:17", "elapsed": 411.031046, "delta": 2.938017}}
{"target": -35.866058402683265, "params": {"C": 1743.1607618136436, "gamma": 0.04828650380051562}, "datetime": {"datetime": "2021-09-28 14:02:19", "elapsed": 413.212936, "delta": 2.18189}}
{"target": -35.665931687213885, "params": {"C": 1883.0771063865106, "gamma": 0.04099477378991304}, "datetime": {"datetime": "2021-09-28 14:02:23", "elapsed": 417.137136, "delta": 3.9242}}
{"target": -35.80703118948631, "params": {"C": 1918.7206967115228, "gamma": 0.051535665590986116}, "datetime": {"datetime": "2021-09-28 14:02:27", "elapsed": 420.73144, "delta": 3.594304}}
{"target": -35.741855517790455, "params": {"C": 1883.648170276807, "gamma": 0.04637974057323616}, "datetime": {"datetime": "2021-09-28 14:02:29", "elapsed": 423.092008, "delta": 2.360568}}
{"target": -35.75310758300703, "params": {"C": 1918.7009342955666, "gamma": 0.012493057726533759}, "datetime": {"datetime": "2021-09-28 14:02:32", "elapsed": 426.050299, "delta": 2.958291}}
{"target": -35.71860365118135, "params": {"C": 1518.7295955369414, "gamma": 0.021511565703076333}, "datetime": {"datetime": "2021-09-28 14:02:36", "elapsed": 429.589797, "delta": 3.539498}}
{"target": -36.29678765782345, "params": {"C": 1918.7890993558538, "gamma": 0.07330872495063516}, "datetime": {"datetime": "2021-09-28 14:02:39", "elapsed": 432.637131, "delta": 3.047334}}
{"target": -35.83409755894731, "params": {"C": 1924.9826319075137, "gamma": 0.053117502255423416}, "datetime": {"datetime": "2021-09-28 14:02:43", "elapsed": 436.763484, "delta": 4.126353}}
{"target": -35.91256485610858, "params": {"C": 1961.5104593069286, "gamma": 0.009737236793179975}, "datetime": {"datetime": "2021-09-28 14:02:45", "elapsed": 438.967669, "delta": 2.204185}}
{"target": -36.23998513694913, "params": {"C": 1933.7816890656682, "gamma": 0.07114485163332025}, "datetime": {"datetime": "2021-09-28 14:02:47", "elapsed": 441.1663, "delta": 2.198631}}
{"target": -35.521389482556046, "params": {"C": 1918.7191339192318, "gamma": 0.024234682284860032}, "datetime": {"datetime": "2021-09-28 14:02:50", "elapsed": 443.542858, "delta": 2.376558}}
{"target": -35.7419714233581, "params": {"C": 1927.3793604010725, "gamma": 0.04797869935670142}, "datetime": {"datetime": "2021-09-28 14:02:51", "elapsed": 445.032856, "delta": 1.489998}}
