{"target": 0.27724908773724144, "params": {"C": 48533.50830326916, "gamma": 0.14246633950142176}, "datetime": {"datetime": "2021-10-04 10:46:49", "elapsed": 5.367135, "delta": 0.265609}}
{"target": 0.28021685926969886, "params": {"C": 43046.29289320696, "gamma": 0.10976674986177781}, "datetime": {"datetime": "2021-10-04 10:46:49", "elapsed": 5.619863, "delta": 0.252728}}
{"target": 0.280341209656498, "params": {"C": 43003.7238447754, "gamma": 0.10499828695487756}, "datetime": {"datetime": "2021-10-04 10:46:49", "elapsed": 5.884477, "delta": 0.264614}}
{"target": 0.27157805167855487, "params": {"C": 42956.47707390129, "gamma": 0.16046914865314518}, "datetime": {"datetime": "2021-10-04 10:46:49", "elapsed": 6.179079, "delta": 0.294602}}
{"target": 0.2654597342524402, "params": {"C": 38066.808739955726, "gamma": 0.049725005365846925}, "datetime": {"datetime": "2021-10-04 10:46:50", "elapsed": 6.511569, "delta": 0.33249}}
{"target": 0.2670737671215859, "params": {"C": 45864.09610490378, "gamma": 0.045254251351580545}, "datetime": {"datetime": "2021-10-04 10:46:50", "elapsed": 6.767135, "delta": 0.255566}}
{"target": 0.26927488109777, "params": {"C": 33240.32336861122, "gamma": 0.14237276176722352}, "datetime": {"datetime": "2021-10-04 10:46:50", "elapsed": 7.077133, "delta": 0.309998}}
{"target": 0.2771643381990351, "params": {"C": 48482.71400152785, "gamma": 0.06775911472970123}, "datetime": {"datetime": "2021-10-04 10:46:51", "elapsed": 7.410277, "delta": 0.333144}}
{"target": 0.2612823399018015, "params": {"C": 48430.61565749455, "gamma": 0.036367292155744246}, "datetime": {"datetime": "2021-10-04 10:46:51", "elapsed": 7.669114, "delta": 0.258837}}
{"target": 0.26269901710310983, "params": {"C": 48625.285568240375, "gamma": 0.19654088230201916}, "datetime": {"datetime": "2021-10-04 10:46:51", "elapsed": 7.963964, "delta": 0.29485}}
{"target": 0.2573770187374448, "params": {"C": 37968.27624984903, "gamma": 0.039227597673694145}, "datetime": {"datetime": "2021-10-04 10:46:52", "elapsed": 8.364395, "delta": 0.400431}}
{"target": 0.27632212982502824, "params": {"C": 35795.536784993106, "gamma": 0.08857484938930754}, "datetime": {"datetime": "2021-10-04 10:46:52", "elapsed": 8.712852, "delta": 0.348457}}
{"target": 0.2763350154832813, "params": {"C": 35848.30791029588, "gamma": 0.11668747618580017}, "datetime": {"datetime": "2021-10-04 10:46:52", "elapsed": 9.048149, "delta": 0.335297}}
{"target": 0.2763675098181003, "params": {"C": 35898.73509696832, "gamma": 0.08837438221013338}, "datetime": {"datetime": "2021-10-04 10:46:53", "elapsed": 9.446468, "delta": 0.398319}}
{"target": 0.2629083388757868, "params": {"C": 35947.299293738615, "gamma": 0.04822704718681589}, "datetime": {"datetime": "2021-10-04 10:46:53", "elapsed": 9.781674, "delta": 0.335206}}
{"target": 0.1866258795951864, "params": {"C": 43147.95954477419, "gamma": 0.01209030524908437}, "datetime": {"datetime": "2021-10-04 10:46:53", "elapsed": 10.190615, "delta": 0.408941}}
{"target": 0.27476246931712733, "params": {"C": 33134.98724810955, "gamma": 0.09380015648789275}, "datetime": {"datetime": "2021-10-04 10:46:54", "elapsed": 10.553614, "delta": 0.362999}}
{"target": 0.24914452993794056, "params": {"C": 33083.20597204965, "gamma": 0.1955885795015038}, "datetime": {"datetime": "2021-10-04 10:46:54", "elapsed": 10.886613, "delta": 0.332999}}
{"target": 0.27488619841177553, "params": {"C": 35686.26389860666, "gamma": 0.07962301169769069}, "datetime": {"datetime": "2021-10-04 10:46:54", "elapsed": 11.224611, "delta": 0.337998}}
{"target": 0.2739018953650588, "params": {"C": 35634.514860061565, "gamma": 0.0752389783739489}, "datetime": {"datetime": "2021-10-04 10:46:55", "elapsed": 11.610613, "delta": 0.386002}}
{"target": 0.2768922018960114, "params": {"C": 35582.17194412845, "gamma": 0.10454242538017645}, "datetime": {"datetime": "2021-10-04 10:46:55", "elapsed": 11.944612, "delta": 0.333999}}
{"target": 0.2659493034267465, "params": {"C": 35532.304299966345, "gamma": 0.053925331505489636}, "datetime": {"datetime": "2021-10-04 10:46:56", "elapsed": 12.312561, "delta": 0.367949}}
{"target": 0.25806077983246434, "params": {"C": 42899.385758316974, "gamma": 0.03631841463758577}, "datetime": {"datetime": "2021-10-04 10:46:56", "elapsed": 12.733722, "delta": 0.421161}}
{"target": 0.27885607455292505, "params": {"C": 46008.49952622972, "gamma": 0.13049451009894503}, "datetime": {"datetime": "2021-10-04 10:46:56", "elapsed": 13.202726, "delta": 0.469004}}
{"target": 0.26330888268654085, "params": {"C": 46058.432504880235, "gamma": 0.03994444206136256}, "datetime": {"datetime": "2021-10-04 10:46:57", "elapsed": 13.564375, "delta": 0.361649}}
{"target": 0.26077208147697595, "params": {"C": 33296.935241523555, "gamma": 0.16891263067390563}, "datetime": {"datetime": "2021-10-04 10:46:57", "elapsed": 13.953374, "delta": 0.388999}}
{"target": 0.2705416293115196, "params": {"C": 29448.28170712998, "gamma": 0.1110771449460752}, "datetime": {"datetime": "2021-10-04 10:46:58", "elapsed": 14.333547, "delta": 0.380173}}
{"target": 0.25771717926624393, "params": {"C": 29506.139908622936, "gamma": 0.16167501995276362}, "datetime": {"datetime": "2021-10-04 10:46:58", "elapsed": 14.730542, "delta": 0.396995}}
{"target": 0.27846240710690795, "params": {"C": 45800.642799783316, "gamma": 0.13283810202644727}, "datetime": {"datetime": "2021-10-04 10:46:58", "elapsed": 15.156373, "delta": 0.425831}}
{"target": 0.27444131599147004, "params": {"C": 45757.96775442056, "gamma": 0.06098633758338639}, "datetime": {"datetime": "2021-10-04 10:46:59", "elapsed": 15.64238, "delta": 0.486007}}
{"target": 0.17479503504366312, "params": {"C": 45698.66796791508, "gamma": 0.010310744689542727}, "datetime": {"datetime": "2021-10-04 10:46:59", "elapsed": 16.108086, "delta": 0.465706}}
{"target": 0.2664539969844394, "params": {"C": 29324.84467915936, "gamma": 0.13357909293686662}, "datetime": {"datetime": "2021-10-04 10:47:00", "elapsed": 16.495195, "delta": 0.387109}}
{"target": 0.25418451564600786, "params": {"C": 29260.825131518824, "gamma": 0.16928922367566526}, "datetime": {"datetime": "2021-10-04 10:47:00", "elapsed": 16.887049, "delta": 0.391854}}
{"target": 0.2544019202785599, "params": {"C": 35471.30311197524, "gamma": 0.03848508743612037}, "datetime": {"datetime": "2021-10-04 10:47:01", "elapsed": 17.318686, "delta": 0.431637}}
{"target": 0.2719036764498982, "params": {"C": 38130.46311185476, "gamma": 0.1489189808982008}, "datetime": {"datetime": "2021-10-04 10:47:01", "elapsed": 17.739708, "delta": 0.421022}}
{"target": 0.2642214822693, "params": {"C": 38183.276170913, "gamma": 0.047619570199640776}, "datetime": {"datetime": "2021-10-04 10:47:02", "elapsed": 18.281431, "delta": 0.541723}}
{"target": 0.2648883950855979, "params": {"C": 38248.75353511576, "gamma": 0.04858815792452317}, "datetime": {"datetime": "2021-10-04 10:47:02", "elapsed": 18.73644, "delta": 0.455009}}
{"target": 0.27719890995258023, "params": {"C": 38310.32533916939, "gamma": 0.12265845167927564}, "datetime": {"datetime": "2021-10-04 10:47:03", "elapsed": 19.264436, "delta": 0.527996}}
{"target": 0.2730657048502627, "params": {"C": 38354.22119721627, "gamma": 0.06629424803147586}, "datetime": {"datetime": "2021-10-04 10:47:03", "elapsed": 19.761437, "delta": 0.497001}}
{"target": 0.2775165707018279, "params": {"C": 38411.18188045057, "gamma": 0.08592018491512926}, "datetime": {"datetime": "2021-10-04 10:47:03", "elapsed": 20.161437, "delta": 0.4}}
{"target": 0.2763853385016749, "params": {"C": 38458.715829479705, "gamma": 0.128805124343995}, "datetime": {"datetime": "2021-10-04 10:47:04", "elapsed": 20.607838, "delta": 0.446401}}
{"target": 0.24590091739382458, "params": {"C": 38507.00625763584, "gamma": 0.029862535423687518}, "datetime": {"datetime": "2021-10-04 10:47:04", "elapsed": 21.001477, "delta": 0.393639}}
{"target": 0.2689367089003385, "params": {"C": 48698.35684168493, "gamma": 0.0464250033985836}, "datetime": {"datetime": "2021-10-04 10:47:05", "elapsed": 21.506474, "delta": 0.504997}}
{"target": 0.2576267205548085, "params": {"C": 48753.439485028466, "gamma": 0.03286386254727367}, "datetime": {"datetime": "2021-10-04 10:47:05", "elapsed": 21.900189, "delta": 0.393715}}
{"target": 0.28101858185124606, "params": {"C": 46129.465141124856, "gamma": 0.10260922884696619}, "datetime": {"datetime": "2021-10-04 10:47:06", "elapsed": 22.418288, "delta": 0.518099}}
{"target": 0.280971400692528, "params": {"C": 46170.3930025677, "gamma": 0.09860490922153099}, "datetime": {"datetime": "2021-10-04 10:47:06", "elapsed": 22.865289, "delta": 0.447001}}
{"target": 0.2767856226662371, "params": {"C": 46219.158857261864, "gamma": 0.06826055932649817}, "datetime": {"datetime": "2021-10-04 10:47:07", "elapsed": 23.364451, "delta": 0.499162}}
{"target": 0.2791216757329841, "params": {"C": 46264.79018878159, "gamma": 0.12894355132977106}, "datetime": {"datetime": "2021-10-04 10:47:07", "elapsed": 23.808456, "delta": 0.444005}}
{"target": 0.26521100203708403, "params": {"C": 46318.90120399429, "gamma": 0.18626735981266138}, "datetime": {"datetime": "2021-10-04 10:47:07", "elapsed": 24.219971, "delta": 0.411515}}
{"target": 0.20267532481407058, "params": {"C": 46388.03371897642, "gamma": 0.014001822194771741}, "datetime": {"datetime": "2021-10-04 10:47:08", "elapsed": 24.645551, "delta": 0.42558}}
{"target": 0.26593372808520477, "params": {"C": 36028.633984743115, "gamma": 0.05317179305839361}, "datetime": {"datetime": "2021-10-04 10:47:08", "elapsed": 25.102028, "delta": 0.456477}}
{"target": 0.2668990637505695, "params": {"C": 36090.83968404512, "gamma": 0.16039237492803818}, "datetime": {"datetime": "2021-10-04 10:47:09", "elapsed": 25.502128, "delta": 0.4001}}
{"target": 0.26940788516148284, "params": {"C": 36153.90227531899, "gamma": 0.15233094325267144}, "datetime": {"datetime": "2021-10-04 10:47:09", "elapsed": 25.951215, "delta": 0.449087}}
{"target": 0.2643139648695766, "params": {"C": 36209.30105335311, "gamma": 0.1684472203834188}, "datetime": {"datetime": "2021-10-04 10:47:10", "elapsed": 26.530282, "delta": 0.579067}}
{"target": 0.26479350536138424, "params": {"C": 36277.90530870152, "gamma": 0.05081944883695119}, "datetime": {"datetime": "2021-10-04 10:47:10", "elapsed": 27.098242, "delta": 0.56796}}
{"target": 0.27735198883006085, "params": {"C": 36346.75517735018, "gamma": 0.09803602760762381}, "datetime": {"datetime": "2021-10-04 10:47:11", "elapsed": 27.593946, "delta": 0.495704}}
{"target": 0.25737213073272447, "params": {"C": 36392.61667263427, "gamma": 0.0406430104457415}, "datetime": {"datetime": "2021-10-04 10:47:11", "elapsed": 28.026102, "delta": 0.432156}}
{"target": 0.26212609109607077, "params": {"C": 33383.19853628242, "gamma": 0.16556216407937013}, "datetime": {"datetime": "2021-10-04 10:47:12", "elapsed": 28.565532, "delta": 0.53943}}
{"target": 0.2666552040074207, "params": {"C": 33455.13273457442, "gamma": 0.05890799368214729}, "datetime": {"datetime": "2021-10-04 10:47:12", "elapsed": 29.089785, "delta": 0.524253}}
{"target": 0.2750198565099128, "params": {"C": 33514.58477272242, "gamma": 0.09284444154651568}, "datetime": {"datetime": "2021-10-04 10:47:13", "elapsed": 29.535291, "delta": 0.445506}}
{"target": 0.14837378787053557, "params": {"C": 33565.79369996974, "gamma": 0.009288085139073261}, "datetime": {"datetime": "2021-10-04 10:47:13", "elapsed": 30.063008, "delta": 0.527717}}
{"target": 0.27436279467857916, "params": {"C": 48353.08654180967, "gamma": 0.15613222894037165}, "datetime": {"datetime": "2021-10-04 10:47:14", "elapsed": 30.518372, "delta": 0.455364}}
{"target": 0.13446750033982768, "params": {"C": 48310.54535487543, "gamma": 0.006709179622321459}, "datetime": {"datetime": "2021-10-04 10:47:14", "elapsed": 31.017408, "delta": 0.499036}}
{"target": 0.27113804668149044, "params": {"C": 48381.36987008973, "gamma": 0.16896001017221599}, "datetime": {"datetime": "2021-10-04 10:47:15", "elapsed": 31.486409, "delta": 0.469001}}
{"target": 0.27944135278776283, "params": {"C": 46098.15139761735, "gamma": 0.12631570508411172}, "datetime": {"datetime": "2021-10-04 10:47:15", "elapsed": 32.065296, "delta": 0.578887}}
{"target": 0.27719842325504307, "params": {"C": 36313.61404356212, "gamma": 0.0950602025141959}, "datetime": {"datetime": "2021-10-04 10:47:16", "elapsed": 32.561826, "delta": 0.49653}}
{"target": 0.25437309871849845, "params": {"C": 22777.885653680212, "gamma": 0.12790928263907783}, "datetime": {"datetime": "2021-10-04 10:47:16", "elapsed": 33.055571, "delta": 0.493745}}
{"target": 0.24622646844258889, "params": {"C": 22942.832302412797, "gamma": 0.1517535822625675}, "datetime": {"datetime": "2021-10-04 10:47:17", "elapsed": 33.512409, "delta": 0.456838}}
{"target": 0.17146930057797116, "params": {"C": 42804.32235874028, "gamma": 0.01030191623702873}, "datetime": {"datetime": "2021-10-04 10:47:17", "elapsed": 34.03599, "delta": 0.523581}}
{"target": 0.25350051522438055, "params": {"C": 29601.761911673846, "gamma": 0.17241276833574617}, "datetime": {"datetime": "2021-10-04 10:47:18", "elapsed": 34.633228, "delta": 0.597238}}
{"target": 0.263225851429589, "params": {"C": 48854.202453215905, "gamma": 0.03825428044395348}, "datetime": {"datetime": "2021-10-04 10:47:18", "elapsed": 35.249231, "delta": 0.616003}}
{"target": 0.08433062368723221, "params": {"C": 48911.56747857457, "gamma": 0.004164012214866944}, "datetime": {"datetime": "2021-10-04 10:47:19", "elapsed": 35.907139, "delta": 0.657908}}
{"target": 0.23391545481918785, "params": {"C": 48812.59261346045, "gamma": 0.020769575660532683}, "datetime": {"datetime": "2021-10-04 10:47:20", "elapsed": 36.422342, "delta": 0.515203}}
{"target": 0.2537718719427955, "params": {"C": 37859.07387652647, "gamma": 0.19967509217313548}, "datetime": {"datetime": "2021-10-04 10:47:20", "elapsed": 37.100899, "delta": 0.678557}}
{"target": 0.23002766154276355, "params": {"C": 22671.61287408579, "gamma": 0.03472273516285217}, "datetime": {"datetime": "2021-10-04 10:47:21", "elapsed": 37.775946, "delta": 0.675047}}
{"target": 0.2767534109669454, "params": {"C": 36501.22661532817, "gamma": 0.0884041144887724}, "datetime": {"datetime": "2021-10-04 10:47:22", "elapsed": 38.348608, "delta": 0.572662}}
{"target": 0.16938891718711846, "params": {"C": 36546.68516811112, "gamma": 0.010990847860941746}, "datetime": {"datetime": "2021-10-04 10:47:22", "elapsed": 38.956608, "delta": 0.608}}
{"target": 0.16560840162894996, "params": {"C": 36466.12650167561, "gamma": 0.010574644877130099}, "datetime": {"datetime": "2021-10-04 10:47:23", "elapsed": 39.662924, "delta": 0.706316}}
{"target": 0.27248128832111995, "params": {"C": 45976.90171202242, "gamma": 0.16140217695650735}, "datetime": {"datetime": "2021-10-04 10:47:24", "elapsed": 40.320164, "delta": 0.65724}}
{"target": 0.25811395234232537, "params": {"C": 33487.5202032887, "gamma": 0.04471171566662364}, "datetime": {"datetime": "2021-10-04 10:47:24", "elapsed": 40.794827, "delta": 0.474663}}
{"target": 0.2002179586947107, "params": {"C": 45828.23930284171, "gamma": 0.013685553397937228}, "datetime": {"datetime": "2021-10-04 10:47:25", "elapsed": 41.356038, "delta": 0.561211}}
{"target": 0.27290863034390644, "params": {"C": 45780.3009631855, "gamma": 0.15951027023655384}, "datetime": {"datetime": "2021-10-04 10:47:25", "elapsed": 41.96273, "delta": 0.606692}}
{"target": 0.26790343579206033, "params": {"C": 38383.26580092572, "gamma": 0.05374316315276694}, "datetime": {"datetime": "2021-10-04 10:47:26", "elapsed": 42.579698, "delta": 0.616968}}
{"target": 0.27267894855009744, "params": {"C": 38282.135542541946, "gamma": 0.06525966091126033}, "datetime": {"datetime": "2021-10-04 10:47:26", "elapsed": 43.22517, "delta": 0.645472}}
{"target": 0.25357434784802735, "params": {"C": 35990.653218424755, "gamma": 0.19500965677082996}, "datetime": {"datetime": "2021-10-04 10:47:27", "elapsed": 43.78816, "delta": 0.56299}}
{"target": 0.28119938300772573, "params": {"C": 48662.96559784328, "gamma": 0.10831939614346112}, "datetime": {"datetime": "2021-10-04 10:47:28", "elapsed": 44.475524, "delta": 0.687364}}
{"target": 0.27226082385822203, "params": {"C": 44418.249577526265, "gamma": 0.1602013728930293}, "datetime": {"datetime": "2021-10-04 10:47:28", "elapsed": 45.108894, "delta": 0.63337}}
{"target": 0.2738120974500976, "params": {"C": 44375.99442910161, "gamma": 0.06052674791585553}, "datetime": {"datetime": "2021-10-04 10:47:29", "elapsed": 45.735119, "delta": 0.626225}}
{"target": 0.2806078410459347, "params": {"C": 44334.42097407108, "gamma": 0.10778296255392246}, "datetime": {"datetime": "2021-10-04 10:47:30", "elapsed": 46.492957, "delta": 0.757838}}
{"target": 0.27538313078301724, "params": {"C": 44299.63189178642, "gamma": 0.06531880930907134}, "datetime": {"datetime": "2021-10-04 10:47:30", "elapsed": 47.142145, "delta": 0.649188}}
{"target": 0.27881906235384624, "params": {"C": 44259.63965163161, "gamma": 0.12808203339325122}, "datetime": {"datetime": "2021-10-04 10:47:31", "elapsed": 47.914611, "delta": 0.772466}}
{"target": 0.2776916479521272, "params": {"C": 44227.58733599552, "gamma": 0.07423883075186169}, "datetime": {"datetime": "2021-10-04 10:47:32", "elapsed": 48.579649, "delta": 0.665038}}
{"target": 0.2621731961851377, "params": {"C": 44188.0740941734, "gamma": 0.191854842917625}, "datetime": {"datetime": "2021-10-04 10:47:33", "elapsed": 49.302736, "delta": 0.723087}}
{"target": 0.26948136967920644, "params": {"C": 44126.39334781059, "gamma": 0.16964843054574927}, "datetime": {"datetime": "2021-10-04 10:47:33", "elapsed": 49.982804, "delta": 0.680068}}
{"target": 0.268723794350612, "params": {"C": 44085.638313525196, "gamma": 0.1720995377870864}, "datetime": {"datetime": "2021-10-04 10:47:34", "elapsed": 50.771523, "delta": 0.788719}}
{"target": 0.2510773887567118, "params": {"C": 44044.99935253503, "gamma": 0.030232621257684368}, "datetime": {"datetime": "2021-10-04 10:47:35", "elapsed": 51.444087, "delta": 0.672564}}
{"target": 0.22241385592403085, "params": {"C": 19071.528761301495, "gamma": 0.16855461121129478}, "datetime": {"datetime": "2021-10-04 10:47:35", "elapsed": 52.181436, "delta": 0.737349}}
{"target": 0.2767628522346147, "params": {"C": 35364.529518126306, "gamma": 0.10234655936200991}, "datetime": {"datetime": "2021-10-04 10:47:36", "elapsed": 52.743067, "delta": 0.561631}}
{"target": 0.2673452728728971, "params": {"C": 35328.695829029326, "gamma": 0.15663110492110965}, "datetime": {"datetime": "2021-10-04 10:47:37", "elapsed": 53.441686, "delta": 0.698619}}
{"target": 0.2589612410363833, "params": {"C": 35405.610858655564, "gamma": 0.1803967682463884}, "datetime": {"datetime": "2021-10-04 10:47:37", "elapsed": 54.002679, "delta": 0.560993}}
{"target": 0.2704671654875963, "params": {"C": 35281.935662973774, "gamma": 0.06458484294559708}, "datetime": {"datetime": "2021-10-04 10:47:38", "elapsed": 54.691767, "delta": 0.689088}}
{"target": 0.2752237526373923, "params": {"C": 35238.44631680583, "gamma": 0.08326546636625205}, "datetime": {"datetime": "2021-10-04 10:47:39", "elapsed": 55.54553, "delta": 0.853763}}
{"target": 0.2304940624857693, "params": {"C": 35201.1457153636, "gamma": 0.02421646754243021}, "datetime": {"datetime": "2021-10-04 10:47:39", "elapsed": 56.247187, "delta": 0.701657}}
{"target": 0.26825320205778735, "params": {"C": 47881.83450105114, "gamma": 0.045786466128777195}, "datetime": {"datetime": "2021-10-04 10:47:40", "elapsed": 56.879162, "delta": 0.631975}}
{"target": 0.27813810302189024, "params": {"C": 47923.770089809695, "gamma": 0.07230719331474487}, "datetime": {"datetime": "2021-10-04 10:47:41", "elapsed": 57.570789, "delta": 0.691627}}
{"target": 0.2671169467210942, "params": {"C": 47959.35701174638, "gamma": 0.18233500440690165}, "datetime": {"datetime": "2021-10-04 10:47:41", "elapsed": 58.127983, "delta": 0.557194}}
{"target": 0.26552776144177725, "params": {"C": 47831.27721441233, "gamma": 0.04171168884967165}, "datetime": {"datetime": "2021-10-04 10:47:42", "elapsed": 58.748064, "delta": 0.620081}}
{"target": 0.26424820829048457, "params": {"C": 47776.611905997976, "gamma": 0.19098878578342035}, "datetime": {"datetime": "2021-10-04 10:47:43", "elapsed": 59.345335, "delta": 0.597271}}
{"target": 0.2781792080548531, "params": {"C": 47722.06178729536, "gamma": 0.13658046206755933}, "datetime": {"datetime": "2021-10-04 10:47:43", "elapsed": 59.960441, "delta": 0.615106}}
{"target": 0.23561641173485193, "params": {"C": 47688.36624841027, "gamma": 0.02162851561761972}, "datetime": {"datetime": "2021-10-04 10:47:44", "elapsed": 60.679708, "delta": 0.719267}}
{"target": 0.2748922292209367, "params": {"C": 48009.786472646665, "gamma": 0.06042954635597462}, "datetime": {"datetime": "2021-10-04 10:47:45", "elapsed": 61.435167, "delta": 0.755459}}
{"target": 0.23973806590991065, "params": {"C": 48047.79633064531, "gamma": 0.023049695535857027}, "datetime": {"datetime": "2021-10-04 10:47:45", "elapsed": 62.24266, "delta": 0.807493}}
{"target": 0.2663035322079399, "params": {"C": 45889.00650678464, "gamma": 0.044063189140583534}, "datetime": {"datetime": "2021-10-04 10:47:46", "elapsed": 62.898541, "delta": 0.655881}}
{"target": 0.21104957778019184, "params": {"C": 12733.027774683975, "gamma": 0.052935643073645275}, "datetime": {"datetime": "2021-10-04 10:47:47", "elapsed": 63.672764, "delta": 0.774223}}
{"target": 0.2567930631874802, "params": {"C": 25798.838204139145, "gamma": 0.058045733750868744}, "datetime": {"datetime": "2021-10-04 10:47:48", "elapsed": 64.425032, "delta": 0.752268}}
{"target": 0.262556736557674, "params": {"C": 25730.1169398922, "gamma": 0.1232182518604432}, "datetime": {"datetime": "2021-10-04 10:47:48", "elapsed": 65.205525, "delta": 0.780493}}
{"target": 0.2652036268592618, "params": {"C": 25683.432360272822, "gamma": 0.09087391623243515}, "datetime": {"datetime": "2021-10-04 10:47:49", "elapsed": 65.943523, "delta": 0.737998}}
