{"target": 0.2802208847936498, "params": {"C": 42543.60568646471, "gamma": 0.10395592770183243}, "datetime": {"datetime": "2021-10-04 11:20:48", "elapsed": 164.104274, "delta": 1.325836}}
{"target": 0.2691453385671504, "params": {"C": 72958.72667934623, "gamma": 0.17019235787503378}, "datetime": {"datetime": "2021-10-04 11:20:50", "elapsed": 165.483003, "delta": 1.378729}}
{"target": 0.2757591992718106, "params": {"C": 39810.62638493317, "gamma": 0.13642117952848848}, "datetime": {"datetime": "2021-10-04 11:20:51", "elapsed": 167.218308, "delta": 1.735305}}
{"target": 0.2812977899787219, "params": {"C": 49324.72308645362, "gamma": 0.09813323432390354}, "datetime": {"datetime": "2021-10-04 11:20:53", "elapsed": 168.554234, "delta": 1.335926}}
{"target": 0.21758505468407396, "params": {"C": 20776.226143089996, "gamma": 0.18995101674337983}, "datetime": {"datetime": "2021-10-04 11:20:54", "elapsed": 169.92153, "delta": 1.367296}}
{"target": 0.25808627691655117, "params": {"C": 38606.30625611223, "gamma": 0.039430367808309996}, "datetime": {"datetime": "2021-10-04 11:20:55", "elapsed": 171.305153, "delta": 1.383623}}
{"target": 0.28134220176323266, "params": {"C": 49325.22235599876, "gamma": 0.10338658626435711}, "datetime": {"datetime": "2021-10-04 11:20:57", "elapsed": 172.734334, "delta": 1.429181}}
{"target": 0.26504469094238137, "params": {"C": 100100.55255016925, "gamma": 0.11394486607730586}, "datetime": {"datetime": "2021-10-04 11:20:58", "elapsed": 174.033923, "delta": 1.299589}}
{"target": 0.270224172686233, "params": {"C": 45718.79284037388, "gamma": 0.16932444044941597}, "datetime": {"datetime": "2021-10-04 11:21:00", "elapsed": 175.485808, "delta": 1.451885}}
{"target": 0.2562547181096536, "params": {"C": 110187.04892442885, "gamma": 0.15540265888154522}, "datetime": {"datetime": "2021-10-04 11:21:01", "elapsed": 176.602245, "delta": 1.116437}}
{"target": 0.2638400845336173, "params": {"C": 38603.46101157395, "gamma": 0.0466003930373942}, "datetime": {"datetime": "2021-10-04 11:21:02", "elapsed": 178.025999, "delta": 1.423754}}
{"target": 0.26612204452594035, "params": {"C": 89459.05128108236, "gamma": 0.1487709985276267}, "datetime": {"datetime": "2021-10-04 11:21:03", "elapsed": 179.149634, "delta": 1.123635}}
{"target": 0.2317782796200336, "params": {"C": 56193.077306675135, "gamma": 0.01860290163737372}, "datetime": {"datetime": "2021-10-04 11:21:05", "elapsed": 181.091174, "delta": 1.94154}}
{"target": 0.2775193699260655, "params": {"C": 67902.05153784182, "gamma": 0.12074081121781442}, "datetime": {"datetime": "2021-10-04 11:21:06", "elapsed": 182.415812, "delta": 1.324638}}
{"target": 0.26049082879867713, "params": {"C": 30924.495978529478, "gamma": 0.05206776682806604}, "datetime": {"datetime": "2021-10-04 11:21:08", "elapsed": 183.504226, "delta": 1.088414}}
{"target": 0.27774737626968216, "params": {"C": 37850.24023706303, "gamma": 0.09052796575643272}, "datetime": {"datetime": "2021-10-04 11:21:09", "elapsed": 184.565364, "delta": 1.061138}}
{"target": 0.2681268755548212, "params": {"C": 62125.49925206786, "gamma": 0.18434975516915267}, "datetime": {"datetime": "2021-10-04 11:21:10", "elapsed": 186.17279, "delta": 1.607426}}
{"target": 0.24026285259655844, "params": {"C": 26239.10346096965, "gamma": 0.184264992359549}, "datetime": {"datetime": "2021-10-04 11:21:11", "elapsed": 187.398097, "delta": 1.225307}}
{"target": 0.27257071297921087, "params": {"C": 47818.96705443278, "gamma": 0.1630089345403945}, "datetime": {"datetime": "2021-10-04 11:21:13", "elapsed": 188.612837, "delta": 1.21474}}
{"target": 0.2788020639885199, "params": {"C": 67902.63766645131, "gamma": 0.10248636870867892}, "datetime": {"datetime": "2021-10-04 11:21:15", "elapsed": 190.830346, "delta": 2.217509}}
{"target": 0.27281112102295735, "params": {"C": 85831.2134011659, "gamma": 0.048431416933794276}, "datetime": {"datetime": "2021-10-04 11:21:16", "elapsed": 192.004793, "delta": 1.174447}}
{"target": 0.2752424093756546, "params": {"C": 47148.85087298503, "gamma": 0.062172475999641465}, "datetime": {"datetime": "2021-10-04 11:21:17", "elapsed": 193.194803, "delta": 1.19001}}
{"target": 0.2503838182036846, "params": {"C": 21176.478546498096, "gamma": 0.12517231003447704}, "datetime": {"datetime": "2021-10-04 11:21:18", "elapsed": 194.2372, "delta": 1.042397}}
{"target": 0.2772774114882347, "params": {"C": 58598.99122772562, "gamma": 0.06406281998726267}, "datetime": {"datetime": "2021-10-04 11:21:20", "elapsed": 195.558186, "delta": 1.320986}}
{"target": 0.20928802139175862, "params": {"C": 74988.85497554298, "gamma": 0.012025690746553146}, "datetime": {"datetime": "2021-10-04 11:21:22", "elapsed": 197.572414, "delta": 2.014228}}
{"target": 0.2594422608005009, "params": {"C": 31114.023570604593, "gamma": 0.16414941947325185}, "datetime": {"datetime": "2021-10-04 11:21:23", "elapsed": 198.671029, "delta": 1.098615}}
{"target": 0.26481482857435057, "params": {"C": 93324.65601690813, "gamma": 0.1450902007801988}, "datetime": {"datetime": "2021-10-04 11:21:24", "elapsed": 199.848725, "delta": 1.177696}}
{"target": 0.26337544708123284, "params": {"C": 93327.24275668933, "gamma": 0.1592222092046235}, "datetime": {"datetime": "2021-10-04 11:21:25", "elapsed": 200.92686, "delta": 1.078135}}
{"target": 0.2753949605371381, "params": {"C": 80805.98936804006, "gamma": 0.06916309003361133}, "datetime": {"datetime": "2021-10-04 11:21:26", "elapsed": 202.057738, "delta": 1.130878}}
{"target": 0.2794735492391571, "params": {"C": 45719.642118061536, "gamma": 0.08196045905908295}, "datetime": {"datetime": "2021-10-04 11:21:27", "elapsed": 203.269703, "delta": 1.211965}}
{"target": 0.23671288830079817, "params": {"C": 53976.07292146331, "gamma": 0.02051620493491727}, "datetime": {"datetime": "2021-10-04 11:21:28", "elapsed": 204.411911, "delta": 1.142208}}
{"target": 0.27910319331795386, "params": {"C": 51161.69297914386, "gamma": 0.07489975916966579}, "datetime": {"datetime": "2021-10-04 11:21:30", "elapsed": 205.502151, "delta": 1.09024}}
{"target": 0.26164000631419426, "params": {"C": 82096.5130563153, "gamma": 0.19865294813885573}, "datetime": {"datetime": "2021-10-04 11:21:31", "elapsed": 206.932696, "delta": 1.430545}}
{"target": 0.26987859569390005, "params": {"C": 80806.64446265463, "gamma": 0.14703359144135403}, "datetime": {"datetime": "2021-10-04 11:21:33", "elapsed": 208.462305, "delta": 1.529609}}
{"target": 0.2694856759722263, "params": {"C": 112679.33150725535, "gamma": 0.043104674114147805}, "datetime": {"datetime": "2021-10-04 11:21:34", "elapsed": 209.689636, "delta": 1.227331}}
{"target": 0.2794886887981125, "params": {"C": 54964.97550462805, "gamma": 0.07607279534963583}, "datetime": {"datetime": "2021-10-04 11:21:35", "elapsed": 210.995193, "delta": 1.305557}}
{"target": 0.2693116062348284, "params": {"C": 80213.88085803651, "gamma": 0.15330762640153034}, "datetime": {"datetime": "2021-10-04 11:21:36", "elapsed": 212.25128, "delta": 1.256087}}
{"target": 0.2771546694770386, "params": {"C": 63642.39868998992, "gamma": 0.13449022399165156}, "datetime": {"datetime": "2021-10-04 11:21:38", "elapsed": 213.833025, "delta": 1.581745}}
{"target": 0.2725162231514444, "params": {"C": 45852.71946926262, "gamma": 0.16111914464266955}, "datetime": {"datetime": "2021-10-04 11:21:39", "elapsed": 215.061607, "delta": 1.228582}}
{"target": 0.2792177780398317, "params": {"C": 58835.02570958901, "gamma": 0.07476845932503812}, "datetime": {"datetime": "2021-10-04 11:21:40", "elapsed": 216.288219, "delta": 1.226612}}
{"target": 0.23451430836735798, "params": {"C": 45985.20101098628, "gamma": 0.021715183604998765}, "datetime": {"datetime": "2021-10-04 11:21:41", "elapsed": 217.395257, "delta": 1.107038}}
{"target": 0.27941821281441015, "params": {"C": 62237.167635544225, "gamma": 0.11632950780873857}, "datetime": {"datetime": "2021-10-04 11:21:43", "elapsed": 218.922427, "delta": 1.52717}}
{"target": 0.26401313244597924, "params": {"C": 67536.88221201063, "gamma": 0.19929523299951382}, "datetime": {"datetime": "2021-10-04 11:21:44", "elapsed": 220.419193, "delta": 1.496766}}
{"target": 0.2716505098425984, "params": {"C": 74987.62392607296, "gamma": 0.14987834765827954}, "datetime": {"datetime": "2021-10-04 11:21:46", "elapsed": 221.934737, "delta": 1.515544}}
{"target": 0.272908550511355, "params": {"C": 65955.54898628539, "gamma": 0.15859809204818598}, "datetime": {"datetime": "2021-10-04 11:21:47", "elapsed": 223.243303, "delta": 1.308566}}
{"target": 0.26570244396149534, "params": {"C": 86347.288537937, "gamma": 0.1634179467942912}, "datetime": {"datetime": "2021-10-04 11:21:49", "elapsed": 224.698085, "delta": 1.454782}}
{"target": 0.27932427169974827, "params": {"C": 49324.05463359716, "gamma": 0.13005059523367224}, "datetime": {"datetime": "2021-10-04 11:21:50", "elapsed": 226.196075, "delta": 1.49799}}
{"target": 0.25411839387666646, "params": {"C": 111884.254462392, "gamma": 0.17851790529732095}, "datetime": {"datetime": "2021-10-04 11:21:52", "elapsed": 227.533449, "delta": 1.337374}}
{"target": 0.27903501264061537, "params": {"C": 65591.96563381172, "gamma": 0.07977775256131314}, "datetime": {"datetime": "2021-10-04 11:21:53", "elapsed": 228.833993, "delta": 1.300544}}
{"target": 0.2726524358416482, "params": {"C": 77551.27170006512, "gamma": 0.13453828384804845}, "datetime": {"datetime": "2021-10-04 11:21:54", "elapsed": 230.352462, "delta": 1.518469}}
{"target": 0.2787259783179882, "params": {"C": 47819.61048115257, "gamma": 0.1332267752870683}, "datetime": {"datetime": "2021-10-04 11:21:56", "elapsed": 231.91975, "delta": 1.567288}}
{"target": 0.28106972191294943, "params": {"C": 55419.934181508914, "gamma": 0.10786767115792645}, "datetime": {"datetime": "2021-10-04 11:21:57", "elapsed": 233.445256, "delta": 1.525506}}
{"target": 0.2720468617315416, "params": {"C": 43161.28618299545, "gamma": 0.15907943373521613}, "datetime": {"datetime": "2021-10-04 11:21:59", "elapsed": 234.716541, "delta": 1.271285}}
{"target": 0.2682917879199236, "params": {"C": 53884.28400592687, "gamma": 0.18293424281140694}, "datetime": {"datetime": "2021-10-04 11:22:01", "elapsed": 236.483925, "delta": 1.767384}}
{"target": 0.2806399560691243, "params": {"C": 57155.0763234369, "gamma": 0.11233683084218693}, "datetime": {"datetime": "2021-10-04 11:22:02", "elapsed": 237.974994, "delta": 1.491069}}
{"target": 0.2675259128659834, "params": {"C": 100613.11778670287, "gamma": 0.09313876552514896}, "datetime": {"datetime": "2021-10-04 11:22:03", "elapsed": 239.250673, "delta": 1.275679}}
{"target": 0.2650189943742868, "params": {"C": 61535.1922345096, "gamma": 0.03518858128894999}, "datetime": {"datetime": "2021-10-04 11:22:05", "elapsed": 240.484334, "delta": 1.233661}}
{"target": 0.22071406579343766, "params": {"C": 65591.41868921966, "gamma": 0.014751125286874622}, "datetime": {"datetime": "2021-10-04 11:22:06", "elapsed": 242.027637, "delta": 1.543303}}
{"target": 0.21406945904309505, "params": {"C": 61736.576144607294, "gamma": 0.013929178252099635}, "datetime": {"datetime": "2021-10-04 11:22:08", "elapsed": 244.233876, "delta": 2.206239}}
{"target": 0.24057994501262325, "params": {"C": 30052.520169318246, "gamma": 0.032705210938283956}, "datetime": {"datetime": "2021-10-04 11:22:10", "elapsed": 245.658364, "delta": 1.424488}}
{"target": 0.26803882225760567, "params": {"C": 49325.25701897388, "gamma": 0.18068887711337447}, "datetime": {"datetime": "2021-10-04 11:22:12", "elapsed": 247.546964, "delta": 1.8886}}
{"target": 0.2591842195255908, "params": {"C": 92698.41993254282, "gamma": 0.19594964750655366}, "datetime": {"datetime": "2021-10-04 11:22:13", "elapsed": 248.969158, "delta": 1.422194}}
{"target": 0.279877294151316, "params": {"C": 59923.95087576094, "gamma": 0.11666618924014856}, "datetime": {"datetime": "2021-10-04 11:22:14", "elapsed": 250.279023, "delta": 1.309865}}
{"target": 0.25794774704234325, "params": {"C": 106312.98066459224, "gamma": 0.15639037092355876}, "datetime": {"datetime": "2021-10-04 11:22:16", "elapsed": 251.800756, "delta": 1.521733}}
{"target": 0.2772443696664316, "params": {"C": 60001.399109728765, "gamma": 0.13943300516560828}, "datetime": {"datetime": "2021-10-04 11:22:18", "elapsed": 253.806118, "delta": 2.005362}}
{"target": 0.2516060094368465, "params": {"C": 117221.86647694804, "gamma": 0.18602498587713454}, "datetime": {"datetime": "2021-10-04 11:22:19", "elapsed": 255.133935, "delta": 1.327817}}
{"target": 0.2609875188036035, "params": {"C": 110400.10865110408, "gamma": 0.10772428625429364}, "datetime": {"datetime": "2021-10-04 11:22:21", "elapsed": 256.512354, "delta": 1.378419}}
{"target": 0.26490288954327856, "params": {"C": 29535.71333260129, "gamma": 0.1406011439165534}, "datetime": {"datetime": "2021-10-04 11:22:22", "elapsed": 258.006981, "delta": 1.494627}}
{"target": 0.2697280587399489, "params": {"C": 86753.96102122773, "gamma": 0.037376993303198706}, "datetime": {"datetime": "2021-10-04 11:22:23", "elapsed": 259.352579, "delta": 1.345598}}
{"target": 0.27411112130109305, "params": {"C": 64933.417678934486, "gamma": 0.051356080935801816}, "datetime": {"datetime": "2021-10-04 11:22:25", "elapsed": 260.736598, "delta": 1.384019}}
{"target": 0.2688570360846084, "params": {"C": 51435.41450258103, "gamma": 0.04468816819560622}, "datetime": {"datetime": "2021-10-04 11:22:26", "elapsed": 262.339432, "delta": 1.602834}}
{"target": 0.2734485556146028, "params": {"C": 58834.88014630711, "gamma": 0.05091670782166064}, "datetime": {"datetime": "2021-10-04 11:22:28", "elapsed": 263.927277, "delta": 1.587845}}
{"target": 0.26742121152618203, "params": {"C": 48949.71037203521, "gamma": 0.18237599892371995}, "datetime": {"datetime": "2021-10-04 11:22:29", "elapsed": 265.339735, "delta": 1.412458}}
{"target": 0.2661273531959568, "params": {"C": 74152.96979651842, "gamma": 0.185027080364222}, "datetime": {"datetime": "2021-10-04 11:22:31", "elapsed": 266.670785, "delta": 1.33105}}
{"target": 0.2787710303834382, "params": {"C": 58131.866639191314, "gamma": 0.13055688614394334}, "datetime": {"datetime": "2021-10-04 11:22:32", "elapsed": 268.35236, "delta": 1.681575}}
{"target": 0.27529985289493486, "params": {"C": 61555.55017779852, "gamma": 0.05585288485562838}, "datetime": {"datetime": "2021-10-04 11:22:34", "elapsed": 270.239422, "delta": 1.887062}}
{"target": 0.26545113382395336, "params": {"C": 62127.26694121318, "gamma": 0.03551291987670638}, "datetime": {"datetime": "2021-10-04 11:22:36", "elapsed": 271.961484, "delta": 1.722062}}
{"target": 0.2712498096845104, "params": {"C": 51434.54092210393, "gamma": 0.17076772935192092}, "datetime": {"datetime": "2021-10-04 11:22:38", "elapsed": 274.330827, "delta": 2.369343}}
{"target": 0.27524993355038085, "params": {"C": 65407.5958106993, "gamma": 0.1449647746042519}, "datetime": {"datetime": "2021-10-04 11:22:40", "elapsed": 275.930376, "delta": 1.599549}}
{"target": 0.27002695904479534, "params": {"C": 47311.402206016, "gamma": 0.17188685080379507}, "datetime": {"datetime": "2021-10-04 11:22:42", "elapsed": 278.057414, "delta": 2.127038}}
{"target": 0.2645754620774079, "params": {"C": 86005.70729341953, "gamma": 0.1731370792161504}, "datetime": {"datetime": "2021-10-04 11:22:44", "elapsed": 279.56537, "delta": 1.507956}}
{"target": 0.2738218610390539, "params": {"C": 68768.18930058449, "gamma": 0.14846498894026836}, "datetime": {"datetime": "2021-10-04 11:22:45", "elapsed": 281.053603, "delta": 1.488233}}
{"target": 0.2644845665861877, "params": {"C": 49324.158778537676, "gamma": 0.1920085847739761}, "datetime": {"datetime": "2021-10-04 11:22:47", "elapsed": 283.197197, "delta": 2.143594}}
{"target": 0.2702652992480433, "params": {"C": 63777.089027246344, "gamma": 0.1742679104615344}, "datetime": {"datetime": "2021-10-04 11:22:49", "elapsed": 284.567841, "delta": 1.370644}}
{"target": 0.27675901576267414, "params": {"C": 40723.814599931, "gamma": 0.1334035246897991}, "datetime": {"datetime": "2021-10-04 11:22:50", "elapsed": 286.13606, "delta": 1.568219}}
{"target": 0.28013240834017106, "params": {"C": 56192.106549467695, "gamma": 0.12062933973136591}, "datetime": {"datetime": "2021-10-04 11:22:52", "elapsed": 288.328864, "delta": 2.192804}}
{"target": 0.26944095428215853, "params": {"C": 61816.90340317389, "gamma": 0.1789186076482976}, "datetime": {"datetime": "2021-10-04 11:22:54", "elapsed": 290.105965, "delta": 1.777101}}
{"target": 0.2774244384196267, "params": {"C": 61817.57982806286, "gamma": 0.135618885023454}, "datetime": {"datetime": "2021-10-04 11:22:56", "elapsed": 292.077962, "delta": 1.971997}}
{"target": 0.2553166215007032, "params": {"C": 87094.91779098721, "gamma": 0.022973888479939423}, "datetime": {"datetime": "2021-10-04 11:22:58", "elapsed": 293.55674, "delta": 1.478778}}
{"target": 0.2656500659918687, "params": {"C": 43161.059508059116, "gamma": 0.04512036782208211}, "datetime": {"datetime": "2021-10-04 11:23:00", "elapsed": 295.598195, "delta": 2.041455}}
{"target": 0.2719186342294997, "params": {"C": 59808.95431649406, "gamma": 0.1686644008539854}, "datetime": {"datetime": "2021-10-04 11:23:01", "elapsed": 297.008407, "delta": 1.410212}}
{"target": 0.272550624829461, "params": {"C": 58598.704939915675, "gamma": 0.04874327987074786}, "datetime": {"datetime": "2021-10-04 11:23:03", "elapsed": 298.831111, "delta": 1.822704}}
{"target": 0.270796164936833, "params": {"C": 102178.32641062773, "gamma": 0.05468134380028928}, "datetime": {"datetime": "2021-10-04 11:23:04", "elapsed": 300.258436, "delta": 1.427325}}
{"target": 0.28104046146619754, "params": {"C": 47147.70410450717, "gamma": 0.09645734166582419}, "datetime": {"datetime": "2021-10-04 11:23:07", "elapsed": 302.742743, "delta": 2.484307}}
{"target": 0.2710462861465861, "params": {"C": 88252.36452437718, "gamma": 0.10816438602018832}, "datetime": {"datetime": "2021-10-04 11:23:08", "elapsed": 304.322988, "delta": 1.580245}}
{"target": 0.26726804253323766, "params": {"C": 49323.869656851675, "gamma": 0.18323737798802614}, "datetime": {"datetime": "2021-10-04 11:23:11", "elapsed": 306.619462, "delta": 2.296474}}
