{"target": 0.1950290957210553, "params": {"C": 86193.14370500474, "gamma": 0.3844507950109855}, "datetime": {"datetime": "2021-10-04 11:14:26", "elapsed": 144.642786, "delta": 0.921888}}
{"target": 0.09419680300892552, "params": {"C": 288314.270057058, "gamma": 0.7219695232330727}, "datetime": {"datetime": "2021-10-04 11:14:27", "elapsed": 145.524772, "delta": 0.881986}}
{"target": 0.22664259123845365, "params": {"C": 102349.32600956832, "gamma": 0.3151544755771749}, "datetime": {"datetime": "2021-10-04 11:14:28", "elapsed": 146.365119, "delta": 0.840347}}
{"target": 0.14419580536150922, "params": {"C": 181961.25388904128, "gamma": 0.5333330741463443}, "datetime": {"datetime": "2021-10-04 11:14:29", "elapsed": 147.264926, "delta": 0.899807}}
{"target": 0.038547436351389686, "params": {"C": 53493.01764390499, "gamma": 0.7736937611083241}, "datetime": {"datetime": "2021-10-04 11:14:29", "elapsed": 148.148218, "delta": 0.883292}}
{"target": 0.1340447173002005, "params": {"C": 293227.18448129273, "gamma": 0.5643277043101647}, "datetime": {"datetime": "2021-10-04 11:14:31", "elapsed": 149.252066, "delta": 1.103848}}
{"target": 0.17965296291676058, "params": {"C": 278484.0375426108, "gamma": 0.42956406115839646}, "datetime": {"datetime": "2021-10-04 11:14:32", "elapsed": 150.233683, "delta": 0.981617}}
{"target": 0.12952514887672273, "params": {"C": 410452.48647576163, "gamma": 0.5747247803070834}, "datetime": {"datetime": "2021-10-04 11:14:32", "elapsed": 151.114157, "delta": 0.880474}}
{"target": 0.08537831469500468, "params": {"C": 141487.12299090144, "gamma": 0.743577310435387}, "datetime": {"datetime": "2021-10-04 11:14:33", "elapsed": 151.997405, "delta": 0.883248}}
{"target": 0.10134182985376816, "params": {"C": 455841.7201599298, "gamma": 0.6832530337213225}, "datetime": {"datetime": "2021-10-04 11:14:34", "elapsed": 152.927137, "delta": 0.929732}}
{"target": 0.15857395971959543, "params": {"C": 114310.88047395714, "gamma": 0.48204229770505624}, "datetime": {"datetime": "2021-10-04 11:14:35", "elapsed": 154.105716, "delta": 1.178579}}
{"target": 0.10606554867563978, "params": {"C": 362565.7307648706, "gamma": 0.6658926663026876}, "datetime": {"datetime": "2021-10-04 11:14:36", "elapsed": 155.01026, "delta": 0.904544}}
{"target": 0.12999844474979017, "params": {"C": 435616.91669875727, "gamma": 0.5720581989462405}, "datetime": {"datetime": "2021-10-04 11:14:37", "elapsed": 155.926697, "delta": 0.916437}}
{"target": 0.1259036811248071, "params": {"C": 265559.23192028824, "gamma": 0.5925152126120796}, "datetime": {"datetime": "2021-10-04 11:14:38", "elapsed": 156.936519, "delta": 1.009822}}
{"target": 0.18523377489171144, "params": {"C": 99160.23190338266, "gamma": 0.4127428450996493}, "datetime": {"datetime": "2021-10-04 11:14:39", "elapsed": 157.830463, "delta": 0.893944}}
{"target": 0.14853314341808577, "params": {"C": 130326.08106678363, "gamma": 0.5134239941267873}, "datetime": {"datetime": "2021-10-04 11:14:40", "elapsed": 158.774767, "delta": 0.944304}}
{"target": 0.10429344832331178, "params": {"C": 419754.69285755506, "gamma": 0.6714775376602871}, "datetime": {"datetime": "2021-10-04 11:14:41", "elapsed": 159.743482, "delta": 0.968715}}
{"target": 0.06447668852495947, "params": {"C": 78075.96557436344, "gamma": 0.7588088805223796}, "datetime": {"datetime": "2021-10-04 11:14:42", "elapsed": 160.666134, "delta": 0.922652}}
{"target": 0.09644327473807812, "params": {"C": 175185.35174494755, "gamma": 0.7031647501057448}, "datetime": {"datetime": "2021-10-04 11:14:43", "elapsed": 161.548635, "delta": 0.882501}}
{"target": 0.16901527198373, "params": {"C": 224767.40057409924, "gamma": 0.4633917739844545}, "datetime": {"datetime": "2021-10-04 11:14:44", "elapsed": 162.498394, "delta": 0.949759}}
{"target": 0.18601957756309506, "params": {"C": 346240.4603052465, "gamma": 0.40322360453872846}, "datetime": {"datetime": "2021-10-04 11:14:45", "elapsed": 163.426643, "delta": 0.928249}}
{"target": 0.12271675896940515, "params": {"C": 281982.76196420356, "gamma": 0.6033877657645916}, "datetime": {"datetime": "2021-10-04 11:14:46", "elapsed": 164.475192, "delta": 1.048549}}
{"target": 0.08323512306608627, "params": {"C": 55294.153459241425, "gamma": 0.604115994854652}, "datetime": {"datetime": "2021-10-04 11:14:47", "elapsed": 165.430383, "delta": 0.955191}}
{"target": 0.1973893321737985, "params": {"C": 327885.2390025625, "gamma": 0.3665479087920268}, "datetime": {"datetime": "2021-10-04 11:14:48", "elapsed": 166.855413, "delta": 1.42503}}
{"target": 0.09033896440210254, "params": {"C": 393990.4476805787, "gamma": 0.7388681088944087}, "datetime": {"datetime": "2021-10-04 11:14:49", "elapsed": 167.89798, "delta": 1.042567}}
{"target": 0.08522621544837461, "params": {"C": 100013.10606772066, "gamma": 0.7061503127572037}, "datetime": {"datetime": "2021-10-04 11:14:50", "elapsed": 168.825865, "delta": 0.927885}}
{"target": 0.10820466022820052, "params": {"C": 379960.95207608666, "gamma": 0.6562570701052324}, "datetime": {"datetime": "2021-10-04 11:14:51", "elapsed": 169.899533, "delta": 1.073668}}
{"target": 0.09975369351720509, "params": {"C": 379972.592405102, "gamma": 0.6932518565566059}, "datetime": {"datetime": "2021-10-04 11:14:52", "elapsed": 170.970756, "delta": 1.071223}}
{"target": 0.16875401810272705, "params": {"C": 323626.9521561803, "gamma": 0.45749500008798777}, "datetime": {"datetime": "2021-10-04 11:14:53", "elapsed": 172.012984, "delta": 1.042228}}
{"target": 0.11241434836734687, "params": {"C": 226619.67676951832, "gamma": 0.6417836598785596}, "datetime": {"datetime": "2021-10-04 11:14:54", "elapsed": 173.00137, "delta": 0.988386}}
{"target": 0.10789038609781743, "params": {"C": 237659.9021161583, "gamma": 0.660162246721079}, "datetime": {"datetime": "2021-10-04 11:14:57", "elapsed": 0.0, "delta": 0.0}}
{"target": 0.1377414488062637, "params": {"C": 50051.4686678052, "gamma": 0.4511662863159199}, "datetime": {"datetime": "2021-10-04 11:14:57", "elapsed": 0.178424, "delta": 0.178424}}
{"target": 0.21499437927146592, "params": {"C": 116040.15086770087, "gamma": 0.3461692973843989}, "datetime": {"datetime": "2021-10-04 11:14:57", "elapsed": 0.347753, "delta": 0.169329}}
{"target": 0.16440407412829217, "params": {"C": 133817.0951199519, "gamma": 0.47278036352152386}, "datetime": {"datetime": "2021-10-04 11:14:58", "elapsed": 0.532683, "delta": 0.18493}}
{"target": 0.13289629693383054, "params": {"C": 228545.36340380146, "gamma": 0.5694083670016785}, "datetime": {"datetime": "2021-10-04 11:14:58", "elapsed": 0.695454, "delta": 0.162771}}
{"target": 0.10341789564176285, "params": {"C": 116036.56882736721, "gamma": 0.6484391632184026}, "datetime": {"datetime": "2021-10-04 11:14:58", "elapsed": 0.928177, "delta": 0.232723}}
{"target": 0.11428165793143386, "params": {"C": 423500.8585492927, "gamma": 0.630068958579376}, "datetime": {"datetime": "2021-10-04 11:14:58", "elapsed": 1.191577, "delta": 0.2634}}
{"target": 0.11311889339649606, "params": {"C": 117188.0209281783, "gamma": 0.6144058820013814}, "datetime": {"datetime": "2021-10-04 11:14:58", "elapsed": 1.428623, "delta": 0.237046}}
{"target": 0.08739760836216937, "params": {"C": 88732.44411399646, "gamma": 0.6793456687812824}, "datetime": {"datetime": "2021-10-04 11:14:59", "elapsed": 1.693578, "delta": 0.264955}}
{"target": 0.1982608460674965, "params": {"C": 228032.3354718926, "gamma": 0.3807290859273102}, "datetime": {"datetime": "2021-10-04 11:14:59", "elapsed": 1.931579, "delta": 0.238001}}
{"target": 0.14453816205290204, "params": {"C": 449463.66397542896, "gamma": 0.5236001248064854}, "datetime": {"datetime": "2021-10-04 11:14:59", "elapsed": 2.178738, "delta": 0.247159}}
{"target": 0.16411138792865998, "params": {"C": 244532.3760459064, "gamma": 0.47600981049316776}, "datetime": {"datetime": "2021-10-04 11:14:59", "elapsed": 2.439741, "delta": 0.261003}}
{"target": 0.15547747246632182, "params": {"C": 324454.78024534706, "gamma": 0.4964378482359561}, "datetime": {"datetime": "2021-10-04 11:15:00", "elapsed": 2.6675, "delta": 0.227759}}
{"target": 0.11008833480970026, "params": {"C": 298940.5900807523, "gamma": 0.6510240997265972}, "datetime": {"datetime": "2021-10-04 11:15:00", "elapsed": 2.924056, "delta": 0.256556}}
{"target": 0.15062122562454272, "params": {"C": 116800.18015242215, "gamma": 0.5033418412221149}, "datetime": {"datetime": "2021-10-04 11:15:00", "elapsed": 3.211492, "delta": 0.287436}}
{"target": 0.11624686885506297, "params": {"C": 80063.3328535787, "gamma": 0.5671434346073398}, "datetime": {"datetime": "2021-10-04 11:15:00", "elapsed": 3.456421, "delta": 0.244929}}
{"target": 0.17899264429904826, "params": {"C": 202639.49832012499, "gamma": 0.4374469675538063}, "datetime": {"datetime": "2021-10-04 11:15:01", "elapsed": 3.710144, "delta": 0.253723}}
{"target": 0.10962486397702731, "params": {"C": 135924.2146286457, "gamma": 0.6367287433407975}, "datetime": {"datetime": "2021-10-04 11:15:01", "elapsed": 3.99607, "delta": 0.285926}}
{"target": 0.1493393391638107, "params": {"C": 459397.67837928736, "gamma": 0.508033809350547}, "datetime": {"datetime": "2021-10-04 11:15:01", "elapsed": 4.284857, "delta": 0.288787}}
{"target": 0.10680192998512361, "params": {"C": 125634.3889848696, "gamma": 0.642052130704451}, "datetime": {"datetime": "2021-10-04 11:15:02", "elapsed": 4.56982, "delta": 0.284963}}
{"target": 0.1534042365891275, "params": {"C": 372652.78046666767, "gamma": 0.4999488371956003}, "datetime": {"datetime": "2021-10-04 11:15:02", "elapsed": 4.852789, "delta": 0.282969}}
{"target": 0.1352175919291786, "params": {"C": 202640.16366524828, "gamma": 0.5615467373152279}, "datetime": {"datetime": "2021-10-04 11:15:02", "elapsed": 5.113094, "delta": 0.260305}}
{"target": 0.12731467775029992, "params": {"C": 54945.76742400701, "gamma": 0.487439578200228}, "datetime": {"datetime": "2021-10-04 11:15:02", "elapsed": 5.383371, "delta": 0.270277}}
{"target": 0.0917314243583498, "params": {"C": 148767.62419451494, "gamma": 0.7164131198523764}, "datetime": {"datetime": "2021-10-04 11:15:03", "elapsed": 5.666332, "delta": 0.282961}}
{"target": 0.10117701591551631, "params": {"C": 279655.21862183604, "gamma": 0.6892751397808592}, "datetime": {"datetime": "2021-10-04 11:15:03", "elapsed": 5.935547, "delta": 0.269215}}
{"target": 0.08711468602943839, "params": {"C": 459398.62764283916, "gamma": 0.7536798252608861}, "datetime": {"datetime": "2021-10-04 11:15:03", "elapsed": 6.245074, "delta": 0.309527}}
{"target": 0.10151874628602942, "params": {"C": 406175.8332713294, "gamma": 0.6842772580614052}, "datetime": {"datetime": "2021-10-04 11:15:04", "elapsed": 6.544468, "delta": 0.299394}}
{"target": 0.15958364002354664, "params": {"C": 116801.49311147124, "gamma": 0.4804239335331386}, "datetime": {"datetime": "2021-10-04 11:15:04", "elapsed": 6.830635, "delta": 0.286167}}
{"target": 0.14077658977896002, "params": {"C": 257649.12421568038, "gamma": 0.5439899475053209}, "datetime": {"datetime": "2021-10-04 11:15:04", "elapsed": 7.111696, "delta": 0.281061}}
{"target": 0.20584047246270631, "params": {"C": 272492.9671136751, "gamma": 0.3456315128063285}, "datetime": {"datetime": "2021-10-04 11:15:04", "elapsed": 7.399686, "delta": 0.28799}}
{"target": 0.19049859545349845, "params": {"C": 191452.20380302818, "gamma": 0.4072255158054701}, "datetime": {"datetime": "2021-10-04 11:15:05", "elapsed": 7.676659, "delta": 0.276973}}
{"target": 0.19266209159384617, "params": {"C": 446152.31091253465, "gamma": 0.36605720686044435}, "datetime": {"datetime": "2021-10-04 11:15:05", "elapsed": 7.962476, "delta": 0.285817}}
{"target": 0.21824223158514988, "params": {"C": 60437.21929980449, "gamma": 0.31380772734684453}, "datetime": {"datetime": "2021-10-04 11:15:05", "elapsed": 8.264418, "delta": 0.301942}}
{"target": 0.14263779034162627, "params": {"C": 78031.12211996023, "gamma": 0.4948408447297604}, "datetime": {"datetime": "2021-10-04 11:15:06", "elapsed": 8.568844, "delta": 0.304426}}
{"target": 0.17014172528274096, "params": {"C": 382398.24600569264, "gamma": 0.4490694166863171}, "datetime": {"datetime": "2021-10-04 11:15:06", "elapsed": 8.905568, "delta": 0.336724}}
{"target": 0.0843578165945238, "params": {"C": 349641.5627537418, "gamma": 0.7728939389285783}, "datetime": {"datetime": "2021-10-04 11:15:06", "elapsed": 9.225616, "delta": 0.320048}}
{"target": 0.08683838779926012, "params": {"C": 150081.42136107257, "gamma": 0.7406744553260793}, "datetime": {"datetime": "2021-10-04 11:15:07", "elapsed": 9.590963, "delta": 0.365347}}
{"target": 0.10207161788854424, "params": {"C": 88229.2433875071, "gamma": 0.623874649555478}, "datetime": {"datetime": "2021-10-04 11:15:07", "elapsed": 9.915363, "delta": 0.3244}}
{"target": 0.1408674556737166, "params": {"C": 452852.1460836102, "gamma": 0.5351940885410511}, "datetime": {"datetime": "2021-10-04 11:15:07", "elapsed": 10.232399, "delta": 0.317036}}
{"target": 0.09191032278145894, "params": {"C": 244476.77656435873, "gamma": 0.7327407317287793}, "datetime": {"datetime": "2021-10-04 11:15:08", "elapsed": 10.591588, "delta": 0.359189}}
{"target": 0.19191979381921553, "params": {"C": 62555.91374499668, "gamma": 0.3691025386004934}, "datetime": {"datetime": "2021-10-04 11:15:08", "elapsed": 10.891101, "delta": 0.299513}}
{"target": 0.14282363459337, "params": {"C": 466684.3874876248, "gamma": 0.5283035100898819}, "datetime": {"datetime": "2021-10-04 11:15:08", "elapsed": 11.219412, "delta": 0.328311}}
{"target": 0.09363370967449192, "params": {"C": 447047.52364948776, "gamma": 0.7201351135329399}, "datetime": {"datetime": "2021-10-04 11:15:09", "elapsed": 11.579582, "delta": 0.36017}}
{"target": 0.09769922459794733, "params": {"C": 325039.27728582727, "gamma": 0.704508193047667}, "datetime": {"datetime": "2021-10-04 11:15:09", "elapsed": 11.94621, "delta": 0.366628}}
{"target": 0.11643071846804143, "params": {"C": 78184.73893822695, "gamma": 0.5637032055348943}, "datetime": {"datetime": "2021-10-04 11:15:09", "elapsed": 12.294037, "delta": 0.347827}}
{"target": 0.11802539071745555, "params": {"C": 204475.11928044577, "gamma": 0.6196421465772941}, "datetime": {"datetime": "2021-10-04 11:15:10", "elapsed": 12.7015, "delta": 0.407463}}
{"target": 0.17951791943600504, "params": {"C": 377247.9197205992, "gamma": 0.42073421179330006}, "datetime": {"datetime": "2021-10-04 11:15:10", "elapsed": 13.013331, "delta": 0.311831}}
{"target": 0.0922206424055314, "params": {"C": 388169.68256241974, "gamma": 0.729382448268239}, "datetime": {"datetime": "2021-10-04 11:15:10", "elapsed": 13.405479, "delta": 0.392148}}
{"target": 0.1080695751065841, "params": {"C": 121395.76943840599, "gamma": 0.6348633215495713}, "datetime": {"datetime": "2021-10-04 11:15:11", "elapsed": 13.715938, "delta": 0.310459}}
{"target": 0.16959799041331403, "params": {"C": 228031.69698566693, "gamma": 0.4616177407919012}, "datetime": {"datetime": "2021-10-04 11:15:11", "elapsed": 14.094198, "delta": 0.37826}}
{"target": 0.11598338241179362, "params": {"C": 452850.44752149645, "gamma": 0.6223376592362764}, "datetime": {"datetime": "2021-10-04 11:15:11", "elapsed": 14.47169, "delta": 0.377492}}
{"target": 0.05806226072318443, "params": {"C": 60437.386060156874, "gamma": 0.7205042689737209}, "datetime": {"datetime": "2021-10-04 11:15:12", "elapsed": 14.824522, "delta": 0.352832}}
{"target": 0.20633871095805478, "params": {"C": 360050.0412058241, "gamma": 0.30824923772822044}, "datetime": {"datetime": "2021-10-04 11:15:12", "elapsed": 15.172797, "delta": 0.348275}}
{"target": 0.08278431447306689, "params": {"C": 353328.51431884506, "gamma": 0.7818644245456641}, "datetime": {"datetime": "2021-10-04 11:15:13", "elapsed": 15.539328, "delta": 0.366531}}
{"target": 0.1966779017850705, "params": {"C": 137294.1844219757, "gamma": 0.39314840898002296}, "datetime": {"datetime": "2021-10-04 11:15:13", "elapsed": 15.865145, "delta": 0.325817}}
{"target": 0.1670363098684401, "params": {"C": 303003.1890150788, "gamma": 0.46397057125369406}, "datetime": {"datetime": "2021-10-04 11:15:13", "elapsed": 16.205529, "delta": 0.340384}}
{"target": 0.18577793801230513, "params": {"C": 399434.45208283886, "gamma": 0.3981232699365914}, "datetime": {"datetime": "2021-10-04 11:15:14", "elapsed": 16.553346, "delta": 0.347817}}
{"target": 0.1064070276445015, "params": {"C": 477455.9560263569, "gamma": 0.660248345307525}, "datetime": {"datetime": "2021-10-04 11:15:14", "elapsed": 16.905156, "delta": 0.35181}}
{"target": 0.12135585169729224, "params": {"C": 179784.93327832804, "gamma": 0.6056080720946324}, "datetime": {"datetime": "2021-10-04 11:15:14", "elapsed": 17.23729, "delta": 0.332134}}
{"target": 0.17846147707427218, "params": {"C": 387039.4300986797, "gamma": 0.42317598578745524}, "datetime": {"datetime": "2021-10-04 11:15:15", "elapsed": 17.63068, "delta": 0.39339}}
{"target": 0.0823690735459357, "params": {"C": 179974.8467411768, "gamma": 0.7750426778046374}, "datetime": {"datetime": "2021-10-04 11:15:15", "elapsed": 17.986896, "delta": 0.356216}}
{"target": 0.1836912542417034, "params": {"C": 150114.28450225753, "gamma": 0.4261407907002359}, "datetime": {"datetime": "2021-10-04 11:15:15", "elapsed": 18.343548, "delta": 0.356652}}
{"target": 0.1129034747344756, "params": {"C": 395218.90423556475, "gamma": 0.6365791742764175}, "datetime": {"datetime": "2021-10-04 11:15:16", "elapsed": 18.710364, "delta": 0.366816}}
{"target": 0.11334082749180263, "params": {"C": 165732.0907702611, "gamma": 0.6320710331064059}, "datetime": {"datetime": "2021-10-04 11:15:16", "elapsed": 19.110002, "delta": 0.399638}}
{"target": 0.19092055052109425, "params": {"C": 387540.4174776596, "gamma": 0.38135586286817463}, "datetime": {"datetime": "2021-10-04 11:15:17", "elapsed": 19.549378, "delta": 0.439376}}
{"target": 0.13928449860411385, "params": {"C": 346334.695118443, "gamma": 0.5451331233051262}, "datetime": {"datetime": "2021-10-04 11:15:17", "elapsed": 19.954922, "delta": 0.405544}}
{"target": 0.18433640915447436, "params": {"C": 363181.46254889417, "gamma": 0.4067962636175015}, "datetime": {"datetime": "2021-10-04 11:15:17", "elapsed": 20.317902, "delta": 0.36298}}
{"target": 0.1972086824018956, "params": {"C": 254773.69637697368, "gamma": 0.3797742001245854}, "datetime": {"datetime": "2021-10-04 11:15:18", "elapsed": 20.702441, "delta": 0.384539}}
{"target": 0.20358104386957965, "params": {"C": 173628.75446679554, "gamma": 0.37300158005697137}, "datetime": {"datetime": "2021-10-04 11:15:18", "elapsed": 21.125209, "delta": 0.422768}}
{"target": 0.12049713729431488, "params": {"C": 76770.24615542611, "gamma": 0.5500459893141623}, "datetime": {"datetime": "2021-10-04 11:15:18", "elapsed": 21.482762, "delta": 0.357553}}
{"target": 0.14022744690555866, "params": {"C": 145962.0476592786, "gamma": 0.5404667234792246}, "datetime": {"datetime": "2021-10-04 11:15:19", "elapsed": 21.886806, "delta": 0.404044}}
{"target": 0.0886527361832613, "params": {"C": 455264.2161334991, "gamma": 0.7455270463655013}, "datetime": {"datetime": "2021-10-04 11:15:19", "elapsed": 22.260173, "delta": 0.373367}}
{"target": 0.2182587852187794, "params": {"C": 223276.61102714477, "gamma": 0.30699054186208197}, "datetime": {"datetime": "2021-10-04 11:15:20", "elapsed": 22.625176, "delta": 0.365003}}
{"target": 0.10721711976325599, "params": {"C": 324887.4154606108, "gamma": 0.662214784302908}, "datetime": {"datetime": "2021-10-04 11:15:20", "elapsed": 23.032013, "delta": 0.406837}}
{"target": 0.13159811794592013, "params": {"C": 433076.8984788735, "gamma": 0.5666941802144523}, "datetime": {"datetime": "2021-10-04 11:15:20", "elapsed": 23.435627, "delta": 0.403614}}
{"target": 0.10202822202927209, "params": {"C": 168314.56511130644, "gamma": 0.6771953129458499}, "datetime": {"datetime": "2021-10-04 11:15:21", "elapsed": 23.815152, "delta": 0.379525}}
{"target": 0.16386707239555798, "params": {"C": 172900.64919570467, "gamma": 0.47813729149965345}, "datetime": {"datetime": "2021-10-04 11:15:21", "elapsed": 24.224402, "delta": 0.40925}}
{"target": 0.08856366025357443, "params": {"C": 150402.14898186031, "gamma": 0.7322771079144152}, "datetime": {"datetime": "2021-10-04 11:15:22", "elapsed": 24.6554, "delta": 0.430998}}
{"target": 0.1321960516185252, "params": {"C": 208846.69817544837, "gamma": 0.571377664546165}, "datetime": {"datetime": "2021-10-04 11:15:22", "elapsed": 25.055724, "delta": 0.400324}}
{"target": 0.11562308242215513, "params": {"C": 105798.41500909522, "gamma": 0.5978845025571498}, "datetime": {"datetime": "2021-10-04 11:15:23", "elapsed": 25.534941, "delta": 0.479217}}
{"target": 0.10193628679786348, "params": {"C": 116971.0265980531, "gamma": 0.6547761588250016}, "datetime": {"datetime": "2021-10-04 11:15:23", "elapsed": 25.948896, "delta": 0.413955}}
{"target": 0.20316648129510906, "params": {"C": 388987.6338171427, "gamma": 0.3214459290999896}, "datetime": {"datetime": "2021-10-04 11:15:23", "elapsed": 26.43611, "delta": 0.487214}}
{"target": 0.10081244545200874, "params": {"C": 411104.5158143738, "gamma": 0.6872943320501099}, "datetime": {"datetime": "2021-10-04 11:15:24", "elapsed": 26.851953, "delta": 0.415843}}
{"target": 0.13322442495569353, "params": {"C": 356342.9993739903, "gamma": 0.5644918002711055}, "datetime": {"datetime": "2021-10-04 11:15:24", "elapsed": 27.275982, "delta": 0.424029}}
{"target": 0.08059233915976216, "params": {"C": 423021.46236581105, "gamma": 0.7925110205584296}, "datetime": {"datetime": "2021-10-04 11:15:25", "elapsed": 27.727253, "delta": 0.451271}}
{"target": 0.08710078818515665, "params": {"C": 401860.59498558845, "gamma": 0.755884280151489}, "datetime": {"datetime": "2021-10-04 11:15:25", "elapsed": 28.172451, "delta": 0.445198}}
{"target": 0.11764063172336803, "params": {"C": 353759.0602601595, "gamma": 0.6197738042735359}, "datetime": {"datetime": "2021-10-04 11:15:26", "elapsed": 28.624452, "delta": 0.452001}}
