{"target": -34.98609677443717, "params": {"C": 14671.445679863726, "gamma": 0.047434310500604156}, "datetime": {"datetime": "2021-09-29 07:39:26", "elapsed": 44.598747, "delta": 0.746299}}
{"target": -35.35742608775443, "params": {"C": 19718.050311495703, "gamma": 0.05583362613741474}, "datetime": {"datetime": "2021-09-29 07:39:26", "elapsed": 45.369788, "delta": 0.771041}}
{"target": -35.88088573966588, "params": {"C": 15653.539652399497, "gamma": 0.07895424891788448}, "datetime": {"datetime": "2021-09-29 07:39:27", "elapsed": 46.230867, "delta": 0.861079}}
{"target": -36.19641317056767, "params": {"C": 19934.963622566847, "gamma": 0.07997476903118537}, "datetime": {"datetime": "2021-09-29 07:39:28", "elapsed": 46.928107, "delta": 0.69724}}
{"target": -34.67792362942557, "params": {"C": 16054.51429038328, "gamma": 0.031827598434447}, "datetime": {"datetime": "2021-09-29 07:39:29", "elapsed": 47.678044, "delta": 0.749937}}
{"target": -35.05805096053316, "params": {"C": 17192.55912506505, "gamma": 0.04904350246880736}, "datetime": {"datetime": "2021-09-29 07:39:29", "elapsed": 48.411348, "delta": 0.733304}}
{"target": -34.8505008592413, "params": {"C": 16799.00777616129, "gamma": 0.014267012382642198}, "datetime": {"datetime": "2021-09-29 07:39:30", "elapsed": 49.191317, "delta": 0.779969}}
{"target": -35.837566129163925, "params": {"C": 17196.678583244502, "gamma": 0.0746312225867983}, "datetime": {"datetime": "2021-09-29 07:39:31", "elapsed": 50.227445, "delta": 1.036128}}
{"target": -34.759252530626135, "params": {"C": 16736.07806408364, "gamma": 0.036114744564152104}, "datetime": {"datetime": "2021-09-29 07:39:32", "elapsed": 50.975011, "delta": 0.747566}}
{"target": -36.028489326943074, "params": {"C": 18109.90874830958, "gamma": 0.005553324745387297}, "datetime": {"datetime": "2021-09-29 07:39:33", "elapsed": 51.737084, "delta": 0.762073}}
{"target": -35.552180755926265, "params": {"C": 16492.31816619494, "gamma": 0.06765384406274746}, "datetime": {"datetime": "2021-09-29 07:39:34", "elapsed": 52.57189, "delta": 0.834806}}
{"target": -35.10948574821453, "params": {"C": 18786.479999037772, "gamma": 0.04967681056834497}, "datetime": {"datetime": "2021-09-29 07:39:34", "elapsed": 53.340247, "delta": 0.768357}}
{"target": -35.86570313452721, "params": {"C": 14812.253387018369, "gamma": 0.07997262857400808}, "datetime": {"datetime": "2021-09-29 07:39:35", "elapsed": 54.038681, "delta": 0.698434}}
{"target": -34.780093832063066, "params": {"C": 17372.053926897697, "gamma": 0.036927921570995434}, "datetime": {"datetime": "2021-09-29 07:39:36", "elapsed": 54.700275, "delta": 0.661594}}
{"target": -34.62953092090437, "params": {"C": 19641.289763846522, "gamma": 0.028541944176319417}, "datetime": {"datetime": "2021-09-29 07:39:37", "elapsed": 55.426546, "delta": 0.726271}}
{"target": -34.58774323323996, "params": {"C": 17112.5875925473, "gamma": 0.02588347080183907}, "datetime": {"datetime": "2021-09-29 07:39:37", "elapsed": 56.13262, "delta": 0.706074}}
{"target": -35.3452607779527, "params": {"C": 18676.471516576272, "gamma": 0.05704459692123947}, "datetime": {"datetime": "2021-09-29 07:39:38", "elapsed": 57.001979, "delta": 0.869359}}
{"target": -35.03940858191268, "params": {"C": 14213.733583880912, "gamma": 0.05009939886657885}, "datetime": {"datetime": "2021-09-29 07:39:39", "elapsed": 57.667348, "delta": 0.665369}}
{"target": -34.79198638527611, "params": {"C": 16385.375414027687, "gamma": 0.03776658194564901}, "datetime": {"datetime": "2021-09-29 07:39:39", "elapsed": 58.358078, "delta": 0.69073}}
{"target": -34.558892812415955, "params": {"C": 18470.01776805066, "gamma": 0.023748431709153084}, "datetime": {"datetime": "2021-09-29 07:39:40", "elapsed": 59.342392, "delta": 0.984314}}
{"target": -34.880853854675124, "params": {"C": 14656.01592570178, "gamma": 0.04260283436483836}, "datetime": {"datetime": "2021-09-29 07:39:41", "elapsed": 60.106751, "delta": 0.764359}}
{"target": -35.163629477389904, "params": {"C": 17418.344782841705, "gamma": 0.05307329267875746}, "datetime": {"datetime": "2021-09-29 07:39:42", "elapsed": 61.019782, "delta": 0.913031}}
{"target": -35.20133266577282, "params": {"C": 19820.637660700337, "gamma": 0.05164817846005469}, "datetime": {"datetime": "2021-09-29 07:39:43", "elapsed": 61.820494, "delta": 0.800712}}
{"target": -34.56658948949428, "params": {"C": 18079.053012631237, "gamma": 0.024327702429193594}, "datetime": {"datetime": "2021-09-29 07:39:44", "elapsed": 62.693563, "delta": 0.873069}}
{"target": -35.595657382765374, "params": {"C": 14861.501902691809, "gamma": 0.008475672225698352}, "datetime": {"datetime": "2021-09-29 07:39:45", "elapsed": 63.81421, "delta": 1.120647}}
{"target": -36.081518282221325, "params": {"C": 18731.702629792322, "gamma": 0.07887775931896616}, "datetime": {"datetime": "2021-09-29 07:39:46", "elapsed": 64.667582, "delta": 0.853372}}
{"target": -34.9099238274829, "params": {"C": 19245.268693165577, "gamma": 0.041767332983525}, "datetime": {"datetime": "2021-09-29 07:39:47", "elapsed": 65.517282, "delta": 0.8497}}
{"target": -34.58802297230408, "params": {"C": 16657.260758494915, "gamma": 0.02590250536835885}, "datetime": {"datetime": "2021-09-29 07:39:47", "elapsed": 66.350442, "delta": 0.83316}}
{"target": -35.74290131114696, "params": {"C": 15725.558849060148, "gamma": 0.07450129500896517}, "datetime": {"datetime": "2021-09-29 07:39:48", "elapsed": 67.302733, "delta": 0.952291}}
{"target": -35.06260944672642, "params": {"C": 14475.641528275297, "gamma": 0.05097685859130593}, "datetime": {"datetime": "2021-09-29 07:39:49", "elapsed": 68.311846, "delta": 1.009113}}
{"target": -35.88263315749888, "params": {"C": 19895.02627624149, "gamma": 0.006248388189066624}, "datetime": {"datetime": "2021-09-29 07:39:50", "elapsed": 69.211933, "delta": 0.900087}}
{"target": -35.773419733018244, "params": {"C": 19822.559435156363, "gamma": 0.06772717429470741}, "datetime": {"datetime": "2021-09-29 07:39:51", "elapsed": 70.132211, "delta": 0.920278}}
{"target": -35.181095050606956, "params": {"C": 15304.745153994012, "gamma": 0.05568177102059613}, "datetime": {"datetime": "2021-09-29 07:39:53", "elapsed": 71.425719, "delta": 1.293508}}
{"target": -34.61029532168105, "params": {"C": 16061.376303481771, "gamma": 0.0274974475770112}, "datetime": {"datetime": "2021-09-29 07:39:54", "elapsed": 72.608943, "delta": 1.183224}}
{"target": -35.81533183454693, "params": {"C": 15527.948181879708, "gamma": 0.07706873858595027}, "datetime": {"datetime": "2021-09-29 07:39:55", "elapsed": 73.727834, "delta": 1.118891}}
{"target": -34.59323616052378, "params": {"C": 16335.727498547341, "gamma": 0.018414450015481525}, "datetime": {"datetime": "2021-09-29 07:39:56", "elapsed": 74.696801, "delta": 0.968967}}
{"target": -35.39981032428511, "params": {"C": 19855.24387964859, "gamma": 0.05678989097115436}, "datetime": {"datetime": "2021-09-29 07:39:58", "elapsed": 76.946985, "delta": 2.250184}}
{"target": -34.90019172076565, "params": {"C": 15232.372858403036, "gamma": 0.043267472279280156}, "datetime": {"datetime": "2021-09-29 07:40:02", "elapsed": 80.82831, "delta": 3.881325}}
{"target": -34.56534879018934, "params": {"C": 19938.797706422552, "gamma": 0.02429613185199803}, "datetime": {"datetime": "2021-09-29 07:40:04", "elapsed": 83.419682, "delta": 2.591372}}
{"target": -35.233832834341236, "params": {"C": 18558.840505022716, "gamma": 0.05416862689284891}, "datetime": {"datetime": "2021-09-29 07:40:06", "elapsed": 84.837928, "delta": 1.418246}}
{"target": -35.56763304206694, "params": {"C": 17923.725810871074, "gamma": 0.06519789442610592}, "datetime": {"datetime": "2021-09-29 07:40:07", "elapsed": 86.02693, "delta": 1.189002}}
{"target": -35.7927658586239, "params": {"C": 17151.1706442074, "gamma": 0.07339400526726884}, "datetime": {"datetime": "2021-09-29 07:40:09", "elapsed": 87.610929, "delta": 1.583999}}
{"target": -34.875580969749684, "params": {"C": 19409.68051800722, "gamma": 0.04033239735665152}, "datetime": {"datetime": "2021-09-29 07:40:10", "elapsed": 89.15302, "delta": 1.542091}}
{"target": -35.262997056577575, "params": {"C": 15612.464076948192, "gamma": 0.010832528253336894}, "datetime": {"datetime": "2021-09-29 07:40:11", "elapsed": 90.24202, "delta": 1.089}}
{"target": -35.7812932009896, "params": {"C": 19638.4987410187, "gamma": 0.0682758171060925}, "datetime": {"datetime": "2021-09-29 07:40:13", "elapsed": 91.588819, "delta": 1.346799}}
{"target": -34.54129232740611, "params": {"C": 18905.78312765708, "gamma": 0.02212720429212684}, "datetime": {"datetime": "2021-09-29 07:40:14", "elapsed": 93.274822, "delta": 1.686003}}
{"target": -34.71298825651136, "params": {"C": 15691.836857793836, "gamma": 0.03392836819172721}, "datetime": {"datetime": "2021-09-29 07:40:17", "elapsed": 96.351519, "delta": 3.076697}}
{"target": -34.605673366518516, "params": {"C": 14847.734316843687, "gamma": 0.027205459623241914}, "datetime": {"datetime": "2021-09-29 07:40:20", "elapsed": 98.963519, "delta": 2.612}}
{"target": -34.68057567515723, "params": {"C": 18754.701925198708, "gamma": 0.0315715874372467}, "datetime": {"datetime": "2021-09-29 07:40:22", "elapsed": 100.530368, "delta": 1.566849}}
{"target": -34.58987024021194, "params": {"C": 15876.194460472867, "gamma": 0.019029605552274134}, "datetime": {"datetime": "2021-09-29 07:40:24", "elapsed": 102.440891, "delta": 1.910523}}
{"target": -35.213930053865205, "params": {"C": 19136.553507340563, "gamma": 0.05284975579244941}, "datetime": {"datetime": "2021-09-29 07:40:25", "elapsed": 104.028518, "delta": 1.587627}}
{"target": -34.62620881426704, "params": {"C": 14355.41831388029, "gamma": 0.02867735002327222}, "datetime": {"datetime": "2021-09-29 07:40:28", "elapsed": 106.42696, "delta": 2.398442}}
{"target": -34.59583229149182, "params": {"C": 18044.654177210952, "gamma": 0.02645105651374991}, "datetime": {"datetime": "2021-09-29 07:40:29", "elapsed": 107.910263, "delta": 1.483303}}
{"target": -35.071864541598316, "params": {"C": 19653.00141593309, "gamma": 0.04757004254317534}, "datetime": {"datetime": "2021-09-29 07:40:30", "elapsed": 109.192797, "delta": 1.282534}}
{"target": -34.73128844594625, "params": {"C": 14581.645272877618, "gamma": 0.03521003379161038}, "datetime": {"datetime": "2021-09-29 07:40:32", "elapsed": 110.430378, "delta": 1.237581}}
{"target": -35.43382848954357, "params": {"C": 15860.794636173534, "gamma": 0.06433817014829213}, "datetime": {"datetime": "2021-09-29 07:40:33", "elapsed": 111.716571, "delta": 1.286193}}
{"target": -34.58602674632708, "params": {"C": 14001.678075202713, "gamma": 0.024951874190538792}, "datetime": {"datetime": "2021-09-29 07:40:35", "elapsed": 113.49175, "delta": 1.775179}}
{"target": -35.20814067070927, "params": {"C": 17386.598340603563, "gamma": 0.054913238486607285}, "datetime": {"datetime": "2021-09-29 07:40:37", "elapsed": 115.527664, "delta": 2.035914}}
{"target": -35.40277127012921, "params": {"C": 15125.3786737427, "gamma": 0.06424778010977995}, "datetime": {"datetime": "2021-09-29 07:40:38", "elapsed": 117.0609, "delta": 1.533236}}
{"target": -35.38843375278556, "params": {"C": 19907.148172678455, "gamma": 0.05640376550917848}, "datetime": {"datetime": "2021-09-29 07:40:40", "elapsed": 118.628148, "delta": 1.567248}}
{"target": -35.007293889096935, "params": {"C": 15817.318974196272, "gamma": 0.04773011932280501}, "datetime": {"datetime": "2021-09-29 07:40:42", "elapsed": 120.502408, "delta": 1.87426}}
{"target": -35.357823747348945, "params": {"C": 17889.19837493528, "gamma": 0.00971572924767673}, "datetime": {"datetime": "2021-09-29 07:40:43", "elapsed": 121.976226, "delta": 1.473818}}
{"target": -35.24253570475444, "params": {"C": 15189.624918482097, "gamma": 0.0585710987993137}, "datetime": {"datetime": "2021-09-29 07:40:44", "elapsed": 123.398228, "delta": 1.422002}}
{"target": -36.05643359619533, "params": {"C": 18522.360542145965, "gamma": 0.07853582066758598}, "datetime": {"datetime": "2021-09-29 07:40:46", "elapsed": 125.228058, "delta": 1.82983}}
{"target": -35.5501813370929, "params": {"C": 17962.597403817752, "gamma": 0.06453698650599982}, "datetime": {"datetime": "2021-09-29 07:40:48", "elapsed": 126.585215, "delta": 1.357157}}
{"target": -34.588901655405806, "params": {"C": 15012.126904011886, "gamma": 0.02596692412458159}, "datetime": {"datetime": "2021-09-29 07:40:49", "elapsed": 128.18076, "delta": 1.595545}}
{"target": -35.43007149998937, "params": {"C": 16584.547937757376, "gamma": 0.06320490868462986}, "datetime": {"datetime": "2021-09-29 07:40:51", "elapsed": 129.771301, "delta": 1.590541}}
{"target": -35.50272909528452, "params": {"C": 15494.177390987668, "gamma": 0.06738959269553975}, "datetime": {"datetime": "2021-09-29 07:40:52", "elapsed": 131.066289, "delta": 1.294988}}
{"target": -34.73036636609243, "params": {"C": 17504.344616700662, "gamma": 0.03448989812925375}, "datetime": {"datetime": "2021-09-29 07:40:54", "elapsed": 133.041356, "delta": 1.975067}}
{"target": -35.092676266507034, "params": {"C": 16566.67927407185, "gamma": 0.05091864179060422}, "datetime": {"datetime": "2021-09-29 07:40:55", "elapsed": 134.400087, "delta": 1.358731}}
{"target": -36.09869816837366, "params": {"C": 18869.707176606076, "gamma": 0.0791272959719713}, "datetime": {"datetime": "2021-09-29 07:40:57", "elapsed": 135.911602, "delta": 1.511515}}
{"target": -35.98659478490154, "params": {"C": 18859.952035786235, "gamma": 0.005755802950707521}, "datetime": {"datetime": "2021-09-29 07:40:58", "elapsed": 137.202187, "delta": 1.290585}}
{"target": -35.04071579393177, "params": {"C": 19991.883580467158, "gamma": 0.046178874566199825}, "datetime": {"datetime": "2021-09-29 07:41:00", "elapsed": 138.611509, "delta": 1.409322}}
{"target": -34.63353272089492, "params": {"C": 17627.436565939835, "gamma": 0.016855225984906474}, "datetime": {"datetime": "2021-09-29 07:41:01", "elapsed": 140.243787, "delta": 1.632278}}
{"target": -35.628183145599984, "params": {"C": 16296.283083778337, "gamma": 0.07028751502527163}, "datetime": {"datetime": "2021-09-29 07:41:03", "elapsed": 141.595582, "delta": 1.351795}}
{"target": -34.87272934301072, "params": {"C": 17158.939861134684, "gamma": 0.0412103938842178}, "datetime": {"datetime": "2021-09-29 07:41:05", "elapsed": 143.501581, "delta": 1.905999}}
{"target": -34.833475709502906, "params": {"C": 16017.03022523955, "gamma": 0.03983558066322743}, "datetime": {"datetime": "2021-09-29 07:41:06", "elapsed": 145.098416, "delta": 1.596835}}
{"target": -35.84457742220247, "params": {"C": 18631.094028876974, "gamma": 0.006535984230848092}, "datetime": {"datetime": "2021-09-29 07:41:08", "elapsed": 146.653744, "delta": 1.555328}}
{"target": -36.14651031964184, "params": {"C": 19613.477567848855, "gamma": 0.07903856722516184}, "datetime": {"datetime": "2021-09-29 07:41:09", "elapsed": 148.222445, "delta": 1.568701}}
{"target": -35.19398563766806, "params": {"C": 16174.677664128703, "gamma": 0.011232268291834994}, "datetime": {"datetime": "2021-09-29 07:41:11", "elapsed": 149.771962, "delta": 1.549517}}
{"target": -34.574931058962676, "params": {"C": 15339.343351473086, "gamma": 0.024474058802112456}, "datetime": {"datetime": "2021-09-29 07:41:12", "elapsed": 151.332772, "delta": 1.56081}}
{"target": -35.90128963652465, "params": {"C": 15950.939551843347, "gamma": 0.07909940042272433}, "datetime": {"datetime": "2021-09-29 07:41:14", "elapsed": 152.497968, "delta": 1.165196}}
{"target": -34.63605143018253, "params": {"C": 19381.252211887568, "gamma": 0.02895367350935459}, "datetime": {"datetime": "2021-09-29 07:41:15", "elapsed": 153.883725, "delta": 1.385757}}
{"target": -34.52715172316558, "params": {"C": 19699.950613811045, "gamma": 0.01921140173969542}, "datetime": {"datetime": "2021-09-29 07:41:16", "elapsed": 155.135728, "delta": 1.252003}}
{"target": -34.54928225559642, "params": {"C": 17761.809418493936, "gamma": 0.019475854254889576}, "datetime": {"datetime": "2021-09-29 07:41:18", "elapsed": 156.898513, "delta": 1.762785}}
{"target": -35.3714406000305, "params": {"C": 18768.92268640313, "gamma": 0.05764009408795837}, "datetime": {"datetime": "2021-09-29 07:41:20", "elapsed": 158.446514, "delta": 1.548001}}
{"target": -34.535598980586016, "params": {"C": 18963.917160711666, "gamma": 0.020701146714498415}, "datetime": {"datetime": "2021-09-29 07:41:22", "elapsed": 160.76498, "delta": 2.318466}}
{"target": -34.568044920209495, "params": {"C": 15463.76429412116, "gamma": 0.023404108528090432}, "datetime": {"datetime": "2021-09-29 07:41:24", "elapsed": 162.46567, "delta": 1.70069}}
{"target": -34.56766005239673, "params": {"C": 18262.594989658566, "gamma": 0.02441562607641}, "datetime": {"datetime": "2021-09-29 07:41:25", "elapsed": 163.808604, "delta": 1.342934}}
{"target": -34.69324691226668, "params": {"C": 16398.377628437513, "gamma": 0.016405161084435925}, "datetime": {"datetime": "2021-09-29 07:41:26", "elapsed": 165.266604, "delta": 1.458}}
{"target": -36.13896582609783, "params": {"C": 19875.093120395708, "gamma": 0.07823398119155033}, "datetime": {"datetime": "2021-09-29 07:41:28", "elapsed": 166.78853, "delta": 1.521926}}
{"target": -34.83775522583631, "params": {"C": 16984.008577460252, "gamma": 0.03969621056082799}, "datetime": {"datetime": "2021-09-29 07:41:30", "elapsed": 168.608334, "delta": 1.819804}}
{"target": -34.554832668868194, "params": {"C": 16656.797320853297, "gamma": 0.02218441260422303}, "datetime": {"datetime": "2021-09-29 07:41:31", "elapsed": 170.011637, "delta": 1.403303}}
{"target": -35.35168560492467, "params": {"C": 17990.95406532304, "gamma": 0.05832719917444838}, "datetime": {"datetime": "2021-09-29 07:41:33", "elapsed": 171.739886, "delta": 1.728249}}
{"target": -34.910918273213994, "params": {"C": 14830.892195398432, "gamma": 0.04395545423299609}, "datetime": {"datetime": "2021-09-29 07:41:34", "elapsed": 173.078996, "delta": 1.33911}}
{"target": -34.559012085714826, "params": {"C": 16510.796551734926, "gamma": 0.020229683239130786}, "datetime": {"datetime": "2021-09-29 07:41:37", "elapsed": 175.525067, "delta": 2.446071}}
{"target": -34.799634743275796, "params": {"C": 16162.071360877715, "gamma": 0.038195596988638426}, "datetime": {"datetime": "2021-09-29 07:41:38", "elapsed": 177.404275, "delta": 1.879208}}
{"target": -36.4013828989288, "params": {"C": 19181.90246691822, "gamma": 0.0034107614044105233}, "datetime": {"datetime": "2021-09-29 07:41:40", "elapsed": 179.096563, "delta": 1.692288}}
{"target": -34.79747051772807, "params": {"C": 16459.385555611865, "gamma": 0.03800308942748575}, "datetime": {"datetime": "2021-09-29 07:41:42", "elapsed": 180.471561, "delta": 1.374998}}
{"target": -34.755069722042755, "params": {"C": 17625.147736406074, "gamma": 0.03569497233171077}, "datetime": {"datetime": "2021-09-29 07:41:44", "elapsed": 182.910217, "delta": 2.438656}}
{"target": -34.66443940666441, "params": {"C": 15773.130012096137, "gamma": 0.017054313426654578}, "datetime": {"datetime": "2021-09-29 07:41:46", "elapsed": 184.488844, "delta": 1.578627}}
{"target": -35.14564527532784, "params": {"C": 17320.736259335783, "gamma": 0.0524391596831833}, "datetime": {"datetime": "2021-09-29 07:41:48", "elapsed": 186.579838, "delta": 2.090994}}
{"target": -34.795013852793446, "params": {"C": 15032.997282659502, "gamma": 0.038319813018538845}, "datetime": {"datetime": "2021-09-29 07:41:50", "elapsed": 188.656904, "delta": 2.077066}}
{"target": -35.83357726907438, "params": {"C": 19899.433373419302, "gamma": 0.06927631086112576}, "datetime": {"datetime": "2021-09-29 07:41:51", "elapsed": 190.219751, "delta": 1.562847}}
{"target": -35.4314355475532, "params": {"C": 15987.190908628809, "gamma": 0.06408026793472338}, "datetime": {"datetime": "2021-09-29 07:41:53", "elapsed": 191.85184, "delta": 1.632089}}
{"target": -35.44605073919397, "params": {"C": 19136.724172145732, "gamma": 0.05919954524064385}, "datetime": {"datetime": "2021-09-29 07:41:55", "elapsed": 194.194151, "delta": 2.342311}}
{"target": -34.733680628912225, "params": {"C": 15463.774583322378, "gamma": 0.03514155603060061}, "datetime": {"datetime": "2021-09-29 07:41:57", "elapsed": 196.252884, "delta": 2.058733}}
{"target": -34.91142967132034, "params": {"C": 19699.888493932835, "gamma": 0.0415427109270407}, "datetime": {"datetime": "2021-09-29 07:42:00", "elapsed": 199.037029, "delta": 2.784145}}
{"target": -35.49250641855544, "params": {"C": 18963.85704931747, "gamma": 0.0608648064208436}, "datetime": {"datetime": "2021-09-29 07:42:03", "elapsed": 201.978254, "delta": 2.941225}}
{"target": -36.31398109985153, "params": {"C": 16801.0263401626, "gamma": 0.0038888944633325337}, "datetime": {"datetime": "2021-09-29 07:42:05", "elapsed": 204.301053, "delta": 2.322799}}
{"target": -34.54475791232809, "params": {"C": 19699.933819810576, "gamma": 0.017905052760232215}, "datetime": {"datetime": "2021-09-29 07:42:08", "elapsed": 206.895363, "delta": 2.59431}}
{"target": -34.546406378035186, "params": {"C": 18498.78621420274, "gamma": 0.01889795922924715}, "datetime": {"datetime": "2021-09-29 07:42:10", "elapsed": 208.666801, "delta": 1.771438}}
{"target": -35.28859204507388, "params": {"C": 16801.099391316162, "gamma": 0.010396598294584034}, "datetime": {"datetime": "2021-09-29 07:42:12", "elapsed": 210.808413, "delta": 2.141612}}
{"target": -34.567259286354115, "params": {"C": 15043.08770648011, "gamma": 0.02169780479626763}, "datetime": {"datetime": "2021-09-29 07:42:14", "elapsed": 213.206509, "delta": 2.398096}}
{"target": -35.08915653761528, "params": {"C": 16991.054842934762, "gamma": 0.050471233661390585}, "datetime": {"datetime": "2021-09-29 07:42:16", "elapsed": 215.395891, "delta": 2.189382}}
{"target": -34.82662720590839, "params": {"C": 15880.476189603596, "gamma": 0.039561322671944475}, "datetime": {"datetime": "2021-09-29 07:42:18", "elapsed": 217.397971, "delta": 2.00208}}
