{"target": -35.0206486374255, "params": {"C": 33326.602997018024, "gamma": 0.010191330406700201}, "datetime": {"datetime": "2021-09-29 08:56:37", "elapsed": 281.151122, "delta": 2.256779}}
{"target": -34.87129063571723, "params": {"C": 32808.19235689758, "gamma": 0.011433500186701518}, "datetime": {"datetime": "2021-09-29 08:56:38", "elapsed": 282.549121, "delta": 1.397999}}
{"target": -35.89688411139447, "params": {"C": 32371.249261839694, "gamma": 0.05477500465524543}, "datetime": {"datetime": "2021-09-29 08:56:40", "elapsed": 284.417398, "delta": 1.868277}}
{"target": -36.71584583810606, "params": {"C": 30205.283258862983, "gamma": 0.07757694022203696}, "datetime": {"datetime": "2021-09-29 08:56:41", "elapsed": 285.824617, "delta": 1.407219}}
{"target": -35.11414685771159, "params": {"C": 31385.602702307442, "gamma": 0.03981881398745069}, "datetime": {"datetime": "2021-09-29 08:56:43", "elapsed": 287.266444, "delta": 1.441827}}
{"target": -36.38230254790161, "params": {"C": 34374.177210737806, "gamma": 0.00374504518325298}, "datetime": {"datetime": "2021-09-29 08:56:44", "elapsed": 288.714778, "delta": 1.448334}}
{"target": -36.03410237075789, "params": {"C": 31672.198406337302, "gamma": 0.0051260941313629295}, "datetime": {"datetime": "2021-09-29 08:56:46", "elapsed": 290.218781, "delta": 1.504003}}
{"target": -36.75203506491048, "params": {"C": 34391.54131280186, "gamma": 0.07272659745430575}, "datetime": {"datetime": "2021-09-29 08:56:47", "elapsed": 291.546487, "delta": 1.327706}}
{"target": -36.518254242770595, "params": {"C": 30795.107052092513, "gamma": 0.0715010520727953}, "datetime": {"datetime": "2021-09-29 08:56:49", "elapsed": 293.130282, "delta": 1.583795}}
{"target": -34.534670677779964, "params": {"C": 31213.224767314852, "gamma": 0.022372225566146476}, "datetime": {"datetime": "2021-09-29 08:56:50", "elapsed": 294.633064, "delta": 1.502782}}
{"target": -36.75280117191932, "params": {"C": 30445.943688161948, "gamma": 0.07821637006777853}, "datetime": {"datetime": "2021-09-29 08:56:52", "elapsed": 296.334062, "delta": 1.700998}}
{"target": -34.69454143650453, "params": {"C": 31825.66779744979, "gamma": 0.02898022225151674}, "datetime": {"datetime": "2021-09-29 08:56:53", "elapsed": 297.840435, "delta": 1.506373}}
{"target": -34.48396876670075, "params": {"C": 31774.93694093224, "gamma": 0.018596362131879682}, "datetime": {"datetime": "2021-09-29 08:56:55", "elapsed": 299.350438, "delta": 1.510003}}
{"target": -36.973722837273854, "params": {"C": 34086.79066822927, "gamma": 0.07843733943832659}, "datetime": {"datetime": "2021-09-29 08:56:57", "elapsed": 301.428746, "delta": 2.078308}}
{"target": -36.64589946402127, "params": {"C": 33967.4675730643, "gamma": 0.07086264540870145}, "datetime": {"datetime": "2021-09-29 08:56:59", "elapsed": 302.994475, "delta": 1.565729}}
{"target": -35.066248431689026, "params": {"C": 34807.552296534646, "gamma": 0.009737236793179975}, "datetime": {"datetime": "2021-09-29 08:57:00", "elapsed": 304.525472, "delta": 1.530997}}
{"target": -34.58316336242512, "params": {"C": 30333.5500849659, "gamma": 0.02513784669936845}, "datetime": {"datetime": "2021-09-29 08:57:02", "elapsed": 306.091946, "delta": 1.566474}}
{"target": -35.82720690991129, "params": {"C": 34592.65140159965, "gamma": 0.051517132847281245}, "datetime": {"datetime": "2021-09-29 08:57:03", "elapsed": 307.52036, "delta": 1.428414}}
{"target": -35.64792542819074, "params": {"C": 34636.896802005365, "gamma": 0.04797869935670142}, "datetime": {"datetime": "2021-09-29 08:57:05", "elapsed": 308.979569, "delta": 1.459209}}
{"target": -36.14015892074979, "params": {"C": 34204.360804861164, "gamma": 0.0585768287548351}, "datetime": {"datetime": "2021-09-29 08:57:06", "elapsed": 310.535563, "delta": 1.555994}}
{"target": -35.004883039398656, "params": {"C": 31087.721197223444, "gamma": 0.03735103776572256}, "datetime": {"datetime": "2021-09-29 08:57:08", "elapsed": 312.131857, "delta": 1.596294}}
{"target": -34.48679710712396, "params": {"C": 31307.653433474632, "gamma": 0.018807479783864885}, "datetime": {"datetime": "2021-09-29 08:57:10", "elapsed": 314.109435, "delta": 1.977578}}
{"target": -34.545359944825925, "params": {"C": 34667.363462092406, "gamma": 0.022882393138167315}, "datetime": {"datetime": "2021-09-29 08:57:11", "elapsed": 315.583957, "delta": 1.474522}}
{"target": -35.9434962345191, "params": {"C": 31188.521731267007, "gamma": 0.05691417582728951}, "datetime": {"datetime": "2021-09-29 08:57:13", "elapsed": 317.088934, "delta": 1.504977}}
{"target": -34.49327827457117, "params": {"C": 33461.17102712537, "gamma": 0.019536596842821382}, "datetime": {"datetime": "2021-09-29 08:57:14", "elapsed": 318.59593, "delta": 1.506996}}
{"target": -36.512202020631875, "params": {"C": 30832.700099788384, "gamma": 0.07130234504265597}, "datetime": {"datetime": "2021-09-29 08:57:16", "elapsed": 320.404855, "delta": 1.808925}}
{"target": -36.432193576281286, "params": {"C": 34127.98376217193, "gamma": 0.003568402713335681}, "datetime": {"datetime": "2021-09-29 08:57:18", "elapsed": 322.286216, "delta": 1.881361}}
{"target": -34.51356141079924, "params": {"C": 33277.40900449132, "gamma": 0.02101649381285336}, "datetime": {"datetime": "2021-09-29 08:57:20", "elapsed": 323.865884, "delta": 1.579668}}
{"target": -34.61595728272335, "params": {"C": 32066.2051911969, "gamma": 0.02608541609767129}, "datetime": {"datetime": "2021-09-29 08:57:21", "elapsed": 325.444504, "delta": 1.57862}}
{"target": -35.6758237950087, "params": {"C": 30153.667162294245, "gamma": 0.05202711853748579}, "datetime": {"datetime": "2021-09-29 08:57:23", "elapsed": 326.999474, "delta": 1.55497}}
{"target": -35.81923385247662, "params": {"C": 32805.32028364607, "gamma": 0.05277152715102067}, "datetime": {"datetime": "2021-09-29 08:57:25", "elapsed": 329.214018, "delta": 2.214544}}
{"target": -36.80503815056979, "params": {"C": 34004.720622060406, "gamma": 0.0744614864594455}, "datetime": {"datetime": "2021-09-29 08:57:26", "elapsed": 330.724019, "delta": 1.510001}}
{"target": -36.225456065893624, "params": {"C": 30928.815585744094, "gamma": 0.004366587496696718}, "datetime": {"datetime": "2021-09-29 08:57:28", "elapsed": 332.202072, "delta": 1.478053}}
{"target": -34.48664882488071, "params": {"C": 32789.07528519744, "gamma": 0.018934241393506638}, "datetime": {"datetime": "2021-09-29 08:57:29", "elapsed": 333.775455, "delta": 1.573383}}
{"target": -34.69451097711409, "params": {"C": 31826.86468230715, "gamma": 0.028978871467720598}, "datetime": {"datetime": "2021-09-29 08:57:31", "elapsed": 335.359186, "delta": 1.583731}}
{"target": -36.06697558794195, "params": {"C": 34954.809626354996, "gamma": 0.004930783047367717}, "datetime": {"datetime": "2021-09-29 08:57:33", "elapsed": 336.917494, "delta": 1.558308}}
{"target": -35.09078338805044, "params": {"C": 30717.09968809823, "gamma": 0.03962505548338026}, "datetime": {"datetime": "2021-09-29 08:57:34", "elapsed": 338.784493, "delta": 1.866999}}
{"target": -35.85826074524563, "params": {"C": 34511.95292464148, "gamma": 0.05219510808400566}, "datetime": {"datetime": "2021-09-29 08:57:37", "elapsed": 340.966171, "delta": 2.181678}}
{"target": -34.73814104834913, "params": {"C": 30247.95036043478, "gamma": 0.030905037343024768}, "datetime": {"datetime": "2021-09-29 08:57:38", "elapsed": 342.525883, "delta": 1.559712}}
{"target": -34.7482568528228, "params": {"C": 30084.253383375923, "gamma": 0.031300627301212296}, "datetime": {"datetime": "2021-09-29 08:57:40", "elapsed": 344.060136, "delta": 1.534253}}
{"target": -36.95868901216957, "params": {"C": 33272.49813594378, "gamma": 0.0792510969490884}, "datetime": {"datetime": "2021-09-29 08:57:42", "elapsed": 346.422341, "delta": 2.362205}}
{"target": -35.41130120256861, "params": {"C": 32005.01704915404, "gamma": 0.045196507061384575}, "datetime": {"datetime": "2021-09-29 08:57:44", "elapsed": 348.550173, "delta": 2.127832}}
{"target": -35.3741137233058, "params": {"C": 31547.70278736148, "gamma": 0.008104177986901166}, "datetime": {"datetime": "2021-09-29 08:57:46", "elapsed": 350.191901, "delta": 1.641728}}
{"target": -36.59291580640706, "params": {"C": 30002.26265173114, "gamma": 0.07448112453932638}, "datetime": {"datetime": "2021-09-29 08:57:47", "elapsed": 351.791885, "delta": 1.599984}}
{"target": -36.1480944857441, "params": {"C": 31743.56148532877, "gamma": 0.061285839954454684}, "datetime": {"datetime": "2021-09-29 08:57:49", "elapsed": 353.444377, "delta": 1.652492}}
{"target": -34.83151158078191, "params": {"C": 30692.416317142062, "gamma": 0.0334108092226038}, "datetime": {"datetime": "2021-09-29 08:57:51", "elapsed": 355.016789, "delta": 1.572412}}
{"target": -36.33054695816944, "params": {"C": 31323.880674618154, "gamma": 0.003949528417117428}, "datetime": {"datetime": "2021-09-29 08:57:53", "elapsed": 357.544942, "delta": 2.528153}}
{"target": -36.58177754480478, "params": {"C": 31699.808411948834, "gamma": 0.0719850338536863}, "datetime": {"datetime": "2021-09-29 08:57:55", "elapsed": 359.281259, "delta": 1.736317}}
{"target": -34.48132552634294, "params": {"C": 34525.58399019961, "gamma": 0.016176525204533033}, "datetime": {"datetime": "2021-09-29 08:57:57", "elapsed": 360.879087, "delta": 1.597828}}
{"target": -34.742662578396946, "params": {"C": 32921.346831949646, "gamma": 0.030333419848021608}, "datetime": {"datetime": "2021-09-29 08:57:58", "elapsed": 362.592403, "delta": 1.713316}}
{"target": -35.05426439089142, "params": {"C": 30351.660331585368, "gamma": 0.03893641177448632}, "datetime": {"datetime": "2021-09-29 08:58:00", "elapsed": 364.212663, "delta": 1.62026}}
{"target": -35.44299229722398, "params": {"C": 33270.726597283625, "gamma": 0.04496527661721822}, "datetime": {"datetime": "2021-09-29 08:58:01", "elapsed": 365.68342, "delta": 1.470757}}
{"target": -35.51073583749586, "params": {"C": 34996.48639988056, "gamma": 0.045137874730061874}, "datetime": {"datetime": "2021-09-29 08:58:03", "elapsed": 367.369493, "delta": 1.686073}}
{"target": -35.349643456933194, "params": {"C": 32092.335340885387, "gamma": 0.008181570721333159}, "datetime": {"datetime": "2021-09-29 08:58:05", "elapsed": 369.326024, "delta": 1.956531}}
{"target": -35.38072324702039, "params": {"C": 31116.108620665604, "gamma": 0.008105086179466786}, "datetime": {"datetime": "2021-09-29 08:58:07", "elapsed": 371.484897, "delta": 2.158873}}
{"target": -36.316824284342694, "params": {"C": 31637.084914903036, "gamma": 0.004003385778881168}, "datetime": {"datetime": "2021-09-29 08:58:09", "elapsed": 373.186098, "delta": 1.701201}}
{"target": -34.4773754530359, "params": {"C": 33748.98032570361, "gamma": 0.018187384704851893}, "datetime": {"datetime": "2021-09-29 08:58:11", "elapsed": 375.481705, "delta": 2.295607}}
{"target": -34.86386734844648, "params": {"C": 33888.49178781485, "gamma": 0.011387028641679012}, "datetime": {"datetime": "2021-09-29 08:58:13", "elapsed": 377.239198, "delta": 1.757493}}
{"target": -34.868622119876605, "params": {"C": 30265.136881642607, "gamma": 0.034502969916036144}, "datetime": {"datetime": "2021-09-29 08:58:15", "elapsed": 378.9182, "delta": 1.679002}}
{"target": -34.4875281892184, "params": {"C": 34433.65451296428, "gamma": 0.01913696116564285}, "datetime": {"datetime": "2021-09-29 08:58:17", "elapsed": 380.888654, "delta": 1.970454}}
{"target": -34.74316670743347, "params": {"C": 31998.645733917787, "gamma": 0.030592866022133586}, "datetime": {"datetime": "2021-09-29 08:58:19", "elapsed": 383.673993, "delta": 2.785339}}
{"target": -34.513582290894426, "params": {"C": 31826.860411592796, "gamma": 0.020976924141676578}, "datetime": {"datetime": "2021-09-29 08:58:21", "elapsed": 385.465238, "delta": 1.791245}}
{"target": -35.08228689694506, "params": {"C": 30866.395006899093, "gamma": 0.039332240239926035}, "datetime": {"datetime": "2021-09-29 08:58:23", "elapsed": 387.154225, "delta": 1.688987}}
{"target": -34.94038402347076, "params": {"C": 31438.865332471723, "gamma": 0.03564204542307486}, "datetime": {"datetime": "2021-09-29 08:58:25", "elapsed": 389.088958, "delta": 1.934733}}
{"target": -35.78639277905273, "params": {"C": 30573.62562302356, "gamma": 0.05402230118091997}, "datetime": {"datetime": "2021-09-29 08:58:26", "elapsed": 390.721965, "delta": 1.633007}}
{"target": -34.87176983323794, "params": {"C": 31116.133408149144, "gamma": 0.0341663869134484}, "datetime": {"datetime": "2021-09-29 08:58:29", "elapsed": 392.986728, "delta": 2.264763}}
{"target": -35.78951065165035, "params": {"C": 32056.32258636869, "gamma": 0.05278664407183307}, "datetime": {"datetime": "2021-09-29 08:58:31", "elapsed": 394.866982, "delta": 1.880254}}
{"target": -35.357045824772634, "params": {"C": 30869.231887235233, "gamma": 0.04493135885838868}, "datetime": {"datetime": "2021-09-29 08:58:33", "elapsed": 397.309389, "delta": 2.442407}}
{"target": -36.444093573277215, "params": {"C": 32907.51537755881, "gamma": 0.06721249892319063}, "datetime": {"datetime": "2021-09-29 08:58:35", "elapsed": 398.987213, "delta": 1.677824}}
{"target": -34.538596058903025, "params": {"C": 32213.980122953973, "gamma": 0.02260756445266015}, "datetime": {"datetime": "2021-09-29 08:58:37", "elapsed": 401.468727, "delta": 2.481514}}
{"target": -36.17593195074061, "params": {"C": 33136.59583340015, "gamma": 0.06050466663156993}, "datetime": {"datetime": "2021-09-29 08:58:39", "elapsed": 403.212545, "delta": 1.743818}}
{"target": -34.750773178636955, "params": {"C": 31323.869539711613, "gamma": 0.03103235906244642}, "datetime": {"datetime": "2021-09-29 08:58:41", "elapsed": 405.369583, "delta": 2.157038}}
{"target": -34.72944056113751, "params": {"C": 32492.512472312937, "gamma": 0.030004509729947528}, "datetime": {"datetime": "2021-09-29 08:58:45", "elapsed": 409.532922, "delta": 4.163339}}
{"target": -35.151661740151326, "params": {"C": 32446.91094802703, "gamma": 0.040122224453970796}, "datetime": {"datetime": "2021-09-29 08:58:48", "elapsed": 412.095916, "delta": 2.562994}}
{"target": -36.822413304483895, "params": {"C": 31374.498941638965, "gamma": 0.07868445450986032}, "datetime": {"datetime": "2021-09-29 08:58:50", "elapsed": 414.05217, "delta": 1.956254}}
{"target": -34.989541919345626, "params": {"C": 32215.726048318877, "gamma": 0.010527713505324842}, "datetime": {"datetime": "2021-09-29 08:58:52", "elapsed": 415.905925, "delta": 1.853755}}
{"target": -35.66512650299973, "params": {"C": 31477.631448737928, "gamma": 0.00674542311524656}, "datetime": {"datetime": "2021-09-29 08:58:54", "elapsed": 418.492341, "delta": 2.586416}}
{"target": -34.96766009506297, "params": {"C": 30115.578710263173, "gamma": 0.036971077013063854}, "datetime": {"datetime": "2021-09-29 08:58:56", "elapsed": 420.266505, "delta": 1.774164}}
{"target": -34.608040851270836, "params": {"C": 31854.829414967026, "gamma": 0.02582561031990005}, "datetime": {"datetime": "2021-09-29 08:58:58", "elapsed": 422.146299, "delta": 1.879794}}
{"target": -35.021611714163846, "params": {"C": 32092.340004879312, "gamma": 0.03723378150264278}, "datetime": {"datetime": "2021-09-29 08:59:01", "elapsed": 425.390727, "delta": 3.244428}}
{"target": -34.62376531587673, "params": {"C": 30712.305362688763, "gamma": 0.02665934683293608}, "datetime": {"datetime": "2021-09-29 08:59:04", "elapsed": 428.026039, "delta": 2.635312}}
{"target": -34.48809806418931, "params": {"C": 33700.32807511186, "gamma": 0.019131288002568442}, "datetime": {"datetime": "2021-09-29 08:59:07", "elapsed": 430.958963, "delta": 2.932924}}
{"target": -34.56517802756409, "params": {"C": 32503.463484956283, "gamma": 0.024021395354501058}, "datetime": {"datetime": "2021-09-29 08:59:09", "elapsed": 433.792116, "delta": 2.833153}}
{"target": -34.69275124504223, "params": {"C": 32596.239292836442, "gamma": 0.013256139120889968}, "datetime": {"datetime": "2021-09-29 08:59:11", "elapsed": 435.614305, "delta": 1.822189}}
{"target": -34.60693926373245, "params": {"C": 31477.58898973916, "gamma": 0.014384181235086821}, "datetime": {"datetime": "2021-09-29 08:59:14", "elapsed": 438.746753, "delta": 3.132448}}
{"target": -35.89250595367481, "params": {"C": 31323.844611863577, "gamma": 0.0057462803487283816}, "datetime": {"datetime": "2021-09-29 08:59:17", "elapsed": 440.981534, "delta": 2.234781}}
{"target": -34.78244385080609, "params": {"C": 31763.564846413632, "gamma": 0.031788087185341735}, "datetime": {"datetime": "2021-09-29 08:59:19", "elapsed": 443.144304, "delta": 2.16277}}
{"target": -36.63690456467704, "params": {"C": 31662.749979858272, "gamma": 0.07345470837885522}, "datetime": {"datetime": "2021-09-29 08:59:21", "elapsed": 445.084674, "delta": 1.94037}}
{"target": -34.60140790694021, "params": {"C": 30041.503885096965, "gamma": 0.02592867119581696}, "datetime": {"datetime": "2021-09-29 08:59:23", "elapsed": 446.975453, "delta": 1.890779}}
{"target": -34.65393301482631, "params": {"C": 30283.310790348514, "gamma": 0.013983581684125914}, "datetime": {"datetime": "2021-09-29 08:59:26", "elapsed": 450.433209, "delta": 3.457756}}
{"target": -36.768784855439016, "params": {"C": 31468.62995044252, "gamma": 0.07714603669957519}, "datetime": {"datetime": "2021-09-29 08:59:28", "elapsed": 452.459977, "delta": 2.026768}}
{"target": -35.21660641255004, "params": {"C": 34136.59295337768, "gamma": 0.04043125907185483}, "datetime": {"datetime": "2021-09-29 08:59:31", "elapsed": 455.577281, "delta": 3.117304}}
{"target": -34.61108744585502, "params": {"C": 33973.226301023875, "gamma": 0.02554245135628548}, "datetime": {"datetime": "2021-09-29 08:59:33", "elapsed": 457.505966, "delta": 1.928685}}
{"target": -34.533089600177206, "params": {"C": 31837.765229953213, "gamma": 0.022272402961532586}, "datetime": {"datetime": "2021-09-29 08:59:35", "elapsed": 459.559177, "delta": 2.053211}}
{"target": -34.717178631362955, "params": {"C": 33461.156068307115, "gamma": 0.029355089377051478}, "datetime": {"datetime": "2021-09-29 08:59:39", "elapsed": 463.418488, "delta": 3.859311}}
{"target": -34.980239396467105, "params": {"C": 31213.207772658192, "gamma": 0.03670606534702617}, "datetime": {"datetime": "2021-09-29 08:59:41", "elapsed": 465.832535, "delta": 2.414047}}
{"target": -34.62534246833597, "params": {"C": 30705.39349782447, "gamma": 0.026720984419486914}, "datetime": {"datetime": "2021-09-29 08:59:43", "elapsed": 467.707483, "delta": 1.874948}}
{"target": -35.35433117809048, "params": {"C": 33461.180607732225, "gamma": 0.04322340929705136}, "datetime": {"datetime": "2021-09-29 08:59:46", "elapsed": 470.279143, "delta": 2.57166}}
{"target": -34.99746098251854, "params": {"C": 30283.336157348567, "gamma": 0.0375967011629956}, "datetime": {"datetime": "2021-09-29 08:59:48", "elapsed": 472.826235, "delta": 2.547092}}
{"target": -34.83321718762102, "params": {"C": 34525.58874504366, "gamma": 0.03181954194199021}, "datetime": {"datetime": "2021-09-29 08:59:51", "elapsed": 475.707381, "delta": 2.881146}}
{"target": -35.55385025636581, "params": {"C": 33776.43633819501, "gamma": 0.046732945591134535}, "datetime": {"datetime": "2021-09-29 08:59:53", "elapsed": 477.774854, "delta": 2.067473}}
{"target": -35.59127681737115, "params": {"C": 32092.30738327257, "gamma": 0.04866356505347633}, "datetime": {"datetime": "2021-09-29 08:59:57", "elapsed": 481.44136, "delta": 3.666506}}
{"target": -34.60766425391142, "params": {"C": 30613.070360756352, "gamma": 0.026058295770440755}, "datetime": {"datetime": "2021-09-29 08:59:59", "elapsed": 483.592666, "delta": 2.151306}}
{"target": -34.536526181796, "params": {"C": 33818.92018817492, "gamma": 0.0224603605020181}, "datetime": {"datetime": "2021-09-29 09:00:02", "elapsed": 486.36686, "delta": 2.774194}}
{"target": -36.46608875164972, "params": {"C": 31582.750534204148, "gamma": 0.06927508243396777}, "datetime": {"datetime": "2021-09-29 09:00:04", "elapsed": 488.310381, "delta": 1.943521}}
{"target": -34.94120495248011, "params": {"C": 30836.250709499313, "gamma": 0.01105054088870389}, "datetime": {"datetime": "2021-09-29 09:00:06", "elapsed": 490.40489, "delta": 2.094509}}
{"target": -34.532253289824475, "params": {"C": 31563.472434314503, "gamma": 0.015548155093668577}, "datetime": {"datetime": "2021-09-29 09:00:09", "elapsed": 493.545061, "delta": 3.140171}}
{"target": -36.549813561130186, "params": {"C": 32020.244499688626, "gamma": 0.0707975719903404}, "datetime": {"datetime": "2021-09-29 09:00:11", "elapsed": 495.599822, "delta": 2.054761}}
{"target": -35.2628824547957, "params": {"C": 30705.37208485316, "gamma": 0.043269352287094665}, "datetime": {"datetime": "2021-09-29 09:00:16", "elapsed": 500.431801, "delta": 4.831979}}
{"target": -35.24027021075192, "params": {"C": 33167.360246957105, "gamma": 0.00867287960507428}, "datetime": {"datetime": "2021-09-29 09:00:18", "elapsed": 502.541808, "delta": 2.110007}}
{"target": -34.624169436452426, "params": {"C": 34629.614535228626, "gamma": 0.02589987202090021}, "datetime": {"datetime": "2021-09-29 09:00:20", "elapsed": 504.684032, "delta": 2.142224}}
{"target": -34.90134920776286, "params": {"C": 32596.19835518393, "gamma": 0.034172573451596085}, "datetime": {"datetime": "2021-09-29 09:00:23", "elapsed": 507.622527, "delta": 2.938495}}
{"target": -34.76618745547465, "params": {"C": 30404.832634811228, "gamma": 0.03181746224095463}, "datetime": {"datetime": "2021-09-29 09:00:25", "elapsed": 509.775296, "delta": 2.152769}}
{"target": -35.05622548729408, "params": {"C": 34246.25992048713, "gamma": 0.036988996400087695}, "datetime": {"datetime": "2021-09-29 09:00:28", "elapsed": 511.890052, "delta": 2.114756}}
{"target": -35.519492364880705, "params": {"C": 31913.67700423657, "gamma": 0.04735486710875459}, "datetime": {"datetime": "2021-09-29 09:00:31", "elapsed": 515.426221, "delta": 3.536169}}
{"target": -34.681966408966474, "params": {"C": 30333.575228101425, "gamma": 0.028903056647766833}, "datetime": {"datetime": "2021-09-29 09:00:34", "elapsed": 518.500729, "delta": 3.074508}}
