{"target": -35.83724896390122, "params": {"C": 22577.154797461713, "gamma": 0.06760352289278333}, "datetime": {"datetime": "2021-09-29 08:21:09", "elapsed": 1083.995365, "delta": 4.293909}}
{"target": -34.363575820628064, "params": {"C": 23538.28970794384, "gamma": 0.02197725581380896}, "datetime": {"datetime": "2021-09-29 08:21:14", "elapsed": 1088.894501, "delta": 4.899136}}
{"target": -35.91023657399558, "params": {"C": 22577.137206082065, "gamma": 0.0050950315134795175}, "datetime": {"datetime": "2021-09-29 08:21:18", "elapsed": 1092.980534, "delta": 4.086033}}
{"target": -34.99806350085139, "params": {"C": 22170.954828227328, "gamma": 0.04546155104689986}, "datetime": {"datetime": "2021-09-29 08:21:22", "elapsed": 1097.286374, "delta": 4.30584}}
{"target": -35.1292364018687, "params": {"C": 23941.7975815727, "gamma": 0.04755636573973531}, "datetime": {"datetime": "2021-09-29 08:21:25", "elapsed": 1099.910469, "delta": 2.624095}}
{"target": -35.6406519966563, "params": {"C": 19117.5356551203, "gamma": 0.06598187568046528}, "datetime": {"datetime": "2021-09-29 08:21:28", "elapsed": 1103.402023, "delta": 3.491554}}
{"target": -34.33232921578828, "params": {"C": 21092.65656139113, "gamma": 0.021169733263460458}, "datetime": {"datetime": "2021-09-29 08:21:32", "elapsed": 1107.730236, "delta": 4.328213}}
{"target": -35.36399857930736, "params": {"C": 23775.795258507213, "gamma": 0.05357561969527283}, "datetime": {"datetime": "2021-09-29 08:21:36", "elapsed": 1111.426803, "delta": 3.696567}}
{"target": -34.65468883485041, "params": {"C": 20153.39638348767, "gamma": 0.036242545496617026}, "datetime": {"datetime": "2021-09-29 08:21:41", "elapsed": 1116.181588, "delta": 4.754785}}
{"target": -35.43627342723655, "params": {"C": 19467.96030569397, "gamma": 0.007138837855239735}, "datetime": {"datetime": "2021-09-29 08:21:46", "elapsed": 1120.942559, "delta": 4.760971}}
{"target": -34.628058420193966, "params": {"C": 19792.557589945714, "gamma": 0.011281908525909913}, "datetime": {"datetime": "2021-09-29 08:21:51", "elapsed": 1126.499212, "delta": 5.556653}}
{"target": -34.67621679818107, "params": {"C": 19272.35348552682, "gamma": 0.03773013341042059}, "datetime": {"datetime": "2021-09-29 08:21:55", "elapsed": 1130.262272, "delta": 3.76306}}
{"target": -34.41528390901586, "params": {"C": 21691.453131444436, "gamma": 0.013184907689264273}, "datetime": {"datetime": "2021-09-29 08:21:58", "elapsed": 1133.677109, "delta": 3.414837}}
{"target": -34.29577581446636, "params": {"C": 22822.31906071423, "gamma": 0.018578989458679352}, "datetime": {"datetime": "2021-09-29 08:22:01", "elapsed": 1136.139282, "delta": 2.462173}}
{"target": -34.824008417971555, "params": {"C": 20146.292492606834, "gamma": 0.042160313778156176}, "datetime": {"datetime": "2021-09-29 08:22:04", "elapsed": 1139.638447, "delta": 3.499165}}
{"target": -35.36997573403682, "params": {"C": 22333.919090140254, "gamma": 0.05494665158833027}, "datetime": {"datetime": "2021-09-29 08:22:13", "elapsed": 1147.808718, "delta": 8.170271}}
{"target": -34.84746168353839, "params": {"C": 24591.67443249854, "gamma": 0.040026646349027105}, "datetime": {"datetime": "2021-09-29 08:22:16", "elapsed": 1151.608639, "delta": 3.799921}}
{"target": -35.54400105550635, "params": {"C": 23775.8312116239, "gamma": 0.006103156237072596}, "datetime": {"datetime": "2021-09-29 08:22:21", "elapsed": 1155.983172, "delta": 4.374533}}
{"target": -34.770368506821384, "params": {"C": 24796.48734023305, "gamma": 0.009081019172141274}, "datetime": {"datetime": "2021-09-29 08:22:24", "elapsed": 1159.681644, "delta": 3.698472}}
{"target": -35.2233754741151, "params": {"C": 20199.53264966586, "gamma": 0.05295547143113522}, "datetime": {"datetime": "2021-09-29 08:22:27", "elapsed": 1162.472318, "delta": 2.790674}}
{"target": -35.10817647354204, "params": {"C": 22358.14899831991, "gamma": 0.008018878750925051}, "datetime": {"datetime": "2021-09-29 08:22:31", "elapsed": 1166.231096, "delta": 3.758778}}
{"target": -34.638423451660756, "params": {"C": 23954.82988223361, "gamma": 0.010111775810696399}, "datetime": {"datetime": "2021-09-29 08:22:34", "elapsed": 1168.845131, "delta": 2.614035}}
{"target": -34.501880746969995, "params": {"C": 22409.592645812692, "gamma": 0.02865259212551439}, "datetime": {"datetime": "2021-09-29 08:22:37", "elapsed": 1172.532746, "delta": 3.687615}}
{"target": -35.33130163606332, "params": {"C": 20073.532848552393, "gamma": 0.007466031438326314}, "datetime": {"datetime": "2021-09-29 08:22:41", "elapsed": 1176.042426, "delta": 3.50968}}
{"target": -35.13617601075334, "params": {"C": 19467.882289748097, "gamma": 0.008455284636540562}, "datetime": {"datetime": "2021-09-29 08:22:45", "elapsed": 1180.574686, "delta": 4.53226}}
{"target": -34.878663520262386, "params": {"C": 23905.049894606032, "gamma": 0.04126221579399595}, "datetime": {"datetime": "2021-09-29 08:22:48", "elapsed": 1183.365445, "delta": 2.790759}}
{"target": -34.5753462987137, "params": {"C": 19147.757906029525, "gamma": 0.03329257517410207}, "datetime": {"datetime": "2021-09-29 08:22:53", "elapsed": 1188.105372, "delta": 4.739927}}
{"target": -34.72729874941454, "params": {"C": 22303.02047265039, "gamma": 0.009799016783152086}, "datetime": {"datetime": "2021-09-29 08:22:59", "elapsed": 1194.293043, "delta": 6.187671}}
{"target": -34.77637217872102, "params": {"C": 20047.276212129495, "gamma": 0.010083857699801673}, "datetime": {"datetime": "2021-09-29 08:23:05", "elapsed": 1200.422801, "delta": 6.129758}}
{"target": -34.41897170251767, "params": {"C": 20668.536385564028, "gamma": 0.025491831508701185}, "datetime": {"datetime": "2021-09-29 08:23:11", "elapsed": 1205.781049, "delta": 5.358248}}
{"target": -36.93751014983949, "params": {"C": 24966.750677997363, "gamma": 0.09984895411023116}, "datetime": {"datetime": "2021-09-29 08:23:13", "elapsed": 1208.65846, "delta": 2.877411}}
{"target": -34.4188314707723, "params": {"C": 19496.844180003936, "gamma": 0.02590879778566287}, "datetime": {"datetime": "2021-09-29 08:23:17", "elapsed": 1212.176061, "delta": 3.517601}}
{"target": -35.242885079550874, "params": {"C": 19145.274118744186, "gamma": 0.00803453869205217}, "datetime": {"datetime": "2021-09-29 08:23:21", "elapsed": 1216.269812, "delta": 4.093751}}
{"target": -35.93189905158362, "params": {"C": 21922.46260663894, "gamma": 0.07127595201337697}, "datetime": {"datetime": "2021-09-29 08:23:24", "elapsed": 1218.944198, "delta": 2.674386}}
{"target": -34.975208648380395, "params": {"C": 23002.620467796067, "gamma": 0.04432294585989149}, "datetime": {"datetime": "2021-09-29 08:23:28", "elapsed": 1222.943454, "delta": 3.999256}}
{"target": -36.320790613182794, "params": {"C": 23936.698084648648, "gamma": 0.08050392993599834}, "datetime": {"datetime": "2021-09-29 08:23:31", "elapsed": 1225.804531, "delta": 2.861077}}
{"target": -34.60134253553462, "params": {"C": 23341.036174081095, "gamma": 0.0323544011046312}, "datetime": {"datetime": "2021-09-29 08:23:34", "elapsed": 1229.669622, "delta": 3.865091}}
{"target": -34.58614531945021, "params": {"C": 22051.288869406202, "gamma": 0.011014479142772999}, "datetime": {"datetime": "2021-09-29 08:23:38", "elapsed": 1233.668708, "delta": 3.999086}}
{"target": -34.635277202694205, "params": {"C": 19792.619939947006, "gamma": 0.035574955795395734}, "datetime": {"datetime": "2021-09-29 08:23:43", "elapsed": 1237.984226, "delta": 4.315518}}
{"target": -34.596411149487885, "params": {"C": 20462.088945048516, "gamma": 0.03350560840376842}, "datetime": {"datetime": "2021-09-29 08:23:47", "elapsed": 1242.576474, "delta": 4.592248}}
{"target": -34.98751044355972, "params": {"C": 22412.594153956674, "gamma": 0.04502601091178974}, "datetime": {"datetime": "2021-09-29 08:23:53", "elapsed": 1248.445868, "delta": 5.869394}}
{"target": -34.98982035738672, "params": {"C": 21092.66750529384, "gamma": 0.046013507778658404}, "datetime": {"datetime": "2021-09-29 08:23:56", "elapsed": 1251.619287, "delta": 3.173419}}
{"target": -34.39843408152513, "params": {"C": 22717.902389571107, "gamma": 0.013104817979620632}, "datetime": {"datetime": "2021-09-29 08:24:06", "elapsed": 1261.721738, "delta": 10.102451}}
{"target": -35.69131141912486, "params": {"C": 23098.246377118834, "gamma": 0.06286091583073933}, "datetime": {"datetime": "2021-09-29 08:24:12", "elapsed": 1267.205601, "delta": 5.483863}}
{"target": -34.555878669598755, "params": {"C": 21904.913517318197, "gamma": 0.031084479804548176}, "datetime": {"datetime": "2021-09-29 08:24:15", "elapsed": 1270.279465, "delta": 3.073864}}
{"target": -34.87385408467427, "params": {"C": 21961.223886540865, "gamma": 0.009154667493038235}, "datetime": {"datetime": "2021-09-29 08:24:20", "elapsed": 1275.165707, "delta": 4.886242}}
{"target": -34.991646677333044, "params": {"C": 22143.482536860887, "gamma": 0.008572960110427859}, "datetime": {"datetime": "2021-09-29 08:24:25", "elapsed": 1280.156859, "delta": 4.991152}}
{"target": -34.6271708359469, "params": {"C": 23585.473154538413, "gamma": 0.033342347728295404}, "datetime": {"datetime": "2021-09-29 08:24:29", "elapsed": 1284.079444, "delta": 3.922585}}
{"target": -36.81385509620998, "params": {"C": 24168.82485545527, "gamma": 0.09725112584848424}, "datetime": {"datetime": "2021-09-29 08:24:32", "elapsed": 1286.849202, "delta": 2.769758}}
{"target": -35.55609205846846, "params": {"C": 22577.095308021628, "gamma": 0.05967975511153654}, "datetime": {"datetime": "2021-09-29 08:24:36", "elapsed": 1291.432772, "delta": 4.58357}}
{"target": -34.64877665302843, "params": {"C": 20073.495187201686, "gamma": 0.03602183031743157}, "datetime": {"datetime": "2021-09-29 08:24:41", "elapsed": 1296.130279, "delta": 4.697507}}
{"target": -34.562335494765435, "params": {"C": 24182.667405468324, "gamma": 0.030384578058494455}, "datetime": {"datetime": "2021-09-29 08:24:47", "elapsed": 1302.417177, "delta": 6.286898}}
{"target": -35.5410984052909, "params": {"C": 22713.178387941487, "gamma": 0.0062511178359941875}, "datetime": {"datetime": "2021-09-29 08:24:52", "elapsed": 1306.98425, "delta": 4.567073}}
{"target": -34.9975738652017, "params": {"C": 20073.623679478893, "gamma": 0.04699092772119029}, "datetime": {"datetime": "2021-09-29 08:24:56", "elapsed": 1311.456543, "delta": 4.472293}}
{"target": -35.34975519708521, "params": {"C": 21222.55913813491, "gamma": 0.055415951741824156}, "datetime": {"datetime": "2021-09-29 08:25:00", "elapsed": 1315.323699, "delta": 3.867156}}
{"target": -34.95712026392978, "params": {"C": 22713.14255967358, "gamma": 0.008619938612142945}, "datetime": {"datetime": "2021-09-29 08:25:06", "elapsed": 1321.133173, "delta": 5.809474}}
{"target": -34.92041444839185, "params": {"C": 24182.64234162827, "gamma": 0.00851531436873522}, "datetime": {"datetime": "2021-09-29 08:25:11", "elapsed": 1326.240519, "delta": 5.107346}}
{"target": -34.522504209522594, "params": {"C": 19468.02010062772, "gamma": 0.030860577453018782}, "datetime": {"datetime": "2021-09-29 08:25:15", "elapsed": 1330.654461, "delta": 4.413942}}
{"target": -35.98180555514875, "params": {"C": 21461.7459717099, "gamma": 0.005}, "datetime": {"datetime": "2021-09-29 08:25:21", "elapsed": 1336.732801, "delta": 6.07834}}
{"target": -34.42164417169236, "params": {"C": 23901.49697995512, "gamma": 0.024592660619866757}, "datetime": {"datetime": "2021-09-29 08:25:25", "elapsed": 1340.764586, "delta": 4.031785}}
{"target": -34.70809233600616, "params": {"C": 23603.13677853311, "gamma": 0.03640436298425996}, "datetime": {"datetime": "2021-09-29 08:25:30", "elapsed": 1345.494879, "delta": 4.730293}}
{"target": -34.50381003690189, "params": {"C": 23657.164001247278, "gamma": 0.028229427267358564}, "datetime": {"datetime": "2021-09-29 08:25:34", "elapsed": 1348.900404, "delta": 3.405525}}
{"target": -34.64537184534829, "params": {"C": 22232.12173802031, "gamma": 0.03475148246478777}, "datetime": {"datetime": "2021-09-29 08:25:44", "elapsed": 1359.768492, "delta": 10.868088}}
{"target": -34.82470719890683, "params": {"C": 21904.95053691908, "gamma": 0.04096828895342713}, "datetime": {"datetime": "2021-09-29 08:25:53", "elapsed": 1368.404055, "delta": 8.635563}}
{"target": -36.09234039876055, "params": {"C": 19745.523931647607, "gamma": 0.07966671615773514}, "datetime": {"datetime": "2021-09-29 08:25:56", "elapsed": 1371.778148, "delta": 3.374093}}
{"target": -35.77706039734746, "params": {"C": 24225.002984566225, "gamma": 0.005315419039443197}, "datetime": {"datetime": "2021-09-29 08:26:04", "elapsed": 1378.965308, "delta": 7.18716}}
{"target": -36.16566183067591, "params": {"C": 24604.12231880653, "gamma": 0.0746841512286258}, "datetime": {"datetime": "2021-09-29 08:26:07", "elapsed": 1381.994092, "delta": 3.028784}}
{"target": -34.28903692133268, "params": {"C": 21831.622814348983, "gamma": 0.018368930548863037}, "datetime": {"datetime": "2021-09-29 08:26:10", "elapsed": 1384.974903, "delta": 2.980811}}
{"target": -34.797227613823075, "params": {"C": 20942.458943477202, "gamma": 0.04074473371233327}, "datetime": {"datetime": "2021-09-29 08:26:16", "elapsed": 1390.913763, "delta": 5.93886}}
{"target": -35.14820064264822, "params": {"C": 22412.476217800242, "gamma": 0.04913700405630535}, "datetime": {"datetime": "2021-09-29 08:26:20", "elapsed": 1395.12671, "delta": 4.212947}}
{"target": -35.8926121623774, "params": {"C": 20462.11624877151, "gamma": 0.07198905218982225}, "datetime": {"datetime": "2021-09-29 08:26:26", "elapsed": 1400.83287, "delta": 5.70616}}
{"target": -34.45957025886673, "params": {"C": 22556.246710193587, "gamma": 0.02679982121188514}, "datetime": {"datetime": "2021-09-29 08:26:29", "elapsed": 1403.817582, "delta": 2.984712}}
{"target": -34.636794134437835, "params": {"C": 24224.968510540188, "gamma": 0.03347500420019787}, "datetime": {"datetime": "2021-09-29 08:26:33", "elapsed": 1408.445282, "delta": 4.6277}}
{"target": -35.658490380597954, "params": {"C": 22075.76441255218, "gamma": 0.005944233289797663}, "datetime": {"datetime": "2021-09-29 08:26:36", "elapsed": 1411.464759, "delta": 3.019477}}
{"target": -34.37201771745931, "params": {"C": 19766.868066667776, "gamma": 0.023520365980419903}, "datetime": {"datetime": "2021-09-29 08:26:43", "elapsed": 1418.663292, "delta": 7.198533}}
{"target": -34.79773857322417, "params": {"C": 19229.500387023196, "gamma": 0.04199039933258432}, "datetime": {"datetime": "2021-09-29 08:26:46", "elapsed": 1421.571991, "delta": 2.908699}}
{"target": -36.42998117943211, "params": {"C": 19834.55947025565, "gamma": 0.09171024342140335}, "datetime": {"datetime": "2021-09-29 08:26:49", "elapsed": 1424.732896, "delta": 3.160905}}
{"target": -36.22782354880002, "params": {"C": 23619.728881037783, "gamma": 0.07795732715791116}, "datetime": {"datetime": "2021-09-29 08:26:53", "elapsed": 1427.834293, "delta": 3.101397}}
{"target": -35.033175066037984, "params": {"C": 22170.923323819563, "gamma": 0.0083816290087335}, "datetime": {"datetime": "2021-09-29 08:26:57", "elapsed": 1431.938191, "delta": 4.103898}}
{"target": -35.86596588377543, "params": {"C": 24240.715744344456, "gamma": 0.00504845382996237}, "datetime": {"datetime": "2021-09-29 08:27:02", "elapsed": 1436.921516, "delta": 4.983325}}
{"target": -36.6508523563791, "params": {"C": 23129.859993789596, "gamma": 0.0930206092953955}, "datetime": {"datetime": "2021-09-29 08:27:05", "elapsed": 1440.430066, "delta": 3.50855}}
{"target": -36.18826404835094, "params": {"C": 20129.149200339474, "gamma": 0.08224867529836374}, "datetime": {"datetime": "2021-09-29 08:27:08", "elapsed": 1443.599839, "delta": 3.169773}}
{"target": -35.14682363610829, "params": {"C": 19447.839199542534, "gamma": 0.051558961860080105}, "datetime": {"datetime": "2021-09-29 08:27:12", "elapsed": 1447.210035, "delta": 3.610196}}
{"target": -35.25997371737275, "params": {"C": 23507.070224744377, "gamma": 0.05114795960999979}, "datetime": {"datetime": "2021-09-29 08:27:17", "elapsed": 1451.797775, "delta": 4.58774}}
{"target": -34.354174928880774, "params": {"C": 23098.199415460313, "gamma": 0.013754653842256798}, "datetime": {"datetime": "2021-09-29 08:27:21", "elapsed": 1456.651891, "delta": 4.854116}}
{"target": -35.64955243465302, "params": {"C": 19056.35862448383, "gamma": 0.06633080699526776}, "datetime": {"datetime": "2021-09-29 08:27:25", "elapsed": 1460.019445, "delta": 3.367554}}
{"target": -34.28637387160068, "params": {"C": 19145.218792440297, "gamma": 0.018404011980142826}, "datetime": {"datetime": "2021-09-29 08:27:30", "elapsed": 1465.412489, "delta": 5.393044}}
{"target": -35.78512968974972, "params": {"C": 19307.850296765424, "gamma": 0.07018526142665478}, "datetime": {"datetime": "2021-09-29 08:27:37", "elapsed": 1472.006636, "delta": 6.594147}}
{"target": -35.911522518048415, "params": {"C": 20668.476804802707, "gamma": 0.00532125382389529}, "datetime": {"datetime": "2021-09-29 08:27:42", "elapsed": 1476.812014, "delta": 4.805378}}
{"target": -34.28712930531528, "params": {"C": 19751.23658684555, "gamma": 0.018699585111606833}, "datetime": {"datetime": "2021-09-29 08:27:47", "elapsed": 1482.723161, "delta": 5.911147}}
{"target": -35.456732124614845, "params": {"C": 21092.62761900309, "gamma": 0.006787963230473574}, "datetime": {"datetime": "2021-09-29 08:27:57", "elapsed": 1491.931664, "delta": 9.208503}}
{"target": -35.08891790965356, "params": {"C": 22542.93272947798, "gamma": 0.047524568973060115}, "datetime": {"datetime": "2021-09-29 08:28:03", "elapsed": 1498.387613, "delta": 6.455949}}
{"target": -35.37230672131504, "params": {"C": 19145.213707074192, "gamma": 0.058121338117033114}, "datetime": {"datetime": "2021-09-29 08:28:10", "elapsed": 1505.609655, "delta": 7.222042}}
{"target": -34.68046777668394, "params": {"C": 22717.866031269292, "gamma": 0.036055055988542965}, "datetime": {"datetime": "2021-09-29 08:28:21", "elapsed": 1516.320999, "delta": 10.711344}}
{"target": -34.56091985304825, "params": {"C": 23603.17928370512, "gamma": 0.03056096654168242}, "datetime": {"datetime": "2021-09-29 08:28:26", "elapsed": 1521.576352, "delta": 5.255353}}
{"target": -36.60094980556552, "params": {"C": 22168.9740188431, "gamma": 0.09315239965553493}, "datetime": {"datetime": "2021-09-29 08:28:29", "elapsed": 1524.755949, "delta": 3.179597}}
{"target": -35.75285294627005, "params": {"C": 22737.19034690476, "gamma": 0.005562292368899006}, "datetime": {"datetime": "2021-09-29 08:28:33", "elapsed": 1528.038714, "delta": 3.282765}}
{"target": -34.33280815549404, "params": {"C": 22777.582416616642, "gamma": 0.014285249552929282}, "datetime": {"datetime": "2021-09-29 08:28:37", "elapsed": 1532.413186, "delta": 4.374472}}
{"target": -34.44188496155665, "params": {"C": 23052.733381444934, "gamma": 0.02580011571956762}, "datetime": {"datetime": "2021-09-29 08:28:40", "elapsed": 1535.703122, "delta": 3.289936}}
{"target": -36.607610065073146, "params": {"C": 22161.508526306126, "gamma": 0.09342319069685728}, "datetime": {"datetime": "2021-09-29 08:28:44", "elapsed": 1538.971809, "delta": 3.268687}}
{"target": -34.5798256989854, "params": {"C": 22143.518869057723, "gamma": 0.011045722013887989}, "datetime": {"datetime": "2021-09-29 08:28:49", "elapsed": 1544.545776, "delta": 5.573967}}
{"target": -35.94077576817292, "params": {"C": 19496.87887464113, "gamma": 0.0749701679283153}, "datetime": {"datetime": "2021-09-29 08:28:55", "elapsed": 1550.636968, "delta": 6.091192}}
{"target": -36.299933382585266, "params": {"C": 21222.461196337426, "gamma": 0.08422949768912755}, "datetime": {"datetime": "2021-09-29 08:28:59", "elapsed": 1554.169478, "delta": 3.53251}}
{"target": -34.54324716377165, "params": {"C": 19751.329636364462, "gamma": 0.01209786212123547}, "datetime": {"datetime": "2021-09-29 08:29:03", "elapsed": 1558.60002, "delta": 4.430542}}
{"target": -35.23339358675051, "params": {"C": 19467.994853531152, "gamma": 0.05391512618064948}, "datetime": {"datetime": "2021-09-29 08:29:12", "elapsed": 1566.800422, "delta": 8.200402}}
{"target": -35.322616908742575, "params": {"C": 20457.020992499245, "gamma": 0.055405800012131606}, "datetime": {"datetime": "2021-09-29 08:29:17", "elapsed": 1572.485337, "delta": 5.684915}}
{"target": -34.312830398184694, "params": {"C": 23492.664226154724, "gamma": 0.01938118151554998}, "datetime": {"datetime": "2021-09-29 08:29:21", "elapsed": 1575.904921, "delta": 3.419584}}
{"target": -34.931881249088484, "params": {"C": 23236.366050145552, "gamma": 0.043079156090097194}, "datetime": {"datetime": "2021-09-29 08:29:24", "elapsed": 1579.242421, "delta": 3.3375}}
{"target": -35.24542404287555, "params": {"C": 22412.5960562614, "gamma": 0.007429540433343588}, "datetime": {"datetime": "2021-09-29 08:29:29", "elapsed": 1584.753404, "delta": 5.510983}}
{"target": -34.3367188096232, "params": {"C": 23507.055310778527, "gamma": 0.013932821048049063}, "datetime": {"datetime": "2021-09-29 08:29:37", "elapsed": 1591.901189, "delta": 7.147785}}
{"target": -34.73239423704063, "params": {"C": 23331.578470611057, "gamma": 0.03728043960156342}, "datetime": {"datetime": "2021-09-29 08:29:45", "elapsed": 1600.322048, "delta": 8.420859}}
{"target": -35.87358492527516, "params": {"C": 19335.131661640597, "gamma": 0.07298795516873002}, "datetime": {"datetime": "2021-09-29 08:29:49", "elapsed": 1604.095407, "delta": 3.773359}}
{"target": -35.431620564358326, "params": {"C": 19312.52738132213, "gamma": 0.0071849737777494194}, "datetime": {"datetime": "2021-09-29 08:29:58", "elapsed": 1613.601284, "delta": 9.505877}}
{"target": -35.00060399470983, "params": {"C": 22232.15079008209, "gamma": 0.045484584227139205}, "datetime": {"datetime": "2021-09-29 08:30:04", "elapsed": 1619.723725, "delta": 6.122441}}
{"target": -34.284239542999764, "params": {"C": 22721.522831551294, "gamma": 0.017857377218487125}, "datetime": {"datetime": "2021-09-29 08:30:08", "elapsed": 1623.326409, "delta": 3.602684}}
