{"target": 0.17834845541106903, "params": {"C": 27700.693209057008, "gamma": 0.2920387072698685}, "datetime": {"datetime": "2021-10-04 10:57:36", "elapsed": 51.656143, "delta": 0.732959}}
{"target": 0.133150359832374, "params": {"C": 33075.79542346159, "gamma": 0.39206240632407413}, "datetime": {"datetime": "2021-10-04 10:57:37", "elapsed": 52.195413, "delta": 0.53927}}
{"target": 0.17748222205366726, "params": {"C": 32633.281414447403, "gamma": 0.31783140224966683}, "datetime": {"datetime": "2021-10-04 10:57:37", "elapsed": 52.83143, "delta": 0.636017}}
{"target": 0.25579876231264287, "params": {"C": 39961.43082764791, "gamma": 0.2}, "datetime": {"datetime": "2021-10-04 10:57:38", "elapsed": 53.41772, "delta": 0.58629}}
{"target": 0.13264138436934902, "params": {"C": 28970.07220875252, "gamma": 0.3692114229582999}, "datetime": {"datetime": "2021-10-04 10:57:38", "elapsed": 53.98806, "delta": 0.57034}}
{"target": 0.1223540110533562, "params": {"C": 29403.128161458848, "gamma": 0.3885778172682365}, "datetime": {"datetime": "2021-10-04 10:57:39", "elapsed": 54.5529, "delta": 0.56484}}
{"target": 0.22501454277436994, "params": {"C": 29930.326201418684, "gamma": 0.2292175765720326}, "datetime": {"datetime": "2021-10-04 10:57:40", "elapsed": 55.276163, "delta": 0.723263}}
{"target": 0.05624936593136498, "params": {"C": 17931.77867640979, "gamma": 0.3842017605636512}, "datetime": {"datetime": "2021-10-04 10:57:40", "elapsed": 55.8402, "delta": 0.564037}}
{"target": 0.12881424010624387, "params": {"C": 18422.31162514435, "gamma": 0.2914931622447711}, "datetime": {"datetime": "2021-10-04 10:57:41", "elapsed": 56.479591, "delta": 0.639391}}
{"target": -0.02345516729560937, "params": {"C": 11995.677088600343, "gamma": 0.39359156294478026}, "datetime": {"datetime": "2021-10-04 10:57:42", "elapsed": 57.141892, "delta": 0.662301}}
{"target": 0.05508983919395438, "params": {"C": 12949.906532818879, "gamma": 0.3117041997590361}, "datetime": {"datetime": "2021-10-04 10:57:42", "elapsed": 57.771037, "delta": 0.629145}}
{"target": 0.018354140012990072, "params": {"C": 15303.290102677449, "gamma": 0.4}, "datetime": {"datetime": "2021-10-04 10:57:43", "elapsed": 58.501587, "delta": 0.73055}}
{"target": 0.0913383698747332, "params": {"C": 15915.153700528374, "gamma": 0.3106922069204362}, "datetime": {"datetime": "2021-10-04 10:57:44", "elapsed": 59.138351, "delta": 0.636764}}
{"target": 0.14285886263599645, "params": {"C": 31244.2873611272, "gamma": 0.36611356749184865}, "datetime": {"datetime": "2021-10-04 10:57:44", "elapsed": 59.921213, "delta": 0.782862}}
{"target": 0.05890211202091822, "params": {"C": 13747.976380029912, "gamma": 0.3200301800619209}, "datetime": {"datetime": "2021-10-04 10:57:45", "elapsed": 60.608784, "delta": 0.687571}}
{"target": 0.16277717182559992, "params": {"C": 14385.497740510336, "gamma": 0.20641153151050806}, "datetime": {"datetime": "2021-10-04 10:57:46", "elapsed": 61.271731, "delta": 0.662947}}
{"target": 0.17599293845819386, "params": {"C": 46924.55359292383, "gamma": 0.3693499864255952}, "datetime": {"datetime": "2021-10-04 10:57:46", "elapsed": 61.95819, "delta": 0.686459}}
{"target": 0.21054273873104168, "params": {"C": 47745.111758517356, "gamma": 0.30846186177492574}, "datetime": {"datetime": "2021-10-04 10:57:47", "elapsed": 62.759938, "delta": 0.801748}}
{"target": 0.2003247804681053, "params": {"C": 39434.96131598092, "gamma": 0.30551863197249784}, "datetime": {"datetime": "2021-10-04 10:57:48", "elapsed": 63.4243, "delta": 0.664362}}
{"target": 0.09274105537300936, "params": {"C": 17128.56097276279, "gamma": 0.3238759732855916}, "datetime": {"datetime": "2021-10-04 10:57:49", "elapsed": 64.142055, "delta": 0.717755}}
{"target": 0.12747455496511717, "params": {"C": 16564.77804411199, "gamma": 0.27370256161691264}, "datetime": {"datetime": "2021-10-04 10:57:49", "elapsed": 64.797067, "delta": 0.655012}}
{"target": 0.13504074883483475, "params": {"C": 24097.36704873833, "gamma": 0.33218975560482733}, "datetime": {"datetime": "2021-10-04 10:57:50", "elapsed": 65.457646, "delta": 0.660579}}
{"target": 0.20609243007678235, "params": {"C": 49251.23107354302, "gamma": 0.31981712004071106}, "datetime": {"datetime": "2021-10-04 10:57:51", "elapsed": 66.191307, "delta": 0.733661}}
{"target": 0.09063486084795158, "params": {"C": 21192.33661068243, "gamma": 0.37153790154354543}, "datetime": {"datetime": "2021-10-04 10:57:51", "elapsed": 66.974695, "delta": 0.783388}}
{"target": 0.08823863166842472, "params": {"C": 21644.643594392855, "gamma": 0.3796999841818734}, "datetime": {"datetime": "2021-10-04 10:57:52", "elapsed": 67.560524, "delta": 0.585829}}
{"target": 0.13918703687333278, "params": {"C": 22143.002177768187, "gamma": 0.3110786619447166}, "datetime": {"datetime": "2021-10-04 10:57:53", "elapsed": 68.278313, "delta": 0.717789}}
{"target": 0.14932707688732905, "params": {"C": 41132.50463387804, "gamma": 0.3995298880103989}, "datetime": {"datetime": "2021-10-04 10:57:53", "elapsed": 68.994113, "delta": 0.7158}}
{"target": 0.23539782387799046, "params": {"C": 40772.64659297777, "gamma": 0.2457025115396555}, "datetime": {"datetime": "2021-10-04 10:57:54", "elapsed": 69.747762, "delta": 0.753649}}
{"target": 0.22909817995203896, "params": {"C": 25362.084444739365, "gamma": 0.2}, "datetime": {"datetime": "2021-10-04 10:57:55", "elapsed": 70.388546, "delta": 0.640784}}
{"target": 0.2444075567834978, "params": {"C": 44299.72668381439, "gamma": 0.2348762849142798}, "datetime": {"datetime": "2021-10-04 10:57:55", "elapsed": 71.090309, "delta": 0.701763}}
{"target": 0.007135726605592918, "params": {"C": 7426.673288927557, "gamma": 0.2472319542499666}, "datetime": {"datetime": "2021-10-04 10:57:56", "elapsed": 71.907995, "delta": 0.817686}}
{"target": 0.170296546716315, "params": {"C": 23489.875927255154, "gamma": 0.2778226715757185}, "datetime": {"datetime": "2021-10-04 10:57:57", "elapsed": 72.651574, "delta": 0.743579}}
{"target": 0.02918179512697061, "params": {"C": 8404.170351346358, "gamma": 0.2504991859881452}, "datetime": {"datetime": "2021-10-04 10:57:58", "elapsed": 73.399419, "delta": 0.747845}}
{"target": 0.1703185351912868, "params": {"C": 19056.159474633536, "gamma": 0.24368580375105206}, "datetime": {"datetime": "2021-10-04 10:57:59", "elapsed": 74.23121, "delta": 0.831791}}
{"target": 0.14789414149317137, "params": {"C": 22589.70773404368, "gamma": 0.3025352636121329}, "datetime": {"datetime": "2021-10-04 10:57:59", "elapsed": 74.910902, "delta": 0.679692}}
{"target": 0.1012563994243566, "params": {"C": 23100.578468800293, "gamma": 0.37386533235681363}, "datetime": {"datetime": "2021-10-04 10:58:00", "elapsed": 75.735431, "delta": 0.824529}}
{"target": 0.14835380346306282, "params": {"C": 33656.44816225434, "gamma": 0.3695533204220102}, "datetime": {"datetime": "2021-10-04 10:58:01", "elapsed": 76.626474, "delta": 0.891043}}
{"target": 0.23243658271216205, "params": {"C": 33914.153533954224, "gamma": 0.2313631925183256}, "datetime": {"datetime": "2021-10-04 10:58:02", "elapsed": 77.311589, "delta": 0.685115}}
{"target": 0.019864353955364122, "params": {"C": 6483.0672911824395, "gamma": 0.2104290123139203}, "datetime": {"datetime": "2021-10-04 10:58:02", "elapsed": 77.956165, "delta": 0.644576}}
{"target": 0.09983693989234776, "params": {"C": 19460.6758076721, "gamma": 0.3405322243684563}, "datetime": {"datetime": "2021-10-04 10:58:03", "elapsed": 78.774039, "delta": 0.817874}}
{"target": 0.1091661157242998, "params": {"C": 26013.239901747704, "gamma": 0.3859350269303826}, "datetime": {"datetime": "2021-10-04 10:58:04", "elapsed": 79.546406, "delta": 0.772367}}
{"target": 0.16181130586525205, "params": {"C": 26332.482775184362, "gamma": 0.30853151229649933}, "datetime": {"datetime": "2021-10-04 10:58:05", "elapsed": 80.411294, "delta": 0.864888}}
{"target": -0.18410031891905043, "params": {"C": 5503.604255258987, "gamma": 0.37545890784718516}, "datetime": {"datetime": "2021-10-04 10:58:06", "elapsed": 81.129545, "delta": 0.718251}}
{"target": 0.1486019942751028, "params": {"C": 34882.438170889596, "gamma": 0.3749535020206822}, "datetime": {"datetime": "2021-10-04 10:58:06", "elapsed": 81.854837, "delta": 0.725292}}
{"target": 0.2016953839040717, "params": {"C": 44423.42694940479, "gamma": 0.31695306373026355}, "datetime": {"datetime": "2021-10-04 10:58:07", "elapsed": 82.594434, "delta": 0.739597}}
{"target": 0.17698943537811995, "params": {"C": 47224.398988288245, "gamma": 0.3683147462948363}, "datetime": {"datetime": "2021-10-04 10:58:08", "elapsed": 83.528048, "delta": 0.933614}}
{"target": 0.16880848710108287, "params": {"C": 47475.50769905329, "gamma": 0.38392468168083976}, "datetime": {"datetime": "2021-10-04 10:58:09", "elapsed": 84.261409, "delta": 0.733361}}
{"target": 0.24269028168785522, "params": {"C": 46378.651545617206, "gamma": 0.24244226873603839}, "datetime": {"datetime": "2021-10-04 10:58:09", "elapsed": 85.116959, "delta": 0.85555}}
{"target": 0.146829207357837, "params": {"C": 40065.09281897176, "gamma": 0.4}, "datetime": {"datetime": "2021-10-04 10:58:10", "elapsed": 85.950692, "delta": 0.833733}}
{"target": 0.14662305327172198, "params": {"C": 39854.77702612329, "gamma": 0.3995518181880956}, "datetime": {"datetime": "2021-10-04 10:58:11", "elapsed": 86.838628, "delta": 0.887936}}
{"target": 0.19580161948746044, "params": {"C": 40392.70164785139, "gamma": 0.3161996750233491}, "datetime": {"datetime": "2021-10-04 10:58:12", "elapsed": 87.772635, "delta": 0.934007}}
{"target": 0.23044402601378022, "params": {"C": 44174.22751265586, "gamma": 0.26320059525654665}, "datetime": {"datetime": "2021-10-04 10:58:13", "elapsed": 88.659739, "delta": 0.887104}}
{"target": 0.2022002341430117, "params": {"C": 41405.62289267875, "gamma": 0.3080617488345431}, "datetime": {"datetime": "2021-10-04 10:58:14", "elapsed": 89.497693, "delta": 0.837954}}
{"target": 0.18433184742289987, "params": {"C": 35896.61607871458, "gamma": 0.3202233327894754}, "datetime": {"datetime": "2021-10-04 10:58:15", "elapsed": 90.33803, "delta": 0.840337}}
{"target": 0.20331247510352823, "params": {"C": 30883.32110570811, "gamma": 0.269160252470511}, "datetime": {"datetime": "2021-10-04 10:58:16", "elapsed": 91.20213, "delta": 0.8641}}
{"target": 0.17138618759846835, "params": {"C": 32134.659106964853, "gamma": 0.32520271739893636}, "datetime": {"datetime": "2021-10-04 10:58:16", "elapsed": 91.920065, "delta": 0.717935}}
{"target": 0.20172918548803775, "params": {"C": 43513.58280985485, "gamma": 0.3145782101289742}, "datetime": {"datetime": "2021-10-04 10:58:17", "elapsed": 92.791427, "delta": 0.871362}}
{"target": 0.16920193789674431, "params": {"C": 42291.86454197664, "gamma": 0.36812205795962666}, "datetime": {"datetime": "2021-10-04 10:58:18", "elapsed": 93.653103, "delta": 0.861676}}
{"target": 0.25758539748682563, "params": {"C": 42029.213110261415, "gamma": 0.2}, "datetime": {"datetime": "2021-10-04 10:58:19", "elapsed": 94.577768, "delta": 0.924665}}
{"target": 0.17588470492374642, "params": {"C": 36518.92245884842, "gamma": 0.3365171129308714}, "datetime": {"datetime": "2021-10-04 10:58:20", "elapsed": 95.433323, "delta": 0.855555}}
{"target": 0.21616504289729, "params": {"C": 46710.580608506745, "gamma": 0.2958191932085234}, "datetime": {"datetime": "2021-10-04 10:58:21", "elapsed": 96.313588, "delta": 0.880265}}
{"target": 0.1874111007975775, "params": {"C": 49781.68747974646, "gamma": 0.35535970713553044}, "datetime": {"datetime": "2021-10-04 10:58:22", "elapsed": 97.269348, "delta": 0.95576}}
{"target": 0.21234295102206524, "params": {"C": 34200.76696189477, "gamma": 0.26761154972915197}, "datetime": {"datetime": "2021-10-04 10:58:23", "elapsed": 98.139961, "delta": 0.870613}}
{"target": 0.17411418540348278, "params": {"C": 46478.79314250196, "gamma": 0.37158144183912106}, "datetime": {"datetime": "2021-10-04 10:58:23", "elapsed": 98.984547, "delta": 0.844586}}
{"target": 0.19784109000153727, "params": {"C": 46265.131786157566, "gamma": 0.32834971225832454}, "datetime": {"datetime": "2021-10-04 10:58:24", "elapsed": 100.015384, "delta": 1.030837}}
{"target": 0.16330473387545796, "params": {"C": 30467.043451363334, "gamma": 0.3296699212944424}, "datetime": {"datetime": "2021-10-04 10:58:25", "elapsed": 100.902477, "delta": 0.887093}}
{"target": 0.17164799153193044, "params": {"C": 30253.022359307564, "gamma": 0.31566113370287935}, "datetime": {"datetime": "2021-10-04 10:58:26", "elapsed": 101.735861, "delta": 0.833384}}
{"target": 0.18652528150063086, "params": {"C": 30038.26216972805, "gamma": 0.29164383809785327}, "datetime": {"datetime": "2021-10-04 10:58:27", "elapsed": 102.632389, "delta": 0.896528}}
{"target": 0.1520555694340714, "params": {"C": 31802.62481859978, "gamma": 0.3542771999045959}, "datetime": {"datetime": "2021-10-04 10:58:28", "elapsed": 103.381246, "delta": 0.748857}}
{"target": 0.22871293299469542, "params": {"C": 25241.02409608916, "gamma": 0.2}, "datetime": {"datetime": "2021-10-04 10:58:29", "elapsed": 104.268455, "delta": 0.887209}}
{"target": 0.1875334359621017, "params": {"C": 35626.88679870202, "gamma": 0.3139465041487836}, "datetime": {"datetime": "2021-10-04 10:58:29", "elapsed": 105.108646, "delta": 0.840191}}
{"target": 0.18498649326569694, "params": {"C": 39568.10605406907, "gamma": 0.33208359033099855}, "datetime": {"datetime": "2021-10-04 10:58:30", "elapsed": 106.004917, "delta": 0.896271}}
{"target": 0.07108495067738985, "params": {"C": 10634.762170722044, "gamma": 0.25403889118202694}, "datetime": {"datetime": "2021-10-04 10:58:31", "elapsed": 106.945084, "delta": 0.940167}}
{"target": 0.015299503492355981, "params": {"C": 9922.76861723406, "gamma": 0.29898958369441053}, "datetime": {"datetime": "2021-10-04 10:58:32", "elapsed": 107.947793, "delta": 1.002709}}
{"target": 0.15503132321584445, "params": {"C": 29818.30800975415, "gamma": 0.339062488137866}, "datetime": {"datetime": "2021-10-04 10:58:33", "elapsed": 108.981259, "delta": 1.033466}}
{"target": 0.19086070079461248, "params": {"C": 38528.884954652814, "gamma": 0.31871340358770794}, "datetime": {"datetime": "2021-10-04 10:58:34", "elapsed": 109.852694, "delta": 0.871435}}
{"target": 0.24234208547691316, "params": {"C": 38282.55176457591, "gamma": 0.22547681196252886}, "datetime": {"datetime": "2021-10-04 10:58:35", "elapsed": 110.787416, "delta": 0.934722}}
{"target": 0.023835848211474997, "params": {"C": 9204.158527498203, "gamma": 0.2740427406137639}, "datetime": {"datetime": "2021-10-04 10:58:36", "elapsed": 111.842666, "delta": 1.05525}}
{"target": 0.03452690584949303, "params": {"C": 11338.280447401501, "gamma": 0.306769567819147}, "datetime": {"datetime": "2021-10-04 10:58:37", "elapsed": 112.804741, "delta": 0.962075}}
{"target": 0.15883502684262474, "params": {"C": 42463.901051381414, "gamma": 0.38708831450094394}, "datetime": {"datetime": "2021-10-04 10:58:38", "elapsed": 113.748759, "delta": 0.944018}}
{"target": 0.24528681399671048, "params": {"C": 38714.25005333013, "gamma": 0.22051423659701808}, "datetime": {"datetime": "2021-10-04 10:58:39", "elapsed": 114.768777, "delta": 1.020018}}
{"target": 0.10147308302227886, "params": {"C": 25767.31379955291, "gamma": 0.39633413673434137}, "datetime": {"datetime": "2021-10-04 10:58:40", "elapsed": 115.892223, "delta": 1.123446}}
{"target": 0.2207151116016195, "params": {"C": 25495.19252174073, "gamma": 0.21486815153983346}, "datetime": {"datetime": "2021-10-04 10:58:41", "elapsed": 116.756904, "delta": 0.864681}}
{"target": 0.1965344340112778, "params": {"C": 45587.81493186914, "gamma": 0.32906115080020965}, "datetime": {"datetime": "2021-10-04 10:58:42", "elapsed": 117.606225, "delta": 0.849321}}
{"target": 0.25251123822498944, "params": {"C": 41659.93293606703, "gamma": 0.21145822647707102}, "datetime": {"datetime": "2021-10-04 10:58:43", "elapsed": 118.613003, "delta": 1.006778}}
{"target": 0.2420806043448237, "params": {"C": 49386.45352986986, "gamma": 0.24873685345693308}, "datetime": {"datetime": "2021-10-04 10:58:44", "elapsed": 119.80088, "delta": 1.187877}}
{"target": 0.06916015787240226, "params": {"C": 20044.116750676236, "gamma": 0.39128482579273766}, "datetime": {"datetime": "2021-10-04 10:58:45", "elapsed": 120.791754, "delta": 0.990874}}
{"target": 0.08721516271257346, "params": {"C": 20552.113168407937, "gamma": 0.3699449903505986}, "datetime": {"datetime": "2021-10-04 10:58:46", "elapsed": 121.769089, "delta": 0.977335}}
{"target": 0.21695254580993506, "params": {"C": 35418.78643314744, "gamma": 0.2640329437927548}, "datetime": {"datetime": "2021-10-04 10:58:47", "elapsed": 122.934704, "delta": 1.165615}}
{"target": 0.19218431857670482, "params": {"C": 31512.307791318406, "gamma": 0.2896088023589249}, "datetime": {"datetime": "2021-10-04 10:58:48", "elapsed": 123.846913, "delta": 0.912209}}
{"target": 0.20620952918224844, "params": {"C": 42731.08914504685, "gamma": 0.30459261717533515}, "datetime": {"datetime": "2021-10-04 10:58:49", "elapsed": 124.923845, "delta": 1.076932}}
{"target": 0.15143129016015477, "params": {"C": 36349.13427366187, "gamma": 0.3767348350099052}, "datetime": {"datetime": "2021-10-04 10:58:50", "elapsed": 126.084622, "delta": 1.160777}}
{"target": 0.20880921702694788, "params": {"C": 36169.64092206926, "gamma": 0.28051846281439513}, "datetime": {"datetime": "2021-10-04 10:58:51", "elapsed": 127.102647, "delta": 1.018025}}
{"target": 0.20392765616981778, "params": {"C": 48763.789497065954, "gamma": 0.3228231378994781}, "datetime": {"datetime": "2021-10-04 10:58:53", "elapsed": 128.190393, "delta": 1.087746}}
{"target": 0.1979690837898428, "params": {"C": 48928.03497358664, "gamma": 0.3341288858919319}, "datetime": {"datetime": "2021-10-04 10:58:54", "elapsed": 129.462791, "delta": 1.272398}}
{"target": 0.23627540783362533, "params": {"C": 48606.29171513591, "gamma": 0.25990757079888227}, "datetime": {"datetime": "2021-10-04 10:58:55", "elapsed": 130.612997, "delta": 1.150206}}
{"target": 0.18525485387146234, "params": {"C": 36740.90574198772, "gamma": 0.3218480212043776}, "datetime": {"datetime": "2021-10-04 10:58:56", "elapsed": 131.530753, "delta": 0.917756}}
{"target": 0.218609273903135, "params": {"C": 48416.722207807245, "gamma": 0.29464878383866877}, "datetime": {"datetime": "2021-10-04 10:58:57", "elapsed": 132.75569, "delta": 1.224937}}
{"target": 0.25053104136954996, "params": {"C": 49135.00196995458, "gamma": 0.22902056951170913}, "datetime": {"datetime": "2021-10-04 10:58:58", "elapsed": 133.720874, "delta": 0.965184}}
{"target": 0.22495459286349762, "params": {"C": 43234.04925098245, "gamma": 0.27163654081291017}, "datetime": {"datetime": "2021-10-04 10:58:59", "elapsed": 134.701052, "delta": 0.980178}}
{"target": 0.1650896790466646, "params": {"C": 24880.51859054842, "gamma": 0.29453631989139234}, "datetime": {"datetime": "2021-10-04 10:59:00", "elapsed": 135.638445, "delta": 0.937393}}
{"target": 0.2069387112074964, "params": {"C": 47655.46284183774, "gamma": 0.3149325185453743}, "datetime": {"datetime": "2021-10-04 10:59:01", "elapsed": 136.656923, "delta": 1.018478}}
{"target": 0.14485758560818385, "params": {"C": 34455.248390739376, "gamma": 0.37924052537630837}, "datetime": {"datetime": "2021-10-04 10:59:02", "elapsed": 137.597027, "delta": 0.940104}}
{"target": 0.18738230909966302, "params": {"C": 43719.89821831914, "gamma": 0.3404323049122514}, "datetime": {"datetime": "2021-10-04 10:59:03", "elapsed": 138.565469, "delta": 0.968442}}
{"target": 0.2197131346248009, "params": {"C": 42096.46515467718, "gamma": 0.2786448793415853}, "datetime": {"datetime": "2021-10-04 10:59:04", "elapsed": 139.517399, "delta": 0.95193}}
{"target": 0.2551368233483594, "params": {"C": 41956.10796364078, "gamma": 0.20586408175687632}, "datetime": {"datetime": "2021-10-04 10:59:05", "elapsed": 140.76804, "delta": 1.250641}}
{"target": 0.06370130958085274, "params": {"C": 14562.302390030054, "gamma": 0.32659213502108325}, "datetime": {"datetime": "2021-10-04 10:59:07", "elapsed": 142.199444, "delta": 1.431404}}
{"target": 0.23053802292142744, "params": {"C": 28406.53520138351, "gamma": 0.2128120920748433}, "datetime": {"datetime": "2021-10-04 10:59:08", "elapsed": 143.201947, "delta": 1.002503}}
{"target": 0.2548451817301117, "params": {"C": 38990.715430109216, "gamma": 0.2}, "datetime": {"datetime": "2021-10-04 10:59:09", "elapsed": 144.443077, "delta": 1.24113}}
{"target": 0.20382962466692278, "params": {"C": 45005.38337235399, "gamma": 0.31455921110728147}, "datetime": {"datetime": "2021-10-04 10:59:10", "elapsed": 145.546065, "delta": 1.102988}}
{"target": 0.2593580149628033, "params": {"C": 45140.01609224919, "gamma": 0.20098139996949144}, "datetime": {"datetime": "2021-10-04 10:59:11", "elapsed": 146.878645, "delta": 1.33258}}
{"target": 0.13968983620967024, "params": {"C": 27830.402884572835, "gamma": 0.3510351054379085}, "datetime": {"datetime": "2021-10-04 10:59:12", "elapsed": 147.9347, "delta": 1.056055}}
{"target": 0.1571583506105858, "params": {"C": 28059.277315451953, "gamma": 0.3258460309192719}, "datetime": {"datetime": "2021-10-04 10:59:14", "elapsed": 149.238394, "delta": 1.303694}}
{"target": 0.21070823156134977, "params": {"C": 27570.736693944655, "gamma": 0.2418630766560862}, "datetime": {"datetime": "2021-10-04 10:59:15", "elapsed": 150.257057, "delta": 1.018663}}
{"target": 0.22142586229046424, "params": {"C": 47855.31995462389, "gamma": 0.28817043522450947}, "datetime": {"datetime": "2021-10-04 10:59:16", "elapsed": 151.444639, "delta": 1.187582}}
{"target": 0.2081527763386284, "params": {"C": 48216.36154157785, "gamma": 0.31387432614978567}, "datetime": {"datetime": "2021-10-04 10:59:17", "elapsed": 152.613437, "delta": 1.168798}}
{"target": 0.14219728985095115, "params": {"C": 37195.73846825683, "gamma": 0.39638989321130014}, "datetime": {"datetime": "2021-10-04 10:59:18", "elapsed": 153.961869, "delta": 1.348432}}
