{"target": -42.76149113318538, "params": {"C": 641.2764187867235, "gamma": 0.04629307025868692}, "datetime": {"datetime": "2021-09-29 17:17:34", "elapsed": 1083.633644, "delta": 6.594413}}
{"target": -42.140763382828396, "params": {"C": 640.9674457735572, "gamma": 0.023073879051652365}, "datetime": {"datetime": "2021-09-29 17:17:40", "elapsed": 1088.769784, "delta": 5.13614}}
{"target": -46.82538437117596, "params": {"C": 641.0922255250764, "gamma": 0.2967912135728359}, "datetime": {"datetime": "2021-09-29 17:17:45", "elapsed": 1094.303035, "delta": 5.533251}}
{"target": -46.044069037550045, "params": {"C": 641.5537907345429, "gamma": 0.001}, "datetime": {"datetime": "2021-09-29 17:17:54", "elapsed": 1103.270574, "delta": 8.967539}}
{"target": -44.691540838156996, "params": {"C": 640.7570693538142, "gamma": 0.12135539444903692}, "datetime": {"datetime": "2021-09-29 17:18:00", "elapsed": 1109.204991, "delta": 5.934417}}
{"target": -46.6156051966595, "params": {"C": 752.0444175784543, "gamma": 0.2814509237228908}, "datetime": {"datetime": "2021-09-29 17:18:04", "elapsed": 1113.500427, "delta": 4.295436}}
{"target": -47.44331143606226, "params": {"C": 864.1942818278627, "gamma": 0.4936550935950779}, "datetime": {"datetime": "2021-09-29 17:18:11", "elapsed": 1119.74416, "delta": 6.243733}}
{"target": -47.04227523824552, "params": {"C": 648.580993491463, "gamma": 0.3363013869326635}, "datetime": {"datetime": "2021-09-29 17:18:18", "elapsed": 1126.977214, "delta": 7.233054}}
{"target": -47.44186522874726, "params": {"C": 926.483488648382, "gamma": 0.4998585601430573}, "datetime": {"datetime": "2021-09-29 17:18:21", "elapsed": 1130.559218, "delta": 3.582004}}
{"target": -47.26721684727397, "params": {"C": 590.1014840276084, "gamma": 0.3769365258377637}, "datetime": {"datetime": "2021-09-29 17:18:34", "elapsed": 1142.76118, "delta": 12.201962}}
{"target": -41.826040140374175, "params": {"C": 845.7210711711696, "gamma": 0.01900227844385392}, "datetime": {"datetime": "2021-09-29 17:18:39", "elapsed": 1148.518113, "delta": 5.756933}}
{"target": -43.0376608135178, "params": {"C": 488.18472395908924, "gamma": 0.04589489392031457}, "datetime": {"datetime": "2021-09-29 17:18:43", "elapsed": 1152.004255, "delta": 3.486142}}
{"target": -43.99433336210685, "params": {"C": 487.8932640720469, "gamma": 0.004177348426305254}, "datetime": {"datetime": "2021-09-29 17:18:48", "elapsed": 1156.893248, "delta": 4.888993}}
{"target": -47.046543220537075, "params": {"C": 488.29906566720734, "gamma": 0.3021521761055168}, "datetime": {"datetime": "2021-09-29 17:18:53", "elapsed": 1161.764398, "delta": 4.87115}}
{"target": -42.65056502174331, "params": {"C": 487.34946742586516, "gamma": 0.03178672998183962}, "datetime": {"datetime": "2021-09-29 17:18:56", "elapsed": 1165.625097, "delta": 3.860699}}
{"target": -46.93243366106147, "params": {"C": 487.2955330686248, "gamma": 0.2828569517159615}, "datetime": {"datetime": "2021-09-29 17:19:02", "elapsed": 1171.454546, "delta": 5.829449}}
{"target": -43.02787734461823, "params": {"C": 487.49283900886877, "gamma": 0.007922695287649748}, "datetime": {"datetime": "2021-09-29 17:19:09", "elapsed": 1178.371363, "delta": 6.916817}}
{"target": -42.65653861522455, "params": {"C": 486.8732480988882, "gamma": 0.03198002846143162}, "datetime": {"datetime": "2021-09-29 17:19:18", "elapsed": 1187.213047, "delta": 8.841684}}
{"target": -44.522995370073396, "params": {"C": 486.5878612868497, "gamma": 0.10062341776212096}, "datetime": {"datetime": "2021-09-29 17:19:26", "elapsed": 1194.686336, "delta": 7.473289}}
{"target": -43.509346826626306, "params": {"C": 487.0978405746999, "gamma": 0.061846336101424065}, "datetime": {"datetime": "2021-09-29 17:19:35", "elapsed": 1204.428291, "delta": 9.741955}}
{"target": -47.35855457274525, "params": {"C": 486.76776007903794, "gamma": 0.373220519399373}, "datetime": {"datetime": "2021-09-29 17:19:39", "elapsed": 1208.631166, "delta": 4.202875}}
{"target": -42.49896611818868, "params": {"C": 485.96999409032156, "gamma": 0.023775047382843355}, "datetime": {"datetime": "2021-09-29 17:19:44", "elapsed": 1213.222147, "delta": 4.590981}}
{"target": -47.25327826159103, "params": {"C": 400.4084213412662, "gamma": 0.315785694943996}, "datetime": {"datetime": "2021-09-29 17:19:46", "elapsed": 1215.628829, "delta": 2.406682}}
{"target": -45.20815742237802, "params": {"C": 485.74003583522136, "gamma": 0.13342166332324204}, "datetime": {"datetime": "2021-09-29 17:19:53", "elapsed": 1221.76726, "delta": 6.138431}}
{"target": -45.95298816328552, "params": {"C": 486.12670811598025, "gamma": 0.1801526346386128}, "datetime": {"datetime": "2021-09-29 17:20:00", "elapsed": 1229.037887, "delta": 7.270627}}
{"target": -43.124057480942945, "params": {"C": 868.5456474272648, "gamma": 0.06490161698363646}, "datetime": {"datetime": "2021-09-29 17:20:04", "elapsed": 1233.285452, "delta": 4.247565}}
{"target": -46.68820350620058, "params": {"C": 868.7323339925874, "gamma": 0.30289907659145415}, "datetime": {"datetime": "2021-09-29 17:20:09", "elapsed": 1238.049402, "delta": 4.76395}}
{"target": -44.9040036532537, "params": {"C": 868.3493917798061, "gamma": 0.14417971817714426}, "datetime": {"datetime": "2021-09-29 17:20:17", "elapsed": 1245.733015, "delta": 7.683613}}
{"target": -47.85866911860282, "params": {"C": 273.3928479615551, "gamma": 0.5}, "datetime": {"datetime": "2021-09-29 17:20:22", "elapsed": 1251.338463, "delta": 5.605448}}
{"target": -47.99161770199631, "params": {"C": 179.44110189540197, "gamma": 0.5}, "datetime": {"datetime": "2021-09-29 17:20:28", "elapsed": 1257.376048, "delta": 6.037585}}
{"target": -45.171513345759955, "params": {"C": 438.93674041527817, "gamma": 0.12527722741136021}, "datetime": {"datetime": "2021-09-29 17:20:34", "elapsed": 1263.638503, "delta": 6.262455}}
{"target": -42.55998915252408, "params": {"C": 641.1202284930137, "gamma": 0.03960824425877651}, "datetime": {"datetime": "2021-09-29 17:20:41", "elapsed": 1270.037625, "delta": 6.399122}}
{"target": -43.062777379648374, "params": {"C": 825.5640766175254, "gamma": 0.06199272424961065}, "datetime": {"datetime": "2021-09-29 17:20:44", "elapsed": 1272.770001, "delta": 2.732376}}
{"target": -46.69428231069709, "params": {"C": 825.4637025205622, "gamma": 0.2999789869744127}, "datetime": {"datetime": "2021-09-29 17:20:52", "elapsed": 1280.863362, "delta": 8.093361}}
{"target": -43.322744475961464, "params": {"C": 825.9590062632213, "gamma": 0.07111980398181962}, "datetime": {"datetime": "2021-09-29 17:21:01", "elapsed": 1289.981634, "delta": 9.118272}}
{"target": -42.0881156575146, "params": {"C": 826.3807284019579, "gamma": 0.02991986714471683}, "datetime": {"datetime": "2021-09-29 17:21:11", "elapsed": 1300.535408, "delta": 10.553774}}
{"target": -46.67796917755271, "params": {"C": 826.194866353679, "gamma": 0.2976621900866515}, "datetime": {"datetime": "2021-09-29 17:21:17", "elapsed": 1306.327475, "delta": 5.792067}}
{"target": -41.42588308284463, "params": {"C": 4085.282573066984, "gamma": 0.003826171543627332}, "datetime": {"datetime": "2021-09-29 17:25:56", "elapsed": 0.0, "delta": 0.0}}
{"target": -44.072660978323455, "params": {"C": 3534.592939705102, "gamma": 0.06789474166339785}, "datetime": {"datetime": "2021-09-29 17:25:56", "elapsed": 0.275002, "delta": 0.275002}}
{"target": -42.05043738899648, "params": {"C": 2994.0280492103616, "gamma": 0.021782104806714594}, "datetime": {"datetime": "2021-09-29 17:25:57", "elapsed": 0.556003, "delta": 0.281001}}
{"target": -43.318629192806206, "params": {"C": 1792.2514590384958, "gamma": 0.06892670267350837}, "datetime": {"datetime": "2021-09-29 17:25:57", "elapsed": 0.752001, "delta": 0.195998}}
{"target": -41.43007957090181, "params": {"C": 1676.4433462501418, "gamma": 0.009773903647312903}, "datetime": {"datetime": "2021-09-29 17:25:57", "elapsed": 0.945998, "delta": 0.193997}}
{"target": -43.710380302238356, "params": {"C": 1677.8207699168015, "gamma": 0.08495270828595447}, "datetime": {"datetime": "2021-09-29 17:25:57", "elapsed": 1.299857, "delta": 0.353859}}
{"target": -43.89571903314058, "params": {"C": 2858.693356612774, "gamma": 0.07243346674339828}, "datetime": {"datetime": "2021-09-29 17:25:58", "elapsed": 2.296268, "delta": 0.996411}}
{"target": -42.08647018975821, "params": {"C": 1203.051761013931, "gamma": 0.03376631226933688}, "datetime": {"datetime": "2021-09-29 17:25:59", "elapsed": 3.143266, "delta": 0.846998}}
{"target": -41.52302901691867, "params": {"C": 2532.3603330813166, "gamma": 0.003886608312673922}, "datetime": {"datetime": "2021-09-29 17:26:00", "elapsed": 3.515264, "delta": 0.371998}}
{"target": -41.617136240879944, "params": {"C": 1456.3365674026973, "gamma": 0.018763929998843354}, "datetime": {"datetime": "2021-09-29 17:26:00", "elapsed": 4.075267, "delta": 0.560003}}
{"target": -43.85008862458177, "params": {"C": 4618.777839570354, "gamma": 0.05050401395736772}, "datetime": {"datetime": "2021-09-29 17:26:01", "elapsed": 4.490271, "delta": 0.415004}}
{"target": -41.73469897715446, "params": {"C": 4608.39367883544, "gamma": 0.00921861687913799}, "datetime": {"datetime": "2021-09-29 17:26:01", "elapsed": 4.950264, "delta": 0.459993}}
{"target": -43.05423844198386, "params": {"C": 4339.147886782301, "gamma": 0.035052333943402895}, "datetime": {"datetime": "2021-09-29 17:26:02", "elapsed": 5.566302, "delta": 0.616038}}
{"target": -41.704998948172175, "params": {"C": 1456.3018007998046, "gamma": 0.021708999111535933}, "datetime": {"datetime": "2021-09-29 17:26:02", "elapsed": 5.978268, "delta": 0.411966}}
{"target": -41.79358372137039, "params": {"C": 1457.0850060697226, "gamma": 0.024490538235935035}, "datetime": {"datetime": "2021-09-29 17:26:02", "elapsed": 6.294234, "delta": 0.315966}}
{"target": -41.65225176337729, "params": {"C": 1675.6808585579552, "gamma": 0.019472886723940597}, "datetime": {"datetime": "2021-09-29 17:26:03", "elapsed": 6.636235, "delta": 0.342001}}
{"target": -44.74190166053526, "params": {"C": 4086.0761087060514, "gamma": 0.07949318822281598}, "datetime": {"datetime": "2021-09-29 17:26:03", "elapsed": 6.906234, "delta": 0.269999}}
{"target": -44.1668418325157, "params": {"C": 4084.8871595083688, "gamma": 0.0635105163797145}, "datetime": {"datetime": "2021-09-29 17:26:03", "elapsed": 7.256238, "delta": 0.350004}}
{"target": -43.63741549932444, "params": {"C": 1676.0730127569868, "gamma": 0.08211409412311402}, "datetime": {"datetime": "2021-09-29 17:26:04", "elapsed": 7.571234, "delta": 0.314996}}
{"target": -41.54807426450675, "params": {"C": 1456.6613968678253, "gamma": 0.007445855098869563}, "datetime": {"datetime": "2021-09-29 17:26:04", "elapsed": 7.924237, "delta": 0.353003}}
{"target": -42.481518812784046, "params": {"C": 1676.8166087808036, "gamma": 0.043516118473630995}, "datetime": {"datetime": "2021-09-29 17:26:05", "elapsed": 8.319238, "delta": 0.395001}}
{"target": -41.59510847212964, "params": {"C": 1149.4869436706106, "gamma": 0.01090730419151283}, "datetime": {"datetime": "2021-09-29 17:26:05", "elapsed": 8.781237, "delta": 0.461999}}
{"target": -44.08143523100277, "params": {"C": 2532.566704563499, "gamma": 0.0844570944772175}, "datetime": {"datetime": "2021-09-29 17:26:05", "elapsed": 9.202237, "delta": 0.421}}
{"target": -42.018052414899216, "params": {"C": 2532.1255698175473, "gamma": 0.024067479250811874}, "datetime": {"datetime": "2021-09-29 17:26:06", "elapsed": 9.670959, "delta": 0.468722}}
{"target": -43.77156360236367, "params": {"C": 2148.4857727566027, "gamma": 0.07986435509975878}, "datetime": {"datetime": "2021-09-29 17:26:06", "elapsed": 10.051962, "delta": 0.381003}}
{"target": -42.96690300469293, "params": {"C": 2284.5934877720247, "gamma": 0.05174960962534516}, "datetime": {"datetime": "2021-09-29 17:26:07", "elapsed": 10.362957, "delta": 0.310995}}
{"target": -43.789678899799256, "params": {"C": 2413.0499902788597, "gamma": 0.07609028688510193}, "datetime": {"datetime": "2021-09-29 17:26:07", "elapsed": 10.754959, "delta": 0.392002}}
{"target": -43.40007013848914, "params": {"C": 1456.7857778934927, "gamma": 0.07557487041408131}, "datetime": {"datetime": "2021-09-29 17:26:07", "elapsed": 11.207754, "delta": 0.452795}}
{"target": -43.74283708576092, "params": {"C": 1456.5954921018292, "gamma": 0.0889914777523225}, "datetime": {"datetime": "2021-09-29 17:26:09", "elapsed": 12.795051, "delta": 1.587297}}
{"target": -41.555608722195174, "params": {"C": 1456.340448876082, "gamma": 0.007313054430359314}, "datetime": {"datetime": "2021-09-29 17:26:10", "elapsed": 13.302044, "delta": 0.506993}}
{"target": -41.53149315543975, "params": {"C": 1675.6907877816298, "gamma": 0.015532624288493503}, "datetime": {"datetime": "2021-09-29 17:26:10", "elapsed": 14.019855, "delta": 0.717811}}
{"target": -42.69260793473579, "params": {"C": 2532.236283092537, "gamma": 0.0414365221173429}, "datetime": {"datetime": "2021-09-29 17:26:11", "elapsed": 14.461856, "delta": 0.442001}}
{"target": -42.48752285676511, "params": {"C": 1149.6483683030258, "gamma": 0.04607869952783639}, "datetime": {"datetime": "2021-09-29 17:26:11", "elapsed": 15.148855, "delta": 0.686999}}
{"target": -42.12376489565959, "params": {"C": 1675.85510921708, "gamma": 0.0030663368112546488}, "datetime": {"datetime": "2021-09-29 17:26:12", "elapsed": 15.963307, "delta": 0.814452}}
{"target": -41.68746353496333, "params": {"C": 1675.6888783912975, "gamma": 0.02054036302080462}, "datetime": {"datetime": "2021-09-29 17:26:13", "elapsed": 16.354053, "delta": 0.390746}}
{"target": -41.46271760921526, "params": {"C": 4085.197328052818, "gamma": 0.00294872050849202}, "datetime": {"datetime": "2021-09-29 17:26:13", "elapsed": 16.802054, "delta": 0.448001}}
{"target": -41.49728429432985, "params": {"C": 1731.6750571017399, "gamma": 0.006459859792186611}, "datetime": {"datetime": "2021-09-29 17:26:15", "elapsed": 18.344073, "delta": 1.542019}}
{"target": -41.66058530781081, "params": {"C": 1457.1830570852264, "gamma": 0.005988132849039509}, "datetime": {"datetime": "2021-09-29 17:26:15", "elapsed": 18.825074, "delta": 0.481001}}
{"target": -43.61861178332953, "params": {"C": 1457.2004597256064, "gamma": 0.08395885849704181}, "datetime": {"datetime": "2021-09-29 17:26:15", "elapsed": 19.296074, "delta": 0.471}}
{"target": -43.624387665910966, "params": {"C": 1731.694557305104, "gamma": 0.08084985843840518}, "datetime": {"datetime": "2021-09-29 17:26:16", "elapsed": 20.050177, "delta": 0.754103}}
{"target": -43.47095153212922, "params": {"C": 1149.4812161457673, "gamma": 0.07978225520214882}, "datetime": {"datetime": "2021-09-29 17:26:17", "elapsed": 20.587176, "delta": 0.536999}}
{"target": -43.78203383616485, "params": {"C": 1676.3870495272881, "gamma": 0.08785067651415478}, "datetime": {"datetime": "2021-09-29 17:26:17", "elapsed": 21.170176, "delta": 0.583}}
{"target": -44.01843603156041, "params": {"C": 4608.452350065661, "gamma": 0.05443906960593699}, "datetime": {"datetime": "2021-09-29 17:26:18", "elapsed": 21.699393, "delta": 0.529217}}
{"target": -44.72285884038737, "params": {"C": 4085.186915083123, "gamma": 0.07893808424872914}, "datetime": {"datetime": "2021-09-29 17:26:18", "elapsed": 22.16839, "delta": 0.468997}}
{"target": -43.7021741149464, "params": {"C": 1288.158882058949, "gamma": 0.08864605037381394}, "datetime": {"datetime": "2021-09-29 17:26:19", "elapsed": 22.666395, "delta": 0.498005}}
{"target": -43.19750185250732, "params": {"C": 2532.3584872152173, "gamma": 0.055579116270257044}, "datetime": {"datetime": "2021-09-29 17:26:19", "elapsed": 23.216394, "delta": 0.549999}}
{"target": -41.96053461853476, "params": {"C": 4661.687478347772, "gamma": 0.01264884286542026}, "datetime": {"datetime": "2021-09-29 17:26:20", "elapsed": 23.773443, "delta": 0.557049}}
{"target": -42.63811942909475, "params": {"C": 1456.2461699565238, "gamma": 0.04985437635494889}, "datetime": {"datetime": "2021-09-29 17:26:21", "elapsed": 24.363393, "delta": 0.58995}}
{"target": -41.45369091162727, "params": {"C": 4608.327252467079, "gamma": 0.0041175156831611}, "datetime": {"datetime": "2021-09-29 17:26:21", "elapsed": 24.927407, "delta": 0.564014}}
{"target": -42.54499130482523, "params": {"C": 2062.2806233993624, "gamma": 0.041931266764452774}, "datetime": {"datetime": "2021-09-29 17:26:22", "elapsed": 25.478389, "delta": 0.550982}}
{"target": -41.51968846054416, "params": {"C": 4608.393325645828, "gamma": 0.005666576729082565}, "datetime": {"datetime": "2021-09-29 17:26:22", "elapsed": 26.067033, "delta": 0.588644}}
{"target": -41.51018810165471, "params": {"C": 1456.4151237492665, "gamma": 0.01439473413670939}, "datetime": {"datetime": "2021-09-29 17:26:23", "elapsed": 26.674651, "delta": 0.607618}}
{"target": -42.32794613137302, "params": {"C": 1456.3886373576831, "gamma": 0.040423329640180354}, "datetime": {"datetime": "2021-09-29 17:26:25", "elapsed": 28.407656, "delta": 1.733005}}
{"target": -41.741097875913994, "params": {"C": 1457.0370969613564, "gamma": 0.02285698275210618}, "datetime": {"datetime": "2021-09-29 17:26:25", "elapsed": 29.175651, "delta": 0.767995}}
{"target": -44.9652660317109, "params": {"C": 4199.273788770558, "gamma": 0.08450483991662346}, "datetime": {"datetime": "2021-09-29 17:26:26", "elapsed": 29.827507, "delta": 0.651856}}
{"target": -42.132511012778, "params": {"C": 2867.3854059596506, "gamma": 0.024486675927204465}, "datetime": {"datetime": "2021-09-29 17:26:27", "elapsed": 30.352507, "delta": 0.525}}
{"target": -44.00732080185077, "params": {"C": 4608.32924537197, "gamma": 0.05418367422964403}, "datetime": {"datetime": "2021-09-29 17:26:27", "elapsed": 30.960509, "delta": 0.608002}}
{"target": -42.15753546006359, "params": {"C": 4531.701347438525, "gamma": 0.016372331799489225}, "datetime": {"datetime": "2021-09-29 17:26:28", "elapsed": 31.607729, "delta": 0.64722}}
{"target": -41.81374919747923, "params": {"C": 4085.2295482076534, "gamma": 0.012086242430170837}, "datetime": {"datetime": "2021-09-29 17:26:29", "elapsed": 32.464728, "delta": 0.856999}}
{"target": -43.29730572083319, "params": {"C": 1456.9697654121305, "gamma": 0.07181110531596549}, "datetime": {"datetime": "2021-09-29 17:26:29", "elapsed": 33.189727, "delta": 0.724999}}
{"target": -44.27453380545908, "params": {"C": 4661.649018867637, "gamma": 0.059927179717726514}, "datetime": {"datetime": "2021-09-29 17:26:30", "elapsed": 33.915727, "delta": 0.726}}
{"target": -41.84549318925211, "params": {"C": 1731.6363272728452, "gamma": 0.0038219560974754696}, "datetime": {"datetime": "2021-09-29 17:26:31", "elapsed": 34.65273, "delta": 0.737003}}
{"target": -41.49759460638795, "params": {"C": 1457.2512486805533, "gamma": 0.008729886628278167}, "datetime": {"datetime": "2021-09-29 17:26:32", "elapsed": 35.371727, "delta": 0.718997}}
{"target": -42.3625452036635, "params": {"C": 1456.6954151573605, "gamma": 0.041456529723992344}, "datetime": {"datetime": "2021-09-29 17:26:32", "elapsed": 35.937098, "delta": 0.565371}}
{"target": -42.27026085447423, "params": {"C": 4085.350784761983, "gamma": 0.020336068880952136}, "datetime": {"datetime": "2021-09-29 17:26:33", "elapsed": 36.604183, "delta": 0.667085}}
{"target": -43.634392777175876, "params": {"C": 2996.934396703631, "gamma": 0.062438658556457395}, "datetime": {"datetime": "2021-09-29 17:26:33", "elapsed": 37.127182, "delta": 0.522999}}
{"target": -41.70753976049176, "params": {"C": 1456.4554438314676, "gamma": 0.021790520411126585}, "datetime": {"datetime": "2021-09-29 17:26:34", "elapsed": 37.723923, "delta": 0.596741}}
{"target": -42.5810023882203, "params": {"C": 1457.2958553220126, "gamma": 0.048081193361324895}, "datetime": {"datetime": "2021-09-29 17:26:34", "elapsed": 38.255923, "delta": 0.532}}
{"target": -42.24085792553669, "params": {"C": 2532.060924240005, "gamma": 0.02961834558585867}, "datetime": {"datetime": "2021-09-29 17:26:35", "elapsed": 38.938924, "delta": 0.683001}}
{"target": -41.62300040331115, "params": {"C": 1202.9322239397331, "gamma": 0.017902676761232333}, "datetime": {"datetime": "2021-09-29 17:26:36", "elapsed": 39.882485, "delta": 0.943561}}
{"target": -42.7938647717661, "params": {"C": 1676.5059868836684, "gamma": 0.052986627879991824}, "datetime": {"datetime": "2021-09-29 17:26:37", "elapsed": 40.548484, "delta": 0.665999}}
{"target": -42.74738252688262, "params": {"C": 4085.287206519889, "gamma": 0.030106095364260003}, "datetime": {"datetime": "2021-09-29 17:26:37", "elapsed": 41.113483, "delta": 0.564999}}
{"target": -41.56608045389505, "params": {"C": 1202.8911313726485, "gamma": 0.014481240419609468}, "datetime": {"datetime": "2021-09-29 17:26:38", "elapsed": 41.774758, "delta": 0.661275}}
{"target": -43.3053229894222, "params": {"C": 1202.9748435989304, "gamma": 0.07350756653488567}, "datetime": {"datetime": "2021-09-29 17:26:39", "elapsed": 42.722757, "delta": 0.947999}}
{"target": -42.93645310068989, "params": {"C": 3385.8368614392334, "gamma": 0.039737876783618994}, "datetime": {"datetime": "2021-09-29 17:26:40", "elapsed": 43.648758, "delta": 0.926001}}
{"target": -44.09337802809711, "params": {"C": 3856.883021781569, "gamma": 0.06430085196602532}, "datetime": {"datetime": "2021-09-29 17:26:41", "elapsed": 44.343757, "delta": 0.694999}}
{"target": -43.493499595877346, "params": {"C": 4661.744873440433, "gamma": 0.04228004733353209}, "datetime": {"datetime": "2021-09-29 17:26:41", "elapsed": 44.983758, "delta": 0.640001}}
{"target": -43.33227220770566, "params": {"C": 2430.9103140981074, "gamma": 0.060902165633923845}, "datetime": {"datetime": "2021-09-29 17:26:42", "elapsed": 45.598756, "delta": 0.614998}}
{"target": -43.738429786152864, "params": {"C": 2994.0650533647795, "gamma": 0.06555391810666532}, "datetime": {"datetime": "2021-09-29 17:26:42", "elapsed": 46.209474, "delta": 0.610718}}
{"target": -44.25812124169574, "params": {"C": 2867.3862043594245, "gamma": 0.08458530653861325}, "datetime": {"datetime": "2021-09-29 17:26:44", "elapsed": 47.94785, "delta": 1.738376}}
