{"target": -34.91747000282584, "params": {"C": 16700.28081860398, "gamma": 0.04340547176298926}, "datetime": {"datetime": "2021-09-29 07:54:54", "elapsed": 973.412903, "delta": 3.398143}}
{"target": -34.79872845209654, "params": {"C": 19687.78218858138, "gamma": 0.014127473212407222}, "datetime": {"datetime": "2021-09-29 07:54:57", "elapsed": 976.40033, "delta": 2.987427}}
{"target": -34.695906423739956, "params": {"C": 14485.786692771058, "gamma": 0.017057467183503084}, "datetime": {"datetime": "2021-09-29 07:55:03", "elapsed": 982.04917, "delta": 5.64884}}
{"target": -35.65236799571089, "params": {"C": 16991.050813838396, "gamma": 0.007846703256881214}, "datetime": {"datetime": "2021-09-29 07:55:08", "elapsed": 986.977944, "delta": 4.928774}}
{"target": -34.600733720447984, "params": {"C": 14984.476102019673, "gamma": 0.019525851755126805}, "datetime": {"datetime": "2021-09-29 07:55:13", "elapsed": 992.208902, "delta": 5.230958}}
{"target": -35.217473954966025, "params": {"C": 14375.587375636193, "gamma": 0.011487492132656565}, "datetime": {"datetime": "2021-09-29 07:55:16", "elapsed": 995.275411, "delta": 3.066509}}
{"target": -34.9753839538574, "params": {"C": 17112.592495905024, "gamma": 0.012837709236248496}, "datetime": {"datetime": "2021-09-29 07:55:22", "elapsed": 1001.142474, "delta": 5.867063}}
{"target": -34.91925778063676, "params": {"C": 16656.788739502383, "gamma": 0.04350518687482205}, "datetime": {"datetime": "2021-09-29 07:55:27", "elapsed": 1006.164701, "delta": 5.022227}}
{"target": -34.67443881733513, "params": {"C": 16656.825507442692, "gamma": 0.031535391747402636}, "datetime": {"datetime": "2021-09-29 07:55:33", "elapsed": 1011.889438, "delta": 5.724737}}
{"target": -34.84697971738924, "params": {"C": 16988.71344534716, "gamma": 0.04011370147911079}, "datetime": {"datetime": "2021-09-29 07:55:37", "elapsed": 1015.731649, "delta": 3.842211}}
{"target": -35.70618415653634, "params": {"C": 18079.049412533503, "gamma": 0.007399785882624381}, "datetime": {"datetime": "2021-09-29 07:55:43", "elapsed": 1021.745225, "delta": 6.013576}}
{"target": -34.616854416320066, "params": {"C": 19148.02041754203, "gamma": 0.027797437078912617}, "datetime": {"datetime": "2021-09-29 07:55:48", "elapsed": 1026.925648, "delta": 5.180423}}
{"target": -34.57650002005988, "params": {"C": 16736.21120332987, "gamma": 0.018737394726008737}, "datetime": {"datetime": "2021-09-29 07:55:51", "elapsed": 1030.304229, "delta": 3.378581}}
{"target": -34.97158601487412, "params": {"C": 19699.9195757869, "gamma": 0.043859514915260765}, "datetime": {"datetime": "2021-09-29 07:55:57", "elapsed": 1035.623966, "delta": 5.319737}}
{"target": -34.94046057644671, "params": {"C": 15773.145116570773, "gamma": 0.0135787483817369}, "datetime": {"datetime": "2021-09-29 07:56:02", "elapsed": 1041.004798, "delta": 5.380832}}
{"target": -35.37221282442774, "params": {"C": 15854.854691811788, "gamma": 0.06218314869414196}, "datetime": {"datetime": "2021-09-29 07:56:05", "elapsed": 1044.263951, "delta": 3.259153}}
{"target": -34.67960038445839, "params": {"C": 14846.486223742173, "gamma": 0.03210264960504068}, "datetime": {"datetime": "2021-09-29 07:56:10", "elapsed": 1048.509116, "delta": 4.245165}}
{"target": -35.03302623417523, "params": {"C": 16116.284701987624, "gamma": 0.04866223636763117}, "datetime": {"datetime": "2021-09-29 07:56:15", "elapsed": 1053.682896, "delta": 5.17378}}
{"target": -35.84322931748989, "params": {"C": 19359.225518648258, "gamma": 0.006489999258571579}, "datetime": {"datetime": "2021-09-29 07:56:18", "elapsed": 1056.819939, "delta": 3.137043}}
{"target": -34.98030279195835, "params": {"C": 14355.423229660353, "gamma": 0.01355863589427636}, "datetime": {"datetime": "2021-09-29 07:56:26", "elapsed": 1064.816288, "delta": 7.996349}}
{"target": -34.768460210893835, "params": {"C": 15043.075860794694, "gamma": 0.015854918225316893}, "datetime": {"datetime": "2021-09-29 07:56:30", "elapsed": 1069.274851, "delta": 4.458563}}
{"target": -34.67489172066712, "params": {"C": 14846.461030054215, "gamma": 0.03181246938458968}, "datetime": {"datetime": "2021-09-29 07:56:35", "elapsed": 1074.212084, "delta": 4.937233}}
{"target": -34.812043757878044, "params": {"C": 17372.03269096433, "gamma": 0.03839698876305016}, "datetime": {"datetime": "2021-09-29 07:56:40", "elapsed": 1079.068293, "delta": 4.856209}}
{"target": -34.809253674649874, "params": {"C": 19699.968489528266, "gamma": 0.0375629438788459}, "datetime": {"datetime": "2021-09-29 07:56:44", "elapsed": 1083.385053, "delta": 4.31676}}
{"target": -35.82856035681348, "params": {"C": 17583.032896595905, "gamma": 0.07353386160109679}, "datetime": {"datetime": "2021-09-29 07:56:48", "elapsed": 1086.935948, "delta": 3.550895}}
{"target": -34.77045390231026, "params": {"C": 17944.354918350997, "gamma": 0.036328462987420485}, "datetime": {"datetime": "2021-09-29 07:56:51", "elapsed": 1090.062697, "delta": 3.126749}}
{"target": -35.105516549624646, "params": {"C": 16398.849377425024, "gamma": 0.05157414531199938}, "datetime": {"datetime": "2021-09-29 07:56:55", "elapsed": 1093.747505, "delta": 3.684808}}
{"target": -34.68584594007278, "params": {"C": 16054.499199845102, "gamma": 0.032296138310278596}, "datetime": {"datetime": "2021-09-29 07:57:01", "elapsed": 1099.901974, "delta": 6.154469}}
{"target": -36.4228393236709, "params": {"C": 19833.312513278783, "gamma": 0.003297659426484729}, "datetime": {"datetime": "2021-09-29 07:57:04", "elapsed": 1103.229185, "delta": 3.327211}}
{"target": -36.33246211130531, "params": {"C": 16403.727791885914, "gamma": 0.003710215934014438}, "datetime": {"datetime": "2021-09-29 07:57:08", "elapsed": 1106.885078, "delta": 3.655893}}
{"target": -34.825614269953476, "params": {"C": 14846.478551230666, "gamma": 0.039870668162813414}, "datetime": {"datetime": "2021-09-29 07:57:12", "elapsed": 1111.349589, "delta": 4.464511}}
{"target": -34.534304175842195, "params": {"C": 19549.586348809527, "gamma": 0.021296997170380808}, "datetime": {"datetime": "2021-09-29 07:57:17", "elapsed": 1116.007715, "delta": 4.658126}}
{"target": -35.704112212932, "params": {"C": 19134.93582047457, "gamma": 0.007331117166367314}, "datetime": {"datetime": "2021-09-29 07:57:20", "elapsed": 1119.342059, "delta": 3.334344}}
{"target": -34.73773634079313, "params": {"C": 14735.701242099603, "gamma": 0.035539701839229235}, "datetime": {"datetime": "2021-09-29 07:57:26", "elapsed": 1124.766346, "delta": 5.424287}}
{"target": -34.84986208576456, "params": {"C": 18727.683013861777, "gamma": 0.03962876245706062}, "datetime": {"datetime": "2021-09-29 07:57:29", "elapsed": 1128.305545, "delta": 3.539199}}
{"target": -34.57534146527741, "params": {"C": 18769.613164242488, "gamma": 0.02500001135803897}, "datetime": {"datetime": "2021-09-29 07:57:33", "elapsed": 1131.528752, "delta": 3.223207}}
{"target": -34.97477035598756, "params": {"C": 18952.336796501655, "gamma": 0.012411702940320683}, "datetime": {"datetime": "2021-09-29 07:57:36", "elapsed": 1135.145615, "delta": 3.616863}}
{"target": -34.62793599058343, "params": {"C": 18370.769583249537, "gamma": 0.028541700319253877}, "datetime": {"datetime": "2021-09-29 07:57:39", "elapsed": 1138.30752, "delta": 3.161905}}
{"target": -34.67168065583586, "params": {"C": 16479.435914637295, "gamma": 0.03139643149246041}, "datetime": {"datetime": "2021-09-29 07:57:45", "elapsed": 1143.83452, "delta": 5.527}}
{"target": -34.66947752674956, "params": {"C": 18044.638993207147, "gamma": 0.031053883440686745}, "datetime": {"datetime": "2021-09-29 07:57:52", "elapsed": 1151.301026, "delta": 7.466506}}
{"target": -36.347862794254056, "params": {"C": 18398.762287300346, "gamma": 0.0037486062734451587}, "datetime": {"datetime": "2021-09-29 07:57:56", "elapsed": 1154.631468, "delta": 3.330442}}
{"target": -35.425652263617216, "params": {"C": 18153.38316472907, "gamma": 0.009217119536307602}, "datetime": {"datetime": "2021-09-29 07:58:02", "elapsed": 1161.150286, "delta": 6.518818}}
{"target": -34.98640900630273, "params": {"C": 14460.32601054735, "gamma": 0.04756444764673031}, "datetime": {"datetime": "2021-09-29 07:58:06", "elapsed": 1164.820117, "delta": 3.669831}}
{"target": -34.956606904804204, "params": {"C": 15012.121049211179, "gamma": 0.04594705248501186}, "datetime": {"datetime": "2021-09-29 07:58:12", "elapsed": 1170.835814, "delta": 6.015697}}
{"target": -35.85925674505791, "params": {"C": 14847.700355487956, "gamma": 0.006745552721168741}, "datetime": {"datetime": "2021-09-29 07:58:19", "elapsed": 1177.545987, "delta": 6.710173}}
{"target": -34.61650778473372, "params": {"C": 16691.085378377094, "gamma": 0.027897982037375254}, "datetime": {"datetime": "2021-09-29 07:58:22", "elapsed": 1180.741114, "delta": 3.195127}}
{"target": -35.41250113753544, "params": {"C": 14523.57396216498, "gamma": 0.009909242321653314}, "datetime": {"datetime": "2021-09-29 07:58:25", "elapsed": 1184.255645, "delta": 3.514531}}
{"target": -34.67284431487566, "params": {"C": 18079.037952525065, "gamma": 0.031241145836234246}, "datetime": {"datetime": "2021-09-29 07:58:30", "elapsed": 1189.387961, "delta": 5.132316}}
{"target": -34.62374948809585, "params": {"C": 16335.71258488835, "gamma": 0.02839973079388243}, "datetime": {"datetime": "2021-09-29 07:58:38", "elapsed": 1196.91487, "delta": 7.526909}}
{"target": -34.5699400872503, "params": {"C": 16205.334740033366, "gamma": 0.019712616119226506}, "datetime": {"datetime": "2021-09-29 07:58:43", "elapsed": 1202.032835, "delta": 5.117965}}
{"target": -34.568097094995856, "params": {"C": 14605.836314249806, "gamma": 0.022441655680512186}, "datetime": {"datetime": "2021-09-29 07:58:50", "elapsed": 1208.833057, "delta": 6.800222}}
{"target": -35.75455904378963, "params": {"C": 14193.38984762658, "gamma": 0.07745845058436461}, "datetime": {"datetime": "2021-09-29 07:58:54", "elapsed": 1212.738238, "delta": 3.905181}}
{"target": -34.83523297588435, "params": {"C": 15831.836990862717, "gamma": 0.03998310935689349}, "datetime": {"datetime": "2021-09-29 07:58:57", "elapsed": 1216.256538, "delta": 3.5183}}
{"target": -35.73927206585974, "params": {"C": 15876.182699714534, "gamma": 0.0073900679410023986}, "datetime": {"datetime": "2021-09-29 07:59:03", "elapsed": 1221.715449, "delta": 5.458911}}
{"target": -34.657818949693656, "params": {"C": 16447.86372238074, "gamma": 0.030563127116603632}, "datetime": {"datetime": "2021-09-29 07:59:07", "elapsed": 1225.723105, "delta": 4.007656}}
{"target": -34.84676804223881, "params": {"C": 19699.963162598848, "gamma": 0.013574761372170771}, "datetime": {"datetime": "2021-09-29 07:59:14", "elapsed": 1233.153566, "delta": 7.430461}}
{"target": -34.80901464872348, "params": {"C": 15339.320412415826, "gamma": 0.03890267169850221}, "datetime": {"datetime": "2021-09-29 07:59:20", "elapsed": 1238.466361, "delta": 5.312795}}
{"target": -34.61287376619818, "params": {"C": 19395.973069663687, "gamma": 0.027532740350798862}, "datetime": {"datetime": "2021-09-29 07:59:25", "elapsed": 1243.868498, "delta": 5.402137}}
{"target": -35.943494162999045, "params": {"C": 18942.868797412277, "gamma": 0.07413934175323174}, "datetime": {"datetime": "2021-09-29 07:59:29", "elapsed": 1247.437068, "delta": 3.56857}}
{"target": -34.763949121675694, "params": {"C": 19175.540043083376, "gamma": 0.035717257415995164}, "datetime": {"datetime": "2021-09-29 07:59:33", "elapsed": 1251.696101, "delta": 4.259033}}
{"target": -35.4672578878994, "params": {"C": 19395.99778300278, "gamma": 0.008779774753942527}, "datetime": {"datetime": "2021-09-29 07:59:39", "elapsed": 1257.7673, "delta": 6.071199}}
{"target": -34.915602234961376, "params": {"C": 16297.097457366242, "gamma": 0.04350181281924112}, "datetime": {"datetime": "2021-09-29 07:59:43", "elapsed": 1261.710794, "delta": 3.943494}}
{"target": -34.65937242390891, "params": {"C": 16381.322789615988, "gamma": 0.030665800172630084}, "datetime": {"datetime": "2021-09-29 07:59:49", "elapsed": 1268.285695, "delta": 6.574901}}
{"target": -34.993297054316336, "params": {"C": 18767.86061862917, "gamma": 0.04529757156408445}, "datetime": {"datetime": "2021-09-29 07:59:55", "elapsed": 1273.791403, "delta": 5.505708}}
{"target": -34.63104059576575, "params": {"C": 15876.158658623759, "gamma": 0.028910812755164973}, "datetime": {"datetime": "2021-09-29 08:00:04", "elapsed": 1283.071881, "delta": 9.280478}}
{"target": -34.65529060610456, "params": {"C": 18459.144147089348, "gamma": 0.030181414299246086}, "datetime": {"datetime": "2021-09-29 08:00:10", "elapsed": 1289.070188, "delta": 5.998307}}
{"target": -34.61560717296125, "params": {"C": 16801.065041565937, "gamma": 0.027832690123376722}, "datetime": {"datetime": "2021-09-29 08:00:16", "elapsed": 1294.626815, "delta": 5.556627}}
{"target": -35.19461265545739, "params": {"C": 16901.062014639643, "gamma": 0.011064784433799567}, "datetime": {"datetime": "2021-09-29 08:00:20", "elapsed": 1298.970735, "delta": 4.34392}}
{"target": -34.55832688313059, "params": {"C": 17920.179573953086, "gamma": 0.018660481259790446}, "datetime": {"datetime": "2021-09-29 08:00:24", "elapsed": 1303.357267, "delta": 4.386532}}
{"target": -35.36989361700554, "params": {"C": 19163.512102433026, "gamma": 0.056989060894215404}, "datetime": {"datetime": "2021-09-29 08:00:29", "elapsed": 1308.13599, "delta": 4.778723}}
{"target": -34.5377654631198, "params": {"C": 18370.75032792398, "gamma": 0.019653974384398563}, "datetime": {"datetime": "2021-09-29 08:00:39", "elapsed": 1317.594375, "delta": 9.458385}}
{"target": -34.80109548059961, "params": {"C": 17599.273102901083, "gamma": 0.03782826761957502}, "datetime": {"datetime": "2021-09-29 08:00:51", "elapsed": 1329.635249, "delta": 12.040874}}
{"target": -35.13305120013447, "params": {"C": 15895.830475339591, "gamma": 0.05310815183456126}, "datetime": {"datetime": "2021-09-29 08:00:57", "elapsed": 1335.529915, "delta": 5.894666}}
{"target": -34.96614628305054, "params": {"C": 16657.263495873412, "gamma": 0.045543199152664825}, "datetime": {"datetime": "2021-09-29 08:01:09", "elapsed": 1348.310473, "delta": 12.780558}}
{"target": -34.91882823427362, "params": {"C": 14188.932653879172, "gamma": 0.044638905300982266}, "datetime": {"datetime": "2021-09-29 08:01:16", "elapsed": 1354.99758, "delta": 6.687107}}
{"target": -34.81660572090088, "params": {"C": 17112.569419634732, "gamma": 0.014546143416798767}, "datetime": {"datetime": "2021-09-29 08:01:25", "elapsed": 1363.526572, "delta": 8.528992}}
{"target": -35.755552879021536, "params": {"C": 17091.272459209096, "gamma": 0.0071656808501753995}, "datetime": {"datetime": "2021-09-29 08:01:30", "elapsed": 1368.678535, "delta": 5.151963}}
{"target": -34.606285679483754, "params": {"C": 19823.80035312149, "gamma": 0.0270939986761656}, "datetime": {"datetime": "2021-09-29 08:01:42", "elapsed": 1380.655016, "delta": 11.976481}}
{"target": -35.33335932778987, "params": {"C": 14015.39429887374, "gamma": 0.06329765619832903}, "datetime": {"datetime": "2021-09-29 08:01:46", "elapsed": 1385.358159, "delta": 4.703143}}
{"target": -35.82219258184056, "params": {"C": 14605.839652151733, "gamma": 0.0070040704203169}, "datetime": {"datetime": "2021-09-29 08:01:52", "elapsed": 1391.375206, "delta": 6.017047}}
{"target": -34.58045155296281, "params": {"C": 19549.59981220908, "gamma": 0.025374027028751578}, "datetime": {"datetime": "2021-09-29 08:01:59", "elapsed": 1397.53774, "delta": 6.162534}}
{"target": -35.00911291770498, "params": {"C": 19938.793278632867, "gamma": 0.011881153535826298}, "datetime": {"datetime": "2021-09-29 08:02:09", "elapsed": 1407.482851, "delta": 9.945111}}
{"target": -34.85322743837115, "params": {"C": 17629.12339378902, "gamma": 0.04016451779449124}, "datetime": {"datetime": "2021-09-29 08:02:13", "elapsed": 1412.195199, "delta": 4.712348}}
{"target": -34.685254374946325, "params": {"C": 19555.509321469108, "gamma": 0.031694904748689266}, "datetime": {"datetime": "2021-09-29 08:02:21", "elapsed": 1419.681542, "delta": 7.486343}}
{"target": -35.088583250335546, "params": {"C": 14530.055924508217, "gamma": 0.052109832849090286}, "datetime": {"datetime": "2021-09-29 08:02:27", "elapsed": 1426.101373, "delta": 6.419831}}
{"target": -34.759311746325025, "params": {"C": 17504.326364998513, "gamma": 0.035923846022067774}, "datetime": {"datetime": "2021-09-29 08:02:38", "elapsed": 1436.798568, "delta": 10.697195}}
{"target": -35.847047744739726, "params": {"C": 16900.28097937429, "gamma": 0.07549061437698737}, "datetime": {"datetime": "2021-09-29 08:02:42", "elapsed": 1441.226291, "delta": 4.427723}}
{"target": -34.59075094868669, "params": {"C": 16447.881089467402, "gamma": 0.026101568532141954}, "datetime": {"datetime": "2021-09-29 08:02:48", "elapsed": 1446.958679, "delta": 5.732388}}
{"target": -34.887983802824316, "params": {"C": 17627.451135358933, "gamma": 0.013618613701730363}, "datetime": {"datetime": "2021-09-29 08:02:56", "elapsed": 1454.647931, "delta": 7.689252}}
{"target": -36.191395929835686, "params": {"C": 23856.60321633373, "gamma": 0.004597900100673916}, "datetime": {"datetime": "2021-09-29 08:03:08", "elapsed": 0.0, "delta": 0.0}}
{"target": -35.71255522213874, "params": {"C": 23168.241174631377, "gamma": 0.06065789895547311}, "datetime": {"datetime": "2021-09-29 08:03:08", "elapsed": 0.260605, "delta": 0.260605}}
{"target": -34.5144799377116, "params": {"C": 22492.535061512954, "gamma": 0.02030934170587527}, "datetime": {"datetime": "2021-09-29 08:03:09", "elapsed": 0.808608, "delta": 0.548003}}
{"target": -35.62725038531066, "params": {"C": 20990.31432379812, "gamma": 0.06156086483931982}, "datetime": {"datetime": "2021-09-29 08:03:09", "elapsed": 1.001606, "delta": 0.192998}}
{"target": -34.52084343231238, "params": {"C": 22491.55053758612, "gamma": 0.02092373371848204}, "datetime": {"datetime": "2021-09-29 08:03:09", "elapsed": 1.619607, "delta": 0.618001}}
{"target": -36.36861190794002, "params": {"C": 22666.79946403514, "gamma": 0.08}, "datetime": {"datetime": "2021-09-29 08:03:10", "elapsed": 2.159915, "delta": 0.540308}}
{"target": -34.95643143585205, "params": {"C": 22348.72218222847, "gamma": 0.04166957162362073}, "datetime": {"datetime": "2021-09-29 08:03:11", "elapsed": 2.852917, "delta": 0.693002}}
{"target": -34.74972111342194, "params": {"C": 22228.112504623852, "gamma": 0.03411860822755747}, "datetime": {"datetime": "2021-09-29 08:03:11", "elapsed": 3.348917, "delta": 0.496}}
{"target": -34.84583055719135, "params": {"C": 22114.69914777058, "gamma": 0.01311665334893014}, "datetime": {"datetime": "2021-09-29 08:03:12", "elapsed": 4.505276, "delta": 1.156359}}
{"target": -34.51744720708671, "params": {"C": 21972.72745491526, "gamma": 0.020324469735966938}, "datetime": {"datetime": "2021-09-29 08:03:13", "elapsed": 5.235458, "delta": 0.730182}}
{"target": -36.32011342403577, "params": {"C": 21864.30335751775, "gamma": 0.08}, "datetime": {"datetime": "2021-09-29 08:03:14", "elapsed": 5.776458, "delta": 0.541}}
{"target": -35.621646374220504, "params": {"C": 22033.764414471247, "gamma": 0.059804706858239035}, "datetime": {"datetime": "2021-09-29 08:03:15", "elapsed": 6.993043, "delta": 1.216585}}
{"target": -35.094168333475686, "params": {"C": 22173.229730149094, "gamma": 0.04586639294522281}, "datetime": {"datetime": "2021-09-29 08:03:15", "elapsed": 7.452047, "delta": 0.459004}}
{"target": -36.34563413966996, "params": {"C": 22283.556668552716, "gamma": 0.08}, "datetime": {"datetime": "2021-09-29 08:03:16", "elapsed": 8.140807, "delta": 0.68876}}
{"target": -34.654132401459236, "params": {"C": 21943.191372543897, "gamma": 0.029685217428328657}, "datetime": {"datetime": "2021-09-29 08:03:17", "elapsed": 9.048807, "delta": 0.908}}
{"target": -35.923457033405995, "params": {"C": 22541.01491756318, "gamma": 0.005895930684460994}, "datetime": {"datetime": "2021-09-29 08:03:17", "elapsed": 9.551809, "delta": 0.503002}}
{"target": -36.35209610441812, "params": {"C": 22390.778040098314, "gamma": 0.08}, "datetime": {"datetime": "2021-09-29 08:03:18", "elapsed": 10.411143, "delta": 0.859334}}
{"target": -34.619640153739866, "params": {"C": 22203.937920905162, "gamma": 0.015774389587425625}, "datetime": {"datetime": "2021-09-29 08:03:19", "elapsed": 10.96814, "delta": 0.556997}}
{"target": -34.49946702768819, "params": {"C": 24741.390232559774, "gamma": 0.01847563720935382}, "datetime": {"datetime": "2021-09-29 08:03:19", "elapsed": 11.62114, "delta": 0.653}}
{"target": -34.53752400197976, "params": {"C": 24709.106310337218, "gamma": 0.016447067434837044}, "datetime": {"datetime": "2021-09-29 08:03:20", "elapsed": 12.437174, "delta": 0.816034}}
{"target": -36.13544257366812, "params": {"C": 24781.83604102971, "gamma": 0.06967344075584858}, "datetime": {"datetime": "2021-09-29 08:03:21", "elapsed": 13.148174, "delta": 0.711}}
{"target": -35.89901243237038, "params": {"C": 24671.710567566264, "gamma": 0.06355800757791717}, "datetime": {"datetime": "2021-09-29 08:03:22", "elapsed": 14.009172, "delta": 0.860998}}
{"target": -35.59856384648382, "params": {"C": 22083.48440545385, "gamma": 0.05908257636889131}, "datetime": {"datetime": "2021-09-29 08:03:22", "elapsed": 14.637173, "delta": 0.628001}}
{"target": -34.511646040407484, "params": {"C": 24725.51834075965, "gamma": 0.020345725727511914}, "datetime": {"datetime": "2021-09-29 08:03:23", "elapsed": 15.124174, "delta": 0.487001}}
{"target": -34.689296691223056, "params": {"C": 20478.667904815462, "gamma": 0.03174936592878251}, "datetime": {"datetime": "2021-09-29 08:03:23", "elapsed": 15.712174, "delta": 0.588}}
{"target": -34.628244365970524, "params": {"C": 20514.085778319517, "gamma": 0.02839307210438026}, "datetime": {"datetime": "2021-09-29 08:03:24", "elapsed": 16.404241, "delta": 0.692067}}
{"target": -34.91636006490453, "params": {"C": 20552.92988079706, "gamma": 0.04121895254270307}, "datetime": {"datetime": "2021-09-29 08:03:25", "elapsed": 17.032242, "delta": 0.628001}}
