{"target": -35.51051986558855, "params": {"C": 31287.271644735112, "gamma": 0.007469249644462619}, "datetime": {"datetime": "2021-09-29 08:54:10", "elapsed": 134.820624, "delta": 1.063657}}
{"target": -35.10775060996223, "params": {"C": 31567.063491336332, "gamma": 0.039561322671944475}, "datetime": {"datetime": "2021-09-29 08:54:11", "elapsed": 135.788623, "delta": 0.967999}}
{"target": -34.7492232495226, "params": {"C": 32704.965654243293, "gamma": 0.03060599278263082}, "datetime": {"datetime": "2021-09-29 08:54:12", "elapsed": 136.736699, "delta": 0.948076}}
{"target": -36.429616997712, "params": {"C": 33982.695337234916, "gamma": 0.06570085987097486}, "datetime": {"datetime": "2021-09-29 08:54:13", "elapsed": 137.699697, "delta": 0.962998}}
{"target": -35.057930886142216, "params": {"C": 30049.719765829468, "gamma": 0.03919773047075062}, "datetime": {"datetime": "2021-09-29 08:54:14", "elapsed": 138.657945, "delta": 0.958248}}
{"target": -36.71298873843668, "params": {"C": 34056.67317103693, "gamma": 0.0722526301643557}, "datetime": {"datetime": "2021-09-29 08:54:15", "elapsed": 139.647943, "delta": 0.989998}}
{"target": -36.339134007777886, "params": {"C": 34639.69657684848, "gamma": 0.06286405193811949}, "datetime": {"datetime": "2021-09-29 08:54:16", "elapsed": 140.599139, "delta": 0.951196}}
{"target": -36.577622413034376, "params": {"C": 34651.22099448561, "gamma": 0.06852602095755195}, "datetime": {"datetime": "2021-09-29 08:54:17", "elapsed": 141.599138, "delta": 0.999999}}
{"target": -34.54281408018875, "params": {"C": 31880.646857367796, "gamma": 0.022864629562096114}, "datetime": {"datetime": "2021-09-29 08:54:18", "elapsed": 142.501465, "delta": 0.902327}}
{"target": -34.52018901006515, "params": {"C": 31697.82138691419, "gamma": 0.02143096883029656}, "datetime": {"datetime": "2021-09-29 08:54:19", "elapsed": 143.529463, "delta": 1.027998}}
{"target": -35.18514208019648, "params": {"C": 30517.742434557866, "gamma": 0.041960619178932436}, "datetime": {"datetime": "2021-09-29 08:54:20", "elapsed": 144.494666, "delta": 0.965203}}
{"target": -35.06326952951021, "params": {"C": 31228.28595256071, "gamma": 0.03867117726650462}, "datetime": {"datetime": "2021-09-29 08:54:21", "elapsed": 145.588665, "delta": 1.093999}}
{"target": -36.11230080181409, "params": {"C": 31444.38302417414, "gamma": 0.06070332044034016}, "datetime": {"datetime": "2021-09-29 08:54:22", "elapsed": 146.631233, "delta": 1.042568}}
{"target": -34.94104426598346, "params": {"C": 32730.03818389417, "gamma": 0.0350330828651581}, "datetime": {"datetime": "2021-09-29 08:54:23", "elapsed": 147.684225, "delta": 1.052992}}
{"target": -36.89137394491006, "params": {"C": 34519.60942209322, "gamma": 0.07587115812232983}, "datetime": {"datetime": "2021-09-29 08:54:24", "elapsed": 148.763373, "delta": 1.079148}}
{"target": -36.40970536728995, "params": {"C": 30270.5897876335, "gamma": 0.06947608708886233}, "datetime": {"datetime": "2021-09-29 08:54:25", "elapsed": 149.745377, "delta": 0.982004}}
{"target": -35.57665736635927, "params": {"C": 31886.83368334318, "gamma": 0.0071249256149967365}, "datetime": {"datetime": "2021-09-29 08:54:26", "elapsed": 150.79691, "delta": 1.051533}}
{"target": -34.875835172945, "params": {"C": 33561.67801379841, "gamma": 0.03316477164663843}, "datetime": {"datetime": "2021-09-29 08:54:27", "elapsed": 151.831615, "delta": 1.034705}}
{"target": -34.6344152380376, "params": {"C": 30547.72037206404, "gamma": 0.014181000226115958}, "datetime": {"datetime": "2021-09-29 08:54:29", "elapsed": 153.338796, "delta": 1.507181}}
{"target": -36.071661131822964, "params": {"C": 31973.48284872766, "gamma": 0.05914087474929255}, "datetime": {"datetime": "2021-09-29 08:54:30", "elapsed": 154.568112, "delta": 1.229316}}
{"target": -35.718026827462175, "params": {"C": 32971.22053466117, "gamma": 0.050615911041410465}, "datetime": {"datetime": "2021-09-29 08:54:31", "elapsed": 155.594152, "delta": 1.02604}}
{"target": -34.9461146142198, "params": {"C": 31620.140809168963, "gamma": 0.0356885687759616}, "datetime": {"datetime": "2021-09-29 08:54:32", "elapsed": 156.565746, "delta": 0.971594}}
{"target": -34.76589374990944, "params": {"C": 34532.634114374196, "gamma": 0.012278492208859713}, "datetime": {"datetime": "2021-09-29 08:54:34", "elapsed": 158.109675, "delta": 1.543929}}
{"target": -36.77411853189116, "params": {"C": 33504.52823987494, "gamma": 0.07438547064892498}, "datetime": {"datetime": "2021-09-29 08:54:35", "elapsed": 159.107677, "delta": 0.998002}}
{"target": -34.663163660965715, "params": {"C": 33898.45919067797, "gamma": 0.013438088413466855}, "datetime": {"datetime": "2021-09-29 08:54:36", "elapsed": 160.113024, "delta": 1.005347}}
{"target": -35.98362868547185, "params": {"C": 33708.84079136513, "gamma": 0.055475859574753456}, "datetime": {"datetime": "2021-09-29 08:54:37", "elapsed": 161.478021, "delta": 1.364997}}
{"target": -35.666325239854864, "params": {"C": 33748.14600094544, "gamma": 0.006626811268599542}, "datetime": {"datetime": "2021-09-29 08:54:38", "elapsed": 162.788432, "delta": 1.310411}}
{"target": -36.04698310986867, "params": {"C": 33124.610607602874, "gamma": 0.05742672953488737}, "datetime": {"datetime": "2021-09-29 08:54:40", "elapsed": 164.016428, "delta": 1.227996}}
{"target": -36.14660798288673, "params": {"C": 33272.52607676639, "gamma": 0.05964225024313507}, "datetime": {"datetime": "2021-09-29 08:54:41", "elapsed": 164.979598, "delta": 0.96317}}
{"target": -35.13355749102276, "params": {"C": 33155.33206566538, "gamma": 0.03932239590243249}, "datetime": {"datetime": "2021-09-29 08:54:42", "elapsed": 165.988597, "delta": 1.008999}}
{"target": -34.50553230796615, "params": {"C": 34290.008062169014, "gamma": 0.02048988607910124}, "datetime": {"datetime": "2021-09-29 08:54:43", "elapsed": 166.992508, "delta": 1.003911}}
{"target": -36.10932751088191, "params": {"C": 31974.049104015023, "gamma": 0.060061728000194874}, "datetime": {"datetime": "2021-09-29 08:54:44", "elapsed": 168.009519, "delta": 1.017011}}
{"target": -34.878546507461614, "params": {"C": 33741.649857812474, "gamma": 0.033150097104101016}, "datetime": {"datetime": "2021-09-29 08:54:45", "elapsed": 169.55615, "delta": 1.546631}}
{"target": -35.834951017178476, "params": {"C": 31753.997156427686, "gamma": 0.005981525419016904}, "datetime": {"datetime": "2021-09-29 08:54:47", "elapsed": 171.070333, "delta": 1.514183}}
{"target": -36.340609886299625, "params": {"C": 30689.932931735348, "gamma": 0.003916310864893623}, "datetime": {"datetime": "2021-09-29 08:54:48", "elapsed": 172.119047, "delta": 1.048714}}
{"target": -35.78887279955952, "params": {"C": 30680.402007619698, "gamma": 0.05397799287584345}, "datetime": {"datetime": "2021-09-29 08:54:49", "elapsed": 173.179049, "delta": 1.060002}}
{"target": -35.6076357277677, "params": {"C": 32084.53073263418, "gamma": 0.00697261543141396}, "datetime": {"datetime": "2021-09-29 08:54:50", "elapsed": 174.275908, "delta": 1.096859}}
{"target": -34.71269123299277, "params": {"C": 34225.54748359533, "gamma": 0.012865110076049072}, "datetime": {"datetime": "2021-09-29 08:54:51", "elapsed": 175.307325, "delta": 1.031417}}
{"target": -34.50887679491357, "params": {"C": 31893.56467896873, "gamma": 0.020641212851476395}, "datetime": {"datetime": "2021-09-29 08:54:52", "elapsed": 176.26451, "delta": 0.957185}}
{"target": -36.122742809091385, "params": {"C": 31495.086269472686, "gamma": 0.06091216327932252}, "datetime": {"datetime": "2021-09-29 08:54:53", "elapsed": 177.56164, "delta": 1.29713}}
{"target": -36.783201685450386, "params": {"C": 33991.76494479228, "gamma": 0.07396011702373118}, "datetime": {"datetime": "2021-09-29 08:54:54", "elapsed": 178.649194, "delta": 1.087554}}
{"target": -35.76900261790401, "params": {"C": 31630.843073396016, "gamma": 0.05272512225162715}, "datetime": {"datetime": "2021-09-29 08:54:55", "elapsed": 179.709193, "delta": 1.059999}}
{"target": -35.260292542667734, "params": {"C": 31483.838678726606, "gamma": 0.04272780567559614}, "datetime": {"datetime": "2021-09-29 08:54:56", "elapsed": 180.753835, "delta": 1.044642}}
{"target": -34.90005884728708, "params": {"C": 31403.07240914104, "gamma": 0.011337082663744755}, "datetime": {"datetime": "2021-09-29 08:54:57", "elapsed": 181.793443, "delta": 1.039608}}
{"target": -36.74776601991617, "params": {"C": 32077.009601507205, "gamma": 0.07572064000310141}, "datetime": {"datetime": "2021-09-29 08:54:59", "elapsed": 183.046791, "delta": 1.253348}}
{"target": -36.63326951733849, "params": {"C": 33484.30244926489, "gamma": 0.07114814624873918}, "datetime": {"datetime": "2021-09-29 08:55:00", "elapsed": 184.109789, "delta": 1.062998}}
{"target": -34.622411486818685, "params": {"C": 31576.130383451353, "gamma": 0.026427691743471995}, "datetime": {"datetime": "2021-09-29 08:55:01", "elapsed": 185.199496, "delta": 1.089707}}
{"target": -34.534796121262005, "params": {"C": 31854.83002173798, "gamma": 0.022378609842682123}, "datetime": {"datetime": "2021-09-29 08:55:02", "elapsed": 186.321744, "delta": 1.122248}}
{"target": -35.5428552719159, "params": {"C": 30588.886305626565, "gamma": 0.007362129193258823}, "datetime": {"datetime": "2021-09-29 08:55:03", "elapsed": 187.692418, "delta": 1.370674}}
{"target": -36.55394413477725, "params": {"C": 31881.998300705363, "gamma": 0.07106456663841582}, "datetime": {"datetime": "2021-09-29 08:55:04", "elapsed": 188.794554, "delta": 1.102136}}
{"target": -34.88712655331388, "params": {"C": 33910.86639978921, "gamma": 0.011194966438702002}, "datetime": {"datetime": "2021-09-29 08:55:06", "elapsed": 190.494832, "delta": 1.700278}}
{"target": -34.529228596817816, "params": {"C": 34496.62844718965, "gamma": 0.022019790200984417}, "datetime": {"datetime": "2021-09-29 08:55:07", "elapsed": 191.606831, "delta": 1.111999}}
{"target": -36.209738237671665, "params": {"C": 33291.40498252878, "gamma": 0.06119543004649601}, "datetime": {"datetime": "2021-09-29 08:55:08", "elapsed": 192.691703, "delta": 1.084872}}
{"target": -35.11324729843282, "params": {"C": 31484.85961887498, "gamma": 0.039741038273107834}, "datetime": {"datetime": "2021-09-29 08:55:09", "elapsed": 193.749703, "delta": 1.058}}
{"target": -36.19182576496255, "params": {"C": 30297.36945903765, "gamma": 0.06412854937152382}, "datetime": {"datetime": "2021-09-29 08:55:11", "elapsed": 195.372443, "delta": 1.62274}}
{"target": -35.09124052310694, "params": {"C": 32478.029179356326, "gamma": 0.038673918863507524}, "datetime": {"datetime": "2021-09-29 08:55:12", "elapsed": 196.481164, "delta": 1.108721}}
{"target": -35.94421761723404, "params": {"C": 33404.63480841615, "gamma": 0.05488710075067454}, "datetime": {"datetime": "2021-09-29 08:55:14", "elapsed": 197.944764, "delta": 1.4636}}
{"target": -35.032272556849, "params": {"C": 30417.290768218554, "gamma": 0.038364474011370206}, "datetime": {"datetime": "2021-09-29 08:55:15", "elapsed": 199.081248, "delta": 1.136484}}
{"target": -36.75140074295248, "params": {"C": 34801.1235235106, "gamma": 0.07220814271383331}, "datetime": {"datetime": "2021-09-29 08:55:16", "elapsed": 200.201777, "delta": 1.120529}}
{"target": -34.6277533001411, "params": {"C": 34668.78672957061, "gamma": 0.013744450370436742}, "datetime": {"datetime": "2021-09-29 08:55:17", "elapsed": 201.316507, "delta": 1.11473}}
{"target": -34.895963650409556, "params": {"C": 31366.347454854724, "gamma": 0.034620401529921685}, "datetime": {"datetime": "2021-09-29 08:55:18", "elapsed": 202.762386, "delta": 1.445879}}
{"target": -34.79305923124656, "params": {"C": 30441.723282798055, "gamma": 0.03261382840728585}, "datetime": {"datetime": "2021-09-29 08:55:20", "elapsed": 203.861385, "delta": 1.098999}}
{"target": -35.09323549328449, "params": {"C": 34049.06630048919, "gamma": 0.03792739738365325}, "datetime": {"datetime": "2021-09-29 08:55:21", "elapsed": 204.991089, "delta": 1.129704}}
{"target": -36.05663671066857, "params": {"C": 34900.930365707776, "gamma": 0.05603905973563997}, "datetime": {"datetime": "2021-09-29 08:55:22", "elapsed": 206.43419, "delta": 1.443101}}
{"target": -36.569293146387174, "params": {"C": 32462.90406171817, "gamma": 0.0030023369492434525}, "datetime": {"datetime": "2021-09-29 08:55:23", "elapsed": 207.60782, "delta": 1.17363}}
{"target": -36.32462551694313, "params": {"C": 33943.24496668968, "gamma": 0.06327403648258503}, "datetime": {"datetime": "2021-09-29 08:55:24", "elapsed": 208.726014, "delta": 1.118194}}
{"target": -34.60689873941602, "params": {"C": 32680.184489848492, "gamma": 0.025624335235776834}, "datetime": {"datetime": "2021-09-29 08:55:26", "elapsed": 210.258012, "delta": 1.531998}}
{"target": -35.347827774880756, "params": {"C": 33882.09781885046, "gamma": 0.008057766920947229}, "datetime": {"datetime": "2021-09-29 08:55:27", "elapsed": 211.452653, "delta": 1.194641}}
{"target": -35.689954020789045, "params": {"C": 34593.83423277294, "gamma": 0.04884143784419492}, "datetime": {"datetime": "2021-09-29 08:55:28", "elapsed": 212.647118, "delta": 1.194465}}
{"target": -35.936399099805946, "params": {"C": 33516.99026039481, "gamma": 0.05462245798503643}, "datetime": {"datetime": "2021-09-29 08:55:29", "elapsed": 213.81312, "delta": 1.166002}}
{"target": -34.503450172881024, "params": {"C": 33823.01614988748, "gamma": 0.020325638461856397}, "datetime": {"datetime": "2021-09-29 08:55:31", "elapsed": 215.000115, "delta": 1.186995}}
{"target": -36.499650919799834, "params": {"C": 33703.47502409699, "gamma": 0.06767534136227331}, "datetime": {"datetime": "2021-09-29 08:55:32", "elapsed": 216.218119, "delta": 1.218004}}
{"target": -36.53945882346321, "params": {"C": 30341.67191656309, "gamma": 0.0726192576848811}, "datetime": {"datetime": "2021-09-29 08:55:33", "elapsed": 217.393515, "delta": 1.175396}}
{"target": -35.49536961613439, "params": {"C": 30572.08948492633, "gamma": 0.047862594032830184}, "datetime": {"datetime": "2021-09-29 08:55:34", "elapsed": 218.575263, "delta": 1.181748}}
{"target": -36.18256390268571, "params": {"C": 32273.68813495867, "gamma": 0.06159049966936605}, "datetime": {"datetime": "2021-09-29 08:55:35", "elapsed": 219.814263, "delta": 1.239}}
{"target": -34.65336610922491, "params": {"C": 34265.19945761979, "gamma": 0.02700525662750726}, "datetime": {"datetime": "2021-09-29 08:55:37", "elapsed": 220.962474, "delta": 1.148211}}
{"target": -35.55483469739615, "params": {"C": 34158.15007819536, "gamma": 0.046498346636506545}, "datetime": {"datetime": "2021-09-29 08:55:38", "elapsed": 222.255078, "delta": 1.292604}}
{"target": -35.3985757838472, "params": {"C": 31765.914873886682, "gamma": 0.04511507021398547}, "datetime": {"datetime": "2021-09-29 08:55:39", "elapsed": 223.434214, "delta": 1.179136}}
{"target": -35.23783796939101, "params": {"C": 31022.3380344268, "gamma": 0.04260623841829938}, "datetime": {"datetime": "2021-09-29 08:55:40", "elapsed": 224.646412, "delta": 1.212198}}
{"target": -36.60515655202959, "params": {"C": 31211.40322629676, "gamma": 0.07320064173574406}, "datetime": {"datetime": "2021-09-29 08:55:41", "elapsed": 225.786412, "delta": 1.14}}
{"target": -34.51553617979691, "params": {"C": 33181.15814143625, "gamma": 0.02114788550228577}, "datetime": {"datetime": "2021-09-29 08:55:43", "elapsed": 227.412253, "delta": 1.625841}}
{"target": -36.34924951544469, "params": {"C": 33417.5317877252, "gamma": 0.06444277603902376}, "datetime": {"datetime": "2021-09-29 08:55:44", "elapsed": 228.730782, "delta": 1.318529}}
{"target": -34.81189751348222, "params": {"C": 31028.159987996773, "gamma": 0.03279402491041226}, "datetime": {"datetime": "2021-09-29 08:55:46", "elapsed": 230.002783, "delta": 1.272001}}
{"target": -35.656732766189954, "params": {"C": 33821.27096386914, "gamma": 0.04872297338011166}, "datetime": {"datetime": "2021-09-29 08:55:47", "elapsed": 231.221176, "delta": 1.218393}}
{"target": -36.74237993798037, "params": {"C": 31923.249925285076, "gamma": 0.07580928305177478}, "datetime": {"datetime": "2021-09-29 08:55:49", "elapsed": 232.884813, "delta": 1.663637}}
{"target": -35.91671615444236, "params": {"C": 31767.426234023173, "gamma": 0.05575799759081964}, "datetime": {"datetime": "2021-09-29 08:55:50", "elapsed": 234.198817, "delta": 1.314004}}
{"target": -34.83433175208175, "params": {"C": 31584.33154408076, "gamma": 0.03307046923657711}, "datetime": {"datetime": "2021-09-29 08:55:51", "elapsed": 235.807995, "delta": 1.609178}}
{"target": -34.48506719866888, "params": {"C": 32446.903841209427, "gamma": 0.01876352583524787}, "datetime": {"datetime": "2021-09-29 08:55:53", "elapsed": 237.085024, "delta": 1.277029}}
{"target": -36.08405926500687, "params": {"C": 32542.22947629696, "gamma": 0.05886307060804206}, "datetime": {"datetime": "2021-09-29 08:55:54", "elapsed": 238.371579, "delta": 1.286555}}
{"target": -35.17118635817269, "params": {"C": 30058.688791674802, "gamma": 0.04196658102717065}, "datetime": {"datetime": "2021-09-29 08:55:55", "elapsed": 239.649686, "delta": 1.278107}}
{"target": -34.665082306494725, "params": {"C": 30283.29539278093, "gamma": 0.028301577717491498}, "datetime": {"datetime": "2021-09-29 08:55:57", "elapsed": 240.906912, "delta": 1.257226}}
{"target": -34.7981967173156, "params": {"C": 34105.052662212176, "gamma": 0.031205562475621864}, "datetime": {"datetime": "2021-09-29 08:55:58", "elapsed": 242.568767, "delta": 1.661855}}
{"target": -34.63938058078431, "params": {"C": 30812.13962721966, "gamma": 0.0272277888504985}, "datetime": {"datetime": "2021-09-29 08:55:59", "elapsed": 243.82476, "delta": 1.255993}}
{"target": -34.47413842546174, "params": {"C": 34624.64499826034, "gamma": 0.017971781071169052}, "datetime": {"datetime": "2021-09-29 08:56:01", "elapsed": 245.127033, "delta": 1.302273}}
{"target": -35.241140189396866, "params": {"C": 34478.1245908657, "gamma": 0.008583296932110959}, "datetime": {"datetime": "2021-09-29 08:56:02", "elapsed": 246.45549, "delta": 1.328457}}
{"target": -36.04616258986401, "params": {"C": 31080.47456668015, "gamma": 0.05945193734714025}, "datetime": {"datetime": "2021-09-29 08:56:03", "elapsed": 247.728068, "delta": 1.272578}}
{"target": -35.15176650308145, "params": {"C": 33715.93469198628, "gamma": 0.03945810905516056}, "datetime": {"datetime": "2021-09-29 08:56:05", "elapsed": 249.057012, "delta": 1.328944}}
{"target": -36.65494790973482, "params": {"C": 34192.22279836713, "gamma": 0.07079192151355972}, "datetime": {"datetime": "2021-09-29 08:56:06", "elapsed": 250.349013, "delta": 1.292001}}
{"target": -35.0759392707923, "params": {"C": 33465.05335659733, "gamma": 0.009761600360093593}, "datetime": {"datetime": "2021-09-29 08:56:07", "elapsed": 251.817345, "delta": 1.468332}}
{"target": -34.51612367885853, "params": {"C": 33901.13963986694, "gamma": 0.021199130334404882}, "datetime": {"datetime": "2021-09-29 08:56:09", "elapsed": 253.159072, "delta": 1.341727}}
{"target": -34.79553083597004, "params": {"C": 33413.58806518461, "gamma": 0.012075550210041978}, "datetime": {"datetime": "2021-09-29 08:56:10", "elapsed": 254.538249, "delta": 1.379177}}
{"target": -34.95221332476516, "params": {"C": 30982.679985127652, "gamma": 0.036158205736199704}, "datetime": {"datetime": "2021-09-29 08:56:12", "elapsed": 255.920249, "delta": 1.382}}
{"target": -36.344041543357285, "params": {"C": 31296.255317798223, "gamma": 0.06664338092936961}, "datetime": {"datetime": "2021-09-29 08:56:13", "elapsed": 257.329517, "delta": 1.409268}}
{"target": -35.52665404733835, "params": {"C": 32423.150662424225, "gamma": 0.04713368898232612}, "datetime": {"datetime": "2021-09-29 08:56:14", "elapsed": 258.66566, "delta": 1.336143}}
{"target": -36.70813382697552, "params": {"C": 30242.74332413383, "gamma": 0.07731442625216872}, "datetime": {"datetime": "2021-09-29 08:56:16", "elapsed": 260.464663, "delta": 1.799003}}
{"target": -34.686422976728274, "params": {"C": 31866.01832551642, "gamma": 0.028687097800087016}, "datetime": {"datetime": "2021-09-29 08:56:17", "elapsed": 261.767675, "delta": 1.303012}}
{"target": -34.7797453691774, "params": {"C": 30157.43501875569, "gamma": 0.03235056922566321}, "datetime": {"datetime": "2021-09-29 08:56:19", "elapsed": 263.150351, "delta": 1.382676}}
{"target": -34.811143437085725, "params": {"C": 30265.131872814436, "gamma": 0.03312521044019125}, "datetime": {"datetime": "2021-09-29 08:56:20", "elapsed": 264.589631, "delta": 1.43928}}
{"target": -35.87008786127567, "params": {"C": 33776.176791935395, "gamma": 0.05301852214699633}, "datetime": {"datetime": "2021-09-29 08:56:22", "elapsed": 266.309631, "delta": 1.72}}
{"target": -34.70138461686225, "params": {"C": 34688.60733361015, "gamma": 0.028547038921739983}, "datetime": {"datetime": "2021-09-29 08:56:24", "elapsed": 268.678109, "delta": 2.368478}}
{"target": -34.50855300879673, "params": {"C": 30283.33708242914, "gamma": 0.02053629504791519}, "datetime": {"datetime": "2021-09-29 08:56:26", "elapsed": 270.092071, "delta": 1.413962}}
{"target": -36.12666934478239, "params": {"C": 31998.680349261504, "gamma": 0.004723799566989378}, "datetime": {"datetime": "2021-09-29 08:56:28", "elapsed": 272.269465, "delta": 2.177394}}
{"target": -34.73435623418933, "params": {"C": 30188.783980583186, "gamma": 0.03079094620095499}, "datetime": {"datetime": "2021-09-29 08:56:29", "elapsed": 273.73601, "delta": 1.466545}}
{"target": -36.723147261023065, "params": {"C": 33040.37716573986, "gamma": 0.07379486008480927}, "datetime": {"datetime": "2021-09-29 08:56:31", "elapsed": 275.155723, "delta": 1.419713}}
{"target": -36.22270637226414, "params": {"C": 32394.038851299487, "gamma": 0.06250512616819574}, "datetime": {"datetime": "2021-09-29 08:56:33", "elapsed": 276.906121, "delta": 1.750398}}
{"target": -35.571634740013366, "params": {"C": 30677.323154140307, "gamma": 0.04934835014970211}, "datetime": {"datetime": "2021-09-29 08:56:35", "elapsed": 278.894343, "delta": 1.988222}}
