{"target": -35.098726732676525, "params": {"C": 2559.7152983939272, "gamma": 0.0730610209824289}, "datetime": {"datetime": "2021-09-28 14:49:32", "elapsed": 476.545798, "delta": 1.910786}}
{"target": -35.019753870881175, "params": {"C": 2822.5989506618844, "gamma": 0.02525075837256217}, "datetime": {"datetime": "2021-09-28 14:49:34", "elapsed": 478.666649, "delta": 2.120851}}
{"target": -34.88661515140465, "params": {"C": 2879.0107727587047, "gamma": 0.05853608098373189}, "datetime": {"datetime": "2021-09-28 14:49:37", "elapsed": 481.231867, "delta": 2.565218}}
{"target": -35.27840247703444, "params": {"C": 2459.6433070047137, "gamma": 0.02377261196963688}, "datetime": {"datetime": "2021-09-28 14:49:39", "elapsed": 483.836348, "delta": 2.604481}}
{"target": -34.881171260570255, "params": {"C": 2605.0439086190045, "gamma": 0.056427183975206366}, "datetime": {"datetime": "2021-09-28 14:49:42", "elapsed": 487.144124, "delta": 3.307776}}
{"target": -35.125145139249895, "params": {"C": 2605.0248319764796, "gamma": 0.025041391935389325}, "datetime": {"datetime": "2021-09-28 14:49:45", "elapsed": 489.636083, "delta": 2.491959}}
{"target": -35.63408590170166, "params": {"C": 2605.038638340224, "gamma": 0.11000278993791589}, "datetime": {"datetime": "2021-09-28 14:49:48", "elapsed": 492.556627, "delta": 2.920544}}
{"target": -35.31625356877374, "params": {"C": 2273.328609962926, "gamma": 0.02445084428929681}, "datetime": {"datetime": "2021-09-28 14:49:50", "elapsed": 494.288761, "delta": 1.732134}}
{"target": -36.66501905609198, "params": {"C": 2494.1126014976903, "gamma": 0.18336148341452624}, "datetime": {"datetime": "2021-09-28 14:49:51", "elapsed": 496.015702, "delta": 1.726941}}
{"target": -34.853901600103725, "params": {"C": 2822.6358689602425, "gamma": 0.055385763713296954}, "datetime": {"datetime": "2021-09-28 14:49:54", "elapsed": 499.110939, "delta": 3.095237}}
{"target": -36.373001729723775, "params": {"C": 2822.7015688854553, "gamma": 0.011388331208431673}, "datetime": {"datetime": "2021-09-28 14:49:58", "elapsed": 502.190529, "delta": 3.07959}}
{"target": -37.6190479110527, "params": {"C": 2508.4886740984293, "gamma": 0.005576349607891327}, "datetime": {"datetime": "2021-09-28 14:50:00", "elapsed": 504.581024, "delta": 2.390495}}
{"target": -35.18486824589819, "params": {"C": 2070.655769693591, "gamma": 0.07574320487636227}, "datetime": {"datetime": "2021-09-28 14:50:02", "elapsed": 506.280589, "delta": 1.699565}}
{"target": -36.240685911603194, "params": {"C": 2346.073993158343, "gamma": 0.014001347771376862}, "datetime": {"datetime": "2021-09-28 14:50:05", "elapsed": 509.349597, "delta": 3.069008}}
{"target": -34.84121244593452, "params": {"C": 2287.718343859627, "gamma": 0.04223532212848181}, "datetime": {"datetime": "2021-09-28 14:50:07", "elapsed": 511.574921, "delta": 2.225324}}
{"target": -34.9681267110206, "params": {"C": 2345.9632691236425, "gamma": 0.030573317650361694}, "datetime": {"datetime": "2021-09-28 14:50:10", "elapsed": 514.261346, "delta": 2.686425}}
{"target": -34.85679465098418, "params": {"C": 2242.786976701038, "gamma": 0.04589862857052151}, "datetime": {"datetime": "2021-09-28 14:50:12", "elapsed": 516.535572, "delta": 2.274226}}
{"target": -36.8135567921992, "params": {"C": 2075.6405806978796, "gamma": 0.19751751846000704}, "datetime": {"datetime": "2021-09-28 14:50:14", "elapsed": 518.285693, "delta": 1.750121}}
{"target": -35.54448969548167, "params": {"C": 2508.4884991155022, "gamma": 0.10436014262516984}, "datetime": {"datetime": "2021-09-28 14:50:16", "elapsed": 521.066196, "delta": 2.780503}}
{"target": -37.08654181352767, "params": {"C": 2946.565601059971, "gamma": 0.007217420670598728}, "datetime": {"datetime": "2021-09-28 14:50:18", "elapsed": 522.9008, "delta": 1.834604}}
{"target": -36.07379161663232, "params": {"C": 2317.5241439067736, "gamma": 0.13624132927452648}, "datetime": {"datetime": "2021-09-28 14:50:20", "elapsed": 524.572753, "delta": 1.671953}}
{"target": -35.029356267357024, "params": {"C": 2723.4699000477985, "gamma": 0.025696904644633853}, "datetime": {"datetime": "2021-09-28 14:50:24", "elapsed": 528.261786, "delta": 3.689033}}
{"target": -35.03122844915331, "params": {"C": 2604.9949556231395, "gamma": 0.06847772253365789}, "datetime": {"datetime": "2021-09-28 14:50:29", "elapsed": 533.240975, "delta": 4.979189}}
{"target": -35.657791040172675, "params": {"C": 2242.8193383329863, "gamma": 0.10935350442946261}, "datetime": {"datetime": "2021-09-28 14:50:31", "elapsed": 536.162316, "delta": 2.921341}}
{"target": -35.43765920555667, "params": {"C": 2955.3974934359167, "gamma": 0.09809051226766559}, "datetime": {"datetime": "2021-09-28 14:50:33", "elapsed": 537.90942, "delta": 1.747104}}
{"target": -34.90566003859534, "params": {"C": 2287.670130381592, "gamma": 0.05455923149675959}, "datetime": {"datetime": "2021-09-28 14:50:37", "elapsed": 541.437427, "delta": 3.528007}}
{"target": -36.8975400018565, "params": {"C": 2242.8067168409043, "gamma": 0.010019687241948808}, "datetime": {"datetime": "2021-09-28 14:50:40", "elapsed": 544.97587, "delta": 3.538443}}
{"target": -35.79019714646934, "params": {"C": 2287.6923726241553, "gamma": 0.018219089291853494}, "datetime": {"datetime": "2021-09-28 14:50:43", "elapsed": 547.635943, "delta": 2.660073}}
{"target": -35.323971290881424, "params": {"C": 2878.8967446515644, "gamma": 0.09063812558679671}, "datetime": {"datetime": "2021-09-28 14:50:45", "elapsed": 549.886078, "delta": 2.250135}}
{"target": -35.7085089941349, "params": {"C": 2287.6848674542584, "gamma": 0.1126828874930053}, "datetime": {"datetime": "2021-09-28 14:50:48", "elapsed": 552.240447, "delta": 2.354369}}
{"target": -36.01056773968344, "params": {"C": 2865.966451586381, "gamma": 0.013965170785796104}, "datetime": {"datetime": "2021-09-28 14:50:49", "elapsed": 554.081212, "delta": 1.840765}}
{"target": -35.11733874471524, "params": {"C": 2242.777040669893, "gamma": 0.07218485180957551}, "datetime": {"datetime": "2021-09-28 14:50:53", "elapsed": 557.216128, "delta": 3.134916}}
{"target": -36.59804856420697, "params": {"C": 2287.7680673371733, "gamma": 0.01176925311142937}, "datetime": {"datetime": "2021-09-28 14:50:55", "elapsed": 559.666413, "delta": 2.450285}}
{"target": -34.83480841007046, "params": {"C": 2722.0067577671293, "gamma": 0.05223863241272122}, "datetime": {"datetime": "2021-09-28 14:50:59", "elapsed": 563.901744, "delta": 4.235331}}
{"target": -36.632143377010706, "params": {"C": 2327.422807549796, "gamma": 0.1804678663427313}, "datetime": {"datetime": "2021-09-28 14:51:01", "elapsed": 565.848904, "delta": 1.94716}}
{"target": -35.22276476933652, "params": {"C": 2722.0375178738723, "gamma": 0.08277596873414102}, "datetime": {"datetime": "2021-09-28 14:51:04", "elapsed": 568.834371, "delta": 2.985467}}
{"target": -34.85409310633914, "params": {"C": 2242.9137167572044, "gamma": 0.045351162859105475}, "datetime": {"datetime": "2021-09-28 14:51:08", "elapsed": 573.15877, "delta": 4.324399}}
{"target": -34.919670500582306, "params": {"C": 2242.8807873440364, "gamma": 0.055405845468560956}, "datetime": {"datetime": "2021-09-28 14:51:12", "elapsed": 577.153754, "delta": 3.994984}}
{"target": -36.24968922908873, "params": {"C": 2014.5015705578644, "gamma": 0.14694467072874556}, "datetime": {"datetime": "2021-09-28 14:51:14", "elapsed": 579.172383, "delta": 2.018629}}
{"target": -36.36556191309713, "params": {"C": 2039.3776248629158, "gamma": 0.014598956153586081}, "datetime": {"datetime": "2021-09-28 14:51:16", "elapsed": 581.121945, "delta": 1.949562}}
{"target": -34.96726376909464, "params": {"C": 2242.959196953817, "gamma": 0.060255786019414004}, "datetime": {"datetime": "2021-09-28 14:51:19", "elapsed": 583.302769, "delta": 2.180824}}
{"target": -35.228432309255886, "params": {"C": 2568.3051830005465, "gamma": 0.08238875923948542}, "datetime": {"datetime": "2021-09-28 14:51:21", "elapsed": 586.090895, "delta": 2.788126}}
{"target": -35.107940116682755, "params": {"C": 2287.712213763956, "gamma": 0.07184579308305064}, "datetime": {"datetime": "2021-09-28 14:51:25", "elapsed": 589.313628, "delta": 3.222733}}
{"target": -34.81213479139099, "params": {"C": 2459.510853450369, "gamma": 0.04174266553833826}, "datetime": {"datetime": "2021-09-28 14:51:27", "elapsed": 591.637813, "delta": 2.324185}}
{"target": -35.604823064752104, "params": {"C": 2582.69073900065, "gamma": 0.01901009050671829}, "datetime": {"datetime": "2021-09-28 14:51:30", "elapsed": 594.373378, "delta": 2.735565}}
{"target": -34.940995554520896, "params": {"C": 2897.2463511263836, "gamma": 0.06311809225132395}, "datetime": {"datetime": "2021-09-28 14:51:31", "elapsed": 596.150379, "delta": 1.777001}}
{"target": -35.3929779269734, "params": {"C": 2459.56679506147, "gamma": 0.022223677182898582}, "datetime": {"datetime": "2021-09-28 14:51:34", "elapsed": 598.915214, "delta": 2.764835}}
{"target": -35.13959102751504, "params": {"C": 2157.405932023076, "gamma": 0.07312922196501817}, "datetime": {"datetime": "2021-09-28 14:51:36", "elapsed": 600.794618, "delta": 1.879404}}
{"target": -35.172017795727754, "params": {"C": 2723.49795475586, "gamma": 0.023694406048105826}, "datetime": {"datetime": "2021-09-28 14:51:39", "elapsed": 603.496461, "delta": 2.701843}}
{"target": -35.0479976234449, "params": {"C": 2822.59119893972, "gamma": 0.07094740808438568}, "datetime": {"datetime": "2021-09-28 14:51:42", "elapsed": 606.698912, "delta": 3.202451}}
{"target": -35.24837219202503, "params": {"C": 2397.4550243256876, "gamma": 0.08282704665223596}, "datetime": {"datetime": "2021-09-28 14:51:44", "elapsed": 608.695912, "delta": 1.997}}
{"target": -36.13344421584712, "params": {"C": 2242.9395643526386, "gamma": 0.0153318060379647}, "datetime": {"datetime": "2021-09-28 14:51:48", "elapsed": 612.649997, "delta": 3.954085}}
{"target": -35.68622997996455, "params": {"C": 2242.92257338927, "gamma": 0.11105363506834968}, "datetime": {"datetime": "2021-09-28 14:51:50", "elapsed": 615.134472, "delta": 2.484475}}
{"target": -37.31090294132585, "params": {"C": 2722.0176577455004, "gamma": 0.006570961299258557}, "datetime": {"datetime": "2021-09-28 14:51:54", "elapsed": 618.626649, "delta": 3.492177}}
{"target": -35.89219047778123, "params": {"C": 2897.257728444658, "gamma": 0.12661637034141537}, "datetime": {"datetime": "2021-09-28 14:51:57", "elapsed": 621.819298, "delta": 3.192649}}
{"target": -36.080572655319045, "params": {"C": 2459.4551711583154, "gamma": 0.01476077441613895}, "datetime": {"datetime": "2021-09-28 14:52:00", "elapsed": 624.474851, "delta": 2.655553}}
{"target": -34.94388654741047, "params": {"C": 2605.0787121770227, "gamma": 0.028340349275185136}, "datetime": {"datetime": "2021-09-28 14:52:03", "elapsed": 628.176848, "delta": 3.701997}}
{"target": -34.86478823122763, "params": {"C": 2262.0223896480575, "gamma": 0.04791767393138549}, "datetime": {"datetime": "2021-09-28 14:52:06", "elapsed": 631.035433, "delta": 2.858585}}
{"target": -35.0502024266731, "params": {"C": 2721.973789765211, "gamma": 0.070550844913521}, "datetime": {"datetime": "2021-09-28 14:52:09", "elapsed": 633.749985, "delta": 2.714552}}
{"target": -35.03438754486389, "params": {"C": 2827.144060320163, "gamma": 0.07000610052928569}, "datetime": {"datetime": "2021-09-28 14:52:11", "elapsed": 635.809811, "delta": 2.059826}}
{"target": -35.52997619332459, "params": {"C": 2593.134691228573, "gamma": 0.10379009497914068}, "datetime": {"datetime": "2021-09-28 14:52:13", "elapsed": 637.668432, "delta": 1.858621}}
{"target": -36.18707514096325, "params": {"C": 2879.216576811667, "gamma": 0.012518908077224543}, "datetime": {"datetime": "2021-09-28 14:52:18", "elapsed": 642.785487, "delta": 5.117055}}
{"target": -35.63240128810722, "params": {"C": 2823.114207160034, "gamma": 0.017749299389991126}, "datetime": {"datetime": "2021-09-28 14:52:22", "elapsed": 646.555657, "delta": 3.77017}}
{"target": -35.19392461080482, "params": {"C": 2243.0088402534097, "gamma": 0.07780948517264778}, "datetime": {"datetime": "2021-09-28 14:52:28", "elapsed": 652.534208, "delta": 5.978551}}
{"target": -35.25842294487829, "params": {"C": 2262.037658465745, "gamma": 0.08266679053542605}, "datetime": {"datetime": "2021-09-28 14:52:31", "elapsed": 655.502189, "delta": 2.967981}}
{"target": -36.79029955556278, "params": {"C": 2220.833710009361, "gamma": 0.19573635392142413}, "datetime": {"datetime": "2021-09-28 14:52:33", "elapsed": 657.570701, "delta": 2.068512}}
{"target": -35.37612864003741, "params": {"C": 2495.3167421634803, "gamma": 0.09269343656539131}, "datetime": {"datetime": "2021-09-28 14:52:35", "elapsed": 659.637607, "delta": 2.066906}}
{"target": -34.8021925766515, "params": {"C": 2822.7713556666095, "gamma": 0.03340188158590436}, "datetime": {"datetime": "2021-09-28 14:52:40", "elapsed": 664.602206, "delta": 4.964599}}
{"target": -36.37512569755016, "params": {"C": 2614.445325776347, "gamma": 0.15895586154905447}, "datetime": {"datetime": "2021-09-28 14:52:42", "elapsed": 666.853085, "delta": 2.250879}}
{"target": -35.17363647707576, "params": {"C": 2062.5759496574738, "gamma": 0.07483496661517948}, "datetime": {"datetime": "2021-09-28 14:52:44", "elapsed": 668.788016, "delta": 1.934931}}
{"target": -36.626716415287575, "params": {"C": 2012.812221236864, "gamma": 0.1788757595242336}, "datetime": {"datetime": "2021-09-28 14:52:46", "elapsed": 670.86146, "delta": 2.073444}}
{"target": -36.60120469528499, "params": {"C": 2236.6795295804964, "gamma": 0.177734020258818}, "datetime": {"datetime": "2021-09-28 14:52:48", "elapsed": 672.989213, "delta": 2.127753}}
{"target": -35.31995002619561, "params": {"C": 2582.625841056667, "gamma": 0.08904128428731001}, "datetime": {"datetime": "2021-09-28 14:52:51", "elapsed": 675.658035, "delta": 2.668822}}
{"target": -35.67692306189269, "params": {"C": 2459.536696912448, "gamma": 0.1117889272106052}, "datetime": {"datetime": "2021-09-28 14:52:54", "elapsed": 678.830999, "delta": 3.172964}}
{"target": -35.06871845900944, "params": {"C": 2897.2027579721457, "gamma": 0.07278836426575691}, "datetime": {"datetime": "2021-09-28 14:52:57", "elapsed": 681.918888, "delta": 3.087889}}
{"target": -34.842477610264375, "params": {"C": 2345.9162383879357, "gamma": 0.04601763723242739}, "datetime": {"datetime": "2021-09-28 14:53:03", "elapsed": 687.6173, "delta": 5.698412}}
{"target": -36.10610214751539, "params": {"C": 2451.6989427805456, "gamma": 0.13907490396450037}, "datetime": {"datetime": "2021-09-28 14:53:05", "elapsed": 690.122047, "delta": 2.504747}}
{"target": -34.82122553718013, "params": {"C": 2604.966402655355, "gamma": 0.0352430313197475}, "datetime": {"datetime": "2021-09-28 14:53:10", "elapsed": 694.530718, "delta": 4.408671}}
{"target": -35.23991913702492, "params": {"C": 2897.1955829874228, "gamma": 0.02194081144128161}, "datetime": {"datetime": "2021-09-28 14:53:13", "elapsed": 698.009664, "delta": 3.478946}}
{"target": -34.969307547211606, "params": {"C": 2345.8453740028335, "gamma": 0.06195239839947094}, "datetime": {"datetime": "2021-09-28 14:53:17", "elapsed": 701.4711, "delta": 3.461436}}
{"target": -35.10223814358781, "params": {"C": 2604.9120780266694, "gamma": 0.025374237580691045}, "datetime": {"datetime": "2021-09-28 14:53:22", "elapsed": 706.556744, "delta": 5.085644}}
{"target": -35.15625878265863, "params": {"C": 2897.251845499694, "gamma": 0.022994808819890036}, "datetime": {"datetime": "2021-09-28 14:53:26", "elapsed": 710.945267, "delta": 4.388523}}
{"target": -34.89303452796448, "params": {"C": 2242.7520067070163, "gamma": 0.036294572330401086}, "datetime": {"datetime": "2021-09-28 14:53:33", "elapsed": 717.293373, "delta": 6.348106}}
{"target": -34.793937360706835, "params": {"C": 2823.17725821553, "gamma": 0.047935814552101205}, "datetime": {"datetime": "2021-09-28 14:53:36", "elapsed": 720.566414, "delta": 3.273041}}
{"target": -34.9083122666906, "params": {"C": 2261.989938624892, "gamma": 0.05444373249080021}, "datetime": {"datetime": "2021-09-28 14:53:41", "elapsed": 725.324049, "delta": 4.757635}}
{"target": -36.39410263474539, "params": {"C": 2297.1116649345036, "gamma": 0.15986571292693935}, "datetime": {"datetime": "2021-09-28 14:53:43", "elapsed": 727.70643, "delta": 2.382381}}
{"target": -35.12240344407262, "params": {"C": 2475.6061084998014, "gamma": 0.07423183239012222}, "datetime": {"datetime": "2021-09-28 14:53:45", "elapsed": 729.993311, "delta": 2.286881}}
{"target": -35.18933529844951, "params": {"C": 2345.879981176765, "gamma": 0.025834170163258157}, "datetime": {"datetime": "2021-09-28 14:53:50", "elapsed": 734.555234, "delta": 4.561923}}
{"target": -35.512190020219, "params": {"C": 2364.333347275148, "gamma": 0.1013950024163222}, "datetime": {"datetime": "2021-09-28 14:53:52", "elapsed": 736.974745, "delta": 2.419511}}
{"target": -34.92948383824711, "params": {"C": 2823.1462114731, "gamma": 0.06185000562306278}, "datetime": {"datetime": "2021-09-28 14:53:56", "elapsed": 740.925796, "delta": 3.951051}}
{"target": -36.664946385802594, "params": {"C": 2823.194154741229, "gamma": 0.009662842188082542}, "datetime": {"datetime": "2021-09-28 14:54:00", "elapsed": 744.992718, "delta": 4.066922}}
{"target": -35.127185742303865, "params": {"C": 2823.197278059903, "gamma": 0.0765316971660168}, "datetime": {"datetime": "2021-09-28 14:54:07", "elapsed": 751.240702, "delta": 6.247984}}
{"target": -35.603821888405704, "params": {"C": 2014.189734674179, "gamma": 0.10334102969433007}, "datetime": {"datetime": "2021-09-28 14:54:09", "elapsed": 753.440159, "delta": 2.199457}}
{"target": -36.10367593510346, "params": {"C": 2578.8711329025373, "gamma": 0.1393614460982171}, "datetime": {"datetime": "2021-09-28 14:54:11", "elapsed": 755.953253, "delta": 2.513094}}
{"target": -37.56549428284555, "params": {"C": 2822.545958299942, "gamma": 0.0052474980462261685}, "datetime": {"datetime": "2021-09-28 14:54:16", "elapsed": 761.063858, "delta": 5.110605}}
{"target": -35.20821760126287, "params": {"C": 2604.91756611627, "gamma": 0.08114407432878101}, "datetime": {"datetime": "2021-09-28 14:54:20", "elapsed": 764.98874, "delta": 3.924882}}
{"target": -35.101886876358215, "params": {"C": 2879.2377123329743, "gamma": 0.07502766648196546}, "datetime": {"datetime": "2021-09-28 14:54:25", "elapsed": 769.864292, "delta": 4.875552}}
{"target": -36.510501271864996, "params": {"C": 2681.9844041335764, "gamma": 0.010963655163562748}, "datetime": {"datetime": "2021-09-28 14:54:28", "elapsed": 772.459522, "delta": 2.59523}}
{"target": -35.67439348570448, "params": {"C": 2345.911275677874, "gamma": 0.11099522945936312}, "datetime": {"datetime": "2021-09-28 14:54:33", "elapsed": 777.541697, "delta": 5.082175}}
{"target": -34.84445894635885, "params": {"C": 2287.6178284502676, "gamma": 0.044706234223349225}, "datetime": {"datetime": "2021-09-28 14:54:38", "elapsed": 782.511105, "delta": 4.969408}}
{"target": -35.42049001930956, "params": {"C": 2475.5578038663134, "gamma": 0.09587525542495656}, "datetime": {"datetime": "2021-09-28 14:54:43", "elapsed": 787.921888, "delta": 5.410783}}
{"target": -36.002696238606404, "params": {"C": 2387.371471264301, "gamma": 0.13187839447329708}, "datetime": {"datetime": "2021-09-28 14:54:46", "elapsed": 790.417169, "delta": 2.495281}}
{"target": -35.68906889844552, "params": {"C": 2827.142422689417, "gamma": 0.11414200029174136}, "datetime": {"datetime": "2021-09-28 14:54:50", "elapsed": 794.821952, "delta": 4.404783}}
{"target": -35.259514834262255, "params": {"C": 2508.526837283243, "gamma": 0.08428862245931942}, "datetime": {"datetime": "2021-09-28 14:54:55", "elapsed": 799.678988, "delta": 4.857036}}
{"target": -35.20394751770773, "params": {"C": 2406.1954030407205, "gamma": 0.02518850754204304}, "datetime": {"datetime": "2021-09-28 14:54:59", "elapsed": 803.577295, "delta": 3.898307}}
{"target": -37.44201683220406, "params": {"C": 2262.0406245541485, "gamma": 0.006921867569999701}, "datetime": {"datetime": "2021-09-28 14:55:05", "elapsed": 809.81069, "delta": 6.233395}}
{"target": -34.838672096720266, "params": {"C": 2827.1796920466786, "gamma": 0.03033997325483965}, "datetime": {"datetime": "2021-09-28 14:55:09", "elapsed": 813.674798, "delta": 3.864108}}
{"target": -36.7815914015764, "params": {"C": 2032.722970328812, "gamma": 0.1939467098515177}, "datetime": {"datetime": "2021-09-28 14:55:12", "elapsed": 816.454224, "delta": 2.779426}}
{"target": -35.17451015887438, "params": {"C": 2600.63585624851, "gamma": 0.07871862967355413}, "datetime": {"datetime": "2021-09-28 14:55:15", "elapsed": 819.236726, "delta": 2.782502}}
{"target": -35.60971115803667, "params": {"C": 2124.165084569316, "gamma": 0.10516214313020858}, "datetime": {"datetime": "2021-09-28 14:55:17", "elapsed": 821.994762, "delta": 2.758036}}
{"target": -36.584021235169004, "params": {"C": 2325.1315194748317, "gamma": 0.17619587557599992}, "datetime": {"datetime": "2021-09-28 14:55:20", "elapsed": 824.901709, "delta": 2.906947}}
{"target": -34.96272397868733, "params": {"C": 2242.705425901211, "gamma": 0.059806274303125066}, "datetime": {"datetime": "2021-09-28 14:55:27", "elapsed": 831.534578, "delta": 6.632869}}
{"target": -35.597809250272476, "params": {"C": 2559.659730223835, "gamma": 0.1076814910284838}, "datetime": {"datetime": "2021-09-28 14:55:31", "elapsed": 835.191766, "delta": 3.657188}}
{"target": -37.75255776054115, "params": {"C": 2287.5718518842923, "gamma": 0.005464929279207593}, "datetime": {"datetime": "2021-09-28 14:55:35", "elapsed": 839.500446, "delta": 4.30868}}
{"target": -36.67118679437944, "params": {"C": 2724.4407118550507, "gamma": 0.1837081195369298}, "datetime": {"datetime": "2021-09-28 14:55:38", "elapsed": 842.265726, "delta": 2.76528}}
{"target": -34.99024945289021, "params": {"C": 2242.6812786978953, "gamma": 0.031196968226129076}, "datetime": {"datetime": "2021-09-28 14:55:42", "elapsed": 846.440909, "delta": 4.175183}}
