{"target": 0.2131051570721847, "params": {"C": 97072.34872664996, "gamma": 0.2828485080735378}, "datetime": {"datetime": "2021-10-04 10:45:45", "elapsed": 2.519062, "delta": 0.231865}}
{"target": 0.19825438604945556, "params": {"C": 60410.87414317324, "gamma": 0.22417851905713185}, "datetime": {"datetime": "2021-10-04 10:45:45", "elapsed": 2.772958, "delta": 0.253896}}
{"target": 0.21471250068979042, "params": {"C": 59081.19554528145, "gamma": 0.29548676162701343}, "datetime": {"datetime": "2021-10-04 10:45:46", "elapsed": 3.02116, "delta": 0.248202}}
{"target": 0.2066478911623847, "params": {"C": 53242.285003111974, "gamma": 0.26590054188966283}, "datetime": {"datetime": "2021-10-04 10:45:46", "elapsed": 3.258538, "delta": 0.237378}}
{"target": 0.17826572318373168, "params": {"C": 63950.80139722552, "gamma": 0.10422869046863013}, "datetime": {"datetime": "2021-10-04 10:45:46", "elapsed": 3.490351, "delta": 0.231813}}
{"target": 0.1923213124139871, "params": {"C": 82313.71563086794, "gamma": 0.21127117536164777}, "datetime": {"datetime": "2021-10-04 10:45:46", "elapsed": 3.722199, "delta": 0.231848}}
{"target": 0.18353491773303166, "params": {"C": 86919.9756544565, "gamma": 0.18529810592561533}, "datetime": {"datetime": "2021-10-04 10:45:47", "elapsed": 3.991876, "delta": 0.269677}}
{"target": 0.21033514925892116, "params": {"C": 90137.95742131217, "gamma": 0.27153855430056123}, "datetime": {"datetime": "2021-10-04 10:45:47", "elapsed": 4.239005, "delta": 0.247129}}
{"target": 0.1904585289439803, "params": {"C": 70568.50951136486, "gamma": 0.19707737511081494}, "datetime": {"datetime": "2021-10-04 10:45:47", "elapsed": 4.477369, "delta": 0.238364}}
{"target": 0.18257905271512465, "params": {"C": 95102.47284682633, "gamma": 0.19053466972119498}, "datetime": {"datetime": "2021-10-04 10:45:47", "elapsed": 4.724478, "delta": 0.247109}}
{"target": 0.20506363500563218, "params": {"C": 66273.59824987312, "gamma": 0.2490566535227088}, "datetime": {"datetime": "2021-10-04 10:45:48", "elapsed": 4.9785, "delta": 0.254022}}
{"target": 0.18273046373151447, "params": {"C": 55441.050756114935, "gamma": 0.0515563249667044}, "datetime": {"datetime": "2021-10-04 10:45:48", "elapsed": 5.241586, "delta": 0.263086}}
{"target": 0.17604185932370875, "params": {"C": 74753.0703632835, "gamma": 0.030680509517146855}, "datetime": {"datetime": "2021-10-04 10:45:48", "elapsed": 5.526881, "delta": 0.285295}}
{"target": 0.1784173767878372, "params": {"C": 62503.491661180895, "gamma": 0.11687714718978906}, "datetime": {"datetime": "2021-10-04 10:45:48", "elapsed": 5.796514, "delta": 0.269633}}
{"target": 0.16846295856081606, "params": {"C": 80721.1905258635, "gamma": 0.024221978379969897}, "datetime": {"datetime": "2021-10-04 10:45:49", "elapsed": 6.050569, "delta": 0.254055}}
{"target": 0.18129928661701622, "params": {"C": 66689.82209063272, "gamma": 0.07328007617987416}, "datetime": {"datetime": "2021-10-04 10:45:49", "elapsed": 6.282472, "delta": 0.231903}}
{"target": 0.18300032949189737, "params": {"C": 94742.94774135516, "gamma": 0.056110203869530834}, "datetime": {"datetime": "2021-10-04 10:45:49", "elapsed": 6.54553, "delta": 0.263058}}
{"target": 0.21119383730487207, "params": {"C": 50794.62077069401, "gamma": 0.29716285331540754}, "datetime": {"datetime": "2021-10-04 10:45:49", "elapsed": 6.799303, "delta": 0.253773}}
{"target": 0.17945190850145842, "params": {"C": 51755.20766242115, "gamma": 0.09953970314418013}, "datetime": {"datetime": "2021-10-04 10:45:50", "elapsed": 7.053278, "delta": 0.253975}}
{"target": 0.11572302850388538, "params": {"C": 61696.84885795695, "gamma": 0.011575170296385287}, "datetime": {"datetime": "2021-10-04 10:45:50", "elapsed": 7.369795, "delta": 0.316517}}
{"target": 0.20367471328107967, "params": {"C": 95092.39827711269, "gamma": 0.2537172531971532}, "datetime": {"datetime": "2021-10-04 10:45:50", "elapsed": 7.655, "delta": 0.285205}}
{"target": 0.21040084996361663, "params": {"C": 96073.18727903755, "gamma": 0.2741569766405871}, "datetime": {"datetime": "2021-10-04 10:45:50", "elapsed": 7.933736, "delta": 0.278736}}
{"target": 0.21394615753511137, "params": {"C": 85307.69638952154, "gamma": 0.281845815277393}, "datetime": {"datetime": "2021-10-04 10:45:51", "elapsed": 8.202987, "delta": 0.269251}}
{"target": 0.18095951246028796, "params": {"C": 54703.199481266485, "gamma": 0.1404683274384211}, "datetime": {"datetime": "2021-10-04 10:45:51", "elapsed": 8.503932, "delta": 0.300945}}
{"target": 0.1760865611925212, "params": {"C": 79058.95293722325, "gamma": 0.1349761139317042}, "datetime": {"datetime": "2021-10-04 10:45:51", "elapsed": 8.835848, "delta": 0.331916}}
{"target": 0.12262415959451645, "params": {"C": 58470.698012389104, "gamma": 0.013019251123571739}, "datetime": {"datetime": "2021-10-04 10:45:52", "elapsed": 9.125139, "delta": 0.289291}}
{"target": 0.1867044872091438, "params": {"C": 75738.54534441826, "gamma": 0.18652365462856216}, "datetime": {"datetime": "2021-10-04 10:45:52", "elapsed": 9.42156, "delta": 0.296421}}
{"target": 0.19085276547491437, "params": {"C": 56918.73575690876, "gamma": 0.1946225213279311}, "datetime": {"datetime": "2021-10-04 10:45:52", "elapsed": 9.706794, "delta": 0.285234}}
{"target": 0.17787211922843083, "params": {"C": 84834.45342178224, "gamma": 0.15873527427440676}, "datetime": {"datetime": "2021-10-04 10:45:53", "elapsed": 10.023288, "delta": 0.316494}}
{"target": 0.21508190120326864, "params": {"C": 84575.34831063726, "gamma": 0.28559095425781883}, "datetime": {"datetime": "2021-10-04 10:45:53", "elapsed": 10.324217, "delta": 0.300929}}
{"target": 0.17704038824574986, "params": {"C": 77528.393213962, "gamma": 0.1401778389628817}, "datetime": {"datetime": "2021-10-04 10:45:53", "elapsed": 10.636607, "delta": 0.31239}}
{"target": 0.20179607214375894, "params": {"C": 84030.12205086672, "gamma": 0.24228382973559295}, "datetime": {"datetime": "2021-10-04 10:45:54", "elapsed": 10.963615, "delta": 0.327008}}
{"target": 0.18475018822079647, "params": {"C": 71762.60964327137, "gamma": 0.17516929767037534}, "datetime": {"datetime": "2021-10-04 10:45:54", "elapsed": 11.280211, "delta": 0.316596}}
{"target": 0.1883942359522348, "params": {"C": 64787.96185528304, "gamma": 0.1858604522834466}, "datetime": {"datetime": "2021-10-04 10:45:54", "elapsed": 11.581114, "delta": 0.300903}}
{"target": 0.19834170171989796, "params": {"C": 84003.58453571364, "gamma": 0.23148733350764186}, "datetime": {"datetime": "2021-10-04 10:45:54", "elapsed": 11.92883, "delta": 0.347716}}
{"target": 0.2122769377460586, "params": {"C": 92856.07070146389, "gamma": 0.2786568560949077}, "datetime": {"datetime": "2021-10-04 10:45:55", "elapsed": 12.260939, "delta": 0.332109}}
{"target": 0.1726645041441539, "params": {"C": 88751.0752466183, "gamma": 0.12326573160970143}, "datetime": {"datetime": "2021-10-04 10:45:55", "elapsed": 12.561803, "delta": 0.300864}}
{"target": 0.20232708198925964, "params": {"C": 82772.3989618626, "gamma": 0.2433581628276184}, "datetime": {"datetime": "2021-10-04 10:45:55", "elapsed": 12.868936, "delta": 0.307133}}
{"target": 0.18773008044309103, "params": {"C": 68469.99908911447, "gamma": 0.18517443576028722}, "datetime": {"datetime": "2021-10-04 10:45:56", "elapsed": 13.200728, "delta": 0.331792}}
{"target": 0.17666275913182594, "params": {"C": 72514.32882847765, "gamma": 0.11089837351831118}, "datetime": {"datetime": "2021-10-04 10:45:56", "elapsed": 13.550946, "delta": 0.350218}}
{"target": 0.18377713161267217, "params": {"C": 88359.30267022499, "gamma": 0.03938205514361739}, "datetime": {"datetime": "2021-10-04 10:45:56", "elapsed": 13.877021, "delta": 0.326075}}
{"target": 0.17599637641771915, "params": {"C": 75540.42375590879, "gamma": 0.11513624606109385}, "datetime": {"datetime": "2021-10-04 10:45:57", "elapsed": 14.255132, "delta": 0.378111}}
{"target": 0.18702662458462538, "params": {"C": 95461.05860013852, "gamma": 0.2051471160446421}, "datetime": {"datetime": "2021-10-04 10:45:57", "elapsed": 14.581127, "delta": 0.325995}}
{"target": 0.17639670308933753, "params": {"C": 79133.28823888299, "gamma": 0.09476679297935321}, "datetime": {"datetime": "2021-10-04 10:45:57", "elapsed": 14.938565, "delta": 0.357438}}
{"target": 0.17995619038438204, "params": {"C": 89798.31806343343, "gamma": 0.032045455445103975}, "datetime": {"datetime": "2021-10-04 10:45:58", "elapsed": 15.319565, "delta": 0.381}}
{"target": 0.19707323525938747, "params": {"C": 97545.3977579152, "gamma": 0.23621121789726274}, "datetime": {"datetime": "2021-10-04 10:45:58", "elapsed": 15.66324, "delta": 0.343675}}
{"target": 0.20690929499706212, "params": {"C": 67390.22828404988, "gamma": 0.25577337263829153}, "datetime": {"datetime": "2021-10-04 10:45:59", "elapsed": 16.112244, "delta": 0.449004}}
{"target": 0.206849763375898, "params": {"C": 60377.85394068667, "gamma": 0.2583639748618019}, "datetime": {"datetime": "2021-10-04 10:45:59", "elapsed": 16.502408, "delta": 0.390164}}
{"target": 0.1822395955533065, "params": {"C": 56260.759038637945, "gamma": 0.06896400442829659}, "datetime": {"datetime": "2021-10-04 10:45:59", "elapsed": 16.862129, "delta": 0.359721}}
{"target": 0.1780775685270285, "params": {"C": 64387.80414046421, "gamma": 0.1118033944747867}, "datetime": {"datetime": "2021-10-04 10:46:00", "elapsed": 17.261133, "delta": 0.399004}}
{"target": 0.1843469429998038, "params": {"C": 76195.85346180438, "gamma": 0.0494058223314345}, "datetime": {"datetime": "2021-10-04 10:46:00", "elapsed": 17.684741, "delta": 0.423608}}
{"target": 0.18254820110991532, "params": {"C": 77439.3917360011, "gamma": 0.17118241899907635}, "datetime": {"datetime": "2021-10-04 10:46:01", "elapsed": 18.090504, "delta": 0.405763}}
{"target": 0.18007555337655246, "params": {"C": 61309.00409182626, "gamma": 0.13806678398147418}, "datetime": {"datetime": "2021-10-04 10:46:01", "elapsed": 18.473505, "delta": 0.383001}}
{"target": 0.19945186779848578, "params": {"C": 72865.13236021576, "gamma": 0.22991330424080272}, "datetime": {"datetime": "2021-10-04 10:46:01", "elapsed": 18.903832, "delta": 0.430327}}
{"target": 0.2012477484437244, "params": {"C": 73210.85335660167, "gamma": 0.23615203277524188}, "datetime": {"datetime": "2021-10-04 10:46:02", "elapsed": 19.367333, "delta": 0.463501}}
{"target": 0.17946150037153985, "params": {"C": 78269.1564054031, "gamma": 0.15731755445196158}, "datetime": {"datetime": "2021-10-04 10:46:02", "elapsed": 19.846328, "delta": 0.478995}}
{"target": 0.20737369355225244, "params": {"C": 63119.68854208742, "gamma": 0.25888204407697457}, "datetime": {"datetime": "2021-10-04 10:46:03", "elapsed": 20.207886, "delta": 0.361558}}
{"target": 0.2132789892280137, "params": {"C": 79374.55671931739, "gamma": 0.27861365219629025}, "datetime": {"datetime": "2021-10-04 10:46:03", "elapsed": 20.586886, "delta": 0.379}}
{"target": 0.19243297579367125, "params": {"C": 53464.95181245509, "gamma": 0.20255816625021855}, "datetime": {"datetime": "2021-10-04 10:46:04", "elapsed": 21.005302, "delta": 0.418416}}
{"target": 0.18424948971743915, "params": {"C": 81852.63730071153, "gamma": 0.04360438691772915}, "datetime": {"datetime": "2021-10-04 10:46:04", "elapsed": 21.4393, "delta": 0.433998}}
{"target": 0.21852533723901146, "params": {"C": 94244.42689796537, "gamma": 0.29942973832785424}, "datetime": {"datetime": "2021-10-04 10:46:04", "elapsed": 21.808574, "delta": 0.369274}}
{"target": 0.1837227618271079, "params": {"C": 63904.21602233313, "gamma": 0.05259932306010985}, "datetime": {"datetime": "2021-10-04 10:46:05", "elapsed": 22.216246, "delta": 0.407672}}
{"target": 0.18681867137931196, "params": {"C": 73799.08972834426, "gamma": 0.1853807556287414}, "datetime": {"datetime": "2021-10-04 10:46:05", "elapsed": 22.708181, "delta": 0.491935}}
{"target": 0.16865809206370297, "params": {"C": 82912.92618913975, "gamma": 0.024029557469524836}, "datetime": {"datetime": "2021-10-04 10:46:06", "elapsed": 23.181726, "delta": 0.473545}}
{"target": 0.18134534651732503, "params": {"C": 63344.5899899029, "gamma": 0.14979031132647241}, "datetime": {"datetime": "2021-10-04 10:46:06", "elapsed": 23.713661, "delta": 0.531935}}
{"target": 0.17415067277226814, "params": {"C": 95781.77330771231, "gamma": 0.15774549409177407}, "datetime": {"datetime": "2021-10-04 10:46:07", "elapsed": 24.124852, "delta": 0.411191}}
{"target": 0.19911385418271954, "params": {"C": 82513.73076243875, "gamma": 0.233093410233208}, "datetime": {"datetime": "2021-10-04 10:46:07", "elapsed": 24.591704, "delta": 0.466852}}
{"target": 0.18199947324235488, "params": {"C": 77782.7452332122, "gamma": 0.06528356936270652}, "datetime": {"datetime": "2021-10-04 10:46:08", "elapsed": 25.093476, "delta": 0.501772}}
{"target": 0.12259612068699766, "params": {"C": 76250.66367538495, "gamma": 0.011262480205555885}, "datetime": {"datetime": "2021-10-04 10:46:08", "elapsed": 25.514337, "delta": 0.420861}}
{"target": 0.18280354769535323, "params": {"C": 79976.7599065303, "gamma": 0.1750462860419848}, "datetime": {"datetime": "2021-10-04 10:46:08", "elapsed": 25.930107, "delta": 0.41577}}
{"target": 0.19025518831517996, "params": {"C": 65251.116482404446, "gamma": 0.1936431759373397}, "datetime": {"datetime": "2021-10-04 10:46:09", "elapsed": 26.375983, "delta": 0.445876}}
{"target": 0.18261556687886626, "params": {"C": 57734.85141817106, "gamma": 0.15385801921688863}, "datetime": {"datetime": "2021-10-04 10:46:09", "elapsed": 26.819923, "delta": 0.44394}}
{"target": 0.1838510514638756, "params": {"C": 63658.07493856276, "gamma": 0.16442070716697438}, "datetime": {"datetime": "2021-10-04 10:46:10", "elapsed": 27.243634, "delta": 0.423711}}
{"target": 0.18101728950772777, "params": {"C": 52565.277814890396, "gamma": 0.07941613792931332}, "datetime": {"datetime": "2021-10-04 10:46:10", "elapsed": 27.841007, "delta": 0.597373}}
{"target": 0.20412467827028558, "params": {"C": 80151.16700047471, "gamma": 0.24802138295637136}, "datetime": {"datetime": "2021-10-04 10:46:11", "elapsed": 28.340191, "delta": 0.499184}}
{"target": 0.1800448056785876, "params": {"C": 54140.65387599122, "gamma": 0.08912569649200985}, "datetime": {"datetime": "2021-10-04 10:46:11", "elapsed": 28.773948, "delta": 0.433757}}
{"target": 0.18485595320320192, "params": {"C": 56739.27376716626, "gamma": 0.16638952818357397}, "datetime": {"datetime": "2021-10-04 10:46:12", "elapsed": 29.24378, "delta": 0.469832}}
{"target": 0.2172315805742936, "params": {"C": 64789.71826959941, "gamma": 0.2998975211505047}, "datetime": {"datetime": "2021-10-04 10:46:12", "elapsed": 29.678781, "delta": 0.435001}}
{"target": 0.17481094023642574, "params": {"C": 95702.21600344693, "gamma": 0.1609398796948746}, "datetime": {"datetime": "2021-10-04 10:46:13", "elapsed": 30.124581, "delta": 0.4458}}
{"target": 0.20210752441583424, "params": {"C": 92321.22159334108, "gamma": 0.24758959437625322}, "datetime": {"datetime": "2021-10-04 10:46:13", "elapsed": 30.645576, "delta": 0.520995}}
{"target": 0.18759094251669373, "params": {"C": 50528.161929905866, "gamma": 0.18151385530364944}, "datetime": {"datetime": "2021-10-04 10:46:14", "elapsed": 31.06674, "delta": 0.421164}}
{"target": 0.18341091865479164, "params": {"C": 59552.29344709977, "gamma": 0.055278444844146686}, "datetime": {"datetime": "2021-10-04 10:46:14", "elapsed": 31.531739, "delta": 0.464999}}
{"target": 0.18406235524697068, "params": {"C": 76424.89598923523, "gamma": 0.05406903620389286}, "datetime": {"datetime": "2021-10-04 10:46:15", "elapsed": 32.051858, "delta": 0.520119}}
{"target": 0.21803873185687872, "params": {"C": 81996.96529556892, "gamma": 0.2959504733720301}, "datetime": {"datetime": "2021-10-04 10:46:15", "elapsed": 32.491076, "delta": 0.439218}}
{"target": 0.14526529033919822, "params": {"C": 74423.18724277586, "gamma": 0.01598019975914019}, "datetime": {"datetime": "2021-10-04 10:46:16", "elapsed": 32.989517, "delta": 0.498441}}
{"target": 0.18559098963394705, "params": {"C": 96871.34904093118, "gamma": 0.20198893928738035}, "datetime": {"datetime": "2021-10-04 10:46:16", "elapsed": 33.476897, "delta": 0.48738}}
{"target": 0.16407140132606413, "params": {"C": 64278.3594171514, "gamma": 0.024527397833313713}, "datetime": {"datetime": "2021-10-04 10:46:16", "elapsed": 33.917536, "delta": 0.440639}}
{"target": 0.18277313728378408, "params": {"C": 52588.161781886, "gamma": 0.1536603795558344}, "datetime": {"datetime": "2021-10-04 10:46:17", "elapsed": 34.348878, "delta": 0.431342}}
{"target": 0.17972299803374825, "params": {"C": 62184.3940781177, "gamma": 0.08711186273215124}, "datetime": {"datetime": "2021-10-04 10:46:17", "elapsed": 34.864937, "delta": 0.516059}}
{"target": 0.17866238187430206, "params": {"C": 61612.078966739864, "gamma": 0.10156236561239622}, "datetime": {"datetime": "2021-10-04 10:46:18", "elapsed": 35.307655, "delta": 0.442718}}
{"target": 0.19839201741451495, "params": {"C": 55373.05937110335, "gamma": 0.22685101369020713}, "datetime": {"datetime": "2021-10-04 10:46:18", "elapsed": 35.722483, "delta": 0.414828}}
{"target": 0.21648725979947103, "params": {"C": 71560.53146018059, "gamma": 0.2917726089089671}, "datetime": {"datetime": "2021-10-04 10:46:19", "elapsed": 36.170882, "delta": 0.448399}}
{"target": 0.21505545797834236, "params": {"C": 74426.77309134431, "gamma": 0.2852967409643244}, "datetime": {"datetime": "2021-10-04 10:46:19", "elapsed": 36.619882, "delta": 0.449}}
{"target": 0.18089992761232088, "params": {"C": 55389.60567277095, "gamma": 0.14026884357688052}, "datetime": {"datetime": "2021-10-04 10:46:20", "elapsed": 37.100431, "delta": 0.480549}}
{"target": 0.20640193807201324, "params": {"C": 99104.44159152484, "gamma": 0.26376981339703864}, "datetime": {"datetime": "2021-10-04 10:46:20", "elapsed": 37.633617, "delta": 0.533186}}
{"target": 0.20165971573817, "params": {"C": 54606.66670663521, "gamma": 0.24136391592506268}, "datetime": {"datetime": "2021-10-04 10:46:21", "elapsed": 38.189494, "delta": 0.555877}}
{"target": 0.177574946462986, "params": {"C": 74265.9297131505, "gamma": 0.13771106930873434}, "datetime": {"datetime": "2021-10-04 10:46:21", "elapsed": 38.753785, "delta": 0.564291}}
{"target": 0.17791584399009086, "params": {"C": 97944.87825047348, "gamma": 0.1772972343498138}, "datetime": {"datetime": "2021-10-04 10:46:22", "elapsed": 39.192377, "delta": 0.438592}}
{"target": 0.20949081856802976, "params": {"C": 82187.4395293148, "gamma": 0.26620410480806084}, "datetime": {"datetime": "2021-10-04 10:46:22", "elapsed": 39.708554, "delta": 0.516177}}
{"target": 0.17461423039676238, "params": {"C": 92415.66459627314, "gamma": 0.15407777101410514}, "datetime": {"datetime": "2021-10-04 10:46:23", "elapsed": 40.266556, "delta": 0.558002}}
{"target": 0.18349754865337886, "params": {"C": 80943.00523462842, "gamma": 0.057192937962519876}, "datetime": {"datetime": "2021-10-04 10:46:23", "elapsed": 40.775281, "delta": 0.508725}}
{"target": 0.18673584255599196, "params": {"C": 79365.78530784864, "gamma": 0.18974429229995865}, "datetime": {"datetime": "2021-10-04 10:46:24", "elapsed": 41.253064, "delta": 0.477783}}
{"target": 0.18246110122261405, "params": {"C": 75426.98875265736, "gamma": 0.039415544496132444}, "datetime": {"datetime": "2021-10-04 10:46:24", "elapsed": 41.80232, "delta": 0.549256}}
{"target": 0.1842598718563888, "params": {"C": 93942.3636341419, "gamma": 0.050681975779097915}, "datetime": {"datetime": "2021-10-04 10:46:25", "elapsed": 42.346829, "delta": 0.544509}}
{"target": 0.20294735998755564, "params": {"C": 64431.28180110334, "gamma": 0.24140853809958482}, "datetime": {"datetime": "2021-10-04 10:46:25", "elapsed": 42.83914, "delta": 0.492311}}
{"target": 0.19624753495084946, "params": {"C": 93841.02445118969, "gamma": 0.23134170134258952}, "datetime": {"datetime": "2021-10-04 10:46:26", "elapsed": 43.351841, "delta": 0.512701}}
{"target": 0.2037332036120535, "params": {"C": 72013.60520489136, "gamma": 0.24442958001393347}, "datetime": {"datetime": "2021-10-04 10:46:26", "elapsed": 43.879379, "delta": 0.527538}}
{"target": 0.18685294554996112, "params": {"C": 95606.74846632012, "gamma": 0.2047415144405024}, "datetime": {"datetime": "2021-10-04 10:46:27", "elapsed": 44.540706, "delta": 0.661327}}
{"target": 0.18343513927416588, "params": {"C": 79523.16919926781, "gamma": 0.17716355380844542}, "datetime": {"datetime": "2021-10-04 10:46:28", "elapsed": 45.193399, "delta": 0.652693}}
{"target": 0.1794277647762107, "params": {"C": 53006.31847239622, "gamma": 0.12045497675538507}, "datetime": {"datetime": "2021-10-04 10:46:28", "elapsed": 45.75281, "delta": 0.559411}}
{"target": 0.17740677873729915, "params": {"C": 93973.70066952359, "gamma": 0.17001165698267753}, "datetime": {"datetime": "2021-10-04 10:46:29", "elapsed": 46.307809, "delta": 0.554999}}
{"target": 0.15922893558960627, "params": {"C": 61870.206788002935, "gamma": 0.022636449003969772}, "datetime": {"datetime": "2021-10-04 10:46:29", "elapsed": 46.853055, "delta": 0.545246}}
{"target": 0.19466282582434546, "params": {"C": 54813.76776389543, "gamma": 0.21149825281799758}, "datetime": {"datetime": "2021-10-04 10:46:30", "elapsed": 47.473077, "delta": 0.620022}}
{"target": 0.18146930643162806, "params": {"C": 62764.97394120084, "gamma": 0.15005412033775756}, "datetime": {"datetime": "2021-10-04 10:46:31", "elapsed": 48.092894, "delta": 0.619817}}
{"target": 0.1689775004448144, "params": {"C": 82113.8408874668, "gamma": 0.024323178867123804}, "datetime": {"datetime": "2021-10-04 10:46:31", "elapsed": 48.7692, "delta": 0.676306}}
{"target": 0.2049671300293957, "params": {"C": 71843.32672838477, "gamma": 0.24871046029684374}, "datetime": {"datetime": "2021-10-04 10:46:32", "elapsed": 49.366701, "delta": 0.597501}}
{"target": 0.21365384373592666, "params": {"C": 66831.99635994565, "gamma": 0.28239389640151863}, "datetime": {"datetime": "2021-10-04 10:46:33", "elapsed": 50.011047, "delta": 0.644346}}
