{"target": -35.47892151295775, "params": {"C": 37921.33465641626, "gamma": 0.042839418627831555}, "datetime": {"datetime": "2021-09-29 09:21:41", "elapsed": 437.547552, "delta": 2.428878}}
{"target": -34.62402465702939, "params": {"C": 39668.76693685434, "gamma": 0.02503894474884886}, "datetime": {"datetime": "2021-09-29 09:21:44", "elapsed": 440.312724, "delta": 2.765172}}
{"target": -36.13877032440687, "params": {"C": 38819.02433609869, "gamma": 0.004598405386076646}, "datetime": {"datetime": "2021-09-29 09:21:46", "elapsed": 442.398978, "delta": 2.086254}}
{"target": -35.10434188029306, "params": {"C": 38888.49178781485, "gamma": 0.009208579643840307}, "datetime": {"datetime": "2021-09-29 09:21:48", "elapsed": 444.045933, "delta": 1.646955}}
{"target": -34.89342370783767, "params": {"C": 38962.240764066984, "gamma": 0.010729436165545676}, "datetime": {"datetime": "2021-09-29 09:21:50", "elapsed": 446.178719, "delta": 2.132786}}
{"target": -36.34202148909678, "params": {"C": 35441.73004262348, "gamma": 0.0038922286460613196}, "datetime": {"datetime": "2021-09-29 09:21:54", "elapsed": 449.792937, "delta": 3.614218}}
{"target": -34.56762516893809, "params": {"C": 36998.64573391779, "gamma": 0.02342588783456642}, "datetime": {"datetime": "2021-09-29 09:21:57", "elapsed": 453.420496, "delta": 3.627559}}
{"target": -35.18069356009948, "params": {"C": 37446.92101388531, "gamma": 0.00877185396952168}, "datetime": {"datetime": "2021-09-29 09:22:01", "elapsed": 457.446667, "delta": 4.026171}}
{"target": -34.54508901617335, "params": {"C": 35568.447217052955, "gamma": 0.022744609665123122}, "datetime": {"datetime": "2021-09-29 09:22:04", "elapsed": 460.04601, "delta": 2.599343}}
{"target": -34.542418436584164, "params": {"C": 39827.00090481276, "gamma": 0.022090211270037397}, "datetime": {"datetime": "2021-09-29 09:22:07", "elapsed": 462.967295, "delta": 2.921285}}
{"target": -35.28300345175019, "params": {"C": 35573.62562302356, "gamma": 0.040769755419642055}, "datetime": {"datetime": "2021-09-29 09:22:08", "elapsed": 464.655119, "delta": 1.687824}}
{"target": -34.65631368530009, "params": {"C": 35722.55981857472, "gamma": 0.013314692552525712}, "datetime": {"datetime": "2021-09-29 09:22:12", "elapsed": 468.329344, "delta": 3.674225}}
{"target": -35.27575304115169, "params": {"C": 37056.32258636869, "gamma": 0.03985504820901928}, "datetime": {"datetime": "2021-09-29 09:22:14", "elapsed": 470.026951, "delta": 1.697607}}
{"target": -36.44763647177994, "params": {"C": 39496.62240704545, "gamma": 0.003510606543230885}, "datetime": {"datetime": "2021-09-29 09:22:16", "elapsed": 472.656312, "delta": 2.629361}}
{"target": -35.89946990085447, "params": {"C": 37907.51537755881, "gamma": 0.05053392777430995}, "datetime": {"datetime": "2021-09-29 09:22:18", "elapsed": 474.331495, "delta": 1.675183}}
{"target": -35.029608474125205, "params": {"C": 35860.85876460759, "gamma": 0.035587120750923455}, "datetime": {"datetime": "2021-09-29 09:22:20", "elapsed": 476.342267, "delta": 2.010772}}
{"target": -34.872062350195044, "params": {"C": 36385.62128478042, "gamma": 0.011092594512961091}, "datetime": {"datetime": "2021-09-29 09:22:23", "elapsed": 479.071342, "delta": 2.729075}}
{"target": -34.581157145929865, "params": {"C": 37446.90492535444, "gamma": 0.023867746897610533}, "datetime": {"datetime": "2021-09-29 09:22:27", "elapsed": 483.101111, "delta": 4.029769}}
{"target": -34.74823082525132, "params": {"C": 36998.674992641005, "gamma": 0.029107164330142373}, "datetime": {"datetime": "2021-09-29 09:22:30", "elapsed": 486.091906, "delta": 2.990795}}
{"target": -35.85237507573249, "params": {"C": 37680.18508606357, "gamma": 0.049804659076424555}, "datetime": {"datetime": "2021-09-29 09:22:32", "elapsed": 488.57606, "delta": 2.484154}}
{"target": -36.1599898446741, "params": {"C": 35869.234479422, "gamma": 0.0045485532847043195}, "datetime": {"datetime": "2021-09-29 09:22:35", "elapsed": 491.319058, "delta": 2.742998}}
{"target": -34.468501412433525, "params": {"C": 39749.99383429098, "gamma": 0.017908061236240398}, "datetime": {"datetime": "2021-09-29 09:22:37", "elapsed": 493.638002, "delta": 2.318944}}
{"target": -34.911648683765456, "params": {"C": 37066.20402719229, "gamma": 0.032534642551737956}, "datetime": {"datetime": "2021-09-29 09:22:40", "elapsed": 496.260422, "delta": 2.62242}}
{"target": -34.6921404253719, "params": {"C": 35115.57871026317, "gamma": 0.028147420646034274}, "datetime": {"datetime": "2021-09-29 09:22:42", "elapsed": 498.02274, "delta": 1.762318}}
{"target": -34.787010343583916, "params": {"C": 39265.203873983024, "gamma": 0.029202604785786283}, "datetime": {"datetime": "2021-09-29 09:22:46", "elapsed": 501.889968, "delta": 3.867228}}
{"target": -34.71339194709678, "params": {"C": 37092.34000487931, "gamma": 0.028341890203255043}, "datetime": {"datetime": "2021-09-29 09:22:49", "elapsed": 504.836293, "delta": 2.946325}}
{"target": -34.61410446856527, "params": {"C": 36219.81764171256, "gamma": 0.025257867835223574}, "datetime": {"datetime": "2021-09-29 09:22:51", "elapsed": 507.240783, "delta": 2.40449}}
{"target": -34.60892757531474, "params": {"C": 38818.93671844421, "gamma": 0.013658879409742714}, "datetime": {"datetime": "2021-09-29 09:22:55", "elapsed": 510.975071, "delta": 3.734288}}
{"target": -34.85753710724602, "params": {"C": 35417.306255426854, "gamma": 0.011297223063842798}, "datetime": {"datetime": "2021-09-29 09:22:58", "elapsed": 514.12783, "delta": 3.152759}}
{"target": -34.97473231461601, "params": {"C": 35722.54159936011, "gamma": 0.03444781957801718}, "datetime": {"datetime": "2021-09-29 09:23:01", "elapsed": 516.785593, "delta": 2.657763}}
{"target": -34.79123830449994, "params": {"C": 37921.356896366844, "gamma": 0.029712728458466602}, "datetime": {"datetime": "2021-09-29 09:23:03", "elapsed": 519.5519, "delta": 2.766307}}
{"target": -35.69835113161112, "params": {"C": 36888.0010773612, "gamma": 0.04747318647682207}, "datetime": {"datetime": "2021-09-29 09:23:05", "elapsed": 521.360756, "delta": 1.808856}}
{"target": -34.59037439774335, "params": {"C": 36763.56484641363, "gamma": 0.02431066194239583}, "datetime": {"datetime": "2021-09-29 09:23:07", "elapsed": 523.363999, "delta": 2.003243}}
{"target": -36.08365729987302, "params": {"C": 36662.74997985827, "gamma": 0.05515478412460711}, "datetime": {"datetime": "2021-09-29 09:23:09", "elapsed": 525.156816, "delta": 1.792817}}
{"target": -34.497927914405345, "params": {"C": 35041.503885096965, "gamma": 0.01997317218391645}, "datetime": {"datetime": "2021-09-29 09:23:11", "elapsed": 527.054065, "delta": 1.897249}}
{"target": -34.89383647073506, "params": {"C": 38823.01530318098, "gamma": 0.03149630789414759}, "datetime": {"datetime": "2021-09-29 09:23:14", "elapsed": 530.358013, "delta": 3.303948}}
{"target": -35.27725755294271, "params": {"C": 37730.0467666828, "gamma": 0.00819500607177268}, "datetime": {"datetime": "2021-09-29 09:23:17", "elapsed": 533.498314, "delta": 3.140301}}
{"target": -34.85990779407022, "params": {"C": 39136.59295337768, "gamma": 0.0307088541181263}, "datetime": {"datetime": "2021-09-29 09:23:20", "elapsed": 535.885976, "delta": 2.387662}}
{"target": -34.49210192280191, "params": {"C": 38973.226301023875, "gamma": 0.01968726918582172}, "datetime": {"datetime": "2021-09-29 09:23:21", "elapsed": 537.713546, "delta": 1.82757}}
{"target": -34.46456492935859, "params": {"C": 36837.76522995321, "gamma": 0.01726658401048516}, "datetime": {"datetime": "2021-09-29 09:23:23", "elapsed": 539.60116, "delta": 1.887614}}
{"target": -36.01547707039784, "params": {"C": 35041.50589040251, "gamma": 0.005135403503593412}, "datetime": {"datetime": "2021-09-29 09:23:27", "elapsed": 543.634591, "delta": 4.033431}}
{"target": -34.88523306782669, "params": {"C": 36837.77291948464, "gamma": 0.010947611066421593}, "datetime": {"datetime": "2021-09-29 09:23:30", "elapsed": 546.191878, "delta": 2.557287}}
{"target": -34.50602564167104, "params": {"C": 35705.393497824465, "gamma": 0.02055968976507473}, "datetime": {"datetime": "2021-09-29 09:23:32", "elapsed": 548.033627, "delta": 1.841749}}
{"target": -34.46575016644061, "params": {"C": 35568.438721711194, "gamma": 0.017238877529270863}, "datetime": {"datetime": "2021-09-29 09:23:35", "elapsed": 551.275144, "delta": 3.241517}}
{"target": -34.56674208803116, "params": {"C": 36825.68685611416, "gamma": 0.014465189037797501}, "datetime": {"datetime": "2021-09-29 09:23:37", "elapsed": 553.777234, "delta": 2.50209}}
{"target": -34.94412252566724, "params": {"C": 38741.70509227114, "gamma": 0.010352700407448116}, "datetime": {"datetime": "2021-09-29 09:23:40", "elapsed": 556.398134, "delta": 2.6209}}
{"target": -34.64779422731621, "params": {"C": 39136.616882757866, "gamma": 0.013064145370509365}, "datetime": {"datetime": "2021-09-29 09:23:43", "elapsed": 559.315165, "delta": 2.917031}}
{"target": -34.613028313455395, "params": {"C": 37504.23819631454, "gamma": 0.013684485016225833}, "datetime": {"datetime": "2021-09-29 09:23:46", "elapsed": 562.647207, "delta": 3.332042}}
{"target": -34.49896368495891, "params": {"C": 35613.07036075635, "gamma": 0.02006912803785874}, "datetime": {"datetime": "2021-09-29 09:23:48", "elapsed": 564.63545, "delta": 1.988243}}
{"target": -34.74309868312931, "params": {"C": 39496.615821948595, "gamma": 0.02823678380929163}, "datetime": {"datetime": "2021-09-29 09:23:51", "elapsed": 567.513292, "delta": 2.877842}}
{"target": -35.93012628477537, "params": {"C": 36582.75053420415, "gamma": 0.05206077530826186}, "datetime": {"datetime": "2021-09-29 09:23:53", "elapsed": 569.351322, "delta": 1.83803}}
{"target": -35.166155338761214, "params": {"C": 35836.25070949931, "gamma": 0.00895949130722236}, "datetime": {"datetime": "2021-09-29 09:23:55", "elapsed": 571.215517, "delta": 1.864195}}
{"target": -34.46788704305986, "params": {"C": 37921.363818498095, "gamma": 0.01770338011035523}, "datetime": {"datetime": "2021-09-29 09:23:58", "elapsed": 573.929273, "delta": 2.713756}}
{"target": -34.90728213966115, "params": {"C": 36087.709636741994, "gamma": 0.03283696538154903}, "datetime": {"datetime": "2021-09-29 09:24:04", "elapsed": 580.192642, "delta": 6.263369}}
{"target": -34.64493849038865, "params": {"C": 35115.59348024392, "gamma": 0.026544139996306303}, "datetime": {"datetime": "2021-09-29 09:24:07", "elapsed": 583.781697, "delta": 3.589055}}
{"target": -36.16431645707407, "params": {"C": 37498.54576094414, "gamma": 0.00451611912064959}, "datetime": {"datetime": "2021-09-29 09:24:11", "elapsed": 587.259423, "delta": 3.477726}}
{"target": -34.495851892157155, "params": {"C": 39629.614535228626, "gamma": 0.01995185331417288}, "datetime": {"datetime": "2021-09-29 09:24:13", "elapsed": 589.242767, "delta": 1.983344}}
{"target": -34.57826226531297, "params": {"C": 39525.59225423558, "gamma": 0.023465782466549415}, "datetime": {"datetime": "2021-09-29 09:24:16", "elapsed": 592.577156, "delta": 3.334389}}
{"target": -34.58520573663383, "params": {"C": 35404.832634811224, "gamma": 0.024332407113433947}, "datetime": {"datetime": "2021-09-29 09:24:18", "elapsed": 594.732102, "delta": 2.154946}}
{"target": -34.73580694087935, "params": {"C": 39246.25992048713, "gamma": 0.02816068564681816}, "datetime": {"datetime": "2021-09-29 09:24:21", "elapsed": 596.788577, "delta": 2.056475}}
{"target": -36.12632812467862, "params": {"C": 36801.72727336424, "gamma": 0.0046701962127790615}, "datetime": {"datetime": "2021-09-29 09:24:23", "elapsed": 599.42849, "delta": 2.639913}}
{"target": -35.30403600303426, "params": {"C": 39749.95162723004, "gamma": 0.0079516004217085}, "datetime": {"datetime": "2021-09-29 09:24:26", "elapsed": 602.211666, "delta": 2.783176}}
{"target": -35.45931182908565, "params": {"C": 38020.965556152114, "gamma": 0.04244145109099097}, "datetime": {"datetime": "2021-09-29 09:24:29", "elapsed": 605.034517, "delta": 2.822851}}
{"target": -34.76564996816175, "params": {"C": 35441.7782383752, "gamma": 0.030002463340950056}, "datetime": {"datetime": "2021-09-29 09:24:32", "elapsed": 607.784784, "delta": 2.750267}}
{"target": -34.93331287082717, "params": {"C": 37250.234015503316, "gamma": 0.0329105440323427}, "datetime": {"datetime": "2021-09-29 09:24:34", "elapsed": 610.043893, "delta": 2.259109}}
{"target": -34.83089470766823, "params": {"C": 39739.81849048448, "gamma": 0.011237220429963786}, "datetime": {"datetime": "2021-09-29 09:24:36", "elapsed": 612.17359, "delta": 2.129697}}
{"target": -34.86048689686832, "params": {"C": 35566.31225332777, "gamma": 0.03201788511859421}, "datetime": {"datetime": "2021-09-29 09:24:39", "elapsed": 615.098428, "delta": 2.924838}}
{"target": -35.63482838110645, "params": {"C": 37492.54234486533, "gamma": 0.0065878192940549245}, "datetime": {"datetime": "2021-09-29 09:24:44", "elapsed": 620.090015, "delta": 4.991587}}
{"target": -34.55156675784973, "params": {"C": 38724.98355017293, "gamma": 0.022578788537394454}, "datetime": {"datetime": "2021-09-29 09:24:47", "elapsed": 623.750034, "delta": 3.660019}}
{"target": -35.12446693236984, "params": {"C": 35312.98947969683, "gamma": 0.009282948721576936}, "datetime": {"datetime": "2021-09-29 09:24:49", "elapsed": 625.718835, "delta": 1.968801}}
{"target": -34.96504041344532, "params": {"C": 37593.827079920855, "gamma": 0.010282460083976158}, "datetime": {"datetime": "2021-09-29 09:24:52", "elapsed": 628.600904, "delta": 2.882069}}
{"target": -34.74219161507614, "params": {"C": 36837.76023752424, "gamma": 0.029031211588548426}, "datetime": {"datetime": "2021-09-29 09:24:55", "elapsed": 631.421677, "delta": 2.820773}}
{"target": -35.07028774338322, "params": {"C": 36116.10588300344, "gamma": 0.036370051484341706}, "datetime": {"datetime": "2021-09-29 09:24:59", "elapsed": 635.027831, "delta": 3.606154}}
{"target": -34.82072648072014, "params": {"C": 37490.5945377893, "gamma": 0.030473779017004085}, "datetime": {"datetime": "2021-09-29 09:25:01", "elapsed": 637.264434, "delta": 2.236603}}
{"target": -34.70253851028885, "params": {"C": 35417.28002834122, "gamma": 0.028424796208077363}, "datetime": {"datetime": "2021-09-29 09:25:05", "elapsed": 641.158701, "delta": 3.894267}}
{"target": -34.802047588537604, "params": {"C": 35115.58468261379, "gamma": 0.011861602613941789}, "datetime": {"datetime": "2021-09-29 09:25:08", "elapsed": 644.136636, "delta": 2.977935}}
{"target": -34.55301320141527, "params": {"C": 37280.17600277489, "gamma": 0.014649759732240232}, "datetime": {"datetime": "2021-09-29 09:25:10", "elapsed": 646.293, "delta": 2.156364}}
{"target": -34.9657322532625, "params": {"C": 38748.96874990125, "gamma": 0.010193982265029263}, "datetime": {"datetime": "2021-09-29 09:25:14", "elapsed": 650.36747, "delta": 4.07447}}
{"target": -35.914242092009005, "params": {"C": 35706.85354868568, "gamma": 0.005523638020328864}, "datetime": {"datetime": "2021-09-29 09:25:18", "elapsed": 654.209896, "delta": 3.842426}}
{"target": -35.65210170699785, "params": {"C": 36545.71224317649, "gamma": 0.046810902280079114}, "datetime": {"datetime": "2021-09-29 09:25:20", "elapsed": 656.330884, "delta": 2.120988}}
{"target": -34.720293985030466, "params": {"C": 35705.40281213236, "gamma": 0.028932919235971306}, "datetime": {"datetime": "2021-09-29 09:25:23", "elapsed": 659.309377, "delta": 2.978493}}
{"target": -35.10365387063159, "params": {"C": 36763.57058498969, "gamma": 0.03680191523318151}, "datetime": {"datetime": "2021-09-29 09:25:27", "elapsed": 662.843825, "delta": 3.534448}}
{"target": -35.871733203879465, "params": {"C": 39466.021265540214, "gamma": 0.005583505944656883}, "datetime": {"datetime": "2021-09-29 09:25:29", "elapsed": 665.02886, "delta": 2.185035}}
{"target": -34.45819261250328, "params": {"C": 38700.330669139374, "gamma": 0.016811856820640028}, "datetime": {"datetime": "2021-09-29 09:25:33", "elapsed": 669.227042, "delta": 4.198182}}
{"target": -34.69012632181164, "params": {"C": 35041.4844864604, "gamma": 0.028096402378857997}, "datetime": {"datetime": "2021-09-29 09:25:36", "elapsed": 672.038371, "delta": 2.811329}}
{"target": -34.58638089404706, "params": {"C": 35705.38419171185, "gamma": 0.024328711102878074}, "datetime": {"datetime": "2021-09-29 09:25:41", "elapsed": 677.452273, "delta": 5.413902}}
{"target": -34.89911402262979, "params": {"C": 37486.67624297546, "gamma": 0.010786827054786972}, "datetime": {"datetime": "2021-09-29 09:25:44", "elapsed": 680.531084, "delta": 3.078811}}
{"target": -34.80673966216191, "params": {"C": 35728.80775957649, "gamma": 0.01176453250190395}, "datetime": {"datetime": "2021-09-29 09:25:50", "elapsed": 686.320498, "delta": 5.789414}}
{"target": -36.13555955068957, "params": {"C": 37985.86074716326, "gamma": 0.05521337806834438}, "datetime": {"datetime": "2021-09-29 09:25:52", "elapsed": 688.611686, "delta": 2.291188}}
{"target": -34.69850999915813, "params": {"C": 38286.96243195917, "gamma": 0.027671719354324248}, "datetime": {"datetime": "2021-09-29 09:25:54", "elapsed": 690.707524, "delta": 2.095838}}
{"target": -35.219079162715886, "params": {"C": 36999.04114785419, "gamma": 0.03895748419199954}, "datetime": {"datetime": "2021-09-29 09:25:57", "elapsed": 692.969667, "delta": 2.262143}}
{"target": -34.54936894313409, "params": {"C": 38818.983429953296, "gamma": 0.014582769073120755}, "datetime": {"datetime": "2021-09-29 09:26:00", "elapsed": 696.322547, "delta": 3.35288}}
{"target": -36.53361559852364, "params": {"C": 39861.093761065655, "gamma": 0.0032203452897354486}, "datetime": {"datetime": "2021-09-29 09:26:02", "elapsed": 698.392664, "delta": 2.070117}}
{"target": -36.442544552965224, "params": {"C": 37003.10649323826, "gamma": 0.0035257442628418567}, "datetime": {"datetime": "2021-09-29 09:26:04", "elapsed": 700.653765, "delta": 2.261101}}
{"target": -36.194143094481404, "params": {"C": 35613.05705816854, "gamma": 0.004414468181261079}, "datetime": {"datetime": "2021-09-29 09:26:08", "elapsed": 703.834206, "delta": 3.180441}}
{"target": -35.03218501720375, "params": {"C": 37492.53395256883, "gamma": 0.03489575239922149}, "datetime": {"datetime": "2021-09-29 09:26:11", "elapsed": 706.811305, "delta": 2.977099}}
{"target": -35.71174481214481, "params": {"C": 39279.113183728805, "gamma": 0.0062061516686095705}, "datetime": {"datetime": "2021-09-29 09:26:13", "elapsed": 709.146704, "delta": 2.335399}}
{"target": -34.66358011088913, "params": {"C": 35613.084368416334, "gamma": 0.027087831231637223}, "datetime": {"datetime": "2021-09-29 09:26:17", "elapsed": 713.719602, "delta": 4.572898}}
{"target": -35.362681358079904, "params": {"C": 36825.67814403101, "gamma": 0.0414386564890629}, "datetime": {"datetime": "2021-09-29 09:26:21", "elapsed": 717.198995, "delta": 3.479393}}
{"target": -34.48641554904302, "params": {"C": 38974.67763686874, "gamma": 0.019285722693613262}, "datetime": {"datetime": "2021-09-29 09:26:23", "elapsed": 719.173486, "delta": 1.974491}}
{"target": -34.99356342854391, "params": {"C": 39126.94733041804, "gamma": 0.00996710477400362}, "datetime": {"datetime": "2021-09-29 09:26:25", "elapsed": 721.485709, "delta": 2.312223}}
{"target": -34.53410435067414, "params": {"C": 38642.30798604128, "gamma": 0.021907492444123}, "datetime": {"datetime": "2021-09-29 09:26:27", "elapsed": 723.709859, "delta": 2.22415}}
{"target": -34.61752373674114, "params": {"C": 36028.1372200352, "gamma": 0.013716298312102929}, "datetime": {"datetime": "2021-09-29 09:26:31", "elapsed": 726.86937, "delta": 3.159511}}
{"target": -34.49632912461663, "params": {"C": 35613.08009743767, "gamma": 0.019879521209775167}, "datetime": {"datetime": "2021-09-29 09:26:35", "elapsed": 730.986802, "delta": 4.117432}}
{"target": -34.82938659391809, "params": {"C": 38749.00045766504, "gamma": 0.011319604955836823}, "datetime": {"datetime": "2021-09-29 09:26:37", "elapsed": 733.255667, "delta": 2.268865}}
{"target": -35.3858967378739, "params": {"C": 38461.15263727423, "gamma": 0.0076022832931108225}, "datetime": {"datetime": "2021-09-29 09:26:41", "elapsed": 737.23342, "delta": 3.977753}}
{"target": -35.606044515809714, "params": {"C": 35417.24930184656, "gamma": 0.006805255553415778}, "datetime": {"datetime": "2021-09-29 09:26:45", "elapsed": 741.137804, "delta": 3.904384}}
{"target": -34.62672365413083, "params": {"C": 37680.15766981021, "gamma": 0.013462694322469427}, "datetime": {"datetime": "2021-09-29 09:26:50", "elapsed": 745.883203, "delta": 4.745399}}
{"target": -35.72263905110681, "params": {"C": 39246.25075321614, "gamma": 0.046495156978657096}, "datetime": {"datetime": "2021-09-29 09:26:55", "elapsed": 751.36429, "delta": 5.481087}}
{"target": -34.519790098235866, "params": {"C": 37242.57114864758, "gamma": 0.021430973715979084}, "datetime": {"datetime": "2021-09-29 09:26:57", "elapsed": 753.524468, "delta": 2.160178}}
{"target": -35.31512564089027, "params": {"C": 35436.311635137485, "gamma": 0.008114633926418688}, "datetime": {"datetime": "2021-09-29 09:27:00", "elapsed": 756.00541, "delta": 2.480942}}
{"target": -36.22831667891404, "params": {"C": 38974.67855885485, "gamma": 0.004261920394461345}, "datetime": {"datetime": "2021-09-29 09:27:04", "elapsed": 760.183489, "delta": 4.178079}}
{"target": -34.54952689733739, "params": {"C": 37066.221863338316, "gamma": 0.022717259069845994}, "datetime": {"datetime": "2021-09-29 09:27:09", "elapsed": 765.059241, "delta": 4.875752}}
{"target": -34.58299057643126, "params": {"C": 38818.977433218315, "gamma": 0.023735724050302692}, "datetime": {"datetime": "2021-09-29 09:27:12", "elapsed": 768.369508, "delta": 3.310267}}
{"target": -35.84595645687692, "params": {"C": 35115.589393652626, "gamma": 0.05149158169682091}, "datetime": {"datetime": "2021-09-29 09:27:17", "elapsed": 773.04453, "delta": 4.675022}}
{"target": -36.15865308725947, "params": {"C": 35161.15820635548, "gamma": 0.05811859328972445}, "datetime": {"datetime": "2021-09-29 09:27:19", "elapsed": 775.556228, "delta": 2.511698}}
