{"target": -35.18233739184428, "params": {"C": 4131.255334529917, "gamma": 0.05028624384964495}, "datetime": {"datetime": "2021-09-28 16:13:32", "elapsed": 123.353882, "delta": 1.292717}}
{"target": -35.86929769783157, "params": {"C": 4637.032530104045, "gamma": 0.0073044301792489046}, "datetime": {"datetime": "2021-09-28 16:13:33", "elapsed": 124.643736, "delta": 1.289854}}
{"target": -34.977624658272134, "params": {"C": 4630.693511612315, "gamma": 0.040556565209876}, "datetime": {"datetime": "2021-09-28 16:13:34", "elapsed": 125.728165, "delta": 1.084429}}
{"target": -35.14180770171461, "params": {"C": 4628.754313763166, "gamma": 0.052467272783402845}, "datetime": {"datetime": "2021-09-28 16:13:35", "elapsed": 127.046732, "delta": 1.318567}}
{"target": -35.38573122630248, "params": {"C": 4383.316585595795, "gamma": 0.06391354107432946}, "datetime": {"datetime": "2021-09-28 16:13:37", "elapsed": 128.197732, "delta": 1.151}}
{"target": -35.18440626803092, "params": {"C": 4389.604060286663, "gamma": 0.05291706221306148}, "datetime": {"datetime": "2021-09-28 16:13:38", "elapsed": 129.794653, "delta": 1.596921}}
{"target": -35.075112595492065, "params": {"C": 4728.671993563284, "gamma": 0.049286530992500244}, "datetime": {"datetime": "2021-09-28 16:13:39", "elapsed": 130.949298, "delta": 1.154645}}
{"target": -35.43946260468887, "params": {"C": 4726.029285501076, "gamma": 0.06879804329059715}, "datetime": {"datetime": "2021-09-28 16:13:41", "elapsed": 132.139062, "delta": 1.189764}}
{"target": -35.86483624913062, "params": {"C": 4902.126719872935, "gamma": 0.007310985601077263}, "datetime": {"datetime": "2021-09-28 16:13:42", "elapsed": 133.3033, "delta": 1.164238}}
{"target": -35.013404374338286, "params": {"C": 4736.154812763878, "gamma": 0.023465143648192077}, "datetime": {"datetime": "2021-09-28 16:13:43", "elapsed": 134.443302, "delta": 1.140002}}
{"target": -35.59553363169161, "params": {"C": 4738.098581344804, "gamma": 0.07563788427845355}, "datetime": {"datetime": "2021-09-28 16:13:44", "elapsed": 135.640703, "delta": 1.197401}}
{"target": -35.20947655436161, "params": {"C": 4734.682318010084, "gamma": 0.01713196054119845}, "datetime": {"datetime": "2021-09-28 16:13:45", "elapsed": 136.816685, "delta": 1.175982}}
{"target": -36.161104897408855, "params": {"C": 4423.097963484421, "gamma": 0.004211923981800977}, "datetime": {"datetime": "2021-09-28 16:13:47", "elapsed": 138.144683, "delta": 1.327998}}
{"target": -36.09713790821603, "params": {"C": 4425.629967073764, "gamma": 0.0048400587858360425}, "datetime": {"datetime": "2021-09-28 16:13:48", "elapsed": 139.406901, "delta": 1.262218}}
{"target": -34.99000647771703, "params": {"C": 4542.368954582219, "gamma": 0.040753905540761234}, "datetime": {"datetime": "2021-09-28 16:13:49", "elapsed": 140.2729, "delta": 0.865999}}
{"target": -34.93899016407936, "params": {"C": 4896.875368647929, "gamma": 0.02895367350935459}, "datetime": {"datetime": "2021-09-28 16:13:50", "elapsed": 141.146375, "delta": 0.873475}}
{"target": -35.087216725819204, "params": {"C": 4949.991768968508, "gamma": 0.01921140173969542}, "datetime": {"datetime": "2021-09-28 16:13:50", "elapsed": 141.971379, "delta": 0.825004}}
{"target": -34.98319791120345, "params": {"C": 4542.694140092344, "gamma": 0.0281088486122217}, "datetime": {"datetime": "2021-09-28 16:13:51", "elapsed": 143.051106, "delta": 1.079727}}
{"target": -36.02235718850048, "params": {"C": 4975.011785497114, "gamma": 0.005427747418661354}, "datetime": {"datetime": "2021-09-28 16:13:53", "elapsed": 144.162107, "delta": 1.111001}}
{"target": -35.32474978829392, "params": {"C": 4896.6564499671995, "gamma": 0.06437326444457031}, "datetime": {"datetime": "2021-09-28 16:13:54", "elapsed": 145.1649, "delta": 1.002793}}
{"target": -35.097311048202336, "params": {"C": 4789.350239765969, "gamma": 0.05114272041256556}, "datetime": {"datetime": "2021-09-28 16:13:55", "elapsed": 146.384781, "delta": 1.219881}}
{"target": -35.13642702502743, "params": {"C": 4896.26227491799, "gamma": 0.018089197667530126}, "datetime": {"datetime": "2021-09-28 16:13:57", "elapsed": 148.33951, "delta": 1.954729}}
{"target": -35.28252911452253, "params": {"C": 4399.729604739585, "gamma": 0.016405161084435925}, "datetime": {"datetime": "2021-09-28 16:13:58", "elapsed": 149.175628, "delta": 0.836118}}
{"target": -35.16253214763736, "params": {"C": 4975.578173203945, "gamma": 0.05618081137186275}, "datetime": {"datetime": "2021-09-28 16:13:59", "elapsed": 150.146624, "delta": 0.970996}}
{"target": -35.64573722495183, "params": {"C": 4897.1251113795515, "gamma": 0.07830278831047412}, "datetime": {"datetime": "2021-09-28 16:14:00", "elapsed": 151.134007, "delta": 0.987383}}
{"target": -34.996678763742544, "params": {"C": 4981.173357545738, "gamma": 0.02280457965134727}, "datetime": {"datetime": "2021-09-28 16:14:01", "elapsed": 152.816011, "delta": 1.682004}}
{"target": -35.240806023566684, "params": {"C": 4665.159010887173, "gamma": 0.05832719917444838}, "datetime": {"datetime": "2021-09-28 16:14:02", "elapsed": 153.863662, "delta": 1.047651}}
{"target": -35.02398878165259, "params": {"C": 4797.8471371595, "gamma": 0.04654789730398476}, "datetime": {"datetime": "2021-09-28 16:14:04", "elapsed": 155.40916, "delta": 1.545498}}
{"target": -35.01076108646781, "params": {"C": 4787.535986413304, "gamma": 0.023255505284680227}, "datetime": {"datetime": "2021-09-28 16:14:05", "elapsed": 156.659842, "delta": 1.250682}}
{"target": -35.005298537880655, "params": {"C": 4360.345226812952, "gamma": 0.038195596988638426}, "datetime": {"datetime": "2021-09-28 16:14:06", "elapsed": 157.620902, "delta": 0.96106}}
{"target": -35.04152366294751, "params": {"C": 4360.614380565756, "gamma": 0.02467958444441321}, "datetime": {"datetime": "2021-09-28 16:14:08", "elapsed": 159.26774, "delta": 1.646838}}
{"target": -35.32394054673168, "params": {"C": 4895.131499151173, "gamma": 0.06432484130236686}, "datetime": {"datetime": "2021-09-28 16:14:09", "elapsed": 160.437736, "delta": 1.169996}}
{"target": -34.96731333582642, "params": {"C": 4593.158453881149, "gamma": 0.03328963370929955}, "datetime": {"datetime": "2021-09-28 16:14:10", "elapsed": 161.798619, "delta": 1.360883}}
{"target": -35.254212508483405, "params": {"C": 4295.52166868269, "gamma": 0.017054313426654578}, "datetime": {"datetime": "2021-09-28 16:14:11", "elapsed": 162.732614, "delta": 0.933995}}
{"target": -35.03117753270016, "params": {"C": 4976.9316391668835, "gamma": 0.04863489277266023}, "datetime": {"datetime": "2021-09-28 16:14:13", "elapsed": 164.353238, "delta": 1.620624}}
{"target": -34.933560932314414, "params": {"C": 4894.630286524467, "gamma": 0.031862923664417946}, "datetime": {"datetime": "2021-09-28 16:14:14", "elapsed": 165.543234, "delta": 1.189996}}
{"target": -35.01919892108894, "params": {"C": 4977.909755679038, "gamma": 0.021583730774943796}, "datetime": {"datetime": "2021-09-28 16:14:15", "elapsed": 166.834213, "delta": 1.290979}}
{"target": -35.16245389406028, "params": {"C": 4616.30358178951, "gamma": 0.01811688116142555}, "datetime": {"datetime": "2021-09-28 16:14:16", "elapsed": 168.075258, "delta": 1.241045}}
{"target": -35.0315405110123, "params": {"C": 4630.987514610441, "gamma": 0.02305230623778908}, "datetime": {"datetime": "2021-09-28 16:14:18", "elapsed": 169.320257, "delta": 1.244999}}
{"target": -35.4709778988253, "params": {"C": 4493.352712363505, "gamma": 0.0688486027042178}, "datetime": {"datetime": "2021-09-28 16:14:19", "elapsed": 170.982652, "delta": 1.662395}}
{"target": -34.97867546413391, "params": {"C": 4492.70552563195, "gamma": 0.031646512380446724}, "datetime": {"datetime": "2021-09-28 16:14:21", "elapsed": 172.886282, "delta": 1.90363}}
{"target": -35.203456351209354, "params": {"C": 4465.9310123718315, "gamma": 0.054721349328590047}, "datetime": {"datetime": "2021-09-28 16:14:23", "elapsed": 174.546498, "delta": 1.660216}}
{"target": -35.6350257467955, "params": {"C": 4475.253069166163, "gamma": 0.07622751889536838}, "datetime": {"datetime": "2021-09-28 16:14:24", "elapsed": 175.979189, "delta": 1.432691}}
{"target": -34.99867283746248, "params": {"C": 4474.554875633102, "gamma": 0.0406511718499545}, "datetime": {"datetime": "2021-09-28 16:14:26", "elapsed": 177.435427, "delta": 1.456238}}
{"target": -35.0533720238398, "params": {"C": 4537.748111471188, "gamma": 0.022287370368908124}, "datetime": {"datetime": "2021-09-28 16:14:27", "elapsed": 178.519427, "delta": 1.084}}
{"target": -34.995687334550034, "params": {"C": 4618.795146973985, "gamma": 0.042297586091088746}, "datetime": {"datetime": "2021-09-28 16:14:28", "elapsed": 179.931105, "delta": 1.411678}}
{"target": -35.10878065648954, "params": {"C": 4462.730634662381, "gamma": 0.04898875865751283}, "datetime": {"datetime": "2021-09-28 16:14:29", "elapsed": 180.819109, "delta": 0.888004}}
{"target": -35.661526802355766, "params": {"C": 4894.779920875905, "gamma": 0.010146653206138315}, "datetime": {"datetime": "2021-09-28 16:14:30", "elapsed": 182.050815, "delta": 1.231706}}
{"target": -34.94379054929938, "params": {"C": 4797.731726031192, "gamma": 0.03416442503193423}, "datetime": {"datetime": "2021-09-28 16:14:31", "elapsed": 183.012039, "delta": 0.961224}}
{"target": -35.11635898523356, "params": {"C": 4462.624502293043, "gamma": 0.049498391550347486}, "datetime": {"datetime": "2021-09-28 16:14:33", "elapsed": 184.276036, "delta": 1.263997}}
{"target": -35.35451338428111, "params": {"C": 4975.456715699629, "gamma": 0.014559453827523113}, "datetime": {"datetime": "2021-09-28 16:14:34", "elapsed": 185.730227, "delta": 1.454191}}
{"target": -34.98284021776666, "params": {"C": 4896.396411976105, "gamma": 0.024267582176223667}, "datetime": {"datetime": "2021-09-28 16:14:36", "elapsed": 187.168914, "delta": 1.438687}}
{"target": -34.948612939872056, "params": {"C": 4787.393583277381, "gamma": 0.029656051515655275}, "datetime": {"datetime": "2021-09-28 16:14:37", "elapsed": 188.376913, "delta": 1.207999}}
{"target": -35.29294852735089, "params": {"C": 4927.939315369696, "gamma": 0.06286405193811949}, "datetime": {"datetime": "2021-09-28 16:14:38", "elapsed": 189.333397, "delta": 0.956484}}
{"target": -35.11085602189115, "params": {"C": 4894.5313000793785, "gamma": 0.052702019341678716}, "datetime": {"datetime": "2021-09-28 16:14:39", "elapsed": 190.975397, "delta": 1.642}}
{"target": -35.552493816078034, "params": {"C": 4593.043265621413, "gamma": 0.07329657418241568}, "datetime": {"datetime": "2021-09-28 16:14:41", "elapsed": 192.567744, "delta": 1.592347}}
{"target": -36.02139183343342, "params": {"C": 4978.071629331313, "gamma": 0.005436260240640014}, "datetime": {"datetime": "2021-09-28 16:14:42", "elapsed": 193.90543, "delta": 1.337686}}
{"target": -34.92863694425772, "params": {"C": 4975.264722476659, "gamma": 0.02979857196979784}, "datetime": {"datetime": "2021-09-28 16:14:44", "elapsed": 195.122611, "delta": 1.217181}}
{"target": -35.45204951274622, "params": {"C": 4981.075615648613, "gamma": 0.07047138358247763}, "datetime": {"datetime": "2021-09-28 16:14:45", "elapsed": 196.322354, "delta": 1.199743}}
{"target": -35.03213115734754, "params": {"C": 4980.909733531872, "gamma": 0.048726097660833384}, "datetime": {"datetime": "2021-09-28 16:14:46", "elapsed": 197.568535, "delta": 1.246181}}
{"target": -34.974551202255086, "params": {"C": 4546.007636778834, "gamma": 0.0350330828651581}, "datetime": {"datetime": "2021-09-28 16:14:47", "elapsed": 198.566535, "delta": 0.998}}
{"target": -35.643195786355484, "params": {"C": 4894.939876470208, "gamma": 0.07818931222723932}, "datetime": {"datetime": "2021-09-28 16:14:48", "elapsed": 199.884006, "delta": 1.317471}}
{"target": -35.147200440867685, "params": {"C": 4616.500801555226, "gamma": 0.052684974150869555}, "datetime": {"datetime": "2021-09-28 16:14:50", "elapsed": 201.419764, "delta": 1.535758}}
{"target": -34.958117917159, "params": {"C": 4978.284258043867, "gamma": 0.0252799304624315}, "datetime": {"datetime": "2021-09-28 16:14:51", "elapsed": 202.637762, "delta": 1.217998}}
{"target": -35.300418643692026, "params": {"C": 4976.733989744251, "gamma": 0.06345413253991787}, "datetime": {"datetime": "2021-09-28 16:14:53", "elapsed": 204.266199, "delta": 1.628437}}
{"target": -35.676102706392754, "params": {"C": 4787.332912494766, "gamma": 0.07917935756973625}, "datetime": {"datetime": "2021-09-28 16:14:54", "elapsed": 205.749506, "delta": 1.483307}}
{"target": -35.541070267171875, "params": {"C": 4896.813333552377, "gamma": 0.07398256917328527}, "datetime": {"datetime": "2021-09-28 16:14:55", "elapsed": 206.956359, "delta": 1.206853}}
{"target": -35.01739455103811, "params": {"C": 4421.753841614402, "gamma": 0.026039464541160046}, "datetime": {"datetime": "2021-09-28 16:14:56", "elapsed": 207.967572, "delta": 1.011213}}
{"target": -35.003269945568185, "params": {"C": 4324.028161833793, "gamma": 0.0356885687759616}, "datetime": {"datetime": "2021-09-28 16:14:57", "elapsed": 208.931568, "delta": 0.963996}}
{"target": -34.94530246768167, "params": {"C": 4787.464519885825, "gamma": 0.032002366739137686}, "datetime": {"datetime": "2021-09-28 16:14:59", "elapsed": 210.348273, "delta": 1.416705}}
{"target": -34.94018474512187, "params": {"C": 4894.892974199833, "gamma": 0.028776903569865078}, "datetime": {"datetime": "2021-09-28 16:15:00", "elapsed": 211.440059, "delta": 1.091786}}
{"target": -35.6578188399733, "params": {"C": 4787.241229712706, "gamma": 0.010236876242854775}, "datetime": {"datetime": "2021-09-28 16:15:01", "elapsed": 212.687093, "delta": 1.247034}}
{"target": -35.705823844794104, "params": {"C": 4421.811550150715, "gamma": 0.0789725271996505}, "datetime": {"datetime": "2021-09-28 16:15:03", "elapsed": 214.227382, "delta": 1.540289}}
{"target": -35.01721063249808, "params": {"C": 4789.224719739198, "gamma": 0.045940303166953494}, "datetime": {"datetime": "2021-09-28 16:15:04", "elapsed": 215.973271, "delta": 1.745889}}
{"target": -35.606094460369235, "params": {"C": 4896.412529578585, "gamma": 0.0766558871240687}, "datetime": {"datetime": "2021-09-28 16:15:06", "elapsed": 217.677075, "delta": 1.703804}}
{"target": -35.265736645135654, "params": {"C": 4654.505215353279, "gamma": 0.05964225024313507}, "datetime": {"datetime": "2021-09-28 16:15:07", "elapsed": 218.710074, "delta": 1.032999}}
{"target": -35.86581953024433, "params": {"C": 4896.448762219473, "gamma": 0.0073005609259964655}, "datetime": {"datetime": "2021-09-28 16:15:09", "elapsed": 220.194683, "delta": 1.484609}}
{"target": -35.36692608294704, "params": {"C": 4732.318091477199, "gamma": 0.06554567204422135}, "datetime": {"datetime": "2021-09-28 16:15:10", "elapsed": 221.222673, "delta": 1.02799}}
{"target": -35.15986631317784, "params": {"C": 4787.437919545055, "gamma": 0.01787479540089472}, "datetime": {"datetime": "2021-09-28 16:15:11", "elapsed": 222.443673, "delta": 1.221}}
{"target": -34.94300683731428, "params": {"C": 4975.31476176739, "gamma": 0.026979392223191397}, "datetime": {"datetime": "2021-09-28 16:15:12", "elapsed": 223.706833, "delta": 1.26316}}
{"target": -35.115996385112375, "params": {"C": 4797.6818157203725, "gamma": 0.05229781675331191}, "datetime": {"datetime": "2021-09-28 16:15:14", "elapsed": 225.402006, "delta": 1.695173}}
{"target": -35.25049600165231, "params": {"C": 4975.323943783833, "gamma": 0.060887666372367116}, "datetime": {"datetime": "2021-09-28 16:15:16", "elapsed": 227.165854, "delta": 1.763848}}
{"target": -35.241735735846, "params": {"C": 4136.080401523939, "gamma": 0.05397799287584345}, "datetime": {"datetime": "2021-09-28 16:15:17", "elapsed": 228.196442, "delta": 1.030588}}
{"target": -35.899320711558076, "params": {"C": 4416.906146526835, "gamma": 0.00697261543141396}, "datetime": {"datetime": "2021-09-28 16:15:18", "elapsed": 229.242096, "delta": 1.045654}}
{"target": -34.99433117737276, "params": {"C": 4894.586052117595, "gamma": 0.023534771573371808}, "datetime": {"datetime": "2021-09-28 16:15:19", "elapsed": 230.491093, "delta": 1.248997}}
{"target": -35.45220222698378, "params": {"C": 4980.929781572781, "gamma": 0.013118988762931202}, "datetime": {"datetime": "2021-09-28 16:15:20", "elapsed": 232.040969, "delta": 1.549876}}
{"target": -35.151896451779834, "params": {"C": 4978.247506451923, "gamma": 0.05560264540842715}, "datetime": {"datetime": "2021-09-28 16:15:22", "elapsed": 233.446766, "delta": 1.405797}}
{"target": -35.54938514600792, "params": {"C": 4798.352988958456, "gamma": 0.07396011702373118}, "datetime": {"datetime": "2021-09-28 16:15:23", "elapsed": 234.543773, "delta": 1.097007}}
{"target": -35.350638213723826, "params": {"C": 4896.513407374323, "gamma": 0.06554641109269081}, "datetime": {"datetime": "2021-09-28 16:15:24", "elapsed": 236.04804, "delta": 1.504267}}
{"target": -35.02687415053508, "params": {"C": 4787.504924317488, "gamma": 0.022255022482320756}, "datetime": {"datetime": "2021-09-28 16:15:26", "elapsed": 237.855043, "delta": 1.807003}}
{"target": -35.46246927039977, "params": {"C": 4789.187983411847, "gamma": 0.07012408971872208}, "datetime": {"datetime": "2021-09-28 16:15:28", "elapsed": 239.253349, "delta": 1.398306}}
{"target": -35.136980282649006, "params": {"C": 4787.340089372103, "gamma": 0.018260997853144483}, "datetime": {"datetime": "2021-09-28 16:15:29", "elapsed": 240.672366, "delta": 1.419017}}
{"target": -35.49386469363886, "params": {"C": 4696.860489852978, "gamma": 0.07114814624873918}, "datetime": {"datetime": "2021-09-28 16:15:30", "elapsed": 242.036788, "delta": 1.364422}}
{"target": -34.98977596925469, "params": {"C": 4797.774200395184, "gamma": 0.024582046392480676}, "datetime": {"datetime": "2021-09-28 16:15:32", "elapsed": 243.717111, "delta": 1.680323}}
{"target": -35.65149605393165, "params": {"C": 4978.243056714191, "gamma": 0.01026379641141155}, "datetime": {"datetime": "2021-09-28 16:15:34", "elapsed": 245.341821, "delta": 1.62471}}
{"target": -35.5256598353845, "params": {"C": 4797.816178612848, "gamma": 0.07298510222615844}, "datetime": {"datetime": "2021-09-28 16:15:35", "elapsed": 246.827562, "delta": 1.485741}}
{"target": -35.53467560005911, "params": {"C": 4376.399660141073, "gamma": 0.07106456663841582}, "datetime": {"datetime": "2021-09-28 16:15:36", "elapsed": 247.940554, "delta": 1.112992}}
{"target": -35.42609650049422, "params": {"C": 4980.949926362564, "gamma": 0.06929958892594816}, "datetime": {"datetime": "2021-09-28 16:15:38", "elapsed": 249.470849, "delta": 1.530295}}
{"target": -35.10173443141358, "params": {"C": 4462.730376693262, "gamma": 0.04848349695273331}, "datetime": {"datetime": "2021-09-28 16:15:39", "elapsed": 250.607843, "delta": 1.136994}}
{"target": -35.42093174982347, "params": {"C": 4616.560742039778, "gamma": 0.06733063533866404}, "datetime": {"datetime": "2021-09-28 16:15:40", "elapsed": 251.924919, "delta": 1.317076}}
{"target": -35.11856774679108, "params": {"C": 4797.82782439842, "gamma": 0.01871438600280258}, "datetime": {"datetime": "2021-09-28 16:15:42", "elapsed": 253.49871, "delta": 1.573791}}
{"target": -35.55761432097469, "params": {"C": 4789.203637495533, "gamma": 0.01171268145742398}, "datetime": {"datetime": "2021-09-28 16:15:44", "elapsed": 255.636165, "delta": 2.137455}}
{"target": -35.91121477638911, "params": {"C": 4975.290752662449, "gamma": 0.006760195463441287}, "datetime": {"datetime": "2021-09-28 16:15:45", "elapsed": 257.024854, "delta": 1.388689}}
{"target": -35.85460177664039, "params": {"C": 4894.912044948883, "gamma": 0.007430356255347088}, "datetime": {"datetime": "2021-09-28 16:15:47", "elapsed": 258.334548, "delta": 1.309694}}
{"target": -35.049226692772514, "params": {"C": 4083.458153643711, "gamma": 0.038364474011370206}, "datetime": {"datetime": "2021-09-28 16:15:48", "elapsed": 259.473972, "delta": 1.139424}}
{"target": -35.086991701213165, "params": {"C": 4797.759681366864, "gamma": 0.05058718747589973}, "datetime": {"datetime": "2021-09-28 16:15:49", "elapsed": 261.032974, "delta": 1.559002}}
{"target": -35.41213614765401, "params": {"C": 4933.757345914121, "gamma": 0.013744450370436742}, "datetime": {"datetime": "2021-09-28 16:15:51", "elapsed": 262.31994, "delta": 1.286966}}
{"target": -34.92665440515692, "params": {"C": 4975.3900749497025, "gamma": 0.030670969373373855}, "datetime": {"datetime": "2021-09-28 16:15:52", "elapsed": 263.98891, "delta": 1.66897}}
{"target": -35.0268706515419, "params": {"C": 4088.3446565596114, "gamma": 0.03261382840728585}, "datetime": {"datetime": "2021-09-28 16:15:54", "elapsed": 265.21591, "delta": 1.227}}
{"target": -34.93917049406362, "params": {"C": 4975.242636721527, "gamma": 0.027531109311319135}, "datetime": {"datetime": "2021-09-28 16:15:55", "elapsed": 266.965112, "delta": 1.749202}}
{"target": -35.526235986657824, "params": {"C": 4789.136052615189, "gamma": 0.012175095788979424}, "datetime": {"datetime": "2021-09-28 16:15:57", "elapsed": 268.517474, "delta": 1.552362}}
{"target": -35.0200230503937, "params": {"C": 4492.676967289763, "gamma": 0.025084964704076482}, "datetime": {"datetime": "2021-09-28 16:15:59", "elapsed": 270.187466, "delta": 1.669992}}
{"target": -35.21951443367556, "params": {"C": 4894.616905215002, "gamma": 0.05880136291444748}, "datetime": {"datetime": "2021-09-28 16:16:01", "elapsed": 272.49768, "delta": 2.310214}}
{"target": -35.165342861558976, "params": {"C": 4975.240153105538, "gamma": 0.05633607113285037}, "datetime": {"datetime": "2021-09-28 16:16:03", "elapsed": 274.141153, "delta": 1.643473}}
{"target": -35.807416698604925, "params": {"C": 4776.419563770092, "gamma": 0.008057766920947229}, "datetime": {"datetime": "2021-09-28 16:16:04", "elapsed": 275.464375, "delta": 1.323222}}
{"target": -35.042171677347135, "params": {"C": 4918.766846554588, "gamma": 0.04884143784419492}, "datetime": {"datetime": "2021-09-28 16:16:05", "elapsed": 276.925383, "delta": 1.461008}}
