{"target": -41.47306176405397, "params": {"C": 1675.729581099141, "gamma": 0.013197401522584916}, "datetime": {"datetime": "2021-09-29 17:26:45", "elapsed": 48.615159, "delta": 0.667309}}
{"target": -41.48081040108366, "params": {"C": 1731.585226426913, "gamma": 0.013535183477035178}, "datetime": {"datetime": "2021-09-29 17:26:45", "elapsed": 49.173155, "delta": 0.557996}}
{"target": -42.8076930955576, "params": {"C": 1731.6131918465917, "gamma": 0.05290117808250364}, "datetime": {"datetime": "2021-09-29 17:26:46", "elapsed": 50.257161, "delta": 1.084006}}
{"target": -41.58055633154485, "params": {"C": 1149.5264553964812, "gamma": 0.012315328047279677}, "datetime": {"datetime": "2021-09-29 17:26:47", "elapsed": 50.93116, "delta": 0.673999}}
{"target": -41.48605907241549, "params": {"C": 1457.226101330623, "gamma": 0.00924474322274697}, "datetime": {"datetime": "2021-09-29 17:26:48", "elapsed": 51.827159, "delta": 0.895999}}
{"target": -41.42274692692596, "params": {"C": 1731.516715480985, "gamma": 0.009754668502406154}, "datetime": {"datetime": "2021-09-29 17:26:49", "elapsed": 52.548166, "delta": 0.721007}}
{"target": -41.47184727860111, "params": {"C": 1731.4524160805709, "gamma": 0.006945680044818896}, "datetime": {"datetime": "2021-09-29 17:26:50", "elapsed": 53.417184, "delta": 0.869018}}
{"target": -42.17070600404157, "params": {"C": 4534.530200037497, "gamma": 0.016589031639619792}, "datetime": {"datetime": "2021-09-29 17:26:51", "elapsed": 54.880305, "delta": 1.463121}}
{"target": -42.16205481859862, "params": {"C": 1675.631416398356, "gamma": 0.0029729537300112645}, "datetime": {"datetime": "2021-09-29 17:26:52", "elapsed": 55.537305, "delta": 0.657}}
{"target": -43.001490332846245, "params": {"C": 4531.805421512599, "gamma": 0.032659055749304666}, "datetime": {"datetime": "2021-09-29 17:26:53", "elapsed": 56.308075, "delta": 0.77077}}
{"target": -41.42032276809208, "params": {"C": 1751.328641920411, "gamma": 0.00919202549781365}, "datetime": {"datetime": "2021-09-29 17:26:53", "elapsed": 56.939074, "delta": 0.630999}}
{"target": -41.977305412906134, "params": {"C": 1731.3853553743888, "gamma": 0.02860894607075102}, "datetime": {"datetime": "2021-09-29 17:26:54", "elapsed": 57.646069, "delta": 0.706995}}
{"target": -45.25083565535958, "params": {"C": 4426.281353592399, "gamma": 0.0896711685618734}, "datetime": {"datetime": "2021-09-29 17:26:54", "elapsed": 58.286307, "delta": 0.640238}}
{"target": -41.57368486176204, "params": {"C": 1162.4076807749802, "gamma": 0.013244086063851718}, "datetime": {"datetime": "2021-09-29 17:26:55", "elapsed": 58.878308, "delta": 0.592001}}
{"target": -43.749947654163726, "params": {"C": 1731.4296055344425, "gamma": 0.08575684661928261}, "datetime": {"datetime": "2021-09-29 17:26:57", "elapsed": 60.407054, "delta": 1.528746}}
{"target": -41.67410305136079, "params": {"C": 1751.4247201075887, "gamma": 0.0046320533631407325}, "datetime": {"datetime": "2021-09-29 17:26:57", "elapsed": 61.041055, "delta": 0.634001}}
{"target": -43.497441624058204, "params": {"C": 1162.4922518396468, "gamma": 0.08080760989381353}, "datetime": {"datetime": "2021-09-29 17:26:58", "elapsed": 61.681652, "delta": 0.640597}}
{"target": -41.79391152176376, "params": {"C": 1675.8047999947835, "gamma": 0.023675774878513446}, "datetime": {"datetime": "2021-09-29 17:26:59", "elapsed": 62.328732, "delta": 0.64708}}
{"target": -42.49492169964535, "params": {"C": 4055.15469618003, "gamma": 0.024968392227941165}, "datetime": {"datetime": "2021-09-29 17:26:59", "elapsed": 63.170736, "delta": 0.842004}}
{"target": -43.90913249703834, "params": {"C": 2534.2628431276507, "gamma": 0.07821891587548731}, "datetime": {"datetime": "2021-09-29 17:27:00", "elapsed": 63.827734, "delta": 0.656998}}
{"target": -43.46421042654538, "params": {"C": 1751.2558084069, "gamma": 0.07461356281174505}, "datetime": {"datetime": "2021-09-29 17:27:01", "elapsed": 64.617459, "delta": 0.789725}}
{"target": -41.45109618253106, "params": {"C": 1731.3037350838026, "gamma": 0.012173555841923832}, "datetime": {"datetime": "2021-09-29 17:27:02", "elapsed": 65.566455, "delta": 0.948996}}
{"target": -41.51284566854154, "params": {"C": 1731.2398511532915, "gamma": 0.014767713572363709}, "datetime": {"datetime": "2021-09-29 17:27:02", "elapsed": 66.2137, "delta": 0.647245}}
{"target": -43.2297409647725, "params": {"C": 1731.316774125768, "gamma": 0.0666051501473491}, "datetime": {"datetime": "2021-09-29 17:27:04", "elapsed": 67.752698, "delta": 1.538998}}
{"target": -42.495698619594364, "params": {"C": 1751.5364278999095, "gamma": 0.04332343083753933}, "datetime": {"datetime": "2021-09-29 17:27:05", "elapsed": 68.452702, "delta": 0.700004}}
{"target": -42.137280997174635, "params": {"C": 1343.1648345471613, "gamma": 0.003927828533119673}, "datetime": {"datetime": "2021-09-29 17:27:05", "elapsed": 68.9897, "delta": 0.536998}}
{"target": -42.55947278024125, "params": {"C": 1162.349134783358, "gamma": 0.04834603133399998}, "datetime": {"datetime": "2021-09-29 17:27:06", "elapsed": 69.750699, "delta": 0.760999}}
{"target": -42.107490311490444, "params": {"C": 1751.3778382717678, "gamma": 0.03216032437556432}, "datetime": {"datetime": "2021-09-29 17:27:07", "elapsed": 70.332952, "delta": 0.582253}}
{"target": -41.624350178715275, "params": {"C": 2151.1015013023916, "gamma": 0.01653670925748213}, "datetime": {"datetime": "2021-09-29 17:27:07", "elapsed": 70.888951, "delta": 0.555999}}
{"target": -43.34640727226592, "params": {"C": 2151.075612964127, "gamma": 0.06511105203374554}, "datetime": {"datetime": "2021-09-29 17:27:08", "elapsed": 71.706917, "delta": 0.817966}}
{"target": -42.075669969674465, "params": {"C": 4534.6222529499155, "gamma": 0.014966355200214344}, "datetime": {"datetime": "2021-09-29 17:27:09", "elapsed": 72.667914, "delta": 0.960997}}
{"target": -43.176088155730206, "params": {"C": 1751.4478675337934, "gamma": 0.06455697953989037}, "datetime": {"datetime": "2021-09-29 17:27:10", "elapsed": 73.464917, "delta": 0.797003}}
{"target": -42.26644901776201, "params": {"C": 3960.2430751512375, "gamma": 0.020880356502752932}, "datetime": {"datetime": "2021-09-29 17:27:10", "elapsed": 74.222289, "delta": 0.757372}}
{"target": -42.61080572526793, "params": {"C": 2993.97932397779, "gamma": 0.03508622041373444}, "datetime": {"datetime": "2021-09-29 17:27:12", "elapsed": 75.426285, "delta": 1.203996}}
{"target": -42.989110492303006, "params": {"C": 1675.7698121517776, "gamma": 0.05919757455503581}, "datetime": {"datetime": "2021-09-29 17:27:12", "elapsed": 76.135282, "delta": 0.708997}}
{"target": -42.59183956441833, "params": {"C": 4861.591784240258, "gamma": 0.022755021859063335}, "datetime": {"datetime": "2021-09-29 17:27:13", "elapsed": 76.821919, "delta": 0.686637}}
{"target": -42.4842608380642, "params": {"C": 2062.2796381711123, "gamma": 0.040217774380446145}, "datetime": {"datetime": "2021-09-29 17:27:14", "elapsed": 77.574919, "delta": 0.753}}
{"target": -44.44176893051222, "params": {"C": 4812.033540997136, "gamma": 0.06238128701418827}, "datetime": {"datetime": "2021-09-29 17:27:15", "elapsed": 79.293327, "delta": 1.718408}}
{"target": -41.5891179088093, "params": {"C": 1149.5643605680157, "gamma": 0.014769107754718283}, "datetime": {"datetime": "2021-09-29 17:27:16", "elapsed": 80.081757, "delta": 0.78843}}
{"target": -45.54581243069868, "params": {"C": 4956.6424150445655, "gamma": 0.089971164607069}, "datetime": {"datetime": "2021-09-29 17:27:17", "elapsed": 80.717759, "delta": 0.636002}}
{"target": -42.39345046328845, "params": {"C": 2369.676193588853, "gamma": 0.03494582678222514}, "datetime": {"datetime": "2021-09-29 17:27:18", "elapsed": 81.413737, "delta": 0.695978}}
{"target": -43.41450754623201, "params": {"C": 3128.3727500433674, "gamma": 0.05462114567863698}, "datetime": {"datetime": "2021-09-29 17:27:18", "elapsed": 82.119523, "delta": 0.705786}}
{"target": -41.56874073916686, "params": {"C": 1203.1201503513466, "gamma": 0.010671861257409923}, "datetime": {"datetime": "2021-09-29 17:27:19", "elapsed": 83.199523, "delta": 1.08}}
{"target": -44.37695132235949, "params": {"C": 3131.119055496334, "gamma": 0.08386425438491234}, "datetime": {"datetime": "2021-09-29 17:27:21", "elapsed": 84.368044, "delta": 1.168521}}
{"target": -42.73835826671791, "params": {"C": 2824.0520427224246, "gamma": 0.03984542235903097}, "datetime": {"datetime": "2021-09-29 17:27:22", "elapsed": 85.430046, "delta": 1.062002}}
{"target": -41.65876118689246, "params": {"C": 1203.1691082472107, "gamma": 0.019471537980802818}, "datetime": {"datetime": "2021-09-29 17:27:22", "elapsed": 86.160278, "delta": 0.730232}}
{"target": -41.46157724333866, "params": {"C": 4608.364811197239, "gamma": 0.002768565663909493}, "datetime": {"datetime": "2021-09-29 17:27:23", "elapsed": 86.971431, "delta": 0.811153}}
{"target": -42.6184285680387, "params": {"C": 2151.1714524099707, "gamma": 0.043150002780757785}, "datetime": {"datetime": "2021-09-29 17:27:24", "elapsed": 87.753433, "delta": 0.782002}}
{"target": -43.789608104110556, "params": {"C": 1541.5022580122454, "gamma": 0.08996871837029495}, "datetime": {"datetime": "2021-09-29 17:27:25", "elapsed": 88.529879, "delta": 0.776446}}
{"target": -44.47289620798103, "params": {"C": 3960.154464325359, "gamma": 0.07346709494117387}, "datetime": {"datetime": "2021-09-29 17:27:26", "elapsed": 90.26582, "delta": 1.735941}}
{"target": -43.29058520209926, "params": {"C": 1731.1491780458894, "gamma": 0.06870140241718808}, "datetime": {"datetime": "2021-09-29 17:27:28", "elapsed": 91.354472, "delta": 1.088652}}
{"target": -42.35126063446589, "params": {"C": 3075.0583950315336, "gamma": 0.02815253805924465}, "datetime": {"datetime": "2021-09-29 17:27:28", "elapsed": 92.079475, "delta": 0.725003}}
{"target": -44.1913825515164, "params": {"C": 4117.647677717515, "gamma": 0.06376525362427367}, "datetime": {"datetime": "2021-09-29 17:27:29", "elapsed": 92.635622, "delta": 0.556147}}
{"target": -43.737398393084405, "params": {"C": 1457.0683334877433, "gamma": 0.0887623567811026}, "datetime": {"datetime": "2021-09-29 17:27:30", "elapsed": 93.453622, "delta": 0.818}}
{"target": -43.58432842070842, "params": {"C": 1203.2774361389227, "gamma": 0.0841796621614653}, "datetime": {"datetime": "2021-09-29 17:27:30", "elapsed": 94.169619, "delta": 0.715997}}
{"target": -43.986415763284995, "params": {"C": 2369.577761429179, "gamma": 0.08395141430138851}, "datetime": {"datetime": "2021-09-29 17:27:31", "elapsed": 95.010371, "delta": 0.840752}}
{"target": -42.550518511956206, "params": {"C": 1437.3439504678531, "gamma": 0.04726038213124384}, "datetime": {"datetime": "2021-09-29 17:27:32", "elapsed": 95.724366, "delta": 0.713995}}
{"target": -42.14550112120611, "params": {"C": 1343.239292804034, "gamma": 0.03542113768457996}, "datetime": {"datetime": "2021-09-29 17:27:33", "elapsed": 96.657889, "delta": 0.933523}}
{"target": -43.26877705148645, "params": {"C": 1343.1943219760738, "gamma": 0.07161164246618032}, "datetime": {"datetime": "2021-09-29 17:27:34", "elapsed": 97.71489, "delta": 1.057001}}
{"target": -42.08894457017866, "params": {"C": 4608.257002717946, "gamma": 0.014930037377431689}, "datetime": {"datetime": "2021-09-29 17:27:35", "elapsed": 99.100517, "delta": 1.385627}}
{"target": -45.2939865779057, "params": {"C": 4531.6579440087335, "gamma": 0.08923091400900617}, "datetime": {"datetime": "2021-09-29 17:27:36", "elapsed": 100.025519, "delta": 0.925002}}
{"target": -42.902710110750256, "params": {"C": 1202.8791301257331, "gamma": 0.05942792928507932}, "datetime": {"datetime": "2021-09-29 17:27:37", "elapsed": 100.93552, "delta": 0.910001}}
{"target": -43.485203153586156, "params": {"C": 1203.0952157042166, "gamma": 0.08029052117207099}, "datetime": {"datetime": "2021-09-29 17:27:39", "elapsed": 102.620275, "delta": 1.684755}}
{"target": -42.59554546347793, "params": {"C": 3960.3095519555236, "gamma": 0.027641402116592613}, "datetime": {"datetime": "2021-09-29 17:27:40", "elapsed": 104.228273, "delta": 1.607998}}
{"target": -42.24818110108635, "params": {"C": 3075.1350018215862, "gamma": 0.025747895286670944}, "datetime": {"datetime": "2021-09-29 17:27:42", "elapsed": 105.573026, "delta": 1.344753}}
{"target": -44.26531043097684, "params": {"C": 4534.4724238548715, "gamma": 0.06101022868414425}, "datetime": {"datetime": "2021-09-29 17:27:44", "elapsed": 107.311091, "delta": 1.738065}}
{"target": -41.4986384104225, "params": {"C": 2867.459615248922, "gamma": 0.01027848364584867}, "datetime": {"datetime": "2021-09-29 17:27:45", "elapsed": 108.333667, "delta": 1.022576}}
{"target": -43.403664040229216, "params": {"C": 2867.468251917522, "gamma": 0.05742829183325362}, "datetime": {"datetime": "2021-09-29 17:27:47", "elapsed": 110.815829, "delta": 2.482162}}
{"target": -42.34377709021074, "params": {"C": 4608.199139009645, "gamma": 0.01934430808769666}, "datetime": {"datetime": "2021-09-29 17:27:48", "elapsed": 112.11757, "delta": 1.301741}}
{"target": -43.6946410241228, "params": {"C": 4534.671159838631, "gamma": 0.04771370160537027}, "datetime": {"datetime": "2021-09-29 17:27:50", "elapsed": 113.370099, "delta": 1.252529}}
{"target": -41.571311066913054, "params": {"C": 1202.7775706106158, "gamma": 0.014926400837499493}, "datetime": {"datetime": "2021-09-29 17:27:50", "elapsed": 114.254102, "delta": 0.884003}}
{"target": -43.720284815577386, "params": {"C": 1343.4146080712983, "gamma": 0.08905083258429192}, "datetime": {"datetime": "2021-09-29 17:27:51", "elapsed": 115.272525, "delta": 1.018423}}
{"target": -43.683766419540454, "params": {"C": 2532.1587757158104, "gamma": 0.0706128367687875}, "datetime": {"datetime": "2021-09-29 17:27:52", "elapsed": 116.245927, "delta": 0.973402}}
{"target": -41.76591211733351, "params": {"C": 1202.748021255411, "gamma": 0.023476875048016203}, "datetime": {"datetime": "2021-09-29 17:27:54", "elapsed": 117.322855, "delta": 1.076928}}
{"target": -43.60244749801375, "params": {"C": 1202.7369131028195, "gamma": 0.08490401117485383}, "datetime": {"datetime": "2021-09-29 17:27:55", "elapsed": 118.448169, "delta": 1.125314}}
{"target": -44.02903618043922, "params": {"C": 4039.227003348476, "gamma": 0.060478430734684466}, "datetime": {"datetime": "2021-09-29 17:27:56", "elapsed": 119.359967, "delta": 0.911798}}
{"target": -42.09396620986438, "params": {"C": 2532.4296527364036, "gamma": 0.025933367180953626}, "datetime": {"datetime": "2021-09-29 17:27:58", "elapsed": 121.51997, "delta": 2.160003}}
{"target": -44.31993803190769, "params": {"C": 3100.780429471599, "gamma": 0.08245029173402153}, "datetime": {"datetime": "2021-09-29 17:27:58", "elapsed": 122.286971, "delta": 0.767001}}
{"target": -41.874603842013904, "params": {"C": 1202.6727361788921, "gamma": 0.00585875816914486}, "datetime": {"datetime": "2021-09-29 17:28:01", "elapsed": 124.556568, "delta": 2.269597}}
{"target": -41.80798838319556, "params": {"C": 1202.8276671860963, "gamma": 0.02491542837058732}, "datetime": {"datetime": "2021-09-29 17:28:02", "elapsed": 126.144571, "delta": 1.588003}}
{"target": -41.80448342335177, "params": {"C": 1731.7259627020903, "gamma": 0.003996291000703553}, "datetime": {"datetime": "2021-09-29 17:28:04", "elapsed": 127.788819, "delta": 1.644248}}
{"target": -42.49835703978093, "params": {"C": 4270.522085104721, "gamma": 0.023859662048144957}, "datetime": {"datetime": "2021-09-29 17:28:06", "elapsed": 130.041555, "delta": 2.252736}}
{"target": -41.527658861672585, "params": {"C": 4085.13004326606, "gamma": 0.002416423445304889}, "datetime": {"datetime": "2021-09-29 17:28:08", "elapsed": 131.32871, "delta": 1.287155}}
{"target": -43.298034831439146, "params": {"C": 3074.94911550838, "gamma": 0.052068515936774716}, "datetime": {"datetime": "2021-09-29 17:28:09", "elapsed": 132.940539, "delta": 1.611829}}
{"target": -43.90323514515191, "params": {"C": 4534.589709186834, "gamma": 0.05245628647260451}, "datetime": {"datetime": "2021-09-29 17:28:11", "elapsed": 134.37754, "delta": 1.437001}}
{"target": -41.50612489211602, "params": {"C": 1731.5560448100346, "gamma": 0.014520657112767642}, "datetime": {"datetime": "2021-09-29 17:28:13", "elapsed": 136.358535, "delta": 1.980995}}
{"target": -44.13431568017388, "params": {"C": 4424.369004893708, "gamma": 0.05897114947708504}, "datetime": {"datetime": "2021-09-29 17:28:13", "elapsed": 137.227453, "delta": 0.868918}}
{"target": -43.8301166035761, "params": {"C": 3075.2321271029846, "gamma": 0.06716443995874352}, "datetime": {"datetime": "2021-09-29 17:28:15", "elapsed": 138.448453, "delta": 1.221}}
{"target": -41.383072961412836, "params": {"C": 2532.2898137347734, "gamma": 0.006425566178118027}, "datetime": {"datetime": "2021-09-29 17:28:16", "elapsed": 139.830587, "delta": 1.382134}}
{"target": -44.015675498580805, "params": {"C": 4768.66761062206, "gamma": 0.05293719147791467}, "datetime": {"datetime": "2021-09-29 17:28:17", "elapsed": 140.820945, "delta": 0.990358}}
{"target": -41.62999299896061, "params": {"C": 2062.197132302188, "gamma": 0.017124619022920902}, "datetime": {"datetime": "2021-09-29 17:28:18", "elapsed": 142.185129, "delta": 1.364184}}
{"target": -41.41659213229519, "params": {"C": 2369.759432381108, "gamma": 0.005515436041812079}, "datetime": {"datetime": "2021-09-29 17:28:20", "elapsed": 143.461405, "delta": 1.276276}}
{"target": -43.67789628371844, "params": {"C": 2369.7246239749, "gamma": 0.07294178839919029}, "datetime": {"datetime": "2021-09-29 17:28:21", "elapsed": 144.612408, "delta": 1.151003}}
{"target": -41.642867502521796, "params": {"C": 1343.2947164432214, "gamma": 0.006950116625093071}, "datetime": {"datetime": "2021-09-29 17:28:22", "elapsed": 146.06897, "delta": 1.456562}}
{"target": -41.43022143137455, "params": {"C": 1676.38827011311, "gamma": 0.009623071615203902}, "datetime": {"datetime": "2021-09-29 17:28:23", "elapsed": 147.184748, "delta": 1.115778}}
{"target": -42.470395607746624, "params": {"C": 2062.1062095841044, "gamma": 0.039830051775632154}, "datetime": {"datetime": "2021-09-29 17:28:25", "elapsed": 148.454749, "delta": 1.270001}}
{"target": -42.43626929621231, "params": {"C": 2369.8289696880015, "gamma": 0.036085078151680945}, "datetime": {"datetime": "2021-09-29 17:28:26", "elapsed": 149.783516, "delta": 1.328767}}
{"target": -41.43475704077999, "params": {"C": 1676.2496733738162, "gamma": 0.008877768396929142}, "datetime": {"datetime": "2021-09-29 17:28:27", "elapsed": 151.125057, "delta": 1.341541}}
{"target": -43.46368267099514, "params": {"C": 2531.9804007117655, "gamma": 0.06359625270834264}, "datetime": {"datetime": "2021-09-29 17:28:28", "elapsed": 152.258275, "delta": 1.133218}}
{"target": -42.19465939318089, "params": {"C": 1676.2134366870932, "gamma": 0.0028960219732055287}, "datetime": {"datetime": "2021-09-29 17:28:30", "elapsed": 153.665522, "delta": 1.407247}}
{"target": -42.54065727016552, "params": {"C": 1676.307006950319, "gamma": 0.04527738346256602}, "datetime": {"datetime": "2021-09-29 17:28:31", "elapsed": 154.748048, "delta": 1.082526}}
{"target": -43.70322724671173, "params": {"C": 1149.5863275598358, "gamma": 0.08903707553319569}, "datetime": {"datetime": "2021-09-29 17:28:32", "elapsed": 156.081337, "delta": 1.333289}}
{"target": -42.66309043693168, "params": {"C": 1676.2370974477649, "gamma": 0.048965311736741825}, "datetime": {"datetime": "2021-09-29 17:28:33", "elapsed": 157.213307, "delta": 1.13197}}
{"target": -43.69122269163419, "params": {"C": 4270.671156068551, "gamma": 0.04991807732164859}, "datetime": {"datetime": "2021-09-29 17:28:36", "elapsed": 159.695957, "delta": 2.48265}}
{"target": -43.64217103157168, "params": {"C": 4270.43037136885, "gamma": 0.048777924818540125}, "datetime": {"datetime": "2021-09-29 17:28:37", "elapsed": 160.766959, "delta": 1.071002}}
{"target": -41.668414616948326, "params": {"C": 1149.4198756005587, "gamma": 0.008654774454743967}, "datetime": {"datetime": "2021-09-29 17:28:39", "elapsed": 162.383854, "delta": 1.616895}}
{"target": -43.56980774926571, "params": {"C": 1675.5971796180904, "gamma": 0.07952594557362609}, "datetime": {"datetime": "2021-09-29 17:28:40", "elapsed": 163.608623, "delta": 1.224769}}
{"target": -42.358209422133, "params": {"C": 4085.4527028469142, "gamma": 0.02204966581075922}, "datetime": {"datetime": "2021-09-29 17:28:41", "elapsed": 164.821624, "delta": 1.213001}}
{"target": -42.20698844816552, "params": {"C": 1676.9392931706311, "gamma": 0.03551462085974066}, "datetime": {"datetime": "2021-09-29 17:28:43", "elapsed": 166.578153, "delta": 1.756529}}
{"target": -42.21353606945398, "params": {"C": 1202.5643892455346, "gamma": 0.037663623068802776}, "datetime": {"datetime": "2021-09-29 17:28:44", "elapsed": 167.857613, "delta": 1.27946}}
{"target": -42.17008977119184, "params": {"C": 1202.485177102766, "gamma": 0.03633328251120805}, "datetime": {"datetime": "2021-09-29 17:28:46", "elapsed": 169.322751, "delta": 1.465138}}
{"target": -42.576311996280275, "params": {"C": 1731.5345201464506, "gamma": 0.04587760301918726}, "datetime": {"datetime": "2021-09-29 17:28:47", "elapsed": 170.83575, "delta": 1.512999}}
{"target": -42.70700555894965, "params": {"C": 4085.0554098619564, "gamma": 0.029240932822006294}, "datetime": {"datetime": "2021-09-29 17:28:49", "elapsed": 172.443851, "delta": 1.608101}}
{"target": -41.94861665066165, "params": {"C": 1149.755926279076, "gamma": 0.029323482786959572}, "datetime": {"datetime": "2021-09-29 17:28:50", "elapsed": 173.843851, "delta": 1.4}}
{"target": -43.02130240035022, "params": {"C": 1149.3375553898554, "gamma": 0.06346303444062977}, "datetime": {"datetime": "2021-09-29 17:28:52", "elapsed": 176.128916, "delta": 2.285065}}
{"target": -43.32963417623432, "params": {"C": 1149.8033944160863, "gamma": 0.0744447971730407}, "datetime": {"datetime": "2021-09-29 17:28:54", "elapsed": 177.449451, "delta": 1.320535}}
