{"target": -43.55540226709924, "params": {"C": 2337.6534140977665, "gamma": 0.06932000622356732}, "datetime": {"datetime": "2021-09-29 17:38:57", "elapsed": 780.681134, "delta": 3.926077}}
{"target": -42.494036443069334, "params": {"C": 1731.80622899353, "gamma": 0.04343947363674115}, "datetime": {"datetime": "2021-09-29 17:39:00", "elapsed": 783.440313, "delta": 2.759179}}
{"target": -43.7130235266781, "params": {"C": 3246.442655940818, "gamma": 0.061461288213272736}, "datetime": {"datetime": "2021-09-29 17:39:05", "elapsed": 788.489736, "delta": 5.049423}}
{"target": -42.232240143053815, "params": {"C": 2867.1499158832944, "gamma": 0.026846664747675227}, "datetime": {"datetime": "2021-09-29 17:39:11", "elapsed": 794.773725, "delta": 6.283989}}
{"target": -42.40544220647464, "params": {"C": 2410.8518771309064, "gamma": 0.03490067106896198}, "datetime": {"datetime": "2021-09-29 17:39:15", "elapsed": 798.817409, "delta": 4.043684}}
{"target": -43.928804346468844, "params": {"C": 2330.199983886617, "gamma": 0.08251966671869167}, "datetime": {"datetime": "2021-09-29 17:39:19", "elapsed": 802.738101, "delta": 3.920692}}
{"target": -41.93798312772067, "params": {"C": 1033.203108077572, "gamma": 0.028204195652362242}, "datetime": {"datetime": "2021-09-29 17:39:22", "elapsed": 805.303719, "delta": 2.565618}}
{"target": -43.166710897072335, "params": {"C": 2772.6439183350817, "gamma": 0.05187086834494832}, "datetime": {"datetime": "2021-09-29 17:39:28", "elapsed": 811.633395, "delta": 6.329676}}
{"target": -42.61661152617876, "params": {"C": 1033.1355102338491, "gamma": 0.049770267575296144}, "datetime": {"datetime": "2021-09-29 17:39:32", "elapsed": 816.248774, "delta": 4.615379}}
{"target": -42.22202290604512, "params": {"C": 1033.2433149253766, "gamma": 0.005082773425017827}, "datetime": {"datetime": "2021-09-29 17:39:38", "elapsed": 821.742008, "delta": 5.493234}}
{"target": -42.66436530064788, "params": {"C": 4178.581040819101, "gamma": 0.02776280155004055}, "datetime": {"datetime": "2021-09-29 17:39:41", "elapsed": 824.35137, "delta": 2.609362}}
{"target": -41.99881974723493, "params": {"C": 2470.2121839625706, "gamma": 0.02402560338460867}, "datetime": {"datetime": "2021-09-29 17:39:44", "elapsed": 827.70855, "delta": 3.35718}}
{"target": -42.241946162152594, "params": {"C": 2470.1590062119712, "gamma": 0.03014244842402177}, "datetime": {"datetime": "2021-09-29 17:39:50", "elapsed": 833.501498, "delta": 5.792948}}
{"target": -41.40354110321856, "params": {"C": 2867.506301451938, "gamma": 0.007479172695957767}, "datetime": {"datetime": "2021-09-29 17:39:55", "elapsed": 838.857176, "delta": 5.355678}}
{"target": -41.96206145054918, "params": {"C": 1564.314798259574, "gamma": 0.029109696479413617}, "datetime": {"datetime": "2021-09-29 17:39:58", "elapsed": 841.554963, "delta": 2.697787}}
{"target": -42.038230144346485, "params": {"C": 2772.5576285079137, "gamma": 0.022919133393780954}, "datetime": {"datetime": "2021-09-29 17:40:04", "elapsed": 847.354577, "delta": 5.799614}}
{"target": -41.45409765469277, "params": {"C": 4699.562368991012, "gamma": 0.0029249625400776845}, "datetime": {"datetime": "2021-09-29 17:40:08", "elapsed": 851.318028, "delta": 3.963451}}
{"target": -44.15454591644101, "params": {"C": 4432.086668918754, "gamma": 0.05938272938062725}, "datetime": {"datetime": "2021-09-29 17:40:12", "elapsed": 856.145031, "delta": 4.827003}}
{"target": -44.395240261483444, "params": {"C": 4699.547309677715, "gamma": 0.062430720539173465}, "datetime": {"datetime": "2021-09-29 17:40:19", "elapsed": 862.332662, "delta": 6.187631}}
{"target": -44.17362755513083, "params": {"C": 2470.2167069599736, "gamma": 0.08916514731414057}, "datetime": {"datetime": "2021-09-29 17:40:25", "elapsed": 869.124557, "delta": 6.791895}}
{"target": -43.557682019082215, "params": {"C": 1353.5508076102562, "gamma": 0.08242825408355328}, "datetime": {"datetime": "2021-09-29 17:40:29", "elapsed": 872.543908, "delta": 3.419351}}
{"target": -43.66656786147944, "params": {"C": 1564.2830268654566, "gamma": 0.08469064602965448}, "datetime": {"datetime": "2021-09-29 17:40:34", "elapsed": 877.535509, "delta": 4.991601}}
{"target": -43.767386449848935, "params": {"C": 2266.2004273633174, "gamma": 0.07774295135310602}, "datetime": {"datetime": "2021-09-29 17:40:36", "elapsed": 879.983374, "delta": 2.447865}}
{"target": -41.439597385342516, "params": {"C": 1669.0005675994507, "gamma": 0.011200618158518732}, "datetime": {"datetime": "2021-09-29 17:40:39", "elapsed": 882.965366, "delta": 2.981992}}
{"target": -42.31448187478238, "params": {"C": 1668.9399112866313, "gamma": 0.03867944595774511}, "datetime": {"datetime": "2021-09-29 17:40:46", "elapsed": 889.344395, "delta": 6.379029}}
{"target": -41.94967561474128, "params": {"C": 1457.142942939085, "gamma": 0.029203773878039685}, "datetime": {"datetime": "2021-09-29 17:40:51", "elapsed": 894.443324, "delta": 5.098929}}
{"target": -41.61800043363555, "params": {"C": 4582.427084336437, "gamma": 0.007419799622628292}, "datetime": {"datetime": "2021-09-29 17:40:58", "elapsed": 901.522824, "delta": 7.0795}}
{"target": -42.73322989970291, "params": {"C": 1669.0476730702112, "gamma": 0.051175162831074886}, "datetime": {"datetime": "2021-09-29 17:41:03", "elapsed": 907.249373, "delta": 5.726549}}
{"target": -42.83208268787142, "params": {"C": 4703.6916281829035, "gamma": 0.02817128230960024}, "datetime": {"datetime": "2021-09-29 17:41:08", "elapsed": 912.122394, "delta": 4.873021}}
{"target": -41.996044850515005, "params": {"C": 1564.3624663634973, "gamma": 0.03009979882000894}, "datetime": {"datetime": "2021-09-29 17:41:14", "elapsed": 917.499081, "delta": 5.376687}}
{"target": -41.86937451541477, "params": {"C": 4699.58938819391, "gamma": 0.011085105829223835}, "datetime": {"datetime": "2021-09-29 17:41:20", "elapsed": 923.306125, "delta": 5.807044}}
{"target": -43.3092500710452, "params": {"C": 1676.7429698665474, "gamma": 0.06999304394400223}, "datetime": {"datetime": "2021-09-29 17:41:25", "elapsed": 928.708762, "delta": 5.402637}}
{"target": -42.90762014796638, "params": {"C": 1695.4525845357562, "gamma": 0.05638637854594259}, "datetime": {"datetime": "2021-09-29 17:41:31", "elapsed": 934.733166, "delta": 6.024404}}
{"target": -41.95138792642484, "params": {"C": 1092.5406362794145, "gamma": 0.029124537933373613}, "datetime": {"datetime": "2021-09-29 17:41:38", "elapsed": 941.473337, "delta": 6.740171}}
{"target": -43.41553599953393, "params": {"C": 1092.62481548337, "gamma": 0.07757042695429933}, "datetime": {"datetime": "2021-09-29 17:41:43", "elapsed": 946.782641, "delta": 5.309304}}
{"target": -43.82057231136918, "params": {"C": 1668.83036198324, "gamma": 0.08953705244503969}, "datetime": {"datetime": "2021-09-29 17:41:49", "elapsed": 953.010931, "delta": 6.22829}}
{"target": -43.043433415528106, "params": {"C": 2800.187212402652, "gamma": 0.04817768201484487}, "datetime": {"datetime": "2021-09-29 17:41:53", "elapsed": 956.727583, "delta": 3.716652}}
{"target": -43.031203082010414, "params": {"C": 4608.11275140404, "gamma": 0.0328015507838186}, "datetime": {"datetime": "2021-09-29 17:41:58", "elapsed": 961.597672, "delta": 4.870089}}
{"target": -41.39230738390199, "params": {"C": 2957.3587821120495, "gamma": 0.0065980618805352035}, "datetime": {"datetime": "2021-09-29 17:42:02", "elapsed": 965.558449, "delta": 3.960777}}
{"target": -42.415609990128, "params": {"C": 1343.0654317743702, "gamma": 0.003168922861115357}, "datetime": {"datetime": "2021-09-29 17:42:06", "elapsed": 969.916987, "delta": 4.358538}}
{"target": -44.06116650484562, "params": {"C": 4085.5274781007406, "gamma": 0.06078142327693136}, "datetime": {"datetime": "2021-09-29 17:42:11", "elapsed": 974.884631, "delta": 4.967644}}
{"target": -41.536416648306194, "params": {"C": 1250.3915837574618, "gamma": 0.011699991008750358}, "datetime": {"datetime": "2021-09-29 17:42:15", "elapsed": 979.138537, "delta": 4.253906}}
{"target": -42.85800500294371, "params": {"C": 4699.814095172605, "gamma": 0.028711729349858904}, "datetime": {"datetime": "2021-09-29 17:42:21", "elapsed": 984.774081, "delta": 5.635544}}
{"target": -43.941872564466436, "params": {"C": 2460.4911679518736, "gamma": 0.08067057007443729}, "datetime": {"datetime": "2021-09-29 17:42:25", "elapsed": 989.190464, "delta": 4.416383}}
{"target": -42.73298635513701, "params": {"C": 1033.2779353060926, "gamma": 0.053516562352977366}, "datetime": {"datetime": "2021-09-29 17:42:30", "elapsed": 993.390778, "delta": 4.200314}}
{"target": -42.97657661801924, "params": {"C": 2992.47563023144, "gamma": 0.04441565883326947}, "datetime": {"datetime": "2021-09-29 17:42:33", "elapsed": 997.020612, "delta": 3.629834}}
{"target": -42.837306702028336, "params": {"C": 1250.390080214793, "gamma": 0.05717140220395145}, "datetime": {"datetime": "2021-09-29 17:42:39", "elapsed": 1002.576593, "delta": 5.555981}}
{"target": -42.69518373280361, "params": {"C": 1250.2895448465333, "gamma": 0.002855542677725768}, "datetime": {"datetime": "2021-09-29 17:42:43", "elapsed": 1007.204552, "delta": 4.627959}}
{"target": -41.92460459374508, "params": {"C": 2824.1408022199134, "gamma": 0.019985593972581414}, "datetime": {"datetime": "2021-09-29 17:42:47", "elapsed": 1010.649221, "delta": 3.444669}}
{"target": -44.33367247487498, "params": {"C": 2824.1167930097454, "gamma": 0.08818513903014628}, "datetime": {"datetime": "2021-09-29 17:42:52", "elapsed": 1016.146465, "delta": 5.497244}}
{"target": -41.46500164266981, "params": {"C": 2062.158533431094, "gamma": 0.00556460386690694}, "datetime": {"datetime": "2021-09-29 17:42:57", "elapsed": 1020.656251, "delta": 4.509786}}
{"target": -43.51998699033385, "params": {"C": 2236.569794541192, "gamma": 0.06963788422187653}, "datetime": {"datetime": "2021-09-29 17:43:00", "elapsed": 1023.595472, "delta": 2.939221}}
{"target": -42.657096188907836, "params": {"C": 1203.157564976868, "gamma": 0.05143050796046636}, "datetime": {"datetime": "2021-09-29 17:43:04", "elapsed": 1027.735879, "delta": 4.140407}}
{"target": -42.30911784808318, "params": {"C": 1250.4405186254237, "gamma": 0.003728825978578723}, "datetime": {"datetime": "2021-09-29 17:43:09", "elapsed": 1032.443757, "delta": 4.707878}}
{"target": -41.53278725700088, "params": {"C": 4572.817012432171, "gamma": 0.005988570581224662}, "datetime": {"datetime": "2021-09-29 17:43:13", "elapsed": 1036.332651, "delta": 3.888894}}
{"target": -41.87720337996411, "params": {"C": 2062.1357366936318, "gamma": 0.02370953968628952}, "datetime": {"datetime": "2021-09-29 17:43:19", "elapsed": 1043.182684, "delta": 6.850033}}
{"target": -42.75399425000537, "params": {"C": 4582.358629083373, "gamma": 0.027277941827152048}, "datetime": {"datetime": "2021-09-29 17:43:24", "elapsed": 1047.983969, "delta": 4.801285}}
{"target": -41.65807610197267, "params": {"C": 2470.265185317504, "gamma": 0.015788055000453487}, "datetime": {"datetime": "2021-09-29 17:43:29", "elapsed": 1052.479668, "delta": 4.495699}}
{"target": -41.71645475222158, "params": {"C": 2470.341372433266, "gamma": 0.0029740755794792468}, "datetime": {"datetime": "2021-09-29 17:43:34", "elapsed": 1058.098265, "delta": 5.618597}}
{"target": -42.77723622399962, "params": {"C": 4572.782280840372, "gamma": 0.027797768462763085}, "datetime": {"datetime": "2021-09-29 17:43:40", "elapsed": 1063.376765, "delta": 5.2785}}
{"target": -44.4764639322105, "params": {"C": 3388.6885977306038, "gamma": 0.08261012754411062}, "datetime": {"datetime": "2021-09-29 17:43:42", "elapsed": 1066.094311, "delta": 2.717546}}
{"target": -41.442854085179874, "params": {"C": 4572.855608228343, "gamma": 0.0035133432188657185}, "datetime": {"datetime": "2021-09-29 17:43:46", "elapsed": 1070.067933, "delta": 3.973622}}
{"target": -43.29152758628578, "params": {"C": 2599.232918283348, "gamma": 0.05751330892799929}, "datetime": {"datetime": "2021-09-29 17:43:49", "elapsed": 1072.644738, "delta": 2.576805}}
{"target": -42.2295052198527, "params": {"C": 2062.1674058668523, "gamma": 0.0331667245196771}, "datetime": {"datetime": "2021-09-29 17:43:54", "elapsed": 1077.885417, "delta": 5.240679}}
{"target": -41.48677198181253, "params": {"C": 4888.875008852521, "gamma": 0.002340182201696833}, "datetime": {"datetime": "2021-09-29 17:43:57", "elapsed": 1080.367138, "delta": 2.481721}}
{"target": -41.977092003906904, "params": {"C": 1731.8744879834917, "gamma": 0.028599870276094147}, "datetime": {"datetime": "2021-09-29 17:44:01", "elapsed": 1084.405462, "delta": 4.038324}}
{"target": -43.04874955229086, "params": {"C": 4888.894965096153, "gamma": 0.031473459658514176}, "datetime": {"datetime": "2021-09-29 17:44:05", "elapsed": 1089.215991, "delta": 4.810529}}
{"target": -42.183227119720144, "params": {"C": 2957.5929082030734, "gamma": 0.025051567682596712}, "datetime": {"datetime": "2021-09-29 17:44:10", "elapsed": 1093.552523, "delta": 4.336532}}
{"target": -42.45907697536669, "params": {"C": 2369.77705077257, "gamma": 0.03669562529767545}, "datetime": {"datetime": "2021-09-29 17:44:16", "elapsed": 1099.508257, "delta": 5.955734}}
{"target": -43.00464706814597, "params": {"C": 4572.919332480546, "gamma": 0.03246705295347594}, "datetime": {"datetime": "2021-09-29 17:44:22", "elapsed": 1105.828077, "delta": 6.31982}}
{"target": -43.38539003890251, "params": {"C": 4151.788675907852, "gamma": 0.04386144280806928}, "datetime": {"datetime": "2021-09-29 17:44:25", "elapsed": 1108.888629, "delta": 3.060552}}
{"target": -42.63496546784412, "params": {"C": 4179.742109494991, "gamma": 0.027142870123473106}, "datetime": {"datetime": "2021-09-29 17:44:28", "elapsed": 1112.13669, "delta": 3.248061}}
{"target": -41.89620952511174, "params": {"C": 4301.557864334436, "gamma": 0.012756231931795065}, "datetime": {"datetime": "2021-09-29 17:44:31", "elapsed": 1114.922113, "delta": 2.785423}}
{"target": -42.47783902620874, "params": {"C": 1149.647271558125, "gamma": 0.04577633278187681}, "datetime": {"datetime": "2021-09-29 17:44:34", "elapsed": 1118.259923, "delta": 3.33781}}
{"target": -42.18544624408655, "params": {"C": 2150.7148844436206, "gamma": 0.03125320493314686}, "datetime": {"datetime": "2021-09-29 17:44:39", "elapsed": 1122.492009, "delta": 4.232086}}
{"target": -42.02828667542886, "params": {"C": 1456.6367883731623, "gamma": 0.031539664454323046}, "datetime": {"datetime": "2021-09-29 17:44:46", "elapsed": 1130.116059, "delta": 7.62405}}
{"target": -41.47947284486626, "params": {"C": 3932.5081915335636, "gamma": 0.002855550026794467}, "datetime": {"datetime": "2021-09-29 17:44:50", "elapsed": 1134.029958, "delta": 3.913899}}
{"target": -45.270563717406326, "params": {"C": 4085.282573066984, "gamma": 0.0002373535088469227}, "datetime": {"datetime": "2021-09-29 17:56:06", "elapsed": 0.0, "delta": 0.0}}
{"target": -41.973731610303794, "params": {"C": 3534.592939705102, "gamma": 0.0015478469885695013}, "datetime": {"datetime": "2021-09-29 17:56:06", "elapsed": 0.182, "delta": 0.182}}
{"target": -43.91685315840549, "params": {"C": 2994.0280492103616, "gamma": 0.0006046339619555258}, "datetime": {"datetime": "2021-09-29 17:56:06", "elapsed": 0.372017, "delta": 0.190017}}
{"target": -43.03643411295439, "params": {"C": 1792.2514590384958, "gamma": 0.0015689552819581258}, "datetime": {"datetime": "2021-09-29 17:56:06", "elapsed": 0.565002, "delta": 0.192985}}
{"target": -46.12373000233561, "params": {"C": 1676.4433462501418, "gamma": 0.0003590116655132185}, "datetime": {"datetime": "2021-09-29 17:56:06", "elapsed": 0.742001, "delta": 0.176999}}
{"target": -43.243903869482295, "params": {"C": 3535.9703998017867, "gamma": 0.0007071078386859509}, "datetime": {"datetime": "2021-09-29 17:56:07", "elapsed": 1.010003, "delta": 0.268002}}
{"target": -41.78761067164599, "params": {"C": 3533.0633274476027, "gamma": 0.0018675735083763974}, "datetime": {"datetime": "2021-09-29 17:56:08", "elapsed": 2.144164, "delta": 1.134161}}
{"target": -42.66311950135858, "params": {"C": 3528.689807411765, "gamma": 0.0009603074982102941}, "datetime": {"datetime": "2021-09-29 17:56:09", "elapsed": 3.224341, "delta": 1.080177}}
{"target": -41.740744511032304, "params": {"C": 3523.512282192794, "gamma": 0.0019799930822066245}, "datetime": {"datetime": "2021-09-29 17:56:09", "elapsed": 3.594842, "delta": 0.370501}}
{"target": -41.79477752348344, "params": {"C": 3519.8951553074503, "gamma": 0.0018597718434048265}, "datetime": {"datetime": "2021-09-29 17:56:09", "elapsed": 3.826113, "delta": 0.231271}}
{"target": -41.93739573330081, "params": {"C": 3515.468036874197, "gamma": 0.0016093237077017585}, "datetime": {"datetime": "2021-09-29 17:56:10", "elapsed": 4.084108, "delta": 0.257995}}
{"target": -42.13209890435073, "params": {"C": 3510.3071482242567, "gamma": 0.001366767593302718}, "datetime": {"datetime": "2021-09-29 17:56:10", "elapsed": 4.336112, "delta": 0.252004}}
{"target": -43.62653909325308, "params": {"C": 3504.749117063782, "gamma": 0.0005943172742545803}, "datetime": {"datetime": "2021-09-29 17:56:10", "elapsed": 4.623113, "delta": 0.287001}}
{"target": -42.188653965512344, "params": {"C": 4476.761358104786, "gamma": 0.0010270437432602151}, "datetime": {"datetime": "2021-09-29 17:56:10", "elapsed": 4.93211, "delta": 0.308997}}
{"target": -42.57357713811474, "params": {"C": 4481.799585166044, "gamma": 0.0008035641247725075}, "datetime": {"datetime": "2021-09-29 17:56:11", "elapsed": 5.228874, "delta": 0.296764}}
{"target": -41.61346663110256, "params": {"C": 4472.069520895464, "gamma": 0.0018534121937228813}, "datetime": {"datetime": "2021-09-29 17:56:11", "elapsed": 5.539876, "delta": 0.311002}}
{"target": -42.09776162382003, "params": {"C": 4468.095586728469, "gamma": 0.0011003096785398541}, "datetime": {"datetime": "2021-09-29 17:56:12", "elapsed": 5.971878, "delta": 0.432002}}
{"target": -44.94888189769883, "params": {"C": 4461.883336629695, "gamma": 0.00025544118924410966}, "datetime": {"datetime": "2021-09-29 17:56:12", "elapsed": 6.293873, "delta": 0.321995}}
{"target": -42.102066609844066, "params": {"C": 4489.136821840257, "gamma": 0.001091662286110492}, "datetime": {"datetime": "2021-09-29 17:56:12", "elapsed": 6.612876, "delta": 0.319003}}
{"target": -42.17457816495013, "params": {"C": 4494.29750918658, "gamma": 0.0010335101384632557}, "datetime": {"datetime": "2021-09-29 17:56:12", "elapsed": 6.919472, "delta": 0.306596}}
{"target": -42.36240445113387, "params": {"C": 4500.068976843685, "gamma": 0.0009094396223345531}, "datetime": {"datetime": "2021-09-29 17:56:13", "elapsed": 7.22886, "delta": 0.309388}}
{"target": -41.65728580446522, "params": {"C": 4506.13441462057, "gamma": 0.0017132811140117866}, "datetime": {"datetime": "2021-09-29 17:56:13", "elapsed": 7.601859, "delta": 0.372999}}
{"target": -41.82430486543275, "params": {"C": 4510.094259887269, "gamma": 0.0013897220562826586}, "datetime": {"datetime": "2021-09-29 17:56:14", "elapsed": 7.969857, "delta": 0.367998}}
{"target": -42.69028548921306, "params": {"C": 4515.868099831612, "gamma": 0.0007470999755719429}, "datetime": {"datetime": "2021-09-29 17:56:14", "elapsed": 8.336862, "delta": 0.367005}}
{"target": -42.48263962780894, "params": {"C": 2148.4857727566027, "gamma": 0.0017926799906768842}, "datetime": {"datetime": "2021-09-29 17:56:14", "elapsed": 8.714859, "delta": 0.377997}}
{"target": -42.43007687384389, "params": {"C": 2141.749343713671, "gamma": 0.0018625764919320336}, "datetime": {"datetime": "2021-09-29 17:56:15", "elapsed": 9.187856, "delta": 0.472997}}
{"target": -42.737409481990944, "params": {"C": 2135.4756267028806, "gamma": 0.0015408813075973849}, "datetime": {"datetime": "2021-09-29 17:56:15", "elapsed": 9.574016, "delta": 0.38616}}
{"target": -43.676488867090974, "params": {"C": 2155.639261165178, "gamma": 0.000936267350979734}, "datetime": {"datetime": "2021-09-29 17:56:16", "elapsed": 9.990015, "delta": 0.415999}}
{"target": -41.8186965307571, "params": {"C": 4232.725220035622, "gamma": 0.0014925876391591552}, "datetime": {"datetime": "2021-09-29 17:56:16", "elapsed": 10.387018, "delta": 0.397003}}
{"target": -43.8809400142133, "params": {"C": 4236.746611340004, "gamma": 0.0004417533182473737}, "datetime": {"datetime": "2021-09-29 17:56:16", "elapsed": 10.724016, "delta": 0.336998}}
{"target": -44.24396710801569, "params": {"C": 4229.409497939221, "gamma": 0.00037439388866569164}, "datetime": {"datetime": "2021-09-29 17:56:17", "elapsed": 11.857576, "delta": 1.13356}}
{"target": -41.62456163951726, "params": {"C": 4503.054172693235, "gamma": 0.0018057918490676555}, "datetime": {"datetime": "2021-09-29 17:56:19", "elapsed": 13.028577, "delta": 1.171001}}
{"target": -42.0231846582795, "params": {"C": 4474.088553527203, "gamma": 0.0011657273898730161}, "datetime": {"datetime": "2021-09-29 17:56:19", "elapsed": 13.44253, "delta": 0.413953}}
{"target": -43.46322909818997, "params": {"C": 3924.0281533033694, "gamma": 0.0005765816148138519}, "datetime": {"datetime": "2021-09-29 17:56:19", "elapsed": 13.770531, "delta": 0.328001}}
{"target": -44.254181972963494, "params": {"C": 4524.907078082524, "gamma": 0.00034965589625161653}, "datetime": {"datetime": "2021-09-29 17:56:20", "elapsed": 14.136526, "delta": 0.365995}}
{"target": -44.18764904493289, "params": {"C": 2126.8523633065006, "gamma": 0.0007476073274379503}, "datetime": {"datetime": "2021-09-29 17:56:20", "elapsed": 14.473536, "delta": 0.33701}}
{"target": -46.406262344932465, "params": {"C": 1731.6750571017399, "gamma": 0.00029122440484018067}, "datetime": {"datetime": "2021-09-29 17:56:20", "elapsed": 14.865529, "delta": 0.391993}}
{"target": -45.077842980659355, "params": {"C": 2671.9133291588787, "gamma": 0.00039432736267491276}, "datetime": {"datetime": "2021-09-29 17:56:21", "elapsed": 15.19153, "delta": 0.326001}}
{"target": -43.251257643600596, "params": {"C": 3399.5078342223555, "gamma": 0.0007317098668646981}, "datetime": {"datetime": "2021-09-29 17:56:21", "elapsed": 15.57088, "delta": 0.37935}}
