{"target": -35.296867371941325, "params": {"C": 3011.7377583349603, "gamma": 0.04196658102717065}, "datetime": {"datetime": "2021-09-28 15:35:40", "elapsed": 344.648844, "delta": 1.946285}}
{"target": -35.301774061297, "params": {"C": 3887.5992017523786, "gamma": 0.055089986221392814}, "datetime": {"datetime": "2021-09-28 15:35:43", "elapsed": 347.407787, "delta": 2.758943}}
{"target": -35.55768222371577, "params": {"C": 3745.030978348639, "gamma": 0.01241324570013877}, "datetime": {"datetime": "2021-09-28 15:35:46", "elapsed": 350.697488, "delta": 3.289701}}
{"target": -35.629160521936626, "params": {"C": 3853.9076783994306, "gamma": 0.07150952144176094}, "datetime": {"datetime": "2021-09-28 15:35:49", "elapsed": 353.533996, "delta": 2.836508}}
{"target": -35.240152711201006, "params": {"C": 3924.9289996520674, "gamma": 0.017971781071169052}, "datetime": {"datetime": "2021-09-28 15:35:51", "elapsed": 355.618698, "delta": 2.084702}}
{"target": -35.78348460687983, "params": {"C": 3895.62491817314, "gamma": 0.008583296932110959}, "datetime": {"datetime": "2021-09-28 15:35:53", "elapsed": 357.344087, "delta": 1.725389}}
{"target": -35.31183752207613, "params": {"C": 3853.0613882693265, "gamma": 0.016742547285332896}, "datetime": {"datetime": "2021-09-28 15:35:55", "elapsed": 359.43178, "delta": 2.087693}}
{"target": -35.12011781575035, "params": {"C": 3743.1869383972557, "gamma": 0.03945810905516056}, "datetime": {"datetime": "2021-09-28 15:35:56", "elapsed": 361.05597, "delta": 1.62419}}
{"target": -36.27883418859518, "params": {"C": 3853.919743772652, "gamma": 0.003338579768676422}, "datetime": {"datetime": "2021-09-28 15:35:59", "elapsed": 363.894206, "delta": 2.838236}}
{"target": -35.09818983721685, "params": {"C": 3743.160018409486, "gamma": 0.0273462981048693}, "datetime": {"datetime": "2021-09-28 15:36:02", "elapsed": 366.310758, "delta": 2.416552}}
{"target": -35.056917637623215, "params": {"C": 3862.7702191579224, "gamma": 0.03214129830400989}, "datetime": {"datetime": "2021-09-28 15:36:04", "elapsed": 369.138222, "delta": 2.827464}}
{"target": -35.76642139293333, "params": {"C": 3518.7813970440193, "gamma": 0.009026065573694668}, "datetime": {"datetime": "2021-09-28 15:36:08", "elapsed": 372.407468, "delta": 3.269246}}
{"target": -35.25556449453777, "params": {"C": 3859.7418361480627, "gamma": 0.051970627262955725}, "datetime": {"datetime": "2021-09-28 15:36:10", "elapsed": 375.073616, "delta": 2.666148}}
{"target": -35.59810828607128, "params": {"C": 3546.0101685790955, "gamma": 0.06702355391255914}, "datetime": {"datetime": "2021-09-28 15:36:13", "elapsed": 377.946736, "delta": 2.87312}}
{"target": -35.140388431315024, "params": {"C": 3561.9802973238316, "gamma": 0.03778916863295728}, "datetime": {"datetime": "2021-09-28 15:36:16", "elapsed": 381.035398, "delta": 3.088662}}
{"target": -36.019178449149265, "params": {"C": 3890.6812832361725, "gamma": 0.005823699029598504}, "datetime": {"datetime": "2021-09-28 15:36:20", "elapsed": 384.6091, "delta": 3.573702}}
{"target": -35.2333982935804, "params": {"C": 3890.635973096177, "gamma": 0.05086112561769925}, "datetime": {"datetime": "2021-09-28 15:36:24", "elapsed": 388.682021, "delta": 4.072921}}
{"target": -35.22355416792129, "params": {"C": 3031.4870037511378, "gamma": 0.03235056922566321}, "datetime": {"datetime": "2021-09-28 15:36:26", "elapsed": 390.542606, "delta": 1.860585}}
{"target": -35.858497916648034, "params": {"C": 3584.0594827927252, "gamma": 0.007710584759032775}, "datetime": {"datetime": "2021-09-28 15:36:29", "elapsed": 393.563516, "delta": 3.02091}}
{"target": -35.37522664551057, "params": {"C": 3743.177284253566, "gamma": 0.015731135961269318}, "datetime": {"datetime": "2021-09-28 15:36:32", "elapsed": 396.844617, "delta": 3.281101}}
{"target": -35.774436042671255, "params": {"C": 3710.4548514550197, "gamma": 0.008786012910089645}, "datetime": {"datetime": "2021-09-28 15:36:35", "elapsed": 399.649956, "delta": 2.805339}}
{"target": -35.397201875702024, "params": {"C": 3743.177463768172, "gamma": 0.05896000018062909}, "datetime": {"datetime": "2021-09-28 15:36:37", "elapsed": 402.160338, "delta": 2.510382}}
{"target": -35.67147054322034, "params": {"C": 3562.004850625178, "gamma": 0.07079362134073135}, "datetime": {"datetime": "2021-09-28 15:36:40", "elapsed": 405.03177, "delta": 2.871432}}
{"target": -35.252355826606156, "params": {"C": 3852.881354745188, "gamma": 0.0516704077011601}, "datetime": {"datetime": "2021-09-28 15:36:44", "elapsed": 408.44235, "delta": 3.41058}}
{"target": -35.72593113005139, "params": {"C": 3608.0754331479716, "gamma": 0.07379486008480927}, "datetime": {"datetime": "2021-09-28 15:36:45", "elapsed": 410.229067, "delta": 1.786717}}
{"target": -35.42800299507821, "params": {"C": 3545.991898055367, "gamma": 0.015021448012210937}, "datetime": {"datetime": "2021-09-28 15:36:49", "elapsed": 413.290904, "delta": 3.061837}}
{"target": -35.077970658960666, "params": {"C": 3874.227903572966, "gamma": 0.027488225133672432}, "datetime": {"datetime": "2021-09-28 15:36:53", "elapsed": 417.374246, "delta": 4.083342}}
{"target": -35.24733555476844, "params": {"C": 3710.4028654714675, "gamma": 0.04957079306729414}, "datetime": {"datetime": "2021-09-28 15:36:56", "elapsed": 420.905374, "delta": 3.531128}}
{"target": -35.61888696429249, "params": {"C": 3561.638471379517, "gamma": 0.011433500186701518}, "datetime": {"datetime": "2021-09-28 15:36:59", "elapsed": 423.336489, "delta": 2.431115}}
{"target": -35.12806535512077, "params": {"C": 3886.4136899703253, "gamma": 0.04356514868573279}, "datetime": {"datetime": "2021-09-28 15:37:02", "elapsed": 426.682355, "delta": 3.345866}}
{"target": -35.23482973985886, "params": {"C": 3561.990680454633, "gamma": 0.01967290241251451}, "datetime": {"datetime": "2021-09-28 15:37:05", "elapsed": 429.750298, "delta": 3.067943}}
{"target": -35.15558914111028, "params": {"C": 3743.1327935273157, "gamma": 0.0434704231651291}, "datetime": {"datetime": "2021-09-28 15:37:09", "elapsed": 433.468385, "delta": 3.718087}}
{"target": -35.130447389079116, "params": {"C": 3862.795203764762, "gamma": 0.04331307978898686}, "datetime": {"datetime": "2021-09-28 15:37:11", "elapsed": 435.834752, "delta": 2.366367}}
{"target": -35.62334003447989, "params": {"C": 3713.8562884791186, "gamma": 0.07000488725707368}, "datetime": {"datetime": "2021-09-28 15:37:13", "elapsed": 438.281189, "delta": 2.446437}}
{"target": -35.63517907011736, "params": {"C": 3859.744975257685, "gamma": 0.010976427524535544}, "datetime": {"datetime": "2021-09-28 15:37:16", "elapsed": 440.360025, "delta": 2.078836}}
{"target": -35.668694066691984, "params": {"C": 3901.611885731264, "gamma": 0.07378275809162359}, "datetime": {"datetime": "2021-09-28 15:37:18", "elapsed": 442.690897, "delta": 2.330872}}
{"target": -35.67270498399216, "params": {"C": 3855.931430983517, "gamma": 0.010321632025900127}, "datetime": {"datetime": "2021-09-28 15:37:21", "elapsed": 446.210185, "delta": 3.519288}}
{"target": -35.15135319285086, "params": {"C": 3998.708073897266, "gamma": 0.02093245185115881}, "datetime": {"datetime": "2021-09-28 15:37:24", "elapsed": 448.837621, "delta": 2.627436}}
{"target": -35.16075167208193, "params": {"C": 3998.6726887107307, "gamma": 0.04722293097204125}, "datetime": {"datetime": "2021-09-28 15:37:27", "elapsed": 451.789046, "delta": 2.951425}}
{"target": -35.373072073232045, "params": {"C": 3888.841110261994, "gamma": 0.05915712437923896}, "datetime": {"datetime": "2021-09-28 15:37:30", "elapsed": 454.448263, "delta": 2.659217}}
{"target": -35.352513504587805, "params": {"C": 3518.80709186253, "gamma": 0.054028010048482684}, "datetime": {"datetime": "2021-09-28 15:37:35", "elapsed": 459.727949, "delta": 5.279686}}
{"target": -35.64815425608303, "params": {"C": 3852.884635996687, "gamma": 0.01075318013961098}, "datetime": {"datetime": "2021-09-28 15:37:38", "elapsed": 463.266637, "delta": 3.538688}}
{"target": -35.7042810549687, "params": {"C": 3961.5104593069286, "gamma": 0.009737236793179975}, "datetime": {"datetime": "2021-09-28 15:37:41", "elapsed": 465.50559, "delta": 2.238953}}
{"target": -35.364356546565915, "params": {"C": 3442.8446724287446, "gamma": 0.0537942247948714}, "datetime": {"datetime": "2021-09-28 15:37:44", "elapsed": 468.604589, "delta": 3.098999}}
{"target": -35.07710354442577, "params": {"C": 3965.428813943009, "gamma": 0.026137299010481854}, "datetime": {"datetime": "2021-09-28 15:37:46", "elapsed": 471.243933, "delta": 2.639344}}
{"target": -35.18422931264843, "params": {"C": 3927.3793604010725, "gamma": 0.04797869935670142}, "datetime": {"datetime": "2021-09-28 15:37:49", "elapsed": 473.646735, "delta": 2.402802}}
{"target": -35.39973004356717, "params": {"C": 3862.791004757776, "gamma": 0.015109760214637398}, "datetime": {"datetime": "2021-09-28 15:37:53", "elapsed": 478.041344, "delta": 4.394609}}
{"target": -35.09812827445412, "params": {"C": 3792.4234072975787, "gamma": 0.02647425828524503}, "datetime": {"datetime": "2021-09-28 15:37:57", "elapsed": 481.416442, "delta": 3.375098}}
{"target": -36.199235755613, "params": {"C": 3874.2268431081425, "gamma": 0.00404599847240089}, "datetime": {"datetime": "2021-09-28 15:38:00", "elapsed": 485.267478, "delta": 3.851036}}
{"target": -35.13568091564537, "params": {"C": 3896.8563251328655, "gamma": 0.04430434106536799}, "datetime": {"datetime": "2021-09-28 15:38:05", "elapsed": 489.379712, "delta": 4.112234}}
{"target": -35.463536541712614, "params": {"C": 3237.7043462534016, "gamma": 0.05691417582728951}, "datetime": {"datetime": "2021-09-28 15:38:06", "elapsed": 491.271319, "delta": 1.891607}}
{"target": -35.2216318634496, "params": {"C": 3692.234205425074, "gamma": 0.019536596842821382}, "datetime": {"datetime": "2021-09-28 15:38:08", "elapsed": 493.188814, "delta": 1.917495}}
{"target": -35.1521967583359, "params": {"C": 3744.9778914639237, "gamma": 0.04314055039888042}, "datetime": {"datetime": "2021-09-28 15:38:11", "elapsed": 495.889473, "delta": 2.700659}}
{"target": -35.082273930447855, "params": {"C": 3855.888765299793, "gamma": 0.03735971849582925}, "datetime": {"datetime": "2021-09-28 15:38:14", "elapsed": 499.107882, "delta": 3.218409}}
{"target": -35.12274916316047, "params": {"C": 3940.2234261517606, "gamma": 0.04392014933186139}, "datetime": {"datetime": "2021-09-28 15:38:17", "elapsed": 502.220237, "delta": 3.112355}}
{"target": -35.15556122881087, "params": {"C": 3413.2410382393796, "gamma": 0.02608541609767129}, "datetime": {"datetime": "2021-09-28 15:38:19", "elapsed": 504.250903, "delta": 2.030666}}
{"target": -35.066559834157125, "params": {"C": 3965.4092991595876, "gamma": 0.03787697802325865}, "datetime": {"datetime": "2021-09-28 15:38:23", "elapsed": 507.853242, "delta": 3.602339}}
{"target": -35.212594218385526, "params": {"C": 3745.0069117424673, "gamma": 0.04768753172649155}, "datetime": {"datetime": "2021-09-28 15:38:25", "elapsed": 510.087971, "delta": 2.234729}}
{"target": -35.580217314029085, "params": {"C": 3862.775308952371, "gamma": 0.06917656523261957}, "datetime": {"datetime": "2021-09-28 15:38:28", "elapsed": 512.54985, "delta": 2.461879}}
{"target": -35.234994534266676, "params": {"C": 3855.967078697464, "gamma": 0.05054307095313321}, "datetime": {"datetime": "2021-09-28 15:38:31", "elapsed": 515.519808, "delta": 2.969958}}
{"target": -35.073547624094346, "params": {"C": 3887.6004280929387, "gamma": 0.027791440565040636}, "datetime": {"datetime": "2021-09-28 15:38:34", "elapsed": 519.154747, "delta": 3.634939}}
{"target": -35.12957947139118, "params": {"C": 3518.7345743640326, "gamma": 0.03555276040286968}, "datetime": {"datetime": "2021-09-28 15:38:37", "elapsed": 521.56164, "delta": 2.406893}}
{"target": -35.20689038020813, "params": {"C": 3713.870362772155, "gamma": 0.020077110172679172}, "datetime": {"datetime": "2021-09-28 15:38:40", "elapsed": 524.727909, "delta": 3.166269}}
{"target": -35.70833683689855, "params": {"C": 3855.8869098679047, "gamma": 0.009691680612444686}, "datetime": {"datetime": "2021-09-28 15:38:43", "elapsed": 527.792726, "delta": 3.064817}}
{"target": -35.58413871204677, "params": {"C": 3442.824949806919, "gamma": 0.012168052394643556}, "datetime": {"datetime": "2021-09-28 15:38:46", "elapsed": 530.746154, "delta": 2.953428}}
{"target": -35.19038232769694, "params": {"C": 3965.390442010391, "gamma": 0.04885380077079706}, "datetime": {"datetime": "2021-09-28 15:38:49", "elapsed": 534.058609, "delta": 3.312455}}
{"target": -35.1931804253057, "params": {"C": 3456.036609809364, "gamma": 0.041251694042448474}, "datetime": {"datetime": "2021-09-28 15:38:52", "elapsed": 536.880155, "delta": 2.821546}}
{"target": -35.11372898795225, "params": {"C": 3874.238791875753, "gamma": 0.04165000328927316}, "datetime": {"datetime": "2021-09-28 15:38:55", "elapsed": 539.90602, "delta": 3.025865}}
{"target": -35.66456407996244, "params": {"C": 3998.6518597398663, "gamma": 0.07430534210954985}, "datetime": {"datetime": "2021-09-28 15:38:57", "elapsed": 542.269598, "delta": 2.363578}}
{"target": -35.220119012197685, "params": {"C": 3945.8562685293714, "gamma": 0.018360331345173918}, "datetime": {"datetime": "2021-09-28 15:39:01", "elapsed": 545.345774, "delta": 3.076176}}
{"target": -35.1842286459181, "params": {"C": 3817.632529408718, "gamma": 0.04666360406233961}, "datetime": {"datetime": "2021-09-28 15:39:04", "elapsed": 549.012206, "delta": 3.666432}}
{"target": -35.27512497274141, "params": {"C": 3281.946646577464, "gamma": 0.045640715477134476}, "datetime": {"datetime": "2021-09-28 15:39:07", "elapsed": 552.054135, "delta": 3.041929}}
{"target": -35.19360095881671, "params": {"C": 3940.2577137043318, "gamma": 0.04877074201244636}, "datetime": {"datetime": "2021-09-28 15:39:11", "elapsed": 555.308679, "delta": 3.254544}}
{"target": -35.185873288120746, "params": {"C": 3942.8023718092395, "gamma": 0.019763677368821144}, "datetime": {"datetime": "2021-09-28 15:39:13", "elapsed": 558.266577, "delta": 2.957898}}
{"target": -35.18157002031892, "params": {"C": 3710.426962617711, "gamma": 0.045204819270692816}, "datetime": {"datetime": "2021-09-28 15:39:16", "elapsed": 560.840863, "delta": 2.574286}}
{"target": -35.49249323244152, "params": {"C": 3965.417111467709, "gamma": 0.06576008486596133}, "datetime": {"datetime": "2021-09-28 15:39:20", "elapsed": 565.240825, "delta": 4.399962}}
{"target": -35.103549017397654, "params": {"C": 3584.269366389929, "gamma": 0.030333419848021608}, "datetime": {"datetime": "2021-09-28 15:39:23", "elapsed": 567.46615, "delta": 2.225325}}
{"target": -35.41278274056126, "params": {"C": 3859.7654971593506, "gamma": 0.06086810388611535}, "datetime": {"datetime": "2021-09-28 15:39:26", "elapsed": 570.574001, "delta": 3.107851}}
{"target": -35.18807227241826, "params": {"C": 3654.145319456725, "gamma": 0.04496527661721822}, "datetime": {"datetime": "2021-09-28 15:39:28", "elapsed": 572.411259, "delta": 1.837258}}
{"target": -35.130419034483566, "params": {"C": 3999.297279976112, "gamma": 0.045137874730061874}, "datetime": {"datetime": "2021-09-28 15:39:30", "elapsed": 574.670995, "delta": 2.259736}}
{"target": -35.51509578330459, "params": {"C": 3584.2870023397336, "gamma": 0.013333002837986923}, "datetime": {"datetime": "2021-09-28 15:39:35", "elapsed": 579.682865, "delta": 5.01187}}
{"target": -35.38591864324116, "params": {"C": 3584.266931283251, "gamma": 0.056818162006018066}, "datetime": {"datetime": "2021-09-28 15:39:38", "elapsed": 583.152142, "delta": 3.469277}}
{"target": -35.67235233610243, "params": {"C": 3743.120792732528, "gamma": 0.010369895585079475}, "datetime": {"datetime": "2021-09-28 15:39:43", "elapsed": 587.847886, "delta": 4.695744}}
{"target": -35.150195543736565, "params": {"C": 3546.0299668628954, "gamma": 0.02435969022609205}, "datetime": {"datetime": "2021-09-28 15:39:46", "elapsed": 590.744454, "delta": 2.896568}}
{"target": -35.6142939362301, "params": {"C": 3777.6983575629692, "gamma": 0.011387028641679012}, "datetime": {"datetime": "2021-09-28 15:39:48", "elapsed": 592.962876, "delta": 2.218422}}
{"target": -35.09804706127631, "params": {"C": 3817.6064687320013, "gamma": 0.03847533599758678}, "datetime": {"datetime": "2021-09-28 15:39:52", "elapsed": 596.769987, "delta": 3.807111}}
{"target": -35.68928143737994, "params": {"C": 3518.7344383029144, "gamma": 0.010207492475491763}, "datetime": {"datetime": "2021-09-28 15:39:57", "elapsed": 601.785744, "delta": 5.015757}}
{"target": -36.13920234486153, "params": {"C": 3456.017796296943, "gamma": 0.004837553338618116}, "datetime": {"datetime": "2021-09-28 15:40:02", "elapsed": 606.93845, "delta": 5.152706}}
{"target": -35.1375117804799, "params": {"C": 3943.790039814944, "gamma": 0.02188532348451462}, "datetime": {"datetime": "2021-09-28 15:40:09", "elapsed": 613.557311, "delta": 6.618861}}
{"target": -36.00440088672861, "params": {"C": 3861.7856335324873, "gamma": 0.005989049696933768}, "datetime": {"datetime": "2021-09-28 15:40:12", "elapsed": 616.798469, "delta": 3.241158}}
{"target": -35.18270846573643, "params": {"C": 3855.9031866435275, "gamma": 0.047019272907693435}, "datetime": {"datetime": "2021-09-28 15:40:16", "elapsed": 620.926572, "delta": 4.128103}}
{"target": -35.439395711717886, "params": {"C": 3114.725124604712, "gamma": 0.05402230118091997}, "datetime": {"datetime": "2021-09-28 15:40:18", "elapsed": 623.064188, "delta": 2.137616}}
{"target": -35.31356912424856, "params": {"C": 3942.7915241307983, "gamma": 0.05632033008862602}, "datetime": {"datetime": "2021-09-28 15:40:21", "elapsed": 625.640369, "delta": 2.576181}}
{"target": -35.355211111688426, "params": {"C": 3411.264517273738, "gamma": 0.05278664407183307}, "datetime": {"datetime": "2021-09-28 15:40:23", "elapsed": 627.864701, "delta": 2.224332}}
{"target": -35.9471038219876, "params": {"C": 3989.8127405459836, "gamma": 0.006513057265852034}, "datetime": {"datetime": "2021-09-28 15:40:27", "elapsed": 631.830025, "delta": 3.965324}}
{"target": -35.59456248799977, "params": {"C": 3581.5030755117614, "gamma": 0.06721249892319063}, "datetime": {"datetime": "2021-09-28 15:40:29", "elapsed": 633.918268, "delta": 2.088243}}
{"target": -35.12518482669697, "params": {"C": 3861.823306403277, "gamma": 0.042695893612497614}, "datetime": {"datetime": "2021-09-28 15:40:32", "elapsed": 636.863309, "delta": 2.945041}}
{"target": -36.22124709346646, "params": {"C": 3442.862373400178, "gamma": 0.00406675261440059}, "datetime": {"datetime": "2021-09-28 15:40:35", "elapsed": 640.125619, "delta": 3.26231}}
{"target": -35.265446227683114, "params": {"C": 3940.2239425919297, "gamma": 0.017461473033766745}, "datetime": {"datetime": "2021-09-28 15:40:40", "elapsed": 645.050598, "delta": 4.924979}}
{"target": -35.08097933182556, "params": {"C": 3874.182936954783, "gamma": 0.03762022046846242}, "datetime": {"datetime": "2021-09-28 15:40:44", "elapsed": 649.24658, "delta": 4.195982}}
{"target": -35.32638448735367, "params": {"C": 3456.008708518599, "gamma": 0.05151421515465789}, "datetime": {"datetime": "2021-09-28 15:40:49", "elapsed": 653.712138, "delta": 4.465558}}
{"target": -35.3579436967956, "params": {"C": 3817.6045497480427, "gamma": 0.015939381497230395}, "datetime": {"datetime": "2021-09-28 15:40:54", "elapsed": 658.614618, "delta": 4.90248}}
{"target": -35.6678513524215, "params": {"C": 3998.7266561000943, "gamma": 0.010353551308844064}, "datetime": {"datetime": "2021-09-28 15:40:59", "elapsed": 663.44289, "delta": 4.828272}}
{"target": -35.43365018654954, "params": {"C": 3817.604480775419, "gamma": 0.06150643014794542}, "datetime": {"datetime": "2021-09-28 15:41:01", "elapsed": 666.224113, "delta": 2.781223}}
{"target": -35.24640756760172, "params": {"C": 3023.1157420526347, "gamma": 0.036971077013063854}, "datetime": {"datetime": "2021-09-28 15:41:04", "elapsed": 668.871716, "delta": 2.647603}}
{"target": -35.81101972594398, "params": {"C": 3887.6160164512535, "gamma": 0.008231187840559713}, "datetime": {"datetime": "2021-09-28 15:41:08", "elapsed": 673.216296, "delta": 4.34458}}
{"target": -35.22787634946105, "params": {"C": 3943.7973446120473, "gamma": 0.05113864148789147}, "datetime": {"datetime": "2021-09-28 15:41:12", "elapsed": 676.816419, "delta": 3.600123}}
{"target": -35.05268123481933, "params": {"C": 3998.680911634873, "gamma": 0.028353868525280712}, "datetime": {"datetime": "2021-09-28 15:41:17", "elapsed": 681.497419, "delta": 4.681}}
{"target": -35.09153932610037, "params": {"C": 3861.837119561383, "gamma": 0.026116973313392765}, "datetime": {"datetime": "2021-09-28 15:41:23", "elapsed": 687.590156, "delta": 6.092737}}
{"target": -35.256687226133124, "params": {"C": 3861.8432063108153, "gamma": 0.052072006385324505}, "datetime": {"datetime": "2021-09-28 15:41:27", "elapsed": 691.830358, "delta": 4.240202}}
{"target": -35.18426773565923, "params": {"C": 3874.164188699798, "gamma": 0.047343520554657056}, "datetime": {"datetime": "2021-09-28 15:41:30", "elapsed": 695.004508, "delta": 3.17415}}
{"target": -35.62392277819192, "params": {"C": 3744.987254273872, "gamma": 0.0703079354261527}, "datetime": {"datetime": "2021-09-28 15:41:36", "elapsed": 700.362062, "delta": 5.357554}}
{"target": -35.70869443065077, "params": {"C": 3679.825089512732, "gamma": 0.0097829654853781}, "datetime": {"datetime": "2021-09-28 15:41:38", "elapsed": 703.173545, "delta": 2.811483}}
{"target": -35.14728217990297, "params": {"C": 3352.7129692827266, "gamma": 0.031788087185341735}, "datetime": {"datetime": "2021-09-28 15:41:41", "elapsed": 705.636715, "delta": 2.46317}}
{"target": -35.786248882019585, "params": {"C": 3332.5499959716544, "gamma": 0.07345470837885522}, "datetime": {"datetime": "2021-09-28 15:41:43", "elapsed": 707.975978, "delta": 2.339263}}
{"target": -35.21913905078421, "params": {"C": 3008.300777019393, "gamma": 0.02592867119581696}, "datetime": {"datetime": "2021-09-28 15:41:45", "elapsed": 710.175973, "delta": 2.199995}}
