{"target": -35.775363278441475, "params": {"C": 25991.35409873508, "gamma": 0.0585710987993137}, "datetime": {"datetime": "2021-09-29 08:39:32", "elapsed": 95.202579, "delta": 0.902211}}
{"target": -36.67270226498803, "params": {"C": 28768.633785121638, "gamma": 0.07853582066758598}, "datetime": {"datetime": "2021-09-29 08:39:33", "elapsed": 96.291836, "delta": 1.089257}}
{"target": -36.116228273110096, "params": {"C": 28302.16450318146, "gamma": 0.06453698650599982}, "datetime": {"datetime": "2021-09-29 08:39:34", "elapsed": 97.048059, "delta": 0.756223}}
{"target": -34.59269843159956, "params": {"C": 25843.43908667657, "gamma": 0.02596692412458159}, "datetime": {"datetime": "2021-09-29 08:39:34", "elapsed": 97.789063, "delta": 0.741004}}
{"target": -36.01116266594841, "params": {"C": 27153.789948131147, "gamma": 0.06320490868462986}, "datetime": {"datetime": "2021-09-29 08:39:35", "elapsed": 98.715059, "delta": 0.925996}}
{"target": -36.126531234525686, "params": {"C": 26245.147825823056, "gamma": 0.06738959269553975}, "datetime": {"datetime": "2021-09-29 08:39:36", "elapsed": 99.479246, "delta": 0.764187}}
{"target": -34.820406409309925, "params": {"C": 27920.287180583884, "gamma": 0.03448989812925375}, "datetime": {"datetime": "2021-09-29 08:39:37", "elapsed": 100.48024, "delta": 1.000994}}
{"target": -35.5036327055069, "params": {"C": 27138.899395059874, "gamma": 0.05091864179060422}, "datetime": {"datetime": "2021-09-29 08:39:38", "elapsed": 101.450993, "delta": 0.970753}}
{"target": -36.70795895641355, "params": {"C": 29058.089313838398, "gamma": 0.0791272959719713}, "datetime": {"datetime": "2021-09-29 08:39:39", "elapsed": 102.239813, "delta": 0.78882}}
{"target": -35.90701148659401, "params": {"C": 29049.960029821865, "gamma": 0.005755802950707521}, "datetime": {"datetime": "2021-09-29 08:39:40", "elapsed": 102.988812, "delta": 0.748999}}
{"target": -35.38949986314006, "params": {"C": 29993.236317055966, "gamma": 0.046178874566199825}, "datetime": {"datetime": "2021-09-29 08:39:40", "elapsed": 103.857148, "delta": 0.868336}}
{"target": -34.487152406034234, "params": {"C": 28022.863804949862, "gamma": 0.016855225984906474}, "datetime": {"datetime": "2021-09-29 08:39:42", "elapsed": 104.88915, "delta": 1.032002}}
{"target": -36.27030776008143, "params": {"C": 26913.569236481948, "gamma": 0.07028751502527163}, "datetime": {"datetime": "2021-09-29 08:39:42", "elapsed": 105.653512, "delta": 0.764362}}
{"target": -35.07837083200698, "params": {"C": 27632.449884278903, "gamma": 0.0412103938842178}, "datetime": {"datetime": "2021-09-29 08:39:43", "elapsed": 106.454159, "delta": 0.800647}}
{"target": -35.00190159034373, "params": {"C": 26680.85852103296, "gamma": 0.03983558066322743}, "datetime": {"datetime": "2021-09-29 08:39:44", "elapsed": 107.306483, "delta": 0.852324}}
{"target": -35.73984428196219, "params": {"C": 28859.24502406415, "gamma": 0.006535984230848092}, "datetime": {"datetime": "2021-09-29 08:39:45", "elapsed": 108.08548, "delta": 0.778997}}
{"target": -36.73977323449941, "params": {"C": 29677.89797320738, "gamma": 0.07903856722516184}, "datetime": {"datetime": "2021-09-29 08:39:46", "elapsed": 108.897478, "delta": 0.811998}}
{"target": -34.97038963239755, "params": {"C": 26812.231386773918, "gamma": 0.011232268291834994}, "datetime": {"datetime": "2021-09-29 08:39:47", "elapsed": 109.978719, "delta": 1.081241}}
{"target": -34.567603351904665, "params": {"C": 26116.119459560905, "gamma": 0.024474058802112456}, "datetime": {"datetime": "2021-09-29 08:39:47", "elapsed": 110.790399, "delta": 0.81168}}
{"target": -36.573701881722, "params": {"C": 26625.782959869455, "gamma": 0.07909940042272433}, "datetime": {"datetime": "2021-09-29 08:39:48", "elapsed": 111.575579, "delta": 0.78518}}
{"target": -34.67744027315128, "params": {"C": 29484.37684323964, "gamma": 0.02895367350935459}, "datetime": {"datetime": "2021-09-29 08:39:49", "elapsed": 112.37059, "delta": 0.795011}}
{"target": -34.4930289525473, "params": {"C": 29749.95884484254, "gamma": 0.01921140173969542}, "datetime": {"datetime": "2021-09-29 08:39:50", "elapsed": 113.161801, "delta": 0.791211}}
{"target": -34.49783650040271, "params": {"C": 28134.841182078282, "gamma": 0.019475854254889576}, "datetime": {"datetime": "2021-09-29 08:39:51", "elapsed": 114.023796, "delta": 0.861995}}
{"target": -35.87725826311207, "params": {"C": 28974.102238669275, "gamma": 0.05764009408795837}, "datetime": {"datetime": "2021-09-29 08:39:51", "elapsed": 114.823802, "delta": 0.800006}}
{"target": -34.511573666166804, "params": {"C": 29136.59763392639, "gamma": 0.020701146714498415}, "datetime": {"datetime": "2021-09-29 08:39:52", "elapsed": 115.776391, "delta": 0.952589}}
{"target": -34.5508887849473, "params": {"C": 26219.8035784343, "gamma": 0.023404108528090432}, "datetime": {"datetime": "2021-09-29 08:39:53", "elapsed": 116.759385, "delta": 0.982994}}
{"target": -34.56780680966776, "params": {"C": 28552.16249138214, "gamma": 0.02441562607641}, "datetime": {"datetime": "2021-09-29 08:39:54", "elapsed": 117.579115, "delta": 0.81973}}
{"target": -34.51649444758082, "params": {"C": 26998.648023697926, "gamma": 0.016405161084435925}, "datetime": {"datetime": "2021-09-29 08:39:55", "elapsed": 118.424124, "delta": 0.845009}}
{"target": -36.72282616740269, "params": {"C": 29895.91093366309, "gamma": 0.07823398119155033}, "datetime": {"datetime": "2021-09-29 08:39:56", "elapsed": 119.276345, "delta": 0.852221}}
{"target": -35.01650289684924, "params": {"C": 27486.67381455021, "gamma": 0.03969621056082799}, "datetime": {"datetime": "2021-09-29 08:39:57", "elapsed": 120.155342, "delta": 0.878997}}
{"target": -34.53282191297186, "params": {"C": 27213.997767377747, "gamma": 0.02218441260422303}, "datetime": {"datetime": "2021-09-29 08:39:58", "elapsed": 121.000051, "delta": 0.844709}}
{"target": -35.87646078896655, "params": {"C": 28325.795054435865, "gamma": 0.05832719917444838}, "datetime": {"datetime": "2021-09-29 08:39:58", "elapsed": 121.811371, "delta": 0.81132}}
{"target": -35.13168580591222, "params": {"C": 25692.410162832028, "gamma": 0.04395545423299609}, "datetime": {"datetime": "2021-09-29 08:39:59", "elapsed": 122.63737, "delta": 0.825999}}
{"target": -34.507662097580145, "params": {"C": 27092.330459779107, "gamma": 0.020229683239130786}, "datetime": {"datetime": "2021-09-29 08:40:00", "elapsed": 123.530909, "delta": 0.893539}}
{"target": -34.941337891156046, "params": {"C": 26801.72613406476, "gamma": 0.038195596988638426}, "datetime": {"datetime": "2021-09-29 08:40:01", "elapsed": 124.529914, "delta": 0.999005}}
{"target": -36.46679983433717, "params": {"C": 29318.252055765184, "gamma": 0.0034107614044105233}, "datetime": {"datetime": "2021-09-29 08:40:02", "elapsed": 125.431763, "delta": 0.901849}}
{"target": -34.93967911961871, "params": {"C": 27049.487963009888, "gamma": 0.03800308942748575}, "datetime": {"datetime": "2021-09-29 08:40:03", "elapsed": 126.316342, "delta": 0.884579}}
{"target": -34.86924061024341, "params": {"C": 28020.95644700506, "gamma": 0.03569497233171077}, "datetime": {"datetime": "2021-09-29 08:40:04", "elapsed": 127.318535, "delta": 1.002193}}
{"target": -34.49084885257314, "params": {"C": 26477.60834341345, "gamma": 0.017054313426654578}, "datetime": {"datetime": "2021-09-29 08:40:05", "elapsed": 128.314532, "delta": 0.995997}}
{"target": -35.5971989652216, "params": {"C": 27767.28021611315, "gamma": 0.0524391596831833}, "datetime": {"datetime": "2021-09-29 08:40:06", "elapsed": 129.450432, "delta": 1.1359}}
{"target": -34.92339544679224, "params": {"C": 25860.83106888292, "gamma": 0.038319813018538845}, "datetime": {"datetime": "2021-09-29 08:40:07", "elapsed": 130.539434, "delta": 1.089002}}
{"target": -36.38346979329089, "params": {"C": 29916.194477849418, "gamma": 0.06927631086112576}, "datetime": {"datetime": "2021-09-29 08:40:08", "elapsed": 131.645776, "delta": 1.106342}}
{"target": -36.01836475545677, "params": {"C": 26655.99242385734, "gamma": 0.06408026793472338}, "datetime": {"datetime": "2021-09-29 08:40:09", "elapsed": 132.536775, "delta": 0.890999}}
{"target": -35.956080629191106, "params": {"C": 29280.603476788114, "gamma": 0.05919954524064385}, "datetime": {"datetime": "2021-09-29 08:40:10", "elapsed": 133.501484, "delta": 0.964709}}
{"target": -36.13355864068829, "params": {"C": 29791.1821573706, "gamma": 0.06316929231561154}, "datetime": {"datetime": "2021-09-29 08:40:11", "elapsed": 134.382486, "delta": 0.881002}}
{"target": -34.4882091244691, "params": {"C": 26913.682251251874, "gamma": 0.01814558305771082}, "datetime": {"datetime": "2021-09-29 08:40:12", "elapsed": 135.295668, "delta": 0.913182}}
{"target": -36.6386455156662, "params": {"C": 29882.803845219, "gamma": 0.07589804894440152}, "datetime": {"datetime": "2021-09-29 08:40:13", "elapsed": 136.220266, "delta": 0.924598}}
{"target": -36.51949913601909, "params": {"C": 29122.366131730316, "gamma": 0.073735421358459}, "datetime": {"datetime": "2021-09-29 08:40:14", "elapsed": 137.155268, "delta": 0.935002}}
{"target": -34.670093234053496, "params": {"C": 27053.356498694906, "gamma": 0.029329214100621386}, "datetime": {"datetime": "2021-09-29 08:40:15", "elapsed": 138.07852, "delta": 0.923252}}
{"target": -34.49079661705163, "params": {"C": 28748.988511835618, "gamma": 0.01889795922924715}, "datetime": {"datetime": "2021-09-29 08:40:16", "elapsed": 138.96352, "delta": 0.885}}
{"target": -35.767494691138836, "params": {"C": 27037.791796237518, "gamma": 0.05716725943143977}, "datetime": {"datetime": "2021-09-29 08:40:17", "elapsed": 140.041669, "delta": 1.078149}}
{"target": -34.527054803831305, "params": {"C": 25869.239755400093, "gamma": 0.02169780479626763}, "datetime": {"datetime": "2021-09-29 08:40:18", "elapsed": 140.937278, "delta": 0.895609}}
{"target": -35.58137385939394, "params": {"C": 26287.271644735112, "gamma": 0.007469249644462619}, "datetime": {"datetime": "2021-09-29 08:40:19", "elapsed": 141.936458, "delta": 0.99918}}
{"target": -34.988551975186866, "params": {"C": 26567.063491336332, "gamma": 0.039561322671944475}, "datetime": {"datetime": "2021-09-29 08:40:20", "elapsed": 142.920459, "delta": 0.984001}}
{"target": -34.709006604645346, "params": {"C": 27704.965654243293, "gamma": 0.03060599278263082}, "datetime": {"datetime": "2021-09-29 08:40:20", "elapsed": 143.819179, "delta": 0.89872}}
{"target": -36.195150766568496, "params": {"C": 28982.695337234916, "gamma": 0.06570085987097486}, "datetime": {"datetime": "2021-09-29 08:40:21", "elapsed": 144.73218, "delta": 0.913001}}
{"target": -34.93658704683847, "params": {"C": 25049.719765829468, "gamma": 0.03919773047075062}, "datetime": {"datetime": "2021-09-29 08:40:22", "elapsed": 145.676039, "delta": 0.943859}}
{"target": -36.45916898759772, "params": {"C": 29056.673171036924, "gamma": 0.0722526301643557}, "datetime": {"datetime": "2021-09-29 08:40:24", "elapsed": 146.916636, "delta": 1.240597}}
{"target": -36.11537350275455, "params": {"C": 29639.696576848477, "gamma": 0.06286405193811949}, "datetime": {"datetime": "2021-09-29 08:40:25", "elapsed": 147.947825, "delta": 1.031189}}
{"target": -36.33887672597337, "params": {"C": 29651.220994485608, "gamma": 0.06852602095755195}, "datetime": {"datetime": "2021-09-29 08:40:26", "elapsed": 149.320234, "delta": 1.372409}}
{"target": -34.542732910850795, "params": {"C": 26880.646857367796, "gamma": 0.022864629562096114}, "datetime": {"datetime": "2021-09-29 08:40:27", "elapsed": 150.819513, "delta": 1.499279}}
{"target": -34.5229419867409, "params": {"C": 26697.82138691419, "gamma": 0.02143096883029656}, "datetime": {"datetime": "2021-09-29 08:40:29", "elapsed": 152.086712, "delta": 1.267199}}
{"target": -35.05118935602329, "params": {"C": 25517.742434557866, "gamma": 0.041960619178932436}, "datetime": {"datetime": "2021-09-29 08:40:30", "elapsed": 153.086718, "delta": 1.000006}}
{"target": -34.94593483115413, "params": {"C": 26228.28595256071, "gamma": 0.03867117726650462}, "datetime": {"datetime": "2021-09-29 08:40:31", "elapsed": 154.43922, "delta": 1.352502}}
{"target": -35.882334704521675, "params": {"C": 26444.38302417414, "gamma": 0.06070332044034016}, "datetime": {"datetime": "2021-09-29 08:40:32", "elapsed": 155.418526, "delta": 0.979306}}
{"target": -34.836683712407094, "params": {"C": 27730.03818389417, "gamma": 0.0350330828651581}, "datetime": {"datetime": "2021-09-29 08:40:33", "elapsed": 156.486126, "delta": 1.0676}}
{"target": -36.618956497862456, "params": {"C": 29519.60942209322, "gamma": 0.07587115812232983}, "datetime": {"datetime": "2021-09-29 08:40:34", "elapsed": 157.727305, "delta": 1.241179}}
{"target": -36.154076643572594, "params": {"C": 25270.5897876335, "gamma": 0.06947608708886233}, "datetime": {"datetime": "2021-09-29 08:40:36", "elapsed": 159.102302, "delta": 1.374997}}
{"target": -35.64130109516348, "params": {"C": 26886.83368334318, "gamma": 0.0071249256149967365}, "datetime": {"datetime": "2021-09-29 08:40:37", "elapsed": 160.177809, "delta": 1.075507}}
{"target": -34.78852439695848, "params": {"C": 28561.67801379841, "gamma": 0.03316477164663843}, "datetime": {"datetime": "2021-09-29 08:40:38", "elapsed": 161.215462, "delta": 1.037653}}
{"target": -34.69250297494867, "params": {"C": 25547.72037206404, "gamma": 0.014181000226115958}, "datetime": {"datetime": "2021-09-29 08:40:39", "elapsed": 162.331433, "delta": 1.115971}}
{"target": -35.84614786009334, "params": {"C": 26973.48284872766, "gamma": 0.05914087474929255}, "datetime": {"datetime": "2021-09-29 08:40:40", "elapsed": 163.661765, "delta": 1.330332}}
{"target": -35.52426340732046, "params": {"C": 27971.220534661177, "gamma": 0.050615911041410465}, "datetime": {"datetime": "2021-09-29 08:40:41", "elapsed": 164.711769, "delta": 1.050004}}
{"target": -34.84050024593955, "params": {"C": 26620.140809168963, "gamma": 0.0356885687759616}, "datetime": {"datetime": "2021-09-29 08:40:42", "elapsed": 165.813106, "delta": 1.101337}}
{"target": -34.81704420380602, "params": {"C": 29532.6341143742, "gamma": 0.012278492208859713}, "datetime": {"datetime": "2021-09-29 08:40:44", "elapsed": 166.930108, "delta": 1.117002}}
{"target": -36.51116531323301, "params": {"C": 28504.52823987494, "gamma": 0.07438547064892498}, "datetime": {"datetime": "2021-09-29 08:40:45", "elapsed": 168.088254, "delta": 1.158146}}
{"target": -34.715288482925324, "params": {"C": 28898.45919067797, "gamma": 0.013438088413466855}, "datetime": {"datetime": "2021-09-29 08:40:46", "elapsed": 169.161252, "delta": 1.072998}}
{"target": -35.7710646324221, "params": {"C": 28708.84079136513, "gamma": 0.055475859574753456}, "datetime": {"datetime": "2021-09-29 08:40:47", "elapsed": 170.589116, "delta": 1.427864}}
{"target": -35.72172146860754, "params": {"C": 28748.14600094544, "gamma": 0.006626811268599542}, "datetime": {"datetime": "2021-09-29 08:40:48", "elapsed": 171.869132, "delta": 1.280016}}
{"target": -35.8293495358853, "params": {"C": 28124.61060760287, "gamma": 0.05742672953488737}, "datetime": {"datetime": "2021-09-29 08:40:50", "elapsed": 172.962132, "delta": 1.093}}
{"target": -35.927754149947496, "params": {"C": 28272.526076766393, "gamma": 0.05964225024313507}, "datetime": {"datetime": "2021-09-29 08:40:51", "elapsed": 174.002845, "delta": 1.040713}}
{"target": -35.018133656616186, "params": {"C": 28155.332065665378, "gamma": 0.03932239590243249}, "datetime": {"datetime": "2021-09-29 08:40:52", "elapsed": 175.403845, "delta": 1.401}}
{"target": -34.508746755297054, "params": {"C": 29290.008062169014, "gamma": 0.02048988607910124}, "datetime": {"datetime": "2021-09-29 08:40:53", "elapsed": 176.430152, "delta": 1.026307}}
{"target": -35.88297589373778, "params": {"C": 26974.049104015023, "gamma": 0.060061728000194874}, "datetime": {"datetime": "2021-09-29 08:40:54", "elapsed": 177.549596, "delta": 1.119444}}
{"target": -34.78985004717801, "params": {"C": 28741.649857812477, "gamma": 0.033150097104101016}, "datetime": {"datetime": "2021-09-29 08:40:56", "elapsed": 179.092595, "delta": 1.542999}}
{"target": -35.87608031439878, "params": {"C": 26753.997156427686, "gamma": 0.005981525419016904}, "datetime": {"datetime": "2021-09-29 08:40:57", "elapsed": 180.736725, "delta": 1.64413}}
{"target": -36.34558884895229, "params": {"C": 25689.932931735348, "gamma": 0.003916310864893623}, "datetime": {"datetime": "2021-09-29 08:40:58", "elapsed": 181.844726, "delta": 1.108001}}
{"target": -35.572849442192165, "params": {"C": 25680.402007619698, "gamma": 0.05397799287584345}, "datetime": {"datetime": "2021-09-29 08:41:00", "elapsed": 183.005727, "delta": 1.161001}}
{"target": -35.66948531226457, "params": {"C": 27084.53073263418, "gamma": 0.00697261543141396}, "datetime": {"datetime": "2021-09-29 08:41:01", "elapsed": 184.047076, "delta": 1.041349}}
{"target": -34.76161561277388, "params": {"C": 29225.54748359533, "gamma": 0.012865110076049072}, "datetime": {"datetime": "2021-09-29 08:41:02", "elapsed": 185.163077, "delta": 1.116001}}
{"target": -34.51280457282456, "params": {"C": 26893.56467896873, "gamma": 0.020641212851476395}, "datetime": {"datetime": "2021-09-29 08:41:03", "elapsed": 186.219958, "delta": 1.056881}}
{"target": -35.89289816181386, "params": {"C": 26495.086269472686, "gamma": 0.06091216327932252}, "datetime": {"datetime": "2021-09-29 08:41:04", "elapsed": 187.771186, "delta": 1.551228}}
{"target": -36.521103404370066, "params": {"C": 28991.76494479228, "gamma": 0.07396011702373118}, "datetime": {"datetime": "2021-09-29 08:41:05", "elapsed": 188.822187, "delta": 1.051001}}
{"target": -35.56147436281374, "params": {"C": 26630.843073396016, "gamma": 0.05272512225162715}, "datetime": {"datetime": "2021-09-29 08:41:07", "elapsed": 189.937826, "delta": 1.115639}}
{"target": -35.10718921709268, "params": {"C": 26483.838678726606, "gamma": 0.04272780567559614}, "datetime": {"datetime": "2021-09-29 08:41:08", "elapsed": 191.044029, "delta": 1.106203}}
{"target": -34.96401295622647, "params": {"C": 26403.07240914104, "gamma": 0.011337082663744755}, "datetime": {"datetime": "2021-09-29 08:41:09", "elapsed": 192.129156, "delta": 1.085127}}
{"target": -36.481929824842524, "params": {"C": 27077.009601507205, "gamma": 0.07572064000310141}, "datetime": {"datetime": "2021-09-29 08:41:10", "elapsed": 193.5808, "delta": 1.451644}}
{"target": -34.64738154865106, "params": {"C": 28134.84181516901, "gamma": 0.02816436481978207}, "datetime": {"datetime": "2021-09-29 08:41:11", "elapsed": 194.726798, "delta": 1.145998}}
{"target": -34.60192431759771, "params": {"C": 26576.130383451353, "gamma": 0.026427691743471995}, "datetime": {"datetime": "2021-09-29 08:41:13", "elapsed": 195.940099, "delta": 1.213301}}
{"target": -36.35344566659881, "params": {"C": 26984.42775021546, "gamma": 0.0724177691134963}, "datetime": {"datetime": "2021-09-29 08:41:14", "elapsed": 197.812365, "delta": 1.872266}}
{"target": -34.84238867141103, "params": {"C": 29365.7127876544, "gamma": 0.01206911742293459}, "datetime": {"datetime": "2021-09-29 08:41:16", "elapsed": 199.049363, "delta": 1.236998}}
{"target": -36.29800348040424, "params": {"C": 26881.998300705363, "gamma": 0.07106456663841582}, "datetime": {"datetime": "2021-09-29 08:41:17", "elapsed": 200.283552, "delta": 1.234189}}
{"target": -35.706809363596825, "params": {"C": 27492.55424960179, "gamma": 0.05527964175534699}, "datetime": {"datetime": "2021-09-29 08:41:18", "elapsed": 201.636548, "delta": 1.352996}}
{"target": -34.529558385511784, "params": {"C": 29496.62844718965, "gamma": 0.022019790200984417}, "datetime": {"datetime": "2021-09-29 08:41:19", "elapsed": 202.868545, "delta": 1.231997}}
{"target": -34.91422031491957, "params": {"C": 29342.985517414716, "gamma": 0.01143786221336118}, "datetime": {"datetime": "2021-09-29 08:41:21", "elapsed": 204.191833, "delta": 1.323288}}
{"target": -34.58746155472802, "params": {"C": 29088.118065946604, "gamma": 0.02547633631980538}, "datetime": {"datetime": "2021-09-29 08:41:22", "elapsed": 205.602508, "delta": 1.410675}}
{"target": -34.648633912852, "params": {"C": 26984.360503299224, "gamma": 0.028511877152096545}, "datetime": {"datetime": "2021-09-29 08:41:24", "elapsed": 207.371151, "delta": 1.768643}}
{"target": -34.67509566174758, "params": {"C": 26323.905315257103, "gamma": 0.029732167485274005}, "datetime": {"datetime": "2021-09-29 08:41:25", "elapsed": 208.818889, "delta": 1.447738}}
{"target": -35.696152518254834, "params": {"C": 26323.861175066086, "gamma": 0.05629431981504784}, "datetime": {"datetime": "2021-09-29 08:41:27", "elapsed": 210.137051, "delta": 1.318162}}
{"target": -34.914213315580334, "params": {"C": 25417.290768218554, "gamma": 0.038364474011370206}, "datetime": {"datetime": "2021-09-29 08:41:28", "elapsed": 211.321649, "delta": 1.184598}}
{"target": -35.530828243050266, "params": {"C": 28749.01403395018, "gamma": 0.05007600608844385}, "datetime": {"datetime": "2021-09-29 08:41:29", "elapsed": 212.713863, "delta": 1.392214}}
{"target": -34.680910402903045, "params": {"C": 29668.78672957061, "gamma": 0.013744450370436742}, "datetime": {"datetime": "2021-09-29 08:41:30", "elapsed": 213.828226, "delta": 1.114363}}
{"target": -35.58063778584481, "params": {"C": 26998.626869236577, "gamma": 0.05280476545986156}, "datetime": {"datetime": "2021-09-29 08:41:32", "elapsed": 215.173223, "delta": 1.344997}}
{"target": -34.74321085099213, "params": {"C": 25441.723282798055, "gamma": 0.03261382840728585}, "datetime": {"datetime": "2021-09-29 08:41:33", "elapsed": 216.254578, "delta": 1.081355}}
{"target": -34.98322872977948, "params": {"C": 29049.06630048919, "gamma": 0.03792739738365325}, "datetime": {"datetime": "2021-09-29 08:41:34", "elapsed": 217.418578, "delta": 1.164}}
{"target": -34.600690699540884, "params": {"C": 29367.10196578497, "gamma": 0.026040059565573998}, "datetime": {"datetime": "2021-09-29 08:41:35", "elapsed": 218.75601, "delta": 1.337432}}
