{"target": -35.19790271443645, "params": {"C": 6789.410390030732, "gamma": 0.07537382105408261}, "datetime": {"datetime": "2021-09-28 17:25:17", "elapsed": 182.598728, "delta": 2.873776}}
{"target": -35.02592975371099, "params": {"C": 6574.025630979032, "gamma": 0.06855773530148718}, "datetime": {"datetime": "2021-09-28 17:25:18", "elapsed": 184.004351, "delta": 1.405623}}
{"target": -36.33100946102749, "params": {"C": 6294.8048272892365, "gamma": 0.14168559548641127}, "datetime": {"datetime": "2021-09-28 17:25:19", "elapsed": 185.146477, "delta": 1.142126}}
{"target": -34.65698299771993, "params": {"C": 5902.207770616902, "gamma": 0.04862479595546556}, "datetime": {"datetime": "2021-09-28 17:25:20", "elapsed": 186.217963, "delta": 1.071486}}
{"target": -36.367836769380204, "params": {"C": 6101.261000917997, "gamma": 0.14554137153171193}, "datetime": {"datetime": "2021-09-28 17:25:21", "elapsed": 187.277589, "delta": 1.059626}}
{"target": -34.50341244972476, "params": {"C": 6574.005506726051, "gamma": 0.03579842442019305}, "datetime": {"datetime": "2021-09-28 17:25:23", "elapsed": 188.580956, "delta": 1.303367}}
{"target": -34.52315908908096, "params": {"C": 6728.938303192298, "gamma": 0.03855854385204322}, "datetime": {"datetime": "2021-09-28 17:25:24", "elapsed": 189.895204, "delta": 1.314248}}
{"target": -34.508630857576264, "params": {"C": 6457.7803494592445, "gamma": 0.027655084700896962}, "datetime": {"datetime": "2021-09-28 17:25:25", "elapsed": 191.046201, "delta": 1.150997}}
{"target": -34.91312097900646, "params": {"C": 6069.681850455884, "gamma": 0.06482636663608238}, "datetime": {"datetime": "2021-09-28 17:25:27", "elapsed": 192.476669, "delta": 1.430468}}
{"target": -36.27460703573822, "params": {"C": 6488.951843593876, "gamma": 0.0074044557396017174}, "datetime": {"datetime": "2021-09-28 17:25:28", "elapsed": 194.112481, "delta": 1.635812}}
{"target": -36.52001004753828, "params": {"C": 6124.7268371334385, "gamma": 0.1574805951463051}, "datetime": {"datetime": "2021-09-28 17:25:29", "elapsed": 195.262624, "delta": 1.150143}}
{"target": -34.50816937847442, "params": {"C": 5975.189831011526, "gamma": 0.03310770384366445}, "datetime": {"datetime": "2021-09-28 17:25:31", "elapsed": 197.22948, "delta": 1.966856}}
{"target": -34.512807165941965, "params": {"C": 5872.47996445646, "gamma": 0.03231369267606263}, "datetime": {"datetime": "2021-09-28 17:25:33", "elapsed": 198.961255, "delta": 1.731775}}
{"target": -35.092469110295646, "params": {"C": 5994.021684397134, "gamma": 0.0731450254058043}, "datetime": {"datetime": "2021-09-28 17:25:35", "elapsed": 200.636332, "delta": 1.675077}}
{"target": -35.32876619813136, "params": {"C": 6221.969630346593, "gamma": 0.0832280473598204}, "datetime": {"datetime": "2021-09-28 17:25:36", "elapsed": 201.691436, "delta": 1.055104}}
{"target": -35.23962750429763, "params": {"C": 5872.482572806623, "gamma": 0.08023708365022897}, "datetime": {"datetime": "2021-09-28 17:25:37", "elapsed": 203.3049, "delta": 1.613464}}
{"target": -36.48227664731166, "params": {"C": 6441.097491526343, "gamma": 0.006375527394925967}, "datetime": {"datetime": "2021-09-28 17:25:38", "elapsed": 204.375689, "delta": 1.070789}}
{"target": -34.52398858128838, "params": {"C": 6493.649862748265, "gamma": 0.026512409049632132}, "datetime": {"datetime": "2021-09-28 17:25:40", "elapsed": 205.439025, "delta": 1.063336}}
{"target": -35.03840208825916, "params": {"C": 6392.151919473836, "gamma": 0.06969712885221684}, "datetime": {"datetime": "2021-09-28 17:25:41", "elapsed": 207.085248, "delta": 1.646223}}
{"target": -34.87051056814837, "params": {"C": 6582.5854087336775, "gamma": 0.06149928793771106}, "datetime": {"datetime": "2021-09-28 17:25:43", "elapsed": 208.949672, "delta": 1.864424}}
{"target": -35.528933278657284, "params": {"C": 6096.3866118720625, "gamma": 0.0933921587766669}, "datetime": {"datetime": "2021-09-28 17:25:44", "elapsed": 210.173557, "delta": 1.223885}}
{"target": -34.5700497023713, "params": {"C": 6680.233539605207, "gamma": 0.02348384500633882}, "datetime": {"datetime": "2021-09-28 17:25:45", "elapsed": 211.355676, "delta": 1.182119}}
{"target": -35.417108564197584, "params": {"C": 5901.658057954929, "gamma": 0.013316352008110217}, "datetime": {"datetime": "2021-09-28 17:25:47", "elapsed": 212.997176, "delta": 1.6415}}
{"target": -34.73615011818621, "params": {"C": 6489.111947162943, "gamma": 0.019022735425897535}, "datetime": {"datetime": "2021-09-28 17:25:49", "elapsed": 214.686199, "delta": 1.689023}}
{"target": -36.438392705881725, "params": {"C": 6841.000462886927, "gamma": 0.1461178312588348}, "datetime": {"datetime": "2021-09-28 17:25:50", "elapsed": 215.966077, "delta": 1.279878}}
{"target": -35.026489357280965, "params": {"C": 5975.163191730809, "gamma": 0.07024509538064994}, "datetime": {"datetime": "2021-09-28 17:25:52", "elapsed": 217.863871, "delta": 1.897794}}
{"target": -34.55102749593389, "params": {"C": 6233.906878257296, "gamma": 0.02599016852692251}, "datetime": {"datetime": "2021-09-28 17:25:54", "elapsed": 219.559481, "delta": 1.69561}}
{"target": -35.46040907738981, "params": {"C": 5908.971215691848, "gamma": 0.0907117041302191}, "datetime": {"datetime": "2021-09-28 17:25:55", "elapsed": 221.402658, "delta": 1.843177}}
{"target": -34.9184855136943, "params": {"C": 5901.754161857817, "gamma": 0.0653921318987383}, "datetime": {"datetime": "2021-09-28 17:25:57", "elapsed": 223.007518, "delta": 1.60486}}
{"target": -34.60259966532049, "params": {"C": 6129.254406914787, "gamma": 0.04461831094772222}, "datetime": {"datetime": "2021-09-28 17:25:58", "elapsed": 224.282204, "delta": 1.274686}}
{"target": -34.96494170115898, "params": {"C": 6680.2458560320765, "gamma": 0.06559622882689473}, "datetime": {"datetime": "2021-09-28 17:26:01", "elapsed": 226.445098, "delta": 2.162894}}
{"target": -35.13116210365736, "params": {"C": 5909.038118855717, "gamma": 0.01539685860419741}, "datetime": {"datetime": "2021-09-28 17:26:03", "elapsed": 228.453455, "delta": 2.008357}}
{"target": -34.88142979946719, "params": {"C": 6493.633421457005, "gamma": 0.06230351420747662}, "datetime": {"datetime": "2021-09-28 17:26:04", "elapsed": 230.159384, "delta": 1.705929}}
{"target": -35.2251434852921, "params": {"C": 6277.249586737078, "gamma": 0.0782914837798417}, "datetime": {"datetime": "2021-09-28 17:26:06", "elapsed": 231.430715, "delta": 1.271331}}
{"target": -36.1969227093471, "params": {"C": 6233.846800107584, "gamma": 0.008025371086588302}, "datetime": {"datetime": "2021-09-28 17:26:07", "elapsed": 233.329155, "delta": 1.89844}}
{"target": -34.66891020801267, "params": {"C": 5993.944061426903, "gamma": 0.021533995323909778}, "datetime": {"datetime": "2021-09-28 17:26:10", "elapsed": 235.549129, "delta": 2.219974}}
{"target": -34.71256923455343, "params": {"C": 6825.802800494648, "gamma": 0.051908905472892}, "datetime": {"datetime": "2021-09-28 17:26:11", "elapsed": 237.159863, "delta": 1.610734}}
{"target": -34.49981648119199, "params": {"C": 6151.162474578241, "gamma": 0.030446631888049386}, "datetime": {"datetime": "2021-09-28 17:26:13", "elapsed": 239.025401, "delta": 1.865538}}
{"target": -36.16320742611858, "params": {"C": 6327.822388755086, "gamma": 0.13011413542464806}, "datetime": {"datetime": "2021-09-28 17:26:14", "elapsed": 240.397822, "delta": 1.372421}}
{"target": -36.509205027616325, "params": {"C": 6680.140304222254, "gamma": 0.00611354728204851}, "datetime": {"datetime": "2021-09-28 17:26:16", "elapsed": 241.984566, "delta": 1.586744}}
{"target": -35.040372404612626, "params": {"C": 6233.918547358088, "gamma": 0.07018619524547912}, "datetime": {"datetime": "2021-09-28 17:26:18", "elapsed": 244.377445, "delta": 2.392879}}
{"target": -35.52203720274343, "params": {"C": 6417.603762262882, "gamma": 0.012043921668376414}, "datetime": {"datetime": "2021-09-28 17:26:21", "elapsed": 246.69123, "delta": 2.313785}}
{"target": -34.75107861157552, "params": {"C": 6682.039993060836, "gamma": 0.054423623829883264}, "datetime": {"datetime": "2021-09-28 17:26:22", "elapsed": 248.03622, "delta": 1.34499}}
{"target": -34.909639084071074, "params": {"C": 6825.746746263184, "gamma": 0.06282578237151598}, "datetime": {"datetime": "2021-09-28 17:26:24", "elapsed": 250.20912, "delta": 2.1729}}
{"target": -35.75401216003392, "params": {"C": 5939.7242730181715, "gamma": 0.011011894199912348}, "datetime": {"datetime": "2021-09-28 17:26:26", "elapsed": 252.006513, "delta": 1.797393}}
{"target": -36.36360489539868, "params": {"C": 5872.502083915113, "gamma": 0.00733625854567427}, "datetime": {"datetime": "2021-09-28 17:26:28", "elapsed": 253.958632, "delta": 1.952119}}
{"target": -34.483493122155195, "params": {"C": 6680.071742974113, "gamma": 0.03341179677424094}, "datetime": {"datetime": "2021-09-28 17:26:30", "elapsed": 256.217853, "delta": 2.259221}}
{"target": -35.04587250407339, "params": {"C": 6680.196227226331, "gamma": 0.06907973868779829}, "datetime": {"datetime": "2021-09-28 17:26:33", "elapsed": 259.134757, "delta": 2.916904}}
{"target": -34.6991856134417, "params": {"C": 6574.062344369318, "gamma": 0.05147168627066186}, "datetime": {"datetime": "2021-09-28 17:26:36", "elapsed": 261.95761, "delta": 2.822853}}
{"target": -36.420298938402816, "params": {"C": 6849.861613625815, "gamma": 0.1447254717688035}, "datetime": {"datetime": "2021-09-28 17:26:37", "elapsed": 263.300834, "delta": 1.343224}}
{"target": -34.637172391116344, "params": {"C": 6680.278930117493, "gamma": 0.020892223123828716}, "datetime": {"datetime": "2021-09-28 17:26:39", "elapsed": 265.075613, "delta": 1.774779}}
{"target": -35.301465605776144, "params": {"C": 5872.535984969914, "gamma": 0.0831404707886376}, "datetime": {"datetime": "2021-09-28 17:26:41", "elapsed": 267.227335, "delta": 2.151722}}
{"target": -34.9820909365603, "params": {"C": 6151.200975323044, "gamma": 0.016444316749414285}, "datetime": {"datetime": "2021-09-28 17:26:43", "elapsed": 268.999525, "delta": 1.77219}}
{"target": -36.710780650474746, "params": {"C": 6796.396659390183, "gamma": 0.0051029126381353295}, "datetime": {"datetime": "2021-09-28 17:26:45", "elapsed": 271.285712, "delta": 2.286187}}
{"target": -36.02983262935855, "params": {"C": 6974.366304546253, "gamma": 0.1173772954455072}, "datetime": {"datetime": "2021-09-28 17:26:47", "elapsed": 272.649989, "delta": 1.364277}}
{"target": -34.77959306647113, "params": {"C": 6680.082790315197, "gamma": 0.05611937793268184}, "datetime": {"datetime": "2021-09-28 17:26:49", "elapsed": 274.539391, "delta": 1.889402}}
{"target": -36.41478457106528, "params": {"C": 6388.715730538217, "gamma": 0.1471851116754692}, "datetime": {"datetime": "2021-09-28 17:26:50", "elapsed": 276.004221, "delta": 1.46483}}
{"target": -34.958321794111214, "params": {"C": 6728.919811878926, "gamma": 0.06516803107900555}, "datetime": {"datetime": "2021-09-28 17:26:52", "elapsed": 277.748699, "delta": 1.744478}}
{"target": -34.8735453667996, "params": {"C": 5954.4740394377895, "gamma": 0.06265770438761982}, "datetime": {"datetime": "2021-09-28 17:26:54", "elapsed": 279.490854, "delta": 1.742155}}
{"target": -34.75034556767207, "params": {"C": 6378.550358580286, "gamma": 0.054807121829861416}, "datetime": {"datetime": "2021-09-28 17:26:55", "elapsed": 280.911601, "delta": 1.420747}}
{"target": -35.85271437117986, "params": {"C": 6286.631235571389, "gamma": 0.010077528615609316}, "datetime": {"datetime": "2021-09-28 17:26:57", "elapsed": 282.430418, "delta": 1.518817}}
{"target": -34.78238293052371, "params": {"C": 6503.483194111768, "gamma": 0.05658514003343376}, "datetime": {"datetime": "2021-09-28 17:26:59", "elapsed": 284.865436, "delta": 2.435018}}
{"target": -34.57241319206107, "params": {"C": 6129.221545735324, "gamma": 0.04191377978607816}, "datetime": {"datetime": "2021-09-28 17:27:01", "elapsed": 286.847359, "delta": 1.981923}}
{"target": -34.71828068692305, "params": {"C": 6680.130773332849, "gamma": 0.0524662890019808}, "datetime": {"datetime": "2021-09-28 17:27:03", "elapsed": 288.895101, "delta": 2.047742}}
{"target": -34.56357601006753, "params": {"C": 5872.447645654602, "gamma": 0.04032804738556428}, "datetime": {"datetime": "2021-09-28 17:27:05", "elapsed": 290.880736, "delta": 1.985635}}
{"target": -34.59645623853939, "params": {"C": 6050.7340637900625, "gamma": 0.04391962598857844}, "datetime": {"datetime": "2021-09-28 17:27:06", "elapsed": 292.348865, "delta": 1.468129}}
{"target": -35.02042816547453, "params": {"C": 6796.3907237024705, "gamma": 0.06761656166343984}, "datetime": {"datetime": "2021-09-28 17:27:08", "elapsed": 294.050325, "delta": 1.70146}}
{"target": -35.18527208662771, "params": {"C": 5901.694630514538, "gamma": 0.07763006896698252}, "datetime": {"datetime": "2021-09-28 17:27:10", "elapsed": 295.863208, "delta": 1.812883}}
{"target": -34.81299698149756, "params": {"C": 6520.070669691375, "gamma": 0.058377956140164694}, "datetime": {"datetime": "2021-09-28 17:27:11", "elapsed": 297.335208, "delta": 1.472}}
{"target": -35.66375469363918, "params": {"C": 6392.177920729303, "gamma": 0.0111625414173195}, "datetime": {"datetime": "2021-09-28 17:27:13", "elapsed": 299.306822, "delta": 1.971614}}
{"target": -34.77641650133118, "params": {"C": 6151.183724634831, "gamma": 0.05655077866778986}, "datetime": {"datetime": "2021-09-28 17:27:15", "elapsed": 301.269582, "delta": 1.96276}}
{"target": -36.30824162154362, "params": {"C": 6825.8132439377805, "gamma": 0.007023463407439045}, "datetime": {"datetime": "2021-09-28 17:27:18", "elapsed": 303.63732, "delta": 2.367738}}
{"target": -34.84262007902869, "params": {"C": 6457.835669537016, "gamma": 0.06025302417082603}, "datetime": {"datetime": "2021-09-28 17:27:20", "elapsed": 305.638809, "delta": 2.001489}}
{"target": -36.3521531279552, "params": {"C": 6474.749256032797, "gamma": 0.14208547195923038}, "datetime": {"datetime": "2021-09-28 17:27:21", "elapsed": 307.00195, "delta": 1.363141}}
{"target": -34.61438203713769, "params": {"C": 6220.066181128126, "gamma": 0.045776469845415176}, "datetime": {"datetime": "2021-09-28 17:27:23", "elapsed": 308.450048, "delta": 1.448098}}
{"target": -34.769127921666325, "params": {"C": 6169.82202994044, "gamma": 0.056087088988982896}, "datetime": {"datetime": "2021-09-28 17:27:25", "elapsed": 310.481818, "delta": 2.03177}}
{"target": -35.03605328545538, "params": {"C": 5939.681280633173, "gamma": 0.07076608371371018}, "datetime": {"datetime": "2021-09-28 17:27:27", "elapsed": 312.436999, "delta": 1.955181}}
{"target": -36.18986367496718, "params": {"C": 6540.878171312392, "gamma": 0.13078971209945922}, "datetime": {"datetime": "2021-09-28 17:27:28", "elapsed": 313.910327, "delta": 1.473328}}
{"target": -34.94612950137261, "params": {"C": 6529.094145489856, "gamma": 0.06524613518593379}, "datetime": {"datetime": "2021-09-28 17:27:30", "elapsed": 316.011752, "delta": 2.101425}}
{"target": -35.99386002607294, "params": {"C": 6840.62812488956, "gamma": 0.11581173114435897}, "datetime": {"datetime": "2021-09-28 17:27:32", "elapsed": 317.426209, "delta": 1.414457}}
{"target": -34.58999789843546, "params": {"C": 6169.835370417404, "gamma": 0.024217204032246652}, "datetime": {"datetime": "2021-09-28 17:27:34", "elapsed": 319.5307, "delta": 2.104491}}
{"target": -34.82433928389502, "params": {"C": 6493.672593153016, "gamma": 0.05909978590911015}, "datetime": {"datetime": "2021-09-28 17:27:35", "elapsed": 321.196883, "delta": 1.666183}}
{"target": -34.531199544316074, "params": {"C": 6050.700096932351, "gamma": 0.03731794282619502}, "datetime": {"datetime": "2021-09-28 17:27:37", "elapsed": 322.9371, "delta": 1.740217}}
{"target": -34.928826635855984, "params": {"C": 5945.227913293389, "gamma": 0.01731142951552614}, "datetime": {"datetime": "2021-09-28 17:27:39", "elapsed": 325.24067, "delta": 2.30357}}
{"target": -36.369629688489766, "params": {"C": 6069.673316254617, "gamma": 0.007168442152430102}, "datetime": {"datetime": "2021-09-28 17:27:42", "elapsed": 327.524912, "delta": 2.284242}}
{"target": -35.061086824555375, "params": {"C": 6050.713357289168, "gamma": 0.015788552879572836}, "datetime": {"datetime": "2021-09-28 17:27:44", "elapsed": 330.171287, "delta": 2.646375}}
{"target": -34.6126222589273, "params": {"C": 5872.572000542556, "gamma": 0.04493803338608232}, "datetime": {"datetime": "2021-09-28 17:27:46", "elapsed": 332.174952, "delta": 2.003665}}
{"target": -35.86185094232155, "params": {"C": 6824.191051641189, "gamma": 0.10797283440882673}, "datetime": {"datetime": "2021-09-28 17:27:48", "elapsed": 333.643991, "delta": 1.469039}}
{"target": -34.69177251331807, "params": {"C": 6164.3279014573645, "gamma": 0.020460927512005157}, "datetime": {"datetime": "2021-09-28 17:27:49", "elapsed": 335.119474, "delta": 1.475483}}
{"target": -36.4118357726538, "params": {"C": 6418.2294917223435, "gamma": 0.14677451245770035}, "datetime": {"datetime": "2021-09-28 17:27:51", "elapsed": 336.633363, "delta": 1.513889}}
{"target": -34.577592226793016, "params": {"C": 6680.092428501238, "gamma": 0.02315285493762734}, "datetime": {"datetime": "2021-09-28 17:27:53", "elapsed": 339.011127, "delta": 2.377764}}
{"target": -34.75586589171213, "params": {"C": 6233.883562695447, "gamma": 0.05522613585052119}, "datetime": {"datetime": "2021-09-28 17:27:56", "elapsed": 341.520262, "delta": 2.509135}}
{"target": -34.543237198004555, "params": {"C": 6050.699882246413, "gamma": 0.03871567431725315}, "datetime": {"datetime": "2021-09-28 17:27:57", "elapsed": 342.927414, "delta": 1.407152}}
{"target": -34.84990111974916, "params": {"C": 5931.25413514763, "gamma": 0.061231778235057176}, "datetime": {"datetime": "2021-09-28 17:27:59", "elapsed": 344.479131, "delta": 1.551717}}
{"target": -35.70794431398813, "params": {"C": 6452.470779584271, "gamma": 0.01083198389236166}, "datetime": {"datetime": "2021-09-28 17:28:01", "elapsed": 346.964904, "delta": 2.485773}}
{"target": -35.150054598881276, "params": {"C": 6392.210387331514, "gamma": 0.07459538430035309}, "datetime": {"datetime": "2021-09-28 17:28:03", "elapsed": 349.049174, "delta": 2.08427}}
{"target": -34.57730601753637, "params": {"C": 6493.61097840007, "gamma": 0.02373414310389268}, "datetime": {"datetime": "2021-09-28 17:28:05", "elapsed": 350.916604, "delta": 1.86743}}
{"target": -35.67968150184371, "params": {"C": 6503.515099867114, "gamma": 0.010962946053186614}, "datetime": {"datetime": "2021-09-28 17:28:08", "elapsed": 353.839598, "delta": 2.922994}}
{"target": -36.51005289565454, "params": {"C": 5936.986667802562, "gamma": 0.1580267454425697}, "datetime": {"datetime": "2021-09-28 17:28:10", "elapsed": 355.407722, "delta": 1.568124}}
{"target": -34.98932415823411, "params": {"C": 5908.985837854658, "gamma": 0.016713223502735946}, "datetime": {"datetime": "2021-09-28 17:28:12", "elapsed": 357.985814, "delta": 2.578092}}
{"target": -36.344523514359, "params": {"C": 6938.550441218967, "gamma": 0.00676256514842463}, "datetime": {"datetime": "2021-09-28 17:28:14", "elapsed": 359.651257, "delta": 1.665443}}
{"target": -35.832739599077534, "params": {"C": 6215.1527654927895, "gamma": 0.10932003096180308}, "datetime": {"datetime": "2021-09-28 17:28:15", "elapsed": 361.170026, "delta": 1.518769}}
{"target": -36.15686922273571, "params": {"C": 5993.988704129419, "gamma": 0.008434167788534529}, "datetime": {"datetime": "2021-09-28 17:28:19", "elapsed": 364.609411, "delta": 3.439385}}
{"target": -34.63366486783763, "params": {"C": 5993.972105081859, "gamma": 0.04693632879612675}, "datetime": {"datetime": "2021-09-28 17:28:22", "elapsed": 367.511185, "delta": 2.901774}}
{"target": -34.64765740403846, "params": {"C": 6483.051108663407, "gamma": 0.021010940967573357}, "datetime": {"datetime": "2021-09-28 17:28:24", "elapsed": 370.054655, "delta": 2.54347}}
{"target": -35.29178633509131, "params": {"C": 6948.707117451304, "gamma": 0.07899502257173419}, "datetime": {"datetime": "2021-09-28 17:28:26", "elapsed": 371.622748, "delta": 1.568093}}
{"target": -34.84145096603387, "params": {"C": 6854.510453131737, "gamma": 0.01695741200253207}, "datetime": {"datetime": "2021-09-28 17:28:29", "elapsed": 374.467097, "delta": 2.844349}}
{"target": -36.05019121882613, "params": {"C": 6129.22772436704, "gamma": 0.008990007807702899}, "datetime": {"datetime": "2021-09-28 17:28:31", "elapsed": 377.257474, "delta": 2.790377}}
{"target": -36.26890652038765, "params": {"C": 6749.94348621281, "gamma": 0.13490380307050984}, "datetime": {"datetime": "2021-09-28 17:28:33", "elapsed": 378.98344, "delta": 1.725966}}
{"target": -35.04252691090978, "params": {"C": 6129.232692246937, "gamma": 0.07055302230848119}, "datetime": {"datetime": "2021-09-28 17:28:35", "elapsed": 381.135463, "delta": 2.152023}}
{"target": -34.5726258333081, "params": {"C": 5872.552157338726, "gamma": 0.026275422247595822}, "datetime": {"datetime": "2021-09-28 17:28:37", "elapsed": 383.32484, "delta": 2.189377}}
{"target": -35.44489325948279, "params": {"C": 6845.861419324338, "gamma": 0.01212616139383793}, "datetime": {"datetime": "2021-09-28 17:28:39", "elapsed": 384.966953, "delta": 1.642113}}
{"target": -34.48809975226341, "params": {"C": 6392.248723246401, "gamma": 0.032611456116055614}, "datetime": {"datetime": "2021-09-28 17:28:41", "elapsed": 387.168332, "delta": 2.201379}}
{"target": -34.99636744763026, "params": {"C": 6489.08996942329, "gamma": 0.06754603632536323}, "datetime": {"datetime": "2021-09-28 17:28:44", "elapsed": 389.540666, "delta": 2.372334}}
{"target": -35.159976180334, "params": {"C": 6220.05413008048, "gamma": 0.07552781172876559}, "datetime": {"datetime": "2021-09-28 17:28:46", "elapsed": 391.981378, "delta": 2.440712}}
{"target": -36.364175071722556, "params": {"C": 6226.536228682266, "gamma": 0.14447445786217103}, "datetime": {"datetime": "2021-09-28 17:28:48", "elapsed": 393.673862, "delta": 1.692484}}
{"target": -34.62581401883428, "params": {"C": 6582.621904352914, "gamma": 0.04664377273486561}, "datetime": {"datetime": "2021-09-28 17:28:50", "elapsed": 395.777906, "delta": 2.104044}}
