{"target": 0.1844891243717478, "params": {"C": 9037256.084757116, "gamma": 0.40788320438210635}, "datetime": {"datetime": "2021-10-04 11:16:33", "elapsed": 2.025503, "delta": 0.261624}}
{"target": -0.39049683757108533, "params": {"C": 7580461.077850305, "gamma": 0.16185397778869007}, "datetime": {"datetime": "2021-10-04 11:16:34", "elapsed": 2.233019, "delta": 0.207516}}
{"target": 0.2348210653015429, "params": {"C": 3616849.2997080795, "gamma": 0.5090727623534064}, "datetime": {"datetime": "2021-10-04 11:16:34", "elapsed": 2.505815, "delta": 0.272796}}
{"target": 0.2349279361255907, "params": {"C": 2873957.3457711837, "gamma": 0.7417900769265212}, "datetime": {"datetime": "2021-10-04 11:16:34", "elapsed": 2.748813, "delta": 0.242998}}
{"target": 0.18842298306056837, "params": {"C": 5955898.741886292, "gamma": 0.41086996744584253}, "datetime": {"datetime": "2021-10-04 11:16:34", "elapsed": 2.998856, "delta": 0.250043}}
{"target": 0.2104375400513845, "params": {"C": 1583611.3005601559, "gamma": 0.8838743539953811}, "datetime": {"datetime": "2021-10-04 11:16:35", "elapsed": 3.21936, "delta": 0.220504}}
{"target": -0.7306685211123327, "params": {"C": 8815346.376796037, "gamma": 0.08461948557198848}, "datetime": {"datetime": "2021-10-04 11:16:35", "elapsed": 3.449633, "delta": 0.230273}}
{"target": 0.24018429046438428, "params": {"C": 6816468.813556229, "gamma": 0.6978341401491167}, "datetime": {"datetime": "2021-10-04 11:16:35", "elapsed": 3.707629, "delta": 0.257996}}
{"target": 0.21104915634379706, "params": {"C": 3618124.986435533, "gamma": 0.8812902532597707}, "datetime": {"datetime": "2021-10-04 11:16:35", "elapsed": 3.945118, "delta": 0.237489}}
{"target": 0.12122213358463019, "params": {"C": 3618731.899820572, "gamma": 0.3352880925971514}, "datetime": {"datetime": "2021-10-04 11:16:36", "elapsed": 4.186061, "delta": 0.240943}}
{"target": 0.24562678200192722, "params": {"C": 2873373.0485860426, "gamma": 0.582791988395756}, "datetime": {"datetime": "2021-10-04 11:16:36", "elapsed": 4.518582, "delta": 0.332521}}
{"target": 0.1892673392153028, "params": {"C": 6815828.905824985, "gamma": 0.9974676495197549}, "datetime": {"datetime": "2021-10-04 11:16:36", "elapsed": 4.811732, "delta": 0.29315}}
{"target": -0.10600473957817202, "params": {"C": 6817009.088584794, "gamma": 0.2302521185330405}, "datetime": {"datetime": "2021-10-04 11:16:36", "elapsed": 5.068268, "delta": 0.256536}}
{"target": -0.416767222107274, "params": {"C": 3616243.8352764365, "gamma": 0.10481311946524416}, "datetime": {"datetime": "2021-10-04 11:16:37", "elapsed": 5.41581, "delta": 0.347542}}
{"target": -0.5306037246959341, "params": {"C": 5957671.179500035, "gamma": 0.11836351515767424}, "datetime": {"datetime": "2021-10-04 11:16:37", "elapsed": 5.739249, "delta": 0.323439}}
{"target": 0.22170929077540147, "params": {"C": 3617252.597687562, "gamma": 0.46784712152295166}, "datetime": {"datetime": "2021-10-04 11:16:37", "elapsed": 6.016434, "delta": 0.277185}}
{"target": 0.24721505820166956, "params": {"C": 1584396.250188679, "gamma": 0.6186701775401524}, "datetime": {"datetime": "2021-10-04 11:16:38", "elapsed": 6.350647, "delta": 0.334213}}
{"target": -0.08384681090960067, "params": {"C": 4004167.976313889, "gamma": 0.22790568898369518}, "datetime": {"datetime": "2021-10-04 11:16:38", "elapsed": 6.649643, "delta": 0.298996}}
{"target": 0.20988066464443378, "params": {"C": 1584826.447924109, "gamma": 0.8868325093687863}, "datetime": {"datetime": "2021-10-04 11:16:38", "elapsed": 6.944507, "delta": 0.294864}}
{"target": 0.23619639930675507, "params": {"C": 2872914.1596094575, "gamma": 0.5114981747643633}, "datetime": {"datetime": "2021-10-04 11:16:39", "elapsed": 7.252487, "delta": 0.30798}}
{"target": 0.23735231121747935, "params": {"C": 2872390.201435822, "gamma": 0.7243424108969733}, "datetime": {"datetime": "2021-10-04 11:16:39", "elapsed": 7.579491, "delta": 0.327004}}
{"target": 0.245736154284815, "params": {"C": 1583061.3257840532, "gamma": 0.5585756337046875}, "datetime": {"datetime": "2021-10-04 11:16:39", "elapsed": 7.882494, "delta": 0.303003}}
{"target": 0.24337346198228826, "params": {"C": 1582595.632360142, "gamma": 0.6768695164996641}, "datetime": {"datetime": "2021-10-04 11:16:40", "elapsed": 8.252615, "delta": 0.370121}}
{"target": -0.19238983257227682, "params": {"C": 1582114.9933031686, "gamma": 0.12178093711681676}, "datetime": {"datetime": "2021-10-04 11:16:40", "elapsed": 8.620059, "delta": 0.367444}}
{"target": 0.16933547829478235, "params": {"C": 9036003.583755668, "gamma": 0.3890919550141936}, "datetime": {"datetime": "2021-10-04 11:16:40", "elapsed": 8.951483, "delta": 0.331424}}
{"target": 0.2193465031373698, "params": {"C": 1585441.5409946851, "gamma": 0.8358803945663306}, "datetime": {"datetime": "2021-10-04 11:16:41", "elapsed": 9.460953, "delta": 0.50947}}
{"target": 0.23846275094128555, "params": {"C": 3618114.1727718576, "gamma": 0.5257292728653707}, "datetime": {"datetime": "2021-10-04 11:16:41", "elapsed": 9.761781, "delta": 0.300828}}
{"target": 0.24300988473016238, "params": {"C": 5956776.761606391, "gamma": 0.5635826958739004}, "datetime": {"datetime": "2021-10-04 11:16:42", "elapsed": 10.117153, "delta": 0.355372}}
{"target": 0.24539026313934265, "params": {"C": 5632938.161995287, "gamma": 0.613556500814107}, "datetime": {"datetime": "2021-10-04 11:16:42", "elapsed": 10.439152, "delta": 0.321999}}
{"target": 0.19882972011876687, "params": {"C": 3618293.5834698686, "gamma": 0.946282939771042}, "datetime": {"datetime": "2021-10-04 11:16:42", "elapsed": 10.815527, "delta": 0.376375}}
{"target": 0.24260560469072456, "params": {"C": 3617069.658806653, "gamma": 0.5522669179176934}, "datetime": {"datetime": "2021-10-04 11:16:43", "elapsed": 11.190527, "delta": 0.375}}
{"target": 0.19798956146271307, "params": {"C": 7223562.695914706, "gamma": 0.9509300194828125}, "datetime": {"datetime": "2021-10-04 11:16:43", "elapsed": 11.489707, "delta": 0.29918}}
{"target": 0.21452725525325733, "params": {"C": 5955110.77851316, "gamma": 0.45572590519661776}, "datetime": {"datetime": "2021-10-04 11:16:43", "elapsed": 11.819705, "delta": 0.329998}}
{"target": 0.22994122558292462, "params": {"C": 5633064.719884411, "gamma": 0.7734549653592119}, "datetime": {"datetime": "2021-10-04 11:16:44", "elapsed": 12.181708, "delta": 0.362003}}
{"target": 0.20107792132932079, "params": {"C": 1583409.1490988866, "gamma": 0.9333043643658305}, "datetime": {"datetime": "2021-10-04 11:16:44", "elapsed": 12.536704, "delta": 0.354996}}
{"target": -0.13697174605713403, "params": {"C": 1583392.7391307442, "gamma": 0.16125562225195797}, "datetime": {"datetime": "2021-10-04 11:16:44", "elapsed": 12.889182, "delta": 0.352478}}
{"target": 0.23096175063644309, "params": {"C": 7120645.216428456, "gamma": 0.7666802319796326}, "datetime": {"datetime": "2021-10-04 11:16:45", "elapsed": 13.258184, "delta": 0.369002}}
{"target": 0.1994534361134821, "params": {"C": 3618748.78484009, "gamma": 0.9429763884684679}, "datetime": {"datetime": "2021-10-04 11:16:45", "elapsed": 13.652181, "delta": 0.393997}}
{"target": 0.2049499469525473, "params": {"C": 6816536.840221064, "gamma": 0.9139270949725349}, "datetime": {"datetime": "2021-10-04 11:16:45", "elapsed": 14.000184, "delta": 0.348003}}
{"target": 0.2474313742398052, "params": {"C": 1583596.2696723356, "gamma": 0.6070844271289753}, "datetime": {"datetime": "2021-10-04 11:16:46", "elapsed": 14.329031, "delta": 0.328847}}
{"target": 0.20600127009531277, "params": {"C": 3617015.8549144687, "gamma": 0.9082433365193663}, "datetime": {"datetime": "2021-10-04 11:16:46", "elapsed": 14.822664, "delta": 0.493633}}
{"target": 0.07009506517610764, "params": {"C": 7120518.518445602, "gamma": 0.30698945233337394}, "datetime": {"datetime": "2021-10-04 11:16:47", "elapsed": 15.210955, "delta": 0.388291}}
{"target": -0.1918779675848934, "params": {"C": 1583051.43448444, "gamma": 0.09651802153139039}, "datetime": {"datetime": "2021-10-04 11:16:47", "elapsed": 15.541677, "delta": 0.330722}}
{"target": 0.1548792078012473, "params": {"C": 5597276.276063584, "gamma": 0.3704468035963712}, "datetime": {"datetime": "2021-10-04 11:16:47", "elapsed": 16.027672, "delta": 0.485995}}
{"target": 0.2421185772558323, "params": {"C": 9182990.548024934, "gamma": 0.6769786666674925}, "datetime": {"datetime": "2021-10-04 11:16:48", "elapsed": 16.393443, "delta": 0.365771}}
{"target": 0.0620750600267026, "params": {"C": 6243991.882998937, "gamma": 0.3010786661255637}, "datetime": {"datetime": "2021-10-04 11:16:48", "elapsed": 16.821923, "delta": 0.42848}}
{"target": -0.7005599854716307, "params": {"C": 8163697.251418015, "gamma": 0.0874812589212991}, "datetime": {"datetime": "2021-10-04 11:16:49", "elapsed": 17.203935, "delta": 0.382012}}
{"target": 0.22837684238016331, "params": {"C": 9558171.596424736, "gamma": 0.7827674121518466}, "datetime": {"datetime": "2021-10-04 11:16:49", "elapsed": 17.612916, "delta": 0.408981}}
{"target": 0.21692575329584673, "params": {"C": 4130241.0911289784, "gamma": 0.8493862965104705}, "datetime": {"datetime": "2021-10-04 11:16:49", "elapsed": 18.005913, "delta": 0.392997}}
{"target": 0.2153173727976161, "params": {"C": 2868013.709323601, "gamma": 0.8582085879314285}, "datetime": {"datetime": "2021-10-04 11:16:50", "elapsed": 18.363439, "delta": 0.357526}}
{"target": -0.06846754914548225, "params": {"C": 2126936.6269548293, "gamma": 0.21320731404962864}, "datetime": {"datetime": "2021-10-04 11:16:50", "elapsed": 18.761441, "delta": 0.398002}}
{"target": 0.14807773347826092, "params": {"C": 3589804.745283558, "gamma": 0.3590967832457513}, "datetime": {"datetime": "2021-10-04 11:16:51", "elapsed": 19.155319, "delta": 0.393878}}
{"target": -0.037996261304267476, "params": {"C": 3618111.8295951947, "gamma": 0.24376601300512973}, "datetime": {"datetime": "2021-10-04 11:16:51", "elapsed": 19.602342, "delta": 0.447023}}
{"target": 0.24277966797368733, "params": {"C": 5939090.512480197, "gamma": 0.5613119492374044}, "datetime": {"datetime": "2021-10-04 11:16:52", "elapsed": 20.096316, "delta": 0.493974}}
{"target": 0.2142611546669877, "params": {"C": 3035620.7365287263, "gamma": 0.4485367110846767}, "datetime": {"datetime": "2021-10-04 11:16:52", "elapsed": 20.502311, "delta": 0.405995}}
{"target": 0.2318498542616817, "params": {"C": 5115723.824838838, "gamma": 0.7613198780159296}, "datetime": {"datetime": "2021-10-04 11:16:53", "elapsed": 21.133992, "delta": 0.631681}}
{"target": 0.2284935867681931, "params": {"C": 5177953.604188299, "gamma": 0.7825658573204973}, "datetime": {"datetime": "2021-10-04 11:16:53", "elapsed": 21.621287, "delta": 0.487295}}
{"target": 0.23473705302199266, "params": {"C": 6088448.152972559, "gamma": 0.5140951768449964}, "datetime": {"datetime": "2021-10-04 11:16:54", "elapsed": 22.105792, "delta": 0.484505}}
{"target": 0.21499458216867784, "params": {"C": 3361543.9375757356, "gamma": 0.8599728717535458}, "datetime": {"datetime": "2021-10-04 11:16:54", "elapsed": 22.570315, "delta": 0.464523}}
{"target": 0.2024593656227326, "params": {"C": 6287420.209477129, "gamma": 0.9271688293007686}, "datetime": {"datetime": "2021-10-04 11:16:54", "elapsed": 23.074428, "delta": 0.504113}}
{"target": 0.24416829483819946, "params": {"C": 1623691.3262419156, "gamma": 0.6681620025909505}, "datetime": {"datetime": "2021-10-04 11:16:55", "elapsed": 23.586043, "delta": 0.511615}}
{"target": -0.5315817155093641, "params": {"C": 6733474.714128075, "gamma": 0.12684518019061714}, "datetime": {"datetime": "2021-10-04 11:16:56", "elapsed": 24.156556, "delta": 0.570513}}
{"target": 0.18916613499474944, "params": {"C": 8963996.841633767, "gamma": 0.9980579748553388}, "datetime": {"datetime": "2021-10-04 11:16:56", "elapsed": 24.609962, "delta": 0.453406}}
{"target": -0.28327228621895095, "params": {"C": 3502758.884019964, "gamma": 0.1574774197682779}, "datetime": {"datetime": "2021-10-04 11:16:57", "elapsed": 25.100017, "delta": 0.490055}}
{"target": 0.24544420087503327, "params": {"C": 5283836.151101966, "gamma": 0.6096643602339612}, "datetime": {"datetime": "2021-10-04 11:16:57", "elapsed": 25.593962, "delta": 0.493945}}
{"target": -0.5424054686859232, "params": {"C": 6924326.714045155, "gamma": 0.060183132138484925}, "datetime": {"datetime": "2021-10-04 11:16:57", "elapsed": 26.012895, "delta": 0.418933}}
{"target": 0.2292878991979549, "params": {"C": 3402026.198182523, "gamma": 0.4884611633145504}, "datetime": {"datetime": "2021-10-04 11:16:58", "elapsed": 26.575897, "delta": 0.563002}}
{"target": 0.2344259876104079, "params": {"C": 9240719.195388217, "gamma": 0.5155525245530863}, "datetime": {"datetime": "2021-10-04 11:16:58", "elapsed": 27.080536, "delta": 0.504639}}
{"target": 0.2301141915691478, "params": {"C": 6852471.537238973, "gamma": 0.772149723508966}, "datetime": {"datetime": "2021-10-04 11:16:59", "elapsed": 27.73023, "delta": 0.649694}}
{"target": -0.1986210327563287, "params": {"C": 6000894.141978198, "gamma": 0.2006735987575332}, "datetime": {"datetime": "2021-10-04 11:17:00", "elapsed": 28.19878, "delta": 0.46855}}
{"target": 0.15164080461705853, "params": {"C": 5725119.46156929, "gamma": 0.016704872452597535}, "datetime": {"datetime": "2021-10-04 11:17:00", "elapsed": 28.661079, "delta": 0.462299}}
{"target": 0.24388343720215122, "params": {"C": 6395816.783175453, "gamma": 0.5744703418130823}, "datetime": {"datetime": "2021-10-04 11:17:01", "elapsed": 29.135671, "delta": 0.474592}}
{"target": 0.24522312824237136, "params": {"C": 3745200.966832801, "gamma": 0.6378020183982944}, "datetime": {"datetime": "2021-10-04 11:17:01", "elapsed": 29.731084, "delta": 0.595413}}
{"target": 0.23475054632116665, "params": {"C": 2392273.2552707912, "gamma": 0.502313735546174}, "datetime": {"datetime": "2021-10-04 11:17:02", "elapsed": 30.236624, "delta": 0.50554}}
{"target": 0.24077588051921794, "params": {"C": 3458453.4889412955, "gamma": 0.5382849512112426}, "datetime": {"datetime": "2021-10-04 11:17:02", "elapsed": 30.703633, "delta": 0.467009}}
{"target": 0.030152065979721088, "params": {"C": 1461750.0066802707, "gamma": 0.24880203672834883}, "datetime": {"datetime": "2021-10-04 11:17:03", "elapsed": 31.267049, "delta": 0.563416}}
{"target": 0.22161745966467883, "params": {"C": 6427210.0600854475, "gamma": 0.8229869089682612}, "datetime": {"datetime": "2021-10-04 11:17:03", "elapsed": 31.773431, "delta": 0.506382}}
{"target": 0.07038240663699269, "params": {"C": 1745317.6976784202, "gamma": 0.2818679217305216}, "datetime": {"datetime": "2021-10-04 11:17:04", "elapsed": 32.312143, "delta": 0.538712}}
{"target": 0.2430700983359796, "params": {"C": 2213069.2780899266, "gamma": 0.5449897678004186}, "datetime": {"datetime": "2021-10-04 11:17:04", "elapsed": 32.776708, "delta": 0.464565}}
{"target": 0.18881418513193682, "params": {"C": 3662149.288527894, "gamma": 0.9996510084541245}, "datetime": {"datetime": "2021-10-04 11:17:05", "elapsed": 33.260777, "delta": 0.484069}}
{"target": 0.23685587747482106, "params": {"C": 9226398.880620446, "gamma": 0.5264309992358102}, "datetime": {"datetime": "2021-10-04 11:17:05", "elapsed": 33.762925, "delta": 0.502148}}
{"target": 0.22185281335491047, "params": {"C": 8617819.886801396, "gamma": 0.8215164537005737}, "datetime": {"datetime": "2021-10-04 11:17:06", "elapsed": 34.237792, "delta": 0.474867}}
{"target": 0.24853949856147095, "params": {"C": 1095069.1473830552, "gamma": 0.5964956378210192}, "datetime": {"datetime": "2021-10-04 11:17:06", "elapsed": 34.768682, "delta": 0.53089}}
{"target": -0.21433724899141415, "params": {"C": 2719412.8204779583, "gamma": 0.16660116440051329}, "datetime": {"datetime": "2021-10-04 11:17:07", "elapsed": 35.353693, "delta": 0.585011}}
{"target": -0.3472474931537961, "params": {"C": 5756481.278062343, "gamma": 0.16248252535415061}, "datetime": {"datetime": "2021-10-04 11:17:07", "elapsed": 35.867286, "delta": 0.513593}}
{"target": 0.1913676759816736, "params": {"C": 6759453.753202407, "gamma": 0.986209344026398}, "datetime": {"datetime": "2021-10-04 11:17:08", "elapsed": 36.39209, "delta": 0.524804}}
{"target": -0.06565661293385538, "params": {"C": 5396173.703699655, "gamma": 0.03277105828628154}, "datetime": {"datetime": "2021-10-04 11:17:08", "elapsed": 36.896043, "delta": 0.503953}}
{"target": 0.24297532753602058, "params": {"C": 9436842.827367611, "gamma": 0.6662235011470582}, "datetime": {"datetime": "2021-10-04 11:17:09", "elapsed": 37.374323, "delta": 0.47828}}
{"target": -0.3103604988229911, "params": {"C": 3570104.6950872517, "gamma": 0.06187852664197213}, "datetime": {"datetime": "2021-10-04 11:17:09", "elapsed": 37.928369, "delta": 0.554046}}
{"target": 0.2373802446961173, "params": {"C": 1465869.120739481, "gamma": 0.5016406740200409}, "datetime": {"datetime": "2021-10-04 11:17:10", "elapsed": 38.610573, "delta": 0.682204}}
{"target": 0.03284294952456002, "params": {"C": 3193190.934061186, "gamma": 0.27500981432151855}, "datetime": {"datetime": "2021-10-04 11:17:11", "elapsed": 39.146134, "delta": 0.535561}}
{"target": 0.11028540778982587, "params": {"C": 3090174.2140131756, "gamma": 0.32422097705115005}, "datetime": {"datetime": "2021-10-04 11:17:11", "elapsed": 39.697618, "delta": 0.551484}}
{"target": 0.2337269296369313, "params": {"C": 1967150.686798603, "gamma": 0.7508912528075439}, "datetime": {"datetime": "2021-10-04 11:17:12", "elapsed": 40.209804, "delta": 0.512186}}
{"target": 0.19401668761933677, "params": {"C": 4880895.662832506, "gamma": 0.9719816337758984}, "datetime": {"datetime": "2021-10-04 11:17:12", "elapsed": 40.84384, "delta": 0.634036}}
{"target": 0.19816913081645848, "params": {"C": 5396819.156441977, "gamma": 0.9499280766173384}, "datetime": {"datetime": "2021-10-04 11:17:13", "elapsed": 41.502634, "delta": 0.658794}}
{"target": 0.22069811337332446, "params": {"C": 1970129.0210987716, "gamma": 0.4560358212532254}, "datetime": {"datetime": "2021-10-04 11:17:13", "elapsed": 42.063084, "delta": 0.56045}}
{"target": 0.21190501410700557, "params": {"C": 9838799.486474473, "gamma": 0.8766181617747949}, "datetime": {"datetime": "2021-10-04 11:17:14", "elapsed": 42.601913, "delta": 0.538829}}
{"target": 0.2256788982909892, "params": {"C": 1829200.007194338, "gamma": 0.8003149164320863}, "datetime": {"datetime": "2021-10-04 11:17:15", "elapsed": 43.131981, "delta": 0.530068}}
{"target": 0.21081630901556403, "params": {"C": 5367867.34836709, "gamma": 0.4473253253778547}, "datetime": {"datetime": "2021-10-04 11:17:15", "elapsed": 43.751104, "delta": 0.619123}}
{"target": 0.24404928717524943, "params": {"C": 9630078.085085226, "gamma": 0.5821359424077851}, "datetime": {"datetime": "2021-10-04 11:17:16", "elapsed": 44.444721, "delta": 0.693617}}
{"target": 0.2103755875136959, "params": {"C": 6793739.115276664, "gamma": 0.8849081369923997}, "datetime": {"datetime": "2021-10-04 11:17:16", "elapsed": 44.997628, "delta": 0.552907}}
{"target": 0.23125652108227568, "params": {"C": 8634819.627329165, "gamma": 0.5030620999140144}, "datetime": {"datetime": "2021-10-04 11:17:17", "elapsed": 45.509494, "delta": 0.511866}}
{"target": -0.31925480450591803, "params": {"C": 6569740.942233117, "gamma": 0.1731209674256261}, "datetime": {"datetime": "2021-10-04 11:17:17", "elapsed": 46.078541, "delta": 0.569047}}
{"target": 0.24518709596522348, "params": {"C": 6285841.355412754, "gamma": 0.6245243768703059}, "datetime": {"datetime": "2021-10-04 11:17:18", "elapsed": 46.611102, "delta": 0.532561}}
{"target": -0.5289568723716171, "params": {"C": 5576857.975478323, "gamma": 0.11258008452119331}, "datetime": {"datetime": "2021-10-04 11:17:19", "elapsed": 47.181576, "delta": 0.570474}}
{"target": -0.47143219529379676, "params": {"C": 8909625.454145543, "gamma": 0.15094789689720287}, "datetime": {"datetime": "2021-10-04 11:17:19", "elapsed": 47.848224, "delta": 0.666648}}
{"target": 0.22557340273114745, "params": {"C": 3597630.7241986003, "gamma": 0.800466877170751}, "datetime": {"datetime": "2021-10-04 11:17:20", "elapsed": 48.469493, "delta": 0.621269}}
{"target": 0.23100471805578482, "params": {"C": 8891384.401214143, "gamma": 0.7661842818917739}, "datetime": {"datetime": "2021-10-04 11:17:20", "elapsed": 49.053939, "delta": 0.584446}}
{"target": 0.2237703407709124, "params": {"C": 4962448.936880445, "gamma": 0.8107550302192718}, "datetime": {"datetime": "2021-10-04 11:17:21", "elapsed": 49.639424, "delta": 0.585485}}
{"target": 0.24223611158009495, "params": {"C": 9209214.723937621, "gamma": 0.6755973911015047}, "datetime": {"datetime": "2021-10-04 11:17:22", "elapsed": 50.209786, "delta": 0.570362}}
{"target": 0.24438703854814636, "params": {"C": 6314170.455868207, "gamma": 0.5816806935538468}, "datetime": {"datetime": "2021-10-04 11:17:22", "elapsed": 50.841762, "delta": 0.631976}}
{"target": 0.18645100678875604, "params": {"C": 1541137.3250313194, "gamma": 0.3885597318370674}, "datetime": {"datetime": "2021-10-04 11:17:23", "elapsed": 51.374502, "delta": 0.53274}}
{"target": 0.24187712928522132, "params": {"C": 8915266.120514248, "gamma": 0.5573249212021767}, "datetime": {"datetime": "2021-10-04 11:17:23", "elapsed": 52.051977, "delta": 0.677475}}
{"target": -0.2152043143195721, "params": {"C": 3136637.2218405283, "gamma": 0.05543890365269432}, "datetime": {"datetime": "2021-10-04 11:17:24", "elapsed": 52.659085, "delta": 0.607108}}
{"target": 0.24085576818875942, "params": {"C": 1866478.197501177, "gamma": 0.6986074520365485}, "datetime": {"datetime": "2021-10-04 11:17:25", "elapsed": 53.201646, "delta": 0.542561}}
{"target": 0.22969424682565254, "params": {"C": 3297695.3094161516, "gamma": 0.48935956444920187}, "datetime": {"datetime": "2021-10-04 11:17:25", "elapsed": 53.742598, "delta": 0.540952}}
{"target": -0.541889796361037, "params": {"C": 6780491.359744022, "gamma": 0.061183059303504095}, "datetime": {"datetime": "2021-10-04 11:17:26", "elapsed": 54.290131, "delta": 0.547533}}
