{"target": -41.67746763706003, "params": {"C": 7356.5134036718755, "gamma": 0.006798615939885724}, "datetime": {"datetime": "2021-09-29 18:22:00", "elapsed": 180.856235, "delta": 1.219999}}
{"target": -40.933708665219, "params": {"C": 7511.06619202167, "gamma": 0.023011109571343023}, "datetime": {"datetime": "2021-09-29 18:22:01", "elapsed": 182.372909, "delta": 1.516674}}
{"target": -41.40743801292966, "params": {"C": 6080.823503862623, "gamma": 0.04255462969585812}, "datetime": {"datetime": "2021-09-29 18:22:02", "elapsed": 183.632488, "delta": 1.259579}}
{"target": -40.90963524958059, "params": {"C": 6618.7396402834365, "gamma": 0.02054818895777253}, "datetime": {"datetime": "2021-09-29 18:22:04", "elapsed": 184.989485, "delta": 1.356997}}
{"target": -41.76094767872307, "params": {"C": 7356.106584652802, "gamma": 0.00600524219273251}, "datetime": {"datetime": "2021-09-29 18:22:06", "elapsed": 186.76274, "delta": 1.773255}}
{"target": -42.10730268937965, "params": {"C": 6457.392157521317, "gamma": 0.055663780561648564}, "datetime": {"datetime": "2021-09-29 18:22:07", "elapsed": 188.14493, "delta": 1.38219}}
{"target": -41.65732266704876, "params": {"C": 6618.693447753578, "gamma": 0.04581322415646629}, "datetime": {"datetime": "2021-09-29 18:22:08", "elapsed": 189.518697, "delta": 1.373767}}
{"target": -41.789589135247745, "params": {"C": 5545.248312336105, "gamma": 0.006310953231690582}, "datetime": {"datetime": "2021-09-29 18:22:10", "elapsed": 191.059699, "delta": 1.541002}}
{"target": -41.90253756349008, "params": {"C": 6309.649617264805, "gamma": 0.005072873021812141}, "datetime": {"datetime": "2021-09-29 18:22:12", "elapsed": 193.252892, "delta": 2.193193}}
{"target": -42.09343552401903, "params": {"C": 7923.128413406056, "gamma": 0.04907070328771212}, "datetime": {"datetime": "2021-09-29 18:22:13", "elapsed": 194.359663, "delta": 1.106771}}
{"target": -42.03696967153026, "params": {"C": 5519.33196166002, "gamma": 0.004430662354124382}, "datetime": {"datetime": "2021-09-29 18:22:14", "elapsed": 195.563844, "delta": 1.204181}}
{"target": -41.30277785743711, "params": {"C": 9242.459008393093, "gamma": 0.010639593934866}, "datetime": {"datetime": "2021-09-29 18:22:16", "elapsed": 196.993844, "delta": 1.43}}
{"target": -41.69539927505279, "params": {"C": 6457.456204469628, "gamma": 0.006847082142471977}, "datetime": {"datetime": "2021-09-29 18:22:18", "elapsed": 199.515086, "delta": 2.521242}}
{"target": -42.05005836562042, "params": {"C": 8998.789016439827, "gamma": 0.04477315748814589}, "datetime": {"datetime": "2021-09-29 18:22:20", "elapsed": 201.082089, "delta": 1.567003}}
{"target": -42.020405149310776, "params": {"C": 8025.682032732187, "gamma": 0.047408642991885415}, "datetime": {"datetime": "2021-09-29 18:22:22", "elapsed": 203.506069, "delta": 2.42398}}
{"target": -40.98084220999897, "params": {"C": 8025.72900936553, "gamma": 0.017287773561674685}, "datetime": {"datetime": "2021-09-29 18:22:25", "elapsed": 205.800528, "delta": 2.294459}}
{"target": -41.768908408835685, "params": {"C": 7789.444145663068, "gamma": 0.0058474757927845355}, "datetime": {"datetime": "2021-09-29 18:22:26", "elapsed": 207.078528, "delta": 1.278}}
{"target": -41.356539689152626, "params": {"C": 7356.05778033109, "gamma": 0.03683778037985557}, "datetime": {"datetime": "2021-09-29 18:22:28", "elapsed": 208.919828, "delta": 1.8413}}
{"target": -41.53932804642563, "params": {"C": 6730.305111489351, "gamma": 0.04290198116866946}, "datetime": {"datetime": "2021-09-29 18:22:29", "elapsed": 210.562603, "delta": 1.642775}}
{"target": -41.881182425127825, "params": {"C": 6743.904040868749, "gamma": 0.04981675477774428}, "datetime": {"datetime": "2021-09-29 18:22:31", "elapsed": 212.354462, "delta": 1.791859}}
{"target": -40.92579199931118, "params": {"C": 5224.840462087866, "gamma": 0.0193657726675971}, "datetime": {"datetime": "2021-09-29 18:22:33", "elapsed": 214.337301, "delta": 1.982839}}
{"target": -41.09155368810058, "params": {"C": 5257.440203322917, "gamma": 0.015156109429438848}, "datetime": {"datetime": "2021-09-29 18:22:35", "elapsed": 216.270237, "delta": 1.932936}}
{"target": -42.565447714031905, "params": {"C": 9774.197975551559, "gamma": 0.05060444452277973}, "datetime": {"datetime": "2021-09-29 18:22:36", "elapsed": 217.467447, "delta": 1.19721}}
{"target": -42.52137780938256, "params": {"C": 7360.12564727051, "gamma": 0.05913065203245208}, "datetime": {"datetime": "2021-09-29 18:22:38", "elapsed": 219.206028, "delta": 1.738581}}
{"target": -42.28834320415897, "params": {"C": 9394.231495033504, "gamma": 0.04744506041985589}, "datetime": {"datetime": "2021-09-29 18:22:40", "elapsed": 221.190514, "delta": 1.984486}}
{"target": -41.85155168801299, "params": {"C": 6455.547075150352, "gamma": 0.005439723192851859}, "datetime": {"datetime": "2021-09-29 18:22:42", "elapsed": 222.912095, "delta": 1.721581}}
{"target": -42.06774157884562, "params": {"C": 7511.058723686565, "gamma": 0.05018234231742116}, "datetime": {"datetime": "2021-09-29 18:22:44", "elapsed": 225.268478, "delta": 2.356383}}
{"target": -41.97951883075323, "params": {"C": 5258.786851390929, "gamma": 0.00494724051373166}, "datetime": {"datetime": "2021-09-29 18:22:46", "elapsed": 226.777923, "delta": 1.509445}}
{"target": -43.01513970366289, "params": {"C": 6933.934031692334, "gamma": 0.07078371901896825}, "datetime": {"datetime": "2021-09-29 18:22:47", "elapsed": 227.940373, "delta": 1.16245}}
{"target": -40.85506070874984, "params": {"C": 5226.990307030008, "gamma": 0.023953123125976215}, "datetime": {"datetime": "2021-09-29 18:22:48", "elapsed": 229.331374, "delta": 1.391001}}
{"target": -42.833230256295074, "params": {"C": 6092.439134426075, "gamma": 0.07272404502886148}, "datetime": {"datetime": "2021-09-29 18:22:50", "elapsed": 230.725469, "delta": 1.394095}}
{"target": -41.36452728244004, "params": {"C": 5470.283402400106, "gamma": 0.044216080704286634}, "datetime": {"datetime": "2021-09-29 18:22:51", "elapsed": 232.446078, "delta": 1.720609}}
{"target": -40.93518788649709, "params": {"C": 6618.764309551368, "gamma": 0.01894706997627476}, "datetime": {"datetime": "2021-09-29 18:22:53", "elapsed": 233.950996, "delta": 1.504918}}
{"target": -41.93835041882119, "params": {"C": 5520.156618466299, "gamma": 0.05725860052952306}, "datetime": {"datetime": "2021-09-29 18:22:54", "elapsed": 235.138988, "delta": 1.187992}}
{"target": -41.850703925992796, "params": {"C": 5226.979467645522, "gamma": 0.05705898999030168}, "datetime": {"datetime": "2021-09-29 18:22:56", "elapsed": 236.866425, "delta": 1.727437}}
{"target": -40.86893470244178, "params": {"C": 5470.3014535319435, "gamma": 0.022621719968758204}, "datetime": {"datetime": "2021-09-29 18:22:57", "elapsed": 238.441525, "delta": 1.5751}}
{"target": -43.15033748360083, "params": {"C": 6194.464509275821, "gamma": 0.07873217046072127}, "datetime": {"datetime": "2021-09-29 18:22:59", "elapsed": 239.87512, "delta": 1.433595}}
{"target": -42.006793534420055, "params": {"C": 8025.652616032936, "gamma": 0.0038359481265470338}, "datetime": {"datetime": "2021-09-29 18:23:00", "elapsed": 241.679708, "delta": 1.804588}}
{"target": -41.33952538889783, "params": {"C": 6455.491655245916, "gamma": 0.03949875845588266}, "datetime": {"datetime": "2021-09-29 18:23:03", "elapsed": 243.992901, "delta": 2.313193}}
{"target": -40.981073440308336, "params": {"C": 7355.98626903122, "gamma": 0.02646402666788547}, "datetime": {"datetime": "2021-09-29 18:23:04", "elapsed": 245.295903, "delta": 1.303002}}
{"target": -41.4483987707913, "params": {"C": 6617.2592623764895, "gamma": 0.04136637221978059}, "datetime": {"datetime": "2021-09-29 18:23:05", "elapsed": 246.676288, "delta": 1.380385}}
{"target": -41.52689071221927, "params": {"C": 7841.3361549450965, "gamma": 0.00825359654088273}, "datetime": {"datetime": "2021-09-29 18:23:07", "elapsed": 248.608134, "delta": 1.931846}}
{"target": -42.22356338198261, "params": {"C": 7569.989093592796, "gamma": 0.0026922008826079057}, "datetime": {"datetime": "2021-09-29 18:23:09", "elapsed": 250.049173, "delta": 1.441039}}
{"target": -41.1720871349444, "params": {"C": 7798.477664122889, "gamma": 0.012825599392718105}, "datetime": {"datetime": "2021-09-29 18:23:10", "elapsed": 251.324175, "delta": 1.275002}}
{"target": -41.82546601855838, "params": {"C": 5175.278405623436, "gamma": 0.006181553671002187}, "datetime": {"datetime": "2021-09-29 18:23:12", "elapsed": 252.977917, "delta": 1.653742}}
{"target": -42.18837876285058, "params": {"C": 5175.595087051813, "gamma": 0.06516636404997012}, "datetime": {"datetime": "2021-09-29 18:23:14", "elapsed": 254.728178, "delta": 1.750261}}
{"target": -40.93018865552479, "params": {"C": 7358.059769744528, "gamma": 0.023341358434177444}, "datetime": {"datetime": "2021-09-29 18:23:15", "elapsed": 256.087735, "delta": 1.359557}}
{"target": -41.56894000311501, "params": {"C": 5544.912796950494, "gamma": 0.04876634290316912}, "datetime": {"datetime": "2021-09-29 18:23:16", "elapsed": 257.653608, "delta": 1.565873}}
{"target": -40.95546999871599, "params": {"C": 8098.2821511856755, "gamma": 0.022692737961780472}, "datetime": {"datetime": "2021-09-29 18:23:18", "elapsed": 259.081248, "delta": 1.42764}}
{"target": -41.28171724993342, "params": {"C": 7360.089814408973, "gamma": 0.011304790968444634}, "datetime": {"datetime": "2021-09-29 18:23:20", "elapsed": 260.895933, "delta": 1.814685}}
{"target": -43.86558656339656, "params": {"C": 9308.697664725772, "gamma": 0.07301413443992977}, "datetime": {"datetime": "2021-09-29 18:23:21", "elapsed": 262.254589, "delta": 1.358656}}
{"target": -41.173383632430685, "params": {"C": 8098.327530479923, "gamma": 0.03054563450420466}, "datetime": {"datetime": "2021-09-29 18:23:23", "elapsed": 264.262915, "delta": 2.008326}}
{"target": -40.96117689506535, "params": {"C": 8025.772263753177, "gamma": 0.023375501488980953}, "datetime": {"datetime": "2021-09-29 18:23:25", "elapsed": 265.906869, "delta": 1.643954}}
{"target": -41.980873434424225, "params": {"C": 7511.0749032055755, "gamma": 0.004136879232235039}, "datetime": {"datetime": "2021-09-29 18:23:27", "elapsed": 268.336619, "delta": 2.42975}}
{"target": -42.59553029444394, "params": {"C": 8098.270293691385, "gamma": 0.05712905959400243}, "datetime": {"datetime": "2021-09-29 18:23:30", "elapsed": 270.816668, "delta": 2.480049}}
{"target": -40.88955057101513, "params": {"C": 6214.149595281682, "gamma": 0.021936956476918283}, "datetime": {"datetime": "2021-09-29 18:23:31", "elapsed": 272.572824, "delta": 1.756156}}
{"target": -42.172006608308806, "params": {"C": 5256.473069924073, "gamma": 0.06421511233074353}, "datetime": {"datetime": "2021-09-29 18:23:34", "elapsed": 274.975295, "delta": 2.402471}}
{"target": -41.507370333717645, "params": {"C": 6730.2540225924695, "gamma": 0.04222213939374665}, "datetime": {"datetime": "2021-09-29 18:23:36", "elapsed": 277.209927, "delta": 2.234632}}
{"target": -41.329561967805375, "params": {"C": 6456.3429258722135, "gamma": 0.010926153664230666}, "datetime": {"datetime": "2021-09-29 18:23:38", "elapsed": 279.142728, "delta": 1.932801}}
{"target": -41.01209940819106, "params": {"C": 6161.956186849497, "gamma": 0.031505077163729175}, "datetime": {"datetime": "2021-09-29 18:23:40", "elapsed": 280.864451, "delta": 1.721723}}
{"target": -41.923400118891365, "params": {"C": 5227.002646981139, "gamma": 0.005372114134451558}, "datetime": {"datetime": "2021-09-29 18:23:41", "elapsed": 282.659908, "delta": 1.795457}}
{"target": -41.70700489529946, "params": {"C": 8025.78904999965, "gamma": 0.04175329650783322}, "datetime": {"datetime": "2021-09-29 18:23:43", "elapsed": 284.688214, "delta": 2.028306}}
{"target": -42.33443836174107, "params": {"C": 8025.71394672653, "gamma": 0.002157692675223929}, "datetime": {"datetime": "2021-09-29 18:23:46", "elapsed": 287.085551, "delta": 2.397337}}
{"target": -41.605353009977215, "params": {"C": 6743.838718668221, "gamma": 0.0076653195453123}, "datetime": {"datetime": "2021-09-29 18:23:48", "elapsed": 289.055815, "delta": 1.970264}}
{"target": -42.75616925739414, "params": {"C": 7077.488646761241, "gamma": 0.06496066169756483}, "datetime": {"datetime": "2021-09-29 18:23:50", "elapsed": 290.812642, "delta": 1.756827}}
{"target": -42.13170461657331, "params": {"C": 5175.523595156627, "gamma": 0.004037421933324707}, "datetime": {"datetime": "2021-09-29 18:23:52", "elapsed": 292.779846, "delta": 1.967204}}
{"target": -43.60120004728987, "params": {"C": 7358.753458181824, "gamma": 0.07949783215149227}, "datetime": {"datetime": "2021-09-29 18:23:55", "elapsed": 296.435582, "delta": 3.655736}}
{"target": -41.48944157469547, "params": {"C": 5224.835407126344, "gamma": 0.04852771119408324}, "datetime": {"datetime": "2021-09-29 18:23:58", "elapsed": 299.14336, "delta": 2.707778}}
{"target": -41.08327147455441, "params": {"C": 8617.56518722103, "gamma": 0.026871242959554162}, "datetime": {"datetime": "2021-09-29 18:23:59", "elapsed": 300.527504, "delta": 1.384144}}
{"target": -41.41419475840069, "params": {"C": 8025.746316323772, "gamma": 0.03609585058227414}, "datetime": {"datetime": "2021-09-29 18:24:02", "elapsed": 303.447934, "delta": 2.92043}}
{"target": -42.04681439953813, "params": {"C": 6456.8794535689, "gamma": 0.003987557069770478}, "datetime": {"datetime": "2021-09-29 18:24:04", "elapsed": 305.508082, "delta": 2.060148}}
{"target": -42.2786692105291, "params": {"C": 6161.942319302703, "gamma": 0.002893293383747846}, "datetime": {"datetime": "2021-09-29 18:24:07", "elapsed": 308.655989, "delta": 3.147907}}
{"target": -41.59302647806975, "params": {"C": 6618.654548864039, "gamma": 0.044470219682707667}, "datetime": {"datetime": "2021-09-29 18:24:10", "elapsed": 310.936795, "delta": 2.280806}}
{"target": -41.312543595930926, "params": {"C": 5732.590542379291, "gamma": 0.0417335426664569}, "datetime": {"datetime": "2021-09-29 18:24:12", "elapsed": 313.196985, "delta": 2.26019}}
{"target": -42.14578438886497, "params": {"C": 7894.074478263753, "gamma": 0.050106074984303854}, "datetime": {"datetime": "2021-09-29 18:24:15", "elapsed": 316.060327, "delta": 2.863342}}
{"target": -43.83490002915364, "params": {"C": 9347.224407068763, "gamma": 0.07231346321268821}, "datetime": {"datetime": "2021-09-29 18:24:17", "elapsed": 317.947742, "delta": 1.887415}}
{"target": -41.98030950705926, "params": {"C": 5257.316311332044, "gamma": 0.004942471085939657}, "datetime": {"datetime": "2021-09-29 18:24:19", "elapsed": 320.419571, "delta": 2.471829}}
{"target": -42.999322036591394, "params": {"C": 5773.481596382879, "gamma": 0.07881756925442648}, "datetime": {"datetime": "2021-09-29 18:24:22", "elapsed": 323.374782, "delta": 2.955211}}
{"target": -41.5823990175569, "params": {"C": 6730.248380856219, "gamma": 0.007907367799757422}, "datetime": {"datetime": "2021-09-29 18:24:25", "elapsed": 325.75404, "delta": 2.379258}}
{"target": -42.301990304779636, "params": {"C": 9114.768084305146, "gamma": 0.002051788295319714}, "datetime": {"datetime": "2021-09-29 18:24:28", "elapsed": 328.825493, "delta": 3.071453}}
{"target": -43.1105733976665, "params": {"C": 9888.5491502011, "gamma": 0.05855115512741652}, "datetime": {"datetime": "2021-09-29 18:24:29", "elapsed": 330.699036, "delta": 1.873543}}
{"target": -42.22167809279131, "params": {"C": 6214.1315614826635, "gamma": 0.059274273109900154}, "datetime": {"datetime": "2021-09-29 18:24:32", "elapsed": 333.215561, "delta": 2.516525}}
{"target": -43.28964979947884, "params": {"C": 7342.242306687902, "gamma": 0.07355121748830062}, "datetime": {"datetime": "2021-09-29 18:24:34", "elapsed": 335.055269, "delta": 1.839708}}
{"target": -42.42912280725142, "params": {"C": 7798.470518187705, "gamma": 0.05549317310805335}, "datetime": {"datetime": "2021-09-29 18:24:36", "elapsed": 337.70495, "delta": 2.649681}}
{"target": -41.31577016524866, "params": {"C": 8098.298632319738, "gamma": 0.03383442923650564}, "datetime": {"datetime": "2021-09-29 18:24:39", "elapsed": 340.046074, "delta": 2.341124}}
{"target": -40.991111503058576, "params": {"C": 7298.045037305592, "gamma": 0.027064229049865746}, "datetime": {"datetime": "2021-09-29 18:24:41", "elapsed": 341.783637, "delta": 1.737563}}
{"target": -41.94593597320135, "params": {"C": 6898.396676397342, "gamma": 0.004555143432371139}, "datetime": {"datetime": "2021-09-29 18:24:43", "elapsed": 344.301849, "delta": 2.518212}}
{"target": -41.475835975187614, "params": {"C": 6743.862709024047, "gamma": 0.009065260364737619}, "datetime": {"datetime": "2021-09-29 18:24:47", "elapsed": 347.760844, "delta": 3.458995}}
{"target": -40.906433702121184, "params": {"C": 5955.267059794194, "gamma": 0.020206459792170103}, "datetime": {"datetime": "2021-09-29 18:24:49", "elapsed": 350.413007, "delta": 2.652163}}
{"target": -42.346232584568675, "params": {"C": 8609.218718477352, "gamma": 0.002}, "datetime": {"datetime": "2021-09-29 18:24:52", "elapsed": 353.713637, "delta": 3.30063}}
{"target": -41.32172302329965, "params": {"C": 7894.123164847113, "gamma": 0.03451217107524806}, "datetime": {"datetime": "2021-09-29 18:24:57", "elapsed": 358.174399, "delta": 4.460762}}
{"target": -40.885889360303764, "params": {"C": 5872.756799087229, "gamma": 0.02158536017489754}, "datetime": {"datetime": "2021-09-29 18:24:59", "elapsed": 359.955673, "delta": 1.781274}}
{"target": -42.081149562904145, "params": {"C": 5640.329698445, "gamma": 0.004098940968192822}, "datetime": {"datetime": "2021-09-29 18:25:01", "elapsed": 361.88967, "delta": 1.933997}}
{"target": -41.01639928757474, "params": {"C": 5470.323664936766, "gamma": 0.0166360860056022}, "datetime": {"datetime": "2021-09-29 18:25:03", "elapsed": 364.340918, "delta": 2.451248}}
{"target": -41.09325145500177, "params": {"C": 7913.350737788585, "gamma": 0.028861165025373205}, "datetime": {"datetime": "2021-09-29 18:25:05", "elapsed": 366.250636, "delta": 1.909718}}
{"target": -40.8849464071281, "params": {"C": 6161.989781750359, "gamma": 0.02400902700543857}, "datetime": {"datetime": "2021-09-29 18:25:08", "elapsed": 369.059822, "delta": 2.809186}}
{"target": -41.76532338782597, "params": {"C": 5955.249719463439, "gamma": 0.0063604669183216144}, "datetime": {"datetime": "2021-09-29 18:25:11", "elapsed": 371.816378, "delta": 2.756556}}
{"target": -41.8943681951289, "params": {"C": 7358.084168009378, "gamma": 0.004843229250430884}, "datetime": {"datetime": "2021-09-29 18:25:13", "elapsed": 374.588528, "delta": 2.77215}}
{"target": -42.61584178594238, "params": {"C": 5284.215348676558, "gamma": 0.0022144371185452813}, "datetime": {"datetime": "2021-09-29 18:25:16", "elapsed": 377.440898, "delta": 2.85237}}
{"target": -43.2711545194041, "params": {"C": 7716.301113186076, "gamma": 0.07098494717948367}, "datetime": {"datetime": "2021-09-29 18:25:18", "elapsed": 379.330222, "delta": 1.889324}}
{"target": -40.898292526829024, "params": {"C": 6608.983396209243, "gamma": 0.022519771922208928}, "datetime": {"datetime": "2021-09-29 18:25:20", "elapsed": 381.314314, "delta": 1.984092}}
{"target": -41.460555748376045, "params": {"C": 6608.969777788984, "gamma": 0.009277742713417022}, "datetime": {"datetime": "2021-09-29 18:25:23", "elapsed": 383.925035, "delta": 2.610721}}
{"target": -42.22767457954766, "params": {"C": 9800.497196637925, "gamma": 0.045326255028223995}, "datetime": {"datetime": "2021-09-29 18:25:25", "elapsed": 385.829363, "delta": 1.904328}}
{"target": -43.04011639300655, "params": {"C": 8003.818136140835, "gamma": 0.06530062931456658}, "datetime": {"datetime": "2021-09-29 18:25:27", "elapsed": 387.72689, "delta": 1.897527}}
{"target": -41.387307161105845, "params": {"C": 8098.354535452656, "gamma": 0.009790206702246562}, "datetime": {"datetime": "2021-09-29 18:25:29", "elapsed": 390.529624, "delta": 2.802734}}
{"target": -42.92393070417093, "params": {"C": 9307.078803867655, "gamma": 0.057763322769419354}, "datetime": {"datetime": "2021-09-29 18:25:31", "elapsed": 392.173104, "delta": 1.64348}}
{"target": -41.57502208542215, "params": {"C": 7358.029414521113, "gamma": 0.0413850895450051}, "datetime": {"datetime": "2021-09-29 18:25:34", "elapsed": 395.455826, "delta": 3.282722}}
{"target": -41.72346666108508, "params": {"C": 8617.527033445169, "gamma": 0.04029594638173716}, "datetime": {"datetime": "2021-09-29 18:25:37", "elapsed": 398.21641, "delta": 2.760584}}
{"target": -42.05039816986733, "params": {"C": 5547.728959963307, "gamma": 0.0595693080547212}, "datetime": {"datetime": "2021-09-29 18:25:40", "elapsed": 400.852428, "delta": 2.636018}}
{"target": -41.70519005143415, "params": {"C": 7358.731270888216, "gamma": 0.006529381706043818}, "datetime": {"datetime": "2021-09-29 18:25:42", "elapsed": 403.575646, "delta": 2.723218}}
{"target": -41.94961865140281, "params": {"C": 7126.771163077295, "gamma": 0.004465224955216673}, "datetime": {"datetime": "2021-09-29 18:25:45", "elapsed": 406.294208, "delta": 2.718562}}
{"target": -41.20849402473288, "params": {"C": 8609.149593411978, "gamma": 0.012079689797060988}, "datetime": {"datetime": "2021-09-29 18:25:49", "elapsed": 409.906672, "delta": 3.612464}}
{"target": -42.121451292438415, "params": {"C": 7511.113259325054, "gamma": 0.051164367604661}, "datetime": {"datetime": "2021-09-29 18:25:52", "elapsed": 412.722799, "delta": 2.816127}}
{"target": -42.658621936159605, "params": {"C": 9235.61326800517, "gamma": 0.053818587637990224}, "datetime": {"datetime": "2021-09-29 18:25:54", "elapsed": 414.938671, "delta": 2.215872}}
{"target": -41.423923498321926, "params": {"C": 6366.643049814629, "gamma": 0.009780337715718724}, "datetime": {"datetime": "2021-09-29 18:25:56", "elapsed": 416.997967, "delta": 2.059296}}
{"target": -43.32021036935749, "params": {"C": 7470.563007488452, "gamma": 0.07334459336581049}, "datetime": {"datetime": "2021-09-29 18:25:58", "elapsed": 419.520998, "delta": 2.523031}}
