{"target": -34.564928458604896, "params": {"C": 31826.839969770746, "gamma": 0.014937580932185675}, "datetime": {"datetime": "2021-09-29 09:00:37", "elapsed": 521.552353, "delta": 3.051624}}
{"target": -35.339095644523276, "params": {"C": 33277.43147225126, "gamma": 0.043059421010124097}, "datetime": {"datetime": "2021-09-29 09:00:41", "elapsed": 525.08919, "delta": 3.536837}}
{"target": -35.32356574470285, "params": {"C": 32250.234015503316, "gamma": 0.04340547176298926}, "datetime": {"datetime": "2021-09-29 09:00:43", "elapsed": 527.189803, "delta": 2.100613}}
{"target": -34.61271877612319, "params": {"C": 30101.544532082953, "gamma": 0.026362004927132195}, "datetime": {"datetime": "2021-09-29 09:00:45", "elapsed": 529.720473, "delta": 2.53067}}
{"target": -34.494924621382765, "params": {"C": 31323.873581709697, "gamma": 0.019517322933363106}, "datetime": {"datetime": "2021-09-29 09:00:47", "elapsed": 531.852914, "delta": 2.132441}}
{"target": -34.75836642533214, "params": {"C": 33910.86641606345, "gamma": 0.012414343400783245}, "datetime": {"datetime": "2021-09-29 09:00:50", "elapsed": 534.054586, "delta": 2.201672}}
{"target": -34.871283134153565, "params": {"C": 34289.991581215174, "gamma": 0.03275970440646585}, "datetime": {"datetime": "2021-09-29 09:00:54", "elapsed": 537.897033, "delta": 3.842447}}
{"target": -34.89604411837586, "params": {"C": 30312.98947969683, "gamma": 0.011487492132656565}, "datetime": {"datetime": "2021-09-29 09:00:56", "elapsed": 539.975858, "delta": 2.078825}}
{"target": -35.439432728355555, "params": {"C": 33552.13933607551, "gamma": 0.007652390982337168}, "datetime": {"datetime": "2021-09-29 09:00:59", "elapsed": 543.655125, "delta": 3.679267}}
{"target": -35.61267641260568, "params": {"C": 32596.210852732762, "gamma": 0.006921853322008182}, "datetime": {"datetime": "2021-09-29 09:01:03", "elapsed": 546.94185, "delta": 3.286725}}
{"target": -35.526356818730456, "params": {"C": 31116.105883003438, "gamma": 0.04807884147884757}, "datetime": {"datetime": "2021-09-29 09:01:07", "elapsed": 551.694022, "delta": 4.752172}}
{"target": -35.15231710327078, "params": {"C": 32490.5945377893, "gamma": 0.04011370147911079}, "datetime": {"datetime": "2021-09-29 09:01:10", "elapsed": 553.967277, "delta": 2.273255}}
{"target": -35.33585091114494, "params": {"C": 33399.196703875066, "gamma": 0.042928519593728974}, "datetime": {"datetime": "2021-09-29 09:01:13", "elapsed": 557.441514, "delta": 3.474237}}
{"target": -35.77437248160676, "params": {"C": 33901.15269245959, "gamma": 0.0061581657494415975}, "datetime": {"datetime": "2021-09-29 09:01:19", "elapsed": 563.506949, "delta": 6.065435}}
{"target": -34.48495445301692, "params": {"C": 32280.176002774893, "gamma": 0.018737394726008737}, "datetime": {"datetime": "2021-09-29 09:01:21", "elapsed": 565.83699, "delta": 2.330041}}
{"target": -34.93124103635887, "params": {"C": 33181.18743962124, "gamma": 0.03459754408740734}, "datetime": {"datetime": "2021-09-29 09:01:26", "elapsed": 570.172102, "delta": 4.335112}}
{"target": -35.14179814509639, "params": {"C": 34624.62142549888, "gamma": 0.009202829090731023}, "datetime": {"datetime": "2021-09-29 09:01:29", "elapsed": 573.709164, "delta": 3.537062}}
{"target": -36.17418707232792, "params": {"C": 31545.71224317649, "gamma": 0.06218314869414196}, "datetime": {"datetime": "2021-09-29 09:01:32", "elapsed": 576.062954, "delta": 2.35379}}
{"target": -34.73549620507872, "params": {"C": 32280.158793581835, "gamma": 0.03026198841540543}, "datetime": {"datetime": "2021-09-29 09:01:35", "elapsed": 579.071182, "delta": 3.008228}}
{"target": -35.34023939007214, "params": {"C": 32503.47016998024, "gamma": 0.04355266135720687}, "datetime": {"datetime": "2021-09-29 09:01:39", "elapsed": 582.978482, "delta": 3.9073}}
{"target": -35.69042643289872, "params": {"C": 34466.021265540214, "gamma": 0.006489999258571579}, "datetime": {"datetime": "2021-09-29 09:01:41", "elapsed": 585.310686, "delta": 2.332204}}
{"target": -35.34104359835023, "params": {"C": 33022.861933751, "gamma": 0.04324807642252692}, "datetime": {"datetime": "2021-09-29 09:01:44", "elapsed": 588.537927, "delta": 3.227241}}
{"target": -34.84813027679172, "params": {"C": 33511.46803309317, "gamma": 0.032559398047152396}, "datetime": {"datetime": "2021-09-29 09:01:47", "elapsed": 591.459107, "delta": 2.92118}}
{"target": -35.0031454924279, "params": {"C": 31697.799246183284, "gamma": 0.03699971133773162}, "datetime": {"datetime": "2021-09-29 09:01:50", "elapsed": 594.84301, "delta": 3.383903}}
{"target": -34.67186942781913, "params": {"C": 33901.10856961484, "gamma": 0.01334173245565987}, "datetime": {"datetime": "2021-09-29 09:01:56", "elapsed": 600.5097, "delta": 5.66669}}
{"target": -35.09299426440877, "params": {"C": 34749.973741273556, "gamma": 0.0375629438788459}, "datetime": {"datetime": "2021-09-29 09:01:59", "elapsed": 603.606157, "delta": 3.096457}}
{"target": -36.70895960237359, "params": {"C": 32985.86074716326, "gamma": 0.07353386160109679}, "datetime": {"datetime": "2021-09-29 09:02:01", "elapsed": 605.847505, "delta": 2.241348}}
{"target": -35.00783551572383, "params": {"C": 33286.96243195917, "gamma": 0.036328462987420485}, "datetime": {"datetime": "2021-09-29 09:02:04", "elapsed": 608.13554, "delta": 2.288035}}
{"target": -35.72738060641395, "params": {"C": 31999.041147854186, "gamma": 0.05157414531199938}, "datetime": {"datetime": "2021-09-29 09:02:06", "elapsed": 610.470381, "delta": 2.334841}}
{"target": -34.6864237672716, "params": {"C": 33277.38567993556, "gamma": 0.02835956755535959}, "datetime": {"datetime": "2021-09-29 09:02:10", "elapsed": 614.100004, "delta": 3.629623}}
{"target": -36.50653158367413, "params": {"C": 34861.093761065655, "gamma": 0.003297659426484729}, "datetime": {"datetime": "2021-09-29 09:02:12", "elapsed": 616.252166, "delta": 2.152162}}
{"target": -36.29585903421362, "params": {"C": 32446.915259505284, "gamma": 0.004080736127920164}, "datetime": {"datetime": "2021-09-29 09:02:14", "elapsed": 618.845109, "delta": 2.592943}}
{"target": -34.99880533536283, "params": {"C": 30712.27241340386, "gamma": 0.03740194293517063}, "datetime": {"datetime": "2021-09-29 09:02:18", "elapsed": 621.961832, "delta": 3.116723}}
{"target": -35.47520163979409, "params": {"C": 32492.533952568832, "gamma": 0.046087244469123774}, "datetime": {"datetime": "2021-09-29 09:02:21", "elapsed": 625.622887, "delta": 3.661055}}
{"target": -36.17270506042532, "params": {"C": 34749.98000372702, "gamma": 0.004507023711301673}, "datetime": {"datetime": "2021-09-29 09:02:25", "elapsed": 629.301529, "delta": 3.678642}}
{"target": -35.20335090575964, "params": {"C": 34749.94236267427, "gamma": 0.008782678447175143}, "datetime": {"datetime": "2021-09-29 09:02:28", "elapsed": 632.434734, "delta": 3.133205}}
{"target": -35.16444890256969, "params": {"C": 33939.73584488482, "gamma": 0.03962876245706062}, "datetime": {"datetime": "2021-09-29 09:02:30", "elapsed": 634.74593, "delta": 2.311196}}
{"target": -34.596582547714135, "params": {"C": 33974.67763686874, "gamma": 0.02500001135803897}, "datetime": {"datetime": "2021-09-29 09:02:32", "elapsed": 636.820789, "delta": 2.074859}}
{"target": -34.75665572466428, "params": {"C": 34126.94733041804, "gamma": 0.012411702940320683}, "datetime": {"datetime": "2021-09-29 09:02:35", "elapsed": 639.317436, "delta": 2.496647}}
{"target": -34.69420020945518, "params": {"C": 33642.30798604128, "gamma": 0.028541700319253877}, "datetime": {"datetime": "2021-09-29 09:02:37", "elapsed": 641.577558, "delta": 2.260122}}
{"target": -34.46866822760806, "params": {"C": 32334.213043892607, "gamma": 0.017114027122694518}, "datetime": {"datetime": "2021-09-29 09:02:41", "elapsed": 645.303833, "delta": 3.726275}}
{"target": -35.46358074478868, "params": {"C": 30001.397863137958, "gamma": 0.047653557869656804}, "datetime": {"datetime": "2021-09-29 09:02:45", "elapsed": 649.651584, "delta": 4.347751}}
{"target": -36.38164089655968, "params": {"C": 33665.63523941695, "gamma": 0.0037486062734451587}, "datetime": {"datetime": "2021-09-29 09:02:48", "elapsed": 652.040568, "delta": 2.388984}}
{"target": -35.150077650592635, "params": {"C": 33461.15263727423, "gamma": 0.009217119536307602}, "datetime": {"datetime": "2021-09-29 09:02:52", "elapsed": 656.688514, "delta": 4.647946}}
{"target": -35.47355468930412, "params": {"C": 30383.60500878946, "gamma": 0.04756444764673031}, "datetime": {"datetime": "2021-09-29 09:02:55", "elapsed": 658.969863, "delta": 2.281349}}
{"target": -34.67174176681367, "params": {"C": 33725.04066794962, "gamma": 0.02775584509148893}, "datetime": {"datetime": "2021-09-29 09:02:58", "elapsed": 662.598316, "delta": 3.628453}}
{"target": -35.848386504178045, "params": {"C": 34088.146894645426, "gamma": 0.05232838183837537}, "datetime": {"datetime": "2021-09-29 09:03:03", "elapsed": 666.893543, "delta": 4.295227}}
{"target": -34.666511550840724, "params": {"C": 32242.571148647578, "gamma": 0.027897982037375254}, "datetime": {"datetime": "2021-09-29 09:03:05", "elapsed": 669.313797, "delta": 2.420254}}
{"target": -35.08701558087052, "params": {"C": 30436.31163513748, "gamma": 0.009909242321653314}, "datetime": {"datetime": "2021-09-29 09:03:07", "elapsed": 671.799615, "delta": 2.485818}}
{"target": -35.899444610799414, "params": {"C": 33823.03554544787, "gamma": 0.005638452355921434}, "datetime": {"datetime": "2021-09-29 09:03:11", "elapsed": 674.951626, "delta": 3.152011}}
{"target": -35.803413958870706, "params": {"C": 32005.029065862676, "gamma": 0.006108960855694424}, "datetime": {"datetime": "2021-09-29 09:03:16", "elapsed": 680.382026, "delta": 5.4304}}
{"target": -35.59620741608601, "params": {"C": 34496.638779723646, "gamma": 0.04706764273714408}, "datetime": {"datetime": "2021-09-29 09:03:19", "elapsed": 683.676007, "delta": 3.293981}}
{"target": -34.735209762194685, "params": {"C": 30041.528492715654, "gamma": 0.030862316017226575}, "datetime": {"datetime": "2021-09-29 09:03:24", "elapsed": 688.642587, "delta": 4.96658}}
{"target": -35.682340218464965, "params": {"C": 34290.01721174796, "gamma": 0.04890336575999352}, "datetime": {"datetime": "2021-09-29 09:03:28", "elapsed": 692.025325, "delta": 3.382738}}
{"target": -35.12411286231561, "params": {"C": 31526.53082571893, "gamma": 0.03998310935689349}, "datetime": {"datetime": "2021-09-29 09:03:30", "elapsed": 694.757599, "delta": 2.732274}}
{"target": -34.98995748245724, "params": {"C": 31563.481672655882, "gamma": 0.03675847597603774}, "datetime": {"datetime": "2021-09-29 09:03:35", "elapsed": 699.589408, "delta": 4.831809}}
{"target": -34.74260688254469, "params": {"C": 32039.886435317283, "gamma": 0.030563127116603632}, "datetime": {"datetime": "2021-09-29 09:03:38", "elapsed": 702.392941, "delta": 2.803533}}
{"target": -34.89802879595889, "params": {"C": 32789.09098155007, "gamma": 0.03400875251710366}, "datetime": {"datetime": "2021-09-29 09:03:43", "elapsed": 707.155572, "delta": 4.762631}}
{"target": -34.88884735243466, "params": {"C": 34496.64876724588, "gamma": 0.011126177572554914}, "datetime": {"datetime": "2021-09-29 09:03:47", "elapsed": 711.573229, "delta": 4.417657}}
{"target": -36.041528711337904, "params": {"C": 33725.03458409364, "gamma": 0.00505583550814874}, "datetime": {"datetime": "2021-09-29 09:03:51", "elapsed": 714.862501, "delta": 3.289272}}
{"target": -36.79777728341408, "params": {"C": 34119.0573311769, "gamma": 0.07413934175323174}, "datetime": {"datetime": "2021-09-29 09:03:53", "elapsed": 717.488389, "delta": 2.625888}}
{"target": -35.002446079662874, "params": {"C": 34312.95003590282, "gamma": 0.035717257415995164}, "datetime": {"datetime": "2021-09-29 09:03:56", "elapsed": 720.164533, "delta": 2.676144}}
{"target": -34.78380891368878, "params": {"C": 31697.836130682, "gamma": 0.0318473475832326}, "datetime": {"datetime": "2021-09-29 09:03:59", "elapsed": 723.79573, "delta": 3.631197}}
{"target": -35.317326470218084, "params": {"C": 31914.247881138537, "gamma": 0.04350181281924112}, "datetime": {"datetime": "2021-09-29 09:04:02", "elapsed": 726.389616, "delta": 2.593886}}
{"target": -34.461862824927344, "params": {"C": 34418.18543871802, "gamma": 0.016645533521215408}, "datetime": {"datetime": "2021-09-29 09:04:08", "elapsed": 732.035492, "delta": 5.645876}}
{"target": -35.481549846164185, "params": {"C": 30115.19792368058, "gamma": 0.04793131124963827}, "datetime": {"datetime": "2021-09-29 09:04:11", "elapsed": 735.763059, "delta": 3.727567}}
{"target": -36.100529979678974, "params": {"C": 33725.00926087672, "gamma": 0.058100336819240865}, "datetime": {"datetime": "2021-09-29 09:04:18", "elapsed": 742.327413, "delta": 6.564354}}
{"target": -34.79555694716159, "params": {"C": 31219.778670784053, "gamma": 0.03232604616720026}, "datetime": {"datetime": "2021-09-29 09:04:22", "elapsed": 745.995672, "delta": 3.668259}}
{"target": -35.05093508052342, "params": {"C": 31307.661384014868, "gamma": 0.03833228951746722}, "datetime": {"datetime": "2021-09-29 09:04:26", "elapsed": 750.796879, "delta": 4.801207}}
{"target": -34.92063911653416, "params": {"C": 32417.55167886637, "gamma": 0.011064784433799567}, "datetime": {"datetime": "2021-09-29 09:04:29", "elapsed": 753.521363, "delta": 2.724484}}
{"target": -34.48305426444255, "params": {"C": 33266.816311627575, "gamma": 0.018660481259790446}, "datetime": {"datetime": "2021-09-29 09:04:32", "elapsed": 756.003518, "delta": 2.482155}}
{"target": -36.07548800786958, "params": {"C": 34302.92675202752, "gamma": 0.056989060894215404}, "datetime": {"datetime": "2021-09-29 09:04:34", "elapsed": 758.420615, "delta": 2.417097}}
{"target": -35.28764855057183, "params": {"C": 31946.460888249512, "gamma": 0.04293899236329903}, "datetime": {"datetime": "2021-09-29 09:04:39", "elapsed": 762.926127, "delta": 4.505512}}
{"target": -34.75632515313556, "params": {"C": 32005.06898110781, "gamma": 0.031029040426463848}, "datetime": {"datetime": "2021-09-29 09:04:42", "elapsed": 766.707919, "delta": 3.781792}}
{"target": -35.78540111200549, "params": {"C": 31579.85872944966, "gamma": 0.05310815183456126}, "datetime": {"datetime": "2021-09-29 09:04:45", "elapsed": 769.395225, "delta": 2.687306}}
{"target": -34.83242712718884, "params": {"C": 31946.421897053, "gamma": 0.03286601775934969}, "datetime": {"datetime": "2021-09-29 09:04:52", "elapsed": 776.231246, "delta": 6.836021}}
{"target": -35.789020956641295, "params": {"C": 30333.555699888475, "gamma": 0.05429963661513862}, "datetime": {"datetime": "2021-09-29 09:04:56", "elapsed": 779.861275, "delta": 3.630029}}
{"target": -35.6696911530121, "params": {"C": 31774.95043065285, "gamma": 0.006709549168885253}, "datetime": {"datetime": "2021-09-29 09:05:00", "elapsed": 783.915695, "delta": 4.05442}}
{"target": -35.55888254943335, "params": {"C": 32576.060382674248, "gamma": 0.0071656808501753995}, "datetime": {"datetime": "2021-09-29 09:05:02", "elapsed": 786.574179, "delta": 2.658484}}
{"target": -34.48405434773281, "params": {"C": 31984.381033028007, "gamma": 0.018626002082766706}, "datetime": {"datetime": "2021-09-29 09:05:09", "elapsed": 793.853786, "delta": 7.279607}}
{"target": -36.14830277030634, "params": {"C": 30012.828582394784, "gamma": 0.06329765619832903}, "datetime": {"datetime": "2021-09-29 09:05:12", "elapsed": 796.497077, "delta": 2.643291}}
{"target": -35.66709062579055, "params": {"C": 31984.40215890398, "gamma": 0.00671050993980515}, "datetime": {"datetime": "2021-09-29 09:05:16", "elapsed": 799.97014, "delta": 3.473063}}
{"target": -34.60968364015647, "params": {"C": 34624.66651017423, "gamma": 0.025374027028751578}, "datetime": {"datetime": "2021-09-29 09:05:19", "elapsed": 803.628824, "delta": 3.658684}}
{"target": -34.71238517447796, "params": {"C": 33910.84383874718, "gamma": 0.029089105946546706}, "datetime": {"datetime": "2021-09-29 09:05:28", "elapsed": 812.538701, "delta": 8.909877}}
{"target": -35.451140965372666, "params": {"C": 30101.528517497503, "gamma": 0.04732603159642556}, "datetime": {"datetime": "2021-09-29 09:05:32", "elapsed": 816.353488, "delta": 3.814787}}
{"target": -34.508612014054954, "params": {"C": 33181.13451190281, "gamma": 0.020671026636906547}, "datetime": {"datetime": "2021-09-29 09:05:37", "elapsed": 821.075549, "delta": 4.722061}}
{"target": -35.755767368800235, "params": {"C": 33181.12995227096, "gamma": 0.0511964523820916}, "datetime": {"datetime": "2021-09-29 09:05:41", "elapsed": 825.620753, "delta": 4.545204}}
{"target": -35.09236717418828, "params": {"C": 30041.524379486505, "gamma": 0.009899199407681034}, "datetime": {"datetime": "2021-09-29 09:05:45", "elapsed": 829.657644, "delta": 4.036891}}
{"target": -36.75810902946586, "params": {"C": 32416.90081614524, "gamma": 0.07549061437698737}, "datetime": {"datetime": "2021-09-29 09:05:48", "elapsed": 832.437971, "delta": 2.780327}}
{"target": -35.32287822837355, "params": {"C": 32280.18002180844, "gamma": 0.04337425926491223}, "datetime": {"datetime": "2021-09-29 09:05:52", "elapsed": 835.990936, "delta": 3.552965}}
{"target": -35.28053575834087, "params": {"C": 30102.65435931221, "gamma": 0.04399876308175161}, "datetime": {"datetime": "2021-09-29 09:05:55", "elapsed": 839.643203, "delta": 3.652267}}
{"target": -35.323586083842706, "params": {"C": 34414.62277583032, "gamma": 0.04212417700198167}, "datetime": {"datetime": "2021-09-29 09:05:59", "elapsed": 843.835653, "delta": 4.19245}}
{"target": -35.12049024480315, "params": {"C": 33134.8449199326, "gamma": 0.03902345648376852}, "datetime": {"datetime": "2021-09-29 09:06:05", "elapsed": 849.007122, "delta": 5.171469}}
{"target": -35.00359690705656, "params": {"C": 31219.82191504402, "gamma": 0.03725258712293178}, "datetime": {"datetime": "2021-09-29 09:06:08", "elapsed": 852.459417, "delta": 3.452295}}
{"target": -36.12494176588118, "params": {"C": 34930.76852626789, "gamma": 0.0046984498589329685}, "datetime": {"datetime": "2021-09-29 09:06:11", "elapsed": 855.294165, "delta": 2.834748}}
{"target": -35.074406975995046, "params": {"C": 31631.802746486377, "gamma": 0.03872112598351926}, "datetime": {"datetime": "2021-09-29 09:06:13", "elapsed": 857.823533, "delta": 2.529368}}
{"target": -34.92682605059115, "params": {"C": 32147.787853290596, "gamma": 0.034975333157968545}, "datetime": {"datetime": "2021-09-29 09:06:16", "elapsed": 860.51487, "delta": 2.691337}}
{"target": -34.75855387825027, "params": {"C": 33910.88872586648, "gamma": 0.03039849477249976}, "datetime": {"datetime": "2021-09-29 09:06:20", "elapsed": 864.312333, "delta": 3.797463}}
{"target": -34.65491700202487, "params": {"C": 30913.446316392743, "gamma": 0.027780574417584646}, "datetime": {"datetime": "2021-09-29 09:06:23", "elapsed": 867.226376, "delta": 2.914043}}
{"target": -34.53134684953823, "params": {"C": 32214.355482924144, "gamma": 0.015494698479247806}, "datetime": {"datetime": "2021-09-29 09:06:27", "elapsed": 871.410694, "delta": 4.184318}}
{"target": -36.20451342847659, "params": {"C": 30547.743333370796, "gamma": 0.0044532999441918115}, "datetime": {"datetime": "2021-09-29 09:06:34", "elapsed": 878.133888, "delta": 6.723194}}
{"target": -35.276675113672496, "params": {"C": 34289.978969617485, "gamma": 0.008393524780172166}, "datetime": {"datetime": "2021-09-29 09:06:38", "elapsed": 882.189299, "delta": 4.055411}}
{"target": -35.7992349710271, "params": {"C": 33910.8644569081, "gamma": 0.051487377029725084}, "datetime": {"datetime": "2021-09-29 09:06:42", "elapsed": 886.397321, "delta": 4.208022}}
{"target": -34.50918575867629, "params": {"C": 30843.457829043095, "gamma": 0.02061478454774112}, "datetime": {"datetime": "2021-09-29 09:06:47", "elapsed": 891.799201, "delta": 5.40188}}
{"target": -35.03744105859645, "params": {"C": 30869.214025960042, "gamma": 0.0102642804569496}, "datetime": {"datetime": "2021-09-29 09:06:52", "elapsed": 896.09698, "delta": 4.297779}}
{"target": -36.398862199683506, "params": {"C": 31825.659878185197, "gamma": 0.003694578232914271}, "datetime": {"datetime": "2021-09-29 09:06:56", "elapsed": 900.28033, "delta": 4.18335}}
{"target": -35.44885351789236, "params": {"C": 31984.432798416696, "gamma": 0.04592721698038822}, "datetime": {"datetime": "2021-09-29 09:07:05", "elapsed": 909.086101, "delta": 8.805771}}
{"target": -35.741105651926006, "params": {"C": 34624.664120302376, "gamma": 0.006268971054684793}, "datetime": {"datetime": "2021-09-29 09:07:12", "elapsed": 916.209223, "delta": 7.123122}}
{"target": -34.7391457967406, "params": {"C": 34629.63704265579, "gamma": 0.02971002541642654}, "datetime": {"datetime": "2021-09-29 09:07:17", "elapsed": 920.929393, "delta": 4.72017}}
{"target": -35.996622599469, "params": {"C": 33266.80200437424, "gamma": 0.005250706809521259}, "datetime": {"datetime": "2021-09-29 09:07:23", "elapsed": 926.929109, "delta": 5.999716}}
{"target": -34.906160125227274, "params": {"C": 33022.88221709994, "gamma": 0.011124847943033183}, "datetime": {"datetime": "2021-09-29 09:07:31", "elapsed": 935.657835, "delta": 8.728726}}
{"target": -34.68980554768267, "params": {"C": 32761.036859108197, "gamma": 0.013270355129606993}, "datetime": {"datetime": "2021-09-29 09:07:36", "elapsed": 939.873201, "delta": 4.215366}}
{"target": -34.55027922588246, "params": {"C": 31627.074048790564, "gamma": 0.023307097821808162}, "datetime": {"datetime": "2021-09-29 09:07:39", "elapsed": 942.978932, "delta": 3.105731}}
{"target": -35.59848799376143, "params": {"C": 33266.83232092263, "gamma": 0.006948952611058562}, "datetime": {"datetime": "2021-09-29 09:07:43", "elapsed": 947.73501, "delta": 4.756078}}
{"target": -34.69796033989417, "params": {"C": 31946.415394322277, "gamma": 0.013271598220721142}, "datetime": {"datetime": "2021-09-29 09:07:48", "elapsed": 952.140345, "delta": 4.405335}}
{"target": -34.479105693937015, "params": {"C": 33651.751469737406, "gamma": 0.01833893716426472}, "datetime": {"datetime": "2021-09-29 09:07:51", "elapsed": 955.120809, "delta": 2.980464}}
