{"target": -35.06795323163069, "params": {"C": 42270.64134866651, "gamma": 0.037091709043569045}, "datetime": {"datetime": "2021-09-29 09:31:31", "elapsed": 78.350897, "delta": 0.827003}}
{"target": -34.978254921287956, "params": {"C": 42030.82279616019, "gamma": 0.03532374156514181}, "datetime": {"datetime": "2021-09-29 09:31:32", "elapsed": 79.137193, "delta": 0.786296}}
{"target": -37.428949693372296, "params": {"C": 43993.05921853987, "gamma": 0.08559905830367807}, "datetime": {"datetime": "2021-09-29 09:31:33", "elapsed": 79.892817, "delta": 0.755624}}
{"target": -36.72653696831006, "params": {"C": 41234.42345477179, "gamma": 0.07183201278715709}, "datetime": {"datetime": "2021-09-29 09:31:34", "elapsed": 80.651811, "delta": 0.758994}}
{"target": -34.32254983171657, "params": {"C": 44367.28634420086, "gamma": 0.01591539469651374}, "datetime": {"datetime": "2021-09-29 09:31:35", "elapsed": 81.586811, "delta": 0.935}}
{"target": -34.33652314207381, "params": {"C": 40660.49131729562, "gamma": 0.017038535132675964}, "datetime": {"datetime": "2021-09-29 09:31:35", "elapsed": 82.354829, "delta": 0.768018}}
{"target": -37.27911691376878, "params": {"C": 41874.81186948846, "gamma": 0.08438077340597015}, "datetime": {"datetime": "2021-09-29 09:31:36", "elapsed": 83.328554, "delta": 0.973725}}
{"target": -37.30094440516703, "params": {"C": 40779.49324887199, "gamma": 0.0861050121363495}, "datetime": {"datetime": "2021-09-29 09:31:37", "elapsed": 84.405165, "delta": 1.076611}}
{"target": -35.62187130087487, "params": {"C": 44254.68718387769, "gamma": 0.04750176088860667}, "datetime": {"datetime": "2021-09-29 09:31:39", "elapsed": 85.500535, "delta": 1.09537}}
{"target": -34.66194412773015, "params": {"C": 43821.24986272167, "gamma": 0.027624435745243345}, "datetime": {"datetime": "2021-09-29 09:31:39", "elapsed": 86.288534, "delta": 0.787999}}
{"target": -35.70969115869737, "params": {"C": 41621.4554309342, "gamma": 0.05056732500825508}, "datetime": {"datetime": "2021-09-29 09:31:40", "elapsed": 87.017287, "delta": 0.728753}}
{"target": -36.59729520358309, "params": {"C": 44251.940947091476, "gamma": 0.06662339570314753}, "datetime": {"datetime": "2021-09-29 09:31:41", "elapsed": 87.718287, "delta": 0.701}}
{"target": -34.35912182479946, "params": {"C": 44084.54389628965, "gamma": 0.017573541103190267}, "datetime": {"datetime": "2021-09-29 09:31:42", "elapsed": 88.463286, "delta": 0.744999}}
{"target": -36.45406643298158, "params": {"C": 41574.61208496647, "gamma": 0.06547705665124366}, "datetime": {"datetime": "2021-09-29 09:31:42", "elapsed": 89.147722, "delta": 0.684436}}
{"target": -37.32843427600558, "params": {"C": 42216.43670707025, "gamma": 0.08517853177718773}, "datetime": {"datetime": "2021-09-29 09:31:43", "elapsed": 89.963316, "delta": 0.815594}}
{"target": -34.68277418342298, "params": {"C": 44001.49231990855, "gamma": 0.007139085864459867}, "datetime": {"datetime": "2021-09-29 09:31:44", "elapsed": 90.780896, "delta": 0.81758}}
{"target": -35.62625818037021, "params": {"C": 42402.44934163338, "gamma": 0.04847899082624283}, "datetime": {"datetime": "2021-09-29 09:31:45", "elapsed": 91.7049, "delta": 0.924004}}
{"target": -35.29314832642606, "params": {"C": 42894.099777164614, "gamma": 0.04150352659894276}, "datetime": {"datetime": "2021-09-29 09:31:46", "elapsed": 92.469913, "delta": 0.765013}}
{"target": -35.47909459706945, "params": {"C": 43293.93212632629, "gamma": 0.04504193588792755}, "datetime": {"datetime": "2021-09-29 09:31:46", "elapsed": 93.271956, "delta": 0.802043}}
{"target": -36.79138624809148, "params": {"C": 40817.63633045981, "gamma": 0.07379179303178977}, "datetime": {"datetime": "2021-09-29 09:31:47", "elapsed": 94.139955, "delta": 0.867999}}
{"target": -34.84414487833972, "params": {"C": 41743.85064438771, "gamma": 0.03250681522664722}, "datetime": {"datetime": "2021-09-29 09:31:48", "elapsed": 94.948843, "delta": 0.808888}}
{"target": -36.86998027709801, "params": {"C": 40391.9360158386, "gamma": 0.07613764588727524}, "datetime": {"datetime": "2021-09-29 09:31:49", "elapsed": 95.805843, "delta": 0.857}}
{"target": -36.17038094389518, "params": {"C": 40657.74620175512, "gamma": 0.060184628814666644}, "datetime": {"datetime": "2021-09-29 09:31:50", "elapsed": 96.60184, "delta": 0.795997}}
{"target": -37.21914738637228, "params": {"C": 43964.834731112125, "gamma": 0.08089591301914145}, "datetime": {"datetime": "2021-09-29 09:31:51", "elapsed": 97.797098, "delta": 1.195258}}
{"target": -37.80111614925069, "params": {"C": 42672.27913940279, "gamma": 0.0961905196638657}, "datetime": {"datetime": "2021-09-29 09:31:52", "elapsed": 98.612097, "delta": 0.814999}}
{"target": -36.7528327785127, "params": {"C": 44344.89063053114, "gamma": 0.07000319311085082}, "datetime": {"datetime": "2021-09-29 09:31:53", "elapsed": 99.489611, "delta": 0.877514}}
{"target": -36.508123928737504, "params": {"C": 42722.58555304288, "gamma": 0.06580074408898086}, "datetime": {"datetime": "2021-09-29 09:31:53", "elapsed": 100.411608, "delta": 0.921997}}
{"target": -35.54114105495883, "params": {"C": 44908.15435442085, "gamma": 0.04557957003520392}, "datetime": {"datetime": "2021-09-29 09:31:54", "elapsed": 101.420856, "delta": 1.009248}}
{"target": -36.23807977925459, "params": {"C": 41079.42647421929, "gamma": 0.061308783724771}, "datetime": {"datetime": "2021-09-29 09:31:56", "elapsed": 102.446844, "delta": 1.025988}}
{"target": -36.70000886846095, "params": {"C": 41063.84639467824, "gamma": 0.07133630427170405}, "datetime": {"datetime": "2021-09-29 09:31:57", "elapsed": 103.709383, "delta": 1.262539}}
{"target": -37.696495224930835, "params": {"C": 44788.30748852218, "gamma": 0.0909008904067222}, "datetime": {"datetime": "2021-09-29 09:31:58", "elapsed": 104.806597, "delta": 1.097214}}
{"target": -36.514452527060136, "params": {"C": 43436.23477702341, "gamma": 0.0654417012059551}, "datetime": {"datetime": "2021-09-29 09:31:59", "elapsed": 106.001599, "delta": 1.195002}}
{"target": -37.24940843922576, "params": {"C": 40323.8759268667, "gamma": 0.08531757307848736}, "datetime": {"datetime": "2021-09-29 09:32:00", "elapsed": 106.817939, "delta": 0.81634}}
{"target": -34.78635537483149, "params": {"C": 44830.3863279728, "gamma": 0.030172216386124606}, "datetime": {"datetime": "2021-09-29 09:32:01", "elapsed": 107.62594, "delta": 0.808001}}
{"target": -37.84965519574987, "params": {"C": 43998.994708310536, "gamma": 0.09581421574305153}, "datetime": {"datetime": "2021-09-29 09:32:02", "elapsed": 108.48994, "delta": 0.864}}
{"target": -35.469418955114925, "params": {"C": 40437.31742962199, "gamma": 0.04617049809553398}, "datetime": {"datetime": "2021-09-29 09:32:02", "elapsed": 109.306809, "delta": 0.816869}}
{"target": -35.86798973650655, "params": {"C": 40967.820794957785, "gamma": 0.05397441678038623}, "datetime": {"datetime": "2021-09-29 09:32:03", "elapsed": 110.129823, "delta": 0.823014}}
{"target": -36.01894069156048, "params": {"C": 41400.77492358923, "gamma": 0.05674726222841694}, "datetime": {"datetime": "2021-09-29 09:32:04", "elapsed": 111.211968, "delta": 1.082145}}
{"target": -36.73120148364583, "params": {"C": 42184.752667919805, "gamma": 0.07116875528591465}, "datetime": {"datetime": "2021-09-29 09:32:05", "elapsed": 112.062965, "delta": 0.850997}}
{"target": -36.939903120431985, "params": {"C": 44640.42075403422, "gamma": 0.07404517572910961}, "datetime": {"datetime": "2021-09-29 09:32:06", "elapsed": 113.068721, "delta": 1.005756}}
{"target": -36.89662702103014, "params": {"C": 44264.37573632236, "gamma": 0.07340489473117559}, "datetime": {"datetime": "2021-09-29 09:32:07", "elapsed": 113.952721, "delta": 0.884}}
{"target": -34.55449239376839, "params": {"C": 43657.912386988886, "gamma": 0.007879152080681358}, "datetime": {"datetime": "2021-09-29 09:32:08", "elapsed": 114.906928, "delta": 0.954207}}
{"target": -34.536542046826796, "params": {"C": 42412.375323859625, "gamma": 0.00810920084664255}, "datetime": {"datetime": "2021-09-29 09:32:09", "elapsed": 115.81093, "delta": 0.904002}}
{"target": -36.38911670929758, "params": {"C": 40090.35898698029, "gamma": 0.06518752898140961}, "datetime": {"datetime": "2021-09-29 09:32:10", "elapsed": 116.849276, "delta": 1.038346}}
{"target": -34.3737212028272, "params": {"C": 40389.93763503117, "gamma": 0.01876839763433555}, "datetime": {"datetime": "2021-09-29 09:32:11", "elapsed": 117.694277, "delta": 0.845001}}
{"target": -35.18469723590073, "params": {"C": 40284.234197719925, "gamma": 0.040355637006681565}, "datetime": {"datetime": "2021-09-29 09:32:12", "elapsed": 118.546283, "delta": 0.852006}}
{"target": -35.223023413440366, "params": {"C": 40732.55358280706, "gamma": 0.040982024728314206}, "datetime": {"datetime": "2021-09-29 09:32:13", "elapsed": 119.554225, "delta": 1.007942}}
{"target": -37.217821838511725, "params": {"C": 42051.34236546872, "gamma": 0.08273077754541552}, "datetime": {"datetime": "2021-09-29 09:32:14", "elapsed": 120.603225, "delta": 1.049}}
{"target": -34.28120166267106, "params": {"C": 43734.51654535272, "gamma": 0.011054677559362134}, "datetime": {"datetime": "2021-09-29 09:32:14", "elapsed": 121.404887, "delta": 0.801662}}
{"target": -36.79365103086341, "params": {"C": 43512.651365953316, "gamma": 0.07160510843205198}, "datetime": {"datetime": "2021-09-29 09:32:15", "elapsed": 122.367286, "delta": 0.962399}}
{"target": -34.48612123300315, "params": {"C": 40097.95712599667, "gamma": 0.02318759145180702}, "datetime": {"datetime": "2021-09-29 09:32:17", "elapsed": 123.72558, "delta": 1.358294}}
{"target": -37.68905265695732, "params": {"C": 41102.26310210868, "gamma": 0.09522267962572041}, "datetime": {"datetime": "2021-09-29 09:32:18", "elapsed": 124.581226, "delta": 0.855646}}
{"target": -34.33331757806092, "params": {"C": 40454.17487623439, "gamma": 0.016923131130211558}, "datetime": {"datetime": "2021-09-29 09:32:19", "elapsed": 125.507492, "delta": 0.926266}}
{"target": -37.65039315932742, "params": {"C": 40147.43419465145, "gamma": 0.09546860559293101}, "datetime": {"datetime": "2021-09-29 09:32:20", "elapsed": 126.464491, "delta": 0.956999}}
{"target": -34.54222911227151, "params": {"C": 44659.75916173763, "gamma": 0.023719755187187858}, "datetime": {"datetime": "2021-09-29 09:32:20", "elapsed": 127.305133, "delta": 0.840642}}
{"target": -36.27632629737043, "params": {"C": 42073.334948407835, "gamma": 0.06146874456717238}, "datetime": {"datetime": "2021-09-29 09:32:21", "elapsed": 128.127133, "delta": 0.822}}
{"target": -35.66593510653954, "params": {"C": 41857.595184811704, "gamma": 0.0495737893796268}, "datetime": {"datetime": "2021-09-29 09:32:22", "elapsed": 129.3704, "delta": 1.243267}}
{"target": -36.35737114892466, "params": {"C": 42580.35408498656, "gamma": 0.06284118953831866}, "datetime": {"datetime": "2021-09-29 09:32:23", "elapsed": 130.308398, "delta": 0.937998}}
{"target": -34.893835199136575, "params": {"C": 43025.67822813611, "gamma": 0.033249293031247996}, "datetime": {"datetime": "2021-09-29 09:32:24", "elapsed": 131.276618, "delta": 0.96822}}
{"target": -36.121960210998374, "params": {"C": 42808.41205524388, "gamma": 0.057927224432209816}, "datetime": {"datetime": "2021-09-29 09:32:25", "elapsed": 132.212618, "delta": 0.936}}
{"target": -34.365509605204444, "params": {"C": 43609.19028677103, "gamma": 0.017922954092002133}, "datetime": {"datetime": "2021-09-29 09:32:26", "elapsed": 133.268721, "delta": 1.056103}}
{"target": -35.088848717152096, "params": {"C": 41042.52281693023, "gamma": 0.03800372589514249}, "datetime": {"datetime": "2021-09-29 09:32:27", "elapsed": 134.324198, "delta": 1.055477}}
{"target": -35.06389529920943, "params": {"C": 42386.25468333412, "gamma": 0.03696431610486593}, "datetime": {"datetime": "2021-09-29 09:32:28", "elapsed": 135.259851, "delta": 0.935653}}
{"target": -37.18152445290748, "params": {"C": 40125.508307353644, "gamma": 0.0838771050671301}, "datetime": {"datetime": "2021-09-29 09:32:29", "elapsed": 136.359849, "delta": 1.099998}}
{"target": -34.60054354084846, "params": {"C": 40224.81649020017, "gamma": 0.026766816528764163}, "datetime": {"datetime": "2021-09-29 09:32:31", "elapsed": 137.478065, "delta": 1.118216}}
{"target": -37.79376546580854, "params": {"C": 40795.054513825104, "gamma": 0.09853963065055373}, "datetime": {"datetime": "2021-09-29 09:32:32", "elapsed": 138.815357, "delta": 1.337292}}
{"target": -36.52144330873768, "params": {"C": 44747.430531493956, "gamma": 0.0647128072999185}, "datetime": {"datetime": "2021-09-29 09:32:33", "elapsed": 139.990739, "delta": 1.175382}}
{"target": -37.809354394035445, "params": {"C": 44853.01422082934, "gamma": 0.09368391058229388}, "datetime": {"datetime": "2021-09-29 09:32:34", "elapsed": 140.97897, "delta": 0.988231}}
{"target": -37.07318038262336, "params": {"C": 41302.345063472654, "gamma": 0.08014304514982634}, "datetime": {"datetime": "2021-09-29 09:32:35", "elapsed": 141.907975, "delta": 0.929005}}
{"target": -37.89529197085601, "params": {"C": 42132.37962796539, "gamma": 0.09960840286993522}, "datetime": {"datetime": "2021-09-29 09:32:36", "elapsed": 143.141616, "delta": 1.233641}}
{"target": -34.26383741636154, "params": {"C": 42554.26604987585, "gamma": 0.013486094509108305}, "datetime": {"datetime": "2021-09-29 09:32:37", "elapsed": 144.101618, "delta": 0.960002}}
{"target": -36.683300147153496, "params": {"C": 44078.73642103724, "gamma": 0.06862033306722916}, "datetime": {"datetime": "2021-09-29 09:32:38", "elapsed": 145.035373, "delta": 0.933755}}
{"target": -37.10712996243655, "params": {"C": 41718.4279491867, "gamma": 0.08051529689989326}, "datetime": {"datetime": "2021-09-29 09:32:39", "elapsed": 145.94937, "delta": 0.913997}}
{"target": -34.45610652037631, "params": {"C": 42693.5056925563, "gamma": 0.02151201931238188}, "datetime": {"datetime": "2021-09-29 09:32:40", "elapsed": 147.230701, "delta": 1.281331}}
{"target": -35.85908340752423, "params": {"C": 42227.57455591604, "gamma": 0.05315107310933523}, "datetime": {"datetime": "2021-09-29 09:32:41", "elapsed": 148.216698, "delta": 0.985997}}
{"target": -34.32208969509023, "params": {"C": 43148.00782961528, "gamma": 0.016049473108982453}, "datetime": {"datetime": "2021-09-29 09:32:42", "elapsed": 149.036006, "delta": 0.819308}}
{"target": -35.83463613632265, "params": {"C": 44893.329746221505, "gamma": 0.05131936473152519}, "datetime": {"datetime": "2021-09-29 09:32:43", "elapsed": 150.186617, "delta": 1.150611}}
{"target": -35.73645800482234, "params": {"C": 40789.37725315227, "gamma": 0.051491560007123995}, "datetime": {"datetime": "2021-09-29 09:32:44", "elapsed": 151.001281, "delta": 0.814664}}
{"target": -35.71499985233279, "params": {"C": 43091.01040482562, "gamma": 0.04989424417633341}, "datetime": {"datetime": "2021-09-29 09:32:45", "elapsed": 151.805433, "delta": 0.804152}}
{"target": -34.74337206751943, "params": {"C": 41618.69465463288, "gamma": 0.030150266952763422}, "datetime": {"datetime": "2021-09-29 09:32:46", "elapsed": 152.791285, "delta": 0.985852}}
{"target": -37.185472750579216, "params": {"C": 41484.8253074451, "gamma": 0.08254756840802531}, "datetime": {"datetime": "2021-09-29 09:32:47", "elapsed": 153.723434, "delta": 0.932149}}
{"target": -35.049155333297236, "params": {"C": 43268.044860155125, "gamma": 0.0059674643392706814}, "datetime": {"datetime": "2021-09-29 09:32:48", "elapsed": 155.234854, "delta": 1.51142}}
{"target": -36.64959740257636, "params": {"C": 43445.11751096262, "gamma": 0.06833191250622848}, "datetime": {"datetime": "2021-09-29 09:32:49", "elapsed": 156.428815, "delta": 1.193961}}
{"target": -34.84322291879656, "params": {"C": 43466.10074697228, "gamma": 0.031915796330818084}, "datetime": {"datetime": "2021-09-29 09:32:50", "elapsed": 157.421995, "delta": 0.99318}}
{"target": -34.37617049267889, "params": {"C": 42843.79928299003, "gamma": 0.01850876687046054}, "datetime": {"datetime": "2021-09-29 09:32:52", "elapsed": 159.016213, "delta": 1.594218}}
{"target": -37.600814118354904, "params": {"C": 44163.353297510715, "gamma": 0.0893013020540216}, "datetime": {"datetime": "2021-09-29 09:32:53", "elapsed": 159.879932, "delta": 0.863719}}
{"target": -34.265766017589094, "params": {"C": 41280.232655507, "gamma": 0.013729842952590103}, "datetime": {"datetime": "2021-09-29 09:32:54", "elapsed": 160.812931, "delta": 0.932999}}
{"target": -37.53386483253609, "params": {"C": 41240.857152845834, "gamma": 0.09109559714556771}, "datetime": {"datetime": "2021-09-29 09:32:55", "elapsed": 162.070192, "delta": 1.257261}}
{"target": -37.10620973023844, "params": {"C": 41554.598854873184, "gamma": 0.08065512088552926}, "datetime": {"datetime": "2021-09-29 09:32:56", "elapsed": 163.085586, "delta": 1.015394}}
{"target": -37.948446312540376, "params": {"C": 44504.249623262855, "gamma": 0.0979406076588659}, "datetime": {"datetime": "2021-09-29 09:32:57", "elapsed": 164.087586, "delta": 1.002}}
{"target": -35.286451454828104, "params": {"C": 42126.74476306913, "gamma": 0.04168460664838042}, "datetime": {"datetime": "2021-09-29 09:32:58", "elapsed": 165.062582, "delta": 0.974996}}
{"target": -35.36962007845299, "params": {"C": 41777.26015388116, "gamma": 0.04350267415092113}, "datetime": {"datetime": "2021-09-29 09:32:59", "elapsed": 166.186585, "delta": 1.124003}}
{"target": -37.40588177305039, "params": {"C": 40782.42643328042, "gamma": 0.08861605398535065}, "datetime": {"datetime": "2021-09-29 09:33:01", "elapsed": 167.50887, "delta": 1.322285}}
{"target": -36.12100345590149, "params": {"C": 44098.00639062431, "gamma": 0.05718775083862398}, "datetime": {"datetime": "2021-09-29 09:33:02", "elapsed": 168.771872, "delta": 1.263002}}
{"target": -37.34018838951896, "params": {"C": 40218.2950447644, "gamma": 0.0877524982897482}, "datetime": {"datetime": "2021-09-29 09:33:03", "elapsed": 170.042217, "delta": 1.270345}}
{"target": -34.269933392077704, "params": {"C": 40123.10536283351, "gamma": 0.014066995135954719}, "datetime": {"datetime": "2021-09-29 09:33:04", "elapsed": 171.007667, "delta": 0.96545}}
{"target": -37.73431837219884, "params": {"C": 41739.270459247375, "gamma": 0.09559648358748542}, "datetime": {"datetime": "2021-09-29 09:33:05", "elapsed": 172.025671, "delta": 1.018004}}
{"target": -36.24490777274488, "params": {"C": 44465.87568160496, "gamma": 0.05938971547634222}, "datetime": {"datetime": "2021-09-29 09:33:07", "elapsed": 173.614428, "delta": 1.588757}}
{"target": -37.456771221786894, "params": {"C": 42356.13449564685, "gamma": 0.08797915301883648}, "datetime": {"datetime": "2021-09-29 09:33:08", "elapsed": 174.541041, "delta": 0.926613}}
{"target": -35.30676758318843, "params": {"C": 42545.06349315882, "gamma": 0.005251915974552983}, "datetime": {"datetime": "2021-09-29 09:33:09", "elapsed": 175.866533, "delta": 1.325492}}
{"target": -35.57850428233619, "params": {"C": 43972.27185561912, "gamma": 0.046747959739335446}, "datetime": {"datetime": "2021-09-29 09:33:10", "elapsed": 176.862533, "delta": 0.996}}
{"target": -37.61923644533678, "params": {"C": 41155.138000736486, "gamma": 0.09333116740362507}, "datetime": {"datetime": "2021-09-29 09:33:11", "elapsed": 177.881032, "delta": 1.018499}}
{"target": -34.25530909804896, "params": {"C": 43335.500805443575, "gamma": 0.01185187711003723}, "datetime": {"datetime": "2021-09-29 09:33:13", "elapsed": 179.504691, "delta": 1.623659}}
{"target": -36.14037434022463, "params": {"C": 41246.4142187617, "gamma": 0.05921292116659339}, "datetime": {"datetime": "2021-09-29 09:33:14", "elapsed": 180.61669, "delta": 1.111999}}
{"target": -35.41002245057485, "params": {"C": 44658.48389545954, "gamma": 0.043090199379605044}, "datetime": {"datetime": "2021-09-29 09:33:15", "elapsed": 181.526452, "delta": 0.909762}}
{"target": -35.66201932372902, "params": {"C": 42777.57089741949, "gamma": 0.0490212492054502}, "datetime": {"datetime": "2021-09-29 09:33:16", "elapsed": 182.505452, "delta": 0.979}}
{"target": -37.265211125693305, "params": {"C": 44157.2476026113, "gamma": 0.0817137950847645}, "datetime": {"datetime": "2021-09-29 09:33:17", "elapsed": 183.594419, "delta": 1.088967}}
{"target": -37.06964610409269, "params": {"C": 42522.839152794346, "gamma": 0.07889642336782918}, "datetime": {"datetime": "2021-09-29 09:33:18", "elapsed": 184.637113, "delta": 1.042694}}
{"target": -37.90740012069212, "params": {"C": 42810.19623921872, "gamma": 0.0990205608602606}, "datetime": {"datetime": "2021-09-29 09:33:19", "elapsed": 185.679885, "delta": 1.042772}}
{"target": -37.591155561526016, "params": {"C": 43643.955844503485, "gamma": 0.08965461931814939}, "datetime": {"datetime": "2021-09-29 09:33:20", "elapsed": 187.071696, "delta": 1.391811}}
{"target": -37.43801979970506, "params": {"C": 44900.42003680253, "gamma": 0.08487030991892022}, "datetime": {"datetime": "2021-09-29 09:33:21", "elapsed": 188.404698, "delta": 1.333002}}
{"target": -36.18286564206483, "params": {"C": 41280.99572755546, "gamma": 0.060047228847588306}, "datetime": {"datetime": "2021-09-29 09:33:23", "elapsed": 190.265977, "delta": 1.861279}}
{"target": -35.001115936752974, "params": {"C": 41730.28799917575, "gamma": 0.03590653424351027}, "datetime": {"datetime": "2021-09-29 09:33:25", "elapsed": 191.549364, "delta": 1.283387}}
{"target": -34.81666792662037, "params": {"C": 40573.63165377676, "gamma": 0.006925272669186402}, "datetime": {"datetime": "2021-09-29 09:33:26", "elapsed": 192.60336, "delta": 1.053996}}
{"target": -34.98948380512124, "params": {"C": 41862.63850467534, "gamma": 0.0062531904770591696}, "datetime": {"datetime": "2021-09-29 09:33:27", "elapsed": 193.694922, "delta": 1.091562}}
{"target": -35.892031049585775, "params": {"C": 41080.82350386262, "gamma": 0.054393459244955394}, "datetime": {"datetime": "2021-09-29 09:33:28", "elapsed": 195.061026, "delta": 1.366104}}
{"target": -37.78852618843045, "params": {"C": 44399.01389132435, "gamma": 0.09368489363130394}, "datetime": {"datetime": "2021-09-29 09:33:29", "elapsed": 196.138024, "delta": 1.076998}}
