{"target": -35.63344817879495, "params": {"C": 1925.9043668361087, "gamma": 0.04006635210025216}, "datetime": {"datetime": "2021-09-28 14:09:09", "elapsed": 822.776919, "delta": 4.641233}}
{"target": -36.2074781999912, "params": {"C": 1893.2042531080428, "gamma": 0.006489999258571579}, "datetime": {"datetime": "2021-09-28 14:09:11", "elapsed": 825.134995, "delta": 2.358076}}
{"target": -35.6217598273526, "params": {"C": 1927.4746396810351, "gamma": 0.014935785680529012}, "datetime": {"datetime": "2021-09-28 14:09:17", "elapsed": 830.808098, "delta": 5.673103}}
{"target": -36.63662278036378, "params": {"C": 1927.315917891266, "gamma": 0.003801922781390243}, "datetime": {"datetime": "2021-09-28 14:09:20", "elapsed": 834.158697, "delta": 3.350599}}
{"target": -35.579147694394024, "params": {"C": 1918.5842168234403, "gamma": 0.0355164006915782}, "datetime": {"datetime": "2021-09-28 14:09:25", "elapsed": 838.786852, "delta": 4.628155}}
{"target": -35.55090609448409, "params": {"C": 1849.2397039247812, "gamma": 0.0220577848582598}, "datetime": {"datetime": "2021-09-28 14:09:29", "elapsed": 842.875713, "delta": 4.088861}}
{"target": -35.92226859607459, "params": {"C": 1999.3630892646938, "gamma": 0.059035978539487034}, "datetime": {"datetime": "2021-09-28 14:09:35", "elapsed": 848.565939, "delta": 5.690226}}
{"target": -36.50139668740835, "params": {"C": 1597.172149432651, "gamma": 0.07353386160109679}, "datetime": {"datetime": "2021-09-28 14:09:37", "elapsed": 851.02708, "delta": 2.461141}}
{"target": -35.73472548681018, "params": {"C": 1657.392486391833, "gamma": 0.036328462987420485}, "datetime": {"datetime": "2021-09-28 14:09:40", "elapsed": 853.885495, "delta": 2.858415}}
{"target": -36.191610797906115, "params": {"C": 1399.808229570837, "gamma": 0.05157414531199938}, "datetime": {"datetime": "2021-09-28 14:09:43", "elapsed": 856.533578, "delta": 2.648083}}
{"target": -35.999965889697904, "params": {"C": 1905.1137650656856, "gamma": 0.06014328574136304}, "datetime": {"datetime": "2021-09-28 14:09:47", "elapsed": 860.568494, "delta": 4.034916}}
{"target": -35.62305104995534, "params": {"C": 1692.202385372028, "gamma": 0.024748704767001608}, "datetime": {"datetime": "2021-09-28 14:09:49", "elapsed": 863.092709, "delta": 2.524215}}
{"target": -35.57866522397626, "params": {"C": 1927.4985743838267, "gamma": 0.035800294121696885}, "datetime": {"datetime": "2021-09-28 14:09:53", "elapsed": 866.600906, "delta": 3.508197}}
{"target": -36.235569630473954, "params": {"C": 1999.3956047758197, "gamma": 0.005946492044916262}, "datetime": {"datetime": "2021-09-28 14:09:57", "elapsed": 870.957006, "delta": 4.3561}}
{"target": -35.70196015252793, "params": {"C": 1849.2235734847252, "gamma": 0.04230667161326381}, "datetime": {"datetime": "2021-09-28 14:10:01", "elapsed": 874.56016, "delta": 3.603154}}
{"target": -36.017231090523744, "params": {"C": 1927.3337948669596, "gamma": 0.06144221953565008}, "datetime": {"datetime": "2021-09-28 14:10:04", "elapsed": 877.91538, "delta": 3.35522}}
{"target": -35.741683673556736, "params": {"C": 1927.4746781522267, "gamma": 0.04796379444054441}, "datetime": {"datetime": "2021-09-28 14:10:08", "elapsed": 881.825678, "delta": 3.910298}}
{"target": -35.92034631287138, "params": {"C": 1927.509229477271, "gamma": 0.05725451358191621}, "datetime": {"datetime": "2021-09-28 14:10:13", "elapsed": 887.065304, "delta": 5.239626}}
{"target": -35.575480385896476, "params": {"C": 1794.9355273737478, "gamma": 0.02500001135803897}, "datetime": {"datetime": "2021-09-28 14:10:16", "elapsed": 889.514407, "delta": 2.449103}}
{"target": -35.78351604888724, "params": {"C": 1825.389466083609, "gamma": 0.012411702940320683}, "datetime": {"datetime": "2021-09-28 14:10:18", "elapsed": 892.399868, "delta": 2.885461}}
{"target": -35.55886666763157, "params": {"C": 1918.7340785369022, "gamma": 0.033892091087419016}, "datetime": {"datetime": "2021-09-28 14:10:23", "elapsed": 897.120379, "delta": 4.720511}}
{"target": -36.44188033002414, "params": {"C": 1849.2356967957621, "gamma": 0.004838393232541859}, "datetime": {"datetime": "2021-09-28 14:10:27", "elapsed": 901.028681, "delta": 3.908302}}
{"target": -36.02310402940429, "params": {"C": 1584.2846970934972, "gamma": 0.009883657414868293}, "datetime": {"datetime": "2021-09-28 14:10:32", "elapsed": 906.386523, "delta": 5.357842}}
{"target": -36.792006927533855, "params": {"C": 1733.1270478833908, "gamma": 0.0037486062734451587}, "datetime": {"datetime": "2021-09-28 14:10:35", "elapsed": 909.450611, "delta": 3.064088}}
{"target": -36.00581846073144, "params": {"C": 1794.9161509015876, "gamma": 0.057584613795527574}, "datetime": {"datetime": "2021-09-28 14:10:43", "elapsed": 916.492941, "delta": 7.04233}}
{"target": -36.490427742176145, "params": {"C": 1076.7210017578916, "gamma": 0.04756444764673031}, "datetime": {"datetime": "2021-09-28 14:10:45", "elapsed": 919.311948, "delta": 2.819007}}
{"target": -35.95288653827253, "params": {"C": 1918.6758930463582, "gamma": 0.009299676907730781}, "datetime": {"datetime": "2021-09-28 14:10:51", "elapsed": 925.170637, "delta": 5.858689}}
{"target": -35.876358562411866, "params": {"C": 1927.49413815116, "gamma": 0.01040943296358035}, "datetime": {"datetime": "2021-09-28 14:10:59", "elapsed": 932.497886, "delta": 7.327249}}
{"target": -35.79115802993049, "params": {"C": 1448.5142297295158, "gamma": 0.027897982037375254}, "datetime": {"datetime": "2021-09-28 14:11:01", "elapsed": 935.227394, "delta": 2.729508}}
{"target": -36.393161071516786, "params": {"C": 1087.2623270274964, "gamma": 0.009909242321653314}, "datetime": {"datetime": "2021-09-28 14:11:04", "elapsed": 938.323253, "delta": 3.095859}}
{"target": -36.490556929942336, "params": {"C": 1794.9357117709706, "gamma": 0.004704699480237256}, "datetime": {"datetime": "2021-09-28 14:11:12", "elapsed": 945.593674, "delta": 7.270421}}
{"target": -35.77918517194792, "params": {"C": 1692.266372698503, "gamma": 0.040986887257422625}, "datetime": {"datetime": "2021-09-28 14:11:18", "elapsed": 951.699446, "delta": 6.105772}}
{"target": -36.02994739252095, "params": {"C": 1918.5968923572325, "gamma": 0.06178022646304526}, "datetime": {"datetime": "2021-09-28 14:11:21", "elapsed": 955.429121, "delta": 3.729675}}
{"target": -35.531026635879215, "params": {"C": 1925.9410742420082, "gamma": 0.030821265911419104}, "datetime": {"datetime": "2021-09-28 14:11:28", "elapsed": 961.734964, "delta": 6.305843}}
{"target": -35.53405450264772, "params": {"C": 1927.3453094063275, "gamma": 0.01723684708634528}, "datetime": {"datetime": "2021-09-28 14:11:31", "elapsed": 965.356125, "delta": 3.621161}}
{"target": -36.0563370646431, "params": {"C": 1305.306165143786, "gamma": 0.03998310935689349}, "datetime": {"datetime": "2021-09-28 14:11:34", "elapsed": 968.419178, "delta": 3.063053}}
{"target": -35.82779012575468, "params": {"C": 1794.9615011189985, "gamma": 0.04808642137560829}, "datetime": {"datetime": "2021-09-28 14:11:39", "elapsed": 972.725848, "delta": 4.30667}}
{"target": -35.84466581312967, "params": {"C": 1407.9772870634565, "gamma": 0.030563127116603632}, "datetime": {"datetime": "2021-09-28 14:11:42", "elapsed": 976.029057, "delta": 3.303209}}
{"target": -36.79441449260683, "params": {"C": 1927.4497924644334, "gamma": 0.0033240254279481947}, "datetime": {"datetime": "2021-09-28 14:11:48", "elapsed": 982.441482, "delta": 6.412425}}
{"target": -35.65096597993533, "params": {"C": 1794.94061135874, "gamma": 0.036169743064309146}, "datetime": {"datetime": "2021-09-28 14:11:53", "elapsed": 986.559878, "delta": 4.118396}}
{"target": -35.779630816844076, "params": {"C": 1925.888256070266, "gamma": 0.05021824154695446}, "datetime": {"datetime": "2021-09-28 14:11:56", "elapsed": 990.268404, "delta": 3.708526}}
{"target": -36.36900487273029, "params": {"C": 1823.8114662353792, "gamma": 0.07413934175323174}, "datetime": {"datetime": "2021-09-28 14:12:00", "elapsed": 993.950892, "delta": 3.682488}}
{"target": -35.615933607739755, "params": {"C": 1905.0870524490647, "gamma": 0.03793556660632613}, "datetime": {"datetime": "2021-09-28 14:12:04", "elapsed": 998.47338, "delta": 4.522488}}
{"target": -36.236785611373556, "params": {"C": 1827.4212430004195, "gamma": 0.006430422070178682}, "datetime": {"datetime": "2021-09-28 14:12:11", "elapsed": 1004.886216, "delta": 6.412836}}
{"target": -36.04825861443547, "params": {"C": 1382.849576227707, "gamma": 0.04350181281924112}, "datetime": {"datetime": "2021-09-28 14:12:14", "elapsed": 1007.930285, "delta": 3.044069}}
{"target": -35.7806092849781, "params": {"C": 1999.3601370678152, "gamma": 0.011667045855183657}, "datetime": {"datetime": "2021-09-28 14:12:22", "elapsed": 1015.66226, "delta": 7.731975}}
{"target": -35.77981581740365, "params": {"C": 1794.6434364381948, "gamma": 0.04529757156408445}, "datetime": {"datetime": "2021-09-28 14:12:25", "elapsed": 1019.287227, "delta": 3.624967}}
{"target": -35.69799041842566, "params": {"C": 1925.9580460317793, "gamma": 0.04515193954824923}, "datetime": {"datetime": "2021-09-28 14:12:32", "elapsed": 1026.04412, "delta": 6.756893}}
{"target": -35.68570437390043, "params": {"C": 1896.920399656439, "gamma": 0.043054088661011326}, "datetime": {"datetime": "2021-09-28 14:12:36", "elapsed": 1030.077934, "delta": 4.033814}}
{"target": -35.651310837047, "params": {"C": 1942.139925791727, "gamma": 0.04207121181587791}, "datetime": {"datetime": "2021-09-28 14:12:44", "elapsed": 1037.996726, "delta": 7.918792}}
{"target": -35.61788818359821, "params": {"C": 1918.6076442660753, "gamma": 0.03858458726563646}, "datetime": {"datetime": "2021-09-28 14:12:49", "elapsed": 1043.08496, "delta": 5.088234}}
{"target": -35.579733749723246, "params": {"C": 1925.9729560594542, "gamma": 0.01584892071443857}, "datetime": {"datetime": "2021-09-28 14:12:54", "elapsed": 1047.943248, "delta": 4.858288}}
{"target": -35.952583064700235, "params": {"C": 1860.5853504055042, "gamma": 0.056989060894215404}, "datetime": {"datetime": "2021-09-28 14:12:57", "elapsed": 1050.649305, "delta": 2.706057}}
{"target": -35.65091887018784, "params": {"C": 1764.652397245084, "gamma": 0.03485750038245717}, "datetime": {"datetime": "2021-09-28 14:13:03", "elapsed": 1056.793309, "delta": 6.144004}}
{"target": -35.53400639265871, "params": {"C": 1927.52201570965, "gamma": 0.0317044254068627}, "datetime": {"datetime": "2021-09-28 14:13:07", "elapsed": 1060.851682, "delta": 4.058373}}
{"target": -36.31417757492434, "params": {"C": 1315.971745889932, "gamma": 0.05310815183456126}, "datetime": {"datetime": "2021-09-28 14:13:10", "elapsed": 1063.763538, "delta": 2.911856}}
{"target": -35.52297512920076, "params": {"C": 1927.4013328594474, "gamma": 0.028795253481632647}, "datetime": {"datetime": "2021-09-28 14:13:20", "elapsed": 1074.431396, "delta": 10.667858}}
{"target": -35.54702181263607, "params": {"C": 1918.5646174342978, "gamma": 0.032738940269915286}, "datetime": {"datetime": "2021-09-28 14:13:25", "elapsed": 1079.331857, "delta": 4.900461}}
{"target": -36.47048663323909, "params": {"C": 1918.5877086628066, "gamma": 0.004511621589076122}, "datetime": {"datetime": "2021-09-28 14:13:30", "elapsed": 1083.566307, "delta": 4.23445}}
{"target": -36.29224829327328, "params": {"C": 1515.2120765348495, "gamma": 0.0071656808501753995}, "datetime": {"datetime": "2021-09-28 14:13:33", "elapsed": 1086.845411, "delta": 3.279104}}
{"target": -35.67338286240055, "params": {"C": 1883.125840026556, "gamma": 0.04157044289500588}, "datetime": {"datetime": "2021-09-28 14:13:41", "elapsed": 1094.560951, "delta": 7.71554}}
{"target": -36.94395659342497, "params": {"C": 1002.5657164789568, "gamma": 0.06329765619832903}, "datetime": {"datetime": "2021-09-28 14:13:44", "elapsed": 1097.570117, "delta": 3.009166}}
{"target": -36.31737406269618, "params": {"C": 1743.207354218749, "gamma": 0.06976770399491615}, "datetime": {"datetime": "2021-09-28 14:13:50", "elapsed": 1103.62718, "delta": 6.057063}}
{"target": -35.849698030003694, "params": {"C": 1905.0577884076652, "gamma": 0.05332203064112338}, "datetime": {"datetime": "2021-09-28 14:13:56", "elapsed": 1109.90095, "delta": 6.27377}}
{"target": -36.29643383629803, "params": {"C": 1584.2892578721503, "gamma": 0.06404470707511842}, "datetime": {"datetime": "2021-09-28 14:14:04", "elapsed": 1118.084037, "delta": 8.183087}}
{"target": -35.66419527379651, "params": {"C": 1927.5440196562006, "gamma": 0.042546260159347746}, "datetime": {"datetime": "2021-09-28 14:14:11", "elapsed": 1125.455617, "delta": 7.37158}}
{"target": -35.52354819765996, "params": {"C": 1926.004065813966, "gamma": 0.028790729143444854}, "datetime": {"datetime": "2021-09-28 14:14:17", "elapsed": 1131.452551, "delta": 5.996934}}
{"target": -35.521661567734235, "params": {"C": 1950.0448249563422, "gamma": 0.0308076222135881}, "datetime": {"datetime": "2021-09-28 14:14:26", "elapsed": 1139.863699, "delta": 8.411148}}
{"target": -35.57204639407089, "params": {"C": 1827.4348101829341, "gamma": 0.029798743752741327}, "datetime": {"datetime": "2021-09-28 14:14:30", "elapsed": 1144.216943, "delta": 4.353244}}
{"target": -36.66019604905761, "params": {"C": 1483.3801632290483, "gamma": 0.07549061437698737}, "datetime": {"datetime": "2021-09-28 14:14:33", "elapsed": 1147.254459, "delta": 3.037516}}
{"target": -35.615812842131625, "params": {"C": 1918.6762211481546, "gamma": 0.03842451829176244}, "datetime": {"datetime": "2021-09-28 14:14:38", "elapsed": 1151.642696, "delta": 4.388237}}
{"target": -35.562448056387495, "params": {"C": 1926.0291798517226, "gamma": 0.03444214293674556}, "datetime": {"datetime": "2021-09-28 14:14:46", "elapsed": 1160.448356, "delta": 8.80566}}
{"target": -35.9168567278746, "params": {"C": 1692.3075312762603, "gamma": 0.04916255515566492}, "datetime": {"datetime": "2021-09-28 14:14:53", "elapsed": 1166.848936, "delta": 6.40058}}
{"target": -35.76260280306668, "params": {"C": 1926.0048187115462, "gamma": 0.049198460047876105}, "datetime": {"datetime": "2021-09-28 14:14:57", "elapsed": 1171.00619, "delta": 4.157254}}
{"target": -35.99569625211359, "params": {"C": 1950.0634058952612, "gamma": 0.008600990063946134}, "datetime": {"datetime": "2021-09-28 14:15:01", "elapsed": 1175.4746, "delta": 4.46841}}
{"target": -36.40947353720559, "params": {"C": 1986.1537052535791, "gamma": 0.0046984498589329685}, "datetime": {"datetime": "2021-09-28 14:15:05", "elapsed": 1178.798479, "delta": 3.323879}}
{"target": -36.01384414920575, "params": {"C": 1326.3605492972752, "gamma": 0.03872112598351926}, "datetime": {"datetime": "2021-09-28 14:15:08", "elapsed": 1181.796023, "delta": 2.997544}}
{"target": -35.872434944046795, "params": {"C": 1429.5575706581192, "gamma": 0.034975333157968545}, "datetime": {"datetime": "2021-09-28 14:15:11", "elapsed": 1184.934377, "delta": 3.138354}}
{"target": -36.639712471540875, "params": {"C": 1924.9817219441854, "gamma": 0.0037968566453355926}, "datetime": {"datetime": "2021-09-28 14:15:15", "elapsed": 1189.470716, "delta": 4.536339}}
{"target": -36.047439245595804, "params": {"C": 1182.6892632785489, "gamma": 0.027780574417584646}, "datetime": {"datetime": "2021-09-28 14:15:20", "elapsed": 1193.928282, "delta": 4.457566}}
{"target": -35.78720462243814, "params": {"C": 1950.065671246884, "gamma": 0.051436436006189086}, "datetime": {"datetime": "2021-09-28 14:15:24", "elapsed": 1197.9865, "delta": 4.058218}}
{"target": -36.20316763272183, "params": {"C": 1764.663672652055, "gamma": 0.00695524862263696}, "datetime": {"datetime": "2021-09-28 14:15:32", "elapsed": 1205.611546, "delta": 7.625046}}
{"target": -35.85113292039579, "params": {"C": 1918.5622225913453, "gamma": 0.05380441403601591}, "datetime": {"datetime": "2021-09-28 14:15:37", "elapsed": 1210.593802, "delta": 4.982256}}
{"target": -35.541632439974116, "params": {"C": 1883.625337060921, "gamma": 0.028356740678697014}, "datetime": {"datetime": "2021-09-28 14:15:41", "elapsed": 1215.292203, "delta": 4.698401}}
{"target": -35.5201972931329, "params": {"C": 1926.0607147581668, "gamma": 0.02180945403468766}, "datetime": {"datetime": "2021-09-28 14:15:50", "elapsed": 1223.507855, "delta": 8.215652}}
{"target": -35.52794783105049, "params": {"C": 1926.0275217941557, "gamma": 0.018697105685298376}, "datetime": {"datetime": "2021-09-28 14:15:54", "elapsed": 1227.913226, "delta": 4.405371}}
{"target": -36.63527613452232, "params": {"C": 1883.0672068904005, "gamma": 0.003905434181156757}, "datetime": {"datetime": "2021-09-28 14:15:59", "elapsed": 1233.02882, "delta": 5.115594}}
{"target": -35.56028642668147, "params": {"C": 1925.9877598316216, "gamma": 0.016356565931094736}, "datetime": {"datetime": "2021-09-28 14:16:11", "elapsed": 1244.654565, "delta": 11.625745}}
{"target": -35.522387344369704, "params": {"C": 1918.541389986603, "gamma": 0.02243460449325186}, "datetime": {"datetime": "2021-09-28 14:16:15", "elapsed": 1249.098524, "delta": 4.443959}}
{"target": -35.57947248668998, "params": {"C": 1926.0788386393763, "gamma": 0.03581356116818804}, "datetime": {"datetime": "2021-09-28 14:16:23", "elapsed": 1257.052079, "delta": 7.953555}}
{"target": -35.51853037169088, "params": {"C": 1926.0863362446985, "gamma": 0.025158171170044687}, "datetime": {"datetime": "2021-09-28 14:16:30", "elapsed": 1263.669106, "delta": 6.617027}}
{"target": -35.9844088309727, "params": {"C": 1764.6454185192626, "gamma": 0.055786814613503835}, "datetime": {"datetime": "2021-09-28 14:16:39", "elapsed": 1273.320995, "delta": 9.651889}}
{"target": -35.5337083661206, "params": {"C": 1927.4736556157081, "gamma": 0.03162840105947504}, "datetime": {"datetime": "2021-09-28 14:16:44", "elapsed": 1277.921206, "delta": 4.600211}}
{"target": -35.88069022508363, "params": {"C": 1325.4148097581128, "gamma": 0.023307097821808162}, "datetime": {"datetime": "2021-09-28 14:16:47", "elapsed": 1281.261628, "delta": 3.340422}}
{"target": -36.89068227299905, "params": {"C": 1927.5327322554022, "gamma": 0.003069151592843543}, "datetime": {"datetime": "2021-09-28 14:16:52", "elapsed": 1286.28948, "delta": 5.027852}}
{"target": -36.22422280595313, "params": {"C": 1942.1364740996064, "gamma": 0.070647950161464}, "datetime": {"datetime": "2021-09-28 14:16:57", "elapsed": 1291.400995, "delta": 5.111515}}
{"target": -35.60722766283418, "params": {"C": 1730.350293947482, "gamma": 0.01833893716426472}, "datetime": {"datetime": "2021-09-28 14:17:00", "elapsed": 1294.425354, "delta": 3.024359}}
{"target": -35.752477405713314, "params": {"C": 1925.981438963203, "gamma": 0.048588163814882526}, "datetime": {"datetime": "2021-09-28 14:17:09", "elapsed": 1303.317387, "delta": 8.892033}}
{"target": -36.331809827378805, "params": {"C": 1862.1623118491993, "gamma": 0.07347130494853897}, "datetime": {"datetime": "2021-09-28 14:17:13", "elapsed": 1307.361742, "delta": 4.044355}}
{"target": -35.56149159490963, "params": {"C": 1926.1144704173066, "gamma": 0.016324058201562915}, "datetime": {"datetime": "2021-09-28 14:17:20", "elapsed": 1313.936198, "delta": 6.574456}}
{"target": -35.57639021755158, "params": {"C": 1925.0036439416253, "gamma": 0.035527580635205315}, "datetime": {"datetime": "2021-09-28 14:17:28", "elapsed": 1322.281587, "delta": 8.345389}}
{"target": -35.52008773019079, "params": {"C": 1933.7659941637116, "gamma": 0.028640671511310067}, "datetime": {"datetime": "2021-09-28 14:17:40", "elapsed": 1333.739007, "delta": 11.45742}}
{"target": -35.60259572994373, "params": {"C": 1730.3775880352525, "gamma": 0.022965256241382407}, "datetime": {"datetime": "2021-09-28 14:17:50", "elapsed": 1344.172937, "delta": 10.43393}}
{"target": -36.28203138683351, "params": {"C": 1925.9535778714944, "gamma": 0.0057588647405765366}, "datetime": {"datetime": "2021-09-28 14:17:56", "elapsed": 1350.117705, "delta": 5.944768}}
{"target": -36.89550781301282, "params": {"C": 1926.1384398617984, "gamma": 0.003060345398013104}, "datetime": {"datetime": "2021-09-28 14:18:01", "elapsed": 1355.033246, "delta": 4.915541}}
{"target": -35.80923309423145, "params": {"C": 1926.0602941126933, "gamma": 0.05186655592170012}, "datetime": {"datetime": "2021-09-28 14:18:08", "elapsed": 1361.725933, "delta": 6.692687}}
{"target": -35.64401080957948, "params": {"C": 1918.5115805690227, "gamma": 0.040626881888334423}, "datetime": {"datetime": "2021-09-28 14:18:16", "elapsed": 1370.306264, "delta": 8.580331}}
{"target": -35.767904458302105, "params": {"C": 1730.3727484266492, "gamma": 0.04187701861809934}, "datetime": {"datetime": "2021-09-28 14:18:26", "elapsed": 1380.00935, "delta": 9.703086}}
{"target": -36.44712396876531, "params": {"C": 1918.525643402866, "gamma": 0.004640202071547828}, "datetime": {"datetime": "2021-09-28 14:18:31", "elapsed": 1384.726956, "delta": 4.717606}}
{"target": -35.87009553571743, "params": {"C": 1587.7483615006604, "gamma": 0.04246965904989585}, "datetime": {"datetime": "2021-09-28 14:18:34", "elapsed": 1388.404261, "delta": 3.677305}}
{"target": -36.46605675971348, "params": {"C": 1926.0412298493156, "gamma": 0.004518692908830478}, "datetime": {"datetime": "2021-09-28 14:18:40", "elapsed": 1393.697347, "delta": 5.293086}}
{"target": -35.748373920377055, "params": {"C": 1926.0808267498298, "gamma": 0.012542049394169766}, "datetime": {"datetime": "2021-09-28 14:18:50", "elapsed": 1404.433332, "delta": 10.735985}}
{"target": -35.636600101069845, "params": {"C": 1702.1675157890977, "gamma": 0.01686866825518755}, "datetime": {"datetime": "2021-09-28 14:18:55", "elapsed": 1409.103329, "delta": 4.669997}}
{"target": -35.566646217165385, "params": {"C": 1918.5331419308104, "gamma": 0.03451212329751072}, "datetime": {"datetime": "2021-09-28 14:19:02", "elapsed": 1415.7016, "delta": 6.598271}}
{"target": -36.39835204724536, "params": {"C": 1730.387139711586, "gamma": 0.005437636803918703}, "datetime": {"datetime": "2021-09-28 14:19:16", "elapsed": 1429.595976, "delta": 13.894376}}
