{"target": -35.98304493836035, "params": {"C": 1883.1059476693686, "gamma": 0.058856348233472834}, "datetime": {"datetime": "2021-09-28 14:02:54", "elapsed": 447.932951, "delta": 2.900095}}
{"target": -36.10973642252611, "params": {"C": 1217.544239444689, "gamma": 0.03735103776572256}, "datetime": {"datetime": "2021-09-28 14:02:56", "elapsed": 449.570646, "delta": 1.637695}}
{"target": -36.42847847393064, "params": {"C": 1950.0118094095492, "gamma": 0.07933030722694458}, "datetime": {"datetime": "2021-09-28 14:02:58", "elapsed": 452.135381, "delta": 2.564735}}
{"target": -35.73975602943184, "params": {"C": 1817.6043018906362, "gamma": 0.043690149313703214}, "datetime": {"datetime": "2021-09-28 14:03:01", "elapsed": 454.768729, "delta": 2.633348}}
{"target": -36.48467268862652, "params": {"C": 1237.7043462534014, "gamma": 0.05691417582728951}, "datetime": {"datetime": "2021-09-28 14:03:03", "elapsed": 456.572107, "delta": 1.803378}}
{"target": -35.62027625799339, "params": {"C": 1692.2342054250742, "gamma": 0.019536596842821382}, "datetime": {"datetime": "2021-09-28 14:03:04", "elapsed": 458.285119, "delta": 1.713012}}
{"target": -36.120478316085496, "params": {"C": 1596.5811719333865, "gamma": 0.00856431816231052}, "datetime": {"datetime": "2021-09-28 14:03:07", "elapsed": 461.090805, "delta": 2.805686}}
{"target": -35.61930237928766, "params": {"C": 1692.2587285207987, "gamma": 0.021493150884917017}, "datetime": {"datetime": "2021-09-28 14:03:13", "elapsed": 466.731082, "delta": 5.640277}}
{"target": -36.367574765119706, "params": {"C": 1927.3930315653029, "gamma": 0.07641114385275874}, "datetime": {"datetime": "2021-09-28 14:03:15", "elapsed": 469.201729, "delta": 2.470647}}
{"target": -35.81195431005273, "params": {"C": 1413.2410382393796, "gamma": 0.02608541609767129}, "datetime": {"datetime": "2021-09-28 14:03:17", "elapsed": 470.987268, "delta": 1.785539}}
{"target": -35.93357847349162, "params": {"C": 1692.2382797359217, "gamma": 0.05009946855053308}, "datetime": {"datetime": "2021-09-28 14:03:20", "elapsed": 473.934607, "delta": 2.947339}}
{"target": -35.75703434238124, "params": {"C": 1817.7251360563403, "gamma": 0.012935256333102569}, "datetime": {"datetime": "2021-09-28 14:03:22", "elapsed": 476.074256, "delta": 2.139649}}
{"target": -35.518140120939975, "params": {"C": 1927.3642860193286, "gamma": 0.025440927443742958}, "datetime": {"datetime": "2021-09-28 14:03:26", "elapsed": 479.648422, "delta": 3.574166}}
{"target": -37.123951910516745, "params": {"C": 1498.7483046935336, "gamma": 0.003382550285821045}, "datetime": {"datetime": "2021-09-28 14:03:29", "elapsed": 483.181213, "delta": 3.532791}}
{"target": -35.52515164894405, "params": {"C": 1927.389921994507, "gamma": 0.019391300654345616}, "datetime": {"datetime": "2021-09-28 14:03:32", "elapsed": 485.692682, "delta": 2.511469}}
{"target": -35.62387993049095, "params": {"C": 1692.2028902494108, "gamma": 0.02513111409637274}, "datetime": {"datetime": "2021-09-28 14:03:34", "elapsed": 488.186275, "delta": 2.493593}}
{"target": -36.10635352107953, "params": {"C": 1743.1864815192437, "gamma": 0.008047111886077435}, "datetime": {"datetime": "2021-09-28 14:03:38", "elapsed": 491.632265, "delta": 3.44599}}
{"target": -36.07237543009062, "params": {"C": 1489.3942855568262, "gamma": 0.04930403358080291}, "datetime": {"datetime": "2021-09-28 14:03:41", "elapsed": 494.999286, "delta": 3.367021}}
{"target": -36.123827885245326, "params": {"C": 1853.0475727107741, "gamma": 0.007435383679270092}, "datetime": {"datetime": "2021-09-28 14:03:45", "elapsed": 498.590149, "delta": 3.590863}}
{"target": -36.307815120859914, "params": {"C": 1692.1894390119915, "gamma": 0.006259246977121859}, "datetime": {"datetime": "2021-09-28 14:03:49", "elapsed": 502.834197, "delta": 4.244048}}
{"target": -36.29450964376184, "params": {"C": 1927.3949957289794, "gamma": 0.0056556659260292045}, "datetime": {"datetime": "2021-09-28 14:03:51", "elapsed": 505.222413, "delta": 2.388216}}
{"target": -35.759061750133355, "params": {"C": 1933.7231095057646, "gamma": 0.0492740438060804}, "datetime": {"datetime": "2021-09-28 14:03:54", "elapsed": 508.163566, "delta": 2.941153}}
{"target": -36.0462425538982, "params": {"C": 1692.196666418915, "gamma": 0.05646645321160666}, "datetime": {"datetime": "2021-09-28 14:03:57", "elapsed": 510.532412, "delta": 2.368846}}
{"target": -35.81301219808416, "params": {"C": 1418.4314221673385, "gamma": 0.017554449700043023}, "datetime": {"datetime": "2021-09-28 14:03:59", "elapsed": 513.054268, "delta": 2.521856}}
{"target": -35.58833763269232, "params": {"C": 1827.4385604848817, "gamma": 0.016357710534276794}, "datetime": {"datetime": "2021-09-28 14:04:03", "elapsed": 516.701111, "delta": 3.646843}}
{"target": -35.51825434185496, "params": {"C": 1965.3417304125503, "gamma": 0.031459071405400336}, "datetime": {"datetime": "2021-09-28 14:04:05", "elapsed": 519.196897, "delta": 2.495786}}
{"target": -36.12653980579357, "params": {"C": 1418.4488851804504, "gamma": 0.04907687448414349}, "datetime": {"datetime": "2021-09-28 14:04:08", "elapsed": 521.895979, "delta": 2.699082}}
{"target": -36.66264165699927, "params": {"C": 1918.727279595192, "gamma": 0.003735932529964002}, "datetime": {"datetime": "2021-09-28 14:04:11", "elapsed": 524.684588, "delta": 2.788609}}
{"target": -36.25806543003528, "params": {"C": 1827.453771143013, "gamma": 0.006242971895974365}, "datetime": {"datetime": "2021-09-28 14:04:13", "elapsed": 527.184846, "delta": 2.500258}}
{"target": -35.57152972167344, "params": {"C": 1905.116798039921, "gamma": 0.016176525204533033}, "datetime": {"datetime": "2021-09-28 14:04:15", "elapsed": 529.063398, "delta": 1.878552}}
{"target": -35.71834724547571, "params": {"C": 1584.269366389929, "gamma": 0.030333419848021608}, "datetime": {"datetime": "2021-09-28 14:04:17", "elapsed": 531.0392, "delta": 1.975802}}
{"target": -36.31847691209224, "params": {"C": 1070.332066317074, "gamma": 0.03893641177448632}, "datetime": {"datetime": "2021-09-28 14:04:19", "elapsed": 533.128215, "delta": 2.089015}}
{"target": -35.8684518445129, "params": {"C": 1654.145319456725, "gamma": 0.04496527661721822}, "datetime": {"datetime": "2021-09-28 14:04:21", "elapsed": 534.690936, "delta": 1.562721}}
{"target": -35.6625374641211, "params": {"C": 1999.2972799761121, "gamma": 0.045137874730061874}, "datetime": {"datetime": "2021-09-28 14:04:23", "elapsed": 537.466482, "delta": 2.775546}}
{"target": -35.75577023576368, "params": {"C": 1999.3165736745475, "gamma": 0.051086461887703764}, "datetime": {"datetime": "2021-09-28 14:04:27", "elapsed": 541.097449, "delta": 3.630967}}
{"target": -35.85924360217028, "params": {"C": 1827.428857633406, "gamma": 0.05116740227273584}, "datetime": {"datetime": "2021-09-28 14:04:30", "elapsed": 544.079669, "delta": 2.98222}}
{"target": -35.53549087662487, "params": {"C": 1905.148442529143, "gamma": 0.0187579532783666}, "datetime": {"datetime": "2021-09-28 14:04:34", "elapsed": 547.901988, "delta": 3.822319}}
{"target": -35.530525640054535, "params": {"C": 1905.1311322360566, "gamma": 0.02059820200946617}, "datetime": {"datetime": "2021-09-28 14:04:37", "elapsed": 550.837629, "delta": 2.935641}}
{"target": -35.856023551239915, "params": {"C": 1777.6983575629692, "gamma": 0.011387028641679012}, "datetime": {"datetime": "2021-09-28 14:04:39", "elapsed": 552.854884, "delta": 2.017255}}
{"target": -35.71708119393623, "params": {"C": 1905.1630039182833, "gamma": 0.045658077504980195}, "datetime": {"datetime": "2021-09-28 14:04:43", "elapsed": 556.674636, "delta": 3.819752}}
{"target": -35.5435254324532, "params": {"C": 1883.0780854998588, "gamma": 0.018848367927101786}, "datetime": {"datetime": "2021-09-28 14:04:47", "elapsed": 561.120464, "delta": 4.445828}}
{"target": -35.54440492698399, "params": {"C": 1883.1074440032335, "gamma": 0.02933707468026119}, "datetime": {"datetime": "2021-09-28 14:04:52", "elapsed": 565.568389, "delta": 4.447925}}
{"target": -36.28706670898075, "params": {"C": 1924.9460032205734, "gamma": 0.07302414285794534}, "datetime": {"datetime": "2021-09-28 14:04:56", "elapsed": 569.729964, "delta": 4.161575}}
{"target": -36.16364947369681, "params": {"C": 1518.7045758491743, "gamma": 0.00846711447484982}, "datetime": {"datetime": "2021-09-28 14:04:59", "elapsed": 572.956894, "delta": 3.22693}}
{"target": -35.69393906696794, "params": {"C": 1905.1373774155327, "gamma": 0.04401341889541155}, "datetime": {"datetime": "2021-09-28 14:05:04", "elapsed": 577.94699, "delta": 4.990096}}
{"target": -35.724415132902955, "params": {"C": 1518.758581452812, "gamma": 0.019516810450418105}, "datetime": {"datetime": "2021-09-28 14:05:06", "elapsed": 579.737101, "delta": 1.790111}}
{"target": -35.5257009080656, "params": {"C": 1927.3785939065574, "gamma": 0.019216851218642656}, "datetime": {"datetime": "2021-09-28 14:05:09", "elapsed": 582.631593, "delta": 2.894492}}
{"target": -36.20399888357788, "params": {"C": 1411.264517273738, "gamma": 0.05278664407183307}, "datetime": {"datetime": "2021-09-28 14:05:11", "elapsed": 584.773073, "delta": 2.14148}}
{"target": -35.53605149116764, "params": {"C": 1883.5767135560918, "gamma": 0.024124338874113256}, "datetime": {"datetime": "2021-09-28 14:05:14", "elapsed": 588.4668, "delta": 3.693727}}
{"target": -36.371383936659086, "params": {"C": 1581.5030755117616, "gamma": 0.06721249892319063}, "datetime": {"datetime": "2021-09-28 14:05:17", "elapsed": 590.572878, "delta": 2.106078}}
{"target": -35.52140455509256, "params": {"C": 1918.686798151271, "gamma": 0.02415647832368722}, "datetime": {"datetime": "2021-09-28 14:05:19", "elapsed": 593.105676, "delta": 2.532798}}
{"target": -36.20014465315563, "params": {"C": 1933.7380346716645, "gamma": 0.006435740192889803}, "datetime": {"datetime": "2021-09-28 14:05:23", "elapsed": 596.963195, "delta": 3.857519}}
{"target": -35.54501732438095, "params": {"C": 1883.058539876523, "gamma": 0.029543925528477673}, "datetime": {"datetime": "2021-09-28 14:05:26", "elapsed": 600.428137, "delta": 3.464942}}
{"target": -36.537122630297795, "params": {"C": 1883.1073107170519, "gamma": 0.0042558605509139084}, "datetime": {"datetime": "2021-09-28 14:05:30", "elapsed": 604.301369, "delta": 3.873232}}
{"target": -35.59233435758228, "params": {"C": 1918.7031484247614, "gamma": 0.03657179147747355}, "datetime": {"datetime": "2021-09-28 14:05:33", "elapsed": 607.248083, "delta": 2.946714}}
{"target": -35.96523452465322, "params": {"C": 1918.6895820818654, "gamma": 0.058975110876826595}, "datetime": {"datetime": "2021-09-28 14:05:37", "elapsed": 610.567312, "delta": 3.319229}}
{"target": -36.09451325174675, "params": {"C": 1827.3308290121845, "gamma": 0.007842396481417779}, "datetime": {"datetime": "2021-09-28 14:05:40", "elapsed": 613.802949, "delta": 3.235637}}
{"target": -35.56153351841378, "params": {"C": 1905.109749537297, "gamma": 0.03362189118374505}, "datetime": {"datetime": "2021-09-28 14:05:44", "elapsed": 618.210755, "delta": 4.407806}}
{"target": -36.34981316315989, "params": {"C": 1023.1157420526348, "gamma": 0.036971077013063854}, "datetime": {"datetime": "2021-09-28 14:05:46", "elapsed": 620.152721, "delta": 1.941966}}
{"target": -35.56002985189231, "params": {"C": 1827.4204158672255, "gamma": 0.023941265806599662}, "datetime": {"datetime": "2021-09-28 14:05:50", "elapsed": 623.905912, "delta": 3.753191}}
{"target": -35.607378302882125, "params": {"C": 1827.3049518365026, "gamma": 0.03418425777490405}, "datetime": {"datetime": "2021-09-28 14:05:55", "elapsed": 628.517559, "delta": 4.611647}}
{"target": -35.56585322894255, "params": {"C": 1924.9165067673794, "gamma": 0.034677125251107825}, "datetime": {"datetime": "2021-09-28 14:05:57", "elapsed": 631.411914, "delta": 2.894355}}
{"target": -35.776919076215755, "params": {"C": 1905.0879288025646, "gamma": 0.012138860396081606}, "datetime": {"datetime": "2021-09-28 14:06:02", "elapsed": 636.143255, "delta": 4.731341}}
{"target": -35.58000349192613, "params": {"C": 1883.0943473323598, "gamma": 0.034308767026600746}, "datetime": {"datetime": "2021-09-28 14:06:06", "elapsed": 639.912083, "delta": 3.768828}}
{"target": -35.9279984556831, "params": {"C": 1924.9112272044777, "gamma": 0.057520458119630725}, "datetime": {"datetime": "2021-09-28 14:06:09", "elapsed": 643.119225, "delta": 3.207142}}
{"target": -36.5193261620236, "params": {"C": 1905.1653786102788, "gamma": 0.0042854908235798045}, "datetime": {"datetime": "2021-09-28 14:06:13", "elapsed": 647.164666, "delta": 4.045441}}
{"target": -35.52052931975987, "params": {"C": 1924.987064048065, "gamma": 0.021871155093979248}, "datetime": {"datetime": "2021-09-28 14:06:16", "elapsed": 649.857556, "delta": 2.69289}}
{"target": -35.90701440962073, "params": {"C": 1352.7129692827266, "gamma": 0.031788087185341735}, "datetime": {"datetime": "2021-09-28 14:06:19", "elapsed": 652.887943, "delta": 3.030387}}
{"target": -36.76039114562707, "params": {"C": 1332.5499959716542, "gamma": 0.07345470837885522}, "datetime": {"datetime": "2021-09-28 14:06:21", "elapsed": 654.950462, "delta": 2.062519}}
{"target": -36.240983841016785, "params": {"C": 1008.3007770193931, "gamma": 0.02592867119581696}, "datetime": {"datetime": "2021-09-28 14:06:23", "elapsed": 657.012947, "delta": 2.062485}}
{"target": -35.655842626382906, "params": {"C": 1918.6558183841921, "gamma": 0.04155962661379845}, "datetime": {"datetime": "2021-09-28 14:06:26", "elapsed": 660.422317, "delta": 3.40937}}
{"target": -35.7057816312764, "params": {"C": 1918.6514810336103, "gamma": 0.013352835340671183}, "datetime": {"datetime": "2021-09-28 14:06:31", "elapsed": 664.51848, "delta": 4.096163}}
{"target": -35.62606151310582, "params": {"C": 1763.768870964106, "gamma": 0.0328560055042582}, "datetime": {"datetime": "2021-09-28 14:06:34", "elapsed": 667.483972, "delta": 2.965492}}
{"target": -35.57644401787957, "params": {"C": 1794.6452602047752, "gamma": 0.02554245135628548}, "datetime": {"datetime": "2021-09-28 14:06:36", "elapsed": 669.77702, "delta": 2.293048}}
{"target": -35.84134671048948, "params": {"C": 1367.5530459906427, "gamma": 0.022272402961532586}, "datetime": {"datetime": "2021-09-28 14:06:39", "elapsed": 672.790474, "delta": 3.013454}}
{"target": -36.233641270806494, "params": {"C": 1999.3026106447378, "gamma": 0.0724131575974559}, "datetime": {"datetime": "2021-09-28 14:06:44", "elapsed": 677.967264, "delta": 5.17679}}
{"target": -35.6071212474382, "params": {"C": 1764.6156575970153, "gamma": 0.030292874008806682}, "datetime": {"datetime": "2021-09-28 14:06:48", "elapsed": 681.509342, "delta": 3.542078}}
{"target": -36.08564974304502, "params": {"C": 1141.0786995648934, "gamma": 0.026720984419486914}, "datetime": {"datetime": "2021-09-28 14:06:50", "elapsed": 683.751875, "delta": 2.242533}}
{"target": -35.83335298112924, "params": {"C": 1584.2368870864093, "gamma": 0.03986116498934023}, "datetime": {"datetime": "2021-09-28 14:06:54", "elapsed": 687.81601, "delta": 4.064135}}
{"target": -35.51001452644252, "params": {"C": 1999.3086573540832, "gamma": 0.031853164686288016}, "datetime": {"datetime": "2021-09-28 14:06:57", "elapsed": 691.059699, "delta": 3.243689}}
{"target": -35.63330851115687, "params": {"C": 1918.6311539411063, "gamma": 0.039792881177532234}, "datetime": {"datetime": "2021-09-28 14:07:00", "elapsed": 694.289981, "delta": 3.230282}}
{"target": -35.581792643547864, "params": {"C": 1794.6053652680378, "gamma": 0.027899082916780883}, "datetime": {"datetime": "2021-09-28 14:07:04", "elapsed": 697.595047, "delta": 3.305066}}
{"target": -35.49199333639258, "params": {"C": 1999.3293346949476, "gamma": 0.027022461362262756}, "datetime": {"datetime": "2021-09-28 14:07:08", "elapsed": 702.055494, "delta": 4.460447}}
{"target": -36.10196037027517, "params": {"C": 1122.61407215127, "gamma": 0.026058295770440755}, "datetime": {"datetime": "2021-09-28 14:07:10", "elapsed": 704.22922, "delta": 2.173726}}
{"target": -36.456125340713236, "params": {"C": 1794.6027083841764, "gamma": 0.0048974684282965305}, "datetime": {"datetime": "2021-09-28 14:07:13", "elapsed": 707.017483, "delta": 2.788263}}
{"target": -36.674761295052726, "params": {"C": 1316.5501068408294, "gamma": 0.06927508243396777}, "datetime": {"datetime": "2021-09-28 14:07:15", "elapsed": 709.321851, "delta": 2.304368}}
{"target": -36.24179893245511, "params": {"C": 1167.2501418998627, "gamma": 0.01105054088870389}, "datetime": {"datetime": "2021-09-28 14:07:18", "elapsed": 711.50804, "delta": 2.186189}}
{"target": -36.01839210329703, "params": {"C": 1918.643321270638, "gamma": 0.06129061445632436}, "datetime": {"datetime": "2021-09-28 14:07:21", "elapsed": 715.170077, "delta": 3.662037}}
{"target": -35.62418512724545, "params": {"C": 1692.2831938963393, "gamma": 0.025280313864384233}, "datetime": {"datetime": "2021-09-28 14:07:24", "elapsed": 718.326595, "delta": 3.156518}}
{"target": -35.8820305189122, "params": {"C": 1999.3183649528219, "gamma": 0.01006097985961488}, "datetime": {"datetime": "2021-09-28 14:07:30", "elapsed": 724.195623, "delta": 5.869028}}
{"target": -35.56047300040505, "params": {"C": 1927.4194583669057, "gamma": 0.03433218475922697}, "datetime": {"datetime": "2021-09-28 14:07:34", "elapsed": 728.161397, "delta": 3.965774}}
{"target": -35.51907749846197, "params": {"C": 1925.9229070457259, "gamma": 0.02589987202090021}, "datetime": {"datetime": "2021-09-28 14:07:36", "elapsed": 730.473234, "delta": 2.311837}}
{"target": -35.528588097407166, "params": {"C": 1918.606813979437, "gamma": 0.019342555719125052}, "datetime": {"datetime": "2021-09-28 14:07:39", "elapsed": 733.442908, "delta": 2.969674}}
{"target": -36.2057056487308, "params": {"C": 1080.9665269622456, "gamma": 0.03181746224095463}, "datetime": {"datetime": "2021-09-28 14:07:42", "elapsed": 735.990088, "delta": 2.54718}}
{"target": -35.63121554668796, "params": {"C": 1849.2519840974262, "gamma": 0.036988996400087695}, "datetime": {"datetime": "2021-09-28 14:07:44", "elapsed": 738.237428, "delta": 2.24734}}
{"target": -35.86686764669202, "params": {"C": 1794.6138315286266, "gamma": 0.05033423333415383}, "datetime": {"datetime": "2021-09-28 14:07:49", "elapsed": 743.273431, "delta": 5.036003}}
{"target": -35.89380537270396, "params": {"C": 1794.6534434048594, "gamma": 0.010684613171753083}, "datetime": {"datetime": "2021-09-28 14:07:52", "elapsed": 746.451489, "delta": 3.178058}}
{"target": -35.982954443489135, "params": {"C": 1918.6281058734826, "gamma": 0.008876642166965007}, "datetime": {"datetime": "2021-09-28 14:07:56", "elapsed": 750.011059, "delta": 3.55957}}
{"target": -35.85977326395695, "params": {"C": 1925.002476513706, "gamma": 0.010679016603651713}, "datetime": {"datetime": "2021-09-28 14:07:59", "elapsed": 753.008343, "delta": 2.997284}}
{"target": -35.99154493865789, "params": {"C": 1450.046803100663, "gamma": 0.04340547176298926}, "datetime": {"datetime": "2021-09-28 14:08:02", "elapsed": 755.924955, "delta": 2.916612}}
{"target": -35.790462552574105, "params": {"C": 1794.6659118454147, "gamma": 0.045914971310815414}, "datetime": {"datetime": "2021-09-28 14:08:05", "elapsed": 759.147738, "delta": 3.222783}}
{"target": -35.70521690660463, "params": {"C": 1927.4008985020564, "gamma": 0.04566204341864856}, "datetime": {"datetime": "2021-09-28 14:08:08", "elapsed": 762.359784, "delta": 3.212046}}
{"target": -35.54974960796415, "params": {"C": 1927.4514401705392, "gamma": 0.03335959082996619}, "datetime": {"datetime": "2021-09-28 14:08:12", "elapsed": 765.587723, "delta": 3.227939}}
{"target": -35.61527443129959, "params": {"C": 1999.3404495246832, "gamma": 0.041292400161457146}, "datetime": {"datetime": "2021-09-28 14:08:16", "elapsed": 769.696181, "delta": 4.108458}}
{"target": -36.318115150053046, "params": {"C": 1062.5978959393656, "gamma": 0.011487492132656565}, "datetime": {"datetime": "2021-09-28 14:08:18", "elapsed": 771.948103, "delta": 2.251922}}
{"target": -35.58871274942933, "params": {"C": 1927.3439946590129, "gamma": 0.03659850492513068}, "datetime": {"datetime": "2021-09-28 14:08:21", "elapsed": 775.208614, "delta": 3.260511}}
{"target": -35.51930783386205, "params": {"C": 1999.3630667614264, "gamma": 0.032859567657359506}, "datetime": {"datetime": "2021-09-28 14:08:26", "elapsed": 779.936118, "delta": 4.727504}}
{"target": -36.13780127080156, "params": {"C": 1925.9096556946208, "gamma": 0.00704960697896027}, "datetime": {"datetime": "2021-09-28 14:08:31", "elapsed": 784.551227, "delta": 4.615109}}
{"target": -35.89709725217804, "params": {"C": 1498.11890755786, "gamma": 0.04011370147911079}, "datetime": {"datetime": "2021-09-28 14:08:33", "elapsed": 787.137698, "delta": 2.586471}}
{"target": -35.51805885594884, "params": {"C": 1927.3200023786867, "gamma": 0.025255660476351544}, "datetime": {"datetime": "2021-09-28 14:08:39", "elapsed": 792.826796, "delta": 5.689098}}
{"target": -35.641877332698044, "params": {"C": 1927.309723819403, "gamma": 0.040780198430535416}, "datetime": {"datetime": "2021-09-28 14:08:46", "elapsed": 799.898672, "delta": 7.071876}}
{"target": -35.77589690458192, "params": {"C": 1456.0352005549785, "gamma": 0.018737394726008737}, "datetime": {"datetime": "2021-09-28 14:08:48", "elapsed": 802.154131, "delta": 2.255459}}
{"target": -35.65290884296653, "params": {"C": 1925.9271875807065, "gamma": 0.041597378330940786}, "datetime": {"datetime": "2021-09-28 14:08:53", "elapsed": 807.124225, "delta": 4.970094}}
{"target": -35.84284463235936, "params": {"C": 1927.4424470254673, "gamma": 0.053643728399089395}, "datetime": {"datetime": "2021-09-28 14:08:57", "elapsed": 810.859035, "delta": 3.73481}}
{"target": -36.517047236323066, "params": {"C": 1309.142448635298, "gamma": 0.06218314869414196}, "datetime": {"datetime": "2021-09-28 14:08:59", "elapsed": 813.191869, "delta": 2.332834}}
{"target": -35.72058357539881, "params": {"C": 1999.3838708426504, "gamma": 0.04905776669497506}, "datetime": {"datetime": "2021-09-28 14:09:04", "elapsed": 818.135686, "delta": 4.943817}}
