{"target": -34.81922488220747, "params": {"C": 6083.458153643711, "gamma": 0.038364474011370206}, "datetime": {"datetime": "2021-09-28 18:06:21", "elapsed": 214.445961, "delta": 1.048895}}
{"target": -35.09069202711714, "params": {"C": 6169.444990434826, "gamma": 0.05647455633935278}, "datetime": {"datetime": "2021-09-28 18:06:22", "elapsed": 215.602821, "delta": 1.15686}}
{"target": -35.29045500323457, "params": {"C": 6933.757345914121, "gamma": 0.013744450370436742}, "datetime": {"datetime": "2021-09-28 18:06:23", "elapsed": 216.637908, "delta": 1.035087}}
{"target": -35.06184196182267, "params": {"C": 6117.427360381981, "gamma": 0.017488206251791608}, "datetime": {"datetime": "2021-09-28 18:06:25", "elapsed": 218.412128, "delta": 1.77422}}
{"target": -34.81272762449444, "params": {"C": 6088.344656559611, "gamma": 0.03261382840728585}, "datetime": {"datetime": "2021-09-28 18:06:26", "elapsed": 219.460984, "delta": 1.048856}}
{"target": -34.98210179230598, "params": {"C": 6115.023849634876, "gamma": 0.05024777448072802}, "datetime": {"datetime": "2021-09-28 18:06:27", "elapsed": 220.93288, "delta": 1.471896}}
{"target": -35.06382143371319, "params": {"C": 6980.186073141555, "gamma": 0.05603905973563997}, "datetime": {"datetime": "2021-09-28 18:06:28", "elapsed": 221.959131, "delta": 1.026251}}
{"target": -35.20721516229459, "params": {"C": 6324.029874541313, "gamma": 0.06328397344447442}, "datetime": {"datetime": "2021-09-28 18:06:30", "elapsed": 223.178881, "delta": 1.21975}}
{"target": -35.03799476696512, "params": {"C": 6503.791334451241, "gamma": 0.054191664316346165}, "datetime": {"datetime": "2021-09-28 18:06:31", "elapsed": 224.987928, "delta": 1.809047}}
{"target": -34.787071317543294, "params": {"C": 6846.620799353628, "gamma": 0.02830529978835824}, "datetime": {"datetime": "2021-09-28 18:06:33", "elapsed": 226.292671, "delta": 1.304743}}
{"target": -35.795474636837405, "params": {"C": 6776.419563770092, "gamma": 0.008057766920947229}, "datetime": {"datetime": "2021-09-28 18:06:34", "elapsed": 227.424001, "delta": 1.13133}}
{"target": -34.927470292612725, "params": {"C": 6918.766846554588, "gamma": 0.04884143784419492}, "datetime": {"datetime": "2021-09-28 18:06:35", "elapsed": 228.537034, "delta": 1.113033}}
{"target": -35.03908662372967, "params": {"C": 6703.398052078962, "gamma": 0.05462245798503643}, "datetime": {"datetime": "2021-09-28 18:06:36", "elapsed": 229.653989, "delta": 1.116955}}
{"target": -34.89492812000854, "params": {"C": 6764.603229977496, "gamma": 0.020325638461856397}, "datetime": {"datetime": "2021-09-28 18:06:37", "elapsed": 230.731937, "delta": 1.077948}}
{"target": -34.81261481808353, "params": {"C": 6360.324409500971, "gamma": 0.040402994963922606}, "datetime": {"datetime": "2021-09-28 18:06:39", "elapsed": 232.193072, "delta": 1.461135}}
{"target": -35.08523138059356, "params": {"C": 6504.776587153328, "gamma": 0.056810115600536094}, "datetime": {"datetime": "2021-09-28 18:06:40", "elapsed": 233.738997, "delta": 1.545925}}
{"target": -34.98591218682222, "params": {"C": 6096.926463652842, "gamma": 0.05042334248517067}, "datetime": {"datetime": "2021-09-28 18:06:41", "elapsed": 235.124918, "delta": 1.385921}}
{"target": -35.17303538109077, "params": {"C": 6454.737626991734, "gamma": 0.06159049966936605}, "datetime": {"datetime": "2021-09-28 18:06:43", "elapsed": 236.204429, "delta": 1.079511}}
{"target": -34.797885917332245, "params": {"C": 6853.039891523958, "gamma": 0.02700525662750726}, "datetime": {"datetime": "2021-09-28 18:06:44", "elapsed": 237.30175, "delta": 1.097321}}
{"target": -34.946599388078376, "params": {"C": 6343.584119970041, "gamma": 0.019315534309554253}, "datetime": {"datetime": "2021-09-28 18:06:45", "elapsed": 238.971948, "delta": 1.670198}}
{"target": -34.821425419809394, "params": {"C": 6884.992190639059, "gamma": 0.02446166516072808}, "datetime": {"datetime": "2021-09-28 18:06:47", "elapsed": 240.693027, "delta": 1.721079}}
{"target": -35.0222924992975, "params": {"C": 6409.88766239863, "gamma": 0.01768093424651262}, "datetime": {"datetime": "2021-09-28 18:06:49", "elapsed": 242.584387, "delta": 1.89136}}
{"target": -34.84568362189782, "params": {"C": 6901.62672516399, "gamma": 0.02263017573972299}, "datetime": {"datetime": "2021-09-28 18:06:50", "elapsed": 244.05793, "delta": 1.473543}}
{"target": -35.17615615985213, "params": {"C": 6846.6184220226, "gamma": 0.06202956194390848}, "datetime": {"datetime": "2021-09-28 18:06:52", "elapsed": 245.730897, "delta": 1.672967}}
{"target": -34.80468857059718, "params": {"C": 6360.346994341521, "gamma": 0.03906459664731071}, "datetime": {"datetime": "2021-09-28 18:06:53", "elapsed": 246.92036, "delta": 1.189463}}
{"target": -34.80344158516819, "params": {"C": 6205.631997599355, "gamma": 0.03279402491041226}, "datetime": {"datetime": "2021-09-28 18:06:55", "elapsed": 248.198857, "delta": 1.278497}}
{"target": -35.22672486545643, "params": {"C": 6313.417398325521, "gamma": 0.01503575912561992}, "datetime": {"datetime": "2021-09-28 18:06:56", "elapsed": 249.967926, "delta": 1.769069}}
{"target": -35.09477819193067, "params": {"C": 6360.338032131965, "gamma": 0.05707302394563056}, "datetime": {"datetime": "2021-09-28 18:06:58", "elapsed": 251.90574, "delta": 1.937814}}
{"target": -35.07137768663745, "params": {"C": 6353.485246804635, "gamma": 0.05575799759081964}, "datetime": {"datetime": "2021-09-28 18:06:59", "elapsed": 253.097156, "delta": 1.191416}}
{"target": -35.13703287790444, "params": {"C": 6886.423405533118, "gamma": 0.05991197161615538}, "datetime": {"datetime": "2021-09-28 18:07:02", "elapsed": 255.502851, "delta": 2.405695}}
{"target": -34.9501176175073, "params": {"C": 6489.380768241886, "gamma": 0.01876352583524787}, "datetime": {"datetime": "2021-09-28 18:07:03", "elapsed": 256.636931, "delta": 1.13408}}
{"target": -35.12222406923179, "params": {"C": 6508.445895259392, "gamma": 0.05886307060804206}, "datetime": {"datetime": "2021-09-28 18:07:04", "elapsed": 257.84331, "delta": 1.206379}}
{"target": -34.854025455949895, "params": {"C": 6011.73775833496, "gamma": 0.04196658102717065}, "datetime": {"datetime": "2021-09-28 18:07:05", "elapsed": 258.995287, "delta": 1.151977}}
{"target": -34.843388127572474, "params": {"C": 6172.724035877486, "gamma": 0.04213726352790186}, "datetime": {"datetime": "2021-09-28 18:07:07", "elapsed": 260.506723, "delta": 1.511436}}
{"target": -34.87323975626856, "params": {"C": 6503.757351882649, "gamma": 0.022202576595228674}, "datetime": {"datetime": "2021-09-28 18:07:09", "elapsed": 262.91926, "delta": 2.412537}}
{"target": -34.836699693171184, "params": {"C": 6162.4279254439325, "gamma": 0.0272277888504985}, "datetime": {"datetime": "2021-09-28 18:07:10", "elapsed": 264.122237, "delta": 1.202977}}
{"target": -34.95982281300039, "params": {"C": 6924.928999652067, "gamma": 0.017971781071169052}, "datetime": {"datetime": "2021-09-28 18:07:12", "elapsed": 265.257915, "delta": 1.135678}}
{"target": -35.748311924302186, "params": {"C": 6895.62491817314, "gamma": 0.008583296932110959}, "datetime": {"datetime": "2021-09-28 18:07:13", "elapsed": 266.453037, "delta": 1.195122}}
{"target": -35.859727599115, "params": {"C": 6188.290615609698, "gamma": 0.007402779129391689}, "datetime": {"datetime": "2021-09-28 18:07:14", "elapsed": 267.925753, "delta": 1.472716}}
{"target": -34.79201349015753, "params": {"C": 6743.186938397256, "gamma": 0.03945810905516056}, "datetime": {"datetime": "2021-09-28 18:07:16", "elapsed": 269.213838, "delta": 1.288085}}
{"target": -35.112438912661986, "params": {"C": 6026.752075878422, "gamma": 0.05740675624139594}, "datetime": {"datetime": "2021-09-28 18:07:17", "elapsed": 271.121763, "delta": 1.907925}}
{"target": -35.08673389188906, "params": {"C": 6743.186599072207, "gamma": 0.016431606960206395}, "datetime": {"datetime": "2021-09-28 18:07:19", "elapsed": 272.807959, "delta": 1.686196}}
{"target": -35.168693440063734, "params": {"C": 6172.737420325846, "gamma": 0.0159414274243641}, "datetime": {"datetime": "2021-09-28 18:07:21", "elapsed": 274.351678, "delta": 1.543719}}
{"target": -34.902476986570676, "params": {"C": 6749.796993376286, "gamma": 0.02004778256346496}, "datetime": {"datetime": "2021-09-28 18:07:22", "elapsed": 275.608851, "delta": 1.257173}}
{"target": -34.8396990974385, "params": {"C": 6172.189775823592, "gamma": 0.02675731250761696}, "datetime": {"datetime": "2021-09-28 18:07:24", "elapsed": 277.234976, "delta": 1.626125}}
{"target": -34.82930976101795, "params": {"C": 6643.619405894265, "gamma": 0.04227782872211758}, "datetime": {"datetime": "2021-09-28 18:07:26", "elapsed": 279.261146, "delta": 2.02617}}
{"target": -35.086113492395626, "params": {"C": 6205.637183069868, "gamma": 0.056290511609187396}, "datetime": {"datetime": "2021-09-28 18:07:28", "elapsed": 281.961409, "delta": 2.700263}}
{"target": -35.973192805701316, "params": {"C": 6853.0229508113025, "gamma": 0.006112289977685847}, "datetime": {"datetime": "2021-09-28 18:07:31", "elapsed": 284.589454, "delta": 2.628045}}
{"target": -34.81364504056536, "params": {"C": 6201.192927083705, "gamma": 0.038973176765736715}, "datetime": {"datetime": "2021-09-28 18:07:34", "elapsed": 287.339055, "delta": 2.749601}}
{"target": -34.817912734377835, "params": {"C": 6031.487003751137, "gamma": 0.03235056922566321}, "datetime": {"datetime": "2021-09-28 18:07:35", "elapsed": 288.588915, "delta": 1.24986}}
{"target": -34.89792764036373, "params": {"C": 6281.953006418493, "gamma": 0.04581011686561575}, "datetime": {"datetime": "2021-09-28 18:07:37", "elapsed": 290.508688, "delta": 1.919773}}
{"target": -34.99771673978211, "params": {"C": 6172.201052839044, "gamma": 0.05125817208836404}, "datetime": {"datetime": "2021-09-28 18:07:39", "elapsed": 292.745153, "delta": 2.236465}}
{"target": -34.97660306924536, "params": {"C": 6853.067673234585, "gamma": 0.051432033325638914}, "datetime": {"datetime": "2021-09-28 18:07:41", "elapsed": 294.438237, "delta": 1.693084}}
{"target": -35.1657917878225, "params": {"C": 6188.271345093718, "gamma": 0.06071990935987118}, "datetime": {"datetime": "2021-09-28 18:07:42", "elapsed": 296.011806, "delta": 1.573569}}
{"target": -35.40933403846464, "params": {"C": 6264.867286912863, "gamma": 0.012774707236698202}, "datetime": {"datetime": "2021-09-28 18:07:44", "elapsed": 297.946065, "delta": 1.934259}}
{"target": -35.11984698074379, "params": {"C": 6497.31997381957, "gamma": 0.058712155555005675}, "datetime": {"datetime": "2021-09-28 18:07:47", "elapsed": 301.114327, "delta": 3.168262}}
{"target": -35.41069118043142, "params": {"C": 6608.075433147971, "gamma": 0.07379486008480927}, "datetime": {"datetime": "2021-09-28 18:07:49", "elapsed": 302.393958, "delta": 1.279631}}
{"target": -35.04071470624758, "params": {"C": 6264.893132117291, "gamma": 0.053870636572745184}, "datetime": {"datetime": "2021-09-28 18:07:52", "elapsed": 305.328961, "delta": 2.935003}}
{"target": -34.94756419261671, "params": {"C": 6201.2079392531305, "gamma": 0.0197268782815029}, "datetime": {"datetime": "2021-09-28 18:07:54", "elapsed": 307.579332, "delta": 2.250371}}
{"target": -35.388602579985104, "params": {"C": 6088.333702872607, "gamma": 0.013152413166182944}, "datetime": {"datetime": "2021-09-28 18:07:56", "elapsed": 309.546328, "delta": 1.966996}}
{"target": -35.50761436162747, "params": {"C": 6561.638471379517, "gamma": 0.011433500186701518}, "datetime": {"datetime": "2021-09-28 18:07:57", "elapsed": 310.84448, "delta": 1.298152}}
{"target": -34.81007807657852, "params": {"C": 6503.75080195146, "gamma": 0.04058832082896138}, "datetime": {"datetime": "2021-09-28 18:07:59", "elapsed": 312.823941, "delta": 1.979461}}
{"target": -35.105608652812606, "params": {"C": 6643.60387420006, "gamma": 0.05816010355848695}, "datetime": {"datetime": "2021-09-28 18:08:01", "elapsed": 314.907855, "delta": 2.083914}}
{"target": -35.44084101514799, "params": {"C": 6031.47458432458, "gamma": 0.012533105131488989}, "datetime": {"datetime": "2021-09-28 18:08:03", "elapsed": 316.922748, "delta": 2.014893}}
{"target": -34.92621341298293, "params": {"C": 6360.357510260206, "gamma": 0.02003574193322598}, "datetime": {"datetime": "2021-09-28 18:08:05", "elapsed": 318.752319, "delta": 1.829571}}
{"target": -35.14920418688639, "params": {"C": 6088.3340310313515, "gamma": 0.059598770155776}, "datetime": {"datetime": "2021-09-28 18:08:07", "elapsed": 320.571735, "delta": 1.819416}}
{"target": -34.817972833591455, "params": {"C": 6088.36697162834, "gamma": 0.031365123468948514}, "datetime": {"datetime": "2021-09-28 18:08:09", "elapsed": 322.32506, "delta": 1.753325}}
{"target": -34.83347187824543, "params": {"C": 6959.800818081609, "gamma": 0.04292881987071745}, "datetime": {"datetime": "2021-09-28 18:08:10", "elapsed": 324.141145, "delta": 1.816085}}
{"target": -34.857950249613786, "params": {"C": 6959.810922596204, "gamma": 0.021655153349474644}, "datetime": {"datetime": "2021-09-28 18:08:13", "elapsed": 326.810696, "delta": 2.669551}}
{"target": -35.35695362974954, "params": {"C": 6313.410222873069, "gamma": 0.07094023605045098}, "datetime": {"datetime": "2021-09-28 18:08:15", "elapsed": 328.826897, "delta": 2.016201}}
{"target": -34.92220388584123, "params": {"C": 6031.500199473448, "gamma": 0.04662548670116003}, "datetime": {"datetime": "2021-09-28 18:08:17", "elapsed": 331.05712, "delta": 2.230223}}
{"target": -35.00501593662593, "params": {"C": 6096.954798484333, "gamma": 0.051505341066953016}, "datetime": {"datetime": "2021-09-28 18:08:19", "elapsed": 332.843536, "delta": 1.786416}}
{"target": -34.96614600393714, "params": {"C": 6114.990813127356, "gamma": 0.04934074907459917}, "datetime": {"datetime": "2021-09-28 18:08:22", "elapsed": 335.352266, "delta": 2.50873}}
{"target": -34.933792092446694, "params": {"C": 6743.16045828734, "gamma": 0.04885104601200668}, "datetime": {"datetime": "2021-09-28 18:08:25", "elapsed": 338.225768, "delta": 2.873502}}
{"target": -35.64393659117045, "params": {"C": 6961.510459306928, "gamma": 0.009737236793179975}, "datetime": {"datetime": "2021-09-28 18:08:26", "elapsed": 339.560644, "delta": 1.334876}}
{"target": -34.92069889001087, "params": {"C": 6497.343349844615, "gamma": 0.019916579539702117}, "datetime": {"datetime": "2021-09-28 18:08:28", "elapsed": 341.322303, "delta": 1.761659}}
{"target": -35.13525686702618, "params": {"C": 6201.216443647618, "gamma": 0.05903171651978124}, "datetime": {"datetime": "2021-09-28 18:08:29", "elapsed": 343.159877, "delta": 1.837574}}
{"target": -34.91179110019445, "params": {"C": 6927.3793604010725, "gamma": 0.04797869935670142}, "datetime": {"datetime": "2021-09-28 18:08:31", "elapsed": 344.494225, "delta": 1.334348}}
{"target": -35.37785983329993, "params": {"C": 6710.451227243925, "gamma": 0.012866904684679478}, "datetime": {"datetime": "2021-09-28 18:08:33", "elapsed": 346.689961, "delta": 2.195736}}
{"target": -34.80384279489505, "params": {"C": 6217.544239444689, "gamma": 0.03735103776572256}, "datetime": {"datetime": "2021-09-28 18:08:34", "elapsed": 347.969858, "delta": 1.279897}}
{"target": -35.129402046415834, "params": {"C": 6360.325408276683, "gamma": 0.016271066694541057}, "datetime": {"datetime": "2021-09-28 18:08:36", "elapsed": 350.089715, "delta": 2.119857}}
{"target": -34.85505980782916, "params": {"C": 6896.856325132866, "gamma": 0.04430434106536799}, "datetime": {"datetime": "2021-09-28 18:08:38", "elapsed": 351.898802, "delta": 1.809087}}
{"target": -35.09613975122949, "params": {"C": 6237.704346253401, "gamma": 0.05691417582728951}, "datetime": {"datetime": "2021-09-28 18:08:40", "elapsed": 353.300125, "delta": 1.401323}}
{"target": -34.91817359862673, "params": {"C": 6692.234205425074, "gamma": 0.019536596842821382}, "datetime": {"datetime": "2021-09-28 18:08:41", "elapsed": 354.670258, "delta": 1.370133}}
{"target": -34.843632087318795, "params": {"C": 6749.782587492268, "gamma": 0.0434085006380537}, "datetime": {"datetime": "2021-09-28 18:08:43", "elapsed": 356.962866, "delta": 2.292608}}
{"target": -34.80366709605214, "params": {"C": 6853.057020603041, "gamma": 0.02638120632338332}, "datetime": {"datetime": "2021-09-28 18:08:46", "elapsed": 359.380809, "delta": 2.417943}}
{"target": -34.96431610144734, "params": {"C": 6504.808644315092, "gamma": 0.05008221139366439}, "datetime": {"datetime": "2021-09-28 18:08:48", "elapsed": 361.651785, "delta": 2.270976}}
{"target": -34.831325641873725, "params": {"C": 6413.24103823938, "gamma": 0.02608541609767129}, "datetime": {"datetime": "2021-09-28 18:08:49", "elapsed": 363.025021, "delta": 1.373236}}
{"target": -34.85189962607754, "params": {"C": 6710.415905654947, "gamma": 0.04392250209835646}, "datetime": {"datetime": "2021-09-28 18:08:52", "elapsed": 366.101869, "delta": 3.076848}}
{"target": -34.88138139803678, "params": {"C": 6546.0234686094645, "gamma": 0.021511309951376543}, "datetime": {"datetime": "2021-09-28 18:08:54", "elapsed": 367.767752, "delta": 1.665883}}
{"target": -35.24426772201806, "params": {"C": 6083.466683316836, "gamma": 0.06459947720013966}, "datetime": {"datetime": "2021-09-28 18:08:56", "elapsed": 369.716284, "delta": 1.948532}}
{"target": -35.93486780094847, "params": {"C": 6846.613523610974, "gamma": 0.006564848029807377}, "datetime": {"datetime": "2021-09-28 18:08:58", "elapsed": 372.003989, "delta": 2.287705}}
{"target": -35.001142276473686, "params": {"C": 6853.043910030532, "gamma": 0.05270974812939703}, "datetime": {"datetime": "2021-09-28 18:09:00", "elapsed": 373.869102, "delta": 1.865113}}
{"target": -35.12432392178951, "params": {"C": 6409.912367812317, "gamma": 0.058805928307468516}, "datetime": {"datetime": "2021-09-28 18:09:02", "elapsed": 375.762612, "delta": 1.89351}}
{"target": -35.042703036383266, "params": {"C": 6172.17270619031, "gamma": 0.017692024484626645}, "datetime": {"datetime": "2021-09-28 18:09:05", "elapsed": 378.26172, "delta": 2.499108}}
{"target": -35.09551660888458, "params": {"C": 6172.7481180598, "gamma": 0.05675134686693779}, "datetime": {"datetime": "2021-09-28 18:09:07", "elapsed": 380.822064, "delta": 2.560344}}
{"target": -34.814181893266, "params": {"C": 6854.957787457601, "gamma": 0.025302276308452516}, "datetime": {"datetime": "2021-09-28 18:09:10", "elapsed": 383.339189, "delta": 2.517125}}
{"target": -34.79054344011453, "params": {"C": 6674.132342305331, "gamma": 0.029231452424513128}, "datetime": {"datetime": "2021-09-28 18:09:12", "elapsed": 385.644968, "delta": 2.305779}}
{"target": -34.78146021969417, "params": {"C": 6846.57549445671, "gamma": 0.029012856756286315}, "datetime": {"datetime": "2021-09-28 18:09:14", "elapsed": 387.415006, "delta": 1.770038}}
{"target": -35.51855730740675, "params": {"C": 6205.6462850965345, "gamma": 0.011477100983951688}, "datetime": {"datetime": "2021-09-28 18:09:16", "elapsed": 389.799069, "delta": 2.384063}}
{"target": -35.97749184981275, "params": {"C": 6643.617318844967, "gamma": 0.006022486974183914}, "datetime": {"datetime": "2021-09-28 18:09:18", "elapsed": 391.668952, "delta": 1.869883}}
{"target": -35.020251418662916, "params": {"C": 6217.55015452652, "gamma": 0.01795522281807731}, "datetime": {"datetime": "2021-09-28 18:09:20", "elapsed": 393.548101, "delta": 1.879149}}
{"target": -34.79308464610517, "params": {"C": 6413.261278368667, "gamma": 0.0317622510499088}, "datetime": {"datetime": "2021-09-28 18:09:22", "elapsed": 396.096477, "delta": 2.548376}}
{"target": -34.78816317879287, "params": {"C": 6413.262018026486, "gamma": 0.0328428198127292}, "datetime": {"datetime": "2021-09-28 18:09:24", "elapsed": 397.522862, "delta": 1.426385}}
{"target": -35.01201879198135, "params": {"C": 6217.565005275837, "gamma": 0.05216199500516685}, "datetime": {"datetime": "2021-09-28 18:09:27", "elapsed": 400.236043, "delta": 2.713181}}
{"target": -34.89549777368816, "params": {"C": 6205.607045861385, "gamma": 0.04549123973900931}, "datetime": {"datetime": "2021-09-28 18:09:28", "elapsed": 402.066145, "delta": 1.830102}}
{"target": -34.95306522443942, "params": {"C": 6343.572962104617, "gamma": 0.04910545651264826}, "datetime": {"datetime": "2021-09-28 18:09:30", "elapsed": 403.891723, "delta": 1.825578}}
{"target": -35.09377711130182, "params": {"C": 6905.1167980399205, "gamma": 0.016176525204533033}, "datetime": {"datetime": "2021-09-28 18:09:32", "elapsed": 405.354856, "delta": 1.463133}}
{"target": -34.7889993404683, "params": {"C": 6584.269366389929, "gamma": 0.030333419848021608}, "datetime": {"datetime": "2021-09-28 18:09:33", "elapsed": 406.867354, "delta": 1.512498}}
{"target": -34.82458931537955, "params": {"C": 6070.332066317073, "gamma": 0.03893641177448632}, "datetime": {"datetime": "2021-09-28 18:09:35", "elapsed": 408.408246, "delta": 1.540892}}
{"target": -34.8688973998928, "params": {"C": 6654.145319456725, "gamma": 0.04496527661721822}, "datetime": {"datetime": "2021-09-28 18:09:36", "elapsed": 409.832149, "delta": 1.423903}}
{"target": -34.86634448568018, "params": {"C": 6999.297279976112, "gamma": 0.045137874730061874}, "datetime": {"datetime": "2021-09-28 18:09:38", "elapsed": 411.360627, "delta": 1.528478}}
{"target": -35.34574153918751, "params": {"C": 6584.287002339734, "gamma": 0.013333002837986923}, "datetime": {"datetime": "2021-09-28 18:09:41", "elapsed": 414.603513, "delta": 3.242886}}
{"target": -35.08279582621538, "params": {"C": 6584.26693128325, "gamma": 0.056818162006018066}, "datetime": {"datetime": "2021-09-28 18:09:43", "elapsed": 416.716772, "delta": 2.113259}}
{"target": -34.94224217510024, "params": {"C": 6413.246794073632, "gamma": 0.0486424006242714}, "datetime": {"datetime": "2021-09-28 18:09:46", "elapsed": 419.73212, "delta": 3.015348}}
{"target": -35.78479797254803, "params": {"C": 6674.130649411215, "gamma": 0.008188001386898812}, "datetime": {"datetime": "2021-09-28 18:09:48", "elapsed": 421.807711, "delta": 2.075591}}
