{"target": -35.50274294323043, "params": {"C": 6777.698357562969, "gamma": 0.011387028641679012}, "datetime": {"datetime": "2021-09-28 18:09:50", "elapsed": 423.400438, "delta": 1.592727}}
{"target": -35.348288117219425, "params": {"C": 6026.727951247526, "gamma": 0.013711965466237382}, "datetime": {"datetime": "2021-09-28 18:09:52", "elapsed": 425.564806, "delta": 2.164368}}
{"target": -35.15802225814905, "params": {"C": 6674.134398060824, "gamma": 0.06100934281159149}, "datetime": {"datetime": "2021-09-28 18:09:55", "elapsed": 428.728885, "delta": 3.164079}}
{"target": -34.79327104178105, "params": {"C": 6442.895515801103, "gamma": 0.03782780382486821}, "datetime": {"datetime": "2021-09-28 18:09:58", "elapsed": 431.919752, "delta": 3.190867}}
{"target": -34.88227011946992, "params": {"C": 6096.921146540063, "gamma": 0.023165889398272486}, "datetime": {"datetime": "2021-09-28 18:10:02", "elapsed": 435.763378, "delta": 3.843626}}
{"target": -34.91181431073253, "params": {"C": 6217.517254738418, "gamma": 0.04646357845299931}, "datetime": {"datetime": "2021-09-28 18:10:05", "elapsed": 438.475778, "delta": 2.7124}}
{"target": -34.968830267571256, "params": {"C": 6268.124068256164, "gamma": 0.01881466893412765}, "datetime": {"datetime": "2021-09-28 18:10:08", "elapsed": 441.365055, "delta": 2.889277}}
{"target": -35.021733090186814, "params": {"C": 6494.55518270404, "gamma": 0.05327039066568577}, "datetime": {"datetime": "2021-09-28 18:10:09", "elapsed": 442.917091, "delta": 1.552036}}
{"target": -34.99759603624514, "params": {"C": 6031.472144766188, "gamma": 0.05093862009195385}, "datetime": {"datetime": "2021-09-28 18:10:11", "elapsed": 445.037947, "delta": 2.120856}}
{"target": -35.016013065848284, "params": {"C": 6411.2645172737375, "gamma": 0.05278664407183307}, "datetime": {"datetime": "2021-09-28 18:10:13", "elapsed": 446.702819, "delta": 1.664872}}
{"target": -34.9591481312382, "params": {"C": 6083.446294520277, "gamma": 0.01966492506460647}, "datetime": {"datetime": "2021-09-28 18:10:16", "elapsed": 449.324982, "delta": 2.622163}}
{"target": -35.27015127709988, "params": {"C": 6581.503075511761, "gamma": 0.06721249892319063}, "datetime": {"datetime": "2021-09-28 18:10:17", "elapsed": 450.925842, "delta": 1.60086}}
{"target": -34.98731656910671, "params": {"C": 6138.728571682133, "gamma": 0.050596319094220424}, "datetime": {"datetime": "2021-09-28 18:10:19", "elapsed": 453.020976, "delta": 2.095134}}
{"target": -34.92776416958812, "params": {"C": 6959.773817127726, "gamma": 0.048936424981334214}, "datetime": {"datetime": "2021-09-28 18:10:22", "elapsed": 455.311222, "delta": 2.290246}}
{"target": -36.040959773205756, "params": {"C": 6989.812452636545, "gamma": 0.0053167590594572255}, "datetime": {"datetime": "2021-09-28 18:10:26", "elapsed": 459.377188, "delta": 4.065966}}
{"target": -35.2845931355242, "params": {"C": 6743.180049109671, "gamma": 0.0681093343096632}, "datetime": {"datetime": "2021-09-28 18:10:29", "elapsed": 462.524179, "delta": 3.146991}}
{"target": -34.823964300432145, "params": {"C": 6029.057382651725, "gamma": 0.038369679699925406}, "datetime": {"datetime": "2021-09-28 18:10:31", "elapsed": 464.753798, "delta": 2.229619}}
{"target": -35.51584269485849, "params": {"C": 6853.8291833413405, "gamma": 0.011203914322805493}, "datetime": {"datetime": "2021-09-28 18:10:34", "elapsed": 467.262829, "delta": 2.509031}}
{"target": -34.77248349731888, "params": {"C": 6643.578219315924, "gamma": 0.03266379456476406}, "datetime": {"datetime": "2021-09-28 18:10:36", "elapsed": 469.555792, "delta": 2.292963}}
{"target": -35.13134899388228, "params": {"C": 6088.37109968976, "gamma": 0.0585944505400126}, "datetime": {"datetime": "2021-09-28 18:10:38", "elapsed": 471.573061, "delta": 2.017269}}
{"target": -34.814518311591584, "params": {"C": 6023.115742052635, "gamma": 0.036971077013063854}, "datetime": {"datetime": "2021-09-28 18:10:40", "elapsed": 473.213999, "delta": 1.640938}}
{"target": -34.81214301229908, "params": {"C": 6674.124591589239, "gamma": 0.041007602432652585}, "datetime": {"datetime": "2021-09-28 18:10:43", "elapsed": 476.51796, "delta": 3.303961}}
{"target": -34.99132459887105, "params": {"C": 6023.127937230281, "gamma": 0.018838841834269177}, "datetime": {"datetime": "2021-09-28 18:10:46", "elapsed": 479.465362, "delta": 2.947402}}
{"target": -34.97203322393014, "params": {"C": 6268.124682200195, "gamma": 0.0500156506076162}, "datetime": {"datetime": "2021-09-28 18:10:48", "elapsed": 481.78126, "delta": 2.315898}}
{"target": -35.141984639052204, "params": {"C": 6165.722326377751, "gamma": 0.05934149784417988}, "datetime": {"datetime": "2021-09-28 18:10:51", "elapsed": 484.954731, "delta": 3.173471}}
{"target": -34.91469373569821, "params": {"C": 6989.790739256593, "gamma": 0.04826262233927702}, "datetime": {"datetime": "2021-09-28 18:10:54", "elapsed": 487.923163, "delta": 2.968432}}
{"target": -35.072017409807934, "params": {"C": 6217.537287798761, "gamma": 0.055525807418342156}, "datetime": {"datetime": "2021-09-28 18:10:57", "elapsed": 490.36949, "delta": 2.446327}}
{"target": -34.80058606650322, "params": {"C": 6792.428137471592, "gamma": 0.02709713179182511}, "datetime": {"datetime": "2021-09-28 18:11:00", "elapsed": 493.378743, "delta": 3.009253}}
{"target": -35.23878085285029, "params": {"C": 6114.992703428963, "gamma": 0.015063055083156786}, "datetime": {"datetime": "2021-09-28 18:11:02", "elapsed": 495.706882, "delta": 2.328139}}
{"target": -34.79724109600893, "params": {"C": 6352.712969282727, "gamma": 0.031788087185341735}, "datetime": {"datetime": "2021-09-28 18:11:04", "elapsed": 497.423236, "delta": 1.716354}}
{"target": -35.41899307853202, "params": {"C": 6332.549995971654, "gamma": 0.07345470837885522}, "datetime": {"datetime": "2021-09-28 18:11:06", "elapsed": 499.178386, "delta": 1.75515}}
{"target": -34.855619233305944, "params": {"C": 6008.300777019393, "gamma": 0.02592867119581696}, "datetime": {"datetime": "2021-09-28 18:11:07", "elapsed": 500.87882, "delta": 1.700434}}
{"target": -35.00135829151987, "params": {"C": 6846.571636778451, "gamma": 0.05271826715977863}, "datetime": {"datetime": "2021-09-28 18:11:10", "elapsed": 503.834974, "delta": 2.956154}}
{"target": -34.83322020955249, "params": {"C": 6268.166144973171, "gamma": 0.02686554782585965}, "datetime": {"datetime": "2021-09-28 18:11:13", "elapsed": 506.888769, "delta": 3.053795}}
{"target": -34.82842729279105, "params": {"C": 6526.472907411292, "gamma": 0.02569832937514186}, "datetime": {"datetime": "2021-09-28 18:11:16", "elapsed": 509.449653, "delta": 2.560884}}
{"target": -34.81506615323895, "params": {"C": 6794.645260204776, "gamma": 0.02554245135628548}, "datetime": {"datetime": "2021-09-28 18:11:18", "elapsed": 511.366583, "delta": 1.91693}}
{"target": -34.87946126332396, "params": {"C": 6367.553045990642, "gamma": 0.022272402961532586}, "datetime": {"datetime": "2021-09-28 18:11:19", "elapsed": 513.101408, "delta": 1.734825}}
{"target": -35.401688821104095, "params": {"C": 6848.67567207641, "gamma": 0.01250507317938749}, "datetime": {"datetime": "2021-09-28 18:11:24", "elapsed": 517.692407, "delta": 4.590999}}
{"target": -35.70179784085721, "params": {"C": 6442.888591980825, "gamma": 0.00920778553478254}, "datetime": {"datetime": "2021-09-28 18:11:27", "elapsed": 520.175106, "delta": 2.482699}}
{"target": -34.84180276238963, "params": {"C": 6141.078699564893, "gamma": 0.026720984419486914}, "datetime": {"datetime": "2021-09-28 18:11:28", "elapsed": 521.922893, "delta": 1.747787}}
{"target": -35.071199577205455, "params": {"C": 6352.718157046737, "gamma": 0.05574660123337493}, "datetime": {"datetime": "2021-09-28 18:11:32", "elapsed": 525.194871, "delta": 3.271978}}
{"target": -34.80147471986261, "params": {"C": 6792.438263697282, "gamma": 0.04035620968999781}, "datetime": {"datetime": "2021-09-28 18:11:36", "elapsed": 529.468814, "delta": 4.273943}}
{"target": -35.004542828400744, "params": {"C": 6526.4732002706, "gamma": 0.05237619144126004}, "datetime": {"datetime": "2021-09-28 18:11:38", "elapsed": 531.800893, "delta": 2.332079}}
{"target": -34.97819241564743, "params": {"C": 6442.878772475426, "gamma": 0.05073385614631767}, "datetime": {"datetime": "2021-09-28 18:11:41", "elapsed": 534.617989, "delta": 2.817096}}
{"target": -34.9184412020073, "params": {"C": 6853.826430604036, "gamma": 0.04820805541757174}, "datetime": {"datetime": "2021-09-28 18:11:44", "elapsed": 537.785965, "delta": 3.167976}}
{"target": -34.848086121418525, "params": {"C": 6122.61407215127, "gamma": 0.026058295770440755}, "datetime": {"datetime": "2021-09-28 18:11:46", "elapsed": 539.613224, "delta": 1.827259}}
{"target": -35.44270270928009, "params": {"C": 6202.135820285285, "gamma": 0.012404207484563456}, "datetime": {"datetime": "2021-09-28 18:11:48", "elapsed": 541.97222, "delta": 2.358996}}
{"target": -35.32362493162281, "params": {"C": 6316.550106840829, "gamma": 0.06927508243396777}, "datetime": {"datetime": "2021-09-28 18:11:50", "elapsed": 543.738944, "delta": 1.766724}}
{"target": -35.55521815050229, "params": {"C": 6167.250141899863, "gamma": 0.01105054088870389}, "datetime": {"datetime": "2021-09-28 18:11:52", "elapsed": 545.519594, "delta": 1.78065}}
{"target": -34.76369319201431, "params": {"C": 6874.188211685541, "gamma": 0.03664863087799215}, "datetime": {"datetime": "2021-09-28 18:11:54", "elapsed": 547.942971, "delta": 2.423377}}
{"target": -34.92521685704952, "params": {"C": 6749.801521466473, "gamma": 0.04838176452403539}, "datetime": {"datetime": "2021-09-28 18:11:58", "elapsed": 551.977136, "delta": 4.034165}}
{"target": -35.22348807610477, "params": {"C": 6710.404317461856, "gamma": 0.014726870154403243}, "datetime": {"datetime": "2021-09-28 18:12:02", "elapsed": 555.498197, "delta": 3.521061}}
{"target": -35.183830642505654, "params": {"C": 6029.066926543161, "gamma": 0.06140897912829008}, "datetime": {"datetime": "2021-09-28 18:12:05", "elapsed": 558.54128, "delta": 3.043083}}
{"target": -34.804250609524885, "params": {"C": 6925.922907045726, "gamma": 0.02589987202090021}, "datetime": {"datetime": "2021-09-28 18:12:07", "elapsed": 560.416786, "delta": 1.875506}}
{"target": -35.0548462055809, "params": {"C": 6023.1007707139115, "gamma": 0.0541559966885021}, "datetime": {"datetime": "2021-09-28 18:12:09", "elapsed": 563.044951, "delta": 2.628165}}
{"target": -34.816509817783334, "params": {"C": 6080.966526962246, "gamma": 0.03181746224095463}, "datetime": {"datetime": "2021-09-28 18:12:11", "elapsed": 564.95989, "delta": 1.914939}}
{"target": -34.767279972333625, "params": {"C": 6849.251984097426, "gamma": 0.036988996400087695}, "datetime": {"datetime": "2021-09-28 18:12:13", "elapsed": 566.817175, "delta": 1.857285}}
{"target": -34.99134034933811, "params": {"C": 6849.240516980035, "gamma": 0.017583917600231366}, "datetime": {"datetime": "2021-09-28 18:12:17", "elapsed": 570.312869, "delta": 3.495694}}
{"target": -34.87090892410935, "params": {"C": 6749.774605576742, "gamma": 0.021512006047338723}, "datetime": {"datetime": "2021-09-28 18:12:19", "elapsed": 572.779931, "delta": 2.467062}}
{"target": -34.973052728858086, "params": {"C": 6874.189828721843, "gamma": 0.05125729875090022}, "datetime": {"datetime": "2021-09-28 18:12:22", "elapsed": 575.685693, "delta": 2.905762}}
{"target": -35.192240470151624, "params": {"C": 6029.052512152608, "gamma": 0.015773010490741472}, "datetime": {"datetime": "2021-09-28 18:12:25", "elapsed": 578.523926, "delta": 2.838233}}
{"target": -34.85012136424621, "params": {"C": 6450.046803100663, "gamma": 0.04340547176298926}, "datetime": {"datetime": "2021-09-28 18:12:27", "elapsed": 580.493972, "delta": 1.970046}}
{"target": -34.83552683486874, "params": {"C": 6874.199690420135, "gamma": 0.023410003396737013}, "datetime": {"datetime": "2021-09-28 18:12:29", "elapsed": 583.080992, "delta": 2.58702}}
{"target": -35.699759407710594, "params": {"C": 6127.929375034451, "gamma": 0.0093026319909708}, "datetime": {"datetime": "2021-09-28 18:12:32", "elapsed": 586.043034, "delta": 2.962042}}
{"target": -34.839825796357076, "params": {"C": 6989.7722993200605, "gamma": 0.022703678944682084}, "datetime": {"datetime": "2021-09-28 18:12:35", "elapsed": 588.800938, "delta": 2.757904}}
{"target": -34.86003548131581, "params": {"C": 6849.2330320420615, "gamma": 0.04459014743605296}, "datetime": {"datetime": "2021-09-28 18:12:40", "elapsed": 593.21515, "delta": 4.414212}}
{"target": -35.523533669617606, "params": {"C": 6062.597895939365, "gamma": 0.011487492132656565}, "datetime": {"datetime": "2021-09-28 18:12:41", "elapsed": 595.032712, "delta": 1.817562}}
{"target": -34.932862136618574, "params": {"C": 6352.693025611833, "gamma": 0.019800237309887978}, "datetime": {"datetime": "2021-09-28 18:12:45", "elapsed": 598.399016, "delta": 3.366304}}
{"target": -34.815125627279606, "params": {"C": 6674.100682358747, "gamma": 0.041237755359673986}, "datetime": {"datetime": "2021-09-28 18:12:48", "elapsed": 601.212217, "delta": 2.813201}}
{"target": -35.19782063759376, "params": {"C": 6096.953159716682, "gamma": 0.015627223075114206}, "datetime": {"datetime": "2021-09-28 18:12:51", "elapsed": 604.598139, "delta": 3.385922}}
{"target": -34.80558767311127, "params": {"C": 6498.11890755786, "gamma": 0.04011370147911079}, "datetime": {"datetime": "2021-09-28 18:12:53", "elapsed": 606.523739, "delta": 1.9256}}
{"target": -34.80224283160214, "params": {"C": 6202.177774179214, "gamma": 0.03687158877131686}, "datetime": {"datetime": "2021-09-28 18:12:56", "elapsed": 610.031968, "delta": 3.508229}}
{"target": -34.88124723770512, "params": {"C": 6498.094885613823, "gamma": 0.04533558365839152}, "datetime": {"datetime": "2021-09-28 18:12:59", "elapsed": 613.059908, "delta": 3.02794}}
{"target": -34.95417295593321, "params": {"C": 6456.0352005549785, "gamma": 0.018737394726008737}, "datetime": {"datetime": "2021-09-28 18:13:01", "elapsed": 615.076514, "delta": 2.016606}}
{"target": -34.822918680229805, "params": {"C": 6070.31045786281, "gamma": 0.030586919523036125}, "datetime": {"datetime": "2021-09-28 18:13:05", "elapsed": 618.267273, "delta": 3.190759}}
{"target": -34.977481458473946, "params": {"C": 6205.419327087459, "gamma": 0.05018675967231899}, "datetime": {"datetime": "2021-09-28 18:13:09", "elapsed": 623.106087, "delta": 4.838814}}
{"target": -35.18804476559485, "params": {"C": 6309.142448635298, "gamma": 0.06218314869414196}, "datetime": {"datetime": "2021-09-28 18:13:11", "elapsed": 625.053165, "delta": 1.947078}}
{"target": -34.77137064481005, "params": {"C": 6848.632433251845, "gamma": 0.030386619890121945}, "datetime": {"datetime": "2021-09-28 18:13:14", "elapsed": 628.044289, "delta": 2.991124}}
{"target": -34.87371172779741, "params": {"C": 6925.9121542693865, "gamma": 0.045557482018706276}, "datetime": {"datetime": "2021-09-28 18:13:18", "elapsed": 631.653849, "delta": 3.60956}}
{"target": -35.941718628240814, "params": {"C": 6893.204253108043, "gamma": 0.006489999258571579}, "datetime": {"datetime": "2021-09-28 18:13:20", "elapsed": 633.688536, "delta": 2.034687}}
{"target": -35.96887924003146, "params": {"C": 6168.670839802057, "gamma": 0.006058162079823321}, "datetime": {"datetime": "2021-09-28 18:13:24", "elapsed": 637.439116, "delta": 3.75058}}
{"target": -34.970463223350244, "params": {"C": 6710.434699541446, "gamma": 0.05083788314202445}, "datetime": {"datetime": "2021-09-28 18:13:27", "elapsed": 640.608138, "delta": 3.169022}}
{"target": -35.83797678254504, "params": {"C": 6844.918388451418, "gamma": 0.0076152408477325635}, "datetime": {"datetime": "2021-09-28 18:13:30", "elapsed": 643.776016, "delta": 3.167878}}
{"target": -34.94557505842292, "params": {"C": 6848.650723116349, "gamma": 0.04971777497682857}, "datetime": {"datetime": "2021-09-28 18:13:35", "elapsed": 648.527923, "delta": 4.751907}}
{"target": -34.758438574368036, "params": {"C": 6844.949309655254, "gamma": 0.032634859699115816}, "datetime": {"datetime": "2021-09-28 18:13:39", "elapsed": 652.391521, "delta": 3.863598}}
{"target": -35.40457157570128, "params": {"C": 6597.172149432651, "gamma": 0.07353386160109679}, "datetime": {"datetime": "2021-09-28 18:13:41", "elapsed": 654.443104, "delta": 2.051583}}
{"target": -34.77392057093775, "params": {"C": 6657.392486391833, "gamma": 0.036328462987420485}, "datetime": {"datetime": "2021-09-28 18:13:43", "elapsed": 656.584302, "delta": 2.141198}}
{"target": -34.99475499452433, "params": {"C": 6399.808229570837, "gamma": 0.05157414531199938}, "datetime": {"datetime": "2021-09-28 18:13:45", "elapsed": 658.612419, "delta": 2.028117}}
{"target": -35.14979637971898, "params": {"C": 6172.171991847449, "gamma": 0.05979199800899103}, "datetime": {"datetime": "2021-09-28 18:13:48", "elapsed": 661.713312, "delta": 3.100893}}
{"target": -34.89010111279625, "params": {"C": 6826.772856220907, "gamma": 0.04654534718758222}, "datetime": {"datetime": "2021-09-28 18:13:50", "elapsed": 663.683881, "delta": 1.970569}}
{"target": -34.99122744050492, "params": {"C": 6925.935080172181, "gamma": 0.05222445405986872}, "datetime": {"datetime": "2021-09-28 18:13:53", "elapsed": 666.531, "delta": 2.847119}}
{"target": -35.20388985351428, "params": {"C": 6070.321155115675, "gamma": 0.06254047564502725}, "datetime": {"datetime": "2021-09-28 18:13:56", "elapsed": 669.35665, "delta": 2.82565}}
{"target": -35.03635741090078, "params": {"C": 6268.1605809909215, "gamma": 0.053633438242106125}, "datetime": {"datetime": "2021-09-28 18:13:58", "elapsed": 672.160614, "delta": 2.803964}}
{"target": -35.67535082538755, "params": {"C": 6070.331275067292, "gamma": 0.009617921459694471}, "datetime": {"datetime": "2021-09-28 18:14:01", "elapsed": 675.017968, "delta": 2.857354}}
{"target": -36.16480461818186, "params": {"C": 6405.347994354412, "gamma": 0.0038944036781037627}, "datetime": {"datetime": "2021-09-28 18:14:05", "elapsed": 678.268118, "delta": 3.25015}}
{"target": -34.99886334100516, "params": {"C": 6168.698334979163, "gamma": 0.05131527525862912}, "datetime": {"datetime": "2021-09-28 18:14:08", "elapsed": 681.740099, "delta": 3.471981}}
{"target": -34.835672025686954, "params": {"C": 6959.800235991678, "gamma": 0.0430755138403721}, "datetime": {"datetime": "2021-09-28 18:14:10", "elapsed": 683.616706, "delta": 1.876607}}
{"target": -35.41097531592539, "params": {"C": 6825.3894660836095, "gamma": 0.012411702940320683}, "datetime": {"datetime": "2021-09-28 18:14:12", "elapsed": 685.812392, "delta": 2.195686}}
{"target": -34.93010824054004, "params": {"C": 6584.072348003059, "gamma": 0.0483175784078122}, "datetime": {"datetime": "2021-09-28 18:14:16", "elapsed": 689.31236, "delta": 3.499968}}
{"target": -34.920122697029896, "params": {"C": 6202.15325435409, "gamma": 0.0469067990711703}, "datetime": {"datetime": "2021-09-28 18:14:19", "elapsed": 692.989765, "delta": 3.677405}}
{"target": -34.95247471675476, "params": {"C": 6584.100778320861, "gamma": 0.01848268901102333}, "datetime": {"datetime": "2021-09-28 18:14:24", "elapsed": 697.221927, "delta": 4.232162}}
{"target": -34.85856259911134, "params": {"C": 6313.437339297123, "gamma": 0.04355733268325499}, "datetime": {"datetime": "2021-09-28 18:14:26", "elapsed": 699.368328, "delta": 2.146401}}
{"target": -35.09599538019253, "params": {"C": 6849.249191409535, "gamma": 0.057704544547383003}, "datetime": {"datetime": "2021-09-28 18:14:30", "elapsed": 703.446124, "delta": 4.077796}}
{"target": -35.89995134566571, "params": {"C": 6794.629887596962, "gamma": 0.0069548836237758776}, "datetime": {"datetime": "2021-09-28 18:14:33", "elapsed": 707.08429, "delta": 3.638166}}
{"target": -34.87306894641066, "params": {"C": 6794.655025161882, "gamma": 0.04540081877673668}, "datetime": {"datetime": "2021-09-28 18:14:37", "elapsed": 710.836469, "delta": 3.752179}}
{"target": -34.93114679457031, "params": {"C": 6848.617854685425, "gamma": 0.04891117735829384}, "datetime": {"datetime": "2021-09-28 18:14:43", "elapsed": 716.289031, "delta": 5.452562}}
{"target": -34.81440906935415, "params": {"C": 6448.514229729516, "gamma": 0.027897982037375254}, "datetime": {"datetime": "2021-09-28 18:14:45", "elapsed": 718.322026, "delta": 2.032995}}
{"target": -35.65130445891954, "params": {"C": 6087.262327027496, "gamma": 0.009909242321653314}, "datetime": {"datetime": "2021-09-28 18:14:47", "elapsed": 720.491711, "delta": 2.169685}}
{"target": -34.85102573586191, "params": {"C": 6925.899185621466, "gamma": 0.02220126169662266}, "datetime": {"datetime": "2021-09-28 18:14:51", "elapsed": 724.942464, "delta": 4.450753}}
{"target": -34.9217055856829, "params": {"C": 6844.927172368574, "gamma": 0.048374053840829455}, "datetime": {"datetime": "2021-09-28 18:14:56", "elapsed": 729.73853, "delta": 4.796066}}
{"target": -35.12458832813557, "params": {"C": 6657.377411166826, "gamma": 0.059187579080658664}, "datetime": {"datetime": "2021-09-28 18:14:59", "elapsed": 732.810218, "delta": 3.071688}}
{"target": -34.82793026818887, "params": {"C": 6405.364773675275, "gamma": 0.041814671082420825}, "datetime": {"datetime": "2021-09-28 18:15:03", "elapsed": 736.689999, "delta": 3.879781}}
{"target": -34.939622800211325, "params": {"C": 6165.701890805668, "gamma": 0.02015474688386171}, "datetime": {"datetime": "2021-09-28 18:15:06", "elapsed": 739.797242, "delta": 3.107243}}
{"target": -34.813175991386764, "params": {"C": 6305.306165143786, "gamma": 0.03998310935689349}, "datetime": {"datetime": "2021-09-28 18:15:08", "elapsed": 742.017352, "delta": 2.22011}}
{"target": -35.24889103662862, "params": {"C": 6498.1323773983495, "gamma": 0.06589823859574712}, "datetime": {"datetime": "2021-09-28 18:15:11", "elapsed": 745.089463, "delta": 3.072111}}
{"target": -34.79968223748662, "params": {"C": 6407.977287063456, "gamma": 0.030563127116603632}, "datetime": {"datetime": "2021-09-28 18:15:14", "elapsed": 747.260811, "delta": 2.171348}}
