{"target": -61.71577395980135, "params": {"C": 8366.43560313371, "gamma": 0.5437239940101593}, "datetime": {"datetime": "2021-10-04 11:28:42", "elapsed": 142.040361, "delta": 1.071686}}
{"target": -61.1915311838113, "params": {"C": 8367.562413361284, "gamma": 0.49857464167031745}, "datetime": {"datetime": "2021-10-04 11:28:43", "elapsed": 143.093009, "delta": 1.052648}}
{"target": -55.44895310269455, "params": {"C": 5759.219232011198, "gamma": 0.18509665350481724}, "datetime": {"datetime": "2021-10-04 11:28:44", "elapsed": 144.242968, "delta": 1.149959}}
{"target": -64.03684821464599, "params": {"C": 5758.764870548049, "gamma": 0.6292624615151557}, "datetime": {"datetime": "2021-10-04 11:28:45", "elapsed": 145.529395, "delta": 1.286427}}
{"target": -51.71964643316967, "params": {"C": 8365.878268361237, "gamma": 0.11346775056743225}, "datetime": {"datetime": "2021-10-04 11:28:46", "elapsed": 146.758693, "delta": 1.229298}}
{"target": -61.908821172293756, "params": {"C": 8691.54027365168, "gamma": 0.5811940458446492}, "datetime": {"datetime": "2021-10-04 11:28:47", "elapsed": 147.661693, "delta": 0.903}}
{"target": -53.77563163718408, "params": {"C": 5759.980057827284, "gamma": 0.13175571724277957}, "datetime": {"datetime": "2021-10-04 11:28:48", "elapsed": 148.722171, "delta": 1.060478}}
{"target": -65.23750480907053, "params": {"C": 5759.927823370903, "gamma": 0.9428557348724839}, "datetime": {"datetime": "2021-10-04 11:28:49", "elapsed": 149.71383, "delta": 0.991659}}
{"target": -64.03161088780077, "params": {"C": 7614.1387318270945, "gamma": 0.9081573203467398}, "datetime": {"datetime": "2021-10-04 11:28:50", "elapsed": 150.852207, "delta": 1.138377}}
{"target": -62.9571695715828, "params": {"C": 9999.949246240789, "gamma": 0.9149062490382143}, "datetime": {"datetime": "2021-10-04 11:28:51", "elapsed": 151.877777, "delta": 1.02557}}
{"target": -62.72404937289829, "params": {"C": 5764.127200783671, "gamma": 0.48470168450808687}, "datetime": {"datetime": "2021-10-04 11:28:53", "elapsed": 153.17897, "delta": 1.301193}}
{"target": -53.066776164162484, "params": {"C": 8363.512827462593, "gamma": 0.162701223917607}, "datetime": {"datetime": "2021-10-04 11:28:54", "elapsed": 154.880817, "delta": 1.701847}}
{"target": -56.588842649613966, "params": {"C": 5761.6028076981465, "gamma": 0.22285339769166668}, "datetime": {"datetime": "2021-10-04 11:28:56", "elapsed": 156.010187, "delta": 1.12937}}
{"target": -57.49670057489968, "params": {"C": 7531.276758340561, "gamma": 0.2955762170988525}, "datetime": {"datetime": "2021-10-04 11:28:57", "elapsed": 157.578531, "delta": 1.568344}}
{"target": -57.055651121963685, "params": {"C": 9287.947135492785, "gamma": 0.003689413138677034}, "datetime": {"datetime": "2021-10-04 11:28:58", "elapsed": 158.819107, "delta": 1.240576}}
{"target": -64.38528019179188, "params": {"C": 4633.230492486241, "gamma": 0.5501550487305734}, "datetime": {"datetime": "2021-10-04 11:28:59", "elapsed": 159.882347, "delta": 1.06324}}
{"target": -58.907184745124965, "params": {"C": 5760.825919668657, "gamma": 0.2970490491652372}, "datetime": {"datetime": "2021-10-04 11:29:01", "elapsed": 161.354727, "delta": 1.47238}}
{"target": -57.24280542130017, "params": {"C": 9287.155718885513, "gamma": 0.3231239011115722}, "datetime": {"datetime": "2021-10-04 11:29:02", "elapsed": 162.571709, "delta": 1.216982}}
{"target": -62.154247079008115, "params": {"C": 8884.75104887696, "gamma": 0.6226789388160682}, "datetime": {"datetime": "2021-10-04 11:29:03", "elapsed": 163.883035, "delta": 1.311326}}
{"target": -64.19890113296609, "params": {"C": 6523.541669247536, "gamma": 0.7603170542287264}, "datetime": {"datetime": "2021-10-04 11:29:04", "elapsed": 164.885693, "delta": 1.002658}}
{"target": -58.76860470530105, "params": {"C": 8365.564397383969, "gamma": 0.3640592412795293}, "datetime": {"datetime": "2021-10-04 11:29:06", "elapsed": 166.279723, "delta": 1.39403}}
{"target": -56.44674648412309, "params": {"C": 9175.143022923898, "gamma": 0.2927621248230833}, "datetime": {"datetime": "2021-10-04 11:29:07", "elapsed": 167.760215, "delta": 1.480492}}
{"target": -62.350134378462386, "params": {"C": 9286.299318646285, "gamma": 0.6810696068078398}, "datetime": {"datetime": "2021-10-04 11:29:09", "elapsed": 168.971562, "delta": 1.211347}}
{"target": -56.59841441093634, "params": {"C": 1873.4885870590333, "gamma": 0.056239791463272806}, "datetime": {"datetime": "2021-10-04 11:29:10", "elapsed": 170.469663, "delta": 1.498101}}
{"target": -51.17261332318226, "params": {"C": 7617.843915297588, "gamma": 0.07067145671506178}, "datetime": {"datetime": "2021-10-04 11:29:12", "elapsed": 172.082508, "delta": 1.612845}}
{"target": -51.48636361126245, "params": {"C": 6963.394353552102, "gamma": 0.07350320146663766}, "datetime": {"datetime": "2021-10-04 11:29:13", "elapsed": 173.642256, "delta": 1.559748}}
{"target": -51.34991488057021, "params": {"C": 7535.324298413984, "gamma": 0.04640017380180094}, "datetime": {"datetime": "2021-10-04 11:29:15", "elapsed": 175.297294, "delta": 1.655038}}
{"target": -65.37729669661023, "params": {"C": 1874.882940019088, "gamma": 0.31663625420608443}, "datetime": {"datetime": "2021-10-04 11:29:16", "elapsed": 176.41205, "delta": 1.114756}}
{"target": -65.35508623915293, "params": {"C": 5296.343080667829, "gamma": 0.8439546525614988}, "datetime": {"datetime": "2021-10-04 11:29:18", "elapsed": 178.159426, "delta": 1.747376}}
{"target": -69.45743215650458, "params": {"C": 1872.785197041636, "gamma": 0.992647313247041}, "datetime": {"datetime": "2021-10-04 11:29:19", "elapsed": 179.453325, "delta": 1.293899}}
{"target": -65.65312220080662, "params": {"C": 2933.1790614144975, "gamma": 0.4667194816778594}, "datetime": {"datetime": "2021-10-04 11:29:20", "elapsed": 180.677227, "delta": 1.223902}}
{"target": -63.50805313345982, "params": {"C": 5762.62652576359, "gamma": 0.559652284229664}, "datetime": {"datetime": "2021-10-04 11:29:22", "elapsed": 182.52226, "delta": 1.845033}}
{"target": -63.494604628276576, "params": {"C": 5405.508039174324, "gamma": 0.5287025430794672}, "datetime": {"datetime": "2021-10-04 11:29:24", "elapsed": 184.113103, "delta": 1.590843}}
{"target": -58.4493044861732, "params": {"C": 5077.915314196811, "gamma": 0.25920220950456124}, "datetime": {"datetime": "2021-10-04 11:29:25", "elapsed": 185.780799, "delta": 1.667696}}
{"target": -52.866448279619725, "params": {"C": 6967.963832784771, "gamma": 0.021663458052322324}, "datetime": {"datetime": "2021-10-04 11:29:27", "elapsed": 187.099605, "delta": 1.318806}}
{"target": -63.02103825795373, "params": {"C": 9287.738366111891, "gamma": 0.8371872023893778}, "datetime": {"datetime": "2021-10-04 11:29:28", "elapsed": 188.69573, "delta": 1.596125}}
{"target": -59.60850785409205, "params": {"C": 5076.478683020586, "gamma": 0.29880337462562695}, "datetime": {"datetime": "2021-10-04 11:29:30", "elapsed": 190.059845, "delta": 1.364115}}
{"target": -51.94268611372727, "params": {"C": 6800.31168445331, "gamma": 0.09232371230158361}, "datetime": {"datetime": "2021-10-04 11:29:31", "elapsed": 191.511987, "delta": 1.452142}}
{"target": -65.19774769400193, "params": {"C": 5079.706185645978, "gamma": 0.7434894232015787}, "datetime": {"datetime": "2021-10-04 11:29:33", "elapsed": 193.391737, "delta": 1.87975}}
{"target": -61.615521755855106, "params": {"C": 8569.407889046386, "gamma": 0.5441619862526917}, "datetime": {"datetime": "2021-10-04 11:29:35", "elapsed": 195.395071, "delta": 2.003334}}
{"target": -64.53742925380409, "params": {"C": 4790.726133268804, "gamma": 0.5850719221816368}, "datetime": {"datetime": "2021-10-04 11:29:36", "elapsed": 196.686682, "delta": 1.291611}}
{"target": -54.07736565335899, "params": {"C": 8367.225734294776, "gamma": 0.0121451725771332}, "datetime": {"datetime": "2021-10-04 11:29:38", "elapsed": 198.285516, "delta": 1.598834}}
{"target": -67.42046663469263, "params": {"C": 1785.8455213039324, "gamma": 0.42690530345474914}, "datetime": {"datetime": "2021-10-04 11:29:39", "elapsed": 199.335668, "delta": 1.050152}}
{"target": -63.16431590198173, "params": {"C": 8216.949275294874, "gamma": 0.7429807798130421}, "datetime": {"datetime": "2021-10-04 11:29:41", "elapsed": 200.998654, "delta": 1.662986}}
{"target": -72.4529393512026, "params": {"C": 624.8479550623556, "gamma": 0.9176259992686546}, "datetime": {"datetime": "2021-10-04 11:29:42", "elapsed": 202.14353, "delta": 1.144876}}
{"target": -67.79381082120223, "params": {"C": 2782.618515772734, "gamma": 0.8063488672614684}, "datetime": {"datetime": "2021-10-04 11:29:43", "elapsed": 203.1027, "delta": 0.95917}}
{"target": -61.75893916929569, "params": {"C": 3884.3316407564853, "gamma": 0.3268508696141122}, "datetime": {"datetime": "2021-10-04 11:29:45", "elapsed": 205.151396, "delta": 2.048696}}
{"target": -52.531740088453205, "params": {"C": 8364.924778036488, "gamma": 0.14357004792524147}, "datetime": {"datetime": "2021-10-04 11:29:46", "elapsed": 206.411581, "delta": 1.260185}}
{"target": -64.36847449046675, "params": {"C": 5155.656970844603, "gamma": 0.6068148539760305}, "datetime": {"datetime": "2021-10-04 11:29:48", "elapsed": 208.04759, "delta": 1.636009}}
{"target": -74.54046890199713, "params": {"C": 118.63608986434444, "gamma": 0.608271166510333}, "datetime": {"datetime": "2021-10-04 11:29:49", "elapsed": 209.41221, "delta": 1.36462}}
{"target": -53.50716587413304, "params": {"C": 6175.610010636939, "gamma": 0.13318250800229522}, "datetime": {"datetime": "2021-10-04 11:29:51", "elapsed": 211.589545, "delta": 2.177335}}
{"target": -64.11417825694002, "params": {"C": 6174.18792657484, "gamma": 0.6919421229189372}, "datetime": {"datetime": "2021-10-04 11:29:53", "elapsed": 213.752922, "delta": 2.163377}}
{"target": -64.53092006499793, "params": {"C": 6175.463458989553, "gamma": 0.7861653200640499}, "datetime": {"datetime": "2021-10-04 11:29:55", "elapsed": 215.851534, "delta": 2.098612}}
{"target": -53.9900626768045, "params": {"C": 6178.742793845716, "gamma": 0.14845044199499213}, "datetime": {"datetime": "2021-10-04 11:29:57", "elapsed": 217.579696, "delta": 1.728162}}
{"target": -64.68517351797446, "params": {"C": 6179.265100975389, "gamma": 0.833607809967848}, "datetime": {"datetime": "2021-10-04 11:29:59", "elapsed": 219.252587, "delta": 1.672891}}
{"target": -57.08914545709466, "params": {"C": 6178.117472011252, "gamma": 0.24962478715493747}, "datetime": {"datetime": "2021-10-04 11:30:00", "elapsed": 220.789158, "delta": 1.536571}}
{"target": -53.91343658701725, "params": {"C": 6176.55464352474, "gamma": 0.14596054248190798}, "datetime": {"datetime": "2021-10-04 11:30:02", "elapsed": 222.767774, "delta": 1.978616}}
{"target": -63.03445675184929, "params": {"C": 3793.8172373291995, "gamma": 0.3800219118842539}, "datetime": {"datetime": "2021-10-04 11:30:04", "elapsed": 224.499112, "delta": 1.731338}}
{"target": -63.2940355214818, "params": {"C": 3116.857680984595, "gamma": 0.3450904146269572}, "datetime": {"datetime": "2021-10-04 11:30:06", "elapsed": 226.113261, "delta": 1.614149}}
{"target": -63.70105507624385, "params": {"C": 6177.278272742597, "gamma": 0.624343080245486}, "datetime": {"datetime": "2021-10-04 11:30:07", "elapsed": 227.598753, "delta": 1.485492}}
{"target": -59.9194311707535, "params": {"C": 7708.370774185313, "gamma": 0.39848240955773184}, "datetime": {"datetime": "2021-10-04 11:30:09", "elapsed": 229.300056, "delta": 1.701303}}
{"target": -53.068490990801, "params": {"C": 9268.006357410462, "gamma": 0.17864064736511198}, "datetime": {"datetime": "2021-10-04 11:30:10", "elapsed": 230.351838, "delta": 1.051782}}
{"target": -52.05616777310268, "params": {"C": 9267.248792109698, "gamma": 0.14142611187776502}, "datetime": {"datetime": "2021-10-04 11:30:11", "elapsed": 231.74317, "delta": 1.391332}}
{"target": -60.940360933805465, "params": {"C": 9268.829814209825, "gamma": 0.5155144129366785}, "datetime": {"datetime": "2021-10-04 11:30:13", "elapsed": 233.061852, "delta": 1.318682}}
{"target": -63.42026701833034, "params": {"C": 9267.811001624561, "gamma": 0.9792051982274695}, "datetime": {"datetime": "2021-10-04 11:30:14", "elapsed": 234.759197, "delta": 1.697345}}
{"target": -68.04392070165115, "params": {"C": 2586.0134197315692, "gamma": 0.796455668734059}, "datetime": {"datetime": "2021-10-04 11:30:15", "elapsed": 235.797816, "delta": 1.038619}}
{"target": -62.1641769435761, "params": {"C": 3884.114220701805, "gamma": 0.34440304962882523}, "datetime": {"datetime": "2021-10-04 11:30:17", "elapsed": 236.931432, "delta": 1.133616}}
{"target": -55.41548182264522, "params": {"C": 2599.2602490885183, "gamma": 0.0666649847467972}, "datetime": {"datetime": "2021-10-04 11:30:18", "elapsed": 237.966095, "delta": 1.034663}}
{"target": -62.425398705839505, "params": {"C": 9266.534651215128, "gamma": 0.6927418479635933}, "datetime": {"datetime": "2021-10-04 11:30:19", "elapsed": 239.381119, "delta": 1.415024}}
{"target": -55.327221060783316, "params": {"C": 6176.132465553135, "gamma": 0.19257276902978415}, "datetime": {"datetime": "2021-10-04 11:30:20", "elapsed": 240.778247, "delta": 1.397128}}
{"target": -68.13254840457613, "params": {"C": 2599.846938424311, "gamma": 0.8491896828439212}, "datetime": {"datetime": "2021-10-04 11:30:22", "elapsed": 242.655258, "delta": 1.877011}}
{"target": -68.26792256616753, "params": {"C": 2598.370513726646, "gamma": 0.9353075733705324}, "datetime": {"datetime": "2021-10-04 11:30:24", "elapsed": 244.158782, "delta": 1.503524}}
{"target": -61.737438117598074, "params": {"C": 7563.255166024765, "gamma": 0.5055783908910833}, "datetime": {"datetime": "2021-10-04 11:30:25", "elapsed": 245.59565, "delta": 1.436868}}
{"target": -53.42369204273787, "params": {"C": 9197.104023325528, "gamma": 0.1896928377646949}, "datetime": {"datetime": "2021-10-04 11:30:27", "elapsed": 247.035913, "delta": 1.440263}}
{"target": -61.271253754344066, "params": {"C": 9196.409720220267, "gamma": 0.5410856703995315}, "datetime": {"datetime": "2021-10-04 11:30:28", "elapsed": 248.58659, "delta": 1.550677}}
{"target": -60.46754184139457, "params": {"C": 9197.39402267602, "gamma": 0.4779013750876208}, "datetime": {"datetime": "2021-10-04 11:30:29", "elapsed": 249.879389, "delta": 1.292799}}
{"target": -55.37631489205556, "params": {"C": 9267.607001241542, "gamma": 0.2564632024069191}, "datetime": {"datetime": "2021-10-04 11:30:31", "elapsed": 251.209399, "delta": 1.33001}}
{"target": -73.57389182312485, "params": {"C": 338.7876449977138, "gamma": 0.9881183501277836}, "datetime": {"datetime": "2021-10-04 11:30:32", "elapsed": 252.749632, "delta": 1.540233}}
{"target": -52.01798534558003, "params": {"C": 6475.38633103753, "gamma": 0.03688650261561152}, "datetime": {"datetime": "2021-10-04 11:30:34", "elapsed": 254.190219, "delta": 1.440587}}
{"target": -68.42914145591361, "params": {"C": 2316.8970054377146, "gamma": 0.7857776219468199}, "datetime": {"datetime": "2021-10-04 11:30:36", "elapsed": 256.332245, "delta": 2.142026}}
{"target": -55.62993678089031, "params": {"C": 2360.091365275432, "gamma": 0.05778480683385119}, "datetime": {"datetime": "2021-10-04 11:30:38", "elapsed": 258.037004, "delta": 1.704759}}
{"target": -66.89710646682052, "params": {"C": 2360.732705134949, "gamma": 0.4923121738588418}, "datetime": {"datetime": "2021-10-04 11:30:39", "elapsed": 259.409616, "delta": 1.372612}}
{"target": -62.48647588799202, "params": {"C": 2359.4269329813815, "gamma": 0.25138550760088496}, "datetime": {"datetime": "2021-10-04 11:30:40", "elapsed": 260.780967, "delta": 1.371351}}
{"target": -55.485868371088415, "params": {"C": 4154.103871528615, "gamma": 0.13719927974251883}, "datetime": {"datetime": "2021-10-04 11:30:42", "elapsed": 262.358837, "delta": 1.57787}}
{"target": -53.65930941164421, "params": {"C": 4153.373857774269, "gamma": 0.03102134964449084}, "datetime": {"datetime": "2021-10-04 11:30:44", "elapsed": 264.554238, "delta": 2.195401}}
{"target": -66.24337457632616, "params": {"C": 4154.786177559233, "gamma": 0.8087992728883124}, "datetime": {"datetime": "2021-10-04 11:30:46", "elapsed": 266.605852, "delta": 2.051614}}
{"target": -60.069680138338015, "params": {"C": 4152.762657519344, "gamma": 0.27639284651992496}, "datetime": {"datetime": "2021-10-04 11:30:48", "elapsed": 268.470853, "delta": 1.865001}}
{"target": -65.57353549990911, "params": {"C": 4153.347657308128, "gamma": 0.6425549626263389}, "datetime": {"datetime": "2021-10-04 11:30:50", "elapsed": 270.548298, "delta": 2.077445}}
{"target": -64.36421018567088, "params": {"C": 7270.115009054955, "gamma": 0.9787960866062984}, "datetime": {"datetime": "2021-10-04 11:30:52", "elapsed": 272.40228, "delta": 1.853982}}
{"target": -53.73431231838397, "params": {"C": 8366.49074675892, "gamma": 0.013522560944191913}, "datetime": {"datetime": "2021-10-04 11:30:54", "elapsed": 273.927638, "delta": 1.525358}}
{"target": -53.09868972915486, "params": {"C": 6801.811578265086, "gamma": 0.020118334829327664}, "datetime": {"datetime": "2021-10-04 11:30:55", "elapsed": 275.542074, "delta": 1.614436}}
{"target": -58.675333165762524, "params": {"C": 4478.047611984367, "gamma": 0.24472982914352462}, "datetime": {"datetime": "2021-10-04 11:30:57", "elapsed": 277.49738, "delta": 1.955306}}
{"target": -66.2987341859169, "params": {"C": 4479.217512524381, "gamma": 0.9845048673186825}, "datetime": {"datetime": "2021-10-04 11:31:00", "elapsed": 279.995735, "delta": 2.498355}}
{"target": -64.6257646504961, "params": {"C": 4477.012020140931, "gamma": 0.5587921692861787}, "datetime": {"datetime": "2021-10-04 11:31:01", "elapsed": 281.730995, "delta": 1.73526}}
{"target": -71.12024768876708, "params": {"C": 954.4759761268032, "gamma": 0.6890423235715274}, "datetime": {"datetime": "2021-10-04 11:31:03", "elapsed": 282.902348, "delta": 1.171353}}
{"target": -53.63974488495564, "params": {"C": 6675.728562512561, "gamma": 0.1486557885019287}, "datetime": {"datetime": "2021-10-04 11:31:04", "elapsed": 284.067078, "delta": 1.16473}}
{"target": -54.8526337590747, "params": {"C": 6674.7699662349305, "gamma": 0.18888505552619897}, "datetime": {"datetime": "2021-10-04 11:31:05", "elapsed": 285.485941, "delta": 1.418863}}
{"target": -62.209727738359234, "params": {"C": 6676.8318461254585, "gamma": 0.49707349086788427}, "datetime": {"datetime": "2021-10-04 11:31:07", "elapsed": 287.807968, "delta": 2.322027}}
{"target": -64.17738966140666, "params": {"C": 6675.578285476086, "gamma": 0.7791954459017467}, "datetime": {"datetime": "2021-10-04 11:31:10", "elapsed": 290.027719, "delta": 2.219751}}
{"target": -59.31442982521901, "params": {"C": 6673.8963080503445, "gamma": 0.3405782330949377}, "datetime": {"datetime": "2021-10-04 11:31:11", "elapsed": 291.7681, "delta": 1.740381}}
{"target": -62.10262881137486, "params": {"C": 5073.476704848156, "gamma": 0.4052644101259708}, "datetime": {"datetime": "2021-10-04 11:31:13", "elapsed": 293.38676, "delta": 1.61866}}
{"target": -65.90823120845815, "params": {"C": 3813.8053452527397, "gamma": 0.6364598453158584}, "datetime": {"datetime": "2021-10-04 11:31:14", "elapsed": 294.597046, "delta": 1.210286}}
{"target": -52.651298855717805, "params": {"C": 9500.215111744083, "gamma": 0.16740378873877082}, "datetime": {"datetime": "2021-10-04 11:31:16", "elapsed": 296.769636, "delta": 2.17259}}
{"target": -54.226448645469155, "params": {"C": 9500.894565305498, "gamma": 0.22077383916467244}, "datetime": {"datetime": "2021-10-04 11:31:18", "elapsed": 298.734906, "delta": 1.96527}}
{"target": -58.991301023962095, "params": {"C": 9499.428196852763, "gamma": 0.4020880053378064}, "datetime": {"datetime": "2021-10-04 11:31:20", "elapsed": 300.381378, "delta": 1.646472}}
{"target": -60.48263360009501, "params": {"C": 9500.320293029901, "gamma": 0.4894570315664628}, "datetime": {"datetime": "2021-10-04 11:31:22", "elapsed": 302.34843, "delta": 1.967052}}
{"target": -61.537469200690275, "params": {"C": 9501.57339091826, "gamma": 0.5826078893296583}, "datetime": {"datetime": "2021-10-04 11:31:24", "elapsed": 304.056225, "delta": 1.707795}}
{"target": -64.48702847022655, "params": {"C": 6600.910672269019, "gamma": 0.8593705000430826}, "datetime": {"datetime": "2021-10-04 11:31:25", "elapsed": 305.24422, "delta": 1.187995}}
{"target": -65.31504400748419, "params": {"C": 4877.331248165443, "gamma": 0.7302101698501273}, "datetime": {"datetime": "2021-10-04 11:31:26", "elapsed": 306.473927, "delta": 1.229707}}
{"target": -62.47875406761956, "params": {"C": 7566.267832111193, "gamma": 0.5758717551349691}, "datetime": {"datetime": "2021-10-04 11:31:28", "elapsed": 308.172012, "delta": 1.698085}}
{"target": -66.17362847411584, "params": {"C": 4378.271131834362, "gamma": 0.8652904904214044}, "datetime": {"datetime": "2021-10-04 11:31:29", "elapsed": 309.38253, "delta": 1.210518}}
{"target": -68.4442645588713, "params": {"C": 2073.174221847101, "gamma": 0.6513622216614142}, "datetime": {"datetime": "2021-10-04 11:31:30", "elapsed": 310.619586, "delta": 1.237056}}
{"target": -62.79838284330133, "params": {"C": 8071.835169924531, "gamma": 0.6566817915140584}, "datetime": {"datetime": "2021-10-04 11:31:33", "elapsed": 313.681448, "delta": 3.061862}}
{"target": -53.37223486377638, "params": {"C": 6043.574707971034, "gamma": 0.020422772261139418}, "datetime": {"datetime": "2021-10-04 11:31:36", "elapsed": 316.087991, "delta": 2.406543}}
{"target": -62.92729084947731, "params": {"C": 6042.719668322345, "gamma": 0.5202670119595448}, "datetime": {"datetime": "2021-10-04 11:31:38", "elapsed": 318.090317, "delta": 2.002326}}
{"target": -63.860453914219335, "params": {"C": 6043.92962508221, "gamma": 0.6340555146014004}, "datetime": {"datetime": "2021-10-04 11:31:39", "elapsed": 319.791754, "delta": 1.701437}}
{"target": -50.97690715939382, "params": {"C": 9998.244103036814, "gamma": 0.03512563512305435}, "datetime": {"datetime": "2021-10-04 11:31:42", "elapsed": 322.278005, "delta": 2.486251}}
