{"target": -41.77657904968374, "params": {"C": 9374.08754177, "gamma": 0.0007569422334288242}, "datetime": {"datetime": "2021-09-29 20:05:37", "elapsed": 34.893691, "delta": 0.466522}}
{"target": -42.553516587828824, "params": {"C": 7839.900400730074, "gamma": 0.0005}, "datetime": {"datetime": "2021-09-29 20:05:38", "elapsed": 35.432858, "delta": 0.539167}}
{"target": -41.52116376625246, "params": {"C": 7710.582582683555, "gamma": 0.0013030970942388607}, "datetime": {"datetime": "2021-09-29 20:05:38", "elapsed": 35.944853, "delta": 0.511995}}
{"target": -42.46420097276349, "params": {"C": 5759.592555256268, "gamma": 0.0006821643163074611}, "datetime": {"datetime": "2021-09-29 20:05:39", "elapsed": 36.484098, "delta": 0.539245}}
{"target": -42.1321916117794, "params": {"C": 8279.673251154052, "gamma": 0.000624078544347621}, "datetime": {"datetime": "2021-09-29 20:05:39", "elapsed": 37.033103, "delta": 0.549005}}
{"target": -41.51456697966128, "params": {"C": 6125.477263112773, "gamma": 0.001692847290293957}, "datetime": {"datetime": "2021-09-29 20:05:40", "elapsed": 37.602103, "delta": 0.569}}
{"target": -41.87795937960208, "params": {"C": 6236.983136657509, "gamma": 0.0009629353274436065}, "datetime": {"datetime": "2021-09-29 20:05:40", "elapsed": 38.117102, "delta": 0.514999}}
{"target": -41.68326851121987, "params": {"C": 6294.1456496007495, "gamma": 0.0011762292324665568}, "datetime": {"datetime": "2021-09-29 20:05:41", "elapsed": 38.648254, "delta": 0.531152}}
{"target": -41.64945563199231, "params": {"C": 6185.107985859559, "gamma": 0.0012537954551336823}, "datetime": {"datetime": "2021-09-29 20:05:41", "elapsed": 39.086258, "delta": 0.438004}}
{"target": -41.561902990158806, "params": {"C": 6070.897373613881, "gamma": 0.0014942425252536637}, "datetime": {"datetime": "2021-09-29 20:05:42", "elapsed": 39.590257, "delta": 0.503999}}
{"target": -41.97230808923376, "params": {"C": 9531.509296074786, "gamma": 0.0006319344096283417}, "datetime": {"datetime": "2021-09-29 20:05:42", "elapsed": 40.124854, "delta": 0.534597}}
{"target": -41.809603459470665, "params": {"C": 9482.694441246207, "gamma": 0.0007275134059498819}, "datetime": {"datetime": "2021-09-29 20:05:43", "elapsed": 40.597186, "delta": 0.472332}}
{"target": -41.59534587954617, "params": {"C": 9578.333957649367, "gamma": 0.002}, "datetime": {"datetime": "2021-09-29 20:05:43", "elapsed": 41.162227, "delta": 0.565041}}
{"target": -42.92042081419073, "params": {"C": 6015.643074026792, "gamma": 0.0005110296116360458}, "datetime": {"datetime": "2021-09-29 20:05:44", "elapsed": 41.753187, "delta": 0.59096}}
{"target": -41.48789202204509, "params": {"C": 8233.999784456104, "gamma": 0.001608368806268223}, "datetime": {"datetime": "2021-09-29 20:05:45", "elapsed": 42.334282, "delta": 0.581095}}
{"target": -41.494386972568094, "params": {"C": 7618.205065906134, "gamma": 0.0018634639602821753}, "datetime": {"datetime": "2021-09-29 20:05:45", "elapsed": 42.997277, "delta": 0.662995}}
{"target": -41.48391247964286, "params": {"C": 9151.195501125747, "gamma": 0.0013545032070129324}, "datetime": {"datetime": "2021-09-29 20:05:46", "elapsed": 43.61828, "delta": 0.621003}}
{"target": -42.40749727763511, "params": {"C": 7658.930740156292, "gamma": 0.0005554053739227505}, "datetime": {"datetime": "2021-09-29 20:05:47", "elapsed": 44.239318, "delta": 0.621038}}
{"target": -41.990472152067646, "params": {"C": 7694.032099818522, "gamma": 0.0007331748137179869}, "datetime": {"datetime": "2021-09-29 20:05:47", "elapsed": 44.827479, "delta": 0.588161}}
{"target": -41.52869548509042, "params": {"C": 7789.72474212256, "gamma": 0.0012616513121487451}, "datetime": {"datetime": "2021-09-29 20:05:48", "elapsed": 45.43165, "delta": 0.604171}}
{"target": -41.57232771865562, "params": {"C": 9320.075417085962, "gamma": 0.001959921342325652}, "datetime": {"datetime": "2021-09-29 20:05:48", "elapsed": 46.084686, "delta": 0.653036}}
{"target": -41.494149543187916, "params": {"C": 7726.943071983318, "gamma": 0.001463320248618816}, "datetime": {"datetime": "2021-09-29 20:05:49", "elapsed": 46.777821, "delta": 0.693135}}
{"target": -41.534058567347536, "params": {"C": 9287.777578420188, "gamma": 0.0017793684669182303}, "datetime": {"datetime": "2021-09-29 20:05:50", "elapsed": 47.458822, "delta": 0.681001}}
{"target": -41.56283084599154, "params": {"C": 8978.741671459276, "gamma": 0.002}, "datetime": {"datetime": "2021-09-29 20:05:51", "elapsed": 48.236867, "delta": 0.778045}}
{"target": -41.49782267159651, "params": {"C": 8432.200530617352, "gamma": 0.001706620568497617}, "datetime": {"datetime": "2021-09-29 20:05:51", "elapsed": 48.980756, "delta": 0.743889}}
{"target": -41.58564163762476, "params": {"C": 6999.764143091796, "gamma": 0.0012333775779490622}, "datetime": {"datetime": "2021-09-29 20:05:52", "elapsed": 49.541755, "delta": 0.560999}}
{"target": -41.61600143727297, "params": {"C": 8470.705657094157, "gamma": 0.0009876566458309017}, "datetime": {"datetime": "2021-09-29 20:05:52", "elapsed": 50.177736, "delta": 0.635981}}
{"target": -41.7781103642985, "params": {"C": 5974.402763241535, "gamma": 0.0011052465562628824}, "datetime": {"datetime": "2021-09-29 20:05:53", "elapsed": 50.922532, "delta": 0.744796}}
{"target": -41.775397786569144, "params": {"C": 8195.364043153717, "gamma": 0.0008399878673052662}, "datetime": {"datetime": "2021-09-29 20:05:54", "elapsed": 51.604532, "delta": 0.682}}
{"target": -41.48554192775824, "params": {"C": 8509.107944575258, "gamma": 0.0014430407769244749}, "datetime": {"datetime": "2021-09-29 20:05:55", "elapsed": 52.329183, "delta": 0.724651}}
{"target": -41.65578622032519, "params": {"C": 9250.510584567464, "gamma": 0.0008723768889802041}, "datetime": {"datetime": "2021-09-29 20:05:55", "elapsed": 53.057184, "delta": 0.728001}}
{"target": -41.491255202062256, "params": {"C": 6713.250992339723, "gamma": 0.001744330182813177}, "datetime": {"datetime": "2021-09-29 20:05:56", "elapsed": 53.832183, "delta": 0.774999}}
{"target": -41.71562219226143, "params": {"C": 9828.056009529077, "gamma": 0.0007785091563849817}, "datetime": {"datetime": "2021-09-29 20:05:57", "elapsed": 54.532051, "delta": 0.699868}}
{"target": -41.485362372288115, "params": {"C": 9194.990581190796, "gamma": 0.001432299191413724}, "datetime": {"datetime": "2021-09-29 20:05:57", "elapsed": 55.16865, "delta": 0.636599}}
{"target": -41.50003202944298, "params": {"C": 9871.302724684001, "gamma": 0.0014916139662333342}, "datetime": {"datetime": "2021-09-29 20:05:58", "elapsed": 55.731655, "delta": 0.563005}}
{"target": -42.77580195992602, "params": {"C": 6674.6355061996055, "gamma": 0.0005044730738394107}, "datetime": {"datetime": "2021-09-29 20:05:59", "elapsed": 56.420903, "delta": 0.689248}}
{"target": -41.49351695318852, "params": {"C": 7760.175401065637, "gamma": 0.0018102072819744842}, "datetime": {"datetime": "2021-09-29 20:05:59", "elapsed": 57.080904, "delta": 0.660001}}
{"target": -41.492084203463016, "params": {"C": 8325.944892657015, "gamma": 0.0016620510181356721}, "datetime": {"datetime": "2021-09-29 20:06:00", "elapsed": 57.670906, "delta": 0.590002}}
{"target": -41.759002404033936, "params": {"C": 9112.088050291375, "gamma": 0.0007865066613844164}, "datetime": {"datetime": "2021-09-29 20:06:01", "elapsed": 58.289909, "delta": 0.619003}}
{"target": -41.537292892268404, "params": {"C": 6847.182223987108, "gamma": 0.0014026102741570056}, "datetime": {"datetime": "2021-09-29 20:06:01", "elapsed": 59.219141, "delta": 0.929232}}
{"target": -41.80443404750157, "params": {"C": 5426.890885818081, "gamma": 0.0011789742675076724}, "datetime": {"datetime": "2021-09-29 20:06:02", "elapsed": 59.857135, "delta": 0.637994}}
{"target": -41.67620230884613, "params": {"C": 8581.204551809325, "gamma": 0.0009021294110704579}, "datetime": {"datetime": "2021-09-29 20:06:03", "elapsed": 60.503126, "delta": 0.645991}}
{"target": -42.19274912956393, "params": {"C": 9015.611707609733, "gamma": 0.0005614466682334862}, "datetime": {"datetime": "2021-09-29 20:06:03", "elapsed": 61.180122, "delta": 0.676996}}
{"target": -41.75848780807031, "params": {"C": 6055.6339125969935, "gamma": 0.0011147990279738013}, "datetime": {"datetime": "2021-09-29 20:06:04", "elapsed": 61.970118, "delta": 0.789996}}
{"target": -41.63662929414394, "params": {"C": 6970.9567191184915, "gamma": 0.0011389717625164134}, "datetime": {"datetime": "2021-09-29 20:06:05", "elapsed": 62.781418, "delta": 0.8113}}
{"target": -42.172975418424315, "params": {"C": 6939.660760563978, "gamma": 0.0006991435417560898}, "datetime": {"datetime": "2021-09-29 20:06:06", "elapsed": 63.501421, "delta": 0.720003}}
{"target": -41.503315512601006, "params": {"C": 7030.1742051161245, "gamma": 0.0015371736393507277}, "datetime": {"datetime": "2021-09-29 20:06:07", "elapsed": 64.35842, "delta": 0.856999}}
{"target": -42.06883413212575, "params": {"C": 6111.139674503766, "gamma": 0.0008393570892332967}, "datetime": {"datetime": "2021-09-29 20:06:07", "elapsed": 65.064674, "delta": 0.706254}}
{"target": -41.705989765557696, "params": {"C": 6085.240817168192, "gamma": 0.001180246380371305}, "datetime": {"datetime": "2021-09-29 20:06:08", "elapsed": 65.826418, "delta": 0.761744}}
{"target": -41.711151411925805, "params": {"C": 6139.094751309623, "gamma": 0.0011628220288127863}, "datetime": {"datetime": "2021-09-29 20:06:09", "elapsed": 66.668696, "delta": 0.842278}}
{"target": -41.49666604309754, "params": {"C": 8544.020011559529, "gamma": 0.0012939167869005907}, "datetime": {"datetime": "2021-09-29 20:06:10", "elapsed": 67.423699, "delta": 0.755003}}
{"target": -41.884319526581855, "params": {"C": 9886.27737114688, "gamma": 0.0006612880555446593}, "datetime": {"datetime": "2021-09-29 20:06:11", "elapsed": 68.235695, "delta": 0.811996}}
{"target": -41.51220017595556, "params": {"C": 7057.077968465153, "gamma": 0.0014729127244361437}, "datetime": {"datetime": "2021-09-29 20:06:11", "elapsed": 68.959119, "delta": 0.723424}}
{"target": -41.52947637014943, "params": {"C": 7583.206022278009, "gamma": 0.0012926722968669012}, "datetime": {"datetime": "2021-09-29 20:06:12", "elapsed": 69.80612, "delta": 0.847001}}
{"target": -41.70659588539331, "params": {"C": 9350.916067014079, "gamma": 0.0008151888232435341}, "datetime": {"datetime": "2021-09-29 20:06:13", "elapsed": 70.660752, "delta": 0.854632}}
{"target": -41.983615890075384, "params": {"C": 6562.813904062817, "gamma": 0.0008418497735142988}, "datetime": {"datetime": "2021-09-29 20:06:14", "elapsed": 71.462755, "delta": 0.802003}}
{"target": -42.445436497021795, "params": {"C": 6528.138948697077, "gamma": 0.0006192367029423736}, "datetime": {"datetime": "2021-09-29 20:06:15", "elapsed": 72.366752, "delta": 0.903997}}
{"target": -41.557277964067765, "params": {"C": 9183.160936550175, "gamma": 0.0019203400318437574}, "datetime": {"datetime": "2021-09-29 20:06:15", "elapsed": 73.208116, "delta": 0.841364}}
{"target": -41.48634109153032, "params": {"C": 6879.319530363763, "gamma": 0.0019210768639752519}, "datetime": {"datetime": "2021-09-29 20:06:17", "elapsed": 74.598001, "delta": 1.389885}}
{"target": -41.59157227426482, "params": {"C": 8397.635812923992, "gamma": 0.00103345940687101}, "datetime": {"datetime": "2021-09-29 20:06:18", "elapsed": 75.297661, "delta": 0.69966}}
{"target": -41.51978574780977, "params": {"C": 9207.49306858292, "gamma": 0.0017163457838921259}, "datetime": {"datetime": "2021-09-29 20:06:18", "elapsed": 75.963664, "delta": 0.666003}}
{"target": -43.1018049569038, "params": {"C": 5467.975870914284, "gamma": 0.0005068588932518304}, "datetime": {"datetime": "2021-09-29 20:06:19", "elapsed": 76.656824, "delta": 0.69316}}
{"target": -41.50069720352211, "params": {"C": 9922.936114511685, "gamma": 0.0011064619549350117}, "datetime": {"datetime": "2021-09-29 20:06:20", "elapsed": 77.391821, "delta": 0.734997}}
{"target": -41.55285768363089, "params": {"C": 9939.101526652863, "gamma": 0.0009659291579991044}, "datetime": {"datetime": "2021-09-29 20:06:20", "elapsed": 78.171826, "delta": 0.780005}}
{"target": -42.15248112846526, "params": {"C": 6345.769547643969, "gamma": 0.0007648935390217639}, "datetime": {"datetime": "2021-09-29 20:06:21", "elapsed": 79.041501, "delta": 0.869675}}
{"target": -42.19042290772499, "params": {"C": 6727.911827520453, "gamma": 0.0007090796666202615}, "datetime": {"datetime": "2021-09-29 20:06:22", "elapsed": 79.77848, "delta": 0.736979}}
{"target": -41.920075691441525, "params": {"C": 6704.585433328466, "gamma": 0.0008705271830331934}, "datetime": {"datetime": "2021-09-29 20:06:23", "elapsed": 81.043362, "delta": 1.264882}}
{"target": -41.48276934233227, "params": {"C": 9860.702604354037, "gamma": 0.0012590335692446745}, "datetime": {"datetime": "2021-09-29 20:06:24", "elapsed": 81.989364, "delta": 0.946002}}
{"target": -41.489644463845885, "params": {"C": 7628.059721702561, "gamma": 0.001775119234313602}, "datetime": {"datetime": "2021-09-29 20:06:25", "elapsed": 83.019694, "delta": 1.03033}}
{"target": -41.48562797734534, "params": {"C": 9141.319486682289, "gamma": 0.0014431789598644703}, "datetime": {"datetime": "2021-09-29 20:06:26", "elapsed": 83.992698, "delta": 0.973004}}
{"target": -41.48747196359127, "params": {"C": 7995.6203437704135, "gamma": 0.0015056975081938137}, "datetime": {"datetime": "2021-09-29 20:06:27", "elapsed": 85.024338, "delta": 1.03164}}
{"target": -41.514646065592835, "params": {"C": 6198.758638770883, "gamma": 0.0016716759843566382}, "datetime": {"datetime": "2021-09-29 20:06:28", "elapsed": 85.901491, "delta": 0.877153}}
{"target": -41.494371848141846, "params": {"C": 7082.900499571113, "gamma": 0.0016078226833298804}, "datetime": {"datetime": "2021-09-29 20:06:29", "elapsed": 86.899617, "delta": 0.998126}}
{"target": -42.00744733263887, "params": {"C": 6312.439824370382, "gamma": 0.0008547466595660444}, "datetime": {"datetime": "2021-09-29 20:06:30", "elapsed": 87.788826, "delta": 0.889209}}
{"target": -41.48535533337561, "params": {"C": 6278.6235154309115, "gamma": 0.001970059624605231}, "datetime": {"datetime": "2021-09-29 20:06:31", "elapsed": 88.931294, "delta": 1.142468}}
{"target": -42.30710563506604, "params": {"C": 6168.701882373747, "gamma": 0.0007074815702033054}, "datetime": {"datetime": "2021-09-29 20:06:32", "elapsed": 89.988291, "delta": 1.056997}}
{"target": -41.48865638714116, "params": {"C": 8338.40679922372, "gamma": 0.0016067250937768414}, "datetime": {"datetime": "2021-09-29 20:06:33", "elapsed": 91.166552, "delta": 1.178261}}
{"target": -41.55019695969542, "params": {"C": 9954.349266491932, "gamma": 0.00172976112601029}, "datetime": {"datetime": "2021-09-29 20:06:34", "elapsed": 92.060548, "delta": 0.893996}}
{"target": -41.5086394721943, "params": {"C": 8150.472379180864, "gamma": 0.0018724779874671068}, "datetime": {"datetime": "2021-09-29 20:06:36", "elapsed": 93.232845, "delta": 1.172297}}
{"target": -41.77623627709005, "params": {"C": 8951.039845613128, "gamma": 0.0007836263867186677}, "datetime": {"datetime": "2021-09-29 20:06:37", "elapsed": 94.378823, "delta": 1.145978}}
{"target": -41.56155202931785, "params": {"C": 9620.756191854205, "gamma": 0.0018430664047219554}, "datetime": {"datetime": "2021-09-29 20:06:38", "elapsed": 95.991101, "delta": 1.612278}}
{"target": -41.81350451193198, "params": {"C": 9636.527552576354, "gamma": 0.0007165810594539567}, "datetime": {"datetime": "2021-09-29 20:06:39", "elapsed": 96.877296, "delta": 0.886195}}
{"target": -41.651336683559556, "params": {"C": 9780.359205497247, "gamma": 0.000841622286756425}, "datetime": {"datetime": "2021-09-29 20:06:41", "elapsed": 98.2353, "delta": 1.358004}}
{"target": -41.89746887021543, "params": {"C": 6458.6941022314895, "gamma": 0.0009172023982657835}, "datetime": {"datetime": "2021-09-29 20:06:42", "elapsed": 99.255069, "delta": 1.019769}}
{"target": -41.506356797917555, "params": {"C": 6425.595523752333, "gamma": 0.0016659789902383983}, "datetime": {"datetime": "2021-09-29 20:06:43", "elapsed": 101.146453, "delta": 1.891384}}
{"target": -41.59354298732135, "params": {"C": 6411.4786144344625, "gamma": 0.0013254266176624336}, "datetime": {"datetime": "2021-09-29 20:06:44", "elapsed": 102.228436, "delta": 1.081983}}
{"target": -41.55940587612154, "params": {"C": 9968.758376142041, "gamma": 0.0017658653111838586}, "datetime": {"datetime": "2021-09-29 20:06:46", "elapsed": 103.618737, "delta": 1.390301}}
{"target": -41.60768258952754, "params": {"C": 7970.659633469823, "gamma": 0.0010536791777744116}, "datetime": {"datetime": "2021-09-29 20:06:47", "elapsed": 104.835991, "delta": 1.217254}}
{"target": -42.28852101550953, "params": {"C": 5376.690703272548, "gamma": 0.0008084913516413351}, "datetime": {"datetime": "2021-09-29 20:06:48", "elapsed": 105.758694, "delta": 0.922703}}
{"target": -41.503455557121285, "params": {"C": 5406.738552327052, "gamma": 0.002}, "datetime": {"datetime": "2021-09-29 20:06:49", "elapsed": 106.924022, "delta": 1.165328}}
{"target": -41.68367041080891, "params": {"C": 6602.5148332447625, "gamma": 0.0011234072194672945}, "datetime": {"datetime": "2021-09-29 20:06:50", "elapsed": 108.110025, "delta": 1.186003}}
{"target": -42.18838392785596, "params": {"C": 9759.84680521275, "gamma": 0.0005314976360514128}, "datetime": {"datetime": "2021-09-29 20:06:52", "elapsed": 109.401426, "delta": 1.291401}}
{"target": -41.540109660417485, "params": {"C": 9567.30084967602, "gamma": 0.001755036665204093}, "datetime": {"datetime": "2021-09-29 20:06:53", "elapsed": 110.644289, "delta": 1.242863}}
{"target": -41.58279994042866, "params": {"C": 6769.395435785726, "gamma": 0.0012812251090814878}, "datetime": {"datetime": "2021-09-29 20:06:54", "elapsed": 111.937248, "delta": 1.292959}}
{"target": -41.487169229527346, "params": {"C": 6784.802243387156, "gamma": 0.0018160870759856295}, "datetime": {"datetime": "2021-09-29 20:06:55", "elapsed": 113.078716, "delta": 1.141468}}
{"target": -41.91118823808472, "params": {"C": 8603.838727915943, "gamma": 0.0007156530866171073}, "datetime": {"datetime": "2021-09-29 20:06:57", "elapsed": 114.298711, "delta": 1.219995}}
{"target": -41.759357240305675, "params": {"C": 8784.299851444515, "gamma": 0.0008083638002808707}, "datetime": {"datetime": "2021-09-29 20:06:57", "elapsed": 115.215856, "delta": 0.917145}}
{"target": -41.55391313486229, "params": {"C": 8737.678096070173, "gamma": 0.0010697683737712067}, "datetime": {"datetime": "2021-09-29 20:06:59", "elapsed": 116.244852, "delta": 1.028996}}
{"target": -41.495350640631884, "params": {"C": 8722.343038948236, "gamma": 0.0016271038453622637}, "datetime": {"datetime": "2021-09-29 20:07:00", "elapsed": 117.617028, "delta": 1.372176}}
{"target": -41.51711008020579, "params": {"C": 8708.027270583505, "gamma": 0.001173759805170179}, "datetime": {"datetime": "2021-09-29 20:07:01", "elapsed": 118.762254, "delta": 1.145226}}
{"target": -41.629996059071026, "params": {"C": 8693.751332020729, "gamma": 0.0009476324532265456}, "datetime": {"datetime": "2021-09-29 20:07:02", "elapsed": 119.718258, "delta": 0.956004}}
{"target": -41.513766920044226, "params": {"C": 5614.0740871911175, "gamma": 0.0018545428388600956}, "datetime": {"datetime": "2021-09-29 20:07:03", "elapsed": 120.762038, "delta": 1.04378}}
{"target": -41.769775367741104, "params": {"C": 5599.714267871533, "gamma": 0.0011870149933683192}, "datetime": {"datetime": "2021-09-29 20:07:04", "elapsed": 121.817042, "delta": 1.055004}}
{"target": -42.19401677801995, "params": {"C": 5627.95247183567, "gamma": 0.0008262542626646886}, "datetime": {"datetime": "2021-09-29 20:07:05", "elapsed": 123.079199, "delta": 1.262157}}
{"target": -41.573789518913976, "params": {"C": 9235.666958596423, "gamma": 0.001987831033972546}, "datetime": {"datetime": "2021-09-29 20:07:06", "elapsed": 124.215206, "delta": 1.136007}}
{"target": -41.83843857765886, "params": {"C": 5181.573292484326, "gamma": 0.0011913517580693616}, "datetime": {"datetime": "2021-09-29 20:07:07", "elapsed": 125.181458, "delta": 0.966252}}
{"target": -41.872629993994664, "params": {"C": 5055.983154733583, "gamma": 0.001180216249569372}, "datetime": {"datetime": "2021-09-29 20:07:09", "elapsed": 126.276459, "delta": 1.095001}}
{"target": -41.820101595332396, "params": {"C": 5898.451838313073, "gamma": 0.0010711115494407121}, "datetime": {"datetime": "2021-09-29 20:07:10", "elapsed": 127.603499, "delta": 1.32704}}
{"target": -42.97757841209043, "params": {"C": 5303.044114800403, "gamma": 0.0005546097012371925}, "datetime": {"datetime": "2021-09-29 20:07:11", "elapsed": 129.100918, "delta": 1.497419}}
{"target": -42.43135741523615, "params": {"C": 7268.439401519774, "gamma": 0.0005711468678940621}, "datetime": {"datetime": "2021-09-29 20:07:13", "elapsed": 130.292573, "delta": 1.191655}}
{"target": -41.50169498021497, "params": {"C": 7169.8917424485335, "gamma": 0.0015174751973479827}, "datetime": {"datetime": "2021-09-29 20:07:14", "elapsed": 131.634533, "delta": 1.34196}}
{"target": -41.56094746167515, "params": {"C": 7156.211721582718, "gamma": 0.0012677559811782313}, "datetime": {"datetime": "2021-09-29 20:07:15", "elapsed": 132.957838, "delta": 1.323305}}
{"target": -41.49659148343037, "params": {"C": 7184.337061558632, "gamma": 0.001559183129529701}, "datetime": {"datetime": "2021-09-29 20:07:16", "elapsed": 133.895835, "delta": 0.937997}}
{"target": -41.48490696485012, "params": {"C": 8813.105224589875, "gamma": 0.0014528492192639251}, "datetime": {"datetime": "2021-09-29 20:07:17", "elapsed": 135.002656, "delta": 1.106821}}
{"target": -41.48624797294778, "params": {"C": 8826.059275304524, "gamma": 0.001490768546191263}, "datetime": {"datetime": "2021-09-29 20:07:18", "elapsed": 136.021283, "delta": 1.018627}}
{"target": -41.85888716387767, "params": {"C": 7527.120290653344, "gamma": 0.0008322484668065568}, "datetime": {"datetime": "2021-09-29 20:07:19", "elapsed": 137.121668, "delta": 1.100385}}
