{"target": -36.44232396430404, "params": {"C": 2188.1915333899124, "gamma": 0.16356307034927295}, "datetime": {"datetime": "2021-09-28 15:05:45", "elapsed": 1449.662028, "delta": 3.184633}}
{"target": -35.550752514284795, "params": {"C": 2074.639866590422, "gamma": 0.10056839539700654}, "datetime": {"datetime": "2021-09-28 15:05:48", "elapsed": 1452.899634, "delta": 3.237606}}
{"target": -35.19886064764747, "params": {"C": 2459.490376658863, "gamma": 0.07963560989996603}, "datetime": {"datetime": "2021-09-28 15:05:54", "elapsed": 1458.37451, "delta": 5.474876}}
{"target": -36.238642584789176, "params": {"C": 2475.531410779163, "gamma": 0.013484721625415825}, "datetime": {"datetime": "2021-09-28 15:06:01", "elapsed": 1465.449519, "delta": 7.075009}}
{"target": -36.14659685723812, "params": {"C": 3550.7979025745753, "gamma": 0.14308882541053045}, "datetime": {"datetime": "2021-09-28 15:30:01", "elapsed": 0.0, "delta": 0.0}}
{"target": -35.54665340493214, "params": {"C": 3290.904738912944, "gamma": 0.10461138301354429}, "datetime": {"datetime": "2021-09-28 15:30:01", "elapsed": 0.225, "delta": 0.225}}
{"target": -36.64418433208028, "params": {"C": 3892.946954347655, "gamma": 0.17977715234202044}, "datetime": {"datetime": "2021-09-28 15:30:01", "elapsed": 0.448298, "delta": 0.223298}}
{"target": -34.74732565904681, "params": {"C": 3125.5853104638363, "gamma": 0.04541236123694642}, "datetime": {"datetime": "2021-09-28 15:30:02", "elapsed": 0.641299, "delta": 0.193001}}
{"target": -35.31970320496794, "params": {"C": 3051.46720330083, "gamma": 0.09095791951187412}, "datetime": {"datetime": "2021-09-28 15:30:02", "elapsed": 0.838295, "delta": 0.196996}}
{"target": -35.37099815657653, "params": {"C": 3029.876210878567, "gamma": 0.09408247875696867}, "datetime": {"datetime": "2021-09-28 15:30:02", "elapsed": 1.352301, "delta": 0.514006}}
{"target": -36.839281712176955, "params": {"C": 3189.382233435396, "gamma": 0.2}, "datetime": {"datetime": "2021-09-28 15:30:03", "elapsed": 1.972297, "delta": 0.619996}}
{"target": -36.83793394270702, "params": {"C": 3098.4160996020546, "gamma": 0.2}, "datetime": {"datetime": "2021-09-28 15:30:04", "elapsed": 2.483571, "delta": 0.511274}}
{"target": -36.00246734629438, "params": {"C": 3124.6169398507704, "gamma": 0.133654626678114}, "datetime": {"datetime": "2021-09-28 15:30:04", "elapsed": 2.780566, "delta": 0.296995}}
{"target": -34.95913808024569, "params": {"C": 3029.8690167315044, "gamma": 0.06508422699307778}, "datetime": {"datetime": "2021-09-28 15:30:04", "elapsed": 3.095566, "delta": 0.315}}
{"target": -35.56744201972245, "params": {"C": 3029.927661784052, "gamma": 0.01771316819301459}, "datetime": {"datetime": "2021-09-28 15:30:04", "elapsed": 3.441565, "delta": 0.345999}}
{"target": -35.36658670776253, "params": {"C": 3419.861659579808, "gamma": 0.01852308811760564}, "datetime": {"datetime": "2021-09-28 15:30:05", "elapsed": 3.95919, "delta": 0.517625}}
{"target": -36.350517738181104, "params": {"C": 3051.5653855545193, "gamma": 0.15750063968600625}, "datetime": {"datetime": "2021-09-28 15:30:06", "elapsed": 4.48079, "delta": 0.5216}}
{"target": -36.73939103324804, "params": {"C": 3941.4469745329993, "gamma": 0.18850673221422637}, "datetime": {"datetime": "2021-09-28 15:30:06", "elapsed": 4.946819, "delta": 0.466029}}
{"target": -35.00633223019528, "params": {"C": 3125.5160269378002, "gamma": 0.06903652723868782}, "datetime": {"datetime": "2021-09-28 15:30:07", "elapsed": 5.544792, "delta": 0.597973}}
{"target": -35.98896241805714, "params": {"C": 3125.5770679666507, "gamma": 0.13282168512857506}, "datetime": {"datetime": "2021-09-28 15:30:07", "elapsed": 5.907791, "delta": 0.362999}}
{"target": -35.149361374664345, "params": {"C": 3125.6784933798394, "gamma": 0.07937060923758081}, "datetime": {"datetime": "2021-09-28 15:30:07", "elapsed": 6.210792, "delta": 0.303001}}
{"target": -34.98054293895028, "params": {"C": 3125.699630155876, "gamma": 0.024199063816184904}, "datetime": {"datetime": "2021-09-28 15:30:08", "elapsed": 6.480114, "delta": 0.269322}}
{"target": -36.10795244929362, "params": {"C": 3646.2743126173586, "gamma": 0.14054254019079493}, "datetime": {"datetime": "2021-09-28 15:30:08", "elapsed": 7.10812, "delta": 0.628006}}
{"target": -36.157767444938926, "params": {"C": 3125.6259602976897, "gamma": 0.01213198949298163}, "datetime": {"datetime": "2021-09-28 15:30:09", "elapsed": 7.607119, "delta": 0.498999}}
{"target": -34.751687642913666, "params": {"C": 3029.939888724035, "gamma": 0.044423519348968425}, "datetime": {"datetime": "2021-09-28 15:30:09", "elapsed": 7.879113, "delta": 0.271994}}
{"target": -35.957530848497484, "params": {"C": 3411.370190227297, "gamma": 0.13103123074436054}, "datetime": {"datetime": "2021-09-28 15:30:09", "elapsed": 8.253115, "delta": 0.374002}}
{"target": -35.921618054897166, "params": {"C": 3902.0494569365264, "gamma": 0.1266469436276049}, "datetime": {"datetime": "2021-09-28 15:30:10", "elapsed": 8.542573, "delta": 0.289458}}
{"target": -36.46473511193478, "params": {"C": 3325.4719649974622, "gamma": 0.16586270596882552}, "datetime": {"datetime": "2021-09-28 15:30:10", "elapsed": 8.868574, "delta": 0.326001}}
{"target": -34.75927391493912, "params": {"C": 3108.821015122299, "gamma": 0.033517124977688516}, "datetime": {"datetime": "2021-09-28 15:30:10", "elapsed": 9.155575, "delta": 0.287001}}
{"target": -35.247115860805984, "params": {"C": 3495.0614072656704, "gamma": 0.019528176480562327}, "datetime": {"datetime": "2021-09-28 15:30:10", "elapsed": 9.419575, "delta": 0.264}}
{"target": -35.11343334667484, "params": {"C": 3250.069833223618, "gamma": 0.07728880997253908}, "datetime": {"datetime": "2021-09-28 15:30:11", "elapsed": 9.852576, "delta": 0.433001}}
{"target": -35.65852374634312, "params": {"C": 3614.42381051727, "gamma": 0.01520029479070148}, "datetime": {"datetime": "2021-09-28 15:30:11", "elapsed": 10.166576, "delta": 0.314}}
{"target": -35.02312645282409, "params": {"C": 3108.8201830115117, "gamma": 0.07025853603421164}, "datetime": {"datetime": "2021-09-28 15:30:12", "elapsed": 10.607838, "delta": 0.441262}}
{"target": -34.64378020641787, "params": {"C": 3894.858954827103, "gamma": 0.03656869331463406}, "datetime": {"datetime": "2021-09-28 15:30:12", "elapsed": 11.007838, "delta": 0.4}}
{"target": -36.819328420998495, "params": {"C": 3015.8924154138804, "gamma": 0.19809881923197417}, "datetime": {"datetime": "2021-09-28 15:30:12", "elapsed": 11.451838, "delta": 0.444}}
{"target": -34.96639404991152, "params": {"C": 3035.104153248423, "gamma": 0.06567093509661556}, "datetime": {"datetime": "2021-09-28 15:30:13", "elapsed": 11.88884, "delta": 0.437002}}
{"target": -35.06279056605051, "params": {"C": 3125.715387190437, "gamma": 0.07327849491364315}, "datetime": {"datetime": "2021-09-28 15:30:13", "elapsed": 12.31284, "delta": 0.424}}
{"target": -35.15609403228749, "params": {"C": 3894.8312240692458, "gamma": 0.08113719326764005}, "datetime": {"datetime": "2021-09-28 15:30:14", "elapsed": 12.719803, "delta": 0.406963}}
{"target": -36.67712313624037, "params": {"C": 3921.463745580751, "gamma": 0.18268251011998105}, "datetime": {"datetime": "2021-09-28 15:30:14", "elapsed": 13.101801, "delta": 0.381998}}
{"target": -35.2079503636101, "params": {"C": 3029.915124196334, "gamma": 0.02173269691821679}, "datetime": {"datetime": "2021-09-28 15:30:15", "elapsed": 13.565904, "delta": 0.464103}}
{"target": -35.35420953116643, "params": {"C": 3094.0639896253297, "gamma": 0.09309733281956055}, "datetime": {"datetime": "2021-09-28 15:30:15", "elapsed": 13.913903, "delta": 0.347999}}
{"target": -34.87300450929141, "params": {"C": 3894.91968075032, "gamma": 0.061049277717636824}, "datetime": {"datetime": "2021-09-28 15:30:15", "elapsed": 14.310903, "delta": 0.397}}
{"target": -34.73527888316564, "params": {"C": 3125.573375761287, "gamma": 0.04307896220770959}, "datetime": {"datetime": "2021-09-28 15:30:16", "elapsed": 14.668221, "delta": 0.357318}}
{"target": -34.75054803410026, "params": {"C": 3108.8892922590426, "gamma": 0.04568793586948874}, "datetime": {"datetime": "2021-09-28 15:30:16", "elapsed": 15.021221, "delta": 0.353}}
{"target": -35.93214726921021, "params": {"C": 3138.3747151381754, "gamma": 0.1293862256321188}, "datetime": {"datetime": "2021-09-28 15:30:16", "elapsed": 15.419217, "delta": 0.397996}}
{"target": -35.57373419972688, "params": {"C": 3696.689068435645, "gamma": 0.1053380703900664}, "datetime": {"datetime": "2021-09-28 15:30:17", "elapsed": 15.796221, "delta": 0.377004}}
{"target": -37.272882645157665, "params": {"C": 3894.944966509739, "gamma": 0.005093897554257299}, "datetime": {"datetime": "2021-09-28 15:30:17", "elapsed": 16.223219, "delta": 0.426998}}
{"target": -35.03074216511097, "params": {"C": 3250.1222925869542, "gamma": 0.07120681075490379}, "datetime": {"datetime": "2021-09-28 15:30:18", "elapsed": 16.603581, "delta": 0.380362}}
{"target": -35.739424166831995, "params": {"C": 3894.807640476958, "gamma": 0.01390356708303921}, "datetime": {"datetime": "2021-09-28 15:30:18", "elapsed": 16.981579, "delta": 0.377998}}
{"target": -35.93664295542492, "params": {"C": 3894.931134382122, "gamma": 0.12771980632036672}, "datetime": {"datetime": "2021-09-28 15:30:18", "elapsed": 17.438583, "delta": 0.457004}}
{"target": -35.01259052856234, "params": {"C": 3029.9946948087745, "gamma": 0.06922046650665374}, "datetime": {"datetime": "2021-09-28 15:30:19", "elapsed": 17.941581, "delta": 0.502998}}
{"target": -36.3053801776697, "params": {"C": 3680.071690714273, "gamma": 0.154089450288626}, "datetime": {"datetime": "2021-09-28 15:30:19", "elapsed": 18.27858, "delta": 0.336999}}
{"target": -36.70868082005677, "params": {"C": 3857.1214140292777, "gamma": 0.18569789325947425}, "datetime": {"datetime": "2021-09-28 15:30:20", "elapsed": 18.736365, "delta": 0.457785}}
{"target": -34.74456565893975, "params": {"C": 3108.8657872853337, "gamma": 0.044603274848578484}, "datetime": {"datetime": "2021-09-28 15:30:20", "elapsed": 19.090365, "delta": 0.354}}
{"target": -35.505228057887564, "params": {"C": 3035.094353867054, "gamma": 0.01835011222238532}, "datetime": {"datetime": "2021-09-28 15:30:21", "elapsed": 19.560367, "delta": 0.470002}}
{"target": -35.840716872627375, "params": {"C": 3369.3999817822896, "gamma": 0.12305503427235742}, "datetime": {"datetime": "2021-09-28 15:30:21", "elapsed": 19.902367, "delta": 0.342}}
{"target": -35.053035368514735, "params": {"C": 3450.286576569553, "gamma": 0.07328241524422915}, "datetime": {"datetime": "2021-09-28 15:30:21", "elapsed": 20.242365, "delta": 0.339998}}
{"target": -35.59615375814504, "params": {"C": 3035.066653281163, "gamma": 0.10794797631852998}, "datetime": {"datetime": "2021-09-28 15:30:22", "elapsed": 20.740224, "delta": 0.497859}}
{"target": -36.34451743044302, "params": {"C": 3108.875882051754, "gamma": 0.01082789606604604}, "datetime": {"datetime": "2021-09-28 15:30:22", "elapsed": 21.208251, "delta": 0.468027}}
{"target": -36.062142777504135, "params": {"C": 3909.2211720027703, "gamma": 0.13643878910207977}, "datetime": {"datetime": "2021-09-28 15:30:23", "elapsed": 21.678227, "delta": 0.469976}}
{"target": -35.686306453969294, "params": {"C": 3894.8811668850867, "gamma": 0.11147953103095266}, "datetime": {"datetime": "2021-09-28 15:30:23", "elapsed": 22.08323, "delta": 0.405003}}
{"target": -34.922299102118195, "params": {"C": 3894.894216159314, "gamma": 0.06469584111181668}, "datetime": {"datetime": "2021-09-28 15:30:24", "elapsed": 22.578665, "delta": 0.495435}}
{"target": -35.237326885159376, "params": {"C": 3029.915905923658, "gamma": 0.0851048556399477}, "datetime": {"datetime": "2021-09-28 15:30:24", "elapsed": 23.013665, "delta": 0.435}}
{"target": -34.82300748407995, "params": {"C": 3125.5858769530846, "gamma": 0.05426184848557082}, "datetime": {"datetime": "2021-09-28 15:30:24", "elapsed": 23.380666, "delta": 0.367001}}
{"target": -35.960845872411475, "params": {"C": 3030.0310633052068, "gamma": 0.13100618127517494}, "datetime": {"datetime": "2021-09-28 15:30:25", "elapsed": 23.836585, "delta": 0.455919}}
{"target": -34.74607397430263, "params": {"C": 3125.2151807727587, "gamma": 0.04518206482308535}, "datetime": {"datetime": "2021-09-28 15:30:25", "elapsed": 24.237587, "delta": 0.401002}}
{"target": -35.06591716308342, "params": {"C": 3287.756082809284, "gamma": 0.0738888725861973}, "datetime": {"datetime": "2021-09-28 15:30:26", "elapsed": 24.652116, "delta": 0.414529}}
{"target": -35.25364926804349, "params": {"C": 3094.0659441590133, "gamma": 0.08647154963948835}, "datetime": {"datetime": "2021-09-28 15:30:26", "elapsed": 25.061116, "delta": 0.409}}
{"target": -34.7422813097574, "params": {"C": 3125.746142433405, "gamma": 0.03528772681575864}, "datetime": {"datetime": "2021-09-28 15:30:27", "elapsed": 25.525116, "delta": 0.464}}
{"target": -35.44212312092814, "params": {"C": 3125.1780789549134, "gamma": 0.09834110360446377}, "datetime": {"datetime": "2021-09-28 15:30:27", "elapsed": 25.944114, "delta": 0.418998}}
{"target": -36.28907806757291, "params": {"C": 3457.3026472043152, "gamma": 0.15303468840878534}, "datetime": {"datetime": "2021-09-28 15:30:27", "elapsed": 26.371114, "delta": 0.427}}
{"target": -36.34774872955526, "params": {"C": 3464.217067132033, "gamma": 0.15721527969474974}, "datetime": {"datetime": "2021-09-28 15:30:28", "elapsed": 26.872219, "delta": 0.501105}}
{"target": -35.403914682014886, "params": {"C": 3108.8605135785056, "gamma": 0.09605065639256807}, "datetime": {"datetime": "2021-09-28 15:30:28", "elapsed": 27.340215, "delta": 0.467996}}
{"target": -34.788730561505616, "params": {"C": 3029.8411796566284, "gamma": 0.03169988262034617}, "datetime": {"datetime": "2021-09-28 15:30:29", "elapsed": 27.801217, "delta": 0.461002}}
{"target": -36.70414359627704, "params": {"C": 3587.4911343863478, "gamma": 0.1856689421933904}, "datetime": {"datetime": "2021-09-28 15:30:29", "elapsed": 28.224217, "delta": 0.423}}
{"target": -36.302638153330605, "params": {"C": 3029.8598276117727, "gamma": 0.011293604331017011}, "datetime": {"datetime": "2021-09-28 15:30:30", "elapsed": 28.641491, "delta": 0.417274}}
{"target": -34.75439250251918, "params": {"C": 3637.0527460142307, "gamma": 0.02818850669744737}, "datetime": {"datetime": "2021-09-28 15:30:30", "elapsed": 29.034493, "delta": 0.393002}}
{"target": -36.4160495474896, "params": {"C": 3029.908105729976, "gamma": 0.010566106767735502}, "datetime": {"datetime": "2021-09-28 15:30:31", "elapsed": 29.526491, "delta": 0.491998}}
{"target": -36.289438429378265, "params": {"C": 3894.8804606747776, "gamma": 0.009789017899707089}, "datetime": {"datetime": "2021-09-28 15:30:31", "elapsed": 29.937491, "delta": 0.411}}
{"target": -34.73327098516053, "params": {"C": 3029.8872453854983, "gamma": 0.040016206966517434}, "datetime": {"datetime": "2021-09-28 15:30:31", "elapsed": 30.394493, "delta": 0.457002}}
{"target": -34.70400431599847, "params": {"C": 3894.8577821169597, "gamma": 0.029609112356136707}, "datetime": {"datetime": "2021-09-28 15:30:32", "elapsed": 30.836579, "delta": 0.442086}}
{"target": -35.459804160760555, "params": {"C": 3266.891799798058, "gamma": 0.09934402305382174}, "datetime": {"datetime": "2021-09-28 15:30:32", "elapsed": 31.331581, "delta": 0.495002}}
{"target": -34.98587421697751, "params": {"C": 3125.769522351001, "gamma": 0.06747928769044115}, "datetime": {"datetime": "2021-09-28 15:30:33", "elapsed": 31.77058, "delta": 0.438999}}
{"target": -36.320759928299715, "params": {"C": 3650.274615248775, "gamma": 0.15516568726967547}, "datetime": {"datetime": "2021-09-28 15:30:33", "elapsed": 32.18858, "delta": 0.418}}
{"target": -34.812162428999756, "params": {"C": 3108.835186195019, "gamma": 0.053207736841167856}, "datetime": {"datetime": "2021-09-28 15:30:34", "elapsed": 32.699644, "delta": 0.511064}}
{"target": -35.05894522194764, "params": {"C": 3637.058258732247, "gamma": 0.07403487399395678}, "datetime": {"datetime": "2021-09-28 15:30:34", "elapsed": 33.312645, "delta": 0.613001}}
{"target": -34.72768793138577, "params": {"C": 3108.7803161844895, "gamma": 0.04083369464386554}, "datetime": {"datetime": "2021-09-28 15:30:35", "elapsed": 33.924241, "delta": 0.611596}}
{"target": -35.919318329260705, "params": {"C": 3305.022329648089, "gamma": 0.12872996325698022}, "datetime": {"datetime": "2021-09-28 15:30:36", "elapsed": 34.480236, "delta": 0.555995}}
{"target": -35.503637198744364, "params": {"C": 3154.6970283634214, "gamma": 0.10206980669172949}, "datetime": {"datetime": "2021-09-28 15:30:36", "elapsed": 34.948997, "delta": 0.468761}}
{"target": -35.6198089278706, "params": {"C": 3273.161498771255, "gamma": 0.10914789655518903}, "datetime": {"datetime": "2021-09-28 15:30:37", "elapsed": 35.513999, "delta": 0.565002}}
{"target": -34.80440590351782, "params": {"C": 3051.305556297808, "gamma": 0.052186071808302745}, "datetime": {"datetime": "2021-09-28 15:30:37", "elapsed": 35.981995, "delta": 0.467996}}
{"target": -35.06066686811643, "params": {"C": 3108.9127172547524, "gamma": 0.0730770846806844}, "datetime": {"datetime": "2021-09-28 15:30:38", "elapsed": 36.491003, "delta": 0.509008}}
{"target": -34.8007286039377, "params": {"C": 3250.0908426148717, "gamma": 0.05289742921540561}, "datetime": {"datetime": "2021-09-28 15:30:38", "elapsed": 37.074228, "delta": 0.583225}}
{"target": -35.636794756026866, "params": {"C": 3134.7854753433253, "gamma": 0.11046720960754958}, "datetime": {"datetime": "2021-09-28 15:30:39", "elapsed": 37.602228, "delta": 0.528}}
{"target": -36.842077196739695, "params": {"C": 3295.7943653919883, "gamma": 0.19993132860600835}, "datetime": {"datetime": "2021-09-28 15:30:39", "elapsed": 38.129228, "delta": 0.527}}
{"target": -34.70934712674784, "params": {"C": 3637.0167663103666, "gamma": 0.03166315684377384}, "datetime": {"datetime": "2021-09-28 15:30:40", "elapsed": 38.780744, "delta": 0.651516}}
{"target": -36.45984576124713, "params": {"C": 3846.4244318668216, "gamma": 0.1648796250974893}, "datetime": {"datetime": "2021-09-28 15:30:40", "elapsed": 39.262743, "delta": 0.481999}}
{"target": -34.85031098265354, "params": {"C": 3637.105193692559, "gamma": 0.024077883262432053}, "datetime": {"datetime": "2021-09-28 15:30:41", "elapsed": 39.940741, "delta": 0.677998}}
{"target": -35.43929782016287, "params": {"C": 3108.8569096433334, "gamma": 0.09817491603451893}, "datetime": {"datetime": "2021-09-28 15:30:41", "elapsed": 40.440744, "delta": 0.500003}}
{"target": -35.77964694325011, "params": {"C": 3051.323324635169, "gamma": 0.01551575202005864}, "datetime": {"datetime": "2021-09-28 15:30:42", "elapsed": 40.991041, "delta": 0.550297}}
{"target": -34.83664735321149, "params": {"C": 3125.7834170988804, "gamma": 0.027578354967176616}, "datetime": {"datetime": "2021-09-28 15:30:43", "elapsed": 41.594041, "delta": 0.603}}
{"target": -36.40254930808342, "params": {"C": 3488.4637448555172, "gamma": 0.009677453446846519}, "datetime": {"datetime": "2021-09-28 15:30:43", "elapsed": 42.202048, "delta": 0.608007}}
{"target": -35.46703048523426, "params": {"C": 3637.1543404814374, "gamma": 0.016908541623367874}, "datetime": {"datetime": "2021-09-28 15:30:44", "elapsed": 42.774995, "delta": 0.572947}}
{"target": -35.037643931101606, "params": {"C": 3125.2511020879215, "gamma": 0.0713970909968186}, "datetime": {"datetime": "2021-09-28 15:30:45", "elapsed": 43.490706, "delta": 0.715711}}
{"target": -35.50065534837205, "params": {"C": 3051.7632356377203, "gamma": 0.10193736774360038}, "datetime": {"datetime": "2021-09-28 15:30:45", "elapsed": 44.001706, "delta": 0.511}}
{"target": -35.81002359006497, "params": {"C": 3125.226012896766, "gamma": 0.015020869722649391}, "datetime": {"datetime": "2021-09-28 15:30:46", "elapsed": 44.680107, "delta": 0.678401}}
{"target": -35.232643276543996, "params": {"C": 3637.017305857913, "gamma": 0.08590846375141555}, "datetime": {"datetime": "2021-09-28 15:30:46", "elapsed": 45.410106, "delta": 0.729999}}
{"target": -34.854243441419264, "params": {"C": 3029.9002336763724, "gamma": 0.05651246764214984}, "datetime": {"datetime": "2021-09-28 15:30:47", "elapsed": 46.098107, "delta": 0.688001}}
{"target": -35.141573376265995, "params": {"C": 3125.6719978613214, "gamma": 0.0788342002129014}, "datetime": {"datetime": "2021-09-28 15:30:48", "elapsed": 46.671881, "delta": 0.573774}}
{"target": -36.74922455908137, "params": {"C": 3488.535461826886, "gamma": 0.19014730064619675}, "datetime": {"datetime": "2021-09-28 15:30:48", "elapsed": 47.187884, "delta": 0.516003}}
{"target": -34.90848015266566, "params": {"C": 3108.7374327700068, "gamma": 0.06136141900076429}, "datetime": {"datetime": "2021-09-28 15:30:49", "elapsed": 47.918882, "delta": 0.730998}}
{"target": -35.42968977378904, "params": {"C": 3108.765994122772, "gamma": 0.09759603900178439}, "datetime": {"datetime": "2021-09-28 15:30:50", "elapsed": 48.483666, "delta": 0.564784}}
{"target": -34.774717814358915, "params": {"C": 3125.8214080857742, "gamma": 0.04968137690450432}, "datetime": {"datetime": "2021-09-28 15:30:50", "elapsed": 49.205882, "delta": 0.722216}}
{"target": -35.01881894757997, "params": {"C": 3125.216812759264, "gamma": 0.06998038513277618}, "datetime": {"datetime": "2021-09-28 15:30:51", "elapsed": 49.995883, "delta": 0.790001}}
{"target": -35.95946984860323, "params": {"C": 3125.840228281852, "gamma": 0.013647997283683447}, "datetime": {"datetime": "2021-09-28 15:30:52", "elapsed": 50.722425, "delta": 0.726542}}
{"target": -35.52995661522964, "params": {"C": 3125.834845878095, "gamma": 0.10371162756264037}, "datetime": {"datetime": "2021-09-28 15:30:52", "elapsed": 51.330423, "delta": 0.607998}}
{"target": -35.525920637287854, "params": {"C": 3848.3132919254626, "gamma": 0.102217063050689}, "datetime": {"datetime": "2021-09-28 15:30:53", "elapsed": 52.073423, "delta": 0.743}}
