{"target": -36.194509659717546, "params": {"C": 11758.0647607408, "gamma": 0.10441840682950618}, "datetime": {"datetime": "2021-09-28 20:06:16", "elapsed": 194.486836, "delta": 0.98367}}
{"target": -34.54374480146526, "params": {"C": 10641.180519865953, "gamma": 0.03731492182255913}, "datetime": {"datetime": "2021-09-28 20:06:17", "elapsed": 195.464984, "delta": 0.978148}}
{"target": -34.90371479045626, "params": {"C": 11231.555316530455, "gamma": 0.012645624972841066}, "datetime": {"datetime": "2021-09-28 20:06:18", "elapsed": 196.461877, "delta": 0.996893}}
{"target": -35.226813416647595, "params": {"C": 12575.77772781381, "gamma": 0.062445150644178424}, "datetime": {"datetime": "2021-09-28 20:06:20", "elapsed": 197.74459, "delta": 1.282713}}
{"target": -34.39035174895936, "params": {"C": 10794.325063061771, "gamma": 0.028225175422041192}, "datetime": {"datetime": "2021-09-28 20:06:21", "elapsed": 198.939588, "delta": 1.194998}}
{"target": -36.14346193267147, "params": {"C": 9183.385814487143, "gamma": 0.11306253996847127}, "datetime": {"datetime": "2021-09-28 20:06:22", "elapsed": 199.94619, "delta": 1.006602}}
{"target": -36.42861170807296, "params": {"C": 12028.88518605221, "gamma": 0.11623706022929288}, "datetime": {"datetime": "2021-09-28 20:06:23", "elapsed": 201.422013, "delta": 1.475823}}
{"target": -35.314753908705804, "params": {"C": 9847.77700019799, "gamma": 0.07115710648366283}, "datetime": {"datetime": "2021-09-28 20:06:24", "elapsed": 202.544694, "delta": 1.122681}}
{"target": -36.21361892900387, "params": {"C": 12819.358380441246, "gamma": 0.10158575514142125}, "datetime": {"datetime": "2021-09-28 20:06:25", "elapsed": 203.690108, "delta": 1.145414}}
{"target": -36.42836103237392, "params": {"C": 9795.511488542183, "gamma": 0.12801995458207346}, "datetime": {"datetime": "2021-09-28 20:06:27", "elapsed": 205.233113, "delta": 1.543005}}
{"target": -35.67881138736314, "params": {"C": 11851.18329126307, "gamma": 0.08032237553536403}, "datetime": {"datetime": "2021-09-28 20:06:29", "elapsed": 207.516637, "delta": 2.283524}}
{"target": -34.50534595915434, "params": {"C": 11248.312474023664, "gamma": 0.03465687630140993}, "datetime": {"datetime": "2021-09-28 20:06:31", "elapsed": 208.797623, "delta": 1.280986}}
{"target": -36.2026871055095, "params": {"C": 9629.609662372042, "gamma": 0.11451408189007288}, "datetime": {"datetime": "2021-09-28 20:06:33", "elapsed": 211.069073, "delta": 2.27145}}
{"target": -34.794864068219226, "params": {"C": 9256.573419292887, "gamma": 0.0526753733153152}, "datetime": {"datetime": "2021-09-28 20:06:34", "elapsed": 212.524054, "delta": 1.454981}}
{"target": -36.698013534223556, "params": {"C": 10547.147225353867, "gamma": 0.14168559548641127}, "datetime": {"datetime": "2021-09-28 20:06:36", "elapsed": 213.967267, "delta": 1.443213}}
{"target": -34.714390650721825, "params": {"C": 9181.592245624006, "gamma": 0.04862479595546556}, "datetime": {"datetime": "2021-09-28 20:06:37", "elapsed": 215.673267, "delta": 1.706}}
{"target": -36.696712552626046, "params": {"C": 9873.95130754086, "gamma": 0.14554137153171193}, "datetime": {"datetime": "2021-09-28 20:06:39", "elapsed": 217.011153, "delta": 1.337886}}
{"target": -36.49836304624189, "params": {"C": 11540.065007514726, "gamma": 0.1224438801669152}, "datetime": {"datetime": "2021-09-28 20:06:41", "elapsed": 219.0946, "delta": 2.083447}}
{"target": -35.40655746216439, "params": {"C": 12859.450909619145, "gamma": 0.06807613324506365}, "datetime": {"datetime": "2021-09-28 20:06:43", "elapsed": 220.830123, "delta": 1.735523}}
{"target": -36.18974670328023, "params": {"C": 9416.125294773039, "gamma": 0.11480875746251377}, "datetime": {"datetime": "2021-09-28 20:06:44", "elapsed": 222.021626, "delta": 1.191503}}
{"target": -34.5738987427498, "params": {"C": 12483.293042071944, "gamma": 0.03766636523679562}, "datetime": {"datetime": "2021-09-28 20:06:45", "elapsed": 223.165626, "delta": 1.144}}
{"target": -34.9512403326013, "params": {"C": 9241.277134711825, "gamma": 0.05879434941849359}, "datetime": {"datetime": "2021-09-28 20:06:46", "elapsed": 224.382769, "delta": 1.217143}}
{"target": -36.891583708127214, "params": {"C": 9955.571607420658, "gamma": 0.1574805951463051}, "datetime": {"datetime": "2021-09-28 20:06:47", "elapsed": 225.654389, "delta": 1.27162}}
{"target": -34.59089638744322, "params": {"C": 12455.081849150394, "gamma": 0.03863111094955168}, "datetime": {"datetime": "2021-09-28 20:06:49", "elapsed": 227.014774, "delta": 1.360385}}
{"target": -36.747081694071326, "params": {"C": 12639.279665498907, "gamma": 0.13253067473573532}, "datetime": {"datetime": "2021-09-28 20:06:50", "elapsed": 228.197403, "delta": 1.182629}}
{"target": -36.72049058105261, "params": {"C": 11111.462947071905, "gamma": 0.13961630332232347}, "datetime": {"datetime": "2021-09-28 20:06:51", "elapsed": 229.456402, "delta": 1.258999}}
{"target": -35.64551675268748, "params": {"C": 10293.807409901192, "gamma": 0.0832280473598204}, "datetime": {"datetime": "2021-09-28 20:06:53", "elapsed": 230.868114, "delta": 1.411712}}
{"target": -36.11449727416755, "params": {"C": 10139.90355960758, "gamma": 0.10661660657501398}, "datetime": {"datetime": "2021-09-28 20:06:54", "elapsed": 232.440929, "delta": 1.572815}}
{"target": -36.11573041045913, "params": {"C": 11055.991274874237, "gamma": 0.006375527394925967}, "datetime": {"datetime": "2021-09-28 20:06:55", "elapsed": 233.696932, "delta": 1.256003}}
{"target": -34.366228587421475, "params": {"C": 11238.782131298312, "gamma": 0.026512409049632132}, "datetime": {"datetime": "2021-09-28 20:06:57", "elapsed": 235.523296, "delta": 1.826364}}
{"target": -35.363440329092455, "params": {"C": 12876.309072996331, "gamma": 0.06655989764889464}, "datetime": {"datetime": "2021-09-28 20:06:59", "elapsed": 237.053783, "delta": 1.530487}}
{"target": -36.817322906911556, "params": {"C": 12477.10545654663, "gamma": 0.1371914770865816}, "datetime": {"datetime": "2021-09-28 20:07:01", "elapsed": 238.80842, "delta": 1.754637}}
{"target": -35.83968755775593, "params": {"C": 9856.996910859347, "gamma": 0.0933921587766669}, "datetime": {"datetime": "2021-09-28 20:07:02", "elapsed": 240.51668, "delta": 1.70826}}
{"target": -34.33235733775582, "params": {"C": 11887.768833409415, "gamma": 0.02348384500633882}, "datetime": {"datetime": "2021-09-28 20:07:04", "elapsed": 242.069345, "delta": 1.552665}}
{"target": -34.72247916887866, "params": {"C": 11478.625720948541, "gamma": 0.04612018441123042}, "datetime": {"datetime": "2021-09-28 20:07:05", "elapsed": 243.590343, "delta": 1.520998}}
{"target": -35.93891215433603, "params": {"C": 10219.475517716628, "gamma": 0.09689038724644837}, "datetime": {"datetime": "2021-09-28 20:07:07", "elapsed": 245.440291, "delta": 1.849948}}
{"target": -36.96602435838649, "params": {"C": 12446.958131780619, "gamma": 0.1461178312588348}, "datetime": {"datetime": "2021-09-28 20:07:09", "elapsed": 246.787946, "delta": 1.347655}}
{"target": -34.800637770363544, "params": {"C": 9348.618422784428, "gamma": 0.014757600901620899}, "datetime": {"datetime": "2021-09-28 20:07:10", "elapsed": 248.237542, "delta": 1.449596}}
{"target": -36.01353507294097, "params": {"C": 12414.814363812782, "gamma": 0.09302082850236114}, "datetime": {"datetime": "2021-09-28 20:07:11", "elapsed": 249.564542, "delta": 1.327}}
{"target": -34.7866064940601, "params": {"C": 10007.503732637872, "gamma": 0.01435715467224562}, "datetime": {"datetime": "2021-09-28 20:07:13", "elapsed": 251.230461, "delta": 1.665919}}
{"target": -36.87912201440568, "params": {"C": 10642.426366527847, "gamma": 0.15212323811993828}, "datetime": {"datetime": "2021-09-28 20:07:15", "elapsed": 252.931534, "delta": 1.701073}}
{"target": -34.65908021307628, "params": {"C": 9971.319676225345, "gamma": 0.04461831094772222}, "datetime": {"datetime": "2021-09-28 20:07:16", "elapsed": 254.158117, "delta": 1.226583}}
{"target": -34.657396082202986, "params": {"C": 11384.746293921247, "gamma": 0.04295901099635851}, "datetime": {"datetime": "2021-09-28 20:07:17", "elapsed": 255.487779, "delta": 1.329662}}
{"target": -35.7046161285288, "params": {"C": 12314.992399214741, "gamma": 0.08018846467682238}, "datetime": {"datetime": "2021-09-28 20:07:19", "elapsed": 257.013995, "delta": 1.526216}}
{"target": -35.926906391472556, "params": {"C": 12676.54904243166, "gamma": 0.08838602173125505}, "datetime": {"datetime": "2021-09-28 20:07:20", "elapsed": 258.585455, "delta": 1.57146}}
{"target": -35.119706152235025, "params": {"C": 9929.564949479598, "gamma": 0.06363188410741055}, "datetime": {"datetime": "2021-09-28 20:07:22", "elapsed": 260.311363, "delta": 1.725908}}
{"target": -35.687126820942, "params": {"C": 12555.326758471161, "gamma": 0.07893208841765595}, "datetime": {"datetime": "2021-09-28 20:07:24", "elapsed": 262.292917, "delta": 1.981554}}
{"target": -35.477060175906175, "params": {"C": 9603.708397549412, "gamma": 0.0782469429685612}, "datetime": {"datetime": "2021-09-28 20:07:25", "elapsed": 263.448918, "delta": 1.156001}}
{"target": -35.69248661338526, "params": {"C": 9576.324595981006, "gamma": 0.08755940165244568}, "datetime": {"datetime": "2021-09-28 20:07:27", "elapsed": 265.448039, "delta": 1.999121}}
{"target": -35.74943055412451, "params": {"C": 12831.629202621723, "gamma": 0.0806974702869913}, "datetime": {"datetime": "2021-09-28 20:07:29", "elapsed": 266.743297, "delta": 1.295258}}
{"target": -36.543943913461604, "params": {"C": 10661.990917408993, "gamma": 0.13011413542464806}, "datetime": {"datetime": "2021-09-28 20:07:30", "elapsed": 268.211282, "delta": 1.467985}}
{"target": -36.367324792195, "params": {"C": 12267.346594142398, "gamma": 0.11179080497809904}, "datetime": {"datetime": "2021-09-28 20:07:32", "elapsed": 270.023605, "delta": 1.812323}}
{"target": -34.35705675815155, "params": {"C": 10855.999783157418, "gamma": 0.02367516003963983}, "datetime": {"datetime": "2021-09-28 20:07:33", "elapsed": 271.290213, "delta": 1.266608}}
{"target": -36.2753778857796, "params": {"C": 11889.113610083828, "gamma": 0.10854325165319285}, "datetime": {"datetime": "2021-09-28 20:07:34", "elapsed": 272.51594, "delta": 1.225727}}
{"target": -34.95572916331022, "params": {"C": 11894.052149776822, "gamma": 0.054423623829883264}, "datetime": {"datetime": "2021-09-28 20:07:36", "elapsed": 273.850933, "delta": 1.334993}}
{"target": -37.03169838179636, "params": {"C": 11846.48351703702, "gamma": 0.15439037681897994}, "datetime": {"datetime": "2021-09-28 20:07:37", "elapsed": 275.557797, "delta": 1.706864}}
{"target": -35.86231343333028, "params": {"C": 12175.34182632282, "gamma": 0.08700302508510938}, "datetime": {"datetime": "2021-09-28 20:07:39", "elapsed": 277.106548, "delta": 1.548751}}
{"target": -36.81123205036933, "params": {"C": 10621.361094547332, "gamma": 0.14812799024052056}, "datetime": {"datetime": "2021-09-28 20:07:41", "elapsed": 278.833815, "delta": 1.727267}}
{"target": -35.26712840081267, "params": {"C": 9494.257854920457, "gamma": 0.0701919855464924}, "datetime": {"datetime": "2021-09-28 20:07:42", "elapsed": 280.571035, "delta": 1.73722}}
{"target": -34.792521122342166, "params": {"C": 12798.161461639182, "gamma": 0.04775351800954894}, "datetime": {"datetime": "2021-09-28 20:07:44", "elapsed": 282.701368, "delta": 2.130333}}
{"target": -34.5815248943832, "params": {"C": 9099.851218563512, "gamma": 0.04091570184317252}, "datetime": {"datetime": "2021-09-28 20:07:46", "elapsed": 284.410301, "delta": 1.708933}}
{"target": -36.946723236972886, "params": {"C": 12477.77952565501, "gamma": 0.1447254717688035}, "datetime": {"datetime": "2021-09-28 20:07:48", "elapsed": 285.87302, "delta": 1.462719}}
{"target": -35.83805865735849, "params": {"C": 12128.831239500987, "gamma": 0.0861014982380559}, "datetime": {"datetime": "2021-09-28 20:07:49", "elapsed": 287.339275, "delta": 1.466255}}
{"target": -34.42168677631002, "params": {"C": 9715.677051617422, "gamma": 0.022619234008048186}, "datetime": {"datetime": "2021-09-28 20:07:50", "elapsed": 288.686432, "delta": 1.347157}}
{"target": -37.00531017156322, "params": {"C": 11417.224558859345, "gamma": 0.1553078536666281}, "datetime": {"datetime": "2021-09-28 20:07:52", "elapsed": 290.420973, "delta": 1.734541}}
{"target": -36.995590368561594, "params": {"C": 12213.100610101767, "gamma": 0.149525765038104}, "datetime": {"datetime": "2021-09-28 20:07:53", "elapsed": 291.671978, "delta": 1.251005}}
{"target": -36.52285293229201, "params": {"C": 12910.839320160878, "gamma": 0.1173772954455072}, "datetime": {"datetime": "2021-09-28 20:07:55", "elapsed": 293.00913, "delta": 1.337152}}
{"target": -34.995915203872634, "params": {"C": 9032.415364989407, "gamma": 0.06090499034244877}, "datetime": {"datetime": "2021-09-28 20:07:56", "elapsed": 294.52137, "delta": 1.51224}}
{"target": -36.82110407127118, "params": {"C": 10873.793845350321, "gamma": 0.1471851116754692}, "datetime": {"datetime": "2021-09-28 20:07:58", "elapsed": 295.922029, "delta": 1.400659}}
{"target": -36.23403241697693, "params": {"C": 9197.737972784944, "gamma": 0.11893992253992168}, "datetime": {"datetime": "2021-09-28 20:08:00", "elapsed": 297.721572, "delta": 1.799543}}
{"target": -36.49192172669835, "params": {"C": 9757.148911832346, "gamma": 0.13232415032857534}, "datetime": {"datetime": "2021-09-28 20:08:01", "elapsed": 299.0608, "delta": 1.339228}}
{"target": -34.91975415188324, "params": {"C": 10838.436029844474, "gamma": 0.054807121829861416}, "datetime": {"datetime": "2021-09-28 20:08:02", "elapsed": 300.438567, "delta": 1.377767}}
{"target": -35.36702186587162, "params": {"C": 10518.717341117874, "gamma": 0.010077528615609316}, "datetime": {"datetime": "2021-09-28 20:08:04", "elapsed": 301.929563, "delta": 1.490996}}
{"target": -34.67626109031493, "params": {"C": 11732.14935557343, "gamma": 0.043533414276032606}, "datetime": {"datetime": "2021-09-28 20:08:05", "elapsed": 303.298048, "delta": 1.368485}}
{"target": -34.42188320233594, "params": {"C": 11417.04181744755, "gamma": 0.019826356640109496}, "datetime": {"datetime": "2021-09-28 20:08:07", "elapsed": 304.75767, "delta": 1.459622}}
{"target": -36.07998416804919, "params": {"C": 9929.068968617463, "gamma": 0.10558680940914193}, "datetime": {"datetime": "2021-09-28 20:08:08", "elapsed": 306.608884, "delta": 1.851214}}
{"target": -35.86561197749667, "params": {"C": 10090.869239780386, "gamma": 0.09378022852860733}, "datetime": {"datetime": "2021-09-28 20:08:10", "elapsed": 307.965885, "delta": 1.357001}}
{"target": -34.642487851329946, "params": {"C": 9698.205439269783, "gamma": 0.04391962598857844}, "datetime": {"datetime": "2021-09-28 20:08:11", "elapsed": 309.40454, "delta": 1.438655}}
{"target": -35.64695182435007, "params": {"C": 9512.263758756, "gamma": 0.009170972436793429}, "datetime": {"datetime": "2021-09-28 20:08:13", "elapsed": 311.368984, "delta": 1.964444}}
{"target": -35.81502456594309, "params": {"C": 11206.681786366353, "gamma": 0.08776880292433602}, "datetime": {"datetime": "2021-09-28 20:08:15", "elapsed": 312.754298, "delta": 1.385314}}
{"target": -35.04594945507287, "params": {"C": 11330.680590230868, "gamma": 0.058377956140164694}, "datetime": {"datetime": "2021-09-28 20:08:16", "elapsed": 314.277923, "delta": 1.523625}}
{"target": -34.73586447307925, "params": {"C": 11887.805901421112, "gamma": 0.04635166103220157}, "datetime": {"datetime": "2021-09-28 20:08:18", "elapsed": 316.283493, "delta": 2.00557}}
{"target": -34.476832386686105, "params": {"C": 9096.830792966757, "gamma": 0.034649699551040754}, "datetime": {"datetime": "2021-09-28 20:08:20", "elapsed": 317.781738, "delta": 1.498245}}
{"target": -34.450233212710366, "params": {"C": 11113.992847243566, "gamma": 0.03157098939195485}, "datetime": {"datetime": "2021-09-28 20:08:21", "elapsed": 319.242061, "delta": 1.460323}}
{"target": -34.64878892376487, "params": {"C": 12068.79908775839, "gamma": 0.04184463189820033}, "datetime": {"datetime": "2021-09-28 20:08:23", "elapsed": 321.006806, "delta": 1.764745}}
{"target": -36.76602538857958, "params": {"C": 11173.04089054886, "gamma": 0.14208547195923038}, "datetime": {"datetime": "2021-09-28 20:08:24", "elapsed": 322.314061, "delta": 1.307255}}
{"target": -34.68840205186693, "params": {"C": 10287.186716967395, "gamma": 0.045776469845415176}, "datetime": {"datetime": "2021-09-28 20:08:26", "elapsed": 323.875396, "delta": 1.561335}}
{"target": -35.93927816357557, "params": {"C": 11518.413840412926, "gamma": 0.09238533037056024}, "datetime": {"datetime": "2021-09-28 20:08:28", "elapsed": 325.850523, "delta": 1.975127}}
{"target": -35.64607827758701, "params": {"C": 11275.045429276994, "gamma": 0.08050214455594358}, "datetime": {"datetime": "2021-09-28 20:08:29", "elapsed": 327.554243, "delta": 1.70372}}
{"target": -36.62013175440045, "params": {"C": 11403.054508912668, "gamma": 0.13078971209945922}, "datetime": {"datetime": "2021-09-28 20:08:31", "elapsed": 329.007251, "delta": 1.453008}}
{"target": -35.01459841136397, "params": {"C": 12393.924187877936, "gamma": 0.05565520417409786}, "datetime": {"datetime": "2021-09-28 20:08:33", "elapsed": 331.05884, "delta": 2.051589}}
{"target": -36.45561727035249, "params": {"C": 12445.663043094122, "gamma": 0.11581173114435897}, "datetime": {"datetime": "2021-09-28 20:08:34", "elapsed": 332.531251, "delta": 1.472411}}
{"target": -35.20712018301867, "params": {"C": 12493.78133195341, "gamma": 0.06191927479701673}, "datetime": {"datetime": "2021-09-28 20:08:36", "elapsed": 334.488116, "delta": 1.956865}}
{"target": -34.76506445978148, "params": {"C": 11095.617030525975, "gamma": 0.048742085688182446}, "datetime": {"datetime": "2021-09-28 20:08:38", "elapsed": 336.365247, "delta": 1.877131}}
{"target": -36.20291244294089, "params": {"C": 12025.56719380689, "gamma": 0.0057410011097200845}, "datetime": {"datetime": "2021-09-28 20:08:40", "elapsed": 338.032726, "delta": 1.667479}}
{"target": -35.00686975397576, "params": {"C": 9363.321159312387, "gamma": 0.060623625469610094}, "datetime": {"datetime": "2021-09-28 20:08:42", "elapsed": 340.287752, "delta": 2.255026}}
{"target": -34.49657603214517, "params": {"C": 9528.339988958713, "gamma": 0.03546458511634727}, "datetime": {"datetime": "2021-09-28 20:08:44", "elapsed": 342.3673, "delta": 2.079548}}
{"target": -35.12167171297266, "params": {"C": 9435.335777709475, "gamma": 0.06477478089557792}, "datetime": {"datetime": "2021-09-28 20:08:47", "elapsed": 344.835798, "delta": 2.468498}}
{"target": -35.7801629479617, "params": {"C": 12515.386327205406, "gamma": 0.08269419465452009}, "datetime": {"datetime": "2021-09-28 20:08:49", "elapsed": 346.820562, "delta": 1.984764}}
{"target": -36.30384137767294, "params": {"C": 12388.490614404136, "gamma": 0.10797283440882673}, "datetime": {"datetime": "2021-09-28 20:08:50", "elapsed": 348.212564, "delta": 1.392002}}
{"target": -34.459313536404096, "params": {"C": 10093.314439851703, "gamma": 0.020460927512005157}, "datetime": {"datetime": "2021-09-28 20:08:51", "elapsed": 349.665627, "delta": 1.453063}}
{"target": -36.82448302452159, "params": {"C": 10976.450405990761, "gamma": 0.14677451245770035}, "datetime": {"datetime": "2021-09-28 20:08:53", "elapsed": 351.192745, "delta": 1.527118}}
{"target": -35.52569393281536, "params": {"C": 10794.362510342085, "gamma": 0.07697107367359647}, "datetime": {"datetime": "2021-09-28 20:08:55", "elapsed": 353.402042, "delta": 2.209297}}
{"target": -34.73208346869481, "params": {"C": 12394.021580930552, "gamma": 0.0456359973309789}, "datetime": {"datetime": "2021-09-28 20:08:58", "elapsed": 355.921843, "delta": 2.519801}}
{"target": -36.361842307493326, "params": {"C": 9747.477281316354, "gamma": 0.1242154919629096}, "datetime": {"datetime": "2021-09-28 20:08:59", "elapsed": 357.357066, "delta": 1.435223}}
{"target": -35.01864272040854, "params": {"C": 9282.623078774364, "gamma": 0.061231778235057176}, "datetime": {"datetime": "2021-09-28 20:09:01", "elapsed": 359.042919, "delta": 1.685853}}
{"target": -35.23660190055663, "params": {"C": 9164.209128128019, "gamma": 0.06983329026257801}, "datetime": {"datetime": "2021-09-28 20:09:02", "elapsed": 360.484529, "delta": 1.44161}}
{"target": -34.93301142697108, "params": {"C": 11887.725829014453, "gamma": 0.05366949662514906}, "datetime": {"datetime": "2021-09-28 20:09:04", "elapsed": 362.276091, "delta": 1.791562}}
{"target": -35.525401529035946, "params": {"C": 9528.358843944286, "gamma": 0.08047135111910057}, "datetime": {"datetime": "2021-09-28 20:09:06", "elapsed": 364.228313, "delta": 1.952222}}
{"target": -35.54054590901733, "params": {"C": 11095.693085755858, "gamma": 0.07679082170211668}, "datetime": {"datetime": "2021-09-28 20:09:08", "elapsed": 366.150132, "delta": 1.921819}}
{"target": -36.83176754381825, "params": {"C": 9302.562322791518, "gamma": 0.1580267454425697}, "datetime": {"datetime": "2021-09-28 20:09:09", "elapsed": 367.643306, "delta": 1.493174}}
{"target": -35.61967103709732, "params": {"C": 12403.747535820441, "gamma": 0.07670913030554218}, "datetime": {"datetime": "2021-09-28 20:09:11", "elapsed": 369.145571, "delta": 1.502265}}
{"target": -34.68092845611069, "params": {"C": 9096.774768323288, "gamma": 0.01649628497426512}, "datetime": {"datetime": "2021-09-28 20:09:13", "elapsed": 371.033325, "delta": 1.887754}}
{"target": -36.17049995315567, "params": {"C": 10270.096575627094, "gamma": 0.10932003096180308}, "datetime": {"datetime": "2021-09-28 20:09:14", "elapsed": 372.540603, "delta": 1.507278}}
{"target": -35.13573217224552, "params": {"C": 11887.299332737875, "gamma": 0.0605201364247675}, "datetime": {"datetime": "2021-09-28 20:09:18", "elapsed": 375.787609, "delta": 3.247006}}
{"target": -35.110499775983975, "params": {"C": 12025.462173385926, "gamma": 0.059433217212481064}, "datetime": {"datetime": "2021-09-28 20:09:20", "elapsed": 378.367045, "delta": 2.579436}}
