{"target": -49.716856981067124, "params": {"C": 371838.8682533468, "gamma": 0.4362161423671216}, "datetime": {"datetime": "2021-10-04 11:41:35", "elapsed": 43.967455, "delta": 0.619194}}
{"target": -49.420489727614516, "params": {"C": 259184.48977604206, "gamma": 0.4627124628786236}, "datetime": {"datetime": "2021-10-04 11:41:36", "elapsed": 44.555993, "delta": 0.588538}}
{"target": -49.62178951563408, "params": {"C": 440635.1636145907, "gamma": 0.48594221810123284}, "datetime": {"datetime": "2021-10-04 11:41:36", "elapsed": 45.205414, "delta": 0.649421}}
{"target": -53.6702540521007, "params": {"C": 151426.56165081268, "gamma": 0.8791928620609997}, "datetime": {"datetime": "2021-10-04 11:41:37", "elapsed": 45.742956, "delta": 0.537542}}
{"target": -53.23007538977631, "params": {"C": 439642.0396216589, "gamma": 0.8584364976135866}, "datetime": {"datetime": "2021-10-04 11:41:37", "elapsed": 46.252115, "delta": 0.509159}}
{"target": -53.57670638771154, "params": {"C": 225733.33100793534, "gamma": 0.8854218144617185}, "datetime": {"datetime": "2021-10-04 11:41:38", "elapsed": 46.72474, "delta": 0.472625}}
{"target": -53.58844300082197, "params": {"C": 146260.575752838, "gamma": 0.8687439281582339}, "datetime": {"datetime": "2021-10-04 11:41:38", "elapsed": 47.320932, "delta": 0.596192}}
{"target": -52.30663186293243, "params": {"C": 440637.46122434404, "gamma": 0.7694647717141969}, "datetime": {"datetime": "2021-10-04 11:41:39", "elapsed": 47.923929, "delta": 0.602997}}
{"target": -50.54475794850261, "params": {"C": 435503.5605811887, "gamma": 0.6158696963631018}, "datetime": {"datetime": "2021-10-04 11:41:40", "elapsed": 48.578745, "delta": 0.654816}}
{"target": -49.66706963911386, "params": {"C": 440634.5533193176, "gamma": 0.5244921862437779}, "datetime": {"datetime": "2021-10-04 11:41:40", "elapsed": 49.125731, "delta": 0.546986}}
{"target": -49.44961396544271, "params": {"C": 126328.02652242876, "gamma": 0.42811638969890675}, "datetime": {"datetime": "2021-10-04 11:41:41", "elapsed": 49.667932, "delta": 0.542201}}
{"target": -54.197126725984255, "params": {"C": 57174.92408617518, "gamma": 0.8175221707587579}, "datetime": {"datetime": "2021-10-04 11:41:41", "elapsed": 50.151155, "delta": 0.483223}}
{"target": -51.809310410748914, "params": {"C": 135096.74462376826, "gamma": 0.6908332378098094}, "datetime": {"datetime": "2021-10-04 11:41:42", "elapsed": 50.655186, "delta": 0.504031}}
{"target": -54.74487456456596, "params": {"C": 126326.77637123864, "gamma": 0.9911611273620689}, "datetime": {"datetime": "2021-10-04 11:41:42", "elapsed": 51.323203, "delta": 0.668017}}
{"target": -53.66764741985007, "params": {"C": 224064.6019381707, "gamma": 0.8942483717460696}, "datetime": {"datetime": "2021-10-04 11:41:43", "elapsed": 51.815861, "delta": 0.492658}}
{"target": -49.80305000322756, "params": {"C": 440633.63796708075, "gamma": 0.43707993937900164}, "datetime": {"datetime": "2021-10-04 11:41:44", "elapsed": 52.467853, "delta": 0.651992}}
{"target": -52.548933483003694, "params": {"C": 126331.53775880036, "gamma": 0.7520693015334892}, "datetime": {"datetime": "2021-10-04 11:41:44", "elapsed": 53.073785, "delta": 0.605932}}
{"target": -49.94240717156168, "params": {"C": 146262.0202102377, "gamma": 0.5451495339239782}, "datetime": {"datetime": "2021-10-04 11:41:45", "elapsed": 53.7674, "delta": 0.693615}}
{"target": -53.43960775546602, "params": {"C": 123799.50552831001, "gamma": 0.8416409801625331}, "datetime": {"datetime": "2021-10-04 11:41:45", "elapsed": 54.332984, "delta": 0.565584}}
{"target": -53.713979824039455, "params": {"C": 171188.8510433143, "gamma": 0.8905540368361261}, "datetime": {"datetime": "2021-10-04 11:41:46", "elapsed": 54.89138, "delta": 0.558396}}
{"target": -54.420597818252396, "params": {"C": 248092.56568150542, "gamma": 0.9779908568783637}, "datetime": {"datetime": "2021-10-04 11:41:47", "elapsed": 55.547467, "delta": 0.656087}}
{"target": -54.177302022208735, "params": {"C": 143846.8221304886, "gamma": 0.9315832322363984}, "datetime": {"datetime": "2021-10-04 11:41:47", "elapsed": 56.187459, "delta": 0.639992}}
{"target": -49.972749402853744, "params": {"C": 385920.42020588095, "gamma": 0.5627671305320759}, "datetime": {"datetime": "2021-10-04 11:41:48", "elapsed": 56.950943, "delta": 0.763484}}
{"target": -52.12986829747864, "params": {"C": 60891.47275299596, "gamma": 0.62813824965992}, "datetime": {"datetime": "2021-10-04 11:41:49", "elapsed": 57.575646, "delta": 0.624703}}
{"target": -52.192232929982126, "params": {"C": 185711.04799130707, "gamma": 0.7428798532109452}, "datetime": {"datetime": "2021-10-04 11:41:49", "elapsed": 58.201118, "delta": 0.625472}}
{"target": -54.916745509295325, "params": {"C": 21467.501124501825, "gamma": 0.6084446931523672}, "datetime": {"datetime": "2021-10-04 11:41:50", "elapsed": 58.797907, "delta": 0.596789}}
{"target": -49.58480640721031, "params": {"C": 279749.33677466796, "gamma": 0.5231666692891742}, "datetime": {"datetime": "2021-10-04 11:41:51", "elapsed": 59.418773, "delta": 0.620866}}
{"target": -51.897054505212154, "params": {"C": 376750.4161767733, "gamma": 0.7315486164656481}, "datetime": {"datetime": "2021-10-04 11:41:51", "elapsed": 60.053763, "delta": 0.63499}}
{"target": -49.74821619938419, "params": {"C": 371838.4807569112, "gamma": 0.5408487312453069}, "datetime": {"datetime": "2021-10-04 11:41:52", "elapsed": 60.922102, "delta": 0.868339}}
{"target": -53.83386592368649, "params": {"C": 440635.1284753853, "gamma": 0.9192711721888929}, "datetime": {"datetime": "2021-10-04 11:41:53", "elapsed": 61.913418, "delta": 0.991316}}
{"target": -54.0577559737369, "params": {"C": 371838.6456896058, "gamma": 0.9428573517979217}, "datetime": {"datetime": "2021-10-04 11:41:54", "elapsed": 62.567413, "delta": 0.653995}}
{"target": -53.00484630233265, "params": {"C": 385919.02259931597, "gamma": 0.8358953967981451}, "datetime": {"datetime": "2021-10-04 11:41:54", "elapsed": 63.270422, "delta": 0.703009}}
{"target": -49.61053950002106, "params": {"C": 413248.71790511336, "gamma": 0.516580066226292}, "datetime": {"datetime": "2021-10-04 11:41:55", "elapsed": 63.965444, "delta": 0.695022}}
{"target": -52.91464006823368, "params": {"C": 218625.49622133098, "gamma": 0.8186307445628944}, "datetime": {"datetime": "2021-10-04 11:41:56", "elapsed": 64.739082, "delta": 0.773638}}
{"target": -51.10724133565674, "params": {"C": 256092.61589985978, "gamma": 0.6565750276951345}, "datetime": {"datetime": "2021-10-04 11:41:57", "elapsed": 65.485679, "delta": 0.746597}}
{"target": -49.69314921777059, "params": {"C": 378078.4976911665, "gamma": 0.44252096978963235}, "datetime": {"datetime": "2021-10-04 11:41:57", "elapsed": 66.150692, "delta": 0.665013}}
{"target": -54.02492077198822, "params": {"C": 435501.2030976883, "gamma": 0.9402277586817139}, "datetime": {"datetime": "2021-10-04 11:41:58", "elapsed": 66.999681, "delta": 0.848989}}
{"target": -50.3472634196447, "params": {"C": 209020.63402369866, "gamma": 0.591518367779843}, "datetime": {"datetime": "2021-10-04 11:41:59", "elapsed": 67.625941, "delta": 0.62626}}
{"target": -53.71871558779666, "params": {"C": 378081.97642676684, "gamma": 0.9071636351352753}, "datetime": {"datetime": "2021-10-04 11:42:00", "elapsed": 68.347061, "delta": 0.72112}}
{"target": -49.794542088431065, "params": {"C": 260297.04165172312, "gamma": 0.5466117951082538}, "datetime": {"datetime": "2021-10-04 11:42:00", "elapsed": 69.072761, "delta": 0.7257}}
{"target": -54.311484100044396, "params": {"C": 260294.9980372349, "gamma": 0.9663893428400541}, "datetime": {"datetime": "2021-10-04 11:42:01", "elapsed": 69.805783, "delta": 0.733022}}
{"target": -50.361867161807574, "params": {"C": 74728.14909497071, "gamma": 0.47603285346953245}, "datetime": {"datetime": "2021-10-04 11:42:02", "elapsed": 70.383655, "delta": 0.577872}}
{"target": -54.050875696469355, "params": {"C": 146262.39019464047, "gamma": 0.9181972670138884}, "datetime": {"datetime": "2021-10-04 11:42:02", "elapsed": 71.18616, "delta": 0.802505}}
{"target": -49.715608911512305, "params": {"C": 311068.17063602566, "gamma": 0.4164667120331796}, "datetime": {"datetime": "2021-10-04 11:42:03", "elapsed": 71.94924, "delta": 0.76308}}
{"target": -49.818247719654515, "params": {"C": 311068.4745451684, "gamma": 0.5495468511236571}, "datetime": {"datetime": "2021-10-04 11:42:04", "elapsed": 72.698152, "delta": 0.748912}}
{"target": -49.76926404865294, "params": {"C": 384482.48654672375, "gamma": 0.5428911731278527}, "datetime": {"datetime": "2021-10-04 11:42:04", "elapsed": 73.298281, "delta": 0.600129}}
{"target": -51.6097187404217, "params": {"C": 168902.63223155166, "gamma": 0.6877936316310848}, "datetime": {"datetime": "2021-10-04 11:42:05", "elapsed": 73.912721, "delta": 0.61444}}
{"target": -52.524716585765184, "params": {"C": 426690.2128149649, "gamma": 0.7892003939146159}, "datetime": {"datetime": "2021-10-04 11:42:06", "elapsed": 74.561964, "delta": 0.649243}}
{"target": -49.93433022402796, "params": {"C": 440633.4484830672, "gamma": 0.5582095061074969}, "datetime": {"datetime": "2021-10-04 11:42:07", "elapsed": 75.409028, "delta": 0.847064}}
{"target": -52.679869580221, "params": {"C": 164311.98432671407, "gamma": 0.7819603577973284}, "datetime": {"datetime": "2021-10-04 11:42:07", "elapsed": 76.102549, "delta": 0.693521}}
{"target": -53.78405975481318, "params": {"C": 227210.7972928845, "gamma": 0.9063907270138173}, "datetime": {"datetime": "2021-10-04 11:42:08", "elapsed": 76.833298, "delta": 0.730749}}
{"target": -49.92010646789066, "params": {"C": 402146.24735103815, "gamma": 0.41351001598606235}, "datetime": {"datetime": "2021-10-04 11:42:09", "elapsed": 77.564968, "delta": 0.73167}}
{"target": -49.47318837510721, "params": {"C": 311073.7834825902, "gamma": 0.48088386453321735}, "datetime": {"datetime": "2021-10-04 11:42:10", "elapsed": 78.353996, "delta": 0.789028}}
{"target": -50.756844107208565, "params": {"C": 293621.7781621319, "gamma": 0.6305485890459543}, "datetime": {"datetime": "2021-10-04 11:42:10", "elapsed": 79.089043, "delta": 0.735047}}
{"target": -51.00807893833899, "params": {"C": 332805.34837997676, "gamma": 0.6528964371869108}, "datetime": {"datetime": "2021-10-04 11:42:11", "elapsed": 79.749497, "delta": 0.660454}}
{"target": -49.64958865863756, "params": {"C": 440632.89243478974, "gamma": 0.5212714949050059}, "datetime": {"datetime": "2021-10-04 11:42:12", "elapsed": 80.697518, "delta": 0.948021}}
{"target": -50.17012513457348, "params": {"C": 180897.36314999574, "gamma": 0.5737272540630352}, "datetime": {"datetime": "2021-10-04 11:42:13", "elapsed": 81.348999, "delta": 0.651481}}
{"target": -49.71933298181352, "params": {"C": 402145.7800986841, "gamma": 0.44357489859461124}, "datetime": {"datetime": "2021-10-04 11:42:13", "elapsed": 82.185591, "delta": 0.836592}}
{"target": -53.06413195709193, "params": {"C": 74459.12777200213, "gamma": 0.748534497776842}, "datetime": {"datetime": "2021-10-04 11:42:14", "elapsed": 82.866731, "delta": 0.68114}}
{"target": -52.36407680484148, "params": {"C": 435503.02248329716, "gamma": 0.7745610267194272}, "datetime": {"datetime": "2021-10-04 11:42:15", "elapsed": 83.78808, "delta": 0.921349}}
{"target": -54.38728178854066, "params": {"C": 271883.3556614736, "gamma": 0.9759401241928359}, "datetime": {"datetime": "2021-10-04 11:42:16", "elapsed": 84.384026, "delta": 0.595946}}
{"target": -54.177464970181596, "params": {"C": 293621.24866876827, "gamma": 0.9536163724512278}, "datetime": {"datetime": "2021-10-04 11:42:16", "elapsed": 85.085029, "delta": 0.701003}}
{"target": -52.508088856420166, "params": {"C": 276813.3841982024, "gamma": 0.7840046995093528}, "datetime": {"datetime": "2021-10-04 11:42:17", "elapsed": 85.762571, "delta": 0.677542}}
{"target": -49.6567475144205, "params": {"C": 311074.25915160903, "gamma": 0.5314734661809039}, "datetime": {"datetime": "2021-10-04 11:42:18", "elapsed": 86.743966, "delta": 0.981395}}
{"target": -52.65513610840455, "params": {"C": 115783.79447349047, "gamma": 0.7556344235248695}, "datetime": {"datetime": "2021-10-04 11:42:19", "elapsed": 87.524726, "delta": 0.78076}}
{"target": -51.97997067893994, "params": {"C": 241006.8496794078, "gamma": 0.7318205476866599}, "datetime": {"datetime": "2021-10-04 11:42:19", "elapsed": 88.322732, "delta": 0.798006}}
{"target": -54.04954505540813, "params": {"C": 479254.13387517387, "gamma": 0.942531939410877}, "datetime": {"datetime": "2021-10-04 11:42:20", "elapsed": 89.034991, "delta": 0.712259}}
{"target": -52.4173965921532, "params": {"C": 435502.01711810124, "gamma": 0.7794051854625057}, "datetime": {"datetime": "2021-10-04 11:42:21", "elapsed": 89.893626, "delta": 0.858635}}
{"target": -49.3498279474578, "params": {"C": 168901.9043328551, "gamma": 0.4643999599320965}, "datetime": {"datetime": "2021-10-04 11:42:22", "elapsed": 90.741193, "delta": 0.847567}}
{"target": -54.2447370435517, "params": {"C": 440633.41345064645, "gamma": 0.9642440541199302}, "datetime": {"datetime": "2021-10-04 11:42:23", "elapsed": 91.690925, "delta": 0.949732}}
{"target": -54.33241857467059, "params": {"C": 401901.4814144323, "gamma": 0.9735634678508517}, "datetime": {"datetime": "2021-10-04 11:42:24", "elapsed": 92.454405, "delta": 0.76348}}
{"target": -52.78805932381614, "params": {"C": 52857.10810295459, "gamma": 0.6600241984981094}, "datetime": {"datetime": "2021-10-04 11:42:24", "elapsed": 93.167587, "delta": 0.713182}}
{"target": -52.23467042226085, "params": {"C": 104846.43790586265, "gamma": 0.7093121059813867}, "datetime": {"datetime": "2021-10-04 11:42:25", "elapsed": 93.895882, "delta": 0.728295}}
{"target": -49.59830769050094, "params": {"C": 311071.9042322601, "gamma": 0.523866970680673}, "datetime": {"datetime": "2021-10-04 11:42:26", "elapsed": 94.797344, "delta": 0.901462}}
{"target": -52.89932154224639, "params": {"C": 224105.76145614125, "gamma": 0.8179079281215662}, "datetime": {"datetime": "2021-10-04 11:42:27", "elapsed": 95.664925, "delta": 0.867581}}
{"target": -53.991916264581704, "params": {"C": 332804.50087755657, "gamma": 0.9346266578044895}, "datetime": {"datetime": "2021-10-04 11:42:28", "elapsed": 96.66946, "delta": 1.004535}}
{"target": -53.92916125874449, "params": {"C": 279750.0679142254, "gamma": 0.9258460169475033}, "datetime": {"datetime": "2021-10-04 11:42:29", "elapsed": 97.498261, "delta": 0.828801}}
{"target": -53.12860569462632, "params": {"C": 249348.8100323892, "gamma": 0.8444067494164449}, "datetime": {"datetime": "2021-10-04 11:42:30", "elapsed": 98.432464, "delta": 0.934203}}
{"target": -54.43753648465528, "params": {"C": 215738.77405686196, "gamma": 0.9770071667019957}, "datetime": {"datetime": "2021-10-04 11:42:31", "elapsed": 99.475191, "delta": 1.042727}}
{"target": -49.39623170844008, "params": {"C": 249347.72489774853, "gamma": 0.4743239600968122}, "datetime": {"datetime": "2021-10-04 11:42:32", "elapsed": 100.658752, "delta": 1.183561}}
{"target": -51.36928790902986, "params": {"C": 48213.88823305494, "gamma": 0.48695830084843506}, "datetime": {"datetime": "2021-10-04 11:42:33", "elapsed": 101.442443, "delta": 0.783691}}
{"target": -53.343921970345924, "params": {"C": 180897.7161374509, "gamma": 0.8552951186988524}, "datetime": {"datetime": "2021-10-04 11:42:34", "elapsed": 102.392742, "delta": 0.950299}}
{"target": -50.518692064165336, "params": {"C": 173559.31461145615, "gamma": 0.600664604114193}, "datetime": {"datetime": "2021-10-04 11:42:34", "elapsed": 103.211022, "delta": 0.81828}}
{"target": -50.334511903920806, "params": {"C": 259183.62127288687, "gamma": 0.5932765324039866}, "datetime": {"datetime": "2021-10-04 11:42:35", "elapsed": 103.996339, "delta": 0.785317}}
{"target": -49.71233203037749, "params": {"C": 375982.6214445667, "gamma": 0.4382400687959714}, "datetime": {"datetime": "2021-10-04 11:42:36", "elapsed": 104.840997, "delta": 0.844658}}
{"target": -53.99600426665202, "params": {"C": 249347.48506623026, "gamma": 0.9307487799843802}, "datetime": {"datetime": "2021-10-04 11:42:37", "elapsed": 105.825338, "delta": 0.984341}}
{"target": -54.02281948755427, "params": {"C": 215733.50672511014, "gamma": 0.9301766373460031}, "datetime": {"datetime": "2021-10-04 11:42:38", "elapsed": 106.909546, "delta": 1.084208}}
{"target": -54.61740572815344, "params": {"C": 118021.78400665079, "gamma": 0.9698274502677078}, "datetime": {"datetime": "2021-10-04 11:42:39", "elapsed": 107.83509, "delta": 0.925544}}
{"target": -51.288093973958176, "params": {"C": 311068.2679548209, "gamma": 0.6754195819688628}, "datetime": {"datetime": "2021-10-04 11:42:40", "elapsed": 108.786283, "delta": 0.951193}}
{"target": -50.77453159041431, "params": {"C": 311066.4641689636, "gamma": 0.6329194692981789}, "datetime": {"datetime": "2021-10-04 11:42:41", "elapsed": 109.723343, "delta": 0.93706}}
{"target": -51.59740657887331, "params": {"C": 384481.6071327482, "gamma": 0.7059997396986042}, "datetime": {"datetime": "2021-10-04 11:42:42", "elapsed": 110.676603, "delta": 0.95326}}
{"target": -49.85939660369107, "params": {"C": 440633.01705526706, "gamma": 0.4288414467356766}, "datetime": {"datetime": "2021-10-04 11:42:43", "elapsed": 111.819276, "delta": 1.142673}}
{"target": -53.847414753541585, "params": {"C": 132535.22454323812, "gamma": 0.8899003499213936}, "datetime": {"datetime": "2021-10-04 11:42:44", "elapsed": 112.977282, "delta": 1.158006}}
{"target": -50.722669931167545, "params": {"C": 279748.4029073907, "gamma": 0.6269967424059326}, "datetime": {"datetime": "2021-10-04 11:42:45", "elapsed": 114.064523, "delta": 1.087241}}
{"target": -50.14798921840759, "params": {"C": 306516.46635733877, "gamma": 0.5784165875657769}, "datetime": {"datetime": "2021-10-04 11:42:46", "elapsed": 114.953359, "delta": 0.888836}}
{"target": -51.97413507965132, "params": {"C": 285224.38141390035, "gamma": 0.7342772069402725}, "datetime": {"datetime": "2021-10-04 11:42:47", "elapsed": 115.721615, "delta": 0.768256}}
{"target": -49.54621457111484, "params": {"C": 363700.648103561, "gamma": 0.4816186574231714}, "datetime": {"datetime": "2021-10-04 11:42:48", "elapsed": 116.530987, "delta": 0.809372}}
{"target": -54.999677405451685, "params": {"C": 74726.46100129947, "gamma": 0.9681661769986019}, "datetime": {"datetime": "2021-10-04 11:42:49", "elapsed": 117.565465, "delta": 1.034478}}
{"target": -50.43761627692513, "params": {"C": 243852.95896674372, "gamma": 0.601879891188627}, "datetime": {"datetime": "2021-10-04 11:42:50", "elapsed": 118.364394, "delta": 0.798929}}
{"target": -53.147200198735014, "params": {"C": 209021.04524893823, "gamma": 0.8411337185703449}, "datetime": {"datetime": "2021-10-04 11:42:51", "elapsed": 119.530096, "delta": 1.165702}}
{"target": -52.88805185148405, "params": {"C": 32032.016039616858, "gamma": 0.5374746307079842}, "datetime": {"datetime": "2021-10-04 11:42:51", "elapsed": 120.295226, "delta": 0.76513}}
{"target": -49.89293779397458, "params": {"C": 448479.63950563816, "gamma": 0.42556804484983124}, "datetime": {"datetime": "2021-10-04 11:42:52", "elapsed": 121.330791, "delta": 1.035565}}
{"target": -52.387286718750055, "params": {"C": 475248.1920864076, "gamma": 0.777133519788959}, "datetime": {"datetime": "2021-10-04 11:42:53", "elapsed": 122.339497, "delta": 1.008706}}
{"target": -54.210143398716255, "params": {"C": 485595.3936412757, "gamma": 0.9601089089408034}, "datetime": {"datetime": "2021-10-04 11:42:54", "elapsed": 123.260246, "delta": 0.920749}}
{"target": -52.03377299694227, "params": {"C": 256093.86669481813, "gamma": 0.7377919229795307}, "datetime": {"datetime": "2021-10-04 11:42:55", "elapsed": 124.17769, "delta": 0.917444}}
{"target": -50.02676598917039, "params": {"C": 402146.4201505529, "gamma": 0.5677040000592318}, "datetime": {"datetime": "2021-10-04 11:42:57", "elapsed": 125.438052, "delta": 1.260362}}
{"target": -53.90205434704267, "params": {"C": 368270.17811319744, "gamma": 0.9262113221366339}, "datetime": {"datetime": "2021-10-04 11:42:58", "elapsed": 126.362599, "delta": 0.924547}}
{"target": -53.8219413252765, "params": {"C": 311074.8900946953, "gamma": 0.9159167632378938}, "datetime": {"datetime": "2021-10-04 11:42:59", "elapsed": 127.498155, "delta": 1.135556}}
{"target": -49.487527669284546, "params": {"C": 306514.9639907835, "gamma": 0.4716777994011792}, "datetime": {"datetime": "2021-10-04 11:43:00", "elapsed": 128.535153, "delta": 1.036998}}
{"target": -52.9921838309275, "params": {"C": 384482.42793088855, "gamma": 0.8345697559367204}, "datetime": {"datetime": "2021-10-04 11:43:01", "elapsed": 129.916452, "delta": 1.381299}}
{"target": -51.4710923825079, "params": {"C": 48213.16446507897, "gamma": 0.5018255048240828}, "datetime": {"datetime": "2021-10-04 11:43:02", "elapsed": 130.802375, "delta": 0.885923}}
{"target": -49.51089279942587, "params": {"C": 318504.76730229746, "gamma": 0.46978614595146817}, "datetime": {"datetime": "2021-10-04 11:43:03", "elapsed": 131.671532, "delta": 0.869157}}
{"target": -53.16688439937074, "params": {"C": 279749.14470068284, "gamma": 0.8505015842735628}, "datetime": {"datetime": "2021-10-04 11:43:04", "elapsed": 132.8402, "delta": 1.168668}}
{"target": -52.262213018889156, "params": {"C": 87358.97080892227, "gamma": 0.6936309053081515}, "datetime": {"datetime": "2021-10-04 11:43:05", "elapsed": 133.756398, "delta": 0.916198}}
{"target": -51.380430445619986, "params": {"C": 312919.01967291057, "gamma": 0.6835425947978953}, "datetime": {"datetime": "2021-10-04 11:43:06", "elapsed": 134.586549, "delta": 0.830151}}
{"target": -52.87256079684884, "params": {"C": 378078.2394097278, "gamma": 0.8222918618085622}, "datetime": {"datetime": "2021-10-04 11:43:07", "elapsed": 135.753434, "delta": 1.166885}}
{"target": -53.377881463957785, "params": {"C": 74728.19354205935, "gamma": 0.779829062230055}, "datetime": {"datetime": "2021-10-04 11:43:08", "elapsed": 136.637607, "delta": 0.884173}}
