{"target": -35.5102972094255, "params": {"C": 48554.520307762315, "gamma": 0.04350267415092113}, "datetime": {"datetime": "2021-09-29 09:51:33", "elapsed": 146.784923, "delta": 1.235581}}
{"target": -37.68200850882407, "params": {"C": 46564.85286656085, "gamma": 0.08861605398535065}, "datetime": {"datetime": "2021-09-29 09:51:34", "elapsed": 147.990574, "delta": 1.205651}}
{"target": -36.365373731513436, "params": {"C": 53196.01278124862, "gamma": 0.05718775083862398}, "datetime": {"datetime": "2021-09-29 09:51:36", "elapsed": 149.230161, "delta": 1.239587}}
{"target": -37.593395183498366, "params": {"C": 45436.590089528814, "gamma": 0.0877524982897482}, "datetime": {"datetime": "2021-09-29 09:51:37", "elapsed": 150.407164, "delta": 1.177003}}
{"target": -34.283271534391574, "params": {"C": 45246.21072566702, "gamma": 0.014066995135954719}, "datetime": {"datetime": "2021-09-29 09:51:38", "elapsed": 151.348046, "delta": 0.940882}}
{"target": -38.04221554759755, "params": {"C": 48478.54091849475, "gamma": 0.09559648358748542}, "datetime": {"datetime": "2021-09-29 09:51:39", "elapsed": 152.335048, "delta": 0.987002}}
{"target": -36.512324507248366, "params": {"C": 53931.751363209914, "gamma": 0.05938971547634222}, "datetime": {"datetime": "2021-09-29 09:51:40", "elapsed": 153.656378, "delta": 1.32133}}
{"target": -37.792653468569014, "params": {"C": 49712.268991293706, "gamma": 0.08797915301883648}, "datetime": {"datetime": "2021-09-29 09:51:41", "elapsed": 154.607381, "delta": 0.951003}}
{"target": -35.15643180355155, "params": {"C": 50090.126986317635, "gamma": 0.005251915974552983}, "datetime": {"datetime": "2021-09-29 09:51:42", "elapsed": 155.557238, "delta": 0.949857}}
{"target": -35.78205435440833, "params": {"C": 52944.54371123823, "gamma": 0.046747959739335446}, "datetime": {"datetime": "2021-09-29 09:51:43", "elapsed": 156.678529, "delta": 1.121291}}
{"target": -37.90590121000964, "params": {"C": 47310.276001472965, "gamma": 0.09333116740362507}, "datetime": {"datetime": "2021-09-29 09:51:44", "elapsed": 157.807748, "delta": 1.129219}}
{"target": -34.25237285354437, "params": {"C": 51671.00161088715, "gamma": 0.01185187711003723}, "datetime": {"datetime": "2021-09-29 09:51:46", "elapsed": 159.219964, "delta": 1.412216}}
{"target": -36.32120507542709, "params": {"C": 47492.82843752341, "gamma": 0.05921292116659339}, "datetime": {"datetime": "2021-09-29 09:51:47", "elapsed": 160.45496, "delta": 1.234996}}
{"target": -35.599147580949214, "params": {"C": 54316.96779091908, "gamma": 0.043090199379605044}, "datetime": {"datetime": "2021-09-29 09:51:48", "elapsed": 161.435574, "delta": 0.980614}}
{"target": -35.85368145764381, "params": {"C": 50555.141794838986, "gamma": 0.0490212492054502}, "datetime": {"datetime": "2021-09-29 09:51:49", "elapsed": 162.415577, "delta": 0.980003}}
{"target": -37.652365954254726, "params": {"C": 53314.4952052226, "gamma": 0.0817137950847645}, "datetime": {"datetime": "2021-09-29 09:51:50", "elapsed": 163.365244, "delta": 0.949667}}
{"target": -37.38218326304037, "params": {"C": 50045.67830558869, "gamma": 0.07889642336782918}, "datetime": {"datetime": "2021-09-29 09:51:51", "elapsed": 164.315243, "delta": 0.949999}}
{"target": -38.25083494049775, "params": {"C": 50620.39247843743, "gamma": 0.0990205608602606}, "datetime": {"datetime": "2021-09-29 09:51:52", "elapsed": 165.284111, "delta": 0.968868}}
{"target": -37.97276140061932, "params": {"C": 52287.91168900697, "gamma": 0.08965461931814939}, "datetime": {"datetime": "2021-09-29 09:51:53", "elapsed": 166.198724, "delta": 0.914613}}
{"target": -37.86519075562838, "params": {"C": 54800.84007360505, "gamma": 0.08487030991892022}, "datetime": {"datetime": "2021-09-29 09:51:54", "elapsed": 167.159866, "delta": 0.961142}}
{"target": -36.36670921597427, "params": {"C": 47561.991455110925, "gamma": 0.060047228847588306}, "datetime": {"datetime": "2021-09-29 09:51:55", "elapsed": 168.215866, "delta": 1.056}}
{"target": -35.11490394475736, "params": {"C": 48460.5759983515, "gamma": 0.03590653424351027}, "datetime": {"datetime": "2021-09-29 09:51:56", "elapsed": 169.268501, "delta": 1.052635}}
{"target": -34.6912938521603, "params": {"C": 46147.263307553534, "gamma": 0.006925272669186402}, "datetime": {"datetime": "2021-09-29 09:51:57", "elapsed": 170.192498, "delta": 0.923997}}
{"target": -34.83766875633477, "params": {"C": 48725.27700935069, "gamma": 0.0062531904770591696}, "datetime": {"datetime": "2021-09-29 09:51:58", "elapsed": 171.309368, "delta": 1.11687}}
{"target": -36.054648387608424, "params": {"C": 47161.647007725245, "gamma": 0.054393459244955394}, "datetime": {"datetime": "2021-09-29 09:51:59", "elapsed": 172.420377, "delta": 1.111009}}
{"target": -38.19144844748209, "params": {"C": 53798.02778264869, "gamma": 0.09368489363130394}, "datetime": {"datetime": "2021-09-29 09:52:00", "elapsed": 173.386579, "delta": 0.966202}}
{"target": -36.952411589380624, "params": {"C": 47498.29821786379, "gamma": 0.07208486737137582}, "datetime": {"datetime": "2021-09-29 09:52:01", "elapsed": 174.450573, "delta": 1.063994}}
{"target": -38.08461146654468, "params": {"C": 51738.594733921454, "gamma": 0.0930398471115922}, "datetime": {"datetime": "2021-09-29 09:52:02", "elapsed": 175.796455, "delta": 1.345882}}
{"target": -37.715909511919605, "params": {"C": 52060.662350952334, "gamma": 0.08408428722398076}, "datetime": {"datetime": "2021-09-29 09:52:03", "elapsed": 176.895053, "delta": 1.098598}}
{"target": -34.26566135772161, "params": {"C": 46175.56550883586, "gamma": 0.011130137071723183}, "datetime": {"datetime": "2021-09-29 09:52:05", "elapsed": 178.219404, "delta": 1.324351}}
{"target": -36.48523250851528, "params": {"C": 47192.68200456225, "gamma": 0.06248206705134576}, "datetime": {"datetime": "2021-09-29 09:52:06", "elapsed": 179.289711, "delta": 1.070307}}
{"target": -36.58555695977492, "params": {"C": 50846.25682681211, "gamma": 0.06232970272221347}, "datetime": {"datetime": "2021-09-29 09:52:07", "elapsed": 180.369709, "delta": 1.079998}}
{"target": -35.292449033917485, "params": {"C": 54785.90030869306, "gamma": 0.03738038456287303}, "datetime": {"datetime": "2021-09-29 09:52:08", "elapsed": 181.771443, "delta": 1.401734}}
{"target": -34.336693914922485, "params": {"C": 53484.918016786185, "gamma": 0.015522582356567564}, "datetime": {"datetime": "2021-09-29 09:52:09", "elapsed": 182.817445, "delta": 1.046002}}
{"target": -34.62468125589264, "params": {"C": 45242.07785478421, "gamma": 0.02615494977121011}, "datetime": {"datetime": "2021-09-29 09:52:10", "elapsed": 183.892587, "delta": 1.075142}}
