{"target": -34.52968974245573, "params": {"C": 20436.660633737727, "gamma": 0.01819396912676699}, "datetime": {"datetime": "2021-09-29 08:03:26", "elapsed": 17.896243, "delta": 0.864001}}
{"target": -35.50230150108289, "params": {"C": 20400.078119752823, "gamma": 0.05884157176585432}, "datetime": {"datetime": "2021-09-29 08:03:26", "elapsed": 18.412059, "delta": 0.515816}}
{"target": -34.55519170869606, "params": {"C": 20606.175686968803, "gamma": 0.02356267827918931}, "datetime": {"datetime": "2021-09-29 08:03:27", "elapsed": 19.138056, "delta": 0.725997}}
{"target": -36.37067740310097, "params": {"C": 20640.959684514757, "gamma": 0.0037090960977472567}, "datetime": {"datetime": "2021-09-29 08:03:27", "elapsed": 19.654495, "delta": 0.516439}}
{"target": -35.373400454919626, "params": {"C": 20583.797545191806, "gamma": 0.055062604113870005}, "datetime": {"datetime": "2021-09-29 08:03:28", "elapsed": 20.22927, "delta": 0.574775}}
{"target": -34.52710435478046, "params": {"C": 20456.13980128861, "gamma": 0.018334750371066067}, "datetime": {"datetime": "2021-09-29 08:03:29", "elapsed": 20.786265, "delta": 0.556995}}
{"target": -36.13533058233801, "params": {"C": 21472.479238648437, "gamma": 0.07498450906901347}, "datetime": {"datetime": "2021-09-29 08:03:29", "elapsed": 21.244266, "delta": 0.458001}}
{"target": -35.475774575737894, "params": {"C": 20019.22515123787, "gamma": 0.05866731067293223}, "datetime": {"datetime": "2021-09-29 08:03:29", "elapsed": 21.661263, "delta": 0.416997}}
{"target": -34.51096818153581, "params": {"C": 22456.215279905296, "gamma": 0.018155571837486572}, "datetime": {"datetime": "2021-09-29 08:03:30", "elapsed": 22.536099, "delta": 0.874836}}
{"target": -34.61509848590332, "params": {"C": 24253.23324978014, "gamma": 0.027330430168941214}, "datetime": {"datetime": "2021-09-29 08:03:31", "elapsed": 23.034099, "delta": 0.498}}
{"target": -34.50177571697131, "params": {"C": 24223.303438023562, "gamma": 0.017801916643183563}, "datetime": {"datetime": "2021-09-29 08:03:31", "elapsed": 23.594102, "delta": 0.560003}}
{"target": -35.18603551065934, "params": {"C": 24191.889448630467, "gamma": 0.0466859425416816}, "datetime": {"datetime": "2021-09-29 08:03:32", "elapsed": 24.250102, "delta": 0.656}}
{"target": -34.651516846710045, "params": {"C": 24288.292788595, "gamma": 0.029241771615015115}, "datetime": {"datetime": "2021-09-29 08:03:33", "elapsed": 25.146769, "delta": 0.896667}}
{"target": -35.73457526047988, "params": {"C": 24322.653440552334, "gamma": 0.059652935579535514}, "datetime": {"datetime": "2021-09-29 08:03:34", "elapsed": 25.959769, "delta": 0.813}}
{"target": -35.39527016854061, "params": {"C": 23509.245032691382, "gamma": 0.052074038023698886}, "datetime": {"datetime": "2021-09-29 08:03:34", "elapsed": 26.460387, "delta": 0.500618}}
{"target": -36.341399324563085, "params": {"C": 22922.22676576438, "gamma": 0.07863213927457778}, "datetime": {"datetime": "2021-09-29 08:03:35", "elapsed": 27.07141, "delta": 0.611023}}
{"target": -35.9489649931505, "params": {"C": 21226.626079239766, "gamma": 0.005838899539063367}, "datetime": {"datetime": "2021-09-29 08:03:36", "elapsed": 27.847455, "delta": 0.776045}}
{"target": -35.110848674334626, "params": {"C": 24999.922161987182, "gamma": 0.04393020181431381}, "datetime": {"datetime": "2021-09-29 08:03:36", "elapsed": 28.657603, "delta": 0.810148}}
{"target": -35.85598549977209, "params": {"C": 24948.881272451243, "gamma": 0.061985489487239254}, "datetime": {"datetime": "2021-09-29 08:03:37", "elapsed": 29.167602, "delta": 0.509999}}
{"target": -34.857342948142445, "params": {"C": 20206.04114826621, "gamma": 0.03918017180676378}, "datetime": {"datetime": "2021-09-29 08:03:38", "elapsed": 29.916004, "delta": 0.748402}}
{"target": -35.568939474120334, "params": {"C": 20169.757666331214, "gamma": 0.06114532141637179}, "datetime": {"datetime": "2021-09-29 08:03:39", "elapsed": 30.718291, "delta": 0.802287}}
{"target": -35.38487999783061, "params": {"C": 20240.17017680611, "gamma": 0.05583664022176877}, "datetime": {"datetime": "2021-09-29 08:03:39", "elapsed": 31.345287, "delta": 0.626996}}
{"target": -35.608814180773265, "params": {"C": 21994.36833246633, "gamma": 0.007660817123917683}, "datetime": {"datetime": "2021-09-29 08:03:40", "elapsed": 32.254846, "delta": 0.909559}}
{"target": -36.29891206798071, "params": {"C": 22140.136431602255, "gamma": 0.0787665169161265}, "datetime": {"datetime": "2021-09-29 08:03:41", "elapsed": 32.832849, "delta": 0.578003}}
{"target": -36.508992087604994, "params": {"C": 24271.188049185457, "gamma": 0.003}, "datetime": {"datetime": "2021-09-29 08:03:41", "elapsed": 33.541846, "delta": 0.708997}}
{"target": -34.56407533413445, "params": {"C": 24238.774051466324, "gamma": 0.02427016473648584}, "datetime": {"datetime": "2021-09-29 08:03:42", "elapsed": 34.418612, "delta": 0.876766}}
{"target": -36.20303429214294, "params": {"C": 21958.668515666428, "gamma": 0.07612343645917315}, "datetime": {"datetime": "2021-09-29 08:03:43", "elapsed": 35.030612, "delta": 0.612}}
{"target": -36.009164440773304, "params": {"C": 20446.416679811908, "gamma": 0.07317598495734354}, "datetime": {"datetime": "2021-09-29 08:03:43", "elapsed": 35.632612, "delta": 0.602}}
{"target": -34.605048842322965, "params": {"C": 24229.316663979964, "gamma": 0.02677005666395791}, "datetime": {"datetime": "2021-09-29 08:03:44", "elapsed": 36.342852, "delta": 0.71024}}
{"target": -35.7065229552998, "params": {"C": 24734.122480107082, "gamma": 0.05842011225026995}, "datetime": {"datetime": "2021-09-29 08:03:45", "elapsed": 37.070849, "delta": 0.727997}}
{"target": -35.57982663077286, "params": {"C": 24720.42717791107, "gamma": 0.007596630642501179}, "datetime": {"datetime": "2021-09-29 08:03:46", "elapsed": 37.818848, "delta": 0.747999}}
{"target": -34.85001117524285, "params": {"C": 24234.08947166863, "gamma": 0.036972094616138006}, "datetime": {"datetime": "2021-09-29 08:03:46", "elapsed": 38.554196, "delta": 0.735348}}
{"target": -35.293448762716594, "params": {"C": 24745.60341690069, "gamma": 0.04850492092570454}, "datetime": {"datetime": "2021-09-29 08:03:47", "elapsed": 39.118194, "delta": 0.563998}}
{"target": -35.53490769136861, "params": {"C": 20460.282413813668, "gamma": 0.008239164974324061}, "datetime": {"datetime": "2021-09-29 08:03:48", "elapsed": 39.826856, "delta": 0.708662}}
{"target": -34.63292401616884, "params": {"C": 22459.91068801991, "gamma": 0.01552923214376016}, "datetime": {"datetime": "2021-09-29 08:03:49", "elapsed": 40.882272, "delta": 1.055416}}
{"target": -35.82772099590308, "params": {"C": 20432.24232170297, "gamma": 0.00650888947462249}, "datetime": {"datetime": "2021-09-29 08:03:49", "elapsed": 41.601271, "delta": 0.718999}}
{"target": -34.61065944060452, "params": {"C": 24226.511419191498, "gamma": 0.027086282583304734}, "datetime": {"datetime": "2021-09-29 08:03:50", "elapsed": 42.314631, "delta": 0.71336}}
{"target": -35.92418209124935, "params": {"C": 21976.523136301563, "gamma": 0.06825255807970988}, "datetime": {"datetime": "2021-09-29 08:03:51", "elapsed": 43.198633, "delta": 0.884002}}
{"target": -34.51366321162458, "params": {"C": 21970.153670806078, "gamma": 0.018330107368187427}, "datetime": {"datetime": "2021-09-29 08:03:52", "elapsed": 43.893634, "delta": 0.695001}}
{"target": -34.53618288224148, "params": {"C": 24705.323907842296, "gamma": 0.022326128369882407}, "datetime": {"datetime": "2021-09-29 08:03:52", "elapsed": 44.664384, "delta": 0.77075}}
{"target": -35.30917505664982, "params": {"C": 20602.129748788215, "gamma": 0.05337967233982566}, "datetime": {"datetime": "2021-09-29 08:03:53", "elapsed": 45.448378, "delta": 0.783994}}
{"target": -35.61330272967733, "params": {"C": 20609.66998574627, "gamma": 0.06175781701220147}, "datetime": {"datetime": "2021-09-29 08:03:54", "elapsed": 46.314593, "delta": 0.866215}}
{"target": -34.57281529268769, "params": {"C": 20439.186484136844, "gamma": 0.024844609965131687}, "datetime": {"datetime": "2021-09-29 08:03:55", "elapsed": 47.075594, "delta": 0.761001}}
{"target": -34.5023207427664, "params": {"C": 24249.055671258982, "gamma": 0.018801833489641796}, "datetime": {"datetime": "2021-09-29 08:03:56", "elapsed": 47.866592, "delta": 0.790998}}
{"target": -35.08440502695364, "params": {"C": 24244.476678239873, "gamma": 0.04380906093322263}, "datetime": {"datetime": "2021-09-29 08:03:57", "elapsed": 48.762791, "delta": 0.896199}}
{"target": -34.656190183185736, "params": {"C": 24219.344635501602, "gamma": 0.01487570845114769}, "datetime": {"datetime": "2021-09-29 08:03:57", "elapsed": 49.52579, "delta": 0.762999}}
{"target": -35.78219170219205, "params": {"C": 22199.904483070935, "gamma": 0.06404012894738487}, "datetime": {"datetime": "2021-09-29 08:03:58", "elapsed": 50.191346, "delta": 0.665556}}
{"target": -35.40735790151034, "params": {"C": 22207.430007748884, "gamma": 0.053865148892001426}, "datetime": {"datetime": "2021-09-29 08:03:59", "elapsed": 51.177328, "delta": 0.985982}}
{"target": -35.6759538262684, "params": {"C": 20510.22157548577, "gamma": 0.007394042516950009}, "datetime": {"datetime": "2021-09-29 08:04:00", "elapsed": 51.978329, "delta": 0.801001}}
{"target": -34.754757923594006, "params": {"C": 20517.877702424208, "gamma": 0.03496738585812956}, "datetime": {"datetime": "2021-09-29 08:04:00", "elapsed": 52.703972, "delta": 0.725643}}
{"target": -35.95211661073364, "params": {"C": 20453.351381547465, "gamma": 0.07154911603354168}, "datetime": {"datetime": "2021-09-29 08:04:01", "elapsed": 53.407975, "delta": 0.704003}}
{"target": -34.73211830930442, "params": {"C": 24728.269039053084, "gamma": 0.013865150009557507}, "datetime": {"datetime": "2021-09-29 08:04:02", "elapsed": 54.352499, "delta": 0.944524}}
{"target": -34.53409380547008, "params": {"C": 22453.015048937483, "gamma": 0.02202711698182328}, "datetime": {"datetime": "2021-09-29 08:04:03", "elapsed": 55.224376, "delta": 0.871877}}
{"target": -35.60340265273201, "params": {"C": 24291.890183531305, "gamma": 0.05631803788161911}, "datetime": {"datetime": "2021-09-29 08:04:04", "elapsed": 56.009374, "delta": 0.784998}}
{"target": -35.71418230250497, "params": {"C": 24284.52956086052, "gamma": 0.059185363494090266}, "datetime": {"datetime": "2021-09-29 08:04:05", "elapsed": 56.859627, "delta": 0.850253}}
{"target": -36.27083738518176, "params": {"C": 24702.380857650278, "gamma": 0.07347836938685524}, "datetime": {"datetime": "2021-09-29 08:04:05", "elapsed": 57.717629, "delta": 0.858002}}
{"target": -35.828429943274855, "params": {"C": 24707.166835770633, "gamma": 0.06158145518459229}, "datetime": {"datetime": "2021-09-29 08:04:06", "elapsed": 58.434326, "delta": 0.716697}}
{"target": -34.69238526680155, "params": {"C": 22454.378226182973, "gamma": 0.031552753062328076}, "datetime": {"datetime": "2021-09-29 08:04:07", "elapsed": 59.154325, "delta": 0.719999}}
{"target": -36.19573214835491, "params": {"C": 21971.459523775986, "gamma": 0.07587924757287365}, "datetime": {"datetime": "2021-09-29 08:04:08", "elapsed": 60.004976, "delta": 0.850651}}
{"target": -35.05421062405675, "params": {"C": 24741.37644753393, "gamma": 0.0426102067497119}, "datetime": {"datetime": "2021-09-29 08:04:09", "elapsed": 60.731824, "delta": 0.726848}}
{"target": -34.96420888390098, "params": {"C": 21871.77745298512, "gamma": 0.04222503233619222}, "datetime": {"datetime": "2021-09-29 08:04:09", "elapsed": 61.578516, "delta": 0.846692}}
{"target": -35.55747547086596, "params": {"C": 21972.717566666644, "gamma": 0.0581010370494749}, "datetime": {"datetime": "2021-09-29 08:04:11", "elapsed": 62.874194, "delta": 1.295678}}
{"target": -35.35337791642337, "params": {"C": 20939.160802400515, "gamma": 0.009293022310586943}, "datetime": {"datetime": "2021-09-29 08:04:11", "elapsed": 63.625196, "delta": 0.751002}}
{"target": -34.73088020770791, "params": {"C": 20514.069273511705, "gamma": 0.01474832359959882}, "datetime": {"datetime": "2021-09-29 08:04:12", "elapsed": 64.351426, "delta": 0.72623}}
{"target": -36.454778105115835, "params": {"C": 24282.851691990498, "gamma": 0.07971227249163923}, "datetime": {"datetime": "2021-09-29 08:04:13", "elapsed": 65.575094, "delta": 1.223668}}
{"target": -34.904432242533744, "params": {"C": 20203.009600968726, "gamma": 0.012838575305870254}, "datetime": {"datetime": "2021-09-29 08:04:14", "elapsed": 66.392888, "delta": 0.817794}}
{"target": -34.68533423928592, "params": {"C": 22456.188708398586, "gamma": 0.03120586768110927}, "datetime": {"datetime": "2021-09-29 08:04:15", "elapsed": 67.198887, "delta": 0.805999}}
{"target": -34.879144024850554, "params": {"C": 20439.144965850635, "gamma": 0.013068955923801927}, "datetime": {"datetime": "2021-09-29 08:04:16", "elapsed": 68.192887, "delta": 0.994}}
{"target": -34.8447166166241, "params": {"C": 20456.189758594614, "gamma": 0.013443326392805367}, "datetime": {"datetime": "2021-09-29 08:04:17", "elapsed": 69.042358, "delta": 0.849471}}
{"target": -35.22860460390364, "params": {"C": 22242.773588313976, "gamma": 0.049526687543391866}, "datetime": {"datetime": "2021-09-29 08:04:17", "elapsed": 69.709218, "delta": 0.66686}}
{"target": -34.54717805572318, "params": {"C": 23818.94337022504, "gamma": 0.02309734319944852}, "datetime": {"datetime": "2021-09-29 08:04:18", "elapsed": 70.452443, "delta": 0.743225}}
{"target": -35.97367630052837, "params": {"C": 21917.828553909563, "gamma": 0.06969155139105139}, "datetime": {"datetime": "2021-09-29 08:04:19", "elapsed": 71.524443, "delta": 1.072}}
{"target": -34.824191041919796, "params": {"C": 23819.007367360256, "gamma": 0.03624180571658417}, "datetime": {"datetime": "2021-09-29 08:04:20", "elapsed": 72.525954, "delta": 1.001511}}
{"target": -36.1419999950685, "params": {"C": 24725.51071737792, "gamma": 0.0699254679748068}, "datetime": {"datetime": "2021-09-29 08:04:21", "elapsed": 73.672947, "delta": 1.146993}}
{"target": -34.585128303583325, "params": {"C": 20712.282065266794, "gamma": 0.01663228082804163}, "datetime": {"datetime": "2021-09-29 08:04:22", "elapsed": 74.497431, "delta": 0.824484}}
{"target": -36.05549362143106, "params": {"C": 20606.14273014339, "gamma": 0.005328812767027484}, "datetime": {"datetime": "2021-09-29 08:04:23", "elapsed": 75.379119, "delta": 0.881688}}
{"target": -34.81938684171034, "params": {"C": 23818.961261795583, "gamma": 0.03607202917087615}, "datetime": {"datetime": "2021-09-29 08:04:24", "elapsed": 76.24212, "delta": 0.863001}}
{"target": -36.185778178492875, "params": {"C": 20428.956043183953, "gamma": 0.004686849966479714}, "datetime": {"datetime": "2021-09-29 08:04:25", "elapsed": 76.993662, "delta": 0.751542}}
{"target": -35.097001489086956, "params": {"C": 20712.26995121403, "gamma": 0.047383099281157734}, "datetime": {"datetime": "2021-09-29 08:04:26", "elapsed": 78.024722, "delta": 1.03106}}
{"target": -35.77573227190368, "params": {"C": 20436.691726600264, "gamma": 0.006813277342578661}, "datetime": {"datetime": "2021-09-29 08:04:27", "elapsed": 78.974107, "delta": 0.949385}}
{"target": -34.63482609649411, "params": {"C": 21438.87687662799, "gamma": 0.015719620600296864}, "datetime": {"datetime": "2021-09-29 08:04:28", "elapsed": 79.864854, "delta": 0.890747}}
{"target": -34.58182723283956, "params": {"C": 24229.28690650723, "gamma": 0.02539966934583516}, "datetime": {"datetime": "2021-09-29 08:04:29", "elapsed": 80.788152, "delta": 0.923298}}
{"target": -35.22180373356535, "params": {"C": 20606.20012436559, "gamma": 0.010180198452665}, "datetime": {"datetime": "2021-09-29 08:04:30", "elapsed": 82.6248, "delta": 1.836648}}
{"target": -35.80253219147779, "params": {"C": 22491.52300686473, "gamma": 0.006548005429814256}, "datetime": {"datetime": "2021-09-29 08:04:32", "elapsed": 83.804799, "delta": 1.179999}}
{"target": -34.506208012661915, "params": {"C": 23700.303843939048, "gamma": 0.019520311939908812}, "datetime": {"datetime": "2021-09-29 08:04:33", "elapsed": 85.000462, "delta": 1.195663}}
{"target": -35.328842747987665, "params": {"C": 24759.992438448346, "gamma": 0.008969560724087316}, "datetime": {"datetime": "2021-09-29 08:04:34", "elapsed": 86.270457, "delta": 1.269995}}
{"target": -35.21048435040014, "params": {"C": 21320.57227423003, "gamma": 0.05010294305646607}, "datetime": {"datetime": "2021-09-29 08:04:35", "elapsed": 87.155456, "delta": 0.884999}}
{"target": -34.52116878928491, "params": {"C": 24826.989730300324, "gamma": 0.02116064412668042}, "datetime": {"datetime": "2021-09-29 08:04:36", "elapsed": 87.902457, "delta": 0.747001}}
{"target": -35.09348375889086, "params": {"C": 20559.538066553105, "gamma": 0.047434310500604156}, "datetime": {"datetime": "2021-09-29 08:04:36", "elapsed": 88.618801, "delta": 0.716344}}
{"target": -35.60646103927193, "params": {"C": 24765.04192624642, "gamma": 0.05583362613741474}, "datetime": {"datetime": "2021-09-29 08:04:37", "elapsed": 89.480803, "delta": 0.862002}}
{"target": -36.25789520847662, "params": {"C": 21377.949710332916, "gamma": 0.07895424891788448}, "datetime": {"datetime": "2021-09-29 08:04:38", "elapsed": 90.605296, "delta": 1.124493}}
{"target": -36.50397057595634, "params": {"C": 24945.803018805706, "gamma": 0.07997476903118537}, "datetime": {"datetime": "2021-09-29 08:04:39", "elapsed": 91.570299, "delta": 0.965003}}
{"target": -34.695217245057314, "params": {"C": 21712.095241986066, "gamma": 0.031827598434447}, "datetime": {"datetime": "2021-09-29 08:04:40", "elapsed": 92.560766, "delta": 0.990467}}
{"target": -35.22645884623699, "params": {"C": 22660.46593755421, "gamma": 0.04904350246880736}, "datetime": {"datetime": "2021-09-29 08:04:41", "elapsed": 93.399767, "delta": 0.839001}}
{"target": -35.227743388033836, "params": {"C": 21972.710995901252, "gamma": 0.009930826085237501}, "datetime": {"datetime": "2021-09-29 08:04:42", "elapsed": 94.329765, "delta": 0.929998}}
{"target": -36.19510870846409, "params": {"C": 22663.898819370417, "gamma": 0.0746312225867983}, "datetime": {"datetime": "2021-09-29 08:04:43", "elapsed": 95.27874, "delta": 0.948975}}
{"target": -34.80235952545847, "params": {"C": 22280.065053403032, "gamma": 0.036114744564152104}, "datetime": {"datetime": "2021-09-29 08:04:44", "elapsed": 96.086742, "delta": 0.808002}}
{"target": -34.59520247162722, "params": {"C": 23700.31694265864, "gamma": 0.02622953527778692}, "datetime": {"datetime": "2021-09-29 08:04:45", "elapsed": 97.070741, "delta": 0.983999}}
{"target": -34.561421283514804, "params": {"C": 20456.164776233687, "gamma": 0.02402268554635897}, "datetime": {"datetime": "2021-09-29 08:04:46", "elapsed": 98.455217, "delta": 1.384476}}
{"target": -35.3133979056258, "params": {"C": 23988.733332531476, "gamma": 0.04967681056834497}, "datetime": {"datetime": "2021-09-29 08:04:47", "elapsed": 99.481214, "delta": 1.025997}}
{"target": -36.24472881136091, "params": {"C": 20676.877822515307, "gamma": 0.07997262857400808}, "datetime": {"datetime": "2021-09-29 08:04:49", "elapsed": 100.747493, "delta": 1.266279}}
{"target": -34.90917100902593, "params": {"C": 24709.14502312883, "gamma": 0.012065463458223475}, "datetime": {"datetime": "2021-09-29 08:04:50", "elapsed": 101.859496, "delta": 1.112003}}
{"target": -35.11950357041791, "params": {"C": 20456.131709711317, "gamma": 0.04834897085855272}, "datetime": {"datetime": "2021-09-29 08:04:51", "elapsed": 102.800261, "delta": 0.940765}}
{"target": -34.588777831690656, "params": {"C": 22593.822993789418, "gamma": 0.02588347080183907}, "datetime": {"datetime": "2021-09-29 08:04:52", "elapsed": 103.737259, "delta": 0.936998}}
{"target": -35.6126878620818, "params": {"C": 23897.059597146894, "gamma": 0.05704459692123947}, "datetime": {"datetime": "2021-09-29 08:04:52", "elapsed": 104.564689, "delta": 0.82743}}
{"target": -35.1649355863202, "params": {"C": 20178.11131990076, "gamma": 0.05009939886657885}, "datetime": {"datetime": "2021-09-29 08:04:53", "elapsed": 105.431409, "delta": 0.86672}}
{"target": -35.17260967310774, "params": {"C": 22660.45759479758, "gamma": 0.047710299957165754}, "datetime": {"datetime": "2021-09-29 08:04:54", "elapsed": 106.401408, "delta": 0.969999}}
{"target": -35.02400482710646, "params": {"C": 22491.54888024227, "gamma": 0.04357975710811106}, "datetime": {"datetime": "2021-09-29 08:04:55", "elapsed": 107.444841, "delta": 1.043433}}
{"target": -34.952947767151485, "params": {"C": 20546.679938084817, "gamma": 0.04260283436483836}, "datetime": {"datetime": "2021-09-29 08:04:56", "elapsed": 108.397843, "delta": 0.953002}}
{"target": -35.09041970363663, "params": {"C": 22280.088578360293, "gamma": 0.010778803311906853}, "datetime": {"datetime": "2021-09-29 08:04:57", "elapsed": 109.521539, "delta": 1.123696}}
{"target": -34.61188896540137, "params": {"C": 24238.807428130647, "gamma": 0.02715387098002069}, "datetime": {"datetime": "2021-09-29 08:04:58", "elapsed": 110.705429, "delta": 1.18389}}
{"target": -35.65332576968608, "params": {"C": 22459.93811438191, "gamma": 0.0073728000513443226}, "datetime": {"datetime": "2021-09-29 08:05:00", "elapsed": 112.011428, "delta": 1.305999}}
{"target": -35.00288055759811, "params": {"C": 24249.087074931947, "gamma": 0.04157464046876202}, "datetime": {"datetime": "2021-09-29 08:05:01", "elapsed": 113.191246, "delta": 1.179818}}
{"target": -36.01998089461097, "params": {"C": 21972.75235140384, "gamma": 0.00545950141566837}, "datetime": {"datetime": "2021-09-29 08:05:02", "elapsed": 114.627963, "delta": 1.436717}}
{"target": -34.58188806850877, "params": {"C": 21970.178210184964, "gamma": 0.025457819458003638}, "datetime": {"datetime": "2021-09-29 08:05:04", "elapsed": 115.757959, "delta": 1.129996}}
{"target": -35.722746861080694, "params": {"C": 24229.313955274418, "gamma": 0.05947456354559042}, "datetime": {"datetime": "2021-09-29 08:05:05", "elapsed": 116.887795, "delta": 1.129836}}
{"target": -34.573016709337544, "params": {"C": 22492.52360356199, "gamma": 0.024867311535679792}, "datetime": {"datetime": "2021-09-29 08:05:06", "elapsed": 117.856792, "delta": 0.968997}}
