{"target": -34.801863109968856, "params": {"C": 2822.839207029946, "gamma": 0.04915467504386314}, "datetime": {"datetime": "2021-09-28 14:45:32", "elapsed": 236.951719, "delta": 2.415947}}
{"target": -35.49098487748605, "params": {"C": 2035.2680807597808, "gamma": 0.09608052594788832}, "datetime": {"datetime": "2021-09-28 14:45:34", "elapsed": 238.953093, "delta": 2.001374}}
{"target": -35.414588890156715, "params": {"C": 2323.720406080756, "gamma": 0.02273167927749272}, "datetime": {"datetime": "2021-09-28 14:45:37", "elapsed": 241.217342, "delta": 2.264249}}
{"target": -34.860076071564336, "params": {"C": 2823.081924274674, "gamma": 0.029410361032443193}, "datetime": {"datetime": "2021-09-28 14:45:39", "elapsed": 243.252659, "delta": 2.035317}}
{"target": -36.81147362571924, "params": {"C": 2562.0392478437434, "gamma": 0.19798957229211386}, "datetime": {"datetime": "2021-09-28 14:45:40", "elapsed": 244.732087, "delta": 1.479428}}
{"target": -35.19467567159671, "params": {"C": 2323.778038933547, "gamma": 0.07844569525182803}, "datetime": {"datetime": "2021-09-28 14:45:42", "elapsed": 246.303085, "delta": 1.570998}}
{"target": -34.81294666431565, "params": {"C": 2721.918414511279, "gamma": 0.03395052543677356}, "datetime": {"datetime": "2021-09-28 14:45:43", "elapsed": 247.66374, "delta": 1.360655}}
{"target": -35.03556848459042, "params": {"C": 2822.865597948427, "gamma": 0.07006705372701573}, "datetime": {"datetime": "2021-09-28 14:45:45", "elapsed": 249.706415, "delta": 2.042675}}
{"target": -35.0556168737151, "params": {"C": 2346.05759983515, "gamma": 0.06843972818404741}, "datetime": {"datetime": "2021-09-28 14:45:46", "elapsed": 250.99199, "delta": 1.285575}}
{"target": -34.828644076877126, "params": {"C": 2879.1178540239616, "gamma": 0.05342617686267081}, "datetime": {"datetime": "2021-09-28 14:45:48", "elapsed": 252.851547, "delta": 1.859557}}
{"target": -34.80968892589978, "params": {"C": 2823.1213134788236, "gamma": 0.050301346570650725}, "datetime": {"datetime": "2021-09-28 14:45:50", "elapsed": 254.499644, "delta": 1.648097}}
{"target": -35.61151244792965, "params": {"C": 2216.1647007725246, "gamma": 0.1063865742396453}, "datetime": {"datetime": "2021-09-28 14:45:51", "elapsed": 255.715642, "delta": 1.215998}}
{"target": -35.09608550699895, "params": {"C": 2816.8406526258777, "gamma": 0.07431337886584287}, "datetime": {"datetime": "2021-09-28 14:45:53", "elapsed": 257.923262, "delta": 2.20762}}
{"target": -34.88691089081809, "params": {"C": 2568.332851768204, "gamma": 0.05661330065080649}, "datetime": {"datetime": "2021-09-28 14:45:55", "elapsed": 260.158195, "delta": 2.234933}}
{"target": -35.61350315233206, "params": {"C": 2693.281961140806, "gamma": 0.10921067544626194}, "datetime": {"datetime": "2021-09-28 14:45:57", "elapsed": 261.99136, "delta": 1.833165}}
{"target": -34.81101504689595, "params": {"C": 2568.3727197172816, "gamma": 0.03768503415274776}, "datetime": {"datetime": "2021-09-28 14:45:59", "elapsed": 263.875665, "delta": 1.884305}}
{"target": -36.086277550461745, "params": {"C": 2250.25321825935, "gamma": 0.015687533930083673}, "datetime": {"datetime": "2021-09-28 14:46:01", "elapsed": 266.045259, "delta": 2.169594}}
{"target": -35.64611962974485, "params": {"C": 2568.3474860783426, "gamma": 0.01859754368413739}, "datetime": {"datetime": "2021-09-28 14:46:04", "elapsed": 268.479676, "delta": 2.434417}}
{"target": -35.84548865926305, "params": {"C": 2584.6256826812114, "gamma": 0.1226767582192803}, "datetime": {"datetime": "2021-09-28 14:46:05", "elapsed": 269.712268, "delta": 1.232592}}
{"target": -34.99848839184818, "params": {"C": 2568.3906187667762, "gamma": 0.06584506039272016}, "datetime": {"datetime": "2021-09-28 14:46:07", "elapsed": 271.185565, "delta": 1.473297}}
{"target": -34.92971561477595, "params": {"C": 2848.4918016786187, "gamma": 0.026598984837165003}, "datetime": {"datetime": "2021-09-28 14:46:08", "elapsed": 272.452567, "delta": 1.267002}}
{"target": -35.35287990218369, "params": {"C": 2035.2078878664724, "gamma": 0.08705616235514518}, "datetime": {"datetime": "2021-09-28 14:46:10", "elapsed": 274.309569, "delta": 1.857002}}
{"target": -35.6545652658929, "params": {"C": 2799.7578032879655, "gamma": 0.11193289372036475}, "datetime": {"datetime": "2021-09-28 14:46:11", "elapsed": 275.615156, "delta": 1.305587}}
{"target": -35.43928505132842, "params": {"C": 2823.139092491162, "gamma": 0.0981654305609995}, "datetime": {"datetime": "2021-09-28 14:46:13", "elapsed": 278.011664, "delta": 2.396508}}
{"target": -34.845666947682936, "params": {"C": 2848.532843299213, "gamma": 0.054795862585095494}, "datetime": {"datetime": "2021-09-28 14:46:16", "elapsed": 280.54112, "delta": 2.529456}}
{"target": -36.05147892061237, "params": {"C": 2557.888829132614, "gamma": 0.01461868948196134}, "datetime": {"datetime": "2021-09-28 14:46:17", "elapsed": 281.784703, "delta": 1.243583}}
{"target": -37.13035867887322, "params": {"C": 2693.281854928516, "gamma": 0.0075125832486489874}, "datetime": {"datetime": "2021-09-28 14:46:19", "elapsed": 283.352701, "delta": 1.567998}}
{"target": -35.537857871125524, "params": {"C": 2693.1837966939433, "gamma": 0.019306944202066856}, "datetime": {"datetime": "2021-09-28 14:46:21", "elapsed": 285.514232, "delta": 2.161531}}
{"target": -34.81372790549824, "params": {"C": 2822.7935163758593, "gamma": 0.03223285964179536}, "datetime": {"datetime": "2021-09-28 14:46:23", "elapsed": 287.416785, "delta": 1.902553}}
{"target": -34.79537035238193, "params": {"C": 2848.4553450111343, "gamma": 0.048591969262670925}, "datetime": {"datetime": "2021-09-28 14:46:26", "elapsed": 290.699045, "delta": 3.28226}}
{"target": -35.18133347632833, "params": {"C": 2346.0130767143887, "gamma": 0.025955989385833766}, "datetime": {"datetime": "2021-09-28 14:46:29", "elapsed": 293.635685, "delta": 2.93664}}
{"target": -35.88909481041669, "params": {"C": 2954.8395951103116, "gamma": 0.1265111113069493}, "datetime": {"datetime": "2021-09-28 14:46:31", "elapsed": 295.215958, "delta": 1.580273}}
{"target": -35.39307462723744, "params": {"C": 2568.348618410235, "gamma": 0.09430405578843291}, "datetime": {"datetime": "2021-09-28 14:46:33", "elapsed": 297.615174, "delta": 2.399216}}
{"target": -36.71258973489465, "params": {"C": 2323.8159363675713, "gamma": 0.01089038850389257}, "datetime": {"datetime": "2021-09-28 14:46:35", "elapsed": 299.507382, "delta": 1.892208}}
{"target": -34.91782523219459, "params": {"C": 2568.404699660158, "gamma": 0.029652285222334603}, "datetime": {"datetime": "2021-09-28 14:46:38", "elapsed": 302.509523, "delta": 3.002141}}
{"target": -35.08217818245871, "params": {"C": 2823.0462567486866, "gamma": 0.024366610716128376}, "datetime": {"datetime": "2021-09-28 14:46:41", "elapsed": 305.612351, "delta": 3.102828}}
{"target": -35.2135067705979, "params": {"C": 2848.4904614823326, "gamma": 0.08270577798303291}, "datetime": {"datetime": "2021-09-28 14:46:43", "elapsed": 307.530033, "delta": 1.917682}}
{"target": -36.59307588770681, "params": {"C": 2386.7868063384667, "gamma": 0.17695929754742065}, "datetime": {"datetime": "2021-09-28 14:46:44", "elapsed": 309.004643, "delta": 1.47461}}
{"target": -35.00002644263058, "params": {"C": 2045.3980614060017, "gamma": 0.05988280781494054}, "datetime": {"datetime": "2021-09-28 14:46:46", "elapsed": 310.477778, "delta": 1.473135}}
{"target": -35.36843357894605, "params": {"C": 2879.1234361970237, "gamma": 0.09382504378546011}, "datetime": {"datetime": "2021-09-28 14:46:48", "elapsed": 312.576777, "delta": 2.098999}}
{"target": -34.848226698207476, "params": {"C": 2816.9908783548854, "gamma": 0.054843239394746494}, "datetime": {"datetime": "2021-09-28 14:46:50", "elapsed": 314.194443, "delta": 1.617666}}
{"target": -37.04686603379032, "params": {"C": 2816.9997893377476, "gamma": 0.0076677966760308}, "datetime": {"datetime": "2021-09-28 14:46:51", "elapsed": 315.978598, "delta": 1.784155}}
{"target": -35.40939331520217, "params": {"C": 2879.133367320398, "gamma": 0.02000326261093832}, "datetime": {"datetime": "2021-09-28 14:46:53", "elapsed": 318.056047, "delta": 2.077449}}
{"target": -36.258622812714826, "params": {"C": 2822.8343404918546, "gamma": 0.012155054982937402}, "datetime": {"datetime": "2021-09-28 14:46:55", "elapsed": 319.893172, "delta": 1.837125}}
{"target": -35.01771325598841, "params": {"C": 2721.95994036029, "gamma": 0.025883862977120326}, "datetime": {"datetime": "2021-09-28 14:46:57", "elapsed": 321.718427, "delta": 1.825255}}
{"target": -36.799956471732784, "params": {"C": 2238.8929018551644, "gamma": 0.19683042615180318}, "datetime": {"datetime": "2021-09-28 14:46:58", "elapsed": 323.116099, "delta": 1.397672}}
{"target": -35.08666490920124, "params": {"C": 2721.9386771574295, "gamma": 0.07314684485239598}, "datetime": {"datetime": "2021-09-28 14:47:01", "elapsed": 325.598209, "delta": 2.48211}}
{"target": -36.082153488292256, "params": {"C": 2879.0435621670063, "gamma": 0.013349132546528739}, "datetime": {"datetime": "2021-09-28 14:47:03", "elapsed": 327.803879, "delta": 2.20567}}
{"target": -35.26598437459699, "params": {"C": 2045.3407676207198, "gamma": 0.08155963028897653}, "datetime": {"datetime": "2021-09-28 14:47:06", "elapsed": 330.316458, "delta": 2.512579}}
{"target": -35.54935481689484, "params": {"C": 2323.451852475298, "gamma": 0.10341593054945146}, "datetime": {"datetime": "2021-09-28 14:47:07", "elapsed": 331.855126, "delta": 1.538668}}
{"target": -35.34411690259244, "params": {"C": 2822.8317856245885, "gamma": 0.09185903225076789}, "datetime": {"datetime": "2021-09-28 14:47:10", "elapsed": 334.614549, "delta": 2.759423}}
{"target": -37.36490341927605, "params": {"C": 2513.9978187185593, "gamma": 0.006730502206519764}, "datetime": {"datetime": "2021-09-28 14:47:11", "elapsed": 336.174408, "delta": 1.559859}}
{"target": -34.870752850926536, "params": {"C": 2559.695532824578, "gamma": 0.03206399848179527}, "datetime": {"datetime": "2021-09-28 14:47:13", "elapsed": 337.77557, "delta": 1.601162}}
{"target": -35.134444372281585, "params": {"C": 2848.4434666578936, "gamma": 0.07716230165637293}, "datetime": {"datetime": "2021-09-28 14:47:15", "elapsed": 339.769593, "delta": 1.994023}}
{"target": -35.59792125811414, "params": {"C": 2848.439377033288, "gamma": 0.01802730215303462}, "datetime": {"datetime": "2021-09-28 14:47:18", "elapsed": 342.683113, "delta": 2.91352}}
{"target": -37.157197567901434, "params": {"C": 2559.7405799245657, "gamma": 0.0076759466005651795}, "datetime": {"datetime": "2021-09-28 14:47:20", "elapsed": 344.799182, "delta": 2.116069}}
{"target": -34.95754788743232, "params": {"C": 2822.7842160347745, "gamma": 0.0641346544346102}, "datetime": {"datetime": "2021-09-28 14:47:22", "elapsed": 346.970071, "delta": 2.170889}}
{"target": -35.03881231962615, "params": {"C": 2816.7993597622963, "gamma": 0.07026489937982455}, "datetime": {"datetime": "2021-09-28 14:47:25", "elapsed": 349.280803, "delta": 2.310732}}
{"target": -34.96956333093663, "params": {"C": 2559.674283758307, "gamma": 0.0636434508893711}, "datetime": {"datetime": "2021-09-28 14:47:27", "elapsed": 351.28696, "delta": 2.006157}}
{"target": -35.268605198142566, "params": {"C": 2848.5499784043195, "gamma": 0.08658707435192861}, "datetime": {"datetime": "2021-09-28 14:47:29", "elapsed": 353.576381, "delta": 2.289421}}
{"target": -34.95431401948101, "params": {"C": 2879.166939937604, "gamma": 0.06411394981160928}, "datetime": {"datetime": "2021-09-28 14:47:31", "elapsed": 355.688661, "delta": 2.11228}}
{"target": -34.96908970421481, "params": {"C": 2823.1471552665107, "gamma": 0.026007919841462595}, "datetime": {"datetime": "2021-09-28 14:47:33", "elapsed": 357.470702, "delta": 1.782041}}
{"target": -37.695304605342415, "params": {"C": 2559.6364298766157, "gamma": 0.005178762931013587}, "datetime": {"datetime": "2021-09-28 14:47:35", "elapsed": 359.447799, "delta": 1.977097}}
{"target": -35.72069812887327, "params": {"C": 2045.3893964480337, "gamma": 0.1117035969831619}, "datetime": {"datetime": "2021-09-28 14:47:37", "elapsed": 361.733392, "delta": 2.285593}}
{"target": -34.91444130174848, "params": {"C": 2242.829919056336, "gamma": 0.0548423911922957}, "datetime": {"datetime": "2021-09-28 14:47:38", "elapsed": 363.041502, "delta": 1.30811}}
{"target": -34.751681142184445, "params": {"C": 2879.209717791293, "gamma": 0.040548264517706045}, "datetime": {"datetime": "2021-09-28 14:47:40", "elapsed": 365.018205, "delta": 1.976703}}
{"target": -34.821335719978684, "params": {"C": 2879.247388771371, "gamma": 0.030786548167495716}, "datetime": {"datetime": "2021-09-28 14:47:43", "elapsed": 367.189037, "delta": 2.170832}}
{"target": -35.41771845483265, "params": {"C": 2879.207665033187, "gamma": 0.09686129766984548}, "datetime": {"datetime": "2021-09-28 14:47:44", "elapsed": 368.796035, "delta": 1.606998}}
{"target": -34.77027479934204, "params": {"C": 2816.7610385521666, "gamma": 0.04345673768737882}, "datetime": {"datetime": "2021-09-28 14:47:46", "elapsed": 370.600213, "delta": 1.804178}}
{"target": -36.515806793293656, "params": {"C": 2045.4005293962277, "gamma": 0.0134302853361289}, "datetime": {"datetime": "2021-09-28 14:47:47", "elapsed": 372.165499, "delta": 1.565286}}
{"target": -34.7658541971548, "params": {"C": 2879.2844802535446, "gamma": 0.0370395771658686}, "datetime": {"datetime": "2021-09-28 14:47:50", "elapsed": 374.536903, "delta": 2.371404}}
{"target": -36.10384970995932, "params": {"C": 2348.833113737145, "gamma": 0.015066951145309482}, "datetime": {"datetime": "2021-09-28 14:47:52", "elapsed": 376.94419, "delta": 2.407287}}
{"target": -35.124105365386, "params": {"C": 2693.2512507769434, "gamma": 0.0756462008680783}, "datetime": {"datetime": "2021-09-28 14:47:54", "elapsed": 378.99, "delta": 2.04581}}
{"target": -36.422213965230654, "params": {"C": 2415.4977293522484, "gamma": 0.16240165424391206}, "datetime": {"datetime": "2021-09-28 14:47:56", "elapsed": 380.437379, "delta": 1.447379}}
{"target": -35.1613970166424, "params": {"C": 2816.749747677847, "gamma": 0.07890278037937029}, "datetime": {"datetime": "2021-09-28 14:47:58", "elapsed": 382.265127, "delta": 1.827748}}
{"target": -35.354180790553166, "params": {"C": 2848.529798091985, "gamma": 0.02077841765787637}, "datetime": {"datetime": "2021-09-28 14:48:00", "elapsed": 384.654969, "delta": 2.389842}}
{"target": -34.89570142947251, "params": {"C": 2568.450337919389, "gamma": 0.0575875229920604}, "datetime": {"datetime": "2021-09-28 14:48:03", "elapsed": 387.541567, "delta": 2.886598}}
{"target": -35.003118005018905, "params": {"C": 2723.5130374442056, "gamma": 0.0671781073988854}, "datetime": {"datetime": "2021-09-28 14:48:04", "elapsed": 388.968565, "delta": 1.426998}}
{"target": -35.017774710573306, "params": {"C": 2242.851751143412, "gamma": 0.03016928393305056}, "datetime": {"datetime": "2021-09-28 14:48:06", "elapsed": 391.066497, "delta": 2.097932}}
{"target": -35.39459465351198, "params": {"C": 2723.489792084145, "gamma": 0.09510974679957032}, "datetime": {"datetime": "2021-09-28 14:48:08", "elapsed": 392.825558, "delta": 1.759061}}
{"target": -35.43474708754443, "params": {"C": 2817.0162751692856, "gamma": 0.09788389005603107}, "datetime": {"datetime": "2021-09-28 14:48:11", "elapsed": 395.226336, "delta": 2.400778}}
{"target": -34.810479417620925, "params": {"C": 2822.7314675702555, "gamma": 0.05040760405207692}, "datetime": {"datetime": "2021-09-28 14:48:13", "elapsed": 397.413427, "delta": 2.187091}}
{"target": -35.04363179784152, "params": {"C": 2822.7406541472665, "gamma": 0.024902742834492588}, "datetime": {"datetime": "2021-09-28 14:48:15", "elapsed": 399.653726, "delta": 2.240299}}
{"target": -36.25895251309606, "params": {"C": 2568.4909023317214, "gamma": 0.01298843884410588}, "datetime": {"datetime": "2021-09-28 14:48:18", "elapsed": 402.677003, "delta": 3.023277}}
{"target": -36.640679923885365, "params": {"C": 2869.4448814137527, "gamma": 0.18078365803172053}, "datetime": {"datetime": "2021-09-28 14:48:19", "elapsed": 404.070849, "delta": 1.393846}}
{"target": -35.491897369056524, "params": {"C": 2568.4476008484435, "gamma": 0.10133236557346992}, "datetime": {"datetime": "2021-09-28 14:48:21", "elapsed": 406.05982, "delta": 1.988971}}
{"target": -34.789760353348285, "params": {"C": 2879.3142501160282, "gamma": 0.03382489102275789}, "datetime": {"datetime": "2021-09-28 14:48:24", "elapsed": 408.638543, "delta": 2.578723}}
{"target": -34.98227200949051, "params": {"C": 2879.3278741895974, "gamma": 0.0663382074639195}, "datetime": {"datetime": "2021-09-28 14:48:26", "elapsed": 410.606834, "delta": 1.968291}}
{"target": -35.31909348173518, "params": {"C": 2242.8687077133904, "gamma": 0.08699417494863204}, "datetime": {"datetime": "2021-09-28 14:48:29", "elapsed": 413.392967, "delta": 2.786133}}
{"target": -36.19881819752671, "params": {"C": 2977.7098300402195, "gamma": 0.1463778878185413}, "datetime": {"datetime": "2021-09-28 14:48:30", "elapsed": 414.923564, "delta": 1.530597}}
{"target": -34.90559771875958, "params": {"C": 2879.2737709113517, "gamma": 0.06013475671953376}, "datetime": {"datetime": "2021-09-28 14:48:32", "elapsed": 416.605869, "delta": 1.682305}}
{"target": -36.670312942474716, "params": {"C": 2468.4484613375803, "gamma": 0.18387804372075156}, "datetime": {"datetime": "2021-09-28 14:48:34", "elapsed": 418.195831, "delta": 1.589962}}
{"target": -37.43862055063583, "params": {"C": 2816.752741852909, "gamma": 0.005810554949040988}, "datetime": {"datetime": "2021-09-28 14:48:35", "elapsed": 420.154556, "delta": 1.958725}}
{"target": -36.11322246539953, "params": {"C": 2879.3577626851566, "gamma": 0.013100595391452498}, "datetime": {"datetime": "2021-09-28 14:48:38", "elapsed": 423.071777, "delta": 2.917221}}
{"target": -35.03355780078562, "params": {"C": 2459.6090074611184, "gamma": 0.06766057262466438}, "datetime": {"datetime": "2021-09-28 14:48:40", "elapsed": 424.587619, "delta": 1.515842}}
{"target": -36.60319909922356, "params": {"C": 2379.6793352794684, "gamma": 0.011387858580927848}, "datetime": {"datetime": "2021-09-28 14:48:41", "elapsed": 426.174424, "delta": 1.586805}}
{"target": -34.83102599347144, "params": {"C": 2459.586224212096, "gamma": 0.03742497796136425}, "datetime": {"datetime": "2021-09-28 14:48:44", "elapsed": 428.443021, "delta": 2.268597}}
{"target": -35.113395557819906, "params": {"C": 2822.6763914456556, "gamma": 0.07556028535819137}, "datetime": {"datetime": "2021-09-28 14:48:46", "elapsed": 431.150098, "delta": 2.707077}}
{"target": -34.777035626504784, "params": {"C": 2822.663268364682, "gamma": 0.03661437504965594}, "datetime": {"datetime": "2021-09-28 14:48:50", "elapsed": 434.23817, "delta": 3.088072}}
{"target": -35.6520931824669, "params": {"C": 2879.3098635214033, "gamma": 0.11171242624170019}, "datetime": {"datetime": "2021-09-28 14:48:53", "elapsed": 437.665657, "delta": 3.427487}}
{"target": -35.24587021839383, "params": {"C": 2816.9705358335264, "gamma": 0.08484623966367688}, "datetime": {"datetime": "2021-09-28 14:48:55", "elapsed": 439.926944, "delta": 2.261287}}
{"target": -34.817240805906174, "params": {"C": 2723.538320600412, "gamma": 0.033446821057386854}, "datetime": {"datetime": "2021-09-28 14:48:57", "elapsed": 441.73269, "delta": 1.805746}}
{"target": -35.083908115318366, "params": {"C": 2345.9935661302566, "gamma": 0.07052431492405241}, "datetime": {"datetime": "2021-09-28 14:48:59", "elapsed": 443.582013, "delta": 1.849323}}
{"target": -35.08411089868311, "params": {"C": 2582.670147557717, "gamma": 0.07215291256343302}, "datetime": {"datetime": "2021-09-28 14:49:00", "elapsed": 445.113103, "delta": 1.53109}}
{"target": -35.75799055598506, "params": {"C": 2346.008772181738, "gamma": 0.11604230646633798}, "datetime": {"datetime": "2021-09-28 14:49:02", "elapsed": 447.103066, "delta": 1.989963}}
{"target": -34.78660391905406, "params": {"C": 2822.701307531048, "gamma": 0.04671636876493496}, "datetime": {"datetime": "2021-09-28 14:49:05", "elapsed": 450.108694, "delta": 3.005628}}
{"target": -35.01942239595694, "params": {"C": 2459.5671981517235, "gamma": 0.06661836193458887}, "datetime": {"datetime": "2021-09-28 14:49:09", "elapsed": 453.196851, "delta": 3.088157}}
{"target": -34.934324963999295, "params": {"C": 2508.5068130163054, "gamma": 0.06059959454120515}, "datetime": {"datetime": "2021-09-28 14:49:12", "elapsed": 457.048472, "delta": 3.851621}}
{"target": -36.599845548747325, "params": {"C": 2543.260222637215, "gamma": 0.17746236794870918}, "datetime": {"datetime": "2021-09-28 14:49:14", "elapsed": 458.722643, "delta": 1.674171}}
{"target": -35.16257380709222, "params": {"C": 2723.5932393968396, "gamma": 0.023821435492990536}, "datetime": {"datetime": "2021-09-28 14:49:16", "elapsed": 461.146608, "delta": 2.423965}}
{"target": -35.23626842825287, "params": {"C": 2723.560456761812, "gamma": 0.0837401545449604}, "datetime": {"datetime": "2021-09-28 14:49:19", "elapsed": 463.34429, "delta": 2.197682}}
{"target": -35.72712014736559, "params": {"C": 2582.688631829002, "gamma": 0.11539632194027276}, "datetime": {"datetime": "2021-09-28 14:49:21", "elapsed": 465.438473, "delta": 2.094183}}
{"target": -36.428773327386814, "params": {"C": 2600.763627228167, "gamma": 0.16325157328641646}, "datetime": {"datetime": "2021-09-28 14:49:23", "elapsed": 467.219648, "delta": 1.781175}}
{"target": -34.9784748196229, "params": {"C": 2605.0839179503296, "gamma": 0.06462079904487501}, "datetime": {"datetime": "2021-09-28 14:49:25", "elapsed": 469.981385, "delta": 2.761737}}
{"target": -35.37364815667531, "params": {"C": 2822.9049024006904, "gamma": 0.0939874814981502}, "datetime": {"datetime": "2021-09-28 14:49:27", "elapsed": 471.657617, "delta": 1.676232}}
{"target": -35.283329402318145, "params": {"C": 2822.739535906961, "gamma": 0.0875215204246321}, "datetime": {"datetime": "2021-09-28 14:49:30", "elapsed": 474.635012, "delta": 2.977395}}
