{"target": 0.10955180782985496, "params": {"C": 4811.547031202567, "gamma": 0.06289088191670705}, "datetime": {"datetime": "2021-10-04 10:43:21", "elapsed": 247.976182, "delta": 1.582109}}
{"target": -0.009236667093971862, "params": {"C": 4675.37017849568, "gamma": 0.17773060339722277}, "datetime": {"datetime": "2021-10-04 10:43:22", "elapsed": 249.168177, "delta": 1.191995}}
{"target": 0.019106367395041346, "params": {"C": 2823.6786253524688, "gamma": 0.07537170160806285}, "datetime": {"datetime": "2021-10-04 10:43:23", "elapsed": 250.479213, "delta": 1.311036}}
{"target": -0.10296066585539831, "params": {"C": 1507.2773124087453, "gamma": 0.016056859800878537}, "datetime": {"datetime": "2021-10-04 10:43:24", "elapsed": 251.817325, "delta": 1.338112}}
{"target": 0.03338505742391851, "params": {"C": 4999.660655080501, "gamma": 0.012974374579238534}, "datetime": {"datetime": "2021-10-04 10:43:26", "elapsed": 253.638934, "delta": 1.821609}}
{"target": 0.07832728048593085, "params": {"C": 3894.630775700386, "gamma": 0.06581988020845425}, "datetime": {"datetime": "2021-10-04 10:43:28", "elapsed": 255.43765, "delta": 1.798716}}
{"target": 0.07418662274043075, "params": {"C": 4513.387216562656, "gamma": 0.10219408688902527}, "datetime": {"datetime": "2021-10-04 10:43:31", "elapsed": 258.121465, "delta": 2.683815}}
{"target": 0.09743314628485633, "params": {"C": 4707.273634558929, "gamma": 0.08228776931299181}, "datetime": {"datetime": "2021-10-04 10:43:33", "elapsed": 260.094591, "delta": 1.973126}}
{"target": 0.10799951214265247, "params": {"C": 4731.099861585262, "gamma": 0.05238140738795008}, "datetime": {"datetime": "2021-10-04 10:43:35", "elapsed": 262.177602, "delta": 2.083011}}
{"target": 0.015649144042524932, "params": {"C": 4707.31388793732, "gamma": 0.1594997998377829}, "datetime": {"datetime": "2021-10-04 10:43:37", "elapsed": 264.069394, "delta": 1.891792}}
{"target": 0.017680371648828186, "params": {"C": 2661.407689380384, "gamma": 0.029148372226241358}, "datetime": {"datetime": "2021-10-04 10:43:38", "elapsed": 265.533678, "delta": 1.464284}}
{"target": -0.16007444734700949, "params": {"C": 4999.46916442643, "gamma": 0.002288343319806564}, "datetime": {"datetime": "2021-10-04 10:43:41", "elapsed": 267.927598, "delta": 2.39392}}
{"target": -0.028800238865838823, "params": {"C": 4624.046499773695, "gamma": 0.1909384224371617}, "datetime": {"datetime": "2021-10-04 10:43:43", "elapsed": 270.634456, "delta": 2.706858}}
{"target": 0.009403823870323236, "params": {"C": 4707.354295937601, "gamma": 0.010768775734152181}, "datetime": {"datetime": "2021-10-04 10:43:45", "elapsed": 272.380724, "delta": 1.746268}}
{"target": 0.018091513203478127, "params": {"C": 4624.422574285774, "gamma": 0.012020209325379567}, "datetime": {"datetime": "2021-10-04 10:43:47", "elapsed": 274.458576, "delta": 2.077852}}
{"target": 0.09513868097161637, "params": {"C": 4596.14272163342, "gamma": 0.03555866731010928}, "datetime": {"datetime": "2021-10-04 10:43:49", "elapsed": 276.181689, "delta": 1.723113}}
{"target": -0.045499661780103784, "params": {"C": 2596.9580350304377, "gamma": 0.11361207052120113}, "datetime": {"datetime": "2021-10-04 10:43:50", "elapsed": 277.520309, "delta": 1.33862}}
{"target": 0.010216101672608224, "params": {"C": 4452.5192265836895, "gamma": 0.15479211226630699}, "datetime": {"datetime": "2021-10-04 10:43:52", "elapsed": 278.938294, "delta": 1.417985}}
{"target": 0.10150704619423279, "params": {"C": 4498.632002661299, "gamma": 0.0532904777179063}, "datetime": {"datetime": "2021-10-04 10:43:54", "elapsed": 281.68982, "delta": 2.751526}}
{"target": -0.009633302039672387, "params": {"C": 4888.874659077921, "gamma": 0.1855128125846735}, "datetime": {"datetime": "2021-10-04 10:43:56", "elapsed": 283.264711, "delta": 1.574891}}
{"target": -0.0037615592267072895, "params": {"C": 4516.624193443964, "gamma": 0.00985330669673086}, "datetime": {"datetime": "2021-10-04 10:43:58", "elapsed": 285.408292, "delta": 2.143581}}
{"target": -0.23116817340975548, "params": {"C": 1381.4285333040516, "gamma": 0.13842422248941136}, "datetime": {"datetime": "2021-10-04 10:43:59", "elapsed": 286.675387, "delta": 1.267095}}
{"target": 0.062746987294659, "params": {"C": 3670.1584408491094, "gamma": 0.0314169878221641}, "datetime": {"datetime": "2021-10-04 10:44:01", "elapsed": 288.082403, "delta": 1.407016}}
{"target": 0.03475117102700154, "params": {"C": 2797.3367071573794, "gamma": 0.04590839803816105}, "datetime": {"datetime": "2021-10-04 10:44:02", "elapsed": 289.627998, "delta": 1.545595}}
{"target": 0.0074596507635980025, "params": {"C": 4498.57971520579, "gamma": 0.011092616128601256}, "datetime": {"datetime": "2021-10-04 10:44:05", "elapsed": 292.417839, "delta": 2.789841}}
{"target": 0.019215768596353655, "params": {"C": 4594.961380424094, "gamma": 0.012251804955930423}, "datetime": {"datetime": "2021-10-04 10:44:08", "elapsed": 295.194074, "delta": 2.776235}}
{"target": -0.1954807347742793, "params": {"C": 2157.988414881408, "gamma": 0.18173009312511282}, "datetime": {"datetime": "2021-10-04 10:44:09", "elapsed": 296.489592, "delta": 1.295518}}
{"target": 0.0014377086909709291, "params": {"C": 4498.6057162840925, "gamma": 0.1632131729675063}, "datetime": {"datetime": "2021-10-04 10:44:11", "elapsed": 298.157906, "delta": 1.668314}}
{"target": -0.0733083985529479, "params": {"C": 2525.274665567653, "gamma": 0.12801185055759573}, "datetime": {"datetime": "2021-10-04 10:44:12", "elapsed": 299.441323, "delta": 1.283417}}
{"target": 0.049882392105870976, "params": {"C": 4811.410993116678, "gamma": 0.01634580636421784}, "datetime": {"datetime": "2021-10-04 10:44:15", "elapsed": 301.890432, "delta": 2.449109}}
{"target": 0.10220250472903858, "params": {"C": 4596.239907576663, "gamma": 0.06635918641909987}, "datetime": {"datetime": "2021-10-04 10:44:17", "elapsed": 304.086877, "delta": 2.196445}}
{"target": 0.05177336240022312, "params": {"C": 4596.256695501712, "gamma": 0.12617270207297962}, "datetime": {"datetime": "2021-10-04 10:44:19", "elapsed": 306.020279, "delta": 1.933402}}
{"target": -0.07199460266009283, "params": {"C": 2816.303832427972, "gamma": 0.1429477768148789}, "datetime": {"datetime": "2021-10-04 10:44:20", "elapsed": 307.302603, "delta": 1.282324}}
{"target": 0.036000838562999626, "params": {"C": 3400.5291402531743, "gamma": 0.09099860584997116}, "datetime": {"datetime": "2021-10-04 10:44:22", "elapsed": 309.235712, "delta": 1.933109}}
{"target": -0.05694256341264059, "params": {"C": 3640.2282917367816, "gamma": 0.17215257426595695}, "datetime": {"datetime": "2021-10-04 10:44:23", "elapsed": 310.597268, "delta": 1.361556}}
{"target": -0.06703221662302705, "params": {"C": 2950.7275720233793, "gamma": 0.14657627125745096}, "datetime": {"datetime": "2021-10-04 10:44:25", "elapsed": 312.085021, "delta": 1.487753}}
{"target": -0.07107474765337995, "params": {"C": 4595.2017688622855, "gamma": 0.005134550269823481}, "datetime": {"datetime": "2021-10-04 10:44:27", "elapsed": 314.053687, "delta": 1.968666}}
{"target": -0.12369883526044534, "params": {"C": 2751.083561089854, "gamma": 0.17332484958839692}, "datetime": {"datetime": "2021-10-04 10:44:28", "elapsed": 315.454635, "delta": 1.400948}}
{"target": -0.15133863617246313, "params": {"C": 1828.95258399724, "gamma": 0.1309628161705771}, "datetime": {"datetime": "2021-10-04 10:44:30", "elapsed": 317.007062, "delta": 1.552427}}
{"target": 0.07758646895402022, "params": {"C": 4811.657154572875, "gamma": 0.023478284585035807}, "datetime": {"datetime": "2021-10-04 10:44:32", "elapsed": 319.63543, "delta": 2.628368}}
{"target": 0.06709091402042999, "params": {"C": 3633.358321494241, "gamma": 0.03641008410057327}, "datetime": {"datetime": "2021-10-04 10:44:34", "elapsed": 321.684205, "delta": 2.048775}}
{"target": 0.067696726343901, "params": {"C": 4596.109884659299, "gamma": 0.11175343810771608}, "datetime": {"datetime": "2021-10-04 10:44:37", "elapsed": 324.154378, "delta": 2.470173}}
{"target": 0.021222879326947774, "params": {"C": 3683.7967116394884, "gamma": 0.016486020518471235}, "datetime": {"datetime": "2021-10-04 10:44:38", "elapsed": 325.680955, "delta": 1.526577}}
{"target": -0.021630744385694678, "params": {"C": 4556.344505010359, "gamma": 0.18295115994991543}, "datetime": {"datetime": "2021-10-04 10:44:41", "elapsed": 328.7066, "delta": 3.025645}}
{"target": -0.12893251752792545, "params": {"C": 2592.358172659762, "gamma": 0.16751597575439323}, "datetime": {"datetime": "2021-10-04 10:44:43", "elapsed": 330.228965, "delta": 1.522365}}
{"target": -0.02976192088796048, "params": {"C": 3633.30396922435, "gamma": 0.15250215558865118}, "datetime": {"datetime": "2021-10-04 10:44:46", "elapsed": 332.930892, "delta": 2.701927}}
{"target": 0.0674052362034151, "params": {"C": 3584.4065710507543, "gamma": 0.062473917020379015}, "datetime": {"datetime": "2021-10-04 10:44:48", "elapsed": 335.435233, "delta": 2.504341}}
{"target": 0.08631978155837661, "params": {"C": 4489.9355051729835, "gamma": 0.08743874198908894}, "datetime": {"datetime": "2021-10-04 10:44:51", "elapsed": 338.716183, "delta": 3.28095}}
{"target": 0.03756245996150476, "params": {"C": 3730.094580975087, "gamma": 0.10479868289003817}, "datetime": {"datetime": "2021-10-04 10:44:53", "elapsed": 340.639574, "delta": 1.923391}}
{"target": 0.09622657134238854, "params": {"C": 4516.391700665921, "gamma": 0.03879226494871489}, "datetime": {"datetime": "2021-10-04 10:44:58", "elapsed": 345.013437, "delta": 4.373863}}
{"target": 0.11278491850803174, "params": {"C": 4934.651219210326, "gamma": 0.06374278967733119}, "datetime": {"datetime": "2021-10-04 10:44:59", "elapsed": 346.620172, "delta": 1.606735}}
{"target": -0.2705497436110358, "params": {"C": 1370.2799800853059, "gamma": 0.004658087976348294}, "datetime": {"datetime": "2021-10-04 10:45:01", "elapsed": 348.286939, "delta": 1.666767}}
{"target": 0.03221481571742668, "params": {"C": 3670.030860134917, "gamma": 0.019036816003553614}, "datetime": {"datetime": "2021-10-04 10:45:03", "elapsed": 350.355698, "delta": 2.068759}}
{"target": 0.04349531320910516, "params": {"C": 4556.200149991906, "gamma": 0.016227897562248482}, "datetime": {"datetime": "2021-10-04 10:45:05", "elapsed": 352.639153, "delta": 2.283455}}
{"target": 0.06915190498998991, "params": {"C": 4595.1980692815105, "gamma": 0.11032274131772102}, "datetime": {"datetime": "2021-10-04 10:45:08", "elapsed": 355.132327, "delta": 2.493174}}
{"target": 0.07706185408887778, "params": {"C": 4759.9732257089545, "gamma": 0.023704943730695274}, "datetime": {"datetime": "2021-10-04 10:45:10", "elapsed": 357.644707, "delta": 2.51238}}
{"target": -0.08472059593283188, "params": {"C": 4934.516575993552, "gamma": 0.004232102923238059}, "datetime": {"datetime": "2021-10-04 10:45:13", "elapsed": 359.891054, "delta": 2.246347}}
{"target": 0.11364578815784787, "params": {"C": 4934.733248255664, "gamma": 0.05524841582990327}, "datetime": {"datetime": "2021-10-04 10:45:15", "elapsed": 362.806106, "delta": 2.915052}}
{"target": 0.0404149409160276, "params": {"C": 4516.29925816594, "gamma": 0.01582454303613729}, "datetime": {"datetime": "2021-10-04 10:45:18", "elapsed": 365.468696, "delta": 2.66259}}
{"target": 0.004661182669466912, "params": {"C": 4934.604659930817, "gamma": 0.17585599924793702}, "datetime": {"datetime": "2021-10-04 10:45:21", "elapsed": 368.147411, "delta": 2.678715}}
{"target": 0.023457831140334062, "params": {"C": 4452.5206549928025, "gamma": 0.1444319583594403}, "datetime": {"datetime": "2021-10-04 10:45:23", "elapsed": 369.890458, "delta": 1.743047}}
{"target": 0.000326408189171401, "params": {"C": 4934.823944349409, "gamma": 0.17927346196906904}, "datetime": {"datetime": "2021-10-04 10:45:25", "elapsed": 372.293809, "delta": 2.403351}}
{"target": -0.054392832311950245, "params": {"C": 4624.045328339855, "gamma": 0.0059275251197252205}, "datetime": {"datetime": "2021-10-04 10:45:27", "elapsed": 374.480692, "delta": 2.186883}}
{"target": 0.06561192147247352, "params": {"C": 4498.703713902805, "gamma": 0.021950587717521744}, "datetime": {"datetime": "2021-10-04 10:45:29", "elapsed": 376.794467, "delta": 2.313775}}
{"target": -0.08584612285949711, "params": {"C": 3584.3784608049996, "gamma": 0.19021740436403708}, "datetime": {"datetime": "2021-10-04 10:45:31", "elapsed": 378.721894, "delta": 1.927427}}
{"target": -0.0820249594086373, "params": {"C": 4596.031803140842, "gamma": 0.004663477536816122}, "datetime": {"datetime": "2021-10-04 10:45:33", "elapsed": 380.617593, "delta": 1.895699}}
{"target": 0.10265558275471365, "params": {"C": 4596.394859869999, "gamma": 0.06502678201193286}, "datetime": {"datetime": "2021-10-04 10:45:36", "elapsed": 382.97619, "delta": 2.358597}}
{"target": 0.1077611683968801, "params": {"C": 4730.997114720129, "gamma": 0.05081191734790523}, "datetime": {"datetime": "2021-10-04 10:45:38", "elapsed": 385.417137, "delta": 2.440947}}
{"target": 0.08222216171327068, "params": {"C": 4730.926852818246, "gamma": 0.10213162078880611}, "datetime": {"datetime": "2021-10-04 10:45:41", "elapsed": 387.941644, "delta": 2.524507}}
{"target": 0.10358813957963142, "params": {"C": 4595.3988512064025, "gamma": 0.06146772778958069}, "datetime": {"datetime": "2021-10-04 10:45:43", "elapsed": 389.863802, "delta": 1.922158}}
{"target": -0.06855752468023146, "params": {"C": 4513.385410684636, "gamma": 0.005349872236260776}, "datetime": {"datetime": "2021-10-04 10:45:44", "elapsed": 391.76487, "delta": 1.901068}}
{"target": 0.07135004178212456, "params": {"C": 4730.818184379422, "gamma": 0.11313928377247522}, "datetime": {"datetime": "2021-10-04 10:45:47", "elapsed": 394.039765, "delta": 2.274895}}
{"target": -0.057213411003008696, "params": {"C": 1640.6301699832477, "gamma": 0.05373885383644484}, "datetime": {"datetime": "2021-10-04 10:45:48", "elapsed": 395.474805, "delta": 1.43504}}
{"target": 0.10116457712720406, "params": {"C": 4517.756795657422, "gamma": 0.06178806044460968}, "datetime": {"datetime": "2021-10-04 10:45:50", "elapsed": 397.449257, "delta": 1.974452}}
{"target": 0.08633173770412828, "params": {"C": 4595.487448945551, "gamma": 0.09205143155908105}, "datetime": {"datetime": "2021-10-04 10:45:53", "elapsed": 399.886558, "delta": 2.437301}}
{"target": 0.0514756594032183, "params": {"C": 4730.885743630404, "gamma": 0.017018481867286994}, "datetime": {"datetime": "2021-10-04 10:45:55", "elapsed": 402.008302, "delta": 2.121744}}
{"target": 0.0576762836674245, "params": {"C": 4669.878625497671, "gamma": 0.12358668639432166}, "datetime": {"datetime": "2021-10-04 10:45:57", "elapsed": 404.181434, "delta": 2.173132}}
{"target": 0.10076517452627387, "params": {"C": 4595.124574915672, "gamma": 0.06989184299583034}, "datetime": {"datetime": "2021-10-04 10:45:59", "elapsed": 406.280308, "delta": 2.098874}}
{"target": 0.01736354346391933, "params": {"C": 4596.460725003457, "gamma": 0.15431463404628268}, "datetime": {"datetime": "2021-10-04 10:46:01", "elapsed": 408.722727, "delta": 2.442419}}
{"target": 0.08370669344356152, "params": {"C": 4934.675977321762, "gamma": 0.10808126280984706}, "datetime": {"datetime": "2021-10-04 10:46:04", "elapsed": 410.856199, "delta": 2.133472}}
{"target": 0.05871557065217747, "params": {"C": 3376.883211061012, "gamma": 0.06163224878440214}, "datetime": {"datetime": "2021-10-04 10:46:05", "elapsed": 412.578077, "delta": 1.721878}}
{"target": -0.032879732137482964, "params": {"C": 3400.3260915291135, "gamma": 0.14453209234654382}, "datetime": {"datetime": "2021-10-04 10:46:09", "elapsed": 416.344577, "delta": 3.7665}}
{"target": 0.056672341738487786, "params": {"C": 4120.290167387079, "gamma": 0.10380193828911308}, "datetime": {"datetime": "2021-10-04 10:46:11", "elapsed": 417.9086, "delta": 1.564023}}
{"target": -0.030134073687119622, "params": {"C": 3350.844104321242, "gamma": 0.1403704469573127}, "datetime": {"datetime": "2021-10-04 10:46:13", "elapsed": 420.286474, "delta": 2.377874}}
{"target": 0.06807526159203525, "params": {"C": 4669.78587464152, "gamma": 0.1140731247243562}, "datetime": {"datetime": "2021-10-04 10:46:16", "elapsed": 423.560425, "delta": 3.273951}}
{"target": 0.08916821718899137, "params": {"C": 4518.650578130091, "gamma": 0.032436802327439375}, "datetime": {"datetime": "2021-10-04 10:46:18", "elapsed": 425.115293, "delta": 1.554868}}
{"target": -0.001280186529904137, "params": {"C": 4595.492373981424, "gamma": 0.16876354221957607}, "datetime": {"datetime": "2021-10-04 10:46:20", "elapsed": 427.349511, "delta": 2.234218}}
{"target": 0.030256795542412895, "params": {"C": 4513.302977814021, "gamma": 0.1411601319444127}, "datetime": {"datetime": "2021-10-04 10:46:22", "elapsed": 429.527449, "delta": 2.177938}}
{"target": 0.07937697677313793, "params": {"C": 4308.995066788368, "gamma": 0.08783473767029763}, "datetime": {"datetime": "2021-10-04 10:46:24", "elapsed": 431.649215, "delta": 2.121766}}
{"target": -0.15560329581250976, "params": {"C": 1211.9648087310186, "gamma": 0.08082053579934674}, "datetime": {"datetime": "2021-10-04 10:46:26", "elapsed": 433.340028, "delta": 1.690813}}
{"target": 0.06080636975805764, "params": {"C": 4811.392659807667, "gamma": 0.12568854128894202}, "datetime": {"datetime": "2021-10-04 10:46:28", "elapsed": 435.619701, "delta": 2.279673}}
{"target": -0.02350041491370103, "params": {"C": 3894.638911703445, "gamma": 0.15885040752610466}, "datetime": {"datetime": "2021-10-04 10:46:31", "elapsed": 438.761101, "delta": 3.1414}}
{"target": -0.09575362439138191, "params": {"C": 1913.1050974462546, "gamma": 0.10399044172817007}, "datetime": {"datetime": "2021-10-04 10:46:33", "elapsed": 440.420656, "delta": 1.659555}}
{"target": -0.0358284342898223, "params": {"C": 4452.55233651299, "gamma": 0.007325424450272839}, "datetime": {"datetime": "2021-10-04 10:46:35", "elapsed": 442.601528, "delta": 2.180872}}
{"target": 0.101342070293166, "params": {"C": 4498.766632840632, "gamma": 0.05125958917839545}, "datetime": {"datetime": "2021-10-04 10:46:37", "elapsed": 444.166479, "delta": 1.564951}}
{"target": -0.0392415188886579, "params": {"C": 4309.01340479654, "gamma": 0.007343639994464847}, "datetime": {"datetime": "2021-10-04 10:46:40", "elapsed": 447.425054, "delta": 3.258575}}
{"target": 0.2515113755842887, "params": {"C": 23765.99021161583, "gamma": 0.1446242497015473}, "datetime": {"datetime": "2021-10-04 10:46:43", "elapsed": 0.0, "delta": 0.0}}
{"target": 0.11505789029859448, "params": {"C": 5005.14686678052, "gamma": 0.06186184938110428}, "datetime": {"datetime": "2021-10-04 10:46:43", "elapsed": 0.159459, "delta": 0.159459}}
{"target": 0.14855624352614683, "params": {"C": 11604.015086770087, "gamma": 0.020283041764221965}, "datetime": {"datetime": "2021-10-04 10:46:44", "elapsed": 0.322243, "delta": 0.162784}}
{"target": 0.22142379314012883, "params": {"C": 13381.70951199519, "gamma": 0.07042102395452346}, "datetime": {"datetime": "2021-10-04 10:46:44", "elapsed": 0.525908, "delta": 0.203665}}
{"target": 0.25866499670497867, "params": {"C": 22854.536340380146, "gamma": 0.10868571333266468}, "datetime": {"datetime": "2021-10-04 10:46:44", "elapsed": 0.701906, "delta": 0.175998}}
{"target": 0.22429094947540273, "params": {"C": 17753.659604643683, "gamma": 0.041132285630335066}, "datetime": {"datetime": "2021-10-04 10:46:44", "elapsed": 0.943123, "delta": 0.241217}}
{"target": 0.26618597920360665, "params": {"C": 29391.109702697984, "gamma": 0.1350435775183713}, "datetime": {"datetime": "2021-10-04 10:46:44", "elapsed": 1.239374, "delta": 0.296251}}
{"target": 0.2711938000856494, "params": {"C": 33188.75624117072, "gamma": 0.13421791736434052}, "datetime": {"datetime": "2021-10-04 10:46:45", "elapsed": 1.502373, "delta": 0.262999}}
{"target": 0.2733258341880549, "params": {"C": 38017.84961550365, "gamma": 0.06770862626440093}, "datetime": {"datetime": "2021-10-04 10:46:45", "elapsed": 1.852376, "delta": 0.350003}}
{"target": 0.2738676101866737, "params": {"C": 43090.99271847069, "gamma": 0.15184060821016457}, "datetime": {"datetime": "2021-10-04 10:46:45", "elapsed": 2.154453, "delta": 0.302077}}
{"target": 0.2768109269360277, "params": {"C": 48571.86213638126, "gamma": 0.14480451722496626}, "datetime": {"datetime": "2021-10-04 10:46:46", "elapsed": 2.390141, "delta": 0.235688}}
{"target": 0.27831019145935465, "params": {"C": 45916.07231126212, "gamma": 0.13394340813999453}, "datetime": {"datetime": "2021-10-04 10:46:46", "elapsed": 2.659777, "delta": 0.269636}}
{"target": 0.20187454270378113, "params": {"C": 40461.31753785991, "gamma": 0.014968943109653098}, "datetime": {"datetime": "2021-10-04 10:46:46", "elapsed": 2.938777, "delta": 0.279}}
{"target": 0.27097474052996917, "params": {"C": 35742.702359169656, "gamma": 0.145271326561662}, "datetime": {"datetime": "2021-10-04 10:46:47", "elapsed": 3.315253, "delta": 0.376476}}
{"target": 0.1528258671684265, "params": {"C": 26943.842609714182, "gamma": 0.011082707489258357}, "datetime": {"datetime": "2021-10-04 10:46:47", "elapsed": 3.611834, "delta": 0.296581}}
{"target": 0.22113033547828598, "params": {"C": 31214.791693455503, "gamma": 0.022835278819921277}, "datetime": {"datetime": "2021-10-04 10:46:47", "elapsed": 3.957838, "delta": 0.346004}}
{"target": 0.2806631128311433, "params": {"C": 44500.980149560615, "gamma": 0.09870678000809854}, "datetime": {"datetime": "2021-10-04 10:46:48", "elapsed": 4.294011, "delta": 0.336173}}
{"target": 0.2760811890964956, "params": {"C": 44502.386855279656, "gamma": 0.1441795820248547}, "datetime": {"datetime": "2021-10-04 10:46:48", "elapsed": 4.522013, "delta": 0.228002}}
{"target": 0.28051950243286816, "params": {"C": 44473.47786549284, "gamma": 0.11077750700967831}, "datetime": {"datetime": "2021-10-04 10:46:48", "elapsed": 4.831757, "delta": 0.309744}}
{"target": 0.2735373257218967, "params": {"C": 45948.32572066112, "gamma": 0.15720860461108996}, "datetime": {"datetime": "2021-10-04 10:46:48", "elapsed": 5.101526, "delta": 0.269769}}
