{"target": 0.09581722996783637, "params": {"C": 454859.1591952929, "gamma": 0.7091213752788524}, "datetime": {"datetime": "2021-10-04 11:16:34", "elapsed": 97.32558, "delta": 0.818353}}
{"target": 0.127393452578351, "params": {"C": 331767.1582731082, "gamma": 0.5853150809315022}, "datetime": {"datetime": "2021-10-04 11:16:35", "elapsed": 98.230352, "delta": 0.904772}}
{"target": 0.21246299684032466, "params": {"C": 278036.6075401888, "gamma": 0.31023486822373264}, "datetime": {"datetime": "2021-10-04 11:16:36", "elapsed": 99.041913, "delta": 0.811561}}
{"target": 0.1151169573236368, "params": {"C": 95740.79187928989, "gamma": 0.5902823114743578}, "datetime": {"datetime": "2021-10-04 11:16:37", "elapsed": 99.87971, "delta": 0.837797}}
{"target": 0.16130392176017927, "params": {"C": 119096.27469878305, "gamma": 0.47688338682243153}, "datetime": {"datetime": "2021-10-04 11:16:38", "elapsed": 100.867364, "delta": 0.987654}}
{"target": 0.0934645169138949, "params": {"C": 442287.8188603697, "gamma": 0.7211549557267645}, "datetime": {"datetime": "2021-10-04 11:16:39", "elapsed": 101.695212, "delta": 0.827848}}
{"target": 0.18504394196750085, "params": {"C": 249193.89128629433, "gamma": 0.41690681677451885}, "datetime": {"datetime": "2021-10-04 11:16:40", "elapsed": 102.649334, "delta": 0.954122}}
{"target": 0.09530661281932551, "params": {"C": 450859.286790097, "gamma": 0.7117489995791961}, "datetime": {"datetime": "2021-10-04 11:16:40", "elapsed": 103.429391, "delta": 0.780057}}
{"target": 0.19829445192589734, "params": {"C": 291051.25242296455, "gamma": 0.3699395023541206}, "datetime": {"datetime": "2021-10-04 11:16:41", "elapsed": 104.422499, "delta": 0.993108}}
{"target": 0.1101049459856801, "params": {"C": 230004.12130421802, "gamma": 0.6509875889554653}, "datetime": {"datetime": "2021-10-04 11:16:42", "elapsed": 105.348242, "delta": 0.925743}}
{"target": 0.17534846621758027, "params": {"C": 296961.63043485285, "gamma": 0.4403949065608565}, "datetime": {"datetime": "2021-10-04 11:16:43", "elapsed": 106.454429, "delta": 1.106187}}
{"target": 0.2151998900014357, "params": {"C": 133485.7024594093, "gamma": 0.3450999176412887}, "datetime": {"datetime": "2021-10-04 11:16:44", "elapsed": 107.364906, "delta": 0.910477}}
{"target": 0.11526562715938848, "params": {"C": 111742.52824340797, "gamma": 0.6035368555932352}, "datetime": {"datetime": "2021-10-04 11:16:45", "elapsed": 108.440901, "delta": 1.075995}}
{"target": 0.15571800932966995, "params": {"C": 202480.2629847733, "gamma": 0.5008564472146027}, "datetime": {"datetime": "2021-10-04 11:16:46", "elapsed": 109.354383, "delta": 0.913482}}
{"target": 0.1997027551449343, "params": {"C": 237134.61586595466, "gamma": 0.37478233606955824}, "datetime": {"datetime": "2021-10-04 11:16:47", "elapsed": 110.333391, "delta": 0.979008}}
{"target": 0.1779280065963479, "params": {"C": 487873.3502765236, "gamma": 0.4166719641384231}, "datetime": {"datetime": "2021-10-04 11:16:48", "elapsed": 111.251644, "delta": 0.918253}}
{"target": 0.13515731406586595, "params": {"C": 281164.5061288854, "gamma": 0.5611113248582553}, "datetime": {"datetime": "2021-10-04 11:16:49", "elapsed": 112.337639, "delta": 1.085995}}
{"target": 0.19862630418027982, "params": {"C": 480988.10587942693, "gamma": 0.3214945125059656}, "datetime": {"datetime": "2021-10-04 11:16:50", "elapsed": 113.34425, "delta": 1.006611}}
{"target": 0.1805026811021312, "params": {"C": 315118.1371304064, "gamma": 0.42357215805330445}, "datetime": {"datetime": "2021-10-04 11:16:51", "elapsed": 114.266035, "delta": 0.921785}}
{"target": 0.14188837887237538, "params": {"C": 214171.7147918416, "gamma": 0.5411702632365306}, "datetime": {"datetime": "2021-10-04 11:16:53", "elapsed": 115.515708, "delta": 1.249673}}
{"target": 0.0896016365751019, "params": {"C": 371001.12423746835, "gamma": 0.7435165668671554}, "datetime": {"datetime": "2021-10-04 11:16:54", "elapsed": 116.546512, "delta": 1.030804}}
{"target": 0.13523890007048878, "params": {"C": 121839.35708112892, "gamma": 0.547549532561322}, "datetime": {"datetime": "2021-10-04 11:16:55", "elapsed": 117.494163, "delta": 0.947651}}
{"target": 0.2101029060230598, "params": {"C": 209672.1562275969, "gamma": 0.34614945798194013}, "datetime": {"datetime": "2021-10-04 11:16:56", "elapsed": 118.725271, "delta": 1.231108}}
{"target": 0.1706482303379332, "params": {"C": 194499.6863837219, "gamma": 0.46011543671583355}, "datetime": {"datetime": "2021-10-04 11:16:57", "elapsed": 119.636735, "delta": 0.911464}}
{"target": 0.07369295201137671, "params": {"C": 121940.71941769055, "gamma": 0.7910479978335807}, "datetime": {"datetime": "2021-10-04 11:16:58", "elapsed": 120.715617, "delta": 1.078882}}
{"target": 0.18843825801939218, "params": {"C": 486750.8485333922, "gamma": 0.3784952403018993}, "datetime": {"datetime": "2021-10-04 11:16:59", "elapsed": 121.830341, "delta": 1.114724}}
{"target": 0.15349886327673357, "params": {"C": 217929.72984352687, "gamma": 0.5069986767328405}, "datetime": {"datetime": "2021-10-04 11:17:00", "elapsed": 122.766054, "delta": 0.935713}}
{"target": 0.09710889735155559, "params": {"C": 125635.48938554748, "gamma": 0.6801669277165195}, "datetime": {"datetime": "2021-10-04 11:17:01", "elapsed": 123.615744, "delta": 0.84969}}
{"target": 0.034607463920348414, "params": {"C": 51248.45255172977, "gamma": 0.7769553097907547}, "datetime": {"datetime": "2021-10-04 11:17:02", "elapsed": 124.623353, "delta": 1.007609}}
{"target": 0.11078737741967437, "params": {"C": 90353.34477597973, "gamma": 0.5978786202203634}, "datetime": {"datetime": "2021-10-04 11:17:03", "elapsed": 125.554773, "delta": 0.93142}}
{"target": 0.19431741608164277, "params": {"C": 175076.9691358211, "gamma": 0.3982114073491947}, "datetime": {"datetime": "2021-10-04 11:17:03", "elapsed": 126.471652, "delta": 0.916879}}
{"target": 0.1618633866831316, "params": {"C": 123860.53327180896, "gamma": 0.4768951497019076}, "datetime": {"datetime": "2021-10-04 11:17:04", "elapsed": 127.330488, "delta": 0.858836}}
{"target": 0.11486424533273987, "params": {"C": 152065.0409092847, "gamma": 0.6232838923204866}, "datetime": {"datetime": "2021-10-04 11:17:05", "elapsed": 128.21664, "delta": 0.886152}}
{"target": 0.12576227004529716, "params": {"C": 207364.37061736244, "gamma": 0.5926222678969424}, "datetime": {"datetime": "2021-10-04 11:17:06", "elapsed": 129.104403, "delta": 0.887763}}
{"target": 0.1690169723091668, "params": {"C": 62278.18167059537, "gamma": 0.4144172954650232}, "datetime": {"datetime": "2021-10-04 11:17:07", "elapsed": 130.224752, "delta": 1.120349}}
{"target": 0.1241829265591814, "params": {"C": 61656.04515819636, "gamma": 0.5115826933849165}, "datetime": {"datetime": "2021-10-04 11:17:08", "elapsed": 131.087257, "delta": 0.862505}}
{"target": 0.12465486877736243, "params": {"C": 441113.4236566913, "gamma": 0.5905760805303777}, "datetime": {"datetime": "2021-10-04 11:17:09", "elapsed": 131.93541, "delta": 0.848153}}
{"target": 0.0841772907741366, "params": {"C": 291410.7489254514, "gamma": 0.774889565003338}, "datetime": {"datetime": "2021-10-04 11:17:10", "elapsed": 132.814297, "delta": 0.878887}}
{"target": 0.1496403519382321, "params": {"C": 151443.42104879144, "gamma": 0.5148078717159126}, "datetime": {"datetime": "2021-10-04 11:17:11", "elapsed": 133.770022, "delta": 0.955725}}
{"target": 0.15734816791588868, "params": {"C": 236999.52957038835, "gamma": 0.49547647681397267}, "datetime": {"datetime": "2021-10-04 11:17:12", "elapsed": 134.598525, "delta": 0.828503}}
{"target": 0.07738730002869054, "params": {"C": 155633.8402734616, "gamma": 0.7945053469034636}, "datetime": {"datetime": "2021-10-04 11:17:13", "elapsed": 135.526815, "delta": 0.92829}}
{"target": 0.19897041037508734, "params": {"C": 196057.9914434445, "gamma": 0.3832272963214701}, "datetime": {"datetime": "2021-10-04 11:17:14", "elapsed": 136.561804, "delta": 1.034989}}
{"target": 0.15680877335110943, "params": {"C": 296265.36148999864, "gamma": 0.4941116965235943}, "datetime": {"datetime": "2021-10-04 11:17:15", "elapsed": 137.571701, "delta": 1.009897}}
{"target": 0.09950477459614304, "params": {"C": 196727.83747709222, "gamma": 0.6931277559752955}, "datetime": {"datetime": "2021-10-04 11:17:16", "elapsed": 138.613911, "delta": 1.04221}}
{"target": 0.2047451020846497, "params": {"C": 112346.98817177772, "gamma": 0.3712158563222783}, "datetime": {"datetime": "2021-10-04 11:17:17", "elapsed": 139.635113, "delta": 1.021202}}
{"target": 0.09990970529117071, "params": {"C": 287192.2432624572, "gamma": 0.694944446879806}, "datetime": {"datetime": "2021-10-04 11:17:18", "elapsed": 140.592597, "delta": 0.957484}}
{"target": 0.13109110580959893, "params": {"C": 258471.21928380925, "gamma": 0.5750550298682735}, "datetime": {"datetime": "2021-10-04 11:17:19", "elapsed": 141.501242, "delta": 0.908645}}
{"target": 0.08503798047344624, "params": {"C": 183047.80650495508, "gamma": 0.7612210674450794}, "datetime": {"datetime": "2021-10-04 11:17:20", "elapsed": 142.557397, "delta": 1.056155}}
{"target": 0.16924627832535788, "params": {"C": 263918.06394023506, "gamma": 0.46037539208361594}, "datetime": {"datetime": "2021-10-04 11:17:20", "elapsed": 143.474531, "delta": 0.917134}}
{"target": 0.16269988459164697, "params": {"C": 297446.39795454853, "gamma": 0.4768856635069399}, "datetime": {"datetime": "2021-10-04 11:17:21", "elapsed": 144.34864, "delta": 0.874109}}
{"target": 0.10292608515487489, "params": {"C": 343543.72948908806, "gamma": 0.6801465417685401}, "datetime": {"datetime": "2021-10-04 11:17:22", "elapsed": 145.230483, "delta": 0.881843}}
{"target": 0.19470901383083372, "params": {"C": 307663.9477687548, "gamma": 0.3795768985914184}, "datetime": {"datetime": "2021-10-04 11:17:23", "elapsed": 146.117536, "delta": 0.887053}}
{"target": 0.19861476153151336, "params": {"C": 488427.6092897317, "gamma": 0.3175499266130968}, "datetime": {"datetime": "2021-10-04 11:17:24", "elapsed": 147.085113, "delta": 0.967577}}
{"target": 0.08380716443453762, "params": {"C": 170471.75466017722, "gamma": 0.7643582936355637}, "datetime": {"datetime": "2021-10-04 11:17:25", "elapsed": 148.076428, "delta": 0.991315}}
{"target": 0.2211331075106927, "params": {"C": 134270.4134590024, "gamma": 0.3280727030019366}, "datetime": {"datetime": "2021-10-04 11:17:26", "elapsed": 148.960465, "delta": 0.884037}}
{"target": 0.1701817295750474, "params": {"C": 185226.19626134683, "gamma": 0.46150266749690216}, "datetime": {"datetime": "2021-10-04 11:17:27", "elapsed": 149.912267, "delta": 0.951802}}
{"target": 0.09208170895088252, "params": {"C": 190232.42999326703, "gamma": 0.7266768565380306}, "datetime": {"datetime": "2021-10-04 11:17:28", "elapsed": 151.014235, "delta": 1.101968}}
{"target": 0.18135229684549092, "params": {"C": 340151.2951199453, "gamma": 0.4185444492012104}, "datetime": {"datetime": "2021-10-04 11:17:29", "elapsed": 151.90788, "delta": 0.893645}}
{"target": 0.1950290957210553, "params": {"C": 86193.14370500474, "gamma": 0.3844507950109855}, "datetime": {"datetime": "2021-10-04 11:17:30", "elapsed": 152.876869, "delta": 0.968989}}
{"target": 0.09419680300892552, "params": {"C": 288314.270057058, "gamma": 0.7219695232330727}, "datetime": {"datetime": "2021-10-04 11:17:31", "elapsed": 153.905539, "delta": 1.02867}}
{"target": 0.22664259123845365, "params": {"C": 102349.32600956832, "gamma": 0.3151544755771749}, "datetime": {"datetime": "2021-10-04 11:17:32", "elapsed": 154.850742, "delta": 0.945203}}
{"target": 0.14419580536150922, "params": {"C": 181961.25388904128, "gamma": 0.5333330741463443}, "datetime": {"datetime": "2021-10-04 11:17:33", "elapsed": 155.845814, "delta": 0.995072}}
{"target": 0.038547436351389686, "params": {"C": 53493.01764390499, "gamma": 0.7736937611083241}, "datetime": {"datetime": "2021-10-04 11:17:34", "elapsed": 156.80501, "delta": 0.959196}}
{"target": 0.1340447173002005, "params": {"C": 293227.18448129273, "gamma": 0.5643277043101647}, "datetime": {"datetime": "2021-10-04 11:17:35", "elapsed": 157.999695, "delta": 1.194685}}
{"target": 0.17965296291676058, "params": {"C": 278484.0375426108, "gamma": 0.42956406115839646}, "datetime": {"datetime": "2021-10-04 11:17:36", "elapsed": 159.051033, "delta": 1.051338}}
{"target": 0.12952514887672273, "params": {"C": 410452.48647576163, "gamma": 0.5747247803070834}, "datetime": {"datetime": "2021-10-04 11:17:37", "elapsed": 160.004181, "delta": 0.953148}}
{"target": 0.08537831469500468, "params": {"C": 141487.12299090144, "gamma": 0.743577310435387}, "datetime": {"datetime": "2021-10-04 11:17:38", "elapsed": 160.985964, "delta": 0.981783}}
{"target": 0.10134182985376816, "params": {"C": 455841.7201599298, "gamma": 0.6832530337213225}, "datetime": {"datetime": "2021-10-04 11:17:39", "elapsed": 161.955302, "delta": 0.969338}}
{"target": 0.15857395971959543, "params": {"C": 114310.88047395714, "gamma": 0.48204229770505624}, "datetime": {"datetime": "2021-10-04 11:17:40", "elapsed": 163.21215, "delta": 1.256848}}
{"target": 0.10606554867563978, "params": {"C": 362565.7307648706, "gamma": 0.6658926663026876}, "datetime": {"datetime": "2021-10-04 11:17:41", "elapsed": 164.184078, "delta": 0.971928}}
{"target": 0.12999844474979017, "params": {"C": 435616.91669875727, "gamma": 0.5720581989462405}, "datetime": {"datetime": "2021-10-04 11:17:42", "elapsed": 165.200181, "delta": 1.016103}}
{"target": 0.1259036811248071, "params": {"C": 265559.23192028824, "gamma": 0.5925152126120796}, "datetime": {"datetime": "2021-10-04 11:17:43", "elapsed": 166.186928, "delta": 0.986747}}
{"target": 0.18523377489171144, "params": {"C": 99160.23190338266, "gamma": 0.4127428450996493}, "datetime": {"datetime": "2021-10-04 11:17:44", "elapsed": 167.234424, "delta": 1.047496}}
{"target": 0.14853314341808577, "params": {"C": 130326.08106678363, "gamma": 0.5134239941267873}, "datetime": {"datetime": "2021-10-04 11:17:45", "elapsed": 168.43123, "delta": 1.196806}}
{"target": 0.10429344832331178, "params": {"C": 419754.69285755506, "gamma": 0.6714775376602871}, "datetime": {"datetime": "2021-10-04 11:17:47", "elapsed": 169.647983, "delta": 1.216753}}
{"target": 0.06447668852495947, "params": {"C": 78075.96557436344, "gamma": 0.7588088805223796}, "datetime": {"datetime": "2021-10-04 11:17:48", "elapsed": 170.719509, "delta": 1.071526}}
{"target": 0.09644327473807812, "params": {"C": 175185.35174494755, "gamma": 0.7031647501057448}, "datetime": {"datetime": "2021-10-04 11:17:49", "elapsed": 171.835157, "delta": 1.115648}}
{"target": 0.16901527198373, "params": {"C": 224767.40057409924, "gamma": 0.4633917739844545}, "datetime": {"datetime": "2021-10-04 11:17:50", "elapsed": 173.008404, "delta": 1.173247}}
{"target": 0.18601957756309506, "params": {"C": 346240.4603052465, "gamma": 0.40322360453872846}, "datetime": {"datetime": "2021-10-04 11:17:51", "elapsed": 174.152177, "delta": 1.143773}}
{"target": 0.12271675896940515, "params": {"C": 281982.76196420356, "gamma": 0.6033877657645916}, "datetime": {"datetime": "2021-10-04 11:17:52", "elapsed": 175.385373, "delta": 1.233196}}
{"target": 0.08323512306608627, "params": {"C": 55294.153459241425, "gamma": 0.604115994854652}, "datetime": {"datetime": "2021-10-04 11:17:54", "elapsed": 176.529675, "delta": 1.144302}}
{"target": 0.1973893321737985, "params": {"C": 327885.2390025625, "gamma": 0.3665479087920268}, "datetime": {"datetime": "2021-10-04 11:17:55", "elapsed": 178.264702, "delta": 1.735027}}
{"target": 0.09033896440210254, "params": {"C": 393990.4476805787, "gamma": 0.7388681088944087}, "datetime": {"datetime": "2021-10-04 11:17:56", "elapsed": 179.282491, "delta": 1.017789}}
{"target": 0.08522621544837461, "params": {"C": 100013.10606772066, "gamma": 0.7061503127572037}, "datetime": {"datetime": "2021-10-04 11:17:57", "elapsed": 180.384328, "delta": 1.101837}}
{"target": 0.10820466022820052, "params": {"C": 379960.95207608666, "gamma": 0.6562570701052324}, "datetime": {"datetime": "2021-10-04 11:17:59", "elapsed": 181.602044, "delta": 1.217716}}
{"target": 0.09975369351720509, "params": {"C": 379972.592405102, "gamma": 0.6932518565566059}, "datetime": {"datetime": "2021-10-04 11:18:00", "elapsed": 182.867854, "delta": 1.26581}}
{"target": 0.16875401810272705, "params": {"C": 323626.9521561803, "gamma": 0.45749500008798777}, "datetime": {"datetime": "2021-10-04 11:18:01", "elapsed": 184.247901, "delta": 1.380047}}
{"target": 0.11241434836734687, "params": {"C": 226619.67676951832, "gamma": 0.6417836598785596}, "datetime": {"datetime": "2021-10-04 11:18:02", "elapsed": 185.386243, "delta": 1.138342}}
{"target": 0.27582502847007895, "params": {"C": 61702.2004702574, "gamma": 0.1465819782474522}, "datetime": {"datetime": "2021-10-04 11:18:04", "elapsed": 0.0, "delta": 0.0}}
{"target": 0.24797130474481321, "params": {"C": 20011.437481734487, "gamma": 0.06674552137268139}, "datetime": {"datetime": "2021-10-04 11:18:04", "elapsed": 0.173483, "delta": 0.173483}}
{"target": 0.23558646037658304, "params": {"C": 34675.5890817113, "gamma": 0.026636671600840378}, "datetime": {"datetime": "2021-10-04 11:18:04", "elapsed": 0.351911, "delta": 0.178428}}
{"target": 0.2756414960610515, "params": {"C": 38626.02113776709, "gamma": 0.07500209886522212}, "datetime": {"datetime": "2021-10-04 11:18:05", "elapsed": 0.576849, "delta": 0.224938}}
{"target": 0.280257009235628, "params": {"C": 59676.74742306699, "gamma": 0.11191399619464117}, "datetime": {"datetime": "2021-10-04 11:18:05", "elapsed": 0.74185, "delta": 0.165001}}
{"target": 0.269638154265617, "params": {"C": 59894.311656977, "gamma": 0.17860031903686696}, "datetime": {"datetime": "2021-10-04 11:18:05", "elapsed": 0.956847, "delta": 0.214997}}
{"target": 0.2645276690656362, "params": {"C": 59199.825484372064, "gamma": 0.19791954748711246}, "datetime": {"datetime": "2021-10-04 11:18:05", "elapsed": 1.200846, "delta": 0.243999}}
{"target": 0.2707061114054343, "params": {"C": 38629.98342923916, "gamma": 0.15466100846929157}, "datetime": {"datetime": "2021-10-04 11:18:06", "elapsed": 1.460646, "delta": 0.2598}}
{"target": 0.2774667764183417, "params": {"C": 38605.158538192314, "gamma": 0.12181262561304565}, "datetime": {"datetime": "2021-10-04 11:18:06", "elapsed": 1.700649, "delta": 0.240003}}
{"target": 0.28063408544205004, "params": {"C": 59652.05195357608, "gamma": 0.09316031291989627}, "datetime": {"datetime": "2021-10-04 11:18:06", "elapsed": 1.958254, "delta": 0.257605}}
{"target": 0.2802826462485948, "params": {"C": 59624.58303392444, "gamma": 0.08559277541165305}, "datetime": {"datetime": "2021-10-04 11:18:06", "elapsed": 2.249252, "delta": 0.290998}}
{"target": 0.2717303366323376, "params": {"C": 59591.15364762754, "gamma": 0.04651764996253767}, "datetime": {"datetime": "2021-10-04 11:18:07", "elapsed": 2.517251, "delta": 0.267999}}
{"target": 0.2652531998167482, "params": {"C": 59711.881192660905, "gamma": 0.1954601012476287}, "datetime": {"datetime": "2021-10-04 11:18:07", "elapsed": 2.778077, "delta": 0.260826}}
{"target": 0.27395642817101484, "params": {"C": 61736.4624287066, "gamma": 0.157336576528937}, "datetime": {"datetime": "2021-10-04 11:18:07", "elapsed": 3.063303, "delta": 0.285226}}
{"target": 0.27584006529502425, "params": {"C": 61778.935599946606, "gamma": 0.1463963370799845}, "datetime": {"datetime": "2021-10-04 11:18:07", "elapsed": 3.318158, "delta": 0.254855}}
{"target": 0.2803033545517454, "params": {"C": 61817.02742280347, "gamma": 0.10010883743138296}, "datetime": {"datetime": "2021-10-04 11:18:08", "elapsed": 3.607157, "delta": 0.288999}}
{"target": 0.2683355704033147, "params": {"C": 61664.36509815401, "gamma": 0.1836071202012143}, "datetime": {"datetime": "2021-10-04 11:18:08", "elapsed": 3.903453, "delta": 0.296296}}
{"target": 0.2800890960597132, "params": {"C": 61842.83470363642, "gamma": 0.08723939567228955}, "datetime": {"datetime": "2021-10-04 11:18:08", "elapsed": 4.173816, "delta": 0.270363}}
{"target": 0.2803150651424223, "params": {"C": 61879.77960388702, "gamma": 0.09602377922885409}, "datetime": {"datetime": "2021-10-04 11:18:08", "elapsed": 4.436239, "delta": 0.262423}}
{"target": 0.28027163322353166, "params": {"C": 61910.15648989194, "gamma": 0.10089937373076445}, "datetime": {"datetime": "2021-10-04 11:18:09", "elapsed": 4.720093, "delta": 0.283854}}
{"target": 0.2678458929419043, "params": {"C": 59676.78156829826, "gamma": 0.18581955933691352}, "datetime": {"datetime": "2021-10-04 11:18:09", "elapsed": 4.997092, "delta": 0.276999}}
{"target": 0.26544677012704776, "params": {"C": 27973.64361151113, "gamma": 0.12878735518767184}, "datetime": {"datetime": "2021-10-04 11:18:09", "elapsed": 5.251094, "delta": 0.254002}}
{"target": 0.2542518476157658, "params": {"C": 21099.059427557113, "gamma": 0.08060191887248709}, "datetime": {"datetime": "2021-10-04 11:18:10", "elapsed": 5.523093, "delta": 0.271999}}
{"target": 0.26885735042795267, "params": {"C": 41948.36093211443, "gamma": 0.16806981178360783}, "datetime": {"datetime": "2021-10-04 11:18:10", "elapsed": 5.787929, "delta": 0.264836}}
{"target": 0.271749600999985, "params": {"C": 71034.49302707467, "gamma": 0.15770310339628824}, "datetime": {"datetime": "2021-10-04 11:18:10", "elapsed": 6.056734, "delta": 0.268805}}
{"target": 0.2616075887543837, "params": {"C": 104410.16945678355, "gamma": 0.12545659961760441}, "datetime": {"datetime": "2021-10-04 11:18:10", "elapsed": 6.340694, "delta": 0.28396}}
{"target": 0.26119681032455877, "params": {"C": 99150.18517140654, "gamma": 0.1557939125794568}, "datetime": {"datetime": "2021-10-04 11:18:11", "elapsed": 6.642938, "delta": 0.302244}}
{"target": 0.25378060806915315, "params": {"C": 21034.29835404232, "gamma": 0.07871250297071586}, "datetime": {"datetime": "2021-10-04 11:18:11", "elapsed": 7.030247, "delta": 0.387309}}
{"target": 0.27927727082538156, "params": {"C": 66144.24982570675, "gamma": 0.10220415994703261}, "datetime": {"datetime": "2021-10-04 11:18:11", "elapsed": 7.328075, "delta": 0.297828}}
