{"target": -35.8740895735488, "params": {"C": 19944.414493558063, "gamma": 0.07212153406165757}, "datetime": {"datetime": "2021-09-29 08:08:47", "elapsed": 342.681734, "delta": 2.1207}}
{"target": -34.599563341319445, "params": {"C": 19384.86012893933, "gamma": 0.03422039009648351}, "datetime": {"datetime": "2021-09-29 08:08:49", "elapsed": 344.348931, "delta": 1.667197}}
{"target": -36.43247827555827, "params": {"C": 21320.7208380308, "gamma": 0.08877504239489724}, "datetime": {"datetime": "2021-09-29 08:08:51", "elapsed": 346.10848, "delta": 1.759549}}
{"target": -34.54080758157929, "params": {"C": 19272.38836843601, "gamma": 0.03173777816625308}, "datetime": {"datetime": "2021-09-29 08:08:53", "elapsed": 348.103154, "delta": 1.994674}}
{"target": -36.4414943415037, "params": {"C": 20310.926961311292, "gamma": 0.09113825997104924}, "datetime": {"datetime": "2021-09-29 08:08:55", "elapsed": 349.837508, "delta": 1.734354}}
{"target": -36.15982957310649, "params": {"C": 22810.097511272088, "gamma": 0.07698173300552867}, "datetime": {"datetime": "2021-09-29 08:08:57", "elapsed": 352.064275, "delta": 2.226767}}
{"target": -34.9931154603045, "params": {"C": 24789.176364428717, "gamma": 0.04365956553729707}, "datetime": {"datetime": "2021-09-29 08:08:59", "elapsed": 354.48932, "delta": 2.425045}}
{"target": -35.86548188694436, "params": {"C": 19624.18794215956, "gamma": 0.07230214167057296}, "datetime": {"datetime": "2021-09-29 08:09:01", "elapsed": 356.306366, "delta": 1.817046}}
{"target": -34.43282502457847, "params": {"C": 24224.939563107917, "gamma": 0.02502132062900377}, "datetime": {"datetime": "2021-09-29 08:09:03", "elapsed": 358.699401, "delta": 2.393035}}
{"target": -34.6826262622861, "params": {"C": 19361.915702067738, "gamma": 0.03797073028875413}, "datetime": {"datetime": "2021-09-29 08:09:05", "elapsed": 360.382348, "delta": 1.682947}}
{"target": -36.63171708789119, "params": {"C": 20433.357411130986, "gamma": 0.09845584863805797}, "datetime": {"datetime": "2021-09-29 08:09:07", "elapsed": 362.282749, "delta": 1.900401}}
{"target": -34.445214174620375, "params": {"C": 24182.62277372559, "gamma": 0.0256126163884349}, "datetime": {"datetime": "2021-09-29 08:09:09", "elapsed": 363.9764, "delta": 1.693651}}
{"target": -36.434724494010936, "params": {"C": 24458.91949824836, "gamma": 0.08316396193480552}, "datetime": {"datetime": "2021-09-29 08:09:11", "elapsed": 366.077882, "delta": 2.101482}}
{"target": -36.44341278041236, "params": {"C": 22167.19442060786, "gamma": 0.08750676655239181}, "datetime": {"datetime": "2021-09-29 08:09:13", "elapsed": 368.172359, "delta": 2.094477}}
{"target": -35.24783956868161, "params": {"C": 20940.711114851787, "gamma": 0.052946222575373784}, "datetime": {"datetime": "2021-09-29 08:09:15", "elapsed": 370.182637, "delta": 2.010278}}
{"target": -35.75084418073254, "params": {"C": 20709.85533941137, "gamma": 0.06728114596533115}, "datetime": {"datetime": "2021-09-29 08:09:17", "elapsed": 372.597249, "delta": 2.414612}}
{"target": -35.68998412813465, "params": {"C": 22083.986912311357, "gamma": 0.00584306517753527}, "datetime": {"datetime": "2021-09-29 08:09:19", "elapsed": 374.433914, "delta": 1.836665}}
{"target": -34.28804308924106, "params": {"C": 22358.173196947468, "gamma": 0.018185024901387438}, "datetime": {"datetime": "2021-09-29 08:09:21", "elapsed": 376.39761, "delta": 1.963696}}
{"target": -34.956490796639486, "params": {"C": 24814.463609494498, "gamma": 0.042730259849322515}, "datetime": {"datetime": "2021-09-29 08:09:23", "elapsed": 378.224613, "delta": 1.827003}}
{"target": -36.51142843207006, "params": {"C": 24215.658184819942, "gamma": 0.0860205827304855}, "datetime": {"datetime": "2021-09-29 08:09:25", "elapsed": 380.639191, "delta": 2.414578}}
{"target": -35.453141506069215, "params": {"C": 20285.49536628902, "gamma": 0.05917583925021519}, "datetime": {"datetime": "2021-09-29 08:09:27", "elapsed": 382.541692, "delta": 1.902501}}
{"target": -34.27506290041552, "params": {"C": 23331.653250114123, "gamma": 0.016328808229691537}, "datetime": {"datetime": "2021-09-29 08:09:29", "elapsed": 384.281199, "delta": 1.739507}}
{"target": -34.54319383388401, "params": {"C": 22717.93858142281, "gamma": 0.03020269367139929}, "datetime": {"datetime": "2021-09-29 08:09:31", "elapsed": 386.112711, "delta": 1.831512}}
{"target": -35.55030703117671, "params": {"C": 20829.213276574945, "gamma": 0.06131991476395222}, "datetime": {"datetime": "2021-09-29 08:09:33", "elapsed": 388.707349, "delta": 2.594638}}
{"target": -36.66593947975194, "params": {"C": 24170.437197670926, "gamma": 0.09149157399735036}, "datetime": {"datetime": "2021-09-29 08:09:35", "elapsed": 390.455866, "delta": 1.748517}}
{"target": -34.67074851511999, "params": {"C": 19522.92763417664, "gamma": 0.01098046506873539}, "datetime": {"datetime": "2021-09-29 08:09:37", "elapsed": 392.686995, "delta": 2.231129}}
{"target": -35.58321565583063, "params": {"C": 24122.221545719174, "gamma": 0.0589482497272536}, "datetime": {"datetime": "2021-09-29 08:09:40", "elapsed": 394.912353, "delta": 2.225358}}
{"target": -34.66631460315647, "params": {"C": 20511.255598956806, "gamma": 0.010735030282989251}, "datetime": {"datetime": "2021-09-29 08:09:42", "elapsed": 397.759337, "delta": 2.846984}}
{"target": -36.61248335640161, "params": {"C": 21463.63954979177, "gamma": 0.09517230723480088}, "datetime": {"datetime": "2021-09-29 08:09:45", "elapsed": 400.346457, "delta": 2.58712}}
{"target": -34.496177050250004, "params": {"C": 20456.979514338018, "gamma": 0.029282190580862007}, "datetime": {"datetime": "2021-09-29 08:09:47", "elapsed": 402.249068, "delta": 1.902611}}
{"target": -34.49394647567335, "params": {"C": 22577.11944088187, "gamma": 0.0282652002880907}, "datetime": {"datetime": "2021-09-29 08:09:49", "elapsed": 404.183073, "delta": 1.934005}}
{"target": -35.27144149123186, "params": {"C": 23972.48859882211, "gamma": 0.05108325254385888}, "datetime": {"datetime": "2021-09-29 08:09:51", "elapsed": 406.654733, "delta": 2.47166}}
{"target": -35.48701781272455, "params": {"C": 24514.82356364749, "gamma": 0.05610756170625309}, "datetime": {"datetime": "2021-09-29 08:09:53", "elapsed": 408.758027, "delta": 2.103294}}
{"target": -34.791364826245676, "params": {"C": 20394.347424219395, "gamma": 0.04093567090454194}, "datetime": {"datetime": "2021-09-29 08:09:56", "elapsed": 410.846209, "delta": 2.088182}}
{"target": -35.25130006355513, "params": {"C": 24332.990137706744, "gamma": 0.050313215481789124}, "datetime": {"datetime": "2021-09-29 08:09:59", "elapsed": 414.594685, "delta": 3.748476}}
{"target": -35.1003521942156, "params": {"C": 19905.56259632412, "gamma": 0.049893287625892346}, "datetime": {"datetime": "2021-09-29 08:10:02", "elapsed": 417.089435, "delta": 2.49475}}
{"target": -35.308671309158704, "params": {"C": 19864.48689397151, "gamma": 0.055600923593434444}, "datetime": {"datetime": "2021-09-29 08:10:05", "elapsed": 420.555315, "delta": 3.46588}}
{"target": -35.3071093247817, "params": {"C": 24747.443803932587, "gamma": 0.05139522372428499}, "datetime": {"datetime": "2021-09-29 08:10:08", "elapsed": 423.002872, "delta": 2.447557}}
{"target": -36.24046378878872, "params": {"C": 21492.98637611349, "gamma": 0.08168285719575204}, "datetime": {"datetime": "2021-09-29 08:10:10", "elapsed": 425.511076, "delta": 2.508204}}
{"target": -35.98920745723229, "params": {"C": 23901.019891213597, "gamma": 0.07045242885754457}, "datetime": {"datetime": "2021-09-29 08:10:13", "elapsed": 428.520053, "delta": 3.008977}}
{"target": -34.28649690281267, "params": {"C": 21783.99967473613, "gamma": 0.01644606583074699}, "datetime": {"datetime": "2021-09-29 08:10:15", "elapsed": 430.627911, "delta": 2.107858}}
{"target": -35.89600893905882, "params": {"C": 23333.670415125744, "gamma": 0.0684619929487311}, "datetime": {"datetime": "2021-09-29 08:10:18", "elapsed": 433.27489, "delta": 2.646979}}
{"target": -34.669784432779544, "params": {"C": 23341.078224665234, "gamma": 0.03529189847638006}, "datetime": {"datetime": "2021-09-29 08:10:20", "elapsed": 435.688402, "delta": 2.413512}}
{"target": -36.747473089191814, "params": {"C": 23269.72527555553, "gamma": 0.09656184385679416}, "datetime": {"datetime": "2021-09-29 08:10:23", "elapsed": 438.378278, "delta": 2.689876}}
{"target": -35.429384145982425, "params": {"C": 23763.012739484227, "gamma": 0.0552599186005509}, "datetime": {"datetime": "2021-09-29 08:10:25", "elapsed": 440.463259, "delta": 2.084981}}
{"target": -36.54730434342483, "params": {"C": 21432.041641820997, "gamma": 0.09272360692160937}, "datetime": {"datetime": "2021-09-29 08:10:29", "elapsed": 443.838275, "delta": 3.375016}}
{"target": -34.91265537837866, "params": {"C": 19741.386782380687, "gamma": 0.04495637823817276}, "datetime": {"datetime": "2021-09-29 08:10:31", "elapsed": 446.657893, "delta": 2.819618}}
{"target": -34.58725113345249, "params": {"C": 24697.242192458772, "gamma": 0.031203769102626774}, "datetime": {"datetime": "2021-09-29 08:10:36", "elapsed": 451.167421, "delta": 4.509528}}
{"target": -34.43854267853323, "params": {"C": 19149.776827845268, "gamma": 0.027012849516783156}, "datetime": {"datetime": "2021-09-29 08:10:42", "elapsed": 456.9954, "delta": 5.827979}}
{"target": -36.64513575943327, "params": {"C": 24216.669288482517, "gamma": 0.09063819237442794}, "datetime": {"datetime": "2021-09-29 08:10:50", "elapsed": 464.918223, "delta": 7.922823}}
{"target": -35.405612438640894, "params": {"C": 23693.24685925148, "gamma": 0.054707369887840716}, "datetime": {"datetime": "2021-09-29 08:10:53", "elapsed": 468.439364, "delta": 3.521141}}
{"target": -34.31919295505217, "params": {"C": 20073.515577426133, "gamma": 0.015798885359771468}, "datetime": {"datetime": "2021-09-29 08:10:57", "elapsed": 472.46216, "delta": 4.022796}}
{"target": -36.726016875026716, "params": {"C": 22625.83683828902, "gamma": 0.09712416837632046}, "datetime": {"datetime": "2021-09-29 08:11:05", "elapsed": 480.618078, "delta": 8.155918}}
{"target": -36.70247030515379, "params": {"C": 23819.65091515265, "gamma": 0.09358030760399923}, "datetime": {"datetime": "2021-09-29 08:11:10", "elapsed": 485.701805, "delta": 5.083727}}
{"target": -36.14990109590567, "params": {"C": 24866.25898024132, "gamma": 0.07387640688595602}, "datetime": {"datetime": "2021-09-29 08:11:14", "elapsed": 489.551581, "delta": 3.849776}}
{"target": -34.7096985595494, "params": {"C": 19048.62304748411, "gamma": 0.03926434891956537}, "datetime": {"datetime": "2021-09-29 08:11:19", "elapsed": 494.324677, "delta": 4.773096}}
{"target": -36.55379630926772, "params": {"C": 21810.69076802548, "gamma": 0.09214571360754564}, "datetime": {"datetime": "2021-09-29 08:11:22", "elapsed": 497.37575, "delta": 3.051073}}
{"target": -35.92756411666489, "params": {"C": 19296.606959177414, "gamma": 0.07483414607285523}, "datetime": {"datetime": "2021-09-29 08:11:30", "elapsed": 505.256403, "delta": 7.880653}}
{"target": -36.211208170949824, "params": {"C": 20135.72336774852, "gamma": 0.0830373824594494}, "datetime": {"datetime": "2021-09-29 08:11:36", "elapsed": 511.244784, "delta": 5.988381}}
{"target": -34.65769597583829, "params": {"C": 21757.65404476671, "gamma": 0.035526945637657}, "datetime": {"datetime": "2021-09-29 08:11:39", "elapsed": 514.73787, "delta": 3.493086}}
{"target": -35.131930044278974, "params": {"C": 21278.07601167681, "gamma": 0.008112033667631515}, "datetime": {"datetime": "2021-09-29 08:11:43", "elapsed": 517.812809, "delta": 3.074939}}
{"target": -34.508004005319535, "params": {"C": 23098.224033360144, "gamma": 0.028617253911116764}, "datetime": {"datetime": "2021-09-29 08:11:44", "elapsed": 519.601468, "delta": 1.788659}}
{"target": -34.34598865334068, "params": {"C": 22625.562726171323, "gamma": 0.014087121811680016}, "datetime": {"datetime": "2021-09-29 08:11:47", "elapsed": 522.035537, "delta": 2.434069}}
{"target": -35.71664898806832, "params": {"C": 20393.603452926196, "gamma": 0.06664997996044182}, "datetime": {"datetime": "2021-09-29 08:11:50", "elapsed": 524.800887, "delta": 2.76535}}
{"target": -35.47489864278283, "params": {"C": 20636.303859670577, "gamma": 0.059413688453017394}, "datetime": {"datetime": "2021-09-29 08:11:52", "elapsed": 526.974138, "delta": 2.173251}}
{"target": -34.48313025580189, "params": {"C": 20047.308158904674, "gamma": 0.028853964315580335}, "datetime": {"datetime": "2021-09-29 08:11:54", "elapsed": 529.315583, "delta": 2.341445}}
{"target": -35.32329627174901, "params": {"C": 19768.395638134, "gamma": 0.007556402461260488}, "datetime": {"datetime": "2021-09-29 08:11:57", "elapsed": 532.685523, "delta": 3.36994}}
{"target": -35.398881931819155, "params": {"C": 22310.02267954953, "gamma": 0.05572926630846401}, "datetime": {"datetime": "2021-09-29 08:12:00", "elapsed": 534.82852, "delta": 2.142997}}
{"target": -34.731085757930636, "params": {"C": 22496.0208853463, "gamma": 0.03771552150526224}, "datetime": {"datetime": "2021-09-29 08:12:02", "elapsed": 537.167833, "delta": 2.339313}}
{"target": -34.378352739210136, "params": {"C": 22051.25022413398, "gamma": 0.02309649398021314}, "datetime": {"datetime": "2021-09-29 08:12:05", "elapsed": 540.288333, "delta": 3.1205}}
{"target": -34.36058245593339, "params": {"C": 19145.246189450136, "gamma": 0.023172396499024982}, "datetime": {"datetime": "2021-09-29 08:12:07", "elapsed": 542.479138, "delta": 2.190805}}
{"target": -34.813748389631854, "params": {"C": 22822.26065564852, "gamma": 0.04004874017429885}, "datetime": {"datetime": "2021-09-29 08:12:10", "elapsed": 545.285603, "delta": 2.806465}}
{"target": -34.79109792257328, "params": {"C": 22358.124702398363, "gamma": 0.039637455164923355}, "datetime": {"datetime": "2021-09-29 08:12:12", "elapsed": 547.384328, "delta": 2.098725}}
{"target": -36.49272167380616, "params": {"C": 22259.56133582329, "gamma": 0.08902012797501217}, "datetime": {"datetime": "2021-09-29 08:12:15", "elapsed": 549.975, "delta": 2.590672}}
{"target": -34.51880140006978, "params": {"C": 20930.780075451094, "gamma": 0.029992029905254465}, "datetime": {"datetime": "2021-09-29 08:12:18", "elapsed": 552.93307, "delta": 2.95807}}
{"target": -34.49004801694745, "params": {"C": 19467.990915308652, "gamma": 0.029433027194313833}, "datetime": {"datetime": "2021-09-29 08:12:21", "elapsed": 556.016164, "delta": 3.083094}}
{"target": -35.28315379077765, "params": {"C": 22333.985206707497, "gamma": 0.05267934847453626}, "datetime": {"datetime": "2021-09-29 08:12:24", "elapsed": 558.787761, "delta": 2.771597}}
{"target": -36.30604256129828, "params": {"C": 22604.581763369002, "gamma": 0.0820969203190234}, "datetime": {"datetime": "2021-09-29 08:12:26", "elapsed": 560.914766, "delta": 2.127005}}
{"target": -34.42228652001442, "params": {"C": 23901.394178112238, "gamma": 0.02462272758730499}, "datetime": {"datetime": "2021-09-29 08:12:29", "elapsed": 564.363491, "delta": 3.448725}}
{"target": -36.08688985126236, "params": {"C": 24168.494564641183, "gamma": 0.07291686747557485}, "datetime": {"datetime": "2021-09-29 08:12:31", "elapsed": 566.742752, "delta": 2.379261}}
{"target": -34.83609176469045, "params": {"C": 24240.67199793012, "gamma": 0.03988600713365541}, "datetime": {"datetime": "2021-09-29 08:12:34", "elapsed": 569.708833, "delta": 2.966081}}
{"target": -34.575770111446644, "params": {"C": 22143.425545788963, "gamma": 0.03180966542178924}, "datetime": {"datetime": "2021-09-29 08:12:37", "elapsed": 572.673986, "delta": 2.965153}}
{"target": -35.1867088263114, "params": {"C": 23331.71045021046, "gamma": 0.04942946952008972}, "datetime": {"datetime": "2021-09-29 08:12:40", "elapsed": 575.59025, "delta": 2.916264}}
{"target": -36.6154667876044, "params": {"C": 19766.916157023457, "gamma": 0.09949716989038024}, "datetime": {"datetime": "2021-09-29 08:12:44", "elapsed": 579.351771, "delta": 3.761521}}
{"target": -35.705814937235445, "params": {"C": 20668.483512732673, "gamma": 0.06599060364946614}, "datetime": {"datetime": "2021-09-29 08:12:48", "elapsed": 583.753796, "delta": 4.402025}}
{"target": -34.27862921855717, "params": {"C": 23330.97951209437, "gamma": 0.017276545265651203}, "datetime": {"datetime": "2021-09-29 08:12:52", "elapsed": 587.4677, "delta": 3.713904}}
{"target": -34.396250265463266, "params": {"C": 20073.580704911983, "gamma": 0.014174714566350284}, "datetime": {"datetime": "2021-09-29 08:12:55", "elapsed": 590.545504, "delta": 3.077804}}
{"target": -35.913047278827975, "params": {"C": 24082.735921606203, "gamma": 0.06811238237960347}, "datetime": {"datetime": "2021-09-29 08:12:57", "elapsed": 592.679898, "delta": 2.134394}}
{"target": -34.367895355517554, "params": {"C": 20639.971659777555, "gamma": 0.014476052346067678}, "datetime": {"datetime": "2021-09-29 08:13:00", "elapsed": 595.221725, "delta": 2.541827}}
{"target": -36.55585075744735, "params": {"C": 21964.67560898614, "gamma": 0.0918940560224615}, "datetime": {"datetime": "2021-09-29 08:13:02", "elapsed": 597.636967, "delta": 2.415242}}
{"target": -36.223664699999034, "params": {"C": 23330.97718979889, "gamma": 0.07824467644590213}, "datetime": {"datetime": "2021-09-29 08:13:06", "elapsed": 601.201326, "delta": 3.564359}}
{"target": -35.5141703552982, "params": {"C": 19147.69660931019, "gamma": 0.06219215980878345}, "datetime": {"datetime": "2021-09-29 08:13:10", "elapsed": 604.891337, "delta": 3.690011}}
{"target": -36.06301600325433, "params": {"C": 20121.21592197453, "gamma": 0.0780675595901704}, "datetime": {"datetime": "2021-09-29 08:13:12", "elapsed": 607.141485, "delta": 2.250148}}
{"target": -34.72417548096351, "params": {"C": 19423.934618161547, "gamma": 0.03946463827309956}, "datetime": {"datetime": "2021-09-29 08:13:14", "elapsed": 609.531096, "delta": 2.389611}}
{"target": -34.890862073440424, "params": {"C": 19246.31369219203, "gamma": 0.044736532741580064}, "datetime": {"datetime": "2021-09-29 08:13:17", "elapsed": 611.790567, "delta": 2.259471}}
{"target": -35.70577338296544, "params": {"C": 23603.08692404903, "gamma": 0.06274548661432872}, "datetime": {"datetime": "2021-09-29 08:13:20", "elapsed": 615.144224, "delta": 3.353657}}
{"target": -35.20882765431918, "params": {"C": 24240.78792491372, "gamma": 0.04932437354806673}, "datetime": {"datetime": "2021-09-29 08:13:23", "elapsed": 618.121718, "delta": 2.977494}}
{"target": -35.13495283371785, "params": {"C": 22143.539628633785, "gamma": 0.04900082620452312}, "datetime": {"datetime": "2021-09-29 08:13:26", "elapsed": 621.161866, "delta": 3.040148}}
{"target": -36.58112960003961, "params": {"C": 19453.843484187277, "gamma": 0.09879058591641368}, "datetime": {"datetime": "2021-09-29 08:13:28", "elapsed": 623.746352, "delta": 2.584486}}
{"target": -35.18992531076795, "params": {"C": 24105.621303730662, "gamma": 0.048950757284041975}, "datetime": {"datetime": "2021-09-29 08:13:31", "elapsed": 626.075611, "delta": 2.329259}}
{"target": -35.17887265429104, "params": {"C": 24090.98554581377, "gamma": 0.048686379372259406}, "datetime": {"datetime": "2021-09-29 08:13:34", "elapsed": 629.334367, "delta": 3.258756}}
{"target": -35.813733202739456, "params": {"C": 20905.14486344064, "gamma": 0.06893808349271803}, "datetime": {"datetime": "2021-09-29 08:13:37", "elapsed": 632.062052, "delta": 2.727685}}
{"target": -34.73474784599807, "params": {"C": 21783.955808788895, "gamma": 0.03825191918089321}, "datetime": {"datetime": "2021-09-29 08:13:42", "elapsed": 637.401247, "delta": 5.339195}}
{"target": -34.43133333667468, "params": {"C": 20640.029931021283, "gamma": 0.026100488942485525}, "datetime": {"datetime": "2021-09-29 08:13:47", "elapsed": 642.159864, "delta": 4.758617}}
{"target": -35.14752334471331, "params": {"C": 19544.974548844064, "gamma": 0.05149000266382978}, "datetime": {"datetime": "2021-09-29 08:13:51", "elapsed": 646.393068, "delta": 4.233204}}
{"target": -35.26451823447243, "params": {"C": 24732.384960615498, "gamma": 0.050351788027837074}, "datetime": {"datetime": "2021-09-29 08:13:53", "elapsed": 648.714067, "delta": 2.320999}}
{"target": -35.041345972043395, "params": {"C": 22713.110783035612, "gamma": 0.046193233140275534}, "datetime": {"datetime": "2021-09-29 08:13:58", "elapsed": 653.335573, "delta": 4.621506}}
{"target": -34.31466879663775, "params": {"C": 22412.505276227403, "gamma": 0.01980469818980354}, "datetime": {"datetime": "2021-09-29 08:14:02", "elapsed": 656.954982, "delta": 3.619409}}
{"target": -34.51370685439114, "params": {"C": 22625.631010421283, "gamma": 0.029039878665639392}, "datetime": {"datetime": "2021-09-29 08:14:05", "elapsed": 659.947899, "delta": 2.992917}}
{"target": -35.07654078422247, "params": {"C": 24273.03637521376, "gamma": 0.007831467564034635}, "datetime": {"datetime": "2021-09-29 08:14:08", "elapsed": 662.943448, "delta": 2.995549}}
{"target": -35.531131948702686, "params": {"C": 22412.51900738162, "gamma": 0.0591647256568854}, "datetime": {"datetime": "2021-09-29 08:14:11", "elapsed": 666.386369, "delta": 3.442921}}
{"target": -34.73363774010818, "params": {"C": 24195.798709518287, "gamma": 0.009367647305900666}, "datetime": {"datetime": "2021-09-29 08:14:13", "elapsed": 668.727898, "delta": 2.341529}}
{"target": -34.96972584703279, "params": {"C": 23538.19871546988, "gamma": 0.04384404351765466}, "datetime": {"datetime": "2021-09-29 08:14:17", "elapsed": 672.06628, "delta": 3.338382}}
{"target": -35.83389116782052, "params": {"C": 24273.095310699617, "gamma": 0.06562850848968714}, "datetime": {"datetime": "2021-09-29 08:14:20", "elapsed": 675.110575, "delta": 3.044295}}
{"target": -35.61057770511209, "params": {"C": 20142.361626621376, "gamma": 0.06382443153617326}, "datetime": {"datetime": "2021-09-29 08:14:24", "elapsed": 678.813932, "delta": 3.703357}}
{"target": -36.45976322392606, "params": {"C": 20964.536845298775, "gamma": 0.09048434514133064}, "datetime": {"datetime": "2021-09-29 08:14:26", "elapsed": 681.396785, "delta": 2.582853}}
