{"target": -47.73863331420154, "params": {"C": 101136.13354691863, "gamma": 0.08224693715151525}, "datetime": {"datetime": "2021-10-04 11:37:51", "elapsed": 17.874676, "delta": 0.384282}}
{"target": -47.86638681161673, "params": {"C": 101118.17963444746, "gamma": 0.08890268675136584}, "datetime": {"datetime": "2021-10-04 11:37:52", "elapsed": 18.248251, "delta": 0.373575}}
{"target": -51.17206158835666, "params": {"C": 52169.529083517235, "gamma": 0.2846148800776709}, "datetime": {"datetime": "2021-10-04 11:37:52", "elapsed": 18.625899, "delta": 0.377648}}
{"target": -51.22982723727246, "params": {"C": 101181.74684128088, "gamma": 0.29384088367338757}, "datetime": {"datetime": "2021-10-04 11:37:52", "elapsed": 19.014245, "delta": 0.388346}}
{"target": -51.148739570901746, "params": {"C": 101113.87262584685, "gamma": 0.2880134409648742}, "datetime": {"datetime": "2021-10-04 11:37:53", "elapsed": 19.378272, "delta": 0.364027}}
{"target": -47.72249783665952, "params": {"C": 101214.72918087413, "gamma": 0.07310477710737417}, "datetime": {"datetime": "2021-10-04 11:37:53", "elapsed": 19.772912, "delta": 0.39464}}
{"target": -49.641570257514424, "params": {"C": 101148.22886284116, "gamma": 0.010945093338955027}, "datetime": {"datetime": "2021-10-04 11:37:54", "elapsed": 20.168505, "delta": 0.395593}}
{"target": -49.588555575371984, "params": {"C": 52121.421232541106, "gamma": 0.21093595529415488}, "datetime": {"datetime": "2021-10-04 11:37:54", "elapsed": 20.559116, "delta": 0.390611}}
{"target": -49.39018011809845, "params": {"C": 101132.04135092812, "gamma": 0.15661532442519654}, "datetime": {"datetime": "2021-10-04 11:37:54", "elapsed": 20.99744, "delta": 0.438324}}
{"target": -50.62282628664383, "params": {"C": 40501.75257605432, "gamma": 0.2470399263860987}, "datetime": {"datetime": "2021-10-04 11:37:55", "elapsed": 21.458329, "delta": 0.460889}}
{"target": -47.842416936733876, "params": {"C": 40564.97645469544, "gamma": 0.07726481864019781}, "datetime": {"datetime": "2021-10-04 11:37:55", "elapsed": 21.935176, "delta": 0.476847}}
{"target": -49.75236294528955, "params": {"C": 101212.73195814932, "gamma": 0.187117890779762}, "datetime": {"datetime": "2021-10-04 11:37:56", "elapsed": 22.316278, "delta": 0.381102}}
{"target": -49.5325503091582, "params": {"C": 101265.26307035488, "gamma": 0.16666867948942185}, "datetime": {"datetime": "2021-10-04 11:37:56", "elapsed": 22.738494, "delta": 0.422216}}
{"target": -48.22533872425777, "params": {"C": 40535.76660594478, "gamma": 0.14098286114605219}, "datetime": {"datetime": "2021-10-04 11:37:57", "elapsed": 23.158784, "delta": 0.42029}}
{"target": -49.4558386470349, "params": {"C": 101163.30281400382, "gamma": 0.16104122665091797}, "datetime": {"datetime": "2021-10-04 11:37:57", "elapsed": 23.638401, "delta": 0.479617}}
{"target": -48.26362702360142, "params": {"C": 101205.03543625485, "gamma": 0.01901741093304262}, "datetime": {"datetime": "2021-10-04 11:37:58", "elapsed": 24.131464, "delta": 0.493063}}
{"target": -49.35591777892197, "params": {"C": 101156.27705094617, "gamma": 0.1544071915723344}, "datetime": {"datetime": "2021-10-04 11:37:58", "elapsed": 24.587116, "delta": 0.455652}}
{"target": -47.77594089893257, "params": {"C": 101143.69485943731, "gamma": 0.08511483516063881}, "datetime": {"datetime": "2021-10-04 11:37:58", "elapsed": 25.061471, "delta": 0.474355}}
{"target": -48.61758244992976, "params": {"C": 52145.239731974616, "gamma": 0.1551289876063356}, "datetime": {"datetime": "2021-10-04 11:37:59", "elapsed": 25.581675, "delta": 0.520204}}
{"target": -48.954500997883706, "params": {"C": 40524.4429655198, "gamma": 0.1743758489327265}, "datetime": {"datetime": "2021-10-04 11:37:59", "elapsed": 26.005616, "delta": 0.423941}}
{"target": -49.022784575428474, "params": {"C": 40566.42379083125, "gamma": 0.17761134131553152}, "datetime": {"datetime": "2021-10-04 11:38:00", "elapsed": 26.496853, "delta": 0.491237}}
{"target": -49.095028246454625, "params": {"C": 23675.066312984003, "gamma": 0.03472483641758624}, "datetime": {"datetime": "2021-10-04 11:38:00", "elapsed": 26.978118, "delta": 0.481265}}
{"target": -48.933143282593036, "params": {"C": 101106.57634817794, "gamma": 0.13085064253183226}, "datetime": {"datetime": "2021-10-04 11:38:01", "elapsed": 27.397433, "delta": 0.419315}}
{"target": -50.28610063296856, "params": {"C": 52110.894626923655, "gamma": 0.24570440404317728}, "datetime": {"datetime": "2021-10-04 11:38:01", "elapsed": 27.862605, "delta": 0.465172}}
{"target": -51.93873544770229, "params": {"C": 23694.599898645203, "gamma": 0.2516634397877345}, "datetime": {"datetime": "2021-10-04 11:38:02", "elapsed": 28.322035, "delta": 0.45943}}
{"target": -49.45927552358858, "params": {"C": 52157.792447537075, "gamma": 0.20309629321729633}, "datetime": {"datetime": "2021-10-04 11:38:02", "elapsed": 28.832032, "delta": 0.509997}}
{"target": -49.524456116862986, "params": {"C": 40538.02618878369, "gamma": 0.20110227451717838}, "datetime": {"datetime": "2021-10-04 11:38:03", "elapsed": 29.271658, "delta": 0.439626}}
{"target": -50.716310613617146, "params": {"C": 101197.48808084044, "gamma": 0.2590584824887445}, "datetime": {"datetime": "2021-10-04 11:38:03", "elapsed": 29.672456, "delta": 0.400798}}
{"target": -50.510074382525204, "params": {"C": 101239.41116051828, "gamma": 0.008484118454091898}, "datetime": {"datetime": "2021-10-04 11:38:03", "elapsed": 30.09463, "delta": 0.422174}}
{"target": -49.46864412809515, "params": {"C": 101119.75255765377, "gamma": 0.1620033418701054}, "datetime": {"datetime": "2021-10-04 11:38:04", "elapsed": 30.59974, "delta": 0.50511}}
{"target": -51.503707520843356, "params": {"C": 40556.94734396701, "gamma": 0.2836242416637082}, "datetime": {"datetime": "2021-10-04 11:38:04", "elapsed": 31.059644, "delta": 0.459904}}
{"target": -51.82354093481677, "params": {"C": 40562.361366113895, "gamma": 0.008935019009879787}, "datetime": {"datetime": "2021-10-04 11:38:05", "elapsed": 31.55476, "delta": 0.495116}}
{"target": -48.89877901316546, "params": {"C": 101269.63267262567, "gamma": 0.1289652141115925}, "datetime": {"datetime": "2021-10-04 11:38:05", "elapsed": 31.99554, "delta": 0.44078}}
{"target": -48.27398576709619, "params": {"C": 40530.47023174133, "gamma": 0.14346845899094654}, "datetime": {"datetime": "2021-10-04 11:38:06", "elapsed": 32.456895, "delta": 0.461355}}
{"target": -48.02906310218143, "params": {"C": 52104.66734419977, "gamma": 0.12376671877464432}, "datetime": {"datetime": "2021-10-04 11:38:06", "elapsed": 32.99735, "delta": 0.540455}}
{"target": -47.83680227037964, "params": {"C": 52117.37598921336, "gamma": 0.05263317675235164}, "datetime": {"datetime": "2021-10-04 11:38:07", "elapsed": 33.457896, "delta": 0.460546}}
{"target": -49.779188998729126, "params": {"C": 101224.88803610358, "gamma": 0.19012113896383565}, "datetime": {"datetime": "2021-10-04 11:38:07", "elapsed": 33.983764, "delta": 0.525868}}
{"target": -48.81162903936335, "params": {"C": 101140.8289531431, "gamma": 0.12466150884912745}, "datetime": {"datetime": "2021-10-04 11:38:08", "elapsed": 34.436299, "delta": 0.452535}}
{"target": -48.8926325828424, "params": {"C": 101170.63778346272, "gamma": 0.12872392230177795}, "datetime": {"datetime": "2021-10-04 11:38:08", "elapsed": 34.958302, "delta": 0.522003}}
{"target": -50.91321079915418, "params": {"C": 101134.78848790207, "gamma": 0.27180475671368104}, "datetime": {"datetime": "2021-10-04 11:38:09", "elapsed": 35.470042, "delta": 0.51174}}
{"target": -47.88073259781002, "params": {"C": 52119.60853835264, "gamma": 0.047859466772125374}, "datetime": {"datetime": "2021-10-04 11:38:09", "elapsed": 35.944236, "delta": 0.474194}}
{"target": -49.10883174974054, "params": {"C": 52142.4465261381, "gamma": 0.1824829323963514}, "datetime": {"datetime": "2021-10-04 11:38:10", "elapsed": 36.464317, "delta": 0.520081}}
{"target": -48.80146222740214, "params": {"C": 51633.29424787132, "gamma": 0.16593313885679475}, "datetime": {"datetime": "2021-10-04 11:38:10", "elapsed": 37.028561, "delta": 0.564244}}
{"target": -50.48051772593407, "params": {"C": 157501.89287336505, "gamma": 0.18653488220893313}, "datetime": {"datetime": "2021-10-04 11:38:11", "elapsed": 37.596244, "delta": 0.567683}}
{"target": -51.424071061137596, "params": {"C": 51622.46516117849, "gamma": 0.295478583157591}, "datetime": {"datetime": "2021-10-04 11:38:12", "elapsed": 38.101863, "delta": 0.505619}}
{"target": -49.69444161963093, "params": {"C": 101167.50261297441, "gamma": 0.18127381673217866}, "datetime": {"datetime": "2021-10-04 11:38:12", "elapsed": 38.628288, "delta": 0.526425}}
{"target": -48.00670828462521, "params": {"C": 107502.37589900363, "gamma": 0.031175264325436297}, "datetime": {"datetime": "2021-10-04 11:38:12", "elapsed": 39.083978, "delta": 0.45569}}
{"target": -51.058432262767646, "params": {"C": 51631.572592262746, "gamma": 0.27922874776419615}, "datetime": {"datetime": "2021-10-04 11:38:13", "elapsed": 39.554152, "delta": 0.470174}}
{"target": -50.995508706884586, "params": {"C": 40514.511638250915, "gamma": 0.011297938478682993}, "datetime": {"datetime": "2021-10-04 11:38:14", "elapsed": 40.097306, "delta": 0.543154}}
{"target": -47.9604619250873, "params": {"C": 52105.633439287245, "gamma": 0.12054011690543255}, "datetime": {"datetime": "2021-10-04 11:38:14", "elapsed": 40.646173, "delta": 0.548867}}
{"target": -48.80509496559429, "params": {"C": 52163.680916027086, "gamma": 0.16589694732969806}, "datetime": {"datetime": "2021-10-04 11:38:15", "elapsed": 41.245778, "delta": 0.599605}}
{"target": -51.1679778686947, "params": {"C": 101144.58479669492, "gamma": 0.28937490366713253}, "datetime": {"datetime": "2021-10-04 11:38:15", "elapsed": 41.793177, "delta": 0.547399}}
{"target": -49.62726315043067, "params": {"C": 33122.842583765305, "gamma": 0.019947383154357255}, "datetime": {"datetime": "2021-10-04 11:38:16", "elapsed": 42.245384, "delta": 0.452207}}
{"target": -52.259865555456756, "params": {"C": 401885.07422938774, "gamma": 0.2653768265200265}, "datetime": {"datetime": "2021-10-04 11:38:16", "elapsed": 42.78446, "delta": 0.539076}}
{"target": -50.53489359741348, "params": {"C": 187945.76306297697, "gamma": 0.006827074832551469}, "datetime": {"datetime": "2021-10-04 11:38:17", "elapsed": 43.302095, "delta": 0.517635}}
{"target": -51.9301103878524, "params": {"C": 331055.0271945281, "gamma": 0.24352115802770405}, "datetime": {"datetime": "2021-10-04 11:38:17", "elapsed": 43.867739, "delta": 0.565644}}
{"target": -52.09601541126506, "params": {"C": 350435.2648499118, "gamma": 0.18558690286801716}, "datetime": {"datetime": "2021-10-04 11:38:18", "elapsed": 44.52887, "delta": 0.661131}}
{"target": -49.95234115532173, "params": {"C": 459556.50930847466, "gamma": 0.03122751870729122}, "datetime": {"datetime": "2021-10-04 11:38:18", "elapsed": 45.073771, "delta": 0.544901}}
{"target": -47.8392218295663, "params": {"C": 70607.75701280613, "gamma": 0.04202833398707191}, "datetime": {"datetime": "2021-10-04 11:38:19", "elapsed": 45.618856, "delta": 0.545085}}
{"target": -48.07357816289189, "params": {"C": 136086.94927468328, "gamma": 0.020483026270664752}, "datetime": {"datetime": "2021-10-04 11:38:20", "elapsed": 46.151866, "delta": 0.53301}}
{"target": -49.14831888276584, "params": {"C": 137465.3791643687, "gamma": 0.1182321214334409}, "datetime": {"datetime": "2021-10-04 11:38:20", "elapsed": 46.731522, "delta": 0.579656}}
{"target": -47.82658679146871, "params": {"C": 57592.40492376901, "gamma": 0.05480522925366001}, "datetime": {"datetime": "2021-10-04 11:38:21", "elapsed": 47.282935, "delta": 0.551413}}
{"target": -51.66135599924102, "params": {"C": 185799.74306070906, "gamma": 0.29187050166405737}, "datetime": {"datetime": "2021-10-04 11:38:21", "elapsed": 47.837545, "delta": 0.55461}}
{"target": -50.77029330500308, "params": {"C": 476935.531233668, "gamma": 0.06867969919316579}, "datetime": {"datetime": "2021-10-04 11:38:22", "elapsed": 48.418788, "delta": 0.581243}}
{"target": -48.491205374816445, "params": {"C": 44544.52450642013, "gamma": 0.15426939472336482}, "datetime": {"datetime": "2021-10-04 11:38:22", "elapsed": 49.062549, "delta": 0.643761}}
{"target": -52.30232058177975, "params": {"C": 433343.76517780335, "gamma": 0.2532617747564257}, "datetime": {"datetime": "2021-10-04 11:38:23", "elapsed": 49.591135, "delta": 0.528586}}
{"target": -49.82919972286648, "params": {"C": 223844.72569649023, "gamma": 0.10646749822846963}, "datetime": {"datetime": "2021-10-04 11:38:24", "elapsed": 50.239005, "delta": 0.64787}}
{"target": -48.78696156162472, "params": {"C": 268889.52142609947, "gamma": 0.024763322979850462}, "datetime": {"datetime": "2021-10-04 11:38:24", "elapsed": 50.74956, "delta": 0.510555}}
{"target": -49.47968428848549, "params": {"C": 326576.81396072666, "gamma": 0.05051080319210559}, "datetime": {"datetime": "2021-10-04 11:38:25", "elapsed": 51.250523, "delta": 0.500963}}
{"target": -52.303248821596895, "params": {"C": 431919.130477355, "gamma": 0.2215207432316692}, "datetime": {"datetime": "2021-10-04 11:38:25", "elapsed": 51.783006, "delta": 0.532483}}
{"target": -51.65507302230469, "params": {"C": 289744.01059863897, "gamma": 0.21568337627297857}, "datetime": {"datetime": "2021-10-04 11:38:26", "elapsed": 52.346452, "delta": 0.563446}}
{"target": -50.79592256188171, "params": {"C": 185490.99992224886, "gamma": 0.19348059507780843}, "datetime": {"datetime": "2021-10-04 11:38:26", "elapsed": 52.906507, "delta": 0.560055}}
{"target": -48.6034436354749, "params": {"C": 72126.12639012441, "gamma": 0.13537071374583626}, "datetime": {"datetime": "2021-10-04 11:38:27", "elapsed": 53.439018, "delta": 0.532511}}
{"target": -47.6628907313512, "params": {"C": 94204.08021322549, "gamma": 0.0794034646104679}, "datetime": {"datetime": "2021-10-04 11:38:28", "elapsed": 54.157877, "delta": 0.718859}}
{"target": -49.61804325506555, "params": {"C": 351208.5085128591, "gamma": 0.04939401204514889}, "datetime": {"datetime": "2021-10-04 11:38:28", "elapsed": 54.800545, "delta": 0.642668}}
{"target": -52.71897933342535, "params": {"C": 470610.01513988205, "gamma": 0.13728844584701555}, "datetime": {"datetime": "2021-10-04 11:38:29", "elapsed": 55.36542, "delta": 0.564875}}
{"target": -49.703774663569, "params": {"C": 364582.3622264732, "gamma": 0.04401607460896482}, "datetime": {"datetime": "2021-10-04 11:38:29", "elapsed": 55.997712, "delta": 0.632292}}
{"target": -50.54582171365536, "params": {"C": 251074.36120578562, "gamma": 0.11843019911986018}, "datetime": {"datetime": "2021-10-04 11:38:30", "elapsed": 56.550367, "delta": 0.552655}}
{"target": -48.225217827626956, "params": {"C": 34490.92832411312, "gamma": 0.13499015828765623}, "datetime": {"datetime": "2021-10-04 11:38:31", "elapsed": 57.140395, "delta": 0.590028}}
{"target": -52.542438234235156, "params": {"C": 424476.15133853693, "gamma": 0.16512692045218214}, "datetime": {"datetime": "2021-10-04 11:38:31", "elapsed": 57.663143, "delta": 0.522748}}
{"target": -52.498532711893816, "params": {"C": 426660.21093937877, "gamma": 0.18394496988802322}, "datetime": {"datetime": "2021-10-04 11:38:32", "elapsed": 58.262834, "delta": 0.599691}}
{"target": -49.11215189554275, "params": {"C": 216420.00238741626, "gamma": 0.0843323684125406}, "datetime": {"datetime": "2021-10-04 11:38:32", "elapsed": 58.844344, "delta": 0.58151}}
{"target": -50.33846866886384, "params": {"C": 415314.52844972233, "gamma": 0.06726065526588422}, "datetime": {"datetime": "2021-10-04 11:38:33", "elapsed": 59.555792, "delta": 0.711448}}
{"target": -51.38398045184435, "params": {"C": 199129.7826843531, "gamma": 0.25985529846097727}, "datetime": {"datetime": "2021-10-04 11:38:34", "elapsed": 60.241371, "delta": 0.685579}}
{"target": -50.290734335079925, "params": {"C": 95146.91422030074, "gamma": 0.23623095670110653}, "datetime": {"datetime": "2021-10-04 11:38:34", "elapsed": 60.903244, "delta": 0.661873}}
{"target": -48.117431245698725, "params": {"C": 154681.20324052588, "gamma": 0.023099482684952606}, "datetime": {"datetime": "2021-10-04 11:38:35", "elapsed": 61.504595, "delta": 0.601351}}
{"target": -49.60810739318259, "params": {"C": 192057.19065541474, "gamma": 0.11065709639013688}, "datetime": {"datetime": "2021-10-04 11:38:35", "elapsed": 62.053845, "delta": 0.54925}}
{"target": -49.293577196376496, "params": {"C": 327299.6720102934, "gamma": 0.00820981822260838}, "datetime": {"datetime": "2021-10-04 11:38:36", "elapsed": 62.638459, "delta": 0.584614}}
{"target": -52.11935010283722, "params": {"C": 357222.00959568867, "gamma": 0.26252278474718166}, "datetime": {"datetime": "2021-10-04 11:38:37", "elapsed": 63.240369, "delta": 0.60191}}
{"target": -52.12811766901191, "params": {"C": 356009.50131464965, "gamma": 0.265358457227658}, "datetime": {"datetime": "2021-10-04 11:38:37", "elapsed": 63.836626, "delta": 0.596257}}
{"target": -52.665455202966534, "params": {"C": 489601.6552642961, "gamma": 0.1970264966553111}, "datetime": {"datetime": "2021-10-04 11:38:38", "elapsed": 64.418652, "delta": 0.582026}}
{"target": -48.40978153758266, "params": {"C": 101137.60629483365, "gamma": 0.1073665938399532}, "datetime": {"datetime": "2021-10-04 11:38:39", "elapsed": 65.111233, "delta": 0.692581}}
{"target": -48.63402132819379, "params": {"C": 80273.26423443547, "gamma": 0.13068023694751288}, "datetime": {"datetime": "2021-10-04 11:38:39", "elapsed": 65.749529, "delta": 0.638296}}
{"target": -49.108708734375924, "params": {"C": 442217.1683377203, "gamma": 0.008252889288374744}, "datetime": {"datetime": "2021-10-04 11:38:40", "elapsed": 66.364267, "delta": 0.614738}}
{"target": -48.03417421356717, "params": {"C": 72125.0865700902, "gamma": 0.027127761430117938}, "datetime": {"datetime": "2021-10-04 11:38:40", "elapsed": 67.016617, "delta": 0.65235}}
{"target": -50.80194099113142, "params": {"C": 56973.435214468285, "gamma": 0.27152753344274577}, "datetime": {"datetime": "2021-10-04 11:38:41", "elapsed": 67.675987, "delta": 0.65937}}
{"target": -51.71419119112414, "params": {"C": 38738.13158799248, "gamma": 0.28862943196258434}, "datetime": {"datetime": "2021-10-04 11:38:42", "elapsed": 68.36911, "delta": 0.693123}}
{"target": -48.39729620552973, "params": {"C": 101158.83221233953, "gamma": 0.01693407931594996}, "datetime": {"datetime": "2021-10-04 11:38:42", "elapsed": 69.051663, "delta": 0.682553}}
{"target": -52.71129045139117, "params": {"C": 467069.9029238718, "gamma": 0.13877733443720405}, "datetime": {"datetime": "2021-10-04 11:38:43", "elapsed": 69.645364, "delta": 0.593701}}
{"target": -51.01745316742254, "params": {"C": 499983.0447657349, "gamma": 0.07136582378824685}, "datetime": {"datetime": "2021-10-04 11:38:44", "elapsed": 70.282686, "delta": 0.637322}}
{"target": -50.39320937635681, "params": {"C": 101226.99070357985, "gamma": 0.23964626222243937}, "datetime": {"datetime": "2021-10-04 11:38:44", "elapsed": 71.067472, "delta": 0.784786}}
{"target": -48.50202505199273, "params": {"C": 52118.28411984521, "gamma": 0.02380770954636804}, "datetime": {"datetime": "2021-10-04 11:38:45", "elapsed": 71.858689, "delta": 0.791217}}
{"target": -50.61354954954884, "params": {"C": 52107.9149249591, "gamma": 0.26090385869683413}, "datetime": {"datetime": "2021-10-04 11:38:46", "elapsed": 72.566254, "delta": 0.707565}}
{"target": -48.931419517236485, "params": {"C": 107501.40471712603, "gamma": 0.1261593731994147}, "datetime": {"datetime": "2021-10-04 11:38:47", "elapsed": 73.325512, "delta": 0.759258}}
{"target": -52.467385040819046, "params": {"C": 493573.0128475493, "gamma": 0.26027777921210243}, "datetime": {"datetime": "2021-10-04 11:38:47", "elapsed": 74.061516, "delta": 0.736004}}
{"target": -50.42257713917696, "params": {"C": 107503.46838195779, "gamma": 0.23797843278731406}, "datetime": {"datetime": "2021-10-04 11:38:48", "elapsed": 74.754201, "delta": 0.692685}}
{"target": -50.1538306525151, "params": {"C": 52118.868780023025, "gamma": 0.23949745908874479}, "datetime": {"datetime": "2021-10-04 11:38:49", "elapsed": 75.497174, "delta": 0.742973}}
{"target": -48.63931697285754, "params": {"C": 465212.8757333637, "gamma": 0.013813017664241704}, "datetime": {"datetime": "2021-10-04 11:38:50", "elapsed": 76.186991, "delta": 0.689817}}
{"target": -48.2059483330665, "params": {"C": 31499.107602720695, "gamma": 0.1287827411572682}, "datetime": {"datetime": "2021-10-04 11:38:50", "elapsed": 76.856662, "delta": 0.669671}}
{"target": -49.75271837874564, "params": {"C": 57593.16855880963, "gamma": 0.21981555888223875}, "datetime": {"datetime": "2021-10-04 11:38:51", "elapsed": 77.523357, "delta": 0.666695}}
{"target": -49.19386068747413, "params": {"C": 45595.81324755407, "gamma": 0.18744548533737498}, "datetime": {"datetime": "2021-10-04 11:38:52", "elapsed": 78.234321, "delta": 0.710964}}
{"target": -49.62219215390666, "params": {"C": 52102.776713681335, "gamma": 0.2128075382987929}, "datetime": {"datetime": "2021-10-04 11:38:52", "elapsed": 79.066171, "delta": 0.83185}}
{"target": -52.363653044339245, "params": {"C": 420936.58796398976, "gamma": 0.13560030478321775}, "datetime": {"datetime": "2021-10-04 11:38:53", "elapsed": 79.976186, "delta": 0.910015}}
{"target": -52.044983385886646, "params": {"C": 335711.2694627084, "gamma": 0.2616571549329805}, "datetime": {"datetime": "2021-10-04 11:38:54", "elapsed": 80.831568, "delta": 0.855382}}
{"target": -51.24979919268244, "params": {"C": 106005.3876553417, "gamma": 0.29301483222099595}, "datetime": {"datetime": "2021-10-04 11:38:55", "elapsed": 81.653565, "delta": 0.821997}}
{"target": -51.214064895789875, "params": {"C": 298722.26729182305, "gamma": 0.12669346533935233}, "datetime": {"datetime": "2021-10-04 11:38:56", "elapsed": 82.343246, "delta": 0.689681}}
{"target": -49.79567351428385, "params": {"C": 390852.6096307983, "gamma": 0.03745975600823636}, "datetime": {"datetime": "2021-10-04 11:38:56", "elapsed": 83.028167, "delta": 0.684921}}
