{"target": -39.33477870817495, "params": {"C": 186.39278624059287, "gamma": 0.03705872942091539}, "datetime": {"datetime": "2021-09-28 12:02:28", "elapsed": 896.911566, "delta": 7.341234}}
{"target": -39.808838275072425, "params": {"C": 186.40874321021286, "gamma": 0.0083271020451181}, "datetime": {"datetime": "2021-09-28 12:02:34", "elapsed": 903.723383, "delta": 6.811817}}
{"target": -39.796579443484134, "params": {"C": 186.35903167547107, "gamma": 0.05789353071962114}, "datetime": {"datetime": "2021-09-28 12:02:42", "elapsed": 911.594798, "delta": 7.871415}}
{"target": -40.25934942437813, "params": {"C": 186.40035964529616, "gamma": 0.0794447908005061}, "datetime": {"datetime": "2021-09-28 12:02:46", "elapsed": 915.626176, "delta": 4.031378}}
{"target": -41.12386984745364, "params": {"C": 186.3546201922107, "gamma": 0.0033943927343186263}, "datetime": {"datetime": "2021-09-28 12:02:51", "elapsed": 919.857943, "delta": 4.231767}}
{"target": -39.15964889734628, "params": {"C": 186.45116391359528, "gamma": 0.020314339671493632}, "datetime": {"datetime": "2021-09-28 12:02:58", "elapsed": 927.124989, "delta": 7.267046}}
{"target": -39.84240619074369, "params": {"C": 186.48036196532192, "gamma": 0.008123253301922187}, "datetime": {"datetime": "2021-09-28 12:03:04", "elapsed": 932.984679, "delta": 5.85969}}
{"target": -39.365355402999164, "params": {"C": 186.4751191016871, "gamma": 0.0385497662637442}, "datetime": {"datetime": "2021-09-28 12:03:08", "elapsed": 937.366793, "delta": 4.382114}}
{"target": -40.14907595021278, "params": {"C": 186.5071913042155, "gamma": 0.07426183169416513}, "datetime": {"datetime": "2021-09-28 12:03:12", "elapsed": 941.518135, "delta": 4.151342}}
{"target": -39.172375029111215, "params": {"C": 186.4285709856492, "gamma": 0.026100357253359165}, "datetime": {"datetime": "2021-09-28 12:03:19", "elapsed": 948.456045, "delta": 6.93791}}
{"target": -40.18651637895426, "params": {"C": 158.56653490175475, "gamma": 0.06309562165144521}, "datetime": {"datetime": "2021-09-28 12:03:22", "elapsed": 951.684479, "delta": 3.228434}}
{"target": -40.5678055993486, "params": {"C": 134.2051595393729, "gamma": 0.008246989613602068}, "datetime": {"datetime": "2021-09-28 12:03:27", "elapsed": 956.152054, "delta": 4.467575}}
{"target": -41.28530340677191, "params": {"C": 63.261216714560675, "gamma": 0.025753956885206857}, "datetime": {"datetime": "2021-09-28 12:03:30", "elapsed": 959.121949, "delta": 2.969895}}
{"target": -40.82274339958319, "params": {"C": 186.31835287000246, "gamma": 0.10899593672942914}, "datetime": {"datetime": "2021-09-28 12:03:37", "elapsed": 965.903951, "delta": 6.782002}}
{"target": -39.293826516666726, "params": {"C": 184.49652388160465, "gamma": 0.03394974685190422}, "datetime": {"datetime": "2021-09-28 12:03:44", "elapsed": 973.172798, "delta": 7.268847}}
{"target": -40.60585166177836, "params": {"C": 199.87939306588498, "gamma": 0.1026317007788394}, "datetime": {"datetime": "2021-09-28 12:03:48", "elapsed": 977.699345, "delta": 4.526547}}
{"target": -39.03277508080632, "params": {"C": 199.69749906365865, "gamma": 0.022092563068844544}, "datetime": {"datetime": "2021-09-28 12:03:55", "elapsed": 984.704853, "delta": 7.005508}}
{"target": -39.18989528272368, "params": {"C": 184.27479005947987, "gamma": 0.01893936833625912}, "datetime": {"datetime": "2021-09-28 12:04:00", "elapsed": 989.525059, "delta": 4.820206}}
{"target": -40.63020634048032, "params": {"C": 194.76786527260407, "gamma": 0.10171004732038254}, "datetime": {"datetime": "2021-09-28 12:04:04", "elapsed": 992.947271, "delta": 3.422212}}
{"target": -39.76081868228739, "params": {"C": 146.05822231122622, "gamma": 0.03607462081646526}, "datetime": {"datetime": "2021-09-28 12:04:10", "elapsed": 999.58129, "delta": 6.634019}}
{"target": -40.636855897691184, "params": {"C": 146.06847536929934, "gamma": 0.07760783390497399}, "datetime": {"datetime": "2021-09-28 12:04:16", "elapsed": 1005.67606, "delta": 6.09477}}
{"target": -40.78712000683936, "params": {"C": 146.09048258544067, "gamma": 0.0060190205038733145}, "datetime": {"datetime": "2021-09-28 12:04:23", "elapsed": 1012.281167, "delta": 6.605107}}
{"target": -39.80082708506755, "params": {"C": 146.02287510126507, "gamma": 0.03817610770859948}, "datetime": {"datetime": "2021-09-28 12:04:30", "elapsed": 1019.072363, "delta": 6.791196}}
{"target": -39.14708694853173, "params": {"C": 199.71499804542572, "gamma": 0.03387082867346974}, "datetime": {"datetime": "2021-09-28 12:04:36", "elapsed": 1024.808034, "delta": 5.735671}}
{"target": -39.67842589189504, "params": {"C": 145.92659919053256, "gamma": 0.030990079675977295}, "datetime": {"datetime": "2021-09-28 12:04:42", "elapsed": 1031.473746, "delta": 6.665712}}
{"target": -40.388111286757976, "params": {"C": 145.94135715455585, "gamma": 0.06549692270058993}, "datetime": {"datetime": "2021-09-28 12:04:49", "elapsed": 1038.644474, "delta": 7.170728}}
{"target": -39.36877762911875, "params": {"C": 186.44685403596392, "gamma": 0.03869694458918376}, "datetime": {"datetime": "2021-09-28 12:04:55", "elapsed": 1044.492203, "delta": 5.847729}}
{"target": -41.3622400862306, "params": {"C": 145.97457234002982, "gamma": 0.0038579272738517617}, "datetime": {"datetime": "2021-09-28 12:05:01", "elapsed": 1050.177368, "delta": 5.685165}}
{"target": -39.648663125488284, "params": {"C": 145.89349526936067, "gamma": 0.028684928673692413}, "datetime": {"datetime": "2021-09-28 12:05:05", "elapsed": 1054.474331, "delta": 4.296963}}
{"target": -40.413251866069075, "params": {"C": 103.84645820467608, "gamma": 0.01968833602066336}, "datetime": {"datetime": "2021-09-28 12:05:08", "elapsed": 1057.265025, "delta": 2.790694}}
{"target": -39.99731790837322, "params": {"C": 145.83587722053957, "gamma": 0.011698608273099487}, "datetime": {"datetime": "2021-09-28 12:05:14", "elapsed": 1062.978543, "delta": 5.713518}}
{"target": -39.589079060435864, "params": {"C": 171.584029261819, "gamma": 0.04197056514884303}, "datetime": {"datetime": "2021-09-28 12:05:17", "elapsed": 1066.071904, "delta": 3.093361}}
{"target": -39.92309738286306, "params": {"C": 171.6135904423669, "gamma": 0.057495472498952906}, "datetime": {"datetime": "2021-09-28 12:05:22", "elapsed": 1071.706155, "delta": 5.634251}}
{"target": -39.89059353274547, "params": {"C": 171.54613618089184, "gamma": 0.055997855751385425}, "datetime": {"datetime": "2021-09-28 12:05:30", "elapsed": 1079.366618, "delta": 7.660463}}
{"target": -40.9965276330655, "params": {"C": 145.86416715073756, "gamma": 0.09611762839893308}, "datetime": {"datetime": "2021-09-28 12:05:38", "elapsed": 1087.329938, "delta": 7.96332}}
{"target": -39.575080926548004, "params": {"C": 190.15402082825952, "gamma": 0.04951323166504271}, "datetime": {"datetime": "2021-09-28 12:05:41", "elapsed": 1090.544037, "delta": 3.214099}}
{"target": -39.9195647633635, "params": {"C": 134.74178430783775, "gamma": 0.016145283938236155}, "datetime": {"datetime": "2021-09-28 12:05:44", "elapsed": 1093.569692, "delta": 3.025655}}
{"target": -39.975485140578584, "params": {"C": 190.1869888212917, "gamma": 0.06785713192418662}, "datetime": {"datetime": "2021-09-28 12:05:54", "elapsed": 1102.953935, "delta": 9.384243}}
{"target": -39.43762004439471, "params": {"C": 190.15261398402725, "gamma": 0.010742317421915466}, "datetime": {"datetime": "2021-09-28 12:06:03", "elapsed": 1111.854907, "delta": 8.900972}}
{"target": -40.20850763581627, "params": {"C": 171.55985495867498, "gamma": 0.007200312479109119}, "datetime": {"datetime": "2021-09-28 12:06:10", "elapsed": 1119.379144, "delta": 7.524237}}
{"target": -39.12131268909722, "params": {"C": 190.11967953944472, "gamma": 0.02249309101353419}, "datetime": {"datetime": "2021-09-28 12:06:14", "elapsed": 1123.631856, "delta": 4.252712}}
{"target": -39.56846551507122, "params": {"C": 190.110397270449, "gamma": 0.04920488631345981}, "datetime": {"datetime": "2021-09-28 12:06:21", "elapsed": 1130.737169, "delta": 7.105313}}
{"target": -40.16026434176117, "params": {"C": 190.13911161989543, "gamma": 0.07632260595928725}, "datetime": {"datetime": "2021-09-28 12:06:28", "elapsed": 1137.372206, "delta": 6.635037}}
{"target": -39.79857595865276, "params": {"C": 190.1068425383031, "gamma": 0.008101072249923756}, "datetime": {"datetime": "2021-09-28 12:06:34", "elapsed": 1143.391229, "delta": 6.019023}}
{"target": -39.16698151258849, "params": {"C": 190.1898463069508, "gamma": 0.029179297871481567}, "datetime": {"datetime": "2021-09-28 12:06:40", "elapsed": 1149.427024, "delta": 6.035795}}
{"target": -39.36069898063424, "params": {"C": 190.2328985737057, "gamma": 0.04004600715298615}, "datetime": {"datetime": "2021-09-28 12:06:47", "elapsed": 1156.749694, "delta": 7.32267}}
{"target": -40.11660725021006, "params": {"C": 190.2540010534695, "gamma": 0.07430952215791665}, "datetime": {"datetime": "2021-09-28 12:06:57", "elapsed": 1166.559109, "delta": 9.809415}}
{"target": -39.93370720178758, "params": {"C": 190.22848333215185, "gamma": 0.007365496975749883}, "datetime": {"datetime": "2021-09-28 12:07:08", "elapsed": 1176.897955, "delta": 10.338846}}
{"target": -39.12749358494302, "params": {"C": 190.27090531014957, "gamma": 0.024738282116172523}, "datetime": {"datetime": "2021-09-28 12:07:14", "elapsed": 1182.791903, "delta": 5.893948}}
{"target": -40.80525046702078, "params": {"C": 190.30550820234012, "gamma": 0.004110640430024297}, "datetime": {"datetime": "2021-09-28 12:07:21", "elapsed": 1190.696613, "delta": 7.90471}}
{"target": -39.18428573835646, "params": {"C": 190.25191622595443, "gamma": 0.030642414847288087}, "datetime": {"datetime": "2021-09-28 12:07:31", "elapsed": 1199.870409, "delta": 9.173796}}
{"target": -40.0919596674642, "params": {"C": 190.1827838737148, "gamma": 0.00661829012484364}, "datetime": {"datetime": "2021-09-28 12:07:39", "elapsed": 1207.888761, "delta": 8.018352}}
{"target": -41.30180098063924, "params": {"C": 113.74477161176819, "gamma": 0.005700415886788112}, "datetime": {"datetime": "2021-09-28 12:07:42", "elapsed": 1211.165272, "delta": 3.276511}}
{"target": -41.11516219994698, "params": {"C": 134.28554605314997, "gamma": 0.005263523119339557}, "datetime": {"datetime": "2021-09-28 12:07:47", "elapsed": 1216.290029, "delta": 5.124757}}
{"target": -40.78848397237307, "params": {"C": 171.58487915353658, "gamma": 0.0996493180616952}, "datetime": {"datetime": "2021-09-28 12:07:52", "elapsed": 1220.78377, "delta": 4.493741}}
{"target": -39.221650851607826, "params": {"C": 190.13451973016643, "gamma": 0.03292657394295604}, "datetime": {"datetime": "2021-09-28 12:07:57", "elapsed": 1225.907312, "delta": 5.123542}}
{"target": -39.32653395082199, "params": {"C": 171.61240485887478, "gamma": 0.01783303351208518}, "datetime": {"datetime": "2021-09-28 12:08:06", "elapsed": 1234.847572, "delta": 8.94026}}
{"target": -39.32091538639339, "params": {"C": 171.6506815445991, "gamma": 0.018253274276988495}, "datetime": {"datetime": "2021-09-28 12:08:13", "elapsed": 1242.419656, "delta": 7.572084}}
{"target": -39.2996470836853, "params": {"C": 171.69173269353274, "gamma": 0.021870731821596278}, "datetime": {"datetime": "2021-09-28 12:08:21", "elapsed": 1250.138984, "delta": 7.719328}}
{"target": -39.72827026503907, "params": {"C": 171.70756868255884, "gamma": 0.04850075877441415}, "datetime": {"datetime": "2021-09-28 12:08:26", "elapsed": 1254.976245, "delta": 4.837261}}
{"target": -40.60424455850578, "params": {"C": 171.66505539576008, "gamma": 0.08949068718512572}, "datetime": {"datetime": "2021-09-28 12:08:33", "elapsed": 1262.500398, "delta": 7.524153}}
{"target": -39.38466110613115, "params": {"C": 190.2084386231045, "gamma": 0.041120765318948524}, "datetime": {"datetime": "2021-09-28 12:08:39", "elapsed": 1268.494163, "delta": 5.993765}}
{"target": -39.33845525757293, "params": {"C": 171.77348453594232, "gamma": 0.028114402137319767}, "datetime": {"datetime": "2021-09-28 12:08:47", "elapsed": 1276.364982, "delta": 7.870819}}
{"target": -39.73215807194476, "params": {"C": 171.751611020422, "gamma": 0.048700513822778325}, "datetime": {"datetime": "2021-09-28 12:08:57", "elapsed": 1286.344794, "delta": 9.979812}}
{"target": -39.848016885087745, "params": {"C": 195.19571272299152, "gamma": 0.06375421391960391}, "datetime": {"datetime": "2021-09-28 12:09:01", "elapsed": 1290.201261, "delta": 3.856467}}
{"target": -39.733373736761884, "params": {"C": 171.79857579876062, "gamma": 0.04877806503303091}, "datetime": {"datetime": "2021-09-28 12:09:08", "elapsed": 1297.149166, "delta": 6.947905}}
{"target": -39.46780468774873, "params": {"C": 171.6619648220543, "gamma": 0.03608633872436765}, "datetime": {"datetime": "2021-09-28 12:09:14", "elapsed": 1303.751686, "delta": 6.60252}}
{"target": -39.37023361589628, "params": {"C": 190.26911885854585, "gamma": 0.040495286530373625}, "datetime": {"datetime": "2021-09-28 12:09:24", "elapsed": 1313.096346, "delta": 9.34466}}
{"target": -39.661006986432845, "params": {"C": 167.08075517259533, "gamma": 0.04317131975422956}, "datetime": {"datetime": "2021-09-28 12:09:28", "elapsed": 1317.305045, "delta": 4.208699}}
{"target": -39.38890407366193, "params": {"C": 171.71868963249116, "gamma": 0.01507070765468358}, "datetime": {"datetime": "2021-09-28 12:09:39", "elapsed": 1328.545757, "delta": 11.240712}}
{"target": -39.401585020680464, "params": {"C": 171.79250039927888, "gamma": 0.014732850552549016}, "datetime": {"datetime": "2021-09-28 12:09:47", "elapsed": 1336.073504, "delta": 7.527747}}
{"target": -39.66781114948533, "params": {"C": 167.1280626948114, "gamma": 0.04351733224840581}, "datetime": {"datetime": "2021-09-28 12:09:56", "elapsed": 1345.27729, "delta": 9.203786}}
{"target": -41.2079411928188, "params": {"C": 167.08774421151546, "gamma": 0.0036616933377950495}, "datetime": {"datetime": "2021-09-28 12:10:11", "elapsed": 1359.898083, "delta": 14.620793}}
{"target": -40.4972642971277, "params": {"C": 167.11687624386207, "gamma": 0.08179760632244673}, "datetime": {"datetime": "2021-09-28 12:10:21", "elapsed": 1370.616694, "delta": 10.718611}}
{"target": -40.22001355321919, "params": {"C": 167.05425778433366, "gamma": 0.06879582568597467}, "datetime": {"datetime": "2021-09-28 12:10:30", "elapsed": 1379.197322, "delta": 8.580628}}
{"target": -39.72711264531368, "params": {"C": 167.17470032938303, "gamma": 0.04633405160005591}, "datetime": {"datetime": "2021-09-28 12:10:35", "elapsed": 1384.016116, "delta": 4.818794}}
{"target": -39.34549472110088, "params": {"C": 171.83570045536476, "gamma": 0.02876546387498424}, "datetime": {"datetime": "2021-09-28 12:10:45", "elapsed": 1394.186343, "delta": 10.170227}}
{"target": -40.83675986992895, "params": {"C": 167.1786079480607, "gamma": 0.00478391904529687}, "datetime": {"datetime": "2021-09-28 12:10:54", "elapsed": 1402.843632, "delta": 8.657289}}
{"target": -40.27454334614688, "params": {"C": 171.83986550668095, "gamma": 0.073527310045172}, "datetime": {"datetime": "2021-09-28 12:11:04", "elapsed": 1412.798761, "delta": 9.955129}}
{"target": -40.43985190053408, "params": {"C": 171.88196135132796, "gamma": 0.006090743696223902}, "datetime": {"datetime": "2021-09-28 12:11:10", "elapsed": 1418.827729, "delta": 6.028968}}
{"target": -40.34744870604777, "params": {"C": 167.20154836613258, "gamma": 0.07465429955884605}, "datetime": {"datetime": "2021-09-28 12:11:16", "elapsed": 1425.171104, "delta": 6.343375}}
{"target": -40.214812388499624, "params": {"C": 181.16659592746794, "gamma": 0.0065697725632641035}, "datetime": {"datetime": "2021-09-28 12:11:27", "elapsed": 1436.537558, "delta": 11.366454}}
{"target": -39.6518176033774, "params": {"C": 171.8241914353323, "gamma": 0.011082192489739094}, "datetime": {"datetime": "2021-09-28 12:11:45", "elapsed": 1454.681684, "delta": 18.144126}}
{"target": -39.71557042370375, "params": {"C": 199.6667038441179, "gamma": 0.007878717814504459}, "datetime": {"datetime": "2021-09-28 12:11:53", "elapsed": 1462.105294, "delta": 7.42361}}
{"target": -39.13013531795696, "params": {"C": 199.81345717610574, "gamma": 0.03292055681334431}, "datetime": {"datetime": "2021-09-28 12:12:01", "elapsed": 1469.837919, "delta": 7.732625}}
{"target": -40.204865058332636, "params": {"C": 190.0630996480299, "gamma": 0.0784365372110132}, "datetime": {"datetime": "2021-09-28 12:12:06", "elapsed": 1475.28153, "delta": 5.443611}}
{"target": -39.21423738376632, "params": {"C": 184.36720958651713, "gamma": 0.01699089790168316}, "datetime": {"datetime": "2021-09-28 12:12:16", "elapsed": 1485.614028, "delta": 10.332498}}
{"target": -40.11468393829869, "params": {"C": 134.79752008146846, "gamma": 0.046190944641650265}, "datetime": {"datetime": "2021-09-28 12:12:22", "elapsed": 1491.691035, "delta": 6.077007}}
{"target": -39.59227958018078, "params": {"C": 171.75830110116897, "gamma": 0.01173278429479474}, "datetime": {"datetime": "2021-09-28 12:12:30", "elapsed": 1498.881597, "delta": 7.190562}}
{"target": -40.33086524936414, "params": {"C": 134.70847984434369, "gamma": 0.05623228472324997}, "datetime": {"datetime": "2021-09-28 12:12:37", "elapsed": 1506.267415, "delta": 7.385818}}
{"target": -39.66065144811826, "params": {"C": 163.23650677505825, "gamma": 0.04120842214806695}, "datetime": {"datetime": "2021-09-28 12:12:47", "elapsed": 1516.761317, "delta": 10.493902}}
{"target": -39.600960718817966, "params": {"C": 171.4609707996808, "gamma": 0.042470763970296636}, "datetime": {"datetime": "2021-09-28 12:12:57", "elapsed": 1526.616105, "delta": 9.854788}}
{"target": -40.86502528149475, "params": {"C": 171.48371576679244, "gamma": 0.10377167592399988}, "datetime": {"datetime": "2021-09-28 12:13:04", "elapsed": 1533.439611, "delta": 6.823506}}
{"target": -39.49872579132201, "params": {"C": 171.46027443403642, "gamma": 0.013007285463187555}, "datetime": {"datetime": "2021-09-28 12:13:11", "elapsed": 1540.604539, "delta": 7.164928}}
{"target": -40.19968191781113, "params": {"C": 171.35109707943838, "gamma": 0.06994601390692635}, "datetime": {"datetime": "2021-09-28 12:13:25", "elapsed": 1553.900372, "delta": 13.295833}}
{"target": -40.69900903743394, "params": {"C": 171.49534007104734, "gamma": 0.005091546349164184}, "datetime": {"datetime": "2021-09-28 12:13:31", "elapsed": 1559.840316, "delta": 5.939944}}
{"target": -39.30497883802236, "params": {"C": 171.43209220095363, "gamma": 0.023500625622014902}, "datetime": {"datetime": "2021-09-28 12:13:39", "elapsed": 1567.957046, "delta": 8.11673}}
{"target": -40.53642620339581, "params": {"C": 105.04393876411143, "gamma": 0.042455311765402126}, "datetime": {"datetime": "2021-09-28 12:13:43", "elapsed": 1572.051494, "delta": 4.094448}}
{"target": -40.91336867884078, "params": {"C": 171.74727147599384, "gamma": 0.10659150241815515}, "datetime": {"datetime": "2021-09-28 12:13:50", "elapsed": 1579.095345, "delta": 7.043851}}
{"target": -40.245828224694705, "params": {"C": 171.4184214892106, "gamma": 0.07203273519155722}, "datetime": {"datetime": "2021-09-28 12:14:01", "elapsed": 1590.488602, "delta": 11.393257}}
{"target": -41.02472147469701, "params": {"C": 94.38828352355696, "gamma": 0.0584973216433144}, "datetime": {"datetime": "2021-09-28 12:14:07", "elapsed": 1596.425963, "delta": 5.937361}}
{"target": -39.33059328863809, "params": {"C": 171.39227943022405, "gamma": 0.01769646711256296}, "datetime": {"datetime": "2021-09-28 12:14:16", "elapsed": 1604.849134, "delta": 8.423171}}
{"target": -40.15173340858939, "params": {"C": 115.90513608282251, "gamma": 0.030243242130780803}, "datetime": {"datetime": "2021-09-28 12:14:21", "elapsed": 1610.04101, "delta": 5.191876}}
{"target": -39.30327376765566, "params": {"C": 171.34723814342405, "gamma": 0.02168606404751215}, "datetime": {"datetime": "2021-09-28 12:14:31", "elapsed": 1619.912402, "delta": 9.871392}}
{"target": -40.60411843804625, "params": {"C": 163.22115911064995, "gamma": 0.08526104481628265}, "datetime": {"datetime": "2021-09-28 12:14:35", "elapsed": 1623.954595, "delta": 4.042193}}
{"target": -39.4513409114246, "params": {"C": 171.30645422652583, "gamma": 0.03503088343716055}, "datetime": {"datetime": "2021-09-28 12:14:44", "elapsed": 1632.939727, "delta": 8.985132}}
{"target": -39.57712181047079, "params": {"C": 171.3082363956773, "gamma": 0.011982984191431754}, "datetime": {"datetime": "2021-09-28 12:14:57", "elapsed": 1645.980192, "delta": 13.040465}}
{"target": -39.318863444712264, "params": {"C": 171.22026473020082, "gamma": 0.018858489991688664}, "datetime": {"datetime": "2021-09-28 12:15:04", "elapsed": 1652.959391, "delta": 6.979199}}
{"target": -41.001702372638796, "params": {"C": 150.9501911153821, "gamma": 0.09955562073027449}, "datetime": {"datetime": "2021-09-28 12:15:08", "elapsed": 1657.229376, "delta": 4.269985}}
{"target": -39.74562870462166, "params": {"C": 171.212403536084, "gamma": 0.04907816939773699}, "datetime": {"datetime": "2021-09-28 12:15:16", "elapsed": 1665.145069, "delta": 7.915693}}
{"target": -39.522994873636456, "params": {"C": 171.2468065902528, "gamma": 0.01269503095823846}, "datetime": {"datetime": "2021-09-28 12:15:26", "elapsed": 1675.125298, "delta": 9.980229}}
{"target": -40.193204847910195, "params": {"C": 171.41438263716253, "gamma": 0.007290419075094431}, "datetime": {"datetime": "2021-09-28 12:15:39", "elapsed": 1688.04928, "delta": 12.923982}}
{"target": -41.12831450729678, "params": {"C": 121.34089546052797, "gamma": 0.0869299413332361}, "datetime": {"datetime": "2021-09-28 12:15:43", "elapsed": 1691.95494, "delta": 3.90566}}
{"target": -39.19863319455669, "params": {"C": 183.634011705017, "gamma": 0.0260823977703859}, "datetime": {"datetime": "2021-09-28 12:15:46", "elapsed": 1695.705975, "delta": 3.751035}}
{"target": -39.64644755054366, "params": {"C": 183.61435368273158, "gamma": 0.04998495717104949}, "datetime": {"datetime": "2021-09-28 12:15:57", "elapsed": 1705.796731, "delta": 10.090756}}
