{"target": -0.4396403960832058, "params": {"C": 551.2471046720009, "gamma": 0.21247353200316962}, "datetime": {"datetime": "2021-10-04 10:19:36", "elapsed": 0.0, "delta": 0.0}}
{"target": -0.5054002633694263, "params": {"C": 291.6138341740314, "gamma": 0.15329719879877912}, "datetime": {"datetime": "2021-10-04 10:19:36", "elapsed": 0.186469, "delta": 0.186469}}
{"target": -0.39589614394487804, "params": {"C": 893.0540073933071, "gamma": 0.2688982973711381}, "datetime": {"datetime": "2021-10-04 10:19:36", "elapsed": 0.347396, "delta": 0.160927}}
{"target": -0.5915834250354759, "params": {"C": 126.45972515337242, "gamma": 0.062252139153642215}, "datetime": {"datetime": "2021-10-04 10:19:36", "elapsed": 0.520853, "delta": 0.173457}}
{"target": -0.7439301286436921, "params": {"C": 52.41573609752905, "gamma": 0.13229887211082586}, "datetime": {"datetime": "2021-10-04 10:19:37", "elapsed": 0.717864, "delta": 0.197011}}
{"target": -0.8312198618423468, "params": {"C": 816.3570295705007, "gamma": 0.0001}, "datetime": {"datetime": "2021-10-04 10:19:37", "elapsed": 1.001046, "delta": 0.283182}}
{"target": -0.21662088990472705, "params": {"C": 894.172224644928, "gamma": 0.1197656848710109}, "datetime": {"datetime": "2021-10-04 10:19:37", "elapsed": 1.245045, "delta": 0.243999}}
{"target": -0.3447921753097052, "params": {"C": 895.6328927670467, "gamma": 0.22356422268623116}, "datetime": {"datetime": "2021-10-04 10:19:37", "elapsed": 1.477569, "delta": 0.232524}}
{"target": -0.2794884713146015, "params": {"C": 554.3609108711161, "gamma": 0.07188945093827222}, "datetime": {"datetime": "2021-10-04 10:19:38", "elapsed": 1.692762, "delta": 0.215193}}
{"target": -0.27977165842197227, "params": {"C": 556.3667347226403, "gamma": 0.0530249356775953}, "datetime": {"datetime": "2021-10-04 10:19:38", "elapsed": 2.015057, "delta": 0.322295}}
{"target": -0.5241446432944263, "params": {"C": 559.0523582862577, "gamma": 0.29928498212312604}, "datetime": {"datetime": "2021-10-04 10:19:38", "elapsed": 2.299215, "delta": 0.284158}}
{"target": -0.4138352399775098, "params": {"C": 546.1044020826546, "gamma": 0.18924635409603233}, "datetime": {"datetime": "2021-10-04 10:19:38", "elapsed": 2.541974, "delta": 0.242759}}
{"target": -0.5094804996718303, "params": {"C": 542.660247039598, "gamma": 0.2760612100927742}, "datetime": {"datetime": "2021-10-04 10:19:39", "elapsed": 2.880463, "delta": 0.338489}}
{"target": -0.6337961818877822, "params": {"C": 209.0092653806014, "gamma": 0.2218595802928998}, "datetime": {"datetime": "2021-10-04 10:19:39", "elapsed": 3.171276, "delta": 0.290813}}
{"target": -0.33192780281526724, "params": {"C": 438.6803521611735, "gamma": 0.07194321757535775}, "datetime": {"datetime": "2021-10-04 10:19:39", "elapsed": 3.499894, "delta": 0.328618}}
{"target": -0.5674102157563428, "params": {"C": 436.4409483596438, "gamma": 0.2945713324061655}, "datetime": {"datetime": "2021-10-04 10:19:40", "elapsed": 3.767715, "delta": 0.267821}}
{"target": -0.5325142250525832, "params": {"C": 440.6745782982191, "gamma": 0.2564409931368147}, "datetime": {"datetime": "2021-10-04 10:19:40", "elapsed": 4.120625, "delta": 0.35291}}
{"target": -0.5218047827393744, "params": {"C": 555.2152121044912, "gamma": 0.2949602331509379}, "datetime": {"datetime": "2021-10-04 10:19:40", "elapsed": 4.527137, "delta": 0.406512}}
{"target": -0.442718969692665, "params": {"C": 556.389961178261, "gamma": 0.012485755202389965}, "datetime": {"datetime": "2021-10-04 10:19:41", "elapsed": 4.752772, "delta": 0.225635}}
{"target": -0.4212616124314923, "params": {"C": 802.9563892778173, "gamma": 0.27066808396817293}, "datetime": {"datetime": "2021-10-04 10:19:41", "elapsed": 5.024802, "delta": 0.27203}}
{"target": -0.48051261488521035, "params": {"C": 411.95882003706976, "gamma": 0.1939295697447883}, "datetime": {"datetime": "2021-10-04 10:19:41", "elapsed": 5.282765, "delta": 0.257963}}
{"target": -0.2986130955680715, "params": {"C": 902.1474074795902, "gamma": 0.1871867609944549}, "datetime": {"datetime": "2021-10-04 10:19:41", "elapsed": 5.515747, "delta": 0.232982}}
{"target": -0.5807634928632177, "params": {"C": 326.1464930324649, "gamma": 0.24749859241051675}, "datetime": {"datetime": "2021-10-04 10:19:42", "elapsed": 6.136209, "delta": 0.620462}}
{"target": -0.6209286326545143, "params": {"C": 109.71219410717639, "gamma": 0.043957875799019414}, "datetime": {"datetime": "2021-10-04 10:19:42", "elapsed": 6.49121, "delta": 0.355001}}
{"target": -0.38147973762737064, "params": {"C": 495.5663458584046, "gamma": 0.022443590392413545}, "datetime": {"datetime": "2021-10-04 10:19:43", "elapsed": 6.725534, "delta": 0.234324}}
{"target": -0.4896900708492449, "params": {"C": 250.81976339039426, "gamma": 0.11127648261930496}, "datetime": {"datetime": "2021-10-04 10:19:43", "elapsed": 6.969429, "delta": 0.243895}}
{"target": -0.3868012956521967, "params": {"C": 614.8093867067527, "gamma": 0.015787530296058325}, "datetime": {"datetime": "2021-10-04 10:19:43", "elapsed": 7.230144, "delta": 0.260715}}
{"target": -0.39321105399208656, "params": {"C": 895.6242853382117, "gamma": 0.2669408315306898}, "datetime": {"datetime": "2021-10-04 10:19:43", "elapsed": 7.502923, "delta": 0.272779}}
{"target": -0.18418471726875563, "params": {"C": 894.964095872276, "gamma": 0.04865103141055773}, "datetime": {"datetime": "2021-10-04 10:19:44", "elapsed": 7.761888, "delta": 0.258965}}
{"target": -0.8279769232701362, "params": {"C": 16.87652299846632, "gamma": 0.29707608147522585}, "datetime": {"datetime": "2021-10-04 10:19:44", "elapsed": 8.022179, "delta": 0.260291}}
{"target": -0.7593177380382767, "params": {"C": 36.069049095174556, "gamma": 0.09340878684858979}, "datetime": {"datetime": "2021-10-04 10:19:44", "elapsed": 8.291029, "delta": 0.26885}}
{"target": -0.24691847379906506, "params": {"C": 895.0497588784735, "gamma": 0.024960007929930465}, "datetime": {"datetime": "2021-10-04 10:19:44", "elapsed": 8.589454, "delta": 0.298425}}
{"target": -0.21354229326687602, "params": {"C": 894.9363928451768, "gamma": 0.11719509877418077}, "datetime": {"datetime": "2021-10-04 10:19:45", "elapsed": 8.923242, "delta": 0.333788}}
{"target": -0.3935221699661753, "params": {"C": 921.5422818351703, "gamma": 0.27336658864093494}, "datetime": {"datetime": "2021-10-04 10:19:45", "elapsed": 9.191541, "delta": 0.268299}}
{"target": -0.4595955621620089, "params": {"C": 706.4477738626405, "gamma": 0.281290584198248}, "datetime": {"datetime": "2021-10-04 10:19:45", "elapsed": 9.464771, "delta": 0.27323}}
{"target": -0.6810529585935488, "params": {"C": 94.96992563570436, "gamma": 0.13558918006454465}, "datetime": {"datetime": "2021-10-04 10:19:46", "elapsed": 9.743941, "delta": 0.27917}}
{"target": -0.4013502585283575, "params": {"C": 556.4040314920577, "gamma": 0.1825405119702209}, "datetime": {"datetime": "2021-10-04 10:19:46", "elapsed": 10.09897, "delta": 0.355029}}
{"target": -0.7519284668232626, "params": {"C": 170.24454628753432, "gamma": 0.004242176673399192}, "datetime": {"datetime": "2021-10-04 10:19:46", "elapsed": 10.402842, "delta": 0.303872}}
{"target": -0.30398602243440953, "params": {"C": 894.2649095790558, "gamma": 0.18989173563257516}, "datetime": {"datetime": "2021-10-04 10:19:47", "elapsed": 10.76311, "delta": 0.360268}}
{"target": -0.6699823981608133, "params": {"C": 139.23634042303706, "gamma": 0.19139963624139703}, "datetime": {"datetime": "2021-10-04 10:19:47", "elapsed": 11.08206, "delta": 0.31895}}
{"target": -0.3145808737865834, "params": {"C": 696.9923793672093, "gamma": 0.15441480671785082}, "datetime": {"datetime": "2021-10-04 10:19:47", "elapsed": 11.391042, "delta": 0.308982}}
{"target": -0.46774140437001166, "params": {"C": 691.8154592465323, "gamma": 0.28515026522996517}, "datetime": {"datetime": "2021-10-04 10:19:48", "elapsed": 11.681321, "delta": 0.290279}}
{"target": -0.33844781079285724, "params": {"C": 894.276880667362, "gamma": 0.21793945840452525}, "datetime": {"datetime": "2021-10-04 10:19:48", "elapsed": 12.252139, "delta": 0.570818}}
{"target": -0.480831612621196, "params": {"C": 894.8313344255913, "gamma": 0.005645498826424588}, "datetime": {"datetime": "2021-10-04 10:19:49", "elapsed": 12.667097, "delta": 0.414958}}
{"target": -0.30246597498793837, "params": {"C": 895.0362032477396, "gamma": 0.18883676879732297}, "datetime": {"datetime": "2021-10-04 10:19:49", "elapsed": 13.032724, "delta": 0.365627}}
{"target": -0.3860501312473321, "params": {"C": 556.2132270925249, "gamma": 0.17038002690582593}, "datetime": {"datetime": "2021-10-04 10:19:49", "elapsed": 13.496543, "delta": 0.463819}}
{"target": -0.4130222899352505, "params": {"C": 680.3916190235586, "gamma": 0.22939192893107146}, "datetime": {"datetime": "2021-10-04 10:19:50", "elapsed": 13.806109, "delta": 0.309566}}
{"target": -0.4142938855478908, "params": {"C": 857.2642926152485, "gamma": 0.27800409327444264}, "datetime": {"datetime": "2021-10-04 10:19:50", "elapsed": 14.18565, "delta": 0.379541}}
{"target": -0.3414310229498878, "params": {"C": 438.67201009292387, "gamma": 0.08696905428371818}, "datetime": {"datetime": "2021-10-04 10:19:50", "elapsed": 14.572646, "delta": 0.386996}}
{"target": -0.20519016841839033, "params": {"C": 894.0420975240322, "gamma": 0.10927559903405759}, "datetime": {"datetime": "2021-10-04 10:19:51", "elapsed": 14.931592, "delta": 0.358946}}
{"target": -0.3923468790818678, "params": {"C": 894.0535800128248, "gamma": 0.2657446163351838}, "datetime": {"datetime": "2021-10-04 10:19:51", "elapsed": 15.404277, "delta": 0.472685}}
{"target": -0.3527234521622573, "params": {"C": 450.83628999298327, "gamma": 0.10511485298330422}, "datetime": {"datetime": "2021-10-04 10:19:52", "elapsed": 15.770976, "delta": 0.366699}}
{"target": -0.23688347244529595, "params": {"C": 893.8612153225023, "gamma": 0.13676938679638007}, "datetime": {"datetime": "2021-10-04 10:19:52", "elapsed": 16.354941, "delta": 0.583965}}
{"target": -0.28590514178253756, "params": {"C": 893.7572878465639, "gamma": 0.01881877110404849}, "datetime": {"datetime": "2021-10-04 10:19:53", "elapsed": 16.707812, "delta": 0.352871}}
{"target": -0.3156213127039802, "params": {"C": 909.3119508307676, "gamma": 0.20224611718827548}, "datetime": {"datetime": "2021-10-04 10:19:53", "elapsed": 17.252481, "delta": 0.544669}}
{"target": -0.20160629962398646, "params": {"C": 894.1918333884969, "gamma": 0.03792878909921486}, "datetime": {"datetime": "2021-10-04 10:19:54", "elapsed": 17.649891, "delta": 0.39741}}
{"target": -0.2867752613561747, "params": {"C": 893.9329777724681, "gamma": 0.01870141877375789}, "datetime": {"datetime": "2021-10-04 10:19:54", "elapsed": 18.051638, "delta": 0.401747}}
{"target": -0.3679664002897711, "params": {"C": 894.3201809651416, "gamma": 0.011080759169482113}, "datetime": {"datetime": "2021-10-04 10:19:54", "elapsed": 18.491083, "delta": 0.439445}}
{"target": -0.3890316601675352, "params": {"C": 895.6080319593704, "gamma": 0.26297271044860415}, "datetime": {"datetime": "2021-10-04 10:19:55", "elapsed": 18.843574, "delta": 0.352491}}
{"target": -0.39058929302762446, "params": {"C": 554.1842409608099, "gamma": 0.017759439330200397}, "datetime": {"datetime": "2021-10-04 10:19:55", "elapsed": 19.237106, "delta": 0.393532}}
{"target": -0.5920651026973005, "params": {"C": 126.08996559198609, "gamma": 0.0618979550791964}, "datetime": {"datetime": "2021-10-04 10:19:55", "elapsed": 19.595192, "delta": 0.358086}}
{"target": -0.28683279925830774, "params": {"C": 554.5403351094512, "gamma": 0.045939545021361494}, "datetime": {"datetime": "2021-10-04 10:19:56", "elapsed": 19.95415, "delta": 0.358958}}
{"target": -0.28767606853249594, "params": {"C": 893.591723881974, "gamma": 0.1768688728436401}, "datetime": {"datetime": "2021-10-04 10:19:56", "elapsed": 20.321558, "delta": 0.367408}}
{"target": -0.3079179167334056, "params": {"C": 895.583787460934, "gamma": 0.01618301850640083}, "datetime": {"datetime": "2021-10-04 10:19:57", "elapsed": 20.787903, "delta": 0.466345}}
{"target": -0.4027104222651179, "params": {"C": 893.7617826518632, "gamma": 0.2756845614464367}, "datetime": {"datetime": "2021-10-04 10:19:57", "elapsed": 21.191732, "delta": 0.403829}}
{"target": -0.484799611092402, "params": {"C": 554.466657244672, "gamma": 0.25511960469846207}, "datetime": {"datetime": "2021-10-04 10:19:58", "elapsed": 21.615691, "delta": 0.423959}}
{"target": -0.4997903626609075, "params": {"C": 464.7528500649012, "gamma": 0.23419929425874583}, "datetime": {"datetime": "2021-10-04 10:19:58", "elapsed": 21.965632, "delta": 0.349941}}
{"target": -0.5201044260401275, "params": {"C": 902.1453980807028, "gamma": 0.0044323771888465}, "datetime": {"datetime": "2021-10-04 10:19:58", "elapsed": 22.57593, "delta": 0.610298}}
{"target": -0.35665573117082716, "params": {"C": 696.9934120952792, "gamma": 0.18716719244356034}, "datetime": {"datetime": "2021-10-04 10:19:59", "elapsed": 22.937583, "delta": 0.361653}}
{"target": -0.49493372515649847, "params": {"C": 587.9036432519614, "gamma": 0.2779595680194758}, "datetime": {"datetime": "2021-10-04 10:19:59", "elapsed": 23.282552, "delta": 0.344969}}
{"target": -0.4197041147727103, "params": {"C": 902.0447810758081, "gamma": 0.29495297832790085}, "datetime": {"datetime": "2021-10-04 10:20:00", "elapsed": 23.673813, "delta": 0.391261}}
{"target": -0.35785669749901383, "params": {"C": 697.188796622782, "gamma": 0.01616548915994559}, "datetime": {"datetime": "2021-10-04 10:20:00", "elapsed": 24.341491, "delta": 0.667678}}
{"target": -0.4281241897501533, "params": {"C": 885.0036494213482, "gamma": 0.2994122973351323}, "datetime": {"datetime": "2021-10-04 10:20:01", "elapsed": 24.705477, "delta": 0.363986}}
{"target": -0.43924569450691986, "params": {"C": 893.5319724931932, "gamma": 0.007227958977251336}, "datetime": {"datetime": "2021-10-04 10:20:01", "elapsed": 25.171417, "delta": 0.46594}}
{"target": -0.6569127180922105, "params": {"C": 696.9932451898604, "gamma": 0.0023777438827348413}, "datetime": {"datetime": "2021-10-04 10:20:01", "elapsed": 25.6008, "delta": 0.429383}}
{"target": -0.22890685902269037, "params": {"C": 895.3943258225086, "gamma": 0.028918354458807034}, "datetime": {"datetime": "2021-10-04 10:20:02", "elapsed": 26.054756, "delta": 0.453956}}
{"target": -0.513786850881754, "params": {"C": 267.62490799826, "gamma": 0.14519626930174942}, "datetime": {"datetime": "2021-10-04 10:20:03", "elapsed": 26.62953, "delta": 0.574774}}
{"target": -0.33447667044832663, "params": {"C": 895.2921084621311, "gamma": 0.21484345984119962}, "datetime": {"datetime": "2021-10-04 10:20:03", "elapsed": 27.33657, "delta": 0.70704}}
{"target": -0.4247473968205189, "params": {"C": 650.624340633526, "gamma": 0.23104712621628548}, "datetime": {"datetime": "2021-10-04 10:20:04", "elapsed": 27.911578, "delta": 0.575008}}
{"target": -0.27030716496183427, "params": {"C": 894.961276199343, "gamma": 0.02095999042116701}, "datetime": {"datetime": "2021-10-04 10:20:05", "elapsed": 28.632931, "delta": 0.721353}}
{"target": -0.18405787907858873, "params": {"C": 895.2704667905658, "gamma": 0.0855649239203995}, "datetime": {"datetime": "2021-10-04 10:20:05", "elapsed": 29.441231, "delta": 0.8083}}
{"target": -0.47342045712159164, "params": {"C": 895.1645984582055, "gamma": 0.0058953720676841355}, "datetime": {"datetime": "2021-10-04 10:20:06", "elapsed": 29.954549, "delta": 0.513318}}
{"target": -0.5373162439132992, "params": {"C": 305.7173073184409, "gamma": 0.19039033836291472}, "datetime": {"datetime": "2021-10-04 10:20:06", "elapsed": 30.334663, "delta": 0.380114}}
{"target": -0.2705226921907351, "params": {"C": 895.4487682934704, "gamma": 0.16378273741249594}, "datetime": {"datetime": "2021-10-04 10:20:07", "elapsed": 30.797262, "delta": 0.462599}}
{"target": -0.5260871012301165, "params": {"C": 273.8883372724838, "gamma": 0.16027412398410865}, "datetime": {"datetime": "2021-10-04 10:20:07", "elapsed": 31.181189, "delta": 0.383927}}
{"target": -0.23976768186084407, "params": {"C": 893.7068737164815, "gamma": 0.13907974544241136}, "datetime": {"datetime": "2021-10-04 10:20:08", "elapsed": 31.716098, "delta": 0.534909}}
{"target": -0.2992620370312986, "params": {"C": 893.5885636924104, "gamma": 0.1860065279654214}, "datetime": {"datetime": "2021-10-04 10:20:08", "elapsed": 32.182421, "delta": 0.466323}}
{"target": -0.41408208867654395, "params": {"C": 895.7738661796822, "gamma": 0.008369124568996874}, "datetime": {"datetime": "2021-10-04 10:20:09", "elapsed": 32.714438, "delta": 0.532017}}
{"target": -0.19407658637995606, "params": {"C": 894.0631952705726, "gamma": 0.04168165584607405}, "datetime": {"datetime": "2021-10-04 10:20:09", "elapsed": 33.483067, "delta": 0.768629}}
{"target": -0.636310465138064, "params": {"C": 296.4985710265962, "gamma": 0.29989438691765075}, "datetime": {"datetime": "2021-10-04 10:20:10", "elapsed": 33.977747, "delta": 0.49468}}
{"target": -0.3923561738859562, "params": {"C": 909.135464595698, "gamma": 0.26931970200742}, "datetime": {"datetime": "2021-10-04 10:20:11", "elapsed": 34.724261, "delta": 0.746514}}
{"target": -0.36026407652611203, "params": {"C": 909.4942838996355, "gamma": 0.23991231614338815}, "datetime": {"datetime": "2021-10-04 10:20:11", "elapsed": 35.279173, "delta": 0.554912}}
{"target": -0.6798288490399604, "params": {"C": 556.2347208410325, "gamma": 0.002514110546765619}, "datetime": {"datetime": "2021-10-04 10:20:12", "elapsed": 35.827418, "delta": 0.548245}}
{"target": -0.3084997500862363, "params": {"C": 902.3233996515813, "gamma": 0.19510595516287446}, "datetime": {"datetime": "2021-10-04 10:20:13", "elapsed": 36.648423, "delta": 0.821005}}
{"target": -0.32578494518161416, "params": {"C": 909.2652107563757, "gamma": 0.014137657134787643}, "datetime": {"datetime": "2021-10-04 10:20:13", "elapsed": 37.485069, "delta": 0.836646}}
{"target": -0.4246466819505488, "params": {"C": 546.1057356845862, "gamma": 0.1981046764920643}, "datetime": {"datetime": "2021-10-04 10:20:14", "elapsed": 38.07448, "delta": 0.589411}}
{"target": -0.5509556122719721, "params": {"C": 488.97528111066174, "gamma": 0.007293683531842416}, "datetime": {"datetime": "2021-10-04 10:20:15", "elapsed": 38.654657, "delta": 0.580177}}
{"target": -0.2787982985406656, "params": {"C": 554.7085748347374, "gamma": 0.05634018886323968}, "datetime": {"datetime": "2021-10-04 10:20:15", "elapsed": 39.183103, "delta": 0.528446}}
{"target": -0.4531849212447274, "params": {"C": 554.8703624716591, "gamma": 0.011714114379531003}, "datetime": {"datetime": "2021-10-04 10:20:16", "elapsed": 39.664383, "delta": 0.48128}}
{"target": -0.7510421864712344, "params": {"C": 52.7114724020824, "gamma": 0.1491847004425936}, "datetime": {"datetime": "2021-10-04 10:20:16", "elapsed": 40.112021, "delta": 0.447638}}
{"target": -0.24975911246285332, "params": {"C": 909.4932194917689, "gamma": 0.02383458284538409}, "datetime": {"datetime": "2021-10-04 10:20:17", "elapsed": 40.6156, "delta": 0.503579}}
{"target": -0.2640830548619739, "params": {"C": 909.6606419718172, "gamma": 0.16147103115694117}, "datetime": {"datetime": "2021-10-04 10:20:17", "elapsed": 41.197504, "delta": 0.581904}}
{"target": -0.2951318241052565, "params": {"C": 909.795578463708, "gamma": 0.18592615587983274}, "datetime": {"datetime": "2021-10-04 10:20:18", "elapsed": 41.973274, "delta": 0.77577}}
{"target": -0.28452833391874877, "params": {"C": 556.3696263968675, "gamma": 0.04732615137912927}, "datetime": {"datetime": "2021-10-04 10:20:19", "elapsed": 42.709768, "delta": 0.736494}}
{"target": -0.5379121890172223, "params": {"C": 489.04692636505945, "gamma": 0.28484705366048413}, "datetime": {"datetime": "2021-10-04 10:20:19", "elapsed": 43.544397, "delta": 0.834629}}
{"target": -0.2506327393912291, "params": {"C": 893.9620956550027, "gamma": 0.14783209008613443}, "datetime": {"datetime": "2021-10-04 10:20:20", "elapsed": 44.182561, "delta": 0.638164}}
{"target": -0.19980891621157326, "params": {"C": 895.044088679282, "gamma": 0.10420763597964254}, "datetime": {"datetime": "2021-10-04 10:20:21", "elapsed": 45.059003, "delta": 0.876442}}
{"target": -0.3953825174789676, "params": {"C": 893.7595403553884, "gamma": 0.2685741319491948}, "datetime": {"datetime": "2021-10-04 10:20:22", "elapsed": 45.823988, "delta": 0.764985}}
{"target": -0.26470070670200685, "params": {"C": 909.6052981085984, "gamma": 0.02133030204525365}, "datetime": {"datetime": "2021-10-04 10:20:23", "elapsed": 46.639439, "delta": 0.815451}}
{"target": -0.18295756084428927, "params": {"C": 895.3405470317246, "gamma": 0.08389210369535247}, "datetime": {"datetime": "2021-10-04 10:20:23", "elapsed": 47.252511, "delta": 0.613072}}
{"target": -0.17323805844797535, "params": {"C": 909.6985045987785, "gamma": 0.06447364455308804}, "datetime": {"datetime": "2021-10-04 10:20:24", "elapsed": 47.803371, "delta": 0.55086}}
{"target": -0.19724484910679374, "params": {"C": 909.7771755291888, "gamma": 0.03836220250168242}, "datetime": {"datetime": "2021-10-04 10:20:24", "elapsed": 48.377955, "delta": 0.574584}}
{"target": -0.3719682505121018, "params": {"C": 438.882957505987, "gamma": 0.11669426059341655}, "datetime": {"datetime": "2021-10-04 10:20:25", "elapsed": 48.94154, "delta": 0.563585}}
{"target": -0.18070195955958468, "params": {"C": 909.9201540787957, "gamma": 0.048854955523199496}, "datetime": {"datetime": "2021-10-04 10:20:26", "elapsed": 49.689148, "delta": 0.747608}}
{"target": -0.33606423769682636, "params": {"C": 509.0312352780939, "gamma": 0.03144577936216537}, "datetime": {"datetime": "2021-10-04 10:20:26", "elapsed": 50.232936, "delta": 0.543788}}
{"target": -0.19511627188267355, "params": {"C": 878.9684254101553, "gamma": 0.04305678534759954}, "datetime": {"datetime": "2021-10-04 10:20:27", "elapsed": 50.798275, "delta": 0.565339}}
{"target": -0.595005078454937, "params": {"C": 289.33701038604465, "gamma": 0.23961656555348965}, "datetime": {"datetime": "2021-10-04 10:20:27", "elapsed": 51.307765, "delta": 0.50949}}
