{"target": -35.23320326683134, "params": {"C": 33822.99158135467, "gamma": 0.04088474623579549}, "datetime": {"datetime": "2021-09-29 09:07:56", "elapsed": 960.297461, "delta": 5.176652}}
{"target": -36.77984644136509, "params": {"C": 34310.811559245994, "gamma": 0.07347130494853897}, "datetime": {"datetime": "2021-09-29 09:07:59", "elapsed": 963.157683, "delta": 2.860222}}
{"target": -35.75331886872209, "params": {"C": 34624.648049372736, "gamma": 0.050065695184607927}, "datetime": {"datetime": "2021-09-29 09:08:02", "elapsed": 966.701525, "delta": 3.543842}}
{"target": -35.65923777812305, "params": {"C": 33901.146466648315, "gamma": 0.04871625210739719}, "datetime": {"datetime": "2021-09-29 09:08:08", "elapsed": 972.534688, "delta": 5.833163}}
{"target": -34.525851921144366, "params": {"C": 34225.526667750164, "gamma": 0.021817524473660428}, "datetime": {"datetime": "2021-09-29 09:08:20", "elapsed": 984.001285, "delta": 11.466597}}
{"target": -35.297015918267945, "params": {"C": 34418.156784523126, "gamma": 0.04165965110578501}, "datetime": {"datetime": "2021-09-29 09:08:30", "elapsed": 994.288216, "delta": 10.286931}}
{"target": -34.81343271207465, "params": {"C": 34088.17104607711, "gamma": 0.011834342371195572}, "datetime": {"datetime": "2021-09-29 09:08:34", "elapsed": 998.470886, "delta": 4.18267}}
{"target": -35.10357803333285, "params": {"C": 31627.105574479425, "gamma": 0.03942682100797689}, "datetime": {"datetime": "2021-09-29 09:08:38", "elapsed": 1002.578983, "delta": 4.108097}}
{"target": -35.81131021037345, "params": {"C": 30869.25239482258, "gamma": 0.006119654055821461}, "datetime": {"datetime": "2021-09-29 09:08:44", "elapsed": 1007.93198, "delta": 5.352997}}
{"target": -35.513425828278436, "params": {"C": 33823.023777228154, "gamma": 0.0459311217322658}, "datetime": {"datetime": "2021-09-29 09:08:48", "elapsed": 1012.589312, "delta": 4.657332}}
{"target": -34.991290791504746, "params": {"C": 32680.163932207528, "gamma": 0.03623609710111703}, "datetime": {"datetime": "2021-09-29 09:08:57", "elapsed": 1021.133748, "delta": 8.544436}}
{"target": -35.104284696140944, "params": {"C": 31627.065461935465, "gamma": 0.03944397112775756}, "datetime": {"datetime": "2021-09-29 09:09:01", "elapsed": 1025.356681, "delta": 4.222933}}
{"target": -35.29492025110662, "params": {"C": 32938.741807503306, "gamma": 0.04246965904989585}, "datetime": {"datetime": "2021-09-29 09:09:04", "elapsed": 1028.394233, "delta": 3.037552}}
{"target": -35.60388587254956, "params": {"C": 33748.982344501266, "gamma": 0.04772439795429573}, "datetime": {"datetime": "2021-09-29 09:09:08", "elapsed": 1032.522193, "delta": 4.12796}}
{"target": -34.69270886805212, "params": {"C": 31984.366455705254, "gamma": 0.028878100230964023}, "datetime": {"datetime": "2021-09-29 09:09:14", "elapsed": 1038.25264, "delta": 5.730447}}
{"target": -34.46495741915321, "params": {"C": 33510.83757894549, "gamma": 0.01686866825518755}, "datetime": {"datetime": "2021-09-29 09:09:17", "elapsed": 1041.725797, "delta": 3.473157}}
{"target": -35.28292716849493, "params": {"C": 33823.004290410434, "gamma": 0.008386512792184395}, "datetime": {"datetime": "2021-09-29 09:09:22", "elapsed": 1046.288447, "delta": 4.56265}}
{"target": -35.8074162994862, "params": {"C": 34948.99260331354, "gamma": 0.05086508854178828}, "datetime": {"datetime": "2021-09-29 09:09:27", "elapsed": 1050.967907, "delta": 4.67946}}
{"target": -34.473687758020404, "params": {"C": 32332.52270885616, "gamma": 0.01765592055509704}, "datetime": {"datetime": "2021-09-29 09:09:31", "elapsed": 1055.240059, "delta": 4.272152}}
{"target": -34.6508871481579, "params": {"C": 32492.517644253407, "gamma": 0.013739769538171468}, "datetime": {"datetime": "2021-09-29 09:09:36", "elapsed": 1060.105094, "delta": 4.865035}}
{"target": -35.27718895279589, "params": {"C": 32332.51865100825, "gamma": 0.0425141132193559}, "datetime": {"datetime": "2021-09-29 09:09:42", "elapsed": 1066.32151, "delta": 6.216416}}
{"target": -34.501389261768054, "params": {"C": 31913.703962099524, "gamma": 0.020078757223003414}, "datetime": {"datetime": "2021-09-29 09:09:47", "elapsed": 1071.730218, "delta": 5.408708}}
{"target": -35.961694029000064, "params": {"C": 32214.392279892516, "gamma": 0.005422861538266664}, "datetime": {"datetime": "2021-09-29 09:09:55", "elapsed": 1078.929541, "delta": 7.199323}}
{"target": -35.81921786019072, "params": {"C": 32596.24599597692, "gamma": 0.05294486881031548}, "datetime": {"datetime": "2021-09-29 09:10:00", "elapsed": 1084.022727, "delta": 5.093186}}
{"target": -35.61359253948173, "params": {"C": 33651.762162197854, "gamma": 0.006861817698293961}, "datetime": {"datetime": "2021-09-29 09:10:08", "elapsed": 1092.454686, "delta": 8.431959}}
{"target": -36.85045850629823, "params": {"C": 32689.769583626534, "gamma": 0.07741127297080515}, "datetime": {"datetime": "2021-09-29 09:10:11", "elapsed": 1095.403165, "delta": 2.948479}}
{"target": -34.524925729212335, "params": {"C": 32949.1395080021, "gamma": 0.021759114236272453}, "datetime": {"datetime": "2021-09-29 09:10:14", "elapsed": 1098.67232, "delta": 3.269155}}
{"target": -35.0478282468165, "params": {"C": 33511.4362724131, "gamma": 0.037145346168898766}, "datetime": {"datetime": "2021-09-29 09:10:25", "elapsed": 1109.256306, "delta": 10.583986}}
{"target": -34.52200448897573, "params": {"C": 32446.88461363754, "gamma": 0.021565477806404703}, "datetime": {"datetime": "2021-09-29 09:10:30", "elapsed": 1113.924323, "delta": 4.668017}}
{"target": -34.584078479200585, "params": {"C": 30820.403341519897, "gamma": 0.014754279495225568}, "datetime": {"datetime": "2021-09-29 09:10:36", "elapsed": 1120.644869, "delta": 6.720546}}
{"target": -35.242263516782515, "params": {"C": 33700.31572982097, "gamma": 0.04110854419551756}, "datetime": {"datetime": "2021-09-29 09:10:43", "elapsed": 1126.999312, "delta": 6.354443}}
{"target": -34.636677040280674, "params": {"C": 31774.914174354766, "gamma": 0.02691921303247515}, "datetime": {"datetime": "2021-09-29 09:10:49", "elapsed": 1133.265495, "delta": 6.266183}}
{"target": -35.19080902257044, "params": {"C": 32214.380680982922, "gamma": 0.04104846009427576}, "datetime": {"datetime": "2021-09-29 09:11:01", "elapsed": 1145.667057, "delta": 12.401562}}
{"target": -34.60768272812483, "params": {"C": 34414.83256194975, "gamma": 0.025337436708311428}, "datetime": {"datetime": "2021-09-29 09:11:08", "elapsed": 1152.715422, "delta": 7.048365}}
{"target": -34.56016791406778, "params": {"C": 31121.156165629887, "gamma": 0.015091538610251216}, "datetime": {"datetime": "2021-09-29 09:11:12", "elapsed": 1156.285525, "delta": 3.570103}}
{"target": -34.97681464794602, "params": {"C": 31984.389279477156, "gamma": 0.036238826826191686}, "datetime": {"datetime": "2021-09-29 09:11:19", "elapsed": 1162.97972, "delta": 6.694195}}
{"target": -35.8196521348846, "params": {"C": 30712.26025634369, "gamma": 0.0060888584379421955}, "datetime": {"datetime": "2021-09-29 09:11:25", "elapsed": 1169.541531, "delta": 6.561811}}
{"target": -34.48664902896309, "params": {"C": 34525.55858064554, "gamma": 0.016056392079233664}, "datetime": {"datetime": "2021-09-29 09:11:31", "elapsed": 1174.882617, "delta": 5.341086}}
{"target": -36.59818519570685, "params": {"C": 30906.22573809429, "gamma": 0.0734126857718889}, "datetime": {"datetime": "2021-09-29 09:11:34", "elapsed": 1178.234563, "delta": 3.351946}}
{"target": -35.69050938918477, "params": {"C": 30634.57652158276, "gamma": 0.05193389461832012}, "datetime": {"datetime": "2021-09-29 09:11:37", "elapsed": 1181.683448, "delta": 3.448885}}
{"target": -35.15367107593965, "params": {"C": 33277.405182248825, "gamma": 0.039727183684400556}, "datetime": {"datetime": "2021-09-29 09:11:42", "elapsed": 1186.349249, "delta": 4.665801}}
{"target": -35.35834616131586, "params": {"C": 34136.60540183127, "gamma": 0.007990293456467531}, "datetime": {"datetime": "2021-09-29 09:11:48", "elapsed": 1192.070228, "delta": 5.720979}}
{"target": -34.79233876747186, "params": {"C": 34418.20218471829, "gamma": 0.030957105512408892}, "datetime": {"datetime": "2021-09-29 09:11:54", "elapsed": 1197.911825, "delta": 5.841597}}
{"target": -34.58290699155783, "params": {"C": 33901.12470755827, "gamma": 0.01444186092768241}, "datetime": {"datetime": "2021-09-29 09:12:03", "elapsed": 1207.698555, "delta": 9.78673}}
{"target": -34.5280670596082, "params": {"C": 31300.21407669336, "gamma": 0.015653285599828093}, "datetime": {"datetime": "2021-09-29 09:12:07", "elapsed": 1211.638048, "delta": 3.939493}}
{"target": -35.524545792539406, "params": {"C": 31378.263449600337, "gamma": 0.007397459392929554}, "datetime": {"datetime": "2021-09-29 09:12:11", "elapsed": 1215.54195, "delta": 3.903902}}
{"target": -35.156482837651836, "params": {"C": 31213.20872677783, "gamma": 0.009319940951197299}, "datetime": {"datetime": "2021-09-29 09:12:20", "elapsed": 1224.623835, "delta": 9.081885}}
{"target": -35.48810646742052, "params": {"C": 31774.92188321347, "gamma": 0.046835430480285684}, "datetime": {"datetime": "2021-09-29 09:12:31", "elapsed": 1235.834965, "delta": 11.21113}}
{"target": -35.130535861179936, "params": {"C": 33651.73956167376, "gamma": 0.038992969280338866}, "datetime": {"datetime": "2021-09-29 09:12:37", "elapsed": 1241.101954, "delta": 5.266989}}
{"target": -36.8111808276662, "params": {"C": 32894.46075585612, "gamma": 0.07612537511645909}, "datetime": {"datetime": "2021-09-29 09:12:40", "elapsed": 1244.326291, "delta": 3.224337}}
{"target": -34.530115351410316, "params": {"C": 31854.85455718039, "gamma": 0.02208479574449707}, "datetime": {"datetime": "2021-09-29 09:12:46", "elapsed": 1250.264026, "delta": 5.937735}}
{"target": -34.49928329675202, "params": {"C": 31893.545714216863, "gamma": 0.019912644995916242}, "datetime": {"datetime": "2021-09-29 09:12:52", "elapsed": 1256.635378, "delta": 6.371352}}
{"target": -35.03072921056376, "params": {"C": 30102.630483022433, "gamma": 0.010385637267860615}, "datetime": {"datetime": "2021-09-29 09:12:59", "elapsed": 1263.466882, "delta": 6.831504}}
{"target": -35.00084247929287, "params": {"C": 33923.889680651424, "gamma": 0.01029557335523159}, "datetime": {"datetime": "2021-09-29 09:13:02", "elapsed": 1266.801107, "delta": 3.334225}}
{"target": -36.0947708202015, "params": {"C": 30843.439523364086, "gamma": 0.004875756954213195}, "datetime": {"datetime": "2021-09-29 09:13:15", "elapsed": 1279.544531, "delta": 12.743424}}
{"target": -34.55501564680003, "params": {"C": 33700.355695074664, "gamma": 0.014931817173645126}, "datetime": {"datetime": "2021-09-29 09:13:22", "elapsed": 1286.108213, "delta": 6.563682}}
{"target": -35.460677578347315, "params": {"C": 31880.658705587837, "gamma": 0.007664668325255673}, "datetime": {"datetime": "2021-09-29 09:13:30", "elapsed": 1294.652393, "delta": 8.54418}}
{"target": -35.57815424357117, "params": {"C": 30041.51206313402, "gamma": 0.05000043654262216}, "datetime": {"datetime": "2021-09-29 09:13:36", "elapsed": 1300.738263, "delta": 6.08587}}
{"target": -35.71701957132302, "params": {"C": 32503.4582232041, "gamma": 0.006464450343420159}, "datetime": {"datetime": "2021-09-29 09:13:44", "elapsed": 1308.581943, "delta": 7.84368}}
{"target": -35.905949675718915, "params": {"C": 30843.4423328084, "gamma": 0.05639679497416768}, "datetime": {"datetime": "2021-09-29 09:13:51", "elapsed": 1315.589638, "delta": 7.007695}}
{"target": -34.77341556259211, "params": {"C": 30844.009690404975, "gamma": 0.012558408879974635}, "datetime": {"datetime": "2021-09-29 09:13:55", "elapsed": 1319.487586, "delta": 3.897948}}
{"target": -34.61648120625856, "params": {"C": 30812.154488010623, "gamma": 0.01436041901025312}, "datetime": {"datetime": "2021-09-29 09:14:00", "elapsed": 1324.768844, "delta": 5.281258}}
{"target": -34.82018082493214, "params": {"C": 32974.62069126499, "gamma": 0.011861968235074873}, "datetime": {"datetime": "2021-09-29 09:14:04", "elapsed": 1328.361671, "delta": 3.592827}}
{"target": -36.69892550052958, "params": {"C": 31987.909942964394, "gamma": 0.07463261321285738}, "datetime": {"datetime": "2021-09-29 09:14:08", "elapsed": 1331.882044, "delta": 3.520373}}
{"target": -35.10216357911084, "params": {"C": 32148.598433532443, "gamma": 0.03910888247493471}, "datetime": {"datetime": "2021-09-29 09:14:11", "elapsed": 1335.73748, "delta": 3.855436}}
{"target": -36.2118464856041, "params": {"C": 32761.058476557995, "gamma": 0.004393340773798633}, "datetime": {"datetime": "2021-09-29 09:14:18", "elapsed": 1342.496489, "delta": 6.759009}}
{"target": -36.24940335690158, "params": {"C": 38856.60321633373, "gamma": 0.004182861113485885}, "datetime": {"datetime": "2021-09-29 09:14:24", "elapsed": 0.0, "delta": 0.0}}
{"target": -35.64397779924599, "params": {"C": 38168.241174631374, "gamma": 0.04568182130470087}, "datetime": {"datetime": "2021-09-29 09:14:24", "elapsed": 0.173001, "delta": 0.173001}}
{"target": -34.48842233720858, "params": {"C": 37492.53506151295, "gamma": 0.015813408795258315}, "datetime": {"datetime": "2021-09-29 09:14:24", "elapsed": 0.347001, "delta": 0.174}}
{"target": -35.60913586819475, "params": {"C": 35990.31432379812, "gamma": 0.04635025059534065}, "datetime": {"datetime": "2021-09-29 09:14:24", "elapsed": 0.524998, "delta": 0.177997}}
{"target": -34.51851500149278, "params": {"C": 37491.53605877652, "gamma": 0.015196893428852533}, "datetime": {"datetime": "2021-09-29 09:14:25", "elapsed": 0.818002, "delta": 0.293004}}
{"target": -35.51315585062869, "params": {"C": 37530.15555286552, "gamma": 0.043672363052518946}, "datetime": {"datetime": "2021-09-29 09:14:25", "elapsed": 1.133003, "delta": 0.315001}}
{"target": -36.152715276928184, "params": {"C": 37445.75557595105, "gamma": 0.056014984666893926}, "datetime": {"datetime": "2021-09-29 09:14:25", "elapsed": 1.416523, "delta": 0.28352}}
{"target": -36.24433135792741, "params": {"C": 36915.45041635165, "gamma": 0.004222007657072881}, "datetime": {"datetime": "2021-09-29 09:14:25", "elapsed": 1.712245, "delta": 0.295722}}
{"target": -34.610614385885796, "params": {"C": 35570.42070925337, "gamma": 0.013858454658341717}, "datetime": {"datetime": "2021-09-29 09:14:26", "elapsed": 2.049246, "delta": 0.337001}}
{"target": -34.67991613238859, "params": {"C": 35594.879808563834, "gamma": 0.027640364224985375}, "datetime": {"datetime": "2021-09-29 09:14:26", "elapsed": 2.376245, "delta": 0.326999}}
{"target": -35.352818015173504, "params": {"C": 35535.46079519414, "gamma": 0.04199783959202713}, "datetime": {"datetime": "2021-09-29 09:14:26", "elapsed": 2.750246, "delta": 0.374001}}
{"target": -36.24972927449381, "params": {"C": 35630.85672913827, "gamma": 0.004219064538974391}, "datetime": {"datetime": "2021-09-29 09:14:27", "elapsed": 3.150245, "delta": 0.399999}}
{"target": -34.78758570545127, "params": {"C": 39345.95169763098, "gamma": 0.02918971853657348}, "datetime": {"datetime": "2021-09-29 09:14:27", "elapsed": 3.502338, "delta": 0.352093}}
{"target": -36.06425375080239, "params": {"C": 39373.95542100002, "gamma": 0.05271467548237863}, "datetime": {"datetime": "2021-09-29 09:14:28", "elapsed": 3.883921, "delta": 0.381583}}
{"target": -34.5492739861882, "params": {"C": 39324.76817347359, "gamma": 0.02241496885415884}, "datetime": {"datetime": "2021-09-29 09:14:28", "elapsed": 4.251012, "delta": 0.367091}}
{"target": -36.4124674858143, "params": {"C": 39297.181487286434, "gamma": 0.06}, "datetime": {"datetime": "2021-09-29 09:14:28", "elapsed": 4.728923, "delta": 0.477911}}
{"target": -36.11455083047471, "params": {"C": 35582.21508455464, "gamma": 0.05673573042263659}, "datetime": {"datetime": "2021-09-29 09:14:29", "elapsed": 5.190923, "delta": 0.462}}
{"target": -36.34519303996171, "params": {"C": 39331.737773883884, "gamma": 0.05847949741749396}, "datetime": {"datetime": "2021-09-29 09:14:29", "elapsed": 5.581819, "delta": 0.390896}}
{"target": -35.047634192378055, "params": {"C": 39321.05979197276, "gamma": 0.009573266553042293}, "datetime": {"datetime": "2021-09-29 09:14:30", "elapsed": 5.968824, "delta": 0.387005}}
{"target": -34.615660436219066, "params": {"C": 35566.26882165821, "gamma": 0.025425985953128477}, "datetime": {"datetime": "2021-09-29 09:14:30", "elapsed": 6.320871, "delta": 0.352047}}
{"target": -34.71152685314585, "params": {"C": 35601.27435881407, "gamma": 0.028677130931055245}, "datetime": {"datetime": "2021-09-29 09:14:30", "elapsed": 6.707817, "delta": 0.386946}}
{"target": -34.47711533442971, "params": {"C": 37498.54584308816, "gamma": 0.01848597742432384}, "datetime": {"datetime": "2021-09-29 09:14:31", "elapsed": 7.10482, "delta": 0.397003}}
{"target": -34.59616170263535, "params": {"C": 37504.22645588309, "gamma": 0.024406385919847073}, "datetime": {"datetime": "2021-09-29 09:14:31", "elapsed": 7.502839, "delta": 0.398019}}
{"target": -35.132879491292, "params": {"C": 39353.36299931604, "gamma": 0.03623256968016849}, "datetime": {"datetime": "2021-09-29 09:14:32", "elapsed": 7.896824, "delta": 0.393985}}
{"target": -36.26541502658084, "params": {"C": 37511.55858402041, "gamma": 0.058337469196098904}, "datetime": {"datetime": "2021-09-29 09:14:32", "elapsed": 8.231825, "delta": 0.335001}}
{"target": -34.57200699630346, "params": {"C": 37483.897478889536, "gamma": 0.02352186401846461}, "datetime": {"datetime": "2021-09-29 09:14:32", "elapsed": 8.613829, "delta": 0.382004}}
{"target": -34.7983242016456, "params": {"C": 37476.45519002276, "gamma": 0.030007008292199808}, "datetime": {"datetime": "2021-09-29 09:14:33", "elapsed": 9.001452, "delta": 0.387623}}
{"target": -35.374993814764075, "params": {"C": 35557.738245495006, "gamma": 0.007817673459445736}, "datetime": {"datetime": "2021-09-29 09:14:33", "elapsed": 9.457742, "delta": 0.45629}}
{"target": -35.79665894120148, "params": {"C": 35609.64698167586, "gamma": 0.05018217630264889}, "datetime": {"datetime": "2021-09-29 09:14:34", "elapsed": 9.949734, "delta": 0.491992}}
{"target": -36.131803106460914, "params": {"C": 37468.136977375245, "gamma": 0.05554263925066818}, "datetime": {"datetime": "2021-09-29 09:14:34", "elapsed": 10.326727, "delta": 0.376993}}
{"target": -35.89072701045234, "params": {"C": 35517.16924945903, "gamma": 0.005623307262419167}, "datetime": {"datetime": "2021-09-29 09:14:34", "elapsed": 10.656735, "delta": 0.330008}}
{"target": -34.82062902406992, "params": {"C": 35728.80919369925, "gamma": 0.031090830859400325}, "datetime": {"datetime": "2021-09-29 09:14:35", "elapsed": 11.01173, "delta": 0.354995}}
{"target": -36.08495455139142, "params": {"C": 35736.04825460743, "gamma": 0.055947808285436745}, "datetime": {"datetime": "2021-09-29 09:14:35", "elapsed": 11.317729, "delta": 0.305999}}
{"target": -34.92556655138554, "params": {"C": 35722.574803761105, "gamma": 0.010728525867327558}, "datetime": {"datetime": "2021-09-29 09:14:35", "elapsed": 11.662031, "delta": 0.344302}}
{"target": -34.689488883743785, "params": {"C": 35713.18174286762, "gamma": 0.012961453390624527}, "datetime": {"datetime": "2021-09-29 09:14:36", "elapsed": 12.117046, "delta": 0.455015}}
{"target": -34.60984017354354, "params": {"C": 35706.87035652454, "gamma": 0.02519188897298327}, "datetime": {"datetime": "2021-09-29 09:14:36", "elapsed": 12.570037, "delta": 0.452991}}
{"target": -34.46074341416157, "params": {"C": 35700.33509722809, "gamma": 0.016705005933297858}, "datetime": {"datetime": "2021-09-29 09:14:37", "elapsed": 13.019031, "delta": 0.448994}}
{"target": -34.91397455596, "params": {"C": 35693.9704252346, "gamma": 0.033138720912663976}, "datetime": {"datetime": "2021-09-29 09:14:37", "elapsed": 13.451033, "delta": 0.432002}}
{"target": -35.57500422914676, "params": {"C": 35682.77591169915, "gamma": 0.04590402881284578}, "datetime": {"datetime": "2021-09-29 09:14:38", "elapsed": 14.096427, "delta": 0.645394}}
{"target": -34.997485201657945, "params": {"C": 36488.16965694566, "gamma": 0.03459591626980405}, "datetime": {"datetime": "2021-09-29 09:14:38", "elapsed": 14.474421, "delta": 0.377994}}
{"target": -34.94707687974197, "params": {"C": 36478.85887558989, "gamma": 0.033521375284497466}, "datetime": {"datetime": "2021-09-29 09:14:39", "elapsed": 14.940426, "delta": 0.466005}}
{"target": -35.557318899754286, "params": {"C": 36469.58578873657, "gamma": 0.045101170405812824}, "datetime": {"datetime": "2021-09-29 09:14:39", "elapsed": 15.280425, "delta": 0.339999}}
{"target": -35.65928479808049, "params": {"C": 36497.906303675205, "gamma": 0.04697677750285152}, "datetime": {"datetime": "2021-09-29 09:14:39", "elapsed": 15.639818, "delta": 0.359393}}
{"target": -36.210727742034805, "params": {"C": 35360.198602573684, "gamma": 0.059123009901220394}, "datetime": {"datetime": "2021-09-29 09:14:40", "elapsed": 16.059815, "delta": 0.419997}}
{"target": -35.13233674581603, "params": {"C": 37823.366218447, "gamma": 0.036929936669768085}, "datetime": {"datetime": "2021-09-29 09:14:40", "elapsed": 16.495829, "delta": 0.436014}}
{"target": -34.95492197331913, "params": {"C": 37813.12700106556, "gamma": 0.010341192855961488}, "datetime": {"datetime": "2021-09-29 09:14:41", "elapsed": 16.932824, "delta": 0.436995}}
{"target": -34.9176676651829, "params": {"C": 37804.36013311935, "gamma": 0.032365818337324076}, "datetime": {"datetime": "2021-09-29 09:14:41", "elapsed": 17.342818, "delta": 0.409994}}
{"target": -35.11910677458276, "params": {"C": 37795.62605614018, "gamma": 0.009170557717786106}, "datetime": {"datetime": "2021-09-29 09:14:41", "elapsed": 17.74966, "delta": 0.406842}}
{"target": -35.76426545056524, "params": {"C": 37835.20528784018, "gamma": 0.006051495391608966}, "datetime": {"datetime": "2021-09-29 09:14:42", "elapsed": 18.17866, "delta": 0.429}}
{"target": -35.168649459347606, "params": {"C": 37784.032378694545, "gamma": 0.008834775405595238}, "datetime": {"datetime": "2021-09-29 09:14:42", "elapsed": 18.578659, "delta": 0.399999}}
