{"target": -36.146457936753265, "params": {"C": 26249.149108931895, "gamma": 0.07208486737137582}, "datetime": {"datetime": "2021-09-29 08:41:40", "elapsed": 180.991708, "delta": 1.206995}}
{"target": -36.925852669998456, "params": {"C": 28369.297366960727, "gamma": 0.0930398471115922}, "datetime": {"datetime": "2021-09-29 08:41:41", "elapsed": 182.255361, "delta": 1.263653}}
{"target": -36.66496055898437, "params": {"C": 28530.331175476167, "gamma": 0.08408428722398076}, "datetime": {"datetime": "2021-09-29 08:41:42", "elapsed": 183.261358, "delta": 1.005997}}
{"target": -34.473700775178465, "params": {"C": 25587.78275441793, "gamma": 0.011130137071723183}, "datetime": {"datetime": "2021-09-29 08:41:43", "elapsed": 184.783262, "delta": 1.521904}}
{"target": -35.78478853262942, "params": {"C": 26096.341002281126, "gamma": 0.06248206705134576}, "datetime": {"datetime": "2021-09-29 08:41:45", "elapsed": 185.821458, "delta": 1.038196}}
{"target": -35.840854412432435, "params": {"C": 27923.128413406055, "gamma": 0.06232970272221347}, "datetime": {"datetime": "2021-09-29 08:41:46", "elapsed": 186.900453, "delta": 1.078995}}
{"target": -34.84741422479742, "params": {"C": 29892.95015434653, "gamma": 0.03738038456287303}, "datetime": {"datetime": "2021-09-29 08:41:47", "elapsed": 188.244965, "delta": 1.344512}}
{"target": -34.268034704154196, "params": {"C": 29242.459008393093, "gamma": 0.015522582356567564}, "datetime": {"datetime": "2021-09-29 08:41:48", "elapsed": 189.265539, "delta": 1.020574}}
{"target": -34.46434796022562, "params": {"C": 25121.038927392106, "gamma": 0.02615494977121011}, "datetime": {"datetime": "2021-09-29 08:41:49", "elapsed": 190.333801, "delta": 1.068262}}
{"target": -35.668064027473456, "params": {"C": 28998.789016439827, "gamma": 0.057095512325305894}, "datetime": {"datetime": "2021-09-29 08:41:50", "elapsed": 191.651212, "delta": 1.317411}}
{"target": -36.00493998663711, "params": {"C": 28447.580950926, "gamma": 0.06593386225034249}, "datetime": {"datetime": "2021-09-29 08:41:51", "elapsed": 192.678206, "delta": 1.026994}}
{"target": -34.445103545675906, "params": {"C": 27051.475649832442, "gamma": 0.024805919826729795}, "datetime": {"datetime": "2021-09-29 08:41:52", "elapsed": 193.701571, "delta": 1.023365}}
{"target": -34.593587391243254, "params": {"C": 27789.44414566307, "gamma": 0.009686028209160653}, "datetime": {"datetime": "2021-09-29 08:41:53", "elapsed": 194.750572, "delta": 1.049001}}
{"target": -34.956287341315104, "params": {"C": 29469.72215976726, "gamma": 0.04020831813675452}, "datetime": {"datetime": "2021-09-29 08:41:55", "elapsed": 196.078238, "delta": 1.327666}}
{"target": -34.32947580723746, "params": {"C": 27242.906328827212, "gamma": 0.019234784936089763}, "datetime": {"datetime": "2021-09-29 08:41:56", "elapsed": 197.442277, "delta": 1.364039}}
{"target": -36.0738799399375, "params": {"C": 25229.232268108928, "gamma": 0.07123187933551464}, "datetime": {"datetime": "2021-09-29 08:41:57", "elapsed": 198.624818, "delta": 1.182541}}
{"target": -36.29353252652024, "params": {"C": 28786.10648256526, "gamma": 0.07317755304376015}, "datetime": {"datetime": "2021-09-29 08:41:59", "elapsed": 200.02756, "delta": 1.402742}}
{"target": -35.10269857054337, "params": {"C": 26059.721250247487, "gamma": 0.045547903973857856}, "datetime": {"datetime": "2021-09-29 08:42:00", "elapsed": 201.103561, "delta": 1.076001}}
{"target": -35.98467330803029, "params": {"C": 29774.197975551557, "gamma": 0.06419772089312915}, "datetime": {"datetime": "2021-09-29 08:42:01", "elapsed": 202.190763, "delta": 1.087202}}
{"target": -36.42169989574717, "params": {"C": 25994.389360677727, "gamma": 0.080399327001916}, "datetime": {"datetime": "2021-09-29 08:42:02", "elapsed": 203.225724, "delta": 1.034961}}
{"target": -35.40712364853679, "params": {"C": 28563.979114078837, "gamma": 0.051165326941029564}, "datetime": {"datetime": "2021-09-29 08:42:04", "elapsed": 204.93238, "delta": 1.706656}}
{"target": -34.412943358945085, "params": {"C": 27810.39059252958, "gamma": 0.023176795152477052}, "datetime": {"datetime": "2021-09-29 08:42:05", "elapsed": 205.981708, "delta": 1.049328}}
{"target": -36.12858880092664, "params": {"C": 25787.012077965053, "gamma": 0.07212153406165757}, "datetime": {"datetime": "2021-09-29 08:42:06", "elapsed": 207.657704, "delta": 1.675996}}
{"target": -34.66509720894273, "params": {"C": 25320.71677411611, "gamma": 0.03422039009648351}, "datetime": {"datetime": "2021-09-29 08:42:07", "elapsed": 208.774841, "delta": 1.117137}}
{"target": -36.729804885184436, "params": {"C": 26933.934031692334, "gamma": 0.08877504239489724}, "datetime": {"datetime": "2021-09-29 08:42:09", "elapsed": 209.891506, "delta": 1.116665}}
{"target": -34.60521700854826, "params": {"C": 25226.99030703001, "gamma": 0.03173777816625308}, "datetime": {"datetime": "2021-09-29 08:42:10", "elapsed": 211.049507, "delta": 1.158001}}
{"target": -36.754165210648054, "params": {"C": 26092.439134426077, "gamma": 0.09113825997104924}, "datetime": {"datetime": "2021-09-29 08:42:11", "elapsed": 212.115828, "delta": 1.066321}}
{"target": -36.40614747523961, "params": {"C": 28175.081259393406, "gamma": 0.07698173300552867}, "datetime": {"datetime": "2021-09-29 08:42:12", "elapsed": 213.567829, "delta": 1.452001}}
{"target": -35.111025315723715, "params": {"C": 29824.31363702393, "gamma": 0.04365956553729707}, "datetime": {"datetime": "2021-09-29 08:42:14", "elapsed": 215.013788, "delta": 1.445959}}
{"target": -36.12371377113897, "params": {"C": 25520.1566184663, "gamma": 0.07230214167057296}, "datetime": {"datetime": "2021-09-29 08:42:15", "elapsed": 216.101018, "delta": 1.08723}}
{"target": -34.468821691172245, "params": {"C": 29354.11630258993, "gamma": 0.02502132062900377}, "datetime": {"datetime": "2021-09-29 08:42:16", "elapsed": 217.573017, "delta": 1.471999}}
{"target": -34.791280522176514, "params": {"C": 25301.59641838978, "gamma": 0.03797073028875413}, "datetime": {"datetime": "2021-09-29 08:42:17", "elapsed": 218.745146, "delta": 1.172129}}
{"target": -36.97220303146612, "params": {"C": 26194.464509275822, "gamma": 0.09845584863805797}, "datetime": {"datetime": "2021-09-29 08:42:19", "elapsed": 219.998578, "delta": 1.253432}}
{"target": -34.48442704538504, "params": {"C": 29318.852311437993, "gamma": 0.0256126163884349}, "datetime": {"datetime": "2021-09-29 08:42:20", "elapsed": 221.151578, "delta": 1.153}}
{"target": -36.68216732194731, "params": {"C": 29549.099581873634, "gamma": 0.08316396193480552}, "datetime": {"datetime": "2021-09-29 08:42:21", "elapsed": 222.348837, "delta": 1.197259}}
{"target": -36.72696919798632, "params": {"C": 27639.32868383988, "gamma": 0.08750676655239181}, "datetime": {"datetime": "2021-09-29 08:42:22", "elapsed": 223.507837, "delta": 1.159}}
{"target": -35.42587365179768, "params": {"C": 26617.25926237649, "gamma": 0.052946222575373784}, "datetime": {"datetime": "2021-09-29 08:42:23", "elapsed": 224.696839, "delta": 1.189002}}
{"target": -35.97833537763243, "params": {"C": 26424.879449509473, "gamma": 0.06728114596533115}, "datetime": {"datetime": "2021-09-29 08:42:25", "elapsed": 226.153695, "delta": 1.456856}}
{"target": -35.49101962294844, "params": {"C": 27569.989093592798, "gamma": 0.00584306517753527}, "datetime": {"datetime": "2021-09-29 08:42:26", "elapsed": 227.315693, "delta": 1.161998}}
{"target": -34.31133602428723, "params": {"C": 27798.47766412289, "gamma": 0.018185024901387438}, "datetime": {"datetime": "2021-09-29 08:42:27", "elapsed": 228.46577, "delta": 1.150077}}
{"target": -35.07019695607251, "params": {"C": 29845.386341245416, "gamma": 0.042730259849322515}, "datetime": {"datetime": "2021-09-29 08:42:29", "elapsed": 230.001869, "delta": 1.536099}}
{"target": -36.76162669365587, "params": {"C": 29346.381820683288, "gamma": 0.0860205827304855}, "datetime": {"datetime": "2021-09-29 08:42:30", "elapsed": 231.538875, "delta": 1.537006}}
{"target": -35.657900190839435, "params": {"C": 26071.246138574184, "gamma": 0.05917583925021519}, "datetime": {"datetime": "2021-09-29 08:42:32", "elapsed": 232.81345, "delta": 1.274575}}
{"target": -34.278240310681426, "params": {"C": 28609.71104176177, "gamma": 0.016328808229691537}, "datetime": {"datetime": "2021-09-29 08:42:33", "elapsed": 234.06638, "delta": 1.25293}}
{"target": -34.593107508557736, "params": {"C": 28098.282151185675, "gamma": 0.03020269367139929}, "datetime": {"datetime": "2021-09-29 08:42:34", "elapsed": 235.737381, "delta": 1.671001}}
{"target": -35.75552925632805, "params": {"C": 26524.344397145785, "gamma": 0.06131991476395222}, "datetime": {"datetime": "2021-09-29 08:42:36", "elapsed": 237.349625, "delta": 1.612244}}
{"target": -36.92579859956503, "params": {"C": 29308.697664725772, "gamma": 0.09149157399735036}, "datetime": {"datetime": "2021-09-29 08:42:37", "elapsed": 238.591008, "delta": 1.241383}}
{"target": -34.494548401907416, "params": {"C": 25435.773028480533, "gamma": 0.01098046506873539}, "datetime": {"datetime": "2021-09-29 08:42:39", "elapsed": 240.085436, "delta": 1.494428}}
{"target": -35.7515372218879, "params": {"C": 29268.51795476598, "gamma": 0.0589482497272536}, "datetime": {"datetime": "2021-09-29 08:42:40", "elapsed": 241.421441, "delta": 1.336005}}
{"target": -34.5014624238149, "params": {"C": 26259.37966579734, "gamma": 0.010735030282989251}, "datetime": {"datetime": "2021-09-29 08:42:42", "elapsed": 243.026294, "delta": 1.604853}}
{"target": -36.919852241034526, "params": {"C": 27053.03295815981, "gamma": 0.09517230723480088}, "datetime": {"datetime": "2021-09-29 08:42:43", "elapsed": 244.579791, "delta": 1.553497}}
{"target": -34.55392654855001, "params": {"C": 26214.14959528168, "gamma": 0.029282190580862007}, "datetime": {"datetime": "2021-09-29 08:42:45", "elapsed": 245.981962, "delta": 1.402171}}
{"target": -34.543237387610056, "params": {"C": 27980.93286740156, "gamma": 0.0282652002880907}, "datetime": {"datetime": "2021-09-29 08:42:46", "elapsed": 247.16296, "delta": 1.180998}}
{"target": -35.41957485893157, "params": {"C": 29143.740499018426, "gamma": 0.05108325254385888}, "datetime": {"datetime": "2021-09-29 08:42:47", "elapsed": 248.694204, "delta": 1.531244}}
{"target": -35.64526108231571, "params": {"C": 29595.686303039573, "gamma": 0.05610756170625309}, "datetime": {"datetime": "2021-09-29 08:42:49", "elapsed": 249.995758, "delta": 1.301554}}
{"target": -34.91648184558655, "params": {"C": 26161.956186849497, "gamma": 0.04093567090454194}, "datetime": {"datetime": "2021-09-29 08:42:50", "elapsed": 251.244759, "delta": 1.249001}}
{"target": -35.39447110258874, "params": {"C": 29444.15844808895, "gamma": 0.050313215481789124}, "datetime": {"datetime": "2021-09-29 08:42:52", "elapsed": 253.372069, "delta": 2.12731}}
{"target": -35.27512101024052, "params": {"C": 25754.635496936764, "gamma": 0.049893287625892346}, "datetime": {"datetime": "2021-09-29 08:42:53", "elapsed": 254.575386, "delta": 1.203317}}
{"target": -35.50583611704367, "params": {"C": 25720.40574497626, "gamma": 0.055600923593434444}, "datetime": {"datetime": "2021-09-29 08:42:55", "elapsed": 256.293187, "delta": 1.717801}}
{"target": -35.45067497252391, "params": {"C": 29789.536503277155, "gamma": 0.05139522372428499}, "datetime": {"datetime": "2021-09-29 08:42:56", "elapsed": 257.554195, "delta": 1.261008}}
{"target": -36.518396796235265, "params": {"C": 27077.48864676124, "gamma": 0.08168285719575204}, "datetime": {"datetime": "2021-09-29 08:42:58", "elapsed": 258.888578, "delta": 1.334383}}
{"target": -36.202788589173174, "params": {"C": 29084.183242678, "gamma": 0.07045242885754457}, "datetime": {"datetime": "2021-09-29 08:42:59", "elapsed": 260.612022, "delta": 1.723444}}
{"target": -34.275703469601474, "params": {"C": 27319.999728946772, "gamma": 0.01644606583074699}, "datetime": {"datetime": "2021-09-29 08:43:01", "elapsed": 261.857021, "delta": 1.244999}}
{"target": -36.108279878234136, "params": {"C": 28611.392012604785, "gamma": 0.0684619929487311}, "datetime": {"datetime": "2021-09-29 08:43:02", "elapsed": 263.145175, "delta": 1.288154}}
{"target": -34.752558132191744, "params": {"C": 28617.56518722103, "gamma": 0.03529189847638006}, "datetime": {"datetime": "2021-09-29 08:43:03", "elapsed": 264.474038, "delta": 1.328863}}
{"target": -37.056967481829275, "params": {"C": 28558.104396296276, "gamma": 0.09656184385679416}, "datetime": {"datetime": "2021-09-29 08:43:05", "elapsed": 266.194751, "delta": 1.720713}}
{"target": -35.59142618793171, "params": {"C": 28969.17728290352, "gamma": 0.0552599186005509}, "datetime": {"datetime": "2021-09-29 08:43:06", "elapsed": 267.513755, "delta": 1.319004}}
{"target": -36.84523915653031, "params": {"C": 27026.701368184164, "gamma": 0.09272360692160937}, "datetime": {"datetime": "2021-09-29 08:43:08", "elapsed": 269.541016, "delta": 2.027261}}
{"target": -35.0669662752515, "params": {"C": 25617.82231865057, "gamma": 0.04495637823817276}, "datetime": {"datetime": "2021-09-29 08:43:10", "elapsed": 271.282705, "delta": 1.741689}}
{"target": -34.63146047707048, "params": {"C": 29747.701827048975, "gamma": 0.031203769102626774}, "datetime": {"datetime": "2021-09-29 08:43:12", "elapsed": 273.041902, "delta": 1.759197}}
{"target": -34.486604430820165, "params": {"C": 25124.814023204388, "gamma": 0.027012849516783156}, "datetime": {"datetime": "2021-09-29 08:43:13", "elapsed": 274.753018, "delta": 1.711116}}
{"target": -36.901403411945424, "params": {"C": 29347.224407068763, "gamma": 0.09063819237442794}, "datetime": {"datetime": "2021-09-29 08:43:15", "elapsed": 276.132174, "delta": 1.379156}}
{"target": -35.56667354944855, "params": {"C": 28911.039049376235, "gamma": 0.054707369887840716}, "datetime": {"datetime": "2021-09-29 08:43:16", "elapsed": 277.520174, "delta": 1.388}}
{"target": -34.26927547964559, "params": {"C": 25894.596314521776, "gamma": 0.015798885359771468}, "datetime": {"datetime": "2021-09-29 08:43:18", "elapsed": 278.916701, "delta": 1.396527}}
{"target": -37.04319724246234, "params": {"C": 28021.53069857418, "gamma": 0.09712416837632046}, "datetime": {"datetime": "2021-09-29 08:43:19", "elapsed": 280.795031, "delta": 1.87833}}
{"target": -36.98253049491863, "params": {"C": 29016.37576262721, "gamma": 0.09358030760399923}, "datetime": {"datetime": "2021-09-29 08:43:21", "elapsed": 282.372608, "delta": 1.577577}}
{"target": -36.366387571532066, "params": {"C": 29888.5491502011, "gamma": 0.07387640688595602}, "datetime": {"datetime": "2021-09-29 08:43:22", "elapsed": 283.73586, "delta": 1.363252}}
{"target": -34.830326189598004, "params": {"C": 25040.519206236757, "gamma": 0.03926434891956537}, "datetime": {"datetime": "2021-09-29 08:43:24", "elapsed": 285.205033, "delta": 1.469173}}
{"target": -36.84508244169427, "params": {"C": 27342.242306687902, "gamma": 0.09214571360754564}, "datetime": {"datetime": "2021-09-29 08:43:25", "elapsed": 286.754707, "delta": 1.549674}}
{"target": -36.19842628530515, "params": {"C": 25247.17246598118, "gamma": 0.07483414607285523}, "datetime": {"datetime": "2021-09-29 08:43:27", "elapsed": 288.799073, "delta": 2.044366}}
{"target": -36.50708214001626, "params": {"C": 25946.436139790432, "gamma": 0.0830373824594494}, "datetime": {"datetime": "2021-09-29 08:43:29", "elapsed": 290.237642, "delta": 1.438569}}
{"target": -34.740285732329035, "params": {"C": 27298.04503730559, "gamma": 0.035526945637657}, "datetime": {"datetime": "2021-09-29 08:43:30", "elapsed": 291.63918, "delta": 1.401538}}
{"target": -34.91130791358917, "params": {"C": 26898.39667639734, "gamma": 0.008112033667631515}, "datetime": {"datetime": "2021-09-29 08:43:32", "elapsed": 293.183312, "delta": 1.544132}}
{"target": -34.55575870558498, "params": {"C": 28415.186694466785, "gamma": 0.028617253911116764}, "datetime": {"datetime": "2021-09-29 08:43:33", "elapsed": 294.651741, "delta": 1.468429}}
{"target": -34.28683983901952, "params": {"C": 28021.302271809436, "gamma": 0.014087121811680016}, "datetime": {"datetime": "2021-09-29 08:43:35", "elapsed": 296.202456, "delta": 1.550715}}
{"target": -35.94378552612918, "params": {"C": 26161.336210771828, "gamma": 0.06664997996044182}, "datetime": {"datetime": "2021-09-29 08:43:37", "elapsed": 298.487458, "delta": 2.285002}}
{"target": -35.67682244935318, "params": {"C": 26363.58654972548, "gamma": 0.059413688453017394}, "datetime": {"datetime": "2021-09-29 08:43:39", "elapsed": 299.931075, "delta": 1.443617}}
{"target": -34.540147812240164, "params": {"C": 25872.75679908723, "gamma": 0.028853964315580335}, "datetime": {"datetime": "2021-09-29 08:43:40", "elapsed": 301.545249, "delta": 1.614174}}
{"target": -35.09285808868874, "params": {"C": 25640.329698445, "gamma": 0.007556402461260488}, "datetime": {"datetime": "2021-09-29 08:43:42", "elapsed": 303.587294, "delta": 2.042045}}
{"target": -35.57437118957147, "params": {"C": 27758.352232957943, "gamma": 0.05572926630846401}, "datetime": {"datetime": "2021-09-29 08:43:44", "elapsed": 305.044016, "delta": 1.456722}}
{"target": -34.827317302769174, "params": {"C": 27913.350737788584, "gamma": 0.03771552150526224}, "datetime": {"datetime": "2021-09-29 08:43:45", "elapsed": 306.636576, "delta": 1.59256}}
{"target": -34.60087997592332, "params": {"C": 28609.75737677639, "gamma": 0.030344566439091288}, "datetime": {"datetime": "2021-09-29 08:43:47", "elapsed": 308.708765, "delta": 2.072189}}
{"target": -34.39828204970321, "params": {"C": 25121.038491208445, "gamma": 0.023172396499024982}, "datetime": {"datetime": "2021-09-29 08:43:49", "elapsed": 310.236039, "delta": 1.527274}}
{"target": -35.04599441959936, "params": {"C": 27099.25099629924, "gamma": 0.04360492592293748}, "datetime": {"datetime": "2021-09-29 08:43:51", "elapsed": 312.053034, "delta": 1.816995}}
{"target": -34.53251937757007, "params": {"C": 28835.99885969799, "gamma": 0.027582193744058268}, "datetime": {"datetime": "2021-09-29 08:43:53", "elapsed": 313.97845, "delta": 1.925416}}
{"target": -36.7738688194565, "params": {"C": 27716.301113186077, "gamma": 0.08902012797501217}, "datetime": {"datetime": "2021-09-29 08:43:54", "elapsed": 315.505877, "delta": 1.527427}}
{"target": -34.5751069893858, "params": {"C": 26608.983396209245, "gamma": 0.029992029905254465}, "datetime": {"datetime": "2021-09-29 08:43:56", "elapsed": 317.124041, "delta": 1.618164}}
{"target": -34.807444781344635, "params": {"C": 27319.940629477373, "gamma": 0.037430482035241526}, "datetime": {"datetime": "2021-09-29 08:43:58", "elapsed": 319.018544, "delta": 1.894503}}
{"target": -35.645780734958166, "params": {"C": 29084.61158274905, "gamma": 0.0564894060183439}, "datetime": {"datetime": "2021-09-29 08:43:59", "elapsed": 320.776891, "delta": 1.758347}}
{"target": -36.576373646908536, "params": {"C": 28003.818136140835, "gamma": 0.0820969203190234}, "datetime": {"datetime": "2021-09-29 08:44:01", "elapsed": 322.210233, "delta": 1.433342}}
{"target": -34.78926936928977, "params": {"C": 29242.40523484742, "gamma": 0.03604673804218901}, "datetime": {"datetime": "2021-09-29 08:44:03", "elapsed": 324.247122, "delta": 2.036889}}
{"target": -36.30591951748802, "params": {"C": 29307.078803867655, "gamma": 0.07291686747557485}, "datetime": {"datetime": "2021-09-29 08:44:04", "elapsed": 325.732127, "delta": 1.485005}}
{"target": -34.940724689483815, "params": {"C": 29367.226664941765, "gamma": 0.03988600713365541}, "datetime": {"datetime": "2021-09-29 08:44:07", "elapsed": 327.855335, "delta": 2.123208}}
{"target": -35.584708042165296, "params": {"C": 26765.770432370206, "gamma": 0.05674735365980553}, "datetime": {"datetime": "2021-09-29 08:44:09", "elapsed": 329.850545, "delta": 1.99521}}
{"target": -36.510100158872746, "params": {"C": 29242.487309038886, "gamma": 0.07849001192332174}, "datetime": {"datetime": "2021-09-29 08:44:10", "elapsed": 331.798893, "delta": 1.948348}}
{"target": -34.26407799371596, "params": {"C": 28781.931702386562, "gamma": 0.014882947211371015}, "datetime": {"datetime": "2021-09-29 08:44:13", "elapsed": 334.081971, "delta": 2.283078}}
{"target": -34.412183402968274, "params": {"C": 25660.42498619839, "gamma": 0.02367184249066446}, "datetime": {"datetime": "2021-09-29 08:44:15", "elapsed": 336.294907, "delta": 2.212936}}
{"target": -36.25561753980622, "params": {"C": 27320.017529407607, "gamma": 0.07388636500981637}, "datetime": {"datetime": "2021-09-29 08:44:18", "elapsed": 338.89642, "delta": 2.601513}}
{"target": -36.10907987400931, "params": {"C": 28835.966566840852, "gamma": 0.06825744294715998}, "datetime": {"datetime": "2021-09-29 08:44:20", "elapsed": 340.891985, "delta": 1.995565}}
{"target": -36.11861510430507, "params": {"C": 29235.61326800517, "gamma": 0.06811238237960347}, "datetime": {"datetime": "2021-09-29 08:44:21", "elapsed": 342.603237, "delta": 1.711252}}
{"target": -34.290169534955425, "params": {"C": 26366.64304981463, "gamma": 0.014476052346067678}, "datetime": {"datetime": "2021-09-29 08:44:23", "elapsed": 344.162276, "delta": 1.559039}}
{"target": -36.84444075008917, "params": {"C": 27470.56300748845, "gamma": 0.0918940560224615}, "datetime": {"datetime": "2021-09-29 08:44:24", "elapsed": 345.70766, "delta": 1.545384}}
{"target": -35.283664661769514, "params": {"C": 27242.95313792761, "gamma": 0.04911130321930106}, "datetime": {"datetime": "2021-09-29 08:44:27", "elapsed": 347.993769, "delta": 2.286109}}
{"target": -35.40767803252883, "params": {"C": 25123.134509673015, "gamma": 0.05361314388429252}, "datetime": {"datetime": "2021-09-29 08:44:29", "elapsed": 350.490648, "delta": 2.496879}}
{"target": -36.33803705456888, "params": {"C": 25934.346601645444, "gamma": 0.0780675595901704}, "datetime": {"datetime": "2021-09-29 08:44:31", "elapsed": 351.984649, "delta": 1.494001}}
{"target": -34.84284355732528, "params": {"C": 25353.278848467955, "gamma": 0.03946463827309956}, "datetime": {"datetime": "2021-09-29 08:44:32", "elapsed": 353.774714, "delta": 1.790065}}
