{"target": 0.25109418469845435, "params": {"C": 229716.43447473604, "gamma": 0.4843391482440083}, "datetime": {"datetime": "2021-10-04 10:57:16", "elapsed": 69.328358, "delta": 0.571172}}
{"target": 0.24701920068295224, "params": {"C": 440155.27576731826, "gamma": 0.6518293172823074}, "datetime": {"datetime": "2021-10-04 10:57:16", "elapsed": 69.913545, "delta": 0.585187}}
{"target": 0.04740147790797389, "params": {"C": 426763.5117031722, "gamma": 0.14016188666591112}, "datetime": {"datetime": "2021-10-04 10:57:17", "elapsed": 70.512964, "delta": 0.599419}}
{"target": 0.24551134480282433, "params": {"C": 225968.9667973176, "gamma": 0.6398711909619207}, "datetime": {"datetime": "2021-10-04 10:57:17", "elapsed": 71.118199, "delta": 0.605235}}
{"target": 0.21166299967802982, "params": {"C": 277314.93656562, "gamma": 0.8453886841178215}, "datetime": {"datetime": "2021-10-04 10:57:18", "elapsed": 71.673073, "delta": 0.554874}}
{"target": 0.1809743408173139, "params": {"C": 420119.3855926842, "gamma": 0.03131404307031293}, "datetime": {"datetime": "2021-10-04 10:57:18", "elapsed": 72.274958, "delta": 0.601885}}
{"target": 0.2463027637120988, "params": {"C": 292195.94733067043, "gamma": 0.46255452535585945}, "datetime": {"datetime": "2021-10-04 10:57:19", "elapsed": 72.860653, "delta": 0.585695}}
{"target": 0.22395357900740542, "params": {"C": 331527.9821731689, "gamma": 0.3897894195742346}, "datetime": {"datetime": "2021-10-04 10:57:20", "elapsed": 73.462514, "delta": 0.601861}}
{"target": 0.23460800634410994, "params": {"C": 363514.57010610343, "gamma": 0.42670061542038107}, "datetime": {"datetime": "2021-10-04 10:57:20", "elapsed": 74.064279, "delta": 0.601765}}
{"target": 0.22631458836295382, "params": {"C": 165410.9064367848, "gamma": 0.7266070199421438}, "datetime": {"datetime": "2021-10-04 10:57:21", "elapsed": 74.897801, "delta": 0.833522}}
{"target": 0.19090052707690508, "params": {"C": 239508.05155101692, "gamma": 0.29593951462744633}, "datetime": {"datetime": "2021-10-04 10:57:22", "elapsed": 75.525077, "delta": 0.627276}}
{"target": 0.21518354570084297, "params": {"C": 131354.88126708803, "gamma": 0.7510779692030501}, "datetime": {"datetime": "2021-10-04 10:57:22", "elapsed": 76.131161, "delta": 0.606084}}
{"target": 0.24681264791843183, "params": {"C": 152619.6961404099, "gamma": 0.5846628121614174}, "datetime": {"datetime": "2021-10-04 10:57:23", "elapsed": 76.725703, "delta": 0.594542}}
{"target": 0.223527687683578, "params": {"C": 417186.7784889702, "gamma": 0.8007142084417809}, "datetime": {"datetime": "2021-10-04 10:57:24", "elapsed": 77.322486, "delta": 0.596783}}
{"target": 0.1904288528484539, "params": {"C": 313782.33115222334, "gamma": 0.9602611051251674}, "datetime": {"datetime": "2021-10-04 10:57:24", "elapsed": 77.924335, "delta": 0.601849}}
{"target": 0.24270576022682266, "params": {"C": 447591.25044249144, "gamma": 0.6870859407668755}, "datetime": {"datetime": "2021-10-04 10:57:25", "elapsed": 78.688877, "delta": 0.764542}}
{"target": 0.24728918809130718, "params": {"C": 317806.84424343053, "gamma": 0.6432477620229478}, "datetime": {"datetime": "2021-10-04 10:57:26", "elapsed": 79.321592, "delta": 0.632715}}
{"target": 0.23063147303568154, "params": {"C": 492652.3483536677, "gamma": 0.43230898847249566}, "datetime": {"datetime": "2021-10-04 10:57:26", "elapsed": 80.060497, "delta": 0.738905}}
{"target": 0.24849491710247862, "params": {"C": 186354.11793754325, "gamma": 0.5963895228552427}, "datetime": {"datetime": "2021-10-04 10:57:27", "elapsed": 80.689304, "delta": 0.628807}}
{"target": 0.23328710604575942, "params": {"C": 185107.71157425916, "gamma": 0.7009923950869338}, "datetime": {"datetime": "2021-10-04 10:57:27", "elapsed": 81.310716, "delta": 0.621412}}
{"target": 0.20420498792518482, "params": {"C": 483064.5990817746, "gamma": 0.9050819199269652}, "datetime": {"datetime": "2021-10-04 10:57:28", "elapsed": 81.965927, "delta": 0.655211}}
{"target": 0.2481309204071085, "params": {"C": 374898.78216187295, "gamma": 0.6395023778431738}, "datetime": {"datetime": "2021-10-04 10:57:29", "elapsed": 82.693337, "delta": 0.72741}}
{"target": 0.19384730919368687, "params": {"C": 125910.07414933611, "gamma": 0.8468391044292733}, "datetime": {"datetime": "2021-10-04 10:57:30", "elapsed": 83.532015, "delta": 0.838678}}
{"target": 0.1349471119102088, "params": {"C": 486430.9062378243, "gamma": 0.2715859625120998}, "datetime": {"datetime": "2021-10-04 10:57:30", "elapsed": 84.275906, "delta": 0.743891}}
{"target": 0.193524999404598, "params": {"C": 419919.5766648427, "gamma": 0.9563356610669901}, "datetime": {"datetime": "2021-10-04 10:57:31", "elapsed": 84.923896, "delta": 0.64799}}
{"target": 0.24705150881067572, "params": {"C": 134985.39436975884, "gamma": 0.438473301186044}, "datetime": {"datetime": "2021-10-04 10:57:32", "elapsed": 85.578751, "delta": 0.654855}}
{"target": 0.2524012205662075, "params": {"C": 177425.6635966226, "gamma": 0.5198804950459237}, "datetime": {"datetime": "2021-10-04 10:57:32", "elapsed": 86.227395, "delta": 0.648644}}
{"target": 0.2527956082791819, "params": {"C": 212061.99388713867, "gamma": 0.5488056512459072}, "datetime": {"datetime": "2021-10-04 10:57:33", "elapsed": 86.882439, "delta": 0.655044}}
{"target": 0.23859887955619563, "params": {"C": 274780.21343358466, "gamma": 0.6992445946141201}, "datetime": {"datetime": "2021-10-04 10:57:34", "elapsed": 87.546743, "delta": 0.664304}}
{"target": 0.23653379710630318, "params": {"C": 471233.66032273724, "gamma": 0.7292502015531328}, "datetime": {"datetime": "2021-10-04 10:57:34", "elapsed": 88.202014, "delta": 0.655271}}
{"target": 0.23741145826980647, "params": {"C": 441150.05890578905, "gamma": 0.7225710597746843}, "datetime": {"datetime": "2021-10-04 10:57:35", "elapsed": 88.850354, "delta": 0.64834}}
{"target": 0.17174258558998545, "params": {"C": 392632.99095911096, "gamma": 0.03903410223110765}, "datetime": {"datetime": "2021-10-04 10:57:36", "elapsed": 89.505169, "delta": 0.654815}}
{"target": 0.17585295393993916, "params": {"C": 292990.0259087703, "gamma": 0.04143387409497649}, "datetime": {"datetime": "2021-10-04 10:57:36", "elapsed": 90.222896, "delta": 0.717727}}
{"target": 0.22993647012367457, "params": {"C": 107228.71895842321, "gamma": 0.6368509602165993}, "datetime": {"datetime": "2021-10-04 10:57:37", "elapsed": 91.012589, "delta": 0.789693}}
{"target": 0.1597515772418121, "params": {"C": 131195.01080249384, "gamma": 0.15262612690133187}, "datetime": {"datetime": "2021-10-04 10:57:38", "elapsed": 91.6679, "delta": 0.655311}}
{"target": 0.23741600840514565, "params": {"C": 122738.73581759408, "gamma": 0.37781511866969925}, "datetime": {"datetime": "2021-10-04 10:57:39", "elapsed": 92.470124, "delta": 0.802224}}
{"target": 0.2369997482975753, "params": {"C": 158604.28662456461, "gamma": 0.38434933163957247}, "datetime": {"datetime": "2021-10-04 10:57:39", "elapsed": 93.187722, "delta": 0.717598}}
{"target": 0.21612190569396972, "params": {"C": 264107.3892374976, "gamma": 0.8198547426053345}, "datetime": {"datetime": "2021-10-04 10:57:40", "elapsed": 93.8898, "delta": 0.702078}}
{"target": 0.10930747192725376, "params": {"C": 398761.3236282177, "gamma": 0.07215984696134604}, "datetime": {"datetime": "2021-10-04 10:57:41", "elapsed": 94.591727, "delta": 0.701927}}
{"target": 0.23982564047912192, "params": {"C": 381012.10927626543, "gamma": 0.7037964469069843}, "datetime": {"datetime": "2021-10-04 10:57:41", "elapsed": 95.276183, "delta": 0.684456}}
{"target": 0.18104234966422728, "params": {"C": 107836.57007973328, "gamma": 0.19872529609200795}, "datetime": {"datetime": "2021-10-04 10:57:42", "elapsed": 95.952195, "delta": 0.676012}}
{"target": 0.18453741882831187, "params": {"C": 188181.0481686945, "gamma": 0.9501650053588307}, "datetime": {"datetime": "2021-10-04 10:57:43", "elapsed": 96.651511, "delta": 0.699316}}
{"target": 0.15580712995169055, "params": {"C": 136333.99009875144, "gamma": 0.13337708368462792}, "datetime": {"datetime": "2021-10-04 10:57:44", "elapsed": 97.451075, "delta": 0.799564}}
{"target": 0.16748562087830798, "params": {"C": 111794.73557211584, "gamma": 0.9527304015009961}, "datetime": {"datetime": "2021-10-04 10:57:44", "elapsed": 98.149249, "delta": 0.698174}}
{"target": 0.07723371146787161, "params": {"C": 472780.73293901037, "gamma": 0.20427660411055965}, "datetime": {"datetime": "2021-10-04 10:57:45", "elapsed": 99.032887, "delta": 0.883638}}
{"target": 0.25099797413160296, "params": {"C": 265866.79587262654, "gamma": 0.5980581670112403}, "datetime": {"datetime": "2021-10-04 10:57:46", "elapsed": 99.769395, "delta": 0.736508}}
{"target": 0.24951082242753142, "params": {"C": 248607.61478493628, "gamma": 0.4739750028969491}, "datetime": {"datetime": "2021-10-04 10:57:47", "elapsed": 100.5029, "delta": 0.733505}}
{"target": 0.25027676091778694, "params": {"C": 306428.32679892477, "gamma": 0.6123749350786715}, "datetime": {"datetime": "2021-10-04 10:57:48", "elapsed": 101.357929, "delta": 0.855029}}
{"target": 0.17862266951139683, "params": {"C": 342054.2582508888, "gamma": 0.30368473046280803}, "datetime": {"datetime": "2021-10-04 10:57:48", "elapsed": 102.122608, "delta": 0.764679}}
{"target": 0.25291957694886535, "params": {"C": 324672.9644195105, "gamma": 0.5611145201296834}, "datetime": {"datetime": "2021-10-04 10:57:49", "elapsed": 102.825991, "delta": 0.703383}}
{"target": 0.060405285084262905, "params": {"C": 388735.22294168244, "gamma": 0.14380681584393804}, "datetime": {"datetime": "2021-10-04 10:57:50", "elapsed": 103.585378, "delta": 0.759387}}
{"target": 0.2252441141750161, "params": {"C": 183401.82535441808, "gamma": 0.3532809722324864}, "datetime": {"datetime": "2021-10-04 10:57:51", "elapsed": 104.325575, "delta": 0.740197}}
{"target": 0.20711559625340126, "params": {"C": 290900.3746667296, "gamma": 0.3424382869465489}, "datetime": {"datetime": "2021-10-04 10:57:51", "elapsed": 105.024311, "delta": 0.698736}}
{"target": 0.19163001792498424, "params": {"C": 110040.66458829165, "gamma": 0.8318127486476413}, "datetime": {"datetime": "2021-10-04 10:57:52", "elapsed": 105.795083, "delta": 0.770772}}
{"target": 0.19166921397487746, "params": {"C": 117985.31921601377, "gamma": 0.2360622650526872}, "datetime": {"datetime": "2021-10-04 10:57:53", "elapsed": 106.52853, "delta": 0.733447}}
{"target": 0.17443810987476138, "params": {"C": 163604.36110600815, "gamma": 0.9847660418389341}, "datetime": {"datetime": "2021-10-04 10:57:54", "elapsed": 107.407115, "delta": 0.878585}}
{"target": 0.2489489963912026, "params": {"C": 479794.4425195164, "gamma": 0.6318988635180972}, "datetime": {"datetime": "2021-10-04 10:57:54", "elapsed": 108.113906, "delta": 0.706791}}
{"target": 0.1986329334842668, "params": {"C": 488241.1376663475, "gamma": 0.9341132146005603}, "datetime": {"datetime": "2021-10-04 10:57:55", "elapsed": 108.885888, "delta": 0.771982}}
{"target": 0.21765173413152372, "params": {"C": 204187.6050778124, "gamma": 0.7928606078260831}, "datetime": {"datetime": "2021-10-04 10:57:56", "elapsed": 109.719213, "delta": 0.833325}}
{"target": 0.1819181625779489, "params": {"C": 270590.3702372315, "gamma": 0.9959150236221663}, "datetime": {"datetime": "2021-10-04 10:57:57", "elapsed": 110.652404, "delta": 0.933191}}
{"target": 0.10376707980488575, "params": {"C": 304341.283990068, "gamma": 0.09752336482659293}, "datetime": {"datetime": "2021-10-04 10:57:58", "elapsed": 111.56493, "delta": 0.912526}}
{"target": 0.24451875524907596, "params": {"C": 426298.9136829791, "gamma": 0.6726605270486746}, "datetime": {"datetime": "2021-10-04 10:57:59", "elapsed": 112.606476, "delta": 1.041546}}
{"target": 0.21927103821728278, "params": {"C": 237474.2359349361, "gamma": 0.7967437813452022}, "datetime": {"datetime": "2021-10-04 10:58:00", "elapsed": 113.50887, "delta": 0.902394}}
{"target": 0.10069862816817643, "params": {"C": 315480.4554045035, "gamma": 0.18124643303758362}, "datetime": {"datetime": "2021-10-04 10:58:00", "elapsed": 114.264397, "delta": 0.755527}}
{"target": 0.25225430226350876, "params": {"C": 278205.9644732834, "gamma": 0.5112917205405391}, "datetime": {"datetime": "2021-10-04 10:58:01", "elapsed": 115.165942, "delta": 0.901545}}
{"target": 0.07237174509305477, "params": {"C": 351840.6263692224, "gamma": 0.12426345106317485}, "datetime": {"datetime": "2021-10-04 10:58:02", "elapsed": 115.967996, "delta": 0.802054}}
{"target": 0.24544493194223238, "params": {"C": 491466.37969772023, "gamma": 0.4921841099888575}, "datetime": {"datetime": "2021-10-04 10:58:03", "elapsed": 116.716932, "delta": 0.748936}}
{"target": 0.25162584819572875, "params": {"C": 163150.18025218145, "gamma": 0.4939803786006303}, "datetime": {"datetime": "2021-10-04 10:58:04", "elapsed": 117.489198, "delta": 0.772266}}
{"target": 0.24682420893590407, "params": {"C": 347280.83238604944, "gamma": 0.47731785240785696}, "datetime": {"datetime": "2021-10-04 10:58:04", "elapsed": 118.275929, "delta": 0.786731}}
{"target": 0.17940104257330858, "params": {"C": 229495.57237063063, "gamma": 0.2713569952651426}, "datetime": {"datetime": "2021-10-04 10:58:05", "elapsed": 119.240925, "delta": 0.964996}}
{"target": 0.2138440145630791, "params": {"C": 218786.0245956076, "gamma": 0.8179435820247692}, "datetime": {"datetime": "2021-10-04 10:58:06", "elapsed": 120.15191, "delta": 0.910985}}
{"target": 0.18047144261719683, "params": {"C": 361443.58881241013, "gamma": 0.01909218063386574}, "datetime": {"datetime": "2021-10-04 10:58:07", "elapsed": 121.076047, "delta": 0.924137}}
{"target": 0.24460954718497907, "params": {"C": 375609.4008770098, "gamma": 0.6696518451965517}, "datetime": {"datetime": "2021-10-04 10:58:08", "elapsed": 121.909798, "delta": 0.833751}}
{"target": 0.164247018053843, "params": {"C": 377288.0597577824, "gamma": 0.2897742543562181}, "datetime": {"datetime": "2021-10-04 10:58:09", "elapsed": 122.912549, "delta": 1.002751}}
{"target": 0.08260440345294218, "params": {"C": 327503.9426392027, "gamma": 0.14991776809080418}, "datetime": {"datetime": "2021-10-04 10:58:10", "elapsed": 123.730653, "delta": 0.818104}}
{"target": 0.2068876566539416, "params": {"C": 433068.2638008575, "gamma": 0.8883956877424779}, "datetime": {"datetime": "2021-10-04 10:58:11", "elapsed": 124.532715, "delta": 0.802062}}
{"target": 0.13759496811939909, "params": {"C": 202418.61244056013, "gamma": 0.10006604595807148}, "datetime": {"datetime": "2021-10-04 10:58:12", "elapsed": 125.46232, "delta": 0.929605}}
{"target": 0.19425393495117704, "params": {"C": 199268.5722276665, "gamma": 0.9071130186448167}, "datetime": {"datetime": "2021-10-04 10:58:12", "elapsed": 126.292473, "delta": 0.830153}}
{"target": 0.2181537035831167, "params": {"C": 224367.90838985489, "gamma": 0.7982023662900998}, "datetime": {"datetime": "2021-10-04 10:58:14", "elapsed": 127.446936, "delta": 1.154463}}
{"target": 0.1898154972994306, "params": {"C": 460339.9698610283, "gamma": 0.9785172862098538}, "datetime": {"datetime": "2021-10-04 10:58:14", "elapsed": 128.29642, "delta": 0.849484}}
{"target": 0.22958113480417464, "params": {"C": 270139.58104553027, "gamma": 0.3916783704057368}, "datetime": {"datetime": "2021-10-04 10:58:15", "elapsed": 129.098395, "delta": 0.801975}}
{"target": 0.23751718998353044, "params": {"C": 242180.81231049253, "gamma": 0.41064368509013516}, "datetime": {"datetime": "2021-10-04 10:58:16", "elapsed": 129.922786, "delta": 0.824391}}
{"target": 0.19477686135945527, "params": {"C": 162594.1146624337, "gamma": 0.8812474684156052}, "datetime": {"datetime": "2021-10-04 10:58:17", "elapsed": 130.92569, "delta": 1.002904}}
{"target": 0.25197515376375035, "params": {"C": 427840.5112499448, "gamma": 0.5534006429586986}, "datetime": {"datetime": "2021-10-04 10:58:18", "elapsed": 131.803017, "delta": 0.877327}}
{"target": 0.18589145171603405, "params": {"C": 117463.60358115245, "gamma": 0.8722392190014784}, "datetime": {"datetime": "2021-10-04 10:58:19", "elapsed": 132.658628, "delta": 0.855611}}
{"target": 0.16754488558037517, "params": {"C": 109848.42902668071, "gamma": 0.10358307557611711}, "datetime": {"datetime": "2021-10-04 10:58:20", "elapsed": 133.492041, "delta": 0.833413}}
{"target": 0.18820875347082877, "params": {"C": 239141.63673978997, "gamma": 0.9540643708968215}, "datetime": {"datetime": "2021-10-04 10:58:20", "elapsed": 134.310738, "delta": 0.818697}}
{"target": 0.2518221496395261, "params": {"C": 457270.05452839646, "gamma": 0.57637061091637}, "datetime": {"datetime": "2021-10-04 10:58:21", "elapsed": 135.196877, "delta": 0.886139}}
{"target": 0.20632767031587196, "params": {"C": 288490.75965174835, "gamma": 0.8746035857017573}, "datetime": {"datetime": "2021-10-04 10:58:22", "elapsed": 136.267739, "delta": 1.070862}}
{"target": 0.1616680196135325, "params": {"C": 303605.07945270545, "gamma": 0.011627881376652691}, "datetime": {"datetime": "2021-10-04 10:58:23", "elapsed": 137.134458, "delta": 0.866719}}
{"target": 0.23723174188773954, "params": {"C": 417781.7484495292, "gamma": 0.4444971379124361}, "datetime": {"datetime": "2021-10-04 10:58:24", "elapsed": 138.165295, "delta": 1.030837}}
{"target": 0.18889919504706376, "params": {"C": 192411.04005891865, "gamma": 0.9304335462841309}, "datetime": {"datetime": "2021-10-04 10:58:25", "elapsed": 139.183931, "delta": 1.018636}}
{"target": 0.10405534541655204, "params": {"C": 366840.06443548604, "gamma": 0.08047589701101994}, "datetime": {"datetime": "2021-10-04 10:58:26", "elapsed": 140.017317, "delta": 0.833386}}
{"target": 0.2510854482551833, "params": {"C": 199713.1375009364, "gamma": 0.5745263671167794}, "datetime": {"datetime": "2021-10-04 10:58:27", "elapsed": 141.192394, "delta": 1.175077}}
{"target": 0.22184899047759032, "params": {"C": 472678.71163676324, "gamma": 0.40634092194935373}, "datetime": {"datetime": "2021-10-04 10:58:28", "elapsed": 142.04832, "delta": 0.855926}}
{"target": 0.24615489737287033, "params": {"C": 322205.67179355933, "gamma": 0.46821113644843315}, "datetime": {"datetime": "2021-10-04 10:58:29", "elapsed": 142.919852, "delta": 0.871532}}
{"target": 0.22210892092440504, "params": {"C": 432579.80820890405, "gamma": 0.8092460097789644}, "datetime": {"datetime": "2021-10-04 10:58:30", "elapsed": 143.800493, "delta": 0.880641}}
{"target": 0.22522062723371927, "params": {"C": 301827.1322235478, "gamma": 0.7798563742896707}, "datetime": {"datetime": "2021-10-04 10:58:31", "elapsed": 144.887908, "delta": 1.087415}}
{"target": 0.18512001409587975, "params": {"C": 324815.6991374974, "gamma": 0.9897829032896658}, "datetime": {"datetime": "2021-10-04 10:58:32", "elapsed": 145.790235, "delta": 0.902327}}
{"target": 0.20555033563681802, "params": {"C": 391516.4675602787, "gamma": 0.8920813446766951}, "datetime": {"datetime": "2021-10-04 10:58:33", "elapsed": 146.69298, "delta": 0.902745}}
{"target": 0.216437841231231, "params": {"C": 492033.6029442021, "gamma": 0.8421734434699993}, "datetime": {"datetime": "2021-10-04 10:58:34", "elapsed": 147.594855, "delta": 0.901875}}
{"target": 0.2505386896243228, "params": {"C": 202479.65820443706, "gamma": 0.5832295135574739}, "datetime": {"datetime": "2021-10-04 10:58:35", "elapsed": 148.450719, "delta": 0.855864}}
{"target": 0.20884860875745848, "params": {"C": 238423.03993406, "gamma": 0.331403951950723}, "datetime": {"datetime": "2021-10-04 10:58:36", "elapsed": 149.584738, "delta": 1.134019}}
{"target": 0.18264094904336525, "params": {"C": 145890.53230214128, "gamma": 0.029083633843828685}, "datetime": {"datetime": "2021-10-04 10:58:37", "elapsed": 150.440341, "delta": 0.855603}}
{"target": 0.18088885876631622, "params": {"C": 249011.0803740276, "gamma": 0.02207275539753302}, "datetime": {"datetime": "2021-10-04 10:58:38", "elapsed": 151.359338, "delta": 0.918997}}
{"target": 0.25265356970241437, "params": {"C": 186465.8803090098, "gamma": 0.5242517695973768}, "datetime": {"datetime": "2021-10-04 10:58:38", "elapsed": 152.245891, "delta": 0.886553}}
{"target": 0.1982384479642083, "params": {"C": 451921.11130594776, "gamma": 0.9341234693539179}, "datetime": {"datetime": "2021-10-04 10:58:39", "elapsed": 153.165698, "delta": 0.919807}}
{"target": 0.23320964539668587, "params": {"C": 199931.9287145517, "gamma": 0.7088010901582467}, "datetime": {"datetime": "2021-10-04 10:58:40", "elapsed": 154.267458, "delta": 1.10176}}
{"target": 0.19824394304474002, "params": {"C": 369543.7893568583, "gamma": 0.9273946156588196}, "datetime": {"datetime": "2021-10-04 10:58:41", "elapsed": 155.223324, "delta": 0.955866}}
{"target": 0.2167059183325314, "params": {"C": 382426.49403809354, "gamma": 0.833973985673315}, "datetime": {"datetime": "2021-10-04 10:58:42", "elapsed": 156.172978, "delta": 0.949654}}
{"target": 0.16819431393542172, "params": {"C": 147022.62035343438, "gamma": 0.07294700882187025}, "datetime": {"datetime": "2021-10-04 10:58:43", "elapsed": 157.126002, "delta": 0.953024}}
{"target": 0.24726614834092897, "params": {"C": 187707.28018248995, "gamma": 0.6086287205040385}, "datetime": {"datetime": "2021-10-04 10:58:44", "elapsed": 158.03544, "delta": 0.909438}}
{"target": 0.2508592364975122, "params": {"C": 333850.2730724845, "gamma": 0.6070393199759322}, "datetime": {"datetime": "2021-10-04 10:58:45", "elapsed": 159.019787, "delta": 0.984347}}
{"target": 0.19011524739121832, "params": {"C": 491436.0123477226, "gamma": 0.3467785379137597}, "datetime": {"datetime": "2021-10-04 10:58:46", "elapsed": 159.981501, "delta": 0.961714}}
{"target": 0.044084138828593966, "params": {"C": 439396.72067144746, "gamma": 0.11876714858272058}, "datetime": {"datetime": "2021-10-04 10:58:47", "elapsed": 160.984639, "delta": 1.003138}}
{"target": 0.191557970511249, "params": {"C": 109683.11419136851, "gamma": 0.22967952866599176}, "datetime": {"datetime": "2021-10-04 10:58:48", "elapsed": 161.927747, "delta": 0.943108}}
{"target": 0.2520393870529467, "params": {"C": 419903.12131518614, "gamma": 0.5524384496250331}, "datetime": {"datetime": "2021-10-04 10:58:49", "elapsed": 162.930803, "delta": 1.003056}}
