{"target": -0.0024083611236875857, "params": {"C": 3487.122161303498, "gamma": 0.1263277861063257}, "datetime": {"datetime": "2021-10-04 10:40:56", "elapsed": 103.635114, "delta": 0.701954}}
{"target": 0.05134325031340636, "params": {"C": 3302.0976364749245, "gamma": 0.03299806058332867}, "datetime": {"datetime": "2021-10-04 10:40:57", "elapsed": 104.358901, "delta": 0.723787}}
{"target": 0.03049068192509974, "params": {"C": 4540.088297617014, "gamma": 0.14191446032656696}, "datetime": {"datetime": "2021-10-04 10:40:58", "elapsed": 105.332296, "delta": 0.973395}}
{"target": -0.01546929092888294, "params": {"C": 4513.71163747576, "gamma": 0.00878066994409035}, "datetime": {"datetime": "2021-10-04 10:40:59", "elapsed": 106.235005, "delta": 0.902709}}
{"target": 0.027792386776156697, "params": {"C": 4498.928321177418, "gamma": 0.14263013155882712}, "datetime": {"datetime": "2021-10-04 10:41:00", "elapsed": 107.153033, "delta": 0.918028}}
{"target": 0.00831925044286963, "params": {"C": 4308.788764479967, "gamma": 0.011746741368827859}, "datetime": {"datetime": "2021-10-04 10:41:01", "elapsed": 107.955112, "delta": 0.802079}}
{"target": 0.08718467128777319, "params": {"C": 4513.532461177843, "gamma": 0.03120514794610174}, "datetime": {"datetime": "2021-10-04 10:41:01", "elapsed": 108.753265, "delta": 0.798153}}
{"target": 0.039134812836970734, "params": {"C": 4999.7759840804865, "gamma": 0.013815123887435728}, "datetime": {"datetime": "2021-10-04 10:41:02", "elapsed": 109.741736, "delta": 0.988471}}
{"target": -0.017861738070772404, "params": {"C": 4731.219946577377, "gamma": 0.1863819193933484}, "datetime": {"datetime": "2021-10-04 10:41:03", "elapsed": 110.576945, "delta": 0.835209}}
{"target": -0.40468739930141395, "params": {"C": 1013.6259274769128, "gamma": 0.19719833326563405}, "datetime": {"datetime": "2021-10-04 10:41:04", "elapsed": 111.307572, "delta": 0.730627}}
{"target": -0.11452979956265974, "params": {"C": 2416.7757387890592, "gamma": 0.1478652180135673}, "datetime": {"datetime": "2021-10-04 10:41:05", "elapsed": 112.087807, "delta": 0.780235}}
{"target": 0.06018884575660799, "params": {"C": 4999.67164707522, "gamma": 0.13251426194345417}, "datetime": {"datetime": "2021-10-04 10:41:06", "elapsed": 112.974479, "delta": 0.886672}}
{"target": -0.010788643552380295, "params": {"C": 3487.12459456349, "gamma": 0.13251641086992175}, "datetime": {"datetime": "2021-10-04 10:41:06", "elapsed": 113.792, "delta": 0.817521}}
{"target": -0.011128986054828927, "params": {"C": 4760.15238350608, "gamma": 0.008663203867743538}, "datetime": {"datetime": "2021-10-04 10:41:08", "elapsed": 115.095098, "delta": 1.303098}}
{"target": -0.10471987730839771, "params": {"C": 3026.9920670239007, "gamma": 0.00605300781659813}, "datetime": {"datetime": "2021-10-04 10:41:09", "elapsed": 115.850568, "delta": 0.75547}}
{"target": -0.18762483939621477, "params": {"C": 1406.5848167047989, "gamma": 0.11695179534384571}, "datetime": {"datetime": "2021-10-04 10:41:09", "elapsed": 116.577681, "delta": 0.727113}}
{"target": 0.040127826518578935, "params": {"C": 4811.819035102395, "gamma": 0.14336883006859633}, "datetime": {"datetime": "2021-10-04 10:41:10", "elapsed": 117.495799, "delta": 0.918118}}
{"target": -0.014107177539163462, "params": {"C": 4594.084086496657, "gamma": 0.008733698417488637}, "datetime": {"datetime": "2021-10-04 10:41:11", "elapsed": 118.519729, "delta": 1.02393}}
{"target": -0.04070145642029632, "params": {"C": 4594.298992935655, "gamma": 0.1990003444787207}, "datetime": {"datetime": "2021-10-04 10:41:12", "elapsed": 119.361445, "delta": 0.841716}}
{"target": 0.0020462530425967573, "params": {"C": 4563.193660356418, "gamma": 0.16505260383336165}, "datetime": {"datetime": "2021-10-04 10:41:13", "elapsed": 120.132656, "delta": 0.771211}}
{"target": 0.05444950817654337, "params": {"C": 4540.410389301245, "gamma": 0.018645250216558634}, "datetime": {"datetime": "2021-10-04 10:41:14", "elapsed": 120.935115, "delta": 0.802459}}
{"target": -0.08695768241808022, "params": {"C": 2600.036633815271, "gamma": 0.14099108522636425}, "datetime": {"datetime": "2021-10-04 10:41:14", "elapsed": 121.768556, "delta": 0.833441}}
{"target": 0.0728270744132904, "params": {"C": 4624.242934676613, "gamma": 0.10780223640569819}, "datetime": {"datetime": "2021-10-04 10:41:16", "elapsed": 123.081524, "delta": 1.312968}}
{"target": 0.044005750215417416, "params": {"C": 4308.565115632924, "gamma": 0.0175665295782596}, "datetime": {"datetime": "2021-10-04 10:41:17", "elapsed": 124.099803, "delta": 1.018279}}
{"target": 0.07790067238809073, "params": {"C": 4999.567817042168, "gamma": 0.02222850179419019}, "datetime": {"datetime": "2021-10-04 10:41:18", "elapsed": 125.303211, "delta": 1.203408}}
{"target": 0.09950699374730798, "params": {"C": 4540.198669965628, "gamma": 0.06879465743675507}, "datetime": {"datetime": "2021-10-04 10:41:19", "elapsed": 126.090006, "delta": 0.786795}}
{"target": 0.0832047032910197, "params": {"C": 4518.647548253537, "gamma": 0.028828681648866622}, "datetime": {"datetime": "2021-10-04 10:41:20", "elapsed": 127.193085, "delta": 1.103079}}
{"target": 0.026193081327925305, "params": {"C": 4492.4645864216345, "gamma": 0.013557554087940505}, "datetime": {"datetime": "2021-10-04 10:41:21", "elapsed": 128.757553, "delta": 1.564468}}
{"target": 0.00318620790478108, "params": {"C": 4193.860423288414, "gamma": 0.15067341083531788}, "datetime": {"datetime": "2021-10-04 10:41:23", "elapsed": 129.860396, "delta": 1.102843}}
{"target": 0.03253264141531664, "params": {"C": 4540.294206417845, "gamma": 0.014364805215590006}, "datetime": {"datetime": "2021-10-04 10:41:24", "elapsed": 130.97646, "delta": 1.116064}}
{"target": -0.03292764772498358, "params": {"C": 4760.10325328118, "gamma": 0.19912520239189882}, "datetime": {"datetime": "2021-10-04 10:41:25", "elapsed": 132.095182, "delta": 1.118722}}
{"target": 0.06338381103268986, "params": {"C": 4595.6192792224065, "gamma": 0.11578480544628562}, "datetime": {"datetime": "2021-10-04 10:41:26", "elapsed": 133.235758, "delta": 1.140576}}
{"target": -0.051733728124808476, "params": {"C": 3853.343326555274, "gamma": 0.17763256047939355}, "datetime": {"datetime": "2021-10-04 10:41:27", "elapsed": 134.1004, "delta": 0.864642}}
{"target": -0.12292065578534572, "params": {"C": 1638.572062943368, "gamma": 0.10002961489428353}, "datetime": {"datetime": "2021-10-04 10:41:28", "elapsed": 134.918444, "delta": 0.818044}}
{"target": -0.14644946519844737, "params": {"C": 4203.285284257154, "gamma": 0.0030408026760126196}, "datetime": {"datetime": "2021-10-04 10:41:29", "elapsed": 136.043866, "delta": 1.125422}}
{"target": 0.0024317164147623638, "params": {"C": 4203.456187913178, "gamma": 0.011363541750828076}, "datetime": {"datetime": "2021-10-04 10:41:30", "elapsed": 136.962044, "delta": 0.918178}}
{"target": -0.2864414507477451, "params": {"C": 1639.4730614905825, "gamma": 0.196455007142098}, "datetime": {"datetime": "2021-10-04 10:41:30", "elapsed": 137.751613, "delta": 0.789569}}
{"target": 0.07208166746560396, "params": {"C": 4999.767509322533, "gamma": 0.12174627044018337}, "datetime": {"datetime": "2021-10-04 10:41:31", "elapsed": 138.769998, "delta": 1.018385}}
{"target": -0.013096762068474765, "params": {"C": 2492.708709720239, "gamma": 0.08397147598620482}, "datetime": {"datetime": "2021-10-04 10:41:32", "elapsed": 139.640794, "delta": 0.870796}}
{"target": -0.20642014522641516, "params": {"C": 4193.975842297962, "gamma": 0.002}, "datetime": {"datetime": "2021-10-04 10:41:33", "elapsed": 140.728463, "delta": 1.087669}}
{"target": 0.07575395721730416, "params": {"C": 4193.786988121588, "gamma": 0.029467433032155793}, "datetime": {"datetime": "2021-10-04 10:41:35", "elapsed": 142.069132, "delta": 1.340669}}
{"target": -0.20127238354719945, "params": {"C": 1358.696398008709, "gamma": 0.11995993360726395}, "datetime": {"datetime": "2021-10-04 10:41:36", "elapsed": 142.933314, "delta": 0.864182}}
{"target": -0.008337806447881402, "params": {"C": 2111.7952812072986, "gamma": 0.04089171731028111}, "datetime": {"datetime": "2021-10-04 10:41:36", "elapsed": 143.820208, "delta": 0.886894}}
{"target": 0.038166959086926244, "params": {"C": 4811.722311900579, "gamma": 0.14497913391337497}, "datetime": {"datetime": "2021-10-04 10:41:37", "elapsed": 144.837925, "delta": 1.017717}}
{"target": 0.05622695466458816, "params": {"C": 4553.2950802402465, "gamma": 0.12074215688366499}, "datetime": {"datetime": "2021-10-04 10:41:38", "elapsed": 145.677815, "delta": 0.83989}}
{"target": 0.09732957277986432, "params": {"C": 4759.980430697087, "gamma": 0.08494841378448437}, "datetime": {"datetime": "2021-10-04 10:41:39", "elapsed": 146.765505, "delta": 1.08769}}
{"target": 0.006539063369792042, "params": {"C": 4518.647927843789, "gamma": 0.1600004273789837}, "datetime": {"datetime": "2021-10-04 10:41:41", "elapsed": 148.08452, "delta": 1.319015}}
{"target": -0.09599817020437507, "params": {"C": 4512.265350697441, "gamma": 0.004218376605805731}, "datetime": {"datetime": "2021-10-04 10:41:42", "elapsed": 149.171902, "delta": 1.087382}}
{"target": 0.057222313344269304, "params": {"C": 4476.563765837256, "gamma": 0.11706812789002956}, "datetime": {"datetime": "2021-10-04 10:41:43", "elapsed": 150.174702, "delta": 1.0028}}
{"target": 0.03272466310568933, "params": {"C": 4203.402293187626, "gamma": 0.1278815806778539}, "datetime": {"datetime": "2021-10-04 10:41:44", "elapsed": 151.251951, "delta": 1.077249}}
{"target": 0.016550053806248854, "params": {"C": 4512.386993187143, "gamma": 0.15199663269881453}, "datetime": {"datetime": "2021-10-04 10:41:45", "elapsed": 152.380971, "delta": 1.12902}}
{"target": 0.10193066639084003, "params": {"C": 4512.405325617243, "gamma": 0.0539433115296338}, "datetime": {"datetime": "2021-10-04 10:41:46", "elapsed": 153.28304, "delta": 0.902069}}
{"target": -0.2467576745625213, "params": {"C": 1938.9674690974364, "gamma": 0.19782411737377162}, "datetime": {"datetime": "2021-10-04 10:41:47", "elapsed": 154.246594, "delta": 0.963554}}
{"target": 0.08839614045519784, "params": {"C": 4516.508668930743, "gamma": 0.03194602057284019}, "datetime": {"datetime": "2021-10-04 10:41:48", "elapsed": 155.380716, "delta": 1.134122}}
{"target": 0.10954817846061049, "params": {"C": 4811.807773754004, "gamma": 0.04923069715230857}, "datetime": {"datetime": "2021-10-04 10:41:49", "elapsed": 156.692548, "delta": 1.311832}}
{"target": -0.03159443968062803, "params": {"C": 4496.474573893548, "gamma": 0.18833078076413057}, "datetime": {"datetime": "2021-10-04 10:41:51", "elapsed": 157.95562, "delta": 1.263072}}
{"target": 0.05461677187182279, "params": {"C": 4540.459097735628, "gamma": 0.12170644291504272}, "datetime": {"datetime": "2021-10-04 10:41:52", "elapsed": 159.667657, "delta": 1.712037}}
{"target": -0.07289578266994234, "params": {"C": 3108.3754956662865, "gamma": 0.15839800096440323}, "datetime": {"datetime": "2021-10-04 10:41:53", "elapsed": 160.617703, "delta": 0.950046}}
{"target": -0.02221797546865334, "params": {"C": 2853.077504744971, "gamma": 0.11092179182783632}, "datetime": {"datetime": "2021-10-04 10:41:54", "elapsed": 161.594627, "delta": 0.976924}}
{"target": 0.04990015735510844, "params": {"C": 4518.51547696501, "gamma": 0.01772560036591054}, "datetime": {"datetime": "2021-10-04 10:41:55", "elapsed": 162.762453, "delta": 1.167826}}
{"target": 0.01673807861624199, "params": {"C": 3894.4895311265673, "gamma": 0.12868149818481314}, "datetime": {"datetime": "2021-10-04 10:41:57", "elapsed": 164.06887, "delta": 1.306417}}
{"target": 0.08162858322329913, "params": {"C": 4491.360637688276, "gamma": 0.09319075678199325}, "datetime": {"datetime": "2021-10-04 10:41:58", "elapsed": 165.784267, "delta": 1.715397}}
{"target": -0.0312512489023975, "params": {"C": 3609.2775954585604, "gamma": 0.15253803054034187}, "datetime": {"datetime": "2021-10-04 10:42:00", "elapsed": 166.924209, "delta": 1.139942}}
{"target": 0.05144891949929886, "params": {"C": 3290.346202388932, "gamma": 0.033512451842201696}, "datetime": {"datetime": "2021-10-04 10:42:01", "elapsed": 168.043827, "delta": 1.119618}}
{"target": 0.06644531576665769, "params": {"C": 4540.136189064584, "gamma": 0.02189716213861903}, "datetime": {"datetime": "2021-10-04 10:42:02", "elapsed": 169.235526, "delta": 1.191699}}
{"target": 0.09330521936826808, "params": {"C": 4513.303042856914, "gamma": 0.07876344799842862}, "datetime": {"datetime": "2021-10-04 10:42:03", "elapsed": 170.497506, "delta": 1.26198}}
{"target": 0.0710461159810526, "params": {"C": 3785.368058702339, "gamma": 0.03509761638145215}, "datetime": {"datetime": "2021-10-04 10:42:04", "elapsed": 171.698705, "delta": 1.201199}}
{"target": 0.11116804135717817, "params": {"C": 4999.925923735169, "gamma": 0.07366772757917903}, "datetime": {"datetime": "2021-10-04 10:42:06", "elapsed": 173.206062, "delta": 1.507357}}
{"target": -0.03860982052951134, "params": {"C": 4513.2222037262345, "gamma": 0.19432145812769896}, "datetime": {"datetime": "2021-10-04 10:42:08", "elapsed": 174.921587, "delta": 1.715525}}
{"target": 0.0014534868872539963, "params": {"C": 4624.363342761699, "gamma": 0.1676755363795273}, "datetime": {"datetime": "2021-10-04 10:42:09", "elapsed": 176.670325, "delta": 1.748738}}
{"target": -0.08720913300727484, "params": {"C": 1321.7168329333754, "gamma": 0.03544251482435027}, "datetime": {"datetime": "2021-10-04 10:42:10", "elapsed": 177.68353, "delta": 1.013205}}
{"target": 0.0056785634439909805, "params": {"C": 4595.619464238321, "gamma": 0.010639534246813399}, "datetime": {"datetime": "2021-10-04 10:42:12", "elapsed": 179.504401, "delta": 1.820871}}
{"target": 0.03215346266949792, "params": {"C": 4999.976512693394, "gamma": 0.012802186577087359}, "datetime": {"datetime": "2021-10-04 10:42:14", "elapsed": 180.874428, "delta": 1.370027}}
{"target": -0.0376756218661185, "params": {"C": 3785.311881004237, "gamma": 0.16461686159354647}, "datetime": {"datetime": "2021-10-04 10:42:15", "elapsed": 182.176316, "delta": 1.301888}}
{"target": 0.009710243970571963, "params": {"C": 4759.895115817688, "gamma": 0.16596244654340978}, "datetime": {"datetime": "2021-10-04 10:42:16", "elapsed": 183.832305, "delta": 1.655989}}
{"target": 0.003941626647733898, "params": {"C": 3162.0194176114906, "gamma": 0.1066737709068252}, "datetime": {"datetime": "2021-10-04 10:42:18", "elapsed": 184.92178, "delta": 1.089475}}
{"target": -0.1139699915254091, "params": {"C": 4491.474564508334, "gamma": 0.003653452823455804}, "datetime": {"datetime": "2021-10-04 10:42:19", "elapsed": 186.415879, "delta": 1.494099}}
{"target": -0.16381896440787114, "params": {"C": 4513.236422007997, "gamma": 0.002480753647759079}, "datetime": {"datetime": "2021-10-04 10:42:20", "elapsed": 187.794778, "delta": 1.378899}}
{"target": 0.008024497751730753, "params": {"C": 4308.597750006025, "gamma": 0.15124914008012216}, "datetime": {"datetime": "2021-10-04 10:42:22", "elapsed": 189.149684, "delta": 1.354906}}
{"target": 0.10046345693245395, "params": {"C": 4595.961714263321, "gamma": 0.0706250438298025}, "datetime": {"datetime": "2021-10-04 10:42:23", "elapsed": 190.41065, "delta": 1.260966}}
{"target": 0.018686619477346067, "params": {"C": 4517.6329232544795, "gamma": 0.1505068370041702}, "datetime": {"datetime": "2021-10-04 10:42:24", "elapsed": 191.449081, "delta": 1.038431}}
{"target": 0.10278361966761285, "params": {"C": 4595.171494185938, "gamma": 0.04618731064648189}, "datetime": {"datetime": "2021-10-04 10:42:26", "elapsed": 193.43731, "delta": 1.988229}}
{"target": -0.10891785528036868, "params": {"C": 4811.857116301866, "gamma": 0.003542016865458392}, "datetime": {"datetime": "2021-10-04 10:42:28", "elapsed": 195.251642, "delta": 1.814332}}
{"target": 0.01735736672708832, "params": {"C": 4595.72356653078, "gamma": 0.15429375098253614}, "datetime": {"datetime": "2021-10-04 10:42:29", "elapsed": 196.616098, "delta": 1.364456}}
{"target": -0.19529806794215943, "params": {"C": 4496.523048922443, "gamma": 0.002}, "datetime": {"datetime": "2021-10-04 10:42:31", "elapsed": 198.273893, "delta": 1.657795}}
{"target": -0.09115025350497463, "params": {"C": 1714.0096094825212, "gamma": 0.08651590167420775}, "datetime": {"datetime": "2021-10-04 10:42:32", "elapsed": 199.381851, "delta": 1.107958}}
{"target": 0.09759843273317126, "params": {"C": 4496.372175589966, "gamma": 0.06994274602989065}, "datetime": {"datetime": "2021-10-04 10:42:35", "elapsed": 202.039302, "delta": 2.657451}}
{"target": 0.09133037807593647, "params": {"C": 4595.065460611753, "gamma": 0.03258939862864558}, "datetime": {"datetime": "2021-10-04 10:42:36", "elapsed": 203.48843, "delta": 1.449128}}
{"target": -0.16860940327644047, "params": {"C": 2112.758682177311, "gamma": 0.16165324104187492}, "datetime": {"datetime": "2021-10-04 10:42:37", "elapsed": 204.664987, "delta": 1.176557}}
{"target": -0.04257181775031227, "params": {"C": 4492.299317228759, "gamma": 0.006812629983914999}, "datetime": {"datetime": "2021-10-04 10:42:39", "elapsed": 206.605017, "delta": 1.94003}}
{"target": 0.07107848328692523, "params": {"C": 3633.248536046636, "gamma": 0.04287654739733648}, "datetime": {"datetime": "2021-10-04 10:42:40", "elapsed": 207.697384, "delta": 1.092367}}
{"target": 0.10020827153629841, "params": {"C": 4498.769517471012, "gamma": 0.046448375870268385}, "datetime": {"datetime": "2021-10-04 10:42:42", "elapsed": 209.068754, "delta": 1.37137}}
{"target": 0.04905041283820055, "params": {"C": 4669.755803875787, "gamma": 0.016805251100974215}, "datetime": {"datetime": "2021-10-04 10:42:43", "elapsed": 210.457144, "delta": 1.38839}}
{"target": 0.061738604109195294, "params": {"C": 4624.182417089594, "gamma": 0.019978577198212083}, "datetime": {"datetime": "2021-10-04 10:42:45", "elapsed": 212.341865, "delta": 1.884721}}
{"target": 0.02322990259534552, "params": {"C": 4595.977366645979, "gamma": 0.14966824318607963}, "datetime": {"datetime": "2021-10-04 10:42:46", "elapsed": 213.828904, "delta": 1.487039}}
{"target": 0.044403451132415284, "params": {"C": 3633.152273896443, "gamma": 0.023008868489160998}, "datetime": {"datetime": "2021-10-04 10:42:48", "elapsed": 215.53216, "delta": 1.703256}}
{"target": 0.0786950246802044, "params": {"C": 4624.12914998733, "gamma": 0.10178957781135263}, "datetime": {"datetime": "2021-10-04 10:42:50", "elapsed": 217.109325, "delta": 1.577165}}
{"target": 0.010569570439085574, "params": {"C": 4492.441781339177, "gamma": 0.15594676819114944}, "datetime": {"datetime": "2021-10-04 10:42:52", "elapsed": 218.987687, "delta": 1.878362}}
{"target": 0.10433977363377211, "params": {"C": 4595.284608330272, "gamma": 0.05434023082775846}, "datetime": {"datetime": "2021-10-04 10:42:54", "elapsed": 220.968112, "delta": 1.980425}}
{"target": -0.008917682297382434, "params": {"C": 4513.644414643099, "gamma": 0.17168478622399438}, "datetime": {"datetime": "2021-10-04 10:42:56", "elapsed": 223.044097, "delta": 2.075985}}
{"target": 0.08285675684388383, "params": {"C": 4999.546690416704, "gamma": 0.11124544823801603}, "datetime": {"datetime": "2021-10-04 10:42:57", "elapsed": 224.753106, "delta": 1.709009}}
{"target": 0.04810408046988335, "params": {"C": 4594.108742011373, "gamma": 0.12924754875942504}, "datetime": {"datetime": "2021-10-04 10:42:59", "elapsed": 226.608013, "delta": 1.854907}}
{"target": 0.06693697702122647, "params": {"C": 4489.842385313963, "gamma": 0.10852011339027591}, "datetime": {"datetime": "2021-10-04 10:43:01", "elapsed": 228.241393, "delta": 1.63338}}
{"target": 0.07054672875365231, "params": {"C": 4512.475483890374, "gamma": 0.023471806527248194}, "datetime": {"datetime": "2021-10-04 10:43:02", "elapsed": 229.665624, "delta": 1.424231}}
{"target": 0.09984787702614706, "params": {"C": 4707.173260290214, "gamma": 0.03735458363665584}, "datetime": {"datetime": "2021-10-04 10:43:03", "elapsed": 230.766884, "delta": 1.10126}}
{"target": 0.057008090103956244, "params": {"C": 4707.151330722836, "gamma": 0.12547486046358958}, "datetime": {"datetime": "2021-10-04 10:43:05", "elapsed": 232.1497, "delta": 1.382816}}
{"target": -0.00642479142356378, "params": {"C": 4595.153649038474, "gamma": 0.17270936078971158}, "datetime": {"datetime": "2021-10-04 10:43:06", "elapsed": 233.545135, "delta": 1.395435}}
{"target": 0.10430483607341767, "params": {"C": 4596.044071226408, "gamma": 0.0530322986934746}, "datetime": {"datetime": "2021-10-04 10:43:08", "elapsed": 235.550178, "delta": 2.005043}}
{"target": -0.17455350085605836, "params": {"C": 2034.1087787705048, "gamma": 0.15969419182852654}, "datetime": {"datetime": "2021-10-04 10:43:10", "elapsed": 236.923413, "delta": 1.373235}}
{"target": 0.0064861703110707936, "params": {"C": 2553.4010283835605, "gamma": 0.07017882170867827}, "datetime": {"datetime": "2021-10-04 10:43:11", "elapsed": 238.076082, "delta": 1.152669}}
{"target": -0.061799874867208615, "params": {"C": 2039.4080404394513, "gamma": 0.015181185098375684}, "datetime": {"datetime": "2021-10-04 10:43:12", "elapsed": 239.250362, "delta": 1.17428}}
{"target": 0.007759264460981852, "params": {"C": 4595.347048874768, "gamma": 0.16177096771625316}, "datetime": {"datetime": "2021-10-04 10:43:14", "elapsed": 240.865188, "delta": 1.614826}}
{"target": 0.045440653973154554, "params": {"C": 4645.265202124493, "gamma": 0.1332838249836429}, "datetime": {"datetime": "2021-10-04 10:43:15", "elapsed": 242.104939, "delta": 1.239751}}
{"target": 0.05662932392544251, "params": {"C": 4594.1077485466085, "gamma": 0.12184277525664376}, "datetime": {"datetime": "2021-10-04 10:43:16", "elapsed": 243.325255, "delta": 1.220316}}
{"target": 0.1069534580423549, "params": {"C": 4811.488300681047, "gamma": 0.07081726529956218}, "datetime": {"datetime": "2021-10-04 10:43:18", "elapsed": 244.885278, "delta": 1.560023}}
{"target": -0.029827213293768473, "params": {"C": 4811.529502784057, "gamma": 0.19857039822939065}, "datetime": {"datetime": "2021-10-04 10:43:19", "elapsed": 246.394073, "delta": 1.508795}}
