{"target": -35.501042716882424, "params": {"C": 29978.888523483853, "gamma": 0.04843677955595529}, "datetime": {"datetime": "2021-09-29 08:38:20", "elapsed": 23.737119, "delta": 0.416004}}
{"target": -36.17948412172215, "params": {"C": 29309.842580640907, "gamma": 0.004571513287728949}, "datetime": {"datetime": "2021-09-29 08:38:21", "elapsed": 24.132118, "delta": 0.394999}}
{"target": -35.15439927834001, "params": {"C": 25738.281174001593, "gamma": 0.04452932364554532}, "datetime": {"datetime": "2021-09-29 08:38:21", "elapsed": 24.561283, "delta": 0.429165}}
{"target": -34.64048377950433, "params": {"C": 25820.41819413266, "gamma": 0.028494863492261418}, "datetime": {"datetime": "2021-09-29 08:38:22", "elapsed": 24.966283, "delta": 0.405}}
{"target": -35.73365826063228, "params": {"C": 27496.16799587954, "gamma": 0.055883826236900226}, "datetime": {"datetime": "2021-09-29 08:38:22", "elapsed": 25.432288, "delta": 0.466005}}
{"target": -34.86858615339972, "params": {"C": 27228.033194770895, "gamma": 0.03611825486259215}, "datetime": {"datetime": "2021-09-29 08:38:23", "elapsed": 25.886023, "delta": 0.453735}}
{"target": -35.175046736632446, "params": {"C": 25883.774841057726, "gamma": 0.044972956123961974}, "datetime": {"datetime": "2021-09-29 08:38:23", "elapsed": 26.354019, "delta": 0.467996}}
{"target": -34.65614335116163, "params": {"C": 27666.072212617233, "gamma": 0.028624231791039775}, "datetime": {"datetime": "2021-09-29 08:38:23", "elapsed": 26.83549, "delta": 0.481471}}
{"target": -36.33341252010801, "params": {"C": 28185.34953783673, "gamma": 0.0702545604575481}, "datetime": {"datetime": "2021-09-29 08:38:24", "elapsed": 27.322494, "delta": 0.487004}}
{"target": -34.8558361048397, "params": {"C": 27321.260436100685, "gamma": 0.03574892821491672}, "datetime": {"datetime": "2021-09-29 08:38:24", "elapsed": 27.754494, "delta": 0.432}}
{"target": -35.522099306814084, "params": {"C": 28537.558658107537, "gamma": 0.05007004461826626}, "datetime": {"datetime": "2021-09-29 08:38:25", "elapsed": 28.264494, "delta": 0.51}}
{"target": -34.61948754556976, "params": {"C": 25625.107392028527, "gamma": 0.027443790705967353}, "datetime": {"datetime": "2021-09-29 08:38:26", "elapsed": 28.890279, "delta": 0.625785}}
{"target": -35.28609745496868, "params": {"C": 25692.7086912133, "gamma": 0.04749270302116008}, "datetime": {"datetime": "2021-09-29 08:38:26", "elapsed": 29.448281, "delta": 0.558002}}
{"target": -34.88139917070467, "params": {"C": 27982.29607679904, "gamma": 0.03602064218566662}, "datetime": {"datetime": "2021-09-29 08:38:27", "elapsed": 30.02128, "delta": 0.572999}}
{"target": -35.85353833127246, "params": {"C": 28571.103777226963, "gamma": 0.05751324547027216}, "datetime": {"datetime": "2021-09-29 08:38:27", "elapsed": 30.625282, "delta": 0.604002}}
{"target": -34.5107843779661, "params": {"C": 26984.40891634645, "gamma": 0.020482095551111173}, "datetime": {"datetime": "2021-09-29 08:38:28", "elapsed": 31.088027, "delta": 0.462745}}
{"target": -35.64485878853826, "params": {"C": 26788.637892622635, "gamma": 0.05453939492968337}, "datetime": {"datetime": "2021-09-29 08:38:28", "elapsed": 31.553026, "delta": 0.464999}}
{"target": -35.359333443417995, "params": {"C": 28951.351068618453, "gamma": 0.046354584072223565}, "datetime": {"datetime": "2021-09-29 08:38:29", "elapsed": 32.006029, "delta": 0.453003}}
{"target": -34.97187663166314, "params": {"C": 28693.050637750734, "gamma": 0.03784882582763405}, "datetime": {"datetime": "2021-09-29 08:38:29", "elapsed": 32.443031, "delta": 0.437002}}
{"target": -34.903073786179654, "params": {"C": 26465.860811884006, "gamma": 0.01188453966538651}, "datetime": {"datetime": "2021-09-29 08:38:30", "elapsed": 32.914305, "delta": 0.471274}}
{"target": -34.60004539627125, "params": {"C": 25971.666212888184, "gamma": 0.02636914051822731}, "datetime": {"datetime": "2021-09-29 08:38:30", "elapsed": 33.397302, "delta": 0.482997}}
{"target": -36.12232203741963, "params": {"C": 27514.191672546982, "gamma": 0.004839718947709247}, "datetime": {"datetime": "2021-09-29 08:38:31", "elapsed": 34.0363, "delta": 0.638998}}
{"target": -34.77566747058131, "params": {"C": 25537.996107048282, "gamma": 0.03378353153894122}, "datetime": {"datetime": "2021-09-29 08:38:31", "elapsed": 34.582298, "delta": 0.545998}}
{"target": -36.433129312150704, "params": {"C": 26697.416359888302, "gamma": 0.07496537361987834}, "datetime": {"datetime": "2021-09-29 08:38:32", "elapsed": 35.128366, "delta": 0.546068}}
{"target": -36.578074083609984, "params": {"C": 26920.61942703904, "gamma": 0.07873126795037318}, "datetime": {"datetime": "2021-09-29 08:38:32", "elapsed": 35.713366, "delta": 0.585}}
{"target": -36.0032909388231, "params": {"C": 29455.101997822032, "gamma": 0.005307582996117149}, "datetime": {"datetime": "2021-09-29 08:38:33", "elapsed": 36.368575, "delta": 0.655209}}
{"target": -34.53357641756913, "params": {"C": 29418.16275004687, "gamma": 0.01576540268466732}, "datetime": {"datetime": "2021-09-29 08:38:34", "elapsed": 36.96547, "delta": 0.596895}}
{"target": -35.098221146265416, "params": {"C": 26871.77745298512, "gamma": 0.04222503233619222}, "datetime": {"datetime": "2021-09-29 08:38:34", "elapsed": 37.446465, "delta": 0.480995}}
{"target": -35.56553806560693, "params": {"C": 26692.559907455703, "gamma": 0.05275802891350797}, "datetime": {"datetime": "2021-09-29 08:38:35", "elapsed": 37.950469, "delta": 0.504004}}
{"target": -35.24806807802212, "params": {"C": 25939.160802400515, "gamma": 0.009293022310586943}, "datetime": {"datetime": "2021-09-29 08:38:35", "elapsed": 38.447469, "delta": 0.497}}
{"target": -35.48818319986064, "params": {"C": 29267.490818270406, "gamma": 0.048738301899211786}, "datetime": {"datetime": "2021-09-29 08:38:36", "elapsed": 38.896177, "delta": 0.448708}}
{"target": -36.74136170321851, "params": {"C": 29282.851691990498, "gamma": 0.07971227249163923}, "datetime": {"datetime": "2021-09-29 08:38:36", "elapsed": 39.596173, "delta": 0.699996}}
{"target": -34.82221137576534, "params": {"C": 25203.009600968726, "gamma": 0.012838575305870254}, "datetime": {"datetime": "2021-09-29 08:38:37", "elapsed": 40.132167, "delta": 0.535994}}
{"target": -34.54232490179514, "params": {"C": 29433.67046309088, "gamma": 0.022857627855129153}, "datetime": {"datetime": "2021-09-29 08:38:37", "elapsed": 40.64017, "delta": 0.508003}}
{"target": -34.906520626902164, "params": {"C": 29335.40917115293, "gamma": 0.0359079985666882}, "datetime": {"datetime": "2021-09-29 08:38:38", "elapsed": 41.295097, "delta": 0.654927}}
{"target": -35.05621185399181, "params": {"C": 28569.339562216963, "gamma": 0.04003580221416004}, "datetime": {"datetime": "2021-09-29 08:38:38", "elapsed": 41.755099, "delta": 0.460002}}
{"target": -35.44456533358314, "params": {"C": 27242.773588313976, "gamma": 0.049526687543391866}, "datetime": {"datetime": "2021-09-29 08:38:39", "elapsed": 42.363096, "delta": 0.607997}}
{"target": -34.54608371730465, "params": {"C": 28818.94337022504, "gamma": 0.02309734319944852}, "datetime": {"datetime": "2021-09-29 08:38:40", "elapsed": 42.920616, "delta": 0.55752}}
{"target": -36.24771860610025, "params": {"C": 26917.828553909563, "gamma": 0.06969155139105139}, "datetime": {"datetime": "2021-09-29 08:38:40", "elapsed": 43.44715, "delta": 0.526534}}
{"target": -36.52046720772989, "params": {"C": 29433.75985996455, "gamma": 0.0733330157572576}, "datetime": {"datetime": "2021-09-29 08:38:41", "elapsed": 43.994148, "delta": 0.546998}}
{"target": -35.32214576852873, "params": {"C": 27677.81864091457, "gamma": 0.008702498326439158}, "datetime": {"datetime": "2021-09-29 08:38:41", "elapsed": 44.58215, "delta": 0.588002}}
{"target": -34.51425107063791, "params": {"C": 25712.282065266794, "gamma": 0.01663228082804163}, "datetime": {"datetime": "2021-09-29 08:38:42", "elapsed": 45.112272, "delta": 0.530122}}
{"target": -34.87548305904611, "params": {"C": 29171.445665010862, "gamma": 0.03522784513514094}, "datetime": {"datetime": "2021-09-29 08:38:42", "elapsed": 45.65127, "delta": 0.538998}}
{"target": -35.765831062776996, "params": {"C": 28951.877502909723, "gamma": 0.05511640259890177}, "datetime": {"datetime": "2021-09-29 08:38:43", "elapsed": 46.222908, "delta": 0.571638}}
{"target": -36.167249724496195, "params": {"C": 25428.956043183953, "gamma": 0.004686849966479714}, "datetime": {"datetime": "2021-09-29 08:38:43", "elapsed": 46.755919, "delta": 0.533011}}
{"target": -34.65885335918322, "params": {"C": 25606.919590327543, "gamma": 0.029302364126123335}, "datetime": {"datetime": "2021-09-29 08:38:44", "elapsed": 47.375115, "delta": 0.619196}}
{"target": -35.66654601994124, "params": {"C": 29556.584064408915, "gamma": 0.05235093894573865}, "datetime": {"datetime": "2021-09-29 08:38:45", "elapsed": 47.981114, "delta": 0.605999}}
{"target": -34.56487227091613, "params": {"C": 26438.87687662799, "gamma": 0.015719620600296864}, "datetime": {"datetime": "2021-09-29 08:38:45", "elapsed": 48.534115, "delta": 0.553001}}
{"target": -34.55583724377719, "params": {"C": 27761.050074424824, "gamma": 0.023717629694156164}, "datetime": {"datetime": "2021-09-29 08:38:46", "elapsed": 49.190489, "delta": 0.656374}}
{"target": -36.34070958388683, "params": {"C": 28007.137026004086, "gamma": 0.07067181365245237}, "datetime": {"datetime": "2021-09-29 08:38:46", "elapsed": 49.810482, "delta": 0.619993}}
{"target": -36.12531713423356, "params": {"C": 27893.110096378154, "gamma": 0.06524946749956295}, "datetime": {"datetime": "2021-09-29 08:38:47", "elapsed": 50.399486, "delta": 0.589004}}
{"target": -34.49769097064831, "params": {"C": 28700.303843939048, "gamma": 0.019520311939908812}, "datetime": {"datetime": "2021-09-29 08:38:48", "elapsed": 50.986783, "delta": 0.587297}}
{"target": -35.23404701286783, "params": {"C": 29759.992438448346, "gamma": 0.008969560724087316}, "datetime": {"datetime": "2021-09-29 08:38:48", "elapsed": 51.604779, "delta": 0.617996}}
{"target": -35.43266936920416, "params": {"C": 26320.57227423003, "gamma": 0.05010294305646607}, "datetime": {"datetime": "2021-09-29 08:38:49", "elapsed": 52.215777, "delta": 0.610998}}
{"target": -34.517205868607725, "params": {"C": 29826.989730300324, "gamma": 0.02116064412668042}, "datetime": {"datetime": "2021-09-29 08:38:49", "elapsed": 52.765782, "delta": 0.550005}}
{"target": -35.277872915293905, "params": {"C": 25559.538066553105, "gamma": 0.047434310500604156}, "datetime": {"datetime": "2021-09-29 08:38:50", "elapsed": 53.336984, "delta": 0.571202}}
{"target": -35.83402670525582, "params": {"C": 29765.04192624642, "gamma": 0.05583362613741474}, "datetime": {"datetime": "2021-09-29 08:38:51", "elapsed": 53.879985, "delta": 0.543001}}
{"target": -36.55464356363151, "params": {"C": 26377.949710332916, "gamma": 0.07895424891788448}, "datetime": {"datetime": "2021-09-29 08:38:51", "elapsed": 54.445003, "delta": 0.565018}}
{"target": -36.78825656984358, "params": {"C": 29945.803018805706, "gamma": 0.07997476903118537}, "datetime": {"datetime": "2021-09-29 08:38:52", "elapsed": 54.994681, "delta": 0.549678}}
{"target": -34.73374450814812, "params": {"C": 26712.095241986066, "gamma": 0.031827598434447}, "datetime": {"datetime": "2021-09-29 08:38:52", "elapsed": 55.596678, "delta": 0.601997}}
{"target": -35.43905268973494, "params": {"C": 27660.46593755421, "gamma": 0.04904350246880736}, "datetime": {"datetime": "2021-09-29 08:38:53", "elapsed": 56.204284, "delta": 0.607606}}
{"target": -34.66452364194553, "params": {"C": 27332.50648013441, "gamma": 0.014267012382642198}, "datetime": {"datetime": "2021-09-29 08:38:53", "elapsed": 56.864458, "delta": 0.660174}}
{"target": -36.47474658563847, "params": {"C": 27663.898819370417, "gamma": 0.0746312225867983}, "datetime": {"datetime": "2021-09-29 08:38:54", "elapsed": 57.425457, "delta": 0.560999}}
{"target": -34.86961049270956, "params": {"C": 27280.065053403032, "gamma": 0.036114744564152104}, "datetime": {"datetime": "2021-09-29 08:38:55", "elapsed": 57.988452, "delta": 0.562995}}
{"target": -35.95513682211007, "params": {"C": 28424.92395692465, "gamma": 0.005553324745387297}, "datetime": {"datetime": "2021-09-29 08:38:55", "elapsed": 58.551453, "delta": 0.563001}}
{"target": -36.17850020194401, "params": {"C": 27076.931805162447, "gamma": 0.06765384406274746}, "datetime": {"datetime": "2021-09-29 08:38:56", "elapsed": 59.201306, "delta": 0.649853}}
{"target": -35.52173274216783, "params": {"C": 28988.733332531476, "gamma": 0.04967681056834497}, "datetime": {"datetime": "2021-09-29 08:38:56", "elapsed": 59.872312, "delta": 0.671006}}
{"target": -36.54757107611208, "params": {"C": 25676.877822515307, "gamma": 0.07997262857400808}, "datetime": {"datetime": "2021-09-29 08:38:57", "elapsed": 60.464307, "delta": 0.591995}}
{"target": -34.91443068804119, "params": {"C": 27810.044939081414, "gamma": 0.036927921570995434}, "datetime": {"datetime": "2021-09-29 08:38:58", "elapsed": 61.090433, "delta": 0.626126}}
{"target": -34.66774289936994, "params": {"C": 29701.074803205433, "gamma": 0.028541944176319417}, "datetime": {"datetime": "2021-09-29 08:38:58", "elapsed": 61.701435, "delta": 0.611002}}
{"target": -34.593194843175404, "params": {"C": 27593.822993789418, "gamma": 0.02588347080183907}, "datetime": {"datetime": "2021-09-29 08:38:59", "elapsed": 62.264431, "delta": 0.562996}}
{"target": -35.84832677213963, "params": {"C": 28897.059597146894, "gamma": 0.05704459692123947}, "datetime": {"datetime": "2021-09-29 08:38:59", "elapsed": 62.853332, "delta": 0.588901}}
{"target": -35.38392398750788, "params": {"C": 25178.11131990076, "gamma": 0.05009939886657885}, "datetime": {"datetime": "2021-09-29 08:39:00", "elapsed": 63.448071, "delta": 0.594739}}
{"target": -34.9288878765672, "params": {"C": 26987.812845023072, "gamma": 0.03776658194564901}, "datetime": {"datetime": "2021-09-29 08:39:01", "elapsed": 63.994073, "delta": 0.546002}}
{"target": -34.556597676102896, "params": {"C": 28725.01480670888, "gamma": 0.023748431709153084}, "datetime": {"datetime": "2021-09-29 08:39:01", "elapsed": 64.659075, "delta": 0.665002}}
{"target": -35.07651180384725, "params": {"C": 25546.679938084817, "gamma": 0.04260283436483836}, "datetime": {"datetime": "2021-09-29 08:39:02", "elapsed": 65.263338, "delta": 0.604263}}
{"target": -35.628152214540556, "params": {"C": 27848.620652368085, "gamma": 0.05307329267875746}, "datetime": {"datetime": "2021-09-29 08:39:02", "elapsed": 65.818997, "delta": 0.555659}}
{"target": -35.64671422929403, "params": {"C": 29850.531383916947, "gamma": 0.05164817846005469}, "datetime": {"datetime": "2021-09-29 08:39:03", "elapsed": 66.452992, "delta": 0.633995}}
{"target": -34.56620349519049, "params": {"C": 28399.210843859364, "gamma": 0.024327702429193594}, "datetime": {"datetime": "2021-09-29 08:39:04", "elapsed": 67.033298, "delta": 0.580306}}
{"target": -35.399765648300146, "params": {"C": 25717.918252243173, "gamma": 0.008475672225698352}, "datetime": {"datetime": "2021-09-29 08:39:04", "elapsed": 67.636303, "delta": 0.603005}}
{"target": -36.69350894757987, "params": {"C": 28943.085524826936, "gamma": 0.07887775931896616}, "datetime": {"datetime": "2021-09-29 08:39:05", "elapsed": 68.437298, "delta": 0.800995}}
{"target": -35.14552851896385, "params": {"C": 29371.057244304648, "gamma": 0.041767332983525}, "datetime": {"datetime": "2021-09-29 08:39:06", "elapsed": 69.104418, "delta": 0.66712}}
{"target": -34.59307878049506, "params": {"C": 27214.383965412428, "gamma": 0.02590250536835885}, "datetime": {"datetime": "2021-09-29 08:39:06", "elapsed": 69.680401, "delta": 0.575983}}
{"target": -36.40131339885663, "params": {"C": 26437.965707550124, "gamma": 0.07450129500896517}, "datetime": {"datetime": "2021-09-29 08:39:07", "elapsed": 70.298402, "delta": 0.618001}}
{"target": -35.43219338847932, "params": {"C": 25396.367940229415, "gamma": 0.05097685859130593}, "datetime": {"datetime": "2021-09-29 08:39:08", "elapsed": 70.9802, "delta": 0.681798}}
{"target": -35.791546568979875, "params": {"C": 29912.52189686791, "gamma": 0.006248388189066624}, "datetime": {"datetime": "2021-09-29 08:39:08", "elapsed": 71.606206, "delta": 0.626006}}
{"target": -36.31703963042407, "params": {"C": 29852.1328626303, "gamma": 0.06772717429470741}, "datetime": {"datetime": "2021-09-29 08:39:09", "elapsed": 72.181197, "delta": 0.574991}}
{"target": -35.66049819460963, "params": {"C": 26087.287628328344, "gamma": 0.05568177102059613}, "datetime": {"datetime": "2021-09-29 08:39:09", "elapsed": 72.818198, "delta": 0.637001}}
{"target": -34.62262076966211, "params": {"C": 26717.81358623481, "gamma": 0.0274974475770112}, "datetime": {"datetime": "2021-09-29 08:39:10", "elapsed": 73.453668, "delta": 0.63547}}
{"target": -36.48408356417205, "params": {"C": 26273.290151566423, "gamma": 0.07706873858595027}, "datetime": {"datetime": "2021-09-29 08:39:11", "elapsed": 74.161671, "delta": 0.708003}}
{"target": -34.48822449587145, "params": {"C": 26946.439582122784, "gamma": 0.018414450015481525}, "datetime": {"datetime": "2021-09-29 08:39:11", "elapsed": 74.77867, "delta": 0.616999}}
{"target": -35.881181765472455, "params": {"C": 29879.36989970716, "gamma": 0.05678989097115436}, "datetime": {"datetime": "2021-09-29 08:39:12", "elapsed": 75.383971, "delta": 0.605301}}
{"target": -35.11519333175013, "params": {"C": 26026.97738200253, "gamma": 0.043267472279280156}, "datetime": {"datetime": "2021-09-29 08:39:13", "elapsed": 76.01866, "delta": 0.634689}}
{"target": -34.566668145979804, "params": {"C": 29948.99808868546, "gamma": 0.02429613185199803}, "datetime": {"datetime": "2021-09-29 08:39:13", "elapsed": 76.796661, "delta": 0.778001}}
{"target": -35.71581308438496, "params": {"C": 28799.033754185595, "gamma": 0.05416862689284891}, "datetime": {"datetime": "2021-09-29 08:39:14", "elapsed": 77.474388, "delta": 0.677727}}
{"target": -36.141355739446446, "params": {"C": 28269.77150905923, "gamma": 0.06519789442610592}, "datetime": {"datetime": "2021-09-29 08:39:15", "elapsed": 78.258393, "delta": 0.784005}}
{"target": -36.426368769738176, "params": {"C": 27625.975536839498, "gamma": 0.07339400526726884}, "datetime": {"datetime": "2021-09-29 08:39:16", "elapsed": 78.933063, "delta": 0.67467}}
{"target": -35.09059982157298, "params": {"C": 29508.067098339347, "gamma": 0.04033239735665152}, "datetime": {"datetime": "2021-09-29 08:39:17", "elapsed": 79.898062, "delta": 0.964999}}
{"target": -35.021671813822294, "params": {"C": 26343.720064123492, "gamma": 0.010832528253336894}, "datetime": {"datetime": "2021-09-29 08:39:17", "elapsed": 80.743068, "delta": 0.845006}}
{"target": -36.331328492944955, "params": {"C": 29698.748950848916, "gamma": 0.0682758171060925}, "datetime": {"datetime": "2021-09-29 08:39:18", "elapsed": 81.463423, "delta": 0.720355}}
{"target": -34.531263703262546, "params": {"C": 29088.1526063809, "gamma": 0.02212720429212684}, "datetime": {"datetime": "2021-09-29 08:39:19", "elapsed": 82.168419, "delta": 0.704996}}
{"target": -34.78862864041771, "params": {"C": 26409.86404816153, "gamma": 0.03392836819172721}, "datetime": {"datetime": "2021-09-29 08:39:19", "elapsed": 82.865425, "delta": 0.697006}}
{"target": -34.61511844341506, "params": {"C": 25706.445264036407, "gamma": 0.027205459623241914}, "datetime": {"datetime": "2021-09-29 08:39:20", "elapsed": 83.5937, "delta": 0.728275}}
{"target": -34.74642194282053, "params": {"C": 28962.251604332258, "gamma": 0.0315715874372467}, "datetime": {"datetime": "2021-09-29 08:39:21", "elapsed": 84.304706, "delta": 0.711006}}
{"target": -34.49497408047744, "params": {"C": 26563.49538372739, "gamma": 0.019029605552274134}, "datetime": {"datetime": "2021-09-29 08:39:22", "elapsed": 85.149113, "delta": 0.844407}}
{"target": -35.677457516037364, "params": {"C": 29280.461256117134, "gamma": 0.05284975579244941}, "datetime": {"datetime": "2021-09-29 08:39:22", "elapsed": 85.842719, "delta": 0.693606}}
{"target": -34.64284887407146, "params": {"C": 25296.181928233575, "gamma": 0.02867735002327222}, "datetime": {"datetime": "2021-09-29 08:39:23", "elapsed": 86.597726, "delta": 0.755007}}
{"target": -34.60552454107887, "params": {"C": 28370.545147675795, "gamma": 0.02645105651374991}, "datetime": {"datetime": "2021-09-29 08:39:24", "elapsed": 87.385159, "delta": 0.787433}}
{"target": -35.44846140568765, "params": {"C": 29710.834513277576, "gamma": 0.04757004254317534}, "datetime": {"datetime": "2021-09-29 08:39:25", "elapsed": 88.139155, "delta": 0.753996}}
{"target": -34.81419635439392, "params": {"C": 25484.70439406468, "gamma": 0.03521003379161038}, "datetime": {"datetime": "2021-09-29 08:39:26", "elapsed": 88.906212, "delta": 0.767057}}
{"target": -36.02256492647433, "params": {"C": 26550.662196811278, "gamma": 0.06433817014829213}, "datetime": {"datetime": "2021-09-29 08:39:26", "elapsed": 89.631372, "delta": 0.72516}}
{"target": -34.57491913588843, "params": {"C": 25001.39839600226, "gamma": 0.024951874190538792}, "datetime": {"datetime": "2021-09-29 08:39:27", "elapsed": 90.372376, "delta": 0.741004}}
{"target": -35.705598716605195, "params": {"C": 27822.165283836304, "gamma": 0.054913238486607285}, "datetime": {"datetime": "2021-09-29 08:39:28", "elapsed": 91.103717, "delta": 0.731341}}
{"target": -35.988471711137635, "params": {"C": 25937.815561452247, "gamma": 0.06424778010977995}, "datetime": {"datetime": "2021-09-29 08:39:28", "elapsed": 91.850723, "delta": 0.747006}}
{"target": -35.86619255754204, "params": {"C": 29922.623477232046, "gamma": 0.05640376550917848}, "datetime": {"datetime": "2021-09-29 08:39:29", "elapsed": 92.59472, "delta": 0.743997}}
{"target": -35.330843628287695, "params": {"C": 26514.432478496892, "gamma": 0.04773011932280501}, "datetime": {"datetime": "2021-09-29 08:39:30", "elapsed": 93.389363, "delta": 0.794643}}
{"target": -35.13489213067858, "params": {"C": 28240.9986457794, "gamma": 0.00971572924767673}, "datetime": {"datetime": "2021-09-29 08:39:31", "elapsed": 94.300368, "delta": 0.911005}}
