{"target": -59.90814554605964, "params": {"C": 7294.144323029926, "gamma": 0.6499914430813618}, "datetime": {"datetime": "2021-10-04 11:27:58", "elapsed": 44.238308, "delta": 0.583236}}
{"target": -59.492220942064094, "params": {"C": 8749.386366170289, "gamma": 0.6957358494567054}, "datetime": {"datetime": "2021-10-04 11:27:59", "elapsed": 44.853043, "delta": 0.614735}}
{"target": -59.90582644649816, "params": {"C": 8747.576782736054, "gamma": 0.7404114427562659}, "datetime": {"datetime": "2021-10-04 11:27:59", "elapsed": 45.520911, "delta": 0.667868}}
{"target": -59.07434953982838, "params": {"C": 3469.474471945053, "gamma": 0.32927042424145647}, "datetime": {"datetime": "2021-10-04 11:28:00", "elapsed": 46.114382, "delta": 0.593471}}
{"target": -65.36608115976492, "params": {"C": 2782.7128279290773, "gamma": 0.7107058970063209}, "datetime": {"datetime": "2021-10-04 11:28:01", "elapsed": 46.929558, "delta": 0.815176}}
{"target": -66.49607537948822, "params": {"C": 2780.6657309660277, "gamma": 0.8908744324739583}, "datetime": {"datetime": "2021-10-04 11:28:01", "elapsed": 47.493181, "delta": 0.563623}}
{"target": -60.55764188244095, "params": {"C": 8757.063312963352, "gamma": 0.8247261455493173}, "datetime": {"datetime": "2021-10-04 11:28:02", "elapsed": 48.050939, "delta": 0.557758}}
{"target": -54.522875851137606, "params": {"C": 8755.23078146152, "gamma": 0.25131754960483754}, "datetime": {"datetime": "2021-10-04 11:28:02", "elapsed": 48.648517, "delta": 0.597578}}
{"target": -54.21706897241546, "params": {"C": 8907.075466925558, "gamma": 0.2310392329405619}, "datetime": {"datetime": "2021-10-04 11:28:03", "elapsed": 49.298549, "delta": 0.650032}}
{"target": -56.37741134663713, "params": {"C": 8754.54329399466, "gamma": 0.4089537469552872}, "datetime": {"datetime": "2021-10-04 11:28:04", "elapsed": 49.881612, "delta": 0.583063}}
{"target": -55.81534708723255, "params": {"C": 8797.958021466031, "gamma": 0.3648803553862387}, "datetime": {"datetime": "2021-10-04 11:28:04", "elapsed": 50.470814, "delta": 0.589202}}
{"target": -55.98717505508621, "params": {"C": 8799.371742966005, "gamma": 0.37827809334672124}, "datetime": {"datetime": "2021-10-04 11:28:05", "elapsed": 51.264372, "delta": 0.793558}}
{"target": -56.08319342631817, "params": {"C": 4886.565980156523, "gamma": 0.22368438085695735}, "datetime": {"datetime": "2021-10-04 11:28:06", "elapsed": 51.920435, "delta": 0.656063}}
{"target": -53.47417901867915, "params": {"C": 8827.022908644027, "gamma": 0.035303683086022775}, "datetime": {"datetime": "2021-10-04 11:28:06", "elapsed": 52.544602, "delta": 0.624167}}
{"target": -55.52696705228322, "params": {"C": 8825.568303306085, "gamma": 0.3430498222459608}, "datetime": {"datetime": "2021-10-04 11:28:07", "elapsed": 53.155682, "delta": 0.61108}}
{"target": -53.466422470268505, "params": {"C": 8826.414774400759, "gamma": 0.03547991548679068}, "datetime": {"datetime": "2021-10-04 11:28:08", "elapsed": 53.779663, "delta": 0.623981}}
{"target": -57.20437019141498, "params": {"C": 8826.559182035055, "gamma": 0.48662334285746595}, "datetime": {"datetime": "2021-10-04 11:28:08", "elapsed": 54.497423, "delta": 0.71776}}
{"target": -61.009954702069955, "params": {"C": 8800.450945850762, "gamma": 0.8965458299419632}, "datetime": {"datetime": "2021-10-04 11:28:09", "elapsed": 55.161756, "delta": 0.664333}}
{"target": -52.85206315067244, "params": {"C": 8824.615725479827, "gamma": 0.0597958761958723}, "datetime": {"datetime": "2021-10-04 11:28:09", "elapsed": 55.763345, "delta": 0.601589}}
{"target": -55.36021579639499, "params": {"C": 7299.350354537837, "gamma": 0.2686315319737351}, "datetime": {"datetime": "2021-10-04 11:28:10", "elapsed": 56.362128, "delta": 0.598783}}
{"target": -57.33886494414001, "params": {"C": 8824.637672750152, "gamma": 0.4988888240306039}, "datetime": {"datetime": "2021-10-04 11:28:11", "elapsed": 56.979199, "delta": 0.617071}}
{"target": -52.91745128480625, "params": {"C": 8824.178213870937, "gamma": 0.053708574301989616}, "datetime": {"datetime": "2021-10-04 11:28:11", "elapsed": 57.661296, "delta": 0.682097}}
{"target": -61.99372190560574, "params": {"C": 4887.759894384836, "gamma": 0.6638051582045951}, "datetime": {"datetime": "2021-10-04 11:28:12", "elapsed": 58.250949, "delta": 0.589653}}
{"target": -60.82542391550922, "params": {"C": 7300.191780654014, "gamma": 0.748441989719697}, "datetime": {"datetime": "2021-10-04 11:28:13", "elapsed": 58.9601, "delta": 0.709151}}
{"target": -53.59198243853645, "params": {"C": 8737.493471547807, "gamma": 0.17395479621645965}, "datetime": {"datetime": "2021-10-04 11:28:14", "elapsed": 59.888757, "delta": 0.928657}}
{"target": -61.17044953060893, "params": {"C": 7298.644275289224, "gamma": 0.7934708752800284}, "datetime": {"datetime": "2021-10-04 11:28:14", "elapsed": 60.683867, "delta": 0.79511}}
{"target": -55.821206986729756, "params": {"C": 8795.310591137086, "gamma": 0.365238135685478}, "datetime": {"datetime": "2021-10-04 11:28:15", "elapsed": 61.459444, "delta": 0.775577}}
{"target": -61.134302763548156, "params": {"C": 8737.454642426947, "gamma": 0.9120017576057237}, "datetime": {"datetime": "2021-10-04 11:28:16", "elapsed": 62.168385, "delta": 0.708941}}
{"target": -61.209920688142944, "params": {"C": 8794.47028478227, "gamma": 0.929855088780335}, "datetime": {"datetime": "2021-10-04 11:28:17", "elapsed": 62.783612, "delta": 0.615227}}
{"target": -61.40573743197441, "params": {"C": 8754.977326248949, "gamma": 0.9623994475920514}, "datetime": {"datetime": "2021-10-04 11:28:17", "elapsed": 63.570627, "delta": 0.787015}}
{"target": -55.28153874485208, "params": {"C": 3472.962039239791, "gamma": 0.0427870336582279}, "datetime": {"datetime": "2021-10-04 11:28:18", "elapsed": 64.233747, "delta": 0.66312}}
{"target": -57.540297307441776, "params": {"C": 3474.311029100757, "gamma": 0.23271398717823932}, "datetime": {"datetime": "2021-10-04 11:28:19", "elapsed": 64.938346, "delta": 0.704599}}
{"target": -58.76563150332962, "params": {"C": 8753.451129948748, "gamma": 0.6260753132638645}, "datetime": {"datetime": "2021-10-04 11:28:19", "elapsed": 65.749004, "delta": 0.810658}}
{"target": -61.82452138593299, "params": {"C": 5508.42822784318, "gamma": 0.708177007835843}, "datetime": {"datetime": "2021-10-04 11:28:40", "elapsed": 0.0, "delta": 0.0}}
{"target": -62.97111966267357, "params": {"C": 2909.75648439053, "gamma": 0.5108765224371432}, "datetime": {"datetime": "2021-10-04 11:28:40", "elapsed": 0.169306, "delta": 0.169306}}
{"target": -60.94543801746222, "params": {"C": 8929.5765965222, "gamma": 0.8963034596245447}, "datetime": {"datetime": "2021-10-04 11:28:40", "elapsed": 0.347731, "delta": 0.178425}}
{"target": -61.41969463290169, "params": {"C": 1256.7275193278988, "gamma": 0.20732215385037292}, "datetime": {"datetime": "2021-10-04 11:28:40", "elapsed": 0.548323, "delta": 0.200592}}
{"target": -70.30289963007476, "params": {"C": 515.6205658049979, "gamma": 0.4408657626662714}, "datetime": {"datetime": "2021-10-04 11:28:41", "elapsed": 0.717333, "delta": 0.16901}}
{"target": -60.81622004359882, "params": {"C": 8928.061902690519, "gamma": 0.8759108844282867}, "datetime": {"datetime": "2021-10-04 11:28:41", "elapsed": 0.927939, "delta": 0.210606}}
{"target": -59.56186427064882, "params": {"C": 8853.580839077613, "gamma": 0.7089367957777526}, "datetime": {"datetime": "2021-10-04 11:28:41", "elapsed": 1.171708, "delta": 0.243769}}
{"target": -52.98408915714822, "params": {"C": 8729.047388801182, "gamma": 0.11429810990350014}, "datetime": {"datetime": "2021-10-04 11:28:41", "elapsed": 1.457982, "delta": 0.286274}}
{"target": -61.61901896112166, "params": {"C": 8665.550021642797, "gamma": 0.9955194153633667}, "datetime": {"datetime": "2021-10-04 11:28:42", "elapsed": 1.801421, "delta": 0.343439}}
{"target": -60.02890049617067, "params": {"C": 8766.931606525846, "gamma": 0.7560966972385211}, "datetime": {"datetime": "2021-10-04 11:28:42", "elapsed": 2.133413, "delta": 0.331992}}
{"target": -72.63772117705845, "params": {"C": 8709.340970380179, "gamma": 0.0001}, "datetime": {"datetime": "2021-10-04 11:28:42", "elapsed": 2.410086, "delta": 0.276673}}
{"target": -53.57775742155879, "params": {"C": 8735.24762376315, "gamma": 0.17285178994643555}, "datetime": {"datetime": "2021-10-04 11:28:43", "elapsed": 2.673346, "delta": 0.26326}}
{"target": -56.18515472796684, "params": {"C": 8748.366442557679, "gamma": 0.3924412568779309}, "datetime": {"datetime": "2021-10-04 11:28:43", "elapsed": 2.905194, "delta": 0.231848}}
{"target": -58.844635747397994, "params": {"C": 8877.93175485268, "gamma": 0.6396923888514923}, "datetime": {"datetime": "2021-10-04 11:28:43", "elapsed": 3.245307, "delta": 0.340113}}
{"target": -55.69320685313009, "params": {"C": 8899.340535948737, "gamma": 0.3589897245321521}, "datetime": {"datetime": "2021-10-04 11:28:43", "elapsed": 3.522174, "delta": 0.276867}}
{"target": -52.88742839353822, "params": {"C": 8827.919585899555, "gamma": 0.09982643908575402}, "datetime": {"datetime": "2021-10-04 11:28:44", "elapsed": 3.826152, "delta": 0.303978}}
{"target": -54.50096901159185, "params": {"C": 8815.363483939253, "gamma": 0.0220133824578546}, "datetime": {"datetime": "2021-10-04 11:28:44", "elapsed": 4.134685, "delta": 0.308533}}
{"target": -57.1626902210805, "params": {"C": 8796.679795707272, "gamma": 0.48152295731459954}, "datetime": {"datetime": "2021-10-04 11:28:44", "elapsed": 4.404322, "delta": 0.269637}}
{"target": -59.350510969702164, "params": {"C": 7384.256731378209, "gamma": 0.6058748320103876}, "datetime": {"datetime": "2021-10-04 11:28:45", "elapsed": 4.639018, "delta": 0.234696}}
{"target": -61.50799269193723, "params": {"C": 7422.226161548472, "gamma": 0.8546314118591638}, "datetime": {"datetime": "2021-10-04 11:28:45", "elapsed": 4.913013, "delta": 0.273995}}
{"target": -60.59766995062421, "params": {"C": 8838.235649270195, "gamma": 0.8367630317524781}, "datetime": {"datetime": "2021-10-04 11:28:45", "elapsed": 5.22134, "delta": 0.308327}}
{"target": -59.97274349879581, "params": {"C": 7354.362835832904, "gamma": 0.659867474768588}, "datetime": {"datetime": "2021-10-04 11:28:45", "elapsed": 5.533167, "delta": 0.311827}}
{"target": -65.36831302825091, "params": {"C": 3255.394178009626, "gamma": 0.824954459990916}, "datetime": {"datetime": "2021-10-04 11:28:46", "elapsed": 5.774852, "delta": 0.241685}}
{"target": -58.9801817832226, "params": {"C": 7310.3370405510395, "gamma": 0.5707208111687441}, "datetime": {"datetime": "2021-10-04 11:28:46", "elapsed": 6.176315, "delta": 0.401463}}
{"target": -60.30603909712273, "params": {"C": 8822.53700692009, "gamma": 0.7947763181196285}, "datetime": {"datetime": "2021-10-04 11:28:46", "elapsed": 6.570315, "delta": 0.394}}
{"target": -58.81505753897271, "params": {"C": 8809.607063330755, "gamma": 0.6334745647248027}, "datetime": {"datetime": "2021-10-04 11:28:47", "elapsed": 6.831688, "delta": 0.261373}}
{"target": -52.910770023410166, "params": {"C": 8740.666603406224, "gamma": 0.10089278597112582}, "datetime": {"datetime": "2021-10-04 11:28:47", "elapsed": 7.165044, "delta": 0.333356}}
{"target": -61.001721105269674, "params": {"C": 8724.194036177003, "gamma": 0.8891757326084562}, "datetime": {"datetime": "2021-10-04 11:28:47", "elapsed": 7.464312, "delta": 0.299268}}
{"target": -52.94737350839665, "params": {"C": 8831.447345382816, "gamma": 0.11161323237989262}, "datetime": {"datetime": "2021-10-04 11:28:48", "elapsed": 7.777327, "delta": 0.313015}}
{"target": -52.80193246520986, "params": {"C": 8892.009717644785, "gamma": 0.08057881050385786}, "datetime": {"datetime": "2021-10-04 11:28:48", "elapsed": 8.04233, "delta": 0.265003}}
{"target": -58.51447947779969, "params": {"C": 8786.927068010435, "gamma": 0.6046351511190651}, "datetime": {"datetime": "2021-10-04 11:28:48", "elapsed": 8.354789, "delta": 0.312459}}
{"target": -59.62161925521524, "params": {"C": 8888.479979185362, "gamma": 0.7173402503485165}, "datetime": {"datetime": "2021-10-04 11:28:49", "elapsed": 8.677286, "delta": 0.322497}}
{"target": -54.50986844503543, "params": {"C": 8894.935342984423, "gamma": 0.2542811175673238}, "datetime": {"datetime": "2021-10-04 11:28:49", "elapsed": 9.010172, "delta": 0.332886}}
{"target": -54.59166780834029, "params": {"C": 8906.439812799077, "gamma": 0.261162246840717}, "datetime": {"datetime": "2021-10-04 11:28:49", "elapsed": 9.39445, "delta": 0.384278}}
{"target": -60.010893382791906, "params": {"C": 8912.619354791808, "gamma": 0.7633807042344322}, "datetime": {"datetime": "2021-10-04 11:28:50", "elapsed": 9.687504, "delta": 0.293054}}
{"target": -56.47959202488685, "params": {"C": 8756.245838403753, "gamma": 0.011826654010740983}, "datetime": {"datetime": "2021-10-04 11:28:50", "elapsed": 9.995956, "delta": 0.308452}}
{"target": -52.85025023788875, "params": {"C": 8731.773077260741, "gamma": 0.06293712919668566}, "datetime": {"datetime": "2021-10-04 11:28:50", "elapsed": 10.48083, "delta": 0.484874}}
{"target": -61.22272748827203, "params": {"C": 1694.9701885175732, "gamma": 0.013910478345221246}, "datetime": {"datetime": "2021-10-04 11:28:51", "elapsed": 10.808007, "delta": 0.327177}}
{"target": -61.171815288599966, "params": {"C": 5148.194297976764, "gamma": 0.6100859184298946}, "datetime": {"datetime": "2021-10-04 11:28:51", "elapsed": 11.130007, "delta": 0.322}}
{"target": -68.07048972915302, "params": {"C": 1384.6087766666142, "gamma": 0.6379142923566953}, "datetime": {"datetime": "2021-10-04 11:28:51", "elapsed": 11.495392, "delta": 0.365385}}
{"target": -53.42068650043875, "params": {"C": 7292.575535183051, "gamma": 0.12014178753014447}, "datetime": {"datetime": "2021-10-04 11:28:52", "elapsed": 11.854796, "delta": 0.359404}}
{"target": -61.3177153910141, "params": {"C": 7286.731665634161, "gamma": 0.8135052635401152}, "datetime": {"datetime": "2021-10-04 11:28:52", "elapsed": 12.222799, "delta": 0.368003}}
{"target": -57.21774049917441, "params": {"C": 7297.69502996609, "gamma": 0.4191360291544591}, "datetime": {"datetime": "2021-10-04 11:28:53", "elapsed": 12.701998, "delta": 0.479199}}
{"target": -61.55534789600835, "params": {"C": 6806.343807732327, "gamma": 0.8016824788749808}, "datetime": {"datetime": "2021-10-04 11:28:53", "elapsed": 13.105587, "delta": 0.403589}}
{"target": -60.732151681569, "params": {"C": 7326.03200548694, "gamma": 0.739112629169267}, "datetime": {"datetime": "2021-10-04 11:28:53", "elapsed": 13.49755, "delta": 0.391963}}
{"target": -60.41891538440104, "params": {"C": 6628.842853423834, "gamma": 0.6548646656100918}, "datetime": {"datetime": "2021-10-04 11:28:54", "elapsed": 13.884779, "delta": 0.387229}}
{"target": -55.2823129542423, "params": {"C": 3471.413279133598, "gamma": 0.11570285332329172}, "datetime": {"datetime": "2021-10-04 11:28:54", "elapsed": 14.251635, "delta": 0.366856}}
{"target": -55.39741500119438, "params": {"C": 3477.9277577861, "gamma": 0.12334707837921614}, "datetime": {"datetime": "2021-10-04 11:28:55", "elapsed": 14.632435, "delta": 0.3808}}
{"target": -60.48845793554984, "params": {"C": 3464.5088210194044, "gamma": 0.413275412625461}, "datetime": {"datetime": "2021-10-04 11:28:55", "elapsed": 14.997438, "delta": 0.365003}}
{"target": -58.975107503806996, "params": {"C": 3485.1084240060195, "gamma": 0.32347480194563155}, "datetime": {"datetime": "2021-10-04 11:28:55", "elapsed": 15.308873, "delta": 0.311435}}
{"target": -62.84979369791405, "params": {"C": 3694.630417841113, "gamma": 0.6054498911227189}, "datetime": {"datetime": "2021-10-04 11:28:56", "elapsed": 15.694809, "delta": 0.385936}}
{"target": -61.40105181527184, "params": {"C": 8744.254959591866, "gamma": 0.9605170410506318}, "datetime": {"datetime": "2021-10-04 11:28:56", "elapsed": 16.114948, "delta": 0.420139}}
{"target": -55.93236332011738, "params": {"C": 8738.413022520677, "gamma": 0.3718507470660876}, "datetime": {"datetime": "2021-10-04 11:28:56", "elapsed": 16.464831, "delta": 0.349883}}
{"target": -60.84399790556649, "params": {"C": 8903.727207269878, "gamma": 0.8783428040415718}, "datetime": {"datetime": "2021-10-04 11:28:57", "elapsed": 16.813543, "delta": 0.348712}}
{"target": -61.07972469911948, "params": {"C": 8829.688059148031, "gamma": 0.910398560098025}, "datetime": {"datetime": "2021-10-04 11:28:57", "elapsed": 17.233582, "delta": 0.420039}}
{"target": -60.362666624267845, "params": {"C": 8730.735723514936, "gamma": 0.7958036248133691}, "datetime": {"datetime": "2021-10-04 11:28:58", "elapsed": 17.624862, "delta": 0.39128}}
{"target": -59.741513635363894, "params": {"C": 3485.328906411422, "gamma": 0.37399842762674523}, "datetime": {"datetime": "2021-10-04 11:28:58", "elapsed": 17.996082, "delta": 0.37122}}
{"target": -59.38671191542517, "params": {"C": 8827.704818651804, "gamma": 0.6894678386702963}, "datetime": {"datetime": "2021-10-04 11:28:58", "elapsed": 18.370284, "delta": 0.374202}}
{"target": -53.171196005721264, "params": {"C": 8729.582936144352, "gamma": 0.13705234915559278}, "datetime": {"datetime": "2021-10-04 11:28:59", "elapsed": 18.856461, "delta": 0.486177}}
{"target": -57.2391423756877, "params": {"C": 8740.00207016366, "gamma": 0.48603410727700874}, "datetime": {"datetime": "2021-10-04 11:28:59", "elapsed": 19.235407, "delta": 0.378946}}
{"target": -52.84726983872965, "params": {"C": 8828.533332304405, "gamma": 0.09099323134497136}, "datetime": {"datetime": "2021-10-04 11:29:00", "elapsed": 19.672964, "delta": 0.437557}}
{"target": -58.01974032734751, "params": {"C": 8892.646360413664, "gamma": 0.564347065931108}, "datetime": {"datetime": "2021-10-04 11:29:00", "elapsed": 20.223223, "delta": 0.550259}}
{"target": -55.28893983816324, "params": {"C": 8832.173164287828, "gamma": 0.3230167414307029}, "datetime": {"datetime": "2021-10-04 11:29:01", "elapsed": 20.779912, "delta": 0.556689}}
{"target": -61.227458839567035, "params": {"C": 8729.029064493996, "gamma": 0.927346323915201}, "datetime": {"datetime": "2021-10-04 11:29:01", "elapsed": 21.327881, "delta": 0.547969}}
{"target": -53.215531622117794, "params": {"C": 7291.856239852533, "gamma": 0.09529157413810702}, "datetime": {"datetime": "2021-10-04 11:29:02", "elapsed": 21.713881, "delta": 0.386}}
{"target": -56.498218516259435, "params": {"C": 8891.36451858156, "gamma": 0.42526391383831824}, "datetime": {"datetime": "2021-10-04 11:29:02", "elapsed": 22.123328, "delta": 0.409447}}
{"target": -56.00143485563508, "params": {"C": 8732.521609216834, "gamma": 0.3770476279562113}, "datetime": {"datetime": "2021-10-04 11:29:02", "elapsed": 22.518327, "delta": 0.394999}}
{"target": -56.28736996833215, "params": {"C": 8734.58043887601, "gamma": 0.40046006228108527}, "datetime": {"datetime": "2021-10-04 11:29:03", "elapsed": 22.942988, "delta": 0.424661}}
{"target": -60.59236751767821, "params": {"C": 8736.101213411092, "gamma": 0.8281466728650535}, "datetime": {"datetime": "2021-10-04 11:29:03", "elapsed": 23.381661, "delta": 0.438673}}
{"target": -59.58382681114415, "params": {"C": 8741.31336465068, "gamma": 0.704735172544594}, "datetime": {"datetime": "2021-10-04 11:29:04", "elapsed": 23.819312, "delta": 0.437651}}
{"target": -61.07485255148677, "params": {"C": 7292.568220157827, "gamma": 0.7798745818145354}, "datetime": {"datetime": "2021-10-04 11:29:04", "elapsed": 24.241318, "delta": 0.422006}}
{"target": -58.07262114395291, "params": {"C": 8831.236263523153, "gamma": 0.5666732826007865}, "datetime": {"datetime": "2021-10-04 11:29:05", "elapsed": 24.728305, "delta": 0.486987}}
{"target": -61.54005330845125, "params": {"C": 8849.000491055116, "gamma": 0.9980405338626168}, "datetime": {"datetime": "2021-10-04 11:29:05", "elapsed": 25.160311, "delta": 0.432006}}
{"target": -56.69346591716936, "params": {"C": 2781.5651201461797, "gamma": 0.14991086985499602}, "datetime": {"datetime": "2021-10-04 11:29:06", "elapsed": 25.582385, "delta": 0.422074}}
{"target": -61.52448981436895, "params": {"C": 4760.341963874284, "gamma": 0.606158823206799}, "datetime": {"datetime": "2021-10-04 11:29:06", "elapsed": 26.039321, "delta": 0.456936}}
{"target": -59.504229514411904, "params": {"C": 8731.81396908596, "gamma": 0.6959614659574237}, "datetime": {"datetime": "2021-10-04 11:29:06", "elapsed": 26.444993, "delta": 0.405672}}
{"target": -58.230816034684416, "params": {"C": 7291.216563657435, "gamma": 0.508186976353216}, "datetime": {"datetime": "2021-10-04 11:29:07", "elapsed": 26.856693, "delta": 0.4117}}
{"target": -52.9466655842269, "params": {"C": 8828.363017502816, "gamma": 0.11135325085096767}, "datetime": {"datetime": "2021-10-04 11:29:07", "elapsed": 27.295828, "delta": 0.439135}}
{"target": -53.28294287964499, "params": {"C": 8895.671955499545, "gamma": 0.15261584249820156}, "datetime": {"datetime": "2021-10-04 11:29:08", "elapsed": 27.744835, "delta": 0.449007}}
{"target": -59.67859800783674, "params": {"C": 8895.124396486013, "gamma": 0.7239262459831415}, "datetime": {"datetime": "2021-10-04 11:29:08", "elapsed": 28.215909, "delta": 0.471074}}
{"target": -57.25842921677673, "params": {"C": 8814.705176804257, "gamma": 0.491022851252719}, "datetime": {"datetime": "2021-10-04 11:29:09", "elapsed": 28.717183, "delta": 0.501274}}
{"target": -60.21592431606601, "params": {"C": 8815.520890670132, "gamma": 0.7825330744214072}, "datetime": {"datetime": "2021-10-04 11:29:09", "elapsed": 29.186182, "delta": 0.468999}}
{"target": -64.18476842873713, "params": {"C": 3050.9182741512413, "gamma": 0.6345491808238694}, "datetime": {"datetime": "2021-10-04 11:29:10", "elapsed": 29.614289, "delta": 0.428107}}
{"target": -61.191587486980566, "params": {"C": 8906.685767476472, "gamma": 0.9361760773645585}, "datetime": {"datetime": "2021-10-04 11:29:10", "elapsed": 30.091286, "delta": 0.476997}}
{"target": -63.60667189087515, "params": {"C": 2732.3418262137793, "gamma": 0.534138368028377}, "datetime": {"datetime": "2021-10-04 11:29:10", "elapsed": 30.496357, "delta": 0.405071}}
