{"target": 0.09859727812441144, "params": {"C": 280979.2673090219, "gamma": 0.14660195852388863}, "datetime": {"datetime": "2021-10-04 11:21:55", "elapsed": 19.78892, "delta": 0.37289}}
{"target": 0.2530360558979968, "params": {"C": 287196.95868000545, "gamma": 0.5613119492374044}, "datetime": {"datetime": "2021-10-04 11:21:55", "elapsed": 20.14894, "delta": 0.36002}}
{"target": 0.24739658222950411, "params": {"C": 206545.02045913128, "gamma": 0.4485367110846767}, "datetime": {"datetime": "2021-10-04 11:21:56", "elapsed": 20.547764, "delta": 0.398824}}
{"target": 0.2405925468906447, "params": {"C": 162881.685279, "gamma": 0.6420794144599791}, "datetime": {"datetime": "2021-10-04 11:21:56", "elapsed": 20.905946, "delta": 0.358182}}
{"target": 0.2529979431060031, "params": {"C": 295301.38094685774, "gamma": 0.5343730599418846}, "datetime": {"datetime": "2021-10-04 11:21:57", "elapsed": 21.284726, "delta": 0.37878}}
{"target": 0.1852138896045854, "params": {"C": 162866.41066880256, "gamma": 0.03632845532229531}, "datetime": {"datetime": "2021-10-04 11:21:57", "elapsed": 21.739029, "delta": 0.454303}}
{"target": 0.20517573590718263, "params": {"C": 215598.4427104371, "gamma": 0.8599728717535458}, "datetime": {"datetime": "2021-10-04 11:21:57", "elapsed": 22.175457, "delta": 0.436428}}
{"target": 0.19628102709066442, "params": {"C": 296872.7835965869, "gamma": 0.9271688293007686}, "datetime": {"datetime": "2021-10-04 11:21:58", "elapsed": 22.606818, "delta": 0.431361}}
{"target": 0.16420157380479916, "params": {"C": 212527.51571079058, "gamma": 0.23680914499182948}, "datetime": {"datetime": "2021-10-04 11:21:58", "elapsed": 23.051841, "delta": 0.445023}}
{"target": 0.23919539972606108, "params": {"C": 162858.5314528455, "gamma": 0.39472069759516504}, "datetime": {"datetime": "2021-10-04 11:21:59", "elapsed": 23.506734, "delta": 0.454893}}
{"target": 0.18471142631619286, "params": {"C": 371222.13448982686, "gamma": 0.9980579748553388}, "datetime": {"datetime": "2021-10-04 11:21:59", "elapsed": 23.894734, "delta": 0.388}}
{"target": 0.11185379396299999, "params": {"C": 295301.1576876647, "gamma": 0.1896383401443412}, "datetime": {"datetime": "2021-10-04 11:22:00", "elapsed": 24.312339, "delta": 0.417605}}
{"target": 0.2500680545823709, "params": {"C": 268995.4486417213, "gamma": 0.6096643602339612}, "datetime": {"datetime": "2021-10-04 11:22:00", "elapsed": 24.786386, "delta": 0.474047}}
{"target": 0.1760963410623082, "params": {"C": 212475.55733834882, "gamma": 0.2582202922146743}, "datetime": {"datetime": "2021-10-04 11:22:01", "elapsed": 25.213118, "delta": 0.426732}}
{"target": 0.19134120762998152, "params": {"C": 212491.7924679369, "gamma": 0.2866895947398242}, "datetime": {"datetime": "2021-10-04 11:22:01", "elapsed": 25.643961, "delta": 0.430843}}
{"target": 0.2524833584908702, "params": {"C": 287729.6611012032, "gamma": 0.5773270881864179}, "datetime": {"datetime": "2021-10-04 11:22:01", "elapsed": 26.05536, "delta": 0.411399}}
{"target": 0.2269573208817458, "params": {"C": 312568.6538121937, "gamma": 0.772149723508966}, "datetime": {"datetime": "2021-10-04 11:22:02", "elapsed": 26.480222, "delta": 0.424862}}
{"target": 0.15624561360851008, "params": {"C": 162847.76018053055, "gamma": 0.1858958153854479}, "datetime": {"datetime": "2021-10-04 11:22:02", "elapsed": 26.886186, "delta": 0.405964}}
{"target": 0.1784430217212536, "params": {"C": 222726.1449886451, "gamma": 0.9988989822728976}, "datetime": {"datetime": "2021-10-04 11:22:03", "elapsed": 27.280967, "delta": 0.394781}}
{"target": 0.2247201550392559, "params": {"C": 287196.6203115535, "gamma": 0.3822271084131348}, "datetime": {"datetime": "2021-10-04 11:22:03", "elapsed": 27.747471, "delta": 0.466504}}
{"target": 0.24578960420202356, "params": {"C": 226255.58241202222, "gamma": 0.6378020183982944}, "datetime": {"datetime": "2021-10-04 11:22:03", "elapsed": 28.190239, "delta": 0.442768}}
{"target": 0.20079025864695155, "params": {"C": 212527.2192173232, "gamma": 0.8805531932621232}, "datetime": {"datetime": "2021-10-04 11:22:04", "elapsed": 28.624962, "delta": 0.434723}}
{"target": 0.2531289654881842, "params": {"C": 218290.37469281378, "gamma": 0.5382849512112426}, "datetime": {"datetime": "2021-10-04 11:22:04", "elapsed": 29.145439, "delta": 0.520477}}
{"target": 0.2449627625253481, "params": {"C": 222682.8039038243, "gamma": 0.43822766313677647}, "datetime": {"datetime": "2021-10-04 11:22:05", "elapsed": 29.581677, "delta": 0.436238}}
{"target": 0.12312268255569891, "params": {"C": 287196.4011681675, "gamma": 0.20406339908255475}, "datetime": {"datetime": "2021-10-04 11:22:05", "elapsed": 30.000478, "delta": 0.418801}}
{"target": 0.1980265280872695, "params": {"C": 170703.26937995612, "gamma": 0.2818679217305216}, "datetime": {"datetime": "2021-10-04 11:22:06", "elapsed": 30.404512, "delta": 0.404034}}
{"target": 0.17834372161527323, "params": {"C": 162875.1498388761, "gamma": 0.2360661827659057}, "datetime": {"datetime": "2021-10-04 11:22:06", "elapsed": 31.046677, "delta": 0.642165}}
{"target": 0.17839481191750417, "params": {"C": 223948.59134799708, "gamma": 0.9996510084541245}, "datetime": {"datetime": "2021-10-04 11:22:07", "elapsed": 31.487145, "delta": 0.440468}}
{"target": 0.16584895776253528, "params": {"C": 218290.28492643582, "gamma": 0.24257590076717503}, "datetime": {"datetime": "2021-10-04 11:22:07", "elapsed": 32.016313, "delta": 0.529168}}
{"target": 0.2532731735972986, "params": {"C": 268996.04749468714, "gamma": 0.5451945569974574}, "datetime": {"datetime": "2021-10-04 11:22:08", "elapsed": 32.497, "delta": 0.480687}}
{"target": 0.24549862320866045, "params": {"C": 152640.8096495293, "gamma": 0.5964956378210192}, "datetime": {"datetime": "2021-10-04 11:22:08", "elapsed": 32.959039, "delta": 0.462039}}
{"target": 0.16141609081029906, "params": {"C": 162879.9808617484, "gamma": 0.19887389779821096}, "datetime": {"datetime": "2021-10-04 11:22:09", "elapsed": 33.443965, "delta": 0.484926}}
{"target": 0.23759783607254936, "params": {"C": 287729.88648354844, "gamma": 0.4221077485090786}, "datetime": {"datetime": "2021-10-04 11:22:09", "elapsed": 34.124778, "delta": 0.680813}}
{"target": 0.18533213830214212, "params": {"C": 309984.8264778446, "gamma": 0.986209344026398}, "datetime": {"datetime": "2021-10-04 11:22:10", "elapsed": 34.673568, "delta": 0.54879}}
{"target": 0.1842301221524576, "params": {"C": 272115.9362138793, "gamma": 0.03277105828628154}, "datetime": {"datetime": "2021-10-04 11:22:10", "elapsed": 35.199379, "delta": 0.525811}}
{"target": 0.250733670325446, "params": {"C": 287720.75471601135, "gamma": 0.6047718047996979}, "datetime": {"datetime": "2021-10-04 11:22:11", "elapsed": 35.694379, "delta": 0.495}}
{"target": 0.1440278704610134, "params": {"C": 287727.856244075, "gamma": 0.06613420228636353}, "datetime": {"datetime": "2021-10-04 11:22:12", "elapsed": 36.263158, "delta": 0.568779}}
{"target": 0.2517804547668917, "params": {"C": 162940.80890943002, "gamma": 0.5016406740200409}, "datetime": {"datetime": "2021-10-04 11:22:12", "elapsed": 36.768402, "delta": 0.505244}}
{"target": 0.22305945907016045, "params": {"C": 218290.6601977281, "gamma": 0.7708704440091615}, "datetime": {"datetime": "2021-10-04 11:22:13", "elapsed": 37.766348, "delta": 0.997946}}
{"target": 0.25312583222062657, "params": {"C": 268995.5694443097, "gamma": 0.5297290145392558}, "datetime": {"datetime": "2021-10-04 11:22:14", "elapsed": 38.317773, "delta": 0.551425}}
{"target": 0.2474725034114238, "params": {"C": 287197.28258345544, "gamma": 0.46856194608979734}, "datetime": {"datetime": "2021-10-04 11:22:14", "elapsed": 38.856167, "delta": 0.538394}}
{"target": 0.18584027491987498, "params": {"C": 257802.65730090294, "gamma": 0.9719816337758984}, "datetime": {"datetime": "2021-10-04 11:22:15", "elapsed": 39.459846, "delta": 0.603679}}
{"target": 0.19081825863373492, "params": {"C": 272133.86545672157, "gamma": 0.9499280766173384}, "datetime": {"datetime": "2021-10-04 11:22:15", "elapsed": 40.028843, "delta": 0.568997}}
{"target": 0.20559708896176687, "params": {"C": 212475.21021315016, "gamma": 0.8566075162957311}, "datetime": {"datetime": "2021-10-04 11:22:16", "elapsed": 40.734856, "delta": 0.706013}}
{"target": 0.20863760697564115, "params": {"C": 395522.2079576242, "gamma": 0.8766181617747949}, "datetime": {"datetime": "2021-10-04 11:22:17", "elapsed": 41.313861, "delta": 0.579005}}
{"target": 0.25173791586369154, "params": {"C": 162856.34844707014, "gamma": 0.4992691322558557}, "datetime": {"datetime": "2021-10-04 11:22:17", "elapsed": 41.910813, "delta": 0.596952}}
{"target": 0.2532813357440382, "params": {"C": 236953.0894660444, "gamma": 0.5375062105911764}, "datetime": {"datetime": "2021-10-04 11:22:18", "elapsed": 42.467299, "delta": 0.556486}}
{"target": 0.252121259602623, "params": {"C": 389724.3912523674, "gamma": 0.5821359424077851}, "datetime": {"datetime": "2021-10-04 11:22:18", "elapsed": 42.988692, "delta": 0.521393}}
{"target": 0.2106159571467373, "params": {"C": 312568.7142699198, "gamma": 0.3548308770015568}, "datetime": {"datetime": "2021-10-04 11:22:19", "elapsed": 43.515477, "delta": 0.526785}}
{"target": 0.16779021673572903, "params": {"C": 395520.9846452251, "gamma": 0.29846165744049064}, "datetime": {"datetime": "2021-10-04 11:22:19", "elapsed": 44.128128, "delta": 0.612651}}
{"target": 0.09594489415267249, "params": {"C": 295300.20996661927, "gamma": 0.15651240691093526}, "datetime": {"datetime": "2021-10-04 11:22:20", "elapsed": 44.678904, "delta": 0.550776}}
{"target": 0.20530084968118512, "params": {"C": 162867.0857651701, "gamma": 0.8299355647522011}, "datetime": {"datetime": "2021-10-04 11:22:21", "elapsed": 45.392546, "delta": 0.713642}}
{"target": 0.10379522484844173, "params": {"C": 277134.94376328675, "gamma": 0.11258008452119331}, "datetime": {"datetime": "2021-10-04 11:22:21", "elapsed": 45.930793, "delta": 0.538247}}
{"target": 0.06874571080492764, "params": {"C": 369711.81817070954, "gamma": 0.15094789689720287}, "datetime": {"datetime": "2021-10-04 11:22:22", "elapsed": 46.512185, "delta": 0.581392}}
{"target": 0.21755415625619723, "params": {"C": 222156.40900551667, "gamma": 0.800466877170751}, "datetime": {"datetime": "2021-10-04 11:22:22", "elapsed": 47.119357, "delta": 0.607172}}
{"target": 0.24580345490607813, "params": {"C": 162862.3752589893, "gamma": 0.42898371529153523}, "datetime": {"datetime": "2021-10-04 11:22:23", "elapsed": 47.730358, "delta": 0.611001}}
{"target": 0.2177188603587038, "params": {"C": 260068.0260244568, "gamma": 0.8107550302192718}, "datetime": {"datetime": "2021-10-04 11:22:24", "elapsed": 48.270628, "delta": 0.54027}}
{"target": 0.2384027947148909, "params": {"C": 295301.8578681811, "gamma": 0.4268130946973892}, "datetime": {"datetime": "2021-10-04 11:22:24", "elapsed": 48.869625, "delta": 0.598997}}
{"target": 0.09840785836377974, "params": {"C": 287703.60519226675, "gamma": 0.11595820970403276}, "datetime": {"datetime": "2021-10-04 11:22:25", "elapsed": 49.470792, "delta": 0.601167}}
{"target": 0.24244903676214702, "params": {"C": 287196.46444534825, "gamma": 0.6762742353285692}, "datetime": {"datetime": "2021-10-04 11:22:25", "elapsed": 50.150054, "delta": 0.679262}}
{"target": 0.23901603287560502, "params": {"C": 287670.01286225434, "gamma": 0.698912416310844}, "datetime": {"datetime": "2021-10-04 11:22:26", "elapsed": 50.727826, "delta": 0.577772}}
{"target": 0.21084703952954886, "params": {"C": 295295.2386754559, "gamma": 0.8529972001066519}, "datetime": {"datetime": "2021-10-04 11:22:27", "elapsed": 51.511166, "delta": 0.78334}}
{"target": 0.23255336398445625, "params": {"C": 174068.83881947713, "gamma": 0.6986074520365485}, "datetime": {"datetime": "2021-10-04 11:22:27", "elapsed": 52.084715, "delta": 0.573549}}
{"target": 0.2517538377121643, "params": {"C": 213824.86970600422, "gamma": 0.48935956444920187}, "datetime": {"datetime": "2021-10-04 11:22:28", "elapsed": 52.664479, "delta": 0.579764}}
{"target": 0.23333743917237348, "params": {"C": 162865.94293553793, "gamma": 0.6864124825736527}, "datetime": {"datetime": "2021-10-04 11:22:29", "elapsed": 53.344404, "delta": 0.679925}}
{"target": 0.2148139331895358, "params": {"C": 259216.63364192384, "gamma": 0.8253335606672583}, "datetime": {"datetime": "2021-10-04 11:22:29", "elapsed": 53.973451, "delta": 0.629047}}
{"target": 0.21849706157864346, "params": {"C": 212474.3726294211, "gamma": 0.7920388355886688}, "datetime": {"datetime": "2021-10-04 11:22:30", "elapsed": 54.638725, "delta": 0.665274}}
{"target": 0.2508551504056671, "params": {"C": 212491.11025845498, "gamma": 0.5840760983183249}, "datetime": {"datetime": "2021-10-04 11:22:31", "elapsed": 55.303978, "delta": 0.665253}}
{"target": 0.19370800537899613, "params": {"C": 287197.2000634896, "gamma": 0.3156684818203947}, "datetime": {"datetime": "2021-10-04 11:22:31", "elapsed": 56.01115, "delta": 0.707172}}
{"target": 0.24004722838100867, "params": {"C": 287669.9677111389, "gamma": 0.4315653504162892}, "datetime": {"datetime": "2021-10-04 11:22:32", "elapsed": 56.951555, "delta": 0.940405}}
{"target": 0.21451852338824273, "params": {"C": 232239.20971597667, "gamma": 0.8192317508410016}, "datetime": {"datetime": "2021-10-04 11:22:33", "elapsed": 57.538746, "delta": 0.587191}}
{"target": 0.1881299893836672, "params": {"C": 271475.7988170946, "gamma": 0.9636482319440974}, "datetime": {"datetime": "2021-10-04 11:22:33", "elapsed": 58.143241, "delta": 0.604495}}
{"target": 0.16799441334366405, "params": {"C": 213825.18280662128, "gamma": 0.24425155404820373}, "datetime": {"datetime": "2021-10-04 11:22:34", "elapsed": 58.978604, "delta": 0.835363}}
{"target": 0.2041822944878421, "params": {"C": 287197.86858406, "gamma": 0.8851945775973918}, "datetime": {"datetime": "2021-10-04 11:22:35", "elapsed": 59.652402, "delta": 0.673798}}
{"target": 0.23601592485190936, "params": {"C": 175965.03711887548, "gamma": 0.38580834235496797}, "datetime": {"datetime": "2021-10-04 11:22:36", "elapsed": 60.326054, "delta": 0.673652}}
{"target": 0.2521315017530118, "params": {"C": 239648.49387311586, "gamma": 0.5753232242200778}, "datetime": {"datetime": "2021-10-04 11:22:36", "elapsed": 61.060648, "delta": 0.734594}}
{"target": 0.22852834167022362, "params": {"C": 155850.76587984787, "gamma": 0.3532811515233264}, "datetime": {"datetime": "2021-10-04 11:22:37", "elapsed": 61.729291, "delta": 0.668643}}
{"target": 0.1283528332745233, "params": {"C": 287627.2126401367, "gamma": 0.21243028210928608}, "datetime": {"datetime": "2021-10-04 11:22:38", "elapsed": 62.426021, "delta": 0.69673}}
{"target": 0.25287361320783386, "params": {"C": 337117.5592738639, "gamma": 0.556607798195762}, "datetime": {"datetime": "2021-10-04 11:22:39", "elapsed": 63.207022, "delta": 0.781001}}
{"target": 0.23315693260453263, "params": {"C": 337117.82576308853, "gamma": 0.7407223136869798}, "datetime": {"datetime": "2021-10-04 11:22:39", "elapsed": 64.052456, "delta": 0.845434}}
{"target": 0.2513449061860694, "params": {"C": 287699.22099221474, "gamma": 0.5011797267989876}, "datetime": {"datetime": "2021-10-04 11:22:40", "elapsed": 65.041573, "delta": 0.989117}}
{"target": 0.21907043722481445, "params": {"C": 162856.5202579419, "gamma": 0.7619493807721237}, "datetime": {"datetime": "2021-10-04 11:22:41", "elapsed": 65.890174, "delta": 0.848601}}
{"target": 0.2076503084836886, "params": {"C": 337118.7343832252, "gamma": 0.3539306507587364}, "datetime": {"datetime": "2021-10-04 11:22:42", "elapsed": 66.764622, "delta": 0.874448}}
{"target": 0.10251888000047227, "params": {"C": 355739.1417883232, "gamma": 0.20155140938375896}, "datetime": {"datetime": "2021-10-04 11:22:43", "elapsed": 67.466648, "delta": 0.702026}}
{"target": 0.2377826338114103, "params": {"C": 256441.5797047607, "gamma": 0.7004384464363804}, "datetime": {"datetime": "2021-10-04 11:22:44", "elapsed": 68.239967, "delta": 0.773319}}
{"target": 0.24101184286081045, "params": {"C": 275557.4570917652, "gamma": 0.43277642074313055}, "datetime": {"datetime": "2021-10-04 11:22:44", "elapsed": 68.935629, "delta": 0.695662}}
{"target": 0.1139281191419177, "params": {"C": 337795.15188324824, "gamma": 0.07923046843587603}, "datetime": {"datetime": "2021-10-04 11:22:45", "elapsed": 69.556441, "delta": 0.620812}}
{"target": 0.09810605294060448, "params": {"C": 287669.17796955246, "gamma": 0.15467961656470466}, "datetime": {"datetime": "2021-10-04 11:22:46", "elapsed": 70.29847, "delta": 0.742029}}
{"target": 0.20402705985269087, "params": {"C": 251541.13980800952, "gamma": 0.32532450411637404}, "datetime": {"datetime": "2021-10-04 11:22:46", "elapsed": 71.096937, "delta": 0.798467}}
{"target": 0.2130038869663704, "params": {"C": 349652.96092699346, "gamma": 0.8497754397783681}, "datetime": {"datetime": "2021-10-04 11:22:47", "elapsed": 71.828388, "delta": 0.731451}}
{"target": 0.18387819848227882, "params": {"C": 212510.47224008574, "gamma": 0.02700847479075881}, "datetime": {"datetime": "2021-10-04 11:22:48", "elapsed": 72.481633, "delta": 0.653245}}
{"target": 0.24598872904387237, "params": {"C": 162882.27041059683, "gamma": 0.6019633730049768}, "datetime": {"datetime": "2021-10-04 11:22:49", "elapsed": 73.481033, "delta": 0.9994}}
{"target": 0.13668481682655087, "params": {"C": 183024.56586478098, "gamma": 0.13458092964717772}, "datetime": {"datetime": "2021-10-04 11:22:50", "elapsed": 74.248029, "delta": 0.766996}}
{"target": 0.24205131727152673, "params": {"C": 236952.62640326028, "gamma": 0.6681130271026148}, "datetime": {"datetime": "2021-10-04 11:22:50", "elapsed": 75.041257, "delta": 0.793228}}
{"target": 0.24725764547893736, "params": {"C": 295301.6775288674, "gamma": 0.4690399539047314}, "datetime": {"datetime": "2021-10-04 11:22:51", "elapsed": 75.873725, "delta": 0.832468}}
{"target": 0.2277283318395703, "params": {"C": 295302.23303144914, "gamma": 0.7653403230203963}, "datetime": {"datetime": "2021-10-04 11:22:52", "elapsed": 76.913058, "delta": 1.039333}}
{"target": 0.17899850425537778, "params": {"C": 162848.93025292538, "gamma": 0.9605304183686622}, "datetime": {"datetime": "2021-10-04 11:22:53", "elapsed": 78.036513, "delta": 1.123455}}
{"target": 0.25106686639065223, "params": {"C": 231072.77154671002, "gamma": 0.4843391482440083}, "datetime": {"datetime": "2021-10-04 11:22:54", "elapsed": 78.747806, "delta": 0.711293}}
{"target": 0.24670757334322702, "params": {"C": 362597.0473545739, "gamma": 0.6518293172823074}, "datetime": {"datetime": "2021-10-04 11:22:55", "elapsed": 79.381578, "delta": 0.633772}}
{"target": 0.0712317275777955, "params": {"C": 354227.1948144826, "gamma": 0.14016188666591112}, "datetime": {"datetime": "2021-10-04 11:22:55", "elapsed": 80.048781, "delta": 0.667203}}
{"target": 0.18041083366522526, "params": {"C": 268995.7632050797, "gamma": 0.28708704139245567}, "datetime": {"datetime": "2021-10-04 11:22:56", "elapsed": 80.884157, "delta": 0.835376}}
{"target": 0.21092410768400804, "params": {"C": 260821.8353535125, "gamma": 0.8453886841178215}, "datetime": {"datetime": "2021-10-04 11:22:57", "elapsed": 81.501919, "delta": 0.617762}}
{"target": 0.18309690362615028, "params": {"C": 350074.61599542765, "gamma": 0.03131404307031293}, "datetime": {"datetime": "2021-10-04 11:22:58", "elapsed": 82.235934, "delta": 0.734015}}
{"target": 0.1698107719541686, "params": {"C": 295302.1931855682, "gamma": 0.04612400550491517}, "datetime": {"datetime": "2021-10-04 11:22:58", "elapsed": 82.989933, "delta": 0.753999}}
{"target": 0.2268766853270172, "params": {"C": 294704.9888582305, "gamma": 0.3897894195742346}, "datetime": {"datetime": "2021-10-04 11:22:59", "elapsed": 83.625067, "delta": 0.635134}}
{"target": 0.23726084020407934, "params": {"C": 314696.60631631466, "gamma": 0.42670061542038107}, "datetime": {"datetime": "2021-10-04 11:23:00", "elapsed": 84.301386, "delta": 0.676319}}
{"target": 0.21020039128044887, "params": {"C": 362596.4517780071, "gamma": 0.36405414574162803}, "datetime": {"datetime": "2021-10-04 11:23:00", "elapsed": 85.118293, "delta": 0.816907}}
{"target": 0.19133317325410704, "params": {"C": 237192.53221938558, "gamma": 0.29593951462744633}, "datetime": {"datetime": "2021-10-04 11:23:01", "elapsed": 85.828097, "delta": 0.709804}}
{"target": 0.23038521951545554, "params": {"C": 222682.70730236187, "gamma": 0.7334712582911719}, "datetime": {"datetime": "2021-10-04 11:23:02", "elapsed": 86.627894, "delta": 0.799797}}
{"target": 0.2494036178707214, "params": {"C": 182887.3100877562, "gamma": 0.5846628121614174}, "datetime": {"datetime": "2021-10-04 11:23:03", "elapsed": 87.384744, "delta": 0.75685}}
{"target": 0.22774239565061283, "params": {"C": 239649.05785791524, "gamma": 0.37828162840331603}, "datetime": {"datetime": "2021-10-04 11:23:04", "elapsed": 88.425966, "delta": 1.041222}}
{"target": 0.18932118329217063, "params": {"C": 283613.9569701396, "gamma": 0.9602611051251674}, "datetime": {"datetime": "2021-10-04 11:23:04", "elapsed": 89.08763, "delta": 0.661664}}
{"target": 0.2076213767808719, "params": {"C": 212503.87033555962, "gamma": 0.8465508609542001}, "datetime": {"datetime": "2021-10-04 11:23:05", "elapsed": 89.837626, "delta": 0.749996}}
{"target": 0.2468197758215671, "params": {"C": 286129.2776521441, "gamma": 0.6432477620229478}, "datetime": {"datetime": "2021-10-04 11:23:06", "elapsed": 90.504698, "delta": 0.667072}}
{"target": 0.17037455892547204, "params": {"C": 162866.97750259173, "gamma": 0.21907376926080085}, "datetime": {"datetime": "2021-10-04 11:23:07", "elapsed": 91.295936, "delta": 0.791238}}
{"target": 0.2494477015276676, "params": {"C": 203971.32371096453, "gamma": 0.5963895228552427}, "datetime": {"datetime": "2021-10-04 11:23:07", "elapsed": 92.046274, "delta": 0.750338}}
{"target": 0.18597445884200348, "params": {"C": 337118.2583645423, "gamma": 0.9871115709054572}, "datetime": {"datetime": "2021-10-04 11:23:08", "elapsed": 93.025183, "delta": 0.978909}}
