{"target": -42.75365713715651, "params": {"C": 900.6031444641407, "gamma": 0.052948594753296545}, "datetime": {"datetime": "2021-09-29 17:03:18", "elapsed": 227.428121, "delta": 1.161721}}
{"target": -41.795911976425415, "params": {"C": 951.9185110674466, "gamma": 0.009752312033679194}, "datetime": {"datetime": "2021-09-29 17:03:20", "elapsed": 229.177676, "delta": 1.749555}}
{"target": -47.115518959113054, "params": {"C": 928.0113760543259, "gamma": 0.38895015476781336}, "datetime": {"datetime": "2021-09-29 17:03:21", "elapsed": 230.321101, "delta": 1.143425}}
{"target": -47.46411302215615, "params": {"C": 478.13254955245685, "gamma": 0.4054547429671879}, "datetime": {"datetime": "2021-09-29 17:03:23", "elapsed": 232.574313, "delta": 2.253212}}
{"target": -46.96323253824298, "params": {"C": 478.79743141457374, "gamma": 0.2856171362162261}, "datetime": {"datetime": "2021-09-29 17:03:26", "elapsed": 234.993486, "delta": 2.419173}}
{"target": -47.080709696958294, "params": {"C": 576.7029772916061, "gamma": 0.32979173416194424}, "datetime": {"datetime": "2021-09-29 17:03:28", "elapsed": 236.81817, "delta": 1.824684}}
{"target": -47.81034678426547, "params": {"C": 104.4449384246619, "gamma": 0.2534850515621725}, "datetime": {"datetime": "2021-09-29 17:03:29", "elapsed": 238.380284, "delta": 1.562114}}
{"target": -47.15153416777109, "params": {"C": 246.41153332162972, "gamma": 0.2321677591686468}, "datetime": {"datetime": "2021-09-29 17:03:31", "elapsed": 240.431002, "delta": 2.050718}}
{"target": -47.4719483275403, "params": {"C": 686.8480721166718, "gamma": 0.47510819034045476}, "datetime": {"datetime": "2021-09-29 17:03:33", "elapsed": 242.222213, "delta": 1.791211}}
{"target": -46.18991676120674, "params": {"C": 546.461629142055, "gamma": 0.2085910175287518}, "datetime": {"datetime": "2021-09-29 17:03:34", "elapsed": 243.427211, "delta": 1.204998}}
{"target": -47.475802205729764, "params": {"C": 507.6839628853354, "gamma": 0.42142367324189}, "datetime": {"datetime": "2021-09-29 17:03:36", "elapsed": 244.969273, "delta": 1.542062}}
{"target": -48.19698109409055, "params": {"C": 55.063839569173425, "gamma": 0.43179957736808183}, "datetime": {"datetime": "2021-09-29 17:03:38", "elapsed": 247.17113, "delta": 2.201857}}
{"target": -44.02992035222146, "params": {"C": 295.174484170919, "gamma": 0.05447025987170501}, "datetime": {"datetime": "2021-09-29 17:03:40", "elapsed": 248.981515, "delta": 1.810385}}
{"target": -47.76896900260391, "params": {"C": 295.30980069567556, "gamma": 0.4480281548522759}, "datetime": {"datetime": "2021-09-29 17:03:42", "elapsed": 251.167684, "delta": 2.186169}}
{"target": -46.50006302563287, "params": {"C": 294.6314735288459, "gamma": 0.17988001635041312}, "datetime": {"datetime": "2021-09-29 17:03:45", "elapsed": 253.711781, "delta": 2.544097}}
{"target": -47.56268785977614, "params": {"C": 297.0953820397828, "gamma": 0.3499136242499983}, "datetime": {"datetime": "2021-09-29 17:03:46", "elapsed": 255.232781, "delta": 1.521}}
{"target": -46.95321640262774, "params": {"C": 594.6498628253031, "gamma": 0.3095758390865431}, "datetime": {"datetime": "2021-09-29 17:03:47", "elapsed": 256.457866, "delta": 1.225085}}
{"target": -46.743713149168876, "params": {"C": 324.704133671959, "gamma": 0.21283890674291994}, "datetime": {"datetime": "2021-09-29 17:03:49", "elapsed": 257.790349, "delta": 1.332483}}
{"target": -42.08388249934325, "params": {"C": 733.60156980998, "gamma": 0.010288746780539346}, "datetime": {"datetime": "2021-09-29 17:03:50", "elapsed": 259.629353, "delta": 1.839004}}
{"target": -47.439910137760485, "params": {"C": 701.2047423270134, "gamma": 0.4636149331664099}, "datetime": {"datetime": "2021-09-29 17:03:52", "elapsed": 260.916634, "delta": 1.287281}}
{"target": -46.9968409737088, "params": {"C": 733.6660986263635, "gamma": 0.3408198967283766}, "datetime": {"datetime": "2021-09-29 17:03:54", "elapsed": 262.663557, "delta": 1.746923}}
{"target": -42.97226674695372, "params": {"C": 734.0068291164429, "gamma": 0.05664815940472331}, "datetime": {"datetime": "2021-09-29 17:03:56", "elapsed": 264.925738, "delta": 2.262181}}
{"target": -42.537778126449666, "params": {"C": 733.755506368914, "gamma": 0.04242725610833725}, "datetime": {"datetime": "2021-09-29 17:03:58", "elapsed": 267.048786, "delta": 2.123048}}
{"target": -44.80475536211098, "params": {"C": 734.295716164422, "gamma": 0.13279905427266328}, "datetime": {"datetime": "2021-09-29 17:04:00", "elapsed": 268.995553, "delta": 1.946767}}
{"target": -43.969534099161045, "params": {"C": 733.0219036207577, "gamma": 0.09343568851129941}, "datetime": {"datetime": "2021-09-29 17:04:01", "elapsed": 270.558981, "delta": 1.563428}}
{"target": -43.036610193226, "params": {"C": 732.5913894686926, "gamma": 0.05876079774881809}, "datetime": {"datetime": "2021-09-29 17:04:03", "elapsed": 272.641932, "delta": 2.082951}}
{"target": -44.344850551382834, "params": {"C": 858.1436108213688, "gamma": 0.11434354744768206}, "datetime": {"datetime": "2021-09-29 17:04:05", "elapsed": 273.871084, "delta": 1.229152}}
{"target": -42.589796497602975, "params": {"C": 733.3327172818692, "gamma": 0.04410589355983012}, "datetime": {"datetime": "2021-09-29 17:04:07", "elapsed": 275.899751, "delta": 2.028667}}
{"target": -47.124689064261105, "params": {"C": 732.479684129362, "gamma": 0.36835308462180916}, "datetime": {"datetime": "2021-09-29 17:04:09", "elapsed": 277.923817, "delta": 2.024066}}
{"target": -47.38389375996465, "params": {"C": 857.954328297572, "gamma": 0.4665074066601862}, "datetime": {"datetime": "2021-09-29 17:04:11", "elapsed": 280.217668, "delta": 2.293851}}
{"target": -41.79078367858704, "params": {"C": 858.523203044918, "gamma": 0.014134963140554485}, "datetime": {"datetime": "2021-09-29 17:04:13", "elapsed": 282.459969, "delta": 2.242301}}
{"target": -47.88523702714818, "params": {"C": 136.94432112241535, "gamma": 0.33136387590968674}, "datetime": {"datetime": "2021-09-29 17:04:15", "elapsed": 283.777972, "delta": 1.318003}}
{"target": -42.77134245495519, "params": {"C": 417.4892403803086, "gamma": 0.026744611691890467}, "datetime": {"datetime": "2021-09-29 17:04:16", "elapsed": 284.934975, "delta": 1.157003}}
{"target": -45.286818539073984, "params": {"C": 858.7291098376863, "gamma": 0.16753485374949093}, "datetime": {"datetime": "2021-09-29 17:04:18", "elapsed": 286.931102, "delta": 1.996127}}
{"target": -46.26517185810817, "params": {"C": 417.6350935877947, "gamma": 0.19209452403154806}, "datetime": {"datetime": "2021-09-29 17:04:20", "elapsed": 288.800357, "delta": 1.869255}}
{"target": -45.81299611064132, "params": {"C": 417.2854675191092, "gamma": 0.15874241853853252}, "datetime": {"datetime": "2021-09-29 17:04:22", "elapsed": 291.147952, "delta": 2.347595}}
{"target": -47.39047254096676, "params": {"C": 798.5546359694976, "gamma": 0.4608584207122319}, "datetime": {"datetime": "2021-09-29 17:04:23", "elapsed": 292.571844, "delta": 1.423892}}
{"target": -41.793827798759445, "params": {"C": 858.3801214389736, "gamma": 0.013787712767974896}, "datetime": {"datetime": "2021-09-29 17:04:26", "elapsed": 294.755266, "delta": 2.183422}}
{"target": -42.29557272599027, "params": {"C": 893.9180136798699, "gamma": 0.0058037799784209166}, "datetime": {"datetime": "2021-09-29 17:04:27", "elapsed": 296.455791, "delta": 1.700525}}
{"target": -44.1267726497514, "params": {"C": 281.33386734638003, "gamma": 0.05502862661309914}, "datetime": {"datetime": "2021-09-29 17:04:29", "elapsed": 297.709592, "delta": 1.253801}}
{"target": -43.67015167841952, "params": {"C": 893.6898189161795, "gamma": 0.08559448871360889}, "datetime": {"datetime": "2021-09-29 17:04:31", "elapsed": 299.834415, "delta": 2.124823}}
{"target": -42.52856812781538, "params": {"C": 894.109065163995, "gamma": 0.004806652905037189}, "datetime": {"datetime": "2021-09-29 17:04:32", "elapsed": 301.6254, "delta": 1.790985}}
{"target": -44.20923065982024, "params": {"C": 895.1464444298801, "gamma": 0.1088382956840701}, "datetime": {"datetime": "2021-09-29 17:04:34", "elapsed": 302.891765, "delta": 1.266365}}
{"target": -46.14468655414503, "params": {"C": 281.8382241661749, "gamma": 0.14913557726241167}, "datetime": {"datetime": "2021-09-29 17:04:36", "elapsed": 304.907263, "delta": 2.015498}}
{"target": -46.472661899989646, "params": {"C": 280.93945561457315, "gamma": 0.17312972098069485}, "datetime": {"datetime": "2021-09-29 17:04:37", "elapsed": 306.558387, "delta": 1.651124}}
{"target": -46.75325593995519, "params": {"C": 858.4114702490026, "gamma": 0.3119512947506264}, "datetime": {"datetime": "2021-09-29 17:04:39", "elapsed": 308.244058, "delta": 1.685671}}
{"target": -42.89077553706199, "params": {"C": 893.1346517171702, "gamma": 0.057357745479356376}, "datetime": {"datetime": "2021-09-29 17:04:41", "elapsed": 310.264247, "delta": 2.020189}}
{"target": -46.63513618547118, "params": {"C": 893.2891216650694, "gamma": 0.29712619394551226}, "datetime": {"datetime": "2021-09-29 17:04:43", "elapsed": 312.496102, "delta": 2.231855}}
{"target": -41.814189299714286, "params": {"C": 892.8955550659451, "gamma": 0.010942599266856801}, "datetime": {"datetime": "2021-09-29 17:04:45", "elapsed": 314.086518, "delta": 1.590416}}
{"target": -46.71938410844631, "params": {"C": 892.7952476825976, "gamma": 0.3095390283224662}, "datetime": {"datetime": "2021-09-29 17:04:48", "elapsed": 317.099701, "delta": 3.013183}}
{"target": -48.167880337005904, "params": {"C": 60.41441791572296, "gamma": 0.39714475501805696}, "datetime": {"datetime": "2021-09-29 17:04:50", "elapsed": 319.490859, "delta": 2.391158}}
{"target": -41.77473986448702, "params": {"C": 941.3377040780969, "gamma": 0.010525701445540953}, "datetime": {"datetime": "2021-09-29 17:04:52", "elapsed": 321.585734, "delta": 2.094875}}
{"target": -44.46194655350561, "params": {"C": 941.5287559563367, "gamma": 0.12213433612703795}, "datetime": {"datetime": "2021-09-29 17:04:54", "elapsed": 323.425039, "delta": 1.839305}}
{"target": -46.211851108113216, "params": {"C": 941.01486042556, "gamma": 0.2484842646445556}, "datetime": {"datetime": "2021-09-29 17:04:56", "elapsed": 325.084619, "delta": 1.65958}}
{"target": -47.29636451922802, "params": {"C": 256.33099962491383, "gamma": 0.26078519232927777}, "datetime": {"datetime": "2021-09-29 17:04:58", "elapsed": 327.439778, "delta": 2.355159}}
{"target": -43.259362653336055, "params": {"C": 933.8235885682072, "gamma": 0.07062961993309005}, "datetime": {"datetime": "2021-09-29 17:05:00", "elapsed": 328.835101, "delta": 1.395323}}
{"target": -47.06235107036195, "params": {"C": 933.7773409705666, "gamma": 0.3767503180764015}, "datetime": {"datetime": "2021-09-29 17:05:02", "elapsed": 330.777456, "delta": 1.942355}}
{"target": -47.65291819156495, "params": {"C": 89.2563119030516, "gamma": 0.1929129918861771}, "datetime": {"datetime": "2021-09-29 17:05:03", "elapsed": 332.266625, "delta": 1.489169}}
{"target": -44.56532842834879, "params": {"C": 884.0429429892048, "gamma": 0.12608750565139543}, "datetime": {"datetime": "2021-09-29 17:05:04", "elapsed": 333.638625, "delta": 1.372}}
{"target": -44.370815511014925, "params": {"C": 934.2176542881543, "gamma": 0.11741258186721112}, "datetime": {"datetime": "2021-09-29 17:05:07", "elapsed": 335.898008, "delta": 2.259383}}
{"target": -41.882052602922734, "params": {"C": 933.320821340965, "gamma": 0.024740344211179266}, "datetime": {"datetime": "2021-09-29 17:05:09", "elapsed": 338.429891, "delta": 2.531883}}
{"target": -46.067424920837645, "params": {"C": 933.1877258635773, "gamma": 0.23344394742790092}, "datetime": {"datetime": "2021-09-29 17:05:12", "elapsed": 341.099533, "delta": 2.669642}}
{"target": -42.25741335931863, "params": {"C": 933.5201184030597, "gamma": 0.037520007493140405}, "datetime": {"datetime": "2021-09-29 17:05:14", "elapsed": 342.793423, "delta": 1.69389}}
{"target": -42.15811953116875, "params": {"C": 892.6396271991185, "gamma": 0.033705570496173634}, "datetime": {"datetime": "2021-09-29 17:05:16", "elapsed": 344.827044, "delta": 2.033621}}
{"target": -41.71917425409268, "params": {"C": 941.1823297184385, "gamma": 0.01303357010841899}, "datetime": {"datetime": "2021-09-29 17:05:18", "elapsed": 346.74511, "delta": 1.918066}}
{"target": -43.96526180763385, "params": {"C": 892.2340050065471, "gamma": 0.09782019282515383}, "datetime": {"datetime": "2021-09-29 17:05:19", "elapsed": 348.54831, "delta": 1.8032}}
{"target": -47.271134638785924, "params": {"C": 891.9011669059604, "gamma": 0.4294502765564477}, "datetime": {"datetime": "2021-09-29 17:05:21", "elapsed": 350.601576, "delta": 2.053266}}
{"target": -45.649529325265824, "params": {"C": 934.7692629283334, "gamma": 0.19700795751189754}, "datetime": {"datetime": "2021-09-29 17:05:24", "elapsed": 353.188074, "delta": 2.586498}}
{"target": -43.59853863827986, "params": {"C": 756.3579193411438, "gamma": 0.07950925686692877}, "datetime": {"datetime": "2021-09-29 17:05:26", "elapsed": 355.358739, "delta": 2.170665}}
{"target": -47.07777484925712, "params": {"C": 756.1744400705504, "gamma": 0.3610225000136234}, "datetime": {"datetime": "2021-09-29 17:05:29", "elapsed": 357.714642, "delta": 2.355903}}
{"target": -47.419081736290984, "params": {"C": 455.2828893647424, "gamma": 0.38069687448069683}, "datetime": {"datetime": "2021-09-29 17:05:30", "elapsed": 359.591343, "delta": 1.876701}}
{"target": -45.11988871770498, "params": {"C": 853.1868516324345, "gamma": 0.15656653320943018}, "datetime": {"datetime": "2021-09-29 17:05:32", "elapsed": 360.970914, "delta": 1.379571}}
{"target": -44.71291249278955, "params": {"C": 756.9452709335507, "gamma": 0.12908022431434674}, "datetime": {"datetime": "2021-09-29 17:05:35", "elapsed": 363.88708, "delta": 2.916166}}
{"target": -47.48830862047734, "params": {"C": 757.5388412217711, "gamma": 0.49911760657763726}, "datetime": {"datetime": "2021-09-29 17:05:38", "elapsed": 367.255018, "delta": 3.367938}}
{"target": -42.188599882713824, "params": {"C": 756.6677770656311, "gamma": 0.008378943821516435}, "datetime": {"datetime": "2021-09-29 17:05:41", "elapsed": 370.538874, "delta": 3.283856}}
{"target": -47.854377763834414, "params": {"C": 243.03836461409222, "gamma": 0.4559366263134582}, "datetime": {"datetime": "2021-09-29 17:05:43", "elapsed": 371.808459, "delta": 1.269585}}
{"target": -47.2162767519958, "params": {"C": 756.6953623762373, "gamma": 0.39565433170340075}, "datetime": {"datetime": "2021-09-29 17:05:45", "elapsed": 374.322868, "delta": 2.514409}}
{"target": -44.90583570978984, "params": {"C": 421.6860887132764, "gamma": 0.10993989891841113}, "datetime": {"datetime": "2021-09-29 17:05:47", "elapsed": 376.260185, "delta": 1.937317}}
{"target": -47.01364488695946, "params": {"C": 206.42636560175532, "gamma": 0.1940807588350093}, "datetime": {"datetime": "2021-09-29 17:05:49", "elapsed": 377.69533, "delta": 1.435145}}
{"target": -46.71866494974719, "params": {"C": 764.4899385810536, "gamma": 0.2973086196970872}, "datetime": {"datetime": "2021-09-29 17:05:50", "elapsed": 379.342873, "delta": 1.647543}}
{"target": -44.88016774016435, "params": {"C": 941.2621888291616, "gamma": 0.1449969997476605}, "datetime": {"datetime": "2021-09-29 17:05:53", "elapsed": 382.568658, "delta": 3.225785}}
{"target": -47.53566767764337, "params": {"C": 422.37943004776554, "gamma": 0.4094549197534618}, "datetime": {"datetime": "2021-09-29 17:05:56", "elapsed": 385.199125, "delta": 2.630467}}
{"target": -43.07490107415973, "params": {"C": 421.0874390985063, "gamma": 0.04028642574893473}, "datetime": {"datetime": "2021-09-29 17:05:59", "elapsed": 388.101046, "delta": 2.901921}}
{"target": -47.30427671721463, "params": {"C": 421.2151097422125, "gamma": 0.33528914375616337}, "datetime": {"datetime": "2021-09-29 17:06:01", "elapsed": 390.54361, "delta": 2.442564}}
{"target": -47.29770196997468, "params": {"C": 508.93744936413304, "gamma": 0.36302171731705174}, "datetime": {"datetime": "2021-09-29 17:06:03", "elapsed": 392.090209, "delta": 1.546599}}
{"target": -46.697663152628834, "params": {"C": 420.816958582224, "gamma": 0.001}, "datetime": {"datetime": "2021-09-29 17:06:05", "elapsed": 394.06765, "delta": 1.977441}}
{"target": -47.08552087477038, "params": {"C": 733.1757192561226, "gamma": 0.3594268996718994}, "datetime": {"datetime": "2021-09-29 17:06:07", "elapsed": 396.219121, "delta": 2.151471}}
{"target": -45.31806756715922, "params": {"C": 942.0281039410955, "gamma": 0.001}, "datetime": {"datetime": "2021-09-29 17:06:10", "elapsed": 398.999752, "delta": 2.780631}}
{"target": -46.89657856430699, "params": {"C": 163.26549751848864, "gamma": 0.1580086576155682}, "datetime": {"datetime": "2021-09-29 17:06:11", "elapsed": 400.398754, "delta": 1.399002}}
{"target": -43.95611391268894, "params": {"C": 925.0040706524154, "gamma": 0.09802491888978385}, "datetime": {"datetime": "2021-09-29 17:06:13", "elapsed": 402.181813, "delta": 1.783059}}
{"target": -42.263469476125636, "params": {"C": 895.7292932549669, "gamma": 0.037182664534069716}, "datetime": {"datetime": "2021-09-29 17:06:14", "elapsed": 403.579048, "delta": 1.397235}}
{"target": -46.80938193532055, "params": {"C": 924.7158400308716, "gamma": 0.3264530926216419}, "datetime": {"datetime": "2021-09-29 17:06:17", "elapsed": 405.987347, "delta": 2.408299}}
{"target": -46.496583814118715, "params": {"C": 925.3996408670674, "gamma": 0.28065615493936985}, "datetime": {"datetime": "2021-09-29 17:06:19", "elapsed": 408.104214, "delta": 2.116867}}
{"target": -41.762364492723286, "params": {"C": 892.4243718879002, "gamma": 0.013352350499278683}, "datetime": {"datetime": "2021-09-29 17:06:21", "elapsed": 410.156689, "delta": 2.052475}}
{"target": -42.65255480496348, "params": {"C": 693.3176606481472, "gamma": 0.044818682853074054}, "datetime": {"datetime": "2021-09-29 17:06:25", "elapsed": 413.707592, "delta": 3.550903}}
{"target": -45.3859670719456, "params": {"C": 693.5524201057909, "gamma": 0.1643225960561395}, "datetime": {"datetime": "2021-09-29 17:06:27", "elapsed": 416.214793, "delta": 2.507201}}
{"target": -44.56721504494847, "params": {"C": 692.9556768788133, "gamma": 0.1184529851521601}, "datetime": {"datetime": "2021-09-29 17:06:29", "elapsed": 417.916645, "delta": 1.701852}}
{"target": -47.419883606997026, "params": {"C": 693.2555498615983, "gamma": 0.45318227002772854}, "datetime": {"datetime": "2021-09-29 17:06:31", "elapsed": 420.347581, "delta": 2.430936}}
{"target": -45.94732730714973, "params": {"C": 892.4864603457081, "gamma": 0.22007808644084553}, "datetime": {"datetime": "2021-09-29 17:06:34", "elapsed": 422.70945, "delta": 2.361869}}
{"target": -45.82433293976506, "params": {"C": 691.4880479162613, "gamma": 0.19531761721221322}, "datetime": {"datetime": "2021-09-29 17:06:36", "elapsed": 424.979268, "delta": 2.269818}}
{"target": -48.22489959181217, "params": {"C": 49.5001161619388, "gamma": 0.4825960870108077}, "datetime": {"datetime": "2021-09-29 17:06:39", "elapsed": 428.46376, "delta": 3.484492}}
{"target": -42.04262840370339, "params": {"C": 732.7982642629238, "gamma": 0.011099155333992583}, "datetime": {"datetime": "2021-09-29 17:06:41", "elapsed": 430.394367, "delta": 1.930607}}
{"target": -48.06241330241711, "params": {"C": 32.455516747386525, "gamma": 0.19120693563124602}, "datetime": {"datetime": "2021-09-29 17:06:44", "elapsed": 432.889698, "delta": 2.495331}}
{"target": -47.659515200944746, "params": {"C": 347.844101084128, "gamma": 0.42434842106826026}, "datetime": {"datetime": "2021-09-29 17:06:46", "elapsed": 435.54102, "delta": 2.651322}}
{"target": -47.58942471717523, "params": {"C": 308.7063992444136, "gamma": 0.3669547954483184}, "datetime": {"datetime": "2021-09-29 17:06:49", "elapsed": 438.015876, "delta": 2.474856}}
{"target": -47.54573758857571, "params": {"C": 600.4979818057602, "gamma": 0.48853803665996104}, "datetime": {"datetime": "2021-09-29 17:06:52", "elapsed": 441.320976, "delta": 3.3051}}
{"target": -47.35959694138129, "params": {"C": 396.36418658572626, "gamma": 0.3397271550975505}, "datetime": {"datetime": "2021-09-29 17:06:55", "elapsed": 444.272824, "delta": 2.951848}}
{"target": -46.556364394973585, "params": {"C": 217.49872034603058, "gamma": 0.15615737914452463}, "datetime": {"datetime": "2021-09-29 17:06:58", "elapsed": 447.410914, "delta": 3.13809}}
{"target": -47.03654736716954, "params": {"C": 398.37839920813457, "gamma": 0.27464283706766107}, "datetime": {"datetime": "2021-09-29 17:07:02", "elapsed": 451.316914, "delta": 3.906}}
{"target": -47.48489803784135, "params": {"C": 608.4673577148236, "gamma": 0.4597874699002575}, "datetime": {"datetime": "2021-09-29 17:07:04", "elapsed": 453.021906, "delta": 1.704992}}
{"target": -48.04354704337819, "params": {"C": 97.60284090217303, "gamma": 0.3654873124726489}, "datetime": {"datetime": "2021-09-29 17:07:06", "elapsed": 455.188088, "delta": 2.166182}}
{"target": -43.35900839322333, "params": {"C": 692.4282698276803, "gamma": 0.06852308247402897}, "datetime": {"datetime": "2021-09-29 17:07:09", "elapsed": 458.324831, "delta": 3.136743}}
{"target": -47.279080406374035, "params": {"C": 692.4686920252313, "gamma": 0.4028643653366187}, "datetime": {"datetime": "2021-09-29 17:07:12", "elapsed": 461.388693, "delta": 3.063862}}
{"target": -43.16870146673449, "params": {"C": 562.0768329081372, "gamma": 0.05565346224888387}, "datetime": {"datetime": "2021-09-29 17:07:14", "elapsed": 463.190575, "delta": 1.801882}}
{"target": -46.654452839005764, "params": {"C": 562.2534113942867, "gamma": 0.25970879845980377}, "datetime": {"datetime": "2021-09-29 17:07:17", "elapsed": 466.090865, "delta": 2.90029}}
{"target": -44.510361189352125, "params": {"C": 561.8711811680229, "gamma": 0.1069618060770691}, "datetime": {"datetime": "2021-09-29 17:07:20", "elapsed": 469.354164, "delta": 3.263299}}
{"target": -47.10164682250604, "params": {"C": 277.843419921027, "gamma": 0.23960504129529733}, "datetime": {"datetime": "2021-09-29 17:07:22", "elapsed": 471.180764, "delta": 1.8266}}
