{"target": 0.20338401398206307, "params": {"C": 741052.14116688, "gamma": 0.39058548523155545}, "datetime": {"datetime": "2021-10-04 11:04:13", "elapsed": 14.134042, "delta": 0.429287}}
{"target": 0.204106991615994, "params": {"C": 823140.935567837, "gamma": 0.9139270949725349}, "datetime": {"datetime": "2021-10-04 11:04:13", "elapsed": 14.479609, "delta": 0.345567}}
{"target": 0.1360228453504302, "params": {"C": 775423.2859463149, "gamma": 0.30283100695851456}, "datetime": {"datetime": "2021-10-04 11:04:13", "elapsed": 14.825088, "delta": 0.345479}}
{"target": 0.19942766819375135, "params": {"C": 532448.4297357932, "gamma": 0.36707463771518073}, "datetime": {"datetime": "2021-10-04 11:04:14", "elapsed": 15.233084, "delta": 0.407996}}
{"target": -0.03241336053839361, "params": {"C": 869187.1757845199, "gamma": 0.08393300532706392}, "datetime": {"datetime": "2021-10-04 11:04:14", "elapsed": 15.640081, "delta": 0.406997}}
{"target": 0.25044206191575, "params": {"C": 645465.0635416898, "gamma": 0.5733650679959538}, "datetime": {"datetime": "2021-10-04 11:04:15", "elapsed": 15.985367, "delta": 0.345286}}
{"target": 0.009356690407518076, "params": {"C": 901377.1011682461, "gamma": 0.06815157189944694}, "datetime": {"datetime": "2021-10-04 11:04:15", "elapsed": 16.321925, "delta": 0.336558}}
{"target": 0.2404833371323445, "params": {"C": 705686.3025060052, "gamma": 0.7061879259196852}, "datetime": {"datetime": "2021-10-04 11:04:15", "elapsed": 16.698913, "delta": 0.376988}}
{"target": 0.2495940056126723, "params": {"C": 532428.0799504993, "gamma": 0.5318501404381756}, "datetime": {"datetime": "2021-10-04 11:04:16", "elapsed": 17.053861, "delta": 0.354948}}
{"target": 0.2099715923375861, "params": {"C": 645467.0651222432, "gamma": 0.39664258750401016}, "datetime": {"datetime": "2021-10-04 11:04:16", "elapsed": 17.418862, "delta": 0.365001}}
{"target": 0.23551354345151532, "params": {"C": 901386.3399603793, "gamma": 0.7403364152170395}, "datetime": {"datetime": "2021-10-04 11:04:16", "elapsed": 17.82686, "delta": 0.407998}}
{"target": -0.017892839974672947, "params": {"C": 951011.5908863555, "gamma": 0.18981956338728087}, "datetime": {"datetime": "2021-10-04 11:04:17", "elapsed": 18.208859, "delta": 0.381999}}
{"target": 0.08838001009848384, "params": {"C": 970727.6750960399, "gamma": 0.047478590128103196}, "datetime": {"datetime": "2021-10-04 11:04:17", "elapsed": 18.610703, "delta": 0.401844}}
{"target": 0.24842745611383676, "params": {"C": 951021.8108291168, "gamma": 0.6193041789748926}, "datetime": {"datetime": "2021-10-04 11:04:18", "elapsed": 19.038335, "delta": 0.427632}}
{"target": 0.21414480000050273, "params": {"C": 601843.226198038, "gamma": 0.8578028904427063}, "datetime": {"datetime": "2021-10-04 11:04:18", "elapsed": 19.454339, "delta": 0.416004}}
{"target": 0.22853625786913845, "params": {"C": 645449.6204310058, "gamma": 0.4402260111610714}, "datetime": {"datetime": "2021-10-04 11:04:19", "elapsed": 19.88561, "delta": 0.431271}}
{"target": 0.16955389354536654, "params": {"C": 775403.1329416238, "gamma": 0.030132633526022426}, "datetime": {"datetime": "2021-10-04 11:04:19", "elapsed": 20.290016, "delta": 0.404406}}
{"target": 0.2001589232929103, "params": {"C": 901382.2504177812, "gamma": 0.93534655197196}, "datetime": {"datetime": "2021-10-04 11:04:19", "elapsed": 20.654485, "delta": 0.364469}}
{"target": 0.23382112373808717, "params": {"C": 601853.2244123773, "gamma": 0.7490595437219676}, "datetime": {"datetime": "2021-10-04 11:04:20", "elapsed": 21.010484, "delta": 0.355999}}
{"target": 0.15963393967388662, "params": {"C": 946485.763306129, "gamma": 0.33833879163658326}, "datetime": {"datetime": "2021-10-04 11:04:20", "elapsed": 21.438155, "delta": 0.427671}}
{"target": 0.0877118263324449, "params": {"C": 951018.8775365575, "gamma": 0.048127610650587224}, "datetime": {"datetime": "2021-10-04 11:04:21", "elapsed": 21.888092, "delta": 0.449937}}
{"target": 0.25035508174166543, "params": {"C": 662730.7272056811, "gamma": 0.5756744822236836}, "datetime": {"datetime": "2021-10-04 11:04:21", "elapsed": 22.271378, "delta": 0.383286}}
{"target": 0.024420187176412367, "params": {"C": 604111.7817768855, "gamma": 0.17685600271203147}, "datetime": {"datetime": "2021-10-04 11:04:21", "elapsed": 22.640987, "delta": 0.369609}}
{"target": 0.1707920221933803, "params": {"C": 775396.7991259014, "gamma": 0.34329709779087275}, "datetime": {"datetime": "2021-10-04 11:04:22", "elapsed": 23.016758, "delta": 0.375771}}
{"target": 0.2176890509597289, "params": {"C": 741031.495202609, "gamma": 0.8415778993358987}, "datetime": {"datetime": "2021-10-04 11:04:22", "elapsed": 23.420747, "delta": 0.403989}}
{"target": -0.07479694846957452, "params": {"C": 970720.6176853662, "gamma": 0.09374681884769417}, "datetime": {"datetime": "2021-10-04 11:04:22", "elapsed": 23.809013, "delta": 0.388266}}
{"target": 0.14681886805447297, "params": {"C": 604118.0186058937, "gamma": 0.3004251904208252}, "datetime": {"datetime": "2021-10-04 11:04:23", "elapsed": 24.214474, "delta": 0.405461}}
{"target": -0.04385068944345227, "params": {"C": 823132.3242639187, "gamma": 0.1508304016592012}, "datetime": {"datetime": "2021-10-04 11:04:23", "elapsed": 24.64134, "delta": 0.426866}}
{"target": 0.031729357787735224, "params": {"C": 741049.281485531, "gamma": 0.20575129828767763}, "datetime": {"datetime": "2021-10-04 11:04:24", "elapsed": 25.034341, "delta": 0.393001}}
{"target": 0.24684551199904703, "params": {"C": 532445.3140072367, "gamma": 0.6538866671398752}, "datetime": {"datetime": "2021-10-04 11:04:24", "elapsed": 25.457347, "delta": 0.423006}}
{"target": 0.23319365455493513, "params": {"C": 741041.3336644776, "gamma": 0.7543619286340671}, "datetime": {"datetime": "2021-10-04 11:04:25", "elapsed": 25.965751, "delta": 0.508404}}
{"target": 0.16067028945182482, "params": {"C": 662728.5906946282, "gamma": 0.32248703946992807}, "datetime": {"datetime": "2021-10-04 11:04:25", "elapsed": 26.405657, "delta": 0.439906}}
{"target": 0.24955830993508032, "params": {"C": 601838.4717347745, "gamma": 0.5423145800718344}, "datetime": {"datetime": "2021-10-04 11:04:25", "elapsed": 26.845143, "delta": 0.439486}}
{"target": 0.1665323140099325, "params": {"C": 532452.1160665663, "gamma": 0.010614679125067937}, "datetime": {"datetime": "2021-10-04 11:04:26", "elapsed": 27.253236, "delta": 0.408093}}
{"target": 0.1900663592672136, "params": {"C": 705689.0323414116, "gamma": 0.9857999831841894}, "datetime": {"datetime": "2021-10-04 11:04:26", "elapsed": 27.671239, "delta": 0.418003}}
{"target": 0.06624126074587522, "params": {"C": 590815.7436398645, "gamma": 0.2157844902046676}, "datetime": {"datetime": "2021-10-04 11:04:27", "elapsed": 28.152507, "delta": 0.481268}}
{"target": 0.23571928562720845, "params": {"C": 532460.561433425, "gamma": 0.45310521525030034}, "datetime": {"datetime": "2021-10-04 11:04:27", "elapsed": 28.624716, "delta": 0.472209}}
{"target": 0.045832728911301523, "params": {"C": 525729.4631457953, "gamma": 0.08846930765601278}, "datetime": {"datetime": "2021-10-04 11:04:28", "elapsed": 29.103444, "delta": 0.478728}}
{"target": 0.18820947951855405, "params": {"C": 532425.3419944432, "gamma": 0.9906633287846233}, "datetime": {"datetime": "2021-10-04 11:04:28", "elapsed": 29.599388, "delta": 0.495944}}
{"target": 0.24577337754406126, "params": {"C": 532435.0746003811, "gamma": 0.4993685862378761}, "datetime": {"datetime": "2021-10-04 11:04:29", "elapsed": 30.103837, "delta": 0.504449}}
{"target": 0.1890917258779935, "params": {"C": 645431.8891911962, "gamma": 0.9896467461170342}, "datetime": {"datetime": "2021-10-04 11:04:29", "elapsed": 30.602937, "delta": 0.4991}}
{"target": 0.20016030494273807, "params": {"C": 741028.3796538006, "gamma": 0.933424279799826}, "datetime": {"datetime": "2021-10-04 11:04:30", "elapsed": 31.123931, "delta": 0.520994}}
{"target": 0.09389830909382668, "params": {"C": 601836.5160611653, "gamma": 0.24413197254267824}, "datetime": {"datetime": "2021-10-04 11:04:30", "elapsed": 31.569676, "delta": 0.445745}}
{"target": 0.24185307226569353, "params": {"C": 532417.9385245056, "gamma": 0.6951529988994327}, "datetime": {"datetime": "2021-10-04 11:04:31", "elapsed": 32.006871, "delta": 0.437195}}
{"target": 0.23019658577039237, "params": {"C": 645456.4914470388, "gamma": 0.7712054030887765}, "datetime": {"datetime": "2021-10-04 11:04:31", "elapsed": 32.455215, "delta": 0.448344}}
{"target": 0.046185774834871296, "params": {"C": 645442.8587777375, "gamma": 0.20542083014933757}, "datetime": {"datetime": "2021-10-04 11:04:32", "elapsed": 32.897217, "delta": 0.442002}}
{"target": 0.23571275214895104, "params": {"C": 532463.6804021558, "gamma": 0.736117950160512}, "datetime": {"datetime": "2021-10-04 11:04:32", "elapsed": 33.35511, "delta": 0.457893}}
{"target": 0.22745917128865245, "params": {"C": 601851.6116974576, "gamma": 0.4337773279144702}, "datetime": {"datetime": "2021-10-04 11:04:32", "elapsed": 33.80411, "delta": 0.449}}
{"target": 0.2504589399808004, "params": {"C": 645463.0462076617, "gamma": 0.574700210128049}, "datetime": {"datetime": "2021-10-04 11:04:33", "elapsed": 34.259677, "delta": 0.455567}}
{"target": 0.23870209668622944, "params": {"C": 869194.6737237829, "gamma": 0.48861256780749285}, "datetime": {"datetime": "2021-10-04 11:04:33", "elapsed": 34.715544, "delta": 0.455867}}
{"target": 0.2219973073228556, "params": {"C": 869202.2628546024, "gamma": 0.8195091599932067}, "datetime": {"datetime": "2021-10-04 11:04:34", "elapsed": 35.225545, "delta": 0.510001}}
{"target": 0.17936654702557342, "params": {"C": 601845.8800626113, "gamma": 0.01542624945945063}, "datetime": {"datetime": "2021-10-04 11:04:34", "elapsed": 35.779543, "delta": 0.553998}}
{"target": 0.21613299830438137, "params": {"C": 639508.178795286, "gamma": 0.4090103788188295}, "datetime": {"datetime": "2021-10-04 11:04:35", "elapsed": 36.231046, "delta": 0.451503}}
{"target": 0.24301695105063048, "params": {"C": 741055.6320588127, "gamma": 0.5021016665696533}, "datetime": {"datetime": "2021-10-04 11:04:35", "elapsed": 36.785581, "delta": 0.554535}}
{"target": 0.06475752631490572, "params": {"C": 532439.6564063142, "gamma": 0.20384666788301978}, "datetime": {"datetime": "2021-10-04 11:04:36", "elapsed": 37.262117, "delta": 0.476536}}
{"target": 0.20118121428820002, "params": {"C": 741023.3470699087, "gamma": 0.9280997833506202}, "datetime": {"datetime": "2021-10-04 11:04:36", "elapsed": 37.757751, "delta": 0.495634}}
{"target": 0.23065784731666295, "params": {"C": 823150.9073647715, "gamma": 0.770098697191682}, "datetime": {"datetime": "2021-10-04 11:04:37", "elapsed": 38.376494, "delta": 0.618743}}
{"target": 0.022988764847020948, "params": {"C": 525736.0644397378, "gamma": 0.1508529219448732}, "datetime": {"datetime": "2021-10-04 11:04:38", "elapsed": 38.898879, "delta": 0.522385}}
{"target": 0.19490365919801456, "params": {"C": 645472.3663357295, "gamma": 0.9590312326231127}, "datetime": {"datetime": "2021-10-04 11:04:38", "elapsed": 39.407072, "delta": 0.508193}}
{"target": -0.014959755667666608, "params": {"C": 741063.8248161433, "gamma": 0.0902542003137514}, "datetime": {"datetime": "2021-10-04 11:04:39", "elapsed": 39.933022, "delta": 0.52595}}
{"target": 0.03246110469224017, "params": {"C": 901388.3080522877, "gamma": 0.222269331620385}, "datetime": {"datetime": "2021-10-04 11:04:39", "elapsed": 40.610076, "delta": 0.677054}}
{"target": 0.23060277991658185, "params": {"C": 869198.1754232916, "gamma": 0.7706374654051505}, "datetime": {"datetime": "2021-10-04 11:04:40", "elapsed": 41.212316, "delta": 0.60224}}
{"target": 0.023024382328370563, "params": {"C": 823138.8196312014, "gamma": 0.20791296618957658}, "datetime": {"datetime": "2021-10-04 11:04:40", "elapsed": 41.839525, "delta": 0.627209}}
{"target": 0.23991266453106874, "params": {"C": 741058.226803837, "gamma": 0.7103303757472926}, "datetime": {"datetime": "2021-10-04 11:04:41", "elapsed": 42.414445, "delta": 0.57492}}
{"target": 0.1739002744813284, "params": {"C": 532418.9575296278, "gamma": 0.0133177846757639}, "datetime": {"datetime": "2021-10-04 11:04:42", "elapsed": 42.935448, "delta": 0.521003}}
{"target": 0.19131349471668613, "params": {"C": 645469.449426224, "gamma": 0.9778992552428546}, "datetime": {"datetime": "2021-10-04 11:04:42", "elapsed": 43.510471, "delta": 0.575023}}
{"target": 0.23002458946267756, "params": {"C": 662732.0977753488, "gamma": 0.7724394467199116}, "datetime": {"datetime": "2021-10-04 11:04:43", "elapsed": 44.024766, "delta": 0.514295}}
{"target": 0.23078702020066333, "params": {"C": 645429.6286356612, "gamma": 0.44685573247910404}, "datetime": {"datetime": "2021-10-04 11:04:43", "elapsed": 44.611077, "delta": 0.586311}}
{"target": 0.027771219346533593, "params": {"C": 823154.5141606766, "gamma": 0.21163416866121892}, "datetime": {"datetime": "2021-10-04 11:04:44", "elapsed": 45.15544, "delta": 0.544363}}
{"target": 0.2492621970394696, "params": {"C": 601858.9159457143, "gamma": 0.5382569227059388}, "datetime": {"datetime": "2021-10-04 11:04:44", "elapsed": 45.753635, "delta": 0.598195}}
{"target": 0.22825642713819716, "params": {"C": 525724.7505179786, "gamma": 0.42898371529153523}, "datetime": {"datetime": "2021-10-04 11:04:45", "elapsed": 46.360403, "delta": 0.606768}}
{"target": 0.1812545858730389, "params": {"C": 951023.4491101803, "gamma": 0.3660406729420567}, "datetime": {"datetime": "2021-10-04 11:04:46", "elapsed": 47.062753, "delta": 0.70235}}
{"target": -0.03185763263860464, "params": {"C": 741053.8207345575, "gamma": 0.1024054519188806}, "datetime": {"datetime": "2021-10-04 11:04:46", "elapsed": 47.748335, "delta": 0.685582}}
{"target": 0.2253443794629143, "params": {"C": 532464.8437993643, "gamma": 0.42175358576406335}, "datetime": {"datetime": "2021-10-04 11:04:47", "elapsed": 48.416556, "delta": 0.668221}}
{"target": 0.2500240551469475, "params": {"C": 645427.8145204708, "gamma": 0.5581827841391895}, "datetime": {"datetime": "2021-10-04 11:04:48", "elapsed": 49.036936, "delta": 0.62038}}
{"target": 0.09359903227662092, "params": {"C": 869195.6424205534, "gamma": 0.26875529430507245}, "datetime": {"datetime": "2021-10-04 11:04:48", "elapsed": 49.669912, "delta": 0.632976}}
{"target": 0.10589187692583535, "params": {"C": 618702.0678800293, "gamma": 0.05543890365269432}, "datetime": {"datetime": "2021-10-04 11:04:49", "elapsed": 50.303922, "delta": 0.63401}}
{"target": 0.24140532099563317, "params": {"C": 548137.6776389543, "gamma": 0.6986074520365485}, "datetime": {"datetime": "2021-10-04 11:04:50", "elapsed": 50.923708, "delta": 0.619786}}
{"target": 0.2422794553807346, "params": {"C": 627649.7394120084, "gamma": 0.48935956444920187}, "datetime": {"datetime": "2021-10-04 11:04:50", "elapsed": 51.510696, "delta": 0.586988}}
{"target": 0.05130103826824883, "params": {"C": 821138.408874668, "gamma": 0.061183059303504095}, "datetime": {"datetime": "2021-10-04 11:04:51", "elapsed": 52.17241, "delta": 0.661714}}
{"target": 0.22066258298517605, "params": {"C": 718433.2672838477, "gamma": 0.8253335606672583}, "datetime": {"datetime": "2021-10-04 11:04:51", "elapsed": 52.869583, "delta": 0.697173}}
{"target": 0.1986363953907041, "params": {"C": 668319.9635994566, "gamma": 0.9400424444464088}, "datetime": {"datetime": "2021-10-04 11:04:52", "elapsed": 53.661497, "delta": 0.791914}}
{"target": 0.015101522993458127, "params": {"C": 795239.9573287829, "gamma": 0.1985758106606648}, "datetime": {"datetime": "2021-10-04 11:04:53", "elapsed": 54.511838, "delta": 0.850341}}
{"target": 0.2511256329096644, "params": {"C": 532426.9087038601, "gamma": 0.5882571285970725}, "datetime": {"datetime": "2021-10-04 11:04:54", "elapsed": 55.309559, "delta": 0.797721}}
{"target": 0.242533975056903, "params": {"C": 705697.6271188904, "gamma": 0.6907139698688436}, "datetime": {"datetime": "2021-10-04 11:04:55", "elapsed": 56.051351, "delta": 0.741792}}
{"target": 0.024980566365841117, "params": {"C": 741056.823089587, "gamma": 0.20008841874239108}, "datetime": {"datetime": "2021-10-04 11:04:55", "elapsed": 56.764661, "delta": 0.71331}}
{"target": 0.1943913680813183, "params": {"C": 742951.5976341892, "gamma": 0.9636482319440974}, "datetime": {"datetime": "2021-10-04 11:04:56", "elapsed": 57.463333, "delta": 0.698672}}
{"target": 0.034796985337917974, "params": {"C": 784136.8428644261, "gamma": 0.2131955547620291}, "datetime": {"datetime": "2021-10-04 11:04:57", "elapsed": 58.246329, "delta": 0.782996}}
{"target": -0.010172679598775769, "params": {"C": 676583.3080239036, "gamma": 0.09803129328442953}, "datetime": {"datetime": "2021-10-04 11:04:58", "elapsed": 58.908476, "delta": 0.662147}}
{"target": 0.20849797702830986, "params": {"C": 551930.074237751, "gamma": 0.38580834235496797}, "datetime": {"datetime": "2021-10-04 11:04:58", "elapsed": 59.532844, "delta": 0.624368}}
{"target": 0.2502432781427605, "params": {"C": 679296.9877462317, "gamma": 0.5753232242200778}, "datetime": {"datetime": "2021-10-04 11:04:59", "elapsed": 60.139392, "delta": 0.606548}}
{"target": 0.19263499680803264, "params": {"C": 511701.53175969573, "gamma": 0.3532811515233264}, "datetime": {"datetime": "2021-10-04 11:04:59", "elapsed": 60.719287, "delta": 0.579895}}
{"target": 0.035034319828212035, "params": {"C": 775254.4252802734, "gamma": 0.21243028210928608}, "datetime": {"datetime": "2021-10-04 11:05:00", "elapsed": 61.262937, "delta": 0.54365}}
{"target": 0.24832169456290443, "params": {"C": 874235.1185477278, "gamma": 0.556607798195762}, "datetime": {"datetime": "2021-10-04 11:05:00", "elapsed": 61.798166, "delta": 0.535229}}
{"target": 0.015383275322563006, "params": {"C": 746765.4561963899, "gamma": 0.19273785683422615}, "datetime": {"datetime": "2021-10-04 11:05:01", "elapsed": 62.408389, "delta": 0.610223}}
{"target": 0.24242684739328246, "params": {"C": 775398.4419844295, "gamma": 0.5011797267989876}, "datetime": {"datetime": "2021-10-04 11:05:02", "elapsed": 63.083424, "delta": 0.675035}}
{"target": 0.24453721558804276, "params": {"C": 601861.5922515672, "gamma": 0.6745688143236945}, "datetime": {"datetime": "2021-10-04 11:05:02", "elapsed": 63.659112, "delta": 0.575688}}
{"target": 0.17482918826882843, "params": {"C": 874237.4687664504, "gamma": 0.3539306507587364}, "datetime": {"datetime": "2021-10-04 11:05:03", "elapsed": 64.362242, "delta": 0.70313}}
{"target": 0.24106538690482715, "params": {"C": 548136.4842837136, "gamma": 0.7010421428384693}, "datetime": {"datetime": "2021-10-04 11:05:04", "elapsed": 65.005062, "delta": 0.64282}}
{"target": 0.18998447815693342, "params": {"C": 705693.3324158525, "gamma": 0.9862337971358318}, "datetime": {"datetime": "2021-10-04 11:05:04", "elapsed": 65.696224, "delta": 0.691162}}
{"target": 0.13103098368901367, "params": {"C": 604113.7672872568, "gamma": 0.2826051204604418}, "datetime": {"datetime": "2021-10-04 11:05:05", "elapsed": 66.335786, "delta": 0.639562}}
{"target": 0.21481782445070363, "params": {"C": 718432.3136891356, "gamma": 0.8564985219316787}, "datetime": {"datetime": "2021-10-04 11:05:06", "elapsed": 67.149071, "delta": 0.813285}}
{"target": 0.2496862932073325, "params": {"C": 741042.5611700534, "gamma": 0.5681024369442633}, "datetime": {"datetime": "2021-10-04 11:05:06", "elapsed": 67.807707, "delta": 0.658636}}
{"target": 0.10920033701054876, "params": {"C": 627651.5832103807, "gamma": 0.2624246749519119}, "datetime": {"datetime": "2021-10-04 11:05:07", "elapsed": 68.447697, "delta": 0.63999}}
{"target": 0.22586555735863834, "params": {"C": 662737.33524632, "gamma": 0.796050489917201}, "datetime": {"datetime": "2021-10-04 11:05:08", "elapsed": 69.202979, "delta": 0.755282}}
{"target": 0.24838701187484857, "params": {"C": 869193.2333338226, "gamma": 0.6248470638883199}, "datetime": {"datetime": "2021-10-04 11:05:09", "elapsed": 69.907257, "delta": 0.704278}}
{"target": 0.16308981706435155, "params": {"C": 741034.9956508009, "gamma": 0.03313003248229552}, "datetime": {"datetime": "2021-10-04 11:05:10", "elapsed": 70.992177, "delta": 1.08492}}
{"target": 0.23859854054244922, "params": {"C": 705687.3877120129, "gamma": 0.7194289209241386}, "datetime": {"datetime": "2021-10-04 11:05:10", "elapsed": 71.63043, "delta": 0.638253}}
{"target": 0.2400890841614567, "params": {"C": 532459.2840497557, "gamma": 0.47005864441806366}, "datetime": {"datetime": "2021-10-04 11:05:11", "elapsed": 72.332943, "delta": 0.702513}}
{"target": 0.04930778884186726, "params": {"C": 823136.3410025216, "gamma": 0.22863895743351179}, "datetime": {"datetime": "2021-10-04 11:05:12", "elapsed": 72.972702, "delta": 0.639759}}
{"target": 0.24961401299108954, "params": {"C": 532429.3906158925, "gamma": 0.6216411440072009}, "datetime": {"datetime": "2021-10-04 11:05:12", "elapsed": 73.710869, "delta": 0.738167}}
{"target": 0.16572345673763866, "params": {"C": 951020.859220538, "gamma": 0.02906124668710921}, "datetime": {"datetime": "2021-10-04 11:05:13", "elapsed": 74.492208, "delta": 0.781339}}
{"target": 0.11769328391947353, "params": {"C": 645461.9129367189, "gamma": 0.2729344111623023}, "datetime": {"datetime": "2021-10-04 11:05:14", "elapsed": 75.164015, "delta": 0.671807}}
{"target": 0.24504924854390053, "params": {"C": 869201.2545159918, "gamma": 0.5231858570642764}, "datetime": {"datetime": "2021-10-04 11:05:15", "elapsed": 75.912014, "delta": 0.747999}}
{"target": 0.2369313746085694, "params": {"C": 741040.1425288732, "gamma": 0.4742867395840479}, "datetime": {"datetime": "2021-10-04 11:05:15", "elapsed": 76.712295, "delta": 0.800281}}
{"target": 0.1347065122814748, "params": {"C": 775414.1329112792, "gamma": 0.301447896592495}, "datetime": {"datetime": "2021-10-04 11:05:16", "elapsed": 77.561141, "delta": 0.848846}}
{"target": 0.1870805623781796, "params": {"C": 532424.076086673, "gamma": 0.34671668937202316}, "datetime": {"datetime": "2021-10-04 11:05:17", "elapsed": 78.24773, "delta": 0.686589}}
