{"target": -49.534047308042936, "params": {"C": 131837.82236607376, "gamma": 0.4677169762780501}, "datetime": {"datetime": "2021-10-04 11:51:35", "elapsed": 25.643922, "delta": 0.496995}}
{"target": -49.39352182470057, "params": {"C": 240826.75831391336, "gamma": 0.4800188052965578}, "datetime": {"datetime": "2021-10-04 11:51:35", "elapsed": 26.054533, "delta": 0.410611}}
{"target": -50.427645059649905, "params": {"C": 196246.13536179418, "gamma": 0.5965362013915587}, "datetime": {"datetime": "2021-10-04 11:51:35", "elapsed": 26.455138, "delta": 0.400605}}
{"target": -49.81263731755835, "params": {"C": 180350.02398359304, "gamma": 0.33703644746810285}, "datetime": {"datetime": "2021-10-04 11:51:36", "elapsed": 26.88891, "delta": 0.433772}}
{"target": -50.78857971806088, "params": {"C": 175202.22994929343, "gamma": 0.25349868073024107}, "datetime": {"datetime": "2021-10-04 11:51:36", "elapsed": 27.325896, "delta": 0.436986}}
{"target": -49.49712559932804, "params": {"C": 187721.9132859418, "gamma": 0.5067726072814198}, "datetime": {"datetime": "2021-10-04 11:51:37", "elapsed": 27.724476, "delta": 0.39858}}
{"target": -49.89762009944178, "params": {"C": 138243.75138087894, "gamma": 0.5355306844391852}, "datetime": {"datetime": "2021-10-04 11:51:37", "elapsed": 28.124855, "delta": 0.400379}}
{"target": -49.70523667512978, "params": {"C": 112989.10076505477, "gamma": 0.47400724621168344}, "datetime": {"datetime": "2021-10-04 11:51:38", "elapsed": 28.549013, "delta": 0.424158}}
{"target": -49.629846239422214, "params": {"C": 132891.13179357085, "gamma": 0.4903412997427439}, "datetime": {"datetime": "2021-10-04 11:51:38", "elapsed": 29.010012, "delta": 0.460999}}
{"target": -49.77600211149429, "params": {"C": 95619.33345803172, "gamma": 0.3588909349422371}, "datetime": {"datetime": "2021-10-04 11:51:39", "elapsed": 29.528323, "delta": 0.518311}}
{"target": -50.735886941939356, "params": {"C": 188307.92112159502, "gamma": 0.6196206952933577}, "datetime": {"datetime": "2021-10-04 11:51:39", "elapsed": 29.982549, "delta": 0.454226}}
{"target": -49.69800082585867, "params": {"C": 100912.59702333051, "gamma": 0.37390571622475754}, "datetime": {"datetime": "2021-10-04 11:51:39", "elapsed": 30.385245, "delta": 0.402696}}
{"target": -49.82646245836875, "params": {"C": 109643.95985767862, "gamma": 0.4933858683251144}, "datetime": {"datetime": "2021-10-04 11:51:40", "elapsed": 30.805255, "delta": 0.42001}}
{"target": -51.900045832820034, "params": {"C": 136693.45338585402, "gamma": 0.6998415275523269}, "datetime": {"datetime": "2021-10-04 11:51:40", "elapsed": 31.320421, "delta": 0.515166}}
{"target": -49.39858143512242, "params": {"C": 240559.44577158167, "gamma": 0.48495857684774424}, "datetime": {"datetime": "2021-10-04 11:51:41", "elapsed": 31.784102, "delta": 0.463681}}
{"target": -50.66979611941618, "params": {"C": 229199.30455362602, "gamma": 0.618952980994206}, "datetime": {"datetime": "2021-10-04 11:51:41", "elapsed": 32.292692, "delta": 0.50859}}
{"target": -50.315082263895185, "params": {"C": 88774.6240844837, "gamma": 0.5167740030468806}, "datetime": {"datetime": "2021-10-04 11:51:42", "elapsed": 32.710781, "delta": 0.418089}}
{"target": -49.80352815142276, "params": {"C": 119095.70598225523, "gamma": 0.3215646054290928}, "datetime": {"datetime": "2021-10-04 11:51:42", "elapsed": 33.192775, "delta": 0.481994}}
{"target": -49.96142179046088, "params": {"C": 175787.65052383038, "gamma": 0.31969438588230853}, "datetime": {"datetime": "2021-10-04 11:51:43", "elapsed": 33.600474, "delta": 0.407699}}
{"target": -51.604085057862164, "params": {"C": 194509.80339311156, "gamma": 0.6937378454206651}, "datetime": {"datetime": "2021-10-04 11:51:43", "elapsed": 34.017202, "delta": 0.416728}}
{"target": -50.64937100779195, "params": {"C": 169061.9091357269, "gamma": 0.2607941233388766}, "datetime": {"datetime": "2021-10-04 11:51:44", "elapsed": 34.510892, "delta": 0.49369}}
{"target": -49.824079437370386, "params": {"C": 244487.73277752876, "gamma": 0.54843650405265}, "datetime": {"datetime": "2021-10-04 11:51:44", "elapsed": 34.948313, "delta": 0.437421}}
{"target": -50.312748020749154, "params": {"C": 134975.2876416287, "gamma": 0.27401143994842325}, "datetime": {"datetime": "2021-10-04 11:51:44", "elapsed": 35.447899, "delta": 0.499586}}
{"target": -49.911105184196366, "params": {"C": 95696.22358713698, "gamma": 0.473701617869847}, "datetime": {"datetime": "2021-10-04 11:51:45", "elapsed": 35.907358, "delta": 0.459459}}
{"target": -49.540003772328554, "params": {"C": 127939.56410247547, "gamma": 0.3707915403074504}, "datetime": {"datetime": "2021-10-04 11:51:45", "elapsed": 36.420479, "delta": 0.513121}}
{"target": -49.49419960520219, "params": {"C": 126016.58532824594, "gamma": 0.393137678782056}, "datetime": {"datetime": "2021-10-04 11:51:46", "elapsed": 36.902183, "delta": 0.481704}}
{"target": -50.785549896267035, "params": {"C": 105053.47948690725, "gamma": 0.586883010861145}, "datetime": {"datetime": "2021-10-04 11:51:46", "elapsed": 37.362781, "delta": 0.460598}}
{"target": -51.64039882552477, "params": {"C": 159443.38570620678, "gamma": 0.6872772302715986}, "datetime": {"datetime": "2021-10-04 11:51:47", "elapsed": 37.817887, "delta": 0.455106}}
{"target": -51.48675512317668, "params": {"C": 169073.95758691692, "gamma": 0.6772630014912232}, "datetime": {"datetime": "2021-10-04 11:51:47", "elapsed": 38.35625, "delta": 0.538363}}
{"target": -49.699238697932174, "params": {"C": 105109.0750605104, "gamma": 0.45299305707765025}, "datetime": {"datetime": "2021-10-04 11:51:48", "elapsed": 38.879567, "delta": 0.523317}}
{"target": -50.95862605188768, "params": {"C": 251990.92374752348, "gamma": 0.6439739382428432}, "datetime": {"datetime": "2021-10-04 11:51:48", "elapsed": 39.471647, "delta": 0.59208}}
{"target": -51.097460680173846, "params": {"C": 102478.40013429431, "gamma": 0.6093256431830866}, "datetime": {"datetime": "2021-10-04 11:51:49", "elapsed": 40.012056, "delta": 0.540409}}
{"target": -49.31628410802007, "params": {"C": 168533.5238361857, "gamma": 0.44903773604443453}, "datetime": {"datetime": "2021-10-04 11:51:50", "elapsed": 40.578146, "delta": 0.56609}}
{"target": -49.48239258021412, "params": {"C": 248094.7909215909, "gamma": 0.5102534551801243}, "datetime": {"datetime": "2021-10-04 11:51:50", "elapsed": 41.048613, "delta": 0.470467}}
{"target": -51.072397063616755, "params": {"C": 195149.7968184977, "gamma": 0.6477383064042177}, "datetime": {"datetime": "2021-10-04 11:51:51", "elapsed": 41.582196, "delta": 0.533583}}
{"target": -49.37571259124062, "params": {"C": 229516.63304347775, "gamma": 0.47434706857851305}, "datetime": {"datetime": "2021-10-04 11:51:51", "elapsed": 42.080087, "delta": 0.497891}}
{"target": -49.989575982926745, "params": {"C": 190968.4975883515, "gamma": 0.3245251617977111}, "datetime": {"datetime": "2021-10-04 11:51:52", "elapsed": 42.575804, "delta": 0.495717}}
{"target": -49.68540283618286, "params": {"C": 185669.03863437142, "gamma": 0.5295014829380804}, "datetime": {"datetime": "2021-10-04 11:51:52", "elapsed": 43.034397, "delta": 0.458593}}
{"target": -50.188386592428465, "params": {"C": 172434.6822089287, "gamma": 0.2970343471589677}, "datetime": {"datetime": "2021-10-04 11:51:53", "elapsed": 43.539893, "delta": 0.505496}}
{"target": -50.33208004682217, "params": {"C": 234646.3418107168, "gamma": 0.3144566635759246}, "datetime": {"datetime": "2021-10-04 11:51:53", "elapsed": 44.00355, "delta": 0.463657}}
{"target": -50.82266063707767, "params": {"C": 135489.1068517072, "gamma": 0.6093946465457497}, "datetime": {"datetime": "2021-10-04 11:51:54", "elapsed": 44.520116, "delta": 0.516566}}
{"target": -50.35366336329933, "params": {"C": 234305.84215599735, "gamma": 0.59382737321019}, "datetime": {"datetime": "2021-10-04 11:51:54", "elapsed": 45.007045, "delta": 0.486929}}
{"target": -50.735982775283084, "params": {"C": 160965.71348843497, "gamma": 0.6140663608462889}, "datetime": {"datetime": "2021-10-04 11:51:55", "elapsed": 45.688187, "delta": 0.681142}}
{"target": -49.87692906814595, "params": {"C": 240238.6748468356, "gamma": 0.5526930635677871}, "datetime": {"datetime": "2021-10-04 11:51:55", "elapsed": 46.346013, "delta": 0.657826}}
{"target": -49.524752134003, "params": {"C": 186197.84850953985, "gamma": 0.5100467326934723}, "datetime": {"datetime": "2021-10-04 11:51:56", "elapsed": 46.885444, "delta": 0.539431}}
{"target": -49.750720949419616, "params": {"C": 97101.2300672513, "gamma": 0.42235305683822433}, "datetime": {"datetime": "2021-10-04 11:51:56", "elapsed": 47.393786, "delta": 0.508342}}
{"target": -49.42202754747331, "params": {"C": 234751.63424959927, "gamma": 0.4989870984268209}, "datetime": {"datetime": "2021-10-04 11:51:57", "elapsed": 47.919758, "delta": 0.525972}}
{"target": -50.31232192460783, "params": {"C": 126883.89480768985, "gamma": 0.27108729227418005}, "datetime": {"datetime": "2021-10-04 11:51:58", "elapsed": 48.507256, "delta": 0.587498}}
{"target": -50.515355295617546, "params": {"C": 103174.25968668863, "gamma": 0.5631416280690684}, "datetime": {"datetime": "2021-10-04 11:51:58", "elapsed": 49.070566, "delta": 0.56331}}
{"target": -49.54903963769561, "params": {"C": 129890.31244243484, "gamma": 0.46812492835735703}, "datetime": {"datetime": "2021-10-04 11:51:59", "elapsed": 49.621803, "delta": 0.551237}}
{"target": -50.6123521082964, "params": {"C": 194902.50538188842, "gamma": 0.2736956374233873}, "datetime": {"datetime": "2021-10-04 11:51:59", "elapsed": 50.143342, "delta": 0.521539}}
{"target": -50.824492269692186, "params": {"C": 160393.5778073728, "gamma": 0.6206862788095522}, "datetime": {"datetime": "2021-10-04 11:52:00", "elapsed": 50.715902, "delta": 0.57256}}
{"target": -51.55318830485502, "params": {"C": 143555.5077694174, "gamma": 0.6727740666002865}, "datetime": {"datetime": "2021-10-04 11:52:00", "elapsed": 51.327221, "delta": 0.611319}}
{"target": -49.852947069911075, "params": {"C": 186200.62566247105, "gamma": 0.33608386962391434}, "datetime": {"datetime": "2021-10-04 11:52:01", "elapsed": 52.036259, "delta": 0.709038}}
{"target": -49.48547297407538, "params": {"C": 165404.0453368802, "gamma": 0.4939023551166648}, "datetime": {"datetime": "2021-10-04 11:52:02", "elapsed": 52.614838, "delta": 0.578579}}
{"target": -49.348501093564316, "params": {"C": 150096.0649665124, "gamma": 0.43639956207901576}, "datetime": {"datetime": "2021-10-04 11:52:02", "elapsed": 53.176825, "delta": 0.561987}}
{"target": -50.88941921148166, "params": {"C": 142264.74892913632, "gamma": 0.6179155276270946}, "datetime": {"datetime": "2021-10-04 11:52:03", "elapsed": 53.734641, "delta": 0.557816}}
{"target": -51.561069243226356, "params": {"C": 168631.7368050876, "gamma": 0.6834931426587727}, "datetime": {"datetime": "2021-10-04 11:52:03", "elapsed": 54.294048, "delta": 0.559407}}
{"target": -49.76929515796704, "params": {"C": 182469.97920244717, "gamma": 0.34272250216237443}, "datetime": {"datetime": "2021-10-04 11:52:04", "elapsed": 54.931336, "delta": 0.637288}}
{"target": -50.161387560779225, "params": {"C": 146331.9914960316, "gamma": 0.2904279333783989}, "datetime": {"datetime": "2021-10-04 11:52:05", "elapsed": 55.532311, "delta": 0.600975}}
{"target": -49.65160249989548, "params": {"C": 104448.50494388433, "gamma": 0.42110368724494}, "datetime": {"datetime": "2021-10-04 11:52:05", "elapsed": 56.108806, "delta": 0.576495}}
{"target": -49.62636464495871, "params": {"C": 147243.78788273386, "gamma": 0.5071598899082088}, "datetime": {"datetime": "2021-10-04 11:52:06", "elapsed": 56.660101, "delta": 0.551295}}
{"target": -49.81736261357261, "params": {"C": 90931.71467125777, "gamma": 0.40633351986427535}, "datetime": {"datetime": "2021-10-04 11:52:06", "elapsed": 57.314846, "delta": 0.654745}}
{"target": -49.75701745359001, "params": {"C": 179485.48689417186, "gamma": 0.34237500196688064}, "datetime": {"datetime": "2021-10-04 11:52:07", "elapsed": 57.862177, "delta": 0.547331}}
{"target": -49.42433977033276, "params": {"C": 212742.99983203656, "gamma": 0.49866146234923603}, "datetime": {"datetime": "2021-10-04 11:52:07", "elapsed": 58.455282, "delta": 0.593105}}
{"target": -49.799618914169834, "params": {"C": 169913.19328198698, "gamma": 0.3334329319630694}, "datetime": {"datetime": "2021-10-04 11:52:08", "elapsed": 59.056222, "delta": 0.60094}}
{"target": -50.25856236633562, "params": {"C": 206407.131994872, "gamma": 0.5837208387229019}, "datetime": {"datetime": "2021-10-04 11:52:09", "elapsed": 59.81539, "delta": 0.759168}}
{"target": -50.41454710105644, "params": {"C": 214071.16522291803, "gamma": 0.2969714116479009}, "datetime": {"datetime": "2021-10-04 11:52:09", "elapsed": 60.364069, "delta": 0.548679}}
{"target": -49.58416464578243, "params": {"C": 131003.10717663923, "gamma": 0.35997849038487956}, "datetime": {"datetime": "2021-10-04 11:52:10", "elapsed": 61.037653, "delta": 0.673584}}
{"target": -50.04865410232444, "params": {"C": 225256.70328175314, "gamma": 0.337435049669719}, "datetime": {"datetime": "2021-10-04 11:52:11", "elapsed": 61.608686, "delta": 0.571033}}
{"target": -50.107591661203884, "params": {"C": 158528.7415615992, "gamma": 0.5639730584221707}, "datetime": {"datetime": "2021-10-04 11:52:11", "elapsed": 62.156549, "delta": 0.547863}}
{"target": -49.31440857657262, "params": {"C": 171374.6111656662, "gamma": 0.4424312707713509}, "datetime": {"datetime": "2021-10-04 11:52:12", "elapsed": 62.757013, "delta": 0.600464}}
{"target": -50.588458442216684, "params": {"C": 213198.34206554282, "gamma": 0.2818907273422242}, "datetime": {"datetime": "2021-10-04 11:52:12", "elapsed": 63.311589, "delta": 0.554576}}
{"target": -49.39430618510892, "params": {"C": 163293.54931519477, "gamma": 0.40201335862743226}, "datetime": {"datetime": "2021-10-04 11:52:13", "elapsed": 63.881701, "delta": 0.570112}}
{"target": -49.406355130502014, "params": {"C": 155235.6459509824, "gamma": 0.3936387758348822}, "datetime": {"datetime": "2021-10-04 11:52:14", "elapsed": 64.51445, "delta": 0.632749}}
{"target": -50.841539212418034, "params": {"C": 221166.78974293958, "gamma": 0.6317850130174224}, "datetime": {"datetime": "2021-10-04 11:52:14", "elapsed": 65.294749, "delta": 0.780299}}
{"target": -50.32909361782626, "params": {"C": 128476.6280803323, "gamma": 0.5665726921496914}, "datetime": {"datetime": "2021-10-04 11:52:15", "elapsed": 66.163072, "delta": 0.868323}}
{"target": -50.46475736662402, "params": {"C": 233740.82116514884, "gamma": 0.30170450119401243}, "datetime": {"datetime": "2021-10-04 11:52:16", "elapsed": 66.735678, "delta": 0.572606}}
{"target": -49.91338922402143, "params": {"C": 109192.50826113281, "gamma": 0.3070246401021493}, "datetime": {"datetime": "2021-10-04 11:52:16", "elapsed": 67.405589, "delta": 0.669911}}
{"target": -50.9477064241561, "params": {"C": 149993.6788148122, "gamma": 0.6260141898177534}, "datetime": {"datetime": "2021-10-04 11:52:17", "elapsed": 68.01535, "delta": 0.609761}}
{"target": -51.30100784506868, "params": {"C": 113190.97316209904, "gamma": 0.6341816364353396}, "datetime": {"datetime": "2021-10-04 11:52:18", "elapsed": 68.636627, "delta": 0.621277}}
{"target": -49.37479736853683, "params": {"C": 229957.4893782906, "gamma": 0.451324130524979}, "datetime": {"datetime": "2021-10-04 11:52:18", "elapsed": 69.325187, "delta": 0.68856}}
{"target": -49.82403403861504, "params": {"C": 215393.9953874481, "gamma": 0.3571683798458895}, "datetime": {"datetime": "2021-10-04 11:52:19", "elapsed": 70.098891, "delta": 0.773704}}
{"target": -49.464922708700406, "params": {"C": 141480.90247938913, "gamma": 0.4658452237233135}, "datetime": {"datetime": "2021-10-04 11:52:20", "elapsed": 70.85939, "delta": 0.760499}}
{"target": -49.75874148407596, "params": {"C": 229865.21582227366, "gamma": 0.541900295435962}, "datetime": {"datetime": "2021-10-04 11:52:21", "elapsed": 71.53464, "delta": 0.67525}}
{"target": -50.324296836563335, "params": {"C": 224240.67491533232, "gamma": 0.3095588789098486}, "datetime": {"datetime": "2021-10-04 11:52:21", "elapsed": 72.196852, "delta": 0.662212}}
{"target": -49.8956610660317, "params": {"C": 139906.9660548734, "gamma": 0.5364702683479963}, "datetime": {"datetime": "2021-10-04 11:52:22", "elapsed": 72.807852, "delta": 0.611}}
{"target": -50.936533812574076, "params": {"C": 161472.2733575604, "gamma": 0.6297930452603628}, "datetime": {"datetime": "2021-10-04 11:52:22", "elapsed": 73.365854, "delta": 0.558002}}
{"target": -50.95576855378961, "params": {"C": 221450.14194892737, "gamma": 0.26013251198954673}, "datetime": {"datetime": "2021-10-04 11:52:23", "elapsed": 74.018306, "delta": 0.652452}}
{"target": -49.32997291969538, "params": {"C": 167722.2978788816, "gamma": 0.45595311444009756}, "datetime": {"datetime": "2021-10-04 11:52:24", "elapsed": 74.680437, "delta": 0.662131}}
{"target": -49.37087539877801, "params": {"C": 184241.75251273095, "gamma": 0.4229114417844657}, "datetime": {"datetime": "2021-10-04 11:52:24", "elapsed": 75.348486, "delta": 0.668049}}
{"target": -49.33157599978933, "params": {"C": 197676.11944456346, "gamma": 0.4396723278901831}, "datetime": {"datetime": "2021-10-04 11:52:25", "elapsed": 76.033875, "delta": 0.685389}}
{"target": -50.5574612718306, "params": {"C": 114472.58070344961, "gamma": 0.5758558617295304}, "datetime": {"datetime": "2021-10-04 11:52:26", "elapsed": 76.981769, "delta": 0.947894}}
{"target": -49.46718895364943, "params": {"C": 145593.3816514271, "gamma": 0.3802954405472763}, "datetime": {"datetime": "2021-10-04 11:52:27", "elapsed": 77.739048, "delta": 0.757279}}
{"target": -50.84058467960254, "params": {"C": 100169.05013217697, "gamma": 0.5869677963081459}, "datetime": {"datetime": "2021-10-04 11:52:27", "elapsed": 78.464668, "delta": 0.72562}}
{"target": -49.96039214089901, "params": {"C": 109100.27237897216, "gamma": 0.5114008733326314}, "datetime": {"datetime": "2021-10-04 11:52:28", "elapsed": 79.13297, "delta": 0.668302}}
{"target": -50.55915948361129, "params": {"C": 220218.44696536748, "gamma": 0.6095069564064595}, "datetime": {"datetime": "2021-10-04 11:52:29", "elapsed": 79.836779, "delta": 0.703809}}
{"target": -51.516263813004855, "params": {"C": 176788.5790839338, "gamma": 0.681955093144627}, "datetime": {"datetime": "2021-10-04 11:52:30", "elapsed": 80.652926, "delta": 0.816147}}
{"target": -49.94264584585961, "params": {"C": 232988.3251858464, "gamma": 0.5579098621040302}, "datetime": {"datetime": "2021-10-04 11:52:31", "elapsed": 81.486917, "delta": 0.833991}}
{"target": -49.77098148709306, "params": {"C": 178478.87458224082, "gamma": 0.5380035246320145}, "datetime": {"datetime": "2021-10-04 11:52:31", "elapsed": 82.270445, "delta": 0.783528}}
{"target": -49.464510779753525, "params": {"C": 251913.98630854042, "gamma": 0.4422190159562291}, "datetime": {"datetime": "2021-10-04 11:52:32", "elapsed": 83.303281, "delta": 1.032836}}
{"target": -49.85892318443874, "params": {"C": 123268.72953376817, "gamma": 0.516725817643652}, "datetime": {"datetime": "2021-10-04 11:52:33", "elapsed": 84.15456, "delta": 0.851279}}
{"target": -50.34274935938502, "params": {"C": 122745.23886118885, "gamma": 0.564224599181756}, "datetime": {"datetime": "2021-10-04 11:52:34", "elapsed": 84.855313, "delta": 0.700753}}
{"target": -51.11878162929083, "params": {"C": 247887.13161434533, "gamma": 0.6568989545581577}, "datetime": {"datetime": "2021-10-04 11:52:35", "elapsed": 85.578502, "delta": 0.723189}}
{"target": -49.73039041061196, "params": {"C": 202457.48850798665, "gamma": 0.5363027951861031}, "datetime": {"datetime": "2021-10-04 11:52:35", "elapsed": 86.370546, "delta": 0.792044}}
{"target": -51.41066377368884, "params": {"C": 97882.23114272117, "gamma": 0.6304516619507295}, "datetime": {"datetime": "2021-10-04 11:52:36", "elapsed": 87.20712, "delta": 0.836574}}
{"target": -49.86613889222691, "params": {"C": 249300.98061988622, "gamma": 0.3692368144605902}, "datetime": {"datetime": "2021-10-04 11:52:37", "elapsed": 87.92146, "delta": 0.71434}}
{"target": -51.417266197903636, "params": {"C": 221366.22219923395, "gamma": 0.6801726008881388}, "datetime": {"datetime": "2021-10-04 11:52:38", "elapsed": 88.614722, "delta": 0.693262}}
{"target": -49.72315969412695, "params": {"C": 101693.86563529872, "gamma": 0.44501814887358204}, "datetime": {"datetime": "2021-10-04 11:52:38", "elapsed": 89.303634, "delta": 0.688912}}
{"target": -49.688744013399685, "params": {"C": 119518.77871058148, "gamma": 0.48198407948604005}, "datetime": {"datetime": "2021-10-04 11:52:39", "elapsed": 90.034286, "delta": 0.730652}}
{"target": -49.64402537272063, "params": {"C": 134066.03743259824, "gamma": 0.4951186105556592}, "datetime": {"datetime": "2021-10-04 11:52:40", "elapsed": 90.818575, "delta": 0.784289}}
{"target": -50.090850089632504, "params": {"C": 160407.68964210557, "gamma": 0.5634309460911746}, "datetime": {"datetime": "2021-10-04 11:52:41", "elapsed": 91.56739, "delta": 0.748815}}
{"target": -50.1592797431751, "params": {"C": 242918.13733554966, "gamma": 0.5770560955589402}, "datetime": {"datetime": "2021-10-04 11:52:41", "elapsed": 92.322759, "delta": 0.755369}}
{"target": -50.13171229927035, "params": {"C": 230283.0247404314, "gamma": 0.5740231855687264}, "datetime": {"datetime": "2021-10-04 11:52:42", "elapsed": 93.070158, "delta": 0.747399}}
{"target": -50.84200952462163, "params": {"C": 209905.8562028266, "gamma": 0.2636380888032275}, "datetime": {"datetime": "2021-10-04 11:52:43", "elapsed": 93.77282, "delta": 0.702662}}
{"target": -50.586869737345246, "params": {"C": 168055.81088168352, "gamma": 0.2647277934840963}, "datetime": {"datetime": "2021-10-04 11:52:44", "elapsed": 94.533767, "delta": 0.760947}}
{"target": -50.4409652736618, "params": {"C": 90036.06196253774, "gamma": 0.5350988214908876}, "datetime": {"datetime": "2021-10-04 11:52:44", "elapsed": 95.418667, "delta": 0.8849}}
