{"target": -43.686932303750226, "params": {"C": 3177.3461871598734, "gamma": 0.0016267046874331068}, "datetime": {"datetime": "2021-09-29 20:45:47", "elapsed": 18.325351, "delta": 0.427002}}
{"target": -41.117125300985066, "params": {"C": 3201.625934352242, "gamma": 0.05}, "datetime": {"datetime": "2021-09-29 20:45:47", "elapsed": 18.829346, "delta": 0.503995}}
{"target": -40.81407923472245, "params": {"C": 3217.7632265641537, "gamma": 0.03407077696051851}, "datetime": {"datetime": "2021-09-29 20:45:48", "elapsed": 19.205027, "delta": 0.375681}}
{"target": -40.832769138794994, "params": {"C": 3228.637395925176, "gamma": 0.025760182188881226}, "datetime": {"datetime": "2021-09-29 20:45:48", "elapsed": 19.591014, "delta": 0.385987}}
{"target": -41.12834464018264, "params": {"C": 3240.4740721244148, "gamma": 0.016618739570816235}, "datetime": {"datetime": "2021-09-29 20:45:48", "elapsed": 19.994801, "delta": 0.403787}}
{"target": -42.286916052542786, "params": {"C": 3569.3649270231076, "gamma": 0.004437843639174394}, "datetime": {"datetime": "2021-09-29 20:45:49", "elapsed": 20.572802, "delta": 0.578001}}
{"target": -41.97593330066617, "params": {"C": 3452.9219822076457, "gamma": 0.0064199007755171315}, "datetime": {"datetime": "2021-09-29 20:45:50", "elapsed": 21.168803, "delta": 0.596001}}
{"target": -40.832155596390706, "params": {"C": 2500.18406595479, "gamma": 0.029276871405798013}, "datetime": {"datetime": "2021-09-29 20:45:50", "elapsed": 21.621671, "delta": 0.452868}}
{"target": -40.81032422861319, "params": {"C": 2511.2472399870753, "gamma": 0.03275339202014046}, "datetime": {"datetime": "2021-09-29 20:45:50", "elapsed": 22.033572, "delta": 0.411901}}
{"target": -42.53333735779076, "params": {"C": 2523.0228269030113, "gamma": 0.004737408592423751}, "datetime": {"datetime": "2021-09-29 20:45:51", "elapsed": 22.538565, "delta": 0.504993}}
{"target": -40.83669279827692, "params": {"C": 3951.069596429492, "gamma": 0.03228128300273594}, "datetime": {"datetime": "2021-09-29 20:45:51", "elapsed": 23.082568, "delta": 0.544003}}
{"target": -40.82445232838073, "params": {"C": 3940.285625843144, "gamma": 0.031048971303058767}, "datetime": {"datetime": "2021-09-29 20:45:52", "elapsed": 23.663752, "delta": 0.581184}}
{"target": -41.27015604370106, "params": {"C": 3962.9371053421014, "gamma": 0.05}, "datetime": {"datetime": "2021-09-29 20:45:53", "elapsed": 24.112383, "delta": 0.448631}}
{"target": -41.155023322816135, "params": {"C": 3928.71684381249, "gamma": 0.04657060671068489}, "datetime": {"datetime": "2021-09-29 20:45:53", "elapsed": 24.54438, "delta": 0.431997}}
{"target": -40.806413498095516, "params": {"C": 3661.016768433843, "gamma": 0.02919891580755191}, "datetime": {"datetime": "2021-09-29 20:45:53", "elapsed": 25.042381, "delta": 0.498001}}
{"target": -40.80666669551002, "params": {"C": 3671.7255604547795, "gamma": 0.029232797691530716}, "datetime": {"datetime": "2021-09-29 20:45:54", "elapsed": 25.55538, "delta": 0.512999}}
{"target": -43.825364871599085, "params": {"C": 3649.241797827208, "gamma": 0.0013}, "datetime": {"datetime": "2021-09-29 20:45:54", "elapsed": 26.043586, "delta": 0.488206}}
{"target": -41.57658626360742, "params": {"C": 3682.946381587205, "gamma": 0.00971072736450938}, "datetime": {"datetime": "2021-09-29 20:45:55", "elapsed": 26.48958, "delta": 0.445994}}
{"target": -41.14785515468186, "params": {"C": 3849.712959774281, "gamma": 0.04682077266119096}, "datetime": {"datetime": "2021-09-29 20:45:55", "elapsed": 27.033582, "delta": 0.544002}}
{"target": -40.810929712504546, "params": {"C": 3751.0256544062318, "gamma": 0.027464278254634045}, "datetime": {"datetime": "2021-09-29 20:45:56", "elapsed": 27.639906, "delta": 0.606324}}
{"target": -41.0262500293823, "params": {"C": 3740.722144357368, "gamma": 0.01788408802423633}, "datetime": {"datetime": "2021-09-29 20:45:57", "elapsed": 28.276946, "delta": 0.63704}}
{"target": -40.824461350911946, "params": {"C": 3761.8743763792936, "gamma": 0.025565226830646333}, "datetime": {"datetime": "2021-09-29 20:45:57", "elapsed": 28.762926, "delta": 0.48598}}
{"target": -40.867753701878286, "params": {"C": 3773.157694831517, "gamma": 0.03555181935974535}, "datetime": {"datetime": "2021-09-29 20:45:58", "elapsed": 29.293568, "delta": 0.530642}}
{"target": -40.831661186959764, "params": {"C": 3727.4842957296078, "gamma": 0.024969565546202572}, "datetime": {"datetime": "2021-09-29 20:45:58", "elapsed": 29.872574, "delta": 0.579006}}
{"target": -40.84740344340902, "params": {"C": 2727.6974363099935, "gamma": 0.026656943418181533}, "datetime": {"datetime": "2021-09-29 20:45:59", "elapsed": 30.596563, "delta": 0.723989}}
{"target": -40.8232103559527, "params": {"C": 2716.598198288386, "gamma": 0.028574283423247745}, "datetime": {"datetime": "2021-09-29 20:46:00", "elapsed": 31.243567, "delta": 0.647004}}
{"target": -40.81857551025935, "params": {"C": 2739.6364352203973, "gamma": 0.0365588002507262}, "datetime": {"datetime": "2021-09-29 20:46:00", "elapsed": 31.915472, "delta": 0.671905}}
{"target": -40.81316704729445, "params": {"C": 2705.7984206391975, "gamma": 0.02980890186154682}, "datetime": {"datetime": "2021-09-29 20:46:01", "elapsed": 32.427511, "delta": 0.512039}}
{"target": -41.04147251722462, "params": {"C": 2750.3470796559723, "gamma": 0.05}, "datetime": {"datetime": "2021-09-29 20:46:01", "elapsed": 32.895474, "delta": 0.467963}}
{"target": -41.057812786971894, "params": {"C": 2856.9958732707014, "gamma": 0.05}, "datetime": {"datetime": "2021-09-29 20:46:02", "elapsed": 33.43748, "delta": 0.542006}}
{"target": -40.8934263439784, "params": {"C": 2844.0795144386525, "gamma": 0.02385812957650381}, "datetime": {"datetime": "2021-09-29 20:46:03", "elapsed": 34.184543, "delta": 0.747063}}
{"target": -40.86430122801228, "params": {"C": 2992.570937071596, "gamma": 0.03950836839790828}, "datetime": {"datetime": "2021-09-29 20:46:03", "elapsed": 34.647542, "delta": 0.462999}}
{"target": -41.07822572506274, "params": {"C": 2981.635093215236, "gamma": 0.05}, "datetime": {"datetime": "2021-09-29 20:46:03", "elapsed": 35.086351, "delta": 0.438809}}
{"target": -42.23404771469038, "params": {"C": 3003.602566746725, "gamma": 0.005395699387716488}, "datetime": {"datetime": "2021-09-29 20:46:04", "elapsed": 35.719658, "delta": 0.633307}}
{"target": -43.37405087289879, "params": {"C": 2870.3183781427215, "gamma": 0.002200519659625923}, "datetime": {"datetime": "2021-09-29 20:46:05", "elapsed": 36.24266, "delta": 0.523002}}
{"target": -40.817429065069746, "params": {"C": 3422.316068493393, "gamma": 0.033370173380010276}, "datetime": {"datetime": "2021-09-29 20:46:05", "elapsed": 36.732659, "delta": 0.489999}}
{"target": -41.09235663438315, "params": {"C": 3412.068600410257, "gamma": 0.04766514054405071}, "datetime": {"datetime": "2021-09-29 20:46:06", "elapsed": 37.21966, "delta": 0.487001}}
{"target": -40.80237203810109, "params": {"C": 3433.073392614751, "gamma": 0.02997346737597178}, "datetime": {"datetime": "2021-09-29 20:46:06", "elapsed": 37.669659, "delta": 0.449999}}
{"target": -41.27506875476357, "params": {"C": 3141.7319595912772, "gamma": 0.01433712923702726}, "datetime": {"datetime": "2021-09-29 20:46:07", "elapsed": 38.150942, "delta": 0.481283}}
{"target": -41.17106669487143, "params": {"C": 3483.2522141979366, "gamma": 0.05}, "datetime": {"datetime": "2021-09-29 20:46:07", "elapsed": 38.670907, "delta": 0.519965}}
{"target": -40.83347778132426, "params": {"C": 3537.5884623775714, "gamma": 0.03434137398405331}, "datetime": {"datetime": "2021-09-29 20:46:08", "elapsed": 39.166547, "delta": 0.49564}}
{"target": -40.80432185203193, "params": {"C": 3547.7734802841064, "gamma": 0.029161970917078756}, "datetime": {"datetime": "2021-09-29 20:46:08", "elapsed": 39.660562, "delta": 0.494015}}
{"target": -40.8058641662431, "params": {"C": 3527.038039154307, "gamma": 0.030735431578023647}, "datetime": {"datetime": "2021-09-29 20:46:09", "elapsed": 40.252504, "delta": 0.591942}}
{"target": -41.208547883984096, "params": {"C": 3600.0472508542684, "gamma": 0.014628392479741396}, "datetime": {"datetime": "2021-09-29 20:46:09", "elapsed": 40.837509, "delta": 0.585005}}
{"target": -40.903096665226805, "params": {"C": 2671.540390848256, "gamma": 0.024164622308187188}, "datetime": {"datetime": "2021-09-29 20:46:10", "elapsed": 41.360537, "delta": 0.523028}}
{"target": -43.68060443383022, "params": {"C": 3978.865335694691, "gamma": 0.0013}, "datetime": {"datetime": "2021-09-29 20:46:10", "elapsed": 41.849741, "delta": 0.489204}}
{"target": -41.16860911516911, "params": {"C": 3470.837605364597, "gamma": 0.05}, "datetime": {"datetime": "2021-09-29 20:46:11", "elapsed": 42.353704, "delta": 0.503963}}
{"target": -42.197365678310994, "params": {"C": 3495.5058093030702, "gamma": 0.004972744963081996}, "datetime": {"datetime": "2021-09-29 20:46:11", "elapsed": 42.909705, "delta": 0.556001}}
{"target": -40.79960316891664, "params": {"C": 3128.796748330422, "gamma": 0.031243683127757674}, "datetime": {"datetime": "2021-09-29 20:46:12", "elapsed": 43.474704, "delta": 0.564999}}
{"target": -40.92162464429669, "params": {"C": 3252.865188343868, "gamma": 0.02162152040552643}, "datetime": {"datetime": "2021-09-29 20:46:12", "elapsed": 43.973016, "delta": 0.498312}}
{"target": -41.23247864723007, "params": {"C": 3587.817500105716, "gamma": 0.014264938354851712}, "datetime": {"datetime": "2021-09-29 20:46:13", "elapsed": 44.491037, "delta": 0.518021}}
{"target": -40.967134647532674, "params": {"C": 3782.6115825980214, "gamma": 0.04049778633380752}, "datetime": {"datetime": "2021-09-29 20:46:14", "elapsed": 45.130027, "delta": 0.63899}}
{"target": -41.44042666001334, "params": {"C": 3154.9165508630726, "gamma": 0.012035528264928135}, "datetime": {"datetime": "2021-09-29 20:46:14", "elapsed": 45.707031, "delta": 0.577004}}
{"target": -40.94153555505739, "params": {"C": 3718.884699002406, "gamma": 0.03972122861827242}, "datetime": {"datetime": "2021-09-29 20:46:15", "elapsed": 46.370728, "delta": 0.663697}}
{"target": -41.21607642768066, "params": {"C": 3916.858231872962, "gamma": 0.04861570004815561}, "datetime": {"datetime": "2021-09-29 20:46:15", "elapsed": 46.842849, "delta": 0.472121}}
{"target": -40.80544276162181, "params": {"C": 3610.93424758958, "gamma": 0.02903728018614282}, "datetime": {"datetime": "2021-09-29 20:46:16", "elapsed": 47.479843, "delta": 0.636994}}
{"target": -40.91472009832486, "params": {"C": 2835.0329265668706, "gamma": 0.04337305600700773}, "datetime": {"datetime": "2021-09-29 20:46:17", "elapsed": 48.132047, "delta": 0.652204}}
{"target": -41.90285677786864, "params": {"C": 3078.585273824599, "gamma": 0.007493250202645086}, "datetime": {"datetime": "2021-09-29 20:46:17", "elapsed": 48.647026, "delta": 0.514979}}
{"target": -41.070463649167564, "params": {"C": 2624.623823811338, "gamma": 0.019422008745672074}, "datetime": {"datetime": "2021-09-29 20:46:18", "elapsed": 49.246688, "delta": 0.599662}}
{"target": -41.24225017027133, "params": {"C": 2943.6776811120963, "gamma": 0.015261099166183543}, "datetime": {"datetime": "2021-09-29 20:46:18", "elapsed": 49.820431, "delta": 0.573743}}
{"target": -42.186034611492914, "params": {"C": 3555.887984923947, "gamma": 0.004968901444894021}, "datetime": {"datetime": "2021-09-29 20:46:19", "elapsed": 50.304438, "delta": 0.484007}}
{"target": -40.85950528816711, "params": {"C": 3210.4008674667284, "gamma": 0.02423797474826173}, "datetime": {"datetime": "2021-09-29 20:46:19", "elapsed": 50.831439, "delta": 0.527001}}
{"target": -41.35543444883662, "params": {"C": 3666.0957742781075, "gamma": 0.012383310610647496}, "datetime": {"datetime": "2021-09-29 20:46:20", "elapsed": 51.437429, "delta": 0.60599}}
{"target": -40.8440139882609, "params": {"C": 3335.4450933205444, "gamma": 0.036290118243881814}, "datetime": {"datetime": "2021-09-29 20:46:20", "elapsed": 52.056261, "delta": 0.618832}}
{"target": -40.82877418052833, "params": {"C": 3440.5252335451773, "gamma": 0.03445298512869145}, "datetime": {"datetime": "2021-09-29 20:46:21", "elapsed": 52.664263, "delta": 0.608002}}
{"target": -41.70846018323125, "params": {"C": 3039.713125525248, "gamma": 0.009272295917931345}, "datetime": {"datetime": "2021-09-29 20:46:22", "elapsed": 53.415305, "delta": 0.751042}}
{"target": -40.844724824145366, "params": {"C": 3052.290865065332, "gamma": 0.03780226210623998}, "datetime": {"datetime": "2021-09-29 20:46:22", "elapsed": 54.080015, "delta": 0.66471}}
{"target": -40.80594333967891, "params": {"C": 2803.4350368556243, "gamma": 0.03030895477671124}, "datetime": {"datetime": "2021-09-29 20:46:23", "elapsed": 54.633016, "delta": 0.553001}}
{"target": -40.80209605523973, "params": {"C": 3365.846309580242, "gamma": 0.030784733204903922}, "datetime": {"datetime": "2021-09-29 20:46:24", "elapsed": 55.304017, "delta": 0.671001}}
{"target": -40.8045340461936, "params": {"C": 2698.746074670687, "gamma": 0.033823550001574866}, "datetime": {"datetime": "2021-09-29 20:46:24", "elapsed": 55.888211, "delta": 0.584194}}
{"target": -40.92616480924238, "params": {"C": 2972.035291199886, "gamma": 0.022213377351553522}, "datetime": {"datetime": "2021-09-29 20:46:25", "elapsed": 56.491208, "delta": 0.602997}}
{"target": -40.828111381065554, "params": {"C": 3809.653445744208, "gamma": 0.03227770869445452}, "datetime": {"datetime": "2021-09-29 20:46:25", "elapsed": 57.021211, "delta": 0.530003}}
{"target": -43.27854133904907, "params": {"C": 2569.349327426582, "gamma": 0.0026238212826086146}, "datetime": {"datetime": "2021-09-29 20:46:26", "elapsed": 57.584557, "delta": 0.563346}}
{"target": -42.865817492307464, "params": {"C": 3064.881152519505, "gamma": 0.0029796442839221523}, "datetime": {"datetime": "2021-09-29 20:46:27", "elapsed": 58.155794, "delta": 0.571237}}
{"target": -41.677424519551494, "params": {"C": 3542.8210179272846, "gamma": 0.008842573570665601}, "datetime": {"datetime": "2021-09-29 20:46:27", "elapsed": 58.898792, "delta": 0.742998}}
{"target": -40.84672228264292, "params": {"C": 3436.7996361199007, "gamma": 0.03594973585897205}, "datetime": {"datetime": "2021-09-29 20:46:28", "elapsed": 59.586415, "delta": 0.687623}}
{"target": -40.94385218923155, "params": {"C": 3532.472558924502, "gamma": 0.040879413972909506}, "datetime": {"datetime": "2021-09-29 20:46:29", "elapsed": 60.265345, "delta": 0.67893}}
{"target": -41.26698051048281, "params": {"C": 2505.7466686040584, "gamma": 0.01605864640464935}, "datetime": {"datetime": "2021-09-29 20:46:29", "elapsed": 60.941717, "delta": 0.676372}}
{"target": -41.140862302372014, "params": {"C": 3756.437302440195, "gamma": 0.047169856998111034}, "datetime": {"datetime": "2021-09-29 20:46:30", "elapsed": 61.592717, "delta": 0.651}}
{"target": -40.836668063764435, "params": {"C": 2733.8155575251762, "gamma": 0.02735202061338856}, "datetime": {"datetime": "2021-09-29 20:46:31", "elapsed": 62.324902, "delta": 0.732185}}
{"target": -40.923822473387986, "params": {"C": 3945.751586648663, "gamma": 0.03765766138954747}, "datetime": {"datetime": "2021-09-29 20:46:31", "elapsed": 62.917894, "delta": 0.592992}}
{"target": -40.81826920756254, "params": {"C": 3767.539561759332, "gamma": 0.026242973919070597}, "datetime": {"datetime": "2021-09-29 20:46:32", "elapsed": 63.562896, "delta": 0.645002}}
{"target": -41.121116732244815, "params": {"C": 3223.2401646602657, "gamma": 0.05}, "datetime": {"datetime": "2021-09-29 20:46:33", "elapsed": 64.471316, "delta": 0.90842}}
{"target": -41.49169959376006, "params": {"C": 2638.7301477588903, "gamma": 0.012481817380171154}, "datetime": {"datetime": "2021-09-29 20:46:34", "elapsed": 65.186315, "delta": 0.714999}}
{"target": -40.96935430202739, "params": {"C": 2711.412321128771, "gamma": 0.04690167501698593}, "datetime": {"datetime": "2021-09-29 20:46:34", "elapsed": 65.948551, "delta": 0.762236}}
{"target": -41.701275394769816, "params": {"C": 3733.7331036828095, "gamma": 0.008389723459967191}, "datetime": {"datetime": "2021-09-29 20:46:35", "elapsed": 66.58856, "delta": 0.640009}}
{"target": -40.98867033190112, "params": {"C": 2651.273089273871, "gamma": 0.048191301100966734}, "datetime": {"datetime": "2021-09-29 20:46:36", "elapsed": 67.304588, "delta": 0.716028}}
{"target": -40.81365714077005, "params": {"C": 3427.5280355724026, "gamma": 0.027029618295972783}, "datetime": {"datetime": "2021-09-29 20:46:36", "elapsed": 67.932327, "delta": 0.627739}}
{"target": -42.638433887833436, "params": {"C": 2912.2637239717305, "gamma": 0.0037838080867576046}, "datetime": {"datetime": "2021-09-29 20:46:37", "elapsed": 68.596326, "delta": 0.663999}}
{"target": -44.114715687269104, "params": {"C": 3093.8762035977898, "gamma": 0.0013}, "datetime": {"datetime": "2021-09-29 20:46:38", "elapsed": 69.249957, "delta": 0.653631}}
{"target": -40.98119804169912, "params": {"C": 3102.759419359639, "gamma": 0.020199177255208683}, "datetime": {"datetime": "2021-09-29 20:46:39", "elapsed": 70.193196, "delta": 0.943239}}
{"target": -40.96414640299846, "params": {"C": 2792.7042150395255, "gamma": 0.021588162631992987}, "datetime": {"datetime": "2021-09-29 20:46:39", "elapsed": 70.945197, "delta": 0.752001}}
{"target": -40.807837778918824, "params": {"C": 3723.3734947263606, "gamma": 0.02916644820921368}, "datetime": {"datetime": "2021-09-29 20:46:40", "elapsed": 71.728196, "delta": 0.782999}}
{"target": -40.835296084438745, "params": {"C": 2722.051866798302, "gamma": 0.0384223284564664}, "datetime": {"datetime": "2021-09-29 20:46:41", "elapsed": 72.417214, "delta": 0.689018}}
{"target": -41.068262463516234, "params": {"C": 3746.0916950668397, "gamma": 0.016967804067686113}, "datetime": {"datetime": "2021-09-29 20:46:42", "elapsed": 73.263215, "delta": 0.846001}}
{"target": -41.264737220916054, "params": {"C": 3133.689061954273, "gamma": 0.014510461464817069}, "datetime": {"datetime": "2021-09-29 20:46:42", "elapsed": 74.066166, "delta": 0.802951}}
{"target": -40.84798631118768, "params": {"C": 2744.6126853552405, "gamma": 0.03944417225722533}, "datetime": {"datetime": "2021-09-29 20:46:43", "elapsed": 74.949158, "delta": 0.882992}}
{"target": -41.005127156490815, "params": {"C": 3123.676448548501, "gamma": 0.04604305487399967}, "datetime": {"datetime": "2021-09-29 20:46:44", "elapsed": 75.728162, "delta": 0.779004}}
{"target": -40.914845278966375, "params": {"C": 3233.6818386585205, "gamma": 0.04116490715829738}, "datetime": {"datetime": "2021-09-29 20:46:45", "elapsed": 76.497537, "delta": 0.769375}}
{"target": -40.84653241853313, "params": {"C": 3028.5480991480963, "gamma": 0.03805790586540356}, "datetime": {"datetime": "2021-09-29 20:46:46", "elapsed": 77.28854, "delta": 0.791003}}
{"target": -41.909901245282036, "params": {"C": 2849.9236659657427, "gamma": 0.007825131840110655}, "datetime": {"datetime": "2021-09-29 20:46:46", "elapsed": 78.040303, "delta": 0.751763}}
{"target": -41.0363436133273, "params": {"C": 2839.700531657625, "gamma": 0.04919940302414615}, "datetime": {"datetime": "2021-09-29 20:46:47", "elapsed": 78.877309, "delta": 0.837006}}
{"target": -41.137063530258786, "params": {"C": 2987.743827535867, "gamma": 0.016994582929442524}, "datetime": {"datetime": "2021-09-29 20:46:48", "elapsed": 79.592922, "delta": 0.715613}}
{"target": -40.82872570400751, "params": {"C": 3521.604748964493, "gamma": 0.0339998452404275}, "datetime": {"datetime": "2021-09-29 20:46:49", "elapsed": 80.391536, "delta": 0.798614}}
{"target": -40.80544433796225, "params": {"C": 2665.835932315499, "gamma": 0.03184978132089302}, "datetime": {"datetime": "2021-09-29 20:46:50", "elapsed": 81.173534, "delta": 0.781998}}
{"target": -41.50670441142378, "params": {"C": 3935.0531863999436, "gamma": 0.010212225925132153}, "datetime": {"datetime": "2021-09-29 20:46:50", "elapsed": 82.018311, "delta": 0.844777}}
{"target": -40.8178563169067, "params": {"C": 3606.1946865299997, "gamma": 0.026353174721433083}, "datetime": {"datetime": "2021-09-29 20:46:51", "elapsed": 82.782309, "delta": 0.763998}}
{"target": -41.01631904880637, "params": {"C": 3247.1983496448697, "gamma": 0.01897457991709318}, "datetime": {"datetime": "2021-09-29 20:46:52", "elapsed": 83.581316, "delta": 0.799007}}
{"target": -40.80754841378642, "params": {"C": 2599.288332083292, "gamma": 0.03439222496781723}, "datetime": {"datetime": "2021-09-29 20:46:53", "elapsed": 84.407294, "delta": 0.825978}}
{"target": -43.51148359870178, "params": {"C": 3350.4882032584283, "gamma": 0.0017204883428740818}, "datetime": {"datetime": "2021-09-29 20:46:54", "elapsed": 85.215295, "delta": 0.808001}}
{"target": -40.81723010778962, "params": {"C": 3318.94225586536, "gamma": 0.026829449936914707}, "datetime": {"datetime": "2021-09-29 20:46:55", "elapsed": 86.183468, "delta": 0.968173}}
{"target": -42.610622855702836, "params": {"C": 3259.1099753185235, "gamma": 0.0034914404347288304}, "datetime": {"datetime": "2021-09-29 20:46:55", "elapsed": 86.955496, "delta": 0.772028}}
{"target": -40.80576854250981, "params": {"C": 2677.760267480491, "gamma": 0.034207532938892296}, "datetime": {"datetime": "2021-09-29 20:46:56", "elapsed": 87.835506, "delta": 0.88001}}
{"target": -40.93648227427268, "params": {"C": 3956.218965887594, "gamma": 0.038193272668613866}, "datetime": {"datetime": "2021-09-29 20:46:57", "elapsed": 88.757257, "delta": 0.921751}}
{"target": -40.81989740380607, "params": {"C": 3883.9954677040573, "gamma": 0.03080558438896509}, "datetime": {"datetime": "2021-09-29 20:46:58", "elapsed": 89.63791, "delta": 0.880653}}
{"target": -41.23629444429932, "params": {"C": 2758.1388796656915, "gamma": 0.015815121142201672}, "datetime": {"datetime": "2021-09-29 20:46:59", "elapsed": 90.498542, "delta": 0.860632}}
{"target": -40.95383624143632, "params": {"C": 3404.5028890413837, "gamma": 0.04207726960884485}, "datetime": {"datetime": "2021-09-29 20:47:00", "elapsed": 91.618533, "delta": 1.119991}}
