{"target": -35.50205117972438, "params": {"C": 23901.423145558332, "gamma": 0.006229381031468206}, "datetime": {"datetime": "2021-09-29 08:30:19", "elapsed": 1634.000172, "delta": 10.673763}}
{"target": -36.046139197968465, "params": {"C": 19384.888397866827, "gamma": 0.005047289727746714}, "datetime": {"datetime": "2021-09-29 08:30:26", "elapsed": 1641.039519, "delta": 7.039347}}
{"target": -34.78414595282353, "params": {"C": 20536.236828878136, "gamma": 0.009919351663966956}, "datetime": {"datetime": "2021-09-29 08:30:36", "elapsed": 1651.060903, "delta": 10.021384}}
{"target": -35.43602137975514, "params": {"C": 22303.066468852692, "gamma": 0.05671951579890592}, "datetime": {"datetime": "2021-09-29 08:30:40", "elapsed": 1655.624926, "delta": 4.564023}}
{"target": -35.947168802000135, "params": {"C": 22409.617769252425, "gamma": 0.005}, "datetime": {"datetime": "2021-09-29 08:30:45", "elapsed": 1660.381077, "delta": 4.756151}}
{"target": -34.63896281499529, "params": {"C": 21461.798092663026, "gamma": 0.0107123117805515}, "datetime": {"datetime": "2021-09-29 08:30:51", "elapsed": 1665.934943, "delta": 5.553866}}
{"target": -34.62114233822278, "params": {"C": 19736.175755908065, "gamma": 0.034977840906651354}, "datetime": {"datetime": "2021-09-29 08:30:54", "elapsed": 1669.527226, "delta": 3.592283}}
{"target": -34.72817872289611, "params": {"C": 23901.365994760454, "gamma": 0.03684386848917975}, "datetime": {"datetime": "2021-09-29 08:31:01", "elapsed": 1676.588045, "delta": 7.060819}}
{"target": -36.24679101193582, "params": {"C": 20548.48722572167, "gamma": 0.08354518662121047}, "datetime": {"datetime": "2021-09-29 08:31:05", "elapsed": 1680.159794, "delta": 3.571749}}
{"target": -35.912093759683046, "params": {"C": 21076.314724870852, "gamma": 0.07176927037246679}, "datetime": {"datetime": "2021-09-29 08:31:10", "elapsed": 1684.90441, "delta": 4.744616}}
{"target": -34.90127988644737, "params": {"C": 23371.596246415294, "gamma": 0.04218439904117816}, "datetime": {"datetime": "2021-09-29 08:31:13", "elapsed": 1688.306522, "delta": 3.402112}}
{"target": -34.4681233250533, "params": {"C": 19766.829161682675, "gamma": 0.0282265012890847}, "datetime": {"datetime": "2021-09-29 08:31:18", "elapsed": 1693.518845, "delta": 5.212323}}
{"target": -35.01079966599413, "params": {"C": 23162.642396495696, "gamma": 0.008299124890562934}, "datetime": {"datetime": "2021-09-29 08:31:21", "elapsed": 1696.7774, "delta": 3.258555}}
{"target": -34.3714168027046, "params": {"C": 23937.736722710244, "gamma": 0.02223765601709593}, "datetime": {"datetime": "2021-09-29 08:31:25", "elapsed": 1700.101237, "delta": 3.323837}}
{"target": -35.72218273632174, "params": {"C": 20362.47700501602, "gamma": 0.005980437979737446}, "datetime": {"datetime": "2021-09-29 08:31:28", "elapsed": 1703.567478, "delta": 3.466241}}
{"target": -34.53354954299234, "params": {"C": 22949.610733564597, "gamma": 0.0297107303692184}, "datetime": {"datetime": "2021-09-29 08:31:32", "elapsed": 1706.988606, "delta": 3.421128}}
{"target": -35.94706520736655, "params": {"C": 22412.483012547542, "gamma": 0.005}, "datetime": {"datetime": "2021-09-29 08:31:39", "elapsed": 1714.216254, "delta": 7.227648}}
{"target": -34.58787509396257, "params": {"C": 23901.47743280456, "gamma": 0.010537472238828755}, "datetime": {"datetime": "2021-09-29 08:31:44", "elapsed": 1719.296888, "delta": 5.080634}}
{"target": -34.39769038012253, "params": {"C": 23331.061211600063, "gamma": 0.02363509581869616}, "datetime": {"datetime": "2021-09-29 08:31:52", "elapsed": 1727.454559, "delta": 8.157671}}
{"target": -35.40999881892346, "params": {"C": 22232.177963868096, "gamma": 0.006788279038268684}, "datetime": {"datetime": "2021-09-29 08:31:58", "elapsed": 1733.660158, "delta": 6.205599}}
{"target": -35.045180066113, "params": {"C": 19496.874233575578, "gamma": 0.008876189731820828}, "datetime": {"datetime": "2021-09-29 08:32:06", "elapsed": 1741.511728, "delta": 7.85157}}
{"target": -36.47549034095915, "params": {"C": 20167.385188428038, "gamma": 0.09275391155364626}, "datetime": {"datetime": "2021-09-29 08:32:10", "elapsed": 1745.109801, "delta": 3.598073}}
{"target": -35.60478489477587, "params": {"C": 23177.63841485614, "gamma": 0.060412067044217636}, "datetime": {"datetime": "2021-09-29 08:32:14", "elapsed": 1748.998733, "delta": 3.888932}}
{"target": -34.675173823686904, "params": {"C": 23331.00769849189, "gamma": 0.03553240600204416}, "datetime": {"datetime": "2021-09-29 08:32:21", "elapsed": 1756.258832, "delta": 7.260099}}
{"target": -36.54602693305433, "params": {"C": 20975.791439619425, "gamma": 0.09369495425397296}, "datetime": {"datetime": "2021-09-29 08:32:25", "elapsed": 1759.999443, "delta": 3.740611}}
{"target": -35.11809494929167, "params": {"C": 21831.65301861301, "gamma": 0.04880380175528518}, "datetime": {"datetime": "2021-09-29 08:32:31", "elapsed": 1766.20101, "delta": 6.201567}}
{"target": -36.089726978314154, "params": {"C": 19497.932631415973, "gamma": 0.0800120649369578}, "datetime": {"datetime": "2021-09-29 08:32:34", "elapsed": 1769.621451, "delta": 3.420441}}
{"target": -35.51651327519064, "params": {"C": 23657.194533992064, "gamma": 0.05761463361063157}, "datetime": {"datetime": "2021-09-29 08:32:41", "elapsed": 1775.821622, "delta": 6.200171}}
{"target": -35.702792094619795, "params": {"C": 21064.710329754555, "gamma": 0.005942142117627383}, "datetime": {"datetime": "2021-09-29 08:32:44", "elapsed": 1779.494344, "delta": 3.672722}}
{"target": -35.282301570315084, "params": {"C": 19384.84451734784, "gamma": 0.055349111218004975}, "datetime": {"datetime": "2021-09-29 08:32:54", "elapsed": 1789.591949, "delta": 10.097605}}
{"target": -34.31163055426009, "params": {"C": 23748.782917753448, "gamma": 0.019243615633904667}, "datetime": {"datetime": "2021-09-29 08:32:58", "elapsed": 1793.293275, "delta": 3.701326}}
{"target": -35.41548886486223, "params": {"C": 23492.629590457564, "gamma": 0.006589027349199073}, "datetime": {"datetime": "2021-09-29 08:33:04", "elapsed": 1799.101902, "delta": 5.808627}}
{"target": -34.78520501128311, "params": {"C": 19751.21661546656, "gamma": 0.041195954309478006}, "datetime": {"datetime": "2021-09-29 08:33:09", "elapsed": 1804.560929, "delta": 5.459027}}
{"target": -34.30502304569306, "params": {"C": 20254.41859966727, "gamma": 0.019799264213311678}, "datetime": {"datetime": "2021-09-29 08:33:13", "elapsed": 1808.323463, "delta": 3.762534}}
{"target": -34.78300654412053, "params": {"C": 19147.76540378161, "gamma": 0.0102871839350477}, "datetime": {"datetime": "2021-09-29 08:33:18", "elapsed": 1813.365008, "delta": 5.041545}}
{"target": -34.278525111127536, "params": {"C": 22412.536899423678, "gamma": 0.01735216713410611}, "datetime": {"datetime": "2021-09-29 08:33:23", "elapsed": 1818.508612, "delta": 5.143604}}
{"target": -34.765273348815576, "params": {"C": 22721.54064371559, "gamma": 0.03862582274457346}, "datetime": {"datetime": "2021-09-29 08:33:31", "elapsed": 1826.180912, "delta": 7.6723}}
{"target": -34.5282457358512, "params": {"C": 20254.460372618432, "gamma": 0.03070696641007654}, "datetime": {"datetime": "2021-09-29 08:33:37", "elapsed": 1831.917156, "delta": 5.736244}}
{"target": -35.65400301375821, "params": {"C": 20795.04788662455, "gamma": 0.06432266330641077}, "datetime": {"datetime": "2021-09-29 08:33:40", "elapsed": 1835.693719, "delta": 3.776563}}
{"target": -34.56446571415724, "params": {"C": 21831.601482806444, "gamma": 0.03147710533741846}, "datetime": {"datetime": "2021-09-29 08:33:48", "elapsed": 1843.631581, "delta": 7.937862}}
{"target": -35.332429223895936, "params": {"C": 20254.40558210876, "gamma": 0.05586994287509528}, "datetime": {"datetime": "2021-09-29 08:33:54", "elapsed": 1849.071832, "delta": 5.440251}}
{"target": -34.27800598686278, "params": {"C": 23492.68886312153, "gamma": 0.01718571941441613}, "datetime": {"datetime": "2021-09-29 08:34:00", "elapsed": 1855.690804, "delta": 6.618972}}
{"target": -34.31207396055239, "params": {"C": 20640.006055155594, "gamma": 0.015792844179029892}, "datetime": {"datetime": "2021-09-29 08:34:06", "elapsed": 1860.804882, "delta": 5.114078}}
{"target": -35.09818806977217, "params": {"C": 20536.264080873418, "gamma": 0.04930786033795328}, "datetime": {"datetime": "2021-09-29 08:34:12", "elapsed": 1867.012288, "delta": 6.207406}}
{"target": -35.61004155158379, "params": {"C": 22031.14276379228, "gamma": 0.061711954052016606}, "datetime": {"datetime": "2021-09-29 08:34:15", "elapsed": 1870.50114, "delta": 3.488852}}
{"target": -34.71357478299624, "params": {"C": 22412.426915358763, "gamma": 0.009866284744508144}, "datetime": {"datetime": "2021-09-29 08:34:20", "elapsed": 1875.528626, "delta": 5.027486}}
{"target": -35.04070952796462, "params": {"C": 20212.297360605226, "gamma": 0.0480368469577688}, "datetime": {"datetime": "2021-09-29 08:34:24", "elapsed": 1878.855763, "delta": 3.327137}}
{"target": -34.550424439879784, "params": {"C": 23657.136259286443, "gamma": 0.010916120951105347}, "datetime": {"datetime": "2021-09-29 08:34:35", "elapsed": 1890.015687, "delta": 11.159924}}
{"target": -35.157923647891984, "params": {"C": 22358.196692996804, "gamma": 0.0078057176987261345}, "datetime": {"datetime": "2021-09-29 08:34:39", "elapsed": 1894.651223, "delta": 4.635536}}
{"target": -35.02346272058341, "params": {"C": 23492.657705833804, "gamma": 0.04521888898052431}, "datetime": {"datetime": "2021-09-29 08:34:47", "elapsed": 1902.392701, "delta": 7.741478}}
{"target": -34.553164099989516, "params": {"C": 23052.709651907622, "gamma": 0.011043995391610672}, "datetime": {"datetime": "2021-09-29 08:34:57", "elapsed": 1912.745165, "delta": 10.352464}}
{"target": -34.83465519275838, "params": {"C": 19312.490697362005, "gamma": 0.04310683130124753}, "datetime": {"datetime": "2021-09-29 08:35:04", "elapsed": 1919.352305, "delta": 6.60714}}
{"target": -34.410207422007275, "params": {"C": 23538.32595344234, "gamma": 0.01263536166036127}, "datetime": {"datetime": "2021-09-29 08:35:09", "elapsed": 1924.537632, "delta": 5.185327}}
{"target": -35.54524738984136, "params": {"C": 19688.363819990824, "gamma": 0.062459193398893095}, "datetime": {"datetime": "2021-09-29 08:35:13", "elapsed": 1928.013755, "delta": 3.476123}}
{"target": -35.82180329767077, "params": {"C": 20153.369870109673, "gamma": 0.07017510521317505}, "datetime": {"datetime": "2021-09-29 08:35:20", "elapsed": 1934.81774, "delta": 6.803985}}
{"target": -34.7020895293421, "params": {"C": 23901.44948538412, "gamma": 0.03606787645214313}, "datetime": {"datetime": "2021-09-29 08:35:25", "elapsed": 1940.765653, "delta": 5.947913}}
{"target": -34.92550142499718, "params": {"C": 19380.386105275593, "gamma": 0.04558126917152601}, "datetime": {"datetime": "2021-09-29 08:35:29", "elapsed": 1944.31016, "delta": 3.544507}}
{"target": -35.743689350951584, "params": {"C": 20143.512169842706, "gamma": 0.005941811088282145}, "datetime": {"datetime": "2021-09-29 08:35:35", "elapsed": 1950.499692, "delta": 6.189532}}
{"target": -35.16570666586979, "params": {"C": 19766.889855442183, "gamma": 0.05178473486948025}, "datetime": {"datetime": "2021-09-29 08:35:41", "elapsed": 1955.886913, "delta": 5.387221}}
{"target": -35.14847796603655, "params": {"C": 24135.36775472442, "gamma": 0.04790114080180176}, "datetime": {"datetime": "2021-09-29 08:35:44", "elapsed": 1959.611341, "delta": 3.724428}}
{"target": -35.145478085048445, "params": {"C": 22372.50717270007, "gamma": 0.04909744697817081}, "datetime": {"datetime": "2021-09-29 08:35:51", "elapsed": 1966.627717, "delta": 7.016376}}
{"target": -36.6740140725552, "params": {"C": 21101.24831329052, "gamma": 0.09857360004697172}, "datetime": {"datetime": "2021-09-29 08:35:55", "elapsed": 1970.528066, "delta": 3.900349}}
{"target": -34.567735626229165, "params": {"C": 24240.76825639455, "gamma": 0.010627508939142855}, "datetime": {"datetime": "2021-09-29 08:36:02", "elapsed": 1977.641506, "delta": 7.11344}}
{"target": -34.82140446158557, "params": {"C": 24799.180753027224, "gamma": 0.03913175395167806}, "datetime": {"datetime": "2021-09-29 08:36:07", "elapsed": 1981.910827, "delta": 4.269321}}
{"target": -34.38582070693896, "params": {"C": 22171.01567623281, "gamma": 0.013521515719187659}, "datetime": {"datetime": "2021-09-29 08:36:12", "elapsed": 1987.309177, "delta": 5.39835}}
{"target": -35.38012373702173, "params": {"C": 22675.693919958365, "gamma": 0.006842519021799448}, "datetime": {"datetime": "2021-09-29 08:36:28", "elapsed": 2002.883159, "delta": 15.573982}}
{"target": -34.40259208566555, "params": {"C": 22232.124121895213, "gamma": 0.013205651211477511}, "datetime": {"datetime": "2021-09-29 08:36:43", "elapsed": 2018.766426, "delta": 15.883267}}
{"target": -35.230078227890154, "params": {"C": 23538.21643658539, "gamma": 0.007315912335922268}, "datetime": {"datetime": "2021-09-29 08:36:50", "elapsed": 2025.183332, "delta": 6.416906}}
{"target": -34.671944551421184, "params": {"C": 22949.58863564631, "gamma": 0.035570651164079384}, "datetime": {"datetime": "2021-09-29 08:36:59", "elapsed": 2034.554501, "delta": 9.371169}}
{"target": -34.28612466010203, "params": {"C": 19751.26251975613, "gamma": 0.018576468567137575}, "datetime": {"datetime": "2021-09-29 08:37:10", "elapsed": 2045.066556, "delta": 10.512055}}
{"target": -34.572007926388174, "params": {"C": 23748.740612981022, "gamma": 0.010707723676706901}, "datetime": {"datetime": "2021-09-29 08:37:16", "elapsed": 2051.694901, "delta": 6.628345}}
{"target": -35.56210072106635, "params": {"C": 20942.452377743248, "gamma": 0.006427978624606784}, "datetime": {"datetime": "2021-09-29 08:37:23", "elapsed": 2058.055672, "delta": 6.360771}}
{"target": -34.78705338586679, "params": {"C": 23098.187738142402, "gamma": 0.039067153011263435}, "datetime": {"datetime": "2021-09-29 08:37:31", "elapsed": 2066.762069, "delta": 8.706397}}
{"target": -35.093030922350586, "params": {"C": 20480.943134825025, "gamma": 0.008442204061035638}, "datetime": {"datetime": "2021-09-29 08:37:42", "elapsed": 2076.991394, "delta": 10.229325}}
{"target": -35.76231433614185, "params": {"C": 20153.391192537456, "gamma": 0.005878770863298039}, "datetime": {"datetime": "2021-09-29 08:37:49", "elapsed": 2083.961148, "delta": 6.969754}}
{"target": -34.85572984666791, "params": {"C": 20526.801704864185, "gamma": 0.009560428604765494}, "datetime": {"datetime": "2021-09-29 08:37:53", "elapsed": 2088.576992, "delta": 4.615844}}
{"target": -35.338834604857134, "params": {"C": 22616.944403013847, "gamma": 0.053887983285510345}, "datetime": {"datetime": "2021-09-29 08:37:58", "elapsed": 2092.8374, "delta": 4.260408}}
{"target": -35.784183784257266, "params": {"C": 23331.602532892943, "gamma": 0.0652217442770961}, "datetime": {"datetime": "2021-09-29 08:38:05", "elapsed": 2100.645805, "delta": 7.808405}}
{"target": -34.73939735587825, "params": {"C": 21461.805328787807, "gamma": 0.03859459347245374}, "datetime": {"datetime": "2021-09-29 08:38:15", "elapsed": 2110.722938, "delta": 10.077133}}
{"target": -34.74894112212616, "params": {"C": 21691.56500050118, "gamma": 0.009826869790468259}, "datetime": {"datetime": "2021-09-29 08:38:26", "elapsed": 2120.991572, "delta": 10.268634}}
{"target": -34.32195124225309, "params": {"C": 24532.846876046704, "gamma": 0.013911200708385408}, "datetime": {"datetime": "2021-09-29 08:38:31", "elapsed": 2126.016593, "delta": 5.025021}}
{"target": -34.36709490198176, "params": {"C": 24141.887037663433, "gamma": 0.02198233939240736}, "datetime": {"datetime": "2021-09-29 08:38:36", "elapsed": 2131.344465, "delta": 5.327872}}
{"target": -36.215310943702974, "params": {"C": 27753.98951287288, "gamma": 0.07227404314871996}, "datetime": {"datetime": "2021-09-29 08:38:39", "elapsed": 0.0, "delta": 0.0}}
{"target": -35.444873492052665, "params": {"C": 26454.523694564723, "gamma": 0.05352862249377798}, "datetime": {"datetime": "2021-09-29 08:38:39", "elapsed": 0.221002, "delta": 0.221002}}
{"target": -36.892586005282205, "params": {"C": 29464.734771738273, "gamma": 0.09014784344867662}, "datetime": {"datetime": "2021-09-29 08:38:39", "elapsed": 0.404003, "delta": 0.183001}}
{"target": -34.43409010610679, "params": {"C": 25627.926552319183, "gamma": 0.024688073423127743}, "datetime": {"datetime": "2021-09-29 08:38:39", "elapsed": 0.588002, "delta": 0.183999}}
{"target": -35.13713142504848, "params": {"C": 25257.33601650415, "gamma": 0.04687693514681046}, "datetime": {"datetime": "2021-09-29 08:38:39", "elapsed": 0.786521, "delta": 0.198519}}
{"target": -35.196782298657254, "params": {"C": 25149.381054392834, "gamma": 0.04839915631749755}, "datetime": {"datetime": "2021-09-29 08:38:40", "elapsed": 0.962521, "delta": 0.176}}
{"target": -37.0053845517311, "params": {"C": 25948.825564381277, "gamma": 0.1}, "datetime": {"datetime": "2021-09-29 08:38:40", "elapsed": 1.325056, "delta": 0.362535}}
{"target": -36.95997769743538, "params": {"C": 25629.308612904075, "gamma": 0.09922206238942953}, "datetime": {"datetime": "2021-09-29 08:38:40", "elapsed": 1.566055, "delta": 0.240999}}
{"target": -34.30673685603325, "params": {"C": 27357.215352077397, "gamma": 0.018054935000570378}, "datetime": {"datetime": "2021-09-29 08:38:41", "elapsed": 1.829058, "delta": 0.263003}}
{"target": -34.46186086901731, "params": {"C": 25257.471646261136, "gamma": 0.026013229723416607}, "datetime": {"datetime": "2021-09-29 08:38:41", "elapsed": 2.081062, "delta": 0.252004}}
{"target": -36.8096260986557, "params": {"C": 26395.117752887538, "gamma": 0.0926374708829898}, "datetime": {"datetime": "2021-09-29 08:38:41", "elapsed": 2.33906, "delta": 0.257998}}
{"target": -34.41274656187424, "params": {"C": 27099.30829789904, "gamma": 0.011588171134218131}, "datetime": {"datetime": "2021-09-29 08:38:41", "elapsed": 2.596056, "delta": 0.256996}}
{"target": -36.346540565010514, "params": {"C": 25257.826927772596, "gamma": 0.07929518343677228}, "datetime": {"datetime": "2021-09-29 08:38:42", "elapsed": 2.871179, "delta": 0.275123}}
{"target": -37.05151456783691, "params": {"C": 29707.234872664994, "gamma": 0.09440071569411028}, "datetime": {"datetime": "2021-09-29 08:38:42", "elapsed": 3.146175, "delta": 0.274996}}
{"target": -34.356853295713755, "params": {"C": 27099.19371745418, "gamma": 0.012440779707045262}, "datetime": {"datetime": "2021-09-29 08:38:42", "elapsed": 3.395182, "delta": 0.249007}}
{"target": -35.94578972406388, "params": {"C": 25627.885339833254, "gamma": 0.06727210301135708}, "datetime": {"datetime": "2021-09-29 08:38:42", "elapsed": 3.659174, "delta": 0.263992}}
{"target": -36.652863691940546, "params": {"C": 25324.228500311197, "gamma": 0.08886787450006177}, "datetime": {"datetime": "2021-09-29 08:38:43", "elapsed": 3.908807, "delta": 0.249633}}
{"target": -34.335049288733636, "params": {"C": 29341.85909822002, "gamma": 0.012249092966033204}, "datetime": {"datetime": "2021-09-29 08:38:43", "elapsed": 4.195807, "delta": 0.287}}
{"target": -36.18898875205845, "params": {"C": 28231.371563086796, "gamma": 0.0710335452211565}, "datetime": {"datetime": "2021-09-29 08:38:43", "elapsed": 4.446812, "delta": 0.251005}}
{"target": -35.878205105876845, "params": {"C": 28691.99756544565, "gamma": 0.06255436447743457}, "datetime": {"datetime": "2021-09-29 08:38:43", "elapsed": 4.734027, "delta": 0.287215}}
{"target": -36.887234162799196, "params": {"C": 29013.795742131217, "gamma": 0.09070846274416948}, "datetime": {"datetime": "2021-09-29 08:38:44", "elapsed": 4.994017, "delta": 0.25999}}
{"target": -35.969656487607885, "params": {"C": 27056.850951136486, "gamma": 0.06639983036263718}, "datetime": {"datetime": "2021-09-29 08:38:44", "elapsed": 5.26402, "delta": 0.270003}}
{"target": -35.97779662612313, "params": {"C": 29510.247284682635, "gamma": 0.06426389561344853}, "datetime": {"datetime": "2021-09-29 08:38:44", "elapsed": 5.547018, "delta": 0.282998}}
{"target": -36.551561315267215, "params": {"C": 26627.35982498731, "gamma": 0.08336901060019704}, "datetime": {"datetime": "2021-09-29 08:38:45", "elapsed": 5.827021, "delta": 0.280003}}
{"target": -34.314321996937814, "params": {"C": 25544.105075611493, "gamma": 0.018892958322463637}, "datetime": {"datetime": "2021-09-29 08:38:45", "elapsed": 6.109019, "delta": 0.281998}}
{"target": -34.37347437121653, "params": {"C": 27475.30703632835, "gamma": 0.01207782956745344}, "datetime": {"datetime": "2021-09-29 08:38:45", "elapsed": 6.395018, "delta": 0.285999}}
{"target": -34.88981110778303, "params": {"C": 26250.34916611809, "gamma": 0.04021762537123698}, "datetime": {"datetime": "2021-09-29 08:38:45", "elapsed": 6.678031, "delta": 0.283013}}
{"target": -34.550031672270826, "params": {"C": 28072.11905258635, "gamma": 0.009969374385213541}, "datetime": {"datetime": "2021-09-29 08:38:46", "elapsed": 6.982388, "delta": 0.304357}}
{"target": -34.473262091022534, "params": {"C": 26668.982209063273, "gamma": 0.025984904594804282}, "datetime": {"datetime": "2021-09-29 08:38:46", "elapsed": 7.300389, "delta": 0.318001}}
{"target": -34.363247481681896, "params": {"C": 29474.294774135516, "gamma": 0.02037961981994993}, "datetime": {"datetime": "2021-09-29 08:38:46", "elapsed": 7.600392, "delta": 0.300003}}
{"target": -36.92143628745813, "params": {"C": 25079.462077069402, "gamma": 0.09907378372839767}, "datetime": {"datetime": "2021-09-29 08:38:47", "elapsed": 7.930401, "delta": 0.330009}}
{"target": -34.67228526035597, "params": {"C": 25175.520766242116, "gamma": 0.03455763504706912}, "datetime": {"datetime": "2021-09-29 08:38:47", "elapsed": 8.248392, "delta": 0.317991}}
{"target": -35.538668891718046, "params": {"C": 26169.684885795694, "gamma": 0.005840691333871485}, "datetime": {"datetime": "2021-09-29 08:38:47", "elapsed": 8.566388, "delta": 0.317996}}
{"target": -36.73461481878261, "params": {"C": 29509.23982771127, "gamma": 0.08489051221212907}, "datetime": {"datetime": "2021-09-29 08:38:48", "elapsed": 8.883686, "delta": 0.317298}}
