{"target": -41.78888507736166, "params": {"C": 17822.07809875247, "gamma": 0.02678156751092466}, "datetime": {"datetime": "2021-09-29 20:08:13", "elapsed": 291.031427, "delta": 1.514623}}
{"target": -41.62184574234713, "params": {"C": 11789.192629043553, "gamma": 0.0068358496528512685}, "datetime": {"datetime": "2021-09-29 20:08:15", "elapsed": 292.622047, "delta": 1.59062}}
{"target": -43.50524996363255, "params": {"C": 16043.061397148362, "gamma": 0.04852575789396638}, "datetime": {"datetime": "2021-09-29 20:08:17", "elapsed": 294.573774, "delta": 1.951727}}
{"target": -43.63035088323258, "params": {"C": 18032.751525254418, "gamma": 0.04670906295068171}, "datetime": {"datetime": "2021-09-29 20:08:18", "elapsed": 296.202281, "delta": 1.628507}}
{"target": -42.86346786412226, "params": {"C": 19777.0983004022, "gamma": 0.03660822121416903}, "datetime": {"datetime": "2021-09-29 20:08:20", "elapsed": 297.706531, "delta": 1.50425}}
{"target": -40.99420869530655, "params": {"C": 10081.038412473516, "gamma": 0.018864987288240355}, "datetime": {"datetime": "2021-09-29 20:08:21", "elapsed": 299.144536, "delta": 1.438005}}
{"target": -43.07766050266964, "params": {"C": 14684.484613375804, "gamma": 0.04597364476513129}, "datetime": {"datetime": "2021-09-29 20:08:23", "elapsed": 300.683259, "delta": 1.538723}}
{"target": -41.806992221957884, "params": {"C": 10494.344931962358, "gamma": 0.037099188565768944}, "datetime": {"datetime": "2021-09-29 20:08:25", "elapsed": 302.557496, "delta": 1.874237}}
{"target": -42.29212174180815, "params": {"C": 11892.872279580864, "gamma": 0.04130442658710722}, "datetime": {"datetime": "2021-09-29 20:08:26", "elapsed": 304.25486, "delta": 1.697364}}
{"target": -41.088405082706316, "params": {"C": 14596.090074611184, "gamma": 0.01694907634267259}, "datetime": {"datetime": "2021-09-29 20:08:28", "elapsed": 306.399666, "delta": 2.144806}}
{"target": -42.05499469900322, "params": {"C": 13796.793352794684, "gamma": 0.0028953267327753137}, "datetime": {"datetime": "2021-09-29 20:08:30", "elapsed": 308.278946, "delta": 1.87928}}
{"target": -41.126289622002, "params": {"C": 16830.373388933574, "gamma": 0.013406950162856698}, "datetime": {"datetime": "2021-09-29 20:08:32", "elapsed": 309.732486, "delta": 1.45354}}
{"target": -41.69320176323077, "params": {"C": 16042.604543618876, "gamma": 0.005958345602408596}, "datetime": {"datetime": "2021-09-29 20:08:33", "elapsed": 311.139668, "delta": 1.407182}}
{"target": -41.75391541574186, "params": {"C": 12322.672421543659, "gamma": 0.032903726569194915}, "datetime": {"datetime": "2021-09-29 20:08:35", "elapsed": 312.878306, "delta": 1.738638}}
{"target": -41.548567865880415, "params": {"C": 12727.173099450963, "gamma": 0.0291941750280205}, "datetime": {"datetime": "2021-09-29 20:08:36", "elapsed": 314.139095, "delta": 1.260789}}
{"target": -41.1078748302419, "params": {"C": 11745.513598174459, "gamma": 0.013528295391250129}, "datetime": {"datetime": "2021-09-29 20:08:38", "elapsed": 315.611332, "delta": 1.472237}}
{"target": -42.11805966521517, "params": {"C": 11280.65939689, "gamma": 0.002610492630140903}, "datetime": {"datetime": "2021-09-29 20:08:39", "elapsed": 317.490016, "delta": 1.878684}}
{"target": -41.65447045387372, "params": {"C": 15516.704465915882, "gamma": 0.027305423886549444}, "datetime": {"datetime": "2021-09-29 20:08:41", "elapsed": 318.851019, "delta": 1.361003}}
{"target": -41.145691971289544, "params": {"C": 15826.70147557717, "gamma": 0.018071009445329165}, "datetime": {"datetime": "2021-09-29 20:08:42", "elapsed": 320.356748, "delta": 1.505729}}
{"target": -41.888888469633834, "params": {"C": 12284.309939336119, "gamma": 0.034922166955801505}, "datetime": {"datetime": "2021-09-29 20:08:44", "elapsed": 321.892052, "delta": 1.535304}}
{"target": -41.31510059330841, "params": {"C": 14109.195316406505, "gamma": 0.009869495077640577}, "datetime": {"datetime": "2021-09-29 20:08:45", "elapsed": 323.273049, "delta": 1.380997}}
{"target": -42.50536094410073, "params": {"C": 12473.543436072185, "gamma": 0.043012945496683296}, "datetime": {"datetime": "2021-09-29 20:08:47", "elapsed": 324.761329, "delta": 1.48828}}
{"target": -41.487288579639284, "params": {"C": 17653.92524795059, "gamma": 0.023000109858955394}, "datetime": {"datetime": "2021-09-29 20:08:48", "elapsed": 326.205076, "delta": 1.443747}}
{"target": -43.051760640053246, "params": {"C": 15432.602226372152, "gamma": 0.044371370867190445}, "datetime": {"datetime": "2021-09-29 20:08:50", "elapsed": 327.763177, "delta": 1.558101}}
{"target": -41.09009105889981, "params": {"C": 13217.966792418487, "gamma": 0.014111703751430445}, "datetime": {"datetime": "2021-09-29 20:08:51", "elapsed": 329.376179, "delta": 1.613002}}
{"target": -41.795581905410586, "params": {"C": 15245.732910964143, "gamma": 0.005094796430606315}, "datetime": {"datetime": "2021-09-29 20:08:53", "elapsed": 330.842801, "delta": 1.466622}}
{"target": -42.05908465432155, "params": {"C": 19600.99439327585, "gamma": 0.028351136152237288}, "datetime": {"datetime": "2021-09-29 20:08:55", "elapsed": 332.975779, "delta": 2.132978}}
{"target": -42.821352915711316, "params": {"C": 16007.63627228167, "gamma": 0.040822315995120415}, "datetime": {"datetime": "2021-09-29 20:08:57", "elapsed": 335.159009, "delta": 2.18323}}
{"target": -41.81441915477285, "params": {"C": 15559.455838309945, "gamma": 0.0293757379674524}, "datetime": {"datetime": "2021-09-29 20:09:01", "elapsed": 338.959796, "delta": 3.800787}}
{"target": -42.695407643966725, "params": {"C": 18614.15760773531, "gamma": 0.03611633101116311}, "datetime": {"datetime": "2021-09-29 20:09:03", "elapsed": 340.904625, "delta": 1.944829}}
{"target": -42.17507947951927, "params": {"C": 17917.537644138083, "gamma": 0.03119132151723229}, "datetime": {"datetime": "2021-09-29 20:09:05", "elapsed": 343.002364, "delta": 2.097739}}
{"target": -41.445723192379255, "params": {"C": 19162.702035083894, "gamma": 0.02126708335286234}, "datetime": {"datetime": "2021-09-29 20:09:08", "elapsed": 345.778129, "delta": 2.775765}}
{"target": -41.031385689974044, "params": {"C": 11794.861997698306, "gamma": 0.017182679756802967}, "datetime": {"datetime": "2021-09-29 20:09:10", "elapsed": 347.886466, "delta": 2.108337}}
{"target": -41.88608757792097, "params": {"C": 14380.956248913031, "gamma": 0.004323670793862316}, "datetime": {"datetime": "2021-09-29 20:09:12", "elapsed": 349.80962, "delta": 1.923154}}
{"target": -42.08195756009708, "params": {"C": 11147.632436199809, "gamma": 0.0398735036775926}, "datetime": {"datetime": "2021-09-29 20:09:14", "elapsed": 352.287058, "delta": 2.477438}}
{"target": -41.73308245320202, "params": {"C": 12737.10854335521, "gamma": 0.03195054842966693}, "datetime": {"datetime": "2021-09-29 20:09:16", "elapsed": 354.138166, "delta": 1.851108}}
{"target": -41.070908016389204, "params": {"C": 11581.289535419193, "gamma": 0.014553820095789961}, "datetime": {"datetime": "2021-09-29 20:09:18", "elapsed": 356.081069, "delta": 1.942903}}
{"target": -42.450414083509855, "params": {"C": 18471.22653601034, "gamma": 0.0336534002303862}, "datetime": {"datetime": "2021-09-29 20:09:20", "elapsed": 357.614265, "delta": 1.533196}}
{"target": -41.68755858221595, "params": {"C": 12733.286099629258, "gamma": 0.006157723676352588}, "datetime": {"datetime": "2021-09-29 20:09:21", "elapsed": 359.163264, "delta": 1.548999}}
{"target": -43.105585401860374, "params": {"C": 14941.126014976904, "gamma": 0.04584463713993553}, "datetime": {"datetime": "2021-09-29 20:09:23", "elapsed": 360.710984, "delta": 1.54772}}
{"target": -41.09232145404659, "params": {"C": 15276.03073959858, "gamma": 0.015863521067950737}, "datetime": {"datetime": "2021-09-29 20:09:25", "elapsed": 362.635293, "delta": 1.924309}}
{"target": -41.23481401238623, "params": {"C": 10246.051382526868, "gamma": 0.027435007214322977}, "datetime": {"datetime": "2021-09-29 20:09:26", "elapsed": 364.381384, "delta": 1.746091}}
{"target": -42.10616646902303, "params": {"C": 11868.693203290884, "gamma": 0.03875673844253998}, "datetime": {"datetime": "2021-09-29 20:09:28", "elapsed": 365.896225, "delta": 1.514841}}
{"target": -41.01074708377237, "params": {"C": 10706.557696935912, "gamma": 0.018967661935788933}, "datetime": {"datetime": "2021-09-29 20:09:30", "elapsed": 367.679908, "delta": 1.783683}}
{"target": -41.04015108219025, "params": {"C": 10410.52282032005, "gamma": 0.021670201521209992}, "datetime": {"datetime": "2021-09-29 20:09:31", "elapsed": 369.261908, "delta": 1.582}}
{"target": -42.06645758253374, "params": {"C": 19270.660624019052, "gamma": 0.028714181668051612}, "datetime": {"datetime": "2021-09-29 20:09:33", "elapsed": 370.958723, "delta": 1.696815}}
{"target": -42.55229685281876, "params": {"C": 18421.746825867423, "gamma": 0.0348021029952991}, "datetime": {"datetime": "2021-09-29 20:09:35", "elapsed": 372.549908, "delta": 1.591185}}
{"target": -42.94214762082583, "params": {"C": 18674.533437257465, "gamma": 0.03864267245255751}, "datetime": {"datetime": "2021-09-29 20:09:37", "elapsed": 374.901118, "delta": 2.35121}}
{"target": -42.67410456811256, "params": {"C": 10756.405806978795, "gamma": 0.049380016148729965}, "datetime": {"datetime": "2021-09-29 20:09:39", "elapsed": 376.620287, "delta": 1.719169}}
{"target": -41.07744146733554, "params": {"C": 14197.050208837773, "gamma": 0.015264500520971034}, "datetime": {"datetime": "2021-09-29 20:09:40", "elapsed": 378.257445, "delta": 1.637158}}
{"target": -42.17011138000592, "params": {"C": 19465.656010599712, "gamma": 0.0018537865982469642}, "datetime": {"datetime": "2021-09-29 20:09:42", "elapsed": 380.338922, "delta": 2.081477}}
{"target": -41.93164117011035, "params": {"C": 13175.241439067737, "gamma": 0.03407668069574071}, "datetime": {"datetime": "2021-09-29 20:09:44", "elapsed": 381.948502, "delta": 1.60958}}
{"target": -43.41252444301609, "params": {"C": 17483.638767599034, "gamma": 0.04519542239099201}, "datetime": {"datetime": "2021-09-29 20:09:46", "elapsed": 384.515224, "delta": 2.566722}}
{"target": -43.01276119645141, "params": {"C": 15251.3241551307, "gamma": 0.04421939945382193}, "datetime": {"datetime": "2021-09-29 20:09:48", "elapsed": 385.995057, "delta": 1.479833}}
{"target": -41.680255537962076, "params": {"C": 13519.880224568144, "gamma": 0.030065878169069554}, "datetime": {"datetime": "2021-09-29 20:09:50", "elapsed": 388.087965, "delta": 2.092908}}
{"target": -41.721511208487996, "params": {"C": 19553.97493435917, "gamma": 0.02454875870479648}, "datetime": {"datetime": "2021-09-29 20:09:52", "elapsed": 389.571972, "delta": 1.484007}}
{"target": -41.506438675432925, "params": {"C": 11968.537927916634, "gamma": 0.02964294540978335}, "datetime": {"datetime": "2021-09-29 20:09:54", "elapsed": 392.062024, "delta": 2.490052}}
{"target": -41.42979455384025, "params": {"C": 11401.417627020972, "gamma": 0.029243980561862004}, "datetime": {"datetime": "2021-09-29 20:09:56", "elapsed": 394.004826, "delta": 1.942802}}
{"target": -43.16988526687982, "params": {"C": 17825.595532285304, "gamma": 0.042114936835702124}, "datetime": {"datetime": "2021-09-29 20:09:58", "elapsed": 395.974794, "delta": 1.969968}}
{"target": -43.03303512079273, "params": {"C": 16216.589388518893, "gamma": 0.04291262962653137}, "datetime": {"datetime": "2021-09-29 20:10:00", "elapsed": 397.560794, "delta": 1.586}}
{"target": -42.60909044578698, "params": {"C": 15741.462879498391, "gamma": 0.03876109836728579}, "datetime": {"datetime": "2021-09-29 20:10:01", "elapsed": 399.162636, "delta": 1.601842}}
{"target": -41.9739239151341, "params": {"C": 18659.664515863813, "gamma": 0.003538993934709078}, "datetime": {"datetime": "2021-09-29 20:10:03", "elapsed": 400.854917, "delta": 1.692281}}
{"target": -41.159927424370686, "params": {"C": 18967.05243606151, "gamma": 0.012382138074180041}, "datetime": {"datetime": "2021-09-29 20:10:05", "elapsed": 403.487829, "delta": 2.632912}}
{"target": -41.24848709245435, "params": {"C": 13044.982592745333, "gamma": 0.023564666962432094}, "datetime": {"datetime": "2021-09-29 20:10:07", "elapsed": 405.267185, "delta": 1.779356}}
{"target": -41.70928432108197, "params": {"C": 19749.838982288547, "gamma": 0.02425705699871944}, "datetime": {"datetime": "2021-09-29 20:10:09", "elapsed": 406.886078, "delta": 1.618893}}
{"target": -42.79116618135318, "params": {"C": 13274.22807549796, "gamma": 0.04512197482508212}, "datetime": {"datetime": "2021-09-29 20:10:11", "elapsed": 408.620007, "delta": 1.733929}}
{"target": -43.41550691430013, "params": {"C": 17339.67637176423, "gamma": 0.04544123615752203}, "datetime": {"datetime": "2021-09-29 20:10:12", "elapsed": 410.274232, "delta": 1.654225}}
{"target": -41.89410657557011, "params": {"C": 11948.744336653446, "gamma": 0.035581818665722666}, "datetime": {"datetime": "2021-09-29 20:10:14", "elapsed": 412.395388, "delta": 2.121156}}
{"target": -41.0430261896675, "params": {"C": 11240.967281015099, "gamma": 0.02018449045999509}, "datetime": {"datetime": "2021-09-29 20:10:16", "elapsed": 413.962866, "delta": 1.567478}}
{"target": -41.7380394951077, "params": {"C": 10145.015705578646, "gamma": 0.03674977161276876}, "datetime": {"datetime": "2021-09-29 20:10:18", "elapsed": 415.723153, "delta": 1.760287}}
{"target": -41.980432619795835, "params": {"C": 10393.776248629158, "gamma": 0.003697277767587908}, "datetime": {"datetime": "2021-09-29 20:10:20", "elapsed": 417.70192, "delta": 1.978767}}
{"target": -41.924784221165446, "params": {"C": 15807.971939632844, "gamma": 0.03049415572213143}, "datetime": {"datetime": "2021-09-29 20:10:21", "elapsed": 419.47401, "delta": 1.77209}}
{"target": -41.16095718264409, "params": {"C": 10385.101508676087, "gamma": 0.012569350270932683}, "datetime": {"datetime": "2021-09-29 20:10:23", "elapsed": 421.367028, "delta": 1.893018}}
{"target": -42.245470656512666, "params": {"C": 11369.29380182734, "gamma": 0.04175541431784487}, "datetime": {"datetime": "2021-09-29 20:10:25", "elapsed": 423.018377, "delta": 1.651349}}
{"target": -42.49312963648201, "params": {"C": 11998.816632407885, "gamma": 0.04383952991683524}, "datetime": {"datetime": "2021-09-29 20:10:27", "elapsed": 424.704689, "delta": 1.686312}}
{"target": -41.32153087167052, "params": {"C": 16584.997855916656, "gamma": 0.021306774923930034}, "datetime": {"datetime": "2021-09-29 20:10:28", "elapsed": 426.414642, "delta": 1.709953}}
{"target": -41.163463012178234, "params": {"C": 18972.463511263835, "gamma": 0.01581462098789475}, "datetime": {"datetime": "2021-09-29 20:10:30", "elapsed": 428.183981, "delta": 1.769339}}
{"target": -41.15345623243782, "params": {"C": 19142.64554229586, "gamma": 0.015193426562668214}, "datetime": {"datetime": "2021-09-29 20:10:32", "elapsed": 429.903794, "delta": 1.719813}}
{"target": -41.029231936671536, "params": {"C": 11574.059320230757, "gamma": 0.01831483645998146}, "datetime": {"datetime": "2021-09-29 20:10:33", "elapsed": 431.49317, "delta": 1.589376}}
{"target": -41.13906520291536, "params": {"C": 10410.502882763525, "gamma": 0.02488027255606197}, "datetime": {"datetime": "2021-09-29 20:10:36", "elapsed": 433.559472, "delta": 2.066302}}
{"target": -41.030794785336404, "params": {"C": 11240.901977864138, "gamma": 0.01941800391486577}, "datetime": {"datetime": "2021-09-29 20:10:38", "elapsed": 435.979201, "delta": 2.419729}}
{"target": -41.04631190506188, "params": {"C": 10706.619302096036, "gamma": 0.015286901103075418}, "datetime": {"datetime": "2021-09-29 20:10:40", "elapsed": 437.864552, "delta": 1.885351}}
{"target": -41.03483858936836, "params": {"C": 11267.890761210629, "gamma": 0.019643084837951692}, "datetime": {"datetime": "2021-09-29 20:10:41", "elapsed": 439.454359, "delta": 1.589807}}
{"target": -41.00687697305454, "params": {"C": 10233.921700094674, "gamma": 0.02013168638446074}, "datetime": {"datetime": "2021-09-29 20:10:44", "elapsed": 441.743307, "delta": 2.288948}}
{"target": -42.18934209319769, "params": {"C": 10826.437289539732, "gamma": 0.042160453455813256}, "datetime": {"datetime": "2021-09-29 20:10:46", "elapsed": 444.194246, "delta": 2.450939}}
{"target": -41.37241897143701, "params": {"C": 10080.938919417342, "gamma": 0.030525528836307405}, "datetime": {"datetime": "2021-09-29 20:10:48", "elapsed": 446.217484, "delta": 2.023238}}
{"target": -41.10081916493712, "params": {"C": 10506.330993992076, "gamma": 0.013748560325644504}, "datetime": {"datetime": "2021-09-29 20:10:50", "elapsed": 448.462565, "delta": 2.245081}}
{"target": -41.5843774612458, "params": {"C": 10505.124687925945, "gamma": 0.03347108865798044}, "datetime": {"datetime": "2021-09-29 20:10:53", "elapsed": 451.263998, "delta": 2.801433}}
{"target": -41.75630532627345, "params": {"C": 14146.67241663034, "gamma": 0.030306512570567157}, "datetime": {"datetime": "2021-09-29 20:10:55", "elapsed": 453.008325, "delta": 1.744327}}
{"target": -41.099465736231934, "params": {"C": 11574.132598153208, "gamma": 0.0218637481949656}, "datetime": {"datetime": "2021-09-29 20:10:58", "elapsed": 455.906738, "delta": 2.898413}}
{"target": -41.2234744563597, "params": {"C": 10511.55188553946, "gamma": 0.026721193661023282}, "datetime": {"datetime": "2021-09-29 20:11:00", "elapsed": 458.389343, "delta": 2.482605}}
{"target": -41.58862672805949, "params": {"C": 15931.346912285731, "gamma": 0.025972192951200773}, "datetime": {"datetime": "2021-09-29 20:11:02", "elapsed": 460.111923, "delta": 1.72258}}
{"target": -41.843759877103565, "params": {"C": 10483.124877412682, "gamma": 0.03770052086120011}, "datetime": {"datetime": "2021-09-29 20:11:05", "elapsed": 462.829529, "delta": 2.717606}}
{"target": -41.02124680182454, "params": {"C": 11275.073532446546, "gamma": 0.018176203386795153}, "datetime": {"datetime": "2021-09-29 20:11:07", "elapsed": 465.428745, "delta": 2.599216}}
{"target": -41.998599461614546, "params": {"C": 10848.110838600103, "gamma": 0.0035128028325514425}, "datetime": {"datetime": "2021-09-29 20:11:10", "elapsed": 467.919026, "delta": 2.490281}}
{"target": -41.74923940822067, "params": {"C": 13487.591377751169, "gamma": 0.005560563085964319}, "datetime": {"datetime": "2021-09-29 20:11:13", "elapsed": 471.111293, "delta": 3.192267}}
{"target": -41.31046936568518, "params": {"C": 10514.539484602345, "gamma": 0.02852646813222262}, "datetime": {"datetime": "2021-09-29 20:11:16", "elapsed": 473.622407, "delta": 2.511114}}
{"target": -41.34297779254111, "params": {"C": 14953.167421634804, "gamma": 0.023200873644792598}, "datetime": {"datetime": "2021-09-29 20:11:18", "elapsed": 475.571644, "delta": 1.949237}}
{"target": -42.20744717375025, "params": {"C": 10641.556601113918, "gamma": 0.04286258630126328}, "datetime": {"datetime": "2021-09-29 20:11:20", "elapsed": 477.721494, "delta": 2.14985}}
{"target": -42.74465337234335, "params": {"C": 16144.45325776347, "gamma": 0.03974948952532796}, "datetime": {"datetime": "2021-09-29 20:11:22", "elapsed": 479.727901, "delta": 2.006407}}
{"target": -41.007475846407125, "params": {"C": 10625.759496574736, "gamma": 0.018740835252098666}, "datetime": {"datetime": "2021-09-29 20:11:23", "elapsed": 481.473225, "delta": 1.745324}}
{"target": -42.245782563721576, "params": {"C": 10128.122212368638, "gamma": 0.04472435635297527}, "datetime": {"datetime": "2021-09-29 20:11:25", "elapsed": 483.314563, "delta": 1.841338}}
{"target": -42.59591235930288, "params": {"C": 12366.795295804965, "gamma": 0.04443921429027916}, "datetime": {"datetime": "2021-09-29 20:11:27", "elapsed": 485.186853, "delta": 1.87229}}
{"target": -41.302658349768414, "params": {"C": 11465.215138689842, "gamma": 0.026811683826633726}, "datetime": {"datetime": "2021-09-29 20:11:30", "elapsed": 488.078942, "delta": 2.892089}}
{"target": -42.353027575510225, "params": {"C": 10512.186528505092, "gamma": 0.0016761206125314068}, "datetime": {"datetime": "2021-09-29 20:11:32", "elapsed": 490.431832, "delta": 2.35289}}
{"target": -41.56565237331143, "params": {"C": 15656.483383545396, "gamma": 0.007115472195810075}, "datetime": {"datetime": "2021-09-29 20:11:35", "elapsed": 493.044087, "delta": 2.612255}}
{"target": -41.02805055042489, "params": {"C": 11240.964846405439, "gamma": 0.016446825737314274}, "datetime": {"datetime": "2021-09-29 20:11:37", "elapsed": 494.715295, "delta": 1.671208}}
{"target": -42.13625759362864, "params": {"C": 14516.989427805454, "gamma": 0.034784347810621376}, "datetime": {"datetime": "2021-09-29 20:11:39", "elapsed": 496.539513, "delta": 1.824218}}
{"target": -42.32992359381359, "params": {"C": 11094.575318453977, "gamma": 0.04358087086282115}, "datetime": {"datetime": "2021-09-29 20:11:42", "elapsed": 499.534965, "delta": 2.995452}}
{"target": -42.02822453249475, "params": {"C": 10512.455192602794, "gamma": 0.04047677926481713}, "datetime": {"datetime": "2021-09-29 20:11:44", "elapsed": 501.586684, "delta": 2.051719}}
{"target": -42.48678402227303, "params": {"C": 11094.355553841473, "gamma": 0.0013}, "datetime": {"datetime": "2021-09-29 20:11:46", "elapsed": 504.117113, "delta": 2.530429}}
{"target": -41.15496170002652, "params": {"C": 10641.335885442937, "gamma": 0.024895815451209228}, "datetime": {"datetime": "2021-09-29 20:11:49", "elapsed": 507.132066, "delta": 3.014953}}
{"target": -41.13434055895018, "params": {"C": 15554.955001601036, "gamma": 0.012898487070450888}, "datetime": {"datetime": "2021-09-29 20:11:52", "elapsed": 509.997228, "delta": 2.865162}}
{"target": -41.668781592547525, "params": {"C": 14061.506922657461, "gamma": 0.02919477704939901}, "datetime": {"datetime": "2021-09-29 20:11:55", "elapsed": 512.551126, "delta": 2.553898}}
{"target": -41.15050973520117, "params": {"C": 10839.11191907236, "gamma": 0.024456372685060013}, "datetime": {"datetime": "2021-09-29 20:11:56", "elapsed": 514.412281, "delta": 1.861155}}
{"target": -42.485269753558626, "params": {"C": 10601.165737866932, "gamma": 0.04705170792155202}, "datetime": {"datetime": "2021-09-29 20:12:00", "elapsed": 518.466757, "delta": 4.054476}}
