{"target": 0.24667868592521458, "params": {"C": 1541143.674318755, "gamma": 0.5705112606103018}, "datetime": {"datetime": "2021-10-04 11:19:13", "elapsed": 161.545842, "delta": 1.020111}}
{"target": -0.4854599065258527, "params": {"C": 9209235.701324262, "gamma": 0.14938467387984666}, "datetime": {"datetime": "2021-10-04 11:19:14", "elapsed": 162.469668, "delta": 0.923826}}
{"target": 0.23961542277326253, "params": {"C": 3662144.7294553607, "gamma": 0.5321689348134563}, "datetime": {"datetime": "2021-10-04 11:19:15", "elapsed": 163.573171, "delta": 1.103503}}
{"target": 0.20412339005023683, "params": {"C": 1585446.9268527078, "gamma": 0.9172600512399862}, "datetime": {"datetime": "2021-10-04 11:19:16", "elapsed": 164.701871, "delta": 1.1287}}
{"target": 0.2042108951251883, "params": {"C": 9630088.669091826, "gamma": 0.917866726226736}, "datetime": {"datetime": "2021-10-04 11:19:18", "elapsed": 166.115512, "delta": 1.413641}}
{"target": -0.09451953320215334, "params": {"C": 5957173.992400836, "gamma": 0.2319838065165387}, "datetime": {"datetime": "2021-10-04 11:19:19", "elapsed": 167.501869, "delta": 1.386357}}
{"target": 0.2108395739388429, "params": {"C": 3745204.2136766813, "gamma": 0.8824196430314523}, "datetime": {"datetime": "2021-10-04 11:19:20", "elapsed": 169.080864, "delta": 1.578995}}
{"target": -0.008451931012518843, "params": {"C": 3618299.7891397253, "gamma": 0.256892497641372}, "datetime": {"datetime": "2021-10-04 11:19:22", "elapsed": 170.42135, "delta": 1.340486}}
{"target": 0.24199457367039712, "params": {"C": 5725105.112034937, "gamma": 0.5540189067859129}, "datetime": {"datetime": "2021-10-04 11:19:24", "elapsed": 172.466238, "delta": 2.044888}}
{"target": 0.12511279556923705, "params": {"C": 8891378.82900803, "gamma": 0.34665789465581603}, "datetime": {"datetime": "2021-10-04 11:19:26", "elapsed": 174.125192, "delta": 1.658954}}
{"target": 0.22233537511624246, "params": {"C": 5955913.38370621, "gamma": 0.8189207734603356}, "datetime": {"datetime": "2021-10-04 11:19:27", "elapsed": 175.348264, "delta": 1.223072}}
{"target": -0.0007251054088042164, "params": {"C": 1970119.7533767736, "gamma": 0.24336757903719358}, "datetime": {"datetime": "2021-10-04 11:19:28", "elapsed": 176.393631, "delta": 1.045367}}
{"target": 0.23322329980090795, "params": {"C": 5632927.79785254, "gamma": 0.5074078136375986}, "datetime": {"datetime": "2021-10-04 11:19:30", "elapsed": 178.383414, "delta": 1.989783}}
{"target": 0.24512600849727473, "params": {"C": 6759460.771252096, "gamma": 0.6250422279397931}, "datetime": {"datetime": "2021-10-04 11:19:31", "elapsed": 179.478617, "delta": 1.095203}}
{"target": -0.31891589753988203, "params": {"C": 3035624.9091242338, "gamma": 0.07255534398170821}, "datetime": {"datetime": "2021-10-04 11:19:32", "elapsed": 180.762895, "delta": 1.284278}}
{"target": 0.14837909423227358, "params": {"C": 9558190.831721498, "gamma": 0.36747350970322024}, "datetime": {"datetime": "2021-10-04 11:19:33", "elapsed": 181.855422, "delta": 1.092527}}
{"target": 0.19307217210954208, "params": {"C": 5632932.379473662, "gamma": 0.9770604337105336}, "datetime": {"datetime": "2021-10-04 11:19:34", "elapsed": 182.9795, "delta": 1.124078}}
{"target": 0.23472862979541886, "params": {"C": 1465864.5781554282, "gamma": 0.4909360971397255}, "datetime": {"datetime": "2021-10-04 11:19:36", "elapsed": 184.311407, "delta": 1.331907}}
{"target": 0.1955765364613551, "params": {"C": 5115717.436025094, "gamma": 0.9636929812173075}, "datetime": {"datetime": "2021-10-04 11:19:37", "elapsed": 185.523334, "delta": 1.211927}}
{"target": 0.23597215278836814, "params": {"C": 8617815.710638497, "gamma": 0.7318983410243883}, "datetime": {"datetime": "2021-10-04 11:19:38", "elapsed": 186.800391, "delta": 1.277057}}
{"target": -0.09284825409929187, "params": {"C": 3618132.2398031633, "gamma": 0.22196315346771062}, "datetime": {"datetime": "2021-10-04 11:19:39", "elapsed": 187.931445, "delta": 1.131054}}
{"target": 0.23783165132560113, "params": {"C": 8964003.476051185, "gamma": 0.717428281116002}, "datetime": {"datetime": "2021-10-04 11:19:41", "elapsed": 189.163658, "delta": 1.232213}}
{"target": 0.2371775053316758, "params": {"C": 5367877.876915981, "gamma": 0.7237108062729094}, "datetime": {"datetime": "2021-10-04 11:19:42", "elapsed": 190.546425, "delta": 1.382767}}
{"target": 0.23579298139906513, "params": {"C": 4931807.651166059, "gamma": 0.7342740186581953}, "datetime": {"datetime": "2021-10-04 11:19:43", "elapsed": 191.889481, "delta": 1.343056}}
{"target": -0.058238715243013495, "params": {"C": 2868024.870893509, "gamma": 0.22893186700626425}, "datetime": {"datetime": "2021-10-04 11:19:45", "elapsed": 193.24107, "delta": 1.351589}}
{"target": 0.22146973796535419, "params": {"C": 3618161.2799279885, "gamma": 0.8241062094605258}, "datetime": {"datetime": "2021-10-04 11:19:46", "elapsed": 194.35394, "delta": 1.11287}}
{"target": 0.04864512236325036, "params": {"C": 9182997.355447307, "gamma": 0.29676761458702594}, "datetime": {"datetime": "2021-10-04 11:19:47", "elapsed": 195.913225, "delta": 1.559285}}
{"target": 0.24364897620938386, "params": {"C": 4227358.186659282, "gamma": 0.6627532786899812}, "datetime": {"datetime": "2021-10-04 11:19:48", "elapsed": 197.009809, "delta": 1.096584}}
{"target": 0.24145716316885535, "params": {"C": 1584832.9915905707, "gamma": 0.6946493433034696}, "datetime": {"datetime": "2021-10-04 11:19:49", "elapsed": 198.071439, "delta": 1.06163}}
{"target": 0.24288800133531996, "params": {"C": 5367849.958568907, "gamma": 0.5610178781766028}, "datetime": {"datetime": "2021-10-04 11:19:51", "elapsed": 199.295245, "delta": 1.223806}}
{"target": 0.21500110750882195, "params": {"C": 6816545.244923544, "gamma": 0.457632897652561}, "datetime": {"datetime": "2021-10-04 11:19:52", "elapsed": 200.687707, "delta": 1.392462}}
{"target": -0.474726817360009, "params": {"C": 9558164.473167608, "gamma": 0.15235341778960187}, "datetime": {"datetime": "2021-10-04 11:19:54", "elapsed": 202.204794, "delta": 1.517087}}
{"target": 0.2088815737506341, "params": {"C": 8891387.93815591, "gamma": 0.8929146244963988}, "datetime": {"datetime": "2021-10-04 11:19:55", "elapsed": 203.543682, "delta": 1.338888}}
{"target": 0.09588537354473514, "params": {"C": 1583076.62123887, "gamma": 0.2971577617050946}, "datetime": {"datetime": "2021-10-04 11:19:56", "elapsed": 204.960915, "delta": 1.417233}}
{"target": -0.007885627551619034, "params": {"C": 9036518.23364067, "gamma": 0.26962435571348875}, "datetime": {"datetime": "2021-10-04 11:19:58", "elapsed": 206.202284, "delta": 1.241369}}
{"target": 0.24621589012974232, "params": {"C": 2872921.195890835, "gamma": 0.6091448078890238}, "datetime": {"datetime": "2021-10-04 11:19:59", "elapsed": 207.387639, "delta": 1.185355}}
{"target": -0.05966474666423727, "params": {"C": 9630080.615419617, "gamma": 0.24995356275910582}, "datetime": {"datetime": "2021-10-04 11:20:00", "elapsed": 208.984249, "delta": 1.59661}}
{"target": -0.03582065806513901, "params": {"C": 4130224.3718672465, "gamma": 0.24751901507999924}, "datetime": {"datetime": "2021-10-04 11:20:02", "elapsed": 210.276273, "delta": 1.292024}}
{"target": 0.1901531295392328, "params": {"C": 9037243.507039959, "gamma": 0.9927615565922872}, "datetime": {"datetime": "2021-10-04 11:20:03", "elapsed": 211.315091, "delta": 1.038818}}
{"target": 0.23636225842942515, "params": {"C": 1584400.3923480366, "gamma": 0.4995169399610662}, "datetime": {"datetime": "2021-10-04 11:20:04", "elapsed": 212.692217, "delta": 1.377126}}
{"target": 0.23165952556187308, "params": {"C": 5725132.037177797, "gamma": 0.7624072428389145}, "datetime": {"datetime": "2021-10-04 11:20:05", "elapsed": 214.055431, "delta": 1.363214}}
{"target": 0.2360349822808474, "params": {"C": 2872424.4242181005, "gamma": 0.7339970212999324}, "datetime": {"datetime": "2021-10-04 11:20:07", "elapsed": 215.246504, "delta": 1.191073}}
{"target": 0.1581661926897141, "params": {"C": 4029748.8285168977, "gamma": 0.3707021544142753}, "datetime": {"datetime": "2021-10-04 11:20:08", "elapsed": 216.618548, "delta": 1.372044}}
{"target": 0.24489421167494363, "params": {"C": 6088444.447125699, "gamma": 0.5910502159566595}, "datetime": {"datetime": "2021-10-04 11:20:09", "elapsed": 217.894392, "delta": 1.275844}}
{"target": 0.17925364758801365, "params": {"C": 3589843.5149293467, "gamma": 0.39385306508931234}, "datetime": {"datetime": "2021-10-04 11:20:10", "elapsed": 219.000504, "delta": 1.106112}}
{"target": 0.2414150176747476, "params": {"C": 8891395.73256934, "gamma": 0.6848478656869194}, "datetime": {"datetime": "2021-10-04 11:20:12", "elapsed": 220.229, "delta": 1.228496}}
{"target": -0.11575226758792834, "params": {"C": 5367863.05232704, "gamma": 0.03571579118948159}, "datetime": {"datetime": "2021-10-04 11:20:13", "elapsed": 221.535543, "delta": 1.306543}}
{"target": 0.22717087275450676, "params": {"C": 1463195.922391743, "gamma": 0.46623297977670536}, "datetime": {"datetime": "2021-10-04 11:20:14", "elapsed": 222.90588, "delta": 1.370337}}
{"target": -0.26830345560245683, "params": {"C": 2392290.5144044994, "gamma": 0.07855584823007926}, "datetime": {"datetime": "2021-10-04 11:20:16", "elapsed": 224.383137, "delta": 1.477257}}
{"target": 0.23709617251853177, "params": {"C": 287699.4756436439, "gamma": 0.7107744922145419}, "datetime": {"datetime": "2021-10-04 11:20:41", "elapsed": 0.0, "delta": 0.0}}
{"target": 0.2529824509445673, "params": {"C": 222726.18472823608, "gamma": 0.515230156750884}, "datetime": {"datetime": "2021-10-04 11:20:41", "elapsed": 0.160784, "delta": 0.160784}}
{"target": 0.20420946880404012, "params": {"C": 373236.7385869137, "gamma": 0.8972264511330371}, "datetime": {"datetime": "2021-10-04 11:20:41", "elapsed": 0.330123, "delta": 0.169339}}
{"target": 0.16200944069821988, "params": {"C": 181396.32761595908, "gamma": 0.21437769223494307}, "datetime": {"datetime": "2021-10-04 11:20:41", "elapsed": 0.514891, "delta": 0.184768}}
{"target": 0.2481231761006396, "params": {"C": 162866.80082520747, "gamma": 0.44584255505778075}, "datetime": {"datetime": "2021-10-04 11:20:42", "elapsed": 0.707138, "delta": 0.192247}}
{"target": 0.2285585622245916, "params": {"C": 222718.111457369, "gamma": 0.7434126647419665}, "datetime": {"datetime": "2021-10-04 11:20:42", "elapsed": 0.961145, "delta": 0.254007}}
{"target": 0.23630751231538838, "params": {"C": 162881.65893664217, "gamma": 0.6690771586035158}, "datetime": {"datetime": "2021-10-04 11:20:42", "elapsed": 1.225142, "delta": 0.263997}}
{"target": 0.24868589749230907, "params": {"C": 162865.83967270024, "gamma": 0.4507390750688264}, "datetime": {"datetime": "2021-10-04 11:20:42", "elapsed": 1.469365, "delta": 0.244223}}
{"target": 0.18951166650401252, "params": {"C": 162831.84479976716, "gamma": 0.9074770062099832}, "datetime": {"datetime": "2021-10-04 11:20:42", "elapsed": 1.701023, "delta": 0.231658}}
{"target": 0.18298501149948632, "params": {"C": 222749.3736506484, "gamma": 0.9750947095024453}, "datetime": {"datetime": "2021-10-04 11:20:43", "elapsed": 1.93095, "delta": 0.229927}}
{"target": 0.2527958990139981, "params": {"C": 287669.2949596415, "gamma": 0.5696038113057582}, "datetime": {"datetime": "2021-10-04 11:20:43", "elapsed": 2.170056, "delta": 0.239106}}
{"target": 0.18299926046618398, "params": {"C": 287659.04745826876, "gamma": 0.03418553021757163}, "datetime": {"datetime": "2021-10-04 11:20:43", "elapsed": 2.417423, "delta": 0.247367}}
{"target": 0.15118315297426566, "params": {"C": 162893.93924250006, "gamma": 0.1711233494842895}, "datetime": {"datetime": "2021-10-04 11:20:43", "elapsed": 2.691217, "delta": 0.273794}}
{"target": 0.25101266472484574, "params": {"C": 162856.0747109692, "gamma": 0.5430755480876944}, "datetime": {"datetime": "2021-10-04 11:20:44", "elapsed": 2.949484, "delta": 0.258267}}
{"target": 0.09578637117458255, "params": {"C": 287682.0142003023, "gamma": 0.14483189813286024}, "datetime": {"datetime": "2021-10-04 11:20:44", "elapsed": 3.215486, "delta": 0.266002}}
{"target": 0.2500300178720931, "params": {"C": 287720.7238983039, "gamma": 0.6130229867697379}, "datetime": {"datetime": "2021-10-04 11:20:44", "elapsed": 3.543391, "delta": 0.327905}}
{"target": 0.15463811719498843, "params": {"C": 287711.66924366506, "gamma": 0.058142819870894806}, "datetime": {"datetime": "2021-10-04 11:20:45", "elapsed": 3.80788, "delta": 0.264489}}
{"target": 0.22189367014841743, "params": {"C": 287728.27840664296, "gamma": 0.3750575447913584}, "datetime": {"datetime": "2021-10-04 11:20:45", "elapsed": 4.097667, "delta": 0.289787}}
{"target": 0.17619660567246198, "params": {"C": 287763.2816944219, "gamma": 0.2858103458139912}, "datetime": {"datetime": "2021-10-04 11:20:45", "elapsed": 4.527831, "delta": 0.430164}}
{"target": 0.2243932263461148, "params": {"C": 162849.7833366367, "gamma": 0.7347743412925397}, "datetime": {"datetime": "2021-10-04 11:20:46", "elapsed": 4.829451, "delta": 0.30162}}
{"target": 0.24358865021230158, "params": {"C": 162875.7778869666, "gamma": 0.6210207344671744}, "datetime": {"datetime": "2021-10-04 11:20:46", "elapsed": 5.106827, "delta": 0.277376}}
{"target": 0.22169324753918818, "params": {"C": 222704.90924848284, "gamma": 0.7795153028833168}, "datetime": {"datetime": "2021-10-04 11:20:46", "elapsed": 5.37312, "delta": 0.266293}}
{"target": 0.23803897059050427, "params": {"C": 222680.18108984083, "gamma": 0.4073120901364435}, "datetime": {"datetime": "2021-10-04 11:20:46", "elapsed": 5.628969, "delta": 0.255849}}
{"target": 0.12789772720786818, "params": {"C": 222673.43986878992, "gamma": 0.10481311946524416}, "datetime": {"datetime": "2021-10-04 11:20:47", "elapsed": 5.967979, "delta": 0.33901}}
{"target": 0.16364238704367373, "params": {"C": 287694.39104152226, "gamma": 0.26588365542504644}, "datetime": {"datetime": "2021-10-04 11:20:47", "elapsed": 6.29697, "delta": 0.328991}}
{"target": 0.22980515934794632, "params": {"C": 212517.45830590447, "gamma": 0.37637543939890367}, "datetime": {"datetime": "2021-10-04 11:20:47", "elapsed": 6.606238, "delta": 0.309268}}
{"target": 0.19183968847673005, "params": {"C": 162871.541665522, "gamma": 0.8959620748796864}, "datetime": {"datetime": "2021-10-04 11:20:48", "elapsed": 6.894238, "delta": 0.288}}
{"target": 0.24192632028788796, "params": {"C": 287703.56802990683, "gamma": 0.4395281439121627}, "datetime": {"datetime": "2021-10-04 11:20:48", "elapsed": 7.199799, "delta": 0.305561}}
{"target": 0.19892419084208668, "params": {"C": 222698.5306453547, "gamma": 0.8939292711991139}, "datetime": {"datetime": "2021-10-04 11:20:48", "elapsed": 7.550802, "delta": 0.351003}}
{"target": 0.2518397618843057, "params": {"C": 162858.2341152457, "gamma": 0.5106609536050949}, "datetime": {"datetime": "2021-10-04 11:20:49", "elapsed": 7.853104, "delta": 0.302302}}
{"target": 0.24629780620208297, "params": {"C": 212504.00331111104, "gamma": 0.6287798633787317}, "datetime": {"datetime": "2021-10-04 11:20:49", "elapsed": 8.12711, "delta": 0.274006}}
{"target": 0.235458242876867, "params": {"C": 212510.19626604617, "gamma": 0.7011223668922517}, "datetime": {"datetime": "2021-10-04 11:20:49", "elapsed": 8.520035, "delta": 0.392925}}
{"target": 0.2424637986545084, "params": {"C": 212491.64971372305, "gamma": 0.6571388136033646}, "datetime": {"datetime": "2021-10-04 11:20:50", "elapsed": 8.994967, "delta": 0.474932}}
{"target": 0.20934643476421289, "params": {"C": 212487.24892924936, "gamma": 0.32382758692638075}, "datetime": {"datetime": "2021-10-04 11:20:50", "elapsed": 9.420253, "delta": 0.425286}}
{"target": 0.2107353908848676, "params": {"C": 222735.15511330403, "gamma": 0.3304660297025247}, "datetime": {"datetime": "2021-10-04 11:20:51", "elapsed": 9.831921, "delta": 0.411668}}
{"target": 0.14893299124608406, "params": {"C": 212500.14223800282, "gamma": 0.20879076944132063}, "datetime": {"datetime": "2021-10-04 11:20:51", "elapsed": 10.146444, "delta": 0.314523}}
{"target": 0.24118762534430427, "params": {"C": 295294.76468611625, "gamma": 0.43801143954061467}, "datetime": {"datetime": "2021-10-04 11:20:51", "elapsed": 10.622318, "delta": 0.475874}}
{"target": 0.2481600507180166, "params": {"C": 162861.72252140963, "gamma": 0.4461504296788064}, "datetime": {"datetime": "2021-10-04 11:20:52", "elapsed": 11.130314, "delta": 0.507996}}
{"target": 0.20952966210960133, "params": {"C": 222683.45523423376, "gamma": 0.3277657627910856}, "datetime": {"datetime": "2021-10-04 11:20:52", "elapsed": 11.552594, "delta": 0.42228}}
{"target": 0.18857102491768896, "params": {"C": 222730.37731860747, "gamma": 0.946282939771042}, "datetime": {"datetime": "2021-10-04 11:20:53", "elapsed": 12.073347, "delta": 0.520753}}
{"target": 0.23307368638206805, "params": {"C": 212526.78874936717, "gamma": 0.714822969045285}, "datetime": {"datetime": "2021-10-04 11:20:53", "elapsed": 12.485711, "delta": 0.412364}}
{"target": 0.17363120236471086, "params": {"C": 295290.41451201146, "gamma": 0.2838643695299209}, "datetime": {"datetime": "2021-10-04 11:20:54", "elapsed": 12.960068, "delta": 0.474357}}
{"target": 0.17202527897421505, "params": {"C": 287723.79129371897, "gamma": 0.27907061687338414}, "datetime": {"datetime": "2021-10-04 11:20:54", "elapsed": 13.397613, "delta": 0.437545}}
{"target": 0.172950354040023, "params": {"C": 212507.93053142264, "gamma": 0.25253617918050364}, "datetime": {"datetime": "2021-10-04 11:20:55", "elapsed": 13.805471, "delta": 0.407858}}
{"target": 0.22574415882198184, "params": {"C": 162879.8274870296, "gamma": 0.727752976146285}, "datetime": {"datetime": "2021-10-04 11:20:55", "elapsed": 14.170469, "delta": 0.364998}}
{"target": 0.221371441730693, "params": {"C": 212513.02598560363, "gamma": 0.3526786027214682}, "datetime": {"datetime": "2021-10-04 11:20:55", "elapsed": 14.52668, "delta": 0.356211}}
{"target": 0.2090768930497623, "params": {"C": 162884.29978635215, "gamma": 0.8114744956689208}, "datetime": {"datetime": "2021-10-04 11:20:56", "elapsed": 14.866938, "delta": 0.340258}}
{"target": 0.20824975467420903, "params": {"C": 222724.00561391428, "gamma": 0.8473778009392923}, "datetime": {"datetime": "2021-10-04 11:20:56", "elapsed": 15.259871, "delta": 0.392933}}
{"target": 0.11127885467435272, "params": {"C": 287731.2984006667, "gamma": 0.18446683936946434}, "datetime": {"datetime": "2021-10-04 11:20:56", "elapsed": 15.699862, "delta": 0.439991}}
{"target": 0.251412719396382, "params": {"C": 162846.65662948435, "gamma": 0.48785325937561064}, "datetime": {"datetime": "2021-10-04 11:20:57", "elapsed": 16.13086, "delta": 0.430998}}
{"target": 0.15875419630204457, "params": {"C": 162877.82471211342, "gamma": 0.08357310991254999}, "datetime": {"datetime": "2021-10-04 11:20:57", "elapsed": 16.584154, "delta": 0.453294}}
{"target": 0.12456642687027886, "params": {"C": 212521.80548970532, "gamma": 0.13724875409871976}, "datetime": {"datetime": "2021-10-04 11:20:58", "elapsed": 16.960153, "delta": 0.375999}}
{"target": 0.24969981581678902, "params": {"C": 212474.95667732263, "gamma": 0.4671087853154016}, "datetime": {"datetime": "2021-10-04 11:20:58", "elapsed": 17.388463, "delta": 0.42831}}
{"target": 0.21647550772936375, "params": {"C": 162855.16211688414, "gamma": 0.7749412318192689}, "datetime": {"datetime": "2021-10-04 11:20:59", "elapsed": 17.816461, "delta": 0.427998}}
{"target": 0.2410191808272225, "params": {"C": 295300.64468856534, "gamma": 0.4372963535640639}, "datetime": {"datetime": "2021-10-04 11:20:59", "elapsed": 18.220765, "delta": 0.404304}}
{"target": 0.16736322194474662, "params": {"C": 162856.83659760733, "gamma": 0.06880358023334025}, "datetime": {"datetime": "2021-10-04 11:20:59", "elapsed": 18.649754, "delta": 0.428989}}
{"target": 0.09976171839265047, "params": {"C": 348991.5903171671, "gamma": 0.0874812589212991}, "datetime": {"datetime": "2021-10-04 11:21:00", "elapsed": 19.053344, "delta": 0.40359}}
{"target": 0.22646508908808283, "params": {"C": 387726.988789576, "gamma": 0.7827674121518466}, "datetime": {"datetime": "2021-10-04 11:21:00", "elapsed": 19.444103, "delta": 0.390759}}
{"target": 0.20881133263453655, "params": {"C": 236951.14142024942, "gamma": 0.8493862965104705}, "datetime": {"datetime": "2021-10-04 11:21:01", "elapsed": 19.891777, "delta": 0.447674}}
{"target": 0.2043361050105985, "params": {"C": 201889.26970343335, "gamma": 0.8582085879314285}, "datetime": {"datetime": "2021-10-04 11:21:01", "elapsed": 20.270794, "delta": 0.379017}}
{"target": 0.16147368481587798, "params": {"C": 181303.7951931897, "gamma": 0.21320731404962864}, "datetime": {"datetime": "2021-10-04 11:21:01", "elapsed": 20.672526, "delta": 0.401732}}
{"target": 0.22266986488413798, "params": {"C": 221939.02070232105, "gamma": 0.3590967832457513}, "datetime": {"datetime": "2021-10-04 11:21:02", "elapsed": 21.107524, "delta": 0.434998}}
{"target": 0.09859727812441144, "params": {"C": 280979.2673090219, "gamma": 0.14660195852388863}, "datetime": {"datetime": "2021-10-04 11:21:02", "elapsed": 21.535119, "delta": 0.427595}}
{"target": 0.2530360558979968, "params": {"C": 287196.95868000545, "gamma": 0.5613119492374044}, "datetime": {"datetime": "2021-10-04 11:21:03", "elapsed": 21.905632, "delta": 0.370513}}
{"target": 0.24739658222950411, "params": {"C": 206545.02045913128, "gamma": 0.4485367110846767}, "datetime": {"datetime": "2021-10-04 11:21:03", "elapsed": 22.310166, "delta": 0.404534}}
{"target": 0.2405925468906447, "params": {"C": 162881.685279, "gamma": 0.6420794144599791}, "datetime": {"datetime": "2021-10-04 11:21:04", "elapsed": 22.711818, "delta": 0.401652}}
{"target": 0.2529979431060031, "params": {"C": 295301.38094685774, "gamma": 0.5343730599418846}, "datetime": {"datetime": "2021-10-04 11:21:04", "elapsed": 23.150828, "delta": 0.43901}}
{"target": 0.1852138896045854, "params": {"C": 162866.41066880256, "gamma": 0.03632845532229531}, "datetime": {"datetime": "2021-10-04 11:21:05", "elapsed": 23.703702, "delta": 0.552874}}
