{"target": 0.1782949292471051, "params": {"C": 39172.78772701804, "gamma": 0.10914882749709905}, "datetime": {"datetime": "2021-10-04 10:40:49", "elapsed": 36.761722, "delta": 0.578935}}
{"target": 0.10283359723689478, "params": {"C": 18493.125858756663, "gamma": 0.02067306228085828}, "datetime": {"datetime": "2021-10-04 10:40:49", "elapsed": 37.27884, "delta": 0.517118}}
{"target": 0.1519405948674334, "params": {"C": 17730.07858177788, "gamma": 0.19689227516124022}, "datetime": {"datetime": "2021-10-04 10:40:50", "elapsed": 37.86497, "delta": 0.58613}}
{"target": 0.18086288559807606, "params": {"C": 47103.22189485619, "gamma": 0.07898610656565154}, "datetime": {"datetime": "2021-10-04 10:40:50", "elapsed": 38.504572, "delta": 0.639602}}
{"target": 0.1395534922689804, "params": {"C": 43287.32227231393, "gamma": 0.019561268360710808}, "datetime": {"datetime": "2021-10-04 10:40:51", "elapsed": 39.037093, "delta": 0.532521}}
{"target": 0.17928940232453483, "params": {"C": 49522.358194329674, "gamma": 0.11358699732958995}, "datetime": {"datetime": "2021-10-04 10:40:52", "elapsed": 39.638892, "delta": 0.601799}}
{"target": 0.1804842755636833, "params": {"C": 47918.6916877997, "gamma": 0.08376743271472598}, "datetime": {"datetime": "2021-10-04 10:40:52", "elapsed": 40.372166, "delta": 0.733274}}
{"target": 0.17845854591875498, "params": {"C": 37004.86820674372, "gamma": 0.09229664759960442}, "datetime": {"datetime": "2021-10-04 10:40:53", "elapsed": 40.958283, "delta": 0.586117}}
{"target": 0.155956898012362, "params": {"C": 26245.945629402824, "gamma": 0.035439517330821325}, "datetime": {"datetime": "2021-10-04 10:40:54", "elapsed": 41.606933, "delta": 0.64865}}
{"target": 0.13974232143156995, "params": {"C": 48295.84040570182, "gamma": 0.018443236078229855}, "datetime": {"datetime": "2021-10-04 10:40:54", "elapsed": 42.177177, "delta": 0.570244}}
{"target": 0.1809926884133518, "params": {"C": 48645.50137922986, "gamma": 0.07858834180223023}, "datetime": {"datetime": "2021-10-04 10:40:55", "elapsed": 42.879276, "delta": 0.702099}}
{"target": 0.17837177628953393, "params": {"C": 39648.83641694782, "gamma": 0.11481724168699908}, "datetime": {"datetime": "2021-10-04 10:40:55", "elapsed": 43.558823, "delta": 0.679547}}
{"target": 0.18182516684654348, "params": {"C": 46664.191201153946, "gamma": 0.05871465389354365}, "datetime": {"datetime": "2021-10-04 10:40:56", "elapsed": 44.175748, "delta": 0.616925}}
{"target": 0.1762380501081101, "params": {"C": 29365.21429311973, "gamma": 0.07915483552365687}, "datetime": {"datetime": "2021-10-04 10:40:57", "elapsed": 44.794267, "delta": 0.618519}}
{"target": 0.17763044732526456, "params": {"C": 35427.27168536675, "gamma": 0.10010880403602394}, "datetime": {"datetime": "2021-10-04 10:40:57", "elapsed": 45.438821, "delta": 0.644554}}
{"target": 0.13906682116986058, "params": {"C": 41037.09692504762, "gamma": 0.020020789954177647}, "datetime": {"datetime": "2021-10-04 10:40:58", "elapsed": 46.073527, "delta": 0.634706}}
{"target": 0.17868829224515248, "params": {"C": 41450.762844218036, "gamma": 0.11393519121566487}, "datetime": {"datetime": "2021-10-04 10:40:59", "elapsed": 46.737851, "delta": 0.664324}}
{"target": 0.17648817315679366, "params": {"C": 32693.721868003337, "gamma": 0.13734866468653084}, "datetime": {"datetime": "2021-10-04 10:40:59", "elapsed": 47.339638, "delta": 0.601787}}
{"target": 0.17446129899923257, "params": {"C": 30002.07219163196, "gamma": 0.05505591834398029}, "datetime": {"datetime": "2021-10-04 10:41:00", "elapsed": 47.963331, "delta": 0.623693}}
{"target": 0.1818134254846736, "params": {"C": 49067.842739902495, "gamma": 0.14756531913285464}, "datetime": {"datetime": "2021-10-04 10:41:00", "elapsed": 48.511713, "delta": 0.548382}}
{"target": 0.17303704624994354, "params": {"C": 25457.612893623602, "gamma": 0.09088638962150514}, "datetime": {"datetime": "2021-10-04 10:41:01", "elapsed": 49.113152, "delta": 0.601439}}
{"target": 0.06519423567389138, "params": {"C": 5648.478451359705, "gamma": 0.15251626810793706}, "datetime": {"datetime": "2021-10-04 10:41:02", "elapsed": 49.842962, "delta": 0.72981}}
{"target": 0.09560798253429903, "params": {"C": 6774.594449050071, "gamma": 0.13036936044559033}, "datetime": {"datetime": "2021-10-04 10:41:03", "elapsed": 50.598892, "delta": 0.75593}}
{"target": 0.15007313894236185, "params": {"C": 15228.012321986156, "gamma": 0.14184415452750068}, "datetime": {"datetime": "2021-10-04 10:41:03", "elapsed": 51.365053, "delta": 0.766161}}
{"target": 0.1498274319464188, "params": {"C": 16139.18337062741, "gamma": 0.16444315908234142}, "datetime": {"datetime": "2021-10-04 10:41:04", "elapsed": 52.011038, "delta": 0.645985}}
{"target": 0.17917846107692326, "params": {"C": 36383.369146412755, "gamma": 0.061792579328709}, "datetime": {"datetime": "2021-10-04 10:41:05", "elapsed": 52.697483, "delta": 0.686445}}
{"target": 0.13880621740348897, "params": {"C": 12840.387949130669, "gamma": 0.04772026873388617}, "datetime": {"datetime": "2021-10-04 10:41:05", "elapsed": 53.299318, "delta": 0.601835}}
{"target": 0.15267629811901073, "params": {"C": 13639.231626174962, "gamma": 0.09380205165481358}, "datetime": {"datetime": "2021-10-04 10:41:06", "elapsed": 54.053916, "delta": 0.754598}}
{"target": 0.17527884253426007, "params": {"C": 30398.75964075296, "gamma": 0.14418932917536312}, "datetime": {"datetime": "2021-10-04 10:41:07", "elapsed": 54.633531, "delta": 0.579615}}
{"target": 0.14597166344123658, "params": {"C": 14442.695750731698, "gamma": 0.14893376353733442}, "datetime": {"datetime": "2021-10-04 10:41:07", "elapsed": 55.272351, "delta": 0.63882}}
{"target": 0.18063085614537688, "params": {"C": 40500.70094863806, "gamma": 0.06694530624975557}, "datetime": {"datetime": "2021-10-04 10:41:08", "elapsed": 55.873953, "delta": 0.601602}}
{"target": 0.16063276644901714, "params": {"C": 45381.78318641065, "gamma": 0.027497206232857202}, "datetime": {"datetime": "2021-10-04 10:41:08", "elapsed": 56.507125, "delta": 0.633172}}
{"target": 0.18167435562868572, "params": {"C": 45902.44866015073, "gamma": 0.14886363551524107}, "datetime": {"datetime": "2021-10-04 10:41:09", "elapsed": 57.265488, "delta": 0.758363}}
{"target": 0.12576811943221955, "params": {"C": 16910.28030907473, "gamma": 0.02955360761212565}, "datetime": {"datetime": "2021-10-04 10:41:10", "elapsed": 57.884215, "delta": 0.618727}}
{"target": 0.0795546079917202, "params": {"C": 47540.875000946624, "gamma": 0.009}, "datetime": {"datetime": "2021-10-04 10:41:11", "elapsed": 58.653516, "delta": 0.769301}}
{"target": 0.1842589140809151, "params": {"C": 41834.68609482802, "gamma": 0.17367720112241905}, "datetime": {"datetime": "2021-10-04 10:41:11", "elapsed": 59.37689, "delta": 0.723374}}
{"target": 0.17684503711843758, "params": {"C": 33122.65810868495, "gamma": 0.13999448881501575}, "datetime": {"datetime": "2021-10-04 10:41:12", "elapsed": 59.939873, "delta": 0.562983}}
{"target": 0.19068211093832232, "params": {"C": 47235.86258764974, "gamma": 0.2}, "datetime": {"datetime": "2021-10-04 10:41:13", "elapsed": 60.757956, "delta": 0.818083}}
{"target": 0.1663834008775732, "params": {"C": 31926.404193991646, "gamma": 0.03901006828777513}, "datetime": {"datetime": "2021-10-04 10:41:13", "elapsed": 61.328471, "delta": 0.570515}}
{"target": 0.1771654651578054, "params": {"C": 35032.339310124706, "gamma": 0.11098499542002685}, "datetime": {"datetime": "2021-10-04 10:41:14", "elapsed": 62.008236, "delta": 0.679765}}
{"target": 0.17781120239593506, "params": {"C": 32290.33212512182, "gamma": 0.0689174961055482}, "datetime": {"datetime": "2021-10-04 10:41:15", "elapsed": 62.710428, "delta": 0.702192}}
{"target": 0.1779256312498061, "params": {"C": 34631.52298077214, "gamma": 0.0900627841892887}, "datetime": {"datetime": "2021-10-04 10:41:15", "elapsed": 63.522062, "delta": 0.811634}}
{"target": 0.17667355017177122, "params": {"C": 33890.21747497023, "gamma": 0.11862845474272414}, "datetime": {"datetime": "2021-10-04 10:41:16", "elapsed": 64.223957, "delta": 0.701895}}
{"target": 0.18213278997649718, "params": {"C": 42542.12475453629, "gamma": 0.1574685814854623}, "datetime": {"datetime": "2021-10-04 10:41:17", "elapsed": 64.956959, "delta": 0.733002}}
{"target": 0.15401826373459981, "params": {"C": 43716.75795656967, "gamma": 0.024738303425407338}, "datetime": {"datetime": "2021-10-04 10:41:18", "elapsed": 65.674683, "delta": 0.717724}}
{"target": 0.09267904805808547, "params": {"C": 46287.166509939954, "gamma": 0.010465147636784595}, "datetime": {"datetime": "2021-10-04 10:41:18", "elapsed": 66.414373, "delta": 0.73969}}
{"target": 0.17932506636980128, "params": {"C": 44462.545920929646, "gamma": 0.09802244746444828}, "datetime": {"datetime": "2021-10-04 10:41:19", "elapsed": 67.09432, "delta": 0.679947}}
{"target": 0.15844888418594227, "params": {"C": 28934.662752922904, "gamma": 0.03481315283911422}, "datetime": {"datetime": "2021-10-04 10:41:20", "elapsed": 67.765161, "delta": 0.670841}}
{"target": 0.1743807499176302, "params": {"C": 28585.130426914016, "gamma": 0.15920871591778893}, "datetime": {"datetime": "2021-10-04 10:41:20", "elapsed": 68.513929, "delta": 0.748768}}
{"target": 0.17304466670155172, "params": {"C": 27517.797120266336, "gamma": 0.15333739886490746}, "datetime": {"datetime": "2021-10-04 10:41:21", "elapsed": 69.382868, "delta": 0.868939}}
{"target": 0.17771515694663254, "params": {"C": 30775.82225940435, "gamma": 0.17595872661075962}, "datetime": {"datetime": "2021-10-04 10:41:22", "elapsed": 70.068798, "delta": 0.68593}}
{"target": 0.17499645076414128, "params": {"C": 28226.85131642906, "gamma": 0.06370116066676046}, "datetime": {"datetime": "2021-10-04 10:41:23", "elapsed": 70.955977, "delta": 0.887179}}
{"target": 0.17998177998760168, "params": {"C": 40036.35627875732, "gamma": 0.07885310181387326}, "datetime": {"datetime": "2021-10-04 10:41:24", "elapsed": 71.717691, "delta": 0.761714}}
{"target": 0.17842883110202012, "params": {"C": 35835.065808830754, "gamma": 0.08772828628073663}, "datetime": {"datetime": "2021-10-04 10:41:24", "elapsed": 72.504247, "delta": 0.786556}}
{"target": 0.15613200680657724, "params": {"C": 33514.46129062814, "gamma": 0.03015281113439034}, "datetime": {"datetime": "2021-10-04 10:41:25", "elapsed": 73.407122, "delta": 0.902875}}
{"target": 0.1838174380462808, "params": {"C": 42187.67843416447, "gamma": 0.1700390738836293}, "datetime": {"datetime": "2021-10-04 10:41:26", "elapsed": 74.161924, "delta": 0.754802}}
{"target": 0.18583519109535895, "params": {"C": 44774.44084735123, "gamma": 0.17785097752674833}, "datetime": {"datetime": "2021-10-04 10:41:27", "elapsed": 75.026589, "delta": 0.864665}}
{"target": 0.16096710594895902, "params": {"C": 20419.32135667288, "gamma": 0.18677853216722748}, "datetime": {"datetime": "2021-10-04 10:41:28", "elapsed": 75.866805, "delta": 0.840216}}
{"target": 0.13514437829243475, "params": {"C": 11094.502245836666, "gamma": 0.12728548920915123}, "datetime": {"datetime": "2021-10-04 10:41:29", "elapsed": 76.76945, "delta": 0.902645}}
{"target": 0.12902093441202456, "params": {"C": 11937.802518236946, "gamma": 0.16904168205502207}, "datetime": {"datetime": "2021-10-04 10:41:29", "elapsed": 77.449269, "delta": 0.679819}}
{"target": 0.09326802789749067, "params": {"C": 7764.809808593729, "gamma": 0.16423950080737665}, "datetime": {"datetime": "2021-10-04 10:41:30", "elapsed": 78.191905, "delta": 0.742636}}
{"target": 0.1576584765578345, "params": {"C": 19461.52376042097, "gamma": 0.19903022575213947}, "datetime": {"datetime": "2021-10-04 10:41:31", "elapsed": 78.99413, "delta": 0.802225}}
{"target": 0.1140969504750764, "params": {"C": 9421.838824919241, "gamma": 0.15652500989202942}, "datetime": {"datetime": "2021-10-04 10:41:32", "elapsed": 80.08112, "delta": 1.08699}}
{"target": 0.09289218528575616, "params": {"C": 8606.236612218107, "gamma": 0.18910803676624066}, "datetime": {"datetime": "2021-10-04 10:41:33", "elapsed": 80.867931, "delta": 0.786811}}
{"target": 0.11754186706710035, "params": {"C": 10246.204002507988, "gamma": 0.16689419263805008}, "datetime": {"datetime": "2021-10-04 10:41:34", "elapsed": 81.786203, "delta": 0.918272}}
{"target": 0.16543101438491614, "params": {"C": 19965.24971854641, "gamma": 0.10841183163711196}, "datetime": {"datetime": "2021-10-04 10:41:34", "elapsed": 82.471666, "delta": 0.685463}}
{"target": 0.1680879960651528, "params": {"C": 23505.91864717238, "gamma": 0.14595148742801733}, "datetime": {"datetime": "2021-10-04 10:41:35", "elapsed": 83.189444, "delta": 0.717778}}
{"target": 0.17571402599506047, "params": {"C": 31155.240541174488, "gamma": 0.10664860832406776}, "datetime": {"datetime": "2021-10-04 10:41:36", "elapsed": 83.945397, "delta": 0.755953}}
{"target": 0.07766483752378939, "params": {"C": 46013.836512841124, "gamma": 0.009}, "datetime": {"datetime": "2021-10-04 10:41:37", "elapsed": 85.062063, "delta": 1.116666}}
{"target": 0.1838689968422359, "params": {"C": 47179.87041106527, "gamma": 0.16315534107628119}, "datetime": {"datetime": "2021-10-04 10:41:38", "elapsed": 86.155954, "delta": 1.093891}}
{"target": 0.1826251034502273, "params": {"C": 48547.61039443272, "gamma": 0.15386188211274238}, "datetime": {"datetime": "2021-10-04 10:41:39", "elapsed": 87.089877, "delta": 0.933923}}
{"target": 0.16880286807632716, "params": {"C": 48029.80530689512, "gamma": 0.03190816537905316}, "datetime": {"datetime": "2021-10-04 10:41:40", "elapsed": 88.239893, "delta": 1.150016}}
{"target": 0.1794082149552123, "params": {"C": 45830.72235571459, "gamma": 0.09829845898330918}, "datetime": {"datetime": "2021-10-04 10:41:41", "elapsed": 89.079788, "delta": 0.839895}}
{"target": 0.1875843249480249, "params": {"C": 47808.68630923233, "gamma": 0.18365175510223158}, "datetime": {"datetime": "2021-10-04 10:41:42", "elapsed": 90.144723, "delta": 1.064935}}
{"target": 0.17945783488480183, "params": {"C": 46557.243848303304, "gamma": 0.12241460733264115}, "datetime": {"datetime": "2021-10-04 10:41:43", "elapsed": 91.116539, "delta": 0.971816}}
{"target": 0.17986712509529323, "params": {"C": 44211.51875169303, "gamma": 0.0884176946815541}, "datetime": {"datetime": "2021-10-04 10:41:44", "elapsed": 92.297638, "delta": 1.181099}}
{"target": 0.14160234212090128, "params": {"C": 41740.47466437267, "gamma": 0.020614283069485956}, "datetime": {"datetime": "2021-10-04 10:41:45", "elapsed": 93.385314, "delta": 1.087676}}
{"target": 0.17896409925391443, "params": {"C": 41922.502145967155, "gamma": 0.10037748704133091}, "datetime": {"datetime": "2021-10-04 10:41:47", "elapsed": 94.602205, "delta": 1.216891}}
{"target": 0.17900299005476805, "params": {"C": 41551.724975206016, "gamma": 0.09821771771090944}, "datetime": {"datetime": "2021-10-04 10:41:47", "elapsed": 95.536245, "delta": 0.93404}}
{"target": 0.17945239496667842, "params": {"C": 43993.541795810655, "gamma": 0.12702496927248763}, "datetime": {"datetime": "2021-10-04 10:41:49", "elapsed": 96.670345, "delta": 1.1341}}
{"target": 0.18087672287251144, "params": {"C": 46771.21349849663, "gamma": 0.07855915628812427}, "datetime": {"datetime": "2021-10-04 10:41:50", "elapsed": 97.66563, "delta": 0.995285}}
{"target": 0.17936344335920185, "params": {"C": 49163.97090484271, "gamma": 0.10257756629736384}, "datetime": {"datetime": "2021-10-04 10:41:51", "elapsed": 98.581916, "delta": 0.916286}}
{"target": 0.09133897722958328, "params": {"C": 39318.816873805226, "gamma": 0.011346303914145707}, "datetime": {"datetime": "2021-10-04 10:41:52", "elapsed": 99.583933, "delta": 1.002017}}
{"target": 0.17918140787068548, "params": {"C": 39535.773583511975, "gamma": 0.1362397568776772}, "datetime": {"datetime": "2021-10-04 10:41:53", "elapsed": 100.609464, "delta": 1.025531}}
{"target": 0.18233389833083846, "params": {"C": 38394.13214046824, "gamma": 0.1699820470463315}, "datetime": {"datetime": "2021-10-04 10:41:54", "elapsed": 101.675515, "delta": 1.066051}}
{"target": 0.18367809121622813, "params": {"C": 42449.476792921785, "gamma": 0.1685814533215696}, "datetime": {"datetime": "2021-10-04 10:41:55", "elapsed": 102.656223, "delta": 0.980708}}
{"target": 0.18727045747670612, "params": {"C": 49394.97771372219, "gamma": 0.18063085193922976}, "datetime": {"datetime": "2021-10-04 10:41:56", "elapsed": 103.831395, "delta": 1.175172}}
{"target": 0.1810749208635244, "params": {"C": 39070.78649240714, "gamma": 0.15770987672466932}, "datetime": {"datetime": "2021-10-04 10:41:57", "elapsed": 104.987095, "delta": 1.1557}}
{"target": 0.17779489294306416, "params": {"C": 37123.03383377637, "gamma": 0.11082146301086856}, "datetime": {"datetime": "2021-10-04 10:41:58", "elapsed": 106.016092, "delta": 1.028997}}
{"target": 0.1702578738546513, "params": {"C": 37636.28914787037, "gamma": 0.03856051180489553}, "datetime": {"datetime": "2021-10-04 10:41:59", "elapsed": 107.344496, "delta": 1.328404}}
{"target": 0.17624730928584065, "params": {"C": 37391.10615685483, "gamma": 0.04776182056083572}, "datetime": {"datetime": "2021-10-04 10:42:01", "elapsed": 109.085443, "delta": 1.740947}}
{"target": 0.17713414244517844, "params": {"C": 46985.46591354672, "gamma": 0.04148293172466017}, "datetime": {"datetime": "2021-10-04 10:42:02", "elapsed": 110.150148, "delta": 1.064705}}
{"target": 0.17442065978541688, "params": {"C": 29236.126444889425, "gamma": 0.14585836851532952}, "datetime": {"datetime": "2021-10-04 10:42:03", "elapsed": 111.255079, "delta": 1.104931}}
{"target": 0.18326908655513496, "params": {"C": 48756.543866282605, "gamma": 0.15811109804367487}, "datetime": {"datetime": "2021-10-04 10:42:04", "elapsed": 112.385919, "delta": 1.13084}}
{"target": 0.18214974144173446, "params": {"C": 34746.03787941499, "gamma": 0.18537722463969783}, "datetime": {"datetime": "2021-10-04 10:42:05", "elapsed": 113.532668, "delta": 1.146749}}
{"target": 0.17663125071230923, "params": {"C": 40389.256358107836, "gamma": 0.04549350803583666}, "datetime": {"datetime": "2021-10-04 10:42:07", "elapsed": 114.692447, "delta": 1.159779}}
{"target": 0.17427339991082236, "params": {"C": 36511.33832746965, "gamma": 0.044880628269489485}, "datetime": {"datetime": "2021-10-04 10:42:08", "elapsed": 116.016969, "delta": 1.324522}}
{"target": 0.1736713239980201, "params": {"C": 27857.045218584477, "gamma": 0.10948730298556442}, "datetime": {"datetime": "2021-10-04 10:42:09", "elapsed": 117.432552, "delta": 1.415583}}
{"target": 0.18454098981585976, "params": {"C": 35319.06808057347, "gamma": 0.2}, "datetime": {"datetime": "2021-10-04 10:42:11", "elapsed": 118.762359, "delta": 1.329807}}
{"target": 0.17478771639106605, "params": {"C": 27168.575703084138, "gamma": 0.08151812328750468}, "datetime": {"datetime": "2021-10-04 10:42:13", "elapsed": 120.604326, "delta": 1.841967}}
{"target": 0.17628106278844258, "params": {"C": 32802.57670204541, "gamma": 0.11272074677983013}, "datetime": {"datetime": "2021-10-04 10:42:14", "elapsed": 121.858651, "delta": 1.254325}}
{"target": 0.17775857330657396, "params": {"C": 36259.12106441456, "gamma": 0.10283704870729178}, "datetime": {"datetime": "2021-10-04 10:42:15", "elapsed": 123.577727, "delta": 1.719076}}
{"target": 0.17639806262798818, "params": {"C": 29513.56692900548, "gamma": 0.07171348448437974}, "datetime": {"datetime": "2021-10-04 10:42:17", "elapsed": 124.629538, "delta": 1.051811}}
{"target": 0.10120755666339698, "params": {"C": 49666.78587889567, "gamma": 0.011027195173716971}, "datetime": {"datetime": "2021-10-04 10:42:18", "elapsed": 125.902374, "delta": 1.272836}}
{"target": 0.15865451034631317, "params": {"C": 24548.593997100892, "gamma": 0.03951715228594623}, "datetime": {"datetime": "2021-10-04 10:42:19", "elapsed": 127.444591, "delta": 1.542217}}
{"target": 0.1699322889659587, "params": {"C": 24848.563943550216, "gamma": 0.1616447853139513}, "datetime": {"datetime": "2021-10-04 10:42:21", "elapsed": 128.80485, "delta": 1.360259}}
{"target": 0.1800875372887225, "params": {"C": 38617.96982311749, "gamma": 0.07056082566415481}, "datetime": {"datetime": "2021-10-04 10:42:22", "elapsed": 129.949925, "delta": 1.145075}}
{"target": 0.1781284590799227, "params": {"C": 33234.65397520729, "gamma": 0.15796529322252828}, "datetime": {"datetime": "2021-10-04 10:42:23", "elapsed": 131.20689, "delta": 1.256965}}
{"target": 0.1737166672551358, "params": {"C": 26837.292487467395, "gamma": 0.06244122460022823}, "datetime": {"datetime": "2021-10-04 10:42:25", "elapsed": 132.653067, "delta": 1.446177}}
{"target": 0.17305932991797301, "params": {"C": 36870.617037180135, "gamma": 0.04264490586816264}, "datetime": {"datetime": "2021-10-04 10:42:26", "elapsed": 133.862749, "delta": 1.209682}}
{"target": 0.13575235104334782, "params": {"C": 25308.808985908025, "gamma": 0.025653556329364655}, "datetime": {"datetime": "2021-10-04 10:42:27", "elapsed": 134.967806, "delta": 1.105057}}
{"target": 0.17357637226967582, "params": {"C": 25597.982109043074, "gamma": 0.08264872481195827}, "datetime": {"datetime": "2021-10-04 10:42:28", "elapsed": 136.286018, "delta": 1.318212}}
{"target": 0.14066981364607745, "params": {"C": 39753.42197738932, "gamma": 0.020898990148528626}, "datetime": {"datetime": "2021-10-04 10:42:30", "elapsed": 137.59733, "delta": 1.311312}}
{"target": 0.18239687324579212, "params": {"C": 39942.20694963839, "gamma": 0.1655762594895398}, "datetime": {"datetime": "2021-10-04 10:42:31", "elapsed": 138.807123, "delta": 1.209793}}
{"target": 0.1737948419676809, "params": {"C": 33786.083668130435, "gamma": 0.04705597710975634}, "datetime": {"datetime": "2021-10-04 10:42:32", "elapsed": 139.92608, "delta": 1.118957}}
{"target": 0.04263162994639058, "params": {"C": 20833.680515489476, "gamma": 0.010532798182413074}, "datetime": {"datetime": "2021-10-04 10:42:33", "elapsed": 141.200587, "delta": 1.274507}}
{"target": 0.1632435174930842, "params": {"C": 21200.788158576375, "gamma": 0.05135164431779045}, "datetime": {"datetime": "2021-10-04 10:42:35", "elapsed": 143.045528, "delta": 1.844941}}
