{"target": 0.21982686183346212, "params": {"C": 34137.60551117552, "gamma": 0.2546087229553484}, "datetime": {"datetime": "2021-10-04 11:03:08", "elapsed": 383.439948, "delta": 4.067921}}
{"target": 0.2490776806733086, "params": {"C": 48066.275589481644, "gamma": 0.23089423959341365}, "datetime": {"datetime": "2021-10-04 11:03:11", "elapsed": 386.787921, "delta": 3.347973}}
{"target": 0.207030063976276, "params": {"C": 24361.42789556183, "gamma": 0.2300028924684014}, "datetime": {"datetime": "2021-10-04 11:03:14", "elapsed": 389.923515, "delta": 3.135594}}
{"target": 0.19823921888533036, "params": {"C": 49089.53976081027, "gamma": 0.3339781765480241}, "datetime": {"datetime": "2021-10-04 11:03:17", "elapsed": 392.785568, "delta": 2.862053}}
{"target": 0.18764054799100516, "params": {"C": 49183.4503875985, "gamma": 0.35360516980432033}, "datetime": {"datetime": "2021-10-04 11:03:20", "elapsed": 396.051342, "delta": 3.265774}}
{"target": 0.26001667866019407, "params": {"C": 49322.553196088025, "gamma": 0.2049480067035044}, "datetime": {"datetime": "2021-10-04 11:03:23", "elapsed": 398.60531, "delta": 2.553968}}
{"target": 0.1853494853835823, "params": {"C": 35814.51007625473, "gamma": 0.31824081150881256}, "datetime": {"datetime": "2021-10-04 11:03:26", "elapsed": 402.084205, "delta": 3.478895}}
{"target": 0.1570165252634541, "params": {"C": 44358.26338154157, "gamma": 0.3965406731325312}, "datetime": {"datetime": "2021-10-04 11:03:29", "elapsed": 404.639874, "delta": 2.555669}}
{"target": 0.2073334860495415, "params": {"C": 32551.36420989415, "gamma": 0.2696332408478911}, "datetime": {"datetime": "2021-10-04 11:03:32", "elapsed": 407.830187, "delta": 3.190313}}
{"target": 0.10139382808228203, "params": {"C": 22965.586970678305, "gamma": 0.3724396178926624}, "datetime": {"datetime": "2021-10-04 11:03:35", "elapsed": 410.908753, "delta": 3.078566}}
{"target": 0.20084425490079183, "params": {"C": 47303.83529911462, "gamma": 0.3253119288332704}, "datetime": {"datetime": "2021-10-04 11:03:38", "elapsed": 413.689981, "delta": 2.781228}}
{"target": 0.22519748240293957, "params": {"C": 38665.764057014145, "gamma": 0.259466187107524}, "datetime": {"datetime": "2021-10-04 11:03:40", "elapsed": 415.625112, "delta": 1.935131}}
{"target": 0.007657352163188413, "params": {"C": 9377.467705870225, "gamma": 0.29486366205077735}, "datetime": {"datetime": "2021-10-04 11:03:42", "elapsed": 418.092386, "delta": 2.467274}}
{"target": 0.10057244200428561, "params": {"C": 9743.552321190171, "gamma": 0.20787223429274757}, "datetime": {"datetime": "2021-10-04 11:03:45", "elapsed": 420.989193, "delta": 2.896807}}
{"target": 0.20937190209335454, "params": {"C": 45896.24654615326, "gamma": 0.30659715177395586}, "datetime": {"datetime": "2021-10-04 11:03:48", "elapsed": 424.005759, "delta": 3.016566}}
{"target": 0.21782600702672394, "params": {"C": 45734.9160361223, "gamma": 0.2906266941865205}, "datetime": {"datetime": "2021-10-04 11:03:51", "elapsed": 426.304471, "delta": 2.298712}}
{"target": -0.038758803509333806, "params": {"C": 9035.077833216606, "gamma": 0.3377498432282338}, "datetime": {"datetime": "2021-10-04 11:03:54", "elapsed": 429.885206, "delta": 3.580735}}
{"target": 0.17826910043682953, "params": {"C": 49880.83205935604, "gamma": 0.3724393440398427}, "datetime": {"datetime": "2021-10-04 11:03:57", "elapsed": 432.385499, "delta": 2.500293}}
{"target": 0.15913115752597606, "params": {"C": 42960.42285024785, "gamma": 0.38819987521033}, "datetime": {"datetime": "2021-10-04 11:03:59", "elapsed": 434.583214, "delta": 2.197715}}
{"target": 0.21803522785164875, "params": {"C": 42804.16716335005, "gamma": 0.2834741464631056}, "datetime": {"datetime": "2021-10-04 11:04:03", "elapsed": 438.301301, "delta": 3.718087}}
{"target": 0.09861430048620867, "params": {"C": 10098.999442992026, "gamma": 0.2162021977622462}, "datetime": {"datetime": "2021-10-04 11:04:06", "elapsed": 441.745289, "delta": 3.443988}}
{"target": 0.21719378875604678, "params": {"C": 237659.9021161583, "gamma": 0.21721605005887878}, "datetime": {"datetime": "2021-10-04 11:04:08", "elapsed": 0.0, "delta": 0.0}}
{"target": 0.2811605329739565, "params": {"C": 50051.4686678052, "gamma": 0.09349044149902457}, "datetime": {"datetime": "2021-10-04 11:04:08", "elapsed": 0.163859, "delta": 0.163859}}
{"target": 0.2671539481268267, "params": {"C": 116040.15086770087, "gamma": 0.03133222405156415}, "datetime": {"datetime": "2021-10-04 11:04:08", "elapsed": 0.31102, "delta": 0.147161}}
{"target": 0.24982086513469226, "params": {"C": 133817.0951199519, "gamma": 0.10628597520474213}, "datetime": {"datetime": "2021-10-04 11:04:08", "elapsed": 0.536828, "delta": 0.225808}}
{"target": 0.2077494689924666, "params": {"C": 228545.36340380146, "gamma": 0.16348975326499365}, "datetime": {"datetime": "2021-10-04 11:04:08", "elapsed": 0.696004, "delta": 0.159176}}
{"target": 0.25022052499114933, "params": {"C": 116036.56882736721, "gamma": 0.21027598462529432}, "datetime": {"datetime": "2021-10-04 11:04:09", "elapsed": 0.9368, "delta": 0.240796}}
{"target": 0.24410145720801346, "params": {"C": 116053.37892948216, "gamma": 0.25158367140916915}, "datetime": {"datetime": "2021-10-04 11:04:09", "elapsed": 1.194042, "delta": 0.257242}}
{"target": 0.2795514140927209, "params": {"C": 50037.194772399205, "gamma": 0.128617448650247}, "datetime": {"datetime": "2021-10-04 11:04:09", "elapsed": 1.419352, "delta": 0.22531}}
{"target": 0.23476435792458084, "params": {"C": 50029.60343135637, "gamma": 0.26539901654916326}, "datetime": {"datetime": "2021-10-04 11:04:09", "elapsed": 1.65269, "delta": 0.233338}}
{"target": 0.2612673253063763, "params": {"C": 133829.21813010843, "gamma": 0.0626931368337887}, "datetime": {"datetime": "2021-10-04 11:04:10", "elapsed": 1.914516, "delta": 0.261826}}
{"target": 0.26968371000247326, "params": {"C": 50043.98476415416, "gamma": 0.17562554408921358}, "datetime": {"datetime": "2021-10-04 11:04:10", "elapsed": 2.15349, "delta": 0.238974}}
{"target": 0.1974042996272306, "params": {"C": 244532.3760459064, "gamma": 0.10819780781195532}, "datetime": {"datetime": "2021-10-04 11:04:10", "elapsed": 2.438587, "delta": 0.285097}}
{"target": 0.2435344463176572, "params": {"C": 133856.48096634744, "gamma": 0.22765821775898012}, "datetime": {"datetime": "2021-10-04 11:04:11", "elapsed": 2.747545, "delta": 0.308958}}
{"target": 0.19279411911040267, "params": {"C": 50058.00141684382, "gamma": 0.011984294476121376}, "datetime": {"datetime": "2021-10-04 11:04:11", "elapsed": 2.998463, "delta": 0.250918}}
{"target": 0.24558450737359927, "params": {"C": 133807.8843349109, "gamma": 0.1457069057706016}, "datetime": {"datetime": "2021-10-04 11:04:11", "elapsed": 3.284505, "delta": 0.286042}}
{"target": 0.23558994938539113, "params": {"C": 116046.14613909625, "gamma": 0.28630256741267185}, "datetime": {"datetime": "2021-10-04 11:04:11", "elapsed": 3.536746, "delta": 0.252241}}
{"target": 0.26152743285565583, "params": {"C": 116018.27155487478, "gamma": 0.08959755238707663}, "datetime": {"datetime": "2021-10-04 11:04:12", "elapsed": 3.803133, "delta": 0.266387}}
{"target": 0.25176693579917275, "params": {"C": 116023.07968892709, "gamma": 0.19090771678155496}, "datetime": {"datetime": "2021-10-04 11:04:12", "elapsed": 4.108878, "delta": 0.305745}}
{"target": 0.26246966696247354, "params": {"C": 50035.6443217284, "gamma": 0.1987564797985338}, "datetime": {"datetime": "2021-10-04 11:04:12", "elapsed": 4.458877, "delta": 0.349999}}
{"target": 0.2453115120363999, "params": {"C": 133787.46032968565, "gamma": 0.16897795791483597}, "datetime": {"datetime": "2021-10-04 11:04:13", "elapsed": 4.722347, "delta": 0.26347}}
{"target": 0.2567263521945219, "params": {"C": 116014.30361105541, "gamma": 0.11838009720117337}, "datetime": {"datetime": "2021-10-04 11:04:13", "elapsed": 5.052158, "delta": 0.329811}}
{"target": 0.22403161567953844, "params": {"C": 50040.46123747533, "gamma": 0.2871316937118542}, "datetime": {"datetime": "2021-10-04 11:04:13", "elapsed": 5.302503, "delta": 0.250345}}
{"target": 0.27448047329713154, "params": {"C": 50048.57135161368, "gamma": 0.05781848809401323}, "datetime": {"datetime": "2021-10-04 11:04:13", "elapsed": 5.541205, "delta": 0.238702}}
{"target": 0.2610306594106988, "params": {"C": 50046.24424873249, "gamma": 0.03533520529275225}, "datetime": {"datetime": "2021-10-04 11:04:14", "elapsed": 5.815205, "delta": 0.274}}
{"target": 0.24203052676642023, "params": {"C": 133826.1907288751, "gamma": 0.24162531586139752}, "datetime": {"datetime": "2021-10-04 11:04:14", "elapsed": 6.122204, "delta": 0.306999}}
{"target": 0.24458986193506604, "params": {"C": 133833.77344970457, "gamma": 0.2126533213200281}, "datetime": {"datetime": "2021-10-04 11:04:14", "elapsed": 6.419201, "delta": 0.296997}}
{"target": 0.24063897451412386, "params": {"C": 115995.10814366197, "gamma": 0.26725976110778826}, "datetime": {"datetime": "2021-10-04 11:04:14", "elapsed": 6.688201, "delta": 0.269}}
{"target": 0.2809438941545199, "params": {"C": 54654.34259319043, "gamma": 0.11203613025828217}, "datetime": {"datetime": "2021-10-04 11:04:15", "elapsed": 6.981463, "delta": 0.293262}}
{"target": 0.23328490016811276, "params": {"C": 116028.22914866635, "gamma": 0.2940987161713588}, "datetime": {"datetime": "2021-10-04 11:04:15", "elapsed": 7.245315, "delta": 0.263852}}
{"target": 0.2539890486209966, "params": {"C": 133812.79270831816, "gamma": 0.0884742100650346}, "datetime": {"datetime": "2021-10-04 11:04:15", "elapsed": 7.528031, "delta": 0.282716}}
{"target": 0.2633139179906896, "params": {"C": 54645.67518617143, "gamma": 0.2000032689384533}, "datetime": {"datetime": "2021-10-04 11:04:16", "elapsed": 7.82898, "delta": 0.300949}}
{"target": 0.2652591614427521, "params": {"C": 50052.414253034665, "gamma": 0.19034377160289376}, "datetime": {"datetime": "2021-10-04 11:04:16", "elapsed": 8.108978, "delta": 0.279998}}
{"target": 0.20218652666228754, "params": {"C": 60437.21929980449, "gamma": 0.01217417458933197}, "datetime": {"datetime": "2021-10-04 11:04:16", "elapsed": 8.46499, "delta": 0.356012}}
{"target": 0.2702254587464047, "params": {"C": 54657.563841543735, "gamma": 0.17603291932837434}, "datetime": {"datetime": "2021-10-04 11:04:17", "elapsed": 8.769978, "delta": 0.304988}}
{"target": 0.27858247151547744, "params": {"C": 54667.98565790125, "gamma": 0.13498458030705238}, "datetime": {"datetime": "2021-10-04 11:04:17", "elapsed": 9.053979, "delta": 0.284001}}
{"target": 0.24558633689561593, "params": {"C": 54661.537438831096, "gamma": 0.02371575510528688}, "datetime": {"datetime": "2021-10-04 11:04:17", "elapsed": 9.379603, "delta": 0.325624}}
{"target": 0.25736781828598765, "params": {"C": 54655.277943453526, "gamma": 0.2175826265722545}, "datetime": {"datetime": "2021-10-04 11:04:18", "elapsed": 9.768455, "delta": 0.388852}}
{"target": 0.27488812204264823, "params": {"C": 54664.78296754947, "gamma": 0.15598007853919413}, "datetime": {"datetime": "2021-10-04 11:04:18", "elapsed": 10.117453, "delta": 0.348998}}
{"target": 0.13703251395813698, "params": {"C": 452852.1460836102, "gamma": 0.1432349004163023}, "datetime": {"datetime": "2021-10-04 11:04:18", "elapsed": 10.435452, "delta": 0.317999}}
{"target": 0.26019606567019005, "params": {"C": 54647.79759291528, "gamma": 0.20948386694785717}, "datetime": {"datetime": "2021-10-04 11:04:19", "elapsed": 10.778724, "delta": 0.343272}}
{"target": 0.2624308074568774, "params": {"C": 54700.81184559741, "gamma": 0.034766071893855305}, "datetime": {"datetime": "2021-10-04 11:04:19", "elapsed": 11.08614, "delta": 0.307416}}
{"target": 0.2786638742975194, "params": {"C": 54613.433203077606, "gamma": 0.13444513477047212}, "datetime": {"datetime": "2021-10-04 11:04:19", "elapsed": 11.406616, "delta": 0.320476}}
{"target": 0.2755443288245022, "params": {"C": 54642.439330400346, "gamma": 0.15272689571747203}, "datetime": {"datetime": "2021-10-04 11:04:19", "elapsed": 11.714606, "delta": 0.30799}}
{"target": 0.2352138662312555, "params": {"C": 54650.76360136792, "gamma": 0.27108629676348955}, "datetime": {"datetime": "2021-10-04 11:04:20", "elapsed": 12.045606, "delta": 0.331}}
{"target": 0.26991513593504446, "params": {"C": 54610.83325721251, "gamma": 0.17721300396636228}, "datetime": {"datetime": "2021-10-04 11:04:20", "elapsed": 12.371267, "delta": 0.325661}}
{"target": 0.2754475118979366, "params": {"C": 54671.02830882756, "gamma": 0.05828471302953249}, "datetime": {"datetime": "2021-10-04 11:04:21", "elapsed": 12.72921, "delta": 0.357943}}
{"target": 0.25284066726244836, "params": {"C": 54627.893540021614, "gamma": 0.22971543940518319}, "datetime": {"datetime": "2021-10-04 11:04:21", "elapsed": 13.064499, "delta": 0.335289}}
{"target": 0.26005706892196545, "params": {"C": 54637.79811703556, "gamma": 0.20988453667026072}, "datetime": {"datetime": "2021-10-04 11:04:21", "elapsed": 13.390102, "delta": 0.325603}}
{"target": 0.2610421261906172, "params": {"C": 54675.218724426624, "gamma": 0.03343436252257888}, "datetime": {"datetime": "2021-10-04 11:04:22", "elapsed": 13.727665, "delta": 0.337563}}
{"target": 0.26374970285250343, "params": {"C": 54684.90235359575, "gamma": 0.19864773095594426}, "datetime": {"datetime": "2021-10-04 11:04:22", "elapsed": 14.114202, "delta": 0.386537}}
{"target": 0.2680994330810791, "params": {"C": 54602.42057928327, "gamma": 0.04189978016014176}, "datetime": {"datetime": "2021-10-04 11:04:22", "elapsed": 14.474863, "delta": 0.360661}}
{"target": 0.2802246684618124, "params": {"C": 54679.74925230828, "gamma": 0.08155683438390336}, "datetime": {"datetime": "2021-10-04 11:04:23", "elapsed": 14.791588, "delta": 0.316725}}
{"target": 0.25142627781633664, "params": {"C": 54597.06119748512, "gamma": 0.2333149458420184}, "datetime": {"datetime": "2021-10-04 11:04:23", "elapsed": 15.130588, "delta": 0.339}}
{"target": 0.28127546202693965, "params": {"C": 54677.78927999702, "gamma": 0.10157363168601308}, "datetime": {"datetime": "2021-10-04 11:04:23", "elapsed": 15.53346, "delta": 0.402872}}
{"target": 0.25244025287831484, "params": {"C": 54681.36614179902, "gamma": 0.23080194516664682}, "datetime": {"datetime": "2021-10-04 11:04:24", "elapsed": 15.877464, "delta": 0.344004}}
{"target": 0.17535980248594207, "params": {"C": 303003.1890150788, "gamma": 0.10107057818218688}, "datetime": {"datetime": "2021-10-04 11:04:24", "elapsed": 16.239457, "delta": 0.361993}}
{"target": 0.27822340471370577, "params": {"C": 54583.8573901208, "gamma": 0.13744842635407217}, "datetime": {"datetime": "2021-10-04 11:04:25", "elapsed": 16.753867, "delta": 0.51441}}
{"target": 0.18069668173390063, "params": {"C": 477455.9560263569, "gamma": 0.21726702042205476}, "datetime": {"datetime": "2021-10-04 11:04:25", "elapsed": 17.13307, "delta": 0.379203}}
{"target": 0.2809306440473247, "params": {"C": 54712.20608414909, "gamma": 0.08945396822476444}, "datetime": {"datetime": "2021-10-04 11:04:25", "elapsed": 17.583256, "delta": 0.450186}}
{"target": 0.23618545883208186, "params": {"C": 54579.70453742597, "gamma": 0.26888825743765016}, "datetime": {"datetime": "2021-10-04 11:04:26", "elapsed": 17.960354, "delta": 0.377098}}
{"target": 0.2705820774706065, "params": {"C": 54587.237384265216, "gamma": 0.1746254677864366}, "datetime": {"datetime": "2021-10-04 11:04:26", "elapsed": 18.33036, "delta": 0.370006}}
{"target": 0.2692085891213749, "params": {"C": 54728.77945572921, "gamma": 0.043646302737020484}, "datetime": {"datetime": "2021-10-04 11:04:26", "elapsed": 18.671626, "delta": 0.341266}}
{"target": 0.11257306419147561, "params": {"C": 54605.13915423128, "gamma": 0.005172790984221742}, "datetime": {"datetime": "2021-10-04 11:04:27", "elapsed": 19.169915, "delta": 0.498289}}
{"target": 0.2216260364139616, "params": {"C": 54585.19871012377, "gamma": 0.29919135363473587}, "datetime": {"datetime": "2021-10-04 11:04:27", "elapsed": 19.595843, "delta": 0.425928}}
{"target": 0.2404096674602375, "params": {"C": 116042.59934886463, "gamma": 0.2681764774869459}, "datetime": {"datetime": "2021-10-04 11:04:28", "elapsed": 20.009805, "delta": 0.413962}}
{"target": 0.2709591728311779, "params": {"C": 54599.087618190904, "gamma": 0.04694225449519285}, "datetime": {"datetime": "2021-10-04 11:04:28", "elapsed": 20.39251, "delta": 0.382705}}
{"target": 0.2372571802279091, "params": {"C": 54703.027451618866, "gamma": 0.26670169206734295}, "datetime": {"datetime": "2021-10-04 11:04:29", "elapsed": 20.772956, "delta": 0.380446}}
{"target": 0.2694853054738622, "params": {"C": 54709.01490241692, "gamma": 0.1788744220487126}, "datetime": {"datetime": "2021-10-04 11:04:29", "elapsed": 21.17905, "delta": 0.406094}}
{"target": 0.24134060155898196, "params": {"C": 54619.30021285621, "gamma": 0.2574856347176501}, "datetime": {"datetime": "2021-10-04 11:04:29", "elapsed": 21.63905, "delta": 0.46}}
{"target": 0.2811916410022697, "params": {"C": 54624.57501692169, "gamma": 0.1064288688679559}, "datetime": {"datetime": "2021-10-04 11:04:30", "elapsed": 22.02234, "delta": 0.38329}}
{"target": 0.2803212559960321, "params": {"C": 54640.200575109644, "gamma": 0.12038371235566428}, "datetime": {"datetime": "2021-10-04 11:04:30", "elapsed": 22.483797, "delta": 0.461457}}
{"target": 0.25681875413652155, "params": {"C": 54736.244534417165, "gamma": 0.029969518693850648}, "datetime": {"datetime": "2021-10-04 11:04:31", "elapsed": 22.849992, "delta": 0.366195}}
{"target": 0.24770489668708418, "params": {"C": 54666.6504825069, "gamma": 0.024678681474401547}, "datetime": {"datetime": "2021-10-04 11:04:31", "elapsed": 23.254339, "delta": 0.404347}}
{"target": 0.27989162915548227, "params": {"C": 54644.313077330706, "gamma": 0.07889097780837935}, "datetime": {"datetime": "2021-10-04 11:04:31", "elapsed": 23.689331, "delta": 0.434992}}
{"target": 0.25168252962164817, "params": {"C": 54698.05125597872, "gamma": 0.23276190107383757}, "datetime": {"datetime": "2021-10-04 11:04:32", "elapsed": 24.152228, "delta": 0.462897}}
{"target": 0.2457598770393572, "params": {"C": 54727.473206365285, "gamma": 0.24735396669175214}, "datetime": {"datetime": "2021-10-04 11:04:32", "elapsed": 24.587229, "delta": 0.435001}}
{"target": 0.24795764731962877, "params": {"C": 116011.7803380815, "gamma": 0.2291940664659371}, "datetime": {"datetime": "2021-10-04 11:04:33", "elapsed": 24.994794, "delta": 0.407565}}
{"target": 0.27091923767653336, "params": {"C": 54749.938224844256, "gamma": 0.17333258748159366}, "datetime": {"datetime": "2021-10-04 11:04:33", "elapsed": 25.449669, "delta": 0.454875}}
{"target": 0.2326563436223158, "params": {"C": 54717.52076645379, "gamma": 0.27665410029443693}, "datetime": {"datetime": "2021-10-04 11:04:34", "elapsed": 25.974664, "delta": 0.524995}}
{"target": 0.2588161853213473, "params": {"C": 50049.81836633112, "gamma": 0.2090850434344012}, "datetime": {"datetime": "2021-10-04 11:04:34", "elapsed": 26.474666, "delta": 0.500002}}
{"target": 0.24956157811482915, "params": {"C": 116971.0265980531, "gamma": 0.21402748602440091}, "datetime": {"datetime": "2021-10-04 11:04:35", "elapsed": 26.886009, "delta": 0.411343}}
{"target": 0.2587788729625343, "params": {"C": 54739.09812692111, "gamma": 0.03146124262052068}, "datetime": {"datetime": "2021-10-04 11:04:35", "elapsed": 27.328007, "delta": 0.441998}}
{"target": 0.19419354368397057, "params": {"C": 411104.5158143738, "gamma": 0.23327824457366503}, "datetime": {"datetime": "2021-10-04 11:04:36", "elapsed": 27.767372, "delta": 0.439365}}
{"target": 0.2616787390295937, "params": {"C": 54589.17371532301, "gamma": 0.2050163567028202}, "datetime": {"datetime": "2021-10-04 11:04:36", "elapsed": 28.199231, "delta": 0.431859}}
{"target": 0.2747934321556549, "params": {"C": 54616.35742291798, "gamma": 0.05628916951395205}, "datetime": {"datetime": "2021-10-04 11:04:36", "elapsed": 28.664873, "delta": 0.465642}}
{"target": 0.2446999314052516, "params": {"C": 54581.83456718979, "gamma": 0.2496923076181953}, "datetime": {"datetime": "2021-10-04 11:04:37", "elapsed": 29.12723, "delta": 0.462357}}
{"target": 0.2803621091234566, "params": {"C": 54730.4210204676, "gamma": 0.11984377390444279}, "datetime": {"datetime": "2021-10-04 11:04:37", "elapsed": 29.562094, "delta": 0.434864}}
{"target": 0.27214876382676423, "params": {"C": 54733.13930299936, "gamma": 0.16830553901167145}, "datetime": {"datetime": "2021-10-04 11:04:38", "elapsed": 29.99356, "delta": 0.431466}}
{"target": 0.2744756418118067, "params": {"C": 54710.692628974306, "gamma": 0.15795485868579445}, "datetime": {"datetime": "2021-10-04 11:04:38", "elapsed": 30.425142, "delta": 0.431582}}
{"target": 0.15744986640942682, "params": {"C": 366335.3331312785, "gamma": 0.14098714451726863}, "datetime": {"datetime": "2021-10-04 11:04:39", "elapsed": 30.923145, "delta": 0.498003}}
{"target": 0.24800885465221456, "params": {"C": 436233.8275197322, "gamma": 0.01931186805131352}, "datetime": {"datetime": "2021-10-04 11:04:39", "elapsed": 31.489194, "delta": 0.566049}}
{"target": 0.2533533035215363, "params": {"C": 116954.3294010781, "gamma": 0.1513923415042564}, "datetime": {"datetime": "2021-10-04 11:04:40", "elapsed": 32.026436, "delta": 0.537242}}
{"target": 0.27880354747379976, "params": {"C": 54632.18554381623, "gamma": 0.13344314775222568}, "datetime": {"datetime": "2021-10-04 11:04:40", "elapsed": 32.591435, "delta": 0.564999}}
{"target": 0.24901426456715614, "params": {"C": 54634.72357212315, "gamma": 0.2393862340960978}, "datetime": {"datetime": "2021-10-04 11:04:41", "elapsed": 33.08026, "delta": 0.488825}}
{"target": 0.267554665838347, "params": {"C": 116932.58383086295, "gamma": 0.03229423605106037}, "datetime": {"datetime": "2021-10-04 11:04:41", "elapsed": 33.645566, "delta": 0.565306}}
{"target": 0.2556546658049901, "params": {"C": 116950.5121769093, "gamma": 0.12325634817602735}, "datetime": {"datetime": "2021-10-04 11:04:42", "elapsed": 34.165568, "delta": 0.520002}}
