{"target": -34.99404699641355, "params": {"C": 46140.88134418689, "gamma": 0.030965562528791638}, "datetime": {"datetime": "2021-09-29 09:50:32", "elapsed": 90.875236, "delta": 0.793992}}
{"target": -34.838335938892186, "params": {"C": 48232.14058507298, "gamma": 0.010668365972627191}, "datetime": {"datetime": "2021-09-29 09:50:33", "elapsed": 91.718278, "delta": 0.843042}}
{"target": -34.50664192045643, "params": {"C": 46686.87817335314, "gamma": 0.02000148928702793}, "datetime": {"datetime": "2021-09-29 09:50:34", "elapsed": 92.453526, "delta": 0.735248}}
{"target": -36.12756020896401, "params": {"C": 49307.579896262294, "gamma": 0.047567270065245484}, "datetime": {"datetime": "2021-09-29 09:50:35", "elapsed": 93.209525, "delta": 0.755999}}
{"target": -35.480265155087324, "params": {"C": 46640.981949607354, "gamma": 0.03869915502948926}, "datetime": {"datetime": "2021-09-29 09:50:35", "elapsed": 94.197324, "delta": 0.987799}}
{"target": -34.79676045416759, "params": {"C": 50840.57436116777, "gamma": 0.02631070380996706}, "datetime": {"datetime": "2021-09-29 09:50:36", "elapsed": 94.967321, "delta": 0.769997}}
{"target": -34.95473817818128, "params": {"C": 49428.75534432047, "gamma": 0.029329815745053976}, "datetime": {"datetime": "2021-09-29 09:50:37", "elapsed": 95.667321, "delta": 0.7}}
{"target": -34.44849122095096, "params": {"C": 49986.319688136835, "gamma": 0.015942678799189418}, "datetime": {"datetime": "2021-09-29 09:50:38", "elapsed": 96.435144, "delta": 0.767823}}
{"target": -34.680602175804296, "params": {"C": 48424.18555970468, "gamma": 0.024869332456112617}, "datetime": {"datetime": "2021-09-29 09:50:39", "elapsed": 97.209146, "delta": 0.774002}}
{"target": -34.885501508411835, "params": {"C": 49984.893330122024, "gamma": 0.010203196647002647}, "datetime": {"datetime": "2021-09-29 09:50:39", "elapsed": 98.16954, "delta": 0.960394}}
{"target": -35.79323267849753, "params": {"C": 46141.123120720855, "gamma": 0.043927237362268126}, "datetime": {"datetime": "2021-09-29 09:50:41", "elapsed": 99.266539, "delta": 1.096999}}
{"target": -35.21152875400851, "params": {"C": 52924.5464936334, "gamma": 0.007948897515525773}, "datetime": {"datetime": "2021-09-29 09:50:41", "elapsed": 100.136446, "delta": 0.869907}}
{"target": -35.0796064021297, "params": {"C": 50264.89976855781, "gamma": 0.03128561625195343}, "datetime": {"datetime": "2021-09-29 09:50:42", "elapsed": 100.867648, "delta": 0.731202}}
{"target": -35.61881331163889, "params": {"C": 53176.33882327076, "gamma": 0.006117129198948369}, "datetime": {"datetime": "2021-09-29 09:50:43", "elapsed": 101.782114, "delta": 0.914466}}
{"target": -35.7387828510621, "params": {"C": 46179.3434130703, "gamma": 0.04299520283086365}, "datetime": {"datetime": "2021-09-29 09:50:44", "elapsed": 102.615115, "delta": 0.833001}}
{"target": -35.057705722897445, "params": {"C": 46135.079836868084, "gamma": 0.009133759046103342}, "datetime": {"datetime": "2021-09-29 09:50:45", "elapsed": 103.475115, "delta": 0.86}}
{"target": -34.50668799797249, "params": {"C": 52924.52032747979, "gamma": 0.01948807760131753}, "datetime": {"datetime": "2021-09-29 09:50:46", "elapsed": 104.301274, "delta": 0.826159}}
{"target": -34.48034212771111, "params": {"C": 47232.23891912181, "gamma": 0.018896381191174157}, "datetime": {"datetime": "2021-09-29 09:50:46", "elapsed": 105.025276, "delta": 0.724002}}
{"target": -36.60947421450996, "params": {"C": 48602.62491543, "gamma": 0.003}, "datetime": {"datetime": "2021-09-29 09:50:47", "elapsed": 106.013407, "delta": 0.988131}}
{"target": -34.591804503953256, "params": {"C": 53968.75368647928, "gamma": 0.02221245961082093}, "datetime": {"datetime": "2021-09-29 09:50:48", "elapsed": 106.814017, "delta": 0.80061}}
{"target": -34.486346740415875, "params": {"C": 54499.91768968508, "gamma": 0.015000648041073233}, "datetime": {"datetime": "2021-09-29 09:50:49", "elapsed": 107.602014, "delta": 0.787997}}
{"target": -34.877936478788484, "params": {"C": 46686.86671207552, "gamma": 0.028719366415959763}, "datetime": {"datetime": "2021-09-29 09:50:50", "elapsed": 108.59418, "delta": 0.992166}}
{"target": -36.563157645666244, "params": {"C": 47232.23747682834, "gamma": 0.05646795322720838}, "datetime": {"datetime": "2021-09-29 09:50:51", "elapsed": 109.812883, "delta": 1.218703}}
{"target": -34.43915883177269, "params": {"C": 53273.19526785278, "gamma": 0.016103446269174152}, "datetime": {"datetime": "2021-09-29 09:50:52", "elapsed": 110.551884, "delta": 0.739001}}
{"target": -34.46212561280229, "params": {"C": 49428.7617728484, "gamma": 0.017839603860643052}, "datetime": {"datetime": "2021-09-29 09:50:53", "elapsed": 111.494732, "delta": 0.942848}}
{"target": -35.58142383877518, "params": {"C": 49984.877283215894, "gamma": 0.03888945639690835}, "datetime": {"datetime": "2021-09-29 09:50:55", "elapsed": 113.410216, "delta": 1.915484}}
{"target": -34.620160706298, "params": {"C": 48997.29604739585, "gamma": 0.012923301062504514}, "datetime": {"datetime": "2021-09-29 09:50:56", "elapsed": 114.340427, "delta": 0.930211}}
{"target": -36.40898277445703, "params": {"C": 46140.26101798288, "gamma": 0.05445757467585512}, "datetime": {"datetime": "2021-09-29 09:50:57", "elapsed": 115.412426, "delta": 1.071999}}
{"target": -35.01119124470172, "params": {"C": 49973.34762910042, "gamma": 0.03016472729827526}, "datetime": {"datetime": "2021-09-29 09:50:58", "elapsed": 116.419662, "delta": 1.007236}}
{"target": -35.15522924167135, "params": {"C": 52637.922108906794, "gamma": 0.00827589920700974}, "datetime": {"datetime": "2021-09-29 09:50:59", "elapsed": 117.714664, "delta": 1.295002}}
{"target": -35.97527144473688, "params": {"C": 51651.59010887173, "gamma": 0.04395649809017607}, "datetime": {"datetime": "2021-09-29 09:51:00", "elapsed": 118.639118, "delta": 0.924454}}
{"target": -35.124324408513395, "params": {"C": 46384.820325664055, "gamma": 0.033317673912737364}, "datetime": {"datetime": "2021-09-29 09:51:01", "elapsed": 119.528119, "delta": 0.889001}}
{"target": -34.45957375568845, "params": {"C": 49184.66091955821, "gamma": 0.015754440839356558}, "datetime": {"datetime": "2021-09-29 09:51:02", "elapsed": 120.352338, "delta": 0.824219}}
{"target": -34.92625945358594, "params": {"C": 48603.45226812952, "gamma": 0.029053883485095973}, "datetime": {"datetime": "2021-09-29 09:51:02", "elapsed": 121.179967, "delta": 0.827629}}
{"target": -36.510780134794864, "params": {"C": 53636.50411153037, "gamma": 0.0033040701305376598}, "datetime": {"datetime": "2021-09-29 09:51:03", "elapsed": 122.073407, "delta": 0.89344}}
{"target": -34.49231374401576, "params": {"C": 46135.155284460336, "gamma": 0.015247942745674158}, "datetime": {"datetime": "2021-09-29 09:51:04", "elapsed": 123.110405, "delta": 1.036998}}
{"target": -34.85306023685547, "params": {"C": 51041.91289401012, "gamma": 0.027202771726071603}, "datetime": {"datetime": "2021-09-29 09:51:05", "elapsed": 124.030833, "delta": 0.920428}}
{"target": -34.58980758143878, "params": {"C": 47955.2166868269, "gamma": 0.013403842406744297}, "datetime": {"datetime": "2021-09-29 09:51:06", "elapsed": 124.933835, "delta": 0.903002}}
{"target": -34.49989533702747, "params": {"C": 48997.2713092218, "gamma": 0.019543779056888373}, "datetime": {"datetime": "2021-09-29 09:51:07", "elapsed": 126.141797, "delta": 1.207962}}
{"target": -34.902512062490544, "params": {"C": 46721.66213776584, "gamma": 0.02914583561112615}, "datetime": {"datetime": "2021-09-29 09:51:08", "elapsed": 127.053785, "delta": 0.911988}}
