{"target": -35.217293812317266, "params": {"C": 3029.826388721278, "gamma": 0.08370972106044047}, "datetime": {"datetime": "2021-09-28 15:30:54", "elapsed": 52.724631, "delta": 0.651208}}
{"target": -37.19810646482497, "params": {"C": 3637.010305236061, "gamma": 0.005679612007790486}, "datetime": {"datetime": "2021-09-28 15:30:55", "elapsed": 53.565551, "delta": 0.84092}}
{"target": -35.05330765256977, "params": {"C": 3108.8257236553795, "gamma": 0.0725266874910901}, "datetime": {"datetime": "2021-09-28 15:30:56", "elapsed": 54.704885, "delta": 1.139334}}
{"target": -34.66841081754083, "params": {"C": 3878.847272682838, "gamma": 0.032931220882900666}, "datetime": {"datetime": "2021-09-28 15:30:56", "elapsed": 55.317884, "delta": 0.612999}}
{"target": -36.39512821267337, "params": {"C": 3288.625636022067, "gamma": 0.1607376801698249}, "datetime": {"datetime": "2021-09-28 15:30:57", "elapsed": 55.872883, "delta": 0.554999}}
{"target": -34.957234345680455, "params": {"C": 3108.8828285170007, "gamma": 0.06521517121746279}, "datetime": {"datetime": "2021-09-28 15:30:58", "elapsed": 56.811659, "delta": 0.938776}}
{"target": -36.424848302429176, "params": {"C": 3440.272104097827, "gamma": 0.1627620897000585}, "datetime": {"datetime": "2021-09-28 15:30:59", "elapsed": 57.56066, "delta": 0.749001}}
{"target": -35.1808635180623, "params": {"C": 3125.7850059921834, "gamma": 0.021645985815924734}, "datetime": {"datetime": "2021-09-28 15:30:59", "elapsed": 58.196829, "delta": 0.636169}}
{"target": -36.41309172424353, "params": {"C": 3878.835578571911, "gamma": 0.009018134055453028}, "datetime": {"datetime": "2021-09-28 15:31:00", "elapsed": 58.847167, "delta": 0.650338}}
{"target": -34.74174677886396, "params": {"C": 3125.194347918772, "gamma": 0.04437836721625044}, "datetime": {"datetime": "2021-09-28 15:31:01", "elapsed": 59.568171, "delta": 0.721004}}
{"target": -35.70876964194794, "params": {"C": 3879.4740133904716, "gamma": 0.11289440931828908}, "datetime": {"datetime": "2021-09-28 15:31:01", "elapsed": 60.208165, "delta": 0.639994}}
{"target": -34.715075642181205, "params": {"C": 3878.823709816917, "gamma": 0.04795901582822479}, "datetime": {"datetime": "2021-09-28 15:31:02", "elapsed": 61.09944, "delta": 0.891275}}
{"target": -36.11316047491711, "params": {"C": 3096.2753552779086, "gamma": 0.14069470549659632}, "datetime": {"datetime": "2021-09-28 15:31:03", "elapsed": 61.880444, "delta": 0.781004}}
{"target": -35.61453863949758, "params": {"C": 3125.488376122581, "gamma": 0.016924510432676704}, "datetime": {"datetime": "2021-09-28 15:31:04", "elapsed": 62.831788, "delta": 0.951344}}
{"target": -34.984207526999185, "params": {"C": 3029.9585425397577, "gamma": 0.06703762433730961}, "datetime": {"datetime": "2021-09-28 15:31:05", "elapsed": 63.727516, "delta": 0.895728}}
{"target": -34.68882140492883, "params": {"C": 3878.8261345471465, "gamma": 0.04538425957863499}, "datetime": {"datetime": "2021-09-28 15:31:06", "elapsed": 64.557517, "delta": 0.830001}}
{"target": -34.740042733282955, "params": {"C": 3125.577047441597, "gamma": 0.04405527665331326}, "datetime": {"datetime": "2021-09-28 15:31:06", "elapsed": 65.256938, "delta": 0.699421}}
{"target": -35.119168079500376, "params": {"C": 3051.287451400548, "gamma": 0.07699417933432}, "datetime": {"datetime": "2021-09-28 15:31:07", "elapsed": 66.221943, "delta": 0.965005}}
{"target": -36.568820597720126, "params": {"C": 3108.7713589545074, "gamma": 0.009512609766500636}, "datetime": {"datetime": "2021-09-28 15:31:08", "elapsed": 66.899103, "delta": 0.67716}}
{"target": -34.69734692535235, "params": {"C": 3637.0804609609163, "gamma": 0.044709327112285584}, "datetime": {"datetime": "2021-09-28 15:31:09", "elapsed": 67.668104, "delta": 0.769001}}
{"target": -34.95049789727053, "params": {"C": 3029.810451880076, "gamma": 0.02511245113532208}, "datetime": {"datetime": "2021-09-28 15:31:10", "elapsed": 68.593594, "delta": 0.92549}}
{"target": -34.748326860860296, "params": {"C": 3051.2749127491925, "gamma": 0.03589485059707183}, "datetime": {"datetime": "2021-09-28 15:31:10", "elapsed": 69.380391, "delta": 0.786797}}
{"target": -34.70579789362027, "params": {"C": 3568.2736857288523, "gamma": 0.04517975093702893}, "datetime": {"datetime": "2021-09-28 15:31:11", "elapsed": 70.03939, "delta": 0.658999}}
{"target": -35.030479848846284, "params": {"C": 3353.166616047807, "gamma": 0.022518771130639516}, "datetime": {"datetime": "2021-09-28 15:31:12", "elapsed": 70.687701, "delta": 0.648311}}
{"target": -35.147286935899665, "params": {"C": 3103.860148475502, "gamma": 0.07914493113947402}, "datetime": {"datetime": "2021-09-28 15:31:12", "elapsed": 71.3247, "delta": 0.636999}}
{"target": -35.73997976230479, "params": {"C": 3358.5939754924634, "gamma": 0.11643595229355719}, "datetime": {"datetime": "2021-09-28 15:31:13", "elapsed": 72.008701, "delta": 0.684001}}
{"target": -35.323082821844686, "params": {"C": 3250.0808750268866, "gamma": 0.01954819398933979}, "datetime": {"datetime": "2021-09-28 15:31:14", "elapsed": 72.727984, "delta": 0.719283}}
{"target": -35.567449920931416, "params": {"C": 3568.2676809568593, "gamma": 0.016143944997159584}, "datetime": {"datetime": "2021-09-28 15:31:15", "elapsed": 73.548317, "delta": 0.820333}}
{"target": -35.399147619711165, "params": {"C": 3108.708687759639, "gamma": 0.09576602304938077}, "datetime": {"datetime": "2021-09-28 15:31:16", "elapsed": 74.571314, "delta": 1.022997}}
{"target": -34.75262290409766, "params": {"C": 3637.029768542237, "gamma": 0.050365601236733414}, "datetime": {"datetime": "2021-09-28 15:31:17", "elapsed": 75.691199, "delta": 1.119885}}
{"target": -36.24178720023611, "params": {"C": 3710.756738064714, "gamma": 0.14961236344659085}, "datetime": {"datetime": "2021-09-28 15:31:17", "elapsed": 76.432202, "delta": 0.741003}}
{"target": -35.3026553695193, "params": {"C": 3029.829504761382, "gamma": 0.08968121466106321}, "datetime": {"datetime": "2021-09-28 15:31:18", "elapsed": 77.132671, "delta": 0.700469}}
{"target": -34.79740207164744, "params": {"C": 3261.923257003805, "gamma": 0.05265734583344781}, "datetime": {"datetime": "2021-09-28 15:31:19", "elapsed": 77.998623, "delta": 0.865952}}
{"target": -34.67243727190315, "params": {"C": 3822.956567153293, "gamma": 0.0428885215235449}, "datetime": {"datetime": "2021-09-28 15:31:20", "elapsed": 78.757627, "delta": 0.759004}}
{"target": -36.11610277656097, "params": {"C": 3425.7663188190427, "gamma": 0.14105499198294066}, "datetime": {"datetime": "2021-09-28 15:31:21", "elapsed": 79.573634, "delta": 0.816007}}
{"target": -34.69640393516723, "params": {"C": 3568.279124079788, "gamma": 0.043509369451541824}, "datetime": {"datetime": "2021-09-28 15:31:21", "elapsed": 80.441628, "delta": 0.867994}}
{"target": -35.007822322820275, "params": {"C": 3822.9549764048134, "gamma": 0.02105695185197652}, "datetime": {"datetime": "2021-09-28 15:31:22", "elapsed": 81.306087, "delta": 0.864459}}
{"target": -36.33645171049436, "params": {"C": 3125.565389957772, "gamma": 0.010840776114042886}, "datetime": {"datetime": "2021-09-28 15:31:23", "elapsed": 82.352087, "delta": 1.046}}
{"target": -34.972159745504484, "params": {"C": 3406.1645592320383, "gamma": 0.06724346952844898}, "datetime": {"datetime": "2021-09-28 15:31:24", "elapsed": 83.145915, "delta": 0.793828}}
{"target": -36.53093469145046, "params": {"C": 3798.611843707974, "gamma": 0.17044017230754974}, "datetime": {"datetime": "2021-09-28 15:31:25", "elapsed": 83.980932, "delta": 0.835017}}
{"target": -34.72970558228253, "params": {"C": 3878.882473707328, "gamma": 0.049316204197563905}, "datetime": {"datetime": "2021-09-28 15:31:26", "elapsed": 85.126696, "delta": 1.145764}}
{"target": -34.70484686691487, "params": {"C": 3637.004567734305, "gamma": 0.04575479961953842}, "datetime": {"datetime": "2021-09-28 15:31:27", "elapsed": 86.074699, "delta": 0.948003}}
{"target": -35.03658062049394, "params": {"C": 3125.8058524644875, "gamma": 0.07131881230861639}, "datetime": {"datetime": "2021-09-28 15:31:28", "elapsed": 87.160633, "delta": 1.085934}}
{"target": -34.76586068787767, "params": {"C": 3822.9058430640252, "gamma": 0.05229035276535257}, "datetime": {"datetime": "2021-09-28 15:31:29", "elapsed": 88.099634, "delta": 0.939001}}
{"target": -36.53433274482953, "params": {"C": 3155.898649774399, "gamma": 0.17147870912198054}, "datetime": {"datetime": "2021-09-28 15:31:30", "elapsed": 88.990154, "delta": 0.89052}}
{"target": -35.472137694923944, "params": {"C": 3822.957620237356, "gamma": 0.099249018091438}, "datetime": {"datetime": "2021-09-28 15:31:31", "elapsed": 90.247152, "delta": 1.256998}}
{"target": -34.67948789944039, "params": {"C": 3878.8530199941188, "gamma": 0.04441444828837526}, "datetime": {"datetime": "2021-09-28 15:31:33", "elapsed": 91.606475, "delta": 1.359323}}
{"target": -34.83079761523392, "params": {"C": 3261.9534354597995, "gamma": 0.026734698077912865}, "datetime": {"datetime": "2021-09-28 15:31:34", "elapsed": 92.495474, "delta": 0.888999}}
{"target": -34.80696654317643, "params": {"C": 3108.8406166454065, "gamma": 0.052736861813023964}, "datetime": {"datetime": "2021-09-28 15:31:34", "elapsed": 93.286918, "delta": 0.791444}}
{"target": -34.69786455635508, "params": {"C": 3816.9087792579303, "gamma": 0.030808847527601078}, "datetime": {"datetime": "2021-09-28 15:31:35", "elapsed": 94.099599, "delta": 0.812681}}
{"target": -34.9211395886094, "params": {"C": 3108.7753199441604, "gamma": 0.06237491636300767}, "datetime": {"datetime": "2021-09-28 15:31:36", "elapsed": 95.167474, "delta": 1.067875}}
{"target": -34.69187955489454, "params": {"C": 3822.990305375017, "gamma": 0.04541280313973477}, "datetime": {"datetime": "2021-09-28 15:31:38", "elapsed": 96.484469, "delta": 1.316995}}
{"target": -34.67083197742808, "params": {"C": 3816.944049660798, "gamma": 0.04248360738347776}, "datetime": {"datetime": "2021-09-28 15:31:39", "elapsed": 97.524842, "delta": 1.040373}}
{"target": -35.47527060092094, "params": {"C": 3878.9050288618546, "gamma": 0.09921513246673133}, "datetime": {"datetime": "2021-09-28 15:31:40", "elapsed": 98.522253, "delta": 0.997411}}
{"target": -35.143089011039955, "params": {"C": 3578.819955432922, "gamma": 0.07992829143993516}, "datetime": {"datetime": "2021-09-28 15:31:40", "elapsed": 99.426612, "delta": 0.904359}}
{"target": -35.25544059131324, "params": {"C": 3658.786425265259, "gamma": 0.08719134208574603}, "datetime": {"datetime": "2021-09-28 15:31:41", "elapsed": 100.44661, "delta": 1.019998}}
{"target": -36.19427826254862, "params": {"C": 3163.527266091962, "gamma": 0.14620420674946322}, "datetime": {"datetime": "2021-09-28 15:31:42", "elapsed": 101.414984, "delta": 0.968374}}
{"target": -34.898757411113976, "params": {"C": 3348.7701288775424, "gamma": 0.06146135757048641}, "datetime": {"datetime": "2021-09-28 15:31:43", "elapsed": 102.413984, "delta": 0.999}}
{"target": -34.78925226519227, "params": {"C": 3353.1367633450395, "gamma": 0.05236724633008455}, "datetime": {"datetime": "2021-09-28 15:31:45", "elapsed": 103.589854, "delta": 1.17587}}
{"target": -34.677547207254925, "params": {"C": 3816.975268371374, "gamma": 0.04374641696582717}, "datetime": {"datetime": "2021-09-28 15:31:46", "elapsed": 104.837011, "delta": 1.247157}}
{"target": -34.709911446368366, "params": {"C": 3261.874866836462, "gamma": 0.040172181159301636}, "datetime": {"datetime": "2021-09-28 15:31:47", "elapsed": 105.990013, "delta": 1.153002}}
{"target": -34.977461525549, "params": {"C": 3568.299465458411, "gamma": 0.06802650390990019}, "datetime": {"datetime": "2021-09-28 15:31:49", "elapsed": 107.779011, "delta": 1.788998}}
{"target": -36.087016009146986, "params": {"C": 3868.9781261062285, "gamma": 0.13842760691174644}, "datetime": {"datetime": "2021-09-28 15:31:50", "elapsed": 108.620197, "delta": 0.841186}}
{"target": -35.14914068655364, "params": {"C": 3261.878284663277, "gamma": 0.0798405699299975}, "datetime": {"datetime": "2021-09-28 15:31:51", "elapsed": 109.595324, "delta": 0.975127}}
{"target": -35.36799472202947, "params": {"C": 3108.7094924122516, "gamma": 0.09391428079915011}, "datetime": {"datetime": "2021-09-28 15:31:51", "elapsed": 110.4498, "delta": 0.854476}}
{"target": -35.79641128538292, "params": {"C": 3215.885294843858, "gamma": 0.12058118764558258}, "datetime": {"datetime": "2021-09-28 15:31:52", "elapsed": 111.22712, "delta": 0.77732}}
{"target": -34.94907679896656, "params": {"C": 3353.0919383829496, "gamma": 0.06535938833279399}, "datetime": {"datetime": "2021-09-28 15:31:53", "elapsed": 112.330035, "delta": 1.102915}}
{"target": -36.66267025039078, "params": {"C": 3957.6614977044364, "gamma": 0.18132288030853505}, "datetime": {"datetime": "2021-09-28 15:31:54", "elapsed": 113.140968, "delta": 0.810933}}
{"target": -35.28728230761992, "params": {"C": 3353.125335167667, "gamma": 0.08922310160575224}, "datetime": {"datetime": "2021-09-28 15:31:55", "elapsed": 114.068562, "delta": 0.927594}}
{"target": -36.513078178382486, "params": {"C": 3064.7751853733403, "gamma": 0.16986238684531615}, "datetime": {"datetime": "2021-09-28 15:31:56", "elapsed": 114.89911, "delta": 0.830548}}
{"target": -34.8117742773648, "params": {"C": 3051.235912923548, "gamma": 0.02955280596194937}, "datetime": {"datetime": "2021-09-28 15:31:57", "elapsed": 115.902113, "delta": 1.003003}}
{"target": -36.76658843666787, "params": {"C": 3799.7989416621067, "gamma": 0.19140812705152682}, "datetime": {"datetime": "2021-09-28 15:31:58", "elapsed": 116.840112, "delta": 0.937999}}
{"target": -35.9934218846479, "params": {"C": 3816.9840605663594, "gamma": 0.011959121861762326}, "datetime": {"datetime": "2021-09-28 15:31:59", "elapsed": 117.71878, "delta": 0.878668}}
{"target": -35.36490501052294, "params": {"C": 3816.964089410619, "gamma": 0.09321459435687994}, "datetime": {"datetime": "2021-09-28 15:32:00", "elapsed": 118.990094, "delta": 1.271314}}
{"target": -35.65375801732887, "params": {"C": 3280.1549847178467, "gamma": 0.111218064574119}, "datetime": {"datetime": "2021-09-28 15:32:01", "elapsed": 120.461094, "delta": 1.471}}
{"target": -35.07596166037534, "params": {"C": 3353.1688264685235, "gamma": 0.07475739283135859}, "datetime": {"datetime": "2021-09-28 15:32:03", "elapsed": 121.949035, "delta": 1.487941}}
{"target": -36.201396641483015, "params": {"C": 3928.0841508068434, "gamma": 0.14672430807554077}, "datetime": {"datetime": "2021-09-28 15:32:04", "elapsed": 123.005337, "delta": 1.056302}}
{"target": -35.05792249400058, "params": {"C": 3823.0271333552987, "gamma": 0.07423215516964725}, "datetime": {"datetime": "2021-09-28 15:32:05", "elapsed": 124.392996, "delta": 1.387659}}
{"target": -34.72821365967498, "params": {"C": 3878.9250749570447, "gamma": 0.049180149172375745}, "datetime": {"datetime": "2021-09-28 15:32:07", "elapsed": 125.498072, "delta": 1.105076}}
{"target": -35.78384384529559, "params": {"C": 3406.1761280201363, "gamma": 0.11913576971434904}, "datetime": {"datetime": "2021-09-28 15:32:08", "elapsed": 127.00809, "delta": 1.510018}}
{"target": -34.7196563978729, "params": {"C": 3261.913258966601, "gamma": 0.0358824717845745}, "datetime": {"datetime": "2021-09-28 15:32:09", "elapsed": 128.282473, "delta": 1.274383}}
{"target": -35.31504478991178, "params": {"C": 3878.956085006531, "gamma": 0.017721729063684844}, "datetime": {"datetime": "2021-09-28 15:32:11", "elapsed": 130.143323, "delta": 1.86085}}
{"target": -35.12719400522846, "params": {"C": 3056.846839543985, "gamma": 0.0775720970137148}, "datetime": {"datetime": "2021-09-28 15:32:12", "elapsed": 131.433848, "delta": 1.290525}}
{"target": -35.14077938039988, "params": {"C": 3146.5107165614118, "gamma": 0.07885784023180285}, "datetime": {"datetime": "2021-09-28 15:32:14", "elapsed": 132.724847, "delta": 1.290999}}
{"target": -35.38320433532654, "params": {"C": 3568.2703446721857, "gamma": 0.09465025266930006}, "datetime": {"datetime": "2021-09-28 15:32:15", "elapsed": 134.085858, "delta": 1.361011}}
{"target": -34.81162298930833, "params": {"C": 3637.1131178354954, "gamma": 0.05546086925936534}, "datetime": {"datetime": "2021-09-28 15:32:16", "elapsed": 135.332387, "delta": 1.246529}}
{"target": -34.75043079845233, "params": {"C": 3823.013929053669, "gamma": 0.027056293425955114}, "datetime": {"datetime": "2021-09-28 15:32:18", "elapsed": 137.058971, "delta": 1.726584}}
{"target": -34.93523022224452, "params": {"C": 3406.178987765459, "gamma": 0.023553214112768003}, "datetime": {"datetime": "2021-09-28 15:32:20", "elapsed": 138.825, "delta": 1.766029}}
{"target": -36.74575280388561, "params": {"C": 3220.4526204217364, "gamma": 0.19019392133700505}, "datetime": {"datetime": "2021-09-28 15:32:21", "elapsed": 139.75353, "delta": 0.92853}}
{"target": -34.944972147582234, "params": {"C": 3406.1175243232706, "gamma": 0.06519939934424811}, "datetime": {"datetime": "2021-09-28 15:32:22", "elapsed": 140.86453, "delta": 1.111}}
{"target": -34.83726821839148, "params": {"C": 3261.8190046809004, "gamma": 0.05612770452351546}, "datetime": {"datetime": "2021-09-28 15:32:23", "elapsed": 142.195249, "delta": 1.330719}}
{"target": -34.84480402377367, "params": {"C": 3261.998757889819, "gamma": 0.056763207726060576}, "datetime": {"datetime": "2021-09-28 15:32:25", "elapsed": 143.814196, "delta": 1.618947}}
{"target": -35.81110360830863, "params": {"C": 3414.6669896815665, "gamma": 0.12090952832209068}, "datetime": {"datetime": "2021-09-28 15:32:26", "elapsed": 144.766198, "delta": 0.952002}}
{"target": -34.70261870109669, "params": {"C": 3878.907642308741, "gamma": 0.02985259775893573}, "datetime": {"datetime": "2021-09-28 15:32:27", "elapsed": 146.112586, "delta": 1.346388}}
{"target": -35.85817245912477, "params": {"C": 3516.070816997312, "gamma": 0.12372665221023305}, "datetime": {"datetime": "2021-09-28 15:32:28", "elapsed": 147.140563, "delta": 1.027977}}
{"target": -34.90849372602031, "params": {"C": 3605.135645627222, "gamma": 0.06298539095887747}, "datetime": {"datetime": "2021-09-28 15:32:29", "elapsed": 148.221584, "delta": 1.081021}}
{"target": -35.70540757867851, "params": {"C": 3561.682411048776, "gamma": 0.11364009225558858}, "datetime": {"datetime": "2021-09-28 15:32:30", "elapsed": 149.403376, "delta": 1.181792}}
{"target": -34.70074928315901, "params": {"C": 3721.8380573542063, "gamma": 0.03152606366253069}, "datetime": {"datetime": "2021-09-28 15:32:32", "elapsed": 150.679376, "delta": 1.276}}
{"target": -34.727098595303175, "params": {"C": 3721.7823429796526, "gamma": 0.029381941440434413}, "datetime": {"datetime": "2021-09-28 15:32:33", "elapsed": 152.063907, "delta": 1.384531}}
{"target": -34.90679198524918, "params": {"C": 3816.8845245731086, "gamma": 0.06338610392023414}, "datetime": {"datetime": "2021-09-28 15:32:34", "elapsed": 153.199599, "delta": 1.135692}}
{"target": -34.8261582563008, "params": {"C": 3721.852098935915, "gamma": 0.05693104271823259}, "datetime": {"datetime": "2021-09-28 15:32:36", "elapsed": 154.586206, "delta": 1.386607}}
{"target": -35.03983548213135, "params": {"C": 3721.817317289223, "gamma": 0.07281051419370271}, "datetime": {"datetime": "2021-09-28 15:32:37", "elapsed": 156.039613, "delta": 1.453407}}
{"target": -36.81124001681134, "params": {"C": 3159.0109027650205, "gamma": 0.19700239975639977}, "datetime": {"datetime": "2021-09-28 15:32:38", "elapsed": 157.101134, "delta": 1.061521}}
{"target": -34.73554873790447, "params": {"C": 3051.1935625344972, "gamma": 0.03802120120760744}, "datetime": {"datetime": "2021-09-28 15:32:40", "elapsed": 158.573841, "delta": 1.472707}}
{"target": -36.72459428223369, "params": {"C": 3970.6028441658686, "gamma": 0.1870353954057611}, "datetime": {"datetime": "2021-09-28 15:32:41", "elapsed": 159.667192, "delta": 1.093351}}
{"target": -34.69585221210287, "params": {"C": 3637.079656857486, "gamma": 0.044451217160755015}, "datetime": {"datetime": "2021-09-28 15:32:42", "elapsed": 160.769193, "delta": 1.102001}}
{"target": -35.47526212686974, "params": {"C": 3051.210078802194, "gamma": 0.10037621989732616}, "datetime": {"datetime": "2021-09-28 15:32:44", "elapsed": 162.569396, "delta": 1.800203}}
{"target": -35.74953158330094, "params": {"C": 3822.894076612351, "gamma": 0.013959655207042579}, "datetime": {"datetime": "2021-09-28 15:32:45", "elapsed": 164.31145, "delta": 1.742054}}
{"target": -36.04493610485023, "params": {"C": 3815.7472842074476, "gamma": 0.13558910471694405}, "datetime": {"datetime": "2021-09-28 15:32:46", "elapsed": 165.41845, "delta": 1.107}}
{"target": -35.193706599780974, "params": {"C": 3261.9700133721376, "gamma": 0.08289042013155874}, "datetime": {"datetime": "2021-09-28 15:32:48", "elapsed": 166.977447, "delta": 1.558997}}
{"target": -34.684945113824966, "params": {"C": 3721.7562933014337, "gamma": 0.04373000273843536}, "datetime": {"datetime": "2021-09-28 15:32:50", "elapsed": 168.608425, "delta": 1.630978}}
{"target": -34.91724173843333, "params": {"C": 3816.914344152257, "gamma": 0.06415818637964621}, "datetime": {"datetime": "2021-09-28 15:32:51", "elapsed": 170.395665, "delta": 1.78724}}
{"target": -34.66393696215734, "params": {"C": 3816.8457286817757, "gamma": 0.03425521015705582}, "datetime": {"datetime": "2021-09-28 15:32:53", "elapsed": 172.304661, "delta": 1.908996}}
{"target": -34.90545948215705, "params": {"C": 3721.90487017762, "gamma": 0.06305921729410864}, "datetime": {"datetime": "2021-09-28 15:32:55", "elapsed": 174.455653, "delta": 2.150992}}
{"target": -35.27680468870546, "params": {"C": 3261.800634881342, "gamma": 0.08861478555945078}, "datetime": {"datetime": "2021-09-28 15:32:57", "elapsed": 176.207597, "delta": 1.751944}}
{"target": -36.82719268760415, "params": {"C": 3261.825379594084, "gamma": 0.00788237482536604}, "datetime": {"datetime": "2021-09-28 15:32:59", "elapsed": 177.838234, "delta": 1.630637}}
{"target": -34.84008050416553, "params": {"C": 3323.7389309265764, "gamma": 0.0566242321661986}, "datetime": {"datetime": "2021-09-28 15:33:00", "elapsed": 178.926883, "delta": 1.088649}}
