{"target": 0.22987483127571184, "params": {"C": 94377.33775913637, "gamma": 0.3428532412405869}, "datetime": {"datetime": "2021-10-04 10:53:20", "elapsed": 291.511698, "delta": 1.629688}}
{"target": 0.20791540956699006, "params": {"C": 60258.495323504736, "gamma": 0.590411246540784}, "datetime": {"datetime": "2021-10-04 10:53:22", "elapsed": 293.416039, "delta": 1.904341}}
{"target": 0.159552836898342, "params": {"C": 94413.52556043217, "gamma": 0.9517111946467549}, "datetime": {"datetime": "2021-10-04 10:53:24", "elapsed": 295.812065, "delta": 2.396026}}
{"target": 0.2163743579023274, "params": {"C": 94327.89777881585, "gamma": 0.6804797310910097}, "datetime": {"datetime": "2021-10-04 10:53:26", "elapsed": 297.772382, "delta": 1.960317}}
{"target": 0.1972953331416094, "params": {"C": 97882.43385382087, "gamma": 0.7800118474606823}, "datetime": {"datetime": "2021-10-04 10:53:27", "elapsed": 299.206516, "delta": 1.434134}}
{"target": 0.22555347461697894, "params": {"C": 94399.29856587116, "gamma": 0.6325006777534206}, "datetime": {"datetime": "2021-10-04 10:53:29", "elapsed": 300.806308, "delta": 1.599792}}
{"target": 0.21068485008851912, "params": {"C": 89808.33104575444, "gamma": 0.6966779032637034}, "datetime": {"datetime": "2021-10-04 10:53:31", "elapsed": 302.625346, "delta": 1.819038}}
{"target": 0.15807291051206218, "params": {"C": 94383.11399283126, "gamma": 0.9591176279769054}, "datetime": {"datetime": "2021-10-04 10:53:33", "elapsed": 304.491437, "delta": 1.866091}}
{"target": 0.14805971918384142, "params": {"C": 73734.63553920624, "gamma": 0.9340849603450156}, "datetime": {"datetime": "2021-10-04 10:53:35", "elapsed": 307.088326, "delta": 2.596889}}
{"target": 0.19770649047515965, "params": {"C": 73732.95190331494, "gamma": 0.2242846767174955}, "datetime": {"datetime": "2021-10-04 10:53:37", "elapsed": 308.758131, "delta": 1.669805}}
{"target": 0.21962201899011735, "params": {"C": 60235.99687839022, "gamma": 0.520701352071397}, "datetime": {"datetime": "2021-10-04 10:53:39", "elapsed": 310.629251, "delta": 1.87112}}
{"target": 0.23268386182039702, "params": {"C": 69888.54719486895, "gamma": 0.398882138198878}, "datetime": {"datetime": "2021-10-04 10:53:40", "elapsed": 312.163912, "delta": 1.534661}}
{"target": 0.2399415788536795, "params": {"C": 93510.27725852148, "gamma": 0.5277438088026623}, "datetime": {"datetime": "2021-10-04 10:53:42", "elapsed": 313.487675, "delta": 1.323763}}
{"target": 0.20306830449422453, "params": {"C": 61948.93491744765, "gamma": 0.6244422338326578}, "datetime": {"datetime": "2021-10-04 10:53:44", "elapsed": 315.352056, "delta": 1.864381}}
{"target": 0.12480058716231801, "params": {"C": 30908.144444784153, "gamma": 0.6582205343411991}, "datetime": {"datetime": "2021-10-04 10:53:45", "elapsed": 316.70745, "delta": 1.355394}}
{"target": 0.14625790510619696, "params": {"C": 61947.86980738154, "gamma": 0.8799054686579297}, "datetime": {"datetime": "2021-10-04 10:53:47", "elapsed": 318.816878, "delta": 2.109428}}
{"target": 0.18086995281808893, "params": {"C": 94428.44179487195, "gamma": 0.8482770294294604}, "datetime": {"datetime": "2021-10-04 10:53:49", "elapsed": 320.647217, "delta": 1.830339}}
{"target": 0.19682354663378898, "params": {"C": 57408.692426200876, "gamma": 0.6271938215449602}, "datetime": {"datetime": "2021-10-04 10:53:50", "elapsed": 322.245644, "delta": 1.598427}}
{"target": 0.22489089101675286, "params": {"C": 60353.66401798312, "gamma": 0.47549912846536624}, "datetime": {"datetime": "2021-10-04 10:53:52", "elapsed": 323.843944, "delta": 1.5983}}
{"target": 0.07926684339436119, "params": {"C": 26700.94442369313, "gamma": 0.7523148575901686}, "datetime": {"datetime": "2021-10-04 10:53:54", "elapsed": 325.351168, "delta": 1.507224}}
{"target": 0.2100296183299143, "params": {"C": 44037.355505861815, "gamma": 0.34077199306185757}, "datetime": {"datetime": "2021-10-04 10:53:55", "elapsed": 326.694192, "delta": 1.343024}}
{"target": 0.05697918440393257, "params": {"C": 28498.66264268575, "gamma": 0.8852229239701568}, "datetime": {"datetime": "2021-10-04 10:53:56", "elapsed": 328.333345, "delta": 1.639153}}
{"target": 0.2055304935201019, "params": {"C": 94373.02091132349, "gamma": 0.25879388701083733}, "datetime": {"datetime": "2021-10-04 10:53:58", "elapsed": 329.920118, "delta": 1.586773}}
{"target": 0.13275493791068227, "params": {"C": 56609.72115053544, "gamma": 0.9075379197895761}, "datetime": {"datetime": "2021-10-04 10:53:59", "elapsed": 331.339101, "delta": 1.418983}}
{"target": 0.141927444600347, "params": {"C": 69887.99561657908, "gamma": 0.9456689944180103}, "datetime": {"datetime": "2021-10-04 10:54:02", "elapsed": 333.617876, "delta": 2.278775}}
{"target": 0.20644013844363074, "params": {"C": 54834.46265415937, "gamma": 0.26233751836724956}, "datetime": {"datetime": "2021-10-04 10:54:03", "elapsed": 334.993073, "delta": 1.375197}}
{"target": 0.1654423744506529, "params": {"C": 94360.25504550044, "gamma": 0.9222065333333911}, "datetime": {"datetime": "2021-10-04 10:54:05", "elapsed": 337.291639, "delta": 2.298566}}
{"target": 0.23180212923936971, "params": {"C": 69889.14231473011, "gamma": 0.3863380449283542}, "datetime": {"datetime": "2021-10-04 10:54:07", "elapsed": 338.964271, "delta": 1.672632}}
{"target": 0.20364887917684982, "params": {"C": 61946.40256330737, "gamma": 0.24472140960268707}, "datetime": {"datetime": "2021-10-04 10:54:10", "elapsed": 341.826308, "delta": 2.862037}}
{"target": 0.19281438044372012, "params": {"C": 86834.49727348541, "gamma": 0.7719315155837883}, "datetime": {"datetime": "2021-10-04 10:54:11", "elapsed": 343.343509, "delta": 1.517201}}
{"target": 0.20576853004356888, "params": {"C": 80216.60761931179, "gamma": 0.6910278688662388}, "datetime": {"datetime": "2021-10-04 10:54:13", "elapsed": 344.827952, "delta": 1.484443}}
{"target": 0.20609348525635396, "params": {"C": 47751.92372230118, "gamma": 0.2773384785559732}, "datetime": {"datetime": "2021-10-04 10:54:15", "elapsed": 347.226887, "delta": 2.398935}}
{"target": 0.1995519420294618, "params": {"C": 60346.73339682759, "gamma": 0.22925970880699645}, "datetime": {"datetime": "2021-10-04 10:54:17", "elapsed": 348.779007, "delta": 1.55212}}
{"target": 0.20280957064858418, "params": {"C": 60206.97142207747, "gamma": 0.24212828484694005}, "datetime": {"datetime": "2021-10-04 10:54:20", "elapsed": 351.447012, "delta": 2.668005}}
{"target": 0.200477375709458, "params": {"C": 93510.91655383112, "gamma": 0.24348131867571032}, "datetime": {"datetime": "2021-10-04 10:54:23", "elapsed": 354.525802, "delta": 3.07879}}
{"target": 0.19353439329137934, "params": {"C": 61638.255308851105, "gamma": 0.6672039876014628}, "datetime": {"datetime": "2021-10-04 10:54:25", "elapsed": 356.385091, "delta": 1.859289}}
{"target": 0.2367776307377284, "params": {"C": 94420.06716603812, "gamma": 0.3790590985745752}, "datetime": {"datetime": "2021-10-04 10:54:27", "elapsed": 358.649776, "delta": 2.264685}}
{"target": 0.20070885290808094, "params": {"C": 85476.65209209823, "gamma": 0.7314726937229767}, "datetime": {"datetime": "2021-10-04 10:54:28", "elapsed": 360.187009, "delta": 1.537233}}
{"target": 0.18694577524202038, "params": {"C": 30966.217946477944, "gamma": 0.2797983355458331}, "datetime": {"datetime": "2021-10-04 10:54:30", "elapsed": 361.794406, "delta": 1.607397}}
{"target": 0.11981063888400689, "params": {"C": 51940.69714228058, "gamma": 0.931739419136518}, "datetime": {"datetime": "2021-10-04 10:54:31", "elapsed": 363.251145, "delta": 1.456739}}
{"target": 0.15087073320375421, "params": {"C": 94420.05794754381, "gamma": 0.9964425502259056}, "datetime": {"datetime": "2021-10-04 10:54:33", "elapsed": 365.172959, "delta": 1.921814}}
{"target": -0.13656176718359125, "params": {"C": 7337.488134005251, "gamma": 0.6293225004406239}, "datetime": {"datetime": "2021-10-04 10:54:35", "elapsed": 367.052909, "delta": 1.87995}}
{"target": 0.03805616773930254, "params": {"C": 22752.58543126341, "gamma": 0.8153057649698561}, "datetime": {"datetime": "2021-10-04 10:54:37", "elapsed": 368.467202, "delta": 1.414293}}
{"target": 0.01798670666339308, "params": {"C": 11712.298120891155, "gamma": 0.49022853282610157}, "datetime": {"datetime": "2021-10-04 10:54:38", "elapsed": 370.222281, "delta": 1.755079}}
{"target": 0.1271153833950237, "params": {"C": 60346.866038805194, "gamma": 0.9623464739417689}, "datetime": {"datetime": "2021-10-04 10:54:41", "elapsed": 372.689747, "delta": 2.467466}}
{"target": 0.23550283780918535, "params": {"C": 73583.48843909326, "gamma": 0.45119740193625324}, "datetime": {"datetime": "2021-10-04 10:54:44", "elapsed": 376.295588, "delta": 3.605841}}
{"target": 0.22278528566169242, "params": {"C": 71124.03409783005, "gamma": 0.3202594707475652}, "datetime": {"datetime": "2021-10-04 10:54:47", "elapsed": 378.667302, "delta": 2.371714}}
{"target": 0.16285650798054707, "params": {"C": 94323.46583984888, "gamma": 0.93490478205175}, "datetime": {"datetime": "2021-10-04 10:54:50", "elapsed": 381.375025, "delta": 2.707723}}
{"target": 0.11980961089345532, "params": {"C": 60261.24792247578, "gamma": 0.999483020956528}, "datetime": {"datetime": "2021-10-04 10:54:52", "elapsed": 383.575508, "delta": 2.200483}}
{"target": 0.20998045608452576, "params": {"C": 44871.97698395884, "gamma": 0.4293963124594831}, "datetime": {"datetime": "2021-10-04 10:54:54", "elapsed": 385.596277, "delta": 2.020769}}
{"target": 0.1290492857446126, "params": {"C": 57787.660072144165, "gamma": 0.9342364199329587}, "datetime": {"datetime": "2021-10-04 10:54:57", "elapsed": 389.223666, "delta": 3.627389}}
{"target": 0.12068723256640523, "params": {"C": 35164.7936711435, "gamma": 0.7384259662544677}, "datetime": {"datetime": "2021-10-04 10:54:59", "elapsed": 390.990888, "delta": 1.767222}}
{"target": 0.16151975734179813, "params": {"C": 94427.57752174391, "gamma": 0.9418663903721549}, "datetime": {"datetime": "2021-10-04 10:55:03", "elapsed": 394.697664, "delta": 3.706776}}
{"target": 0.23956096020232165, "params": {"C": 87056.71461265713, "gamma": 0.5008007427978978}, "datetime": {"datetime": "2021-10-04 10:55:08", "elapsed": 400.217107, "delta": 5.519443}}
{"target": 0.19013258175059988, "params": {"C": 94418.8903964127, "gamma": 0.8049823633598698}, "datetime": {"datetime": "2021-10-04 10:55:11", "elapsed": 402.73061, "delta": 2.513503}}
{"target": 0.13096485189293872, "params": {"C": 60362.66547628354, "gamma": 0.9431683206493}, "datetime": {"datetime": "2021-10-04 10:55:13", "elapsed": 405.199201, "delta": 2.468591}}
{"target": 0.21463541685086962, "params": {"C": 93511.54354051637, "gamma": 0.2863893501887498}, "datetime": {"datetime": "2021-10-04 10:55:17", "elapsed": 409.005518, "delta": 3.806317}}
{"target": 0.15027576636061646, "params": {"C": 94390.69858377731, "gamma": 0.9994901344987932}, "datetime": {"datetime": "2021-10-04 10:55:21", "elapsed": 413.251085, "delta": 4.245567}}
{"target": 0.12424389648172918, "params": {"C": 60387.92477967043, "gamma": 0.9772937431622464}, "datetime": {"datetime": "2021-10-04 10:55:24", "elapsed": 415.837556, "delta": 2.586471}}
{"target": 0.14815555896589894, "params": {"C": 64057.59919092948, "gamma": 0.883575024665813}, "datetime": {"datetime": "2021-10-04 10:55:26", "elapsed": 417.705574, "delta": 1.868018}}
{"target": 0.19606989486434845, "params": {"C": 71121.33196921558, "gamma": 0.2175827632095432}, "datetime": {"datetime": "2021-10-04 10:55:28", "elapsed": 419.95495, "delta": 2.249376}}
{"target": 0.17898826840090643, "params": {"C": 94347.25050600206, "gamma": 0.8569374730963988}, "datetime": {"datetime": "2021-10-04 10:55:31", "elapsed": 422.418812, "delta": 2.463862}}
{"target": 0.2043486525757151, "params": {"C": 89805.79622293542, "gamma": 0.2529689988825208}, "datetime": {"datetime": "2021-10-04 10:55:33", "elapsed": 425.186735, "delta": 2.767923}}
{"target": 0.20262615055346755, "params": {"C": 60365.57764052468, "gamma": 0.6175357614481842}, "datetime": {"datetime": "2021-10-04 10:55:36", "elapsed": 427.830418, "delta": 2.643683}}
{"target": 0.1515817975926147, "params": {"C": 89805.82974327836, "gamma": 0.9784783128556092}, "datetime": {"datetime": "2021-10-04 10:55:38", "elapsed": 430.332094, "delta": 2.501676}}
{"target": 0.19481789951227402, "params": {"C": 94373.96863514007, "gamma": 0.7831112648059373}, "datetime": {"datetime": "2021-10-04 10:55:41", "elapsed": 432.618392, "delta": 2.286298}}
{"target": 0.18916264059973065, "params": {"C": 94358.57752442044, "gamma": 0.8093389842303522}, "datetime": {"datetime": "2021-10-04 10:55:43", "elapsed": 434.453717, "delta": 1.835325}}
{"target": 0.20754538555441404, "params": {"C": 60238.61165747771, "gamma": 0.2613579818113874}, "datetime": {"datetime": "2021-10-04 10:55:46", "elapsed": 437.818923, "delta": 3.365206}}
{"target": 0.22336193128114878, "params": {"C": 60221.3702330161, "gamma": 0.49008709438558506}, "datetime": {"datetime": "2021-10-04 10:55:48", "elapsed": 439.404849, "delta": 1.585926}}
{"target": 0.22342810727284812, "params": {"C": 61636.926803538285, "gamma": 0.3420303206973906}, "datetime": {"datetime": "2021-10-04 10:55:50", "elapsed": 442.273264, "delta": 2.868415}}
{"target": 0.14382381800663635, "params": {"C": 73584.41259387754, "gamma": 0.9545101787147434}, "datetime": {"datetime": "2021-10-04 10:55:53", "elapsed": 445.267101, "delta": 2.993837}}
{"target": 0.1767311535468622, "params": {"C": 47746.9028701053, "gamma": 0.6465549604178045}, "datetime": {"datetime": "2021-10-04 10:55:56", "elapsed": 447.820833, "delta": 2.553732}}
{"target": 0.1999082916204874, "params": {"C": 69889.74066830985, "gamma": 0.2306594745979414}, "datetime": {"datetime": "2021-10-04 10:55:59", "elapsed": 450.918507, "delta": 3.097674}}
{"target": -0.014804316100840209, "params": {"C": 18008.29111735973, "gamma": 0.8645653276032013}, "datetime": {"datetime": "2021-10-04 10:56:01", "elapsed": 452.564998, "delta": 1.646491}}
{"target": 0.02733706977018202, "params": {"C": 23988.758007874894, "gamma": 0.8988013128022216}, "datetime": {"datetime": "2021-10-04 10:56:03", "elapsed": 454.726807, "delta": 2.161809}}
{"target": 0.23785703077306697, "params": {"C": 320319.1610298302, "gamma": 0.7107744922145419}, "datetime": {"datetime": "2021-10-04 10:56:06", "elapsed": 0.0, "delta": 0.0}}
{"target": 0.25297890026440695, "params": {"C": 216361.89556517772, "gamma": 0.515230156750884}, "datetime": {"datetime": "2021-10-04 10:56:06", "elapsed": 0.167264, "delta": 0.167264}}
{"target": 0.20546005308436366, "params": {"C": 457178.7817390619, "gamma": 0.8972264511330371}, "datetime": {"datetime": "2021-10-04 10:56:07", "elapsed": 0.33133, "delta": 0.164066}}
{"target": 0.17250655352985578, "params": {"C": 150234.12418553449, "gamma": 0.21437769223494307}, "datetime": {"datetime": "2021-10-04 10:56:07", "elapsed": 0.533582, "delta": 0.202252}}
{"target": 0.24689415085406552, "params": {"C": 120586.88132033194, "gamma": 0.44584255505778075}, "datetime": {"datetime": "2021-10-04 10:56:07", "elapsed": 0.704698, "delta": 0.171116}}
{"target": 0.22813511612480764, "params": {"C": 216348.97833179042, "gamma": 0.7434126647419665}, "datetime": {"datetime": "2021-10-04 10:56:07", "elapsed": 0.942866, "delta": 0.238168}}
{"target": 0.22832598208673838, "params": {"C": 120610.65429862747, "gamma": 0.6690771586035158}, "datetime": {"datetime": "2021-10-04 10:56:07", "elapsed": 1.201114, "delta": 0.258248}}
{"target": 0.24722227575561417, "params": {"C": 120585.3434763204, "gamma": 0.4507390750688264}, "datetime": {"datetime": "2021-10-04 10:56:08", "elapsed": 1.8531, "delta": 0.651986}}
{"target": 0.1796800042966582, "params": {"C": 120530.95167962744, "gamma": 0.9074770062099832}, "datetime": {"datetime": "2021-10-04 10:56:08", "elapsed": 2.124102, "delta": 0.271002}}
{"target": 0.18247670745453082, "params": {"C": 216398.99784103746, "gamma": 0.9750947095024453}, "datetime": {"datetime": "2021-10-04 10:56:09", "elapsed": 2.386288, "delta": 0.262186}}
{"target": 0.2527704319062962, "params": {"C": 320270.8719354264, "gamma": 0.5696038113057582}, "datetime": {"datetime": "2021-10-04 10:56:09", "elapsed": 2.633744, "delta": 0.247456}}
{"target": 0.1818068519433459, "params": {"C": 320254.47593323, "gamma": 0.03418553021757163}, "datetime": {"datetime": "2021-10-04 10:56:09", "elapsed": 2.887189, "delta": 0.253445}}
{"target": 0.21787049949908988, "params": {"C": 216378.38992139534, "gamma": 0.34508805202444226}, "datetime": {"datetime": "2021-10-04 10:56:09", "elapsed": 3.169725, "delta": 0.282536}}
{"target": 0.2459223867786542, "params": {"C": 120569.71953755071, "gamma": 0.5430755480876944}, "datetime": {"datetime": "2021-10-04 10:56:10", "elapsed": 3.418503, "delta": 0.248778}}
{"target": 0.08392057135947617, "params": {"C": 320291.2227204838, "gamma": 0.14483189813286024}, "datetime": {"datetime": "2021-10-04 10:56:10", "elapsed": 3.672497, "delta": 0.253994}}
{"target": 0.2503229635856784, "params": {"C": 320353.1582372863, "gamma": 0.6130229867697379}, "datetime": {"datetime": "2021-10-04 10:56:10", "elapsed": 3.919983, "delta": 0.247486}}
{"target": 0.14914154551506953, "params": {"C": 320338.67078986415, "gamma": 0.058142819870894806}, "datetime": {"datetime": "2021-10-04 10:56:10", "elapsed": 4.167475, "delta": 0.247492}}
{"target": 0.21891123800966705, "params": {"C": 320365.2454506288, "gamma": 0.3750575447913584}, "datetime": {"datetime": "2021-10-04 10:56:11", "elapsed": 4.421477, "delta": 0.254002}}
{"target": 0.2025948236009315, "params": {"C": 120639.80218680274, "gamma": 0.7974307220300667}, "datetime": {"datetime": "2021-10-04 10:56:11", "elapsed": 5.129387, "delta": 0.70791}}
{"target": 0.21555446285341373, "params": {"C": 120559.65333861871, "gamma": 0.7347743412925397}, "datetime": {"datetime": "2021-10-04 10:56:12", "elapsed": 5.395913, "delta": 0.266526}}
{"target": 0.23648047869241318, "params": {"C": 120601.24461914654, "gamma": 0.6210207344671744}, "datetime": {"datetime": "2021-10-04 10:56:12", "elapsed": 5.658722, "delta": 0.262809}}
{"target": 0.22124257817698956, "params": {"C": 216327.85479757257, "gamma": 0.7795153028833168}, "datetime": {"datetime": "2021-10-04 10:56:12", "elapsed": 5.947648, "delta": 0.288926}}
{"target": 0.23850269618421638, "params": {"C": 216288.28974374535, "gamma": 0.4073120901364435}, "datetime": {"datetime": "2021-10-04 10:56:12", "elapsed": 6.314647, "delta": 0.366999}}
{"target": 0.1302486796333493, "params": {"C": 216277.50379006384, "gamma": 0.10481311946524416}, "datetime": {"datetime": "2021-10-04 10:56:13", "elapsed": 6.690046, "delta": 0.375399}}
{"target": 0.15717674111325608, "params": {"C": 320311.02566643566, "gamma": 0.26588365542504644}, "datetime": {"datetime": "2021-10-04 10:56:13", "elapsed": 6.957445, "delta": 0.267399}}
{"target": 0.18123289944214716, "params": {"C": 320415.1760034417, "gamma": 0.034828851306711185}, "datetime": {"datetime": "2021-10-04 10:56:13", "elapsed": 7.253888, "delta": 0.296443}}
{"target": 0.18205039315341343, "params": {"C": 120594.46666483523, "gamma": 0.8959620748796864}, "datetime": {"datetime": "2021-10-04 10:56:14", "elapsed": 7.535285, "delta": 0.281397}}
{"target": 0.2402855632260611, "params": {"C": 320325.70884785097, "gamma": 0.4395281439121627}, "datetime": {"datetime": "2021-10-04 10:56:14", "elapsed": 7.85718, "delta": 0.321895}}
{"target": 0.1984250062347266, "params": {"C": 216317.6490325675, "gamma": 0.8939292711991139}, "datetime": {"datetime": "2021-10-04 10:56:14", "elapsed": 8.147433, "delta": 0.290253}}
{"target": 0.2478561707427922, "params": {"C": 120573.17458439311, "gamma": 0.5106609536050949}, "datetime": {"datetime": "2021-10-04 10:56:15", "elapsed": 8.421828, "delta": 0.274395}}
{"target": 0.2220670745709188, "params": {"C": 114041.6612993692, "gamma": 0.3173328034910053}, "datetime": {"datetime": "2021-10-04 10:56:15", "elapsed": 8.703342, "delta": 0.281514}}
{"target": 0.24805911532383274, "params": {"C": 216294.48719397146, "gamma": 0.4553459826279952}, "datetime": {"datetime": "2021-10-04 10:56:15", "elapsed": 9.016067, "delta": 0.312725}}
{"target": 0.2400911251314286, "params": {"C": 114054.70740318963, "gamma": 0.3919571956598264}, "datetime": {"datetime": "2021-10-04 10:56:16", "elapsed": 9.368625, "delta": 0.352558}}
{"target": 0.17174501455743862, "params": {"C": 114075.55986397702, "gamma": 0.08149063668835316}, "datetime": {"datetime": "2021-10-04 10:56:16", "elapsed": 9.771137, "delta": 0.402512}}
{"target": 0.2017249160383624, "params": {"C": 113956.30587853835, "gamma": 0.7909574991715111}, "datetime": {"datetime": "2021-10-04 10:56:16", "elapsed": 10.065359, "delta": 0.294222}}
{"target": 0.24055208653365778, "params": {"C": 320377.296776245, "gamma": 0.6935992849338468}, "datetime": {"datetime": "2021-10-04 10:56:17", "elapsed": 10.433056, "delta": 0.367697}}
{"target": 0.17042493580337748, "params": {"C": 114029.06690755054, "gamma": 0.0858071285898241}, "datetime": {"datetime": "2021-10-04 10:56:17", "elapsed": 10.788709, "delta": 0.355653}}
{"target": 0.16145755552806318, "params": {"C": 320385.1579958384, "gamma": 0.2721915134849416}, "datetime": {"datetime": "2021-10-04 10:56:17", "elapsed": 11.142704, "delta": 0.353995}}
{"target": 0.25017065999418076, "params": {"C": 305908.3627553461, "gamma": 0.613556500814107}, "datetime": {"datetime": "2021-10-04 10:56:18", "elapsed": 11.478073, "delta": 0.335369}}
{"target": 0.18806435158412393, "params": {"C": 216368.60370977194, "gamma": 0.946282939771042}, "datetime": {"datetime": "2021-10-04 10:56:18", "elapsed": 11.850067, "delta": 0.371994}}
{"target": 0.20885582604376485, "params": {"C": 305924.3906278837, "gamma": 0.8649159392206239}, "datetime": {"datetime": "2021-10-04 10:56:18", "elapsed": 12.186517, "delta": 0.33645}}
{"target": 0.24844458666511104, "params": {"C": 305867.70688453916, "gamma": 0.6314716339443416}, "datetime": {"datetime": "2021-10-04 10:56:19", "elapsed": 12.548224, "delta": 0.361707}}
