{"target": -42.36820710113298, "params": {"C": 6228.285952560709, "gamma": 0.014434599230241998}, "datetime": {"datetime": "2021-09-29 18:23:21", "elapsed": 173.751801, "delta": 1.138657}}
{"target": -43.19086381746042, "params": {"C": 6327.728506158678, "gamma": 0.027127728636192804}, "datetime": {"datetime": "2021-09-29 18:23:22", "elapsed": 175.529123, "delta": 1.777322}}
{"target": -42.510170736926945, "params": {"C": 7730.038183894169, "gamma": 0.01306440783233227}, "datetime": {"datetime": "2021-09-29 18:23:24", "elapsed": 176.604124, "delta": 1.075001}}
{"target": -43.96292366005309, "params": {"C": 9519.60942209322, "gamma": 0.028444981630487857}, "datetime": {"datetime": "2021-09-29 18:23:25", "elapsed": 177.640079, "delta": 1.035955}}
{"target": -42.574678703924896, "params": {"C": 8856.51719463235, "gamma": 0.01191530960552609}, "datetime": {"datetime": "2021-09-29 18:23:26", "elapsed": 179.324092, "delta": 1.684013}}
{"target": -42.81509119633874, "params": {"C": 5202.913783005223, "gamma": 0.02531485188090608}, "datetime": {"datetime": "2021-09-29 18:23:28", "elapsed": 180.853419, "delta": 1.529327}}
{"target": -42.97765404986298, "params": {"C": 5570.369965462843, "gamma": 0.026611298801911428}, "datetime": {"datetime": "2021-09-29 18:23:30", "elapsed": 182.747883, "delta": 1.894464}}
{"target": -41.590581161169105, "params": {"C": 5971.79250414994, "gamma": 0.0043295528017941905}, "datetime": {"datetime": "2021-09-29 18:23:32", "elapsed": 184.887038, "delta": 2.139155}}
{"target": -42.01057818867435, "params": {"C": 5570.39359021089, "gamma": 0.010900639410192703}, "datetime": {"datetime": "2021-09-29 18:23:33", "elapsed": 186.366507, "delta": 1.479469}}
{"target": -42.96228346407652, "params": {"C": 7492.580610740151, "gamma": 0.019709791465502707}, "datetime": {"datetime": "2021-09-29 18:23:35", "elapsed": 187.943137, "delta": 1.57663}}
{"target": -42.35569360375631, "params": {"C": 6620.140809168964, "gamma": 0.013311279149388133}, "datetime": {"datetime": "2021-09-29 18:23:36", "elapsed": 188.95814, "delta": 1.015003}}
{"target": -43.201760875261215, "params": {"C": 6998.587943542525, "gamma": 0.024804911196478572}, "datetime": {"datetime": "2021-09-29 18:23:37", "elapsed": 190.45294, "delta": 1.4948}}
{"target": -43.25568646548797, "params": {"C": 6712.084673482243, "gamma": 0.02671333617506389}, "datetime": {"datetime": "2021-09-29 18:23:40", "elapsed": 192.638659, "delta": 2.185719}}
{"target": -41.59067938709764, "params": {"C": 5186.736421057734, "gamma": 0.005665063349085058}, "datetime": {"datetime": "2021-09-29 18:23:41", "elapsed": 194.455124, "delta": 1.816465}}
{"target": -41.52540499870024, "params": {"C": 5186.711699639398, "gamma": 0.004604654033491793}, "datetime": {"datetime": "2021-09-29 18:23:43", "elapsed": 195.916425, "delta": 1.461301}}
{"target": -42.90087699066255, "params": {"C": 8241.025073656507, "gamma": 0.017117093547548194}, "datetime": {"datetime": "2021-09-29 18:23:44", "elapsed": 197.51177, "delta": 1.595345}}
{"target": -42.7974781493879, "params": {"C": 5186.769817393688, "gamma": 0.025063871853396303}, "datetime": {"datetime": "2021-09-29 18:23:46", "elapsed": 199.213761, "delta": 1.701991}}
{"target": -43.845660028633624, "params": {"C": 9577.066012714742, "gamma": 0.02666427404744061}, "datetime": {"datetime": "2021-09-29 18:23:48", "elapsed": 200.609026, "delta": 1.395265}}
{"target": -42.42559652973863, "params": {"C": 5186.737708593492, "gamma": 0.01850007836296453}, "datetime": {"datetime": "2021-09-29 18:23:49", "elapsed": 202.175851, "delta": 1.566825}}
{"target": -42.18836407495577, "params": {"C": 7593.8562506206845, "gamma": 0.009163936130126234}, "datetime": {"datetime": "2021-09-29 18:23:51", "elapsed": 203.708056, "delta": 1.532205}}
{"target": -42.819933456121504, "params": {"C": 6998.624224373015, "gamma": 0.01897182629769807}, "datetime": {"datetime": "2021-09-29 18:23:52", "elapsed": 205.502863, "delta": 1.794807}}
{"target": -41.762197025943976, "params": {"C": 5845.414486303506, "gamma": 0.006823622525308399}, "datetime": {"datetime": "2021-09-29 18:23:54", "elapsed": 206.90086, "delta": 1.397997}}
{"target": -42.47544709029757, "params": {"C": 9577.141723398432, "gamma": 0.00964955610742849}, "datetime": {"datetime": "2021-09-29 18:23:56", "elapsed": 208.897794, "delta": 1.996934}}
{"target": -42.59217764774814, "params": {"C": 6998.662472777222, "gamma": 0.015721749133314897}, "datetime": {"datetime": "2021-09-29 18:23:57", "elapsed": 210.407932, "delta": 1.510138}}
{"target": -42.63447286380856, "params": {"C": 5680.402007619697, "gamma": 0.020199503810382595}, "datetime": {"datetime": "2021-09-29 18:23:58", "elapsed": 211.517572, "delta": 1.10964}}
{"target": -41.529572359989956, "params": {"C": 7084.530732634177, "gamma": 0.0024961798378052577}, "datetime": {"datetime": "2021-09-29 18:24:00", "elapsed": 212.752719, "delta": 1.235147}}
{"target": -42.43719863980297, "params": {"C": 5186.690175943739, "gamma": 0.018695293573347548}, "datetime": {"datetime": "2021-09-29 18:24:01", "elapsed": 214.270145, "delta": 1.517426}}
{"target": -42.22364426778665, "params": {"C": 6563.461034771516, "gamma": 0.01161416604699203}, "datetime": {"datetime": "2021-09-29 18:24:03", "elapsed": 215.921291, "delta": 1.651146}}
{"target": -42.80419630632858, "params": {"C": 6477.66566871905, "gamma": 0.020256240352706813}, "datetime": {"datetime": "2021-09-29 18:24:04", "elapsed": 217.325293, "delta": 1.404002}}
{"target": -43.80735842398175, "params": {"C": 8991.76494479228, "gamma": 0.027725238879067585}, "datetime": {"datetime": "2021-09-29 18:24:06", "elapsed": 218.785485, "delta": 1.460192}}
{"target": -41.53508815865225, "params": {"C": 5971.6894237118895, "gamma": 0.003556723819168002}, "datetime": {"datetime": "2021-09-29 18:24:08", "elapsed": 220.795202, "delta": 2.009717}}
{"target": -41.510710376303514, "params": {"C": 5428.9388975789825, "gamma": 0.003926632684842188}, "datetime": {"datetime": "2021-09-29 18:24:09", "elapsed": 222.408002, "delta": 1.6128}}
{"target": -41.513468085809244, "params": {"C": 6116.108950676871, "gamma": 0.0017025558349594036}, "datetime": {"datetime": "2021-09-29 18:24:11", "elapsed": 223.997199, "delta": 1.589197}}
{"target": -43.62303137357831, "params": {"C": 9088.117298531637, "gamma": 0.024859033862806874}, "datetime": {"datetime": "2021-09-29 18:24:12", "elapsed": 225.489907, "delta": 1.492708}}
{"target": -43.63246103619617, "params": {"C": 8484.302449264893, "gamma": 0.026666184950823846}, "datetime": {"datetime": "2021-09-29 18:24:14", "elapsed": 226.97237, "delta": 1.482463}}
{"target": -42.1338280599901, "params": {"C": 6116.092327638344, "gamma": 0.011363821046160488}, "datetime": {"datetime": "2021-09-29 18:24:15", "elapsed": 228.328541, "delta": 1.356171}}
{"target": -41.74780020043776, "params": {"C": 8856.560047610743, "gamma": 0.0030568942166031253}, "datetime": {"datetime": "2021-09-29 18:24:17", "elapsed": 230.28295, "delta": 1.954409}}
{"target": -42.46977027825215, "params": {"C": 9749.983825646064, "gamma": 0.00934300563152259}, "datetime": {"datetime": "2021-09-29 18:24:19", "elapsed": 231.763777, "delta": 1.480827}}
{"target": -42.842843201916736, "params": {"C": 7084.530629365259, "gamma": 0.019072676950827195}, "datetime": {"datetime": "2021-09-29 18:24:20", "elapsed": 233.477775, "delta": 1.713998}}
{"target": -42.02368039929081, "params": {"C": 7084.553462189355, "gamma": 0.00794875279604694}, "datetime": {"datetime": "2021-09-29 18:24:23", "elapsed": 235.611627, "delta": 2.133852}}
{"target": -42.34354194907232, "params": {"C": 9496.62844718965, "gamma": 0.008163297608162961}, "datetime": {"datetime": "2021-09-29 18:24:24", "elapsed": 236.983238, "delta": 1.371611}}
{"target": -41.83049787165199, "params": {"C": 5546.710636819553, "gamma": 0.008379640642793463}, "datetime": {"datetime": "2021-09-29 18:24:26", "elapsed": 238.610308, "delta": 1.62707}}
{"target": -42.0931587857758, "params": {"C": 6477.622021903696, "gamma": 0.010016737898143224}, "datetime": {"datetime": "2021-09-29 18:24:27", "elapsed": 240.211088, "delta": 1.60078}}
{"target": -43.769617143032555, "params": {"C": 8725.053834246813, "gamma": 0.027959907187544545}, "datetime": {"datetime": "2021-09-29 18:24:29", "elapsed": 242.052249, "delta": 1.841161}}
{"target": -41.50819525061374, "params": {"C": 5971.680189287758, "gamma": 0.00313135031588388}, "datetime": {"datetime": "2021-09-29 18:24:32", "elapsed": 244.792774, "delta": 2.740525}}
{"target": -41.472349530635945, "params": {"C": 5546.648722952778, "gamma": 0.0024655300001538015}, "datetime": {"datetime": "2021-09-29 18:24:33", "elapsed": 246.223481, "delta": 1.430707}}
{"target": -42.21207875100353, "params": {"C": 5417.290768218554, "gamma": 0.014319087614671894}, "datetime": {"datetime": "2021-09-29 18:24:35", "elapsed": 247.799662, "delta": 1.576181}}
{"target": -42.69482269735179, "params": {"C": 9455.150792683533, "gamma": 0.01243738164856193}, "datetime": {"datetime": "2021-09-29 18:24:37", "elapsed": 249.721673, "delta": 1.922011}}
{"target": -42.08894395488541, "params": {"C": 9668.786729570607, "gamma": 0.005046611178476175}, "datetime": {"datetime": "2021-09-29 18:24:38", "elapsed": 251.143139, "delta": 1.421466}}
{"target": -43.822816796479245, "params": {"C": 8818.984780871744, "gamma": 0.028456342609980555}, "datetime": {"datetime": "2021-09-29 18:24:40", "elapsed": 253.095848, "delta": 1.952709}}
{"target": -42.073448998301224, "params": {"C": 5441.723282798056, "gamma": 0.012153260049497266}, "datetime": {"datetime": "2021-09-29 18:24:42", "elapsed": 254.800171, "delta": 1.704323}}
{"target": -41.753266810781, "params": {"C": 6477.541396397473, "gamma": 0.0056036950634136985}, "datetime": {"datetime": "2021-09-29 18:24:44", "elapsed": 256.996053, "delta": 2.195882}}
{"target": -43.47003228938465, "params": {"C": 9900.93036570778, "gamma": 0.020975749770565703}, "datetime": {"datetime": "2021-09-29 18:24:46", "elapsed": 258.598062, "delta": 1.602009}}
{"target": -42.49491981008096, "params": {"C": 9749.929541964324, "gamma": 0.009644985538789116}, "datetime": {"datetime": "2021-09-29 18:24:47", "elapsed": 260.514212, "delta": 1.91615}}
{"target": -41.56738605617875, "params": {"C": 5428.92360694428, "gamma": 0.004860187310498323}, "datetime": {"datetime": "2021-09-29 18:24:50", "elapsed": 263.313215, "delta": 2.799003}}
{"target": -42.22796531044312, "params": {"C": 7680.184489848493, "gamma": 0.009520853530357507}, "datetime": {"datetime": "2021-09-29 18:24:52", "elapsed": 264.742095, "delta": 1.42888}}
{"target": -41.72524627567592, "params": {"C": 8882.09781885046, "gamma": 0.002904873255941164}, "datetime": {"datetime": "2021-09-29 18:24:53", "elapsed": 266.407292, "delta": 1.665197}}
{"target": -43.2029471131712, "params": {"C": 9593.834232772939, "gamma": 0.01826495711015133}, "datetime": {"datetime": "2021-09-29 18:24:55", "elapsed": 268.167314, "delta": 1.760022}}
{"target": -43.19751600401374, "params": {"C": 8516.99026039481, "gamma": 0.02044222443592281}, "datetime": {"datetime": "2021-09-29 18:24:57", "elapsed": 269.820611, "delta": 1.653297}}
{"target": -42.21242413932046, "params": {"C": 8823.016149887482, "gamma": 0.007525240459660201}, "datetime": {"datetime": "2021-09-29 18:24:58", "elapsed": 271.298505, "delta": 1.477894}}
{"target": -43.29713638637551, "params": {"C": 7680.16057768904, "gamma": 0.024090528234980684}, "datetime": {"datetime": "2021-09-29 18:25:00", "elapsed": 273.198882, "delta": 1.900377}}
{"target": -43.02852287355611, "params": {"C": 6477.593184641573, "gamma": 0.023831372373800428}, "datetime": {"datetime": "2021-09-29 18:25:02", "elapsed": 275.150047, "delta": 1.951165}}
{"target": -41.484053188245, "params": {"C": 6327.825733117592, "gamma": 0.002006955187734875}, "datetime": {"datetime": "2021-09-29 18:25:04", "elapsed": 277.098112, "delta": 1.948065}}
{"target": -43.147521799149665, "params": {"C": 7273.688134958671, "gamma": 0.02306655182352747}, "datetime": {"datetime": "2021-09-29 18:25:06", "elapsed": 278.600848, "delta": 1.502736}}
{"target": -42.471165177631974, "params": {"C": 9265.199457619792, "gamma": 0.010040940807762473}, "datetime": {"datetime": "2021-09-29 18:25:07", "elapsed": 280.158203, "delta": 1.557355}}
{"target": -42.04209387439458, "params": {"C": 9826.965403672977, "gamma": 0.004450307769149983}, "datetime": {"datetime": "2021-09-29 18:25:09", "elapsed": 282.56053, "delta": 2.402327}}
{"target": -41.725657578618396, "params": {"C": 5441.741319624522, "gamma": 0.007123573302222699}, "datetime": {"datetime": "2021-09-29 18:25:12", "elapsed": 284.97586, "delta": 2.41533}}
{"target": -42.8334417116052, "params": {"C": 5441.745408593845, "gamma": 0.02457491428985907}, "datetime": {"datetime": "2021-09-29 18:25:15", "elapsed": 288.133108, "delta": 3.157248}}
{"target": -41.57829808850076, "params": {"C": 5428.848275175184, "gamma": 0.005026033389878656}, "datetime": {"datetime": "2021-09-29 18:25:17", "elapsed": 290.207435, "delta": 2.074327}}
{"target": -42.864225928628805, "params": {"C": 6327.891294597404, "gamma": 0.021690930159518392}, "datetime": {"datetime": "2021-09-29 18:25:19", "elapsed": 292.485528, "delta": 2.278093}}
{"target": -43.445245697847916, "params": {"C": 8417.5317877252, "gamma": 0.024140785780931026}, "datetime": {"datetime": "2021-09-29 18:25:21", "elapsed": 294.223653, "delta": 1.738125}}
{"target": -42.17975375661786, "params": {"C": 6028.159987996773, "gamma": 0.012221126264960459}, "datetime": {"datetime": "2021-09-29 18:25:23", "elapsed": 295.908249, "delta": 1.684596}}
{"target": -42.65459924471532, "params": {"C": 5971.688471220006, "gamma": 0.019526817263248928}, "datetime": {"datetime": "2021-09-29 18:25:25", "elapsed": 298.309105, "delta": 2.400856}}
{"target": -41.66115505536583, "params": {"C": 5186.71880009414, "gamma": 0.0067242179531285}, "datetime": {"datetime": "2021-09-29 18:25:28", "elapsed": 300.880637, "delta": 2.571532}}
{"target": -42.90209919693679, "params": {"C": 6767.426234023174, "gamma": 0.02086989519654246}, "datetime": {"datetime": "2021-09-29 18:25:29", "elapsed": 302.371834, "delta": 1.491197}}
{"target": -42.95137607270295, "params": {"C": 7680.2210173476515, "gamma": 0.019078341308079783}, "datetime": {"datetime": "2021-09-29 18:25:32", "elapsed": 305.057315, "delta": 2.685481}}
{"target": -41.99120866464298, "params": {"C": 7446.903841209425, "gamma": 0.006936912327560887}, "datetime": {"datetime": "2021-09-29 18:25:34", "elapsed": 306.654036, "delta": 1.596721}}
{"target": -43.13215302318451, "params": {"C": 7542.229476296962, "gamma": 0.022039338280950903}, "datetime": {"datetime": "2021-09-29 18:25:35", "elapsed": 308.403458, "delta": 1.749422}}
{"target": -42.2273474914185, "params": {"C": 5058.688791674801, "gamma": 0.015675725321921415}, "datetime": {"datetime": "2021-09-29 18:25:37", "elapsed": 310.528409, "delta": 2.124951}}
{"target": -43.03167974039246, "params": {"C": 5428.911084881365, "gamma": 0.028273696703768534}, "datetime": {"datetime": "2021-09-29 18:25:40", "elapsed": 312.574634, "delta": 2.046225}}
{"target": -43.5547956583151, "params": {"C": 8882.110637780015, "gamma": 0.024445659898440133}, "datetime": {"datetime": "2021-09-29 18:25:41", "elapsed": 314.350857, "delta": 1.776223}}
{"target": -41.99641655664491, "params": {"C": 5812.1396272196625, "gamma": 0.010124751644992942}, "datetime": {"datetime": "2021-09-29 18:25:43", "elapsed": 315.87654, "delta": 1.525683}}
{"target": -42.23060835264541, "params": {"C": 9624.644998260337, "gamma": 0.0066387227410896425}, "datetime": {"datetime": "2021-09-29 18:25:44", "elapsed": 317.392885, "delta": 1.516345}}
{"target": -41.81591720509738, "params": {"C": 9478.1245908657, "gamma": 0.0031028001432625687}, "datetime": {"datetime": "2021-09-29 18:25:46", "elapsed": 318.911418, "delta": 1.518533}}
{"target": -41.63535570267169, "params": {"C": 5441.6975198417, "gamma": 0.005839148093309688}, "datetime": {"datetime": "2021-09-29 18:25:48", "elapsed": 321.429879, "delta": 2.518461}}
{"target": -42.78527781567584, "params": {"C": 8715.93469198628, "gamma": 0.014730976137657871}, "datetime": {"datetime": "2021-09-29 18:25:50", "elapsed": 323.288035, "delta": 1.858156}}
{"target": -44.022744812055286, "params": {"C": 9668.787590473894, "gamma": 0.028869617849568572}, "datetime": {"datetime": "2021-09-29 18:25:53", "elapsed": 326.219887, "delta": 2.931852}}
{"target": -42.19623958169216, "params": {"C": 5428.869711593212, "gamma": 0.014042390914328667}, "datetime": {"datetime": "2021-09-29 18:25:56", "elapsed": 328.864182, "delta": 2.644295}}
{"target": -42.12124863871359, "params": {"C": 5428.837483766087, "gamma": 0.012903897946488541}, "datetime": {"datetime": "2021-09-29 18:25:58", "elapsed": 331.472207, "delta": 2.608025}}
{"target": -42.17018808811501, "params": {"C": 5570.310548581388, "gamma": 0.013252265548792684}, "datetime": {"datetime": "2021-09-29 18:26:00", "elapsed": 333.240005, "delta": 1.767798}}
{"target": -42.81698428686391, "params": {"C": 5058.664313245814, "gamma": 0.026036958304800503}, "datetime": {"datetime": "2021-09-29 18:26:02", "elapsed": 335.397294, "delta": 2.157289}}
{"target": -42.58262222548787, "params": {"C": 6477.564507688669, "gamma": 0.0169083761251045}, "datetime": {"datetime": "2021-09-29 18:26:05", "elapsed": 337.846927, "delta": 2.449633}}
{"target": -41.47812559671812, "params": {"C": 5570.237844217627, "gamma": 0.0029735412901107775}, "datetime": {"datetime": "2021-09-29 18:26:08", "elapsed": 340.639745, "delta": 2.792818}}
{"target": -42.895393275446935, "params": {"C": 5546.635890541576, "gamma": 0.02523010061413659}, "datetime": {"datetime": "2021-09-29 18:26:13", "elapsed": 345.682463, "delta": 5.042718}}
{"target": -41.51573568815991, "params": {"C": 5812.174205972987, "gamma": 0.0017785570863503826}, "datetime": {"datetime": "2021-09-29 18:26:18", "elapsed": 350.792636, "delta": 5.110173}}
{"target": -42.01566746051279, "params": {"C": 5157.435018755688, "gamma": 0.012054110487587442}, "datetime": {"datetime": "2021-09-29 18:26:20", "elapsed": 352.896345, "delta": 2.103709}}
{"target": -41.92291297736809, "params": {"C": 5058.722730711209, "gamma": 0.010914661186355794}, "datetime": {"datetime": "2021-09-29 18:26:23", "elapsed": 355.704931, "delta": 2.808586}}
{"target": -42.39672659532163, "params": {"C": 5429.0016996972445, "gamma": 0.017185974439600543}, "datetime": {"datetime": "2021-09-29 18:26:26", "elapsed": 358.68928, "delta": 2.984349}}
{"target": -41.83674933168779, "params": {"C": 5186.7574320297435, "gamma": 0.00930089953579721}, "datetime": {"datetime": "2021-09-29 18:26:28", "elapsed": 361.317502, "delta": 2.628222}}
{"target": -42.78981556735065, "params": {"C": 5812.206816225716, "gamma": 0.022311043066851825}, "datetime": {"datetime": "2021-09-29 18:26:31", "elapsed": 363.93226, "delta": 2.614758}}
{"target": -41.62092461989204, "params": {"C": 5202.918256757529, "gamma": 0.0060924303593716065}, "datetime": {"datetime": "2021-09-29 18:26:34", "elapsed": 366.697732, "delta": 2.765472}}
{"target": -42.743315706546724, "params": {"C": 5845.634072335168, "gamma": 0.021408388630544544}, "datetime": {"datetime": "2021-09-29 18:26:36", "elapsed": 369.376379, "delta": 2.678647}}
{"target": -43.60726049177297, "params": {"C": 8040.377165739858, "gamma": 0.027662999252720373}, "datetime": {"datetime": "2021-09-29 18:26:38", "elapsed": 371.397002, "delta": 2.020623}}
{"target": -42.10539952113433, "params": {"C": 8823.051964424327, "gamma": 0.006262365800614693}, "datetime": {"datetime": "2021-09-29 18:26:42", "elapsed": 374.813827, "delta": 3.416825}}
{"target": -42.445625035486565, "params": {"C": 5157.478013082698, "gamma": 0.01894576415492166}, "datetime": {"datetime": "2021-09-29 18:26:45", "elapsed": 378.166938, "delta": 3.353111}}
{"target": -41.56644189701701, "params": {"C": 5441.6685143630375, "gamma": 0.004823636127523446}, "datetime": {"datetime": "2021-09-29 18:26:48", "elapsed": 381.113713, "delta": 2.946775}}
{"target": -41.7826812257871, "params": {"C": 7808.1923568975835, "gamma": 0.004176253317069403}, "datetime": {"datetime": "2021-09-29 18:26:51", "elapsed": 383.570409, "delta": 2.456696}}
{"target": -43.00809766550388, "params": {"C": 5812.099471173331, "gamma": 0.026091746050417503}, "datetime": {"datetime": "2021-09-29 18:26:54", "elapsed": 387.21617, "delta": 3.645761}}
{"target": -42.58704528463158, "params": {"C": 5441.647973176965, "gamma": 0.02027832044250605}, "datetime": {"datetime": "2021-09-29 18:26:57", "elapsed": 390.176462, "delta": 2.960292}}
{"target": -42.11968178389359, "params": {"C": 5570.2606320392315, "gamma": 0.0125004118273007}, "datetime": {"datetime": "2021-09-29 18:27:00", "elapsed": 393.522596, "delta": 3.346134}}
{"target": -41.48511235510002, "params": {"C": 9374.17721073781, "gamma": 0.0012806014326537198}, "datetime": {"datetime": "2021-09-29 18:27:02", "elapsed": 395.480584, "delta": 1.957988}}
{"target": -42.70582666529971, "params": {"C": 5441.670155156756, "gamma": 0.02231641992879875}, "datetime": {"datetime": "2021-09-29 18:27:06", "elapsed": 398.603446, "delta": 3.122862}}
{"target": -41.487077138590266, "params": {"C": 7446.943011717406, "gamma": 0.0016740014197125948}, "datetime": {"datetime": "2021-09-29 18:27:08", "elapsed": 400.936618, "delta": 2.333172}}
{"target": -42.43765831370075, "params": {"C": 6028.135901772355, "gamma": 0.015995480765880105}, "datetime": {"datetime": "2021-09-29 18:27:11", "elapsed": 403.653621, "delta": 2.717003}}
{"target": -41.54010988962167, "params": {"C": 9826.941233235757, "gamma": 0.001}, "datetime": {"datetime": "2021-09-29 18:27:14", "elapsed": 407.238939, "delta": 3.585318}}
{"target": -42.993288898851276, "params": {"C": 5157.453947598687, "gamma": 0.028908486559923372}, "datetime": {"datetime": "2021-09-29 18:27:17", "elapsed": 409.81786, "delta": 2.578921}}
