{"target": -40.35210812677838, "params": {"C": 182.18466585909383, "gamma": 0.16019222807438688}, "datetime": {"datetime": "2021-09-28 11:48:36", "elapsed": 68.228395, "delta": 0.624967}}
{"target": -41.739820385651115, "params": {"C": 182.1187860770566, "gamma": 0.005}, "datetime": {"datetime": "2021-09-28 11:48:37", "elapsed": 69.085266, "delta": 0.856871}}
{"target": -40.57684317745661, "params": {"C": 182.00187015565268, "gamma": 0.17960884280262038}, "datetime": {"datetime": "2021-09-28 11:48:38", "elapsed": 70.016253, "delta": 0.930987}}
{"target": -41.276572559275316, "params": {"C": 182.9649218032879, "gamma": 0.2517333467975966}, "datetime": {"datetime": "2021-09-28 11:48:39", "elapsed": 70.853595, "delta": 0.837342}}
{"target": -42.278635869643644, "params": {"C": 116.04081561467409, "gamma": 0.324569361187298}, "datetime": {"datetime": "2021-09-28 11:48:40", "elapsed": 71.586215, "delta": 0.73262}}
{"target": -39.619246322304704, "params": {"C": 182.2711508476581, "gamma": 0.09777510136003688}, "datetime": {"datetime": "2021-09-28 11:48:41", "elapsed": 72.625507, "delta": 1.039292}}
{"target": -40.32023411941325, "params": {"C": 142.3684565123462, "gamma": 0.11686752817377673}, "datetime": {"datetime": "2021-09-28 11:48:42", "elapsed": 73.436745, "delta": 0.811238}}
{"target": -40.78550495803719, "params": {"C": 142.5330485006126, "gamma": 0.1595279948924735}, "datetime": {"datetime": "2021-09-28 11:48:42", "elapsed": 74.226747, "delta": 0.790002}}
{"target": -41.744596213029794, "params": {"C": 142.32515516609803, "gamma": 0.26936726392941884}, "datetime": {"datetime": "2021-09-28 11:48:43", "elapsed": 75.124183, "delta": 0.897436}}
{"target": -39.6273664178549, "params": {"C": 183.1120468051672, "gamma": 0.028648789532487718}, "datetime": {"datetime": "2021-09-28 11:48:44", "elapsed": 76.037181, "delta": 0.912998}}
{"target": -41.41431452553419, "params": {"C": 183.26047403347133, "gamma": 0.2692611145524574}, "datetime": {"datetime": "2021-09-28 11:48:45", "elapsed": 77.150956, "delta": 1.113775}}
{"target": -40.707770990784184, "params": {"C": 184.80906359389033, "gamma": 0.19429860531782484}, "datetime": {"datetime": "2021-09-28 11:48:46", "elapsed": 78.023951, "delta": 0.872995}}
{"target": -42.239458074476175, "params": {"C": 135.7657159712194, "gamma": 0.34853663388348555}, "datetime": {"datetime": "2021-09-28 11:48:47", "elapsed": 78.896219, "delta": 0.872268}}
{"target": -39.68948441372977, "params": {"C": 196.08246592861417, "gamma": 0.023641266271430244}, "datetime": {"datetime": "2021-09-28 11:48:48", "elapsed": 79.847218, "delta": 0.950999}}
{"target": -39.787028961509755, "params": {"C": 195.97647477766438, "gamma": 0.02167663065547145}, "datetime": {"datetime": "2021-09-28 11:48:49", "elapsed": 80.577218, "delta": 0.73}}
{"target": -40.224356383772665, "params": {"C": 196.01720221568797, "gamma": 0.16090498262042843}, "datetime": {"datetime": "2021-09-28 11:48:50", "elapsed": 81.802902, "delta": 1.225684}}
{"target": -40.155065336348166, "params": {"C": 195.86551703406388, "gamma": 0.15494350593813483}, "datetime": {"datetime": "2021-09-28 11:48:51", "elapsed": 82.691905, "delta": 0.889003}}
{"target": -39.14594834524793, "params": {"C": 196.19907956409762, "gamma": 0.06010877877016908}, "datetime": {"datetime": "2021-09-28 11:48:52", "elapsed": 83.734512, "delta": 1.042607}}
{"target": -40.083651102359745, "params": {"C": 196.20599792214543, "gamma": 0.14933387294486525}, "datetime": {"datetime": "2021-09-28 11:48:53", "elapsed": 84.587514, "delta": 0.853002}}
{"target": -39.14329855730077, "params": {"C": 196.29567857919886, "gamma": 0.05081579209348944}, "datetime": {"datetime": "2021-09-28 11:48:54", "elapsed": 85.69235, "delta": 1.104836}}
{"target": -40.10642914428304, "params": {"C": 135.24105285932782, "gamma": 0.08638975189808426}, "datetime": {"datetime": "2021-09-28 11:48:55", "elapsed": 86.445602, "delta": 0.753252}}
{"target": -40.48572604803288, "params": {"C": 196.40974913195197, "gamma": 0.012499892193676903}, "datetime": {"datetime": "2021-09-28 11:48:55", "elapsed": 87.26574, "delta": 0.820138}}
{"target": -41.873559595811464, "params": {"C": 65.5790222713253, "gamma": 0.15519101435944738}, "datetime": {"datetime": "2021-09-28 11:48:56", "elapsed": 87.904743, "delta": 0.639003}}
{"target": -41.85935113229996, "params": {"C": 103.78909632386952, "gamma": 0.23072923669720558}, "datetime": {"datetime": "2021-09-28 11:48:57", "elapsed": 88.632744, "delta": 0.728001}}
{"target": -39.50642512762223, "params": {"C": 195.83522592323723, "gamma": 0.028235206425314463}, "datetime": {"datetime": "2021-09-28 11:48:58", "elapsed": 89.599895, "delta": 0.967151}}
{"target": -39.4631653294733, "params": {"C": 195.73053373772098, "gamma": 0.09739931547985202}, "datetime": {"datetime": "2021-09-28 11:48:59", "elapsed": 90.720894, "delta": 1.120999}}
{"target": -40.37098079854333, "params": {"C": 195.67822423075748, "gamma": 0.013684882908793165}, "datetime": {"datetime": "2021-09-28 11:49:00", "elapsed": 91.949359, "delta": 1.228465}}
{"target": -40.99533380302336, "params": {"C": 195.63331353399937, "gamma": 0.2324019776343811}, "datetime": {"datetime": "2021-09-28 11:49:01", "elapsed": 93.106388, "delta": 1.157029}}
{"target": -41.14310791091377, "params": {"C": 196.22337510577736, "gamma": 0.007563339791846421}, "datetime": {"datetime": "2021-09-28 11:49:02", "elapsed": 94.294388, "delta": 1.188}}
{"target": -39.462734525181915, "params": {"C": 196.11088855640793, "gamma": 0.09772733417740484}, "datetime": {"datetime": "2021-09-28 11:49:04", "elapsed": 95.470719, "delta": 1.176331}}
{"target": -41.007719373571234, "params": {"C": 89.28848855057075, "gamma": 0.1015366748933943}, "datetime": {"datetime": "2021-09-28 11:49:04", "elapsed": 96.228721, "delta": 0.758002}}
{"target": -39.56071875169865, "params": {"C": 173.4434850729939, "gamma": 0.08174854359897557}, "datetime": {"datetime": "2021-09-28 11:49:05", "elapsed": 96.89869, "delta": 0.669969}}
{"target": -42.07391122757797, "params": {"C": 113.86494782285642, "gamma": 0.28059857350390544}, "datetime": {"datetime": "2021-09-28 11:49:06", "elapsed": 97.514688, "delta": 0.615998}}
{"target": -39.654900932932655, "params": {"C": 196.3023339115635, "gamma": 0.1140250945959161}, "datetime": {"datetime": "2021-09-28 11:49:07", "elapsed": 98.50869, "delta": 0.994002}}
{"target": -39.508369768865926, "params": {"C": 173.3339925655452, "gamma": 0.07539000876999562}, "datetime": {"datetime": "2021-09-28 11:49:08", "elapsed": 99.756179, "delta": 1.247489}}
{"target": -40.599266997218294, "params": {"C": 173.35827160814682, "gamma": 0.17391840799904248}, "datetime": {"datetime": "2021-09-28 11:49:09", "elapsed": 100.80018, "delta": 1.044001}}
{"target": -40.92306360482873, "params": {"C": 110.92468388480572, "gamma": 0.1310829254550633}, "datetime": {"datetime": "2021-09-28 11:49:10", "elapsed": 101.590574, "delta": 0.790394}}
{"target": -41.96931040351025, "params": {"C": 169.79177655619606, "gamma": 0.34012240031529306}, "datetime": {"datetime": "2021-09-28 11:49:11", "elapsed": 102.42856, "delta": 0.837986}}
{"target": -40.321659270636424, "params": {"C": 173.40019915592524, "gamma": 0.01686800202240368}, "datetime": {"datetime": "2021-09-28 11:49:12", "elapsed": 103.631935, "delta": 1.203375}}
{"target": -40.08016556633007, "params": {"C": 173.54186368404135, "gamma": 0.12916554409511205}, "datetime": {"datetime": "2021-09-28 11:49:13", "elapsed": 104.713938, "delta": 1.082003}}
{"target": -40.0084375923786, "params": {"C": 173.2099924441061, "gamma": 0.021814272914010318}, "datetime": {"datetime": "2021-09-28 11:49:14", "elapsed": 105.902425, "delta": 1.188487}}
{"target": -40.02128074536062, "params": {"C": 173.20300763478798, "gamma": 0.12397533606200806}, "datetime": {"datetime": "2021-09-28 11:49:15", "elapsed": 107.132615, "delta": 1.23019}}
{"target": -40.3705898545872, "params": {"C": 135.3705026370029, "gamma": 0.024612897691285267}, "datetime": {"datetime": "2021-09-28 11:49:16", "elapsed": 108.347281, "delta": 1.214666}}
{"target": -41.418024152532354, "params": {"C": 173.6148220671988, "gamma": 0.007012086321009941}, "datetime": {"datetime": "2021-09-28 11:49:18", "elapsed": 109.505553, "delta": 1.158272}}
{"target": -41.559303123146606, "params": {"C": 182.54778541894927, "gamma": 0.0058530364759219276}, "datetime": {"datetime": "2021-09-28 11:49:19", "elapsed": 110.614555, "delta": 1.109002}}
{"target": -39.17711695276458, "params": {"C": 195.9066913527622, "gamma": 0.06665845501817938}, "datetime": {"datetime": "2021-09-28 11:49:20", "elapsed": 111.775085, "delta": 1.16053}}
{"target": -39.67555911123103, "params": {"C": 182.43389221493203, "gamma": 0.1029314473016581}, "datetime": {"datetime": "2021-09-28 11:49:21", "elapsed": 112.70908, "delta": 0.933995}}
{"target": -39.428437680155746, "params": {"C": 172.53631688868956, "gamma": 0.057279460376422696}, "datetime": {"datetime": "2021-09-28 11:49:22", "elapsed": 113.473319, "delta": 0.764239}}
{"target": -39.468108571678975, "params": {"C": 172.63742477487426, "gamma": 0.0682410586058964}, "datetime": {"datetime": "2021-09-28 11:49:23", "elapsed": 114.7453, "delta": 1.271981}}
{"target": -40.2743612959732, "params": {"C": 172.57594060477751, "gamma": 0.14464843941172886}, "datetime": {"datetime": "2021-09-28 11:49:24", "elapsed": 116.154144, "delta": 1.408844}}
{"target": -40.779586861139464, "params": {"C": 172.71088468812826, "gamma": 0.011814746607003525}, "datetime": {"datetime": "2021-09-28 11:49:25", "elapsed": 117.153287, "delta": 0.999143}}
{"target": -39.49652893610451, "params": {"C": 195.79518996385298, "gamma": 0.1003433812455729}, "datetime": {"datetime": "2021-09-28 11:49:26", "elapsed": 118.205292, "delta": 1.052005}}
{"target": -40.82832384487454, "params": {"C": 136.82299331493834, "gamma": 0.15677782112191993}, "datetime": {"datetime": "2021-09-28 11:49:27", "elapsed": 118.950265, "delta": 0.744973}}
{"target": -40.83860068057323, "params": {"C": 148.8179637897888, "gamma": 0.17149015448138297}, "datetime": {"datetime": "2021-09-28 11:49:28", "elapsed": 119.693265, "delta": 0.743}}
{"target": -42.50350444606525, "params": {"C": 74.52908991379431, "gamma": 0.29102903418481013}, "datetime": {"datetime": "2021-09-28 11:49:29", "elapsed": 120.621267, "delta": 0.928002}}
{"target": -40.943864533710894, "params": {"C": 102.31551933163135, "gamma": 0.11937044225816479}, "datetime": {"datetime": "2021-09-28 11:49:30", "elapsed": 121.454733, "delta": 0.833466}}
{"target": -40.21061725422885, "params": {"C": 182.2652155112873, "gamma": 0.01708781900084281}, "datetime": {"datetime": "2021-09-28 11:49:31", "elapsed": 122.675729, "delta": 1.220996}}
{"target": -39.50049502028308, "params": {"C": 172.44486930769554, "gamma": 0.07284907873928714}, "datetime": {"datetime": "2021-09-28 11:49:32", "elapsed": 124.137506, "delta": 1.461777}}
{"target": -40.85712502322815, "params": {"C": 172.37880520992752, "gamma": 0.1975864109098119}, "datetime": {"datetime": "2021-09-28 11:49:34", "elapsed": 125.473962, "delta": 1.336456}}
{"target": -39.476258142105145, "params": {"C": 172.28697436421328, "gamma": 0.043398927150828874}, "datetime": {"datetime": "2021-09-28 11:49:35", "elapsed": 127.187947, "delta": 1.713985}}
{"target": -39.57621303038329, "params": {"C": 172.2036030964521, "gamma": 0.08177261552511715}, "datetime": {"datetime": "2021-09-28 11:49:37", "elapsed": 128.468939, "delta": 1.280992}}
{"target": -40.42329453581908, "params": {"C": 172.16958025996314, "gamma": 0.01572290908001518}, "datetime": {"datetime": "2021-09-28 11:49:38", "elapsed": 129.663073, "delta": 1.194134}}
{"target": -40.41218199013361, "params": {"C": 172.25659129736036, "gamma": 0.1564932836702543}, "datetime": {"datetime": "2021-09-28 11:49:39", "elapsed": 130.782067, "delta": 1.118994}}
{"target": -42.17320273789829, "params": {"C": 82.38279422657871, "gamma": 0.23912599548720576}, "datetime": {"datetime": "2021-09-28 11:49:40", "elapsed": 131.748353, "delta": 0.966286}}
{"target": -39.888165400381226, "params": {"C": 172.39541985903242, "gamma": 0.02469874504995547}, "datetime": {"datetime": "2021-09-28 11:49:41", "elapsed": 133.210924, "delta": 1.462571}}
{"target": -40.59222762316557, "params": {"C": 172.1089737247157, "gamma": 0.17213445793171925}, "datetime": {"datetime": "2021-09-28 11:49:43", "elapsed": 134.493089, "delta": 1.282165}}
{"target": -40.598979920695335, "params": {"C": 172.74063006039495, "gamma": 0.17332651967499224}, "datetime": {"datetime": "2021-09-28 11:49:44", "elapsed": 135.67681, "delta": 1.183721}}
{"target": -39.738687468808834, "params": {"C": 173.06530563789065, "gamma": 0.09886308158755298}, "datetime": {"datetime": "2021-09-28 11:49:45", "elapsed": 137.035113, "delta": 1.358303}}
{"target": -41.0293606313867, "params": {"C": 173.0853025041593, "gamma": 0.2151872743231596}, "datetime": {"datetime": "2021-09-28 11:49:47", "elapsed": 138.457112, "delta": 1.421999}}
{"target": -42.17141377183262, "params": {"C": 169.969841249316, "gamma": 0.38259594966847743}, "datetime": {"datetime": "2021-09-28 11:49:47", "elapsed": 139.373926, "delta": 0.916814}}
{"target": -40.72752674402515, "params": {"C": 173.09684561991725, "gamma": 0.012265215563928754}, "datetime": {"datetime": "2021-09-28 11:49:49", "elapsed": 140.428947, "delta": 1.055021}}
{"target": -39.42410502230516, "params": {"C": 172.93067103448527, "gamma": 0.057752451757701856}, "datetime": {"datetime": "2021-09-28 11:49:50", "elapsed": 141.603234, "delta": 1.174287}}
{"target": -40.23026803286592, "params": {"C": 172.95173796129694, "gamma": 0.1412172428816794}, "datetime": {"datetime": "2021-09-28 11:49:51", "elapsed": 142.767232, "delta": 1.163998}}
{"target": -41.55453585405317, "params": {"C": 135.2617044718899, "gamma": 0.2335038175227204}, "datetime": {"datetime": "2021-09-28 11:49:52", "elapsed": 143.929105, "delta": 1.161873}}
{"target": -39.265632709133826, "params": {"C": 196.2416800638675, "gamma": 0.07904796880563993}, "datetime": {"datetime": "2021-09-28 11:49:54", "elapsed": 145.403592, "delta": 1.474487}}
{"target": -41.09216740751781, "params": {"C": 172.87476028872427, "gamma": 0.00920030071116643}, "datetime": {"datetime": "2021-09-28 11:49:55", "elapsed": 146.875242, "delta": 1.47165}}
{"target": -40.848742476225006, "params": {"C": 172.56242970148514, "gamma": 0.011205645460078817}, "datetime": {"datetime": "2021-09-28 11:49:56", "elapsed": 148.252303, "delta": 1.377061}}
{"target": -39.548860163063424, "params": {"C": 172.9984832545877, "gamma": 0.036817434793637735}, "datetime": {"datetime": "2021-09-28 11:49:58", "elapsed": 149.807603, "delta": 1.5553}}
{"target": -39.953148589762996, "params": {"C": 135.074236915066, "gamma": 0.0470408907152986}, "datetime": {"datetime": "2021-09-28 11:49:59", "elapsed": 150.888603, "delta": 1.081}}
{"target": -40.00215447594088, "params": {"C": 134.94814153854932, "gamma": 0.04071632769774335}, "datetime": {"datetime": "2021-09-28 11:50:00", "elapsed": 152.346684, "delta": 1.458081}}
{"target": -40.8889861315415, "params": {"C": 135.0091330552587, "gamma": 0.16027266202069254}, "datetime": {"datetime": "2021-09-28 11:50:02", "elapsed": 153.592275, "delta": 1.245591}}
{"target": -40.05314404174808, "params": {"C": 134.80114890246645, "gamma": 0.07941857131904577}, "datetime": {"datetime": "2021-09-28 11:50:03", "elapsed": 154.623274, "delta": 1.030999}}
{"target": -41.30669836475877, "params": {"C": 134.74248763020586, "gamma": 0.2028321054757533}, "datetime": {"datetime": "2021-09-28 11:50:04", "elapsed": 155.789136, "delta": 1.165862}}
{"target": -39.32246247669449, "params": {"C": 183.2320116736868, "gamma": 0.06558593756904489}, "datetime": {"datetime": "2021-09-28 11:50:05", "elapsed": 156.849792, "delta": 1.060656}}
{"target": -41.190465027737574, "params": {"C": 173.50131776684003, "gamma": 0.2325788708417454}, "datetime": {"datetime": "2021-09-28 11:50:06", "elapsed": 158.282702, "delta": 1.43291}}
{"target": -40.933892023425955, "params": {"C": 183.3926792366807, "gamma": 0.009690848975060427}, "datetime": {"datetime": "2021-09-28 11:50:08", "elapsed": 159.893376, "delta": 1.610674}}
{"target": -41.23841302251469, "params": {"C": 134.66856969152343, "gamma": 0.01123298345196501}, "datetime": {"datetime": "2021-09-28 11:50:09", "elapsed": 161.177896, "delta": 1.28452}}
{"target": -40.50814240317423, "params": {"C": 196.42522631624084, "gamma": 0.1855703631980671}, "datetime": {"datetime": "2021-09-28 11:50:11", "elapsed": 162.703596, "delta": 1.5257}}
{"target": -40.13352472700027, "params": {"C": 183.39501200589035, "gamma": 0.14256775677652136}, "datetime": {"datetime": "2021-09-28 11:50:13", "elapsed": 164.672595, "delta": 1.968999}}
{"target": -39.961866298393, "params": {"C": 172.49615970838084, "gamma": 0.11809410940591121}, "datetime": {"datetime": "2021-09-28 11:50:14", "elapsed": 165.894845, "delta": 1.22225}}
{"target": -40.7435974536596, "params": {"C": 135.16337888356196, "gamma": 0.017343837406828384}, "datetime": {"datetime": "2021-09-28 11:50:15", "elapsed": 167.262898, "delta": 1.368053}}
{"target": -41.08466038206413, "params": {"C": 184.3271143527676, "gamma": 0.2315125311252532}, "datetime": {"datetime": "2021-09-28 11:50:16", "elapsed": 168.340897, "delta": 1.077999}}
{"target": -39.596439981866155, "params": {"C": 182.63849508113483, "gamma": 0.029781975756193065}, "datetime": {"datetime": "2021-09-28 11:50:18", "elapsed": 169.445681, "delta": 1.104784}}
{"target": -40.40174723877233, "params": {"C": 140.7703468440833, "gamma": 0.1224575868141364}, "datetime": {"datetime": "2021-09-28 11:50:18", "elapsed": 170.269682, "delta": 0.824001}}
{"target": -39.49314607817654, "params": {"C": 195.9716446864099, "gamma": 0.10021933196484815}, "datetime": {"datetime": "2021-09-28 11:50:20", "elapsed": 171.704985, "delta": 1.435303}}
{"target": -39.61637231397841, "params": {"C": 158.2757086031309, "gamma": 0.05873228280358781}, "datetime": {"datetime": "2021-09-28 11:50:21", "elapsed": 172.555992, "delta": 0.851007}}
{"target": -40.655825870918555, "params": {"C": 158.28154895743, "gamma": 0.1646709048975128}, "datetime": {"datetime": "2021-09-28 11:50:22", "elapsed": 173.991303, "delta": 1.435311}}
{"target": -41.90734642574901, "params": {"C": 158.35277785511005, "gamma": 0.005}, "datetime": {"datetime": "2021-09-28 11:50:23", "elapsed": 175.378757, "delta": 1.387454}}
{"target": -40.171154338758164, "params": {"C": 158.1375433860411, "gamma": 0.12142296760159141}, "datetime": {"datetime": "2021-09-28 11:50:25", "elapsed": 176.726426, "delta": 1.347669}}
{"target": -41.01106071973735, "params": {"C": 158.13713672011323, "gamma": 0.011027043538098576}, "datetime": {"datetime": "2021-09-28 11:50:26", "elapsed": 177.915915, "delta": 1.189489}}
{"target": -39.41959088399418, "params": {"C": 183.27643267370297, "gamma": 0.03713413793283246}, "datetime": {"datetime": "2021-09-28 11:50:27", "elapsed": 179.058914, "delta": 1.142999}}
{"target": -41.13936854789845, "params": {"C": 158.0336456798722, "gamma": 0.21129608428050786}, "datetime": {"datetime": "2021-09-28 11:50:29", "elapsed": 180.562121, "delta": 1.503207}}
{"target": -41.988027864950986, "params": {"C": 195.5904266248803, "gamma": 0.3737383650526956}, "datetime": {"datetime": "2021-09-28 11:50:30", "elapsed": 181.447814, "delta": 0.885693}}
{"target": -41.14829686077462, "params": {"C": 140.92592203986166, "gamma": 0.19332145476722873}, "datetime": {"datetime": "2021-09-28 11:50:32", "elapsed": 183.746189, "delta": 2.298375}}
{"target": -41.856954310878734, "params": {"C": 142.43372673624557, "gamma": 0.005928754943540556}, "datetime": {"datetime": "2021-09-28 11:50:33", "elapsed": 185.377917, "delta": 1.631728}}
{"target": -40.29152287350905, "params": {"C": 140.6128207641769, "gamma": 0.11207289874350312}, "datetime": {"datetime": "2021-09-28 11:50:35", "elapsed": 186.830589, "delta": 1.452672}}
{"target": -41.627261263042975, "params": {"C": 140.62433110330323, "gamma": 0.2503421770504411}, "datetime": {"datetime": "2021-09-28 11:50:37", "elapsed": 188.670997, "delta": 1.840408}}
{"target": -40.35389829692777, "params": {"C": 195.89425102702305, "gamma": 0.013838805184980742}, "datetime": {"datetime": "2021-09-28 11:50:38", "elapsed": 190.252421, "delta": 1.581424}}
{"target": -39.24973064866433, "params": {"C": 196.16250789522812, "gamma": 0.07714331244530931}, "datetime": {"datetime": "2021-09-28 11:50:40", "elapsed": 192.104378, "delta": 1.851957}}
{"target": -39.615321740530995, "params": {"C": 182.6080272355785, "gamma": 0.09777089649576681}, "datetime": {"datetime": "2021-09-28 11:50:42", "elapsed": 193.577106, "delta": 1.472728}}
{"target": -40.40508267959254, "params": {"C": 140.50495991801654, "gamma": 0.02215221376256651}, "datetime": {"datetime": "2021-09-28 11:50:43", "elapsed": 195.275443, "delta": 1.698337}}
{"target": -39.44647495668285, "params": {"C": 173.27754884387318, "gamma": 0.06572961219033117}, "datetime": {"datetime": "2021-09-28 11:50:46", "elapsed": 197.58389, "delta": 2.308447}}
{"target": -40.11440142217644, "params": {"C": 140.69630627689352, "gamma": 0.02983979969430395}, "datetime": {"datetime": "2021-09-28 11:50:47", "elapsed": 199.246884, "delta": 1.662994}}
{"target": -40.78813485246459, "params": {"C": 195.7791543204559, "gamma": 0.009963864772492434}, "datetime": {"datetime": "2021-09-28 11:50:49", "elapsed": 200.878112, "delta": 1.631228}}
{"target": -40.912808968641656, "params": {"C": 98.5608396389865, "gamma": 0.10957216259306897}, "datetime": {"datetime": "2021-09-28 11:50:50", "elapsed": 201.957008, "delta": 1.078896}}
{"target": -40.33016949408114, "params": {"C": 195.73192937989185, "gamma": 0.16972631744836061}, "datetime": {"datetime": "2021-09-28 11:50:52", "elapsed": 203.814412, "delta": 1.857404}}
{"target": -40.69938303767229, "params": {"C": 134.86870706049467, "gamma": 0.018114908102345898}, "datetime": {"datetime": "2021-09-28 11:50:53", "elapsed": 205.176417, "delta": 1.362005}}
