{"target": -0.31440272592780794, "params": {"C": 721.8815493547409, "gamma": 0.16039242469646314}, "datetime": {"datetime": "2021-10-04 10:22:13", "elapsed": 156.731628, "delta": 1.633331}}
{"target": -0.4086123592851816, "params": {"C": 832.8379888426416, "gamma": 0.2662258998526429}, "datetime": {"datetime": "2021-10-04 10:22:13", "elapsed": 157.480216, "delta": 0.748588}}
{"target": -0.2147944952715466, "params": {"C": 817.3641900368125, "gamma": 0.040140584038326}, "datetime": {"datetime": "2021-10-04 10:22:15", "elapsed": 158.820593, "delta": 1.340377}}
{"target": -0.19604080782973043, "params": {"C": 909.5266489008472, "gamma": 0.10380863218071418}, "datetime": {"datetime": "2021-10-04 10:22:16", "elapsed": 159.840512, "delta": 1.019919}}
{"target": -0.5813592677877744, "params": {"C": 311.60885120366254, "gamma": 0.23893127109021284}, "datetime": {"datetime": "2021-10-04 10:22:17", "elapsed": 160.627195, "delta": 0.786683}}
{"target": -0.4185772429294483, "params": {"C": 900.9490747279182, "gamma": 0.2934988235462514}, "datetime": {"datetime": "2021-10-04 10:22:17", "elapsed": 161.440195, "delta": 0.813}}
{"target": -0.37784247786531955, "params": {"C": 425.9236036612118, "gamma": 0.11590751088262408}, "datetime": {"datetime": "2021-10-04 10:22:18", "elapsed": 162.306419, "delta": 0.866224}}
{"target": -0.43169140173897214, "params": {"C": 721.9003151520043, "gamma": 0.009699107273156458}, "datetime": {"datetime": "2021-10-04 10:22:20", "elapsed": 163.747157, "delta": 1.440738}}
{"target": -0.19853939150151856, "params": {"C": 880.2694045428932, "gamma": 0.04091373117572259}, "datetime": {"datetime": "2021-10-04 10:22:21", "elapsed": 165.316919, "delta": 1.569762}}
{"target": -0.4898144502492672, "params": {"C": 579.1960215201445, "gamma": 0.2693577840323595}, "datetime": {"datetime": "2021-10-04 10:22:22", "elapsed": 166.50424, "delta": 1.187321}}
{"target": -0.4881600689652763, "params": {"C": 659.1192554155087, "gamma": 0.29626715816987936}, "datetime": {"datetime": "2021-10-04 10:22:23", "elapsed": 167.542979, "delta": 1.038739}}
{"target": -0.7858428545657383, "params": {"C": 25.59645149413506, "gamma": 0.028723072013398104}, "datetime": {"datetime": "2021-10-04 10:22:24", "elapsed": 168.428636, "delta": 0.885657}}
{"target": -0.6005571709871333, "params": {"C": 348.50623775762546, "gamma": 0.28609879397775656}, "datetime": {"datetime": "2021-10-04 10:22:25", "elapsed": 169.248863, "delta": 0.820227}}
{"target": -0.27676658018764866, "params": {"C": 880.3726861121279, "gamma": 0.16571430829442235}, "datetime": {"datetime": "2021-10-04 10:22:27", "elapsed": 170.896216, "delta": 1.647353}}
{"target": -0.21596126253438586, "params": {"C": 880.4355778039228, "gamma": 0.03360720085872024}, "datetime": {"datetime": "2021-10-04 10:22:28", "elapsed": 171.947479, "delta": 1.051263}}
{"target": -0.3550369196356762, "params": {"C": 605.6614997359774, "gamma": 0.16117152531444537}, "datetime": {"datetime": "2021-10-04 10:22:29", "elapsed": 173.142453, "delta": 1.194974}}
{"target": -0.256700859660546, "params": {"C": 794.659916752699, "gamma": 0.13189171711396527}, "datetime": {"datetime": "2021-10-04 10:22:30", "elapsed": 174.092236, "delta": 0.949783}}
{"target": -0.6590809262947377, "params": {"C": 231.7965725471493, "gamma": 0.27894754846681213}, "datetime": {"datetime": "2021-10-04 10:22:31", "elapsed": 175.03085, "delta": 0.938614}}
{"target": -0.7331483765882445, "params": {"C": 794.5719277532017, "gamma": 0.0010480162718138166}, "datetime": {"datetime": "2021-10-04 10:22:33", "elapsed": 176.710591, "delta": 1.679741}}
{"target": -0.18633127724500853, "params": {"C": 880.5760957888403, "gamma": 0.0838123217510565}, "datetime": {"datetime": "2021-10-04 10:22:34", "elapsed": 177.775686, "delta": 1.065095}}
{"target": -0.20847382285586713, "params": {"C": 931.7650823128162, "gamma": 0.12034474519940584}, "datetime": {"datetime": "2021-10-04 10:22:34", "elapsed": 178.608054, "delta": 0.832368}}
{"target": -0.3459496425576436, "params": {"C": 555.9586653044144, "gamma": 0.13906813301804752}, "datetime": {"datetime": "2021-10-04 10:22:35", "elapsed": 179.528681, "delta": 0.920627}}
{"target": -0.3284858538929125, "params": {"C": 931.6754845991037, "gamma": 0.21732718742206086}, "datetime": {"datetime": "2021-10-04 10:22:37", "elapsed": 180.645279, "delta": 1.116598}}
{"target": -0.48168850945147645, "params": {"C": 505.0632627283107, "gamma": 0.23337934071591546}, "datetime": {"datetime": "2021-10-04 10:22:37", "elapsed": 181.543084, "delta": 0.897805}}
{"target": -0.5209047471949702, "params": {"C": 562.4772085958997, "gamma": 0.29690806528412794}, "datetime": {"datetime": "2021-10-04 10:22:38", "elapsed": 182.402725, "delta": 0.859641}}
{"target": -0.4796129838926231, "params": {"C": 879.3255652195786, "gamma": 0.0057982537224869615}, "datetime": {"datetime": "2021-10-04 10:22:40", "elapsed": 183.712491, "delta": 1.309766}}
{"target": -0.17995507075750306, "params": {"C": 880.689043497643, "gamma": 0.06814793707450204}, "datetime": {"datetime": "2021-10-04 10:22:41", "elapsed": 184.797334, "delta": 1.084843}}
{"target": -0.2817284766660768, "params": {"C": 880.6735301991523, "gamma": 0.16965576133811427}, "datetime": {"datetime": "2021-10-04 10:22:42", "elapsed": 186.494801, "delta": 1.697467}}
{"target": -0.24054408197541943, "params": {"C": 659.2724008289762, "gamma": 0.0593754621258334}, "datetime": {"datetime": "2021-10-04 10:22:44", "elapsed": 187.618748, "delta": 1.123947}}
{"target": -0.3252370467796808, "params": {"C": 794.7800821716996, "gamma": 0.1857155984419683}, "datetime": {"datetime": "2021-10-04 10:22:45", "elapsed": 188.706161, "delta": 1.087413}}
{"target": -0.21898281849322898, "params": {"C": 931.922535634631, "gamma": 0.12943033571515555}, "datetime": {"datetime": "2021-10-04 10:22:46", "elapsed": 189.992976, "delta": 1.286815}}
{"target": -0.269478442732092, "params": {"C": 931.8500983529432, "gamma": 0.019935287383971257}, "datetime": {"datetime": "2021-10-04 10:22:48", "elapsed": 191.621164, "delta": 1.628188}}
{"target": -0.16889076398841163, "params": {"C": 932.0145976417618, "gamma": 0.060727977720285854}, "datetime": {"datetime": "2021-10-04 10:22:49", "elapsed": 192.941815, "delta": 1.320651}}
{"target": -0.47846311168046207, "params": {"C": 932.0655774842934, "gamma": 0.005471148823872462}, "datetime": {"datetime": "2021-10-04 10:22:51", "elapsed": 194.694437, "delta": 1.752622}}
{"target": -0.2961153684541715, "params": {"C": 932.0874975962166, "gamma": 0.19102428911095198}, "datetime": {"datetime": "2021-10-04 10:22:53", "elapsed": 196.663058, "delta": 1.968621}}
{"target": -0.3732339488790848, "params": {"C": 931.8527962026013, "gamma": 0.25652550119479967}, "datetime": {"datetime": "2021-10-04 10:22:54", "elapsed": 197.981878, "delta": 1.31882}}
{"target": -0.17973397625014265, "params": {"C": 880.7738972095362, "gamma": 0.06585597565290313}, "datetime": {"datetime": "2021-10-04 10:22:55", "elapsed": 199.355167, "delta": 1.373289}}
{"target": -0.23499355731267313, "params": {"C": 880.499960737524, "gamma": 0.13253431854954673}, "datetime": {"datetime": "2021-10-04 10:22:57", "elapsed": 201.252872, "delta": 1.897705}}
{"target": -0.3883025204354966, "params": {"C": 585.0410569985299, "gamma": 0.18108081943570337}, "datetime": {"datetime": "2021-10-04 10:22:58", "elapsed": 202.158839, "delta": 0.905967}}
{"target": -0.20802034469107777, "params": {"C": 880.9284111692455, "gamma": 0.10898088203458084}, "datetime": {"datetime": "2021-10-04 10:22:59", "elapsed": 203.404393, "delta": 1.245554}}
{"target": -0.22410796620351592, "params": {"C": 848.6433098769401, "gamma": 0.033318131039311714}, "datetime": {"datetime": "2021-10-04 10:23:00", "elapsed": 204.352093, "delta": 0.9477}}
{"target": -0.24450534086212783, "params": {"C": 880.8028611136291, "gamma": 0.14033497271992723}, "datetime": {"datetime": "2021-10-04 10:23:02", "elapsed": 205.875668, "delta": 1.523575}}
{"target": -0.23561358723947334, "params": {"C": 880.907535496948, "gamma": 0.02806443570767616}, "datetime": {"datetime": "2021-10-04 10:23:03", "elapsed": 207.172493, "delta": 1.296825}}
{"target": -0.474150663466248, "params": {"C": 880.5407051069869, "gamma": 0.005979221700035428}, "datetime": {"datetime": "2021-10-04 10:23:05", "elapsed": 208.690947, "delta": 1.518454}}
{"target": -0.18259180300660227, "params": {"C": 881.0343906951647, "gamma": 0.0771412597277209}, "datetime": {"datetime": "2021-10-04 10:23:06", "elapsed": 210.387606, "delta": 1.696659}}
{"target": -0.41505012266778074, "params": {"C": 558.3309403034812, "gamma": 0.01489305115712926}, "datetime": {"datetime": "2021-10-04 10:23:07", "elapsed": 211.402288, "delta": 1.014682}}
{"target": -0.27290384765324793, "params": {"C": 881.0843320692638, "gamma": 0.1628329312771407}, "datetime": {"datetime": "2021-10-04 10:23:09", "elapsed": 213.088011, "delta": 1.685723}}
{"target": -0.1940425634451275, "params": {"C": 848.7507317336186, "gamma": 0.08394419339632844}, "datetime": {"datetime": "2021-10-04 10:23:10", "elapsed": 214.38107, "delta": 1.293059}}
{"target": -0.29118834921111314, "params": {"C": 848.6454230112, "gamma": 0.17057893953581485}, "datetime": {"datetime": "2021-10-04 10:23:12", "elapsed": 215.856253, "delta": 1.475183}}
{"target": -0.1981768196705438, "params": {"C": 848.9095323084306, "gamma": 0.04569981822805026}, "datetime": {"datetime": "2021-10-04 10:23:13", "elapsed": 217.466637, "delta": 1.610384}}
{"target": -0.26690200197034963, "params": {"C": 848.8272482547206, "gamma": 0.15164175607650923}, "datetime": {"datetime": "2021-10-04 10:23:15", "elapsed": 219.215631, "delta": 1.748994}}
{"target": -0.28563379758605834, "params": {"C": 954.8847555152014, "gamma": 0.18697785785104665}, "datetime": {"datetime": "2021-10-04 10:23:16", "elapsed": 220.192586, "delta": 0.976955}}
{"target": -0.3970412824322367, "params": {"C": 794.6135194753418, "gamma": 0.24575893994369682}, "datetime": {"datetime": "2021-10-04 10:23:17", "elapsed": 221.580371, "delta": 1.387785}}
{"target": -0.18815513388373195, "params": {"C": 880.3718352882244, "gamma": 0.0864943495868665}, "datetime": {"datetime": "2021-10-04 10:23:20", "elapsed": 223.73948, "delta": 2.159109}}
{"target": -0.19013961779993438, "params": {"C": 931.6776164735605, "gamma": 0.039517357075997794}, "datetime": {"datetime": "2021-10-04 10:23:21", "elapsed": 225.220503, "delta": 1.481023}}
{"target": -0.18715148866052922, "params": {"C": 849.0430033010041, "gamma": 0.06504492463721999}, "datetime": {"datetime": "2021-10-04 10:23:23", "elapsed": 227.580701, "delta": 2.360198}}
{"target": -0.3258724300852871, "params": {"C": 931.5906378071719, "gamma": 0.013710460539079896}, "datetime": {"datetime": "2021-10-04 10:23:25", "elapsed": 229.090362, "delta": 1.509661}}
{"target": -0.5643622408401685, "params": {"C": 387.4000195321284, "gamma": 0.26456458120241766}, "datetime": {"datetime": "2021-10-04 10:23:26", "elapsed": 230.100416, "delta": 1.010054}}
{"target": -0.7350007419304765, "params": {"C": 46.35266334459566, "gamma": 0.0845069439164137}, "datetime": {"datetime": "2021-10-04 10:23:27", "elapsed": 231.307736, "delta": 1.20732}}
{"target": -0.6624966196398518, "params": {"C": 219.26933905832985, "gamma": 0.2720248859507123}, "datetime": {"datetime": "2021-10-04 10:23:28", "elapsed": 232.445456, "delta": 1.13772}}
{"target": -0.35740718270994876, "params": {"C": 659.3231054826041, "gamma": 0.17790757870638044}, "datetime": {"datetime": "2021-10-04 10:23:30", "elapsed": 234.041865, "delta": 1.596409}}
{"target": -0.19683140505338081, "params": {"C": 849.1290481578421, "gamma": 0.046718998228436746}, "datetime": {"datetime": "2021-10-04 10:23:32", "elapsed": 235.738589, "delta": 1.696724}}
{"target": -0.2457156531717366, "params": {"C": 880.9070037791714, "gamma": 0.02582941865992851}, "datetime": {"datetime": "2021-10-04 10:23:33", "elapsed": 236.893981, "delta": 1.155392}}
{"target": -0.19681026166325233, "params": {"C": 881.1359848600041, "gamma": 0.04176073727176554}, "datetime": {"datetime": "2021-10-04 10:23:34", "elapsed": 238.454044, "delta": 1.560063}}
{"target": -0.36216645035246153, "params": {"C": 849.0866883739633, "gamma": 0.2281350155428621}, "datetime": {"datetime": "2021-10-04 10:23:37", "elapsed": 240.730707, "delta": 2.276663}}
{"target": -0.6643225860336945, "params": {"C": 239.65400895330905, "gamma": 0.2951253579637219}, "datetime": {"datetime": "2021-10-04 10:23:38", "elapsed": 241.85704, "delta": 1.126333}}
{"target": -0.2907154040714923, "params": {"C": 848.959590425673, "gamma": 0.1702743814768785}, "datetime": {"datetime": "2021-10-04 10:23:40", "elapsed": 244.134108, "delta": 2.277068}}
{"target": -0.18638259069261154, "params": {"C": 881.2993241810843, "gamma": 0.049492669204687506}, "datetime": {"datetime": "2021-10-04 10:23:42", "elapsed": 246.025406, "delta": 1.891298}}
{"target": -0.25600746849803757, "params": {"C": 881.4032717746153, "gamma": 0.1496217021847842}, "datetime": {"datetime": "2021-10-04 10:23:44", "elapsed": 248.048312, "delta": 2.022906}}
{"target": -0.481101356797486, "params": {"C": 324.12840062282254, "gamma": 0.15145865421425891}, "datetime": {"datetime": "2021-10-04 10:23:45", "elapsed": 249.223069, "delta": 1.174757}}
{"target": -0.19598116393205678, "params": {"C": 849.2341686509786, "gamma": 0.08697701377942398}, "datetime": {"datetime": "2021-10-04 10:23:47", "elapsed": 251.302255, "delta": 2.079186}}
{"target": -0.354846542342905, "params": {"C": 881.211515668472, "gamma": 0.22901931242577842}, "datetime": {"datetime": "2021-10-04 10:23:49", "elapsed": 252.642053, "delta": 1.339798}}
{"target": -0.29074446088626527, "params": {"C": 560.1358372917534, "gamma": 0.041723041767643076}, "datetime": {"datetime": "2021-10-04 10:23:50", "elapsed": 253.859409, "delta": 1.217356}}
{"target": -0.20980364808085317, "params": {"C": 881.2362547000329, "gamma": 0.11074504680653595}, "datetime": {"datetime": "2021-10-04 10:23:52", "elapsed": 255.640489, "delta": 1.78108}}
{"target": -0.31241444736927404, "params": {"C": 849.2199116100069, "gamma": 0.18736506117963075}, "datetime": {"datetime": "2021-10-04 10:23:54", "elapsed": 257.681311, "delta": 2.040822}}
{"target": -0.5836348563281575, "params": {"C": 215.03497848712183, "gamma": 0.17112457043304774}, "datetime": {"datetime": "2021-10-04 10:23:55", "elapsed": 258.942613, "delta": 1.261302}}
{"target": -0.24959112508280024, "params": {"C": 722.2202661440015, "gamma": 0.035863258821942016}, "datetime": {"datetime": "2021-10-04 10:23:56", "elapsed": 260.092988, "delta": 1.150375}}
{"target": -0.2252005900035996, "params": {"C": 848.4852383923227, "gamma": 0.11737455585217658}, "datetime": {"datetime": "2021-10-04 10:23:58", "elapsed": 261.630676, "delta": 1.537688}}
{"target": -0.18806003120860937, "params": {"C": 848.3693564665532, "gamma": 0.05932770867943245}, "datetime": {"datetime": "2021-10-04 10:23:59", "elapsed": 263.277145, "delta": 1.646469}}
{"target": -0.4081689631344445, "params": {"C": 861.8777934122094, "gamma": 0.2731402425453197}, "datetime": {"datetime": "2021-10-04 10:24:00", "elapsed": 264.499989, "delta": 1.222844}}
{"target": -0.25455900518872676, "params": {"C": 848.3209156208034, "gamma": 0.14177355733139424}, "datetime": {"datetime": "2021-10-04 10:24:02", "elapsed": 266.591691, "delta": 2.091702}}
{"target": -0.21155485241673344, "params": {"C": 932.015460041405, "gamma": 0.12309607376404036}, "datetime": {"datetime": "2021-10-04 10:24:05", "elapsed": 268.693848, "delta": 2.102157}}
{"target": -0.4203951325395867, "params": {"C": 848.1928858402722, "gamma": 0.00858604460595625}, "datetime": {"datetime": "2021-10-04 10:24:07", "elapsed": 270.839772, "delta": 2.145924}}
{"target": -0.21553451603164442, "params": {"C": 848.4726551436875, "gamma": 0.03643931118466753}, "datetime": {"datetime": "2021-10-04 10:24:09", "elapsed": 272.619622, "delta": 1.77985}}
{"target": -0.4011146246943633, "params": {"C": 848.8081410596022, "gamma": 0.009634782230164878}, "datetime": {"datetime": "2021-10-04 10:24:10", "elapsed": 274.187513, "delta": 1.567891}}
{"target": -0.28668537299962726, "params": {"C": 849.3954025818158, "gamma": 0.020070447083665854}, "datetime": {"datetime": "2021-10-04 10:24:12", "elapsed": 276.247179, "delta": 2.059666}}
{"target": -0.359679772707846, "params": {"C": 881.5496851451891, "gamma": 0.011866097313347005}, "datetime": {"datetime": "2021-10-04 10:24:14", "elapsed": 278.375398, "delta": 2.128219}}
{"target": -0.5305787223066252, "params": {"C": 881.2329191693171, "gamma": 0.004270257949027017}, "datetime": {"datetime": "2021-10-04 10:24:16", "elapsed": 280.359305, "delta": 1.983907}}
{"target": -0.5073743646901274, "params": {"C": 233.15884613252942, "gamma": 0.11354323899233822}, "datetime": {"datetime": "2021-10-04 10:24:17", "elapsed": 281.592051, "delta": 1.232746}}
{"target": -0.3593962515191049, "params": {"C": 848.4275625929819, "gamma": 0.22561836167570112}, "datetime": {"datetime": "2021-10-04 10:24:20", "elapsed": 283.644096, "delta": 2.052045}}
{"target": -0.22572870743191764, "params": {"C": 881.3182811227172, "gamma": 0.12494847346270471}, "datetime": {"datetime": "2021-10-04 10:24:22", "elapsed": 285.730026, "delta": 2.08593}}
{"target": -0.36292944709743136, "params": {"C": 880.5546741842531, "gamma": 0.23587130855099941}, "datetime": {"datetime": "2021-10-04 10:24:23", "elapsed": 287.388311, "delta": 1.658285}}
{"target": -0.3701507270082771, "params": {"C": 849.4039363284076, "gamma": 0.23511427650306627}, "datetime": {"datetime": "2021-10-04 10:24:25", "elapsed": 289.413764, "delta": 2.025453}}
{"target": -0.5300763149631855, "params": {"C": 416.08223162289613, "gamma": 0.24217567234743193}, "datetime": {"datetime": "2021-10-04 10:24:27", "elapsed": 290.714048, "delta": 1.300284}}
{"target": -0.1872069865850965, "params": {"C": 955.0166809277783, "gamma": 0.1052078140799773}, "datetime": {"datetime": "2021-10-04 10:24:29", "elapsed": 292.898668, "delta": 2.18462}}
{"target": -0.18919891069349504, "params": {"C": 955.000540657683, "gamma": 0.03774529604140749}, "datetime": {"datetime": "2021-10-04 10:24:32", "elapsed": 295.850363, "delta": 2.951695}}
{"target": -0.1909372784985146, "params": {"C": 955.1248305098674, "gamma": 0.10895264798515943}, "datetime": {"datetime": "2021-10-04 10:24:34", "elapsed": 298.430905, "delta": 2.580542}}
{"target": -0.2372169631355867, "params": {"C": 723.7895244067615, "gamma": 0.0957267405585935}, "datetime": {"datetime": "2021-10-04 10:24:36", "elapsed": 299.657793, "delta": 1.226888}}
{"target": -0.29249982538678476, "params": {"C": 955.1207101598201, "gamma": 0.1925060391265408}, "datetime": {"datetime": "2021-10-04 10:24:38", "elapsed": 302.127645, "delta": 2.469852}}
{"target": -0.18013875440369542, "params": {"C": 955.2316694337903, "gamma": 0.09766618935769078}, "datetime": {"datetime": "2021-10-04 10:24:40", "elapsed": 304.073709, "delta": 1.946064}}
{"target": -0.22652388632080256, "params": {"C": 723.9191354271302, "gamma": 0.08214751705181039}, "datetime": {"datetime": "2021-10-04 10:24:42", "elapsed": 306.317441, "delta": 2.243732}}
{"target": -0.27819204020628674, "params": {"C": 955.3339827656665, "gamma": 0.181151056238064}, "datetime": {"datetime": "2021-10-04 10:24:45", "elapsed": 308.654763, "delta": 2.337322}}
{"target": -0.27815973201147126, "params": {"C": 955.1391890332279, "gamma": 0.01816092554169467}, "datetime": {"datetime": "2021-10-04 10:24:47", "elapsed": 311.155857, "delta": 2.501094}}
{"target": -0.20493653070329265, "params": {"C": 954.8417639252604, "gamma": 0.03207478969014764}, "datetime": {"datetime": "2021-10-04 10:24:50", "elapsed": 314.380175, "delta": 3.224318}}
{"target": -0.40342642784783056, "params": {"C": 869.5754365323389, "gamma": 0.2704462515062204}, "datetime": {"datetime": "2021-10-04 10:24:52", "elapsed": 315.673272, "delta": 1.293097}}
{"target": -0.20904298805070654, "params": {"C": 881.4101236659144, "gamma": 0.036024481440998395}, "datetime": {"datetime": "2021-10-04 10:24:53", "elapsed": 317.483121, "delta": 1.809849}}
{"target": -0.7352002891513953, "params": {"C": 849.2112059556277, "gamma": 0.0009571466154261271}, "datetime": {"datetime": "2021-10-04 10:24:56", "elapsed": 319.971075, "delta": 2.487954}}
{"target": -0.1730120060173983, "params": {"C": 954.8951795477203, "gamma": 0.08867994649627926}, "datetime": {"datetime": "2021-10-04 10:24:58", "elapsed": 321.8238, "delta": 1.852725}}
{"target": -0.20112358576989342, "params": {"C": 954.7226789281734, "gamma": 0.11839696171334635}, "datetime": {"datetime": "2021-10-04 10:25:00", "elapsed": 324.330197, "delta": 2.506397}}
{"target": -0.31786405395245976, "params": {"C": 977.7321202101795, "gamma": 0.21753194131682324}, "datetime": {"datetime": "2021-10-04 10:25:02", "elapsed": 325.634607, "delta": 1.30441}}
{"target": -0.2816048828723503, "params": {"C": 954.6867111474015, "gamma": 0.017752182522371}, "datetime": {"datetime": "2021-10-04 10:25:03", "elapsed": 327.409551, "delta": 1.774944}}
{"target": -0.537566615370457, "params": {"C": 468.98001287624277, "gamma": 0.27520525800950457}, "datetime": {"datetime": "2021-10-04 10:25:05", "elapsed": 328.757367, "delta": 1.347816}}
{"target": -0.35574158807155687, "params": {"C": 880.3537151521454, "gamma": 0.01218015406217321}, "datetime": {"datetime": "2021-10-04 10:25:06", "elapsed": 330.396495, "delta": 1.639128}}
{"target": -0.16485378469237055, "params": {"C": 955.3603661341946, "gamma": 0.073589877252955}, "datetime": {"datetime": "2021-10-04 10:25:09", "elapsed": 332.88116, "delta": 2.484665}}
{"target": -0.28656813872832343, "params": {"C": 954.5984835044391, "gamma": 0.18766876687326903}, "datetime": {"datetime": "2021-10-04 10:25:11", "elapsed": 334.808802, "delta": 1.927642}}
{"target": -0.1637344665913818, "params": {"C": 955.5011048833694, "gamma": 0.06897602400016349}, "datetime": {"datetime": "2021-10-04 10:25:12", "elapsed": 336.520753, "delta": 1.711951}}
