{"target": -35.52302126086915, "params": {"C": 3014.189734674179, "gamma": 0.10334102969433007}, "datetime": {"datetime": "2021-09-28 15:43:05", "elapsed": 784.286302, "delta": 2.042789}}
{"target": -36.08971489849836, "params": {"C": 3578.8711329025373, "gamma": 0.1393614460982171}, "datetime": {"datetime": "2021-09-28 15:43:07", "elapsed": 786.461954, "delta": 2.175652}}
{"target": -34.72918289442705, "params": {"C": 3897.1107247208574, "gamma": 0.049343645214763636}, "datetime": {"datetime": "2021-09-28 15:43:11", "elapsed": 790.44503, "delta": 3.983076}}
{"target": -36.560557144724406, "params": {"C": 3568.3586399652218, "gamma": 0.008644756469171563}, "datetime": {"datetime": "2021-09-28 15:43:14", "elapsed": 793.385013, "delta": 2.939983}}
{"target": -34.71785234992871, "params": {"C": 3827.1619393287783, "gamma": 0.029158770638444964}, "datetime": {"datetime": "2021-09-28 15:43:19", "elapsed": 797.893918, "delta": 4.508905}}
{"target": -36.163969121948696, "params": {"C": 3681.9844041335764, "gamma": 0.010963655163562748}, "datetime": {"datetime": "2021-09-28 15:43:21", "elapsed": 800.007798, "delta": 2.11388}}
{"target": -34.771021837823056, "params": {"C": 3827.214670880171, "gamma": 0.05274704002193903}, "datetime": {"datetime": "2021-09-28 15:43:26", "elapsed": 804.961757, "delta": 4.953959}}
{"target": -34.69112999088601, "params": {"C": 3406.0076536030233, "gamma": 0.03855874254777818}, "datetime": {"datetime": "2021-09-28 15:43:30", "elapsed": 809.355051, "delta": 4.393294}}
{"target": -35.883609218428056, "params": {"C": 3827.221100625742, "gamma": 0.12432490404897877}, "datetime": {"datetime": "2021-09-28 15:43:34", "elapsed": 813.392566, "delta": 4.037515}}
{"target": -35.970698086836514, "params": {"C": 3387.371471264301, "gamma": 0.13187839447329708}, "datetime": {"datetime": "2021-09-28 15:43:37", "elapsed": 815.705687, "delta": 2.313121}}
{"target": -35.197345044292945, "params": {"C": 3897.160184055935, "gamma": 0.0834847036425352}, "datetime": {"datetime": "2021-09-28 15:43:40", "elapsed": 818.900586, "delta": 3.194899}}
{"target": -34.75682997682223, "params": {"C": 3897.1222822314385, "gamma": 0.02619772488214619}, "datetime": {"datetime": "2021-09-28 15:43:44", "elapsed": 822.807062, "delta": 3.906476}}
{"target": -37.27426629295788, "params": {"C": 3450.2914090989843, "gamma": 0.0055975154900145966}, "datetime": {"datetime": "2021-09-28 15:43:47", "elapsed": 826.227587, "delta": 3.420525}}
{"target": -34.81587998276599, "params": {"C": 3721.6474249666135, "gamma": 0.05610144062766026}, "datetime": {"datetime": "2021-09-28 15:43:51", "elapsed": 829.693541, "delta": 3.465954}}
{"target": -34.82873114202783, "params": {"C": 3450.3514211657316, "gamma": 0.0561823033519721}, "datetime": {"datetime": "2021-09-28 15:43:54", "elapsed": 832.683975, "delta": 2.990434}}
{"target": -36.78026191412479, "params": {"C": 3032.722970328812, "gamma": 0.1939467098515177}, "datetime": {"datetime": "2021-09-28 15:43:56", "elapsed": 835.131587, "delta": 2.447612}}
{"target": -35.125655944687324, "params": {"C": 3600.63585624851, "gamma": 0.07871862967355413}, "datetime": {"datetime": "2021-09-28 15:43:59", "elapsed": 837.6092, "delta": 2.477613}}
{"target": -35.553216784436415, "params": {"C": 3124.165084569316, "gamma": 0.10516214313020858}, "datetime": {"datetime": "2021-09-28 15:44:01", "elapsed": 840.010536, "delta": 2.401336}}
{"target": -36.59371792510214, "params": {"C": 3325.1315194748317, "gamma": 0.17619587557599992}, "datetime": {"datetime": "2021-09-28 15:44:03", "elapsed": 842.466711, "delta": 2.456175}}
{"target": -34.78698679837089, "params": {"C": 3045.437043657463, "gamma": 0.03165543420674867}, "datetime": {"datetime": "2021-09-28 15:44:10", "elapsed": 848.538169, "delta": 6.071458}}
{"target": -35.21514553363441, "params": {"C": 3559.4002049619785, "gamma": 0.08501298823443422}, "datetime": {"datetime": "2021-09-28 15:44:13", "elapsed": 852.035921, "delta": 3.497752}}
{"target": -35.68982411459174, "params": {"C": 3827.248633680452, "gamma": 0.014459156302346555}, "datetime": {"datetime": "2021-09-28 15:44:17", "elapsed": 856.207551, "delta": 4.17163}}
{"target": -36.68515291592554, "params": {"C": 3724.4407118550507, "gamma": 0.1837081195369298}, "datetime": {"datetime": "2021-09-28 15:44:20", "elapsed": 858.709443, "delta": 2.501892}}
{"target": -35.17665764728779, "params": {"C": 3406.0097797344342, "gamma": 0.08211553015431548}, "datetime": {"datetime": "2021-09-28 15:44:23", "elapsed": 862.123898, "delta": 3.414455}}
{"target": -35.78894471316597, "params": {"C": 3459.614610106556, "gamma": 0.11929713083971423}, "datetime": {"datetime": "2021-09-28 15:44:27", "elapsed": 866.077067, "delta": 3.953169}}
{"target": -35.380148201625275, "params": {"C": 3450.31272019476, "gamma": 0.09454400756805696}, "datetime": {"datetime": "2021-09-28 15:44:33", "elapsed": 871.572586, "delta": 5.495519}}
{"target": -34.762585362100154, "params": {"C": 3897.0516338968846, "gamma": 0.05228051479062451}, "datetime": {"datetime": "2021-09-28 15:44:39", "elapsed": 877.615826, "delta": 6.04324}}
{"target": -35.64802783040307, "params": {"C": 3827.1049798191625, "gamma": 0.014819793723943514}, "datetime": {"datetime": "2021-09-28 15:44:45", "elapsed": 883.76047, "delta": 6.144644}}
{"target": -35.926991945464565, "params": {"C": 3897.156299415554, "gamma": 0.012359927195257116}, "datetime": {"datetime": "2021-09-28 15:44:50", "elapsed": 888.477168, "delta": 4.716698}}
{"target": -36.61922630098489, "params": {"C": 3188.225847317981, "gamma": 0.178543280351003}, "datetime": {"datetime": "2021-09-28 15:44:52", "elapsed": 890.71395, "delta": 2.236782}}
{"target": -35.06859991679563, "params": {"C": 3827.1754488447227, "gamma": 0.07498545191215486}, "datetime": {"datetime": "2021-09-28 15:44:58", "elapsed": 896.63171, "delta": 5.91776}}
{"target": -34.71088219774107, "params": {"C": 3324.048827656803, "gamma": 0.04196893580080154}, "datetime": {"datetime": "2021-09-28 15:45:01", "elapsed": 900.365452, "delta": 3.733742}}
{"target": -36.73893878378331, "params": {"C": 3273.2916934357195, "gamma": 0.008288216219390451}, "datetime": {"datetime": "2021-09-28 15:45:05", "elapsed": 903.782532, "delta": 3.41708}}
{"target": -34.71559435837733, "params": {"C": 3324.0853224636203, "gamma": 0.04299917799631478}, "datetime": {"datetime": "2021-09-28 15:45:08", "elapsed": 906.956986, "delta": 3.174454}}
{"target": -35.57644917521675, "params": {"C": 3228.6380515561664, "gamma": 0.1065260045982328}, "datetime": {"datetime": "2021-09-28 15:45:10", "elapsed": 909.429522, "delta": 2.472536}}
{"target": -36.838330234087486, "params": {"C": 3897.220718105643, "gamma": 0.00686417657996902}, "datetime": {"datetime": "2021-09-28 15:45:16", "elapsed": 914.479935, "delta": 5.050413}}
{"target": -34.722614229257815, "params": {"C": 3721.942558315776, "gamma": 0.04795673030225828}, "datetime": {"datetime": "2021-09-28 15:45:19", "elapsed": 918.040657, "delta": 3.560722}}
{"target": -35.533220649078054, "params": {"C": 3897.06957265117, "gamma": 0.10249347408648456}, "datetime": {"datetime": "2021-09-28 15:45:23", "elapsed": 922.250087, "delta": 4.20943}}
{"target": -36.56464489762401, "params": {"C": 3997.872106470521, "gamma": 0.17287522530365668}, "datetime": {"datetime": "2021-09-28 15:45:26", "elapsed": 924.701623, "delta": 2.451536}}
{"target": -35.83548129569125, "params": {"C": 3658.01994268264, "gamma": 0.12170032087420428}, "datetime": {"datetime": "2021-09-28 15:45:28", "elapsed": 926.992982, "delta": 2.291359}}
{"target": -36.55510699705871, "params": {"C": 3479.3980773148937, "gamma": 0.1728024696075006}, "datetime": {"datetime": "2021-09-28 15:45:30", "elapsed": 929.442726, "delta": 2.449744}}
{"target": -34.718184666679136, "params": {"C": 3897.0200500097226, "gamma": 0.048330189922406}, "datetime": {"datetime": "2021-09-28 15:45:34", "elapsed": 933.087582, "delta": 3.644856}}
{"target": -35.217694761261676, "params": {"C": 3721.9628463416598, "gamma": 0.08491333581734807}, "datetime": {"datetime": "2021-09-28 15:45:38", "elapsed": 936.947754, "delta": 3.860172}}
{"target": -35.3389281804509, "params": {"C": 3582.705701360647, "gamma": 0.09210632195592518}, "datetime": {"datetime": "2021-09-28 15:45:41", "elapsed": 940.441627, "delta": 3.493873}}
{"target": -36.27940222706865, "params": {"C": 3708.5386542406422, "gamma": 0.15231122646576495}, "datetime": {"datetime": "2021-09-28 15:45:44", "elapsed": 942.912874, "delta": 2.471247}}
{"target": -35.92571207619851, "params": {"C": 3545.792183845928, "gamma": 0.013014027700687731}, "datetime": {"datetime": "2021-09-28 15:45:46", "elapsed": 945.102877, "delta": 2.190003}}
{"target": -36.69910459355722, "params": {"C": 3405.9960963559033, "gamma": 0.008240519001618797}, "datetime": {"datetime": "2021-09-28 15:45:50", "elapsed": 948.757518, "delta": 3.654641}}
{"target": -34.77732454640537, "params": {"C": 3897.2924792546355, "gamma": 0.02523004941570275}, "datetime": {"datetime": "2021-09-28 15:45:53", "elapsed": 952.005984, "delta": 3.248466}}
{"target": -35.55964519393617, "params": {"C": 3723.4628696706295, "gamma": 0.015835408880287394}, "datetime": {"datetime": "2021-09-28 15:45:56", "elapsed": 955.44397, "delta": 3.437986}}
{"target": -34.73165399569261, "params": {"C": 3052.0825296099097, "gamma": 0.0402537061958604}, "datetime": {"datetime": "2021-09-28 15:45:59", "elapsed": 958.10618, "delta": 2.66221}}
{"target": -35.240289223029706, "params": {"C": 3671.7934331183105, "gamma": 0.08629344516881547}, "datetime": {"datetime": "2021-09-28 15:46:02", "elapsed": 960.710917, "delta": 2.604737}}
{"target": -35.10978960364105, "params": {"C": 3897.009495907077, "gamma": 0.07793031817791475}, "datetime": {"datetime": "2021-09-28 15:46:06", "elapsed": 964.742579, "delta": 4.031662}}
{"target": -35.693049744445865, "params": {"C": 3324.0741132515905, "gamma": 0.11355191118177925}, "datetime": {"datetime": "2021-09-28 15:46:11", "elapsed": 969.528688, "delta": 4.786109}}
{"target": -35.933144178095915, "params": {"C": 3323.7932945717967, "gamma": 0.013412005721271644}, "datetime": {"datetime": "2021-09-28 15:46:16", "elapsed": 974.564916, "delta": 5.036228}}
{"target": -35.09590681808002, "params": {"C": 3568.5492707118083, "gamma": 0.07656157709447933}, "datetime": {"datetime": "2021-09-28 15:46:21", "elapsed": 979.652092, "delta": 5.087176}}
{"target": -35.25065710392456, "params": {"C": 3301.963588343254, "gamma": 0.08692551798171831}, "datetime": {"datetime": "2021-09-28 15:46:23", "elapsed": 982.143703, "delta": 2.491611}}
{"target": -35.92563226917292, "params": {"C": 3052.054815214523, "gamma": 0.01412223007841016}, "datetime": {"datetime": "2021-09-28 15:46:27", "elapsed": 985.714666, "delta": 3.570963}}
{"target": -35.19220675565262, "params": {"C": 3052.0800002029578, "gamma": 0.08205240745122774}, "datetime": {"datetime": "2021-09-28 15:46:31", "elapsed": 990.076119, "delta": 4.361453}}
{"target": -36.21168048078584, "params": {"C": 3370.2617008728357, "gamma": 0.14749550526557648}, "datetime": {"datetime": "2021-09-28 15:46:34", "elapsed": 992.569889, "delta": 2.49377}}
{"target": -34.725695978838225, "params": {"C": 3823.1116180302315, "gamma": 0.04870965143538955}, "datetime": {"datetime": "2021-09-28 15:46:39", "elapsed": 997.55639, "delta": 4.986501}}
{"target": -34.948972070651955, "params": {"C": 3045.4680809449114, "gamma": 0.06434228136553177}, "datetime": {"datetime": "2021-09-28 15:46:42", "elapsed": 1000.958713, "delta": 3.402323}}
{"target": -35.25382227743639, "params": {"C": 3052.1080008280705, "gamma": 0.021091330168312605}, "datetime": {"datetime": "2021-09-28 15:46:46", "elapsed": 1004.852332, "delta": 3.893619}}
{"target": -35.08254573217001, "params": {"C": 3897.0604950987113, "gamma": 0.019995802138070135}, "datetime": {"datetime": "2021-09-28 15:46:49", "elapsed": 1008.435771, "delta": 3.583439}}
{"target": -35.35022239034215, "params": {"C": 3823.632930262117, "gamma": 0.0923525402026146}, "datetime": {"datetime": "2021-09-28 15:46:52", "elapsed": 1011.232787, "delta": 2.797016}}
{"target": -36.431257781063, "params": {"C": 3896.9933049112174, "gamma": 0.008877750660486345}, "datetime": {"datetime": "2021-09-28 15:46:56", "elapsed": 1014.67759, "delta": 3.444803}}
{"target": -35.30917591470567, "params": {"C": 3324.103408702764, "gamma": 0.019440117563362055}, "datetime": {"datetime": "2021-09-28 15:47:01", "elapsed": 1019.885017, "delta": 5.207427}}
{"target": -34.77905698707147, "params": {"C": 3721.98271760682, "gamma": 0.02616219519343783}, "datetime": {"datetime": "2021-09-28 15:47:06", "elapsed": 1024.499796, "delta": 4.614779}}
{"target": -34.801068854336215, "params": {"C": 3722.0291671077207, "gamma": 0.05488988786662838}, "datetime": {"datetime": "2021-09-28 15:47:13", "elapsed": 1032.060427, "delta": 7.560631}}
{"target": -35.642412594020314, "params": {"C": 3242.815785274793, "gamma": 0.016303456071202208}, "datetime": {"datetime": "2021-09-28 15:47:18", "elapsed": 1037.102641, "delta": 5.042214}}
{"target": -36.18307016150987, "params": {"C": 3721.7539850426165, "gamma": 0.010765616708777088}, "datetime": {"datetime": "2021-09-28 15:47:24", "elapsed": 1042.567683, "delta": 5.465042}}
{"target": -34.70023908614039, "params": {"C": 3348.7373707143065, "gamma": 0.037200127960641025}, "datetime": {"datetime": "2021-09-28 15:47:32", "elapsed": 1051.373073, "delta": 8.80539}}
{"target": -35.14449199181759, "params": {"C": 3722.03693951289, "gamma": 0.08018233545611887}, "datetime": {"datetime": "2021-09-28 15:47:37", "elapsed": 1055.520502, "delta": 4.147429}}
{"target": -34.94638376192591, "params": {"C": 3723.708272563143, "gamma": 0.0660925440371347}, "datetime": {"datetime": "2021-09-28 15:47:42", "elapsed": 1061.195747, "delta": 5.675245}}
{"target": -35.20438704667187, "params": {"C": 3823.141929644219, "gamma": 0.0839971903119506}, "datetime": {"datetime": "2021-09-28 15:47:47", "elapsed": 1066.073629, "delta": 4.877882}}
{"target": -34.72453008831131, "params": {"C": 3827.1837464384257, "gamma": 0.04861888910942674}, "datetime": {"datetime": "2021-09-28 15:48:05", "elapsed": 1084.372131, "delta": 18.298502}}
{"target": -35.15024180586526, "params": {"C": 3045.474002152602, "gamma": 0.022368932465556872}, "datetime": {"datetime": "2021-09-28 15:48:10", "elapsed": 1088.768442, "delta": 4.396311}}
{"target": -34.752994401635966, "params": {"C": 3030.0311533364047, "gamma": 0.03565962205620937}, "datetime": {"datetime": "2021-09-28 15:48:16", "elapsed": 1094.584717, "delta": 5.816275}}
{"target": -34.81058840779474, "params": {"C": 3721.986297585534, "gamma": 0.05567186245291461}, "datetime": {"datetime": "2021-09-28 15:48:20", "elapsed": 1098.789497, "delta": 4.20478}}
{"target": -35.73595041035246, "params": {"C": 3897.2573102603706, "gamma": 0.11451595128493543}, "datetime": {"datetime": "2021-09-28 15:48:25", "elapsed": 1103.754594, "delta": 4.965097}}
{"target": -35.045013834928476, "params": {"C": 3094.6049193430913, "gamma": 0.07186672354553555}, "datetime": {"datetime": "2021-09-28 15:48:28", "elapsed": 1107.343627, "delta": 3.589033}}
{"target": -35.571575936623724, "params": {"C": 3825.8049803722683, "gamma": 0.015492592453534716}, "datetime": {"datetime": "2021-09-28 15:48:32", "elapsed": 1110.838233, "delta": 3.494606}}
{"target": -34.91536997273923, "params": {"C": 3721.777942161297, "gamma": 0.06379904544118588}, "datetime": {"datetime": "2021-09-28 15:48:37", "elapsed": 1115.7735, "delta": 4.935267}}
{"target": -34.71405735729279, "params": {"C": 3348.713458897637, "gamma": 0.043154496512928}, "datetime": {"datetime": "2021-09-28 15:48:43", "elapsed": 1121.47129, "delta": 5.69779}}
{"target": -35.94171386300292, "params": {"C": 3823.149848889914, "gamma": 0.012367461827626634}, "datetime": {"datetime": "2021-09-28 15:48:48", "elapsed": 1127.350951, "delta": 5.879661}}
{"target": -36.03832167637712, "params": {"C": 3030.0106805365435, "gamma": 0.013283822742101385}, "datetime": {"datetime": "2021-09-28 15:48:54", "elapsed": 1133.243066, "delta": 5.892115}}
{"target": -34.80517355436375, "params": {"C": 3045.5166096830385, "gamma": 0.052224477867204966}, "datetime": {"datetime": "2021-09-28 15:48:59", "elapsed": 1137.89414, "delta": 4.651074}}
{"target": -34.65404836586284, "params": {"C": 3897.275274721302, "gamma": 0.04015147539705914}, "datetime": {"datetime": "2021-09-28 15:49:07", "elapsed": 1146.311949, "delta": 8.417809}}
{"target": -34.69828788827499, "params": {"C": 3348.6585759495474, "gamma": 0.039165515868275165}, "datetime": {"datetime": "2021-09-28 15:49:19", "elapsed": 1158.367113, "delta": 12.055164}}
{"target": -35.30305026934408, "params": {"C": 3045.5344244873713, "gamma": 0.08976323695562138}, "datetime": {"datetime": "2021-09-28 15:49:26", "elapsed": 1164.98387, "delta": 6.616757}}
{"target": -36.86383485698667, "params": {"C": 3994.458446332894, "gamma": 0.19968995843679027}, "datetime": {"datetime": "2021-09-28 15:49:29", "elapsed": 1168.385795, "delta": 3.401925}}
{"target": -35.11734370576422, "params": {"C": 3125.555602015569, "gamma": 0.07716506961767115}, "datetime": {"datetime": "2021-09-28 15:49:34", "elapsed": 1172.66896, "delta": 4.283165}}
{"target": -34.839429680078815, "params": {"C": 3030.091785273641, "gamma": 0.05522605681246244}, "datetime": {"datetime": "2021-09-28 15:49:40", "elapsed": 1179.097558, "delta": 6.428598}}
{"target": -36.11569097810464, "params": {"C": 3487.07710110649, "gamma": 0.14104011202745798}, "datetime": {"datetime": "2021-09-28 15:49:43", "elapsed": 1182.009948, "delta": 2.91239}}
{"target": -35.099643174699594, "params": {"C": 3348.642881925492, "gamma": 0.0764690958505555}, "datetime": {"datetime": "2021-09-28 15:49:52", "elapsed": 1191.114646, "delta": 9.104698}}
{"target": -36.39259717208293, "params": {"C": 3822.7830141081076, "gamma": 0.15998175092125974}, "datetime": {"datetime": "2021-09-28 15:49:55", "elapsed": 1194.239669, "delta": 3.125023}}
{"target": -36.18455426706389, "params": {"C": 3553.692555637943, "gamma": 0.14564964932491084}, "datetime": {"datetime": "2021-09-28 15:49:58", "elapsed": 1197.327027, "delta": 3.087358}}
{"target": -34.93209800816949, "params": {"C": 3045.537654005304, "gamma": 0.025294548035301814}, "datetime": {"datetime": "2021-09-28 15:50:03", "elapsed": 1202.031403, "delta": 4.704376}}
{"target": -34.81786386978125, "params": {"C": 3030.0917081808157, "gamma": 0.029365930833034758}, "datetime": {"datetime": "2021-09-28 15:50:08", "elapsed": 1206.805985, "delta": 4.774582}}
{"target": -34.88751146864074, "params": {"C": 3406.02650162203, "gamma": 0.06076845240366283}, "datetime": {"datetime": "2021-09-28 15:50:17", "elapsed": 1215.610194, "delta": 8.804209}}
{"target": -36.634099840113585, "params": {"C": 3030.125176635256, "gamma": 0.009334547903694587}, "datetime": {"datetime": "2021-09-28 15:50:25", "elapsed": 1224.30073, "delta": 8.690536}}
{"target": -35.00557750365018, "params": {"C": 3345.9558642591146, "gamma": 0.06957730980209915}, "datetime": {"datetime": "2021-09-28 15:50:32", "elapsed": 1231.252533, "delta": 6.951803}}
{"target": -35.10732216238871, "params": {"C": 3568.4648108288266, "gamma": 0.07737404676027795}, "datetime": {"datetime": "2021-09-28 15:50:41", "elapsed": 1239.911758, "delta": 8.659225}}
{"target": -35.954568918594354, "params": {"C": 3024.6713000031878, "gamma": 0.013960679406611793}, "datetime": {"datetime": "2021-09-28 15:50:50", "elapsed": 1248.572268, "delta": 8.66051}}
{"target": -34.92317767790252, "params": {"C": 3094.5558662110275, "gamma": 0.0624832156809273}, "datetime": {"datetime": "2021-09-28 15:50:55", "elapsed": 1254.401995, "delta": 5.829727}}
{"target": -35.90327984881195, "params": {"C": 3722.069680514267, "gamma": 0.01286479371884924}, "datetime": {"datetime": "2021-09-28 15:51:00", "elapsed": 1259.203083, "delta": 4.801088}}
{"target": -34.98117836233794, "params": {"C": 3405.970022762152, "gamma": 0.06791521285588355}, "datetime": {"datetime": "2021-09-28 15:51:06", "elapsed": 1264.797537, "delta": 5.594454}}
{"target": -35.37011578533999, "params": {"C": 3348.621085863999, "gamma": 0.018713959523993004}, "datetime": {"datetime": "2021-09-28 15:51:11", "elapsed": 1269.634583, "delta": 4.837046}}
{"target": -36.80164478620803, "params": {"C": 3861.470809242545, "gamma": 0.1943575741100466}, "datetime": {"datetime": "2021-09-28 15:51:14", "elapsed": 1273.141757, "delta": 3.507174}}
{"target": -35.0969444773927, "params": {"C": 3475.5612885169035, "gamma": 0.07649225827996785}, "datetime": {"datetime": "2021-09-28 15:51:21", "elapsed": 1280.345136, "delta": 7.203379}}
{"target": -37.31938489263298, "params": {"C": 3721.820903697939, "gamma": 0.0050960792656149015}, "datetime": {"datetime": "2021-09-28 15:51:27", "elapsed": 1285.933169, "delta": 5.588033}}
{"target": -34.67607777828173, "params": {"C": 3559.3763031773856, "gamma": 0.03820224603607495}, "datetime": {"datetime": "2021-09-28 15:51:37", "elapsed": 1296.369938, "delta": 10.436769}}
{"target": -34.71205017010545, "params": {"C": 3450.4048472291465, "gamma": 0.0445183163039407}, "datetime": {"datetime": "2021-09-28 15:51:42", "elapsed": 1301.266009, "delta": 4.896071}}
{"target": -34.8346388948568, "params": {"C": 3094.5155151243825, "gamma": 0.05512958058363531}, "datetime": {"datetime": "2021-09-28 15:51:47", "elapsed": 1306.368278, "delta": 5.102269}}
{"target": -35.61291367634687, "params": {"C": 3370.426523022485, "gamma": 0.10848537462795485}, "datetime": {"datetime": "2021-09-28 15:51:51", "elapsed": 1309.861267, "delta": 3.492989}}
{"target": -34.80812312807051, "params": {"C": 3030.037980592828, "gamma": 0.05240972264268115}, "datetime": {"datetime": "2021-09-28 15:51:57", "elapsed": 1315.75635, "delta": 5.895083}}
{"target": -34.65558593928908, "params": {"C": 3894.834093242868, "gamma": 0.040486273161749874}, "datetime": {"datetime": "2021-09-28 15:52:03", "elapsed": 1321.772537, "delta": 6.016187}}
