{"target": -50.25742000554882, "params": {"C": 163293.79219477333, "gamma": 0.5775358690625478}, "datetime": {"datetime": "2021-10-04 11:55:01", "elapsed": 232.04437, "delta": 1.766753}}
{"target": -49.76206126046715, "params": {"C": 163294.47442726386, "gamma": 0.5334410590909584}, "datetime": {"datetime": "2021-10-04 11:55:03", "elapsed": 233.527347, "delta": 1.482977}}
{"target": -51.16847758879002, "params": {"C": 231772.24153478595, "gamma": 0.6596969294611332}, "datetime": {"datetime": "2021-10-04 11:55:04", "elapsed": 234.719619, "delta": 1.192272}}
{"target": -50.67552356511755, "params": {"C": 150095.94606551292, "gamma": 0.2511608978109407}, "datetime": {"datetime": "2021-10-04 11:55:06", "elapsed": 237.114331, "delta": 2.394712}}
{"target": -51.70553034382768, "params": {"C": 149415.45794681538, "gamma": 0.6887759688408943}, "datetime": {"datetime": "2021-10-04 11:55:08", "elapsed": 238.820593, "delta": 1.706262}}
{"target": -49.56060080666717, "params": {"C": 147243.58301158587, "gamma": 0.49473391590225246}, "datetime": {"datetime": "2021-10-04 11:55:10", "elapsed": 241.041944, "delta": 2.221351}}
{"target": -49.41686187691424, "params": {"C": 167722.47839968395, "gamma": 0.3999940603840454}, "datetime": {"datetime": "2021-10-04 11:55:12", "elapsed": 242.579418, "delta": 1.537474}}
{"target": -51.25615252931087, "params": {"C": 111613.84022417694, "gamma": 0.6294407429945574}, "datetime": {"datetime": "2021-10-04 11:55:13", "elapsed": 244.096844, "delta": 1.517426}}
{"target": -50.89029615138173, "params": {"C": 234751.68072223742, "gamma": 0.6369852747979482}, "datetime": {"datetime": "2021-10-04 11:55:15", "elapsed": 246.111084, "delta": 2.01424}}
{"target": -50.02952341995127, "params": {"C": 149415.14469443733, "gamma": 0.554016789821732}, "datetime": {"datetime": "2021-10-04 11:55:17", "elapsed": 248.224294, "delta": 2.11321}}
{"target": -50.192384573869056, "params": {"C": 119095.93187168053, "gamma": 0.5492163270854107}, "datetime": {"datetime": "2021-10-04 11:55:19", "elapsed": 250.092605, "delta": 1.868311}}
{"target": -49.456856919081176, "params": {"C": 126041.72787814308, "gamma": 0.42022159902151446}, "datetime": {"datetime": "2021-10-04 11:55:20", "elapsed": 251.317669, "delta": 1.225064}}
{"target": -51.29074810642629, "params": {"C": 156110.47265404605, "gamma": 0.6563250559393099}, "datetime": {"datetime": "2021-10-04 11:55:22", "elapsed": 252.858056, "delta": 1.540387}}
{"target": -49.92785325565654, "params": {"C": 163294.0741953489, "gamma": 0.5509029494934738}, "datetime": {"datetime": "2021-10-04 11:55:24", "elapsed": 254.532459, "delta": 1.674403}}
{"target": -49.99744531606751, "params": {"C": 146716.01306905522, "gamma": 0.30461021039993397}, "datetime": {"datetime": "2021-10-04 11:55:25", "elapsed": 255.820143, "delta": 1.287684}}
{"target": -49.393111063886856, "params": {"C": 247928.42651011242, "gamma": 0.4697668492202973}, "datetime": {"datetime": "2021-10-04 11:55:26", "elapsed": 257.033482, "delta": 1.213339}}
{"target": -49.81823110863861, "params": {"C": 113522.90735582636, "gamma": 0.31900223705962155}, "datetime": {"datetime": "2021-10-04 11:55:27", "elapsed": 258.479809, "delta": 1.446327}}
{"target": -50.12876258716233, "params": {"C": 181984.28617894131, "gamma": 0.5705290807606801}, "datetime": {"datetime": "2021-10-04 11:55:29", "elapsed": 259.845826, "delta": 1.366017}}
{"target": -50.53528320162434, "params": {"C": 147243.63967035845, "gamma": 0.2610054822782339}, "datetime": {"datetime": "2021-10-04 11:55:31", "elapsed": 261.734283, "delta": 1.888457}}
{"target": -50.442807913709785, "params": {"C": 150096.82996540033, "gamma": 0.268992019715908}, "datetime": {"datetime": "2021-10-04 11:55:33", "elapsed": 264.371035, "delta": 2.636752}}
{"target": -49.56741785386514, "params": {"C": 208550.19029062655, "gamma": 0.393487940151274}, "datetime": {"datetime": "2021-10-04 11:55:35", "elapsed": 265.634912, "delta": 1.263877}}
{"target": -50.00012626994021, "params": {"C": 168533.62388773978, "gamma": 0.5581977400008157}, "datetime": {"datetime": "2021-10-04 11:55:36", "elapsed": 267.203187, "delta": 1.568275}}
{"target": -49.35865615171622, "params": {"C": 150096.50064772536, "gamma": 0.41796916662159844}, "datetime": {"datetime": "2021-10-04 11:55:38", "elapsed": 269.298013, "delta": 2.094826}}
{"target": -49.38955422394133, "params": {"C": 145593.1589761545, "gamma": 0.40318251586638837}, "datetime": {"datetime": "2021-10-04 11:55:40", "elapsed": 271.130547, "delta": 1.832534}}
{"target": -49.45098188539019, "params": {"C": 131003.04639287485, "gamma": 0.44529271504840895}, "datetime": {"datetime": "2021-10-04 11:55:42", "elapsed": 272.86002, "delta": 1.729473}}
{"target": -49.92431878141946, "params": {"C": 135342.91851859473, "gamma": 0.5360927871434754}, "datetime": {"datetime": "2021-10-04 11:55:44", "elapsed": 275.149077, "delta": 2.289057}}
{"target": -50.32192995354853, "params": {"C": 129011.75855942685, "gamma": 0.5663174241554321}, "datetime": {"datetime": "2021-10-04 11:55:46", "elapsed": 277.133448, "delta": 1.984371}}
