{"target": -36.94509135881227, "params": {"C": 29607.318727903756, "gamma": 0.09156327416101641}, "datetime": {"datetime": "2021-09-29 08:38:48", "elapsed": 9.205687, "delta": 0.322001}}
{"target": -36.97078976532346, "params": {"C": 28530.769638952155, "gamma": 0.0940733761214857}, "datetime": {"datetime": "2021-09-29 08:38:48", "elapsed": 9.545681, "delta": 0.339994}}
{"target": -35.18581761284481, "params": {"C": 25470.31994812665, "gamma": 0.047919213424914106}, "datetime": {"datetime": "2021-09-29 08:38:49", "elapsed": 9.849682, "delta": 0.304001}}
{"target": -35.17347297289644, "params": {"C": 27905.895293722326, "gamma": 0.04612622276120927}, "datetime": {"datetime": "2021-09-29 08:38:49", "elapsed": 10.196679, "delta": 0.346997}}
{"target": -35.410151707684925, "params": {"C": 25847.06980123891, "gamma": 0.006312126655461565}, "datetime": {"datetime": "2021-09-29 08:38:49", "elapsed": 10.512682, "delta": 0.316003}}
{"target": -35.85312840934321, "params": {"C": 27573.854534441827, "gamma": 0.06295445769660965}, "datetime": {"datetime": "2021-09-29 08:38:50", "elapsed": 10.900883, "delta": 0.388201}}
{"target": -35.88469694435183, "params": {"C": 25691.873575690875, "gamma": 0.06559841761564761}, "datetime": {"datetime": "2021-09-29 08:38:50", "elapsed": 11.240888, "delta": 0.340005}}
{"target": -35.51966497938201, "params": {"C": 28483.445342178224, "gamma": 0.05388264967721183}, "datetime": {"datetime": "2021-09-29 08:38:50", "elapsed": 11.544886, "delta": 0.303998}}
{"target": -37.0084576087685, "params": {"C": 28457.534831063727, "gamma": 0.09529601599482058}, "datetime": {"datetime": "2021-09-29 08:38:51", "elapsed": 11.893885, "delta": 0.348999}}
{"target": -35.24247071054392, "params": {"C": 27752.8393213962, "gamma": 0.04782438041743561}, "datetime": {"datetime": "2021-09-29 08:38:51", "elapsed": 12.242888, "delta": 0.349003}}
{"target": -36.56381800058462, "params": {"C": 28403.012205086674, "gamma": 0.081157951288252}, "datetime": {"datetime": "2021-09-29 08:38:51", "elapsed": 12.625889, "delta": 0.383001}}
{"target": -35.69699343965324, "params": {"C": 27176.260964327135, "gamma": 0.05924770886146274}, "datetime": {"datetime": "2021-09-29 08:38:52", "elapsed": 13.032585, "delta": 0.406696}}
{"target": -35.80754224532602, "params": {"C": 26478.796185528303, "gamma": 0.0627379483399568}, "datetime": {"datetime": "2021-09-29 08:38:52", "elapsed": 13.384589, "delta": 0.352004}}
{"target": -36.440484509098816, "params": {"C": 28400.358453571363, "gamma": 0.07763332193548447}, "datetime": {"datetime": "2021-09-29 08:38:52", "elapsed": 13.733193, "delta": 0.348604}}
{"target": -36.97908553561025, "params": {"C": 29285.60707014639, "gamma": 0.09303230697256437}, "datetime": {"datetime": "2021-09-29 08:38:53", "elapsed": 14.08619, "delta": 0.352997}}
{"target": -35.03123770242465, "params": {"C": 28875.10752466183, "gamma": 0.042303245714507345}, "datetime": {"datetime": "2021-09-29 08:38:53", "elapsed": 14.446184, "delta": 0.359994}}
{"target": -36.56969804307714, "params": {"C": 28277.23989618626, "gamma": 0.08150867858633591}, "datetime": {"datetime": "2021-09-29 08:38:54", "elapsed": 14.822363, "delta": 0.376179}}
{"target": -35.8117120915876, "params": {"C": 26846.999908911446, "gamma": 0.06251399105576387}, "datetime": {"datetime": "2021-09-29 08:38:54", "elapsed": 15.193362, "delta": 0.370999}}
{"target": -34.83540785107326, "params": {"C": 27251.432882847763, "gamma": 0.038265792042060355}, "datetime": {"datetime": "2021-09-29 08:38:54", "elapsed": 15.568361, "delta": 0.374999}}
{"target": -34.263893142233194, "params": {"C": 28835.9302670225, "gamma": 0.014918540338981622}, "datetime": {"datetime": "2021-09-29 08:38:55", "elapsed": 15.967362, "delta": 0.399001}}
{"target": -34.89419996101827, "params": {"C": 27554.042375590878, "gamma": 0.03964928995121621}, "datetime": {"datetime": "2021-09-29 08:38:55", "elapsed": 16.338361, "delta": 0.370999}}
{"target": -36.166048515979085, "params": {"C": 29546.105860013853, "gamma": 0.06903428187024399}, "datetime": {"datetime": "2021-09-29 08:38:55", "elapsed": 16.701362, "delta": 0.363001}}
{"target": -34.65997702565027, "params": {"C": 27913.3288238883, "gamma": 0.03299946849841428}, "datetime": {"datetime": "2021-09-29 08:38:56", "elapsed": 17.08421, "delta": 0.382848}}
{"target": -34.32643325575183, "params": {"C": 28979.83180634334, "gamma": 0.012523430471769341}, "datetime": {"datetime": "2021-09-29 08:38:56", "elapsed": 17.47621, "delta": 0.392}}
{"target": -36.557500471187836, "params": {"C": 29754.53977579152, "gamma": 0.07917548350597925}, "datetime": {"datetime": "2021-09-29 08:38:57", "elapsed": 17.879214, "delta": 0.403004}}
{"target": -36.625723461430326, "params": {"C": 26739.022828404988, "gamma": 0.08556175395408144}, "datetime": {"datetime": "2021-09-29 08:38:57", "elapsed": 18.242211, "delta": 0.362997}}
{"target": -36.61678249751553, "params": {"C": 26037.785394068665, "gamma": 0.08640748320230647}, "datetime": {"datetime": "2021-09-29 08:38:57", "elapsed": 18.655214, "delta": 0.413003}}
{"target": -34.431643288753264, "params": {"C": 25626.075903863795, "gamma": 0.024575877734323633}, "datetime": {"datetime": "2021-09-29 08:38:58", "elapsed": 19.015338, "delta": 0.360124}}
{"target": -34.83155881282176, "params": {"C": 26438.78041404642, "gamma": 0.03856124561891662}, "datetime": {"datetime": "2021-09-29 08:38:58", "elapsed": 19.374348, "delta": 0.35901}}
{"target": -34.31062852666595, "params": {"C": 27619.585346180436, "gamma": 0.018190904197547347}, "datetime": {"datetime": "2021-09-29 08:38:58", "elapsed": 19.739338, "delta": 0.36499}}
{"target": -35.66358898023211, "params": {"C": 27743.93917360011, "gamma": 0.05794615053234451}, "datetime": {"datetime": "2021-09-29 08:38:59", "elapsed": 20.098338, "delta": 0.359}}
{"target": -35.17089333221411, "params": {"C": 26130.900409182625, "gamma": 0.04713520439257748}, "datetime": {"datetime": "2021-09-29 08:38:59", "elapsed": 20.453337, "delta": 0.354999}}
{"target": -36.36901530530726, "params": {"C": 27286.513236021576, "gamma": 0.07711946358376723}, "datetime": {"datetime": "2021-09-29 08:39:00", "elapsed": 20.840233, "delta": 0.386896}}
{"target": -36.44374620974027, "params": {"C": 27321.085335660166, "gamma": 0.07915616190257038}, "datetime": {"datetime": "2021-09-29 08:39:00", "elapsed": 21.225978, "delta": 0.385745}}
{"target": -35.48114278540401, "params": {"C": 27826.915640540312, "gamma": 0.05341982018191186}, "datetime": {"datetime": "2021-09-29 08:39:00", "elapsed": 21.593976, "delta": 0.367998}}
{"target": -36.63545045425635, "params": {"C": 26311.968854208742, "gamma": 0.08657661232753466}, "datetime": {"datetime": "2021-09-29 08:39:01", "elapsed": 21.972981, "delta": 0.379005}}
{"target": -36.9007027890133, "params": {"C": 27937.455671931737, "gamma": 0.09301820260703635}, "datetime": {"datetime": "2021-09-29 08:39:01", "elapsed": 22.394972, "delta": 0.421991}}
{"target": -35.96850344257503, "params": {"C": 25346.495181245507, "gamma": 0.06818909207481362}, "datetime": {"datetime": "2021-09-29 08:39:01", "elapsed": 22.763973, "delta": 0.369001}}
{"target": -34.27590370998462, "params": {"C": 28185.263730071154, "gamma": 0.016296964801320514}, "datetime": {"datetime": "2021-09-29 08:39:02", "elapsed": 23.196249, "delta": 0.432276}}
{"target": -37.21690131465946, "params": {"C": 29424.44268979654, "gamma": 0.09981383210015862}, "datetime": {"datetime": "2021-09-29 08:39:02", "elapsed": 23.59524, "delta": 0.398991}}
{"target": -34.32521632729123, "params": {"C": 26390.421602233313, "gamma": 0.019233455981822804}, "datetime": {"datetime": "2021-09-29 08:39:03", "elapsed": 24.00189, "delta": 0.40665}}
{"target": -35.8322746134606, "params": {"C": 27379.908972834426, "gamma": 0.06258134633927984}, "datetime": {"datetime": "2021-09-29 08:39:03", "elapsed": 24.391896, "delta": 0.390006}}
{"target": -34.55283338918839, "params": {"C": 28291.292618913976, "gamma": 0.009906556562216012}, "datetime": {"datetime": "2021-09-29 08:39:03", "elapsed": 24.787206, "delta": 0.39531}}
{"target": -35.33578894081003, "params": {"C": 26334.45899899029, "gamma": 0.050962472769810585}, "datetime": {"datetime": "2021-09-29 08:39:04", "elapsed": 25.199205, "delta": 0.411999}}
{"target": -35.53761032605247, "params": {"C": 29578.177330771232, "gamma": 0.05355952556260665}, "datetime": {"datetime": "2021-09-29 08:39:04", "elapsed": 25.644209, "delta": 0.445004}}
{"target": -36.452447400067975, "params": {"C": 28251.373076243875, "gamma": 0.07815764251599575}, "datetime": {"datetime": "2021-09-29 08:39:05", "elapsed": 26.048206, "delta": 0.403997}}
{"target": -34.41715799263213, "params": {"C": 27778.27452332122, "gamma": 0.02337436113215505}, "datetime": {"datetime": "2021-09-29 08:39:05", "elapsed": 26.485212, "delta": 0.437006}}
{"target": -35.52250239698565, "params": {"C": 27625.066367538493, "gamma": 0.005738610376384224}, "datetime": {"datetime": "2021-09-29 08:39:06", "elapsed": 26.941298, "delta": 0.456086}}
{"target": -35.72186836944046, "params": {"C": 27997.675990653028, "gamma": 0.05920755042607751}, "datetime": {"datetime": "2021-09-29 08:39:06", "elapsed": 27.3873, "delta": 0.446002}}
{"target": -35.90531678256868, "params": {"C": 26525.111648240443, "gamma": 0.06527870004827242}, "datetime": {"datetime": "2021-09-29 08:39:06", "elapsed": 27.800303, "delta": 0.413003}}
{"target": -35.37394784430832, "params": {"C": 25773.485141817106, "gamma": 0.052290418644688724}, "datetime": {"datetime": "2021-09-29 08:39:07", "elapsed": 28.221307, "delta": 0.421004}}
{"target": -35.5316836798212, "params": {"C": 26365.807493856275, "gamma": 0.055738718834579266}, "datetime": {"datetime": "2021-09-29 08:39:07", "elapsed": 28.657303, "delta": 0.435996}}
{"target": -34.5127261463755, "params": {"C": 25256.52778148904, "gamma": 0.02798808626558339}, "datetime": {"datetime": "2021-09-29 08:39:08", "elapsed": 29.08111, "delta": 0.423807}}
{"target": -36.60736673554845, "params": {"C": 28015.11670004747, "gamma": 0.08303103567304221}, "datetime": {"datetime": "2021-09-29 08:39:08", "elapsed": 29.506113, "delta": 0.425003}}
{"target": -34.59292915993157, "params": {"C": 25414.065387599123, "gamma": 0.03115787342522659}, "datetime": {"datetime": "2021-09-29 08:39:09", "elapsed": 29.924107, "delta": 0.417994}}
{"target": -35.5353597400803, "params": {"C": 25673.927376716627, "gamma": 0.05638146109085748}, "datetime": {"datetime": "2021-09-29 08:39:09", "elapsed": 30.411104, "delta": 0.486997}}
{"target": -37.03838871104857, "params": {"C": 26478.97182695994, "gamma": 0.09996654470549125}, "datetime": {"datetime": "2021-09-29 08:39:10", "elapsed": 30.862571, "delta": 0.451467}}
{"target": -35.581510963963225, "params": {"C": 29570.221600344692, "gamma": 0.05460236622341268}, "datetime": {"datetime": "2021-09-29 08:39:10", "elapsed": 31.355571, "delta": 0.493}}
{"target": -36.659042825527244, "params": {"C": 29232.122159334107, "gamma": 0.0828900737654435}, "datetime": {"datetime": "2021-09-29 08:39:10", "elapsed": 31.794571, "delta": 0.439}}
{"target": -35.704981922320805, "params": {"C": 25052.816192990587, "gamma": 0.0613189561987859}, "datetime": {"datetime": "2021-09-29 08:39:11", "elapsed": 32.260575, "delta": 0.466004}}
{"target": -34.34007504063325, "params": {"C": 25955.229344709976, "gamma": 0.02010808336836404}, "datetime": {"datetime": "2021-09-29 08:39:11", "elapsed": 32.69157, "delta": 0.430995}}
{"target": -34.34093322033519, "params": {"C": 27642.489598923523, "gamma": 0.019713259241820696}, "datetime": {"datetime": "2021-09-29 08:39:12", "elapsed": 33.260879, "delta": 0.569309}}
{"target": -37.1041760238391, "params": {"C": 28199.69652955689, "gamma": 0.09867798958880708}, "datetime": {"datetime": "2021-09-29 08:39:12", "elapsed": 33.722566, "delta": 0.461687}}
{"target": -35.10020334900672, "params": {"C": 27442.318724277586, "gamma": 0.007278759371540612}, "datetime": {"datetime": "2021-09-29 08:39:13", "elapsed": 34.233566, "delta": 0.511}}
{"target": -36.13126057317592, "params": {"C": 29687.134904093116, "gamma": 0.06800326196667057}, "datetime": {"datetime": "2021-09-29 08:39:13", "elapsed": 34.682568, "delta": 0.449002}}
{"target": -34.57799900453508, "params": {"C": 26427.83594171514, "gamma": 0.010069081766889358}, "datetime": {"datetime": "2021-09-29 08:39:14", "elapsed": 35.281298, "delta": 0.59873}}
{"target": -35.355946879679294, "params": {"C": 25258.8161781886, "gamma": 0.05222589710585659}, "datetime": {"datetime": "2021-09-29 08:39:14", "elapsed": 35.778301, "delta": 0.497003}}
{"target": -34.584206545978844, "params": {"C": 26218.43940781177, "gamma": 0.030500436287128417}, "datetime": {"datetime": "2021-09-29 08:39:15", "elapsed": 36.294303, "delta": 0.516002}}
{"target": -34.711196259721575, "params": {"C": 26161.207896673986, "gamma": 0.035217954409545164}, "datetime": {"datetime": "2021-09-29 08:39:15", "elapsed": 36.756297, "delta": 0.461994}}
{"target": -36.253206833053156, "params": {"C": 25537.305937110334, "gamma": 0.07611974673735285}, "datetime": {"datetime": "2021-09-29 08:39:16", "elapsed": 37.361968, "delta": 0.605671}}
{"target": -36.996108630507585, "params": {"C": 27156.053146018057, "gamma": 0.09731408194622639}, "datetime": {"datetime": "2021-09-29 08:39:17", "elapsed": 37.859969, "delta": 0.498001}}
{"target": -36.94354620010209, "params": {"C": 27442.677309134433, "gamma": 0.09519996698148048}, "datetime": {"datetime": "2021-09-29 08:39:17", "elapsed": 38.352965, "delta": 0.492996}}
{"target": -35.18498668510232, "params": {"C": 25538.960567277096, "gamma": 0.04785408982750394}, "datetime": {"datetime": "2021-09-29 08:39:18", "elapsed": 38.88633, "delta": 0.533365}}
{"target": -36.853912844928864, "params": {"C": 29910.444159152485, "gamma": 0.08817227585126693}, "datetime": {"datetime": "2021-09-29 08:39:18", "elapsed": 39.389328, "delta": 0.502998}}
{"target": -36.41033183039467, "params": {"C": 25460.666670663522, "gamma": 0.08085763578309607}, "datetime": {"datetime": "2021-09-29 08:39:19", "elapsed": 39.900331, "delta": 0.511003}}
{"target": -35.19963071860917, "params": {"C": 27426.59297131505, "gamma": 0.04701907760938062}, "datetime": {"datetime": "2021-09-29 08:39:19", "elapsed": 40.431334, "delta": 0.531003}}
{"target": -35.80774534251506, "params": {"C": 29794.48782504735, "gamma": 0.059942396093581825}, "datetime": {"datetime": "2021-09-29 08:39:20", "elapsed": 40.979601, "delta": 0.548267}}
{"target": -36.79573177829653, "params": {"C": 28218.74395293148, "gamma": 0.08896697579644598}, "datetime": {"datetime": "2021-09-29 08:39:20", "elapsed": 41.552605, "delta": 0.573004}}
{"target": -35.47708725672408, "params": {"C": 29241.566459627313, "gamma": 0.05236215892213054}, "datetime": {"datetime": "2021-09-29 08:39:21", "elapsed": 42.178602, "delta": 0.625997}}
{"target": -34.36350651912419, "params": {"C": 28094.300523462844, "gamma": 0.020733089712850133}, "datetime": {"datetime": "2021-09-29 08:39:21", "elapsed": 42.767611, "delta": 0.589009}}
{"target": -35.90923175946104, "params": {"C": 27936.578530784864, "gamma": 0.06400586862026142}, "datetime": {"datetime": "2021-09-29 08:39:22", "elapsed": 43.382025, "delta": 0.614414}}
{"target": -34.269925566643174, "params": {"C": 27542.698875265734, "gamma": 0.014929473289115404}, "datetime": {"datetime": "2021-09-29 08:39:23", "elapsed": 43.936627, "delta": 0.554602}}
{"target": -34.32704518893166, "params": {"C": 29394.23636341419, "gamma": 0.01860751786602853}, "datetime": {"datetime": "2021-09-29 08:39:23", "elapsed": 44.482642, "delta": 0.546015}}
{"target": -36.4601267303277, "params": {"C": 26443.128180110332, "gamma": 0.08087220315965828}, "datetime": {"datetime": "2021-09-29 08:39:24", "elapsed": 45.002062, "delta": 0.51942}}
{"target": -36.48398642835056, "params": {"C": 29384.10244511897, "gamma": 0.0775857787888179}, "datetime": {"datetime": "2021-09-29 08:39:24", "elapsed": 45.56106, "delta": 0.558998}}
{"target": -36.53022192207034, "params": {"C": 27201.360520489136, "gamma": 0.08185845395643877}, "datetime": {"datetime": "2021-09-29 08:39:25", "elapsed": 46.120063, "delta": 0.559003}}
{"target": -36.161344276443934, "params": {"C": 29560.674846632013, "gamma": 0.06890186897542175}, "datetime": {"datetime": "2021-09-29 08:39:25", "elapsed": 46.648118, "delta": 0.528055}}
{"target": -35.74767651416375, "params": {"C": 27952.316919926783, "gamma": 0.059898754679733046}, "datetime": {"datetime": "2021-09-29 08:39:26", "elapsed": 47.20228, "delta": 0.554162}}
{"target": -34.91516741352005, "params": {"C": 25300.631847239623, "gamma": 0.04138564533251403}, "datetime": {"datetime": "2021-09-29 08:39:27", "elapsed": 47.863285, "delta": 0.661005}}
{"target": -35.699352197411194, "params": {"C": 29397.37006695236, "gamma": 0.05756394300121775}, "datetime": {"datetime": "2021-09-29 08:39:27", "elapsed": 48.490281, "delta": 0.626996}}
{"target": -34.664650576884526, "params": {"C": 26187.020678800294, "gamma": 0.009451761702326903}, "datetime": {"datetime": "2021-09-29 08:39:28", "elapsed": 49.085623, "delta": 0.595342}}
{"target": -36.08008161625401, "params": {"C": 25481.37677638954, "gamma": 0.07110767703680335}, "datetime": {"datetime": "2021-09-29 08:39:28", "elapsed": 49.621623, "delta": 0.536}}
{"target": -35.33768703826839, "params": {"C": 26276.497394120084, "gamma": 0.051048595986553154}, "datetime": {"datetime": "2021-09-29 08:39:29", "elapsed": 50.207626, "delta": 0.586003}}
{"target": -34.54249153844173, "params": {"C": 28211.38408874668, "gamma": 0.010002412344937324}, "datetime": {"datetime": "2021-09-29 08:39:30", "elapsed": 50.935441, "delta": 0.727815}}
{"target": -36.57503448159968, "params": {"C": 27184.332672838478, "gamma": 0.08325599219312768}, "datetime": {"datetime": "2021-09-29 08:39:30", "elapsed": 51.556269, "delta": 0.620828}}
{"target": -36.87046662409605, "params": {"C": 26683.199635994566, "gamma": 0.09425230294894939}, "datetime": {"datetime": "2021-09-29 08:39:31", "elapsed": 52.15127, "delta": 0.595001}}
{"target": -34.41359964825803, "params": {"C": 27952.39957328783, "gamma": 0.023173261365048593}, "datetime": {"datetime": "2021-09-29 08:39:31", "elapsed": 52.797275, "delta": 0.646005}}
{"target": -35.592192301939384, "params": {"C": 27333.453730264293, "gamma": 0.05649049719129591}, "datetime": {"datetime": "2021-09-29 08:39:32", "elapsed": 53.456478, "delta": 0.659203}}
{"target": -35.07243537401858, "params": {"C": 26877.8590763843, "gamma": 0.04435101866112554}, "datetime": {"datetime": "2021-09-29 08:39:33", "elapsed": 54.086733, "delta": 0.630255}}
{"target": -36.52984062309339, "params": {"C": 26644.784194319534, "gamma": 0.08267105583238664}, "datetime": {"datetime": "2021-09-29 08:39:33", "elapsed": 54.670742, "delta": 0.584009}}
{"target": -36.98671626615074, "params": {"C": 27429.515976341892, "gamma": 0.09651521900574093}, "datetime": {"datetime": "2021-09-29 08:39:34", "elapsed": 55.269962, "delta": 0.59922}}
{"target": -34.44518898698987, "params": {"C": 27841.368428644262, "gamma": 0.024574750456501277}, "datetime": {"datetime": "2021-09-29 08:39:35", "elapsed": 55.902965, "delta": 0.633003}}
{"target": -34.31276090720845, "params": {"C": 26765.833080239037, "gamma": 0.013534785935439764}, "datetime": {"datetime": "2021-09-29 08:39:35", "elapsed": 56.503964, "delta": 0.600999}}
{"target": -34.909692597898825, "params": {"C": 25519.30074237751, "gamma": 0.04112188952948734}, "datetime": {"datetime": "2021-09-29 08:39:36", "elapsed": 57.112154, "delta": 0.60819}}
{"target": -35.68611852533795, "params": {"C": 26792.969877462318, "gamma": 0.05928931009173298}, "datetime": {"datetime": "2021-09-29 08:39:36", "elapsed": 57.731149, "delta": 0.618995}}
{"target": -34.78910936134423, "params": {"C": 25117.015317596957, "gamma": 0.03800374308245813}, "datetime": {"datetime": "2021-09-29 08:39:37", "elapsed": 58.351147, "delta": 0.619998}}
{"target": -34.4425095884704, "params": {"C": 27752.544252802734, "gamma": 0.024501389304119253}, "datetime": {"datetime": "2021-09-29 08:39:38", "elapsed": 58.948045, "delta": 0.596898}}
{"target": -35.67651294610096, "params": {"C": 28742.35118547728, "gamma": 0.057495197607060934}, "datetime": {"datetime": "2021-09-29 08:39:38", "elapsed": 59.548891, "delta": 0.600846}}
{"target": -34.398691312519176, "params": {"C": 27467.654561963896, "gamma": 0.022613618969981316}, "datetime": {"datetime": "2021-09-29 08:39:39", "elapsed": 60.417725, "delta": 0.868834}}
{"target": -36.36662995613973, "params": {"C": 28553.783690323573, "gamma": 0.07545217706372374}, "datetime": {"datetime": "2021-09-29 08:39:40", "elapsed": 61.103052, "delta": 0.685327}}
{"target": -34.264015401551454, "params": {"C": 28781.87991734875, "gamma": 0.014916186903445754}, "datetime": {"datetime": "2021-09-29 08:39:41", "elapsed": 61.875055, "delta": 0.772003}}
{"target": -34.52791619145003, "params": {"C": 26309.616285019023, "gamma": 0.028217681303474577}, "datetime": {"datetime": "2021-09-29 08:39:41", "elapsed": 62.522088, "delta": 0.647033}}
{"target": -34.425886017258755, "params": {"C": 29114.782835766462, "gamma": 0.02345851048582957}, "datetime": {"datetime": "2021-09-29 08:39:42", "elapsed": 63.176415, "delta": 0.654327}}
{"target": -36.153824293254, "params": {"C": 27128.831594095212, "gamma": 0.07128320122245828}, "datetime": {"datetime": "2021-09-29 08:39:43", "elapsed": 63.845059, "delta": 0.668644}}
{"target": -35.14214226362755, "params": {"C": 27511.149141835303, "gamma": 0.04562437938506297}, "datetime": {"datetime": "2021-09-29 08:39:43", "elapsed": 64.540056, "delta": 0.694997}}
{"target": -34.37512595789893, "params": {"C": 28755.903037664964, "gamma": 0.01173248688335845}, "datetime": {"datetime": "2021-09-29 08:39:44", "elapsed": 65.183392, "delta": 0.643336}}
{"target": -34.79477852869359, "params": {"C": 27270.64134866651, "gamma": 0.037091709043569045}, "datetime": {"datetime": "2021-09-29 08:39:45", "elapsed": 65.912389, "delta": 0.728997}}
