{"target": -35.22635550429711, "params": {"C": 6310.132439362255, "gamma": 0.06433817014829213}, "datetime": {"datetime": "2021-09-28 18:04:22", "elapsed": 95.893168, "delta": 0.66752}}
{"target": -34.86647930649229, "params": {"C": 6000.279679200452, "gamma": 0.024951874190538792}, "datetime": {"datetime": "2021-09-28 18:04:23", "elapsed": 96.586241, "delta": 0.693073}}
{"target": -35.04895654090757, "params": {"C": 6564.4330567672605, "gamma": 0.054913238486607285}, "datetime": {"datetime": "2021-09-28 18:04:24", "elapsed": 97.353135, "delta": 0.766894}}
{"target": -35.230859057315556, "params": {"C": 6187.56311229045, "gamma": 0.06424778010977995}, "datetime": {"datetime": "2021-09-28 18:04:24", "elapsed": 98.059573, "delta": 0.706438}}
{"target": -35.07072215496638, "params": {"C": 6984.524695446409, "gamma": 0.05640376550917848}, "datetime": {"datetime": "2021-09-28 18:04:25", "elapsed": 98.71443, "delta": 0.654857}}
{"target": -34.930482660476486, "params": {"C": 6302.886495699378, "gamma": 0.04773011932280501}, "datetime": {"datetime": "2021-09-28 18:04:26", "elapsed": 99.490031, "delta": 0.775601}}
{"target": -35.65377437105759, "params": {"C": 6648.19972915588, "gamma": 0.00971572924767673}, "datetime": {"datetime": "2021-09-28 18:04:27", "elapsed": 100.444628, "delta": 0.954597}}
{"target": -35.1271307819874, "params": {"C": 6198.2708197470165, "gamma": 0.0585710987993137}, "datetime": {"datetime": "2021-09-28 18:04:28", "elapsed": 101.251808, "delta": 0.80718}}
{"target": -35.52514873906718, "params": {"C": 6753.7267570243275, "gamma": 0.07853582066758598}, "datetime": {"datetime": "2021-09-28 18:04:29", "elapsed": 102.237738, "delta": 0.98593}}
{"target": -35.22176344571901, "params": {"C": 6660.432900636292, "gamma": 0.06453698650599982}, "datetime": {"datetime": "2021-09-28 18:04:29", "elapsed": 102.996531, "delta": 0.758793}}
{"target": -34.846207917065506, "params": {"C": 6168.687817335314, "gamma": 0.02596692412458159}, "datetime": {"datetime": "2021-09-28 18:04:30", "elapsed": 103.679955, "delta": 0.683424}}
{"target": -35.20268600763625, "params": {"C": 6430.757989626229, "gamma": 0.06320490868462986}, "datetime": {"datetime": "2021-09-28 18:04:31", "elapsed": 104.553743, "delta": 0.873788}}
{"target": -35.289998878887104, "params": {"C": 6249.029565164611, "gamma": 0.06738959269553975}, "datetime": {"datetime": "2021-09-28 18:04:32", "elapsed": 105.381969, "delta": 0.828226}}
{"target": -34.7700000296929, "params": {"C": 6584.057436116777, "gamma": 0.03448989812925375}, "datetime": {"datetime": "2021-09-28 18:04:33", "elapsed": 106.459626, "delta": 1.077657}}
{"target": -34.98203996724743, "params": {"C": 6427.779879011974, "gamma": 0.05091864179060422}, "datetime": {"datetime": "2021-09-28 18:04:34", "elapsed": 107.374412, "delta": 0.914786}}
{"target": -35.537336703976244, "params": {"C": 6811.617862767679, "gamma": 0.0791272959719713}, "datetime": {"datetime": "2021-09-28 18:04:34", "elapsed": 108.123992, "delta": 0.74958}}
{"target": -36.00067562265473, "params": {"C": 6809.992005964373, "gamma": 0.005755802950707521}, "datetime": {"datetime": "2021-09-28 18:04:35", "elapsed": 109.054975, "delta": 0.930983}}
{"target": -34.8822868093779, "params": {"C": 6998.647263411193, "gamma": 0.046178874566199825}, "datetime": {"datetime": "2021-09-28 18:04:36", "elapsed": 109.872642, "delta": 0.817667}}
{"target": -35.06592561203071, "params": {"C": 6604.572760989973, "gamma": 0.016855225984906474}, "datetime": {"datetime": "2021-09-28 18:04:37", "elapsed": 110.872692, "delta": 1.00005}}
{"target": -35.3400482733596, "params": {"C": 6382.71384729639, "gamma": 0.07028751502527163}, "datetime": {"datetime": "2021-09-28 18:04:38", "elapsed": 111.652675, "delta": 0.779983}}
{"target": -34.81764772458975, "params": {"C": 6526.489976855781, "gamma": 0.0412103938842178}, "datetime": {"datetime": "2021-09-28 18:04:39", "elapsed": 112.470119, "delta": 0.817444}}
{"target": -34.810471422933446, "params": {"C": 6336.171704206592, "gamma": 0.03983558066322743}, "datetime": {"datetime": "2021-09-28 18:04:40", "elapsed": 113.299443, "delta": 0.829324}}
{"target": -35.936829071977755, "params": {"C": 6771.84900481283, "gamma": 0.006535984230848092}, "datetime": {"datetime": "2021-09-28 18:04:40", "elapsed": 114.098351, "delta": 0.798908}}
{"target": -35.5286336166427, "params": {"C": 6935.5795946414755, "gamma": 0.07903856722516184}, "datetime": {"datetime": "2021-09-28 18:04:41", "elapsed": 114.914347, "delta": 0.815996}}
{"target": -35.53271032647709, "params": {"C": 6362.446277354784, "gamma": 0.011232268291834994}, "datetime": {"datetime": "2021-09-28 18:04:43", "elapsed": 116.372716, "delta": 1.458369}}
{"target": -34.858673227123504, "params": {"C": 6223.223891912181, "gamma": 0.024474058802112456}, "datetime": {"datetime": "2021-09-28 18:04:44", "elapsed": 117.666137, "delta": 1.293421}}
{"target": -35.56372336758987, "params": {"C": 6325.156591973891, "gamma": 0.07909940042272433}, "datetime": {"datetime": "2021-09-28 18:04:45", "elapsed": 118.805355, "delta": 1.139218}}
{"target": -34.77882157021163, "params": {"C": 6896.875368647929, "gamma": 0.02895367350935459}, "datetime": {"datetime": "2021-09-28 18:04:46", "elapsed": 119.656794, "delta": 0.851439}}
{"target": -34.91139457903569, "params": {"C": 6949.991768968508, "gamma": 0.01921140173969542}, "datetime": {"datetime": "2021-09-28 18:04:47", "elapsed": 120.463837, "delta": 0.807043}}
{"target": -34.92342116332951, "params": {"C": 6626.968236415656, "gamma": 0.019475854254889576}, "datetime": {"datetime": "2021-09-28 18:04:47", "elapsed": 121.169125, "delta": 0.705288}}
{"target": -35.095073962269254, "params": {"C": 6794.820447733855, "gamma": 0.05764009408795837}, "datetime": {"datetime": "2021-09-28 18:04:48", "elapsed": 121.885807, "delta": 0.716682}}
{"target": -34.882096040924296, "params": {"C": 6827.319526785278, "gamma": 0.020701146714498415}, "datetime": {"datetime": "2021-09-28 18:04:49", "elapsed": 122.723946, "delta": 0.838139}}
{"target": -34.87094699371316, "params": {"C": 6243.96071568686, "gamma": 0.023404108528090432}, "datetime": {"datetime": "2021-09-28 18:04:50", "elapsed": 123.600806, "delta": 0.87686}}
{"target": -34.83108607086285, "params": {"C": 6710.432498276428, "gamma": 0.02441562607641}, "datetime": {"datetime": "2021-09-28 18:04:51", "elapsed": 124.302798, "delta": 0.701992}}
{"target": -35.11624686625811, "params": {"C": 6399.729604739585, "gamma": 0.016405161084435925}, "datetime": {"datetime": "2021-09-28 18:04:51", "elapsed": 125.006013, "delta": 0.703215}}
{"target": -35.50550734607733, "params": {"C": 6979.182186732618, "gamma": 0.07823398119155033}, "datetime": {"datetime": "2021-09-28 18:04:52", "elapsed": 125.729681, "delta": 0.723668}}
{"target": -34.801776189042315, "params": {"C": 6497.334762910042, "gamma": 0.03969621056082799}, "datetime": {"datetime": "2021-09-28 18:04:53", "elapsed": 126.453806, "delta": 0.724125}}
{"target": -34.87672265723224, "params": {"C": 6442.799553475549, "gamma": 0.02218441260422303}, "datetime": {"datetime": "2021-09-28 18:04:54", "elapsed": 127.195005, "delta": 0.741199}}
{"target": -35.1085970126456, "params": {"C": 6665.159010887173, "gamma": 0.05832719917444838}, "datetime": {"datetime": "2021-09-28 18:04:54", "elapsed": 127.919488, "delta": 0.724483}}
{"target": -34.8727329272662, "params": {"C": 6138.482032566405, "gamma": 0.04395545423299609}, "datetime": {"datetime": "2021-09-28 18:04:55", "elapsed": 128.657433, "delta": 0.737945}}
{"target": -35.18816694321901, "params": {"C": 6886.3951995331045, "gamma": 0.015012309604613326}, "datetime": {"datetime": "2021-09-28 18:04:56", "elapsed": 129.69906, "delta": 1.041627}}
{"target": -34.79997878826816, "params": {"C": 6360.345226812952, "gamma": 0.038195596988638426}, "datetime": {"datetime": "2021-09-28 18:04:57", "elapsed": 130.516006, "delta": 0.816946}}
{"target": -36.21153862512453, "params": {"C": 6863.650411153037, "gamma": 0.0034107614044105233}, "datetime": {"datetime": "2021-09-28 18:04:58", "elapsed": 131.255709, "delta": 0.739703}}
{"target": -34.796084826378696, "params": {"C": 6409.8975926019775, "gamma": 0.03800308942748575}, "datetime": {"datetime": "2021-09-28 18:04:58", "elapsed": 132.031986, "delta": 0.776277}}
{"target": -34.77402228959441, "params": {"C": 6604.191289401013, "gamma": 0.03569497233171077}, "datetime": {"datetime": "2021-09-28 18:04:59", "elapsed": 132.812585, "delta": 0.780599}}
{"target": -35.077240189567114, "params": {"C": 6295.52166868269, "gamma": 0.017054313426654578}, "datetime": {"datetime": "2021-09-28 18:05:00", "elapsed": 133.602701, "delta": 0.790116}}
{"target": -35.299023154060706, "params": {"C": 6442.830752819414, "gamma": 0.014008834719338767}, "datetime": {"datetime": "2021-09-28 18:05:01", "elapsed": 134.538711, "delta": 0.93601}}
{"target": -34.81172483779384, "params": {"C": 6172.166213776583, "gamma": 0.038319813018538845}, "datetime": {"datetime": "2021-09-28 18:05:02", "elapsed": 135.467553, "delta": 0.928842}}
{"target": -35.30534334387851, "params": {"C": 6983.238895569883, "gamma": 0.06927631086112576}, "datetime": {"datetime": "2021-09-28 18:05:03", "elapsed": 136.512035, "delta": 1.044482}}
{"target": -35.221167156372104, "params": {"C": 6331.198484771468, "gamma": 0.06408026793472338}, "datetime": {"datetime": "2021-09-28 18:05:04", "elapsed": 137.299018, "delta": 0.786983}}
{"target": -35.12390977237421, "params": {"C": 6856.120695357622, "gamma": 0.05919954524064385}, "datetime": {"datetime": "2021-09-28 18:05:04", "elapsed": 138.116818, "delta": 0.8178}}
{"target": -34.83582689214599, "params": {"C": 6496.60077081079, "gamma": 0.025084242859487373}, "datetime": {"datetime": "2021-09-28 18:05:05", "elapsed": 139.163329, "delta": 1.046511}}
{"target": -34.75156925246073, "params": {"C": 6886.467579834368, "gamma": 0.03346709669875125}, "datetime": {"datetime": "2021-09-28 18:05:06", "elapsed": 140.052949, "delta": 0.88962}}
{"target": -35.183516436310484, "params": {"C": 6442.922296793142, "gamma": 0.06215467950456985}, "datetime": {"datetime": "2021-09-28 18:05:07", "elapsed": 141.139088, "delta": 1.086139}}
{"target": -35.69014593850303, "params": {"C": 6885.0513318010935, "gamma": 0.009242168072110316}, "datetime": {"datetime": "2021-09-28 18:05:09", "elapsed": 142.333836, "delta": 1.194748}}
{"target": -34.96423022810543, "params": {"C": 6853.859615166135, "gamma": 0.05076532419262565}, "datetime": {"datetime": "2021-09-28 18:05:10", "elapsed": 143.204047, "delta": 0.870211}}
{"target": -34.930471345355194, "params": {"C": 6749.797702367124, "gamma": 0.01889795922924715}, "datetime": {"datetime": "2021-09-28 18:05:10", "elapsed": 143.960961, "delta": 0.756914}}
{"target": -35.18083962896442, "params": {"C": 6169.483280393231, "gamma": 0.06153170606172121}, "datetime": {"datetime": "2021-09-28 18:05:11", "elapsed": 144.919834, "delta": 0.958873}}
{"target": -34.902047614957546, "params": {"C": 6173.847951080018, "gamma": 0.02169780479626763}, "datetime": {"datetime": "2021-09-28 18:05:12", "elapsed": 145.752704, "delta": 0.83287}}
{"target": -35.23340366979189, "params": {"C": 6853.800236464461, "gamma": 0.06519817982750019}, "datetime": {"datetime": "2021-09-28 18:05:13", "elapsed": 147.025068, "delta": 1.272364}}
{"target": -34.81026625742059, "params": {"C": 6313.412698267266, "gamma": 0.039561322671944475}, "datetime": {"datetime": "2021-09-28 18:05:14", "elapsed": 147.925752, "delta": 0.900684}}
{"target": -35.17995471076331, "params": {"C": 6854.964084046284, "gamma": 0.06223856841271784}, "datetime": {"datetime": "2021-09-28 18:05:15", "elapsed": 149.143729, "delta": 1.217977}}
{"target": -34.86019433082056, "params": {"C": 6604.1576166201785, "gamma": 0.044349356649428774}, "datetime": {"datetime": "2021-09-28 18:05:17", "elapsed": 150.290188, "delta": 1.146459}}
{"target": -35.13805149329593, "params": {"C": 6665.160558516705, "gamma": 0.05991916148933075}, "datetime": {"datetime": "2021-09-28 18:05:17", "elapsed": 151.128867, "delta": 0.838679}}
{"target": -35.29555592850129, "params": {"C": 6792.425728641901, "gamma": 0.06873773537934076}, "datetime": {"datetime": "2021-09-28 18:05:18", "elapsed": 152.062452, "delta": 0.933585}}
{"target": -35.191226048827765, "params": {"C": 6927.939315369696, "gamma": 0.06286405193811949}, "datetime": {"datetime": "2021-09-28 18:05:19", "elapsed": 152.940967, "delta": 0.878515}}
{"target": -35.47799921850087, "params": {"C": 6117.429028794574, "gamma": 0.07521416771907385}, "datetime": {"datetime": "2021-09-28 18:05:20", "elapsed": 154.152535, "delta": 1.211568}}
{"target": -35.218905169892125, "params": {"C": 6886.4746409521185, "gamma": 0.06439007774355686}, "datetime": {"datetime": "2021-09-28 18:05:22", "elapsed": 155.643681, "delta": 1.491146}}
{"target": -35.43683017183493, "params": {"C": 6584.054098262812, "gamma": 0.07474781767993043}, "datetime": {"datetime": "2021-09-28 18:05:23", "elapsed": 156.936191, "delta": 1.29251}}
{"target": -35.26675549774183, "params": {"C": 6885.005115448631, "gamma": 0.06707853654607086}, "datetime": {"datetime": "2021-09-28 18:05:24", "elapsed": 158.00176, "delta": 1.065569}}
{"target": -35.34361926321058, "params": {"C": 6886.438753438842, "gamma": 0.013154078670126322}, "datetime": {"datetime": "2021-09-28 18:05:25", "elapsed": 159.040034, "delta": 1.038274}}
{"target": -35.08418416455657, "params": {"C": 6604.207489256763, "gamma": 0.056929949086626803}, "datetime": {"datetime": "2021-09-28 18:05:26", "elapsed": 160.096855, "delta": 1.056821}}
{"target": -34.7743236646399, "params": {"C": 6546.007636778834, "gamma": 0.0350330828651581}, "datetime": {"datetime": "2021-09-28 18:05:27", "elapsed": 160.991892, "delta": 0.895037}}
{"target": -35.44786877871225, "params": {"C": 6903.9218844186435, "gamma": 0.07587115812232983}, "datetime": {"datetime": "2021-09-28 18:05:28", "elapsed": 161.921141, "delta": 0.929249}}
{"target": -35.09052235187133, "params": {"C": 6853.852626499446, "gamma": 0.016269379345522}, "datetime": {"datetime": "2021-09-28 18:05:30", "elapsed": 163.218976, "delta": 1.297835}}
{"target": -35.37218226633169, "params": {"C": 6584.047744514228, "gamma": 0.013015976428969712}, "datetime": {"datetime": "2021-09-28 18:05:31", "elapsed": 164.389205, "delta": 1.170229}}
{"target": -34.769476373532335, "params": {"C": 6896.894876501731, "gamma": 0.03741398379928486}, "datetime": {"datetime": "2021-09-28 18:05:32", "elapsed": 165.708299, "delta": 1.319094}}
{"target": -35.12163298193123, "params": {"C": 6546.000811908168, "gamma": 0.05889514693734914}, "datetime": {"datetime": "2021-09-28 18:05:33", "elapsed": 166.973931, "delta": 1.265632}}
{"target": -35.97341202123241, "params": {"C": 6896.884571359906, "gamma": 0.006116235556810722}, "datetime": {"datetime": "2021-09-28 18:05:34", "elapsed": 168.044026, "delta": 1.070095}}
{"target": -34.83300663159014, "params": {"C": 6187.424050188544, "gamma": 0.02753083492193498}, "datetime": {"datetime": "2021-09-28 18:05:35", "elapsed": 168.996694, "delta": 0.952668}}
{"target": -34.7894940595453, "params": {"C": 6324.028161833793, "gamma": 0.0356885687759616}, "datetime": {"datetime": "2021-09-28 18:05:36", "elapsed": 169.922006, "delta": 0.925312}}
{"target": -35.05697532932137, "params": {"C": 6188.312670779812, "gamma": 0.054624172065708715}, "datetime": {"datetime": "2021-09-28 18:05:37", "elapsed": 171.114818, "delta": 1.192812}}
{"target": -35.014768604591005, "params": {"C": 6564.433988803309, "gamma": 0.05301884139254852}, "datetime": {"datetime": "2021-09-28 18:05:38", "elapsed": 172.036814, "delta": 0.921996}}
{"target": -34.76261324205815, "params": {"C": 6850.522326049851, "gamma": 0.03176378884227086}, "datetime": {"datetime": "2021-09-28 18:05:39", "elapsed": 173.169881, "delta": 1.133067}}
{"target": -35.73178644513156, "params": {"C": 6604.185339751248, "gamma": 0.008822451537937055}, "datetime": {"datetime": "2021-09-28 18:05:41", "elapsed": 174.484112, "delta": 1.314231}}
{"target": -34.80411526947875, "params": {"C": 6886.447917744697, "gamma": 0.04070042827709553}, "datetime": {"datetime": "2021-09-28 18:05:42", "elapsed": 175.824207, "delta": 1.340095}}
{"target": -34.85369192552254, "params": {"C": 6545.994200394035, "gamma": 0.02342254915094299}, "datetime": {"datetime": "2021-09-28 18:05:43", "elapsed": 176.884005, "delta": 1.059798}}
{"target": -35.132997080462985, "params": {"C": 6654.505215353279, "gamma": 0.05964225024313507}, "datetime": {"datetime": "2021-09-28 18:05:44", "elapsed": 177.749721, "delta": 0.865716}}
{"target": -35.15810667618945, "params": {"C": 6896.8786200365985, "gamma": 0.061053299574387605}, "datetime": {"datetime": "2021-09-28 18:05:45", "elapsed": 178.900503, "delta": 1.150782}}
{"target": -34.888533596555604, "params": {"C": 6269.2562685961375, "gamma": 0.045235640018758974}, "datetime": {"datetime": "2021-09-28 18:05:46", "elapsed": 179.823293, "delta": 0.92279}}
{"target": -34.7696273903379, "params": {"C": 6584.083716776294, "gamma": 0.03438864457617914}, "datetime": {"datetime": "2021-09-28 18:05:47", "elapsed": 180.892746, "delta": 1.069453}}
{"target": -35.42213353026688, "params": {"C": 6792.458468793788, "gamma": 0.012302002329911532}, "datetime": {"datetime": "2021-09-28 18:05:48", "elapsed": 182.147682, "delta": 1.254936}}
{"target": -34.972919285211574, "params": {"C": 6850.53964211092, "gamma": 0.01785167037392476}, "datetime": {"datetime": "2021-09-28 18:05:50", "elapsed": 183.858518, "delta": 1.710836}}
{"target": -35.140919369348524, "params": {"C": 6281.979478615555, "gamma": 0.05949877113068212}, "datetime": {"datetime": "2021-09-28 18:05:51", "elapsed": 185.155858, "delta": 1.29734}}
{"target": -35.047398206627676, "params": {"C": 6136.080401523939, "gamma": 0.05397799287584345}, "datetime": {"datetime": "2021-09-28 18:05:52", "elapsed": 186.074889, "delta": 0.919031}}
{"target": -34.832326525054405, "params": {"C": 6059.235389209829, "gamma": 0.028964198949441078}, "datetime": {"datetime": "2021-09-28 18:05:53", "elapsed": 186.991214, "delta": 0.916325}}
{"target": -35.40755505641566, "params": {"C": 6169.441278792953, "gamma": 0.012859384675004942}, "datetime": {"datetime": "2021-09-28 18:05:54", "elapsed": 188.141771, "delta": 1.150557}}
{"target": -36.029851735357376, "params": {"C": 6504.793521939171, "gamma": 0.005405156366948061}, "datetime": {"datetime": "2021-09-28 18:05:56", "elapsed": 189.522222, "delta": 1.380451}}
{"target": -34.797500215583526, "params": {"C": 6188.283304278914, "gamma": 0.03576821835695733}, "datetime": {"datetime": "2021-09-28 18:05:57", "elapsed": 190.592455, "delta": 1.070233}}
{"target": -35.40384360486051, "params": {"C": 6798.352988958456, "gamma": 0.07396011702373118}, "datetime": {"datetime": "2021-09-28 18:05:58", "elapsed": 191.505946, "delta": 0.913491}}
{"target": -35.01389829155631, "params": {"C": 6604.183510367457, "gamma": 0.053046740676250294}, "datetime": {"datetime": "2021-09-28 18:05:59", "elapsed": 192.809081, "delta": 1.303135}}
{"target": -34.95988584266975, "params": {"C": 6792.461335854941, "gamma": 0.050407238615401424}, "datetime": {"datetime": "2021-09-28 18:06:00", "elapsed": 194.005487, "delta": 1.196406}}
{"target": -35.54445983427782, "params": {"C": 6324.025678844405, "gamma": 0.011109952344620165}, "datetime": {"datetime": "2021-09-28 18:06:02", "elapsed": 195.339943, "delta": 1.334456}}
{"target": -35.08090136577764, "params": {"C": 6854.9223831311865, "gamma": 0.05690366590625006}, "datetime": {"datetime": "2021-09-28 18:06:03", "elapsed": 196.643115, "delta": 1.303172}}
{"target": -35.340952317774004, "params": {"C": 6696.860489852978, "gamma": 0.07114814624873918}, "datetime": {"datetime": "2021-09-28 18:06:04", "elapsed": 197.591028, "delta": 0.947913}}
{"target": -35.04011340825433, "params": {"C": 6336.1541952641055, "gamma": 0.05398129396137738}, "datetime": {"datetime": "2021-09-28 18:06:05", "elapsed": 198.858332, "delta": 1.267304}}
{"target": -34.87500829987466, "params": {"C": 6901.601921743977, "gamma": 0.020803472892803477}, "datetime": {"datetime": "2021-09-28 18:06:07", "elapsed": 200.202046, "delta": 1.343714}}
{"target": -35.68581941614055, "params": {"C": 6281.972351166985, "gamma": 0.009436182579666726}, "datetime": {"datetime": "2021-09-28 18:06:08", "elapsed": 201.337756, "delta": 1.13571}}
{"target": -34.862400093034985, "params": {"C": 6584.073137151123, "gamma": 0.022655656533268405}, "datetime": {"datetime": "2021-09-28 18:06:09", "elapsed": 202.671792, "delta": 1.334036}}
{"target": -35.43451223186786, "params": {"C": 6854.916739976021, "gamma": 0.012125125801304093}, "datetime": {"datetime": "2021-09-28 18:06:11", "elapsed": 205.102843, "delta": 2.431051}}
{"target": -34.855258998037634, "params": {"C": 6899.32568943793, "gamma": 0.022019790200984417}, "datetime": {"datetime": "2021-09-28 18:06:12", "elapsed": 206.117308, "delta": 1.014465}}
{"target": -35.01902009070044, "params": {"C": 6127.937518863367, "gamma": 0.05236376054275434}, "datetime": {"datetime": "2021-09-28 18:06:14", "elapsed": 207.267746, "delta": 1.150438}}
{"target": -34.848634258510096, "params": {"C": 6853.805139824506, "gamma": 0.022604747236582148}, "datetime": {"datetime": "2021-09-28 18:06:15", "elapsed": 208.563746, "delta": 1.296}}
{"target": -35.1048141722804, "params": {"C": 6850.531696573872, "gamma": 0.05817535837540809}, "datetime": {"datetime": "2021-09-28 18:06:17", "elapsed": 210.910224, "delta": 2.346478}}
{"target": -34.889698223415145, "params": {"C": 6846.5905434758615, "gamma": 0.020335163838591967}, "datetime": {"datetime": "2021-09-28 18:06:18", "elapsed": 212.11816, "delta": 1.207936}}
{"target": -34.86341618320512, "params": {"C": 6313.4366240117315, "gamma": 0.043871473169755586}, "datetime": {"datetime": "2021-09-28 18:06:20", "elapsed": 213.397066, "delta": 1.278906}}
