{"target": -48.64428385311591, "params": {"C": 99391.69666250312, "gamma": 0.11781048735031213}, "datetime": {"datetime": "2021-10-04 11:54:00", "elapsed": 84.431873, "delta": 0.718783}}
{"target": -48.55383880580483, "params": {"C": 92563.38741932684, "gamma": 0.11842240880040654}, "datetime": {"datetime": "2021-10-04 11:54:01", "elapsed": 85.223128, "delta": 0.791255}}
{"target": -47.90417896970428, "params": {"C": 63886.49316282204, "gamma": 0.03780491074245723}, "datetime": {"datetime": "2021-10-04 11:54:02", "elapsed": 85.933376, "delta": 0.710248}}
{"target": -48.38325047244778, "params": {"C": 92591.77371329968, "gamma": 0.111351206727518}, "datetime": {"datetime": "2021-10-04 11:54:03", "elapsed": 86.713558, "delta": 0.780182}}
{"target": -47.646076185067294, "params": {"C": 92599.12872901323, "gamma": 0.08239337267724696}, "datetime": {"datetime": "2021-10-04 11:54:03", "elapsed": 87.498466, "delta": 0.784908}}
{"target": -47.67874535680077, "params": {"C": 46273.39210947681, "gamma": 0.09398420887017427}, "datetime": {"datetime": "2021-10-04 11:54:04", "elapsed": 88.285997, "delta": 0.787531}}
{"target": -48.23033049606059, "params": {"C": 55930.65221334809, "gamma": 0.13028957344111075}, "datetime": {"datetime": "2021-10-04 11:54:05", "elapsed": 89.12025, "delta": 0.834253}}
{"target": -48.35868151735567, "params": {"C": 102378.74438998893, "gamma": 0.017412174308518234}, "datetime": {"datetime": "2021-10-04 11:54:06", "elapsed": 89.833267, "delta": 0.713017}}
{"target": -47.77663074099335, "params": {"C": 46295.88913643372, "gamma": 0.07636302315091309}, "datetime": {"datetime": "2021-10-04 11:54:06", "elapsed": 90.59573, "delta": 0.762463}}
{"target": -47.796086058898666, "params": {"C": 63216.38118384861, "gamma": 0.05902092753003749}, "datetime": {"datetime": "2021-10-04 11:54:07", "elapsed": 91.347318, "delta": 0.751588}}
{"target": -49.26139751893886, "params": {"C": 63197.32647293254, "gamma": 0.014944048234229197}, "datetime": {"datetime": "2021-10-04 11:54:08", "elapsed": 92.041378, "delta": 0.69406}}
{"target": -47.667851106636135, "params": {"C": 63221.36422033991, "gamma": 0.07193926151497408}, "datetime": {"datetime": "2021-10-04 11:54:09", "elapsed": 92.905926, "delta": 0.864548}}
{"target": -48.33949508235545, "params": {"C": 67723.10627372126, "gamma": 0.12591024876917742}, "datetime": {"datetime": "2021-10-04 11:54:10", "elapsed": 93.703618, "delta": 0.797692}}
{"target": -47.849189569638035, "params": {"C": 63234.96082906859, "gamma": 0.0433657963104146}, "datetime": {"datetime": "2021-10-04 11:54:10", "elapsed": 94.39991, "delta": 0.696292}}
{"target": -47.80395595497931, "params": {"C": 63228.161898686354, "gamma": 0.05790222742267727}, "datetime": {"datetime": "2021-10-04 11:54:11", "elapsed": 95.228608, "delta": 0.828698}}
{"target": -48.35034568906939, "params": {"C": 63253.33989629719, "gamma": 0.12988686869782326}, "datetime": {"datetime": "2021-10-04 11:54:12", "elapsed": 95.95106, "delta": 0.722452}}
{"target": -47.74955006912827, "params": {"C": 63209.6103996286, "gamma": 0.06395798486218568}, "datetime": {"datetime": "2021-10-04 11:54:13", "elapsed": 96.757435, "delta": 0.806375}}
{"target": -47.83727222957827, "params": {"C": 39370.66226838405, "gamma": 0.11001685305542365}, "datetime": {"datetime": "2021-10-04 11:54:13", "elapsed": 97.493418, "delta": 0.735983}}
{"target": -47.94476607685456, "params": {"C": 39386.18097050277, "gamma": 0.12181703902842911}, "datetime": {"datetime": "2021-10-04 11:54:14", "elapsed": 98.219743, "delta": 0.726325}}
{"target": -47.832989002853665, "params": {"C": 39400.439083903315, "gamma": 0.08723792964701928}, "datetime": {"datetime": "2021-10-04 11:54:15", "elapsed": 99.045321, "delta": 0.825578}}
{"target": -50.92722540036537, "params": {"C": 63240.82196411257, "gamma": 0.009185554330551437}, "datetime": {"datetime": "2021-10-04 11:54:16", "elapsed": 99.915183, "delta": 0.869862}}
{"target": -50.16126242601018, "params": {"C": 39392.841668393325, "gamma": 0.01465635571382546}, "datetime": {"datetime": "2021-10-04 11:54:17", "elapsed": 100.725364, "delta": 0.810181}}
{"target": -47.8417597136498, "params": {"C": 39407.52518943808, "gamma": 0.08475736473781087}, "datetime": {"datetime": "2021-10-04 11:54:17", "elapsed": 101.578483, "delta": 0.853119}}
{"target": -47.86772483916248, "params": {"C": 39381.163819166904, "gamma": 0.11532617757260492}, "datetime": {"datetime": "2021-10-04 11:54:18", "elapsed": 102.376999, "delta": 0.798516}}
{"target": -48.02128607685071, "params": {"C": 39414.87797183602, "gamma": 0.1277379424800789}, "datetime": {"datetime": "2021-10-04 11:54:19", "elapsed": 103.227939, "delta": 0.85094}}
{"target": -48.31468336320626, "params": {"C": 39426.31857852384, "gamma": 0.14476440491780784}, "datetime": {"datetime": "2021-10-04 11:54:20", "elapsed": 103.994719, "delta": 0.76678}}
{"target": -47.83785095239602, "params": {"C": 39362.578226304526, "gamma": 0.11008856007196365}, "datetime": {"datetime": "2021-10-04 11:54:21", "elapsed": 104.778382, "delta": 0.783663}}
{"target": -47.80136703939423, "params": {"C": 39374.8838282463, "gamma": 0.09677771915412126}, "datetime": {"datetime": "2021-10-04 11:54:21", "elapsed": 105.605533, "delta": 0.827151}}
{"target": -47.85288629711037, "params": {"C": 48843.59197593967, "gamma": 0.053282449297273576}, "datetime": {"datetime": "2021-10-04 11:54:22", "elapsed": 106.57197, "delta": 0.966437}}
{"target": -47.64527967701582, "params": {"C": 48849.391724657995, "gamma": 0.10024130480101755}, "datetime": {"datetime": "2021-10-04 11:54:23", "elapsed": 107.298729, "delta": 0.726759}}
{"target": -48.41369719053118, "params": {"C": 39347.418225741676, "gamma": 0.033067715519977524}, "datetime": {"datetime": "2021-10-04 11:54:24", "elapsed": 108.084213, "delta": 0.785484}}
{"target": -47.703814405624335, "params": {"C": 63231.22292985168, "gamma": 0.06808226668556716}, "datetime": {"datetime": "2021-10-04 11:54:25", "elapsed": 108.860883, "delta": 0.77667}}
{"target": -47.68466184256051, "params": {"C": 55064.16957918859, "gamma": 0.10555600509132133}, "datetime": {"datetime": "2021-10-04 11:54:26", "elapsed": 109.988589, "delta": 1.127706}}
{"target": -47.62974414141256, "params": {"C": 48836.833151160754, "gamma": 0.09596603964960347}, "datetime": {"datetime": "2021-10-04 11:54:27", "elapsed": 110.873142, "delta": 0.884553}}
{"target": -47.87211573103957, "params": {"C": 55060.34377722, "gamma": 0.046411838918497636}, "datetime": {"datetime": "2021-10-04 11:54:28", "elapsed": 111.796046, "delta": 0.922904}}
{"target": -47.62659124938004, "params": {"C": 55072.8351903943, "gamma": 0.08515208031774696}, "datetime": {"datetime": "2021-10-04 11:54:29", "elapsed": 112.734503, "delta": 0.938457}}
{"target": -47.802547068278635, "params": {"C": 55076.19839237859, "gamma": 0.05914838419039724}, "datetime": {"datetime": "2021-10-04 11:54:29", "elapsed": 113.576919, "delta": 0.842416}}
{"target": -49.02176590127098, "params": {"C": 48833.30501534195, "gamma": 0.019288830470113358}, "datetime": {"datetime": "2021-10-04 11:54:30", "elapsed": 114.400681, "delta": 0.823762}}
{"target": -49.15322059552977, "params": {"C": 55069.473424919124, "gamma": 0.0167858902296918}, "datetime": {"datetime": "2021-10-04 11:54:31", "elapsed": 115.407836, "delta": 1.007155}}
{"target": -48.12289224918311, "params": {"C": 48839.63648707999, "gamma": 0.1309542767997565}, "datetime": {"datetime": "2021-10-04 11:54:32", "elapsed": 116.326505, "delta": 0.918669}}
{"target": -47.6273268874091, "params": {"C": 63212.6836900074, "gamma": 0.09897269595702281}, "datetime": {"datetime": "2021-10-04 11:54:33", "elapsed": 117.415862, "delta": 1.089357}}
{"target": -47.75556022981533, "params": {"C": 46212.42609009229, "gamma": 0.08192016585908969}, "datetime": {"datetime": "2021-10-04 11:54:35", "elapsed": 118.635526, "delta": 1.219664}}
{"target": -49.88307896797896, "params": {"C": 39404.149616621406, "gamma": 0.015995955203745374}, "datetime": {"datetime": "2021-10-04 11:54:36", "elapsed": 119.767452, "delta": 1.131926}}
{"target": -48.18212180468996, "params": {"C": 46238.04499656092, "gamma": 0.13627017161880564}, "datetime": {"datetime": "2021-10-04 11:54:37", "elapsed": 120.790236, "delta": 1.022784}}
{"target": -47.84972499322103, "params": {"C": 67873.40007146104, "gamma": 0.04549172672135481}, "datetime": {"datetime": "2021-10-04 11:54:38", "elapsed": 121.756338, "delta": 0.966102}}
{"target": -49.40383487218279, "params": {"C": 48845.951601502944, "gamma": 0.01651852400628288}, "datetime": {"datetime": "2021-10-04 11:54:38", "elapsed": 122.57951, "delta": 0.823172}}
{"target": -47.585941874583845, "params": {"C": 67819.14832146966, "gamma": 0.09295841889610697}, "datetime": {"datetime": "2021-10-04 11:54:39", "elapsed": 123.382026, "delta": 0.802516}}
{"target": -47.629695394936874, "params": {"C": 48851.69447237822, "gamma": 0.09805955848898282}, "datetime": {"datetime": "2021-10-04 11:54:40", "elapsed": 124.177769, "delta": 0.795743}}
{"target": -47.64633014625961, "params": {"C": 92601.50891240648, "gamma": 0.08125211132594147}, "datetime": {"datetime": "2021-10-04 11:54:41", "elapsed": 125.115122, "delta": 0.937353}}
{"target": -47.98460696392638, "params": {"C": 63219.260253240755, "gamma": 0.11438876331395212}, "datetime": {"datetime": "2021-10-04 11:54:42", "elapsed": 125.980372, "delta": 0.86525}}
{"target": -47.55735750361694, "params": {"C": 62587.7632090377, "gamma": 0.09062236768599002}, "datetime": {"datetime": "2021-10-04 11:54:43", "elapsed": 126.774741, "delta": 0.794369}}
{"target": -47.84447839385621, "params": {"C": 39410.91324538764, "gamma": 0.08387826250246584}, "datetime": {"datetime": "2021-10-04 11:54:44", "elapsed": 127.664415, "delta": 0.889674}}
{"target": -47.81501873760843, "params": {"C": 62629.54212574498, "gamma": 0.05667091786475428}, "datetime": {"datetime": "2021-10-04 11:54:45", "elapsed": 128.717964, "delta": 1.053549}}
{"target": -47.98384257354887, "params": {"C": 92607.15968331412, "gamma": 0.04083727494919619}, "datetime": {"datetime": "2021-10-04 11:54:46", "elapsed": 129.751438, "delta": 1.033474}}
{"target": -47.84903369971085, "params": {"C": 67841.925407884, "gamma": 0.04511049126684394}, "datetime": {"datetime": "2021-10-04 11:54:47", "elapsed": 130.818105, "delta": 1.066667}}
{"target": -48.93787581908835, "params": {"C": 96021.80212144069, "gamma": 0.13491029637765264}, "datetime": {"datetime": "2021-10-04 11:54:48", "elapsed": 131.863852, "delta": 1.045747}}
{"target": -48.60132093225964, "params": {"C": 96025.50028756034, "gamma": 0.11815234003341198}, "datetime": {"datetime": "2021-10-04 11:54:49", "elapsed": 132.890314, "delta": 1.026462}}
{"target": -48.177503430831635, "params": {"C": 67694.63746679667, "gamma": 0.025015911364800157}, "datetime": {"datetime": "2021-10-04 11:54:50", "elapsed": 133.958688, "delta": 1.068374}}
{"target": -47.83383521632553, "params": {"C": 55888.46520826894, "gamma": 0.05128186303360028}, "datetime": {"datetime": "2021-10-04 11:54:51", "elapsed": 135.010462, "delta": 1.051774}}
{"target": -48.45507998067453, "params": {"C": 62614.121119734664, "gamma": 0.13565231098608457}, "datetime": {"datetime": "2021-10-04 11:54:52", "elapsed": 136.124315, "delta": 1.113853}}
{"target": -47.844293146049246, "params": {"C": 62589.04939734026, "gamma": 0.047383135025173814}, "datetime": {"datetime": "2021-10-04 11:54:53", "elapsed": 137.321601, "delta": 1.197286}}
{"target": -47.854559759414, "params": {"C": 67833.44721463701, "gamma": 0.0498468481776696}, "datetime": {"datetime": "2021-10-04 11:54:54", "elapsed": 138.449513, "delta": 1.127912}}
{"target": -47.84228222562744, "params": {"C": 62609.26313937318, "gamma": 0.04844951219303015}, "datetime": {"datetime": "2021-10-04 11:54:56", "elapsed": 139.892294, "delta": 1.442781}}
{"target": -47.75340252817606, "params": {"C": 46271.62449305479, "gamma": 0.08220422105456777}, "datetime": {"datetime": "2021-10-04 11:54:57", "elapsed": 141.163452, "delta": 1.271158}}
{"target": -47.966424513651795, "params": {"C": 62594.30192726473, "gamma": 0.11398834793786632}, "datetime": {"datetime": "2021-10-04 11:54:58", "elapsed": 142.395706, "delta": 1.232254}}
{"target": -47.56300520080613, "params": {"C": 62617.46396023762, "gamma": 0.092090914763411}, "datetime": {"datetime": "2021-10-04 11:54:59", "elapsed": 143.46001, "delta": 1.064304}}
{"target": -49.535400913198565, "params": {"C": 62586.03336636954, "gamma": 0.01383112136360437}, "datetime": {"datetime": "2021-10-04 11:55:01", "elapsed": 144.624721, "delta": 1.164711}}
{"target": -48.30319470231993, "params": {"C": 55888.4150541166, "gamma": 0.13382993120767347}, "datetime": {"datetime": "2021-10-04 11:55:01", "elapsed": 145.511423, "delta": 0.886702}}
{"target": -48.0373122799502, "params": {"C": 32460.720644508117, "gamma": 0.06866631953454644}, "datetime": {"datetime": "2021-10-04 11:55:02", "elapsed": 146.363786, "delta": 0.852363}}
{"target": -48.06880427924034, "params": {"C": 112568.38943863483, "gamma": 0.09094245470956648}, "datetime": {"datetime": "2021-10-04 11:55:03", "elapsed": 147.272518, "delta": 0.908732}}
{"target": -48.872360205871736, "params": {"C": 80964.49143981752, "gamma": 0.14291885733094134}, "datetime": {"datetime": "2021-10-04 11:55:04", "elapsed": 148.198837, "delta": 0.926319}}
{"target": -47.7454171824604, "params": {"C": 51415.83333252264, "gamma": 0.06957581982388734}, "datetime": {"datetime": "2021-10-04 11:55:05", "elapsed": 149.326, "delta": 1.127163}}
{"target": -47.74112807328073, "params": {"C": 69477.67846485975, "gamma": 0.0641243664615403}, "datetime": {"datetime": "2021-10-04 11:55:06", "elapsed": 150.301009, "delta": 0.975009}}
{"target": -48.51069521900928, "params": {"C": 52300.47739106411, "gamma": 0.14845050782677674}, "datetime": {"datetime": "2021-10-04 11:55:07", "elapsed": 151.209608, "delta": 0.908599}}
{"target": -48.00676452429218, "params": {"C": 60834.46486028273, "gamma": 0.03247009756265457}, "datetime": {"datetime": "2021-10-04 11:55:08", "elapsed": 152.296981, "delta": 1.087373}}
{"target": -47.738342157092596, "params": {"C": 81989.35409233303, "gamma": 0.0637394984196536}, "datetime": {"datetime": "2021-10-04 11:55:09", "elapsed": 153.501342, "delta": 1.204361}}
{"target": -48.08062465809312, "params": {"C": 60975.876800719474, "gamma": 0.11986202718503332}, "datetime": {"datetime": "2021-10-04 11:55:11", "elapsed": 154.636887, "delta": 1.135545}}
{"target": -48.46417641358672, "params": {"C": 43162.1419473753, "gamma": 0.029082871482882487}, "datetime": {"datetime": "2021-10-04 11:55:12", "elapsed": 155.795812, "delta": 1.158925}}
{"target": -48.40850767939115, "params": {"C": 80073.9180220743, "gamma": 0.1203743340201053}, "datetime": {"datetime": "2021-10-04 11:55:13", "elapsed": 156.768017, "delta": 0.972205}}
{"target": -47.57231847076846, "params": {"C": 74010.59073769307, "gamma": 0.08656551842285312}, "datetime": {"datetime": "2021-10-04 11:55:14", "elapsed": 157.743642, "delta": 0.975625}}
{"target": -48.44268221383436, "params": {"C": 58087.87026215719, "gamma": 0.1390643410195124}, "datetime": {"datetime": "2021-10-04 11:55:15", "elapsed": 158.987722, "delta": 1.24408}}
{"target": -47.840511502404816, "params": {"C": 75160.48016516073, "gamma": 0.05422586056757969}, "datetime": {"datetime": "2021-10-04 11:55:16", "elapsed": 160.02416, "delta": 1.036438}}
{"target": -47.81413775258675, "params": {"C": 82238.68401262691, "gamma": 0.05888175710895705}, "datetime": {"datetime": "2021-10-04 11:55:17", "elapsed": 161.02669, "delta": 1.00253}}
{"target": -48.49345112242353, "params": {"C": 91970.3428921408, "gamma": 0.11620132477872828}, "datetime": {"datetime": "2021-10-04 11:55:18", "elapsed": 161.99146, "delta": 0.96477}}
{"target": -47.92863586263123, "params": {"C": 84395.72230673712, "gamma": 0.03144068540277999}, "datetime": {"datetime": "2021-10-04 11:55:19", "elapsed": 163.106997, "delta": 1.115537}}
{"target": -48.61945366044116, "params": {"C": 122556.93973894336, "gamma": 0.013949079304893294}, "datetime": {"datetime": "2021-10-04 11:55:20", "elapsed": 164.353569, "delta": 1.246572}}
{"target": -48.41309861344103, "params": {"C": 55432.92598381519, "gamma": 0.13994903880522896}, "datetime": {"datetime": "2021-10-04 11:55:21", "elapsed": 165.231943, "delta": 0.878374}}
{"target": -49.37985438202418, "params": {"C": 47790.42061912273, "gamma": 0.016916502246546117}, "datetime": {"datetime": "2021-10-04 11:55:22", "elapsed": 166.16384, "delta": 0.931897}}
{"target": -47.827581980883664, "params": {"C": 58547.75254406211, "gamma": 0.05454375223412641}, "datetime": {"datetime": "2021-10-04 11:55:23", "elapsed": 167.227518, "delta": 1.063678}}
{"target": -48.275317006502064, "params": {"C": 59604.6241096897, "gamma": 0.12932287354372463}, "datetime": {"datetime": "2021-10-04 11:55:24", "elapsed": 168.238439, "delta": 1.010921}}
{"target": -47.97653095937445, "params": {"C": 91254.16230309955, "gamma": 0.04242953467474134}, "datetime": {"datetime": "2021-10-04 11:55:25", "elapsed": 169.335571, "delta": 1.097132}}
{"target": -48.476097365406396, "params": {"C": 37640.77478216767, "gamma": 0.032815124193097914}, "datetime": {"datetime": "2021-10-04 11:55:26", "elapsed": 170.346831, "delta": 1.01126}}
{"target": -48.580635030304435, "params": {"C": 80310.79034537892, "gamma": 0.1279954055517265}, "datetime": {"datetime": "2021-10-04 11:55:27", "elapsed": 171.321541, "delta": 0.97471}}
{"target": -50.41248760258157, "params": {"C": 41051.52437979775, "gamma": 0.013273562112763326}, "datetime": {"datetime": "2021-10-04 11:55:28", "elapsed": 172.422203, "delta": 1.100662}}
{"target": -47.67585716984974, "params": {"C": 57858.48693213094, "gamma": 0.0747999269092691}, "datetime": {"datetime": "2021-10-04 11:55:29", "elapsed": 173.438224, "delta": 1.016021}}
{"target": -48.516547213654384, "params": {"C": 30737.4148359355, "gamma": 0.14258164063254739}, "datetime": {"datetime": "2021-10-04 11:55:30", "elapsed": 174.42291, "delta": 0.984686}}
{"target": -47.5871342077975, "params": {"C": 81347.9611682729, "gamma": 0.08354041261546641}, "datetime": {"datetime": "2021-10-04 11:55:31", "elapsed": 175.556401, "delta": 1.133491}}
{"target": -47.881786635240736, "params": {"C": 78235.51903677339, "gamma": 0.0455370652466678}, "datetime": {"datetime": "2021-10-04 11:55:33", "elapsed": 177.082426, "delta": 1.526025}}
{"target": -47.86771557781676, "params": {"C": 106095.52492266078, "gamma": 0.08647238804659751}, "datetime": {"datetime": "2021-10-04 11:55:34", "elapsed": 178.189196, "delta": 1.10677}}
{"target": -48.18724151486283, "params": {"C": 49313.94818696808, "gamma": 0.13408880154277913}, "datetime": {"datetime": "2021-10-04 11:55:35", "elapsed": 179.461882, "delta": 1.272686}}
{"target": -48.85484780690681, "params": {"C": 115677.6964782074, "gamma": 0.11707735550941294}, "datetime": {"datetime": "2021-10-04 11:55:36", "elapsed": 180.561077, "delta": 1.099195}}
{"target": -47.84280836065449, "params": {"C": 43576.741433390955, "gamma": 0.06033592795282586}, "datetime": {"datetime": "2021-10-04 11:55:38", "elapsed": 181.867472, "delta": 1.306395}}
{"target": -48.45848409738306, "params": {"C": 95986.09871702823, "gamma": 0.11218173189735792}, "datetime": {"datetime": "2021-10-04 11:55:39", "elapsed": 183.008601, "delta": 1.141129}}
{"target": -47.91032310619753, "params": {"C": 111408.01574751543, "gamma": 0.0857204121028398}, "datetime": {"datetime": "2021-10-04 11:55:40", "elapsed": 184.576104, "delta": 1.567503}}
{"target": -47.610493471263126, "params": {"C": 75506.94896094974, "gamma": 0.09148928995660645}, "datetime": {"datetime": "2021-10-04 11:55:41", "elapsed": 185.54345, "delta": 0.967346}}
{"target": -48.185285141870466, "params": {"C": 40378.271179603005, "gamma": 0.04079348231810111}, "datetime": {"datetime": "2021-10-04 11:55:42", "elapsed": 186.523373, "delta": 0.979923}}
{"target": -47.780219337130106, "params": {"C": 46957.72822520988, "gamma": 0.069185566343754}, "datetime": {"datetime": "2021-10-04 11:55:43", "elapsed": 187.58683, "delta": 1.063457}}
{"target": -48.676049148547946, "params": {"C": 108059.32404770606, "gamma": 0.11375666562020094}, "datetime": {"datetime": "2021-10-04 11:55:45", "elapsed": 188.960107, "delta": 1.373277}}
{"target": -48.2464632944685, "params": {"C": 35927.14828792117, "gamma": 0.13838410430731102}, "datetime": {"datetime": "2021-10-04 11:55:46", "elapsed": 190.076839, "delta": 1.116732}}
{"target": -48.069921001254606, "params": {"C": 56428.018701711146, "gamma": 0.12269245952982001}, "datetime": {"datetime": "2021-10-04 11:55:47", "elapsed": 191.142596, "delta": 1.065757}}
{"target": -47.827508034857686, "params": {"C": 66895.34012119874, "gamma": 0.055076480263616175}, "datetime": {"datetime": "2021-10-04 11:55:49", "elapsed": 192.930325, "delta": 1.787729}}
