{"target": -37.198635413034786, "params": {"C": 34308.69766472577, "gamma": 0.09149157399735036}, "datetime": {"datetime": "2021-09-29 08:56:11", "elapsed": 244.81111, "delta": 1.358147}}
{"target": -34.401644608535385, "params": {"C": 30435.773028480533, "gamma": 0.01098046506873539}, "datetime": {"datetime": "2021-09-29 08:56:12", "elapsed": 246.649375, "delta": 1.838265}}
{"target": -35.911592704816435, "params": {"C": 34268.51795476598, "gamma": 0.0589482497272536}, "datetime": {"datetime": "2021-09-29 08:56:14", "elapsed": 247.940376, "delta": 1.291001}}
{"target": -34.40749072871846, "params": {"C": 31259.37966579734, "gamma": 0.010735030282989251}, "datetime": {"datetime": "2021-09-29 08:56:16", "elapsed": 249.872531, "delta": 1.932155}}
{"target": -37.20852168544049, "params": {"C": 32053.03295815981, "gamma": 0.09517230723480088}, "datetime": {"datetime": "2021-09-29 08:56:18", "elapsed": 251.749531, "delta": 1.877}}
{"target": -34.59441559106146, "params": {"C": 31214.14959528168, "gamma": 0.029282190580862007}, "datetime": {"datetime": "2021-09-29 08:56:19", "elapsed": 253.450205, "delta": 1.700674}}
{"target": -34.580842849864, "params": {"C": 32980.932867401556, "gamma": 0.0282652002880907}, "datetime": {"datetime": "2021-09-29 08:56:20", "elapsed": 254.635506, "delta": 1.185301}}
{"target": -35.551137453056064, "params": {"C": 34143.74049901843, "gamma": 0.05108325254385888}, "datetime": {"datetime": "2021-09-29 08:56:22", "elapsed": 256.441524, "delta": 1.806018}}
{"target": -35.79110736664246, "params": {"C": 34595.686303039576, "gamma": 0.05610756170625309}, "datetime": {"datetime": "2021-09-29 08:56:24", "elapsed": 257.840204, "delta": 1.39868}}
{"target": -35.02133991266846, "params": {"C": 31161.956186849497, "gamma": 0.04093567090454194}, "datetime": {"datetime": "2021-09-29 08:56:25", "elapsed": 259.22793, "delta": 1.387726}}
{"target": -35.5234273752548, "params": {"C": 34444.15844808895, "gamma": 0.050313215481789124}, "datetime": {"datetime": "2021-09-29 08:56:27", "elapsed": 261.576672, "delta": 2.348742}}
{"target": -35.41071529083614, "params": {"C": 30754.635496936764, "gamma": 0.049893287625892346}, "datetime": {"datetime": "2021-09-29 08:56:29", "elapsed": 263.118903, "delta": 1.542231}}
{"target": -35.6569407876415, "params": {"C": 30720.40574497626, "gamma": 0.055600923593434444}, "datetime": {"datetime": "2021-09-29 08:56:31", "elapsed": 265.00958, "delta": 1.890677}}
{"target": -35.581690189615315, "params": {"C": 34789.53650327715, "gamma": 0.05139522372428499}, "datetime": {"datetime": "2021-09-29 08:56:32", "elapsed": 266.293578, "delta": 1.283998}}
{"target": -36.74376765762787, "params": {"C": 32077.48864676124, "gamma": 0.08168285719575204}, "datetime": {"datetime": "2021-09-29 08:56:34", "elapsed": 267.822978, "delta": 1.5294}}
{"target": -36.403423971241416, "params": {"C": 34084.183242677995, "gamma": 0.07045242885754457}, "datetime": {"datetime": "2021-09-29 08:56:36", "elapsed": 269.739242, "delta": 1.916264}}
{"target": -34.29499598994454, "params": {"C": 32319.999728946772, "gamma": 0.01644606583074699}, "datetime": {"datetime": "2021-09-29 08:56:37", "elapsed": 271.129977, "delta": 1.390735}}
{"target": -36.3022229023711, "params": {"C": 33611.39201260479, "gamma": 0.0684619929487311}, "datetime": {"datetime": "2021-09-29 08:56:38", "elapsed": 272.488251, "delta": 1.358274}}
{"target": -34.82583367271884, "params": {"C": 33617.56518722103, "gamma": 0.03529189847638006}, "datetime": {"datetime": "2021-09-29 08:56:40", "elapsed": 273.935254, "delta": 1.447003}}
{"target": -37.34404043368217, "params": {"C": 33558.10439629627, "gamma": 0.09656184385679416}, "datetime": {"datetime": "2021-09-29 08:56:42", "elapsed": 275.844478, "delta": 1.909224}}
{"target": -35.73325717374672, "params": {"C": 33969.177282903525, "gamma": 0.0552599186005509}, "datetime": {"datetime": "2021-09-29 08:56:43", "elapsed": 277.397302, "delta": 1.552824}}
{"target": -37.12279096347129, "params": {"C": 32026.701368184164, "gamma": 0.09272360692160937}, "datetime": {"datetime": "2021-09-29 08:56:45", "elapsed": 279.548639, "delta": 2.151337}}
{"target": -35.18709751389196, "params": {"C": 30617.82231865057, "gamma": 0.04495637823817276}, "datetime": {"datetime": "2021-09-29 08:56:47", "elapsed": 281.472343, "delta": 1.923704}}
{"target": -34.6859805511319, "params": {"C": 34747.70182704898, "gamma": 0.031203769102626774}, "datetime": {"datetime": "2021-09-29 08:56:49", "elapsed": 283.572136, "delta": 2.099793}}
{"target": -34.52754967624224, "params": {"C": 30124.814023204388, "gamma": 0.027012849516783156}, "datetime": {"datetime": "2021-09-29 08:56:51", "elapsed": 285.670919, "delta": 2.098783}}
{"target": -37.169653304663846, "params": {"C": 34347.22440706876, "gamma": 0.09063819237442794}, "datetime": {"datetime": "2021-09-29 08:56:53", "elapsed": 287.220289, "delta": 1.54937}}
{"target": -35.70743626061716, "params": {"C": 33911.03904937623, "gamma": 0.054707369887840716}, "datetime": {"datetime": "2021-09-29 08:56:54", "elapsed": 288.591287, "delta": 1.370998}}
{"target": -34.27656918842583, "params": {"C": 30894.596314521776, "gamma": 0.015798885359771468}, "datetime": {"datetime": "2021-09-29 08:56:56", "elapsed": 289.946291, "delta": 1.355004}}
{"target": -37.334445872513626, "params": {"C": 33021.53069857418, "gamma": 0.09712416837632046}, "datetime": {"datetime": "2021-09-29 08:56:57", "elapsed": 291.663157, "delta": 1.716866}}
{"target": -37.25773802289149, "params": {"C": 34016.37576262721, "gamma": 0.09358030760399923}, "datetime": {"datetime": "2021-09-29 08:56:59", "elapsed": 293.241332, "delta": 1.578175}}
{"target": -36.5759035407348, "params": {"C": 34888.5491502011, "gamma": 0.07387640688595602}, "datetime": {"datetime": "2021-09-29 08:57:00", "elapsed": 294.653805, "delta": 1.412473}}
{"target": -34.92789646176767, "params": {"C": 30040.519206236757, "gamma": 0.03926434891956537}, "datetime": {"datetime": "2021-09-29 08:57:02", "elapsed": 296.010801, "delta": 1.356996}}
{"target": -37.11927817893155, "params": {"C": 32342.242306687902, "gamma": 0.09214571360754564}, "datetime": {"datetime": "2021-09-29 08:57:03", "elapsed": 297.42922, "delta": 1.418419}}
{"target": -36.419602347909034, "params": {"C": 30247.17246598118, "gamma": 0.07483414607285523}, "datetime": {"datetime": "2021-09-29 08:57:05", "elapsed": 299.224425, "delta": 1.795205}}
{"target": -36.73965148267865, "params": {"C": 30946.436139790432, "gamma": 0.0830373824594494}, "datetime": {"datetime": "2021-09-29 08:57:06", "elapsed": 300.571043, "delta": 1.346618}}
{"target": -34.81564094356992, "params": {"C": 32298.04503730559, "gamma": 0.035526945637657}, "datetime": {"datetime": "2021-09-29 08:57:08", "elapsed": 301.97071, "delta": 1.399667}}
{"target": -34.741834551691056, "params": {"C": 31898.39667639734, "gamma": 0.008112033667631515}, "datetime": {"datetime": "2021-09-29 08:57:09", "elapsed": 303.395297, "delta": 1.424587}}
{"target": -34.59301322122338, "params": {"C": 33415.186694466785, "gamma": 0.028617253911116764}, "datetime": {"datetime": "2021-09-29 08:57:11", "elapsed": 304.798815, "delta": 1.403518}}
{"target": -34.258175215493935, "params": {"C": 33021.302271809436, "gamma": 0.014087121811680016}, "datetime": {"datetime": "2021-09-29 08:57:12", "elapsed": 306.169815, "delta": 1.371}}
{"target": -36.133264252262876, "params": {"C": 31161.336210771828, "gamma": 0.06664997996044182}, "datetime": {"datetime": "2021-09-29 08:57:14", "elapsed": 307.986787, "delta": 1.816972}}
{"target": -35.838093124417846, "params": {"C": 31363.58654972548, "gamma": 0.059413688453017394}, "datetime": {"datetime": "2021-09-29 08:57:15", "elapsed": 309.275709, "delta": 1.288922}}
{"target": -34.58090665123176, "params": {"C": 30872.75679908723, "gamma": 0.028853964315580335}, "datetime": {"datetime": "2021-09-29 08:57:16", "elapsed": 310.679446, "delta": 1.403737}}
{"target": -34.9228081898755, "params": {"C": 30640.329698445, "gamma": 0.007556402461260488}, "datetime": {"datetime": "2021-09-29 08:57:18", "elapsed": 312.531073, "delta": 1.851627}}
{"target": -35.720275683063015, "params": {"C": 32758.352232957943, "gamma": 0.05572926630846401}, "datetime": {"datetime": "2021-09-29 08:57:20", "elapsed": 313.829733, "delta": 1.29866}}
{"target": -34.9145634847207, "params": {"C": 32913.35073778858, "gamma": 0.03771552150526224}, "datetime": {"datetime": "2021-09-29 08:57:21", "elapsed": 315.283362, "delta": 1.453629}}
{"target": -34.63883273758064, "params": {"C": 33609.75737677639, "gamma": 0.030344566439091288}, "datetime": {"datetime": "2021-09-29 08:57:23", "elapsed": 317.339325, "delta": 2.055963}}
{"target": -34.42441368348052, "params": {"C": 30121.038491208445, "gamma": 0.023172396499024982}, "datetime": {"datetime": "2021-09-29 08:57:25", "elapsed": 318.807881, "delta": 1.468556}}
{"target": -35.15904462547888, "params": {"C": 32099.25099629924, "gamma": 0.04360492592293748}, "datetime": {"datetime": "2021-09-29 08:57:27", "elapsed": 320.757287, "delta": 1.949406}}
{"target": -36.45181786891167, "params": {"C": 33335.50267267515, "gamma": 0.07233946623122896}, "datetime": {"datetime": "2021-09-29 08:57:29", "elapsed": 322.710313, "delta": 1.953026}}
{"target": -37.02404758414999, "params": {"C": 32716.301113186077, "gamma": 0.08902012797501217}, "datetime": {"datetime": "2021-09-29 08:57:30", "elapsed": 324.074315, "delta": 1.364002}}
{"target": -34.61541924175255, "params": {"C": 31608.983396209245, "gamma": 0.029992029905254465}, "datetime": {"datetime": "2021-09-29 08:57:31", "elapsed": 325.50104, "delta": 1.426725}}
{"target": -35.8585303097337, "params": {"C": 33148.017300516156, "gamma": 0.058558750872278846}, "datetime": {"datetime": "2021-09-29 08:57:34", "elapsed": 327.888353, "delta": 2.387313}}
{"target": -35.36486552204036, "params": {"C": 32099.156229928074, "gamma": 0.04810990985330124}, "datetime": {"datetime": "2021-09-29 08:57:35", "elapsed": 329.535531, "delta": 1.647178}}
{"target": -36.7957047047002, "params": {"C": 33003.818136140835, "gamma": 0.0820969203190234}, "datetime": {"datetime": "2021-09-29 08:57:37", "elapsed": 331.005029, "delta": 1.469498}}
{"target": -34.27044334234997, "params": {"C": 32554.314504971146, "gamma": 0.01520059484764303}, "datetime": {"datetime": "2021-09-29 08:57:39", "elapsed": 332.993031, "delta": 1.988002}}
{"target": -36.51450240428814, "params": {"C": 34307.078803867655, "gamma": 0.07291686747557485}, "datetime": {"datetime": "2021-09-29 08:57:40", "elapsed": 334.427993, "delta": 1.434962}}
{"target": -34.259582362908134, "params": {"C": 32542.656861935706, "gamma": 0.014291297163183503}, "datetime": {"datetime": "2021-09-29 08:57:42", "elapsed": 336.430205, "delta": 2.002212}}
{"target": -36.03912466411799, "params": {"C": 32554.328108621652, "gamma": 0.06316734874052767}, "datetime": {"datetime": "2021-09-29 08:57:44", "elapsed": 338.432028, "delta": 2.001823}}
{"target": -34.39723289164445, "params": {"C": 34341.91432961688, "gamma": 0.020955557989247395}, "datetime": {"datetime": "2021-09-29 08:57:46", "elapsed": 340.293754, "delta": 1.861726}}
{"target": -34.268098886898365, "params": {"C": 33781.93170238656, "gamma": 0.014882947211371015}, "datetime": {"datetime": "2021-09-29 08:57:48", "elapsed": 342.491704, "delta": 2.19795}}
{"target": -35.38445570248852, "params": {"C": 31280.285439922274, "gamma": 0.0058414899096575785}, "datetime": {"datetime": "2021-09-29 08:57:51", "elapsed": 344.882649, "delta": 2.390945}}
{"target": -35.96616418762284, "params": {"C": 33835.89633384906, "gamma": 0.06048376863034092}, "datetime": {"datetime": "2021-09-29 08:57:53", "elapsed": 347.458801, "delta": 2.576152}}
{"target": -34.66856863808009, "params": {"C": 31280.195417241484, "gamma": 0.031959313333678234}, "datetime": {"datetime": "2021-09-29 08:57:55", "elapsed": 349.63694, "delta": 2.178139}}
{"target": -36.31091226159812, "params": {"C": 34235.61326800517, "gamma": 0.06811238237960347}, "datetime": {"datetime": "2021-09-29 08:57:57", "elapsed": 351.129673, "delta": 1.492733}}
{"target": -34.26060694119345, "params": {"C": 31366.64304981463, "gamma": 0.014476052346067678}, "datetime": {"datetime": "2021-09-29 08:57:58", "elapsed": 352.613262, "delta": 1.483589}}
{"target": -37.11715064539058, "params": {"C": 32470.56300748845, "gamma": 0.0918940560224615}, "datetime": {"datetime": "2021-09-29 08:58:00", "elapsed": 354.121523, "delta": 1.508261}}
{"target": -34.577197264290135, "params": {"C": 33835.99768675277, "gamma": 0.008845980345484372}, "datetime": {"datetime": "2021-09-29 08:58:02", "elapsed": 356.501271, "delta": 2.379748}}
{"target": -35.406226832756204, "params": {"C": 30123.145308755633, "gamma": 0.050167990263972465}, "datetime": {"datetime": "2021-09-29 08:58:05", "elapsed": 358.769237, "delta": 2.267966}}
{"target": -36.57025498523066, "params": {"C": 30934.346601645444, "gamma": 0.0780675595901704}, "datetime": {"datetime": "2021-09-29 08:58:06", "elapsed": 360.290875, "delta": 1.521638}}
{"target": -34.942469929569484, "params": {"C": 30353.278848467955, "gamma": 0.03946463827309956}, "datetime": {"datetime": "2021-09-29 08:58:08", "elapsed": 361.986081, "delta": 1.695206}}
{"target": -35.16770501934536, "params": {"C": 30205.261410160027, "gamma": 0.044736532741580064}, "datetime": {"datetime": "2021-09-29 08:58:09", "elapsed": 363.590959, "delta": 1.604878}}
{"target": -35.22096936238486, "params": {"C": 30123.06104430846, "gamma": 0.045974882194196785}, "datetime": {"datetime": "2021-09-29 08:58:12", "elapsed": 365.746524, "delta": 2.155565}}
{"target": -35.47594748222426, "params": {"C": 34367.32327076143, "gamma": 0.04932437354806673}, "datetime": {"datetime": "2021-09-29 08:58:13", "elapsed": 367.663057, "delta": 1.916533}}
{"target": -35.41813936196746, "params": {"C": 32619.616357194824, "gamma": 0.04900082620452312}, "datetime": {"datetime": "2021-09-29 08:58:16", "elapsed": 369.73451, "delta": 2.071453}}
{"target": -37.23967223818937, "params": {"C": 30378.202903489397, "gamma": 0.09879058591641368}, "datetime": {"datetime": "2021-09-29 08:58:17", "elapsed": 371.35558, "delta": 1.62107}}
{"target": -35.45592719619987, "params": {"C": 34254.68441977555, "gamma": 0.048950757284041975}, "datetime": {"datetime": "2021-09-29 08:58:19", "elapsed": 372.914844, "delta": 1.559264}}
{"target": -35.443386540431796, "params": {"C": 34242.48795484481, "gamma": 0.048686379372259406}, "datetime": {"datetime": "2021-09-29 08:58:21", "elapsed": 375.006097, "delta": 2.091253}}
{"target": -36.24427985513861, "params": {"C": 31587.62071953387, "gamma": 0.06893808349271803}, "datetime": {"datetime": "2021-09-29 08:58:22", "elapsed": 376.571098, "delta": 1.565001}}
{"target": -35.173405096761165, "params": {"C": 32843.84127485646, "gamma": 0.04356576021692509}, "datetime": {"datetime": "2021-09-29 08:58:26", "elapsed": 380.606817, "delta": 4.035719}}
{"target": -34.51241183329296, "params": {"C": 31366.691609184403, "gamma": 0.026100488942485525}, "datetime": {"datetime": "2021-09-29 08:58:30", "elapsed": 383.769841, "delta": 3.163024}}
{"target": -36.36540287877393, "params": {"C": 32320.00725532208, "gamma": 0.0712614042463518}, "datetime": {"datetime": "2021-09-29 08:58:32", "elapsed": 386.505278, "delta": 2.735437}}
{"target": -35.53344824474947, "params": {"C": 34776.987467179584, "gamma": 0.050351788027837074}, "datetime": {"datetime": "2021-09-29 08:58:34", "elapsed": 388.087249, "delta": 1.581971}}
{"target": -34.341134674601655, "params": {"C": 31390.37031126475, "gamma": 0.01886692090017659}, "datetime": {"datetime": "2021-09-29 08:58:37", "elapsed": 391.524581, "delta": 3.437332}}
{"target": -36.793279780249286, "params": {"C": 31390.390448014296, "gamma": 0.08413342404539374}, "datetime": {"datetime": "2021-09-29 08:58:40", "elapsed": 394.062405, "delta": 2.537824}}
{"target": -34.60123192654702, "params": {"C": 33021.35917535107, "gamma": 0.029039878665639392}, "datetime": {"datetime": "2021-09-29 08:58:42", "elapsed": 395.927435, "delta": 1.86503}}
{"target": -35.12596275416825, "params": {"C": 31366.60381672476, "gamma": 0.04323072376968919}, "datetime": {"datetime": "2021-09-29 08:58:44", "elapsed": 398.19043, "delta": 2.262995}}
{"target": -35.875825261504204, "params": {"C": 32843.76583948468, "gamma": 0.0591647256568854}, "datetime": {"datetime": "2021-09-29 08:58:47", "elapsed": 400.733781, "delta": 2.543351}}
{"target": -34.49350859839079, "params": {"C": 34329.83225793191, "gamma": 0.009367647305900666}, "datetime": {"datetime": "2021-09-29 08:58:48", "elapsed": 402.578774, "delta": 1.844993}}
{"target": -36.20250458174495, "params": {"C": 33609.70571359917, "gamma": 0.06608493454456217}, "datetime": {"datetime": "2021-09-29 08:58:51", "elapsed": 405.23278, "delta": 2.654006}}
{"target": -34.638299645496765, "params": {"C": 34367.239953623066, "gamma": 0.03011771730828103}, "datetime": {"datetime": "2021-09-29 08:58:54", "elapsed": 408.347199, "delta": 3.114419}}
{"target": -36.06660525556329, "params": {"C": 33734.53147133495, "gamma": 0.06288825273634742}, "datetime": {"datetime": "2021-09-29 08:58:57", "elapsed": 410.992494, "delta": 2.645295}}
{"target": -37.02047352858499, "params": {"C": 31637.11403774898, "gamma": 0.09048434514133064}, "datetime": {"datetime": "2021-09-29 08:58:59", "elapsed": 412.777158, "delta": 1.784664}}
{"target": -36.61136453606807, "params": {"C": 33021.326744456775, "gamma": 0.07677241229028499}, "datetime": {"datetime": "2021-09-29 08:59:01", "elapsed": 415.087577, "delta": 2.310419}}
{"target": -34.330533837379875, "params": {"C": 33979.79048186222, "gamma": 0.011361967499956528}, "datetime": {"datetime": "2021-09-29 08:59:03", "elapsed": 417.464897, "delta": 2.37732}}
{"target": -35.28645642226781, "params": {"C": 30389.897650731073, "gamma": 0.04730064541538609}, "datetime": {"datetime": "2021-09-29 08:59:06", "elapsed": 420.215824, "delta": 2.750927}}
{"target": -35.3932332612263, "params": {"C": 33781.93526596202, "gamma": 0.04784201592998445}, "datetime": {"datetime": "2021-09-29 08:59:08", "elapsed": 422.568697, "delta": 2.352873}}
{"target": -35.58925184528818, "params": {"C": 33835.95605679558, "gamma": 0.05209845110434456}, "datetime": {"datetime": "2021-09-29 08:59:11", "elapsed": 424.804969, "delta": 2.236272}}
{"target": -35.10173422565234, "params": {"C": 30894.627922007836, "gamma": 0.04292276884661698}, "datetime": {"datetime": "2021-09-29 08:59:13", "elapsed": 427.411601, "delta": 2.606632}}
{"target": -34.77056360737666, "params": {"C": 33755.86658715539, "gamma": 0.03378053304839622}, "datetime": {"datetime": "2021-09-29 08:59:15", "elapsed": 429.583398, "delta": 2.171797}}
{"target": -35.72880341698031, "params": {"C": 32542.67062077759, "gamma": 0.056068655446703565}, "datetime": {"datetime": "2021-09-29 08:59:18", "elapsed": 432.326167, "delta": 2.742769}}
{"target": -34.47994842230528, "params": {"C": 31765.791118572655, "gamma": 0.009865419678517659}, "datetime": {"datetime": "2021-09-29 08:59:21", "elapsed": 434.858535, "delta": 2.532368}}
{"target": -36.038559179930076, "params": {"C": 31765.81434449242, "gamma": 0.06379952217124227}, "datetime": {"datetime": "2021-09-29 08:59:23", "elapsed": 437.192233, "delta": 2.333698}}
{"target": -34.764914889411834, "params": {"C": 34486.23175563192, "gamma": 0.033313942378850124}, "datetime": {"datetime": "2021-09-29 08:59:25", "elapsed": 438.857225, "delta": 1.664992}}
{"target": -34.26328410732809, "params": {"C": 32320.00055028639, "gamma": 0.014720973672894985}, "datetime": {"datetime": "2021-09-29 08:59:26", "elapsed": 440.662033, "delta": 1.804808}}
{"target": -34.89655203916651, "params": {"C": 30787.02966011538, "gamma": 0.038191159418855}, "datetime": {"datetime": "2021-09-29 08:59:28", "elapsed": 442.451836, "delta": 1.789803}}
{"target": -34.46054003385648, "params": {"C": 30454.13220356933, "gamma": 0.010245486381390652}, "datetime": {"datetime": "2021-09-29 08:59:30", "elapsed": 444.59753, "delta": 2.145694}}
{"target": -35.31019075484046, "params": {"C": 34474.33641457609, "gamma": 0.04572279695351131}, "datetime": {"datetime": "2021-09-29 08:59:33", "elapsed": 447.145818, "delta": 2.548288}}
{"target": -35.44971040951458, "params": {"C": 34474.24463180866, "gamma": 0.04870256755089411}, "datetime": {"datetime": "2021-09-29 08:59:35", "elapsed": 449.525031, "delta": 2.379213}}
{"target": -34.87531609301221, "params": {"C": 33609.14800220916, "gamma": 0.03654648568539426}, "datetime": {"datetime": "2021-09-29 08:59:38", "elapsed": 451.747129, "delta": 2.222098}}
{"target": -34.37140636324971, "params": {"C": 31427.792659154427, "gamma": 0.02033058646946989}, "datetime": {"datetime": "2021-09-29 08:59:40", "elapsed": 453.743173, "delta": 1.996044}}
{"target": -35.10881320416483, "params": {"C": 30587.81415749353, "gamma": 0.04322906013699201}, "datetime": {"datetime": "2021-09-29 08:59:43", "elapsed": 457.568343, "delta": 3.82517}}
{"target": -36.40140672172302, "params": {"C": 30955.2299548254, "gamma": 0.07357564459753879}, "datetime": {"datetime": "2021-09-29 08:59:46", "elapsed": 460.481997, "delta": 2.913654}}
{"target": -34.6393221243946, "params": {"C": 32475.261050303056, "gamma": 0.030684547580629884}, "datetime": {"datetime": "2021-09-29 08:59:49", "elapsed": 462.992101, "delta": 2.510104}}
{"target": -35.88666650462245, "params": {"C": 34341.90207794124, "gamma": 0.05834654317745413}, "datetime": {"datetime": "2021-09-29 08:59:52", "elapsed": 465.901232, "delta": 2.909131}}
{"target": -35.10448656666122, "params": {"C": 32242.95312925602, "gamma": 0.04234766877652575}, "datetime": {"datetime": "2021-09-29 08:59:55", "elapsed": 468.740718, "delta": 2.839486}}
{"target": -35.3862037682239, "params": {"C": 30894.560052934587, "gamma": 0.049258365870413774}, "datetime": {"datetime": "2021-09-29 08:59:57", "elapsed": 471.142088, "delta": 2.40137}}
