{"target": -36.70792695747302, "params": {"C": 958.6777171514657, "gamma": 0.049724159709605975}, "datetime": {"datetime": "2021-09-28 13:28:26", "elapsed": 276.896303, "delta": 1.667992}}
{"target": -37.274432117713715, "params": {"C": 958.6918882527735, "gamma": 0.005039326517676829}, "datetime": {"datetime": "2021-09-28 13:28:27", "elapsed": 278.456298, "delta": 1.559995}}
{"target": -37.61271813450519, "params": {"C": 986.0421007705077, "gamma": 0.00374496462368331}, "datetime": {"datetime": "2021-09-28 13:28:29", "elapsed": 280.122919, "delta": 1.666621}}
{"target": -38.22930853375279, "params": {"C": 878.7441959411914, "gamma": 0.10654978066366862}, "datetime": {"datetime": "2021-09-28 13:28:31", "elapsed": 281.816536, "delta": 1.693617}}
{"target": -36.53983081170742, "params": {"C": 985.9612248808855, "gamma": 0.00958247473821457}, "datetime": {"datetime": "2021-09-28 13:28:32", "elapsed": 283.424796, "delta": 1.60826}}
{"target": -37.75799451893489, "params": {"C": 799.4432221389981, "gamma": 0.004292788214811963}, "datetime": {"datetime": "2021-09-28 13:28:35", "elapsed": 286.273398, "delta": 2.848602}}
{"target": -36.500307288351124, "params": {"C": 979.8229934658309, "gamma": 0.010171057440977477}, "datetime": {"datetime": "2021-09-28 13:28:37", "elapsed": 287.918591, "delta": 1.645193}}
{"target": -36.30569879221751, "params": {"C": 958.6376737413148, "gamma": 0.015183180772562994}, "datetime": {"datetime": "2021-09-28 13:28:38", "elapsed": 289.483537, "delta": 1.564946}}
{"target": -36.72409427814735, "params": {"C": 958.6490443932171, "gamma": 0.05044492164875597}, "datetime": {"datetime": "2021-09-28 13:28:41", "elapsed": 292.472598, "delta": 2.989061}}
{"target": -37.123326893083416, "params": {"C": 979.949530549058, "gamma": 0.00556560827401242}, "datetime": {"datetime": "2021-09-28 13:28:43", "elapsed": 294.109847, "delta": 1.637249}}
{"target": -36.29447606285536, "params": {"C": 958.6018646060044, "gamma": 0.024077828652184788}, "datetime": {"datetime": "2021-09-28 13:28:45", "elapsed": 295.968082, "delta": 1.858235}}
{"target": -37.75486538215386, "params": {"C": 930.8730473488747, "gamma": 0.0036035143922385}, "datetime": {"datetime": "2021-09-28 13:28:47", "elapsed": 298.133017, "delta": 2.164935}}
{"target": -37.25708051306125, "params": {"C": 931.0594343858818, "gamma": 0.07164089036463533}, "datetime": {"datetime": "2021-09-28 13:28:50", "elapsed": 301.363278, "delta": 3.230261}}
{"target": -36.27629605454449, "params": {"C": 986.0723195168214, "gamma": 0.0266423323909316}, "datetime": {"datetime": "2021-09-28 13:28:52", "elapsed": 303.500479, "delta": 2.137201}}
{"target": -36.67913612762207, "params": {"C": 985.9953725090588, "gamma": 0.050281396716018674}, "datetime": {"datetime": "2021-09-28 13:28:54", "elapsed": 305.089647, "delta": 1.589168}}
{"target": -37.50850035914106, "params": {"C": 633.3832614574843, "gamma": 0.05673562934195213}, "datetime": {"datetime": "2021-09-28 13:28:55", "elapsed": 306.551409, "delta": 1.461762}}
{"target": -36.52024961161082, "params": {"C": 958.5831837137112, "gamma": 0.041031296395365194}, "datetime": {"datetime": "2021-09-28 13:28:57", "elapsed": 308.073102, "delta": 1.521693}}
{"target": -36.26074260425528, "params": {"C": 973.5029383656486, "gamma": 0.01932598303040388}, "datetime": {"datetime": "2021-09-28 13:28:58", "elapsed": 309.375421, "delta": 1.302319}}
{"target": -37.218731447177866, "params": {"C": 979.8575345039312, "gamma": 0.07315789655431534}, "datetime": {"datetime": "2021-09-28 13:29:01", "elapsed": 311.795722, "delta": 2.420301}}
{"target": -37.30166199312775, "params": {"C": 635.3378626238444, "gamma": 0.04799763537210966}, "datetime": {"datetime": "2021-09-28 13:29:02", "elapsed": 313.035492, "delta": 1.23977}}
{"target": -36.64477823812099, "params": {"C": 902.9565594092447, "gamma": 0.04284673829704495}, "datetime": {"datetime": "2021-09-28 13:29:05", "elapsed": 315.656983, "delta": 2.621491}}
{"target": -36.33385308555433, "params": {"C": 973.4702628386087, "gamma": 0.030605390553161502}, "datetime": {"datetime": "2021-09-28 13:29:06", "elapsed": 317.295153, "delta": 1.63817}}
{"target": -36.54771000783025, "params": {"C": 958.5551508612721, "gamma": 0.009923290155391354}, "datetime": {"datetime": "2021-09-28 13:29:08", "elapsed": 319.178032, "delta": 1.882879}}
{"target": -36.621225659677336, "params": {"C": 973.4396451652115, "gamma": 0.008960081348590188}, "datetime": {"datetime": "2021-09-28 13:29:11", "elapsed": 322.138716, "delta": 2.960684}}
{"target": -36.8690188218524, "params": {"C": 973.4431748974171, "gamma": 0.05805035364941247}, "datetime": {"datetime": "2021-09-28 13:29:13", "elapsed": 324.163924, "delta": 2.025208}}
{"target": -36.555868904157265, "params": {"C": 910.5678255080368, "gamma": 0.010685178308452283}, "datetime": {"datetime": "2021-09-28 13:29:15", "elapsed": 325.701684, "delta": 1.53776}}
{"target": -37.22504145839983, "params": {"C": 967.5067386218352, "gamma": 0.07265517178923123}, "datetime": {"datetime": "2021-09-28 13:29:16", "elapsed": 327.266759, "delta": 1.565075}}
{"target": -37.61025503066786, "params": {"C": 881.3592208315848, "gamma": 0.08143931927596444}, "datetime": {"datetime": "2021-09-28 13:29:19", "elapsed": 330.113697, "delta": 2.846938}}
{"target": -36.41738177373016, "params": {"C": 905.8412919909986, "gamma": 0.029325970130353228}, "datetime": {"datetime": "2021-09-28 13:29:21", "elapsed": 331.628297, "delta": 1.5146}}
{"target": -36.650826843235876, "params": {"C": 910.5548965507626, "gamma": 0.04381062905351707}, "datetime": {"datetime": "2021-09-28 13:29:22", "elapsed": 333.40476, "delta": 1.776463}}
{"target": -36.58586587046471, "params": {"C": 905.4713466187152, "gamma": 0.039996459307776774}, "datetime": {"datetime": "2021-09-28 13:29:24", "elapsed": 335.185163, "delta": 1.780403}}
{"target": -36.533714396250524, "params": {"C": 973.5429681561302, "gamma": 0.042958557656842485}, "datetime": {"datetime": "2021-09-28 13:29:26", "elapsed": 337.164302, "delta": 1.979139}}
{"target": -38.07919686350459, "params": {"C": 781.8950507966937, "gamma": 0.09202712287423152}, "datetime": {"datetime": "2021-09-28 13:29:28", "elapsed": 338.685305, "delta": 1.521003}}
{"target": -36.51831922807105, "params": {"C": 941.2159566095834, "gamma": 0.03947551981062792}, "datetime": {"datetime": "2021-09-28 13:29:29", "elapsed": 340.354499, "delta": 1.669194}}
{"target": -37.174067650114964, "params": {"C": 905.8232775680633, "gamma": 0.06653859182437187}, "datetime": {"datetime": "2021-09-28 13:29:33", "elapsed": 344.106881, "delta": 3.752382}}
{"target": -37.20234989843332, "params": {"C": 973.514619335738, "gamma": 0.07214706080158963}, "datetime": {"datetime": "2021-09-28 13:29:35", "elapsed": 346.486254, "delta": 2.379373}}
{"target": -36.88969919023851, "params": {"C": 973.5513534363025, "gamma": 0.006898017766352148}, "datetime": {"datetime": "2021-09-28 13:29:38", "elapsed": 349.187528, "delta": 2.701274}}
{"target": -36.47485833088033, "params": {"C": 910.5284337936454, "gamma": 0.01192594994723829}, "datetime": {"datetime": "2021-09-28 13:29:40", "elapsed": 351.49166, "delta": 2.304132}}
{"target": -36.429724213227416, "params": {"C": 905.8582514919242, "gamma": 0.012872797548037582}, "datetime": {"datetime": "2021-09-28 13:29:43", "elapsed": 354.169312, "delta": 2.677652}}
{"target": -36.64973866155182, "params": {"C": 905.89352992338, "gamma": 0.04335512786332034}, "datetime": {"datetime": "2021-09-28 13:29:45", "elapsed": 356.563846, "delta": 2.394534}}
{"target": -37.18475530883176, "params": {"C": 682.2527990397418, "gamma": 0.04827144044828876}, "datetime": {"datetime": "2021-09-28 13:29:47", "elapsed": 358.221288, "delta": 1.657442}}
{"target": -36.36802346289723, "params": {"C": 941.1808292822338, "gamma": 0.02957392090110385}, "datetime": {"datetime": "2021-09-28 13:29:49", "elapsed": 360.399169, "delta": 2.177881}}
{"target": -36.67950693574119, "params": {"C": 931.00310196443, "gamma": 0.0465607389498289}, "datetime": {"datetime": "2021-09-28 13:29:55", "elapsed": 366.177368, "delta": 5.778199}}
{"target": -37.367860828269436, "params": {"C": 941.1747841930146, "gamma": 0.07658883741824969}, "datetime": {"datetime": "2021-09-28 13:29:57", "elapsed": 368.321636, "delta": 2.144268}}
{"target": -37.4372104893272, "params": {"C": 979.9250701180787, "gamma": 0.08178332685469848}, "datetime": {"datetime": "2021-09-28 13:30:00", "elapsed": 371.547481, "delta": 3.225845}}
{"target": -36.5692230186995, "params": {"C": 795.752307296754, "gamma": 0.026952370424987025}, "datetime": {"datetime": "2021-09-28 13:30:02", "elapsed": 373.062485, "delta": 1.515004}}
{"target": -37.93274880948394, "params": {"C": 803.3783581037569, "gamma": 0.08788284754728468}, "datetime": {"datetime": "2021-09-28 13:30:03", "elapsed": 374.41778, "delta": 1.355295}}
{"target": -36.97977581457319, "params": {"C": 838.58301068574, "gamma": 0.053058769681140434}, "datetime": {"datetime": "2021-09-28 13:30:05", "elapsed": 375.819952, "delta": 1.402172}}
{"target": -36.40801000039596, "params": {"C": 899.9993431965061, "gamma": 0.02762495083581514}, "datetime": {"datetime": "2021-09-28 13:30:07", "elapsed": 378.387691, "delta": 2.567739}}
{"target": -36.34962422959463, "params": {"C": 966.1846384555784, "gamma": 0.03107788460140741}, "datetime": {"datetime": "2021-09-28 13:30:10", "elapsed": 381.187164, "delta": 2.799473}}
{"target": -37.0471443797013, "params": {"C": 664.9711701775731, "gamma": 0.039813653188419805}, "datetime": {"datetime": "2021-09-28 13:30:12", "elapsed": 382.760011, "delta": 1.572847}}
{"target": -36.29075908171886, "params": {"C": 969.9715998608269, "gamma": 0.025749329679568556}, "datetime": {"datetime": "2021-09-28 13:30:13", "elapsed": 384.301046, "delta": 1.541035}}
{"target": -36.43720335233962, "params": {"C": 958.2499672692561, "gamma": 0.011483710922817948}, "datetime": {"datetime": "2021-09-28 13:30:15", "elapsed": 385.750348, "delta": 1.449302}}
{"target": -36.282990279733, "params": {"C": 969.9913433846023, "gamma": 0.01588393771217255}, "datetime": {"datetime": "2021-09-28 13:30:17", "elapsed": 387.896696, "delta": 2.146348}}
{"target": -36.998023276212635, "params": {"C": 897.2747753589024, "gamma": 0.058397386486412795}, "datetime": {"datetime": "2021-09-28 13:30:18", "elapsed": 389.544878, "delta": 1.648182}}
{"target": -36.473939050248724, "params": {"C": 970.0290255629341, "gamma": 0.010700385854214029}, "datetime": {"datetime": "2021-09-28 13:30:22", "elapsed": 393.184431, "delta": 3.639553}}
{"target": -36.58731406663051, "params": {"C": 941.2035600252852, "gamma": 0.009778894083349726}, "datetime": {"datetime": "2021-09-28 13:30:24", "elapsed": 395.329651, "delta": 2.14522}}
{"target": -36.85653563299709, "params": {"C": 970.0073169478584, "gamma": 0.057232745577451886}, "datetime": {"datetime": "2021-09-28 13:30:27", "elapsed": 398.178869, "delta": 2.849218}}
{"target": -36.41115820627589, "params": {"C": 873.0870452147688, "gamma": 0.016790121747726122}, "datetime": {"datetime": "2021-09-28 13:30:29", "elapsed": 399.674058, "delta": 1.495189}}
{"target": -36.359076157535206, "params": {"C": 979.7436185926294, "gamma": 0.03338240550017842}, "datetime": {"datetime": "2021-09-28 13:30:31", "elapsed": 401.796764, "delta": 2.122706}}
{"target": -37.03486423144124, "params": {"C": 873.0593866548837, "gamma": 0.0582228655579065}, "datetime": {"datetime": "2021-09-28 13:30:33", "elapsed": 404.174423, "delta": 2.377659}}
{"target": -36.40260931485401, "params": {"C": 979.7132243190072, "gamma": 0.011596309513641882}, "datetime": {"datetime": "2021-09-28 13:30:36", "elapsed": 407.375168, "delta": 3.200745}}
{"target": -36.76516858952413, "params": {"C": 979.7000525813371, "gamma": 0.0537377584994659}, "datetime": {"datetime": "2021-09-28 13:30:40", "elapsed": 410.964558, "delta": 3.58939}}
{"target": -37.82792753756115, "params": {"C": 958.2163955509185, "gamma": 0.0033156566922476144}, "datetime": {"datetime": "2021-09-28 13:30:44", "elapsed": 415.282506, "delta": 4.317948}}
{"target": -37.35555243786061, "params": {"C": 612.5948015004551, "gamma": 0.04759761817405969}, "datetime": {"datetime": "2021-09-28 13:30:46", "elapsed": 416.909239, "delta": 1.626733}}
{"target": -36.83805836955612, "params": {"C": 941.1670718042651, "gamma": 0.007581304467521917}, "datetime": {"datetime": "2021-09-28 13:30:48", "elapsed": 419.06449, "delta": 2.155251}}
{"target": -36.853494047792516, "params": {"C": 958.2634739166822, "gamma": 0.056262405038846566}, "datetime": {"datetime": "2021-09-28 13:30:51", "elapsed": 422.037372, "delta": 2.972882}}
{"target": -36.84303004053404, "params": {"C": 900.0234052456142, "gamma": 0.008036934824099905}, "datetime": {"datetime": "2021-09-28 13:30:55", "elapsed": 426.272723, "delta": 4.235351}}
{"target": -36.65324540057427, "params": {"C": 958.5414000161545, "gamma": 0.04727838375335777}, "datetime": {"datetime": "2021-09-28 13:30:57", "elapsed": 428.274204, "delta": 2.001481}}
{"target": -36.50884652778967, "params": {"C": 979.7509580537267, "gamma": 0.010061752643440057}, "datetime": {"datetime": "2021-09-28 13:31:00", "elapsed": 431.249006, "delta": 2.974802}}
{"target": -36.44295422572097, "params": {"C": 958.3039768780128, "gamma": 0.011391220341675418}, "datetime": {"datetime": "2021-09-28 13:31:03", "elapsed": 434.048426, "delta": 2.79942}}
{"target": -36.52202316137779, "params": {"C": 798.3289267335925, "gamma": 0.02049525496010879}, "datetime": {"datetime": "2021-09-28 13:31:05", "elapsed": 435.683808, "delta": 1.635382}}
{"target": -36.588637573310066, "params": {"C": 958.32531652779, "gamma": 0.04439328030108128}, "datetime": {"datetime": "2021-09-28 13:31:08", "elapsed": 439.242451, "delta": 3.558643}}
{"target": -36.474902508388766, "params": {"C": 958.3336815972973, "gamma": 0.01090507610099397}, "datetime": {"datetime": "2021-09-28 13:31:11", "elapsed": 442.52173, "delta": 3.279279}}
{"target": -37.447990701766706, "params": {"C": 900.0198061605308, "gamma": 0.0767533113690743}, "datetime": {"datetime": "2021-09-28 13:31:15", "elapsed": 445.85171, "delta": 3.32998}}
{"target": -36.49449532884667, "params": {"C": 824.6553885518067, "gamma": 0.015814539244728282}, "datetime": {"datetime": "2021-09-28 13:31:17", "elapsed": 447.679931, "delta": 1.828221}}
{"target": -36.6919150179314, "params": {"C": 824.6838548024924, "gamma": 0.03823166737936105}, "datetime": {"datetime": "2021-09-28 13:31:20", "elapsed": 450.695124, "delta": 3.015193}}
{"target": -36.69493798233155, "params": {"C": 973.4731255266418, "gamma": 0.008311460696925368}, "datetime": {"datetime": "2021-09-28 13:31:23", "elapsed": 453.891479, "delta": 3.196355}}
{"target": -36.45173402081181, "params": {"C": 958.3690518548452, "gamma": 0.037310849887312036}, "datetime": {"datetime": "2021-09-28 13:31:25", "elapsed": 456.431884, "delta": 2.540405}}
{"target": -36.32791212985668, "params": {"C": 958.4006945225336, "gamma": 0.028101161938284387}, "datetime": {"datetime": "2021-09-28 13:31:27", "elapsed": 458.553524, "delta": 2.12164}}
{"target": -36.26624287922392, "params": {"C": 969.9398436780046, "gamma": 0.018825254593235342}, "datetime": {"datetime": "2021-09-28 13:31:31", "elapsed": 461.877101, "delta": 3.323577}}
{"target": -36.90257906511989, "params": {"C": 958.4066391726781, "gamma": 0.05852603048124582}, "datetime": {"datetime": "2021-09-28 13:31:33", "elapsed": 464.027936, "delta": 2.150835}}
{"target": -37.519365950899584, "params": {"C": 795.7641863249758, "gamma": 0.07174147194361591}, "datetime": {"datetime": "2021-09-28 13:31:36", "elapsed": 466.751222, "delta": 2.723286}}
{"target": -37.73911180225132, "params": {"C": 899.9880285853533, "gamma": 0.003787203632486205}, "datetime": {"datetime": "2021-09-28 13:31:40", "elapsed": 471.460285, "delta": 4.709063}}
{"target": -36.43901717877515, "params": {"C": 969.9072123224407, "gamma": 0.03758146403145367}, "datetime": {"datetime": "2021-09-28 13:31:44", "elapsed": 475.342188, "delta": 3.881903}}
{"target": -36.95765857380188, "params": {"C": 969.9608646539439, "gamma": 0.061849149553124344}, "datetime": {"datetime": "2021-09-28 13:31:47", "elapsed": 477.890046, "delta": 2.547858}}
{"target": -36.436051282570965, "params": {"C": 958.4446055063214, "gamma": 0.011498093930157986}, "datetime": {"datetime": "2021-09-28 13:31:51", "elapsed": 481.802179, "delta": 3.912133}}
{"target": -36.33408385368359, "params": {"C": 931.8959592395352, "gamma": 0.024429988012746907}, "datetime": {"datetime": "2021-09-28 13:31:55", "elapsed": 486.263908, "delta": 4.461729}}
{"target": -37.68793712520825, "params": {"C": 969.9198750651201, "gamma": 0.0036057411436782438}, "datetime": {"datetime": "2021-09-28 13:31:59", "elapsed": 489.804996, "delta": 3.541088}}
{"target": -36.31756737756986, "params": {"C": 984.6041837227715, "gamma": 0.013237100062364376}, "datetime": {"datetime": "2021-09-28 13:32:01", "elapsed": 491.989775, "delta": 2.184779}}
{"target": -37.053718114551785, "params": {"C": 969.9121369113377, "gamma": 0.06577750175744078}, "datetime": {"datetime": "2021-09-28 13:32:04", "elapsed": 494.889889, "delta": 2.900114}}
{"target": -36.74445061045763, "params": {"C": 873.1162422700559, "gamma": 0.04531072367468567}, "datetime": {"datetime": "2021-09-28 13:32:07", "elapsed": 497.973492, "delta": 3.083603}}
{"target": -37.18534443561127, "params": {"C": 970.9517441604289, "gamma": 0.07134425746407877}, "datetime": {"datetime": "2021-09-28 13:32:10", "elapsed": 500.740217, "delta": 2.766725}}
{"target": -36.36279033144276, "params": {"C": 984.6490625533646, "gamma": 0.03419589154580805}, "datetime": {"datetime": "2021-09-28 13:32:13", "elapsed": 503.838892, "delta": 3.098675}}
{"target": -36.34632709938553, "params": {"C": 984.6237278749757, "gamma": 0.03292084264010437}, "datetime": {"datetime": "2021-09-28 13:32:15", "elapsed": 506.381519, "delta": 2.542627}}
{"target": -36.28798648153945, "params": {"C": 984.6375473479666, "gamma": 0.014057072055236347}, "datetime": {"datetime": "2021-09-28 13:32:19", "elapsed": 510.381545, "delta": 4.000026}}
{"target": -36.46783741594838, "params": {"C": 905.8254291825411, "gamma": 0.012162635328002606}, "datetime": {"datetime": "2021-09-28 13:32:25", "elapsed": 515.883219, "delta": 5.501674}}
{"target": -38.0988453777403, "params": {"C": 695.0817385013606, "gamma": 0.08492153989341393}, "datetime": {"datetime": "2021-09-28 13:32:27", "elapsed": 518.11663, "delta": 2.233411}}
{"target": -36.44855676536935, "params": {"C": 876.8936821700297, "gamma": 0.028127036761170152}, "datetime": {"datetime": "2021-09-28 13:32:29", "elapsed": 520.34606, "delta": 2.22943}}
{"target": -36.812783125337475, "params": {"C": 876.8680155010092, "gamma": 0.008603139128065205}, "datetime": {"datetime": "2021-09-28 13:32:34", "elapsed": 525.461289, "delta": 5.115229}}
{"target": -36.39694484102293, "params": {"C": 958.47942326348, "gamma": 0.03395389477838741}, "datetime": {"datetime": "2021-09-28 13:32:38", "elapsed": 529.289363, "delta": 3.828074}}
{"target": -36.7349199095199, "params": {"C": 958.379641443551, "gamma": 0.008168445148877344}, "datetime": {"datetime": "2021-09-28 13:32:42", "elapsed": 532.916239, "delta": 3.626876}}
{"target": -36.80095869487526, "params": {"C": 765.2964152957518, "gamma": 0.038077840044513526}, "datetime": {"datetime": "2021-09-28 13:32:44", "elapsed": 534.694505, "delta": 1.778266}}
{"target": -36.98987207627425, "params": {"C": 876.9010973035478, "gamma": 0.05647232209261192}, "datetime": {"datetime": "2021-09-28 13:32:47", "elapsed": 537.873375, "delta": 3.17887}}
{"target": -36.33996601958111, "params": {"C": 984.5782408596358, "gamma": 0.032408392353034686}, "datetime": {"datetime": "2021-09-28 13:32:50", "elapsed": 541.48855, "delta": 3.615175}}
{"target": -37.23412796121699, "params": {"C": 958.4803873583517, "gamma": 0.0724549750597972}, "datetime": {"datetime": "2021-09-28 13:32:53", "elapsed": 543.848582, "delta": 2.360032}}
{"target": -36.29560602447566, "params": {"C": 984.6881798754921, "gamma": 0.013767670144521228}, "datetime": {"datetime": "2021-09-28 13:32:57", "elapsed": 548.110414, "delta": 4.261832}}
{"target": -37.219521536770515, "params": {"C": 931.8664893103555, "gamma": 0.005465198720466284}, "datetime": {"datetime": "2021-09-28 13:33:02", "elapsed": 553.226935, "delta": 5.116521}}
{"target": -36.71668266070718, "params": {"C": 984.6893308227375, "gamma": 0.05188414689611814}, "datetime": {"datetime": "2021-09-28 13:33:06", "elapsed": 556.815809, "delta": 3.588874}}
{"target": -36.461459416845315, "params": {"C": 984.536447091507, "gamma": 0.01061568226648834}, "datetime": {"datetime": "2021-09-28 13:33:09", "elapsed": 559.968762, "delta": 3.152953}}
{"target": -36.65618059836074, "params": {"C": 984.5480093593746, "gamma": 0.04915454799418312}, "datetime": {"datetime": "2021-09-28 13:33:13", "elapsed": 563.771207, "delta": 3.802445}}
{"target": -36.24577767666488, "params": {"C": 984.7296374883679, "gamma": 0.01969294220514753}, "datetime": {"datetime": "2021-09-28 13:33:17", "elapsed": 567.906169, "delta": 4.134962}}
{"target": -36.34744766973028, "params": {"C": 910.4958628081915, "gamma": 0.01907808462533209}, "datetime": {"datetime": "2021-09-28 13:33:20", "elapsed": 571.498608, "delta": 3.592439}}
{"target": -36.25238499002849, "params": {"C": 984.7106437251831, "gamma": 0.022776030611064507}, "datetime": {"datetime": "2021-09-28 13:33:24", "elapsed": 574.821328, "delta": 3.32272}}
{"target": -36.865288036330675, "params": {"C": 984.597398231684, "gamma": 0.05866529721504131}, "datetime": {"datetime": "2021-09-28 13:33:27", "elapsed": 578.184021, "delta": 3.362693}}
{"target": -36.639183896560404, "params": {"C": 910.4825891266703, "gamma": 0.04320465031345529}, "datetime": {"datetime": "2021-09-28 13:33:29", "elapsed": 580.551771, "delta": 2.36775}}
