{"target": -37.81480618841952, "params": {"C": 958.4834544578703, "gamma": 0.003344572142448209}, "datetime": {"datetime": "2021-09-28 13:33:33", "elapsed": 583.686222, "delta": 3.134451}}
{"target": -36.62479804176552, "params": {"C": 958.4403023215601, "gamma": 0.0460072075275014}, "datetime": {"datetime": "2021-09-28 13:33:36", "elapsed": 587.607358, "delta": 3.921136}}
{"target": -36.47954281302861, "params": {"C": 984.7408214391056, "gamma": 0.04100457409208673}, "datetime": {"datetime": "2021-09-28 13:33:42", "elapsed": 592.762931, "delta": 5.155573}}
{"target": -36.65655673894457, "params": {"C": 824.62719383193, "gamma": 0.03635646060111289}, "datetime": {"datetime": "2021-09-28 13:33:45", "elapsed": 596.027858, "delta": 3.264927}}
{"target": -36.44857240621039, "params": {"C": 876.9278404226388, "gamma": 0.013489280179684364}, "datetime": {"datetime": "2021-09-28 13:33:48", "elapsed": 599.048255, "delta": 3.020397}}
{"target": -37.02959713456486, "params": {"C": 969.9569311248207, "gamma": 0.006114128626923466}, "datetime": {"datetime": "2021-09-28 13:33:51", "elapsed": 602.124707, "delta": 3.076452}}
{"target": -37.482353079711196, "params": {"C": 958.2730383023187, "gamma": 0.004267435837381875}, "datetime": {"datetime": "2021-09-28 13:33:56", "elapsed": 606.920438, "delta": 4.795731}}
{"target": -36.7987813951266, "params": {"C": 833.7077465559717, "gamma": 0.04453259898985102}, "datetime": {"datetime": "2021-09-28 13:33:58", "elapsed": 609.005725, "delta": 2.085287}}
{"target": -36.42387565988388, "params": {"C": 969.9285813738546, "gamma": 0.036742121573665694}, "datetime": {"datetime": "2021-09-28 13:34:02", "elapsed": 612.750927, "delta": 3.745202}}
{"target": -37.338588606647505, "params": {"C": 876.9006895072891, "gamma": 0.005338487320080246}, "datetime": {"datetime": "2021-09-28 13:34:05", "elapsed": 616.106279, "delta": 3.355352}}
{"target": -36.83149652152499, "params": {"C": 910.4476213548535, "gamma": 0.007994907964130174}, "datetime": {"datetime": "2021-09-28 13:34:08", "elapsed": 619.173999, "delta": 3.06772}}
{"target": -36.78677119280847, "params": {"C": 876.9402400800799, "gamma": 0.04744314890859183}, "datetime": {"datetime": "2021-09-28 13:34:15", "elapsed": 626.437459, "delta": 7.26346}}
{"target": -36.39638499368859, "params": {"C": 876.9627033789408, "gamma": 0.01919373073034815}, "datetime": {"datetime": "2021-09-28 13:34:21", "elapsed": 631.886151, "delta": 5.448692}}
{"target": -37.22156610965475, "params": {"C": 910.5143596360329, "gamma": 0.06885638259606311}, "datetime": {"datetime": "2021-09-28 13:34:26", "elapsed": 636.847045, "delta": 4.960894}}
{"target": -36.521974217119016, "params": {"C": 984.7753159490289, "gamma": 0.009816521785171634}, "datetime": {"datetime": "2021-09-28 13:34:31", "elapsed": 642.511563, "delta": 5.664518}}
{"target": -36.36469950893224, "params": {"C": 911.0793430251877, "gamma": 0.01574392663735642}, "datetime": {"datetime": "2021-09-28 13:34:34", "elapsed": 644.884201, "delta": 2.372638}}
{"target": -36.29157623224379, "params": {"C": 958.4243518062892, "gamma": 0.01665845234580458}, "datetime": {"datetime": "2021-09-28 13:34:40", "elapsed": 651.0362, "delta": 6.151999}}
{"target": -37.31684030633059, "params": {"C": 911.1088967383098, "gamma": 0.005181958550364474}, "datetime": {"datetime": "2021-09-28 13:34:45", "elapsed": 656.272169, "delta": 5.235969}}
{"target": -36.627713417860704, "params": {"C": 911.043620688762, "gamma": 0.04265999120837076}, "datetime": {"datetime": "2021-09-28 13:34:53", "elapsed": 664.054757, "delta": 7.782588}}
{"target": -36.27447773504, "params": {"C": 984.5126982929016, "gamma": 0.02617543381409961}, "datetime": {"datetime": "2021-09-28 13:34:58", "elapsed": 669.253975, "delta": 5.199218}}
{"target": -37.067244866874816, "params": {"C": 911.0867659909028, "gamma": 0.06250827997704198}, "datetime": {"datetime": "2021-09-28 13:35:02", "elapsed": 673.095633, "delta": 3.841658}}
{"target": -37.0197102362931, "params": {"C": 984.5100650590551, "gamma": 0.06529441011853557}, "datetime": {"datetime": "2021-09-28 13:35:06", "elapsed": 677.057797, "delta": 3.962164}}
{"target": -38.31511937120164, "params": {"C": 795.7252852717809, "gamma": 0.003}, "datetime": {"datetime": "2021-09-28 13:35:09", "elapsed": 680.369766, "delta": 3.311969}}
{"target": -37.76738838134958, "params": {"C": 958.5994099577068, "gamma": 0.0034546220344018907}, "datetime": {"datetime": "2021-09-28 13:35:13", "elapsed": 683.872176, "delta": 3.50241}}
{"target": -37.777646675588954, "params": {"C": 764.5058069094952, "gamma": 0.07864983579746063}, "datetime": {"datetime": "2021-09-28 13:35:15", "elapsed": 686.538979, "delta": 2.666803}}
{"target": -36.52490269902328, "params": {"C": 958.6152832394887, "gamma": 0.04128074409750892}, "datetime": {"datetime": "2021-09-28 13:35:19", "elapsed": 690.22623, "delta": 3.687251}}
{"target": -36.67997344371423, "params": {"C": 931.9086293184906, "gamma": 0.04664393599142347}, "datetime": {"datetime": "2021-09-28 13:35:23", "elapsed": 693.68505, "delta": 3.45882}}
{"target": -36.697252252255225, "params": {"C": 876.8618434741832, "gamma": 0.043265710713924474}, "datetime": {"datetime": "2021-09-28 13:35:26", "elapsed": 696.648536, "delta": 2.963486}}
{"target": -36.50823261594362, "params": {"C": 911.0392624213919, "gamma": 0.011367552343539908}, "datetime": {"datetime": "2021-09-28 13:35:29", "elapsed": 699.705406, "delta": 3.05687}}
{"target": -36.72499685806081, "params": {"C": 759.8558747017016, "gamma": 0.03347108970876228}, "datetime": {"datetime": "2021-09-28 13:35:33", "elapsed": 704.5546, "delta": 4.849194}}
{"target": -36.25855791794158, "params": {"C": 984.4731234398873, "gamma": 0.01651931901843203}, "datetime": {"datetime": "2021-09-28 13:35:38", "elapsed": 708.942641, "delta": 4.388041}}
{"target": -36.42909512480726, "params": {"C": 892.3331885149046, "gamma": 0.028530820470040682}, "datetime": {"datetime": "2021-09-28 13:35:42", "elapsed": 713.539567, "delta": 4.596926}}
{"target": -36.43804405627148, "params": {"C": 941.2560594058089, "gamma": 0.03506650101047505}, "datetime": {"datetime": "2021-09-28 13:35:48", "elapsed": 718.73177, "delta": 5.192203}}
{"target": -36.90233239437029, "params": {"C": 941.275291515258, "gamma": 0.057278197936997365}, "datetime": {"datetime": "2021-09-28 13:35:52", "elapsed": 723.084533, "delta": 4.352763}}
{"target": -37.25922110311146, "params": {"C": 941.2443389860318, "gamma": 0.005220598786974478}, "datetime": {"datetime": "2021-09-28 13:35:56", "elapsed": 726.668184, "delta": 3.583651}}
{"target": -37.521272110079835, "params": {"C": 609.2462968210539, "gamma": 0.05461838974712299}, "datetime": {"datetime": "2021-09-28 13:35:58", "elapsed": 729.08718, "delta": 2.418996}}
{"target": -37.806358588393884, "params": {"C": 984.6606390826565, "gamma": 0.00326247899040289}, "datetime": {"datetime": "2021-09-28 13:36:02", "elapsed": 733.192779, "delta": 4.105599}}
{"target": -36.78975443459676, "params": {"C": 795.782817156886, "gamma": 0.010268253633747629}, "datetime": {"datetime": "2021-09-28 13:36:10", "elapsed": 740.842694, "delta": 7.649915}}
{"target": -36.51992368973552, "params": {"C": 953.1426614775678, "gamma": 0.040562164367641186}, "datetime": {"datetime": "2021-09-28 13:36:14", "elapsed": 745.335939, "delta": 4.493245}}
{"target": -36.80733559606765, "params": {"C": 984.4490098628513, "gamma": 0.05598620392527581}, "datetime": {"datetime": "2021-09-28 13:36:20", "elapsed": 751.089037, "delta": 5.753098}}
{"target": -36.41380476318165, "params": {"C": 984.5614943515706, "gamma": 0.011320086984768253}, "datetime": {"datetime": "2021-09-28 13:36:27", "elapsed": 758.035342, "delta": 6.946305}}
{"target": -36.85307673827605, "params": {"C": 873.0568816576547, "gamma": 0.008316729243578319}, "datetime": {"datetime": "2021-09-28 13:36:30", "elapsed": 761.233834, "delta": 3.198492}}
{"target": -36.48191296397529, "params": {"C": 876.999267253856, "gamma": 0.031014731889492286}, "datetime": {"datetime": "2021-09-28 13:36:37", "elapsed": 767.691514, "delta": 6.45768}}
{"target": -36.84965799435812, "params": {"C": 899.9787318030895, "gamma": 0.051901692536564376}, "datetime": {"datetime": "2021-09-28 13:36:40", "elapsed": 771.159734, "delta": 3.46822}}
{"target": -37.022704914473195, "params": {"C": 741.0851877130906, "gamma": 0.046742937671233546}, "datetime": {"datetime": "2021-09-28 13:36:42", "elapsed": 773.377066, "delta": 2.217332}}
{"target": -38.62564085083584, "params": {"C": 733.0199983886616, "gamma": 0.11005455688735143}, "datetime": {"datetime": "2021-09-28 13:36:45", "elapsed": 775.659852, "delta": 2.282786}}
{"target": -36.4417656996944, "params": {"C": 984.4847497150055, "gamma": 0.038941246891283796}, "datetime": {"datetime": "2021-09-28 13:36:48", "elapsed": 779.525078, "delta": 3.865226}}
{"target": -37.31221813991832, "params": {"C": 984.4275903642102, "gamma": 0.004729945507708442}, "datetime": {"datetime": "2021-09-28 13:36:54", "elapsed": 784.749066, "delta": 5.223988}}
{"target": -36.24470053795583, "params": {"C": 985.9826038644903, "gamma": 0.02076666994196227}, "datetime": {"datetime": "2021-09-28 13:36:59", "elapsed": 789.744941, "delta": 4.995875}}
{"target": -38.13869701729119, "params": {"C": 876.9894654218185, "gamma": 0.003}, "datetime": {"datetime": "2021-09-28 13:37:03", "elapsed": 794.479705, "delta": 4.734764}}
{"target": -36.514379474389244, "params": {"C": 917.8581040819101, "gamma": 0.037252815697213004}, "datetime": {"datetime": "2021-09-28 13:37:06", "elapsed": 796.844931, "delta": 2.365226}}
{"target": -36.729072626734514, "params": {"C": 747.021218396257, "gamma": 0.03228404086362743}, "datetime": {"datetime": "2021-09-28 13:37:08", "elapsed": 799.267731, "delta": 2.4228}}
{"target": -36.3177257155787, "params": {"C": 953.2958379400651, "gamma": 0.014805075112116931}, "datetime": {"datetime": "2021-09-28 13:37:14", "elapsed": 804.695073, "delta": 5.427342}}
{"target": -37.07750471094314, "params": {"C": 877.025665224322, "gamma": 0.060493708422077845}, "datetime": {"datetime": "2021-09-28 13:37:18", "elapsed": 808.909999, "delta": 4.214926}}
{"target": -36.69832611706443, "params": {"C": 798.2720321531366, "gamma": 0.036004815883744205}, "datetime": {"datetime": "2021-09-28 13:37:22", "elapsed": 812.783451, "delta": 3.873452}}
{"target": -36.80359165223507, "params": {"C": 917.8914666318353, "gamma": 0.051142166764315516}, "datetime": {"datetime": "2021-09-28 13:37:26", "elapsed": 817.364142, "delta": 4.580691}}
{"target": -36.844801102952935, "params": {"C": 876.9713324736394, "gamma": 0.04999834212414696}, "datetime": {"datetime": "2021-09-28 13:37:29", "elapsed": 820.607967, "delta": 3.243825}}
{"target": -36.50081075802116, "params": {"C": 958.7173483128745, "gamma": 0.04000597369815428}, "datetime": {"datetime": "2021-09-28 13:37:34", "elapsed": 825.134811, "delta": 4.526844}}
{"target": -37.63622340901234, "params": {"C": 917.8741408369086, "gamma": 0.0039913501595074865}, "datetime": {"datetime": "2021-09-28 13:37:38", "elapsed": 829.014958, "delta": 3.880147}}
{"target": -36.252662660553284, "params": {"C": 979.6875831768267, "gamma": 0.01930285202333691}, "datetime": {"datetime": "2021-09-28 13:37:44", "elapsed": 835.290941, "delta": 6.275983}}
{"target": -36.63148268356774, "params": {"C": 979.6501407143937, "gamma": 0.008782564558439386}, "datetime": {"datetime": "2021-09-28 13:37:48", "elapsed": 838.978501, "delta": 3.68756}}
{"target": -36.51071255116335, "params": {"C": 892.2925910520688, "gamma": 0.034752799962702245}, "datetime": {"datetime": "2021-09-28 13:37:52", "elapsed": 843.558295, "delta": 4.579794}}
{"target": -36.6835424005045, "params": {"C": 717.2690007935123, "gamma": 0.016856260489793565}, "datetime": {"datetime": "2021-09-28 13:37:55", "elapsed": 845.913371, "delta": 2.355076}}
{"target": -36.837174053067386, "params": {"C": 666.9000567599451, "gamma": 0.01523264005166695}, "datetime": {"datetime": "2021-09-28 13:37:57", "elapsed": 848.483248, "delta": 2.569877}}
{"target": -36.63374541103166, "params": {"C": 892.3591735126367, "gamma": 0.04135624251467821}, "datetime": {"datetime": "2021-09-28 13:38:01", "elapsed": 852.10149, "delta": 3.618242}}
{"target": -37.162187760807456, "params": {"C": 984.7497219014228, "gamma": 0.005352765436139726}, "datetime": {"datetime": "2021-09-28 13:38:06", "elapsed": 856.813388, "delta": 4.711898}}
{"target": -37.203456055557155, "params": {"C": 892.3084274520963, "gamma": 0.06683078623840515}, "datetime": {"datetime": "2021-09-28 13:38:11", "elapsed": 861.764817, "delta": 4.951429}}
{"target": -37.11584329857261, "params": {"C": 892.2821084667328, "gamma": 0.006318639050327524}, "datetime": {"datetime": "2021-09-28 13:38:16", "elapsed": 866.647218, "delta": 4.882401}}
{"target": -36.44220334502178, "params": {"C": 970.3691628182903, "gamma": 0.03779590943435487}, "datetime": {"datetime": "2021-09-28 13:38:18", "elapsed": 869.003641, "delta": 2.356423}}
{"target": -36.3472635581288, "params": {"C": 979.6691667384084, "gamma": 0.03244327100813357}, "datetime": {"datetime": "2021-09-28 13:38:21", "elapsed": 872.499825, "delta": 3.496184}}
{"target": -37.28286011005646, "params": {"C": 632.3866107848982, "gamma": 0.046787572495996}, "datetime": {"datetime": "2021-09-28 13:38:25", "elapsed": 875.845162, "delta": 3.345337}}
{"target": -36.84697410174206, "params": {"C": 939.7007936389705, "gamma": 0.05464561790662675}, "datetime": {"datetime": "2021-09-28 13:38:30", "elapsed": 880.939394, "delta": 5.094232}}
{"target": -37.38013263725629, "params": {"C": 917.8473475499493, "gamma": 0.07551678802020528}, "datetime": {"datetime": "2021-09-28 13:38:34", "elapsed": 884.82651, "delta": 3.887116}}
{"target": -36.883306666616384, "params": {"C": 979.6473080581458, "gamma": 0.05915106431038406}, "datetime": {"datetime": "2021-09-28 13:38:39", "elapsed": 890.308012, "delta": 5.481502}}
{"target": -36.43036840856965, "params": {"C": 984.8012812380418, "gamma": 0.03834252337149025}, "datetime": {"datetime": "2021-09-28 13:38:44", "elapsed": 895.391897, "delta": 5.083885}}
{"target": -37.051089402249275, "params": {"C": 984.4918891608531, "gamma": 0.005887248168934052}, "datetime": {"datetime": "2021-09-28 13:38:49", "elapsed": 899.676164, "delta": 4.284267}}
{"target": -37.35336865147261, "params": {"C": 780.0187212402652, "gamma": 0.06439532722428239}, "datetime": {"datetime": "2021-09-28 13:38:52", "elapsed": 903.21495, "delta": 3.538786}}
{"target": -37.532496102524846, "params": {"C": 984.8244894703221, "gamma": 0.00398303576627292}, "datetime": {"datetime": "2021-09-28 13:38:56", "elapsed": 906.783328, "delta": 3.568378}}
{"target": -36.29272043030932, "params": {"C": 970.3409464364261, "gamma": 0.014988585849815054}, "datetime": {"datetime": "2021-09-28 13:39:00", "elapsed": 911.049128, "delta": 4.2658}}
{"target": -37.1186356613322, "params": {"C": 970.3673285231216, "gamma": 0.005657558640551336}, "datetime": {"datetime": "2021-09-28 13:39:05", "elapsed": 916.618673, "delta": 5.569545}}
{"target": -36.2835213074292, "params": {"C": 970.3181932247979, "gamma": 0.024840674405050996}, "datetime": {"datetime": "2021-09-28 13:39:11", "elapsed": 922.580023, "delta": 5.96135}}
{"target": -36.933736282798414, "params": {"C": 625.0391583757462, "gamma": 0.015896578954815818}, "datetime": {"datetime": "2021-09-28 13:39:14", "elapsed": 925.260698, "delta": 2.680675}}
{"target": -36.4109844527426, "params": {"C": 970.3304762268847, "gamma": 0.03605196818700896}, "datetime": {"datetime": "2021-09-28 13:39:19", "elapsed": 929.793553, "delta": 4.532855}}
{"target": -36.3368023574009, "params": {"C": 984.7807821176256, "gamma": 0.03217519383227497}, "datetime": {"datetime": "2021-09-28 13:39:25", "elapsed": 936.427625, "delta": 6.634072}}
{"target": -37.38348501280196, "params": {"C": 970.3747540885458, "gamma": 0.07907537265204226}, "datetime": {"datetime": "2021-09-28 13:39:30", "elapsed": 941.491074, "delta": 5.063449}}
{"target": -37.1912395997443, "params": {"C": 799.247563023144, "gamma": 0.059393546403324185}, "datetime": {"datetime": "2021-09-28 13:39:33", "elapsed": 944.062429, "delta": 2.571355}}
{"target": -37.1038081682196, "params": {"C": 984.7983986983263, "gamma": 0.06883352726178671}, "datetime": {"datetime": "2021-09-28 13:39:40", "elapsed": 951.529184, "delta": 7.466755}}
{"target": -37.02050991680218, "params": {"C": 970.3050323233714, "gamma": 0.0644315657020991}, "datetime": {"datetime": "2021-09-28 13:39:46", "elapsed": 956.813383, "delta": 5.284199}}
{"target": -36.59208157045719, "params": {"C": 782.4140802219913, "gamma": 0.02691266471354574}, "datetime": {"datetime": "2021-09-28 13:39:48", "elapsed": 959.525549, "delta": 2.712166}}
{"target": -36.686485495080156, "params": {"C": 902.7817383777306, "gamma": 0.044896982780547164}, "datetime": {"datetime": "2021-09-28 13:39:55", "elapsed": 966.555378, "delta": 7.029829}}
{"target": -37.26682491762686, "params": {"C": 905.4379862284813, "gamma": 0.005445472254089135}, "datetime": {"datetime": "2021-09-28 13:39:59", "elapsed": 970.595054, "delta": 4.039676}}
{"target": -38.23109724351243, "params": {"C": 723.6569794541192, "gamma": 0.09292764152226765}, "datetime": {"datetime": "2021-09-28 13:40:03", "elapsed": 973.820134, "delta": 3.22508}}
{"target": -36.42751140027767, "params": {"C": 973.4895381086537, "gamma": 0.037244467893691506}, "datetime": {"datetime": "2021-09-28 13:40:06", "elapsed": 977.338993, "delta": 3.518859}}
{"target": -36.59651641252664, "params": {"C": 970.2783331382876, "gamma": 0.009240013325233566}, "datetime": {"datetime": "2021-09-28 13:40:11", "elapsed": 982.341448, "delta": 5.002455}}
{"target": -36.720130695357405, "params": {"C": 957.2817012432172, "gamma": 0.008302985886400969}, "datetime": {"datetime": "2021-09-28 13:40:14", "elapsed": 985.085922, "delta": 2.744474}}
{"target": -36.42054133939167, "params": {"C": 931.9109863782639, "gamma": 0.012366217453107169}, "datetime": {"datetime": "2021-09-28 13:40:22", "elapsed": 992.878756, "delta": 7.792834}}
{"target": -36.304710283825116, "params": {"C": 980.0416329070451, "gamma": 0.013673884324793502}, "datetime": {"datetime": "2021-09-28 13:40:28", "elapsed": 999.218278, "delta": 6.339522}}
{"target": -36.424842374635695, "params": {"C": 966.1907012631584, "gamma": 0.011516582249452238}, "datetime": {"datetime": "2021-09-28 13:40:32", "elapsed": 1003.429059, "delta": 4.210781}}
{"target": -37.190525877757466, "params": {"C": 941.2422926250267, "gamma": 0.0696415119766795}, "datetime": {"datetime": "2021-09-28 13:40:39", "elapsed": 1010.195652, "delta": 6.766593}}
{"target": -37.14037097219729, "params": {"C": 824.6496828313886, "gamma": 0.05918131927536158}, "datetime": {"datetime": "2021-09-28 13:40:53", "elapsed": 1023.902725, "delta": 13.707073}}
{"target": -38.391938375357846, "params": {"C": 838.8688597730604, "gamma": 0.11017482866660162}, "datetime": {"datetime": "2021-09-28 13:40:55", "elapsed": 1026.517659, "delta": 2.614934}}
{"target": -36.950629577162644, "params": {"C": 862.9569945567332, "gamma": 0.05364195025361294}, "datetime": {"datetime": "2021-09-28 13:40:58", "elapsed": 1029.539535, "delta": 3.021876}}
{"target": -37.73820314328554, "params": {"C": 759.9232918283349, "gamma": 0.07680746755199906}, "datetime": {"datetime": "2021-09-28 13:41:01", "elapsed": 1032.215445, "delta": 2.67591}}
{"target": -36.63649648769463, "params": {"C": 782.4503095083843, "gamma": 0.012957831000425548}, "datetime": {"datetime": "2021-09-28 13:41:06", "elapsed": 1037.324316, "delta": 5.108871}}
{"target": -36.61969317573689, "params": {"C": 980.057509211983, "gamma": 0.04722390008338952}, "datetime": {"datetime": "2021-09-28 13:41:13", "elapsed": 1044.238025, "delta": 6.913709}}
{"target": -37.67702251027753, "params": {"C": 980.0737458354413, "gamma": 0.00359298238665438}, "datetime": {"datetime": "2021-09-28 13:41:16", "elapsed": 1047.564747, "delta": 3.326722}}
{"target": -36.342142363579555, "params": {"C": 970.0635618110512, "gamma": 0.030907257425686206}, "datetime": {"datetime": "2021-09-28 13:41:24", "elapsed": 1054.813681, "delta": 7.248934}}
{"target": -36.430352920712416, "params": {"C": 970.0299423088113, "gamma": 0.0371116834631761}, "datetime": {"datetime": "2021-09-28 13:41:28", "elapsed": 1059.554464, "delta": 4.740783}}
{"target": -38.309188016607756, "params": {"C": 798.3531279923077, "gamma": 0.003}, "datetime": {"datetime": "2021-09-28 13:41:33", "elapsed": 1064.171932, "delta": 4.617468}}
{"target": -37.73596672320967, "params": {"C": 905.3801785325046, "gamma": 0.0037693325490180006}, "datetime": {"datetime": "2021-09-28 13:41:37", "elapsed": 1068.194781, "delta": 4.022849}}
{"target": -36.97183075572296, "params": {"C": 911.0631677643659, "gamma": 0.0069950725882164345}, "datetime": {"datetime": "2021-09-28 13:41:43", "elapsed": 1073.907348, "delta": 5.712567}}
{"target": -36.3464002529869, "params": {"C": 970.0955011716967, "gamma": 0.01296115628363384}, "datetime": {"datetime": "2021-09-28 13:41:48", "elapsed": 1079.456935, "delta": 5.549587}}
{"target": -36.325777610694566, "params": {"C": 930.1557864334436, "gamma": 0.017300899272954803}, "datetime": {"datetime": "2021-09-28 13:41:51", "elapsed": 1082.568098, "delta": 3.111163}}
{"target": -36.40368672899172, "params": {"C": 930.1278737180219, "gamma": 0.03124129283862079}, "datetime": {"datetime": "2021-09-28 13:41:59", "elapsed": 1090.165876, "delta": 7.597778}}
{"target": -36.43365164402701, "params": {"C": 970.0737265751266, "gamma": 0.011298102167349541}, "datetime": {"datetime": "2021-09-28 13:42:06", "elapsed": 1097.165253, "delta": 6.999377}}
{"target": -37.085721700957166, "params": {"C": 930.1001439988635, "gamma": 0.06451570920353163}, "datetime": {"datetime": "2021-09-28 13:42:13", "elapsed": 1104.230365, "delta": 7.065112}}
