{"target": -35.68434144687261, "params": {"C": 4134.785475343325, "gamma": 0.11046720960754958}, "datetime": {"datetime": "2021-09-28 16:11:59", "elapsed": 33.178792, "delta": 0.523238}}
{"target": -36.8763297583382, "params": {"C": 4295.794365391988, "gamma": 0.19993132860600835}, "datetime": {"datetime": "2021-09-28 16:11:59", "elapsed": 33.635924, "delta": 0.457132}}
{"target": -35.56842193542696, "params": {"C": 4035.2083444346986, "gamma": 0.015070321211690215}, "datetime": {"datetime": "2021-09-28 16:12:00", "elapsed": 34.112555, "delta": 0.476631}}
{"target": -36.48478744349238, "params": {"C": 4846.424431866822, "gamma": 0.1648796250974893}, "datetime": {"datetime": "2021-09-28 16:12:00", "elapsed": 34.590557, "delta": 0.478002}}
{"target": -34.60627990342168, "params": {"C": 4495.157638746206, "gamma": 0.032739961570039236}, "datetime": {"datetime": "2021-09-28 16:12:01", "elapsed": 35.179708, "delta": 0.589151}}
{"target": -34.61967000373209, "params": {"C": 4191.045868941996, "gamma": 0.03601132901927356}, "datetime": {"datetime": "2021-09-28 16:12:01", "elapsed": 35.688782, "delta": 0.509074}}
{"target": -34.69486023414719, "params": {"C": 4191.010496585621, "gamma": 0.027982812302874305}, "datetime": {"datetime": "2021-09-28 16:12:02", "elapsed": 36.243782, "delta": 0.555}}
{"target": -34.63965783890601, "params": {"C": 4494.951200296661, "gamma": 0.0296945568749289}, "datetime": {"datetime": "2021-09-28 16:12:02", "elapsed": 36.856781, "delta": 0.612999}}
{"target": -36.178830093089495, "params": {"C": 4488.463744855517, "gamma": 0.009677453446846519}, "datetime": {"datetime": "2021-09-28 16:12:03", "elapsed": 37.380125, "delta": 0.523344}}
{"target": -36.94257207054415, "params": {"C": 4495.014071184847, "gamma": 0.005774335505283976}, "datetime": {"datetime": "2021-09-28 16:12:03", "elapsed": 37.970128, "delta": 0.590003}}
{"target": -34.700895336270996, "params": {"C": 4125.719237844262, "gamma": 0.028043265317215245}, "datetime": {"datetime": "2021-09-28 16:12:04", "elapsed": 38.527128, "delta": 0.557}}
{"target": -35.53446463333514, "params": {"C": 4051.7632356377203, "gamma": 0.10193736774360038}, "datetime": {"datetime": "2021-09-28 16:12:05", "elapsed": 39.059794, "delta": 0.532666}}
{"target": -35.33974231390694, "params": {"C": 4191.013824768756, "gamma": 0.09064875004519793}, "datetime": {"datetime": "2021-09-28 16:12:05", "elapsed": 39.557376, "delta": 0.497582}}
{"target": -36.35222170640951, "params": {"C": 4494.875779479266, "gamma": 0.008628622548513432}, "datetime": {"datetime": "2021-09-28 16:12:06", "elapsed": 40.12437, "delta": 0.566994}}
{"target": -35.76210697094918, "params": {"C": 4051.357109475933, "gamma": 0.013424833181166333}, "datetime": {"datetime": "2021-09-28 16:12:06", "elapsed": 40.727371, "delta": 0.603001}}
{"target": -34.60731167452109, "params": {"C": 4495.124551906273, "gamma": 0.03917563139072636}, "datetime": {"datetime": "2021-09-28 16:12:07", "elapsed": 41.24661, "delta": 0.519239}}
{"target": -36.77551534659745, "params": {"C": 4488.535461826887, "gamma": 0.19014730064619675}, "datetime": {"datetime": "2021-09-28 16:12:07", "elapsed": 41.737603, "delta": 0.490993}}
{"target": -36.66440643974305, "params": {"C": 4523.915883891582, "gamma": 0.006861247039921025}, "datetime": {"datetime": "2021-09-28 16:12:08", "elapsed": 42.259609, "delta": 0.522006}}
{"target": -36.98753200524999, "params": {"C": 4125.7619160653985, "gamma": 0.005973500007552147}, "datetime": {"datetime": "2021-09-28 16:12:08", "elapsed": 42.845606, "delta": 0.585997}}
{"target": -36.47220381987873, "params": {"C": 4894.847672635714, "gamma": 0.007533716688555752}, "datetime": {"datetime": "2021-09-28 16:12:09", "elapsed": 43.406607, "delta": 0.561001}}
{"target": -34.59549483230871, "params": {"C": 4495.188196171532, "gamma": 0.034166520807683315}, "datetime": {"datetime": "2021-09-28 16:12:10", "elapsed": 44.043365, "delta": 0.636758}}
{"target": -34.8352891697784, "params": {"C": 4894.8685893640095, "gamma": 0.060152543508928}, "datetime": {"datetime": "2021-09-28 16:12:10", "elapsed": 44.626365, "delta": 0.583}}
{"target": -35.72420906331906, "params": {"C": 4495.219531140434, "gamma": 0.012986243848707592}, "datetime": {"datetime": "2021-09-28 16:12:11", "elapsed": 45.174369, "delta": 0.548004}}
{"target": -35.59541505070736, "params": {"C": 4848.313291925463, "gamma": 0.102217063050689}, "datetime": {"datetime": "2021-09-28 16:12:11", "elapsed": 45.721582, "delta": 0.547213}}
{"target": -34.721314923557486, "params": {"C": 4495.206204452259, "gamma": 0.05071349519358197}, "datetime": {"datetime": "2021-09-28 16:12:12", "elapsed": 46.326581, "delta": 0.604999}}
{"target": -34.637767895432894, "params": {"C": 4894.842686082331, "gamma": 0.04454223445418673}, "datetime": {"datetime": "2021-09-28 16:12:12", "elapsed": 46.913581, "delta": 0.587}}
{"target": -34.60557090527255, "params": {"C": 4495.158428931955, "gamma": 0.03871753352416982}, "datetime": {"datetime": "2021-09-28 16:12:13", "elapsed": 47.435315, "delta": 0.521734}}
{"target": -34.56946805501802, "params": {"C": 4878.847272682839, "gamma": 0.032931220882900666}, "datetime": {"datetime": "2021-09-28 16:12:13", "elapsed": 47.977307, "delta": 0.541992}}
{"target": -36.412199446693734, "params": {"C": 4288.625636022067, "gamma": 0.1607376801698249}, "datetime": {"datetime": "2021-09-28 16:12:14", "elapsed": 48.51255, "delta": 0.535243}}
{"target": -35.20517211861334, "params": {"C": 4495.2147025278955, "gamma": 0.08278981027654365}, "datetime": {"datetime": "2021-09-28 16:12:15", "elapsed": 49.248856, "delta": 0.736306}}
{"target": -36.44316298821414, "params": {"C": 4440.272104097828, "gamma": 0.1627620897000585}, "datetime": {"datetime": "2021-09-28 16:12:15", "elapsed": 49.788855, "delta": 0.539999}}
{"target": -34.92618996674613, "params": {"C": 4125.718517544114, "gamma": 0.06540795991366036}, "datetime": {"datetime": "2021-09-28 16:12:16", "elapsed": 50.36086, "delta": 0.572005}}
{"target": -36.21432848537007, "params": {"C": 4878.835578571911, "gamma": 0.009018134055453028}, "datetime": {"datetime": "2021-09-28 16:12:16", "elapsed": 50.984854, "delta": 0.623994}}
{"target": -36.1513629582728, "params": {"C": 4191.048309621254, "gamma": 0.010243444079966137}, "datetime": {"datetime": "2021-09-28 16:12:17", "elapsed": 51.654845, "delta": 0.669991}}
{"target": -35.78211854380001, "params": {"C": 4879.474013390472, "gamma": 0.11289440931828908}, "datetime": {"datetime": "2021-09-28 16:12:18", "elapsed": 52.195844, "delta": 0.540999}}
{"target": -34.77262078125529, "params": {"C": 4191.042197579151, "gamma": 0.05404837485419618}, "datetime": {"datetime": "2021-09-28 16:12:18", "elapsed": 52.85784, "delta": 0.661996}}
{"target": -36.13074452168246, "params": {"C": 4096.275355277909, "gamma": 0.14069470549659632}, "datetime": {"datetime": "2021-09-28 16:12:19", "elapsed": 53.419592, "delta": 0.561752}}
{"target": -35.29974063681763, "params": {"C": 4125.778035978199, "gamma": 0.08870949410984996}, "datetime": {"datetime": "2021-09-28 16:12:20", "elapsed": 54.091259, "delta": 0.671667}}
{"target": -34.73456404921001, "params": {"C": 4051.277478338335, "gamma": 0.05041622235947018}, "datetime": {"datetime": "2021-09-28 16:12:20", "elapsed": 54.724264, "delta": 0.633005}}
{"target": -36.48135501262695, "params": {"C": 4436.866534567695, "gamma": 0.16563072081747263}, "datetime": {"datetime": "2021-09-28 16:12:21", "elapsed": 55.278545, "delta": 0.554281}}
{"target": -36.74752897356207, "params": {"C": 4336.639927198913, "gamma": 0.18820209552679085}, "datetime": {"datetime": "2021-09-28 16:12:21", "elapsed": 55.871546, "delta": 0.593001}}
{"target": -35.094219731877736, "params": {"C": 4051.287451400548, "gamma": 0.07699417933432}, "datetime": {"datetime": "2021-09-28 16:12:22", "elapsed": 56.619548, "delta": 0.748002}}
{"target": -34.725262773069865, "params": {"C": 4495.102307630263, "gamma": 0.024552796331082392}, "datetime": {"datetime": "2021-09-28 16:12:23", "elapsed": 57.298081, "delta": 0.678533}}
{"target": -34.81104195376137, "params": {"C": 4125.542700912646, "gamma": 0.056901779265787364}, "datetime": {"datetime": "2021-09-28 16:12:24", "elapsed": 58.030083, "delta": 0.732002}}
{"target": -34.764082956079946, "params": {"C": 4029.810451880076, "gamma": 0.02511245113532208}, "datetime": {"datetime": "2021-09-28 16:12:24", "elapsed": 58.709082, "delta": 0.678999}}
{"target": -35.11740408920858, "params": {"C": 4494.902332790468, "gamma": 0.07822289503174228}, "datetime": {"datetime": "2021-09-28 16:12:25", "elapsed": 59.327968, "delta": 0.618886}}
{"target": -34.65654199898788, "params": {"C": 4568.273685728852, "gamma": 0.04517975093702893}, "datetime": {"datetime": "2021-09-28 16:12:25", "elapsed": 59.928962, "delta": 0.600994}}
{"target": -34.806404274511685, "params": {"C": 4353.166616047807, "gamma": 0.022518771130639516}, "datetime": {"datetime": "2021-09-28 16:12:26", "elapsed": 60.503966, "delta": 0.575004}}
{"target": -35.12508205917818, "params": {"C": 4103.860148475502, "gamma": 0.07914493113947402}, "datetime": {"datetime": "2021-09-28 16:12:27", "elapsed": 61.124964, "delta": 0.620998}}
{"target": -35.79765949795569, "params": {"C": 4358.593975492464, "gamma": 0.11643595229355719}, "datetime": {"datetime": "2021-09-28 16:12:27", "elapsed": 61.675192, "delta": 0.550228}}
{"target": -34.772048819326734, "params": {"C": 4523.971102712999, "gamma": 0.05485098342794716}, "datetime": {"datetime": "2021-09-28 16:12:28", "elapsed": 62.379186, "delta": 0.703994}}
{"target": -35.31700932573038, "params": {"C": 4568.267680956859, "gamma": 0.016143944997159584}, "datetime": {"datetime": "2021-09-28 16:12:29", "elapsed": 63.044188, "delta": 0.665002}}
{"target": -34.7664773309967, "params": {"C": 4029.8788979086426, "gamma": 0.02500658630594428}, "datetime": {"datetime": "2021-09-28 16:12:29", "elapsed": 63.893398, "delta": 0.84921}}
{"target": -34.864863027118275, "params": {"C": 4523.926723677047, "gamma": 0.06169774713872129}, "datetime": {"datetime": "2021-09-28 16:12:30", "elapsed": 64.677301, "delta": 0.783903}}
{"target": -36.291587031358766, "params": {"C": 4710.756738064714, "gamma": 0.14961236344659085}, "datetime": {"datetime": "2021-09-28 16:12:31", "elapsed": 65.360078, "delta": 0.682777}}
{"target": -34.683977872894154, "params": {"C": 4756.37598346975, "gamma": 0.025354278380757073}, "datetime": {"datetime": "2021-09-28 16:12:32", "elapsed": 65.988075, "delta": 0.627997}}
{"target": -34.75297373386007, "params": {"C": 4261.923257003805, "gamma": 0.05265734583344781}, "datetime": {"datetime": "2021-09-28 16:12:32", "elapsed": 66.664074, "delta": 0.675999}}
{"target": -34.62366170695952, "params": {"C": 4822.956567153293, "gamma": 0.0428885215235449}, "datetime": {"datetime": "2021-09-28 16:12:33", "elapsed": 67.303528, "delta": 0.639454}}
{"target": -36.154972151911, "params": {"C": 4425.766318819043, "gamma": 0.14105499198294066}, "datetime": {"datetime": "2021-09-28 16:12:33", "elapsed": 67.933529, "delta": 0.630001}}
{"target": -34.63970210190935, "params": {"C": 4568.279124079788, "gamma": 0.043509369451541824}, "datetime": {"datetime": "2021-09-28 16:12:34", "elapsed": 68.573533, "delta": 0.640004}}
{"target": -34.811276912600334, "params": {"C": 4822.954976404813, "gamma": 0.02105695185197652}, "datetime": {"datetime": "2021-09-28 16:12:35", "elapsed": 69.347875, "delta": 0.774342}}
{"target": -35.69970103360677, "params": {"C": 4190.984078743943, "gamma": 0.01368225989927628}, "datetime": {"datetime": "2021-09-28 16:12:36", "elapsed": 70.041875, "delta": 0.694}}
{"target": -34.94659983292538, "params": {"C": 4406.164559232038, "gamma": 0.06724346952844898}, "datetime": {"datetime": "2021-09-28 16:12:36", "elapsed": 70.727876, "delta": 0.686001}}
{"target": -36.55044920898464, "params": {"C": 4798.611843707974, "gamma": 0.17044017230754974}, "datetime": {"datetime": "2021-09-28 16:12:37", "elapsed": 71.345066, "delta": 0.61719}}
{"target": -34.69208071156077, "params": {"C": 4878.882473707328, "gamma": 0.049316204197563905}, "datetime": {"datetime": "2021-09-28 16:12:38", "elapsed": 72.478065, "delta": 1.132999}}
{"target": -34.97664007336442, "params": {"C": 4125.610986745446, "gamma": 0.06896092176929354}, "datetime": {"datetime": "2021-09-28 16:12:39", "elapsed": 73.243063, "delta": 0.764998}}
{"target": -35.081797223855105, "params": {"C": 4261.914849041958, "gamma": 0.07630827884695297}, "datetime": {"datetime": "2021-09-28 16:12:40", "elapsed": 74.445154, "delta": 1.202091}}
{"target": -34.686962494760465, "params": {"C": 4523.85455774106, "gamma": 0.026402600742440656}, "datetime": {"datetime": "2021-09-28 16:12:41", "elapsed": 75.345411, "delta": 0.900257}}
{"target": -36.55037530646339, "params": {"C": 4155.898649774399, "gamma": 0.17147870912198054}, "datetime": {"datetime": "2021-09-28 16:12:42", "elapsed": 76.020415, "delta": 0.675004}}
{"target": -34.854587316889805, "params": {"C": 4756.384833790969, "gamma": 0.06131581751101596}, "datetime": {"datetime": "2021-09-28 16:12:43", "elapsed": 77.018415, "delta": 0.998}}
{"target": -34.66319377825198, "params": {"C": 4756.410578610332, "gamma": 0.046453953776493286}, "datetime": {"datetime": "2021-09-28 16:12:43", "elapsed": 77.759856, "delta": 0.741441}}
{"target": -35.34655027087536, "params": {"C": 4878.828398415785, "gamma": 0.08892515608595684}, "datetime": {"datetime": "2021-09-28 16:12:44", "elapsed": 78.710856, "delta": 0.951}}
{"target": -34.785190147572145, "params": {"C": 4894.873064313304, "gamma": 0.05656934664825616}, "datetime": {"datetime": "2021-09-28 16:12:45", "elapsed": 79.587121, "delta": 0.876265}}
{"target": -34.5958853371, "params": {"C": 4816.90877925793, "gamma": 0.030808847527601078}, "datetime": {"datetime": "2021-09-28 16:12:46", "elapsed": 80.53512, "delta": 0.947999}}
{"target": -34.71870386654502, "params": {"C": 4353.125593947663, "gamma": 0.02560560014553766}, "datetime": {"datetime": "2021-09-28 16:12:47", "elapsed": 81.569045, "delta": 1.033925}}
{"target": -34.63660705763919, "params": {"C": 4822.921923311979, "gamma": 0.04418018992327342}, "datetime": {"datetime": "2021-09-28 16:12:49", "elapsed": 83.015043, "delta": 1.445998}}
{"target": -34.61996903901094, "params": {"C": 4816.944049660799, "gamma": 0.04248360738347776}, "datetime": {"datetime": "2021-09-28 16:12:50", "elapsed": 84.022893, "delta": 1.00785}}
{"target": -35.487946645950785, "params": {"C": 4822.946025327812, "gamma": 0.09646711094164437}, "datetime": {"datetime": "2021-09-28 16:12:51", "elapsed": 85.073892, "delta": 1.050999}}
{"target": -35.15245124326668, "params": {"C": 4578.819955432922, "gamma": 0.07992829143993516}, "datetime": {"datetime": "2021-09-28 16:12:51", "elapsed": 85.950316, "delta": 0.876424}}
{"target": -35.30009705258375, "params": {"C": 4658.786425265259, "gamma": 0.08719134208574603}, "datetime": {"datetime": "2021-09-28 16:12:52", "elapsed": 86.88932, "delta": 0.939004}}
{"target": -36.205606316246715, "params": {"C": 4163.527266091962, "gamma": 0.14620420674946322}, "datetime": {"datetime": "2021-09-28 16:12:53", "elapsed": 87.619847, "delta": 0.730527}}
{"target": -34.86567642244663, "params": {"C": 4348.770128877542, "gamma": 0.06146135757048641}, "datetime": {"datetime": "2021-09-28 16:12:54", "elapsed": 88.490852, "delta": 0.871005}}
{"target": -34.746229360436196, "params": {"C": 4353.13676334504, "gamma": 0.05236724633008455}, "datetime": {"datetime": "2021-09-28 16:12:55", "elapsed": 89.783958, "delta": 1.293106}}
{"target": -34.615168703359586, "params": {"C": 4756.343627004098, "gamma": 0.04172248390617778}, "datetime": {"datetime": "2021-09-28 16:12:56", "elapsed": 90.868963, "delta": 1.085005}}
{"target": -34.76776512316078, "params": {"C": 4756.45265543623, "gamma": 0.05502014665469938}, "datetime": {"datetime": "2021-09-28 16:12:58", "elapsed": 92.014235, "delta": 1.145272}}
{"target": -34.955414610736355, "params": {"C": 4568.299465458411, "gamma": 0.06802650390990019}, "datetime": {"datetime": "2021-09-28 16:12:59", "elapsed": 93.110236, "delta": 1.096001}}
{"target": -36.159031515648245, "params": {"C": 4868.978126106229, "gamma": 0.13842760691174644}, "datetime": {"datetime": "2021-09-28 16:12:59", "elapsed": 93.871526, "delta": 0.76129}}
{"target": -34.62027171696692, "params": {"C": 4756.334286000069, "gamma": 0.042268593290611195}, "datetime": {"datetime": "2021-09-28 16:13:00", "elapsed": 94.774256, "delta": 0.90273}}
{"target": -34.705174380724316, "params": {"C": 4191.006824827374, "gamma": 0.027332194625224647}, "datetime": {"datetime": "2021-09-28 16:13:01", "elapsed": 95.585255, "delta": 0.810999}}
{"target": -35.849358328180884, "params": {"C": 4215.885294843858, "gamma": 0.12058118764558258}, "datetime": {"datetime": "2021-09-28 16:13:02", "elapsed": 96.437256, "delta": 0.852001}}
{"target": -35.465316880610985, "params": {"C": 4756.447119721602, "gamma": 0.09549207968600863}, "datetime": {"datetime": "2021-09-28 16:13:03", "elapsed": 97.406256, "delta": 0.969}}
{"target": -36.68556989552126, "params": {"C": 4957.661497704436, "gamma": 0.18132288030853505}, "datetime": {"datetime": "2021-09-28 16:13:04", "elapsed": 98.2637, "delta": 0.857444}}
{"target": -34.88777981659007, "params": {"C": 4108.818218386704, "gamma": 0.06261269170962953}, "datetime": {"datetime": "2021-09-28 16:13:05", "elapsed": 99.327354, "delta": 1.063654}}
{"target": -36.528446450769344, "params": {"C": 4064.7751853733403, "gamma": 0.16986238684531615}, "datetime": {"datetime": "2021-09-28 16:13:06", "elapsed": 100.283592, "delta": 0.956238}}
{"target": -36.593398065593234, "params": {"C": 4756.306922397716, "gamma": 0.006973015681333819}, "datetime": {"datetime": "2021-09-28 16:13:07", "elapsed": 101.30459, "delta": 1.020998}}
{"target": -36.80043135794051, "params": {"C": 4799.798941662107, "gamma": 0.19140812705152682}, "datetime": {"datetime": "2021-09-28 16:13:08", "elapsed": 102.198083, "delta": 0.893493}}
{"target": -35.8002838457836, "params": {"C": 4816.984060566359, "gamma": 0.011959121861762326}, "datetime": {"datetime": "2021-09-28 16:13:09", "elapsed": 103.234086, "delta": 1.036003}}
{"target": -36.29328417229035, "params": {"C": 4051.2783489657313, "gamma": 0.009541043400424078}, "datetime": {"datetime": "2021-09-28 16:13:10", "elapsed": 104.437525, "delta": 1.203439}}
{"target": -35.707901872289774, "params": {"C": 4280.154984717847, "gamma": 0.111218064574119}, "datetime": {"datetime": "2021-09-28 16:13:11", "elapsed": 105.421524, "delta": 0.983999}}
{"target": -35.05788256508549, "params": {"C": 4353.168826468524, "gamma": 0.07475739283135859}, "datetime": {"datetime": "2021-09-28 16:13:12", "elapsed": 106.574857, "delta": 1.153333}}
{"target": -36.27513247025611, "params": {"C": 4928.084150806843, "gamma": 0.14672430807554077}, "datetime": {"datetime": "2021-09-28 16:13:13", "elapsed": 107.425856, "delta": 0.850999}}
{"target": -35.14863672851858, "params": {"C": 4523.996027717438, "gamma": 0.017721587993818295}, "datetime": {"datetime": "2021-09-28 16:13:14", "elapsed": 108.594903, "delta": 1.169047}}
{"target": -35.533998739904234, "params": {"C": 4816.922070880999, "gamma": 0.09896646192714645}, "datetime": {"datetime": "2021-09-28 16:13:15", "elapsed": 109.602249, "delta": 1.007346}}
{"target": -34.59721405837614, "params": {"C": 4822.99685086803, "gamma": 0.040002826606450215}, "datetime": {"datetime": "2021-09-28 16:13:17", "elapsed": 111.020249, "delta": 1.418}}
{"target": -35.763720760023496, "params": {"C": 4348.815359603391, "gamma": 0.012910407096488136}, "datetime": {"datetime": "2021-09-28 16:13:18", "elapsed": 112.185449, "delta": 1.1652}}
{"target": -35.00889407856866, "params": {"C": 4261.915137528324, "gamma": 0.01974819908656737}, "datetime": {"datetime": "2021-09-28 16:13:19", "elapsed": 113.675069, "delta": 1.48962}}
{"target": -35.1025799955723, "params": {"C": 4056.846839543985, "gamma": 0.0775720970137148}, "datetime": {"datetime": "2021-09-28 16:13:20", "elapsed": 114.599953, "delta": 0.924884}}
{"target": -35.69071357974446, "params": {"C": 4816.924591093381, "gamma": 0.012763354678661474}, "datetime": {"datetime": "2021-09-28 16:13:21", "elapsed": 115.574029, "delta": 0.974076}}
{"target": -34.82927420441154, "params": {"C": 4823.032451495644, "gamma": 0.05962711277794921}, "datetime": {"datetime": "2021-09-28 16:13:22", "elapsed": 116.646031, "delta": 1.072002}}
{"target": -34.838971385868476, "params": {"C": 4523.886871243329, "gamma": 0.05984140667655416}, "datetime": {"datetime": "2021-09-28 16:13:23", "elapsed": 117.776071, "delta": 1.13004}}
{"target": -37.07504094362137, "params": {"C": 4035.1507832687553, "gamma": 0.005721882931016443}, "datetime": {"datetime": "2021-09-28 16:13:25", "elapsed": 119.430719, "delta": 1.654648}}
{"target": -35.28265761793388, "params": {"C": 4348.7263433344815, "gamma": 0.08716748694206532}, "datetime": {"datetime": "2021-09-28 16:13:27", "elapsed": 121.015952, "delta": 1.585233}}
{"target": -36.76679692933406, "params": {"C": 4220.452620421736, "gamma": 0.19019392133700505}, "datetime": {"datetime": "2021-09-28 16:13:27", "elapsed": 121.936745, "delta": 0.920793}}
{"target": -34.80970214650549, "params": {"C": 4878.861959102683, "gamma": 0.058316653299610624}, "datetime": {"datetime": "2021-09-28 16:13:29", "elapsed": 123.160749, "delta": 1.224004}}
{"target": -34.98674643304972, "params": {"C": 4756.347604242701, "gamma": 0.07028488787097388}, "datetime": {"datetime": "2021-09-28 16:13:30", "elapsed": 124.304588, "delta": 1.143839}}
{"target": -34.77180145387738, "params": {"C": 4494.9354386737805, "gamma": 0.05476494660987508}, "datetime": {"datetime": "2021-09-28 16:13:31", "elapsed": 125.674305, "delta": 1.369717}}
{"target": -35.87093889774173, "params": {"C": 4414.6669896815665, "gamma": 0.12090952832209068}, "datetime": {"datetime": "2021-09-28 16:13:32", "elapsed": 126.733303, "delta": 1.058998}}
