{"target": -35.04730449901033, "params": {"C": 4978.1550739762115, "gamma": 0.04963943869644531}, "datetime": {"datetime": "2021-09-28 16:20:24", "elapsed": 535.982695, "delta": 2.765198}}
{"target": -35.91448199572658, "params": {"C": 4542.695950487739, "gamma": 0.006766303920722263}, "datetime": {"datetime": "2021-09-28 16:20:27", "elapsed": 538.513611, "delta": 2.530916}}
{"target": -35.35935692551691, "params": {"C": 4290.361001593269, "gamma": 0.01525654393710298}, "datetime": {"datetime": "2021-09-28 16:20:32", "elapsed": 543.226778, "delta": 4.713167}}
{"target": -35.18248171040722, "params": {"C": 4492.70336476599, "gamma": 0.0537142387766148}, "datetime": {"datetime": "2021-09-28 16:20:36", "elapsed": 548.001018, "delta": 4.77424}}
{"target": -35.21607517913578, "params": {"C": 4474.570125590933, "gamma": 0.017427915016534165}, "datetime": {"datetime": "2021-09-28 16:20:40", "elapsed": 551.981624, "delta": 3.980606}}
{"target": -35.18224248206511, "params": {"C": 4465.608502332875, "gamma": 0.05346228624412195}, "datetime": {"datetime": "2021-09-28 16:20:45", "elapsed": 556.564377, "delta": 4.582753}}
{"target": -35.007164434744226, "params": {"C": 4618.769073558799, "gamma": 0.043275406474706186}, "datetime": {"datetime": "2021-09-28 16:20:48", "elapsed": 559.772859, "delta": 3.208482}}
{"target": -35.231457359128235, "params": {"C": 4298.2508599213015, "gamma": 0.01745189911270749}, "datetime": {"datetime": "2021-09-28 16:20:52", "elapsed": 563.22814, "delta": 3.455281}}
{"target": -35.04978299328956, "params": {"C": 4023.1157420526347, "gamma": 0.036971077013063854}, "datetime": {"datetime": "2021-09-28 16:20:54", "elapsed": 565.316358, "delta": 2.088218}}
{"target": -35.57344233417255, "params": {"C": 4618.779216391996, "gamma": 0.07426426212174693}, "datetime": {"datetime": "2021-09-28 16:20:59", "elapsed": 571.045079, "delta": 5.728721}}
{"target": -34.989097268743215, "params": {"C": 4542.712917725452, "gamma": 0.04052022069546919}, "datetime": {"datetime": "2021-09-28 16:21:04", "elapsed": 575.353609, "delta": 4.30853}}
{"target": -34.98111236838295, "params": {"C": 4476.893042770095, "gamma": 0.03048026144324022}, "datetime": {"datetime": "2021-09-28 16:21:07", "elapsed": 578.462456, "delta": 3.108847}}
{"target": -35.934004817015804, "params": {"C": 4324.019505674773, "gamma": 0.0065425751289799865}, "datetime": {"datetime": "2021-09-28 16:21:12", "elapsed": 583.453219, "delta": 4.990763}}
{"target": -35.0237424609366, "params": {"C": 4618.789145155267, "gamma": 0.023683718475790084}, "datetime": {"datetime": "2021-09-28 16:21:15", "elapsed": 587.048835, "delta": 3.595616}}
{"target": -35.07397244680646, "params": {"C": 4140.416507149152, "gamma": 0.024260601823093798}, "datetime": {"datetime": "2021-09-28 16:21:19", "elapsed": 590.885232, "delta": 3.836397}}
{"target": -34.98205897195273, "params": {"C": 4495.325446319461, "gamma": 0.035814100710218524}, "datetime": {"datetime": "2021-09-28 16:21:23", "elapsed": 594.54855, "delta": 3.663318}}
{"target": -35.057713029409996, "params": {"C": 4372.835225916709, "gamma": 0.0442693146690625}, "datetime": {"datetime": "2021-09-28 16:21:25", "elapsed": 596.766224, "delta": 2.217674}}
{"target": -34.99476438830186, "params": {"C": 4352.712969282727, "gamma": 0.031788087185341735}, "datetime": {"datetime": "2021-09-28 16:21:27", "elapsed": 598.712181, "delta": 1.945957}}
{"target": -35.59227813935115, "params": {"C": 4332.549995971654, "gamma": 0.07345470837885522}, "datetime": {"datetime": "2021-09-28 16:21:29", "elapsed": 600.640473, "delta": 1.928292}}
{"target": -35.07329401317211, "params": {"C": 4008.300777019393, "gamma": 0.02592867119581696}, "datetime": {"datetime": "2021-09-28 16:21:31", "elapsed": 602.349634, "delta": 1.709161}}
{"target": -35.01209768395353, "params": {"C": 4618.7520983890745, "gamma": 0.024515981025545197}, "datetime": {"datetime": "2021-09-28 16:21:34", "elapsed": 605.35242, "delta": 3.002786}}
{"target": -36.035067848230305, "params": {"C": 4492.694225389769, "gamma": 0.005433238884012777}, "datetime": {"datetime": "2021-09-28 16:21:38", "elapsed": 609.420267, "delta": 4.067847}}
{"target": -35.66829904761851, "params": {"C": 4372.851939062035, "gamma": 0.010215521412952726}, "datetime": {"datetime": "2021-09-28 16:21:42", "elapsed": 613.506582, "delta": 4.086315}}
{"target": -34.976654843136664, "params": {"C": 4794.645260204776, "gamma": 0.02554245135628548}, "datetime": {"datetime": "2021-09-28 16:21:44", "elapsed": 615.326053, "delta": 1.819471}}
{"target": -35.072729553832474, "params": {"C": 4367.553045990642, "gamma": 0.022272402961532586}, "datetime": {"datetime": "2021-09-28 16:21:46", "elapsed": 617.177139, "delta": 1.851086}}
{"target": -35.49348412472303, "params": {"C": 4999.302610644738, "gamma": 0.0724131575974559}, "datetime": {"datetime": "2021-09-28 16:21:50", "elapsed": 621.712683, "delta": 4.535544}}
{"target": -35.56873267610306, "params": {"C": 4374.416584097868, "gamma": 0.011789837952732526}, "datetime": {"datetime": "2021-09-28 16:21:53", "elapsed": 625.072366, "delta": 3.359683}}
{"target": -35.047393501624576, "params": {"C": 4141.078699564893, "gamma": 0.026720984419486914}, "datetime": {"datetime": "2021-09-28 16:21:55", "elapsed": 626.968784, "delta": 1.896418}}
{"target": -35.13045567477312, "params": {"C": 4433.628908654445, "gamma": 0.05009054618669666}, "datetime": {"datetime": "2021-09-28 16:21:59", "elapsed": 630.476424, "delta": 3.50764}}
{"target": -36.18518363501646, "params": {"C": 4140.4453364629835, "gamma": 0.004071733501331422}, "datetime": {"datetime": "2021-09-28 16:22:02", "elapsed": 633.188734, "delta": 2.71231}}
{"target": -35.24858679540016, "params": {"C": 4493.062478724386, "gamma": 0.016842380090536225}, "datetime": {"datetime": "2021-09-28 16:22:04", "elapsed": 635.570121, "delta": 2.381387}}
{"target": -35.13343425132661, "params": {"C": 4495.341335768999, "gamma": 0.05081234434067222}, "datetime": {"datetime": "2021-09-28 16:22:07", "elapsed": 638.552562, "delta": 2.982441}}
{"target": -35.237430460411396, "params": {"C": 4363.290369692401, "gamma": 0.055812385609918115}, "datetime": {"datetime": "2021-09-28 16:22:10", "elapsed": 641.541889, "delta": 2.989327}}
{"target": -35.05661010436462, "params": {"C": 4122.61407215127, "gamma": 0.026058295770440755}, "datetime": {"datetime": "2021-09-28 16:22:12", "elapsed": 643.421942, "delta": 1.880053}}
{"target": -35.03312828355746, "params": {"C": 4492.665055484872, "gamma": 0.043812582558792404}, "datetime": {"datetime": "2021-09-28 16:22:14", "elapsed": 646.076083, "delta": 2.654141}}
{"target": -35.50714691547292, "params": {"C": 4316.550106840829, "gamma": 0.06927508243396777}, "datetime": {"datetime": "2021-09-28 16:22:16", "elapsed": 647.851814, "delta": 1.775731}}
{"target": -35.621848623757806, "params": {"C": 4167.250141899863, "gamma": 0.01105054088870389}, "datetime": {"datetime": "2021-09-28 16:22:18", "elapsed": 649.725543, "delta": 1.873729}}
{"target": -36.12239218532964, "params": {"C": 4787.317633999718, "gamma": 0.004498604981482856}, "datetime": {"datetime": "2021-09-28 16:22:21", "elapsed": 652.483396, "delta": 2.757853}}
{"target": -36.24658494703937, "params": {"C": 4743.1427111989315, "gamma": 0.0032983982538358366}, "datetime": {"datetime": "2021-09-28 16:22:25", "elapsed": 656.430976, "delta": 3.94758}}
{"target": -35.097477568471994, "params": {"C": 4363.256719409743, "gamma": 0.04703630817781825}, "datetime": {"datetime": "2021-09-28 16:22:28", "elapsed": 659.814637, "delta": 3.383661}}
{"target": -35.012384625761996, "params": {"C": 4413.2577567495355, "gamma": 0.04125415924338841}, "datetime": {"datetime": "2021-09-28 16:22:31", "elapsed": 662.638064, "delta": 2.823427}}
{"target": -34.95619251313145, "params": {"C": 4925.922907045726, "gamma": 0.02589987202090021}, "datetime": {"datetime": "2021-09-28 16:22:33", "elapsed": 664.561375, "delta": 1.923311}}
{"target": -35.20979157095457, "params": {"C": 4372.859266660058, "gamma": 0.054269263508207224}, "datetime": {"datetime": "2021-09-28 16:22:36", "elapsed": 667.435881, "delta": 2.874506}}
{"target": -35.02801430131, "params": {"C": 4080.9665269622456, "gamma": 0.03181746224095463}, "datetime": {"datetime": "2021-09-28 16:22:38", "elapsed": 669.369076, "delta": 1.933195}}
{"target": -34.9406184479419, "params": {"C": 4849.251984097426, "gamma": 0.036988996400087695}, "datetime": {"datetime": "2021-09-28 16:22:40", "elapsed": 671.307012, "delta": 1.937936}}
{"target": -35.03096993072033, "params": {"C": 4787.453816547991, "gamma": 0.046956938906564896}, "datetime": {"datetime": "2021-09-28 16:22:43", "elapsed": 674.821217, "delta": 3.514205}}
{"target": -35.05479822253996, "params": {"C": 4794.631305879184, "gamma": 0.04859472053838225}, "datetime": {"datetime": "2021-09-28 16:22:46", "elapsed": 677.428324, "delta": 2.607107}}
{"target": -34.93650098703217, "params": {"C": 4999.284643738838, "gamma": 0.027547683553958053}, "datetime": {"datetime": "2021-09-28 16:22:49", "elapsed": 680.193833, "delta": 2.765509}}
{"target": -34.95766995329305, "params": {"C": 4743.150341267204, "gamma": 0.038786336020398805}, "datetime": {"datetime": "2021-09-28 16:22:52", "elapsed": 683.092947, "delta": 2.899114}}
{"target": -35.03411368632232, "params": {"C": 4450.046803100663, "gamma": 0.04340547176298926}, "datetime": {"datetime": "2021-09-28 16:22:54", "elapsed": 685.154074, "delta": 2.061127}}
{"target": -35.016077084617905, "params": {"C": 4794.6659118454145, "gamma": 0.045914971310815414}, "datetime": {"datetime": "2021-09-28 16:22:56", "elapsed": 687.640533, "delta": 2.486459}}
{"target": -35.20110597629513, "params": {"C": 4324.046756047675, "gamma": 0.05331679512946731}, "datetime": {"datetime": "2021-09-28 16:22:59", "elapsed": 690.456268, "delta": 2.815735}}
{"target": -35.26087690607535, "params": {"C": 4794.666382295984, "gamma": 0.016213324202217626}, "datetime": {"datetime": "2021-09-28 16:23:02", "elapsed": 693.61496, "delta": 3.158692}}
{"target": -34.993755063329196, "params": {"C": 4849.2330320420615, "gamma": 0.04459014743605296}, "datetime": {"datetime": "2021-09-28 16:23:05", "elapsed": 696.680593, "delta": 3.065633}}
{"target": -35.59882336694113, "params": {"C": 4062.5978959393656, "gamma": 0.011487492132656565}, "datetime": {"datetime": "2021-09-28 16:23:07", "elapsed": 698.633086, "delta": 1.952493}}
{"target": -36.15441486416161, "params": {"C": 4593.139046691196, "gamma": 0.004230644908797555}, "datetime": {"datetime": "2021-09-28 16:23:10", "elapsed": 701.57817, "delta": 2.945084}}
{"target": -35.236911961302894, "params": {"C": 4797.614693830095, "gamma": 0.01659351182168917}, "datetime": {"datetime": "2021-09-28 16:23:13", "elapsed": 704.286819, "delta": 2.708649}}
{"target": -35.43511481721268, "params": {"C": 4495.322018293565, "gamma": 0.013797932872752761}, "datetime": {"datetime": "2021-09-28 16:23:16", "elapsed": 707.873039, "delta": 3.58622}}
{"target": -34.99354182811699, "params": {"C": 4498.11890755786, "gamma": 0.04011370147911079}, "datetime": {"datetime": "2021-09-28 16:23:18", "elapsed": 709.98491, "delta": 2.111871}}
{"target": -35.05614929317641, "params": {"C": 4593.1324207832085, "gamma": 0.046651194457794185}, "datetime": {"datetime": "2021-09-28 16:23:22", "elapsed": 713.563041, "delta": 3.578131}}
{"target": -35.98327464012942, "params": {"C": 4592.896434614788, "gamma": 0.005909781234653554}, "datetime": {"datetime": "2021-09-28 16:23:25", "elapsed": 716.609027, "delta": 3.045986}}
{"target": -35.15422557476885, "params": {"C": 4456.0352005549785, "gamma": 0.018737394726008737}, "datetime": {"datetime": "2021-09-28 16:23:27", "elapsed": 718.605282, "delta": 1.996255}}
{"target": -35.15759581370129, "params": {"C": 4413.232403509383, "gamma": 0.05153340828095809}, "datetime": {"datetime": "2021-09-28 16:23:31", "elapsed": 722.279185, "delta": 3.673903}}
{"target": -34.95940884091012, "params": {"C": 4978.175736691653, "gamma": 0.042517347446096435}, "datetime": {"datetime": "2021-09-28 16:23:34", "elapsed": 725.883701, "delta": 3.604516}}
{"target": -35.36166687471808, "params": {"C": 4309.142448635298, "gamma": 0.06218314869414196}, "datetime": {"datetime": "2021-09-28 16:23:38", "elapsed": 729.810841, "delta": 3.92714}}
{"target": -35.06331030826939, "params": {"C": 4140.418825452968, "gamma": 0.04156885462508888}, "datetime": {"datetime": "2021-09-28 16:23:42", "elapsed": 733.715376, "delta": 3.904535}}
{"target": -34.93248342777314, "params": {"C": 4925.902284666485, "gamma": 0.030382196991396306}, "datetime": {"datetime": "2021-09-28 16:23:48", "elapsed": 739.912206, "delta": 6.19683}}
{"target": -35.934395880125976, "params": {"C": 4893.204253108043, "gamma": 0.006489999258571579}, "datetime": {"datetime": "2021-09-28 16:23:51", "elapsed": 742.376564, "delta": 2.464358}}
{"target": -34.94770043571685, "params": {"C": 4787.279612788379, "gamma": 0.030128346835651715}, "datetime": {"datetime": "2021-09-28 16:23:55", "elapsed": 746.764268, "delta": 4.387704}}
{"target": -35.10881616256135, "params": {"C": 4787.298380372481, "gamma": 0.05181742078314757}, "datetime": {"datetime": "2021-09-28 16:23:58", "elapsed": 749.644133, "delta": 2.879865}}
{"target": -35.17298330833546, "params": {"C": 4324.014920395046, "gamma": 0.05165024710964661}, "datetime": {"datetime": "2021-09-28 16:24:02", "elapsed": 753.134822, "delta": 3.490689}}
{"target": -35.02381167879355, "params": {"C": 4849.239703924782, "gamma": 0.0220577848582598}, "datetime": {"datetime": "2021-09-28 16:24:06", "elapsed": 757.818744, "delta": 4.683922}}
{"target": -35.25028343575188, "params": {"C": 4290.390033909839, "gamma": 0.05590806974139349}, "datetime": {"datetime": "2021-09-28 16:24:11", "elapsed": 762.594938, "delta": 4.776194}}
{"target": -35.55784236542202, "params": {"C": 4597.172149432651, "gamma": 0.07353386160109679}, "datetime": {"datetime": "2021-09-28 16:24:14", "elapsed": 765.128522, "delta": 2.533584}}
{"target": -34.962952507108675, "params": {"C": 4657.392486391833, "gamma": 0.036328462987420485}, "datetime": {"datetime": "2021-09-28 16:24:16", "elapsed": 767.777118, "delta": 2.648596}}
{"target": -35.1602820618016, "params": {"C": 4399.808229570837, "gamma": 0.05157414531199938}, "datetime": {"datetime": "2021-09-28 16:24:19", "elapsed": 770.465898, "delta": 2.68878}}
{"target": -34.92325259781302, "params": {"C": 4981.156827506091, "gamma": 0.03568931385089539}, "datetime": {"datetime": "2021-09-28 16:24:23", "elapsed": 774.4976, "delta": 4.031702}}
{"target": -36.24071269601652, "params": {"C": 4972.21875221313, "gamma": 0.003297659426484729}, "datetime": {"datetime": "2021-09-28 16:24:25", "elapsed": 776.831295, "delta": 2.333695}}
{"target": -34.98203139898962, "params": {"C": 4743.123725859473, "gamma": 0.04228237062755354}, "datetime": {"datetime": "2021-09-28 16:24:28", "elapsed": 779.985346, "delta": 3.154051}}
{"target": -35.12611435153439, "params": {"C": 4981.183527770652, "gamma": 0.05417348375962151}, "datetime": {"datetime": "2021-09-28 16:24:32", "elapsed": 783.419604, "delta": 3.434258}}
{"target": -35.030515385786416, "params": {"C": 4736.147390049609, "gamma": 0.046351166179688215}, "datetime": {"datetime": "2021-09-28 16:24:35", "elapsed": 786.722905, "delta": 3.303301}}
{"target": -35.40195464055682, "params": {"C": 4140.445763626128, "gamma": 0.06280223040060871}, "datetime": {"datetime": "2021-09-28 16:24:38", "elapsed": 789.976886, "delta": 3.253981}}
{"target": -35.103717429809514, "params": {"C": 4925.90522631509, "gamma": 0.05252116522374356}, "datetime": {"datetime": "2021-09-28 16:24:41", "elapsed": 792.930355, "delta": 2.953469}}
{"target": -35.3918461841083, "params": {"C": 4797.633663674544, "gamma": 0.06696326224667973}, "datetime": {"datetime": "2021-09-28 16:24:45", "elapsed": 796.615778, "delta": 3.685423}}
{"target": -34.98415284596737, "params": {"C": 4794.935527373747, "gamma": 0.02500001135803897}, "datetime": {"datetime": "2021-09-28 16:24:47", "elapsed": 798.700962, "delta": 2.085184}}
{"target": -35.50852554143227, "params": {"C": 4825.3894660836095, "gamma": 0.012411702940320683}, "datetime": {"datetime": "2021-09-28 16:24:49", "elapsed": 801.026174, "delta": 2.325212}}
{"target": -34.93145233128158, "params": {"C": 4981.133121471133, "gamma": 0.028641627753228174}, "datetime": {"datetime": "2021-09-28 16:24:53", "elapsed": 804.553233, "delta": 3.527059}}
{"target": -35.32214813776773, "params": {"C": 4363.261580529411, "gamma": 0.01578677074341536}, "datetime": {"datetime": "2021-09-28 16:24:56", "elapsed": 807.60963, "delta": 3.056397}}
{"target": -35.685334499850896, "params": {"C": 4584.284697093497, "gamma": 0.009883657414868293}, "datetime": {"datetime": "2021-09-28 16:25:01", "elapsed": 812.107575, "delta": 4.497945}}
{"target": -36.20022865317388, "params": {"C": 4733.127047883391, "gamma": 0.0037486062734451587}, "datetime": {"datetime": "2021-09-28 16:25:03", "elapsed": 814.315855, "delta": 2.20828}}
{"target": -35.20568257792166, "params": {"C": 4849.249191409535, "gamma": 0.057704544547383003}, "datetime": {"datetime": "2021-09-28 16:25:07", "elapsed": 818.343002, "delta": 4.027147}}
{"target": -35.152326611592976, "params": {"C": 4076.7210017578914, "gamma": 0.04756444764673031}, "datetime": {"datetime": "2021-09-28 16:25:09", "elapsed": 820.582882, "delta": 2.23988}}
{"target": -35.09667359741025, "params": {"C": 4978.156191739648, "gamma": 0.018813706980248916}, "datetime": {"datetime": "2021-09-28 16:25:13", "elapsed": 824.628187, "delta": 4.045305}}
{"target": -35.77900138623457, "params": {"C": 4978.287041500461, "gamma": 0.008433329841981517}, "datetime": {"datetime": "2021-09-28 16:25:19", "elapsed": 830.833011, "delta": 6.204824}}
{"target": -34.99488608074961, "params": {"C": 4448.514229729516, "gamma": 0.027897982037375254}, "datetime": {"datetime": "2021-09-28 16:25:21", "elapsed": 833.028451, "delta": 2.19544}}
{"target": -35.69232045422527, "params": {"C": 4087.2623270274967, "gamma": 0.009909242321653314}, "datetime": {"datetime": "2021-09-28 16:25:24", "elapsed": 835.596753, "delta": 2.568302}}
{"target": -35.14774853539207, "params": {"C": 4981.154942484555, "gamma": 0.017767766353840305}, "datetime": {"datetime": "2021-09-28 16:25:29", "elapsed": 840.308143, "delta": 4.71139}}
{"target": -36.20041161540784, "params": {"C": 4925.905297261624, "gamma": 0.003703196809397733}, "datetime": {"datetime": "2021-09-28 16:25:33", "elapsed": 844.801065, "delta": 4.492922}}
{"target": -36.2417473160431, "params": {"C": 4896.877950883184, "gamma": 0.003305387476882378}, "datetime": {"datetime": "2021-09-28 16:25:37", "elapsed": 848.720767, "delta": 3.919702}}
{"target": -35.10460247395457, "params": {"C": 4981.139988360744, "gamma": 0.05295974085603147}, "datetime": {"datetime": "2021-09-28 16:25:42", "elapsed": 853.378752, "delta": 4.657985}}
{"target": -34.92410846822585, "params": {"C": 4981.113308431565, "gamma": 0.03653260316744617}, "datetime": {"datetime": "2021-09-28 16:25:45", "elapsed": 856.953914, "delta": 3.575162}}
{"target": -35.02202753051053, "params": {"C": 4305.306165143786, "gamma": 0.03998310935689349}, "datetime": {"datetime": "2021-09-28 16:25:48", "elapsed": 859.908136, "delta": 2.954222}}
{"target": -34.93847318189348, "params": {"C": 4925.95035139784, "gamma": 0.02848023130350332}, "datetime": {"datetime": "2021-09-28 16:25:52", "elapsed": 863.308486, "delta": 3.40035}}
{"target": -34.989253626030056, "params": {"C": 4407.977287063456, "gamma": 0.030563127116603632}, "datetime": {"datetime": "2021-09-28 16:25:54", "elapsed": 865.925232, "delta": 2.616746}}
{"target": -35.59053200051669, "params": {"C": 4975.251074143896, "gamma": 0.01113735432642735}, "datetime": {"datetime": "2021-09-28 16:25:59", "elapsed": 870.337714, "delta": 4.412482}}
{"target": -35.00402563468847, "params": {"C": 4492.684241017244, "gamma": 0.041627628034248375}, "datetime": {"datetime": "2021-09-28 16:26:02", "elapsed": 873.510382, "delta": 3.172668}}
{"target": -35.02339728311827, "params": {"C": 4999.3130526183795, "gamma": 0.021248396332391895}, "datetime": {"datetime": "2021-09-28 16:26:05", "elapsed": 876.654234, "delta": 3.143852}}
{"target": -35.55143895424063, "params": {"C": 4823.811466235379, "gamma": 0.07413934175323174}, "datetime": {"datetime": "2021-09-28 16:26:08", "elapsed": 879.59346, "delta": 2.939226}}
{"target": -35.11386918421244, "params": {"C": 4413.265097176389, "gamma": 0.020387841598676775}, "datetime": {"datetime": "2021-09-28 16:26:12", "elapsed": 883.522417, "delta": 3.928957}}
{"target": -34.92439592631605, "params": {"C": 4975.2191317723245, "gamma": 0.0361693881536087}, "datetime": {"datetime": "2021-09-28 16:26:17", "elapsed": 888.251803, "delta": 4.729386}}
{"target": -35.04568909589854, "params": {"C": 4382.849576227707, "gamma": 0.04350181281924112}, "datetime": {"datetime": "2021-09-28 16:26:19", "elapsed": 890.804544, "delta": 2.552741}}
{"target": -35.00022737914442, "params": {"C": 4975.381868960311, "gamma": 0.04655309545942828}, "datetime": {"datetime": "2021-09-28 16:26:25", "elapsed": 896.856681, "delta": 6.052137}}
{"target": -35.20284897763671, "params": {"C": 4657.385994381139, "gamma": 0.056146306407155226}, "datetime": {"datetime": "2021-09-28 16:26:29", "elapsed": 900.577013, "delta": 3.720332}}
{"target": -34.991160611366425, "params": {"C": 4925.958046031779, "gamma": 0.04515193954824923}, "datetime": {"datetime": "2021-09-28 16:26:35", "elapsed": 906.593182, "delta": 6.016169}}
{"target": -35.304421466244044, "params": {"C": 4616.594199084507, "gamma": 0.06152410662905987}, "datetime": {"datetime": "2021-09-28 16:26:39", "elapsed": 910.954441, "delta": 4.361259}}
{"target": -34.92525903647704, "params": {"C": 4978.313974975199, "gamma": 0.03713178278179056}, "datetime": {"datetime": "2021-09-28 16:26:44", "elapsed": 915.215232, "delta": 4.260791}}
