{"target": 0.21801608552281893, "params": {"C": 230004.12130421802, "gamma": 0.2117846526616354}, "datetime": {"datetime": "2021-10-04 11:06:15", "elapsed": 126.857715, "delta": 1.024894}}
{"target": 0.25752974177606236, "params": {"C": 54729.6136252163, "gamma": 0.2171917451579612}, "datetime": {"datetime": "2021-10-04 11:06:17", "elapsed": 129.081427, "delta": 2.223712}}
{"target": 0.2671033771795356, "params": {"C": 116019.67059201392, "gamma": 0.059395399658886766}, "datetime": {"datetime": "2021-10-04 11:06:18", "elapsed": 130.339768, "delta": 1.258341}}
{"target": 0.22756090112732652, "params": {"C": 54631.775857603825, "gamma": 0.2871985530341765}, "datetime": {"datetime": "2021-10-04 11:06:19", "elapsed": 131.53036, "delta": 1.190592}}
{"target": 0.21401298870276397, "params": {"C": 202480.2629847733, "gamma": 0.12290701675104478}, "datetime": {"datetime": "2021-10-04 11:06:20", "elapsed": 132.505844, "delta": 0.975484}}
{"target": 0.27059429310883343, "params": {"C": 54662.762539579344, "gamma": 0.17459678288892339}, "datetime": {"datetime": "2021-10-04 11:06:21", "elapsed": 133.704222, "delta": 1.198378}}
{"target": 0.13769790289838946, "params": {"C": 94381.04811464006, "gamma": 0.005292998408821756}, "datetime": {"datetime": "2021-10-04 11:06:23", "elapsed": 135.102567, "delta": 1.398345}}
{"target": 0.2684249507696309, "params": {"C": 116953.05722965908, "gamma": 0.04898737032349487}, "datetime": {"datetime": "2021-10-04 11:06:24", "elapsed": 136.275742, "delta": 1.173175}}
{"target": 0.27855914549235516, "params": {"C": 54756.883837533394, "gamma": 0.0707405717787942}, "datetime": {"datetime": "2021-10-04 11:06:25", "elapsed": 137.699204, "delta": 1.423462}}
{"target": 0.18648602896463318, "params": {"C": 315118.1371304064, "gamma": 0.07715471756755624}, "datetime": {"datetime": "2021-10-04 11:06:27", "elapsed": 138.769088, "delta": 1.069884}}
{"target": 0.27791442054111304, "params": {"C": 54597.93438581596, "gamma": 0.13943191740350716}, "datetime": {"datetime": "2021-10-04 11:06:28", "elapsed": 140.293317, "delta": 1.524229}}
{"target": 0.20527568818611963, "params": {"C": 371001.12423746835, "gamma": 0.26656180758535597}, "datetime": {"datetime": "2021-10-04 11:06:29", "elapsed": 141.193031, "delta": 0.899714}}
{"target": 0.2716056322014694, "params": {"C": 95790.99507880272, "gamma": 0.06928756429581666}, "datetime": {"datetime": "2021-10-04 11:06:30", "elapsed": 142.28902, "delta": 1.095989}}
{"target": 0.2601386569825761, "params": {"C": 209672.1562275969, "gamma": 0.03132047912530857}, "datetime": {"datetime": "2021-10-04 11:06:31", "elapsed": 143.502415, "delta": 1.213395}}
{"target": 0.14173221572771022, "params": {"C": 436237.22148403624, "gamma": 0.07994623042335765}, "datetime": {"datetime": "2021-10-04 11:06:33", "elapsed": 144.754725, "delta": 1.25231}}
{"target": 0.26491723622401653, "params": {"C": 54694.908486908025, "gamma": 0.037510888405582046}, "datetime": {"datetime": "2021-10-04 11:06:34", "elapsed": 145.938733, "delta": 1.184008}}
{"target": 0.13586514907290148, "params": {"C": 436231.34327290603, "gamma": 0.13457312832931714}, "datetime": {"datetime": "2021-10-04 11:06:35", "elapsed": 147.219889, "delta": 1.281156}}
{"target": 0.20697938305967334, "params": {"C": 217929.72984352687, "gamma": 0.12654321662584153}, "datetime": {"datetime": "2021-10-04 11:06:36", "elapsed": 148.300851, "delta": 1.080962}}
{"target": 0.24553586260319926, "params": {"C": 125635.48938554748, "gamma": 0.22905882120817958}, "datetime": {"datetime": "2021-10-04 11:06:37", "elapsed": 149.37109, "delta": 1.070239}}
{"target": 0.22545223897871658, "params": {"C": 51248.45255172977, "gamma": 0.28635754339612673}, "datetime": {"datetime": "2021-10-04 11:06:38", "elapsed": 150.301223, "delta": 0.930133}}
{"target": 0.2801541833233535, "params": {"C": 54620.3707139892, "gamma": 0.08095441690136827}, "datetime": {"datetime": "2021-10-04 11:06:39", "elapsed": 151.412196, "delta": 1.110973}}
{"target": 0.24840778090612015, "params": {"C": 175076.9691358211, "gamma": 0.06214115315072326}, "datetime": {"datetime": "2021-10-04 11:06:40", "elapsed": 152.364285, "delta": 0.952089}}
{"target": 0.27154845636565506, "params": {"C": 54616.40339382591, "gamma": 0.048147741640541655}, "datetime": {"datetime": "2021-10-04 11:06:41", "elapsed": 153.327516, "delta": 0.963231}}
{"target": 0.24187780463972475, "params": {"C": 54757.79139157341, "gamma": 0.02217694841777956}, "datetime": {"datetime": "2021-10-04 11:06:42", "elapsed": 154.361199, "delta": 1.033683}}
{"target": 0.21786461412768154, "params": {"C": 207364.37061736244, "gamma": 0.17723238259498994}, "datetime": {"datetime": "2021-10-04 11:06:43", "elapsed": 155.281732, "delta": 0.920533}}
{"target": 0.25501899848064624, "params": {"C": 54633.50938785642, "gamma": 0.2239809895406103}, "datetime": {"datetime": "2021-10-04 11:06:44", "elapsed": 156.667288, "delta": 1.385556}}
{"target": 0.2782645874311448, "params": {"C": 61656.04515819636, "gamma": 0.12925695448387056}, "datetime": {"datetime": "2021-10-04 11:06:46", "elapsed": 157.994576, "delta": 1.327288}}
{"target": 0.1613809252215772, "params": {"C": 441113.4236566913, "gamma": 0.17602103967398355}, "datetime": {"datetime": "2021-10-04 11:06:47", "elapsed": 158.99763, "delta": 1.003054}}
{"target": 0.23309029520450986, "params": {"C": 50050.893285545215, "gamma": 0.2689088984735473}, "datetime": {"datetime": "2021-10-04 11:06:48", "elapsed": 160.415045, "delta": 1.417415}}
{"target": 0.2812298330947005, "params": {"C": 54737.361876131916, "gamma": 0.10459551078639272}, "datetime": {"datetime": "2021-10-04 11:06:49", "elapsed": 161.717745, "delta": 1.3027}}
{"target": 0.19899335736267065, "params": {"C": 236999.52957038835, "gamma": 0.11972207427387183}, "datetime": {"datetime": "2021-10-04 11:06:50", "elapsed": 162.589345, "delta": 0.8716}}
{"target": 0.2265817429481758, "params": {"C": 175072.56017874088, "gamma": 0.14851760248730667}, "datetime": {"datetime": "2021-10-04 11:06:51", "elapsed": 163.660001, "delta": 1.070656}}
{"target": 0.26666385146602045, "params": {"C": 116948.52214847245, "gamma": 0.0605391317973589}, "datetime": {"datetime": "2021-10-04 11:06:53", "elapsed": 164.80464, "delta": 1.144639}}
{"target": 0.25747717007972026, "params": {"C": 209675.01805836402, "gamma": 0.019948466756175932}, "datetime": {"datetime": "2021-10-04 11:06:54", "elapsed": 166.561858, "delta": 1.757218}}
{"target": 0.22802613198854427, "params": {"C": 196727.83747709222, "gamma": 0.23673163153737495}, "datetime": {"datetime": "2021-10-04 11:06:55", "elapsed": 167.628147, "delta": 1.066289}}
{"target": 0.2543006864956936, "params": {"C": 54656.71563950653, "gamma": 0.22591605149211544}, "datetime": {"datetime": "2021-10-04 11:06:57", "elapsed": 169.200893, "delta": 1.572746}}
{"target": 0.27017057931049115, "params": {"C": 94376.83610081658, "gamma": 0.09230523923329392}, "datetime": {"datetime": "2021-10-04 11:06:58", "elapsed": 170.489118, "delta": 1.288225}}
{"target": 0.19886192751010567, "params": {"C": 258471.21928380925, "gamma": 0.16683257768201792}, "datetime": {"datetime": "2021-10-04 11:06:59", "elapsed": 171.543973, "delta": 1.054855}}
{"target": 0.24777082486463897, "params": {"C": 116941.12810315294, "gamma": 0.2288744983086516}, "datetime": {"datetime": "2021-10-04 11:07:01", "elapsed": 173.061412, "delta": 1.517439}}
{"target": 0.25260553943922126, "params": {"C": 116910.22100447057, "gamma": 0.16748954295305096}, "datetime": {"datetime": "2021-10-04 11:07:02", "elapsed": 174.089313, "delta": 1.027901}}
{"target": 0.17554246427563802, "params": {"C": 297446.39795454853, "gamma": 0.10871631279610842}, "datetime": {"datetime": "2021-10-04 11:07:03", "elapsed": 175.041402, "delta": 0.952089}}
{"target": 0.20121336291078096, "params": {"C": 343543.72948908806, "gamma": 0.22904675272697572}, "datetime": {"datetime": "2021-10-04 11:07:04", "elapsed": 176.026721, "delta": 0.985319}}
{"target": 0.23550018135738293, "params": {"C": 116945.62232620464, "gamma": 0.28630202501113877}, "datetime": {"datetime": "2021-10-04 11:07:05", "elapsed": 177.136392, "delta": 1.109671}}
{"target": 0.2802551929296898, "params": {"C": 61661.2895790488, "gamma": 0.09059099538459577}, "datetime": {"datetime": "2021-10-04 11:07:06", "elapsed": 178.484032, "delta": 1.34764}}
{"target": 0.2298022601448898, "params": {"C": 170471.75466017722, "gamma": 0.2789001098322537}, "datetime": {"datetime": "2021-10-04 11:07:07", "elapsed": 179.433275, "delta": 0.949243}}
{"target": 0.2452854465980917, "params": {"C": 116009.27211682555, "gamma": 0.24549758954243592}, "datetime": {"datetime": "2021-10-04 11:07:08", "elapsed": 180.53315, "delta": 1.099875}}
{"target": 0.28035831674425504, "params": {"C": 61652.882477521205, "gamma": 0.09701953451981603}, "datetime": {"datetime": "2021-10-04 11:07:10", "elapsed": 181.89493, "delta": 1.36178}}
{"target": 0.2490989579965187, "params": {"C": 95791.6678183341, "gamma": 0.24465105660729553}, "datetime": {"datetime": "2021-10-04 11:07:11", "elapsed": 183.028508, "delta": 1.133578}}
{"target": 0.12255676937257842, "params": {"C": 94389.81040125868, "gamma": 0.004625845503718684}, "datetime": {"datetime": "2021-10-04 11:07:12", "elapsed": 184.358503, "delta": 1.329995}}
{"target": 0.2686075109504794, "params": {"C": 116906.20909883671, "gamma": 0.036158180004811497}, "datetime": {"datetime": "2021-10-04 11:07:14", "elapsed": 185.8543, "delta": 1.495797}}
{"target": 0.2220771520326037, "params": {"C": 209670.68692406805, "gamma": 0.29355193415461933}, "datetime": {"datetime": "2021-10-04 11:07:15", "elapsed": 187.505763, "delta": 1.651463}}
{"target": 0.22089448495810138, "params": {"C": 209676.23831503047, "gamma": 0.19777986356432736}, "datetime": {"datetime": "2021-10-04 11:07:17", "elapsed": 189.019963, "delta": 1.5142}}
{"target": 0.22967300550794345, "params": {"C": 54689.080237001486, "gamma": 0.018292110596669832}, "datetime": {"datetime": "2021-10-04 11:07:18", "elapsed": 190.509648, "delta": 1.489685}}
{"target": 0.24713966564189027, "params": {"C": 54618.341980552505, "gamma": 0.24393488622309445}, "datetime": {"datetime": "2021-10-04 11:07:19", "elapsed": 191.668959, "delta": 1.159311}}
{"target": 0.27390623813367176, "params": {"C": 61653.75632930114, "gamma": 0.05136958145918655}, "datetime": {"datetime": "2021-10-04 11:07:21", "elapsed": 193.17283, "delta": 1.503871}}
{"target": 0.2782593366068412, "params": {"C": 54646.58017951119, "gamma": 0.13718291971929422}, "datetime": {"datetime": "2021-10-04 11:07:22", "elapsed": 194.638544, "delta": 1.465714}}
{"target": 0.23156882023584213, "params": {"C": 54693.82855910365, "gamma": 0.2789257229551937}, "datetime": {"datetime": "2021-10-04 11:07:24", "elapsed": 195.880013, "delta": 1.241469}}
{"target": 0.25266522353837484, "params": {"C": 116020.77695079106, "gamma": 0.17440348034074693}, "datetime": {"datetime": "2021-10-04 11:07:25", "elapsed": 197.060326, "delta": 1.180313}}
{"target": 0.1887673055244271, "params": {"C": 455841.7201599298, "gamma": 0.23088579596302292}, "datetime": {"datetime": "2021-10-04 11:07:26", "elapsed": 197.973649, "delta": 0.913323}}
{"target": 0.2699302429364163, "params": {"C": 54609.66514477178, "gamma": 0.0449728390236802}, "datetime": {"datetime": "2021-10-04 11:07:27", "elapsed": 199.155154, "delta": 1.181505}}
{"target": 0.2666151140389268, "params": {"C": 50041.78296569655, "gamma": 0.18602324120259953}, "datetime": {"datetime": "2021-10-04 11:07:28", "elapsed": 200.242986, "delta": 1.087832}}
{"target": 0.24567388669692014, "params": {"C": 133799.35407463464, "gamma": 0.14337525028246567}, "datetime": {"datetime": "2021-10-04 11:07:30", "elapsed": 202.013286, "delta": 1.7703}}
{"target": 0.2286715525471179, "params": {"C": 54698.08395850365, "gamma": 0.2849931971686063}, "datetime": {"datetime": "2021-10-04 11:07:31", "elapsed": 203.066955, "delta": 1.053669}}
{"target": 0.25204099607575003, "params": {"C": 116920.71006992986, "gamma": 0.01924290441934849}, "datetime": {"datetime": "2021-10-04 11:07:32", "elapsed": 204.28957, "delta": 1.222615}}
{"target": 0.24820813143443243, "params": {"C": 130326.08106678363, "gamma": 0.13034700452305806}, "datetime": {"datetime": "2021-10-04 11:07:33", "elapsed": 205.314933, "delta": 1.025363}}
{"target": 0.23928912427870563, "params": {"C": 54586.47959442749, "gamma": 0.2620617492088326}, "datetime": {"datetime": "2021-10-04 11:07:35", "elapsed": 207.004572, "delta": 1.689639}}
{"target": 0.22772797689906565, "params": {"C": 116942.5385161894, "gamma": 0.012893732441696025}, "datetime": {"datetime": "2021-10-04 11:07:36", "elapsed": 208.243614, "delta": 1.239042}}
{"target": 0.23264137014399655, "params": {"C": 175185.35174494755, "gamma": 0.2426735320626009}, "datetime": {"datetime": "2021-10-04 11:07:37", "elapsed": 209.250543, "delta": 1.006929}}
{"target": 0.27542283211224794, "params": {"C": 50038.712564523186, "gamma": 0.1524759645771862}, "datetime": {"datetime": "2021-10-04 11:07:39", "elapsed": 211.136917, "delta": 1.886374}}
{"target": 0.18990846423037655, "params": {"C": 346240.4603052465, "gamma": 0.06510837388692725}, "datetime": {"datetime": "2021-10-04 11:07:40", "elapsed": 212.125931, "delta": 0.989014}}
{"target": 0.28043124084373794, "params": {"C": 54692.23626807362, "gamma": 0.08344874185433991}, "datetime": {"datetime": "2021-10-04 11:07:41", "elapsed": 213.570292, "delta": 1.444361}}
{"target": 0.28029237493164716, "params": {"C": 54609.056026880855, "gamma": 0.12072555856308978}, "datetime": {"datetime": "2021-10-04 11:07:43", "elapsed": 214.986547, "delta": 1.416255}}
{"target": 0.2522895299917488, "params": {"C": 94377.30724416167, "gamma": 0.02084369771863561}, "datetime": {"datetime": "2021-10-04 11:07:44", "elapsed": 216.419434, "delta": 1.432887}}
{"target": 0.2537852956792358, "params": {"C": 116936.73480525645, "gamma": 0.144294409113678}, "datetime": {"datetime": "2021-10-04 11:07:46", "elapsed": 218.542668, "delta": 2.123234}}
{"target": 0.24848570044938012, "params": {"C": 100013.10606772066, "gamma": 0.24444098515226462}, "datetime": {"datetime": "2021-10-04 11:07:47", "elapsed": 219.518702, "delta": 0.976034}}
{"target": 0.2275868271923489, "params": {"C": 54643.0988934786, "gamma": 0.28716085963857135}, "datetime": {"datetime": "2021-10-04 11:07:49", "elapsed": 220.869284, "delta": 1.350582}}
{"target": 0.24953597670123673, "params": {"C": 54697.13473245354, "gamma": 0.23816111252084865}, "datetime": {"datetime": "2021-10-04 11:07:50", "elapsed": 222.256195, "delta": 1.386911}}
{"target": 0.16887648864752747, "params": {"C": 323626.9521561803, "gamma": 0.09723704005208876}, "datetime": {"datetime": "2021-10-04 11:07:51", "elapsed": 223.25732, "delta": 1.001125}}
{"target": 0.24100950652108555, "params": {"C": 133798.08816524653, "gamma": 0.24905736645447796}, "datetime": {"datetime": "2021-10-04 11:07:52", "elapsed": 224.489869, "delta": 1.232549}}
{"target": 0.27938406953642403, "params": {"C": 54641.64208388589, "gamma": 0.12902964575898346}, "datetime": {"datetime": "2021-10-04 11:07:54", "elapsed": 225.81122, "delta": 1.321351}}
{"target": 0.24074809916848428, "params": {"C": 54603.072831315156, "gamma": 0.25880796870414874}, "datetime": {"datetime": "2021-10-04 11:07:55", "elapsed": 227.181851, "delta": 1.370631}}
{"target": 0.20972459021909662, "params": {"C": 331601.5610986824, "gamma": 0.2853434030777235}, "datetime": {"datetime": "2021-10-04 11:07:56", "elapsed": 228.413936, "delta": 1.232085}}
{"target": 0.2501630080948587, "params": {"C": 54591.00121088499, "gamma": 0.23649139521566734}, "datetime": {"datetime": "2021-10-04 11:07:58", "elapsed": 229.987076, "delta": 1.57314}}
{"target": 0.16905028834331282, "params": {"C": 467056.99178264913, "gamma": 0.05685331695176833}, "datetime": {"datetime": "2021-10-04 11:07:59", "elapsed": 231.085984, "delta": 1.098908}}
{"target": 0.2804671102769045, "params": {"C": 54708.51192774441, "gamma": 0.08380476162847371}, "datetime": {"datetime": "2021-10-04 11:08:00", "elapsed": 232.364577, "delta": 1.278593}}
{"target": 0.23225819728526054, "params": {"C": 54756.11206127099, "gamma": 0.2775502214466381}, "datetime": {"datetime": "2021-10-04 11:08:02", "elapsed": 233.802588, "delta": 1.438011}}
{"target": 0.1805272503628499, "params": {"C": 54703.74697746477, "gamma": 0.010018855293144054}, "datetime": {"datetime": "2021-10-04 11:08:03", "elapsed": 235.160354, "delta": 1.357766}}
{"target": 0.23472949294158751, "params": {"C": 166337.2376116818, "gamma": 0.2397448524305245}, "datetime": {"datetime": "2021-10-04 11:08:04", "elapsed": 236.246047, "delta": 1.085693}}
{"target": 0.20666771027502362, "params": {"C": 224757.61569315055, "gamma": 0.10592389507964024}, "datetime": {"datetime": "2021-10-04 11:08:05", "elapsed": 237.361445, "delta": 1.115398}}
{"target": 0.26188960017039176, "params": {"C": 166933.40454943827, "gamma": 0.023705206005652537}, "datetime": {"datetime": "2021-10-04 11:08:06", "elapsed": 238.433522, "delta": 1.072077}}
{"target": 0.27891953233793365, "params": {"C": 61654.35571679902, "gamma": 0.12329483503277405}, "datetime": {"datetime": "2021-10-04 11:08:08", "elapsed": 239.857162, "delta": 1.42364}}
{"target": 0.28040816839926785, "params": {"C": 54695.475113137465, "gamma": 0.1193615745165402}, "datetime": {"datetime": "2021-10-04 11:08:09", "elapsed": 241.14198, "delta": 1.284818}}
{"target": 0.28108169998552346, "params": {"C": 54632.71340632413, "gamma": 0.10935019626919615}, "datetime": {"datetime": "2021-10-04 11:08:10", "elapsed": 242.510482, "delta": 1.368502}}
{"target": 0.21620181183562126, "params": {"C": 256799.97043828425, "gamma": 0.23583788087048713}, "datetime": {"datetime": "2021-10-04 11:08:11", "elapsed": 243.616047, "delta": 1.105565}}
{"target": 0.26588610585187333, "params": {"C": 95790.53982270815, "gamma": 0.1241003908818472}, "datetime": {"datetime": "2021-10-04 11:08:13", "elapsed": 245.26441, "delta": 1.648363}}
{"target": 0.27975962923652375, "params": {"C": 61660.66042260295, "gamma": 0.08184761872941784}, "datetime": {"datetime": "2021-10-04 11:08:14", "elapsed": 246.578155, "delta": 1.313745}}
{"target": 0.1978774925168374, "params": {"C": 463479.145080764, "gamma": 0.26670837679584813}, "datetime": {"datetime": "2021-10-04 11:08:15", "elapsed": 247.71769, "delta": 1.139535}}
{"target": 0.26796889558616566, "params": {"C": 54599.90964851077, "gamma": 0.04169957860370428}, "datetime": {"datetime": "2021-10-04 11:08:17", "elapsed": 248.999515, "delta": 1.281825}}
{"target": 0.2672826935894299, "params": {"C": 54754.29825490724, "gamma": 0.1868941318923513}, "datetime": {"datetime": "2021-10-04 11:08:18", "elapsed": 250.281864, "delta": 1.282349}}
{"target": 0.2687248789243847, "params": {"C": 116932.0774237513, "gamma": 0.036937209846539615}, "datetime": {"datetime": "2021-10-04 11:08:20", "elapsed": 252.010836, "delta": 1.728972}}
{"target": 0.23764207235322077, "params": {"C": 54598.37784374269, "gamma": 0.26572472628450844}, "datetime": {"datetime": "2021-10-04 11:08:21", "elapsed": 253.398777, "delta": 1.387941}}
{"target": 0.23772814906202633, "params": {"C": 154225.7878234795, "gamma": 0.23658383447970666}, "datetime": {"datetime": "2021-10-04 11:08:22", "elapsed": 254.501166, "delta": 1.102389}}
{"target": 0.27894041531426483, "params": {"C": 54612.64418902666, "gamma": 0.07281239631070989}, "datetime": {"datetime": "2021-10-04 11:08:24", "elapsed": 256.072318, "delta": 1.571152}}
{"target": 0.263328566195587, "params": {"C": 116947.60050904177, "gamma": 0.0784508141208123}, "datetime": {"datetime": "2021-10-04 11:08:25", "elapsed": 257.570749, "delta": 1.498431}}
{"target": 0.2638016777741049, "params": {"C": 54674.57541719094, "gamma": 0.1984759804448068}, "datetime": {"datetime": "2021-10-04 11:08:28", "elapsed": 259.883174, "delta": 2.312425}}
{"target": 0.2448345136785458, "params": {"C": 236908.3650552932, "gamma": 0.0445854453483204}, "datetime": {"datetime": "2021-10-04 11:08:29", "elapsed": 261.006841, "delta": 1.123667}}
{"target": 0.2799261833437202, "params": {"C": 54676.06679765636, "gamma": 0.07914987732805344}, "datetime": {"datetime": "2021-10-04 11:08:30", "elapsed": 262.697621, "delta": 1.69078}}
{"target": 0.23502640202564606, "params": {"C": 54737.67061513838, "gamma": 0.27160297411891293}, "datetime": {"datetime": "2021-10-04 11:08:33", "elapsed": 264.994313, "delta": 2.296692}}
{"target": 0.2521308963669231, "params": {"C": 116929.48543937936, "gamma": 0.17784028884947237}, "datetime": {"datetime": "2021-10-04 11:08:34", "elapsed": 266.375872, "delta": 1.381559}}
{"target": 0.25547735395461413, "params": {"C": 54608.59934135451, "gamma": 0.22272630370338048}, "datetime": {"datetime": "2021-10-04 11:08:37", "elapsed": 268.776229, "delta": 2.400357}}
{"target": 0.2347207440461212, "params": {"C": 166934.33156311853, "gamma": 0.23664323090654057}, "datetime": {"datetime": "2021-10-04 11:08:39", "elapsed": 270.815369, "delta": 2.03914}}
{"target": 0.20910603027221408, "params": {"C": 229657.7789409242, "gamma": 0.17085440845593702}, "datetime": {"datetime": "2021-10-04 11:08:40", "elapsed": 272.012359, "delta": 1.19699}}
{"target": 0.273690536313163, "params": {"C": 50054.76749593346, "gamma": 0.16017602051495278}, "datetime": {"datetime": "2021-10-04 11:08:41", "elapsed": 273.492306, "delta": 1.479947}}
{"target": 0.242107579778704, "params": {"C": 130328.89008607557, "gamma": 0.24661972350513353}, "datetime": {"datetime": "2021-10-04 11:08:43", "elapsed": 275.281341, "delta": 1.789035}}
{"target": 0.24863401411286679, "params": {"C": 116931.55501060875, "gamma": 0.22231563494509088}, "datetime": {"datetime": "2021-10-04 11:08:45", "elapsed": 276.770402, "delta": 1.489061}}
{"target": 0.14552713006426699, "params": {"C": 456800.4889299684, "gamma": 0.1569967996401619}, "datetime": {"datetime": "2021-10-04 11:08:46", "elapsed": 277.882096, "delta": 1.111694}}
