{"target": -37.341324965558925, "params": {"C": 588.2800830423986, "gamma": 0.009346112909799972}, "datetime": {"datetime": "2021-09-28 12:34:21", "elapsed": 19.105566, "delta": 0.382999}}
{"target": -37.66915558426215, "params": {"C": 533.9106355531776, "gamma": 0.05070328278550565}, "datetime": {"datetime": "2021-09-28 12:34:22", "elapsed": 19.464568, "delta": 0.359002}}
{"target": -38.12180488458088, "params": {"C": 588.268596320992, "gamma": 0.07475153984313626}, "datetime": {"datetime": "2021-09-28 12:34:22", "elapsed": 20.100009, "delta": 0.635441}}
{"target": -38.530025357190375, "params": {"C": 425.864018184582, "gamma": 0.06754649937525423}, "datetime": {"datetime": "2021-09-28 12:34:23", "elapsed": 20.554856, "delta": 0.454847}}
{"target": -39.068976252030446, "params": {"C": 399.6934396703631, "gamma": 0.08335594376256268}, "datetime": {"datetime": "2021-09-28 12:34:23", "elapsed": 21.019866, "delta": 0.46501}}
{"target": -37.56279213868865, "params": {"C": 553.127938564629, "gamma": 0.04885227272414596}, "datetime": {"datetime": "2021-09-28 12:34:24", "elapsed": 21.478853, "delta": 0.458987}}
{"target": -37.107948436932595, "params": {"C": 557.9704327096938, "gamma": 0.01720144398832006}, "datetime": {"datetime": "2021-09-28 12:34:24", "elapsed": 21.892858, "delta": 0.414005}}
{"target": -38.5109623069957, "params": {"C": 557.9603307673061, "gamma": 0.08511657284226722}, "datetime": {"datetime": "2021-09-28 12:34:25", "elapsed": 22.437305, "delta": 0.544447}}
{"target": -37.08664085533557, "params": {"C": 588.2031097202869, "gamma": 0.013972071662928735}, "datetime": {"datetime": "2021-09-28 12:34:25", "elapsed": 22.988316, "delta": 0.551011}}
{"target": -38.26416372589743, "params": {"C": 566.1512378613006, "gamma": 0.0771503623686596}, "datetime": {"datetime": "2021-09-28 12:34:26", "elapsed": 23.499303, "delta": 0.510987}}
{"target": -38.432491704521745, "params": {"C": 553.2154338459193, "gamma": 0.08161797238639289}, "datetime": {"datetime": "2021-09-28 12:34:26", "elapsed": 23.952303, "delta": 0.453}}
{"target": -37.60488232169494, "params": {"C": 560.794695622411, "gamma": 0.051859559866638205}, "datetime": {"datetime": "2021-09-28 12:34:27", "elapsed": 24.422487, "delta": 0.470184}}
{"target": -38.71106231829924, "params": {"C": 560.8798507990412, "gamma": 0.09326175852538486}, "datetime": {"datetime": "2021-09-28 12:34:27", "elapsed": 24.930485, "delta": 0.507998}}
{"target": -37.08858777475912, "params": {"C": 566.2600188183721, "gamma": 0.026619697969729926}, "datetime": {"datetime": "2021-09-28 12:34:28", "elapsed": 25.426488, "delta": 0.496003}}
{"target": -38.46663152119261, "params": {"C": 280.01596686077175, "gamma": 0.015193003184068878}, "datetime": {"datetime": "2021-09-28 12:34:28", "elapsed": 25.878488, "delta": 0.452}}
{"target": -38.80683149855571, "params": {"C": 566.2648812298904, "gamma": 0.09789018979109299}, "datetime": {"datetime": "2021-09-28 12:34:29", "elapsed": 26.700663, "delta": 0.822175}}
{"target": -39.2872197026924, "params": {"C": 343.09103140981074, "gamma": 0.08131310658146693}, "datetime": {"datetime": "2021-09-28 12:34:29", "elapsed": 27.24164, "delta": 0.540977}}
{"target": -39.18325593172032, "params": {"C": 492.40868627115435, "gamma": 0.1036529519184572}, "datetime": {"datetime": "2021-09-28 12:34:30", "elapsed": 27.86134, "delta": 0.6197}}
{"target": -38.69917872364157, "params": {"C": 533.9954729879687, "gamma": 0.08924096675545608}, "datetime": {"datetime": "2021-09-28 12:34:31", "elapsed": 28.576892, "delta": 0.715552}}
{"target": -38.37801411580215, "params": {"C": 492.4831103177497, "gamma": 0.005125734948477954}, "datetime": {"datetime": "2021-09-28 12:34:31", "elapsed": 29.154897, "delta": 0.578005}}
{"target": -37.78800098216147, "params": {"C": 588.1911551575579, "gamma": 0.06299253959312177}, "datetime": {"datetime": "2021-09-28 12:34:32", "elapsed": 29.655905, "delta": 0.501008}}
{"target": -38.58315113490595, "params": {"C": 553.0872106722456, "gamma": 0.003841616721337073}, "datetime": {"datetime": "2021-09-28 12:34:32", "elapsed": 30.181892, "delta": 0.525987}}
{"target": -38.32147162576401, "params": {"C": 492.3611786726622, "gamma": 0.005340191075929493}, "datetime": {"datetime": "2021-09-28 12:34:33", "elapsed": 30.712791, "delta": 0.530899}}
{"target": -37.0548416055569, "params": {"C": 566.2050621378655, "gamma": 0.021411952555667472}, "datetime": {"datetime": "2021-09-28 12:34:33", "elapsed": 31.235787, "delta": 0.522996}}
{"target": -38.45628349623915, "params": {"C": 558.0001625723872, "gamma": 0.004143080466729339}, "datetime": {"datetime": "2021-09-28 12:34:34", "elapsed": 31.799787, "delta": 0.564}}
{"target": -37.93377760006702, "params": {"C": 558.0457235253201, "gamma": 0.06481880096838102}, "datetime": {"datetime": "2021-09-28 12:34:35", "elapsed": 32.325494, "delta": 0.525707}}
{"target": -37.09502651823006, "params": {"C": 553.4530200037498, "gamma": 0.022396780702676315}, "datetime": {"datetime": "2021-09-28 12:34:35", "elapsed": 32.758665, "delta": 0.433171}}
{"target": -37.154703310413446, "params": {"C": 557.9255563548165, "gamma": 0.029447941732977344}, "datetime": {"datetime": "2021-09-28 12:34:36", "elapsed": 33.32266, "delta": 0.563995}}
{"target": -37.730336698237906, "params": {"C": 553.4918320616927, "gamma": 0.0071123986068364125}, "datetime": {"datetime": "2021-09-28 12:34:36", "elapsed": 33.843662, "delta": 0.521002}}
{"target": -38.093317688862186, "params": {"C": 360.40406891118454, "gamma": 0.03663165319461755}, "datetime": {"datetime": "2021-09-28 12:34:36", "elapsed": 34.264663, "delta": 0.421001}}
{"target": -38.901859294735914, "params": {"C": 566.2936436330035, "gamma": 0.003}, "datetime": {"datetime": "2021-09-28 12:34:37", "elapsed": 34.85485, "delta": 0.590187}}
{"target": -39.34994002686854, "params": {"C": 542.6281353592399, "gamma": 0.11956280365612713}, "datetime": {"datetime": "2021-09-28 12:34:38", "elapsed": 35.408854, "delta": 0.554004}}
{"target": -38.91008774422083, "params": {"C": 216.24076807749805, "gamma": 0.017949523516711943}, "datetime": {"datetime": "2021-09-28 12:34:38", "elapsed": 35.889856, "delta": 0.481002}}
{"target": -37.33828450365084, "params": {"C": 558.0011799916663, "gamma": 0.039313554572390365}, "datetime": {"datetime": "2021-09-28 12:34:39", "elapsed": 36.598092, "delta": 0.708236}}
{"target": -37.82311391772426, "params": {"C": 553.4278957639364, "gamma": 0.060274408760914146}, "datetime": {"datetime": "2021-09-28 12:34:40", "elapsed": 37.320721, "delta": 0.722629}}
{"target": -37.500130172108, "params": {"C": 557.9442859080788, "gamma": 0.008641031437271752}, "datetime": {"datetime": "2021-09-28 12:34:40", "elapsed": 37.941721, "delta": 0.621}}
{"target": -37.16045590343969, "params": {"C": 588.2282638942526, "gamma": 0.01204973668993347}, "datetime": {"datetime": "2021-09-28 12:34:41", "elapsed": 38.505923, "delta": 0.564202}}
{"target": -37.40627803709854, "params": {"C": 505.515469618003, "gamma": 0.03353752148487633}, "datetime": {"datetime": "2021-09-28 12:34:41", "elapsed": 39.046917, "delta": 0.540994}}
{"target": -39.733194188018565, "params": {"C": 353.4262843127651, "gamma": 0.10433651315263653}, "datetime": {"datetime": "2021-09-28 12:34:42", "elapsed": 39.573915, "delta": 0.526998}}
{"target": -37.15916459078239, "params": {"C": 588.1586009644534, "gamma": 0.01208186035234194}, "datetime": {"datetime": "2021-09-28 12:34:42", "elapsed": 40.258915, "delta": 0.685}}
{"target": -37.83204965875463, "params": {"C": 566.2217037280411, "gamma": 0.06211445307781559}, "datetime": {"datetime": "2021-09-28 12:34:43", "elapsed": 40.990653, "delta": 0.731738}}
{"target": -37.668552209088915, "params": {"C": 557.8796233340872, "gamma": 0.054271317368251186}, "datetime": {"datetime": "2021-09-28 12:34:44", "elapsed": 41.79565, "delta": 0.804997}}
{"target": -38.26262185007436, "params": {"C": 553.4345561384417, "gamma": 0.004781241695994399}, "datetime": {"datetime": "2021-09-28 12:34:45", "elapsed": 42.431851, "delta": 0.636201}}
{"target": -37.5534102106793, "params": {"C": 553.4876274360729, "gamma": 0.04848611134591156}, "datetime": {"datetime": "2021-09-28 12:34:45", "elapsed": 43.065853, "delta": 0.634002}}
{"target": -39.86661190472969, "params": {"C": 234.31648345471615, "gamma": 0.005563135663352292}, "datetime": {"datetime": "2021-09-28 12:34:46", "elapsed": 43.737851, "delta": 0.671998}}
{"target": -37.29832215864896, "params": {"C": 588.0793925182074, "gamma": 0.04180292599870382}, "datetime": {"datetime": "2021-09-28 12:34:47", "elapsed": 44.545424, "delta": 0.807573}}
{"target": -37.26311481285048, "params": {"C": 588.1222815515846, "gamma": 0.04017422805713779}, "datetime": {"datetime": "2021-09-28 12:34:47", "elapsed": 45.215413, "delta": 0.669989}}
{"target": -38.329601386652584, "params": {"C": 588.0985138444496, "gamma": 0.08205904189247545}, "datetime": {"datetime": "2021-09-28 12:34:48", "elapsed": 46.05641, "delta": 0.840997}}
{"target": -38.052665920535695, "params": {"C": 505.5518831894192, "gamma": 0.06272579373991659}, "datetime": {"datetime": "2021-09-28 12:34:49", "elapsed": 46.836053, "delta": 0.779643}}
{"target": -38.64720766393986, "params": {"C": 505.4706883453685, "gamma": 0.0833684253243603}, "datetime": {"datetime": "2021-09-28 12:34:50", "elapsed": 47.65975, "delta": 0.823697}}
{"target": -38.608584349700045, "params": {"C": 553.2263745025916, "gamma": 0.0037744497488472403}, "datetime": {"datetime": "2021-09-28 12:34:51", "elapsed": 48.337744, "delta": 0.677994}}
{"target": -37.352654809005124, "params": {"C": 496.0243075151237, "gamma": 0.028102292168432873}, "datetime": {"datetime": "2021-09-28 12:34:51", "elapsed": 48.981274, "delta": 0.64353}}
{"target": -37.29440463619504, "params": {"C": 495.97999237576164, "gamma": 0.0212573113657678}, "datetime": {"datetime": "2021-09-28 12:34:52", "elapsed": 49.712276, "delta": 0.731002}}
{"target": -38.493248421326236, "params": {"C": 505.55838382682026, "gamma": 0.00456676200412041}, "datetime": {"datetime": "2021-09-28 12:34:53", "elapsed": 50.574649, "delta": 0.862373}}
{"target": -37.081909650362675, "params": {"C": 586.1591784240259, "gamma": 0.03059474497170921}, "datetime": {"datetime": "2021-09-28 12:34:53", "elapsed": 51.236649, "delta": 0.662}}
{"target": -37.197249107983446, "params": {"C": 586.2275922014487, "gamma": 0.0367705024574603}, "datetime": {"datetime": "2021-09-28 12:34:54", "elapsed": 52.029651, "delta": 0.793002}}
{"target": -38.38524280139784, "params": {"C": 581.2033540997136, "gamma": 0.0832796656893185}, "datetime": {"datetime": "2021-09-28 12:34:55", "elapsed": 52.789562, "delta": 0.759911}}
{"target": -37.69550430416045, "params": {"C": 586.1725084288548, "gamma": 0.059212758109154724}, "datetime": {"datetime": "2021-09-28 12:34:56", "elapsed": 53.557562, "delta": 0.768}}
{"target": -37.86279655674626, "params": {"C": 558.067020698661, "gamma": 0.0062902579492309305}, "datetime": {"datetime": "2021-09-28 12:34:57", "elapsed": 54.515116, "delta": 0.957554}}
{"target": -38.44310975813524, "params": {"C": 336.9676193588853, "gamma": 0.04680297424454933}, "datetime": {"datetime": "2021-09-28 12:34:57", "elapsed": 55.233113, "delta": 0.717997}}
{"target": -38.7386808891445, "params": {"C": 412.8372750043368, "gamma": 0.07296220505000599}, "datetime": {"datetime": "2021-09-28 12:34:58", "elapsed": 55.994116, "delta": 0.761003}}
{"target": -37.00058666320286, "params": {"C": 586.1940900573625, "gamma": 0.019488386200969095}, "datetime": {"datetime": "2021-09-28 12:34:59", "elapsed": 56.731489, "delta": 0.737373}}
{"target": -39.636940405023786, "params": {"C": 413.11190554963343, "gamma": 0.111842247307213}, "datetime": {"datetime": "2021-09-28 12:35:00", "elapsed": 57.470374, "delta": 0.738885}}
{"target": -38.351478589029995, "params": {"C": 382.4052042722425, "gamma": 0.05331720927280254}, "datetime": {"datetime": "2021-09-28 12:35:00", "elapsed": 58.29237, "delta": 0.821996}}
{"target": -38.876144583042176, "params": {"C": 495.97243215820714, "gamma": 0.0909858449027457}, "datetime": {"datetime": "2021-09-28 12:35:01", "elapsed": 58.94757, "delta": 0.6552}}
{"target": -38.629386288897884, "params": {"C": 560.7764774759987, "gamma": 0.0036621574276441272}, "datetime": {"datetime": "2021-09-28 12:35:02", "elapsed": 59.723572, "delta": 0.776002}}
{"target": -37.15056098472267, "params": {"C": 586.1226585877296, "gamma": 0.012407684230076963}, "datetime": {"datetime": "2021-09-28 12:35:03", "elapsed": 60.813248, "delta": 1.089676}}
{"target": -40.527967836204255, "params": {"C": 254.15022580122454, "gamma": 0.11995840965141488}, "datetime": {"datetime": "2021-09-28 12:35:04", "elapsed": 61.582247, "delta": 0.768999}}
{"target": -37.96650066226731, "params": {"C": 496.0769755392969, "gamma": 0.00688255364985659}, "datetime": {"datetime": "2021-09-28 12:35:05", "elapsed": 62.502411, "delta": 0.920164}}
{"target": -37.32976396081721, "params": {"C": 560.9072675322875, "gamma": 0.010493193767704505}, "datetime": {"datetime": "2021-09-28 12:35:06", "elapsed": 63.520099, "delta": 1.017688}}
{"target": -37.884352367761146, "params": {"C": 407.50583950315337, "gamma": 0.037770988101495734}, "datetime": {"datetime": "2021-09-28 12:35:06", "elapsed": 64.2261, "delta": 0.706001}}
{"target": -38.67053998725872, "params": {"C": 511.7647677717515, "gamma": 0.08511971220500023}, "datetime": {"datetime": "2021-09-28 12:35:07", "elapsed": 64.832422, "delta": 0.606322}}
{"target": -37.57228077998081, "params": {"C": 586.0611139317314, "gamma": 0.05394226572366609}, "datetime": {"datetime": "2021-09-28 12:35:08", "elapsed": 65.753421, "delta": 0.920999}}
{"target": -37.2582470865961, "params": {"C": 586.0677154099867, "gamma": 0.010410748533573445}, "datetime": {"datetime": "2021-09-28 12:35:09", "elapsed": 66.429418, "delta": 0.675997}}
{"target": -37.00597765838033, "params": {"C": 588.0171994948511, "gamma": 0.018129864434829973}, "datetime": {"datetime": "2021-09-28 12:35:09", "elapsed": 67.232903, "delta": 0.803485}}
{"target": -39.460695871457006, "params": {"C": 243.73439504678532, "gamma": 0.06317573533358554}, "datetime": {"datetime": "2021-09-28 12:35:10", "elapsed": 67.960611, "delta": 0.727708}}
{"target": -37.839120500051195, "params": {"C": 588.0057301143856, "gamma": 0.0648378993520924}, "datetime": {"datetime": "2021-09-28 12:35:11", "elapsed": 68.780235, "delta": 0.819624}}
{"target": -38.24386295163426, "params": {"C": 586.2422049348916, "gamma": 0.004502177451726009}, "datetime": {"datetime": "2021-09-28 12:35:12", "elapsed": 69.828222, "delta": 1.047987}}
{"target": -37.36048187250546, "params": {"C": 560.9559430509198, "gamma": 0.040824979566842196}, "datetime": {"datetime": "2021-09-28 12:35:13", "elapsed": 70.750983, "delta": 0.922761}}
{"target": -37.65334335093808, "params": {"C": 561.0068696923953, "gamma": 0.05405044521939404}, "datetime": {"datetime": "2021-09-28 12:35:14", "elapsed": 71.72998, "delta": 0.978997}}
{"target": -37.709621597186704, "params": {"C": 586.2663357467673, "gamma": 0.059809000570742725}, "datetime": {"datetime": "2021-09-28 12:35:15", "elapsed": 72.76459, "delta": 1.03461}}
{"target": -38.1340973888476, "params": {"C": 588.0892068267822, "gamma": 0.004834308581762258}, "datetime": {"datetime": "2021-09-28 12:35:16", "elapsed": 73.707588, "delta": 0.942998}}
{"target": -37.862642880936264, "params": {"C": 586.1006949356548, "gamma": 0.06543389380216745}, "datetime": {"datetime": "2021-09-28 12:35:17", "elapsed": 74.413592, "delta": 0.706004}}
{"target": -37.186947882374206, "params": {"C": 560.9849486813027, "gamma": 0.013427456957215506}, "datetime": {"datetime": "2021-09-28 12:35:17", "elapsed": 75.273796, "delta": 0.860204}}
{"target": -38.33685979901357, "params": {"C": 587.9719107203878, "gamma": 0.00421505258145922}, "datetime": {"datetime": "2021-09-28 12:35:18", "elapsed": 76.198798, "delta": 0.925002}}
{"target": -37.91226880920636, "params": {"C": 495.9186656774593, "gamma": 0.007183941242621169}, "datetime": {"datetime": "2021-09-28 12:35:19", "elapsed": 77.285454, "delta": 1.086656}}
{"target": -38.30669340984785, "params": {"C": 440.00549750200565, "gamma": 0.061935068830144}, "datetime": {"datetime": "2021-09-28 12:35:20", "elapsed": 78.287145, "delta": 1.001691}}
{"target": -37.017567752713234, "params": {"C": 586.0204044167434, "gamma": 0.01761877090283759}, "datetime": {"datetime": "2021-09-28 12:35:22", "elapsed": 79.390156, "delta": 1.103011}}
{"target": -37.818774230264715, "params": {"C": 585.9817025263395, "gamma": 0.06389522324732685}, "datetime": {"datetime": "2021-09-28 12:35:23", "elapsed": 80.697925, "delta": 1.307769}}
{"target": -38.789704626352076, "params": {"C": 560.7591638160659, "gamma": 0.09645064073885698}, "datetime": {"datetime": "2021-09-28 12:35:24", "elapsed": 81.778919, "delta": 1.080994}}
{"target": -38.99201445175727, "params": {"C": 586.2377251714752, "gamma": 0.10862077227926796}, "datetime": {"datetime": "2021-09-28 12:35:25", "elapsed": 82.674507, "delta": 0.895588}}
{"target": -37.53698740010965, "params": {"C": 439.89163000995643, "gamma": 0.024702736815329945}, "datetime": {"datetime": "2021-09-28 12:35:26", "elapsed": 83.828496, "delta": 1.153989}}
{"target": -39.026675408903316, "params": {"C": 439.9018808844837, "gamma": 0.0884638565609276}, "datetime": {"datetime": "2021-09-28 12:35:27", "elapsed": 84.94672, "delta": 1.118224}}
{"target": -37.099589293658276, "params": {"C": 566.1211466035049, "gamma": 0.01615856023662405}, "datetime": {"datetime": "2021-09-28 12:35:28", "elapsed": 85.89072, "delta": 0.944}}
{"target": -38.58284366228026, "params": {"C": 503.9227003348476, "gamma": 0.08074973177225094}, "datetime": {"datetime": "2021-09-28 12:35:29", "elapsed": 86.562718, "delta": 0.671998}}
{"target": -37.71696570167911, "params": {"C": 561.0417558375536, "gamma": 0.007053306282969531}, "datetime": {"datetime": "2021-09-28 12:35:30", "elapsed": 88.032729, "delta": 1.470011}}
{"target": -37.94712863376234, "params": {"C": 399.3176632120816, "gamma": 0.010868691172955112}, "datetime": {"datetime": "2021-09-28 12:35:32", "elapsed": 89.400134, "delta": 1.367405}}
{"target": -37.12710769036746, "params": {"C": 566.0695176169685, "gamma": 0.029389649225607987}, "datetime": {"datetime": "2021-09-28 12:35:33", "elapsed": 90.417132, "delta": 1.016998}}
{"target": -38.348931523166755, "params": {"C": 566.0525372325094, "gamma": 0.08015224388554816}, "datetime": {"datetime": "2021-09-28 12:35:34", "elapsed": 91.566707, "delta": 1.149575}}
{"target": -36.995325698409346, "params": {"C": 585.9669615174832, "gamma": 0.021523082050444554}, "datetime": {"datetime": "2021-09-28 12:35:35", "elapsed": 92.459757, "delta": 0.89305}}
{"target": -37.302722008217856, "params": {"C": 527.0522085104722, "gamma": 0.03206341431401091}, "datetime": {"datetime": "2021-09-28 12:35:36", "elapsed": 93.395799, "delta": 0.936042}}
{"target": -37.53834014719885, "params": {"C": 527.1420667638336, "gamma": 0.043750911412807555}, "datetime": {"datetime": "2021-09-28 12:35:37", "elapsed": 94.302806, "delta": 0.907007}}
{"target": -37.012877200596826, "params": {"C": 585.8955310742276, "gamma": 0.018066548053105064}, "datetime": {"datetime": "2021-09-28 12:35:38", "elapsed": 95.419367, "delta": 1.116561}}
{"target": -38.4748349500075, "params": {"C": 527.0772553994315, "gamma": 0.07985676466166945}, "datetime": {"datetime": "2021-09-28 12:35:39", "elapsed": 96.471366, "delta": 1.051999}}
{"target": -37.68453704681652, "params": {"C": 585.9140877243634, "gamma": 0.0587276630596231}, "datetime": {"datetime": "2021-09-28 12:35:40", "elapsed": 97.636388, "delta": 1.165022}}
{"target": -38.39013108428717, "params": {"C": 542.4369004893707, "gamma": 0.07874573282748806}, "datetime": {"datetime": "2021-09-28 12:35:41", "elapsed": 98.535386, "delta": 0.898998}}
{"target": -37.1020973034997, "params": {"C": 585.858407015563, "gamma": 0.031744240225700354}, "datetime": {"datetime": "2021-09-28 12:35:42", "elapsed": 99.419139, "delta": 0.883753}}
{"target": -37.472361604537305, "params": {"C": 527.1975141673969, "gamma": 0.04070298956415952}, "datetime": {"datetime": "2021-09-28 12:35:43", "elapsed": 100.408139, "delta": 0.989}}
{"target": -39.08031328933553, "params": {"C": 527.2008395107337, "gamma": 0.10428688903569101}, "datetime": {"datetime": "2021-09-28 12:35:44", "elapsed": 101.40484, "delta": 0.996701}}
{"target": -38.39331668513226, "params": {"C": 585.8063675951543, "gamma": 0.08412224327976352}, "datetime": {"datetime": "2021-09-28 12:35:45", "elapsed": 102.482592, "delta": 1.077752}}
{"target": -37.71639471837332, "params": {"C": 527.011157194151, "gamma": 0.051750358349227976}, "datetime": {"datetime": "2021-09-28 12:35:46", "elapsed": 103.456701, "delta": 0.974109}}
{"target": -37.74988467631493, "params": {"C": 527.1535709896889, "gamma": 0.007517908471023244}, "datetime": {"datetime": "2021-09-28 12:35:47", "elapsed": 104.508696, "delta": 1.051995}}
{"target": -38.43402053072892, "params": {"C": 585.8336339250734, "gamma": 0.003967319386844311}, "datetime": {"datetime": "2021-09-28 12:35:48", "elapsed": 105.527907, "delta": 1.019211}}
{"target": -38.9020327868635, "params": {"C": 566.2337053214501, "gamma": 0.003}, "datetime": {"datetime": "2021-09-28 12:35:49", "elapsed": 106.72891, "delta": 1.201003}}
{"target": -37.11468715797397, "params": {"C": 585.9257093820836, "gamma": 0.013332113124600014}, "datetime": {"datetime": "2021-09-28 12:35:50", "elapsed": 107.832178, "delta": 1.103268}}
{"target": -38.51838574040292, "params": {"C": 585.9811235794488, "gamma": 0.00374807071275211}, "datetime": {"datetime": "2021-09-28 12:35:51", "elapsed": 109.179758, "delta": 1.34758}}
{"target": -37.64629514346118, "params": {"C": 560.8416331076048, "gamma": 0.053712002198589744}, "datetime": {"datetime": "2021-09-28 12:35:52", "elapsed": 110.149772, "delta": 0.970014}}
