{"target": -36.038592839584844, "params": {"C": 17159.31982292133, "gamma": 0.08251667174590935}, "datetime": {"datetime": "2021-09-29 07:57:31", "elapsed": 1014.116878, "delta": 9.32351}}
{"target": -35.01104713363472, "params": {"C": 15186.000083650886, "gamma": 0.05196166784384927}, "datetime": {"datetime": "2021-09-29 07:57:34", "elapsed": 1017.300348, "delta": 3.18347}}
{"target": -34.93782005560643, "params": {"C": 15437.010495128206, "gamma": 0.010563905814272688}, "datetime": {"datetime": "2021-09-29 07:57:39", "elapsed": 1022.814856, "delta": 5.514508}}
{"target": -35.633901750672194, "params": {"C": 14841.820251447165, "gamma": 0.0722827796688035}, "datetime": {"datetime": "2021-09-29 07:57:43", "elapsed": 1025.876661, "delta": 3.061805}}
{"target": -35.466904061767565, "params": {"C": 15092.511915862375, "gamma": 0.06627484196246539}, "datetime": {"datetime": "2021-09-29 07:57:50", "elapsed": 1032.992002, "delta": 7.115341}}
{"target": -34.959828731809935, "params": {"C": 13085.138408045073, "gamma": 0.052909732415186435}, "datetime": {"datetime": "2021-09-29 07:57:53", "elapsed": 1036.268348, "delta": 3.276346}}
{"target": -35.66208993387948, "params": {"C": 16473.226797415224, "gamma": 0.07045814040682372}, "datetime": {"datetime": "2021-09-29 07:57:56", "elapsed": 1039.409802, "delta": 3.141454}}
{"target": -34.95135177032512, "params": {"C": 13752.68020357218, "gamma": 0.011112784745364652}, "datetime": {"datetime": "2021-09-29 07:58:05", "elapsed": 1048.144994, "delta": 8.735192}}
{"target": -35.37232721252349, "params": {"C": 17937.807509577993, "gamma": 0.059485224118727684}, "datetime": {"datetime": "2021-09-29 07:58:10", "elapsed": 1053.349834, "delta": 5.20484}}
{"target": -34.721143912568905, "params": {"C": 13753.536593817045, "gamma": 0.0438218578785459}, "datetime": {"datetime": "2021-09-29 07:58:17", "elapsed": 1060.619631, "delta": 7.269797}}
{"target": -35.36636347011136, "params": {"C": 17091.90642480146, "gamma": 0.0079053704642998}, "datetime": {"datetime": "2021-09-29 07:58:21", "elapsed": 1063.989813, "delta": 3.370182}}
{"target": -34.59864395809847, "params": {"C": 13623.03716263954, "gamma": 0.014150018105321387}, "datetime": {"datetime": "2021-09-29 07:58:26", "elapsed": 1069.699215, "delta": 5.709402}}
{"target": -35.00032239195554, "params": {"C": 17159.425628260014, "gamma": 0.009688506326991142}, "datetime": {"datetime": "2021-09-29 07:58:34", "elapsed": 1076.848182, "delta": 7.148967}}
{"target": -34.53722400842754, "params": {"C": 14456.924874302353, "gamma": 0.03445986418612372}, "datetime": {"datetime": "2021-09-29 07:58:39", "elapsed": 1082.208212, "delta": 5.36003}}
{"target": -35.494694991427565, "params": {"C": 15324.228827585806, "gamma": 0.06681255115365754}, "datetime": {"datetime": "2021-09-29 07:58:42", "elapsed": 1085.756176, "delta": 3.547964}}
{"target": -34.41400097487511, "params": {"C": 13147.668014327552, "gamma": 0.018176121212114798}, "datetime": {"datetime": "2021-09-29 07:58:47", "elapsed": 1090.507374, "delta": 4.751198}}
{"target": -34.34170632699563, "params": {"C": 15076.316603892958, "gamma": 0.02341938248277169}, "datetime": {"datetime": "2021-09-29 07:58:52", "elapsed": 1095.726848, "delta": 5.219474}}
{"target": -34.58389297566025, "params": {"C": 14271.676543901753, "gamma": 0.013965254392258604}, "datetime": {"datetime": "2021-09-29 07:58:57", "elapsed": 1100.617876, "delta": 4.891028}}
{"target": -34.35276512833496, "params": {"C": 13622.985236901915, "gamma": 0.0246072567645132}, "datetime": {"datetime": "2021-09-29 07:59:03", "elapsed": 1105.963782, "delta": 5.345906}}
{"target": -34.93362977332096, "params": {"C": 13564.419139307838, "gamma": 0.05146455525885791}, "datetime": {"datetime": "2021-09-29 07:59:07", "elapsed": 1110.364435, "delta": 4.400653}}
{"target": -36.148826482933146, "params": {"C": 13196.337821972871, "gamma": 0.09705096120971375}, "datetime": {"datetime": "2021-09-29 07:59:10", "elapsed": 1113.785903, "delta": 3.421468}}
{"target": -34.70587115790778, "params": {"C": 16603.81513749106, "gamma": 0.04091420419993662}, "datetime": {"datetime": "2021-09-29 07:59:14", "elapsed": 1116.841227, "delta": 3.055324}}
{"target": -35.01432155497908, "params": {"C": 13744.990507415898, "gamma": 0.053796941524973406}, "datetime": {"datetime": "2021-09-29 07:59:17", "elapsed": 1120.525467, "delta": 3.68424}}
{"target": -36.06506369316821, "params": {"C": 14950.789116848991, "gamma": 0.08840311887035894}, "datetime": {"datetime": "2021-09-29 07:59:21", "elapsed": 1124.089207, "delta": 3.56374}}
{"target": -35.006314874191865, "params": {"C": 14456.986850172676, "gamma": 0.05266399475937783}, "datetime": {"datetime": "2021-09-29 07:59:30", "elapsed": 1132.941401, "delta": 8.852194}}
{"target": -34.53946243437058, "params": {"C": 13423.916663823817, "gamma": 0.015056171771604097}, "datetime": {"datetime": "2021-09-29 07:59:34", "elapsed": 1137.81672, "delta": 4.875319}}
{"target": -35.11293691485293, "params": {"C": 17474.7427525821, "gamma": 0.05250924795947415}, "datetime": {"datetime": "2021-09-29 07:59:41", "elapsed": 1144.71554, "delta": 6.89882}}
{"target": -36.295175934563034, "params": {"C": 17346.644271130303, "gamma": 0.09206293003081197}, "datetime": {"datetime": "2021-09-29 07:59:45", "elapsed": 1148.220305, "delta": 3.504765}}
{"target": -35.2063451847643, "params": {"C": 18383.509156310185, "gamma": 0.05423646180190972}, "datetime": {"datetime": "2021-09-29 07:59:51", "elapsed": 1154.005877, "delta": 5.785572}}
{"target": -34.79897573108529, "params": {"C": 13752.708846069043, "gamma": 0.04688550022345114}, "datetime": {"datetime": "2021-09-29 08:00:00", "elapsed": 1163.253014, "delta": 9.247137}}
{"target": -35.45472532816063, "params": {"C": 13751.213591879943, "gamma": 0.008400522465202677}, "datetime": {"datetime": "2021-09-29 08:00:08", "elapsed": 1171.584337, "delta": 8.331323}}
{"target": -34.7480070469202, "params": {"C": 13622.942356736152, "gamma": 0.04521923942408205}, "datetime": {"datetime": "2021-09-29 08:00:17", "elapsed": 1180.031888, "delta": 8.447551}}
{"target": -35.6947617277772, "params": {"C": 18383.463603578726, "gamma": 0.06863906556042063}, "datetime": {"datetime": "2021-09-29 08:00:22", "elapsed": 1185.8116, "delta": 5.779712}}
{"target": -34.40558325474596, "params": {"C": 13623.185428749806, "gamma": 0.02764950400968877}, "datetime": {"datetime": "2021-09-29 08:00:29", "elapsed": 1192.575324, "delta": 6.763724}}
{"target": -36.043607734629205, "params": {"C": 14129.355083907887, "gamma": 0.08954672632484761}, "datetime": {"datetime": "2021-09-29 08:00:33", "elapsed": 1196.554976, "delta": 3.979652}}
{"target": -34.42198890697718, "params": {"C": 13375.413798252275, "gamma": 0.028691967129986194}, "datetime": {"datetime": "2021-09-29 08:00:43", "elapsed": 1206.832113, "delta": 10.277137}}
{"target": -35.222489625315816, "params": {"C": 17341.067074328563, "gamma": 0.05580827303851455}, "datetime": {"datetime": "2021-09-29 08:00:50", "elapsed": 1213.837812, "delta": 7.005699}}
{"target": -34.592678136884345, "params": {"C": 14047.335714311374, "gamma": 0.013983459281998678}, "datetime": {"datetime": "2021-09-29 08:00:58", "elapsed": 1221.529046, "delta": 7.691234}}
{"target": -34.88980082959974, "params": {"C": 14577.6154306436, "gamma": 0.04892815137410432}, "datetime": {"datetime": "2021-09-29 08:01:03", "elapsed": 1225.882997, "delta": 4.353951}}
{"target": -35.060851209465234, "params": {"C": 14371.828309336997, "gamma": 0.054461386855549306}, "datetime": {"datetime": "2021-09-29 08:01:07", "elapsed": 1230.426934, "delta": 4.543937}}
{"target": -34.44007041789045, "params": {"C": 17901.402929795713, "gamma": 0.02760600773171767}, "datetime": {"datetime": "2021-09-29 08:01:13", "elapsed": 1236.593421, "delta": 6.166487}}
{"target": -34.711248885925414, "params": {"C": 13674.917067957653, "gamma": 0.012846001597283444}, "datetime": {"datetime": "2021-09-29 08:01:18", "elapsed": 1241.075886, "delta": 4.482465}}
{"target": -34.747392009689435, "params": {"C": 13944.420639818414, "gamma": 0.01234948812167435}, "datetime": {"datetime": "2021-09-29 08:01:27", "elapsed": 1250.155506, "delta": 9.07962}}
{"target": -36.25354086198146, "params": {"C": 18987.232638823127, "gamma": 0.08678536617357632}, "datetime": {"datetime": "2021-09-29 08:01:31", "elapsed": 1254.751443, "delta": 4.595937}}
{"target": -35.41073174816027, "params": {"C": 16948.119656095838, "gamma": 0.061854002477176435}, "datetime": {"datetime": "2021-09-29 08:01:36", "elapsed": 1258.975635, "delta": 4.224192}}
{"target": -36.07737497490324, "params": {"C": 15876.388463889363, "gamma": 0.08674992109083361}, "datetime": {"datetime": "2021-09-29 08:01:40", "elapsed": 1263.032167, "delta": 4.056532}}
{"target": -34.40432917297864, "params": {"C": 16603.789639140523, "gamma": 0.015797999990183487}, "datetime": {"datetime": "2021-09-29 08:01:46", "elapsed": 1268.861492, "delta": 5.829325}}
{"target": -34.790264857444406, "params": {"C": 13375.446942358585, "gamma": 0.012322757690662557}, "datetime": {"datetime": "2021-09-29 08:01:52", "elapsed": 1275.646941, "delta": 6.785449}}
{"target": -34.46601375255181, "params": {"C": 13753.467777412474, "gamma": 0.030954520489663892}, "datetime": {"datetime": "2021-09-29 08:01:59", "elapsed": 1282.131075, "delta": 6.484134}}
{"target": -35.8861868926893, "params": {"C": 17251.231925443855, "gamma": 0.07676700776537267}, "datetime": {"datetime": "2021-09-29 08:02:03", "elapsed": 1286.211896, "delta": 4.080821}}
{"target": -35.20125276277924, "params": {"C": 16274.753103075567, "gamma": 0.008904269905463254}, "datetime": {"datetime": "2021-09-29 08:02:07", "elapsed": 1290.098928, "delta": 3.887032}}
{"target": -35.648656029957834, "params": {"C": 13375.389548598409, "gamma": 0.0756638802158428}, "datetime": {"datetime": "2021-09-29 08:02:12", "elapsed": 1295.689221, "delta": 5.590293}}
{"target": -35.80177948433935, "params": {"C": 16496.035631790597, "gamma": 0.006357695008076232}, "datetime": {"datetime": "2021-09-29 08:02:21", "elapsed": 1303.874876, "delta": 8.185655}}
{"target": -35.12797439772447, "params": {"C": 16630.770488746293, "gamma": 0.009178227786628922}, "datetime": {"datetime": "2021-09-29 08:02:25", "elapsed": 1308.271055, "delta": 4.396179}}
{"target": -34.31723465345804, "params": {"C": 13312.495177659459, "gamma": 0.02217488250567558}, "datetime": {"datetime": "2021-09-29 08:02:29", "elapsed": 1312.135259, "delta": 3.864204}}
{"target": -34.825175895659925, "params": {"C": 17030.76059870986, "gamma": 0.044604498928397275}, "datetime": {"datetime": "2021-09-29 08:02:33", "elapsed": 1315.866912, "delta": 3.731653}}
{"target": -34.345444065404614, "params": {"C": 13147.63131727609, "gamma": 0.02031453879353522}, "datetime": {"datetime": "2021-09-29 08:02:40", "elapsed": 1323.024755, "delta": 7.157843}}
{"target": -34.33878824121686, "params": {"C": 15076.332076564244, "gamma": 0.0232495548536258}, "datetime": {"datetime": "2021-09-29 08:02:44", "elapsed": 1326.866476, "delta": 3.841721}}
{"target": -34.72862868263659, "params": {"C": 14456.953098851865, "gamma": 0.0435868199567436}, "datetime": {"datetime": "2021-09-29 08:02:52", "elapsed": 1334.998156, "delta": 8.13168}}
{"target": -35.98092101331074, "params": {"C": 22304.787415447452, "gamma": 0.07227404314871996}, "datetime": {"datetime": "2021-09-29 08:03:05", "elapsed": 0.0, "delta": 0.0}}
{"target": -35.26307919071218, "params": {"C": 20745.428433477668, "gamma": 0.05352862249377798}, "datetime": {"datetime": "2021-09-29 08:03:05", "elapsed": 0.475059, "delta": 0.475059}}
{"target": -36.63899240899506, "params": {"C": 24357.681726085928, "gamma": 0.09014784344867662}, "datetime": {"datetime": "2021-09-29 08:03:05", "elapsed": 0.662056, "delta": 0.186997}}
{"target": -34.39581245323688, "params": {"C": 19753.511862783016, "gamma": 0.024688073423127743}, "datetime": {"datetime": "2021-09-29 08:03:06", "elapsed": 0.85007, "delta": 0.188014}}
{"target": -34.97088707675753, "params": {"C": 19308.80321980498, "gamma": 0.04687693514681046}, "datetime": {"datetime": "2021-09-29 08:03:06", "elapsed": 1.233057, "delta": 0.382987}}
{"target": -35.0226486150038, "params": {"C": 19179.2572652714, "gamma": 0.04839915631749755}, "datetime": {"datetime": "2021-09-29 08:03:06", "elapsed": 1.651057, "delta": 0.418}}
{"target": -34.310877736514094, "params": {"C": 20142.360112295857, "gamma": 0.020206131470390923}, "datetime": {"datetime": "2021-09-29 08:03:07", "elapsed": 2.330748, "delta": 0.679691}}
{"target": -34.53325489925627, "params": {"C": 20143.523627358005, "gamma": 0.030971594591859542}, "datetime": {"datetime": "2021-09-29 08:03:07", "elapsed": 2.658747, "delta": 0.327999}}
{"target": -35.96828907250009, "params": {"C": 20136.120853958157, "gamma": 0.07492555019948807}, "datetime": {"datetime": "2021-09-29 08:03:08", "elapsed": 3.094569, "delta": 0.435822}}
{"target": -34.885796849469905, "params": {"C": 19750.192355626263, "gamma": 0.044221475959825354}, "datetime": {"datetime": "2021-09-29 08:03:09", "elapsed": 3.796169, "delta": 0.7016}}
{"target": -34.95649770328694, "params": {"C": 19757.138815865368, "gamma": 0.046131160349697296}, "datetime": {"datetime": "2021-09-29 08:03:09", "elapsed": 4.090169, "delta": 0.294}}
{"target": -35.65664914116602, "params": {"C": 19302.338182853706, "gamma": 0.06622687396955419}, "datetime": {"datetime": "2021-09-29 08:03:09", "elapsed": 4.681171, "delta": 0.591002}}
{"target": -35.84574136761172, "params": {"C": 19314.234557089825, "gamma": 0.0721129900054474}, "datetime": {"datetime": "2021-09-29 08:03:10", "elapsed": 5.114481, "delta": 0.43331}}
{"target": -36.59239509397518, "params": {"C": 19173.544241352654, "gamma": 0.1}, "datetime": {"datetime": "2021-09-29 08:03:11", "elapsed": 5.862479, "delta": 0.747998}}
{"target": -34.727775225437924, "params": {"C": 19183.70410814466, "gamma": 0.039751541042276343}, "datetime": {"datetime": "2021-09-29 08:03:11", "elapsed": 6.234482, "delta": 0.372003}}
{"target": -35.88441825063508, "params": {"C": 19188.589814241022, "gamma": 0.07356278898479497}, "datetime": {"datetime": "2021-09-29 08:03:11", "elapsed": 6.709483, "delta": 0.475001}}
{"target": -34.41169625066327, "params": {"C": 20149.668515529844, "gamma": 0.025321530305512964}, "datetime": {"datetime": "2021-09-29 08:03:12", "elapsed": 7.62984, "delta": 0.920357}}
{"target": -34.593671077245475, "params": {"C": 20153.351417175094, "gamma": 0.03354742730929485}, "datetime": {"datetime": "2021-09-29 08:03:13", "elapsed": 8.218022, "delta": 0.588182}}
{"target": -34.87584064059629, "params": {"C": 20158.149214395922, "gamma": 0.00954743659675161}, "datetime": {"datetime": "2021-09-29 08:03:14", "elapsed": 8.799023, "delta": 0.581001}}
{"target": -34.78224684269887, "params": {"C": 20164.31339391437, "gamma": 0.04080561137713842}, "datetime": {"datetime": "2021-09-29 08:03:15", "elapsed": 9.853612, "delta": 1.054589}}
{"target": -36.165443392592, "params": {"C": 20169.197873595826, "gamma": 0.08139231420645489}, "datetime": {"datetime": "2021-09-29 08:03:15", "elapsed": 10.225611, "delta": 0.371999}}
{"target": -35.924578527237955, "params": {"C": 19741.659022346375, "gamma": 0.07406142417514018}, "datetime": {"datetime": "2021-09-29 08:03:15", "elapsed": 10.585611, "delta": 0.36}}
{"target": -34.29016138673599, "params": {"C": 19766.903810464864, "gamma": 0.018949271665365714}, "datetime": {"datetime": "2021-09-29 08:03:16", "elapsed": 10.954609, "delta": 0.368998}}
{"target": -35.076533329636696, "params": {"C": 19770.048302947456, "gamma": 0.008667724584635696}, "datetime": {"datetime": "2021-09-29 08:03:16", "elapsed": 11.411372, "delta": 0.456763}}
{"target": -35.40203208314767, "params": {"C": 19764.002778129015, "gamma": 0.05829676808303778}, "datetime": {"datetime": "2021-09-29 08:03:17", "elapsed": 12.202373, "delta": 0.791001}}
{"target": -34.762591132360335, "params": {"C": 20147.00935537893, "gamma": 0.010132383757044434}, "datetime": {"datetime": "2021-09-29 08:03:17", "elapsed": 12.615371, "delta": 0.412998}}
{"target": -35.67866984794061, "params": {"C": 20161.63903760779, "gamma": 0.06580468438381705}, "datetime": {"datetime": "2021-09-29 08:03:18", "elapsed": 13.458705, "delta": 0.843334}}
{"target": -35.50863163705926, "params": {"C": 20140.09420093181, "gamma": 0.06089592691456812}, "datetime": {"datetime": "2021-09-29 08:03:19", "elapsed": 13.947703, "delta": 0.488998}}
{"target": -35.664594032574215, "params": {"C": 20155.584682975157, "gamma": 0.06539465030062941}, "datetime": {"datetime": "2021-09-29 08:03:19", "elapsed": 14.421703, "delta": 0.474}}
{"target": -35.202910811841484, "params": {"C": 20151.696406220468, "gamma": 0.008013067431646901}, "datetime": {"datetime": "2021-09-29 08:03:20", "elapsed": 15.00521, "delta": 0.583507}}
{"target": -36.404098419190866, "params": {"C": 19767.908976408376, "gamma": 0.09086854472990923}, "datetime": {"datetime": "2021-09-29 08:03:20", "elapsed": 15.568739, "delta": 0.563529}}
{"target": -35.514592716599616, "params": {"C": 20143.542560121878, "gamma": 0.06106145786563911}, "datetime": {"datetime": "2021-09-29 08:03:21", "elapsed": 16.493738, "delta": 0.924999}}
{"target": -35.76283688780262, "params": {"C": 20403.621862954835, "gamma": 0.005840691333871485}, "datetime": {"datetime": "2021-09-29 08:03:22", "elapsed": 17.117737, "delta": 0.623999}}
{"target": -36.4869714532963, "params": {"C": 24411.087793253522, "gamma": 0.08489051221212907}, "datetime": {"datetime": "2021-09-29 08:03:22", "elapsed": 17.761738, "delta": 0.644001}}
{"target": -36.68659941184628, "params": {"C": 24528.782473484505, "gamma": 0.09156327416101641}, "datetime": {"datetime": "2021-09-29 08:03:23", "elapsed": 18.214738, "delta": 0.453}}
{"target": -36.6839044258666, "params": {"C": 23236.923566742586, "gamma": 0.0940733761214857}, "datetime": {"datetime": "2021-09-29 08:03:24", "elapsed": 18.816738, "delta": 0.602}}
{"target": -35.016825949137, "params": {"C": 19564.38393775198, "gamma": 0.047919213424914106}, "datetime": {"datetime": "2021-09-29 08:03:24", "elapsed": 19.463803, "delta": 0.647065}}
{"target": -35.03256735323008, "params": {"C": 22487.07435246679, "gamma": 0.04612622276120927}, "datetime": {"datetime": "2021-09-29 08:03:25", "elapsed": 19.917805, "delta": 0.454002}}
{"target": -35.63850279022713, "params": {"C": 20016.483761486692, "gamma": 0.006312126655461565}, "datetime": {"datetime": "2021-09-29 08:03:25", "elapsed": 20.324803, "delta": 0.406998}}
{"target": -35.656654425515924, "params": {"C": 22088.62544133019, "gamma": 0.06295445769660965}, "datetime": {"datetime": "2021-09-29 08:03:26", "elapsed": 21.141622, "delta": 0.816819}}
{"target": -35.65796185227734, "params": {"C": 19830.24829082905, "gamma": 0.06559841761564761}, "datetime": {"datetime": "2021-09-29 08:03:26", "elapsed": 21.555621, "delta": 0.413999}}
{"target": -35.35692229732435, "params": {"C": 23180.13441061387, "gamma": 0.05388264967721183}, "datetime": {"datetime": "2021-09-29 08:03:27", "elapsed": 22.19962, "delta": 0.643999}}
{"target": -36.70996722735495, "params": {"C": 23149.04179727647, "gamma": 0.09529601599482058}, "datetime": {"datetime": "2021-09-29 08:03:27", "elapsed": 22.75206, "delta": 0.55244}}
{"target": -35.09382772351183, "params": {"C": 22303.407185675438, "gamma": 0.04782438041743561}, "datetime": {"datetime": "2021-09-29 08:03:28", "elapsed": 23.288829, "delta": 0.536769}}
{"target": -36.3008852265123, "params": {"C": 23083.614646104008, "gamma": 0.081157951288252}, "datetime": {"datetime": "2021-09-29 08:03:29", "elapsed": 23.858826, "delta": 0.569997}}
{"target": -35.505103730744, "params": {"C": 21611.513157192563, "gamma": 0.05924770886146274}, "datetime": {"datetime": "2021-09-29 08:03:29", "elapsed": 24.27583, "delta": 0.417004}}
{"target": -35.59814845650804, "params": {"C": 20774.555422633966, "gamma": 0.0627379483399568}, "datetime": {"datetime": "2021-09-29 08:03:29", "elapsed": 24.770827, "delta": 0.494997}}
{"target": -36.19297587937468, "params": {"C": 23080.430144285638, "gamma": 0.07763332193548447}, "datetime": {"datetime": "2021-09-29 08:03:30", "elapsed": 25.573665, "delta": 0.802838}}
{"target": -36.705315333451345, "params": {"C": 24142.728484175666, "gamma": 0.09303230697256437}, "datetime": {"datetime": "2021-09-29 08:03:31", "elapsed": 25.993662, "delta": 0.419997}}
{"target": -34.91243905719991, "params": {"C": 23650.129029594194, "gamma": 0.042303245714507345}, "datetime": {"datetime": "2021-09-29 08:03:31", "elapsed": 26.509666, "delta": 0.516004}}
{"target": -36.304221625811024, "params": {"C": 22932.68787542351, "gamma": 0.08150867858633591}, "datetime": {"datetime": "2021-09-29 08:03:32", "elapsed": 27.186673, "delta": 0.677007}}
{"target": -35.60752114834971, "params": {"C": 21216.399890693738, "gamma": 0.06251399105576387}, "datetime": {"datetime": "2021-09-29 08:03:32", "elapsed": 27.695335, "delta": 0.508662}}
{"target": -34.7335704889719, "params": {"C": 21701.719459417316, "gamma": 0.038265792042060355}, "datetime": {"datetime": "2021-09-29 08:03:33", "elapsed": 28.298334, "delta": 0.602999}}
{"target": -34.30345952388258, "params": {"C": 23603.116320426998, "gamma": 0.014918540338981622}, "datetime": {"datetime": "2021-09-29 08:03:34", "elapsed": 29.259953, "delta": 0.961619}}
{"target": -34.78557821522962, "params": {"C": 22064.850850709056, "gamma": 0.03964928995121621}, "datetime": {"datetime": "2021-09-29 08:03:35", "elapsed": 29.834953, "delta": 0.575}}
{"target": -35.96213136421504, "params": {"C": 24455.327032016623, "gamma": 0.06903428187024399}, "datetime": {"datetime": "2021-09-29 08:03:35", "elapsed": 30.398009, "delta": 0.563056}}
{"target": -34.60765580048882, "params": {"C": 22495.99458866596, "gamma": 0.03299946849841428}, "datetime": {"datetime": "2021-09-29 08:03:36", "elapsed": 30.976014, "delta": 0.578005}}
