{"target": -34.79038562485103, "params": {"C": 26477.64495450369, "gamma": 0.03396629815384514}, "datetime": {"datetime": "2021-09-29 08:41:37", "elapsed": 220.214248, "delta": 1.458238}}
{"target": -35.56648708303333, "params": {"C": 26563.463150414027, "gamma": 0.05290958713342383}, "datetime": {"datetime": "2021-09-29 08:41:39", "elapsed": 221.926805, "delta": 1.712557}}
{"target": -35.445920842728725, "params": {"C": 25712.287261202968, "gamma": 0.05097890018101328}, "datetime": {"datetime": "2021-09-29 08:41:40", "elapsed": 223.171804, "delta": 1.244999}}
{"target": -34.9218207214289, "params": {"C": 29749.992770302644, "gamma": 0.036063666981097496}, "datetime": {"datetime": "2021-09-29 08:41:41", "elapsed": 224.646454, "delta": 1.47465}}
{"target": -35.50577403464057, "params": {"C": 29593.83423277294, "gamma": 0.04884143784419492}, "datetime": {"datetime": "2021-09-29 08:41:42", "elapsed": 225.818352, "delta": 1.171898}}
{"target": -35.7239728111096, "params": {"C": 28516.99026039481, "gamma": 0.05462245798503643}, "datetime": {"datetime": "2021-09-29 08:41:44", "elapsed": 226.962354, "delta": 1.144002}}
{"target": -34.50710316266, "params": {"C": 28823.01614988748, "gamma": 0.020325638461856397}, "datetime": {"datetime": "2021-09-29 08:41:45", "elapsed": 228.166546, "delta": 1.204192}}
{"target": -34.96419355162617, "params": {"C": 27761.015435414098, "gamma": 0.03819743358008675}, "datetime": {"datetime": "2021-09-29 08:41:46", "elapsed": 229.605581, "delta": 1.439035}}
{"target": -34.52704478088929, "params": {"C": 29433.66952619359, "gamma": 0.02184582958138025}, "datetime": {"datetime": "2021-09-29 08:41:47", "elapsed": 230.805634, "delta": 1.200053}}
{"target": -35.35566443351723, "params": {"C": 25869.212620971022, "gamma": 0.04882939594563498}, "datetime": {"datetime": "2021-09-29 08:41:49", "elapsed": 232.290892, "delta": 1.485258}}
{"target": -35.956731436486955, "params": {"C": 27273.68813495867, "gamma": 0.06159049966936605}, "datetime": {"datetime": "2021-09-29 08:41:50", "elapsed": 233.435896, "delta": 1.145004}}
{"target": -34.624505863121165, "params": {"C": 29265.19945761979, "gamma": 0.02700525662750726}, "datetime": {"datetime": "2021-09-29 08:41:51", "elapsed": 234.664306, "delta": 1.22841}}
{"target": -35.31822891194009, "params": {"C": 25843.47166831406, "gamma": 0.04804538433967924}, "datetime": {"datetime": "2021-09-29 08:41:53", "elapsed": 236.403673, "delta": 1.739367}}
{"target": -35.9428693819361, "params": {"C": 26946.447982824433, "gamma": 0.06164213868141883}, "datetime": {"datetime": "2021-09-29 08:41:55", "elapsed": 238.274331, "delta": 1.870658}}
{"target": -35.35351578198703, "params": {"C": 28818.973816272224, "gamma": 0.0463385923167179}, "datetime": {"datetime": "2021-09-29 08:41:57", "elapsed": 240.22191, "delta": 1.947579}}
{"target": -35.001224049298976, "params": {"C": 26893.596586939202, "gamma": 0.03967983557993572}, "datetime": {"datetime": "2021-09-29 08:41:58", "elapsed": 241.851663, "delta": 1.629753}}
{"target": -34.99981079425877, "params": {"C": 26946.41167847836, "gamma": 0.010958181529044621}, "datetime": {"datetime": "2021-09-29 08:42:00", "elapsed": 243.69766, "delta": 1.845997}}
{"target": -36.11787802168347, "params": {"C": 28417.531787725202, "gamma": 0.06444277603902376}, "datetime": {"datetime": "2021-09-29 08:42:02", "elapsed": 244.915859, "delta": 1.218199}}
{"target": -34.75365106909989, "params": {"C": 26028.159987996773, "gamma": 0.03279402491041226}, "datetime": {"datetime": "2021-09-29 08:42:03", "elapsed": 246.183474, "delta": 1.267615}}
{"target": -35.510059131610426, "params": {"C": 25971.688471220008, "gamma": 0.0521918941127644}, "datetime": {"datetime": "2021-09-29 08:42:05", "elapsed": 248.524803, "delta": 2.341329}}
{"target": -35.31331313111996, "params": {"C": 29136.572814264815, "gamma": 0.04530663975410496}, "datetime": {"datetime": "2021-09-29 08:42:07", "elapsed": 250.488308, "delta": 1.963505}}
{"target": -35.92833620350582, "params": {"C": 26477.602111713823, "gamma": 0.06186414136085372}, "datetime": {"datetime": "2021-09-29 08:42:09", "elapsed": 252.690597, "delta": 2.202289}}
{"target": -34.566562708322635, "params": {"C": 28134.80975972735, "gamma": 0.024357369157330246}, "datetime": {"datetime": "2021-09-29 08:42:12", "elapsed": 255.094922, "delta": 2.404325}}
{"target": -34.49105906555363, "params": {"C": 27446.903841209427, "gamma": 0.01876352583524787}, "datetime": {"datetime": "2021-09-29 08:42:13", "elapsed": 256.370883, "delta": 1.275961}}
{"target": -35.86194098970053, "params": {"C": 27542.22947629696, "gamma": 0.05886307060804206}, "datetime": {"datetime": "2021-09-29 08:42:14", "elapsed": 257.590921, "delta": 1.220038}}
{"target": -35.03903328780289, "params": {"C": 25058.688791674802, "gamma": 0.04196658102717065}, "datetime": {"datetime": "2021-09-29 08:42:15", "elapsed": 258.815108, "delta": 1.224187}}
{"target": -35.261902669138856, "params": {"C": 29363.83063593258, "gamma": 0.04415035163910409}, "datetime": {"datetime": "2021-09-29 08:42:17", "elapsed": 260.393673, "delta": 1.578565}}
{"target": -34.96479152944581, "params": {"C": 27092.299809166005, "gamma": 0.03861623477769397}, "datetime": {"datetime": "2021-09-29 08:42:19", "elapsed": 262.164683, "delta": 1.77101}}
{"target": -34.61572004422896, "params": {"C": 25812.13962721966, "gamma": 0.0272277888504985}, "datetime": {"datetime": "2021-09-29 08:42:20", "elapsed": 263.402679, "delta": 1.237996}}
{"target": -34.48026290996865, "params": {"C": 29624.644998260337, "gamma": 0.017971781071169052}, "datetime": {"datetime": "2021-09-29 08:42:21", "elapsed": 264.712933, "delta": 1.310254}}
{"target": -35.3128117744131, "params": {"C": 29478.1245908657, "gamma": 0.008583296932110959}, "datetime": {"datetime": "2021-09-29 08:42:23", "elapsed": 265.949934, "delta": 1.237001}}
{"target": -35.40233822540088, "params": {"C": 27213.98372056019, "gamma": 0.048645052279762804}, "datetime": {"datetime": "2021-09-29 08:42:25", "elapsed": 267.94879, "delta": 1.998856}}
{"target": -35.03694600621448, "params": {"C": 28715.93469198628, "gamma": 0.03945810905516056}, "datetime": {"datetime": "2021-09-29 08:42:26", "elapsed": 269.26279, "delta": 1.314}}
{"target": -34.571844919609866, "params": {"C": 29418.196602348726, "gamma": 0.015119844900878456}, "datetime": {"datetime": "2021-09-29 08:42:28", "elapsed": 271.223864, "delta": 1.961074}}
{"target": -35.3492902949435, "params": {"C": 27092.36966654759, "gamma": 0.008614278690976484}, "datetime": {"datetime": "2021-09-29 08:42:30", "elapsed": 273.441966, "delta": 2.218102}}
{"target": -34.81992364894421, "params": {"C": 26697.854279540104, "gamma": 0.03493350021519797}, "datetime": {"datetime": "2021-09-29 08:42:32", "elapsed": 275.277548, "delta": 1.835582}}
{"target": -34.85487681753357, "params": {"C": 28413.58806518461, "gamma": 0.012075550210041978}, "datetime": {"datetime": "2021-09-29 08:42:33", "elapsed": 276.844474, "delta": 1.566926}}
{"target": -34.92211425302253, "params": {"C": 27334.198826180265, "gamma": 0.011601833360317552}, "datetime": {"datetime": "2021-09-29 08:42:35", "elapsed": 278.562723, "delta": 1.718249}}
{"target": -34.92005408970658, "params": {"C": 28022.846031870748, "gamma": 0.03694752811719573}, "datetime": {"datetime": "2021-09-29 08:42:37", "elapsed": 280.446096, "delta": 1.883373}}
{"target": -36.47450657082362, "params": {"C": 29290.046745257416, "gamma": 0.0033761679172386472}, "datetime": {"datetime": "2021-09-29 08:42:39", "elapsed": 282.563532, "delta": 2.117436}}
{"target": -34.71412169052579, "params": {"C": 29289.970955411805, "gamma": 0.0303329611985416}, "datetime": {"datetime": "2021-09-29 08:42:41", "elapsed": 284.686377, "delta": 2.122845}}
{"target": -34.76582814202047, "params": {"C": 29949.038883053763, "gamma": 0.012737303852340023}, "datetime": {"datetime": "2021-09-29 08:42:44", "elapsed": 287.665883, "delta": 2.979506}}
{"target": -34.73355669045467, "params": {"C": 25157.43501875569, "gamma": 0.03235056922566321}, "datetime": {"datetime": "2021-09-29 08:42:46", "elapsed": 289.059053, "delta": 1.39317}}
{"target": -34.86516802441693, "params": {"C": 26563.53314157634, "gamma": 0.03640845518224512}, "datetime": {"datetime": "2021-09-29 08:42:48", "elapsed": 291.141274, "delta": 2.082221}}
{"target": -35.17612378028691, "params": {"C": 29367.138436396155, "gamma": 0.0425249146076741}, "datetime": {"datetime": "2021-09-29 08:42:50", "elapsed": 293.299852, "delta": 2.158578}}
{"target": -34.556985863901375, "params": {"C": 27491.54729832968, "gamma": 0.023792531069507922}, "datetime": {"datetime": "2021-09-29 08:42:52", "elapsed": 295.103165, "delta": 1.803313}}
{"target": -34.48818867761435, "params": {"C": 27446.935961746036, "gamma": 0.018479880153765314}, "datetime": {"datetime": "2021-09-29 08:42:54", "elapsed": 297.089489, "delta": 1.986324}}
{"target": -36.152472976041196, "params": {"C": 26998.680349261504, "gamma": 0.004723799566989378}, "datetime": {"datetime": "2021-09-29 08:42:56", "elapsed": 299.150284, "delta": 2.060795}}
{"target": -35.4061656093314, "params": {"C": 27491.585800972094, "gamma": 0.04848877343189703}, "datetime": {"datetime": "2021-09-29 08:42:58", "elapsed": 301.666676, "delta": 2.516392}}
{"target": -36.46410432325912, "params": {"C": 28040.377165739857, "gamma": 0.07379486008480927}, "datetime": {"datetime": "2021-09-29 08:43:00", "elapsed": 303.113116, "delta": 1.44644}}
{"target": -34.4797414356218, "params": {"C": 28823.05196442433, "gamma": 0.016972488505080395}, "datetime": {"datetime": "2021-09-29 08:43:01", "elapsed": 304.845269, "delta": 1.732153}}
{"target": -35.74386618617502, "params": {"C": 26913.70789300999, "gamma": 0.05675061162657452}, "datetime": {"datetime": "2021-09-29 08:43:04", "elapsed": 307.773134, "delta": 2.927865}}
{"target": -35.76758173734246, "params": {"C": 29668.798259156698, "gamma": 0.05445956875189965}, "datetime": {"datetime": "2021-09-29 08:43:08", "elapsed": 311.037107, "delta": 3.263973}}
{"target": -34.934676674806795, "params": {"C": 27808.192356897584, "gamma": 0.011433500186701518}, "datetime": {"datetime": "2021-09-29 08:43:09", "elapsed": 312.463834, "delta": 1.426727}}
{"target": -35.383615278226074, "params": {"C": 26219.830347837167, "gamma": 0.008514345956984241}, "datetime": {"datetime": "2021-09-29 08:43:11", "elapsed": 314.498997, "delta": 2.035163}}
{"target": -36.04025996570483, "params": {"C": 29363.793383789794, "gamma": 0.005141971907616174}, "datetime": {"datetime": "2021-09-29 08:43:14", "elapsed": 316.887118, "delta": 2.388121}}
{"target": -34.52633343237377, "params": {"C": 27491.586462301948, "gamma": 0.01614275806773793}, "datetime": {"datetime": "2021-09-29 08:43:15", "elapsed": 318.334271, "delta": 1.447153}}
{"target": -36.54294128185681, "params": {"C": 28134.82037637274, "gamma": 0.003}, "datetime": {"datetime": "2021-09-29 08:43:17", "elapsed": 320.222448, "delta": 1.888177}}
{"target": -36.411046565937134, "params": {"C": 28022.84387195621, "gamma": 0.003640772390103196}, "datetime": {"datetime": "2021-09-29 08:43:19", "elapsed": 322.39316, "delta": 2.170712}}
{"target": -36.134707847305435, "params": {"C": 27446.943011717405, "gamma": 0.004789589976478269}, "datetime": {"datetime": "2021-09-29 08:43:21", "elapsed": 324.37071, "delta": 1.97755}}
{"target": -36.50040385920502, "params": {"C": 27491.587232561043, "gamma": 0.0032122902254238567}, "datetime": {"datetime": "2021-09-29 08:43:23", "elapsed": 326.35513, "delta": 1.98442}}
{"target": -34.527329158070984, "params": {"C": 29826.998425616322, "gamma": 0.021875096237621267}, "datetime": {"datetime": "2021-09-29 08:43:26", "elapsed": 329.090795, "delta": 2.735665}}
{"target": -35.684968597824835, "params": {"C": 28823.061165610008, "gamma": 0.00679645578219494}, "datetime": {"datetime": "2021-09-29 08:43:28", "elapsed": 331.362172, "delta": 2.271377}}
{"target": -34.65946737619455, "params": {"C": 26825.66779744979, "gamma": 0.02898022225151674}, "datetime": {"datetime": "2021-09-29 08:43:30", "elapsed": 332.948738, "delta": 1.586566}}
{"target": -34.79345580607563, "params": {"C": 25001.39844646025, "gamma": 0.013159810570924385}, "datetime": {"datetime": "2021-09-29 08:43:31", "elapsed": 334.756412, "delta": 1.807674}}
{"target": -34.507690470904585, "params": {"C": 27092.301904977736, "gamma": 0.0202320847313436}, "datetime": {"datetime": "2021-09-29 08:43:34", "elapsed": 337.671835, "delta": 2.915423}}
{"target": -34.542779883827265, "params": {"C": 27332.516277761755, "gamma": 0.022874742201981428}, "datetime": {"datetime": "2021-09-29 08:43:37", "elapsed": 340.216556, "delta": 2.544721}}
{"target": -35.115404542015234, "params": {"C": 29807.552296534643, "gamma": 0.009737236793179975}, "datetime": {"datetime": "2021-09-29 08:43:39", "elapsed": 341.937162, "delta": 1.720606}}
{"target": -35.06017535346998, "params": {"C": 27213.987407459826, "gamma": 0.010412489872996358}, "datetime": {"datetime": "2021-09-29 08:43:41", "elapsed": 344.124347, "delta": 2.187185}}
{"target": -35.08171723899422, "params": {"C": 26323.910175000736, "gamma": 0.042181899391952424}, "datetime": {"datetime": "2021-09-29 08:43:43", "elapsed": 346.049218, "delta": 1.924871}}
{"target": -35.465683521901944, "params": {"C": 29636.89680200536, "gamma": 0.04797869935670142}, "datetime": {"datetime": "2021-09-29 08:43:44", "elapsed": 347.720109, "delta": 1.670891}}
{"target": -34.632935106640865, "params": {"C": 29532.647115451786, "gamma": 0.014339260743034776}, "datetime": {"datetime": "2021-09-29 08:43:46", "elapsed": 349.862672, "delta": 2.142563}}
{"target": -34.891266847550106, "params": {"C": 26087.721197223444, "gamma": 0.03735103776572256}, "datetime": {"datetime": "2021-09-29 08:43:48", "elapsed": 351.489865, "delta": 1.627193}}
{"target": -34.65533742808245, "params": {"C": 29363.81698727526, "gamma": 0.02816276444461111}, "datetime": {"datetime": "2021-09-29 08:43:50", "elapsed": 353.645132, "delta": 2.155267}}
{"target": -34.83277156657677, "params": {"C": 29496.630731526628, "gamma": 0.03401553413951205}, "datetime": {"datetime": "2021-09-29 08:43:52", "elapsed": 355.864544, "delta": 2.219412}}
{"target": -35.71611965970389, "params": {"C": 26188.521731267007, "gamma": 0.05691417582728951}, "datetime": {"datetime": "2021-09-29 08:43:54", "elapsed": 357.589969, "delta": 1.725425}}
{"target": -34.49814504964356, "params": {"C": 28461.171027125372, "gamma": 0.019536596842821382}, "datetime": {"datetime": "2021-09-29 08:43:56", "elapsed": 359.300135, "delta": 1.710166}}
{"target": -34.485596186522436, "params": {"C": 27492.520905839243, "gamma": 0.017472130982498134}, "datetime": {"datetime": "2021-09-29 08:43:58", "elapsed": 361.485637, "delta": 2.185502}}
{"target": -34.591651683294764, "params": {"C": 29414.611764454414, "gamma": 0.025664732888667365}, "datetime": {"datetime": "2021-09-29 08:44:01", "elapsed": 364.135989, "delta": 2.650352}}
{"target": -34.57154126987376, "params": {"C": 26323.885384428024, "gamma": 0.024709356558985086}, "datetime": {"datetime": "2021-09-29 08:44:04", "elapsed": 367.118214, "delta": 2.982225}}
{"target": -34.596254740767115, "params": {"C": 27066.2051911969, "gamma": 0.02608541609767129}, "datetime": {"datetime": "2021-09-29 08:44:06", "elapsed": 368.907436, "delta": 1.789222}}
{"target": -34.598612964335274, "params": {"C": 28700.317415553047, "gamma": 0.026088795796456603}, "datetime": {"datetime": "2021-09-29 08:44:08", "elapsed": 371.793637, "delta": 2.886201}}
{"target": -34.51100287099545, "params": {"C": 29342.938911696332, "gamma": 0.020669517781463895}, "datetime": {"datetime": "2021-09-29 08:44:11", "elapsed": 373.906978, "delta": 2.113341}}
{"target": -34.6559910557715, "params": {"C": 29365.732555466635, "gamma": 0.028186869034516015}, "datetime": {"datetime": "2021-09-29 08:44:13", "elapsed": 376.033065, "delta": 2.126087}}
{"target": -34.48360654252774, "params": {"C": 29496.65245964101, "gamma": 0.018294064176359207}, "datetime": {"datetime": "2021-09-29 08:44:15", "elapsed": 378.81701, "delta": 2.783945}}
{"target": -34.496614982516235, "params": {"C": 25296.1598563308, "gamma": 0.018531732276502417}, "datetime": {"datetime": "2021-09-29 08:44:17", "elapsed": 380.812514, "delta": 1.995504}}
{"target": -34.54929709078662, "params": {"C": 26880.668072910834, "gamma": 0.015851580365083932}, "datetime": {"datetime": "2021-09-29 08:44:20", "elapsed": 383.335083, "delta": 2.522569}}
{"target": -35.64012877965037, "params": {"C": 29136.599548041755, "gamma": 0.0069912485164777775}, "datetime": {"datetime": "2021-09-29 08:44:22", "elapsed": 385.639332, "delta": 2.304249}}
{"target": -35.1192275421882, "params": {"C": 25712.30378475719, "gamma": 0.010096969246133004}, "datetime": {"datetime": "2021-09-29 08:44:25", "elapsed": 388.485867, "delta": 2.846535}}
{"target": -35.4602759762059, "params": {"C": 27334.23223436636, "gamma": 0.008009352345262243}, "datetime": {"datetime": "2021-09-29 08:44:27", "elapsed": 390.577276, "delta": 2.091409}}
{"target": -35.17031528779051, "params": {"C": 29265.192287912796, "gamma": 0.04244645436502167}, "datetime": {"datetime": "2021-09-29 08:44:30", "elapsed": 393.406739, "delta": 2.829463}}
{"target": -36.086117445740875, "params": {"C": 26913.685410903745, "gamma": 0.005005839783977036}, "datetime": {"datetime": "2021-09-29 08:44:32", "elapsed": 395.714135, "delta": 2.307396}}
{"target": -35.022343683831416, "params": {"C": 26913.685241393363, "gamma": 0.04021738478221711}, "datetime": {"datetime": "2021-09-29 08:44:35", "elapsed": 398.398399, "delta": 2.684264}}
{"target": -36.29760152146632, "params": {"C": 27705.217426541036, "gamma": 0.0699670215640077}, "datetime": {"datetime": "2021-09-29 08:44:37", "elapsed": 400.141397, "delta": 1.742998}}
{"target": -34.75853043193381, "params": {"C": 29088.139944611634, "gamma": 0.031955696909728784}, "datetime": {"datetime": "2021-09-29 08:44:39", "elapsed": 402.44138, "delta": 2.299983}}
{"target": -34.59125531415561, "params": {"C": 29342.976435276225, "gamma": 0.02565835246872079}, "datetime": {"datetime": "2021-09-29 08:44:42", "elapsed": 404.969698, "delta": 2.528318}}
{"target": -35.919408422360696, "params": {"C": 26743.56148532877, "gamma": 0.061285839954454684}, "datetime": {"datetime": "2021-09-29 08:44:44", "elapsed": 406.897471, "delta": 1.927773}}
{"target": -35.037833154029066, "params": {"C": 25001.418865909167, "gamma": 0.041976301262650964}, "datetime": {"datetime": "2021-09-29 08:44:47", "elapsed": 410.434839, "delta": 3.537368}}
{"target": -34.64228232631154, "params": {"C": 28823.05333767726, "gamma": 0.02779751755669894}, "datetime": {"datetime": "2021-09-29 08:44:49", "elapsed": 412.670247, "delta": 2.235408}}
{"target": -35.26258376240756, "params": {"C": 28022.874088107783, "gamma": 0.008987358756660794}, "datetime": {"datetime": "2021-09-29 08:44:52", "elapsed": 414.942476, "delta": 2.272229}}
{"target": -34.51131995408414, "params": {"C": 29525.583990199604, "gamma": 0.016176525204533033}, "datetime": {"datetime": "2021-09-29 08:44:53", "elapsed": 416.602459, "delta": 1.659983}}
{"target": -34.703338061449095, "params": {"C": 27921.346831949646, "gamma": 0.030333419848021608}, "datetime": {"datetime": "2021-09-29 08:44:55", "elapsed": 418.270457, "delta": 1.667998}}
{"target": -34.9343448743183, "params": {"C": 25351.660331585368, "gamma": 0.03893641177448632}, "datetime": {"datetime": "2021-09-29 08:44:57", "elapsed": 419.898027, "delta": 1.62757}}
{"target": -35.263585120401956, "params": {"C": 28270.726597283625, "gamma": 0.04496527661721822}, "datetime": {"datetime": "2021-09-29 08:44:58", "elapsed": 421.449979, "delta": 1.551952}}
{"target": -35.33627977441009, "params": {"C": 29996.48639988056, "gamma": 0.045137874730061874}, "datetime": {"datetime": "2021-09-29 08:45:00", "elapsed": 423.212298, "delta": 1.762319}}
{"target": -34.550549338551335, "params": {"C": 26563.482200258204, "gamma": 0.023383830053430383}, "datetime": {"datetime": "2021-09-29 08:45:04", "elapsed": 426.911387, "delta": 3.699089}}
{"target": -35.4619412828011, "params": {"C": 26116.108620665604, "gamma": 0.008105086179466786}, "datetime": {"datetime": "2021-09-29 08:45:07", "elapsed": 429.992964, "delta": 3.081577}}
{"target": -34.79184209910643, "params": {"C": 25001.385024702802, "gamma": 0.03458781994968433}, "datetime": {"datetime": "2021-09-29 08:45:10", "elapsed": 433.315226, "delta": 3.322262}}
{"target": -34.47951982998286, "params": {"C": 29334.784081222584, "gamma": 0.016822854069942828}, "datetime": {"datetime": "2021-09-29 08:45:12", "elapsed": 435.562483, "delta": 2.247257}}
{"target": -34.92592240283175, "params": {"C": 28888.491787814848, "gamma": 0.011387028641679012}, "datetime": {"datetime": "2021-09-29 08:45:14", "elapsed": 437.603847, "delta": 2.041364}}
{"target": -34.513044981737636, "params": {"C": 25706.429562972557, "gamma": 0.02056036116932689}, "datetime": {"datetime": "2021-09-29 08:45:16", "elapsed": 439.832549, "delta": 2.228702}}
{"target": -34.59856905375614, "params": {"C": 29334.808353746397, "gamma": 0.025961416874357365}, "datetime": {"datetime": "2021-09-29 08:45:20", "elapsed": 443.86021, "delta": 4.027661}}
{"target": -34.70293900990213, "params": {"C": 26998.645733917787, "gamma": 0.030592866022133586}, "datetime": {"datetime": "2021-09-29 08:45:24", "elapsed": 447.25689, "delta": 3.39668}}
{"target": -35.012249173915976, "params": {"C": 27446.921013885312, "gamma": 0.010797065888652094}, "datetime": {"datetime": "2021-09-29 08:45:27", "elapsed": 450.65446, "delta": 3.39757}}
{"target": -34.74375732873659, "params": {"C": 26717.832343205824, "gamma": 0.0321933289940597}, "datetime": {"datetime": "2021-09-29 08:45:30", "elapsed": 453.507527, "delta": 2.853067}}
{"target": -35.303306418109, "params": {"C": 29136.61032155288, "gamma": 0.04511105780951935}, "datetime": {"datetime": "2021-09-29 08:45:33", "elapsed": 456.582652, "delta": 3.075125}}
