{"target": -34.72887962323903, "params": {"C": 27030.82279616019, "gamma": 0.03532374156514181}, "datetime": {"datetime": "2021-09-29 08:39:45", "elapsed": 66.531385, "delta": 0.618996}}
{"target": -36.732961493643316, "params": {"C": 28993.05921853987, "gamma": 0.08559905830367807}, "datetime": {"datetime": "2021-09-29 08:39:46", "elapsed": 67.218626, "delta": 0.687241}}
{"target": -36.13696463153037, "params": {"C": 26234.423454771793, "gamma": 0.07183201278715709}, "datetime": {"datetime": "2021-09-29 08:39:47", "elapsed": 67.849621, "delta": 0.630995}}
{"target": -34.27311815902548, "params": {"C": 29367.28634420086, "gamma": 0.01591539469651374}, "datetime": {"datetime": "2021-09-29 08:39:47", "elapsed": 68.7413, "delta": 0.891679}}
{"target": -34.28052832933752, "params": {"C": 25660.49131729562, "gamma": 0.017038535132675964}, "datetime": {"datetime": "2021-09-29 08:39:48", "elapsed": 69.428492, "delta": 0.687192}}
{"target": -36.59576546265788, "params": {"C": 26874.811869488458, "gamma": 0.08438077340597015}, "datetime": {"datetime": "2021-09-29 08:39:49", "elapsed": 70.283489, "delta": 0.854997}}
{"target": -36.594732471306806, "params": {"C": 25779.493248871997, "gamma": 0.0861050121363495}, "datetime": {"datetime": "2021-09-29 08:39:50", "elapsed": 71.189706, "delta": 0.906217}}
{"target": -35.267004526816095, "params": {"C": 29254.687183877697, "gamma": 0.04750176088860667}, "datetime": {"datetime": "2021-09-29 08:39:51", "elapsed": 72.123704, "delta": 0.933998}}
{"target": -34.53349723749173, "params": {"C": 28821.24986272167, "gamma": 0.027624435745243345}, "datetime": {"datetime": "2021-09-29 08:39:52", "elapsed": 72.810708, "delta": 0.687004}}
{"target": -35.32755698656597, "params": {"C": 26621.455430934202, "gamma": 0.05056732500825508}, "datetime": {"datetime": "2021-09-29 08:39:52", "elapsed": 73.492589, "delta": 0.681881}}
{"target": -36.06194490167348, "params": {"C": 29251.940947091476, "gamma": 0.06662339570314753}, "datetime": {"datetime": "2021-09-29 08:39:53", "elapsed": 74.170293, "delta": 0.677704}}
{"target": -34.30488089515095, "params": {"C": 29084.54389628965, "gamma": 0.017573541103190267}, "datetime": {"datetime": "2021-09-29 08:39:54", "elapsed": 74.87829, "delta": 0.707997}}
{"target": -35.91499406616149, "params": {"C": 26574.61208496647, "gamma": 0.06547705665124366}, "datetime": {"datetime": "2021-09-29 08:39:54", "elapsed": 75.552024, "delta": 0.673734}}
{"target": -36.6370823646887, "params": {"C": 27216.43670707025, "gamma": 0.08517853177718773}, "datetime": {"datetime": "2021-09-29 08:39:55", "elapsed": 76.264022, "delta": 0.711998}}
{"target": -35.08522386714611, "params": {"C": 29001.492319908553, "gamma": 0.007139085864459867}, "datetime": {"datetime": "2021-09-29 08:39:56", "elapsed": 77.017031, "delta": 0.753009}}
{"target": -35.26115185579427, "params": {"C": 27402.44934163338, "gamma": 0.04847899082624283}, "datetime": {"datetime": "2021-09-29 08:39:57", "elapsed": 77.815259, "delta": 0.798228}}
{"target": -34.977011193333894, "params": {"C": 27894.09977716461, "gamma": 0.04150352659894276}, "datetime": {"datetime": "2021-09-29 08:39:57", "elapsed": 78.525253, "delta": 0.709994}}
{"target": -35.13609791440636, "params": {"C": 28293.932126326294, "gamma": 0.04504193588792755}, "datetime": {"datetime": "2021-09-29 08:39:58", "elapsed": 79.224276, "delta": 0.699023}}
{"target": -36.18748711392375, "params": {"C": 25817.63633045981, "gamma": 0.07379179303178977}, "datetime": {"datetime": "2021-09-29 08:39:59", "elapsed": 79.916274, "delta": 0.691998}}
{"target": -34.637758823143535, "params": {"C": 26743.850644387712, "gamma": 0.03250681522664722}, "datetime": {"datetime": "2021-09-29 08:39:59", "elapsed": 80.617275, "delta": 0.701001}}
{"target": -36.24759166852102, "params": {"C": 25391.9360158386, "gamma": 0.07613764588727524}, "datetime": {"datetime": "2021-09-29 08:40:00", "elapsed": 81.436815, "delta": 0.81954}}
{"target": -35.682858410337, "params": {"C": 25657.746201755122, "gamma": 0.060184628814666644}, "datetime": {"datetime": "2021-09-29 08:40:01", "elapsed": 82.190817, "delta": 0.754002}}
{"target": -36.580948948756394, "params": {"C": 28964.83473111213, "gamma": 0.08089591301914145}, "datetime": {"datetime": "2021-09-29 08:40:02", "elapsed": 83.277673, "delta": 1.086856}}
{"target": -36.990872906288445, "params": {"C": 27672.27913940279, "gamma": 0.0961905196638657}, "datetime": {"datetime": "2021-09-29 08:40:03", "elapsed": 84.025243, "delta": 0.74757}}
{"target": -36.19612385487476, "params": {"C": 29344.890630531143, "gamma": 0.07000319311085082}, "datetime": {"datetime": "2021-09-29 08:40:04", "elapsed": 84.894246, "delta": 0.869003}}
{"target": -35.97218680975177, "params": {"C": 27722.58555304288, "gamma": 0.06580074408898086}, "datetime": {"datetime": "2021-09-29 08:40:04", "elapsed": 85.718448, "delta": 0.824202}}
{"target": -35.19826821864216, "params": {"C": 29908.154354420847, "gamma": 0.04557957003520392}, "datetime": {"datetime": "2021-09-29 08:40:05", "elapsed": 86.594443, "delta": 0.875995}}
{"target": -35.740004706897274, "params": {"C": 26079.42647421929, "gamma": 0.061308783724771}, "datetime": {"datetime": "2021-09-29 08:40:06", "elapsed": 87.361344, "delta": 0.766901}}
{"target": -36.112412402280775, "params": {"C": 26063.84639467824, "gamma": 0.07133630427170405}, "datetime": {"datetime": "2021-09-29 08:40:07", "elapsed": 88.546354, "delta": 1.18501}}
{"target": -36.93162684750695, "params": {"C": 29788.307488522183, "gamma": 0.0909008904067222}, "datetime": {"datetime": "2021-09-29 08:40:08", "elapsed": 89.349684, "delta": 0.80333}}
{"target": -35.985167083228134, "params": {"C": 28436.234777023412, "gamma": 0.0654417012059551}, "datetime": {"datetime": "2021-09-29 08:40:09", "elapsed": 90.30568, "delta": 0.955996}}
{"target": -36.54758139992915, "params": {"C": 25323.8759268667, "gamma": 0.08531757307848736}, "datetime": {"datetime": "2021-09-29 08:40:10", "elapsed": 91.079675, "delta": 0.773995}}
{"target": -34.60638146740353, "params": {"C": 29830.386327972803, "gamma": 0.030172216386124606}, "datetime": {"datetime": "2021-09-29 08:40:11", "elapsed": 91.885386, "delta": 0.805711}}
{"target": -37.058205491679765, "params": {"C": 28998.994708310533, "gamma": 0.09581421574305153}, "datetime": {"datetime": "2021-09-29 08:40:11", "elapsed": 92.681387, "delta": 0.796001}}
{"target": -35.1126854495528, "params": {"C": 25437.317429621984, "gamma": 0.04617049809553398}, "datetime": {"datetime": "2021-09-29 08:40:12", "elapsed": 93.536577, "delta": 0.85519}}
{"target": -35.4482191413719, "params": {"C": 25967.82079495778, "gamma": 0.05397441678038623}, "datetime": {"datetime": "2021-09-29 08:40:13", "elapsed": 94.34417, "delta": 0.807593}}
{"target": -35.573126348995245, "params": {"C": 26400.774923589233, "gamma": 0.05674726222841694}, "datetime": {"datetime": "2021-09-29 08:40:14", "elapsed": 95.264427, "delta": 0.920257}}
{"target": -36.151973739022814, "params": {"C": 27184.75266791981, "gamma": 0.07116875528591465}, "datetime": {"datetime": "2021-09-29 08:40:15", "elapsed": 96.021425, "delta": 0.756998}}
{"target": -36.36191093747997, "params": {"C": 29640.420754034218, "gamma": 0.07404517572910961}, "datetime": {"datetime": "2021-09-29 08:40:16", "elapsed": 97.077426, "delta": 1.056001}}
{"target": -36.322174480830206, "params": {"C": 29264.375736322363, "gamma": 0.07340489473117559}, "datetime": {"datetime": "2021-09-29 08:40:17", "elapsed": 98.105572, "delta": 1.028146}}
{"target": -34.90633075700892, "params": {"C": 28657.912386988886, "gamma": 0.007879152080681358}, "datetime": {"datetime": "2021-09-29 08:40:18", "elapsed": 99.265362, "delta": 1.15979}}
{"target": -34.893512131970425, "params": {"C": 27412.37532385963, "gamma": 0.00810920084664255}, "datetime": {"datetime": "2021-09-29 08:40:19", "elapsed": 100.333363, "delta": 1.068001}}
{"target": -35.84823537284642, "params": {"C": 25090.35898698029, "gamma": 0.06518752898140961}, "datetime": {"datetime": "2021-09-29 08:40:20", "elapsed": 101.429082, "delta": 1.095719}}
{"target": -34.311138014198114, "params": {"C": 25389.937635031172, "gamma": 0.01876839763433555}, "datetime": {"datetime": "2021-09-29 08:40:21", "elapsed": 102.329091, "delta": 0.900009}}
{"target": -34.87443595873943, "params": {"C": 25284.234197719925, "gamma": 0.040355637006681565}, "datetime": {"datetime": "2021-09-29 08:40:22", "elapsed": 103.186084, "delta": 0.856993}}
{"target": -34.90889719930865, "params": {"C": 25732.553582807057, "gamma": 0.040982024728314206}, "datetime": {"datetime": "2021-09-29 08:40:23", "elapsed": 104.166543, "delta": 0.980459}}
{"target": -36.551615946276314, "params": {"C": 27051.34236546872, "gamma": 0.08273077754541552}, "datetime": {"datetime": "2021-09-29 08:40:24", "elapsed": 105.129543, "delta": 0.963}}
{"target": -34.42327576281311, "params": {"C": 28734.516545352722, "gamma": 0.011054677559362134}, "datetime": {"datetime": "2021-09-29 08:40:25", "elapsed": 105.894731, "delta": 0.765188}}
{"target": -36.22290813078927, "params": {"C": 28512.65136595332, "gamma": 0.07160510843205198}, "datetime": {"datetime": "2021-09-29 08:40:26", "elapsed": 107.055726, "delta": 1.160995}}
{"target": -34.39848070003922, "params": {"C": 25097.957125996665, "gamma": 0.02318759145180702}, "datetime": {"datetime": "2021-09-29 08:40:27", "elapsed": 108.47514, "delta": 1.419414}}
{"target": -36.86671886093905, "params": {"C": 26102.26310210868, "gamma": 0.09522267962572041}, "datetime": {"datetime": "2021-09-29 08:40:28", "elapsed": 109.341624, "delta": 0.866484}}
{"target": -34.278140923886134, "params": {"C": 25454.174876234392, "gamma": 0.016923131130211558}, "datetime": {"datetime": "2021-09-29 08:40:29", "elapsed": 110.290623, "delta": 0.948999}}
{"target": -36.82049818531886, "params": {"C": 25147.434194651447, "gamma": 0.09546860559293101}, "datetime": {"datetime": "2021-09-29 08:40:30", "elapsed": 111.331126, "delta": 1.040503}}
{"target": -34.43560301953313, "params": {"C": 29659.75916173763, "gamma": 0.023719755187187858}, "datetime": {"datetime": "2021-09-29 08:40:31", "elapsed": 112.126123, "delta": 0.794997}}
{"target": -35.77966426270299, "params": {"C": 27073.33494840783, "gamma": 0.06146874456717238}, "datetime": {"datetime": "2021-09-29 08:40:32", "elapsed": 112.997123, "delta": 0.871}}
{"target": -35.292618957978654, "params": {"C": 26857.595184811704, "gamma": 0.0495737893796268}, "datetime": {"datetime": "2021-09-29 08:40:33", "elapsed": 114.028025, "delta": 1.030902}}
{"target": -35.84883500157906, "params": {"C": 27580.35408498656, "gamma": 0.06284118953831866}, "datetime": {"datetime": "2021-09-29 08:40:34", "elapsed": 114.905026, "delta": 0.877001}}
{"target": -34.67049749064017, "params": {"C": 28025.67822813611, "gamma": 0.033249293031247996}, "datetime": {"datetime": "2021-09-29 08:40:35", "elapsed": 115.841212, "delta": 0.936186}}
{"target": -35.66486449708348, "params": {"C": 27808.41205524388, "gamma": 0.057927224432209816}, "datetime": {"datetime": "2021-09-29 08:40:35", "elapsed": 116.641209, "delta": 0.799997}}
{"target": -34.309786651961396, "params": {"C": 28609.19028677103, "gamma": 0.017922954092002133}, "datetime": {"datetime": "2021-09-29 08:40:36", "elapsed": 117.540712, "delta": 0.899503}}
{"target": -34.805470077715874, "params": {"C": 26042.522816930225, "gamma": 0.03800372589514249}, "datetime": {"datetime": "2021-09-29 08:40:37", "elapsed": 118.596714, "delta": 1.056002}}
{"target": -34.79222968644477, "params": {"C": 27386.25468333412, "gamma": 0.03696431610486593}, "datetime": {"datetime": "2021-09-29 08:40:38", "elapsed": 119.462551, "delta": 0.865837}}
{"target": -36.49229466356966, "params": {"C": 25125.508307353644, "gamma": 0.0838771050671301}, "datetime": {"datetime": "2021-09-29 08:40:39", "elapsed": 120.654339, "delta": 1.191788}}
{"target": -34.48115659453779, "params": {"C": 25224.816490200174, "gamma": 0.026766816528764163}, "datetime": {"datetime": "2021-09-29 08:40:40", "elapsed": 121.540679, "delta": 0.88634}}
{"target": -36.94958942953944, "params": {"C": 25795.054513825104, "gamma": 0.09853963065055373}, "datetime": {"datetime": "2021-09-29 08:40:41", "elapsed": 122.504682, "delta": 0.964003}}
{"target": -36.00450470487168, "params": {"C": 29747.430531493956, "gamma": 0.0647128072999185}, "datetime": {"datetime": "2021-09-29 08:40:42", "elapsed": 123.373347, "delta": 0.868665}}
{"target": -37.03507279011695, "params": {"C": 29853.014220829344, "gamma": 0.09368391058229388}, "datetime": {"datetime": "2021-09-29 08:40:43", "elapsed": 124.234011, "delta": 0.860664}}
{"target": -36.42826655148914, "params": {"C": 26302.345063472654, "gamma": 0.08014304514982634}, "datetime": {"datetime": "2021-09-29 08:40:44", "elapsed": 125.12501, "delta": 0.890999}}
{"target": -37.06828423528015, "params": {"C": 27132.379627965394, "gamma": 0.09960840286993522}, "datetime": {"datetime": "2021-09-29 08:40:45", "elapsed": 126.338158, "delta": 1.213148}}
{"target": -34.307490972458865, "params": {"C": 27554.26604987585, "gamma": 0.013486094509108305}, "datetime": {"datetime": "2021-09-29 08:40:46", "elapsed": 127.261168, "delta": 0.92301}}
{"target": -36.13194043614922, "params": {"C": 29078.73642103724, "gamma": 0.06862033306722916}, "datetime": {"datetime": "2021-09-29 08:40:47", "elapsed": 128.235025, "delta": 0.973857}}
{"target": -36.46154030924967, "params": {"C": 26718.427949186702, "gamma": 0.08051529689989326}, "datetime": {"datetime": "2021-09-29 08:40:48", "elapsed": 129.129712, "delta": 0.894687}}
{"target": -34.37690088234255, "params": {"C": 27693.505692556293, "gamma": 0.02151201931238188}, "datetime": {"datetime": "2021-09-29 08:40:49", "elapsed": 130.352033, "delta": 1.222321}}
{"target": -35.452374200447714, "params": {"C": 27227.574555916042, "gamma": 0.05315107310933523}, "datetime": {"datetime": "2021-09-29 08:40:50", "elapsed": 131.408717, "delta": 1.056684}}
{"target": -34.27183977988585, "params": {"C": 28148.00782961528, "gamma": 0.016049473108982453}, "datetime": {"datetime": "2021-09-29 08:40:51", "elapsed": 132.391723, "delta": 0.983006}}
{"target": -35.45021503027769, "params": {"C": 29893.329746221505, "gamma": 0.05131936473152519}, "datetime": {"datetime": "2021-09-29 08:40:52", "elapsed": 133.574416, "delta": 1.182693}}
{"target": -35.34178007270464, "params": {"C": 25789.377253152266, "gamma": 0.051491560007123995}, "datetime": {"datetime": "2021-09-29 08:40:53", "elapsed": 134.573059, "delta": 0.998643}}
{"target": -35.33992319624289, "params": {"C": 28091.010404825618, "gamma": 0.04989424417633341}, "datetime": {"datetime": "2021-09-29 08:40:54", "elapsed": 135.495501, "delta": 0.922442}}
{"target": -34.579117503874826, "params": {"C": 26618.694654632884, "gamma": 0.030150266952763422}, "datetime": {"datetime": "2021-09-29 08:40:55", "elapsed": 136.397496, "delta": 0.901995}}
{"target": -36.51793835351941, "params": {"C": 26484.825307445095, "gamma": 0.08254756840802531}, "datetime": {"datetime": "2021-09-29 08:40:56", "elapsed": 137.329502, "delta": 0.932006}}
{"target": -35.43231137340139, "params": {"C": 28268.044860155125, "gamma": 0.0059674643392706814}, "datetime": {"datetime": "2021-09-29 08:40:58", "elapsed": 138.837378, "delta": 1.507876}}
{"target": -36.09703513345972, "params": {"C": 28445.11751096262, "gamma": 0.06833191250622848}, "datetime": {"datetime": "2021-09-29 08:40:59", "elapsed": 139.946629, "delta": 1.109251}}
{"target": -34.63845201673041, "params": {"C": 28466.10074697228, "gamma": 0.031915796330818084}, "datetime": {"datetime": "2021-09-29 08:41:00", "elapsed": 140.911631, "delta": 0.965002}}
{"target": -34.31796481205333, "params": {"C": 27843.799282990032, "gamma": 0.01850876687046054}, "datetime": {"datetime": "2021-09-29 08:41:01", "elapsed": 142.429977, "delta": 1.518346}}
{"target": -36.852464980258894, "params": {"C": 29163.35329751072, "gamma": 0.0893013020540216}, "datetime": {"datetime": "2021-09-29 08:41:02", "elapsed": 143.421174, "delta": 0.991197}}
{"target": -34.311241648609744, "params": {"C": 26280.232655507003, "gamma": 0.013729842952590103}, "datetime": {"datetime": "2021-09-29 08:41:03", "elapsed": 144.435874, "delta": 1.0147}}
{"target": -36.76029618417663, "params": {"C": 26240.85715284583, "gamma": 0.09109559714556771}, "datetime": {"datetime": "2021-09-29 08:41:04", "elapsed": 145.764092, "delta": 1.328218}}
{"target": -36.458256380611594, "params": {"C": 26554.598854873188, "gamma": 0.08065512088552926}, "datetime": {"datetime": "2021-09-29 08:41:05", "elapsed": 146.761096, "delta": 0.997004}}
{"target": -37.15746259441551, "params": {"C": 29504.249623262855, "gamma": 0.0979406076588659}, "datetime": {"datetime": "2021-09-29 08:41:06", "elapsed": 147.753732, "delta": 0.992636}}
{"target": -34.96766611401927, "params": {"C": 27126.744763069128, "gamma": 0.04168460664838042}, "datetime": {"datetime": "2021-09-29 08:41:08", "elapsed": 148.829933, "delta": 1.076201}}
{"target": -35.03410212103523, "params": {"C": 26777.260153881158, "gamma": 0.04350267415092113}, "datetime": {"datetime": "2021-09-29 08:41:09", "elapsed": 150.150063, "delta": 1.32013}}
{"target": -36.66877777667491, "params": {"C": 25782.426433280423, "gamma": 0.08861605398535065}, "datetime": {"datetime": "2021-09-29 08:41:10", "elapsed": 151.484704, "delta": 1.334641}}
{"target": -35.67485764934241, "params": {"C": 29098.00639062431, "gamma": 0.05718775083862398}, "datetime": {"datetime": "2021-09-29 08:41:11", "elapsed": 152.745703, "delta": 1.260999}}
{"target": -36.61528397019318, "params": {"C": 25218.295044764407, "gamma": 0.0877524982897482}, "datetime": {"datetime": "2021-09-29 08:41:13", "elapsed": 154.102015, "delta": 1.356312}}
{"target": -34.311950282890294, "params": {"C": 25123.10536283351, "gamma": 0.014066995135954719}, "datetime": {"datetime": "2021-09-29 08:41:14", "elapsed": 155.22701, "delta": 1.124995}}
{"target": -36.91489427394698, "params": {"C": 26739.270459247375, "gamma": 0.09559648358748542}, "datetime": {"datetime": "2021-09-29 08:41:15", "elapsed": 156.30227, "delta": 1.07526}}
{"target": -35.77540078872612, "params": {"C": 29465.875681604957, "gamma": 0.05938971547634222}, "datetime": {"datetime": "2021-09-29 08:41:17", "elapsed": 157.914454, "delta": 1.612184}}
{"target": -36.727244582072096, "params": {"C": 27356.134495646853, "gamma": 0.08797915301883648}, "datetime": {"datetime": "2021-09-29 08:41:18", "elapsed": 158.890072, "delta": 0.975618}}
{"target": -35.68203098503114, "params": {"C": 27545.063493158817, "gamma": 0.005251915974552983}, "datetime": {"datetime": "2021-09-29 08:41:19", "elapsed": 160.117452, "delta": 1.22738}}
{"target": -35.22696456061806, "params": {"C": 28972.271855619114, "gamma": 0.046747959739335446}, "datetime": {"datetime": "2021-09-29 08:41:20", "elapsed": 161.26345, "delta": 1.145998}}
{"target": -36.816460585962076, "params": {"C": 26155.138000736482, "gamma": 0.09333116740362507}, "datetime": {"datetime": "2021-09-29 08:41:21", "elapsed": 162.309745, "delta": 1.046295}}
{"target": -34.37398668725225, "params": {"C": 28335.500805443575, "gamma": 0.01185187711003723}, "datetime": {"datetime": "2021-09-29 08:41:23", "elapsed": 164.058055, "delta": 1.74831}}
{"target": -35.66514619995883, "params": {"C": 26246.414218761704, "gamma": 0.05921292116659339}, "datetime": {"datetime": "2021-09-29 08:41:24", "elapsed": 165.441048, "delta": 1.382993}}
{"target": -35.08204391995642, "params": {"C": 29658.48389545954, "gamma": 0.043090199379605044}, "datetime": {"datetime": "2021-09-29 08:41:25", "elapsed": 166.436798, "delta": 0.99575}}
{"target": -35.29423939816388, "params": {"C": 27777.570897419493, "gamma": 0.0490212492054502}, "datetime": {"datetime": "2021-09-29 08:41:26", "elapsed": 167.473797, "delta": 1.036999}}
{"target": -36.61713568981762, "params": {"C": 29157.2476026113, "gamma": 0.0817137950847645}, "datetime": {"datetime": "2021-09-29 08:41:27", "elapsed": 168.529966, "delta": 1.056169}}
{"target": -36.444276169519405, "params": {"C": 27522.839152794346, "gamma": 0.07889642336782918}, "datetime": {"datetime": "2021-09-29 08:41:28", "elapsed": 169.631759, "delta": 1.101793}}
{"target": -37.091477723867534, "params": {"C": 27810.196239218716, "gamma": 0.0990205608602606}, "datetime": {"datetime": "2021-09-29 08:41:29", "elapsed": 170.600771, "delta": 0.969012}}
{"target": -36.837566989212625, "params": {"C": 28643.955844503485, "gamma": 0.08965461931814939}, "datetime": {"datetime": "2021-09-29 08:41:31", "elapsed": 171.844126, "delta": 1.243355}}
{"target": -36.75142358798946, "params": {"C": 29900.420036802527, "gamma": 0.08487030991892022}, "datetime": {"datetime": "2021-09-29 08:41:32", "elapsed": 172.831127, "delta": 0.987001}}
{"target": -35.6985806455242, "params": {"C": 26280.995727555463, "gamma": 0.060047228847588306}, "datetime": {"datetime": "2021-09-29 08:41:33", "elapsed": 174.373488, "delta": 1.542361}}
{"target": -34.74445687132661, "params": {"C": 26730.28799917575, "gamma": 0.03590653424351027}, "datetime": {"datetime": "2021-09-29 08:41:34", "elapsed": 175.372483, "delta": 0.998995}}
{"target": -35.25601639741039, "params": {"C": 25573.631653776767, "gamma": 0.006925272669186402}, "datetime": {"datetime": "2021-09-29 08:41:35", "elapsed": 176.308305, "delta": 0.935822}}
{"target": -35.39424109141864, "params": {"C": 26862.638504675346, "gamma": 0.0062531904770591696}, "datetime": {"datetime": "2021-09-29 08:41:36", "elapsed": 177.501913, "delta": 1.193608}}
{"target": -35.468633536660796, "params": {"C": 26080.823503862623, "gamma": 0.054393459244955394}, "datetime": {"datetime": "2021-09-29 08:41:37", "elapsed": 178.802769, "delta": 1.300856}}
{"target": -37.008727529642414, "params": {"C": 29399.013891324346, "gamma": 0.09368489363130394}, "datetime": {"datetime": "2021-09-29 08:41:38", "elapsed": 179.784713, "delta": 0.981944}}
