{"target": -35.10969794748719, "params": {"C": 11761.036859108197, "gamma": 0.013270355129606993}, "datetime": {"datetime": "2021-09-28 19:53:42", "elapsed": 822.666806, "delta": 3.414572}}
{"target": -34.65949461050741, "params": {"C": 10627.074048790564, "gamma": 0.023307097821808162}, "datetime": {"datetime": "2021-09-28 19:53:45", "elapsed": 825.170894, "delta": 2.504088}}
{"target": -34.80238441845957, "params": {"C": 10717.824173340858, "gamma": 0.04016426305861817}, "datetime": {"datetime": "2021-09-28 19:53:48", "elapsed": 828.519895, "delta": 3.349001}}
{"target": -34.84003591286886, "params": {"C": 12589.736747280667, "gamma": 0.04143128394912951}, "datetime": {"datetime": "2021-09-28 19:53:51", "elapsed": 831.133387, "delta": 2.613492}}
{"target": -34.689262278154374, "params": {"C": 12651.75146973741, "gamma": 0.01833893716426472}, "datetime": {"datetime": "2021-09-28 19:53:53", "elapsed": 833.495518, "delta": 2.362131}}
{"target": -34.71578322574445, "params": {"C": 13290.00747561653, "gamma": 0.0345750073004829}, "datetime": {"datetime": "2021-09-28 19:53:57", "elapsed": 837.85827, "delta": 4.362752}}
{"target": -35.586736190345405, "params": {"C": 13310.811559245998, "gamma": 0.07347130494853897}, "datetime": {"datetime": "2021-09-28 19:54:00", "elapsed": 840.174224, "delta": 2.315954}}
{"target": -34.65403456473021, "params": {"C": 12370.56450469795, "gamma": 0.030757063245594005}, "datetime": {"datetime": "2021-09-28 19:54:03", "elapsed": 843.413395, "delta": 3.239171}}
{"target": -35.36380111174128, "params": {"C": 12399.227477224023, "gamma": 0.010760788048072383}, "datetime": {"datetime": "2021-09-28 19:54:09", "elapsed": 849.122126, "delta": 5.708731}}
{"target": -34.724718578974105, "params": {"C": 12370.559425666488, "gamma": 0.01773612981045235}, "datetime": {"datetime": "2021-09-28 19:54:13", "elapsed": 853.818348, "delta": 4.696222}}
{"target": -34.64567362223898, "params": {"C": 9812.125847798843, "gamma": 0.02860421046286273}, "datetime": {"datetime": "2021-09-28 19:54:23", "elapsed": 863.891133, "delta": 10.072785}}
{"target": -34.6255187841516, "params": {"C": 12901.0900361535, "gamma": 0.021084721828241722}, "datetime": {"datetime": "2021-09-28 19:54:27", "elapsed": 867.048801, "delta": 3.157668}}
{"target": -34.69967703124105, "params": {"C": 12973.236369148735, "gamma": 0.033644691218647424}, "datetime": {"datetime": "2021-09-28 19:54:30", "elapsed": 870.383683, "delta": 3.334882}}
{"target": -34.89826192152729, "params": {"C": 9883.773474687743, "gamma": 0.045680236000986134}, "datetime": {"datetime": "2021-09-28 19:54:32", "elapsed": 872.874842, "delta": 2.491159}}
{"target": -34.680495786236804, "params": {"C": 11492.547918454322, "gamma": 0.03265732342899158}, "datetime": {"datetime": "2021-09-28 19:54:37", "elapsed": 877.00954, "delta": 4.134698}}
{"target": -35.214551569582966, "params": {"C": 11921.349588635518, "gamma": 0.012228012537728488}, "datetime": {"datetime": "2021-09-28 19:54:41", "elapsed": 881.507584, "delta": 4.498044}}
{"target": -35.75474250683984, "params": {"C": 11680.16727550983, "gamma": 0.007804509351376996}, "datetime": {"datetime": "2021-09-28 19:54:48", "elapsed": 888.038696, "delta": 6.531112}}
{"target": -34.85487035311433, "params": {"C": 11938.741807503302, "gamma": 0.04246965904989585}, "datetime": {"datetime": "2021-09-28 19:54:50", "elapsed": 890.527082, "delta": 2.488386}}
{"target": -34.96926333527078, "params": {"C": 12748.982344501263, "gamma": 0.04772439795429573}, "datetime": {"datetime": "2021-09-28 19:54:53", "elapsed": 893.598977, "delta": 3.071895}}
{"target": -34.74335269418856, "params": {"C": 10567.064905248051, "gamma": 0.03691174052794483}, "datetime": {"datetime": "2021-09-28 19:54:56", "elapsed": 896.211675, "delta": 2.612698}}
{"target": -34.780024236186996, "params": {"C": 12510.83757894549, "gamma": 0.01686866825518755}, "datetime": {"datetime": "2021-09-28 19:54:58", "elapsed": 898.931683, "delta": 2.720008}}
{"target": -34.832352726732815, "params": {"C": 12642.316541870092, "gamma": 0.016081022561614946}, "datetime": {"datetime": "2021-09-28 19:55:03", "elapsed": 903.092928, "delta": 4.161245}}
{"target": -34.67392275363428, "params": {"C": 12134.831316750926, "gamma": 0.03212259765984508}, "datetime": {"datetime": "2021-09-28 19:55:06", "elapsed": 906.638194, "delta": 3.545266}}
{"target": -34.62291135078014, "params": {"C": 11005.027671730088, "gamma": 0.02763969675965725}, "datetime": {"datetime": "2021-09-28 19:55:10", "elapsed": 910.117239, "delta": 3.479045}}
{"target": -34.61373685215935, "params": {"C": 12370.529605774835, "gamma": 0.022828251390310823}, "datetime": {"datetime": "2021-09-28 19:55:17", "elapsed": 917.132283, "delta": 7.015044}}
{"target": -36.08043676485518, "params": {"C": 12651.741436720076, "gamma": 0.005396906895979471}, "datetime": {"datetime": "2021-09-28 19:55:22", "elapsed": 922.143651, "delta": 5.011368}}
{"target": -34.8635503480945, "params": {"C": 12700.296400510484, "gamma": 0.042587509244970324}, "datetime": {"datetime": "2021-09-28 19:55:26", "elapsed": 926.458652, "delta": 4.315001}}
{"target": -34.722271847929115, "params": {"C": 11139.20471872437, "gamma": 0.03543629144215841}, "datetime": {"datetime": "2021-09-28 19:55:32", "elapsed": 932.762118, "delta": 6.303466}}
{"target": -35.706012413732466, "params": {"C": 13693.397072405336, "gamma": 0.007873634468382011}, "datetime": {"datetime": "2021-09-28 19:55:36", "elapsed": 936.810792, "delta": 4.048674}}
{"target": -34.66470428060142, "params": {"C": 13667.381004538365, "gamma": 0.03131658333659548}, "datetime": {"datetime": "2021-09-28 19:55:41", "elapsed": 941.330762, "delta": 4.51997}}
{"target": -35.6141528048573, "params": {"C": 11689.769583626536, "gamma": 0.07741127297080515}, "datetime": {"datetime": "2021-09-28 19:55:43", "elapsed": 943.87287, "delta": 2.542108}}
{"target": -34.64127613668425, "params": {"C": 11949.139508002101, "gamma": 0.021759114236272453}, "datetime": {"datetime": "2021-09-28 19:55:46", "elapsed": 946.725053, "delta": 2.852183}}
{"target": -34.59422692153035, "params": {"C": 12399.272876405528, "gamma": 0.024839561395049534}, "datetime": {"datetime": "2021-09-28 19:55:54", "elapsed": 954.160503, "delta": 7.43545}}
{"target": -35.16161481346419, "params": {"C": 13688.55814699945, "gamma": 0.012145107305961089}, "datetime": {"datetime": "2021-09-28 19:55:57", "elapsed": 957.636304, "delta": 3.475801}}
{"target": -35.04495543339836, "params": {"C": 12749.008409519081, "gamma": 0.013501468755940625}, "datetime": {"datetime": "2021-09-28 19:56:03", "elapsed": 963.260574, "delta": 5.62427}}
{"target": -34.68399638374521, "params": {"C": 12552.19150788839, "gamma": 0.018659178683709202}, "datetime": {"datetime": "2021-09-28 19:56:08", "elapsed": 968.886092, "delta": 5.625518}}
{"target": -34.68974142322669, "params": {"C": 13667.36455259694, "gamma": 0.03290817304107064}, "datetime": {"datetime": "2021-09-28 19:56:13", "elapsed": 973.618475, "delta": 4.732383}}
{"target": -34.733034058480975, "params": {"C": 13088.17725817161, "gamma": 0.017223242957983734}, "datetime": {"datetime": "2021-09-28 19:56:20", "elapsed": 980.246101, "delta": 6.627626}}
{"target": -34.88111454307078, "params": {"C": 9283.313520450532, "gamma": 0.045060618231752954}, "datetime": {"datetime": "2021-09-28 19:56:24", "elapsed": 984.153451, "delta": 3.90735}}
{"target": -35.00557325910587, "params": {"C": 10121.156165629887, "gamma": 0.015091538610251216}, "datetime": {"datetime": "2021-09-28 19:56:26", "elapsed": 986.918762, "delta": 2.765311}}
{"target": -36.02341156988142, "params": {"C": 12552.156266380654, "gamma": 0.00579588995390321}, "datetime": {"datetime": "2021-09-28 19:56:31", "elapsed": 991.781734, "delta": 4.862972}}
{"target": -34.93164002827401, "params": {"C": 9001.40165370852, "gamma": 0.04795244688041506}, "datetime": {"datetime": "2021-09-28 19:56:37", "elapsed": 997.159616, "delta": 5.377882}}
{"target": -35.0481403339089, "params": {"C": 11704.962860713424, "gamma": 0.05221659738518928}, "datetime": {"datetime": "2021-09-28 19:56:41", "elapsed": 1001.336565, "delta": 4.176949}}
{"target": -35.41591896827109, "params": {"C": 9906.225738094288, "gamma": 0.0734126857718889}, "datetime": {"datetime": "2021-09-28 19:56:44", "elapsed": 1004.192864, "delta": 2.856299}}
{"target": -35.01319672567071, "params": {"C": 9634.57652158276, "gamma": 0.05193389461832012}, "datetime": {"datetime": "2021-09-28 19:56:47", "elapsed": 1007.06974, "delta": 2.876876}}
{"target": -34.5801211226789, "params": {"C": 13475.17314831651, "gamma": 0.023449217817272713}, "datetime": {"datetime": "2021-09-28 19:56:51", "elapsed": 1011.752737, "delta": 4.682997}}
{"target": -35.700524267049104, "params": {"C": 13136.605401831275, "gamma": 0.007990293456467531}, "datetime": {"datetime": "2021-09-28 19:56:55", "elapsed": 1015.573242, "delta": 3.820505}}
{"target": -35.07621533324159, "params": {"C": 13688.597021466794, "gamma": 0.052137460682746786}, "datetime": {"datetime": "2021-09-28 19:57:00", "elapsed": 1020.111941, "delta": 4.538699}}
{"target": -34.651921800839155, "params": {"C": 12724.999158025847, "gamma": 0.03057388790514847}, "datetime": {"datetime": "2021-09-28 19:57:06", "elapsed": 1025.972234, "delta": 5.860293}}
{"target": -34.95049658365301, "params": {"C": 10300.214076693359, "gamma": 0.015653285599828093}, "datetime": {"datetime": "2021-09-28 19:57:08", "elapsed": 1028.847316, "delta": 2.875082}}
{"target": -35.82573331965371, "params": {"C": 10378.26344960034, "gamma": 0.007397459392929554}, "datetime": {"datetime": "2021-09-28 19:57:11", "elapsed": 1031.604467, "delta": 2.757151}}
{"target": -34.60301949646749, "params": {"C": 13629.599829792152, "gamma": 0.021254696441883866}, "datetime": {"datetime": "2021-09-28 19:57:17", "elapsed": 1037.674649, "delta": 6.070182}}
{"target": -35.04230325542885, "params": {"C": 9417.283814345095, "gamma": 0.053674897317983035}, "datetime": {"datetime": "2021-09-28 19:57:26", "elapsed": 1046.580462, "delta": 8.905813}}
{"target": -35.30808728047876, "params": {"C": 10116.133521169138, "gamma": 0.011927134804427919}, "datetime": {"datetime": "2021-09-28 19:57:30", "elapsed": 1050.630417, "delta": 4.049955}}
{"target": -35.58970208500737, "params": {"C": 11894.460755856117, "gamma": 0.07612537511645909}, "datetime": {"datetime": "2021-09-28 19:57:33", "elapsed": 1053.339963, "delta": 2.709546}}
{"target": -34.64944195842835, "params": {"C": 11482.277074771133, "gamma": 0.030547935182702466}, "datetime": {"datetime": "2021-09-28 19:57:38", "elapsed": 1058.067516, "delta": 4.727553}}
{"target": -34.75410727427185, "params": {"C": 12651.76128404123, "gamma": 0.03692480579597745}, "datetime": {"datetime": "2021-09-28 19:57:43", "elapsed": 1063.430951, "delta": 5.363435}}
{"target": -35.78950140265563, "params": {"C": 9606.92191579629, "gamma": 0.007794751908491503}, "datetime": {"datetime": "2021-09-28 19:57:48", "elapsed": 1068.469299, "delta": 5.038348}}
{"target": -35.404436625483434, "params": {"C": 12923.889680651428, "gamma": 0.01029557335523159}, "datetime": {"datetime": "2021-09-28 19:57:51", "elapsed": 1071.210803, "delta": 2.741504}}
{"target": -34.849947906951876, "params": {"C": 13475.190749888268, "gamma": 0.04158014123668326}, "datetime": {"datetime": "2021-09-28 19:57:56", "elapsed": 1076.133924, "delta": 4.923121}}
{"target": -35.998569437224525, "params": {"C": 13629.588654455087, "gamma": 0.005915641215212198}, "datetime": {"datetime": "2021-09-28 19:58:01", "elapsed": 1081.045036, "delta": 4.911112}}
{"target": -34.635769657031176, "params": {"C": 13693.428669549523, "gamma": 0.019378502067192795}, "datetime": {"datetime": "2021-09-28 19:58:10", "elapsed": 1090.837367, "delta": 9.792331}}
{"target": -35.110393859597224, "params": {"C": 13749.941190681486, "gamma": 0.01256704127336886}, "datetime": {"datetime": "2021-09-28 19:58:15", "elapsed": 1095.077017, "delta": 4.23965}}
{"target": -34.948304038750045, "params": {"C": 9971.650139233265, "gamma": 0.015869271682198673}, "datetime": {"datetime": "2021-09-28 19:58:19", "elapsed": 1099.328945, "delta": 4.251928}}
{"target": -34.61900074889937, "params": {"C": 11666.074777635695, "gamma": 0.02760442441143842}, "datetime": {"datetime": "2021-09-28 19:58:22", "elapsed": 1102.304691, "delta": 2.975746}}
{"target": -35.25567446195241, "params": {"C": 9844.009690404975, "gamma": 0.012558408879974635}, "datetime": {"datetime": "2021-09-28 19:58:25", "elapsed": 1105.292695, "delta": 2.988004}}
{"target": -34.67207175999693, "params": {"C": 10403.40759786036, "gamma": 0.03227618039180301}, "datetime": {"datetime": "2021-09-28 19:58:28", "elapsed": 1108.243896, "delta": 2.951201}}
{"target": -35.252709946922096, "params": {"C": 11974.620691264989, "gamma": 0.011861968235074873}, "datetime": {"datetime": "2021-09-28 19:58:31", "elapsed": 1111.043419, "delta": 2.799523}}
{"target": -35.4984096990326, "params": {"C": 10987.909942964394, "gamma": 0.07463261321285738}, "datetime": {"datetime": "2021-09-28 19:58:33", "elapsed": 1113.8542, "delta": 2.810781}}
{"target": -34.785959725904064, "params": {"C": 11148.598433532443, "gamma": 0.03910888247493471}, "datetime": {"datetime": "2021-09-28 19:58:36", "elapsed": 1116.794529, "delta": 2.940329}}
{"target": -34.69313551868801, "params": {"C": 11761.062371496853, "gamma": 0.03344151282317636}, "datetime": {"datetime": "2021-09-28 19:58:42", "elapsed": 1122.133902, "delta": 5.339373}}
{"target": -34.752238364535856, "params": {"C": 11680.143382088572, "gamma": 0.03710101358297616}, "datetime": {"datetime": "2021-09-28 19:58:47", "elapsed": 1127.893239, "delta": 5.759337}}
{"target": -35.430227367818986, "params": {"C": 10219.785126696035, "gamma": 0.010733249088011876}, "datetime": {"datetime": "2021-09-28 19:58:53", "elapsed": 1133.112337, "delta": 5.219098}}
{"target": -34.89540903022679, "params": {"C": 10717.803641454302, "gamma": 0.045127298566675515}, "datetime": {"datetime": "2021-09-28 19:58:58", "elapsed": 1138.172923, "delta": 5.060586}}
{"target": -34.87019467379399, "params": {"C": 11730.021217667116, "gamma": 0.043363314342954394}, "datetime": {"datetime": "2021-09-28 19:59:03", "elapsed": 1143.8722, "delta": 5.699277}}
{"target": -35.824292594577535, "params": {"C": 11242.555737838326, "gamma": 0.007321680513049015}, "datetime": {"datetime": "2021-09-28 19:59:07", "elapsed": 1147.798505, "delta": 3.926305}}
{"target": -34.63672368007226, "params": {"C": 12651.768411442354, "gamma": 0.020817862513431148}, "datetime": {"datetime": "2021-09-28 19:59:12", "elapsed": 1152.367684, "delta": 4.569179}}
{"target": -34.67482075193726, "params": {"C": 10403.422596880499, "gamma": 0.03246381363321038}, "datetime": {"datetime": "2021-09-28 19:59:16", "elapsed": 1156.776146, "delta": 4.408462}}
{"target": -34.93651721999855, "params": {"C": 11217.39352737262, "gamma": 0.046962757121989496}, "datetime": {"datetime": "2021-09-28 19:59:20", "elapsed": 1160.024155, "delta": 3.248009}}
{"target": -34.71001049295876, "params": {"C": 10880.66873631515, "gamma": 0.020146782492378557}, "datetime": {"datetime": "2021-09-28 19:59:24", "elapsed": 1164.845679, "delta": 4.821524}}
{"target": -35.02489716771685, "params": {"C": 11242.551442819245, "gamma": 0.05138539847178479}, "datetime": {"datetime": "2021-09-28 19:59:28", "elapsed": 1168.887278, "delta": 4.041599}}
{"target": -34.84897459794296, "params": {"C": 11680.164689881629, "gamma": 0.04227247481551793}, "datetime": {"datetime": "2021-09-28 19:59:34", "elapsed": 1174.570871, "delta": 5.683593}}
{"target": -34.931468685365274, "params": {"C": 11761.071504883075, "gamma": 0.01514023688452509}, "datetime": {"datetime": "2021-09-28 19:59:39", "elapsed": 1179.680795, "delta": 5.109924}}
{"target": -34.88710781982516, "params": {"C": 9705.379993001443, "gamma": 0.045176687112322256}, "datetime": {"datetime": "2021-09-28 19:59:44", "elapsed": 1184.356635, "delta": 4.67584}}
{"target": -34.95993567635401, "params": {"C": 11784.894629796838, "gamma": 0.04781487864715841}, "datetime": {"datetime": "2021-09-28 19:59:47", "elapsed": 1187.6015, "delta": 3.244865}}
{"target": -35.772520866910874, "params": {"C": 11506.55873477534, "gamma": 0.007692256329902271}, "datetime": {"datetime": "2021-09-28 19:59:50", "elapsed": 1190.60389, "delta": 3.00239}}
{"target": -34.6766730530873, "params": {"C": 9514.622176600415, "gamma": 0.032676985554781976}, "datetime": {"datetime": "2021-09-28 19:59:53", "elapsed": 1193.938206, "delta": 3.334316}}
{"target": -34.68637161351328, "params": {"C": 12974.688003354519, "gamma": 0.03280534416078906}, "datetime": {"datetime": "2021-09-28 19:59:59", "elapsed": 1199.514145, "delta": 5.575939}}
{"target": -35.32549679647738, "params": {"C": 9399.581732434623, "gamma": 0.06951850486407814}, "datetime": {"datetime": "2021-09-28 20:00:02", "elapsed": 1202.686184, "delta": 3.172039}}
{"target": -36.28295582376759, "params": {"C": 12370.544642473873, "gamma": 0.0034953287727089665}, "datetime": {"datetime": "2021-09-28 20:00:06", "elapsed": 1206.854374, "delta": 4.16819}}
{"target": -34.65729796885461, "params": {"C": 13433.671869172267, "gamma": 0.01862688344914817}, "datetime": {"datetime": "2021-09-28 20:00:10", "elapsed": 1210.18314, "delta": 3.328766}}
{"target": -35.53212169374994, "params": {"C": 11521.447854789876, "gamma": 0.07479799427587341}, "datetime": {"datetime": "2021-09-28 20:00:13", "elapsed": 1213.648122, "delta": 3.464982}}
{"target": -34.622342181114526, "params": {"C": 12399.286348592226, "gamma": 0.028532900432670684}, "datetime": {"datetime": "2021-09-28 20:00:18", "elapsed": 1218.214888, "delta": 4.566766}}
{"target": -34.64854856654566, "params": {"C": 12700.284701102877, "gamma": 0.020057508366294496}, "datetime": {"datetime": "2021-09-28 20:00:25", "elapsed": 1225.1302, "delta": 6.915312}}
{"target": -34.746310744603306, "params": {"C": 12962.259989157383, "gamma": 0.01710422233843211}, "datetime": {"datetime": "2021-09-28 20:00:29", "elapsed": 1229.84572, "delta": 4.71552}}
{"target": -34.79355020539246, "params": {"C": 12901.107471146426, "gamma": 0.0389209292498}, "datetime": {"datetime": "2021-09-28 20:00:35", "elapsed": 1235.034737, "delta": 5.189017}}
{"target": -34.70935666298542, "params": {"C": 10837.778886149397, "gamma": 0.03467376359884795}, "datetime": {"datetime": "2021-09-28 20:00:40", "elapsed": 1240.52012, "delta": 5.485383}}
{"target": -34.821771183012764, "params": {"C": 9352.939244953994, "gamma": 0.018175974317997223}, "datetime": {"datetime": "2021-09-28 20:00:44", "elapsed": 1244.204846, "delta": 3.684726}}
{"target": -34.69265683002584, "params": {"C": 9802.740108506445, "gamma": 0.03379499463767303}, "datetime": {"datetime": "2021-09-28 20:00:47", "elapsed": 1247.298144, "delta": 3.093298}}
{"target": -34.94993641859431, "params": {"C": 9563.357875817559, "gamma": 0.048600007627416474}, "datetime": {"datetime": "2021-09-28 20:00:50", "elapsed": 1250.760828, "delta": 3.462684}}
{"target": -34.72104192935701, "params": {"C": 9768.04607443394, "gamma": 0.03568657388221451}, "datetime": {"datetime": "2021-09-28 20:00:54", "elapsed": 1254.911382, "delta": 4.150554}}
{"target": -34.82603497072739, "params": {"C": 13731.426279877258, "gamma": 0.0402881833586145}, "datetime": {"datetime": "2021-09-28 20:00:58", "elapsed": 1258.141588, "delta": 3.230206}}
{"target": -34.97439960022955, "params": {"C": 10403.422332074344, "gamma": 0.049365990858912974}, "datetime": {"datetime": "2021-09-28 20:01:02", "elapsed": 1262.598892, "delta": 4.457304}}
{"target": -35.0607353272905, "params": {"C": 9918.742564402573, "gamma": 0.05425384826345976}, "datetime": {"datetime": "2021-09-28 20:01:05", "elapsed": 1265.678004, "delta": 3.079112}}
{"target": -34.83608919838246, "params": {"C": 10880.64700818883, "gamma": 0.041929621931547756}, "datetime": {"datetime": "2021-09-28 20:01:11", "elapsed": 1271.772224, "delta": 6.09422}}
{"target": -35.05598179371294, "params": {"C": 11920.278093709097, "gamma": 0.05244673230212441}, "datetime": {"datetime": "2021-09-28 20:01:16", "elapsed": 1276.810493, "delta": 5.038269}}
{"target": -35.3571655649832, "params": {"C": 11005.047785189527, "gamma": 0.011181303980771669}, "datetime": {"datetime": "2021-09-28 20:01:22", "elapsed": 1282.495672, "delta": 5.685179}}
{"target": -34.595941965328855, "params": {"C": 13265.233629621123, "gamma": 0.025774047515875673}, "datetime": {"datetime": "2021-09-28 20:01:32", "elapsed": 1292.841604, "delta": 10.345932}}
{"target": -34.9726804330934, "params": {"C": 12399.284110067005, "gamma": 0.014371041766705072}, "datetime": {"datetime": "2021-09-28 20:01:38", "elapsed": 1298.057077, "delta": 5.215473}}
{"target": -34.79545563730812, "params": {"C": 9843.449411571271, "gamma": 0.04012923485008452}, "datetime": {"datetime": "2021-09-28 20:01:44", "elapsed": 1304.058592, "delta": 6.001515}}
{"target": -35.90851744944316, "params": {"C": 13484.37210681094, "gamma": 0.0065186540218319135}, "datetime": {"datetime": "2021-09-28 20:01:49", "elapsed": 1309.304484, "delta": 5.245892}}
{"target": -34.77347062480802, "params": {"C": 9441.740498835195, "gamma": 0.03905294082357743}, "datetime": {"datetime": "2021-09-28 20:01:55", "elapsed": 1315.390901, "delta": 6.086417}}
{"target": -34.72322297890319, "params": {"C": 11214.370153066688, "gamma": 0.03547948931341464}, "datetime": {"datetime": "2021-09-28 20:02:02", "elapsed": 1322.576814, "delta": 7.185913}}
{"target": -34.642395053810034, "params": {"C": 12181.191119425463, "gamma": 0.021261774401485117}, "datetime": {"datetime": "2021-09-28 20:02:08", "elapsed": 1328.133824, "delta": 5.55701}}
{"target": -34.88214278080129, "params": {"C": 13693.408887220634, "gamma": 0.04308368074182718}, "datetime": {"datetime": "2021-09-28 20:02:14", "elapsed": 1334.122662, "delta": 5.988838}}
