{"target": -35.1656590099822, "params": {"C": 6452.499390324521, "gamma": 0.07511626282586897}, "datetime": {"datetime": "2021-09-28 17:34:30", "elapsed": 735.951714, "delta": 3.160969}}
{"target": -34.51395816008323, "params": {"C": 6222.330321687919, "gamma": 0.03580408062995391}, "datetime": {"datetime": "2021-09-28 17:34:35", "elapsed": 740.668791, "delta": 4.717077}}
{"target": -34.62903418034068, "params": {"C": 5902.213274913727, "gamma": 0.023354022120012405}, "datetime": {"datetime": "2021-09-28 17:34:38", "elapsed": 743.851662, "delta": 3.182871}}
{"target": -35.17733818491112, "params": {"C": 6797.177869801434, "gamma": 0.07443407041746289}, "datetime": {"datetime": "2021-09-28 17:34:40", "elapsed": 746.198297, "delta": 2.346635}}
{"target": -34.797854247162704, "params": {"C": 6222.352455646466, "gamma": 0.05782990576230989}, "datetime": {"datetime": "2021-09-28 17:34:43", "elapsed": 749.262917, "delta": 3.06462}}
{"target": -35.32568940606854, "params": {"C": 6222.316606617182, "gamma": 0.013572275503264185}, "datetime": {"datetime": "2021-09-28 17:34:48", "elapsed": 753.591936, "delta": 4.329019}}
{"target": -36.563241284217355, "params": {"C": 6961.037101154439, "gamma": 0.005715321333555462}, "datetime": {"datetime": "2021-09-28 17:34:53", "elapsed": 759.175208, "delta": 5.583272}}
{"target": -36.74483864190239, "params": {"C": 6001.8870725586385, "gamma": 0.005363879551020522}, "datetime": {"datetime": "2021-09-28 17:34:59", "elapsed": 764.875925, "delta": 5.700717}}
{"target": -34.70446454632356, "params": {"C": 6825.699836236179, "gamma": 0.05142430648450944}, "datetime": {"datetime": "2021-09-28 17:35:03", "elapsed": 768.562837, "delta": 3.686912}}
{"target": -36.077184910253216, "params": {"C": 5975.119471481055, "gamma": 0.008940709104287469}, "datetime": {"datetime": "2021-09-28 17:35:07", "elapsed": 772.902664, "delta": 4.339827}}
{"target": -34.725881371255305, "params": {"C": 6860.680075188885, "gamma": 0.05265070879822238}, "datetime": {"datetime": "2021-09-28 17:35:14", "elapsed": 780.177869, "delta": 7.275205}}
{"target": -34.535999250246974, "params": {"C": 6069.771376580835, "gamma": 0.03795802321672474}, "datetime": {"datetime": "2021-09-28 17:35:17", "elapsed": 783.383589, "delta": 3.20572}}
{"target": -34.662029603939615, "params": {"C": 5975.096047389755, "gamma": 0.049132835538285374}, "datetime": {"datetime": "2021-09-28 17:35:21", "elapsed": 787.360315, "delta": 3.976726}}
{"target": -34.76191458843137, "params": {"C": 6222.263280872545, "gamma": 0.055609318582999244}, "datetime": {"datetime": "2021-09-28 17:35:26", "elapsed": 791.676809, "delta": 4.316494}}
{"target": -36.04727145219076, "params": {"C": 6729.014133031752, "gamma": 0.008587902490681492}, "datetime": {"datetime": "2021-09-28 17:35:33", "elapsed": 798.969792, "delta": 7.292983}}
{"target": -35.032686996660104, "params": {"C": 6457.824752321447, "gamma": 0.015534200716509235}, "datetime": {"datetime": "2021-09-28 17:35:36", "elapsed": 802.245893, "delta": 3.276101}}
{"target": -34.88461730139044, "params": {"C": 6251.120803046064, "gamma": 0.06298051122958305}, "datetime": {"datetime": "2021-09-28 17:35:41", "elapsed": 806.45531, "delta": 4.209417}}
{"target": -35.34234022349242, "params": {"C": 6789.4192650607365, "gamma": 0.01284280535512736}, "datetime": {"datetime": "2021-09-28 17:35:44", "elapsed": 809.758268, "delta": 3.302958}}
{"target": -35.189607591801966, "params": {"C": 5975.123732501874, "gamma": 0.07760155629844478}, "datetime": {"datetime": "2021-09-28 17:35:47", "elapsed": 813.297298, "delta": 3.53903}}
{"target": -34.800289400260645, "params": {"C": 5958.7956572445555, "gamma": 0.05815047256183595}, "datetime": {"datetime": "2021-09-28 17:35:50", "elapsed": 815.717214, "delta": 2.419916}}
{"target": -35.26565332053737, "params": {"C": 6799.675727428109, "gamma": 0.013340265796399388}, "datetime": {"datetime": "2021-09-28 17:35:52", "elapsed": 818.236647, "delta": 2.519433}}
{"target": -35.20649157572207, "params": {"C": 6222.322774594281, "gamma": 0.07761456266943277}, "datetime": {"datetime": "2021-09-28 17:35:56", "elapsed": 821.48504, "delta": 3.248393}}
{"target": -34.63083390479498, "params": {"C": 6789.376448124084, "gamma": 0.04685883005488297}, "datetime": {"datetime": "2021-09-28 17:36:00", "elapsed": 826.350648, "delta": 4.865608}}
{"target": -35.76002791529261, "params": {"C": 6489.007624360481, "gamma": 0.010478864421920033}, "datetime": {"datetime": "2021-09-28 17:36:05", "elapsed": 831.053924, "delta": 4.703276}}
{"target": -34.504992508154125, "params": {"C": 6680.292382080543, "gamma": 0.03636879093953361}, "datetime": {"datetime": "2021-09-28 17:36:09", "elapsed": 834.902226, "delta": 3.848302}}
{"target": -34.59141825394293, "params": {"C": 6069.704128092709, "gamma": 0.0435153570491661}, "datetime": {"datetime": "2021-09-28 17:36:13", "elapsed": 838.914089, "delta": 4.011863}}
{"target": -35.09619761707993, "params": {"C": 5872.4533171515895, "gamma": 0.015737134523991586}, "datetime": {"datetime": "2021-09-28 17:36:19", "elapsed": 844.826752, "delta": 5.912663}}
{"target": -34.7931675613069, "params": {"C": 6573.976867634761, "gamma": 0.05710501986607798}, "datetime": {"datetime": "2021-09-28 17:36:25", "elapsed": 850.592338, "delta": 5.765586}}
{"target": -34.55536914781801, "params": {"C": 6529.017449767788, "gamma": 0.024662522271310584}, "datetime": {"datetime": "2021-09-28 17:36:31", "elapsed": 857.283048, "delta": 6.69071}}
{"target": -36.62187500577051, "params": {"C": 6993.627213282828, "gamma": 0.15975355670616662}, "datetime": {"datetime": "2021-09-28 17:36:34", "elapsed": 859.79299, "delta": 2.509942}}
{"target": -34.700977863545496, "params": {"C": 5954.448313054927, "gamma": 0.051834791103754725}, "datetime": {"datetime": "2021-09-28 17:36:37", "elapsed": 863.398263, "delta": 3.605273}}
{"target": -34.79137301423851, "params": {"C": 6489.001594601509, "gamma": 0.057146637197876486}, "datetime": {"datetime": "2021-09-28 17:36:42", "elapsed": 868.097172, "delta": 4.698909}}
{"target": -34.75457463276351, "params": {"C": 6437.443221224711, "gamma": 0.018780686313563284}, "datetime": {"datetime": "2021-09-28 17:36:47", "elapsed": 872.407379, "delta": 4.310207}}
{"target": -34.89912835928713, "params": {"C": 6647.240185099878, "gamma": 0.06288466742854791}, "datetime": {"datetime": "2021-09-28 17:36:50", "elapsed": 876.061424, "delta": 3.654045}}
{"target": -36.17467292741323, "params": {"C": 6796.2004662243235, "gamma": 0.12819062252715518}, "datetime": {"datetime": "2021-09-28 17:36:53", "elapsed": 878.520936, "delta": 2.459512}}
{"target": -34.63148374648156, "params": {"C": 6732.260803428872, "gamma": 0.04696631266329225}, "datetime": {"datetime": "2021-09-28 17:36:57", "elapsed": 883.188231, "delta": 4.667295}}
{"target": -34.694109904111386, "params": {"C": 6520.033690446551, "gamma": 0.05121244744753633}, "datetime": {"datetime": "2021-09-28 17:37:01", "elapsed": 886.739301, "delta": 3.55107}}
{"target": -35.082794563810396, "params": {"C": 5902.192874481404, "gamma": 0.01581110040523792}, "datetime": {"datetime": "2021-09-28 17:37:06", "elapsed": 891.943739, "delta": 5.204438}}
{"target": -35.388600884617006, "params": {"C": 6392.288628027466, "gamma": 0.012950637809147666}, "datetime": {"datetime": "2021-09-28 17:37:11", "elapsed": 896.996718, "delta": 5.052979}}
{"target": -34.500335534374905, "params": {"C": 6789.381223853589, "gamma": 0.026763652356095735}, "datetime": {"datetime": "2021-09-28 17:37:16", "elapsed": 902.321252, "delta": 5.324534}}
{"target": -34.80236138233592, "params": {"C": 6719.86137884558, "gamma": 0.05739608017371484}, "datetime": {"datetime": "2021-09-28 17:37:22", "elapsed": 908.127517, "delta": 5.806265}}
{"target": -35.190328148618754, "params": {"C": 6961.044557893791, "gamma": 0.07443289816372609}, "datetime": {"datetime": "2021-09-28 17:37:27", "elapsed": 912.971926, "delta": 4.844409}}
{"target": -34.583333806514794, "params": {"C": 5975.132128339834, "gamma": 0.042553687733652965}, "datetime": {"datetime": "2021-09-28 17:37:32", "elapsed": 918.255657, "delta": 5.283731}}
{"target": -34.72884953159435, "params": {"C": 6520.046755084467, "gamma": 0.01910187016502264}, "datetime": {"datetime": "2021-09-28 17:37:37", "elapsed": 922.561831, "delta": 4.306174}}
{"target": -34.56429951662339, "params": {"C": 6434.793619734738, "gamma": 0.024543607384719193}, "datetime": {"datetime": "2021-09-28 17:37:40", "elapsed": 925.830992, "delta": 3.269161}}
{"target": -34.55328935387351, "params": {"C": 6489.102438049134, "gamma": 0.04095263274304357}, "datetime": {"datetime": "2021-09-28 17:37:45", "elapsed": 930.502908, "delta": 4.671916}}
{"target": -34.60864453682622, "params": {"C": 6417.513559519549, "gamma": 0.04551805596240311}, "datetime": {"datetime": "2021-09-28 17:37:48", "elapsed": 933.472472, "delta": 2.969564}}
{"target": -34.58891022415136, "params": {"C": 6647.22914820309, "gamma": 0.0227671357693946}, "datetime": {"datetime": "2021-09-28 17:37:53", "elapsed": 938.406463, "delta": 4.933991}}
{"target": -34.826214892568956, "params": {"C": 5993.995955571267, "gamma": 0.05972951697376604}, "datetime": {"datetime": "2021-09-28 17:37:57", "elapsed": 943.124769, "delta": 4.718306}}
{"target": -34.52567706826738, "params": {"C": 6169.750584920866, "gamma": 0.03709130723822512}, "datetime": {"datetime": "2021-09-28 17:38:01", "elapsed": 946.434005, "delta": 3.309236}}
{"target": -35.09146027625081, "params": {"C": 6680.042160402382, "gamma": 0.014735343281172118}, "datetime": {"datetime": "2021-09-28 17:38:07", "elapsed": 952.475172, "delta": 6.041167}}
{"target": -34.50679900684078, "params": {"C": 5993.909060826213, "gamma": 0.03138809961817083}, "datetime": {"datetime": "2021-09-28 17:38:11", "elapsed": 956.736726, "delta": 4.261554}}
{"target": -34.747853832588596, "params": {"C": 6493.675674786435, "gamma": 0.018805504726406925}, "datetime": {"datetime": "2021-09-28 17:38:15", "elapsed": 960.482973, "delta": 3.746247}}
{"target": -35.41809265408728, "params": {"C": 6275.990501475858, "gamma": 0.08725760547350257}, "datetime": {"datetime": "2021-09-28 17:38:17", "elapsed": 963.181067, "delta": 2.698094}}
{"target": -34.50775759411724, "params": {"C": 6169.767854929628, "gamma": 0.029187111457307548}, "datetime": {"datetime": "2021-09-28 17:38:22", "elapsed": 967.592774, "delta": 4.411707}}
{"target": -34.49907323434363, "params": {"C": 6545.944710488814, "gamma": 0.035115815116363275}, "datetime": {"datetime": "2021-09-28 17:38:26", "elapsed": 971.921872, "delta": 4.329098}}
{"target": -34.517629780560085, "params": {"C": 6151.253816540702, "gamma": 0.0359967924849147}, "datetime": {"datetime": "2021-09-28 17:38:30", "elapsed": 976.302032, "delta": 4.38016}}
{"target": -34.803130978031746, "params": {"C": 6069.608104709343, "gamma": 0.058254970132819744}, "datetime": {"datetime": "2021-09-28 17:38:36", "elapsed": 982.170174, "delta": 5.868142}}
{"target": -36.002342782686284, "params": {"C": 6545.95445609126, "gamma": 0.008975531210175592}, "datetime": {"datetime": "2021-09-28 17:38:41", "elapsed": 987.059243, "delta": 4.889069}}
{"target": -34.79255448145886, "params": {"C": 6151.253653639953, "gamma": 0.05754963613538957}, "datetime": {"datetime": "2021-09-28 17:38:45", "elapsed": 990.697814, "delta": 3.638571}}
{"target": -35.38030874761549, "params": {"C": 6417.606968893042, "gamma": 0.08497124734489553}, "datetime": {"datetime": "2021-09-28 17:38:49", "elapsed": 995.244102, "delta": 4.546288}}
{"target": -34.68930432370264, "params": {"C": 6529.017753465221, "gamma": 0.05090290573434757}, "datetime": {"datetime": "2021-09-28 17:38:55", "elapsed": 1000.505829, "delta": 5.261727}}
{"target": -36.220264706635476, "params": {"C": 5994.337057371072, "gamma": 0.008043210743872571}, "datetime": {"datetime": "2021-09-28 17:38:59", "elapsed": 1005.250031, "delta": 4.744202}}
{"target": -36.086900340725876, "params": {"C": 5992.8920868991245, "gamma": 0.12682464215209416}, "datetime": {"datetime": "2021-09-28 17:39:03", "elapsed": 1008.620128, "delta": 3.370097}}
{"target": -34.998824933297776, "params": {"C": 6233.935358287669, "gamma": 0.016159609369192036}, "datetime": {"datetime": "2021-09-28 17:39:09", "elapsed": 1014.934728, "delta": 6.3146}}
{"target": -34.73984907835357, "params": {"C": 6129.191323567718, "gamma": 0.054270799364693985}, "datetime": {"datetime": "2021-09-28 17:39:14", "elapsed": 1020.327145, "delta": 5.392417}}
{"target": -34.642856962054275, "params": {"C": 6881.852369344673, "gamma": 0.020275086714885957}, "datetime": {"datetime": "2021-09-28 17:39:20", "elapsed": 1025.607783, "delta": 5.280638}}
{"target": -36.620114500748834, "params": {"C": 6529.058653309124, "gamma": 0.005655795303346465}, "datetime": {"datetime": "2021-09-28 17:39:26", "elapsed": 1031.436801, "delta": 5.829018}}
{"target": -34.63983687909972, "params": {"C": 6789.460373464878, "gamma": 0.047433229226649595}, "datetime": {"datetime": "2021-09-28 17:39:31", "elapsed": 1037.184142, "delta": 5.747341}}
{"target": -35.2521262756632, "params": {"C": 6545.920897016412, "gamma": 0.07869211415684682}, "datetime": {"datetime": "2021-09-28 17:39:37", "elapsed": 1042.471612, "delta": 5.28747}}
{"target": -34.54828721799931, "params": {"C": 6531.613952787104, "gamma": 0.04056812934570733}, "datetime": {"datetime": "2021-09-28 17:39:39", "elapsed": 1045.303473, "delta": 2.831861}}
{"target": -34.77168609183733, "params": {"C": 6529.059432248155, "gamma": 0.055902973185324674}, "datetime": {"datetime": "2021-09-28 17:39:44", "elapsed": 1049.521684, "delta": 4.218211}}
{"target": -36.448841664608466, "params": {"C": 6439.521512405835, "gamma": 0.006540591157038291}, "datetime": {"datetime": "2021-09-28 17:39:47", "elapsed": 1052.446121, "delta": 2.924437}}
{"target": -34.716216499266444, "params": {"C": 6881.862823879862, "gamma": 0.05204487318778775}, "datetime": {"datetime": "2021-09-28 17:39:50", "elapsed": 1056.026571, "delta": 3.58045}}
{"target": -34.95844773050025, "params": {"C": 5993.902049896628, "gamma": 0.06717585160457529}, "datetime": {"datetime": "2021-09-28 17:39:56", "elapsed": 1061.753329, "delta": 5.726758}}
{"target": -35.12618071414643, "params": {"C": 6069.752016813062, "gamma": 0.07444464809368535}, "datetime": {"datetime": "2021-09-28 17:40:01", "elapsed": 1067.228847, "delta": 5.475518}}
{"target": -34.53271825973918, "params": {"C": 6573.975059373953, "gamma": 0.02569214506370478}, "datetime": {"datetime": "2021-09-28 17:40:06", "elapsed": 1071.802837, "delta": 4.57399}}
{"target": -35.75278477080954, "params": {"C": 6531.638689024362, "gamma": 0.01048762173211917}, "datetime": {"datetime": "2021-09-28 17:40:13", "elapsed": 1078.447644, "delta": 6.644807}}
{"target": -34.76232511514052, "params": {"C": 6531.579876269227, "gamma": 0.05533934627107945}, "datetime": {"datetime": "2021-09-28 17:40:19", "elapsed": 1085.121005, "delta": 6.673361}}
{"target": -36.45481530262603, "params": {"C": 6641.556498809673, "gamma": 0.14861257306090844}, "datetime": {"datetime": "2021-09-28 17:40:22", "elapsed": 1088.258698, "delta": 3.137693}}
{"target": -34.725483347194604, "params": {"C": 6169.711955280786, "gamma": 0.05334188142127156}, "datetime": {"datetime": "2021-09-28 17:40:27", "elapsed": 1093.257469, "delta": 4.998771}}
{"target": -35.25971769534321, "params": {"C": 5935.835846578986, "gamma": 0.08096462198223597}, "datetime": {"datetime": "2021-09-28 17:40:31", "elapsed": 1096.438326, "delta": 3.180857}}
{"target": -34.49946380449234, "params": {"C": 6531.595370895597, "gamma": 0.027950263079838472}, "datetime": {"datetime": "2021-09-28 17:40:35", "elapsed": 1101.379892, "delta": 4.941566}}
{"target": -34.68840523978679, "params": {"C": 6561.6647773744535, "gamma": 0.05083427034955252}, "datetime": {"datetime": "2021-09-28 17:40:45", "elapsed": 1111.014604, "delta": 9.634712}}
{"target": -36.079414029288195, "params": {"C": 8101.595805149151, "gamma": 0.11476291250580625}, "datetime": {"datetime": "2021-09-28 19:05:56", "elapsed": 0.0, "delta": 0.0}}
{"target": -35.45875432859001, "params": {"C": 7581.809477825888, "gamma": 0.08417827880563777}, "datetime": {"datetime": "2021-09-28 19:05:56", "elapsed": 0.167471, "delta": 0.167471}}
{"target": -36.57689314195978, "params": {"C": 8785.893908695309, "gamma": 0.1439254287846829}, "datetime": {"datetime": "2021-09-28 19:05:56", "elapsed": 0.344199, "delta": 0.176728}}
{"target": -34.49915749877836, "params": {"C": 7251.170620927673, "gamma": 0.037122646111418946}, "datetime": {"datetime": "2021-09-28 19:05:56", "elapsed": 0.506389, "delta": 0.16219}}
{"target": -35.17600295468373, "params": {"C": 7102.93440660166, "gamma": 0.07332552576584865}, "datetime": {"datetime": "2021-09-28 19:05:57", "elapsed": 0.669441, "delta": 0.163052}}
{"target": -35.229465033966086, "params": {"C": 7059.752421757134, "gamma": 0.07580914978118022}, "datetime": {"datetime": "2021-09-28 19:05:57", "elapsed": 0.842059, "delta": 0.172618}}
{"target": -36.664720667736816, "params": {"C": 7375.781798340882, "gamma": 0.16}, "datetime": {"datetime": "2021-09-28 19:05:57", "elapsed": 1.194808, "delta": 0.352749}}
{"target": -35.74019397248123, "params": {"C": 7254.476064764897, "gamma": 0.09944592592966807}, "datetime": {"datetime": "2021-09-28 19:05:57", "elapsed": 1.411126, "delta": 0.216318}}
{"target": -34.43957268886504, "params": {"C": 7942.886140830959, "gamma": 0.026300157106193777}, "datetime": {"datetime": "2021-09-28 19:05:58", "elapsed": 1.648219, "delta": 0.237093}}
{"target": -35.65451632854985, "params": {"C": 7251.322990720234, "gamma": 0.09511836913767928}, "datetime": {"datetime": "2021-09-28 19:05:58", "elapsed": 1.884803, "delta": 0.236584}}
{"target": -36.51989766905044, "params": {"C": 7558.047101155014, "gamma": 0.14798745249329914}, "datetime": {"datetime": "2021-09-28 19:05:58", "elapsed": 2.105701, "delta": 0.220898}}
{"target": -34.846693366314845, "params": {"C": 7839.723319159616, "gamma": 0.015749121324250635}, "datetime": {"datetime": "2021-09-28 19:05:58", "elapsed": 2.349029, "delta": 0.243328}}
{"target": -34.412337526057755, "params": {"C": 8462.324683966734, "gamma": 0.028907534366545872}, "datetime": {"datetime": "2021-09-28 19:05:59", "elapsed": 2.57599, "delta": 0.226961}}
{"target": -36.679952157101624, "params": {"C": 8882.893949065998, "gamma": 0.15086432560617993}, "datetime": {"datetime": "2021-09-28 19:05:59", "elapsed": 2.802491, "delta": 0.226501}}
{"target": -36.10090421665337, "params": {"C": 7416.4349657269295, "gamma": 0.11961398781393622}, "datetime": {"datetime": "2021-09-28 19:05:59", "elapsed": 3.044906, "delta": 0.242415}}
{"target": -36.62989732754635, "params": {"C": 7363.247821811258, "gamma": 0.15759604141645048}, "datetime": {"datetime": "2021-09-28 19:05:59", "elapsed": 3.280588, "delta": 0.235682}}
{"target": -36.40299404068865, "params": {"C": 7129.6914001244795, "gamma": 0.14183705839483762}, "datetime": {"datetime": "2021-09-28 19:05:59", "elapsed": 3.512945, "delta": 0.232357}}
{"target": -36.35346508166108, "params": {"C": 7251.192151140323, "gamma": 0.13773434102513626}, "datetime": {"datetime": "2021-09-28 19:06:00", "elapsed": 3.765248, "delta": 0.252303}}
{"target": -36.060860145259795, "params": {"C": 8292.548625234718, "gamma": 0.11273894220293955}, "datetime": {"datetime": "2021-09-28 19:06:00", "elapsed": 4.003771, "delta": 0.238523}}
{"target": -35.83720959969548, "params": {"C": 8476.79902617826, "gamma": 0.09890448941055113}, "datetime": {"datetime": "2021-09-28 19:06:00", "elapsed": 4.248655, "delta": 0.244884}}
{"target": -36.5727536854323, "params": {"C": 8605.518296852488, "gamma": 0.14484012342469757}, "datetime": {"datetime": "2021-09-28 19:06:00", "elapsed": 4.482749, "delta": 0.234094}}
{"target": -35.8926129773034, "params": {"C": 7822.740380454594, "gamma": 0.10517867059167119}, "datetime": {"datetime": "2021-09-28 19:06:01", "elapsed": 4.712717, "delta": 0.229968}}
{"target": -35.91752953526134, "params": {"C": 8804.098913873053, "gamma": 0.10169372442194234}, "datetime": {"datetime": "2021-09-28 19:06:01", "elapsed": 4.945277, "delta": 0.23256}}
{"target": -36.31892203193255, "params": {"C": 7650.9439299949245, "gamma": 0.1328652278213741}, "datetime": {"datetime": "2021-09-28 19:06:01", "elapsed": 5.195275, "delta": 0.249998}}
{"target": -34.46037501624913, "params": {"C": 7217.642030244598, "gamma": 0.027667458315598564}, "datetime": {"datetime": "2021-09-28 19:06:01", "elapsed": 5.437197, "delta": 0.241922}}
{"target": -34.75860088572723, "params": {"C": 7990.122814531341, "gamma": 0.01654803771531877}, "datetime": {"datetime": "2021-09-28 19:06:02", "elapsed": 5.675086, "delta": 0.237889}}
{"target": -34.944372059264076, "params": {"C": 7500.139666447236, "gamma": 0.062460336132018235}, "datetime": {"datetime": "2021-09-28 19:06:02", "elapsed": 5.927572, "delta": 0.252486}}
{"target": -35.112778155456745, "params": {"C": 8228.84762103454, "gamma": 0.013107926628506305}, "datetime": {"datetime": "2021-09-28 19:06:02", "elapsed": 6.194411, "delta": 0.266839}}
{"target": -34.52842670078359, "params": {"C": 7667.592883625309, "gamma": 0.039238528549417506}, "datetime": {"datetime": "2021-09-28 19:06:02", "elapsed": 6.455106, "delta": 0.260695}}
{"target": -34.41009997618821, "params": {"C": 8789.717909654206, "gamma": 0.030093063916760414}, "datetime": {"datetime": "2021-09-28 19:06:03", "elapsed": 6.712278, "delta": 0.257172}}
{"target": -36.60991019152429, "params": {"C": 7031.784830827761, "gamma": 0.15848880503054355}, "datetime": {"datetime": "2021-09-28 19:06:03", "elapsed": 6.973592, "delta": 0.261314}}
{"target": -34.74088006891016, "params": {"C": 7070.208306496846, "gamma": 0.05322561507679698}, "datetime": {"datetime": "2021-09-28 19:06:03", "elapsed": 7.236674, "delta": 0.263082}}
{"target": -36.3699699620751, "params": {"C": 7467.873954318278, "gamma": 0.0063716542815797925}, "datetime": {"datetime": "2021-09-28 19:06:03", "elapsed": 7.513879, "delta": 0.277205}}
