{"target": 0.27975704763352904, "params": {"C": 57154.52870518668, "gamma": 0.0782340249512328}, "datetime": {"datetime": "2021-10-04 11:19:09", "elapsed": 64.484512, "delta": 0.640568}}
{"target": 0.21554956326625418, "params": {"C": 84755.03510414151, "gamma": 0.012350421819926601}, "datetime": {"datetime": "2021-10-04 11:19:09", "elapsed": 65.145265, "delta": 0.660753}}
{"target": 0.2624801734072151, "params": {"C": 90861.63461136504, "gamma": 0.17589849120104953}, "datetime": {"datetime": "2021-10-04 11:19:10", "elapsed": 65.678285, "delta": 0.53302}}
{"target": 0.2654383611504555, "params": {"C": 48840.46002511434, "gamma": 0.1885746717995079}, "datetime": {"datetime": "2021-10-04 11:19:10", "elapsed": 66.338732, "delta": 0.660447}}
{"target": 0.25411983985203135, "params": {"C": 117877.88882944817, "gamma": 0.1337779826975233}, "datetime": {"datetime": "2021-10-04 11:19:11", "elapsed": 66.90517, "delta": 0.566438}}
{"target": 0.2445296071369094, "params": {"C": 117538.41053668088, "gamma": 0.016658188075371717}, "datetime": {"datetime": "2021-10-04 11:19:12", "elapsed": 67.559311, "delta": 0.654141}}
{"target": 0.2648987627278261, "params": {"C": 59893.196165295965, "gamma": 0.19674716387325794}, "datetime": {"datetime": "2021-10-04 11:19:12", "elapsed": 68.312431, "delta": 0.75312}}
{"target": 0.22277931445544363, "params": {"C": 108207.58537504495, "gamma": 0.012378120720806653}, "datetime": {"datetime": "2021-10-04 11:19:13", "elapsed": 68.901624, "delta": 0.589193}}
{"target": 0.26694257663645315, "params": {"C": 76222.25297937321, "gamma": 0.17779295215390886}, "datetime": {"datetime": "2021-10-04 11:19:14", "elapsed": 69.538087, "delta": 0.636463}}
{"target": 0.26458339645963147, "params": {"C": 61701.459979941705, "gamma": 0.19804206209616304}, "datetime": {"datetime": "2021-10-04 11:19:14", "elapsed": 70.275648, "delta": 0.737561}}
{"target": 0.2737692579476788, "params": {"C": 38605.71736521489, "gamma": 0.1425702468468799}, "datetime": {"datetime": "2021-10-04 11:19:15", "elapsed": 71.147331, "delta": 0.871683}}
{"target": 0.2791817561435008, "params": {"C": 39810.11380734072, "gamma": 0.09862671235216801}, "datetime": {"datetime": "2021-10-04 11:19:16", "elapsed": 71.853642, "delta": 0.706311}}
{"target": 0.26150266405883116, "params": {"C": 113279.57202527997, "gamma": 0.09631808376264638}, "datetime": {"datetime": "2021-10-04 11:19:17", "elapsed": 72.580909, "delta": 0.727267}}
{"target": 0.26721885767352394, "params": {"C": 119996.53974810916, "gamma": 0.052965900146650334}, "datetime": {"datetime": "2021-10-04 11:19:17", "elapsed": 73.333301, "delta": 0.752392}}
{"target": 0.2645551677572804, "params": {"C": 57154.09399256414, "gamma": 0.1972178322542373}, "datetime": {"datetime": "2021-10-04 11:19:18", "elapsed": 74.121831, "delta": 0.78853}}
{"target": 0.26872690938905486, "params": {"C": 48842.844221178275, "gamma": 0.04597265740475912}, "datetime": {"datetime": "2021-10-04 11:19:19", "elapsed": 75.004653, "delta": 0.882822}}
{"target": 0.2551659217696185, "params": {"C": 30176.122764139203, "gamma": 0.04569655536407257}, "datetime": {"datetime": "2021-10-04 11:19:20", "elapsed": 75.692963, "delta": 0.68831}}
{"target": 0.2688474068435952, "params": {"C": 61911.71436723983, "gamma": 0.040291005174530825}, "datetime": {"datetime": "2021-10-04 11:19:20", "elapsed": 76.401605, "delta": 0.708642}}
{"target": 0.2515603430028024, "params": {"C": 118688.36996888761, "gamma": 0.17445473343269888}, "datetime": {"datetime": "2021-10-04 11:19:21", "elapsed": 77.049291, "delta": 0.647686}}
{"target": 0.27264505073393375, "params": {"C": 69198.11743217253, "gamma": 0.1553186775536409}, "datetime": {"datetime": "2021-10-04 11:19:22", "elapsed": 77.920612, "delta": 0.871321}}
{"target": 0.21270768615458313, "params": {"C": 97652.8924186677, "gamma": 0.011296066862210083}, "datetime": {"datetime": "2021-10-04 11:19:23", "elapsed": 78.67181, "delta": 0.751198}}
{"target": 0.2411925578333476, "params": {"C": 112900.58688435993, "gamma": 0.01595382617464702}, "datetime": {"datetime": "2021-10-04 11:19:23", "elapsed": 79.317071, "delta": 0.645261}}
{"target": 0.2730152293913677, "params": {"C": 63641.27604721312, "gamma": 0.0484138605688083}, "datetime": {"datetime": "2021-10-04 11:19:24", "elapsed": 80.183286, "delta": 0.866215}}
{"target": 0.2646488780494747, "params": {"C": 82094.78914852257, "gamma": 0.18138360320726973}, "datetime": {"datetime": "2021-10-04 11:19:25", "elapsed": 81.131591, "delta": 0.948305}}
{"target": 0.2644898130948169, "params": {"C": 27264.451683174302, "gamma": 0.12761645690046675}, "datetime": {"datetime": "2021-10-04 11:19:26", "elapsed": 81.985683, "delta": 0.854092}}
{"target": 0.275656318206126, "params": {"C": 76224.18692417085, "gamma": 0.061811370761774856}, "datetime": {"datetime": "2021-10-04 11:19:27", "elapsed": 83.007238, "delta": 1.021555}}
{"target": 0.26599086782487746, "params": {"C": 103864.60978856935, "gamma": 0.09427494348011646}, "datetime": {"datetime": "2021-10-04 11:19:28", "elapsed": 83.655415, "delta": 0.648177}}
{"target": 0.26411420331916424, "params": {"C": 86471.6876454507, "gamma": 0.1753418067077417}, "datetime": {"datetime": "2021-10-04 11:19:28", "elapsed": 84.390445, "delta": 0.73503}}
{"target": 0.27907170511440027, "params": {"C": 39809.68175943098, "gamma": 0.10992900471356096}, "datetime": {"datetime": "2021-10-04 11:19:29", "elapsed": 85.264669, "delta": 0.874224}}
{"target": 0.2759773325549667, "params": {"C": 78922.91169220879, "gamma": 0.0885469760263175}, "datetime": {"datetime": "2021-10-04 11:19:30", "elapsed": 86.020195, "delta": 0.755526}}
{"target": 0.26670998389179, "params": {"C": 97725.0223736323, "gamma": 0.03116098787061665}, "datetime": {"datetime": "2021-10-04 11:19:31", "elapsed": 86.702541, "delta": 0.682346}}
{"target": 0.2740360458530694, "params": {"C": 78921.99946583196, "gamma": 0.05238703393096514}, "datetime": {"datetime": "2021-10-04 11:19:31", "elapsed": 87.423213, "delta": 0.720672}}
{"target": 0.2515827806871114, "params": {"C": 96188.15198946203, "gamma": 0.020395214843453777}, "datetime": {"datetime": "2021-10-04 11:19:32", "elapsed": 88.083675, "delta": 0.660462}}
{"target": 0.25001440851501366, "params": {"C": 21633.127947084555, "gamma": 0.06125070833455146}, "datetime": {"datetime": "2021-10-04 11:19:33", "elapsed": 88.746931, "delta": 0.663256}}
{"target": 0.2795918957113368, "params": {"C": 54964.61177247222, "gamma": 0.07675884509388056}, "datetime": {"datetime": "2021-10-04 11:19:33", "elapsed": 89.419202, "delta": 0.672271}}
{"target": 0.2672414491935313, "params": {"C": 90295.8827259856, "gamma": 0.1349309481319507}, "datetime": {"datetime": "2021-10-04 11:19:34", "elapsed": 90.353284, "delta": 0.934082}}
{"target": 0.2734603272492794, "params": {"C": 57790.477338517616, "gamma": 0.1621894099237093}, "datetime": {"datetime": "2021-10-04 11:19:35", "elapsed": 91.163568, "delta": 0.810284}}
{"target": 0.27779104973711966, "params": {"C": 62235.821328354505, "gamma": 0.13208849027506786}, "datetime": {"datetime": "2021-10-04 11:19:36", "elapsed": 91.859161, "delta": 0.695593}}
{"target": 0.27121835715443876, "params": {"C": 39813.06271391771, "gamma": 0.059098510648536155}, "datetime": {"datetime": "2021-10-04 11:19:37", "elapsed": 92.931169, "delta": 1.072008}}
{"target": 0.2677174288549845, "params": {"C": 110607.79522909714, "gamma": 0.03246339710175444}, "datetime": {"datetime": "2021-10-04 11:19:38", "elapsed": 93.707233, "delta": 0.776064}}
{"target": 0.22285947708926834, "params": {"C": 54963.83922038539, "gamma": 0.016566632416494916}, "datetime": {"datetime": "2021-10-04 11:19:39", "elapsed": 94.972948, "delta": 1.265715}}
{"target": 0.2313634537336119, "params": {"C": 80128.23695999864, "gamma": 0.015630166282728133}, "datetime": {"datetime": "2021-10-04 11:19:40", "elapsed": 95.684191, "delta": 0.711243}}
{"target": 0.26385136097377004, "params": {"C": 29863.85501935163, "gamma": 0.14583843215309164}, "datetime": {"datetime": "2021-10-04 11:19:41", "elapsed": 96.49143, "delta": 0.807239}}
{"target": 0.2708591327781015, "params": {"C": 95677.92799367006, "gamma": 0.08021471180007554}, "datetime": {"datetime": "2021-10-04 11:19:41", "elapsed": 97.165917, "delta": 0.674487}}
{"target": 0.2786822693814608, "params": {"C": 38603.818180294926, "gamma": 0.10418492193355292}, "datetime": {"datetime": "2021-10-04 11:19:42", "elapsed": 97.954518, "delta": 0.788601}}
{"target": 0.262309801308076, "params": {"C": 97929.31430033647, "gamma": 0.14954085322150062}, "datetime": {"datetime": "2021-10-04 11:19:43", "elapsed": 98.627062, "delta": 0.672544}}
{"target": 0.2668927473661513, "params": {"C": 55299.610114659234, "gamma": 0.18848766783137003}, "datetime": {"datetime": "2021-10-04 11:19:43", "elapsed": 99.384265, "delta": 0.757203}}
{"target": 0.27002333358289254, "params": {"C": 77552.44091187311, "gamma": 0.038902169552604934}, "datetime": {"datetime": "2021-10-04 11:19:44", "elapsed": 100.149427, "delta": 0.765162}}
{"target": 0.2811549600655182, "params": {"C": 47147.86810837824, "gamma": 0.10360127690454793}, "datetime": {"datetime": "2021-10-04 11:19:45", "elapsed": 101.079637, "delta": 0.93021}}
{"target": 0.2785149374945852, "params": {"C": 51031.931052530155, "gamma": 0.1360977496518548}, "datetime": {"datetime": "2021-10-04 11:19:46", "elapsed": 101.779994, "delta": 0.700357}}
{"target": 0.27357219702212676, "params": {"C": 61702.97635741362, "gamma": 0.15941439450126865}, "datetime": {"datetime": "2021-10-04 11:19:47", "elapsed": 102.666971, "delta": 0.886977}}
{"target": 0.2608484635747087, "params": {"C": 94077.53077777942, "gamma": 0.17975267924241495}, "datetime": {"datetime": "2021-10-04 11:19:47", "elapsed": 103.388482, "delta": 0.721511}}
{"target": 0.26923767729178916, "params": {"C": 62128.03679034139, "gamma": 0.17968174360737713}, "datetime": {"datetime": "2021-10-04 11:19:48", "elapsed": 104.260587, "delta": 0.872105}}
{"target": 0.2804673290672528, "params": {"C": 47148.61861070446, "gamma": 0.11811108748147726}, "datetime": {"datetime": "2021-10-04 11:19:49", "elapsed": 105.107813, "delta": 0.847226}}
{"target": 0.27493671327736113, "params": {"C": 62236.660101033405, "gamma": 0.15132585361373874}, "datetime": {"datetime": "2021-10-04 11:19:50", "elapsed": 105.972281, "delta": 0.864468}}
{"target": 0.2689477136924623, "params": {"C": 57789.68104577956, "gamma": 0.04191563096846803}, "datetime": {"datetime": "2021-10-04 11:19:51", "elapsed": 106.81803, "delta": 0.845749}}
{"target": 0.27609024853166675, "params": {"C": 55419.39346972648, "gamma": 0.14970836687167352}, "datetime": {"datetime": "2021-10-04 11:19:52", "elapsed": 107.594007, "delta": 0.775977}}
{"target": 0.27739672761447287, "params": {"C": 46383.33639914589, "gamma": 0.1397957232088112}, "datetime": {"datetime": "2021-10-04 11:19:52", "elapsed": 108.417883, "delta": 0.823876}}
{"target": 0.25572948530107, "params": {"C": 109968.70204339843, "gamma": 0.16528436535652163}, "datetime": {"datetime": "2021-10-04 11:19:53", "elapsed": 109.259559, "delta": 0.841676}}
{"target": 0.2232655343431481, "params": {"C": 76224.69197345001, "gamma": 0.014264616130206648}, "datetime": {"datetime": "2021-10-04 11:19:54", "elapsed": 110.412303, "delta": 1.152744}}
{"target": 0.21297135860302452, "params": {"C": 70674.80167559751, "gamma": 0.012909719661465872}, "datetime": {"datetime": "2021-10-04 11:19:55", "elapsed": 111.405837, "delta": 0.993534}}
{"target": 0.2779062277878954, "params": {"C": 46383.94528073716, "gamma": 0.07269662533467385}, "datetime": {"datetime": "2021-10-04 11:19:56", "elapsed": 112.369435, "delta": 0.963598}}
{"target": 0.27969228859022566, "params": {"C": 46384.90464396425, "gamma": 0.08255975063166648}, "datetime": {"datetime": "2021-10-04 11:19:57", "elapsed": 113.294527, "delta": 0.925092}}
{"target": 0.2566157085976347, "params": {"C": 107175.07085785993, "gamma": 0.16988119308762406}, "datetime": {"datetime": "2021-10-04 11:19:58", "elapsed": 114.058931, "delta": 0.764404}}
{"target": 0.24706726925243572, "params": {"C": 47148.20855807305, "gamma": 0.026637458953379253}, "datetime": {"datetime": "2021-10-04 11:19:59", "elapsed": 114.883488, "delta": 0.824557}}
{"target": 0.256049761110527, "params": {"C": 109079.84150891045, "gamma": 0.1662881178392529}, "datetime": {"datetime": "2021-10-04 11:20:00", "elapsed": 115.740622, "delta": 0.857134}}
{"target": 0.2681100824244501, "params": {"C": 55418.907681193625, "gamma": 0.04155575902279879}, "datetime": {"datetime": "2021-10-04 11:20:01", "elapsed": 116.66569, "delta": 0.925068}}
{"target": 0.2766907490971965, "params": {"C": 60000.91584538178, "gamma": 0.14307725898098772}, "datetime": {"datetime": "2021-10-04 11:20:01", "elapsed": 117.439893, "delta": 0.774203}}
{"target": 0.25747369233010475, "params": {"C": 46384.29864139948, "gamma": 0.03384973314023167}, "datetime": {"datetime": "2021-10-04 11:20:03", "elapsed": 118.555272, "delta": 1.115379}}
{"target": 0.2582572769182121, "params": {"C": 39809.00573287272, "gamma": 0.19362829733402176}, "datetime": {"datetime": "2021-10-04 11:20:04", "elapsed": 119.457524, "delta": 0.902252}}
{"target": 0.2799777732792269, "params": {"C": 60001.27284627702, "gamma": 0.11515441068656967}, "datetime": {"datetime": "2021-10-04 11:20:04", "elapsed": 120.339484, "delta": 0.88196}}
{"target": 0.2806651701064171, "params": {"C": 53884.50288550517, "gamma": 0.08572716283597821}, "datetime": {"datetime": "2021-10-04 11:20:05", "elapsed": 121.085787, "delta": 0.746303}}
{"target": 0.28102034810754917, "params": {"C": 46292.96536005082, "gamma": 0.10543450685556238}, "datetime": {"datetime": "2021-10-04 11:20:06", "elapsed": 122.12852, "delta": 1.042733}}
{"target": 0.2798631371166065, "params": {"C": 47147.478821454744, "gamma": 0.12411960551313701}, "datetime": {"datetime": "2021-10-04 11:20:07", "elapsed": 123.061566, "delta": 0.933046}}
{"target": 0.2693159474255704, "params": {"C": 78921.50180916517, "gamma": 0.1568249477818882}, "datetime": {"datetime": "2021-10-04 11:20:08", "elapsed": 123.9138, "delta": 0.852234}}
{"target": 0.2779991702919845, "params": {"C": 53883.937661564865, "gamma": 0.06827718082562527}, "datetime": {"datetime": "2021-10-04 11:20:09", "elapsed": 125.051178, "delta": 1.137378}}
{"target": 0.27462077572566856, "params": {"C": 78915.14158453475, "gamma": 0.05620456437636231}, "datetime": {"datetime": "2021-10-04 11:20:10", "elapsed": 125.872643, "delta": 0.821465}}
{"target": 0.27283237171281927, "params": {"C": 46293.356719887095, "gamma": 0.16041079132172398}, "datetime": {"datetime": "2021-10-04 11:20:11", "elapsed": 126.774597, "delta": 0.901954}}
{"target": 0.2619977896937622, "params": {"C": 91333.58316388185, "gamma": 0.17842332854325338}, "datetime": {"datetime": "2021-10-04 11:20:12", "elapsed": 127.55551, "delta": 0.780913}}
{"target": 0.27281921959183764, "params": {"C": 61911.12098057326, "gamma": 0.163142251767045}, "datetime": {"datetime": "2021-10-04 11:20:12", "elapsed": 128.416735, "delta": 0.861225}}
{"target": 0.2735860073144899, "params": {"C": 69197.32814423714, "gamma": 0.14921940311939658}, "datetime": {"datetime": "2021-10-04 11:20:13", "elapsed": 129.383749, "delta": 0.967014}}
{"target": 0.19133796657032287, "params": {"C": 53883.45012694416, "gamma": 0.011361071912944658}, "datetime": {"datetime": "2021-10-04 11:20:14", "elapsed": 130.339189, "delta": 0.95544}}
{"target": 0.27419161559867633, "params": {"C": 77551.75631065556, "gamma": 0.12046029326081067}, "datetime": {"datetime": "2021-10-04 11:20:15", "elapsed": 131.296013, "delta": 0.956824}}
{"target": 0.2702990732854126, "params": {"C": 61737.46524964323, "gamma": 0.17519373697566587}, "datetime": {"datetime": "2021-10-04 11:20:16", "elapsed": 132.282803, "delta": 0.98679}}
{"target": 0.28067474894947997, "params": {"C": 57317.717743005975, "gamma": 0.08807349451194504}, "datetime": {"datetime": "2021-10-04 11:20:17", "elapsed": 133.161091, "delta": 0.878288}}
{"target": 0.26942674042671866, "params": {"C": 36807.886530121665, "gamma": 0.1542237663877105}, "datetime": {"datetime": "2021-10-04 11:20:18", "elapsed": 133.916482, "delta": 0.755391}}
{"target": 0.21444155034010504, "params": {"C": 20277.433900384392, "gamma": 0.1911969283400683}, "datetime": {"datetime": "2021-10-04 11:20:19", "elapsed": 134.763022, "delta": 0.84654}}
{"target": 0.2790795096935599, "params": {"C": 62126.0039553499, "gamma": 0.1205530002062953}, "datetime": {"datetime": "2021-10-04 11:20:20", "elapsed": 135.793459, "delta": 1.030437}}
{"target": 0.2686514555627961, "params": {"C": 47794.88203018247, "gamma": 0.04651675760739238}, "datetime": {"datetime": "2021-10-04 11:20:21", "elapsed": 136.597132, "delta": 0.803673}}
{"target": 0.27472579317145873, "params": {"C": 36413.45183817977, "gamma": 0.0765739471861287}, "datetime": {"datetime": "2021-10-04 11:20:22", "elapsed": 137.477333, "delta": 0.880201}}
{"target": 0.2774230169224634, "params": {"C": 69199.23904201045, "gamma": 0.11744221710899985}, "datetime": {"datetime": "2021-10-04 11:20:22", "elapsed": 138.389894, "delta": 0.912561}}
{"target": 0.2802534467054497, "params": {"C": 54969.86013719165, "gamma": 0.12078170633663202}, "datetime": {"datetime": "2021-10-04 11:20:23", "elapsed": 139.194203, "delta": 0.804309}}
{"target": 0.26386718567913814, "params": {"C": 88076.84809284746, "gamma": 0.17290143041334732}, "datetime": {"datetime": "2021-10-04 11:20:25", "elapsed": 140.603604, "delta": 1.409401}}
{"target": 0.25886222583435803, "params": {"C": 22590.232257376967, "gamma": 0.08982458887303808}, "datetime": {"datetime": "2021-10-04 11:20:25", "elapsed": 141.406735, "delta": 0.803131}}
{"target": 0.2610183234335409, "params": {"C": 106914.09414593139, "gamma": 0.12000006276260426}, "datetime": {"datetime": "2021-10-04 11:20:26", "elapsed": 142.202372, "delta": 0.795637}}
{"target": 0.26515496265502625, "params": {"C": 73646.83309454475, "gamma": 0.19040781383127517}, "datetime": {"datetime": "2021-10-04 11:20:27", "elapsed": 143.017554, "delta": 0.815182}}
{"target": 0.2797304613902224, "params": {"C": 42542.98245528698, "gamma": 0.0910566069954786}, "datetime": {"datetime": "2021-10-04 11:20:28", "elapsed": 143.862497, "delta": 0.844943}}
{"target": 0.2799130011107882, "params": {"C": 61555.451015641855, "gamma": 0.08367201414293755}, "datetime": {"datetime": "2021-10-04 11:20:29", "elapsed": 144.655709, "delta": 0.793212}}
{"target": 0.25946626208269385, "params": {"C": 43474.18672743591, "gamma": 0.19790104251712312}, "datetime": {"datetime": "2021-10-04 11:20:30", "elapsed": 145.457757, "delta": 0.802048}}
{"target": 0.2714503553266501, "params": {"C": 61556.055294949525, "gamma": 0.17002732128487064}, "datetime": {"datetime": "2021-10-04 11:20:30", "elapsed": 146.442723, "delta": 0.984966}}
{"target": 0.26918552490414804, "params": {"C": 57317.329340193704, "gamma": 0.18054511984041105}, "datetime": {"datetime": "2021-10-04 11:20:31", "elapsed": 147.321282, "delta": 0.878559}}
{"target": 0.2741659841548564, "params": {"C": 52606.1861060205, "gamma": 0.1591748027825629}, "datetime": {"datetime": "2021-10-04 11:20:32", "elapsed": 148.118509, "delta": 0.797227}}
{"target": 0.26790598251070086, "params": {"C": 62235.286182300246, "gamma": 0.1852272104665163}, "datetime": {"datetime": "2021-10-04 11:20:33", "elapsed": 149.189064, "delta": 1.070555}}
{"target": 0.2675313784270935, "params": {"C": 51031.44152332554, "gamma": 0.1838243212463346}, "datetime": {"datetime": "2021-10-04 11:20:34", "elapsed": 150.138462, "delta": 0.949398}}
{"target": 0.27855398766759054, "params": {"C": 66326.93761862427, "gamma": 0.11407102140968048}, "datetime": {"datetime": "2021-10-04 11:20:35", "elapsed": 150.959076, "delta": 0.820614}}
{"target": 0.27645790349233446, "params": {"C": 62126.87705436022, "gamma": 0.06030639630176723}, "datetime": {"datetime": "2021-10-04 11:20:36", "elapsed": 151.968599, "delta": 1.009523}}
{"target": 0.27783069380593606, "params": {"C": 67537.34754227445, "gamma": 0.07026339977594129}, "datetime": {"datetime": "2021-10-04 11:20:37", "elapsed": 152.820095, "delta": 0.851496}}
{"target": 0.2770010336134041, "params": {"C": 74988.08843434413, "gamma": 0.07657032345965104}, "datetime": {"datetime": "2021-10-04 11:20:38", "elapsed": 153.653101, "delta": 0.833006}}
{"target": 0.26725504534972444, "params": {"C": 85231.93988646401, "gamma": 0.1542159789555823}, "datetime": {"datetime": "2021-10-04 11:20:39", "elapsed": 154.597432, "delta": 0.944331}}
{"target": 0.24080100777317803, "params": {"C": 52605.7577861342, "gamma": 0.022265496797923758}, "datetime": {"datetime": "2021-10-04 11:20:40", "elapsed": 155.646794, "delta": 1.049362}}
{"target": 0.26813243942654597, "params": {"C": 54970.386917610595, "gamma": 0.18395529584977707}, "datetime": {"datetime": "2021-10-04 11:20:41", "elapsed": 156.896623, "delta": 1.249829}}
{"target": 0.2653671242603437, "params": {"C": 46771.501035594934, "gamma": 0.18638486816878533}, "datetime": {"datetime": "2021-10-04 11:20:42", "elapsed": 157.931613, "delta": 1.03499}}
{"target": 0.22100956117715242, "params": {"C": 38726.75854644498, "gamma": 0.01972377254673978}, "datetime": {"datetime": "2021-10-04 11:20:43", "elapsed": 158.921526, "delta": 0.989913}}
{"target": 0.2748306106564572, "params": {"C": 57789.090926576755, "gamma": 0.15540329107250161}, "datetime": {"datetime": "2021-10-04 11:20:44", "elapsed": 160.191957, "delta": 1.270431}}
{"target": 0.27868924201067613, "params": {"C": 58598.534480866365, "gamma": 0.13061182255224724}, "datetime": {"datetime": "2021-10-04 11:20:46", "elapsed": 161.542919, "delta": 1.350962}}
{"target": 0.2802779293856371, "params": {"C": 61817.342628908795, "gamma": 0.09235802005880296}, "datetime": {"datetime": "2021-10-04 11:20:47", "elapsed": 162.778438, "delta": 1.235519}}
