{"target": -35.46199873142734, "params": {"C": 38972.27185561912, "gamma": 0.046747959739335446}, "datetime": {"datetime": "2021-09-29 09:17:19", "elapsed": 180.307159, "delta": 1.04562}}
{"target": -37.36277972217987, "params": {"C": 36155.138000736486, "gamma": 0.09333116740362507}, "datetime": {"datetime": "2021-09-29 09:17:20", "elapsed": 181.421495, "delta": 1.114336}}
{"target": -34.28324839310349, "params": {"C": 38335.500805443575, "gamma": 0.01185187711003723}, "datetime": {"datetime": "2021-09-29 09:17:22", "elapsed": 183.153495, "delta": 1.732}}
{"target": -35.984650249801085, "params": {"C": 36246.4142187617, "gamma": 0.05921292116659339}, "datetime": {"datetime": "2021-09-29 09:17:23", "elapsed": 184.594415, "delta": 1.44092}}
{"target": -35.30280816627702, "params": {"C": 39658.48389545954, "gamma": 0.043090199379605044}, "datetime": {"datetime": "2021-09-29 09:17:24", "elapsed": 185.696657, "delta": 1.102242}}
{"target": -35.54252967197319, "params": {"C": 37777.57089741949, "gamma": 0.0490212492054502}, "datetime": {"datetime": "2021-09-29 09:17:25", "elapsed": 186.792699, "delta": 1.096042}}
{"target": -37.04666518908623, "params": {"C": 39157.2476026113, "gamma": 0.0817137950847645}, "datetime": {"datetime": "2021-09-29 09:17:26", "elapsed": 187.880991, "delta": 1.088292}}
{"target": -36.86711157919442, "params": {"C": 37522.839152794346, "gamma": 0.07889642336782918}, "datetime": {"datetime": "2021-09-29 09:17:28", "elapsed": 188.993849, "delta": 1.112858}}
{"target": -37.657611216311764, "params": {"C": 37810.19623921872, "gamma": 0.0990205608602606}, "datetime": {"datetime": "2021-09-29 09:17:29", "elapsed": 190.08747, "delta": 1.093621}}
{"target": -37.342747498708995, "params": {"C": 38643.955844503485, "gamma": 0.08965461931814939}, "datetime": {"datetime": "2021-09-29 09:17:30", "elapsed": 191.489708, "delta": 1.402238}}
{"target": -37.2123580883651, "params": {"C": 39900.42003680253, "gamma": 0.08487030991892022}, "datetime": {"datetime": "2021-09-29 09:17:31", "elapsed": 192.596708, "delta": 1.107}}
{"target": -36.02337253803714, "params": {"C": 36280.99572755546, "gamma": 0.060047228847588306}, "datetime": {"datetime": "2021-09-29 09:17:33", "elapsed": 194.292064, "delta": 1.695356}}
{"target": -34.908881589005944, "params": {"C": 36730.28799917575, "gamma": 0.03590653424351027}, "datetime": {"datetime": "2021-09-29 09:17:34", "elapsed": 195.315066, "delta": 1.023002}}
{"target": -34.94790654667446, "params": {"C": 35573.63165377676, "gamma": 0.006925272669186402}, "datetime": {"datetime": "2021-09-29 09:17:35", "elapsed": 196.347213, "delta": 1.032147}}
{"target": -35.11195834822135, "params": {"C": 36862.63850467534, "gamma": 0.0062531904770591696}, "datetime": {"datetime": "2021-09-29 09:17:36", "elapsed": 197.37221, "delta": 1.024997}}
{"target": -35.75341641142544, "params": {"C": 36080.82350386262, "gamma": 0.054393459244955394}, "datetime": {"datetime": "2021-09-29 09:17:37", "elapsed": 198.671694, "delta": 1.299484}}
{"target": -37.543764345053, "params": {"C": 39399.01389132435, "gamma": 0.09368489363130394}, "datetime": {"datetime": "2021-09-29 09:17:38", "elapsed": 199.79167, "delta": 1.119976}}
{"target": -36.55643576575432, "params": {"C": 36249.149108931895, "gamma": 0.07208486737137582}, "datetime": {"datetime": "2021-09-29 09:17:40", "elapsed": 201.135677, "delta": 1.344007}}
{"target": -37.46415648014656, "params": {"C": 38369.29736696073, "gamma": 0.0930398471115922}, "datetime": {"datetime": "2021-09-29 09:17:41", "elapsed": 202.659842, "delta": 1.524165}}
{"target": -37.117321254515225, "params": {"C": 38530.33117547617, "gamma": 0.08408428722398076}, "datetime": {"datetime": "2021-09-29 09:17:42", "elapsed": 203.656117, "delta": 0.996275}}
{"target": -34.32839448499691, "params": {"C": 35587.78275441793, "gamma": 0.011130137071723183}, "datetime": {"datetime": "2021-09-29 09:17:44", "elapsed": 205.028723, "delta": 1.372606}}
{"target": -36.13074214216619, "params": {"C": 36096.34100228112, "gamma": 0.06248206705134576}, "datetime": {"datetime": "2021-09-29 09:17:45", "elapsed": 206.093457, "delta": 1.064734}}
{"target": -36.185328809773175, "params": {"C": 37923.128413406055, "gamma": 0.06232970272221347}, "datetime": {"datetime": "2021-09-29 09:17:46", "elapsed": 207.11946, "delta": 1.026003}}
{"target": -35.03759199656316, "params": {"C": 39892.95015434653, "gamma": 0.03738038456287303}, "datetime": {"datetime": "2021-09-29 09:17:47", "elapsed": 208.55564, "delta": 1.43618}}
{"target": -34.29884583501811, "params": {"C": 39242.459008393096, "gamma": 0.015522582356567564}, "datetime": {"datetime": "2021-09-29 09:17:48", "elapsed": 209.712926, "delta": 1.157286}}
{"target": -34.53892708198818, "params": {"C": 35121.0389273921, "gamma": 0.02615494977121011}, "datetime": {"datetime": "2021-09-29 09:17:49", "elapsed": 210.862926, "delta": 1.15}}
{"target": -35.966852159727466, "params": {"C": 38998.78901643983, "gamma": 0.057095512325305894}, "datetime": {"datetime": "2021-09-29 09:17:51", "elapsed": 212.391694, "delta": 1.528768}}
{"target": -36.36649423974695, "params": {"C": 38447.580950926, "gamma": 0.06593386225034249}, "datetime": {"datetime": "2021-09-29 09:17:52", "elapsed": 213.366693, "delta": 0.974999}}
{"target": -34.51364952272205, "params": {"C": 37051.47564983244, "gamma": 0.024805919826729795}, "datetime": {"datetime": "2021-09-29 09:17:53", "elapsed": 214.468832, "delta": 1.102139}}
{"target": -34.402910855883725, "params": {"C": 37789.44414566307, "gamma": 0.009686028209160653}, "datetime": {"datetime": "2021-09-29 09:17:54", "elapsed": 215.599412, "delta": 1.13058}}
{"target": -35.16127365064632, "params": {"C": 39469.72215976726, "gamma": 0.04020831813675452}, "datetime": {"datetime": "2021-09-29 09:17:56", "elapsed": 217.076414, "delta": 1.477002}}
{"target": -34.37249881917929, "params": {"C": 37242.906328827215, "gamma": 0.019234784936089763}, "datetime": {"datetime": "2021-09-29 09:17:57", "elapsed": 218.658119, "delta": 1.581705}}
{"target": -36.48160270865061, "params": {"C": 35229.23226810893, "gamma": 0.07123187933551464}, "datetime": {"datetime": "2021-09-29 09:17:58", "elapsed": 219.76839, "delta": 1.110271}}
{"target": -36.69513171838171, "params": {"C": 38786.106482565265, "gamma": 0.07317755304376015}, "datetime": {"datetime": "2021-09-29 09:18:00", "elapsed": 221.357393, "delta": 1.589003}}
{"target": -35.33693499286856, "params": {"C": 36059.72125024749, "gamma": 0.045547903973857856}, "datetime": {"datetime": "2021-09-29 09:18:01", "elapsed": 222.431953, "delta": 1.07456}}
{"target": -36.33171598227819, "params": {"C": 39774.19797555156, "gamma": 0.06419772089312915}, "datetime": {"datetime": "2021-09-29 09:18:02", "elapsed": 223.484954, "delta": 1.053001}}
{"target": -36.86124371468438, "params": {"C": 35994.38936067773, "gamma": 0.080399327001916}, "datetime": {"datetime": "2021-09-29 09:18:03", "elapsed": 224.485174, "delta": 1.00022}}
{"target": -35.663343359880066, "params": {"C": 38563.97911407884, "gamma": 0.051165326941029564}, "datetime": {"datetime": "2021-09-29 09:18:04", "elapsed": 225.847224, "delta": 1.36205}}
{"target": -34.472232024013636, "params": {"C": 37810.390592529584, "gamma": 0.023176795152477052}, "datetime": {"datetime": "2021-09-29 09:18:06", "elapsed": 226.971253, "delta": 1.124029}}
{"target": -36.54020106567469, "params": {"C": 35787.01207796505, "gamma": 0.07212153406165757}, "datetime": {"datetime": "2021-09-29 09:18:07", "elapsed": 228.629265, "delta": 1.658012}}
{"target": -34.814150860314356, "params": {"C": 35320.71677411611, "gamma": 0.03422039009648351}, "datetime": {"datetime": "2021-09-29 09:18:08", "elapsed": 229.727483, "delta": 1.098218}}
{"target": -37.22805377017865, "params": {"C": 36933.93403169233, "gamma": 0.08877504239489724}, "datetime": {"datetime": "2021-09-29 09:18:09", "elapsed": 230.849483, "delta": 1.122}}
{"target": -34.71495451663373, "params": {"C": 35226.990307030006, "gamma": 0.03173777816625308}, "datetime": {"datetime": "2021-09-29 09:18:11", "elapsed": 232.022801, "delta": 1.173318}}
{"target": -37.27455382257993, "params": {"C": 36092.43913442607, "gamma": 0.09113825997104924}, "datetime": {"datetime": "2021-09-29 09:18:12", "elapsed": 233.209799, "delta": 1.186998}}
{"target": -36.81870164298176, "params": {"C": 38175.08125939341, "gamma": 0.07698173300552867}, "datetime": {"datetime": "2021-09-29 09:18:13", "elapsed": 234.891563, "delta": 1.681764}}
{"target": -35.33415889218894, "params": {"C": 39824.31363702393, "gamma": 0.04365956553729707}, "datetime": {"datetime": "2021-09-29 09:18:15", "elapsed": 236.499437, "delta": 1.607874}}
{"target": -36.53728304054014, "params": {"C": 35520.1566184663, "gamma": 0.07230214167057296}, "datetime": {"datetime": "2021-09-29 09:18:16", "elapsed": 237.633485, "delta": 1.134048}}
{"target": -34.53864250789085, "params": {"C": 39354.11630258993, "gamma": 0.02502132062900377}, "datetime": {"datetime": "2021-09-29 09:18:18", "elapsed": 239.130834, "delta": 1.497349}}
{"target": -34.973502016343105, "params": {"C": 35301.59641838978, "gamma": 0.03797073028875413}, "datetime": {"datetime": "2021-09-29 09:18:19", "elapsed": 240.43509, "delta": 1.304256}}
{"target": -37.5516058521508, "params": {"C": 36194.46450927582, "gamma": 0.09845584863805797}, "datetime": {"datetime": "2021-09-29 09:18:20", "elapsed": 241.689309, "delta": 1.254219}}
{"target": -34.55688149345513, "params": {"C": 39318.85231143799, "gamma": 0.0256126163884349}, "datetime": {"datetime": "2021-09-29 09:18:22", "elapsed": 243.194315, "delta": 1.505006}}
{"target": -37.12551771811564, "params": {"C": 39549.099581873634, "gamma": 0.08316396193480552}, "datetime": {"datetime": "2021-09-29 09:18:23", "elapsed": 244.449749, "delta": 1.255434}}
{"target": -37.21305968283487, "params": {"C": 37639.32868383988, "gamma": 0.08750676655239181}, "datetime": {"datetime": "2021-09-29 09:18:24", "elapsed": 245.719378, "delta": 1.269629}}
{"target": -35.698844620212135, "params": {"C": 36617.25926237649, "gamma": 0.052946222575373784}, "datetime": {"datetime": "2021-09-29 09:18:26", "elapsed": 246.981432, "delta": 1.262054}}
{"target": -36.354501947001154, "params": {"C": 36424.87944950948, "gamma": 0.06728114596533115}, "datetime": {"datetime": "2021-09-29 09:18:27", "elapsed": 248.546964, "delta": 1.565532}}
{"target": -35.222361876793656, "params": {"C": 37569.9890935928, "gamma": 0.00584306517753527}, "datetime": {"datetime": "2021-09-29 09:18:28", "elapsed": 249.741835, "delta": 1.194871}}
{"target": -34.35190692769808, "params": {"C": 37798.47766412289, "gamma": 0.018185024901387438}, "datetime": {"datetime": "2021-09-29 09:18:29", "elapsed": 250.907836, "delta": 1.166001}}
{"target": -35.28941866125598, "params": {"C": 39845.386341245416, "gamma": 0.042730259849322515}, "datetime": {"datetime": "2021-09-29 09:18:31", "elapsed": 252.20268, "delta": 1.294844}}
{"target": -37.23366895848314, "params": {"C": 39346.38182068329, "gamma": 0.0860205827304855}, "datetime": {"datetime": "2021-09-29 09:18:32", "elapsed": 253.90466, "delta": 1.70198}}
{"target": -35.97764242123635, "params": {"C": 36071.246138574184, "gamma": 0.05917583925021519}, "datetime": {"datetime": "2021-09-29 09:18:34", "elapsed": 255.088663, "delta": 1.184003}}
{"target": -34.31437691655188, "params": {"C": 38609.711041761766, "gamma": 0.016328808229691537}, "datetime": {"datetime": "2021-09-29 09:18:35", "elapsed": 256.391578, "delta": 1.302915}}
{"target": -34.69632261133845, "params": {"C": 38098.282151185675, "gamma": 0.03020269367139929}, "datetime": {"datetime": "2021-09-29 09:18:36", "elapsed": 257.669543, "delta": 1.277965}}
{"target": -36.09102936392377, "params": {"C": 36524.34439714579, "gamma": 0.06131991476395222}, "datetime": {"datetime": "2021-09-29 09:18:38", "elapsed": 259.420294, "delta": 1.750751}}
{"target": -37.451261086650675, "params": {"C": 39308.69766472577, "gamma": 0.09149157399735036}, "datetime": {"datetime": "2021-09-29 09:18:39", "elapsed": 260.650256, "delta": 1.229962}}
{"target": -34.33645283060168, "params": {"C": 35435.77302848054, "gamma": 0.01098046506873539}, "datetime": {"datetime": "2021-09-29 09:18:41", "elapsed": 261.978109, "delta": 1.327853}}
{"target": -36.06569198172374, "params": {"C": 39268.51795476598, "gamma": 0.0589482497272536}, "datetime": {"datetime": "2021-09-29 09:18:42", "elapsed": 263.273109, "delta": 1.295}}
{"target": -34.34252026191428, "params": {"C": 36259.379665797336, "gamma": 0.010735030282989251}, "datetime": {"datetime": "2021-09-29 09:18:44", "elapsed": 264.940973, "delta": 1.667864}}
{"target": -37.47819844020721, "params": {"C": 37053.032958159805, "gamma": 0.09517230723480088}, "datetime": {"datetime": "2021-09-29 09:18:45", "elapsed": 266.424143, "delta": 1.48317}}
{"target": -34.63448169097554, "params": {"C": 36214.149595281684, "gamma": 0.029282190580862007}, "datetime": {"datetime": "2021-09-29 09:18:46", "elapsed": 267.769131, "delta": 1.344988}}
{"target": -34.62343326049761, "params": {"C": 37980.932867401556, "gamma": 0.0282652002880907}, "datetime": {"datetime": "2021-09-29 09:18:48", "elapsed": 269.003352, "delta": 1.234221}}
{"target": -35.67315179209542, "params": {"C": 39143.74049901843, "gamma": 0.05108325254385888}, "datetime": {"datetime": "2021-09-29 09:18:49", "elapsed": 270.687544, "delta": 1.684192}}
{"target": -35.936125590474475, "params": {"C": 39595.686303039576, "gamma": 0.05610756170625309}, "datetime": {"datetime": "2021-09-29 09:18:51", "elapsed": 271.942743, "delta": 1.255199}}
{"target": -35.12417332501854, "params": {"C": 36161.95618684949, "gamma": 0.04093567090454194}, "datetime": {"datetime": "2021-09-29 09:18:52", "elapsed": 273.264708, "delta": 1.321965}}
{"target": -35.643214009407494, "params": {"C": 39444.15844808895, "gamma": 0.050313215481789124}, "datetime": {"datetime": "2021-09-29 09:18:54", "elapsed": 275.335216, "delta": 2.070508}}
{"target": -35.53605469533343, "params": {"C": 35754.63549693677, "gamma": 0.049893287625892346}, "datetime": {"datetime": "2021-09-29 09:18:55", "elapsed": 276.67138, "delta": 1.336164}}
{"target": -35.80083057176554, "params": {"C": 35720.40574497626, "gamma": 0.055600923593434444}, "datetime": {"datetime": "2021-09-29 09:18:57", "elapsed": 278.437788, "delta": 1.766408}}
{"target": -35.70555715863761, "params": {"C": 39789.53650327715, "gamma": 0.05139522372428499}, "datetime": {"datetime": "2021-09-29 09:18:58", "elapsed": 279.758525, "delta": 1.320737}}
{"target": -36.954681242221525, "params": {"C": 37077.488646761245, "gamma": 0.08168285719575204}, "datetime": {"datetime": "2021-09-29 09:19:00", "elapsed": 281.160004, "delta": 1.401479}}
{"target": -36.59287660428788, "params": {"C": 39084.183242677995, "gamma": 0.07045242885754457}, "datetime": {"datetime": "2021-09-29 09:19:02", "elapsed": 282.955293, "delta": 1.795289}}
{"target": -34.31267444496488, "params": {"C": 37319.99972894677, "gamma": 0.01644606583074699}, "datetime": {"datetime": "2021-09-29 09:19:03", "elapsed": 284.285348, "delta": 1.330055}}
{"target": -36.488679660530224, "params": {"C": 38611.39201260479, "gamma": 0.0684619929487311}, "datetime": {"datetime": "2021-09-29 09:19:04", "elapsed": 285.624348, "delta": 1.339}}
{"target": -34.91590301222591, "params": {"C": 38617.56518722103, "gamma": 0.03529189847638006}, "datetime": {"datetime": "2021-09-29 09:19:06", "elapsed": 287.038836, "delta": 1.414488}}
{"target": -37.60892989174811, "params": {"C": 38558.10439629627, "gamma": 0.09656184385679416}, "datetime": {"datetime": "2021-09-29 09:19:07", "elapsed": 288.895307, "delta": 1.856471}}
{"target": -35.87746074676069, "params": {"C": 38969.177282903525, "gamma": 0.0552599186005509}, "datetime": {"datetime": "2021-09-29 09:19:09", "elapsed": 290.344096, "delta": 1.448789}}
{"target": -37.384244286779925, "params": {"C": 37026.70136818416, "gamma": 0.09272360692160937}, "datetime": {"datetime": "2021-09-29 09:19:11", "elapsed": 292.429731, "delta": 2.085635}}
{"target": -35.29895826567654, "params": {"C": 35617.82231865057, "gamma": 0.04495637823817276}, "datetime": {"datetime": "2021-09-29 09:19:13", "elapsed": 294.327519, "delta": 1.897788}}
{"target": -34.76162205853464, "params": {"C": 39747.70182704898, "gamma": 0.031203769102626774}, "datetime": {"datetime": "2021-09-29 09:19:15", "elapsed": 296.207181, "delta": 1.879662}}
{"target": -34.5620338394438, "params": {"C": 35124.81402320439, "gamma": 0.027012849516783156}, "datetime": {"datetime": "2021-09-29 09:19:17", "elapsed": 297.990191, "delta": 1.78301}}
{"target": -37.4179622556078, "params": {"C": 39347.22440706876, "gamma": 0.09063819237442794}, "datetime": {"datetime": "2021-09-29 09:19:18", "elapsed": 299.438908, "delta": 1.448717}}
{"target": -35.848759440785, "params": {"C": 38911.03904937623, "gamma": 0.054707369887840716}, "datetime": {"datetime": "2021-09-29 09:19:19", "elapsed": 300.749323, "delta": 1.310415}}
{"target": -34.294106975019034, "params": {"C": 35894.596314521776, "gamma": 0.015798885359771468}, "datetime": {"datetime": "2021-09-29 09:19:21", "elapsed": 301.996316, "delta": 1.246993}}
{"target": -37.60114488638378, "params": {"C": 38021.53069857418, "gamma": 0.09712416837632046}, "datetime": {"datetime": "2021-09-29 09:19:22", "elapsed": 303.791323, "delta": 1.795007}}
{"target": -37.5197119007204, "params": {"C": 39016.37576262721, "gamma": 0.09358030760399923}, "datetime": {"datetime": "2021-09-29 09:19:24", "elapsed": 305.262634, "delta": 1.471311}}
{"target": -36.762278405942624, "params": {"C": 39888.5491502011, "gamma": 0.07387640688595602}, "datetime": {"datetime": "2021-09-29 09:19:25", "elapsed": 306.643855, "delta": 1.381221}}
{"target": -35.02550422677883, "params": {"C": 35040.51920623676, "gamma": 0.03926434891956537}, "datetime": {"datetime": "2021-09-29 09:19:26", "elapsed": 307.857856, "delta": 1.214001}}
{"target": -37.377739054185675, "params": {"C": 37342.2423066879, "gamma": 0.09214571360754564}, "datetime": {"datetime": "2021-09-29 09:19:28", "elapsed": 309.212747, "delta": 1.354891}}
{"target": -36.62741374465232, "params": {"C": 35247.17246598118, "gamma": 0.07483414607285523}, "datetime": {"datetime": "2021-09-29 09:19:29", "elapsed": 310.881401, "delta": 1.668654}}
{"target": -36.956025883112936, "params": {"C": 35946.436139790436, "gamma": 0.0830373824594494}, "datetime": {"datetime": "2021-09-29 09:19:31", "elapsed": 312.212716, "delta": 1.331315}}
{"target": -34.90229407091421, "params": {"C": 37298.045037305594, "gamma": 0.035526945637657}, "datetime": {"datetime": "2021-09-29 09:19:32", "elapsed": 313.552719, "delta": 1.340003}}
{"target": -34.63103259836542, "params": {"C": 36898.396676397344, "gamma": 0.008112033667631515}, "datetime": {"datetime": "2021-09-29 09:19:34", "elapsed": 314.938068, "delta": 1.385349}}
{"target": -34.63774393951582, "params": {"C": 38415.186694466785, "gamma": 0.028617253911116764}, "datetime": {"datetime": "2021-09-29 09:19:35", "elapsed": 316.214189, "delta": 1.276121}}
{"target": -34.265010938563826, "params": {"C": 38021.302271809436, "gamma": 0.014087121811680016}, "datetime": {"datetime": "2021-09-29 09:19:36", "elapsed": 317.560194, "delta": 1.346005}}
{"target": -36.318423977633906, "params": {"C": 36161.33621077183, "gamma": 0.06664997996044182}, "datetime": {"datetime": "2021-09-29 09:19:38", "elapsed": 319.283189, "delta": 1.722995}}
{"target": -35.99731554812167, "params": {"C": 36363.586549725485, "gamma": 0.059413688453017394}, "datetime": {"datetime": "2021-09-29 09:19:39", "elapsed": 320.602523, "delta": 1.319334}}
{"target": -34.618901449525204, "params": {"C": 35872.75679908723, "gamma": 0.028853964315580335}, "datetime": {"datetime": "2021-09-29 09:19:41", "elapsed": 321.966526, "delta": 1.364003}}
{"target": -34.772095497625635, "params": {"C": 35640.329698445, "gamma": 0.007556402461260488}, "datetime": {"datetime": "2021-09-29 09:19:42", "elapsed": 323.717702, "delta": 1.751176}}
{"target": -35.86612403973684, "params": {"C": 37758.35223295794, "gamma": 0.05572926630846401}, "datetime": {"datetime": "2021-09-29 09:19:44", "elapsed": 325.054794, "delta": 1.337092}}
{"target": -35.01487070330929, "params": {"C": 37913.35073778858, "gamma": 0.03771552150526224}, "datetime": {"datetime": "2021-09-29 09:19:45", "elapsed": 326.403033, "delta": 1.348239}}
{"target": -34.70960572605568, "params": {"C": 38609.75737677639, "gamma": 0.030344566439091288}, "datetime": {"datetime": "2021-09-29 09:19:47", "elapsed": 328.329328, "delta": 1.926295}}
{"target": -34.456402881248664, "params": {"C": 35121.03849120845, "gamma": 0.023172396499024982}, "datetime": {"datetime": "2021-09-29 09:19:48", "elapsed": 329.656003, "delta": 1.326675}}
{"target": -35.446183437745695, "params": {"C": 36765.798497287775, "gamma": 0.04749585944012356}, "datetime": {"datetime": "2021-09-29 09:19:51", "elapsed": 332.437937, "delta": 2.781934}}
{"target": -36.64479011408404, "params": {"C": 38335.50267267515, "gamma": 0.07233946623122896}, "datetime": {"datetime": "2021-09-29 09:19:53", "elapsed": 334.240894, "delta": 1.802957}}
{"target": -37.274276464041506, "params": {"C": 37716.30111318608, "gamma": 0.08902012797501217}, "datetime": {"datetime": "2021-09-29 09:19:54", "elapsed": 335.506886, "delta": 1.265992}}
{"target": -34.66569369987714, "params": {"C": 36608.983396209245, "gamma": 0.029992029905254465}, "datetime": {"datetime": "2021-09-29 09:19:56", "elapsed": 336.950609, "delta": 1.443723}}
{"target": -36.011173237614074, "params": {"C": 38148.017300516156, "gamma": 0.058558750872278846}, "datetime": {"datetime": "2021-09-29 09:19:57", "elapsed": 338.811798, "delta": 1.861189}}
{"target": -34.403778735589654, "params": {"C": 37319.969274909854, "gamma": 0.02068402223164908}, "datetime": {"datetime": "2021-09-29 09:19:59", "elapsed": 340.51202, "delta": 1.700222}}
