{"target": -35.14141203833973, "params": {"C": 46179.52061411862, "gamma": 0.008607894827789168}, "datetime": {"datetime": "2021-09-29 09:49:22", "elapsed": 20.668664, "delta": 0.365998}}
{"target": -34.80182753466244, "params": {"C": 48602.378575559866, "gamma": 0.0269097017561855}, "datetime": {"datetime": "2021-09-29 09:49:22", "elapsed": 21.103462, "delta": 0.434798}}
{"target": -34.557589786659086, "params": {"C": 46640.83638826532, "gamma": 0.02187282102673897}, "datetime": {"datetime": "2021-09-29 09:49:23", "elapsed": 21.469034, "delta": 0.365572}}
{"target": -34.61598927140341, "params": {"C": 49668.22031846748, "gamma": 0.023418085695946583}, "datetime": {"datetime": "2021-09-29 09:49:23", "elapsed": 21.902033, "delta": 0.432999}}
{"target": -34.46702887504447, "params": {"C": 46640.98204931377, "gamma": 0.018122934405447936}, "datetime": {"datetime": "2021-09-29 09:49:24", "elapsed": 22.399033, "delta": 0.497}}
{"target": -34.51214568245389, "params": {"C": 49986.30999824822, "gamma": 0.019927473528750333}, "datetime": {"datetime": "2021-09-29 09:49:24", "elapsed": 22.824029, "delta": 0.424996}}
{"target": -35.50320999328204, "params": {"C": 53829.0856286646, "gamma": 0.036380656124323}, "datetime": {"datetime": "2021-09-29 09:49:25", "elapsed": 23.231042, "delta": 0.407013}}
{"target": -35.07698893263593, "params": {"C": 49986.21073921397, "gamma": 0.03131938766155345}, "datetime": {"datetime": "2021-09-29 09:49:25", "elapsed": 23.689201, "delta": 0.458159}}
{"target": -35.49153619740143, "params": {"C": 46140.355892495114, "gamma": 0.0068182747301905565}, "datetime": {"datetime": "2021-09-29 09:49:25", "elapsed": 24.122201, "delta": 0.433}}
{"target": -35.56363365251562, "params": {"C": 52075.11731621507, "gamma": 0.03784405900313216}, "datetime": {"datetime": "2021-09-29 09:49:26", "elapsed": 24.566206, "delta": 0.444005}}
{"target": -36.24975638081521, "params": {"C": 53829.352238144165, "gamma": 0.04697320839945776}, "datetime": {"datetime": "2021-09-29 09:49:26", "elapsed": 25.038204, "delta": 0.471998}}
{"target": -34.550445807706005, "params": {"C": 49985.15071482141, "gamma": 0.021287013866118074}, "datetime": {"datetime": "2021-09-29 09:49:27", "elapsed": 25.5129, "delta": 0.474696}}
{"target": -34.47437568271624, "params": {"C": 46135.16989825879, "gamma": 0.01862656891966357}, "datetime": {"datetime": "2021-09-29 09:49:27", "elapsed": 25.994901, "delta": 0.482001}}
{"target": -35.950285383896656, "params": {"C": 52142.207554453926, "gamma": 0.043353960932539126}, "datetime": {"datetime": "2021-09-29 09:49:28", "elapsed": 26.42354, "delta": 0.428639}}
{"target": -34.45101108938763, "params": {"C": 48968.8178326929, "gamma": 0.015941291511861515}, "datetime": {"datetime": "2021-09-29 09:49:28", "elapsed": 26.904545, "delta": 0.481005}}
{"target": -35.69233605633827, "params": {"C": 48577.27578524527, "gamma": 0.04115253910379158}, "datetime": {"datetime": "2021-09-29 09:49:29", "elapsed": 27.327547, "delta": 0.423002}}
{"target": -35.84435516627975, "params": {"C": 46141.24540445737, "gamma": 0.04474915017467719}, "datetime": {"datetime": "2021-09-29 09:49:29", "elapsed": 27.81683, "delta": 0.489283}}
{"target": -34.50137560425641, "params": {"C": 53829.00293391249, "gamma": 0.014748187842361673}, "datetime": {"datetime": "2021-09-29 09:49:30", "elapsed": 28.31683, "delta": 0.5}}
{"target": -34.979700310872715, "params": {"C": 47931.72162376801, "gamma": 0.009576867025026376}, "datetime": {"datetime": "2021-09-29 09:49:30", "elapsed": 28.772827, "delta": 0.455997}}
{"target": -36.00394164124777, "params": {"C": 49668.58839701861, "gamma": 0.045399179820678946}, "datetime": {"datetime": "2021-09-29 09:49:31", "elapsed": 29.267829, "delta": 0.495002}}
{"target": -34.610596207832685, "params": {"C": 46179.310100952855, "gamma": 0.023680620984215115}, "datetime": {"datetime": "2021-09-29 09:49:31", "elapsed": 29.804178, "delta": 0.536349}}
{"target": -35.454005927352654, "params": {"C": 49984.97752055307, "gamma": 0.037020314575390234}, "datetime": {"datetime": "2021-09-29 09:49:32", "elapsed": 30.368179, "delta": 0.564001}}
{"target": -36.60196823447246, "params": {"C": 48394.832719776605, "gamma": 0.0562730687835463}, "datetime": {"datetime": "2021-09-29 09:49:32", "elapsed": 30.831176, "delta": 0.462997}}
{"target": -35.495748269431346, "params": {"C": 46180.96127450812, "gamma": 0.006799407600225212}, "datetime": {"datetime": "2021-09-29 09:49:33", "elapsed": 31.320866, "delta": 0.48969}}
{"target": -35.240378747193525, "params": {"C": 48968.93628354395, "gamma": 0.03434316163019716}, "datetime": {"datetime": "2021-09-29 09:49:33", "elapsed": 31.857185, "delta": 0.536319}}
{"target": -34.64042906835425, "params": {"C": 53836.32550009374, "gamma": 0.012449713675662822}, "datetime": {"datetime": "2021-09-29 09:49:34", "elapsed": 32.300181, "delta": 0.442996}}
{"target": -35.09633918339606, "params": {"C": 48743.55490597024, "gamma": 0.032036712248869566}, "datetime": {"datetime": "2021-09-29 09:49:34", "elapsed": 32.782184, "delta": 0.482003}}
{"target": -36.53902950571864, "params": {"C": 48602.47707905498, "gamma": 0.05498137915127583}, "datetime": {"datetime": "2021-09-29 09:49:35", "elapsed": 33.28718, "delta": 0.504996}}
{"target": -35.300809025477506, "params": {"C": 46878.32160480103, "gamma": 0.007658471061083841}, "datetime": {"datetime": "2021-09-29 09:49:35", "elapsed": 33.78285, "delta": 0.49567}}
{"target": -36.62285549064008, "params": {"C": 49986.38137861882, "gamma": 0.055433445316720696}, "datetime": {"datetime": "2021-09-29 09:49:36", "elapsed": 34.297851, "delta": 0.515001}}
{"target": -37.02409164043211, "params": {"C": 53565.703383980996, "gamma": 0.05978700690939527}, "datetime": {"datetime": "2021-09-29 09:49:36", "elapsed": 34.77085, "delta": 0.472999}}
{"target": -34.90281179783727, "params": {"C": 45406.01920193745, "gamma": 0.010283101200449408}, "datetime": {"datetime": "2021-09-29 09:49:37", "elapsed": 35.24885, "delta": 0.478}}
{"target": -34.499861900487055, "params": {"C": 46640.924588516435, "gamma": 0.019738940015096317}, "datetime": {"datetime": "2021-09-29 09:49:37", "elapsed": 35.818849, "delta": 0.569999}}
{"target": -34.70093526615069, "params": {"C": 48602.638285226596, "gamma": 0.025192327953012395}, "datetime": {"datetime": "2021-09-29 09:49:38", "elapsed": 36.41555, "delta": 0.596701}}
{"target": -35.059440492249635, "params": {"C": 52138.679124433926, "gamma": 0.03041611332736522}, "datetime": {"datetime": "2021-09-29 09:49:38", "elapsed": 36.929553, "delta": 0.514003}}
{"target": -35.47042814866257, "params": {"C": 49485.54717662795, "gamma": 0.03744183363601736}, "datetime": {"datetime": "2021-09-29 09:49:39", "elapsed": 37.401554, "delta": 0.472001}}
{"target": -34.46515142761834, "params": {"C": 52637.88674045008, "gamma": 0.01787725405673462}, "datetime": {"datetime": "2021-09-29 09:49:39", "elapsed": 37.847152, "delta": 0.445598}}
{"target": -36.39758752615143, "params": {"C": 48835.65710781913, "gamma": 0.052369070510258825}, "datetime": {"datetime": "2021-09-29 09:49:40", "elapsed": 38.272152, "delta": 0.425}}
{"target": -34.89961336583605, "params": {"C": 52638.01473472051, "gamma": 0.02760757046552334}, "datetime": {"datetime": "2021-09-29 09:49:40", "elapsed": 38.810306, "delta": 0.538154}}
{"target": -34.60199271431705, "params": {"C": 46140.89184002425, "gamma": 0.023410564450759154}, "datetime": {"datetime": "2021-09-29 09:49:41", "elapsed": 39.290306, "delta": 0.48}}
{"target": -34.61726337412236, "params": {"C": 46424.56413053359, "gamma": 0.013091428664913935}, "datetime": {"datetime": "2021-09-29 09:49:41", "elapsed": 39.753281, "delta": 0.462975}}
{"target": -34.86338888059139, "params": {"C": 53342.891330021725, "gamma": 0.026856976268870562}, "datetime": {"datetime": "2021-09-29 09:49:42", "elapsed": 40.226276, "delta": 0.472995}}
{"target": -34.575168327069974, "params": {"C": 52637.78245421736, "gamma": 0.013506864082173848}, "datetime": {"datetime": "2021-09-29 09:49:42", "elapsed": 40.748277, "delta": 0.522001}}
{"target": -36.21811772009422, "params": {"C": 45857.912086367905, "gamma": 0.004248707118043425}, "datetime": {"datetime": "2021-09-29 09:49:43", "elapsed": 41.207969, "delta": 0.459692}}
{"target": -34.94384585153121, "params": {"C": 46179.386081634984, "gamma": 0.030040801037987064}, "datetime": {"datetime": "2021-09-29 09:49:43", "elapsed": 41.730172, "delta": 0.522203}}
{"target": -36.40344571595534, "params": {"C": 49668.40747643241, "gamma": 0.05192448469843535}, "datetime": {"datetime": "2021-09-29 09:49:44", "elapsed": 42.237172, "delta": 0.507}}
{"target": -34.66273796059682, "params": {"C": 47877.75375325598, "gamma": 0.012415823041778198}, "datetime": {"datetime": "2021-09-29 09:49:44", "elapsed": 42.714173, "delta": 0.477001}}
{"target": -35.84497436470003, "params": {"C": 47877.689032410315, "gamma": 0.043878749612767}, "datetime": {"datetime": "2021-09-29 09:49:45", "elapsed": 43.264174, "delta": 0.550001}}
{"target": -34.85982660600808, "params": {"C": 46135.12693156765, "gamma": 0.010600611020348597}, "datetime": {"datetime": "2021-09-29 09:49:45", "elapsed": 43.954902, "delta": 0.690728}}
{"target": -36.27409532504963, "params": {"C": 50786.22019275631, "gamma": 0.04908077464253362}, "datetime": {"datetime": "2021-09-29 09:49:46", "elapsed": 44.467904, "delta": 0.513002}}
{"target": -36.1104113081517, "params": {"C": 48968.7719454341, "gamma": 0.004566904274810606}, "datetime": {"datetime": "2021-09-29 09:49:46", "elapsed": 45.030904, "delta": 0.563}}
{"target": -36.73611462127593, "params": {"C": 49985.15085251229, "gamma": 0.05735692841169224}, "datetime": {"datetime": "2021-09-29 09:49:47", "elapsed": 45.537047, "delta": 0.506143}}
{"target": -35.45144228762446, "params": {"C": 47641.14454846006, "gamma": 0.037868412392448904}, "datetime": {"datetime": "2021-09-29 09:49:47", "elapsed": 46.060047, "delta": 0.523}}
{"target": -34.44215927116515, "params": {"C": 54653.97946060065, "gamma": 0.016443593704166024}, "datetime": {"datetime": "2021-09-29 09:49:48", "elapsed": 46.557692, "delta": 0.497645}}
{"target": -35.2771368403317, "params": {"C": 46119.07613310621, "gamma": 0.03589293114979788}, "datetime": {"datetime": "2021-09-29 09:49:48", "elapsed": 47.077695, "delta": 0.520003}}
{"target": -35.937966648960426, "params": {"C": 54530.08385249284, "gamma": 0.042110606361462855}, "datetime": {"datetime": "2021-09-29 09:49:49", "elapsed": 47.594887, "delta": 0.517192}}
{"target": -36.737327005732524, "params": {"C": 47755.89942066583, "gamma": 0.05922587257557682}, "datetime": {"datetime": "2021-09-29 09:49:49", "elapsed": 48.120888, "delta": 0.526001}}
{"target": -37.08933447348139, "params": {"C": 54891.60603761141, "gamma": 0.05998132252957878}, "datetime": {"datetime": "2021-09-29 09:49:50", "elapsed": 48.626887, "delta": 0.505999}}
{"target": -34.6518071070288, "params": {"C": 48424.19048397213, "gamma": 0.024339910529395825}, "datetime": {"datetime": "2021-09-29 09:49:50", "elapsed": 49.15889, "delta": 0.532003}}
{"target": -35.46693387016299, "params": {"C": 50320.93187510842, "gamma": 0.03708415117820804}, "datetime": {"datetime": "2021-09-29 09:49:51", "elapsed": 49.679162, "delta": 0.520272}}
{"target": -35.00154596478851, "params": {"C": 46134.978816909344, "gamma": 0.031104878990214635}, "datetime": {"datetime": "2021-09-29 09:49:52", "elapsed": 50.294162, "delta": 0.615}}
{"target": -36.67373452174979, "params": {"C": 50327.797638740834, "gamma": 0.05602571022659095}, "datetime": {"datetime": "2021-09-29 09:49:52", "elapsed": 50.798159, "delta": 0.503997}}
{"target": -34.85074623472813, "params": {"C": 49560.130106806064, "gamma": 0.02751351220982688}, "datetime": {"datetime": "2021-09-29 09:49:53", "elapsed": 51.315772, "delta": 0.517613}}
{"target": -35.995300832905244, "params": {"C": 51849.8479138493, "gamma": 0.004890123512819168}, "datetime": {"datetime": "2021-09-29 09:49:53", "elapsed": 51.848104, "delta": 0.532332}}
{"target": -34.8167836655457, "params": {"C": 46140.80587847918, "gamma": 0.027783370277234137}, "datetime": {"datetime": "2021-09-29 09:49:54", "elapsed": 52.476704, "delta": 0.6286}}
{"target": -36.499238012618484, "params": {"C": 52637.838329928214, "gamma": 0.0033381826065593825}, "datetime": {"datetime": "2021-09-29 09:49:54", "elapsed": 53.097704, "delta": 0.621}}
{"target": -36.71081523728697, "params": {"C": 46353.755645030615, "gamma": 0.05997973803530468}, "datetime": {"datetime": "2021-09-29 09:49:55", "elapsed": 53.686876, "delta": 0.589172}}
{"target": -34.960052524705716, "params": {"C": 46140.21957993794, "gamma": 0.03034589775828624}, "datetime": {"datetime": "2021-09-29 09:49:56", "elapsed": 54.351874, "delta": 0.664998}}
{"target": -34.48151080793999, "params": {"C": 46141.10697570727, "gamma": 0.019030891919332268}, "datetime": {"datetime": "2021-09-29 09:49:56", "elapsed": 54.949874, "delta": 0.598}}
{"target": -34.512930973755466, "params": {"C": 50187.645987578835, "gamma": 0.01993971215201074}, "datetime": {"datetime": "2021-09-29 09:49:57", "elapsed": 55.565212, "delta": 0.615338}}
{"target": -35.94712600129058, "params": {"C": 52794.11919429379, "gamma": 0.04300703927935908}, "datetime": {"datetime": "2021-09-29 09:49:57", "elapsed": 56.168908, "delta": 0.603696}}
{"target": -35.390081388351106, "params": {"C": 45356.22263980152, "gamma": 0.03786578877136356}, "datetime": {"datetime": "2021-09-29 09:49:58", "elapsed": 56.754907, "delta": 0.585999}}
{"target": -34.913585994019954, "params": {"C": 48975.625690046145, "gamma": 0.028736300920805105}, "datetime": {"datetime": "2021-09-29 09:49:59", "elapsed": 57.385906, "delta": 0.630999}}
{"target": -35.16897788089736, "params": {"C": 49985.92038304321, "gamma": 0.03298021735067808}, "datetime": {"datetime": "2021-09-29 09:49:59", "elapsed": 58.035254, "delta": 0.649348}}
{"target": -35.06617612049103, "params": {"C": 46093.359876169634, "gamma": 0.032316383880464754}, "datetime": {"datetime": "2021-09-29 09:50:00", "elapsed": 58.644254, "delta": 0.609}}
{"target": -34.51308607414576, "params": {"C": 46135.02636940672, "gamma": 0.020300504467910974}, "datetime": {"datetime": "2021-09-29 09:50:01", "elapsed": 59.471253, "delta": 0.826999}}
{"target": -35.1727757423643, "params": {"C": 46641.045306955515, "gamma": 0.03415901160779387}, "datetime": {"datetime": "2021-09-29 09:50:01", "elapsed": 60.096488, "delta": 0.625235}}
{"target": -36.670859371904164, "params": {"C": 48602.609997293956, "gamma": 0.057311321478282405}, "datetime": {"datetime": "2021-09-29 09:50:02", "elapsed": 60.777486, "delta": 0.680998}}
{"target": -35.51481328603091, "params": {"C": 46134.87943769181, "gamma": 0.039430382457685084}, "datetime": {"datetime": "2021-09-29 09:50:03", "elapsed": 61.47715, "delta": 0.699664}}
{"target": -36.48826071862496, "params": {"C": 52637.88957258036, "gamma": 0.05145827733979665}, "datetime": {"datetime": "2021-09-29 09:50:04", "elapsed": 62.269598, "delta": 0.792448}}
{"target": -36.15480377707658, "params": {"C": 48424.18225584507, "gamma": 0.048536433984117444}, "datetime": {"datetime": "2021-09-29 09:50:04", "elapsed": 62.975599, "delta": 0.706001}}
{"target": -34.511590040923224, "params": {"C": 49428.767930824855, "gamma": 0.019953802675278628}, "datetime": {"datetime": "2021-09-29 09:50:05", "elapsed": 63.592068, "delta": 0.616469}}
{"target": -36.56107759043013, "params": {"C": 47875.93141510025, "gamma": 0.055929530071571615}, "datetime": {"datetime": "2021-09-29 09:50:06", "elapsed": 64.23007, "delta": 0.638002}}
{"target": -35.44504361466404, "params": {"C": 45792.73588045883, "gamma": 0.03851533687927841}, "datetime": {"datetime": "2021-09-29 09:50:06", "elapsed": 64.878069, "delta": 0.647999}}
{"target": -35.8153272857445, "params": {"C": 54825.04379373582, "gamma": 0.0054046509971012666}, "datetime": {"datetime": "2021-09-29 09:50:07", "elapsed": 65.498069, "delta": 0.62}}
{"target": -36.22902495844229, "params": {"C": 49428.758495927854, "gamma": 0.04915274060871033}, "datetime": {"datetime": "2021-09-29 09:50:08", "elapsed": 66.251697, "delta": 0.753628}}
{"target": -34.581372583226454, "params": {"C": 49428.78519566048, "gamma": 0.022365321958860148}, "datetime": {"datetime": "2021-09-29 09:50:08", "elapsed": 66.958702, "delta": 0.707005}}
{"target": -35.055151914539344, "params": {"C": 48968.81008847234, "gamma": 0.031225802656308848}, "datetime": {"datetime": "2021-09-29 09:50:09", "elapsed": 67.718149, "delta": 0.759447}}
{"target": -36.65128425021618, "params": {"C": 47546.58030313285, "gamma": 0.05783010518700214}, "datetime": {"datetime": "2021-09-29 09:50:10", "elapsed": 68.397151, "delta": 0.679002}}
{"target": -34.88058917006679, "params": {"C": 46140.83824608618, "gamma": 0.028915995049852768}, "datetime": {"datetime": "2021-09-29 09:50:10", "elapsed": 69.198204, "delta": 0.801053}}
{"target": -35.99526698643098, "params": {"C": 54758.73979941432, "gamma": 0.04281849071890647}, "datetime": {"datetime": "2021-09-29 09:50:11", "elapsed": 69.874571, "delta": 0.676367}}
{"target": -35.82192128359492, "params": {"C": 47000.36958696173, "gamma": 0.04396504681365006}, "datetime": {"datetime": "2021-09-29 09:50:12", "elapsed": 70.751572, "delta": 0.877001}}
{"target": -34.46343895918139, "params": {"C": 49668.238992154875, "gamma": 0.017937981258060034}, "datetime": {"datetime": "2021-09-29 09:50:13", "elapsed": 71.501186, "delta": 0.749614}}
{"target": -35.79090720553242, "params": {"C": 52598.06750837119, "gamma": 0.040878074453147895}, "datetime": {"datetime": "2021-09-29 09:50:14", "elapsed": 72.213644, "delta": 0.712458}}
{"target": -34.863185827533265, "params": {"C": 49986.00997645571, "gamma": 0.027621846134439437}, "datetime": {"datetime": "2021-09-29 09:50:14", "elapsed": 72.945641, "delta": 0.731997}}
{"target": -36.61545105642752, "params": {"C": 50251.951073678996, "gamma": 0.055109848054991216}, "datetime": {"datetime": "2021-09-29 09:50:15", "elapsed": 73.607642, "delta": 0.662001}}
{"target": -36.60449731133806, "params": {"C": 52637.76713432857, "gamma": 0.0030341081152353237}, "datetime": {"datetime": "2021-09-29 09:50:16", "elapsed": 74.3378, "delta": 0.730158}}
{"target": -34.62156489237356, "params": {"C": 53829.019920430444, "gamma": 0.022826517247608865}, "datetime": {"datetime": "2021-09-29 09:50:16", "elapsed": 75.093802, "delta": 0.756002}}
{"target": -36.549246400887334, "params": {"C": 54397.49790169783, "gamma": 0.051321059416198335}, "datetime": {"datetime": "2021-09-29 09:50:17", "elapsed": 75.745263, "delta": 0.651461}}
{"target": -34.45163992708643, "params": {"C": 53176.3052127618, "gamma": 0.0171590992811848}, "datetime": {"datetime": "2021-09-29 09:50:18", "elapsed": 76.402891, "delta": 0.657628}}
{"target": -34.91894987606209, "params": {"C": 46424.555864058806, "gamma": 0.02952233787193463}, "datetime": {"datetime": "2021-09-29 09:50:18", "elapsed": 77.19889, "delta": 0.795999}}
{"target": -34.529755095311444, "params": {"C": 46140.23530921825, "gamma": 0.01453207354339682}, "datetime": {"datetime": "2021-09-29 09:50:19", "elapsed": 78.055244, "delta": 0.856354}}
{"target": -34.690995621278795, "params": {"C": 52924.503208664515, "gamma": 0.0241503958951047}, "datetime": {"datetime": "2021-09-29 09:50:20", "elapsed": 78.743247, "delta": 0.688003}}
{"target": -34.87607529994554, "params": {"C": 49986.05762935146, "gamma": 0.027840211379669712}, "datetime": {"datetime": "2021-09-29 09:50:21", "elapsed": 79.556246, "delta": 0.812999}}
{"target": -35.75044016131151, "params": {"C": 53560.92251223427, "gamma": 0.03990176727493008}, "datetime": {"datetime": "2021-09-29 09:50:22", "elapsed": 80.253427, "delta": 0.697181}}
{"target": -35.09116077732147, "params": {"C": 49985.95950725076, "gamma": 0.03157192023123952}, "datetime": {"datetime": "2021-09-29 09:50:22", "elapsed": 81.043429, "delta": 0.790002}}
{"target": -34.62261762073977, "params": {"C": 46140.86113743886, "gamma": 0.024063859935463245}, "datetime": {"datetime": "2021-09-29 09:50:23", "elapsed": 81.920283, "delta": 0.876854}}
{"target": -35.489138460117815, "params": {"C": 54421.66902655515, "gamma": 0.035993408116376545}, "datetime": {"datetime": "2021-09-29 09:50:24", "elapsed": 82.619271, "delta": 0.698988}}
{"target": -34.591917213505184, "params": {"C": 48232.15865874284, "gamma": 0.01335984168343465}, "datetime": {"datetime": "2021-09-29 09:50:25", "elapsed": 83.307273, "delta": 0.688002}}
{"target": -34.663199782216566, "params": {"C": 46141.006794090754, "gamma": 0.012486619945663649}, "datetime": {"datetime": "2021-09-29 09:50:26", "elapsed": 84.258109, "delta": 0.950836}}
{"target": -35.9449004298477, "params": {"C": 47021.62866492558, "gamma": 0.04590174817078519}, "datetime": {"datetime": "2021-09-29 09:50:26", "elapsed": 85.069111, "delta": 0.811002}}
{"target": -35.020965909877724, "params": {"C": 52637.77994125165, "gamma": 0.029630970102602582}, "datetime": {"datetime": "2021-09-29 09:50:27", "elapsed": 86.127897, "delta": 1.058786}}
{"target": -36.21569780304789, "params": {"C": 49668.24000972535, "gamma": 0.04878339589774924}, "datetime": {"datetime": "2021-09-29 09:50:28", "elapsed": 86.930893, "delta": 0.802996}}
{"target": -36.42883768519402, "params": {"C": 46134.92670978504, "gamma": 0.05481846447439584}, "datetime": {"datetime": "2021-09-29 09:50:29", "elapsed": 87.79808, "delta": 0.867187}}
{"target": -35.34084754728843, "params": {"C": 48028.864956993784, "gamma": 0.036111906511686824}, "datetime": {"datetime": "2021-09-29 09:50:30", "elapsed": 88.568078, "delta": 0.769998}}
{"target": -35.215858256171366, "params": {"C": 51481.9972915588, "gamma": 0.007971383988539915}, "datetime": {"datetime": "2021-09-29 09:50:31", "elapsed": 89.370078, "delta": 0.802}}
{"target": -35.832202409586046, "params": {"C": 46982.70819747016, "gamma": 0.04413704716312832}, "datetime": {"datetime": "2021-09-29 09:50:31", "elapsed": 90.081244, "delta": 0.711166}}
