{"target": -37.89178131841068, "params": {"C": 591.6069130791423, "gamma": 0.01786933401894164}, "datetime": {"datetime": "2021-09-28 12:36:56", "elapsed": 263.80313, "delta": 2.346449}}
{"target": -37.19681574239813, "params": {"C": 591.6593767980831, "gamma": 0.11117532665202494}, "datetime": {"datetime": "2021-09-28 12:36:58", "elapsed": 265.805659, "delta": 2.002529}}
{"target": -38.01297660966768, "params": {"C": 574.1973320192624, "gamma": 0.16359085663497294}, "datetime": {"datetime": "2021-09-28 12:37:00", "elapsed": 267.898549, "delta": 2.09289}}
{"target": -38.113099875204206, "params": {"C": 592.1045861836602, "gamma": 0.17498872085071876}, "datetime": {"datetime": "2021-09-28 12:37:02", "elapsed": 269.694152, "delta": 1.795603}}
{"target": -38.86882841423191, "params": {"C": 397.5450560962099, "gamma": 0.16705330348614114}, "datetime": {"datetime": "2021-09-28 12:37:05", "elapsed": 272.619096, "delta": 2.924944}}
{"target": -37.5211829600169, "params": {"C": 489.3314189942096, "gamma": 0.029425984443052937}, "datetime": {"datetime": "2021-09-28 12:37:06", "elapsed": 274.163326, "delta": 1.54423}}
{"target": -36.900938269700596, "params": {"C": 573.9150090390781, "gamma": 0.0386453197600058}, "datetime": {"datetime": "2021-09-28 12:37:08", "elapsed": 275.994986, "delta": 1.83166}}
{"target": -37.933117727168785, "params": {"C": 573.8415895474052, "gamma": 0.018026906547721325}, "datetime": {"datetime": "2021-09-28 12:37:10", "elapsed": 278.009449, "delta": 2.014463}}
{"target": -37.93309449045676, "params": {"C": 573.8821040064549, "gamma": 0.15811958042040553}, "datetime": {"datetime": "2021-09-28 12:37:12", "elapsed": 279.761606, "delta": 1.752157}}
{"target": -38.74639061352932, "params": {"C": 573.950986699569, "gamma": 0.010649777655340711}, "datetime": {"datetime": "2021-09-28 12:37:15", "elapsed": 282.438777, "delta": 2.677171}}
{"target": -39.221801782359286, "params": {"C": 540.1518205893278, "gamma": 0.008600674566508495}, "datetime": {"datetime": "2021-09-28 12:37:16", "elapsed": 283.71902, "delta": 1.280243}}
{"target": -36.923940616514706, "params": {"C": 573.8692950205941, "gamma": 0.08575529588527053}, "datetime": {"datetime": "2021-09-28 12:37:18", "elapsed": 285.374744, "delta": 1.655724}}
{"target": -37.52599527799599, "params": {"C": 489.7038626144242, "gamma": 0.029278944997521122}, "datetime": {"datetime": "2021-09-28 12:37:19", "elapsed": 286.626749, "delta": 1.252005}}
{"target": -36.78387870700938, "params": {"C": 558.9485063280832, "gamma": 0.06394501555734243}, "datetime": {"datetime": "2021-09-28 12:37:20", "elapsed": 287.795271, "delta": 1.168522}}
{"target": -37.16788830168458, "params": {"C": 557.8711916701089, "gamma": 0.03207484631159492}, "datetime": {"datetime": "2021-09-28 12:37:22", "elapsed": 289.646678, "delta": 1.851407}}
{"target": -37.57262986675603, "params": {"C": 494.5241579997635, "gamma": 0.1123795323809155}, "datetime": {"datetime": "2021-09-28 12:37:23", "elapsed": 290.94568, "delta": 1.299002}}
{"target": -36.79590734098966, "params": {"C": 591.7113233117718, "gamma": 0.07990776535585324}, "datetime": {"datetime": "2021-09-28 12:37:26", "elapsed": 293.708248, "delta": 2.762568}}
{"target": -37.46837934753369, "params": {"C": 494.4763428281418, "gamma": 0.030203579136663244}, "datetime": {"datetime": "2021-09-28 12:37:28", "elapsed": 295.366013, "delta": 1.657765}}
{"target": -38.91598050814979, "params": {"C": 494.60215766117, "gamma": 0.01146723671496501}, "datetime": {"datetime": "2021-09-28 12:37:30", "elapsed": 297.814428, "delta": 2.448415}}
{"target": -38.0787097636624, "params": {"C": 447.8757719570323, "gamma": 0.132074982557324}, "datetime": {"datetime": "2021-09-28 12:37:31", "elapsed": 299.210429, "delta": 1.396001}}
{"target": -38.38852337452446, "params": {"C": 557.6367015288382, "gamma": 0.18542333350356444}, "datetime": {"datetime": "2021-09-28 12:37:33", "elapsed": 301.071718, "delta": 1.861289}}
{"target": -36.951280245644796, "params": {"C": 573.91477172788, "gamma": 0.08807745624452001}, "datetime": {"datetime": "2021-09-28 12:37:35", "elapsed": 302.930673, "delta": 1.858955}}
{"target": -38.44391201665583, "params": {"C": 265.1137656132379, "gamma": 0.058839867831653916}, "datetime": {"datetime": "2021-09-28 12:37:36", "elapsed": 304.180263, "delta": 1.24959}}
{"target": -37.15507810290439, "params": {"C": 494.3808216381631, "gamma": 0.07876983802208164}, "datetime": {"datetime": "2021-09-28 12:37:38", "elapsed": 305.634581, "delta": 1.454318}}
{"target": -38.257474677988995, "params": {"C": 426.253181363658, "gamma": 0.13616016669530612}, "datetime": {"datetime": "2021-09-28 12:37:39", "elapsed": 306.82858, "delta": 1.193999}}
{"target": -38.60218338505221, "params": {"C": 342.7638412048152, "gamma": 0.12584139963059104}, "datetime": {"datetime": "2021-09-28 12:37:40", "elapsed": 308.092667, "delta": 1.264087}}
{"target": -38.33631107143185, "params": {"C": 494.3788972821544, "gamma": 0.016452847001148636}, "datetime": {"datetime": "2021-09-28 12:37:42", "elapsed": 309.969896, "delta": 1.877229}}
{"target": -38.55018750518505, "params": {"C": 494.3873659795856, "gamma": 0.17808453840616942}, "datetime": {"datetime": "2021-09-28 12:37:44", "elapsed": 312.077032, "delta": 2.107136}}
{"target": -37.766453221111554, "params": {"C": 591.582207310487, "gamma": 0.1510600653887665}, "datetime": {"datetime": "2021-09-28 12:37:46", "elapsed": 313.914124, "delta": 1.837092}}
{"target": -38.878989585122405, "params": {"C": 478.64920113100044, "gamma": 0.1968628796944277}, "datetime": {"datetime": "2021-09-28 12:37:48", "elapsed": 316.296401, "delta": 2.382277}}
{"target": -39.117698246177426, "params": {"C": 478.72011654289116, "gamma": 0.01054729995417878}, "datetime": {"datetime": "2021-09-28 12:37:50", "elapsed": 318.225601, "delta": 1.9292}}
{"target": -37.49389386201819, "params": {"C": 494.2915472692666, "gamma": 0.10654136697168502}, "datetime": {"datetime": "2021-09-28 12:37:53", "elapsed": 320.969884, "delta": 2.744283}}
{"target": -36.79202314247477, "params": {"C": 584.2002515361821, "gamma": 0.07692402612664088}, "datetime": {"datetime": "2021-09-28 12:37:55", "elapsed": 322.367196, "delta": 1.397312}}
{"target": -36.68014285372937, "params": {"C": 584.2652019029558, "gamma": 0.06005487766920654}, "datetime": {"datetime": "2021-09-28 12:37:57", "elapsed": 324.453939, "delta": 2.086743}}
{"target": -37.44625706575585, "params": {"C": 584.2597137743345, "gamma": 0.12683827818380786}, "datetime": {"datetime": "2021-09-28 12:37:59", "elapsed": 326.917348, "delta": 2.463409}}
{"target": -36.93250813431584, "params": {"C": 524.3012500114748, "gamma": 0.0666762903643886}, "datetime": {"datetime": "2021-09-28 12:38:00", "elapsed": 328.291904, "delta": 1.374556}}
{"target": -36.87358640792375, "params": {"C": 584.2321084033288, "gamma": 0.038335951930332596}, "datetime": {"datetime": "2021-09-28 12:38:03", "elapsed": 330.331118, "delta": 2.039214}}
{"target": -36.753931161582834, "params": {"C": 584.3347938400942, "gamma": 0.043417306635525246}, "datetime": {"datetime": "2021-09-28 12:38:05", "elapsed": 332.998226, "delta": 2.667108}}
{"target": -37.02271235911675, "params": {"C": 584.3659029055761, "gamma": 0.09665869191989496}, "datetime": {"datetime": "2021-09-28 12:38:07", "elapsed": 335.052528, "delta": 2.054302}}
{"target": -37.55027809756974, "params": {"C": 584.3880173303448, "gamma": 0.0226530437775592}, "datetime": {"datetime": "2021-09-28 12:38:10", "elapsed": 337.740188, "delta": 2.68766}}
{"target": -38.08717290956472, "params": {"C": 460.92806394713676, "gamma": 0.13682349736042185}, "datetime": {"datetime": "2021-09-28 12:38:11", "elapsed": 339.217189, "delta": 1.477001}}
{"target": -37.212069450354626, "params": {"C": 584.1618365438135, "gamma": 0.028881831186400673}, "datetime": {"datetime": "2021-09-28 12:38:14", "elapsed": 341.694025, "delta": 2.476836}}
{"target": -39.52151826303993, "params": {"C": 584.2951220316096, "gamma": 0.006541702792449883}, "datetime": {"datetime": "2021-09-28 12:38:16", "elapsed": 343.836892, "delta": 2.142867}}
{"target": -39.95649739214109, "params": {"C": 238.98464063067925, "gamma": 0.17062673227680722}, "datetime": {"datetime": "2021-09-28 12:38:18", "elapsed": 345.420892, "delta": 1.584}}
{"target": -36.92011274643939, "params": {"C": 524.2516589136512, "gamma": 0.06453890217492447}, "datetime": {"datetime": "2021-09-28 12:38:20", "elapsed": 347.750743, "delta": 2.329851}}
{"target": -36.93929528703302, "params": {"C": 524.3744241137858, "gamma": 0.06775725735012593}, "datetime": {"datetime": "2021-09-28 12:38:23", "elapsed": 350.666429, "delta": 2.915686}}
{"target": -37.54697759344139, "params": {"C": 524.3222896850915, "gamma": 0.11886991477891794}, "datetime": {"datetime": "2021-09-28 12:38:25", "elapsed": 353.10239, "delta": 2.435961}}
{"target": -36.92732971857004, "params": {"C": 524.1791656180098, "gamma": 0.06575507320082377}, "datetime": {"datetime": "2021-09-28 12:38:28", "elapsed": 356.184754, "delta": 3.082364}}
{"target": -38.68953097260455, "params": {"C": 453.52790361931636, "gamma": 0.1745768677353411}, "datetime": {"datetime": "2021-09-28 12:38:30", "elapsed": 358.103249, "delta": 1.918495}}
{"target": -39.25728271499989, "params": {"C": 524.2434392825589, "gamma": 0.008709506679183496}, "datetime": {"datetime": "2021-09-28 12:38:33", "elapsed": 360.703569, "delta": 2.60032}}
{"target": -36.87319741811599, "params": {"C": 584.305786782256, "gamma": 0.0845736858290529}, "datetime": {"datetime": "2021-09-28 12:38:36", "elapsed": 363.892104, "delta": 3.188535}}
{"target": -37.26715271862896, "params": {"C": 584.1475797438393, "gamma": 0.11432054889407765}, "datetime": {"datetime": "2021-09-28 12:38:40", "elapsed": 367.454851, "delta": 3.562747}}
{"target": -37.37824841148692, "params": {"C": 524.1103591014125, "gamma": 0.029748769096607997}, "datetime": {"datetime": "2021-09-28 12:38:42", "elapsed": 370.142014, "delta": 2.687163}}
{"target": -38.22325140381588, "params": {"C": 524.2237385046699, "gamma": 0.16479227437561644}, "datetime": {"datetime": "2021-09-28 12:38:46", "elapsed": 373.702386, "delta": 3.560372}}
{"target": -37.64325305305351, "params": {"C": 383.4520619353427, "gamma": 0.0738737556416992}, "datetime": {"datetime": "2021-09-28 12:38:48", "elapsed": 375.905387, "delta": 2.203001}}
{"target": -36.89132137609984, "params": {"C": 524.4665364068228, "gamma": 0.05299287819480282}, "datetime": {"datetime": "2021-09-28 12:38:52", "elapsed": 380.059947, "delta": 4.15456}}
{"target": -37.262033079856884, "params": {"C": 524.49191148386, "gamma": 0.09812004294946045}, "datetime": {"datetime": "2021-09-28 12:38:55", "elapsed": 382.757729, "delta": 2.697782}}
{"target": -37.72290494721009, "params": {"C": 524.4173858425249, "gamma": 0.13133432669957718}, "datetime": {"datetime": "2021-09-28 12:38:59", "elapsed": 386.951589, "delta": 4.19386}}
{"target": -37.67420139967909, "params": {"C": 524.1217972907868, "gamma": 0.12785117105399368}, "datetime": {"datetime": "2021-09-28 12:39:03", "elapsed": 390.416745, "delta": 3.465156}}
{"target": -37.871582409132834, "params": {"C": 358.9849797504701, "gamma": 0.0805403571949724}, "datetime": {"datetime": "2021-09-28 12:39:05", "elapsed": 393.085328, "delta": 2.668583}}
{"target": -37.81890303727399, "params": {"C": 524.4237863677023, "gamma": 0.021537924058952912}, "datetime": {"datetime": "2021-09-28 12:39:10", "elapsed": 397.564991, "delta": 4.479663}}
{"target": -37.557528744676844, "params": {"C": 524.3240829147428, "gamma": 0.11962085471411973}, "datetime": {"datetime": "2021-09-28 12:39:12", "elapsed": 399.8838, "delta": 2.318809}}
{"target": -38.169819477853274, "params": {"C": 462.2380333048624, "gamma": 0.1426448161492369}, "datetime": {"datetime": "2021-09-28 12:39:14", "elapsed": 401.858786, "delta": 1.974986}}
{"target": -36.92375926091525, "params": {"C": 524.5675580283289, "gamma": 0.04741160007437625}, "datetime": {"datetime": "2021-09-28 12:39:17", "elapsed": 405.125617, "delta": 3.266831}}
{"target": -37.59278560793369, "params": {"C": 524.5081837578682, "gamma": 0.02514922791215132}, "datetime": {"datetime": "2021-09-28 12:39:22", "elapsed": 409.353087, "delta": 4.22747}}
{"target": -37.1607186604314, "params": {"C": 524.2054295092853, "gamma": 0.09003005502561309}, "datetime": {"datetime": "2021-09-28 12:39:25", "elapsed": 412.34608, "delta": 2.992993}}
{"target": -36.96365270740694, "params": {"C": 584.0609603771202, "gamma": 0.03535077847330456}, "datetime": {"datetime": "2021-09-28 12:39:27", "elapsed": 414.692369, "delta": 2.346289}}
{"target": -38.801588398556234, "params": {"C": 246.44315789402017, "gamma": 0.08419918322429595}, "datetime": {"datetime": "2021-09-28 12:39:29", "elapsed": 416.685369, "delta": 1.993}}
{"target": -37.61399810862821, "params": {"C": 524.5767505635365, "gamma": 0.12369859056075137}, "datetime": {"datetime": "2021-09-28 12:39:31", "elapsed": 419.245668, "delta": 2.560299}}
{"target": -36.873043146147566, "params": {"C": 584.0363013505792, "gamma": 0.08447726662843981}, "datetime": {"datetime": "2021-09-28 12:39:34", "elapsed": 421.643159, "delta": 2.397491}}
{"target": -36.94411491672913, "params": {"C": 524.6185814140433, "gamma": 0.045482159408476}, "datetime": {"datetime": "2021-09-28 12:39:36", "elapsed": 424.27728, "delta": 2.634121}}
{"target": -37.82403642511936, "params": {"C": 584.0280856321193, "gamma": 0.1532442796921965}, "datetime": {"datetime": "2021-09-28 12:39:39", "elapsed": 426.693416, "delta": 2.416136}}
{"target": -37.19503406729105, "params": {"C": 545.2217209379329, "gamma": 0.03253116383357766}, "datetime": {"datetime": "2021-09-28 12:39:41", "elapsed": 428.49404, "delta": 1.800624}}
{"target": -38.61485340806453, "params": {"C": 521.0181470685698, "gamma": 0.1908132811126026}, "datetime": {"datetime": "2021-09-28 12:39:43", "elapsed": 430.380035, "delta": 1.885995}}
{"target": -37.63728700844018, "params": {"C": 400.001131099069, "gamma": 0.0825790642176649}, "datetime": {"datetime": "2021-09-28 12:39:45", "elapsed": 432.311086, "delta": 1.931051}}
{"target": -36.69933191035326, "params": {"C": 584.115509551284, "gamma": 0.06471773188298834}, "datetime": {"datetime": "2021-09-28 12:39:48", "elapsed": 435.795047, "delta": 3.483961}}
{"target": -37.47644899853642, "params": {"C": 583.9778906709348, "gamma": 0.023847816752444562}, "datetime": {"datetime": "2021-09-28 12:39:52", "elapsed": 439.439725, "delta": 3.644678}}
{"target": -37.762964718929226, "params": {"C": 524.6805477438261, "gamma": 0.022315007426226906}, "datetime": {"datetime": "2021-09-28 12:39:54", "elapsed": 442.222916, "delta": 2.783191}}
{"target": -37.120985654083434, "params": {"C": 545.2364429079184, "gamma": 0.09330679039796472}, "datetime": {"datetime": "2021-09-28 12:39:58", "elapsed": 445.621712, "delta": 3.398796}}
{"target": -39.5816521746351, "params": {"C": 290.77367694530676, "gamma": 0.17161353181219538}, "datetime": {"datetime": "2021-09-28 12:40:00", "elapsed": 447.598375, "delta": 1.976663}}
{"target": -36.82842063631756, "params": {"C": 545.1277959959289, "gamma": 0.04935153597944021}, "datetime": {"datetime": "2021-09-28 12:40:04", "elapsed": 451.619725, "delta": 4.02135}}
{"target": -37.747815494477734, "params": {"C": 545.1908493498158, "gamma": 0.1384499483829963}, "datetime": {"datetime": "2021-09-28 12:40:07", "elapsed": 454.700294, "delta": 3.080569}}
{"target": -38.67987778003765, "params": {"C": 528.3122044656833, "gamma": 0.19774420821359281}, "datetime": {"datetime": "2021-09-28 12:40:09", "elapsed": 456.62789, "delta": 1.927596}}
{"target": -37.35679456102468, "params": {"C": 545.0421971842864, "gamma": 0.11081589793649305}, "datetime": {"datetime": "2021-09-28 12:40:12", "elapsed": 459.317817, "delta": 2.689927}}
{"target": -37.12959376111295, "params": {"C": 545.2769230800927, "gamma": 0.03440308197958754}, "datetime": {"datetime": "2021-09-28 12:40:14", "elapsed": 462.190703, "delta": 2.872886}}
{"target": -37.06883565823381, "params": {"C": 545.0931048665376, "gamma": 0.08905500605210041}, "datetime": {"datetime": "2021-09-28 12:40:17", "elapsed": 464.906674, "delta": 2.715971}}
{"target": -36.92683789106193, "params": {"C": 545.3565527489599, "gamma": 0.04179786597715102}, "datetime": {"datetime": "2021-09-28 12:40:21", "elapsed": 468.364032, "delta": 3.457358}}
{"target": -38.43683140330335, "params": {"C": 375.70957792577593, "gamma": 0.1288022425775493}, "datetime": {"datetime": "2021-09-28 12:40:23", "elapsed": 470.461337, "delta": 2.097305}}
{"target": -38.03777423586469, "params": {"C": 545.0366591257914, "gamma": 0.017891452751440984}, "datetime": {"datetime": "2021-09-28 12:40:26", "elapsed": 473.469427, "delta": 3.00809}}
{"target": -37.10331495346257, "params": {"C": 545.3949076927137, "gamma": 0.09194949865091813}, "datetime": {"datetime": "2021-09-28 12:40:28", "elapsed": 476.274535, "delta": 2.805108}}
{"target": -37.21768795682733, "params": {"C": 545.4007320058588, "gamma": 0.03190425912480353}, "datetime": {"datetime": "2021-09-28 12:40:32", "elapsed": 480.075197, "delta": 3.800662}}
{"target": -36.89808114525242, "params": {"C": 545.1784537209887, "gamma": 0.07289049724614619}, "datetime": {"datetime": "2021-09-28 12:40:36", "elapsed": 483.34059, "delta": 3.265393}}
{"target": -38.304845208592944, "params": {"C": 545.3705008068881, "gamma": 0.17629628618891408}, "datetime": {"datetime": "2021-09-28 12:40:39", "elapsed": 486.698497, "delta": 3.357907}}
{"target": -36.85600902691224, "params": {"C": 584.0735739508027, "gamma": 0.08298120810757825}, "datetime": {"datetime": "2021-09-28 12:40:43", "elapsed": 490.883414, "delta": 4.184917}}
{"target": -38.68240454509696, "params": {"C": 524.0161345040553, "gamma": 0.01228929400825144}, "datetime": {"datetime": "2021-09-28 12:40:47", "elapsed": 494.380429, "delta": 3.497015}}
{"target": -37.35748883486657, "params": {"C": 545.3176771663793, "gamma": 0.11093826031313438}, "datetime": {"datetime": "2021-09-28 12:40:51", "elapsed": 498.746051, "delta": 4.365622}}
{"target": -37.047353830768856, "params": {"C": 583.9556404478544, "gamma": 0.09841206874091384}, "datetime": {"datetime": "2021-09-28 12:40:54", "elapsed": 501.832892, "delta": 3.086841}}
{"target": -37.80110792183351, "params": {"C": 583.9178579417911, "gamma": 0.15165003909225164}, "datetime": {"datetime": "2021-09-28 12:40:58", "elapsed": 505.482817, "delta": 3.649925}}
{"target": -36.82168325789323, "params": {"C": 583.8677346454217, "gamma": 0.07973942903938787}, "datetime": {"datetime": "2021-09-28 12:41:02", "elapsed": 509.918347, "delta": 4.43553}}
{"target": -39.74519576865791, "params": {"C": 218.9413777075962, "gamma": 0.13921894281044198}, "datetime": {"datetime": "2021-09-28 12:41:04", "elapsed": 512.184639, "delta": 2.266292}}
{"target": -38.23615925623804, "params": {"C": 545.0760110006199, "gamma": 0.17143249552590512}, "datetime": {"datetime": "2021-09-28 12:41:07", "elapsed": 514.404867, "delta": 2.220228}}
{"target": -37.25391311452571, "params": {"C": 545.486411306423, "gamma": 0.10347247575026079}, "datetime": {"datetime": "2021-09-28 12:41:11", "elapsed": 518.527903, "delta": 4.123036}}
{"target": -38.6242211847172, "params": {"C": 583.7956988339809, "gamma": 0.011275588617331085}, "datetime": {"datetime": "2021-09-28 12:41:14", "elapsed": 522.204906, "delta": 3.677003}}
{"target": -37.47091679070754, "params": {"C": 583.8442968801305, "gamma": 0.12845541203289362}, "datetime": {"datetime": "2021-09-28 12:41:17", "elapsed": 525.239091, "delta": 3.034185}}
{"target": -39.756571046425684, "params": {"C": 545.1703320747654, "gamma": 0.006074053772247248}, "datetime": {"datetime": "2021-09-28 12:41:21", "elapsed": 528.335765, "delta": 3.096674}}
{"target": -36.97591408671397, "params": {"C": 545.5863022810072, "gamma": 0.0810906759342986}, "datetime": {"datetime": "2021-09-28 12:41:24", "elapsed": 531.423623, "delta": 3.087858}}
{"target": -37.388889842492105, "params": {"C": 583.9045876121581, "gamma": 0.02532570926365775}, "datetime": {"datetime": "2021-09-28 12:41:28", "elapsed": 535.423715, "delta": 4.000092}}
{"target": -37.169576805745045, "params": {"C": 545.531257266885, "gamma": 0.03320922985839614}, "datetime": {"datetime": "2021-09-28 12:41:32", "elapsed": 540.169822, "delta": 4.746107}}
{"target": -36.861991385475996, "params": {"C": 545.6431466425108, "gamma": 0.04571141028542464}, "datetime": {"datetime": "2021-09-28 12:41:36", "elapsed": 543.561068, "delta": 3.391246}}
{"target": -37.115461720898615, "params": {"C": 545.7002267746079, "gamma": 0.0930073944738959}, "datetime": {"datetime": "2021-09-28 12:41:39", "elapsed": 547.072679, "delta": 3.511611}}
{"target": -38.07761217635704, "params": {"C": 545.5871211958126, "gamma": 0.16057888986093}, "datetime": {"datetime": "2021-09-28 12:41:42", "elapsed": 549.887616, "delta": 2.814937}}
{"target": -37.84445489373851, "params": {"C": 419.3884189481332, "gamma": 0.10636781680188417}, "datetime": {"datetime": "2021-09-28 12:41:44", "elapsed": 551.84985, "delta": 1.962234}}
{"target": -37.03433743558156, "params": {"C": 545.7019598761153, "gamma": 0.037459394345017674}, "datetime": {"datetime": "2021-09-28 12:41:47", "elapsed": 554.996479, "delta": 3.146629}}
{"target": -38.51939088657863, "params": {"C": 260.44953033821366, "gamma": 0.06638273782618986}, "datetime": {"datetime": "2021-09-28 12:41:49", "elapsed": 557.213944, "delta": 2.217465}}
{"target": -36.85873541856131, "params": {"C": 545.7987638901693, "gamma": 0.06812761784283228}, "datetime": {"datetime": "2021-09-28 12:41:53", "elapsed": 560.315753, "delta": 3.101809}}
{"target": -37.56479551862075, "params": {"C": 545.784038667028, "gamma": 0.12572929143700484}, "datetime": {"datetime": "2021-09-28 12:41:58", "elapsed": 565.531182, "delta": 5.215429}}
{"target": -36.840377891510684, "params": {"C": 545.8763249209619, "gamma": 0.04767614554178705}, "datetime": {"datetime": "2021-09-28 12:42:01", "elapsed": 568.607369, "delta": 3.076187}}
