{"target": -35.02543490150386, "params": {"C": 5087.781908351149, "gamma": 0.020753725848062416}, "datetime": {"datetime": "2021-09-28 17:27:28", "elapsed": 105.461259, "delta": 0.958418}}
{"target": -35.44471842915192, "params": {"C": 5763.824891810818, "gamma": 0.012656937599082652}, "datetime": {"datetime": "2021-09-28 17:27:29", "elapsed": 106.405948, "delta": 0.944689}}
{"target": -34.88690123522786, "params": {"C": 5596.395532827017, "gamma": 0.04131731657286215}, "datetime": {"datetime": "2021-09-28 17:27:29", "elapsed": 107.257802, "delta": 0.851854}}
{"target": -34.94201841844571, "params": {"C": 5223.223891912181, "gamma": 0.024474058802112456}, "datetime": {"datetime": "2021-09-28 17:27:30", "elapsed": 107.999166, "delta": 0.741364}}
{"target": -35.37890345999424, "params": {"C": 5584.056358382038, "gamma": 0.06953315469907734}, "datetime": {"datetime": "2021-09-28 17:27:31", "elapsed": 108.96694, "delta": 0.967774}}
{"target": -34.84321964812363, "params": {"C": 5896.875368647929, "gamma": 0.02895367350935459}, "datetime": {"datetime": "2021-09-28 17:27:32", "elapsed": 109.800856, "delta": 0.833916}}
{"target": -34.98484215771235, "params": {"C": 5949.991768968508, "gamma": 0.01921140173969542}, "datetime": {"datetime": "2021-09-28 17:27:33", "elapsed": 110.556155, "delta": 0.755299}}
{"target": -35.24408169116221, "params": {"C": 5109.326973320155, "gamma": 0.016072557578222905}, "datetime": {"datetime": "2021-09-28 17:27:34", "elapsed": 111.505108, "delta": 0.948953}}
{"target": -35.13444712373388, "params": {"C": 5087.715339575774, "gamma": 0.055379582559511635}, "datetime": {"datetime": "2021-09-28 17:27:35", "elapsed": 112.31983, "delta": 0.814722}}
{"target": -34.95633776297455, "params": {"C": 5827.319526785278, "gamma": 0.020701146714498415}, "datetime": {"datetime": "2021-09-28 17:27:35", "elapsed": 113.074116, "delta": 0.754286}}
{"target": -34.87607503320726, "params": {"C": 5896.856626270505, "gamma": 0.04312379027744652}, "datetime": {"datetime": "2021-09-28 17:27:36", "elapsed": 114.052365, "delta": 0.978249}}
{"target": -35.176360682273774, "params": {"C": 5763.768142715351, "gamma": 0.016286051220409846}, "datetime": {"datetime": "2021-09-28 17:27:38", "elapsed": 115.605874, "delta": 1.553509}}
{"target": -35.19810415476978, "params": {"C": 5399.729604739585, "gamma": 0.016405161084435925}, "datetime": {"datetime": "2021-09-28 17:27:39", "elapsed": 116.368523, "delta": 0.762649}}
{"target": -34.94351185546864, "params": {"C": 5619.951189013219, "gamma": 0.046649911172749865}, "datetime": {"datetime": "2021-09-28 17:27:39", "elapsed": 117.232332, "delta": 0.863809}}
{"target": -34.882432868755856, "params": {"C": 5497.334762910042, "gamma": 0.03969621056082799}, "datetime": {"datetime": "2021-09-28 17:27:40", "elapsed": 118.026346, "delta": 0.794014}}
{"target": -35.01271337070385, "params": {"C": 5205.524224856909, "gamma": 0.04908306971401525}, "datetime": {"datetime": "2021-09-28 17:27:41", "elapsed": 119.163337, "delta": 1.136991}}
{"target": -35.1469057291091, "params": {"C": 5665.159010887173, "gamma": 0.05832719917444838}, "datetime": {"datetime": "2021-09-28 17:27:42", "elapsed": 119.940002, "delta": 0.776665}}
{"target": -34.85769142922344, "params": {"C": 5617.108344828361, "gamma": 0.03155282279228569}, "datetime": {"datetime": "2021-09-28 17:27:43", "elapsed": 120.922954, "delta": 0.982952}}
{"target": -35.0483089127439, "params": {"C": 5087.787274411425, "gamma": 0.05050339627079401}, "datetime": {"datetime": "2021-09-28 17:27:44", "elapsed": 121.948277, "delta": 1.025323}}
{"target": -36.022535585339035, "params": {"C": 5223.242724310683, "gamma": 0.005399170689658341}, "datetime": {"datetime": "2021-09-28 17:27:45", "elapsed": 123.20599, "delta": 1.257713}}
{"target": -35.00828254495424, "params": {"C": 5160.400518631799, "gamma": 0.04847541045498118}, "datetime": {"datetime": "2021-09-28 17:27:47", "elapsed": 124.408116, "delta": 1.202126}}
{"target": -34.85089284201804, "params": {"C": 5625.49055883022, "gamma": 0.034730146712773746}, "datetime": {"datetime": "2021-09-28 17:27:48", "elapsed": 125.744651, "delta": 1.336535}}
{"target": -34.85264818482348, "params": {"C": 5604.191289401013, "gamma": 0.03569497233171077}, "datetime": {"datetime": "2021-09-28 17:27:49", "elapsed": 126.565256, "delta": 0.820605}}
{"target": -35.2568321556973, "params": {"C": 5617.093392711421, "gamma": 0.06368900311367483}, "datetime": {"datetime": "2021-09-28 17:27:50", "elapsed": 127.80257, "delta": 1.237314}}
{"target": -35.31822530298857, "params": {"C": 5604.205211816198, "gamma": 0.014470570793358659}, "datetime": {"datetime": "2021-09-28 17:27:51", "elapsed": 129.040752, "delta": 1.238182}}
{"target": -34.90400043200947, "params": {"C": 5172.166213776583, "gamma": 0.038319813018538845}, "datetime": {"datetime": "2021-09-28 17:27:52", "elapsed": 129.905348, "delta": 0.864596}}
{"target": -35.34294865604151, "params": {"C": 5983.238895569883, "gamma": 0.06927631086112576}, "datetime": {"datetime": "2021-09-28 17:27:53", "elapsed": 130.725256, "delta": 0.819908}}
{"target": -34.95104632239632, "params": {"C": 5604.155751221017, "gamma": 0.04708515865845246}, "datetime": {"datetime": "2021-09-28 17:27:54", "elapsed": 131.904627, "delta": 1.179371}}
{"target": -35.15101048353738, "params": {"C": 5856.120695357622, "gamma": 0.05919954524064385}, "datetime": {"datetime": "2021-09-28 17:27:55", "elapsed": 132.708626, "delta": 0.803999}}
{"target": -35.09613445555783, "params": {"C": 5604.172704634339, "gamma": 0.055553135858714936}, "datetime": {"datetime": "2021-09-28 17:27:56", "elapsed": 134.124166, "delta": 1.41554}}
{"target": -35.17843932034586, "params": {"C": 5896.874157181881, "gamma": 0.060706788226020984}, "datetime": {"datetime": "2021-09-28 17:27:57", "elapsed": 135.222452, "delta": 1.098286}}
{"target": -34.934221763538815, "params": {"C": 5170.2018539982, "gamma": 0.025601882933219237}, "datetime": {"datetime": "2021-09-28 17:27:59", "elapsed": 136.699861, "delta": 1.477409}}
{"target": -34.90441644143889, "params": {"C": 5172.142345580773, "gamma": 0.03135070562501133}, "datetime": {"datetime": "2021-09-28 17:28:00", "elapsed": 138.064977, "delta": 1.365116}}
{"target": -35.01678165879655, "params": {"C": 5170.2240364282425, "gamma": 0.04915683592856871}, "datetime": {"datetime": "2021-09-28 17:28:02", "elapsed": 139.607526, "delta": 1.542549}}
{"target": -35.29637048918822, "params": {"C": 5619.951576964672, "gamma": 0.014757026777812016}, "datetime": {"datetime": "2021-09-28 17:28:03", "elapsed": 141.070212, "delta": 1.462686}}
{"target": -35.142810307346025, "params": {"C": 5407.558359247503, "gamma": 0.05716725943143977}, "datetime": {"datetime": "2021-09-28 17:28:04", "elapsed": 141.880384, "delta": 0.810172}}
{"target": -35.179961352276685, "params": {"C": 5619.893692600246, "gamma": 0.059822871134200456}, "datetime": {"datetime": "2021-09-28 17:28:05", "elapsed": 143.257913, "delta": 1.377529}}
{"target": -35.088587051768975, "params": {"C": 5223.209449643956, "gamma": 0.053712011315029666}, "datetime": {"datetime": "2021-09-28 17:28:07", "elapsed": 144.626074, "delta": 1.368161}}
{"target": -34.89879731028503, "params": {"C": 5313.412698267266, "gamma": 0.039561322671944475}, "datetime": {"datetime": "2021-09-28 17:28:08", "elapsed": 145.515355, "delta": 0.889281}}
{"target": -34.85674899463122, "params": {"C": 5616.148013026348, "gamma": 0.031929965719950375}, "datetime": {"datetime": "2021-09-28 17:28:09", "elapsed": 147.099922, "delta": 1.584567}}
{"target": -35.97251050434971, "params": {"C": 5172.144158810788, "gamma": 0.006019202741410198}, "datetime": {"datetime": "2021-09-28 17:28:10", "elapsed": 148.264775, "delta": 1.164853}}
{"target": -34.89833037259346, "params": {"C": 5313.4329574065305, "gamma": 0.028661202898283344}, "datetime": {"datetime": "2021-09-28 17:28:12", "elapsed": 149.997679, "delta": 1.732904}}
{"target": -34.8248781121897, "params": {"C": 5896.900303181663, "gamma": 0.03318519088560456}, "datetime": {"datetime": "2021-09-28 17:28:13", "elapsed": 151.134609, "delta": 1.13693}}
{"target": -35.050173819916196, "params": {"C": 5313.432508274894, "gamma": 0.0521330025387866}, "datetime": {"datetime": "2021-09-28 17:28:15", "elapsed": 152.47447, "delta": 1.339861}}
{"target": -34.86824546047039, "params": {"C": 5497.356814300762, "gamma": 0.03226794656712133}, "datetime": {"datetime": "2021-09-28 17:28:16", "elapsed": 153.652554, "delta": 1.178084}}
{"target": -35.14487190406134, "params": {"C": 5205.553180277428, "gamma": 0.05647847583070669}, "datetime": {"datetime": "2021-09-28 17:28:17", "elapsed": 155.023435, "delta": 1.370881}}
{"target": -35.09061855668866, "params": {"C": 5497.304532786831, "gamma": 0.054887390241744945}, "datetime": {"datetime": "2021-09-28 17:28:19", "elapsed": 156.28388, "delta": 1.260445}}
{"target": -35.275690408260004, "params": {"C": 5827.3441560596975, "gamma": 0.014841842195649282}, "datetime": {"datetime": "2021-09-28 17:28:20", "elapsed": 157.395352, "delta": 1.111472}}
{"target": -35.711748635980726, "params": {"C": 5616.149841839952, "gamma": 0.009260440301351817}, "datetime": {"datetime": "2021-09-28 17:28:21", "elapsed": 158.816691, "delta": 1.421339}}
{"target": -35.320814438890274, "params": {"C": 5172.159191919653, "gamma": 0.06529958661931343}, "datetime": {"datetime": "2021-09-28 17:28:22", "elapsed": 160.156801, "delta": 1.34011}}
{"target": -34.85928879886915, "params": {"C": 5546.007636778834, "gamma": 0.0350330828651581}, "datetime": {"datetime": "2021-09-28 17:28:23", "elapsed": 160.986908, "delta": 0.830107}}
{"target": -35.50898508526068, "params": {"C": 5903.9218844186435, "gamma": 0.07587115812232983}, "datetime": {"datetime": "2021-09-28 17:28:24", "elapsed": 161.85874, "delta": 0.871832}}
{"target": -35.127138652351796, "params": {"C": 5546.006553987876, "gamma": 0.017276469569698565}, "datetime": {"datetime": "2021-09-28 17:28:25", "elapsed": 163.031632, "delta": 1.172892}}
{"target": -34.953935430146224, "params": {"C": 5497.335997123171, "gamma": 0.02225118216453824}, "datetime": {"datetime": "2021-09-28 17:28:26", "elapsed": 164.10057, "delta": 1.068938}}
{"target": -35.10078845518606, "params": {"C": 5545.987067795099, "gamma": 0.055580295604061594}, "datetime": {"datetime": "2021-09-28 17:28:28", "elapsed": 165.305581, "delta": 1.205011}}
{"target": -35.82894229485455, "params": {"C": 5501.646756377807, "gamma": 0.007775814880782049}, "datetime": {"datetime": "2021-09-28 17:28:29", "elapsed": 167.2535, "delta": 1.947919}}
{"target": -35.96376296864813, "params": {"C": 5896.884571359906, "gamma": 0.006116235556810722}, "datetime": {"datetime": "2021-09-28 17:28:31", "elapsed": 168.376805, "delta": 1.123305}}
{"target": -35.013173772715035, "params": {"C": 5163.356245359278, "gamma": 0.020949651761280337}, "datetime": {"datetime": "2021-09-28 17:28:32", "elapsed": 169.695249, "delta": 1.318444}}
{"target": -34.883796805696065, "params": {"C": 5324.028161833793, "gamma": 0.0356885687759616}, "datetime": {"datetime": "2021-09-28 17:28:33", "elapsed": 170.726316, "delta": 1.031067}}
{"target": -34.90699186805765, "params": {"C": 5896.83949578789, "gamma": 0.02260639945083046}, "datetime": {"datetime": "2021-09-28 17:28:34", "elapsed": 172.224452, "delta": 1.498136}}
{"target": -34.98631310434626, "params": {"C": 5324.04991426769, "gamma": 0.04794795142045806}, "datetime": {"datetime": "2021-09-28 17:28:36", "elapsed": 173.453161, "delta": 1.228709}}
{"target": -35.76523903836375, "params": {"C": 5205.542932492368, "gamma": 0.00858681613790117}, "datetime": {"datetime": "2021-09-28 17:28:37", "elapsed": 174.949497, "delta": 1.496336}}
{"target": -34.969215898948285, "params": {"C": 5616.170201585229, "gamma": 0.048315938940550154}, "datetime": {"datetime": "2021-09-28 17:28:39", "elapsed": 176.386586, "delta": 1.437089}}
{"target": -35.24915655634005, "params": {"C": 5204.340930472203, "gamma": 0.06175444695306705}, "datetime": {"datetime": "2021-09-28 17:28:40", "elapsed": 178.046499, "delta": 1.659913}}
{"target": -35.33179946503528, "params": {"C": 5619.925768461734, "gamma": 0.06751960209689789}, "datetime": {"datetime": "2021-09-28 17:28:42", "elapsed": 179.452962, "delta": 1.406463}}
{"target": -34.961370863286234, "params": {"C": 5625.5029909388595, "gamma": 0.021307761395537098}, "datetime": {"datetime": "2021-09-28 17:28:43", "elapsed": 180.940197, "delta": 1.487235}}
{"target": -34.987634528890865, "params": {"C": 5497.378862957234, "gamma": 0.020658477073057308}, "datetime": {"datetime": "2021-09-28 17:28:44", "elapsed": 182.157509, "delta": 1.217312}}
{"target": -34.894302478251724, "params": {"C": 5486.744233329644, "gamma": 0.04096751515780439}, "datetime": {"datetime": "2021-09-28 17:28:45", "elapsed": 183.277965, "delta": 1.120456}}
{"target": -35.093113697833935, "params": {"C": 5497.367257821639, "gamma": 0.055012824938424}, "datetime": {"datetime": "2021-09-28 17:28:47", "elapsed": 184.547846, "delta": 1.269881}}
{"target": -34.95057597586525, "params": {"C": 5172.12430562943, "gamma": 0.04368378624688478}, "datetime": {"datetime": "2021-09-28 17:28:48", "elapsed": 186.175789, "delta": 1.627943}}
{"target": -35.12316473389139, "params": {"C": 5604.167820710385, "gamma": 0.017258397653921332}, "datetime": {"datetime": "2021-09-28 17:28:50", "elapsed": 187.958232, "delta": 1.782443}}
{"target": -35.35606914671281, "params": {"C": 5596.402182706399, "gamma": 0.06857143615648867}, "datetime": {"datetime": "2021-09-28 17:28:52", "elapsed": 190.05623, "delta": 2.097998}}
{"target": -35.10370247491818, "params": {"C": 5136.080401523939, "gamma": 0.05397799287584345}, "datetime": {"datetime": "2021-09-28 17:28:53", "elapsed": 191.069716, "delta": 1.013486}}
{"target": -34.87958384267702, "params": {"C": 5629.1497486373455, "gamma": 0.02664878767965683}, "datetime": {"datetime": "2021-09-28 17:28:55", "elapsed": 192.37431, "delta": 1.304594}}
{"target": -34.878912813874024, "params": {"C": 5518.7450740596805, "gamma": 0.028551336990004776}, "datetime": {"datetime": "2021-09-28 17:28:56", "elapsed": 193.585404, "delta": 1.211094}}
{"target": -35.12436685151545, "params": {"C": 5965.3645657383795, "gamma": 0.05795297878806328}, "datetime": {"datetime": "2021-09-28 17:28:58", "elapsed": 195.353424, "delta": 1.76802}}
{"target": -34.88864327669845, "params": {"C": 5616.128009775331, "gamma": 0.04173101963722533}, "datetime": {"datetime": "2021-09-28 17:28:59", "elapsed": 196.573802, "delta": 1.220378}}
{"target": -35.559987166563864, "params": {"C": 5518.78834611617, "gamma": 0.011292479168866856}, "datetime": {"datetime": "2021-09-28 17:29:00", "elapsed": 198.002788, "delta": 1.428986}}
{"target": -35.09011758705043, "params": {"C": 5324.003388345005, "gamma": 0.05419363645969002}, "datetime": {"datetime": "2021-09-28 17:29:02", "elapsed": 199.331485, "delta": 1.328697}}
{"target": -35.018206509763914, "params": {"C": 5763.746814945162, "gamma": 0.05148922357355577}, "datetime": {"datetime": "2021-09-28 17:29:03", "elapsed": 200.665851, "delta": 1.334366}}
{"target": -35.092394687441605, "params": {"C": 5604.205570728608, "gamma": 0.05533979648010789}, "datetime": {"datetime": "2021-09-28 17:29:04", "elapsed": 201.878861, "delta": 1.21301}}
{"target": -35.36529989454678, "params": {"C": 5324.032729999526, "gamma": 0.06796264840797597}, "datetime": {"datetime": "2021-09-28 17:29:06", "elapsed": 203.539277, "delta": 1.660416}}
{"target": -35.40658358063535, "params": {"C": 5696.860489852978, "gamma": 0.07114814624873918}, "datetime": {"datetime": "2021-09-28 17:29:07", "elapsed": 204.549228, "delta": 1.009951}}
{"target": -34.96587919638541, "params": {"C": 5109.3619143123115, "gamma": 0.04458012134431285}, "datetime": {"datetime": "2021-09-28 17:29:08", "elapsed": 205.909349, "delta": 1.360121}}
{"target": -34.85922245338786, "params": {"C": 5546.029566877552, "gamma": 0.035152895780253574}, "datetime": {"datetime": "2021-09-28 17:29:10", "elapsed": 207.38632, "delta": 1.476971}}
{"target": -35.914858703365596, "params": {"C": 5629.160202056334, "gamma": 0.006665837016161386}, "datetime": {"datetime": "2021-09-28 17:29:11", "elapsed": 208.733904, "delta": 1.347584}}
{"target": -34.885514391250425, "params": {"C": 5546.057977924349, "gamma": 0.026895370836696898}, "datetime": {"datetime": "2021-09-28 17:29:12", "elapsed": 210.237487, "delta": 1.503583}}
{"target": -35.22687555376211, "params": {"C": 5596.405334113253, "gamma": 0.015756537331299777}, "datetime": {"datetime": "2021-09-28 17:29:14", "elapsed": 212.125994, "delta": 1.888507}}
{"target": -35.88217266573774, "params": {"C": 5584.065200186238, "gamma": 0.007098583125616097}, "datetime": {"datetime": "2021-09-28 17:29:16", "elapsed": 213.562874, "delta": 1.43688}}
{"target": -35.012499073554835, "params": {"C": 5896.831316247726, "gamma": 0.05147681747246842}, "datetime": {"datetime": "2021-09-28 17:29:17", "elapsed": 214.941714, "delta": 1.37884}}
{"target": -35.606585939282446, "params": {"C": 5204.351523076111, "gamma": 0.010808265019828303}, "datetime": {"datetime": "2021-09-28 17:29:18", "elapsed": 216.272564, "delta": 1.33085}}
{"target": -35.760821402794306, "params": {"C": 5518.748095136707, "gamma": 0.008613950614885419}, "datetime": {"datetime": "2021-09-28 17:29:21", "elapsed": 218.87854, "delta": 2.605976}}
{"target": -34.977163074610544, "params": {"C": 5584.100504997604, "gamma": 0.048692760440252114}, "datetime": {"datetime": "2021-09-28 17:29:22", "elapsed": 220.12829, "delta": 1.24975}}
{"target": -34.85121663993944, "params": {"C": 5617.1365214677735, "gamma": 0.03670751184964989}, "datetime": {"datetime": "2021-09-28 17:29:24", "elapsed": 221.598103, "delta": 1.469813}}
{"target": -34.914714420784584, "params": {"C": 5083.458153643711, "gamma": 0.038364474011370206}, "datetime": {"datetime": "2021-09-28 17:29:25", "elapsed": 222.671365, "delta": 1.073262}}
{"target": -34.931745520755356, "params": {"C": 5896.915588739154, "gamma": 0.0468514729556961}, "datetime": {"datetime": "2021-09-28 17:29:26", "elapsed": 223.98679, "delta": 1.315425}}
{"target": -35.351433709656135, "params": {"C": 5933.757345914121, "gamma": 0.013744450370436742}, "datetime": {"datetime": "2021-09-28 17:29:27", "elapsed": 225.049872, "delta": 1.063082}}
{"target": -34.93958754886989, "params": {"C": 5324.040832090771, "gamma": 0.023943652281213475}, "datetime": {"datetime": "2021-09-28 17:29:29", "elapsed": 226.705792, "delta": 1.65592}}
{"target": -34.911466922984516, "params": {"C": 5088.344656559611, "gamma": 0.03261382840728585}, "datetime": {"datetime": "2021-09-28 17:29:30", "elapsed": 227.71906, "delta": 1.013268}}
{"target": -34.90548773588279, "params": {"C": 5896.88515930395, "gamma": 0.045322398529190754}, "datetime": {"datetime": "2021-09-28 17:29:31", "elapsed": 228.984132, "delta": 1.265072}}
{"target": -35.08988503090186, "params": {"C": 5980.186073141555, "gamma": 0.05603905973563997}, "datetime": {"datetime": "2021-09-28 17:29:32", "elapsed": 230.076386, "delta": 1.092254}}
{"target": -34.981791008253396, "params": {"C": 5083.435289063327, "gamma": 0.04589079140041341}, "datetime": {"datetime": "2021-09-28 17:29:34", "elapsed": 231.464018, "delta": 1.387632}}
{"target": -35.41143088027967, "params": {"C": 5109.34075628783, "gamma": 0.06916980578838035}, "datetime": {"datetime": "2021-09-28 17:29:36", "elapsed": 234.033234, "delta": 2.569216}}
{"target": -34.89848877255005, "params": {"C": 5536.036897969699, "gamma": 0.025624335235776834}, "datetime": {"datetime": "2021-09-28 17:29:37", "elapsed": 235.142488, "delta": 1.109254}}
{"target": -35.80469815255458, "params": {"C": 5776.419563770092, "gamma": 0.008057766920947229}, "datetime": {"datetime": "2021-09-28 17:29:38", "elapsed": 236.207686, "delta": 1.065198}}
{"target": -34.965399814519806, "params": {"C": 5918.766846554588, "gamma": 0.04884143784419492}, "datetime": {"datetime": "2021-09-28 17:29:40", "elapsed": 237.298585, "delta": 1.090899}}
{"target": -35.07573232035734, "params": {"C": 5703.398052078962, "gamma": 0.05462245798503643}, "datetime": {"datetime": "2021-09-28 17:29:41", "elapsed": 238.353013, "delta": 1.054428}}
{"target": -34.97079448148133, "params": {"C": 5764.603229977496, "gamma": 0.020325638461856397}, "datetime": {"datetime": "2021-09-28 17:29:42", "elapsed": 239.437393, "delta": 1.08438}}
{"target": -34.99888285380327, "params": {"C": 5596.375322958441, "gamma": 0.04997367208368714}, "datetime": {"datetime": "2021-09-28 17:29:43", "elapsed": 241.076244, "delta": 1.638851}}
{"target": -35.117689735847044, "params": {"C": 5617.132946556939, "gamma": 0.017322845526715033}, "datetime": {"datetime": "2021-09-28 17:29:45", "elapsed": 242.645393, "delta": 1.569149}}
{"target": -35.00721290619695, "params": {"C": 5617.128200788537, "gamma": 0.050503555315276866}, "datetime": {"datetime": "2021-09-28 17:29:46", "elapsed": 244.134401, "delta": 1.489008}}
{"target": -35.227001851690176, "params": {"C": 5454.737626991734, "gamma": 0.06159049966936605}, "datetime": {"datetime": "2021-09-28 17:29:47", "elapsed": 245.250744, "delta": 1.116343}}
{"target": -34.85746079695664, "params": {"C": 5853.039891523958, "gamma": 0.02700525662750726}, "datetime": {"datetime": "2021-09-28 17:29:49", "elapsed": 246.412869, "delta": 1.162125}}
{"target": -34.97465040450169, "params": {"C": 5546.050973717521, "gamma": 0.04838841971182669}, "datetime": {"datetime": "2021-09-28 17:29:50", "elapsed": 247.996219, "delta": 1.58335}}
{"target": -34.92891930401292, "params": {"C": 5616.152557793295, "gamma": 0.04550543574263765}, "datetime": {"datetime": "2021-09-28 17:29:53", "elapsed": 250.493632, "delta": 2.497413}}
{"target": -35.05929544963671, "params": {"C": 5160.373470929502, "gamma": 0.05162641706910048}, "datetime": {"datetime": "2021-09-28 17:29:55", "elapsed": 252.720269, "delta": 2.226637}}
