{"target": 0.14077658977896002, "params": {"C": 257649.12421568038, "gamma": 0.5439899475053209}, "datetime": {"datetime": "2021-10-04 11:12:08", "elapsed": 6.750641, "delta": 0.269603}}
{"target": 0.20584047246270631, "params": {"C": 272492.9671136751, "gamma": 0.3456315128063285}, "datetime": {"datetime": "2021-10-04 11:12:08", "elapsed": 6.998161, "delta": 0.24752}}
{"target": 0.19049859545349845, "params": {"C": 191452.20380302818, "gamma": 0.4072255158054701}, "datetime": {"datetime": "2021-10-04 11:12:09", "elapsed": 7.26786, "delta": 0.269699}}
{"target": 0.19266209159384617, "params": {"C": 446152.31091253465, "gamma": 0.36605720686044435}, "datetime": {"datetime": "2021-10-04 11:12:09", "elapsed": 7.584393, "delta": 0.316533}}
{"target": 0.21824223158514988, "params": {"C": 60437.21929980449, "gamma": 0.31380772734684453}, "datetime": {"datetime": "2021-10-04 11:12:09", "elapsed": 7.853736, "delta": 0.269343}}
{"target": 0.14263779034162627, "params": {"C": 78031.12211996023, "gamma": 0.4948408447297604}, "datetime": {"datetime": "2021-10-04 11:12:09", "elapsed": 8.154628, "delta": 0.300892}}
{"target": 0.17014172528274096, "params": {"C": 382398.24600569264, "gamma": 0.4490694166863171}, "datetime": {"datetime": "2021-10-04 11:12:10", "elapsed": 8.471284, "delta": 0.316656}}
{"target": 0.0843578165945238, "params": {"C": 349641.5627537418, "gamma": 0.7728939389285783}, "datetime": {"datetime": "2021-10-04 11:12:10", "elapsed": 8.756462, "delta": 0.285178}}
{"target": 0.08683838779926012, "params": {"C": 150081.42136107257, "gamma": 0.7406744553260793}, "datetime": {"datetime": "2021-10-04 11:12:10", "elapsed": 9.073063, "delta": 0.316601}}
{"target": 0.10207161788854424, "params": {"C": 88229.2433875071, "gamma": 0.623874649555478}, "datetime": {"datetime": "2021-10-04 11:12:11", "elapsed": 9.420743, "delta": 0.34768}}
{"target": 0.1408674556737166, "params": {"C": 452852.1460836102, "gamma": 0.5351940885410511}, "datetime": {"datetime": "2021-10-04 11:12:11", "elapsed": 9.721635, "delta": 0.300892}}
{"target": 0.09191032278145894, "params": {"C": 244476.77656435873, "gamma": 0.7327407317287793}, "datetime": {"datetime": "2021-10-04 11:12:11", "elapsed": 10.059829, "delta": 0.338194}}
{"target": 0.19191979381921553, "params": {"C": 62555.91374499668, "gamma": 0.3691025386004934}, "datetime": {"datetime": "2021-10-04 11:12:12", "elapsed": 10.360378, "delta": 0.300549}}
{"target": 0.14282363459337, "params": {"C": 466684.3874876248, "gamma": 0.5283035100898819}, "datetime": {"datetime": "2021-10-04 11:12:12", "elapsed": 10.654334, "delta": 0.293956}}
{"target": 0.09363370967449192, "params": {"C": 447047.52364948776, "gamma": 0.7201351135329399}, "datetime": {"datetime": "2021-10-04 11:12:12", "elapsed": 10.939614, "delta": 0.28528}}
{"target": 0.09769922459794733, "params": {"C": 325039.27728582727, "gamma": 0.704508193047667}, "datetime": {"datetime": "2021-10-04 11:12:13", "elapsed": 11.278309, "delta": 0.338695}}
{"target": 0.11643071846804143, "params": {"C": 78184.73893822695, "gamma": 0.5637032055348943}, "datetime": {"datetime": "2021-10-04 11:12:13", "elapsed": 11.648216, "delta": 0.369907}}
{"target": 0.11802539071745555, "params": {"C": 204475.11928044577, "gamma": 0.6196421465772941}, "datetime": {"datetime": "2021-10-04 11:12:13", "elapsed": 12.017357, "delta": 0.369141}}
{"target": 0.17951791943600504, "params": {"C": 377247.9197205992, "gamma": 0.42073421179330006}, "datetime": {"datetime": "2021-10-04 11:12:14", "elapsed": 12.318316, "delta": 0.300959}}
{"target": 0.0922206424055314, "params": {"C": 388169.68256241974, "gamma": 0.729382448268239}, "datetime": {"datetime": "2021-10-04 11:12:14", "elapsed": 12.634873, "delta": 0.316557}}
{"target": 0.1080695751065841, "params": {"C": 121395.76943840599, "gamma": 0.6348633215495713}, "datetime": {"datetime": "2021-10-04 11:12:14", "elapsed": 12.957922, "delta": 0.323049}}
{"target": 0.16959799041331403, "params": {"C": 228031.69698566693, "gamma": 0.4616177407919012}, "datetime": {"datetime": "2021-10-04 11:12:15", "elapsed": 13.352692, "delta": 0.39477}}
{"target": 0.11598338241179362, "params": {"C": 452850.44752149645, "gamma": 0.6223376592362764}, "datetime": {"datetime": "2021-10-04 11:12:15", "elapsed": 13.691388, "delta": 0.338696}}
{"target": 0.05806226072318443, "params": {"C": 60437.386060156874, "gamma": 0.7205042689737209}, "datetime": {"datetime": "2021-10-04 11:12:15", "elapsed": 14.039056, "delta": 0.347668}}
{"target": 0.20633871095805478, "params": {"C": 360050.0412058241, "gamma": 0.30824923772822044}, "datetime": {"datetime": "2021-10-04 11:12:16", "elapsed": 14.361819, "delta": 0.322763}}
{"target": 0.08278431447306689, "params": {"C": 353328.51431884506, "gamma": 0.7818644245456641}, "datetime": {"datetime": "2021-10-04 11:12:16", "elapsed": 14.709637, "delta": 0.347818}}
{"target": 0.1966779017850705, "params": {"C": 137294.1844219757, "gamma": 0.39314840898002296}, "datetime": {"datetime": "2021-10-04 11:12:16", "elapsed": 15.026251, "delta": 0.316614}}
{"target": 0.1670363098684401, "params": {"C": 303003.1890150788, "gamma": 0.46397057125369406}, "datetime": {"datetime": "2021-10-04 11:12:17", "elapsed": 15.36452, "delta": 0.338269}}
{"target": 0.18577793801230513, "params": {"C": 399434.45208283886, "gamma": 0.3981232699365914}, "datetime": {"datetime": "2021-10-04 11:12:17", "elapsed": 15.696451, "delta": 0.331931}}
{"target": 0.1064070276445015, "params": {"C": 477455.9560263569, "gamma": 0.660248345307525}, "datetime": {"datetime": "2021-10-04 11:12:17", "elapsed": 16.044054, "delta": 0.347603}}
{"target": 0.12135585169729224, "params": {"C": 179784.93327832804, "gamma": 0.6056080720946324}, "datetime": {"datetime": "2021-10-04 11:12:18", "elapsed": 16.38087, "delta": 0.336816}}
{"target": 0.17846147707427218, "params": {"C": 387039.4300986797, "gamma": 0.42317598578745524}, "datetime": {"datetime": "2021-10-04 11:12:18", "elapsed": 16.75088, "delta": 0.37001}}
{"target": 0.0823690735459357, "params": {"C": 179974.8467411768, "gamma": 0.7750426778046374}, "datetime": {"datetime": "2021-10-04 11:12:18", "elapsed": 17.067417, "delta": 0.316537}}
{"target": 0.1836912542417034, "params": {"C": 150114.28450225753, "gamma": 0.4261407907002359}, "datetime": {"datetime": "2021-10-04 11:12:19", "elapsed": 17.408689, "delta": 0.341272}}
{"target": 0.1129034747344756, "params": {"C": 395218.90423556475, "gamma": 0.6365791742764175}, "datetime": {"datetime": "2021-10-04 11:12:19", "elapsed": 17.769087, "delta": 0.360398}}
{"target": 0.11334082749180263, "params": {"C": 165732.0907702611, "gamma": 0.6320710331064059}, "datetime": {"datetime": "2021-10-04 11:12:19", "elapsed": 18.101177, "delta": 0.33209}}
{"target": 0.19092055052109425, "params": {"C": 387540.4174776596, "gamma": 0.38135586286817463}, "datetime": {"datetime": "2021-10-04 11:12:20", "elapsed": 18.472845, "delta": 0.371668}}
{"target": 0.13928449860411385, "params": {"C": 346334.695118443, "gamma": 0.5451331233051262}, "datetime": {"datetime": "2021-10-04 11:12:20", "elapsed": 18.866547, "delta": 0.393702}}
{"target": 0.18433640915447436, "params": {"C": 363181.46254889417, "gamma": 0.4067962636175015}, "datetime": {"datetime": "2021-10-04 11:12:20", "elapsed": 19.221767, "delta": 0.35522}}
{"target": 0.1972086824018956, "params": {"C": 254773.69637697368, "gamma": 0.3797742001245854}, "datetime": {"datetime": "2021-10-04 11:12:21", "elapsed": 19.568579, "delta": 0.346812}}
{"target": 0.20358104386957965, "params": {"C": 173628.75446679554, "gamma": 0.37300158005697137}, "datetime": {"datetime": "2021-10-04 11:12:21", "elapsed": 19.953511, "delta": 0.384932}}
{"target": 0.12049713729431488, "params": {"C": 76770.24615542611, "gamma": 0.5500459893141623}, "datetime": {"datetime": "2021-10-04 11:12:22", "elapsed": 20.307869, "delta": 0.354358}}
{"target": 0.14022744690555866, "params": {"C": 145962.0476592786, "gamma": 0.5404667234792246}, "datetime": {"datetime": "2021-10-04 11:12:22", "elapsed": 20.69318, "delta": 0.385311}}
{"target": 0.0886527361832613, "params": {"C": 455264.2161334991, "gamma": 0.7455270463655013}, "datetime": {"datetime": "2021-10-04 11:12:22", "elapsed": 21.072291, "delta": 0.379111}}
{"target": 0.2182587852187794, "params": {"C": 223276.61102714477, "gamma": 0.30699054186208197}, "datetime": {"datetime": "2021-10-04 11:12:23", "elapsed": 21.442234, "delta": 0.369943}}
{"target": 0.10721711976325599, "params": {"C": 324887.4154606108, "gamma": 0.662214784302908}, "datetime": {"datetime": "2021-10-04 11:12:23", "elapsed": 21.817702, "delta": 0.375468}}
{"target": 0.13159811794592013, "params": {"C": 433076.8984788735, "gamma": 0.5666941802144523}, "datetime": {"datetime": "2021-10-04 11:12:23", "elapsed": 22.197133, "delta": 0.379431}}
{"target": 0.10202822202927209, "params": {"C": 168314.56511130644, "gamma": 0.6771953129458499}, "datetime": {"datetime": "2021-10-04 11:12:24", "elapsed": 22.57574, "delta": 0.378607}}
{"target": 0.16386707239555798, "params": {"C": 172900.64919570467, "gamma": 0.47813729149965345}, "datetime": {"datetime": "2021-10-04 11:12:24", "elapsed": 22.930535, "delta": 0.354795}}
{"target": 0.08856366025357443, "params": {"C": 150402.14898186031, "gamma": 0.7322771079144152}, "datetime": {"datetime": "2021-10-04 11:12:25", "elapsed": 23.378705, "delta": 0.44817}}
{"target": 0.1321960516185252, "params": {"C": 208846.69817544837, "gamma": 0.571377664546165}, "datetime": {"datetime": "2021-10-04 11:12:25", "elapsed": 23.779945, "delta": 0.40124}}
{"target": 0.11562308242215513, "params": {"C": 105798.41500909522, "gamma": 0.5978845025571498}, "datetime": {"datetime": "2021-10-04 11:12:25", "elapsed": 24.165276, "delta": 0.385331}}
{"target": 0.10193628679786348, "params": {"C": 116971.0265980531, "gamma": 0.6547761588250016}, "datetime": {"datetime": "2021-10-04 11:12:26", "elapsed": 24.5507, "delta": 0.385424}}
{"target": 0.20316648129510906, "params": {"C": 388987.6338171427, "gamma": 0.3214459290999896}, "datetime": {"datetime": "2021-10-04 11:12:26", "elapsed": 24.967527, "delta": 0.416827}}
{"target": 0.10081244545200874, "params": {"C": 411104.5158143738, "gamma": 0.6872943320501099}, "datetime": {"datetime": "2021-10-04 11:12:27", "elapsed": 25.416586, "delta": 0.449059}}
{"target": 0.13322442495569353, "params": {"C": 356342.9993739903, "gamma": 0.5644918002711055}, "datetime": {"datetime": "2021-10-04 11:12:27", "elapsed": 25.833334, "delta": 0.416748}}
{"target": 0.08059233915976216, "params": {"C": 423021.46236581105, "gamma": 0.7925110205584296}, "datetime": {"datetime": "2021-10-04 11:12:28", "elapsed": 26.250012, "delta": 0.416678}}
{"target": 0.08710078818515665, "params": {"C": 401860.59498558845, "gamma": 0.755884280151489}, "datetime": {"datetime": "2021-10-04 11:12:28", "elapsed": 26.673384, "delta": 0.423372}}
{"target": 0.11764063172336803, "params": {"C": 353759.0602601595, "gamma": 0.6197738042735359}, "datetime": {"datetime": "2021-10-04 11:12:28", "elapsed": 27.105876, "delta": 0.432492}}
{"target": 0.1812005865935219, "params": {"C": 236139.56693410527, "gamma": 0.4289914908586678}, "datetime": {"datetime": "2021-10-04 11:12:29", "elapsed": 27.576109, "delta": 0.470233}}
{"target": 0.12789077806937676, "params": {"C": 329430.3164489927, "gamma": 0.5836840382065145}, "datetime": {"datetime": "2021-10-04 11:12:29", "elapsed": 27.970613, "delta": 0.394504}}
{"target": 0.14331296813226968, "params": {"C": 366335.3331312785, "gamma": 0.5313972035764672}, "datetime": {"datetime": "2021-10-04 11:12:30", "elapsed": 28.37834, "delta": 0.407727}}
{"target": 0.20019726989357245, "params": {"C": 436233.8275197322, "gamma": 0.3258646419785701}, "datetime": {"datetime": "2021-10-04 11:12:30", "elapsed": 28.779567, "delta": 0.401227}}
{"target": 0.21000118159319614, "params": {"C": 57007.6424128006, "gamma": 0.3257548824427433}, "datetime": {"datetime": "2021-10-04 11:12:31", "elapsed": 29.236784, "delta": 0.457217}}
{"target": 0.20320290146690656, "params": {"C": 350095.93111547094, "gamma": 0.3356539980657041}, "datetime": {"datetime": "2021-10-04 11:12:31", "elapsed": 29.636972, "delta": 0.400188}}
{"target": 0.1211702787311324, "params": {"C": 362537.4567860355, "gamma": 0.6063066028023606}, "datetime": {"datetime": "2021-10-04 11:12:31", "elapsed": 30.138324, "delta": 0.501352}}
{"target": 0.11980457715830872, "params": {"C": 461465.9218372292, "gamma": 0.6075126943637423}, "datetime": {"datetime": "2021-10-04 11:12:32", "elapsed": 30.592869, "delta": 0.454545}}
{"target": 0.1539334513653099, "params": {"C": 88570.08746932467, "gamma": 0.47848756924895236}, "datetime": {"datetime": "2021-10-04 11:12:32", "elapsed": 30.995628, "delta": 0.402759}}
{"target": 0.18376820734241783, "params": {"C": 105882.02546941701, "gamma": 0.41869287135746064}, "datetime": {"datetime": "2021-10-04 11:12:33", "elapsed": 31.460694, "delta": 0.465066}}
{"target": 0.18168483810913005, "params": {"C": 325122.41145031527, "gamma": 0.41901734849743133}, "datetime": {"datetime": "2021-10-04 11:12:33", "elapsed": 31.948026, "delta": 0.487332}}
{"target": 0.11297603518690935, "params": {"C": 212865.16686942196, "gamma": 0.6390030635987576}, "datetime": {"datetime": "2021-10-04 11:12:34", "elapsed": 32.385593, "delta": 0.437567}}
{"target": 0.07624384881155089, "params": {"C": 53344.866965875866, "gamma": 0.6180507998948201}, "datetime": {"datetime": "2021-10-04 11:12:34", "elapsed": 32.865092, "delta": 0.479499}}
{"target": 0.13887911445117118, "params": {"C": 154099.22235114936, "gamma": 0.5459517448864053}, "datetime": {"datetime": "2021-10-04 11:12:35", "elapsed": 33.272561, "delta": 0.407469}}
{"target": 0.18804496132806436, "params": {"C": 494693.16274686786, "gamma": 0.37918507140062063}, "datetime": {"datetime": "2021-10-04 11:12:35", "elapsed": 33.798899, "delta": 0.526338}}
{"target": 0.2020326808584828, "params": {"C": 356019.9577168714, "gamma": 0.3401375222993473}, "datetime": {"datetime": "2021-10-04 11:12:36", "elapsed": 34.268586, "delta": 0.469687}}
{"target": 0.12057142745668581, "params": {"C": 185460.92202655974, "gamma": 0.6089812831800221}, "datetime": {"datetime": "2021-10-04 11:12:36", "elapsed": 34.76359, "delta": 0.495004}}
{"target": 0.13260309780018853, "params": {"C": 139149.4738717518, "gamma": 0.5613842822870296}, "datetime": {"datetime": "2021-10-04 11:12:36", "elapsed": 35.187004, "delta": 0.423414}}
{"target": 0.1409557797597154, "params": {"C": 448816.1231017629, "gamma": 0.5350852906883541}, "datetime": {"datetime": "2021-10-04 11:12:37", "elapsed": 35.642485, "delta": 0.455481}}
{"target": 0.21414580149681184, "params": {"C": 139542.9982745952, "gamma": 0.3474331049249769}, "datetime": {"datetime": "2021-10-04 11:12:37", "elapsed": 36.112829, "delta": 0.470344}}
{"target": 0.1698667748646372, "params": {"C": 172162.02378110867, "gamma": 0.4622572511239738}, "datetime": {"datetime": "2021-10-04 11:12:38", "elapsed": 36.560496, "delta": 0.447667}}
{"target": 0.12887234268418324, "params": {"C": 378676.7490542746, "gamma": 0.5783003469854692}, "datetime": {"datetime": "2021-10-04 11:12:38", "elapsed": 37.030804, "delta": 0.470308}}
{"target": 0.18754194178838368, "params": {"C": 426311.01334373304, "gamma": 0.38891205423347736}, "datetime": {"datetime": "2021-10-04 11:12:39", "elapsed": 37.464716, "delta": 0.433912}}
{"target": 0.13525038823858337, "params": {"C": 405025.26291448687, "gamma": 0.5556357539682539}, "datetime": {"datetime": "2021-10-04 11:12:39", "elapsed": 37.951943, "delta": 0.487227}}
{"target": 0.06844426697222905, "params": {"C": 76863.49494598742, "gamma": 0.7354878019284907}, "datetime": {"datetime": "2021-10-04 11:12:40", "elapsed": 38.39857, "delta": 0.446627}}
{"target": 0.2162547783324148, "params": {"C": 71235.26359733549, "gamma": 0.3285309480713085}, "datetime": {"datetime": "2021-10-04 11:12:40", "elapsed": 38.915719, "delta": 0.517149}}
{"target": 0.08968807924250954, "params": {"C": 409894.4559249479, "gamma": 0.7417118291582937}, "datetime": {"datetime": "2021-10-04 11:12:41", "elapsed": 39.401315, "delta": 0.485596}}
{"target": 0.21941111129516577, "params": {"C": 213419.57832314214, "gamma": 0.3064428869234873}, "datetime": {"datetime": "2021-10-04 11:12:41", "elapsed": 39.876084, "delta": 0.474769}}
{"target": 0.09749806977553, "params": {"C": 344846.4535459952, "gamma": 0.7049177744574142}, "datetime": {"datetime": "2021-10-04 11:12:42", "elapsed": 40.392747, "delta": 0.516663}}
{"target": 0.12087515812685123, "params": {"C": 362644.6309846129, "gamma": 0.6073853583636653}, "datetime": {"datetime": "2021-10-04 11:12:42", "elapsed": 40.878215, "delta": 0.485468}}
{"target": 0.19584408835534783, "params": {"C": 462858.01875268086, "gamma": 0.34752107526480003}, "datetime": {"datetime": "2021-10-04 11:12:43", "elapsed": 41.33226, "delta": 0.454045}}
{"target": 0.20655426867351578, "params": {"C": 105660.18501176074, "gamma": 0.3657042659715015}, "datetime": {"datetime": "2021-10-04 11:12:43", "elapsed": 41.796007, "delta": 0.463747}}
{"target": 0.21842279091162098, "params": {"C": 165794.13708899484, "gamma": 0.32943270415936826}, "datetime": {"datetime": "2021-10-04 11:12:44", "elapsed": 42.29162, "delta": 0.495613}}
{"target": 0.15785224411528598, "params": {"C": 167060.04208972637, "gamma": 0.4939934704266682}, "datetime": {"datetime": "2021-10-04 11:12:44", "elapsed": 42.77748, "delta": 0.48586}}
{"target": 0.19552193895898407, "params": {"C": 93707.31064427766, "gamma": 0.3872141906627273}, "datetime": {"datetime": "2021-10-04 11:12:45", "elapsed": 43.240833, "delta": 0.463353}}
{"target": 0.0814759392061637, "params": {"C": 211448.7436271818, "gamma": 0.7863139758654165}, "datetime": {"datetime": "2021-10-04 11:12:45", "elapsed": 43.711121, "delta": 0.470288}}
{"target": 0.17994208790598598, "params": {"C": 478818.3450105114, "gamma": 0.41057188416357876}, "datetime": {"datetime": "2021-10-04 11:12:46", "elapsed": 44.257258, "delta": 0.546137}}
{"target": 0.12146336945111802, "params": {"C": 81724.56332222256, "gamma": 0.5546622806790653}, "datetime": {"datetime": "2021-10-04 11:12:46", "elapsed": 44.773417, "delta": 0.516159}}
{"target": 0.09345811219726874, "params": {"C": 438785.0904694113, "gamma": 0.7213161191185617}, "datetime": {"datetime": "2021-10-04 11:12:47", "elapsed": 45.275862, "delta": 0.502445}}
{"target": 0.1647244662741031, "params": {"C": 246388.01339473593, "gamma": 0.47418770745533606}, "datetime": {"datetime": "2021-10-04 11:12:47", "elapsed": 45.775895, "delta": 0.500033}}
{"target": 0.2068985085835766, "params": {"C": 287755.68294233625, "gamma": 0.3366385908751691}, "datetime": {"datetime": "2021-10-04 11:12:48", "elapsed": 46.330263, "delta": 0.554368}}
{"target": 0.19313971858355228, "params": {"C": 340733.80873944284, "gamma": 0.3799845171584269}, "datetime": {"datetime": "2021-10-04 11:12:48", "elapsed": 46.827031, "delta": 0.496768}}
{"target": 0.10497062937620327, "params": {"C": 437476.75247920357, "gamma": 0.6678800391105542}, "datetime": {"datetime": "2021-10-04 11:12:49", "elapsed": 47.364279, "delta": 0.537248}}
{"target": 0.10832844830383381, "params": {"C": 306907.76483548473, "gamma": 0.6580528220083814}, "datetime": {"datetime": "2021-10-04 11:12:49", "elapsed": 47.860883, "delta": 0.496604}}
{"target": 0.11784552042113661, "params": {"C": 211165.20401022854, "gamma": 0.620674402487893}, "datetime": {"datetime": "2021-10-04 11:12:50", "elapsed": 48.446779, "delta": 0.585896}}
{"target": 0.14148110428000715, "params": {"C": 107054.60586848161, "gamma": 0.5228463194374348}, "datetime": {"datetime": "2021-10-04 11:12:50", "elapsed": 49.081815, "delta": 0.635036}}
{"target": 0.18180101850653319, "params": {"C": 127330.27774683974, "gamma": 0.428625361297084}, "datetime": {"datetime": "2021-10-04 11:12:51", "elapsed": 49.583016, "delta": 0.501201}}
{"target": 0.19273257184594683, "params": {"C": 363354.752715891, "gamma": 0.37810439738240553}, "datetime": {"datetime": "2021-10-04 11:12:51", "elapsed": 50.084218, "delta": 0.501202}}
{"target": 0.1434343949266712, "params": {"C": 473009.1975774427, "gamma": 0.5260748246582754}, "datetime": {"datetime": "2021-10-04 11:12:52", "elapsed": 50.653969, "delta": 0.569751}}
{"target": 0.19461319953913037, "params": {"C": 375636.8632692101, "gamma": 0.3690506306548229}, "datetime": {"datetime": "2021-10-04 11:12:53", "elapsed": 51.262799, "delta": 0.60883}}
{"target": 0.15719939036406616, "params": {"C": 271394.8215155174, "gamma": 0.49432693454521914}, "datetime": {"datetime": "2021-10-04 11:12:53", "elapsed": 51.779216, "delta": 0.516417}}
{"target": 0.1284076945159074, "params": {"C": 72491.66886908349, "gamma": 0.5222056536829229}, "datetime": {"datetime": "2021-10-04 11:12:54", "elapsed": 52.39945, "delta": 0.620234}}
{"target": 0.12980101817780498, "params": {"C": 430641.36347416654, "gamma": 0.5729409435221922}, "datetime": {"datetime": "2021-10-04 11:12:54", "elapsed": 52.975872, "delta": 0.576422}}
{"target": 0.12088135679052114, "params": {"C": 432647.1324953479, "gamma": 0.6046211614276485}, "datetime": {"datetime": "2021-10-04 11:12:55", "elapsed": 53.499904, "delta": 0.524032}}
{"target": 0.17825303894322253, "params": {"C": 239569.38994762718, "gamma": 0.43692317914569123}, "datetime": {"datetime": "2021-10-04 11:12:55", "elapsed": 54.078253, "delta": 0.578349}}
{"target": 0.18211799752905078, "params": {"C": 422227.62816811237, "gamma": 0.4081829213230374}, "datetime": {"datetime": "2021-10-04 11:12:56", "elapsed": 54.694905, "delta": 0.616652}}
{"target": 0.09173836467169172, "params": {"C": 223690.61675093652, "gamma": 0.7324163273753825}, "datetime": {"datetime": "2021-10-04 11:12:57", "elapsed": 55.249949, "delta": 0.555044}}
{"target": 0.09456110483310687, "params": {"C": 128196.14571252109, "gamma": 0.6926447082510211}, "datetime": {"datetime": "2021-10-04 11:12:57", "elapsed": 55.780811, "delta": 0.530862}}
