{"target": -41.53396731761163, "params": {"C": 4932.953314591592, "gamma": 0.001981986622485472}, "datetime": {"datetime": "2021-09-29 17:59:41", "elapsed": 215.475247, "delta": 1.392245}}
{"target": -43.084732331237255, "params": {"C": 4233.689549269897, "gamma": 0.000645307638924105}, "datetime": {"datetime": "2021-09-29 17:59:42", "elapsed": 216.861595, "delta": 1.386348}}
{"target": -45.300201297415136, "params": {"C": 4014.905687573546, "gamma": 0.00023781172996134827}, "datetime": {"datetime": "2021-09-29 17:59:44", "elapsed": 217.995637, "delta": 1.134042}}
{"target": -45.21512455028686, "params": {"C": 3100.7797746671577, "gamma": 0.00031895297963581616}, "datetime": {"datetime": "2021-09-29 17:59:45", "elapsed": 219.559868, "delta": 1.564231}}
{"target": -42.0857814893503, "params": {"C": 2661.6076812057645, "gamma": 0.0018999630130595135}, "datetime": {"datetime": "2021-09-29 17:59:46", "elapsed": 220.561391, "delta": 1.001523}}
{"target": -42.830842992340486, "params": {"C": 4502.972897564841, "gamma": 0.0006943153218840765}, "datetime": {"datetime": "2021-09-29 17:59:48", "elapsed": 221.9921, "delta": 1.430709}}
{"target": -41.85081019971403, "params": {"C": 4472.018917858353, "gamma": 0.0013638821738232102}, "datetime": {"datetime": "2021-09-29 17:59:49", "elapsed": 223.185912, "delta": 1.193812}}
{"target": -44.147036960736294, "params": {"C": 2483.864017390384, "gamma": 0.0006530064638549068}, "datetime": {"datetime": "2021-09-29 17:59:50", "elapsed": 224.179336, "delta": 0.993424}}
{"target": -42.20377520099222, "params": {"C": 4179.279956106456, "gamma": 0.0010866254868768862}, "datetime": {"datetime": "2021-09-29 17:59:51", "elapsed": 225.441176, "delta": 1.26184}}
{"target": -41.54800478848363, "params": {"C": 4938.10103768441, "gamma": 0.0019106547084886737}, "datetime": {"datetime": "2021-09-29 17:59:52", "elapsed": 226.6354, "delta": 1.194224}}
{"target": -42.85603984449142, "params": {"C": 3252.9582788100665, "gamma": 0.0009349453375366361}, "datetime": {"datetime": "2021-09-29 17:59:53", "elapsed": 227.923738, "delta": 1.288338}}
{"target": -42.12512958243503, "params": {"C": 4504.334693597255, "gamma": 0.0010693005294317496}, "datetime": {"datetime": "2021-09-29 17:59:55", "elapsed": 229.432601, "delta": 1.508863}}
{"target": -42.072948363658305, "params": {"C": 4472.258819729297, "gamma": 0.0011206172158411856}, "datetime": {"datetime": "2021-09-29 17:59:57", "elapsed": 231.14583, "delta": 1.713229}}
{"target": -41.667009230015346, "params": {"C": 4510.09262336034, "gamma": 0.0016871237694377082}, "datetime": {"datetime": "2021-09-29 17:59:58", "elapsed": 232.349395, "delta": 1.203565}}
{"target": -45.22287006842602, "params": {"C": 4346.608266496108, "gamma": 0.00022892397552870265}, "datetime": {"datetime": "2021-09-29 17:59:59", "elapsed": 233.557788, "delta": 1.208393}}
{"target": -42.830079288873506, "params": {"C": 2982.423343485062, "gamma": 0.0010339357656404355}, "datetime": {"datetime": "2021-09-29 18:00:00", "elapsed": 234.551665, "delta": 0.993877}}
{"target": -43.63291608951298, "params": {"C": 4472.072207647122, "gamma": 0.0004712896332874038}, "datetime": {"datetime": "2021-09-29 18:00:01", "elapsed": 235.833418, "delta": 1.281753}}
{"target": -44.52684997496761, "params": {"C": 1333.8326145748435, "gamma": 0.0010267019898761868}, "datetime": {"datetime": "2021-09-29 18:00:02", "elapsed": 236.846217, "delta": 1.012799}}
{"target": -45.8312467484622, "params": {"C": 2630.234464621855, "gamma": 0.00027191684521790877}, "datetime": {"datetime": "2021-09-29 18:00:03", "elapsed": 237.901634, "delta": 1.055417}}
{"target": -43.61341544206418, "params": {"C": 4735.029383656485, "gamma": 0.0004511689696985213}, "datetime": {"datetime": "2021-09-29 18:00:04", "elapsed": 238.906427, "delta": 1.004793}}
{"target": -42.55622236721748, "params": {"C": 3242.6416880354736, "gamma": 0.0011122854225716248}, "datetime": {"datetime": "2021-09-29 18:00:06", "elapsed": 240.111431, "delta": 1.205004}}
{"target": -44.789760340321465, "params": {"C": 1353.378626238445, "gamma": 0.0008922713134170717}, "datetime": {"datetime": "2021-09-29 18:00:07", "elapsed": 241.12901, "delta": 1.017579}}
{"target": -44.38805660097018, "params": {"C": 4039.2272370192973, "gamma": 0.00036592264965328383}, "datetime": {"datetime": "2021-09-29 18:00:08", "elapsed": 242.420089, "delta": 1.291079}}
{"target": -41.71658424796721, "params": {"C": 4920.7442925662235, "gamma": 0.001439874123690285}, "datetime": {"datetime": "2021-09-29 18:00:09", "elapsed": 243.515485, "delta": 1.095396}}
{"target": -46.15388284264563, "params": {"C": 2970.323249374537, "gamma": 0.0002000546299823145}, "datetime": {"datetime": "2021-09-29 18:00:10", "elapsed": 244.581678, "delta": 1.066193}}
{"target": -42.227782291894606, "params": {"C": 3523.7309110603255, "gamma": 0.0012677212335853352}, "datetime": {"datetime": "2021-09-29 18:00:11", "elapsed": 245.839273, "delta": 1.257595}}
{"target": -42.634639181154235, "params": {"C": 4345.620196748854, "gamma": 0.0007988317453346651}, "datetime": {"datetime": "2021-09-29 18:00:13", "elapsed": 247.565624, "delta": 1.726351}}
{"target": -44.65481949608039, "params": {"C": 4105.678255080369, "gamma": 0.00031823351243772747}, "datetime": {"datetime": "2021-09-29 18:00:14", "elapsed": 248.688706, "delta": 1.123082}}
{"target": -41.876055755892374, "params": {"C": 4675.067386218351, "gamma": 0.0012716180275266344}, "datetime": {"datetime": "2021-09-29 18:00:15", "elapsed": 249.930464, "delta": 1.241758}}
{"target": -41.99238751760325, "params": {"C": 3813.592208315848, "gamma": 0.0014067587580917607}, "datetime": {"datetime": "2021-09-29 18:00:17", "elapsed": 251.125247, "delta": 1.194783}}
{"target": -43.2964080998001, "params": {"C": 4058.4129199099857, "gamma": 0.0006050149250823574}, "datetime": {"datetime": "2021-09-29 18:00:18", "elapsed": 252.261376, "delta": 1.136129}}
{"target": -42.15628417045782, "params": {"C": 3242.646361198529, "gamma": 0.0014567684138264922}, "datetime": {"datetime": "2021-09-29 18:00:19", "elapsed": 253.728746, "delta": 1.46737}}
{"target": -42.50253119988638, "params": {"C": 2240.525008241332, "gamma": 0.001691523737031241}, "datetime": {"datetime": "2021-09-29 18:00:21", "elapsed": 255.003081, "delta": 1.274335}}
{"target": -41.60494076831805, "params": {"C": 4476.7591386040895, "gamma": 0.0018793648332685719}, "datetime": {"datetime": "2021-09-29 18:00:22", "elapsed": 256.333318, "delta": 1.330237}}
{"target": -42.25365012169949, "params": {"C": 2818.9505079669366, "gamma": 0.0015696480442189465}, "datetime": {"datetime": "2021-09-29 18:00:23", "elapsed": 257.405974, "delta": 1.072656}}
{"target": -42.69568533701625, "params": {"C": 4412.159566095834, "gamma": 0.0007611618432404295}, "datetime": {"datetime": "2021-09-29 18:00:24", "elapsed": 258.564066, "delta": 1.158092}}
{"target": -42.01173110868307, "params": {"C": 4326.520062556285, "gamma": 0.0012168444668274256}, "datetime": {"datetime": "2021-09-29 18:00:25", "elapsed": 259.728228, "delta": 1.164162}}
{"target": -41.578408279971796, "params": {"C": 4587.497769981648, "gamma": 0.0019267918974078847}, "datetime": {"datetime": "2021-09-29 18:00:27", "elapsed": 261.386931, "delta": 1.658703}}
{"target": -41.884442938421465, "params": {"C": 4233.694340559556, "gamma": 0.0013950909803336546}, "datetime": {"datetime": "2021-09-29 18:00:28", "elapsed": 262.584735, "delta": 1.197804}}
{"target": -41.64574144088503, "params": {"C": 4675.070084687459, "gamma": 0.0016782390785472561}, "datetime": {"datetime": "2021-09-29 18:00:30", "elapsed": 264.736136, "delta": 2.151401}}
{"target": -43.49865295355445, "params": {"C": 3544.926513149003, "gamma": 0.000624236284469018}, "datetime": {"datetime": "2021-09-29 18:00:31", "elapsed": 265.858407, "delta": 1.122271}}
{"target": -44.22056189185833, "params": {"C": 2141.758519158017, "gamma": 0.0007312327084836777}, "datetime": {"datetime": "2021-09-29 18:00:33", "elapsed": 267.252439, "delta": 1.394032}}
{"target": -44.13200860352167, "params": {"C": 1822.5279903974188, "gamma": 0.0008964836992044424}, "datetime": {"datetime": "2021-09-29 18:00:34", "elapsed": 268.382545, "delta": 1.130106}}
{"target": -43.20405470735508, "params": {"C": 4720.971208057352, "gamma": 0.0005501855822097382}, "datetime": {"datetime": "2021-09-29 18:00:35", "elapsed": 269.805058, "delta": 1.422513}}
{"target": -42.28851718533835, "params": {"C": 4232.723329725348, "gamma": 0.0010122080126646173}, "datetime": {"datetime": "2021-09-29 18:00:37", "elapsed": 271.485984, "delta": 1.680926}}
{"target": -42.64090520392455, "params": {"C": 2413.9409872185397, "gamma": 0.0014333038397853941}, "datetime": {"datetime": "2021-09-29 18:00:38", "elapsed": 272.678838, "delta": 1.192854}}
{"target": -41.67480476113307, "params": {"C": 4768.669208819798, "gamma": 0.00157401307141998}, "datetime": {"datetime": "2021-09-29 18:00:40", "elapsed": 274.463754, "delta": 1.784916}}
{"target": -44.07741847540358, "params": {"C": 2957.5230729675404, "gamma": 0.000568498006538262}, "datetime": {"datetime": "2021-09-29 18:00:41", "elapsed": 275.652828, "delta": 1.189074}}
{"target": -42.20471713697628, "params": {"C": 3033.78358103757, "gamma": 0.0015058899622659183}, "datetime": {"datetime": "2021-09-29 18:00:42", "elapsed": 276.869191, "delta": 1.216363}}
{"target": -45.73798959948447, "params": {"C": 2753.2175574375215, "gamma": 0.0002736000285974496}, "datetime": {"datetime": "2021-09-29 18:00:44", "elapsed": 278.517179, "delta": 1.647988}}
{"target": -45.85720191840829, "params": {"C": 2723.028750225889, "gamma": 0.00025902357008416926}, "datetime": {"datetime": "2021-09-29 18:00:46", "elapsed": 280.021998, "delta": 1.504819}}
{"target": -42.01323072405291, "params": {"C": 4424.484701391913, "gamma": 0.0011884421483923067}, "datetime": {"datetime": "2021-09-29 18:00:47", "elapsed": 281.612029, "delta": 1.590031}}
{"target": -41.7873451181742, "params": {"C": 3519.8880576136426, "gamma": 0.0018755335516805348}, "datetime": {"datetime": "2021-09-29 18:00:49", "elapsed": 283.101507, "delta": 1.489478}}
{"target": -41.590216310464854, "params": {"C": 4506.13530394273, "gamma": 0.0019179372564673209}, "datetime": {"datetime": "2021-09-29 18:00:50", "elapsed": 284.784062, "delta": 1.682555}}
{"target": -44.30573829913009, "params": {"C": 3519.8860889236303, "gamma": 0.00043326215260227816}, "datetime": {"datetime": "2021-09-29 18:00:52", "elapsed": 286.296872, "delta": 1.51281}}
{"target": -45.40508264710379, "params": {"C": 3101.8240493999706, "gamma": 0.00028990202001131387}, "datetime": {"datetime": "2021-09-29 18:00:53", "elapsed": 287.646468, "delta": 1.349596}}
{"target": -42.14944118507825, "params": {"C": 4179.281805720371, "gamma": 0.0011303751713272125}, "datetime": {"datetime": "2021-09-29 18:00:54", "elapsed": 288.850476, "delta": 1.204008}}
{"target": -44.27280080158801, "params": {"C": 2141.7460155050676, "gamma": 0.000713854379998547}, "datetime": {"datetime": "2021-09-29 18:00:56", "elapsed": 290.362566, "delta": 1.51209}}
{"target": -44.57576969186132, "params": {"C": 3772.042685277867, "gamma": 0.0003580633850411489}, "datetime": {"datetime": "2021-09-29 18:00:57", "elapsed": 291.568295, "delta": 1.205729}}
{"target": -41.70623738925008, "params": {"C": 4515.86578548682, "gamma": 0.0015951249220941747}, "datetime": {"datetime": "2021-09-29 18:00:59", "elapsed": 293.300652, "delta": 1.732357}}
{"target": -44.352980887471894, "params": {"C": 4506.195985814382, "gamma": 0.0003353205180560986}, "datetime": {"datetime": "2021-09-29 18:01:00", "elapsed": 294.88836, "delta": 1.587708}}
{"target": -43.95902232273615, "params": {"C": 4768.674840685012, "gamma": 0.000381609588402319}, "datetime": {"datetime": "2021-09-29 18:01:02", "elapsed": 296.659628, "delta": 1.771268}}
{"target": -43.49711972095412, "params": {"C": 4675.0697044078, "gamma": 0.00048219453613894403}, "datetime": {"datetime": "2021-09-29 18:01:04", "elapsed": 298.294377, "delta": 1.634749}}
{"target": -44.38591272463906, "params": {"C": 4489.132024931052, "gamma": 0.00033141904411172193}, "datetime": {"datetime": "2021-09-29 18:01:05", "elapsed": 299.801369, "delta": 1.506992}}
{"target": -42.89179129166646, "params": {"C": 3117.6626622767967, "gamma": 0.0009565663424844331}, "datetime": {"datetime": "2021-09-29 18:01:07", "elapsed": 301.505623, "delta": 1.704254}}
{"target": -42.46522317861635, "params": {"C": 4345.543059874635, "gamma": 0.0008819815869858123}, "datetime": {"datetime": "2021-09-29 18:01:10", "elapsed": 304.690075, "delta": 3.184452}}
{"target": -45.19162227757363, "params": {"C": 1125.9480150045506, "gamma": 0.0008861172026778414}, "datetime": {"datetime": "2021-09-29 18:01:11", "elapsed": 305.878648, "delta": 1.188573}}
{"target": -43.428790508662686, "params": {"C": 2723.033217261787, "gamma": 0.0008338846250409602}, "datetime": {"datetime": "2021-09-29 18:01:13", "elapsed": 307.470857, "delta": 1.592209}}
{"target": -42.08126550618591, "params": {"C": 4503.054876929546, "gamma": 0.0011058997700013403}, "datetime": {"datetime": "2021-09-29 18:01:14", "elapsed": 308.808509, "delta": 1.337652}}
{"target": -41.96019296229838, "params": {"C": 3515.4682048671, "gamma": 0.001575842861242248}, "datetime": {"datetime": "2021-09-29 18:01:16", "elapsed": 310.1111, "delta": 1.302591}}
{"target": -41.638103549696226, "params": {"C": 4233.838651831406, "gamma": 0.0018834343551676408}, "datetime": {"datetime": "2021-09-29 18:01:17", "elapsed": 311.664215, "delta": 1.553115}}
{"target": -42.462927614792804, "params": {"C": 4949.66638573346, "gamma": 0.0007821421876247884}, "datetime": {"datetime": "2021-09-29 18:01:19", "elapsed": 312.961484, "delta": 1.297269}}
{"target": -42.992517205371264, "params": {"C": 4476.76370790078, "gamma": 0.0006419293245699661}, "datetime": {"datetime": "2021-09-29 18:01:20", "elapsed": 314.582566, "delta": 1.621082}}
{"target": -41.74894550271225, "params": {"C": 4039.225119511047, "gamma": 0.0016976388265738788}, "datetime": {"datetime": "2021-09-29 18:01:22", "elapsed": 316.191806, "delta": 1.60924}}
{"target": -41.604301984402994, "params": {"C": 4501.85840533416, "gamma": 0.0018706655746633324}, "datetime": {"datetime": "2021-09-29 18:01:23", "elapsed": 317.810143, "delta": 1.618337}}
{"target": -43.18749640719052, "params": {"C": 4424.483736460797, "gamma": 0.0005887273676198764}, "datetime": {"datetime": "2021-09-29 18:01:25", "elapsed": 319.414825, "delta": 1.604682}}
{"target": -44.57761471379358, "params": {"C": 3661.282397614419, "gamma": 0.00036810902249429043}, "datetime": {"datetime": "2021-09-29 18:01:26", "elapsed": 320.737287, "delta": 1.322462}}
{"target": -41.61810717990386, "params": {"C": 4510.097052502463, "gamma": 0.0018226020364905653}, "datetime": {"datetime": "2021-09-29 18:01:30", "elapsed": 324.38263, "delta": 3.645343}}
{"target": -42.36552618474841, "params": {"C": 2896.999409471756, "gamma": 0.0014103247841485945}, "datetime": {"datetime": "2021-09-29 18:01:31", "elapsed": 325.702519, "delta": 1.319889}}
{"target": -41.6346752111745, "params": {"C": 4337.269474001744, "gamma": 0.0018468050306457168}, "datetime": {"datetime": "2021-09-29 18:01:33", "elapsed": 327.301542, "delta": 1.599023}}
{"target": -45.02225671520069, "params": {"C": 3534.5902541001647, "gamma": 0.000308615672719569}, "datetime": {"datetime": "2021-09-29 18:01:34", "elapsed": 328.904781, "delta": 1.603239}}
{"target": -45.25891551069633, "params": {"C": 4499.341768590248, "gamma": 0.00021741664064747225}, "datetime": {"datetime": "2021-09-29 18:01:36", "elapsed": 330.260218, "delta": 1.355437}}
{"target": -41.598624083467875, "params": {"C": 4424.366963083166, "gamma": 0.0019241512069529878}, "datetime": {"datetime": "2021-09-29 18:01:37", "elapsed": 331.919755, "delta": 1.659537}}
{"target": -41.547887732229114, "params": {"C": 4932.951055932721, "gamma": 0.001913214148419981}, "datetime": {"datetime": "2021-09-29 18:01:39", "elapsed": 333.939958, "delta": 2.020203}}
{"target": -42.964858704359216, "params": {"C": 1636.0856416740107, "gamma": 0.0018013232952082017}, "datetime": {"datetime": "2021-09-29 18:01:41", "elapsed": 335.376451, "delta": 1.436493}}
{"target": -43.547127973428246, "params": {"C": 2196.065879057386, "gamma": 0.0009775360648231221}, "datetime": {"datetime": "2021-09-29 18:01:43", "elapsed": 337.469159, "delta": 2.092708}}
{"target": -42.40019945923482, "params": {"C": 3524.262521388783, "gamma": 0.0011273341310197942}, "datetime": {"datetime": "2021-09-29 18:01:45", "elapsed": 339.162544, "delta": 1.693385}}
{"target": -41.72572036793451, "params": {"C": 4504.33331219248, "gamma": 0.0015593915161033452}, "datetime": {"datetime": "2021-09-29 18:01:46", "elapsed": 340.823183, "delta": 1.660639}}
{"target": -43.470906460902384, "params": {"C": 4472.020067631357, "gamma": 0.0005086077673140305}, "datetime": {"datetime": "2021-09-29 18:01:48", "elapsed": 342.573251, "delta": 1.750068}}
{"target": -42.02387950345867, "params": {"C": 4494.290472984074, "gamma": 0.001159875270076195}, "datetime": {"datetime": "2021-09-29 18:01:50", "elapsed": 344.148331, "delta": 1.57508}}
{"target": -44.026482973090154, "params": {"C": 4916.728125080044, "gamma": 0.00035949660649336085}, "datetime": {"datetime": "2021-09-29 18:01:52", "elapsed": 346.233116, "delta": 2.084785}}
{"target": -44.836702870997875, "params": {"C": 2354.051026358961, "gamma": 0.0005007095520398045}, "datetime": {"datetime": "2021-09-29 18:01:54", "elapsed": 348.119635, "delta": 1.886519}}
{"target": -45.37063551551084, "params": {"C": 1266.8400679727197, "gamma": 0.0007175081046605612}, "datetime": {"datetime": "2021-09-29 18:01:55", "elapsed": 349.4734, "delta": 1.353765}}
{"target": -42.55022270990062, "params": {"C": 4510.24760533735, "gamma": 0.0008096975721713735}, "datetime": {"datetime": "2021-09-29 18:01:57", "elapsed": 350.983983, "delta": 1.510583}}
{"target": -41.88500601376931, "params": {"C": 4709.51744160429, "gamma": 0.0012514501148319813}, "datetime": {"datetime": "2021-09-29 18:01:58", "elapsed": 352.502461, "delta": 1.518478}}
{"target": -42.98259037466916, "params": {"C": 4468.097257635276, "gamma": 0.0006463390403533824}, "datetime": {"datetime": "2021-09-29 18:02:00", "elapsed": 354.495909, "delta": 1.993448}}
{"target": -41.81278835834555, "params": {"C": 4587.495555486664, "gamma": 0.0013825849967401729}, "datetime": {"datetime": "2021-09-29 18:02:02", "elapsed": 356.451767, "delta": 1.955858}}
{"target": -41.79085555441711, "params": {"C": 4720.974512053477, "gamma": 0.001375190700576387}, "datetime": {"datetime": "2021-09-29 18:02:04", "elapsed": 358.158386, "delta": 1.706619}}
{"target": -43.60531460669568, "params": {"C": 4169.808913973121, "gamma": 0.0005095079161455229}, "datetime": {"datetime": "2021-09-29 18:02:06", "elapsed": 360.20543, "delta": 2.047044}}
{"target": -42.84542653405764, "params": {"C": 4232.726910232567, "gamma": 0.0007298297965926112}, "datetime": {"datetime": "2021-09-29 18:02:08", "elapsed": 362.127407, "delta": 1.921977}}
{"target": -42.94164516198982, "params": {"C": 4474.085983310792, "gamma": 0.0006592251403232681}, "datetime": {"datetime": "2021-09-29 18:02:10", "elapsed": 364.061117, "delta": 1.93371}}
{"target": -45.408561860361665, "params": {"C": 4179.277624137408, "gamma": 0.00021642247124997513}, "datetime": {"datetime": "2021-09-29 18:02:11", "elapsed": 365.611137, "delta": 1.55002}}
{"target": -41.65069375897268, "params": {"C": 4297.8957394581985, "gamma": 0.0018181489112428014}, "datetime": {"datetime": "2021-09-29 18:02:13", "elapsed": 367.394417, "delta": 1.78328}}
{"target": -41.950949941888, "params": {"C": 4506.137243812866, "gamma": 0.001230992153402636}, "datetime": {"datetime": "2021-09-29 18:02:15", "elapsed": 369.528561, "delta": 2.134144}}
{"target": -43.736296567022414, "params": {"C": 2652.9641529575183, "gamma": 0.0007396590776079003}, "datetime": {"datetime": "2021-09-29 18:02:17", "elapsed": 371.164089, "delta": 1.635528}}
{"target": -41.60551956869035, "params": {"C": 4333.695978863652, "gamma": 0.00194148000624019}, "datetime": {"datetime": "2021-09-29 18:02:19", "elapsed": 373.936212, "delta": 2.772123}}
{"target": -43.043673191014605, "params": {"C": 4468.093977488636, "gamma": 0.0006266406266783337}, "datetime": {"datetime": "2021-09-29 18:02:22", "elapsed": 376.643533, "delta": 2.707321}}
{"target": -43.46736943718281, "params": {"C": 4615.6876910015435, "gamma": 0.0004948209709976784}, "datetime": {"datetime": "2021-09-29 18:02:24", "elapsed": 378.373753, "delta": 1.73022}}
{"target": -41.53757464058302, "params": {"C": 4938.100197293692, "gamma": 0.0019612341038453105}, "datetime": {"datetime": "2021-09-29 18:02:26", "elapsed": 380.096294, "delta": 1.722541}}
{"target": -42.1225078228411, "params": {"C": 3118.700842052793, "gamma": 0.0015580116525681063}, "datetime": {"datetime": "2021-09-29 18:02:28", "elapsed": 381.994027, "delta": 1.897733}}
{"target": -44.42963041611224, "params": {"C": 4494.294883710527, "gamma": 0.0003243985140036237}, "datetime": {"datetime": "2021-09-29 18:02:30", "elapsed": 384.790826, "delta": 2.796799}}
{"target": -44.389656656808704, "params": {"C": 4481.803562961937, "gamma": 0.00033135449347973826}, "datetime": {"datetime": "2021-09-29 18:02:32", "elapsed": 386.612455, "delta": 1.821629}}
{"target": -44.76347316661873, "params": {"C": 3849.3400715106254, "gamma": 0.000321624255257974}, "datetime": {"datetime": "2021-09-29 18:02:34", "elapsed": 388.615537, "delta": 2.003082}}
{"target": -42.102815213473995, "params": {"C": 4510.337824390953, "gamma": 0.0010860247291254225}, "datetime": {"datetime": "2021-09-29 18:02:36", "elapsed": 390.455815, "delta": 1.840278}}
{"target": -41.99732625513086, "params": {"C": 3100.7839241085967, "gamma": 0.00174034419110732}, "datetime": {"datetime": "2021-09-29 18:02:40", "elapsed": 394.060401, "delta": 3.604586}}
