{"target": -35.80010981244469, "params": {"C": 981.8646452444399, "gamma": 0.044333218664947445}, "datetime": {"datetime": "2021-09-28 13:34:37", "elapsed": 646.212712, "delta": 4.258403}}
{"target": -38.90947675384506, "params": {"C": 981.9680384505871, "gamma": 0.005414860463758435}, "datetime": {"datetime": "2021-09-28 13:34:41", "elapsed": 650.051374, "delta": 3.838662}}
{"target": -35.854212373120106, "params": {"C": 958.8412618864593, "gamma": 0.0435295762000496}, "datetime": {"datetime": "2021-09-28 13:34:45", "elapsed": 654.003898, "delta": 3.952524}}
{"target": -35.8246734489009, "params": {"C": 982.0012095765278, "gamma": 0.07012076555583706}, "datetime": {"datetime": "2021-09-28 13:34:48", "elapsed": 657.13528, "delta": 3.131382}}
{"target": -36.26620067435832, "params": {"C": 958.8688394243948, "gamma": 0.030242212202808108}, "datetime": {"datetime": "2021-09-28 13:34:53", "elapsed": 661.769485, "delta": 4.634205}}
{"target": -36.03649810150568, "params": {"C": 981.8862741336136, "gamma": 0.09016769725315797}, "datetime": {"datetime": "2021-09-28 13:34:57", "elapsed": 665.524701, "delta": 3.755216}}
{"target": -36.02040446274033, "params": {"C": 958.8595388664743, "gamma": 0.08580787250536359}, "datetime": {"datetime": "2021-09-28 13:35:00", "elapsed": 668.531788, "delta": 3.007087}}
{"target": -35.931473926877196, "params": {"C": 981.9421344067457, "gamma": 0.0810054859306234}, "datetime": {"datetime": "2021-09-28 13:35:04", "elapsed": 672.491132, "delta": 3.959344}}
{"target": -35.8924761889759, "params": {"C": 958.9462404969521, "gamma": 0.07372810159056602}, "datetime": {"datetime": "2021-09-28 13:35:07", "elapsed": 675.587236, "delta": 3.096104}}
{"target": -35.92618646073772, "params": {"C": 981.8492427665308, "gamma": 0.0805026982269777}, "datetime": {"datetime": "2021-09-28 13:35:10", "elapsed": 679.024187, "delta": 3.436951}}
{"target": -36.44031028034641, "params": {"C": 958.9640770967546, "gamma": 0.11909210944396244}, "datetime": {"datetime": "2021-09-28 13:35:14", "elapsed": 682.684243, "delta": 3.660056}}
{"target": -36.44268750405937, "params": {"C": 837.2538764914293, "gamma": 0.10379009497914068}, "datetime": {"datetime": "2021-09-28 13:35:16", "elapsed": 684.648713, "delta": 1.96447}}
{"target": -36.71426345273572, "params": {"C": 981.8320276763022, "gamma": 0.022465051778994036}, "datetime": {"datetime": "2021-09-28 13:35:19", "elapsed": 687.375213, "delta": 2.7265}}
{"target": -35.73202835678453, "params": {"C": 981.9101145832086, "gamma": 0.05427634980210697}, "datetime": {"datetime": "2021-09-28 13:35:23", "elapsed": 691.320779, "delta": 3.945566}}
{"target": -35.828969362731115, "params": {"C": 958.8007982864851, "gamma": 0.06623950448857575}, "datetime": {"datetime": "2021-09-28 13:35:28", "elapsed": 697.223136, "delta": 5.902357}}
{"target": -36.88274484662286, "params": {"C": 958.7966462155238, "gamma": 0.020732700753269752}, "datetime": {"datetime": "2021-09-28 13:35:32", "elapsed": 700.653472, "delta": 3.430336}}
{"target": -38.09638285788144, "params": {"C": 688.3334840037444, "gamma": 0.19573635392142413}, "datetime": {"datetime": "2021-09-28 13:35:34", "elapsed": 702.951718, "delta": 2.298246}}
{"target": -36.37621699173032, "params": {"C": 798.1266968653921, "gamma": 0.09269343656539131}, "datetime": {"datetime": "2021-09-28 13:35:37", "elapsed": 705.395629, "delta": 2.443911}}
{"target": -36.38286885010508, "params": {"C": 958.7809058361698, "gamma": 0.11467308279354418}, "datetime": {"datetime": "2021-09-28 13:35:41", "elapsed": 710.203301, "delta": 4.807672}}
{"target": -37.18843635316152, "params": {"C": 845.7781303105388, "gamma": 0.15895586154905447}, "datetime": {"datetime": "2021-09-28 13:35:44", "elapsed": 712.73044, "delta": 2.527139}}
{"target": -36.64175901207162, "params": {"C": 625.0303798629894, "gamma": 0.07483496661517948}, "datetime": {"datetime": "2021-09-28 13:35:47", "elapsed": 716.092493, "delta": 3.362053}}
{"target": -38.122640699709066, "params": {"C": 605.1248884947455, "gamma": 0.1788757595242336}, "datetime": {"datetime": "2021-09-28 13:35:49", "elapsed": 718.236344, "delta": 2.143851}}
{"target": -37.82753135016127, "params": {"C": 694.6718118321986, "gamma": 0.177734020258818}, "datetime": {"datetime": "2021-09-28 13:35:52", "elapsed": 720.387868, "delta": 2.151524}}
{"target": -35.830371489486865, "params": {"C": 959.0253210370704, "gamma": 0.06647330225656846}, "datetime": {"datetime": "2021-09-28 13:35:55", "elapsed": 723.39439, "delta": 3.006522}}
{"target": -36.78198569901139, "params": {"C": 981.8387015767091, "gamma": 0.14829978116412268}, "datetime": {"datetime": "2021-09-28 13:35:58", "elapsed": 727.159908, "delta": 3.765518}}
{"target": -37.59332382945735, "params": {"C": 958.9651483264183, "gamma": 0.013290566424259197}, "datetime": {"datetime": "2021-09-28 13:36:02", "elapsed": 730.575513, "delta": 3.415605}}
{"target": -37.806687282496625, "params": {"C": 959.0951713264035, "gamma": 0.011530333234123873}, "datetime": {"datetime": "2021-09-28 13:36:08", "elapsed": 736.458991, "delta": 5.883478}}
{"target": -37.05141614952318, "params": {"C": 780.6795771122181, "gamma": 0.13907490396450037}, "datetime": {"datetime": "2021-09-28 13:36:10", "elapsed": 738.80042, "delta": 2.341429}}
{"target": -36.289166192143455, "params": {"C": 959.0837083754739, "gamma": 0.10750959164466932}, "datetime": {"datetime": "2021-09-28 13:36:13", "elapsed": 742.004665, "delta": 3.204245}}
{"target": -36.55695353070744, "params": {"C": 959.0431604607484, "gamma": 0.12806111359237507}, "datetime": {"datetime": "2021-09-28 13:36:17", "elapsed": 745.418972, "delta": 3.414307}}
{"target": -36.26588827102718, "params": {"C": 958.9202719656353, "gamma": 0.10568960237800039}, "datetime": {"datetime": "2021-09-28 13:36:21", "elapsed": 750.215243, "delta": 4.796271}}
{"target": -36.701084288828845, "params": {"C": 798.0663611336688, "gamma": 0.11800668062732161}, "datetime": {"datetime": "2021-09-28 13:36:28", "elapsed": 756.523155, "delta": 6.307912}}
{"target": -36.516131909591834, "params": {"C": 982.0442267788558, "gamma": 0.12737240048316198}, "datetime": {"datetime": "2021-09-28 13:36:32", "elapsed": 760.415726, "delta": 3.892571}}
{"target": -35.959536019619705, "params": {"C": 959.0005296503347, "gamma": 0.08035905982382008}, "datetime": {"datetime": "2021-09-28 13:36:38", "elapsed": 766.805688, "delta": 6.389962}}
{"target": -36.03995702749564, "params": {"C": 958.8257467509163, "gamma": 0.08748918752929621}, "datetime": {"datetime": "2021-09-28 13:36:42", "elapsed": 770.405793, "delta": 3.600105}}
{"target": -38.80243760570832, "params": {"C": 888.7844956659512, "gamma": 0.0064148009842071255}, "datetime": {"datetime": "2021-09-28 13:36:46", "elapsed": 774.810396, "delta": 4.404603}}
{"target": -37.515105113266145, "params": {"C": 718.8446659738013, "gamma": 0.15986571292693935}, "datetime": {"datetime": "2021-09-28 13:36:49", "elapsed": 777.262803, "delta": 2.452407}}
{"target": -36.202080350729396, "params": {"C": 790.2424433999206, "gamma": 0.07423183239012222}, "datetime": {"datetime": "2021-09-28 13:36:51", "elapsed": 779.9492, "delta": 2.686397}}
{"target": -36.01895264150938, "params": {"C": 863.6843111838753, "gamma": 0.07040357854636538}, "datetime": {"datetime": "2021-09-28 13:36:57", "elapsed": 785.280923, "delta": 5.331723}}
{"target": -36.60587137983747, "params": {"C": 745.733338910059, "gamma": 0.1013950024163222}, "datetime": {"datetime": "2021-09-28 13:36:59", "elapsed": 787.762672, "delta": 2.481749}}
{"target": -38.59771720829695, "params": {"C": 790.2096845068943, "gamma": 0.00829713742666134}, "datetime": {"datetime": "2021-09-28 13:37:05", "elapsed": 794.209321, "delta": 6.446649}}
{"target": -37.10756659933671, "params": {"C": 790.2240607123434, "gamma": 0.14449002972560449}, "datetime": {"datetime": "2021-09-28 13:37:10", "elapsed": 798.34063, "delta": 4.131309}}
{"target": -37.18258851911822, "params": {"C": 798.1673081863937, "gamma": 0.1509370240322501}, "datetime": {"datetime": "2021-09-28 13:37:15", "elapsed": 804.150633, "delta": 5.810003}}
{"target": -37.03987949136031, "params": {"C": 605.6758938696715, "gamma": 0.10334102969433007}, "datetime": {"datetime": "2021-09-28 13:37:18", "elapsed": 806.70773, "delta": 2.557097}}
{"target": -36.930631085293385, "params": {"C": 831.548453161015, "gamma": 0.1393614460982171}, "datetime": {"datetime": "2021-09-28 13:37:22", "elapsed": 810.64124, "delta": 3.93351}}
{"target": -36.128659246158755, "params": {"C": 939.0933353967728, "gamma": 0.09233503658065031}, "datetime": {"datetime": "2021-09-28 13:37:26", "elapsed": 815.112867, "delta": 4.471627}}
{"target": -36.73615040996912, "params": {"C": 939.0655035889197, "gamma": 0.13966951035770298}, "datetime": {"datetime": "2021-09-28 13:37:30", "elapsed": 818.670865, "delta": 3.557998}}
{"target": -36.457055272182764, "params": {"C": 790.3088420293959, "gamma": 0.0979914895592615}, "datetime": {"datetime": "2021-09-28 13:37:36", "elapsed": 824.875526, "delta": 6.204661}}
{"target": -38.012168756724535, "params": {"C": 872.7937616534307, "gamma": 0.010963655163562748}, "datetime": {"datetime": "2021-09-28 13:37:39", "elapsed": 827.586694, "delta": 2.711168}}
{"target": -36.03706285776621, "params": {"C": 889.3575032155695, "gamma": 0.07700728886559016}, "datetime": {"datetime": "2021-09-28 13:37:44", "elapsed": 832.292805, "delta": 4.706111}}
{"target": -35.963879426052195, "params": {"C": 926.7776870665666, "gamma": 0.07585571442362396}, "datetime": {"datetime": "2021-09-28 13:37:48", "elapsed": 837.056858, "delta": 4.764053}}
{"target": -36.85181320606695, "params": {"C": 798.090169750417, "gamma": 0.025384588392977206}, "datetime": {"datetime": "2021-09-28 13:37:55", "elapsed": 843.369097, "delta": 6.312239}}
{"target": -37.01098328794762, "params": {"C": 754.9485885057204, "gamma": 0.13187839447329708}, "datetime": {"datetime": "2021-09-28 13:37:57", "elapsed": 846.218974, "delta": 2.849877}}
{"target": -36.91190200472828, "params": {"C": 958.8644245742321, "gamma": 0.15544861345545222}, "datetime": {"datetime": "2021-09-28 13:38:02", "elapsed": 850.917525, "delta": 4.698551}}
{"target": -35.83239082503208, "params": {"C": 958.7211715773612, "gamma": 0.06667821654449638}, "datetime": {"datetime": "2021-09-28 13:38:07", "elapsed": 856.014135, "delta": 5.09661}}
{"target": -36.577427598341714, "params": {"C": 958.6954479941269, "gamma": 0.12960267082887528}, "datetime": {"datetime": "2021-09-28 13:38:12", "elapsed": 860.737542, "delta": 4.723407}}
{"target": -35.917424648197326, "params": {"C": 958.6511568266574, "gamma": 0.0762459165514893}, "datetime": {"datetime": "2021-09-28 13:38:18", "elapsed": 866.818368, "delta": 6.080826}}
{"target": -37.97159794650866, "params": {"C": 958.6349063595728, "gamma": 0.010276962677480388}, "datetime": {"datetime": "2021-09-28 13:38:22", "elapsed": 870.808557, "delta": 3.990189}}
{"target": -38.30359241587821, "params": {"C": 613.0891881315248, "gamma": 0.1939467098515177}, "datetime": {"datetime": "2021-09-28 13:38:26", "elapsed": 874.747894, "delta": 3.939337}}
{"target": -36.14005842456772, "params": {"C": 840.254342499404, "gamma": 0.07871862967355413}, "datetime": {"datetime": "2021-09-28 13:38:30", "elapsed": 879.042125, "delta": 4.294231}}
{"target": -36.92285240028057, "params": {"C": 649.6660338277264, "gamma": 0.10516214313020858}, "datetime": {"datetime": "2021-09-28 13:38:33", "elapsed": 881.626236, "delta": 2.584111}}
{"target": -37.71453110939264, "params": {"C": 730.0526077899327, "gamma": 0.17619587557599992}, "datetime": {"datetime": "2021-09-28 13:38:36", "elapsed": 884.390224, "delta": 2.763988}}
{"target": -36.57261880691906, "params": {"C": 840.2114011274047, "gamma": 0.11430198318625745}, "datetime": {"datetime": "2021-09-28 13:38:42", "elapsed": 890.316673, "delta": 5.926449}}
{"target": -35.9009047307441, "params": {"C": 888.7136885411226, "gamma": 0.05841310962847041}, "datetime": {"datetime": "2021-09-28 13:38:45", "elapsed": 893.864454, "delta": 3.547781}}
{"target": -36.49000418256308, "params": {"C": 840.2445299664766, "gamma": 0.03036768653082175}, "datetime": {"datetime": "2021-09-28 13:38:51", "elapsed": 899.779677, "delta": 5.915223}}
{"target": -37.46388102294128, "params": {"C": 889.7762847420203, "gamma": 0.1837081195369298}, "datetime": {"datetime": "2021-09-28 13:38:54", "elapsed": 902.917465, "delta": 3.137788}}
{"target": -36.24820772599407, "params": {"C": 958.6163768961347, "gamma": 0.1042806109986968}, "datetime": {"datetime": "2021-09-28 13:38:58", "elapsed": 906.443572, "delta": 3.526107}}
{"target": -36.41030344070328, "params": {"C": 827.5252117439728, "gamma": 0.09985251518744731}, "datetime": {"datetime": "2021-09-28 13:39:02", "elapsed": 910.611864, "delta": 4.168292}}
{"target": -39.355326893639266, "params": {"C": 669.8619227440066, "gamma": 0.0062313342322688915}, "datetime": {"datetime": "2021-09-28 13:39:08", "elapsed": 917.111507, "delta": 6.499643}}
{"target": -35.88305955789618, "params": {"C": 958.7609397226408, "gamma": 0.07268894687685455}, "datetime": {"datetime": "2021-09-28 13:39:15", "elapsed": 923.344051, "delta": 6.232544}}
{"target": -35.798761359883194, "params": {"C": 939.0472061853593, "gamma": 0.05432082165268241}, "datetime": {"datetime": "2021-09-28 13:39:22", "elapsed": 930.502565, "delta": 7.158514}}
{"target": -36.23155693547187, "params": {"C": 939.0129539446664, "gamma": 0.10058828177465655}, "datetime": {"datetime": "2021-09-28 13:39:27", "elapsed": 935.902006, "delta": 5.399441}}
{"target": -37.891550794796075, "params": {"C": 675.2903389271925, "gamma": 0.178543280351003}, "datetime": {"datetime": "2021-09-28 13:39:30", "elapsed": 938.335798, "delta": 2.433792}}
{"target": -35.82691007557294, "params": {"C": 938.96179522835, "gamma": 0.06119893132819957}, "datetime": {"datetime": "2021-09-28 13:39:37", "elapsed": 945.342432, "delta": 7.006634}}
{"target": -36.75917249404896, "params": {"C": 938.9170578666638, "gamma": 0.02282757186798521}, "datetime": {"datetime": "2021-09-28 13:39:41", "elapsed": 950.076997, "delta": 4.734565}}
{"target": -35.96274504033703, "params": {"C": 958.6856581928373, "gamma": 0.08061228803794605}, "datetime": {"datetime": "2021-09-28 13:39:46", "elapsed": 954.561113, "delta": 4.484116}}
{"target": -36.34453128756405, "params": {"C": 783.9476146390718, "gamma": 0.03779212396940873}, "datetime": {"datetime": "2021-09-28 13:39:49", "elapsed": 958.056084, "delta": 3.494971}}
{"target": -36.81570166523134, "params": {"C": 691.4552206224665, "gamma": 0.1065260045982328}, "datetime": {"datetime": "2021-09-28 13:39:52", "elapsed": 961.064009, "delta": 3.007925}}
{"target": -36.05243371911753, "params": {"C": 939.0157079792805, "gamma": 0.03647989769413289}, "datetime": {"datetime": "2021-09-28 13:39:58", "elapsed": 966.862393, "delta": 5.798384}}
{"target": -36.11193030537198, "params": {"C": 938.9698198683709, "gamma": 0.09093623843792766}, "datetime": {"datetime": "2021-09-28 13:40:03", "elapsed": 971.438861, "delta": 4.576468}}
{"target": -36.278426374879764, "params": {"C": 842.3793956480953, "gamma": 0.09130561538427187}, "datetime": {"datetime": "2021-09-28 13:40:07", "elapsed": 975.788723, "delta": 4.349862}}
{"target": -37.74427619310432, "params": {"C": 696.9203220339117, "gamma": 0.01645381361001172}, "datetime": {"datetime": "2021-09-28 13:40:11", "elapsed": 980.195179, "delta": 4.406456}}
{"target": -36.62859938886263, "params": {"C": 863.2079770730559, "gamma": 0.12170032087420428}, "datetime": {"datetime": "2021-09-28 13:40:14", "elapsed": 982.993652, "delta": 2.798473}}
{"target": -37.51506366694909, "params": {"C": 791.7592309259576, "gamma": 0.1728024696075006}, "datetime": {"datetime": "2021-09-28 13:40:17", "elapsed": 985.978842, "delta": 2.98519}}
{"target": -36.521538604276294, "params": {"C": 929.4347013095294, "gamma": 0.1218061447512855}, "datetime": {"datetime": "2021-09-28 13:40:22", "elapsed": 990.96949, "delta": 4.990648}}
{"target": -37.244262291533595, "params": {"C": 827.5697253882211, "gamma": 0.019069255370749612}, "datetime": {"datetime": "2021-09-28 13:40:27", "elapsed": 995.258408, "delta": 4.288918}}
{"target": -37.00034185499739, "params": {"C": 842.3709000313411, "gamma": 0.14576726050182964}, "datetime": {"datetime": "2021-09-28 13:40:31", "elapsed": 999.76953, "delta": 4.511122}}
{"target": -37.004568650490704, "params": {"C": 883.4154616962569, "gamma": 0.15231122646576495}, "datetime": {"datetime": "2021-09-28 13:40:35", "elapsed": 1003.934324, "delta": 4.164794}}
{"target": -37.85316158925048, "params": {"C": 818.316873538371, "gamma": 0.013014027700687731}, "datetime": {"datetime": "2021-09-28 13:40:38", "elapsed": 1006.522379, "delta": 2.588055}}
{"target": -36.219249308493275, "params": {"C": 842.4354077950549, "gamma": 0.08628336673702128}, "datetime": {"datetime": "2021-09-28 13:40:42", "elapsed": 1011.102035, "delta": 4.579656}}
{"target": -38.8696636688749, "params": {"C": 939.0427029523047, "gamma": 0.005813510007961003}, "datetime": {"datetime": "2021-09-28 13:40:47", "elapsed": 1015.412257, "delta": 4.310222}}
{"target": -36.84633012102106, "params": {"C": 842.4839717364986, "gamma": 0.1354561855834197}, "datetime": {"datetime": "2021-09-28 13:40:51", "elapsed": 1020.171738, "delta": 4.759481}}
{"target": -36.70912346416761, "params": {"C": 620.833011843964, "gamma": 0.0402537061958604}, "datetime": {"datetime": "2021-09-28 13:40:54", "elapsed": 1022.928858, "delta": 2.75712}}
{"target": -36.17323938433577, "params": {"C": 868.7173732473242, "gamma": 0.08629344516881547}, "datetime": {"datetime": "2021-09-28 13:40:57", "elapsed": 1026.188007, "delta": 3.259149}}
{"target": -36.27163868463362, "params": {"C": 868.7091174795975, "gamma": 0.03429481336621233}, "datetime": {"datetime": "2021-09-28 13:41:04", "elapsed": 1033.141781, "delta": 6.953774}}
{"target": -35.94432365777494, "params": {"C": 868.7673178090465, "gamma": 0.05177965495905488}, "datetime": {"datetime": "2021-09-28 13:41:10", "elapsed": 1038.3105, "delta": 5.168719}}
{"target": -38.0981657533904, "params": {"C": 868.7559938848428, "gamma": 0.010444111678748976}, "datetime": {"datetime": "2021-09-28 13:41:17", "elapsed": 1045.811476, "delta": 7.500976}}
{"target": -36.65144711752906, "params": {"C": 868.7911087560678, "gamma": 0.12419930490248333}, "datetime": {"datetime": "2021-09-28 13:41:23", "elapsed": 1051.493411, "delta": 5.681935}}
{"target": -36.49578965374554, "params": {"C": 720.7854353373015, "gamma": 0.08692551798171831}, "datetime": {"datetime": "2021-09-28 13:41:27", "elapsed": 1055.791398, "delta": 4.297987}}
{"target": -37.19341445710459, "params": {"C": 842.4067546704264, "gamma": 0.01932145175051682}, "datetime": {"datetime": "2021-09-28 13:41:33", "elapsed": 1061.493659, "delta": 5.702261}}
{"target": -36.07097609938152, "params": {"C": 868.808331652174, "gamma": 0.07688914607961507}, "datetime": {"datetime": "2021-09-28 13:41:38", "elapsed": 1066.34851, "delta": 4.854851}}
{"target": -37.25954146139973, "params": {"C": 748.1046803491342, "gamma": 0.14749550526557648}, "datetime": {"datetime": "2021-09-28 13:41:42", "elapsed": 1070.288898, "delta": 3.940388}}
{"target": -36.08631135173609, "params": {"C": 840.3098586203079, "gamma": 0.04388721728006623}, "datetime": {"datetime": "2021-09-28 13:41:48", "elapsed": 1076.258316, "delta": 5.969418}}
{"target": -35.81238497513951, "params": {"C": 939.0062704342242, "gamma": 0.05054859686192222}, "datetime": {"datetime": "2021-09-28 13:41:56", "elapsed": 1084.716005, "delta": 8.457689}}
{"target": -36.00770644608984, "params": {"C": 840.3797124841565, "gamma": 0.05137712133337016}, "datetime": {"datetime": "2021-09-28 13:42:00", "elapsed": 1089.096597, "delta": 4.380592}}
{"target": -35.94490695759348, "params": {"C": 868.6680799774338, "gamma": 0.05959862768590816}, "datetime": {"datetime": "2021-09-28 13:42:06", "elapsed": 1094.750986, "delta": 5.654389}}
{"target": -36.01539175191531, "params": {"C": 840.434108682106, "gamma": 0.06267322180123071}, "datetime": {"datetime": "2021-09-28 13:42:12", "elapsed": 1100.42783, "delta": 5.676844}}
{"target": -39.05633390990717, "params": {"C": 827.4402159341502, "gamma": 0.005923689978471393}, "datetime": {"datetime": "2021-09-28 13:42:16", "elapsed": 1104.900852, "delta": 4.473022}}
{"target": -36.43591886647932, "params": {"C": 840.379571164231, "gamma": 0.10369442404446784}, "datetime": {"datetime": "2021-09-28 13:42:23", "elapsed": 1111.825546, "delta": 6.924694}}
{"target": -36.37613551834598, "params": {"C": 868.6641863379587, "gamma": 0.10286901667933662}, "datetime": {"datetime": "2021-09-28 13:42:32", "elapsed": 1120.450589, "delta": 8.625043}}
{"target": -36.17981555093819, "params": {"C": 939.0526324453585, "gamma": 0.09648223185448737}, "datetime": {"datetime": "2021-09-28 13:42:40", "elapsed": 1128.612391, "delta": 8.161802}}
{"target": -37.88644600479654, "params": {"C": 840.4050010630327, "gamma": 0.012390969995509519}, "datetime": {"datetime": "2021-09-28 13:42:48", "elapsed": 1136.631289, "delta": 8.018898}}
{"target": -36.17788949500792, "params": {"C": 840.5250388025202, "gamma": 0.08230077791062407}, "datetime": {"datetime": "2021-09-28 13:42:55", "elapsed": 1143.583227, "delta": 6.951938}}
{"target": -36.125321833839585, "params": {"C": 868.7693804834471, "gamma": 0.08204005221310423}, "datetime": {"datetime": "2021-09-28 13:43:03", "elapsed": 1152.131886, "delta": 8.548659}}
{"target": -36.228373415660535, "params": {"C": 840.5369676435225, "gamma": 0.03737297078165574}, "datetime": {"datetime": "2021-09-28 13:43:08", "elapsed": 1156.641368, "delta": 4.509482}}
{"target": -36.9771767568045, "params": {"C": 868.628975398, "gamma": 0.021493877093464467}, "datetime": {"datetime": "2021-09-28 13:43:14", "elapsed": 1162.6054, "delta": 5.964032}}
