{"target": -39.74357075191822, "params": {"C": 171.2548719292824, "gamma": 0.04900223029636389}, "datetime": {"datetime": "2021-09-28 12:16:07", "elapsed": 1716.525064, "delta": 10.728333}}
{"target": -41.15232815972985, "params": {"C": 183.66009604701352, "gamma": 0.003387025088781083}, "datetime": {"datetime": "2021-09-28 12:16:13", "elapsed": 1722.595821, "delta": 6.070757}}
{"target": -40.6760737364495, "params": {"C": 180.2102219865465, "gamma": 0.09750599857985226}, "datetime": {"datetime": "2021-09-28 12:16:18", "elapsed": 1726.784107, "delta": 4.188286}}
{"target": -39.60761727053654, "params": {"C": 183.594136414826, "gamma": 0.009998174786931713}, "datetime": {"datetime": "2021-09-28 12:16:31", "elapsed": 1739.835892, "delta": 13.051785}}
{"target": -40.383256862858765, "params": {"C": 171.19388666767037, "gamma": 0.006377950956361903}, "datetime": {"datetime": "2021-09-28 12:16:38", "elapsed": 1747.621412, "delta": 7.78552}}
{"target": -40.66219054075853, "params": {"C": 171.36226702208552, "gamma": 0.0052314604851581206}, "datetime": {"datetime": "2021-09-28 12:16:54", "elapsed": 1763.767923, "delta": 16.146511}}
{"target": -39.319086747985125, "params": {"C": 171.3319950659208, "gamma": 0.025656426580780295}, "datetime": {"datetime": "2021-09-28 12:17:04", "elapsed": 1773.625941, "delta": 9.858018}}
{"target": -39.403120700654846, "params": {"C": 171.3857043697771, "gamma": 0.03242235987751887}, "datetime": {"datetime": "2021-09-28 12:17:11", "elapsed": 1779.786953, "delta": 6.161012}}
{"target": -39.35033913429612, "params": {"C": 199.77933133222362, "gamma": 0.043600328797043175}, "datetime": {"datetime": "2021-09-28 12:17:21", "elapsed": 1790.042119, "delta": 10.255166}}
{"target": -39.87152073650776, "params": {"C": 183.65798405745284, "gamma": 0.060266706954892044}, "datetime": {"datetime": "2021-09-28 12:17:26", "elapsed": 1795.405306, "delta": 5.363187}}
{"target": -39.95021728104276, "params": {"C": 171.66907604648458, "gamma": 0.008706061316714933}, "datetime": {"datetime": "2021-09-28 12:17:36", "elapsed": 1805.388524, "delta": 9.983218}}
{"target": -40.31858456059721, "params": {"C": 171.287294628326, "gamma": 0.07528022213393337}, "datetime": {"datetime": "2021-09-28 12:17:42", "elapsed": 1811.08984, "delta": 5.701316}}
{"target": -39.4990597762939, "params": {"C": 181.1337941236706, "gamma": 0.042273994214219006}, "datetime": {"datetime": "2021-09-28 12:17:49", "elapsed": 1818.159759, "delta": 7.069919}}
{"target": -39.2011596549327, "params": {"C": 183.55206916219836, "gamma": 0.018505608894745836}, "datetime": {"datetime": "2021-09-28 12:17:57", "elapsed": 1826.547062, "delta": 8.387303}}
{"target": -39.969908773673204, "params": {"C": 183.56402050402147, "gamma": 0.06483792217302116}, "datetime": {"datetime": "2021-09-28 12:18:03", "elapsed": 1832.727063, "delta": 6.180001}}
{"target": -39.277235811660276, "params": {"C": 183.51619420870523, "gamma": 0.01462294560210399}, "datetime": {"datetime": "2021-09-28 12:18:12", "elapsed": 1841.486846, "delta": 8.759783}}
{"target": -39.55468426497703, "params": {"C": 183.5283486005013, "gamma": 0.045846809910825174}, "datetime": {"datetime": "2021-09-28 12:18:19", "elapsed": 1847.993288, "delta": 6.506442}}
{"target": -39.3692429054256, "params": {"C": 183.4961560606313, "gamma": 0.03730945070388058}, "datetime": {"datetime": "2021-09-28 12:18:26", "elapsed": 1855.099438, "delta": 7.10615}}
{"target": -39.19850096906155, "params": {"C": 183.45630592250973, "gamma": 0.0258316862317759}, "datetime": {"datetime": "2021-09-28 12:18:35", "elapsed": 1864.581327, "delta": 9.481889}}
{"target": -39.26682372842244, "params": {"C": 183.4263468173504, "gamma": 0.03164437579126121}, "datetime": {"datetime": "2021-09-28 12:18:46", "elapsed": 1874.944186, "delta": 10.362859}}
{"target": -39.45893954588608, "params": {"C": 159.5958075400505, "gamma": 0.027021139431608138}, "datetime": {"datetime": "2021-09-28 12:18:49", "elapsed": 1878.706291, "delta": 3.762105}}
{"target": -40.87119491928578, "params": {"C": 183.481986688755, "gamma": 0.004124868314825742}, "datetime": {"datetime": "2021-09-28 12:18:58", "elapsed": 1887.70252, "delta": 8.996229}}
{"target": -39.94762547869835, "params": {"C": 183.4406545347465, "gamma": 0.06379110685162279}, "datetime": {"datetime": "2021-09-28 12:19:05", "elapsed": 1894.389369, "delta": 6.686849}}
{"target": -40.24758515743296, "params": {"C": 183.4884212795048, "gamma": 0.07762750034779983}, "datetime": {"datetime": "2021-09-28 12:19:21", "elapsed": 1910.621184, "delta": 16.231815}}
{"target": -39.4916279290061, "params": {"C": 183.4304051544271, "gamma": 0.011074245162537619}, "datetime": {"datetime": "2021-09-28 12:19:29", "elapsed": 1918.514875, "delta": 7.893691}}
{"target": -41.09171027685217, "params": {"C": 71.58896603455455, "gamma": 0.022717589474886918}, "datetime": {"datetime": "2021-09-28 12:19:33", "elapsed": 1922.377805, "delta": 3.86293}}
{"target": -39.77655502492634, "params": {"C": 159.6269494069367, "gamma": 0.011713860708860019}, "datetime": {"datetime": "2021-09-28 12:19:43", "elapsed": 1932.421814, "delta": 10.044009}}
{"target": -39.95613698955252, "params": {"C": 159.5793493488078, "gamma": 0.05315811668458254}, "datetime": {"datetime": "2021-09-28 12:19:50", "elapsed": 1938.911153, "delta": 6.489339}}
{"target": -39.42285003865119, "params": {"C": 183.3863570003391, "gamma": 0.03979490373745458}, "datetime": {"datetime": "2021-09-28 12:19:56", "elapsed": 1945.692994, "delta": 6.781841}}
{"target": -39.81555092816271, "params": {"C": 159.55881348571793, "gamma": 0.011303053318531996}, "datetime": {"datetime": "2021-09-28 12:20:06", "elapsed": 1955.606355, "delta": 9.913361}}
{"target": -39.59456555770078, "params": {"C": 183.3399990866115, "gamma": 0.04754973032647134}, "datetime": {"datetime": "2021-09-28 12:20:15", "elapsed": 1964.172603, "delta": 8.566248}}
{"target": -39.27190892795176, "params": {"C": 183.35755552419658, "gamma": 0.014857016620704749}, "datetime": {"datetime": "2021-09-28 12:20:23", "elapsed": 1972.637117, "delta": 8.464514}}
{"target": -40.232444750956624, "params": {"C": 183.38424172683523, "gamma": 0.0768971644892338}, "datetime": {"datetime": "2021-09-28 12:20:43", "elapsed": 1992.285549, "delta": 19.648432}}
{"target": -41.279985167200635, "params": {"C": 94.22580802586869, "gamma": 0.07300061689300877}, "datetime": {"datetime": "2021-09-28 12:20:48", "elapsed": 1996.816105, "delta": 4.530556}}
{"target": -39.44340539197394, "params": {"C": 185.29692962680252, "gamma": 0.041610953248221554}, "datetime": {"datetime": "2021-09-28 12:20:52", "elapsed": 2001.156146, "delta": 4.340041}}
{"target": -39.29970733019095, "params": {"C": 183.28959397839176, "gamma": 0.033595965529787705}, "datetime": {"datetime": "2021-09-28 12:20:58", "elapsed": 2007.107329, "delta": 5.951183}}
{"target": -39.18827655426009, "params": {"C": 183.32316437090446, "gamma": 0.02366388691795822}, "datetime": {"datetime": "2021-09-28 12:21:04", "elapsed": 2013.568356, "delta": 6.461027}}
{"target": -39.288555552110985, "params": {"C": 183.38191422141747, "gamma": 0.014299452561835652}, "datetime": {"datetime": "2021-09-28 12:21:11", "elapsed": 2020.262605, "delta": 6.694249}}
{"target": -39.186300832782905, "params": {"C": 183.25536753999094, "gamma": 0.021800934713324525}, "datetime": {"datetime": "2021-09-28 12:21:20", "elapsed": 2029.529093, "delta": 9.266488}}
{"target": -41.279909084058794, "params": {"C": 135.72677162388152, "gamma": 0.1065062105873592}, "datetime": {"datetime": "2021-09-28 12:21:25", "elapsed": 2033.826306, "delta": 4.297213}}
{"target": -40.28383031963879, "params": {"C": 183.30162386992183, "gamma": 0.07919906203934514}, "datetime": {"datetime": "2021-09-28 12:21:31", "elapsed": 2040.187921, "delta": 6.361615}}
{"target": -39.21568827584936, "params": {"C": 183.2948521895459, "gamma": 0.017550767626713083}, "datetime": {"datetime": "2021-09-28 12:21:36", "elapsed": 2045.73247, "delta": 5.544549}}
{"target": -39.302410906678695, "params": {"C": 183.19044061728144, "gamma": 0.03369848099136443}, "datetime": {"datetime": "2021-09-28 12:21:47", "elapsed": 2055.965646, "delta": 10.233176}}
{"target": -39.68076688194324, "params": {"C": 183.22254296631553, "gamma": 0.051359418482452575}, "datetime": {"datetime": "2021-09-28 12:21:55", "elapsed": 2063.98084, "delta": 8.015194}}
{"target": -39.29734211359433, "params": {"C": 183.2756209309779, "gamma": 0.014106136836089713}, "datetime": {"datetime": "2021-09-28 12:22:06", "elapsed": 2074.900148, "delta": 10.919308}}
{"target": -39.481479001461686, "params": {"C": 183.23631249166846, "gamma": 0.011210382935915766}, "datetime": {"datetime": "2021-09-28 12:22:13", "elapsed": 2081.817529, "delta": 6.917381}}
{"target": -39.29910220633764, "params": {"C": 183.15049796405881, "gamma": 0.03347793382605181}, "datetime": {"datetime": "2021-09-28 12:22:21", "elapsed": 2090.204202, "delta": 8.386673}}
{"target": -40.1514254907968, "params": {"C": 183.15388573720762, "gamma": 0.07293729866073038}, "datetime": {"datetime": "2021-09-28 12:22:31", "elapsed": 2100.735504, "delta": 10.531302}}
{"target": -39.89288688927189, "params": {"C": 159.62584272542472, "gamma": 0.050350367057694606}, "datetime": {"datetime": "2021-09-28 12:22:39", "elapsed": 2108.052266, "delta": 7.316762}}
{"target": -40.05576052815451, "params": {"C": 183.18786113725054, "gamma": 0.007204671926182223}, "datetime": {"datetime": "2021-09-28 12:22:45", "elapsed": 2114.262276, "delta": 6.21001}}
{"target": -39.41748352509896, "params": {"C": 181.07263169074068, "gamma": 0.03844303409612082}, "datetime": {"datetime": "2021-09-28 12:22:53", "elapsed": 2122.248725, "delta": 7.986449}}
{"target": -39.19081663965634, "params": {"C": 183.11832305532215, "gamma": 0.020480116755375935}, "datetime": {"datetime": "2021-09-28 12:23:03", "elapsed": 2132.616658, "delta": 10.367933}}
{"target": -40.0987490425292, "params": {"C": 181.07774472445797, "gamma": 0.06958220158977436}, "datetime": {"datetime": "2021-09-28 12:23:10", "elapsed": 2138.95024, "delta": 6.333582}}
{"target": -39.482448736884464, "params": {"C": 183.08083231224438, "gamma": 0.011221912846479984}, "datetime": {"datetime": "2021-09-28 12:23:19", "elapsed": 2148.054394, "delta": 9.104154}}
{"target": -41.76025601412074, "params": {"C": 102.4512699280204, "gamma": 0.1144852546174229}, "datetime": {"datetime": "2021-09-28 12:23:23", "elapsed": 2151.773289, "delta": 3.718895}}
{"target": -39.44504916897743, "params": {"C": 181.0428128826022, "gamma": 0.039732153943938024}, "datetime": {"datetime": "2021-09-28 12:23:29", "elapsed": 2158.200519, "delta": 6.42723}}
{"target": -38.23927471042408, "params": {"C": 508.5282573066984, "gamma": 0.005427978075049975}, "datetime": {"datetime": "2021-09-28 12:34:02", "elapsed": 0.0, "delta": 0.0}}
{"target": -39.025509000761005, "params": {"C": 453.4592939705102, "gamma": 0.09061005425701758}, "datetime": {"datetime": "2021-09-28 12:34:02", "elapsed": 0.180997, "delta": 0.180997}}
{"target": -37.771165170822556, "params": {"C": 399.40280492103614, "gamma": 0.029301207527109175}, "datetime": {"datetime": "2021-09-28 12:34:03", "elapsed": 0.357247, "delta": 0.17625}}
{"target": -39.86111302864614, "params": {"C": 279.2251459038496, "gamma": 0.09198209332727816}, "datetime": {"datetime": "2021-09-28 12:34:03", "elapsed": 0.538247, "delta": 0.181}}
{"target": -39.683995497608606, "params": {"C": 400.5874635114814, "gamma": 0.11181390484808325}, "datetime": {"datetime": "2021-09-28 12:34:03", "elapsed": 0.836248, "delta": 0.298001}}
{"target": -39.51555541539092, "params": {"C": 399.41237171114665, "gamma": 0.10301784872483728}, "datetime": {"datetime": "2021-09-28 12:34:03", "elapsed": 1.279272, "delta": 0.443024}}
{"target": -39.20672157864086, "params": {"C": 220.3051761013931, "gamma": 0.04523475608536835}, "datetime": {"datetime": "2021-09-28 12:34:04", "elapsed": 1.616252, "delta": 0.33698}}
{"target": -38.917545334377564, "params": {"C": 353.2360333081317, "gamma": 0.005508331506623283}, "datetime": {"datetime": "2021-09-28 12:34:04", "elapsed": 1.870251, "delta": 0.253999}}
{"target": -38.661375865647194, "params": {"C": 245.6336567402697, "gamma": 0.025288406930280366}, "datetime": {"datetime": "2021-09-28 12:34:04", "elapsed": 2.138252, "delta": 0.268001}}
{"target": -37.999145439981106, "params": {"C": 561.8777839570355, "gamma": 0.06748829128422754}, "datetime": {"datetime": "2021-09-28 12:34:05", "elapsed": 2.400759, "delta": 0.262507}}
{"target": -37.219284926275165, "params": {"C": 560.839367883544, "gamma": 0.012597479259763011}, "datetime": {"datetime": "2021-09-28 12:34:05", "elapsed": 2.643748, "delta": 0.242989}}
{"target": -37.58527825020002, "params": {"C": 533.91478867823, "gamma": 0.04694458035656976}, "datetime": {"datetime": "2021-09-28 12:34:05", "elapsed": 2.91275, "delta": 0.269002}}
{"target": -39.84673861987016, "params": {"C": 277.2533912149987, "gamma": 0.09068089187536421}, "datetime": {"datetime": "2021-09-28 12:34:05", "elapsed": 3.195748, "delta": 0.282998}}
{"target": -39.33944041158074, "params": {"C": 378.5130096466837, "gamma": 0.0908077369021662}, "datetime": {"datetime": "2021-09-28 12:34:06", "elapsed": 3.421751, "delta": 0.226003}}
{"target": -40.38123888974811, "params": {"C": 230.6058065490076, "gamma": 0.10321461095600863}, "datetime": {"datetime": "2021-09-28 12:34:06", "elapsed": 3.68875, "delta": 0.266999}}
{"target": -37.97964948481929, "params": {"C": 344.1030309714831, "gamma": 0.02099060905008276}, "datetime": {"datetime": "2021-09-28 12:34:06", "elapsed": 3.94675, "delta": 0.258}}
{"target": -39.19253540035233, "params": {"C": 333.8773265591046, "gamma": 0.07530203198038482}, "datetime": {"datetime": "2021-09-28 12:34:06", "elapsed": 4.230749, "delta": 0.283999}}
{"target": -39.15198557661198, "params": {"C": 586.9359139762969, "gamma": 0.11623042437899729}, "datetime": {"datetime": "2021-09-28 12:34:07", "elapsed": 4.489876, "delta": 0.259127}}
{"target": -38.48934301968136, "params": {"C": 314.94484950568403, "gamma": 0.04309209233125409}, "datetime": {"datetime": "2021-09-28 12:34:07", "elapsed": 4.817872, "delta": 0.327996}}
{"target": -36.994011773706085, "params": {"C": 588.2532436671058, "gamma": 0.023940637595284173}, "datetime": {"datetime": "2021-09-28 12:34:07", "elapsed": 5.079873, "delta": 0.262001}}
{"target": -38.985534377296446, "params": {"C": 214.94869436706105, "gamma": 0.014842665800079556}, "datetime": {"datetime": "2021-09-28 12:34:08", "elapsed": 5.338876, "delta": 0.259003}}
{"target": -38.25936054449657, "params": {"C": 397.62162120247945, "gamma": 0.007871938079716756}, "datetime": {"datetime": "2021-09-28 12:34:08", "elapsed": 5.626874, "delta": 0.287998}}
{"target": -37.127818981372805, "params": {"C": 558.0152848860735, "gamma": 0.027585953581289763}, "datetime": {"datetime": "2021-09-28 12:34:08", "elapsed": 5.914871, "delta": 0.287997}}
{"target": -39.9467240648896, "params": {"C": 314.84857727566026, "gamma": 0.10652419939399747}, "datetime": {"datetime": "2021-09-28 12:34:08", "elapsed": 6.165871, "delta": 0.251}}
{"target": -39.06909556901261, "params": {"C": 328.4593487772025, "gamma": 0.06914436734278845}, "datetime": {"datetime": "2021-09-28 12:34:09", "elapsed": 6.43019, "delta": 0.264319}}
{"target": -39.73139682172447, "params": {"C": 341.30499902788597, "gamma": 0.10150640415405598}, "datetime": {"datetime": "2021-09-28 12:34:09", "elapsed": 6.704778, "delta": 0.274588}}
{"target": -38.656198327218654, "params": {"C": 247.2425655154261, "gamma": 0.017911961545067846}, "datetime": {"datetime": "2021-09-28 12:34:09", "elapsed": 6.974777, "delta": 0.269999}}
{"target": -39.40163391257523, "params": {"C": 505.0217476005697, "gamma": 0.11620372633060326}, "datetime": {"datetime": "2021-09-28 12:34:09", "elapsed": 7.274781, "delta": 0.300004}}
{"target": -38.41835157388084, "params": {"C": 280.01557249543805, "gamma": 0.017489788709513104}, "datetime": {"datetime": "2021-09-28 12:34:10", "elapsed": 7.626489, "delta": 0.351708}}
{"target": -39.735424027618336, "params": {"C": 205.53090195514358, "gamma": 0.06246133560131627}, "datetime": {"datetime": "2021-09-28 12:34:10", "elapsed": 8.025491, "delta": 0.399002}}
{"target": -39.80403247957277, "params": {"C": 313.42954405891555, "gamma": 0.09844163843246977}, "datetime": {"datetime": "2021-09-28 12:34:11", "elapsed": 8.535135, "delta": 0.509644}}
{"target": -39.20769525545586, "params": {"C": 240.39005323621768, "gamma": 0.051861175758118216}, "datetime": {"datetime": "2021-09-28 12:34:11", "elapsed": 8.917129, "delta": 0.381994}}
{"target": -37.35787737516497, "params": {"C": 492.4028153303369, "gamma": 0.02747780496290037}, "datetime": {"datetime": "2021-09-28 12:34:11", "elapsed": 9.237134, "delta": 0.320005}}
{"target": -39.23805781267677, "params": {"C": 413.46670920833105, "gamma": 0.09287523820403208}, "datetime": {"datetime": "2021-09-28 12:34:12", "elapsed": 9.533136, "delta": 0.296002}}
{"target": -38.07249170307822, "params": {"C": 329.28683210104043, "gamma": 0.0196191273474489}, "datetime": {"datetime": "2021-09-28 12:34:12", "elapsed": 9.838138, "delta": 0.305002}}
{"target": -38.88282426583797, "params": {"C": 273.167505710174, "gamma": 0.008929586314611744}, "datetime": {"datetime": "2021-09-28 12:34:12", "elapsed": 10.134143, "delta": 0.296005}}
{"target": -37.9065820358424, "params": {"C": 367.19133291588787, "gamma": 0.015631278573869332}, "datetime": {"datetime": "2021-09-28 12:34:13", "elapsed": 10.457401, "delta": 0.323258}}
{"target": -37.74008365968946, "params": {"C": 439.95078342223553, "gamma": 0.03756114134620538}, "datetime": {"datetime": "2021-09-28 12:34:13", "elapsed": 10.8364, "delta": 0.378999}}
{"target": -38.225120327023646, "params": {"C": 394.762920935051, "gamma": 0.05046599436312983}, "datetime": {"datetime": "2021-09-28 12:34:14", "elapsed": 11.354403, "delta": 0.518003}}
{"target": -39.090094695570606, "params": {"C": 319.053572555653, "gamma": 0.06785477550117673}, "datetime": {"datetime": "2021-09-28 12:34:14", "elapsed": 11.742401, "delta": 0.387998}}
{"target": -39.589661295258196, "params": {"C": 311.0276939094462, "gamma": 0.004370589859616606}, "datetime": {"datetime": "2021-09-28 12:34:14", "elapsed": 12.0704, "delta": 0.327999}}
{"target": -38.53119909842978, "params": {"C": 287.8516635514238, "gamma": 0.012204363059697784}, "datetime": {"datetime": "2021-09-28 12:34:15", "elapsed": 12.373349, "delta": 0.302949}}
{"target": -40.22580742023734, "params": {"C": 300.2566435495513, "gamma": 0.11847245579779557}, "datetime": {"datetime": "2021-09-28 12:34:15", "elapsed": 12.695343, "delta": 0.321994}}
{"target": -40.66451859166607, "params": {"C": 228.8158882058949, "gamma": 0.1181998624288208}, "datetime": {"datetime": "2021-09-28 12:34:15", "elapsed": 13.009339, "delta": 0.313996}}
{"target": -38.67247394556838, "params": {"C": 425.86929747576033, "gamma": 0.07264565948005026}, "datetime": {"datetime": "2021-09-28 12:34:16", "elapsed": 13.339339, "delta": 0.33}}
{"target": -37.08324249583643, "params": {"C": 566.1687478347773, "gamma": 0.0171581206278883}, "datetime": {"datetime": "2021-09-28 12:34:16", "elapsed": 13.685341, "delta": 0.346002}}
{"target": -38.49797951114823, "params": {"C": 428.9917087119434, "gamma": 0.06690965795875911}, "datetime": {"datetime": "2021-09-28 12:34:16", "elapsed": 14.030338, "delta": 0.344997}}
{"target": -39.12389569692159, "params": {"C": 496.8753797914525, "gamma": 0.10166825019146669}, "datetime": {"datetime": "2021-09-28 12:34:17", "elapsed": 14.374855, "delta": 0.344517}}
{"target": -38.85831483990818, "params": {"C": 306.22806233993623, "gamma": 0.056090434220920166}, "datetime": {"datetime": "2021-09-28 12:34:17", "elapsed": 14.733861, "delta": 0.359006}}
{"target": -38.35082437712628, "params": {"C": 371.134472266398, "gamma": 0.05081160713698784}, "datetime": {"datetime": "2021-09-28 12:34:17", "elapsed": 15.041861, "delta": 0.308}}
{"target": -39.34147515478805, "params": {"C": 423.9765829196245, "gamma": 0.09938788359894143}, "datetime": {"datetime": "2021-09-28 12:34:18", "elapsed": 15.431855, "delta": 0.389994}}
{"target": -38.24764773668413, "params": {"C": 445.11341053914816, "gamma": 0.06069686835473463}, "datetime": {"datetime": "2021-09-28 12:34:18", "elapsed": 15.810853, "delta": 0.378998}}
{"target": -39.29319789401122, "params": {"C": 280.86700557152017, "gamma": 0.06666987180927941}, "datetime": {"datetime": "2021-09-28 12:34:18", "elapsed": 16.192854, "delta": 0.382001}}
{"target": -39.2833152291, "params": {"C": 519.9273788770558, "gamma": 0.11269393488914708}, "datetime": {"datetime": "2021-09-28 12:34:19", "elapsed": 16.540704, "delta": 0.34785}}
{"target": -37.888328053694295, "params": {"C": 386.7385405959651, "gamma": 0.03289705776685139}, "datetime": {"datetime": "2021-09-28 12:34:19", "elapsed": 16.888599, "delta": 0.347895}}
{"target": -38.07608366065882, "params": {"C": 360.40388716373224, "gamma": 0.03578145358642504}, "datetime": {"datetime": "2021-09-28 12:34:19", "elapsed": 17.248614, "delta": 0.360015}}
{"target": -37.09551563645452, "params": {"C": 553.1701347438525, "gamma": 0.022108668415229994}, "datetime": {"datetime": "2021-09-28 12:34:20", "elapsed": 17.607176, "delta": 0.358562}}
{"target": -38.22463928782186, "params": {"C": 305.9095115556985, "gamma": 0.023909187258310132}, "datetime": {"datetime": "2021-09-28 12:34:20", "elapsed": 17.966178, "delta": 0.359002}}
{"target": -38.47543722899189, "params": {"C": 374.00649386384526, "gamma": 0.056480831837213856}, "datetime": {"datetime": "2021-09-28 12:34:21", "elapsed": 18.368571, "delta": 0.402393}}
{"target": -39.604546806959824, "params": {"C": 400.5308243611331, "gamma": 0.10767005190500838}, "datetime": {"datetime": "2021-09-28 12:34:21", "elapsed": 18.722567, "delta": 0.353996}}
