{"target": -36.15903520200768, "params": {"C": 4487.07710110649, "gamma": 0.14104011202745798}, "datetime": {"datetime": "2021-09-28 16:27:38", "elapsed": 972.272615, "delta": 2.755644}}
{"target": -34.69703882171601, "params": {"C": 4605.217902836363, "gamma": 0.048977689831823545}, "datetime": {"datetime": "2021-09-28 16:27:43", "elapsed": 977.038593, "delta": 4.765978}}
{"target": -36.428603812717554, "params": {"C": 4822.783014108108, "gamma": 0.15998175092125974}, "datetime": {"datetime": "2021-09-28 16:27:46", "elapsed": 980.504799, "delta": 3.466206}}
{"target": -35.80869742649242, "params": {"C": 4723.630790353841, "gamma": 0.01202196584493042}, "datetime": {"datetime": "2021-09-28 16:27:50", "elapsed": 984.862442, "delta": 4.357643}}
{"target": -35.03619671985727, "params": {"C": 4619.566770522353, "gamma": 0.0734774395011516}, "datetime": {"datetime": "2021-09-28 16:27:56", "elapsed": 990.082266, "delta": 5.219824}}
{"target": -35.273384072463045, "params": {"C": 4897.358087832545, "gamma": 0.08518223583039702}, "datetime": {"datetime": "2021-09-28 16:28:02", "elapsed": 996.139778, "delta": 6.057512}}
{"target": -35.54648193637121, "params": {"C": 4174.531887078855, "gamma": 0.10213417874240288}, "datetime": {"datetime": "2021-09-28 16:28:10", "elapsed": 1004.483197, "delta": 8.343419}}
{"target": -36.05163477934776, "params": {"C": 4406.46868239453, "gamma": 0.01065396967938207}, "datetime": {"datetime": "2021-09-28 16:28:19", "elapsed": 1013.09379, "delta": 8.610593}}
{"target": -34.75226257097951, "params": {"C": 4323.69644538175, "gamma": 0.0527762043245624}, "datetime": {"datetime": "2021-09-28 16:28:26", "elapsed": 1020.646604, "delta": 7.552814}}
{"target": -34.925269167416815, "params": {"C": 4848.576567768935, "gamma": 0.019327953938674584}, "datetime": {"datetime": "2021-09-28 16:28:33", "elapsed": 1027.633797, "delta": 6.987193}}
{"target": -34.62508518183888, "params": {"C": 4559.626315231026, "gamma": 0.04192612475073462}, "datetime": {"datetime": "2021-09-28 16:28:43", "elapsed": 1037.896761, "delta": 10.262964}}
{"target": -34.65462521794348, "params": {"C": 4242.893260417807, "gamma": 0.04361657732945763}, "datetime": {"datetime": "2021-09-28 16:28:51", "elapsed": 1045.868116, "delta": 7.971355}}
{"target": -35.21147421438953, "params": {"C": 4723.58000007835, "gamma": 0.08253699755139768}, "datetime": {"datetime": "2021-09-28 16:28:57", "elapsed": 1051.026272, "delta": 5.158156}}
{"target": -34.75357052828848, "params": {"C": 4582.672316051577, "gamma": 0.023048587650534913}, "datetime": {"datetime": "2021-09-28 16:29:04", "elapsed": 1058.847105, "delta": 7.820833}}
{"target": -36.1061738031138, "params": {"C": 4582.724146171312, "gamma": 0.010045824434501166}, "datetime": {"datetime": "2021-09-28 16:29:10", "elapsed": 1064.833819, "delta": 5.986714}}
{"target": -36.837147140912776, "params": {"C": 4861.470809242544, "gamma": 0.1943575741100466}, "datetime": {"datetime": "2021-09-28 16:29:14", "elapsed": 1068.527099, "delta": 3.69328}}
{"target": -34.615305795722364, "params": {"C": 4723.503135025794, "gamma": 0.029893355232490412}, "datetime": {"datetime": "2021-09-28 16:29:23", "elapsed": 1077.213263, "delta": 8.686164}}
{"target": -34.74788739226664, "params": {"C": 4029.762170858505, "gamma": 0.025876599827679873}, "datetime": {"datetime": "2021-09-28 16:29:32", "elapsed": 1086.094272, "delta": 8.881009}}
{"target": -35.04354066576065, "params": {"C": 4822.902840140008, "gamma": 0.07390589503119825}, "datetime": {"datetime": "2021-09-28 16:29:43", "elapsed": 1097.917472, "delta": 11.8232}}
{"target": -35.33810732485596, "params": {"C": 4897.310013133817, "gamma": 0.0884417523620259}, "datetime": {"datetime": "2021-09-28 16:29:50", "elapsed": 1104.245425, "delta": 6.327953}}
{"target": -35.541543808901274, "params": {"C": 4524.001217770836, "gamma": 0.10048206216829352}, "datetime": {"datetime": "2021-09-28 16:29:56", "elapsed": 1110.312519, "delta": 6.067094}}
{"target": -35.66956104500397, "params": {"C": 4370.4265230224855, "gamma": 0.10848537462795485}, "datetime": {"datetime": "2021-09-28 16:30:00", "elapsed": 1114.277532, "delta": 3.965013}}
{"target": -34.74064430500711, "params": {"C": 4191.072827147052, "gamma": 0.051414746038059816}, "datetime": {"datetime": "2021-09-28 16:30:07", "elapsed": 1121.279169, "delta": 7.001637}}
{"target": -34.81216491309759, "params": {"C": 4323.670584436819, "gamma": 0.02247793974161039}, "datetime": {"datetime": "2021-09-28 16:30:14", "elapsed": 1128.397645, "delta": 7.118476}}
{"target": -36.74593749020705, "params": {"C": 4848.644175829733, "gamma": 0.006208473819203363}, "datetime": {"datetime": "2021-09-28 16:30:22", "elapsed": 1136.265397, "delta": 7.867752}}
{"target": -34.585904455667745, "params": {"C": 4723.458736645222, "gamma": 0.03263603721073602}, "datetime": {"datetime": "2021-09-28 16:30:31", "elapsed": 1145.106375, "delta": 8.840978}}
{"target": -34.826590623432736, "params": {"C": 4914.544213215544, "gamma": 0.05956819382722184}, "datetime": {"datetime": "2021-09-28 16:30:37", "elapsed": 1151.31741, "delta": 6.211035}}
{"target": -35.76393306801371, "params": {"C": 4723.569890208778, "gamma": 0.012351737791150057}, "datetime": {"datetime": "2021-09-28 16:30:43", "elapsed": 1157.778335, "delta": 6.460925}}
{"target": -34.73682142601369, "params": {"C": 4776.19400020788, "gamma": 0.05268145596984126}, "datetime": {"datetime": "2021-09-28 16:30:48", "elapsed": 1162.069834, "delta": 4.291499}}
{"target": -34.626295471443, "params": {"C": 4582.634876291024, "gamma": 0.03007956156803532}, "datetime": {"datetime": "2021-09-28 16:30:56", "elapsed": 1170.178535, "delta": 8.108701}}
{"target": -36.16649388871576, "params": {"C": 4776.191151797107, "gamma": 0.009410622587876304}, "datetime": {"datetime": "2021-09-28 16:31:05", "elapsed": 1179.829707, "delta": 9.651172}}
{"target": -36.37407979201055, "params": {"C": 4124.253988607934, "gamma": 0.15826325948166686}, "datetime": {"datetime": "2021-09-28 16:31:10", "elapsed": 1184.683817, "delta": 4.85411}}
{"target": -35.37012444665291, "params": {"C": 4242.932743203343, "gamma": 0.016353629247194527}, "datetime": {"datetime": "2021-09-28 16:31:23", "elapsed": 1197.517274, "delta": 12.833457}}
{"target": -36.75977847403954, "params": {"C": 4559.603304979475, "gamma": 0.0064274031926944844}, "datetime": {"datetime": "2021-09-28 16:31:31", "elapsed": 1205.033807, "delta": 7.516533}}
{"target": -34.61128602871902, "params": {"C": 4471.93713572483, "gamma": 0.032441489021350446}, "datetime": {"datetime": "2021-09-28 16:31:35", "elapsed": 1209.840378, "delta": 4.806571}}
{"target": -35.07589580840361, "params": {"C": 4471.966322218114, "gamma": 0.0760373910097919}, "datetime": {"datetime": "2021-09-28 16:31:44", "elapsed": 1218.942207, "delta": 9.101829}}
{"target": -35.43284899481106, "params": {"C": 4776.217661456937, "gamma": 0.09370871188972306}, "datetime": {"datetime": "2021-09-28 16:31:50", "elapsed": 1224.636409, "delta": 5.694202}}
{"target": -35.15722799566319, "params": {"C": 4471.953702865991, "gamma": 0.017759886731941742}, "datetime": {"datetime": "2021-09-28 16:31:58", "elapsed": 1232.060161, "delta": 7.423752}}
{"target": -34.70648480032017, "params": {"C": 4592.707785032264, "gamma": 0.049747001434922125}, "datetime": {"datetime": "2021-09-28 16:32:01", "elapsed": 1235.927814, "delta": 3.867653}}
{"target": -35.260069308123036, "params": {"C": 4592.689726840809, "gamma": 0.08533028388838905}, "datetime": {"datetime": "2021-09-28 16:32:09", "elapsed": 1243.146908, "delta": 7.219094}}
{"target": -36.64911010314123, "params": {"C": 4512.62740209203, "gamma": 0.0069381630685320436}, "datetime": {"datetime": "2021-09-28 16:32:13", "elapsed": 1247.173355, "delta": 4.026447}}
{"target": -34.75397696359767, "params": {"C": 4471.9092883906105, "gamma": 0.053310034081181845}, "datetime": {"datetime": "2021-09-28 16:32:22", "elapsed": 1256.299961, "delta": 9.126606}}
{"target": -35.15529570503212, "params": {"C": 4038.250064503866, "gamma": 0.08092766178793624}, "datetime": {"datetime": "2021-09-28 16:32:26", "elapsed": 1260.23428, "delta": 3.934319}}
{"target": -36.68406692550147, "params": {"C": 4139.093245042608, "gamma": 0.18298418386498583}, "datetime": {"datetime": "2021-09-28 16:32:30", "elapsed": 1264.080068, "delta": 3.845788}}
{"target": -36.36195315790586, "params": {"C": 4769.954813506297, "gamma": 0.15475451363992293}, "datetime": {"datetime": "2021-09-28 16:32:34", "elapsed": 1268.486046, "delta": 4.405978}}
{"target": -34.68728483032533, "params": {"C": 4914.233757826803, "gamma": 0.04900657886672049}, "datetime": {"datetime": "2021-09-28 16:32:41", "elapsed": 1275.893237, "delta": 7.407191}}
{"target": -34.78436536905577, "params": {"C": 4523.801145533801, "gamma": 0.05579457053887234}, "datetime": {"datetime": "2021-09-28 16:32:48", "elapsed": 1282.496117, "delta": 6.60288}}
{"target": -36.72963359623221, "params": {"C": 4688.309998964933, "gamma": 0.1856738822379171}, "datetime": {"datetime": "2021-09-28 16:32:52", "elapsed": 1286.859771, "delta": 4.363654}}
{"target": -36.44871170589499, "params": {"C": 4188.191533389912, "gamma": 0.16356307034927295}, "datetime": {"datetime": "2021-09-28 16:32:57", "elapsed": 1291.181975, "delta": 4.322204}}
{"target": -35.512178837928815, "params": {"C": 4074.639866590422, "gamma": 0.10056839539700654}, "datetime": {"datetime": "2021-09-28 16:33:01", "elapsed": 1295.820006, "delta": 4.638031}}
{"target": -34.97142304833762, "params": {"C": 4029.7548393531715, "gamma": 0.068455023380292}, "datetime": {"datetime": "2021-09-28 16:33:08", "elapsed": 1302.13955, "delta": 6.319544}}
{"target": -35.18534134550204, "params": {"C": 4406.426675790333, "gamma": 0.08199909551317303}, "datetime": {"datetime": "2021-09-28 16:33:24", "elapsed": 1318.842627, "delta": 16.703077}}
{"target": -35.86454923192427, "params": {"C": 5546.305881600321, "gamma": 0.11476291250580625}, "datetime": {"datetime": "2021-09-28 16:41:36", "elapsed": 0.0, "delta": 0.0}}
{"target": -35.27904454371532, "params": {"C": 5283.813786302074, "gamma": 0.08417827880563777}, "datetime": {"datetime": "2021-09-28 16:41:36", "elapsed": 0.245002, "delta": 0.245002}}
{"target": -36.32708070523032, "params": {"C": 5891.876423891132, "gamma": 0.1439254287846829}, "datetime": {"datetime": "2021-09-28 16:41:36", "elapsed": 0.470001, "delta": 0.224999}}
{"target": -34.562540110775444, "params": {"C": 5116.841163568474, "gamma": 0.037122646111418946}, "datetime": {"datetime": "2021-09-28 16:41:37", "elapsed": 0.788003, "delta": 0.318002}}
{"target": -35.03751917854878, "params": {"C": 5041.981875333839, "gamma": 0.07332552576584865}, "datetime": {"datetime": "2021-09-28 16:41:37", "elapsed": 1.062999, "delta": 0.274996}}
{"target": -35.08816314023453, "params": {"C": 5020.174972987353, "gamma": 0.07580914978118022}, "datetime": {"datetime": "2021-09-28 16:41:37", "elapsed": 1.288, "delta": 0.225001}}
{"target": -36.46371543325218, "params": {"C": 5181.534372063938, "gamma": 0.16}, "datetime": {"datetime": "2021-09-28 16:41:38", "elapsed": 1.729001, "delta": 0.441001}}
{"target": -36.45479328342671, "params": {"C": 5088.313800608746, "gamma": 0.16}, "datetime": {"datetime": "2021-09-28 16:41:38", "elapsed": 2.137221, "delta": 0.40822}}
{"target": -35.704423309558464, "params": {"C": 5115.863109249278, "gamma": 0.10726393402619319}, "datetime": {"datetime": "2021-09-28 16:41:39", "elapsed": 3.145217, "delta": 1.007996}}
{"target": -34.731200555428686, "params": {"C": 5020.167706898819, "gamma": 0.05275925735347208}, "datetime": {"datetime": "2021-09-28 16:41:40", "elapsed": 3.9008, "delta": 0.755583}}
{"target": -35.344215273705906, "params": {"C": 5020.226938401893, "gamma": 0.015105338820088517}, "datetime": {"datetime": "2021-09-28 16:41:40", "elapsed": 4.15017, "delta": 0.24937}}
{"target": -35.18240279728105, "params": {"C": 5414.060276175606, "gamma": 0.015749121324250635}, "datetime": {"datetime": "2021-09-28 16:41:40", "elapsed": 4.409173, "delta": 0.259003}}
{"target": -35.73571590045837, "params": {"C": 5020.080453384505, "gamma": 0.10948835639111121}, "datetime": {"datetime": "2021-09-28 16:41:41", "elapsed": 4.711171, "delta": 0.301998}}
{"target": -36.4236544095281, "params": {"C": 5940.861444278329, "gamma": 0.15086432560617993}, "datetime": {"datetime": "2021-09-28 16:41:41", "elapsed": 4.974172, "delta": 0.263001}}
{"target": -34.77107448530924, "params": {"C": 5116.771187207179, "gamma": 0.05590082934357236}, "datetime": {"datetime": "2021-09-28 16:41:41", "elapsed": 5.405175, "delta": 0.431003}}
{"target": -35.69288549985067, "params": {"C": 5116.832838646317, "gamma": 0.10660185228168786}, "datetime": {"datetime": "2021-09-28 16:41:42", "elapsed": 5.696173, "delta": 0.290998}}
{"target": -34.889714015535105, "params": {"C": 5116.935278313637, "gamma": 0.06411509965038474}, "datetime": {"datetime": "2021-09-28 16:41:42", "elapsed": 5.997244, "delta": 0.301071}}
{"target": -34.814700793536005, "params": {"C": 5116.956626457435, "gamma": 0.020260794315429025}, "datetime": {"datetime": "2021-09-28 16:41:42", "elapsed": 6.303247, "delta": 0.306003}}
{"target": -35.838115134982, "params": {"C": 5642.737055743532, "gamma": 0.11273894220293955}, "datetime": {"datetime": "2021-09-28 16:41:43", "elapsed": 6.668244, "delta": 0.364997}}
{"target": -35.932325257602535, "params": {"C": 5116.882219900666, "gamma": 0.01066901728929309}, "datetime": {"datetime": "2021-09-28 16:41:43", "elapsed": 6.983245, "delta": 0.315001}}
{"target": -34.56531646262882, "params": {"C": 5020.239287611275, "gamma": 0.03633664358507747}, "datetime": {"datetime": "2021-09-28 16:41:43", "elapsed": 7.258252, "delta": 0.275007}}
{"target": -35.68862042193579, "params": {"C": 5405.48389212957, "gamma": 0.10517867059167119}, "datetime": {"datetime": "2021-09-28 16:41:43", "elapsed": 7.533247, "delta": 0.274995}}
{"target": -35.67060825088622, "params": {"C": 5901.069951505892, "gamma": 0.10169372442194234}, "datetime": {"datetime": "2021-09-28 16:41:44", "elapsed": 7.798247, "delta": 0.265}}
{"target": -36.12113352237859, "params": {"C": 5318.726684647437, "gamma": 0.1328652278213741}, "datetime": {"datetime": "2021-09-28 16:41:44", "elapsed": 8.144023, "delta": 0.345776}}
{"target": -34.612523421296885, "params": {"C": 5099.909225273522, "gamma": 0.027667458315598564}, "datetime": {"datetime": "2021-09-28 16:41:44", "elapsed": 8.564023, "delta": 0.42}}
{"target": -35.07115058472363, "params": {"C": 5490.012021338327, "gamma": 0.01654803771531877}, "datetime": {"datetime": "2021-09-28 16:41:45", "elapsed": 8.849867, "delta": 0.285844}}
{"target": -34.86333391282896, "params": {"C": 5242.570531555854, "gamma": 0.062460336132018235}, "datetime": {"datetime": "2021-09-28 16:41:45", "elapsed": 9.15287, "delta": 0.303003}}
{"target": -35.497554520879696, "params": {"C": 5610.568048622443, "gamma": 0.013107926628506305}, "datetime": {"datetime": "2021-09-28 16:41:45", "elapsed": 9.450869, "delta": 0.297999}}
{"target": -34.78490040412711, "params": {"C": 5099.908384841627, "gamma": 0.0568721696682195}, "datetime": {"datetime": "2021-09-28 16:41:46", "elapsed": 9.787866, "delta": 0.336997}}
{"target": -34.51669130462718, "params": {"C": 5893.807544375374, "gamma": 0.030093063916760414}, "datetime": {"datetime": "2021-09-28 16:41:46", "elapsed": 10.146046, "delta": 0.35818}}
{"target": -36.42952668354597, "params": {"C": 5006.051339568019, "gamma": 0.15848880503054355}, "datetime": {"datetime": "2021-09-28 16:41:46", "elapsed": 10.455044, "delta": 0.308998}}
{"target": -34.73716592536888, "params": {"C": 5025.455194780907, "gamma": 0.05322561507679698}, "datetime": {"datetime": "2021-09-28 16:41:47", "elapsed": 10.906046, "delta": 0.451002}}
{"target": -34.81857102329907, "params": {"C": 5116.972541062341, "gamma": 0.059272649803152236}, "datetime": {"datetime": "2021-09-28 16:41:47", "elapsed": 11.338046, "delta": 0.432}}
{"target": -34.92053750432815, "params": {"C": 5893.7795363099385, "gamma": 0.06551930746914977}, "datetime": {"datetime": "2021-09-28 16:41:48", "elapsed": 11.740043, "delta": 0.401997}}
{"target": -36.36125982743527, "params": {"C": 5920.678383036558, "gamma": 0.14623481573639519}, "datetime": {"datetime": "2021-09-28 16:41:48", "elapsed": 12.095744, "delta": 0.355701}}
{"target": -35.0635550394889, "params": {"C": 5116.946034307865, "gamma": 0.07439472033067099}, "datetime": {"datetime": "2021-09-28 16:41:48", "elapsed": 12.467746, "delta": 0.372002}}
{"target": -35.07476499634941, "params": {"C": 5085.004629521583, "gamma": 0.07502608506170197}, "datetime": {"datetime": "2021-09-28 16:41:49", "elapsed": 12.896747, "delta": 0.429001}}
{"target": -35.45261706225217, "params": {"C": 5020.234866254593, "gamma": 0.09393683800291655}, "datetime": {"datetime": "2021-09-28 16:41:49", "elapsed": 13.252743, "delta": 0.355996}}
{"target": -34.55720872750898, "params": {"C": 5116.8291095189, "gamma": 0.03526789303689737}, "datetime": {"datetime": "2021-09-28 16:41:49", "elapsed": 13.607745, "delta": 0.355002}}
{"target": -34.606746791832165, "params": {"C": 5025.42468539443, "gamma": 0.02849268788899088}, "datetime": {"datetime": "2021-09-28 16:41:50", "elapsed": 14.06859, "delta": 0.460845}}
{"target": -35.645237859767285, "params": {"C": 5129.758462289557, "gamma": 0.10387110242553031}, "datetime": {"datetime": "2021-09-28 16:41:50", "elapsed": 14.447586, "delta": 0.378996}}
{"target": -35.32198753973728, "params": {"C": 5693.655959120001, "gamma": 0.08475590210492458}, "datetime": {"datetime": "2021-09-28 16:41:51", "elapsed": 14.827587, "delta": 0.380001}}
{"target": -34.597803851067376, "params": {"C": 5116.992102859423, "gamma": 0.02856049726581723}, "datetime": {"datetime": "2021-09-28 16:41:51", "elapsed": 15.27459, "delta": 0.447003}}
{"target": -35.74451817239815, "params": {"C": 5893.855080145871, "gamma": 0.011118373548204108}, "datetime": {"datetime": "2021-09-28 16:41:52", "elapsed": 15.662589, "delta": 0.387999}}
{"target": -35.59933982975796, "params": {"C": 5893.7557168817275, "gamma": 0.012077194348056808}, "datetime": {"datetime": "2021-09-28 16:41:52", "elapsed": 16.126833, "delta": 0.464244}}
{"target": -35.06564427288841, "params": {"C": 5116.7348373806935, "gamma": 0.07449429067767517}, "datetime": {"datetime": "2021-09-28 16:41:52", "elapsed": 16.510832, "delta": 0.383999}}
{"target": -34.77519020897948, "params": {"C": 5020.294641756862, "gamma": 0.056047037479647836}, "datetime": {"datetime": "2021-09-28 16:41:53", "elapsed": 16.906833, "delta": 0.396001}}
{"target": -36.01276221445778, "params": {"C": 5676.872407621416, "gamma": 0.12350699894736938}, "datetime": {"datetime": "2021-09-28 16:41:53", "elapsed": 17.243829, "delta": 0.336996}}
{"target": -36.387294933414594, "params": {"C": 5855.6926281695705, "gamma": 0.1486316587447103}, "datetime": {"datetime": "2021-09-28 16:41:53", "elapsed": 17.606833, "delta": 0.363004}}
{"target": -34.56106098409099, "params": {"C": 5099.954445158187, "gamma": 0.03647952616169059}, "datetime": {"datetime": "2021-09-28 16:41:54", "elapsed": 18.00886, "delta": 0.402027}}
{"target": -35.06625349963819, "params": {"C": 5025.382893703639, "gamma": 0.017413736677008757}, "datetime": {"datetime": "2021-09-28 16:41:54", "elapsed": 18.441861, "delta": 0.433001}}
{"target": -35.57109819089779, "params": {"C": 5363.093981600113, "gamma": 0.09883861698572001}, "datetime": {"datetime": "2021-09-28 16:41:55", "elapsed": 18.872428, "delta": 0.430567}}
{"target": -34.813307885570815, "params": {"C": 5444.789442335248, "gamma": 0.05927576596336163}, "datetime": {"datetime": "2021-09-28 16:41:55", "elapsed": 19.264427, "delta": 0.391999}}
{"target": -35.31338809427956, "params": {"C": 5025.417319813974, "gamma": 0.08683044271472895}, "datetime": {"datetime": "2021-09-28 16:41:56", "elapsed": 19.69843, "delta": 0.434003}}
{"target": -34.67136556914573, "params": {"C": 5020.268992836544, "gamma": 0.024770578847576424}, "datetime": {"datetime": "2021-09-28 16:41:56", "elapsed": 20.170916, "delta": 0.472486}}
{"target": -35.80806096724696, "params": {"C": 5908.313383722798, "gamma": 0.10947698620934546}, "datetime": {"datetime": "2021-09-28 16:41:56", "elapsed": 20.611914, "delta": 0.440998}}
{"target": -35.437545991402885, "params": {"C": 5893.8299785539375, "gamma": 0.08963757594768032}, "datetime": {"datetime": "2021-09-28 16:41:57", "elapsed": 21.009916, "delta": 0.398002}}
{"target": -35.22791930559193, "params": {"C": 5444.740777229653, "gamma": 0.08112642031915149}, "datetime": {"datetime": "2021-09-28 16:41:57", "elapsed": 21.405922, "delta": 0.396006}}
{"target": -34.62786271747288, "params": {"C": 5025.506535017845, "gamma": 0.027116256411982537}, "datetime": {"datetime": "2021-09-28 16:41:58", "elapsed": 21.860913, "delta": 0.454991}}
{"target": -34.62608540857313, "params": {"C": 5116.841735722615, "gamma": 0.044156853924428086}, "datetime": {"datetime": "2021-09-28 16:41:58", "elapsed": 22.279031, "delta": 0.418118}}
{"target": -34.91901888721994, "params": {"C": 5025.540246754865, "gamma": 0.06599113169396811}, "datetime": {"datetime": "2021-09-28 16:41:59", "elapsed": 22.731025, "delta": 0.451994}}
{"target": -34.89681461241741, "params": {"C": 5116.955078053464, "gamma": 0.06458841609973584}, "datetime": {"datetime": "2021-09-28 16:41:59", "elapsed": 23.139028, "delta": 0.408003}}
{"target": -34.82285864639717, "params": {"C": 5280.633643637377, "gamma": 0.059757821799285016}, "datetime": {"datetime": "2021-09-28 16:41:59", "elapsed": 23.558025, "delta": 0.418997}}
{"target": -34.97585678091433, "params": {"C": 5085.006603600603, "gamma": 0.06975943689292663}, "datetime": {"datetime": "2021-09-28 16:42:00", "elapsed": 23.949075, "delta": 0.39105}}
{"target": -35.46019402931179, "params": {"C": 5099.938701484854, "gamma": 0.09406726814043763}, "datetime": {"datetime": "2021-09-28 16:42:00", "elapsed": 24.357412, "delta": 0.408337}}
