{"target": -37.01038515688913, "params": {"C": 38003.818136140835, "gamma": 0.0820969203190234}, "datetime": {"datetime": "2021-09-29 09:20:01", "elapsed": 341.94002, "delta": 1.428}}
{"target": -34.28672594525595, "params": {"C": 37554.314504971146, "gamma": 0.01520059484764303}, "datetime": {"datetime": "2021-09-29 09:20:02", "elapsed": 343.869779, "delta": 1.929759}}
{"target": -36.7033603942294, "params": {"C": 39307.078803867655, "gamma": 0.07291686747557485}, "datetime": {"datetime": "2021-09-29 09:20:04", "elapsed": 345.217114, "delta": 1.347335}}
{"target": -34.26743275280486, "params": {"C": 37542.656861935706, "gamma": 0.014291297163183503}, "datetime": {"datetime": "2021-09-29 09:20:06", "elapsed": 347.170394, "delta": 1.95328}}
{"target": -35.18962245587298, "params": {"C": 36259.43446423604, "gamma": 0.006050946378124733}, "datetime": {"datetime": "2021-09-29 09:20:08", "elapsed": 348.933941, "delta": 1.763547}}
{"target": -34.4223860930499, "params": {"C": 39341.91432961688, "gamma": 0.020955557989247395}, "datetime": {"datetime": "2021-09-29 09:20:09", "elapsed": 350.657865, "delta": 1.723924}}
{"target": -34.28364333000965, "params": {"C": 38781.93170238656, "gamma": 0.014882947211371015}, "datetime": {"datetime": "2021-09-29 09:20:11", "elapsed": 352.797929, "delta": 2.140064}}
{"target": -35.254570508559894, "params": {"C": 36280.28543992227, "gamma": 0.0058414899096575785}, "datetime": {"datetime": "2021-09-29 09:20:14", "elapsed": 354.949519, "delta": 2.15159}}
{"target": -36.12735072257258, "params": {"C": 38835.89633384906, "gamma": 0.06048376863034092}, "datetime": {"datetime": "2021-09-29 09:20:16", "elapsed": 357.42039, "delta": 2.470871}}
{"target": -34.262619590153975, "params": {"C": 35894.65058742665, "gamma": 0.014174714566350284}, "datetime": {"datetime": "2021-09-29 09:20:18", "elapsed": 359.254638, "delta": 1.834248}}
{"target": -36.49539462452131, "params": {"C": 39235.61326800517, "gamma": 0.06811238237960347}, "datetime": {"datetime": "2021-09-29 09:20:19", "elapsed": 360.631285, "delta": 1.376647}}
{"target": -34.26781769450254, "params": {"C": 36366.64304981463, "gamma": 0.014476052346067678}, "datetime": {"datetime": "2021-09-29 09:20:21", "elapsed": 362.044281, "delta": 1.412996}}
{"target": -37.374336743118484, "params": {"C": 37470.563007488454, "gamma": 0.0918940560224615}, "datetime": {"datetime": "2021-09-29 09:20:22", "elapsed": 363.473466, "delta": 1.429185}}
{"target": -34.483487450848486, "params": {"C": 38835.99768675277, "gamma": 0.008845980345484372}, "datetime": {"datetime": "2021-09-29 09:20:24", "elapsed": 365.796711, "delta": 2.323245}}
{"target": -35.76914694893527, "params": {"C": 35123.151340470366, "gamma": 0.05530681192031508}, "datetime": {"datetime": "2021-09-29 09:20:27", "elapsed": 368.115544, "delta": 2.318833}}
{"target": -36.774239510545264, "params": {"C": 35934.34660164544, "gamma": 0.0780675595901704}, "datetime": {"datetime": "2021-09-29 09:20:28", "elapsed": 369.600604, "delta": 1.48506}}
{"target": -35.04113472663574, "params": {"C": 35353.278848467955, "gamma": 0.03946463827309956}, "datetime": {"datetime": "2021-09-29 09:20:30", "elapsed": 371.199763, "delta": 1.599159}}
{"target": -35.279528642848945, "params": {"C": 35205.26141016003, "gamma": 0.044736532741580064}, "datetime": {"datetime": "2021-09-29 09:20:31", "elapsed": 372.717107, "delta": 1.517344}}
{"target": -35.336623990034646, "params": {"C": 35123.06104430846, "gamma": 0.045974882194196785}, "datetime": {"datetime": "2021-09-29 09:20:33", "elapsed": 374.603248, "delta": 1.886141}}
{"target": -34.33539447970427, "params": {"C": 35454.115168696706, "gamma": 0.010996082509710965}, "datetime": {"datetime": "2021-09-29 09:20:35", "elapsed": 376.581, "delta": 1.977752}}
{"target": -36.832233318053596, "params": {"C": 37554.24213103967, "gamma": 0.07796026789619612}, "datetime": {"datetime": "2021-09-29 09:20:37", "elapsed": 378.511212, "delta": 1.930212}}
{"target": -37.52091010800199, "params": {"C": 35378.2029034894, "gamma": 0.09879058591641368}, "datetime": {"datetime": "2021-09-29 09:20:39", "elapsed": 380.094207, "delta": 1.582995}}
{"target": -35.57286518261445, "params": {"C": 39254.68441977555, "gamma": 0.048950757284041975}, "datetime": {"datetime": "2021-09-29 09:20:40", "elapsed": 381.617886, "delta": 1.523679}}
{"target": -34.29706111611459, "params": {"C": 35120.96846040411, "gamma": 0.012046110145517331}, "datetime": {"datetime": "2021-09-29 09:20:42", "elapsed": 383.532923, "delta": 1.915037}}
{"target": -36.435065194984176, "params": {"C": 36587.62071953387, "gamma": 0.06893808349271803}, "datetime": {"datetime": "2021-09-29 09:20:44", "elapsed": 385.054056, "delta": 1.521133}}
{"target": -34.62222883793003, "params": {"C": 35587.84479254499, "gamma": 0.008322009437198088}, "datetime": {"datetime": "2021-09-29 09:20:47", "elapsed": 388.360568, "delta": 3.306512}}
{"target": -34.54516097598043, "params": {"C": 36366.6916091844, "gamma": 0.026100488942485525}, "datetime": {"datetime": "2021-09-29 09:20:50", "elapsed": 391.560591, "delta": 3.200023}}
{"target": -36.78473490037171, "params": {"C": 38021.28816341268, "gamma": 0.07621322480505482}, "datetime": {"datetime": "2021-09-29 09:20:53", "elapsed": 394.247713, "delta": 2.687122}}
{"target": -35.652761340976575, "params": {"C": 39776.987467179584, "gamma": 0.050351788027837074}, "datetime": {"datetime": "2021-09-29 09:20:54", "elapsed": 395.827546, "delta": 1.579833}}
{"target": -36.83205073474616, "params": {"C": 39242.49324430648, "gamma": 0.07628523952212878}, "datetime": {"datetime": "2021-09-29 09:20:57", "elapsed": 398.774106, "delta": 2.94656}}
{"target": -34.45308928825263, "params": {"C": 35544.165812345695, "gamma": 0.022958086043630827}, "datetime": {"datetime": "2021-09-29 09:21:00", "elapsed": 401.374859, "delta": 2.600753}}
{"target": -36.30394476969806, "params": {"C": 38734.532222489965, "gamma": 0.06433164754137524}, "datetime": {"datetime": "2021-09-29 09:21:02", "elapsed": 403.627068, "delta": 2.252209}}
{"target": -36.67814944931445, "params": {"C": 37798.52707961627, "gamma": 0.0736556783832199}, "datetime": {"datetime": "2021-09-29 09:21:04", "elapsed": 405.791673, "delta": 2.164605}}
{"target": -36.030739091698585, "params": {"C": 37843.76583948468, "gamma": 0.0591647256568854}, "datetime": {"datetime": "2021-09-29 09:21:07", "elapsed": 408.039897, "delta": 2.248224}}
{"target": -34.41203096417518, "params": {"C": 39329.83225793191, "gamma": 0.009367647305900666}, "datetime": {"datetime": "2021-09-29 09:21:08", "elapsed": 409.704841, "delta": 1.664944}}
{"target": -36.37945404616202, "params": {"C": 38609.70571359917, "gamma": 0.06608493454456217}, "datetime": {"datetime": "2021-09-29 09:21:10", "elapsed": 411.850749, "delta": 2.145908}}
{"target": -36.03791896028093, "params": {"C": 37320.000833494836, "gamma": 0.059660615315559044}, "datetime": {"datetime": "2021-09-29 09:21:13", "elapsed": 414.319696, "delta": 2.468947}}
{"target": -35.30886670596294, "params": {"C": 37843.84677579306, "gamma": 0.0055547893283746244}, "datetime": {"datetime": "2021-09-29 09:21:15", "elapsed": 416.791478, "delta": 2.471782}}
{"target": -37.277175542823855, "params": {"C": 36637.11403774898, "gamma": 0.09048434514133064}, "datetime": {"datetime": "2021-09-29 09:21:17", "elapsed": 418.558669, "delta": 1.767191}}
{"target": -34.71086812358426, "params": {"C": 38185.312627621366, "gamma": 0.030523602643949894}, "datetime": {"datetime": "2021-09-29 09:21:19", "elapsed": 420.844669, "delta": 2.286}}
{"target": -34.29699543592895, "params": {"C": 38979.79048186222, "gamma": 0.011361967499956528}, "datetime": {"datetime": "2021-09-29 09:21:22", "elapsed": 423.344472, "delta": 2.499803}}
{"target": -36.77090262341985, "params": {"C": 35894.62771064619, "gamma": 0.07801677833730832}, "datetime": {"datetime": "2021-09-29 09:21:25", "elapsed": 426.138569, "delta": 2.794097}}
{"target": -35.729776472540024, "params": {"C": 35587.810581014084, "gamma": 0.054200273816006325}, "datetime": {"datetime": "2021-09-29 09:21:27", "elapsed": 428.286763, "delta": 2.148194}}
{"target": -36.72498850877441, "params": {"C": 35454.14824479839, "gamma": 0.07721634979139921}, "datetime": {"datetime": "2021-09-29 09:21:29", "elapsed": 430.468272, "delta": 2.181509}}
{"target": -34.58940083375334, "params": {"C": 36765.88447797551, "gamma": 0.02750996406063626}, "datetime": {"datetime": "2021-09-29 09:21:32", "elapsed": 433.098391, "delta": 2.630119}}
{"target": -35.44422927825504, "params": {"C": 35544.137166155786, "gamma": 0.04804498035879907}, "datetime": {"datetime": "2021-09-29 09:21:34", "elapsed": 435.266204, "delta": 2.167813}}
{"target": -35.87624651727187, "params": {"C": 37542.670620777586, "gamma": 0.056068655446703565}, "datetime": {"datetime": "2021-09-29 09:21:36", "elapsed": 437.5165, "delta": 2.250296}}
{"target": -35.31716524927182, "params": {"C": 37475.28156766316, "gamma": 0.04443673440625787}, "datetime": {"datetime": "2021-09-29 09:21:38", "elapsed": 439.874551, "delta": 2.358051}}
{"target": -35.55215909446062, "params": {"C": 39474.257705880525, "gamma": 0.048409150943669564}, "datetime": {"datetime": "2021-09-29 09:21:41", "elapsed": 442.157265, "delta": 2.282714}}
{"target": -34.84429512660915, "params": {"C": 39486.23175563192, "gamma": 0.033313942378850124}, "datetime": {"datetime": "2021-09-29 09:21:42", "elapsed": 443.804044, "delta": 1.646779}}
{"target": -34.2758277181472, "params": {"C": 37320.00055028639, "gamma": 0.014720973672894985}, "datetime": {"datetime": "2021-09-29 09:21:44", "elapsed": 445.487617, "delta": 1.683573}}
{"target": -34.99344999921236, "params": {"C": 35787.02966011538, "gamma": 0.038191159418855}, "datetime": {"datetime": "2021-09-29 09:21:46", "elapsed": 447.151861, "delta": 1.664244}}
{"target": -35.99500285981824, "params": {"C": 35955.196635506996, "gamma": 0.059637926287357076}, "datetime": {"datetime": "2021-09-29 09:21:48", "elapsed": 449.288821, "delta": 2.13696}}
{"target": -35.42539123258509, "params": {"C": 39474.33641457609, "gamma": 0.04572279695351131}, "datetime": {"datetime": "2021-09-29 09:21:50", "elapsed": 451.691609, "delta": 2.402788}}
{"target": -36.81808735794819, "params": {"C": 38781.92358157311, "gamma": 0.07636801021076615}, "datetime": {"datetime": "2021-09-29 09:21:53", "elapsed": 454.086574, "delta": 2.394965}}
{"target": -34.97422707946153, "params": {"C": 38609.14800220916, "gamma": 0.03654648568539426}, "datetime": {"datetime": "2021-09-29 09:21:55", "elapsed": 456.364824, "delta": 2.27825}}
{"target": -34.39272751164752, "params": {"C": 36427.792659154424, "gamma": 0.02033058646946989}, "datetime": {"datetime": "2021-09-29 09:21:57", "elapsed": 458.621381, "delta": 2.256557}}
{"target": -36.59848937568699, "params": {"C": 37051.46223003544, "gamma": 0.07236930489977034}, "datetime": {"datetime": "2021-09-29 09:22:01", "elapsed": 462.596549, "delta": 3.975168}}
{"target": -35.185668396965305, "params": {"C": 37619.637920530695, "gamma": 0.041597077432294384}, "datetime": {"datetime": "2021-09-29 09:22:04", "elapsed": 465.561889, "delta": 2.96534}}
{"target": -34.37770343579384, "params": {"C": 37693.455216270755, "gamma": 0.019398057730316224}, "datetime": {"datetime": "2021-09-29 09:22:08", "elapsed": 469.890999, "delta": 4.32911}}
{"target": -36.037851664214806, "params": {"C": 39341.90207794124, "gamma": 0.05834654317745413}, "datetime": {"datetime": "2021-09-29 09:22:11", "elapsed": 472.561611, "delta": 2.670612}}
{"target": -36.01593397908026, "params": {"C": 39367.30266995891, "gamma": 0.057897373807009274}, "datetime": {"datetime": "2021-09-29 09:22:14", "elapsed": 475.455831, "delta": 2.89422}}
{"target": -34.40922146559692, "params": {"C": 35660.44971170023, "gamma": 0.02125149945656879}, "datetime": {"datetime": "2021-09-29 09:22:16", "elapsed": 477.738196, "delta": 2.282365}}
{"target": -35.730358602528966, "params": {"C": 38094.2612695708, "gamma": 0.05277538454548206}, "datetime": {"datetime": "2021-09-29 09:22:19", "elapsed": 480.313389, "delta": 2.575193}}
{"target": -35.744470251526394, "params": {"C": 37965.67345614287, "gamma": 0.053128507810350584}, "datetime": {"datetime": "2021-09-29 09:22:21", "elapsed": 482.012147, "delta": 1.698758}}
{"target": -35.430858557505445, "params": {"C": 39242.42135086238, "gamma": 0.005095974252584382}, "datetime": {"datetime": "2021-09-29 09:22:23", "elapsed": 484.177222, "delta": 2.165075}}
{"target": -34.7445847153621, "params": {"C": 35544.22041681299, "gamma": 0.03235486840631579}, "datetime": {"datetime": "2021-09-29 09:22:25", "elapsed": 486.193448, "delta": 2.016226}}
{"target": -34.567320998777376, "params": {"C": 35955.27434455543, "gamma": 0.027014421073659464}, "datetime": {"datetime": "2021-09-29 09:22:27", "elapsed": 488.610997, "delta": 2.417549}}
{"target": -36.78237139142426, "params": {"C": 37841.33930704804, "gamma": 0.07632707821672204}, "datetime": {"datetime": "2021-09-29 09:22:30", "elapsed": 491.004793, "delta": 2.393796}}
{"target": -36.15022608337377, "params": {"C": 37693.493866120596, "gamma": 0.06174369991134691}, "datetime": {"datetime": "2021-09-29 09:22:32", "elapsed": 493.401943, "delta": 2.39715}}
{"target": -35.47315474682595, "params": {"C": 37476.5837108174, "gamma": 0.047722443454934226}, "datetime": {"datetime": "2021-09-29 09:22:34", "elapsed": 495.319945, "delta": 1.918002}}
{"target": -34.26522300740666, "params": {"C": 38835.96294739008, "gamma": 0.01400411387278495}, "datetime": {"datetime": "2021-09-29 09:22:37", "elapsed": 498.148134, "delta": 2.828189}}
{"target": -36.932064036866, "params": {"C": 38072.22662888173, "gamma": 0.08000413767774449}, "datetime": {"datetime": "2021-09-29 09:22:39", "elapsed": 500.066501, "delta": 1.918367}}
{"target": -35.02059812437702, "params": {"C": 35312.87974828737, "gamma": 0.03902216322277974}, "datetime": {"datetime": "2021-09-29 09:22:41", "elapsed": 501.951304, "delta": 1.884803}}
{"target": -37.1715577601169, "params": {"C": 35064.06110618432, "gamma": 0.08970870335795997}, "datetime": {"datetime": "2021-09-29 09:22:42", "elapsed": 503.872435, "delta": 1.921131}}
{"target": -37.20604561053602, "params": {"C": 36183.397647902486, "gamma": 0.0891524714081421}, "datetime": {"datetime": "2021-09-29 09:22:44", "elapsed": 505.669648, "delta": 1.797213}}
{"target": -36.482332959839184, "params": {"C": 39394.265340758124, "gamma": 0.06769978475318619}, "datetime": {"datetime": "2021-09-29 09:22:47", "elapsed": 507.997859, "delta": 2.328211}}
{"target": -35.27750989828761, "params": {"C": 39659.79840202984, "gamma": 0.04256964515866006}, "datetime": {"datetime": "2021-09-29 09:22:49", "elapsed": 510.606183, "delta": 2.608324}}
{"target": -34.29634269700152, "params": {"C": 39394.19617575603, "gamma": 0.011312163361688062}, "datetime": {"datetime": "2021-09-29 09:22:52", "elapsed": 513.085021, "delta": 2.478838}}
{"target": -34.61493427603714, "params": {"C": 37242.95127353259, "gamma": 0.028223509742176068}, "datetime": {"datetime": "2021-09-29 09:22:56", "elapsed": 517.092378, "delta": 4.007357}}
{"target": -36.52031633791194, "params": {"C": 37258.49471390273, "gamma": 0.07031854295706429}, "datetime": {"datetime": "2021-09-29 09:22:57", "elapsed": 518.881721, "delta": 1.789343}}
{"target": -35.0932539655075, "params": {"C": 38979.82597761997, "gamma": 0.038953538417064046}, "datetime": {"datetime": "2021-09-29 09:23:00", "elapsed": 521.839476, "delta": 2.957755}}
{"target": -35.56779467647896, "params": {"C": 35120.96792430637, "gamma": 0.05091187791831491}, "datetime": {"datetime": "2021-09-29 09:23:03", "elapsed": 524.528785, "delta": 2.689309}}
{"target": -34.915163212620435, "params": {"C": 39329.78637130096, "gamma": 0.006696988875912597}, "datetime": {"datetime": "2021-09-29 09:23:06", "elapsed": 527.587882, "delta": 3.059097}}
{"target": -34.522460515490195, "params": {"C": 38335.5424831558, "gamma": 0.008642567367534448}, "datetime": {"datetime": "2021-09-29 09:23:10", "elapsed": 531.616956, "delta": 4.029074}}
{"target": -35.57456261040245, "params": {"C": 37619.56660757752, "gamma": 0.049768163626824645}, "datetime": {"datetime": "2021-09-29 09:23:13", "elapsed": 534.270393, "delta": 2.653437}}
{"target": -36.82267070891017, "params": {"C": 36366.659584528476, "gamma": 0.07896214115651785}, "datetime": {"datetime": "2021-09-29 09:23:17", "elapsed": 538.006237, "delta": 3.735844}}
{"target": -34.907414689114425, "params": {"C": 37030.81846979394, "gamma": 0.03574875955526857}, "datetime": {"datetime": "2021-09-29 09:23:19", "elapsed": 540.080615, "delta": 2.074378}}
{"target": -36.98773197570549, "params": {"C": 36427.81182233905, "gamma": 0.08332363272565674}, "datetime": {"datetime": "2021-09-29 09:23:21", "elapsed": 542.309856, "delta": 2.229241}}
{"target": -36.883237080911115, "params": {"C": 36485.558324672515, "gamma": 0.080447398605432}, "datetime": {"datetime": "2021-09-29 09:23:23", "elapsed": 544.236039, "delta": 1.926183}}
{"target": -35.050501876314314, "params": {"C": 37378.03054249901, "gamma": 0.03872832860031595}, "datetime": {"datetime": "2021-09-29 09:23:25", "elapsed": 546.271184, "delta": 2.035145}}
{"target": -34.86541182158345, "params": {"C": 35435.80863586573, "gamma": 0.0354988642392026}, "datetime": {"datetime": "2021-09-29 09:23:28", "elapsed": 549.534592, "delta": 3.263408}}
{"target": -35.65850598696961, "params": {"C": 36821.66673637574, "gamma": 0.05196166784384927}, "datetime": {"datetime": "2021-09-29 09:23:30", "elapsed": 551.664764, "delta": 2.130172}}
{"target": -34.599458998003676, "params": {"C": 38072.07260865512, "gamma": 0.027411306983687687}, "datetime": {"datetime": "2021-09-29 09:23:34", "elapsed": 555.097027, "delta": 3.432263}}
{"target": -36.5754461714461, "params": {"C": 36534.850209539305, "gamma": 0.0722827796688035}, "datetime": {"datetime": "2021-09-29 09:23:36", "elapsed": 556.97371, "delta": 1.876683}}
{"target": -35.921465367780236, "params": {"C": 35660.4512317425, "gamma": 0.05821936826349543}, "datetime": {"datetime": "2021-09-29 09:23:40", "elapsed": 561.18999, "delta": 4.21628}}
{"target": -35.65779540340293, "params": {"C": 35070.9486733709, "gamma": 0.052909732415186435}, "datetime": {"datetime": "2021-09-29 09:23:42", "elapsed": 563.280391, "delta": 2.090401}}
{"target": -36.549859523678734, "params": {"C": 37894.35566451269, "gamma": 0.07045814040682372}, "datetime": {"datetime": "2021-09-29 09:23:44", "elapsed": 565.371839, "delta": 2.091448}}
{"target": -34.60650008475943, "params": {"C": 37789.40364235322, "gamma": 0.02774562638613435}, "datetime": {"datetime": "2021-09-29 09:23:47", "elapsed": 568.808709, "delta": 3.43687}}
{"target": -34.69715607423646, "params": {"C": 36390.476316503526, "gamma": 0.007782031823075665}, "datetime": {"datetime": "2021-09-29 09:23:50", "elapsed": 571.521177, "delta": 2.712468}}
{"target": -35.83257152273555, "params": {"C": 38185.21573552452, "gamma": 0.0547892975498656}, "datetime": {"datetime": "2021-09-29 09:23:54", "elapsed": 575.633434, "delta": 4.112257}}
{"target": -34.63815833133953, "params": {"C": 38409.92202066788, "gamma": 0.0079053704642998}, "datetime": {"datetime": "2021-09-29 09:23:56", "elapsed": 577.677091, "delta": 2.043657}}
{"target": -35.990809274704795, "params": {"C": 38609.23063114777, "gamma": 0.05783675127633025}, "datetime": {"datetime": "2021-09-29 09:24:00", "elapsed": 581.554357, "delta": 3.877266}}
{"target": -34.62000235197997, "params": {"C": 36280.19926810665, "gamma": 0.028743337206759773}, "datetime": {"datetime": "2021-09-29 09:24:04", "elapsed": 585.084527, "delta": 3.53017}}
{"target": -35.098421968208115, "params": {"C": 35389.895224900916, "gamma": 0.04073947631840547}, "datetime": {"datetime": "2021-09-29 09:24:07", "elapsed": 588.430836, "delta": 3.346309}}
{"target": -36.35226829920597, "params": {"C": 36936.8573563215, "gamma": 0.06681255115365754}, "datetime": {"datetime": "2021-09-29 09:24:09", "elapsed": 590.61212, "delta": 2.181284}}
{"target": -36.20362310324271, "params": {"C": 36390.461430562566, "gamma": 0.06385589453970533}, "datetime": {"datetime": "2021-09-29 09:24:13", "elapsed": 594.169645, "delta": 3.557525}}
{"target": -35.41237355682009, "params": {"C": 38211.347438077326, "gamma": 0.046084636653043694}, "datetime": {"datetime": "2021-09-29 09:24:16", "elapsed": 597.627034, "delta": 3.457389}}
{"target": -34.41903059307729, "params": {"C": 39367.2448305039, "gamma": 0.02082673061208265}, "datetime": {"datetime": "2021-09-29 09:24:19", "elapsed": 600.595969, "delta": 2.968935}}
{"target": -35.8282817449765, "params": {"C": 38072.10257658994, "gamma": 0.05476644097118424}, "datetime": {"datetime": "2021-09-29 09:24:22", "elapsed": 603.692773, "delta": 3.096804}}
{"target": -35.241773266389856, "params": {"C": 36280.250936331904, "gamma": 0.043433492045692836}, "datetime": {"datetime": "2021-09-29 09:24:25", "elapsed": 606.334533, "delta": 2.64176}}
{"target": -37.448613090011804, "params": {"C": 35163.61485164406, "gamma": 0.09705096120971375}, "datetime": {"datetime": "2021-09-29 09:24:27", "elapsed": 608.507552, "delta": 2.173019}}
{"target": -35.16303224396701, "params": {"C": 38003.17928124255, "gamma": 0.04091420419993662}, "datetime": {"datetime": "2021-09-29 09:24:29", "elapsed": 610.594404, "delta": 2.086852}}
{"target": -35.71209267969671, "params": {"C": 35620.82542284658, "gamma": 0.053796941524973406}, "datetime": {"datetime": "2021-09-29 09:24:32", "elapsed": 612.935666, "delta": 2.341262}}
{"target": -37.199148514527636, "params": {"C": 36625.65759737416, "gamma": 0.08840311887035894}, "datetime": {"datetime": "2021-09-29 09:24:34", "elapsed": 615.329779, "delta": 2.394113}}
{"target": -34.900401552619606, "params": {"C": 35626.02101132752, "gamma": 0.036193963100654064}, "datetime": {"datetime": "2021-09-29 09:24:37", "elapsed": 618.807099, "delta": 3.47732}}
