{"target": -35.7632320457462, "params": {"C": 2358.5939754924634, "gamma": 0.11643595229355719}, "datetime": {"datetime": "2021-09-28 14:42:57", "elapsed": 81.853799, "delta": 0.897355}}
{"target": -34.78849419036977, "params": {"C": 2878.9096520941107, "gamma": 0.04803380240813483}, "datetime": {"datetime": "2021-09-28 14:42:58", "elapsed": 82.757797, "delta": 0.903998}}
{"target": -35.87542496582443, "params": {"C": 2568.2676809568593, "gamma": 0.016143944997159584}, "datetime": {"datetime": "2021-09-28 14:42:59", "elapsed": 83.668454, "delta": 0.910657}}
{"target": -37.00608545114733, "params": {"C": 2450.330530864637, "gamma": 0.008757937446461918}, "datetime": {"datetime": "2021-09-28 14:43:00", "elapsed": 84.483714, "delta": 0.81526}}
{"target": -34.86274067050667, "params": {"C": 2878.8520626609875, "gamma": 0.05647839399778198}, "datetime": {"datetime": "2021-09-28 14:43:01", "elapsed": 85.551717, "delta": 1.068003}}
{"target": -36.249061172936365, "params": {"C": 2710.756738064714, "gamma": 0.14961236344659085}, "datetime": {"datetime": "2021-09-28 14:43:02", "elapsed": 86.31468, "delta": 0.762963}}
{"target": -35.23728955180167, "params": {"C": 2125.6271307329116, "gamma": 0.08009161534727}, "datetime": {"datetime": "2021-09-28 14:43:03", "elapsed": 87.213687, "delta": 0.899007}}
{"target": -34.895258710691266, "params": {"C": 2261.923257003805, "gamma": 0.05265734583344781}, "datetime": {"datetime": "2021-09-28 14:43:03", "elapsed": 87.921636, "delta": 0.707949}}
{"target": -34.76704166149322, "params": {"C": 2822.956567153293, "gamma": 0.0428885215235449}, "datetime": {"datetime": "2021-09-28 14:43:04", "elapsed": 88.644637, "delta": 0.723001}}
{"target": -36.13641136934837, "params": {"C": 2425.7663188190427, "gamma": 0.14105499198294066}, "datetime": {"datetime": "2021-09-28 14:43:05", "elapsed": 89.286635, "delta": 0.641998}}
{"target": -34.80065789160197, "params": {"C": 2568.279124079788, "gamma": 0.043509369451541824}, "datetime": {"datetime": "2021-09-28 14:43:05", "elapsed": 89.968568, "delta": 0.681933}}
{"target": -35.340404838764286, "params": {"C": 2822.9549764048134, "gamma": 0.02105695185197652}, "datetime": {"datetime": "2021-09-28 14:43:06", "elapsed": 90.77357, "delta": 0.805002}}
{"target": -34.848336653554426, "params": {"C": 2250.1592145071554, "gamma": 0.04217536658625869}, "datetime": {"datetime": "2021-09-28 14:43:07", "elapsed": 91.543568, "delta": 0.769998}}
{"target": -35.03323864778276, "params": {"C": 2406.1645592320383, "gamma": 0.06724346952844898}, "datetime": {"datetime": "2021-09-28 14:43:08", "elapsed": 92.249127, "delta": 0.705559}}
{"target": -36.517794804088794, "params": {"C": 2798.611843707974, "gamma": 0.17044017230754974}, "datetime": {"datetime": "2021-09-28 14:43:09", "elapsed": 93.184658, "delta": 0.935531}}
{"target": -34.79692413112864, "params": {"C": 2878.882473707328, "gamma": 0.049316204197563905}, "datetime": {"datetime": "2021-09-28 14:43:10", "elapsed": 94.240665, "delta": 1.056007}}
{"target": -35.261272460604786, "params": {"C": 2261.895521268061, "gamma": 0.08287448090397678}, "datetime": {"datetime": "2021-09-28 14:43:11", "elapsed": 95.302665, "delta": 1.062}}
{"target": -35.01981585050366, "params": {"C": 2108.862821457975, "gamma": 0.06300569235817027}, "datetime": {"datetime": "2021-09-28 14:43:12", "elapsed": 96.850203, "delta": 1.547538}}
{"target": -34.82426900182553, "params": {"C": 2822.9058430640252, "gamma": 0.05229035276535257}, "datetime": {"datetime": "2021-09-28 14:43:13", "elapsed": 97.935893, "delta": 1.08569}}
{"target": -36.534863821960236, "params": {"C": 2155.898649774399, "gamma": 0.17147870912198054}, "datetime": {"datetime": "2021-09-28 14:43:14", "elapsed": 98.730888, "delta": 0.794995}}
{"target": -37.2984798827317, "params": {"C": 2250.129840808887, "gamma": 0.007711877994184503}, "datetime": {"datetime": "2021-09-28 14:43:15", "elapsed": 99.798, "delta": 1.067112}}
{"target": -35.33299521548348, "params": {"C": 2450.3934937242807, "gamma": 0.08929103051552684}, "datetime": {"datetime": "2021-09-28 14:43:16", "elapsed": 100.835999, "delta": 1.037999}}
{"target": -35.17264363827564, "params": {"C": 2261.9534354597995, "gamma": 0.026734698077912865}, "datetime": {"datetime": "2021-09-28 14:43:17", "elapsed": 101.822652, "delta": 0.986653}}
{"target": -35.362993532669215, "params": {"C": 2822.90470211873, "gamma": 0.09321784301144075}, "datetime": {"datetime": "2021-09-28 14:43:18", "elapsed": 102.909649, "delta": 1.086997}}
{"target": -34.83125460998123, "params": {"C": 2816.9087792579303, "gamma": 0.030808847527601078}, "datetime": {"datetime": "2021-09-28 14:43:19", "elapsed": 103.956372, "delta": 1.046723}}
{"target": -37.67550236902629, "params": {"C": 2261.9006006768227, "gamma": 0.005844996814830627}, "datetime": {"datetime": "2021-09-28 14:43:20", "elapsed": 104.917902, "delta": 0.96153}}
{"target": -35.18884898330719, "params": {"C": 2051.601075225773, "gamma": 0.07587056594792714}, "datetime": {"datetime": "2021-09-28 14:43:22", "elapsed": 106.346813, "delta": 1.428911}}
{"target": -35.09352483789082, "params": {"C": 2822.927289239319, "gamma": 0.0741638073822354}, "datetime": {"datetime": "2021-09-28 14:43:23", "elapsed": 107.434816, "delta": 1.088003}}
{"target": -34.77140559197828, "params": {"C": 2822.9886749850407, "gamma": 0.037536474534645724}, "datetime": {"datetime": "2021-09-28 14:43:24", "elapsed": 108.456795, "delta": 1.021979}}
{"target": -35.19318173995096, "params": {"C": 2578.819955432922, "gamma": 0.07992829143993516}, "datetime": {"datetime": "2021-09-28 14:43:25", "elapsed": 109.419638, "delta": 0.962843}}
{"target": -35.28905590403652, "params": {"C": 2658.786425265259, "gamma": 0.08719134208574603}, "datetime": {"datetime": "2021-09-28 14:43:26", "elapsed": 110.493721, "delta": 1.074083}}
{"target": -36.22653699735196, "params": {"C": 2163.527266091962, "gamma": 0.14620420674946322}, "datetime": {"datetime": "2021-09-28 14:43:27", "elapsed": 111.33471, "delta": 0.840989}}
{"target": -34.962583444339465, "params": {"C": 2348.7701288775424, "gamma": 0.06146135757048641}, "datetime": {"datetime": "2021-09-28 14:43:28", "elapsed": 112.30971, "delta": 0.975}}
{"target": -34.926770683414546, "params": {"C": 2035.2023712121402, "gamma": 0.0516804606661706}, "datetime": {"datetime": "2021-09-28 14:43:29", "elapsed": 113.833668, "delta": 1.523958}}
{"target": -35.040213924269366, "params": {"C": 2878.8866538593147, "gamma": 0.02463696080922725}, "datetime": {"datetime": "2021-09-28 14:43:30", "elapsed": 115.181685, "delta": 1.348017}}
{"target": -35.741854580104985, "params": {"C": 2051.250974300839, "gamma": 0.02009899586227289}, "datetime": {"datetime": "2021-09-28 14:43:32", "elapsed": 116.58304, "delta": 1.401355}}
{"target": -35.116249139440825, "params": {"C": 2261.9562276345446, "gamma": 0.0722564067278801}, "datetime": {"datetime": "2021-09-28 14:43:33", "elapsed": 118.053241, "delta": 1.470201}}
{"target": -36.08210073326364, "params": {"C": 2868.9781261062285, "gamma": 0.13842760691174644}, "datetime": {"datetime": "2021-09-28 14:43:34", "elapsed": 118.856318, "delta": 0.803077}}
{"target": -35.146128502078994, "params": {"C": 2823.008618687735, "gamma": 0.07786070642975386}, "datetime": {"datetime": "2021-09-28 14:43:35", "elapsed": 119.952531, "delta": 1.096213}}
{"target": -35.21898304040709, "params": {"C": 2261.8899952643874, "gamma": 0.07978082355793946}, "datetime": {"datetime": "2021-09-28 14:43:36", "elapsed": 120.931531, "delta": 0.979}}
{"target": -35.84344976899922, "params": {"C": 2215.885294843858, "gamma": 0.12058118764558258}, "datetime": {"datetime": "2021-09-28 14:43:37", "elapsed": 121.857534, "delta": 0.926003}}
{"target": -35.097016895337376, "params": {"C": 2568.2690980735006, "gamma": 0.07299108127329931}, "datetime": {"datetime": "2021-09-28 14:43:38", "elapsed": 123.053532, "delta": 1.195998}}
{"target": -36.647761776309004, "params": {"C": 2957.6614977044364, "gamma": 0.18132288030853505}, "datetime": {"datetime": "2021-09-28 14:43:39", "elapsed": 124.14406, "delta": 1.090528}}
{"target": -34.83221301481797, "params": {"C": 2878.9508297822154, "gamma": 0.053752390132457355}, "datetime": {"datetime": "2021-09-28 14:43:41", "elapsed": 125.206166, "delta": 1.062106}}
{"target": -36.525261450043686, "params": {"C": 2064.7751853733403, "gamma": 0.16986238684531615}, "datetime": {"datetime": "2021-09-28 14:43:41", "elapsed": 126.141163, "delta": 0.934997}}
{"target": -34.934232179143635, "params": {"C": 2035.2423909268316, "gamma": 0.052572179783174904}, "datetime": {"datetime": "2021-09-28 14:43:43", "elapsed": 127.62923, "delta": 1.488067}}
{"target": -36.75202584141404, "params": {"C": 2799.7989416621067, "gamma": 0.19140812705152682}, "datetime": {"datetime": "2021-09-28 14:43:44", "elapsed": 128.676763, "delta": 1.047533}}
{"target": -34.85753157278438, "params": {"C": 2816.9385689786313, "gamma": 0.05567707585509078}, "datetime": {"datetime": "2021-09-28 14:43:45", "elapsed": 129.983592, "delta": 1.306829}}
{"target": -35.37305972262196, "params": {"C": 2822.971768184902, "gamma": 0.09394518040332579}, "datetime": {"datetime": "2021-09-28 14:43:47", "elapsed": 131.496589, "delta": 1.512997}}
{"target": -35.6849361265893, "params": {"C": 2280.1549847178467, "gamma": 0.111218064574119}, "datetime": {"datetime": "2021-09-28 14:43:48", "elapsed": 132.691586, "delta": 1.194997}}
{"target": -34.79624747689422, "params": {"C": 2878.9697014610215, "gamma": 0.03312733695346976}, "datetime": {"datetime": "2021-09-28 14:43:49", "elapsed": 133.973981, "delta": 1.282395}}
{"target": -36.20449718817568, "params": {"C": 2928.0841508068434, "gamma": 0.14672430807554077}, "datetime": {"datetime": "2021-09-28 14:43:50", "elapsed": 134.912672, "delta": 0.938691}}
{"target": -35.2189979670973, "params": {"C": 2878.9438080842724, "gamma": 0.08322299830218625}, "datetime": {"datetime": "2021-09-28 14:43:52", "elapsed": 136.723893, "delta": 1.811221}}
{"target": -35.452292251783454, "params": {"C": 2816.922070880999, "gamma": 0.09896646192714645}, "datetime": {"datetime": "2021-09-28 14:43:53", "elapsed": 137.912423, "delta": 1.18853}}
{"target": -35.802699650568044, "params": {"C": 2406.1761280201363, "gamma": 0.11913576971434904}, "datetime": {"datetime": "2021-09-28 14:43:54", "elapsed": 139.170419, "delta": 1.257996}}
{"target": -34.95452723637319, "params": {"C": 2816.9424150874797, "gamma": 0.026289331900373802}, "datetime": {"datetime": "2021-09-28 14:43:56", "elapsed": 140.260554, "delta": 1.090135}}
{"target": -35.61620126838608, "params": {"C": 2878.956085006531, "gamma": 0.017721729063684844}, "datetime": {"datetime": "2021-09-28 14:43:57", "elapsed": 141.67137, "delta": 1.410816}}
{"target": -35.211079252007885, "params": {"C": 2056.846839543985, "gamma": 0.0775720970137148}, "datetime": {"datetime": "2021-09-28 14:43:58", "elapsed": 142.650687, "delta": 0.979317}}
{"target": -35.21832258225746, "params": {"C": 2146.5107165614118, "gamma": 0.07885784023180285}, "datetime": {"datetime": "2021-09-28 14:43:59", "elapsed": 143.634685, "delta": 0.983998}}
{"target": -34.86591938291902, "params": {"C": 2348.7477198276642, "gamma": 0.0361399155618014}, "datetime": {"datetime": "2021-09-28 14:44:00", "elapsed": 144.850953, "delta": 1.216268}}
{"target": -35.578233754806945, "params": {"C": 2035.2632229036403, "gamma": 0.02234005121820359}, "datetime": {"datetime": "2021-09-28 14:44:01", "elapsed": 145.915063, "delta": 1.06411}}
{"target": -34.91800023335892, "params": {"C": 2823.013929053669, "gamma": 0.027056293425955114}, "datetime": {"datetime": "2021-09-28 14:44:02", "elapsed": 147.112638, "delta": 1.197575}}
{"target": -35.12795269885503, "params": {"C": 2125.210833457147, "gamma": 0.07198669525375066}, "datetime": {"datetime": "2021-09-28 14:44:04", "elapsed": 148.759742, "delta": 1.647104}}
{"target": -36.735637105230644, "params": {"C": 2220.4526204217364, "gamma": 0.19019392133700505}, "datetime": {"datetime": "2021-09-28 14:44:05", "elapsed": 149.804599, "delta": 1.044857}}
{"target": -35.00574506480793, "params": {"C": 2406.1175243232706, "gamma": 0.06519939934424811}, "datetime": {"datetime": "2021-09-28 14:44:07", "elapsed": 151.324096, "delta": 1.519497}}
{"target": -35.20340183263147, "params": {"C": 2823.067895507301, "gamma": 0.08188239210701907}, "datetime": {"datetime": "2021-09-28 14:44:08", "elapsed": 152.720619, "delta": 1.396523}}
{"target": -35.31246278291802, "params": {"C": 2878.9998165023785, "gamma": 0.08981907877874463}, "datetime": {"datetime": "2021-09-28 14:44:10", "elapsed": 154.302364, "delta": 1.581745}}
{"target": -35.83036392282739, "params": {"C": 2414.6669896815665, "gamma": 0.12090952832209068}, "datetime": {"datetime": "2021-09-28 14:44:11", "elapsed": 155.349367, "delta": 1.047003}}
{"target": -35.213119560585355, "params": {"C": 2348.728147289402, "gamma": 0.07995591143345855}, "datetime": {"datetime": "2021-09-28 14:44:12", "elapsed": 156.384071, "delta": 1.034704}}
{"target": -35.866985163473714, "params": {"C": 2516.070816997312, "gamma": 0.12372665221023305}, "datetime": {"datetime": "2021-09-28 14:44:13", "elapsed": 157.365073, "delta": 0.981002}}
{"target": -34.956424569615464, "params": {"C": 2605.135645627222, "gamma": 0.06298539095887747}, "datetime": {"datetime": "2021-09-28 14:44:14", "elapsed": 158.431835, "delta": 1.066762}}
{"target": -35.699395612087635, "params": {"C": 2561.682411048776, "gamma": 0.11364009225558858}, "datetime": {"datetime": "2021-09-28 14:44:15", "elapsed": 159.490838, "delta": 1.059003}}
{"target": -34.84003655715333, "params": {"C": 2721.8380573542063, "gamma": 0.03152606366253069}, "datetime": {"datetime": "2021-09-28 14:44:16", "elapsed": 160.799954, "delta": 1.309116}}
{"target": -34.88438088324339, "params": {"C": 2348.7910638815633, "gamma": 0.03467228047169205}, "datetime": {"datetime": "2021-09-28 14:44:18", "elapsed": 162.334195, "delta": 1.534241}}
{"target": -34.94861911667678, "params": {"C": 2816.8845245731086, "gamma": 0.06338610392023414}, "datetime": {"datetime": "2021-09-28 14:44:19", "elapsed": 163.653201, "delta": 1.319006}}
{"target": -34.8778465156871, "params": {"C": 2721.852098935915, "gamma": 0.05693104271823259}, "datetime": {"datetime": "2021-09-28 14:44:21", "elapsed": 165.245218, "delta": 1.592017}}
{"target": -35.08193907309492, "params": {"C": 2721.817317289223, "gamma": 0.07281051419370271}, "datetime": {"datetime": "2021-09-28 14:44:22", "elapsed": 166.971934, "delta": 1.726716}}
{"target": -36.80499210198319, "params": {"C": 2159.0109027650205, "gamma": 0.19700239975639977}, "datetime": {"datetime": "2021-09-28 14:44:24", "elapsed": 168.344832, "delta": 1.372898}}
{"target": -34.93203086540178, "params": {"C": 2508.552275546907, "gamma": 0.060401887364412495}, "datetime": {"datetime": "2021-09-28 14:44:25", "elapsed": 169.574604, "delta": 1.229772}}
{"target": -36.70968686929599, "params": {"C": 2970.6028441658686, "gamma": 0.1870353954057611}, "datetime": {"datetime": "2021-09-28 14:44:26", "elapsed": 170.973027, "delta": 1.398423}}
{"target": -35.356260750377984, "params": {"C": 2605.1478534242815, "gamma": 0.09178580478762327}, "datetime": {"datetime": "2021-09-28 14:44:28", "elapsed": 172.728899, "delta": 1.755872}}
{"target": -35.26538465651592, "params": {"C": 2894.9317245900847, "gamma": 0.08655000715792494}, "datetime": {"datetime": "2021-09-28 14:44:30", "elapsed": 174.998537, "delta": 2.269638}}
{"target": -34.786093164626365, "params": {"C": 2822.8716192022835, "gamma": 0.03531320015915306}, "datetime": {"datetime": "2021-09-28 14:44:32", "elapsed": 176.490481, "delta": 1.491944}}
{"target": -36.03907453848023, "params": {"C": 2815.7472842074476, "gamma": 0.13558910471694405}, "datetime": {"datetime": "2021-09-28 14:44:33", "elapsed": 177.769479, "delta": 1.278998}}
{"target": -34.853497216918484, "params": {"C": 2250.195151098833, "gamma": 0.040600887553261696}, "datetime": {"datetime": "2021-09-28 14:44:35", "elapsed": 179.664481, "delta": 1.895002}}
{"target": -34.831047676039695, "params": {"C": 2721.889805485612, "gamma": 0.051729167690168505}, "datetime": {"datetime": "2021-09-28 14:44:37", "elapsed": 181.467525, "delta": 1.803044}}
{"target": -34.86156484858407, "params": {"C": 2816.8437583482073, "gamma": 0.029409751665897484}, "datetime": {"datetime": "2021-09-28 14:44:38", "elapsed": 183.129029, "delta": 1.661504}}
{"target": -35.20714622105592, "params": {"C": 2508.5917651481914, "gamma": 0.08052581348991886}, "datetime": {"datetime": "2021-09-28 14:44:40", "elapsed": 185.052657, "delta": 1.923628}}
{"target": -34.89433909197175, "params": {"C": 2822.9074508358117, "gamma": 0.027964616021200338}, "datetime": {"datetime": "2021-09-28 14:44:42", "elapsed": 186.825912, "delta": 1.773255}}
{"target": -37.133750954015866, "params": {"C": 2348.7155411363005, "gamma": 0.008337029496464686}, "datetime": {"datetime": "2021-09-28 14:44:44", "elapsed": 188.827032, "delta": 2.00112}}
{"target": -34.79858026063861, "params": {"C": 2878.831088842512, "gamma": 0.04955829496095828}, "datetime": {"datetime": "2021-09-28 14:44:45", "elapsed": 190.1159, "delta": 1.288868}}
{"target": -34.91727832746156, "params": {"C": 2323.7389309265764, "gamma": 0.0566242321661986}, "datetime": {"datetime": "2021-09-28 14:44:47", "elapsed": 191.481899, "delta": 1.365999}}
{"target": -34.98260986962184, "params": {"C": 2816.8667919954482, "gamma": 0.025840175019393674}, "datetime": {"datetime": "2021-09-28 14:44:48", "elapsed": 193.12473, "delta": 1.642831}}
{"target": -34.75591918667073, "params": {"C": 2879.036146686431, "gamma": 0.041731080496430394}, "datetime": {"datetime": "2021-09-28 14:44:50", "elapsed": 194.691728, "delta": 1.566998}}
{"target": -37.247083788915475, "params": {"C": 2035.198423602436, "gamma": 0.008654252425239315}, "datetime": {"datetime": "2021-09-28 14:44:52", "elapsed": 196.200114, "delta": 1.508386}}
{"target": -34.91805383974611, "params": {"C": 2693.220149394456, "gamma": 0.06024821352115291}, "datetime": {"datetime": "2021-09-28 14:44:53", "elapsed": 197.319113, "delta": 1.118999}}
{"target": -35.13402716996067, "params": {"C": 2879.068675563214, "gamma": 0.077276572846616}, "datetime": {"datetime": "2021-09-28 14:44:56", "elapsed": 200.191265, "delta": 2.872152}}
{"target": -36.609114625624606, "params": {"C": 2832.6706595021437, "gamma": 0.1780395147424654}, "datetime": {"datetime": "2021-09-28 14:44:57", "elapsed": 201.510789, "delta": 1.319524}}
{"target": -34.87118474259981, "params": {"C": 2323.7782139609835, "gamma": 0.03626135546789782}, "datetime": {"datetime": "2021-09-28 14:44:59", "elapsed": 203.454664, "delta": 1.943875}}
{"target": -35.686259246354325, "params": {"C": 2406.1091845958535, "gamma": 0.018850964368792304}, "datetime": {"datetime": "2021-09-28 14:45:00", "elapsed": 205.120452, "delta": 1.665788}}
{"target": -34.96303414283321, "params": {"C": 2125.262813739008, "gamma": 0.03430693470950905}, "datetime": {"datetime": "2021-09-28 14:45:02", "elapsed": 206.446903, "delta": 1.326451}}
{"target": -34.97066446308094, "params": {"C": 2721.87413523788, "gamma": 0.026620054018465383}, "datetime": {"datetime": "2021-09-28 14:45:04", "elapsed": 208.198729, "delta": 1.751826}}
{"target": -35.43211908758446, "params": {"C": 2605.1421572163426, "gamma": 0.02096402818428444}, "datetime": {"datetime": "2021-09-28 14:45:06", "elapsed": 210.359703, "delta": 2.160974}}
{"target": -34.80669927275971, "params": {"C": 2693.2588208414, "gamma": 0.04760853501937617}, "datetime": {"datetime": "2021-09-28 14:45:08", "elapsed": 212.708734, "delta": 2.349031}}
{"target": -35.01293323315954, "params": {"C": 2693.303870560575, "gamma": 0.06770469272232242}, "datetime": {"datetime": "2021-09-28 14:45:10", "elapsed": 215.019409, "delta": 2.310675}}
{"target": -35.18402264542032, "params": {"C": 2323.811359038388, "gamma": 0.07767101014450167}, "datetime": {"datetime": "2021-09-28 14:45:12", "elapsed": 216.944406, "delta": 1.924997}}
{"target": -36.096752869182666, "params": {"C": 2721.7863308633287, "gamma": 0.013693845980126212}, "datetime": {"datetime": "2021-09-28 14:45:14", "elapsed": 218.595338, "delta": 1.650932}}
{"target": -35.4954872030009, "params": {"C": 2024.6210725667017, "gamma": 0.023611200542222845}, "datetime": {"datetime": "2021-09-28 14:45:15", "elapsed": 220.017234, "delta": 1.421896}}
{"target": -36.74167550981192, "params": {"C": 2347.854091849475, "gamma": 0.19096120315325954}, "datetime": {"datetime": "2021-09-28 14:45:17", "elapsed": 221.477442, "delta": 1.460208}}
{"target": -34.875899246441435, "params": {"C": 2879.0832359022597, "gamma": 0.028183175480809394}, "datetime": {"datetime": "2021-09-28 14:45:19", "elapsed": 224.178616, "delta": 2.701174}}
{"target": -36.57461296293072, "params": {"C": 2471.226899129371, "gamma": 0.1753256298807696}, "datetime": {"datetime": "2021-09-28 14:45:21", "elapsed": 225.466522, "delta": 1.287906}}
{"target": -34.92198991930448, "params": {"C": 2878.998055425953, "gamma": 0.026553456049917528}, "datetime": {"datetime": "2021-09-28 14:45:23", "elapsed": 227.413653, "delta": 1.947131}}
{"target": -35.1959569703488, "params": {"C": 2323.7037324054722, "gamma": 0.07853837438057987}, "datetime": {"datetime": "2021-09-28 14:45:24", "elapsed": 229.074847, "delta": 1.661194}}
{"target": -36.69490411563716, "params": {"C": 2231.0276001472967, "gamma": 0.18631134361796725}, "datetime": {"datetime": "2021-09-28 14:45:26", "elapsed": 230.519303, "delta": 1.444456}}
{"target": -34.89478261135465, "params": {"C": 2693.229703952595, "gamma": 0.029264963876948085}, "datetime": {"datetime": "2021-09-28 14:45:28", "elapsed": 232.818585, "delta": 2.299282}}
{"target": -35.34536759978838, "params": {"C": 2721.8981613228757, "gamma": 0.09152833875112126}, "datetime": {"datetime": "2021-09-28 14:45:30", "elapsed": 234.535772, "delta": 1.717187}}
