{"target": -35.299232213341945, "params": {"C": 2852.999159112669, "gamma": 0.038375952912919536}, "datetime": {"datetime": "2021-09-28 14:53:15", "elapsed": 703.057334, "delta": 3.107986}}
{"target": -35.48293600670277, "params": {"C": 2080.9665269622456, "gamma": 0.03181746224095463}, "datetime": {"datetime": "2021-09-28 14:53:17", "elapsed": 705.218497, "delta": 2.161163}}
{"target": -35.29038907843328, "params": {"C": 2849.2519840974264, "gamma": 0.036988996400087695}, "datetime": {"datetime": "2021-09-28 14:53:20", "elapsed": 707.620677, "delta": 2.40218}}
{"target": -35.26643431779578, "params": {"C": 2999.3429603444583, "gamma": 0.0386643501957619}, "datetime": {"datetime": "2021-09-28 14:53:24", "elapsed": 712.051946, "delta": 4.431269}}
{"target": -35.70922257459079, "params": {"C": 2794.6534434048594, "gamma": 0.010684613171753083}, "datetime": {"datetime": "2021-09-28 14:53:28", "elapsed": 715.54367, "delta": 3.491724}}
{"target": -35.63824710826021, "params": {"C": 2999.340874225721, "gamma": 0.06249418223686022}, "datetime": {"datetime": "2021-09-28 14:53:32", "elapsed": 719.46313, "delta": 3.91946}}
{"target": -35.72595220540343, "params": {"C": 2849.246732627527, "gamma": 0.06448480972015422}, "datetime": {"datetime": "2021-09-28 14:53:35", "elapsed": 723.304808, "delta": 3.841678}}
{"target": -35.459368755288764, "params": {"C": 2450.046803100663, "gamma": 0.04340547176298926}, "datetime": {"datetime": "2021-09-28 14:53:38", "elapsed": 725.744453, "delta": 2.439645}}
{"target": -35.39425103505673, "params": {"C": 2794.6659118454145, "gamma": 0.045914971310815414}, "datetime": {"datetime": "2021-09-28 14:53:41", "elapsed": 728.805447, "delta": 3.060994}}
{"target": -35.42744785577005, "params": {"C": 2849.237947003591, "gamma": 0.01625283494338435}, "datetime": {"datetime": "2021-09-28 14:53:44", "elapsed": 732.027823, "delta": 3.222376}}
{"target": -35.64223678232763, "params": {"C": 2853.0066138281054, "gamma": 0.06066271434218955}, "datetime": {"datetime": "2021-09-28 14:53:49", "elapsed": 736.92792, "delta": 4.900097}}
{"target": -35.40689462382725, "params": {"C": 2817.6147214281973, "gamma": 0.04747064508547404}, "datetime": {"datetime": "2021-09-28 14:53:53", "elapsed": 740.910656, "delta": 3.982736}}
{"target": -35.776498595871395, "params": {"C": 2062.5978959393656, "gamma": 0.011487492132656565}, "datetime": {"datetime": "2021-09-28 14:53:56", "elapsed": 743.682193, "delta": 2.771537}}
{"target": -35.60816720006618, "params": {"C": 2924.863946509791, "gamma": 0.06009301120902517}, "datetime": {"datetime": "2021-09-28 14:54:00", "elapsed": 747.530117, "delta": 3.847924}}
{"target": -35.266622648126884, "params": {"C": 2852.975104018401, "gamma": 0.032033830963386155}, "datetime": {"datetime": "2021-09-28 14:54:03", "elapsed": 751.208423, "delta": 3.678306}}
{"target": -35.968774274706334, "params": {"C": 2925.9096556946206, "gamma": 0.00704960697896027}, "datetime": {"datetime": "2021-09-28 14:54:07", "elapsed": 755.048096, "delta": 3.839673}}
{"target": -35.41495168313576, "params": {"C": 2498.11890755786, "gamma": 0.04011370147911079}, "datetime": {"datetime": "2021-09-28 14:54:10", "elapsed": 757.730861, "delta": 2.682765}}
{"target": -35.402928069401725, "params": {"C": 2794.6306439166797, "gamma": 0.04664429257803324}, "datetime": {"datetime": "2021-09-28 14:54:15", "elapsed": 762.478268, "delta": 4.747407}}
{"target": -35.353016553164125, "params": {"C": 2849.2764464240327, "gamma": 0.043553910629706566}, "datetime": {"datetime": "2021-09-28 14:54:19", "elapsed": 767.177052, "delta": 4.698784}}
{"target": -35.400614868357685, "params": {"C": 2456.0352005549785, "gamma": 0.018737394726008737}, "datetime": {"datetime": "2021-09-28 14:54:22", "elapsed": 770.064385, "delta": 2.887333}}
{"target": -35.31248316132658, "params": {"C": 2925.9271875807062, "gamma": 0.041597378330940786}, "datetime": {"datetime": "2021-09-28 14:54:27", "elapsed": 774.739915, "delta": 4.67553}}
{"target": -35.4174307260766, "params": {"C": 2852.96007110227, "gamma": 0.04912504807422203}, "datetime": {"datetime": "2021-09-28 14:54:31", "elapsed": 778.566394, "delta": 3.826479}}
{"target": -35.860390957494, "params": {"C": 2309.142448635298, "gamma": 0.06218314869414196}, "datetime": {"datetime": "2021-09-28 14:54:34", "elapsed": 781.451098, "delta": 2.884704}}
{"target": -35.642753306957644, "params": {"C": 2999.277560899968, "gamma": 0.06269622899605719}, "datetime": {"datetime": "2021-09-28 14:54:37", "elapsed": 785.270502, "delta": 3.819404}}
{"target": -35.23030157961209, "params": {"C": 2925.940147161684, "gamma": 0.026578622471395898}, "datetime": {"datetime": "2021-09-28 14:54:42", "elapsed": 790.313452, "delta": 5.04295}}
{"target": -36.02213973845238, "params": {"C": 2893.204253108043, "gamma": 0.006489999258571579}, "datetime": {"datetime": "2021-09-28 14:54:45", "elapsed": 793.141566, "delta": 2.828114}}
{"target": -36.00962156099277, "params": {"C": 2849.262915244163, "gamma": 0.006673623491430691}, "datetime": {"datetime": "2021-09-28 14:54:52", "elapsed": 799.489079, "delta": 6.347513}}
{"target": -35.627699015013675, "params": {"C": 2852.9718533912833, "gamma": 0.01204539918508701}, "datetime": {"datetime": "2021-09-28 14:54:55", "elapsed": 802.881382, "delta": 3.392303}}
{"target": -35.78269637877718, "params": {"C": 2942.147111488806, "gamma": 0.009270897337036853}, "datetime": {"datetime": "2021-09-28 14:54:59", "elapsed": 806.934224, "delta": 4.052842}}
{"target": -35.39068841721253, "params": {"C": 2853.1057315625667, "gamma": 0.046858089078669424}, "datetime": {"datetime": "2021-09-28 14:55:03", "elapsed": 811.170435, "delta": 4.236211}}
{"target": -35.322481457115764, "params": {"C": 2949.9110658154905, "gamma": 0.04298085434074825}, "datetime": {"datetime": "2021-09-28 14:55:10", "elapsed": 817.415803, "delta": 6.245368}}
{"target": -36.00092524679858, "params": {"C": 2597.172149432651, "gamma": 0.07353386160109679}, "datetime": {"datetime": "2021-09-28 14:55:12", "elapsed": 820.362622, "delta": 2.946819}}
{"target": -35.34138159698616, "params": {"C": 2657.392486391833, "gamma": 0.036328462987420485}, "datetime": {"datetime": "2021-09-28 14:55:15", "elapsed": 823.302369, "delta": 2.939747}}
{"target": -35.59630230779637, "params": {"C": 2399.8082295708373, "gamma": 0.05157414531199938}, "datetime": {"datetime": "2021-09-28 14:55:18", "elapsed": 826.243153, "delta": 2.940784}}
{"target": -35.346598971070016, "params": {"C": 2657.4208773017017, "gamma": 0.03720509220522732}, "datetime": {"datetime": "2021-09-28 14:55:23", "elapsed": 831.26062, "delta": 5.017467}}
{"target": -36.403195028776466, "params": {"C": 2972.2187522131303, "gamma": 0.003297659426484729}, "datetime": {"datetime": "2021-09-28 14:55:26", "elapsed": 834.184976, "delta": 2.924356}}
{"target": -36.137834857034235, "params": {"C": 2749.821992061734, "gamma": 0.005410398402992423}, "datetime": {"datetime": "2021-09-28 14:55:30", "elapsed": 838.243162, "delta": 4.058186}}
{"target": -35.34872464115439, "params": {"C": 2764.677433148888, "gamma": 0.04120908472957381}, "datetime": {"datetime": "2021-09-28 14:55:35", "elapsed": 842.548842, "delta": 4.30568}}
{"target": -35.36026306377747, "params": {"C": 2701.615965127012, "gamma": 0.040696237940636606}, "datetime": {"datetime": "2021-09-28 14:55:39", "elapsed": 846.681124, "delta": 4.132282}}
{"target": -35.74695445716066, "params": {"C": 2764.6561758605026, "gamma": 0.06428338125756874}, "datetime": {"datetime": "2021-09-28 14:55:43", "elapsed": 850.850306, "delta": 4.169182}}
{"target": -35.31920254587983, "params": {"C": 2745.0342309997836, "gamma": 0.03686587981564348}, "datetime": {"datetime": "2021-09-28 14:55:47", "elapsed": 855.269829, "delta": 4.419523}}
{"target": -35.32732995593605, "params": {"C": 2787.947168976963, "gamma": 0.03962876245706062}, "datetime": {"datetime": "2021-09-28 14:55:50", "elapsed": 858.297961, "delta": 3.028132}}
{"target": -35.2679137633276, "params": {"C": 2794.935527373748, "gamma": 0.02500001135803897}, "datetime": {"datetime": "2021-09-28 14:55:53", "elapsed": 861.039174, "delta": 2.741213}}
{"target": -35.6102109781716, "params": {"C": 2825.389466083609, "gamma": 0.012411702940320683}, "datetime": {"datetime": "2021-09-28 14:55:56", "elapsed": 864.188946, "delta": 3.149772}}
{"target": -35.28228748456719, "params": {"C": 2728.461597208256, "gamma": 0.028541700319253877}, "datetime": {"datetime": "2021-09-28 14:55:59", "elapsed": 867.092603, "delta": 2.903657}}
{"target": -35.30228157880621, "params": {"C": 2657.403696536014, "gamma": 0.02428596403936535}, "datetime": {"datetime": "2021-09-28 14:56:04", "elapsed": 872.087434, "delta": 4.994831}}
{"target": -35.288156980106166, "params": {"C": 2949.897628822887, "gamma": 0.03976894108569759}, "datetime": {"datetime": "2021-09-28 14:56:10", "elapsed": 878.185371, "delta": 6.097937}}
{"target": -36.36779115146807, "params": {"C": 2733.127047883391, "gamma": 0.0037486062734451587}, "datetime": {"datetime": "2021-09-28 14:56:13", "elapsed": 881.179393, "delta": 2.994022}}
{"target": -35.43424906889783, "params": {"C": 2787.9222334445685, "gamma": 0.016228703198346472}, "datetime": {"datetime": "2021-09-28 14:56:20", "elapsed": 887.602892, "delta": 6.423499}}
{"target": -35.2924486238744, "params": {"C": 2852.9986836188823, "gamma": 0.037605139301055156}, "datetime": {"datetime": "2021-09-28 14:56:23", "elapsed": 890.533398, "delta": 2.930506}}
{"target": -35.772161184981584, "params": {"C": 2657.400359569162, "gamma": 0.063863158464812}, "datetime": {"datetime": "2021-09-28 14:56:29", "elapsed": 896.46247, "delta": 5.929072}}
{"target": -35.33344442058926, "params": {"C": 2728.479871575931, "gamma": 0.03852573131088056}, "datetime": {"datetime": "2021-09-28 14:56:34", "elapsed": 902.278319, "delta": 5.815849}}
{"target": -35.35251876976509, "params": {"C": 2448.514229729516, "gamma": 0.027897982037375254}, "datetime": {"datetime": "2021-09-28 14:56:38", "elapsed": 905.48089, "delta": 3.202571}}
{"target": -35.87270317764069, "params": {"C": 2087.2623270274967, "gamma": 0.009909242321653314}, "datetime": {"datetime": "2021-09-28 14:56:41", "elapsed": 908.695908, "delta": 3.215018}}
{"target": -36.20786009847229, "params": {"C": 2794.9357117709706, "gamma": 0.004704699480237256}, "datetime": {"datetime": "2021-09-28 14:56:45", "elapsed": 913.04754, "delta": 4.351632}}
{"target": -35.45146276444808, "params": {"C": 2787.9648705468926, "gamma": 0.015824091590558732}, "datetime": {"datetime": "2021-09-28 14:56:53", "elapsed": 920.818166, "delta": 7.770626}}
{"target": -35.84270307833795, "params": {"C": 2728.4692152312055, "gamma": 0.008837232077999819}, "datetime": {"datetime": "2021-09-28 14:56:57", "elapsed": 924.83285, "delta": 4.014684}}
{"target": -35.316939502144464, "params": {"C": 2764.700102047511, "gamma": 0.021403176724686133}, "datetime": {"datetime": "2021-09-28 14:57:03", "elapsed": 930.841434, "delta": 6.008584}}
{"target": -35.287984400831974, "params": {"C": 2924.865201365846, "gamma": 0.03907070029271241}, "datetime": {"datetime": "2021-09-28 14:57:07", "elapsed": 935.298601, "delta": 4.457167}}
{"target": -35.47797223978038, "params": {"C": 2305.306165143786, "gamma": 0.03998310935689349}, "datetime": {"datetime": "2021-09-28 14:57:10", "elapsed": 938.337093, "delta": 3.038492}}
{"target": -35.42002326213526, "params": {"C": 2794.9615011189985, "gamma": 0.04808642137560829}, "datetime": {"datetime": "2021-09-28 14:57:15", "elapsed": 942.753384, "delta": 4.416291}}
{"target": -35.37601211350492, "params": {"C": 2407.9772870634565, "gamma": 0.030563127116603632}, "datetime": {"datetime": "2021-09-28 14:57:18", "elapsed": 945.725873, "delta": 2.972489}}
{"target": -35.29403860115487, "params": {"C": 2794.93192328395, "gamma": 0.03471351487521757}, "datetime": {"datetime": "2021-09-28 14:57:24", "elapsed": 951.613495, "delta": 5.887622}}
{"target": -35.41351042613749, "params": {"C": 2764.710436003952, "gamma": 0.046890998673103756}, "datetime": {"datetime": "2021-09-28 14:57:28", "elapsed": 956.352114, "delta": 4.738619}}
{"target": -35.350661219587025, "params": {"C": 2787.9702904200485, "gamma": 0.04203092839005365}, "datetime": {"datetime": "2021-09-28 14:57:33", "elapsed": 960.699177, "delta": 4.347063}}
{"target": -35.943697262114455, "params": {"C": 2823.811466235379, "gamma": 0.07413934175323174}, "datetime": {"datetime": "2021-09-28 14:57:36", "elapsed": 964.028191, "delta": 3.329014}}
{"target": -35.280514733042246, "params": {"C": 2862.5900071805627, "gamma": 0.035717257415995164}, "datetime": {"datetime": "2021-09-28 14:57:39", "elapsed": 967.167639, "delta": 3.139448}}
{"target": -35.24039970156001, "params": {"C": 2950.0092277455797, "gamma": 0.031467341967942056}, "datetime": {"datetime": "2021-09-28 14:57:47", "elapsed": 975.386843, "delta": 8.219204}}
{"target": -35.48051566762243, "params": {"C": 2382.849576227707, "gamma": 0.04350181281924112}, "datetime": {"datetime": "2021-09-28 14:57:51", "elapsed": 978.8946, "delta": 3.507757}}
{"target": -35.30575002812948, "params": {"C": 2764.677665933364, "gamma": 0.022221168929328874}, "datetime": {"datetime": "2021-09-28 14:57:57", "elapsed": 984.922931, "delta": 6.028331}}
{"target": -35.30551728308686, "params": {"C": 2862.57105243366, "gamma": 0.03930918460445171}, "datetime": {"datetime": "2021-09-28 14:58:02", "elapsed": 989.819283, "delta": 4.896352}}
{"target": -35.35290016538075, "params": {"C": 2925.9580460317793, "gamma": 0.04515193954824923}, "datetime": {"datetime": "2021-09-28 14:58:15", "elapsed": 1002.459994, "delta": 12.640711}}
{"target": -35.24710609075442, "params": {"C": 2950.039096163906, "gamma": 0.03328840338225779}, "datetime": {"datetime": "2021-09-28 14:58:19", "elapsed": 1007.409331, "delta": 4.949337}}
{"target": -35.288837125244484, "params": {"C": 2745.0175151266067, "gamma": 0.030887604135335155}, "datetime": {"datetime": "2021-09-28 14:58:25", "elapsed": 1012.615194, "delta": 5.205863}}
{"target": -35.26817435731997, "params": {"C": 2794.9566615641666, "gamma": 0.028950862253373073}, "datetime": {"datetime": "2021-09-28 14:58:30", "elapsed": 1018.212413, "delta": 5.597219}}
{"target": -35.43623113291943, "params": {"C": 2168.6881609138127, "gamma": 0.027583957030946852}, "datetime": {"datetime": "2021-09-28 14:58:34", "elapsed": 1021.427041, "delta": 3.214628}}
{"target": -35.56317803115399, "params": {"C": 2860.585350405504, "gamma": 0.056989060894215404}, "datetime": {"datetime": "2021-09-28 14:58:37", "elapsed": 1024.781719, "delta": 3.354678}}
{"target": -35.36776898354194, "params": {"C": 2924.846990543735, "gamma": 0.01746887853267527}, "datetime": {"datetime": "2021-09-28 14:58:46", "elapsed": 1033.79254, "delta": 9.010821}}
{"target": -35.27805274516053, "params": {"C": 2965.4236392684297, "gamma": 0.03906119337774681}, "datetime": {"datetime": "2021-09-28 14:58:52", "elapsed": 1039.909651, "delta": 6.117111}}
{"target": -35.65786618390116, "params": {"C": 2315.9717458899318, "gamma": 0.05310815183456126}, "datetime": {"datetime": "2021-09-28 14:58:55", "elapsed": 1043.193459, "delta": 3.283808}}
{"target": -35.68633427616884, "params": {"C": 2950.0358086052397, "gamma": 0.06402758723014115}, "datetime": {"datetime": "2021-09-28 14:59:07", "elapsed": 1054.64398, "delta": 11.450521}}
{"target": -35.36544041737507, "params": {"C": 2794.6491232599287, "gamma": 0.043479732212746335}, "datetime": {"datetime": "2021-09-28 14:59:12", "elapsed": 1059.781117, "delta": 5.137137}}
{"target": -35.613249963424764, "params": {"C": 2925.9658800283755, "gamma": 0.012183501813814373}, "datetime": {"datetime": "2021-09-28 14:59:17", "elapsed": 1065.314175, "delta": 5.533058}}
{"target": -36.006037962756665, "params": {"C": 2515.2120765348495, "gamma": 0.0071656808501753995}, "datetime": {"datetime": "2021-09-28 14:59:21", "elapsed": 1068.973135, "delta": 3.65896}}
{"target": -35.705666797103746, "params": {"C": 2701.605309332246, "gamma": 0.01088813135680558}, "datetime": {"datetime": "2021-09-28 14:59:32", "elapsed": 1080.297147, "delta": 11.324012}}
{"target": -36.0223681054203, "params": {"C": 2002.5657164789568, "gamma": 0.06329765619832903}, "datetime": {"datetime": "2021-09-28 14:59:36", "elapsed": 1083.878753, "delta": 3.581606}}
{"target": -35.43895339245532, "params": {"C": 2692.271766099277, "gamma": 0.01633572464403475}, "datetime": {"datetime": "2021-09-28 14:59:41", "elapsed": 1088.482337, "delta": 4.603584}}
{"target": -35.52007410152276, "params": {"C": 2728.4466136251212, "gamma": 0.05305596022379146}, "datetime": {"datetime": "2021-09-28 14:59:45", "elapsed": 1092.592987, "delta": 4.11065}}
{"target": -35.56402507444953, "params": {"C": 2749.8397755745664, "gamma": 0.05540924097352137}, "datetime": {"datetime": "2021-09-28 14:59:52", "elapsed": 1100.205328, "delta": 7.612341}}
{"target": -35.3813293248133, "params": {"C": 2604.853898964837, "gamma": 0.04016451779449124}, "datetime": {"datetime": "2021-09-28 14:59:56", "elapsed": 1103.864206, "delta": 3.658878}}
{"target": -36.30769227472647, "params": {"C": 2950.0552090766587, "gamma": 0.003857722305198233}, "datetime": {"datetime": "2021-09-28 15:00:03", "elapsed": 1111.324072, "delta": 7.459866}}
{"target": -35.27295453039292, "params": {"C": 2817.594912309841, "gamma": 0.031425283622464356}, "datetime": {"datetime": "2021-09-28 15:00:11", "elapsed": 1118.55589, "delta": 7.231818}}
{"target": -35.31441260660426, "params": {"C": 2827.353934760691, "gamma": 0.039319236855234176}, "datetime": {"datetime": "2021-09-28 15:00:16", "elapsed": 1123.47625, "delta": 4.92036}}
{"target": -36.08947018412964, "params": {"C": 2483.3801632290483, "gamma": 0.07549061437698737}, "datetime": {"datetime": "2021-09-28 15:00:19", "elapsed": 1126.935667, "delta": 3.459417}}
{"target": -35.38047716337809, "params": {"C": 2448.4919388011335, "gamma": 0.02046849007134764}, "datetime": {"datetime": "2021-09-28 15:00:23", "elapsed": 1130.944957, "delta": 4.00929}}
{"target": -35.37983708682456, "params": {"C": 2862.5829339448564, "gamma": 0.017340043093384192}, "datetime": {"datetime": "2021-09-28 15:00:28", "elapsed": 1135.565247, "delta": 4.62029}}
{"target": -36.33631452053952, "params": {"C": 2882.956924276652, "gamma": 0.0037596644532277373}, "datetime": {"datetime": "2021-09-28 15:00:32", "elapsed": 1140.256387, "delta": 4.69114}}
{"target": -35.466961561897264, "params": {"C": 2536.0253480692622, "gamma": 0.04634530222387872}, "datetime": {"datetime": "2021-09-28 15:00:37", "elapsed": 1144.803093, "delta": 4.546706}}
{"target": -35.49814115531454, "params": {"C": 2448.491903661175, "gamma": 0.04670366369823259}, "datetime": {"datetime": "2021-09-28 15:00:42", "elapsed": 1149.571516, "delta": 4.768423}}
{"target": -36.18801579318594, "params": {"C": 2986.153705253579, "gamma": 0.0046984498589329685}, "datetime": {"datetime": "2021-09-28 15:00:45", "elapsed": 1152.580402, "delta": 3.008886}}
{"target": -35.4607723057336, "params": {"C": 2326.360549297275, "gamma": 0.03872112598351926}, "datetime": {"datetime": "2021-09-28 15:00:47", "elapsed": 1155.345946, "delta": 2.765544}}
{"target": -35.40003386421061, "params": {"C": 2429.5575706581194, "gamma": 0.034975333157968545}, "datetime": {"datetime": "2021-09-28 15:00:50", "elapsed": 1158.125675, "delta": 2.779729}}
{"target": -35.434844970663484, "params": {"C": 2787.921884884807, "gamma": 0.04917427346133849}, "datetime": {"datetime": "2021-09-28 15:00:54", "elapsed": 1162.19856, "delta": 4.072885}}
{"target": -35.43191314132337, "params": {"C": 2182.689263278549, "gamma": 0.027780574417584646}, "datetime": {"datetime": "2021-09-28 15:00:57", "elapsed": 1165.021154, "delta": 2.822594}}
{"target": -35.29533633138648, "params": {"C": 2749.8022651456067, "gamma": 0.032517130208350696}, "datetime": {"datetime": "2021-09-28 15:01:02", "elapsed": 1169.508585, "delta": 4.487431}}
{"target": -35.26523783787523, "params": {"C": 2862.614905553004, "gamma": 0.024160856348513865}, "datetime": {"datetime": "2021-09-28 15:01:08", "elapsed": 1176.007411, "delta": 6.498826}}
{"target": -35.8493428177807, "params": {"C": 2787.973156754512, "gamma": 0.06926739286797379}, "datetime": {"datetime": "2021-09-28 15:01:13", "elapsed": 1180.426723, "delta": 4.419312}}
{"target": -35.55712154569125, "params": {"C": 2862.553258404328, "gamma": 0.05672971105471758}, "datetime": {"datetime": "2021-09-28 15:01:18", "elapsed": 1185.631614, "delta": 5.204891}}
{"target": -35.41807499999897, "params": {"C": 2924.8140406053158, "gamma": 0.050181329975430365}, "datetime": {"datetime": "2021-09-28 15:01:23", "elapsed": 1191.139943, "delta": 5.508329}}
{"target": -35.67916895562222, "params": {"C": 2827.362677608528, "gamma": 0.011166294491600622}, "datetime": {"datetime": "2021-09-28 15:01:27", "elapsed": 1195.230245, "delta": 4.090302}}
{"target": -35.26923964454234, "params": {"C": 2862.5531914468584, "gamma": 0.023820022428094036}, "datetime": {"datetime": "2021-09-28 15:01:32", "elapsed": 1199.576692, "delta": 4.346447}}
{"target": -35.25107786886093, "params": {"C": 2849.216830176304, "gamma": 0.02585107997767714}, "datetime": {"datetime": "2021-09-28 15:01:40", "elapsed": 1207.597866, "delta": 8.021174}}
{"target": -35.34022388504795, "params": {"C": 2696.3633110221913, "gamma": 0.038062958528623264}, "datetime": {"datetime": "2021-09-28 15:01:44", "elapsed": 1212.078142, "delta": 4.480276}}
{"target": -35.30725086513182, "params": {"C": 2849.1925446147916, "gamma": 0.03913786672703229}, "datetime": {"datetime": "2021-09-28 15:01:49", "elapsed": 1217.337891, "delta": 5.259749}}
{"target": -35.757188803193785, "params": {"C": 2950.0094069522897, "gamma": 0.009667451658473429}, "datetime": {"datetime": "2021-09-28 15:01:56", "elapsed": 1224.014228, "delta": 6.676337}}
{"target": -35.76884372683585, "params": {"C": 2764.7208232853513, "gamma": 0.009753806368037006}, "datetime": {"datetime": "2021-09-28 15:02:07", "elapsed": 1235.102295, "delta": 11.088067}}
