{"target": -34.62349333621473, "params": {"C": 10763.58263043487, "gamma": 0.02747379259185306}, "datetime": {"datetime": "2021-09-28 20:02:19", "elapsed": 1339.490626, "delta": 5.367964}}
{"target": -35.641533262548144, "params": {"C": 9838.166401168854, "gamma": 0.009035483737618987}, "datetime": {"datetime": "2021-09-28 20:02:23", "elapsed": 1343.594108, "delta": 4.103482}}
{"target": -34.73562153677422, "params": {"C": 10854.824514144058, "gamma": 0.03634932540267038}, "datetime": {"datetime": "2021-09-28 20:02:31", "elapsed": 1351.199241, "delta": 7.605133}}
{"target": -34.62424824792202, "params": {"C": 12973.244218785934, "gamma": 0.021043742796713782}, "datetime": {"datetime": "2021-09-28 20:02:36", "elapsed": 1356.407193, "delta": 5.207952}}
{"target": -35.001212611636426, "params": {"C": 9982.695554158061, "gamma": 0.05104591848316692}, "datetime": {"datetime": "2021-09-28 20:02:44", "elapsed": 1363.991162, "delta": 7.583969}}
{"target": -34.940441792002304, "params": {"C": 9986.092451765631, "gamma": 0.047846592147158036}, "datetime": {"datetime": "2021-09-28 20:02:48", "elapsed": 1368.003222, "delta": 4.01206}}
{"target": -34.73276371095812, "params": {"C": 11680.188317291668, "gamma": 0.03596877566158169}, "datetime": {"datetime": "2021-09-28 20:02:53", "elapsed": 1373.571532, "delta": 5.56831}}
{"target": -36.0436168753641, "params": {"C": 13265.24388871352, "gamma": 0.005640160308020508}, "datetime": {"datetime": "2021-09-28 20:02:58", "elapsed": 1378.472319, "delta": 4.900787}}
{"target": -34.89875547662083, "params": {"C": 10763.596603969778, "gamma": 0.016082930971529217}, "datetime": {"datetime": "2021-09-28 20:03:05", "elapsed": 1384.963855, "delta": 6.491536}}
{"target": -34.634618761948346, "params": {"C": 10854.81300377614, "gamma": 0.02489041912258806}, "datetime": {"datetime": "2021-09-28 20:03:09", "elapsed": 1389.047598, "delta": 4.083743}}
{"target": -35.725866248070616, "params": {"C": 11154.437347603563, "gamma": 0.008102422198197772}, "datetime": {"datetime": "2021-09-28 20:03:13", "elapsed": 1393.142325, "delta": 4.094727}}
{"target": -35.483497304072465, "params": {"C": 11968.11572712235, "gamma": 0.07229660727445032}, "datetime": {"datetime": "2021-09-28 20:03:17", "elapsed": 1397.257384, "delta": 4.115059}}
{"target": -34.73816864835747, "params": {"C": 12655.027357790808, "gamma": 0.03606504851510934}, "datetime": {"datetime": "2021-09-28 20:03:27", "elapsed": 1407.862712, "delta": 10.605328}}
{"target": -34.82899906240312, "params": {"C": 9001.381048467076, "gamma": 0.018423505806182627}, "datetime": {"datetime": "2021-09-28 20:03:32", "elapsed": 1412.924723, "delta": 5.062011}}
{"target": -34.92446560133695, "params": {"C": 11949.144700674193, "gamma": 0.045986585291128444}, "datetime": {"datetime": "2021-09-28 20:03:38", "elapsed": 1418.5676, "delta": 5.642877}}
{"target": -34.7642275223411, "params": {"C": 9781.374456484717, "gamma": 0.01972500177879578}, "datetime": {"datetime": "2021-09-28 20:03:42", "elapsed": 1422.476519, "delta": 3.908919}}
{"target": -35.476127905434105, "params": {"C": 12818.970053787425, "gamma": 0.009719958628694608}, "datetime": {"datetime": "2021-09-28 20:03:50", "elapsed": 1430.185981, "delta": 7.709462}}
{"target": -34.82794586618556, "params": {"C": 13668.424915295287, "gamma": 0.04040667217674843}, "datetime": {"datetime": "2021-09-28 20:03:55", "elapsed": 1434.991646, "delta": 4.805665}}
{"target": -34.60089079453872, "params": {"C": 12914.813551193309, "gamma": 0.026179366514158045}, "datetime": {"datetime": "2021-09-28 20:03:59", "elapsed": 1439.727547, "delta": 4.735901}}
{"target": -34.62252442240629, "params": {"C": 10825.655807803061, "gamma": 0.026222127572232502}, "datetime": {"datetime": "2021-09-28 20:04:10", "elapsed": 1450.11382, "delta": 10.386273}}
{"target": -34.780474006440606, "params": {"C": 13475.169315827852, "gamma": 0.038065479835934744}, "datetime": {"datetime": "2021-09-28 20:04:19", "elapsed": 1459.624609, "delta": 9.510789}}
{"target": -34.63416149490722, "params": {"C": 13484.416206948783, "gamma": 0.029286796475146083}, "datetime": {"datetime": "2021-09-28 20:04:25", "elapsed": 1465.064055, "delta": 5.439446}}
{"target": -34.623841329013885, "params": {"C": 12655.047930137764, "gamma": 0.028620993965546303}, "datetime": {"datetime": "2021-09-28 20:04:31", "elapsed": 1471.258393, "delta": 6.194338}}
{"target": -35.58683231297604, "params": {"C": 13849.204542040028, "gamma": 0.07259216298036456}, "datetime": {"datetime": "2021-09-28 20:04:35", "elapsed": 1475.289643, "delta": 4.03125}}
{"target": -35.41847185247667, "params": {"C": 12822.996711781578, "gamma": 0.010199664528520384}, "datetime": {"datetime": "2021-09-28 20:04:41", "elapsed": 1481.144019, "delta": 5.854376}}
{"target": -34.65764985595573, "params": {"C": 9913.463870112984, "gamma": 0.025682425820815737}, "datetime": {"datetime": "2021-09-28 20:04:48", "elapsed": 1488.121875, "delta": 6.977856}}
{"target": -36.29116121201174, "params": {"C": 11924.563370876056, "gamma": 0.0032983565194988898}, "datetime": {"datetime": "2021-09-28 20:04:52", "elapsed": 1492.707271, "delta": 4.585396}}
{"target": -34.911196034860794, "params": {"C": 9283.31337971542, "gamma": 0.04668335537647722}, "datetime": {"datetime": "2021-09-28 20:04:57", "elapsed": 1497.178228, "delta": 4.470957}}
{"target": -35.01675388803036, "params": {"C": 12567.471909536678, "gamma": 0.05009781077230354}, "datetime": {"datetime": "2021-09-28 20:05:01", "elapsed": 1501.721945, "delta": 4.543717}}
{"target": -34.78902898501616, "params": {"C": 11976.361950548751, "gamma": 0.03898987565638734}, "datetime": {"datetime": "2021-09-28 20:05:06", "elapsed": 1506.708026, "delta": 4.986081}}
{"target": -34.82164028261356, "params": {"C": 10837.788048508579, "gamma": 0.017195847393263828}, "datetime": {"datetime": "2021-09-28 20:05:14", "elapsed": 1514.33332, "delta": 7.625294}}
{"target": -34.74649513035742, "params": {"C": 13961.66560278054, "gamma": 0.03617888114496695}, "datetime": {"datetime": "2021-09-28 20:05:20", "elapsed": 1520.11242, "delta": 5.7791}}
{"target": -35.95309160292787, "params": {"C": 12914.814202211259, "gamma": 0.00624383904702506}, "datetime": {"datetime": "2021-09-28 20:05:28", "elapsed": 1528.033202, "delta": 7.920782}}
{"target": -34.81366891788191, "params": {"C": 12642.294602516347, "gamma": 0.04005184885757103}, "datetime": {"datetime": "2021-09-28 20:05:34", "elapsed": 1534.440121, "delta": 6.406919}}
{"target": -34.86623588591684, "params": {"C": 11484.990774234126, "gamma": 0.04326857329621778}, "datetime": {"datetime": "2021-09-28 20:05:40", "elapsed": 1540.430565, "delta": 5.990444}}
{"target": -34.767400867335475, "params": {"C": 11492.530491364245, "gamma": 0.0379841434223508}, "datetime": {"datetime": "2021-09-28 20:05:49", "elapsed": 1549.53275, "delta": 9.102185}}
{"target": -34.73777934915669, "params": {"C": 13688.621318956697, "gamma": 0.03579252638390648}, "datetime": {"datetime": "2021-09-28 20:05:55", "elapsed": 1555.681676, "delta": 6.148926}}
{"target": -34.7529748559496, "params": {"C": 10880.668466185754, "gamma": 0.018419628039841044}, "datetime": {"datetime": "2021-09-28 20:05:59", "elapsed": 1559.80551, "delta": 4.123834}}
{"target": -34.58736217140216, "params": {"C": 13475.155293971497, "gamma": 0.022489519471128514}, "datetime": {"datetime": "2021-09-28 20:06:08", "elapsed": 1568.275814, "delta": 8.470304}}
{"target": -35.8913136023746, "params": {"C": 11213.979908881563, "gamma": 0.006792611933377542}, "datetime": {"datetime": "2021-09-28 20:06:23", "elapsed": 1583.111531, "delta": 14.835717}}
{"target": -34.80147119540373, "params": {"C": 11650.273321115495, "gamma": 0.03976694130792293}, "datetime": {"datetime": "2021-09-28 20:06:28", "elapsed": 1588.418151, "delta": 5.30662}}
{"target": -34.91658243058389, "params": {"C": 12642.266740591665, "gamma": 0.014960643800760058}, "datetime": {"datetime": "2021-09-28 20:06:37", "elapsed": 1597.71379, "delta": 9.295639}}
{"target": -35.096137763109034, "params": {"C": 10627.089101477404, "gamma": 0.013878594800807803}, "datetime": {"datetime": "2021-09-28 20:06:46", "elapsed": 1606.787298, "delta": 9.073508}}
{"target": -34.67549509221633, "params": {"C": 12914.800940486424, "gamma": 0.03211490856765041}, "datetime": {"datetime": "2021-09-28 20:06:58", "elapsed": 1618.472305, "delta": 11.685007}}
{"target": -34.87049942447032, "params": {"C": 10866.032360567273, "gamma": 0.04378311890108878}, "datetime": {"datetime": "2021-09-28 20:07:03", "elapsed": 1623.712206, "delta": 5.239901}}
{"target": -34.76292133731877, "params": {"C": 11005.013171245182, "gamma": 0.03789550949454184}, "datetime": {"datetime": "2021-09-28 20:07:14", "elapsed": 1634.743052, "delta": 11.030846}}
{"target": -34.72334471603579, "params": {"C": 12277.425668992772, "gamma": 0.017810247417031536}, "datetime": {"datetime": "2021-09-28 20:07:26", "elapsed": 1646.19861, "delta": 11.455558}}
{"target": -34.8951856103284, "params": {"C": 10866.002678428451, "gamma": 0.01608165338916326}, "datetime": {"datetime": "2021-09-28 20:07:32", "elapsed": 1652.598736, "delta": 6.400126}}
{"target": -35.66827948442706, "params": {"C": 9812.15973256309, "gamma": 0.008812020175056213}, "datetime": {"datetime": "2021-09-28 20:07:38", "elapsed": 1658.547064, "delta": 5.948328}}
{"target": -34.710715361233184, "params": {"C": 9296.15980680032, "gamma": 0.023708701758549274}, "datetime": {"datetime": "2021-09-28 20:07:47", "elapsed": 1667.41182, "delta": 8.864756}}
{"target": -34.71428697644318, "params": {"C": 9157.456255331028, "gamma": 0.02390225152077352}, "datetime": {"datetime": "2021-09-28 20:07:55", "elapsed": 1675.748647, "delta": 8.336827}}
{"target": -35.55013068138301, "params": {"C": 13475.15845885519, "gamma": 0.009010396655723885}, "datetime": {"datetime": "2021-09-28 20:08:04", "elapsed": 1684.072088, "delta": 8.323441}}
{"target": -35.01899265552541, "params": {"C": 12058.136294266258, "gamma": 0.014025102108635012}, "datetime": {"datetime": "2021-09-28 20:08:08", "elapsed": 1688.812411, "delta": 4.740323}}
{"target": -34.77200570501513, "params": {"C": 11593.810623322337, "gamma": 0.038201675780908786}, "datetime": {"datetime": "2021-09-28 20:08:14", "elapsed": 1694.845822, "delta": 6.033411}}
{"target": -34.68765101584073, "params": {"C": 10837.749712444082, "gamma": 0.03324752071788406}, "datetime": {"datetime": "2021-09-28 20:08:25", "elapsed": 1705.039919, "delta": 10.194097}}
{"target": -34.92327579483504, "params": {"C": 12357.422643371385, "gamma": 0.045726450621405186}, "datetime": {"datetime": "2021-09-28 20:08:29", "elapsed": 1709.423764, "delta": 4.383845}}
{"target": -35.08170388181523, "params": {"C": 11271.504154818635, "gamma": 0.05423328891973674}, "datetime": {"datetime": "2021-09-28 20:08:33", "elapsed": 1713.776364, "delta": 4.3526}}
{"target": -34.76497159655217, "params": {"C": 11147.725588913321, "gamma": 0.03796196675946037}, "datetime": {"datetime": "2021-09-28 20:08:37", "elapsed": 1717.810765, "delta": 4.034401}}
{"target": -34.63682548352816, "params": {"C": 11214.02208044953, "gamma": 0.029431881492544946}, "datetime": {"datetime": "2021-09-28 20:08:47", "elapsed": 1727.05032, "delta": 9.239555}}
{"target": -34.68133936586599, "params": {"C": 9476.136300471753, "gamma": 0.0331025194544611}, "datetime": {"datetime": "2021-09-28 20:08:51", "elapsed": 1731.359192, "delta": 4.308872}}
{"target": -35.07994895801805, "params": {"C": 12988.796458141373, "gamma": 0.05281869853111809}, "datetime": {"datetime": "2021-09-28 20:08:55", "elapsed": 1735.837564, "delta": 4.478372}}
{"target": -34.73812987822977, "params": {"C": 11334.229946225789, "gamma": 0.03638619858711039}, "datetime": {"datetime": "2021-09-28 20:09:01", "elapsed": 1741.561448, "delta": 5.723884}}
{"target": -34.619298471185026, "params": {"C": 11491.01943462744, "gamma": 0.024465143185758455}, "datetime": {"datetime": "2021-09-28 20:09:07", "elapsed": 1747.510051, "delta": 5.948603}}
{"target": -35.73403643563657, "params": {"C": 13484.41446983038, "gamma": 0.007712015736263884}, "datetime": {"datetime": "2021-09-28 20:09:13", "elapsed": 1753.273847, "delta": 5.763796}}
{"target": -34.61007078911712, "params": {"C": 12188.062397549435, "gamma": 0.023494751662473355}, "datetime": {"datetime": "2021-09-28 20:09:17", "elapsed": 1757.233453, "delta": 3.959606}}
{"target": -34.61712755448731, "params": {"C": 12901.071560238004, "gamma": 0.021599753603585306}, "datetime": {"datetime": "2021-09-28 20:09:25", "elapsed": 1765.469986, "delta": 8.236533}}
{"target": -34.87678979959129, "params": {"C": 9538.013051356695, "gamma": 0.044705931657561135}, "datetime": {"datetime": "2021-09-28 20:09:32", "elapsed": 1772.638027, "delta": 7.168041}}
{"target": -35.378876693582875, "params": {"C": 11039.890359610079, "gamma": 0.010968623944133463}, "datetime": {"datetime": "2021-09-28 20:09:37", "elapsed": 1777.783919, "delta": 5.145892}}
{"target": -34.884778239713846, "params": {"C": 13965.679080246195, "gamma": 0.04309232909623957}, "datetime": {"datetime": "2021-09-28 20:09:42", "elapsed": 1782.21798, "delta": 4.434061}}
{"target": -35.46830470904626, "params": {"C": 13811.775599922199, "gamma": 0.0687600302634297}, "datetime": {"datetime": "2021-09-28 20:09:46", "elapsed": 1786.38502, "delta": 4.16704}}
{"target": -34.640922772070056, "params": {"C": 11680.196339641716, "gamma": 0.022316778639960892}, "datetime": {"datetime": "2021-09-28 20:09:55", "elapsed": 1795.588184, "delta": 9.203164}}
{"target": -35.675365217323545, "params": {"C": 9913.440885913713, "gamma": 0.008731138062200949}, "datetime": {"datetime": "2021-09-28 20:10:02", "elapsed": 1802.337358, "delta": 6.749174}}
{"target": -34.7150411842399, "params": {"C": 12700.27839900793, "gamma": 0.0346494213569111}, "datetime": {"datetime": "2021-09-28 20:10:13", "elapsed": 1813.76776, "delta": 11.430402}}
{"target": -34.879585716804165, "params": {"C": 12901.085052540342, "gamma": 0.04331077648059213}, "datetime": {"datetime": "2021-09-28 20:10:22", "elapsed": 1822.411736, "delta": 8.643976}}
{"target": -35.810641892487645, "params": {"C": 11491.008530693478, "gamma": 0.0074016053296232535}, "datetime": {"datetime": "2021-09-28 20:10:31", "elapsed": 1831.144272, "delta": 8.732536}}
{"target": -34.96716184480913, "params": {"C": 9188.787885703476, "gamma": 0.04976531945336907}, "datetime": {"datetime": "2021-09-28 20:10:44", "elapsed": 1844.542559, "delta": 13.398287}}
{"target": -34.6354688439761, "params": {"C": 11213.689447635652, "gamma": 0.023812501398595618}, "datetime": {"datetime": "2021-09-28 20:10:49", "elapsed": 1849.168009, "delta": 4.62545}}
{"target": -34.85750587378071, "params": {"C": 12181.173355323695, "gamma": 0.01595739669344879}, "datetime": {"datetime": "2021-09-28 20:10:55", "elapsed": 1855.653516, "delta": 6.485507}}
{"target": -34.74503355049558, "params": {"C": 13484.427704020365, "gamma": 0.03622382593607412}, "datetime": {"datetime": "2021-09-28 20:11:03", "elapsed": 1863.795454, "delta": 8.141938}}
{"target": -35.67231257102253, "params": {"C": 13289.99411585478, "gamma": 0.008162391429469671}, "datetime": {"datetime": "2021-09-28 20:11:12", "elapsed": 1872.686945, "delta": 8.891491}}
{"target": -35.608252546070084, "params": {"C": 10151.9037748374, "gamma": 0.07965044339385623}, "datetime": {"datetime": "2021-09-28 20:11:17", "elapsed": 1877.12481, "delta": 4.437865}}
{"target": -34.83135348238684, "params": {"C": 10763.57900173658, "gamma": 0.041723639135452774}, "datetime": {"datetime": "2021-09-28 20:11:26", "elapsed": 1886.406586, "delta": 9.281776}}
{"target": -34.829812338868535, "params": {"C": 11213.692867650327, "gamma": 0.041451473386849395}, "datetime": {"datetime": "2021-09-28 20:11:41", "elapsed": 1901.121346, "delta": 14.71476}}
{"target": -34.74291149501029, "params": {"C": 12901.134091575219, "gamma": 0.03626169007303103}, "datetime": {"datetime": "2021-09-28 20:11:47", "elapsed": 1907.571116, "delta": 6.44977}}
{"target": -34.791095545488, "params": {"C": 9705.409225900727, "gamma": 0.018775972362975735}, "datetime": {"datetime": "2021-09-28 20:12:00", "elapsed": 1920.097669, "delta": 12.526553}}
{"target": -35.098961865285865, "params": {"C": 9296.1830200357, "gamma": 0.014497104648917118}, "datetime": {"datetime": "2021-09-28 20:12:05", "elapsed": 1925.854476, "delta": 5.756807}}
{"target": -35.63799070271751, "params": {"C": 9064.999703276215, "gamma": 0.009244606086250277}, "datetime": {"datetime": "2021-09-28 20:12:10", "elapsed": 1930.174734, "delta": 4.320258}}
{"target": -34.60920602613908, "params": {"C": 12324.16087715837, "gamma": 0.023257317670464264}, "datetime": {"datetime": "2021-09-28 20:12:14", "elapsed": 1934.692984, "delta": 4.51825}}
{"target": -35.052635660385775, "params": {"C": 13629.624445394875, "gamma": 0.013113216504278439}, "datetime": {"datetime": "2021-09-28 20:12:20", "elapsed": 1940.818174, "delta": 6.12519}}
{"target": -34.74313318255746, "params": {"C": 9654.577323760854, "gamma": 0.037151410975287895}, "datetime": {"datetime": "2021-09-28 20:12:25", "elapsed": 1945.511683, "delta": 4.693509}}
{"target": -34.74917784223349, "params": {"C": 10866.007906092407, "gamma": 0.037178851056988094}, "datetime": {"datetime": "2021-09-28 20:12:32", "elapsed": 1952.154077, "delta": 6.642394}}
{"target": -34.95228224561127, "params": {"C": 11125.759517036053, "gamma": 0.04780615765202713}, "datetime": {"datetime": "2021-09-28 20:12:36", "elapsed": 1956.463161, "delta": 4.309084}}
{"target": -34.68846666906232, "params": {"C": 11213.677996500703, "gamma": 0.03323296607908863}, "datetime": {"datetime": "2021-09-28 20:12:45", "elapsed": 1965.186806, "delta": 8.723645}}
{"target": -34.709295508305246, "params": {"C": 11695.991192058875, "gamma": 0.018875788138784343}, "datetime": {"datetime": "2021-09-28 20:12:50", "elapsed": 1970.16667, "delta": 4.979864}}
{"target": -34.933415379655386, "params": {"C": 13629.601369874274, "gamma": 0.045583138830178324}, "datetime": {"datetime": "2021-09-28 20:12:58", "elapsed": 1978.203233, "delta": 8.036563}}
{"target": -34.808712081316564, "params": {"C": 11214.003312594357, "gamma": 0.0403173782569003}, "datetime": {"datetime": "2021-09-28 20:13:11", "elapsed": 1991.156659, "delta": 12.953426}}
{"target": -34.69278989177631, "params": {"C": 11066.164776708121, "gamma": 0.03354516632211878}, "datetime": {"datetime": "2021-09-28 20:13:18", "elapsed": 1998.163903, "delta": 7.007244}}
{"target": -34.70290960910019, "params": {"C": 9820.441551234911, "gamma": 0.03447698708859077}, "datetime": {"datetime": "2021-09-28 20:13:28", "elapsed": 2008.88292, "delta": 10.719017}}
{"target": -34.78786952372545, "params": {"C": 10627.053217992905, "gamma": 0.03940158381152319}, "datetime": {"datetime": "2021-09-28 20:13:41", "elapsed": 2021.037017, "delta": 12.154097}}
{"target": -35.02027441205239, "params": {"C": 9606.915104866712, "gamma": 0.05233442331542015}, "datetime": {"datetime": "2021-09-28 20:13:48", "elapsed": 2028.883094, "delta": 7.846077}}
{"target": -34.6427178926826, "params": {"C": 13148.594068441667, "gamma": 0.029904170578307045}, "datetime": {"datetime": "2021-09-28 20:13:53", "elapsed": 2033.808354, "delta": 4.92526}}
{"target": -34.6722707789028, "params": {"C": 13667.342413163447, "gamma": 0.01779676308728212}, "datetime": {"datetime": "2021-09-28 20:14:01", "elapsed": 2041.487108, "delta": 7.678754}}
{"target": -34.96253332308146, "params": {"C": 11337.721976310742, "gamma": 0.04819915491136682}, "datetime": {"datetime": "2021-09-28 20:14:06", "elapsed": 2046.295014, "delta": 4.807906}}
{"target": -34.91134268862702, "params": {"C": 11844.866606835985, "gamma": 0.04539275627302189}, "datetime": {"datetime": "2021-09-28 20:14:10", "elapsed": 2050.730629, "delta": 4.435615}}
{"target": -34.5856333352355, "params": {"C": 13289.238706504257, "gamma": 0.023115059035611656}, "datetime": {"datetime": "2021-09-28 20:14:14", "elapsed": 2054.929664, "delta": 4.199035}}
{"target": -34.683274437267016, "params": {"C": 12823.029830957257, "gamma": 0.03263063494639047}, "datetime": {"datetime": "2021-09-28 20:14:28", "elapsed": 2068.501776, "delta": 13.572112}}
{"target": -34.78843160779757, "params": {"C": 11242.5901387735, "gamma": 0.03921013707507597}, "datetime": {"datetime": "2021-09-28 20:14:35", "elapsed": 2075.168126, "delta": 6.66635}}
{"target": -34.860964748023335, "params": {"C": 12188.077304776467, "gamma": 0.04267749134147101}, "datetime": {"datetime": "2021-09-28 20:14:42", "elapsed": 2082.194443, "delta": 7.026317}}
{"target": -34.59844503538114, "params": {"C": 11999.382206193037, "gamma": 0.024922131759994724}, "datetime": {"datetime": "2021-09-28 20:14:47", "elapsed": 2087.401604, "delta": 5.207161}}
{"target": -35.054061246824794, "params": {"C": 11491.02389604539, "gamma": 0.05266925598480696}, "datetime": {"datetime": "2021-09-28 20:14:55", "elapsed": 2095.326569, "delta": 7.924965}}
{"target": -34.65400490469122, "params": {"C": 10430.570795354643, "gamma": 0.024335410462849236}, "datetime": {"datetime": "2021-09-28 20:15:00", "elapsed": 2100.089215, "delta": 4.762646}}
{"target": -35.12080446247472, "params": {"C": 13890.13426657239, "gamma": 0.05405403831305621}, "datetime": {"datetime": "2021-09-28 20:15:04", "elapsed": 2104.58471, "delta": 4.495495}}
{"target": -34.71483555102608, "params": {"C": 10299.284565737553, "gamma": 0.021024631305243933}, "datetime": {"datetime": "2021-09-28 20:15:09", "elapsed": 2109.506687, "delta": 4.921977}}
{"target": -34.99745446822821, "params": {"C": 10772.171364639515, "gamma": 0.050313837773766135}, "datetime": {"datetime": "2021-09-28 20:15:13", "elapsed": 2113.796834, "delta": 4.290147}}
{"target": -34.65729237762423, "params": {"C": 9487.163697502565, "gamma": 0.02984868378091378}, "datetime": {"datetime": "2021-09-28 20:15:18", "elapsed": 2118.683526, "delta": 4.886692}}
