{"target": -35.17641926048122, "params": {"C": 11113.949465430564, "gamma": 0.06331914526583371}, "datetime": {"datetime": "2021-09-28 20:09:23", "elapsed": 381.035971, "delta": 2.668926}}
{"target": -35.70490316966148, "params": {"C": 12821.589973743667, "gamma": 0.07899502257173419}, "datetime": {"datetime": "2021-09-28 20:09:24", "elapsed": 382.557197, "delta": 1.521226}}
{"target": -35.44336182884896, "params": {"C": 11475.407188690408, "gamma": 0.07221001196571272}, "datetime": {"datetime": "2021-09-28 20:09:27", "elapsed": 385.623893, "delta": 3.066696}}
{"target": -36.508678055039454, "params": {"C": 9502.389077728934, "gamma": 0.005}, "datetime": {"datetime": "2021-09-28 20:09:30", "elapsed": 387.997181, "delta": 2.373288}}
{"target": -35.26749175235962, "params": {"C": 10112.368371305867, "gamma": 0.06872985489989056}, "datetime": {"datetime": "2021-09-28 20:09:32", "elapsed": 389.924353, "delta": 1.927172}}
{"target": -35.28880478039626, "params": {"C": 12515.35758347584, "gamma": 0.009619762867635457}, "datetime": {"datetime": "2021-09-28 20:09:34", "elapsed": 392.036363, "delta": 2.11201}}
{"target": -34.52445369128316, "params": {"C": 9715.737349041588, "gamma": 0.03695548437318162}, "datetime": {"datetime": "2021-09-28 20:09:36", "elapsed": 394.095489, "delta": 2.059126}}
{"target": -34.88377359028733, "params": {"C": 12463.865806345524, "gamma": 0.01212616139383793}, "datetime": {"datetime": "2021-09-28 20:09:37", "elapsed": 395.6834, "delta": 1.587911}}
{"target": -35.57738289671618, "params": {"C": 11034.182094673988, "gamma": 0.07839174328704242}, "datetime": {"datetime": "2021-09-28 20:09:40", "elapsed": 397.92371, "delta": 2.24031}}
{"target": -34.516395271981196, "params": {"C": 12515.427991472654, "gamma": 0.016232907723521983}, "datetime": {"datetime": "2021-09-28 20:09:42", "elapsed": 399.980456, "delta": 2.056746}}
{"target": -36.2082568259269, "params": {"C": 11275.077420634454, "gamma": 0.005905182588400702}, "datetime": {"datetime": "2021-09-28 20:09:44", "elapsed": 402.640336, "delta": 2.65988}}
{"target": -36.72026045752892, "params": {"C": 10309.691230199183, "gamma": 0.14447445786217103}, "datetime": {"datetime": "2021-09-28 20:09:46", "elapsed": 404.218489, "delta": 1.578153}}
{"target": -34.734329037045484, "params": {"C": 11548.250102097092, "gamma": 0.04664377273486561}, "datetime": {"datetime": "2021-09-28 20:09:48", "elapsed": 406.378969, "delta": 2.16048}}
{"target": -34.49432035367206, "params": {"C": 10794.277690533154, "gamma": 0.03434489431439274}, "datetime": {"datetime": "2021-09-28 20:09:51", "elapsed": 408.742715, "delta": 2.363746}}
{"target": -35.35230400622408, "params": {"C": 9311.91812058486, "gamma": 0.07401684251984046}, "datetime": {"datetime": "2021-09-28 20:09:53", "elapsed": 411.13969, "delta": 2.396975}}
{"target": -34.83744917751012, "params": {"C": 11887.402259527633, "gamma": 0.05045943686780488}, "datetime": {"datetime": "2021-09-28 20:09:55", "elapsed": 413.317663, "delta": 2.177973}}
{"target": -35.730817291681774, "params": {"C": 12068.764845436464, "gamma": 0.08184484127550955}, "datetime": {"datetime": "2021-09-28 20:09:57", "elapsed": 415.480478, "delta": 2.162815}}
{"target": -35.19410703857134, "params": {"C": 9715.702337606268, "gamma": 0.0668739912760593}, "datetime": {"datetime": "2021-09-28 20:10:00", "elapsed": 418.38818, "delta": 2.907702}}
{"target": -34.47642593637495, "params": {"C": 12267.68516394309, "gamma": 0.01738645573101728}, "datetime": {"datetime": "2021-09-28 20:10:02", "elapsed": 420.711467, "delta": 2.323287}}
{"target": -34.74275741741268, "params": {"C": 10856.05624603916, "gamma": 0.04787759527746034}, "datetime": {"datetime": "2021-09-28 20:10:05", "elapsed": 423.075539, "delta": 2.364072}}
{"target": -35.13424550023829, "params": {"C": 11043.40774703469, "gamma": 0.061962391588008515}, "datetime": {"datetime": "2021-09-28 20:10:07", "elapsed": 425.240123, "delta": 2.164584}}
{"target": -35.60663197223627, "params": {"C": 12579.406164704422, "gamma": 0.07582545680282929}, "datetime": {"datetime": "2021-09-28 20:10:09", "elapsed": 427.622446, "delta": 2.382323}}
{"target": -34.88733273923426, "params": {"C": 12588.985404505534, "gamma": 0.051196432302334414}, "datetime": {"datetime": "2021-09-28 20:10:11", "elapsed": 429.277619, "delta": 1.655173}}
{"target": -34.415532018125624, "params": {"C": 10856.000440229112, "gamma": 0.020860535992618133}, "datetime": {"datetime": "2021-09-28 20:10:13", "elapsed": 430.923725, "delta": 1.646106}}
{"target": -34.98159132833983, "params": {"C": 9629.623728092303, "gamma": 0.0591539969465529}, "datetime": {"datetime": "2021-09-28 20:10:15", "elapsed": 432.907942, "delta": 1.984217}}
{"target": -34.892047062790056, "params": {"C": 11417.001130647708, "gamma": 0.052965684921564865}, "datetime": {"datetime": "2021-09-28 20:10:17", "elapsed": 435.612635, "delta": 2.704693}}
{"target": -34.41935750502676, "params": {"C": 11274.953895975723, "gamma": 0.029667704244469982}, "datetime": {"datetime": "2021-09-28 20:10:20", "elapsed": 438.641455, "delta": 3.02882}}
{"target": -35.38102765662291, "params": {"C": 12483.245778046785, "gamma": 0.06789677770759654}, "datetime": {"datetime": "2021-09-28 20:10:23", "elapsed": 440.986853, "delta": 2.345398}}
{"target": -34.82888372012645, "params": {"C": 11154.855729279541, "gamma": 0.05117624074613166}, "datetime": {"datetime": "2021-09-28 20:10:25", "elapsed": 443.304727, "delta": 2.317874}}
{"target": -35.543829899612405, "params": {"C": 10412.685343718029, "gamma": 0.07869811188498034}, "datetime": {"datetime": "2021-09-28 20:10:27", "elapsed": 445.60256, "delta": 2.297833}}
{"target": -34.49339550734672, "params": {"C": 11275.001080619317, "gamma": 0.0179526210689092}, "datetime": {"datetime": "2021-09-28 20:10:30", "elapsed": 448.652744, "delta": 3.050184}}
{"target": -35.8335753602459, "params": {"C": 11924.614562808842, "gamma": 0.0864792419755151}, "datetime": {"datetime": "2021-09-28 20:10:33", "elapsed": 451.670627, "delta": 3.017883}}
{"target": -34.43793951646805, "params": {"C": 11361.975270057748, "gamma": 0.019392915174994193}, "datetime": {"datetime": "2021-09-28 20:10:36", "elapsed": 454.271796, "delta": 2.601169}}
{"target": -35.792708661250074, "params": {"C": 11238.768576893775, "gamma": 0.08670353387745869}, "datetime": {"datetime": "2021-09-28 20:10:39", "elapsed": 457.179455, "delta": 2.907659}}
{"target": -34.71733073948378, "params": {"C": 10974.176039213839, "gamma": 0.04643151734205372}, "datetime": {"datetime": "2021-09-28 20:10:42", "elapsed": 460.335744, "delta": 3.156289}}
{"target": -34.57454567853211, "params": {"C": 11518.455530342475, "gamma": 0.01586307480498752}, "datetime": {"datetime": "2021-09-28 20:10:45", "elapsed": 462.905039, "delta": 2.569295}}
{"target": -34.33893767960895, "params": {"C": 11924.723496541039, "gamma": 0.02243684206893897}, "datetime": {"datetime": "2021-09-28 20:10:48", "elapsed": 465.723481, "delta": 2.818442}}
{"target": -35.726604752948816, "params": {"C": 11372.538764914292, "gamma": 0.08352546011162465}, "datetime": {"datetime": "2021-09-28 20:10:49", "elapsed": 467.498317, "delta": 1.774836}}
{"target": -35.05846679182602, "params": {"C": 12267.66360880074, "gamma": 0.057301989060343145}, "datetime": {"datetime": "2021-09-28 20:10:52", "elapsed": 469.928439, "delta": 2.430122}}
{"target": -36.42280360875178, "params": {"C": 11043.358626891446, "gamma": 0.005}, "datetime": {"datetime": "2021-09-28 20:10:54", "elapsed": 472.553429, "delta": 2.62499}}
{"target": -34.48739883290799, "params": {"C": 10024.234891290007, "gamma": 0.034518732381575684}, "datetime": {"datetime": "2021-09-28 20:10:57", "elapsed": 474.861993, "delta": 2.308564}}
{"target": -34.43256302728168, "params": {"C": 10855.950668011426, "gamma": 0.02024248019366546}, "datetime": {"datetime": "2021-09-28 20:10:59", "elapsed": 477.395196, "delta": 2.533203}}
{"target": -36.02177607003578, "params": {"C": 11154.795092896478, "gamma": 0.09758182617114496}, "datetime": {"datetime": "2021-09-28 20:11:01", "elapsed": 479.617755, "delta": 2.222559}}
{"target": -35.47922391006477, "params": {"C": 10981.266968653921, "gamma": 0.07470503932120848}, "datetime": {"datetime": "2021-09-28 20:11:03", "elapsed": 481.599926, "delta": 1.982171}}
{"target": -34.574793915541925, "params": {"C": 10112.28850577393, "gamma": 0.0395586001486748}, "datetime": {"datetime": "2021-09-28 20:11:06", "elapsed": 484.04807, "delta": 2.448144}}
{"target": -36.572450441435436, "params": {"C": 11457.781303105388, "gamma": 0.12737517200053045}, "datetime": {"datetime": "2021-09-28 20:11:08", "elapsed": 485.924345, "delta": 1.876275}}
{"target": -34.99758540118815, "params": {"C": 9250.303798629895, "gamma": 0.06050984525821958}, "datetime": {"datetime": "2021-09-28 20:11:10", "elapsed": 487.858987, "delta": 1.934642}}
{"target": -36.59102756613272, "params": {"C": 9051.248884947456, "gamma": 0.14320893705772414}, "datetime": {"datetime": "2021-09-28 20:11:11", "elapsed": 489.685786, "delta": 1.826799}}
{"target": -36.65550532665479, "params": {"C": 9946.718118321985, "gamma": 0.14230140071854763}, "datetime": {"datetime": "2021-09-28 20:11:13", "elapsed": 491.552703, "delta": 1.866917}}
{"target": -34.801016119056044, "params": {"C": 12183.918162867412, "gamma": 0.04883259467175889}, "datetime": {"datetime": "2021-09-28 20:11:16", "elapsed": 493.725286, "delta": 2.172583}}
{"target": -34.45729318648796, "params": {"C": 9363.411205309822, "gamma": 0.021811405930334437}, "datetime": {"datetime": "2021-09-28 20:11:18", "elapsed": 496.343229, "delta": 2.617943}}
{"target": -35.19076515319133, "params": {"C": 10093.30121101904, "gamma": 0.06590913797282874}, "datetime": {"datetime": "2021-09-28 20:11:21", "elapsed": 498.75939, "delta": 2.416161}}
{"target": -35.24480764773009, "params": {"C": 10778.39737832095, "gamma": 0.06643688901327353}, "datetime": {"datetime": "2021-09-28 20:11:22", "elapsed": 500.618626, "delta": 1.859236}}
{"target": -36.24779426544736, "params": {"C": 10806.795771122182, "gamma": 0.11157235956152593}, "datetime": {"datetime": "2021-09-28 20:11:24", "elapsed": 502.569371, "delta": 1.950745}}
{"target": -35.14673633488701, "params": {"C": 12183.860782095977, "gamma": 0.0603978784699466}, "datetime": {"datetime": "2021-09-28 20:11:27", "elapsed": 505.112066, "delta": 2.542695}}
{"target": -34.90873733040159, "params": {"C": 9764.146548202767, "gamma": 0.013547777897627407}, "datetime": {"datetime": "2021-09-28 20:11:29", "elapsed": 507.599156, "delta": 2.48709}}
{"target": -35.904129761178964, "params": {"C": 11248.308367554047, "gamma": 0.09163168203520815}, "datetime": {"datetime": "2021-09-28 20:11:33", "elapsed": 510.98204, "delta": 3.382884}}
{"target": -35.30742387659393, "params": {"C": 11548.168704033504, "gamma": 0.06712201256286092}, "datetime": {"datetime": "2021-09-28 20:11:37", "elapsed": 515.054741, "delta": 4.072701}}
{"target": -36.19964331575296, "params": {"C": 11202.015917508717, "gamma": 0.10694044525847872}, "datetime": {"datetime": "2021-09-28 20:11:39", "elapsed": 517.523825, "delta": 2.469084}}
{"target": -36.10735170116339, "params": {"C": 9502.299870266937, "gamma": 0.0069195676281932844}, "datetime": {"datetime": "2021-09-28 20:11:43", "elapsed": 521.593654, "delta": 4.069829}}
{"target": -34.92021236934847, "params": {"C": 10624.654775835155, "gamma": 0.05516902874806977}, "datetime": {"datetime": "2021-09-28 20:11:45", "elapsed": 523.519937, "delta": 1.926283}}
{"target": -35.065574795320565, "params": {"C": 11924.759564015389, "gamma": 0.05807680355187781}, "datetime": {"datetime": "2021-09-28 20:11:48", "elapsed": 526.090692, "delta": 2.570755}}
{"target": -36.46802568874005, "params": {"C": 10188.446659738014, "gamma": 0.12809838719833638}, "datetime": {"datetime": "2021-09-28 20:11:50", "elapsed": 527.946785, "delta": 1.856093}}
{"target": -35.07206853482562, "params": {"C": 10902.424433999206, "gamma": 0.060030430874199715}, "datetime": {"datetime": "2021-09-28 20:11:52", "elapsed": 529.879004, "delta": 1.932219}}
{"target": -34.93512387804154, "params": {"C": 11222.570420837237, "gamma": 0.05473535927066138}, "datetime": {"datetime": "2021-09-28 20:11:55", "elapsed": 532.853302, "delta": 2.974298}}
{"target": -35.618508033531405, "params": {"C": 10457.333389100591, "gamma": 0.08162166858733302}, "datetime": {"datetime": "2021-09-28 20:11:57", "elapsed": 534.915006, "delta": 2.061704}}
{"target": -34.830211166052166, "params": {"C": 11154.852736544624, "gamma": 0.0512220667034015}, "datetime": {"datetime": "2021-09-28 20:11:59", "elapsed": 536.745869, "delta": 1.830863}}
{"target": -36.254860396279845, "params": {"C": 10227.880167631443, "gamma": 0.11477716682804781}, "datetime": {"datetime": "2021-09-28 20:12:00", "elapsed": 538.605148, "delta": 1.859279}}
{"target": -34.98659416520257, "params": {"C": 12493.859289873719, "gamma": 0.05458659227234815}, "datetime": {"datetime": "2021-09-28 20:12:05", "elapsed": 542.962804, "delta": 4.357656}}
{"target": -35.55376965261568, "params": {"C": 9056.758938696716, "gamma": 0.08316851078267261}, "datetime": {"datetime": "2021-09-28 20:12:07", "elapsed": 545.020948, "delta": 2.058144}}
{"target": -36.28989029948947, "params": {"C": 11315.48453161015, "gamma": 0.11180012382165974}, "datetime": {"datetime": "2021-09-28 20:12:09", "elapsed": 547.071209, "delta": 2.050261}}
{"target": -36.15251111863701, "params": {"C": 9764.222330944016, "gamma": 0.006610963561340002}, "datetime": {"datetime": "2021-09-28 20:12:13", "elapsed": 550.893141, "delta": 3.821932}}
{"target": -34.523968184032945, "params": {"C": 9500.804425772858, "gamma": 0.03711455126648026}, "datetime": {"datetime": "2021-09-28 20:12:16", "elapsed": 553.949374, "delta": 3.056233}}
{"target": -36.521988999309535, "params": {"C": 10855.99031331875, "gamma": 0.12756553855897818}, "datetime": {"datetime": "2021-09-28 20:12:20", "elapsed": 557.779646, "delta": 3.830272}}
{"target": -35.3239550037965, "params": {"C": 11727.937616534306, "gamma": 0.009740341283857569}, "datetime": {"datetime": "2021-09-28 20:12:22", "elapsed": 559.886649, "delta": 2.107003}}
{"target": -34.557546986781276, "params": {"C": 9078.435772507279, "gamma": 0.039506296482284924}, "datetime": {"datetime": "2021-09-28 20:12:25", "elapsed": 563.696157, "delta": 3.809508}}
{"target": -34.98956224412406, "params": {"C": 10093.375482739488, "gamma": 0.012709366540369792}, "datetime": {"datetime": "2021-09-28 20:12:29", "elapsed": 567.27032, "delta": 3.574163}}
{"target": -35.14086970535135, "params": {"C": 10980.191211186799, "gamma": 0.011179031455010226}, "datetime": {"datetime": "2021-09-28 20:12:34", "elapsed": 571.960778, "delta": 4.690458}}
{"target": -36.13251487322325, "params": {"C": 10549.485885057204, "gamma": 0.10585205714544126}, "datetime": {"datetime": "2021-09-28 20:12:36", "elapsed": 574.10264, "delta": 2.141862}}
{"target": -34.64153297516808, "params": {"C": 11475.501857312203, "gamma": 0.042079835270839624}, "datetime": {"datetime": "2021-09-28 20:12:39", "elapsed": 577.241041, "delta": 3.138401}}
{"target": -35.726968163045555, "params": {"C": 12473.52463907725, "gamma": 0.08068007166292998}, "datetime": {"datetime": "2021-09-28 20:12:42", "elapsed": 580.695123, "delta": 3.454082}}
{"target": -35.13712814129197, "params": {"C": 9098.52518480444, "gamma": 0.012292870389578318}, "datetime": {"datetime": "2021-09-28 20:12:45", "elapsed": 583.534244, "delta": 2.839121}}
{"target": -35.269194448447266, "params": {"C": 9179.895025535203, "gamma": 0.07107169456256124}, "datetime": {"datetime": "2021-09-28 20:12:48", "elapsed": 586.381388, "delta": 2.847144}}
{"target": -35.23490664231449, "params": {"C": 10024.200749065521, "gamma": 0.06770727649560411}, "datetime": {"datetime": "2021-09-28 20:12:51", "elapsed": 589.504146, "delta": 3.122758}}
{"target": -36.767186135459504, "params": {"C": 9130.891881315249, "gamma": 0.1551884103947961}, "datetime": {"datetime": "2021-09-28 20:12:53", "elapsed": 591.657573, "delta": 2.153427}}
{"target": -35.19974073364322, "params": {"C": 11402.54342499404, "gamma": 0.06359685948410712}, "datetime": {"datetime": "2021-09-28 20:12:55", "elapsed": 593.710127, "delta": 2.052554}}
{"target": -35.620045239090295, "params": {"C": 9496.660338277265, "gamma": 0.08461606248811451}, "datetime": {"datetime": "2021-09-28 20:12:58", "elapsed": 596.062703, "delta": 2.352576}}
{"target": -36.66760961833851, "params": {"C": 10300.526077899327, "gamma": 0.14107877289374354}, "datetime": {"datetime": "2021-09-28 20:13:00", "elapsed": 598.179799, "delta": 2.117096}}
{"target": -35.417361553059074, "params": {"C": 9098.455923616342, "gamma": 0.07726312676644005}, "datetime": {"datetime": "2021-09-28 20:13:04", "elapsed": 601.919523, "delta": 3.739724}}
{"target": -35.61074991995977, "params": {"C": 11222.634870260994, "gamma": 0.07922753380188194}, "datetime": {"datetime": "2021-09-28 20:13:07", "elapsed": 604.738274, "delta": 2.818751}}
{"target": -35.77172194940729, "params": {"C": 12727.834916716012, "gamma": 0.08182769797716657}, "datetime": {"datetime": "2021-09-28 20:13:11", "elapsed": 608.846132, "delta": 4.107858}}
{"target": -36.92517610293298, "params": {"C": 11897.762847420203, "gamma": 0.1470500437344827}, "datetime": {"datetime": "2021-09-28 20:13:13", "elapsed": 610.965458, "delta": 2.119326}}
{"target": -35.28986394762627, "params": {"C": 9363.391071808168, "gamma": 0.07140903138857417}, "datetime": {"datetime": "2021-09-28 20:13:16", "elapsed": 614.014201, "delta": 3.048743}}
{"target": -34.69321329258593, "params": {"C": 12727.766877135262, "gamma": 0.04338930739381493}, "datetime": {"datetime": "2021-09-28 20:13:19", "elapsed": 617.066512, "delta": 3.052311}}
{"target": -35.456456200025904, "params": {"C": 11361.976115691294, "gamma": 0.07295196902438461}, "datetime": {"datetime": "2021-09-28 20:13:22", "elapsed": 620.099561, "delta": 3.033049}}
{"target": -35.463952366125405, "params": {"C": 9764.179810858965, "gamma": 0.07725921080418784}, "datetime": {"datetime": "2021-09-28 20:13:26", "elapsed": 623.899393, "delta": 3.799832}}
{"target": -34.340063980709616, "params": {"C": 11450.481931332533, "gamma": 0.023962790044833607}, "datetime": {"datetime": "2021-09-28 20:13:28", "elapsed": 625.950398, "delta": 2.051005}}
{"target": -35.746011589341556, "params": {"C": 11450.521722885369, "gamma": 0.08411607785301431}, "datetime": {"datetime": "2021-09-28 20:13:31", "elapsed": 629.257639, "delta": 3.307241}}
{"target": -36.648119891360594, "params": {"C": 9752.903389271924, "gamma": 0.14294465874054085}, "datetime": {"datetime": "2021-09-28 20:13:33", "elapsed": 631.461567, "delta": 2.203928}}
{"target": -35.21859661765416, "params": {"C": 9363.371143575228, "gamma": 0.01154940229125978}, "datetime": {"datetime": "2021-09-28 20:13:39", "elapsed": 637.370838, "delta": 5.909271}}
{"target": -35.97290408170374, "params": {"C": 10335.165304311455, "gamma": 0.09816032466040608}, "datetime": {"datetime": "2021-09-28 20:13:43", "elapsed": 641.505597, "delta": 4.134759}}
{"target": -34.434458240712914, "params": {"C": 11034.107131837054, "gamma": 0.019922994709369667}, "datetime": {"datetime": "2021-09-28 20:13:47", "elapsed": 644.783961, "delta": 3.278364}}
{"target": -35.6427394999064, "params": {"C": 11043.449322787852, "gamma": 0.008515697772004088}, "datetime": {"datetime": "2021-09-28 20:13:49", "elapsed": 647.674569, "delta": 2.890608}}
{"target": -35.675764530817474, "params": {"C": 9914.552206224665, "gamma": 0.0857001575011594}, "datetime": {"datetime": "2021-09-28 20:13:52", "elapsed": 650.130886, "delta": 2.456317}}
{"target": -36.07026288628294, "params": {"C": 12393.987273737443, "gamma": 0.0957660369826026}, "datetime": {"datetime": "2021-09-28 20:13:55", "elapsed": 653.158112, "delta": 3.027226}}
{"target": -35.06830928451454, "params": {"C": 9363.462623685728, "gamma": 0.06292359673108304}, "datetime": {"datetime": "2021-09-28 20:13:58", "elapsed": 656.304275, "delta": 3.146163}}
{"target": -34.74098516589091, "params": {"C": 9311.98448634646, "gamma": 0.049849771770180566}, "datetime": {"datetime": "2021-09-28 20:14:02", "elapsed": 660.137583, "delta": 3.833308}}
{"target": -35.969429977490535, "params": {"C": 12291.834812486273, "gamma": 0.09137361009380632}, "datetime": {"datetime": "2021-09-28 20:14:05", "elapsed": 662.891416, "delta": 2.753833}}
{"target": -36.05911174683392, "params": {"C": 11632.07977073056, "gamma": 0.09776179351539314}, "datetime": {"datetime": "2021-09-28 20:14:07", "elapsed": 665.119119, "delta": 2.227703}}
{"target": -36.68429454286507, "params": {"C": 10917.592309259575, "gamma": 0.13838145020083378}, "datetime": {"datetime": "2021-09-28 20:14:09", "elapsed": 667.294682, "delta": 2.175563}}
{"target": -34.34621696854509, "params": {"C": 11417.105993164088, "gamma": 0.023132886363561332}, "datetime": {"datetime": "2021-09-28 20:14:13", "elapsed": 671.19733, "delta": 3.902648}}
{"target": -35.292851041987184, "params": {"C": 9848.52412002736, "gamma": 0.07031397320533188}, "datetime": {"datetime": "2021-09-28 20:14:15", "elapsed": 673.550097, "delta": 2.352767}}
{"target": -34.4520653733081, "params": {"C": 11924.687874627216, "gamma": 0.031175998937754995}, "datetime": {"datetime": "2021-09-28 20:14:19", "elapsed": 676.93943, "delta": 3.389333}}
{"target": -36.51774816074352, "params": {"C": 11834.154616962569, "gamma": 0.12209353898560803}, "datetime": {"datetime": "2021-09-28 20:14:21", "elapsed": 679.295641, "delta": 2.356211}}
{"target": -34.73122510456683, "params": {"C": 10679.492279477925, "gamma": 0.04749726004819144}, "datetime": {"datetime": "2021-09-28 20:14:24", "elapsed": 682.711004, "delta": 3.415363}}
{"target": -34.50464254978824, "params": {"C": 12455.029062215657, "gamma": 0.033825935241611836}, "datetime": {"datetime": "2021-09-28 20:14:28", "elapsed": 686.256259, "delta": 3.545255}}
