{"target": -36.5085853603161, "params": {"C": 970.1408055346014, "gamma": 0.010225007463361722}, "datetime": {"datetime": "2021-09-28 13:42:18", "elapsed": 1109.305381, "delta": 5.075016}}
{"target": -36.459387075432424, "params": {"C": 970.1064133660582, "gamma": 0.03871533894083442}, "datetime": {"datetime": "2021-09-28 13:42:25", "elapsed": 1115.950815, "delta": 6.645434}}
{"target": -36.76783132951142, "params": {"C": 970.0717404677439, "gamma": 0.05319651671247553}, "datetime": {"datetime": "2021-09-28 13:42:33", "elapsed": 1124.338035, "delta": 8.38722}}
{"target": -36.882155320150176, "params": {"C": 930.1598525244143, "gamma": 0.05555383421051329}, "datetime": {"datetime": "2021-09-28 13:42:39", "elapsed": 1130.390031, "delta": 6.051996}}
{"target": -38.250742692930814, "params": {"C": 824.6251638318041, "gamma": 0.003}, "datetime": {"datetime": "2021-09-28 13:42:48", "elapsed": 1138.768553, "delta": 8.378522}}
{"target": -36.827387649147326, "params": {"C": 779.4056918918063, "gamma": 0.0408319986801676}, "datetime": {"datetime": "2021-09-28 13:42:51", "elapsed": 1142.132218, "delta": 3.363665}}
{"target": -36.97022631888189, "params": {"C": 634.9049308109986, "gamma": 0.013498459112122569}, "datetime": {"datetime": "2021-09-28 13:42:54", "elapsed": 1145.271583, "delta": 3.139365}}
{"target": -36.42415542311346, "params": {"C": 986.0536645337645, "gamma": 0.038103405923818875}, "datetime": {"datetime": "2021-09-28 13:43:01", "elapsed": 1151.947349, "delta": 6.675766}}
{"target": -36.53318686991285, "params": {"C": 910.6008343490952, "gamma": 0.03763607621711398}, "datetime": {"datetime": "2021-09-28 13:43:10", "elapsed": 1161.270823, "delta": 9.323474}}
{"target": -37.48577510639987, "params": {"C": 798.3828905548409, "gamma": 0.07075699581565678}, "datetime": {"datetime": "2021-09-28 13:43:15", "elapsed": 1165.635902, "delta": 4.365079}}
{"target": -36.360039303388675, "params": {"C": 930.1109039113699, "gamma": 0.01409432045515123}, "datetime": {"datetime": "2021-09-28 13:43:21", "elapsed": 1172.422383, "delta": 6.786481}}
{"target": -37.864075637479054, "params": {"C": 930.1290159123539, "gamma": 0.003345791516134771}, "datetime": {"datetime": "2021-09-28 13:43:26", "elapsed": 1176.627546, "delta": 4.205163}}
{"target": -37.35019650350549, "params": {"C": 722.1224660575144, "gamma": 0.05919511421761737}, "datetime": {"datetime": "2021-09-28 13:43:28", "elapsed": 1179.548888, "delta": 2.921342}}
{"target": -36.26490980846424, "params": {"C": 970.1166103701441, "gamma": 0.019965126248498583}, "datetime": {"datetime": "2021-09-28 13:43:32", "elapsed": 1183.400727, "delta": 3.851839}}
{"target": -36.94022857972655, "params": {"C": 763.1909148253826, "gamma": 0.04488163470964448}, "datetime": {"datetime": "2021-09-28 13:43:35", "elapsed": 1186.50674, "delta": 3.106013}}
{"target": -36.32653522920396, "params": {"C": 930.0832682273797, "gamma": 0.022681092411482688}, "datetime": {"datetime": "2021-09-28 13:43:43", "elapsed": 1194.439938, "delta": 7.933198}}
{"target": -37.22711054447693, "params": {"C": 910.5906281680313, "gamma": 0.06909672564351077}, "datetime": {"datetime": "2021-09-28 13:43:48", "elapsed": 1198.778042, "delta": 4.338104}}
{"target": -36.41621567691924, "params": {"C": 930.1880870115706, "gamma": 0.032251182037234954}, "datetime": {"datetime": "2021-09-28 13:43:52", "elapsed": 1203.622457, "delta": 4.844415}}
{"target": -38.245380561162655, "params": {"C": 929.5245864941517, "gamma": 0.11109484396270276}, "datetime": {"datetime": "2021-09-28 13:43:56", "elapsed": 1207.240632, "delta": 3.618175}}
{"target": -37.08588609579865, "params": {"C": 873.126962052366, "gamma": 0.006679223021719057}, "datetime": {"datetime": "2021-09-28 13:44:03", "elapsed": 1213.693431, "delta": 6.452799}}
{"target": -36.402700967899, "params": {"C": 911.0080842985662, "gamma": 0.02869735987625098}, "datetime": {"datetime": "2021-09-28 13:44:09", "elapsed": 1220.488547, "delta": 6.795116}}
{"target": -36.85267198216323, "params": {"C": 984.6386207287187, "gamma": 0.058084458303716655}, "datetime": {"datetime": "2021-09-28 13:44:15", "elapsed": 1226.306016, "delta": 5.817469}}
{"target": -36.385606421237746, "params": {"C": 930.1091961866512, "gamma": 0.029705245547916915}, "datetime": {"datetime": "2021-09-28 13:44:23", "elapsed": 1233.849623, "delta": 7.543607}}
{"target": -36.36307151873522, "params": {"C": 980.0317958620827, "gamma": 0.03372163544792194}, "datetime": {"datetime": "2021-09-28 13:44:27", "elapsed": 1238.460423, "delta": 4.6108}}
{"target": -36.66018417053216, "params": {"C": 986.1620398282735, "gamma": 0.04944162223798115}, "datetime": {"datetime": "2021-09-28 13:44:35", "elapsed": 1246.067296, "delta": 7.606873}}
{"target": -36.42839229971734, "params": {"C": 979.7820341545605, "gamma": 0.03781839232667767}, "datetime": {"datetime": "2021-09-28 13:44:43", "elapsed": 1254.345544, "delta": 8.278248}}
{"target": -36.38719432781933, "params": {"C": 970.1379326625944, "gamma": 0.03448073772427088}, "datetime": {"datetime": "2021-09-28 13:44:50", "elapsed": 1261.495379, "delta": 7.149835}}
{"target": -36.34684563501905, "params": {"C": 910.6272386582352, "gamma": 0.019746281689022732}, "datetime": {"datetime": "2021-09-28 13:44:55", "elapsed": 1266.549387, "delta": 5.054008}}
{"target": -36.30331221591464, "params": {"C": 966.2249455445456, "gamma": 0.026639409819417995}, "datetime": {"datetime": "2021-09-28 13:45:01", "elapsed": 1271.638886, "delta": 5.089499}}
{"target": -37.586380046914755, "params": {"C": 944.2341401622017, "gamma": 0.08503532629380782}, "datetime": {"datetime": "2021-09-28 13:45:04", "elapsed": 1274.644516, "delta": 3.00563}}
{"target": -37.11892522066938, "params": {"C": 911.0110238979883, "gamma": 0.06461016308874609}, "datetime": {"datetime": "2021-09-28 13:45:10", "elapsed": 1281.557013, "delta": 6.912497}}
{"target": -36.9850879913223, "params": {"C": 910.991693948158, "gamma": 0.0069113656750548385}, "datetime": {"datetime": "2021-09-28 13:45:16", "elapsed": 1286.856773, "delta": 5.29976}}
{"target": -37.87669057769044, "params": {"C": 726.3886983559728, "gamma": 0.07913836057978788}, "datetime": {"datetime": "2021-09-28 13:45:19", "elapsed": 1290.213022, "delta": 3.356249}}
{"target": -36.341622032175316, "params": {"C": 930.1773058212776, "gamma": 0.01540633518935949}, "datetime": {"datetime": "2021-09-28 13:45:29", "elapsed": 1299.831186, "delta": 9.618164}}
{"target": -37.11975715195523, "params": {"C": 930.0743948317822, "gamma": 0.005966216160081542}, "datetime": {"datetime": "2021-09-28 13:45:36", "elapsed": 1307.102186, "delta": 7.271}}
{"target": -36.84714029357369, "params": {"C": 905.8901539184023, "gamma": 0.007930781004757685}, "datetime": {"datetime": "2021-09-28 13:45:41", "elapsed": 1311.754907, "delta": 4.652721}}
{"target": -36.859073767099275, "params": {"C": 806.0848306139399, "gamma": 0.009329670902214569}, "datetime": {"datetime": "2021-09-28 13:45:44", "elapsed": 1315.045101, "delta": 3.290194}}
{"target": -37.04554800013403, "params": {"C": 905.4406675362745, "gamma": 0.061216754084236616}, "datetime": {"datetime": "2021-09-28 13:45:54", "elapsed": 1324.989752, "delta": 9.944651}}
{"target": -38.618898154598355, "params": {"C": 601.0262865915827, "gamma": 0.09462111396369476}, "datetime": {"datetime": "2021-09-28 13:45:57", "elapsed": 1328.063402, "delta": 3.07365}}
{"target": -37.066093333808624, "params": {"C": 953.0845646209207, "gamma": 0.06520734675081019}, "datetime": {"datetime": "2021-09-28 13:46:02", "elapsed": 1333.417265, "delta": 5.353863}}
{"target": -36.41710730864002, "params": {"C": 966.2600793844052, "gamma": 0.036050567390140134}, "datetime": {"datetime": "2021-09-28 13:46:11", "elapsed": 1342.461858, "delta": 9.044593}}
{"target": -36.443380517236065, "params": {"C": 910.606337672065, "gamma": 0.012484811002613071}, "datetime": {"datetime": "2021-09-28 13:46:22", "elapsed": 1352.730477, "delta": 10.268619}}
{"target": -37.46914155942963, "params": {"C": 958.6566019115587, "gamma": 0.004308237389596836}, "datetime": {"datetime": "2021-09-28 13:46:27", "elapsed": 1358.263441, "delta": 5.532964}}
{"target": -36.548296515683255, "params": {"C": 930.2105514392156, "gamma": 0.010405252205728006}, "datetime": {"datetime": "2021-09-28 13:46:34", "elapsed": 1365.003104, "delta": 6.739663}}
{"target": -36.38045530393842, "params": {"C": 970.1662149249278, "gamma": 0.0339782907762826}, "datetime": {"datetime": "2021-09-28 13:46:41", "elapsed": 1371.90784, "delta": 6.904736}}
{"target": -36.748454560628, "params": {"C": 970.1933117874119, "gamma": 0.05233027420158497}, "datetime": {"datetime": "2021-09-28 13:46:49", "elapsed": 1380.233342, "delta": 8.325502}}
{"target": -38.55604001023599, "params": {"C": 793.3520652916193, "gamma": 0.11314807639100677}, "datetime": {"datetime": "2021-09-28 13:46:53", "elapsed": 1384.615275, "delta": 4.381933}}
{"target": -36.348844661921895, "params": {"C": 910.6576004803558, "gamma": 0.018315719141684148}, "datetime": {"datetime": "2021-09-28 13:47:02", "elapsed": 1393.147492, "delta": 8.532217}}
{"target": -36.27327730569556, "params": {"C": 966.3022015481356, "gamma": 0.01806835111483513}, "datetime": {"datetime": "2021-09-28 13:47:10", "elapsed": 1401.592857, "delta": 8.445365}}
{"target": -36.6376503969625, "params": {"C": 966.3157430232054, "gamma": 0.04710794140375322}, "datetime": {"datetime": "2021-09-28 13:47:16", "elapsed": 1407.352512, "delta": 5.759655}}
{"target": -36.495035625895014, "params": {"C": 954.5968899308174, "gamma": 0.03935204269999128}, "datetime": {"datetime": "2021-09-28 13:47:29", "elapsed": 1419.732323, "delta": 12.379811}}
{"target": -36.891270944166706, "params": {"C": 910.6571697862823, "gamma": 0.05454596198696152}, "datetime": {"datetime": "2021-09-28 13:47:37", "elapsed": 1428.091908, "delta": 8.359585}}
{"target": -37.09844837387391, "params": {"C": 994.4614821014316, "gamma": 0.005580761473963082}, "datetime": {"datetime": "2021-09-28 13:47:40", "elapsed": 1431.446553, "delta": 3.354645}}
{"target": -37.284708507010635, "params": {"C": 730.5442197189101, "gamma": 0.05727755506586692}, "datetime": {"datetime": "2021-09-28 13:47:44", "elapsed": 1435.413466, "delta": 3.966913}}
{"target": -37.06836096465744, "params": {"C": 771.8230282632477, "gamma": 0.05158589583743272}, "datetime": {"datetime": "2021-09-28 13:47:48", "elapsed": 1438.658661, "delta": 3.245195}}
{"target": -36.909649444870595, "params": {"C": 966.274666128433, "gamma": 0.059418873762670105}, "datetime": {"datetime": "2021-09-28 13:47:53", "elapsed": 1444.457409, "delta": 5.798748}}
{"target": -37.04565783510712, "params": {"C": 673.0757053114196, "gamma": 0.04065360008905719}, "datetime": {"datetime": "2021-09-28 13:47:57", "elapsed": 1448.115108, "delta": 3.657699}}
{"target": -36.84151477613964, "params": {"C": 970.1718725644615, "gamma": 0.007247358988211425}, "datetime": {"datetime": "2021-09-28 13:48:02", "elapsed": 1453.378068, "delta": 5.26296}}
{"target": -36.86939955526561, "params": {"C": 973.5727176909136, "gamma": 0.058077089635812776}, "datetime": {"datetime": "2021-09-28 13:48:11", "elapsed": 1461.746919, "delta": 8.368851}}
{"target": -36.8748099992291, "params": {"C": 899.8538576425293, "gamma": 0.007795233124821854}, "datetime": {"datetime": "2021-09-28 13:48:17", "elapsed": 1468.058052, "delta": 6.311133}}
{"target": -36.272850894504835, "params": {"C": 966.2823495274865, "gamma": 0.018192209923859348}, "datetime": {"datetime": "2021-09-28 13:48:22", "elapsed": 1473.594168, "delta": 5.536116}}
{"target": -36.83758240530986, "params": {"C": 953.3115045199361, "gamma": 0.007451187358386494}, "datetime": {"datetime": "2021-09-28 13:48:30", "elapsed": 1481.255824, "delta": 7.661656}}
{"target": -36.27914205170718, "params": {"C": 966.3407470114819, "gamma": 0.023237621751561712}, "datetime": {"datetime": "2021-09-28 13:48:36", "elapsed": 1486.795221, "delta": 5.539397}}
{"target": -36.79157582362369, "params": {"C": 954.6838606653424, "gamma": 0.05320108021726383}, "datetime": {"datetime": "2021-09-28 13:48:44", "elapsed": 1494.806279, "delta": 8.011058}}
{"target": -36.506293356488136, "params": {"C": 953.3847029688609, "gamma": 0.03985495269063357}, "datetime": {"datetime": "2021-09-28 13:48:54", "elapsed": 1505.457203, "delta": 10.650924}}
{"target": -36.290505719225514, "params": {"C": 966.3894007631163, "gamma": 0.025070054342077094}, "datetime": {"datetime": "2021-09-28 13:49:01", "elapsed": 1512.120124, "delta": 6.662921}}
{"target": -37.940888996229766, "params": {"C": 966.3921578044592, "gamma": 0.0030386890475419094}, "datetime": {"datetime": "2021-09-28 13:49:11", "elapsed": 1521.716993, "delta": 9.596869}}
{"target": -36.6089152797551, "params": {"C": 966.3335804054377, "gamma": 0.009176252699186153}, "datetime": {"datetime": "2021-09-28 13:49:18", "elapsed": 1529.54982, "delta": 7.832827}}
{"target": -36.90930560871189, "params": {"C": 966.4156419712853, "gamma": 0.05941304916351538}, "datetime": {"datetime": "2021-09-28 13:49:33", "elapsed": 1544.047113, "delta": 14.497293}}
{"target": -36.96279238589871, "params": {"C": 966.3596782411802, "gamma": 0.06183252269637879}, "datetime": {"datetime": "2021-09-28 13:49:42", "elapsed": 1552.926084, "delta": 8.878971}}
{"target": -36.7913944708316, "params": {"C": 730.1659239032451, "gamma": 0.03385623954742279}, "datetime": {"datetime": "2021-09-28 13:49:46", "elapsed": 1556.694363, "delta": 3.768279}}
{"target": -37.25842679965204, "params": {"C": 824.6757590677087, "gamma": 0.006185705846730491}, "datetime": {"datetime": "2021-09-28 13:49:51", "elapsed": 1562.418491, "delta": 5.724128}}
{"target": -36.26793257950421, "params": {"C": 970.0122580375696, "gamma": 0.021719783679056203}, "datetime": {"datetime": "2021-09-28 13:49:57", "elapsed": 1568.112795, "delta": 5.694304}}
{"target": -36.407281025919566, "params": {"C": 892.1401175789927, "gamma": 0.026307216210636}, "datetime": {"datetime": "2021-09-28 13:50:00", "elapsed": 1571.197584, "delta": 3.084789}}
{"target": -37.10976793862875, "params": {"C": 892.1158586799461, "gamma": 0.06296291913097254}, "datetime": {"datetime": "2021-09-28 13:50:07", "elapsed": 1578.433147, "delta": 7.235563}}
{"target": -38.19415300651015, "params": {"C": 944.8649247396797, "gamma": 0.1100797750516761}, "datetime": {"datetime": "2021-09-28 13:50:11", "elapsed": 1582.163327, "delta": 3.73018}}
{"target": -36.38013060937834, "params": {"C": 910.6873728572983, "gamma": 0.026368222480363333}, "datetime": {"datetime": "2021-09-28 13:50:16", "elapsed": 1587.436338, "delta": 5.273011}}
{"target": -36.334027987232886, "params": {"C": 966.3752106109196, "gamma": 0.02974210901796577}, "datetime": {"datetime": "2021-09-28 13:50:25", "elapsed": 1596.289179, "delta": 8.852841}}
{"target": -37.51932112664409, "params": {"C": 970.1298148879208, "gamma": 0.08424502955765234}, "datetime": {"datetime": "2021-09-28 13:50:36", "elapsed": 1607.248847, "delta": 10.959668}}
{"target": -36.52158852160905, "params": {"C": 892.1793467032453, "gamma": 0.03534959912645343}, "datetime": {"datetime": "2021-09-28 13:50:49", "elapsed": 1619.647769, "delta": 12.398922}}
{"target": -36.501135907221155, "params": {"C": 910.7093752687808, "gamma": 0.03589251867376416}, "datetime": {"datetime": "2021-09-28 13:50:54", "elapsed": 1625.552146, "delta": 5.904377}}
{"target": -37.316201596218384, "params": {"C": 954.6043493768043, "gamma": 0.07540142075379636}, "datetime": {"datetime": "2021-09-28 13:51:02", "elapsed": 1632.856074, "delta": 7.303928}}
{"target": -37.576886265071806, "params": {"C": 892.1891327780921, "gamma": 0.08096916234162928}, "datetime": {"datetime": "2021-09-28 13:51:12", "elapsed": 1643.245873, "delta": 10.389799}}
{"target": -37.726904423385264, "params": {"C": 984.710757002619, "gamma": 0.0034444488643245105}, "datetime": {"datetime": "2021-09-28 13:51:18", "elapsed": 1648.819201, "delta": 5.573328}}
{"target": -37.90076667088406, "params": {"C": 892.1861388412451, "gamma": 0.0034210712293221406}, "datetime": {"datetime": "2021-09-28 13:51:27", "elapsed": 1658.287523, "delta": 9.468322}}
{"target": -37.690758022629275, "params": {"C": 910.6944925684159, "gamma": 0.003864552679392698}, "datetime": {"datetime": "2021-09-28 13:51:33", "elapsed": 1663.825956, "delta": 5.538433}}
{"target": -37.20808113953353, "params": {"C": 835.0993446002642, "gamma": 0.06297337803685472}, "datetime": {"datetime": "2021-09-28 13:51:36", "elapsed": 1667.53034, "delta": 3.704384}}
{"target": -36.42470603699968, "params": {"C": 892.4517254679704, "gamma": 0.028136245419654475}, "datetime": {"datetime": "2021-09-28 13:51:43", "elapsed": 1673.725177, "delta": 6.194837}}
{"target": -37.174419183119404, "params": {"C": 910.6940275444343, "gamma": 0.06688632074880717}, "datetime": {"datetime": "2021-09-28 13:51:52", "elapsed": 1682.689455, "delta": 8.964278}}
{"target": -36.4066286216971, "params": {"C": 880.8670063156392, "gamma": 0.02407317124489537}, "datetime": {"datetime": "2021-09-28 13:51:55", "elapsed": 1685.84039, "delta": 3.150935}}
{"target": -36.368000330376844, "params": {"C": 969.9503031160709, "gamma": 0.03299811021379537}, "datetime": {"datetime": "2021-09-28 13:52:01", "elapsed": 1691.946227, "delta": 6.105837}}
{"target": -36.85012242938979, "params": {"C": 892.1507955154257, "gamma": 0.05135032057107981}, "datetime": {"datetime": "2021-09-28 13:52:11", "elapsed": 1702.193438, "delta": 10.247211}}
{"target": -36.28946834119368, "params": {"C": 953.3548540249706, "gamma": 0.02138872223828431}, "datetime": {"datetime": "2021-09-28 13:52:17", "elapsed": 1708.199017, "delta": 6.005579}}
{"target": -36.288174164661086, "params": {"C": 984.453460761361, "gamma": 0.027713202618262055}, "datetime": {"datetime": "2021-09-28 13:52:24", "elapsed": 1714.880027, "delta": 6.68101}}
{"target": -36.476876058767154, "params": {"C": 984.7143670124892, "gamma": 0.04085950263909033}, "datetime": {"datetime": "2021-09-28 13:52:31", "elapsed": 1722.370085, "delta": 7.490058}}
{"target": -36.38022026411229, "params": {"C": 892.1069967917724, "gamma": 0.017238938701749095}, "datetime": {"datetime": "2021-09-28 13:52:38", "elapsed": 1728.967026, "delta": 6.596941}}
{"target": -36.39247797839525, "params": {"C": 880.8384067595367, "gamma": 0.021147695228702273}, "datetime": {"datetime": "2021-09-28 13:52:46", "elapsed": 1737.237295, "delta": 8.270269}}
{"target": -36.51508230761069, "params": {"C": 839.9818918732068, "gamma": 0.013309377396717382}, "datetime": {"datetime": "2021-09-28 13:52:54", "elapsed": 1744.980486, "delta": 7.743191}}
{"target": -37.09602979577246, "params": {"C": 880.8713269484915, "gamma": 0.061646383300978415}, "datetime": {"datetime": "2021-09-28 13:53:03", "elapsed": 1754.507077, "delta": 9.526591}}
{"target": -38.57700927071097, "params": {"C": 815.1815666901228, "gamma": 0.11606647970888574}, "datetime": {"datetime": "2021-09-28 13:53:08", "elapsed": 1758.725826, "delta": 4.218749}}
{"target": -36.55467725328007, "params": {"C": 835.9311606401682, "gamma": 0.03150410864472568}, "datetime": {"datetime": "2021-09-28 13:53:11", "elapsed": 1762.165869, "delta": 3.440043}}
{"target": -36.5276506604384, "params": {"C": 1771.320643266746, "gamma": 0.004597900100673916}, "datetime": {"datetime": "2021-09-28 13:55:26", "elapsed": 0.0, "delta": 0.0}}
{"target": -36.18250356884944, "params": {"C": 1633.6482349262756, "gamma": 0.06065789895547311}, "datetime": {"datetime": "2021-09-28 13:55:26", "elapsed": 0.283002, "delta": 0.283002}}
{"target": -35.73668327477241, "params": {"C": 1498.5070123025903, "gamma": 0.02030934170587527}, "datetime": {"datetime": "2021-09-28 13:55:27", "elapsed": 0.486004, "delta": 0.203002}}
{"target": -36.63496447854684, "params": {"C": 1198.062864759624, "gamma": 0.06156086483931982}, "datetime": {"datetime": "2021-09-28 13:55:27", "elapsed": 0.750004, "delta": 0.264}}
{"target": -36.85122995240555, "params": {"C": 1411.4458925416175, "gamma": 0.08}, "datetime": {"datetime": "2021-09-28 13:55:27", "elapsed": 1.225004, "delta": 0.475}}
{"target": -36.38854104251255, "params": {"C": 1499.4911473355392, "gamma": 0.06522169614923791}, "datetime": {"datetime": "2021-09-28 13:55:28", "elapsed": 1.502, "delta": 0.276996}}
{"target": -36.23251427811528, "params": {"C": 1050.7629402534826, "gamma": 0.03079552323566977}, "datetime": {"datetime": "2021-09-28 13:55:28", "elapsed": 1.791003, "delta": 0.289003}}
{"target": -36.84195287449909, "params": {"C": 1383.0900832703292, "gamma": 0.004650782273589682}, "datetime": {"datetime": "2021-09-28 13:55:28", "elapsed": 2.359926, "delta": 0.568923}}
{"target": -35.75441118064801, "params": {"C": 1498.7539977076528, "gamma": 0.027645955861392426}, "datetime": {"datetime": "2021-09-28 13:55:29", "elapsed": 2.916015, "delta": 0.556089}}
{"target": -36.34360025275875, "params": {"C": 1497.5098664760876, "gamma": 0.06334485579137956}, "datetime": {"datetime": "2021-09-28 13:55:29", "elapsed": 3.419009, "delta": 0.502994}}
{"target": -35.677965507601414, "params": {"C": 1635.0036873276442, "gamma": 0.02928991258571901}, "datetime": {"datetime": "2021-09-28 13:55:30", "elapsed": 3.824464, "delta": 0.405455}}
{"target": -36.43594156645563, "params": {"C": 1635.761762388628, "gamma": 0.07182694958491702}, "datetime": {"datetime": "2021-09-28 13:55:30", "elapsed": 4.130301, "delta": 0.305837}}
{"target": -36.10649644269694, "params": {"C": 1498.71282438963, "gamma": 0.051525501687518016}, "datetime": {"datetime": "2021-09-28 13:55:31", "elapsed": 4.505298, "delta": 0.374997}}
{"target": -36.33462951167642, "params": {"C": 1446.2825241167093, "gamma": 0.06078799779031452}, "datetime": {"datetime": "2021-09-28 13:55:31", "elapsed": 4.8733, "delta": 0.368002}}
{"target": -36.9727315372442, "params": {"C": 1076.514516372519, "gamma": 0.06895320550096296}, "datetime": {"datetime": "2021-09-28 13:55:31", "elapsed": 5.2053, "delta": 0.332}}
