{"target": 0.1812005865935219, "params": {"C": 236139.56693410527, "gamma": 0.4289914908586678}, "datetime": {"datetime": "2021-10-04 11:15:26", "elapsed": 29.075759, "delta": 0.451307}}
{"target": 0.12789077806937676, "params": {"C": 329430.3164489927, "gamma": 0.5836840382065145}, "datetime": {"datetime": "2021-10-04 11:15:27", "elapsed": 29.503557, "delta": 0.427798}}
{"target": 0.14331296813226968, "params": {"C": 366335.3331312785, "gamma": 0.5313972035764672}, "datetime": {"datetime": "2021-10-04 11:15:27", "elapsed": 29.951864, "delta": 0.448307}}
{"target": 0.20019726989357245, "params": {"C": 436233.8275197322, "gamma": 0.3258646419785701}, "datetime": {"datetime": "2021-10-04 11:15:27", "elapsed": 30.421923, "delta": 0.470059}}
{"target": 0.21000118159319614, "params": {"C": 57007.6424128006, "gamma": 0.3257548824427433}, "datetime": {"datetime": "2021-10-04 11:15:28", "elapsed": 30.908202, "delta": 0.486279}}
{"target": 0.20320290146690656, "params": {"C": 350095.93111547094, "gamma": 0.3356539980657041}, "datetime": {"datetime": "2021-10-04 11:15:28", "elapsed": 31.390777, "delta": 0.482575}}
{"target": 0.1211702787311324, "params": {"C": 362537.4567860355, "gamma": 0.6063066028023606}, "datetime": {"datetime": "2021-10-04 11:15:29", "elapsed": 31.981389, "delta": 0.590612}}
{"target": 0.11980457715830872, "params": {"C": 461465.9218372292, "gamma": 0.6075126943637423}, "datetime": {"datetime": "2021-10-04 11:15:30", "elapsed": 32.506445, "delta": 0.525056}}
{"target": 0.1539334513653099, "params": {"C": 88570.08746932467, "gamma": 0.47848756924895236}, "datetime": {"datetime": "2021-10-04 11:15:30", "elapsed": 32.973925, "delta": 0.46748}}
{"target": 0.18376820734241783, "params": {"C": 105882.02546941701, "gamma": 0.41869287135746064}, "datetime": {"datetime": "2021-10-04 11:15:30", "elapsed": 33.4244, "delta": 0.450475}}
{"target": 0.18168483810913005, "params": {"C": 325122.41145031527, "gamma": 0.41901734849743133}, "datetime": {"datetime": "2021-10-04 11:15:31", "elapsed": 33.935662, "delta": 0.511262}}
{"target": 0.11297603518690935, "params": {"C": 212865.16686942196, "gamma": 0.6390030635987576}, "datetime": {"datetime": "2021-10-04 11:15:31", "elapsed": 34.35415, "delta": 0.418488}}
{"target": 0.07624384881155089, "params": {"C": 53344.866965875866, "gamma": 0.6180507998948201}, "datetime": {"datetime": "2021-10-04 11:15:32", "elapsed": 34.886358, "delta": 0.532208}}
{"target": 0.13887911445117118, "params": {"C": 154099.22235114936, "gamma": 0.5459517448864053}, "datetime": {"datetime": "2021-10-04 11:15:32", "elapsed": 35.369553, "delta": 0.483195}}
{"target": 0.18804496132806436, "params": {"C": 494693.16274686786, "gamma": 0.37918507140062063}, "datetime": {"datetime": "2021-10-04 11:15:33", "elapsed": 35.897387, "delta": 0.527834}}
{"target": 0.2020326808584828, "params": {"C": 356019.9577168714, "gamma": 0.3401375222993473}, "datetime": {"datetime": "2021-10-04 11:15:33", "elapsed": 36.396979, "delta": 0.499592}}
{"target": 0.12057142745668581, "params": {"C": 185460.92202655974, "gamma": 0.6089812831800221}, "datetime": {"datetime": "2021-10-04 11:15:34", "elapsed": 36.924431, "delta": 0.527452}}
{"target": 0.13260309780018853, "params": {"C": 139149.4738717518, "gamma": 0.5613842822870296}, "datetime": {"datetime": "2021-10-04 11:15:34", "elapsed": 37.403245, "delta": 0.478814}}
{"target": 0.1409557797597154, "params": {"C": 448816.1231017629, "gamma": 0.5350852906883541}, "datetime": {"datetime": "2021-10-04 11:15:35", "elapsed": 37.834959, "delta": 0.431714}}
{"target": 0.21414580149681184, "params": {"C": 139542.9982745952, "gamma": 0.3474331049249769}, "datetime": {"datetime": "2021-10-04 11:15:35", "elapsed": 38.266057, "delta": 0.431098}}
{"target": 0.1698667748646372, "params": {"C": 172162.02378110867, "gamma": 0.4622572511239738}, "datetime": {"datetime": "2021-10-04 11:15:36", "elapsed": 38.728321, "delta": 0.462264}}
{"target": 0.12887234268418324, "params": {"C": 378676.7490542746, "gamma": 0.5783003469854692}, "datetime": {"datetime": "2021-10-04 11:15:36", "elapsed": 39.184105, "delta": 0.455784}}
{"target": 0.18754194178838368, "params": {"C": 426311.01334373304, "gamma": 0.38891205423347736}, "datetime": {"datetime": "2021-10-04 11:15:37", "elapsed": 39.690309, "delta": 0.506204}}
{"target": 0.13525038823858337, "params": {"C": 405025.26291448687, "gamma": 0.5556357539682539}, "datetime": {"datetime": "2021-10-04 11:15:37", "elapsed": 40.215103, "delta": 0.524794}}
{"target": 0.06844426697222905, "params": {"C": 76863.49494598742, "gamma": 0.7354878019284907}, "datetime": {"datetime": "2021-10-04 11:15:38", "elapsed": 40.701138, "delta": 0.486035}}
{"target": 0.2162547783324148, "params": {"C": 71235.26359733549, "gamma": 0.3285309480713085}, "datetime": {"datetime": "2021-10-04 11:15:38", "elapsed": 41.316927, "delta": 0.615789}}
{"target": 0.08968807924250954, "params": {"C": 409894.4559249479, "gamma": 0.7417118291582937}, "datetime": {"datetime": "2021-10-04 11:15:39", "elapsed": 41.854546, "delta": 0.537619}}
{"target": 0.21941111129516577, "params": {"C": 213419.57832314214, "gamma": 0.3064428869234873}, "datetime": {"datetime": "2021-10-04 11:15:39", "elapsed": 42.389822, "delta": 0.535276}}
{"target": 0.09749806977553, "params": {"C": 344846.4535459952, "gamma": 0.7049177744574142}, "datetime": {"datetime": "2021-10-04 11:15:40", "elapsed": 42.886229, "delta": 0.496407}}
{"target": 0.12087515812685123, "params": {"C": 362644.6309846129, "gamma": 0.6073853583636653}, "datetime": {"datetime": "2021-10-04 11:15:40", "elapsed": 43.412758, "delta": 0.526529}}
{"target": 0.19584408835534783, "params": {"C": 462858.01875268086, "gamma": 0.34752107526480003}, "datetime": {"datetime": "2021-10-04 11:15:41", "elapsed": 43.936544, "delta": 0.523786}}
{"target": 0.20655426867351578, "params": {"C": 105660.18501176074, "gamma": 0.3657042659715015}, "datetime": {"datetime": "2021-10-04 11:15:41", "elapsed": 44.417486, "delta": 0.480942}}
{"target": 0.21842279091162098, "params": {"C": 165794.13708899484, "gamma": 0.32943270415936826}, "datetime": {"datetime": "2021-10-04 11:15:42", "elapsed": 44.967926, "delta": 0.55044}}
{"target": 0.15785224411528598, "params": {"C": 167060.04208972637, "gamma": 0.4939934704266682}, "datetime": {"datetime": "2021-10-04 11:15:42", "elapsed": 45.431257, "delta": 0.463331}}
{"target": 0.19552193895898407, "params": {"C": 93707.31064427766, "gamma": 0.3872141906627273}, "datetime": {"datetime": "2021-10-04 11:15:43", "elapsed": 45.96433, "delta": 0.533073}}
{"target": 0.0814759392061637, "params": {"C": 211448.7436271818, "gamma": 0.7863139758654165}, "datetime": {"datetime": "2021-10-04 11:15:43", "elapsed": 46.483485, "delta": 0.519155}}
{"target": 0.17994208790598598, "params": {"C": 478818.3450105114, "gamma": 0.41057188416357876}, "datetime": {"datetime": "2021-10-04 11:15:44", "elapsed": 47.072586, "delta": 0.589101}}
{"target": 0.12146336945111802, "params": {"C": 81724.56332222256, "gamma": 0.5546622806790653}, "datetime": {"datetime": "2021-10-04 11:15:45", "elapsed": 47.623454, "delta": 0.550868}}
{"target": 0.09345811219726874, "params": {"C": 438785.0904694113, "gamma": 0.7213161191185617}, "datetime": {"datetime": "2021-10-04 11:15:45", "elapsed": 48.11273, "delta": 0.489276}}
{"target": 0.1647244662741031, "params": {"C": 246388.01339473593, "gamma": 0.47418770745533606}, "datetime": {"datetime": "2021-10-04 11:15:46", "elapsed": 48.605948, "delta": 0.493218}}
{"target": 0.2068985085835766, "params": {"C": 287755.68294233625, "gamma": 0.3366385908751691}, "datetime": {"datetime": "2021-10-04 11:15:46", "elapsed": 49.147546, "delta": 0.541598}}
{"target": 0.19313971858355228, "params": {"C": 340733.80873944284, "gamma": 0.3799845171584269}, "datetime": {"datetime": "2021-10-04 11:15:47", "elapsed": 49.647449, "delta": 0.499903}}
{"target": 0.10497062937620327, "params": {"C": 437476.75247920357, "gamma": 0.6678800391105542}, "datetime": {"datetime": "2021-10-04 11:15:47", "elapsed": 50.200808, "delta": 0.553359}}
{"target": 0.10832844830383381, "params": {"C": 306907.76483548473, "gamma": 0.6580528220083814}, "datetime": {"datetime": "2021-10-04 11:15:48", "elapsed": 50.729495, "delta": 0.528687}}
{"target": 0.11784552042113661, "params": {"C": 211165.20401022854, "gamma": 0.620674402487893}, "datetime": {"datetime": "2021-10-04 11:15:48", "elapsed": 51.29276, "delta": 0.563265}}
{"target": 0.14148110428000715, "params": {"C": 107054.60586848161, "gamma": 0.5228463194374348}, "datetime": {"datetime": "2021-10-04 11:15:49", "elapsed": 51.946956, "delta": 0.654196}}
{"target": 0.18180101850653319, "params": {"C": 127330.27774683974, "gamma": 0.428625361297084}, "datetime": {"datetime": "2021-10-04 11:15:49", "elapsed": 52.461958, "delta": 0.515002}}
{"target": 0.19273257184594683, "params": {"C": 363354.752715891, "gamma": 0.37810439738240553}, "datetime": {"datetime": "2021-10-04 11:15:50", "elapsed": 52.983703, "delta": 0.521745}}
{"target": 0.1434343949266712, "params": {"C": 473009.1975774427, "gamma": 0.5260748246582754}, "datetime": {"datetime": "2021-10-04 11:15:51", "elapsed": 53.511721, "delta": 0.528018}}
{"target": 0.19461319953913037, "params": {"C": 375636.8632692101, "gamma": 0.3690506306548229}, "datetime": {"datetime": "2021-10-04 11:15:51", "elapsed": 54.095906, "delta": 0.584185}}
{"target": 0.15719939036406616, "params": {"C": 271394.8215155174, "gamma": 0.49432693454521914}, "datetime": {"datetime": "2021-10-04 11:15:52", "elapsed": 54.614987, "delta": 0.519081}}
{"target": 0.1284076945159074, "params": {"C": 72491.66886908349, "gamma": 0.5222056536829229}, "datetime": {"datetime": "2021-10-04 11:15:52", "elapsed": 55.211659, "delta": 0.596672}}
{"target": 0.12980101817780498, "params": {"C": 430641.36347416654, "gamma": 0.5729409435221922}, "datetime": {"datetime": "2021-10-04 11:15:53", "elapsed": 55.787532, "delta": 0.575873}}
{"target": 0.12088135679052114, "params": {"C": 432647.1324953479, "gamma": 0.6046211614276485}, "datetime": {"datetime": "2021-10-04 11:15:53", "elapsed": 56.310808, "delta": 0.523276}}
{"target": 0.17825303894322253, "params": {"C": 239569.38994762718, "gamma": 0.43692317914569123}, "datetime": {"datetime": "2021-10-04 11:15:54", "elapsed": 56.848152, "delta": 0.537344}}
{"target": 0.18211799752905078, "params": {"C": 422227.62816811237, "gamma": 0.4081829213230374}, "datetime": {"datetime": "2021-10-04 11:15:54", "elapsed": 57.440544, "delta": 0.592392}}
{"target": 0.09173836467169172, "params": {"C": 223690.61675093652, "gamma": 0.7324163273753825}, "datetime": {"datetime": "2021-10-04 11:15:55", "elapsed": 58.010732, "delta": 0.570188}}
{"target": 0.09456110483310687, "params": {"C": 128196.14571252109, "gamma": 0.6926447082510211}, "datetime": {"datetime": "2021-10-04 11:15:56", "elapsed": 58.558885, "delta": 0.548153}}
{"target": 0.21572493798480796, "params": {"C": 182870.49277191152, "gamma": 0.33383751293763064}, "datetime": {"datetime": "2021-10-04 11:15:56", "elapsed": 59.083674, "delta": 0.524789}}
{"target": 0.16265978749843735, "params": {"C": 217195.37917334007, "gamma": 0.48124090301369843}, "datetime": {"datetime": "2021-10-04 11:15:57", "elapsed": 59.637291, "delta": 0.553617}}
{"target": 0.20760009002820912, "params": {"C": 341397.6579686368, "gamma": 0.30877073774849895}, "datetime": {"datetime": "2021-10-04 11:15:57", "elapsed": 60.187804, "delta": 0.550513}}
{"target": 0.09088018091448768, "params": {"C": 368877.35575114266, "gamma": 0.7369070450289255}, "datetime": {"datetime": "2021-10-04 11:15:58", "elapsed": 60.770444, "delta": 0.58264}}
{"target": 0.08997071847866012, "params": {"C": 367763.82773794356, "gamma": 0.7416809044236666}, "datetime": {"datetime": "2021-10-04 11:15:58", "elapsed": 61.333691, "delta": 0.563247}}
{"target": 0.11452135205336134, "params": {"C": 490450.4997325168, "gamma": 0.62664393376315}, "datetime": {"datetime": "2021-10-04 11:15:59", "elapsed": 61.882224, "delta": 0.548533}}
{"target": 0.19840740271849244, "params": {"C": 488922.847415064, "gamma": 0.3200476127627532}, "datetime": {"datetime": "2021-10-04 11:15:59", "elapsed": 62.454775, "delta": 0.572551}}
{"target": 0.14585700971890136, "params": {"C": 114536.67123570605, "gamma": 0.5149498938510317}, "datetime": {"datetime": "2021-10-04 11:16:00", "elapsed": 63.005678, "delta": 0.550903}}
{"target": 0.20110682736069796, "params": {"C": 446934.13418770226, "gamma": 0.30884324796022683}, "datetime": {"datetime": "2021-10-04 11:16:01", "elapsed": 63.582751, "delta": 0.577073}}
{"target": 0.11222519861348446, "params": {"C": 174986.86621840572, "gamma": 0.6379394932462947}, "datetime": {"datetime": "2021-10-04 11:16:01", "elapsed": 64.152145, "delta": 0.569394}}
{"target": 0.07311696520115629, "params": {"C": 93138.86907451169, "gamma": 0.7520665546174172}, "datetime": {"datetime": "2021-10-04 11:16:02", "elapsed": 64.706267, "delta": 0.554122}}
{"target": 0.059271916648291234, "params": {"C": 76392.16166244207, "gamma": 0.7808576295666403}, "datetime": {"datetime": "2021-10-04 11:16:02", "elapsed": 65.256014, "delta": 0.549747}}
{"target": 0.10743244200613367, "params": {"C": 204278.71811608155, "gamma": 0.6602827689567621}, "datetime": {"datetime": "2021-10-04 11:16:03", "elapsed": 65.815994, "delta": 0.55998}}
{"target": 0.14269546820137902, "params": {"C": 469758.07411375985, "gamma": 0.5285813711064041}, "datetime": {"datetime": "2021-10-04 11:16:03", "elapsed": 66.372293, "delta": 0.556299}}
{"target": 0.1781251864762461, "params": {"C": 499984.42886649125, "gamma": 0.415093979441493}, "datetime": {"datetime": "2021-10-04 11:16:04", "elapsed": 67.02251, "delta": 0.650217}}
{"target": 0.2143908850885532, "params": {"C": 120264.23828223908, "gamma": 0.3478164842007356}, "datetime": {"datetime": "2021-10-04 11:16:05", "elapsed": 67.624706, "delta": 0.602196}}
{"target": 0.1806338123974115, "params": {"C": 309746.8027342049, "gamma": 0.42370148843372124}, "datetime": {"datetime": "2021-10-04 11:16:05", "elapsed": 68.32219, "delta": 0.697484}}
{"target": 0.1919809875707038, "params": {"C": 95792.55243862643, "gamma": 0.3960642810577816}, "datetime": {"datetime": "2021-10-04 11:16:06", "elapsed": 68.993605, "delta": 0.671415}}
{"target": 0.1901045478551, "params": {"C": 484069.7221958871, "gamma": 0.37184836192400483}, "datetime": {"datetime": "2021-10-04 11:16:07", "elapsed": 69.576387, "delta": 0.582782}}
{"target": 0.09073723820753665, "params": {"C": 494097.66485999426, "gamma": 0.7331275744311488}, "datetime": {"datetime": "2021-10-04 11:16:07", "elapsed": 70.148637, "delta": 0.57225}}
{"target": 0.08516341363500968, "params": {"C": 336256.0764783815, "gamma": 0.768681217934182}, "datetime": {"datetime": "2021-10-04 11:16:08", "elapsed": 70.739626, "delta": 0.590989}}
{"target": 0.13331537982534836, "params": {"C": 390876.6377416308, "gamma": 0.5626925299778897}, "datetime": {"datetime": "2021-10-04 11:16:08", "elapsed": 71.333857, "delta": 0.594231}}
{"target": 0.1994737328898979, "params": {"C": 468052.6409796197, "gamma": 0.31820373344148434}, "datetime": {"datetime": "2021-10-04 11:16:09", "elapsed": 71.947727, "delta": 0.61387}}
{"target": 0.13072174200196707, "params": {"C": 69744.07841066187, "gamma": 0.5117554564937175}, "datetime": {"datetime": "2021-10-04 11:16:10", "elapsed": 72.692806, "delta": 0.745079}}
{"target": 0.15323105527173198, "params": {"C": 489720.94908491446, "gamma": 0.4944856152297449}, "datetime": {"datetime": "2021-10-04 11:16:10", "elapsed": 73.298005, "delta": 0.605199}}
{"target": 0.10350974451528916, "params": {"C": 82690.03257428436, "gamma": 0.6105142850797558}, "datetime": {"datetime": "2021-10-04 11:16:11", "elapsed": 73.878564, "delta": 0.580559}}
{"target": 0.1730947286461153, "params": {"C": 158990.52434997336, "gamma": 0.45343943519767765}, "datetime": {"datetime": "2021-10-04 11:16:12", "elapsed": 74.533425, "delta": 0.654861}}
{"target": 0.14497544063783674, "params": {"C": 427390.7440485621, "gamma": 0.5232328363353834}, "datetime": {"datetime": "2021-10-04 11:16:12", "elapsed": 75.170701, "delta": 0.637276}}
{"target": 0.09128040616597666, "params": {"C": 349122.59440452815, "gamma": 0.7354497557794284}, "datetime": {"datetime": "2021-10-04 11:16:13", "elapsed": 75.782885, "delta": 0.612184}}
{"target": 0.07666272684179365, "params": {"C": 138168.21315286483, "gamma": 0.7882404582845051}, "datetime": {"datetime": "2021-10-04 11:16:14", "elapsed": 76.529757, "delta": 0.746872}}
{"target": 0.15169683221582653, "params": {"C": 315153.10261493956, "gamma": 0.5082381571369567}, "datetime": {"datetime": "2021-10-04 11:16:14", "elapsed": 77.143585, "delta": 0.613828}}
{"target": 0.1962382234464065, "params": {"C": 399762.6006813454, "gamma": 0.35801305725292315}, "datetime": {"datetime": "2021-10-04 11:16:15", "elapsed": 77.770458, "delta": 0.626873}}
{"target": 0.20541540857186846, "params": {"C": 373174.1216354866, "gamma": 0.3088042767002528}, "datetime": {"datetime": "2021-10-04 11:16:15", "elapsed": 78.424788, "delta": 0.65433}}
{"target": 0.20182997568863126, "params": {"C": 392846.6839525791, "gamma": 0.3298304053493554}, "datetime": {"datetime": "2021-10-04 11:16:16", "elapsed": 79.074272, "delta": 0.649484}}
{"target": 0.15359386331458014, "params": {"C": 57349.0757618805, "gamma": 0.4367819589909724}, "datetime": {"datetime": "2021-10-04 11:16:17", "elapsed": 79.698519, "delta": 0.624247}}
{"target": 0.16416185340229228, "params": {"C": 207340.752976125, "gamma": 0.4773791756384308}, "datetime": {"datetime": "2021-10-04 11:16:17", "elapsed": 80.337374, "delta": 0.638855}}
{"target": 0.09857214143965842, "params": {"C": 91834.44153915967, "gamma": 0.6413539824927565}, "datetime": {"datetime": "2021-10-04 11:16:18", "elapsed": 80.997912, "delta": 0.660538}}
{"target": 0.09825487755628803, "params": {"C": 220057.14802332927, "gamma": 0.7010193977060453}, "datetime": {"datetime": "2021-10-04 11:16:19", "elapsed": 81.678233, "delta": 0.680321}}
{"target": 0.11764666074112307, "params": {"C": 240061.1959775953, "gamma": 0.6222211787305441}, "datetime": {"datetime": "2021-10-04 11:16:19", "elapsed": 82.28475, "delta": 0.606517}}
{"target": 0.10836960881568836, "params": {"C": 373578.97057779453, "gamma": 0.6557997814222701}, "datetime": {"datetime": "2021-10-04 11:16:20", "elapsed": 82.948895, "delta": 0.664145}}
{"target": 0.1932887101964016, "params": {"C": 457735.07853093714, "gamma": 0.36142250550197497}, "datetime": {"datetime": "2021-10-04 11:16:21", "elapsed": 83.611868, "delta": 0.662973}}
{"target": 0.12493035071426806, "params": {"C": 377557.13556483574, "gamma": 0.5921448482040015}, "datetime": {"datetime": "2021-10-04 11:16:21", "elapsed": 84.261143, "delta": 0.649275}}
{"target": 0.20806615205972145, "params": {"C": 320577.0663199939, "gamma": 0.3173564562375082}, "datetime": {"datetime": "2021-10-04 11:16:22", "elapsed": 84.921743, "delta": 0.6606}}
{"target": 0.09499261935672743, "params": {"C": 94387.34758708233, "gamma": 0.6582157909766797}, "datetime": {"datetime": "2021-10-04 11:16:23", "elapsed": 85.574856, "delta": 0.653113}}
{"target": 0.1575432350172984, "params": {"C": 390550.6759715153, "gamma": 0.4864259471206166}, "datetime": {"datetime": "2021-10-04 11:16:23", "elapsed": 86.225606, "delta": 0.65075}}
{"target": 0.13691417507564818, "params": {"C": 285059.7759389031, "gamma": 0.5553082687027782}, "datetime": {"datetime": "2021-10-04 11:16:24", "elapsed": 87.036526, "delta": 0.81092}}
{"target": 0.1052783825780036, "params": {"C": 400681.91435151413, "gamma": 0.6679079927264413}, "datetime": {"datetime": "2021-10-04 11:16:25", "elapsed": 87.718212, "delta": 0.681686}}
{"target": 0.11942172873714152, "params": {"C": 329801.2431466435, "gamma": 0.6139590558240547}, "datetime": {"datetime": "2021-10-04 11:16:25", "elapsed": 88.435754, "delta": 0.717542}}
{"target": 0.19502674945396514, "params": {"C": 308985.984103429, "gamma": 0.3782779307659815}, "datetime": {"datetime": "2021-10-04 11:16:26", "elapsed": 89.122845, "delta": 0.687091}}
{"target": 0.08663699150564907, "params": {"C": 440207.5722727073, "gamma": 0.7570179427659802}, "datetime": {"datetime": "2021-10-04 11:16:27", "elapsed": 89.903015, "delta": 0.78017}}
{"target": 0.114142348010008, "params": {"C": 189643.6897363857, "gamma": 0.6327166221252744}, "datetime": {"datetime": "2021-10-04 11:16:28", "elapsed": 90.614397, "delta": 0.711382}}
{"target": 0.060325914182395635, "params": {"C": 52676.58533647953, "gamma": 0.6706699638764198}, "datetime": {"datetime": "2021-10-04 11:16:28", "elapsed": 91.29511, "delta": 0.680713}}
{"target": 0.08886730012433952, "params": {"C": 383348.8885000074, "gamma": 0.7469965425194108}, "datetime": {"datetime": "2021-10-04 11:16:29", "elapsed": 92.012554, "delta": 0.717444}}
{"target": 0.1440873071903247, "params": {"C": 152918.7740329777, "gamma": 0.5306341035536895}, "datetime": {"datetime": "2021-10-04 11:16:30", "elapsed": 92.718327, "delta": 0.705773}}
{"target": 0.08491579066131205, "params": {"C": 322416.3609618691, "gamma": 0.7703735538662468}, "datetime": {"datetime": "2021-10-04 11:16:30", "elapsed": 93.393097, "delta": 0.67477}}
{"target": 0.1700839478318915, "params": {"C": 461561.20623841725, "gamma": 0.44381309748485576}, "datetime": {"datetime": "2021-10-04 11:16:31", "elapsed": 94.178423, "delta": 0.785326}}
{"target": 0.03214260093355603, "params": {"C": 51532.91684115269, "gamma": 0.7929250840041263}, "datetime": {"datetime": "2021-10-04 11:16:32", "elapsed": 95.00412, "delta": 0.825697}}
{"target": 0.10557128542972494, "params": {"C": 209387.27061376916, "gamma": 0.668346510135271}, "datetime": {"datetime": "2021-10-04 11:16:33", "elapsed": 95.779257, "delta": 0.775137}}
{"target": 0.11075037794277265, "params": {"C": 168725.01379615648, "gamma": 0.6423971811748984}, "datetime": {"datetime": "2021-10-04 11:16:34", "elapsed": 96.507227, "delta": 0.72797}}
