{"target": -0.010250409339060518, "params": {"C": 2362.922829433421, "gamma": 0.06092954032531262}, "datetime": {"datetime": "2021-10-04 10:39:14", "elapsed": 261.914844, "delta": 1.480867}}
{"target": 0.03614590305146259, "params": {"C": 4110.007048109563, "gamma": 0.03968191103886281}, "datetime": {"datetime": "2021-10-04 10:39:16", "elapsed": 263.97623, "delta": 2.061386}}
{"target": 0.062032078981344774, "params": {"C": 4943.9507951835685, "gamma": 0.13160649571393426}, "datetime": {"datetime": "2021-10-04 10:39:19", "elapsed": 266.426075, "delta": 2.449845}}
{"target": -0.0795079817706088, "params": {"C": 2052.4661857288547, "gamma": 0.14534080279318887}, "datetime": {"datetime": "2021-10-04 10:39:21", "elapsed": 268.942683, "delta": 2.516608}}
{"target": 0.010282841943145105, "params": {"C": 3093.41450042065, "gamma": 0.11787327105865154}, "datetime": {"datetime": "2021-10-04 10:39:23", "elapsed": 271.291482, "delta": 2.348799}}
{"target": -0.11844956922585204, "params": {"C": 1221.4278206755944, "gamma": 0.057876967173973067}, "datetime": {"datetime": "2021-10-04 10:39:25", "elapsed": 273.190919, "delta": 1.899437}}
{"target": 0.07012822859955781, "params": {"C": 4477.645959508645, "gamma": 0.08840657560708998}, "datetime": {"datetime": "2021-10-04 10:39:28", "elapsed": 275.525031, "delta": 2.334112}}
{"target": -0.058867567440128665, "params": {"C": 2675.640277483389, "gamma": 0.17212842877489115}, "datetime": {"datetime": "2021-10-04 10:39:30", "elapsed": 277.640385, "delta": 2.115354}}
{"target": -0.10785009797128176, "params": {"C": 2383.912447923782, "gamma": 0.2}, "datetime": {"datetime": "2021-10-04 10:39:32", "elapsed": 279.94137, "delta": 2.300985}}
{"target": 0.00048589713797830836, "params": {"C": 3567.3380933003896, "gamma": 0.15791996580538656}, "datetime": {"datetime": "2021-10-04 10:39:34", "elapsed": 281.965728, "delta": 2.024358}}
{"target": -0.161179946214967, "params": {"C": 3578.9250112474197, "gamma": 0.009}, "datetime": {"datetime": "2021-10-04 10:39:36", "elapsed": 284.03671, "delta": 2.070982}}
{"target": 0.03783112799393418, "params": {"C": 3590.3442027004885, "gamma": 0.052214829848942164}, "datetime": {"datetime": "2021-10-04 10:39:38", "elapsed": 286.067531, "delta": 2.030821}}
{"target": 0.04171971657281437, "params": {"C": 4720.793668952463, "gamma": 0.03531460553288069}, "datetime": {"datetime": "2021-10-04 10:39:40", "elapsed": 288.337442, "delta": 2.269911}}
{"target": 0.07569317760796601, "params": {"C": 4710.883710585494, "gamma": 0.08752436200361476}, "datetime": {"datetime": "2021-10-04 10:39:42", "elapsed": 290.12312, "delta": 1.785678}}
{"target": 0.05437465077019743, "params": {"C": 4532.944438936713, "gamma": 0.04443464465085641}, "datetime": {"datetime": "2021-10-04 10:39:45", "elapsed": 292.372485, "delta": 2.249365}}
{"target": 0.054680753743098776, "params": {"C": 4747.671318533148, "gamma": 0.13594583179107142}, "datetime": {"datetime": "2021-10-04 10:39:47", "elapsed": 294.907346, "delta": 2.534861}}
{"target": 0.004625275760288594, "params": {"C": 2692.358255159563, "gamma": 0.09396273967717687}, "datetime": {"datetime": "2021-10-04 10:39:50", "elapsed": 297.901046, "delta": 2.9937}}
{"target": -0.046699819415382704, "params": {"C": 2614.9618884956053, "gamma": 0.1551654606710157}, "datetime": {"datetime": "2021-10-04 10:39:53", "elapsed": 301.030852, "delta": 3.129806}}
{"target": 0.012490527134513485, "params": {"C": 4276.190528439405, "gamma": 0.02884552281210561}, "datetime": {"datetime": "2021-10-04 10:39:56", "elapsed": 303.929718, "delta": 2.898866}}
{"target": 0.06695613758932972, "params": {"C": 4508.009077753417, "gamma": 0.05786588469940691}, "datetime": {"datetime": "2021-10-04 10:39:58", "elapsed": 306.184864, "delta": 2.255146}}
{"target": -0.01779816691451308, "params": {"C": 2215.6319541176317, "gamma": 0.06781225081144299}, "datetime": {"datetime": "2021-10-04 10:40:00", "elapsed": 308.179733, "delta": 1.994869}}
{"target": 0.010645607066368856, "params": {"C": 3121.923328247618, "gamma": 0.04354456078415114}, "datetime": {"datetime": "2021-10-04 10:40:03", "elapsed": 310.482405, "delta": 2.302672}}
{"target": 0.051679338655384544, "params": {"C": 4260.886633078182, "gamma": 0.047323212387154034}, "datetime": {"datetime": "2021-10-04 10:40:05", "elapsed": 313.031143, "delta": 2.548738}}
{"target": -0.03115446430269242, "params": {"C": 3233.126793972104, "gamma": 0.026209558218970426}, "datetime": {"datetime": "2021-10-04 10:40:07", "elapsed": 315.302256, "delta": 2.271113}}
{"target": 0.1748126248208013, "params": {"C": 29785.905615855896, "gamma": 0.14425623412005803}, "datetime": {"datetime": "2021-10-04 10:40:12", "elapsed": 0.0, "delta": 0.0}}
{"target": 0.16239201906335743, "params": {"C": 18090.713251082496, "gamma": 0.10656807259275364}, "datetime": {"datetime": "2021-10-04 10:40:12", "elapsed": 0.184957, "delta": 0.184957}}
{"target": 0.18635187546930465, "params": {"C": 45182.61294564446, "gamma": 0.1801919799862867}, "datetime": {"datetime": "2021-10-04 10:40:12", "elapsed": 0.347781, "delta": 0.162824}}
{"target": 0.12892473442569696, "params": {"C": 10651.338970872632, "gamma": 0.048583389724393675}, "datetime": {"datetime": "2021-10-04 10:40:12", "elapsed": 0.501466, "delta": 0.153685}}
{"target": 0.11471490311306176, "params": {"C": 7316.024148537344, "gamma": 0.09319468013727156}, "datetime": {"datetime": "2021-10-04 10:40:13", "elapsed": 0.679877, "delta": 0.178411}}
{"target": 0.12859386110486093, "params": {"C": 49991.4150796676, "gamma": 0.015388789397304738}, "datetime": {"datetime": "2021-10-04 10:40:13", "elapsed": 0.885666, "delta": 0.205789}}
{"target": 0.14208705001124777, "params": {"C": 42851.90258525941, "gamma": 0.02046091795532686}, "datetime": {"datetime": "2021-10-04 10:40:13", "elapsed": 1.10291, "delta": 0.217244}}
{"target": 0.17451130171506335, "params": {"C": 29783.780920483438, "gamma": 0.12823467820298068}, "datetime": {"datetime": "2021-10-04 10:40:13", "elapsed": 1.365834, "delta": 0.262924}}
{"target": 0.17908571132705753, "params": {"C": 44938.25240749355, "gamma": 0.10863898137583415}, "datetime": {"datetime": "2021-10-04 10:40:14", "elapsed": 1.588577, "delta": 0.222743}}
{"target": 0.1784615959943281, "params": {"C": 30187.55191186219, "gamma": 0.19107524583284147}, "datetime": {"datetime": "2021-10-04 10:40:14", "elapsed": 1.835417, "delta": 0.24684}}
{"target": 0.16024736766332193, "params": {"C": 45636.533899185764, "gamma": 0.027197970626735908}, "datetime": {"datetime": "2021-10-04 10:40:14", "elapsed": 2.067279, "delta": 0.231862}}
{"target": 0.1814516498927572, "params": {"C": 44316.523521967254, "gamma": 0.14903126034196745}, "datetime": {"datetime": "2021-10-04 10:40:14", "elapsed": 2.336916, "delta": 0.269637}}
{"target": 0.17978944837755484, "params": {"C": 43880.995013456224, "gamma": 0.08908124946617917}, "datetime": {"datetime": "2021-10-04 10:40:15", "elapsed": 2.590905, "delta": 0.253989}}
{"target": 0.1752710693650098, "params": {"C": 30948.412953157596, "gamma": 0.11907813002252818}, "datetime": {"datetime": "2021-10-04 10:40:15", "elapsed": 2.822749, "delta": 0.231844}}
{"target": 0.11707080652967672, "params": {"C": 31503.19352896199, "gamma": 0.01734620327817591}, "datetime": {"datetime": "2021-10-04 10:40:15", "elapsed": 3.085841, "delta": 0.263092}}
{"target": 0.17659763672964668, "params": {"C": 30603.402501435037, "gamma": 0.085480097547248}, "datetime": {"datetime": "2021-10-04 10:40:15", "elapsed": 3.339934, "delta": 0.254093}}
{"target": 0.1284241837433896, "params": {"C": 19058.400990348502, "gamma": 0.028070867794724445}, "datetime": {"datetime": "2021-10-04 10:40:16", "elapsed": 3.683021, "delta": 0.343087}}
{"target": 0.15167205089354152, "params": {"C": 17260.714452669552, "gamma": 0.18223241977035315}, "datetime": {"datetime": "2021-10-04 10:40:16", "elapsed": 4.025709, "delta": 0.342688}}
{"target": 0.1791794138762426, "params": {"C": 37258.446211157185, "gamma": 0.14586338213619254}, "datetime": {"datetime": "2021-10-04 10:40:16", "elapsed": 4.273165, "delta": 0.247456}}
{"target": 0.1787023042446635, "params": {"C": 37748.574048315626, "gamma": 0.1371402774830507}, "datetime": {"datetime": "2021-10-04 10:40:16", "elapsed": 4.511556, "delta": 0.238391}}
{"target": 0.16195017116976473, "params": {"C": 36702.89415602938, "gamma": 0.032047464141936516}, "datetime": {"datetime": "2021-10-04 10:40:17", "elapsed": 4.828249, "delta": 0.316693}}
{"target": 0.18312926729295254, "params": {"C": 38306.53007994625, "gamma": 0.17609572726326592}, "datetime": {"datetime": "2021-10-04 10:40:17", "elapsed": 5.128914, "delta": 0.300665}}
{"target": 0.16013854699573393, "params": {"C": 38796.61351838408, "gamma": 0.029826557645307172}, "datetime": {"datetime": "2021-10-04 10:40:17", "elapsed": 5.414089, "delta": 0.285175}}
{"target": 0.16804431257572194, "params": {"C": 24385.998268893774, "gamma": 0.05211512666269879}, "datetime": {"datetime": "2021-10-04 10:40:18", "elapsed": 5.777165, "delta": 0.363076}}
{"target": 0.16043270770415086, "params": {"C": 25102.739056541737, "gamma": 0.040460463756374576}, "datetime": {"datetime": "2021-10-04 10:40:18", "elapsed": 6.100209, "delta": 0.323044}}
{"target": 0.1685781401225398, "params": {"C": 23690.961278170267, "gamma": 0.13760273219349378}, "datetime": {"datetime": "2021-10-04 10:40:18", "elapsed": 6.463623, "delta": 0.363414}}
{"target": 0.16634748637972885, "params": {"C": 22990.681588507785, "gamma": 0.0522562408068932}, "datetime": {"datetime": "2021-10-04 10:40:19", "elapsed": 6.748894, "delta": 0.285271}}
{"target": 0.16540854793757043, "params": {"C": 22211.64036237245, "gamma": 0.17520707009023068}, "datetime": {"datetime": "2021-10-04 10:40:19", "elapsed": 7.049803, "delta": 0.300909}}
{"target": 0.165576776285148, "params": {"C": 21410.124411406312, "gamma": 0.13237828711719088}, "datetime": {"datetime": "2021-10-04 10:40:19", "elapsed": 7.419736, "delta": 0.369933}}
{"target": 0.16774039401184127, "params": {"C": 20650.707992094864, "gamma": 0.0678522052468126}, "datetime": {"datetime": "2021-10-04 10:40:20", "elapsed": 7.767319, "delta": 0.347583}}
{"target": 0.1434224195686562, "params": {"C": 14039.852100233127, "gamma": 0.15371529246173807}, "datetime": {"datetime": "2021-10-04 10:40:20", "elapsed": 8.06819, "delta": 0.300871}}
{"target": 0.12383744627621673, "params": {"C": 38049.813420348764, "gamma": 0.01688620773920687}, "datetime": {"datetime": "2021-10-04 10:40:20", "elapsed": 8.384705, "delta": 0.316515}}
{"target": 0.1815909111171542, "params": {"C": 45073.15349914169, "gamma": 0.06491439939418277}, "datetime": {"datetime": "2021-10-04 10:40:21", "elapsed": 8.723183, "delta": 0.338478}}
{"target": 0.18397026804930883, "params": {"C": 44104.94755874308, "gamma": 0.16754827033441566}, "datetime": {"datetime": "2021-10-04 10:40:21", "elapsed": 9.070942, "delta": 0.347759}}
{"target": 0.1785407700674051, "params": {"C": 37520.95694308832, "gamma": 0.13579772030043194}, "datetime": {"datetime": "2021-10-04 10:40:21", "elapsed": 9.431842, "delta": 0.3609}}
{"target": 0.1800887720671822, "params": {"C": 38484.608587955314, "gamma": 0.06579270256822797}, "datetime": {"datetime": "2021-10-04 10:40:22", "elapsed": 9.841068, "delta": 0.409226}}
{"target": 0.1793346646516445, "params": {"C": 44614.69478677753, "gamma": 0.09807978571507057}, "datetime": {"datetime": "2021-10-04 10:40:22", "elapsed": 10.257915, "delta": 0.416847}}
{"target": 0.17961902887915315, "params": {"C": 43562.9130364008, "gamma": 0.04985973643318803}, "datetime": {"datetime": "2021-10-04 10:40:23", "elapsed": 10.62795, "delta": 0.370035}}
{"target": 0.16657405584100504, "params": {"C": 20184.990977164645, "gamma": 0.06500835732874109}, "datetime": {"datetime": "2021-10-04 10:40:23", "elapsed": 11.013492, "delta": 0.385542}}
{"target": 0.13384240530531943, "params": {"C": 34253.37652634444, "gamma": 0.020617828075295656}, "datetime": {"datetime": "2021-10-04 10:40:23", "elapsed": 11.430317, "delta": 0.416825}}
{"target": 0.17424116397899514, "params": {"C": 27336.70241287648, "gamma": 0.063165885586875}, "datetime": {"datetime": "2021-10-04 10:40:24", "elapsed": 11.83123, "delta": 0.400913}}
{"target": 0.1731138878305175, "params": {"C": 26998.084309346894, "gamma": 0.10837266425207481}, "datetime": {"datetime": "2021-10-04 10:40:24", "elapsed": 12.147754, "delta": 0.316524}}
{"target": 0.17573336129606132, "params": {"C": 27697.64937528723, "gamma": 0.19815386126741916}, "datetime": {"datetime": "2021-10-04 10:40:25", "elapsed": 12.611433, "delta": 0.463679}}
{"target": 0.1741665223421891, "params": {"C": 28041.100738591806, "gamma": 0.1025235165558729}, "datetime": {"datetime": "2021-10-04 10:40:25", "elapsed": 12.997007, "delta": 0.385574}}
{"target": 0.175728746923818, "params": {"C": 28410.640855091646, "gamma": 0.07676613856944094}, "datetime": {"datetime": "2021-10-04 10:40:25", "elapsed": 13.386055, "delta": 0.389048}}
{"target": 0.1744526791785831, "params": {"C": 28755.346149669465, "gamma": 0.15721248247891487}, "datetime": {"datetime": "2021-10-04 10:40:26", "elapsed": 13.72409, "delta": 0.338035}}
{"target": 0.16126390376335276, "params": {"C": 26609.4307958103, "gamma": 0.0394085601277268}, "datetime": {"datetime": "2021-10-04 10:40:26", "elapsed": 14.140897, "delta": 0.416807}}
{"target": 0.17768110618377364, "params": {"C": 29106.848892577385, "gamma": 0.1974974845212839}, "datetime": {"datetime": "2021-10-04 10:40:26", "elapsed": 14.542064, "delta": 0.401167}}
{"target": 0.04719553105486296, "params": {"C": 5003.107118302198, "gamma": 0.15792579453417144}, "datetime": {"datetime": "2021-10-04 10:40:27", "elapsed": 14.88986, "delta": 0.347796}}
{"target": 0.18348817438675202, "params": {"C": 47716.36212995033, "gamma": 0.16026265219592845}, "datetime": {"datetime": "2021-10-04 10:40:27", "elapsed": 15.297593, "delta": 0.407733}}
{"target": 0.17945908442929792, "params": {"C": 47347.923451589646, "gamma": 0.09876682648533132}, "datetime": {"datetime": "2021-10-04 10:40:28", "elapsed": 15.745428, "delta": 0.447835}}
{"target": 0.18779139178899507, "params": {"C": 48113.45134998056, "gamma": 0.18442415519700608}, "datetime": {"datetime": "2021-10-04 10:40:28", "elapsed": 16.130982, "delta": 0.385554}}
{"target": 0.18676940102922734, "params": {"C": 48476.397155142666, "gamma": 0.17872927718370515}, "datetime": {"datetime": "2021-10-04 10:40:28", "elapsed": 16.532215, "delta": 0.401233}}
{"target": 0.17927537142091965, "params": {"C": 48867.133477232455, "gamma": 0.11305919409975332}, "datetime": {"datetime": "2021-10-04 10:40:29", "elapsed": 16.919822, "delta": 0.387607}}
{"target": 0.18210793083592103, "params": {"C": 46872.18214736907, "gamma": 0.15131729868143348}, "datetime": {"datetime": "2021-10-04 10:40:29", "elapsed": 17.305132, "delta": 0.38531}}
{"target": 0.18038404160369048, "params": {"C": 46456.55570416094, "gamma": 0.08399010774264078}, "datetime": {"datetime": "2021-10-04 10:40:30", "elapsed": 17.718179, "delta": 0.413047}}
{"target": 0.16276717112257144, "params": {"C": 40745.000664615276, "gamma": 0.030599264962536232}, "datetime": {"datetime": "2021-10-04 10:40:30", "elapsed": 18.107209, "delta": 0.38903}}
{"target": 0.13035440997087766, "params": {"C": 12379.090979895853, "gamma": 0.17462110463073702}, "datetime": {"datetime": "2021-10-04 10:40:30", "elapsed": 18.539672, "delta": 0.432463}}
{"target": 0.13130923935795802, "params": {"C": 15684.575351712407, "gamma": 0.03413131051673093}, "datetime": {"datetime": "2021-10-04 10:40:31", "elapsed": 18.956089, "delta": 0.416417}}
{"target": 0.12795681127925806, "params": {"C": 9012.154006641409, "gamma": 0.10263373535189453}, "datetime": {"datetime": "2021-10-04 10:40:31", "elapsed": 19.379479, "delta": 0.42339}}
{"target": 0.17741698450000232, "params": {"C": 35642.70533087349, "gamma": 0.10826809360317782}, "datetime": {"datetime": "2021-10-04 10:40:32", "elapsed": 19.758312, "delta": 0.378833}}
{"target": 0.17888173248399108, "params": {"C": 35211.77380745768, "gamma": 0.07640456872320067}, "datetime": {"datetime": "2021-10-04 10:40:32", "elapsed": 20.259817, "delta": 0.501505}}
{"target": 0.16371216324536642, "params": {"C": 36081.66188973238, "gamma": 0.03367234349269739}, "datetime": {"datetime": "2021-10-04 10:40:33", "elapsed": 20.698772, "delta": 0.438955}}
{"target": 0.17806020407986123, "params": {"C": 32912.10510652019, "gamma": 0.06756182787812547}, "datetime": {"datetime": "2021-10-04 10:40:33", "elapsed": 21.146835, "delta": 0.448063}}
{"target": 0.17618307833200209, "params": {"C": 33339.250945338455, "gamma": 0.05355014261155763}, "datetime": {"datetime": "2021-10-04 10:40:34", "elapsed": 21.585798, "delta": 0.438963}}
{"target": 0.17653657631933262, "params": {"C": 32472.074391247137, "gamma": 0.1413326734225422}, "datetime": {"datetime": "2021-10-04 10:40:34", "elapsed": 22.080022, "delta": 0.494224}}
{"target": 0.1797238555423254, "params": {"C": 39853.11753790051, "gamma": 0.14204715912566096}, "datetime": {"datetime": "2021-10-04 10:40:34", "elapsed": 22.519081, "delta": 0.439059}}
{"target": 0.18188635413573828, "params": {"C": 39445.27711926441, "gamma": 0.16314736107021885}, "datetime": {"datetime": "2021-10-04 10:40:35", "elapsed": 22.951528, "delta": 0.432447}}
{"target": 0.1807805397060288, "params": {"C": 41639.89664720901, "gamma": 0.07041086102973854}, "datetime": {"datetime": "2021-10-04 10:40:35", "elapsed": 23.383941, "delta": 0.432413}}
{"target": 0.1793558792203762, "params": {"C": 42028.28231532213, "gamma": 0.13044779680730464}, "datetime": {"datetime": "2021-10-04 10:40:36", "elapsed": 23.82233, "delta": 0.438389}}
{"target": 0.18062091262602764, "params": {"C": 41264.347404957975, "gamma": 0.0722174206251382}, "datetime": {"datetime": "2021-10-04 10:40:36", "elapsed": 24.292572, "delta": 0.470242}}
{"target": 0.1027918977210408, "params": {"C": 6216.581215440634, "gamma": 0.07802545768955711}, "datetime": {"datetime": "2021-10-04 10:40:37", "elapsed": 24.751949, "delta": 0.459377}}
{"target": 0.1530573573612658, "params": {"C": 25844.10253152628, "gamma": 0.033830574659104586}, "datetime": {"datetime": "2021-10-04 10:40:37", "elapsed": 25.252856, "delta": 0.500907}}
{"target": 0.16825301878785204, "params": {"C": 40243.84587290287, "gamma": 0.034995804520858646}, "datetime": {"datetime": "2021-10-04 10:40:38", "elapsed": 25.807612, "delta": 0.554756}}
{"target": 0.14453230581985443, "params": {"C": 13246.56749999178, "gamma": 0.05291144264295163}, "datetime": {"datetime": "2021-10-04 10:40:38", "elapsed": 26.387288, "delta": 0.579676}}
{"target": 0.1811905786444964, "params": {"C": 49266.665071547526, "gamma": 0.14230563341852653}, "datetime": {"datetime": "2021-10-04 10:40:39", "elapsed": 26.876931, "delta": 0.489643}}
{"target": 0.14743865442357218, "params": {"C": 16540.278176640688, "gamma": 0.19557169524327653}, "datetime": {"datetime": "2021-10-04 10:40:39", "elapsed": 27.394021, "delta": 0.51709}}
{"target": 0.1473612387591059, "params": {"C": 14822.689273101762, "gamma": 0.14933154104963361}, "datetime": {"datetime": "2021-10-04 10:40:40", "elapsed": 27.857444, "delta": 0.463423}}
{"target": 0.13890380835118032, "params": {"C": 11519.346030208593, "gamma": 0.12150287017735008}, "datetime": {"datetime": "2021-10-04 10:40:40", "elapsed": 28.443791, "delta": 0.586347}}
{"target": 0.12771408480912483, "params": {"C": 9838.45143578136, "gamma": 0.12549475167705482}, "datetime": {"datetime": "2021-10-04 10:40:41", "elapsed": 28.913691, "delta": 0.4699}}
{"target": 0.1239056109095259, "params": {"C": 8189.824352424196, "gamma": 0.07390510377952168}, "datetime": {"datetime": "2021-10-04 10:40:41", "elapsed": 29.430849, "delta": 0.517158}}
{"target": 0.17942783369411563, "params": {"C": 46113.47515330698, "gamma": 0.09821419694909603}, "datetime": {"datetime": "2021-10-04 10:40:42", "elapsed": 30.032764, "delta": 0.601915}}
{"target": 0.1770869574578675, "params": {"C": 34855.71210292328, "gamma": 0.11211031212275029}, "datetime": {"datetime": "2021-10-04 10:40:42", "elapsed": 30.51862, "delta": 0.485856}}
{"target": 0.16149689531133116, "params": {"C": 19738.297035186413, "gamma": 0.14703025399435868}, "datetime": {"datetime": "2021-10-04 10:40:43", "elapsed": 31.073606, "delta": 0.554986}}
{"target": 0.16460063887555465, "params": {"C": 21812.041416940403, "gamma": 0.17393994485959136}, "datetime": {"datetime": "2021-10-04 10:40:44", "elapsed": 31.668875, "delta": 0.595269}}
{"target": 0.07921025910358037, "params": {"C": 22606.15514197506, "gamma": 0.014077406159287471}, "datetime": {"datetime": "2021-10-04 10:40:44", "elapsed": 32.308279, "delta": 0.639404}}
{"target": 0.16762806373361105, "params": {"C": 23309.815396651575, "gamma": 0.18690735170866382}, "datetime": {"datetime": "2021-10-04 10:40:45", "elapsed": 32.856703, "delta": 0.548424}}
{"target": 0.1768396163207696, "params": {"C": 33684.63489905815, "gamma": 0.10538777582478606}, "datetime": {"datetime": "2021-10-04 10:40:45", "elapsed": 33.456769, "delta": 0.600066}}
{"target": 0.16495098552006815, "params": {"C": 21033.221548399517, "gamma": 0.13268498893161168}, "datetime": {"datetime": "2021-10-04 10:40:46", "elapsed": 34.042102, "delta": 0.585333}}
{"target": 0.17970752997950035, "params": {"C": 42349.60438065496, "gamma": 0.1347418004383995}, "datetime": {"datetime": "2021-10-04 10:40:47", "elapsed": 34.605998, "delta": 0.563896}}
{"target": 0.18128303566241055, "params": {"C": 32131.610649682443, "gamma": 0.19769083401453547}, "datetime": {"datetime": "2021-10-04 10:40:47", "elapsed": 35.126154, "delta": 0.520156}}
{"target": 0.10545971871573889, "params": {"C": 24038.441235952032, "gamma": 0.017893162127626032}, "datetime": {"datetime": "2021-10-04 10:40:48", "elapsed": 35.643331, "delta": 0.517177}}
{"target": 0.1728573323061856, "params": {"C": 24694.14077519971, "gamma": 0.07301820862744932}, "datetime": {"datetime": "2021-10-04 10:40:48", "elapsed": 36.182787, "delta": 0.539456}}
