{"target": -36.776796914265745, "params": {"C": 32051.34236546872, "gamma": 0.08273077754541552}, "datetime": {"datetime": "2021-09-29 08:53:51", "elapsed": 105.556987, "delta": 1.213641}}
{"target": -34.3494044964317, "params": {"C": 33734.51654535272, "gamma": 0.011054677559362134}, "datetime": {"datetime": "2021-09-29 08:53:52", "elapsed": 106.428502, "delta": 0.871515}}
{"target": -36.42881055684431, "params": {"C": 33512.651365953316, "gamma": 0.07160510843205198}, "datetime": {"datetime": "2021-09-29 08:53:53", "elapsed": 107.544087, "delta": 1.115585}}
{"target": -34.42464515600703, "params": {"C": 30097.957125996665, "gamma": 0.02318759145180702}, "datetime": {"datetime": "2021-09-29 08:53:55", "elapsed": 108.839809, "delta": 1.295722}}
{"target": -37.15840651451068, "params": {"C": 31102.26310210868, "gamma": 0.09522267962572041}, "datetime": {"datetime": "2021-09-29 08:53:55", "elapsed": 109.658816, "delta": 0.819007}}
{"target": -34.297490587129914, "params": {"C": 30454.174876234392, "gamma": 0.016923131130211558}, "datetime": {"datetime": "2021-09-29 08:53:56", "elapsed": 110.600682, "delta": 0.941866}}
{"target": -37.113127585949144, "params": {"C": 30147.434194651447, "gamma": 0.09546860559293101}, "datetime": {"datetime": "2021-09-29 08:53:57", "elapsed": 111.625347, "delta": 1.024665}}
{"target": -34.46900799751439, "params": {"C": 34659.75916173763, "gamma": 0.023719755187187858}, "datetime": {"datetime": "2021-09-29 08:53:58", "elapsed": 112.472099, "delta": 0.846752}}
{"target": -35.950987749553434, "params": {"C": 32073.33494840783, "gamma": 0.06146874456717238}, "datetime": {"datetime": "2021-09-29 08:53:59", "elapsed": 113.366103, "delta": 0.894004}}
{"target": -35.42486107376615, "params": {"C": 31857.595184811704, "gamma": 0.0495737893796268}, "datetime": {"datetime": "2021-09-29 08:54:00", "elapsed": 114.512675, "delta": 1.146572}}
{"target": -36.02630700685378, "params": {"C": 32580.35408498656, "gamma": 0.06284118953831866}, "datetime": {"datetime": "2021-09-29 08:54:01", "elapsed": 115.416677, "delta": 0.904002}}
{"target": -34.740068761049564, "params": {"C": 33025.67822813611, "gamma": 0.033249293031247996}, "datetime": {"datetime": "2021-09-29 08:54:02", "elapsed": 116.398335, "delta": 0.981658}}
{"target": -35.81919949133792, "params": {"C": 32808.41205524388, "gamma": 0.057927224432209816}, "datetime": {"datetime": "2021-09-29 08:54:03", "elapsed": 117.254977, "delta": 0.856642}}
{"target": -34.33063487599646, "params": {"C": 33609.19028677103, "gamma": 0.017922954092002133}, "datetime": {"datetime": "2021-09-29 08:54:04", "elapsed": 118.129505, "delta": 0.874528}}
{"target": -34.89327039218731, "params": {"C": 31042.522816930225, "gamma": 0.03800372589514249}, "datetime": {"datetime": "2021-09-29 08:54:05", "elapsed": 119.233501, "delta": 1.103996}}
{"target": -34.872469844288474, "params": {"C": 32386.25468333412, "gamma": 0.03696431610486593}, "datetime": {"datetime": "2021-09-29 08:54:06", "elapsed": 120.142766, "delta": 0.909265}}
{"target": -36.73048213841968, "params": {"C": 30125.508307353644, "gamma": 0.0838771050671301}, "datetime": {"datetime": "2021-09-29 08:54:07", "elapsed": 121.329767, "delta": 1.187001}}
{"target": -34.52182330938782, "params": {"C": 30224.816490200174, "gamma": 0.026766816528764163}, "datetime": {"datetime": "2021-09-29 08:54:08", "elapsed": 122.264832, "delta": 0.935065}}
{"target": -37.25590120541632, "params": {"C": 30795.054513825104, "gamma": 0.09853963065055373}, "datetime": {"datetime": "2021-09-29 08:54:09", "elapsed": 123.217822, "delta": 0.95299}}
{"target": -36.18418617092672, "params": {"C": 34747.430531493956, "gamma": 0.0647128072999185}, "datetime": {"datetime": "2021-09-29 08:54:10", "elapsed": 124.15348, "delta": 0.935658}}
{"target": -37.307332818760024, "params": {"C": 34853.01422082934, "gamma": 0.09368391058229388}, "datetime": {"datetime": "2021-09-29 08:54:11", "elapsed": 125.07948, "delta": 0.926}}
{"target": -36.65905843055563, "params": {"C": 31302.345063472654, "gamma": 0.08014304514982634}, "datetime": {"datetime": "2021-09-29 08:54:12", "elapsed": 125.920898, "delta": 0.841418}}
{"target": -37.37146767180485, "params": {"C": 32132.379627965394, "gamma": 0.09960840286993522}, "datetime": {"datetime": "2021-09-29 08:54:13", "elapsed": 127.108553, "delta": 1.187655}}
{"target": -34.270031049277435, "params": {"C": 32554.26604987585, "gamma": 0.013486094509108305}, "datetime": {"datetime": "2021-09-29 08:54:14", "elapsed": 128.0298, "delta": 0.921247}}
{"target": -36.32602180214805, "params": {"C": 34078.73642103724, "gamma": 0.06862033306722916}, "datetime": {"datetime": "2021-09-29 08:54:15", "elapsed": 129.0558, "delta": 1.026}}
{"target": -36.68953395018659, "params": {"C": 31718.427949186702, "gamma": 0.08051529689989326}, "datetime": {"datetime": "2021-09-29 08:54:16", "elapsed": 130.030995, "delta": 0.975195}}
{"target": -34.401447221304096, "params": {"C": 32693.505692556293, "gamma": 0.02151201931238188}, "datetime": {"datetime": "2021-09-29 08:54:17", "elapsed": 131.448997, "delta": 1.418002}}
{"target": -35.59349824685055, "params": {"C": 32227.574555916042, "gamma": 0.05315107310933523}, "datetime": {"datetime": "2021-09-29 08:54:18", "elapsed": 132.399327, "delta": 0.95033}}
{"target": -34.28986335181552, "params": {"C": 33148.00782961528, "gamma": 0.016049473108982453}, "datetime": {"datetime": "2021-09-29 08:54:19", "elapsed": 133.370325, "delta": 0.970998}}
{"target": -35.58082923503526, "params": {"C": 34893.329746221505, "gamma": 0.05131936473152519}, "datetime": {"datetime": "2021-09-29 08:54:21", "elapsed": 134.902525, "delta": 1.5322}}
{"target": -35.481927574195474, "params": {"C": 30789.377253152266, "gamma": 0.051491560007123995}, "datetime": {"datetime": "2021-09-29 08:54:22", "elapsed": 135.871091, "delta": 0.968566}}
{"target": -35.47049301916091, "params": {"C": 33091.01040482562, "gamma": 0.04989424417633341}, "datetime": {"datetime": "2021-09-29 08:54:23", "elapsed": 136.824082, "delta": 0.952991}}
{"target": -34.6195014851039, "params": {"C": 31618.694654632884, "gamma": 0.030150266952763422}, "datetime": {"datetime": "2021-09-29 08:54:24", "elapsed": 137.820086, "delta": 0.996004}}
{"target": -36.7469655829792, "params": {"C": 31484.825307445095, "gamma": 0.08254756840802531}, "datetime": {"datetime": "2021-09-29 08:54:24", "elapsed": 138.691234, "delta": 0.871148}}
{"target": -35.293013894622796, "params": {"C": 33268.044860155125, "gamma": 0.0059674643392706814}, "datetime": {"datetime": "2021-09-29 08:54:26", "elapsed": 139.936767, "delta": 1.245533}}
{"target": -36.290682686056016, "params": {"C": 33445.11751096262, "gamma": 0.06833191250622848}, "datetime": {"datetime": "2021-09-29 08:54:27", "elapsed": 141.211767, "delta": 1.275}}
{"target": -34.69503603335041, "params": {"C": 33466.10074697228, "gamma": 0.031915796330818084}, "datetime": {"datetime": "2021-09-29 08:54:28", "elapsed": 142.209655, "delta": 0.997888}}
{"target": -34.339822803392536, "params": {"C": 32843.79928299003, "gamma": 0.01850876687046054}, "datetime": {"datetime": "2021-09-29 08:54:30", "elapsed": 143.850886, "delta": 1.641231}}
{"target": -37.110598232654105, "params": {"C": 34163.353297510715, "gamma": 0.0893013020540216}, "datetime": {"datetime": "2021-09-29 08:54:31", "elapsed": 144.740003, "delta": 0.889117}}
{"target": -34.272187941962216, "params": {"C": 31280.232655507003, "gamma": 0.013729842952590103}, "datetime": {"datetime": "2021-09-29 08:54:31", "elapsed": 145.680968, "delta": 0.940965}}
{"target": -37.02107498364765, "params": {"C": 31240.85715284583, "gamma": 0.09109559714556771}, "datetime": {"datetime": "2021-09-29 08:54:33", "elapsed": 146.888272, "delta": 1.207304}}
{"target": -36.68730155816455, "params": {"C": 31554.598854873188, "gamma": 0.08065512088552926}, "datetime": {"datetime": "2021-09-29 08:54:34", "elapsed": 147.915532, "delta": 1.02726}}
{"target": -37.444999290100114, "params": {"C": 34504.249623262855, "gamma": 0.0979406076588659}, "datetime": {"datetime": "2021-09-29 08:54:35", "elapsed": 148.899535, "delta": 0.984003}}
{"target": -35.073250306933154, "params": {"C": 32126.744763069128, "gamma": 0.04168460664838042}, "datetime": {"datetime": "2021-09-29 08:54:36", "elapsed": 149.909878, "delta": 1.010343}}
{"target": -35.14732555372505, "params": {"C": 31777.260153881158, "gamma": 0.04350267415092113}, "datetime": {"datetime": "2021-09-29 08:54:37", "elapsed": 151.257879, "delta": 1.348001}}
{"target": -36.908883261624815, "params": {"C": 30782.426433280423, "gamma": 0.08861605398535065}, "datetime": {"datetime": "2021-09-29 08:54:38", "elapsed": 152.470285, "delta": 1.212406}}
{"target": -35.826057140233125, "params": {"C": 34098.00639062431, "gamma": 0.05718775083862398}, "datetime": {"datetime": "2021-09-29 08:54:40", "elapsed": 153.806287, "delta": 1.336002}}
{"target": -36.85548930478388, "params": {"C": 30218.295044764407, "gamma": 0.0877524982897482}, "datetime": {"datetime": "2021-09-29 08:54:41", "elapsed": 155.034454, "delta": 1.228167}}
{"target": -34.27160387362342, "params": {"C": 30123.10536283351, "gamma": 0.014066995135954719}, "datetime": {"datetime": "2021-09-29 08:54:42", "elapsed": 156.011695, "delta": 0.977241}}
{"target": -37.205775201114704, "params": {"C": 31739.270459247375, "gamma": 0.09559648358748542}, "datetime": {"datetime": "2021-09-29 08:54:43", "elapsed": 156.951367, "delta": 0.939672}}
{"target": -35.937633981163714, "params": {"C": 34465.87568160496, "gamma": 0.05938971547634222}, "datetime": {"datetime": "2021-09-29 08:54:44", "elapsed": 158.662009, "delta": 1.710642}}
{"target": -36.96533185523314, "params": {"C": 32356.134495646853, "gamma": 0.08797915301883648}, "datetime": {"datetime": "2021-09-29 08:54:45", "elapsed": 159.583009, "delta": 0.921}}
{"target": -35.53783952589823, "params": {"C": 32545.063493158817, "gamma": 0.005251915974552983}, "datetime": {"datetime": "2021-09-29 08:54:47", "elapsed": 161.089193, "delta": 1.506184}}
{"target": -35.34683301128369, "params": {"C": 33972.27185561912, "gamma": 0.046747959739335446}, "datetime": {"datetime": "2021-09-29 08:54:48", "elapsed": 162.094907, "delta": 1.005714}}
{"target": -37.09639765339544, "params": {"C": 31155.138000736482, "gamma": 0.09333116740362507}, "datetime": {"datetime": "2021-09-29 08:54:49", "elapsed": 163.193906, "delta": 1.098999}}
{"target": -34.31647464879717, "params": {"C": 33335.500805443575, "gamma": 0.01185187711003723}, "datetime": {"datetime": "2021-09-29 08:54:51", "elapsed": 164.736769, "delta": 1.542863}}
{"target": -35.8253606297872, "params": {"C": 31246.414218761704, "gamma": 0.05921292116659339}, "datetime": {"datetime": "2021-09-29 08:54:52", "elapsed": 165.922183, "delta": 1.185414}}
{"target": -35.189544003158076, "params": {"C": 34658.48389545954, "gamma": 0.043090199379605044}, "datetime": {"datetime": "2021-09-29 08:54:53", "elapsed": 166.837499, "delta": 0.915316}}
{"target": -35.42298497754846, "params": {"C": 32777.57089741949, "gamma": 0.0490212492054502}, "datetime": {"datetime": "2021-09-29 08:54:54", "elapsed": 167.781502, "delta": 0.944003}}
{"target": -36.83130135255237, "params": {"C": 34157.2476026113, "gamma": 0.0817137950847645}, "datetime": {"datetime": "2021-09-29 08:54:55", "elapsed": 168.769055, "delta": 0.987553}}
{"target": -36.66738767856986, "params": {"C": 32522.839152794346, "gamma": 0.07889642336782918}, "datetime": {"datetime": "2021-09-29 08:54:56", "elapsed": 169.74205, "delta": 0.972995}}
{"target": -37.38962208125974, "params": {"C": 32810.19623921872, "gamma": 0.0990205608602606}, "datetime": {"datetime": "2021-09-29 08:54:56", "elapsed": 170.679689, "delta": 0.937639}}
{"target": -37.097001666856336, "params": {"C": 33643.955844503485, "gamma": 0.08965461931814939}, "datetime": {"datetime": "2021-09-29 08:54:58", "elapsed": 172.220648, "delta": 1.540959}}
{"target": -36.975553523153735, "params": {"C": 34900.42003680253, "gamma": 0.08487030991892022}, "datetime": {"datetime": "2021-09-29 08:54:59", "elapsed": 173.218649, "delta": 0.998001}}
{"target": -35.86297334186967, "params": {"C": 31280.995727555463, "gamma": 0.060047228847588306}, "datetime": {"datetime": "2021-09-29 08:55:01", "elapsed": 174.962354, "delta": 1.743705}}
{"target": -34.82152315774052, "params": {"C": 31730.28799917575, "gamma": 0.03590653424351027}, "datetime": {"datetime": "2021-09-29 08:55:02", "elapsed": 176.021604, "delta": 1.05925}}
{"target": -35.09343930551346, "params": {"C": 30573.631653776767, "gamma": 0.006925272669186402}, "datetime": {"datetime": "2021-09-29 08:55:03", "elapsed": 176.996277, "delta": 0.974673}}
{"target": -35.24622079646089, "params": {"C": 31862.638504675346, "gamma": 0.0062531904770591696}, "datetime": {"datetime": "2021-09-29 08:55:04", "elapsed": 178.17641, "delta": 1.180133}}
{"target": -35.6157842752068, "params": {"C": 31080.823503862623, "gamma": 0.054393459244955394}, "datetime": {"datetime": "2021-09-29 08:55:06", "elapsed": 179.718449, "delta": 1.542039}}
{"target": -37.28275277785592, "params": {"C": 34399.01389132435, "gamma": 0.09368489363130394}, "datetime": {"datetime": "2021-09-29 08:55:07", "elapsed": 180.78569, "delta": 1.067241}}
{"target": -36.3540877017477, "params": {"C": 31249.149108931895, "gamma": 0.07208486737137582}, "datetime": {"datetime": "2021-09-29 08:55:08", "elapsed": 182.236563, "delta": 1.450873}}
{"target": -37.205132772863834, "params": {"C": 33369.29736696073, "gamma": 0.0930398471115922}, "datetime": {"datetime": "2021-09-29 08:55:09", "elapsed": 183.644562, "delta": 1.407999}}
{"target": -36.88675593602831, "params": {"C": 33530.33117547617, "gamma": 0.08408428722398076}, "datetime": {"datetime": "2021-09-29 08:55:11", "elapsed": 184.757302, "delta": 1.11274}}
{"target": -34.38835641969151, "params": {"C": 30587.78275441793, "gamma": 0.011130137071723183}, "datetime": {"datetime": "2021-09-29 08:55:12", "elapsed": 186.503021, "delta": 1.745719}}
{"target": -35.96063514570352, "params": {"C": 31096.341002281126, "gamma": 0.06248206705134576}, "datetime": {"datetime": "2021-09-29 08:55:13", "elapsed": 187.444621, "delta": 0.9416}}
{"target": -36.016122647602934, "params": {"C": 32923.128413406055, "gamma": 0.06232970272221347}, "datetime": {"datetime": "2021-09-29 08:55:14", "elapsed": 188.531144, "delta": 1.086523}}
{"target": -34.938716787849444, "params": {"C": 34892.95015434653, "gamma": 0.03738038456287303}, "datetime": {"datetime": "2021-09-29 08:55:16", "elapsed": 189.83763, "delta": 1.306486}}
{"target": -34.28277993877132, "params": {"C": 34242.459008393096, "gamma": 0.015522582356567564}, "datetime": {"datetime": "2021-09-29 08:55:17", "elapsed": 191.032369, "delta": 1.194739}}
{"target": -34.504862872581135, "params": {"C": 30121.038927392106, "gamma": 0.02615494977121011}, "datetime": {"datetime": "2021-09-29 08:55:18", "elapsed": 192.160237, "delta": 1.127868}}
{"target": -35.81873247781422, "params": {"C": 33998.78901643983, "gamma": 0.057095512325305894}, "datetime": {"datetime": "2021-09-29 08:55:19", "elapsed": 193.706243, "delta": 1.546006}}
{"target": -36.19001958210736, "params": {"C": 33447.580950926, "gamma": 0.06593386225034249}, "datetime": {"datetime": "2021-09-29 08:55:20", "elapsed": 194.679949, "delta": 0.973706}}
{"target": -34.48218652685628, "params": {"C": 32051.475649832442, "gamma": 0.024805919826729795}, "datetime": {"datetime": "2021-09-29 08:55:22", "elapsed": 195.730947, "delta": 1.050998}}
{"target": -34.48186728759693, "params": {"C": 32789.44414566307, "gamma": 0.009686028209160653}, "datetime": {"datetime": "2021-09-29 08:55:23", "elapsed": 196.782673, "delta": 1.051726}}
{"target": -35.054582963686656, "params": {"C": 34469.72215976726, "gamma": 0.04020831813675452}, "datetime": {"datetime": "2021-09-29 08:55:24", "elapsed": 198.100686, "delta": 1.318013}}
{"target": -34.352402926254186, "params": {"C": 32242.906328827212, "gamma": 0.019234784936089763}, "datetime": {"datetime": "2021-09-29 08:55:25", "elapsed": 199.657868, "delta": 1.557182}}
{"target": -36.28037455502274, "params": {"C": 30229.232268108928, "gamma": 0.07123187933551464}, "datetime": {"datetime": "2021-09-29 08:55:27", "elapsed": 200.870496, "delta": 1.212628}}
{"target": -36.5040518872895, "params": {"C": 33786.106482565265, "gamma": 0.07317755304376015}, "datetime": {"datetime": "2021-09-29 08:55:28", "elapsed": 202.518984, "delta": 1.648488}}
{"target": -35.224002708240384, "params": {"C": 31059.721250247487, "gamma": 0.045547903973857856}, "datetime": {"datetime": "2021-09-29 08:55:29", "elapsed": 203.597974, "delta": 1.07899}}
{"target": -36.162289016044504, "params": {"C": 34774.19797555156, "gamma": 0.06419772089312915}, "datetime": {"datetime": "2021-09-29 08:55:30", "elapsed": 204.647977, "delta": 1.050003}}
{"target": -36.65453088740395, "params": {"C": 30994.389360677727, "gamma": 0.080399327001916}, "datetime": {"datetime": "2021-09-29 08:55:32", "elapsed": 205.725972, "delta": 1.077995}}
{"target": -35.54011800471486, "params": {"C": 33563.97911407884, "gamma": 0.051165326941029564}, "datetime": {"datetime": "2021-09-29 08:55:33", "elapsed": 207.634331, "delta": 1.908359}}
{"target": -34.442097625368, "params": {"C": 32810.390592529584, "gamma": 0.023176795152477052}, "datetime": {"datetime": "2021-09-29 08:55:35", "elapsed": 208.714123, "delta": 1.079792}}
{"target": -36.33696525509242, "params": {"C": 30787.012077965053, "gamma": 0.07212153406165757}, "datetime": {"datetime": "2021-09-29 08:55:36", "elapsed": 210.317366, "delta": 1.603243}}
{"target": -34.73900599560757, "params": {"C": 30320.71677411611, "gamma": 0.03422039009648351}, "datetime": {"datetime": "2021-09-29 08:55:37", "elapsed": 211.552331, "delta": 1.234965}}
{"target": -36.972444830188515, "params": {"C": 31933.934031692334, "gamma": 0.08877504239489724}, "datetime": {"datetime": "2021-09-29 08:55:39", "elapsed": 212.820073, "delta": 1.267742}}
{"target": -34.64848820321839, "params": {"C": 30226.99030703001, "gamma": 0.03173777816625308}, "datetime": {"datetime": "2021-09-29 08:55:40", "elapsed": 214.117073, "delta": 1.297}}
{"target": -37.01436488001573, "params": {"C": 31092.439134426077, "gamma": 0.09113825997104924}, "datetime": {"datetime": "2021-09-29 08:55:41", "elapsed": 215.460269, "delta": 1.343196}}
{"target": -36.62541467244026, "params": {"C": 33175.08125939341, "gamma": 0.07698173300552867}, "datetime": {"datetime": "2021-09-29 08:55:43", "elapsed": 217.12111, "delta": 1.660841}}
{"target": -35.22008957421229, "params": {"C": 34824.31363702393, "gamma": 0.04365956553729707}, "datetime": {"datetime": "2021-09-29 08:55:44", "elapsed": 218.623642, "delta": 1.502532}}
{"target": -36.33299587146684, "params": {"C": 30520.1566184663, "gamma": 0.07230214167057296}, "datetime": {"datetime": "2021-09-29 08:55:46", "elapsed": 219.878638, "delta": 1.254996}}
{"target": -34.503187885634475, "params": {"C": 34354.11630258993, "gamma": 0.02502132062900377}, "datetime": {"datetime": "2021-09-29 08:55:47", "elapsed": 221.644943, "delta": 1.766305}}
{"target": -34.87817569261347, "params": {"C": 30301.59641838978, "gamma": 0.03797073028875413}, "datetime": {"datetime": "2021-09-29 08:55:49", "elapsed": 222.936679, "delta": 1.291736}}
{"target": -37.27668865897788, "params": {"C": 31194.464509275822, "gamma": 0.09845584863805797}, "datetime": {"datetime": "2021-09-29 08:55:50", "elapsed": 224.329851, "delta": 1.393172}}
{"target": -34.519117158137796, "params": {"C": 34318.85231143799, "gamma": 0.0256126163884349}, "datetime": {"datetime": "2021-09-29 08:55:51", "elapsed": 225.57485, "delta": 1.244999}}
{"target": -36.89924398004636, "params": {"C": 34549.099581873634, "gamma": 0.08316396193480552}, "datetime": {"datetime": "2021-09-29 08:55:53", "elapsed": 226.808881, "delta": 1.234031}}
{"target": -36.96248455179465, "params": {"C": 32639.32868383988, "gamma": 0.08750676655239181}, "datetime": {"datetime": "2021-09-29 08:55:54", "elapsed": 228.168959, "delta": 1.360078}}
{"target": -35.56795881254071, "params": {"C": 31617.25926237649, "gamma": 0.052946222575373784}, "datetime": {"datetime": "2021-09-29 08:55:55", "elapsed": 229.436544, "delta": 1.267585}}
{"target": -36.16998999392117, "params": {"C": 31424.879449509473, "gamma": 0.06728114596533115}, "datetime": {"datetime": "2021-09-29 08:55:57", "elapsed": 231.077733, "delta": 1.641189}}
{"target": -35.34936382899264, "params": {"C": 32569.989093592798, "gamma": 0.00584306517753527}, "datetime": {"datetime": "2021-09-29 08:55:58", "elapsed": 232.22342, "delta": 1.145687}}
{"target": -34.332889234875125, "params": {"C": 32798.47766412289, "gamma": 0.018185024901387438}, "datetime": {"datetime": "2021-09-29 08:55:59", "elapsed": 233.553621, "delta": 1.330201}}
{"target": -35.17628311949696, "params": {"C": 34845.386341245416, "gamma": 0.042730259849322515}, "datetime": {"datetime": "2021-09-29 08:56:01", "elapsed": 235.373887, "delta": 1.820266}}
{"target": -36.99312850449026, "params": {"C": 34346.38182068329, "gamma": 0.0860205827304855}, "datetime": {"datetime": "2021-09-29 08:56:03", "elapsed": 237.063927, "delta": 1.69004}}
{"target": -35.817859222473054, "params": {"C": 31071.246138574184, "gamma": 0.05917583925021519}, "datetime": {"datetime": "2021-09-29 08:56:04", "elapsed": 238.390871, "delta": 1.326944}}
{"target": -34.29730745172613, "params": {"C": 33609.711041761766, "gamma": 0.016328808229691537}, "datetime": {"datetime": "2021-09-29 08:56:06", "elapsed": 239.733906, "delta": 1.343035}}
{"target": -34.63159732890411, "params": {"C": 33098.282151185675, "gamma": 0.03020269367139929}, "datetime": {"datetime": "2021-09-29 08:56:07", "elapsed": 241.620205, "delta": 1.886299}}
{"target": -35.926079172692354, "params": {"C": 31524.344397145785, "gamma": 0.06131991476395222}, "datetime": {"datetime": "2021-09-29 08:56:09", "elapsed": 243.452963, "delta": 1.832758}}
