{"target": -35.74591535754828, "params": {"C": 1052.0825296099097, "gamma": 0.0402537061958604}, "datetime": {"datetime": "2021-09-28 14:11:16", "elapsed": 938.324833, "delta": 2.469822}}
{"target": -35.430454839213375, "params": {"C": 1671.7934331183105, "gamma": 0.08629344516881547}, "datetime": {"datetime": "2021-09-28 14:11:19", "elapsed": 941.048835, "delta": 2.724002}}
{"target": -35.18577644813246, "params": {"C": 1671.7727936989936, "gamma": 0.03429481336621233}, "datetime": {"datetime": "2021-09-28 14:11:25", "elapsed": 947.091474, "delta": 6.042639}}
{"target": -35.011637895833694, "params": {"C": 1848.5311819941307, "gamma": 0.05670684555049416}, "datetime": {"datetime": "2021-09-28 14:11:29", "elapsed": 951.379351, "delta": 4.287877}}
{"target": -35.06911743654775, "params": {"C": 1827.194458756464, "gamma": 0.06215959794946169}, "datetime": {"datetime": "2021-09-28 14:11:34", "elapsed": 956.875566, "delta": 5.496215}}
{"target": -35.535957267014176, "params": {"C": 1459.6681259351471, "gamma": 0.08766052291894563}, "datetime": {"datetime": "2021-09-28 14:11:39", "elapsed": 961.660239, "delta": 4.784673}}
{"target": -35.636872188486265, "params": {"C": 1301.9635883432538, "gamma": 0.08692551798171831}, "datetime": {"datetime": "2021-09-28 14:11:42", "elapsed": 964.581445, "delta": 2.921206}}
{"target": -35.295958615250726, "params": {"C": 1721.4585392305135, "gamma": 0.029954603227818698}, "datetime": {"datetime": "2021-09-28 14:11:46", "elapsed": 968.794469, "delta": 4.213024}}
{"target": -34.980511132576304, "params": {"C": 1848.5600446001226, "gamma": 0.053176534136525976}, "datetime": {"datetime": "2021-09-28 14:11:50", "elapsed": 972.463092, "delta": 3.668623}}
{"target": -36.42535512412483, "params": {"C": 1370.2617008728357, "gamma": 0.14749550526557648}, "datetime": {"datetime": "2021-09-28 14:11:53", "elapsed": 975.033267, "delta": 2.570175}}
{"target": -35.37894278677991, "params": {"C": 1475.636733521873, "gamma": 0.07603423242087645}, "datetime": {"datetime": "2021-09-28 14:12:01", "elapsed": 983.786279, "delta": 8.753012}}
{"target": -37.89940665135913, "params": {"C": 1897.3441219064612, "gamma": 0.005752332284252559}, "datetime": {"datetime": "2021-09-28 14:12:05", "elapsed": 987.39505, "delta": 3.608771}}
{"target": -35.3040080785698, "params": {"C": 1604.8216515824306, "gamma": 0.031991658439957764}, "datetime": {"datetime": "2021-09-28 14:12:09", "elapsed": 991.373077, "delta": 3.978027}}
{"target": -35.22840258812664, "params": {"C": 1848.587338630692, "gamma": 0.07605100197392402}, "datetime": {"datetime": "2021-09-28 14:12:13", "elapsed": 995.232537, "delta": 3.85946}}
{"target": -35.48176866850277, "params": {"C": 1823.6329302621168, "gamma": 0.0923525402026146}, "datetime": {"datetime": "2021-09-28 14:12:16", "elapsed": 998.137054, "delta": 2.904517}}
{"target": -35.0774293192884, "params": {"C": 1848.6255277170044, "gamma": 0.03485384335991938}, "datetime": {"datetime": "2021-09-28 14:12:19", "elapsed": 1001.529282, "delta": 3.392228}}
{"target": -35.379047657421395, "params": {"C": 1848.6264755064315, "gamma": 0.08596555971186627}, "datetime": {"datetime": "2021-09-28 14:12:26", "elapsed": 1008.051618, "delta": 6.522336}}
{"target": -35.695353886219614, "params": {"C": 1671.7389019671657, "gamma": 0.10415159185887159}, "datetime": {"datetime": "2021-09-28 14:12:32", "elapsed": 1014.355508, "delta": 6.30389}}
{"target": -35.207978436050134, "params": {"C": 1878.486571583159, "gamma": 0.07520821280749261}, "datetime": {"datetime": "2021-09-28 14:12:41", "elapsed": 1022.994803, "delta": 8.639295}}
{"target": -36.8405264350973, "params": {"C": 1671.8304497807699, "gamma": 0.013101832427764457}, "datetime": {"datetime": "2021-09-28 14:12:45", "elapsed": 1027.586422, "delta": 4.591619}}
{"target": -35.73323010231474, "params": {"C": 1827.1762456401134, "gamma": 0.1096012225082003}, "datetime": {"datetime": "2021-09-28 14:12:52", "elapsed": 1034.15671, "delta": 6.570288}}
{"target": -35.6645102963672, "params": {"C": 1878.40254804663, "gamma": 0.10557055838090518}, "datetime": {"datetime": "2021-09-28 14:12:58", "elapsed": 1040.265696, "delta": 6.108986}}
{"target": -35.1964458063956, "params": {"C": 1605.2984088954895, "gamma": 0.06673288670821746}, "datetime": {"datetime": "2021-09-28 14:13:03", "elapsed": 1045.321702, "delta": 5.056006}}
{"target": -35.62281313070323, "params": {"C": 1723.8197709614146, "gamma": 0.10022312446394964}, "datetime": {"datetime": "2021-09-28 14:13:08", "elapsed": 1050.304073, "delta": 4.982371}}
{"target": -34.99889688016557, "params": {"C": 1878.3608638921264, "gamma": 0.05605915042616054}, "datetime": {"datetime": "2021-09-28 14:13:12", "elapsed": 1054.34912, "delta": 4.045047}}
{"target": -37.78191375244513, "params": {"C": 1671.739359406355, "gamma": 0.007030783369418054}, "datetime": {"datetime": "2021-09-28 14:13:22", "elapsed": 1064.562785, "delta": 10.213665}}
{"target": -35.848411212935346, "params": {"C": 1721.6158653073933, "gamma": 0.021844040137915504}, "datetime": {"datetime": "2021-09-28 14:13:26", "elapsed": 1068.412288, "delta": 3.849503}}
{"target": -34.952514459067174, "params": {"C": 1848.586266773742, "gamma": 0.048445308431053775}, "datetime": {"datetime": "2021-09-28 14:13:31", "elapsed": 1073.624975, "delta": 5.212687}}
{"target": -36.09193333320862, "params": {"C": 1600.5944586170378, "gamma": 0.13091598027763104}, "datetime": {"datetime": "2021-09-28 14:13:35", "elapsed": 1077.931214, "delta": 4.306239}}
{"target": -35.36924093464922, "params": {"C": 1261.8203796492658, "gamma": 0.0541048257127427}, "datetime": {"datetime": "2021-09-28 14:13:41", "elapsed": 1083.453343, "delta": 5.522129}}
{"target": -35.68077440585958, "params": {"C": 1094.6049193430915, "gamma": 0.07186672354553555}, "datetime": {"datetime": "2021-09-28 14:13:44", "elapsed": 1086.335623, "delta": 2.88228}}
{"target": -36.417287368594856, "params": {"C": 1825.8049803722683, "gamma": 0.015492592453534716}, "datetime": {"datetime": "2021-09-28 14:13:47", "elapsed": 1089.239007, "delta": 2.903384}}
{"target": -35.57040872215806, "params": {"C": 1878.3398691209309, "gamma": 0.09914175371807901}, "datetime": {"datetime": "2021-09-28 14:13:51", "elapsed": 1093.703783, "delta": 4.464776}}
{"target": -36.349421285156915, "params": {"C": 1721.4161672472624, "gamma": 0.016844652823632233}, "datetime": {"datetime": "2021-09-28 14:13:56", "elapsed": 1098.287342, "delta": 4.583559}}
{"target": -35.170044743435405, "params": {"C": 1878.3227797744698, "gamma": 0.03067953610027934}, "datetime": {"datetime": "2021-09-28 14:14:01", "elapsed": 1103.507629, "delta": 5.220287}}
{"target": -35.447624422354416, "params": {"C": 1568.475776743795, "gamma": 0.08522530593323395}, "datetime": {"datetime": "2021-09-28 14:14:08", "elapsed": 1110.242062, "delta": 6.734433}}
{"target": -35.6676100172772, "params": {"C": 1604.6353599222296, "gamma": 0.02550214642574337}, "datetime": {"datetime": "2021-09-28 14:14:12", "elapsed": 1114.951675, "delta": 4.709613}}
{"target": -35.145194202771286, "params": {"C": 1848.6855000881978, "gamma": 0.032004725760982525}, "datetime": {"datetime": "2021-09-28 14:14:20", "elapsed": 1122.245334, "delta": 7.293659}}
{"target": -35.04843144559908, "params": {"C": 1723.7070095055017, "gamma": 0.057253583973243934}, "datetime": {"datetime": "2021-09-28 14:14:27", "elapsed": 1129.149352, "delta": 6.904018}}
{"target": -36.001671629906376, "params": {"C": 1600.5832208083034, "gamma": 0.021477814912637765}, "datetime": {"datetime": "2021-09-28 14:14:33", "elapsed": 1135.155565, "delta": 6.006213}}
{"target": -36.837355601168895, "params": {"C": 1994.4584463328938, "gamma": 0.19968995843679027}, "datetime": {"datetime": "2021-09-28 14:14:36", "elapsed": 1138.264339, "delta": 3.108774}}
{"target": -35.02262138072364, "params": {"C": 1897.1676203186453, "gamma": 0.059035304208555565}, "datetime": {"datetime": "2021-09-28 14:14:40", "elapsed": 1142.933579, "delta": 4.66924}}
{"target": -35.14715297646442, "params": {"C": 1848.72682934797, "gamma": 0.07002870547109445}, "datetime": {"datetime": "2021-09-28 14:14:47", "elapsed": 1149.828436, "delta": 6.894857}}
{"target": -36.279079087719715, "params": {"C": 1487.0771011064899, "gamma": 0.14104011202745798}, "datetime": {"datetime": "2021-09-28 14:14:50", "elapsed": 1152.674394, "delta": 2.845958}}
{"target": -34.99571284359742, "params": {"C": 1878.2801058206405, "gamma": 0.038309206449809986}, "datetime": {"datetime": "2021-09-28 14:14:56", "elapsed": 1158.174949, "delta": 5.500555}}
{"target": -36.44290021892212, "params": {"C": 1822.7830141081076, "gamma": 0.15998175092125974}, "datetime": {"datetime": "2021-09-28 14:14:59", "elapsed": 1161.110583, "delta": 2.935634}}
{"target": -36.54876229324097, "params": {"C": 1827.2229116857661, "gamma": 0.014412202594344288}, "datetime": {"datetime": "2021-09-28 14:15:03", "elapsed": 1165.398654, "delta": 4.288071}}
{"target": -35.17197500104559, "params": {"C": 1568.1916557676082, "gamma": 0.062203788846909455}, "datetime": {"datetime": "2021-09-28 14:15:07", "elapsed": 1169.63941, "delta": 4.240756}}
{"target": -35.09965187844227, "params": {"C": 1878.2805851761318, "gamma": 0.06620653521539566}, "datetime": {"datetime": "2021-09-28 14:15:12", "elapsed": 1174.636764, "delta": 4.997354}}
{"target": -35.60964665550924, "params": {"C": 1568.1351703265643, "gamma": 0.09612031405849045}, "datetime": {"datetime": "2021-09-28 14:15:20", "elapsed": 1182.434671, "delta": 7.797907}}
{"target": -35.9098601514947, "params": {"C": 1568.1834450281967, "gamma": 0.11710793557133677}, "datetime": {"datetime": "2021-09-28 14:15:28", "elapsed": 1190.174719, "delta": 7.740048}}
{"target": -37.81433711857052, "params": {"C": 1559.6532585225023, "gamma": 0.0073139708421988935}, "datetime": {"datetime": "2021-09-28 14:15:34", "elapsed": 1196.436382, "delta": 6.261663}}
{"target": -35.973033997165956, "params": {"C": 1848.5765677689355, "gamma": 0.019327953938674584}, "datetime": {"datetime": "2021-09-28 14:15:41", "elapsed": 1203.329378, "delta": 6.892996}}
{"target": -35.66134116070306, "params": {"C": 1848.76148588919, "gamma": 0.10490278533191115}, "datetime": {"datetime": "2021-09-28 14:15:48", "elapsed": 1210.49945, "delta": 7.170072}}
{"target": -35.13142550956873, "params": {"C": 1671.7670963572973, "gamma": 0.06355588967858698}, "datetime": {"datetime": "2021-09-28 14:15:53", "elapsed": 1215.559829, "delta": 5.060379}}
{"target": -35.44520904242991, "params": {"C": 1827.2251805728195, "gamma": 0.08998399188495039}, "datetime": {"datetime": "2021-09-28 14:15:58", "elapsed": 1220.585479, "delta": 5.02565}}
{"target": -35.79612549242136, "params": {"C": 1878.3812189502137, "gamma": 0.020898458166432397}, "datetime": {"datetime": "2021-09-28 14:16:05", "elapsed": 1226.965538, "delta": 6.380059}}
{"target": -35.61683350301433, "params": {"C": 1848.562272653376, "gamma": 0.1018399371170771}, "datetime": {"datetime": "2021-09-28 14:16:09", "elapsed": 1231.124249, "delta": 4.158711}}
{"target": -36.802786600748846, "params": {"C": 1861.4708092425449, "gamma": 0.1943575741100466}, "datetime": {"datetime": "2021-09-28 14:16:12", "elapsed": 1234.19711, "delta": 3.072861}}
{"target": -35.38452176973438, "params": {"C": 1475.5612885169032, "gamma": 0.07649225827996785}, "datetime": {"datetime": "2021-09-28 14:16:19", "elapsed": 1241.146227, "delta": 6.949117}}
{"target": -35.12306984239962, "params": {"C": 1897.1388545161522, "gamma": 0.06875958374341197}, "datetime": {"datetime": "2021-09-28 14:16:23", "elapsed": 1245.750465, "delta": 4.604238}}
{"target": -35.67412102521591, "params": {"C": 1568.5280969273304, "gamma": 0.10049298551362126}, "datetime": {"datetime": "2021-09-28 14:16:33", "elapsed": 1255.332884, "delta": 9.582419}}
{"target": -35.40503935891087, "params": {"C": 1897.3100131338172, "gamma": 0.0884417523620259}, "datetime": {"datetime": "2021-09-28 14:16:37", "elapsed": 1259.675154, "delta": 4.34227}}
{"target": -35.062656137587986, "params": {"C": 1848.7016644915989, "gamma": 0.06200097028962025}, "datetime": {"datetime": "2021-09-28 14:16:42", "elapsed": 1264.115832, "delta": 4.440678}}
{"target": -35.8809950301195, "params": {"C": 1370.426523022485, "gamma": 0.10848537462795485}, "datetime": {"datetime": "2021-09-28 14:16:45", "elapsed": 1267.389162, "delta": 3.27333}}
{"target": -35.04579884805856, "params": {"C": 1848.7494651744942, "gamma": 0.03635462564260115}, "datetime": {"datetime": "2021-09-28 14:16:51", "elapsed": 1273.08368, "delta": 5.694518}}
{"target": -35.347974412470265, "params": {"C": 1721.4502778694325, "gamma": 0.0817183594836046}, "datetime": {"datetime": "2021-09-28 14:16:56", "elapsed": 1278.420384, "delta": 5.336704}}
{"target": -35.61406549225083, "params": {"C": 1897.1532178670873, "gamma": 0.10238440790796532}, "datetime": {"datetime": "2021-09-28 14:17:01", "elapsed": 1283.112739, "delta": 4.692355}}
{"target": -35.00606798850106, "params": {"C": 1878.2311261427612, "gamma": 0.037703919631110965}, "datetime": {"datetime": "2021-09-28 14:17:09", "elapsed": 1291.492778, "delta": 8.380039}}
{"target": -35.07627243669563, "params": {"C": 1878.2376624743079, "gamma": 0.06397452447080824}, "datetime": {"datetime": "2021-09-28 14:17:15", "elapsed": 1297.203541, "delta": 5.710763}}
{"target": -35.94585091469797, "params": {"C": 1878.2604350009265, "gamma": 0.12468253359164787}, "datetime": {"datetime": "2021-09-28 14:17:21", "elapsed": 1303.385953, "delta": 6.182412}}
{"target": -34.99967710119281, "params": {"C": 1776.1940002078798, "gamma": 0.05268145596984126}, "datetime": {"datetime": "2021-09-28 14:17:25", "elapsed": 1307.411289, "delta": 4.025336}}
{"target": -37.07698067488123, "params": {"C": 1878.211526261278, "gamma": 0.01030775639091145}, "datetime": {"datetime": "2021-09-28 14:17:33", "elapsed": 1314.980529, "delta": 7.56924}}
{"target": -35.41712489423056, "params": {"C": 1776.2097626339491, "gamma": 0.027072654706210234}, "datetime": {"datetime": "2021-09-28 14:17:42", "elapsed": 1323.976067, "delta": 8.995538}}
{"target": -36.76101748780103, "params": {"C": 1124.2539886079344, "gamma": 0.15826325948166686}, "datetime": {"datetime": "2021-09-28 14:17:46", "elapsed": 1328.892378, "delta": 4.916311}}
{"target": -36.40413543772969, "params": {"C": 1568.4626162941463, "gamma": 0.1522984732503467}, "datetime": {"datetime": "2021-09-28 14:17:56", "elapsed": 1338.926659, "delta": 10.034281}}
{"target": -35.03364086837822, "params": {"C": 1878.3071680821927, "gamma": 0.059740594783361696}, "datetime": {"datetime": "2021-09-28 14:18:03", "elapsed": 1345.681999, "delta": 6.75534}}
{"target": -34.95343489463373, "params": {"C": 1878.6148999686866, "gamma": 0.05071104984216549}, "datetime": {"datetime": "2021-09-28 14:18:14", "elapsed": 1356.275036, "delta": 10.593037}}
{"target": -37.69362853486275, "params": {"C": 1291.0235078169533, "gamma": 0.00944744747752949}, "datetime": {"datetime": "2021-09-28 14:18:22", "elapsed": 1364.23305, "delta": 7.958014}}
{"target": -35.51370980617075, "params": {"C": 1776.217661456937, "gamma": 0.09370871188972306}, "datetime": {"datetime": "2021-09-28 14:18:26", "elapsed": 1368.346741, "delta": 4.113691}}
{"target": -35.95453514379257, "params": {"C": 1397.4951093204986, "gamma": 0.11479517693085359}, "datetime": {"datetime": "2021-09-28 14:18:36", "elapsed": 1378.92053, "delta": 10.573789}}
{"target": -35.063661445358136, "params": {"C": 1592.7077850322644, "gamma": 0.049747001434922125}, "datetime": {"datetime": "2021-09-28 14:18:40", "elapsed": 1382.379731, "delta": 3.459201}}
{"target": -35.439125657196314, "params": {"C": 1592.6897268408097, "gamma": 0.08533028388838905}, "datetime": {"datetime": "2021-09-28 14:18:46", "elapsed": 1388.031657, "delta": 5.651926}}
{"target": -37.92486899101725, "params": {"C": 1512.62740209203, "gamma": 0.0069381630685320436}, "datetime": {"datetime": "2021-09-28 14:18:50", "elapsed": 1392.01472, "delta": 3.983063}}
{"target": -34.93634080845308, "params": {"C": 1897.1045646898483, "gamma": 0.04348621365999215}, "datetime": {"datetime": "2021-09-28 14:19:00", "elapsed": 1402.115744, "delta": 10.101024}}
{"target": -35.84847353556608, "params": {"C": 1038.2500645038658, "gamma": 0.08092766178793624}, "datetime": {"datetime": "2021-09-28 14:19:03", "elapsed": 1405.451931, "delta": 3.336187}}
{"target": -37.068264775717864, "params": {"C": 1139.0932450426078, "gamma": 0.18298418386498583}, "datetime": {"datetime": "2021-09-28 14:19:07", "elapsed": 1409.254289, "delta": 3.802358}}
{"target": -36.38700762608233, "params": {"C": 1769.9548135062973, "gamma": 0.15475451363992293}, "datetime": {"datetime": "2021-09-28 14:19:13", "elapsed": 1415.21026, "delta": 5.955971}}
{"target": -37.06269726550509, "params": {"C": 1592.729294803793, "gamma": 0.011903782179117667}, "datetime": {"datetime": "2021-09-28 14:19:20", "elapsed": 1422.311489, "delta": 7.101229}}
{"target": -36.05238064284523, "params": {"C": 1848.7037001857295, "gamma": 0.13143684600534267}, "datetime": {"datetime": "2021-09-28 14:19:30", "elapsed": 1432.367718, "delta": 10.056229}}
{"target": -36.7612484942639, "params": {"C": 1688.3099989649327, "gamma": 0.1856738822379171}, "datetime": {"datetime": "2021-09-28 14:19:34", "elapsed": 1436.774986, "delta": 4.407268}}
{"target": -36.77880334785505, "params": {"C": 1188.1915333899124, "gamma": 0.16356307034927295}, "datetime": {"datetime": "2021-09-28 14:19:39", "elapsed": 1441.239053, "delta": 4.464067}}
{"target": -36.04550097678512, "params": {"C": 1074.6398665904223, "gamma": 0.10056839539700654}, "datetime": {"datetime": "2021-09-28 14:19:45", "elapsed": 1447.802812, "delta": 6.563759}}
{"target": -35.669913071598614, "params": {"C": 1897.0720893074417, "gamma": 0.10622153097779063}, "datetime": {"datetime": "2021-09-28 14:19:51", "elapsed": 1453.27437, "delta": 5.471558}}
{"target": -35.33327597262865, "params": {"C": 1568.1855348976865, "gamma": 0.032118135675470984}, "datetime": {"datetime": "2021-09-28 14:20:01", "elapsed": 1463.158885, "delta": 9.884515}}
{"target": -36.159947680976764, "params": {"C": 2550.7979025745753, "gamma": 0.14308882541053045}, "datetime": {"datetime": "2021-09-28 14:41:35", "elapsed": 0.0, "delta": 0.0}}
{"target": -35.57260500088659, "params": {"C": 2290.904738912944, "gamma": 0.10461138301354429}, "datetime": {"datetime": "2021-09-28 14:41:36", "elapsed": 0.289001, "delta": 0.289001}}
{"target": -36.62962228094236, "params": {"C": 2892.946954347655, "gamma": 0.17977715234202044}, "datetime": {"datetime": "2021-09-28 14:41:36", "elapsed": 0.878998, "delta": 0.589997}}
{"target": -34.872445284176855, "params": {"C": 2125.5853104638363, "gamma": 0.04541236123694642}, "datetime": {"datetime": "2021-09-28 14:41:36", "elapsed": 1.146213, "delta": 0.267215}}
{"target": -35.40949969434624, "params": {"C": 2051.46720330083, "gamma": 0.09095791951187412}, "datetime": {"datetime": "2021-09-28 14:41:37", "elapsed": 1.41121, "delta": 0.264997}}
{"target": -35.46175213986819, "params": {"C": 2029.876210878567, "gamma": 0.09408247875696867}, "datetime": {"datetime": "2021-09-28 14:41:37", "elapsed": 1.710215, "delta": 0.299005}}
{"target": -36.83146902692475, "params": {"C": 2190.1979591865093, "gamma": 0.2}, "datetime": {"datetime": "2021-09-28 14:41:38", "elapsed": 2.341217, "delta": 0.631002}}
{"target": -36.835432821100206, "params": {"C": 2098.3029200044593, "gamma": 0.2}, "datetime": {"datetime": "2021-09-28 14:41:38", "elapsed": 2.785214, "delta": 0.443997}}
{"target": -36.051572418315004, "params": {"C": 2124.6169398507704, "gamma": 0.133654626678114}, "datetime": {"datetime": "2021-09-28 14:41:39", "elapsed": 3.257214, "delta": 0.472}}
{"target": -35.05678626661517, "params": {"C": 2029.8690167315046, "gamma": 0.06508422699307778}, "datetime": {"datetime": "2021-09-28 14:41:39", "elapsed": 3.845289, "delta": 0.588075}}
{"target": -36.00007204565218, "params": {"C": 2029.927661784052, "gamma": 0.01771316819301459}, "datetime": {"datetime": "2021-09-28 14:41:40", "elapsed": 4.287806, "delta": 0.442517}}
{"target": -35.708840026609714, "params": {"C": 2419.861659579808, "gamma": 0.01852308811760564}, "datetime": {"datetime": "2021-09-28 14:41:40", "elapsed": 4.903107, "delta": 0.615301}}
{"target": -34.91336785534241, "params": {"C": 2051.518518287492, "gamma": 0.039829748342121545}, "datetime": {"datetime": "2021-09-28 14:41:41", "elapsed": 5.63154, "delta": 0.728433}}
{"target": -36.72458017936332, "params": {"C": 2941.4469745329993, "gamma": 0.18850673221422637}, "datetime": {"datetime": "2021-09-28 14:41:41", "elapsed": 6.116538, "delta": 0.484998}}
{"target": -35.08848906438015, "params": {"C": 2125.5160269378002, "gamma": 0.06903652723868782}, "datetime": {"datetime": "2021-09-28 14:41:42", "elapsed": 6.52754, "delta": 0.411002}}
{"target": -36.039033422494455, "params": {"C": 2125.5770679666507, "gamma": 0.13282168512857506}, "datetime": {"datetime": "2021-09-28 14:41:42", "elapsed": 7.015538, "delta": 0.487998}}
{"target": -35.227531482045435, "params": {"C": 2125.6784933798394, "gamma": 0.07937060923758081}, "datetime": {"datetime": "2021-09-28 14:41:43", "elapsed": 7.468544, "delta": 0.453006}}
{"target": -36.481132542971515, "params": {"C": 2051.4223005959943, "gamma": 0.01365620541402689}, "datetime": {"datetime": "2021-09-28 14:41:43", "elapsed": 8.07054, "delta": 0.601996}}
{"target": -36.11951340698242, "params": {"C": 2646.2743126173586, "gamma": 0.14054254019079493}, "datetime": {"datetime": "2021-09-28 14:41:44", "elapsed": 8.51015, "delta": 0.43961}}
{"target": -36.64442161091373, "params": {"C": 2125.6259602976897, "gamma": 0.01213198949298163}, "datetime": {"datetime": "2021-09-28 14:41:44", "elapsed": 9.056673, "delta": 0.546523}}
{"target": -34.892910821692716, "params": {"C": 2051.524698263327, "gamma": 0.047118947046792085}, "datetime": {"datetime": "2021-09-28 14:41:45", "elapsed": 9.478276, "delta": 0.421603}}
