{"target": -35.37252489288478, "params": {"C": 36712.10038145159, "gamma": 0.007756338210851336}, "datetime": {"datetime": "2021-09-29 09:16:00", "elapsed": 96.678242, "delta": 1.267508}}
{"target": -35.12914601104962, "params": {"C": 39710.83451327757, "gamma": 0.035993408116376545}, "datetime": {"datetime": "2021-09-29 09:16:01", "elapsed": 97.759215, "delta": 1.080973}}
{"target": -36.04905213065522, "params": {"C": 35570.39460377165, "gamma": 0.00499144487629039}, "datetime": {"datetime": "2021-09-29 09:16:02", "elapsed": 98.716374, "delta": 0.957159}}
{"target": -35.358680664949034, "params": {"C": 38700.30046732532, "gamma": 0.04038005298795698}, "datetime": {"datetime": "2021-09-29 09:16:03", "elapsed": 99.715373, "delta": 0.998999}}
{"target": -34.728977481175434, "params": {"C": 38819.00732954485, "gamma": 0.012274644840497572}, "datetime": {"datetime": "2021-09-29 09:16:05", "elapsed": 101.017373, "delta": 1.302}}
{"target": -34.489702550143, "params": {"C": 37982.33419228488, "gamma": 0.01575435567161211}, "datetime": {"datetime": "2021-09-29 09:16:06", "elapsed": 102.110602, "delta": 1.093229}}
{"target": -35.20722898730506, "params": {"C": 35693.96071332874, "gamma": 0.008699821099823077}, "datetime": {"datetime": "2021-09-29 09:16:07", "elapsed": 103.03444, "delta": 0.923838}}
{"target": -34.6156564813917, "params": {"C": 35568.403705959965, "gamma": 0.013778353510284124}, "datetime": {"datetime": "2021-09-29 09:16:08", "elapsed": 104.102843, "delta": 1.068403}}
{"target": -35.06733111823695, "params": {"C": 36514.43247849689, "gamma": 0.036111906511686824}, "datetime": {"datetime": "2021-09-29 09:16:09", "elapsed": 104.898842, "delta": 0.795999}}
{"target": -35.31447306252768, "params": {"C": 38240.9986457794, "gamma": 0.007971383988539915}, "datetime": {"datetime": "2021-09-29 09:16:09", "elapsed": 105.665842, "delta": 0.767}}
{"target": -35.48837116739517, "params": {"C": 35991.35409873508, "gamma": 0.04413704716312832}, "datetime": {"datetime": "2021-09-29 09:16:10", "elapsed": 106.51174, "delta": 0.845898}}
{"target": -34.55778907586586, "params": {"C": 37483.907095818475, "gamma": 0.014555942432125886}, "datetime": {"datetime": "2021-09-29 09:16:11", "elapsed": 107.387742, "delta": 0.876002}}
{"target": -34.98444793088007, "params": {"C": 37492.59560530593, "gamma": 0.010146740802586436}, "datetime": {"datetime": "2021-09-29 09:16:13", "elapsed": 109.063568, "delta": 1.675826}}
{"target": -34.68646699174683, "params": {"C": 37813.124284455145, "gamma": 0.012790521468523781}, "datetime": {"datetime": "2021-09-29 09:16:14", "elapsed": 109.849574, "delta": 0.786006}}
{"target": -35.71209184692426, "params": {"C": 37153.78994813115, "gamma": 0.047567270065245484}, "datetime": {"datetime": "2021-09-29 09:16:14", "elapsed": 110.64204, "delta": 0.792466}}
{"target": -34.731869127000955, "params": {"C": 38818.9056079082, "gamma": 0.01224620460416126}, "datetime": {"datetime": "2021-09-29 09:16:15", "elapsed": 111.625039, "delta": 0.982999}}
{"target": -34.653325020517045, "params": {"C": 37920.28718058389, "gamma": 0.02631070380996706}, "datetime": {"datetime": "2021-09-29 09:16:16", "elapsed": 112.521239, "delta": 0.8962}}
{"target": -35.55264321392556, "params": {"C": 35700.314291443494, "gamma": 0.007020569736098663}, "datetime": {"datetime": "2021-09-29 09:16:17", "elapsed": 113.683888, "delta": 1.162649}}
{"target": -35.576310212852675, "params": {"C": 35706.879738829535, "gamma": 0.006918255899308458}, "datetime": {"datetime": "2021-09-29 09:16:18", "elapsed": 114.626187, "delta": 0.942299}}
{"target": -34.49539561793927, "params": {"C": 37501.07418546096, "gamma": 0.019876503934605095}, "datetime": {"datetime": "2021-09-29 09:16:19", "elapsed": 115.670186, "delta": 1.043999}}
{"target": -36.23539827103302, "params": {"C": 36478.867662894576, "gamma": 0.058617159708519044}, "datetime": {"datetime": "2021-09-29 09:16:20", "elapsed": 116.71472, "delta": 1.044534}}
{"target": -35.0841986309074, "params": {"C": 35728.831088562816, "gamma": 0.0368757523769709}, "datetime": {"datetime": "2021-09-29 09:16:21", "elapsed": 117.551722, "delta": 0.837002}}
{"target": -35.25236999395594, "params": {"C": 35568.38016814568, "gamma": 0.008453163693691888}, "datetime": {"datetime": "2021-09-29 09:16:22", "elapsed": 118.604991, "delta": 1.053269}}
{"target": -34.86155230084417, "params": {"C": 37632.4498842789, "gamma": 0.03128561625195343}, "datetime": {"datetime": "2021-09-29 09:16:23", "elapsed": 119.512989, "delta": 0.907998}}
{"target": -35.73621043961678, "params": {"C": 39088.16941163538, "gamma": 0.006117129198948369}, "datetime": {"datetime": "2021-09-29 09:16:24", "elapsed": 120.498246, "delta": 0.985257}}
{"target": -35.87466527726802, "params": {"C": 35700.359663241645, "gamma": 0.005682334247379215}, "datetime": {"datetime": "2021-09-29 09:16:25", "elapsed": 121.743247, "delta": 1.245001}}
{"target": -35.71236178498405, "params": {"C": 37501.117105419966, "gamma": 0.04735420929234681}, "datetime": {"datetime": "2021-09-29 09:16:27", "elapsed": 122.801397, "delta": 1.05815}}
{"target": -34.458827678273586, "params": {"C": 39088.127406409905, "gamma": 0.0169240662534969}, "datetime": {"datetime": "2021-09-29 09:16:28", "elapsed": 123.793981, "delta": 0.992584}}
{"target": -34.483201102613656, "params": {"C": 36116.119459560905, "gamma": 0.018896381191174157}, "datetime": {"datetime": "2021-09-29 09:16:28", "elapsed": 124.600281, "delta": 0.8063}}
{"target": -34.77583715264601, "params": {"C": 37280.05809726767, "gamma": 0.011941653071788638}, "datetime": {"datetime": "2021-09-29 09:16:29", "elapsed": 125.60328, "delta": 1.002999}}
{"target": -34.5445120885137, "params": {"C": 39484.37684323964, "gamma": 0.02221245961082093}, "datetime": {"datetime": "2021-09-29 09:16:30", "elapsed": 126.543462, "delta": 0.940182}}
{"target": -34.52112402223423, "params": {"C": 39749.958844842535, "gamma": 0.015000648041073233}, "datetime": {"datetime": "2021-09-29 09:16:31", "elapsed": 127.584465, "delta": 1.041003}}
{"target": -34.54108113123907, "params": {"C": 37772.22963200062, "gamma": 0.022292027718876065}, "datetime": {"datetime": "2021-09-29 09:16:32", "elapsed": 128.609824, "delta": 1.025359}}
{"target": -35.095108777171404, "params": {"C": 39088.13136956177, "gamma": 0.03553944348479186}, "datetime": {"datetime": "2021-09-29 09:16:33", "elapsed": 129.595831, "delta": 0.986007}}
{"target": -34.470118150284996, "params": {"C": 39136.59763392639, "gamma": 0.016103446269174152}, "datetime": {"datetime": "2021-09-29 09:16:35", "elapsed": 130.994903, "delta": 1.399072}}
{"target": -34.4738972366023, "params": {"C": 36219.8035784343, "gamma": 0.018104340079235774}, "datetime": {"datetime": "2021-09-29 09:16:36", "elapsed": 132.118095, "delta": 1.123192}}
{"target": -34.50030030701389, "params": {"C": 37491.55548003322, "gamma": 0.020210934994438687}, "datetime": {"datetime": "2021-09-29 09:16:37", "elapsed": 133.486089, "delta": 1.367994}}
{"target": -34.681085954635954, "params": {"C": 36998.648023697926, "gamma": 0.012923301062504514}, "datetime": {"datetime": "2021-09-29 09:16:38", "elapsed": 134.567567, "delta": 1.081478}}
{"target": -36.383400210923455, "params": {"C": 38818.98544648086, "gamma": 0.059773052231704385}, "datetime": {"datetime": "2021-09-29 09:16:39", "elapsed": 135.582568, "delta": 1.015001}}
{"target": -34.80598330800971, "params": {"C": 37486.67381455021, "gamma": 0.03016472729827526}, "datetime": {"datetime": "2021-09-29 09:16:40", "elapsed": 136.763867, "delta": 1.181299}}
{"target": -35.25127819860486, "params": {"C": 38818.96105445339, "gamma": 0.00827589920700974}, "datetime": {"datetime": "2021-09-29 09:16:42", "elapsed": 138.29119, "delta": 1.527323}}
{"target": -35.55497670130627, "params": {"C": 38325.79505443587, "gamma": 0.04395649809017607}, "datetime": {"datetime": "2021-09-29 09:16:43", "elapsed": 139.156768, "delta": 0.865578}}
{"target": -34.50341744570748, "params": {"C": 35713.175134264486, "gamma": 0.02038297886697235}, "datetime": {"datetime": "2021-09-29 09:16:44", "elapsed": 140.095946, "delta": 0.939178}}
{"target": -34.49235940003369, "params": {"C": 37092.33045977911, "gamma": 0.015754440839356558}, "datetime": {"datetime": "2021-09-29 09:16:45", "elapsed": 141.259954, "delta": 1.164008}}
{"target": -34.74271292642286, "params": {"C": 36801.72613406476, "gamma": 0.029053883485095973}, "datetime": {"datetime": "2021-09-29 09:16:46", "elapsed": 142.304946, "delta": 1.044992}}
{"target": -35.73081397632196, "params": {"C": 38725.00649410715, "gamma": 0.0061515430748944906}, "datetime": {"datetime": "2021-09-29 09:16:47", "elapsed": 143.551948, "delta": 1.247002}}
{"target": -34.47166544775418, "params": {"C": 35566.29209176303, "gamma": 0.017832947431136857}, "datetime": {"datetime": "2021-09-29 09:16:48", "elapsed": 144.538134, "delta": 0.986186}}
{"target": -34.6811997923942, "params": {"C": 38020.95644700506, "gamma": 0.027202771726071603}, "datetime": {"datetime": "2021-09-29 09:16:49", "elapsed": 145.415139, "delta": 0.877005}}
{"target": -34.64066848483846, "params": {"C": 36477.60834341345, "gamma": 0.013403842406744297}, "datetime": {"datetime": "2021-09-29 09:16:50", "elapsed": 146.265645, "delta": 0.850506}}
{"target": -34.49097976958532, "params": {"C": 36998.6356546109, "gamma": 0.019543779056888373}, "datetime": {"datetime": "2021-09-29 09:16:51", "elapsed": 147.289649, "delta": 1.024004}}
{"target": -34.732580008032, "params": {"C": 35860.831068882915, "gamma": 0.02914583561112615}, "datetime": {"datetime": "2021-09-29 09:16:52", "elapsed": 148.215036, "delta": 0.925387}}
{"target": -36.05012481406732, "params": {"C": 39916.19447784942, "gamma": 0.05206168466343076}, "datetime": {"datetime": "2021-09-29 09:16:53", "elapsed": 149.074694, "delta": 0.859658}}
{"target": -35.16378589689766, "params": {"C": 37804.37410847314, "gamma": 0.008866371039725656}, "datetime": {"datetime": "2021-09-29 09:16:54", "elapsed": 150.170866, "delta": 1.096172}}
{"target": -35.621648342775345, "params": {"C": 39280.603476788114, "gamma": 0.04460226076255454}, "datetime": {"datetime": "2021-09-29 09:16:55", "elapsed": 151.114866, "delta": 0.944}}
{"target": -34.68476295195016, "params": {"C": 37480.164400644055, "gamma": 0.027421915008870704}, "datetime": {"datetime": "2021-09-29 09:16:56", "elapsed": 152.36705, "delta": 1.252184}}
{"target": -35.69270140743988, "params": {"C": 35566.28488615588, "gamma": 0.006431962577782601}, "datetime": {"datetime": "2021-09-29 09:16:57", "elapsed": 153.445053, "delta": 1.078003}}
{"target": -34.78638619121753, "params": {"C": 35713.18711395776, "gamma": 0.030355759105500597}, "datetime": {"datetime": "2021-09-29 09:16:58", "elapsed": 154.443771, "delta": 0.998718}}
{"target": -34.49079233953057, "params": {"C": 35706.85715611619, "gamma": 0.019471149462911008}, "datetime": {"datetime": "2021-09-29 09:16:59", "elapsed": 155.689772, "delta": 1.246001}}
{"target": -34.70278946626904, "params": {"C": 37491.542159653814, "gamma": 0.02799674317507431}, "datetime": {"datetime": "2021-09-29 09:17:01", "elapsed": 157.042773, "delta": 1.353001}}
{"target": -34.538073202414665, "params": {"C": 38748.98851183562, "gamma": 0.014768619169702436}, "datetime": {"datetime": "2021-09-29 09:17:02", "elapsed": 157.987772, "delta": 0.944999}}
{"target": -35.46479150104744, "params": {"C": 37037.79179623752, "gamma": 0.043097841397299566}, "datetime": {"datetime": "2021-09-29 09:17:03", "elapsed": 158.90565, "delta": 0.917878}}
{"target": -34.46173294970033, "params": {"C": 35869.23975540009, "gamma": 0.0168412321219124}, "datetime": {"datetime": "2021-09-29 09:17:04", "elapsed": 159.899649, "delta": 0.993999}}
{"target": -35.25966700018546, "params": {"C": 37982.29268654673, "gamma": 0.03912619612273936}, "datetime": {"datetime": "2021-09-29 09:17:05", "elapsed": 161.05992, "delta": 1.160271}}
{"target": -34.78662249263235, "params": {"C": 36567.06349133633, "gamma": 0.030064875224686167}, "datetime": {"datetime": "2021-09-29 09:17:06", "elapsed": 162.00192, "delta": 0.942}}
{"target": -34.50813542328323, "params": {"C": 37092.300552157, "gamma": 0.015418331940686324}, "datetime": {"datetime": "2021-09-29 09:17:07", "elapsed": 163.012078, "delta": 1.010158}}
{"target": -35.18988644007845, "params": {"C": 36116.12834250862, "gamma": 0.03892804426322304}, "datetime": {"datetime": "2021-09-29 09:17:08", "elapsed": 164.081717, "delta": 1.069639}}
{"target": -35.05069441483178, "params": {"C": 35570.375282233406, "gamma": 0.00979775028594057}, "datetime": {"datetime": "2021-09-29 09:17:09", "elapsed": 164.98093, "delta": 0.899213}}
{"target": -36.12928439704126, "params": {"C": 39056.67317103693, "gamma": 0.05426493401776979}, "datetime": {"datetime": "2021-09-29 09:17:10", "elapsed": 165.899928, "delta": 0.918998}}
{"target": -35.78181534855705, "params": {"C": 39639.69657684848, "gamma": 0.04731494753860794}, "datetime": {"datetime": "2021-09-29 09:17:11", "elapsed": 166.876847, "delta": 0.976919}}
{"target": -35.06150202407128, "params": {"C": 37476.437626937186, "gamma": 0.03553555755943927}, "datetime": {"datetime": "2021-09-29 09:17:12", "elapsed": 167.958849, "delta": 1.082002}}
{"target": -34.97932790852489, "params": {"C": 35706.8387186181, "gamma": 0.03455494405415369}, "datetime": {"datetime": "2021-09-29 09:17:13", "elapsed": 169.286434, "delta": 1.327585}}
{"target": -34.48368515856378, "params": {"C": 35566.30620940261, "gamma": 0.018899287332770014}, "datetime": {"datetime": "2021-09-29 09:17:14", "elapsed": 170.433497, "delta": 1.147063}}
{"target": -35.680387132479936, "params": {"C": 36116.110060835344, "gamma": 0.006459537161601075}, "datetime": {"datetime": "2021-09-29 09:17:15", "elapsed": 171.535496, "delta": 1.101999}}
{"target": -34.75041269422808, "params": {"C": 36228.28595256071, "gamma": 0.029405936418061857}, "datetime": {"datetime": "2021-09-29 09:17:16", "elapsed": 172.532651, "delta": 0.997155}}
{"target": -35.13902041826746, "params": {"C": 35869.23823666821, "gamma": 0.03803283894281015}, "datetime": {"datetime": "2021-09-29 09:17:17", "elapsed": 173.632654, "delta": 1.100003}}
{"target": -34.66445317757212, "params": {"C": 37730.03818389417, "gamma": 0.026712801601480665}, "datetime": {"datetime": "2021-09-29 09:17:18", "elapsed": 174.637315, "delta": 1.004661}}
{"target": -36.28017849518988, "params": {"C": 39519.60942209322, "gamma": 0.05694358458406234}, "datetime": {"datetime": "2021-09-29 09:17:19", "elapsed": 175.747274, "delta": 1.109959}}
{"target": -35.46954230849331, "params": {"C": 38962.24441356672, "gamma": 0.04210251115544863}, "datetime": {"datetime": "2021-09-29 09:17:21", "elapsed": 177.337612, "delta": 1.590338}}
{"target": -34.56589538602934, "params": {"C": 37492.55958805156, "gamma": 0.0232902515854205}, "datetime": {"datetime": "2021-09-29 09:17:22", "elapsed": 178.682527, "delta": 1.344915}}
{"target": -35.29380585363519, "params": {"C": 39827.00864335392, "gamma": 0.00800075000939655}, "datetime": {"datetime": "2021-09-29 09:17:24", "elapsed": 180.131531, "delta": 1.449004}}
{"target": -35.27256574505008, "params": {"C": 37092.320061789535, "gamma": 0.008254858323925248}, "datetime": {"datetime": "2021-09-29 09:17:25", "elapsed": 181.428819, "delta": 1.297288}}
{"target": -35.543576806753684, "params": {"C": 36973.48284872766, "gamma": 0.04455882935986591}, "datetime": {"datetime": "2021-09-29 09:17:26", "elapsed": 182.431114, "delta": 1.002295}}
{"target": -35.20435927546802, "params": {"C": 37971.22053466117, "gamma": 0.038248141939745406}, "datetime": {"datetime": "2021-09-29 09:17:27", "elapsed": 183.421111, "delta": 0.989997}}
{"target": -34.6727769432567, "params": {"C": 36620.14080916897, "gamma": 0.027198031431555983}, "datetime": {"datetime": "2021-09-29 09:17:28", "elapsed": 184.465585, "delta": 1.044474}}
{"target": -34.940595996580335, "params": {"C": 37501.056124392155, "gamma": 0.03296006129579314}, "datetime": {"datetime": "2021-09-29 09:17:29", "elapsed": 185.725588, "delta": 1.260003}}
{"target": -35.09284935822601, "params": {"C": 35703.18042585367, "gamma": 0.03708397720661711}, "datetime": {"datetime": "2021-09-29 09:17:31", "elapsed": 186.800822, "delta": 1.075234}}
{"target": -34.57612129619162, "params": {"C": 36620.15295952555, "gamma": 0.02380262960196177}, "datetime": {"datetime": "2021-09-29 09:17:32", "elapsed": 188.08582, "delta": 1.284998}}
{"target": -35.790960163688624, "params": {"C": 39088.16696382263, "gamma": 0.04780288488064929}, "datetime": {"datetime": "2021-09-29 09:17:33", "elapsed": 189.281178, "delta": 1.195358}}
{"target": -34.94809602118053, "params": {"C": 38724.971405351665, "gamma": 0.03262878342997464}, "datetime": {"datetime": "2021-09-29 09:17:34", "elapsed": 190.583324, "delta": 1.302146}}
{"target": -34.704943993329934, "params": {"C": 35860.83743731107, "gamma": 0.012784594873703516}, "datetime": {"datetime": "2021-09-29 09:17:36", "elapsed": 192.037323, "delta": 1.453999}}
{"target": -35.60674663405281, "params": {"C": 38272.52607676639, "gamma": 0.04492997745271037}, "datetime": {"datetime": "2021-09-29 09:17:37", "elapsed": 193.098804, "delta": 1.061481}}
{"target": -35.7025381570996, "params": {"C": 39484.39310018299, "gamma": 0.04597452046415706}, "datetime": {"datetime": "2021-09-29 09:17:38", "elapsed": 194.369789, "delta": 1.270985}}
{"target": -36.279594123322816, "params": {"C": 37092.29452911855, "gamma": 0.0040994813147547104}, "datetime": {"datetime": "2021-09-29 09:17:40", "elapsed": 195.830788, "delta": 1.460999}}
{"target": -34.89863018945214, "params": {"C": 35713.16460598196, "gamma": 0.010939424490538628}, "datetime": {"datetime": "2021-09-29 09:17:41", "elapsed": 197.698959, "delta": 1.868171}}
{"target": -34.627922595389, "params": {"C": 38741.649857812474, "gamma": 0.025318903051087763}, "datetime": {"datetime": "2021-09-29 09:17:42", "elapsed": 198.705836, "delta": 1.006877}}
{"target": -34.867011996497226, "params": {"C": 37491.54598990881, "gamma": 0.011059095071835463}, "datetime": {"datetime": "2021-09-29 09:17:44", "elapsed": 200.167839, "delta": 1.462003}}
{"target": -35.30750507173695, "params": {"C": 39088.135485047475, "gamma": 0.007965821501957066}, "datetime": {"datetime": "2021-09-29 09:17:46", "elapsed": 202.140573, "delta": 1.972734}}
{"target": -35.284544100730834, "params": {"C": 35680.4020076197, "gamma": 0.040736955765234756}, "datetime": {"datetime": "2021-09-29 09:17:47", "elapsed": 203.07676, "delta": 0.936187}}
{"target": -35.7987535767197, "params": {"C": 37084.53073263418, "gamma": 0.005940767267410333}, "datetime": {"datetime": "2021-09-29 09:17:48", "elapsed": 204.177449, "delta": 1.100689}}
{"target": -34.81753726463055, "params": {"C": 37982.32575903752, "gamma": 0.030242167409029228}, "datetime": {"datetime": "2021-09-29 09:17:49", "elapsed": 205.452042, "delta": 1.274593}}
{"target": -34.64808390229597, "params": {"C": 36219.8013105981, "gamma": 0.02644422715611202}, "datetime": {"datetime": "2021-09-29 09:17:51", "elapsed": 207.048805, "delta": 1.596763}}
{"target": -35.06753210587418, "params": {"C": 37486.70083592906, "gamma": 0.03566193854741025}, "datetime": {"datetime": "2021-09-29 09:17:52", "elapsed": 208.238807, "delta": 1.190002}}
{"target": -34.51294770344639, "params": {"C": 37772.230158824204, "gamma": 0.021018214098363838}, "datetime": {"datetime": "2021-09-29 09:17:53", "elapsed": 209.259945, "delta": 1.021138}}
{"target": -35.35738695503846, "params": {"C": 35625.103208560395, "gamma": 0.04202585816872427}, "datetime": {"datetime": "2021-09-29 09:17:54", "elapsed": 210.778529, "delta": 1.518584}}
{"target": -35.03301590130086, "params": {"C": 37730.027240582574, "gamma": 0.034808995026734145}, "datetime": {"datetime": "2021-09-29 09:17:56", "elapsed": 212.065524, "delta": 1.286995}}
{"target": -34.67500518249763, "params": {"C": 37813.1127882192, "gamma": 0.012908469002823032}, "datetime": {"datetime": "2021-09-29 09:17:57", "elapsed": 213.370233, "delta": 1.304709}}
{"target": -35.254504820949165, "params": {"C": 36998.62230129974, "gamma": 0.008358378948166052}, "datetime": {"datetime": "2021-09-29 09:17:58", "elapsed": 214.569503, "delta": 1.19927}}
{"target": -36.0689424031797, "params": {"C": 38484.30244926489, "gamma": 0.05344732904127445}, "datetime": {"datetime": "2021-09-29 09:17:59", "elapsed": 215.562523, "delta": 0.99302}}
{"target": -35.9585221648976, "params": {"C": 37920.28552514598, "gamma": 0.051656797650486336}, "datetime": {"datetime": "2021-09-29 09:18:01", "elapsed": 216.842068, "delta": 1.279545}}
{"target": -35.14535763584487, "params": {"C": 36478.854814273975, "gamma": 0.009066161774613602}, "datetime": {"datetime": "2021-09-29 09:18:02", "elapsed": 218.180069, "delta": 1.338001}}
{"target": -34.54517720595373, "params": {"C": 35566.29811906424, "gamma": 0.0227484667286954}, "datetime": {"datetime": "2021-09-29 09:18:03", "elapsed": 219.34229, "delta": 1.162221}}
{"target": -36.007227404757955, "params": {"C": 36881.99830070537, "gamma": 0.053385458420645474}, "datetime": {"datetime": "2021-09-29 09:18:04", "elapsed": 220.322324, "delta": 0.980034}}
{"target": -34.461841644559925, "params": {"C": 38741.65867208171, "gamma": 0.017196746664086864}, "datetime": {"datetime": "2021-09-29 09:18:05", "elapsed": 221.762368, "delta": 1.440044}}
{"target": -34.45991103557463, "params": {"C": 39496.62844718965, "gamma": 0.017079584953975477}, "datetime": {"datetime": "2021-09-29 09:18:06", "elapsed": 222.75238, "delta": 0.990012}}
{"target": -34.63854796173836, "params": {"C": 36477.603131551834, "gamma": 0.026069805400207}, "datetime": {"datetime": "2021-09-29 09:18:08", "elapsed": 224.103152, "delta": 1.350772}}
{"target": -34.56131131025667, "params": {"C": 37492.5456656102, "gamma": 0.023115801576587748}, "datetime": {"datetime": "2021-09-29 09:18:09", "elapsed": 225.432595, "delta": 1.329443}}
