{"target": -35.8792572448701, "params": {"C": 2896.9103521465677, "gamma": 0.008113955889227503}, "datetime": {"datetime": "2021-09-28 14:44:38", "elapsed": 185.462424, "delta": 2.077501}}
{"target": -36.27165869314117, "params": {"C": 2827.319935748198, "gamma": 0.004224465408873043}, "datetime": {"datetime": "2021-09-28 14:44:40", "elapsed": 187.660052, "delta": 2.197628}}
{"target": -35.355956419411996, "params": {"C": 2749.7977023671237, "gamma": 0.01889795922924715}, "datetime": {"datetime": "2021-09-28 14:44:41", "elapsed": 188.806052, "delta": 1.146}}
{"target": -35.715925400721474, "params": {"C": 2407.5583592475036, "gamma": 0.05716725943143977}, "datetime": {"datetime": "2021-09-28 14:44:42", "elapsed": 189.995308, "delta": 1.189256}}
{"target": -35.43306793280647, "params": {"C": 2173.8479510800184, "gamma": 0.02169780479626763}, "datetime": {"datetime": "2021-09-28 14:44:43", "elapsed": 191.082311, "delta": 1.087003}}
{"target": -35.741204309669826, "params": {"C": 2949.9855710796573, "gamma": 0.066516959010728}, "datetime": {"datetime": "2021-09-28 14:44:45", "elapsed": 192.978092, "delta": 1.895781}}
{"target": -35.47181381166736, "params": {"C": 2313.412698267266, "gamma": 0.039561322671944475}, "datetime": {"datetime": "2021-09-28 14:44:46", "elapsed": 194.339295, "delta": 1.361203}}
{"target": -35.5179790690366, "params": {"C": 2882.8130113744037, "gamma": 0.014142596849123758}, "datetime": {"datetime": "2021-09-28 14:44:48", "elapsed": 195.692121, "delta": 1.352826}}
{"target": -35.263330349514376, "params": {"C": 2949.9516018837044, "gamma": 0.03696531782206259}, "datetime": {"datetime": "2021-09-28 14:44:49", "elapsed": 197.073123, "delta": 1.381002}}
{"target": -35.71585034765885, "params": {"C": 2295.5204214597643, "gamma": 0.011660512386692419}, "datetime": {"datetime": "2021-09-28 14:44:51", "elapsed": 198.591128, "delta": 1.518005}}
{"target": -35.9065840987235, "params": {"C": 2811.334634207385, "gamma": 0.0722526301643557}, "datetime": {"datetime": "2021-09-28 14:44:52", "elapsed": 199.823511, "delta": 1.232383}}
{"target": -35.66689313066291, "params": {"C": 2927.9393153696956, "gamma": 0.06286405193811949}, "datetime": {"datetime": "2021-09-28 14:44:53", "elapsed": 201.13551, "delta": 1.311999}}
{"target": -35.255342456148114, "params": {"C": 2827.3316878230407, "gamma": 0.026153081338035296}, "datetime": {"datetime": "2021-09-28 14:44:55", "elapsed": 203.196111, "delta": 2.060601}}
{"target": -35.25033930393029, "params": {"C": 2896.8590547874815, "gamma": 0.030651241593137046}, "datetime": {"datetime": "2021-09-28 14:44:57", "elapsed": 205.134187, "delta": 1.938076}}
{"target": -35.233394465722476, "params": {"C": 2965.4809706628935, "gamma": 0.030497401549298423}, "datetime": {"datetime": "2021-09-28 14:44:59", "elapsed": 206.701067, "delta": 1.56688}}
{"target": -36.02920654858784, "params": {"C": 2965.4996352167864, "gamma": 0.006342315358808579}, "datetime": {"datetime": "2021-09-28 14:45:01", "elapsed": 208.469847, "delta": 1.76878}}
{"target": -35.487552891230045, "params": {"C": 2245.657190512142, "gamma": 0.03867117726650462}, "datetime": {"datetime": "2021-09-28 14:45:02", "elapsed": 209.823309, "delta": 1.353462}}
{"target": -35.263396060504874, "params": {"C": 2942.1551880222323, "gamma": 0.023215196686252538}, "datetime": {"datetime": "2021-09-28 14:45:04", "elapsed": 211.644171, "delta": 1.820862}}
{"target": -35.36585817186314, "params": {"C": 2546.007636778834, "gamma": 0.0350330828651581}, "datetime": {"datetime": "2021-09-28 14:45:05", "elapsed": 213.100388, "delta": 1.456217}}
{"target": -35.961359754708816, "params": {"C": 2903.9218844186435, "gamma": 0.07587115812232983}, "datetime": {"datetime": "2021-09-28 14:45:06", "elapsed": 214.409102, "delta": 1.308714}}
{"target": -35.290194922375775, "params": {"C": 2697.478757914411, "gamma": 0.028642179714009383}, "datetime": {"datetime": "2021-09-28 14:45:09", "elapsed": 216.480138, "delta": 2.071036}}
{"target": -35.34479483076517, "params": {"C": 2626.857594561219, "gamma": 0.020983837154297153}, "datetime": {"datetime": "2021-09-28 14:45:10", "elapsed": 218.222804, "delta": 1.742666}}
{"target": -35.279837899822795, "params": {"C": 2896.8948765017312, "gamma": 0.03741398379928486}, "datetime": {"datetime": "2021-09-28 14:45:12", "elapsed": 220.29081, "delta": 2.068006}}
{"target": -36.06636920927134, "params": {"C": 2498.1817208071075, "gamma": 0.00650549497316541}, "datetime": {"datetime": "2021-09-28 14:45:15", "elapsed": 222.421567, "delta": 2.130757}}
{"target": -35.657148892696476, "params": {"C": 2626.8870852913096, "gamma": 0.011908773697611712}, "datetime": {"datetime": "2021-09-28 14:45:16", "elapsed": 224.029853, "delta": 1.608286}}
{"target": -35.30127927322987, "params": {"C": 2763.8030925041185, "gamma": 0.03447039280342192}, "datetime": {"datetime": "2021-09-28 14:45:18", "elapsed": 225.721012, "delta": 1.691159}}
{"target": -35.43787313566748, "params": {"C": 2324.0281618337926, "gamma": 0.0356885687759616}, "datetime": {"datetime": "2021-09-28 14:45:19", "elapsed": 227.329016, "delta": 1.608004}}
{"target": -35.278601168790374, "params": {"C": 2896.83949578789, "gamma": 0.02260639945083046}, "datetime": {"datetime": "2021-09-28 14:45:22", "elapsed": 229.42792, "delta": 2.098904}}
{"target": -35.38612972243765, "params": {"C": 2427.8398659473073, "gamma": 0.0328912084820581}, "datetime": {"datetime": "2021-09-28 14:45:23", "elapsed": 231.052055, "delta": 1.624135}}
{"target": -35.38809982132874, "params": {"C": 2701.6480487619974, "gamma": 0.043446931551425254}, "datetime": {"datetime": "2021-09-28 14:45:25", "elapsed": 232.780144, "delta": 1.728089}}
{"target": -35.268519995687626, "params": {"C": 2827.3123960858893, "gamma": 0.030948853990529865}, "datetime": {"datetime": "2021-09-28 14:45:27", "elapsed": 234.568874, "delta": 1.78873}}
{"target": -35.45893009135052, "params": {"C": 2295.538653597398, "gamma": 0.03720656927166792}, "datetime": {"datetime": "2021-09-28 14:45:29", "elapsed": 236.649984, "delta": 2.08111}}
{"target": -35.3614469815683, "params": {"C": 2882.8959983807113, "gamma": 0.04498471765399418}, "datetime": {"datetime": "2021-09-28 14:45:30", "elapsed": 238.224395, "delta": 1.574411}}
{"target": -35.68479402771856, "params": {"C": 2654.505215353279, "gamma": 0.05964225024313507}, "datetime": {"datetime": "2021-09-28 14:45:32", "elapsed": 239.572115, "delta": 1.34772}}
{"target": -35.728625421727706, "params": {"C": 2896.86780765991, "gamma": 0.01021179306306507}, "datetime": {"datetime": "2021-09-28 14:45:33", "elapsed": 241.373144, "delta": 1.801029}}
{"target": -35.27613448883001, "params": {"C": 2744.9990444633004, "gamma": 0.02599386489810462}, "datetime": {"datetime": "2021-09-28 14:45:35", "elapsed": 242.78949, "delta": 1.416346}}
{"target": -35.59919683243321, "params": {"C": 2827.332646174148, "gamma": 0.05821441931561084}, "datetime": {"datetime": "2021-09-28 14:45:37", "elapsed": 244.581739, "delta": 1.792249}}
{"target": -35.29017150120165, "params": {"C": 2697.4969845470796, "gamma": 0.02863807798938062}, "datetime": {"datetime": "2021-09-28 14:45:39", "elapsed": 246.829053, "delta": 2.247314}}
{"target": -36.09778535786819, "params": {"C": 2701.6771399618688, "gamma": 0.005876539716221783}, "datetime": {"datetime": "2021-09-28 14:45:42", "elapsed": 249.506487, "delta": 2.677434}}
{"target": -35.3943729720091, "params": {"C": 2949.954182972877, "gamma": 0.04908752924664506}, "datetime": {"datetime": "2021-09-28 14:45:43", "elapsed": 251.376136, "delta": 1.869649}}
{"target": -35.744208338228525, "params": {"C": 2136.080401523939, "gamma": 0.05397799287584345}, "datetime": {"datetime": "2021-09-28 14:45:45", "elapsed": 252.609817, "delta": 1.233681}}
{"target": -36.03729405804439, "params": {"C": 2416.9061465268355, "gamma": 0.00697261543141396}, "datetime": {"datetime": "2021-09-28 14:45:46", "elapsed": 253.827388, "delta": 1.217571}}
{"target": -35.31558296285633, "params": {"C": 2604.2141960003823, "gamma": 0.024136550608608615}, "datetime": {"datetime": "2021-09-28 14:45:47", "elapsed": 255.322387, "delta": 1.494999}}
{"target": -35.54812812774813, "params": {"C": 2697.483831578606, "gamma": 0.05390517692836849}, "datetime": {"datetime": "2021-09-28 14:45:49", "elapsed": 257.022098, "delta": 1.699711}}
{"target": -35.347221396903166, "params": {"C": 2697.526108270734, "gamma": 0.0392848095292494}, "datetime": {"datetime": "2021-09-28 14:45:51", "elapsed": 258.493039, "delta": 1.470941}}
{"target": -35.9470550479717, "params": {"C": 2798.352988958456, "gamma": 0.07396011702373118}, "datetime": {"datetime": "2021-09-28 14:45:52", "elapsed": 259.768654, "delta": 1.275615}}
{"target": -35.32618626360989, "params": {"C": 2604.232093383269, "gamma": 0.022790057769227896}, "datetime": {"datetime": "2021-09-28 14:45:54", "elapsed": 261.823026, "delta": 2.054372}}
{"target": -35.39664558284698, "params": {"C": 2418.497147893363, "gamma": 0.019525657510544837}, "datetime": {"datetime": "2021-09-28 14:45:56", "elapsed": 263.582599, "delta": 1.759573}}
{"target": -35.45233511786861, "params": {"C": 2295.5119411042606, "gamma": 0.03637457721255684}, "datetime": {"datetime": "2021-09-28 14:45:58", "elapsed": 265.748841, "delta": 2.166242}}
{"target": -35.34031312886772, "params": {"C": 2696.330845441504, "gamma": 0.0380763830698055}, "datetime": {"datetime": "2021-09-28 14:46:00", "elapsed": 267.559066, "delta": 1.810225}}
{"target": -35.91816778052167, "params": {"C": 2696.8604898529784, "gamma": 0.07114814624873918}, "datetime": {"datetime": "2021-09-28 14:46:01", "elapsed": 269.117643, "delta": 1.558577}}
{"target": -35.479071381626916, "params": {"C": 2697.534094958786, "gamma": 0.015360255871559158}, "datetime": {"datetime": "2021-09-28 14:46:03", "elapsed": 271.008073, "delta": 1.89043}}
{"target": -35.27555492956898, "params": {"C": 2896.91343796652, "gamma": 0.03665171819942253}, "datetime": {"datetime": "2021-09-28 14:46:05", "elapsed": 273.033666, "delta": 2.025593}}
{"target": -35.236622426192376, "params": {"C": 2965.4079130202426, "gamma": 0.03145591314152758}, "datetime": {"datetime": "2021-09-28 14:46:07", "elapsed": 274.499966, "delta": 1.4663}}
{"target": -36.025560767423016, "params": {"C": 2376.3996601410727, "gamma": 0.07106456663841582}, "datetime": {"datetime": "2021-09-28 14:46:08", "elapsed": 275.825964, "delta": 1.325998}}
{"target": -35.34413970500246, "params": {"C": 2696.342138965372, "gamma": 0.020229304909341165}, "datetime": {"datetime": "2021-09-28 14:46:10", "elapsed": 277.667963, "delta": 1.841999}}
{"target": -35.28661831574374, "params": {"C": 2899.32568943793, "gamma": 0.022019790200984417}, "datetime": {"datetime": "2021-09-28 14:46:11", "elapsed": 278.825548, "delta": 1.157585}}
{"target": -35.34185316867923, "params": {"C": 2498.1410507097185, "gamma": 0.024380910844092277}, "datetime": {"datetime": "2021-09-28 14:46:13", "elapsed": 280.489057, "delta": 1.663509}}
{"target": -35.49257925419456, "params": {"C": 2827.382964857827, "gamma": 0.01480162028251934}, "datetime": {"datetime": "2021-09-28 14:46:14", "elapsed": 282.116099, "delta": 1.627042}}
{"target": -35.6749187601934, "params": {"C": 2899.3071431390513, "gamma": 0.011135196954912625}, "datetime": {"datetime": "2021-09-28 14:46:17", "elapsed": 284.673097, "delta": 2.556998}}
{"target": -35.22670779405152, "params": {"C": 2949.9659656230856, "gamma": 0.027134349261673903}, "datetime": {"datetime": "2021-09-28 14:46:19", "elapsed": 286.432099, "delta": 1.759002}}
{"target": -35.24627025606522, "params": {"C": 2899.3461022438, "gamma": 0.029688244643410654}, "datetime": {"datetime": "2021-09-28 14:46:20", "elapsed": 288.333627, "delta": 1.901528}}
{"target": -35.54329737478829, "params": {"C": 2083.458153643711, "gamma": 0.038364474011370206}, "datetime": {"datetime": "2021-09-28 14:46:22", "elapsed": 289.883183, "delta": 1.549556}}
{"target": -35.86991151619322, "params": {"C": 2942.1812457715478, "gamma": 0.008166631486693022}, "datetime": {"datetime": "2021-09-28 14:46:24", "elapsed": 292.271714, "delta": 2.388531}}
{"target": -35.53280082669673, "params": {"C": 2933.7573459141213, "gamma": 0.013744450370436742}, "datetime": {"datetime": "2021-09-28 14:46:27", "elapsed": 294.47296, "delta": 2.201246}}
{"target": -35.267234102689976, "params": {"C": 2899.3307441383286, "gamma": 0.034973176734783}, "datetime": {"datetime": "2021-09-28 14:46:30", "elapsed": 297.914731, "delta": 3.441771}}
{"target": -35.48768449213157, "params": {"C": 2088.3446565596114, "gamma": 0.03261382840728585}, "datetime": {"datetime": "2021-09-28 14:46:32", "elapsed": 299.472023, "delta": 1.557292}}
{"target": -35.306413013727315, "params": {"C": 2809.813260097838, "gamma": 0.03792739738365325}, "datetime": {"datetime": "2021-09-28 14:46:33", "elapsed": 301.027574, "delta": 1.555551}}
{"target": -35.51029921800025, "params": {"C": 2980.186073141556, "gamma": 0.05603905973563997}, "datetime": {"datetime": "2021-09-28 14:46:35", "elapsed": 303.265778, "delta": 2.238204}}
{"target": -35.395313257341705, "params": {"C": 2949.955056925236, "gamma": 0.01677085393663358}, "datetime": {"datetime": "2021-09-28 14:46:38", "elapsed": 305.547921, "delta": 2.282143}}
{"target": -35.48312973632514, "params": {"C": 2604.232151967878, "gamma": 0.049116286880827635}, "datetime": {"datetime": "2021-09-28 14:46:40", "elapsed": 308.08175, "delta": 2.533829}}
{"target": -35.330158178954854, "params": {"C": 2536.0368979696987, "gamma": 0.025624335235776834}, "datetime": {"datetime": "2021-09-28 14:46:42", "elapsed": 309.670176, "delta": 1.588426}}
{"target": -35.89798227199161, "params": {"C": 2776.4195637700923, "gamma": 0.008057766920947229}, "datetime": {"datetime": "2021-09-28 14:46:43", "elapsed": 311.310425, "delta": 1.640249}}
{"target": -35.39736275758615, "params": {"C": 2918.7668465545876, "gamma": 0.04884143784419492}, "datetime": {"datetime": "2021-09-28 14:46:45", "elapsed": 312.766174, "delta": 1.455749}}
{"target": -35.561753057054, "params": {"C": 2703.398052078962, "gamma": 0.05462245798503643}, "datetime": {"datetime": "2021-09-28 14:46:46", "elapsed": 314.309174, "delta": 1.543}}
{"target": -35.33238407149408, "params": {"C": 2764.6032299774965, "gamma": 0.020325638461856397}, "datetime": {"datetime": "2021-09-28 14:46:48", "elapsed": 315.906172, "delta": 1.596998}}
{"target": -35.398242492123885, "params": {"C": 2809.834798969483, "gamma": 0.04657421156922153}, "datetime": {"datetime": "2021-09-28 14:46:50", "elapsed": 318.153993, "delta": 2.247821}}
{"target": -35.258481443515535, "params": {"C": 2942.127626863459, "gamma": 0.023603359759766764}, "datetime": {"datetime": "2021-09-28 14:46:52", "elapsed": 320.172442, "delta": 2.018449}}
{"target": -35.38974484700025, "params": {"C": 2942.1438921810245, "gamma": 0.04869134083205436}, "datetime": {"datetime": "2021-09-28 14:46:54", "elapsed": 322.061972, "delta": 1.88953}}
{"target": -35.79463391555671, "params": {"C": 2454.737626991734, "gamma": 0.06159049966936605}, "datetime": {"datetime": "2021-09-28 14:46:56", "elapsed": 323.546568, "delta": 1.484596}}
{"target": -35.247558364232994, "params": {"C": 2853.0398915239584, "gamma": 0.02700525662750726}, "datetime": {"datetime": "2021-09-28 14:46:57", "elapsed": 325.126824, "delta": 1.580256}}
{"target": -35.605665874841264, "params": {"C": 2626.8317635151407, "gamma": 0.012890714798080495}, "datetime": {"datetime": "2021-09-28 14:47:00", "elapsed": 327.44622, "delta": 2.319396}}
{"target": -35.31359721473942, "params": {"C": 2896.8188524618645, "gamma": 0.04109938691183507}, "datetime": {"datetime": "2021-09-28 14:47:02", "elapsed": 329.662606, "delta": 2.216386}}
{"target": -36.179925331066734, "params": {"C": 2697.4636649289673, "gamma": 0.005071166271848294}, "datetime": {"datetime": "2021-09-28 14:47:05", "elapsed": 332.462852, "delta": 2.800246}}
{"target": -35.462046317811144, "params": {"C": 2899.3568643291105, "gamma": 0.015361181631715445}, "datetime": {"datetime": "2021-09-28 14:47:07", "elapsed": 334.545524, "delta": 2.082672}}
{"target": -35.579704714487356, "params": {"C": 2853.0350343148816, "gamma": 0.05766542829701686}, "datetime": {"datetime": "2021-09-28 14:47:09", "elapsed": 336.663268, "delta": 2.117744}}
{"target": -35.775578158335406, "params": {"C": 2683.50635754504, "gamma": 0.06444277603902376}, "datetime": {"datetime": "2021-09-28 14:47:10", "elapsed": 338.173802, "delta": 1.510534}}
{"target": -35.452039042889325, "params": {"C": 2205.6319975993547, "gamma": 0.03279402491041226}, "datetime": {"datetime": "2021-09-28 14:47:12", "elapsed": 339.782801, "delta": 1.608999}}
{"target": -35.51896696621718, "params": {"C": 2696.2617130578424, "gamma": 0.014438555137808243}, "datetime": {"datetime": "2021-09-28 14:47:13", "elapsed": 341.277966, "delta": 1.495165}}
{"target": -35.92840688197004, "params": {"C": 2809.818716161065, "gamma": 0.07325400592595045}, "datetime": {"datetime": "2021-09-28 14:47:16", "elapsed": 344.079991, "delta": 2.802025}}
{"target": -35.704022693845324, "params": {"C": 2353.4852468046347, "gamma": 0.05575799759081964}, "datetime": {"datetime": "2021-09-28 14:47:18", "elapsed": 345.560506, "delta": 1.480515}}
{"target": -35.31082799344449, "params": {"C": 2853.0235303919862, "gamma": 0.02087380457870276}, "datetime": {"datetime": "2021-09-28 14:47:21", "elapsed": 348.544029, "delta": 2.983523}}
{"target": -35.39529557655846, "params": {"C": 2489.380768241885, "gamma": 0.01876352583524787}, "datetime": {"datetime": "2021-09-28 14:47:22", "elapsed": 350.159465, "delta": 1.615436}}
{"target": -35.71751386233403, "params": {"C": 2508.4458952593923, "gamma": 0.05886307060804206}, "datetime": {"datetime": "2021-09-28 14:47:24", "elapsed": 351.815464, "delta": 1.655999}}
{"target": -35.61792144206733, "params": {"C": 2011.73775833496, "gamma": 0.04196658102717065}, "datetime": {"datetime": "2021-09-28 14:47:26", "elapsed": 353.542203, "delta": 1.726739}}
{"target": -35.420158629139166, "params": {"C": 2584.078021114423, "gamma": 0.043369169250898475}, "datetime": {"datetime": "2021-09-28 14:47:28", "elapsed": 355.757358, "delta": 2.215155}}
{"target": -36.05690547813609, "params": {"C": 2942.1144354658295, "gamma": 0.006065649369595041}, "datetime": {"datetime": "2021-09-28 14:47:30", "elapsed": 357.670043, "delta": 1.912685}}
{"target": -35.43784781214147, "params": {"C": 2162.4279254439325, "gamma": 0.0272277888504985}, "datetime": {"datetime": "2021-09-28 14:47:31", "elapsed": 359.201058, "delta": 1.531015}}
{"target": -35.347863557999, "params": {"C": 2924.9289996520674, "gamma": 0.017971781071169052}, "datetime": {"datetime": "2021-09-28 14:47:33", "elapsed": 360.623099, "delta": 1.422041}}
{"target": -35.84183684244955, "params": {"C": 2895.62491817314, "gamma": 0.008583296932110959}, "datetime": {"datetime": "2021-09-28 14:47:34", "elapsed": 362.002103, "delta": 1.379004}}
{"target": -35.40610791325019, "params": {"C": 2853.0613882693265, "gamma": 0.016742547285332896}, "datetime": {"datetime": "2021-09-28 14:47:36", "elapsed": 363.932194, "delta": 1.930091}}
{"target": -35.337133442373265, "params": {"C": 2743.1869383972557, "gamma": 0.03945810905516056}, "datetime": {"datetime": "2021-09-28 14:47:37", "elapsed": 365.375787, "delta": 1.443593}}
{"target": -35.70276108594342, "params": {"C": 2896.8113198568235, "gamma": 0.06407145174116402}, "datetime": {"datetime": "2021-09-28 14:47:39", "elapsed": 367.158896, "delta": 1.783109}}
{"target": -36.08157125486062, "params": {"C": 2764.586411858349, "gamma": 0.0059799315113481495}, "datetime": {"datetime": "2021-09-28 14:47:41", "elapsed": 368.961606, "delta": 1.80271}}
{"target": -35.51625424163598, "params": {"C": 2536.0617194106167, "gamma": 0.014932727045727144}, "datetime": {"datetime": "2021-09-28 14:47:43", "elapsed": 370.571435, "delta": 1.609829}}
{"target": -35.64257258445263, "params": {"C": 2682.7176130369216, "gamma": 0.012075550210041978}, "datetime": {"datetime": "2021-09-28 14:47:44", "elapsed": 371.936431, "delta": 1.364996}}
{"target": -35.61680833097705, "params": {"C": 2545.989307719438, "gamma": 0.05480855756400944}, "datetime": {"datetime": "2021-09-28 14:47:46", "elapsed": 373.732611, "delta": 1.79618}}
{"target": -35.371152850286286, "params": {"C": 2427.8407974492493, "gamma": 0.030657101442627434}, "datetime": {"datetime": "2021-09-28 14:47:47", "elapsed": 375.087893, "delta": 1.355282}}
{"target": -35.57761082756891, "params": {"C": 2604.20983794383, "gamma": 0.053890561960186496}, "datetime": {"datetime": "2021-09-28 14:47:49", "elapsed": 377.167605, "delta": 2.079712}}
{"target": -35.32153965929149, "params": {"C": 2764.6010002671037, "gamma": 0.038300256339114075}, "datetime": {"datetime": "2021-09-28 14:47:52", "elapsed": 379.634589, "delta": 2.466984}}
{"target": -35.533566244961044, "params": {"C": 2827.383871381163, "gamma": 0.013879112802618433}, "datetime": {"datetime": "2021-09-28 14:47:53", "elapsed": 381.177397, "delta": 1.542808}}
{"target": -35.503829367296355, "params": {"C": 2031.4870037511378, "gamma": 0.03235056922566321}, "datetime": {"datetime": "2021-09-28 14:47:55", "elapsed": 382.697778, "delta": 1.520381}}
{"target": -35.347789467714094, "params": {"C": 2743.1874645993316, "gamma": 0.04054247385347616}, "datetime": {"datetime": "2021-09-28 14:47:56", "elapsed": 384.191775, "delta": 1.493997}}
{"target": -35.459425647203, "params": {"C": 2743.177284253566, "gamma": 0.015731135961269318}, "datetime": {"datetime": "2021-09-28 14:47:58", "elapsed": 386.236526, "delta": 2.044751}}
{"target": -35.57585338936171, "params": {"C": 2896.816704218261, "gamma": 0.012911800881008528}, "datetime": {"datetime": "2021-09-28 14:48:00", "elapsed": 388.275367, "delta": 2.038841}}
{"target": -35.27410384024175, "params": {"C": 2764.629472382358, "gamma": 0.0286427622243431}, "datetime": {"datetime": "2021-09-28 14:48:02", "elapsed": 390.148022, "delta": 1.872655}}
