{"target": -36.04950206110081, "params": {"C": 12068.848978725728, "gamma": 0.006383230103386018}, "datetime": {"datetime": "2021-09-28 20:14:31", "elapsed": 689.699489, "delta": 3.44323}}
{"target": -35.30317359039141, "params": {"C": 9078.358607480859, "gamma": 0.07268805152623842}, "datetime": {"datetime": "2021-09-28 20:14:35", "elapsed": 692.908751, "delta": 3.209262}}
{"target": -34.45149459838404, "params": {"C": 9208.330118439639, "gamma": 0.03302217671978647}, "datetime": {"datetime": "2021-09-28 20:14:37", "elapsed": 695.19482, "delta": 2.286069}}
{"target": -34.465384341085965, "params": {"C": 11248.25904922181, "gamma": 0.018734105021220526}, "datetime": {"datetime": "2021-09-28 20:14:41", "elapsed": 699.03292, "delta": 3.8381}}
{"target": -35.208794812127174, "params": {"C": 9500.843716182184, "gamma": 0.06793178349675157}, "datetime": {"datetime": "2021-09-28 20:14:46", "elapsed": 703.977518, "delta": 4.944598}}
{"target": -34.79649169912633, "params": {"C": 9987.30943137877, "gamma": 0.05172871602570772}, "datetime": {"datetime": "2021-09-28 20:14:48", "elapsed": 706.492043, "delta": 2.514525}}
{"target": -34.481371929533324, "params": {"C": 10412.609395516678, "gamma": 0.01929655647394035}, "datetime": {"datetime": "2021-09-28 20:14:53", "elapsed": 711.489953, "delta": 4.99791}}
{"target": -34.32699168851309, "params": {"C": 12473.423323965879, "gamma": 0.022310590173069404}, "datetime": {"datetime": "2021-09-28 20:14:57", "elapsed": 715.674887, "delta": 4.184934}}
{"target": -35.31023288299691, "params": {"C": 10207.854353373015, "gamma": 0.07012028352392993}, "datetime": {"datetime": "2021-09-28 20:15:00", "elapsed": 718.057693, "delta": 2.382806}}
{"target": -35.951131706319174, "params": {"C": 11202.077408758469, "gamma": 0.007062630364626648}, "datetime": {"datetime": "2021-09-28 20:15:04", "elapsed": 722.411184, "delta": 4.353491}}
{"target": -34.43504858555642, "params": {"C": 12068.682409072073, "gamma": 0.018676236812105455}, "datetime": {"datetime": "2021-09-28 20:15:08", "elapsed": 725.992578, "delta": 3.581394}}
{"target": -36.3300478710199, "params": {"C": 10481.046803491343, "gamma": 0.11826565803161206}, "datetime": {"datetime": "2021-09-28 20:15:10", "elapsed": 728.531225, "delta": 2.538647}}
{"target": -34.50752707003694, "params": {"C": 9208.39313278902, "gamma": 0.03639606427046877}, "datetime": {"datetime": "2021-09-28 20:15:14", "elapsed": 732.382257, "delta": 3.851032}}
{"target": -35.120211877705756, "params": {"C": 11668.440337347794, "gamma": 0.06036128688118804}, "datetime": {"datetime": "2021-09-28 20:15:18", "elapsed": 735.888005, "delta": 3.505748}}
{"target": -35.13631178256776, "params": {"C": 11668.36335426458, "gamma": 0.06091469189160548}, "datetime": {"datetime": "2021-09-28 20:15:22", "elapsed": 739.719513, "delta": 3.831508}}
{"target": -35.668790299761184, "params": {"C": 11113.936845704724, "gamma": 0.008367929783195276}, "datetime": {"datetime": "2021-09-28 20:15:25", "elapsed": 743.596543, "delta": 3.87703}}
{"target": -34.62134703925911, "params": {"C": 9363.265160658846, "gamma": 0.01711757196794857}, "datetime": {"datetime": "2021-09-28 20:15:29", "elapsed": 746.732914, "delta": 3.136371}}
{"target": -35.336483975643134, "params": {"C": 9205.174040133612, "gamma": 0.073674873585186}, "datetime": {"datetime": "2021-09-28 20:15:32", "elapsed": 749.824105, "delta": 3.091191}}
{"target": -35.71136467438848, "params": {"C": 11273.112670689015, "gamma": 0.08316933106048341}, "datetime": {"datetime": "2021-09-28 20:15:35", "elapsed": 753.023508, "delta": 3.199403}}
{"target": -35.81196460651795, "params": {"C": 9208.35288545297, "gamma": 0.09452113280300811}, "datetime": {"datetime": "2021-09-28 20:15:38", "elapsed": 756.253772, "delta": 3.230264}}
{"target": -36.42628036593838, "params": {"C": 9528.302861073524, "gamma": 0.005363879551020522}, "datetime": {"datetime": "2021-09-28 20:15:43", "elapsed": 761.456519, "delta": 5.202747}}
{"target": -35.802247974334385, "params": {"C": 9311.973537129314, "gamma": 0.008489682816443777}, "datetime": {"datetime": "2021-09-28 20:15:47", "elapsed": 765.465483, "delta": 4.008964}}
{"target": -35.27805932190127, "params": {"C": 9435.28043861947, "gamma": 0.07076436625006141}, "datetime": {"datetime": "2021-09-28 20:15:52", "elapsed": 770.363764, "delta": 4.898281}}
{"target": -35.64576276058298, "params": {"C": 11114.031136399253, "gamma": 0.008474061691174817}, "datetime": {"datetime": "2021-09-28 20:15:56", "elapsed": 773.953095, "delta": 3.589331}}
{"target": -34.46119625607499, "params": {"C": 11273.024309409066, "gamma": 0.03210373437359215}, "datetime": {"datetime": "2021-09-28 20:15:59", "elapsed": 777.413935, "delta": 3.46084}}
{"target": -36.0882453404778, "params": {"C": 10356.292142398517, "gamma": 0.10418968344911468}, "datetime": {"datetime": "2021-09-28 20:16:02", "elapsed": 779.732755, "delta": 2.31882}}
{"target": -35.192782752630364, "params": {"C": 11034.120644680384, "gamma": 0.06405295144202858}, "datetime": {"datetime": "2021-09-28 20:16:05", "elapsed": 782.926198, "delta": 3.193443}}
{"target": -34.79416886351324, "params": {"C": 9179.795728629166, "gamma": 0.052754728060956844}, "datetime": {"datetime": "2021-09-28 20:16:11", "elapsed": 789.292664, "delta": 6.366466}}
{"target": -35.208651419268534, "params": {"C": 12473.450298337964, "gamma": 0.06200500950065601}, "datetime": {"datetime": "2021-09-28 20:16:15", "elapsed": 792.789797, "delta": 3.497133}}
{"target": -34.43177419732396, "params": {"C": 12004.761863618472, "gamma": 0.029966156553750414}, "datetime": {"datetime": "2021-09-28 20:16:20", "elapsed": 798.048934, "delta": 5.259137}}
{"target": -34.425743268728176, "params": {"C": 9715.793021438698, "gamma": 0.02244082495209084}, "datetime": {"datetime": "2021-09-28 20:16:24", "elapsed": 801.788513, "delta": 3.739579}}
{"target": -35.61054020490382, "params": {"C": 9799.688433110574, "gamma": 0.083243137598168}, "datetime": {"datetime": "2021-09-28 20:16:26", "elapsed": 804.106069, "delta": 2.317556}}
{"target": -35.60404744124852, "params": {"C": 9502.34805494244, "gamma": 0.08390190964173636}, "datetime": {"datetime": "2021-09-28 20:16:29", "elapsed": 807.124573, "delta": 3.018504}}
{"target": -34.499741018946324, "params": {"C": 12291.789668308607, "gamma": 0.016804136713471727}, "datetime": {"datetime": "2021-09-28 20:16:32", "elapsed": 809.936854, "delta": 2.812281}}
{"target": -34.667703892527456, "params": {"C": 11273.061763875126, "gamma": 0.04359107136268137}, "datetime": {"datetime": "2021-09-28 20:16:35", "elapsed": 813.21489, "delta": 3.278036}}
{"target": -35.02214403670819, "params": {"C": 10980.27988130957, "gamma": 0.05814489117406324}, "datetime": {"datetime": "2021-09-28 20:16:38", "elapsed": 816.217904, "delta": 3.003014}}
{"target": -35.02013984101761, "params": {"C": 12267.596179023638, "gamma": 0.05602529280965355}, "datetime": {"datetime": "2021-09-28 20:16:42", "elapsed": 820.456692, "delta": 4.238788}}
{"target": -35.261789183893136, "params": {"C": 12270.033263070689, "gamma": 0.06416466787441445}, "datetime": {"datetime": "2021-09-28 20:16:45", "elapsed": 822.745045, "delta": 2.288353}}
{"target": -35.7643446985272, "params": {"C": 9971.28720173303, "gamma": 0.08946649127618528}, "datetime": {"datetime": "2021-09-28 20:16:49", "elapsed": 827.138637, "delta": 4.393592}}
{"target": -36.357854635567286, "params": {"C": 12394.005846824888, "gamma": 0.005}, "datetime": {"datetime": "2021-09-28 20:16:55", "elapsed": 833.338227, "delta": 6.19959}}
{"target": -34.99974970282157, "params": {"C": 9096.876243735753, "gamma": 0.013314939087188747}, "datetime": {"datetime": "2021-09-28 20:17:00", "elapsed": 838.264631, "delta": 4.926404}}
{"target": -35.7692471761873, "params": {"C": 12455.083809264584, "gamma": 0.08240725041182145}, "datetime": {"datetime": "2021-09-28 20:17:05", "elapsed": 843.214164, "delta": 4.949533}}
{"target": -37.24256065793515, "params": {"C": 12977.833785331575, "gamma": 0.15975355670616662}, "datetime": {"datetime": "2021-09-28 20:17:07", "elapsed": 845.598555, "delta": 2.384391}}
{"target": -35.92155572758237, "params": {"C": 9435.253078632522, "gamma": 0.007846706723984104}, "datetime": {"datetime": "2021-09-28 20:17:11", "elapsed": 848.84169, "delta": 3.243135}}
{"target": -34.669037951047, "params": {"C": 11417.055047246684, "gamma": 0.0435037040375286}, "datetime": {"datetime": "2021-09-28 20:17:14", "elapsed": 852.204178, "delta": 3.362488}}
{"target": -36.284509572345065, "params": {"C": 10948.30840442596, "gamma": 0.11313444802182557}, "datetime": {"datetime": "2021-09-28 20:17:16", "elapsed": 854.503705, "delta": 2.299527}}
{"target": -35.82350122860669, "params": {"C": 9698.19053450412, "gamma": 0.09320335360397257}, "datetime": {"datetime": "2021-09-28 20:17:20", "elapsed": 858.132903, "delta": 3.629198}}
{"target": -36.655089890886636, "params": {"C": 12291.13205643243, "gamma": 0.12819062252715518}, "datetime": {"datetime": "2021-09-28 20:17:22", "elapsed": 860.485558, "delta": 2.352655}}
{"target": -35.343974762093566, "params": {"C": 11450.422998977156, "gamma": 0.009754766789889551}, "datetime": {"datetime": "2021-09-28 20:17:26", "elapsed": 863.896588, "delta": 3.41103}}
{"target": -34.49495191483601, "params": {"C": 11238.839029655166, "gamma": 0.034068172913219}, "datetime": {"datetime": "2021-09-28 20:17:29", "elapsed": 867.021468, "delta": 3.12488}}
{"target": -34.59911739992896, "params": {"C": 9099.804643725576, "gamma": 0.04196521593243747}, "datetime": {"datetime": "2021-09-28 20:17:32", "elapsed": 870.318943, "delta": 3.297475}}
{"target": -36.02113240288749, "params": {"C": 11274.94070241633, "gamma": 0.09712261873209885}, "datetime": {"datetime": "2021-09-28 20:17:36", "elapsed": 873.95137, "delta": 3.632427}}
{"target": -35.90099046736542, "params": {"C": 10093.257146322918, "gamma": 0.007680256253592365}, "datetime": {"datetime": "2021-09-28 20:17:41", "elapsed": 879.305602, "delta": 5.354232}}
{"target": -34.396638519996344, "params": {"C": 9500.903307975012, "gamma": 0.029437984511598517}, "datetime": {"datetime": "2021-09-28 20:17:44", "elapsed": 882.515636, "delta": 3.210034}}
{"target": -35.16617372874562, "params": {"C": 11475.467826451943, "gamma": 0.062289487352441476}, "datetime": {"datetime": "2021-09-28 20:17:48", "elapsed": 885.776939, "delta": 3.261303}}
{"target": -35.52100913618334, "params": {"C": 9715.768307428087, "gamma": 0.07973177744264791}, "datetime": {"datetime": "2021-09-28 20:17:51", "elapsed": 889.535414, "delta": 3.758475}}
{"target": -34.738455984848564, "params": {"C": 10936.609011545464, "gamma": 0.04755888810215755}, "datetime": {"datetime": "2021-09-28 20:17:54", "elapsed": 892.026828, "delta": 2.491414}}
{"target": -35.04987546805548, "params": {"C": 10974.14925769391, "gamma": 0.011778668014957121}, "datetime": {"datetime": "2021-09-28 20:17:58", "elapsed": 896.189436, "delta": 4.162608}}
{"target": -36.101352791873595, "params": {"C": 9132.670807944352, "gamma": 0.11068768543365808}, "datetime": {"datetime": "2021-09-28 20:18:00", "elapsed": 898.628272, "delta": 2.438836}}
{"target": -35.07793343597551, "params": {"C": 9205.263583023363, "gamma": 0.06363406767347399}, "datetime": {"datetime": "2021-09-28 20:18:04", "elapsed": 902.082412, "delta": 3.45414}}
{"target": -37.112452198383835, "params": {"C": 12445.88323697018, "gamma": 0.15551499480542164}, "datetime": {"datetime": "2021-09-28 20:18:06", "elapsed": 904.380997, "delta": 2.298585}}
{"target": -34.555781480081464, "params": {"C": 9971.375699131891, "gamma": 0.01783313064828828}, "datetime": {"datetime": "2021-09-28 20:18:10", "elapsed": 907.960282, "delta": 3.579285}}
{"target": -36.01906484968379, "params": {"C": 11384.742496354538, "gamma": 0.09663624884298627}, "datetime": {"datetime": "2021-09-28 20:18:13", "elapsed": 911.423544, "delta": 3.463262}}
{"target": -35.00545642243701, "params": {"C": 12068.679707282441, "gamma": 0.05583227891813198}, "datetime": {"datetime": "2021-09-28 20:18:18", "elapsed": 915.82291, "delta": 4.399366}}
{"target": -35.93655587231522, "params": {"C": 11475.452258627658, "gamma": 0.007041297521885254}, "datetime": {"datetime": "2021-09-28 20:18:23", "elapsed": 920.900064, "delta": 5.077154}}
{"target": -35.96669305825612, "params": {"C": 9099.809091077164, "gamma": 0.10301801523156395}, "datetime": {"datetime": "2021-09-28 20:18:26", "elapsed": 924.589289, "delta": 3.689225}}
{"target": -35.75239157811276, "params": {"C": 10481.70609208994, "gamma": 0.08725760547350257}, "datetime": {"datetime": "2021-09-28 20:18:29", "elapsed": 927.145955, "delta": 2.556666}}
{"target": -35.37842866450304, "params": {"C": 11051.29459700224, "gamma": 0.07074791977880257}, "datetime": {"datetime": "2021-09-28 20:18:32", "elapsed": 929.778689, "delta": 2.632734}}
{"target": -34.73245793466806, "params": {"C": 9971.374399268292, "gamma": 0.04846914778093691}, "datetime": {"datetime": "2021-09-28 20:18:35", "elapsed": 933.609641, "delta": 3.830952}}
{"target": -34.40828717392744, "params": {"C": 11384.717359215774, "gamma": 0.02034530872580288}, "datetime": {"datetime": "2021-09-28 20:18:39", "elapsed": 937.230865, "delta": 3.621224}}
{"target": -35.18476213247751, "params": {"C": 11417.109166294096, "gamma": 0.06304488197983149}, "datetime": {"datetime": "2021-09-28 20:18:43", "elapsed": 941.160124, "delta": 3.929259}}
{"target": -36.36266547118074, "params": {"C": 12291.830404517506, "gamma": 0.005}, "datetime": {"datetime": "2021-09-28 20:18:48", "elapsed": 945.868576, "delta": 4.708452}}
{"target": -35.66081333690487, "params": {"C": 10047.727890378914, "gamma": 0.08463016798594272}, "datetime": {"datetime": "2021-09-28 20:18:51", "elapsed": 949.118677, "delta": 3.250101}}
{"target": -34.671045545600435, "params": {"C": 12104.77600083152, "gamma": 0.04290064448884818}, "datetime": {"datetime": "2021-09-28 20:18:53", "elapsed": 951.608606, "delta": 2.489929}}
{"target": -35.01543636002377, "params": {"C": 10679.41667513945, "gamma": 0.0584313502092296}, "datetime": {"datetime": "2021-09-28 20:18:59", "elapsed": 956.946665, "delta": 5.338059}}
{"target": -35.09375006838663, "params": {"C": 11248.28474572392, "gamma": 0.011348810236923688}, "datetime": {"datetime": "2021-09-28 20:19:04", "elapsed": 962.346038, "delta": 5.399373}}
{"target": -36.379351185249654, "params": {"C": 9497.015954431738, "gamma": 0.12682464215209416}, "datetime": {"datetime": "2021-09-28 20:19:07", "elapsed": 965.198014, "delta": 2.851976}}
{"target": -35.49337069536595, "params": {"C": 10974.135043863207, "gamma": 0.0752654820956073}, "datetime": {"datetime": "2021-09-28 20:19:13", "elapsed": 971.259763, "delta": 6.061749}}
{"target": -36.532817556371846, "params": {"C": 12736.08154587102, "gamma": 0.11869519410986316}, "datetime": {"datetime": "2021-09-28 20:19:16", "elapsed": 973.73828, "delta": 2.478517}}
{"target": -34.368037963064985, "params": {"C": 10887.748542899322, "gamma": 0.02681246563235548}, "datetime": {"datetime": "2021-09-28 20:19:18", "elapsed": 976.380477, "delta": 2.642197}}
{"target": -36.25974822694407, "params": {"C": 11361.943141944777, "gamma": 0.005655795303346465}, "datetime": {"datetime": "2021-09-28 20:19:24", "elapsed": 981.833747, "delta": 5.45327}}
{"target": -34.698881824713666, "params": {"C": 9078.420855905277, "gamma": 0.016252960572760055}, "datetime": {"datetime": "2021-09-28 20:19:27", "elapsed": 985.152649, "delta": 3.318902}}
{"target": -35.22030598343337, "params": {"C": 9099.814063030813, "gamma": 0.011699757625192528}, "datetime": {"datetime": "2021-09-28 20:19:32", "elapsed": 989.807653, "delta": 4.655004}}
{"target": -34.610827529479074, "params": {"C": 11370.831140129058, "gamma": 0.04056812934570733}, "datetime": {"datetime": "2021-09-28 20:19:34", "elapsed": 992.370297, "delta": 2.562644}}
{"target": -35.0135136854092, "params": {"C": 10887.773496481925, "gamma": 0.05800165689421503}, "datetime": {"datetime": "2021-09-28 20:19:38", "elapsed": 996.315846, "delta": 3.945549}}
{"target": -36.07901666638214, "params": {"C": 11050.50960836812, "gamma": 0.006540591157038291}, "datetime": {"datetime": "2021-09-28 20:19:41", "elapsed": 998.959346, "delta": 2.6435}}
{"target": -35.12206281426856, "params": {"C": 9078.416791537984, "gamma": 0.0656074770000071}, "datetime": {"datetime": "2021-09-28 20:19:46", "elapsed": 1003.950871, "delta": 4.991525}}
{"target": -35.1199579523217, "params": {"C": 9153.000258015463, "gamma": 0.06535275680579547}, "datetime": {"datetime": "2021-09-28 20:19:48", "elapsed": 1006.409241, "delta": 2.45837}}
{"target": -36.6809709293116, "params": {"C": 9556.37298017043, "gamma": 0.14647460768755283}, "datetime": {"datetime": "2021-09-28 20:19:51", "elapsed": 1008.944012, "delta": 2.534771}}
{"target": -36.571321249877535, "params": {"C": 12079.81925402519, "gamma": 0.12403563904711822}, "datetime": {"datetime": "2021-09-28 20:19:53", "elapsed": 1011.584127, "delta": 2.640115}}
{"target": -36.46942901874189, "params": {"C": 10112.308600350414, "gamma": 0.005}, "datetime": {"datetime": "2021-09-28 20:19:57", "elapsed": 1015.461239, "delta": 3.877112}}
{"target": -36.334522315535914, "params": {"C": 12493.810496229637, "gamma": 0.005079056248885972}, "datetime": {"datetime": "2021-09-28 20:20:01", "elapsed": 1019.295183, "delta": 3.833944}}
{"target": -36.93459935006943, "params": {"C": 11753.23999585973, "gamma": 0.14861257306090844}, "datetime": {"datetime": "2021-09-28 20:20:04", "elapsed": 1022.074515, "delta": 2.779332}}
{"target": -36.47120706164749, "params": {"C": 9752.76613355965, "gamma": 0.13103731232890925}, "datetime": {"datetime": "2021-09-28 20:20:07", "elapsed": 1024.758211, "delta": 2.683696}}
{"target": -35.520433649174, "params": {"C": 9298.559466361688, "gamma": 0.08096462198223597}, "datetime": {"datetime": "2021-09-28 20:20:09", "elapsed": 1027.683209, "delta": 2.924998}}
{"target": -34.50715277379866, "params": {"C": 11518.370431861375, "gamma": 0.0345737468714091}, "datetime": {"datetime": "2021-09-28 20:20:14", "elapsed": 1032.12095, "delta": 4.437741}}
{"target": -35.34705247203748, "params": {"C": 10047.661144235411, "gamma": 0.07190894958057442}, "datetime": {"datetime": "2021-09-28 20:20:18", "elapsed": 1036.681238, "delta": 4.560288}}
{"target": -35.99813655980502, "params": {"C": 9037.572416322553, "gamma": 0.10506605351859478}, "datetime": {"datetime": "2021-09-28 20:20:21", "elapsed": 1039.641921, "delta": 2.960683}}
{"target": -35.43712698219304, "params": {"C": 11450.517995735894, "gamma": 0.009311014565035445}, "datetime": {"datetime": "2021-09-28 20:20:26", "elapsed": 1044.171824, "delta": 4.529903}}
{"target": -36.28577393879902, "params": {"C": 9971.323690617271, "gamma": 0.0059138050851313744}, "datetime": {"datetime": "2021-09-28 20:20:30", "elapsed": 1048.508569, "delta": 4.336745}}
{"target": -34.47011258082567, "params": {"C": 11987.578896092597, "gamma": 0.03216660140855277}, "datetime": {"datetime": "2021-09-28 20:20:37", "elapsed": 1054.846937, "delta": 6.338368}}
{"target": -35.33270254875971, "params": {"C": 11924.711538339148, "gamma": 0.0672759866768507}, "datetime": {"datetime": "2021-09-28 20:20:43", "elapsed": 1060.874588, "delta": 6.027651}}
{"target": -35.1549971768916, "params": {"C": 12483.3336670537, "gamma": 0.060186604921775515}, "datetime": {"datetime": "2021-09-28 20:20:48", "elapsed": 1066.609366, "delta": 5.734778}}
{"target": -35.488204047457465, "params": {"C": 9528.370950187664, "gamma": 0.009973130233550412}, "datetime": {"datetime": "2021-09-28 20:20:53", "elapsed": 1071.134311, "delta": 4.524945}}
{"target": -34.59347678676726, "params": {"C": 10887.703898872807, "gamma": 0.016105707114457836}, "datetime": {"datetime": "2021-09-28 20:21:00", "elapsed": 1078.191545, "delta": 7.057234}}
{"target": -34.81077405700318, "params": {"C": 11518.349477445252, "gamma": 0.013161224445373692}, "datetime": {"datetime": "2021-09-28 20:21:07", "elapsed": 1084.799459, "delta": 6.607914}}
{"target": -36.250401476139004, "params": {"C": 12183.930733177367, "gamma": 0.005501999853999458}, "datetime": {"datetime": "2021-09-28 20:21:13", "elapsed": 1090.752478, "delta": 5.953019}}
{"target": -36.872746132406455, "params": {"C": 11112.6493458954, "gamma": 0.14882759943797805}, "datetime": {"datetime": "2021-09-28 20:21:15", "elapsed": 1093.694809, "delta": 2.942331}}
{"target": -36.19268624835789, "params": {"C": 11491.46023126984, "gamma": 0.005917424391361535}, "datetime": {"datetime": "2021-09-28 20:21:18", "elapsed": 1096.618137, "delta": 2.923328}}
{"target": -34.81627113320475, "params": {"C": 9096.787437467488, "gamma": 0.05395048001858969}, "datetime": {"datetime": "2021-09-28 20:21:22", "elapsed": 1100.112153, "delta": 3.494016}}
{"target": -34.586572832051765, "params": {"C": 11701.822254296621, "gamma": 0.03893703091087348}, "datetime": {"datetime": "2021-09-28 20:21:25", "elapsed": 1102.826592, "delta": 2.714439}}
{"target": -36.87957403201702, "params": {"C": 11107.672350870751, "gamma": 0.14926941640013558}, "datetime": {"datetime": "2021-09-28 20:21:27", "elapsed": 1105.689156, "delta": 2.862564}}
{"target": -35.411983542363494, "params": {"C": 11987.54007139928, "gamma": 0.009209757753534128}, "datetime": {"datetime": "2021-09-28 20:21:34", "elapsed": 1112.424271, "delta": 6.735115}}
{"target": -35.887002363410694, "params": {"C": 11222.615081632466, "gamma": 0.0073414830816865674}, "datetime": {"datetime": "2021-09-28 20:21:39", "elapsed": 1117.546262, "delta": 5.121991}}
{"target": -36.58867158653116, "params": {"C": 10481.640797558284, "gamma": 0.13426918044015546}, "datetime": {"datetime": "2021-09-28 20:21:42", "elapsed": 1120.404603, "delta": 2.858341}}
{"target": -34.78567228394888, "params": {"C": 12267.651967194688, "gamma": 0.012919804559180757}, "datetime": {"datetime": "2021-09-28 20:21:46", "elapsed": 1123.971257, "delta": 3.566654}}
