{"target": -59.47199542711045, "params": {"C": 8489.644454273457, "gamma": 0.6789839946771501}, "datetime": {"datetime": "2021-10-04 11:33:08", "elapsed": 268.353087, "delta": 2.699169}}
{"target": -53.72994947257301, "params": {"C": 9373.786133656102, "gamma": 0.028659972203914048}, "datetime": {"datetime": "2021-10-04 11:33:10", "elapsed": 270.3431, "delta": 1.990013}}
{"target": -53.52109787800679, "params": {"C": 9551.485954996551, "gamma": 0.18540496451892519}, "datetime": {"datetime": "2021-10-04 11:33:12", "elapsed": 272.29823, "delta": 1.95513}}
{"target": -52.73460696536087, "params": {"C": 9550.782093521366, "gamma": 0.09701565652617997}, "datetime": {"datetime": "2021-10-04 11:33:15", "elapsed": 274.720561, "delta": 2.422331}}
{"target": -52.69373240018259, "params": {"C": 9549.917686847499, "gamma": 0.06500397426140242}, "datetime": {"datetime": "2021-10-04 11:33:17", "elapsed": 277.549442, "delta": 2.828881}}
{"target": -60.86367264392763, "params": {"C": 9550.929000713697, "gamma": 0.9311104078873442}, "datetime": {"datetime": "2021-10-04 11:33:20", "elapsed": 279.727814, "delta": 2.178372}}
{"target": -56.84094332938412, "params": {"C": 9549.519100864338, "gamma": 0.4836829087685902}, "datetime": {"datetime": "2021-10-04 11:33:21", "elapsed": 281.388513, "delta": 1.660699}}
{"target": -53.597974593520064, "params": {"C": 9553.201827777575, "gamma": 0.1920024779324965}, "datetime": {"datetime": "2021-10-04 11:33:24", "elapsed": 283.653922, "delta": 2.265409}}
{"target": -59.77708186417882, "params": {"C": 9552.71948591028, "gamma": 0.7751960781951149}, "datetime": {"datetime": "2021-10-04 11:33:26", "elapsed": 286.174038, "delta": 2.520116}}
{"target": -54.8297034701263, "params": {"C": 9552.254626197971, "gamma": 0.018318756157412294}, "datetime": {"datetime": "2021-10-04 11:33:28", "elapsed": 288.444978, "delta": 2.27094}}
{"target": -56.638790650362736, "params": {"C": 5508.42822784318, "gamma": 0.2844265377567695}, "datetime": {"datetime": "2021-10-04 11:33:30", "elapsed": 0.0, "delta": 0.0}}
{"target": -57.71734413264321, "params": {"C": 2909.75648439053, "gamma": 0.20628773165827458}, "datetime": {"datetime": "2021-10-04 11:33:30", "elapsed": 0.157162, "delta": 0.157162}}
{"target": -55.67936887629331, "params": {"C": 8929.5765965222, "gamma": 0.3589320632176415}, "datetime": {"datetime": "2021-10-04 11:33:30", "elapsed": 0.358973, "delta": 0.201811}}
{"target": -58.411834553728404, "params": {"C": 1256.7275193278988, "gamma": 0.08606817974272196}, "datetime": {"datetime": "2021-10-04 11:33:31", "elapsed": 0.540004, "delta": 0.181031}}
{"target": -65.36935246484157, "params": {"C": 515.6205658049979, "gamma": 0.17856069808565206}, "datetime": {"datetime": "2021-10-04 11:33:31", "elapsed": 0.758496, "delta": 0.218492}}
{"target": -55.576168655468734, "params": {"C": 8928.061902690519, "gamma": 0.3508557958131828}, "datetime": {"datetime": "2021-10-04 11:33:31", "elapsed": 1.006317, "delta": 0.247821}}
{"target": -53.503178503951005, "params": {"C": 8836.907946858451, "gamma": 0.1691688088958053}, "datetime": {"datetime": "2021-10-04 11:33:31", "elapsed": 1.279201, "delta": 0.272884}}
{"target": -53.283555452531324, "params": {"C": 8682.761868190824, "gamma": 0.1473021995239418}, "datetime": {"datetime": "2021-10-04 11:33:32", "elapsed": 1.57821, "delta": 0.299009}}
{"target": -55.46214597251619, "params": {"C": 8543.046677288252, "gamma": 0.32753630032653547}, "datetime": {"datetime": "2021-10-04 11:33:32", "elapsed": 1.943473, "delta": 0.365263}}
{"target": -56.022239414381175, "params": {"C": 8283.472597970836, "gamma": 0.3627524944472227}, "datetime": {"datetime": "2021-10-04 11:33:32", "elapsed": 2.308079, "delta": 0.364606}}
{"target": -53.004881376802885, "params": {"C": 8054.258400068005, "gamma": 0.08977571435864042}, "datetime": {"datetime": "2021-10-04 11:33:33", "elapsed": 2.618429, "delta": 0.31035}}
{"target": -55.79716022718907, "params": {"C": 7928.39263447125, "gamma": 0.015402411949381216}, "datetime": {"datetime": "2021-10-04 11:33:33", "elapsed": 2.936222, "delta": 0.317793}}
{"target": -52.94284252717301, "params": {"C": 8148.214078754772, "gamma": 0.07326251667892092}, "datetime": {"datetime": "2021-10-04 11:33:33", "elapsed": 3.255221, "delta": 0.318999}}
{"target": -56.190542098274925, "params": {"C": 4237.654310475195, "gamma": 0.2006830433580979}, "datetime": {"datetime": "2021-10-04 11:33:34", "elapsed": 3.562223, "delta": 0.307002}}
{"target": -54.43270160455594, "params": {"C": 6714.32439891707, "gamma": 0.18683095506072409}, "datetime": {"datetime": "2021-10-04 11:33:34", "elapsed": 3.913779, "delta": 0.351556}}
{"target": -54.13301413592684, "params": {"C": 6888.033862047458, "gamma": 0.16960230381356392}, "datetime": {"datetime": "2021-10-04 11:33:34", "elapsed": 4.254778, "delta": 0.340999}}
{"target": -56.962481583164106, "params": {"C": 7058.739699919301, "gamma": 0.38628974982239195}, "datetime": {"datetime": "2021-10-04 11:33:35", "elapsed": 4.609298, "delta": 0.35452}}
{"target": -56.742898187398744, "params": {"C": 6535.074633242768, "gamma": 0.34407669296957727}, "datetime": {"datetime": "2021-10-04 11:33:35", "elapsed": 5.079785, "delta": 0.470487}}
{"target": -53.19410576086477, "params": {"C": 9998.145089625676, "gamma": 0.036775512164724855}, "datetime": {"datetime": "2021-10-04 11:33:35", "elapsed": 5.447528, "delta": 0.367743}}
{"target": -55.793283896186466, "params": {"C": 9874.455520659576, "gamma": 0.4}, "datetime": {"datetime": "2021-10-04 11:33:36", "elapsed": 5.833344, "delta": 0.385816}}
{"target": -59.34229260462791, "params": {"C": 2092.426130247014, "gamma": 0.2222403127269659}, "datetime": {"datetime": "2021-10-04 11:33:36", "elapsed": 6.284248, "delta": 0.450904}}
{"target": -55.22247801275155, "params": {"C": 3627.9557196587143, "gamma": 0.04129855674798251}, "datetime": {"datetime": "2021-10-04 11:33:37", "elapsed": 6.693991, "delta": 0.409743}}
{"target": -57.2653754648764, "params": {"C": 3430.570045677571, "gamma": 0.21528473840821832}, "datetime": {"datetime": "2021-10-04 11:33:37", "elapsed": 7.036414, "delta": 0.342423}}
{"target": -55.348430038576616, "params": {"C": 3813.04150343657, "gamma": 0.13735087671799584}, "datetime": {"datetime": "2021-10-04 11:33:37", "elapsed": 7.390408, "delta": 0.353994}}
{"target": -55.40439679139006, "params": {"C": 4000.8356156220943, "gamma": 0.03273946119995087}, "datetime": {"datetime": "2021-10-04 11:33:38", "elapsed": 7.844948, "delta": 0.45454}}
{"target": -55.81849144170239, "params": {"C": 4849.850582003984, "gamma": 0.20748627242449483}, "datetime": {"datetime": "2021-10-04 11:33:38", "elapsed": 8.291896, "delta": 0.446948}}
{"target": -56.0224860461997, "params": {"C": 5106.35657620748, "gamma": 0.020136691369328795}, "datetime": {"datetime": "2021-10-04 11:33:39", "elapsed": 8.658107, "delta": 0.366211}}
{"target": -55.70161032755851, "params": {"C": 4597.104071664098, "gamma": 0.02484933259028959}, "datetime": {"datetime": "2021-10-04 11:33:39", "elapsed": 9.028465, "delta": 0.370358}}
{"target": -53.08858687163964, "params": {"C": 8753.223466738536, "gamma": 0.12893506304485713}, "datetime": {"datetime": "2021-10-04 11:33:39", "elapsed": 9.399461, "delta": 0.370996}}
{"target": -54.48496579363762, "params": {"C": 6013.451311450438, "gamma": 0.03161139026914685}, "datetime": {"datetime": "2021-10-04 11:33:40", "elapsed": 9.785644, "delta": 0.386183}}
{"target": -59.20944882053749, "params": {"C": 6173.049270197599, "gamma": 0.007291900735425547}, "datetime": {"datetime": "2021-10-04 11:33:40", "elapsed": 10.255525, "delta": 0.469881}}
{"target": -54.2386092107364, "params": {"C": 5877.901301856917, "gamma": 0.14486757730695873}, "datetime": {"datetime": "2021-10-04 11:33:41", "elapsed": 10.686968, "delta": 0.431443}}
{"target": -53.67238821748647, "params": {"C": 5733.541684283781, "gamma": 0.0601102431109125}, "datetime": {"datetime": "2021-10-04 11:33:41", "elapsed": 11.116415, "delta": 0.429447}}
{"target": -75.22966824889834, "params": {"C": 2.365113604468462, "gamma": 0.23089347510157393}, "datetime": {"datetime": "2021-10-04 11:33:42", "elapsed": 11.581639, "delta": 0.465224}}
{"target": -60.63989272947119, "params": {"C": 7496.031966279821, "gamma": 0.004}, "datetime": {"datetime": "2021-10-04 11:33:42", "elapsed": 12.009645, "delta": 0.428006}}
{"target": -57.689632224986696, "params": {"C": 2526.622321512225, "gamma": 0.17922732677469372}, "datetime": {"datetime": "2021-10-04 11:33:43", "elapsed": 12.501796, "delta": 0.492151}}
{"target": -64.24627291089554, "params": {"C": 1660.8154960288664, "gamma": 0.4}, "datetime": {"datetime": "2021-10-04 11:33:43", "elapsed": 13.023796, "delta": 0.522}}
{"target": -59.98810080415244, "params": {"C": 9504.488074196042, "gamma": 0.004}, "datetime": {"datetime": "2021-10-04 11:33:44", "elapsed": 13.495536, "delta": 0.47174}}
{"target": -67.16081616930686, "params": {"C": 950.9248124460228, "gamma": 0.4}, "datetime": {"datetime": "2021-10-04 11:33:44", "elapsed": 13.906593, "delta": 0.411057}}
{"target": -60.7508569605787, "params": {"C": 3163.2838564676863, "gamma": 0.4}, "datetime": {"datetime": "2021-10-04 11:33:44", "elapsed": 14.305976, "delta": 0.399383}}
{"target": -56.996238553931256, "params": {"C": 5294.474303124235, "gamma": 0.2985773115329616}, "datetime": {"datetime": "2021-10-04 11:33:45", "elapsed": 14.745793, "delta": 0.439817}}
{"target": -59.05657162339972, "params": {"C": 4423.243183838482, "gamma": 0.4}, "datetime": {"datetime": "2021-10-04 11:33:45", "elapsed": 15.251451, "delta": 0.505658}}
{"target": -56.415750720457574, "params": {"C": 2318.872011787634, "gamma": 0.10676426699244344}, "datetime": {"datetime": "2021-10-04 11:33:46", "elapsed": 15.687529, "delta": 0.436078}}
{"target": -55.541688286513434, "params": {"C": 2726.891720015771, "gamma": 0.0690184397676651}, "datetime": {"datetime": "2021-10-04 11:33:46", "elapsed": 16.104121, "delta": 0.416592}}
{"target": -58.775263027639, "params": {"C": 4719.591164427429, "gamma": 0.4}, "datetime": {"datetime": "2021-10-04 11:33:47", "elapsed": 16.589961, "delta": 0.48584}}
{"target": -61.990651023935044, "params": {"C": 4972.688651405482, "gamma": 0.004}, "datetime": {"datetime": "2021-10-04 11:33:47", "elapsed": 17.051015, "delta": 0.461054}}
{"target": -54.10597215497099, "params": {"C": 9252.2214376239, "gamma": 0.23031489441060332}, "datetime": {"datetime": "2021-10-04 11:33:48", "elapsed": 17.516022, "delta": 0.465007}}
{"target": -53.64542876959271, "params": {"C": 7738.635521567005, "gamma": 0.03676882503352907}, "datetime": {"datetime": "2021-10-04 11:33:48", "elapsed": 17.938605, "delta": 0.422583}}
{"target": -53.55064781456161, "params": {"C": 7251.70783942752, "gamma": 0.13214800492770143}, "datetime": {"datetime": "2021-10-04 11:33:48", "elapsed": 18.348625, "delta": 0.41002}}
{"target": -53.88865270712209, "params": {"C": 9708.42244799928, "gamma": 0.22168276049560254}, "datetime": {"datetime": "2021-10-04 11:33:49", "elapsed": 18.770793, "delta": 0.422168}}
{"target": -53.03084037327571, "params": {"C": 9146.067196756869, "gamma": 0.04588245560343762}, "datetime": {"datetime": "2021-10-04 11:33:49", "elapsed": 19.224518, "delta": 0.453725}}
{"target": -57.37600376362912, "params": {"C": 6372.638100490738, "gamma": 0.38558606865812467}, "datetime": {"datetime": "2021-10-04 11:33:50", "elapsed": 19.627675, "delta": 0.403157}}
{"target": -58.05686150976779, "params": {"C": 5634.247431859825, "gamma": 0.4}, "datetime": {"datetime": "2021-10-04 11:33:50", "elapsed": 20.078671, "delta": 0.450996}}
{"target": -57.539544932791415, "params": {"C": 4118.076538242734, "gamma": 0.27101775195512434}, "datetime": {"datetime": "2021-10-04 11:33:51", "elapsed": 20.616975, "delta": 0.538304}}
{"target": -65.5360126411073, "params": {"C": 1901.9969535424864, "gamma": 0.004}, "datetime": {"datetime": "2021-10-04 11:33:51", "elapsed": 21.035275, "delta": 0.4183}}
{"target": -60.432333820952664, "params": {"C": 1427.1636493969602, "gamma": 0.1937982127911275}, "datetime": {"datetime": "2021-10-04 11:33:52", "elapsed": 21.564271, "delta": 0.528996}}
{"target": -60.945960736720636, "params": {"C": 6802.991976274911, "gamma": 0.004}, "datetime": {"datetime": "2021-10-04 11:33:52", "elapsed": 22.025007, "delta": 0.460736}}
{"target": -57.382458251714844, "params": {"C": 6637.877833091245, "gamma": 0.4}, "datetime": {"datetime": "2021-10-04 11:33:53", "elapsed": 22.565103, "delta": 0.540096}}
{"target": -54.2724124271606, "params": {"C": 6958.576408804691, "gamma": 0.18215438834486752}, "datetime": {"datetime": "2021-10-04 11:33:53", "elapsed": 23.133973, "delta": 0.56887}}
{"target": -54.86903760596717, "params": {"C": 7820.867598782715, "gamma": 0.24952819749941213}, "datetime": {"datetime": "2021-10-04 11:33:54", "elapsed": 23.587192, "delta": 0.453219}}
{"target": -55.14487851115096, "params": {"C": 7338.116179309077, "gamma": 0.2540337849833026}, "datetime": {"datetime": "2021-10-04 11:33:54", "elapsed": 23.963287, "delta": 0.376095}}
{"target": -55.34067039165565, "params": {"C": 8418.06553667377, "gamma": 0.31043154516826404}, "datetime": {"datetime": "2021-10-04 11:33:55", "elapsed": 24.55679, "delta": 0.593503}}
{"target": -53.31326099502933, "params": {"C": 7647.494055821042, "gamma": 0.12022013424092513}, "datetime": {"datetime": "2021-10-04 11:33:55", "elapsed": 25.115791, "delta": 0.559001}}
{"target": -66.01069640173331, "params": {"C": 280.0737601007639, "gamma": 0.048725348301461066}, "datetime": {"datetime": "2021-10-04 11:33:56", "elapsed": 25.612852, "delta": 0.497061}}
{"target": -54.550880211833984, "params": {"C": 3906.90759162711, "gamma": 0.07047029149814171}, "datetime": {"datetime": "2021-10-04 11:33:56", "elapsed": 26.000595, "delta": 0.387743}}
{"target": -54.671272234994746, "params": {"C": 5801.106923601242, "gamma": 0.17488798925512003}, "datetime": {"datetime": "2021-10-04 11:33:57", "elapsed": 26.665239, "delta": 0.664644}}
{"target": -56.00352867030406, "params": {"C": 9352.583509687112, "gamma": 0.39944743761145096}, "datetime": {"datetime": "2021-10-04 11:33:57", "elapsed": 27.183579, "delta": 0.51834}}
{"target": -57.06375562588892, "params": {"C": 7171.109812413607, "gamma": 0.4}, "datetime": {"datetime": "2021-10-04 11:33:58", "elapsed": 27.7446, "delta": 0.561021}}
{"target": -67.30330609483657, "params": {"C": 727.0778560292413, "gamma": 0.3339033140258683}, "datetime": {"datetime": "2021-10-04 11:33:58", "elapsed": 28.254581, "delta": 0.509981}}
{"target": -52.93173226608054, "params": {"C": 9778.560513723545, "gamma": 0.13812004514536924}, "datetime": {"datetime": "2021-10-04 11:33:59", "elapsed": 28.754484, "delta": 0.499903}}
{"target": -58.23350032662538, "params": {"C": 5192.280640804114, "gamma": 0.3875589678068072}, "datetime": {"datetime": "2021-10-04 11:33:59", "elapsed": 29.333719, "delta": 0.579235}}
{"target": -61.70912892303684, "params": {"C": 5403.601589977937, "gamma": 0.004}, "datetime": {"datetime": "2021-10-04 11:34:00", "elapsed": 29.872366, "delta": 0.538647}}
{"target": -58.60181146142733, "params": {"C": 3715.3294726881822, "gamma": 0.3147945651664284}, "datetime": {"datetime": "2021-10-04 11:34:00", "elapsed": 30.449756, "delta": 0.57739}}
{"target": -56.08216350860109, "params": {"C": 3538.573303330628, "gamma": 0.1616204310193689}, "datetime": {"datetime": "2021-10-04 11:34:01", "elapsed": 30.953289, "delta": 0.503533}}
{"target": -53.11762297882189, "params": {"C": 9075.05529356868, "gamma": 0.14044373644179323}, "datetime": {"datetime": "2021-10-04 11:34:02", "elapsed": 31.520481, "delta": 0.567192}}
{"target": -59.714732989287675, "params": {"C": 2217.438195111501, "gamma": 0.25174323758808054}, "datetime": {"datetime": "2021-10-04 11:34:02", "elapsed": 32.064653, "delta": 0.544172}}
{"target": -59.19526581669926, "params": {"C": 2416.5614648006786, "gamma": 0.016213011817484135}, "datetime": {"datetime": "2021-10-04 11:34:03", "elapsed": 32.666691, "delta": 0.602038}}
{"target": -61.76103662426332, "params": {"C": 2635.0780726681946, "gamma": 0.4}, "datetime": {"datetime": "2021-10-04 11:34:03", "elapsed": 33.263278, "delta": 0.596587}}
{"target": -60.638111850134216, "params": {"C": 2806.397063738788, "gamma": 0.35883168419953804}, "datetime": {"datetime": "2021-10-04 11:34:04", "elapsed": 33.903949, "delta": 0.640671}}
{"target": -59.12611817266387, "params": {"C": 3018.399824432646, "gamma": 0.29414147079464675}, "datetime": {"datetime": "2021-10-04 11:34:04", "elapsed": 34.462762, "delta": 0.558813}}
{"target": -56.41012775910517, "params": {"C": 5946.607423656873, "gamma": 0.28885548070174116}, "datetime": {"datetime": "2021-10-04 11:34:05", "elapsed": 35.004461, "delta": 0.541699}}
{"target": -56.90727913357409, "params": {"C": 3312.165712428391, "gamma": 0.1902097177431453}, "datetime": {"datetime": "2021-10-04 11:34:06", "elapsed": 35.477481, "delta": 0.47302}}
{"target": -60.242067994396635, "params": {"C": 8618.485254242061, "gamma": 0.004}, "datetime": {"datetime": "2021-10-04 11:34:06", "elapsed": 35.970443, "delta": 0.492962}}
{"target": -55.322140656723064, "params": {"C": 8206.582151232358, "gamma": 0.3000309957578129}, "datetime": {"datetime": "2021-10-04 11:34:07", "elapsed": 36.54388, "delta": 0.573437}}
{"target": -54.94049573905016, "params": {"C": 9628.113274850028, "gamma": 0.3195504258372053}, "datetime": {"datetime": "2021-10-04 11:34:07", "elapsed": 37.067884, "delta": 0.524004}}
{"target": -65.3473322670412, "params": {"C": 1135.5366420273351, "gamma": 0.3499907550195642}, "datetime": {"datetime": "2021-10-04 11:34:08", "elapsed": 37.69891, "delta": 0.631026}}
{"target": -52.997666402616204, "params": {"C": 8483.820861603785, "gamma": 0.05315069239089508}, "datetime": {"datetime": "2021-10-04 11:34:08", "elapsed": 38.242113, "delta": 0.543203}}
{"target": -56.58043119964555, "params": {"C": 8100.405500838462, "gamma": 0.4}, "datetime": {"datetime": "2021-10-04 11:34:09", "elapsed": 38.793343, "delta": 0.55123}}
{"target": -54.891330249481214, "params": {"C": 8000.920551559225, "gamma": 0.25687592000263193}, "datetime": {"datetime": "2021-10-04 11:34:09", "elapsed": 39.357073, "delta": 0.56373}}
{"target": -54.61954209498462, "params": {"C": 9945.305328091205, "gamma": 0.2981904036475059}, "datetime": {"datetime": "2021-10-04 11:34:10", "elapsed": 39.909239, "delta": 0.552166}}
{"target": -54.7418345206071, "params": {"C": 6078.247042586177, "gamma": 0.18946962206165946}, "datetime": {"datetime": "2021-10-04 11:34:10", "elapsed": 40.407967, "delta": 0.498728}}
{"target": -52.77065641395521, "params": {"C": 9197.797274735705, "gamma": 0.08957834730904297}, "datetime": {"datetime": "2021-10-04 11:34:11", "elapsed": 41.058211, "delta": 0.650244}}
{"target": -56.64180081933617, "params": {"C": 4318.034910007705, "gamma": 0.22941408460715257}, "datetime": {"datetime": "2021-10-04 11:34:12", "elapsed": 41.562421, "delta": 0.50421}}
{"target": -57.42738424760157, "params": {"C": 4523.56997302985, "gamma": 0.2868065197958151}, "datetime": {"datetime": "2021-10-04 11:34:12", "elapsed": 42.061746, "delta": 0.499325}}
{"target": -53.09806098152351, "params": {"C": 7691.338026815711, "gamma": 0.09182746508744864}, "datetime": {"datetime": "2021-10-04 11:34:13", "elapsed": 42.540426, "delta": 0.47868}}
{"target": -57.49748068893372, "params": {"C": 6456.262493846584, "gamma": 0.4}, "datetime": {"datetime": "2021-10-04 11:34:13", "elapsed": 43.073795, "delta": 0.533369}}
{"target": -59.813596079948034, "params": {"C": 6281.849429279026, "gamma": 0.005995252090091042}, "datetime": {"datetime": "2021-10-04 11:34:14", "elapsed": 43.700762, "delta": 0.626967}}
{"target": -57.79938535237771, "params": {"C": 8716.802868760426, "gamma": 0.008410459256173413}, "datetime": {"datetime": "2021-10-04 11:34:14", "elapsed": 44.23668, "delta": 0.535918}}
{"target": -55.212830141476054, "params": {"C": 8791.722839187612, "gamma": 0.313389427899174}, "datetime": {"datetime": "2021-10-04 11:34:15", "elapsed": 44.711811, "delta": 0.475131}}
{"target": -53.33097244713846, "params": {"C": 9024.386872355184, "gamma": 0.037759723623046235}, "datetime": {"datetime": "2021-10-04 11:34:15", "elapsed": 45.351091, "delta": 0.63928}}
{"target": -59.90651848541236, "params": {"C": 9819.608752755796, "gamma": 0.004}, "datetime": {"datetime": "2021-10-04 11:34:16", "elapsed": 45.822345, "delta": 0.471254}}
{"target": -52.654152180995496, "params": {"C": 9746.405404627047, "gamma": 0.0668874386447736}, "datetime": {"datetime": "2021-10-04 11:34:16", "elapsed": 46.365467, "delta": 0.543122}}
{"target": -54.12206574703784, "params": {"C": 8875.77454312999, "gamma": 0.2214023936332087}, "datetime": {"datetime": "2021-10-04 11:34:17", "elapsed": 46.980718, "delta": 0.615251}}
{"target": -54.468343531442976, "params": {"C": 7594.7789345970805, "gamma": 0.2140474974385494}, "datetime": {"datetime": "2021-10-04 11:34:18", "elapsed": 47.698284, "delta": 0.717566}}
{"target": -60.72661237985253, "params": {"C": 7291.431683565206, "gamma": 0.004}, "datetime": {"datetime": "2021-10-04 11:34:19", "elapsed": 48.489301, "delta": 0.791017}}
{"target": -55.44734367665285, "params": {"C": 7387.762759954172, "gamma": 0.27876139987381654}, "datetime": {"datetime": "2021-10-04 11:34:19", "elapsed": 49.160497, "delta": 0.671196}}
{"target": -55.41486018850081, "params": {"C": 7219.66843646179, "gamma": 0.26989503669199943}, "datetime": {"datetime": "2021-10-04 11:34:20", "elapsed": 49.829653, "delta": 0.669156}}
{"target": -56.11433406234403, "params": {"C": 9110.720073884919, "gamma": 0.4}, "datetime": {"datetime": "2021-10-04 11:34:20", "elapsed": 50.42564, "delta": 0.595987}}
{"target": -56.72039156548835, "params": {"C": 3863.7098323152168, "gamma": 0.21048513874715552}, "datetime": {"datetime": "2021-10-04 11:34:21", "elapsed": 51.091552, "delta": 0.665912}}
