{"target": -0.18633350279208405, "params": {"C": 878.8145322992193, "gamma": 0.08315303905306785}, "datetime": {"datetime": "2021-10-04 10:20:28", "elapsed": 52.002324, "delta": 0.694559}}
{"target": -0.5191764672044099, "params": {"C": 440.8318319937294, "gamma": 0.24273000359511562}, "datetime": {"datetime": "2021-10-04 10:20:28", "elapsed": 52.504911, "delta": 0.502587}}
{"target": -0.2805296547596401, "params": {"C": 554.7084863188378, "gamma": 0.05284939383501718}, "datetime": {"datetime": "2021-10-04 10:20:29", "elapsed": 53.049433, "delta": 0.544522}}
{"target": -0.30139950600904775, "params": {"C": 878.9731097206525, "gamma": 0.1847708083951461}, "datetime": {"datetime": "2021-10-04 10:20:30", "elapsed": 53.827008, "delta": 0.777575}}
{"target": -0.2725528208143906, "params": {"C": 909.9226030579064, "gamma": 0.1681679668155269}, "datetime": {"datetime": "2021-10-04 10:20:30", "elapsed": 54.573358, "delta": 0.74635}}
{"target": -0.8302479971971333, "params": {"C": 878.7349982076199, "gamma": 0.0001}, "datetime": {"datetime": "2021-10-04 10:20:31", "elapsed": 55.335534, "delta": 0.762176}}
{"target": -0.4059980225605171, "params": {"C": 878.8126470764838, "gamma": 0.2752369262309127}, "datetime": {"datetime": "2021-10-04 10:20:32", "elapsed": 56.170235, "delta": 0.834701}}
{"target": -0.723635386225906, "params": {"C": 97.17907992263063, "gamma": 0.20879149835091915}, "datetime": {"datetime": "2021-10-04 10:20:33", "elapsed": 56.854866, "delta": 0.684631}}
{"target": -0.29792772677771784, "params": {"C": 878.8813208421864, "gamma": 0.18201201653169757}, "datetime": {"datetime": "2021-10-04 10:20:34", "elapsed": 57.611321, "delta": 0.756455}}
{"target": -0.25821638781981693, "params": {"C": 910.0395694642393, "gamma": 0.15693042114753572}, "datetime": {"datetime": "2021-10-04 10:20:34", "elapsed": 58.276635, "delta": 0.665314}}
{"target": -0.5250603613691829, "params": {"C": 437.4296680331276, "gamma": 0.24714181114441042}, "datetime": {"datetime": "2021-10-04 10:20:35", "elapsed": 58.930466, "delta": 0.653831}}
{"target": -0.17605077933817181, "params": {"C": 910.2138323543993, "gamma": 0.054553180662448596}, "datetime": {"datetime": "2021-10-04 10:20:35", "elapsed": 59.554654, "delta": 0.624188}}
{"target": -0.17325351173263193, "params": {"C": 910.0653923309468, "gamma": 0.06736664947568763}, "datetime": {"datetime": "2021-10-04 10:20:36", "elapsed": 60.453173, "delta": 0.898519}}
{"target": -0.17520910786188648, "params": {"C": 910.3784922317384, "gamma": 0.056034122719712386}, "datetime": {"datetime": "2021-10-04 10:20:37", "elapsed": 61.283916, "delta": 0.830743}}
{"target": -0.36212264347803913, "params": {"C": 910.4292117397179, "gamma": 0.2417593748300768}, "datetime": {"datetime": "2021-10-04 10:20:38", "elapsed": 61.972995, "delta": 0.689079}}
{"target": -0.3527307621550433, "params": {"C": 910.2015035897016, "gamma": 0.23347840379276524}, "datetime": {"datetime": "2021-10-04 10:20:39", "elapsed": 62.721418, "delta": 0.748423}}
{"target": -0.17414931517829313, "params": {"C": 910.5198010015152, "gamma": 0.05849075747069842}, "datetime": {"datetime": "2021-10-04 10:20:39", "elapsed": 63.466295, "delta": 0.744877}}
{"target": -0.27215623352971097, "params": {"C": 568.7054120431234, "gamma": 0.06189439644110245}, "datetime": {"datetime": "2021-10-04 10:20:40", "elapsed": 64.069582, "delta": 0.603287}}
{"target": -0.18493854260660814, "params": {"C": 878.908555155025, "gamma": 0.08080963546505092}, "datetime": {"datetime": "2021-10-04 10:20:41", "elapsed": 64.653641, "delta": 0.584059}}
{"target": -0.6518622220714037, "params": {"C": 104.75628832702645, "gamma": 0.11413110178835004}, "datetime": {"datetime": "2021-10-04 10:20:41", "elapsed": 65.216084, "delta": 0.562443}}
{"target": -0.48311545851030546, "params": {"C": 359.23538151697096, "gamma": 0.17148277996327074}, "datetime": {"datetime": "2021-10-04 10:20:42", "elapsed": 65.783726, "delta": 0.567642}}
{"target": -0.1973686592973778, "params": {"C": 910.6985060419557, "gamma": 0.10542982571193057}, "datetime": {"datetime": "2021-10-04 10:20:42", "elapsed": 66.601756, "delta": 0.81803}}
{"target": -0.21753037809293074, "params": {"C": 910.846218403683, "gamma": 0.12400835405093985}, "datetime": {"datetime": "2021-10-04 10:20:43", "elapsed": 67.254767, "delta": 0.653011}}
{"target": -0.35050648790661354, "params": {"C": 910.6073808103304, "gamma": 0.23164088542469827}, "datetime": {"datetime": "2021-10-04 10:20:44", "elapsed": 68.107462, "delta": 0.852695}}
{"target": -0.32413825859298573, "params": {"C": 910.7669300180237, "gamma": 0.20949176932341382}, "datetime": {"datetime": "2021-10-04 10:20:45", "elapsed": 68.951884, "delta": 0.844422}}
{"target": -0.19989989250497664, "params": {"C": 879.0875808839775, "gamma": 0.10036432743326926}, "datetime": {"datetime": "2021-10-04 10:20:46", "elapsed": 69.636973, "delta": 0.685089}}
{"target": -0.8297572954114372, "params": {"C": 910.2973213621235, "gamma": 0.0001}, "datetime": {"datetime": "2021-10-04 10:20:46", "elapsed": 70.244251, "delta": 0.607278}}
{"target": -0.44776867398208653, "params": {"C": 262.6613337468011, "gamma": 0.07339455392538974}, "datetime": {"datetime": "2021-10-04 10:20:47", "elapsed": 71.02212, "delta": 0.777869}}
{"target": -0.19448321410624225, "params": {"C": 823.1336105861393, "gamma": 0.05837060310210829}, "datetime": {"datetime": "2021-10-04 10:20:48", "elapsed": 71.638929, "delta": 0.616809}}
{"target": -0.49081307162830057, "params": {"C": 426.3405525002238, "gamma": 0.20934560049068668}, "datetime": {"datetime": "2021-10-04 10:20:48", "elapsed": 72.205126, "delta": 0.566197}}
{"target": -0.2724893324558828, "params": {"C": 568.7108449557081, "gamma": 0.05932543537701227}, "datetime": {"datetime": "2021-10-04 10:20:49", "elapsed": 72.849072, "delta": 0.643946}}
{"target": -0.20370597922888223, "params": {"C": 910.324935803214, "gamma": 0.1114999300163949}, "datetime": {"datetime": "2021-10-04 10:20:50", "elapsed": 73.994434, "delta": 1.145362}}
{"target": -0.17324416325269199, "params": {"C": 910.6018407811792, "gamma": 0.06214663237522099}, "datetime": {"datetime": "2021-10-04 10:20:51", "elapsed": 75.1334, "delta": 1.138966}}
{"target": -0.36654830436422103, "params": {"C": 406.75839467280605, "gamma": 0.09582726416195819}, "datetime": {"datetime": "2021-10-04 10:20:52", "elapsed": 75.989394, "delta": 0.855994}}
{"target": -0.40545777316762943, "params": {"C": 798.8132318642658, "gamma": 0.2545385008976111}, "datetime": {"datetime": "2021-10-04 10:20:53", "elapsed": 76.623019, "delta": 0.633625}}
{"target": -0.20011181895673835, "params": {"C": 910.1819861892054, "gamma": 0.10802531890923397}, "datetime": {"datetime": "2021-10-04 10:20:54", "elapsed": 77.718185, "delta": 1.095166}}
{"target": -0.39444947351576776, "params": {"C": 823.0325878110875, "gamma": 0.010407888560637417}, "datetime": {"datetime": "2021-10-04 10:20:55", "elapsed": 78.811564, "delta": 1.093379}}
{"target": -0.25141460629083756, "params": {"C": 910.396939158374, "gamma": 0.15162926161754062}, "datetime": {"datetime": "2021-10-04 10:20:56", "elapsed": 79.672616, "delta": 0.861052}}
{"target": -0.17436537547205333, "params": {"C": 910.4284832262562, "gamma": 0.05794694804905014}, "datetime": {"datetime": "2021-10-04 10:20:57", "elapsed": 80.643214, "delta": 0.970598}}
{"target": -0.2290798898413109, "params": {"C": 823.2303163992871, "gamma": 0.11500943994762532}, "datetime": {"datetime": "2021-10-04 10:20:58", "elapsed": 81.684499, "delta": 1.041285}}
{"target": -0.2653486476881881, "params": {"C": 823.1346626171187, "gamma": 0.14505015654165257}, "datetime": {"datetime": "2021-10-04 10:20:58", "elapsed": 82.502671, "delta": 0.818172}}
{"target": -0.1871011353973262, "params": {"C": 910.7790457539561, "gamma": 0.0436983404301998}, "datetime": {"datetime": "2021-10-04 10:20:59", "elapsed": 83.559057, "delta": 1.056386}}
{"target": -0.18040242516649818, "params": {"C": 879.2350469026579, "gamma": 0.06127623558498325}, "datetime": {"datetime": "2021-10-04 10:21:01", "elapsed": 84.701343, "delta": 1.142286}}
{"target": -0.3212044815316626, "params": {"C": 850.5378012288774, "gamma": 0.19463533022498886}, "datetime": {"datetime": "2021-10-04 10:21:01", "elapsed": 85.319684, "delta": 0.618341}}
{"target": -0.21554998399412595, "params": {"C": 817.0918704786726, "gamma": 0.03979268396680802}, "datetime": {"datetime": "2021-10-04 10:21:02", "elapsed": 85.900394, "delta": 0.58071}}
{"target": -0.5146988026259429, "params": {"C": 910.6803237662205, "gamma": 0.004530765474897718}, "datetime": {"datetime": "2021-10-04 10:21:03", "elapsed": 86.984367, "delta": 1.083973}}
{"target": -0.19962313956955602, "params": {"C": 910.1390866402049, "gamma": 0.037289425747686865}, "datetime": {"datetime": "2021-10-04 10:21:05", "elapsed": 88.676163, "delta": 1.691796}}
{"target": -0.2637310257002745, "params": {"C": 879.2125871960282, "gamma": 0.15527377068930104}, "datetime": {"datetime": "2021-10-04 10:21:06", "elapsed": 89.793183, "delta": 1.11702}}
{"target": -0.8311127446271454, "params": {"C": 823.2235612146061, "gamma": 0.0001}, "datetime": {"datetime": "2021-10-04 10:21:07", "elapsed": 90.988522, "delta": 1.195339}}
{"target": -0.30742589753725347, "params": {"C": 579.2411354774893, "gamma": 0.11533586975813617}, "datetime": {"datetime": "2021-10-04 10:21:07", "elapsed": 91.588636, "delta": 0.600114}}
{"target": -0.2917337190372049, "params": {"C": 659.1276388399934, "gamma": 0.1265060691872576}, "datetime": {"datetime": "2021-10-04 10:21:08", "elapsed": 92.201414, "delta": 0.612778}}
{"target": -0.6657163723476862, "params": {"C": 164.36373882587003, "gamma": 0.21726482873930264}, "datetime": {"datetime": "2021-10-04 10:21:09", "elapsed": 92.831331, "delta": 0.629917}}
{"target": -0.3930175640159421, "params": {"C": 349.4213587486648, "gamma": 0.08693467248917372}, "datetime": {"datetime": "2021-10-04 10:21:09", "elapsed": 93.446154, "delta": 0.614823}}
{"target": -0.372374944926281, "params": {"C": 817.1165491036498, "gamma": 0.22950411340240956}, "datetime": {"datetime": "2021-10-04 10:21:10", "elapsed": 94.301997, "delta": 0.855843}}
{"target": -0.19035220069319192, "params": {"C": 879.3240067675067, "gamma": 0.08919690686789382}, "datetime": {"datetime": "2021-10-04 10:21:11", "elapsed": 95.312038, "delta": 1.010041}}
{"target": -0.40900644939601727, "params": {"C": 910.8597264119269, "gamma": 0.00846143563340802}, "datetime": {"datetime": "2021-10-04 10:21:12", "elapsed": 96.209335, "delta": 0.897297}}
{"target": -0.20391293608346017, "params": {"C": 817.0223010308081, "gamma": 0.08673115161180485}, "datetime": {"datetime": "2021-10-04 10:21:13", "elapsed": 97.220498, "delta": 1.011163}}
{"target": -0.19466234106447478, "params": {"C": 910.6999608556944, "gamma": 0.10266473382350952}, "datetime": {"datetime": "2021-10-04 10:21:14", "elapsed": 97.825463, "delta": 0.604965}}
{"target": -0.22799283519536284, "params": {"C": 910.5069673279654, "gamma": 0.13276301228245235}, "datetime": {"datetime": "2021-10-04 10:21:15", "elapsed": 98.686912, "delta": 0.861449}}
{"target": -0.1953992043198689, "params": {"C": 879.0925424229719, "gamma": 0.09537456824898718}, "datetime": {"datetime": "2021-10-04 10:21:15", "elapsed": 99.373053, "delta": 0.686141}}
{"target": -0.5888832600493554, "params": {"C": 216.66940954901423, "gamma": 0.1778579393585139}, "datetime": {"datetime": "2021-10-04 10:21:16", "elapsed": 100.090633, "delta": 0.71758}}
{"target": -0.29653366225251365, "params": {"C": 879.1638812600227, "gamma": 0.017890663036123727}, "datetime": {"datetime": "2021-10-04 10:21:17", "elapsed": 101.035521, "delta": 0.944888}}
{"target": -0.38275472977648595, "params": {"C": 957.703836206732, "gamma": 0.2712755477155367}, "datetime": {"datetime": "2021-10-04 10:21:18", "elapsed": 101.651017, "delta": 0.615496}}
{"target": -0.2170149221081179, "params": {"C": 910.012571926182, "gamma": 0.03126375926400324}, "datetime": {"datetime": "2021-10-04 10:21:18", "elapsed": 102.422636, "delta": 0.771619}}
{"target": -0.5093544421196026, "params": {"C": 816.9667661963426, "gamma": 0.00527266513059461}, "datetime": {"datetime": "2021-10-04 10:21:19", "elapsed": 103.139946, "delta": 0.71731}}
{"target": -0.3863003226692985, "params": {"C": 823.301906159089, "gamma": 0.2432088804697576}, "datetime": {"datetime": "2021-10-04 10:21:20", "elapsed": 104.055397, "delta": 0.915451}}
{"target": -0.43811776128889846, "params": {"C": 799.9991427204446, "gamma": 0.2867861400141174}, "datetime": {"datetime": "2021-10-04 10:21:21", "elapsed": 104.718969, "delta": 0.663572}}
{"target": -0.31017551145091793, "params": {"C": 910.9902510647802, "gamma": 0.19817928919832}, "datetime": {"datetime": "2021-10-04 10:21:22", "elapsed": 105.631899, "delta": 0.91293}}
{"target": -0.3294340223019001, "params": {"C": 816.951822960242, "gamma": 0.193962672745222}, "datetime": {"datetime": "2021-10-04 10:21:22", "elapsed": 106.472947, "delta": 0.841048}}
{"target": -0.24184947602407703, "params": {"C": 879.4189585719968, "gamma": 0.026720727360454867}, "datetime": {"datetime": "2021-10-04 10:21:23", "elapsed": 107.318439, "delta": 0.845492}}
{"target": -0.40542398126615553, "params": {"C": 568.736100520788, "gamma": 0.1897314258525264}, "datetime": {"datetime": "2021-10-04 10:21:24", "elapsed": 108.324138, "delta": 1.005699}}
{"target": -0.21448065310069042, "params": {"C": 910.7672776527586, "gamma": 0.1213457755138821}, "datetime": {"datetime": "2021-10-04 10:21:25", "elapsed": 109.465764, "delta": 1.141626}}
{"target": -0.20031532504514105, "params": {"C": 879.5586715167273, "gamma": 0.10092477787842803}, "datetime": {"datetime": "2021-10-04 10:21:26", "elapsed": 110.536773, "delta": 1.071009}}
{"target": -0.32018378841182105, "params": {"C": 879.491682419842, "gamma": 0.19986767241433698}, "datetime": {"datetime": "2021-10-04 10:21:27", "elapsed": 111.409903, "delta": 0.87313}}
{"target": -0.18398719849009404, "params": {"C": 879.7132037890749, "gamma": 0.07938631030328507}, "datetime": {"datetime": "2021-10-04 10:21:28", "elapsed": 112.397271, "delta": 0.987368}}
{"target": -0.29813870726229164, "params": {"C": 879.6125190805301, "gamma": 0.18232533845150745}, "datetime": {"datetime": "2021-10-04 10:21:29", "elapsed": 113.234905, "delta": 0.837634}}
{"target": -0.291065679801761, "params": {"C": 879.3881380773146, "gamma": 0.17671647516634909}, "datetime": {"datetime": "2021-10-04 10:21:30", "elapsed": 114.246535, "delta": 1.01163}}
{"target": -0.1806841693953425, "params": {"C": 879.6135484420118, "gamma": 0.059651363024380726}, "datetime": {"datetime": "2021-10-04 10:21:31", "elapsed": 114.993691, "delta": 0.747156}}
{"target": -0.23545315943790301, "params": {"C": 879.7939744116238, "gamma": 0.13276899659734914}, "datetime": {"datetime": "2021-10-04 10:21:32", "elapsed": 115.81827, "delta": 0.824579}}
{"target": -0.19692214366676253, "params": {"C": 817.197078536753, "gamma": 0.05597973778886835}, "datetime": {"datetime": "2021-10-04 10:21:33", "elapsed": 116.715371, "delta": 0.897101}}
{"target": -0.18027832503870878, "params": {"C": 879.8596614233334, "gamma": 0.06900952820697104}, "datetime": {"datetime": "2021-10-04 10:21:33", "elapsed": 117.56781, "delta": 0.852439}}
{"target": -0.21225841064693496, "params": {"C": 817.1364189094313, "gamma": 0.0969867711931953}, "datetime": {"datetime": "2021-10-04 10:21:35", "elapsed": 118.685256, "delta": 1.117446}}
{"target": -0.18964617998562616, "params": {"C": 879.8009263610653, "gamma": 0.04681462985836311}, "datetime": {"datetime": "2021-10-04 10:21:36", "elapsed": 119.930889, "delta": 1.245633}}
{"target": -0.6692022233427959, "params": {"C": 221.23216780131457, "gamma": 0.2849187538921426}, "datetime": {"datetime": "2021-10-04 10:21:37", "elapsed": 120.684795, "delta": 0.753906}}
{"target": -0.19520119992516594, "params": {"C": 817.2860688932514, "gamma": 0.0680479584995893}, "datetime": {"datetime": "2021-10-04 10:21:38", "elapsed": 121.916728, "delta": 1.231933}}
{"target": -0.28139522433291053, "params": {"C": 879.9975419264443, "gamma": 0.1692609308898447}, "datetime": {"datetime": "2021-10-04 10:21:39", "elapsed": 123.067425, "delta": 1.150697}}
{"target": -0.23303407778839103, "params": {"C": 817.397804312874, "gamma": 0.11715145930435115}, "datetime": {"datetime": "2021-10-04 10:21:40", "elapsed": 124.125651, "delta": 1.058226}}
{"target": -0.46043414737652477, "params": {"C": 415.2523226918848, "gamma": 0.17836291048099995}, "datetime": {"datetime": "2021-10-04 10:21:41", "elapsed": 124.878186, "delta": 0.752535}}
{"target": -0.25629388520499896, "params": {"C": 879.9418419844247, "gamma": 0.023823515281086595}, "datetime": {"datetime": "2021-10-04 10:21:42", "elapsed": 125.804111, "delta": 0.925925}}
{"target": -0.27174880222901154, "params": {"C": 817.2866773698382, "gamma": 0.14884419155500517}, "datetime": {"datetime": "2021-10-04 10:21:42", "elapsed": 126.588321, "delta": 0.78421}}
{"target": -0.2707874233816445, "params": {"C": 605.5305099815947, "gamma": 0.08927855768496078}, "datetime": {"datetime": "2021-10-04 10:21:43", "elapsed": 127.389553, "delta": 0.801232}}
{"target": -0.37959050340715317, "params": {"C": 562.1207286377274, "gamma": 0.16718289060231287}, "datetime": {"datetime": "2021-10-04 10:21:44", "elapsed": 128.126502, "delta": 0.736949}}
{"target": -0.23860583042653083, "params": {"C": 722.1162192968519, "gamma": 0.040895725602015154}, "datetime": {"datetime": "2021-10-04 10:21:45", "elapsed": 128.879033, "delta": 0.752531}}
{"target": -0.3262837961530487, "params": {"C": 722.1001503985243, "gamma": 0.16964454747854285}, "datetime": {"datetime": "2021-10-04 10:21:46", "elapsed": 130.084694, "delta": 1.205661}}
{"target": -0.22832088938457362, "params": {"C": 817.48305414431, "gamma": 0.0344256786384337}, "datetime": {"datetime": "2021-10-04 10:21:47", "elapsed": 131.076594, "delta": 0.9919}}
{"target": -0.4323829545107791, "params": {"C": 817.3896758246975, "gamma": 0.28570485073242885}, "datetime": {"datetime": "2021-10-04 10:21:48", "elapsed": 132.347382, "delta": 1.270788}}
{"target": -0.20767792418222797, "params": {"C": 817.6062557752794, "gamma": 0.09182437311514781}, "datetime": {"datetime": "2021-10-04 10:21:49", "elapsed": 133.383074, "delta": 1.035692}}
{"target": -0.714142553654805, "params": {"C": 159.85189186225537, "gamma": 0.2953898445484322}, "datetime": {"datetime": "2021-10-04 10:21:50", "elapsed": 134.148208, "delta": 0.765134}}
{"target": -0.26601781484009335, "params": {"C": 817.6915855090228, "gamma": 0.02472203426752954}, "datetime": {"datetime": "2021-10-04 10:21:51", "elapsed": 135.078325, "delta": 0.930117}}
{"target": -0.3887621888175219, "params": {"C": 970.6322413217028, "gamma": 0.28006110298557824}, "datetime": {"datetime": "2021-10-04 10:21:52", "elapsed": 135.789695, "delta": 0.71137}}
{"target": -0.3408048311595442, "params": {"C": 817.7087986666983, "gamma": 0.203281377000359}, "datetime": {"datetime": "2021-10-04 10:21:53", "elapsed": 137.199045, "delta": 1.40935}}
{"target": -0.22065565601905912, "params": {"C": 722.287014457733, "gamma": 0.06418069994657151}, "datetime": {"datetime": "2021-10-04 10:21:55", "elapsed": 138.665099, "delta": 1.466054}}
{"target": -0.419694618448162, "params": {"C": 605.3982310149368, "gamma": 0.21295937501795284}, "datetime": {"datetime": "2021-10-04 10:21:56", "elapsed": 139.889877, "delta": 1.224778}}
{"target": -0.33762508970538896, "params": {"C": 722.3763828189179, "gamma": 0.1785409855094969}, "datetime": {"datetime": "2021-10-04 10:21:57", "elapsed": 140.812212, "delta": 0.922335}}
{"target": -0.2729247519610065, "params": {"C": 879.5323310403659, "gamma": 0.02108002816669409}, "datetime": {"datetime": "2021-10-04 10:21:58", "elapsed": 142.038525, "delta": 1.226313}}
{"target": -0.33865078657540426, "params": {"C": 817.5839750748222, "gamma": 0.20150827635890428}, "datetime": {"datetime": "2021-10-04 10:21:59", "elapsed": 143.286265, "delta": 1.24774}}
{"target": -0.2997540486693593, "params": {"C": 880.1129981312253, "gamma": 0.017480525293755714}, "datetime": {"datetime": "2021-10-04 10:22:01", "elapsed": 144.713686, "delta": 1.427421}}
{"target": -0.42958153710830094, "params": {"C": 879.8934348981405, "gamma": 0.2996134791283525}, "datetime": {"datetime": "2021-10-04 10:22:02", "elapsed": 145.64602, "delta": 0.932334}}
{"target": -0.7973528877563341, "params": {"C": 722.3765275188845, "gamma": 0.00043249423915678754}, "datetime": {"datetime": "2021-10-04 10:22:03", "elapsed": 147.096266, "delta": 1.450246}}
{"target": -0.1804474704975152, "params": {"C": 909.4090336231557, "gamma": 0.08497231304851853}, "datetime": {"datetime": "2021-10-04 10:22:04", "elapsed": 148.425284, "delta": 1.329018}}
{"target": -0.17936907663281443, "params": {"C": 909.4123946907423, "gamma": 0.08326079136081657}, "datetime": {"datetime": "2021-10-04 10:22:05", "elapsed": 149.260396, "delta": 0.835112}}
{"target": -0.40426031543693575, "params": {"C": 324.41519199565, "gamma": 0.0794954216750921}, "datetime": {"datetime": "2021-10-04 10:22:06", "elapsed": 150.155438, "delta": 0.895042}}
{"target": -0.2839890538110712, "params": {"C": 722.2419490278843, "gamma": 0.13675208412655981}, "datetime": {"datetime": "2021-10-04 10:22:07", "elapsed": 151.391595, "delta": 1.236157}}
{"target": -0.2947709747439433, "params": {"C": 880.1937458546093, "gamma": 0.17978940057641785}, "datetime": {"datetime": "2021-10-04 10:22:09", "elapsed": 152.85686, "delta": 1.465265}}
{"target": -0.32460846921484543, "params": {"C": 658.9763640169488, "gamma": 0.15238284659860935}, "datetime": {"datetime": "2021-10-04 10:22:10", "elapsed": 154.0263, "delta": 1.16944}}
{"target": -0.2274238820182397, "params": {"C": 721.9964898830817, "gamma": 0.08265963434552193}, "datetime": {"datetime": "2021-10-04 10:22:11", "elapsed": 155.098297, "delta": 1.071997}}
