{"target": -37.972272904800995, "params": {"C": 1878.8807966398908, "gamma": 0.005482938214610755}, "datetime": {"datetime": "2021-09-28 13:57:22", "elapsed": 104.232435, "delta": 0.839}}
{"target": -35.35888472287024, "params": {"C": 1822.9095397135154, "gamma": 0.08421637726917262}, "datetime": {"datetime": "2021-09-28 13:57:23", "elapsed": 105.371031, "delta": 1.138596}}
{"target": -34.970410573774174, "params": {"C": 1816.944049660798, "gamma": 0.04248360738347776}, "datetime": {"datetime": "2021-09-28 13:57:24", "elapsed": 106.176027, "delta": 0.804996}}
{"target": -35.23994347641498, "params": {"C": 1406.1191187383547, "gamma": 0.05762927441870017}, "datetime": {"datetime": "2021-09-28 13:57:24", "elapsed": 106.943025, "delta": 0.766998}}
{"target": -35.37277577277547, "params": {"C": 1578.8199554329221, "gamma": 0.07992829143993516}, "datetime": {"datetime": "2021-09-28 13:57:25", "elapsed": 107.750495, "delta": 0.80747}}
{"target": -35.4475245786982, "params": {"C": 1658.7864252652587, "gamma": 0.08719134208574603}, "datetime": {"datetime": "2021-09-28 13:57:26", "elapsed": 108.509497, "delta": 0.759002}}
{"target": -36.55685725680544, "params": {"C": 1163.527266091962, "gamma": 0.14620420674946322}, "datetime": {"datetime": "2021-09-28 13:57:27", "elapsed": 109.356623, "delta": 0.847126}}
{"target": -35.31546755838202, "params": {"C": 1348.7701288775424, "gamma": 0.06146135757048641}, "datetime": {"datetime": "2021-09-28 13:57:28", "elapsed": 110.186621, "delta": 0.829998}}
{"target": -35.026051500573466, "params": {"C": 1895.1681437825307, "gamma": 0.036169393708014516}, "datetime": {"datetime": "2021-09-28 13:57:29", "elapsed": 111.219623, "delta": 1.033002}}
{"target": -34.9646001436646, "params": {"C": 1816.975268371374, "gamma": 0.04374641696582717}, "datetime": {"datetime": "2021-09-28 13:57:30", "elapsed": 112.364634, "delta": 1.145011}}
{"target": -35.30257512506694, "params": {"C": 1895.2268741837174, "gamma": 0.027852915806608466}, "datetime": {"datetime": "2021-09-28 13:57:31", "elapsed": 113.483634, "delta": 1.119}}
{"target": -35.517867488995186, "params": {"C": 1816.941408547888, "gamma": 0.09465405528199551}, "datetime": {"datetime": "2021-09-28 13:57:32", "elapsed": 114.956635, "delta": 1.473001}}
{"target": -35.39108124396036, "params": {"C": 1250.0444273159483, "gamma": 0.04797738918843819}, "datetime": {"datetime": "2021-09-28 13:57:33", "elapsed": 115.694959, "delta": 0.738324}}
{"target": -35.36465999268179, "params": {"C": 1817.002621650316, "gamma": 0.08449820426556065}, "datetime": {"datetime": "2021-09-28 13:57:34", "elapsed": 116.532964, "delta": 0.838005}}
{"target": -35.247646149444094, "params": {"C": 1568.246544828575, "gamma": 0.06955413395001604}, "datetime": {"datetime": "2021-09-28 13:57:37", "elapsed": 119.029685, "delta": 2.496721}}
{"target": -36.154628211724294, "params": {"C": 1215.885294843858, "gamma": 0.12058118764558258}, "datetime": {"datetime": "2021-09-28 13:57:37", "elapsed": 119.887124, "delta": 0.857439}}
{"target": -35.28766952275827, "params": {"C": 1568.2690980735006, "gamma": 0.07299108127329931}, "datetime": {"datetime": "2021-09-28 13:57:38", "elapsed": 120.849126, "delta": 0.962002}}
{"target": -36.65749366178279, "params": {"C": 1957.6614977044364, "gamma": 0.18132288030853505}, "datetime": {"datetime": "2021-09-28 13:57:39", "elapsed": 121.59995, "delta": 0.750824}}
{"target": -35.36508853461358, "params": {"C": 1261.8857869759668, "gamma": 0.05126162502190543}, "datetime": {"datetime": "2021-09-28 13:57:40", "elapsed": 122.500627, "delta": 0.900677}}
{"target": -36.969101955936864, "params": {"C": 1064.7751853733403, "gamma": 0.16986238684531615}, "datetime": {"datetime": "2021-09-28 13:57:41", "elapsed": 123.311628, "delta": 0.811001}}
{"target": -34.933462096657415, "params": {"C": 1878.661752850006, "gamma": 0.04610935351182009}, "datetime": {"datetime": "2021-09-28 13:57:42", "elapsed": 124.434268, "delta": 1.12264}}
{"target": -36.78727208123736, "params": {"C": 1799.7989416621067, "gamma": 0.19140812705152682}, "datetime": {"datetime": "2021-09-28 13:57:43", "elapsed": 125.220261, "delta": 0.785993}}
{"target": -36.88072549153439, "params": {"C": 1816.9840605663594, "gamma": 0.011959121861762326}, "datetime": {"datetime": "2021-09-28 13:57:44", "elapsed": 126.018602, "delta": 0.798341}}
{"target": -35.12487749282279, "params": {"C": 1895.1613308106544, "gamma": 0.06888785754013207}, "datetime": {"datetime": "2021-09-28 13:57:45", "elapsed": 127.023932, "delta": 1.00533}}
{"target": -35.97747874569171, "params": {"C": 1280.1549847178467, "gamma": 0.111218064574119}, "datetime": {"datetime": "2021-09-28 13:57:45", "elapsed": 127.955193, "delta": 0.931261}}
{"target": -36.06166630876136, "params": {"C": 1568.3044049257137, "gamma": 0.12830152731324657}, "datetime": {"datetime": "2021-09-28 13:57:47", "elapsed": 129.052188, "delta": 1.096995}}
{"target": -36.25875459556026, "params": {"C": 1928.0841508068431, "gamma": 0.14672430807554077}, "datetime": {"datetime": "2021-09-28 13:57:48", "elapsed": 129.984018, "delta": 0.93183}}
{"target": -35.512956438229324, "params": {"C": 1878.7725697955066, "gamma": 0.09529428379114985}, "datetime": {"datetime": "2021-09-28 13:57:49", "elapsed": 131.242012, "delta": 1.257994}}
{"target": -34.97160385721166, "params": {"C": 1894.8345066197835, "gamma": 0.053387074107574414}, "datetime": {"datetime": "2021-09-28 13:57:50", "elapsed": 132.316298, "delta": 1.074286}}
{"target": -36.00987849568899, "params": {"C": 1406.1761280201365, "gamma": 0.11913576971434904}, "datetime": {"datetime": "2021-09-28 13:57:51", "elapsed": 133.727494, "delta": 1.411196}}
{"target": -35.883282758698115, "params": {"C": 1578.7743744935583, "gamma": 0.11540470873631713}, "datetime": {"datetime": "2021-09-28 13:57:52", "elapsed": 134.862493, "delta": 1.134999}}
{"target": -35.22269214086184, "params": {"C": 1895.1366462664676, "gamma": 0.029303874841889718}, "datetime": {"datetime": "2021-09-28 13:57:54", "elapsed": 136.128165, "delta": 1.265672}}
{"target": -35.42926601070667, "params": {"C": 1658.7877358241387, "gamma": 0.08596820080006448}, "datetime": {"datetime": "2021-09-28 13:57:55", "elapsed": 137.076842, "delta": 0.948677}}
{"target": -35.078214927188725, "params": {"C": 1568.3848957633354, "gamma": 0.04953801452972579}, "datetime": {"datetime": "2021-09-28 13:57:57", "elapsed": 139.532617, "delta": 2.455775}}
{"target": -35.8337475295029, "params": {"C": 1406.0939812967977, "gamma": 0.10660526546414771}, "datetime": {"datetime": "2021-09-28 13:57:58", "elapsed": 140.483628, "delta": 0.951011}}
{"target": -35.21544271132093, "params": {"C": 1658.7635320154732, "gamma": 0.03333497099723062}, "datetime": {"datetime": "2021-09-28 13:57:59", "elapsed": 141.44863, "delta": 0.965002}}
{"target": -35.132147256673264, "params": {"C": 1816.9533722817132, "gamma": 0.06799740040904663}, "datetime": {"datetime": "2021-09-28 13:58:00", "elapsed": 142.916118, "delta": 1.467488}}
{"target": -36.696056009367965, "params": {"C": 1878.658295545005, "gamma": 0.012977497643349392}, "datetime": {"datetime": "2021-09-28 13:58:02", "elapsed": 144.159359, "delta": 1.243241}}
{"target": -37.08263047516071, "params": {"C": 1220.4526204217364, "gamma": 0.19019392133700505}, "datetime": {"datetime": "2021-09-28 13:58:02", "elapsed": 144.944361, "delta": 0.785002}}
{"target": -35.85970954253764, "params": {"C": 1568.4183492863554, "gamma": 0.023539901255703155}, "datetime": {"datetime": "2021-09-28 13:58:04", "elapsed": 146.141646, "delta": 1.197285}}
{"target": -35.04958267131205, "params": {"C": 1658.7161613786984, "gamma": 0.04331168671234177}, "datetime": {"datetime": "2021-09-28 13:58:05", "elapsed": 147.213538, "delta": 1.071892}}
{"target": -35.332353985371036, "params": {"C": 1406.186958364733, "gamma": 0.03851847155950772}, "datetime": {"datetime": "2021-09-28 13:58:06", "elapsed": 148.271865, "delta": 1.058327}}
{"target": -36.02953136952174, "params": {"C": 1414.6669896815663, "gamma": 0.12090952832209068}, "datetime": {"datetime": "2021-09-28 13:58:07", "elapsed": 149.209863, "delta": 0.937998}}
{"target": -35.60347714552542, "params": {"C": 1658.7158541523772, "gamma": 0.09766402676556268}, "datetime": {"datetime": "2021-09-28 13:58:08", "elapsed": 150.126906, "delta": 0.917043}}
{"target": -36.01499227820445, "params": {"C": 1516.0708169973118, "gamma": 0.12372665221023305}, "datetime": {"datetime": "2021-09-28 13:58:09", "elapsed": 151.056904, "delta": 0.929998}}
{"target": -35.158560621424385, "params": {"C": 1605.135645627222, "gamma": 0.06298539095887747}, "datetime": {"datetime": "2021-09-28 13:58:09", "elapsed": 151.95011, "delta": 0.893206}}
{"target": -35.864240643771176, "params": {"C": 1561.6824110487762, "gamma": 0.11364009225558858}, "datetime": {"datetime": "2021-09-28 13:58:11", "elapsed": 153.115113, "delta": 1.165003}}
{"target": -35.23036701961628, "params": {"C": 1721.8380573542063, "gamma": 0.03152606366253069}, "datetime": {"datetime": "2021-09-28 13:58:12", "elapsed": 154.204211, "delta": 1.089098}}
{"target": -35.54831539814465, "params": {"C": 1605.179691206142, "gamma": 0.09284133938701004}, "datetime": {"datetime": "2021-09-28 13:58:13", "elapsed": 155.747487, "delta": 1.543276}}
{"target": -35.08389383349581, "params": {"C": 1816.8845245731086, "gamma": 0.06338610392023414}, "datetime": {"datetime": "2021-09-28 13:58:14", "elapsed": 156.875007, "delta": 1.12752}}
{"target": -35.206286997922376, "params": {"C": 1895.2051988264425, "gamma": 0.07537608143415357}, "datetime": {"datetime": "2021-09-28 13:58:16", "elapsed": 158.142094, "delta": 1.267087}}
{"target": -36.49745955996793, "params": {"C": 1406.1355413502379, "gamma": 0.018392819780881}, "datetime": {"datetime": "2021-09-28 13:58:17", "elapsed": 159.5851, "delta": 1.443006}}
{"target": -35.47703901564738, "params": {"C": 1450.2437262723188, "gamma": 0.03147246449688434}, "datetime": {"datetime": "2021-09-28 13:58:18", "elapsed": 160.648532, "delta": 1.063432}}
{"target": -35.82495901329998, "params": {"C": 1568.376692291874, "gamma": 0.1109774884018169}, "datetime": {"datetime": "2021-09-28 13:58:20", "elapsed": 162.818953, "delta": 2.170421}}
{"target": -36.71538369653922, "params": {"C": 1970.6028441658686, "gamma": 0.1870353954057611}, "datetime": {"datetime": "2021-09-28 13:58:22", "elapsed": 164.482003, "delta": 1.66305}}
{"target": -35.92281175660807, "params": {"C": 1822.8440913253621, "gamma": 0.02005454408128642}, "datetime": {"datetime": "2021-09-28 13:58:24", "elapsed": 166.080609, "delta": 1.598606}}
{"target": -35.64861165617836, "params": {"C": 1568.3540228746278, "gamma": 0.026302029787735992}, "datetime": {"datetime": "2021-09-28 13:58:25", "elapsed": 167.374689, "delta": 1.29408}}
{"target": -35.13161083222193, "params": {"C": 1822.8714772689332, "gamma": 0.06807008571269933}, "datetime": {"datetime": "2021-09-28 13:58:26", "elapsed": 168.601982, "delta": 1.227293}}
{"target": -35.41361239805559, "params": {"C": 1406.237511446448, "gamma": 0.03446201373962646}, "datetime": {"datetime": "2021-09-28 13:58:28", "elapsed": 170.117982, "delta": 1.516}}
{"target": -35.485687512842006, "params": {"C": 1605.1325795730277, "gamma": 0.02829528480538324}, "datetime": {"datetime": "2021-09-28 13:58:29", "elapsed": 171.391985, "delta": 1.274003}}
{"target": -35.18386286446255, "params": {"C": 1605.1870315151757, "gamma": 0.036768381664148295}, "datetime": {"datetime": "2021-09-28 13:58:31", "elapsed": 173.04514, "delta": 1.653155}}
{"target": -35.09180235382001, "params": {"C": 1816.914344152257, "gamma": 0.06415818637964621}, "datetime": {"datetime": "2021-09-28 13:58:32", "elapsed": 174.340328, "delta": 1.295188}}
{"target": -35.107119075718316, "params": {"C": 1816.8457286817757, "gamma": 0.03425521015705582}, "datetime": {"datetime": "2021-09-28 13:58:34", "elapsed": 176.027525, "delta": 1.687197}}
{"target": -35.972788010387845, "params": {"C": 1816.8883598164707, "gamma": 0.12573800427514853}, "datetime": {"datetime": "2021-09-28 13:58:35", "elapsed": 177.917508, "delta": 1.889983}}
{"target": -35.06654008211413, "params": {"C": 1605.2262541623068, "gamma": 0.04522671949153218}, "datetime": {"datetime": "2021-09-28 13:58:37", "elapsed": 179.393539, "delta": 1.476031}}
{"target": -34.946549210948646, "params": {"C": 1878.831088842512, "gamma": 0.04955829496095828}, "datetime": {"datetime": "2021-09-28 13:58:39", "elapsed": 181.350237, "delta": 1.956698}}
{"target": -35.30955487915936, "params": {"C": 1323.7389309265766, "gamma": 0.0566242321661986}, "datetime": {"datetime": "2021-09-28 13:58:41", "elapsed": 183.004607, "delta": 1.65437}}
{"target": -35.29176486422024, "params": {"C": 1348.7150248556077, "gamma": 0.04663626702104104}, "datetime": {"datetime": "2021-09-28 13:58:42", "elapsed": 184.501055, "delta": 1.496448}}
{"target": -35.78005575370902, "params": {"C": 1578.8085163309624, "gamma": 0.024397756383158845}, "datetime": {"datetime": "2021-09-28 13:58:43", "elapsed": 185.618058, "delta": 1.117003}}
{"target": -38.3738914919534, "params": {"C": 1348.7589668364462, "gamma": 0.005614843507536434}, "datetime": {"datetime": "2021-09-28 13:58:44", "elapsed": 186.783849, "delta": 1.165791}}
{"target": -36.78610083104281, "params": {"C": 1658.7118557163496, "gamma": 0.013614846933792057}, "datetime": {"datetime": "2021-09-28 13:58:46", "elapsed": 187.996903, "delta": 1.213054}}
{"target": -35.22305652477402, "params": {"C": 1605.263359853513, "gamma": 0.06901067281191078}, "datetime": {"datetime": "2021-09-28 13:58:47", "elapsed": 189.360902, "delta": 1.363999}}
{"target": -35.058278153534076, "params": {"C": 1721.8057274299028, "gamma": 0.05844333030585298}, "datetime": {"datetime": "2021-09-28 13:58:49", "elapsed": 191.154411, "delta": 1.793509}}
{"target": -35.19429883567638, "params": {"C": 1721.7656856421877, "gamma": 0.03269513858026034}, "datetime": {"datetime": "2021-09-28 13:58:51", "elapsed": 193.091814, "delta": 1.937403}}
{"target": -35.44988556073868, "params": {"C": 1878.6225993517733, "gamma": 0.09110666417707675}, "datetime": {"datetime": "2021-09-28 13:58:52", "elapsed": 194.587313, "delta": 1.495499}}
{"target": -35.80203777924367, "params": {"C": 1348.7168472411688, "gamma": 0.10207381115682652}, "datetime": {"datetime": "2021-09-28 13:58:54", "elapsed": 196.23693, "delta": 1.649617}}
{"target": -35.519277529096655, "params": {"C": 1895.2500703652872, "gamma": 0.09596555034726305}, "datetime": {"datetime": "2021-09-28 13:58:55", "elapsed": 197.64718, "delta": 1.41025}}
{"target": -35.276012843787534, "params": {"C": 1406.2078071533329, "gamma": 0.062205419643931045}, "datetime": {"datetime": "2021-09-28 13:58:57", "elapsed": 199.096355, "delta": 1.449175}}
{"target": -35.09316530963279, "params": {"C": 1721.8728718221823, "gamma": 0.0618989002809133}, "datetime": {"datetime": "2021-09-28 13:58:59", "elapsed": 200.969212, "delta": 1.872857}}
{"target": -36.18638933195786, "params": {"C": 1721.8519295120354, "gamma": 0.13907652271110774}, "datetime": {"datetime": "2021-09-28 13:59:01", "elapsed": 203.011688, "delta": 2.042476}}
{"target": -35.504481693357405, "params": {"C": 1323.8113590383882, "gamma": 0.07767101014450167}, "datetime": {"datetime": "2021-09-28 13:59:02", "elapsed": 204.872183, "delta": 1.860495}}
{"target": -36.72394540314142, "params": {"C": 1721.7863308633284, "gamma": 0.013693845980126212}, "datetime": {"datetime": "2021-09-28 13:59:04", "elapsed": 206.15477, "delta": 1.282587}}
{"target": -36.56252646578626, "params": {"C": 1024.6210725667017, "gamma": 0.023611200542222845}, "datetime": {"datetime": "2021-09-28 13:59:05", "elapsed": 207.28946, "delta": 1.13469}}
{"target": -36.99652869815202, "params": {"C": 1347.854091849475, "gamma": 0.19096120315325954}, "datetime": {"datetime": "2021-09-28 13:59:06", "elapsed": 208.375342, "delta": 1.085882}}
{"target": -35.32933217225781, "params": {"C": 1348.673273372565, "gamma": 0.06332109910679029}, "datetime": {"datetime": "2021-09-28 13:59:08", "elapsed": 210.320754, "delta": 1.945412}}
{"target": -36.73118105348577, "params": {"C": 1471.2268991293708, "gamma": 0.1753256298807696}, "datetime": {"datetime": "2021-09-28 13:59:09", "elapsed": 211.386753, "delta": 1.065999}}
{"target": -35.46242342845628, "params": {"C": 1605.2312348434357, "gamma": 0.08715116276380686}, "datetime": {"datetime": "2021-09-28 13:59:10", "elapsed": 212.891144, "delta": 1.504391}}
{"target": -35.51509424641399, "params": {"C": 1323.7037324054722, "gamma": 0.07853837438057987}, "datetime": {"datetime": "2021-09-28 13:59:13", "elapsed": 215.385433, "delta": 2.494289}}
{"target": -37.02708533310165, "params": {"C": 1231.0276001472967, "gamma": 0.18631134361796725}, "datetime": {"datetime": "2021-09-28 13:59:14", "elapsed": 216.410681, "delta": 1.025248}}
{"target": -35.726192942063605, "params": {"C": 1406.2511814170457, "gamma": 0.09915931940783364}, "datetime": {"datetime": "2021-09-28 13:59:15", "elapsed": 217.936374, "delta": 1.525693}}
{"target": -35.31334427757087, "params": {"C": 1721.7956484609138, "gamma": 0.07942102314414702}, "datetime": {"datetime": "2021-09-28 13:59:17", "elapsed": 219.265338, "delta": 1.328964}}
{"target": -35.38650846645191, "params": {"C": 1721.7328057014179, "gamma": 0.08428479564572373}, "datetime": {"datetime": "2021-09-28 13:59:19", "elapsed": 221.209821, "delta": 1.944483}}
{"target": -36.318853115966284, "params": {"C": 1895.2763805130508, "gamma": 0.01584989898753276}, "datetime": {"datetime": "2021-09-28 13:59:20", "elapsed": 222.556758, "delta": 1.346937}}
{"target": -35.155588083139364, "params": {"C": 1721.7596592176806, "gamma": 0.06717054875278053}, "datetime": {"datetime": "2021-09-28 13:59:22", "elapsed": 224.329736, "delta": 1.772978}}
{"target": -36.67873940384966, "params": {"C": 1895.1906671079178, "gamma": 0.013015904664234006}, "datetime": {"datetime": "2021-09-28 13:59:23", "elapsed": 225.798735, "delta": 1.468999}}
{"target": -36.93877852072997, "params": {"C": 1562.0392478437434, "gamma": 0.19798957229211386}, "datetime": {"datetime": "2021-09-28 13:59:24", "elapsed": 226.876974, "delta": 1.078239}}
{"target": -35.02538165286413, "params": {"C": 1721.7024215848912, "gamma": 0.05353456229787176}, "datetime": {"datetime": "2021-09-28 13:59:26", "elapsed": 228.293192, "delta": 1.416218}}
{"target": -35.16461717378247, "params": {"C": 1721.918414511279, "gamma": 0.03395052543677356}, "datetime": {"datetime": "2021-09-28 13:59:27", "elapsed": 229.738193, "delta": 1.445001}}
{"target": -35.809646653732614, "params": {"C": 1348.780458728684, "gamma": 0.10260548848900612}, "datetime": {"datetime": "2021-09-28 13:59:29", "elapsed": 231.326534, "delta": 1.588341}}
{"target": -35.38213145042944, "params": {"C": 1346.05759983515, "gamma": 0.06843972818404741}, "datetime": {"datetime": "2021-09-28 13:59:30", "elapsed": 232.404126, "delta": 1.077592}}
{"target": -35.391838985810544, "params": {"C": 1721.904845164995, "gamma": 0.08464228580771421}, "datetime": {"datetime": "2021-09-28 13:59:32", "elapsed": 234.564887, "delta": 2.160761}}
{"target": -35.26870578203953, "params": {"C": 1816.870213746751, "gamma": 0.029324382419153635}, "datetime": {"datetime": "2021-09-28 13:59:34", "elapsed": 236.873306, "delta": 2.308419}}
{"target": -35.96361351184406, "params": {"C": 1216.1647007725244, "gamma": 0.1063865742396453}, "datetime": {"datetime": "2021-09-28 13:59:35", "elapsed": 237.907033, "delta": 1.033727}}
{"target": -35.21258391313003, "params": {"C": 1816.8406526258777, "gamma": 0.07431337886584287}, "datetime": {"datetime": "2021-09-28 13:59:37", "elapsed": 239.763893, "delta": 1.85686}}
{"target": -35.1604891045091, "params": {"C": 1822.9646198806945, "gamma": 0.07043675545711572}, "datetime": {"datetime": "2021-09-28 13:59:39", "elapsed": 241.487445, "delta": 1.723552}}
{"target": -37.29994590029814, "params": {"C": 1605.2166460453661, "gamma": 0.010124678905974745}, "datetime": {"datetime": "2021-09-28 13:59:40", "elapsed": 242.731633, "delta": 1.244188}}
{"target": -35.16070505202041, "params": {"C": 1721.8509158443749, "gamma": 0.06759108578476346}, "datetime": {"datetime": "2021-09-28 13:59:42", "elapsed": 244.284147, "delta": 1.552514}}
{"target": -36.60437391139237, "params": {"C": 1323.7175832743237, "gamma": 0.018246151518698392}, "datetime": {"datetime": "2021-09-28 13:59:44", "elapsed": 246.041147, "delta": 1.757}}
{"target": -35.77762674565676, "params": {"C": 1605.2888543271915, "gamma": 0.10845112834255556}, "datetime": {"datetime": "2021-09-28 13:59:46", "elapsed": 248.062454, "delta": 2.021307}}
{"target": -35.97953913874402, "params": {"C": 1584.6256826812112, "gamma": 0.1226767582192803}, "datetime": {"datetime": "2021-09-28 13:59:47", "elapsed": 249.311696, "delta": 1.249242}}
{"target": -36.451276849102136, "params": {"C": 1348.6852725212416, "gamma": 0.019561818261531225}, "datetime": {"datetime": "2021-09-28 13:59:49", "elapsed": 251.303967, "delta": 1.992271}}
{"target": -35.402052751107185, "params": {"C": 1848.4918016786187, "gamma": 0.026598984837165003}, "datetime": {"datetime": "2021-09-28 13:59:50", "elapsed": 252.513654, "delta": 1.209687}}
{"target": -35.47658424092044, "params": {"C": 1346.0703119124096, "gamma": 0.034586317927423484}, "datetime": {"datetime": "2021-09-28 13:59:52", "elapsed": 254.045651, "delta": 1.531997}}
{"target": -35.77193799111241, "params": {"C": 1799.7578032879653, "gamma": 0.11193289372036475}, "datetime": {"datetime": "2021-09-28 13:59:53", "elapsed": 255.78186, "delta": 1.736209}}
{"target": -35.16454657249172, "params": {"C": 1658.69798382641, "gamma": 0.06593169594280146}, "datetime": {"datetime": "2021-09-28 13:59:56", "elapsed": 258.77541, "delta": 2.99355}}
{"target": -35.48413557295553, "params": {"C": 1721.6536340941357, "gamma": 0.09079164878564419}, "datetime": {"datetime": "2021-09-28 13:59:58", "elapsed": 260.956681, "delta": 2.181271}}
