{"target": -41.0644409214804, "params": {"C": 1282.5209796386123, "gamma": 0.03736675475154125}, "datetime": {"datetime": "2021-09-29 17:37:34", "elapsed": 797.466961, "delta": 3.578767}}
{"target": -42.991510644850415, "params": {"C": 1629.5122170301333, "gamma": 0.14575950438675234}, "datetime": {"datetime": "2021-09-29 17:37:38", "elapsed": 801.585886, "delta": 4.118925}}
{"target": -43.384289160651804, "params": {"C": 1282.7002751221853, "gamma": 0.1730700288690552}, "datetime": {"datetime": "2021-09-29 17:37:43", "elapsed": 806.116449, "delta": 4.530563}}
{"target": -42.0960117980235, "params": {"C": 1282.526984527783, "gamma": 0.1045382029022688}, "datetime": {"datetime": "2021-09-29 17:37:47", "elapsed": 809.916157, "delta": 3.799708}}
{"target": -41.43565842421834, "params": {"C": 1164.0738145387322, "gamma": 0.07105540133882979}, "datetime": {"datetime": "2021-09-29 17:37:50", "elapsed": 813.029398, "delta": 3.113241}}
{"target": -42.33206854427157, "params": {"C": 2981.266968653921, "gamma": 0.09214314649649588}, "datetime": {"datetime": "2021-09-29 17:37:52", "elapsed": 815.597272, "delta": 2.567874}}
{"target": -41.468347372430856, "params": {"C": 1163.9782688047776, "gamma": 0.07284884023050035}, "datetime": {"datetime": "2021-09-29 17:37:56", "elapsed": 818.869473, "delta": 3.272201}}
{"target": -44.24760645347025, "params": {"C": 3457.781303105388, "gamma": 0.15874537878776757}, "datetime": {"datetime": "2021-09-29 17:37:59", "elapsed": 822.000833, "delta": 3.13136}}
{"target": -41.46793000052062, "params": {"C": 1250.3037986298943, "gamma": 0.07419309464910347}, "datetime": {"datetime": "2021-09-29 17:38:04", "elapsed": 827.000513, "delta": 4.99968}}
{"target": -43.496582548890345, "params": {"C": 1051.2488849474555, "gamma": 0.17876743008589635}, "datetime": {"datetime": "2021-09-29 17:38:07", "elapsed": 830.141829, "delta": 3.141316}}
{"target": -43.66819422002528, "params": {"C": 1946.7181183219861, "gamma": 0.17761983574732473}, "datetime": {"datetime": "2021-09-29 17:38:10", "elapsed": 832.983857, "delta": 2.842028}}
{"target": -41.300018371076, "params": {"C": 1282.4091625336366, "gamma": 0.06553276927299946}, "datetime": {"datetime": "2021-09-29 17:38:14", "elapsed": 837.348707, "delta": 4.36485}}
{"target": -43.01186886468172, "params": {"C": 1164.0821868874086, "gamma": 0.15096639128999384}, "datetime": {"datetime": "2021-09-29 17:38:20", "elapsed": 842.831926, "delta": 5.483219}}
{"target": -40.90411104847604, "params": {"C": 1698.2684499236295, "gamma": 0.03943443440309044}, "datetime": {"datetime": "2021-09-29 17:38:24", "elapsed": 847.482289, "delta": 4.650363}}
{"target": -41.40224034335234, "params": {"C": 1164.0714781096028, "gamma": 0.06917160648949815}, "datetime": {"datetime": "2021-09-29 17:38:27", "elapsed": 849.990294, "delta": 2.508005}}
{"target": -43.445137242505524, "params": {"C": 2806.7957711221816, "gamma": 0.13876246757457472}, "datetime": {"datetime": "2021-09-29 17:38:30", "elapsed": 852.77268, "delta": 2.782386}}
{"target": -41.88017994490274, "params": {"C": 1282.3088233081914, "gamma": 0.09440112546331195}, "datetime": {"datetime": "2021-09-29 17:38:34", "elapsed": 857.561128, "delta": 4.788448}}
{"target": -41.89886572844889, "params": {"C": 1698.3493601749253, "gamma": 0.011539437318835288}, "datetime": {"datetime": "2021-09-29 17:38:38", "elapsed": 861.395677, "delta": 3.834549}}
{"target": -42.1586747999019, "params": {"C": 1164.1643062818723, "gamma": 0.013044405598408807}, "datetime": {"datetime": "2021-09-29 17:38:43", "elapsed": 866.380013, "delta": 4.984336}}
{"target": -41.30883201512365, "params": {"C": 2678.87928197584, "gamma": 0.014878345897787542}, "datetime": {"datetime": "2021-09-29 17:38:51", "elapsed": 873.803471, "delta": 7.423458}}
{"target": -41.15956447935905, "params": {"C": 3772.801288625396, "gamma": 0.015214143809786201}, "datetime": {"datetime": "2021-09-29 17:38:54", "elapsed": 877.382226, "delta": 3.578755}}
{"target": -43.70602751504187, "params": {"C": 1282.418385423973, "gamma": 0.19433626097301882}, "datetime": {"datetime": "2021-09-29 17:38:59", "elapsed": 881.921765, "delta": 4.539539}}
{"target": -41.19072641957012, "params": {"C": 2678.881774807237, "gamma": 0.016824903956979487}, "datetime": {"datetime": "2021-09-29 17:39:02", "elapsed": 884.940142, "delta": 3.018377}}
{"target": -42.30905286140538, "params": {"C": 1250.2207392643152, "gamma": 0.11467089661890474}, "datetime": {"datetime": "2021-09-29 17:39:07", "elapsed": 889.822395, "delta": 4.882253}}
{"target": -43.49855131631858, "params": {"C": 2188.4466597380133, "gamma": 0.15965989607015443}, "datetime": {"datetime": "2021-09-29 17:39:10", "elapsed": 893.027106, "delta": 3.204711}}
{"target": -41.73756378864915, "params": {"C": 2902.4244339992056, "gamma": 0.07358686742802029}, "datetime": {"datetime": "2021-09-29 17:39:14", "elapsed": 896.747665, "delta": 3.720559}}
{"target": -41.0481200413923, "params": {"C": 3033.8354914666106, "gamma": 0.018720251974367656}, "datetime": {"datetime": "2021-09-29 17:39:21", "elapsed": 904.430085, "delta": 7.68242}}
{"target": -42.34617876019319, "params": {"C": 2457.3333891005905, "gamma": 0.10088933576204694}, "datetime": {"datetime": "2021-09-29 17:39:25", "elapsed": 908.27083, "delta": 3.840745}}
{"target": -42.29257750045949, "params": {"C": 1882.60555370768, "gamma": 0.00757558568194132}, "datetime": {"datetime": "2021-09-29 17:39:29", "elapsed": 911.791844, "delta": 3.521014}}
{"target": -43.20443924627697, "params": {"C": 2227.8801676314433, "gamma": 0.14281499805353143}, "datetime": {"datetime": "2021-09-29 17:39:32", "elapsed": 915.07934, "delta": 3.287496}}
{"target": -42.66672251567496, "params": {"C": 2678.8861432004915, "gamma": 0.10913789948442552}, "datetime": {"datetime": "2021-09-29 17:39:40", "elapsed": 922.817839, "delta": 7.738499}}
{"target": -42.102595156686675, "params": {"C": 1056.7589386967159, "gamma": 0.10284534266712149}, "datetime": {"datetime": "2021-09-29 17:39:43", "elapsed": 925.863388, "delta": 3.045549}}
{"target": -43.75197501195998, "params": {"C": 3315.4845316101496, "gamma": 0.13905047915513102}, "datetime": {"datetime": "2021-09-29 17:39:47", "elapsed": 930.146338, "delta": 4.28295}}
{"target": -42.02244512436165, "params": {"C": 1282.6681096942384, "gamma": 0.013252402933563678}, "datetime": {"datetime": "2021-09-29 17:39:54", "elapsed": 936.902182, "delta": 6.755844}}
{"target": -41.85328689989023, "params": {"C": 3231.7101850652957, "gamma": 0.007666477998470043}, "datetime": {"datetime": "2021-09-29 17:39:58", "elapsed": 940.879341, "delta": 3.977159}}
{"target": -43.242933221283394, "params": {"C": 4656.946232971786, "gamma": 0.09643277781465502}, "datetime": {"datetime": "2021-09-29 17:40:07", "elapsed": 950.228404, "delta": 9.349063}}
{"target": -41.54584423139284, "params": {"C": 3727.937616534306, "gamma": 0.009994238010555379}, "datetime": {"datetime": "2021-09-29 17:40:10", "elapsed": 953.159565, "delta": 2.931161}}
{"target": -40.81162111693394, "params": {"C": 3727.8294101974457, "gamma": 0.03050582934081973}, "datetime": {"datetime": "2021-09-29 17:40:17", "elapsed": 959.780448, "delta": 6.620883}}
{"target": -41.438392675263934, "params": {"C": 3727.886120448857, "gamma": 0.056710958262108646}, "datetime": {"datetime": "2021-09-29 17:40:22", "elapsed": 965.251625, "delta": 5.471177}}
{"target": -43.87647999672372, "params": {"C": 2902.3724025610973, "gamma": 0.15738053957896428}, "datetime": {"datetime": "2021-09-29 17:40:28", "elapsed": 971.001044, "delta": 5.749419}}
{"target": -43.141018986278716, "params": {"C": 2549.485885057204, "gamma": 0.13152905290649347}, "datetime": {"datetime": "2021-09-29 17:40:31", "elapsed": 974.379686, "delta": 3.378642}}
{"target": -43.88157970370171, "params": {"C": 3420.6844747866276, "gamma": 0.14203595755888238}, "datetime": {"datetime": "2021-09-29 17:40:37", "elapsed": 980.233701, "delta": 5.854015}}
{"target": -42.283707179397446, "params": {"C": 1250.4281717165786, "gamma": 0.11344357023446622}, "datetime": {"datetime": "2021-09-29 17:40:43", "elapsed": 986.381608, "delta": 6.147907}}
{"target": -43.2572461795404, "params": {"C": 3728.001867785569, "gamma": 0.11093838904461896}, "datetime": {"datetime": "2021-09-29 17:40:49", "elapsed": 991.870477, "delta": 5.488869}}
{"target": -40.901302146746104, "params": {"C": 2678.9719483101053, "gamma": 0.024204623450770044}, "datetime": {"datetime": "2021-09-29 17:40:54", "elapsed": 997.185501, "delta": 5.315024}}
{"target": -41.0599952804174, "params": {"C": 3033.7354271403183, "gamma": 0.01845540876081466}, "datetime": {"datetime": "2021-09-29 17:40:58", "elapsed": 1001.604206, "delta": 4.418705}}
{"target": -43.70796869499399, "params": {"C": 1130.891881315248, "gamma": 0.19391566733793575}, "datetime": {"datetime": "2021-09-29 17:41:03", "elapsed": 1006.386757, "delta": 4.782551}}
{"target": -42.061619650592455, "params": {"C": 3402.54342499404, "gamma": 0.0780966739282903}, "datetime": {"datetime": "2021-09-29 17:41:08", "elapsed": 1011.494773, "delta": 5.108016}}
{"target": -42.11311986963537, "params": {"C": 1496.6603382772648, "gamma": 0.10467579514626094}, "datetime": {"datetime": "2021-09-29 17:41:12", "elapsed": 1015.231238, "delta": 3.736465}}
{"target": -43.83314699715952, "params": {"C": 2300.526077899327, "gamma": 0.17607380314305635}, "datetime": {"datetime": "2021-09-29 17:41:17", "elapsed": 1019.856848, "delta": 4.62561}}
{"target": -41.95462122914198, "params": {"C": 1163.8854353590382, "gamma": 0.09712986391133421}, "datetime": {"datetime": "2021-09-29 17:41:27", "elapsed": 1030.07229, "delta": 10.215442}}
{"target": -42.3414031414267, "params": {"C": 3033.8200882190495, "gamma": 0.09168483208753485}, "datetime": {"datetime": "2021-09-29 17:41:33", "elapsed": 1035.971611, "delta": 5.899321}}
{"target": -41.10158633980136, "params": {"C": 3727.705423878861, "gamma": 0.04598814432490475}, "datetime": {"datetime": "2021-09-29 17:41:41", "elapsed": 1044.58654, "delta": 8.614929}}
{"target": -44.951293204895556, "params": {"C": 3897.7628474202024, "gamma": 0.183624571431991}, "datetime": {"datetime": "2021-09-29 17:41:45", "elapsed": 1047.921414, "delta": 3.334874}}
{"target": -42.329829677002614, "params": {"C": 3727.771035315659, "gamma": 0.08220646705192623}, "datetime": {"datetime": "2021-09-29 17:41:50", "elapsed": 1053.680411, "delta": 5.758997}}
{"target": -41.89055268827192, "params": {"C": 1282.4320491673573, "gamma": 0.014737269436556628}, "datetime": {"datetime": "2021-09-29 17:41:55", "elapsed": 1057.951179, "delta": 4.270768}}
{"target": -41.79073364822012, "params": {"C": 3420.484630192478, "gamma": 0.007943526295461446}, "datetime": {"datetime": "2021-09-29 17:42:00", "elapsed": 1063.397212, "delta": 5.446033}}
{"target": -41.50109260532071, "params": {"C": 1282.8142803351138, "gamma": 0.0762341890162432}, "datetime": {"datetime": "2021-09-29 17:42:05", "elapsed": 1068.172464, "delta": 4.775252}}
{"target": -40.80713174840032, "params": {"C": 3450.481931332534, "gamma": 0.027978753863144433}, "datetime": {"datetime": "2021-09-29 17:42:08", "elapsed": 1070.950457, "delta": 2.777993}}
{"target": -42.91016562491522, "params": {"C": 3450.52172288537, "gamma": 0.10404355651090842}, "datetime": {"datetime": "2021-09-29 17:42:13", "elapsed": 1075.999249, "delta": 5.048792}}
{"target": -43.592960105370985, "params": {"C": 1752.9033892719244, "gamma": 0.17843324589126455}, "datetime": {"datetime": "2021-09-29 17:42:16", "elapsed": 1079.067255, "delta": 3.068006}}
{"target": -41.908096262274576, "params": {"C": 1098.5924030063306, "gamma": 0.01680180922962801}, "datetime": {"datetime": "2021-09-29 17:42:23", "elapsed": 1086.682543, "delta": 7.615288}}
{"target": -41.82802049727666, "params": {"C": 2625.205496227908, "gamma": 0.008973430764911824}, "datetime": {"datetime": "2021-09-29 17:42:28", "elapsed": 1091.336152, "delta": 4.653609}}
{"target": -43.15494359806088, "params": {"C": 1698.2726387563548, "gamma": 0.1533487445826235}, "datetime": {"datetime": "2021-09-29 17:42:33", "elapsed": 1095.833993, "delta": 4.497841}}
{"target": -41.26384221449679, "params": {"C": 3450.352588200811, "gamma": 0.013983430869157952}, "datetime": {"datetime": "2021-09-29 17:42:37", "elapsed": 1100.086305, "delta": 4.252312}}
{"target": -42.25550708543091, "params": {"C": 1914.5522062246655, "gamma": 0.10604665077565964}, "datetime": {"datetime": "2021-09-29 17:42:41", "elapsed": 1103.856625, "delta": 3.77032}}
{"target": -42.55954374089031, "params": {"C": 3450.4008874252977, "gamma": 0.0927055433579659}, "datetime": {"datetime": "2021-09-29 17:42:45", "elapsed": 1108.617196, "delta": 4.760571}}
{"target": -41.86742410846693, "params": {"C": 2885.8394522051876, "gamma": 0.07804095347188296}, "datetime": {"datetime": "2021-09-29 17:42:50", "elapsed": 1113.685589, "delta": 5.068393}}
{"target": -41.49659322053979, "params": {"C": 3450.4136597122033, "gamma": 0.010900302776876095}, "datetime": {"datetime": "2021-09-29 17:42:58", "elapsed": 1121.380356, "delta": 7.694767}}
{"target": -40.974293047165986, "params": {"C": 2287.3143162978613, "gamma": 0.023589221084579764}, "datetime": {"datetime": "2021-09-29 17:43:04", "elapsed": 1127.150258, "delta": 5.769902}}
{"target": -43.49720969362906, "params": {"C": 3632.079770730559, "gamma": 0.12129878405817456}, "datetime": {"datetime": "2021-09-29 17:43:07", "elapsed": 1130.028325, "delta": 2.878067}}
{"target": -44.152647579011564, "params": {"C": 2917.5923092595754, "gamma": 0.17266299509266725}, "datetime": {"datetime": "2021-09-29 17:43:10", "elapsed": 1133.055137, "delta": 3.026812}}
{"target": -42.52434979717819, "params": {"C": 1282.5602444012723, "gamma": 0.009012491397003764}, "datetime": {"datetime": "2021-09-29 17:43:15", "elapsed": 1137.801712, "delta": 4.746575}}
{"target": -41.76627804679761, "params": {"C": 1848.5241200273585, "gamma": 0.08659057256932289}, "datetime": {"datetime": "2021-09-29 17:43:18", "elapsed": 1141.044454, "delta": 3.242742}}
{"target": -41.28582785929408, "params": {"C": 2287.1211977197, "gamma": 0.016549449401421557}, "datetime": {"datetime": "2021-09-29 17:43:23", "elapsed": 1146.14635, "delta": 5.101896}}
{"target": -41.32407516713405, "params": {"C": 3203.191610298302, "gamma": 0.05723553016421218}, "datetime": {"datetime": "2021-09-29 18:18:44", "elapsed": 0.0, "delta": 0.0}}
{"target": -40.864787737171504, "params": {"C": 2163.6189556517775, "gamma": 0.04184455320541772}, "datetime": {"datetime": "2021-09-29 18:18:44", "elapsed": 0.165, "delta": 0.165}}
{"target": -42.26797045096903, "params": {"C": 4571.787817390619, "gamma": 0.07191086093680817}, "datetime": {"datetime": "2021-09-29 18:18:44", "elapsed": 0.338042, "delta": 0.173042}}
{"target": -41.48924836697584, "params": {"C": 1502.341241855345, "gamma": 0.018164944494778568}, "datetime": {"datetime": "2021-09-29 18:18:44", "elapsed": 0.513998, "delta": 0.175956}}
{"target": -41.11985784611494, "params": {"C": 1205.8688132033194, "gamma": 0.03638316780474964}, "datetime": {"datetime": "2021-09-29 18:18:44", "elapsed": 0.710999, "delta": 0.197001}}
{"target": -41.1960731197027, "params": {"C": 2162.569729669627, "gamma": 0.06054472667256044}, "datetime": {"datetime": "2021-09-29 18:18:45", "elapsed": 0.924999, "delta": 0.214}}
{"target": -40.94010251356507, "params": {"C": 2165.2743431942695, "gamma": 0.04768461036666988}, "datetime": {"datetime": "2021-09-29 18:18:45", "elapsed": 1.153737, "delta": 0.228738}}
{"target": -41.312714483905935, "params": {"C": 1209.689715795832, "gamma": 0.026491934062225025}, "datetime": {"datetime": "2021-09-29 18:18:45", "elapsed": 1.421538, "delta": 0.267801}}
{"target": -41.451130903179696, "params": {"C": 1202.405243355313, "gamma": 0.07261672325053514}, "datetime": {"datetime": "2021-09-29 18:18:45", "elapsed": 1.690534, "delta": 0.268996}}
{"target": -41.05571566088282, "params": {"C": 2169.1066753954433, "gamma": 0.05404711137446881}, "datetime": {"datetime": "2021-09-29 18:18:46", "elapsed": 1.916937, "delta": 0.226403}}
{"target": -41.09398890446264, "params": {"C": 2171.958737697866, "gamma": 0.055882180692911856}, "datetime": {"datetime": "2021-09-29 18:18:46", "elapsed": 2.185815, "delta": 0.268878}}
{"target": -41.55560153810108, "params": {"C": 2175.761396620053, "gamma": 0.07494473467199608}, "datetime": {"datetime": "2021-09-29 18:18:46", "elapsed": 2.44814, "delta": 0.262325}}
{"target": -42.47898341867865, "params": {"C": 4765.787898131997, "gamma": 0.07540269288569054}, "datetime": {"datetime": "2021-09-29 18:18:46", "elapsed": 2.688321, "delta": 0.240181}}
{"target": -41.545558351411294, "params": {"C": 3196.6670805214235, "gamma": 0.06445064517032277}, "datetime": {"datetime": "2021-09-29 18:18:47", "elapsed": 2.935657, "delta": 0.247336}}
{"target": -42.51671444016056, "params": {"C": 7753.989512872878, "gamma": 0.05723553016421218}, "datetime": {"datetime": "2021-09-29 18:18:59", "elapsed": 0.0, "delta": 0.0}}
{"target": -41.441991390291555, "params": {"C": 6454.523694564721, "gamma": 0.04184455320541772}, "datetime": {"datetime": "2021-09-29 18:18:59", "elapsed": 0.15298, "delta": 0.15298}}
{"target": -43.84453505096554, "params": {"C": 9464.734771738273, "gamma": 0.07191086093680817}, "datetime": {"datetime": "2021-09-29 18:18:59", "elapsed": 0.338052, "delta": 0.185072}}
{"target": -40.95746761596521, "params": {"C": 5627.926552319182, "gamma": 0.018164944494778568}, "datetime": {"datetime": "2021-09-29 18:18:59", "elapsed": 0.514316, "delta": 0.176264}}
{"target": -41.05209184361122, "params": {"C": 5257.3360165041495, "gamma": 0.03638316780474964}, "datetime": {"datetime": "2021-09-29 18:18:59", "elapsed": 0.709801, "delta": 0.195485}}
{"target": -42.614666923118314, "params": {"C": 5823.137184966699, "gamma": 0.06998562524437511}, "datetime": {"datetime": "2021-09-29 18:19:00", "elapsed": 1.030486, "delta": 0.320685}}
{"target": -42.96943274418045, "params": {"C": 5629.308612904074, "gamma": 0.07936127227763687}, "datetime": {"datetime": "2021-09-29 18:19:00", "elapsed": 1.247047, "delta": 0.216561}}
{"target": -41.185435429354975, "params": {"C": 7357.215352077398, "gamma": 0.012718788737310418}, "datetime": {"datetime": "2021-09-29 18:19:00", "elapsed": 1.480648, "delta": 0.233601}}
{"target": -40.928601427344525, "params": {"C": 5257.471646261137, "gamma": 0.019252967562384163}, "datetime": {"datetime": "2021-09-29 18:19:01", "elapsed": 1.757641, "delta": 0.276993}}
{"target": -42.15874604771683, "params": {"C": 5627.089802659039, "gamma": 0.06144569177953868}, "datetime": {"datetime": "2021-09-29 18:19:01", "elapsed": 1.987645, "delta": 0.230004}}
{"target": -40.922003905138155, "params": {"C": 7358.058940026018, "gamma": 0.021960553169965487}, "datetime": {"datetime": "2021-09-29 18:19:01", "elapsed": 2.292032, "delta": 0.304387}}
{"target": -42.04906872478037, "params": {"C": 5258.590404864266, "gamma": 0.004483483111460618}, "datetime": {"datetime": "2021-09-29 18:19:01", "elapsed": 2.558731, "delta": 0.266699}}
{"target": -41.13981699982438, "params": {"C": 7358.761110167992, "gamma": 0.03164921721551175}, "datetime": {"datetime": "2021-09-29 18:19:02", "elapsed": 2.826731, "delta": 0.268}}
{"target": -41.12719027174905, "params": {"C": 7360.083208622767, "gamma": 0.031302982126146475}, "datetime": {"datetime": "2021-09-29 18:19:02", "elapsed": 3.075978, "delta": 0.249247}}
{"target": -42.17208079971458, "params": {"C": 7361.156556603271, "gamma": 0.05271453351748416}, "datetime": {"datetime": "2021-09-29 18:19:02", "elapsed": 3.337988, "delta": 0.26201}}
{"target": -40.93097149918397, "params": {"C": 7355.985052083385, "gamma": 0.023432088035277174}, "datetime": {"datetime": "2021-09-29 18:19:02", "elapsed": 3.576405, "delta": 0.238417}}
{"target": -42.291898085381376, "params": {"C": 7354.579528232762, "gamma": 0.0024693204551730383}, "datetime": {"datetime": "2021-09-29 18:19:03", "elapsed": 3.888083, "delta": 0.311678}}
{"target": -42.177758946870114, "params": {"C": 6453.365337688719, "gamma": 0.0570936545177661}, "datetime": {"datetime": "2021-09-29 18:19:03", "elapsed": 4.13811, "delta": 0.250027}}
{"target": -40.99476163161799, "params": {"C": 6455.447738979366, "gamma": 0.01685154030561406}, "datetime": {"datetime": "2021-09-29 18:19:03", "elapsed": 4.402936, "delta": 0.264826}}
{"target": -41.08068448578591, "params": {"C": 6456.431404783817, "gamma": 0.014846040816030566}, "datetime": {"datetime": "2021-09-29 18:19:03", "elapsed": 4.660788, "delta": 0.257852}}
{"target": -41.02234561466982, "params": {"C": 6457.40395203257, "gamma": 0.016131824445482404}, "datetime": {"datetime": "2021-09-29 18:19:04", "elapsed": 4.955669, "delta": 0.294881}}
{"target": -42.060698610162305, "params": {"C": 6458.2522100748665, "gamma": 0.054725436903783835}, "datetime": {"datetime": "2021-09-29 18:19:04", "elapsed": 5.211074, "delta": 0.255405}}
{"target": -42.693667901758744, "params": {"C": 6627.359824987312, "gamma": 0.0663450823875302}, "datetime": {"datetime": "2021-09-29 18:19:04", "elapsed": 5.489094, "delta": 0.27802}}
{"target": -41.182916244996456, "params": {"C": 5544.105075611494, "gamma": 0.013406849991075406}, "datetime": {"datetime": "2021-09-29 18:19:05", "elapsed": 5.771953, "delta": 0.282859}}
{"target": -40.87839937003144, "params": {"C": 5545.240652778355, "gamma": 0.027161365443397985}, "datetime": {"datetime": "2021-09-29 18:19:05", "elapsed": 6.050765, "delta": 0.278812}}
{"target": -40.867841333461726, "params": {"C": 5546.457306951594, "gamma": 0.02588128493749079}, "datetime": {"datetime": "2021-09-29 18:19:05", "elapsed": 6.327464, "delta": 0.276699}}
{"target": -41.64168716769675, "params": {"C": 5547.660346563606, "gamma": 0.05043130736351656}, "datetime": {"datetime": "2021-09-29 18:19:05", "elapsed": 6.607808, "delta": 0.280344}}
{"target": -42.59764360421983, "params": {"C": 5543.081413277873, "gamma": 0.07168484587050657}, "datetime": {"datetime": "2021-09-29 18:19:06", "elapsed": 6.872113, "delta": 0.264305}}
