{"target": -41.9498355772106, "params": {"C": 8856.321552207592, "gamma": 0.00460405972128548}, "datetime": {"datetime": "2021-09-29 18:20:29", "elapsed": 1.977203, "delta": 0.465317}}
{"target": -41.701433142848, "params": {"C": 5570.420709253372, "gamma": 0.006524476931437014}, "datetime": {"datetime": "2021-09-29 18:20:29", "elapsed": 2.287822, "delta": 0.310619}}
{"target": -43.20148121768497, "params": {"C": 5845.848558614702, "gamma": 0.02942121704463419}, "datetime": {"datetime": "2021-09-29 18:20:30", "elapsed": 2.609984, "delta": 0.322162}}
{"target": -41.864412477790665, "params": {"C": 9510.4920985443, "gamma": 0.0033788623806250196}, "datetime": {"datetime": "2021-09-29 18:20:30", "elapsed": 2.854991, "delta": 0.245007}}
{"target": -42.613508999795314, "params": {"C": 9173.934858477875, "gamma": 0.011892246413166864}, "datetime": {"datetime": "2021-09-29 18:20:30", "elapsed": 3.118987, "delta": 0.263996}}
{"target": -42.30971982323125, "params": {"C": 5845.439216950612, "gamma": 0.014586944911789995}, "datetime": {"datetime": "2021-09-29 18:20:30", "elapsed": 3.406988, "delta": 0.288001}}
{"target": -43.119154880885034, "params": {"C": 7231.4126205835455, "gamma": 0.022764310856092478}, "datetime": {"datetime": "2021-09-29 18:20:31", "elapsed": 3.768986, "delta": 0.361998}}
{"target": -42.888547599346154, "params": {"C": 5382.572581862595, "gamma": 0.025839518954908124}, "datetime": {"datetime": "2021-09-29 18:20:31", "elapsed": 4.046985, "delta": 0.277999}}
{"target": -41.78288404220904, "params": {"C": 6801.287887143539, "gamma": 0.005459210790191454}, "datetime": {"datetime": "2021-09-29 18:20:31", "elapsed": 4.322986, "delta": 0.276001}}
{"target": -42.75503606772861, "params": {"C": 6673.466581988807, "gamma": 0.018921016473770595}, "datetime": {"datetime": "2021-09-29 18:20:32", "elapsed": 4.582197, "delta": 0.259211}}
{"target": -44.069908001022654, "params": {"C": 9836.698924703709, "gamma": 0.029065660743512148}, "datetime": {"datetime": "2021-09-29 18:20:32", "elapsed": 4.913198, "delta": 0.331001}}
{"target": -42.16988667165016, "params": {"C": 8856.457083542173, "gamma": 0.006967263778124676}, "datetime": {"datetime": "2021-09-29 18:20:32", "elapsed": 5.2482, "delta": 0.335002}}
{"target": -42.172510155250336, "params": {"C": 8856.116953907755, "gamma": 0.006998898891071471}, "datetime": {"datetime": "2021-09-29 18:20:33", "elapsed": 5.595857, "delta": 0.347657}}
{"target": -41.49075563534391, "params": {"C": 5186.858679588263, "gamma": 0.003935361608566728}, "datetime": {"datetime": "2021-09-29 18:20:33", "elapsed": 5.851864, "delta": 0.256007}}
{"target": -42.4634034708089, "params": {"C": 5186.669405750399, "gamma": 0.019138207854678173}, "datetime": {"datetime": "2021-09-29 18:20:33", "elapsed": 6.164862, "delta": 0.312998}}
{"target": -42.82677129607191, "params": {"C": 5186.9744098046585, "gamma": 0.025606158877926086}, "datetime": {"datetime": "2021-09-29 18:20:33", "elapsed": 6.469856, "delta": 0.304994}}
{"target": -43.18879225656618, "params": {"C": 6435.6072159457535, "gamma": 0.02665984429423869}, "datetime": {"datetime": "2021-09-29 18:20:34", "elapsed": 6.755019, "delta": 0.285163}}
{"target": -42.639363167514546, "params": {"C": 6605.741859715031, "gamma": 0.01739475771744329}, "datetime": {"datetime": "2021-09-29 18:20:34", "elapsed": 7.100017, "delta": 0.344998}}
{"target": -43.18907937115351, "params": {"C": 6766.312487848575, "gamma": 0.025416117268954045}, "datetime": {"datetime": "2021-09-29 18:20:34", "elapsed": 7.404022, "delta": 0.304005}}
{"target": -42.08133877372561, "params": {"C": 5570.524194011678, "gamma": 0.011933861893922506}, "datetime": {"datetime": "2021-09-29 18:20:35", "elapsed": 7.720018, "delta": 0.315996}}
{"target": -42.41221330479944, "params": {"C": 9510.451516716077, "gamma": 0.008978000683655434}, "datetime": {"datetime": "2021-09-29 18:20:35", "elapsed": 8.023019, "delta": 0.303001}}
{"target": -41.473112754699244, "params": {"C": 5570.425561095102, "gamma": 0.0027508929372775013}, "datetime": {"datetime": "2021-09-29 18:20:35", "elapsed": 8.353019, "delta": 0.33}}
{"target": -43.900493287262336, "params": {"C": 8856.615819950635, "gamma": 0.0294795826039301}, "datetime": {"datetime": "2021-09-29 18:20:36", "elapsed": 8.659716, "delta": 0.306697}}
{"target": -43.857744236055126, "params": {"C": 8856.29978835903, "gamma": 0.028854368374895377}, "datetime": {"datetime": "2021-09-29 18:20:36", "elapsed": 9.007716, "delta": 0.348}}
{"target": -43.11368866847923, "params": {"C": 9510.488616157283, "gamma": 0.017329845172496416}, "datetime": {"datetime": "2021-09-29 18:20:36", "elapsed": 9.410716, "delta": 0.403}}
{"target": -42.81893901536552, "params": {"C": 8856.105344598556, "gamma": 0.01489794389960766}, "datetime": {"datetime": "2021-09-29 18:20:37", "elapsed": 9.720717, "delta": 0.310001}}
{"target": -42.23009921142791, "params": {"C": 8856.321262968468, "gamma": 0.007691394896014833}, "datetime": {"datetime": "2021-09-29 18:20:37", "elapsed": 10.060712, "delta": 0.339995}}
{"target": -41.805943751025815, "params": {"C": 5570.509276077326, "gamma": 0.0079825786266989}, "datetime": {"datetime": "2021-09-29 18:20:37", "elapsed": 10.393726, "delta": 0.333014}}
{"target": -41.47888290789204, "params": {"C": 5914.593821377175, "gamma": 0.002469726522425133}, "datetime": {"datetime": "2021-09-29 18:20:38", "elapsed": 10.73156, "delta": 0.337834}}
{"target": -42.52441305252334, "params": {"C": 5186.850142657243, "gamma": 0.02018101987391592}, "datetime": {"datetime": "2021-09-29 18:20:38", "elapsed": 11.130559, "delta": 0.398999}}
{"target": -41.92904306216949, "params": {"C": 5845.567679931163, "gamma": 0.009105987172475575}, "datetime": {"datetime": "2021-09-29 18:20:38", "elapsed": 11.512558, "delta": 0.381999}}
{"target": -43.083346764349564, "params": {"C": 5914.61819663138, "gamma": 0.02698461243992898}, "datetime": {"datetime": "2021-09-29 18:20:39", "elapsed": 11.89556, "delta": 0.383002}}
{"target": -42.5958963828273, "params": {"C": 6488.169656945662, "gamma": 0.017075115295163465}, "datetime": {"datetime": "2021-09-29 18:20:39", "elapsed": 12.20456, "delta": 0.309}}
{"target": -43.19428570607363, "params": {"C": 5845.48381190911, "gamma": 0.029291700214891914}, "datetime": {"datetime": "2021-09-29 18:20:40", "elapsed": 12.585414, "delta": 0.380854}}
{"target": -41.606381915934605, "params": {"C": 5914.606617318423, "gamma": 0.004626466152264775}, "datetime": {"datetime": "2021-09-29 18:20:40", "elapsed": 12.921414, "delta": 0.336}}
{"target": -43.684938467914996, "params": {"C": 8856.483643853904, "gamma": 0.02635459594560392}, "datetime": {"datetime": "2021-09-29 18:20:40", "elapsed": 13.292412, "delta": 0.370998}}
{"target": -43.08134837520733, "params": {"C": 5360.198602573686, "gamma": 0.029553812055006866}, "datetime": {"datetime": "2021-09-29 18:20:41", "elapsed": 13.649414, "delta": 0.357002}}
{"target": -42.91726600934781, "params": {"C": 7823.366218447005, "gamma": 0.018262599358303058}, "datetime": {"datetime": "2021-09-29 18:20:41", "elapsed": 14.113417, "delta": 0.464003}}
{"target": -42.02107266518468, "params": {"C": 9577.109347934715, "gamma": 0.00450927776246804}, "datetime": {"datetime": "2021-09-29 18:20:41", "elapsed": 14.490415, "delta": 0.376998}}
{"target": -42.818492162418, "params": {"C": 7862.396358899292, "gamma": 0.016840855391487303}, "datetime": {"datetime": "2021-09-29 18:20:42", "elapsed": 14.888045, "delta": 0.39763}}
{"target": -41.82010486174864, "params": {"C": 5186.868077601032, "gamma": 0.009055658027483194}, "datetime": {"datetime": "2021-09-29 18:20:42", "elapsed": 15.348042, "delta": 0.459997}}
{"target": -42.366472021497565, "params": {"C": 6327.850779249203, "gamma": 0.014159167456467392}, "datetime": {"datetime": "2021-09-29 18:20:43", "elapsed": 15.700625, "delta": 0.352583}}
{"target": -41.63903967404672, "params": {"C": 9510.491657057284, "gamma": 0.0022083036948112996}, "datetime": {"datetime": "2021-09-29 18:20:43", "elapsed": 16.059623, "delta": 0.358998}}
{"target": -43.37451159619804, "params": {"C": 7799.707286495306, "gamma": 0.024891013883498302}, "datetime": {"datetime": "2021-09-29 18:20:43", "elapsed": 16.539622, "delta": 0.479999}}
{"target": -42.19753517722873, "params": {"C": 5570.485796697104, "gamma": 0.013662233631423073}, "datetime": {"datetime": "2021-09-29 18:20:44", "elapsed": 17.017846, "delta": 0.478224}}
{"target": -43.68126283116237, "params": {"C": 8856.42666238338, "gamma": 0.02630222355669242}, "datetime": {"datetime": "2021-09-29 18:20:44", "elapsed": 17.435845, "delta": 0.417999}}
{"target": -43.84107103084703, "params": {"C": 8999.092235963199, "gamma": 0.028189094972523636}, "datetime": {"datetime": "2021-09-29 18:20:45", "elapsed": 17.839846, "delta": 0.404001}}
{"target": -42.094107039718295, "params": {"C": 7334.231757449564, "gamma": 0.008410381839646926}, "datetime": {"datetime": "2021-09-29 18:20:45", "elapsed": 18.306848, "delta": 0.467002}}
{"target": -41.70420065804548, "params": {"C": 5845.542132308533, "gamma": 0.0060457107231399985}, "datetime": {"datetime": "2021-09-29 18:20:46", "elapsed": 18.694259, "delta": 0.387411}}
{"target": -42.12684833809392, "params": {"C": 9414.626684298157, "gamma": 0.005736336615740767}, "datetime": {"datetime": "2021-09-29 18:20:46", "elapsed": 19.239254, "delta": 0.544995}}
{"target": -43.41292468603886, "params": {"C": 8856.707486913334, "gamma": 0.022551560938004693}, "datetime": {"datetime": "2021-09-29 18:20:47", "elapsed": 19.730257, "delta": 0.491003}}
{"target": -42.11779328263135, "params": {"C": 5845.370396484033, "gamma": 0.011776131139334216}, "datetime": {"datetime": "2021-09-29 18:20:47", "elapsed": 20.173256, "delta": 0.442999}}
{"target": -42.25319717093246, "params": {"C": 6327.808494959148, "gamma": 0.012552382556335256}, "datetime": {"datetime": "2021-09-29 18:20:48", "elapsed": 20.623241, "delta": 0.449985}}
{"target": -43.15190414790179, "params": {"C": 8856.350468584349, "gamma": 0.01908466536966919}, "datetime": {"datetime": "2021-09-29 18:20:48", "elapsed": 21.001241, "delta": 0.378}}
{"target": -42.425963747522516, "params": {"C": 7334.177484046153, "gamma": 0.012736614934782928}, "datetime": {"datetime": "2021-09-29 18:20:48", "elapsed": 21.400238, "delta": 0.398997}}
{"target": -41.64873175739911, "params": {"C": 7334.203600717043, "gamma": 0.0010684196756777149}, "datetime": {"datetime": "2021-09-29 18:20:49", "elapsed": 21.839242, "delta": 0.439004}}
{"target": -41.484645989408094, "params": {"C": 8856.330352600016, "gamma": 0.0013927294400421163}, "datetime": {"datetime": "2021-09-29 18:20:49", "elapsed": 22.275244, "delta": 0.436002}}
{"target": -42.794249276494035, "params": {"C": 6801.31357246011, "gamma": 0.019141769672260733}, "datetime": {"datetime": "2021-09-29 18:20:50", "elapsed": 22.720527, "delta": 0.445283}}
{"target": -41.85046731078627, "params": {"C": 9577.128733643505, "gamma": 0.0032494337873005853}, "datetime": {"datetime": "2021-09-29 18:20:50", "elapsed": 23.157528, "delta": 0.437001}}
{"target": -42.79415283751004, "params": {"C": 6801.269934541596, "gamma": 0.019140458652222588}, "datetime": {"datetime": "2021-09-29 18:20:51", "elapsed": 23.669526, "delta": 0.511998}}
{"target": -41.750479804823215, "params": {"C": 5570.4015796079, "gamma": 0.0012194828941414428}, "datetime": {"datetime": "2021-09-29 18:20:51", "elapsed": 24.123525, "delta": 0.453999}}
{"target": -42.098276944678425, "params": {"C": 5570.408150814559, "gamma": 0.012183613177941074}, "datetime": {"datetime": "2021-09-29 18:20:52", "elapsed": 24.68441, "delta": 0.560885}}
{"target": -42.50409466361578, "params": {"C": 7334.254722373993, "gamma": 0.013774835844022369}, "datetime": {"datetime": "2021-09-29 18:20:52", "elapsed": 25.159409, "delta": 0.474999}}
{"target": -42.21178099490464, "params": {"C": 9577.044366983117, "gamma": 0.006482335282322788}, "datetime": {"datetime": "2021-09-29 18:20:53", "elapsed": 25.623033, "delta": 0.463624}}
{"target": -41.97155890235461, "params": {"C": 5625.107392028528, "gamma": 0.010206102993156534}, "datetime": {"datetime": "2021-09-29 18:20:53", "elapsed": 26.029058, "delta": 0.406025}}
{"target": -42.143410092250896, "params": {"C": 9577.066646624815, "gamma": 0.005716124258881831}, "datetime": {"datetime": "2021-09-29 18:20:53", "elapsed": 26.550041, "delta": 0.520983}}
{"target": -42.877935672223686, "params": {"C": 5625.074019417585, "gamma": 0.024582237978209433}, "datetime": {"datetime": "2021-09-29 18:20:54", "elapsed": 27.076643, "delta": 0.526602}}
{"target": -42.618095466930235, "params": {"C": 5914.569849080373, "gamma": 0.019132513712490258}, "datetime": {"datetime": "2021-09-29 18:20:55", "elapsed": 27.611643, "delta": 0.535}}
{"target": -41.9641969105925, "params": {"C": 5914.5883896275855, "gamma": 0.009444143481213321}, "datetime": {"datetime": "2021-09-29 18:20:55", "elapsed": 28.195641, "delta": 0.583998}}
{"target": -42.87622186685738, "params": {"C": 6788.637892622634, "gamma": 0.020410940947543085}, "datetime": {"datetime": "2021-09-29 18:20:56", "elapsed": 28.66286, "delta": 0.467219}}
{"target": -42.912351835071846, "params": {"C": 5845.551344370493, "gamma": 0.02427560152322913}, "datetime": {"datetime": "2021-09-29 18:20:56", "elapsed": 29.295861, "delta": 0.633001}}
{"target": -44.030964974802615, "params": {"C": 9577.10678740185, "gamma": 0.029238829080795645}, "datetime": {"datetime": "2021-09-29 18:20:57", "elapsed": 29.732858, "delta": 0.436997}}
{"target": -43.388107408416126, "params": {"C": 8856.15104711317, "gamma": 0.0222153177588975}, "datetime": {"datetime": "2021-09-29 18:20:57", "elapsed": 30.249858, "delta": 0.517}}
{"target": -41.99888846311131, "params": {"C": 5971.6662128881835, "gamma": 0.009801364610760935}, "datetime": {"datetime": "2021-09-29 18:20:58", "elapsed": 30.732063, "delta": 0.482205}}
{"target": -42.50871323875205, "params": {"C": 5186.8913150551725, "gamma": 0.01991065729860692}, "datetime": {"datetime": "2021-09-29 18:20:58", "elapsed": 31.352063, "delta": 0.62}}
{"target": -43.09993289693595, "params": {"C": 7492.505310249027, "gamma": 0.021706070807425617}, "datetime": {"datetime": "2021-09-29 18:20:59", "elapsed": 31.977062, "delta": 0.624999}}
{"target": -41.527319674024646, "params": {"C": 5186.834478168149, "gamma": 0.0046379838836143085}, "datetime": {"datetime": "2021-09-29 18:20:59", "elapsed": 32.504072, "delta": 0.52701}}
{"target": -41.83286446592315, "params": {"C": 5186.806255536133, "gamma": 0.00924356141825489}, "datetime": {"datetime": "2021-09-29 18:21:00", "elapsed": 33.117717, "delta": 0.613645}}
{"target": -41.55951445868729, "params": {"C": 9455.101997822032, "gamma": 0.0018690896998363286}, "datetime": {"datetime": "2021-09-29 18:21:00", "elapsed": 33.549714, "delta": 0.431997}}
{"target": -42.133819967435045, "params": {"C": 9418.162750046871, "gamma": 0.005807749063056523}, "datetime": {"datetime": "2021-09-29 18:21:01", "elapsed": 34.056733, "delta": 0.507019}}
{"target": -43.38440346495982, "params": {"C": 9418.114824732553, "gamma": 0.020891523606524964}, "datetime": {"datetime": "2021-09-29 18:21:02", "elapsed": 34.605713, "delta": 0.54898}}
{"target": -43.01111612997323, "params": {"C": 9577.188696761747, "gamma": 0.015981428245201146}, "datetime": {"datetime": "2021-09-29 18:21:02", "elapsed": 35.104843, "delta": 0.49913}}
{"target": -42.82165126589984, "params": {"C": 9418.205714727566, "gamma": 0.013993526741716403}, "datetime": {"datetime": "2021-09-29 18:21:03", "elapsed": 35.674474, "delta": 0.569631}}
{"target": -43.14970865896521, "params": {"C": 9267.490818270406, "gamma": 0.018226113702300543}, "datetime": {"datetime": "2021-09-29 18:21:03", "elapsed": 36.128471, "delta": 0.453997}}
{"target": -44.017326825892226, "params": {"C": 9282.851691990498, "gamma": 0.029891635094253736}, "datetime": {"datetime": "2021-09-29 18:21:03", "elapsed": 36.542469, "delta": 0.413998}}
{"target": -41.53292392722957, "params": {"C": 5203.009600968726, "gamma": 0.004705437452860225}, "datetime": {"datetime": "2021-09-29 18:21:04", "elapsed": 36.978712, "delta": 0.436243}}
{"target": -41.917623860877235, "params": {"C": 5971.777499005585, "gamma": 0.008678988530970015}, "datetime": {"datetime": "2021-09-29 18:21:04", "elapsed": 37.45672, "delta": 0.478008}}
{"target": -43.04514292781158, "params": {"C": 5186.817941470798, "gamma": 0.029757011959798803}, "datetime": {"datetime": "2021-09-29 18:21:05", "elapsed": 38.247348, "delta": 0.790628}}
{"target": -42.07151642473936, "params": {"C": 5845.526126095441, "gamma": 0.011112915404615311}, "datetime": {"datetime": "2021-09-29 18:21:06", "elapsed": 38.990015, "delta": 0.742667}}
{"target": -42.296790594513915, "params": {"C": 5570.541772590793, "gamma": 0.015172600508574923}, "datetime": {"datetime": "2021-09-29 18:21:06", "elapsed": 39.511015, "delta": 0.521}}
{"target": -42.29733294442238, "params": {"C": 8818.943370225037, "gamma": 0.008569129256935157}, "datetime": {"datetime": "2021-09-29 18:21:07", "elapsed": 40.077019, "delta": 0.566004}}
{"target": -43.26573534359464, "params": {"C": 6917.828553909563, "gamma": 0.026117597277149227}, "datetime": {"datetime": "2021-09-29 18:21:08", "elapsed": 40.58847, "delta": 0.511451}}
{"target": -41.48574091190902, "params": {"C": 8856.57660259917, "gamma": 0.0014757561740595354}, "datetime": {"datetime": "2021-09-29 18:21:08", "elapsed": 41.186468, "delta": 0.597998}}
{"target": -42.043817189462715, "params": {"C": 5570.445920012124, "gamma": 0.011384322264421324}, "datetime": {"datetime": "2021-09-29 18:21:09", "elapsed": 41.84747, "delta": 0.661002}}
{"target": -42.41186470345223, "params": {"C": 5570.282177134552, "gamma": 0.016969575563138}, "datetime": {"datetime": "2021-09-29 18:21:09", "elapsed": 42.450464, "delta": 0.602994}}
{"target": -43.1660815267222, "params": {"C": 5971.658046158388, "gamma": 0.0282079225701879}, "datetime": {"datetime": "2021-09-29 18:21:10", "elapsed": 43.232633, "delta": 0.782169}}
{"target": -42.59710911894226, "params": {"C": 5203.055594751108, "gamma": 0.021381291629684017}, "datetime": {"datetime": "2021-09-29 18:21:11", "elapsed": 43.950633, "delta": 0.718}}
{"target": -41.573635548110595, "params": {"C": 5428.956043183952, "gamma": 0.0016353071302326193}, "datetime": {"datetime": "2021-09-29 18:21:11", "elapsed": 44.536632, "delta": 0.585999}}
{"target": -42.413189661060166, "params": {"C": 5845.353025412527, "gamma": 0.016149913353433264}, "datetime": {"datetime": "2021-09-29 18:21:12", "elapsed": 45.176048, "delta": 0.639416}}
{"target": -43.34240442616556, "params": {"C": 7334.203738216205, "gamma": 0.02589140449569518}, "datetime": {"datetime": "2021-09-29 18:21:13", "elapsed": 45.793668, "delta": 0.61762}}
{"target": -42.0793498576165, "params": {"C": 5202.934850448554, "gamma": 0.012899469978099942}, "datetime": {"datetime": "2021-09-29 18:21:13", "elapsed": 46.386665, "delta": 0.592997}}
{"target": -43.861639995873354, "params": {"C": 9577.022481051534, "gamma": 0.026884184068492873}, "datetime": {"datetime": "2021-09-29 18:21:14", "elapsed": 47.008877, "delta": 0.622212}}
{"target": -42.353988386937765, "params": {"C": 5570.433363384132, "gamma": 0.016059348732489556}, "datetime": {"datetime": "2021-09-29 18:21:15", "elapsed": 47.693877, "delta": 0.685}}
{"target": -42.98477558595508, "params": {"C": 5428.941694611065, "gamma": 0.02739900551023198}, "datetime": {"datetime": "2021-09-29 18:21:15", "elapsed": 48.237879, "delta": 0.544002}}
{"target": -42.172561685155905, "params": {"C": 8700.303843939048, "gamma": 0.007221935665679943}, "datetime": {"datetime": "2021-09-29 18:21:16", "elapsed": 48.903042, "delta": 0.665163}}
{"target": -42.83267759580792, "params": {"C": 5202.946495390263, "gamma": 0.0256409254358304}, "datetime": {"datetime": "2021-09-29 18:21:16", "elapsed": 49.493028, "delta": 0.589986}}
{"target": -42.674643331632495, "params": {"C": 6320.57227423003, "gamma": 0.01874006946282488}, "datetime": {"datetime": "2021-09-29 18:21:17", "elapsed": 50.043028, "delta": 0.55}}
{"target": -42.35389581009015, "params": {"C": 9826.989730300324, "gamma": 0.007839723112645872}, "datetime": {"datetime": "2021-09-29 18:21:17", "elapsed": 50.564681, "delta": 0.521653}}
{"target": -42.058016235346855, "params": {"C": 5428.956313579175, "gamma": 0.011957332862499302}, "datetime": {"datetime": "2021-09-29 18:21:18", "elapsed": 51.182545, "delta": 0.617864}}
{"target": -43.4418717406707, "params": {"C": 9765.04192624642, "gamma": 0.020898378675130225}, "datetime": {"datetime": "2021-09-29 18:21:19", "elapsed": 51.764545, "delta": 0.582}}
{"target": -42.148024978048085, "params": {"C": 8856.67142009535, "gamma": 0.0067091024835017055}, "datetime": {"datetime": "2021-09-29 18:21:19", "elapsed": 52.491541, "delta": 0.726996}}
{"target": -41.463065310628615, "params": {"C": 5202.926759397653, "gamma": 0.0029280073881882895}, "datetime": {"datetime": "2021-09-29 18:21:20", "elapsed": 53.096854, "delta": 0.605313}}
{"target": -42.26476221253312, "params": {"C": 6712.095241986066, "gamma": 0.011857147462324191}, "datetime": {"datetime": "2021-09-29 18:21:21", "elapsed": 53.617852, "delta": 0.520998}}
{"target": -42.89483088929707, "params": {"C": 7660.46593755421, "gamma": 0.018341059371369005}, "datetime": {"datetime": "2021-09-29 18:21:21", "elapsed": 54.176847, "delta": 0.558995}}
{"target": -41.8212241140375, "params": {"C": 9455.06001445551, "gamma": 0.0031474162931946635}, "datetime": {"datetime": "2021-09-29 18:21:22", "elapsed": 54.79385, "delta": 0.617003}}
{"target": -43.546552462678235, "params": {"C": 7663.898819370417, "gamma": 0.027977992922300656}, "datetime": {"datetime": "2021-09-29 18:21:22", "elapsed": 55.415122, "delta": 0.621272}}
{"target": -42.47295619554901, "params": {"C": 7280.065053403031, "gamma": 0.013471786913771568}, "datetime": {"datetime": "2021-09-29 18:21:23", "elapsed": 55.979724, "delta": 0.564602}}
