{"target": -41.31728230232541, "params": {"C": 189.06205453098775, "gamma": 0.2625566055829784}, "datetime": {"datetime": "2021-09-28 12:15:48", "elapsed": 1699.977939, "delta": 8.455238}}
{"target": -39.478606140953346, "params": {"C": 189.04386782567929, "gamma": 0.03140637590198663}, "datetime": {"datetime": "2021-09-28 12:15:55", "elapsed": 1706.506762, "delta": 6.528823}}
{"target": -39.59648673830039, "params": {"C": 182.1548547032772, "gamma": 0.0955917325900713}, "datetime": {"datetime": "2021-09-28 12:15:58", "elapsed": 1710.039393, "delta": 3.532631}}
{"target": -40.536693400880765, "params": {"C": 188.95865250849633, "gamma": 0.012660522090320023}, "datetime": {"datetime": "2021-09-28 12:16:07", "elapsed": 1718.796817, "delta": 8.757424}}
{"target": -39.2919439441136, "params": {"C": 189.1702652907146, "gamma": 0.07218654173100743}, "datetime": {"datetime": "2021-09-28 12:16:20", "elapsed": 1731.483082, "delta": 12.686265}}
{"target": -42.64169918103556, "params": {"C": 68.63809829119015, "gamma": 0.31545634612953033}, "datetime": {"datetime": "2021-09-28 12:16:24", "elapsed": 1735.462, "delta": 3.978918}}
{"target": -39.26223997865213, "params": {"C": 189.0984947838236, "gamma": 0.044453442386936264}, "datetime": {"datetime": "2021-09-28 12:16:37", "elapsed": 1748.895754, "delta": 13.433754}}
{"target": -41.922602699635775, "params": {"C": 126.11364732354072, "gamma": 0.27463973167333094}, "datetime": {"datetime": "2021-09-28 12:16:47", "elapsed": 1759.076356, "delta": 10.180602}}
{"target": -40.83043661348802, "params": {"C": 100.64662338001273, "gamma": 0.10485153391220951}, "datetime": {"datetime": "2021-09-28 12:16:56", "elapsed": 1767.427178, "delta": 8.350822}}
{"target": -39.81926368742349, "params": {"C": 145.22630722890779, "gamma": 0.06599231069044485}, "datetime": {"datetime": "2021-09-28 12:17:05", "elapsed": 1777.081686, "delta": 9.654508}}
{"target": -40.81806663124285, "params": {"C": 145.21607614398675, "gamma": 0.1655667908789223}, "datetime": {"datetime": "2021-09-28 12:17:14", "elapsed": 1785.581284, "delta": 8.499598}}
{"target": -41.61838532556043, "params": {"C": 145.3386376261189, "gamma": 0.007255955645044303}, "datetime": {"datetime": "2021-09-28 12:17:25", "elapsed": 1797.362057, "delta": 11.780773}}
{"target": -40.142327656897464, "params": {"C": 138.90616775483966, "gamma": 0.09564136188099612}, "datetime": {"datetime": "2021-09-28 12:17:29", "elapsed": 1800.948038, "delta": 3.585981}}
{"target": -40.87818853889204, "params": {"C": 145.12285212845921, "gamma": 0.01386402209724177}, "datetime": {"datetime": "2021-09-28 12:17:36", "elapsed": 1807.870279, "delta": 6.922241}}
{"target": -41.57295517016, "params": {"C": 126.89411031380453, "gamma": 0.008926022626000807}, "datetime": {"datetime": "2021-09-28 12:17:40", "elapsed": 1811.606859, "delta": 3.73658}}
{"target": -40.26492242202057, "params": {"C": 138.7501003851309, "gamma": 0.10722832453573292}, "datetime": {"datetime": "2021-09-28 12:17:51", "elapsed": 1823.128011, "delta": 11.521152}}
{"target": -42.08446747529424, "params": {"C": 55.73750967557989, "gamma": 0.15880218669864007}, "datetime": {"datetime": "2021-09-28 12:17:55", "elapsed": 1826.79928, "delta": 3.671269}}
{"target": -42.755691830496595, "params": {"C": 70.86398675639117, "gamma": 0.3655320647521508}, "datetime": {"datetime": "2021-09-28 12:17:59", "elapsed": 1830.943745, "delta": 4.144465}}
{"target": -41.816199580603204, "params": {"C": 165.4932220259446, "gamma": 0.30834888660394644}, "datetime": {"datetime": "2021-09-28 12:18:03", "elapsed": 1835.185811, "delta": 4.242066}}
{"target": -40.31345375743967, "params": {"C": 138.6119521905125, "gamma": 0.024869494327471337}, "datetime": {"datetime": "2021-09-28 12:18:10", "elapsed": 1842.364417, "delta": 7.178606}}
{"target": -39.610821528995125, "params": {"C": 189.04735119349155, "gamma": 0.1037560256559021}, "datetime": {"datetime": "2021-09-28 12:18:21", "elapsed": 1853.367832, "delta": 11.003415}}
{"target": -42.222051650356526, "params": {"C": 153.24649984473993, "gamma": 0.3709804281229603}, "datetime": {"datetime": "2021-09-28 12:18:26", "elapsed": 1857.675192, "delta": 4.30736}}
{"target": -39.765003860054456, "params": {"C": 164.19397271684068, "gamma": 0.09111930310999614}, "datetime": {"datetime": "2021-09-28 12:18:38", "elapsed": 1869.764582, "delta": 12.08939}}
{"target": -42.23352924518524, "params": {"C": 61.19597998856335, "gamma": 0.1985872624708594}, "datetime": {"datetime": "2021-09-28 12:18:42", "elapsed": 1873.758826, "delta": 3.994244}}
{"target": -41.23839621053868, "params": {"C": 139.00417077547368, "gamma": 0.010773665369904616}, "datetime": {"datetime": "2021-09-28 12:18:49", "elapsed": 1881.004045, "delta": 7.245219}}
{"target": -41.28258792201045, "params": {"C": 138.82450857000578, "gamma": 0.010384963498808727}, "datetime": {"datetime": "2021-09-28 12:19:02", "elapsed": 1894.184942, "delta": 13.180897}}
{"target": -41.50367189204072, "params": {"C": 138.64814561038696, "gamma": 0.23116387286218681}, "datetime": {"datetime": "2021-09-28 12:19:09", "elapsed": 1900.434023, "delta": 6.249081}}
{"target": -40.88880486559377, "params": {"C": 138.45522038092872, "gamma": 0.01470035542506785}, "datetime": {"datetime": "2021-09-28 12:19:20", "elapsed": 1911.917678, "delta": 11.483655}}
{"target": -41.321336971345296, "params": {"C": 165.18134176589348, "gamma": 0.008078281460293286}, "datetime": {"datetime": "2021-09-28 12:19:35", "elapsed": 1927.022328, "delta": 15.10465}}
{"target": -39.28391892024207, "params": {"C": 190.05444881567274, "gamma": 0.041111455491429985}, "datetime": {"datetime": "2021-09-28 12:19:46", "elapsed": 1938.174608, "delta": 11.15228}}
{"target": -39.2375237630623, "params": {"C": 190.14458658859414, "gamma": 0.06524035671331622}, "datetime": {"datetime": "2021-09-28 12:19:57", "elapsed": 1948.689743, "delta": 10.515135}}
{"target": -39.507070865550695, "params": {"C": 190.01344516160825, "gamma": 0.09563572649001847}, "datetime": {"datetime": "2021-09-28 12:20:07", "elapsed": 1959.124104, "delta": 10.434361}}
{"target": -39.98117406320495, "params": {"C": 190.0671314501163, "gamma": 0.13579605327997085}, "datetime": {"datetime": "2021-09-28 12:20:18", "elapsed": 1970.134333, "delta": 11.010229}}
{"target": -39.715805990511384, "params": {"C": 190.22550248211226, "gamma": 0.11370562333295375}, "datetime": {"datetime": "2021-09-28 12:20:28", "elapsed": 1980.372748, "delta": 10.238415}}
{"target": -40.73907569855565, "params": {"C": 189.97198272362434, "gamma": 0.010752604747972046}, "datetime": {"datetime": "2021-09-28 12:20:48", "elapsed": 1999.749859, "delta": 19.377111}}
{"target": -39.38174226727851, "params": {"C": 190.3006017652759, "gamma": 0.03471955865800852}, "datetime": {"datetime": "2021-09-28 12:20:55", "elapsed": 2006.730801, "delta": 6.980942}}
{"target": -39.81783284067666, "params": {"C": 190.32977382247023, "gamma": 0.12229671528338397}, "datetime": {"datetime": "2021-09-28 12:21:03", "elapsed": 2015.295602, "delta": 8.564801}}
{"target": -41.623367319018875, "params": {"C": 143.42975867261902, "gamma": 0.007337952481211656}, "datetime": {"datetime": "2021-09-28 12:21:07", "elapsed": 2019.059972, "delta": 3.76437}}
{"target": -40.58449373220926, "params": {"C": 190.12256855864928, "gamma": 0.012107336488560577}, "datetime": {"datetime": "2021-09-28 12:21:23", "elapsed": 2034.566846, "delta": 15.506874}}
{"target": -40.180367558564754, "params": {"C": 190.41009262065228, "gamma": 0.016396370903068513}, "datetime": {"datetime": "2021-09-28 12:21:32", "elapsed": 2043.61267, "delta": 9.045824}}
{"target": -42.38141588117018, "params": {"C": 129.03771315765314, "gamma": 0.3726543192132487}, "datetime": {"datetime": "2021-09-28 12:21:35", "elapsed": 2047.286387, "delta": 3.673717}}
{"target": -40.013444649518235, "params": {"C": 190.16149844148353, "gamma": 0.1386125567553229}, "datetime": {"datetime": "2021-09-28 12:21:50", "elapsed": 2061.391509, "delta": 14.105122}}
{"target": -41.20803161297517, "params": {"C": 190.32403702608445, "gamma": 0.25069050647777785}, "datetime": {"datetime": "2021-09-28 12:21:59", "elapsed": 2070.622182, "delta": 9.230673}}
{"target": -39.77153540364306, "params": {"C": 190.50689523911964, "gamma": 0.11859854110575838}, "datetime": {"datetime": "2021-09-28 12:22:08", "elapsed": 2079.88562, "delta": 9.263438}}
{"target": -39.228998272065034, "params": {"C": 190.61252516199556, "gamma": 0.046593262432306534}, "datetime": {"datetime": "2021-09-28 12:22:17", "elapsed": 2089.267932, "delta": 9.382312}}
{"target": -39.86340541905489, "params": {"C": 190.6710941979668, "gamma": 0.12639420855520062}, "datetime": {"datetime": "2021-09-28 12:22:30", "elapsed": 2101.497087, "delta": 12.229155}}
{"target": -40.114202166279846, "params": {"C": 190.5779348674226, "gamma": 0.14716218556455846}, "datetime": {"datetime": "2021-09-28 12:22:39", "elapsed": 2111.300016, "delta": 9.802929}}
{"target": -39.38493928415943, "params": {"C": 190.7694275033944, "gamma": 0.034303705552449555}, "datetime": {"datetime": "2021-09-28 12:22:52", "elapsed": 2123.512263, "delta": 12.212247}}
{"target": -39.33946355164347, "params": {"C": 190.71935977193706, "gamma": 0.036714889394312666}, "datetime": {"datetime": "2021-09-28 12:23:01", "elapsed": 2133.202084, "delta": 9.689821}}
{"target": -39.754311360324046, "params": {"C": 190.79465655480362, "gamma": 0.11741997035625286}, "datetime": {"datetime": "2021-09-28 12:23:10", "elapsed": 2142.248993, "delta": 9.046909}}
{"target": -40.00896473759429, "params": {"C": 190.88041128717884, "gamma": 0.018628476644186497}, "datetime": {"datetime": "2021-09-28 12:23:19", "elapsed": 2151.260147, "delta": 9.011154}}
{"target": -40.2080852217874, "params": {"C": 190.8968834951835, "gamma": 0.15526391266408054}, "datetime": {"datetime": "2021-09-28 12:23:29", "elapsed": 2160.53406, "delta": 9.273913}}
{"target": -39.878209288117695, "params": {"C": 190.23405349636099, "gamma": 0.021003239360226248}, "datetime": {"datetime": "2021-09-28 12:23:38", "elapsed": 2170.364624, "delta": 9.830564}}
{"target": -40.54499954022566, "params": {"C": 190.49685566480534, "gamma": 0.0124459687559054}, "datetime": {"datetime": "2021-09-28 12:23:50", "elapsed": 2181.813174, "delta": 11.44855}}
{"target": -41.565531294961275, "params": {"C": 190.66678952168073, "gamma": 0.005538791124135896}, "datetime": {"datetime": "2021-09-28 12:23:58", "elapsed": 2190.081762, "delta": 8.268588}}
{"target": -39.82497713748054, "params": {"C": 143.03807078878242, "gamma": 0.05845962106634121}, "datetime": {"datetime": "2021-09-28 12:24:02", "elapsed": 2193.53407, "delta": 3.452308}}
{"target": -40.968139373691926, "params": {"C": 142.93564673143106, "gamma": 0.013110213642512317}, "datetime": {"datetime": "2021-09-28 12:24:14", "elapsed": 2206.277864, "delta": 12.743794}}
{"target": -39.28095796886837, "params": {"C": 190.56989606021259, "gamma": 0.07294086864041707}, "datetime": {"datetime": "2021-09-28 12:24:22", "elapsed": 2213.860771, "delta": 7.582907}}
{"target": -40.8827740595107, "params": {"C": 143.07535241327002, "gamma": 0.1691960539060058}, "datetime": {"datetime": "2021-09-28 12:24:30", "elapsed": 2222.272036, "delta": 8.411265}}
{"target": -39.4159237733061, "params": {"C": 190.74368112265063, "gamma": 0.08797622947812536}, "datetime": {"datetime": "2021-09-28 12:24:36", "elapsed": 2228.373222, "delta": 6.101186}}
{"target": -40.27075909274821, "params": {"C": 143.13014313893422, "gamma": 0.024334884792305885}, "datetime": {"datetime": "2021-09-28 12:24:44", "elapsed": 2236.334094, "delta": 7.960872}}
{"target": -41.03512581168266, "params": {"C": 190.7994971888851, "gamma": 0.23222537857659556}, "datetime": {"datetime": "2021-09-28 12:24:52", "elapsed": 2244.365423, "delta": 8.031329}}
{"target": -41.62821532263278, "params": {"C": 68.4043938977016, "gamma": 0.12964470692765565}, "datetime": {"datetime": "2021-09-28 12:24:56", "elapsed": 2247.741431, "delta": 3.376008}}
{"target": -39.39775470139936, "params": {"C": 191.0584834977222, "gamma": 0.08656338698575212}, "datetime": {"datetime": "2021-09-28 12:25:04", "elapsed": 2255.588996, "delta": 7.847565}}
{"target": -39.33924939598328, "params": {"C": 191.1621739949659, "gamma": 0.0806888621446919}, "datetime": {"datetime": "2021-09-28 12:25:09", "elapsed": 2260.833418, "delta": 5.244422}}
{"target": -40.37301442786822, "params": {"C": 191.0397889100965, "gamma": 0.01412051968568331}, "datetime": {"datetime": "2021-09-28 12:25:18", "elapsed": 2269.866798, "delta": 9.03338}}
{"target": -38.39572595017814, "params": {"C": 420.3191610298302, "gamma": 0.14308882541053045}, "datetime": {"datetime": "2021-09-28 12:32:32", "elapsed": 0.0, "delta": 0.0}}
{"target": -38.48245621729689, "params": {"C": 316.36189556517775, "gamma": 0.10461138301354429}, "datetime": {"datetime": "2021-09-28 12:32:32", "elapsed": 0.183, "delta": 0.183}}
{"target": -38.3079851813729, "params": {"C": 557.1787817390618, "gamma": 0.17977715234202044}, "datetime": {"datetime": "2021-09-28 12:32:33", "elapsed": 0.352998, "delta": 0.169998}}
{"target": -38.60337672619383, "params": {"C": 250.23412418553448, "gamma": 0.04541236123694642}, "datetime": {"datetime": "2021-09-28 12:32:33", "elapsed": 0.516001, "delta": 0.163003}}
{"target": -39.891481443618154, "params": {"C": 600.0, "gamma": 0.005}, "datetime": {"datetime": "2021-09-28 12:32:33", "elapsed": 0.844999, "delta": 0.328998}}
{"target": -37.28931285485156, "params": {"C": 558.6484362721069, "gamma": 0.10953116980954947}, "datetime": {"datetime": "2021-09-28 12:32:33", "elapsed": 1.135, "delta": 0.290001}}
{"target": -38.29351283622882, "params": {"C": 559.5648907216528, "gamma": 0.1794168191462762}, "datetime": {"datetime": "2021-09-28 12:32:34", "elapsed": 1.392999, "delta": 0.257999}}
{"target": -37.49603685267886, "params": {"C": 558.1020912920935, "gamma": 0.12399154417481463}, "datetime": {"datetime": "2021-09-28 12:32:34", "elapsed": 1.662999, "delta": 0.27}}
{"target": -39.01170874856381, "params": {"C": 207.6501170263295, "gamma": 0.05900990553790071}, "datetime": {"datetime": "2021-09-28 12:32:34", "elapsed": 1.971265, "delta": 0.308266}}
{"target": -37.44707082136086, "params": {"C": 416.78521831263515, "gamma": 0.04296165992742047}, "datetime": {"datetime": "2021-09-28 12:32:34", "elapsed": 2.256262, "delta": 0.284997}}
{"target": -37.65272998499082, "params": {"C": 415.57460835558584, "gamma": 0.09095032571097796}, "datetime": {"datetime": "2021-09-28 12:32:35", "elapsed": 2.555951, "delta": 0.299689}}
{"target": -37.36397860647377, "params": {"C": 418.06297851980946, "gamma": 0.05165809477338643}, "datetime": {"datetime": "2021-09-28 12:32:35", "elapsed": 2.883948, "delta": 0.327997}}
{"target": -39.5348538124036, "params": {"C": 413.51128561654514, "gamma": 0.009621810716230365}, "datetime": {"datetime": "2021-09-28 12:32:35", "elapsed": 3.158949, "delta": 0.275001}}
{"target": -40.021619848454385, "params": {"C": 272.6495643622516, "gamma": 0.19697566500779254}, "datetime": {"datetime": "2021-09-28 12:32:36", "elapsed": 3.490949, "delta": 0.332}}
{"target": -38.45075131552842, "params": {"C": 368.62771302771984, "gamma": 0.12681197450366685}, "datetime": {"datetime": "2021-09-28 12:32:36", "elapsed": 3.775954, "delta": 0.285005}}
{"target": -37.44937566672046, "params": {"C": 514.7760375941975, "gamma": 0.10923493828061877}, "datetime": {"datetime": "2021-09-28 12:32:36", "elapsed": 4.086627, "delta": 0.310673}}
{"target": -37.577105697335185, "params": {"C": 516.3946507651016, "gamma": 0.118870301984458}, "datetime": {"datetime": "2021-09-28 12:32:37", "elapsed": 4.502629, "delta": 0.416002}}
{"target": -37.09844082842295, "params": {"C": 512.947646887532, "gamma": 0.039709753981866894}, "datetime": {"datetime": "2021-09-28 12:32:37", "elapsed": 4.785628, "delta": 0.282999}}
{"target": -38.780384066412964, "params": {"C": 511.3262843287804, "gamma": 0.2}, "datetime": {"datetime": "2021-09-28 12:32:37", "elapsed": 5.141631, "delta": 0.356003}}
{"target": -40.129831340909256, "params": {"C": 518.3474916476354, "gamma": 0.005}, "datetime": {"datetime": "2021-09-28 12:32:38", "elapsed": 5.497633, "delta": 0.356002}}
{"target": -37.806207534372255, "params": {"C": 513.731448251722, "gamma": 0.1338915819205128}, "datetime": {"datetime": "2021-09-28 12:32:38", "elapsed": 5.855628, "delta": 0.357995}}
{"target": -38.59612709724917, "params": {"C": 440.3686493946029, "gamma": 0.016113403697856642}, "datetime": {"datetime": "2021-09-28 12:32:38", "elapsed": 6.099874, "delta": 0.244246}}
{"target": -39.79884663632903, "params": {"C": 293.4076681711576, "gamma": 0.19065481319803917}, "datetime": {"datetime": "2021-09-28 12:32:39", "elapsed": 6.444872, "delta": 0.344998}}
{"target": -37.807618333195094, "params": {"C": 491.8992834204739, "gamma": 0.12772270857970025}, "datetime": {"datetime": "2021-09-28 12:32:39", "elapsed": 6.728876, "delta": 0.284004}}
{"target": -37.15486860564254, "params": {"C": 490.2103710407222, "gamma": 0.07696734304600958}, "datetime": {"datetime": "2021-09-28 12:32:39", "elapsed": 7.051869, "delta": 0.322993}}
{"target": -37.154857322262544, "params": {"C": 488.8851655805105, "gamma": 0.07637849740102011}, "datetime": {"datetime": "2021-09-28 12:32:40", "elapsed": 7.378638, "delta": 0.326769}}
{"target": -38.88205511730279, "params": {"C": 487.39900236014915, "gamma": 0.2}, "datetime": {"datetime": "2021-09-28 12:32:40", "elapsed": 7.702598, "delta": 0.32396}}
{"target": -40.21380269026056, "params": {"C": 493.9886066134986, "gamma": 0.005}, "datetime": {"datetime": "2021-09-28 12:32:40", "elapsed": 8.038959, "delta": 0.336361}}
{"target": -37.923881437617595, "params": {"C": 350.29960264988955, "gamma": 0.038627081581395314}, "datetime": {"datetime": "2021-09-28 12:32:41", "elapsed": 8.358959, "delta": 0.32}}
{"target": -39.570877901473864, "params": {"C": 348.3159399089311, "gamma": 0.2}, "datetime": {"datetime": "2021-09-28 12:32:41", "elapsed": 8.655962, "delta": 0.297003}}
{"target": -38.15744305143087, "params": {"C": 352.0475507171561, "gamma": 0.09930554458533984}, "datetime": {"datetime": "2021-09-28 12:32:41", "elapsed": 9.047964, "delta": 0.392002}}
{"target": -39.056003560016585, "params": {"C": 354.8712878703812, "gamma": 0.16315278193607038}, "datetime": {"datetime": "2021-09-28 12:32:42", "elapsed": 9.484998, "delta": 0.437034}}
{"target": -37.28755259282544, "params": {"C": 468.3327280601722, "gamma": 0.08084895473586418}, "datetime": {"datetime": "2021-09-28 12:32:42", "elapsed": 9.79396, "delta": 0.308962}}
{"target": -38.94451128940015, "params": {"C": 467.05719655526923, "gamma": 0.19792684075972777}, "datetime": {"datetime": "2021-09-28 12:32:42", "elapsed": 10.132796, "delta": 0.338836}}
{"target": -38.02329114984012, "params": {"C": 469.416085576413, "gamma": 0.13519686590483482}, "datetime": {"datetime": "2021-09-28 12:32:43", "elapsed": 10.453798, "delta": 0.321002}}
{"target": -38.47623898788777, "params": {"C": 489.56939306830765, "gamma": 0.1714852344190225}, "datetime": {"datetime": "2021-09-28 12:32:43", "elapsed": 10.809806, "delta": 0.356008}}
{"target": -40.62505159285263, "params": {"C": 267.76558409911286, "gamma": 0.007693312608579001}, "datetime": {"datetime": "2021-09-28 12:32:43", "elapsed": 11.116815, "delta": 0.307009}}
{"target": -39.99774465326736, "params": {"C": 490.8470398653641, "gamma": 0.005793775256749979}, "datetime": {"datetime": "2021-09-28 12:32:44", "elapsed": 11.463799, "delta": 0.346984}}
{"target": -39.29221694112705, "params": {"C": 255.34988605527008, "gamma": 0.1293862256321188}, "datetime": {"datetime": "2021-09-28 12:32:44", "elapsed": 11.7578, "delta": 0.294001}}
{"target": -37.54188994366877, "params": {"C": 478.675627374258, "gamma": 0.1053380703900664}, "datetime": {"datetime": "2021-09-28 12:32:44", "elapsed": 12.09377, "delta": 0.33597}}
{"target": -38.800888280747984, "params": {"C": 476.602786485098, "gamma": 0.1903444538841054}, "datetime": {"datetime": "2021-09-28 12:32:45", "elapsed": 12.426483, "delta": 0.332713}}
{"target": -37.281587250078665, "params": {"C": 490.2303625545769, "gamma": 0.0361746763019764}, "datetime": {"datetime": "2021-09-28 12:32:45", "elapsed": 12.825479, "delta": 0.398996}}
{"target": -38.51633171291773, "params": {"C": 513.2899270367634, "gamma": 0.18150656035112855}, "datetime": {"datetime": "2021-09-28 12:32:46", "elapsed": 13.323481, "delta": 0.498002}}
{"target": -37.666981886341375, "params": {"C": 512.6916343584617, "gamma": 0.12426967168334385}, "datetime": {"datetime": "2021-09-28 12:32:46", "elapsed": 13.735479, "delta": 0.411998}}
{"target": -37.09951204061654, "params": {"C": 488.552200154888, "gamma": 0.06967090439110875}, "datetime": {"datetime": "2021-09-28 12:32:46", "elapsed": 14.2015, "delta": 0.466021}}
{"target": -38.29817713922192, "params": {"C": 472.02867628570914, "gamma": 0.154089450288626}, "datetime": {"datetime": "2021-09-28 12:32:47", "elapsed": 14.524503, "delta": 0.323003}}
{"target": -38.101475670832194, "params": {"C": 514.2985897776898, "gamma": 0.15364390319381369}, "datetime": {"datetime": "2021-09-28 12:32:47", "elapsed": 14.888499, "delta": 0.363996}}
{"target": -37.255444364841935, "params": {"C": 512.9569027806974, "gamma": 0.03417913438121454}, "datetime": {"datetime": "2021-09-28 12:32:47", "elapsed": 15.247501, "delta": 0.359002}}
{"target": -38.690110690780394, "params": {"C": 512.8396156084393, "gamma": 0.1937808284142258}, "datetime": {"datetime": "2021-09-28 12:32:48", "elapsed": 15.6525, "delta": 0.404999}}
{"target": -39.84377552649136, "params": {"C": 512.7980397790777, "gamma": 0.006133870829713154}, "datetime": {"datetime": "2021-09-28 12:32:48", "elapsed": 16.076036, "delta": 0.423536}}
{"target": -37.65798419235672, "params": {"C": 380.11463062782116, "gamma": 0.07328241524422915}, "datetime": {"datetime": "2021-09-28 12:32:49", "elapsed": 16.425038, "delta": 0.349002}}
