{"target": -37.758231893222124, "params": {"C": 545.7477158286564, "gamma": 0.021335314857907826}, "datetime": {"datetime": "2021-09-28 12:42:04", "elapsed": 572.054702, "delta": 3.447333}}
{"target": -37.4087638955596, "params": {"C": 545.8556625107494, "gamma": 0.11473478985368481}, "datetime": {"datetime": "2021-09-28 12:42:08", "elapsed": 575.932915, "delta": 3.878213}}
{"target": -36.80902616268871, "params": {"C": 545.4555675337051, "gamma": 0.05428657697514441}, "datetime": {"datetime": "2021-09-28 12:42:11", "elapsed": 578.753451, "delta": 2.820536}}
{"target": -38.29209019551046, "params": {"C": 545.8347050488397, "gamma": 0.015134464451660027}, "datetime": {"datetime": "2021-09-28 12:42:16", "elapsed": 583.669352, "delta": 4.915901}}
{"target": -37.24780618499244, "params": {"C": 445.79341037673305, "gamma": 0.06292605089661188}, "datetime": {"datetime": "2021-09-28 12:42:18", "elapsed": 585.864132, "delta": 2.19478}}
{"target": -37.10324638216043, "params": {"C": 545.9837712287293, "gamma": 0.09212049810118259}, "datetime": {"datetime": "2021-09-28 12:42:24", "elapsed": 591.648386, "delta": 5.784254}}
{"target": -37.182144174454365, "params": {"C": 545.9493597349513, "gamma": 0.032815553343345426}, "datetime": {"datetime": "2021-09-28 12:42:27", "elapsed": 594.900136, "delta": 3.25175}}
{"target": -38.15258894953371, "params": {"C": 545.6096266912492, "gamma": 0.016592692519612515}, "datetime": {"datetime": "2021-09-28 12:42:30", "elapsed": 598.066118, "delta": 3.165982}}
{"target": -39.11497437130363, "params": {"C": 545.4620089912244, "gamma": 0.009072611118681333}, "datetime": {"datetime": "2021-09-28 12:42:33", "elapsed": 601.239817, "delta": 3.173699}}
{"target": -37.66539738252556, "params": {"C": 364.6369629335071, "gamma": 0.05483150958738969}, "datetime": {"datetime": "2021-09-28 12:42:36", "elapsed": 603.471782, "delta": 2.231965}}
{"target": -39.66221384146194, "params": {"C": 557.6127683359734, "gamma": 0.00629972577823185}, "datetime": {"datetime": "2021-09-28 12:42:39", "elapsed": 606.671248, "delta": 3.199466}}
{"target": -37.426830242596836, "params": {"C": 546.0380480063693, "gamma": 0.026964866655091933}, "datetime": {"datetime": "2021-09-28 12:42:43", "elapsed": 611.078134, "delta": 4.406886}}
{"target": -37.91485842396609, "params": {"C": 369.1177819628751, "gamma": 0.08976406219493764}, "datetime": {"datetime": "2021-09-28 12:42:46", "elapsed": 613.38105, "delta": 2.302916}}
{"target": -39.38773042131342, "params": {"C": 344.8241406267679, "gamma": 0.013235510794602529}, "datetime": {"datetime": "2021-09-28 12:42:48", "elapsed": 615.74249, "delta": 2.36144}}
{"target": -37.78759071343728, "params": {"C": 445.7434808066208, "gamma": 0.11184015391307212}, "datetime": {"datetime": "2021-09-28 12:42:52", "elapsed": 619.701744, "delta": 3.959254}}
{"target": -36.84653877623203, "params": {"C": 545.9204319000814, "gamma": 0.06634266241553473}, "datetime": {"datetime": "2021-09-28 12:42:55", "elapsed": 623.217514, "delta": 3.51577}}
{"target": -36.946859734586, "params": {"C": 545.4345603869938, "gamma": 0.07823003272625391}, "datetime": {"datetime": "2021-09-28 12:42:59", "elapsed": 626.780281, "delta": 3.562767}}
{"target": -38.51910653626639, "params": {"C": 364.61321354091115, "gamma": 0.12972560898074187}, "datetime": {"datetime": "2021-09-28 12:43:04", "elapsed": 631.692408, "delta": 4.912127}}
{"target": -36.945839784802764, "params": {"C": 545.6585168866068, "gamma": 0.07821289350905003}, "datetime": {"datetime": "2021-09-28 12:43:07", "elapsed": 635.033214, "delta": 3.340806}}
{"target": -37.053180611325466, "params": {"C": 546.0783816490564, "gamma": 0.08806148275032095}, "datetime": {"datetime": "2021-09-28 12:43:13", "elapsed": 641.11931, "delta": 6.086096}}
{"target": -38.02233448289799, "params": {"C": 545.9728806498897, "gamma": 0.15693215314621053}, "datetime": {"datetime": "2021-09-28 12:43:18", "elapsed": 646.17051, "delta": 5.0512}}
{"target": -37.02559135034977, "params": {"C": 546.1498821558007, "gamma": 0.08573990783439239}, "datetime": {"datetime": "2021-09-28 12:43:22", "elapsed": 649.351603, "delta": 3.181093}}
{"target": -37.5870839704504, "params": {"C": 546.1519781672289, "gamma": 0.0238835483616476}, "datetime": {"datetime": "2021-09-28 12:43:29", "elapsed": 656.778542, "delta": 7.426939}}
{"target": -36.821348143964364, "params": {"C": 557.6373412526509, "gamma": 0.06912980987307257}, "datetime": {"datetime": "2021-09-28 12:43:35", "elapsed": 663.147482, "delta": 6.36894}}
{"target": -38.59927829640553, "params": {"C": 292.3585675010389, "gamma": 0.09977254944093736}, "datetime": {"datetime": "2021-09-28 12:43:38", "elapsed": 665.858201, "delta": 2.710719}}
{"target": -37.26608806352166, "params": {"C": 545.1352022636418, "gamma": 0.10427144922799005}, "datetime": {"datetime": "2021-09-28 12:43:42", "elapsed": 669.394727, "delta": 3.536526}}
{"target": -37.36111948583276, "params": {"C": 546.2237169200284, "gamma": 0.11143639016575332}, "datetime": {"datetime": "2021-09-28 12:43:45", "elapsed": 673.120117, "delta": 3.72539}}
{"target": -36.93288846003131, "params": {"C": 557.5580693225315, "gamma": 0.08125388679227266}, "datetime": {"datetime": "2021-09-28 12:43:49", "elapsed": 676.600891, "delta": 3.480774}}
{"target": -37.81990290303316, "params": {"C": 546.1083827629509, "gamma": 0.14353033872872767}, "datetime": {"datetime": "2021-09-28 12:43:53", "elapsed": 681.29646, "delta": 4.695569}}
{"target": -37.781080659222035, "params": {"C": 445.83743310491116, "gamma": 0.11143117859168426}, "datetime": {"datetime": "2021-09-28 12:43:57", "elapsed": 684.515608, "delta": 3.219148}}
{"target": -38.81155882124612, "params": {"C": 395.68215005849527, "gamma": 0.16225198334855243}, "datetime": {"datetime": "2021-09-28 12:43:59", "elapsed": 686.869464, "delta": 2.353856}}
{"target": -36.92807705263724, "params": {"C": 574.3376388620045, "gamma": 0.0862526039186355}, "datetime": {"datetime": "2021-09-28 12:44:04", "elapsed": 691.989406, "delta": 5.119942}}
{"target": -37.32712127755803, "params": {"C": 545.0433376714728, "gamma": 0.10868342990653632}, "datetime": {"datetime": "2021-09-28 12:44:07", "elapsed": 694.736944, "delta": 2.747538}}
{"target": -36.8555438439851, "params": {"C": 558.8941336162188, "gamma": 0.04279146065514053}, "datetime": {"datetime": "2021-09-28 12:44:09", "elapsed": 697.188785, "delta": 2.451841}}
{"target": -38.446498154644246, "params": {"C": 512.8626991662161, "gamma": 0.17654743033551476}, "datetime": {"datetime": "2021-09-28 12:44:12", "elapsed": 699.653642, "delta": 2.464857}}
{"target": -36.86871881163324, "params": {"C": 574.4182573866822, "gamma": 0.08100134585476265}, "datetime": {"datetime": "2021-09-28 12:44:18", "elapsed": 705.867775, "delta": 6.214133}}
{"target": -38.1632435226236, "params": {"C": 574.3430954306198, "gamma": 0.17401561035712032}, "datetime": {"datetime": "2021-09-28 12:44:22", "elapsed": 709.906551, "delta": 4.038776}}
{"target": -36.72679952263749, "params": {"C": 574.4794640197377, "gamma": 0.04884615326847364}, "datetime": {"datetime": "2021-09-28 12:44:26", "elapsed": 714.095405, "delta": 4.188854}}
{"target": -37.51026844324269, "params": {"C": 574.4099510385299, "gamma": 0.02374776848315057}, "datetime": {"datetime": "2021-09-28 12:44:32", "elapsed": 719.635716, "delta": 5.540311}}
{"target": -39.366693025288484, "params": {"C": 574.4784171611633, "gamma": 0.007340051873391941}, "datetime": {"datetime": "2021-09-28 12:44:37", "elapsed": 725.234176, "delta": 5.59846}}
{"target": -36.73676034438422, "params": {"C": 574.4972099875495, "gamma": 0.06570558217279378}, "datetime": {"datetime": "2021-09-28 12:44:42", "elapsed": 730.01732, "delta": 4.783144}}
{"target": -37.46723215902067, "params": {"C": 574.4852468847766, "gamma": 0.12597629049763417}, "datetime": {"datetime": "2021-09-28 12:44:47", "elapsed": 734.321067, "delta": 4.303747}}
{"target": -37.708064152601196, "params": {"C": 558.320773294937, "gamma": 0.13896101550483095}, "datetime": {"datetime": "2021-09-28 12:44:50", "elapsed": 738.240404, "delta": 3.919337}}
{"target": -37.96551358048324, "params": {"C": 584.3299530573813, "gamma": 0.16290437791696058}, "datetime": {"datetime": "2021-09-28 12:44:57", "elapsed": 744.311622, "delta": 6.071218}}
{"target": -36.83791973634137, "params": {"C": 574.4746824568247, "gamma": 0.07805550155013423}, "datetime": {"datetime": "2021-09-28 12:45:02", "elapsed": 750.07529, "delta": 5.763668}}
{"target": -36.85333366263493, "params": {"C": 558.2063543591603, "gamma": 0.07337311639002488}, "datetime": {"datetime": "2021-09-28 12:45:08", "elapsed": 756.230773, "delta": 6.155483}}
{"target": -37.159289790079214, "params": {"C": 546.2447617343917, "gamma": 0.03343012636441911}, "datetime": {"datetime": "2021-09-28 12:45:12", "elapsed": 760.031705, "delta": 3.800932}}
{"target": -36.81110400866172, "params": {"C": 546.3214170367182, "gamma": 0.05878270545527598}, "datetime": {"datetime": "2021-09-28 12:45:18", "elapsed": 765.440384, "delta": 5.408679}}
{"target": -39.08963540099161, "params": {"C": 227.92813317021202, "gamma": 0.09454275326305574}, "datetime": {"datetime": "2021-09-28 12:45:21", "elapsed": 768.4126, "delta": 2.972216}}
{"target": -36.969812730441895, "params": {"C": 546.2778308535544, "gamma": 0.08076291810489931}, "datetime": {"datetime": "2021-09-28 12:45:27", "elapsed": 775.137963, "delta": 6.725363}}
{"target": -39.22283395892855, "params": {"C": 546.3829097040764, "gamma": 0.008483292955820593}, "datetime": {"datetime": "2021-09-28 12:45:32", "elapsed": 780.213687, "delta": 5.075724}}
{"target": -37.568366121882804, "params": {"C": 546.3369630772156, "gamma": 0.1261208628318834}, "datetime": {"datetime": "2021-09-28 12:45:37", "elapsed": 785.01959, "delta": 4.805903}}
{"target": -36.88694791239913, "params": {"C": 562.7338180275096, "gamma": 0.040764338789160574}, "datetime": {"datetime": "2021-09-28 12:45:40", "elapsed": 787.661513, "delta": 2.641923}}
{"target": -36.831425283295545, "params": {"C": 562.755420555839, "gamma": 0.07278282962662379}, "datetime": {"datetime": "2021-09-28 12:45:44", "elapsed": 791.481796, "delta": 3.820283}}
{"target": -37.56222268333324, "params": {"C": 562.7687712818249, "gamma": 0.12977815128152306}, "datetime": {"datetime": "2021-09-28 12:45:48", "elapsed": 795.786448, "delta": 4.304652}}
{"target": -37.268101878066005, "params": {"C": 561.6853586896798, "gamma": 0.02928452462647267}, "datetime": {"datetime": "2021-09-28 12:45:51", "elapsed": 798.374641, "delta": 2.588193}}
{"target": -38.52237217247151, "params": {"C": 331.397090023725, "gamma": 0.1150340518868861}, "datetime": {"datetime": "2021-09-28 12:45:53", "elapsed": 801.081022, "delta": 2.706381}}
{"target": -36.911080518022814, "params": {"C": 562.7151301772543, "gamma": 0.08099132648055037}, "datetime": {"datetime": "2021-09-28 12:45:57", "elapsed": 804.596585, "delta": 3.515563}}
{"target": -39.09802640779117, "params": {"C": 445.76194870734196, "gamma": 0.011626736904393586}, "datetime": {"datetime": "2021-09-28 12:46:01", "elapsed": 808.903843, "delta": 4.307258}}
{"target": -37.630961142908085, "params": {"C": 562.6434891724834, "gamma": 0.022379667624999468}, "datetime": {"datetime": "2021-09-28 12:46:06", "elapsed": 814.021383, "delta": 5.11754}}
{"target": -36.838447701464894, "params": {"C": 557.7348973911501, "gamma": 0.07139555411591002}, "datetime": {"datetime": "2021-09-28 12:46:11", "elapsed": 818.774369, "delta": 4.752986}}
{"target": -36.898952761191836, "params": {"C": 562.8176152811645, "gamma": 0.07987977208106381}, "datetime": {"datetime": "2021-09-28 12:46:15", "elapsed": 822.571766, "delta": 3.797397}}
{"target": -37.278485710630314, "params": {"C": 562.8635249915033, "gamma": 0.02895804704525792}, "datetime": {"datetime": "2021-09-28 12:46:20", "elapsed": 827.929659, "delta": 5.357893}}
{"target": -37.16346859263093, "params": {"C": 468.1287083407189, "gamma": 0.06604247854171989}, "datetime": {"datetime": "2021-09-28 12:46:23", "elapsed": 830.770845, "delta": 2.841186}}
{"target": -38.172274196640835, "params": {"C": 468.13330819005694, "gamma": 0.14469226657387527}, "datetime": {"datetime": "2021-09-28 12:46:27", "elapsed": 834.795484, "delta": 4.024639}}
{"target": -37.4185766455686, "params": {"C": 530.1766598736558, "gamma": 0.11127345629955974}, "datetime": {"datetime": "2021-09-28 12:46:30", "elapsed": 837.818188, "delta": 3.022704}}
{"target": -36.74857364242532, "params": {"C": 561.74741674313, "gamma": 0.053315124773255645}, "datetime": {"datetime": "2021-09-28 12:46:34", "elapsed": 842.162606, "delta": 4.344418}}
{"target": -37.07360303688202, "params": {"C": 561.7236655075693, "gamma": 0.09436487165027127}, "datetime": {"datetime": "2021-09-28 12:46:39", "elapsed": 846.903173, "delta": 4.740567}}
{"target": -37.5499426534701, "params": {"C": 562.9024281808955, "gamma": 0.12895048735183512}, "datetime": {"datetime": "2021-09-28 12:46:43", "elapsed": 851.301671, "delta": 4.398498}}
{"target": -37.734891789576935, "params": {"C": 359.08674492369136, "gamma": 0.0458833084570031}, "datetime": {"datetime": "2021-09-28 12:46:46", "elapsed": 854.123294, "delta": 2.821623}}
{"target": -38.418886673934274, "params": {"C": 562.7748602374079, "gamma": 0.013442152759989924}, "datetime": {"datetime": "2021-09-28 12:46:52", "elapsed": 859.654266, "delta": 5.530972}}
{"target": -39.204954372707746, "params": {"C": 561.7680356503288, "gamma": 0.008308569726404372}, "datetime": {"datetime": "2021-09-28 12:46:56", "elapsed": 864.022971, "delta": 4.368705}}
{"target": -36.87443673243226, "params": {"C": 561.7702610286599, "gamma": 0.07707527404639815}, "datetime": {"datetime": "2021-09-28 12:47:03", "elapsed": 870.538578, "delta": 6.515607}}
{"target": -40.01330261387697, "params": {"C": 229.964564007204, "gamma": 0.16906287180352436}, "datetime": {"datetime": "2021-09-28 12:47:05", "elapsed": 873.171317, "delta": 2.632739}}
{"target": -36.98176810101393, "params": {"C": 557.6728658966992, "gamma": 0.03779405989328356}, "datetime": {"datetime": "2021-09-28 12:47:12", "elapsed": 880.009303, "delta": 6.837986}}
{"target": -37.19167130652487, "params": {"C": 468.0766344306259, "gamma": 0.04396303077683077}, "datetime": {"datetime": "2021-09-28 12:47:17", "elapsed": 884.972317, "delta": 4.963014}}
{"target": -39.19447420370336, "params": {"C": 584.1015146272243, "gamma": 0.007999509207175508}, "datetime": {"datetime": "2021-09-28 12:47:23", "elapsed": 890.575854, "delta": 5.603537}}
{"target": -37.93071198790421, "params": {"C": 561.7949538086809, "gamma": 0.1548996926044946}, "datetime": {"datetime": "2021-09-28 12:47:29", "elapsed": 896.507462, "delta": 5.931608}}
{"target": -39.03456615913195, "params": {"C": 468.13438862844947, "gamma": 0.0113984150962212}, "datetime": {"datetime": "2021-09-28 12:47:33", "elapsed": 900.463761, "delta": 3.956299}}
{"target": -38.796857274686616, "params": {"C": 252.0602914698792, "gamma": 0.08839094393307209}, "datetime": {"datetime": "2021-09-28 12:47:35", "elapsed": 903.246834, "delta": 2.783073}}
{"target": -36.904957452574614, "params": {"C": 583.9128891654439, "gamma": 0.08717228943665534}, "datetime": {"datetime": "2021-09-28 12:47:43", "elapsed": 910.825798, "delta": 7.578964}}
{"target": -36.89328474256257, "params": {"C": 584.2406585837522, "gamma": 0.08628366807144357}, "datetime": {"datetime": "2021-09-28 12:47:48", "elapsed": 915.9289, "delta": 5.103102}}
{"target": -38.92924153117323, "params": {"C": 454.6970776653518, "gamma": 0.19247935926257476}, "datetime": {"datetime": "2021-09-28 12:47:51", "elapsed": 918.691428, "delta": 2.762528}}
{"target": -37.519497524993476, "params": {"C": 546.2831577568015, "gamma": 0.025111345622391607}, "datetime": {"datetime": "2021-09-28 12:47:55", "elapsed": 923.063919, "delta": 4.372491}}
{"target": -37.553168259338946, "params": {"C": 468.0488123138705, "gamma": 0.10280669842341895}, "datetime": {"datetime": "2021-09-28 12:48:01", "elapsed": 928.924779, "delta": 5.86086}}
{"target": -37.36455534144073, "params": {"C": 524.6421454353473, "gamma": 0.10582421454999116}, "datetime": {"datetime": "2021-09-28 12:48:05", "elapsed": 933.241113, "delta": 4.316334}}
{"target": -39.83340916811451, "params": {"C": 232.97530889856642, "gamma": 0.1562735348544662}, "datetime": {"datetime": "2021-09-28 12:48:08", "elapsed": 936.179104, "delta": 2.937991}}
{"target": -37.01495061228205, "params": {"C": 545.5268770953883, "gamma": 0.08460799275691323}, "datetime": {"datetime": "2021-09-28 12:48:15", "elapsed": 942.612004, "delta": 6.4329}}
{"target": -37.55506902552476, "params": {"C": 562.9531265021194, "gamma": 0.023563911100434817}, "datetime": {"datetime": "2021-09-28 12:48:22", "elapsed": 949.328108, "delta": 6.716104}}
{"target": -36.77050002261165, "params": {"C": 574.5625336889705, "gamma": 0.07060025132719307}, "datetime": {"datetime": "2021-09-28 12:48:26", "elapsed": 953.475971, "delta": 4.147863}}
{"target": -37.129323944187036, "params": {"C": 574.6250287272399, "gamma": 0.10206708353383412}, "datetime": {"datetime": "2021-09-28 12:48:33", "elapsed": 960.709019, "delta": 7.233048}}
{"target": -38.85364041593849, "params": {"C": 382.27888785640806, "gamma": 0.15995693953139248}, "datetime": {"datetime": "2021-09-28 12:48:36", "elapsed": 963.879277, "delta": 3.170258}}
{"target": -37.41310977608076, "params": {"C": 574.5458777299586, "gamma": 0.12221620349979989}, "datetime": {"datetime": "2021-09-28 12:48:40", "elapsed": 968.266845, "delta": 4.387568}}
{"target": -36.750171596521945, "params": {"C": 574.207532300632, "gamma": 0.046451565158381475}, "datetime": {"datetime": "2021-09-28 12:48:44", "elapsed": 972.239148, "delta": 3.972303}}
{"target": -36.97092570719002, "params": {"C": 530.1370237359869, "gamma": 0.04241407088160033}, "datetime": {"datetime": "2021-09-28 12:48:52", "elapsed": 979.733213, "delta": 7.494065}}
{"target": -37.66830915350025, "params": {"C": 530.2228687086699, "gamma": 0.02345902182471594}, "datetime": {"datetime": "2021-09-28 12:48:57", "elapsed": 985.050654, "delta": 5.317441}}
{"target": -37.98656219652073, "params": {"C": 574.6469160015176, "gamma": 0.16191188194885367}, "datetime": {"datetime": "2021-09-28 12:49:03", "elapsed": 990.969077, "delta": 5.918423}}
{"target": -38.93227941351337, "params": {"C": 574.6031353371193, "gamma": 0.009524250017998594}, "datetime": {"datetime": "2021-09-28 12:49:10", "elapsed": 997.692579, "delta": 6.723502}}
{"target": -37.33021676317204, "params": {"C": 561.6471709753918, "gamma": 0.113210810436902}, "datetime": {"datetime": "2021-09-28 12:49:17", "elapsed": 1005.167631, "delta": 7.475052}}
{"target": -37.72407980948208, "params": {"C": 530.0959716445145, "gamma": 0.13292442409963398}, "datetime": {"datetime": "2021-09-28 12:49:23", "elapsed": 1011.010692, "delta": 5.843061}}
{"target": -36.99512145791277, "params": {"C": 562.8662196955557, "gamma": 0.08840309600122108}, "datetime": {"datetime": "2021-09-28 12:49:30", "elapsed": 1017.587991, "delta": 6.577299}}
{"target": -37.351223306749965, "params": {"C": 530.064560251042, "gamma": 0.029890937448083913}, "datetime": {"datetime": "2021-09-28 12:49:38", "elapsed": 1025.677719, "delta": 8.089728}}
{"target": -38.4390498689351, "params": {"C": 592.1291805728705, "gamma": 0.012543967686729395}, "datetime": {"datetime": "2021-09-28 12:49:43", "elapsed": 1030.616908, "delta": 4.939189}}
{"target": -37.59083713354907, "params": {"C": 562.826044555807, "gamma": 0.13179868344818435}, "datetime": {"datetime": "2021-09-28 12:49:49", "elapsed": 1036.94193, "delta": 6.325022}}
{"target": -36.7782689178107, "params": {"C": 592.1580037910921, "gamma": 0.07835041061978994}, "datetime": {"datetime": "2021-09-28 12:49:54", "elapsed": 1041.67669, "delta": 4.73476}}
{"target": -36.92217950656237, "params": {"C": 584.4617358331595, "gamma": 0.08876318573265458}, "datetime": {"datetime": "2021-09-28 12:50:00", "elapsed": 1047.967807, "delta": 6.291117}}
{"target": -37.90947342288754, "params": {"C": 377.47727776868726, "gamma": 0.09348894216635235}, "datetime": {"datetime": "2021-09-28 12:50:03", "elapsed": 1051.247239, "delta": 3.279432}}
{"target": -38.030332953131726, "params": {"C": 584.4701672356816, "gamma": 0.16735275645688177}, "datetime": {"datetime": "2021-09-28 12:50:11", "elapsed": 1058.676813, "delta": 7.429574}}
{"target": -38.79255963449627, "params": {"C": 501.9082227937871, "gamma": 0.19793868251940874}, "datetime": {"datetime": "2021-09-28 12:50:14", "elapsed": 1061.654361, "delta": 2.977548}}
{"target": -36.7286879292278, "params": {"C": 584.4828191111719, "gamma": 0.04541756333775888}, "datetime": {"datetime": "2021-09-28 12:50:19", "elapsed": 1067.146129, "delta": 5.491768}}
{"target": -38.97299029854203, "params": {"C": 348.2289052566133, "gamma": 0.1541895716514107}, "datetime": {"datetime": "2021-09-28 12:50:23", "elapsed": 1070.452936, "delta": 3.306807}}
{"target": -38.902713884757304, "params": {"C": 584.5175664310237, "gamma": 0.009501421826718866}, "datetime": {"datetime": "2021-09-28 12:50:28", "elapsed": 1075.539138, "delta": 5.086202}}
{"target": -38.04839746100694, "params": {"C": 467.9804032156492, "gamma": 0.021482196997077804}, "datetime": {"datetime": "2021-09-28 12:50:33", "elapsed": 1080.974501, "delta": 5.435363}}
{"target": -37.87237896489087, "params": {"C": 591.9434483473565, "gamma": 0.1584685281873871}, "datetime": {"datetime": "2021-09-28 12:50:39", "elapsed": 1086.672157, "delta": 5.697656}}
{"target": -37.179286670254534, "params": {"C": 560.4045120222161, "gamma": 0.10200065114868098}, "datetime": {"datetime": "2021-09-28 12:50:43", "elapsed": 1090.403899, "delta": 3.731742}}
{"target": -36.78896972052609, "params": {"C": 591.8394618761773, "gamma": 0.07928583229622617}, "datetime": {"datetime": "2021-09-28 12:50:48", "elapsed": 1095.366788, "delta": 4.962889}}
