{"target": -51.26565722780735, "params": {"C": 112167.23605916214, "gamma": 0.14157342583659396}, "datetime": {"datetime": "2021-10-04 11:38:22", "elapsed": 111.211363, "delta": 1.052636}}
{"target": -52.7065642630564, "params": {"C": 243852.95896674372, "gamma": 0.13724072818449382}, "datetime": {"datetime": "2021-10-04 11:38:23", "elapsed": 112.059417, "delta": 0.848054}}
{"target": -52.394400174101946, "params": {"C": 22299.81412065727, "gamma": 0.3327929853324581}, "datetime": {"datetime": "2021-10-04 11:38:24", "elapsed": 112.992078, "delta": 0.932661}}
{"target": -51.10781015574384, "params": {"C": 32032.016039616858, "gamma": 0.09473325626726957}, "datetime": {"datetime": "2021-10-04 11:38:25", "elapsed": 113.747032, "delta": 0.754954}}
{"target": -49.84671939439659, "params": {"C": 87915.34235486, "gamma": 0.3939125656591503}, "datetime": {"datetime": "2021-10-04 11:38:26", "elapsed": 114.510324, "delta": 0.763292}}
{"target": -52.40934774064831, "params": {"C": 475248.1920864076, "gamma": 0.2529081230607129}, "datetime": {"datetime": "2021-10-04 11:38:27", "elapsed": 115.299619, "delta": 0.789295}}
{"target": -50.438716008073655, "params": {"C": 485595.3936412757, "gamma": 0.37367187990093026}, "datetime": {"datetime": "2021-10-04 11:38:27", "elapsed": 116.15169, "delta": 0.852071}}
{"target": -49.856484198109335, "params": {"C": 137629.81622032015, "gamma": 0.3172278513613814}, "datetime": {"datetime": "2021-10-04 11:38:29", "elapsed": 117.285524, "delta": 1.133834}}
{"target": -49.57160821301641, "params": {"C": 218973.20354060855, "gamma": 0.39836765827888787}, "datetime": {"datetime": "2021-10-04 11:38:29", "elapsed": 118.171709, "delta": 0.886185}}
{"target": -50.77365570769106, "params": {"C": 260318.07288783332, "gamma": 0.03937361500638831}, "datetime": {"datetime": "2021-10-04 11:38:30", "elapsed": 119.19934, "delta": 1.027631}}
{"target": -51.79049605210789, "params": {"C": 409716.1692616494, "gamma": 0.269196335732871}, "datetime": {"datetime": "2021-10-04 11:38:32", "elapsed": 120.347347, "delta": 1.148007}}
{"target": -49.98117306579222, "params": {"C": 178405.9390202967, "gamma": 0.31877955339323927}, "datetime": {"datetime": "2021-10-04 11:38:32", "elapsed": 121.138655, "delta": 0.791308}}
{"target": -51.78201177850167, "params": {"C": 273963.5578705167, "gamma": 0.07282904892319184}, "datetime": {"datetime": "2021-10-04 11:38:34", "elapsed": 122.483127, "delta": 1.344472}}
{"target": -51.879906691080336, "params": {"C": 228302.30647977212, "gamma": 0.20471394685575528}, "datetime": {"datetime": "2021-10-04 11:38:35", "elapsed": 123.471719, "delta": 0.988592}}
{"target": -51.34109231208597, "params": {"C": 318504.76730229746, "gamma": 0.05005885632796897}, "datetime": {"datetime": "2021-10-04 11:38:36", "elapsed": 124.258706, "delta": 0.786987}}
{"target": -53.675623936247824, "params": {"C": 489546.3151297073, "gamma": 0.19707861509141028}, "datetime": {"datetime": "2021-10-04 11:38:36", "elapsed": 125.207254, "delta": 0.948548}}
{"target": -50.805088210791254, "params": {"C": 87358.97080892227, "gamma": 0.19779639750338004}, "datetime": {"datetime": "2021-10-04 11:38:37", "elapsed": 125.993226, "delta": 0.785972}}
{"target": -52.71466641394017, "params": {"C": 312919.01967291057, "gamma": 0.19113811256661087}, "datetime": {"datetime": "2021-10-04 11:38:38", "elapsed": 126.83071, "delta": 0.837484}}
{"target": -51.6788200910195, "params": {"C": 168632.0761540225, "gamma": 0.10883690224520332}, "datetime": {"datetime": "2021-10-04 11:38:39", "elapsed": 127.794132, "delta": 0.963422}}
{"target": -49.80220395857249, "params": {"C": 155512.88012961933, "gamma": 0.3272509167324002}, "datetime": {"datetime": "2021-10-04 11:38:40", "elapsed": 128.660109, "delta": 0.865977}}
{"target": -52.020390389851265, "params": {"C": 330268.3962952024, "gamma": 0.008032798719486211}, "datetime": {"datetime": "2021-10-04 11:38:41", "elapsed": 129.696396, "delta": 1.036287}}
{"target": -51.51065533279866, "params": {"C": 347621.51607433695, "gamma": 0.26799407739438397}, "datetime": {"datetime": "2021-10-04 11:38:42", "elapsed": 130.607255, "delta": 0.910859}}
{"target": -53.56403730830743, "params": {"C": 349677.8732032834, "gamma": 0.1161963720737259}, "datetime": {"datetime": "2021-10-04 11:38:43", "elapsed": 131.630698, "delta": 1.023443}}
{"target": -51.516497520390466, "params": {"C": 288692.3297330233, "gamma": 0.06031022821791973}, "datetime": {"datetime": "2021-10-04 11:38:44", "elapsed": 133.13507, "delta": 1.504372}}
{"target": -50.53872188900926, "params": {"C": 418008.6231560504, "gamma": 0.3554033222462374}, "datetime": {"datetime": "2021-10-04 11:38:45", "elapsed": 134.040291, "delta": 0.905221}}
{"target": -50.6251530429676, "params": {"C": 135462.80023968616, "gamma": 0.040389661149744}, "datetime": {"datetime": "2021-10-04 11:38:46", "elapsed": 134.845073, "delta": 0.804782}}
{"target": -49.56980664203144, "params": {"C": 131604.00097889145, "gamma": 0.3628826996804717}, "datetime": {"datetime": "2021-10-04 11:38:47", "elapsed": 135.857926, "delta": 1.012853}}
{"target": -49.908275205009275, "params": {"C": 162350.68777757222, "gamma": 0.3193623986386272}, "datetime": {"datetime": "2021-10-04 11:38:48", "elapsed": 137.144079, "delta": 1.286153}}
{"target": -50.19810367568584, "params": {"C": 451416.4630797597, "gamma": 0.3914155856095884}, "datetime": {"datetime": "2021-10-04 11:38:49", "elapsed": 138.022327, "delta": 0.878248}}
{"target": -52.438729396866734, "params": {"C": 218420.98678077458, "gamma": 0.15691688666061734}, "datetime": {"datetime": "2021-10-04 11:38:50", "elapsed": 138.921849, "delta": 0.899522}}
{"target": -52.02208663165498, "params": {"C": 184171.49508035334, "gamma": 0.16449535751331334}, "datetime": {"datetime": "2021-10-04 11:38:51", "elapsed": 139.885285, "delta": 0.963436}}
{"target": -49.88853100549921, "params": {"C": 86677.7904614813, "gamma": 0.3525469197705143}, "datetime": {"datetime": "2021-10-04 11:38:53", "elapsed": 141.349773, "delta": 1.464488}}
{"target": -52.736062054403824, "params": {"C": 411604.6262811824, "gamma": 0.22154051928521157}, "datetime": {"datetime": "2021-10-04 11:38:54", "elapsed": 142.583173, "delta": 1.2334}}
{"target": -51.69695969497322, "params": {"C": 31392.914386911743, "gamma": 0.3489472560288451}, "datetime": {"datetime": "2021-10-04 11:38:55", "elapsed": 143.631172, "delta": 1.047999}}
{"target": -51.80803250623612, "params": {"C": 22064.325557683864, "gamma": 0.04179505340882178}, "datetime": {"datetime": "2021-10-04 11:38:56", "elapsed": 144.613766, "delta": 0.982594}}
{"target": -49.5369209880148, "params": {"C": 180448.50500624272, "gamma": 0.3816442894804655}, "datetime": {"datetime": "2021-10-04 11:38:57", "elapsed": 145.541767, "delta": 0.928001}}
{"target": -52.75266767008714, "params": {"C": 447655.81679728563, "gamma": 0.23071923503822656}, "datetime": {"datetime": "2021-10-04 11:38:58", "elapsed": 146.94886, "delta": 1.407093}}
{"target": -49.99816135356899, "params": {"C": 240901.18057339173, "gamma": 0.3498920483732552}, "datetime": {"datetime": "2021-10-04 11:39:00", "elapsed": 148.307858, "delta": 1.358998}}
{"target": -52.942773727871156, "params": {"C": 259416.22232956416, "gamma": 0.005050091851820854}, "datetime": {"datetime": "2021-10-04 11:39:01", "elapsed": 149.66511, "delta": 1.357252}}
{"target": -53.539772059267655, "params": {"C": 399282.64185067324, "gamma": 0.17802307428186145}, "datetime": {"datetime": "2021-10-04 11:39:02", "elapsed": 150.779962, "delta": 1.114852}}
{"target": -49.55348135566441, "params": {"C": 123203.52407217534, "gamma": 0.372201497808795}, "datetime": {"datetime": "2021-10-04 11:39:03", "elapsed": 151.908092, "delta": 1.12813}}
{"target": -50.71329028712681, "params": {"C": 336879.0789334704, "gamma": 0.03256150879552361}, "datetime": {"datetime": "2021-10-04 11:39:04", "elapsed": 153.176974, "delta": 1.268882}}
{"target": -50.8531734346356, "params": {"C": 132148.5934386471, "gamma": 0.22998228191548403}, "datetime": {"datetime": "2021-10-04 11:39:06", "elapsed": 154.301325, "delta": 1.124351}}
{"target": -54.219244299194806, "params": {"C": 466531.42175503494, "gamma": 0.16277598899288}, "datetime": {"datetime": "2021-10-04 11:39:06", "elapsed": 155.204592, "delta": 0.903267}}
{"target": -52.57495407726266, "params": {"C": 282201.94794711017, "gamma": 0.1874991019511398}, "datetime": {"datetime": "2021-10-04 11:39:07", "elapsed": 156.105504, "delta": 0.900912}}
{"target": -50.94668652997563, "params": {"C": 417410.2650559075, "gamma": 0.3237753984585973}, "datetime": {"datetime": "2021-10-04 11:39:08", "elapsed": 157.025232, "delta": 0.919728}}
{"target": -50.47586460444541, "params": {"C": 257238.23697384607, "gamma": 0.3120314068806353}, "datetime": {"datetime": "2021-10-04 11:39:09", "elapsed": 157.992684, "delta": 0.967452}}
{"target": -49.790073235014106, "params": {"C": 285399.2314434343, "gamma": 0.3959172852701389}, "datetime": {"datetime": "2021-10-04 11:39:10", "elapsed": 158.960273, "delta": 0.967589}}
{"target": -50.384979438092756, "params": {"C": 367107.67276134144, "gamma": 0.35687609736828585}, "datetime": {"datetime": "2021-10-04 11:39:11", "elapsed": 160.148436, "delta": 1.188163}}
{"target": -50.95318289405899, "params": {"C": 490241.1636066476, "gamma": 0.3369330813462359}, "datetime": {"datetime": "2021-10-04 11:39:12", "elapsed": 161.163141, "delta": 1.014705}}
{"target": -50.833477747527546, "params": {"C": 135537.5813004354, "gamma": 0.2334600276173155}, "datetime": {"datetime": "2021-10-04 11:39:14", "elapsed": 162.720545, "delta": 1.557404}}
{"target": -51.948230263648014, "params": {"C": 179568.22391922353, "gamma": 0.13283144800452704}, "datetime": {"datetime": "2021-10-04 11:39:15", "elapsed": 164.065631, "delta": 1.345086}}
{"target": -52.69526536322232, "params": {"C": 66215.90207012308, "gamma": 0.012025347126292794}, "datetime": {"datetime": "2021-10-04 11:39:16", "elapsed": 165.117797, "delta": 1.052166}}
{"target": -52.2023305351896, "params": {"C": 192538.57345818382, "gamma": 0.009223825567530854}, "datetime": {"datetime": "2021-10-04 11:39:18", "elapsed": 166.414416, "delta": 1.296619}}
{"target": -50.925385526915356, "params": {"C": 115920.703378537, "gamma": 0.209892735378972}, "datetime": {"datetime": "2021-10-04 11:39:19", "elapsed": 167.700237, "delta": 1.285821}}
{"target": -50.354290882236306, "params": {"C": 441103.361349786, "gamma": 0.37367597766311955}, "datetime": {"datetime": "2021-10-04 11:39:20", "elapsed": 168.646312, "delta": 0.946075}}
{"target": -50.18982649911906, "params": {"C": 132416.61267532583, "gamma": 0.2836379734638403}, "datetime": {"datetime": "2021-10-04 11:39:21", "elapsed": 170.118696, "delta": 1.472384}}
{"target": -50.147616454936546, "params": {"C": 340191.1419621514, "gamma": 0.37098715217042644}, "datetime": {"datetime": "2021-10-04 11:39:23", "elapsed": 171.502543, "delta": 1.383847}}
{"target": -50.6327202917737, "params": {"C": 355972.45519666455, "gamma": 0.333656607796804}, "datetime": {"datetime": "2021-10-04 11:39:24", "elapsed": 172.504341, "delta": 1.001798}}
{"target": -51.23101131831319, "params": {"C": 67602.70993295712, "gamma": 0.029552992425288218}, "datetime": {"datetime": "2021-10-04 11:39:25", "elapsed": 173.612995, "delta": 1.108654}}
{"target": -50.593790222472094, "params": {"C": 117441.41822355018, "gamma": 0.24360945844560974}, "datetime": {"datetime": "2021-10-04 11:39:26", "elapsed": 174.565897, "delta": 0.952902}}
{"target": -51.66299451054603, "params": {"C": 296466.58451379347, "gamma": 0.2429743397683846}, "datetime": {"datetime": "2021-10-04 11:39:27", "elapsed": 175.669695, "delta": 1.103798}}
{"target": -54.68672189382456, "params": {"C": 489509.1151259602, "gamma": 0.13897507670418652}, "datetime": {"datetime": "2021-10-04 11:39:28", "elapsed": 177.010405, "delta": 1.34071}}
{"target": -51.6186349433213, "params": {"C": 425760.98282252316, "gamma": 0.04786255382316584}, "datetime": {"datetime": "2021-10-04 11:39:29", "elapsed": 178.206411, "delta": 1.196006}}
{"target": -51.488298201389895, "params": {"C": 21861.81488442643, "gamma": 0.09218273799367582}, "datetime": {"datetime": "2021-10-04 11:39:30", "elapsed": 179.204153, "delta": 0.997742}}
{"target": -52.687151111134675, "params": {"C": 401881.323611103, "gamma": 0.221156030324433}, "datetime": {"datetime": "2021-10-04 11:39:32", "elapsed": 180.623099, "delta": 1.418946}}
{"target": -51.69964009071036, "params": {"C": 347862.9331907479, "gamma": 0.2579979942224803}, "datetime": {"datetime": "2021-10-04 11:39:33", "elapsed": 181.734564, "delta": 1.111465}}
{"target": -51.69569415131687, "params": {"C": 211044.61368357931, "gamma": 0.08655941317247368}, "datetime": {"datetime": "2021-10-04 11:39:34", "elapsed": 182.73047, "delta": 0.995906}}
{"target": -50.76303284955434, "params": {"C": 283365.52627498074, "gamma": 0.02353333864029072}, "datetime": {"datetime": "2021-10-04 11:39:35", "elapsed": 183.754156, "delta": 1.023686}}
{"target": -54.29978128274994, "params": {"C": 448032.7716571915, "gamma": 0.1507630945489978}, "datetime": {"datetime": "2021-10-04 11:39:36", "elapsed": 185.065819, "delta": 1.311663}}
{"target": -51.332639857880665, "params": {"C": 229804.8202250669, "gamma": 0.06333657720727943}, "datetime": {"datetime": "2021-10-04 11:39:37", "elapsed": 186.145542, "delta": 1.079723}}
{"target": -51.29628622627745, "params": {"C": 32464.76227467496, "gamma": 0.2800823601775137}, "datetime": {"datetime": "2021-10-04 11:39:39", "elapsed": 187.255288, "delta": 1.109746}}
{"target": -51.331996002695696, "params": {"C": 381038.43529139564, "gamma": 0.288192747424516}, "datetime": {"datetime": "2021-10-04 11:39:40", "elapsed": 188.642264, "delta": 1.386976}}
{"target": -51.19877186104398, "params": {"C": 113852.68252425382, "gamma": 0.17302073656471276}, "datetime": {"datetime": "2021-10-04 11:39:41", "elapsed": 189.657328, "delta": 1.015064}}
{"target": -52.46544997396041, "params": {"C": 477871.40160405275, "gamma": 0.25076102603872785}, "datetime": {"datetime": "2021-10-04 11:39:42", "elapsed": 190.774997, "delta": 1.117669}}
{"target": -49.82753259764056, "params": {"C": 107450.15734641741, "gamma": 0.31829614202903933}, "datetime": {"datetime": "2021-10-04 11:39:43", "elapsed": 191.859035, "delta": 1.084038}}
{"target": -52.898634984654834, "params": {"C": 359269.95317972614, "gamma": 0.19643652072260748}, "datetime": {"datetime": "2021-10-04 11:39:45", "elapsed": 193.514362, "delta": 1.655327}}
{"target": -52.038829069552854, "params": {"C": 285418.27806789894, "gamma": 0.07976853558295698}, "datetime": {"datetime": "2021-10-04 11:39:46", "elapsed": 194.484108, "delta": 0.969746}}
{"target": -50.14631899282295, "params": {"C": 87127.18364057514, "gamma": 0.28379081566754105}, "datetime": {"datetime": "2021-10-04 11:39:47", "elapsed": 196.040163, "delta": 1.556055}}
{"target": -50.967713356998786, "params": {"C": 41430.24386337871, "gamma": 0.12580288924428917}, "datetime": {"datetime": "2021-10-04 11:39:48", "elapsed": 197.095944, "delta": 1.055781}}
{"target": -49.77963616495936, "params": {"C": 199525.53510584874, "gamma": 0.3532096504039927}, "datetime": {"datetime": "2021-10-04 11:39:49", "elapsed": 198.142064, "delta": 1.04612}}
{"target": -51.15671709262545, "params": {"C": 32245.050088940818, "gamma": 0.11545431740880234}, "datetime": {"datetime": "2021-10-04 11:39:51", "elapsed": 199.225469, "delta": 1.083405}}
{"target": -49.607239057017864, "params": {"C": 117059.03517375539, "gamma": 0.3630605363003737}, "datetime": {"datetime": "2021-10-04 11:39:52", "elapsed": 200.335708, "delta": 1.110239}}
{"target": -50.85913075829824, "params": {"C": 321157.9634205539, "gamma": 0.3040501712651511}, "datetime": {"datetime": "2021-10-04 11:39:53", "elapsed": 201.899673, "delta": 1.563965}}
{"target": -54.280002054438036, "params": {"C": 482782.73642834526, "gamma": 0.1651493468712594}, "datetime": {"datetime": "2021-10-04 11:39:54", "elapsed": 203.108369, "delta": 1.208696}}
{"target": -50.45223460249808, "params": {"C": 60975.34860969733, "gamma": 0.2845436642268094}, "datetime": {"datetime": "2021-10-04 11:39:56", "elapsed": 204.299611, "delta": 1.191242}}
{"target": -53.409962179126275, "params": {"C": 436703.3976538132, "gamma": 0.08745729441142625}, "datetime": {"datetime": "2021-10-04 11:39:57", "elapsed": 205.377052, "delta": 1.077441}}
{"target": -50.99661113493023, "params": {"C": 39556.44900219867, "gamma": 0.14143588625628042}, "datetime": {"datetime": "2021-10-04 11:39:58", "elapsed": 207.11415, "delta": 1.737098}}
{"target": -49.487416752032345, "params": {"C": 127057.52190903046, "gamma": 0.3935633269544311}, "datetime": {"datetime": "2021-10-04 11:40:00", "elapsed": 208.301193, "delta": 1.187043}}
{"target": -53.50249106342447, "params": {"C": 433247.52652092325, "gamma": 0.08992206410337074}, "datetime": {"datetime": "2021-10-04 11:40:01", "elapsed": 209.645115, "delta": 1.343922}}
{"target": -50.9679808023572, "params": {"C": 455811.7590236162, "gamma": 0.3298203044861367}, "datetime": {"datetime": "2021-10-04 11:40:02", "elapsed": 210.850035, "delta": 1.20492}}
{"target": -50.134263150601, "params": {"C": 268654.21101630834, "gamma": 0.347922942681549}, "datetime": {"datetime": "2021-10-04 11:40:04", "elapsed": 212.646867, "delta": 1.796832}}
{"target": -51.43765661525899, "params": {"C": 168491.40771289595, "gamma": 0.20386004357734758}, "datetime": {"datetime": "2021-10-04 11:40:05", "elapsed": 213.951575, "delta": 1.304708}}
{"target": -50.51224285587311, "params": {"C": 149638.18605192853, "gamma": 0.2636140400239067}, "datetime": {"datetime": "2021-10-04 11:40:06", "elapsed": 215.143983, "delta": 1.192408}}
{"target": -52.27547668553732, "params": {"C": 261858.93117209402, "gamma": 0.007514250634778599}, "datetime": {"datetime": "2021-10-04 11:40:08", "elapsed": 216.802391, "delta": 1.658408}}
{"target": -51.46062505660496, "params": {"C": 284250.8110840432, "gamma": 0.058960735378414994}, "datetime": {"datetime": "2021-10-04 11:40:10", "elapsed": 218.566903, "delta": 1.764512}}
{"target": -54.355979018426225, "params": {"C": 484847.86144205055, "gamma": 0.16127560947717598}, "datetime": {"datetime": "2021-10-04 11:40:12", "elapsed": 220.356427, "delta": 1.789524}}
{"target": -50.76039896534389, "params": {"C": 435945.41842696205, "gamma": 0.3417279027502343}, "datetime": {"datetime": "2021-10-04 11:40:13", "elapsed": 222.15775, "delta": 1.801323}}
{"target": -50.731418136612774, "params": {"C": 114982.12158026997, "gamma": 0.22982770887458123}, "datetime": {"datetime": "2021-10-04 11:40:15", "elapsed": 223.398201, "delta": 1.240451}}
{"target": -51.53701988195512, "params": {"C": 363751.68209265335, "gamma": 0.05122324272587209}, "datetime": {"datetime": "2021-10-04 11:40:16", "elapsed": 224.720698, "delta": 1.322497}}
{"target": -53.004405193143214, "params": {"C": 313631.6508161962, "gamma": 0.10905543888288546}, "datetime": {"datetime": "2021-10-04 11:40:18", "elapsed": 226.495211, "delta": 1.774513}}
{"target": -50.91680506203056, "params": {"C": 159385.750920287, "gamma": 0.23876511838447453}, "datetime": {"datetime": "2021-10-04 11:40:19", "elapsed": 227.763149, "delta": 1.267938}}
{"target": -50.45370342026807, "params": {"C": 432252.3711431257, "gamma": 0.3645332979257973}, "datetime": {"datetime": "2021-10-04 11:40:20", "elapsed": 229.156292, "delta": 1.393143}}
{"target": -51.428939835185844, "params": {"C": 52705.756791092324, "gamma": 0.028929096497044365}, "datetime": {"datetime": "2021-10-04 11:40:23", "elapsed": 231.340682, "delta": 2.18439}}
{"target": -52.68876867287787, "params": {"C": 428314.75956706586, "gamma": 0.22887901991570977}, "datetime": {"datetime": "2021-10-04 11:40:24", "elapsed": 232.804859, "delta": 1.464177}}
{"target": -50.90790751211722, "params": {"C": 133419.2072481392, "gamma": 0.02790602096909204}, "datetime": {"datetime": "2021-10-04 11:40:26", "elapsed": 234.428128, "delta": 1.623269}}
{"target": -49.65588954219998, "params": {"C": 211197.22989966115, "gamma": 0.3798761438419068}, "datetime": {"datetime": "2021-10-04 11:40:27", "elapsed": 235.59963, "delta": 1.171502}}
{"target": -51.33617338234286, "params": {"C": 128986.6603376048, "gamma": 0.10521839442127742}, "datetime": {"datetime": "2021-10-04 11:40:29", "elapsed": 237.80864, "delta": 2.20901}}
{"target": -52.659852804385494, "params": {"C": 302131.42100535275, "gamma": 0.10097915067456756}, "datetime": {"datetime": "2021-10-04 11:40:30", "elapsed": 239.03189, "delta": 1.22325}}
{"target": -53.25064050932749, "params": {"C": 416086.5689038057, "gamma": 0.19609440007755913}, "datetime": {"datetime": "2021-10-04 11:40:32", "elapsed": 240.633365, "delta": 1.601475}}
{"target": -53.095873678337576, "params": {"C": 460377.2576978782, "gamma": 0.2170378361650129}, "datetime": {"datetime": "2021-10-04 11:40:34", "elapsed": 242.303937, "delta": 1.670572}}
{"target": -51.37100066721081, "params": {"C": 123871.70631125066, "gamma": 0.15379500713893277}, "datetime": {"datetime": "2021-10-04 11:40:35", "elapsed": 243.585197, "delta": 1.28126}}
{"target": -53.499142059988394, "params": {"C": 445527.5279127172, "gamma": 0.192884561376721}, "datetime": {"datetime": "2021-10-04 11:40:37", "elapsed": 245.66347, "delta": 2.078273}}
{"target": -50.84008135209208, "params": {"C": 83954.27869980299, "gamma": 0.19113412526161444}, "datetime": {"datetime": "2021-10-04 11:40:38", "elapsed": 247.024848, "delta": 1.361378}}
{"target": -50.67539223661653, "params": {"C": 80599.76300767333, "gamma": 0.21492595518947413}, "datetime": {"datetime": "2021-10-04 11:40:40", "elapsed": 248.664357, "delta": 1.639509}}
{"target": -53.60822817334078, "params": {"C": 479374.5773211612, "gamma": 0.19739482731386165}, "datetime": {"datetime": "2021-10-04 11:40:41", "elapsed": 249.896843, "delta": 1.232486}}
