{"target": -34.7738853555834, "params": {"C": 3816.8667919954482, "gamma": 0.025840175019393674}, "datetime": {"datetime": "2021-09-28 15:33:02", "elapsed": 181.241891, "delta": 2.315008}}
{"target": -34.94836648192244, "params": {"C": 3605.183940797742, "gamma": 0.06596879693427732}, "datetime": {"datetime": "2021-09-28 15:33:04", "elapsed": 183.025888, "delta": 1.783997}}
{"target": -35.300751165245856, "params": {"C": 3406.136708853716, "gamma": 0.019253293812465884}, "datetime": {"datetime": "2021-09-28 15:33:06", "elapsed": 184.487617, "delta": 1.461729}}
{"target": -34.848254684251046, "params": {"C": 3721.718208091173, "gamma": 0.05868165620999258}, "datetime": {"datetime": "2021-09-28 15:33:07", "elapsed": 186.140774, "delta": 1.653157}}
{"target": -35.73247795137729, "params": {"C": 3721.863412263915, "gamma": 0.11484673157810898}, "datetime": {"datetime": "2021-09-28 15:33:09", "elapsed": 187.871412, "delta": 1.730638}}
{"target": -35.06248810536393, "params": {"C": 3323.768931817223, "gamma": 0.0737146367098489}, "datetime": {"datetime": "2021-09-28 15:33:10", "elapsed": 189.469702, "delta": 1.59829}}
{"target": -34.70907264707236, "params": {"C": 3323.7782139609835, "gamma": 0.03626135546789782}, "datetime": {"datetime": "2021-09-28 15:33:12", "elapsed": 191.178706, "delta": 1.709004}}
{"target": -34.853332554678495, "params": {"C": 3051.1595970908697, "gamma": 0.056537114211452924}, "datetime": {"datetime": "2021-09-28 15:33:14", "elapsed": 193.042455, "delta": 1.863749}}
{"target": -34.74105264146575, "params": {"C": 3323.6922556647364, "gamma": 0.03239117395787081}, "datetime": {"datetime": "2021-09-28 15:33:16", "elapsed": 194.49383, "delta": 1.451375}}
{"target": -34.769672503362976, "params": {"C": 3721.87413523788, "gamma": 0.026620054018465383}, "datetime": {"datetime": "2021-09-28 15:33:17", "elapsed": 196.286114, "delta": 1.792284}}
{"target": -35.041570573477024, "params": {"C": 3323.6521578685774, "gamma": 0.07218089992531296}, "datetime": {"datetime": "2021-09-28 15:33:19", "elapsed": 198.259343, "delta": 1.973229}}
{"target": -35.451766279090705, "params": {"C": 3323.704143788126, "gamma": 0.09882874107361093}, "datetime": {"datetime": "2021-09-28 15:33:21", "elapsed": 200.229983, "delta": 1.97064}}
{"target": -36.689052022477185, "params": {"C": 3323.6591493567585, "gamma": 0.008439012087453566}, "datetime": {"datetime": "2021-09-28 15:33:23", "elapsed": 202.310923, "delta": 2.08094}}
{"target": -34.890041354305765, "params": {"C": 3261.9979703998733, "gamma": 0.02502384856906285}, "datetime": {"datetime": "2021-09-28 15:33:25", "elapsed": 203.823769, "delta": 1.512846}}
{"target": -36.8497123080424, "params": {"C": 3348.79927648369, "gamma": 0.007624291145607471}, "datetime": {"datetime": "2021-09-28 15:33:26", "elapsed": 205.328952, "delta": 1.505183}}
{"target": -35.06021026141894, "params": {"C": 3024.621072566702, "gamma": 0.023611200542222845}, "datetime": {"datetime": "2021-09-28 15:33:28", "elapsed": 206.511951, "delta": 1.182999}}
{"target": -36.75535780981076, "params": {"C": 3347.854091849475, "gamma": 0.19096120315325954}, "datetime": {"datetime": "2021-09-28 15:33:29", "elapsed": 207.617258, "delta": 1.105307}}
{"target": -36.21358468576616, "params": {"C": 3051.116471094855, "gamma": 0.011887576697769586}, "datetime": {"datetime": "2021-09-28 15:33:31", "elapsed": 209.485331, "delta": 1.868073}}
{"target": -36.585515712903174, "params": {"C": 3471.226899129371, "gamma": 0.1753256298807696}, "datetime": {"datetime": "2021-09-28 15:33:32", "elapsed": 211.014332, "delta": 1.529001}}
{"target": -35.34689856821764, "params": {"C": 3822.8835260491633, "gamma": 0.09216122346604773}, "datetime": {"datetime": "2021-09-28 15:33:34", "elapsed": 212.794601, "delta": 1.780269}}
{"target": -35.06294200666809, "params": {"C": 3348.7267736467666, "gamma": 0.07379984307163061}, "datetime": {"datetime": "2021-09-28 15:33:36", "elapsed": 214.63193, "delta": 1.837329}}
{"target": -36.70567319968811, "params": {"C": 3231.0276001472967, "gamma": 0.18631134361796725}, "datetime": {"datetime": "2021-09-28 15:33:37", "elapsed": 216.121924, "delta": 1.489994}}
{"target": -35.49050436046862, "params": {"C": 3605.1756013660706, "gamma": 0.10076496537911082}, "datetime": {"datetime": "2021-09-28 15:33:39", "elapsed": 217.846076, "delta": 1.724152}}
{"target": -34.683947582691374, "params": {"C": 3721.683554424343, "gamma": 0.04354644193270961}, "datetime": {"datetime": "2021-09-28 15:33:41", "elapsed": 219.478133, "delta": 1.632057}}
{"target": -35.48170180928095, "params": {"C": 3721.736629548302, "gamma": 0.10001235403878628}, "datetime": {"datetime": "2021-09-28 15:33:43", "elapsed": 221.598759, "delta": 2.120626}}
{"target": -34.65912073010391, "params": {"C": 3721.6172767226108, "gamma": 0.03701248832797556}, "datetime": {"datetime": "2021-09-28 15:33:44", "elapsed": 223.066761, "delta": 1.468002}}
{"target": -35.0233755353964, "params": {"C": 3323.720406080756, "gamma": 0.02273167927749272}, "datetime": {"datetime": "2021-09-28 15:33:46", "elapsed": 225.401885, "delta": 2.335124}}
{"target": -34.89248024693327, "params": {"C": 3323.812271746937, "gamma": 0.06088053507550688}, "datetime": {"datetime": "2021-09-28 15:33:48", "elapsed": 226.804883, "delta": 1.402998}}
{"target": -36.83089741874074, "params": {"C": 3562.0392478437434, "gamma": 0.19798957229211386}, "datetime": {"datetime": "2021-09-28 15:33:49", "elapsed": 227.871147, "delta": 1.066264}}
{"target": -35.78834180417596, "params": {"C": 3721.656856907985, "gamma": 0.013833043259806822}, "datetime": {"datetime": "2021-09-28 15:33:50", "elapsed": 229.336816, "delta": 1.465669}}
{"target": -34.88188632381762, "params": {"C": 3605.101251478274, "gamma": 0.02354447282062769}, "datetime": {"datetime": "2021-09-28 15:33:52", "elapsed": 230.764019, "delta": 1.427203}}
{"target": -35.51479661237401, "params": {"C": 3348.7804587286837, "gamma": 0.10260548848900612}, "datetime": {"datetime": "2021-09-28 15:33:54", "elapsed": 232.648383, "delta": 1.884364}}
{"target": -34.99027450749877, "params": {"C": 3346.05759983515, "gamma": 0.06843972818404741}, "datetime": {"datetime": "2021-09-28 15:33:55", "elapsed": 233.960851, "delta": 1.312468}}
{"target": -35.05922367513099, "params": {"C": 3721.6180396514574, "gamma": 0.07418314360263563}, "datetime": {"datetime": "2021-09-28 15:33:57", "elapsed": 235.721244, "delta": 1.760393}}
{"target": -34.761266469454, "params": {"C": 3323.8296447416515, "gamma": 0.030583525580184262}, "datetime": {"datetime": "2021-09-28 15:33:59", "elapsed": 237.658241, "delta": 1.936997}}
{"target": -35.5740295285133, "params": {"C": 3216.1647007725246, "gamma": 0.1063865742396453}, "datetime": {"datetime": "2021-09-28 15:34:00", "elapsed": 239.181435, "delta": 1.523194}}
{"target": -35.05919710565988, "params": {"C": 3816.8406526258777, "gamma": 0.07431337886584287}, "datetime": {"datetime": "2021-09-28 15:34:02", "elapsed": 240.753106, "delta": 1.571671}}
{"target": -34.99733631966637, "params": {"C": 3817.022359257234, "gamma": 0.0699467992212041}, "datetime": {"datetime": "2021-09-28 15:34:04", "elapsed": 242.839639, "delta": 2.086533}}
{"target": -34.89572957126863, "params": {"C": 3605.1392219162008, "gamma": 0.02333226139385622}, "datetime": {"datetime": "2021-09-28 15:34:05", "elapsed": 244.407598, "delta": 1.567959}}
{"target": -35.61181839302228, "params": {"C": 3346.087544391887, "gamma": 0.10848009698407998}, "datetime": {"datetime": "2021-09-28 15:34:07", "elapsed": 245.884418, "delta": 1.47682}}
{"target": -34.8242381066618, "params": {"C": 3323.855421587873, "gamma": 0.055288339321352735}, "datetime": {"datetime": "2021-09-28 15:34:09", "elapsed": 247.733287, "delta": 1.848869}}
{"target": -35.59068569623269, "params": {"C": 3721.5824856272575, "gamma": 0.01556002677652766}, "datetime": {"datetime": "2021-09-28 15:34:11", "elapsed": 250.126884, "delta": 2.393597}}
{"target": -35.84623720629547, "params": {"C": 3584.6256826812114, "gamma": 0.1226767582192803}, "datetime": {"datetime": "2021-09-28 15:34:13", "elapsed": 251.516886, "delta": 1.390002}}
{"target": -35.316615555071316, "params": {"C": 3637.1391047274883, "gamma": 0.09079589464071323}, "datetime": {"datetime": "2021-09-28 15:34:14", "elapsed": 253.124325, "delta": 1.607439}}
{"target": -34.755287643301195, "params": {"C": 3848.4918016786187, "gamma": 0.026598984837165003}, "datetime": {"datetime": "2021-09-28 15:34:15", "elapsed": 254.46256, "delta": 1.338235}}
{"target": -37.09344651042408, "params": {"C": 3848.5207459016247, "gamma": 0.005856586299616119}, "datetime": {"datetime": "2021-09-28 15:34:17", "elapsed": 256.219729, "delta": 1.757169}}
{"target": -35.68913318255579, "params": {"C": 3799.7578032879655, "gamma": 0.11193289372036475}, "datetime": {"datetime": "2021-09-28 15:34:19", "elapsed": 257.510732, "delta": 1.291003}}
{"target": -35.590830293649056, "params": {"C": 3450.2456580243806, "gamma": 0.1069602703016249}, "datetime": {"datetime": "2021-09-28 15:34:21", "elapsed": 260.237477, "delta": 2.726745}}
{"target": -35.25634850057788, "params": {"C": 3353.0697183227003, "gamma": 0.01991091701049931}, "datetime": {"datetime": "2021-09-28 15:34:24", "elapsed": 262.669676, "delta": 2.432199}}
{"target": -35.73822147546665, "params": {"C": 3557.888829132614, "gamma": 0.01461868948196134}, "datetime": {"datetime": "2021-09-28 15:34:25", "elapsed": 263.969647, "delta": 1.299971}}
{"target": -34.75945781572015, "params": {"C": 3605.2448370329207, "gamma": 0.05084383056503941}, "datetime": {"datetime": "2021-09-28 15:34:27", "elapsed": 265.526649, "delta": 1.557002}}
{"target": -34.718940042131706, "params": {"C": 3262.0307192644227, "gamma": 0.03598614921814001}, "datetime": {"datetime": "2021-09-28 15:34:28", "elapsed": 267.230783, "delta": 1.704134}}
{"target": -35.677863836274994, "params": {"C": 3848.464019097525, "gamma": 0.014517848529511726}, "datetime": {"datetime": "2021-09-28 15:34:30", "elapsed": 268.950421, "delta": 1.719638}}
{"target": -35.47308848507441, "params": {"C": 3605.2776834173706, "gamma": 0.09977858550444459}, "datetime": {"datetime": "2021-09-28 15:34:32", "elapsed": 271.458686, "delta": 2.508265}}
{"target": -34.80508385351345, "params": {"C": 3353.120308016289, "gamma": 0.02734965400921048}, "datetime": {"datetime": "2021-09-28 15:34:34", "elapsed": 272.89317, "delta": 1.434484}}
{"target": -35.92258534540627, "params": {"C": 3954.8395951103116, "gamma": 0.1265111113069493}, "datetime": {"datetime": "2021-09-28 15:34:35", "elapsed": 274.305343, "delta": 1.412173}}
{"target": -34.733795087114636, "params": {"C": 3323.8960411549288, "gamma": 0.04629823795901077}, "datetime": {"datetime": "2021-09-28 15:34:37", "elapsed": 276.187629, "delta": 1.882286}}
{"target": -35.11570564568826, "params": {"C": 3035.1659329955023, "gamma": 0.07668767156631888}, "datetime": {"datetime": "2021-09-28 15:34:39", "elapsed": 277.699633, "delta": 1.512004}}
{"target": -34.70457305096983, "params": {"C": 3816.806846491824, "gamma": 0.046658653085509226}, "datetime": {"datetime": "2021-09-28 15:34:41", "elapsed": 280.150679, "delta": 2.451046}}
{"target": -34.69258688807239, "params": {"C": 3848.4707004060356, "gamma": 0.045615071688745346}, "datetime": {"datetime": "2021-09-28 15:34:44", "elapsed": 282.807957, "delta": 2.657278}}
{"target": -35.18223180943431, "params": {"C": 3848.4904614823326, "gamma": 0.08270577798303291}, "datetime": {"datetime": "2021-09-28 15:34:45", "elapsed": 284.405945, "delta": 1.597988}}
{"target": -36.603597513239215, "params": {"C": 3386.7868063384667, "gamma": 0.17695929754742065}, "datetime": {"datetime": "2021-09-28 15:34:47", "elapsed": 285.60295, "delta": 1.197005}}
{"target": -34.89350071492104, "params": {"C": 3045.3980614060015, "gamma": 0.05988280781494054}, "datetime": {"datetime": "2021-09-28 15:34:48", "elapsed": 287.062519, "delta": 1.459569}}
{"target": -34.72927568862679, "params": {"C": 3323.945552755779, "gamma": 0.045549496952559276}, "datetime": {"datetime": "2021-09-28 15:34:50", "elapsed": 288.886607, "delta": 1.824088}}
{"target": -34.86946951376172, "params": {"C": 3605.1727564969483, "gamma": 0.023808198399621786}, "datetime": {"datetime": "2021-09-28 15:34:51", "elapsed": 290.271624, "delta": 1.385017}}
{"target": -36.618712177763655, "params": {"C": 3816.8202231768755, "gamma": 0.007956484921866461}, "datetime": {"datetime": "2021-09-28 15:34:53", "elapsed": 291.856428, "delta": 1.584804}}
{"target": -34.80324467212081, "params": {"C": 3045.343803571487, "gamma": 0.05204464742989376}, "datetime": {"datetime": "2021-09-28 15:34:55", "elapsed": 293.708533, "delta": 1.852105}}
{"target": -35.18645889915455, "params": {"C": 3721.713107025832, "gamma": 0.01944614953949636}, "datetime": {"datetime": "2021-09-28 15:34:57", "elapsed": 295.689938, "delta": 1.981405}}
{"target": -35.32211456566139, "params": {"C": 3045.3748760766507, "gamma": 0.020327845530444175}, "datetime": {"datetime": "2021-09-28 15:34:58", "elapsed": 297.320131, "delta": 1.630193}}
{"target": -36.810799229711286, "params": {"C": 3238.8929018551644, "gamma": 0.19683042615180318}, "datetime": {"datetime": "2021-09-28 15:35:00", "elapsed": 298.572105, "delta": 1.251974}}
{"target": -34.660442313621985, "params": {"C": 3823.067024973286, "gamma": 0.040279274997967275}, "datetime": {"datetime": "2021-09-28 15:35:01", "elapsed": 300.440108, "delta": 1.868003}}
{"target": -34.96022245963165, "params": {"C": 3823.094676177195, "gamma": 0.021653824132546157}, "datetime": {"datetime": "2021-09-28 15:35:04", "elapsed": 303.223085, "delta": 2.782977}}
{"target": -35.0197461702191, "params": {"C": 3262.068959320854, "gamma": 0.0704195770849657}, "datetime": {"datetime": "2021-09-28 15:35:06", "elapsed": 305.116506, "delta": 1.893421}}
{"target": -35.5277022998416, "params": {"C": 3323.451852475298, "gamma": 0.10341593054945146}, "datetime": {"datetime": "2021-09-28 15:35:08", "elapsed": 307.120706, "delta": 2.0042}}
{"target": -36.46777870816313, "params": {"C": 3262.0453797544483, "gamma": 0.009728227122985857}, "datetime": {"datetime": "2021-09-28 15:35:11", "elapsed": 310.173355, "delta": 3.052649}}
{"target": -36.98948099543638, "params": {"C": 3513.9978187185593, "gamma": 0.006730502206519764}, "datetime": {"datetime": "2021-09-28 15:35:13", "elapsed": 311.801354, "delta": 1.627999}}
{"target": -34.71446947176838, "params": {"C": 3559.695532824578, "gamma": 0.03206399848179527}, "datetime": {"datetime": "2021-09-28 15:35:15", "elapsed": 313.511588, "delta": 1.710234}}
{"target": -36.62741494346674, "params": {"C": 3823.04298039497, "gamma": 0.007905786683016313}, "datetime": {"datetime": "2021-09-28 15:35:17", "elapsed": 315.847869, "delta": 2.336281}}
{"target": -34.89332801015469, "params": {"C": 3559.7116220807493, "gamma": 0.06170068121737801}, "datetime": {"datetime": "2021-09-28 15:35:20", "elapsed": 318.826261, "delta": 2.978392}}
{"target": -36.76445978483693, "params": {"C": 3559.7405799245657, "gamma": 0.0076759466005651795}, "datetime": {"datetime": "2021-09-28 15:35:22", "elapsed": 320.858329, "delta": 2.032068}}
{"target": -34.96125376476932, "params": {"C": 3721.9172956274956, "gamma": 0.021983041600831754}, "datetime": {"datetime": "2021-09-28 15:35:24", "elapsed": 323.326781, "delta": 2.468452}}
{"target": -35.00181525207617, "params": {"C": 3816.7993597622963, "gamma": 0.07026489937982455}, "datetime": {"datetime": "2021-09-28 15:35:27", "elapsed": 325.609664, "delta": 2.282883}}
{"target": -35.04508874433353, "params": {"C": 3823.083050708464, "gamma": 0.07333133325981099}, "datetime": {"datetime": "2021-09-28 15:35:29", "elapsed": 327.716592, "delta": 2.106928}}
{"target": -35.628121907671975, "params": {"C": 3045.349065171171, "gamma": 0.10999817157984783}, "datetime": {"datetime": "2021-09-28 15:35:31", "elapsed": 329.874193, "delta": 2.157601}}
{"target": -34.73346602554526, "params": {"C": 3605.2298730193343, "gamma": 0.029958233266420952}, "datetime": {"datetime": "2021-09-28 15:35:33", "elapsed": 331.658441, "delta": 1.784248}}
{"target": -34.679151701578654, "params": {"C": 3559.627144358132, "gamma": 0.03634825788197854}, "datetime": {"datetime": "2021-09-28 15:35:35", "elapsed": 333.991314, "delta": 2.332873}}
{"target": -37.344466496959626, "params": {"C": 3559.6364298766157, "gamma": 0.005178762931013587}, "datetime": {"datetime": "2021-09-28 15:35:38", "elapsed": 336.490093, "delta": 2.498779}}
{"target": -35.21917046638684, "params": {"C": 3262.036352433842, "gamma": 0.08463823899583658}, "datetime": {"datetime": "2021-09-28 15:35:41", "elapsed": 339.577381, "delta": 3.087288}}
{"target": -34.82323124671605, "params": {"C": 3242.829919056336, "gamma": 0.0548423911922957}, "datetime": {"datetime": "2021-09-28 15:35:42", "elapsed": 341.270328, "delta": 1.692947}}
{"target": -34.920349402114745, "params": {"C": 3323.8707056291782, "gamma": 0.024131384565921718}, "datetime": {"datetime": "2021-09-28 15:35:45", "elapsed": 344.119042, "delta": 2.848714}}
{"target": -35.24316870953322, "params": {"C": 3323.9096228129292, "gamma": 0.020159209166889302}, "datetime": {"datetime": "2021-09-28 15:35:48", "elapsed": 347.063532, "delta": 2.94449}}
{"target": -35.103528833813535, "params": {"C": 3559.6812360495696, "gamma": 0.07709151787392221}, "datetime": {"datetime": "2021-09-28 15:35:51", "elapsed": 349.703232, "delta": 2.6397}}
{"target": -34.859355075985285, "params": {"C": 3323.9816507052333, "gamma": 0.05821717617746794}, "datetime": {"datetime": "2021-09-28 15:35:53", "elapsed": 352.156626, "delta": 2.453394}}
{"target": -35.04491195761538, "params": {"C": 3559.629239656429, "gamma": 0.07290027384672705}, "datetime": {"datetime": "2021-09-28 15:35:55", "elapsed": 354.401514, "delta": 2.244888}}
{"target": -35.53777883141061, "params": {"C": 3323.940815603922, "gamma": 0.10403311790387908}, "datetime": {"datetime": "2021-09-28 15:35:58", "elapsed": 356.816735, "delta": 2.415221}}
{"target": -35.586078023266474, "params": {"C": 3045.4166916479794, "gamma": 0.1072964775845986}, "datetime": {"datetime": "2021-09-28 15:36:01", "elapsed": 359.635719, "delta": 2.818984}}
{"target": -34.845314901080584, "params": {"C": 3250.1349092281284, "gamma": 0.026292890349002954}, "datetime": {"datetime": "2021-09-28 15:36:03", "elapsed": 362.026292, "delta": 2.390573}}
{"target": -36.419601596748606, "params": {"C": 3415.4977293522484, "gamma": 0.16240165424391206}, "datetime": {"datetime": "2021-09-28 15:36:05", "elapsed": 363.966409, "delta": 1.940117}}
{"target": -34.84918427690245, "params": {"C": 3242.7936020539055, "gamma": 0.05704905859836874}, "datetime": {"datetime": "2021-09-28 15:36:08", "elapsed": 366.598001, "delta": 2.631592}}
{"target": -35.33041411636459, "params": {"C": 3878.830966610167, "gamma": 0.09108345899966014}, "datetime": {"datetime": "2021-09-28 15:36:11", "elapsed": 370.240153, "delta": 3.642152}}
{"target": -36.46560847959923, "params": {"C": 3605.0521136255584, "gamma": 0.009099832280258038}, "datetime": {"datetime": "2021-09-28 15:36:15", "elapsed": 373.983496, "delta": 3.743343}}
{"target": -34.961268555604555, "params": {"C": 3723.5130374442056, "gamma": 0.0671781073988854}, "datetime": {"datetime": "2021-09-28 15:36:17", "elapsed": 375.720933, "delta": 1.737437}}
{"target": -34.92065018499315, "params": {"C": 3721.687314099192, "gamma": 0.06419136024252016}, "datetime": {"datetime": "2021-09-28 15:36:20", "elapsed": 378.763636, "delta": 3.042703}}
{"target": -34.86947130605466, "params": {"C": 3324.0050913141167, "gamma": 0.02517266793845166}, "datetime": {"datetime": "2021-09-28 15:36:22", "elapsed": 381.326517, "delta": 2.562881}}
{"target": -34.85674489866547, "params": {"C": 3605.100099001101, "gamma": 0.05899032816330447}, "datetime": {"datetime": "2021-09-28 15:36:26", "elapsed": 385.078133, "delta": 3.751616}}
{"target": -34.931702791322415, "params": {"C": 3045.308545854126, "gamma": 0.06297336022707038}, "datetime": {"datetime": "2021-09-28 15:36:30", "elapsed": 388.553075, "delta": 3.474942}}
{"target": -34.825432597954084, "params": {"C": 3822.9295817570974, "gamma": 0.05718762534031015}, "datetime": {"datetime": "2021-09-28 15:36:33", "elapsed": 391.685157, "delta": 3.132082}}
{"target": -35.08064473875388, "params": {"C": 3605.2148856036824, "gamma": 0.0755298147556142}, "datetime": {"datetime": "2021-09-28 15:36:36", "elapsed": 395.286877, "delta": 3.60172}}
{"target": -36.65516005460638, "params": {"C": 3869.4448814137527, "gamma": 0.18078365803172053}, "datetime": {"datetime": "2021-09-28 15:36:38", "elapsed": 397.039821, "delta": 1.752944}}
{"target": -34.86059613821091, "params": {"C": 3323.969638389013, "gamma": 0.02538066756988316}, "datetime": {"datetime": "2021-09-28 15:36:40", "elapsed": 399.342306, "delta": 2.302485}}
{"target": -34.67477798956156, "params": {"C": 3605.287680319476, "gamma": 0.03916982777637314}, "datetime": {"datetime": "2021-09-28 15:36:44", "elapsed": 402.529777, "delta": 3.187471}}
{"target": -34.96140981671325, "params": {"C": 3406.220989662939, "gamma": 0.023177529177729715}, "datetime": {"datetime": "2021-09-28 15:36:46", "elapsed": 405.19793, "delta": 2.668153}}
{"target": -35.25420879535227, "params": {"C": 3242.8687077133904, "gamma": 0.08699417494863204}, "datetime": {"datetime": "2021-09-28 15:36:51", "elapsed": 410.023852, "delta": 4.825922}}
{"target": -36.19674984272654, "params": {"C": 3977.7098300402195, "gamma": 0.1463778878185413}, "datetime": {"datetime": "2021-09-28 15:36:53", "elapsed": 411.915781, "delta": 1.891929}}
{"target": -35.80832556628843, "params": {"C": 3605.251597940274, "gamma": 0.013901195036100131}, "datetime": {"datetime": "2021-09-28 15:36:56", "elapsed": 415.018909, "delta": 3.103128}}
{"target": -36.68303374646625, "params": {"C": 3468.4484613375803, "gamma": 0.18387804372075156}, "datetime": {"datetime": "2021-09-28 15:36:58", "elapsed": 417.320019, "delta": 2.30111}}
