{"target": -36.62432011686817, "params": {"C": 11722.409764069338, "gamma": 0.12925770999662167}, "datetime": {"datetime": "2021-09-28 20:03:15", "elapsed": 12.941039, "delta": 0.357002}}
{"target": -35.908169959441786, "params": {"C": 10741.00877146171, "gamma": 0.09350941972133395}, "datetime": {"datetime": "2021-09-28 20:03:15", "elapsed": 13.305038, "delta": 0.363999}}
{"target": -35.98171470429116, "params": {"C": 10183.036948422643, "gamma": 0.09920402097571898}, "datetime": {"datetime": "2021-09-28 20:03:15", "elapsed": 13.639035, "delta": 0.333997}}
{"target": -36.532037338203956, "params": {"C": 11720.286762857091, "gamma": 0.12350699894736938}, "datetime": {"datetime": "2021-09-28 20:03:16", "elapsed": 13.962037, "delta": 0.323002}}
{"target": -37.00341437361318, "params": {"C": 12428.485656117111, "gamma": 0.1486316587447103}, "datetime": {"datetime": "2021-09-28 20:03:16", "elapsed": 14.272045, "delta": 0.310008}}
{"target": -35.30195424389184, "params": {"C": 12100.086019729464, "gamma": 0.06586319037630145}, "datetime": {"datetime": "2021-09-28 20:03:17", "elapsed": 14.75186, "delta": 0.479815}}
{"target": -36.6244682016715, "params": {"C": 11621.791916949007, "gamma": 0.1298299492724428}, "datetime": {"datetime": "2021-09-28 20:03:17", "elapsed": 15.114859, "delta": 0.362999}}
{"target": -35.99694426613879, "params": {"C": 10477.599927129158, "gamma": 0.09883861698572001}, "datetime": {"datetime": "2021-09-28 20:03:17", "elapsed": 15.476515, "delta": 0.361656}}
{"target": -35.04548969728627, "params": {"C": 10801.146306278211, "gamma": 0.05927576596336163}, "datetime": {"datetime": "2021-09-28 20:03:18", "elapsed": 15.813516, "delta": 0.337001}}
{"target": -34.36049725414174, "params": {"C": 12068.744213618, "gamma": 0.021182881605706857}, "datetime": {"datetime": "2021-09-28 20:03:18", "elapsed": 16.170515, "delta": 0.356999}}
{"target": -35.12204626843127, "params": {"C": 11043.233900472704, "gamma": 0.061533052025668555}, "datetime": {"datetime": "2021-09-28 20:03:18", "elapsed": 16.498522, "delta": 0.328007}}
{"target": -36.353003655192076, "params": {"C": 12636.884688011081, "gamma": 0.10947698620934546}, "datetime": {"datetime": "2021-09-28 20:03:19", "elapsed": 16.827825, "delta": 0.329303}}
{"target": -34.821757254224124, "params": {"C": 11330.663059110639, "gamma": 0.05068334333951804}, "datetime": {"datetime": "2021-09-28 20:03:19", "elapsed": 17.19283, "delta": 0.365005}}
{"target": -34.484154843730025, "params": {"C": 12183.865445074673, "gamma": 0.017275070769728923}, "datetime": {"datetime": "2021-09-28 20:03:19", "elapsed": 17.556835, "delta": 0.364005}}
{"target": -36.66222812986986, "params": {"C": 12803.631820633216, "gamma": 0.1260231572992293}, "datetime": {"datetime": "2021-09-28 20:03:20", "elapsed": 17.942826, "delta": 0.385991}}
{"target": -36.61078459134505, "params": {"C": 10391.21826272399, "gamma": 0.13644286171455391}, "datetime": {"datetime": "2021-09-28 20:03:20", "elapsed": 18.291828, "delta": 0.349002}}
{"target": -36.582379600239946, "params": {"C": 9830.228315254933, "gamma": 0.1378227357511316}, "datetime": {"datetime": "2021-09-28 20:03:20", "elapsed": 18.670103, "delta": 0.378275}}
{"target": -34.52101754309905, "params": {"C": 9500.860723091035, "gamma": 0.03693958998758066}, "datetime": {"datetime": "2021-09-28 20:03:21", "elapsed": 19.010101, "delta": 0.339998}}
{"target": -35.02559406693957, "params": {"C": 10151.024331237137, "gamma": 0.059757821799285016}, "datetime": {"datetime": "2021-09-28 20:03:21", "elapsed": 19.362706, "delta": 0.352605}}
{"target": -34.36514408518933, "params": {"C": 11095.66827694435, "gamma": 0.026522001585471987}, "datetime": {"datetime": "2021-09-28 20:03:22", "elapsed": 19.737699, "delta": 0.374993}}
{"target": -35.89504386206454, "params": {"C": 11195.151338880087, "gamma": 0.09138582455277262}, "datetime": {"datetime": "2021-09-28 20:03:22", "elapsed": 20.166701, "delta": 0.429002}}
{"target": -35.385140278409075, "params": {"C": 9904.7203273461, "gamma": 0.07374691242999484}, "datetime": {"datetime": "2021-09-28 20:03:22", "elapsed": 20.587204, "delta": 0.420503}}
{"target": -36.43845929565929, "params": {"C": 10829.210588817261, "gamma": 0.12266859847877809}, "datetime": {"datetime": "2021-09-28 20:03:23", "elapsed": 21.031206, "delta": 0.444002}}
{"target": -36.49672749669685, "params": {"C": 10856.868268528133, "gamma": 0.125991632577878}, "datetime": {"datetime": "2021-09-28 20:03:23", "elapsed": 21.417207, "delta": 0.386001}}
{"target": -35.730584943283695, "params": {"C": 11261.532512432248, "gamma": 0.08400075924417198}, "datetime": {"datetime": "2021-09-28 20:03:24", "elapsed": 21.791208, "delta": 0.374001}}
{"target": -36.604852405254995, "params": {"C": 10049.575083366994, "gamma": 0.13809868327124075}, "datetime": {"datetime": "2021-09-28 20:03:24", "elapsed": 22.171204, "delta": 0.379996}}
{"target": -36.89247657593061, "params": {"C": 11349.964537545391, "gamma": 0.14860864635884877}, "datetime": {"datetime": "2021-09-28 20:03:24", "elapsed": 22.578355, "delta": 0.407151}}
{"target": -36.070549909676615, "params": {"C": 9277.196144996407, "gamma": 0.10809799233259064}, "datetime": {"datetime": "2021-09-28 20:03:25", "elapsed": 22.989359, "delta": 0.411004}}
{"target": -34.34089649566668, "params": {"C": 11548.210984056923, "gamma": 0.023431889938996628}, "datetime": {"datetime": "2021-09-28 20:03:25", "elapsed": 23.545356, "delta": 0.555997}}
{"target": -37.19193126391467, "params": {"C": 12539.55415183723, "gamma": 0.159696252373943}, "datetime": {"datetime": "2021-09-28 20:03:26", "elapsed": 24.076358, "delta": 0.531002}}
{"target": -34.38354107120901, "params": {"C": 10112.337281786651, "gamma": 0.028223007128237207}, "datetime": {"datetime": "2021-09-28 20:03:26", "elapsed": 24.516356, "delta": 0.439998}}
{"target": -36.030664533822566, "params": {"C": 10903.92717826754, "gamma": 0.09894851244829869}, "datetime": {"datetime": "2021-09-28 20:03:27", "elapsed": 24.89052, "delta": 0.374164}}
{"target": -34.82274580459719, "params": {"C": 11633.034095131181, "gamma": 0.01300543439098402}, "datetime": {"datetime": "2021-09-28 20:03:27", "elapsed": 25.399193, "delta": 0.508673}}
{"target": -35.55197299834064, "params": {"C": 10067.567199192232, "gamma": 0.07999140294021728}, "datetime": {"datetime": "2021-09-28 20:03:28", "elapsed": 25.876189, "delta": 0.476996}}
{"target": -35.82718317624598, "params": {"C": 12662.541864616986, "gamma": 0.0842286996021477}, "datetime": {"datetime": "2021-09-28 20:03:28", "elapsed": 26.303188, "delta": 0.426999}}
{"target": -36.53605992606327, "params": {"C": 11601.0984609951, "gamma": 0.12436246936820358}, "datetime": {"datetime": "2021-09-28 20:03:28", "elapsed": 26.693897, "delta": 0.390709}}
{"target": -34.510664976571874, "params": {"C": 11222.619618656976, "gamma": 0.03497922079456876}, "datetime": {"datetime": "2021-09-28 20:03:29", "elapsed": 27.094896, "delta": 0.400999}}
{"target": -36.15123452517948, "params": {"C": 11100.053094030794, "gamma": 0.006205101140416365}, "datetime": {"datetime": "2021-09-28 20:03:29", "elapsed": 27.508895, "delta": 0.413999}}
{"target": -35.95361398713614, "params": {"C": 11398.140792522423, "gamma": 0.09344389806360016}, "datetime": {"datetime": "2021-09-28 20:03:30", "elapsed": 27.976896, "delta": 0.468001}}
{"target": -36.06255630122302, "params": {"C": 10220.089318592356, "gamma": 0.10334945797349711}, "datetime": {"datetime": "2021-09-28 20:03:30", "elapsed": 28.400897, "delta": 0.424001}}
{"target": -35.57193621566107, "params": {"C": 9618.788113453686, "gamma": 0.08215805147291319}, "datetime": {"datetime": "2021-09-28 20:03:31", "elapsed": 28.819052, "delta": 0.418155}}
{"target": -35.73603756681275, "params": {"C": 10092.64599508502, "gamma": 0.08778422546694513}, "datetime": {"datetime": "2021-09-28 20:03:31", "elapsed": 29.220051, "delta": 0.400999}}
{"target": -34.61005030821952, "params": {"C": 9205.222225191232, "gamma": 0.042506877591215}, "datetime": {"datetime": "2021-09-28 20:03:31", "elapsed": 29.603052, "delta": 0.383001}}
{"target": -36.64332434741123, "params": {"C": 11412.093360037976, "gamma": 0.1323137950454899}, "datetime": {"datetime": "2021-09-28 20:03:32", "elapsed": 30.030055, "delta": 0.427003}}
{"target": -34.700598384396464, "params": {"C": 9331.252310079299, "gamma": 0.04767863558852759}, "datetime": {"datetime": "2021-09-28 20:03:32", "elapsed": 30.534993, "delta": 0.504938}}
{"target": -35.71776744731104, "params": {"C": 9539.141901373301, "gamma": 0.08883291020087274}, "datetime": {"datetime": "2021-09-28 20:03:33", "elapsed": 30.988995, "delta": 0.454002}}
{"target": -36.95377936782493, "params": {"C": 10183.177461567953, "gamma": 0.1599454150458015}, "datetime": {"datetime": "2021-09-28 20:03:33", "elapsed": 31.396997, "delta": 0.408002}}
{"target": -35.86787709855362, "params": {"C": 12656.177280275753, "gamma": 0.08593017646977859}, "datetime": {"datetime": "2021-09-28 20:03:34", "elapsed": 31.847997, "delta": 0.451}}
{"target": -36.72039447198555, "params": {"C": 12385.697727467286, "gamma": 0.13208380456467098}, "datetime": {"datetime": "2021-09-28 20:03:34", "elapsed": 32.268032, "delta": 0.420035}}
{"target": -35.84585653522892, "params": {"C": 9042.252954392468, "gamma": 0.09688882327170331}, "datetime": {"datetime": "2021-09-28 20:03:34", "elapsed": 32.677186, "delta": 0.409154}}
{"target": -34.40301546080293, "params": {"C": 9764.18347576798, "gamma": 0.02965003075890975}, "datetime": {"datetime": "2021-09-28 20:03:35", "elapsed": 33.114193, "delta": 0.437007}}
{"target": -34.40653171403431, "params": {"C": 11113.991679138819, "gamma": 0.0290058440261285}, "datetime": {"datetime": "2021-09-28 20:03:35", "elapsed": 33.608193, "delta": 0.494}}
{"target": -37.05716058460368, "params": {"C": 11559.757223645514, "gamma": 0.15784303564489577}, "datetime": {"datetime": "2021-09-28 20:03:36", "elapsed": 34.043707, "delta": 0.435514}}
{"target": -35.60704190803283, "params": {"C": 10953.854979422069, "gamma": 0.008717975816724156}, "datetime": {"datetime": "2021-09-28 20:03:36", "elapsed": 34.489714, "delta": 0.446007}}
{"target": -36.32897387984336, "params": {"C": 12749.707923274495, "gamma": 0.10779479584035724}, "datetime": {"datetime": "2021-09-28 20:03:37", "elapsed": 34.933474, "delta": 0.44376}}
{"target": -34.91072901746257, "params": {"C": 10142.268753372111, "gamma": 0.013270607093345793}, "datetime": {"datetime": "2021-09-28 20:03:37", "elapsed": 35.401075, "delta": 0.467601}}
{"target": -35.539217764604835, "params": {"C": 9207.052942550881, "gamma": 0.08205277948850287}, "datetime": {"datetime": "2021-09-28 20:03:38", "elapsed": 36.100075, "delta": 0.699}}
{"target": -34.69680786555808, "params": {"C": 9974.751526249416, "gamma": 0.04660597499478847}, "datetime": {"datetime": "2021-09-28 20:03:38", "elapsed": 36.638136, "delta": 0.538061}}
{"target": -34.86343629520541, "params": {"C": 9928.96631733919, "gamma": 0.05430297824715263}, "datetime": {"datetime": "2021-09-28 20:03:39", "elapsed": 37.099434, "delta": 0.461298}}
{"target": -36.28536142776671, "params": {"C": 9429.844749688267, "gamma": 0.12103748151883885}, "datetime": {"datetime": "2021-09-28 20:03:39", "elapsed": 37.597438, "delta": 0.498004}}
{"target": -36.9421474137742, "params": {"C": 10724.842516814448, "gamma": 0.1556177126491062}, "datetime": {"datetime": "2021-09-28 20:03:40", "elapsed": 38.119438, "delta": 0.522}}
{"target": -36.911334038447805, "params": {"C": 10954.141847307545, "gamma": 0.15216836718031024}, "datetime": {"datetime": "2021-09-28 20:03:40", "elapsed": 38.609434, "delta": 0.489996}}
{"target": -35.38299286852477, "params": {"C": 9431.168453821676, "gamma": 0.07491983077119065}, "datetime": {"datetime": "2021-09-28 20:03:41", "elapsed": 39.138996, "delta": 0.529562}}
{"target": -36.92384443044522, "params": {"C": 12928.355327321988, "gamma": 0.14070213428364603}, "datetime": {"datetime": "2021-09-28 20:03:41", "elapsed": 39.599003, "delta": 0.460007}}
{"target": -36.39895935754006, "params": {"C": 9368.533336530816, "gamma": 0.12876772154084096}, "datetime": {"datetime": "2021-09-28 20:03:42", "elapsed": 40.143998, "delta": 0.544995}}
{"target": -35.446618757259365, "params": {"C": 10941.27437705204, "gamma": 0.07355744241530524}, "datetime": {"datetime": "2021-09-28 20:03:42", "elapsed": 40.605613, "delta": 0.461615}}
{"target": -36.075677659678554, "params": {"C": 12835.59026003788, "gamma": 0.09464285678426508}, "datetime": {"datetime": "2021-09-28 20:03:43", "elapsed": 41.105308, "delta": 0.499695}}
{"target": -36.8082374475261, "params": {"C": 11574.995162345183, "gamma": 0.141998749983675}, "datetime": {"datetime": "2021-09-28 20:03:44", "elapsed": 41.731308, "delta": 0.626}}
{"target": -35.76207205681367, "params": {"C": 12393.25316770185, "gamma": 0.08227510139926562}, "datetime": {"datetime": "2021-09-28 20:03:44", "elapsed": 42.261304, "delta": 0.529996}}
{"target": -34.438597701618626, "params": {"C": 11475.440418770275, "gamma": 0.03066977795254495}, "datetime": {"datetime": "2021-09-28 20:03:45", "elapsed": 42.850662, "delta": 0.589358}}
{"target": -36.1075703089004, "params": {"C": 11349.262824627891, "gamma": 0.10127273301200548}, "datetime": {"datetime": "2021-09-28 20:03:45", "elapsed": 43.339658, "delta": 0.488996}}
{"target": -34.39943320194485, "params": {"C": 11034.159100212588, "gamma": 0.021200719576977764}, "datetime": {"datetime": "2021-09-28 20:03:46", "elapsed": 43.882655, "delta": 0.542997}}
{"target": -34.38865601531808, "params": {"C": 12515.389090731353, "gamma": 0.02720173967615181}, "datetime": {"datetime": "2021-09-28 20:03:46", "elapsed": 44.390659, "delta": 0.508004}}
{"target": -36.475714761341585, "params": {"C": 10154.502544088267, "gamma": 0.12879148936575824}, "datetime": {"datetime": "2021-09-28 20:03:47", "elapsed": 44.912796, "delta": 0.522137}}
{"target": -36.59641195478229, "params": {"C": 12507.281956095176, "gamma": 0.12342942855017655}, "datetime": {"datetime": "2021-09-28 20:03:47", "elapsed": 45.502715, "delta": 0.589919}}
{"target": -36.55737067363794, "params": {"C": 10761.088416391309, "gamma": 0.13040063540261063}, "datetime": {"datetime": "2021-09-28 20:03:48", "elapsed": 46.17971, "delta": 0.676995}}
{"target": -36.349748686151244, "params": {"C": 12648.53987730561, "gamma": 0.10926094411779338}, "datetime": {"datetime": "2021-09-28 20:03:48", "elapsed": 46.704445, "delta": 0.524735}}
{"target": -35.9748674380208, "params": {"C": 11361.853535941425, "gamma": 0.09457165237219603}, "datetime": {"datetime": "2021-09-28 20:03:49", "elapsed": 47.229443, "delta": 0.524998}}
{"target": -35.09931310757075, "params": {"C": 9240.505477791698, "gamma": 0.06436605291094394}, "datetime": {"datetime": "2021-09-28 20:03:50", "elapsed": 47.903443, "delta": 0.674}}
{"target": -35.9706710572023, "params": {"C": 12517.896053561886, "gamma": 0.09076222279146054}, "datetime": {"datetime": "2021-09-28 20:03:50", "elapsed": 48.523441, "delta": 0.619998}}
{"target": -35.06482559924299, "params": {"C": 9949.616543040234, "gamma": 0.012263400672217577}, "datetime": {"datetime": "2021-09-28 20:03:51", "elapsed": 49.080868, "delta": 0.557427}}
{"target": -36.157084977517684, "params": {"C": 9385.101421111634, "gamma": 0.11285989411267913}, "datetime": {"datetime": "2021-09-28 20:03:51", "elapsed": 49.658864, "delta": 0.577996}}
{"target": -35.5521558166458, "params": {"C": 10021.197915296067, "gamma": 0.0801319197675341}, "datetime": {"datetime": "2021-09-28 20:03:52", "elapsed": 50.288862, "delta": 0.629998}}
{"target": -34.806669096030404, "params": {"C": 11569.107270997343, "gamma": 0.013161830668055634}, "datetime": {"datetime": "2021-09-28 20:03:53", "elapsed": 51.063135, "delta": 0.774273}}
{"target": -36.59006267028567, "params": {"C": 10747.466138270782, "gamma": 0.13268082936773465}, "datetime": {"datetime": "2021-09-28 20:03:53", "elapsed": 51.714135, "delta": 0.651}}
{"target": -36.82410310858526, "params": {"C": 10346.559708795652, "gamma": 0.15062217849565426}, "datetime": {"datetime": "2021-09-28 20:03:54", "elapsed": 52.479137, "delta": 0.765002}}
{"target": -34.506626898511016, "params": {"C": 11361.919658630264, "gamma": 0.03465111064823717}, "datetime": {"datetime": "2021-09-28 20:03:55", "elapsed": 53.188123, "delta": 0.708986}}
{"target": -35.819374637146765, "params": {"C": 10866.762984211433, "gamma": 0.08901081120685123}, "datetime": {"datetime": "2021-09-28 20:03:56", "elapsed": 54.128118, "delta": 0.939995}}
{"target": -35.30382235703432, "params": {"C": 10502.287261107438, "gamma": 0.06920429360499432}, "datetime": {"datetime": "2021-09-28 20:03:57", "elapsed": 54.936118, "delta": 0.808}}
{"target": -36.53607093988502, "params": {"C": 10315.827355455627, "gamma": 0.13172645951599926}, "datetime": {"datetime": "2021-09-28 20:03:57", "elapsed": 55.525781, "delta": 0.589663}}
{"target": -36.94399089821098, "params": {"C": 10943.612781073514, "gamma": 0.15431430469357732}, "datetime": {"datetime": "2021-09-28 20:03:58", "elapsed": 56.06378, "delta": 0.537999}}
{"target": -34.54562989156765, "params": {"C": 11273.09474291541, "gamma": 0.036937750744817865}, "datetime": {"datetime": "2021-09-28 20:03:58", "elapsed": 56.610783, "delta": 0.547003}}
{"target": -34.49436873168204, "params": {"C": 10412.666464191228, "gamma": 0.018925177052559614}, "datetime": {"datetime": "2021-09-28 20:03:59", "elapsed": 57.281026, "delta": 0.670243}}
{"target": -35.0982381224003, "params": {"C": 9415.440593902007, "gamma": 0.06393571449547934}, "datetime": {"datetime": "2021-09-28 20:04:00", "elapsed": 57.871027, "delta": 0.590001}}
{"target": -35.88709874792229, "params": {"C": 10434.375901969854, "gamma": 0.0935772954128275}, "datetime": {"datetime": "2021-09-28 20:04:00", "elapsed": 58.446027, "delta": 0.575}}
{"target": -34.94475336277506, "params": {"C": 9093.612254077565, "gamma": 0.058848212397694846}, "datetime": {"datetime": "2021-09-28 20:04:01", "elapsed": 59.024033, "delta": 0.578006}}
{"target": -34.54260259962047, "params": {"C": 11202.035402242187, "gamma": 0.03681805623303667}, "datetime": {"datetime": "2021-09-28 20:04:01", "elapsed": 59.595026, "delta": 0.570993}}
{"target": -35.93357502777272, "params": {"C": 11993.880948381822, "gamma": 0.09065005925362575}, "datetime": {"datetime": "2021-09-28 20:04:02", "elapsed": 60.243028, "delta": 0.648002}}
{"target": -34.486027478816915, "params": {"C": 10974.123649571118, "gamma": 0.03373800989839056}, "datetime": {"datetime": "2021-09-28 20:04:03", "elapsed": 61.01213, "delta": 0.769102}}
{"target": -36.48092356565332, "params": {"C": 11843.026952258857, "gamma": 0.11994828889344401}, "datetime": {"datetime": "2021-09-28 20:04:03", "elapsed": 61.671125, "delta": 0.658995}}
{"target": -34.36215659446971, "params": {"C": 12025.503933879001, "gamma": 0.021179041789832542}, "datetime": {"datetime": "2021-09-28 20:04:04", "elapsed": 62.343131, "delta": 0.672006}}
{"target": -34.63071942079175, "params": {"C": 10047.69302801522, "gamma": 0.042881480021458515}, "datetime": {"datetime": "2021-09-28 20:04:05", "elapsed": 62.95894, "delta": 0.615809}}
{"target": -34.52587544544038, "params": {"C": 12291.826268613171, "gamma": 0.03511651710845876}, "datetime": {"datetime": "2021-09-28 20:04:05", "elapsed": 63.553938, "delta": 0.594998}}
{"target": -36.26571953866513, "params": {"C": 10703.06527527617, "gamma": 0.1131462756787477}, "datetime": {"datetime": "2021-09-28 20:04:06", "elapsed": 64.172939, "delta": 0.619001}}
{"target": -35.39025061676081, "params": {"C": 11008.919313468243, "gamma": 0.07128188215457643}, "datetime": {"datetime": "2021-09-28 20:04:07", "elapsed": 64.805658, "delta": 0.632719}}
{"target": -34.547450377287916, "params": {"C": 12004.722430131971, "gamma": 0.01598458386232168}, "datetime": {"datetime": "2021-09-28 20:04:07", "elapsed": 65.479663, "delta": 0.674005}}
{"target": -34.99172558433592, "params": {"C": 10816.513078933209, "gamma": 0.057360156860560015}, "datetime": {"datetime": "2021-09-28 20:04:08", "elapsed": 66.264653, "delta": 0.78499}}
{"target": -34.90050746658751, "params": {"C": 10624.658236928153, "gamma": 0.0544755783431261}, "datetime": {"datetime": "2021-09-28 20:04:09", "elapsed": 66.898293, "delta": 0.63364}}
{"target": -36.77595718509738, "params": {"C": 12194.447374831896, "gamma": 0.13650372670600106}, "datetime": {"datetime": "2021-09-28 20:04:09", "elapsed": 67.682293, "delta": 0.784}}
{"target": -36.22400930105665, "params": {"C": 9987.538763817436, "gamma": 0.11404170507378261}, "datetime": {"datetime": "2021-09-28 20:04:10", "elapsed": 68.413294, "delta": 0.731001}}
{"target": -34.32360610968919, "params": {"C": 12493.829075360687, "gamma": 0.02280932818904873}, "datetime": {"datetime": "2021-09-28 20:04:11", "elapsed": 69.257388, "delta": 0.844094}}
{"target": -34.38945619632342, "params": {"C": 9528.393053836495, "gamma": 0.024641820479629206}, "datetime": {"datetime": "2021-09-28 20:04:12", "elapsed": 69.956385, "delta": 0.698997}}
{"target": -36.593864043973106, "params": {"C": 10499.849495590766, "gamma": 0.13451599871500391}, "datetime": {"datetime": "2021-09-28 20:04:13", "elapsed": 70.966799, "delta": 1.010414}}
{"target": -36.557384182370264, "params": {"C": 9623.594599097596, "gamma": 0.13732923032772812}, "datetime": {"datetime": "2021-09-28 20:04:15", "elapsed": 73.161416, "delta": 2.194617}}
{"target": -35.55634135224807, "params": {"C": 12403.749747102156, "gamma": 0.07434497829193722}, "datetime": {"datetime": "2021-09-28 20:04:17", "elapsed": 74.77321, "delta": 1.611794}}
{"target": -34.649965011452494, "params": {"C": 12056.999890177336, "gamma": 0.041913553058028616}, "datetime": {"datetime": "2021-09-28 20:04:17", "elapsed": 75.436357, "delta": 0.663147}}
{"target": -35.55202167612238, "params": {"C": 10297.16434474736, "gamma": 0.07934668817136356}, "datetime": {"datetime": "2021-09-28 20:04:18", "elapsed": 76.214358, "delta": 0.778001}}
