{"target": 0.25696702875282706, "params": {"C": 69442.8815808167, "gamma": 0.026431237892017484}, "datetime": {"datetime": "2021-10-04 11:18:12", "elapsed": 7.65462, "delta": 0.326545}}
{"target": 0.271627493995491, "params": {"C": 51433.823067339596, "gamma": 0.04996014703768959}, "datetime": {"datetime": "2021-10-04 11:18:12", "elapsed": 7.950614, "delta": 0.295994}}
{"target": 0.26846935821543827, "params": {"C": 108033.84686945214, "gamma": 0.03423385302068974}, "datetime": {"datetime": "2021-10-04 11:18:12", "elapsed": 8.256747, "delta": 0.306133}}
{"target": 0.16478051183388376, "params": {"C": 22319.38206662322, "gamma": 0.014274551846494616}, "datetime": {"datetime": "2021-10-04 11:18:13", "elapsed": 8.519187, "delta": 0.26244}}
{"target": 0.2653432341411589, "params": {"C": 26229.138248880052, "gamma": 0.08342920268676848}, "datetime": {"datetime": "2021-10-04 11:18:13", "elapsed": 8.807734, "delta": 0.288547}}
{"target": 0.2806438054339607, "params": {"C": 59624.96047991992, "gamma": 0.10306978565806188}, "datetime": {"datetime": "2021-10-04 11:18:13", "elapsed": 9.116735, "delta": 0.309001}}
{"target": 0.267008020117697, "params": {"C": 66144.55439125145, "gamma": 0.03633690225966055}, "datetime": {"datetime": "2021-10-04 11:18:13", "elapsed": 9.404733, "delta": 0.287998}}
{"target": 0.28008828553281584, "params": {"C": 61843.03241013663, "gamma": 0.08722378113869665}, "datetime": {"datetime": "2021-10-04 11:18:14", "elapsed": 9.698943, "delta": 0.29421}}
{"target": 0.26536382984918994, "params": {"C": 28495.387419446022, "gamma": 0.1327201161301926}, "datetime": {"datetime": "2021-10-04 11:18:14", "elapsed": 10.00994, "delta": 0.310997}}
{"target": 0.26278429694756855, "params": {"C": 109522.69912969116, "gamma": 0.09884414182268154}, "datetime": {"datetime": "2021-10-04 11:18:14", "elapsed": 10.29594, "delta": 0.286}}
{"target": 0.26850049387957875, "params": {"C": 61879.437088047045, "gamma": 0.18287190632467704}, "datetime": {"datetime": "2021-10-04 11:18:15", "elapsed": 10.614655, "delta": 0.318715}}
{"target": 0.23129415200942216, "params": {"C": 22790.203054443708, "gamma": 0.035397169745388486}, "datetime": {"datetime": "2021-10-04 11:18:15", "elapsed": 10.931656, "delta": 0.317001}}
{"target": 0.2641944876775769, "params": {"C": 61736.419901655405, "gamma": 0.1994440725956605}, "datetime": {"datetime": "2021-10-04 11:18:15", "elapsed": 11.299124, "delta": 0.367468}}
{"target": 0.25619870031591907, "params": {"C": 108232.7830332195, "gamma": 0.16949161336958307}, "datetime": {"datetime": "2021-10-04 11:18:16", "elapsed": 11.600727, "delta": 0.301603}}
{"target": 0.26761433944152135, "params": {"C": 81119.8393968505, "gamma": 0.1635221297442088}, "datetime": {"datetime": "2021-10-04 11:18:16", "elapsed": 11.931728, "delta": 0.331001}}
{"target": 0.2657592870909483, "params": {"C": 26263.275319605986, "gamma": 0.10973462451432964}, "datetime": {"datetime": "2021-10-04 11:18:16", "elapsed": 12.348727, "delta": 0.416999}}
{"target": 0.27341407570081366, "params": {"C": 59625.25628240136, "gamma": 0.16162531489695403}, "datetime": {"datetime": "2021-10-04 11:18:17", "elapsed": 12.706969, "delta": 0.358242}}
{"target": 0.27253880092689753, "params": {"C": 92721.75993791093, "gamma": 0.05512046890504063}, "datetime": {"datetime": "2021-10-04 11:18:17", "elapsed": 13.021916, "delta": 0.314947}}
{"target": 0.261199950495867, "params": {"C": 95148.81834720439, "gamma": 0.17302409523846726}, "datetime": {"datetime": "2021-10-04 11:18:17", "elapsed": 13.308919, "delta": 0.287003}}
{"target": 0.19503711459625994, "params": {"C": 59626.212043094114, "gamma": 0.01128124844091669}, "datetime": {"datetime": "2021-10-04 11:18:18", "elapsed": 13.618914, "delta": 0.309995}}
{"target": 0.2806863565969283, "params": {"C": 59651.71652504159, "gamma": 0.09602381164662978}, "datetime": {"datetime": "2021-10-04 11:18:18", "elapsed": 14.025957, "delta": 0.407043}}
{"target": 0.2624176449689154, "params": {"C": 115823.92008716289, "gamma": 0.08540687747468334}, "datetime": {"datetime": "2021-10-04 11:18:18", "elapsed": 14.33496, "delta": 0.309003}}
{"target": 0.2585649444318695, "params": {"C": 33127.80653631517, "gamma": 0.174015294921716}, "datetime": {"datetime": "2021-10-04 11:18:19", "elapsed": 14.675381, "delta": 0.340421}}
{"target": 0.21575155624358233, "params": {"C": 88900.0091568498, "gamma": 0.01215120881218021}, "datetime": {"datetime": "2021-10-04 11:18:19", "elapsed": 15.004704, "delta": 0.329323}}
{"target": 0.28056608900683044, "params": {"C": 59652.56610863568, "gamma": 0.09101292964637375}, "datetime": {"datetime": "2021-10-04 11:18:19", "elapsed": 15.343128, "delta": 0.338424}}
{"target": 0.2629720391379189, "params": {"C": 39398.70764932793, "gamma": 0.04458269223036877}, "datetime": {"datetime": "2021-10-04 11:18:20", "elapsed": 15.70213, "delta": 0.359002}}
{"target": 0.2764908235229273, "params": {"C": 76222.93089223973, "gamma": 0.07163675821891113}, "datetime": {"datetime": "2021-10-04 11:18:20", "elapsed": 16.107131, "delta": 0.405001}}
{"target": 0.2714051404774869, "params": {"C": 97652.10046285308, "gamma": 0.04648308911577793}, "datetime": {"datetime": "2021-10-04 11:18:21", "elapsed": 16.518197, "delta": 0.411066}}
{"target": 0.2440798380009479, "params": {"C": 59653.0412567927, "gamma": 0.022003444490705217}, "datetime": {"datetime": "2021-10-04 11:18:21", "elapsed": 16.921744, "delta": 0.403547}}
{"target": 0.2798422832980999, "params": {"C": 48841.0962840729, "gamma": 0.12574228354014957}, "datetime": {"datetime": "2021-10-04 11:18:21", "elapsed": 17.299749, "delta": 0.378005}}
{"target": 0.272169720881982, "params": {"C": 94897.65113303992, "gamma": 0.05605322657080791}, "datetime": {"datetime": "2021-10-04 11:18:22", "elapsed": 17.706742, "delta": 0.406993}}
{"target": 0.26483806955940725, "params": {"C": 48883.299275817066, "gamma": 0.1904663029213715}, "datetime": {"datetime": "2021-10-04 11:18:22", "elapsed": 18.069919, "delta": 0.363177}}
{"target": 0.2692729670547984, "params": {"C": 51433.404236773065, "gamma": 0.045403311568482006}, "datetime": {"datetime": "2021-10-04 11:18:23", "elapsed": 18.543919, "delta": 0.474}}
{"target": 0.2785908987540128, "params": {"C": 38629.331660876574, "gamma": 0.10832712963256444}, "datetime": {"datetime": "2021-10-04 11:18:23", "elapsed": 18.978163, "delta": 0.434244}}
{"target": 0.2779551309047882, "params": {"C": 45718.24239339135, "gamma": 0.13585113464664705}, "datetime": {"datetime": "2021-10-04 11:18:23", "elapsed": 19.415178, "delta": 0.437015}}
{"target": 0.2764191200229664, "params": {"C": 61777.88039742745, "gamma": 0.14269001499861753}, "datetime": {"datetime": "2021-10-04 11:18:24", "elapsed": 19.903736, "delta": 0.488558}}
{"target": 0.27381240762058356, "params": {"C": 61842.55696443461, "gamma": 0.05105202635191129}, "datetime": {"datetime": "2021-10-04 11:18:24", "elapsed": 20.285054, "delta": 0.381318}}
{"target": 0.2740837094481071, "params": {"C": 71034.02626997861, "gamma": 0.14170002789058642}, "datetime": {"datetime": "2021-10-04 11:18:25", "elapsed": 20.75502, "delta": 0.469966}}
{"target": 0.26899794654542963, "params": {"C": 65505.265861549706, "gamma": 0.03947374444759163}, "datetime": {"datetime": "2021-10-04 11:18:25", "elapsed": 21.183018, "delta": 0.427998}}
{"target": 0.28069853933978706, "params": {"C": 59624.0551652786, "gamma": 0.09697996286391318}, "datetime": {"datetime": "2021-10-04 11:18:26", "elapsed": 21.667965, "delta": 0.484947}}
{"target": 0.271764517513707, "params": {"C": 94898.50720870972, "gamma": 0.07103049404689202}, "datetime": {"datetime": "2021-10-04 11:18:26", "elapsed": 22.218269, "delta": 0.550304}}
{"target": 0.2766188643149664, "params": {"C": 61817.74874756975, "gamma": 0.14130596606356507}, "datetime": {"datetime": "2021-10-04 11:18:27", "elapsed": 22.667017, "delta": 0.448748}}
{"target": 0.27913583676755993, "params": {"C": 51434.42432218061, "gamma": 0.0749451190952449}, "datetime": {"datetime": "2021-10-04 11:18:27", "elapsed": 23.114304, "delta": 0.447287}}
{"target": 0.19722116099103348, "params": {"C": 58505.913561587724, "gamma": 0.011670386991315316}, "datetime": {"datetime": "2021-10-04 11:18:28", "elapsed": 23.535589, "delta": 0.421285}}
{"target": 0.2677577809529663, "params": {"C": 61909.570791283266, "gamma": 0.18590428650794794}, "datetime": {"datetime": "2021-10-04 11:18:28", "elapsed": 23.957588, "delta": 0.421999}}
{"target": 0.27846996994080386, "params": {"C": 38604.75567632731, "gamma": 0.11063594037146578}, "datetime": {"datetime": "2021-10-04 11:18:28", "elapsed": 24.450817, "delta": 0.493229}}
{"target": 0.2746167254279436, "params": {"C": 46292.12558029032, "gamma": 0.1530886095453147}, "datetime": {"datetime": "2021-10-04 11:18:29", "elapsed": 24.861984, "delta": 0.411167}}
{"target": 0.27897412307206426, "params": {"C": 47311.25537682326, "gamma": 0.07704844535286762}, "datetime": {"datetime": "2021-10-04 11:18:29", "elapsed": 25.246606, "delta": 0.384622}}
{"target": 0.2678779775733091, "params": {"C": 61777.42443819253, "gamma": 0.18544627042181028}, "datetime": {"datetime": "2021-10-04 11:18:30", "elapsed": 25.630119, "delta": 0.383513}}
{"target": 0.28084544897356967, "params": {"C": 55299.26626121075, "gamma": 0.11266626785663501}, "datetime": {"datetime": "2021-10-04 11:18:30", "elapsed": 25.997599, "delta": 0.36748}}
{"target": 0.2725401510565829, "params": {"C": 32399.64777979894, "gamma": 0.12279187997683123}, "datetime": {"datetime": "2021-10-04 11:18:30", "elapsed": 26.382858, "delta": 0.385259}}
{"target": 0.270386458488591, "params": {"C": 34882.45035512291, "gamma": 0.1445244926711506}, "datetime": {"datetime": "2021-10-04 11:18:31", "elapsed": 26.764806, "delta": 0.381948}}
{"target": 0.25559150848123025, "params": {"C": 61880.21069524003, "gamma": 0.027164146902593646}, "datetime": {"datetime": "2021-10-04 11:18:31", "elapsed": 27.220481, "delta": 0.455675}}
{"target": 0.2606126026687209, "params": {"C": 100245.44795874973, "gamma": 0.156946434843142}, "datetime": {"datetime": "2021-10-04 11:18:32", "elapsed": 27.619823, "delta": 0.399342}}
{"target": 0.27092621680193674, "params": {"C": 88076.22208310895, "gamma": 0.11003586770356229}, "datetime": {"datetime": "2021-10-04 11:18:32", "elapsed": 28.027972, "delta": 0.408149}}
{"target": 0.25578930708823566, "params": {"C": 102893.65830351356, "gamma": 0.19713920985332012}, "datetime": {"datetime": "2021-10-04 11:18:33", "elapsed": 28.46739, "delta": 0.439418}}
{"target": 0.28033523843011954, "params": {"C": 61778.50533402778, "gamma": 0.09671376312185076}, "datetime": {"datetime": "2021-10-04 11:18:33", "elapsed": 28.930337, "delta": 0.462947}}
{"target": 0.26966608718326346, "params": {"C": 66143.91340793738, "gamma": 0.17540411144743542}, "datetime": {"datetime": "2021-10-04 11:18:33", "elapsed": 29.440572, "delta": 0.510235}}
{"target": 0.2087158868291712, "params": {"C": 38626.91612973594, "gamma": 0.0167541084616208}, "datetime": {"datetime": "2021-10-04 11:18:34", "elapsed": 29.981766, "delta": 0.541194}}
{"target": 0.2726900789163097, "params": {"C": 82095.62587755393, "gamma": 0.11736730259488856}, "datetime": {"datetime": "2021-10-04 11:18:34", "elapsed": 30.430168, "delta": 0.448402}}
{"target": 0.27128814961375136, "params": {"C": 90296.74069583966, "gamma": 0.0973937317662105}, "datetime": {"datetime": "2021-10-04 11:18:35", "elapsed": 30.835391, "delta": 0.405223}}
{"target": 0.2622631286582715, "params": {"C": 61818.20884712646, "gamma": 0.032251257284553324}, "datetime": {"datetime": "2021-10-04 11:18:35", "elapsed": 31.434394, "delta": 0.599003}}
{"target": 0.2802333557954556, "params": {"C": 61736.94042081206, "gamma": 0.10378997705660938}, "datetime": {"datetime": "2021-10-04 11:18:36", "elapsed": 31.961304, "delta": 0.52691}}
{"target": 0.2545353459840082, "params": {"C": 86687.98469232688, "gamma": 0.022619827261098978}, "datetime": {"datetime": "2021-10-04 11:18:37", "elapsed": 32.454301, "delta": 0.492997}}
{"target": 0.28122418648788483, "params": {"C": 48842.16741848802, "gamma": 0.09674806593042092}, "datetime": {"datetime": "2021-10-04 11:18:37", "elapsed": 33.037956, "delta": 0.583655}}
{"target": 0.2793332734795394, "params": {"C": 48841.70756731419, "gamma": 0.07771562144849396}, "datetime": {"datetime": "2021-10-04 11:18:38", "elapsed": 33.581954, "delta": 0.543998}}
{"target": 0.26758091684261887, "params": {"C": 28571.130548738816, "gamma": 0.0771822514530998}, "datetime": {"datetime": "2021-10-04 11:18:38", "elapsed": 34.098958, "delta": 0.517004}}
{"target": 0.2633920289407009, "params": {"C": 32418.22788209267, "gamma": 0.05434067685854997}, "datetime": {"datetime": "2021-10-04 11:18:39", "elapsed": 34.603966, "delta": 0.505008}}
{"target": 0.2800887326996999, "params": {"C": 61816.42744005646, "gamma": 0.10713548564985681}, "datetime": {"datetime": "2021-10-04 11:18:39", "elapsed": 35.203494, "delta": 0.599528}}
{"target": 0.2779249146331224, "params": {"C": 56192.25930431599, "gamma": 0.1384991702947254}, "datetime": {"datetime": "2021-10-04 11:18:40", "elapsed": 35.719492, "delta": 0.515998}}
{"target": 0.27658995944208364, "params": {"C": 61910.71966783922, "gamma": 0.14137160910665658}, "datetime": {"datetime": "2021-10-04 11:18:40", "elapsed": 36.26436, "delta": 0.544868}}
{"target": 0.26879920379501354, "params": {"C": 55298.49723336819, "gamma": 0.0427056218298941}, "datetime": {"datetime": "2021-10-04 11:18:41", "elapsed": 36.795042, "delta": 0.530682}}
{"target": 0.28036319912179797, "params": {"C": 56192.750777067704, "gamma": 0.11799378972220159}, "datetime": {"datetime": "2021-10-04 11:18:41", "elapsed": 37.399727, "delta": 0.604685}}
{"target": 0.276547635463365, "params": {"C": 76223.48394024778, "gamma": 0.07266433006709379}, "datetime": {"datetime": "2021-10-04 11:18:42", "elapsed": 38.022722, "delta": 0.622995}}
{"target": 0.26645915480335747, "params": {"C": 56191.721739145076, "gamma": 0.19034109636418745}, "datetime": {"datetime": "2021-10-04 11:18:43", "elapsed": 38.597465, "delta": 0.574743}}
{"target": 0.2791202780432026, "params": {"C": 39810.994193722625, "gamma": 0.1088487958336453}, "datetime": {"datetime": "2021-10-04 11:18:43", "elapsed": 39.115292, "delta": 0.517827}}
{"target": 0.2631986898550439, "params": {"C": 108625.8051337251, "gamma": 0.09880258104295127}, "datetime": {"datetime": "2021-10-04 11:18:44", "elapsed": 39.727294, "delta": 0.612002}}
{"target": 0.2758754403438701, "params": {"C": 59676.4070437673, "gamma": 0.05824427745744675}, "datetime": {"datetime": "2021-10-04 11:18:44", "elapsed": 40.289459, "delta": 0.562165}}
{"target": 0.2776826325867173, "params": {"C": 47147.11639580193, "gamma": 0.070982269929358}, "datetime": {"datetime": "2021-10-04 11:18:45", "elapsed": 40.80525, "delta": 0.515791}}
{"target": 0.2640966781270414, "params": {"C": 61843.80187086223, "gamma": 0.1998001660282488}, "datetime": {"datetime": "2021-10-04 11:18:45", "elapsed": 41.373251, "delta": 0.568001}}
{"target": 0.2704860297528756, "params": {"C": 103624.66963194068, "gamma": 0.042964404717188355}, "datetime": {"datetime": "2021-10-04 11:18:46", "elapsed": 42.051152, "delta": 0.677901}}
{"target": 0.26652221698204914, "params": {"C": 98894.50286988597, "gamma": 0.10665285801587303}, "datetime": {"datetime": "2021-10-04 11:18:47", "elapsed": 42.592151, "delta": 0.540999}}
{"target": 0.24400947323480526, "params": {"C": 25969.66554355276, "gamma": 0.17535634033668349}, "datetime": {"datetime": "2021-10-04 11:18:47", "elapsed": 43.154738, "delta": 0.562587}}
{"target": 0.26746293768841833, "params": {"C": 47311.655550965996, "gamma": 0.04487858834914467}, "datetime": {"datetime": "2021-10-04 11:18:48", "elapsed": 43.758736, "delta": 0.603998}}
{"target": 0.25885794009069485, "params": {"C": 99976.54576109954, "gamma": 0.17773391873846822}, "datetime": {"datetime": "2021-10-04 11:18:48", "elapsed": 44.293738, "delta": 0.535002}}
{"target": 0.19402726538395187, "params": {"C": 56315.46184958714, "gamma": 0.011461182804772157}, "datetime": {"datetime": "2021-10-04 11:18:49", "elapsed": 44.822111, "delta": 0.528373}}
{"target": 0.2659833182031137, "params": {"C": 85521.43412133228, "gamma": 0.16367858984273226}, "datetime": {"datetime": "2021-10-04 11:18:49", "elapsed": 45.371115, "delta": 0.549004}}
{"target": 0.2643068190572664, "params": {"C": 94896.7868092949, "gamma": 0.14309688695908235}, "datetime": {"datetime": "2021-10-04 11:18:50", "elapsed": 45.931108, "delta": 0.559993}}
{"target": 0.27617189468290637, "params": {"C": 59623.53363373904, "gamma": 0.14667128602404736}, "datetime": {"datetime": "2021-10-04 11:18:51", "elapsed": 46.634866, "delta": 0.703758}}
{"target": 0.27933296963253174, "params": {"C": 51435.051063456136, "gamma": 0.13048752237006198}, "datetime": {"datetime": "2021-10-04 11:18:51", "elapsed": 47.269745, "delta": 0.634879}}
{"target": 0.22976012056456707, "params": {"C": 45732.03046422108, "gamma": 0.02024329298887868}, "datetime": {"datetime": "2021-10-04 11:18:52", "elapsed": 47.901173, "delta": 0.631428}}
{"target": 0.2783487896705247, "params": {"C": 39811.66801456824, "gamma": 0.119310474653655}, "datetime": {"datetime": "2021-10-04 11:18:53", "elapsed": 48.591543, "delta": 0.69037}}
{"target": 0.26289580705183313, "params": {"C": 47146.14479285036, "gamma": 0.19415555016860767}, "datetime": {"datetime": "2021-10-04 11:18:53", "elapsed": 49.247454, "delta": 0.655911}}
{"target": 0.2651280791727183, "params": {"C": 55877.49858381818, "gamma": 0.1947719387805891}, "datetime": {"datetime": "2021-10-04 11:18:54", "elapsed": 49.818407, "delta": 0.570953}}
{"target": 0.2780786042028237, "params": {"C": 45719.09828578015, "gamma": 0.07420251101117302}, "datetime": {"datetime": "2021-10-04 11:18:55", "elapsed": 50.463132, "delta": 0.644725}}
{"target": 0.2634603514588141, "params": {"C": 47310.58989877586, "gamma": 0.19273392716454024}, "datetime": {"datetime": "2021-10-04 11:18:55", "elapsed": 51.095405, "delta": 0.632273}}
{"target": 0.25693668111961454, "params": {"C": 106396.68677098028, "gamma": 0.16994275750329063}, "datetime": {"datetime": "2021-10-04 11:18:56", "elapsed": 51.600993, "delta": 0.505588}}
{"target": 0.2789152148850679, "params": {"C": 63641.78075438576, "gamma": 0.07553970424793838}, "datetime": {"datetime": "2021-10-04 11:18:56", "elapsed": 52.122392, "delta": 0.521399}}
{"target": 0.2716613402389736, "params": {"C": 88075.33123371514, "gamma": 0.043249274552435366}, "datetime": {"datetime": "2021-10-04 11:18:57", "elapsed": 52.755991, "delta": 0.633599}}
{"target": 0.2705817500340526, "params": {"C": 84607.51305320952, "gamma": 0.03955408555451908}, "datetime": {"datetime": "2021-10-04 11:18:57", "elapsed": 53.275178, "delta": 0.519187}}
{"target": 0.25855711678812576, "params": {"C": 106105.94499537857, "gamma": 0.1495301749402317}, "datetime": {"datetime": "2021-10-04 11:18:58", "elapsed": 53.833423, "delta": 0.558245}}
{"target": 0.2760393551597651, "params": {"C": 38628.808490824464, "gamma": 0.1314301579216604}, "datetime": {"datetime": "2021-10-04 11:18:59", "elapsed": 54.625959, "delta": 0.792536}}
{"target": 0.2792413112349912, "params": {"C": 39812.33839050244, "gamma": 0.10392894181405164}, "datetime": {"datetime": "2021-10-04 11:18:59", "elapsed": 55.282075, "delta": 0.656116}}
{"target": 0.27742797144550024, "params": {"C": 59650.985996111245, "gamma": 0.06469397209756503}, "datetime": {"datetime": "2021-10-04 11:19:00", "elapsed": 55.98159, "delta": 0.699515}}
{"target": 0.25124701358168977, "params": {"C": 61815.78750967891, "gamma": 0.02474081890224561}, "datetime": {"datetime": "2021-10-04 11:19:01", "elapsed": 56.578337, "delta": 0.596747}}
{"target": 0.27034475176183137, "params": {"C": 89634.38949242022, "gamma": 0.03883587980007892}, "datetime": {"datetime": "2021-10-04 11:19:01", "elapsed": 57.127486, "delta": 0.549149}}
{"target": 0.26134625016270985, "params": {"C": 114002.04390609838, "gamma": 0.09536058301946117}, "datetime": {"datetime": "2021-10-04 11:19:02", "elapsed": 57.668414, "delta": 0.540928}}
{"target": 0.27743123278363946, "params": {"C": 51435.50692626149, "gamma": 0.14267306937905286}, "datetime": {"datetime": "2021-10-04 11:19:02", "elapsed": 58.321376, "delta": 0.652962}}
{"target": 0.2785502400269827, "params": {"C": 69198.84922567054, "gamma": 0.08323288899627371}, "datetime": {"datetime": "2021-10-04 11:19:03", "elapsed": 58.898414, "delta": 0.577038}}
{"target": 0.2616237056239795, "params": {"C": 71033.42294931176, "gamma": 0.02949394427756427}, "datetime": {"datetime": "2021-10-04 11:19:04", "elapsed": 59.490277, "delta": 0.591863}}
{"target": 0.26734490194884475, "params": {"C": 55300.47342359734, "gamma": 0.1868969011490738}, "datetime": {"datetime": "2021-10-04 11:19:04", "elapsed": 60.127681, "delta": 0.637404}}
{"target": 0.2613142082851736, "params": {"C": 105032.6961100773, "gamma": 0.12536528366536176}, "datetime": {"datetime": "2021-10-04 11:19:05", "elapsed": 60.655985, "delta": 0.528304}}
{"target": 0.27668533007738905, "params": {"C": 62126.53109947271, "gamma": 0.06130465443365406}, "datetime": {"datetime": "2021-10-04 11:19:05", "elapsed": 61.295188, "delta": 0.639203}}
{"target": 0.26746266205798575, "params": {"C": 92722.4764174065, "gamma": 0.1227377833661419}, "datetime": {"datetime": "2021-10-04 11:19:06", "elapsed": 61.968897, "delta": 0.673709}}
{"target": 0.27074210564033485, "params": {"C": 58597.91483354145, "gamma": 0.17418303705739616}, "datetime": {"datetime": "2021-10-04 11:19:07", "elapsed": 62.507904, "delta": 0.539007}}
{"target": 0.2684827268035851, "params": {"C": 37376.92126944913, "gamma": 0.15899027855189007}, "datetime": {"datetime": "2021-10-04 11:19:07", "elapsed": 63.106361, "delta": 0.598457}}
{"target": 0.28019712679966746, "params": {"C": 62127.43862982432, "gamma": 0.09122568231800667}, "datetime": {"datetime": "2021-10-04 11:19:08", "elapsed": 63.843944, "delta": 0.737583}}
