{"target": -42.55978357424913, "params": {"C": 5545.76228815028, "gamma": 0.07082068825861453}, "datetime": {"datetime": "2021-09-29 18:19:06", "elapsed": 7.180955, "delta": 0.308842}}
{"target": -42.75497113505641, "params": {"C": 5079.462077069401, "gamma": 0.07923952769278966}, "datetime": {"datetime": "2021-09-29 18:19:06", "elapsed": 7.45292, "delta": 0.271965}}
{"target": -40.85339009526621, "params": {"C": 5175.520766242115, "gamma": 0.02626837403864623}, "datetime": {"datetime": "2021-09-29 18:19:07", "elapsed": 7.723654, "delta": 0.270734}}
{"target": -41.65073888386596, "params": {"C": 7357.650294717604, "gamma": 0.007062414397474529}, "datetime": {"datetime": "2021-09-29 18:19:07", "elapsed": 8.002263, "delta": 0.278609}}
{"target": -41.13833011668, "params": {"C": 5544.97991118062, "gamma": 0.03784795003249025}, "datetime": {"datetime": "2021-09-29 18:19:07", "elapsed": 8.278256, "delta": 0.275993}}
{"target": -43.956028281332785, "params": {"C": 9607.318727903756, "gamma": 0.07307300404799243}, "datetime": {"datetime": "2021-09-29 18:19:07", "elapsed": 8.559803, "delta": 0.281547}}
{"target": -43.75333005302301, "params": {"C": 8530.769638952155, "gamma": 0.07513392986816719}, "datetime": {"datetime": "2021-09-29 18:19:08", "elapsed": 8.845335, "delta": 0.285532}}
{"target": -41.107390141589875, "params": {"C": 5470.319948126648, "gamma": 0.03723893312782422}, "datetime": {"datetime": "2021-09-29 18:19:08", "elapsed": 9.26534, "delta": 0.420005}}
{"target": -41.03354044743143, "params": {"C": 7356.483476301834, "gamma": 0.02847863645387092}, "datetime": {"datetime": "2021-09-29 18:19:08", "elapsed": 9.632534, "delta": 0.367194}}
{"target": -42.263766130708824, "params": {"C": 5847.06980123891, "gamma": 0.0030773250434316004}, "datetime": {"datetime": "2021-09-29 18:19:09", "elapsed": 9.954562, "delta": 0.322028}}
{"target": -42.43825840816885, "params": {"C": 5546.8870913940955, "gamma": 0.06811683460287543}, "datetime": {"datetime": "2021-09-29 18:19:09", "elapsed": 10.34508, "delta": 0.390518}}
{"target": -41.73378712404543, "params": {"C": 5691.873575690876, "gamma": 0.051754490252847514}, "datetime": {"datetime": "2021-09-29 18:19:09", "elapsed": 10.633084, "delta": 0.288004}}
{"target": -41.805444428788476, "params": {"C": 8483.445342178224, "gamma": 0.042135228156026557}, "datetime": {"datetime": "2021-09-29 18:19:10", "elapsed": 10.949153, "delta": 0.316069}}
{"target": -43.786478902381404, "params": {"C": 8457.534831063726, "gamma": 0.07613778155364216}, "datetime": {"datetime": "2021-09-29 18:19:10", "elapsed": 11.230611, "delta": 0.281458}}
{"target": -42.266468510673576, "params": {"C": 5175.950748627695, "gamma": 0.06696087831367536}, "datetime": {"datetime": "2021-09-29 18:19:10", "elapsed": 11.563001, "delta": 0.33239}}
{"target": -41.304171626880624, "params": {"C": 6456.909939516409, "gamma": 0.01126199540818566}, "datetime": {"datetime": "2021-09-29 18:19:11", "elapsed": 11.871629, "delta": 0.308628}}
{"target": -41.13127224914123, "params": {"C": 5175.239466151217, "gamma": 0.014474545115384601}, "datetime": {"datetime": "2021-09-29 18:19:11", "elapsed": 12.208207, "delta": 0.336578}}
{"target": -41.08254315642098, "params": {"C": 6455.798341815973, "gamma": 0.014809095159865558}, "datetime": {"datetime": "2021-09-29 18:19:11", "elapsed": 12.563318, "delta": 0.355111}}
{"target": -42.93563890710951, "params": {"C": 8400.358453571363, "gamma": 0.0616357801154504}, "datetime": {"datetime": "2021-09-29 18:19:12", "elapsed": 12.886588, "delta": 0.32327}}
{"target": -41.06610712023653, "params": {"C": 7355.537995394123, "gamma": 0.02954079957783555}, "datetime": {"datetime": "2021-09-29 18:19:12", "elapsed": 13.258401, "delta": 0.371813}}
{"target": -41.349816041607774, "params": {"C": 8875.10752466183, "gamma": 0.032627928060332344}, "datetime": {"datetime": "2021-09-29 18:19:12", "elapsed": 13.575046, "delta": 0.316645}}
{"target": -41.43736060084948, "params": {"C": 5469.783902994947, "gamma": 0.009965522376160706}, "datetime": {"datetime": "2021-09-29 18:19:13", "elapsed": 13.935718, "delta": 0.360672}}
{"target": -41.65147400415397, "params": {"C": 7359.4059945593, "gamma": 0.042895265829537364}, "datetime": {"datetime": "2021-09-29 18:19:13", "elapsed": 14.340298, "delta": 0.40458}}
{"target": -41.049602407793074, "params": {"C": 7251.432882847765, "gamma": 0.029312966097691663}, "datetime": {"datetime": "2021-09-29 18:19:14", "elapsed": 14.747297, "delta": 0.406999}}
{"target": -41.597362513472, "params": {"C": 7251.9464157647735, "gamma": 0.042197096118579}, "datetime": {"datetime": "2021-09-29 18:19:14", "elapsed": 15.125295, "delta": 0.377998}}
{"target": -41.11578881869983, "params": {"C": 7554.04237559088, "gamma": 0.03044889069678805}, "datetime": {"datetime": "2021-09-29 18:19:14", "elapsed": 15.458297, "delta": 0.333002}}
{"target": -42.77495918620509, "params": {"C": 9546.105860013853, "gamma": 0.054575515640831906}, "datetime": {"datetime": "2021-09-29 18:19:15", "elapsed": 15.845296, "delta": 0.386999}}
{"target": -42.138589768213166, "params": {"C": 7250.869036781625, "gamma": 0.052565064900008264}, "datetime": {"datetime": "2021-09-29 18:19:15", "elapsed": 16.206341, "delta": 0.361045}}
{"target": -41.112015788640136, "params": {"C": 7355.972643002335, "gamma": 0.013982753150667835}, "datetime": {"datetime": "2021-09-29 18:19:15", "elapsed": 16.600785, "delta": 0.394444}}
{"target": -43.134451699835296, "params": {"C": 6455.26300566989, "gamma": 0.07642026784357862}, "datetime": {"datetime": "2021-09-29 18:19:16", "elapsed": 16.986783, "delta": 0.385998}}
{"target": -40.88087012519271, "params": {"C": 5627.9293847654235, "gamma": 0.02170473939422833}, "datetime": {"datetime": "2021-09-29 18:19:16", "elapsed": 17.333782, "delta": 0.346999}}
{"target": -42.72467093512453, "params": {"C": 7355.657430957293, "gamma": 0.06288898910638419}, "datetime": {"datetime": "2021-09-29 18:19:17", "elapsed": 17.762785, "delta": 0.429003}}
{"target": -41.34173862925874, "params": {"C": 5546.548761435824, "gamma": 0.011120474447781584}, "datetime": {"datetime": "2021-09-29 18:19:17", "elapsed": 18.190785, "delta": 0.428}}
{"target": -41.71624234558636, "params": {"C": 5546.370284720114, "gamma": 0.05213591657437337}, "datetime": {"datetime": "2021-09-29 18:19:17", "elapsed": 18.597889, "delta": 0.407104}}
{"target": -40.9226121122918, "params": {"C": 5628.008927047688, "gamma": 0.029732803544992976}, "datetime": {"datetime": "2021-09-29 18:19:18", "elapsed": 18.974894, "delta": 0.377005}}
{"target": -41.55110034325199, "params": {"C": 5545.113772499421, "gamma": 0.008643566769699285}, "datetime": {"datetime": "2021-09-29 18:19:18", "elapsed": 19.436889, "delta": 0.461995}}
{"target": -42.293360410924066, "params": {"C": 5545.360431022443, "gamma": 0.0649311480710713}, "datetime": {"datetime": "2021-09-29 18:19:19", "elapsed": 19.879914, "delta": 0.443025}}
{"target": -41.63421265000417, "params": {"C": 5257.6337055799995, "gamma": 0.05182865219765728}, "datetime": {"datetime": "2021-09-29 18:19:19", "elapsed": 20.367877, "delta": 0.487963}}
{"target": -41.38889532908776, "params": {"C": 5547.665774894318, "gamma": 0.044457876502056154}, "datetime": {"datetime": "2021-09-29 18:19:20", "elapsed": 20.726613, "delta": 0.358736}}
{"target": -41.09276473037421, "params": {"C": 6455.527792699338, "gamma": 0.033112028341469354}, "datetime": {"datetime": "2021-09-29 18:19:20", "elapsed": 21.12717, "delta": 0.400557}}
{"target": -41.05092557206486, "params": {"C": 5175.603512290478, "gamma": 0.016020888558282875}, "datetime": {"datetime": "2021-09-29 18:19:20", "elapsed": 21.599179, "delta": 0.472009}}
{"target": -43.51879736019815, "params": {"C": 7937.455671931739, "gamma": 0.07426757687735616}, "datetime": {"datetime": "2021-09-29 18:19:21", "elapsed": 22.036171, "delta": 0.436992}}
{"target": -41.90045901467023, "params": {"C": 5257.405866315828, "gamma": 0.05801369315284785}, "datetime": {"datetime": "2021-09-29 18:19:21", "elapsed": 22.42838, "delta": 0.392209}}
{"target": -42.259981072590314, "params": {"C": 7357.296897071767, "gamma": 0.05434886564298944}, "datetime": {"datetime": "2021-09-29 18:19:22", "elapsed": 22.851369, "delta": 0.422989}}
{"target": -40.9227075145177, "params": {"C": 5257.5328325652445, "gamma": 0.031298116182662476}, "datetime": {"datetime": "2021-09-29 18:19:22", "elapsed": 23.345428, "delta": 0.494059}}
{"target": -41.27415223275256, "params": {"C": 7357.125257399697, "gamma": 0.03498088945503148}, "datetime": {"datetime": "2021-09-29 18:19:23", "elapsed": 23.754283, "delta": 0.408855}}
{"target": -41.173011179052985, "params": {"C": 7356.105802138914, "gamma": 0.03252736858273938}, "datetime": {"datetime": "2021-09-29 18:19:23", "elapsed": 24.173315, "delta": 0.419032}}
{"target": -41.555088898296106, "params": {"C": 7355.424638969425, "gamma": 0.04099358838711114}, "datetime": {"datetime": "2021-09-29 18:19:23", "elapsed": 24.674549, "delta": 0.501234}}
{"target": -41.330431392398836, "params": {"C": 6334.458998990291, "gamma": 0.03973760922152869}, "datetime": {"datetime": "2021-09-29 18:19:24", "elapsed": 25.109598, "delta": 0.435049}}
{"target": -41.96717246559278, "params": {"C": 7358.132180258403, "gamma": 0.0042748416553192396}, "datetime": {"datetime": "2021-09-29 18:19:24", "elapsed": 25.558018, "delta": 0.44842}}
{"target": -42.92171531730892, "params": {"C": 8251.373076243874, "gamma": 0.062066274907870186}, "datetime": {"datetime": "2021-09-29 18:19:25", "elapsed": 25.979456, "delta": 0.421438}}
{"target": -42.6283314907388, "params": {"C": 7357.954931794785, "gamma": 0.06110439190924163}, "datetime": {"datetime": "2021-09-29 18:19:25", "elapsed": 26.424356, "delta": 0.4449}}
{"target": -42.37258468429866, "params": {"C": 7251.535868200321, "gamma": 0.056903843174938636}, "datetime": {"datetime": "2021-09-29 18:19:26", "elapsed": 26.846792, "delta": 0.422436}}
{"target": -41.859091817980016, "params": {"C": 6457.331468604001, "gamma": 0.05065658585269406}, "datetime": {"datetime": "2021-09-29 18:19:26", "elapsed": 27.301158, "delta": 0.454366}}
{"target": -41.915782338212196, "params": {"C": 6525.111648240445, "gamma": 0.051491985302792094}, "datetime": {"datetime": "2021-09-29 18:19:26", "elapsed": 27.707344, "delta": 0.406186}}
{"target": -41.28359590135973, "params": {"C": 5773.4851418171065, "gamma": 0.040827922676691795}, "datetime": {"datetime": "2021-09-29 18:19:27", "elapsed": 28.14195, "delta": 0.434606}}
{"target": -41.50797152939664, "params": {"C": 6365.807493856275, "gamma": 0.04365915862207561}, "datetime": {"datetime": "2021-09-29 18:19:27", "elapsed": 28.532651, "delta": 0.390701}}
{"target": -40.89083659498359, "params": {"C": 5256.52778148904, "gamma": 0.020874428723321098}, "datetime": {"datetime": "2021-09-29 18:19:28", "elapsed": 28.959077, "delta": 0.426426}}
{"target": -42.435053950004786, "params": {"C": 5627.980760491862, "gamma": 0.06746853770222361}, "datetime": {"datetime": "2021-09-29 18:19:28", "elapsed": 29.3781, "delta": 0.419023}}
{"target": -41.73285787278716, "params": {"C": 6455.491484458804, "gamma": 0.006492326612026087}, "datetime": {"datetime": "2021-09-29 18:19:29", "elapsed": 29.813294, "delta": 0.435194}}
{"target": -41.401654182102504, "params": {"C": 5673.927376716626, "gamma": 0.04418688384301983}, "datetime": {"datetime": "2021-09-29 18:19:29", "elapsed": 30.239692, "delta": 0.426398}}
{"target": -43.31194281196468, "params": {"C": 6478.971826959942, "gamma": 0.07997253144240334}, "datetime": {"datetime": "2021-09-29 18:19:29", "elapsed": 30.64306, "delta": 0.403368}}
{"target": -42.25975189089876, "params": {"C": 5546.434314379096, "gamma": 0.0641841316321228}, "datetime": {"datetime": "2021-09-29 18:19:30", "elapsed": 31.088006, "delta": 0.444946}}
{"target": -43.41607429211777, "params": {"C": 9232.122159334107, "gamma": 0.06595185003899572}, "datetime": {"datetime": "2021-09-29 18:19:30", "elapsed": 31.486792, "delta": 0.398786}}
{"target": -42.728073531931145, "params": {"C": 6455.435660958876, "gamma": 0.06809409647231626}, "datetime": {"datetime": "2021-09-29 18:19:31", "elapsed": 31.98109, "delta": 0.494298}}
{"target": -41.113550234557295, "params": {"C": 5955.229344709976, "gamma": 0.014404531607709421}, "datetime": {"datetime": "2021-09-29 18:19:31", "elapsed": 32.450616, "delta": 0.469526}}
{"target": -42.51833481649252, "params": {"C": 7355.506586078956, "gamma": 0.05909699759868363}, "datetime": {"datetime": "2021-09-29 18:19:32", "elapsed": 32.936375, "delta": 0.485759}}
{"target": -43.494614502861474, "params": {"C": 7360.056781466605, "gamma": 0.07739708867599593}, "datetime": {"datetime": "2021-09-29 18:19:32", "elapsed": 33.46044, "delta": 0.524065}}
{"target": -42.020674340777816, "params": {"C": 7442.318724277586, "gamma": 0.0038709813787386077}, "datetime": {"datetime": "2021-09-29 18:19:33", "elapsed": 33.892467, "delta": 0.432027}}
{"target": -43.11770776604184, "params": {"C": 7357.122051842838, "gamma": 0.07019657407374072}, "datetime": {"datetime": "2021-09-29 18:19:33", "elapsed": 34.351473, "delta": 0.459006}}
{"target": -40.86410430329087, "params": {"C": 5544.950437075218, "gamma": 0.023794166077931382}, "datetime": {"datetime": "2021-09-29 18:19:34", "elapsed": 34.831361, "delta": 0.479888}}
{"target": -41.19713819352023, "params": {"C": 5258.816178188601, "gamma": 0.04077494709744015}, "datetime": {"datetime": "2021-09-29 18:19:34", "elapsed": 35.320362, "delta": 0.489001}}
{"target": -42.21405329998622, "params": {"C": 6455.550831896469, "gamma": 0.05780708731538252}, "datetime": {"datetime": "2021-09-29 18:19:35", "elapsed": 35.786399, "delta": 0.466037}}
{"target": -40.92571365343778, "params": {"C": 6456.379530360648, "gamma": 0.019363949568352697}, "datetime": {"datetime": "2021-09-29 18:19:35", "elapsed": 36.330399, "delta": 0.544}}
{"target": -41.11982145668066, "params": {"C": 7554.0266382283135, "gamma": 0.013789786752175456}, "datetime": {"datetime": "2021-09-29 18:19:36", "elapsed": 36.911342, "delta": 0.580943}}
{"target": -42.08144076895069, "params": {"C": 5545.241124086363, "gamma": 0.06026870121225832}, "datetime": {"datetime": "2021-09-29 18:19:36", "elapsed": 37.527364, "delta": 0.616022}}
{"target": -43.453268188799804, "params": {"C": 7442.677309134431, "gamma": 0.0760589202584787}, "datetime": {"datetime": "2021-09-29 18:19:37", "elapsed": 37.986341, "delta": 0.458977}}
{"target": -42.22340977418605, "params": {"C": 7355.981442874424, "gamma": 0.05368203542435467}, "datetime": {"datetime": "2021-09-29 18:19:37", "elapsed": 38.453997, "delta": 0.467656}}
{"target": -41.3362150339764, "params": {"C": 5175.4963105701645, "gamma": 0.011379796369854266}, "datetime": {"datetime": "2021-09-29 18:19:38", "elapsed": 39.086713, "delta": 0.632716}}
{"target": -41.17348393095767, "params": {"C": 5175.497452096275, "gamma": 0.04048286252028099}, "datetime": {"datetime": "2021-09-29 18:19:38", "elapsed": 39.59871, "delta": 0.511997}}
{"target": -41.93164518422575, "params": {"C": 5544.9431777346435, "gamma": 0.005153566021636075}, "datetime": {"datetime": "2021-09-29 18:19:39", "elapsed": 40.131713, "delta": 0.533003}}
{"target": -41.637578911354446, "params": {"C": 5546.483071252539, "gamma": 0.05034328667485728}, "datetime": {"datetime": "2021-09-29 18:19:39", "elapsed": 40.649239, "delta": 0.517526}}
{"target": -41.06416808515896, "params": {"C": 7360.119019826499, "gamma": 0.014948994375528976}, "datetime": {"datetime": "2021-09-29 18:19:40", "elapsed": 41.175275, "delta": 0.526036}}
{"target": -41.85691640829848, "params": {"C": 9241.566459627313, "gamma": 0.040886825220275605}, "datetime": {"datetime": "2021-09-29 18:19:40", "elapsed": 41.653281, "delta": 0.478006}}
{"target": -40.85531769791205, "params": {"C": 5257.297445758614, "gamma": 0.025886743881679698}, "datetime": {"datetime": "2021-09-29 18:19:41", "elapsed": 42.172244, "delta": 0.518963}}
{"target": -41.31150244555104, "params": {"C": 5628.012662968612, "gamma": 0.011483957464929327}, "datetime": {"datetime": "2021-09-29 18:19:41", "elapsed": 42.703092, "delta": 0.530848}}
{"target": -40.96759425188189, "params": {"C": 7356.479056178499, "gamma": 0.02583370977215372}, "datetime": {"datetime": "2021-09-29 18:19:42", "elapsed": 43.189062, "delta": 0.48597}}
{"target": -41.1349751658385, "params": {"C": 9394.236363414191, "gamma": 0.013172488353160266}, "datetime": {"datetime": "2021-09-29 18:19:43", "elapsed": 43.733692, "delta": 0.54463}}
{"target": -42.53537519779053, "params": {"C": 6443.128180110333, "gamma": 0.06429507206792995}, "datetime": {"datetime": "2021-09-29 18:19:43", "elapsed": 44.307693, "delta": 0.574001}}
{"target": -41.09114564309307, "params": {"C": 5628.038041877488, "gamma": 0.036097788828174125}, "datetime": {"datetime": "2021-09-29 18:19:44", "elapsed": 45.049682, "delta": 0.741989}}
{"target": -42.79988611102531, "params": {"C": 7201.360520489136, "gamma": 0.0651048358800234}, "datetime": {"datetime": "2021-09-29 18:19:44", "elapsed": 45.554647, "delta": 0.504965}}
{"target": -42.7711535974341, "params": {"C": 9560.674846632011, "gamma": 0.05446679768508312}, "datetime": {"datetime": "2021-09-29 18:19:45", "elapsed": 46.039653, "delta": 0.485006}}
{"target": -42.0060862359231, "params": {"C": 7358.072773784847, "gamma": 0.04965272701318456}, "datetime": {"datetime": "2021-09-29 18:19:45", "elapsed": 46.594035, "delta": 0.554382}}
{"target": -41.395626794751905, "params": {"C": 6456.402283327023, "gamma": 0.04079122019332216}, "datetime": {"datetime": "2021-09-29 18:19:46", "elapsed": 47.253039, "delta": 0.659004}}
{"target": -42.14517251141912, "params": {"C": 9397.370066952359, "gamma": 0.04515776372731563}, "datetime": {"datetime": "2021-09-29 18:19:47", "elapsed": 47.807037, "delta": 0.553998}}
{"target": -40.92841771832568, "params": {"C": 7358.019387710256, "gamma": 0.020015283749967756}, "datetime": {"datetime": "2021-09-29 18:19:47", "elapsed": 48.575772, "delta": 0.768735}}
{"target": -40.978950549140905, "params": {"C": 7356.099294083577, "gamma": 0.026369037561224523}, "datetime": {"datetime": "2021-09-29 18:19:48", "elapsed": 49.143384, "delta": 0.567612}}
{"target": -41.87242838797247, "params": {"C": 7251.392613730159, "gamma": 0.00504888332770133}, "datetime": {"datetime": "2021-09-29 18:19:49", "elapsed": 49.843389, "delta": 0.700005}}
{"target": -41.78340971775444, "params": {"C": 5257.318858710758, "gamma": 0.05531803596442474}, "datetime": {"datetime": "2021-09-29 18:19:49", "elapsed": 50.479424, "delta": 0.636035}}
{"target": -42.85590891903172, "params": {"C": 7184.332672838476, "gamma": 0.06625228832698904}, "datetime": {"datetime": "2021-09-29 18:19:50", "elapsed": 51.00853, "delta": 0.529106}}
{"target": -43.15797089795434, "params": {"C": 6683.199635994566, "gamma": 0.07528083821071634}, "datetime": {"datetime": "2021-09-29 18:19:50", "elapsed": 51.562532, "delta": 0.554002}}
{"target": -41.4238055958354, "params": {"C": 5175.224944111398, "gamma": 0.04716007020633033}, "datetime": {"datetime": "2021-09-29 18:19:51", "elapsed": 52.215527, "delta": 0.652995}}
{"target": -41.274762690741724, "params": {"C": 7358.723995865322, "gamma": 0.0349902555705888}, "datetime": {"datetime": "2021-09-29 18:19:52", "elapsed": 52.922532, "delta": 0.707005}}
{"target": -42.58471811331159, "params": {"C": 5175.517337015789, "gamma": 0.0743455600583664}, "datetime": {"datetime": "2021-09-29 18:19:52", "elapsed": 53.670149, "delta": 0.747617}}
{"target": -41.31509441654494, "params": {"C": 7355.569133691219, "gamma": 0.010859504851119849}, "datetime": {"datetime": "2021-09-29 18:19:53", "elapsed": 54.268186, "delta": 0.598037}}
{"target": -40.93393838320301, "params": {"C": 5256.4764232255275, "gamma": 0.03184343354617715}, "datetime": {"datetime": "2021-09-29 18:19:54", "elapsed": 54.817935, "delta": 0.549749}}
{"target": -40.96250350353413, "params": {"C": 7841.36842864426, "gamma": 0.018071900374811573}, "datetime": {"datetime": "2021-09-29 18:19:54", "elapsed": 55.339895, "delta": 0.52196}}
{"target": -41.48040780480508, "params": {"C": 6765.833080239036, "gamma": 0.009007508452255807}, "datetime": {"datetime": "2021-09-29 18:19:55", "elapsed": 55.890895, "delta": 0.551}}
{"target": -40.954127128546055, "params": {"C": 5519.30074237751, "gamma": 0.03165797245578961}, "datetime": {"datetime": "2021-09-29 18:19:55", "elapsed": 56.567342, "delta": 0.676447}}
{"target": -41.729280908682625, "params": {"C": 6792.9698774623175, "gamma": 0.04657438091742287}, "datetime": {"datetime": "2021-09-29 18:19:56", "elapsed": 57.146344, "delta": 0.579002}}
{"target": -42.19020666941793, "params": {"C": 5257.501711844512, "gamma": 0.06462221992305522}, "datetime": {"datetime": "2021-09-29 18:19:57", "elapsed": 57.833342, "delta": 0.686998}}
{"target": -41.62569674075176, "params": {"C": 5256.533165855066, "gamma": 0.05163335408901836}, "datetime": {"datetime": "2021-09-29 18:19:57", "elapsed": 58.488339, "delta": 0.654997}}
{"target": -41.09251834331943, "params": {"C": 5256.445981694999, "gamma": 0.015138218001878173}, "datetime": {"datetime": "2021-09-29 18:19:58", "elapsed": 59.249311, "delta": 0.760972}}
{"target": -41.5549151920565, "params": {"C": 7357.163818797255, "gamma": 0.00804917170163062}, "datetime": {"datetime": "2021-09-29 18:19:59", "elapsed": 60.24831, "delta": 0.998999}}
{"target": -42.868637640116816, "params": {"C": 8553.783690323573, "gamma": 0.05984494537863634}, "datetime": {"datetime": "2021-09-29 18:20:00", "elapsed": 60.836085, "delta": 0.587775}}
{"target": -41.34818246972367, "params": {"C": 8781.87991734875, "gamma": 0.010141711352302827}, "datetime": {"datetime": "2021-09-29 18:20:00", "elapsed": 61.400088, "delta": 0.564003}}
{"target": -40.89879208096207, "params": {"C": 6309.616285019025, "gamma": 0.021062938333379126}, "datetime": {"datetime": "2021-09-29 18:20:01", "elapsed": 61.99213, "delta": 0.592042}}
