{"target": -50.880066995755385, "params": {"C": 101215.52172446811, "gamma": 0.2695691164526253}, "datetime": {"datetime": "2021-10-04 11:38:57", "elapsed": 83.791165, "delta": 0.762998}}
{"target": -49.048196916737744, "params": {"C": 383321.9447483639, "gamma": 0.020719260777517127}, "datetime": {"datetime": "2021-10-04 11:38:58", "elapsed": 84.52925, "delta": 0.738085}}
{"target": -48.87314022104441, "params": {"C": 18002.326940714323, "gamma": 0.0842484836406376}, "datetime": {"datetime": "2021-10-04 11:38:59", "elapsed": 85.343257, "delta": 0.814007}}
{"target": -49.41286686065614, "params": {"C": 181326.59768511387, "gamma": 0.1083632303292279}, "datetime": {"datetime": "2021-10-04 11:39:00", "elapsed": 86.180254, "delta": 0.836997}}
{"target": -49.500184081239425, "params": {"C": 55553.058564862746, "gamma": 0.2057642656006974}, "datetime": {"datetime": "2021-10-04 11:39:00", "elapsed": 87.022849, "delta": 0.842595}}
{"target": -51.14911203077135, "params": {"C": 195173.3389587363, "gamma": 0.2412055222373909}, "datetime": {"datetime": "2021-10-04 11:39:01", "elapsed": 87.925478, "delta": 0.902629}}
{"target": -51.09016649728517, "params": {"C": 216955.5245089371, "gamma": 0.19439938016594321}, "datetime": {"datetime": "2021-10-04 11:39:02", "elapsed": 88.753778, "delta": 0.8283}}
{"target": -49.31788751695978, "params": {"C": 52165.808018868105, "gamma": 0.19437135092139798}, "datetime": {"datetime": "2021-10-04 11:39:03", "elapsed": 89.695225, "delta": 0.941447}}
{"target": -50.06047238242234, "params": {"C": 453978.196622576, "gamma": 0.03948496826817314}, "datetime": {"datetime": "2021-10-04 11:39:04", "elapsed": 90.530875, "delta": 0.83565}}
{"target": -52.207753948242804, "params": {"C": 366673.3253928211, "gamma": 0.17653403983317684}, "datetime": {"datetime": "2021-10-04 11:39:05", "elapsed": 91.359368, "delta": 0.828493}}
{"target": -48.34142101792679, "params": {"C": 304628.3611039933, "gamma": 0.01330973500507987}, "datetime": {"datetime": "2021-10-04 11:39:06", "elapsed": 92.118205, "delta": 0.758837}}
{"target": -49.678230415915955, "params": {"C": 58332.88959482299, "gamma": 0.21578017984014772}, "datetime": {"datetime": "2021-10-04 11:39:06", "elapsed": 92.798746, "delta": 0.680541}}
{"target": -51.63429144010257, "params": {"C": 380821.8471689833, "gamma": 0.11373701258964626}, "datetime": {"datetime": "2021-10-04 11:39:07", "elapsed": 93.484696, "delta": 0.68595}}
{"target": -51.36060855027466, "params": {"C": 265953.9782445834, "gamma": 0.15465311160945022}, "datetime": {"datetime": "2021-10-04 11:39:08", "elapsed": 94.301421, "delta": 0.816725}}
{"target": -52.14885533363302, "params": {"C": 391853.6400716487, "gamma": 0.22153734767950617}, "datetime": {"datetime": "2021-10-04 11:39:08", "elapsed": 95.088852, "delta": 0.787431}}
{"target": -52.026577022956204, "params": {"C": 57592.16824691243, "gamma": 0.007090473945683362}, "datetime": {"datetime": "2021-10-04 11:39:09", "elapsed": 95.840835, "delta": 0.751983}}
{"target": -49.30055418191271, "params": {"C": 292006.96046817827, "gamma": 0.04949709087499301}, "datetime": {"datetime": "2021-10-04 11:39:10", "elapsed": 96.55061, "delta": 0.709775}}
{"target": -52.37597344144679, "params": {"C": 434892.6898080591, "gamma": 0.27446865800299225}, "datetime": {"datetime": "2021-10-04 11:39:11", "elapsed": 97.457488, "delta": 0.906878}}
{"target": -50.5940534032075, "params": {"C": 162056.4621573978, "gamma": 0.20063367354241296}, "datetime": {"datetime": "2021-10-04 11:39:12", "elapsed": 98.128127, "delta": 0.670639}}
{"target": -53.12677690452881, "params": {"C": 12914.50403305549, "gamma": 0.22317795854259334}, "datetime": {"datetime": "2021-10-04 11:39:12", "elapsed": 99.023892, "delta": 0.895765}}
{"target": -52.191321559765335, "params": {"C": 372979.9008111192, "gamma": 0.26851594625653}, "datetime": {"datetime": "2021-10-04 11:39:13", "elapsed": 99.755391, "delta": 0.731499}}
{"target": -49.4188953011416, "params": {"C": 122067.10950257571, "gamma": 0.1399966575108915}, "datetime": {"datetime": "2021-10-04 11:39:14", "elapsed": 100.689943, "delta": 0.934552}}
{"target": -52.08897678117691, "params": {"C": 306631.14860292414, "gamma": 0.2824018909965506}, "datetime": {"datetime": "2021-10-04 11:39:15", "elapsed": 101.470859, "delta": 0.780916}}
{"target": -51.4221987851507, "params": {"C": 458144.424570721, "gamma": 0.08842497990600433}, "datetime": {"datetime": "2021-10-04 11:39:16", "elapsed": 102.518903, "delta": 1.048044}}
{"target": -55.4641007054152, "params": {"C": 11669.17611592182, "gamma": 0.295797499898451}, "datetime": {"datetime": "2021-10-04 11:39:17", "elapsed": 103.268449, "delta": 0.749546}}
{"target": -50.876529361418825, "params": {"C": 183555.02800165975, "gamma": 0.22179782702035095}, "datetime": {"datetime": "2021-10-04 11:39:17", "elapsed": 104.047484, "delta": 0.779035}}
{"target": -50.378118248748684, "params": {"C": 139278.34835581481, "gamma": 0.20638392561788965}, "datetime": {"datetime": "2021-10-04 11:39:18", "elapsed": 104.83974, "delta": 0.792256}}
{"target": -52.34333056867544, "params": {"C": 450846.6400126523, "gamma": 0.24601809691563833}, "datetime": {"datetime": "2021-10-04 11:39:19", "elapsed": 105.612034, "delta": 0.772294}}
{"target": -51.87140094069415, "params": {"C": 316813.12789738446, "gamma": 0.17247715807331235}, "datetime": {"datetime": "2021-10-04 11:39:20", "elapsed": 106.48198, "delta": 0.869946}}
{"target": -49.19107006682297, "params": {"C": 258306.52821042782, "gamma": 0.009079511724897195}, "datetime": {"datetime": "2021-10-04 11:39:21", "elapsed": 107.239567, "delta": 0.757587}}
{"target": -49.04193207000979, "params": {"C": 59806.640046337874, "gamma": 0.17542769301576855}, "datetime": {"datetime": "2021-10-04 11:39:22", "elapsed": 108.185268, "delta": 0.945701}}
{"target": -48.17050013172809, "params": {"C": 85238.16578311932, "gamma": 0.10806873177252434}, "datetime": {"datetime": "2021-10-04 11:39:23", "elapsed": 109.185138, "delta": 0.99987}}
{"target": -52.312190949628864, "params": {"C": 437157.84720351367, "gamma": 0.25316604370169815}, "datetime": {"datetime": "2021-10-04 11:39:23", "elapsed": 110.023546, "delta": 0.838408}}
{"target": -48.91615488794938, "params": {"C": 226900.01495618714, "gamma": 0.0724426491640642}, "datetime": {"datetime": "2021-10-04 11:39:24", "elapsed": 110.922827, "delta": 0.899281}}
{"target": -52.329561222630986, "params": {"C": 446491.2233936612, "gamma": 0.24757890575004246}, "datetime": {"datetime": "2021-10-04 11:39:25", "elapsed": 111.692783, "delta": 0.769956}}
{"target": -49.235023913320525, "params": {"C": 272478.030416117, "gamma": 0.04454406439834764}, "datetime": {"datetime": "2021-10-04 11:39:26", "elapsed": 112.592311, "delta": 0.899528}}
{"target": -51.02814345255366, "params": {"C": 206004.48764237072, "gamma": 0.21148662783954633}, "datetime": {"datetime": "2021-10-04 11:39:27", "elapsed": 113.480455, "delta": 0.888144}}
{"target": -49.70144615760465, "params": {"C": 278913.77536239533, "gamma": 0.08639457449714877}, "datetime": {"datetime": "2021-10-04 11:39:28", "elapsed": 114.573805, "delta": 1.09335}}
{"target": -47.987452477142774, "params": {"C": 100906.65378913458, "gamma": 0.029789351078925507}, "datetime": {"datetime": "2021-10-04 11:39:29", "elapsed": 115.495035, "delta": 0.92123}}
{"target": -49.353257086968625, "params": {"C": 77230.75297615535, "gamma": 0.18330089222238172}, "datetime": {"datetime": "2021-10-04 11:39:30", "elapsed": 116.285209, "delta": 0.790174}}
{"target": -49.74394657982275, "params": {"C": 176034.06413897534, "gamma": 0.12230872964547398}, "datetime": {"datetime": "2021-10-04 11:39:30", "elapsed": 117.045569, "delta": 0.76036}}
{"target": -48.854109814542504, "params": {"C": 213768.8039429284, "gamma": 0.0474207076253176}, "datetime": {"datetime": "2021-10-04 11:39:31", "elapsed": 118.063229, "delta": 1.01766}}
{"target": -50.956930642864336, "params": {"C": 486795.4258566591, "gamma": 0.07230314669822334}, "datetime": {"datetime": "2021-10-04 11:39:32", "elapsed": 118.957678, "delta": 0.894449}}
{"target": -51.35277676580611, "params": {"C": 261712.46222923073, "gamma": 0.1581001269658037}, "datetime": {"datetime": "2021-10-04 11:39:33", "elapsed": 119.898963, "delta": 0.941285}}
{"target": -48.874071418197985, "params": {"C": 479298.15973537596, "gamma": 0.01576774042854358}, "datetime": {"datetime": "2021-10-04 11:39:34", "elapsed": 120.867448, "delta": 0.968485}}
{"target": -49.66420207312291, "params": {"C": 298684.19376422034, "gamma": 0.07640186188366285}, "datetime": {"datetime": "2021-10-04 11:39:35", "elapsed": 121.602304, "delta": 0.734856}}
{"target": -50.42226591200342, "params": {"C": 188764.75610667196, "gamma": 0.14625513636249918}, "datetime": {"datetime": "2021-10-04 11:39:36", "elapsed": 122.634676, "delta": 1.032372}}
{"target": -52.14357437609588, "params": {"C": 359534.5575030211, "gamma": 0.2664488407190903}, "datetime": {"datetime": "2021-10-04 11:39:37", "elapsed": 123.492908, "delta": 0.858232}}
{"target": -49.08026372854549, "params": {"C": 88225.0777105626, "gamma": 0.15004442234142526}, "datetime": {"datetime": "2021-10-04 11:39:38", "elapsed": 124.305438, "delta": 0.81253}}
{"target": -48.54539908161125, "params": {"C": 183865.23678116105, "gamma": 0.030412778041272445}, "datetime": {"datetime": "2021-10-04 11:39:39", "elapsed": 125.317468, "delta": 1.01203}}
{"target": -48.9627222448785, "params": {"C": 167344.10295116386, "gamma": 0.09810856940920513}, "datetime": {"datetime": "2021-10-04 11:39:40", "elapsed": 126.344311, "delta": 1.026843}}
{"target": -51.18599181089865, "params": {"C": 88335.45003259636, "gamma": 0.29468251071314694}, "datetime": {"datetime": "2021-10-04 11:39:41", "elapsed": 127.238402, "delta": 0.894091}}
{"target": -50.261124404652975, "params": {"C": 485573.1461808048, "gamma": 0.049626172739328185}, "datetime": {"datetime": "2021-10-04 11:39:41", "elapsed": 128.041146, "delta": 0.802744}}
{"target": -50.05681245684217, "params": {"C": 192856.81694072927, "gamma": 0.1259572139793072}, "datetime": {"datetime": "2021-10-04 11:39:42", "elapsed": 128.901094, "delta": 0.859948}}
{"target": -50.15329233196017, "params": {"C": 92358.64399759615, "gamma": 0.2288191550636126}, "datetime": {"datetime": "2021-10-04 11:39:43", "elapsed": 129.84018, "delta": 0.939086}}
{"target": -55.33782044995026, "params": {"C": 11359.426111883531, "gamma": 0.2863114540157083}, "datetime": {"datetime": "2021-10-04 11:39:44", "elapsed": 130.688709, "delta": 0.848529}}
{"target": -49.07738014790139, "params": {"C": 53940.30875606683, "gamma": 0.17993990041089591}, "datetime": {"datetime": "2021-10-04 11:39:45", "elapsed": 131.488829, "delta": 0.80012}}
{"target": -48.14731665056478, "params": {"C": 146194.9219478941, "gamma": 0.06133757596542165}, "datetime": {"datetime": "2021-10-04 11:39:46", "elapsed": 132.379129, "delta": 0.8903}}
{"target": -48.259156507433985, "params": {"C": 90425.91400708088, "gamma": 0.10807571892293312}, "datetime": {"datetime": "2021-10-04 11:39:47", "elapsed": 133.218976, "delta": 0.839847}}
{"target": -50.096384488276726, "params": {"C": 121137.48899011, "gamma": 0.19503063203836907}, "datetime": {"datetime": "2021-10-04 11:39:48", "elapsed": 134.097587, "delta": 0.878611}}
{"target": -50.66220605404493, "params": {"C": 181352.3146722391, "gamma": 0.1768176271307838}, "datetime": {"datetime": "2021-10-04 11:39:48", "elapsed": 134.975342, "delta": 0.877755}}
{"target": -48.47720321313973, "params": {"C": 23369.575596870513, "gamma": 0.0709638735062238}, "datetime": {"datetime": "2021-10-04 11:39:49", "elapsed": 136.052717, "delta": 1.077375}}
{"target": -48.821451245999334, "params": {"C": 22692.13806114714, "gamma": 0.12868011987064037}, "datetime": {"datetime": "2021-10-04 11:39:50", "elapsed": 136.900633, "delta": 0.847916}}
{"target": -52.57870275819778, "params": {"C": 435879.06131506385, "gamma": 0.1756021918350443}, "datetime": {"datetime": "2021-10-04 11:39:51", "elapsed": 137.751304, "delta": 0.850671}}
{"target": -51.99038443416011, "params": {"C": 272869.4821632693, "gamma": 0.28508440161198284}, "datetime": {"datetime": "2021-10-04 11:39:52", "elapsed": 138.686398, "delta": 0.935094}}
{"target": -49.19711285359903, "params": {"C": 120460.61403090623, "gamma": 0.13059587579925208}, "datetime": {"datetime": "2021-10-04 11:39:53", "elapsed": 139.771074, "delta": 1.084676}}
{"target": -50.136347769796274, "params": {"C": 213621.70997664507, "gamma": 0.11911302722749977}, "datetime": {"datetime": "2021-10-04 11:39:54", "elapsed": 140.59974, "delta": 0.828666}}
{"target": -51.40990237702934, "params": {"C": 125023.51496443595, "gamma": 0.2967361760606574}, "datetime": {"datetime": "2021-10-04 11:39:55", "elapsed": 141.541033, "delta": 0.941293}}
{"target": -48.455942760135905, "params": {"C": 169040.92401619512, "gamma": 0.05243701401495326}, "datetime": {"datetime": "2021-10-04 11:39:56", "elapsed": 142.646959, "delta": 1.105926}}
{"target": -50.81856554310912, "params": {"C": 278155.61584466515, "gamma": 0.11830234773501504}, "datetime": {"datetime": "2021-10-04 11:39:57", "elapsed": 143.532001, "delta": 0.885042}}
{"target": -50.909188334070336, "params": {"C": 169770.31191950044, "gamma": 0.23651788704932553}, "datetime": {"datetime": "2021-10-04 11:39:58", "elapsed": 144.431704, "delta": 0.899703}}
{"target": -47.879353152486324, "params": {"C": 77888.94267593574, "gamma": 0.04530221865543333}, "datetime": {"datetime": "2021-10-04 11:39:59", "elapsed": 145.504195, "delta": 1.072491}}
{"target": -51.60042524955692, "params": {"C": 268275.9982191201, "gamma": 0.23759700144660484}, "datetime": {"datetime": "2021-10-04 11:40:00", "elapsed": 146.499947, "delta": 0.995752}}
{"target": -51.1830965398916, "params": {"C": 237001.99433125896, "gamma": 0.16638268774175446}, "datetime": {"datetime": "2021-10-04 11:40:01", "elapsed": 147.508868, "delta": 1.008921}}
{"target": -51.310978520074606, "params": {"C": 154874.27819428442, "gamma": 0.2769653140623772}, "datetime": {"datetime": "2021-10-04 11:40:02", "elapsed": 148.77043, "delta": 1.261562}}
{"target": -49.71559193249323, "params": {"C": 242933.00295714484, "gamma": 0.09826298289766787}, "datetime": {"datetime": "2021-10-04 11:40:03", "elapsed": 149.708255, "delta": 0.937825}}
{"target": -50.51649910438499, "params": {"C": 279441.6333282862, "gamma": 0.1080700841231223}, "datetime": {"datetime": "2021-10-04 11:40:04", "elapsed": 150.761153, "delta": 1.052898}}
{"target": -51.87271417686957, "params": {"C": 329636.50544367364, "gamma": 0.22880704581051278}, "datetime": {"datetime": "2021-10-04 11:40:05", "elapsed": 151.868687, "delta": 1.107534}}
{"target": -49.279135617808954, "params": {"C": 290567.40979264415, "gamma": 0.050268677763302544}, "datetime": {"datetime": "2021-10-04 11:40:06", "elapsed": 152.839385, "delta": 0.970698}}
{"target": -48.65780602894988, "params": {"C": 487398.95233770786, "gamma": 0.013424656408179494}, "datetime": {"datetime": "2021-10-04 11:40:07", "elapsed": 153.878211, "delta": 1.038826}}
{"target": -51.26532196358575, "params": {"C": 141180.3550744152, "gamma": 0.27882882641952483}, "datetime": {"datetime": "2021-10-04 11:40:08", "elapsed": 155.001915, "delta": 1.123704}}
{"target": -48.22382843574544, "params": {"C": 101761.11687758038, "gamma": 0.019675185583150335}, "datetime": {"datetime": "2021-10-04 11:40:09", "elapsed": 156.088581, "delta": 1.086666}}
{"target": -48.88050294086289, "params": {"C": 157246.30259568876, "gamma": 0.09893258449315989}, "datetime": {"datetime": "2021-10-04 11:40:11", "elapsed": 157.243153, "delta": 1.154572}}
{"target": -51.09997719614611, "params": {"C": 162697.53488155743, "gamma": 0.25644605278359023}, "datetime": {"datetime": "2021-10-04 11:40:12", "elapsed": 158.534848, "delta": 1.291695}}
{"target": -49.83434811192985, "params": {"C": 325942.5213528293, "gamma": 0.07341540282551899}, "datetime": {"datetime": "2021-10-04 11:40:13", "elapsed": 159.589151, "delta": 1.054303}}
{"target": -47.849381350958794, "params": {"C": 49410.3120343385, "gamma": 0.053163772236525395}, "datetime": {"datetime": "2021-10-04 11:40:14", "elapsed": 160.768665, "delta": 1.179514}}
{"target": -51.725503432521734, "params": {"C": 269497.7607287965, "gamma": 0.2536498968004452}, "datetime": {"datetime": "2021-10-04 11:40:15", "elapsed": 161.824231, "delta": 1.055566}}
{"target": -49.894799010891354, "params": {"C": 67002.59943264106, "gamma": 0.0120017584928419}, "datetime": {"datetime": "2021-10-04 11:40:16", "elapsed": 162.810596, "delta": 0.986365}}
{"target": -49.87785374527593, "params": {"C": 153691.14312362272, "gamma": 0.14159984604292855}, "datetime": {"datetime": "2021-10-04 11:40:17", "elapsed": 163.900871, "delta": 1.090275}}
{"target": -54.50573512122546, "params": {"C": 13803.508101140987, "gamma": 0.2843740940983445}, "datetime": {"datetime": "2021-10-04 11:40:18", "elapsed": 164.949282, "delta": 1.048411}}
{"target": -51.48323049768525, "params": {"C": 274847.3786574076, "gamma": 0.16001065636023779}, "datetime": {"datetime": "2021-10-04 11:40:20", "elapsed": 166.166541, "delta": 1.217259}}
{"target": -49.39225189812144, "params": {"C": 258793.7297686206, "gamma": 0.0799610523280875}, "datetime": {"datetime": "2021-10-04 11:40:21", "elapsed": 167.282452, "delta": 1.115911}}
{"target": -52.42029700804756, "params": {"C": 402492.7074958293, "gamma": 0.16618651950240754}, "datetime": {"datetime": "2021-10-04 11:40:22", "elapsed": 168.299769, "delta": 1.017317}}
{"target": -50.89453993490347, "params": {"C": 109619.3117012038, "gamma": 0.2664849223986199}, "datetime": {"datetime": "2021-10-04 11:40:23", "elapsed": 169.444017, "delta": 1.144248}}
{"target": -52.3531257539007, "params": {"C": 451916.53972970136, "gamma": 0.23065230203046558}, "datetime": {"datetime": "2021-10-04 11:40:24", "elapsed": 170.590257, "delta": 1.14624}}
{"target": -48.169155225456976, "params": {"C": 80027.40318275333, "gamma": 0.11113312483680342}, "datetime": {"datetime": "2021-10-04 11:40:25", "elapsed": 172.014727, "delta": 1.42447}}
{"target": -51.972000559680374, "params": {"C": 350349.35127730353, "gamma": 0.2203402437837965}, "datetime": {"datetime": "2021-10-04 11:40:26", "elapsed": 173.026027, "delta": 1.0113}}
{"target": -52.57224177208053, "params": {"C": 429893.97596086905, "gamma": 0.16460257017406685}, "datetime": {"datetime": "2021-10-04 11:40:28", "elapsed": 174.248664, "delta": 1.222637}}
{"target": -51.3043779059093, "params": {"C": 244720.05253542497, "gamma": 0.1767540362915753}, "datetime": {"datetime": "2021-10-04 11:40:29", "elapsed": 175.229508, "delta": 0.980844}}
{"target": -47.68643363444278, "params": {"C": 63530.03029479445, "gamma": 0.0699692499891917}, "datetime": {"datetime": "2021-10-04 11:40:30", "elapsed": 176.258032, "delta": 1.028524}}
{"target": -48.861716620236194, "params": {"C": 97466.17716160885, "gamma": 0.12977385251131163}, "datetime": {"datetime": "2021-10-04 11:40:31", "elapsed": 177.282028, "delta": 1.023996}}
{"target": -52.22018372176491, "params": {"C": 412621.7766671155, "gamma": 0.2236576573702105}, "datetime": {"datetime": "2021-10-04 11:40:32", "elapsed": 178.396839, "delta": 1.114811}}
{"target": -51.29992633280082, "params": {"C": 40571.6069587513, "gamma": 0.27553247503029343}, "datetime": {"datetime": "2021-10-04 11:40:33", "elapsed": 179.336938, "delta": 0.940099}}
{"target": -50.80780604047043, "params": {"C": 146312.93856672067, "gamma": 0.24247986156281237}, "datetime": {"datetime": "2021-10-04 11:40:34", "elapsed": 180.350342, "delta": 1.013404}}
{"target": -49.339700452465216, "params": {"C": 200302.28062513028, "gamma": 0.10005471374676599}, "datetime": {"datetime": "2021-10-04 11:40:35", "elapsed": 181.648602, "delta": 1.29826}}
{"target": -49.66475189559311, "params": {"C": 332572.94566571293, "gamma": 0.06431482109600471}, "datetime": {"datetime": "2021-10-04 11:40:36", "elapsed": 182.733447, "delta": 1.084845}}
{"target": -51.46302714148096, "params": {"C": 262603.4519165772, "gamma": 0.18321233286416747}, "datetime": {"datetime": "2021-10-04 11:40:37", "elapsed": 183.856869, "delta": 1.123422}}
{"target": -51.22938119071077, "params": {"C": 15764.744877840662, "gamma": 0.18364490094366326}, "datetime": {"datetime": "2021-10-04 11:40:39", "elapsed": 185.113864, "delta": 1.256995}}
{"target": -49.45467654682813, "params": {"C": 312586.1491361236, "gamma": 0.04252945782246393}, "datetime": {"datetime": "2021-10-04 11:40:40", "elapsed": 186.730526, "delta": 1.616662}}
{"target": -52.204361592275305, "params": {"C": 384567.37636329676, "gamma": 0.26368765668327876}, "datetime": {"datetime": "2021-10-04 11:40:41", "elapsed": 187.782757, "delta": 1.052231}}
{"target": -50.24603606600826, "params": {"C": 64458.715495962504, "gamma": 0.24425328577777902}, "datetime": {"datetime": "2021-10-04 11:40:42", "elapsed": 188.753696, "delta": 0.970939}}
{"target": -52.080669608128055, "params": {"C": 369290.8144828499, "gamma": 0.21461669964250807}, "datetime": {"datetime": "2021-10-04 11:40:43", "elapsed": 189.849181, "delta": 1.095485}}
{"target": -52.060065032292854, "params": {"C": 369303.4895077777, "gamma": 0.2365916027946239}, "datetime": {"datetime": "2021-10-04 11:40:44", "elapsed": 190.875699, "delta": 1.026518}}
{"target": -50.346849208483675, "params": {"C": 307949.3479033963, "gamma": 0.09655203005226475}, "datetime": {"datetime": "2021-10-04 11:40:45", "elapsed": 192.019774, "delta": 1.144075}}
{"target": -50.97954180268503, "params": {"C": 202319.2035934755, "gamma": 0.20601949396786434}, "datetime": {"datetime": "2021-10-04 11:40:47", "elapsed": 193.124549, "delta": 1.104775}}
{"target": -48.13717055907945, "params": {"C": 176482.7573151702, "gamma": 0.020907397202462975}, "datetime": {"datetime": "2021-10-04 11:40:48", "elapsed": 194.179877, "delta": 1.055328}}
