{"target": -35.654657072229284, "params": {"C": 1471.5746100849788, "gamma": 0.09675544108914097}, "datetime": {"datetime": "2021-09-28 13:55:58", "elapsed": 20.26278, "delta": 0.548}}
{"target": -36.39347393885484, "params": {"C": 1680.0716907142728, "gamma": 0.154089450288626}, "datetime": {"datetime": "2021-09-28 13:55:58", "elapsed": 20.835146, "delta": 0.572366}}
{"target": -36.71175342293154, "params": {"C": 1857.1214140292777, "gamma": 0.18569789325947425}, "datetime": {"datetime": "2021-09-28 13:55:59", "elapsed": 21.381144, "delta": 0.545998}}
{"target": -37.525910149202346, "params": {"C": 1471.4033736217075, "gamma": 0.009393097957172684}, "datetime": {"datetime": "2021-09-28 13:55:59", "elapsed": 21.942144, "delta": 0.561}}
{"target": -35.4214335947902, "params": {"C": 1250.0247731642341, "gamma": 0.06262177404485818}, "datetime": {"datetime": "2021-09-28 13:56:00", "elapsed": 22.507144, "delta": 0.565}}
{"target": -36.08372899698083, "params": {"C": 1369.3999817822896, "gamma": 0.12305503427235742}, "datetime": {"datetime": "2021-09-28 13:56:01", "elapsed": 23.011956, "delta": 0.504812}}
{"target": -35.36308977800895, "params": {"C": 1450.2865765695528, "gamma": 0.07328241524422915}, "datetime": {"datetime": "2021-09-28 13:56:01", "elapsed": 23.409955, "delta": 0.397999}}
{"target": -35.31933082233103, "params": {"C": 1894.8506415972151, "gamma": 0.08278884125565678}, "datetime": {"datetime": "2021-09-28 13:56:02", "elapsed": 24.022955, "delta": 0.613}}
{"target": -35.344381642223816, "params": {"C": 1471.687269310841, "gamma": 0.07289464191540099}, "datetime": {"datetime": "2021-09-28 13:56:02", "elapsed": 24.693953, "delta": 0.670998}}
{"target": -36.116891361006424, "params": {"C": 1909.2211720027703, "gamma": 0.13643878910207977}, "datetime": {"datetime": "2021-09-28 13:56:03", "elapsed": 25.280953, "delta": 0.587}}
{"target": -35.74531085661048, "params": {"C": 1894.8811668850867, "gamma": 0.11147953103095266}, "datetime": {"datetime": "2021-09-28 13:56:03", "elapsed": 25.859232, "delta": 0.578279}}
{"target": -35.080183237501814, "params": {"C": 1894.894216159314, "gamma": 0.06469584111181668}, "datetime": {"datetime": "2021-09-28 13:56:04", "elapsed": 26.436232, "delta": 0.577}}
{"target": -37.023989354873365, "params": {"C": 1894.870998491977, "gamma": 0.010585633146911948}, "datetime": {"datetime": "2021-09-28 13:56:05", "elapsed": 27.010017, "delta": 0.573785}}
{"target": -35.53240861007293, "params": {"C": 1125.5858769530848, "gamma": 0.05426184848557082}, "datetime": {"datetime": "2021-09-28 13:56:05", "elapsed": 27.473016, "delta": 0.462999}}
{"target": -35.220685834928325, "params": {"C": 1471.622556649802, "gamma": 0.061075206245386864}, "datetime": {"datetime": "2021-09-28 13:56:06", "elapsed": 27.996022, "delta": 0.523006}}
{"target": -35.94818524007055, "params": {"C": 1902.0436216582339, "gamma": 0.1250901260344138}, "datetime": {"datetime": "2021-09-28 13:56:06", "elapsed": 28.580015, "delta": 0.583993}}
{"target": -35.48790073709143, "params": {"C": 1287.7560828092842, "gamma": 0.0738888725861973}, "datetime": {"datetime": "2021-09-28 13:56:07", "elapsed": 29.075236, "delta": 0.495221}}
{"target": -35.84225328180772, "params": {"C": 1094.065944159013, "gamma": 0.08647154963948835}, "datetime": {"datetime": "2021-09-28 13:56:07", "elapsed": 29.588238, "delta": 0.513002}}
{"target": -35.23754022790001, "params": {"C": 1471.464108158722, "gamma": 0.06287375816393702}, "datetime": {"datetime": "2021-09-28 13:56:08", "elapsed": 30.142232, "delta": 0.553994}}
{"target": -35.071865981216696, "params": {"C": 1894.8735241757936, "gamma": 0.0638962411237683}, "datetime": {"datetime": "2021-09-28 13:56:08", "elapsed": 30.685255, "delta": 0.543023}}
{"target": -36.4584050932533, "params": {"C": 1457.3026472043152, "gamma": 0.15303468840878534}, "datetime": {"datetime": "2021-09-28 13:56:09", "elapsed": 31.21854, "delta": 0.533285}}
{"target": -36.510941089262076, "params": {"C": 1464.2170671320332, "gamma": 0.15721527969474974}, "datetime": {"datetime": "2021-09-28 13:56:09", "elapsed": 31.876538, "delta": 0.657998}}
{"target": -35.453887456065374, "params": {"C": 1450.2438141745774, "gamma": 0.03205962652432352}, "datetime": {"datetime": "2021-09-28 13:56:10", "elapsed": 32.514726, "delta": 0.638188}}
{"target": -35.19603581768908, "params": {"C": 1581.2290878088327, "gamma": 0.06539350971517963}, "datetime": {"datetime": "2021-09-28 13:56:11", "elapsed": 33.143793, "delta": 0.629067}}
{"target": -36.79644212057344, "params": {"C": 1587.4911343863478, "gamma": 0.1856689421933904}, "datetime": {"datetime": "2021-09-28 13:56:11", "elapsed": 33.726792, "delta": 0.582999}}
{"target": -34.9394107838729, "params": {"C": 1894.939472985155, "gamma": 0.04309519915909241}, "datetime": {"datetime": "2021-09-28 13:56:12", "elapsed": 34.335793, "delta": 0.609001}}
{"target": -36.10208914332313, "params": {"C": 1290.7717608080056, "gamma": 0.1206858781359182}, "datetime": {"datetime": "2021-09-28 13:56:12", "elapsed": 34.951787, "delta": 0.615994}}
{"target": -36.853085752546825, "params": {"C": 1884.8885379593075, "gamma": 0.19961786588979927}, "datetime": {"datetime": "2021-09-28 13:56:13", "elapsed": 35.535789, "delta": 0.584002}}
{"target": -35.14118019117913, "params": {"C": 1581.2046307506587, "gamma": 0.04054437570953232}, "datetime": {"datetime": "2021-09-28 13:56:14", "elapsed": 36.18679, "delta": 0.651001}}
{"target": -37.06793252913071, "params": {"C": 1290.7331516176, "gamma": 0.014163294624409874}, "datetime": {"datetime": "2021-09-28 13:56:14", "elapsed": 36.781237, "delta": 0.594447}}
{"target": -35.20660953534617, "params": {"C": 1894.8577821169597, "gamma": 0.029609112356136707}, "datetime": {"datetime": "2021-09-28 13:56:15", "elapsed": 37.407432, "delta": 0.626195}}
{"target": -35.82809196328878, "params": {"C": 1266.8917997980582, "gamma": 0.09934402305382174}, "datetime": {"datetime": "2021-09-28 13:56:15", "elapsed": 37.909432, "delta": 0.502}}
{"target": -36.34946907006734, "params": {"C": 1581.2147881065966, "gamma": 0.14864835943437416}, "datetime": {"datetime": "2021-09-28 13:56:16", "elapsed": 38.466434, "delta": 0.557002}}
{"target": -36.412739470425, "params": {"C": 1650.2746152487748, "gamma": 0.15516568726967547}, "datetime": {"datetime": "2021-09-28 13:56:19", "elapsed": 40.967506, "delta": 2.501072}}
{"target": -35.09954936976919, "params": {"C": 1581.158066001699, "gamma": 0.05446640674140623}, "datetime": {"datetime": "2021-09-28 13:56:19", "elapsed": 41.636509, "delta": 0.669003}}
{"target": -36.54618807744528, "params": {"C": 1581.1228749937109, "gamma": 0.016225350344673165}, "datetime": {"datetime": "2021-09-28 13:56:20", "elapsed": 42.251259, "delta": 0.61475}}
{"target": -35.45795563734912, "params": {"C": 1450.2317820020814, "gamma": 0.08109181699744315}, "datetime": {"datetime": "2021-09-28 13:56:20", "elapsed": 42.828254, "delta": 0.576995}}
{"target": -36.20102818901462, "params": {"C": 1305.022329648089, "gamma": 0.12872996325698022}, "datetime": {"datetime": "2021-09-28 13:56:21", "elapsed": 43.375918, "delta": 0.547664}}
{"target": -35.971025687797045, "params": {"C": 1154.6970283634212, "gamma": 0.10206980669172949}, "datetime": {"datetime": "2021-09-28 13:56:21", "elapsed": 43.897914, "delta": 0.521996}}
{"target": -35.953021810322625, "params": {"C": 1273.161498771255, "gamma": 0.10914789655518903}, "datetime": {"datetime": "2021-09-28 13:56:22", "elapsed": 44.457916, "delta": 0.560002}}
{"target": -35.62784015661137, "params": {"C": 1051.305556297808, "gamma": 0.052186071808302745}, "datetime": {"datetime": "2021-09-28 13:56:23", "elapsed": 45.013551, "delta": 0.555635}}
{"target": -35.24379136541529, "params": {"C": 1894.946164675748, "gamma": 0.07784096174848462}, "datetime": {"datetime": "2021-09-28 13:56:23", "elapsed": 45.745549, "delta": 0.731998}}
{"target": -35.89808725138238, "params": {"C": 1450.1679025540739, "gamma": 0.11283327488720973}, "datetime": {"datetime": "2021-09-28 13:56:24", "elapsed": 46.348547, "delta": 0.602998}}
{"target": -36.10545320178652, "params": {"C": 1134.7854753433253, "gamma": 0.11046720960754958}, "datetime": {"datetime": "2021-09-28 13:56:24", "elapsed": 46.908551, "delta": 0.560004}}
{"target": -37.13405487278407, "params": {"C": 1295.7943653919883, "gamma": 0.19993132860600835}, "datetime": {"datetime": "2021-09-28 13:56:25", "elapsed": 47.444759, "delta": 0.536208}}
{"target": -35.10446422776204, "params": {"C": 1894.9961329308476, "gamma": 0.06699268715742392}, "datetime": {"datetime": "2021-09-28 13:56:25", "elapsed": 47.951757, "delta": 0.506998}}
{"target": -36.49689944010669, "params": {"C": 1846.4244318668216, "gamma": 0.1648796250974893}, "datetime": {"datetime": "2021-09-28 13:56:26", "elapsed": 48.460756, "delta": 0.508999}}
{"target": -35.13776165007285, "params": {"C": 1894.9745477129695, "gamma": 0.03141213612633639}, "datetime": {"datetime": "2021-09-28 13:56:27", "elapsed": 49.047032, "delta": 0.586276}}
{"target": -35.63120239656688, "params": {"C": 1191.0458689419954, "gamma": 0.03601132901927356}, "datetime": {"datetime": "2021-09-28 13:56:27", "elapsed": 49.63603, "delta": 0.588998}}
{"target": -36.1162194360448, "params": {"C": 1581.2321725812194, "gamma": 0.02044019767238188}, "datetime": {"datetime": "2021-09-28 13:56:28", "elapsed": 50.19203, "delta": 0.556}}
{"target": -36.24049414763425, "params": {"C": 1249.9873935298633, "gamma": 0.023536802866922866}, "datetime": {"datetime": "2021-09-28 13:56:28", "elapsed": 50.893032, "delta": 0.701002}}
{"target": -37.46425866877849, "params": {"C": 1488.4637448555172, "gamma": 0.009677453446846519}, "datetime": {"datetime": "2021-09-28 13:56:29", "elapsed": 51.403638, "delta": 0.510606}}
{"target": -35.19069586685617, "params": {"C": 1895.0357098413024, "gamma": 0.07434274830519101}, "datetime": {"datetime": "2021-09-28 13:56:30", "elapsed": 52.010241, "delta": 0.606603}}
{"target": -35.57280948062702, "params": {"C": 1471.649396944207, "gamma": 0.09106063288547134}, "datetime": {"datetime": "2021-09-28 13:56:30", "elapsed": 52.631241, "delta": 0.621}}
{"target": -36.09181786209357, "params": {"C": 1051.76323563772, "gamma": 0.10193736774360038}, "datetime": {"datetime": "2021-09-28 13:56:31", "elapsed": 53.238115, "delta": 0.606874}}
{"target": -35.71116712618323, "params": {"C": 1895.0236229011657, "gamma": 0.1090691813109961}, "datetime": {"datetime": "2021-09-28 13:56:31", "elapsed": 53.846113, "delta": 0.607998}}
{"target": -35.75690470017198, "params": {"C": 1450.1732938520636, "gamma": 0.02670043312811307}, "datetime": {"datetime": "2021-09-28 13:56:32", "elapsed": 54.481112, "delta": 0.634999}}
{"target": -35.82601622712397, "params": {"C": 1471.4166533476068, "gamma": 0.10856698511817939}, "datetime": {"datetime": "2021-09-28 13:56:33", "elapsed": 55.143949, "delta": 0.662837}}
{"target": -36.98071732652059, "params": {"C": 1431.2106292036117, "gamma": 0.19448679978435943}, "datetime": {"datetime": "2021-09-28 13:56:33", "elapsed": 55.83395, "delta": 0.690001}}
{"target": -36.895688431737504, "params": {"C": 1488.5354618268864, "gamma": 0.19014730064619675}, "datetime": {"datetime": "2021-09-28 13:56:34", "elapsed": 56.406947, "delta": 0.572997}}
{"target": -34.95193868180157, "params": {"C": 1895.0459643444556, "gamma": 0.04124292365637072}, "datetime": {"datetime": "2021-09-28 13:56:35", "elapsed": 57.011867, "delta": 0.60492}}
{"target": -35.916673367057435, "params": {"C": 1471.7254459702822, "gamma": 0.11496766522142134}, "datetime": {"datetime": "2021-09-28 13:56:35", "elapsed": 57.683048, "delta": 0.671181}}
{"target": -36.8220385519091, "params": {"C": 1092.1333341327042, "gamma": 0.1607077787126709}, "datetime": {"datetime": "2021-09-28 13:56:36", "elapsed": 58.319047, "delta": 0.635999}}
{"target": -35.5743851282349, "params": {"C": 1895.0753446636618, "gamma": 0.09966133523660924}, "datetime": {"datetime": "2021-09-28 13:56:37", "elapsed": 59.09365, "delta": 0.774603}}
{"target": -35.77379725068836, "params": {"C": 1450.2656091052384, "gamma": 0.10414559551194877}, "datetime": {"datetime": "2021-09-28 13:56:37", "elapsed": 59.690648, "delta": 0.596998}}
{"target": -36.42831434016159, "params": {"C": 1287.750830911395, "gamma": 0.020635903779344177}, "datetime": {"datetime": "2021-09-28 13:56:38", "elapsed": 60.261652, "delta": 0.571004}}
{"target": -35.62240460931696, "params": {"C": 1848.3132919254626, "gamma": 0.102217063050689}, "datetime": {"datetime": "2021-09-28 13:56:38", "elapsed": 60.874652, "delta": 0.613}}
{"target": -36.748965999898374, "params": {"C": 1471.7406853168138, "gamma": 0.01535202156321875}, "datetime": {"datetime": "2021-09-28 13:56:39", "elapsed": 61.584502, "delta": 0.70985}}
{"target": -35.54528576782633, "params": {"C": 1450.3108325615335, "gamma": 0.030017040139477442}, "datetime": {"datetime": "2021-09-28 13:56:40", "elapsed": 62.343122, "delta": 0.75862}}
{"target": -35.94904348710078, "params": {"C": 1450.1699298466224, "gamma": 0.11646460125973158}, "datetime": {"datetime": "2021-09-28 13:56:41", "elapsed": 62.963125, "delta": 0.620003}}
{"target": -35.10684672548366, "params": {"C": 1878.8472726828381, "gamma": 0.032931220882900666}, "datetime": {"datetime": "2021-09-28 13:56:41", "elapsed": 63.530894, "delta": 0.567769}}
{"target": -36.66243940220506, "params": {"C": 1288.6256360220668, "gamma": 0.1607376801698249}, "datetime": {"datetime": "2021-09-28 13:56:42", "elapsed": 64.087893, "delta": 0.556999}}
{"target": -34.982486574782925, "params": {"C": 1895.1111662836918, "gamma": 0.03862546905259085}, "datetime": {"datetime": "2021-09-28 13:56:42", "elapsed": 64.818895, "delta": 0.731002}}
{"target": -36.59370236872157, "params": {"C": 1440.2721040978272, "gamma": 0.1627620897000585}, "datetime": {"datetime": "2021-09-28 13:56:43", "elapsed": 65.405616, "delta": 0.586721}}
{"target": -35.20274481765414, "params": {"C": 1471.6232007275776, "gamma": 0.059024446857343045}, "datetime": {"datetime": "2021-09-28 13:56:44", "elapsed": 66.07062, "delta": 0.665004}}
{"target": -35.08344703594484, "params": {"C": 1895.0802268245584, "gamma": 0.06501128244360033}, "datetime": {"datetime": "2021-09-28 13:56:44", "elapsed": 66.788618, "delta": 0.717998}}
{"target": -35.414564873803705, "params": {"C": 1290.9763545904061, "gamma": 0.06697121123345767}, "datetime": {"datetime": "2021-09-28 13:56:45", "elapsed": 67.605569, "delta": 0.816951}}
{"target": -34.97570224705473, "params": {"C": 1895.134645030587, "gamma": 0.05387252524406969}, "datetime": {"datetime": "2021-09-28 13:56:46", "elapsed": 68.249571, "delta": 0.644002}}
{"target": -37.65975516313117, "params": {"C": 1895.0860784461875, "gamma": 0.006881753685918753}, "datetime": {"datetime": "2021-09-28 13:56:46", "elapsed": 68.954575, "delta": 0.705004}}
{"target": -35.58888781530437, "params": {"C": 1291.0242394031898, "gamma": 0.0824601820201032}, "datetime": {"datetime": "2021-09-28 13:56:47", "elapsed": 69.618812, "delta": 0.664237}}
{"target": -36.26541271524832, "params": {"C": 1250.0260959824832, "gamma": 0.13078985930837655}, "datetime": {"datetime": "2021-09-28 13:56:49", "elapsed": 71.81874, "delta": 2.199928}}
{"target": -36.222822904845, "params": {"C": 1895.1616150646646, "gamma": 0.14373701013716797}, "datetime": {"datetime": "2021-09-28 13:56:50", "elapsed": 72.602377, "delta": 0.783637}}
{"target": -36.63115742619959, "params": {"C": 1436.8665345676952, "gamma": 0.16563072081747263}, "datetime": {"datetime": "2021-09-28 13:56:51", "elapsed": 73.163267, "delta": 0.56089}}
{"target": -35.41628222482394, "params": {"C": 1895.1277214038344, "gamma": 0.08914688578445772}, "datetime": {"datetime": "2021-09-28 13:56:51", "elapsed": 73.896264, "delta": 0.732997}}
{"target": -35.49918448332242, "params": {"C": 1581.261755795324, "gamma": 0.08904593613307825}, "datetime": {"datetime": "2021-09-28 13:56:52", "elapsed": 74.650261, "delta": 0.753997}}
{"target": -35.106571813437284, "params": {"C": 1878.797965767269, "gamma": 0.06686759755702266}, "datetime": {"datetime": "2021-09-28 13:56:53", "elapsed": 75.380474, "delta": 0.730213}}
{"target": -35.58231935013954, "params": {"C": 1450.3528317970643, "gamma": 0.0907348063526755}, "datetime": {"datetime": "2021-09-28 13:56:54", "elapsed": 76.038473, "delta": 0.657999}}
{"target": -35.21604216696989, "params": {"C": 1878.7262266215957, "gamma": 0.07574514291750173}, "datetime": {"datetime": "2021-09-28 13:56:54", "elapsed": 76.676961, "delta": 0.638488}}
{"target": -36.08125365542311, "params": {"C": 1290.9913179931382, "gamma": 0.1191793242443517}, "datetime": {"datetime": "2021-09-28 13:56:55", "elapsed": 77.368031, "delta": 0.69107}}
{"target": -35.098082586686225, "params": {"C": 1568.2736857288523, "gamma": 0.04517975093702893}, "datetime": {"datetime": "2021-09-28 13:56:56", "elapsed": 78.079031, "delta": 0.711}}
{"target": -36.189416884545736, "params": {"C": 1353.166616047807, "gamma": 0.022518771130639516}, "datetime": {"datetime": "2021-09-28 13:56:56", "elapsed": 78.757031, "delta": 0.678}}
{"target": -35.74414418389654, "params": {"C": 1103.860148475502, "gamma": 0.07914493113947402}, "datetime": {"datetime": "2021-09-28 13:56:57", "elapsed": 79.360868, "delta": 0.603837}}
{"target": -35.99943286596812, "params": {"C": 1358.5939754924634, "gamma": 0.11643595229355719}, "datetime": {"datetime": "2021-09-28 13:56:58", "elapsed": 80.059865, "delta": 0.698997}}
{"target": -35.593260560886044, "params": {"C": 1290.9536706118101, "gamma": 0.0332417291036458}, "datetime": {"datetime": "2021-09-28 13:56:58", "elapsed": 80.831867, "delta": 0.772002}}
{"target": -36.567365583237574, "params": {"C": 1568.2676809568595, "gamma": 0.016143944997159584}, "datetime": {"datetime": "2021-09-28 13:56:59", "elapsed": 81.671583, "delta": 0.839716}}
{"target": -35.01993212307205, "params": {"C": 1878.6951756729914, "gamma": 0.058327098364164234}, "datetime": {"datetime": "2021-09-28 13:57:00", "elapsed": 82.537188, "delta": 0.865605}}
{"target": -35.27116118517355, "params": {"C": 1878.833887823399, "gamma": 0.07937487167008235}, "datetime": {"datetime": "2021-09-28 13:57:01", "elapsed": 83.784056, "delta": 1.246868}}
{"target": -36.33124130140888, "params": {"C": 1710.7567380647145, "gamma": 0.14961236344659085}, "datetime": {"datetime": "2021-09-28 13:57:02", "elapsed": 84.545057, "delta": 0.761001}}
{"target": -36.92706618248334, "params": {"C": 1895.0224667975892, "gamma": 0.011242161408275126}, "datetime": {"datetime": "2021-09-28 13:57:03", "elapsed": 85.515252, "delta": 0.970195}}
{"target": -35.36645217652223, "params": {"C": 1261.9232570038048, "gamma": 0.05265734583344781}, "datetime": {"datetime": "2021-09-28 13:57:04", "elapsed": 86.19025, "delta": 0.674998}}
{"target": -34.96599039810574, "params": {"C": 1822.9565671532926, "gamma": 0.0428885215235449}, "datetime": {"datetime": "2021-09-28 13:57:04", "elapsed": 86.881919, "delta": 0.691669}}
{"target": -36.30540831675144, "params": {"C": 1425.7663188190427, "gamma": 0.14105499198294066}, "datetime": {"datetime": "2021-09-28 13:57:05", "elapsed": 87.624704, "delta": 0.742785}}
{"target": -35.27731976862777, "params": {"C": 1568.3224207141388, "gamma": 0.07217101459202215}, "datetime": {"datetime": "2021-09-28 13:57:06", "elapsed": 88.565698, "delta": 0.940994}}
{"target": -36.444795468208085, "params": {"C": 1878.7282215204966, "gamma": 0.014921965982546352}, "datetime": {"datetime": "2021-09-28 13:57:07", "elapsed": 89.512101, "delta": 0.946403}}
{"target": -35.334328469250345, "params": {"C": 1878.672074467513, "gamma": 0.08351344899225296}, "datetime": {"datetime": "2021-09-28 13:57:08", "elapsed": 90.3681, "delta": 0.855999}}
{"target": -35.32616970511974, "params": {"C": 1406.164559232038, "gamma": 0.06724346952844898}, "datetime": {"datetime": "2021-09-28 13:57:09", "elapsed": 91.193564, "delta": 0.825464}}
{"target": -36.5656364593029, "params": {"C": 1798.6118437079738, "gamma": 0.17044017230754974}, "datetime": {"datetime": "2021-09-28 13:57:10", "elapsed": 91.984489, "delta": 0.790925}}
{"target": -34.99623071662957, "params": {"C": 1894.9703415360784, "gamma": 0.05617713029119959}, "datetime": {"datetime": "2021-09-28 13:57:11", "elapsed": 93.307727, "delta": 1.323238}}
{"target": -35.88124756917404, "params": {"C": 1878.7298263854664, "gamma": 0.12044219870510497}, "datetime": {"datetime": "2021-09-28 13:57:12", "elapsed": 94.242729, "delta": 0.935002}}
{"target": -37.65438738798657, "params": {"C": 1822.9810815948217, "gamma": 0.007142165843424894}, "datetime": {"datetime": "2021-09-28 13:57:13", "elapsed": 95.409821, "delta": 1.167092}}
{"target": -34.980262065839106, "params": {"C": 1822.9058430640252, "gamma": 0.05229035276535257}, "datetime": {"datetime": "2021-09-28 13:57:14", "elapsed": 96.576821, "delta": 1.167}}
{"target": -35.95007842175376, "params": {"C": 1878.802879278077, "gamma": 0.019297870563069544}, "datetime": {"datetime": "2021-09-28 13:57:15", "elapsed": 97.610193, "delta": 1.033372}}
{"target": -35.58464476685149, "params": {"C": 1822.957620237356, "gamma": 0.099249018091438}, "datetime": {"datetime": "2021-09-28 13:57:16", "elapsed": 98.632193, "delta": 1.022}}
{"target": -35.99717657258024, "params": {"C": 1287.792529249769, "gamma": 0.11298506922839685}, "datetime": {"datetime": "2021-09-28 13:57:17", "elapsed": 99.445818, "delta": 0.813625}}
{"target": -35.995986716870625, "params": {"C": 1261.9534354597997, "gamma": 0.026734698077912865}, "datetime": {"datetime": "2021-09-28 13:57:18", "elapsed": 100.264815, "delta": 0.818997}}
{"target": -34.967935830039345, "params": {"C": 1822.941609320606, "gamma": 0.04985879249067404}, "datetime": {"datetime": "2021-09-28 13:57:20", "elapsed": 102.143019, "delta": 1.878204}}
{"target": -35.200708988651854, "params": {"C": 1816.9087792579305, "gamma": 0.030808847527601078}, "datetime": {"datetime": "2021-09-28 13:57:21", "elapsed": 103.393435, "delta": 1.250416}}
