{"target": -51.940594883850245, "params": {"C": 306515.0502526313, "gamma": 0.732443378474296}, "datetime": {"datetime": "2021-10-04 11:45:42", "elapsed": 291.078338, "delta": 1.5679}}
{"target": -52.658521165358884, "params": {"C": 311067.2158938729, "gamma": 0.8000252526547157}, "datetime": {"datetime": "2021-10-04 11:45:44", "elapsed": 292.743494, "delta": 1.665156}}
{"target": -49.8214558813031, "params": {"C": 344688.2960577451, "gamma": 0.5491616036491584}, "datetime": {"datetime": "2021-10-04 11:45:45", "elapsed": 293.97511, "delta": 1.231616}}
{"target": -49.52126839040535, "params": {"C": 306087.6226373249, "gamma": 0.45739234828429487}, "datetime": {"datetime": "2021-10-04 11:45:46", "elapsed": 295.252072, "delta": 1.276962}}
{"target": -51.260390138299506, "params": {"C": 259184.8656149176, "gamma": 0.6697819428819742}, "datetime": {"datetime": "2021-10-04 11:45:48", "elapsed": 296.77426, "delta": 1.522188}}
{"target": -52.36105516486121, "params": {"C": 143631.48187309722, "gamma": 0.7436654007558994}, "datetime": {"datetime": "2021-10-04 11:45:49", "elapsed": 297.942443, "delta": 1.168183}}
{"target": -49.39461034474772, "params": {"C": 215738.9275275414, "gamma": 0.49292326361785227}, "datetime": {"datetime": "2021-10-04 11:45:51", "elapsed": 299.630414, "delta": 1.687971}}
{"target": -49.39943369035154, "params": {"C": 249345.6011832329, "gamma": 0.46268113251500853}, "datetime": {"datetime": "2021-10-04 11:45:52", "elapsed": 301.147279, "delta": 1.516865}}
{"target": -51.820055044995016, "params": {"C": 280318.5188298782, "gamma": 0.7203953661587201}, "datetime": {"datetime": "2021-10-04 11:45:54", "elapsed": 302.379947, "delta": 1.232668}}
{"target": -50.46988148528406, "params": {"C": 295508.3723032814, "gamma": 0.6066243463490246}, "datetime": {"datetime": "2021-10-04 11:45:55", "elapsed": 303.668533, "delta": 1.288586}}
{"target": -49.950057409192034, "params": {"C": 448479.58159767004, "gamma": 0.4186573391718645}, "datetime": {"datetime": "2021-10-04 11:45:56", "elapsed": 305.003783, "delta": 1.33525}}
{"target": -49.46300782571714, "params": {"C": 211350.5705039188, "gamma": 0.5055789947963931}, "datetime": {"datetime": "2021-10-04 11:45:57", "elapsed": 306.307935, "delta": 1.304152}}
{"target": -54.07117885091184, "params": {"C": 131203.62836753702, "gamma": 0.9139171929776175}, "datetime": {"datetime": "2021-10-04 11:45:59", "elapsed": 307.617164, "delta": 1.309229}}
{"target": -50.414517546065234, "params": {"C": 440633.4980134262, "gamma": 0.6048817476541236}, "datetime": {"datetime": "2021-10-04 11:46:00", "elapsed": 308.946604, "delta": 1.32944}}
{"target": -53.97548128712266, "params": {"C": 276197.5090922354, "gamma": 0.9306534398421821}, "datetime": {"datetime": "2021-10-04 11:46:01", "elapsed": 310.215388, "delta": 1.268784}}
{"target": -52.34072647744326, "params": {"C": 180895.41265769812, "gamma": 0.7549643300659449}, "datetime": {"datetime": "2021-10-04 11:46:03", "elapsed": 311.947989, "delta": 1.732601}}
{"target": -49.48044797106043, "params": {"C": 267040.91263724305, "gamma": 0.44675313877543715}, "datetime": {"datetime": "2021-10-04 11:46:04", "elapsed": 313.269775, "delta": 1.321786}}
{"target": -50.77050245035321, "params": {"C": 371838.269801832, "gamma": 0.6341000386584805}, "datetime": {"datetime": "2021-10-04 11:46:06", "elapsed": 314.949394, "delta": 1.679619}}
{"target": -53.53728419770023, "params": {"C": 304374.17734180175, "gamma": 0.8869279178043583}, "datetime": {"datetime": "2021-10-04 11:46:07", "elapsed": 316.279964, "delta": 1.33057}}
{"target": -54.415530703687644, "params": {"C": 152542.44647594873, "gamma": 0.9631033668174093}, "datetime": {"datetime": "2021-10-04 11:46:10", "elapsed": 318.907747, "delta": 2.627783}}
{"target": -52.93263300764081, "params": {"C": 432093.72277903004, "gamma": 0.8289486366878411}, "datetime": {"datetime": "2021-10-04 11:46:11", "elapsed": 320.1884, "delta": 1.280653}}
{"target": -52.30017879828352, "params": {"C": 397959.3445627661, "gamma": 0.7682709016496791}, "datetime": {"datetime": "2021-10-04 11:46:13", "elapsed": 321.564251, "delta": 1.375851}}
{"target": -52.282495565298206, "params": {"C": 306514.18720507424, "gamma": 0.7637398160018045}, "datetime": {"datetime": "2021-10-04 11:46:15", "elapsed": 323.659541, "delta": 2.09529}}
{"target": -50.974932557695396, "params": {"C": 97948.237887217, "gamma": 0.5956798327326854}, "datetime": {"datetime": "2021-10-04 11:46:16", "elapsed": 325.02614, "delta": 1.366599}}
{"target": -49.474911652424325, "params": {"C": 306088.5559460501, "gamma": 0.4966794845855169}, "datetime": {"datetime": "2021-10-04 11:46:18", "elapsed": 326.662477, "delta": 1.636337}}
{"target": -50.507368177628656, "params": {"C": 363700.5413260302, "gamma": 0.6115060174222624}, "datetime": {"datetime": "2021-10-04 11:46:20", "elapsed": 328.905645, "delta": 2.243168}}
{"target": -53.4330339641235, "params": {"C": 180896.96970439242, "gamma": 0.8641059991419514}, "datetime": {"datetime": "2021-10-04 11:46:22", "elapsed": 330.521975, "delta": 1.61633}}
{"target": -52.94984470051865, "params": {"C": 433248.1662215621, "gamma": 0.830709684929768}, "datetime": {"datetime": "2021-10-04 11:46:24", "elapsed": 332.390929, "delta": 1.868954}}
{"target": -52.62469444371444, "params": {"C": 425090.10026450665, "gamma": 0.7986045202922325}, "datetime": {"datetime": "2021-10-04 11:46:25", "elapsed": 333.731824, "delta": 1.340895}}
{"target": -49.424407450714895, "params": {"C": 143931.01888183362, "gamma": 0.45984875165937483}, "datetime": {"datetime": "2021-10-04 11:46:26", "elapsed": 335.097529, "delta": 1.365705}}
{"target": -54.16042308739434, "params": {"C": 252115.17473386825, "gamma": 0.9488045643523885}, "datetime": {"datetime": "2021-10-04 11:46:28", "elapsed": 336.479471, "delta": 1.381942}}
{"target": -50.56568555384673, "params": {"C": 249346.6817270462, "gamma": 0.612590296361917}, "datetime": {"datetime": "2021-10-04 11:46:29", "elapsed": 338.14845, "delta": 1.668979}}
{"target": -55.88668805017632, "params": {"C": 22056.517743816552, "gamma": 0.7219918753304679}, "datetime": {"datetime": "2021-10-04 11:46:31", "elapsed": 339.480359, "delta": 1.331909}}
{"target": -53.75969182567758, "params": {"C": 101565.96696125339, "gamma": 0.8614793237273919}, "datetime": {"datetime": "2021-10-04 11:46:32", "elapsed": 340.805864, "delta": 1.325505}}
{"target": -52.70746929154361, "params": {"C": 44621.327149859644, "gamma": 0.6176713996195762}, "datetime": {"datetime": "2021-10-04 11:46:33", "elapsed": 342.224117, "delta": 1.418253}}
{"target": -52.730298892493735, "params": {"C": 363751.90137955255, "gamma": 0.8079710580766812}, "datetime": {"datetime": "2021-10-04 11:46:35", "elapsed": 343.956097, "delta": 1.73198}}
{"target": -49.452991417659156, "params": {"C": 260297.22614360967, "gamma": 0.4497716269806313}, "datetime": {"datetime": "2021-10-04 11:46:37", "elapsed": 345.481568, "delta": 1.525471}}
{"target": -54.56364046942988, "params": {"C": 243850.8100595295, "gamma": 0.9946531592515755}, "datetime": {"datetime": "2021-10-04 11:46:38", "elapsed": 347.25177, "delta": 1.770202}}
{"target": -49.52853297183662, "params": {"C": 211044.8124332168, "gamma": 0.40319396425108955}, "datetime": {"datetime": "2021-10-04 11:46:40", "elapsed": 349.131907, "delta": 1.880137}}
{"target": -55.88684658791346, "params": {"C": 47063.884541961, "gamma": 0.9923615952615601}, "datetime": {"datetime": "2021-10-04 11:46:42", "elapsed": 350.603359, "delta": 1.471452}}
{"target": -50.1184431017138, "params": {"C": 215655.46023305086, "gamma": 0.5720472343446124}, "datetime": {"datetime": "2021-10-04 11:46:43", "elapsed": 351.969604, "delta": 1.366245}}
{"target": -53.62788379623806, "params": {"C": 425761.09389271255, "gamma": 0.8976650883340105}, "datetime": {"datetime": "2021-10-04 11:46:45", "elapsed": 353.925261, "delta": 1.955657}}
{"target": -52.89647910464882, "params": {"C": 165586.83051431912, "gamma": 0.8038194746908507}, "datetime": {"datetime": "2021-10-04 11:46:47", "elapsed": 355.374905, "delta": 1.449644}}
{"target": -49.71219816215136, "params": {"C": 260297.54296724516, "gamma": 0.5387054789271369}, "datetime": {"datetime": "2021-10-04 11:46:49", "elapsed": 358.22723, "delta": 2.852325}}
{"target": -53.96281185412721, "params": {"C": 267314.88360140426, "gamma": 0.9287811021004755}, "datetime": {"datetime": "2021-10-04 11:46:51", "elapsed": 359.605408, "delta": 1.378178}}
{"target": -49.70210881717809, "params": {"C": 344689.08131808473, "gamma": 0.4308252926583331}, "datetime": {"datetime": "2021-10-04 11:46:53", "elapsed": 361.757422, "delta": 2.152014}}
{"target": -49.71616964081258, "params": {"C": 368264.3740875884, "gamma": 0.5373478024207581}, "datetime": {"datetime": "2021-10-04 11:46:55", "elapsed": 363.62781, "delta": 1.870388}}
{"target": -49.33828867644962, "params": {"C": 168901.5102716039, "gamma": 0.4219927742619536}, "datetime": {"datetime": "2021-10-04 11:46:58", "elapsed": 366.613128, "delta": 2.985318}}
{"target": -51.523633136061406, "params": {"C": 260297.95440643633, "gamma": 0.6929769993696792}, "datetime": {"datetime": "2021-10-04 11:47:00", "elapsed": 369.085063, "delta": 2.471935}}
{"target": -53.2789944590912, "params": {"C": 211044.09617162938, "gamma": 0.855077719806333}, "datetime": {"datetime": "2021-10-04 11:47:02", "elapsed": 371.190422, "delta": 2.105359}}
{"target": -53.78925305449114, "params": {"C": 314612.8800374257, "gamma": 0.9126812684993597}, "datetime": {"datetime": "2021-10-04 11:47:04", "elapsed": 373.047305, "delta": 1.856883}}
{"target": -49.90200668615432, "params": {"C": 368278.5886162331, "gamma": 0.4080846396100021}, "datetime": {"datetime": "2021-10-04 11:47:06", "elapsed": 375.329049, "delta": 2.281744}}
{"target": -51.34350464257053, "params": {"C": 218421.5947028894, "gamma": 0.6734149244530294}, "datetime": {"datetime": "2021-10-04 11:47:09", "elapsed": 377.554153, "delta": 2.225104}}
{"target": -53.9434387458977, "params": {"C": 211350.3534495873, "gamma": 0.921163258600359}, "datetime": {"datetime": "2021-10-04 11:47:12", "elapsed": 380.416809, "delta": 2.862656}}
{"target": -51.814218469954, "params": {"C": 385921.74813761, "gamma": 0.7246458042469079}, "datetime": {"datetime": "2021-10-04 11:47:14", "elapsed": 382.44464, "delta": 2.027831}}
{"target": -50.56894695684034, "params": {"C": 435501.689622282, "gamma": 0.6179088649716988}, "datetime": {"datetime": "2021-10-04 11:47:15", "elapsed": 384.311235, "delta": 1.866595}}
{"target": -54.17353942829008, "params": {"C": 170437.17569940005, "gamma": 0.939901127208404}, "datetime": {"datetime": "2021-10-04 11:47:18", "elapsed": 386.351128, "delta": 2.039893}}
{"target": -54.0673235142539, "params": {"C": 369644.1422164474, "gamma": 0.9438345317148504}, "datetime": {"datetime": "2021-10-04 11:47:19", "elapsed": 388.300801, "delta": 1.949673}}
{"target": -51.4913909337065, "params": {"C": 215656.05270702424, "gamma": 0.6861708793396357}, "datetime": {"datetime": "2021-10-04 11:47:22", "elapsed": 390.764055, "delta": 2.463254}}
{"target": -51.90230350176178, "params": {"C": 70807.39676973988, "gamma": 0.6326631268171881}, "datetime": {"datetime": "2021-10-04 11:47:24", "elapsed": 392.560981, "delta": 1.796926}}
{"target": -52.337329877394986, "params": {"C": 173560.69571099567, "gamma": 0.7525858718411438}, "datetime": {"datetime": "2021-10-04 11:47:26", "elapsed": 394.921929, "delta": 2.360948}}
{"target": -49.804263107679326, "params": {"C": 448480.23153057386, "gamma": 0.43840811258157786}, "datetime": {"datetime": "2021-10-04 11:47:29", "elapsed": 397.51503, "delta": 2.593101}}
{"target": -52.49401160412383, "params": {"C": 113853.86870780552, "gamma": 0.7392131952295713}, "datetime": {"datetime": "2021-10-04 11:47:31", "elapsed": 399.74262, "delta": 2.22759}}
{"target": -52.53881600984752, "params": {"C": 243852.24427465725, "gamma": 0.7849812225635562}, "datetime": {"datetime": "2021-10-04 11:47:34", "elapsed": 403.138759, "delta": 3.396139}}
{"target": -54.401213464525235, "params": {"C": 77095.39628953968, "gamma": 0.898423995702401}, "datetime": {"datetime": "2021-10-04 11:47:36", "elapsed": 404.644934, "delta": 1.506175}}
{"target": -54.29350007894643, "params": {"C": 107942.0149879863, "gamma": 0.9241009846016662}, "datetime": {"datetime": "2021-10-04 11:47:38", "elapsed": 406.524636, "delta": 1.879702}}
{"target": -50.929947918033825, "params": {"C": 332664.89493991615, "gamma": 0.6464900401305549}, "datetime": {"datetime": "2021-10-04 11:47:39", "elapsed": 408.276669, "delta": 1.752033}}
{"target": -50.147875854345, "params": {"C": 449650.7120519279, "gamma": 0.5788248992348429}, "datetime": {"datetime": "2021-10-04 11:47:41", "elapsed": 409.83634, "delta": 1.559671}}
{"target": -50.07095347706597, "params": {"C": 457989.6315724971, "gamma": 0.5711715798275345}, "datetime": {"datetime": "2021-10-04 11:47:43", "elapsed": 411.480531, "delta": 1.644191}}
{"target": -51.29083161595246, "params": {"C": 87128.90669130711, "gamma": 0.609628375276979}, "datetime": {"datetime": "2021-10-04 11:47:44", "elapsed": 413.293796, "delta": 1.813265}}
{"target": -52.26474183420155, "params": {"C": 135094.65738624934, "gamma": 0.7307985925702518}, "datetime": {"datetime": "2021-10-04 11:47:47", "elapsed": 416.018299, "delta": 2.724503}}
{"target": -49.75926302223462, "params": {"C": 143931.4855924591, "gamma": 0.5228101400883207}, "datetime": {"datetime": "2021-10-04 11:47:49", "elapsed": 418.311206, "delta": 2.292907}}
{"target": -49.667662117241434, "params": {"C": 256091.55424559032, "gamma": 0.40095828719418447}, "datetime": {"datetime": "2021-10-04 11:47:52", "elapsed": 420.507395, "delta": 2.196189}}
{"target": -54.03986577103585, "params": {"C": 427662.968064032, "gamma": 0.9419501732746434}, "datetime": {"datetime": "2021-10-04 11:47:53", "elapsed": 422.242725, "delta": 1.73533}}
{"target": -50.683659420992356, "params": {"C": 79726.79496866465, "gamma": 0.5380165876707541}, "datetime": {"datetime": "2021-10-04 11:47:55", "elapsed": 424.088494, "delta": 1.845769}}
{"target": -50.39164174915571, "params": {"C": 267041.6591317654, "gamma": 0.5987345966269748}, "datetime": {"datetime": "2021-10-04 11:47:58", "elapsed": 426.473926, "delta": 2.385432}}
{"target": -51.64846998597977, "params": {"C": 63321.90781477873, "gamma": 0.5924788797567766}, "datetime": {"datetime": "2021-10-04 11:48:01", "elapsed": 429.558303, "delta": 3.084377}}
{"target": -53.60062431557192, "params": {"C": 259186.02866254357, "gamma": 0.8907964292382389}, "datetime": {"datetime": "2021-10-04 11:48:03", "elapsed": 432.225943, "delta": 2.66764}}
{"target": -54.419534193080096, "params": {"C": 256091.9075552292, "gamma": 0.9785067928955432}, "datetime": {"datetime": "2021-10-04 11:48:07", "elapsed": 435.695966, "delta": 3.470023}}
{"target": -50.39762879321288, "params": {"C": 251850.64129064797, "gamma": 0.5986320914558181}, "datetime": {"datetime": "2021-10-04 11:48:09", "elapsed": 437.427971, "delta": 1.732005}}
{"target": -53.77037454068275, "params": {"C": 295505.31294790073, "gamma": 0.9099253698677028}, "datetime": {"datetime": "2021-10-04 11:48:11", "elapsed": 439.75167, "delta": 2.323699}}
{"target": -51.28017643639096, "params": {"C": 311072.5167012071, "gamma": 0.6747375027400471}, "datetime": {"datetime": "2021-10-04 11:48:14", "elapsed": 442.629681, "delta": 2.878011}}
{"target": -51.6161997201936, "params": {"C": 300635.9987020009, "gamma": 0.7039695230127405}, "datetime": {"datetime": "2021-10-04 11:48:16", "elapsed": 444.618504, "delta": 1.988823}}
{"target": -59.77494792524828, "params": {"C": 13002.04979475107, "gamma": 0.9741655151153279}, "datetime": {"datetime": "2021-10-04 11:48:18", "elapsed": 446.446242, "delta": 1.827738}}
{"target": -52.17261526969602, "params": {"C": 402148.3867162773, "gamma": 0.7570556262788442}, "datetime": {"datetime": "2021-10-04 11:48:20", "elapsed": 448.705865, "delta": 2.259623}}
{"target": -52.35168659547279, "params": {"C": 300634.9954360382, "gamma": 0.7700333603025638}, "datetime": {"datetime": "2021-10-04 11:48:23", "elapsed": 451.361755, "delta": 2.65589}}
{"target": -52.55863525929087, "params": {"C": 267040.03378580115, "gamma": 0.7884730140718603}, "datetime": {"datetime": "2021-10-04 11:48:26", "elapsed": 454.342399, "delta": 2.980644}}
{"target": -52.81433006503353, "params": {"C": 479373.6342994084, "gamma": 0.817522921666873}, "datetime": {"datetime": "2021-10-04 11:48:28", "elapsed": 456.786705, "delta": 2.444306}}
{"target": -49.78246626113699, "params": {"C": 293622.4701071881, "gamma": 0.5465871563861279}, "datetime": {"datetime": "2021-10-04 11:48:31", "elapsed": 459.4512, "delta": 2.664495}}
{"target": -53.62058011713878, "params": {"C": 375982.75895357167, "gamma": 0.8969163020206661}, "datetime": {"datetime": "2021-10-04 11:48:33", "elapsed": 462.014757, "delta": 2.563557}}
{"target": -50.67031199556399, "params": {"C": 66215.41958817543, "gamma": 0.48762416224381666}, "datetime": {"datetime": "2021-10-04 11:48:36", "elapsed": 464.411296, "delta": 2.396539}}
{"target": -54.00921351084391, "params": {"C": 283364.72734521155, "gamma": 0.9346234870509615}, "datetime": {"datetime": "2021-10-04 11:48:38", "elapsed": 466.802109, "delta": 2.390813}}
{"target": -53.30039534870284, "params": {"C": 79727.260684579, "gamma": 0.7816701588247588}, "datetime": {"datetime": "2021-10-04 11:48:40", "elapsed": 469.316774, "delta": 2.514665}}
{"target": -54.2468503747785, "params": {"C": 125972.9694944433, "gamma": 0.9314892931040553}, "datetime": {"datetime": "2021-10-04 11:48:42", "elapsed": 471.072186, "delta": 1.755412}}
{"target": -49.529681441712455, "params": {"C": 364522.1973383524, "gamma": 0.4921909837673037}, "datetime": {"datetime": "2021-10-04 11:48:45", "elapsed": 473.740389, "delta": 2.668203}}
{"target": -51.25939193288085, "params": {"C": 363751.5103989013, "gamma": 0.6753510337771893}, "datetime": {"datetime": "2021-10-04 11:48:47", "elapsed": 476.10159, "delta": 2.361201}}
{"target": -54.1149722589136, "params": {"C": 291842.551168757, "gamma": 0.9465721562164447}, "datetime": {"datetime": "2021-10-04 11:48:49", "elapsed": 477.831189, "delta": 1.729599}}
{"target": -50.908402910793164, "params": {"C": 227853.67884431634, "gamma": 0.6378202155352524}, "datetime": {"datetime": "2021-10-04 11:48:51", "elapsed": 479.482202, "delta": 1.651013}}
{"target": -52.836243936301386, "params": {"C": 231332.48196246728, "gamma": 0.8125381660446165}, "datetime": {"datetime": "2021-10-04 11:48:53", "elapsed": 481.730144, "delta": 2.247942}}
{"target": -53.500299706105224, "params": {"C": 170601.96101310253, "gamma": 0.8683702384861156}, "datetime": {"datetime": "2021-10-04 11:48:55", "elapsed": 483.670706, "delta": 1.940562}}
{"target": -49.682975217403346, "params": {"C": 435502.5400663111, "gamma": 0.46052387535093353}, "datetime": {"datetime": "2021-10-04 11:48:58", "elapsed": 486.423885, "delta": 2.753179}}
{"target": -51.25267823435634, "params": {"C": 306516.70279499015, "gamma": 0.6721306711018503}, "datetime": {"datetime": "2021-10-04 11:49:00", "elapsed": 488.875857, "delta": 2.451972}}
{"target": -52.80418675803295, "params": {"C": 312293.70286501537, "gamma": 0.8143989241738652}, "datetime": {"datetime": "2021-10-04 11:49:02", "elapsed": 490.607862, "delta": 1.732005}}
{"target": -52.61238696847473, "params": {"C": 279746.9498948178, "gamma": 0.7946081751941112}, "datetime": {"datetime": "2021-10-04 11:49:05", "elapsed": 493.3943, "delta": 2.786438}}
{"target": -53.43810444797004, "params": {"C": 433247.34632319474, "gamma": 0.878546194206934}, "datetime": {"datetime": "2021-10-04 11:49:07", "elapsed": 495.608809, "delta": 2.214509}}
{"target": -50.13976855402845, "params": {"C": 432346.4613335546, "gamma": 0.5782668692864735}, "datetime": {"datetime": "2021-10-04 11:49:09", "elapsed": 497.697227, "delta": 2.088418}}
{"target": -53.27058268585236, "params": {"C": 267042.12967622123, "gamma": 0.8593243605681697}, "datetime": {"datetime": "2021-10-04 11:49:12", "elapsed": 500.414933, "delta": 2.717706}}
{"target": -53.629251563036206, "params": {"C": 155584.71581790666, "gamma": 0.8765098859290441}, "datetime": {"datetime": "2021-10-04 11:49:14", "elapsed": 502.388, "delta": 1.973067}}
{"target": -50.08629243575634, "params": {"C": 295505.78458161757, "gamma": 0.5727087347802983}, "datetime": {"datetime": "2021-10-04 11:49:16", "elapsed": 504.957872, "delta": 2.569872}}
{"target": -53.98509132904665, "params": {"C": 416440.3059227126, "gamma": 0.9358859308372331}, "datetime": {"datetime": "2021-10-04 11:49:18", "elapsed": 506.845245, "delta": 1.887373}}
{"target": -49.4304986708891, "params": {"C": 249345.87960261613, "gamma": 0.4992465336205521}, "datetime": {"datetime": "2021-10-04 11:49:21", "elapsed": 509.818146, "delta": 2.972901}}
{"target": -49.516762570211654, "params": {"C": 118119.1803291908, "gamma": 0.4109456704549224}, "datetime": {"datetime": "2021-10-04 11:49:23", "elapsed": 511.963083, "delta": 2.144937}}
{"target": -50.190211886648264, "params": {"C": 440632.63316086435, "gamma": 0.5831272823632467}, "datetime": {"datetime": "2021-10-04 11:49:26", "elapsed": 514.363695, "delta": 2.400612}}
{"target": -53.723517729373405, "params": {"C": 173559.5093160566, "gamma": 0.892184644023048}, "datetime": {"datetime": "2021-10-04 11:49:28", "elapsed": 517.286817, "delta": 2.923122}}
{"target": -50.6150637767817, "params": {"C": 71354.73544264058, "gamma": 0.5027099806274317}, "datetime": {"datetime": "2021-10-04 11:49:31", "elapsed": 520.009353, "delta": 2.722536}}
{"target": -52.79823955755455, "params": {"C": 293646.85512224335, "gamma": 0.8134198341483603}, "datetime": {"datetime": "2021-10-04 11:49:34", "elapsed": 522.445183, "delta": 2.43583}}
{"target": -51.54713503604262, "params": {"C": 428314.810624511, "gamma": 0.7028395456965715}, "datetime": {"datetime": "2021-10-04 11:49:36", "elapsed": 524.73608, "delta": 2.290897}}
