{"target": -34.88244973365684, "params": {"C": 37982.356757720365, "gamma": 0.010888926736510731}, "datetime": {"datetime": "2021-09-29 09:18:11", "elapsed": 226.974911, "delta": 1.542316}}
{"target": -34.568859461898946, "params": {"C": 37982.32431658986, "gamma": 0.014339787340777992}, "datetime": {"datetime": "2021-09-29 09:18:12", "elapsed": 228.310913, "delta": 1.336002}}
{"target": -35.109122838779236, "params": {"C": 39353.36414547135, "gamma": 0.03572238038873561}, "datetime": {"datetime": "2021-09-29 09:18:13", "elapsed": 229.360748, "delta": 1.049835}}
{"target": -34.727231673371584, "params": {"C": 35417.290768218554, "gamma": 0.02917889634607924}, "datetime": {"datetime": "2021-09-29 09:18:14", "elapsed": 230.527083, "delta": 1.166335}}
{"target": -35.240867128899325, "params": {"C": 35566.25418196671, "gamma": 0.04006069684838555}, "datetime": {"datetime": "2021-09-29 09:18:16", "elapsed": 231.99755, "delta": 1.470467}}
{"target": -34.86263115892916, "params": {"C": 39668.78672957061, "gamma": 0.010953684040453174}, "datetime": {"datetime": "2021-09-29 09:18:17", "elapsed": 233.036307, "delta": 1.038757}}
{"target": -35.274758812499165, "params": {"C": 36998.62686923658, "gamma": 0.0398684627430144}, "datetime": {"datetime": "2021-09-29 09:18:18", "elapsed": 234.691203, "delta": 1.654896}}
{"target": -34.6012068757895, "params": {"C": 35441.723282798055, "gamma": 0.024921924924873936}, "datetime": {"datetime": "2021-09-29 09:18:20", "elapsed": 235.790205, "delta": 1.099002}}
{"target": -35.95675499662086, "params": {"C": 35570.40511184327, "gamma": 0.05336464775995601}, "datetime": {"datetime": "2021-09-29 09:18:21", "elapsed": 237.33743, "delta": 1.547225}}
{"target": -35.50828826367443, "params": {"C": 39900.930365707776, "gamma": 0.04226268058352569}, "datetime": {"datetime": "2021-09-29 09:18:22", "elapsed": 238.778866, "delta": 1.441436}}
{"target": -35.69738654082035, "params": {"C": 36620.14937270656, "gamma": 0.04762579852383172}, "datetime": {"datetime": "2021-09-29 09:18:24", "elapsed": 240.76049, "delta": 1.981624}}
{"target": -35.19155820664804, "params": {"C": 36219.82060428798, "gamma": 0.008764080580588036}, "datetime": {"datetime": "2021-09-29 09:18:26", "elapsed": 242.615076, "delta": 1.854586}}
{"target": -34.49348397151106, "params": {"C": 37680.18448984849, "gamma": 0.019747884525185447}, "datetime": {"datetime": "2021-09-29 09:18:27", "elapsed": 243.778783, "delta": 1.163707}}
{"target": -35.58163739053318, "params": {"C": 38882.09781885046, "gamma": 0.006744061227194701}, "datetime": {"datetime": "2021-09-29 09:18:29", "elapsed": 245.006951, "delta": 1.228168}}
{"target": -35.17021116833307, "params": {"C": 39593.83423277294, "gamma": 0.03693457087167676}, "datetime": {"datetime": "2021-09-29 09:18:30", "elapsed": 246.192948, "delta": 1.185997}}
{"target": -35.40313762065419, "params": {"C": 38516.99026039481, "gamma": 0.04121402733957242}, "datetime": {"datetime": "2021-09-29 09:18:31", "elapsed": 247.3718, "delta": 1.178852}}
{"target": -34.483896073157254, "params": {"C": 38823.01614988748, "gamma": 0.015825472627607983}, "datetime": {"datetime": "2021-09-29 09:18:32", "elapsed": 248.567832, "delta": 1.196032}}
{"target": -34.59622071664387, "params": {"C": 39136.60411218107, "gamma": 0.0241623461263822}, "datetime": {"datetime": "2021-09-29 09:18:34", "elapsed": 250.102773, "delta": 1.534941}}
{"target": -35.70556166076335, "params": {"C": 36477.59318464158, "gamma": 0.04787545604505602}, "datetime": {"datetime": "2021-09-29 09:18:35", "elapsed": 251.639693, "delta": 1.53692}}
{"target": -34.80733717570263, "params": {"C": 38749.00069009441, "gamma": 0.011525821592498403}, "datetime": {"datetime": "2021-09-29 09:18:37", "elapsed": 253.017803, "delta": 1.37811}}
{"target": -35.65264252503111, "params": {"C": 37273.68813495867, "gamma": 0.04637218806693331}, "datetime": {"datetime": "2021-09-29 09:18:38", "elapsed": 254.21241, "delta": 1.194607}}
{"target": -34.508930456470175, "params": {"C": 39265.19945761979, "gamma": 0.020770125035946933}, "datetime": {"datetime": "2021-09-29 09:18:39", "elapsed": 255.393373, "delta": 1.180963}}
{"target": -35.01328730203883, "params": {"C": 39826.96540367298, "gamma": 0.009781639408329277}, "datetime": {"datetime": "2021-09-29 09:18:41", "elapsed": 257.241225, "delta": 1.847852}}
{"target": -34.53937384856364, "params": {"C": 35441.74131962452, "gamma": 0.015035988904368754}, "datetime": {"datetime": "2021-09-29 09:18:43", "elapsed": 259.769089, "delta": 2.527864}}
{"target": -35.269921467003805, "params": {"C": 37491.56554588164, "gamma": 0.008247316679810596}, "datetime": {"datetime": "2021-09-29 09:18:46", "elapsed": 261.871259, "delta": 2.10217}}
{"target": -36.14795441139028, "params": {"C": 38724.979352169335, "gamma": 0.004565182753445489}, "datetime": {"datetime": "2021-09-29 09:18:47", "elapsed": 263.347865, "delta": 1.476606}}
{"target": -35.36960365868061, "params": {"C": 39484.376655394866, "gamma": 0.007629618820131246}, "datetime": {"datetime": "2021-09-29 09:18:49", "elapsed": 265.058663, "delta": 1.710798}}
{"target": -35.80606436840431, "params": {"C": 38417.5317877252, "gamma": 0.04848361343148512}, "datetime": {"datetime": "2021-09-29 09:18:50", "elapsed": 266.259662, "delta": 1.200999}}
{"target": -34.60756454454293, "params": {"C": 36028.159987996776, "gamma": 0.025055317141474007}, "datetime": {"datetime": "2021-09-29 09:18:51", "elapsed": 267.452823, "delta": 1.193161}}
{"target": -35.49000616672841, "params": {"C": 36477.594812207106, "gamma": 0.007250393156090412}, "datetime": {"datetime": "2021-09-29 09:18:53", "elapsed": 269.096329, "delta": 1.643506}}
{"target": -34.489777190007615, "params": {"C": 38962.256332487086, "gamma": 0.015691439825277473}, "datetime": {"datetime": "2021-09-29 09:18:55", "elapsed": 271.605495, "delta": 2.509166}}
{"target": -35.39652829864049, "params": {"C": 36767.42623402317, "gamma": 0.042054621593204146}, "datetime": {"datetime": "2021-09-29 09:18:56", "elapsed": 272.753906, "delta": 1.148411}}
{"target": -34.8146865135903, "params": {"C": 36712.120263092664, "gamma": 0.030613023224580337}, "datetime": {"datetime": "2021-09-29 09:18:59", "elapsed": 275.597119, "delta": 2.843213}}
{"target": -34.550961115606036, "params": {"C": 37446.90384120942, "gamma": 0.014669103540378294}, "datetime": {"datetime": "2021-09-29 09:19:01", "elapsed": 276.904399, "delta": 1.30728}}
{"target": -35.55119269655363, "params": {"C": 37542.22947629696, "gamma": 0.04435318213842074}, "datetime": {"datetime": "2021-09-29 09:19:02", "elapsed": 278.140403, "delta": 1.236004}}
{"target": -34.84373320528035, "params": {"C": 35058.6887916748, "gamma": 0.03184539114998347}, "datetime": {"datetime": "2021-09-29 09:19:03", "elapsed": 279.346462, "delta": 1.206059}}
{"target": -35.51361569633339, "params": {"C": 38748.98995296633, "gamma": 0.04298155809213837}, "datetime": {"datetime": "2021-09-29 09:19:05", "elapsed": 280.972946, "delta": 1.626484}}
{"target": -34.76188209582665, "params": {"C": 37092.299809166005, "gamma": 0.029365264705565663}, "datetime": {"datetime": "2021-09-29 09:19:06", "elapsed": 282.623951, "delta": 1.651005}}
{"target": -34.511710964171094, "params": {"C": 35812.139627219665, "gamma": 0.02093485668153785}, "datetime": {"datetime": "2021-09-29 09:19:08", "elapsed": 283.835421, "delta": 1.21147}}
{"target": -34.57748848869187, "params": {"C": 39624.64499826034, "gamma": 0.014083006766969296}, "datetime": {"datetime": "2021-09-29 09:19:09", "elapsed": 285.20821, "delta": 1.372789}}
{"target": -35.48066288296457, "params": {"C": 39478.1245908657, "gamma": 0.007133089936757463}, "datetime": {"datetime": "2021-09-29 09:19:10", "elapsed": 286.459209, "delta": 1.250999}}
{"target": -34.67575223864819, "params": {"C": 35441.74985457625, "gamma": 0.027532535870914757}, "datetime": {"datetime": "2021-09-29 09:19:12", "elapsed": 288.038844, "delta": 1.579635}}
{"target": -34.81684556414404, "params": {"C": 38715.93469198628, "gamma": 0.029988470339534435}, "datetime": {"datetime": "2021-09-29 09:19:13", "elapsed": 289.391632, "delta": 1.352788}}
{"target": -34.74309104038869, "params": {"C": 36028.17203966144, "gamma": 0.012375784562711926}, "datetime": {"datetime": "2021-09-29 09:19:15", "elapsed": 291.249294, "delta": 1.857662}}
{"target": -34.87348262219322, "params": {"C": 39496.63117030713, "gamma": 0.030850268755904235}, "datetime": {"datetime": "2021-09-29 09:19:17", "elapsed": 292.790309, "delta": 1.541015}}
{"target": -35.531623141720594, "params": {"C": 37092.31144463527, "gamma": 0.04426850416159629}, "datetime": {"datetime": "2021-09-29 09:19:18", "elapsed": 294.355017, "delta": 1.564708}}
{"target": -35.03513328872147, "params": {"C": 38413.58806518461, "gamma": 0.009718264441199905}, "datetime": {"datetime": "2021-09-29 09:19:19", "elapsed": 295.610438, "delta": 1.255421}}
{"target": -34.625170986198675, "params": {"C": 35812.14687991759, "gamma": 0.02572185104152076}, "datetime": {"datetime": "2021-09-29 09:19:21", "elapsed": 297.177438, "delta": 1.567}}
{"target": -35.818491911895606, "params": {"C": 36296.25531779822, "gamma": 0.05011263263602685}, "datetime": {"datetime": "2021-09-29 09:19:22", "elapsed": 298.516437, "delta": 1.338999}}
{"target": -34.58226867211748, "params": {"C": 38962.26581225045, "gamma": 0.023689253964692732}, "datetime": {"datetime": "2021-09-29 09:19:24", "elapsed": 300.710756, "delta": 2.194319}}
{"target": -34.776930777671126, "params": {"C": 38823.00500133552, "gamma": 0.029131358588694832}, "datetime": {"datetime": "2021-09-29 09:19:26", "elapsed": 302.662976, "delta": 1.95222}}
{"target": -36.16473256719901, "params": {"C": 35812.17420597299, "gamma": 0.004530267376619717}, "datetime": {"datetime": "2021-09-29 09:19:30", "elapsed": 306.124479, "delta": 3.461503}}
{"target": -34.59466054482808, "params": {"C": 35157.435018755685, "gamma": 0.024727044751464974}, "datetime": {"datetime": "2021-09-29 09:19:31", "elapsed": 307.39183, "delta": 1.267351}}
{"target": -34.74259355786763, "params": {"C": 38741.67041412468, "gamma": 0.028448830241329277}, "datetime": {"datetime": "2021-09-29 09:19:33", "elapsed": 309.188183, "delta": 1.796353}}
{"target": -34.8130691170207, "params": {"C": 35625.11123862944, "gamma": 0.01171069107685892}, "datetime": {"datetime": "2021-09-29 09:19:35", "elapsed": 311.211305, "delta": 2.023122}}
{"target": -34.68650806901836, "params": {"C": 39826.98726970344, "gamma": 0.026992609338334025}, "datetime": {"datetime": "2021-09-29 09:19:37", "elapsed": 312.863681, "delta": 1.652376}}
{"target": -35.403515850118396, "params": {"C": 37593.79358485727, "gamma": 0.007565020039678395}, "datetime": {"datetime": "2021-09-29 09:19:38", "elapsed": 314.622302, "delta": 1.758621}}
{"target": -34.615563796308905, "params": {"C": 35441.70983118428, "gamma": 0.02544424804540547}, "datetime": {"datetime": "2021-09-29 09:19:40", "elapsed": 316.447641, "delta": 1.825339}}
{"target": -34.632470810274505, "params": {"C": 38724.949306682756, "gamma": 0.02547528160567845}, "datetime": {"datetime": "2021-09-29 09:19:42", "elapsed": 318.488815, "delta": 2.041174}}
{"target": -36.14657870623299, "params": {"C": 38040.37716573986, "gamma": 0.055406584738105565}, "datetime": {"datetime": "2021-09-29 09:19:44", "elapsed": 319.861906, "delta": 1.373091}}
{"target": -34.47958417267047, "params": {"C": 36801.737176515904, "gamma": 0.01864437666914146}, "datetime": {"datetime": "2021-09-29 09:19:45", "elapsed": 321.626151, "delta": 1.764245}}
{"target": -34.80416467150802, "params": {"C": 36801.74391354516, "gamma": 0.03035810498553601}, "datetime": {"datetime": "2021-09-29 09:19:48", "elapsed": 324.711115, "delta": 3.084964}}
{"target": -34.56814123368808, "params": {"C": 39624.64051654578, "gamma": 0.02308347325191713}, "datetime": {"datetime": "2021-09-29 09:19:51", "elapsed": 326.788555, "delta": 2.07744}}
{"target": -35.10848021255306, "params": {"C": 37808.19235689758, "gamma": 0.009242980657688138}, "datetime": {"datetime": "2021-09-29 09:19:52", "elapsed": 328.175059, "delta": 1.386504}}
{"target": -34.56948214130813, "params": {"C": 39749.985673233496, "gamma": 0.02311603668382685}, "datetime": {"datetime": "2021-09-29 09:19:54", "elapsed": 330.284005, "delta": 2.108946}}
{"target": -35.56787638908556, "params": {"C": 36219.795010229456, "gamma": 0.045443554598452056}, "datetime": {"datetime": "2021-09-29 09:19:56", "elapsed": 332.266726, "delta": 1.982721}}
{"target": -34.79263755655217, "params": {"C": 36385.60270230744, "gamma": 0.030255485679021938}, "datetime": {"datetime": "2021-09-29 09:19:57", "elapsed": 333.646315, "delta": 1.379589}}
{"target": -36.43587615027663, "params": {"C": 39374.177210737806, "gamma": 0.0035515269538366214}, "datetime": {"datetime": "2021-09-29 09:19:59", "elapsed": 335.014135, "delta": 1.36782}}
{"target": -35.29938310413581, "params": {"C": 35700.34922437482, "gamma": 0.04097911466449387}, "datetime": {"datetime": "2021-09-29 09:20:01", "elapsed": 336.899131, "delta": 1.884996}}
{"target": -34.95431652763394, "params": {"C": 37813.11956302856, "gamma": 0.03311828779144952}, "datetime": {"datetime": "2021-09-29 09:20:03", "elapsed": 338.87189, "delta": 1.972759}}
{"target": -34.58186433813212, "params": {"C": 37483.9117713702, "gamma": 0.02388837717813978}, "datetime": {"datetime": "2021-09-29 09:20:04", "elapsed": 340.699236, "delta": 1.827346}}
{"target": -36.432568085363634, "params": {"C": 39826.984247150765, "gamma": 0.0035629711658846774}, "datetime": {"datetime": "2021-09-29 09:20:06", "elapsed": 342.686514, "delta": 1.987278}}
{"target": -34.57092338911296, "params": {"C": 37092.306888138555, "gamma": 0.023537384359363343}, "datetime": {"datetime": "2021-09-29 09:20:08", "elapsed": 344.750053, "delta": 2.063539}}
{"target": -34.53655629457306, "params": {"C": 36825.667797449794, "gamma": 0.022232112575798105}, "datetime": {"datetime": "2021-09-29 09:20:10", "elapsed": 346.226981, "delta": 1.476928}}
{"target": -34.62608408573771, "params": {"C": 39265.185193026846, "gamma": 0.02517224554768011}, "datetime": {"datetime": "2021-09-29 09:20:12", "elapsed": 348.080045, "delta": 1.853064}}
{"target": -34.61011733833703, "params": {"C": 37982.306304883285, "gamma": 0.013696829767182638}, "datetime": {"datetime": "2021-09-29 09:20:14", "elapsed": 350.498635, "delta": 2.41859}}
{"target": -35.2740813480023, "params": {"C": 37092.3497249537, "gamma": 0.008246648168466125}, "datetime": {"datetime": "2021-09-29 09:20:16", "elapsed": 352.565513, "delta": 2.066878}}
{"target": -35.29658636628789, "params": {"C": 39807.552296534646, "gamma": 0.007987305158587773}, "datetime": {"datetime": "2021-09-29 09:20:18", "elapsed": 353.968758, "delta": 1.403245}}
{"target": -35.74646787690281, "params": {"C": 39624.632889058325, "gamma": 0.04671443960460588}, "datetime": {"datetime": "2021-09-29 09:20:21", "elapsed": 356.873395, "delta": 2.904637}}
{"target": -34.525223866823005, "params": {"C": 35441.76230685526, "gamma": 0.015275827315357492}, "datetime": {"datetime": "2021-09-29 09:20:22", "elapsed": 358.765268, "delta": 1.891873}}
{"target": -35.14170031106123, "params": {"C": 39636.896802005365, "gamma": 0.036295920303012735}, "datetime": {"datetime": "2021-09-29 09:20:24", "elapsed": 360.185819, "delta": 1.420551}}
{"target": -35.228730315736385, "params": {"C": 38724.951392510455, "gamma": 0.008402165654119699}, "datetime": {"datetime": "2021-09-29 09:20:26", "elapsed": 362.440659, "delta": 2.25484}}
{"target": -34.70711498381326, "params": {"C": 36087.72119722344, "gamma": 0.0284286902941063}, "datetime": {"datetime": "2021-09-29 09:20:28", "elapsed": 363.933709, "delta": 1.49305}}
{"target": -35.623621213886096, "params": {"C": 39749.966626928406, "gamma": 0.044365755782150254}, "datetime": {"datetime": "2021-09-29 09:20:30", "elapsed": 366.102876, "delta": 2.169167}}
{"target": -34.46932311385188, "params": {"C": 37772.217114665335, "gamma": 0.017823441492478824}, "datetime": {"datetime": "2021-09-29 09:20:32", "elapsed": 368.14123, "delta": 2.038354}}
{"target": -35.42619213444873, "params": {"C": 36188.52173126701, "gamma": 0.042910493794227296}, "datetime": {"datetime": "2021-09-29 09:20:33", "elapsed": 369.540364, "delta": 1.399134}}
{"target": -34.51275854758239, "params": {"C": 38461.17102712537, "gamma": 0.015241376883646997}, "datetime": {"datetime": "2021-09-29 09:20:35", "elapsed": 370.958368, "delta": 1.418004}}
{"target": -34.60031805652796, "params": {"C": 37730.059998696575, "gamma": 0.013865550748422929}, "datetime": {"datetime": "2021-09-29 09:20:37", "elapsed": 373.471326, "delta": 2.512958}}
{"target": -34.93438081402262, "params": {"C": 38461.1663698001, "gamma": 0.03245166479679378}, "datetime": {"datetime": "2021-09-29 09:20:40", "elapsed": 376.277002, "delta": 2.805676}}
{"target": -35.06476338991247, "params": {"C": 38819.00646066518, "gamma": 0.03501118876663731}, "datetime": {"datetime": "2021-09-29 09:20:42", "elapsed": 378.586037, "delta": 2.309035}}
{"target": -34.4986403449711, "params": {"C": 37066.205191196896, "gamma": 0.020089204124250176}, "datetime": {"datetime": "2021-09-29 09:20:44", "elapsed": 380.035157, "delta": 1.44912}}
{"target": -35.19196379747589, "params": {"C": 39496.651447797834, "gamma": 0.008593752167525686}, "datetime": {"datetime": "2021-09-29 09:20:47", "elapsed": 383.657449, "delta": 3.622292}}
{"target": -35.29838697462903, "params": {"C": 37805.32028364607, "gamma": 0.03984385776114517}, "datetime": {"datetime": "2021-09-29 09:20:49", "elapsed": 385.136462, "delta": 1.479013}}
{"target": -35.58696876313167, "params": {"C": 37501.04719261211, "gamma": 0.006785596777845945}, "datetime": {"datetime": "2021-09-29 09:20:51", "elapsed": 387.663236, "delta": 2.526774}}
{"target": -34.762901940056814, "params": {"C": 35417.29058903164, "gamma": 0.012229208287758267}, "datetime": {"datetime": "2021-09-29 09:20:54", "elapsed": 390.095661, "delta": 2.432425}}
{"target": -34.50325537118559, "params": {"C": 38741.68997271458, "gamma": 0.015421710153255209}, "datetime": {"datetime": "2021-09-29 09:20:56", "elapsed": 392.40557, "delta": 2.309909}}
{"target": -34.456314789733106, "params": {"C": 38725.02696974362, "gamma": 0.016607897145141205}, "datetime": {"datetime": "2021-09-29 09:20:58", "elapsed": 394.691437, "delta": 2.285867}}
{"target": -35.05707732500545, "params": {"C": 37730.05845220308, "gamma": 0.03532530842088198}, "datetime": {"datetime": "2021-09-29 09:21:01", "elapsed": 397.24218, "delta": 2.550743}}
{"target": -35.43480004668762, "params": {"C": 35441.71160507135, "gamma": 0.04349912985251463}, "datetime": {"datetime": "2021-09-29 09:21:04", "elapsed": 399.85478, "delta": 2.6126}}
{"target": -35.48841326880784, "params": {"C": 38818.95310500571, "gamma": 0.042504697370147324}, "datetime": {"datetime": "2021-09-29 09:21:06", "elapsed": 401.852019, "delta": 1.997239}}
{"target": -34.46073114255978, "params": {"C": 37680.17146290349, "gamma": 0.016963364209193144}, "datetime": {"datetime": "2021-09-29 09:21:08", "elapsed": 404.605952, "delta": 2.753933}}
{"target": -35.64282770733193, "params": {"C": 38741.66542306958, "gamma": 0.04531235488804751}, "datetime": {"datetime": "2021-09-29 09:21:10", "elapsed": 406.63687, "delta": 2.030918}}
{"target": -35.01971056687158, "params": {"C": 37772.20009685927, "gamma": 0.03450732486423733}, "datetime": {"datetime": "2021-09-29 09:21:13", "elapsed": 409.156815, "delta": 2.519945}}
{"target": -35.99726539749336, "params": {"C": 37705.217426541036, "gamma": 0.05257298998894077}, "datetime": {"datetime": "2021-09-29 09:21:14", "elapsed": 410.676971, "delta": 1.520156}}
{"target": -34.60377910658222, "params": {"C": 39088.139944611634, "gamma": 0.02443473667343559}, "datetime": {"datetime": "2021-09-29 09:21:17", "elapsed": 413.351786, "delta": 2.674815}}
{"target": -35.02803550220956, "params": {"C": 37920.28103233619, "gamma": 0.009801160533257709}, "datetime": {"datetime": "2021-09-29 09:21:20", "elapsed": 416.188777, "delta": 2.836991}}
{"target": -34.845196524885004, "params": {"C": 37476.453674459255, "gamma": 0.030994700872273073}, "datetime": {"datetime": "2021-09-29 09:21:21", "elapsed": 417.637589, "delta": 1.448812}}
{"target": -35.455198881183364, "params": {"C": 38725.0380424481, "gamma": 0.04198511763600653}, "datetime": {"datetime": "2021-09-29 09:21:24", "elapsed": 420.453681, "delta": 2.816092}}
{"target": -34.571576317042854, "params": {"C": 35417.26861095431, "gamma": 0.023810982586322908}, "datetime": {"datetime": "2021-09-29 09:21:26", "elapsed": 422.536881, "delta": 2.0832}}
{"target": -36.03349130410928, "params": {"C": 36699.808411948834, "gamma": 0.054066843242339215}, "datetime": {"datetime": "2021-09-29 09:21:28", "elapsed": 424.17883, "delta": 1.641949}}
{"target": -34.67472121154738, "params": {"C": 39525.58399019961, "gamma": 0.012754051125433544}, "datetime": {"datetime": "2021-09-29 09:21:29", "elapsed": 425.759383, "delta": 1.580553}}
{"target": -34.56598269566152, "params": {"C": 37921.346831949646, "gamma": 0.023233830277106904}, "datetime": {"datetime": "2021-09-29 09:21:31", "elapsed": 427.300381, "delta": 1.540998}}
{"target": -34.51665755396501, "params": {"C": 35568.42606062242, "gamma": 0.015409976669490278}, "datetime": {"datetime": "2021-09-29 09:21:33", "elapsed": 428.798118, "delta": 1.497737}}
{"target": -35.008795637972455, "params": {"C": 38270.726597283625, "gamma": 0.0340652047685901}, "datetime": {"datetime": "2021-09-29 09:21:34", "elapsed": 430.324315, "delta": 1.526197}}
{"target": -35.04911403910454, "params": {"C": 39996.48639988056, "gamma": 0.03419297220277307}, "datetime": {"datetime": "2021-09-29 09:21:36", "elapsed": 431.832609, "delta": 1.508294}}
{"target": -36.469574072347875, "params": {"C": 37446.892219033245, "gamma": 0.003434182854349503}, "datetime": {"datetime": "2021-09-29 09:21:39", "elapsed": 435.118674, "delta": 3.286065}}
